<?xml version="1.0" encoding="UTF-8"?>
<testsuite xmlns:xsi="http://www.w3.org/2001/XMLSchema-instance" xsi:noNamespaceSchemaLocation="https://maven.apache.org/surefire/maven-surefire-plugin/xsd/surefire-test-report.xsd" name="org.apache.hadoop.ozone.freon.TestDataValidateWithDummyContainers" time="441.712" tests="3" errors="2" skipped="0" failures="0">
  <properties>
    <property name="awt.toolkit" value="sun.awt.X11.XToolkit"/>
    <property name="file.encoding.pkg" value="sun.io"/>
    <property name="java.specification.version" value="1.8"/>
    <property name="sun.cpu.isalist" value=""/>
    <property name="sun.jnu.encoding" value="ANSI_X3.4-1968"/>
    <property name="java.class.path" value="/workdir/hadoop-ozone/tools/target/test-classes:/workdir/hadoop-ozone/tools/target/classes:/home/user/.m2/repository/org/apache/hadoop/hadoop-ozone-ozone-manager/0.5.0-SNAPSHOT/hadoop-ozone-ozone-manager-0.5.0-SNAPSHOT.jar:/home/user/.m2/repository/org/apache/hadoop/hadoop-hdds-docs/0.5.0-SNAPSHOT/hadoop-hdds-docs-0.5.0-SNAPSHOT.jar:/home/user/.m2/repository/org/bouncycastle/bcprov-jdk15on/1.60/bcprov-jdk15on-1.60.jar:/home/user/.m2/repository/org/apache/hadoop/hadoop-ozone-common/0.5.0-SNAPSHOT/hadoop-ozone-common-0.5.0-SNAPSHOT.jar:/home/user/.m2/repository/org/apache/commons/commons-compress/1.4.1/commons-compress-1.4.1.jar:/home/user/.m2/repository/org/tukaani/xz/1.0/xz-1.0.jar:/home/user/.m2/repository/org/apache/hadoop/hadoop-hdfs-client/3.2.0/hadoop-hdfs-client-3.2.0.jar:/home/user/.m2/repository/com/fasterxml/jackson/core/jackson-annotations/2.9.9/jackson-annotations-2.9.9.jar:/home/user/.m2/repository/org/apache/hadoop/hadoop-hdds-common/0.5.0-SNAPSHOT/hadoop-hdds-common-0.5.0-SNAPSHOT.jar:/home/user/.m2/repository/org/apache/hadoop/hadoop-hdds-config/0.5.0-SNAPSHOT/hadoop-hdds-config-0.5.0-SNAPSHOT.jar:/home/user/.m2/repository/javax/annotation/javax.annotation-api/1.2/javax.annotation-api-1.2.jar:/home/user/.m2/repository/org/apache/ratis/ratis-server/0.5.0-3f446aa-SNAPSHOT/ratis-server-0.5.0-3f446aa-SNAPSHOT.jar:/home/user/.m2/repository/org/apache/ratis/ratis-thirdparty-misc/0.2.0/ratis-thirdparty-misc-0.2.0.jar:/home/user/.m2/repository/org/apache/ratis/ratis-proto/0.5.0-3f446aa-SNAPSHOT/ratis-proto-0.5.0-3f446aa-SNAPSHOT.jar:/home/user/.m2/repository/org/apache/ratis/ratis-common/0.5.0-3f446aa-SNAPSHOT/ratis-common-0.5.0-3f446aa-SNAPSHOT.jar:/home/user/.m2/repository/org/apache/ratis/ratis-client/0.5.0-3f446aa-SNAPSHOT/ratis-client-0.5.0-3f446aa-SNAPSHOT.jar:/home/user/.m2/repository/org/apache/ratis/ratis-metrics/0.5.0-3f446aa-SNAPSHOT/ratis-metrics-0.5.0-3f446aa-SNAPSHOT.jar:/home/user/.m2/repository/com/github/joshelser/dropwizard-metrics-hadoop-metrics2-reporter/0.1.2/dropwizard-metrics-hadoop-metrics2-reporter-0.1.2.jar:/home/user/.m2/repository/io/dropwizard/metrics/metrics-jvm/3.2.5/metrics-jvm-3.2.5.jar:/home/user/.m2/repository/io/dropwizard/metrics/metrics-ganglia/3.2.5/metrics-ganglia-3.2.5.jar:/home/user/.m2/repository/info/ganglia/gmetric4j/gmetric4j/1.0.7/gmetric4j-1.0.7.jar:/home/user/.m2/repository/org/apache/ratis/ratis-netty/0.5.0-3f446aa-SNAPSHOT/ratis-netty-0.5.0-3f446aa-SNAPSHOT.jar:/home/user/.m2/repository/org/apache/ratis/ratis-grpc/0.5.0-3f446aa-SNAPSHOT/ratis-grpc-0.5.0-3f446aa-SNAPSHOT.jar:/home/user/.m2/repository/org/rocksdb/rocksdbjni/6.0.1/rocksdbjni-6.0.1.jar:/home/user/.m2/repository/org/apache/logging/log4j/log4j-api/2.11.0/log4j-api-2.11.0.jar:/home/user/.m2/repository/org/apache/logging/log4j/log4j-core/2.11.0/log4j-core-2.11.0.jar:/home/user/.m2/repository/com/lmax/disruptor/3.4.2/disruptor-3.4.2.jar:/home/user/.m2/repository/org/apache/commons/commons-pool2/2.6.0/commons-pool2-2.6.0.jar:/home/user/.m2/repository/org/bouncycastle/bcpkix-jdk15on/1.60/bcpkix-jdk15on-1.60.jar:/home/user/.m2/repository/commons-validator/commons-validator/1.6/commons-validator-1.6.jar:/home/user/.m2/repository/commons-digester/commons-digester/1.8.1/commons-digester-1.8.1.jar:/home/user/.m2/repository/io/jaegertracing/jaeger-client/0.34.0/jaeger-client-0.34.0.jar:/home/user/.m2/repository/io/jaegertracing/jaeger-thrift/0.34.0/jaeger-thrift-0.34.0.jar:/home/user/.m2/repository/org/apache/thrift/libthrift/0.12.0/libthrift-0.12.0.jar:/home/user/.m2/repository/com/squareup/okhttp3/okhttp/3.9.0/okhttp-3.9.0.jar:/home/user/.m2/repository/com/squareup/okio/okio/1.13.0/okio-1.13.0.jar:/home/user/.m2/repository/io/jaegertracing/jaeger-core/0.34.0/jaeger-core-0.34.0.jar:/home/user/.m2/repository/io/jaegertracing/jaeger-tracerresolver/0.34.0/jaeger-tracerresolver-0.34.0.jar:/home/user/.m2/repository/io/opentracing/contrib/opentracing-tracerresolver/0.1.5/opentracing-tracerresolver-0.1.5.jar:/home/user/.m2/repository/io/opentracing/opentracing-util/0.31.0/opentracing-util-0.31.0.jar:/home/user/.m2/repository/io/opentracing/opentracing-api/0.31.0/opentracing-api-0.31.0.jar:/home/user/.m2/repository/io/opentracing/opentracing-noop/0.31.0/opentracing-noop-0.31.0.jar:/home/user/.m2/repository/org/yaml/snakeyaml/1.16/snakeyaml-1.16.jar:/home/user/.m2/repository/org/apache/hadoop/hadoop-hdds-container-service/0.5.0-SNAPSHOT/hadoop-hdds-container-service-0.5.0-SNAPSHOT.jar:/home/user/.m2/repository/org/apache/hadoop/hadoop-hdds-client/0.5.0-SNAPSHOT/hadoop-hdds-client-0.5.0-SNAPSHOT.jar:/home/user/.m2/repository/org/apache/hadoop/hadoop-hdds-tools/0.5.0-SNAPSHOT/hadoop-hdds-tools-0.5.0-SNAPSHOT.jar:/home/user/.m2/repository/org/xerial/sqlite-jdbc/3.25.2/sqlite-jdbc-3.25.2.jar:/home/user/.m2/repository/org/apache/hadoop/hadoop-hdds-server-scm/0.5.0-SNAPSHOT/hadoop-hdds-server-scm-0.5.0-SNAPSHOT.jar:/home/user/.m2/repository/org/hamcrest/hamcrest-all/1.3/hamcrest-all-1.3.jar:/home/user/.m2/repository/info/picocli/picocli/3.9.6/picocli-3.9.6.jar:/home/user/.m2/repository/com/google/protobuf/protobuf-java/2.5.0/protobuf-java-2.5.0.jar:/home/user/.m2/repository/com/google/guava/guava/11.0.2/guava-11.0.2.jar:/home/user/.m2/repository/org/apache/hadoop/hadoop-ozone-client/0.5.0-SNAPSHOT/hadoop-ozone-client-0.5.0-SNAPSHOT.jar:/workdir/hadoop-ozone/ozonefs/target/classes:/home/user/.m2/repository/org/apache/httpcomponents/httpclient/4.5.2/httpclient-4.5.2.jar:/home/user/.m2/repository/org/apache/httpcomponents/httpcore/4.4.4/httpcore-4.4.4.jar:/home/user/.m2/repository/org/apache/hadoop/hadoop-hdds-server-framework/0.5.0-SNAPSHOT/hadoop-hdds-server-framework-0.5.0-SNAPSHOT.jar:/home/user/.m2/repository/org/apache/hadoop/hadoop-common/3.2.0/hadoop-common-3.2.0.jar:/home/user/.m2/repository/org/apache/hadoop/hadoop-annotations/3.2.0/hadoop-annotations-3.2.0.jar:/usr/lib/jvm/java-1.8.0-openjdk-1.8.0.222.b10-1.el7_7.x86_64/jre/../lib/tools.jar:/home/user/.m2/repository/commons-cli/commons-cli/1.2/commons-cli-1.2.jar:/home/user/.m2/repository/org/apache/commons/commons-math3/3.1.1/commons-math3-3.1.1.jar:/home/user/.m2/repository/commons-codec/commons-codec/1.11/commons-codec-1.11.jar:/home/user/.m2/repository/commons-io/commons-io/2.5/commons-io-2.5.jar:/home/user/.m2/repository/commons-net/commons-net/3.6/commons-net-3.6.jar:/home/user/.m2/repository/commons-collections/commons-collections/3.2.2/commons-collections-3.2.2.jar:/home/user/.m2/repository/javax/servlet/javax.servlet-api/3.1.0/javax.servlet-api-3.1.0.jar:/home/user/.m2/repository/org/eclipse/jetty/jetty-server/9.3.25.v20180904/jetty-server-9.3.25.v20180904.jar:/home/user/.m2/repository/org/eclipse/jetty/jetty-http/9.3.25.v20180904/jetty-http-9.3.25.v20180904.jar:/home/user/.m2/repository/org/eclipse/jetty/jetty-io/9.3.25.v20180904/jetty-io-9.3.25.v20180904.jar:/home/user/.m2/repository/org/eclipse/jetty/jetty-util/9.3.25.v20180904/jetty-util-9.3.25.v20180904.jar:/home/user/.m2/repository/org/eclipse/jetty/jetty-servlet/9.3.25.v20180904/jetty-servlet-9.3.25.v20180904.jar:/home/user/.m2/repository/org/eclipse/jetty/jetty-security/9.3.25.v20180904/jetty-security-9.3.25.v20180904.jar:/home/user/.m2/repository/org/eclipse/jetty/jetty-webapp/9.3.25.v20180904/jetty-webapp-9.3.25.v20180904.jar:/home/user/.m2/repository/org/eclipse/jetty/jetty-xml/9.3.25.v20180904/jetty-xml-9.3.25.v20180904.jar:/home/user/.m2/repository/javax/servlet/jsp/jsp-api/2.1/jsp-api-2.1.jar:/home/user/.m2/repository/com/sun/jersey/jersey-core/1.19/jersey-core-1.19.jar:/home/user/.m2/repository/javax/ws/rs/jsr311-api/1.1.1/jsr311-api-1.1.1.jar:/home/user/.m2/repository/com/sun/jersey/jersey-servlet/1.19/jersey-servlet-1.19.jar:/home/user/.m2/repository/com/sun/jersey/jersey-json/1.19/jersey-json-1.19.jar:/home/user/.m2/repository/org/codehaus/jettison/jettison/1.1/jettison-1.1.jar:/home/user/.m2/repository/com/sun/xml/bind/jaxb-impl/2.3.0.1/jaxb-impl-2.3.0.1.jar:/home/user/.m2/repository/org/codehaus/jackson/jackson-core-asl/1.9.13/jackson-core-asl-1.9.13.jar:/home/user/.m2/repository/org/codehaus/jackson/jackson-mapper-asl/1.9.13/jackson-mapper-asl-1.9.13.jar:/home/user/.m2/repository/org/codehaus/jackson/jackson-jaxrs/1.9.13/jackson-jaxrs-1.9.13.jar:/home/user/.m2/repository/org/codehaus/jackson/jackson-xc/1.9.13/jackson-xc-1.9.13.jar:/home/user/.m2/repository/com/sun/jersey/jersey-server/1.19/jersey-server-1.19.jar:/home/user/.m2/repository/commons-logging/commons-logging/1.1.3/commons-logging-1.1.3.jar:/home/user/.m2/repository/log4j/log4j/1.2.17/log4j-1.2.17.jar:/home/user/.m2/repository/commons-beanutils/commons-beanutils/1.9.4/commons-beanutils-1.9.4.jar:/home/user/.m2/repository/org/apache/commons/commons-configuration2/2.1.1/commons-configuration2-2.1.1.jar:/home/user/.m2/repository/org/apache/commons/commons-lang3/3.7/commons-lang3-3.7.jar:/home/user/.m2/repository/org/apache/commons/commons-text/1.4/commons-text-1.4.jar:/home/user/.m2/repository/org/slf4j/slf4j-api/1.7.25/slf4j-api-1.7.25.jar:/home/user/.m2/repository/org/slf4j/slf4j-log4j12/1.7.25/slf4j-log4j12-1.7.25.jar:/home/user/.m2/repository/org/apache/avro/avro/1.7.7/avro-1.7.7.jar:/home/user/.m2/repository/com/thoughtworks/paranamer/paranamer/2.3/paranamer-2.3.jar:/home/user/.m2/repository/org/xerial/snappy/snappy-java/1.0.5/snappy-java-1.0.5.jar:/home/user/.m2/repository/com/google/re2j/re2j/1.1/re2j-1.1.jar:/home/user/.m2/repository/com/google/code/gson/gson/2.2.4/gson-2.2.4.jar:/home/user/.m2/repository/org/apache/hadoop/hadoop-auth/3.2.0/hadoop-auth-3.2.0.jar:/home/user/.m2/repository/com/nimbusds/nimbus-jose-jwt/4.41.1/nimbus-jose-jwt-4.41.1.jar:/home/user/.m2/repository/com/github/stephenc/jcip/jcip-annotations/1.0-1/jcip-annotations-1.0-1.jar:/home/user/.m2/repository/net/minidev/json-smart/2.3/json-smart-2.3.jar:/home/user/.m2/repository/net/minidev/accessors-smart/1.2/accessors-smart-1.2.jar:/home/user/.m2/repository/org/apache/curator/curator-framework/2.12.0/curator-framework-2.12.0.jar:/home/user/.m2/repository/com/jcraft/jsch/0.1.54/jsch-0.1.54.jar:/home/user/.m2/repository/org/apache/curator/curator-client/2.12.0/curator-client-2.12.0.jar:/home/user/.m2/repository/org/apache/curator/curator-recipes/2.12.0/curator-recipes-2.12.0.jar:/home/user/.m2/repository/com/google/code/findbugs/jsr305/3.0.0/jsr305-3.0.0.jar:/home/user/.m2/repository/org/apache/htrace/htrace-core4/4.1.0-incubating/htrace-core4-4.1.0-incubating.jar:/home/user/.m2/repository/org/apache/zookeeper/zookeeper/3.4.13/zookeeper-3.4.13.jar:/home/user/.m2/repository/jline/jline/0.9.94/jline-0.9.94.jar:/home/user/.m2/repository/org/apache/yetus/audience-annotations/0.5.0/audience-annotations-0.5.0.jar:/home/user/.m2/repository/org/apache/kerby/kerb-simplekdc/1.0.1/kerb-simplekdc-1.0.1.jar:/home/user/.m2/repository/org/apache/kerby/kerb-client/1.0.1/kerb-client-1.0.1.jar:/home/user/.m2/repository/org/apache/kerby/kerby-config/1.0.1/kerby-config-1.0.1.jar:/home/user/.m2/repository/org/apache/kerby/kerb-core/1.0.1/kerb-core-1.0.1.jar:/home/user/.m2/repository/org/apache/kerby/kerby-pkix/1.0.1/kerby-pkix-1.0.1.jar:/home/user/.m2/repository/org/apache/kerby/kerby-asn1/1.0.1/kerby-asn1-1.0.1.jar:/home/user/.m2/repository/org/apache/kerby/kerby-util/1.0.1/kerby-util-1.0.1.jar:/home/user/.m2/repository/org/apache/kerby/kerb-common/1.0.1/kerb-common-1.0.1.jar:/home/user/.m2/repository/org/apache/kerby/kerb-crypto/1.0.1/kerb-crypto-1.0.1.jar:/home/user/.m2/repository/org/apache/kerby/kerb-util/1.0.1/kerb-util-1.0.1.jar:/home/user/.m2/repository/org/apache/kerby/token-provider/1.0.1/token-provider-1.0.1.jar:/home/user/.m2/repository/org/apache/kerby/kerb-admin/1.0.1/kerb-admin-1.0.1.jar:/home/user/.m2/repository/org/apache/kerby/kerb-server/1.0.1/kerb-server-1.0.1.jar:/home/user/.m2/repository/org/apache/kerby/kerb-identity/1.0.1/kerb-identity-1.0.1.jar:/home/user/.m2/repository/org/apache/kerby/kerby-xdr/1.0.1/kerby-xdr-1.0.1.jar:/home/user/.m2/repository/com/fasterxml/jackson/core/jackson-databind/2.9.9/jackson-databind-2.9.9.jar:/home/user/.m2/repository/com/fasterxml/jackson/core/jackson-core/2.9.9/jackson-core-2.9.9.jar:/home/user/.m2/repository/org/codehaus/woodstox/stax2-api/3.1.4/stax2-api-3.1.4.jar:/home/user/.m2/repository/com/fasterxml/woodstox/woodstox-core/5.0.3/woodstox-core-5.0.3.jar:/home/user/.m2/repository/dnsjava/dnsjava/2.1.7/dnsjava-2.1.7.jar:/home/user/.m2/repository/org/apache/hadoop/hadoop-hdfs/3.2.0/hadoop-hdfs-3.2.0.jar:/home/user/.m2/repository/org/eclipse/jetty/jetty-util-ajax/9.3.25.v20180904/jetty-util-ajax-9.3.25.v20180904.jar:/home/user/.m2/repository/commons-daemon/commons-daemon/1.0.13/commons-daemon-1.0.13.jar:/home/user/.m2/repository/io/netty/netty/3.10.5.Final/netty-3.10.5.Final.jar:/home/user/.m2/repository/io/netty/netty-all/4.0.52.Final/netty-all-4.0.52.Final.jar:/home/user/.m2/repository/org/fusesource/leveldbjni/leveldbjni-all/1.8/leveldbjni-all-1.8.jar:/home/user/.m2/repository/com/sun/xml/bind/jaxb-core/2.3.0.1/jaxb-core-2.3.0.1.jar:/home/user/.m2/repository/javax/xml/bind/jaxb-api/2.3.0/jaxb-api-2.3.0.jar:/home/user/.m2/repository/javax/activation/activation/1.1.1/activation-1.1.1.jar:/home/user/.m2/repository/org/openjdk/jmh/jmh-core/1.19/jmh-core-1.19.jar:/home/user/.m2/repository/net/sf/jopt-simple/jopt-simple/4.6/jopt-simple-4.6.jar:/home/user/.m2/repository/org/openjdk/jmh/jmh-generator-annprocess/1.19/jmh-generator-annprocess-1.19.jar:/home/user/.m2/repository/io/dropwizard/metrics/metrics-core/3.2.4/metrics-core-3.2.4.jar:/home/user/.m2/repository/com/amazonaws/aws-java-sdk-s3/1.11.615/aws-java-sdk-s3-1.11.615.jar:/home/user/.m2/repository/com/amazonaws/aws-java-sdk-kms/1.11.615/aws-java-sdk-kms-1.11.615.jar:/home/user/.m2/repository/com/amazonaws/aws-java-sdk-core/1.11.615/aws-java-sdk-core-1.11.615.jar:/home/user/.m2/repository/software/amazon/ion/ion-java/1.0.2/ion-java-1.0.2.jar:/home/user/.m2/repository/com/fasterxml/jackson/dataformat/jackson-dataformat-cbor/2.9.9/jackson-dataformat-cbor-2.9.9.jar:/home/user/.m2/repository/joda-time/joda-time/2.9.9/joda-time-2.9.9.jar:/home/user/.m2/repository/com/amazonaws/jmespath-java/1.11.615/jmespath-java-1.11.615.jar:/home/user/.m2/repository/com/github/spotbugs/spotbugs/3.1.12/spotbugs-3.1.12.jar:/home/user/.m2/repository/org/ow2/asm/asm/5.0.4/asm-5.0.4.jar:/home/user/.m2/repository/org/ow2/asm/asm-analysis/7.0/asm-analysis-7.0.jar:/home/user/.m2/repository/org/ow2/asm/asm-commons/7.0/asm-commons-7.0.jar:/home/user/.m2/repository/org/ow2/asm/asm-tree/7.0/asm-tree-7.0.jar:/home/user/.m2/repository/org/ow2/asm/asm-util/7.0/asm-util-7.0.jar:/home/user/.m2/repository/org/apache/bcel/bcel/6.3/bcel-6.3.jar:/home/user/.m2/repository/net/jcip/jcip-annotations/1.0/jcip-annotations-1.0.jar:/home/user/.m2/repository/org/dom4j/dom4j/2.1.1/dom4j-2.1.1.jar:/home/user/.m2/repository/jaxen/jaxen/1.1.6/jaxen-1.1.6.jar:/home/user/.m2/repository/commons-lang/commons-lang/2.6/commons-lang-2.6.jar:/home/user/.m2/repository/com/github/spotbugs/spotbugs-annotations/3.1.12/spotbugs-annotations-3.1.12.jar:/home/user/.m2/repository/junit/junit/4.11/junit-4.11.jar:/home/user/.m2/repository/org/hamcrest/hamcrest-core/1.3/hamcrest-core-1.3.jar:/home/user/.m2/repository/org/apache/hadoop/hadoop-common/3.2.0/hadoop-common-3.2.0-tests.jar:/workdir/hadoop-ozone/integration-test/target/test-classes:/home/user/.m2/repository/org/apache/hadoop/hadoop-ozone-s3gateway/0.5.0-SNAPSHOT/hadoop-ozone-s3gateway-0.5.0-SNAPSHOT.jar:/home/user/.m2/repository/org/jboss/weld/servlet/weld-servlet/2.4.7.Final/weld-servlet-2.4.7.Final.jar:/home/user/.m2/repository/org/glassfish/jersey/containers/jersey-container-servlet-core/2.27/jersey-container-servlet-core-2.27.jar:/home/user/.m2/repository/org/glassfish/hk2/external/javax.inject/2.5.0-b42/javax.inject-2.5.0-b42.jar:/home/user/.m2/repository/org/glassfish/jersey/core/jersey-common/2.27/jersey-common-2.27.jar:/home/user/.m2/repository/org/glassfish/hk2/osgi-resource-locator/1.0.1/osgi-resource-locator-1.0.1.jar:/home/user/.m2/repository/javax/ws/rs/javax.ws.rs-api/2.1/javax.ws.rs-api-2.1.jar:/home/user/.m2/repository/org/glassfish/jersey/ext/cdi/jersey-cdi1x/2.27/jersey-cdi1x-2.27.jar:/home/user/.m2/repository/org/glassfish/jersey/inject/jersey-hk2/2.27/jersey-hk2-2.27.jar:/home/user/.m2/repository/org/glassfish/hk2/hk2-locator/2.5.0-b42/hk2-locator-2.5.0-b42.jar:/home/user/.m2/repository/org/javassist/javassist/3.22.0-CR2/javassist-3.22.0-CR2.jar:/home/user/.m2/repository/org/glassfish/hk2/hk2-api/2.5.0/hk2-api-2.5.0.jar:/home/user/.m2/repository/org/glassfish/hk2/external/jakarta.inject/2.5.0/jakarta.inject-2.5.0.jar:/home/user/.m2/repository/org/glassfish/hk2/hk2-utils/2.5.0/hk2-utils-2.5.0.jar:/home/user/.m2/repository/jakarta/annotation/jakarta.annotation-api/1.3.4/jakarta.annotation-api-1.3.4.jar:/home/user/.m2/repository/org/glassfish/hk2/external/aopalliance-repackaged/2.5.0/aopalliance-repackaged-2.5.0.jar:/home/user/.m2/repository/com/fasterxml/jackson/dataformat/jackson-dataformat-xml/2.9.0/jackson-dataformat-xml-2.9.0.jar:/home/user/.m2/repository/com/fasterxml/jackson/module/jackson-module-jaxb-annotations/2.9.9/jackson-module-jaxb-annotations-2.9.9.jar:/home/user/.m2/repository/javax/enterprise/cdi-api/1.2/cdi-api-1.2.jar:/home/user/.m2/repository/javax/el/javax.el-api/3.0.0/javax.el-api-3.0.0.jar:/home/user/.m2/repository/javax/interceptor/javax.interceptor-api/1.2/javax.interceptor-api-1.2.jar:/home/user/.m2/repository/javax/inject/javax.inject/1/javax.inject-1.jar:/home/user/.m2/repository/org/apache/hadoop/hadoop-ozone-csi/0.5.0-SNAPSHOT/hadoop-ozone-csi-0.5.0-SNAPSHOT.jar:/home/user/.m2/repository/com/google/protobuf/protobuf-java-util/3.5.1/protobuf-java-util-3.5.1.jar:/home/user/.m2/repository/io/grpc/grpc-netty/1.17.1/grpc-netty-1.17.1.jar:/home/user/.m2/repository/io/grpc/grpc-core/1.17.1/grpc-core-1.17.1.jar:/home/user/.m2/repository/io/grpc/grpc-context/1.17.1/grpc-context-1.17.1.jar:/home/user/.m2/repository/com/google/errorprone/error_prone_annotations/2.2.0/error_prone_annotations-2.2.0.jar:/home/user/.m2/repository/org/codehaus/mojo/animal-sniffer-annotations/1.17/animal-sniffer-annotations-1.17.jar:/home/user/.m2/repository/io/opencensus/opencensus-api/0.17.0/opencensus-api-0.17.0.jar:/home/user/.m2/repository/io/opencensus/opencensus-contrib-grpc-metrics/0.17.0/opencensus-contrib-grpc-metrics-0.17.0.jar:/home/user/.m2/repository/io/netty/netty-codec-http2/4.1.30.Final/netty-codec-http2-4.1.30.Final.jar:/home/user/.m2/repository/io/netty/netty-codec-http/4.1.30.Final/netty-codec-http-4.1.30.Final.jar:/home/user/.m2/repository/io/netty/netty-codec/4.1.30.Final/netty-codec-4.1.30.Final.jar:/home/user/.m2/repository/io/netty/netty-handler/4.1.30.Final/netty-handler-4.1.30.Final.jar:/home/user/.m2/repository/io/netty/netty-handler-proxy/4.1.30.Final/netty-handler-proxy-4.1.30.Final.jar:/home/user/.m2/repository/io/netty/netty-codec-socks/4.1.30.Final/netty-codec-socks-4.1.30.Final.jar:/home/user/.m2/repository/io/netty/netty-transport-native-epoll/4.1.30.Final/netty-transport-native-epoll-4.1.30.Final.jar:/home/user/.m2/repository/io/netty/netty-common/4.1.30.Final/netty-common-4.1.30.Final.jar:/home/user/.m2/repository/io/netty/netty-buffer/4.1.30.Final/netty-buffer-4.1.30.Final.jar:/home/user/.m2/repository/io/netty/netty-transport/4.1.30.Final/netty-transport-4.1.30.Final.jar:/home/user/.m2/repository/io/netty/netty-resolver/4.1.30.Final/netty-resolver-4.1.30.Final.jar:/home/user/.m2/repository/io/netty/netty-transport-native-unix-common/4.1.30.Final/netty-transport-native-unix-common-4.1.30.Final.jar:/home/user/.m2/repository/io/grpc/grpc-protobuf/1.17.1/grpc-protobuf-1.17.1.jar:/home/user/.m2/repository/com/google/api/grpc/proto-google-common-protos/1.0.0/proto-google-common-protos-1.0.0.jar:/home/user/.m2/repository/io/grpc/grpc-protobuf-lite/1.17.1/grpc-protobuf-lite-1.17.1.jar:/home/user/.m2/repository/io/grpc/grpc-stub/1.17.1/grpc-stub-1.17.1.jar:/home/user/.m2/repository/org/apache/hadoop/hadoop-ozone-recon/0.5.0-SNAPSHOT/hadoop-ozone-recon-0.5.0-SNAPSHOT.jar:/home/user/.m2/repository/org/apache/hadoop/hadoop-ozone-reconcodegen/0.5.0-SNAPSHOT/hadoop-ozone-reconcodegen-0.5.0-SNAPSHOT.jar:/home/user/.m2/repository/com/google/inject/extensions/guice-multibindings/4.0/guice-multibindings-4.0.jar:/home/user/.m2/repository/com/google/inject/guice/4.0/guice-4.0.jar:/home/user/.m2/repository/aopalliance/aopalliance/1.0/aopalliance-1.0.jar:/home/user/.m2/repository/com/google/inject/extensions/guice-servlet/4.0/guice-servlet-4.0.jar:/home/user/.m2/repository/org/glassfish/jersey/containers/jersey-container-servlet/2.27/jersey-container-servlet-2.27.jar:/home/user/.m2/repository/org/glassfish/hk2/guice-bridge/2.5.0/guice-bridge-2.5.0.jar:/home/user/.m2/repository/org/glassfish/jersey/core/jersey-server/2.27/jersey-server-2.27.jar:/home/user/.m2/repository/org/glassfish/jersey/core/jersey-client/2.27/jersey-client-2.27.jar:/home/user/.m2/repository/org/glassfish/jersey/media/jersey-media-jaxb/2.27/jersey-media-jaxb-2.27.jar:/home/user/.m2/repository/javax/validation/validation-api/1.1.0.Final/validation-api-1.1.0.Final.jar:/home/user/.m2/repository/org/glassfish/jersey/media/jersey-media-json-jackson/2.27/jersey-media-json-jackson-2.27.jar:/home/user/.m2/repository/org/glassfish/jersey/ext/jersey-entity-filtering/2.27/jersey-entity-filtering-2.27.jar:/home/user/.m2/repository/com/google/inject/extensions/guice-assistedinject/4.0/guice-assistedinject-4.0.jar:/home/user/.m2/repository/org/jooq/jooq/3.11.10/jooq-3.11.10.jar:/home/user/.m2/repository/org/jooq/jooq-meta/3.11.10/jooq-meta-3.11.10.jar:/home/user/.m2/repository/org/jooq/jooq-codegen/3.11.10/jooq-codegen-3.11.10.jar:/home/user/.m2/repository/com/jolbox/bonecp/0.8.0.RELEASE/bonecp-0.8.0.RELEASE.jar:/home/user/.m2/repository/org/springframework/spring-jdbc/5.1.3.RELEASE/spring-jdbc-5.1.3.RELEASE.jar:/home/user/.m2/repository/org/springframework/spring-beans/5.1.3.RELEASE/spring-beans-5.1.3.RELEASE.jar:/home/user/.m2/repository/org/springframework/spring-core/5.1.3.RELEASE/spring-core-5.1.3.RELEASE.jar:/home/user/.m2/repository/org/springframework/spring-jcl/5.1.3.RELEASE/spring-jcl-5.1.3.RELEASE.jar:/home/user/.m2/repository/org/springframework/spring-tx/5.1.3.RELEASE/spring-tx-5.1.3.RELEASE.jar:/home/user/.m2/repository/org/mockito/mockito-core/2.15.0/mockito-core-2.15.0.jar:/home/user/.m2/repository/net/bytebuddy/byte-buddy/1.7.9/byte-buddy-1.7.9.jar:/home/user/.m2/repository/net/bytebuddy/byte-buddy-agent/1.7.9/byte-buddy-agent-1.7.9.jar:/home/user/.m2/repository/org/objenesis/objenesis/1.0/objenesis-1.0.jar:"/>
    <property name="java.vm.vendor" value="Oracle Corporation"/>
    <property name="sun.arch.data.model" value="64"/>
    <property name="test.build.dir" value="/workdir/hadoop-ozone/tools/target/test-dir"/>
    <property name="test.cache.data" value=""/>
    <property name="java.vendor.url" value="http://java.oracle.com/"/>
    <property name="user.timezone" value=""/>
    <property name="java.vm.specification.version" value="1.8"/>
    <property name="os.name" value="Linux"/>
    <property name="test.build.data" value="/workdir/hadoop-ozone/tools/target/test-dir"/>
    <property name="user.country" value="US"/>
    <property name="sun.java.launcher" value="SUN_STANDARD"/>
    <property name="sun.boot.library.path" value="/usr/lib/jvm/java-1.8.0-openjdk-1.8.0.222.b10-1.el7_7.x86_64/jre/lib/amd64"/>
    <property name="sun.java.command" value="/workdir/hadoop-ozone/tools/target/surefire/surefirebooter6186521010509144356.jar /workdir/hadoop-ozone/tools/target/surefire 2019-10-16T20-36-31_339-jvmRun1 surefire1597344597372646362tmp surefire_1015589070970379304669tmp"/>
    <property name="surefire.test.class.path" value="/workdir/hadoop-ozone/tools/target/test-classes:/workdir/hadoop-ozone/tools/target/classes:/home/user/.m2/repository/org/apache/hadoop/hadoop-ozone-ozone-manager/0.5.0-SNAPSHOT/hadoop-ozone-ozone-manager-0.5.0-SNAPSHOT.jar:/home/user/.m2/repository/org/apache/hadoop/hadoop-hdds-docs/0.5.0-SNAPSHOT/hadoop-hdds-docs-0.5.0-SNAPSHOT.jar:/home/user/.m2/repository/org/bouncycastle/bcprov-jdk15on/1.60/bcprov-jdk15on-1.60.jar:/home/user/.m2/repository/org/apache/hadoop/hadoop-ozone-common/0.5.0-SNAPSHOT/hadoop-ozone-common-0.5.0-SNAPSHOT.jar:/home/user/.m2/repository/org/apache/commons/commons-compress/1.4.1/commons-compress-1.4.1.jar:/home/user/.m2/repository/org/tukaani/xz/1.0/xz-1.0.jar:/home/user/.m2/repository/org/apache/hadoop/hadoop-hdfs-client/3.2.0/hadoop-hdfs-client-3.2.0.jar:/home/user/.m2/repository/com/fasterxml/jackson/core/jackson-annotations/2.9.9/jackson-annotations-2.9.9.jar:/home/user/.m2/repository/org/apache/hadoop/hadoop-hdds-common/0.5.0-SNAPSHOT/hadoop-hdds-common-0.5.0-SNAPSHOT.jar:/home/user/.m2/repository/org/apache/hadoop/hadoop-hdds-config/0.5.0-SNAPSHOT/hadoop-hdds-config-0.5.0-SNAPSHOT.jar:/home/user/.m2/repository/javax/annotation/javax.annotation-api/1.2/javax.annotation-api-1.2.jar:/home/user/.m2/repository/org/apache/ratis/ratis-server/0.5.0-3f446aa-SNAPSHOT/ratis-server-0.5.0-3f446aa-SNAPSHOT.jar:/home/user/.m2/repository/org/apache/ratis/ratis-thirdparty-misc/0.2.0/ratis-thirdparty-misc-0.2.0.jar:/home/user/.m2/repository/org/apache/ratis/ratis-proto/0.5.0-3f446aa-SNAPSHOT/ratis-proto-0.5.0-3f446aa-SNAPSHOT.jar:/home/user/.m2/repository/org/apache/ratis/ratis-common/0.5.0-3f446aa-SNAPSHOT/ratis-common-0.5.0-3f446aa-SNAPSHOT.jar:/home/user/.m2/repository/org/apache/ratis/ratis-client/0.5.0-3f446aa-SNAPSHOT/ratis-client-0.5.0-3f446aa-SNAPSHOT.jar:/home/user/.m2/repository/org/apache/ratis/ratis-metrics/0.5.0-3f446aa-SNAPSHOT/ratis-metrics-0.5.0-3f446aa-SNAPSHOT.jar:/home/user/.m2/repository/com/github/joshelser/dropwizard-metrics-hadoop-metrics2-reporter/0.1.2/dropwizard-metrics-hadoop-metrics2-reporter-0.1.2.jar:/home/user/.m2/repository/io/dropwizard/metrics/metrics-jvm/3.2.5/metrics-jvm-3.2.5.jar:/home/user/.m2/repository/io/dropwizard/metrics/metrics-ganglia/3.2.5/metrics-ganglia-3.2.5.jar:/home/user/.m2/repository/info/ganglia/gmetric4j/gmetric4j/1.0.7/gmetric4j-1.0.7.jar:/home/user/.m2/repository/org/apache/ratis/ratis-netty/0.5.0-3f446aa-SNAPSHOT/ratis-netty-0.5.0-3f446aa-SNAPSHOT.jar:/home/user/.m2/repository/org/apache/ratis/ratis-grpc/0.5.0-3f446aa-SNAPSHOT/ratis-grpc-0.5.0-3f446aa-SNAPSHOT.jar:/home/user/.m2/repository/org/rocksdb/rocksdbjni/6.0.1/rocksdbjni-6.0.1.jar:/home/user/.m2/repository/org/apache/logging/log4j/log4j-api/2.11.0/log4j-api-2.11.0.jar:/home/user/.m2/repository/org/apache/logging/log4j/log4j-core/2.11.0/log4j-core-2.11.0.jar:/home/user/.m2/repository/com/lmax/disruptor/3.4.2/disruptor-3.4.2.jar:/home/user/.m2/repository/org/apache/commons/commons-pool2/2.6.0/commons-pool2-2.6.0.jar:/home/user/.m2/repository/org/bouncycastle/bcpkix-jdk15on/1.60/bcpkix-jdk15on-1.60.jar:/home/user/.m2/repository/commons-validator/commons-validator/1.6/commons-validator-1.6.jar:/home/user/.m2/repository/commons-digester/commons-digester/1.8.1/commons-digester-1.8.1.jar:/home/user/.m2/repository/io/jaegertracing/jaeger-client/0.34.0/jaeger-client-0.34.0.jar:/home/user/.m2/repository/io/jaegertracing/jaeger-thrift/0.34.0/jaeger-thrift-0.34.0.jar:/home/user/.m2/repository/org/apache/thrift/libthrift/0.12.0/libthrift-0.12.0.jar:/home/user/.m2/repository/com/squareup/okhttp3/okhttp/3.9.0/okhttp-3.9.0.jar:/home/user/.m2/repository/com/squareup/okio/okio/1.13.0/okio-1.13.0.jar:/home/user/.m2/repository/io/jaegertracing/jaeger-core/0.34.0/jaeger-core-0.34.0.jar:/home/user/.m2/repository/io/jaegertracing/jaeger-tracerresolver/0.34.0/jaeger-tracerresolver-0.34.0.jar:/home/user/.m2/repository/io/opentracing/contrib/opentracing-tracerresolver/0.1.5/opentracing-tracerresolver-0.1.5.jar:/home/user/.m2/repository/io/opentracing/opentracing-util/0.31.0/opentracing-util-0.31.0.jar:/home/user/.m2/repository/io/opentracing/opentracing-api/0.31.0/opentracing-api-0.31.0.jar:/home/user/.m2/repository/io/opentracing/opentracing-noop/0.31.0/opentracing-noop-0.31.0.jar:/home/user/.m2/repository/org/yaml/snakeyaml/1.16/snakeyaml-1.16.jar:/home/user/.m2/repository/org/apache/hadoop/hadoop-hdds-container-service/0.5.0-SNAPSHOT/hadoop-hdds-container-service-0.5.0-SNAPSHOT.jar:/home/user/.m2/repository/org/apache/hadoop/hadoop-hdds-client/0.5.0-SNAPSHOT/hadoop-hdds-client-0.5.0-SNAPSHOT.jar:/home/user/.m2/repository/org/apache/hadoop/hadoop-hdds-tools/0.5.0-SNAPSHOT/hadoop-hdds-tools-0.5.0-SNAPSHOT.jar:/home/user/.m2/repository/org/xerial/sqlite-jdbc/3.25.2/sqlite-jdbc-3.25.2.jar:/home/user/.m2/repository/org/apache/hadoop/hadoop-hdds-server-scm/0.5.0-SNAPSHOT/hadoop-hdds-server-scm-0.5.0-SNAPSHOT.jar:/home/user/.m2/repository/org/hamcrest/hamcrest-all/1.3/hamcrest-all-1.3.jar:/home/user/.m2/repository/info/picocli/picocli/3.9.6/picocli-3.9.6.jar:/home/user/.m2/repository/com/google/protobuf/protobuf-java/2.5.0/protobuf-java-2.5.0.jar:/home/user/.m2/repository/com/google/guava/guava/11.0.2/guava-11.0.2.jar:/home/user/.m2/repository/org/apache/hadoop/hadoop-ozone-client/0.5.0-SNAPSHOT/hadoop-ozone-client-0.5.0-SNAPSHOT.jar:/workdir/hadoop-ozone/ozonefs/target/classes:/home/user/.m2/repository/org/apache/httpcomponents/httpclient/4.5.2/httpclient-4.5.2.jar:/home/user/.m2/repository/org/apache/httpcomponents/httpcore/4.4.4/httpcore-4.4.4.jar:/home/user/.m2/repository/org/apache/hadoop/hadoop-hdds-server-framework/0.5.0-SNAPSHOT/hadoop-hdds-server-framework-0.5.0-SNAPSHOT.jar:/home/user/.m2/repository/org/apache/hadoop/hadoop-common/3.2.0/hadoop-common-3.2.0.jar:/home/user/.m2/repository/org/apache/hadoop/hadoop-annotations/3.2.0/hadoop-annotations-3.2.0.jar:/usr/lib/jvm/java-1.8.0-openjdk-1.8.0.222.b10-1.el7_7.x86_64/jre/../lib/tools.jar:/home/user/.m2/repository/commons-cli/commons-cli/1.2/commons-cli-1.2.jar:/home/user/.m2/repository/org/apache/commons/commons-math3/3.1.1/commons-math3-3.1.1.jar:/home/user/.m2/repository/commons-codec/commons-codec/1.11/commons-codec-1.11.jar:/home/user/.m2/repository/commons-io/commons-io/2.5/commons-io-2.5.jar:/home/user/.m2/repository/commons-net/commons-net/3.6/commons-net-3.6.jar:/home/user/.m2/repository/commons-collections/commons-collections/3.2.2/commons-collections-3.2.2.jar:/home/user/.m2/repository/javax/servlet/javax.servlet-api/3.1.0/javax.servlet-api-3.1.0.jar:/home/user/.m2/repository/org/eclipse/jetty/jetty-server/9.3.25.v20180904/jetty-server-9.3.25.v20180904.jar:/home/user/.m2/repository/org/eclipse/jetty/jetty-http/9.3.25.v20180904/jetty-http-9.3.25.v20180904.jar:/home/user/.m2/repository/org/eclipse/jetty/jetty-io/9.3.25.v20180904/jetty-io-9.3.25.v20180904.jar:/home/user/.m2/repository/org/eclipse/jetty/jetty-util/9.3.25.v20180904/jetty-util-9.3.25.v20180904.jar:/home/user/.m2/repository/org/eclipse/jetty/jetty-servlet/9.3.25.v20180904/jetty-servlet-9.3.25.v20180904.jar:/home/user/.m2/repository/org/eclipse/jetty/jetty-security/9.3.25.v20180904/jetty-security-9.3.25.v20180904.jar:/home/user/.m2/repository/org/eclipse/jetty/jetty-webapp/9.3.25.v20180904/jetty-webapp-9.3.25.v20180904.jar:/home/user/.m2/repository/org/eclipse/jetty/jetty-xml/9.3.25.v20180904/jetty-xml-9.3.25.v20180904.jar:/home/user/.m2/repository/javax/servlet/jsp/jsp-api/2.1/jsp-api-2.1.jar:/home/user/.m2/repository/com/sun/jersey/jersey-core/1.19/jersey-core-1.19.jar:/home/user/.m2/repository/javax/ws/rs/jsr311-api/1.1.1/jsr311-api-1.1.1.jar:/home/user/.m2/repository/com/sun/jersey/jersey-servlet/1.19/jersey-servlet-1.19.jar:/home/user/.m2/repository/com/sun/jersey/jersey-json/1.19/jersey-json-1.19.jar:/home/user/.m2/repository/org/codehaus/jettison/jettison/1.1/jettison-1.1.jar:/home/user/.m2/repository/com/sun/xml/bind/jaxb-impl/2.3.0.1/jaxb-impl-2.3.0.1.jar:/home/user/.m2/repository/org/codehaus/jackson/jackson-core-asl/1.9.13/jackson-core-asl-1.9.13.jar:/home/user/.m2/repository/org/codehaus/jackson/jackson-mapper-asl/1.9.13/jackson-mapper-asl-1.9.13.jar:/home/user/.m2/repository/org/codehaus/jackson/jackson-jaxrs/1.9.13/jackson-jaxrs-1.9.13.jar:/home/user/.m2/repository/org/codehaus/jackson/jackson-xc/1.9.13/jackson-xc-1.9.13.jar:/home/user/.m2/repository/com/sun/jersey/jersey-server/1.19/jersey-server-1.19.jar:/home/user/.m2/repository/commons-logging/commons-logging/1.1.3/commons-logging-1.1.3.jar:/home/user/.m2/repository/log4j/log4j/1.2.17/log4j-1.2.17.jar:/home/user/.m2/repository/commons-beanutils/commons-beanutils/1.9.4/commons-beanutils-1.9.4.jar:/home/user/.m2/repository/org/apache/commons/commons-configuration2/2.1.1/commons-configuration2-2.1.1.jar:/home/user/.m2/repository/org/apache/commons/commons-lang3/3.7/commons-lang3-3.7.jar:/home/user/.m2/repository/org/apache/commons/commons-text/1.4/commons-text-1.4.jar:/home/user/.m2/repository/org/slf4j/slf4j-api/1.7.25/slf4j-api-1.7.25.jar:/home/user/.m2/repository/org/slf4j/slf4j-log4j12/1.7.25/slf4j-log4j12-1.7.25.jar:/home/user/.m2/repository/org/apache/avro/avro/1.7.7/avro-1.7.7.jar:/home/user/.m2/repository/com/thoughtworks/paranamer/paranamer/2.3/paranamer-2.3.jar:/home/user/.m2/repository/org/xerial/snappy/snappy-java/1.0.5/snappy-java-1.0.5.jar:/home/user/.m2/repository/com/google/re2j/re2j/1.1/re2j-1.1.jar:/home/user/.m2/repository/com/google/code/gson/gson/2.2.4/gson-2.2.4.jar:/home/user/.m2/repository/org/apache/hadoop/hadoop-auth/3.2.0/hadoop-auth-3.2.0.jar:/home/user/.m2/repository/com/nimbusds/nimbus-jose-jwt/4.41.1/nimbus-jose-jwt-4.41.1.jar:/home/user/.m2/repository/com/github/stephenc/jcip/jcip-annotations/1.0-1/jcip-annotations-1.0-1.jar:/home/user/.m2/repository/net/minidev/json-smart/2.3/json-smart-2.3.jar:/home/user/.m2/repository/net/minidev/accessors-smart/1.2/accessors-smart-1.2.jar:/home/user/.m2/repository/org/apache/curator/curator-framework/2.12.0/curator-framework-2.12.0.jar:/home/user/.m2/repository/com/jcraft/jsch/0.1.54/jsch-0.1.54.jar:/home/user/.m2/repository/org/apache/curator/curator-client/2.12.0/curator-client-2.12.0.jar:/home/user/.m2/repository/org/apache/curator/curator-recipes/2.12.0/curator-recipes-2.12.0.jar:/home/user/.m2/repository/com/google/code/findbugs/jsr305/3.0.0/jsr305-3.0.0.jar:/home/user/.m2/repository/org/apache/htrace/htrace-core4/4.1.0-incubating/htrace-core4-4.1.0-incubating.jar:/home/user/.m2/repository/org/apache/zookeeper/zookeeper/3.4.13/zookeeper-3.4.13.jar:/home/user/.m2/repository/jline/jline/0.9.94/jline-0.9.94.jar:/home/user/.m2/repository/org/apache/yetus/audience-annotations/0.5.0/audience-annotations-0.5.0.jar:/home/user/.m2/repository/org/apache/kerby/kerb-simplekdc/1.0.1/kerb-simplekdc-1.0.1.jar:/home/user/.m2/repository/org/apache/kerby/kerb-client/1.0.1/kerb-client-1.0.1.jar:/home/user/.m2/repository/org/apache/kerby/kerby-config/1.0.1/kerby-config-1.0.1.jar:/home/user/.m2/repository/org/apache/kerby/kerb-core/1.0.1/kerb-core-1.0.1.jar:/home/user/.m2/repository/org/apache/kerby/kerby-pkix/1.0.1/kerby-pkix-1.0.1.jar:/home/user/.m2/repository/org/apache/kerby/kerby-asn1/1.0.1/kerby-asn1-1.0.1.jar:/home/user/.m2/repository/org/apache/kerby/kerby-util/1.0.1/kerby-util-1.0.1.jar:/home/user/.m2/repository/org/apache/kerby/kerb-common/1.0.1/kerb-common-1.0.1.jar:/home/user/.m2/repository/org/apache/kerby/kerb-crypto/1.0.1/kerb-crypto-1.0.1.jar:/home/user/.m2/repository/org/apache/kerby/kerb-util/1.0.1/kerb-util-1.0.1.jar:/home/user/.m2/repository/org/apache/kerby/token-provider/1.0.1/token-provider-1.0.1.jar:/home/user/.m2/repository/org/apache/kerby/kerb-admin/1.0.1/kerb-admin-1.0.1.jar:/home/user/.m2/repository/org/apache/kerby/kerb-server/1.0.1/kerb-server-1.0.1.jar:/home/user/.m2/repository/org/apache/kerby/kerb-identity/1.0.1/kerb-identity-1.0.1.jar:/home/user/.m2/repository/org/apache/kerby/kerby-xdr/1.0.1/kerby-xdr-1.0.1.jar:/home/user/.m2/repository/com/fasterxml/jackson/core/jackson-databind/2.9.9/jackson-databind-2.9.9.jar:/home/user/.m2/repository/com/fasterxml/jackson/core/jackson-core/2.9.9/jackson-core-2.9.9.jar:/home/user/.m2/repository/org/codehaus/woodstox/stax2-api/3.1.4/stax2-api-3.1.4.jar:/home/user/.m2/repository/com/fasterxml/woodstox/woodstox-core/5.0.3/woodstox-core-5.0.3.jar:/home/user/.m2/repository/dnsjava/dnsjava/2.1.7/dnsjava-2.1.7.jar:/home/user/.m2/repository/org/apache/hadoop/hadoop-hdfs/3.2.0/hadoop-hdfs-3.2.0.jar:/home/user/.m2/repository/org/eclipse/jetty/jetty-util-ajax/9.3.25.v20180904/jetty-util-ajax-9.3.25.v20180904.jar:/home/user/.m2/repository/commons-daemon/commons-daemon/1.0.13/commons-daemon-1.0.13.jar:/home/user/.m2/repository/io/netty/netty/3.10.5.Final/netty-3.10.5.Final.jar:/home/user/.m2/repository/io/netty/netty-all/4.0.52.Final/netty-all-4.0.52.Final.jar:/home/user/.m2/repository/org/fusesource/leveldbjni/leveldbjni-all/1.8/leveldbjni-all-1.8.jar:/home/user/.m2/repository/com/sun/xml/bind/jaxb-core/2.3.0.1/jaxb-core-2.3.0.1.jar:/home/user/.m2/repository/javax/xml/bind/jaxb-api/2.3.0/jaxb-api-2.3.0.jar:/home/user/.m2/repository/javax/activation/activation/1.1.1/activation-1.1.1.jar:/home/user/.m2/repository/org/openjdk/jmh/jmh-core/1.19/jmh-core-1.19.jar:/home/user/.m2/repository/net/sf/jopt-simple/jopt-simple/4.6/jopt-simple-4.6.jar:/home/user/.m2/repository/org/openjdk/jmh/jmh-generator-annprocess/1.19/jmh-generator-annprocess-1.19.jar:/home/user/.m2/repository/io/dropwizard/metrics/metrics-core/3.2.4/metrics-core-3.2.4.jar:/home/user/.m2/repository/com/amazonaws/aws-java-sdk-s3/1.11.615/aws-java-sdk-s3-1.11.615.jar:/home/user/.m2/repository/com/amazonaws/aws-java-sdk-kms/1.11.615/aws-java-sdk-kms-1.11.615.jar:/home/user/.m2/repository/com/amazonaws/aws-java-sdk-core/1.11.615/aws-java-sdk-core-1.11.615.jar:/home/user/.m2/repository/software/amazon/ion/ion-java/1.0.2/ion-java-1.0.2.jar:/home/user/.m2/repository/com/fasterxml/jackson/dataformat/jackson-dataformat-cbor/2.9.9/jackson-dataformat-cbor-2.9.9.jar:/home/user/.m2/repository/joda-time/joda-time/2.9.9/joda-time-2.9.9.jar:/home/user/.m2/repository/com/amazonaws/jmespath-java/1.11.615/jmespath-java-1.11.615.jar:/home/user/.m2/repository/com/github/spotbugs/spotbugs/3.1.12/spotbugs-3.1.12.jar:/home/user/.m2/repository/org/ow2/asm/asm/5.0.4/asm-5.0.4.jar:/home/user/.m2/repository/org/ow2/asm/asm-analysis/7.0/asm-analysis-7.0.jar:/home/user/.m2/repository/org/ow2/asm/asm-commons/7.0/asm-commons-7.0.jar:/home/user/.m2/repository/org/ow2/asm/asm-tree/7.0/asm-tree-7.0.jar:/home/user/.m2/repository/org/ow2/asm/asm-util/7.0/asm-util-7.0.jar:/home/user/.m2/repository/org/apache/bcel/bcel/6.3/bcel-6.3.jar:/home/user/.m2/repository/net/jcip/jcip-annotations/1.0/jcip-annotations-1.0.jar:/home/user/.m2/repository/org/dom4j/dom4j/2.1.1/dom4j-2.1.1.jar:/home/user/.m2/repository/jaxen/jaxen/1.1.6/jaxen-1.1.6.jar:/home/user/.m2/repository/commons-lang/commons-lang/2.6/commons-lang-2.6.jar:/home/user/.m2/repository/com/github/spotbugs/spotbugs-annotations/3.1.12/spotbugs-annotations-3.1.12.jar:/home/user/.m2/repository/junit/junit/4.11/junit-4.11.jar:/home/user/.m2/repository/org/hamcrest/hamcrest-core/1.3/hamcrest-core-1.3.jar:/home/user/.m2/repository/org/apache/hadoop/hadoop-common/3.2.0/hadoop-common-3.2.0-tests.jar:/workdir/hadoop-ozone/integration-test/target/test-classes:/home/user/.m2/repository/org/apache/hadoop/hadoop-ozone-s3gateway/0.5.0-SNAPSHOT/hadoop-ozone-s3gateway-0.5.0-SNAPSHOT.jar:/home/user/.m2/repository/org/jboss/weld/servlet/weld-servlet/2.4.7.Final/weld-servlet-2.4.7.Final.jar:/home/user/.m2/repository/org/glassfish/jersey/containers/jersey-container-servlet-core/2.27/jersey-container-servlet-core-2.27.jar:/home/user/.m2/repository/org/glassfish/hk2/external/javax.inject/2.5.0-b42/javax.inject-2.5.0-b42.jar:/home/user/.m2/repository/org/glassfish/jersey/core/jersey-common/2.27/jersey-common-2.27.jar:/home/user/.m2/repository/org/glassfish/hk2/osgi-resource-locator/1.0.1/osgi-resource-locator-1.0.1.jar:/home/user/.m2/repository/javax/ws/rs/javax.ws.rs-api/2.1/javax.ws.rs-api-2.1.jar:/home/user/.m2/repository/org/glassfish/jersey/ext/cdi/jersey-cdi1x/2.27/jersey-cdi1x-2.27.jar:/home/user/.m2/repository/org/glassfish/jersey/inject/jersey-hk2/2.27/jersey-hk2-2.27.jar:/home/user/.m2/repository/org/glassfish/hk2/hk2-locator/2.5.0-b42/hk2-locator-2.5.0-b42.jar:/home/user/.m2/repository/org/javassist/javassist/3.22.0-CR2/javassist-3.22.0-CR2.jar:/home/user/.m2/repository/org/glassfish/hk2/hk2-api/2.5.0/hk2-api-2.5.0.jar:/home/user/.m2/repository/org/glassfish/hk2/external/jakarta.inject/2.5.0/jakarta.inject-2.5.0.jar:/home/user/.m2/repository/org/glassfish/hk2/hk2-utils/2.5.0/hk2-utils-2.5.0.jar:/home/user/.m2/repository/jakarta/annotation/jakarta.annotation-api/1.3.4/jakarta.annotation-api-1.3.4.jar:/home/user/.m2/repository/org/glassfish/hk2/external/aopalliance-repackaged/2.5.0/aopalliance-repackaged-2.5.0.jar:/home/user/.m2/repository/com/fasterxml/jackson/dataformat/jackson-dataformat-xml/2.9.0/jackson-dataformat-xml-2.9.0.jar:/home/user/.m2/repository/com/fasterxml/jackson/module/jackson-module-jaxb-annotations/2.9.9/jackson-module-jaxb-annotations-2.9.9.jar:/home/user/.m2/repository/javax/enterprise/cdi-api/1.2/cdi-api-1.2.jar:/home/user/.m2/repository/javax/el/javax.el-api/3.0.0/javax.el-api-3.0.0.jar:/home/user/.m2/repository/javax/interceptor/javax.interceptor-api/1.2/javax.interceptor-api-1.2.jar:/home/user/.m2/repository/javax/inject/javax.inject/1/javax.inject-1.jar:/home/user/.m2/repository/org/apache/hadoop/hadoop-ozone-csi/0.5.0-SNAPSHOT/hadoop-ozone-csi-0.5.0-SNAPSHOT.jar:/home/user/.m2/repository/com/google/protobuf/protobuf-java-util/3.5.1/protobuf-java-util-3.5.1.jar:/home/user/.m2/repository/io/grpc/grpc-netty/1.17.1/grpc-netty-1.17.1.jar:/home/user/.m2/repository/io/grpc/grpc-core/1.17.1/grpc-core-1.17.1.jar:/home/user/.m2/repository/io/grpc/grpc-context/1.17.1/grpc-context-1.17.1.jar:/home/user/.m2/repository/com/google/errorprone/error_prone_annotations/2.2.0/error_prone_annotations-2.2.0.jar:/home/user/.m2/repository/org/codehaus/mojo/animal-sniffer-annotations/1.17/animal-sniffer-annotations-1.17.jar:/home/user/.m2/repository/io/opencensus/opencensus-api/0.17.0/opencensus-api-0.17.0.jar:/home/user/.m2/repository/io/opencensus/opencensus-contrib-grpc-metrics/0.17.0/opencensus-contrib-grpc-metrics-0.17.0.jar:/home/user/.m2/repository/io/netty/netty-codec-http2/4.1.30.Final/netty-codec-http2-4.1.30.Final.jar:/home/user/.m2/repository/io/netty/netty-codec-http/4.1.30.Final/netty-codec-http-4.1.30.Final.jar:/home/user/.m2/repository/io/netty/netty-codec/4.1.30.Final/netty-codec-4.1.30.Final.jar:/home/user/.m2/repository/io/netty/netty-handler/4.1.30.Final/netty-handler-4.1.30.Final.jar:/home/user/.m2/repository/io/netty/netty-handler-proxy/4.1.30.Final/netty-handler-proxy-4.1.30.Final.jar:/home/user/.m2/repository/io/netty/netty-codec-socks/4.1.30.Final/netty-codec-socks-4.1.30.Final.jar:/home/user/.m2/repository/io/netty/netty-transport-native-epoll/4.1.30.Final/netty-transport-native-epoll-4.1.30.Final.jar:/home/user/.m2/repository/io/netty/netty-common/4.1.30.Final/netty-common-4.1.30.Final.jar:/home/user/.m2/repository/io/netty/netty-buffer/4.1.30.Final/netty-buffer-4.1.30.Final.jar:/home/user/.m2/repository/io/netty/netty-transport/4.1.30.Final/netty-transport-4.1.30.Final.jar:/home/user/.m2/repository/io/netty/netty-resolver/4.1.30.Final/netty-resolver-4.1.30.Final.jar:/home/user/.m2/repository/io/netty/netty-transport-native-unix-common/4.1.30.Final/netty-transport-native-unix-common-4.1.30.Final.jar:/home/user/.m2/repository/io/grpc/grpc-protobuf/1.17.1/grpc-protobuf-1.17.1.jar:/home/user/.m2/repository/com/google/api/grpc/proto-google-common-protos/1.0.0/proto-google-common-protos-1.0.0.jar:/home/user/.m2/repository/io/grpc/grpc-protobuf-lite/1.17.1/grpc-protobuf-lite-1.17.1.jar:/home/user/.m2/repository/io/grpc/grpc-stub/1.17.1/grpc-stub-1.17.1.jar:/home/user/.m2/repository/org/apache/hadoop/hadoop-ozone-recon/0.5.0-SNAPSHOT/hadoop-ozone-recon-0.5.0-SNAPSHOT.jar:/home/user/.m2/repository/org/apache/hadoop/hadoop-ozone-reconcodegen/0.5.0-SNAPSHOT/hadoop-ozone-reconcodegen-0.5.0-SNAPSHOT.jar:/home/user/.m2/repository/com/google/inject/extensions/guice-multibindings/4.0/guice-multibindings-4.0.jar:/home/user/.m2/repository/com/google/inject/guice/4.0/guice-4.0.jar:/home/user/.m2/repository/aopalliance/aopalliance/1.0/aopalliance-1.0.jar:/home/user/.m2/repository/com/google/inject/extensions/guice-servlet/4.0/guice-servlet-4.0.jar:/home/user/.m2/repository/org/glassfish/jersey/containers/jersey-container-servlet/2.27/jersey-container-servlet-2.27.jar:/home/user/.m2/repository/org/glassfish/hk2/guice-bridge/2.5.0/guice-bridge-2.5.0.jar:/home/user/.m2/repository/org/glassfish/jersey/core/jersey-server/2.27/jersey-server-2.27.jar:/home/user/.m2/repository/org/glassfish/jersey/core/jersey-client/2.27/jersey-client-2.27.jar:/home/user/.m2/repository/org/glassfish/jersey/media/jersey-media-jaxb/2.27/jersey-media-jaxb-2.27.jar:/home/user/.m2/repository/javax/validation/validation-api/1.1.0.Final/validation-api-1.1.0.Final.jar:/home/user/.m2/repository/org/glassfish/jersey/media/jersey-media-json-jackson/2.27/jersey-media-json-jackson-2.27.jar:/home/user/.m2/repository/org/glassfish/jersey/ext/jersey-entity-filtering/2.27/jersey-entity-filtering-2.27.jar:/home/user/.m2/repository/com/google/inject/extensions/guice-assistedinject/4.0/guice-assistedinject-4.0.jar:/home/user/.m2/repository/org/jooq/jooq/3.11.10/jooq-3.11.10.jar:/home/user/.m2/repository/org/jooq/jooq-meta/3.11.10/jooq-meta-3.11.10.jar:/home/user/.m2/repository/org/jooq/jooq-codegen/3.11.10/jooq-codegen-3.11.10.jar:/home/user/.m2/repository/com/jolbox/bonecp/0.8.0.RELEASE/bonecp-0.8.0.RELEASE.jar:/home/user/.m2/repository/org/springframework/spring-jdbc/5.1.3.RELEASE/spring-jdbc-5.1.3.RELEASE.jar:/home/user/.m2/repository/org/springframework/spring-beans/5.1.3.RELEASE/spring-beans-5.1.3.RELEASE.jar:/home/user/.m2/repository/org/springframework/spring-core/5.1.3.RELEASE/spring-core-5.1.3.RELEASE.jar:/home/user/.m2/repository/org/springframework/spring-jcl/5.1.3.RELEASE/spring-jcl-5.1.3.RELEASE.jar:/home/user/.m2/repository/org/springframework/spring-tx/5.1.3.RELEASE/spring-tx-5.1.3.RELEASE.jar:/home/user/.m2/repository/org/mockito/mockito-core/2.15.0/mockito-core-2.15.0.jar:/home/user/.m2/repository/net/bytebuddy/byte-buddy/1.7.9/byte-buddy-1.7.9.jar:/home/user/.m2/repository/net/bytebuddy/byte-buddy-agent/1.7.9/byte-buddy-agent-1.7.9.jar:/home/user/.m2/repository/org/objenesis/objenesis/1.0/objenesis-1.0.jar:"/>
    <property name="sun.cpu.endian" value="little"/>
    <property name="user.home" value="/home/user"/>
    <property name="user.language" value="en"/>
    <property name="java.specification.vendor" value="Oracle Corporation"/>
    <property name="java.home" value="/usr/lib/jvm/java-1.8.0-openjdk-1.8.0.222.b10-1.el7_7.x86_64/jre"/>
    <property name="surefire.excludesFile" value="/tools/ozone-bad-unit-tests"/>
    <property name="java.security.krb5.conf" value="/workdir/hadoop-ozone/tools/target/test-classes/krb5.conf"/>
    <property name="basedir" value="/workdir/hadoop-ozone/tools"/>
    <property name="file.separator" value="/"/>
    <property name="line.separator" value="&#10;"/>
    <property name="java.vm.specification.vendor" value="Oracle Corporation"/>
    <property name="java.specification.name" value="Java Platform API Specification"/>
    <property name="java.awt.graphicsenv" value="sun.awt.X11GraphicsEnvironment"/>
    <property name="surefire.real.class.path" value="/workdir/hadoop-ozone/tools/target/surefire/surefirebooter6186521010509144356.jar"/>
    <property name="hadoop.log.dir" value="/workdir/hadoop-ozone/tools/target/log"/>
    <property name="sun.boot.class.path" value="/usr/lib/jvm/java-1.8.0-openjdk-1.8.0.222.b10-1.el7_7.x86_64/jre/lib/resources.jar:/usr/lib/jvm/java-1.8.0-openjdk-1.8.0.222.b10-1.el7_7.x86_64/jre/lib/rt.jar:/usr/lib/jvm/java-1.8.0-openjdk-1.8.0.222.b10-1.el7_7.x86_64/jre/lib/sunrsasign.jar:/usr/lib/jvm/java-1.8.0-openjdk-1.8.0.222.b10-1.el7_7.x86_64/jre/lib/jsse.jar:/usr/lib/jvm/java-1.8.0-openjdk-1.8.0.222.b10-1.el7_7.x86_64/jre/lib/jce.jar:/usr/lib/jvm/java-1.8.0-openjdk-1.8.0.222.b10-1.el7_7.x86_64/jre/lib/charsets.jar:/usr/lib/jvm/java-1.8.0-openjdk-1.8.0.222.b10-1.el7_7.x86_64/jre/lib/jfr.jar:/usr/lib/jvm/java-1.8.0-openjdk-1.8.0.222.b10-1.el7_7.x86_64/jre/classes"/>
    <property name="sun.management.compiler" value="HotSpot 64-Bit Tiered Compilers"/>
    <property name="java.runtime.version" value="1.8.0_222-b10"/>
    <property name="java.net.preferIPv4Stack" value="true"/>
    <property name="user.name" value="jenkins1000"/>
    <property name="path.separator" value=":"/>
    <property name="java.security.egd" value="file:///dev/urandom"/>
    <property name="os.version" value="3.10.0-957.12.2.el7.x86_64"/>
    <property name="java.endorsed.dirs" value="/usr/lib/jvm/java-1.8.0-openjdk-1.8.0.222.b10-1.el7_7.x86_64/jre/lib/endorsed"/>
    <property name="java.runtime.name" value="OpenJDK Runtime Environment"/>
    <property name="file.encoding" value="ANSI_X3.4-1968"/>
    <property name="java.vm.name" value="OpenJDK 64-Bit Server VM"/>
    <property name="test.build.webapps" value=""/>
    <property name="localRepository" value="/home/user/.m2/repository"/>
    <property name="java.vendor.url.bug" value="http://bugreport.sun.com/bugreport/"/>
    <property name="java.io.tmpdir" value="/tmp"/>
    <property name="require.test.libhadoop" value=""/>
    <property name="java.version" value="1.8.0_222"/>
    <property name="user.dir" value="/workdir/hadoop-ozone/tools"/>
    <property name="os.arch" value="amd64"/>
    <property name="java.vm.specification.name" value="Java Virtual Machine Specification"/>
    <property name="test.build.classes" value="/workdir/hadoop-ozone/tools/target/test-classes"/>
    <property name="java.awt.printerjob" value="sun.print.PSPrinterJob"/>
    <property name="sun.os.patch.level" value="unknown"/>
    <property name="hadoop.tmp.dir" value="/workdir/hadoop-ozone/tools/target/tmp"/>
    <property name="java.library.path" value="/usr/lib:/workdir/hadoop-ozone/tools/target/native/target/usr/local/lib:/workdir/hadoop-ozone/tools/../../hadoop-common-project/hadoop-common/target/native/target/usr/local/lib:/usr/java/packages/lib/amd64:/usr/lib64:/lib64:/lib:/usr/lib"/>
    <property name="java.vm.info" value="mixed mode"/>
    <property name="java.vendor" value="Oracle Corporation"/>
    <property name="java.vm.version" value="25.222-b10"/>
    <property name="java.ext.dirs" value="/usr/lib/jvm/java-1.8.0-openjdk-1.8.0.222.b10-1.el7_7.x86_64/jre/lib/ext:/usr/java/packages/lib/ext"/>
    <property name="sun.io.unicode.encoding" value="UnicodeLittle"/>
    <property name="java.class.version" value="52.0"/>
  </properties>
  <testcase name="validateWriteTest" classname="org.apache.hadoop.ozone.freon.TestDataValidateWithDummyContainers" time="0.005"/>
  <testcase name="ratisTestLargeKey" classname="org.apache.hadoop.ozone.freon.TestDataValidateWithDummyContainers" time="410.884">
    <error message="Allocated 0 blocks. Requested 1 blocks" type="INTERNAL_ERROR org.apache.hadoop.ozone.om.exceptions.OMException">INTERNAL_ERROR org.apache.hadoop.ozone.om.exceptions.OMException: Allocated 0 blocks. Requested 1 blocks
	at org.apache.hadoop.ozone.om.protocolPB.OzoneManagerProtocolClientSideTranslatorPB.handleError(OzoneManagerProtocolClientSideTranslatorPB.java:732)
	at org.apache.hadoop.ozone.om.protocolPB.OzoneManagerProtocolClientSideTranslatorPB.allocateBlock(OzoneManagerProtocolClientSideTranslatorPB.java:764)
	at sun.reflect.NativeMethodAccessorImpl.invoke0(Native Method)
	at sun.reflect.NativeMethodAccessorImpl.invoke(NativeMethodAccessorImpl.java:62)
	at sun.reflect.DelegatingMethodAccessorImpl.invoke(DelegatingMethodAccessorImpl.java:43)
	at java.lang.reflect.Method.invoke(Method.java:498)
	at org.apache.hadoop.hdds.tracing.TraceAllMethod.invoke(TraceAllMethod.java:66)
	at com.sun.proxy.$Proxy37.allocateBlock(Unknown Source)
	at org.apache.hadoop.ozone.client.io.BlockOutputStreamEntryPool.allocateNewBlock(BlockOutputStreamEntryPool.java:258)
	at org.apache.hadoop.ozone.client.io.BlockOutputStreamEntryPool.allocateBlockIfNeeded(BlockOutputStreamEntryPool.java:306)
	at org.apache.hadoop.ozone.client.io.KeyOutputStream.handleWrite(KeyOutputStream.java:198)
	at org.apache.hadoop.ozone.client.io.KeyOutputStream.handleRetry(KeyOutputStream.java:375)
	at org.apache.hadoop.ozone.client.io.KeyOutputStream.handleException(KeyOutputStream.java:324)
	at org.apache.hadoop.ozone.client.io.KeyOutputStream.handleWrite(KeyOutputStream.java:228)
	at org.apache.hadoop.ozone.client.io.KeyOutputStream.handleRetry(KeyOutputStream.java:375)
	at org.apache.hadoop.ozone.client.io.KeyOutputStream.handleException(KeyOutputStream.java:324)
	at org.apache.hadoop.ozone.client.io.KeyOutputStream.handleWrite(KeyOutputStream.java:228)
	at org.apache.hadoop.ozone.client.io.KeyOutputStream.handleRetry(KeyOutputStream.java:375)
	at org.apache.hadoop.ozone.client.io.KeyOutputStream.handleException(KeyOutputStream.java:324)
	at org.apache.hadoop.ozone.client.io.KeyOutputStream.handleWrite(KeyOutputStream.java:228)
	at org.apache.hadoop.ozone.client.io.KeyOutputStream.handleRetry(KeyOutputStream.java:375)
	at org.apache.hadoop.ozone.client.io.KeyOutputStream.handleException(KeyOutputStream.java:324)
	at org.apache.hadoop.ozone.client.io.KeyOutputStream.handleWrite(KeyOutputStream.java:228)
	at org.apache.hadoop.ozone.client.io.KeyOutputStream.handleRetry(KeyOutputStream.java:375)
	at org.apache.hadoop.ozone.client.io.KeyOutputStream.handleException(KeyOutputStream.java:324)
	at org.apache.hadoop.ozone.client.io.KeyOutputStream.handleWrite(KeyOutputStream.java:228)
	at org.apache.hadoop.ozone.client.io.KeyOutputStream.handleRetry(KeyOutputStream.java:375)
	at org.apache.hadoop.ozone.client.io.KeyOutputStream.handleException(KeyOutputStream.java:324)
	at org.apache.hadoop.ozone.client.io.KeyOutputStream.handleWrite(KeyOutputStream.java:228)
	at org.apache.hadoop.ozone.client.io.KeyOutputStream.write(KeyOutputStream.java:190)
	at org.apache.hadoop.ozone.client.io.OzoneOutputStream.write(OzoneOutputStream.java:49)
	at org.apache.hadoop.ozone.freon.RandomKeyGenerator.createKey(RandomKeyGenerator.java:708)
	at org.apache.hadoop.ozone.freon.RandomKeyGenerator.access$1100(RandomKeyGenerator.java:88)
	at org.apache.hadoop.ozone.freon.RandomKeyGenerator$ObjectCreator.run(RandomKeyGenerator.java:615)
	at java.util.concurrent.Executors$RunnableAdapter.call(Executors.java:511)
	at java.util.concurrent.FutureTask.run(FutureTask.java:266)
	at java.util.concurrent.ThreadPoolExecutor.runWorker(ThreadPoolExecutor.java:1149)
	at java.util.concurrent.ThreadPoolExecutor$Worker.run(ThreadPoolExecutor.java:624)
	at java.lang.Thread.run(Thread.java:748)
</error>
    <system-out><![CDATA[2019-10-16 22:08:43,198 [main] INFO  freon.RandomKeyGenerator (RandomKeyGenerator.java:call(258)) - Override validateWrites to false, because hdds.container.chunk.persistdata is set to false.
2019-10-16 22:08:43,862 [main] INFO  freon.RandomKeyGenerator (RandomKeyGenerator.java:call(283)) - Number of Threads: 10
2019-10-16 22:08:43,863 [main] INFO  freon.RandomKeyGenerator (RandomKeyGenerator.java:call(288)) - Number of Volumes: 1.
2019-10-16 22:08:43,863 [main] INFO  freon.RandomKeyGenerator (RandomKeyGenerator.java:call(289)) - Number of Buckets per Volume: 1.
2019-10-16 22:08:43,863 [main] INFO  freon.RandomKeyGenerator (RandomKeyGenerator.java:call(290)) - Number of Keys per Bucket: 1.
2019-10-16 22:08:43,863 [main] INFO  freon.RandomKeyGenerator (RandomKeyGenerator.java:call(291)) - Key size: 20971520 bytes
2019-10-16 22:08:43,863 [main] INFO  freon.RandomKeyGenerator (RandomKeyGenerator.java:call(292)) - Buffer size: 4096 bytes
2019-10-16 22:08:43,863 [main] INFO  freon.RandomKeyGenerator (RandomKeyGenerator.java:call(293)) - validateWrites : false
2019-10-16 22:08:43,867 [main] INFO  freon.RandomKeyGenerator (RandomKeyGenerator.java:call(313)) - Starting progress bar Thread.

 0.00% |?                                                                                                    |  0/1 Time: 0:00:002019-10-16 22:08:43,892 [pool-73-thread-1] INFO  rpc.RpcClient (RpcClient.java:createVolume(272)) - Creating Volume: vol-0-12601, with jenkins1000 as owner.
2019-10-16 22:08:43,975 [IPC Server handler 0 on 44191] INFO  volume.OMVolumeCreateRequest (OMVolumeCreateRequest.java:validateAndUpdateCache(193)) - created volume:vol-0-12601 for user:jenkins1000
2019-10-16 22:08:43,998 [pool-73-thread-2] INFO  rpc.RpcClient (RpcClient.java:createBucket(411)) - Creating Bucket: vol-0-12601/bucket-0-25443, with Versioning false and Storage Type set to DISK and Encryption set to false 
2019-10-16 22:08:44,056 [Thread-208] INFO  container.ReplicationManager (ReplicationManager.java:start(162)) - Starting Replication Monitor Thread.
2019-10-16 22:08:44,059 [ReplicationMonitor] INFO  container.ReplicationManager (ReplicationManager.java:run(225)) - Replication Monitor Thread took 3 milliseconds for processing 1 containers.
2019-10-16 22:08:44,131 [pool-73-thread-3] INFO  impl.MetricsSystemImpl (MetricsSystemImpl.java:init(158)) - XceiverClientMetrics metrics system started (again)
2019-10-16 22:08:44,457 [pool-46-thread-1] ERROR impl.ChunkManagerImpl (ChunkManagerDummyImpl.java:writeChunk(86)) - data array does not match the length specified. DataLen: 1048576 Byte Array: 1048744
2019-10-16 22:08:44,458 [pool-46-thread-1] ERROR impl.ChunkManagerDummyImpl (ChunkManagerDummyImpl.java:writeChunk(105)) - write data failed. error: {}
org.apache.hadoop.hdds.scm.container.common.helpers.StorageContainerException: data array does not match the length specified. DataLen: 1048576 Byte Array: 1048744
	at org.apache.hadoop.ozone.container.keyvalue.impl.ChunkManagerDummyImpl.writeChunk(ChunkManagerDummyImpl.java:87)
	at org.apache.hadoop.ozone.container.keyvalue.KeyValueHandler.handleWriteChunk(KeyValueHandler.java:696)
	at org.apache.hadoop.ozone.container.keyvalue.KeyValueHandler.handle(KeyValueHandler.java:176)
	at org.apache.hadoop.ozone.container.common.impl.HddsDispatcher.dispatchRequest(HddsDispatcher.java:277)
	at org.apache.hadoop.ozone.container.common.impl.HddsDispatcher.dispatch(HddsDispatcher.java:150)
	at org.apache.hadoop.ozone.container.common.transport.server.ratis.ContainerStateMachine.dispatchCommand(ContainerStateMachine.java:415)
	at org.apache.hadoop.ozone.container.common.transport.server.ratis.ContainerStateMachine.runCommand(ContainerStateMachine.java:425)
	at org.apache.hadoop.ozone.container.common.transport.server.ratis.ContainerStateMachine.lambda$handleWriteChunk$1(ContainerStateMachine.java:460)
	at java.util.concurrent.CompletableFuture$AsyncSupply.run(CompletableFuture.java:1590)
	at java.util.concurrent.ThreadPoolExecutor.runWorker(ThreadPoolExecutor.java:1149)
	at java.util.concurrent.ThreadPoolExecutor$Worker.run(ThreadPoolExecutor.java:624)
	at java.lang.Thread.run(Thread.java:748)
2019-10-16 22:08:44,518 [pool-46-thread-1] INFO  keyvalue.KeyValueHandler (ContainerUtils.java:logAndReturnError(146)) - Operation: WriteChunk : Trace ID: f8c5fafcb221b68a:8eee2ec28e8cac1:bb7d3ec7caad6159:0 : Message: Internal error:  : Result: CONTAINER_INTERNAL_ERROR
2019-10-16 22:08:44,543 [EventQueue-IncrementalContainerReportForIncrementalContainerReportHandler] WARN  container.IncrementalContainerReportHandler (AbstractContainerReportHandler.java:updateContainerState(145)) - Container #1 is in OPEN state, but the datanode d9e6ea44-93db-446f-8020-a94232284285{ip: 192.168.157.254, host: pr-hdds-1868-qdb9g-714931517, networkLocation: /default-rack, certSerialId: null} reports an UNHEALTHY replica.
22:08:44.548 [pool-46-thread-1] ERROR DNAudit - user=null | ip=null | op=WRITE_CHUNK {blockData=conID: 1 locID: 102974339419865088 bcsId: 0} | ret=FAILURE
java.lang.Exception: Internal error: 
	at org.apache.hadoop.ozone.container.common.impl.HddsDispatcher.dispatchRequest(HddsDispatcher.java:332) ~[hadoop-hdds-container-service-0.5.0-SNAPSHOT.jar:?]
	at org.apache.hadoop.ozone.container.common.impl.HddsDispatcher.dispatch(HddsDispatcher.java:150) ~[hadoop-hdds-container-service-0.5.0-SNAPSHOT.jar:?]
	at org.apache.hadoop.ozone.container.common.transport.server.ratis.ContainerStateMachine.dispatchCommand(ContainerStateMachine.java:415) ~[hadoop-hdds-container-service-0.5.0-SNAPSHOT.jar:?]
	at org.apache.hadoop.ozone.container.common.transport.server.ratis.ContainerStateMachine.runCommand(ContainerStateMachine.java:425) ~[hadoop-hdds-container-service-0.5.0-SNAPSHOT.jar:?]
	at org.apache.hadoop.ozone.container.common.transport.server.ratis.ContainerStateMachine.lambda$handleWriteChunk$1(ContainerStateMachine.java:460) ~[hadoop-hdds-container-service-0.5.0-SNAPSHOT.jar:?]
	at java.util.concurrent.CompletableFuture$AsyncSupply.run(CompletableFuture.java:1590) [?:1.8.0_222]
	at java.util.concurrent.ThreadPoolExecutor.runWorker(ThreadPoolExecutor.java:1149) [?:1.8.0_222]
	at java.util.concurrent.ThreadPoolExecutor$Worker.run(ThreadPoolExecutor.java:624) [?:1.8.0_222]
	at java.lang.Thread.run(Thread.java:748) [?:1.8.0_222]
2019-10-16 22:08:44,559 [pool-46-thread-1] ERROR ratis.ContainerStateMachine (ContainerStateMachine.java:lambda$handleWriteChunk$2(482)) - group-80D6D19CFDB4: writeChunk writeStateMachineData failed: blockIdcontainerID: 1
localID: 102974339419865088
blockCommitSequenceId: 0
 logIndex 1 chunkName 102974339419865088_chunk_1 Error message: Internal error:  Container Result: CONTAINER_INTERNAL_ERROR
2019-10-16 22:08:44,566 [d9e6ea44-93db-446f-8020-a94232284285@group-80D6D19CFDB4-SegmentedRaftLogWorker] ERROR ratis.XceiverServerRatis (XceiverServerRatis.java:triggerPipelineClose(589)) - pipeline Action CLOSE  on pipeline PipelineID=66281218-b3b1-4348-9deb-80d6d19cfdb4.Reason : Internal error: 
2019-10-16 22:08:44,567 [d9e6ea44-93db-446f-8020-a94232284285@group-80D6D19CFDB4-SegmentedRaftLogWorker] ERROR ratis.XceiverServerRatis (XceiverServerRatis.java:triggerPipelineClose(589)) - pipeline Action CLOSE  on pipeline PipelineID=66281218-b3b1-4348-9deb-80d6d19cfdb4.Reason : Log already failed at index 1 for task WriteLog:1: (t:5, i:1), STATEMACHINELOGENTRY, client-D831DF88A497, cid=8
2019-10-16 22:08:44,569 [EventQueue-PipelineActionsForPipelineActionHandler] ERROR pipeline.PipelineActionHandler (PipelineActionHandler.java:onMessage(60)) - Received pipeline action CLOSE for Pipeline[ Id: 66281218-b3b1-4348-9deb-80d6d19cfdb4, Nodes: 3989452c-7599-4156-9543-3fe544ced0f3{ip: 192.168.157.254, host: pr-hdds-1868-qdb9g-714931517, networkLocation: /default-rack, certSerialId: null}eec99a0c-e1b1-4518-bc49-9d1a8c8e04d5{ip: 192.168.157.254, host: pr-hdds-1868-qdb9g-714931517, networkLocation: /default-rack, certSerialId: null}d9e6ea44-93db-446f-8020-a94232284285{ip: 192.168.157.254, host: pr-hdds-1868-qdb9g-714931517, networkLocation: /default-rack, certSerialId: null}, Type:RATIS, Factor:THREE, State:OPEN] from datanode d9e6ea44-93db-446f-8020-a94232284285{ip: 192.168.157.254, host: pr-hdds-1868-qdb9g-714931517, networkLocation: /default-rack, certSerialId: null}. Reason : Internal error: 
2019-10-16 22:08:44,570 [EventQueue-PipelineActionsForPipelineActionHandler] INFO  pipeline.SCMPipelineManager (SCMPipelineManager.java:finalizeAndDestroyPipeline(315)) - destroying pipeline:Pipeline[ Id: 66281218-b3b1-4348-9deb-80d6d19cfdb4, Nodes: 3989452c-7599-4156-9543-3fe544ced0f3{ip: 192.168.157.254, host: pr-hdds-1868-qdb9g-714931517, networkLocation: /default-rack, certSerialId: null}eec99a0c-e1b1-4518-bc49-9d1a8c8e04d5{ip: 192.168.157.254, host: pr-hdds-1868-qdb9g-714931517, networkLocation: /default-rack, certSerialId: null}d9e6ea44-93db-446f-8020-a94232284285{ip: 192.168.157.254, host: pr-hdds-1868-qdb9g-714931517, networkLocation: /default-rack, certSerialId: null}, Type:RATIS, Factor:THREE, State:OPEN]
2019-10-16 22:08:44,570 [EventQueue-PipelineActionsForPipelineActionHandler] INFO  pipeline.PipelineStateManager (PipelineStateManager.java:finalizePipeline(123)) - Pipeline Pipeline[ Id: 66281218-b3b1-4348-9deb-80d6d19cfdb4, Nodes: 3989452c-7599-4156-9543-3fe544ced0f3{ip: 192.168.157.254, host: pr-hdds-1868-qdb9g-714931517, networkLocation: /default-rack, certSerialId: null}eec99a0c-e1b1-4518-bc49-9d1a8c8e04d5{ip: 192.168.157.254, host: pr-hdds-1868-qdb9g-714931517, networkLocation: /default-rack, certSerialId: null}d9e6ea44-93db-446f-8020-a94232284285{ip: 192.168.157.254, host: pr-hdds-1868-qdb9g-714931517, networkLocation: /default-rack, certSerialId: null}, Type:RATIS, Factor:THREE, State:CLOSED] moved to CLOSED state
2019-10-16 22:08:44,571 [EventQueue-CloseContainerForCloseContainerEventHandler] INFO  container.CloseContainerEventHandler (CloseContainerEventHandler.java:onMessage(61)) - Close container Event triggered for container : #1
2019-10-16 22:08:44,573 [EventQueue-CloseContainerForCloseContainerEventHandler] INFO  container.CloseContainerEventHandler (CloseContainerEventHandler.java:onMessage(61)) - Close container Event triggered for container : #1
2019-10-16 22:08:44,574 [EventQueue-CloseContainerForCloseContainerEventHandler] INFO  container.CloseContainerEventHandler (CloseContainerEventHandler.java:onMessage(61)) - Close container Event triggered for container : #2
2019-10-16 22:08:44,574 [EventQueue-CloseContainerForCloseContainerEventHandler] INFO  container.CloseContainerEventHandler (CloseContainerEventHandler.java:onMessage(61)) - Close container Event triggered for container : #3
 0.00% |?                                                                                                    |  0/1 Time: 0:00:012019-10-16 22:08:45,716 [Command processor thread] ERROR commandhandler.CloseContainerCommandHandler (CloseContainerCommandHandler.java:handle(84)) - Container #2 does not exist in datanode. Container close failed.
2019-10-16 22:08:45,717 [Command processor thread] ERROR commandhandler.CloseContainerCommandHandler (CloseContainerCommandHandler.java:handle(84)) - Container #3 does not exist in datanode. Container close failed.
2019-10-16 22:08:45,745 [Command processor thread] ERROR commandhandler.CloseContainerCommandHandler (CloseContainerCommandHandler.java:handle(84)) - Container #2 does not exist in datanode. Container close failed.
2019-10-16 22:08:45,746 [Command processor thread] ERROR commandhandler.CloseContainerCommandHandler (CloseContainerCommandHandler.java:handle(84)) - Container #3 does not exist in datanode. Container close failed.
2019-10-16 22:08:45,746 [Command processor thread] ERROR commandhandler.CloseContainerCommandHandler (CloseContainerCommandHandler.java:handle(84)) - Container #2 does not exist in datanode. Container close failed.
2019-10-16 22:08:45,747 [Command processor thread] ERROR commandhandler.CloseContainerCommandHandler (CloseContainerCommandHandler.java:handle(84)) - Container #3 does not exist in datanode. Container close failed.
 0.00% |?                                                                                                    |  0/1 Time: 0:00:02 0.00% |?                                                                                                    |  0/1 Time: 0:00:03 0.00% |?                                                                                                    |  0/1 Time: 0:00:04 0.00% |?                                                                                                    |  0/1 Time: 0:00:05 0.00% |?                                                                                                    |  0/1 Time: 0:00:06 0.00% |?                                                                                                    |  0/1 Time: 0:00:07 0.00% |?                                                                                                    |  0/1 Time: 0:00:08 0.00% |?                                                                                                    |  0/1 Time: 0:00:09 0.00% |?                                                                                                    |  0/1 Time: 0:00:10 0.00% |?                                                                                                    |  0/1 Time: 0:00:11 0.00% |?                                                                                                    |  0/1 Time: 0:00:12 0.00% |?                                                                                                    |  0/1 Time: 0:00:13 0.00% |?                                                                                                    |  0/1 Time: 0:00:14 0.00% |?                                                                                                    |  0/1 Time: 0:00:15 0.00% |?                                                                                                    |  0/1 Time: 0:00:16 0.00% |?                                                                                                    |  0/1 Time: 0:00:17 0.00% |?                                                                                                    |  0/1 Time: 0:00:18 0.00% |?                                                                                                    |  0/1 Time: 0:00:19 0.00% |?                                                                                                    |  0/1 Time: 0:00:20 0.00% |?                                                                                                    |  0/1 Time: 0:00:21 0.00% |?                                                                                                    |  0/1 Time: 0:00:22 0.00% |?                                                                                                    |  0/1 Time: 0:00:23 0.00% |?                                                                                                    |  0/1 Time: 0:00:24 0.00% |?                                                                                                    |  0/1 Time: 0:00:25 0.00% |?                                                                                                    |  0/1 Time: 0:00:26 0.00% |?                                                                                                    |  0/1 Time: 0:00:27 0.00% |?                                                                                                    |  0/1 Time: 0:00:28 0.00% |?                                                                                                    |  0/1 Time: 0:00:29 0.00% |?                                                                                                    |  0/1 Time: 0:00:30 0.00% |?                                                                                                    |  0/1 Time: 0:00:31 0.00% |?                                                                                                    |  0/1 Time: 0:00:32 0.00% |?                                                                                                    |  0/1 Time: 0:00:33 0.00% |?                                                                                                    |  0/1 Time: 0:00:34 0.00% |?                                                                                                    |  0/1 Time: 0:00:35 0.00% |?                                                                                                    |  0/1 Time: 0:00:36 0.00% |?                                                                                                    |  0/1 Time: 0:00:37 0.00% |?                                                                                                    |  0/1 Time: 0:00:38 0.00% |?                                                                                                    |  0/1 Time: 0:00:39 0.00% |?                                                                                                    |  0/1 Time: 0:00:40 0.00% |?                                                                                                    |  0/1 Time: 0:00:41 0.00% |?                                                                                                    |  0/1 Time: 0:00:42 0.00% |?                                                                                                    |  0/1 Time: 0:00:43 0.00% |?                                                                                                    |  0/1 Time: 0:00:44 0.00% |?                                                                                                    |  0/1 Time: 0:00:45 0.00% |?                                                                                                    |  0/1 Time: 0:00:46 0.00% |?                                                                                                    |  0/1 Time: 0:00:47 0.00% |?                                                                                                    |  0/1 Time: 0:00:48 0.00% |?                                                                                                    |  0/1 Time: 0:00:49 0.00% |?                                                                                                    |  0/1 Time: 0:00:50 0.00% |?                                                                                                    |  0/1 Time: 0:00:51 0.00% |?                                                                                                    |  0/1 Time: 0:00:52 0.00% |?                                                                                                    |  0/1 Time: 0:00:53 0.00% |?                                                                                                    |  0/1 Time: 0:00:54 0.00% |?                                                                                                    |  0/1 Time: 0:00:55 0.00% |?                                                                                                    |  0/1 Time: 0:00:56 0.00% |?                                                                                                    |  0/1 Time: 0:00:57 0.00% |?                                                                                                    |  0/1 Time: 0:00:58 0.00% |?                                                                                                    |  0/1 Time: 0:00:59 0.00% |?                                                                                                    |  0/1 Time: 0:01:00 0.00% |?                                                                                                    |  0/1 Time: 0:01:01 0.00% |?                                                                                                    |  0/1 Time: 0:01:02 0.00% |?                                                                                                    |  0/1 Time: 0:01:03 0.00% |?                                                                                                    |  0/1 Time: 0:01:04 0.00% |?                                                                                                    |  0/1 Time: 0:01:05 0.00% |?                                                                                                    |  0/1 Time: 0:01:062019-10-16 22:09:50,596 [grpc-default-executor-3] INFO  impl.RaftServerProxy (RaftServerProxy.java:remove(95)) - 3989452c-7599-4156-9543-3fe544ced0f3: remove  FOLLOWER 3989452c-7599-4156-9543-3fe544ced0f3@group-80D6D19CFDB4:t5, leader=d9e6ea44-93db-446f-8020-a94232284285, voted=d9e6ea44-93db-446f-8020-a94232284285, raftlog=3989452c-7599-4156-9543-3fe544ced0f3@group-80D6D19CFDB4-SegmentedRaftLog:OPENED:c0,f2,i2, conf=0: [3989452c-7599-4156-9543-3fe544ced0f3:192.168.157.254:36320, eec99a0c-e1b1-4518-bc49-9d1a8c8e04d5:192.168.157.254:45598, d9e6ea44-93db-446f-8020-a94232284285:192.168.157.254:41671], old=null RUNNING
2019-10-16 22:09:50,602 [grpc-default-executor-3] INFO  impl.RaftServerImpl (RaftServerImpl.java:lambda$shutdown$3(261)) - 3989452c-7599-4156-9543-3fe544ced0f3@group-80D6D19CFDB4: shutdown
2019-10-16 22:09:50,602 [grpc-default-executor-3] INFO  util.JmxRegister (JmxRegister.java:unregister(73)) - Successfully un-registered JMX Bean with object name Ratis:service=RaftServer,group=group-80D6D19CFDB4,id=3989452c-7599-4156-9543-3fe544ced0f3
2019-10-16 22:09:50,603 [grpc-default-executor-3] INFO  impl.RoleInfo (RoleInfo.java:shutdownFollowerState(121)) - 3989452c-7599-4156-9543-3fe544ced0f3: shutdown FollowerState
2019-10-16 22:09:50,603 [grpc-default-executor-3] INFO  impl.StateMachineUpdater (StateMachineUpdater.java:stopAndJoin(136)) - 3989452c-7599-4156-9543-3fe544ced0f3@group-80D6D19CFDB4-StateMachineUpdater: set stopIndex = 0
2019-10-16 22:09:50,603 [Thread-269] INFO  impl.FollowerState (FollowerState.java:run(117)) - 3989452c-7599-4156-9543-3fe544ced0f3@group-80D6D19CFDB4-FollowerState was interrupted: java.lang.InterruptedException: sleep interrupted
2019-10-16 22:09:50,605 [grpc-default-executor-3] INFO  impl.RaftServerImpl (ServerState.java:close(388)) - 3989452c-7599-4156-9543-3fe544ced0f3@group-80D6D19CFDB4: closes. applyIndex: 0
2019-10-16 22:09:50,607 [3989452c-7599-4156-9543-3fe544ced0f3@group-80D6D19CFDB4-SegmentedRaftLogWorker] INFO  segmented.SegmentedRaftLogWorker (SegmentedRaftLogWorker.java:run(316)) - 3989452c-7599-4156-9543-3fe544ced0f3@group-80D6D19CFDB4-SegmentedRaftLogWorker was interrupted, exiting. There are 0 tasks remaining in the queue.
2019-10-16 22:09:50,612 [grpc-default-executor-3] INFO  segmented.SegmentedRaftLogWorker (SegmentedRaftLogWorker.java:close(224)) - 3989452c-7599-4156-9543-3fe544ced0f3@group-80D6D19CFDB4-SegmentedRaftLogWorker close()
2019-10-16 22:09:50,685 [grpc-default-executor-3] INFO  interfaces.Container (KeyValueContainer.java:flushAndSyncDB(386)) - Container 1 is synced with bcsId 0.
2019-10-16 22:09:50,686 [grpc-default-executor-3] INFO  interfaces.Container (KeyValueContainer.java:flushAndSyncDB(386)) - Container 1 is synced with bcsId 0.
2019-10-16 22:09:50,708 [EventQueue-IncrementalContainerReportForIncrementalContainerReportHandler] INFO  container.IncrementalContainerReportHandler (AbstractContainerReportHandler.java:updateContainerState(171)) - Moving container #1 to QUASI_CLOSED state, datanode 3989452c-7599-4156-9543-3fe544ced0f3{ip: 192.168.157.254, host: pr-hdds-1868-qdb9g-714931517, networkLocation: /default-rack, certSerialId: null} reported QUASI_CLOSED replica.
2019-10-16 22:09:50,716 [grpc-default-executor-3] INFO  impl.RaftServerProxy (RaftServerProxy.java:remove(95)) - eec99a0c-e1b1-4518-bc49-9d1a8c8e04d5: remove  FOLLOWER eec99a0c-e1b1-4518-bc49-9d1a8c8e04d5@group-80D6D19CFDB4:t5, leader=d9e6ea44-93db-446f-8020-a94232284285, voted=null, raftlog=eec99a0c-e1b1-4518-bc49-9d1a8c8e04d5@group-80D6D19CFDB4-SegmentedRaftLog:OPENED:c0,f2,i2, conf=0: [3989452c-7599-4156-9543-3fe544ced0f3:192.168.157.254:36320, eec99a0c-e1b1-4518-bc49-9d1a8c8e04d5:192.168.157.254:45598, d9e6ea44-93db-446f-8020-a94232284285:192.168.157.254:41671], old=null RUNNING
2019-10-16 22:09:50,716 [grpc-default-executor-3] INFO  impl.RaftServerImpl (RaftServerImpl.java:lambda$shutdown$3(261)) - eec99a0c-e1b1-4518-bc49-9d1a8c8e04d5@group-80D6D19CFDB4: shutdown
2019-10-16 22:09:50,716 [grpc-default-executor-3] INFO  util.JmxRegister (JmxRegister.java:unregister(73)) - Successfully un-registered JMX Bean with object name Ratis:service=RaftServer,group=group-80D6D19CFDB4,id=eec99a0c-e1b1-4518-bc49-9d1a8c8e04d5
2019-10-16 22:09:50,716 [grpc-default-executor-3] INFO  impl.RoleInfo (RoleInfo.java:shutdownFollowerState(121)) - eec99a0c-e1b1-4518-bc49-9d1a8c8e04d5: shutdown FollowerState
2019-10-16 22:09:50,717 [grpc-default-executor-3] INFO  impl.StateMachineUpdater (StateMachineUpdater.java:stopAndJoin(136)) - eec99a0c-e1b1-4518-bc49-9d1a8c8e04d5@group-80D6D19CFDB4-StateMachineUpdater: set stopIndex = 0
2019-10-16 22:09:50,717 [Thread-270] INFO  impl.FollowerState (FollowerState.java:run(117)) - eec99a0c-e1b1-4518-bc49-9d1a8c8e04d5@group-80D6D19CFDB4-FollowerState was interrupted: java.lang.InterruptedException: sleep interrupted
2019-10-16 22:09:50,719 [grpc-default-executor-3] INFO  impl.RaftServerImpl (ServerState.java:close(388)) - eec99a0c-e1b1-4518-bc49-9d1a8c8e04d5@group-80D6D19CFDB4: closes. applyIndex: 0
2019-10-16 22:09:50,719 [eec99a0c-e1b1-4518-bc49-9d1a8c8e04d5@group-80D6D19CFDB4-SegmentedRaftLogWorker] INFO  segmented.SegmentedRaftLogWorker (SegmentedRaftLogWorker.java:run(316)) - eec99a0c-e1b1-4518-bc49-9d1a8c8e04d5@group-80D6D19CFDB4-SegmentedRaftLogWorker was interrupted, exiting. There are 0 tasks remaining in the queue.
2019-10-16 22:09:50,720 [grpc-default-executor-3] INFO  segmented.SegmentedRaftLogWorker (SegmentedRaftLogWorker.java:close(224)) - eec99a0c-e1b1-4518-bc49-9d1a8c8e04d5@group-80D6D19CFDB4-SegmentedRaftLogWorker close()
2019-10-16 22:09:50,793 [grpc-default-executor-3] INFO  interfaces.Container (KeyValueContainer.java:flushAndSyncDB(386)) - Container 1 is synced with bcsId 0.
2019-10-16 22:09:50,794 [grpc-default-executor-3] INFO  interfaces.Container (KeyValueContainer.java:flushAndSyncDB(386)) - Container 1 is synced with bcsId 0.
2019-10-16 22:09:50,823 [grpc-default-executor-3] INFO  impl.RaftServerProxy (RaftServerProxy.java:remove(95)) - d9e6ea44-93db-446f-8020-a94232284285: remove    LEADER d9e6ea44-93db-446f-8020-a94232284285@group-80D6D19CFDB4:t5, leader=d9e6ea44-93db-446f-8020-a94232284285, voted=d9e6ea44-93db-446f-8020-a94232284285, raftlog=d9e6ea44-93db-446f-8020-a94232284285@group-80D6D19CFDB4-SegmentedRaftLog:OPENED:c0,f0,i2, conf=0: [3989452c-7599-4156-9543-3fe544ced0f3:192.168.157.254:36320, eec99a0c-e1b1-4518-bc49-9d1a8c8e04d5:192.168.157.254:45598, d9e6ea44-93db-446f-8020-a94232284285:192.168.157.254:41671], old=null RUNNING
2019-10-16 22:09:50,823 [grpc-default-executor-3] INFO  impl.RaftServerImpl (RaftServerImpl.java:lambda$shutdown$3(261)) - d9e6ea44-93db-446f-8020-a94232284285@group-80D6D19CFDB4: shutdown
2019-10-16 22:09:50,823 [grpc-default-executor-3] INFO  util.JmxRegister (JmxRegister.java:unregister(73)) - Successfully un-registered JMX Bean with object name Ratis:service=RaftServer,group=group-80D6D19CFDB4,id=d9e6ea44-93db-446f-8020-a94232284285
2019-10-16 22:09:50,823 [grpc-default-executor-3] INFO  impl.RoleInfo (RoleInfo.java:shutdownLeaderState(104)) - d9e6ea44-93db-446f-8020-a94232284285: shutdown LeaderState
2019-10-16 22:09:50,826 [org.apache.ratis.server.impl.LogAppender$AppenderDaemon$$Lambda$462/2111532691@7d0a9bc6] WARN  server.GrpcLogAppender (GrpcLogAppender.java:mayWait(149)) - d9e6ea44-93db-446f-8020-a94232284285@group-80D6D19CFDB4->3989452c-7599-4156-9543-3fe544ced0f3-GrpcLogAppender: Wait interrupted by java.lang.InterruptedException
2019-10-16 22:09:50,827 [org.apache.ratis.server.impl.LogAppender$AppenderDaemon$$Lambda$462/2111532691@2d9d21fd] WARN  server.GrpcLogAppender (GrpcLogAppender.java:mayWait(149)) - d9e6ea44-93db-446f-8020-a94232284285@group-80D6D19CFDB4->eec99a0c-e1b1-4518-bc49-9d1a8c8e04d5-GrpcLogAppender: Wait interrupted by java.lang.InterruptedException
2019-10-16 22:09:50,827 [grpc-default-executor-3] INFO  impl.PendingRequests (PendingRequests.java:sendNotLeaderResponses(202)) - d9e6ea44-93db-446f-8020-a94232284285@group-80D6D19CFDB4-PendingRequests: sendNotLeaderResponses
2019-10-16 22:09:50,829 [grpc-default-executor-5] INFO  server.GrpcServerProtocolService (GrpcServerProtocolService.java:onCompleted(113)) - 3989452c-7599-4156-9543-3fe544ced0f3: Completed APPEND_ENTRIES, lastRequest: d9e6ea44-93db-446f-8020-a94232284285->3989452c-7599-4156-9543-3fe544ced0f3#29-t5, previous=(t:5, i:2), leaderCommit=0, initializing? false, entries: <empty>
2019-10-16 22:09:50,829 [grpc-default-executor-1] INFO  server.GrpcServerProtocolService (GrpcServerProtocolService.java:onCompleted(113)) - eec99a0c-e1b1-4518-bc49-9d1a8c8e04d5: Completed APPEND_ENTRIES, lastRequest: d9e6ea44-93db-446f-8020-a94232284285->eec99a0c-e1b1-4518-bc49-9d1a8c8e04d5#29-t5, previous=(t:5, i:2), leaderCommit=0, initializing? false, entries: <empty>
2019-10-16 22:09:50,832 [grpc-default-executor-1] INFO  server.GrpcLogAppender (GrpcLogAppender.java:onCompleted(308)) - d9e6ea44-93db-446f-8020-a94232284285@group-80D6D19CFDB4->eec99a0c-e1b1-4518-bc49-9d1a8c8e04d5-AppendLogResponseHandler: follower responses appendEntries COMPLETED
2019-10-16 22:09:50,832 [grpc-default-executor-5] INFO  server.GrpcLogAppender (GrpcLogAppender.java:onCompleted(308)) - d9e6ea44-93db-446f-8020-a94232284285@group-80D6D19CFDB4->3989452c-7599-4156-9543-3fe544ced0f3-AppendLogResponseHandler: follower responses appendEntries COMPLETED
2019-10-16 22:09:50,843 [grpc-default-executor-1] INFO  impl.FollowerInfo (FollowerInfo.java:lambda$new$0(51)) - d9e6ea44-93db-446f-8020-a94232284285@group-80D6D19CFDB4->eec99a0c-e1b1-4518-bc49-9d1a8c8e04d5: nextIndex: updateUnconditionally 3 -> 2
2019-10-16 22:09:50,843 [grpc-default-executor-5] INFO  impl.FollowerInfo (FollowerInfo.java:lambda$new$0(51)) - d9e6ea44-93db-446f-8020-a94232284285@group-80D6D19CFDB4->3989452c-7599-4156-9543-3fe544ced0f3: nextIndex: updateUnconditionally 3 -> 2
2019-10-16 22:09:50,850 [grpc-default-executor-3] INFO  impl.StateMachineUpdater (StateMachineUpdater.java:stopAndJoin(136)) - d9e6ea44-93db-446f-8020-a94232284285@group-80D6D19CFDB4-StateMachineUpdater: set stopIndex = 0
2019-10-16 22:09:50,854 [grpc-default-executor-3] INFO  impl.RaftServerImpl (ServerState.java:close(388)) - d9e6ea44-93db-446f-8020-a94232284285@group-80D6D19CFDB4: closes. applyIndex: 0
2019-10-16 22:09:50,857 [d9e6ea44-93db-446f-8020-a94232284285@group-80D6D19CFDB4-SegmentedRaftLogWorker] INFO  segmented.SegmentedRaftLogWorker (SegmentedRaftLogWorker.java:run(316)) - d9e6ea44-93db-446f-8020-a94232284285@group-80D6D19CFDB4-SegmentedRaftLogWorker was interrupted, exiting. There are 0 tasks remaining in the queue.
2019-10-16 22:09:50,860 [grpc-default-executor-3] INFO  segmented.SegmentedRaftLogWorker (SegmentedRaftLogWorker.java:close(224)) - d9e6ea44-93db-446f-8020-a94232284285@group-80D6D19CFDB4-SegmentedRaftLogWorker close()
2019-10-16 22:09:50,868 [RatisPipelineUtilsThread] INFO  pipeline.PipelineStateManager (PipelineStateManager.java:removePipeline(108)) - Pipeline Pipeline[ Id: 66281218-b3b1-4348-9deb-80d6d19cfdb4, Nodes: 3989452c-7599-4156-9543-3fe544ced0f3{ip: 192.168.157.254, host: pr-hdds-1868-qdb9g-714931517, networkLocation: /default-rack, certSerialId: null}eec99a0c-e1b1-4518-bc49-9d1a8c8e04d5{ip: 192.168.157.254, host: pr-hdds-1868-qdb9g-714931517, networkLocation: /default-rack, certSerialId: null}d9e6ea44-93db-446f-8020-a94232284285{ip: 192.168.157.254, host: pr-hdds-1868-qdb9g-714931517, networkLocation: /default-rack, certSerialId: null}, Type:RATIS, Factor:THREE, State:CLOSED] removed from db
2019-10-16 22:09:50,880 [grpc-default-executor-7] INFO  impl.RaftServerProxy (RaftServerProxy.java:addNew(89)) - eec99a0c-e1b1-4518-bc49-9d1a8c8e04d5: addNew group-F663BAD95A1E:[3989452c-7599-4156-9543-3fe544ced0f3:192.168.157.254:36320, eec99a0c-e1b1-4518-bc49-9d1a8c8e04d5:192.168.157.254:45598, d9e6ea44-93db-446f-8020-a94232284285:192.168.157.254:41671] returns group-F663BAD95A1E:java.util.concurrent.CompletableFuture@7d587018[Not completed]
2019-10-16 22:09:50,881 [grpc-default-executor-5] INFO  impl.RaftServerProxy (RaftServerProxy.java:addNew(89)) - d9e6ea44-93db-446f-8020-a94232284285: addNew group-F663BAD95A1E:[3989452c-7599-4156-9543-3fe544ced0f3:192.168.157.254:36320, eec99a0c-e1b1-4518-bc49-9d1a8c8e04d5:192.168.157.254:45598, d9e6ea44-93db-446f-8020-a94232284285:192.168.157.254:41671] returns group-F663BAD95A1E:java.util.concurrent.CompletableFuture@7e532e1e[Not completed]
2019-10-16 22:09:50,883 [grpc-default-executor-7] INFO  impl.RaftServerProxy (RaftServerProxy.java:addNew(89)) - 3989452c-7599-4156-9543-3fe544ced0f3: addNew group-F663BAD95A1E:[3989452c-7599-4156-9543-3fe544ced0f3:192.168.157.254:36320, eec99a0c-e1b1-4518-bc49-9d1a8c8e04d5:192.168.157.254:45598, d9e6ea44-93db-446f-8020-a94232284285:192.168.157.254:41671] returns group-F663BAD95A1E:java.util.concurrent.CompletableFuture@7967fb6b[Not completed]
2019-10-16 22:09:50,885 [pool-27-thread-1] INFO  impl.RaftServerImpl (RaftServerImpl.java:<init>(104)) - eec99a0c-e1b1-4518-bc49-9d1a8c8e04d5: new RaftServerImpl for group-F663BAD95A1E:[3989452c-7599-4156-9543-3fe544ced0f3:192.168.157.254:36320, eec99a0c-e1b1-4518-bc49-9d1a8c8e04d5:192.168.157.254:45598, d9e6ea44-93db-446f-8020-a94232284285:192.168.157.254:41671] with ContainerStateMachine:uninitialized
2019-10-16 22:09:50,885 [pool-27-thread-1] INFO  server.RaftServerConfigKeys (ConfUtils.java:logGet(43)) - raft.server.rpc.timeout.min = 5s (custom)
2019-10-16 22:09:50,885 [pool-27-thread-1] INFO  server.RaftServerConfigKeys (ConfUtils.java:logGet(43)) - raft.server.rpc.timeout.max = 5200ms (custom)
2019-10-16 22:09:50,885 [pool-27-thread-1] INFO  server.RaftServerConfigKeys (ConfUtils.java:logGet(43)) - raft.server.rpcslowness.timeout = 120s (custom)
2019-10-16 22:09:50,885 [pool-27-thread-1] INFO  server.RaftServerConfigKeys (ConfUtils.java:logGet(43)) - raft.server.sleep.deviation.threshold = 300 (default)
2019-10-16 22:09:50,885 [pool-27-thread-1] INFO  server.RaftServerConfigKeys (ConfUtils.java:logGet(43)) - raft.server.log.appender.install.snapshot.enabled = false (custom)
2019-10-16 22:09:50,885 [pool-27-thread-1] INFO  impl.RaftServerImpl (ServerState.java:<init>(103)) - eec99a0c-e1b1-4518-bc49-9d1a8c8e04d5@group-F663BAD95A1E: ConfigurationManager, init=-1: [3989452c-7599-4156-9543-3fe544ced0f3:192.168.157.254:36320, eec99a0c-e1b1-4518-bc49-9d1a8c8e04d5:192.168.157.254:45598, d9e6ea44-93db-446f-8020-a94232284285:192.168.157.254:41671], old=null, confs=<EMPTY_MAP>
2019-10-16 22:09:50,886 [pool-27-thread-1] INFO  server.RaftServerConfigKeys (ConfUtils.java:logGet(43)) - raft.server.storage.dir = [/workdir/hadoop-ozone/tools/target/test-dir/MiniOzoneClusterImpl-402ec78b-26f6-4355-8079-1cdd4cc53632/datanode-0/data/ratis] (custom)
2019-10-16 22:09:50,886 [pool-57-thread-1] INFO  impl.RaftServerImpl (RaftServerImpl.java:<init>(104)) - 3989452c-7599-4156-9543-3fe544ced0f3: new RaftServerImpl for group-F663BAD95A1E:[3989452c-7599-4156-9543-3fe544ced0f3:192.168.157.254:36320, eec99a0c-e1b1-4518-bc49-9d1a8c8e04d5:192.168.157.254:45598, d9e6ea44-93db-446f-8020-a94232284285:192.168.157.254:41671] with ContainerStateMachine:uninitialized
2019-10-16 22:09:50,886 [pool-27-thread-1] INFO  server.RaftServerConfigKeys (ConfUtils.java:logGet(43)) - raft.server.log.corruption.policy = EXCEPTION (default)
2019-10-16 22:09:50,886 [pool-57-thread-1] INFO  server.RaftServerConfigKeys (ConfUtils.java:logGet(43)) - raft.server.rpc.timeout.min = 5s (custom)
2019-10-16 22:09:50,886 [pool-27-thread-1] INFO  storage.RaftStorageDirectory (RaftStorageDirectory.java:analyzeStorage(246)) - The storage directory /workdir/hadoop-ozone/tools/target/test-dir/MiniOzoneClusterImpl-402ec78b-26f6-4355-8079-1cdd4cc53632/datanode-0/data/ratis/035c56de-5620-4427-b179-f663bad95a1e does not exist. Creating ...
2019-10-16 22:09:50,886 [pool-57-thread-1] INFO  server.RaftServerConfigKeys (ConfUtils.java:logGet(43)) - raft.server.rpc.timeout.max = 5200ms (custom)
2019-10-16 22:09:50,887 [pool-57-thread-1] INFO  server.RaftServerConfigKeys (ConfUtils.java:logGet(43)) - raft.server.rpcslowness.timeout = 120s (custom)
2019-10-16 22:09:50,887 [pool-57-thread-1] INFO  server.RaftServerConfigKeys (ConfUtils.java:logGet(43)) - raft.server.sleep.deviation.threshold = 300 (default)
2019-10-16 22:09:50,887 [pool-57-thread-1] INFO  server.RaftServerConfigKeys (ConfUtils.java:logGet(43)) - raft.server.log.appender.install.snapshot.enabled = false (custom)
2019-10-16 22:09:50,887 [pool-57-thread-1] INFO  impl.RaftServerImpl (ServerState.java:<init>(103)) - 3989452c-7599-4156-9543-3fe544ced0f3@group-F663BAD95A1E: ConfigurationManager, init=-1: [3989452c-7599-4156-9543-3fe544ced0f3:192.168.157.254:36320, eec99a0c-e1b1-4518-bc49-9d1a8c8e04d5:192.168.157.254:45598, d9e6ea44-93db-446f-8020-a94232284285:192.168.157.254:41671], old=null, confs=<EMPTY_MAP>
2019-10-16 22:09:50,887 [pool-47-thread-1] INFO  impl.RaftServerImpl (RaftServerImpl.java:<init>(104)) - d9e6ea44-93db-446f-8020-a94232284285: new RaftServerImpl for group-F663BAD95A1E:[3989452c-7599-4156-9543-3fe544ced0f3:192.168.157.254:36320, eec99a0c-e1b1-4518-bc49-9d1a8c8e04d5:192.168.157.254:45598, d9e6ea44-93db-446f-8020-a94232284285:192.168.157.254:41671] with ContainerStateMachine:uninitialized
2019-10-16 22:09:50,887 [pool-57-thread-1] INFO  server.RaftServerConfigKeys (ConfUtils.java:logGet(43)) - raft.server.storage.dir = [/workdir/hadoop-ozone/tools/target/test-dir/MiniOzoneClusterImpl-402ec78b-26f6-4355-8079-1cdd4cc53632/datanode-3/data/ratis] (custom)
2019-10-16 22:09:50,888 [pool-47-thread-1] INFO  server.RaftServerConfigKeys (ConfUtils.java:logGet(43)) - raft.server.rpc.timeout.min = 5s (custom)
2019-10-16 22:09:50,888 [pool-47-thread-1] INFO  server.RaftServerConfigKeys (ConfUtils.java:logGet(43)) - raft.server.rpc.timeout.max = 5200ms (custom)
2019-10-16 22:09:50,888 [pool-57-thread-1] INFO  server.RaftServerConfigKeys (ConfUtils.java:logGet(43)) - raft.server.log.corruption.policy = EXCEPTION (default)
2019-10-16 22:09:50,888 [pool-47-thread-1] INFO  server.RaftServerConfigKeys (ConfUtils.java:logGet(43)) - raft.server.rpcslowness.timeout = 120s (custom)
2019-10-16 22:09:50,888 [pool-47-thread-1] INFO  server.RaftServerConfigKeys (ConfUtils.java:logGet(43)) - raft.server.sleep.deviation.threshold = 300 (default)
2019-10-16 22:09:50,888 [pool-57-thread-1] INFO  storage.RaftStorageDirectory (RaftStorageDirectory.java:analyzeStorage(246)) - The storage directory /workdir/hadoop-ozone/tools/target/test-dir/MiniOzoneClusterImpl-402ec78b-26f6-4355-8079-1cdd4cc53632/datanode-3/data/ratis/035c56de-5620-4427-b179-f663bad95a1e does not exist. Creating ...
2019-10-16 22:09:50,888 [pool-47-thread-1] INFO  server.RaftServerConfigKeys (ConfUtils.java:logGet(43)) - raft.server.log.appender.install.snapshot.enabled = false (custom)
2019-10-16 22:09:50,889 [pool-47-thread-1] INFO  impl.RaftServerImpl (ServerState.java:<init>(103)) - d9e6ea44-93db-446f-8020-a94232284285@group-F663BAD95A1E: ConfigurationManager, init=-1: [3989452c-7599-4156-9543-3fe544ced0f3:192.168.157.254:36320, eec99a0c-e1b1-4518-bc49-9d1a8c8e04d5:192.168.157.254:45598, d9e6ea44-93db-446f-8020-a94232284285:192.168.157.254:41671], old=null, confs=<EMPTY_MAP>
2019-10-16 22:09:50,889 [pool-47-thread-1] INFO  server.RaftServerConfigKeys (ConfUtils.java:logGet(43)) - raft.server.storage.dir = [/workdir/hadoop-ozone/tools/target/test-dir/MiniOzoneClusterImpl-402ec78b-26f6-4355-8079-1cdd4cc53632/datanode-2/data/ratis] (custom)
2019-10-16 22:09:50,889 [pool-47-thread-1] INFO  server.RaftServerConfigKeys (ConfUtils.java:logGet(43)) - raft.server.log.corruption.policy = EXCEPTION (default)
2019-10-16 22:09:50,890 [pool-47-thread-1] INFO  storage.RaftStorageDirectory (RaftStorageDirectory.java:analyzeStorage(246)) - The storage directory /workdir/hadoop-ozone/tools/target/test-dir/MiniOzoneClusterImpl-402ec78b-26f6-4355-8079-1cdd4cc53632/datanode-2/data/ratis/035c56de-5620-4427-b179-f663bad95a1e does not exist. Creating ...
 0.00% |?                                                                                                    |  0/1 Time: 0:01:072019-10-16 22:09:50,912 [pool-57-thread-1] INFO  storage.RaftStorageDirectory (RaftStorageDirectory.java:tryLock(328)) - Lock on /workdir/hadoop-ozone/tools/target/test-dir/MiniOzoneClusterImpl-402ec78b-26f6-4355-8079-1cdd4cc53632/datanode-3/data/ratis/035c56de-5620-4427-b179-f663bad95a1e/in_use.lock acquired by nodename 12003@pr-hdds-1868-qdb9g-714931517
2019-10-16 22:09:50,912 [pool-27-thread-1] INFO  storage.RaftStorageDirectory (RaftStorageDirectory.java:tryLock(328)) - Lock on /workdir/hadoop-ozone/tools/target/test-dir/MiniOzoneClusterImpl-402ec78b-26f6-4355-8079-1cdd4cc53632/datanode-0/data/ratis/035c56de-5620-4427-b179-f663bad95a1e/in_use.lock acquired by nodename 12003@pr-hdds-1868-qdb9g-714931517
2019-10-16 22:09:50,912 [pool-47-thread-1] INFO  storage.RaftStorageDirectory (RaftStorageDirectory.java:tryLock(328)) - Lock on /workdir/hadoop-ozone/tools/target/test-dir/MiniOzoneClusterImpl-402ec78b-26f6-4355-8079-1cdd4cc53632/datanode-2/data/ratis/035c56de-5620-4427-b179-f663bad95a1e/in_use.lock acquired by nodename 12003@pr-hdds-1868-qdb9g-714931517
2019-10-16 22:09:50,936 [pool-57-thread-1] INFO  storage.RaftStorage (RaftStorage.java:format(84)) - Storage directory /workdir/hadoop-ozone/tools/target/test-dir/MiniOzoneClusterImpl-402ec78b-26f6-4355-8079-1cdd4cc53632/datanode-3/data/ratis/035c56de-5620-4427-b179-f663bad95a1e has been successfully formatted.
2019-10-16 22:09:50,936 [pool-27-thread-1] INFO  storage.RaftStorage (RaftStorage.java:format(84)) - Storage directory /workdir/hadoop-ozone/tools/target/test-dir/MiniOzoneClusterImpl-402ec78b-26f6-4355-8079-1cdd4cc53632/datanode-0/data/ratis/035c56de-5620-4427-b179-f663bad95a1e has been successfully formatted.
2019-10-16 22:09:50,936 [pool-47-thread-1] INFO  storage.RaftStorage (RaftStorage.java:format(84)) - Storage directory /workdir/hadoop-ozone/tools/target/test-dir/MiniOzoneClusterImpl-402ec78b-26f6-4355-8079-1cdd4cc53632/datanode-2/data/ratis/035c56de-5620-4427-b179-f663bad95a1e has been successfully formatted.
2019-10-16 22:09:50,937 [pool-57-thread-1] INFO  ratis.ContainerStateMachine (ContainerStateMachine.java:loadSnapshot(233)) - group-F663BAD95A1E: The snapshot info is null. Setting the last applied indexto:(t:0, i:~)
2019-10-16 22:09:50,937 [pool-27-thread-1] INFO  ratis.ContainerStateMachine (ContainerStateMachine.java:loadSnapshot(233)) - group-F663BAD95A1E: The snapshot info is null. Setting the last applied indexto:(t:0, i:~)
2019-10-16 22:09:50,937 [pool-57-thread-1] INFO  server.RaftServerConfigKeys (ConfUtils.java:logGet(43)) - raft.server.notification.no-leader.timeout = 120s (custom)
2019-10-16 22:09:50,937 [pool-47-thread-1] INFO  ratis.ContainerStateMachine (ContainerStateMachine.java:loadSnapshot(233)) - group-F663BAD95A1E: The snapshot info is null. Setting the last applied indexto:(t:0, i:~)
2019-10-16 22:09:50,937 [pool-57-thread-1] INFO  server.RaftServerConfigKeys (ConfUtils.java:logGet(43)) - raft.server.log.use.memory = false (default)
2019-10-16 22:09:50,937 [pool-27-thread-1] INFO  server.RaftServerConfigKeys (ConfUtils.java:logGet(43)) - raft.server.notification.no-leader.timeout = 120s (custom)
2019-10-16 22:09:50,938 [pool-57-thread-1] INFO  server.RaftServerConfigKeys (ConfUtils.java:logGet(43)) - raft.server.log.purge.gap = 1000000 (custom)
2019-10-16 22:09:50,937 [pool-47-thread-1] INFO  server.RaftServerConfigKeys (ConfUtils.java:logGet(43)) - raft.server.notification.no-leader.timeout = 120s (custom)
2019-10-16 22:09:50,938 [pool-57-thread-1] INFO  server.RaftServerConfigKeys (ConfUtils.java:logGet(43)) - raft.server.log.appender.buffer.byte-limit = 33554432 (custom)
2019-10-16 22:09:50,938 [pool-27-thread-1] INFO  server.RaftServerConfigKeys (ConfUtils.java:logGet(43)) - raft.server.log.use.memory = false (default)
2019-10-16 22:09:50,938 [pool-57-thread-1] INFO  server.RaftServerConfigKeys (ConfUtils.java:logGet(43)) - raft.server.log.segment.size.max = 1048576 (custom)
2019-10-16 22:09:50,938 [pool-47-thread-1] INFO  server.RaftServerConfigKeys (ConfUtils.java:logGet(43)) - raft.server.log.use.memory = false (default)
2019-10-16 22:09:50,938 [pool-57-thread-1] INFO  server.RaftServerConfigKeys (ConfUtils.java:logGet(43)) - raft.server.log.segment.cache.num.max = 2 (custom)
2019-10-16 22:09:50,938 [pool-27-thread-1] INFO  server.RaftServerConfigKeys (ConfUtils.java:logGet(43)) - raft.server.log.purge.gap = 1000000 (custom)
2019-10-16 22:09:50,939 [pool-57-thread-1] INFO  segmented.SegmentedRaftLogWorker (SegmentedRaftLogWorker.java:<init>(173)) - new 3989452c-7599-4156-9543-3fe544ced0f3@group-F663BAD95A1E-SegmentedRaftLogWorker for RaftStorage:Storage Directory /workdir/hadoop-ozone/tools/target/test-dir/MiniOzoneClusterImpl-402ec78b-26f6-4355-8079-1cdd4cc53632/datanode-3/data/ratis/035c56de-5620-4427-b179-f663bad95a1e
2019-10-16 22:09:50,939 [pool-47-thread-1] INFO  server.RaftServerConfigKeys (ConfUtils.java:logGet(43)) - raft.server.log.purge.gap = 1000000 (custom)
2019-10-16 22:09:50,939 [pool-57-thread-1] INFO  server.RaftServerConfigKeys (ConfUtils.java:logGet(43)) - raft.server.log.queue.byte-limit = 2147483647 (custom)
2019-10-16 22:09:50,939 [pool-27-thread-1] INFO  server.RaftServerConfigKeys (ConfUtils.java:logGet(43)) - raft.server.log.appender.buffer.byte-limit = 33554432 (custom)
2019-10-16 22:09:50,939 [pool-57-thread-1] INFO  server.RaftServerConfigKeys (ConfUtils.java:logGet(43)) - raft.server.log.queue.element-limit = 1024 (custom)
2019-10-16 22:09:50,939 [pool-47-thread-1] INFO  server.RaftServerConfigKeys (ConfUtils.java:logGet(43)) - raft.server.log.appender.buffer.byte-limit = 33554432 (custom)
2019-10-16 22:09:50,939 [pool-57-thread-1] INFO  server.RaftServerConfigKeys (ConfUtils.java:logGet(43)) - raft.server.log.segment.size.max = 1048576 (custom)
2019-10-16 22:09:50,939 [pool-27-thread-1] INFO  server.RaftServerConfigKeys (ConfUtils.java:logGet(43)) - raft.server.log.segment.size.max = 1048576 (custom)
2019-10-16 22:09:50,940 [pool-57-thread-1] INFO  server.RaftServerConfigKeys (ConfUtils.java:logGet(43)) - raft.server.log.preallocated.size = 16384 (custom)
2019-10-16 22:09:50,940 [pool-47-thread-1] INFO  server.RaftServerConfigKeys (ConfUtils.java:logGet(43)) - raft.server.log.segment.size.max = 1048576 (custom)
2019-10-16 22:09:50,940 [pool-57-thread-1] INFO  server.RaftServerConfigKeys (ConfUtils.java:logGet(43)) - raft.server.log.write.buffer.size = 33554432 (custom)
2019-10-16 22:09:50,940 [pool-27-thread-1] INFO  server.RaftServerConfigKeys (ConfUtils.java:logGet(43)) - raft.server.log.segment.cache.num.max = 2 (custom)
2019-10-16 22:09:50,940 [pool-57-thread-1] INFO  server.RaftServerConfigKeys (ConfUtils.java:logGet(43)) - raft.server.log.force.sync.num = 128 (default)
2019-10-16 22:09:50,940 [pool-47-thread-1] INFO  server.RaftServerConfigKeys (ConfUtils.java:logGet(43)) - raft.server.log.segment.cache.num.max = 2 (custom)
2019-10-16 22:09:50,941 [pool-57-thread-1] INFO  server.RaftServerConfigKeys (ConfUtils.java:logGet(43)) - raft.server.log.statemachine.data.sync = true (default)
2019-10-16 22:09:50,941 [pool-47-thread-1] INFO  segmented.SegmentedRaftLogWorker (SegmentedRaftLogWorker.java:<init>(173)) - new d9e6ea44-93db-446f-8020-a94232284285@group-F663BAD95A1E-SegmentedRaftLogWorker for RaftStorage:Storage Directory /workdir/hadoop-ozone/tools/target/test-dir/MiniOzoneClusterImpl-402ec78b-26f6-4355-8079-1cdd4cc53632/datanode-2/data/ratis/035c56de-5620-4427-b179-f663bad95a1e
2019-10-16 22:09:50,940 [pool-27-thread-1] INFO  segmented.SegmentedRaftLogWorker (SegmentedRaftLogWorker.java:<init>(173)) - new eec99a0c-e1b1-4518-bc49-9d1a8c8e04d5@group-F663BAD95A1E-SegmentedRaftLogWorker for RaftStorage:Storage Directory /workdir/hadoop-ozone/tools/target/test-dir/MiniOzoneClusterImpl-402ec78b-26f6-4355-8079-1cdd4cc53632/datanode-0/data/ratis/035c56de-5620-4427-b179-f663bad95a1e
2019-10-16 22:09:50,941 [pool-47-thread-1] INFO  server.RaftServerConfigKeys (ConfUtils.java:logGet(43)) - raft.server.log.queue.byte-limit = 2147483647 (custom)
2019-10-16 22:09:50,941 [pool-57-thread-1] INFO  server.RaftServerConfigKeys (ConfUtils.java:logGet(43)) - raft.server.log.statemachine.data.sync.timeout = 10s (default)
2019-10-16 22:09:50,941 [pool-47-thread-1] INFO  server.RaftServerConfigKeys (ConfUtils.java:logGet(43)) - raft.server.log.queue.element-limit = 1024 (custom)
2019-10-16 22:09:50,941 [pool-27-thread-1] INFO  server.RaftServerConfigKeys (ConfUtils.java:logGet(43)) - raft.server.log.queue.byte-limit = 2147483647 (custom)
2019-10-16 22:09:50,942 [pool-47-thread-1] INFO  server.RaftServerConfigKeys (ConfUtils.java:logGet(43)) - raft.server.log.segment.size.max = 1048576 (custom)
2019-10-16 22:09:50,941 [pool-57-thread-1] INFO  server.RaftServerConfigKeys (ConfUtils.java:logGet(43)) - raft.server.log.statemachine.data.sync.timeout.retry = -1 (default)
2019-10-16 22:09:50,942 [pool-47-thread-1] INFO  server.RaftServerConfigKeys (ConfUtils.java:logGet(43)) - raft.server.log.preallocated.size = 16384 (custom)
2019-10-16 22:09:50,942 [pool-27-thread-1] INFO  server.RaftServerConfigKeys (ConfUtils.java:logGet(43)) - raft.server.log.queue.element-limit = 1024 (custom)
2019-10-16 22:09:50,942 [pool-57-thread-1] INFO  server.RaftServerConfigKeys (ConfUtils.java:logGet(43)) - raft.server.log.statemachine.data.caching.enabled = true (custom)
2019-10-16 22:09:50,942 [pool-47-thread-1] INFO  server.RaftServerConfigKeys (ConfUtils.java:logGet(43)) - raft.server.log.write.buffer.size = 33554432 (custom)
2019-10-16 22:09:50,942 [pool-27-thread-1] INFO  server.RaftServerConfigKeys (ConfUtils.java:logGet(43)) - raft.server.log.segment.size.max = 1048576 (custom)
2019-10-16 22:09:50,943 [pool-47-thread-1] INFO  server.RaftServerConfigKeys (ConfUtils.java:logGet(43)) - raft.server.log.force.sync.num = 128 (default)
2019-10-16 22:09:50,943 [pool-27-thread-1] INFO  server.RaftServerConfigKeys (ConfUtils.java:logGet(43)) - raft.server.log.preallocated.size = 16384 (custom)
2019-10-16 22:09:50,943 [pool-57-thread-1] INFO  segmented.SegmentedRaftLogWorker (SegmentedRaftLogWorker.java:lambda$new$0(128)) - 3989452c-7599-4156-9543-3fe544ced0f3@group-F663BAD95A1E-SegmentedRaftLogWorker: flushIndex: setUnconditionally 0 -> -1
2019-10-16 22:09:50,943 [pool-27-thread-1] INFO  server.RaftServerConfigKeys (ConfUtils.java:logGet(43)) - raft.server.log.write.buffer.size = 33554432 (custom)
2019-10-16 22:09:50,943 [pool-47-thread-1] INFO  server.RaftServerConfigKeys (ConfUtils.java:logGet(43)) - raft.server.log.statemachine.data.sync = true (default)
2019-10-16 22:09:50,943 [pool-27-thread-1] INFO  server.RaftServerConfigKeys (ConfUtils.java:logGet(43)) - raft.server.log.force.sync.num = 128 (default)
2019-10-16 22:09:50,943 [pool-47-thread-1] INFO  server.RaftServerConfigKeys (ConfUtils.java:logGet(43)) - raft.server.log.statemachine.data.sync.timeout = 10s (default)
2019-10-16 22:09:50,943 [pool-57-thread-1] INFO  server.RaftServerConfigKeys (ConfUtils.java:logGet(43)) - raft.server.snapshot.auto.trigger.enabled = true (custom)
2019-10-16 22:09:50,944 [pool-47-thread-1] INFO  server.RaftServerConfigKeys (ConfUtils.java:logGet(43)) - raft.server.log.statemachine.data.sync.timeout.retry = -1 (default)
2019-10-16 22:09:50,943 [pool-27-thread-1] INFO  server.RaftServerConfigKeys (ConfUtils.java:logGet(43)) - raft.server.log.statemachine.data.sync = true (default)
2019-10-16 22:09:50,944 [pool-57-thread-1] INFO  server.RaftServerConfigKeys (ConfUtils.java:logGet(43)) - raft.server.snapshot.auto.trigger.threshold = 10000 (custom)
2019-10-16 22:09:50,944 [pool-27-thread-1] INFO  server.RaftServerConfigKeys (ConfUtils.java:logGet(43)) - raft.server.log.statemachine.data.sync.timeout = 10s (default)
2019-10-16 22:09:50,944 [pool-47-thread-1] INFO  server.RaftServerConfigKeys (ConfUtils.java:logGet(43)) - raft.server.log.statemachine.data.caching.enabled = true (custom)
2019-10-16 22:09:50,944 [pool-27-thread-1] INFO  server.RaftServerConfigKeys (ConfUtils.java:logGet(43)) - raft.server.log.statemachine.data.sync.timeout.retry = -1 (default)
2019-10-16 22:09:50,944 [pool-57-thread-1] INFO  server.RaftServerConfigKeys (ConfUtils.java:logGet(43)) - raft.server.snapshot.retention.file.num = 5 (custom)
2019-10-16 22:09:50,944 [pool-47-thread-1] INFO  segmented.SegmentedRaftLogWorker (SegmentedRaftLogWorker.java:lambda$new$0(128)) - d9e6ea44-93db-446f-8020-a94232284285@group-F663BAD95A1E-SegmentedRaftLogWorker: flushIndex: setUnconditionally 0 -> -1
2019-10-16 22:09:50,945 [pool-57-thread-1] INFO  server.RaftServerConfigKeys (ConfUtils.java:logGet(43)) - raft.server.retrycache.expirytime = 600000ms (custom)
2019-10-16 22:09:50,944 [pool-27-thread-1] INFO  server.RaftServerConfigKeys (ConfUtils.java:logGet(43)) - raft.server.log.statemachine.data.caching.enabled = true (custom)
2019-10-16 22:09:50,945 [pool-47-thread-1] INFO  server.RaftServerConfigKeys (ConfUtils.java:logGet(43)) - raft.server.snapshot.auto.trigger.enabled = true (custom)
2019-10-16 22:09:50,945 [pool-27-thread-1] INFO  segmented.SegmentedRaftLogWorker (SegmentedRaftLogWorker.java:lambda$new$0(128)) - eec99a0c-e1b1-4518-bc49-9d1a8c8e04d5@group-F663BAD95A1E-SegmentedRaftLogWorker: flushIndex: setUnconditionally 0 -> -1
2019-10-16 22:09:50,945 [pool-47-thread-1] INFO  server.RaftServerConfigKeys (ConfUtils.java:logGet(43)) - raft.server.snapshot.auto.trigger.threshold = 10000 (custom)
2019-10-16 22:09:50,945 [pool-27-thread-1] INFO  server.RaftServerConfigKeys (ConfUtils.java:logGet(43)) - raft.server.snapshot.auto.trigger.enabled = true (custom)
2019-10-16 22:09:50,945 [pool-47-thread-1] INFO  server.RaftServerConfigKeys (ConfUtils.java:logGet(43)) - raft.server.snapshot.retention.file.num = 5 (custom)
2019-10-16 22:09:50,946 [pool-27-thread-1] INFO  server.RaftServerConfigKeys (ConfUtils.java:logGet(43)) - raft.server.snapshot.auto.trigger.threshold = 10000 (custom)
2019-10-16 22:09:50,946 [pool-27-thread-1] INFO  server.RaftServerConfigKeys (ConfUtils.java:logGet(43)) - raft.server.snapshot.retention.file.num = 5 (custom)
2019-10-16 22:09:50,946 [pool-47-thread-1] INFO  server.RaftServerConfigKeys (ConfUtils.java:logGet(43)) - raft.server.retrycache.expirytime = 600000ms (custom)
2019-10-16 22:09:50,946 [pool-27-thread-1] INFO  server.RaftServerConfigKeys (ConfUtils.java:logGet(43)) - raft.server.retrycache.expirytime = 600000ms (custom)
2019-10-16 22:09:50,949 [pool-57-thread-1] INFO  impl.RaftServerImpl (RaftServerImpl.java:start(195)) - 3989452c-7599-4156-9543-3fe544ced0f3@group-F663BAD95A1E: start as a follower, conf=-1: [3989452c-7599-4156-9543-3fe544ced0f3:192.168.157.254:36320, eec99a0c-e1b1-4518-bc49-9d1a8c8e04d5:192.168.157.254:45598, d9e6ea44-93db-446f-8020-a94232284285:192.168.157.254:41671], old=null
2019-10-16 22:09:50,950 [pool-57-thread-1] INFO  impl.RaftServerImpl (RaftServerImpl.java:setRole(184)) - 3989452c-7599-4156-9543-3fe544ced0f3@group-F663BAD95A1E: changes role from      null to FOLLOWER at term 0 for startAsFollower
2019-10-16 22:09:50,950 [pool-57-thread-1] INFO  impl.RoleInfo (RoleInfo.java:updateAndGet(143)) - 3989452c-7599-4156-9543-3fe544ced0f3: start FollowerState
2019-10-16 22:09:50,950 [pool-57-thread-1] INFO  util.JmxRegister (JmxRegister.java:tryRegister(44)) - Successfully registered JMX Bean with object name Ratis:service=RaftServer,group=group-F663BAD95A1E,id=3989452c-7599-4156-9543-3fe544ced0f3
2019-10-16 22:09:50,950 [pool-47-thread-1] INFO  impl.RaftServerImpl (RaftServerImpl.java:start(195)) - d9e6ea44-93db-446f-8020-a94232284285@group-F663BAD95A1E: start as a follower, conf=-1: [3989452c-7599-4156-9543-3fe544ced0f3:192.168.157.254:36320, eec99a0c-e1b1-4518-bc49-9d1a8c8e04d5:192.168.157.254:45598, d9e6ea44-93db-446f-8020-a94232284285:192.168.157.254:41671], old=null
2019-10-16 22:09:50,950 [pool-27-thread-1] INFO  impl.RaftServerImpl (RaftServerImpl.java:start(195)) - eec99a0c-e1b1-4518-bc49-9d1a8c8e04d5@group-F663BAD95A1E: start as a follower, conf=-1: [3989452c-7599-4156-9543-3fe544ced0f3:192.168.157.254:36320, eec99a0c-e1b1-4518-bc49-9d1a8c8e04d5:192.168.157.254:45598, d9e6ea44-93db-446f-8020-a94232284285:192.168.157.254:41671], old=null
2019-10-16 22:09:50,950 [pool-47-thread-1] INFO  impl.RaftServerImpl (RaftServerImpl.java:setRole(184)) - d9e6ea44-93db-446f-8020-a94232284285@group-F663BAD95A1E: changes role from      null to FOLLOWER at term 0 for startAsFollower
2019-10-16 22:09:50,951 [pool-27-thread-1] INFO  impl.RaftServerImpl (RaftServerImpl.java:setRole(184)) - eec99a0c-e1b1-4518-bc49-9d1a8c8e04d5@group-F663BAD95A1E: changes role from      null to FOLLOWER at term 0 for startAsFollower
2019-10-16 22:09:50,951 [pool-47-thread-1] INFO  impl.RoleInfo (RoleInfo.java:updateAndGet(143)) - d9e6ea44-93db-446f-8020-a94232284285: start FollowerState
2019-10-16 22:09:50,951 [pool-27-thread-1] INFO  impl.RoleInfo (RoleInfo.java:updateAndGet(143)) - eec99a0c-e1b1-4518-bc49-9d1a8c8e04d5: start FollowerState
2019-10-16 22:09:50,951 [pool-47-thread-1] INFO  util.JmxRegister (JmxRegister.java:tryRegister(44)) - Successfully registered JMX Bean with object name Ratis:service=RaftServer,group=group-F663BAD95A1E,id=d9e6ea44-93db-446f-8020-a94232284285
2019-10-16 22:09:50,951 [pool-27-thread-1] INFO  util.JmxRegister (JmxRegister.java:tryRegister(44)) - Successfully registered JMX Bean with object name Ratis:service=RaftServer,group=group-F663BAD95A1E,id=eec99a0c-e1b1-4518-bc49-9d1a8c8e04d5
2019-10-16 22:09:50,962 [RatisPipelineUtilsThread] INFO  pipeline.PipelineStateManager (PipelineStateManager.java:addPipeline(57)) - Created pipeline Pipeline[ Id: 035c56de-5620-4427-b179-f663bad95a1e, Nodes: 3989452c-7599-4156-9543-3fe544ced0f3{ip: 192.168.157.254, host: pr-hdds-1868-qdb9g-714931517, networkLocation: /default-rack, certSerialId: null}eec99a0c-e1b1-4518-bc49-9d1a8c8e04d5{ip: 192.168.157.254, host: pr-hdds-1868-qdb9g-714931517, networkLocation: /default-rack, certSerialId: null}d9e6ea44-93db-446f-8020-a94232284285{ip: 192.168.157.254, host: pr-hdds-1868-qdb9g-714931517, networkLocation: /default-rack, certSerialId: null}, Type:RATIS, Factor:THREE, State:ALLOCATED]
2019-10-16 22:09:51,019 [Thread-387] INFO  impl.FollowerState (FollowerState.java:run(108)) - eec99a0c-e1b1-4518-bc49-9d1a8c8e04d5@group-F663BAD95A1E-FollowerState: change to CANDIDATE, lastRpcTime:68ms, electionTimeout:68ms
2019-10-16 22:09:51,020 [Thread-387] INFO  impl.RoleInfo (RoleInfo.java:shutdownFollowerState(121)) - eec99a0c-e1b1-4518-bc49-9d1a8c8e04d5: shutdown FollowerState
2019-10-16 22:09:51,020 [Thread-387] INFO  impl.RaftServerImpl (RaftServerImpl.java:setRole(184)) - eec99a0c-e1b1-4518-bc49-9d1a8c8e04d5@group-F663BAD95A1E: changes role from  FOLLOWER to CANDIDATE at term 0 for changeToCandidate
2019-10-16 22:09:51,020 [Thread-387] INFO  impl.RoleInfo (RoleInfo.java:updateAndGet(143)) - eec99a0c-e1b1-4518-bc49-9d1a8c8e04d5: start LeaderElection
2019-10-16 22:09:51,037 [eec99a0c-e1b1-4518-bc49-9d1a8c8e04d5@group-F663BAD95A1E-LeaderElection8] INFO  impl.LeaderElection (LeaderElection.java:askForVotes(178)) - eec99a0c-e1b1-4518-bc49-9d1a8c8e04d5@group-F663BAD95A1E-LeaderElection8: begin an election at term 1 for -1: [3989452c-7599-4156-9543-3fe544ced0f3:192.168.157.254:36320, eec99a0c-e1b1-4518-bc49-9d1a8c8e04d5:192.168.157.254:45598, d9e6ea44-93db-446f-8020-a94232284285:192.168.157.254:41671], old=null
2019-10-16 22:09:51,055 [grpc-default-executor-7] INFO  impl.RaftServerImpl (RaftServerImpl.java:setRole(184)) - 3989452c-7599-4156-9543-3fe544ced0f3@group-F663BAD95A1E: changes role from  FOLLOWER to FOLLOWER at term 1 for recognizeCandidate:eec99a0c-e1b1-4518-bc49-9d1a8c8e04d5
2019-10-16 22:09:51,056 [grpc-default-executor-7] INFO  impl.RoleInfo (RoleInfo.java:shutdownFollowerState(121)) - 3989452c-7599-4156-9543-3fe544ced0f3: shutdown FollowerState
2019-10-16 22:09:51,056 [grpc-default-executor-5] INFO  impl.RaftServerImpl (RaftServerImpl.java:setRole(184)) - d9e6ea44-93db-446f-8020-a94232284285@group-F663BAD95A1E: changes role from  FOLLOWER to FOLLOWER at term 1 for recognizeCandidate:eec99a0c-e1b1-4518-bc49-9d1a8c8e04d5
2019-10-16 22:09:51,056 [Thread-385] INFO  impl.FollowerState (FollowerState.java:run(117)) - 3989452c-7599-4156-9543-3fe544ced0f3@group-F663BAD95A1E-FollowerState was interrupted: java.lang.InterruptedException: sleep interrupted
2019-10-16 22:09:51,056 [grpc-default-executor-7] INFO  impl.RoleInfo (RoleInfo.java:updateAndGet(143)) - 3989452c-7599-4156-9543-3fe544ced0f3: start FollowerState
2019-10-16 22:09:51,056 [grpc-default-executor-5] INFO  impl.RoleInfo (RoleInfo.java:shutdownFollowerState(121)) - d9e6ea44-93db-446f-8020-a94232284285: shutdown FollowerState
2019-10-16 22:09:51,061 [Thread-386] INFO  impl.FollowerState (FollowerState.java:run(117)) - d9e6ea44-93db-446f-8020-a94232284285@group-F663BAD95A1E-FollowerState was interrupted: java.lang.InterruptedException: sleep interrupted
2019-10-16 22:09:51,061 [grpc-default-executor-5] INFO  impl.RoleInfo (RoleInfo.java:updateAndGet(143)) - d9e6ea44-93db-446f-8020-a94232284285: start FollowerState
2019-10-16 22:09:51,077 [eec99a0c-e1b1-4518-bc49-9d1a8c8e04d5@group-F663BAD95A1E-LeaderElection8] INFO  impl.LeaderElection (LeaderElection.java:logAndReturn(56)) - eec99a0c-e1b1-4518-bc49-9d1a8c8e04d5@group-F663BAD95A1E-LeaderElection8: Election PASSED; received 1 response(s) [eec99a0c-e1b1-4518-bc49-9d1a8c8e04d5<-3989452c-7599-4156-9543-3fe544ced0f3#0:OK-t1] and 0 exception(s); eec99a0c-e1b1-4518-bc49-9d1a8c8e04d5@group-F663BAD95A1E:t1, leader=null, voted=eec99a0c-e1b1-4518-bc49-9d1a8c8e04d5, raftlog=eec99a0c-e1b1-4518-bc49-9d1a8c8e04d5@group-F663BAD95A1E-SegmentedRaftLog:OPENED:c-1,f-1,i0, conf=-1: [3989452c-7599-4156-9543-3fe544ced0f3:192.168.157.254:36320, eec99a0c-e1b1-4518-bc49-9d1a8c8e04d5:192.168.157.254:45598, d9e6ea44-93db-446f-8020-a94232284285:192.168.157.254:41671], old=null
2019-10-16 22:09:51,077 [eec99a0c-e1b1-4518-bc49-9d1a8c8e04d5@group-F663BAD95A1E-LeaderElection8] INFO  impl.RoleInfo (RoleInfo.java:shutdownLeaderElection(134)) - eec99a0c-e1b1-4518-bc49-9d1a8c8e04d5: shutdown LeaderElection
2019-10-16 22:09:51,078 [eec99a0c-e1b1-4518-bc49-9d1a8c8e04d5@group-F663BAD95A1E-LeaderElection8] INFO  impl.RaftServerImpl (RaftServerImpl.java:setRole(184)) - eec99a0c-e1b1-4518-bc49-9d1a8c8e04d5@group-F663BAD95A1E: changes role from CANDIDATE to LEADER at term 1 for changeToLeader
2019-10-16 22:09:51,078 [eec99a0c-e1b1-4518-bc49-9d1a8c8e04d5@group-F663BAD95A1E-LeaderElection8] INFO  ratis.XceiverServerRatis (XceiverServerRatis.java:handleLeaderChangedNotification(700)) - Leader change notification received for group: group-F663BAD95A1E with new leaderId: eec99a0c-e1b1-4518-bc49-9d1a8c8e04d5
2019-10-16 22:09:51,078 [eec99a0c-e1b1-4518-bc49-9d1a8c8e04d5@group-F663BAD95A1E-LeaderElection8] INFO  impl.RaftServerImpl (ServerState.java:setLeader(256)) - eec99a0c-e1b1-4518-bc49-9d1a8c8e04d5@group-F663BAD95A1E: change Leader from null to eec99a0c-e1b1-4518-bc49-9d1a8c8e04d5 at term 1 for becomeLeader, leader elected after 141ms
2019-10-16 22:09:51,079 [eec99a0c-e1b1-4518-bc49-9d1a8c8e04d5@group-F663BAD95A1E-LeaderElection8] INFO  server.RaftServerConfigKeys (ConfUtils.java:logGet(43)) - raft.server.staging.catchup.gap = 1000 (default)
2019-10-16 22:09:51,079 [eec99a0c-e1b1-4518-bc49-9d1a8c8e04d5@group-F663BAD95A1E-LeaderElection8] INFO  server.RaftServerConfigKeys (ConfUtils.java:logGet(43)) - raft.server.rpc.sleep.time = 25ms (default)
2019-10-16 22:09:51,079 [eec99a0c-e1b1-4518-bc49-9d1a8c8e04d5@group-F663BAD95A1E-LeaderElection8] INFO  server.RaftServerConfigKeys (ConfUtils.java:logGet(43)) - raft.server.write.element-limit = 4096 (default)
2019-10-16 22:09:51,079 [eec99a0c-e1b1-4518-bc49-9d1a8c8e04d5@group-F663BAD95A1E-LeaderElection8] INFO  server.RaftServerConfigKeys (ConfUtils.java:logGet(43)) - raft.server.watch.timeout = 10s (default)
2019-10-16 22:09:51,079 [eec99a0c-e1b1-4518-bc49-9d1a8c8e04d5@group-F663BAD95A1E-LeaderElection8] INFO  server.RaftServerConfigKeys (ConfUtils.java:logGet(43)) - raft.server.watch.timeout.denomination = 1s (default)
2019-10-16 22:09:51,079 [eec99a0c-e1b1-4518-bc49-9d1a8c8e04d5@group-F663BAD95A1E-LeaderElection8] INFO  server.RaftServerConfigKeys (ConfUtils.java:logGet(43)) - raft.server.watch.element-limit = 65536 (default)
2019-10-16 22:09:51,080 [EventQueue-PipelineReportForPipelineReportHandler] INFO  pipeline.PipelineReportHandler (PipelineReportHandler.java:processPipelineReport(119)) - Pipeline PipelineID=035c56de-5620-4427-b179-f663bad95a1e reported by eec99a0c-e1b1-4518-bc49-9d1a8c8e04d5{ip: 192.168.157.254, host: pr-hdds-1868-qdb9g-714931517, networkLocation: /default-rack, certSerialId: null} with leaderId eec99a0c-e1b1-4518-bc49-9d1a8c8e04d5
2019-10-16 22:09:51,083 [eec99a0c-e1b1-4518-bc49-9d1a8c8e04d5@group-F663BAD95A1E-LeaderElection8] INFO  server.RaftServerConfigKeys (ConfUtils.java:logGet(43)) - raft.server.log.appender.snapshot.chunk.size.max = 16MB (=16777216) (default)
2019-10-16 22:09:51,083 [eec99a0c-e1b1-4518-bc49-9d1a8c8e04d5@group-F663BAD95A1E-LeaderElection8] INFO  server.RaftServerConfigKeys (ConfUtils.java:logGet(43)) - raft.server.log.appender.buffer.byte-limit = 33554432 (custom)
2019-10-16 22:09:51,083 [eec99a0c-e1b1-4518-bc49-9d1a8c8e04d5@group-F663BAD95A1E-LeaderElection8] INFO  server.RaftServerConfigKeys (ConfUtils.java:logGet(43)) - raft.server.log.appender.buffer.element-limit = 1 (custom)
2019-10-16 22:09:51,083 [eec99a0c-e1b1-4518-bc49-9d1a8c8e04d5@group-F663BAD95A1E-LeaderElection8] INFO  grpc.GrpcConfigKeys$Server (ConfUtils.java:logGet(43)) - raft.grpc.server.leader.outstanding.appends.max = 128 (default)
2019-10-16 22:09:51,083 [eec99a0c-e1b1-4518-bc49-9d1a8c8e04d5@group-F663BAD95A1E-LeaderElection8] INFO  server.RaftServerConfigKeys (ConfUtils.java:logGet(43)) - raft.server.rpc.request.timeout = 3000ms (default)
2019-10-16 22:09:51,084 [eec99a0c-e1b1-4518-bc49-9d1a8c8e04d5@group-F663BAD95A1E-LeaderElection8] INFO  server.RaftServerConfigKeys (ConfUtils.java:logGet(43)) - raft.server.log.appender.install.snapshot.enabled = false (custom)
2019-10-16 22:09:51,085 [eec99a0c-e1b1-4518-bc49-9d1a8c8e04d5@group-F663BAD95A1E-LeaderElection8] INFO  server.RaftServerConfigKeys (ConfUtils.java:logGet(43)) - raft.server.log.appender.snapshot.chunk.size.max = 16MB (=16777216) (default)
2019-10-16 22:09:51,086 [eec99a0c-e1b1-4518-bc49-9d1a8c8e04d5@group-F663BAD95A1E-LeaderElection8] INFO  server.RaftServerConfigKeys (ConfUtils.java:logGet(43)) - raft.server.log.appender.buffer.byte-limit = 33554432 (custom)
2019-10-16 22:09:51,086 [eec99a0c-e1b1-4518-bc49-9d1a8c8e04d5@group-F663BAD95A1E-LeaderElection8] INFO  server.RaftServerConfigKeys (ConfUtils.java:logGet(43)) - raft.server.log.appender.buffer.element-limit = 1 (custom)
2019-10-16 22:09:51,086 [eec99a0c-e1b1-4518-bc49-9d1a8c8e04d5@group-F663BAD95A1E-LeaderElection8] INFO  grpc.GrpcConfigKeys$Server (ConfUtils.java:logGet(43)) - raft.grpc.server.leader.outstanding.appends.max = 128 (default)
2019-10-16 22:09:51,086 [eec99a0c-e1b1-4518-bc49-9d1a8c8e04d5@group-F663BAD95A1E-LeaderElection8] INFO  server.RaftServerConfigKeys (ConfUtils.java:logGet(43)) - raft.server.rpc.request.timeout = 3000ms (default)
2019-10-16 22:09:51,086 [eec99a0c-e1b1-4518-bc49-9d1a8c8e04d5@group-F663BAD95A1E-LeaderElection8] INFO  server.RaftServerConfigKeys (ConfUtils.java:logGet(43)) - raft.server.log.appender.install.snapshot.enabled = false (custom)
2019-10-16 22:09:51,088 [eec99a0c-e1b1-4518-bc49-9d1a8c8e04d5@group-F663BAD95A1E-LeaderElection8] INFO  impl.RoleInfo (RoleInfo.java:updateAndGet(143)) - eec99a0c-e1b1-4518-bc49-9d1a8c8e04d5: start LeaderState
2019-10-16 22:09:51,088 [eec99a0c-e1b1-4518-bc49-9d1a8c8e04d5@group-F663BAD95A1E-LeaderElection8] INFO  segmented.SegmentedRaftLogWorker (SegmentedRaftLogWorker.java:startLogSegment(385)) - eec99a0c-e1b1-4518-bc49-9d1a8c8e04d5@group-F663BAD95A1E-SegmentedRaftLogWorker: Starting segment from index:0
2019-10-16 22:09:51,089 [eec99a0c-e1b1-4518-bc49-9d1a8c8e04d5@group-F663BAD95A1E-LeaderElection8] INFO  impl.RaftServerImpl (ServerState.java:setRaftConf(357)) - eec99a0c-e1b1-4518-bc49-9d1a8c8e04d5@group-F663BAD95A1E: set configuration 0: [3989452c-7599-4156-9543-3fe544ced0f3:192.168.157.254:36320, eec99a0c-e1b1-4518-bc49-9d1a8c8e04d5:192.168.157.254:45598, d9e6ea44-93db-446f-8020-a94232284285:192.168.157.254:41671], old=null at 0
2019-10-16 22:09:51,116 [grpc-default-executor-7] INFO  ratis.XceiverServerRatis (XceiverServerRatis.java:handleLeaderChangedNotification(700)) - Leader change notification received for group: group-F663BAD95A1E with new leaderId: eec99a0c-e1b1-4518-bc49-9d1a8c8e04d5
2019-10-16 22:09:51,116 [grpc-default-executor-5] INFO  ratis.XceiverServerRatis (XceiverServerRatis.java:handleLeaderChangedNotification(700)) - Leader change notification received for group: group-F663BAD95A1E with new leaderId: eec99a0c-e1b1-4518-bc49-9d1a8c8e04d5
2019-10-16 22:09:51,116 [grpc-default-executor-7] INFO  impl.RaftServerImpl (ServerState.java:setLeader(256)) - d9e6ea44-93db-446f-8020-a94232284285@group-F663BAD95A1E: change Leader from null to eec99a0c-e1b1-4518-bc49-9d1a8c8e04d5 at term 1 for appendEntries, leader elected after 178ms
2019-10-16 22:09:51,116 [grpc-default-executor-5] INFO  impl.RaftServerImpl (ServerState.java:setLeader(256)) - 3989452c-7599-4156-9543-3fe544ced0f3@group-F663BAD95A1E: change Leader from null to eec99a0c-e1b1-4518-bc49-9d1a8c8e04d5 at term 1 for appendEntries, leader elected after 178ms
2019-10-16 22:09:51,117 [EventQueue-PipelineReportForPipelineReportHandler] INFO  pipeline.PipelineReportHandler (PipelineReportHandler.java:processPipelineReport(119)) - Pipeline PipelineID=035c56de-5620-4427-b179-f663bad95a1e reported by d9e6ea44-93db-446f-8020-a94232284285{ip: 192.168.157.254, host: pr-hdds-1868-qdb9g-714931517, networkLocation: /default-rack, certSerialId: null} with leaderId eec99a0c-e1b1-4518-bc49-9d1a8c8e04d5
2019-10-16 22:09:51,117 [EventQueue-PipelineReportForPipelineReportHandler] INFO  pipeline.PipelineReportHandler (PipelineReportHandler.java:processPipelineReport(119)) - Pipeline PipelineID=035c56de-5620-4427-b179-f663bad95a1e reported by 3989452c-7599-4156-9543-3fe544ced0f3{ip: 192.168.157.254, host: pr-hdds-1868-qdb9g-714931517, networkLocation: /default-rack, certSerialId: null} with leaderId eec99a0c-e1b1-4518-bc49-9d1a8c8e04d5
2019-10-16 22:09:51,118 [EventQueue-PipelineReportForPipelineReportHandler] INFO  pipeline.PipelineStateManager (PipelineStateManager.java:openPipeline(136)) - Pipeline Pipeline[ Id: 035c56de-5620-4427-b179-f663bad95a1e, Nodes: 3989452c-7599-4156-9543-3fe544ced0f3{ip: 192.168.157.254, host: pr-hdds-1868-qdb9g-714931517, networkLocation: /default-rack, certSerialId: null}eec99a0c-e1b1-4518-bc49-9d1a8c8e04d5{ip: 192.168.157.254, host: pr-hdds-1868-qdb9g-714931517, networkLocation: /default-rack, certSerialId: null}d9e6ea44-93db-446f-8020-a94232284285{ip: 192.168.157.254, host: pr-hdds-1868-qdb9g-714931517, networkLocation: /default-rack, certSerialId: null}, Type:RATIS, Factor:THREE, State:OPEN] moved to OPEN state
2019-10-16 22:09:51,119 [grpc-default-executor-5] INFO  impl.RaftServerImpl (ServerState.java:setRaftConf(357)) - d9e6ea44-93db-446f-8020-a94232284285@group-F663BAD95A1E: set configuration 0: [3989452c-7599-4156-9543-3fe544ced0f3:192.168.157.254:36320, eec99a0c-e1b1-4518-bc49-9d1a8c8e04d5:192.168.157.254:45598, d9e6ea44-93db-446f-8020-a94232284285:192.168.157.254:41671], old=null at 0
2019-10-16 22:09:51,119 [grpc-default-executor-7] INFO  impl.RaftServerImpl (ServerState.java:setRaftConf(357)) - 3989452c-7599-4156-9543-3fe544ced0f3@group-F663BAD95A1E: set configuration 0: [3989452c-7599-4156-9543-3fe544ced0f3:192.168.157.254:36320, eec99a0c-e1b1-4518-bc49-9d1a8c8e04d5:192.168.157.254:45598, d9e6ea44-93db-446f-8020-a94232284285:192.168.157.254:41671], old=null at 0
2019-10-16 22:09:51,120 [grpc-default-executor-5] INFO  segmented.SegmentedRaftLogWorker (SegmentedRaftLogWorker.java:startLogSegment(385)) - d9e6ea44-93db-446f-8020-a94232284285@group-F663BAD95A1E-SegmentedRaftLogWorker: Starting segment from index:0
2019-10-16 22:09:51,120 [grpc-default-executor-7] INFO  segmented.SegmentedRaftLogWorker (SegmentedRaftLogWorker.java:startLogSegment(385)) - 3989452c-7599-4156-9543-3fe544ced0f3@group-F663BAD95A1E-SegmentedRaftLogWorker: Starting segment from index:0
2019-10-16 22:09:51,130 [eec99a0c-e1b1-4518-bc49-9d1a8c8e04d5@group-F663BAD95A1E-SegmentedRaftLogWorker] INFO  segmented.SegmentedRaftLogWorker (SegmentedRaftLogWorker.java:execute(576)) - eec99a0c-e1b1-4518-bc49-9d1a8c8e04d5@group-F663BAD95A1E-SegmentedRaftLogWorker: created new log segment /workdir/hadoop-ozone/tools/target/test-dir/MiniOzoneClusterImpl-402ec78b-26f6-4355-8079-1cdd4cc53632/datanode-0/data/ratis/035c56de-5620-4427-b179-f663bad95a1e/current/log_inprogress_0
2019-10-16 22:09:51,148 [3989452c-7599-4156-9543-3fe544ced0f3@group-F663BAD95A1E-SegmentedRaftLogWorker] INFO  segmented.SegmentedRaftLogWorker (SegmentedRaftLogWorker.java:execute(576)) - 3989452c-7599-4156-9543-3fe544ced0f3@group-F663BAD95A1E-SegmentedRaftLogWorker: created new log segment /workdir/hadoop-ozone/tools/target/test-dir/MiniOzoneClusterImpl-402ec78b-26f6-4355-8079-1cdd4cc53632/datanode-3/data/ratis/035c56de-5620-4427-b179-f663bad95a1e/current/log_inprogress_0
2019-10-16 22:09:51,148 [d9e6ea44-93db-446f-8020-a94232284285@group-F663BAD95A1E-SegmentedRaftLogWorker] INFO  segmented.SegmentedRaftLogWorker (SegmentedRaftLogWorker.java:execute(576)) - d9e6ea44-93db-446f-8020-a94232284285@group-F663BAD95A1E-SegmentedRaftLogWorker: created new log segment /workdir/hadoop-ozone/tools/target/test-dir/MiniOzoneClusterImpl-402ec78b-26f6-4355-8079-1cdd4cc53632/datanode-2/data/ratis/035c56de-5620-4427-b179-f663bad95a1e/current/log_inprogress_0
 0.00% |?                                                                                                    |  0/1 Time: 0:01:082019-10-16 22:09:51,925 [pool-73-thread-3] WARN  io.KeyOutputStream (KeyOutputStream.java:handleException(274)) - Encountered exception java.io.IOException: Unexpected Storage Container Exception: java.util.concurrent.CompletionException: java.util.concurrent.CompletionException: org.apache.ratis.protocol.GroupMismatchException: eec99a0c-e1b1-4518-bc49-9d1a8c8e04d5: group-80D6D19CFDB4 not found. on the pipeline Pipeline[ Id: 66281218-b3b1-4348-9deb-80d6d19cfdb4, Nodes: 3989452c-7599-4156-9543-3fe544ced0f3{ip: 192.168.157.254, host: pr-hdds-1868-qdb9g-714931517, networkLocation: /default-rack, certSerialId: null}eec99a0c-e1b1-4518-bc49-9d1a8c8e04d5{ip: 192.168.157.254, host: pr-hdds-1868-qdb9g-714931517, networkLocation: /default-rack, certSerialId: null}d9e6ea44-93db-446f-8020-a94232284285{ip: 192.168.157.254, host: pr-hdds-1868-qdb9g-714931517, networkLocation: /default-rack, certSerialId: null}, Type:RATIS, Factor:THREE, State:OPEN]. The last committed block length is 0, uncommitted data length is 2097152 retry count 0
2019-10-16 22:09:52,129 [pool-26-thread-2] ERROR impl.ChunkManagerImpl (ChunkManagerDummyImpl.java:writeChunk(86)) - data array does not match the length specified. DataLen: 1048576 Byte Array: 1048745
2019-10-16 22:09:52,130 [pool-26-thread-2] ERROR impl.ChunkManagerDummyImpl (ChunkManagerDummyImpl.java:writeChunk(105)) - write data failed. error: {}
org.apache.hadoop.hdds.scm.container.common.helpers.StorageContainerException: data array does not match the length specified. DataLen: 1048576 Byte Array: 1048745
	at org.apache.hadoop.ozone.container.keyvalue.impl.ChunkManagerDummyImpl.writeChunk(ChunkManagerDummyImpl.java:87)
	at org.apache.hadoop.ozone.container.keyvalue.KeyValueHandler.handleWriteChunk(KeyValueHandler.java:696)
	at org.apache.hadoop.ozone.container.keyvalue.KeyValueHandler.handle(KeyValueHandler.java:176)
	at org.apache.hadoop.ozone.container.common.impl.HddsDispatcher.dispatchRequest(HddsDispatcher.java:277)
	at org.apache.hadoop.ozone.container.common.impl.HddsDispatcher.dispatch(HddsDispatcher.java:150)
	at org.apache.hadoop.ozone.container.common.transport.server.ratis.ContainerStateMachine.dispatchCommand(ContainerStateMachine.java:415)
	at org.apache.hadoop.ozone.container.common.transport.server.ratis.ContainerStateMachine.runCommand(ContainerStateMachine.java:425)
	at org.apache.hadoop.ozone.container.common.transport.server.ratis.ContainerStateMachine.lambda$handleWriteChunk$1(ContainerStateMachine.java:460)
	at java.util.concurrent.CompletableFuture$AsyncSupply.run(CompletableFuture.java:1590)
	at java.util.concurrent.ThreadPoolExecutor.runWorker(ThreadPoolExecutor.java:1149)
	at java.util.concurrent.ThreadPoolExecutor$Worker.run(ThreadPoolExecutor.java:624)
	at java.lang.Thread.run(Thread.java:748)
2019-10-16 22:09:52,131 [pool-26-thread-2] INFO  keyvalue.KeyValueHandler (ContainerUtils.java:logAndReturnError(146)) - Operation: WriteChunk : Trace ID: f8c5fafcb221b68a:5974316503a78050:bb7d3ec7caad6159:0 : Message: Internal error:  : Result: CONTAINER_INTERNAL_ERROR
2019-10-16 22:09:52,138 [EventQueue-IncrementalContainerReportForIncrementalContainerReportHandler] WARN  container.IncrementalContainerReportHandler (AbstractContainerReportHandler.java:updateContainerState(145)) - Container #4 is in OPEN state, but the datanode eec99a0c-e1b1-4518-bc49-9d1a8c8e04d5{ip: 192.168.157.254, host: pr-hdds-1868-qdb9g-714931517, networkLocation: /default-rack, certSerialId: null} reports an UNHEALTHY replica.
2019-10-16 22:09:52,139 [EventQueue-CloseContainerForCloseContainerEventHandler] INFO  container.CloseContainerEventHandler (CloseContainerEventHandler.java:onMessage(61)) - Close container Event triggered for container : #4
22:09:52.137 [pool-26-thread-2] ERROR DNAudit - user=null | ip=null | op=WRITE_CHUNK {blockData=conID: 4 locID: 102974343869235206 bcsId: 0} | ret=FAILURE
java.lang.Exception: Internal error: 
	at org.apache.hadoop.ozone.container.common.impl.HddsDispatcher.dispatchRequest(HddsDispatcher.java:332) ~[hadoop-hdds-container-service-0.5.0-SNAPSHOT.jar:?]
	at org.apache.hadoop.ozone.container.common.impl.HddsDispatcher.dispatch(HddsDispatcher.java:150) ~[hadoop-hdds-container-service-0.5.0-SNAPSHOT.jar:?]
	at org.apache.hadoop.ozone.container.common.transport.server.ratis.ContainerStateMachine.dispatchCommand(ContainerStateMachine.java:415) ~[hadoop-hdds-container-service-0.5.0-SNAPSHOT.jar:?]
	at org.apache.hadoop.ozone.container.common.transport.server.ratis.ContainerStateMachine.runCommand(ContainerStateMachine.java:425) ~[hadoop-hdds-container-service-0.5.0-SNAPSHOT.jar:?]
	at org.apache.hadoop.ozone.container.common.transport.server.ratis.ContainerStateMachine.lambda$handleWriteChunk$1(ContainerStateMachine.java:460) ~[hadoop-hdds-container-service-0.5.0-SNAPSHOT.jar:?]
	at java.util.concurrent.CompletableFuture$AsyncSupply.run(CompletableFuture.java:1590) [?:1.8.0_222]
	at java.util.concurrent.ThreadPoolExecutor.runWorker(ThreadPoolExecutor.java:1149) [?:1.8.0_222]
	at java.util.concurrent.ThreadPoolExecutor$Worker.run(ThreadPoolExecutor.java:624) [?:1.8.0_222]
	at java.lang.Thread.run(Thread.java:748) [?:1.8.0_222]
2019-10-16 22:09:52,140 [pool-26-thread-2] ERROR ratis.ContainerStateMachine (ContainerStateMachine.java:lambda$handleWriteChunk$2(482)) - group-F663BAD95A1E: writeChunk writeStateMachineData failed: blockIdcontainerID: 4
localID: 102974343869235206
blockCommitSequenceId: 0
 logIndex 1 chunkName 102974343869235206_chunk_1 Error message: Internal error:  Container Result: CONTAINER_INTERNAL_ERROR
2019-10-16 22:09:52,141 [eec99a0c-e1b1-4518-bc49-9d1a8c8e04d5@group-F663BAD95A1E-SegmentedRaftLogWorker] ERROR ratis.XceiverServerRatis (XceiverServerRatis.java:triggerPipelineClose(589)) - pipeline Action CLOSE  on pipeline PipelineID=035c56de-5620-4427-b179-f663bad95a1e.Reason : Internal error: 
2019-10-16 22:09:52,141 [eec99a0c-e1b1-4518-bc49-9d1a8c8e04d5@group-F663BAD95A1E-SegmentedRaftLogWorker] ERROR ratis.XceiverServerRatis (XceiverServerRatis.java:triggerPipelineClose(589)) - pipeline Action CLOSE  on pipeline PipelineID=035c56de-5620-4427-b179-f663bad95a1e.Reason : Log already failed at index 1 for task WriteLog:1: (t:1, i:1), STATEMACHINELOGENTRY, client-F96125E61A4A, cid=18
2019-10-16 22:09:52,142 [EventQueue-PipelineActionsForPipelineActionHandler] ERROR pipeline.PipelineActionHandler (PipelineActionHandler.java:onMessage(60)) - Received pipeline action CLOSE for Pipeline[ Id: 035c56de-5620-4427-b179-f663bad95a1e, Nodes: 3989452c-7599-4156-9543-3fe544ced0f3{ip: 192.168.157.254, host: pr-hdds-1868-qdb9g-714931517, networkLocation: /default-rack, certSerialId: null}eec99a0c-e1b1-4518-bc49-9d1a8c8e04d5{ip: 192.168.157.254, host: pr-hdds-1868-qdb9g-714931517, networkLocation: /default-rack, certSerialId: null}d9e6ea44-93db-446f-8020-a94232284285{ip: 192.168.157.254, host: pr-hdds-1868-qdb9g-714931517, networkLocation: /default-rack, certSerialId: null}, Type:RATIS, Factor:THREE, State:OPEN] from datanode eec99a0c-e1b1-4518-bc49-9d1a8c8e04d5{ip: 192.168.157.254, host: pr-hdds-1868-qdb9g-714931517, networkLocation: /default-rack, certSerialId: null}. Reason : Internal error: 
2019-10-16 22:09:52,142 [EventQueue-PipelineActionsForPipelineActionHandler] INFO  pipeline.SCMPipelineManager (SCMPipelineManager.java:finalizeAndDestroyPipeline(315)) - destroying pipeline:Pipeline[ Id: 035c56de-5620-4427-b179-f663bad95a1e, Nodes: 3989452c-7599-4156-9543-3fe544ced0f3{ip: 192.168.157.254, host: pr-hdds-1868-qdb9g-714931517, networkLocation: /default-rack, certSerialId: null}eec99a0c-e1b1-4518-bc49-9d1a8c8e04d5{ip: 192.168.157.254, host: pr-hdds-1868-qdb9g-714931517, networkLocation: /default-rack, certSerialId: null}d9e6ea44-93db-446f-8020-a94232284285{ip: 192.168.157.254, host: pr-hdds-1868-qdb9g-714931517, networkLocation: /default-rack, certSerialId: null}, Type:RATIS, Factor:THREE, State:OPEN]
2019-10-16 22:09:52,142 [EventQueue-PipelineActionsForPipelineActionHandler] INFO  pipeline.PipelineStateManager (PipelineStateManager.java:finalizePipeline(123)) - Pipeline Pipeline[ Id: 035c56de-5620-4427-b179-f663bad95a1e, Nodes: 3989452c-7599-4156-9543-3fe544ced0f3{ip: 192.168.157.254, host: pr-hdds-1868-qdb9g-714931517, networkLocation: /default-rack, certSerialId: null}eec99a0c-e1b1-4518-bc49-9d1a8c8e04d5{ip: 192.168.157.254, host: pr-hdds-1868-qdb9g-714931517, networkLocation: /default-rack, certSerialId: null}d9e6ea44-93db-446f-8020-a94232284285{ip: 192.168.157.254, host: pr-hdds-1868-qdb9g-714931517, networkLocation: /default-rack, certSerialId: null}, Type:RATIS, Factor:THREE, State:CLOSED] moved to CLOSED state
2019-10-16 22:09:52,143 [EventQueue-PipelineActionsForPipelineActionHandler] ERROR pipeline.PipelineActionHandler (PipelineActionHandler.java:onMessage(60)) - Received pipeline action CLOSE for Pipeline[ Id: 035c56de-5620-4427-b179-f663bad95a1e, Nodes: 3989452c-7599-4156-9543-3fe544ced0f3{ip: 192.168.157.254, host: pr-hdds-1868-qdb9g-714931517, networkLocation: /default-rack, certSerialId: null}eec99a0c-e1b1-4518-bc49-9d1a8c8e04d5{ip: 192.168.157.254, host: pr-hdds-1868-qdb9g-714931517, networkLocation: /default-rack, certSerialId: null}d9e6ea44-93db-446f-8020-a94232284285{ip: 192.168.157.254, host: pr-hdds-1868-qdb9g-714931517, networkLocation: /default-rack, certSerialId: null}, Type:RATIS, Factor:THREE, State:CLOSED] from datanode eec99a0c-e1b1-4518-bc49-9d1a8c8e04d5{ip: 192.168.157.254, host: pr-hdds-1868-qdb9g-714931517, networkLocation: /default-rack, certSerialId: null}. Reason : Log already failed at index 1 for task WriteLog:1: (t:1, i:1), STATEMACHINELOGENTRY, client-F96125E61A4A, cid=18
2019-10-16 22:09:52,143 [EventQueue-PipelineActionsForPipelineActionHandler] INFO  pipeline.SCMPipelineManager (SCMPipelineManager.java:finalizeAndDestroyPipeline(315)) - destroying pipeline:Pipeline[ Id: 035c56de-5620-4427-b179-f663bad95a1e, Nodes: 3989452c-7599-4156-9543-3fe544ced0f3{ip: 192.168.157.254, host: pr-hdds-1868-qdb9g-714931517, networkLocation: /default-rack, certSerialId: null}eec99a0c-e1b1-4518-bc49-9d1a8c8e04d5{ip: 192.168.157.254, host: pr-hdds-1868-qdb9g-714931517, networkLocation: /default-rack, certSerialId: null}d9e6ea44-93db-446f-8020-a94232284285{ip: 192.168.157.254, host: pr-hdds-1868-qdb9g-714931517, networkLocation: /default-rack, certSerialId: null}, Type:RATIS, Factor:THREE, State:CLOSED]
 0.00% |?                                                                                                    |  0/1 Time: 0:01:09 0.00% |?                                                                                                    |  0/1 Time: 0:01:10 0.00% |?                                                                                                    |  0/1 Time: 0:01:11 0.00% |?                                                                                                    |  0/1 Time: 0:01:12 0.00% |?                                                                                                    |  0/1 Time: 0:01:13 0.00% |?                                                                                                    |  0/1 Time: 0:01:14 0.00% |?                                                                                                    |  0/1 Time: 0:01:15 0.00% |?                                                                                                    |  0/1 Time: 0:01:16 0.00% |?                                                                                                    |  0/1 Time: 0:01:17 0.00% |?                                                                                                    |  0/1 Time: 0:01:18 0.00% |?                                                                                                    |  0/1 Time: 0:01:19 0.00% |?                                                                                                    |  0/1 Time: 0:01:20 0.00% |?                                                                                                    |  0/1 Time: 0:01:21 0.00% |?                                                                                                    |  0/1 Time: 0:01:22 0.00% |?                                                                                                    |  0/1 Time: 0:01:23 0.00% |?                                                                                                    |  0/1 Time: 0:01:24 0.00% |?                                                                                                    |  0/1 Time: 0:01:25 0.00% |?                                                                                                    |  0/1 Time: 0:01:26 0.00% |?                                                                                                    |  0/1 Time: 0:01:27 0.00% |?                                                                                                    |  0/1 Time: 0:01:28 0.00% |?                                                                                                    |  0/1 Time: 0:01:29 0.00% |?                                                                                                    |  0/1 Time: 0:01:30 0.00% |?                                                                                                    |  0/1 Time: 0:01:31 0.00% |?                                                                                                    |  0/1 Time: 0:01:32 0.00% |?                                                                                                    |  0/1 Time: 0:01:33 0.00% |?                                                                                                    |  0/1 Time: 0:01:34 0.00% |?                                                                                                    |  0/1 Time: 0:01:35 0.00% |?                                                                                                    |  0/1 Time: 0:01:36 0.00% |?                                                                                                    |  0/1 Time: 0:01:37 0.00% |?                                                                                                    |  0/1 Time: 0:01:38 0.00% |?                                                                                                    |  0/1 Time: 0:01:39 0.00% |?                                                                                                    |  0/1 Time: 0:01:40 0.00% |?                                                                                                    |  0/1 Time: 0:01:41 0.00% |?                                                                                                    |  0/1 Time: 0:01:42 0.00% |?                                                                                                    |  0/1 Time: 0:01:43 0.00% |?                                                                                                    |  0/1 Time: 0:01:44 0.00% |?                                                                                                    |  0/1 Time: 0:01:45 0.00% |?                                                                                                    |  0/1 Time: 0:01:46 0.00% |?                                                                                                    |  0/1 Time: 0:01:47 0.00% |?                                                                                                    |  0/1 Time: 0:01:48 0.00% |?                                                                                                    |  0/1 Time: 0:01:49 0.00% |?                                                                                                    |  0/1 Time: 0:01:50 0.00% |?                                                                                                    |  0/1 Time: 0:01:51 0.00% |?                                                                                                    |  0/1 Time: 0:01:52 0.00% |?                                                                                                    |  0/1 Time: 0:01:53 0.00% |?                                                                                                    |  0/1 Time: 0:01:54 0.00% |?                                                                                                    |  0/1 Time: 0:01:55 0.00% |?                                                                                                    |  0/1 Time: 0:01:56 0.00% |?                                                                                                    |  0/1 Time: 0:01:57 0.00% |?                                                                                                    |  0/1 Time: 0:01:582019-10-16 22:10:42,347 [grpc-default-executor-7] INFO  impl.RaftServerProxy (RaftServerProxy.java:addNew(89)) - eec99a0c-e1b1-4518-bc49-9d1a8c8e04d5: addNew group-89BB998769DA:[3989452c-7599-4156-9543-3fe544ced0f3:192.168.157.254:36320, eec99a0c-e1b1-4518-bc49-9d1a8c8e04d5:192.168.157.254:45598, d9e6ea44-93db-446f-8020-a94232284285:192.168.157.254:41671] returns group-89BB998769DA:java.util.concurrent.CompletableFuture@62685f7b[Not completed]
2019-10-16 22:10:42,350 [grpc-default-executor-3] INFO  impl.RaftServerProxy (RaftServerProxy.java:addNew(89)) - d9e6ea44-93db-446f-8020-a94232284285: addNew group-89BB998769DA:[3989452c-7599-4156-9543-3fe544ced0f3:192.168.157.254:36320, eec99a0c-e1b1-4518-bc49-9d1a8c8e04d5:192.168.157.254:45598, d9e6ea44-93db-446f-8020-a94232284285:192.168.157.254:41671] returns group-89BB998769DA:java.util.concurrent.CompletableFuture@65b23bd5[Not completed]
2019-10-16 22:10:42,348 [grpc-default-executor-6] INFO  impl.RaftServerProxy (RaftServerProxy.java:addNew(89)) - 3989452c-7599-4156-9543-3fe544ced0f3: addNew group-89BB998769DA:[3989452c-7599-4156-9543-3fe544ced0f3:192.168.157.254:36320, eec99a0c-e1b1-4518-bc49-9d1a8c8e04d5:192.168.157.254:45598, d9e6ea44-93db-446f-8020-a94232284285:192.168.157.254:41671] returns group-89BB998769DA:java.util.concurrent.CompletableFuture@5f6c2486[Not completed]
2019-10-16 22:10:42,353 [pool-57-thread-1] INFO  impl.RaftServerImpl (RaftServerImpl.java:<init>(104)) - 3989452c-7599-4156-9543-3fe544ced0f3: new RaftServerImpl for group-89BB998769DA:[3989452c-7599-4156-9543-3fe544ced0f3:192.168.157.254:36320, eec99a0c-e1b1-4518-bc49-9d1a8c8e04d5:192.168.157.254:45598, d9e6ea44-93db-446f-8020-a94232284285:192.168.157.254:41671] with ContainerStateMachine:uninitialized
2019-10-16 22:10:42,354 [pool-57-thread-1] INFO  server.RaftServerConfigKeys (ConfUtils.java:logGet(43)) - raft.server.rpc.timeout.min = 5s (custom)
2019-10-16 22:10:42,354 [pool-57-thread-1] INFO  server.RaftServerConfigKeys (ConfUtils.java:logGet(43)) - raft.server.rpc.timeout.max = 5200ms (custom)
2019-10-16 22:10:42,354 [pool-57-thread-1] INFO  server.RaftServerConfigKeys (ConfUtils.java:logGet(43)) - raft.server.rpcslowness.timeout = 120s (custom)
2019-10-16 22:10:42,354 [pool-57-thread-1] INFO  server.RaftServerConfigKeys (ConfUtils.java:logGet(43)) - raft.server.sleep.deviation.threshold = 300 (default)
2019-10-16 22:10:42,354 [pool-57-thread-1] INFO  server.RaftServerConfigKeys (ConfUtils.java:logGet(43)) - raft.server.log.appender.install.snapshot.enabled = false (custom)
2019-10-16 22:10:42,355 [pool-57-thread-1] INFO  impl.RaftServerImpl (ServerState.java:<init>(103)) - 3989452c-7599-4156-9543-3fe544ced0f3@group-89BB998769DA: ConfigurationManager, init=-1: [3989452c-7599-4156-9543-3fe544ced0f3:192.168.157.254:36320, eec99a0c-e1b1-4518-bc49-9d1a8c8e04d5:192.168.157.254:45598, d9e6ea44-93db-446f-8020-a94232284285:192.168.157.254:41671], old=null, confs=<EMPTY_MAP>
2019-10-16 22:10:42,355 [pool-47-thread-1] INFO  impl.RaftServerImpl (RaftServerImpl.java:<init>(104)) - d9e6ea44-93db-446f-8020-a94232284285: new RaftServerImpl for group-89BB998769DA:[3989452c-7599-4156-9543-3fe544ced0f3:192.168.157.254:36320, eec99a0c-e1b1-4518-bc49-9d1a8c8e04d5:192.168.157.254:45598, d9e6ea44-93db-446f-8020-a94232284285:192.168.157.254:41671] with ContainerStateMachine:uninitialized
2019-10-16 22:10:42,355 [pool-57-thread-1] INFO  server.RaftServerConfigKeys (ConfUtils.java:logGet(43)) - raft.server.storage.dir = [/workdir/hadoop-ozone/tools/target/test-dir/MiniOzoneClusterImpl-402ec78b-26f6-4355-8079-1cdd4cc53632/datanode-3/data/ratis] (custom)
2019-10-16 22:10:42,355 [pool-47-thread-1] INFO  server.RaftServerConfigKeys (ConfUtils.java:logGet(43)) - raft.server.rpc.timeout.min = 5s (custom)
2019-10-16 22:10:42,355 [pool-47-thread-1] INFO  server.RaftServerConfigKeys (ConfUtils.java:logGet(43)) - raft.server.rpc.timeout.max = 5200ms (custom)
2019-10-16 22:10:42,356 [pool-57-thread-1] INFO  server.RaftServerConfigKeys (ConfUtils.java:logGet(43)) - raft.server.log.corruption.policy = EXCEPTION (default)
2019-10-16 22:10:42,356 [pool-47-thread-1] INFO  server.RaftServerConfigKeys (ConfUtils.java:logGet(43)) - raft.server.rpcslowness.timeout = 120s (custom)
2019-10-16 22:10:42,356 [pool-57-thread-1] INFO  storage.RaftStorageDirectory (RaftStorageDirectory.java:analyzeStorage(246)) - The storage directory /workdir/hadoop-ozone/tools/target/test-dir/MiniOzoneClusterImpl-402ec78b-26f6-4355-8079-1cdd4cc53632/datanode-3/data/ratis/c2e3239d-423e-43b9-9f79-89bb998769da does not exist. Creating ...
2019-10-16 22:10:42,356 [pool-27-thread-1] INFO  impl.RaftServerImpl (RaftServerImpl.java:<init>(104)) - eec99a0c-e1b1-4518-bc49-9d1a8c8e04d5: new RaftServerImpl for group-89BB998769DA:[3989452c-7599-4156-9543-3fe544ced0f3:192.168.157.254:36320, eec99a0c-e1b1-4518-bc49-9d1a8c8e04d5:192.168.157.254:45598, d9e6ea44-93db-446f-8020-a94232284285:192.168.157.254:41671] with ContainerStateMachine:uninitialized
2019-10-16 22:10:42,356 [pool-47-thread-1] INFO  server.RaftServerConfigKeys (ConfUtils.java:logGet(43)) - raft.server.sleep.deviation.threshold = 300 (default)
2019-10-16 22:10:42,356 [pool-27-thread-1] INFO  server.RaftServerConfigKeys (ConfUtils.java:logGet(43)) - raft.server.rpc.timeout.min = 5s (custom)
2019-10-16 22:10:42,357 [pool-47-thread-1] INFO  server.RaftServerConfigKeys (ConfUtils.java:logGet(43)) - raft.server.log.appender.install.snapshot.enabled = false (custom)
2019-10-16 22:10:42,357 [pool-27-thread-1] INFO  server.RaftServerConfigKeys (ConfUtils.java:logGet(43)) - raft.server.rpc.timeout.max = 5200ms (custom)
2019-10-16 22:10:42,357 [pool-47-thread-1] INFO  impl.RaftServerImpl (ServerState.java:<init>(103)) - d9e6ea44-93db-446f-8020-a94232284285@group-89BB998769DA: ConfigurationManager, init=-1: [3989452c-7599-4156-9543-3fe544ced0f3:192.168.157.254:36320, eec99a0c-e1b1-4518-bc49-9d1a8c8e04d5:192.168.157.254:45598, d9e6ea44-93db-446f-8020-a94232284285:192.168.157.254:41671], old=null, confs=<EMPTY_MAP>
2019-10-16 22:10:42,357 [pool-27-thread-1] INFO  server.RaftServerConfigKeys (ConfUtils.java:logGet(43)) - raft.server.rpcslowness.timeout = 120s (custom)
2019-10-16 22:10:42,357 [pool-47-thread-1] INFO  server.RaftServerConfigKeys (ConfUtils.java:logGet(43)) - raft.server.storage.dir = [/workdir/hadoop-ozone/tools/target/test-dir/MiniOzoneClusterImpl-402ec78b-26f6-4355-8079-1cdd4cc53632/datanode-2/data/ratis] (custom)
2019-10-16 22:10:42,357 [pool-27-thread-1] INFO  server.RaftServerConfigKeys (ConfUtils.java:logGet(43)) - raft.server.sleep.deviation.threshold = 300 (default)
2019-10-16 22:10:42,358 [pool-27-thread-1] INFO  server.RaftServerConfigKeys (ConfUtils.java:logGet(43)) - raft.server.log.appender.install.snapshot.enabled = false (custom)
2019-10-16 22:10:42,358 [pool-27-thread-1] INFO  impl.RaftServerImpl (ServerState.java:<init>(103)) - eec99a0c-e1b1-4518-bc49-9d1a8c8e04d5@group-89BB998769DA: ConfigurationManager, init=-1: [3989452c-7599-4156-9543-3fe544ced0f3:192.168.157.254:36320, eec99a0c-e1b1-4518-bc49-9d1a8c8e04d5:192.168.157.254:45598, d9e6ea44-93db-446f-8020-a94232284285:192.168.157.254:41671], old=null, confs=<EMPTY_MAP>
2019-10-16 22:10:42,358 [pool-47-thread-1] INFO  server.RaftServerConfigKeys (ConfUtils.java:logGet(43)) - raft.server.log.corruption.policy = EXCEPTION (default)
2019-10-16 22:10:42,358 [pool-27-thread-1] INFO  server.RaftServerConfigKeys (ConfUtils.java:logGet(43)) - raft.server.storage.dir = [/workdir/hadoop-ozone/tools/target/test-dir/MiniOzoneClusterImpl-402ec78b-26f6-4355-8079-1cdd4cc53632/datanode-0/data/ratis] (custom)
2019-10-16 22:10:42,358 [pool-47-thread-1] INFO  storage.RaftStorageDirectory (RaftStorageDirectory.java:analyzeStorage(246)) - The storage directory /workdir/hadoop-ozone/tools/target/test-dir/MiniOzoneClusterImpl-402ec78b-26f6-4355-8079-1cdd4cc53632/datanode-2/data/ratis/c2e3239d-423e-43b9-9f79-89bb998769da does not exist. Creating ...
2019-10-16 22:10:42,358 [pool-27-thread-1] INFO  server.RaftServerConfigKeys (ConfUtils.java:logGet(43)) - raft.server.log.corruption.policy = EXCEPTION (default)
2019-10-16 22:10:42,359 [pool-27-thread-1] INFO  storage.RaftStorageDirectory (RaftStorageDirectory.java:analyzeStorage(246)) - The storage directory /workdir/hadoop-ozone/tools/target/test-dir/MiniOzoneClusterImpl-402ec78b-26f6-4355-8079-1cdd4cc53632/datanode-0/data/ratis/c2e3239d-423e-43b9-9f79-89bb998769da does not exist. Creating ...
2019-10-16 22:10:42,361 [pool-57-thread-1] INFO  storage.RaftStorageDirectory (RaftStorageDirectory.java:tryLock(328)) - Lock on /workdir/hadoop-ozone/tools/target/test-dir/MiniOzoneClusterImpl-402ec78b-26f6-4355-8079-1cdd4cc53632/datanode-3/data/ratis/c2e3239d-423e-43b9-9f79-89bb998769da/in_use.lock acquired by nodename 12003@pr-hdds-1868-qdb9g-714931517
2019-10-16 22:10:42,363 [pool-27-thread-1] INFO  storage.RaftStorageDirectory (RaftStorageDirectory.java:tryLock(328)) - Lock on /workdir/hadoop-ozone/tools/target/test-dir/MiniOzoneClusterImpl-402ec78b-26f6-4355-8079-1cdd4cc53632/datanode-0/data/ratis/c2e3239d-423e-43b9-9f79-89bb998769da/in_use.lock acquired by nodename 12003@pr-hdds-1868-qdb9g-714931517
2019-10-16 22:10:42,363 [pool-47-thread-1] INFO  storage.RaftStorageDirectory (RaftStorageDirectory.java:tryLock(328)) - Lock on /workdir/hadoop-ozone/tools/target/test-dir/MiniOzoneClusterImpl-402ec78b-26f6-4355-8079-1cdd4cc53632/datanode-2/data/ratis/c2e3239d-423e-43b9-9f79-89bb998769da/in_use.lock acquired by nodename 12003@pr-hdds-1868-qdb9g-714931517
2019-10-16 22:10:42,367 [pool-57-thread-1] INFO  storage.RaftStorage (RaftStorage.java:format(84)) - Storage directory /workdir/hadoop-ozone/tools/target/test-dir/MiniOzoneClusterImpl-402ec78b-26f6-4355-8079-1cdd4cc53632/datanode-3/data/ratis/c2e3239d-423e-43b9-9f79-89bb998769da has been successfully formatted.
2019-10-16 22:10:42,367 [pool-57-thread-1] INFO  ratis.ContainerStateMachine (ContainerStateMachine.java:loadSnapshot(233)) - group-89BB998769DA: The snapshot info is null. Setting the last applied indexto:(t:0, i:~)
2019-10-16 22:10:42,368 [pool-57-thread-1] INFO  server.RaftServerConfigKeys (ConfUtils.java:logGet(43)) - raft.server.notification.no-leader.timeout = 120s (custom)
2019-10-16 22:10:42,368 [pool-57-thread-1] INFO  server.RaftServerConfigKeys (ConfUtils.java:logGet(43)) - raft.server.log.use.memory = false (default)
2019-10-16 22:10:42,368 [pool-57-thread-1] INFO  server.RaftServerConfigKeys (ConfUtils.java:logGet(43)) - raft.server.log.purge.gap = 1000000 (custom)
2019-10-16 22:10:42,368 [pool-57-thread-1] INFO  server.RaftServerConfigKeys (ConfUtils.java:logGet(43)) - raft.server.log.appender.buffer.byte-limit = 33554432 (custom)
2019-10-16 22:10:42,368 [pool-57-thread-1] INFO  server.RaftServerConfigKeys (ConfUtils.java:logGet(43)) - raft.server.log.segment.size.max = 1048576 (custom)
2019-10-16 22:10:42,368 [pool-57-thread-1] INFO  server.RaftServerConfigKeys (ConfUtils.java:logGet(43)) - raft.server.log.segment.cache.num.max = 2 (custom)
2019-10-16 22:10:42,369 [pool-57-thread-1] INFO  segmented.SegmentedRaftLogWorker (SegmentedRaftLogWorker.java:<init>(173)) - new 3989452c-7599-4156-9543-3fe544ced0f3@group-89BB998769DA-SegmentedRaftLogWorker for RaftStorage:Storage Directory /workdir/hadoop-ozone/tools/target/test-dir/MiniOzoneClusterImpl-402ec78b-26f6-4355-8079-1cdd4cc53632/datanode-3/data/ratis/c2e3239d-423e-43b9-9f79-89bb998769da
2019-10-16 22:10:42,369 [pool-57-thread-1] INFO  server.RaftServerConfigKeys (ConfUtils.java:logGet(43)) - raft.server.log.queue.byte-limit = 2147483647 (custom)
2019-10-16 22:10:42,369 [pool-57-thread-1] INFO  server.RaftServerConfigKeys (ConfUtils.java:logGet(43)) - raft.server.log.queue.element-limit = 1024 (custom)
2019-10-16 22:10:42,369 [pool-57-thread-1] INFO  server.RaftServerConfigKeys (ConfUtils.java:logGet(43)) - raft.server.log.segment.size.max = 1048576 (custom)
2019-10-16 22:10:42,369 [pool-57-thread-1] INFO  server.RaftServerConfigKeys (ConfUtils.java:logGet(43)) - raft.server.log.preallocated.size = 16384 (custom)
2019-10-16 22:10:42,369 [pool-57-thread-1] INFO  server.RaftServerConfigKeys (ConfUtils.java:logGet(43)) - raft.server.log.write.buffer.size = 33554432 (custom)
2019-10-16 22:10:42,369 [pool-57-thread-1] INFO  server.RaftServerConfigKeys (ConfUtils.java:logGet(43)) - raft.server.log.force.sync.num = 128 (default)
2019-10-16 22:10:42,369 [pool-57-thread-1] INFO  server.RaftServerConfigKeys (ConfUtils.java:logGet(43)) - raft.server.log.statemachine.data.sync = true (default)
2019-10-16 22:10:42,370 [pool-57-thread-1] INFO  server.RaftServerConfigKeys (ConfUtils.java:logGet(43)) - raft.server.log.statemachine.data.sync.timeout = 10s (default)
2019-10-16 22:10:42,370 [pool-57-thread-1] INFO  server.RaftServerConfigKeys (ConfUtils.java:logGet(43)) - raft.server.log.statemachine.data.sync.timeout.retry = -1 (default)
2019-10-16 22:10:42,370 [pool-57-thread-1] INFO  server.RaftServerConfigKeys (ConfUtils.java:logGet(43)) - raft.server.log.statemachine.data.caching.enabled = true (custom)
2019-10-16 22:10:42,371 [pool-57-thread-1] INFO  segmented.SegmentedRaftLogWorker (SegmentedRaftLogWorker.java:lambda$new$0(128)) - 3989452c-7599-4156-9543-3fe544ced0f3@group-89BB998769DA-SegmentedRaftLogWorker: flushIndex: setUnconditionally 0 -> -1
2019-10-16 22:10:42,372 [pool-57-thread-1] INFO  server.RaftServerConfigKeys (ConfUtils.java:logGet(43)) - raft.server.snapshot.auto.trigger.enabled = true (custom)
2019-10-16 22:10:42,372 [pool-57-thread-1] INFO  server.RaftServerConfigKeys (ConfUtils.java:logGet(43)) - raft.server.snapshot.auto.trigger.threshold = 10000 (custom)
2019-10-16 22:10:42,372 [pool-27-thread-1] INFO  storage.RaftStorage (RaftStorage.java:format(84)) - Storage directory /workdir/hadoop-ozone/tools/target/test-dir/MiniOzoneClusterImpl-402ec78b-26f6-4355-8079-1cdd4cc53632/datanode-0/data/ratis/c2e3239d-423e-43b9-9f79-89bb998769da has been successfully formatted.
2019-10-16 22:10:42,372 [pool-47-thread-1] INFO  storage.RaftStorage (RaftStorage.java:format(84)) - Storage directory /workdir/hadoop-ozone/tools/target/test-dir/MiniOzoneClusterImpl-402ec78b-26f6-4355-8079-1cdd4cc53632/datanode-2/data/ratis/c2e3239d-423e-43b9-9f79-89bb998769da has been successfully formatted.
2019-10-16 22:10:42,372 [pool-27-thread-1] INFO  ratis.ContainerStateMachine (ContainerStateMachine.java:loadSnapshot(233)) - group-89BB998769DA: The snapshot info is null. Setting the last applied indexto:(t:0, i:~)
2019-10-16 22:10:42,372 [pool-57-thread-1] INFO  server.RaftServerConfigKeys (ConfUtils.java:logGet(43)) - raft.server.snapshot.retention.file.num = 5 (custom)
2019-10-16 22:10:42,372 [pool-47-thread-1] INFO  ratis.ContainerStateMachine (ContainerStateMachine.java:loadSnapshot(233)) - group-89BB998769DA: The snapshot info is null. Setting the last applied indexto:(t:0, i:~)
2019-10-16 22:10:42,372 [pool-27-thread-1] INFO  server.RaftServerConfigKeys (ConfUtils.java:logGet(43)) - raft.server.notification.no-leader.timeout = 120s (custom)
2019-10-16 22:10:42,372 [pool-47-thread-1] INFO  server.RaftServerConfigKeys (ConfUtils.java:logGet(43)) - raft.server.notification.no-leader.timeout = 120s (custom)
2019-10-16 22:10:42,372 [pool-57-thread-1] INFO  server.RaftServerConfigKeys (ConfUtils.java:logGet(43)) - raft.server.retrycache.expirytime = 600000ms (custom)
2019-10-16 22:10:42,373 [pool-47-thread-1] INFO  server.RaftServerConfigKeys (ConfUtils.java:logGet(43)) - raft.server.log.use.memory = false (default)
2019-10-16 22:10:42,373 [pool-27-thread-1] INFO  server.RaftServerConfigKeys (ConfUtils.java:logGet(43)) - raft.server.log.use.memory = false (default)
2019-10-16 22:10:42,373 [pool-47-thread-1] INFO  server.RaftServerConfigKeys (ConfUtils.java:logGet(43)) - raft.server.log.purge.gap = 1000000 (custom)
2019-10-16 22:10:42,373 [pool-27-thread-1] INFO  server.RaftServerConfigKeys (ConfUtils.java:logGet(43)) - raft.server.log.purge.gap = 1000000 (custom)
2019-10-16 22:10:42,373 [pool-47-thread-1] INFO  server.RaftServerConfigKeys (ConfUtils.java:logGet(43)) - raft.server.log.appender.buffer.byte-limit = 33554432 (custom)
2019-10-16 22:10:42,373 [pool-27-thread-1] INFO  server.RaftServerConfigKeys (ConfUtils.java:logGet(43)) - raft.server.log.appender.buffer.byte-limit = 33554432 (custom)
2019-10-16 22:10:42,373 [pool-47-thread-1] INFO  server.RaftServerConfigKeys (ConfUtils.java:logGet(43)) - raft.server.log.segment.size.max = 1048576 (custom)
2019-10-16 22:10:42,373 [pool-27-thread-1] INFO  server.RaftServerConfigKeys (ConfUtils.java:logGet(43)) - raft.server.log.segment.size.max = 1048576 (custom)
2019-10-16 22:10:42,373 [pool-47-thread-1] INFO  server.RaftServerConfigKeys (ConfUtils.java:logGet(43)) - raft.server.log.segment.cache.num.max = 2 (custom)
2019-10-16 22:10:42,374 [pool-27-thread-1] INFO  server.RaftServerConfigKeys (ConfUtils.java:logGet(43)) - raft.server.log.segment.cache.num.max = 2 (custom)
2019-10-16 22:10:42,374 [pool-47-thread-1] INFO  segmented.SegmentedRaftLogWorker (SegmentedRaftLogWorker.java:<init>(173)) - new d9e6ea44-93db-446f-8020-a94232284285@group-89BB998769DA-SegmentedRaftLogWorker for RaftStorage:Storage Directory /workdir/hadoop-ozone/tools/target/test-dir/MiniOzoneClusterImpl-402ec78b-26f6-4355-8079-1cdd4cc53632/datanode-2/data/ratis/c2e3239d-423e-43b9-9f79-89bb998769da
2019-10-16 22:10:42,374 [pool-27-thread-1] INFO  segmented.SegmentedRaftLogWorker (SegmentedRaftLogWorker.java:<init>(173)) - new eec99a0c-e1b1-4518-bc49-9d1a8c8e04d5@group-89BB998769DA-SegmentedRaftLogWorker for RaftStorage:Storage Directory /workdir/hadoop-ozone/tools/target/test-dir/MiniOzoneClusterImpl-402ec78b-26f6-4355-8079-1cdd4cc53632/datanode-0/data/ratis/c2e3239d-423e-43b9-9f79-89bb998769da
2019-10-16 22:10:42,374 [pool-47-thread-1] INFO  server.RaftServerConfigKeys (ConfUtils.java:logGet(43)) - raft.server.log.queue.byte-limit = 2147483647 (custom)
2019-10-16 22:10:42,374 [pool-27-thread-1] INFO  server.RaftServerConfigKeys (ConfUtils.java:logGet(43)) - raft.server.log.queue.byte-limit = 2147483647 (custom)
2019-10-16 22:10:42,374 [pool-47-thread-1] INFO  server.RaftServerConfigKeys (ConfUtils.java:logGet(43)) - raft.server.log.queue.element-limit = 1024 (custom)
2019-10-16 22:10:42,374 [pool-27-thread-1] INFO  server.RaftServerConfigKeys (ConfUtils.java:logGet(43)) - raft.server.log.queue.element-limit = 1024 (custom)
2019-10-16 22:10:42,374 [pool-47-thread-1] INFO  server.RaftServerConfigKeys (ConfUtils.java:logGet(43)) - raft.server.log.segment.size.max = 1048576 (custom)
2019-10-16 22:10:42,374 [pool-27-thread-1] INFO  server.RaftServerConfigKeys (ConfUtils.java:logGet(43)) - raft.server.log.segment.size.max = 1048576 (custom)
2019-10-16 22:10:42,375 [pool-47-thread-1] INFO  server.RaftServerConfigKeys (ConfUtils.java:logGet(43)) - raft.server.log.preallocated.size = 16384 (custom)
2019-10-16 22:10:42,375 [pool-27-thread-1] INFO  server.RaftServerConfigKeys (ConfUtils.java:logGet(43)) - raft.server.log.preallocated.size = 16384 (custom)
2019-10-16 22:10:42,375 [pool-47-thread-1] INFO  server.RaftServerConfigKeys (ConfUtils.java:logGet(43)) - raft.server.log.write.buffer.size = 33554432 (custom)
2019-10-16 22:10:42,375 [pool-47-thread-1] INFO  server.RaftServerConfigKeys (ConfUtils.java:logGet(43)) - raft.server.log.force.sync.num = 128 (default)
2019-10-16 22:10:42,375 [pool-27-thread-1] INFO  server.RaftServerConfigKeys (ConfUtils.java:logGet(43)) - raft.server.log.write.buffer.size = 33554432 (custom)
2019-10-16 22:10:42,375 [pool-57-thread-1] INFO  impl.RaftServerImpl (RaftServerImpl.java:start(195)) - 3989452c-7599-4156-9543-3fe544ced0f3@group-89BB998769DA: start as a follower, conf=-1: [3989452c-7599-4156-9543-3fe544ced0f3:192.168.157.254:36320, eec99a0c-e1b1-4518-bc49-9d1a8c8e04d5:192.168.157.254:45598, d9e6ea44-93db-446f-8020-a94232284285:192.168.157.254:41671], old=null
2019-10-16 22:10:42,375 [pool-47-thread-1] INFO  server.RaftServerConfigKeys (ConfUtils.java:logGet(43)) - raft.server.log.statemachine.data.sync = true (default)
2019-10-16 22:10:42,375 [pool-57-thread-1] INFO  impl.RaftServerImpl (RaftServerImpl.java:setRole(184)) - 3989452c-7599-4156-9543-3fe544ced0f3@group-89BB998769DA: changes role from      null to FOLLOWER at term 0 for startAsFollower
2019-10-16 22:10:42,375 [pool-27-thread-1] INFO  server.RaftServerConfigKeys (ConfUtils.java:logGet(43)) - raft.server.log.force.sync.num = 128 (default)
2019-10-16 22:10:42,376 [pool-57-thread-1] INFO  impl.RoleInfo (RoleInfo.java:updateAndGet(143)) - 3989452c-7599-4156-9543-3fe544ced0f3: start FollowerState
2019-10-16 22:10:42,375 [pool-47-thread-1] INFO  server.RaftServerConfigKeys (ConfUtils.java:logGet(43)) - raft.server.log.statemachine.data.sync.timeout = 10s (default)
2019-10-16 22:10:42,376 [pool-27-thread-1] INFO  server.RaftServerConfigKeys (ConfUtils.java:logGet(43)) - raft.server.log.statemachine.data.sync = true (default)
2019-10-16 22:10:42,376 [pool-47-thread-1] INFO  server.RaftServerConfigKeys (ConfUtils.java:logGet(43)) - raft.server.log.statemachine.data.sync.timeout.retry = -1 (default)
2019-10-16 22:10:42,376 [pool-27-thread-1] INFO  server.RaftServerConfigKeys (ConfUtils.java:logGet(43)) - raft.server.log.statemachine.data.sync.timeout = 10s (default)
2019-10-16 22:10:42,376 [pool-47-thread-1] INFO  server.RaftServerConfigKeys (ConfUtils.java:logGet(43)) - raft.server.log.statemachine.data.caching.enabled = true (custom)
2019-10-16 22:10:42,376 [pool-57-thread-1] INFO  util.JmxRegister (JmxRegister.java:tryRegister(44)) - Successfully registered JMX Bean with object name Ratis:service=RaftServer,group=group-89BB998769DA,id=3989452c-7599-4156-9543-3fe544ced0f3
2019-10-16 22:10:42,376 [pool-27-thread-1] INFO  server.RaftServerConfigKeys (ConfUtils.java:logGet(43)) - raft.server.log.statemachine.data.sync.timeout.retry = -1 (default)
2019-10-16 22:10:42,377 [pool-47-thread-1] INFO  segmented.SegmentedRaftLogWorker (SegmentedRaftLogWorker.java:lambda$new$0(128)) - d9e6ea44-93db-446f-8020-a94232284285@group-89BB998769DA-SegmentedRaftLogWorker: flushIndex: setUnconditionally 0 -> -1
2019-10-16 22:10:42,377 [pool-27-thread-1] INFO  server.RaftServerConfigKeys (ConfUtils.java:logGet(43)) - raft.server.log.statemachine.data.caching.enabled = true (custom)
2019-10-16 22:10:42,377 [pool-47-thread-1] INFO  server.RaftServerConfigKeys (ConfUtils.java:logGet(43)) - raft.server.snapshot.auto.trigger.enabled = true (custom)
2019-10-16 22:10:42,377 [pool-47-thread-1] INFO  server.RaftServerConfigKeys (ConfUtils.java:logGet(43)) - raft.server.snapshot.auto.trigger.threshold = 10000 (custom)
2019-10-16 22:10:42,377 [pool-27-thread-1] INFO  segmented.SegmentedRaftLogWorker (SegmentedRaftLogWorker.java:lambda$new$0(128)) - eec99a0c-e1b1-4518-bc49-9d1a8c8e04d5@group-89BB998769DA-SegmentedRaftLogWorker: flushIndex: setUnconditionally 0 -> -1
2019-10-16 22:10:42,377 [pool-47-thread-1] INFO  server.RaftServerConfigKeys (ConfUtils.java:logGet(43)) - raft.server.snapshot.retention.file.num = 5 (custom)
2019-10-16 22:10:42,377 [pool-27-thread-1] INFO  server.RaftServerConfigKeys (ConfUtils.java:logGet(43)) - raft.server.snapshot.auto.trigger.enabled = true (custom)
2019-10-16 22:10:42,377 [pool-47-thread-1] INFO  server.RaftServerConfigKeys (ConfUtils.java:logGet(43)) - raft.server.retrycache.expirytime = 600000ms (custom)
2019-10-16 22:10:42,377 [pool-27-thread-1] INFO  server.RaftServerConfigKeys (ConfUtils.java:logGet(43)) - raft.server.snapshot.auto.trigger.threshold = 10000 (custom)
2019-10-16 22:10:42,378 [pool-27-thread-1] INFO  server.RaftServerConfigKeys (ConfUtils.java:logGet(43)) - raft.server.snapshot.retention.file.num = 5 (custom)
2019-10-16 22:10:42,378 [pool-27-thread-1] INFO  server.RaftServerConfigKeys (ConfUtils.java:logGet(43)) - raft.server.retrycache.expirytime = 600000ms (custom)
2019-10-16 22:10:42,382 [pool-47-thread-1] INFO  impl.RaftServerImpl (RaftServerImpl.java:start(195)) - d9e6ea44-93db-446f-8020-a94232284285@group-89BB998769DA: start as a follower, conf=-1: [3989452c-7599-4156-9543-3fe544ced0f3:192.168.157.254:36320, eec99a0c-e1b1-4518-bc49-9d1a8c8e04d5:192.168.157.254:45598, d9e6ea44-93db-446f-8020-a94232284285:192.168.157.254:41671], old=null
2019-10-16 22:10:42,382 [pool-47-thread-1] INFO  impl.RaftServerImpl (RaftServerImpl.java:setRole(184)) - d9e6ea44-93db-446f-8020-a94232284285@group-89BB998769DA: changes role from      null to FOLLOWER at term 0 for startAsFollower
2019-10-16 22:10:42,382 [pool-27-thread-1] INFO  impl.RaftServerImpl (RaftServerImpl.java:start(195)) - eec99a0c-e1b1-4518-bc49-9d1a8c8e04d5@group-89BB998769DA: start as a follower, conf=-1: [3989452c-7599-4156-9543-3fe544ced0f3:192.168.157.254:36320, eec99a0c-e1b1-4518-bc49-9d1a8c8e04d5:192.168.157.254:45598, d9e6ea44-93db-446f-8020-a94232284285:192.168.157.254:41671], old=null
2019-10-16 22:10:42,382 [pool-47-thread-1] INFO  impl.RoleInfo (RoleInfo.java:updateAndGet(143)) - d9e6ea44-93db-446f-8020-a94232284285: start FollowerState
2019-10-16 22:10:42,382 [pool-27-thread-1] INFO  impl.RaftServerImpl (RaftServerImpl.java:setRole(184)) - eec99a0c-e1b1-4518-bc49-9d1a8c8e04d5@group-89BB998769DA: changes role from      null to FOLLOWER at term 0 for startAsFollower
2019-10-16 22:10:42,382 [pool-27-thread-1] INFO  impl.RoleInfo (RoleInfo.java:updateAndGet(143)) - eec99a0c-e1b1-4518-bc49-9d1a8c8e04d5: start FollowerState
2019-10-16 22:10:42,383 [pool-47-thread-1] INFO  util.JmxRegister (JmxRegister.java:tryRegister(44)) - Successfully registered JMX Bean with object name Ratis:service=RaftServer,group=group-89BB998769DA,id=d9e6ea44-93db-446f-8020-a94232284285
2019-10-16 22:10:42,383 [pool-27-thread-1] INFO  util.JmxRegister (JmxRegister.java:tryRegister(44)) - Successfully registered JMX Bean with object name Ratis:service=RaftServer,group=group-89BB998769DA,id=eec99a0c-e1b1-4518-bc49-9d1a8c8e04d5
2019-10-16 22:10:42,390 [RatisPipelineUtilsThread] INFO  pipeline.PipelineStateManager (PipelineStateManager.java:addPipeline(57)) - Created pipeline Pipeline[ Id: c2e3239d-423e-43b9-9f79-89bb998769da, Nodes: 3989452c-7599-4156-9543-3fe544ced0f3{ip: 192.168.157.254, host: pr-hdds-1868-qdb9g-714931517, networkLocation: /default-rack, certSerialId: null}eec99a0c-e1b1-4518-bc49-9d1a8c8e04d5{ip: 192.168.157.254, host: pr-hdds-1868-qdb9g-714931517, networkLocation: /default-rack, certSerialId: null}d9e6ea44-93db-446f-8020-a94232284285{ip: 192.168.157.254, host: pr-hdds-1868-qdb9g-714931517, networkLocation: /default-rack, certSerialId: null}, Type:RATIS, Factor:THREE, State:ALLOCATED]
2019-10-16 22:10:42,393 [Thread-481] INFO  impl.FollowerState (FollowerState.java:run(108)) - d9e6ea44-93db-446f-8020-a94232284285@group-89BB998769DA-FollowerState: change to CANDIDATE, lastRpcTime:10ms, electionTimeout:10ms
2019-10-16 22:10:42,393 [Thread-481] INFO  impl.RoleInfo (RoleInfo.java:shutdownFollowerState(121)) - d9e6ea44-93db-446f-8020-a94232284285: shutdown FollowerState
2019-10-16 22:10:42,393 [Thread-481] INFO  impl.RaftServerImpl (RaftServerImpl.java:setRole(184)) - d9e6ea44-93db-446f-8020-a94232284285@group-89BB998769DA: changes role from  FOLLOWER to CANDIDATE at term 0 for changeToCandidate
2019-10-16 22:10:42,393 [Thread-481] INFO  impl.RoleInfo (RoleInfo.java:updateAndGet(143)) - d9e6ea44-93db-446f-8020-a94232284285: start LeaderElection
2019-10-16 22:10:42,400 [d9e6ea44-93db-446f-8020-a94232284285@group-89BB998769DA-LeaderElection9] INFO  impl.LeaderElection (LeaderElection.java:askForVotes(178)) - d9e6ea44-93db-446f-8020-a94232284285@group-89BB998769DA-LeaderElection9: begin an election at term 1 for -1: [3989452c-7599-4156-9543-3fe544ced0f3:192.168.157.254:36320, eec99a0c-e1b1-4518-bc49-9d1a8c8e04d5:192.168.157.254:45598, d9e6ea44-93db-446f-8020-a94232284285:192.168.157.254:41671], old=null
2019-10-16 22:10:42,413 [grpc-default-executor-7] INFO  impl.RaftServerImpl (RaftServerImpl.java:setRole(184)) - 3989452c-7599-4156-9543-3fe544ced0f3@group-89BB998769DA: changes role from  FOLLOWER to FOLLOWER at term 1 for recognizeCandidate:d9e6ea44-93db-446f-8020-a94232284285
2019-10-16 22:10:42,415 [grpc-default-executor-7] INFO  impl.RoleInfo (RoleInfo.java:shutdownFollowerState(121)) - 3989452c-7599-4156-9543-3fe544ced0f3: shutdown FollowerState
2019-10-16 22:10:42,415 [grpc-default-executor-7] INFO  impl.RoleInfo (RoleInfo.java:updateAndGet(143)) - 3989452c-7599-4156-9543-3fe544ced0f3: start FollowerState
2019-10-16 22:10:42,416 [grpc-default-executor-6] INFO  impl.RaftServerImpl (RaftServerImpl.java:setRole(184)) - eec99a0c-e1b1-4518-bc49-9d1a8c8e04d5@group-89BB998769DA: changes role from  FOLLOWER to FOLLOWER at term 1 for recognizeCandidate:d9e6ea44-93db-446f-8020-a94232284285
2019-10-16 22:10:42,416 [grpc-default-executor-6] INFO  impl.RoleInfo (RoleInfo.java:shutdownFollowerState(121)) - eec99a0c-e1b1-4518-bc49-9d1a8c8e04d5: shutdown FollowerState
2019-10-16 22:10:42,417 [Thread-482] INFO  impl.FollowerState (FollowerState.java:run(117)) - eec99a0c-e1b1-4518-bc49-9d1a8c8e04d5@group-89BB998769DA-FollowerState was interrupted: java.lang.InterruptedException: sleep interrupted
2019-10-16 22:10:42,417 [grpc-default-executor-6] INFO  impl.RoleInfo (RoleInfo.java:updateAndGet(143)) - eec99a0c-e1b1-4518-bc49-9d1a8c8e04d5: start FollowerState
2019-10-16 22:10:42,441 [Thread-489] INFO  impl.FollowerState (FollowerState.java:run(108)) - eec99a0c-e1b1-4518-bc49-9d1a8c8e04d5@group-89BB998769DA-FollowerState: change to CANDIDATE, lastRpcTime:24ms, electionTimeout:20ms
2019-10-16 22:10:42,442 [Thread-489] INFO  impl.RoleInfo (RoleInfo.java:shutdownFollowerState(121)) - eec99a0c-e1b1-4518-bc49-9d1a8c8e04d5: shutdown FollowerState
2019-10-16 22:10:42,443 [Thread-489] INFO  impl.RaftServerImpl (RaftServerImpl.java:setRole(184)) - eec99a0c-e1b1-4518-bc49-9d1a8c8e04d5@group-89BB998769DA: changes role from  FOLLOWER to CANDIDATE at term 1 for changeToCandidate
2019-10-16 22:10:42,443 [Thread-489] INFO  impl.RoleInfo (RoleInfo.java:updateAndGet(143)) - eec99a0c-e1b1-4518-bc49-9d1a8c8e04d5: start LeaderElection
2019-10-16 22:10:42,445 [d9e6ea44-93db-446f-8020-a94232284285@group-89BB998769DA-LeaderElection9] INFO  impl.LeaderElection (LeaderElection.java:logAndReturn(56)) - d9e6ea44-93db-446f-8020-a94232284285@group-89BB998769DA-LeaderElection9: Election PASSED; received 1 response(s) [d9e6ea44-93db-446f-8020-a94232284285<-3989452c-7599-4156-9543-3fe544ced0f3#0:OK-t1] and 0 exception(s); d9e6ea44-93db-446f-8020-a94232284285@group-89BB998769DA:t1, leader=null, voted=d9e6ea44-93db-446f-8020-a94232284285, raftlog=d9e6ea44-93db-446f-8020-a94232284285@group-89BB998769DA-SegmentedRaftLog:OPENED:c-1,f-1,i0, conf=-1: [3989452c-7599-4156-9543-3fe544ced0f3:192.168.157.254:36320, eec99a0c-e1b1-4518-bc49-9d1a8c8e04d5:192.168.157.254:45598, d9e6ea44-93db-446f-8020-a94232284285:192.168.157.254:41671], old=null
2019-10-16 22:10:42,446 [d9e6ea44-93db-446f-8020-a94232284285@group-89BB998769DA-LeaderElection9] INFO  impl.RoleInfo (RoleInfo.java:shutdownLeaderElection(134)) - d9e6ea44-93db-446f-8020-a94232284285: shutdown LeaderElection
2019-10-16 22:10:42,446 [d9e6ea44-93db-446f-8020-a94232284285@group-89BB998769DA-LeaderElection9] INFO  impl.RaftServerImpl (RaftServerImpl.java:setRole(184)) - d9e6ea44-93db-446f-8020-a94232284285@group-89BB998769DA: changes role from CANDIDATE to LEADER at term 1 for changeToLeader
2019-10-16 22:10:42,447 [d9e6ea44-93db-446f-8020-a94232284285@group-89BB998769DA-LeaderElection9] INFO  ratis.XceiverServerRatis (XceiverServerRatis.java:handleLeaderChangedNotification(700)) - Leader change notification received for group: group-89BB998769DA with new leaderId: d9e6ea44-93db-446f-8020-a94232284285
2019-10-16 22:10:42,447 [d9e6ea44-93db-446f-8020-a94232284285@group-89BB998769DA-LeaderElection9] INFO  impl.RaftServerImpl (ServerState.java:setLeader(256)) - d9e6ea44-93db-446f-8020-a94232284285@group-89BB998769DA: change Leader from null to d9e6ea44-93db-446f-8020-a94232284285 at term 1 for becomeLeader, leader elected after 74ms
2019-10-16 22:10:42,448 [d9e6ea44-93db-446f-8020-a94232284285@group-89BB998769DA-LeaderElection9] INFO  server.RaftServerConfigKeys (ConfUtils.java:logGet(43)) - raft.server.staging.catchup.gap = 1000 (default)
2019-10-16 22:10:42,448 [d9e6ea44-93db-446f-8020-a94232284285@group-89BB998769DA-LeaderElection9] INFO  server.RaftServerConfigKeys (ConfUtils.java:logGet(43)) - raft.server.rpc.sleep.time = 25ms (default)
2019-10-16 22:10:42,448 [d9e6ea44-93db-446f-8020-a94232284285@group-89BB998769DA-LeaderElection9] INFO  server.RaftServerConfigKeys (ConfUtils.java:logGet(43)) - raft.server.write.element-limit = 4096 (default)
2019-10-16 22:10:42,448 [d9e6ea44-93db-446f-8020-a94232284285@group-89BB998769DA-LeaderElection9] INFO  server.RaftServerConfigKeys (ConfUtils.java:logGet(43)) - raft.server.watch.timeout = 10s (default)
2019-10-16 22:10:42,448 [d9e6ea44-93db-446f-8020-a94232284285@group-89BB998769DA-LeaderElection9] INFO  server.RaftServerConfigKeys (ConfUtils.java:logGet(43)) - raft.server.watch.timeout.denomination = 1s (default)
2019-10-16 22:10:42,448 [EventQueue-PipelineReportForPipelineReportHandler] INFO  pipeline.PipelineReportHandler (PipelineReportHandler.java:processPipelineReport(119)) - Pipeline PipelineID=c2e3239d-423e-43b9-9f79-89bb998769da reported by d9e6ea44-93db-446f-8020-a94232284285{ip: 192.168.157.254, host: pr-hdds-1868-qdb9g-714931517, networkLocation: /default-rack, certSerialId: null} with leaderId d9e6ea44-93db-446f-8020-a94232284285
2019-10-16 22:10:42,450 [d9e6ea44-93db-446f-8020-a94232284285@group-89BB998769DA-LeaderElection9] INFO  server.RaftServerConfigKeys (ConfUtils.java:logGet(43)) - raft.server.watch.element-limit = 65536 (default)
2019-10-16 22:10:42,452 [d9e6ea44-93db-446f-8020-a94232284285@group-89BB998769DA-LeaderElection9] INFO  server.RaftServerConfigKeys (ConfUtils.java:logGet(43)) - raft.server.log.appender.snapshot.chunk.size.max = 16MB (=16777216) (default)
2019-10-16 22:10:42,453 [d9e6ea44-93db-446f-8020-a94232284285@group-89BB998769DA-LeaderElection9] INFO  server.RaftServerConfigKeys (ConfUtils.java:logGet(43)) - raft.server.log.appender.buffer.byte-limit = 33554432 (custom)
2019-10-16 22:10:42,453 [d9e6ea44-93db-446f-8020-a94232284285@group-89BB998769DA-LeaderElection9] INFO  server.RaftServerConfigKeys (ConfUtils.java:logGet(43)) - raft.server.log.appender.buffer.element-limit = 1 (custom)
2019-10-16 22:10:42,453 [d9e6ea44-93db-446f-8020-a94232284285@group-89BB998769DA-LeaderElection9] INFO  grpc.GrpcConfigKeys$Server (ConfUtils.java:logGet(43)) - raft.grpc.server.leader.outstanding.appends.max = 128 (default)
2019-10-16 22:10:42,453 [d9e6ea44-93db-446f-8020-a94232284285@group-89BB998769DA-LeaderElection9] INFO  server.RaftServerConfigKeys (ConfUtils.java:logGet(43)) - raft.server.rpc.request.timeout = 3000ms (default)
2019-10-16 22:10:42,454 [d9e6ea44-93db-446f-8020-a94232284285@group-89BB998769DA-LeaderElection9] INFO  server.RaftServerConfigKeys (ConfUtils.java:logGet(43)) - raft.server.log.appender.install.snapshot.enabled = false (custom)
2019-10-16 22:10:42,456 [d9e6ea44-93db-446f-8020-a94232284285@group-89BB998769DA-LeaderElection9] INFO  server.RaftServerConfigKeys (ConfUtils.java:logGet(43)) - raft.server.log.appender.snapshot.chunk.size.max = 16MB (=16777216) (default)
2019-10-16 22:10:42,456 [d9e6ea44-93db-446f-8020-a94232284285@group-89BB998769DA-LeaderElection9] INFO  server.RaftServerConfigKeys (ConfUtils.java:logGet(43)) - raft.server.log.appender.buffer.byte-limit = 33554432 (custom)
2019-10-16 22:10:42,456 [d9e6ea44-93db-446f-8020-a94232284285@group-89BB998769DA-LeaderElection9] INFO  server.RaftServerConfigKeys (ConfUtils.java:logGet(43)) - raft.server.log.appender.buffer.element-limit = 1 (custom)
2019-10-16 22:10:42,456 [d9e6ea44-93db-446f-8020-a94232284285@group-89BB998769DA-LeaderElection9] INFO  grpc.GrpcConfigKeys$Server (ConfUtils.java:logGet(43)) - raft.grpc.server.leader.outstanding.appends.max = 128 (default)
2019-10-16 22:10:42,457 [d9e6ea44-93db-446f-8020-a94232284285@group-89BB998769DA-LeaderElection9] INFO  server.RaftServerConfigKeys (ConfUtils.java:logGet(43)) - raft.server.rpc.request.timeout = 3000ms (default)
2019-10-16 22:10:42,457 [d9e6ea44-93db-446f-8020-a94232284285@group-89BB998769DA-LeaderElection9] INFO  server.RaftServerConfigKeys (ConfUtils.java:logGet(43)) - raft.server.log.appender.install.snapshot.enabled = false (custom)
2019-10-16 22:10:42,457 [eec99a0c-e1b1-4518-bc49-9d1a8c8e04d5@group-89BB998769DA-LeaderElection10] INFO  impl.LeaderElection (LeaderElection.java:askForVotes(178)) - eec99a0c-e1b1-4518-bc49-9d1a8c8e04d5@group-89BB998769DA-LeaderElection10: begin an election at term 2 for -1: [3989452c-7599-4156-9543-3fe544ced0f3:192.168.157.254:36320, eec99a0c-e1b1-4518-bc49-9d1a8c8e04d5:192.168.157.254:45598, d9e6ea44-93db-446f-8020-a94232284285:192.168.157.254:41671], old=null
2019-10-16 22:10:42,459 [d9e6ea44-93db-446f-8020-a94232284285@group-89BB998769DA-LeaderElection9] INFO  impl.RoleInfo (RoleInfo.java:updateAndGet(143)) - d9e6ea44-93db-446f-8020-a94232284285: start LeaderState
2019-10-16 22:10:42,461 [grpc-default-executor-6] INFO  impl.RaftServerImpl (RaftServerImpl.java:setRole(184)) - 3989452c-7599-4156-9543-3fe544ced0f3@group-89BB998769DA: changes role from  FOLLOWER to FOLLOWER at term 2 for recognizeCandidate:eec99a0c-e1b1-4518-bc49-9d1a8c8e04d5
2019-10-16 22:10:42,461 [grpc-default-executor-6] INFO  impl.RoleInfo (RoleInfo.java:shutdownFollowerState(121)) - 3989452c-7599-4156-9543-3fe544ced0f3: shutdown FollowerState
2019-10-16 22:10:42,461 [d9e6ea44-93db-446f-8020-a94232284285@group-89BB998769DA-LeaderElection9] INFO  segmented.SegmentedRaftLogWorker (SegmentedRaftLogWorker.java:startLogSegment(385)) - d9e6ea44-93db-446f-8020-a94232284285@group-89BB998769DA-SegmentedRaftLogWorker: Starting segment from index:0
2019-10-16 22:10:42,461 [grpc-default-executor-6] INFO  impl.RoleInfo (RoleInfo.java:updateAndGet(143)) - 3989452c-7599-4156-9543-3fe544ced0f3: start FollowerState
2019-10-16 22:10:42,461 [Thread-488] INFO  impl.FollowerState (FollowerState.java:run(117)) - 3989452c-7599-4156-9543-3fe544ced0f3@group-89BB998769DA-FollowerState was interrupted: java.lang.InterruptedException: sleep interrupted
2019-10-16 22:10:42,463 [d9e6ea44-93db-446f-8020-a94232284285@group-89BB998769DA-LeaderElection9] INFO  impl.RaftServerImpl (ServerState.java:setRaftConf(357)) - d9e6ea44-93db-446f-8020-a94232284285@group-89BB998769DA: set configuration 0: [3989452c-7599-4156-9543-3fe544ced0f3:192.168.157.254:36320, eec99a0c-e1b1-4518-bc49-9d1a8c8e04d5:192.168.157.254:45598, d9e6ea44-93db-446f-8020-a94232284285:192.168.157.254:41671], old=null at 0
2019-10-16 22:10:42,497 [eec99a0c-e1b1-4518-bc49-9d1a8c8e04d5@group-89BB998769DA-LeaderElection10] INFO  impl.LeaderElection (LeaderElection.java:logAndReturn(56)) - eec99a0c-e1b1-4518-bc49-9d1a8c8e04d5@group-89BB998769DA-LeaderElection10: Election TIMEOUT; received 0 response(s) [] and 0 exception(s); eec99a0c-e1b1-4518-bc49-9d1a8c8e04d5@group-89BB998769DA:t2, leader=null, voted=eec99a0c-e1b1-4518-bc49-9d1a8c8e04d5, raftlog=eec99a0c-e1b1-4518-bc49-9d1a8c8e04d5@group-89BB998769DA-SegmentedRaftLog:OPENED:c-1,f-1,i0, conf=-1: [3989452c-7599-4156-9543-3fe544ced0f3:192.168.157.254:36320, eec99a0c-e1b1-4518-bc49-9d1a8c8e04d5:192.168.157.254:45598, d9e6ea44-93db-446f-8020-a94232284285:192.168.157.254:41671], old=null
2019-10-16 22:10:42,498 [grpc-default-executor-7] INFO  impl.RaftServerImpl (ServerState.java:setLeader(256)) - d9e6ea44-93db-446f-8020-a94232284285@group-89BB998769DA: change Leader from d9e6ea44-93db-446f-8020-a94232284285 to null at term 2 for updateCurrentTerm
2019-10-16 22:10:42,498 [grpc-default-executor-7] INFO  impl.RaftServerImpl (RaftServerImpl.java:setRole(184)) - d9e6ea44-93db-446f-8020-a94232284285@group-89BB998769DA: changes role from    LEADER to FOLLOWER at term 2 for recognizeCandidate:eec99a0c-e1b1-4518-bc49-9d1a8c8e04d5
2019-10-16 22:10:42,498 [grpc-default-executor-7] INFO  impl.RoleInfo (RoleInfo.java:shutdownLeaderState(104)) - d9e6ea44-93db-446f-8020-a94232284285: shutdown LeaderState
2019-10-16 22:10:42,503 [org.apache.ratis.server.impl.LogAppender$AppenderDaemon$$Lambda$462/2111532691@febdb2b] WARN  server.GrpcLogAppender (GrpcLogAppender.java:mayWait(149)) - d9e6ea44-93db-446f-8020-a94232284285@group-89BB998769DA->eec99a0c-e1b1-4518-bc49-9d1a8c8e04d5-GrpcLogAppender: Wait interrupted by java.lang.InterruptedException
2019-10-16 22:10:42,503 [org.apache.ratis.server.impl.LogAppender$AppenderDaemon$$Lambda$462/2111532691@3e9f05af] WARN  server.GrpcLogAppender (GrpcLogAppender.java:mayWait(149)) - d9e6ea44-93db-446f-8020-a94232284285@group-89BB998769DA->3989452c-7599-4156-9543-3fe544ced0f3-GrpcLogAppender: Wait interrupted by java.lang.InterruptedException
2019-10-16 22:10:42,505 [grpc-default-executor-7] INFO  impl.PendingRequests (PendingRequests.java:sendNotLeaderResponses(202)) - d9e6ea44-93db-446f-8020-a94232284285@group-89BB998769DA-PendingRequests: sendNotLeaderResponses
2019-10-16 22:10:42,506 [grpc-default-executor-7] INFO  impl.RoleInfo (RoleInfo.java:updateAndGet(143)) - d9e6ea44-93db-446f-8020-a94232284285: start FollowerState
2019-10-16 22:10:42,514 [d9e6ea44-93db-446f-8020-a94232284285@group-89BB998769DA-SegmentedRaftLogWorker] INFO  segmented.SegmentedRaftLogWorker (SegmentedRaftLogWorker.java:execute(576)) - d9e6ea44-93db-446f-8020-a94232284285@group-89BB998769DA-SegmentedRaftLogWorker: created new log segment /workdir/hadoop-ozone/tools/target/test-dir/MiniOzoneClusterImpl-402ec78b-26f6-4355-8079-1cdd4cc53632/datanode-2/data/ratis/c2e3239d-423e-43b9-9f79-89bb998769da/current/log_inprogress_0
2019-10-16 22:10:42,514 [eec99a0c-e1b1-4518-bc49-9d1a8c8e04d5@group-89BB998769DA-LeaderElection10] INFO  impl.LeaderElection (LeaderElection.java:askForVotes(178)) - eec99a0c-e1b1-4518-bc49-9d1a8c8e04d5@group-89BB998769DA-LeaderElection10: begin an election at term 3 for -1: [3989452c-7599-4156-9543-3fe544ced0f3:192.168.157.254:36320, eec99a0c-e1b1-4518-bc49-9d1a8c8e04d5:192.168.157.254:45598, d9e6ea44-93db-446f-8020-a94232284285:192.168.157.254:41671], old=null
2019-10-16 22:10:42,514 [grpc-default-executor-5] INFO  server.GrpcServerProtocolService (GrpcServerProtocolService.java:onCompleted(113)) - eec99a0c-e1b1-4518-bc49-9d1a8c8e04d5: Completed APPEND_ENTRIES, lastRequest: d9e6ea44-93db-446f-8020-a94232284285->eec99a0c-e1b1-4518-bc49-9d1a8c8e04d5#0-t1, previous=(t:0, i:0), leaderCommit=-1, initializing? false, entries: <empty>
2019-10-16 22:10:42,514 [grpc-default-executor-3] INFO  server.GrpcServerProtocolService (GrpcServerProtocolService.java:onCompleted(113)) - 3989452c-7599-4156-9543-3fe544ced0f3: Completed APPEND_ENTRIES, lastRequest: d9e6ea44-93db-446f-8020-a94232284285->3989452c-7599-4156-9543-3fe544ced0f3#0-t1, previous=(t:0, i:0), leaderCommit=-1, initializing? false, entries: <empty>
2019-10-16 22:10:42,519 [grpc-default-executor-1] INFO  server.GrpcLogAppender (GrpcLogAppender.java:onCompleted(308)) - d9e6ea44-93db-446f-8020-a94232284285@group-89BB998769DA->3989452c-7599-4156-9543-3fe544ced0f3-AppendLogResponseHandler: follower responses appendEntries COMPLETED
2019-10-16 22:10:42,519 [grpc-default-executor-5] INFO  impl.RaftServerImpl (RaftServerImpl.java:setRole(184)) - 3989452c-7599-4156-9543-3fe544ced0f3@group-89BB998769DA: changes role from  FOLLOWER to FOLLOWER at term 3 for recognizeCandidate:eec99a0c-e1b1-4518-bc49-9d1a8c8e04d5
2019-10-16 22:10:42,519 [grpc-default-executor-6] INFO  server.GrpcLogAppender (GrpcLogAppender.java:onCompleted(308)) - d9e6ea44-93db-446f-8020-a94232284285@group-89BB998769DA->eec99a0c-e1b1-4518-bc49-9d1a8c8e04d5-AppendLogResponseHandler: follower responses appendEntries COMPLETED
2019-10-16 22:10:42,520 [grpc-default-executor-5] INFO  impl.RoleInfo (RoleInfo.java:shutdownFollowerState(121)) - 3989452c-7599-4156-9543-3fe544ced0f3: shutdown FollowerState
2019-10-16 22:10:42,522 [Thread-496] INFO  impl.FollowerState (FollowerState.java:run(117)) - 3989452c-7599-4156-9543-3fe544ced0f3@group-89BB998769DA-FollowerState was interrupted: java.lang.InterruptedException: sleep interrupted
2019-10-16 22:10:42,522 [grpc-default-executor-5] INFO  impl.RoleInfo (RoleInfo.java:updateAndGet(143)) - 3989452c-7599-4156-9543-3fe544ced0f3: start FollowerState
2019-10-16 22:10:42,524 [grpc-default-executor-7] INFO  impl.RaftServerImpl (RaftServerImpl.java:setRole(184)) - d9e6ea44-93db-446f-8020-a94232284285@group-89BB998769DA: changes role from  FOLLOWER to FOLLOWER at term 3 for recognizeCandidate:eec99a0c-e1b1-4518-bc49-9d1a8c8e04d5
2019-10-16 22:10:42,525 [grpc-default-executor-1] INFO  impl.FollowerInfo (FollowerInfo.java:lambda$new$0(51)) - d9e6ea44-93db-446f-8020-a94232284285@group-89BB998769DA->3989452c-7599-4156-9543-3fe544ced0f3: nextIndex: updateUnconditionally 0 -> 0
2019-10-16 22:10:42,525 [grpc-default-executor-7] INFO  impl.RoleInfo (RoleInfo.java:shutdownFollowerState(121)) - d9e6ea44-93db-446f-8020-a94232284285: shutdown FollowerState
2019-10-16 22:10:42,525 [grpc-default-executor-7] INFO  impl.RoleInfo (RoleInfo.java:updateAndGet(143)) - d9e6ea44-93db-446f-8020-a94232284285: start FollowerState
2019-10-16 22:10:42,525 [Thread-499] INFO  impl.FollowerState (FollowerState.java:run(117)) - d9e6ea44-93db-446f-8020-a94232284285@group-89BB998769DA-FollowerState was interrupted: java.lang.InterruptedException: sleep interrupted
2019-10-16 22:10:42,525 [grpc-default-executor-6] INFO  impl.FollowerInfo (FollowerInfo.java:lambda$new$0(51)) - d9e6ea44-93db-446f-8020-a94232284285@group-89BB998769DA->eec99a0c-e1b1-4518-bc49-9d1a8c8e04d5: nextIndex: updateUnconditionally 0 -> 0
2019-10-16 22:10:42,533 [eec99a0c-e1b1-4518-bc49-9d1a8c8e04d5@group-89BB998769DA-LeaderElection10] INFO  impl.LeaderElection (LeaderElection.java:logAndReturn(56)) - eec99a0c-e1b1-4518-bc49-9d1a8c8e04d5@group-89BB998769DA-LeaderElection10: Election PASSED; received 1 response(s) [eec99a0c-e1b1-4518-bc49-9d1a8c8e04d5<-3989452c-7599-4156-9543-3fe544ced0f3#0:OK-t3] and 0 exception(s); eec99a0c-e1b1-4518-bc49-9d1a8c8e04d5@group-89BB998769DA:t3, leader=null, voted=eec99a0c-e1b1-4518-bc49-9d1a8c8e04d5, raftlog=eec99a0c-e1b1-4518-bc49-9d1a8c8e04d5@group-89BB998769DA-SegmentedRaftLog:OPENED:c-1,f-1,i0, conf=-1: [3989452c-7599-4156-9543-3fe544ced0f3:192.168.157.254:36320, eec99a0c-e1b1-4518-bc49-9d1a8c8e04d5:192.168.157.254:45598, d9e6ea44-93db-446f-8020-a94232284285:192.168.157.254:41671], old=null
2019-10-16 22:10:42,533 [eec99a0c-e1b1-4518-bc49-9d1a8c8e04d5@group-89BB998769DA-LeaderElection10] INFO  impl.RoleInfo (RoleInfo.java:shutdownLeaderElection(134)) - eec99a0c-e1b1-4518-bc49-9d1a8c8e04d5: shutdown LeaderElection
2019-10-16 22:10:42,535 [eec99a0c-e1b1-4518-bc49-9d1a8c8e04d5@group-89BB998769DA-LeaderElection10] INFO  impl.RaftServerImpl (RaftServerImpl.java:setRole(184)) - eec99a0c-e1b1-4518-bc49-9d1a8c8e04d5@group-89BB998769DA: changes role from CANDIDATE to LEADER at term 3 for changeToLeader
2019-10-16 22:10:42,535 [eec99a0c-e1b1-4518-bc49-9d1a8c8e04d5@group-89BB998769DA-LeaderElection10] INFO  ratis.XceiverServerRatis (XceiverServerRatis.java:handleLeaderChangedNotification(700)) - Leader change notification received for group: group-89BB998769DA with new leaderId: eec99a0c-e1b1-4518-bc49-9d1a8c8e04d5
2019-10-16 22:10:42,535 [eec99a0c-e1b1-4518-bc49-9d1a8c8e04d5@group-89BB998769DA-LeaderElection10] INFO  impl.RaftServerImpl (ServerState.java:setLeader(256)) - eec99a0c-e1b1-4518-bc49-9d1a8c8e04d5@group-89BB998769DA: change Leader from null to eec99a0c-e1b1-4518-bc49-9d1a8c8e04d5 at term 3 for becomeLeader, leader elected after 162ms
2019-10-16 22:10:42,535 [eec99a0c-e1b1-4518-bc49-9d1a8c8e04d5@group-89BB998769DA-LeaderElection10] INFO  server.RaftServerConfigKeys (ConfUtils.java:logGet(43)) - raft.server.staging.catchup.gap = 1000 (default)
2019-10-16 22:10:42,536 [eec99a0c-e1b1-4518-bc49-9d1a8c8e04d5@group-89BB998769DA-LeaderElection10] INFO  server.RaftServerConfigKeys (ConfUtils.java:logGet(43)) - raft.server.rpc.sleep.time = 25ms (default)
2019-10-16 22:10:42,536 [eec99a0c-e1b1-4518-bc49-9d1a8c8e04d5@group-89BB998769DA-LeaderElection10] INFO  server.RaftServerConfigKeys (ConfUtils.java:logGet(43)) - raft.server.write.element-limit = 4096 (default)
2019-10-16 22:10:42,536 [eec99a0c-e1b1-4518-bc49-9d1a8c8e04d5@group-89BB998769DA-LeaderElection10] INFO  server.RaftServerConfigKeys (ConfUtils.java:logGet(43)) - raft.server.watch.timeout = 10s (default)
2019-10-16 22:10:42,536 [eec99a0c-e1b1-4518-bc49-9d1a8c8e04d5@group-89BB998769DA-LeaderElection10] INFO  server.RaftServerConfigKeys (ConfUtils.java:logGet(43)) - raft.server.watch.timeout.denomination = 1s (default)
2019-10-16 22:10:42,536 [eec99a0c-e1b1-4518-bc49-9d1a8c8e04d5@group-89BB998769DA-LeaderElection10] INFO  server.RaftServerConfigKeys (ConfUtils.java:logGet(43)) - raft.server.watch.element-limit = 65536 (default)
2019-10-16 22:10:42,536 [EventQueue-PipelineReportForPipelineReportHandler] INFO  pipeline.PipelineReportHandler (PipelineReportHandler.java:processPipelineReport(119)) - Pipeline PipelineID=c2e3239d-423e-43b9-9f79-89bb998769da reported by eec99a0c-e1b1-4518-bc49-9d1a8c8e04d5{ip: 192.168.157.254, host: pr-hdds-1868-qdb9g-714931517, networkLocation: /default-rack, certSerialId: null} with leaderId eec99a0c-e1b1-4518-bc49-9d1a8c8e04d5
2019-10-16 22:10:42,539 [eec99a0c-e1b1-4518-bc49-9d1a8c8e04d5@group-89BB998769DA-LeaderElection10] INFO  server.RaftServerConfigKeys (ConfUtils.java:logGet(43)) - raft.server.log.appender.snapshot.chunk.size.max = 16MB (=16777216) (default)
2019-10-16 22:10:42,539 [eec99a0c-e1b1-4518-bc49-9d1a8c8e04d5@group-89BB998769DA-LeaderElection10] INFO  server.RaftServerConfigKeys (ConfUtils.java:logGet(43)) - raft.server.log.appender.buffer.byte-limit = 33554432 (custom)
2019-10-16 22:10:42,540 [eec99a0c-e1b1-4518-bc49-9d1a8c8e04d5@group-89BB998769DA-LeaderElection10] INFO  server.RaftServerConfigKeys (ConfUtils.java:logGet(43)) - raft.server.log.appender.buffer.element-limit = 1 (custom)
2019-10-16 22:10:42,540 [eec99a0c-e1b1-4518-bc49-9d1a8c8e04d5@group-89BB998769DA-LeaderElection10] INFO  grpc.GrpcConfigKeys$Server (ConfUtils.java:logGet(43)) - raft.grpc.server.leader.outstanding.appends.max = 128 (default)
2019-10-16 22:10:42,540 [eec99a0c-e1b1-4518-bc49-9d1a8c8e04d5@group-89BB998769DA-LeaderElection10] INFO  server.RaftServerConfigKeys (ConfUtils.java:logGet(43)) - raft.server.rpc.request.timeout = 3000ms (default)
2019-10-16 22:10:42,540 [eec99a0c-e1b1-4518-bc49-9d1a8c8e04d5@group-89BB998769DA-LeaderElection10] INFO  server.RaftServerConfigKeys (ConfUtils.java:logGet(43)) - raft.server.log.appender.install.snapshot.enabled = false (custom)
2019-10-16 22:10:42,542 [eec99a0c-e1b1-4518-bc49-9d1a8c8e04d5@group-89BB998769DA-LeaderElection10] INFO  server.RaftServerConfigKeys (ConfUtils.java:logGet(43)) - raft.server.log.appender.snapshot.chunk.size.max = 16MB (=16777216) (default)
2019-10-16 22:10:42,542 [eec99a0c-e1b1-4518-bc49-9d1a8c8e04d5@group-89BB998769DA-LeaderElection10] INFO  server.RaftServerConfigKeys (ConfUtils.java:logGet(43)) - raft.server.log.appender.buffer.byte-limit = 33554432 (custom)
2019-10-16 22:10:42,542 [eec99a0c-e1b1-4518-bc49-9d1a8c8e04d5@group-89BB998769DA-LeaderElection10] INFO  server.RaftServerConfigKeys (ConfUtils.java:logGet(43)) - raft.server.log.appender.buffer.element-limit = 1 (custom)
2019-10-16 22:10:42,543 [eec99a0c-e1b1-4518-bc49-9d1a8c8e04d5@group-89BB998769DA-LeaderElection10] INFO  grpc.GrpcConfigKeys$Server (ConfUtils.java:logGet(43)) - raft.grpc.server.leader.outstanding.appends.max = 128 (default)
2019-10-16 22:10:42,543 [eec99a0c-e1b1-4518-bc49-9d1a8c8e04d5@group-89BB998769DA-LeaderElection10] INFO  server.RaftServerConfigKeys (ConfUtils.java:logGet(43)) - raft.server.rpc.request.timeout = 3000ms (default)
2019-10-16 22:10:42,543 [eec99a0c-e1b1-4518-bc49-9d1a8c8e04d5@group-89BB998769DA-LeaderElection10] INFO  server.RaftServerConfigKeys (ConfUtils.java:logGet(43)) - raft.server.log.appender.install.snapshot.enabled = false (custom)
2019-10-16 22:10:42,545 [eec99a0c-e1b1-4518-bc49-9d1a8c8e04d5@group-89BB998769DA-LeaderElection10] INFO  impl.RoleInfo (RoleInfo.java:updateAndGet(143)) - eec99a0c-e1b1-4518-bc49-9d1a8c8e04d5: start LeaderState
2019-10-16 22:10:42,545 [eec99a0c-e1b1-4518-bc49-9d1a8c8e04d5@group-89BB998769DA-LeaderElection10] INFO  segmented.SegmentedRaftLogWorker (SegmentedRaftLogWorker.java:startLogSegment(385)) - eec99a0c-e1b1-4518-bc49-9d1a8c8e04d5@group-89BB998769DA-SegmentedRaftLogWorker: Starting segment from index:0
2019-10-16 22:10:42,546 [eec99a0c-e1b1-4518-bc49-9d1a8c8e04d5@group-89BB998769DA-LeaderElection10] INFO  impl.RaftServerImpl (ServerState.java:setRaftConf(357)) - eec99a0c-e1b1-4518-bc49-9d1a8c8e04d5@group-89BB998769DA: set configuration 0: [3989452c-7599-4156-9543-3fe544ced0f3:192.168.157.254:36320, eec99a0c-e1b1-4518-bc49-9d1a8c8e04d5:192.168.157.254:45598, d9e6ea44-93db-446f-8020-a94232284285:192.168.157.254:41671], old=null at 0
2019-10-16 22:10:42,571 [grpc-default-executor-7] INFO  ratis.XceiverServerRatis (XceiverServerRatis.java:handleLeaderChangedNotification(700)) - Leader change notification received for group: group-89BB998769DA with new leaderId: eec99a0c-e1b1-4518-bc49-9d1a8c8e04d5
2019-10-16 22:10:42,571 [grpc-default-executor-5] INFO  ratis.XceiverServerRatis (XceiverServerRatis.java:handleLeaderChangedNotification(700)) - Leader change notification received for group: group-89BB998769DA with new leaderId: eec99a0c-e1b1-4518-bc49-9d1a8c8e04d5
2019-10-16 22:10:42,571 [grpc-default-executor-7] INFO  impl.RaftServerImpl (ServerState.java:setLeader(256)) - 3989452c-7599-4156-9543-3fe544ced0f3@group-89BB998769DA: change Leader from null to eec99a0c-e1b1-4518-bc49-9d1a8c8e04d5 at term 3 for appendEntries, leader elected after 203ms
2019-10-16 22:10:42,571 [grpc-default-executor-5] INFO  impl.RaftServerImpl (ServerState.java:setLeader(256)) - d9e6ea44-93db-446f-8020-a94232284285@group-89BB998769DA: change Leader from null to eec99a0c-e1b1-4518-bc49-9d1a8c8e04d5 at term 3 for appendEntries, leader elected after 73ms
2019-10-16 22:10:42,572 [EventQueue-PipelineReportForPipelineReportHandler] INFO  pipeline.PipelineReportHandler (PipelineReportHandler.java:processPipelineReport(119)) - Pipeline PipelineID=c2e3239d-423e-43b9-9f79-89bb998769da reported by d9e6ea44-93db-446f-8020-a94232284285{ip: 192.168.157.254, host: pr-hdds-1868-qdb9g-714931517, networkLocation: /default-rack, certSerialId: null} with leaderId eec99a0c-e1b1-4518-bc49-9d1a8c8e04d5
2019-10-16 22:10:42,572 [EventQueue-PipelineReportForPipelineReportHandler] INFO  pipeline.PipelineReportHandler (PipelineReportHandler.java:processPipelineReport(119)) - Pipeline PipelineID=c2e3239d-423e-43b9-9f79-89bb998769da reported by 3989452c-7599-4156-9543-3fe544ced0f3{ip: 192.168.157.254, host: pr-hdds-1868-qdb9g-714931517, networkLocation: /default-rack, certSerialId: null} with leaderId eec99a0c-e1b1-4518-bc49-9d1a8c8e04d5
2019-10-16 22:10:42,573 [EventQueue-PipelineReportForPipelineReportHandler] INFO  pipeline.PipelineStateManager (PipelineStateManager.java:openPipeline(136)) - Pipeline Pipeline[ Id: c2e3239d-423e-43b9-9f79-89bb998769da, Nodes: 3989452c-7599-4156-9543-3fe544ced0f3{ip: 192.168.157.254, host: pr-hdds-1868-qdb9g-714931517, networkLocation: /default-rack, certSerialId: null}eec99a0c-e1b1-4518-bc49-9d1a8c8e04d5{ip: 192.168.157.254, host: pr-hdds-1868-qdb9g-714931517, networkLocation: /default-rack, certSerialId: null}d9e6ea44-93db-446f-8020-a94232284285{ip: 192.168.157.254, host: pr-hdds-1868-qdb9g-714931517, networkLocation: /default-rack, certSerialId: null}, Type:RATIS, Factor:THREE, State:OPEN] moved to OPEN state
2019-10-16 22:10:42,574 [grpc-default-executor-5] INFO  impl.RaftServerImpl (ServerState.java:setRaftConf(357)) - d9e6ea44-93db-446f-8020-a94232284285@group-89BB998769DA: set configuration 0: [3989452c-7599-4156-9543-3fe544ced0f3:192.168.157.254:36320, eec99a0c-e1b1-4518-bc49-9d1a8c8e04d5:192.168.157.254:45598, d9e6ea44-93db-446f-8020-a94232284285:192.168.157.254:41671], old=null at 0
2019-10-16 22:10:42,574 [grpc-default-executor-7] INFO  impl.RaftServerImpl (ServerState.java:setRaftConf(357)) - 3989452c-7599-4156-9543-3fe544ced0f3@group-89BB998769DA: set configuration 0: [3989452c-7599-4156-9543-3fe544ced0f3:192.168.157.254:36320, eec99a0c-e1b1-4518-bc49-9d1a8c8e04d5:192.168.157.254:45598, d9e6ea44-93db-446f-8020-a94232284285:192.168.157.254:41671], old=null at 0
2019-10-16 22:10:42,576 [grpc-default-executor-5] INFO  segmented.SegmentedRaftLogWorker (SegmentedRaftLogWorker.java:truncate(401)) - d9e6ea44-93db-446f-8020-a94232284285@group-89BB998769DA-SegmentedRaftLogWorker: Truncating segments toTruncate: null
  toDelete: [(0, 0) isOpen? true, length=0, newEndIndex=-1], start index 0
2019-10-16 22:10:42,576 [grpc-default-executor-7] INFO  segmented.SegmentedRaftLogWorker (SegmentedRaftLogWorker.java:startLogSegment(385)) - 3989452c-7599-4156-9543-3fe544ced0f3@group-89BB998769DA-SegmentedRaftLogWorker: Starting segment from index:0
2019-10-16 22:10:42,576 [grpc-default-executor-5] INFO  segmented.SegmentedRaftLogWorker (SegmentedRaftLogWorker.java:startLogSegment(385)) - d9e6ea44-93db-446f-8020-a94232284285@group-89BB998769DA-SegmentedRaftLogWorker: Starting segment from index:0
2019-10-16 22:10:42,576 [d9e6ea44-93db-446f-8020-a94232284285@group-89BB998769DA-SegmentedRaftLogWorker] INFO  segmented.SegmentedRaftLogWorker (SegmentedRaftLogWorker.java:execute(640)) - d9e6ea44-93db-446f-8020-a94232284285@group-89BB998769DA-SegmentedRaftLogWorker: Deleted log file /workdir/hadoop-ozone/tools/target/test-dir/MiniOzoneClusterImpl-402ec78b-26f6-4355-8079-1cdd4cc53632/datanode-2/data/ratis/c2e3239d-423e-43b9-9f79-89bb998769da/current/log_inprogress_0
2019-10-16 22:10:42,577 [d9e6ea44-93db-446f-8020-a94232284285@group-89BB998769DA-SegmentedRaftLogWorker] INFO  segmented.SegmentedRaftLogWorker (SegmentedRaftLogWorker.java:lambda$new$0(128)) - d9e6ea44-93db-446f-8020-a94232284285@group-89BB998769DA-SegmentedRaftLogWorker: flushIndex: setUnconditionally 0 -> -1
2019-10-16 22:10:42,594 [eec99a0c-e1b1-4518-bc49-9d1a8c8e04d5@group-89BB998769DA-SegmentedRaftLogWorker] INFO  segmented.SegmentedRaftLogWorker (SegmentedRaftLogWorker.java:execute(576)) - eec99a0c-e1b1-4518-bc49-9d1a8c8e04d5@group-89BB998769DA-SegmentedRaftLogWorker: created new log segment /workdir/hadoop-ozone/tools/target/test-dir/MiniOzoneClusterImpl-402ec78b-26f6-4355-8079-1cdd4cc53632/datanode-0/data/ratis/c2e3239d-423e-43b9-9f79-89bb998769da/current/log_inprogress_0
2019-10-16 22:10:42,613 [3989452c-7599-4156-9543-3fe544ced0f3@group-89BB998769DA-SegmentedRaftLogWorker] INFO  segmented.SegmentedRaftLogWorker (SegmentedRaftLogWorker.java:execute(576)) - 3989452c-7599-4156-9543-3fe544ced0f3@group-89BB998769DA-SegmentedRaftLogWorker: created new log segment /workdir/hadoop-ozone/tools/target/test-dir/MiniOzoneClusterImpl-402ec78b-26f6-4355-8079-1cdd4cc53632/datanode-3/data/ratis/c2e3239d-423e-43b9-9f79-89bb998769da/current/log_inprogress_0
2019-10-16 22:10:42,613 [d9e6ea44-93db-446f-8020-a94232284285@group-89BB998769DA-SegmentedRaftLogWorker] INFO  segmented.SegmentedRaftLogWorker (SegmentedRaftLogWorker.java:execute(576)) - d9e6ea44-93db-446f-8020-a94232284285@group-89BB998769DA-SegmentedRaftLogWorker: created new log segment /workdir/hadoop-ozone/tools/target/test-dir/MiniOzoneClusterImpl-402ec78b-26f6-4355-8079-1cdd4cc53632/datanode-2/data/ratis/c2e3239d-423e-43b9-9f79-89bb998769da/current/log_inprogress_0
 0.00% |?                                                                                                    |  0/1 Time: 0:01:59 0.00% |?                                                                                                    |  0/1 Time: 0:02:00 0.00% |?                                                                                                    |  0/1 Time: 0:02:01 0.00% |?                                                                                                    |  0/1 Time: 0:02:02 0.00% |?                                                                                                    |  0/1 Time: 0:02:03 0.00% |?                                                                                                    |  0/1 Time: 0:02:04 0.00% |?                                                                                                    |  0/1 Time: 0:02:05 0.00% |?                                                                                                    |  0/1 Time: 0:02:06 0.00% |?                                                                                                    |  0/1 Time: 0:02:07 0.00% |?                                                                                                    |  0/1 Time: 0:02:08 0.00% |?                                                                                                    |  0/1 Time: 0:02:09 0.00% |?                                                                                                    |  0/1 Time: 0:02:10 0.00% |?                                                                                                    |  0/1 Time: 0:02:11 0.00% |?                                                                                                    |  0/1 Time: 0:02:12 0.00% |?                                                                                                    |  0/1 Time: 0:02:13 0.00% |?                                                                                                    |  0/1 Time: 0:02:142019-10-16 22:10:58,156 [grpc-default-executor-7] INFO  impl.RaftServerProxy (RaftServerProxy.java:remove(95)) - 3989452c-7599-4156-9543-3fe544ced0f3: remove  FOLLOWER 3989452c-7599-4156-9543-3fe544ced0f3@group-F663BAD95A1E:t1, leader=eec99a0c-e1b1-4518-bc49-9d1a8c8e04d5, voted=eec99a0c-e1b1-4518-bc49-9d1a8c8e04d5, raftlog=3989452c-7599-4156-9543-3fe544ced0f3@group-F663BAD95A1E-SegmentedRaftLog:OPENED:c0,f2,i2, conf=0: [3989452c-7599-4156-9543-3fe544ced0f3:192.168.157.254:36320, eec99a0c-e1b1-4518-bc49-9d1a8c8e04d5:192.168.157.254:45598, d9e6ea44-93db-446f-8020-a94232284285:192.168.157.254:41671], old=null RUNNING
2019-10-16 22:10:58,157 [grpc-default-executor-7] INFO  impl.RaftServerImpl (RaftServerImpl.java:lambda$shutdown$3(261)) - 3989452c-7599-4156-9543-3fe544ced0f3@group-F663BAD95A1E: shutdown
2019-10-16 22:10:58,158 [grpc-default-executor-7] INFO  util.JmxRegister (JmxRegister.java:unregister(73)) - Successfully un-registered JMX Bean with object name Ratis:service=RaftServer,group=group-F663BAD95A1E,id=3989452c-7599-4156-9543-3fe544ced0f3
2019-10-16 22:10:58,158 [grpc-default-executor-7] INFO  impl.RoleInfo (RoleInfo.java:shutdownFollowerState(121)) - 3989452c-7599-4156-9543-3fe544ced0f3: shutdown FollowerState
2019-10-16 22:10:58,158 [grpc-default-executor-7] INFO  impl.StateMachineUpdater (StateMachineUpdater.java:stopAndJoin(136)) - 3989452c-7599-4156-9543-3fe544ced0f3@group-F663BAD95A1E-StateMachineUpdater: set stopIndex = 0
2019-10-16 22:10:58,159 [Thread-394] INFO  impl.FollowerState (FollowerState.java:run(117)) - 3989452c-7599-4156-9543-3fe544ced0f3@group-F663BAD95A1E-FollowerState was interrupted: java.lang.InterruptedException: sleep interrupted
2019-10-16 22:10:58,162 [grpc-default-executor-7] INFO  impl.RaftServerImpl (ServerState.java:close(388)) - 3989452c-7599-4156-9543-3fe544ced0f3@group-F663BAD95A1E: closes. applyIndex: 0
2019-10-16 22:10:58,163 [3989452c-7599-4156-9543-3fe544ced0f3@group-F663BAD95A1E-SegmentedRaftLogWorker] INFO  segmented.SegmentedRaftLogWorker (SegmentedRaftLogWorker.java:run(316)) - 3989452c-7599-4156-9543-3fe544ced0f3@group-F663BAD95A1E-SegmentedRaftLogWorker was interrupted, exiting. There are 0 tasks remaining in the queue.
2019-10-16 22:10:58,164 [grpc-default-executor-7] INFO  segmented.SegmentedRaftLogWorker (SegmentedRaftLogWorker.java:close(224)) - 3989452c-7599-4156-9543-3fe544ced0f3@group-F663BAD95A1E-SegmentedRaftLogWorker close()
2019-10-16 22:10:58,199 [grpc-default-executor-7] INFO  interfaces.Container (KeyValueContainer.java:flushAndSyncDB(386)) - Container 4 is synced with bcsId 0.
2019-10-16 22:10:58,200 [grpc-default-executor-7] INFO  interfaces.Container (KeyValueContainer.java:flushAndSyncDB(386)) - Container 4 is synced with bcsId 0.
2019-10-16 22:10:58,213 [EventQueue-IncrementalContainerReportForIncrementalContainerReportHandler] INFO  container.IncrementalContainerReportHandler (AbstractContainerReportHandler.java:updateContainerState(171)) - Moving container #4 to QUASI_CLOSED state, datanode 3989452c-7599-4156-9543-3fe544ced0f3{ip: 192.168.157.254, host: pr-hdds-1868-qdb9g-714931517, networkLocation: /default-rack, certSerialId: null} reported QUASI_CLOSED replica.
2019-10-16 22:10:58,223 [grpc-default-executor-7] INFO  impl.RaftServerProxy (RaftServerProxy.java:remove(95)) - eec99a0c-e1b1-4518-bc49-9d1a8c8e04d5: remove    LEADER eec99a0c-e1b1-4518-bc49-9d1a8c8e04d5@group-F663BAD95A1E:t1, leader=eec99a0c-e1b1-4518-bc49-9d1a8c8e04d5, voted=eec99a0c-e1b1-4518-bc49-9d1a8c8e04d5, raftlog=eec99a0c-e1b1-4518-bc49-9d1a8c8e04d5@group-F663BAD95A1E-SegmentedRaftLog:OPENED:c0,f0,i2, conf=0: [3989452c-7599-4156-9543-3fe544ced0f3:192.168.157.254:36320, eec99a0c-e1b1-4518-bc49-9d1a8c8e04d5:192.168.157.254:45598, d9e6ea44-93db-446f-8020-a94232284285:192.168.157.254:41671], old=null RUNNING
2019-10-16 22:10:58,223 [grpc-default-executor-7] INFO  impl.RaftServerImpl (RaftServerImpl.java:lambda$shutdown$3(261)) - eec99a0c-e1b1-4518-bc49-9d1a8c8e04d5@group-F663BAD95A1E: shutdown
2019-10-16 22:10:58,224 [grpc-default-executor-7] INFO  util.JmxRegister (JmxRegister.java:unregister(73)) - Successfully un-registered JMX Bean with object name Ratis:service=RaftServer,group=group-F663BAD95A1E,id=eec99a0c-e1b1-4518-bc49-9d1a8c8e04d5
2019-10-16 22:10:58,224 [grpc-default-executor-7] INFO  impl.RoleInfo (RoleInfo.java:shutdownLeaderState(104)) - eec99a0c-e1b1-4518-bc49-9d1a8c8e04d5: shutdown LeaderState
2019-10-16 22:10:58,226 [grpc-default-executor-7] INFO  impl.PendingRequests (PendingRequests.java:sendNotLeaderResponses(202)) - eec99a0c-e1b1-4518-bc49-9d1a8c8e04d5@group-F663BAD95A1E-PendingRequests: sendNotLeaderResponses
2019-10-16 22:10:58,226 [org.apache.ratis.server.impl.LogAppender$AppenderDaemon$$Lambda$462/2111532691@5e7735fe] WARN  server.GrpcLogAppender (GrpcLogAppender.java:mayWait(149)) - eec99a0c-e1b1-4518-bc49-9d1a8c8e04d5@group-F663BAD95A1E->3989452c-7599-4156-9543-3fe544ced0f3-GrpcLogAppender: Wait interrupted by java.lang.InterruptedException
2019-10-16 22:10:58,226 [org.apache.ratis.server.impl.LogAppender$AppenderDaemon$$Lambda$462/2111532691@6f636ba6] WARN  server.GrpcLogAppender (GrpcLogAppender.java:mayWait(149)) - eec99a0c-e1b1-4518-bc49-9d1a8c8e04d5@group-F663BAD95A1E->d9e6ea44-93db-446f-8020-a94232284285-GrpcLogAppender: Wait interrupted by java.lang.InterruptedException
2019-10-16 22:10:58,232 [grpc-default-executor-6] INFO  server.GrpcServerProtocolService (GrpcServerProtocolService.java:onCompleted(113)) - d9e6ea44-93db-446f-8020-a94232284285: Completed APPEND_ENTRIES, lastRequest: eec99a0c-e1b1-4518-bc49-9d1a8c8e04d5->d9e6ea44-93db-446f-8020-a94232284285#29-t1, previous=(t:1, i:2), leaderCommit=0, initializing? false, entries: <empty>
2019-10-16 22:10:58,232 [grpc-default-executor-5] INFO  server.GrpcServerProtocolService (GrpcServerProtocolService.java:onCompleted(113)) - 3989452c-7599-4156-9543-3fe544ced0f3: Completed APPEND_ENTRIES, lastRequest: eec99a0c-e1b1-4518-bc49-9d1a8c8e04d5->3989452c-7599-4156-9543-3fe544ced0f3#29-t1, previous=(t:1, i:2), leaderCommit=0, initializing? false, entries: <empty>
2019-10-16 22:10:58,232 [grpc-default-executor-7] INFO  impl.StateMachineUpdater (StateMachineUpdater.java:stopAndJoin(136)) - eec99a0c-e1b1-4518-bc49-9d1a8c8e04d5@group-F663BAD95A1E-StateMachineUpdater: set stopIndex = 0
2019-10-16 22:10:58,247 [grpc-default-executor-7] INFO  impl.RaftServerImpl (ServerState.java:close(388)) - eec99a0c-e1b1-4518-bc49-9d1a8c8e04d5@group-F663BAD95A1E: closes. applyIndex: 0
2019-10-16 22:10:58,247 [eec99a0c-e1b1-4518-bc49-9d1a8c8e04d5@group-F663BAD95A1E-SegmentedRaftLogWorker] INFO  segmented.SegmentedRaftLogWorker (SegmentedRaftLogWorker.java:run(316)) - eec99a0c-e1b1-4518-bc49-9d1a8c8e04d5@group-F663BAD95A1E-SegmentedRaftLogWorker was interrupted, exiting. There are 0 tasks remaining in the queue.
2019-10-16 22:10:58,248 [grpc-default-executor-7] INFO  segmented.SegmentedRaftLogWorker (SegmentedRaftLogWorker.java:close(224)) - eec99a0c-e1b1-4518-bc49-9d1a8c8e04d5@group-F663BAD95A1E-SegmentedRaftLogWorker close()
2019-10-16 22:10:58,249 [grpc-default-executor-1] INFO  server.GrpcLogAppender (GrpcLogAppender.java:onCompleted(308)) - eec99a0c-e1b1-4518-bc49-9d1a8c8e04d5@group-F663BAD95A1E->d9e6ea44-93db-446f-8020-a94232284285-AppendLogResponseHandler: follower responses appendEntries COMPLETED
2019-10-16 22:10:58,257 [grpc-default-executor-8] INFO  server.GrpcLogAppender (GrpcLogAppender.java:onCompleted(308)) - eec99a0c-e1b1-4518-bc49-9d1a8c8e04d5@group-F663BAD95A1E->3989452c-7599-4156-9543-3fe544ced0f3-AppendLogResponseHandler: follower responses appendEntries COMPLETED
2019-10-16 22:10:58,265 [grpc-default-executor-7] INFO  impl.RaftServerProxy (RaftServerProxy.java:remove(95)) - d9e6ea44-93db-446f-8020-a94232284285: remove  FOLLOWER d9e6ea44-93db-446f-8020-a94232284285@group-F663BAD95A1E:t1, leader=eec99a0c-e1b1-4518-bc49-9d1a8c8e04d5, voted=eec99a0c-e1b1-4518-bc49-9d1a8c8e04d5, raftlog=d9e6ea44-93db-446f-8020-a94232284285@group-F663BAD95A1E-SegmentedRaftLog:OPENED:c0,f2,i2, conf=0: [3989452c-7599-4156-9543-3fe544ced0f3:192.168.157.254:36320, eec99a0c-e1b1-4518-bc49-9d1a8c8e04d5:192.168.157.254:45598, d9e6ea44-93db-446f-8020-a94232284285:192.168.157.254:41671], old=null RUNNING
2019-10-16 22:10:58,265 [grpc-default-executor-7] INFO  impl.RaftServerImpl (RaftServerImpl.java:lambda$shutdown$3(261)) - d9e6ea44-93db-446f-8020-a94232284285@group-F663BAD95A1E: shutdown
2019-10-16 22:10:58,265 [grpc-default-executor-7] INFO  util.JmxRegister (JmxRegister.java:unregister(73)) - Successfully un-registered JMX Bean with object name Ratis:service=RaftServer,group=group-F663BAD95A1E,id=d9e6ea44-93db-446f-8020-a94232284285
2019-10-16 22:10:58,266 [grpc-default-executor-7] INFO  impl.RoleInfo (RoleInfo.java:shutdownFollowerState(121)) - d9e6ea44-93db-446f-8020-a94232284285: shutdown FollowerState
2019-10-16 22:10:58,266 [grpc-default-executor-7] INFO  impl.StateMachineUpdater (StateMachineUpdater.java:stopAndJoin(136)) - d9e6ea44-93db-446f-8020-a94232284285@group-F663BAD95A1E-StateMachineUpdater: set stopIndex = 0
2019-10-16 22:10:58,266 [Thread-395] INFO  impl.FollowerState (FollowerState.java:run(117)) - d9e6ea44-93db-446f-8020-a94232284285@group-F663BAD95A1E-FollowerState was interrupted: java.lang.InterruptedException: sleep interrupted
2019-10-16 22:10:58,269 [grpc-default-executor-7] INFO  impl.RaftServerImpl (ServerState.java:close(388)) - d9e6ea44-93db-446f-8020-a94232284285@group-F663BAD95A1E: closes. applyIndex: 0
2019-10-16 22:10:58,269 [d9e6ea44-93db-446f-8020-a94232284285@group-F663BAD95A1E-SegmentedRaftLogWorker] INFO  segmented.SegmentedRaftLogWorker (SegmentedRaftLogWorker.java:run(316)) - d9e6ea44-93db-446f-8020-a94232284285@group-F663BAD95A1E-SegmentedRaftLogWorker was interrupted, exiting. There are 0 tasks remaining in the queue.
2019-10-16 22:10:58,270 [grpc-default-executor-7] INFO  segmented.SegmentedRaftLogWorker (SegmentedRaftLogWorker.java:close(224)) - d9e6ea44-93db-446f-8020-a94232284285@group-F663BAD95A1E-SegmentedRaftLogWorker close()
2019-10-16 22:10:58,312 [grpc-default-executor-7] INFO  interfaces.Container (KeyValueContainer.java:flushAndSyncDB(386)) - Container 4 is synced with bcsId 0.
2019-10-16 22:10:58,312 [grpc-default-executor-7] INFO  interfaces.Container (KeyValueContainer.java:flushAndSyncDB(386)) - Container 4 is synced with bcsId 0.
2019-10-16 22:10:58,331 [RatisPipelineUtilsThread] INFO  pipeline.PipelineStateManager (PipelineStateManager.java:removePipeline(108)) - Pipeline Pipeline[ Id: 035c56de-5620-4427-b179-f663bad95a1e, Nodes: 3989452c-7599-4156-9543-3fe544ced0f3{ip: 192.168.157.254, host: pr-hdds-1868-qdb9g-714931517, networkLocation: /default-rack, certSerialId: null}eec99a0c-e1b1-4518-bc49-9d1a8c8e04d5{ip: 192.168.157.254, host: pr-hdds-1868-qdb9g-714931517, networkLocation: /default-rack, certSerialId: null}d9e6ea44-93db-446f-8020-a94232284285{ip: 192.168.157.254, host: pr-hdds-1868-qdb9g-714931517, networkLocation: /default-rack, certSerialId: null}, Type:RATIS, Factor:THREE, State:CLOSED] removed from db
2019-10-16 22:10:58,340 [grpc-default-executor-7] INFO  impl.RaftServerProxy (RaftServerProxy.java:remove(95)) - 3989452c-7599-4156-9543-3fe544ced0f3: remove group-F663BAD95A1E:null
2019-10-16 22:10:58,351 [RatisPipelineUtilsThread] WARN  pipeline.RatisPipelineUtils (RatisPipelineUtils.java:destroyPipeline(69)) - Pipeline destroy failed for pipeline=PipelineID=035c56de-5620-4427-b179-f663bad95a1e dn=3989452c-7599-4156-9543-3fe544ced0f3{ip: 192.168.157.254, host: pr-hdds-1868-qdb9g-714931517, networkLocation: /default-rack, certSerialId: null}
2019-10-16 22:10:58,358 [grpc-default-executor-7] INFO  impl.RaftServerProxy (RaftServerProxy.java:remove(95)) - eec99a0c-e1b1-4518-bc49-9d1a8c8e04d5: remove group-F663BAD95A1E:null
2019-10-16 22:10:58,366 [RatisPipelineUtilsThread] WARN  pipeline.RatisPipelineUtils (RatisPipelineUtils.java:destroyPipeline(69)) - Pipeline destroy failed for pipeline=PipelineID=035c56de-5620-4427-b179-f663bad95a1e dn=eec99a0c-e1b1-4518-bc49-9d1a8c8e04d5{ip: 192.168.157.254, host: pr-hdds-1868-qdb9g-714931517, networkLocation: /default-rack, certSerialId: null}
2019-10-16 22:10:58,372 [grpc-default-executor-7] INFO  impl.RaftServerProxy (RaftServerProxy.java:remove(95)) - d9e6ea44-93db-446f-8020-a94232284285: remove group-F663BAD95A1E:null
2019-10-16 22:10:58,378 [RatisPipelineUtilsThread] WARN  pipeline.RatisPipelineUtils (RatisPipelineUtils.java:destroyPipeline(69)) - Pipeline destroy failed for pipeline=PipelineID=035c56de-5620-4427-b179-f663bad95a1e dn=d9e6ea44-93db-446f-8020-a94232284285{ip: 192.168.157.254, host: pr-hdds-1868-qdb9g-714931517, networkLocation: /default-rack, certSerialId: null}
2019-10-16 22:10:58,378 [RatisPipelineUtilsThread] ERROR pipeline.SCMPipelineManager (Scheduler.java:lambda$schedule$1(70)) - Destroy pipeline failed for pipeline:Pipeline[ Id: 035c56de-5620-4427-b179-f663bad95a1e, Nodes: 3989452c-7599-4156-9543-3fe544ced0f3{ip: 192.168.157.254, host: pr-hdds-1868-qdb9g-714931517, networkLocation: /default-rack, certSerialId: null}eec99a0c-e1b1-4518-bc49-9d1a8c8e04d5{ip: 192.168.157.254, host: pr-hdds-1868-qdb9g-714931517, networkLocation: /default-rack, certSerialId: null}d9e6ea44-93db-446f-8020-a94232284285{ip: 192.168.157.254, host: pr-hdds-1868-qdb9g-714931517, networkLocation: /default-rack, certSerialId: null}, Type:RATIS, Factor:THREE, State:CLOSED]
org.apache.hadoop.hdds.scm.pipeline.PipelineNotFoundException: PipelineID=035c56de-5620-4427-b179-f663bad95a1e not found
	at org.apache.hadoop.hdds.scm.pipeline.PipelineStateMap.getPipeline(PipelineStateMap.java:132)
	at org.apache.hadoop.hdds.scm.pipeline.PipelineStateMap.removePipeline(PipelineStateMap.java:322)
	at org.apache.hadoop.hdds.scm.pipeline.PipelineStateManager.removePipeline(PipelineStateManager.java:107)
	at org.apache.hadoop.hdds.scm.pipeline.SCMPipelineManager.removePipeline(SCMPipelineManager.java:427)
	at org.apache.hadoop.hdds.scm.pipeline.SCMPipelineManager.destroyPipeline(SCMPipelineManager.java:413)
	at org.apache.hadoop.hdds.scm.pipeline.SCMPipelineManager.lambda$finalizeAndDestroyPipeline$0(SCMPipelineManager.java:322)
	at org.apache.hadoop.hdds.utils.Scheduler.lambda$schedule$1(Scheduler.java:68)
	at java.util.concurrent.Executors$RunnableAdapter.call(Executors.java:511)
	at java.util.concurrent.FutureTask.run(FutureTask.java:266)
	at java.util.concurrent.ScheduledThreadPoolExecutor$ScheduledFutureTask.access$201(ScheduledThreadPoolExecutor.java:180)
	at java.util.concurrent.ScheduledThreadPoolExecutor$ScheduledFutureTask.run(ScheduledThreadPoolExecutor.java:293)
	at java.util.concurrent.ThreadPoolExecutor.runWorker(ThreadPoolExecutor.java:1149)
	at java.util.concurrent.ThreadPoolExecutor$Worker.run(ThreadPoolExecutor.java:624)
	at java.lang.Thread.run(Thread.java:748)
 0.00% |?                                                                                                    |  0/1 Time: 0:02:152019-10-16 22:10:59,285 [pool-73-thread-3] WARN  io.KeyOutputStream (KeyOutputStream.java:handleException(274)) - Encountered exception java.io.IOException: Unexpected Storage Container Exception: java.util.concurrent.CompletionException: java.util.concurrent.CompletionException: org.apache.ratis.protocol.GroupMismatchException: 3989452c-7599-4156-9543-3fe544ced0f3: group-F663BAD95A1E not found. on the pipeline Pipeline[ Id: 035c56de-5620-4427-b179-f663bad95a1e, Nodes: 3989452c-7599-4156-9543-3fe544ced0f3{ip: 192.168.157.254, host: pr-hdds-1868-qdb9g-714931517, networkLocation: /default-rack, certSerialId: null}eec99a0c-e1b1-4518-bc49-9d1a8c8e04d5{ip: 192.168.157.254, host: pr-hdds-1868-qdb9g-714931517, networkLocation: /default-rack, certSerialId: null}d9e6ea44-93db-446f-8020-a94232284285{ip: 192.168.157.254, host: pr-hdds-1868-qdb9g-714931517, networkLocation: /default-rack, certSerialId: null}, Type:RATIS, Factor:THREE, State:OPEN]. The last committed block length is 0, uncommitted data length is 2097152 retry count 1
2019-10-16 22:10:59,452 [pool-26-thread-5] ERROR impl.ChunkManagerImpl (ChunkManagerDummyImpl.java:writeChunk(86)) - data array does not match the length specified. DataLen: 1048576 Byte Array: 1048745
2019-10-16 22:10:59,456 [pool-26-thread-5] ERROR impl.ChunkManagerDummyImpl (ChunkManagerDummyImpl.java:writeChunk(105)) - write data failed. error: {}
org.apache.hadoop.hdds.scm.container.common.helpers.StorageContainerException: data array does not match the length specified. DataLen: 1048576 Byte Array: 1048745
	at org.apache.hadoop.ozone.container.keyvalue.impl.ChunkManagerDummyImpl.writeChunk(ChunkManagerDummyImpl.java:87)
	at org.apache.hadoop.ozone.container.keyvalue.KeyValueHandler.handleWriteChunk(KeyValueHandler.java:696)
	at org.apache.hadoop.ozone.container.keyvalue.KeyValueHandler.handle(KeyValueHandler.java:176)
	at org.apache.hadoop.ozone.container.common.impl.HddsDispatcher.dispatchRequest(HddsDispatcher.java:277)
	at org.apache.hadoop.ozone.container.common.impl.HddsDispatcher.dispatch(HddsDispatcher.java:150)
	at org.apache.hadoop.ozone.container.common.transport.server.ratis.ContainerStateMachine.dispatchCommand(ContainerStateMachine.java:415)
	at org.apache.hadoop.ozone.container.common.transport.server.ratis.ContainerStateMachine.runCommand(ContainerStateMachine.java:425)
	at org.apache.hadoop.ozone.container.common.transport.server.ratis.ContainerStateMachine.lambda$handleWriteChunk$1(ContainerStateMachine.java:460)
	at java.util.concurrent.CompletableFuture$AsyncSupply.run(CompletableFuture.java:1590)
	at java.util.concurrent.ThreadPoolExecutor.runWorker(ThreadPoolExecutor.java:1149)
	at java.util.concurrent.ThreadPoolExecutor$Worker.run(ThreadPoolExecutor.java:624)
	at java.lang.Thread.run(Thread.java:748)
2019-10-16 22:10:59,457 [pool-26-thread-5] INFO  keyvalue.KeyValueHandler (ContainerUtils.java:logAndReturnError(146)) - Operation: WriteChunk : Trace ID: f8c5fafcb221b68a:efdbad3c2a5542bd:bb7d3ec7caad6159:0 : Message: Internal error:  : Result: CONTAINER_INTERNAL_ERROR
22:10:59.467 [pool-26-thread-5] ERROR DNAudit - user=null | ip=null | op=WRITE_CHUNK {blockData=conID: 5 locID: 102974348283412487 bcsId: 0} | ret=FAILURE
java.lang.Exception: Internal error: 
	at org.apache.hadoop.ozone.container.common.impl.HddsDispatcher.dispatchRequest(HddsDispatcher.java:332) ~[hadoop-hdds-container-service-0.5.0-SNAPSHOT.jar:?]
	at org.apache.hadoop.ozone.container.common.impl.HddsDispatcher.dispatch(HddsDispatcher.java:150) ~[hadoop-hdds-container-service-0.5.0-SNAPSHOT.jar:?]
	at org.apache.hadoop.ozone.container.common.transport.server.ratis.ContainerStateMachine.dispatchCommand(ContainerStateMachine.java:415) ~[hadoop-hdds-container-service-0.5.0-SNAPSHOT.jar:?]
	at org.apache.hadoop.ozone.container.common.transport.server.ratis.ContainerStateMachine.runCommand(ContainerStateMachine.java:425) ~[hadoop-hdds-container-service-0.5.0-SNAPSHOT.jar:?]
	at org.apache.hadoop.ozone.container.common.transport.server.ratis.ContainerStateMachine.lambda$handleWriteChunk$1(ContainerStateMachine.java:460) ~[hadoop-hdds-container-service-0.5.0-SNAPSHOT.jar:?]
	at java.util.concurrent.CompletableFuture$AsyncSupply.run(CompletableFuture.java:1590) [?:1.8.0_222]
	at java.util.concurrent.ThreadPoolExecutor.runWorker(ThreadPoolExecutor.java:1149) [?:1.8.0_222]
	at java.util.concurrent.ThreadPoolExecutor$Worker.run(ThreadPoolExecutor.java:624) [?:1.8.0_222]
	at java.lang.Thread.run(Thread.java:748) [?:1.8.0_222]
2019-10-16 22:10:59,468 [EventQueue-IncrementalContainerReportForIncrementalContainerReportHandler] WARN  container.IncrementalContainerReportHandler (AbstractContainerReportHandler.java:updateContainerState(145)) - Container #5 is in OPEN state, but the datanode eec99a0c-e1b1-4518-bc49-9d1a8c8e04d5{ip: 192.168.157.254, host: pr-hdds-1868-qdb9g-714931517, networkLocation: /default-rack, certSerialId: null} reports an UNHEALTHY replica.
2019-10-16 22:10:59,469 [EventQueue-CloseContainerForCloseContainerEventHandler] INFO  container.CloseContainerEventHandler (CloseContainerEventHandler.java:onMessage(61)) - Close container Event triggered for container : #5
2019-10-16 22:10:59,469 [pool-26-thread-5] ERROR ratis.ContainerStateMachine (ContainerStateMachine.java:lambda$handleWriteChunk$2(482)) - group-89BB998769DA: writeChunk writeStateMachineData failed: blockIdcontainerID: 5
localID: 102974348283412487
blockCommitSequenceId: 0
 logIndex 1 chunkName 102974348283412487_chunk_1 Error message: Internal error:  Container Result: CONTAINER_INTERNAL_ERROR
2019-10-16 22:10:59,470 [eec99a0c-e1b1-4518-bc49-9d1a8c8e04d5@group-89BB998769DA-SegmentedRaftLogWorker] ERROR ratis.XceiverServerRatis (XceiverServerRatis.java:triggerPipelineClose(589)) - pipeline Action CLOSE  on pipeline PipelineID=c2e3239d-423e-43b9-9f79-89bb998769da.Reason : Internal error: 
2019-10-16 22:10:59,470 [eec99a0c-e1b1-4518-bc49-9d1a8c8e04d5@group-89BB998769DA-SegmentedRaftLogWorker] ERROR ratis.XceiverServerRatis (XceiverServerRatis.java:triggerPipelineClose(589)) - pipeline Action CLOSE  on pipeline PipelineID=c2e3239d-423e-43b9-9f79-89bb998769da.Reason : Log already failed at index 1 for task WriteLog:1: (t:3, i:1), STATEMACHINELOGENTRY, client-3B230818F0E3, cid=31
2019-10-16 22:10:59,471 [EventQueue-PipelineActionsForPipelineActionHandler] ERROR pipeline.PipelineActionHandler (PipelineActionHandler.java:onMessage(60)) - Received pipeline action CLOSE for Pipeline[ Id: c2e3239d-423e-43b9-9f79-89bb998769da, Nodes: 3989452c-7599-4156-9543-3fe544ced0f3{ip: 192.168.157.254, host: pr-hdds-1868-qdb9g-714931517, networkLocation: /default-rack, certSerialId: null}eec99a0c-e1b1-4518-bc49-9d1a8c8e04d5{ip: 192.168.157.254, host: pr-hdds-1868-qdb9g-714931517, networkLocation: /default-rack, certSerialId: null}d9e6ea44-93db-446f-8020-a94232284285{ip: 192.168.157.254, host: pr-hdds-1868-qdb9g-714931517, networkLocation: /default-rack, certSerialId: null}, Type:RATIS, Factor:THREE, State:OPEN] from datanode eec99a0c-e1b1-4518-bc49-9d1a8c8e04d5{ip: 192.168.157.254, host: pr-hdds-1868-qdb9g-714931517, networkLocation: /default-rack, certSerialId: null}. Reason : Internal error: 
2019-10-16 22:10:59,471 [EventQueue-PipelineActionsForPipelineActionHandler] INFO  pipeline.SCMPipelineManager (SCMPipelineManager.java:finalizeAndDestroyPipeline(315)) - destroying pipeline:Pipeline[ Id: c2e3239d-423e-43b9-9f79-89bb998769da, Nodes: 3989452c-7599-4156-9543-3fe544ced0f3{ip: 192.168.157.254, host: pr-hdds-1868-qdb9g-714931517, networkLocation: /default-rack, certSerialId: null}eec99a0c-e1b1-4518-bc49-9d1a8c8e04d5{ip: 192.168.157.254, host: pr-hdds-1868-qdb9g-714931517, networkLocation: /default-rack, certSerialId: null}d9e6ea44-93db-446f-8020-a94232284285{ip: 192.168.157.254, host: pr-hdds-1868-qdb9g-714931517, networkLocation: /default-rack, certSerialId: null}, Type:RATIS, Factor:THREE, State:OPEN]
2019-10-16 22:10:59,471 [EventQueue-PipelineActionsForPipelineActionHandler] INFO  pipeline.PipelineStateManager (PipelineStateManager.java:finalizePipeline(123)) - Pipeline Pipeline[ Id: c2e3239d-423e-43b9-9f79-89bb998769da, Nodes: 3989452c-7599-4156-9543-3fe544ced0f3{ip: 192.168.157.254, host: pr-hdds-1868-qdb9g-714931517, networkLocation: /default-rack, certSerialId: null}eec99a0c-e1b1-4518-bc49-9d1a8c8e04d5{ip: 192.168.157.254, host: pr-hdds-1868-qdb9g-714931517, networkLocation: /default-rack, certSerialId: null}d9e6ea44-93db-446f-8020-a94232284285{ip: 192.168.157.254, host: pr-hdds-1868-qdb9g-714931517, networkLocation: /default-rack, certSerialId: null}, Type:RATIS, Factor:THREE, State:CLOSED] moved to CLOSED state
2019-10-16 22:10:59,477 [EventQueue-PipelineActionsForPipelineActionHandler] ERROR pipeline.PipelineActionHandler (PipelineActionHandler.java:onMessage(60)) - Received pipeline action CLOSE for Pipeline[ Id: c2e3239d-423e-43b9-9f79-89bb998769da, Nodes: 3989452c-7599-4156-9543-3fe544ced0f3{ip: 192.168.157.254, host: pr-hdds-1868-qdb9g-714931517, networkLocation: /default-rack, certSerialId: null}eec99a0c-e1b1-4518-bc49-9d1a8c8e04d5{ip: 192.168.157.254, host: pr-hdds-1868-qdb9g-714931517, networkLocation: /default-rack, certSerialId: null}d9e6ea44-93db-446f-8020-a94232284285{ip: 192.168.157.254, host: pr-hdds-1868-qdb9g-714931517, networkLocation: /default-rack, certSerialId: null}, Type:RATIS, Factor:THREE, State:CLOSED] from datanode eec99a0c-e1b1-4518-bc49-9d1a8c8e04d5{ip: 192.168.157.254, host: pr-hdds-1868-qdb9g-714931517, networkLocation: /default-rack, certSerialId: null}. Reason : Log already failed at index 1 for task WriteLog:1: (t:3, i:1), STATEMACHINELOGENTRY, client-3B230818F0E3, cid=31
2019-10-16 22:10:59,477 [EventQueue-PipelineActionsForPipelineActionHandler] INFO  pipeline.SCMPipelineManager (SCMPipelineManager.java:finalizeAndDestroyPipeline(315)) - destroying pipeline:Pipeline[ Id: c2e3239d-423e-43b9-9f79-89bb998769da, Nodes: 3989452c-7599-4156-9543-3fe544ced0f3{ip: 192.168.157.254, host: pr-hdds-1868-qdb9g-714931517, networkLocation: /default-rack, certSerialId: null}eec99a0c-e1b1-4518-bc49-9d1a8c8e04d5{ip: 192.168.157.254, host: pr-hdds-1868-qdb9g-714931517, networkLocation: /default-rack, certSerialId: null}d9e6ea44-93db-446f-8020-a94232284285{ip: 192.168.157.254, host: pr-hdds-1868-qdb9g-714931517, networkLocation: /default-rack, certSerialId: null}, Type:RATIS, Factor:THREE, State:CLOSED]
 0.00% |?                                                                                                    |  0/1 Time: 0:02:16 0.00% |?                                                                                                    |  0/1 Time: 0:02:17 0.00% |?                                                                                                    |  0/1 Time: 0:02:18 0.00% |?                                                                                                    |  0/1 Time: 0:02:192019-10-16 22:11:03,252 [grpc-default-executor-1] INFO  impl.FollowerInfo (FollowerInfo.java:lambda$new$0(51)) - eec99a0c-e1b1-4518-bc49-9d1a8c8e04d5@group-F663BAD95A1E->d9e6ea44-93db-446f-8020-a94232284285: nextIndex: updateUnconditionally 3 -> 2
 0.00% |?                                                                                                    |  0/1 Time: 0:02:20 0.00% |?                                                                                                    |  0/1 Time: 0:02:21 0.00% |?                                                                                                    |  0/1 Time: 0:02:22 0.00% |?                                                                                                    |  0/1 Time: 0:02:23 0.00% |?                                                                                                    |  0/1 Time: 0:02:242019-10-16 22:11:08,254 [grpc-default-executor-8] INFO  impl.FollowerInfo (FollowerInfo.java:lambda$new$0(51)) - eec99a0c-e1b1-4518-bc49-9d1a8c8e04d5@group-F663BAD95A1E->3989452c-7599-4156-9543-3fe544ced0f3: nextIndex: updateUnconditionally 3 -> 2
 0.00% |?                                                                                                    |  0/1 Time: 0:02:25 0.00% |?                                                                                                    |  0/1 Time: 0:02:26 0.00% |?                                                                                                    |  0/1 Time: 0:02:27 0.00% |?                                                                                                    |  0/1 Time: 0:02:28 0.00% |?                                                                                                    |  0/1 Time: 0:02:29 0.00% |?                                                                                                    |  0/1 Time: 0:02:30 0.00% |?                                                                                                    |  0/1 Time: 0:02:31 0.00% |?                                                                                                    |  0/1 Time: 0:02:32 0.00% |?                                                                                                    |  0/1 Time: 0:02:33 0.00% |?                                                                                                    |  0/1 Time: 0:02:34 0.00% |?                                                                                                    |  0/1 Time: 0:02:35 0.00% |?                                                                                                    |  0/1 Time: 0:02:36 0.00% |?                                                                                                    |  0/1 Time: 0:02:37 0.00% |?                                                                                                    |  0/1 Time: 0:02:38 0.00% |?                                                                                                    |  0/1 Time: 0:02:39 0.00% |?                                                                                                    |  0/1 Time: 0:02:40 0.00% |?                                                                                                    |  0/1 Time: 0:02:41 0.00% |?                                                                                                    |  0/1 Time: 0:02:42 0.00% |?                                                                                                    |  0/1 Time: 0:02:43 0.00% |?                                                                                                    |  0/1 Time: 0:02:44 0.00% |?                                                                                                    |  0/1 Time: 0:02:45 0.00% |?                                                                                                    |  0/1 Time: 0:02:46 0.00% |?                                                                                                    |  0/1 Time: 0:02:47 0.00% |?                                                                                                    |  0/1 Time: 0:02:48 0.00% |?                                                                                                    |  0/1 Time: 0:02:49 0.00% |?                                                                                                    |  0/1 Time: 0:02:50 0.00% |?                                                                                                    |  0/1 Time: 0:02:51 0.00% |?                                                                                                    |  0/1 Time: 0:02:52 0.00% |?                                                                                                    |  0/1 Time: 0:02:53 0.00% |?                                                                                                    |  0/1 Time: 0:02:54 0.00% |?                                                                                                    |  0/1 Time: 0:02:55 0.00% |?                                                                                                    |  0/1 Time: 0:02:56 0.00% |?                                                                                                    |  0/1 Time: 0:02:57 0.00% |?                                                                                                    |  0/1 Time: 0:02:58 0.00% |?                                                                                                    |  0/1 Time: 0:02:59 0.00% |?                                                                                                    |  0/1 Time: 0:03:00 0.00% |?                                                                                                    |  0/1 Time: 0:03:01 0.00% |?                                                                                                    |  0/1 Time: 0:03:02 0.00% |?                                                                                                    |  0/1 Time: 0:03:03 0.00% |?                                                                                                    |  0/1 Time: 0:03:04 0.00% |?                                                                                                    |  0/1 Time: 0:03:05 0.00% |?                                                                                                    |  0/1 Time: 0:03:06 0.00% |?                                                                                                    |  0/1 Time: 0:03:07 0.00% |?                                                                                                    |  0/1 Time: 0:03:08 0.00% |?                                                                                                    |  0/1 Time: 0:03:09 0.00% |?                                                                                                    |  0/1 Time: 0:03:10 0.00% |?                                                                                                    |  0/1 Time: 0:03:11 0.00% |?                                                                                                    |  0/1 Time: 0:03:12 0.00% |?                                                                                                    |  0/1 Time: 0:03:13 0.00% |?                                                                                                    |  0/1 Time: 0:03:14 0.00% |?                                                                                                    |  0/1 Time: 0:03:15 0.00% |?                                                                                                    |  0/1 Time: 0:03:16 0.00% |?                                                                                                    |  0/1 Time: 0:03:17 0.00% |?                                                                                                    |  0/1 Time: 0:03:18 0.00% |?                                                                                                    |  0/1 Time: 0:03:19 0.00% |?                                                                                                    |  0/1 Time: 0:03:20 0.00% |?                                                                                                    |  0/1 Time: 0:03:212019-10-16 22:12:05,484 [grpc-default-executor-5] INFO  impl.RaftServerProxy (RaftServerProxy.java:remove(95)) - 3989452c-7599-4156-9543-3fe544ced0f3: remove  FOLLOWER 3989452c-7599-4156-9543-3fe544ced0f3@group-89BB998769DA:t3, leader=eec99a0c-e1b1-4518-bc49-9d1a8c8e04d5, voted=eec99a0c-e1b1-4518-bc49-9d1a8c8e04d5, raftlog=3989452c-7599-4156-9543-3fe544ced0f3@group-89BB998769DA-SegmentedRaftLog:OPENED:c0,f2,i2, conf=0: [3989452c-7599-4156-9543-3fe544ced0f3:192.168.157.254:36320, eec99a0c-e1b1-4518-bc49-9d1a8c8e04d5:192.168.157.254:45598, d9e6ea44-93db-446f-8020-a94232284285:192.168.157.254:41671], old=null RUNNING
2019-10-16 22:12:05,485 [grpc-default-executor-5] INFO  impl.RaftServerImpl (RaftServerImpl.java:lambda$shutdown$3(261)) - 3989452c-7599-4156-9543-3fe544ced0f3@group-89BB998769DA: shutdown
2019-10-16 22:12:05,486 [grpc-default-executor-5] INFO  util.JmxRegister (JmxRegister.java:unregister(73)) - Successfully un-registered JMX Bean with object name Ratis:service=RaftServer,group=group-89BB998769DA,id=3989452c-7599-4156-9543-3fe544ced0f3
2019-10-16 22:12:05,486 [grpc-default-executor-5] INFO  impl.RoleInfo (RoleInfo.java:shutdownFollowerState(121)) - 3989452c-7599-4156-9543-3fe544ced0f3: shutdown FollowerState
2019-10-16 22:12:05,486 [grpc-default-executor-5] INFO  impl.StateMachineUpdater (StateMachineUpdater.java:stopAndJoin(136)) - 3989452c-7599-4156-9543-3fe544ced0f3@group-89BB998769DA-StateMachineUpdater: set stopIndex = 0
2019-10-16 22:12:05,487 [Thread-502] INFO  impl.FollowerState (FollowerState.java:run(117)) - 3989452c-7599-4156-9543-3fe544ced0f3@group-89BB998769DA-FollowerState was interrupted: java.lang.InterruptedException: sleep interrupted
2019-10-16 22:12:05,490 [grpc-default-executor-5] INFO  impl.RaftServerImpl (ServerState.java:close(388)) - 3989452c-7599-4156-9543-3fe544ced0f3@group-89BB998769DA: closes. applyIndex: 0
2019-10-16 22:12:05,490 [3989452c-7599-4156-9543-3fe544ced0f3@group-89BB998769DA-SegmentedRaftLogWorker] INFO  segmented.SegmentedRaftLogWorker (SegmentedRaftLogWorker.java:run(316)) - 3989452c-7599-4156-9543-3fe544ced0f3@group-89BB998769DA-SegmentedRaftLogWorker was interrupted, exiting. There are 0 tasks remaining in the queue.
2019-10-16 22:12:05,492 [grpc-default-executor-5] INFO  segmented.SegmentedRaftLogWorker (SegmentedRaftLogWorker.java:close(224)) - 3989452c-7599-4156-9543-3fe544ced0f3@group-89BB998769DA-SegmentedRaftLogWorker close()
2019-10-16 22:12:05,568 [grpc-default-executor-5] INFO  interfaces.Container (KeyValueContainer.java:flushAndSyncDB(386)) - Container 5 is synced with bcsId 0.
2019-10-16 22:12:05,568 [grpc-default-executor-5] INFO  interfaces.Container (KeyValueContainer.java:flushAndSyncDB(386)) - Container 5 is synced with bcsId 0.
2019-10-16 22:12:05,585 [EventQueue-IncrementalContainerReportForIncrementalContainerReportHandler] INFO  container.IncrementalContainerReportHandler (AbstractContainerReportHandler.java:updateContainerState(171)) - Moving container #5 to QUASI_CLOSED state, datanode 3989452c-7599-4156-9543-3fe544ced0f3{ip: 192.168.157.254, host: pr-hdds-1868-qdb9g-714931517, networkLocation: /default-rack, certSerialId: null} reported QUASI_CLOSED replica.
2019-10-16 22:12:05,592 [grpc-default-executor-5] INFO  impl.RaftServerProxy (RaftServerProxy.java:remove(95)) - eec99a0c-e1b1-4518-bc49-9d1a8c8e04d5: remove    LEADER eec99a0c-e1b1-4518-bc49-9d1a8c8e04d5@group-89BB998769DA:t3, leader=eec99a0c-e1b1-4518-bc49-9d1a8c8e04d5, voted=eec99a0c-e1b1-4518-bc49-9d1a8c8e04d5, raftlog=eec99a0c-e1b1-4518-bc49-9d1a8c8e04d5@group-89BB998769DA-SegmentedRaftLog:OPENED:c0,f0,i2, conf=0: [3989452c-7599-4156-9543-3fe544ced0f3:192.168.157.254:36320, eec99a0c-e1b1-4518-bc49-9d1a8c8e04d5:192.168.157.254:45598, d9e6ea44-93db-446f-8020-a94232284285:192.168.157.254:41671], old=null RUNNING
2019-10-16 22:12:05,593 [grpc-default-executor-5] INFO  impl.RaftServerImpl (RaftServerImpl.java:lambda$shutdown$3(261)) - eec99a0c-e1b1-4518-bc49-9d1a8c8e04d5@group-89BB998769DA: shutdown
2019-10-16 22:12:05,593 [grpc-default-executor-5] INFO  util.JmxRegister (JmxRegister.java:unregister(73)) - Successfully un-registered JMX Bean with object name Ratis:service=RaftServer,group=group-89BB998769DA,id=eec99a0c-e1b1-4518-bc49-9d1a8c8e04d5
2019-10-16 22:12:05,593 [grpc-default-executor-5] INFO  impl.RoleInfo (RoleInfo.java:shutdownLeaderState(104)) - eec99a0c-e1b1-4518-bc49-9d1a8c8e04d5: shutdown LeaderState
2019-10-16 22:12:05,595 [grpc-default-executor-5] INFO  impl.PendingRequests (PendingRequests.java:sendNotLeaderResponses(202)) - eec99a0c-e1b1-4518-bc49-9d1a8c8e04d5@group-89BB998769DA-PendingRequests: sendNotLeaderResponses
2019-10-16 22:12:05,595 [org.apache.ratis.server.impl.LogAppender$AppenderDaemon$$Lambda$462/2111532691@55e563d9] WARN  server.GrpcLogAppender (GrpcLogAppender.java:mayWait(149)) - eec99a0c-e1b1-4518-bc49-9d1a8c8e04d5@group-89BB998769DA->3989452c-7599-4156-9543-3fe544ced0f3-GrpcLogAppender: Wait interrupted by java.lang.InterruptedException
2019-10-16 22:12:05,595 [org.apache.ratis.server.impl.LogAppender$AppenderDaemon$$Lambda$462/2111532691@4645c6b] WARN  server.GrpcLogAppender (GrpcLogAppender.java:mayWait(149)) - eec99a0c-e1b1-4518-bc49-9d1a8c8e04d5@group-89BB998769DA->d9e6ea44-93db-446f-8020-a94232284285-GrpcLogAppender: Wait interrupted by java.lang.InterruptedException
2019-10-16 22:12:05,599 [grpc-default-executor-8] INFO  server.GrpcServerProtocolService (GrpcServerProtocolService.java:onCompleted(113)) - 3989452c-7599-4156-9543-3fe544ced0f3: Completed APPEND_ENTRIES, lastRequest: eec99a0c-e1b1-4518-bc49-9d1a8c8e04d5->3989452c-7599-4156-9543-3fe544ced0f3#35-t3, previous=(t:3, i:2), leaderCommit=0, initializing? false, entries: <empty>
2019-10-16 22:12:05,599 [grpc-default-executor-1] INFO  server.GrpcServerProtocolService (GrpcServerProtocolService.java:onCompleted(113)) - d9e6ea44-93db-446f-8020-a94232284285: Completed APPEND_ENTRIES, lastRequest: eec99a0c-e1b1-4518-bc49-9d1a8c8e04d5->d9e6ea44-93db-446f-8020-a94232284285#35-t3, previous=(t:3, i:2), leaderCommit=0, initializing? false, entries: <empty>
2019-10-16 22:12:05,600 [grpc-default-executor-5] INFO  impl.StateMachineUpdater (StateMachineUpdater.java:stopAndJoin(136)) - eec99a0c-e1b1-4518-bc49-9d1a8c8e04d5@group-89BB998769DA-StateMachineUpdater: set stopIndex = 0
2019-10-16 22:12:05,613 [grpc-default-executor-5] INFO  impl.RaftServerImpl (ServerState.java:close(388)) - eec99a0c-e1b1-4518-bc49-9d1a8c8e04d5@group-89BB998769DA: closes. applyIndex: 0
2019-10-16 22:12:05,613 [eec99a0c-e1b1-4518-bc49-9d1a8c8e04d5@group-89BB998769DA-SegmentedRaftLogWorker] INFO  segmented.SegmentedRaftLogWorker (SegmentedRaftLogWorker.java:run(316)) - eec99a0c-e1b1-4518-bc49-9d1a8c8e04d5@group-89BB998769DA-SegmentedRaftLogWorker was interrupted, exiting. There are 0 tasks remaining in the queue.
2019-10-16 22:12:05,615 [grpc-default-executor-14] INFO  server.GrpcLogAppender (GrpcLogAppender.java:onCompleted(308)) - eec99a0c-e1b1-4518-bc49-9d1a8c8e04d5@group-89BB998769DA->3989452c-7599-4156-9543-3fe544ced0f3-AppendLogResponseHandler: follower responses appendEntries COMPLETED
2019-10-16 22:12:05,616 [grpc-default-executor-5] INFO  segmented.SegmentedRaftLogWorker (SegmentedRaftLogWorker.java:close(224)) - eec99a0c-e1b1-4518-bc49-9d1a8c8e04d5@group-89BB998769DA-SegmentedRaftLogWorker close()
2019-10-16 22:12:05,616 [grpc-default-executor-14] INFO  impl.FollowerInfo (FollowerInfo.java:lambda$new$0(51)) - eec99a0c-e1b1-4518-bc49-9d1a8c8e04d5@group-89BB998769DA->3989452c-7599-4156-9543-3fe544ced0f3: nextIndex: updateUnconditionally 3 -> 2
2019-10-16 22:12:05,616 [grpc-default-executor-15] INFO  server.GrpcLogAppender (GrpcLogAppender.java:onCompleted(308)) - eec99a0c-e1b1-4518-bc49-9d1a8c8e04d5@group-89BB998769DA->d9e6ea44-93db-446f-8020-a94232284285-AppendLogResponseHandler: follower responses appendEntries COMPLETED
2019-10-16 22:12:05,619 [grpc-default-executor-15] INFO  impl.FollowerInfo (FollowerInfo.java:lambda$new$0(51)) - eec99a0c-e1b1-4518-bc49-9d1a8c8e04d5@group-89BB998769DA->d9e6ea44-93db-446f-8020-a94232284285: nextIndex: updateUnconditionally 3 -> 2
2019-10-16 22:12:05,628 [grpc-default-executor-5] INFO  impl.RaftServerProxy (RaftServerProxy.java:remove(95)) - d9e6ea44-93db-446f-8020-a94232284285: remove  FOLLOWER d9e6ea44-93db-446f-8020-a94232284285@group-89BB998769DA:t3, leader=eec99a0c-e1b1-4518-bc49-9d1a8c8e04d5, voted=null, raftlog=d9e6ea44-93db-446f-8020-a94232284285@group-89BB998769DA-SegmentedRaftLog:OPENED:c0,f2,i2, conf=0: [3989452c-7599-4156-9543-3fe544ced0f3:192.168.157.254:36320, eec99a0c-e1b1-4518-bc49-9d1a8c8e04d5:192.168.157.254:45598, d9e6ea44-93db-446f-8020-a94232284285:192.168.157.254:41671], old=null RUNNING
2019-10-16 22:12:05,628 [grpc-default-executor-5] INFO  impl.RaftServerImpl (RaftServerImpl.java:lambda$shutdown$3(261)) - d9e6ea44-93db-446f-8020-a94232284285@group-89BB998769DA: shutdown
2019-10-16 22:12:05,628 [grpc-default-executor-5] INFO  util.JmxRegister (JmxRegister.java:unregister(73)) - Successfully un-registered JMX Bean with object name Ratis:service=RaftServer,group=group-89BB998769DA,id=d9e6ea44-93db-446f-8020-a94232284285
2019-10-16 22:12:05,628 [grpc-default-executor-5] INFO  impl.RoleInfo (RoleInfo.java:shutdownFollowerState(121)) - d9e6ea44-93db-446f-8020-a94232284285: shutdown FollowerState
2019-10-16 22:12:05,628 [grpc-default-executor-5] INFO  impl.StateMachineUpdater (StateMachineUpdater.java:stopAndJoin(136)) - d9e6ea44-93db-446f-8020-a94232284285@group-89BB998769DA-StateMachineUpdater: set stopIndex = 0
2019-10-16 22:12:05,629 [Thread-503] INFO  impl.FollowerState (FollowerState.java:run(117)) - d9e6ea44-93db-446f-8020-a94232284285@group-89BB998769DA-FollowerState was interrupted: java.lang.InterruptedException: sleep interrupted
2019-10-16 22:12:05,630 [grpc-default-executor-5] INFO  impl.RaftServerImpl (ServerState.java:close(388)) - d9e6ea44-93db-446f-8020-a94232284285@group-89BB998769DA: closes. applyIndex: 0
2019-10-16 22:12:05,631 [d9e6ea44-93db-446f-8020-a94232284285@group-89BB998769DA-SegmentedRaftLogWorker] INFO  segmented.SegmentedRaftLogWorker (SegmentedRaftLogWorker.java:run(316)) - d9e6ea44-93db-446f-8020-a94232284285@group-89BB998769DA-SegmentedRaftLogWorker was interrupted, exiting. There are 0 tasks remaining in the queue.
2019-10-16 22:12:05,632 [grpc-default-executor-5] INFO  segmented.SegmentedRaftLogWorker (SegmentedRaftLogWorker.java:close(224)) - d9e6ea44-93db-446f-8020-a94232284285@group-89BB998769DA-SegmentedRaftLogWorker close()
2019-10-16 22:12:05,708 [grpc-default-executor-5] INFO  interfaces.Container (KeyValueContainer.java:flushAndSyncDB(386)) - Container 5 is synced with bcsId 0.
2019-10-16 22:12:05,709 [grpc-default-executor-5] INFO  interfaces.Container (KeyValueContainer.java:flushAndSyncDB(386)) - Container 5 is synced with bcsId 0.
2019-10-16 22:12:05,740 [RatisPipelineUtilsThread] INFO  pipeline.PipelineStateManager (PipelineStateManager.java:removePipeline(108)) - Pipeline Pipeline[ Id: c2e3239d-423e-43b9-9f79-89bb998769da, Nodes: 3989452c-7599-4156-9543-3fe544ced0f3{ip: 192.168.157.254, host: pr-hdds-1868-qdb9g-714931517, networkLocation: /default-rack, certSerialId: null}eec99a0c-e1b1-4518-bc49-9d1a8c8e04d5{ip: 192.168.157.254, host: pr-hdds-1868-qdb9g-714931517, networkLocation: /default-rack, certSerialId: null}d9e6ea44-93db-446f-8020-a94232284285{ip: 192.168.157.254, host: pr-hdds-1868-qdb9g-714931517, networkLocation: /default-rack, certSerialId: null}, Type:RATIS, Factor:THREE, State:CLOSED] removed from db
2019-10-16 22:12:05,747 [grpc-default-executor-5] INFO  impl.RaftServerProxy (RaftServerProxy.java:remove(95)) - 3989452c-7599-4156-9543-3fe544ced0f3: remove group-89BB998769DA:null
2019-10-16 22:12:05,754 [RatisPipelineUtilsThread] WARN  pipeline.RatisPipelineUtils (RatisPipelineUtils.java:destroyPipeline(69)) - Pipeline destroy failed for pipeline=PipelineID=c2e3239d-423e-43b9-9f79-89bb998769da dn=3989452c-7599-4156-9543-3fe544ced0f3{ip: 192.168.157.254, host: pr-hdds-1868-qdb9g-714931517, networkLocation: /default-rack, certSerialId: null}
2019-10-16 22:12:05,760 [grpc-default-executor-5] INFO  impl.RaftServerProxy (RaftServerProxy.java:remove(95)) - eec99a0c-e1b1-4518-bc49-9d1a8c8e04d5: remove group-89BB998769DA:null
2019-10-16 22:12:05,767 [RatisPipelineUtilsThread] WARN  pipeline.RatisPipelineUtils (RatisPipelineUtils.java:destroyPipeline(69)) - Pipeline destroy failed for pipeline=PipelineID=c2e3239d-423e-43b9-9f79-89bb998769da dn=eec99a0c-e1b1-4518-bc49-9d1a8c8e04d5{ip: 192.168.157.254, host: pr-hdds-1868-qdb9g-714931517, networkLocation: /default-rack, certSerialId: null}
2019-10-16 22:12:05,774 [grpc-default-executor-5] INFO  impl.RaftServerProxy (RaftServerProxy.java:remove(95)) - d9e6ea44-93db-446f-8020-a94232284285: remove group-89BB998769DA:null
2019-10-16 22:12:05,781 [RatisPipelineUtilsThread] WARN  pipeline.RatisPipelineUtils (RatisPipelineUtils.java:destroyPipeline(69)) - Pipeline destroy failed for pipeline=PipelineID=c2e3239d-423e-43b9-9f79-89bb998769da dn=d9e6ea44-93db-446f-8020-a94232284285{ip: 192.168.157.254, host: pr-hdds-1868-qdb9g-714931517, networkLocation: /default-rack, certSerialId: null}
2019-10-16 22:12:05,782 [RatisPipelineUtilsThread] ERROR pipeline.SCMPipelineManager (Scheduler.java:lambda$schedule$1(70)) - Destroy pipeline failed for pipeline:Pipeline[ Id: c2e3239d-423e-43b9-9f79-89bb998769da, Nodes: 3989452c-7599-4156-9543-3fe544ced0f3{ip: 192.168.157.254, host: pr-hdds-1868-qdb9g-714931517, networkLocation: /default-rack, certSerialId: null}eec99a0c-e1b1-4518-bc49-9d1a8c8e04d5{ip: 192.168.157.254, host: pr-hdds-1868-qdb9g-714931517, networkLocation: /default-rack, certSerialId: null}d9e6ea44-93db-446f-8020-a94232284285{ip: 192.168.157.254, host: pr-hdds-1868-qdb9g-714931517, networkLocation: /default-rack, certSerialId: null}, Type:RATIS, Factor:THREE, State:CLOSED]
org.apache.hadoop.hdds.scm.pipeline.PipelineNotFoundException: PipelineID=c2e3239d-423e-43b9-9f79-89bb998769da not found
	at org.apache.hadoop.hdds.scm.pipeline.PipelineStateMap.getPipeline(PipelineStateMap.java:132)
	at org.apache.hadoop.hdds.scm.pipeline.PipelineStateMap.removePipeline(PipelineStateMap.java:322)
	at org.apache.hadoop.hdds.scm.pipeline.PipelineStateManager.removePipeline(PipelineStateManager.java:107)
	at org.apache.hadoop.hdds.scm.pipeline.SCMPipelineManager.removePipeline(SCMPipelineManager.java:427)
	at org.apache.hadoop.hdds.scm.pipeline.SCMPipelineManager.destroyPipeline(SCMPipelineManager.java:413)
	at org.apache.hadoop.hdds.scm.pipeline.SCMPipelineManager.lambda$finalizeAndDestroyPipeline$0(SCMPipelineManager.java:322)
	at org.apache.hadoop.hdds.utils.Scheduler.lambda$schedule$1(Scheduler.java:68)
	at java.util.concurrent.Executors$RunnableAdapter.call(Executors.java:511)
	at java.util.concurrent.FutureTask.run(FutureTask.java:266)
	at java.util.concurrent.ScheduledThreadPoolExecutor$ScheduledFutureTask.access$201(ScheduledThreadPoolExecutor.java:180)
	at java.util.concurrent.ScheduledThreadPoolExecutor$ScheduledFutureTask.run(ScheduledThreadPoolExecutor.java:293)
	at java.util.concurrent.ThreadPoolExecutor.runWorker(ThreadPoolExecutor.java:1149)
	at java.util.concurrent.ThreadPoolExecutor$Worker.run(ThreadPoolExecutor.java:624)
	at java.lang.Thread.run(Thread.java:748)
2019-10-16 22:12:05,797 [grpc-default-executor-15] INFO  impl.RaftServerProxy (RaftServerProxy.java:addNew(89)) - 3989452c-7599-4156-9543-3fe544ced0f3: addNew group-3DAE219B8A20:[3989452c-7599-4156-9543-3fe544ced0f3:192.168.157.254:36320, eec99a0c-e1b1-4518-bc49-9d1a8c8e04d5:192.168.157.254:45598, d9e6ea44-93db-446f-8020-a94232284285:192.168.157.254:41671] returns group-3DAE219B8A20:java.util.concurrent.CompletableFuture@188607f[Not completed]
2019-10-16 22:12:05,799 [grpc-default-executor-5] INFO  impl.RaftServerProxy (RaftServerProxy.java:addNew(89)) - eec99a0c-e1b1-4518-bc49-9d1a8c8e04d5: addNew group-3DAE219B8A20:[3989452c-7599-4156-9543-3fe544ced0f3:192.168.157.254:36320, eec99a0c-e1b1-4518-bc49-9d1a8c8e04d5:192.168.157.254:45598, d9e6ea44-93db-446f-8020-a94232284285:192.168.157.254:41671] returns group-3DAE219B8A20:java.util.concurrent.CompletableFuture@3c9a8a9[Not completed]
2019-10-16 22:12:05,801 [grpc-default-executor-15] INFO  impl.RaftServerProxy (RaftServerProxy.java:addNew(89)) - d9e6ea44-93db-446f-8020-a94232284285: addNew group-3DAE219B8A20:[3989452c-7599-4156-9543-3fe544ced0f3:192.168.157.254:36320, eec99a0c-e1b1-4518-bc49-9d1a8c8e04d5:192.168.157.254:45598, d9e6ea44-93db-446f-8020-a94232284285:192.168.157.254:41671] returns group-3DAE219B8A20:java.util.concurrent.CompletableFuture@5b7f496[Not completed]
2019-10-16 22:12:05,803 [pool-57-thread-1] INFO  impl.RaftServerImpl (RaftServerImpl.java:<init>(104)) - 3989452c-7599-4156-9543-3fe544ced0f3: new RaftServerImpl for group-3DAE219B8A20:[3989452c-7599-4156-9543-3fe544ced0f3:192.168.157.254:36320, eec99a0c-e1b1-4518-bc49-9d1a8c8e04d5:192.168.157.254:45598, d9e6ea44-93db-446f-8020-a94232284285:192.168.157.254:41671] with ContainerStateMachine:uninitialized
2019-10-16 22:12:05,803 [pool-57-thread-1] INFO  server.RaftServerConfigKeys (ConfUtils.java:logGet(43)) - raft.server.rpc.timeout.min = 5s (custom)
2019-10-16 22:12:05,803 [pool-57-thread-1] INFO  server.RaftServerConfigKeys (ConfUtils.java:logGet(43)) - raft.server.rpc.timeout.max = 5200ms (custom)
2019-10-16 22:12:05,803 [pool-57-thread-1] INFO  server.RaftServerConfigKeys (ConfUtils.java:logGet(43)) - raft.server.rpcslowness.timeout = 120s (custom)
2019-10-16 22:12:05,803 [pool-57-thread-1] INFO  server.RaftServerConfigKeys (ConfUtils.java:logGet(43)) - raft.server.sleep.deviation.threshold = 300 (default)
2019-10-16 22:12:05,803 [pool-57-thread-1] INFO  server.RaftServerConfigKeys (ConfUtils.java:logGet(43)) - raft.server.log.appender.install.snapshot.enabled = false (custom)
2019-10-16 22:12:05,803 [pool-57-thread-1] INFO  impl.RaftServerImpl (ServerState.java:<init>(103)) - 3989452c-7599-4156-9543-3fe544ced0f3@group-3DAE219B8A20: ConfigurationManager, init=-1: [3989452c-7599-4156-9543-3fe544ced0f3:192.168.157.254:36320, eec99a0c-e1b1-4518-bc49-9d1a8c8e04d5:192.168.157.254:45598, d9e6ea44-93db-446f-8020-a94232284285:192.168.157.254:41671], old=null, confs=<EMPTY_MAP>
2019-10-16 22:12:05,804 [pool-57-thread-1] INFO  server.RaftServerConfigKeys (ConfUtils.java:logGet(43)) - raft.server.storage.dir = [/workdir/hadoop-ozone/tools/target/test-dir/MiniOzoneClusterImpl-402ec78b-26f6-4355-8079-1cdd4cc53632/datanode-3/data/ratis] (custom)
2019-10-16 22:12:05,804 [pool-27-thread-1] INFO  impl.RaftServerImpl (RaftServerImpl.java:<init>(104)) - eec99a0c-e1b1-4518-bc49-9d1a8c8e04d5: new RaftServerImpl for group-3DAE219B8A20:[3989452c-7599-4156-9543-3fe544ced0f3:192.168.157.254:36320, eec99a0c-e1b1-4518-bc49-9d1a8c8e04d5:192.168.157.254:45598, d9e6ea44-93db-446f-8020-a94232284285:192.168.157.254:41671] with ContainerStateMachine:uninitialized
2019-10-16 22:12:05,804 [pool-27-thread-1] INFO  server.RaftServerConfigKeys (ConfUtils.java:logGet(43)) - raft.server.rpc.timeout.min = 5s (custom)
2019-10-16 22:12:05,804 [pool-57-thread-1] INFO  server.RaftServerConfigKeys (ConfUtils.java:logGet(43)) - raft.server.log.corruption.policy = EXCEPTION (default)
2019-10-16 22:12:05,804 [pool-27-thread-1] INFO  server.RaftServerConfigKeys (ConfUtils.java:logGet(43)) - raft.server.rpc.timeout.max = 5200ms (custom)
2019-10-16 22:12:05,804 [pool-57-thread-1] INFO  storage.RaftStorageDirectory (RaftStorageDirectory.java:analyzeStorage(246)) - The storage directory /workdir/hadoop-ozone/tools/target/test-dir/MiniOzoneClusterImpl-402ec78b-26f6-4355-8079-1cdd4cc53632/datanode-3/data/ratis/83290bc9-2984-4bd0-a43c-3dae219b8a20 does not exist. Creating ...
2019-10-16 22:12:05,804 [pool-27-thread-1] INFO  server.RaftServerConfigKeys (ConfUtils.java:logGet(43)) - raft.server.rpcslowness.timeout = 120s (custom)
2019-10-16 22:12:05,805 [pool-47-thread-1] INFO  impl.RaftServerImpl (RaftServerImpl.java:<init>(104)) - d9e6ea44-93db-446f-8020-a94232284285: new RaftServerImpl for group-3DAE219B8A20:[3989452c-7599-4156-9543-3fe544ced0f3:192.168.157.254:36320, eec99a0c-e1b1-4518-bc49-9d1a8c8e04d5:192.168.157.254:45598, d9e6ea44-93db-446f-8020-a94232284285:192.168.157.254:41671] with ContainerStateMachine:uninitialized
2019-10-16 22:12:05,805 [pool-27-thread-1] INFO  server.RaftServerConfigKeys (ConfUtils.java:logGet(43)) - raft.server.sleep.deviation.threshold = 300 (default)
2019-10-16 22:12:05,805 [pool-47-thread-1] INFO  server.RaftServerConfigKeys (ConfUtils.java:logGet(43)) - raft.server.rpc.timeout.min = 5s (custom)
2019-10-16 22:12:05,805 [pool-27-thread-1] INFO  server.RaftServerConfigKeys (ConfUtils.java:logGet(43)) - raft.server.log.appender.install.snapshot.enabled = false (custom)
2019-10-16 22:12:05,805 [pool-47-thread-1] INFO  server.RaftServerConfigKeys (ConfUtils.java:logGet(43)) - raft.server.rpc.timeout.max = 5200ms (custom)
2019-10-16 22:12:05,805 [pool-27-thread-1] INFO  impl.RaftServerImpl (ServerState.java:<init>(103)) - eec99a0c-e1b1-4518-bc49-9d1a8c8e04d5@group-3DAE219B8A20: ConfigurationManager, init=-1: [3989452c-7599-4156-9543-3fe544ced0f3:192.168.157.254:36320, eec99a0c-e1b1-4518-bc49-9d1a8c8e04d5:192.168.157.254:45598, d9e6ea44-93db-446f-8020-a94232284285:192.168.157.254:41671], old=null, confs=<EMPTY_MAP>
2019-10-16 22:12:05,805 [pool-47-thread-1] INFO  server.RaftServerConfigKeys (ConfUtils.java:logGet(43)) - raft.server.rpcslowness.timeout = 120s (custom)
2019-10-16 22:12:05,805 [pool-27-thread-1] INFO  server.RaftServerConfigKeys (ConfUtils.java:logGet(43)) - raft.server.storage.dir = [/workdir/hadoop-ozone/tools/target/test-dir/MiniOzoneClusterImpl-402ec78b-26f6-4355-8079-1cdd4cc53632/datanode-0/data/ratis] (custom)
2019-10-16 22:12:05,806 [pool-47-thread-1] INFO  server.RaftServerConfigKeys (ConfUtils.java:logGet(43)) - raft.server.sleep.deviation.threshold = 300 (default)
2019-10-16 22:12:05,806 [pool-47-thread-1] INFO  server.RaftServerConfigKeys (ConfUtils.java:logGet(43)) - raft.server.log.appender.install.snapshot.enabled = false (custom)
2019-10-16 22:12:05,806 [pool-27-thread-1] INFO  server.RaftServerConfigKeys (ConfUtils.java:logGet(43)) - raft.server.log.corruption.policy = EXCEPTION (default)
2019-10-16 22:12:05,806 [pool-47-thread-1] INFO  impl.RaftServerImpl (ServerState.java:<init>(103)) - d9e6ea44-93db-446f-8020-a94232284285@group-3DAE219B8A20: ConfigurationManager, init=-1: [3989452c-7599-4156-9543-3fe544ced0f3:192.168.157.254:36320, eec99a0c-e1b1-4518-bc49-9d1a8c8e04d5:192.168.157.254:45598, d9e6ea44-93db-446f-8020-a94232284285:192.168.157.254:41671], old=null, confs=<EMPTY_MAP>
2019-10-16 22:12:05,806 [pool-27-thread-1] INFO  storage.RaftStorageDirectory (RaftStorageDirectory.java:analyzeStorage(246)) - The storage directory /workdir/hadoop-ozone/tools/target/test-dir/MiniOzoneClusterImpl-402ec78b-26f6-4355-8079-1cdd4cc53632/datanode-0/data/ratis/83290bc9-2984-4bd0-a43c-3dae219b8a20 does not exist. Creating ...
2019-10-16 22:12:05,806 [pool-47-thread-1] INFO  server.RaftServerConfigKeys (ConfUtils.java:logGet(43)) - raft.server.storage.dir = [/workdir/hadoop-ozone/tools/target/test-dir/MiniOzoneClusterImpl-402ec78b-26f6-4355-8079-1cdd4cc53632/datanode-2/data/ratis] (custom)
2019-10-16 22:12:05,806 [pool-47-thread-1] INFO  server.RaftServerConfigKeys (ConfUtils.java:logGet(43)) - raft.server.log.corruption.policy = EXCEPTION (default)
2019-10-16 22:12:05,807 [pool-47-thread-1] INFO  storage.RaftStorageDirectory (RaftStorageDirectory.java:analyzeStorage(246)) - The storage directory /workdir/hadoop-ozone/tools/target/test-dir/MiniOzoneClusterImpl-402ec78b-26f6-4355-8079-1cdd4cc53632/datanode-2/data/ratis/83290bc9-2984-4bd0-a43c-3dae219b8a20 does not exist. Creating ...
2019-10-16 22:12:05,830 [pool-47-thread-1] INFO  storage.RaftStorageDirectory (RaftStorageDirectory.java:tryLock(328)) - Lock on /workdir/hadoop-ozone/tools/target/test-dir/MiniOzoneClusterImpl-402ec78b-26f6-4355-8079-1cdd4cc53632/datanode-2/data/ratis/83290bc9-2984-4bd0-a43c-3dae219b8a20/in_use.lock acquired by nodename 12003@pr-hdds-1868-qdb9g-714931517
2019-10-16 22:12:05,830 [pool-57-thread-1] INFO  storage.RaftStorageDirectory (RaftStorageDirectory.java:tryLock(328)) - Lock on /workdir/hadoop-ozone/tools/target/test-dir/MiniOzoneClusterImpl-402ec78b-26f6-4355-8079-1cdd4cc53632/datanode-3/data/ratis/83290bc9-2984-4bd0-a43c-3dae219b8a20/in_use.lock acquired by nodename 12003@pr-hdds-1868-qdb9g-714931517
2019-10-16 22:12:05,830 [pool-27-thread-1] INFO  storage.RaftStorageDirectory (RaftStorageDirectory.java:tryLock(328)) - Lock on /workdir/hadoop-ozone/tools/target/test-dir/MiniOzoneClusterImpl-402ec78b-26f6-4355-8079-1cdd4cc53632/datanode-0/data/ratis/83290bc9-2984-4bd0-a43c-3dae219b8a20/in_use.lock acquired by nodename 12003@pr-hdds-1868-qdb9g-714931517
2019-10-16 22:12:05,847 [pool-47-thread-1] INFO  storage.RaftStorage (RaftStorage.java:format(84)) - Storage directory /workdir/hadoop-ozone/tools/target/test-dir/MiniOzoneClusterImpl-402ec78b-26f6-4355-8079-1cdd4cc53632/datanode-2/data/ratis/83290bc9-2984-4bd0-a43c-3dae219b8a20 has been successfully formatted.
2019-10-16 22:12:05,847 [pool-27-thread-1] INFO  storage.RaftStorage (RaftStorage.java:format(84)) - Storage directory /workdir/hadoop-ozone/tools/target/test-dir/MiniOzoneClusterImpl-402ec78b-26f6-4355-8079-1cdd4cc53632/datanode-0/data/ratis/83290bc9-2984-4bd0-a43c-3dae219b8a20 has been successfully formatted.
2019-10-16 22:12:05,847 [pool-57-thread-1] INFO  storage.RaftStorage (RaftStorage.java:format(84)) - Storage directory /workdir/hadoop-ozone/tools/target/test-dir/MiniOzoneClusterImpl-402ec78b-26f6-4355-8079-1cdd4cc53632/datanode-3/data/ratis/83290bc9-2984-4bd0-a43c-3dae219b8a20 has been successfully formatted.
2019-10-16 22:12:05,847 [pool-27-thread-1] INFO  ratis.ContainerStateMachine (ContainerStateMachine.java:loadSnapshot(233)) - group-3DAE219B8A20: The snapshot info is null. Setting the last applied indexto:(t:0, i:~)
2019-10-16 22:12:05,847 [pool-47-thread-1] INFO  ratis.ContainerStateMachine (ContainerStateMachine.java:loadSnapshot(233)) - group-3DAE219B8A20: The snapshot info is null. Setting the last applied indexto:(t:0, i:~)
2019-10-16 22:12:05,848 [pool-57-thread-1] INFO  ratis.ContainerStateMachine (ContainerStateMachine.java:loadSnapshot(233)) - group-3DAE219B8A20: The snapshot info is null. Setting the last applied indexto:(t:0, i:~)
2019-10-16 22:12:05,847 [pool-27-thread-1] INFO  server.RaftServerConfigKeys (ConfUtils.java:logGet(43)) - raft.server.notification.no-leader.timeout = 120s (custom)
2019-10-16 22:12:05,848 [pool-57-thread-1] INFO  server.RaftServerConfigKeys (ConfUtils.java:logGet(43)) - raft.server.notification.no-leader.timeout = 120s (custom)
2019-10-16 22:12:05,848 [pool-47-thread-1] INFO  server.RaftServerConfigKeys (ConfUtils.java:logGet(43)) - raft.server.notification.no-leader.timeout = 120s (custom)
2019-10-16 22:12:05,848 [pool-57-thread-1] INFO  server.RaftServerConfigKeys (ConfUtils.java:logGet(43)) - raft.server.log.use.memory = false (default)
2019-10-16 22:12:05,848 [pool-27-thread-1] INFO  server.RaftServerConfigKeys (ConfUtils.java:logGet(43)) - raft.server.log.use.memory = false (default)
2019-10-16 22:12:05,848 [pool-47-thread-1] INFO  server.RaftServerConfigKeys (ConfUtils.java:logGet(43)) - raft.server.log.use.memory = false (default)
2019-10-16 22:12:05,848 [pool-27-thread-1] INFO  server.RaftServerConfigKeys (ConfUtils.java:logGet(43)) - raft.server.log.purge.gap = 1000000 (custom)
2019-10-16 22:12:05,848 [pool-57-thread-1] INFO  server.RaftServerConfigKeys (ConfUtils.java:logGet(43)) - raft.server.log.purge.gap = 1000000 (custom)
2019-10-16 22:12:05,849 [pool-27-thread-1] INFO  server.RaftServerConfigKeys (ConfUtils.java:logGet(43)) - raft.server.log.appender.buffer.byte-limit = 33554432 (custom)
2019-10-16 22:12:05,848 [pool-47-thread-1] INFO  server.RaftServerConfigKeys (ConfUtils.java:logGet(43)) - raft.server.log.purge.gap = 1000000 (custom)
2019-10-16 22:12:05,849 [pool-27-thread-1] INFO  server.RaftServerConfigKeys (ConfUtils.java:logGet(43)) - raft.server.log.segment.size.max = 1048576 (custom)
2019-10-16 22:12:05,849 [pool-57-thread-1] INFO  server.RaftServerConfigKeys (ConfUtils.java:logGet(43)) - raft.server.log.appender.buffer.byte-limit = 33554432 (custom)
2019-10-16 22:12:05,849 [pool-27-thread-1] INFO  server.RaftServerConfigKeys (ConfUtils.java:logGet(43)) - raft.server.log.segment.cache.num.max = 2 (custom)
2019-10-16 22:12:05,849 [pool-47-thread-1] INFO  server.RaftServerConfigKeys (ConfUtils.java:logGet(43)) - raft.server.log.appender.buffer.byte-limit = 33554432 (custom)
2019-10-16 22:12:05,849 [pool-27-thread-1] INFO  segmented.SegmentedRaftLogWorker (SegmentedRaftLogWorker.java:<init>(173)) - new eec99a0c-e1b1-4518-bc49-9d1a8c8e04d5@group-3DAE219B8A20-SegmentedRaftLogWorker for RaftStorage:Storage Directory /workdir/hadoop-ozone/tools/target/test-dir/MiniOzoneClusterImpl-402ec78b-26f6-4355-8079-1cdd4cc53632/datanode-0/data/ratis/83290bc9-2984-4bd0-a43c-3dae219b8a20
2019-10-16 22:12:05,849 [pool-57-thread-1] INFO  server.RaftServerConfigKeys (ConfUtils.java:logGet(43)) - raft.server.log.segment.size.max = 1048576 (custom)
2019-10-16 22:12:05,849 [pool-27-thread-1] INFO  server.RaftServerConfigKeys (ConfUtils.java:logGet(43)) - raft.server.log.queue.byte-limit = 2147483647 (custom)
2019-10-16 22:12:05,849 [pool-47-thread-1] INFO  server.RaftServerConfigKeys (ConfUtils.java:logGet(43)) - raft.server.log.segment.size.max = 1048576 (custom)
2019-10-16 22:12:05,850 [pool-27-thread-1] INFO  server.RaftServerConfigKeys (ConfUtils.java:logGet(43)) - raft.server.log.queue.element-limit = 1024 (custom)
2019-10-16 22:12:05,850 [pool-57-thread-1] INFO  server.RaftServerConfigKeys (ConfUtils.java:logGet(43)) - raft.server.log.segment.cache.num.max = 2 (custom)
2019-10-16 22:12:05,850 [pool-27-thread-1] INFO  server.RaftServerConfigKeys (ConfUtils.java:logGet(43)) - raft.server.log.segment.size.max = 1048576 (custom)
2019-10-16 22:12:05,850 [pool-47-thread-1] INFO  server.RaftServerConfigKeys (ConfUtils.java:logGet(43)) - raft.server.log.segment.cache.num.max = 2 (custom)
2019-10-16 22:12:05,850 [pool-27-thread-1] INFO  server.RaftServerConfigKeys (ConfUtils.java:logGet(43)) - raft.server.log.preallocated.size = 16384 (custom)
2019-10-16 22:12:05,851 [pool-27-thread-1] INFO  server.RaftServerConfigKeys (ConfUtils.java:logGet(43)) - raft.server.log.write.buffer.size = 33554432 (custom)
2019-10-16 22:12:05,850 [pool-57-thread-1] INFO  segmented.SegmentedRaftLogWorker (SegmentedRaftLogWorker.java:<init>(173)) - new 3989452c-7599-4156-9543-3fe544ced0f3@group-3DAE219B8A20-SegmentedRaftLogWorker for RaftStorage:Storage Directory /workdir/hadoop-ozone/tools/target/test-dir/MiniOzoneClusterImpl-402ec78b-26f6-4355-8079-1cdd4cc53632/datanode-3/data/ratis/83290bc9-2984-4bd0-a43c-3dae219b8a20
2019-10-16 22:12:05,851 [pool-27-thread-1] INFO  server.RaftServerConfigKeys (ConfUtils.java:logGet(43)) - raft.server.log.force.sync.num = 128 (default)
2019-10-16 22:12:05,850 [pool-47-thread-1] INFO  segmented.SegmentedRaftLogWorker (SegmentedRaftLogWorker.java:<init>(173)) - new d9e6ea44-93db-446f-8020-a94232284285@group-3DAE219B8A20-SegmentedRaftLogWorker for RaftStorage:Storage Directory /workdir/hadoop-ozone/tools/target/test-dir/MiniOzoneClusterImpl-402ec78b-26f6-4355-8079-1cdd4cc53632/datanode-2/data/ratis/83290bc9-2984-4bd0-a43c-3dae219b8a20
2019-10-16 22:12:05,851 [pool-27-thread-1] INFO  server.RaftServerConfigKeys (ConfUtils.java:logGet(43)) - raft.server.log.statemachine.data.sync = true (default)
2019-10-16 22:12:05,851 [pool-57-thread-1] INFO  server.RaftServerConfigKeys (ConfUtils.java:logGet(43)) - raft.server.log.queue.byte-limit = 2147483647 (custom)
2019-10-16 22:12:05,851 [pool-27-thread-1] INFO  server.RaftServerConfigKeys (ConfUtils.java:logGet(43)) - raft.server.log.statemachine.data.sync.timeout = 10s (default)
2019-10-16 22:12:05,851 [pool-47-thread-1] INFO  server.RaftServerConfigKeys (ConfUtils.java:logGet(43)) - raft.server.log.queue.byte-limit = 2147483647 (custom)
2019-10-16 22:12:05,851 [pool-27-thread-1] INFO  server.RaftServerConfigKeys (ConfUtils.java:logGet(43)) - raft.server.log.statemachine.data.sync.timeout.retry = -1 (default)
2019-10-16 22:12:05,851 [pool-57-thread-1] INFO  server.RaftServerConfigKeys (ConfUtils.java:logGet(43)) - raft.server.log.queue.element-limit = 1024 (custom)
2019-10-16 22:12:05,852 [pool-27-thread-1] INFO  server.RaftServerConfigKeys (ConfUtils.java:logGet(43)) - raft.server.log.statemachine.data.caching.enabled = true (custom)
2019-10-16 22:12:05,852 [pool-47-thread-1] INFO  server.RaftServerConfigKeys (ConfUtils.java:logGet(43)) - raft.server.log.queue.element-limit = 1024 (custom)
2019-10-16 22:12:05,852 [pool-57-thread-1] INFO  server.RaftServerConfigKeys (ConfUtils.java:logGet(43)) - raft.server.log.segment.size.max = 1048576 (custom)
2019-10-16 22:12:05,852 [pool-27-thread-1] INFO  segmented.SegmentedRaftLogWorker (SegmentedRaftLogWorker.java:lambda$new$0(128)) - eec99a0c-e1b1-4518-bc49-9d1a8c8e04d5@group-3DAE219B8A20-SegmentedRaftLogWorker: flushIndex: setUnconditionally 0 -> -1
2019-10-16 22:12:05,852 [pool-47-thread-1] INFO  server.RaftServerConfigKeys (ConfUtils.java:logGet(43)) - raft.server.log.segment.size.max = 1048576 (custom)
2019-10-16 22:12:05,852 [pool-57-thread-1] INFO  server.RaftServerConfigKeys (ConfUtils.java:logGet(43)) - raft.server.log.preallocated.size = 16384 (custom)
2019-10-16 22:12:05,852 [pool-27-thread-1] INFO  server.RaftServerConfigKeys (ConfUtils.java:logGet(43)) - raft.server.snapshot.auto.trigger.enabled = true (custom)
2019-10-16 22:12:05,852 [pool-47-thread-1] INFO  server.RaftServerConfigKeys (ConfUtils.java:logGet(43)) - raft.server.log.preallocated.size = 16384 (custom)
2019-10-16 22:12:05,853 [pool-27-thread-1] INFO  server.RaftServerConfigKeys (ConfUtils.java:logGet(43)) - raft.server.snapshot.auto.trigger.threshold = 10000 (custom)
2019-10-16 22:12:05,853 [pool-57-thread-1] INFO  server.RaftServerConfigKeys (ConfUtils.java:logGet(43)) - raft.server.log.write.buffer.size = 33554432 (custom)
2019-10-16 22:12:05,853 [pool-27-thread-1] INFO  server.RaftServerConfigKeys (ConfUtils.java:logGet(43)) - raft.server.snapshot.retention.file.num = 5 (custom)
2019-10-16 22:12:05,853 [pool-47-thread-1] INFO  server.RaftServerConfigKeys (ConfUtils.java:logGet(43)) - raft.server.log.write.buffer.size = 33554432 (custom)
2019-10-16 22:12:05,853 [pool-27-thread-1] INFO  server.RaftServerConfigKeys (ConfUtils.java:logGet(43)) - raft.server.retrycache.expirytime = 600000ms (custom)
2019-10-16 22:12:05,853 [pool-57-thread-1] INFO  server.RaftServerConfigKeys (ConfUtils.java:logGet(43)) - raft.server.log.force.sync.num = 128 (default)
2019-10-16 22:12:05,853 [pool-47-thread-1] INFO  server.RaftServerConfigKeys (ConfUtils.java:logGet(43)) - raft.server.log.force.sync.num = 128 (default)
2019-10-16 22:12:05,853 [pool-57-thread-1] INFO  server.RaftServerConfigKeys (ConfUtils.java:logGet(43)) - raft.server.log.statemachine.data.sync = true (default)
2019-10-16 22:12:05,854 [pool-47-thread-1] INFO  server.RaftServerConfigKeys (ConfUtils.java:logGet(43)) - raft.server.log.statemachine.data.sync = true (default)
2019-10-16 22:12:05,854 [pool-57-thread-1] INFO  server.RaftServerConfigKeys (ConfUtils.java:logGet(43)) - raft.server.log.statemachine.data.sync.timeout = 10s (default)
2019-10-16 22:12:05,854 [pool-47-thread-1] INFO  server.RaftServerConfigKeys (ConfUtils.java:logGet(43)) - raft.server.log.statemachine.data.sync.timeout = 10s (default)
2019-10-16 22:12:05,854 [pool-57-thread-1] INFO  server.RaftServerConfigKeys (ConfUtils.java:logGet(43)) - raft.server.log.statemachine.data.sync.timeout.retry = -1 (default)
2019-10-16 22:12:05,854 [pool-47-thread-1] INFO  server.RaftServerConfigKeys (ConfUtils.java:logGet(43)) - raft.server.log.statemachine.data.sync.timeout.retry = -1 (default)
2019-10-16 22:12:05,854 [pool-57-thread-1] INFO  server.RaftServerConfigKeys (ConfUtils.java:logGet(43)) - raft.server.log.statemachine.data.caching.enabled = true (custom)
2019-10-16 22:12:05,854 [pool-47-thread-1] INFO  server.RaftServerConfigKeys (ConfUtils.java:logGet(43)) - raft.server.log.statemachine.data.caching.enabled = true (custom)
2019-10-16 22:12:05,855 [pool-57-thread-1] INFO  segmented.SegmentedRaftLogWorker (SegmentedRaftLogWorker.java:lambda$new$0(128)) - 3989452c-7599-4156-9543-3fe544ced0f3@group-3DAE219B8A20-SegmentedRaftLogWorker: flushIndex: setUnconditionally 0 -> -1
2019-10-16 22:12:05,855 [pool-47-thread-1] INFO  segmented.SegmentedRaftLogWorker (SegmentedRaftLogWorker.java:lambda$new$0(128)) - d9e6ea44-93db-446f-8020-a94232284285@group-3DAE219B8A20-SegmentedRaftLogWorker: flushIndex: setUnconditionally 0 -> -1
2019-10-16 22:12:05,855 [pool-57-thread-1] INFO  server.RaftServerConfigKeys (ConfUtils.java:logGet(43)) - raft.server.snapshot.auto.trigger.enabled = true (custom)
2019-10-16 22:12:05,855 [pool-47-thread-1] INFO  server.RaftServerConfigKeys (ConfUtils.java:logGet(43)) - raft.server.snapshot.auto.trigger.enabled = true (custom)
2019-10-16 22:12:05,855 [pool-57-thread-1] INFO  server.RaftServerConfigKeys (ConfUtils.java:logGet(43)) - raft.server.snapshot.auto.trigger.threshold = 10000 (custom)
2019-10-16 22:12:05,855 [pool-27-thread-1] INFO  impl.RaftServerImpl (RaftServerImpl.java:start(195)) - eec99a0c-e1b1-4518-bc49-9d1a8c8e04d5@group-3DAE219B8A20: start as a follower, conf=-1: [3989452c-7599-4156-9543-3fe544ced0f3:192.168.157.254:36320, eec99a0c-e1b1-4518-bc49-9d1a8c8e04d5:192.168.157.254:45598, d9e6ea44-93db-446f-8020-a94232284285:192.168.157.254:41671], old=null
2019-10-16 22:12:05,855 [pool-47-thread-1] INFO  server.RaftServerConfigKeys (ConfUtils.java:logGet(43)) - raft.server.snapshot.auto.trigger.threshold = 10000 (custom)
2019-10-16 22:12:05,856 [pool-27-thread-1] INFO  impl.RaftServerImpl (RaftServerImpl.java:setRole(184)) - eec99a0c-e1b1-4518-bc49-9d1a8c8e04d5@group-3DAE219B8A20: changes role from      null to FOLLOWER at term 0 for startAsFollower
2019-10-16 22:12:05,855 [pool-57-thread-1] INFO  server.RaftServerConfigKeys (ConfUtils.java:logGet(43)) - raft.server.snapshot.retention.file.num = 5 (custom)
2019-10-16 22:12:05,856 [pool-27-thread-1] INFO  impl.RoleInfo (RoleInfo.java:updateAndGet(143)) - eec99a0c-e1b1-4518-bc49-9d1a8c8e04d5: start FollowerState
2019-10-16 22:12:05,856 [pool-57-thread-1] INFO  server.RaftServerConfigKeys (ConfUtils.java:logGet(43)) - raft.server.retrycache.expirytime = 600000ms (custom)
2019-10-16 22:12:05,856 [pool-47-thread-1] INFO  server.RaftServerConfigKeys (ConfUtils.java:logGet(43)) - raft.server.snapshot.retention.file.num = 5 (custom)
2019-10-16 22:12:05,856 [pool-47-thread-1] INFO  server.RaftServerConfigKeys (ConfUtils.java:logGet(43)) - raft.server.retrycache.expirytime = 600000ms (custom)
2019-10-16 22:12:05,856 [pool-27-thread-1] INFO  util.JmxRegister (JmxRegister.java:tryRegister(44)) - Successfully registered JMX Bean with object name Ratis:service=RaftServer,group=group-3DAE219B8A20,id=eec99a0c-e1b1-4518-bc49-9d1a8c8e04d5
2019-10-16 22:12:05,857 [Thread-647] INFO  impl.FollowerState (FollowerState.java:run(108)) - eec99a0c-e1b1-4518-bc49-9d1a8c8e04d5@group-3DAE219B8A20-FollowerState: change to CANDIDATE, lastRpcTime:1ms, electionTimeout:1ms
2019-10-16 22:12:05,857 [Thread-647] INFO  impl.RoleInfo (RoleInfo.java:shutdownFollowerState(121)) - eec99a0c-e1b1-4518-bc49-9d1a8c8e04d5: shutdown FollowerState
2019-10-16 22:12:05,858 [Thread-647] INFO  impl.RaftServerImpl (RaftServerImpl.java:setRole(184)) - eec99a0c-e1b1-4518-bc49-9d1a8c8e04d5@group-3DAE219B8A20: changes role from  FOLLOWER to CANDIDATE at term 0 for changeToCandidate
2019-10-16 22:12:05,858 [Thread-647] INFO  impl.RoleInfo (RoleInfo.java:updateAndGet(143)) - eec99a0c-e1b1-4518-bc49-9d1a8c8e04d5: start LeaderElection
2019-10-16 22:12:05,865 [pool-57-thread-1] INFO  impl.RaftServerImpl (RaftServerImpl.java:start(195)) - 3989452c-7599-4156-9543-3fe544ced0f3@group-3DAE219B8A20: start as a follower, conf=-1: [3989452c-7599-4156-9543-3fe544ced0f3:192.168.157.254:36320, eec99a0c-e1b1-4518-bc49-9d1a8c8e04d5:192.168.157.254:45598, d9e6ea44-93db-446f-8020-a94232284285:192.168.157.254:41671], old=null
2019-10-16 22:12:05,865 [pool-57-thread-1] INFO  impl.RaftServerImpl (RaftServerImpl.java:setRole(184)) - 3989452c-7599-4156-9543-3fe544ced0f3@group-3DAE219B8A20: changes role from      null to FOLLOWER at term 0 for startAsFollower
2019-10-16 22:12:05,865 [pool-57-thread-1] INFO  impl.RoleInfo (RoleInfo.java:updateAndGet(143)) - 3989452c-7599-4156-9543-3fe544ced0f3: start FollowerState
2019-10-16 22:12:05,865 [pool-47-thread-1] INFO  impl.RaftServerImpl (RaftServerImpl.java:start(195)) - d9e6ea44-93db-446f-8020-a94232284285@group-3DAE219B8A20: start as a follower, conf=-1: [3989452c-7599-4156-9543-3fe544ced0f3:192.168.157.254:36320, eec99a0c-e1b1-4518-bc49-9d1a8c8e04d5:192.168.157.254:45598, d9e6ea44-93db-446f-8020-a94232284285:192.168.157.254:41671], old=null
2019-10-16 22:12:05,866 [pool-47-thread-1] INFO  impl.RaftServerImpl (RaftServerImpl.java:setRole(184)) - d9e6ea44-93db-446f-8020-a94232284285@group-3DAE219B8A20: changes role from      null to FOLLOWER at term 0 for startAsFollower
2019-10-16 22:12:05,866 [pool-57-thread-1] INFO  util.JmxRegister (JmxRegister.java:tryRegister(44)) - Successfully registered JMX Bean with object name Ratis:service=RaftServer,group=group-3DAE219B8A20,id=3989452c-7599-4156-9543-3fe544ced0f3
2019-10-16 22:12:05,866 [pool-47-thread-1] INFO  impl.RoleInfo (RoleInfo.java:updateAndGet(143)) - d9e6ea44-93db-446f-8020-a94232284285: start FollowerState
2019-10-16 22:12:05,866 [pool-47-thread-1] INFO  util.JmxRegister (JmxRegister.java:tryRegister(44)) - Successfully registered JMX Bean with object name Ratis:service=RaftServer,group=group-3DAE219B8A20,id=d9e6ea44-93db-446f-8020-a94232284285
2019-10-16 22:12:05,873 [Thread-653] INFO  impl.FollowerState (FollowerState.java:run(108)) - d9e6ea44-93db-446f-8020-a94232284285@group-3DAE219B8A20-FollowerState: change to CANDIDATE, lastRpcTime:6ms, electionTimeout:5ms
2019-10-16 22:12:05,873 [Thread-653] INFO  impl.RoleInfo (RoleInfo.java:shutdownFollowerState(121)) - d9e6ea44-93db-446f-8020-a94232284285: shutdown FollowerState
2019-10-16 22:12:05,880 [Thread-653] INFO  impl.RaftServerImpl (RaftServerImpl.java:setRole(184)) - d9e6ea44-93db-446f-8020-a94232284285@group-3DAE219B8A20: changes role from  FOLLOWER to CANDIDATE at term 0 for changeToCandidate
2019-10-16 22:12:05,880 [eec99a0c-e1b1-4518-bc49-9d1a8c8e04d5@group-3DAE219B8A20-LeaderElection11] INFO  impl.LeaderElection (LeaderElection.java:askForVotes(178)) - eec99a0c-e1b1-4518-bc49-9d1a8c8e04d5@group-3DAE219B8A20-LeaderElection11: begin an election at term 1 for -1: [3989452c-7599-4156-9543-3fe544ced0f3:192.168.157.254:36320, eec99a0c-e1b1-4518-bc49-9d1a8c8e04d5:192.168.157.254:45598, d9e6ea44-93db-446f-8020-a94232284285:192.168.157.254:41671], old=null
2019-10-16 22:12:05,881 [Thread-653] INFO  impl.RoleInfo (RoleInfo.java:updateAndGet(143)) - d9e6ea44-93db-446f-8020-a94232284285: start LeaderElection
2019-10-16 22:12:05,888 [RatisPipelineUtilsThread] INFO  pipeline.PipelineStateManager (PipelineStateManager.java:addPipeline(57)) - Created pipeline Pipeline[ Id: 83290bc9-2984-4bd0-a43c-3dae219b8a20, Nodes: 3989452c-7599-4156-9543-3fe544ced0f3{ip: 192.168.157.254, host: pr-hdds-1868-qdb9g-714931517, networkLocation: /default-rack, certSerialId: null}eec99a0c-e1b1-4518-bc49-9d1a8c8e04d5{ip: 192.168.157.254, host: pr-hdds-1868-qdb9g-714931517, networkLocation: /default-rack, certSerialId: null}d9e6ea44-93db-446f-8020-a94232284285{ip: 192.168.157.254, host: pr-hdds-1868-qdb9g-714931517, networkLocation: /default-rack, certSerialId: null}, Type:RATIS, Factor:THREE, State:ALLOCATED]
2019-10-16 22:12:05,894 [grpc-default-executor-5] INFO  impl.RaftServerImpl (RaftServerImpl.java:setRole(184)) - 3989452c-7599-4156-9543-3fe544ced0f3@group-3DAE219B8A20: changes role from  FOLLOWER to FOLLOWER at term 1 for recognizeCandidate:eec99a0c-e1b1-4518-bc49-9d1a8c8e04d5
2019-10-16 22:12:05,894 [grpc-default-executor-5] INFO  impl.RoleInfo (RoleInfo.java:shutdownFollowerState(121)) - 3989452c-7599-4156-9543-3fe544ced0f3: shutdown FollowerState
2019-10-16 22:12:05,894 [grpc-default-executor-5] INFO  impl.RoleInfo (RoleInfo.java:updateAndGet(143)) - 3989452c-7599-4156-9543-3fe544ced0f3: start FollowerState
2019-10-16 22:12:05,894 [Thread-651] INFO  impl.FollowerState (FollowerState.java:run(117)) - 3989452c-7599-4156-9543-3fe544ced0f3@group-3DAE219B8A20-FollowerState was interrupted: java.lang.InterruptedException: sleep interrupted
2019-10-16 22:12:05,913 [d9e6ea44-93db-446f-8020-a94232284285@group-3DAE219B8A20-LeaderElection12] INFO  impl.LeaderElection (LeaderElection.java:askForVotes(178)) - d9e6ea44-93db-446f-8020-a94232284285@group-3DAE219B8A20-LeaderElection12: begin an election at term 1 for -1: [3989452c-7599-4156-9543-3fe544ced0f3:192.168.157.254:36320, eec99a0c-e1b1-4518-bc49-9d1a8c8e04d5:192.168.157.254:45598, d9e6ea44-93db-446f-8020-a94232284285:192.168.157.254:41671], old=null
2019-10-16 22:12:05,916 [eec99a0c-e1b1-4518-bc49-9d1a8c8e04d5@group-3DAE219B8A20-LeaderElection11] INFO  impl.LeaderElection (LeaderElection.java:logAndReturn(56)) - eec99a0c-e1b1-4518-bc49-9d1a8c8e04d5@group-3DAE219B8A20-LeaderElection11: Election PASSED; received 2 response(s) [eec99a0c-e1b1-4518-bc49-9d1a8c8e04d5<-3989452c-7599-4156-9543-3fe544ced0f3#0:OK-t1, eec99a0c-e1b1-4518-bc49-9d1a8c8e04d5<-d9e6ea44-93db-446f-8020-a94232284285#0:FAIL-t1] and 0 exception(s); eec99a0c-e1b1-4518-bc49-9d1a8c8e04d5@group-3DAE219B8A20:t1, leader=null, voted=eec99a0c-e1b1-4518-bc49-9d1a8c8e04d5, raftlog=eec99a0c-e1b1-4518-bc49-9d1a8c8e04d5@group-3DAE219B8A20-SegmentedRaftLog:OPENED:c-1,f-1,i0, conf=-1: [3989452c-7599-4156-9543-3fe544ced0f3:192.168.157.254:36320, eec99a0c-e1b1-4518-bc49-9d1a8c8e04d5:192.168.157.254:45598, d9e6ea44-93db-446f-8020-a94232284285:192.168.157.254:41671], old=null
2019-10-16 22:12:05,920 [eec99a0c-e1b1-4518-bc49-9d1a8c8e04d5@group-3DAE219B8A20-LeaderElection11] INFO  impl.RoleInfo (RoleInfo.java:shutdownLeaderElection(134)) - eec99a0c-e1b1-4518-bc49-9d1a8c8e04d5: shutdown LeaderElection
2019-10-16 22:12:05,920 [eec99a0c-e1b1-4518-bc49-9d1a8c8e04d5@group-3DAE219B8A20-LeaderElection11] INFO  impl.RaftServerImpl (RaftServerImpl.java:setRole(184)) - eec99a0c-e1b1-4518-bc49-9d1a8c8e04d5@group-3DAE219B8A20: changes role from CANDIDATE to LEADER at term 1 for changeToLeader
2019-10-16 22:12:05,920 [eec99a0c-e1b1-4518-bc49-9d1a8c8e04d5@group-3DAE219B8A20-LeaderElection11] INFO  ratis.XceiverServerRatis (XceiverServerRatis.java:handleLeaderChangedNotification(700)) - Leader change notification received for group: group-3DAE219B8A20 with new leaderId: eec99a0c-e1b1-4518-bc49-9d1a8c8e04d5
2019-10-16 22:12:05,922 [eec99a0c-e1b1-4518-bc49-9d1a8c8e04d5@group-3DAE219B8A20-LeaderElection11] INFO  impl.RaftServerImpl (ServerState.java:setLeader(256)) - eec99a0c-e1b1-4518-bc49-9d1a8c8e04d5@group-3DAE219B8A20: change Leader from null to eec99a0c-e1b1-4518-bc49-9d1a8c8e04d5 at term 1 for becomeLeader, leader elected after 72ms
2019-10-16 22:12:05,922 [eec99a0c-e1b1-4518-bc49-9d1a8c8e04d5@group-3DAE219B8A20-LeaderElection11] INFO  server.RaftServerConfigKeys (ConfUtils.java:logGet(43)) - raft.server.staging.catchup.gap = 1000 (default)
2019-10-16 22:12:05,922 [eec99a0c-e1b1-4518-bc49-9d1a8c8e04d5@group-3DAE219B8A20-LeaderElection11] INFO  server.RaftServerConfigKeys (ConfUtils.java:logGet(43)) - raft.server.rpc.sleep.time = 25ms (default)
2019-10-16 22:12:05,922 [eec99a0c-e1b1-4518-bc49-9d1a8c8e04d5@group-3DAE219B8A20-LeaderElection11] INFO  server.RaftServerConfigKeys (ConfUtils.java:logGet(43)) - raft.server.write.element-limit = 4096 (default)
2019-10-16 22:12:05,922 [eec99a0c-e1b1-4518-bc49-9d1a8c8e04d5@group-3DAE219B8A20-LeaderElection11] INFO  server.RaftServerConfigKeys (ConfUtils.java:logGet(43)) - raft.server.watch.timeout = 10s (default)
2019-10-16 22:12:05,922 [eec99a0c-e1b1-4518-bc49-9d1a8c8e04d5@group-3DAE219B8A20-LeaderElection11] INFO  server.RaftServerConfigKeys (ConfUtils.java:logGet(43)) - raft.server.watch.timeout.denomination = 1s (default)
2019-10-16 22:12:05,922 [eec99a0c-e1b1-4518-bc49-9d1a8c8e04d5@group-3DAE219B8A20-LeaderElection11] INFO  server.RaftServerConfigKeys (ConfUtils.java:logGet(43)) - raft.server.watch.element-limit = 65536 (default)
2019-10-16 22:12:05,923 [EventQueue-PipelineReportForPipelineReportHandler] INFO  pipeline.PipelineReportHandler (PipelineReportHandler.java:processPipelineReport(119)) - Pipeline PipelineID=83290bc9-2984-4bd0-a43c-3dae219b8a20 reported by eec99a0c-e1b1-4518-bc49-9d1a8c8e04d5{ip: 192.168.157.254, host: pr-hdds-1868-qdb9g-714931517, networkLocation: /default-rack, certSerialId: null} with leaderId eec99a0c-e1b1-4518-bc49-9d1a8c8e04d5
2019-10-16 22:12:05,931 [eec99a0c-e1b1-4518-bc49-9d1a8c8e04d5@group-3DAE219B8A20-LeaderElection11] INFO  server.RaftServerConfigKeys (ConfUtils.java:logGet(43)) - raft.server.log.appender.snapshot.chunk.size.max = 16MB (=16777216) (default)
2019-10-16 22:12:05,931 [eec99a0c-e1b1-4518-bc49-9d1a8c8e04d5@group-3DAE219B8A20-LeaderElection11] INFO  server.RaftServerConfigKeys (ConfUtils.java:logGet(43)) - raft.server.log.appender.buffer.byte-limit = 33554432 (custom)
2019-10-16 22:12:05,931 [eec99a0c-e1b1-4518-bc49-9d1a8c8e04d5@group-3DAE219B8A20-LeaderElection11] INFO  server.RaftServerConfigKeys (ConfUtils.java:logGet(43)) - raft.server.log.appender.buffer.element-limit = 1 (custom)
2019-10-16 22:12:05,933 [eec99a0c-e1b1-4518-bc49-9d1a8c8e04d5@group-3DAE219B8A20-LeaderElection11] INFO  grpc.GrpcConfigKeys$Server (ConfUtils.java:logGet(43)) - raft.grpc.server.leader.outstanding.appends.max = 128 (default)
2019-10-16 22:12:05,933 [eec99a0c-e1b1-4518-bc49-9d1a8c8e04d5@group-3DAE219B8A20-LeaderElection11] INFO  server.RaftServerConfigKeys (ConfUtils.java:logGet(43)) - raft.server.rpc.request.timeout = 3000ms (default)
2019-10-16 22:12:05,933 [eec99a0c-e1b1-4518-bc49-9d1a8c8e04d5@group-3DAE219B8A20-LeaderElection11] INFO  server.RaftServerConfigKeys (ConfUtils.java:logGet(43)) - raft.server.log.appender.install.snapshot.enabled = false (custom)
2019-10-16 22:12:05,935 [eec99a0c-e1b1-4518-bc49-9d1a8c8e04d5@group-3DAE219B8A20-LeaderElection11] INFO  server.RaftServerConfigKeys (ConfUtils.java:logGet(43)) - raft.server.log.appender.snapshot.chunk.size.max = 16MB (=16777216) (default)
2019-10-16 22:12:05,935 [eec99a0c-e1b1-4518-bc49-9d1a8c8e04d5@group-3DAE219B8A20-LeaderElection11] INFO  server.RaftServerConfigKeys (ConfUtils.java:logGet(43)) - raft.server.log.appender.buffer.byte-limit = 33554432 (custom)
2019-10-16 22:12:05,935 [eec99a0c-e1b1-4518-bc49-9d1a8c8e04d5@group-3DAE219B8A20-LeaderElection11] INFO  server.RaftServerConfigKeys (ConfUtils.java:logGet(43)) - raft.server.log.appender.buffer.element-limit = 1 (custom)
2019-10-16 22:12:05,935 [eec99a0c-e1b1-4518-bc49-9d1a8c8e04d5@group-3DAE219B8A20-LeaderElection11] INFO  grpc.GrpcConfigKeys$Server (ConfUtils.java:logGet(43)) - raft.grpc.server.leader.outstanding.appends.max = 128 (default)
2019-10-16 22:12:05,935 [eec99a0c-e1b1-4518-bc49-9d1a8c8e04d5@group-3DAE219B8A20-LeaderElection11] INFO  server.RaftServerConfigKeys (ConfUtils.java:logGet(43)) - raft.server.rpc.request.timeout = 3000ms (default)
2019-10-16 22:12:05,936 [eec99a0c-e1b1-4518-bc49-9d1a8c8e04d5@group-3DAE219B8A20-LeaderElection11] INFO  server.RaftServerConfigKeys (ConfUtils.java:logGet(43)) - raft.server.log.appender.install.snapshot.enabled = false (custom)
2019-10-16 22:12:05,938 [eec99a0c-e1b1-4518-bc49-9d1a8c8e04d5@group-3DAE219B8A20-LeaderElection11] INFO  impl.RoleInfo (RoleInfo.java:updateAndGet(143)) - eec99a0c-e1b1-4518-bc49-9d1a8c8e04d5: start LeaderState
2019-10-16 22:12:05,938 [eec99a0c-e1b1-4518-bc49-9d1a8c8e04d5@group-3DAE219B8A20-LeaderElection11] INFO  segmented.SegmentedRaftLogWorker (SegmentedRaftLogWorker.java:startLogSegment(385)) - eec99a0c-e1b1-4518-bc49-9d1a8c8e04d5@group-3DAE219B8A20-SegmentedRaftLogWorker: Starting segment from index:0
2019-10-16 22:12:05,939 [eec99a0c-e1b1-4518-bc49-9d1a8c8e04d5@group-3DAE219B8A20-LeaderElection11] INFO  impl.RaftServerImpl (ServerState.java:setRaftConf(357)) - eec99a0c-e1b1-4518-bc49-9d1a8c8e04d5@group-3DAE219B8A20: set configuration 0: [3989452c-7599-4156-9543-3fe544ced0f3:192.168.157.254:36320, eec99a0c-e1b1-4518-bc49-9d1a8c8e04d5:192.168.157.254:45598, d9e6ea44-93db-446f-8020-a94232284285:192.168.157.254:41671], old=null at 0
 0.00% |?                                                                                                    |  0/1 Time: 0:03:222019-10-16 22:12:05,974 [grpc-default-executor-5] INFO  impl.RaftServerImpl (RaftServerImpl.java:requestVote(776)) - eec99a0c-e1b1-4518-bc49-9d1a8c8e04d5@group-3DAE219B8A20-   LEADER: Withhold vote from candidate d9e6ea44-93db-446f-8020-a94232284285 with term 1. State: leader=eec99a0c-e1b1-4518-bc49-9d1a8c8e04d5, term=1, lastRpcElapsed=null
2019-10-16 22:12:05,976 [d9e6ea44-93db-446f-8020-a94232284285@group-3DAE219B8A20-LeaderElection12] INFO  impl.LeaderElection (LeaderElection.java:logAndReturn(56)) - d9e6ea44-93db-446f-8020-a94232284285@group-3DAE219B8A20-LeaderElection12: Election REJECTED; received 2 response(s) [d9e6ea44-93db-446f-8020-a94232284285<-3989452c-7599-4156-9543-3fe544ced0f3#0:FAIL-t1, d9e6ea44-93db-446f-8020-a94232284285<-eec99a0c-e1b1-4518-bc49-9d1a8c8e04d5#0:FAIL-t1] and 0 exception(s); d9e6ea44-93db-446f-8020-a94232284285@group-3DAE219B8A20:t1, leader=null, voted=d9e6ea44-93db-446f-8020-a94232284285, raftlog=d9e6ea44-93db-446f-8020-a94232284285@group-3DAE219B8A20-SegmentedRaftLog:OPENED:c-1,f-1,i0, conf=-1: [3989452c-7599-4156-9543-3fe544ced0f3:192.168.157.254:36320, eec99a0c-e1b1-4518-bc49-9d1a8c8e04d5:192.168.157.254:45598, d9e6ea44-93db-446f-8020-a94232284285:192.168.157.254:41671], old=null
2019-10-16 22:12:05,976 [d9e6ea44-93db-446f-8020-a94232284285@group-3DAE219B8A20-LeaderElection12] INFO  impl.RaftServerImpl (RaftServerImpl.java:setRole(184)) - d9e6ea44-93db-446f-8020-a94232284285@group-3DAE219B8A20: changes role from CANDIDATE to FOLLOWER at term 1 for DISCOVERED_A_NEW_TERM
2019-10-16 22:12:05,976 [eec99a0c-e1b1-4518-bc49-9d1a8c8e04d5@group-3DAE219B8A20-SegmentedRaftLogWorker] INFO  segmented.SegmentedRaftLogWorker (SegmentedRaftLogWorker.java:execute(576)) - eec99a0c-e1b1-4518-bc49-9d1a8c8e04d5@group-3DAE219B8A20-SegmentedRaftLogWorker: created new log segment /workdir/hadoop-ozone/tools/target/test-dir/MiniOzoneClusterImpl-402ec78b-26f6-4355-8079-1cdd4cc53632/datanode-0/data/ratis/83290bc9-2984-4bd0-a43c-3dae219b8a20/current/log_inprogress_0
2019-10-16 22:12:05,976 [grpc-default-executor-15] INFO  ratis.XceiverServerRatis (XceiverServerRatis.java:handleLeaderChangedNotification(700)) - Leader change notification received for group: group-3DAE219B8A20 with new leaderId: eec99a0c-e1b1-4518-bc49-9d1a8c8e04d5
2019-10-16 22:12:05,976 [d9e6ea44-93db-446f-8020-a94232284285@group-3DAE219B8A20-LeaderElection12] INFO  impl.RoleInfo (RoleInfo.java:shutdownLeaderElection(134)) - d9e6ea44-93db-446f-8020-a94232284285: shutdown LeaderElection
2019-10-16 22:12:05,978 [grpc-default-executor-15] INFO  impl.RaftServerImpl (ServerState.java:setLeader(256)) - 3989452c-7599-4156-9543-3fe544ced0f3@group-3DAE219B8A20: change Leader from null to eec99a0c-e1b1-4518-bc49-9d1a8c8e04d5 at term 1 for appendEntries, leader elected after 128ms
2019-10-16 22:12:05,978 [d9e6ea44-93db-446f-8020-a94232284285@group-3DAE219B8A20-LeaderElection12] INFO  impl.RoleInfo (RoleInfo.java:updateAndGet(143)) - d9e6ea44-93db-446f-8020-a94232284285: start FollowerState
2019-10-16 22:12:05,979 [grpc-default-executor-5] INFO  ratis.XceiverServerRatis (XceiverServerRatis.java:handleLeaderChangedNotification(700)) - Leader change notification received for group: group-3DAE219B8A20 with new leaderId: eec99a0c-e1b1-4518-bc49-9d1a8c8e04d5
2019-10-16 22:12:05,980 [grpc-default-executor-5] INFO  impl.RaftServerImpl (ServerState.java:setLeader(256)) - d9e6ea44-93db-446f-8020-a94232284285@group-3DAE219B8A20: change Leader from null to eec99a0c-e1b1-4518-bc49-9d1a8c8e04d5 at term 1 for appendEntries, leader elected after 131ms
2019-10-16 22:12:05,980 [EventQueue-PipelineReportForPipelineReportHandler] INFO  pipeline.PipelineReportHandler (PipelineReportHandler.java:processPipelineReport(119)) - Pipeline PipelineID=83290bc9-2984-4bd0-a43c-3dae219b8a20 reported by 3989452c-7599-4156-9543-3fe544ced0f3{ip: 192.168.157.254, host: pr-hdds-1868-qdb9g-714931517, networkLocation: /default-rack, certSerialId: null} with leaderId eec99a0c-e1b1-4518-bc49-9d1a8c8e04d5
2019-10-16 22:12:05,981 [EventQueue-PipelineReportForPipelineReportHandler] INFO  pipeline.PipelineReportHandler (PipelineReportHandler.java:processPipelineReport(119)) - Pipeline PipelineID=83290bc9-2984-4bd0-a43c-3dae219b8a20 reported by d9e6ea44-93db-446f-8020-a94232284285{ip: 192.168.157.254, host: pr-hdds-1868-qdb9g-714931517, networkLocation: /default-rack, certSerialId: null} with leaderId eec99a0c-e1b1-4518-bc49-9d1a8c8e04d5
2019-10-16 22:12:05,981 [EventQueue-PipelineReportForPipelineReportHandler] INFO  pipeline.PipelineStateManager (PipelineStateManager.java:openPipeline(136)) - Pipeline Pipeline[ Id: 83290bc9-2984-4bd0-a43c-3dae219b8a20, Nodes: 3989452c-7599-4156-9543-3fe544ced0f3{ip: 192.168.157.254, host: pr-hdds-1868-qdb9g-714931517, networkLocation: /default-rack, certSerialId: null}eec99a0c-e1b1-4518-bc49-9d1a8c8e04d5{ip: 192.168.157.254, host: pr-hdds-1868-qdb9g-714931517, networkLocation: /default-rack, certSerialId: null}d9e6ea44-93db-446f-8020-a94232284285{ip: 192.168.157.254, host: pr-hdds-1868-qdb9g-714931517, networkLocation: /default-rack, certSerialId: null}, Type:RATIS, Factor:THREE, State:OPEN] moved to OPEN state
2019-10-16 22:12:05,982 [grpc-default-executor-5] INFO  impl.RaftServerImpl (ServerState.java:setRaftConf(357)) - 3989452c-7599-4156-9543-3fe544ced0f3@group-3DAE219B8A20: set configuration 0: [3989452c-7599-4156-9543-3fe544ced0f3:192.168.157.254:36320, eec99a0c-e1b1-4518-bc49-9d1a8c8e04d5:192.168.157.254:45598, d9e6ea44-93db-446f-8020-a94232284285:192.168.157.254:41671], old=null at 0
2019-10-16 22:12:05,983 [grpc-default-executor-5] INFO  segmented.SegmentedRaftLogWorker (SegmentedRaftLogWorker.java:startLogSegment(385)) - 3989452c-7599-4156-9543-3fe544ced0f3@group-3DAE219B8A20-SegmentedRaftLogWorker: Starting segment from index:0
2019-10-16 22:12:05,983 [grpc-default-executor-15] INFO  impl.RaftServerImpl (ServerState.java:setRaftConf(357)) - d9e6ea44-93db-446f-8020-a94232284285@group-3DAE219B8A20: set configuration 0: [3989452c-7599-4156-9543-3fe544ced0f3:192.168.157.254:36320, eec99a0c-e1b1-4518-bc49-9d1a8c8e04d5:192.168.157.254:45598, d9e6ea44-93db-446f-8020-a94232284285:192.168.157.254:41671], old=null at 0
2019-10-16 22:12:05,984 [grpc-default-executor-15] INFO  segmented.SegmentedRaftLogWorker (SegmentedRaftLogWorker.java:startLogSegment(385)) - d9e6ea44-93db-446f-8020-a94232284285@group-3DAE219B8A20-SegmentedRaftLogWorker: Starting segment from index:0
2019-10-16 22:12:06,034 [3989452c-7599-4156-9543-3fe544ced0f3@group-3DAE219B8A20-SegmentedRaftLogWorker] INFO  segmented.SegmentedRaftLogWorker (SegmentedRaftLogWorker.java:execute(576)) - 3989452c-7599-4156-9543-3fe544ced0f3@group-3DAE219B8A20-SegmentedRaftLogWorker: created new log segment /workdir/hadoop-ozone/tools/target/test-dir/MiniOzoneClusterImpl-402ec78b-26f6-4355-8079-1cdd4cc53632/datanode-3/data/ratis/83290bc9-2984-4bd0-a43c-3dae219b8a20/current/log_inprogress_0
2019-10-16 22:12:06,037 [d9e6ea44-93db-446f-8020-a94232284285@group-3DAE219B8A20-SegmentedRaftLogWorker] INFO  segmented.SegmentedRaftLogWorker (SegmentedRaftLogWorker.java:execute(576)) - d9e6ea44-93db-446f-8020-a94232284285@group-3DAE219B8A20-SegmentedRaftLogWorker: created new log segment /workdir/hadoop-ozone/tools/target/test-dir/MiniOzoneClusterImpl-402ec78b-26f6-4355-8079-1cdd4cc53632/datanode-2/data/ratis/83290bc9-2984-4bd0-a43c-3dae219b8a20/current/log_inprogress_0
2019-10-16 22:12:06,641 [pool-73-thread-3] WARN  io.KeyOutputStream (KeyOutputStream.java:handleException(274)) - Encountered exception java.io.IOException: Unexpected Storage Container Exception: java.util.concurrent.CompletionException: java.util.concurrent.CompletionException: org.apache.ratis.protocol.GroupMismatchException: 3989452c-7599-4156-9543-3fe544ced0f3: group-89BB998769DA not found. on the pipeline Pipeline[ Id: c2e3239d-423e-43b9-9f79-89bb998769da, Nodes: 3989452c-7599-4156-9543-3fe544ced0f3{ip: 192.168.157.254, host: pr-hdds-1868-qdb9g-714931517, networkLocation: /default-rack, certSerialId: null}eec99a0c-e1b1-4518-bc49-9d1a8c8e04d5{ip: 192.168.157.254, host: pr-hdds-1868-qdb9g-714931517, networkLocation: /default-rack, certSerialId: null}d9e6ea44-93db-446f-8020-a94232284285{ip: 192.168.157.254, host: pr-hdds-1868-qdb9g-714931517, networkLocation: /default-rack, certSerialId: null}, Type:RATIS, Factor:THREE, State:OPEN]. The last committed block length is 0, uncommitted data length is 2097152 retry count 2
2019-10-16 22:12:06,812 [pool-26-thread-8] ERROR impl.ChunkManagerImpl (ChunkManagerDummyImpl.java:writeChunk(86)) - data array does not match the length specified. DataLen: 1048576 Byte Array: 1048745
2019-10-16 22:12:06,814 [pool-26-thread-8] ERROR impl.ChunkManagerDummyImpl (ChunkManagerDummyImpl.java:writeChunk(105)) - write data failed. error: {}
org.apache.hadoop.hdds.scm.container.common.helpers.StorageContainerException: data array does not match the length specified. DataLen: 1048576 Byte Array: 1048745
	at org.apache.hadoop.ozone.container.keyvalue.impl.ChunkManagerDummyImpl.writeChunk(ChunkManagerDummyImpl.java:87)
	at org.apache.hadoop.ozone.container.keyvalue.KeyValueHandler.handleWriteChunk(KeyValueHandler.java:696)
	at org.apache.hadoop.ozone.container.keyvalue.KeyValueHandler.handle(KeyValueHandler.java:176)
	at org.apache.hadoop.ozone.container.common.impl.HddsDispatcher.dispatchRequest(HddsDispatcher.java:277)
	at org.apache.hadoop.ozone.container.common.impl.HddsDispatcher.dispatch(HddsDispatcher.java:150)
	at org.apache.hadoop.ozone.container.common.transport.server.ratis.ContainerStateMachine.dispatchCommand(ContainerStateMachine.java:415)
	at org.apache.hadoop.ozone.container.common.transport.server.ratis.ContainerStateMachine.runCommand(ContainerStateMachine.java:425)
	at org.apache.hadoop.ozone.container.common.transport.server.ratis.ContainerStateMachine.lambda$handleWriteChunk$1(ContainerStateMachine.java:460)
	at java.util.concurrent.CompletableFuture$AsyncSupply.run(CompletableFuture.java:1590)
	at java.util.concurrent.ThreadPoolExecutor.runWorker(ThreadPoolExecutor.java:1149)
	at java.util.concurrent.ThreadPoolExecutor$Worker.run(ThreadPoolExecutor.java:624)
	at java.lang.Thread.run(Thread.java:748)
2019-10-16 22:12:06,815 [pool-26-thread-8] INFO  keyvalue.KeyValueHandler (ContainerUtils.java:logAndReturnError(146)) - Operation: WriteChunk : Trace ID: f8c5fafcb221b68a:8766ee08c867d7f9:bb7d3ec7caad6159:0 : Message: Internal error:  : Result: CONTAINER_INTERNAL_ERROR
2019-10-16 22:12:06,835 [EventQueue-IncrementalContainerReportForIncrementalContainerReportHandler] WARN  container.IncrementalContainerReportHandler (AbstractContainerReportHandler.java:updateContainerState(145)) - Container #6 is in OPEN state, but the datanode eec99a0c-e1b1-4518-bc49-9d1a8c8e04d5{ip: 192.168.157.254, host: pr-hdds-1868-qdb9g-714931517, networkLocation: /default-rack, certSerialId: null} reports an UNHEALTHY replica.
2019-10-16 22:12:06,836 [EventQueue-CloseContainerForCloseContainerEventHandler] INFO  container.CloseContainerEventHandler (CloseContainerEventHandler.java:onMessage(61)) - Close container Event triggered for container : #6
22:12:06.834 [pool-26-thread-8] ERROR DNAudit - user=null | ip=null | op=WRITE_CHUNK {blockData=conID: 6 locID: 102974352697327624 bcsId: 0} | ret=FAILURE
java.lang.Exception: Internal error: 
	at org.apache.hadoop.ozone.container.common.impl.HddsDispatcher.dispatchRequest(HddsDispatcher.java:332) ~[hadoop-hdds-container-service-0.5.0-SNAPSHOT.jar:?]
	at org.apache.hadoop.ozone.container.common.impl.HddsDispatcher.dispatch(HddsDispatcher.java:150) ~[hadoop-hdds-container-service-0.5.0-SNAPSHOT.jar:?]
	at org.apache.hadoop.ozone.container.common.transport.server.ratis.ContainerStateMachine.dispatchCommand(ContainerStateMachine.java:415) ~[hadoop-hdds-container-service-0.5.0-SNAPSHOT.jar:?]
	at org.apache.hadoop.ozone.container.common.transport.server.ratis.ContainerStateMachine.runCommand(ContainerStateMachine.java:425) ~[hadoop-hdds-container-service-0.5.0-SNAPSHOT.jar:?]
	at org.apache.hadoop.ozone.container.common.transport.server.ratis.ContainerStateMachine.lambda$handleWriteChunk$1(ContainerStateMachine.java:460) ~[hadoop-hdds-container-service-0.5.0-SNAPSHOT.jar:?]
	at java.util.concurrent.CompletableFuture$AsyncSupply.run(CompletableFuture.java:1590) [?:1.8.0_222]
	at java.util.concurrent.ThreadPoolExecutor.runWorker(ThreadPoolExecutor.java:1149) [?:1.8.0_222]
	at java.util.concurrent.ThreadPoolExecutor$Worker.run(ThreadPoolExecutor.java:624) [?:1.8.0_222]
	at java.lang.Thread.run(Thread.java:748) [?:1.8.0_222]
2019-10-16 22:12:06,837 [pool-26-thread-8] ERROR ratis.ContainerStateMachine (ContainerStateMachine.java:lambda$handleWriteChunk$2(482)) - group-3DAE219B8A20: writeChunk writeStateMachineData failed: blockIdcontainerID: 6
localID: 102974352697327624
blockCommitSequenceId: 0
 logIndex 1 chunkName 102974352697327624_chunk_1 Error message: Internal error:  Container Result: CONTAINER_INTERNAL_ERROR
2019-10-16 22:12:06,838 [eec99a0c-e1b1-4518-bc49-9d1a8c8e04d5@group-3DAE219B8A20-SegmentedRaftLogWorker] ERROR ratis.XceiverServerRatis (XceiverServerRatis.java:triggerPipelineClose(589)) - pipeline Action CLOSE  on pipeline PipelineID=83290bc9-2984-4bd0-a43c-3dae219b8a20.Reason : Internal error: 
2019-10-16 22:12:06,838 [eec99a0c-e1b1-4518-bc49-9d1a8c8e04d5@group-3DAE219B8A20-SegmentedRaftLogWorker] ERROR ratis.XceiverServerRatis (XceiverServerRatis.java:triggerPipelineClose(589)) - pipeline Action CLOSE  on pipeline PipelineID=83290bc9-2984-4bd0-a43c-3dae219b8a20.Reason : Log already failed at index 1 for task WriteLog:1: (t:1, i:1), STATEMACHINELOGENTRY, client-CB1085E162FC, cid=44
2019-10-16 22:12:06,838 [EventQueue-PipelineActionsForPipelineActionHandler] ERROR pipeline.PipelineActionHandler (PipelineActionHandler.java:onMessage(60)) - Received pipeline action CLOSE for Pipeline[ Id: 83290bc9-2984-4bd0-a43c-3dae219b8a20, Nodes: 3989452c-7599-4156-9543-3fe544ced0f3{ip: 192.168.157.254, host: pr-hdds-1868-qdb9g-714931517, networkLocation: /default-rack, certSerialId: null}eec99a0c-e1b1-4518-bc49-9d1a8c8e04d5{ip: 192.168.157.254, host: pr-hdds-1868-qdb9g-714931517, networkLocation: /default-rack, certSerialId: null}d9e6ea44-93db-446f-8020-a94232284285{ip: 192.168.157.254, host: pr-hdds-1868-qdb9g-714931517, networkLocation: /default-rack, certSerialId: null}, Type:RATIS, Factor:THREE, State:OPEN] from datanode eec99a0c-e1b1-4518-bc49-9d1a8c8e04d5{ip: 192.168.157.254, host: pr-hdds-1868-qdb9g-714931517, networkLocation: /default-rack, certSerialId: null}. Reason : Internal error: 
2019-10-16 22:12:06,839 [EventQueue-PipelineActionsForPipelineActionHandler] INFO  pipeline.SCMPipelineManager (SCMPipelineManager.java:finalizeAndDestroyPipeline(315)) - destroying pipeline:Pipeline[ Id: 83290bc9-2984-4bd0-a43c-3dae219b8a20, Nodes: 3989452c-7599-4156-9543-3fe544ced0f3{ip: 192.168.157.254, host: pr-hdds-1868-qdb9g-714931517, networkLocation: /default-rack, certSerialId: null}eec99a0c-e1b1-4518-bc49-9d1a8c8e04d5{ip: 192.168.157.254, host: pr-hdds-1868-qdb9g-714931517, networkLocation: /default-rack, certSerialId: null}d9e6ea44-93db-446f-8020-a94232284285{ip: 192.168.157.254, host: pr-hdds-1868-qdb9g-714931517, networkLocation: /default-rack, certSerialId: null}, Type:RATIS, Factor:THREE, State:OPEN]
2019-10-16 22:12:06,839 [EventQueue-PipelineActionsForPipelineActionHandler] INFO  pipeline.PipelineStateManager (PipelineStateManager.java:finalizePipeline(123)) - Pipeline Pipeline[ Id: 83290bc9-2984-4bd0-a43c-3dae219b8a20, Nodes: 3989452c-7599-4156-9543-3fe544ced0f3{ip: 192.168.157.254, host: pr-hdds-1868-qdb9g-714931517, networkLocation: /default-rack, certSerialId: null}eec99a0c-e1b1-4518-bc49-9d1a8c8e04d5{ip: 192.168.157.254, host: pr-hdds-1868-qdb9g-714931517, networkLocation: /default-rack, certSerialId: null}d9e6ea44-93db-446f-8020-a94232284285{ip: 192.168.157.254, host: pr-hdds-1868-qdb9g-714931517, networkLocation: /default-rack, certSerialId: null}, Type:RATIS, Factor:THREE, State:CLOSED] moved to CLOSED state
2019-10-16 22:12:06,840 [EventQueue-PipelineActionsForPipelineActionHandler] ERROR pipeline.PipelineActionHandler (PipelineActionHandler.java:onMessage(60)) - Received pipeline action CLOSE for Pipeline[ Id: 83290bc9-2984-4bd0-a43c-3dae219b8a20, Nodes: 3989452c-7599-4156-9543-3fe544ced0f3{ip: 192.168.157.254, host: pr-hdds-1868-qdb9g-714931517, networkLocation: /default-rack, certSerialId: null}eec99a0c-e1b1-4518-bc49-9d1a8c8e04d5{ip: 192.168.157.254, host: pr-hdds-1868-qdb9g-714931517, networkLocation: /default-rack, certSerialId: null}d9e6ea44-93db-446f-8020-a94232284285{ip: 192.168.157.254, host: pr-hdds-1868-qdb9g-714931517, networkLocation: /default-rack, certSerialId: null}, Type:RATIS, Factor:THREE, State:CLOSED] from datanode eec99a0c-e1b1-4518-bc49-9d1a8c8e04d5{ip: 192.168.157.254, host: pr-hdds-1868-qdb9g-714931517, networkLocation: /default-rack, certSerialId: null}. Reason : Log already failed at index 1 for task WriteLog:1: (t:1, i:1), STATEMACHINELOGENTRY, client-CB1085E162FC, cid=44
2019-10-16 22:12:06,840 [EventQueue-PipelineActionsForPipelineActionHandler] INFO  pipeline.SCMPipelineManager (SCMPipelineManager.java:finalizeAndDestroyPipeline(315)) - destroying pipeline:Pipeline[ Id: 83290bc9-2984-4bd0-a43c-3dae219b8a20, Nodes: 3989452c-7599-4156-9543-3fe544ced0f3{ip: 192.168.157.254, host: pr-hdds-1868-qdb9g-714931517, networkLocation: /default-rack, certSerialId: null}eec99a0c-e1b1-4518-bc49-9d1a8c8e04d5{ip: 192.168.157.254, host: pr-hdds-1868-qdb9g-714931517, networkLocation: /default-rack, certSerialId: null}d9e6ea44-93db-446f-8020-a94232284285{ip: 192.168.157.254, host: pr-hdds-1868-qdb9g-714931517, networkLocation: /default-rack, certSerialId: null}, Type:RATIS, Factor:THREE, State:CLOSED]
 0.00% |?                                                                                                    |  0/1 Time: 0:03:23 0.00% |?                                                                                                    |  0/1 Time: 0:03:24 0.00% |?                                                                                                    |  0/1 Time: 0:03:25 0.00% |?                                                                                                    |  0/1 Time: 0:03:26 0.00% |?                                                                                                    |  0/1 Time: 0:03:27 0.00% |?                                                                                                    |  0/1 Time: 0:03:28 0.00% |?                                                                                                    |  0/1 Time: 0:03:29 0.00% |?                                                                                                    |  0/1 Time: 0:03:30 0.00% |?                                                                                                    |  0/1 Time: 0:03:31 0.00% |?                                                                                                    |  0/1 Time: 0:03:32 0.00% |?                                                                                                    |  0/1 Time: 0:03:33 0.00% |?                                                                                                    |  0/1 Time: 0:03:34 0.00% |?                                                                                                    |  0/1 Time: 0:03:35 0.00% |?                                                                                                    |  0/1 Time: 0:03:36 0.00% |?                                                                                                    |  0/1 Time: 0:03:37 0.00% |?                                                                                                    |  0/1 Time: 0:03:38 0.00% |?                                                                                                    |  0/1 Time: 0:03:39 0.00% |?                                                                                                    |  0/1 Time: 0:03:40 0.00% |?                                                                                                    |  0/1 Time: 0:03:41 0.00% |?                                                                                                    |  0/1 Time: 0:03:42 0.00% |?                                                                                                    |  0/1 Time: 0:03:43 0.00% |?                                                                                                    |  0/1 Time: 0:03:44 0.00% |?                                                                                                    |  0/1 Time: 0:03:45 0.00% |?                                                                                                    |  0/1 Time: 0:03:46 0.00% |?                                                                                                    |  0/1 Time: 0:03:47 0.00% |?                                                                                                    |  0/1 Time: 0:03:48 0.00% |?                                                                                                    |  0/1 Time: 0:03:49 0.00% |?                                                                                                    |  0/1 Time: 0:03:50 0.00% |?                                                                                                    |  0/1 Time: 0:03:51 0.00% |?                                                                                                    |  0/1 Time: 0:03:52 0.00% |?                                                                                                    |  0/1 Time: 0:03:53 0.00% |?                                                                                                    |  0/1 Time: 0:03:54 0.00% |?                                                                                                    |  0/1 Time: 0:03:55 0.00% |?                                                                                                    |  0/1 Time: 0:03:56 0.00% |?                                                                                                    |  0/1 Time: 0:03:57 0.00% |?                                                                                                    |  0/1 Time: 0:03:582019-10-16 22:12:42,414 [grpc-default-executor-12] INFO  impl.RaftServerProxy (RaftServerProxy.java:addNew(89)) - d9e6ea44-93db-446f-8020-a94232284285: addNew group-0A2957FA1D3D:[3989452c-7599-4156-9543-3fe544ced0f3:192.168.157.254:36320, eec99a0c-e1b1-4518-bc49-9d1a8c8e04d5:192.168.157.254:45598, d9e6ea44-93db-446f-8020-a94232284285:192.168.157.254:41671] returns group-0A2957FA1D3D:java.util.concurrent.CompletableFuture@16059a33[Not completed]
2019-10-16 22:12:42,414 [grpc-default-executor-14] INFO  impl.RaftServerProxy (RaftServerProxy.java:addNew(89)) - 3989452c-7599-4156-9543-3fe544ced0f3: addNew group-0A2957FA1D3D:[3989452c-7599-4156-9543-3fe544ced0f3:192.168.157.254:36320, eec99a0c-e1b1-4518-bc49-9d1a8c8e04d5:192.168.157.254:45598, d9e6ea44-93db-446f-8020-a94232284285:192.168.157.254:41671] returns group-0A2957FA1D3D:java.util.concurrent.CompletableFuture@6a045af8[Not completed]
2019-10-16 22:12:42,414 [grpc-default-executor-15] INFO  impl.RaftServerProxy (RaftServerProxy.java:addNew(89)) - eec99a0c-e1b1-4518-bc49-9d1a8c8e04d5: addNew group-0A2957FA1D3D:[3989452c-7599-4156-9543-3fe544ced0f3:192.168.157.254:36320, eec99a0c-e1b1-4518-bc49-9d1a8c8e04d5:192.168.157.254:45598, d9e6ea44-93db-446f-8020-a94232284285:192.168.157.254:41671] returns group-0A2957FA1D3D:java.util.concurrent.CompletableFuture@2218542f[Not completed]
2019-10-16 22:12:42,419 [pool-47-thread-1] INFO  impl.RaftServerImpl (RaftServerImpl.java:<init>(104)) - d9e6ea44-93db-446f-8020-a94232284285: new RaftServerImpl for group-0A2957FA1D3D:[3989452c-7599-4156-9543-3fe544ced0f3:192.168.157.254:36320, eec99a0c-e1b1-4518-bc49-9d1a8c8e04d5:192.168.157.254:45598, d9e6ea44-93db-446f-8020-a94232284285:192.168.157.254:41671] with ContainerStateMachine:uninitialized
2019-10-16 22:12:42,419 [pool-47-thread-1] INFO  server.RaftServerConfigKeys (ConfUtils.java:logGet(43)) - raft.server.rpc.timeout.min = 5s (custom)
2019-10-16 22:12:42,419 [pool-47-thread-1] INFO  server.RaftServerConfigKeys (ConfUtils.java:logGet(43)) - raft.server.rpc.timeout.max = 5200ms (custom)
2019-10-16 22:12:42,419 [pool-47-thread-1] INFO  server.RaftServerConfigKeys (ConfUtils.java:logGet(43)) - raft.server.rpcslowness.timeout = 120s (custom)
2019-10-16 22:12:42,420 [pool-47-thread-1] INFO  server.RaftServerConfigKeys (ConfUtils.java:logGet(43)) - raft.server.sleep.deviation.threshold = 300 (default)
2019-10-16 22:12:42,420 [pool-47-thread-1] INFO  server.RaftServerConfigKeys (ConfUtils.java:logGet(43)) - raft.server.log.appender.install.snapshot.enabled = false (custom)
2019-10-16 22:12:42,420 [pool-47-thread-1] INFO  impl.RaftServerImpl (ServerState.java:<init>(103)) - d9e6ea44-93db-446f-8020-a94232284285@group-0A2957FA1D3D: ConfigurationManager, init=-1: [3989452c-7599-4156-9543-3fe544ced0f3:192.168.157.254:36320, eec99a0c-e1b1-4518-bc49-9d1a8c8e04d5:192.168.157.254:45598, d9e6ea44-93db-446f-8020-a94232284285:192.168.157.254:41671], old=null, confs=<EMPTY_MAP>
2019-10-16 22:12:42,420 [pool-47-thread-1] INFO  server.RaftServerConfigKeys (ConfUtils.java:logGet(43)) - raft.server.storage.dir = [/workdir/hadoop-ozone/tools/target/test-dir/MiniOzoneClusterImpl-402ec78b-26f6-4355-8079-1cdd4cc53632/datanode-2/data/ratis] (custom)
2019-10-16 22:12:42,420 [pool-47-thread-1] INFO  server.RaftServerConfigKeys (ConfUtils.java:logGet(43)) - raft.server.log.corruption.policy = EXCEPTION (default)
2019-10-16 22:12:42,420 [pool-27-thread-1] INFO  impl.RaftServerImpl (RaftServerImpl.java:<init>(104)) - eec99a0c-e1b1-4518-bc49-9d1a8c8e04d5: new RaftServerImpl for group-0A2957FA1D3D:[3989452c-7599-4156-9543-3fe544ced0f3:192.168.157.254:36320, eec99a0c-e1b1-4518-bc49-9d1a8c8e04d5:192.168.157.254:45598, d9e6ea44-93db-446f-8020-a94232284285:192.168.157.254:41671] with ContainerStateMachine:uninitialized
2019-10-16 22:12:42,420 [pool-47-thread-1] INFO  storage.RaftStorageDirectory (RaftStorageDirectory.java:analyzeStorage(246)) - The storage directory /workdir/hadoop-ozone/tools/target/test-dir/MiniOzoneClusterImpl-402ec78b-26f6-4355-8079-1cdd4cc53632/datanode-2/data/ratis/f12b8f10-eb28-4cc3-84b3-0a2957fa1d3d does not exist. Creating ...
2019-10-16 22:12:42,420 [pool-27-thread-1] INFO  server.RaftServerConfigKeys (ConfUtils.java:logGet(43)) - raft.server.rpc.timeout.min = 5s (custom)
2019-10-16 22:12:42,421 [pool-27-thread-1] INFO  server.RaftServerConfigKeys (ConfUtils.java:logGet(43)) - raft.server.rpc.timeout.max = 5200ms (custom)
2019-10-16 22:12:42,421 [pool-27-thread-1] INFO  server.RaftServerConfigKeys (ConfUtils.java:logGet(43)) - raft.server.rpcslowness.timeout = 120s (custom)
2019-10-16 22:12:42,421 [pool-27-thread-1] INFO  server.RaftServerConfigKeys (ConfUtils.java:logGet(43)) - raft.server.sleep.deviation.threshold = 300 (default)
2019-10-16 22:12:42,421 [pool-57-thread-1] INFO  impl.RaftServerImpl (RaftServerImpl.java:<init>(104)) - 3989452c-7599-4156-9543-3fe544ced0f3: new RaftServerImpl for group-0A2957FA1D3D:[3989452c-7599-4156-9543-3fe544ced0f3:192.168.157.254:36320, eec99a0c-e1b1-4518-bc49-9d1a8c8e04d5:192.168.157.254:45598, d9e6ea44-93db-446f-8020-a94232284285:192.168.157.254:41671] with ContainerStateMachine:uninitialized
2019-10-16 22:12:42,421 [pool-27-thread-1] INFO  server.RaftServerConfigKeys (ConfUtils.java:logGet(43)) - raft.server.log.appender.install.snapshot.enabled = false (custom)
2019-10-16 22:12:42,421 [pool-57-thread-1] INFO  server.RaftServerConfigKeys (ConfUtils.java:logGet(43)) - raft.server.rpc.timeout.min = 5s (custom)
2019-10-16 22:12:42,421 [pool-27-thread-1] INFO  impl.RaftServerImpl (ServerState.java:<init>(103)) - eec99a0c-e1b1-4518-bc49-9d1a8c8e04d5@group-0A2957FA1D3D: ConfigurationManager, init=-1: [3989452c-7599-4156-9543-3fe544ced0f3:192.168.157.254:36320, eec99a0c-e1b1-4518-bc49-9d1a8c8e04d5:192.168.157.254:45598, d9e6ea44-93db-446f-8020-a94232284285:192.168.157.254:41671], old=null, confs=<EMPTY_MAP>
2019-10-16 22:12:42,421 [pool-57-thread-1] INFO  server.RaftServerConfigKeys (ConfUtils.java:logGet(43)) - raft.server.rpc.timeout.max = 5200ms (custom)
2019-10-16 22:12:42,422 [pool-27-thread-1] INFO  server.RaftServerConfigKeys (ConfUtils.java:logGet(43)) - raft.server.storage.dir = [/workdir/hadoop-ozone/tools/target/test-dir/MiniOzoneClusterImpl-402ec78b-26f6-4355-8079-1cdd4cc53632/datanode-0/data/ratis] (custom)
2019-10-16 22:12:42,422 [pool-57-thread-1] INFO  server.RaftServerConfigKeys (ConfUtils.java:logGet(43)) - raft.server.rpcslowness.timeout = 120s (custom)
2019-10-16 22:12:42,422 [pool-57-thread-1] INFO  server.RaftServerConfigKeys (ConfUtils.java:logGet(43)) - raft.server.sleep.deviation.threshold = 300 (default)
2019-10-16 22:12:42,422 [pool-27-thread-1] INFO  server.RaftServerConfigKeys (ConfUtils.java:logGet(43)) - raft.server.log.corruption.policy = EXCEPTION (default)
2019-10-16 22:12:42,422 [pool-57-thread-1] INFO  server.RaftServerConfigKeys (ConfUtils.java:logGet(43)) - raft.server.log.appender.install.snapshot.enabled = false (custom)
2019-10-16 22:12:42,422 [pool-57-thread-1] INFO  impl.RaftServerImpl (ServerState.java:<init>(103)) - 3989452c-7599-4156-9543-3fe544ced0f3@group-0A2957FA1D3D: ConfigurationManager, init=-1: [3989452c-7599-4156-9543-3fe544ced0f3:192.168.157.254:36320, eec99a0c-e1b1-4518-bc49-9d1a8c8e04d5:192.168.157.254:45598, d9e6ea44-93db-446f-8020-a94232284285:192.168.157.254:41671], old=null, confs=<EMPTY_MAP>
2019-10-16 22:12:42,422 [pool-27-thread-1] INFO  storage.RaftStorageDirectory (RaftStorageDirectory.java:analyzeStorage(246)) - The storage directory /workdir/hadoop-ozone/tools/target/test-dir/MiniOzoneClusterImpl-402ec78b-26f6-4355-8079-1cdd4cc53632/datanode-0/data/ratis/f12b8f10-eb28-4cc3-84b3-0a2957fa1d3d does not exist. Creating ...
2019-10-16 22:12:42,422 [pool-57-thread-1] INFO  server.RaftServerConfigKeys (ConfUtils.java:logGet(43)) - raft.server.storage.dir = [/workdir/hadoop-ozone/tools/target/test-dir/MiniOzoneClusterImpl-402ec78b-26f6-4355-8079-1cdd4cc53632/datanode-3/data/ratis] (custom)
2019-10-16 22:12:42,423 [pool-57-thread-1] INFO  server.RaftServerConfigKeys (ConfUtils.java:logGet(43)) - raft.server.log.corruption.policy = EXCEPTION (default)
2019-10-16 22:12:42,423 [pool-57-thread-1] INFO  storage.RaftStorageDirectory (RaftStorageDirectory.java:analyzeStorage(246)) - The storage directory /workdir/hadoop-ozone/tools/target/test-dir/MiniOzoneClusterImpl-402ec78b-26f6-4355-8079-1cdd4cc53632/datanode-3/data/ratis/f12b8f10-eb28-4cc3-84b3-0a2957fa1d3d does not exist. Creating ...
2019-10-16 22:12:42,445 [pool-47-thread-1] INFO  storage.RaftStorageDirectory (RaftStorageDirectory.java:tryLock(328)) - Lock on /workdir/hadoop-ozone/tools/target/test-dir/MiniOzoneClusterImpl-402ec78b-26f6-4355-8079-1cdd4cc53632/datanode-2/data/ratis/f12b8f10-eb28-4cc3-84b3-0a2957fa1d3d/in_use.lock acquired by nodename 12003@pr-hdds-1868-qdb9g-714931517
2019-10-16 22:12:42,445 [pool-27-thread-1] INFO  storage.RaftStorageDirectory (RaftStorageDirectory.java:tryLock(328)) - Lock on /workdir/hadoop-ozone/tools/target/test-dir/MiniOzoneClusterImpl-402ec78b-26f6-4355-8079-1cdd4cc53632/datanode-0/data/ratis/f12b8f10-eb28-4cc3-84b3-0a2957fa1d3d/in_use.lock acquired by nodename 12003@pr-hdds-1868-qdb9g-714931517
2019-10-16 22:12:42,445 [pool-57-thread-1] INFO  storage.RaftStorageDirectory (RaftStorageDirectory.java:tryLock(328)) - Lock on /workdir/hadoop-ozone/tools/target/test-dir/MiniOzoneClusterImpl-402ec78b-26f6-4355-8079-1cdd4cc53632/datanode-3/data/ratis/f12b8f10-eb28-4cc3-84b3-0a2957fa1d3d/in_use.lock acquired by nodename 12003@pr-hdds-1868-qdb9g-714931517
2019-10-16 22:12:42,471 [pool-57-thread-1] INFO  storage.RaftStorage (RaftStorage.java:format(84)) - Storage directory /workdir/hadoop-ozone/tools/target/test-dir/MiniOzoneClusterImpl-402ec78b-26f6-4355-8079-1cdd4cc53632/datanode-3/data/ratis/f12b8f10-eb28-4cc3-84b3-0a2957fa1d3d has been successfully formatted.
2019-10-16 22:12:42,471 [pool-27-thread-1] INFO  storage.RaftStorage (RaftStorage.java:format(84)) - Storage directory /workdir/hadoop-ozone/tools/target/test-dir/MiniOzoneClusterImpl-402ec78b-26f6-4355-8079-1cdd4cc53632/datanode-0/data/ratis/f12b8f10-eb28-4cc3-84b3-0a2957fa1d3d has been successfully formatted.
2019-10-16 22:12:42,471 [pool-47-thread-1] INFO  storage.RaftStorage (RaftStorage.java:format(84)) - Storage directory /workdir/hadoop-ozone/tools/target/test-dir/MiniOzoneClusterImpl-402ec78b-26f6-4355-8079-1cdd4cc53632/datanode-2/data/ratis/f12b8f10-eb28-4cc3-84b3-0a2957fa1d3d has been successfully formatted.
2019-10-16 22:12:42,471 [pool-57-thread-1] INFO  ratis.ContainerStateMachine (ContainerStateMachine.java:loadSnapshot(233)) - group-0A2957FA1D3D: The snapshot info is null. Setting the last applied indexto:(t:0, i:~)
2019-10-16 22:12:42,472 [pool-47-thread-1] INFO  ratis.ContainerStateMachine (ContainerStateMachine.java:loadSnapshot(233)) - group-0A2957FA1D3D: The snapshot info is null. Setting the last applied indexto:(t:0, i:~)
2019-10-16 22:12:42,472 [pool-27-thread-1] INFO  ratis.ContainerStateMachine (ContainerStateMachine.java:loadSnapshot(233)) - group-0A2957FA1D3D: The snapshot info is null. Setting the last applied indexto:(t:0, i:~)
2019-10-16 22:12:42,472 [pool-47-thread-1] INFO  server.RaftServerConfigKeys (ConfUtils.java:logGet(43)) - raft.server.notification.no-leader.timeout = 120s (custom)
2019-10-16 22:12:42,472 [pool-57-thread-1] INFO  server.RaftServerConfigKeys (ConfUtils.java:logGet(43)) - raft.server.notification.no-leader.timeout = 120s (custom)
2019-10-16 22:12:42,472 [pool-47-thread-1] INFO  server.RaftServerConfigKeys (ConfUtils.java:logGet(43)) - raft.server.log.use.memory = false (default)
2019-10-16 22:12:42,472 [pool-27-thread-1] INFO  server.RaftServerConfigKeys (ConfUtils.java:logGet(43)) - raft.server.notification.no-leader.timeout = 120s (custom)
2019-10-16 22:12:42,472 [pool-47-thread-1] INFO  server.RaftServerConfigKeys (ConfUtils.java:logGet(43)) - raft.server.log.purge.gap = 1000000 (custom)
2019-10-16 22:12:42,472 [pool-57-thread-1] INFO  server.RaftServerConfigKeys (ConfUtils.java:logGet(43)) - raft.server.log.use.memory = false (default)
2019-10-16 22:12:42,473 [pool-47-thread-1] INFO  server.RaftServerConfigKeys (ConfUtils.java:logGet(43)) - raft.server.log.appender.buffer.byte-limit = 33554432 (custom)
2019-10-16 22:12:42,473 [pool-27-thread-1] INFO  server.RaftServerConfigKeys (ConfUtils.java:logGet(43)) - raft.server.log.use.memory = false (default)
2019-10-16 22:12:42,473 [pool-47-thread-1] INFO  server.RaftServerConfigKeys (ConfUtils.java:logGet(43)) - raft.server.log.segment.size.max = 1048576 (custom)
2019-10-16 22:12:42,473 [pool-57-thread-1] INFO  server.RaftServerConfigKeys (ConfUtils.java:logGet(43)) - raft.server.log.purge.gap = 1000000 (custom)
2019-10-16 22:12:42,473 [pool-47-thread-1] INFO  server.RaftServerConfigKeys (ConfUtils.java:logGet(43)) - raft.server.log.segment.cache.num.max = 2 (custom)
2019-10-16 22:12:42,473 [pool-27-thread-1] INFO  server.RaftServerConfigKeys (ConfUtils.java:logGet(43)) - raft.server.log.purge.gap = 1000000 (custom)
2019-10-16 22:12:42,474 [pool-47-thread-1] INFO  segmented.SegmentedRaftLogWorker (SegmentedRaftLogWorker.java:<init>(173)) - new d9e6ea44-93db-446f-8020-a94232284285@group-0A2957FA1D3D-SegmentedRaftLogWorker for RaftStorage:Storage Directory /workdir/hadoop-ozone/tools/target/test-dir/MiniOzoneClusterImpl-402ec78b-26f6-4355-8079-1cdd4cc53632/datanode-2/data/ratis/f12b8f10-eb28-4cc3-84b3-0a2957fa1d3d
2019-10-16 22:12:42,474 [pool-47-thread-1] INFO  server.RaftServerConfigKeys (ConfUtils.java:logGet(43)) - raft.server.log.queue.byte-limit = 2147483647 (custom)
2019-10-16 22:12:42,473 [pool-57-thread-1] INFO  server.RaftServerConfigKeys (ConfUtils.java:logGet(43)) - raft.server.log.appender.buffer.byte-limit = 33554432 (custom)
2019-10-16 22:12:42,474 [pool-47-thread-1] INFO  server.RaftServerConfigKeys (ConfUtils.java:logGet(43)) - raft.server.log.queue.element-limit = 1024 (custom)
2019-10-16 22:12:42,474 [pool-47-thread-1] INFO  server.RaftServerConfigKeys (ConfUtils.java:logGet(43)) - raft.server.log.segment.size.max = 1048576 (custom)
2019-10-16 22:12:42,474 [pool-27-thread-1] INFO  server.RaftServerConfigKeys (ConfUtils.java:logGet(43)) - raft.server.log.appender.buffer.byte-limit = 33554432 (custom)
2019-10-16 22:12:42,474 [pool-47-thread-1] INFO  server.RaftServerConfigKeys (ConfUtils.java:logGet(43)) - raft.server.log.preallocated.size = 16384 (custom)
2019-10-16 22:12:42,474 [pool-57-thread-1] INFO  server.RaftServerConfigKeys (ConfUtils.java:logGet(43)) - raft.server.log.segment.size.max = 1048576 (custom)
2019-10-16 22:12:42,475 [pool-47-thread-1] INFO  server.RaftServerConfigKeys (ConfUtils.java:logGet(43)) - raft.server.log.write.buffer.size = 33554432 (custom)
2019-10-16 22:12:42,475 [pool-27-thread-1] INFO  server.RaftServerConfigKeys (ConfUtils.java:logGet(43)) - raft.server.log.segment.size.max = 1048576 (custom)
2019-10-16 22:12:42,475 [pool-47-thread-1] INFO  server.RaftServerConfigKeys (ConfUtils.java:logGet(43)) - raft.server.log.force.sync.num = 128 (default)
2019-10-16 22:12:42,475 [pool-57-thread-1] INFO  server.RaftServerConfigKeys (ConfUtils.java:logGet(43)) - raft.server.log.segment.cache.num.max = 2 (custom)
2019-10-16 22:12:42,475 [pool-47-thread-1] INFO  server.RaftServerConfigKeys (ConfUtils.java:logGet(43)) - raft.server.log.statemachine.data.sync = true (default)
2019-10-16 22:12:42,475 [pool-27-thread-1] INFO  server.RaftServerConfigKeys (ConfUtils.java:logGet(43)) - raft.server.log.segment.cache.num.max = 2 (custom)
2019-10-16 22:12:42,475 [pool-47-thread-1] INFO  server.RaftServerConfigKeys (ConfUtils.java:logGet(43)) - raft.server.log.statemachine.data.sync.timeout = 10s (default)
2019-10-16 22:12:42,475 [pool-57-thread-1] INFO  segmented.SegmentedRaftLogWorker (SegmentedRaftLogWorker.java:<init>(173)) - new 3989452c-7599-4156-9543-3fe544ced0f3@group-0A2957FA1D3D-SegmentedRaftLogWorker for RaftStorage:Storage Directory /workdir/hadoop-ozone/tools/target/test-dir/MiniOzoneClusterImpl-402ec78b-26f6-4355-8079-1cdd4cc53632/datanode-3/data/ratis/f12b8f10-eb28-4cc3-84b3-0a2957fa1d3d
2019-10-16 22:12:42,476 [pool-47-thread-1] INFO  server.RaftServerConfigKeys (ConfUtils.java:logGet(43)) - raft.server.log.statemachine.data.sync.timeout.retry = -1 (default)
2019-10-16 22:12:42,476 [pool-27-thread-1] INFO  segmented.SegmentedRaftLogWorker (SegmentedRaftLogWorker.java:<init>(173)) - new eec99a0c-e1b1-4518-bc49-9d1a8c8e04d5@group-0A2957FA1D3D-SegmentedRaftLogWorker for RaftStorage:Storage Directory /workdir/hadoop-ozone/tools/target/test-dir/MiniOzoneClusterImpl-402ec78b-26f6-4355-8079-1cdd4cc53632/datanode-0/data/ratis/f12b8f10-eb28-4cc3-84b3-0a2957fa1d3d
2019-10-16 22:12:42,476 [pool-47-thread-1] INFO  server.RaftServerConfigKeys (ConfUtils.java:logGet(43)) - raft.server.log.statemachine.data.caching.enabled = true (custom)
2019-10-16 22:12:42,476 [pool-57-thread-1] INFO  server.RaftServerConfigKeys (ConfUtils.java:logGet(43)) - raft.server.log.queue.byte-limit = 2147483647 (custom)
2019-10-16 22:12:42,476 [pool-27-thread-1] INFO  server.RaftServerConfigKeys (ConfUtils.java:logGet(43)) - raft.server.log.queue.byte-limit = 2147483647 (custom)
2019-10-16 22:12:42,476 [pool-27-thread-1] INFO  server.RaftServerConfigKeys (ConfUtils.java:logGet(43)) - raft.server.log.queue.element-limit = 1024 (custom)
2019-10-16 22:12:42,476 [pool-47-thread-1] INFO  segmented.SegmentedRaftLogWorker (SegmentedRaftLogWorker.java:lambda$new$0(128)) - d9e6ea44-93db-446f-8020-a94232284285@group-0A2957FA1D3D-SegmentedRaftLogWorker: flushIndex: setUnconditionally 0 -> -1
2019-10-16 22:12:42,476 [pool-57-thread-1] INFO  server.RaftServerConfigKeys (ConfUtils.java:logGet(43)) - raft.server.log.queue.element-limit = 1024 (custom)
2019-10-16 22:12:42,477 [pool-27-thread-1] INFO  server.RaftServerConfigKeys (ConfUtils.java:logGet(43)) - raft.server.log.segment.size.max = 1048576 (custom)
2019-10-16 22:12:42,477 [pool-47-thread-1] INFO  server.RaftServerConfigKeys (ConfUtils.java:logGet(43)) - raft.server.snapshot.auto.trigger.enabled = true (custom)
2019-10-16 22:12:42,477 [pool-57-thread-1] INFO  server.RaftServerConfigKeys (ConfUtils.java:logGet(43)) - raft.server.log.segment.size.max = 1048576 (custom)
2019-10-16 22:12:42,477 [pool-47-thread-1] INFO  server.RaftServerConfigKeys (ConfUtils.java:logGet(43)) - raft.server.snapshot.auto.trigger.threshold = 10000 (custom)
2019-10-16 22:12:42,477 [pool-27-thread-1] INFO  server.RaftServerConfigKeys (ConfUtils.java:logGet(43)) - raft.server.log.preallocated.size = 16384 (custom)
2019-10-16 22:12:42,478 [pool-47-thread-1] INFO  server.RaftServerConfigKeys (ConfUtils.java:logGet(43)) - raft.server.snapshot.retention.file.num = 5 (custom)
2019-10-16 22:12:42,477 [pool-57-thread-1] INFO  server.RaftServerConfigKeys (ConfUtils.java:logGet(43)) - raft.server.log.preallocated.size = 16384 (custom)
2019-10-16 22:12:42,478 [pool-47-thread-1] INFO  server.RaftServerConfigKeys (ConfUtils.java:logGet(43)) - raft.server.retrycache.expirytime = 600000ms (custom)
2019-10-16 22:12:42,478 [pool-27-thread-1] INFO  server.RaftServerConfigKeys (ConfUtils.java:logGet(43)) - raft.server.log.write.buffer.size = 33554432 (custom)
2019-10-16 22:12:42,478 [pool-27-thread-1] INFO  server.RaftServerConfigKeys (ConfUtils.java:logGet(43)) - raft.server.log.force.sync.num = 128 (default)
2019-10-16 22:12:42,478 [pool-57-thread-1] INFO  server.RaftServerConfigKeys (ConfUtils.java:logGet(43)) - raft.server.log.write.buffer.size = 33554432 (custom)
2019-10-16 22:12:42,479 [pool-27-thread-1] INFO  server.RaftServerConfigKeys (ConfUtils.java:logGet(43)) - raft.server.log.statemachine.data.sync = true (default)
2019-10-16 22:12:42,479 [pool-57-thread-1] INFO  server.RaftServerConfigKeys (ConfUtils.java:logGet(43)) - raft.server.log.force.sync.num = 128 (default)
2019-10-16 22:12:42,479 [pool-27-thread-1] INFO  server.RaftServerConfigKeys (ConfUtils.java:logGet(43)) - raft.server.log.statemachine.data.sync.timeout = 10s (default)
2019-10-16 22:12:42,479 [pool-57-thread-1] INFO  server.RaftServerConfigKeys (ConfUtils.java:logGet(43)) - raft.server.log.statemachine.data.sync = true (default)
2019-10-16 22:12:42,479 [pool-27-thread-1] INFO  server.RaftServerConfigKeys (ConfUtils.java:logGet(43)) - raft.server.log.statemachine.data.sync.timeout.retry = -1 (default)
2019-10-16 22:12:42,479 [pool-57-thread-1] INFO  server.RaftServerConfigKeys (ConfUtils.java:logGet(43)) - raft.server.log.statemachine.data.sync.timeout = 10s (default)
2019-10-16 22:12:42,480 [pool-27-thread-1] INFO  server.RaftServerConfigKeys (ConfUtils.java:logGet(43)) - raft.server.log.statemachine.data.caching.enabled = true (custom)
2019-10-16 22:12:42,480 [pool-57-thread-1] INFO  server.RaftServerConfigKeys (ConfUtils.java:logGet(43)) - raft.server.log.statemachine.data.sync.timeout.retry = -1 (default)
2019-10-16 22:12:42,480 [pool-57-thread-1] INFO  server.RaftServerConfigKeys (ConfUtils.java:logGet(43)) - raft.server.log.statemachine.data.caching.enabled = true (custom)
2019-10-16 22:12:42,480 [pool-27-thread-1] INFO  segmented.SegmentedRaftLogWorker (SegmentedRaftLogWorker.java:lambda$new$0(128)) - eec99a0c-e1b1-4518-bc49-9d1a8c8e04d5@group-0A2957FA1D3D-SegmentedRaftLogWorker: flushIndex: setUnconditionally 0 -> -1
2019-10-16 22:12:42,480 [pool-57-thread-1] INFO  segmented.SegmentedRaftLogWorker (SegmentedRaftLogWorker.java:lambda$new$0(128)) - 3989452c-7599-4156-9543-3fe544ced0f3@group-0A2957FA1D3D-SegmentedRaftLogWorker: flushIndex: setUnconditionally 0 -> -1
2019-10-16 22:12:42,480 [pool-27-thread-1] INFO  server.RaftServerConfigKeys (ConfUtils.java:logGet(43)) - raft.server.snapshot.auto.trigger.enabled = true (custom)
2019-10-16 22:12:42,480 [pool-27-thread-1] INFO  server.RaftServerConfigKeys (ConfUtils.java:logGet(43)) - raft.server.snapshot.auto.trigger.threshold = 10000 (custom)
2019-10-16 22:12:42,480 [pool-57-thread-1] INFO  server.RaftServerConfigKeys (ConfUtils.java:logGet(43)) - raft.server.snapshot.auto.trigger.enabled = true (custom)
2019-10-16 22:12:42,481 [pool-27-thread-1] INFO  server.RaftServerConfigKeys (ConfUtils.java:logGet(43)) - raft.server.snapshot.retention.file.num = 5 (custom)
2019-10-16 22:12:42,481 [pool-47-thread-1] INFO  impl.RaftServerImpl (RaftServerImpl.java:start(195)) - d9e6ea44-93db-446f-8020-a94232284285@group-0A2957FA1D3D: start as a follower, conf=-1: [3989452c-7599-4156-9543-3fe544ced0f3:192.168.157.254:36320, eec99a0c-e1b1-4518-bc49-9d1a8c8e04d5:192.168.157.254:45598, d9e6ea44-93db-446f-8020-a94232284285:192.168.157.254:41671], old=null
2019-10-16 22:12:42,481 [pool-57-thread-1] INFO  server.RaftServerConfigKeys (ConfUtils.java:logGet(43)) - raft.server.snapshot.auto.trigger.threshold = 10000 (custom)
2019-10-16 22:12:42,481 [pool-47-thread-1] INFO  impl.RaftServerImpl (RaftServerImpl.java:setRole(184)) - d9e6ea44-93db-446f-8020-a94232284285@group-0A2957FA1D3D: changes role from      null to FOLLOWER at term 0 for startAsFollower
2019-10-16 22:12:42,481 [pool-27-thread-1] INFO  server.RaftServerConfigKeys (ConfUtils.java:logGet(43)) - raft.server.retrycache.expirytime = 600000ms (custom)
2019-10-16 22:12:42,481 [pool-47-thread-1] INFO  impl.RoleInfo (RoleInfo.java:updateAndGet(143)) - d9e6ea44-93db-446f-8020-a94232284285: start FollowerState
2019-10-16 22:12:42,481 [pool-57-thread-1] INFO  server.RaftServerConfigKeys (ConfUtils.java:logGet(43)) - raft.server.snapshot.retention.file.num = 5 (custom)
2019-10-16 22:12:42,482 [pool-57-thread-1] INFO  server.RaftServerConfigKeys (ConfUtils.java:logGet(43)) - raft.server.retrycache.expirytime = 600000ms (custom)
2019-10-16 22:12:42,482 [pool-47-thread-1] INFO  util.JmxRegister (JmxRegister.java:tryRegister(44)) - Successfully registered JMX Bean with object name Ratis:service=RaftServer,group=group-0A2957FA1D3D,id=d9e6ea44-93db-446f-8020-a94232284285
2019-10-16 22:12:42,486 [pool-27-thread-1] INFO  impl.RaftServerImpl (RaftServerImpl.java:start(195)) - eec99a0c-e1b1-4518-bc49-9d1a8c8e04d5@group-0A2957FA1D3D: start as a follower, conf=-1: [3989452c-7599-4156-9543-3fe544ced0f3:192.168.157.254:36320, eec99a0c-e1b1-4518-bc49-9d1a8c8e04d5:192.168.157.254:45598, d9e6ea44-93db-446f-8020-a94232284285:192.168.157.254:41671], old=null
2019-10-16 22:12:42,486 [pool-27-thread-1] INFO  impl.RaftServerImpl (RaftServerImpl.java:setRole(184)) - eec99a0c-e1b1-4518-bc49-9d1a8c8e04d5@group-0A2957FA1D3D: changes role from      null to FOLLOWER at term 0 for startAsFollower
2019-10-16 22:12:42,486 [pool-57-thread-1] INFO  impl.RaftServerImpl (RaftServerImpl.java:start(195)) - 3989452c-7599-4156-9543-3fe544ced0f3@group-0A2957FA1D3D: start as a follower, conf=-1: [3989452c-7599-4156-9543-3fe544ced0f3:192.168.157.254:36320, eec99a0c-e1b1-4518-bc49-9d1a8c8e04d5:192.168.157.254:45598, d9e6ea44-93db-446f-8020-a94232284285:192.168.157.254:41671], old=null
2019-10-16 22:12:42,486 [pool-27-thread-1] INFO  impl.RoleInfo (RoleInfo.java:updateAndGet(143)) - eec99a0c-e1b1-4518-bc49-9d1a8c8e04d5: start FollowerState
2019-10-16 22:12:42,486 [pool-57-thread-1] INFO  impl.RaftServerImpl (RaftServerImpl.java:setRole(184)) - 3989452c-7599-4156-9543-3fe544ced0f3@group-0A2957FA1D3D: changes role from      null to FOLLOWER at term 0 for startAsFollower
2019-10-16 22:12:42,487 [pool-57-thread-1] INFO  impl.RoleInfo (RoleInfo.java:updateAndGet(143)) - 3989452c-7599-4156-9543-3fe544ced0f3: start FollowerState
2019-10-16 22:12:42,487 [pool-27-thread-1] INFO  util.JmxRegister (JmxRegister.java:tryRegister(44)) - Successfully registered JMX Bean with object name Ratis:service=RaftServer,group=group-0A2957FA1D3D,id=eec99a0c-e1b1-4518-bc49-9d1a8c8e04d5
2019-10-16 22:12:42,492 [pool-57-thread-1] INFO  util.JmxRegister (JmxRegister.java:tryRegister(44)) - Successfully registered JMX Bean with object name Ratis:service=RaftServer,group=group-0A2957FA1D3D,id=3989452c-7599-4156-9543-3fe544ced0f3
2019-10-16 22:12:42,503 [RatisPipelineUtilsThread] INFO  pipeline.PipelineStateManager (PipelineStateManager.java:addPipeline(57)) - Created pipeline Pipeline[ Id: f12b8f10-eb28-4cc3-84b3-0a2957fa1d3d, Nodes: 3989452c-7599-4156-9543-3fe544ced0f3{ip: 192.168.157.254, host: pr-hdds-1868-qdb9g-714931517, networkLocation: /default-rack, certSerialId: null}eec99a0c-e1b1-4518-bc49-9d1a8c8e04d5{ip: 192.168.157.254, host: pr-hdds-1868-qdb9g-714931517, networkLocation: /default-rack, certSerialId: null}d9e6ea44-93db-446f-8020-a94232284285{ip: 192.168.157.254, host: pr-hdds-1868-qdb9g-714931517, networkLocation: /default-rack, certSerialId: null}, Type:RATIS, Factor:THREE, State:ALLOCATED]
2019-10-16 22:12:42,509 [Thread-729] INFO  impl.FollowerState (FollowerState.java:run(108)) - eec99a0c-e1b1-4518-bc49-9d1a8c8e04d5@group-0A2957FA1D3D-FollowerState: change to CANDIDATE, lastRpcTime:22ms, electionTimeout:22ms
2019-10-16 22:12:42,509 [Thread-729] INFO  impl.RoleInfo (RoleInfo.java:shutdownFollowerState(121)) - eec99a0c-e1b1-4518-bc49-9d1a8c8e04d5: shutdown FollowerState
2019-10-16 22:12:42,509 [Thread-729] INFO  impl.RaftServerImpl (RaftServerImpl.java:setRole(184)) - eec99a0c-e1b1-4518-bc49-9d1a8c8e04d5@group-0A2957FA1D3D: changes role from  FOLLOWER to CANDIDATE at term 0 for changeToCandidate
2019-10-16 22:12:42,509 [Thread-729] INFO  impl.RoleInfo (RoleInfo.java:updateAndGet(143)) - eec99a0c-e1b1-4518-bc49-9d1a8c8e04d5: start LeaderElection
2019-10-16 22:12:42,512 [Thread-727] INFO  impl.FollowerState (FollowerState.java:run(108)) - d9e6ea44-93db-446f-8020-a94232284285@group-0A2957FA1D3D-FollowerState: change to CANDIDATE, lastRpcTime:30ms, electionTimeout:30ms
2019-10-16 22:12:42,513 [Thread-727] INFO  impl.RoleInfo (RoleInfo.java:shutdownFollowerState(121)) - d9e6ea44-93db-446f-8020-a94232284285: shutdown FollowerState
2019-10-16 22:12:42,513 [Thread-727] INFO  impl.RaftServerImpl (RaftServerImpl.java:setRole(184)) - d9e6ea44-93db-446f-8020-a94232284285@group-0A2957FA1D3D: changes role from  FOLLOWER to CANDIDATE at term 0 for changeToCandidate
2019-10-16 22:12:42,513 [Thread-727] INFO  impl.RoleInfo (RoleInfo.java:updateAndGet(143)) - d9e6ea44-93db-446f-8020-a94232284285: start LeaderElection
2019-10-16 22:12:42,527 [eec99a0c-e1b1-4518-bc49-9d1a8c8e04d5@group-0A2957FA1D3D-LeaderElection13] INFO  impl.LeaderElection (LeaderElection.java:askForVotes(178)) - eec99a0c-e1b1-4518-bc49-9d1a8c8e04d5@group-0A2957FA1D3D-LeaderElection13: begin an election at term 1 for -1: [3989452c-7599-4156-9543-3fe544ced0f3:192.168.157.254:36320, eec99a0c-e1b1-4518-bc49-9d1a8c8e04d5:192.168.157.254:45598, d9e6ea44-93db-446f-8020-a94232284285:192.168.157.254:41671], old=null
2019-10-16 22:12:42,527 [d9e6ea44-93db-446f-8020-a94232284285@group-0A2957FA1D3D-LeaderElection14] INFO  impl.LeaderElection (LeaderElection.java:askForVotes(178)) - d9e6ea44-93db-446f-8020-a94232284285@group-0A2957FA1D3D-LeaderElection14: begin an election at term 1 for -1: [3989452c-7599-4156-9543-3fe544ced0f3:192.168.157.254:36320, eec99a0c-e1b1-4518-bc49-9d1a8c8e04d5:192.168.157.254:45598, d9e6ea44-93db-446f-8020-a94232284285:192.168.157.254:41671], old=null
2019-10-16 22:12:42,535 [grpc-default-executor-14] INFO  impl.RaftServerImpl (RaftServerImpl.java:setRole(184)) - 3989452c-7599-4156-9543-3fe544ced0f3@group-0A2957FA1D3D: changes role from  FOLLOWER to FOLLOWER at term 1 for recognizeCandidate:eec99a0c-e1b1-4518-bc49-9d1a8c8e04d5
2019-10-16 22:12:42,535 [grpc-default-executor-14] INFO  impl.RoleInfo (RoleInfo.java:shutdownFollowerState(121)) - 3989452c-7599-4156-9543-3fe544ced0f3: shutdown FollowerState
2019-10-16 22:12:42,538 [grpc-default-executor-14] INFO  impl.RoleInfo (RoleInfo.java:updateAndGet(143)) - 3989452c-7599-4156-9543-3fe544ced0f3: start FollowerState
2019-10-16 22:12:42,538 [Thread-731] INFO  impl.FollowerState (FollowerState.java:run(117)) - 3989452c-7599-4156-9543-3fe544ced0f3@group-0A2957FA1D3D-FollowerState was interrupted: java.lang.InterruptedException: sleep interrupted
2019-10-16 22:12:42,554 [eec99a0c-e1b1-4518-bc49-9d1a8c8e04d5@group-0A2957FA1D3D-LeaderElection13] INFO  impl.LeaderElection (LeaderElection.java:logAndReturn(56)) - eec99a0c-e1b1-4518-bc49-9d1a8c8e04d5@group-0A2957FA1D3D-LeaderElection13: Election PASSED; received 2 response(s) [eec99a0c-e1b1-4518-bc49-9d1a8c8e04d5<-3989452c-7599-4156-9543-3fe544ced0f3#0:OK-t1, eec99a0c-e1b1-4518-bc49-9d1a8c8e04d5<-d9e6ea44-93db-446f-8020-a94232284285#0:FAIL-t1] and 0 exception(s); eec99a0c-e1b1-4518-bc49-9d1a8c8e04d5@group-0A2957FA1D3D:t1, leader=null, voted=eec99a0c-e1b1-4518-bc49-9d1a8c8e04d5, raftlog=eec99a0c-e1b1-4518-bc49-9d1a8c8e04d5@group-0A2957FA1D3D-SegmentedRaftLog:OPENED:c-1,f-1,i0, conf=-1: [3989452c-7599-4156-9543-3fe544ced0f3:192.168.157.254:36320, eec99a0c-e1b1-4518-bc49-9d1a8c8e04d5:192.168.157.254:45598, d9e6ea44-93db-446f-8020-a94232284285:192.168.157.254:41671], old=null
2019-10-16 22:12:42,554 [eec99a0c-e1b1-4518-bc49-9d1a8c8e04d5@group-0A2957FA1D3D-LeaderElection13] INFO  impl.RoleInfo (RoleInfo.java:shutdownLeaderElection(134)) - eec99a0c-e1b1-4518-bc49-9d1a8c8e04d5: shutdown LeaderElection
2019-10-16 22:12:42,555 [d9e6ea44-93db-446f-8020-a94232284285@group-0A2957FA1D3D-LeaderElection14] INFO  impl.LeaderElection (LeaderElection.java:logAndReturn(56)) - d9e6ea44-93db-446f-8020-a94232284285@group-0A2957FA1D3D-LeaderElection14: Election REJECTED; received 2 response(s) [d9e6ea44-93db-446f-8020-a94232284285<-3989452c-7599-4156-9543-3fe544ced0f3#0:FAIL-t1, d9e6ea44-93db-446f-8020-a94232284285<-eec99a0c-e1b1-4518-bc49-9d1a8c8e04d5#0:FAIL-t1] and 0 exception(s); d9e6ea44-93db-446f-8020-a94232284285@group-0A2957FA1D3D:t1, leader=null, voted=d9e6ea44-93db-446f-8020-a94232284285, raftlog=d9e6ea44-93db-446f-8020-a94232284285@group-0A2957FA1D3D-SegmentedRaftLog:OPENED:c-1,f-1,i0, conf=-1: [3989452c-7599-4156-9543-3fe544ced0f3:192.168.157.254:36320, eec99a0c-e1b1-4518-bc49-9d1a8c8e04d5:192.168.157.254:45598, d9e6ea44-93db-446f-8020-a94232284285:192.168.157.254:41671], old=null
2019-10-16 22:12:42,555 [eec99a0c-e1b1-4518-bc49-9d1a8c8e04d5@group-0A2957FA1D3D-LeaderElection13] INFO  impl.RaftServerImpl (RaftServerImpl.java:setRole(184)) - eec99a0c-e1b1-4518-bc49-9d1a8c8e04d5@group-0A2957FA1D3D: changes role from CANDIDATE to LEADER at term 1 for changeToLeader
2019-10-16 22:12:42,558 [d9e6ea44-93db-446f-8020-a94232284285@group-0A2957FA1D3D-LeaderElection14] INFO  impl.RaftServerImpl (RaftServerImpl.java:setRole(184)) - d9e6ea44-93db-446f-8020-a94232284285@group-0A2957FA1D3D: changes role from CANDIDATE to FOLLOWER at term 1 for DISCOVERED_A_NEW_TERM
2019-10-16 22:12:42,562 [eec99a0c-e1b1-4518-bc49-9d1a8c8e04d5@group-0A2957FA1D3D-LeaderElection13] INFO  ratis.XceiverServerRatis (XceiverServerRatis.java:handleLeaderChangedNotification(700)) - Leader change notification received for group: group-0A2957FA1D3D with new leaderId: eec99a0c-e1b1-4518-bc49-9d1a8c8e04d5
2019-10-16 22:12:42,562 [d9e6ea44-93db-446f-8020-a94232284285@group-0A2957FA1D3D-LeaderElection14] INFO  impl.RoleInfo (RoleInfo.java:shutdownLeaderElection(134)) - d9e6ea44-93db-446f-8020-a94232284285: shutdown LeaderElection
2019-10-16 22:12:42,562 [d9e6ea44-93db-446f-8020-a94232284285@group-0A2957FA1D3D-LeaderElection14] INFO  impl.RoleInfo (RoleInfo.java:updateAndGet(143)) - d9e6ea44-93db-446f-8020-a94232284285: start FollowerState
2019-10-16 22:12:42,562 [eec99a0c-e1b1-4518-bc49-9d1a8c8e04d5@group-0A2957FA1D3D-LeaderElection13] INFO  impl.RaftServerImpl (ServerState.java:setLeader(256)) - eec99a0c-e1b1-4518-bc49-9d1a8c8e04d5@group-0A2957FA1D3D: change Leader from null to eec99a0c-e1b1-4518-bc49-9d1a8c8e04d5 at term 1 for becomeLeader, leader elected after 88ms
2019-10-16 22:12:42,562 [eec99a0c-e1b1-4518-bc49-9d1a8c8e04d5@group-0A2957FA1D3D-LeaderElection13] INFO  server.RaftServerConfigKeys (ConfUtils.java:logGet(43)) - raft.server.staging.catchup.gap = 1000 (default)
2019-10-16 22:12:42,563 [eec99a0c-e1b1-4518-bc49-9d1a8c8e04d5@group-0A2957FA1D3D-LeaderElection13] INFO  server.RaftServerConfigKeys (ConfUtils.java:logGet(43)) - raft.server.rpc.sleep.time = 25ms (default)
2019-10-16 22:12:42,564 [eec99a0c-e1b1-4518-bc49-9d1a8c8e04d5@group-0A2957FA1D3D-LeaderElection13] INFO  server.RaftServerConfigKeys (ConfUtils.java:logGet(43)) - raft.server.write.element-limit = 4096 (default)
2019-10-16 22:12:42,564 [eec99a0c-e1b1-4518-bc49-9d1a8c8e04d5@group-0A2957FA1D3D-LeaderElection13] INFO  server.RaftServerConfigKeys (ConfUtils.java:logGet(43)) - raft.server.watch.timeout = 10s (default)
2019-10-16 22:12:42,564 [eec99a0c-e1b1-4518-bc49-9d1a8c8e04d5@group-0A2957FA1D3D-LeaderElection13] INFO  server.RaftServerConfigKeys (ConfUtils.java:logGet(43)) - raft.server.watch.timeout.denomination = 1s (default)
2019-10-16 22:12:42,564 [eec99a0c-e1b1-4518-bc49-9d1a8c8e04d5@group-0A2957FA1D3D-LeaderElection13] INFO  server.RaftServerConfigKeys (ConfUtils.java:logGet(43)) - raft.server.watch.element-limit = 65536 (default)
2019-10-16 22:12:42,564 [EventQueue-PipelineReportForPipelineReportHandler] INFO  pipeline.PipelineReportHandler (PipelineReportHandler.java:processPipelineReport(119)) - Pipeline PipelineID=f12b8f10-eb28-4cc3-84b3-0a2957fa1d3d reported by eec99a0c-e1b1-4518-bc49-9d1a8c8e04d5{ip: 192.168.157.254, host: pr-hdds-1868-qdb9g-714931517, networkLocation: /default-rack, certSerialId: null} with leaderId eec99a0c-e1b1-4518-bc49-9d1a8c8e04d5
2019-10-16 22:12:42,566 [eec99a0c-e1b1-4518-bc49-9d1a8c8e04d5@group-0A2957FA1D3D-LeaderElection13] INFO  server.RaftServerConfigKeys (ConfUtils.java:logGet(43)) - raft.server.log.appender.snapshot.chunk.size.max = 16MB (=16777216) (default)
2019-10-16 22:12:42,566 [eec99a0c-e1b1-4518-bc49-9d1a8c8e04d5@group-0A2957FA1D3D-LeaderElection13] INFO  server.RaftServerConfigKeys (ConfUtils.java:logGet(43)) - raft.server.log.appender.buffer.byte-limit = 33554432 (custom)
2019-10-16 22:12:42,566 [eec99a0c-e1b1-4518-bc49-9d1a8c8e04d5@group-0A2957FA1D3D-LeaderElection13] INFO  server.RaftServerConfigKeys (ConfUtils.java:logGet(43)) - raft.server.log.appender.buffer.element-limit = 1 (custom)
2019-10-16 22:12:42,566 [eec99a0c-e1b1-4518-bc49-9d1a8c8e04d5@group-0A2957FA1D3D-LeaderElection13] INFO  grpc.GrpcConfigKeys$Server (ConfUtils.java:logGet(43)) - raft.grpc.server.leader.outstanding.appends.max = 128 (default)
2019-10-16 22:12:42,566 [eec99a0c-e1b1-4518-bc49-9d1a8c8e04d5@group-0A2957FA1D3D-LeaderElection13] INFO  server.RaftServerConfigKeys (ConfUtils.java:logGet(43)) - raft.server.rpc.request.timeout = 3000ms (default)
2019-10-16 22:12:42,566 [eec99a0c-e1b1-4518-bc49-9d1a8c8e04d5@group-0A2957FA1D3D-LeaderElection13] INFO  server.RaftServerConfigKeys (ConfUtils.java:logGet(43)) - raft.server.log.appender.install.snapshot.enabled = false (custom)
2019-10-16 22:12:42,568 [eec99a0c-e1b1-4518-bc49-9d1a8c8e04d5@group-0A2957FA1D3D-LeaderElection13] INFO  server.RaftServerConfigKeys (ConfUtils.java:logGet(43)) - raft.server.log.appender.snapshot.chunk.size.max = 16MB (=16777216) (default)
2019-10-16 22:12:42,568 [eec99a0c-e1b1-4518-bc49-9d1a8c8e04d5@group-0A2957FA1D3D-LeaderElection13] INFO  server.RaftServerConfigKeys (ConfUtils.java:logGet(43)) - raft.server.log.appender.buffer.byte-limit = 33554432 (custom)
2019-10-16 22:12:42,568 [eec99a0c-e1b1-4518-bc49-9d1a8c8e04d5@group-0A2957FA1D3D-LeaderElection13] INFO  server.RaftServerConfigKeys (ConfUtils.java:logGet(43)) - raft.server.log.appender.buffer.element-limit = 1 (custom)
2019-10-16 22:12:42,568 [eec99a0c-e1b1-4518-bc49-9d1a8c8e04d5@group-0A2957FA1D3D-LeaderElection13] INFO  grpc.GrpcConfigKeys$Server (ConfUtils.java:logGet(43)) - raft.grpc.server.leader.outstanding.appends.max = 128 (default)
2019-10-16 22:12:42,568 [eec99a0c-e1b1-4518-bc49-9d1a8c8e04d5@group-0A2957FA1D3D-LeaderElection13] INFO  server.RaftServerConfigKeys (ConfUtils.java:logGet(43)) - raft.server.rpc.request.timeout = 3000ms (default)
2019-10-16 22:12:42,568 [eec99a0c-e1b1-4518-bc49-9d1a8c8e04d5@group-0A2957FA1D3D-LeaderElection13] INFO  server.RaftServerConfigKeys (ConfUtils.java:logGet(43)) - raft.server.log.appender.install.snapshot.enabled = false (custom)
2019-10-16 22:12:42,570 [eec99a0c-e1b1-4518-bc49-9d1a8c8e04d5@group-0A2957FA1D3D-LeaderElection13] INFO  impl.RoleInfo (RoleInfo.java:updateAndGet(143)) - eec99a0c-e1b1-4518-bc49-9d1a8c8e04d5: start LeaderState
2019-10-16 22:12:42,570 [eec99a0c-e1b1-4518-bc49-9d1a8c8e04d5@group-0A2957FA1D3D-LeaderElection13] INFO  segmented.SegmentedRaftLogWorker (SegmentedRaftLogWorker.java:startLogSegment(385)) - eec99a0c-e1b1-4518-bc49-9d1a8c8e04d5@group-0A2957FA1D3D-SegmentedRaftLogWorker: Starting segment from index:0
2019-10-16 22:12:42,571 [eec99a0c-e1b1-4518-bc49-9d1a8c8e04d5@group-0A2957FA1D3D-LeaderElection13] INFO  impl.RaftServerImpl (ServerState.java:setRaftConf(357)) - eec99a0c-e1b1-4518-bc49-9d1a8c8e04d5@group-0A2957FA1D3D: set configuration 0: [3989452c-7599-4156-9543-3fe544ced0f3:192.168.157.254:36320, eec99a0c-e1b1-4518-bc49-9d1a8c8e04d5:192.168.157.254:45598, d9e6ea44-93db-446f-8020-a94232284285:192.168.157.254:41671], old=null at 0
2019-10-16 22:12:42,596 [grpc-default-executor-5] INFO  ratis.XceiverServerRatis (XceiverServerRatis.java:handleLeaderChangedNotification(700)) - Leader change notification received for group: group-0A2957FA1D3D with new leaderId: eec99a0c-e1b1-4518-bc49-9d1a8c8e04d5
2019-10-16 22:12:42,596 [grpc-default-executor-14] INFO  ratis.XceiverServerRatis (XceiverServerRatis.java:handleLeaderChangedNotification(700)) - Leader change notification received for group: group-0A2957FA1D3D with new leaderId: eec99a0c-e1b1-4518-bc49-9d1a8c8e04d5
2019-10-16 22:12:42,596 [grpc-default-executor-5] INFO  impl.RaftServerImpl (ServerState.java:setLeader(256)) - 3989452c-7599-4156-9543-3fe544ced0f3@group-0A2957FA1D3D: change Leader from null to eec99a0c-e1b1-4518-bc49-9d1a8c8e04d5 at term 1 for appendEntries, leader elected after 124ms
2019-10-16 22:12:42,596 [grpc-default-executor-14] INFO  impl.RaftServerImpl (ServerState.java:setLeader(256)) - d9e6ea44-93db-446f-8020-a94232284285@group-0A2957FA1D3D: change Leader from null to eec99a0c-e1b1-4518-bc49-9d1a8c8e04d5 at term 1 for appendEntries, leader elected after 123ms
2019-10-16 22:12:42,597 [EventQueue-PipelineReportForPipelineReportHandler] INFO  pipeline.PipelineReportHandler (PipelineReportHandler.java:processPipelineReport(119)) - Pipeline PipelineID=f12b8f10-eb28-4cc3-84b3-0a2957fa1d3d reported by d9e6ea44-93db-446f-8020-a94232284285{ip: 192.168.157.254, host: pr-hdds-1868-qdb9g-714931517, networkLocation: /default-rack, certSerialId: null} with leaderId eec99a0c-e1b1-4518-bc49-9d1a8c8e04d5
2019-10-16 22:12:42,598 [EventQueue-PipelineReportForPipelineReportHandler] INFO  pipeline.PipelineReportHandler (PipelineReportHandler.java:processPipelineReport(119)) - Pipeline PipelineID=f12b8f10-eb28-4cc3-84b3-0a2957fa1d3d reported by 3989452c-7599-4156-9543-3fe544ced0f3{ip: 192.168.157.254, host: pr-hdds-1868-qdb9g-714931517, networkLocation: /default-rack, certSerialId: null} with leaderId eec99a0c-e1b1-4518-bc49-9d1a8c8e04d5
2019-10-16 22:12:42,598 [EventQueue-PipelineReportForPipelineReportHandler] INFO  pipeline.PipelineStateManager (PipelineStateManager.java:openPipeline(136)) - Pipeline Pipeline[ Id: f12b8f10-eb28-4cc3-84b3-0a2957fa1d3d, Nodes: 3989452c-7599-4156-9543-3fe544ced0f3{ip: 192.168.157.254, host: pr-hdds-1868-qdb9g-714931517, networkLocation: /default-rack, certSerialId: null}eec99a0c-e1b1-4518-bc49-9d1a8c8e04d5{ip: 192.168.157.254, host: pr-hdds-1868-qdb9g-714931517, networkLocation: /default-rack, certSerialId: null}d9e6ea44-93db-446f-8020-a94232284285{ip: 192.168.157.254, host: pr-hdds-1868-qdb9g-714931517, networkLocation: /default-rack, certSerialId: null}, Type:RATIS, Factor:THREE, State:OPEN] moved to OPEN state
2019-10-16 22:12:42,599 [grpc-default-executor-5] INFO  impl.RaftServerImpl (ServerState.java:setRaftConf(357)) - d9e6ea44-93db-446f-8020-a94232284285@group-0A2957FA1D3D: set configuration 0: [3989452c-7599-4156-9543-3fe544ced0f3:192.168.157.254:36320, eec99a0c-e1b1-4518-bc49-9d1a8c8e04d5:192.168.157.254:45598, d9e6ea44-93db-446f-8020-a94232284285:192.168.157.254:41671], old=null at 0
2019-10-16 22:12:42,599 [grpc-default-executor-14] INFO  impl.RaftServerImpl (ServerState.java:setRaftConf(357)) - 3989452c-7599-4156-9543-3fe544ced0f3@group-0A2957FA1D3D: set configuration 0: [3989452c-7599-4156-9543-3fe544ced0f3:192.168.157.254:36320, eec99a0c-e1b1-4518-bc49-9d1a8c8e04d5:192.168.157.254:45598, d9e6ea44-93db-446f-8020-a94232284285:192.168.157.254:41671], old=null at 0
2019-10-16 22:12:42,599 [grpc-default-executor-5] INFO  segmented.SegmentedRaftLogWorker (SegmentedRaftLogWorker.java:startLogSegment(385)) - d9e6ea44-93db-446f-8020-a94232284285@group-0A2957FA1D3D-SegmentedRaftLogWorker: Starting segment from index:0
2019-10-16 22:12:42,601 [grpc-default-executor-14] INFO  segmented.SegmentedRaftLogWorker (SegmentedRaftLogWorker.java:startLogSegment(385)) - 3989452c-7599-4156-9543-3fe544ced0f3@group-0A2957FA1D3D-SegmentedRaftLogWorker: Starting segment from index:0
2019-10-16 22:12:42,619 [eec99a0c-e1b1-4518-bc49-9d1a8c8e04d5@group-0A2957FA1D3D-SegmentedRaftLogWorker] INFO  segmented.SegmentedRaftLogWorker (SegmentedRaftLogWorker.java:execute(576)) - eec99a0c-e1b1-4518-bc49-9d1a8c8e04d5@group-0A2957FA1D3D-SegmentedRaftLogWorker: created new log segment /workdir/hadoop-ozone/tools/target/test-dir/MiniOzoneClusterImpl-402ec78b-26f6-4355-8079-1cdd4cc53632/datanode-0/data/ratis/f12b8f10-eb28-4cc3-84b3-0a2957fa1d3d/current/log_inprogress_0
2019-10-16 22:12:42,632 [3989452c-7599-4156-9543-3fe544ced0f3@group-0A2957FA1D3D-SegmentedRaftLogWorker] INFO  segmented.SegmentedRaftLogWorker (SegmentedRaftLogWorker.java:execute(576)) - 3989452c-7599-4156-9543-3fe544ced0f3@group-0A2957FA1D3D-SegmentedRaftLogWorker: created new log segment /workdir/hadoop-ozone/tools/target/test-dir/MiniOzoneClusterImpl-402ec78b-26f6-4355-8079-1cdd4cc53632/datanode-3/data/ratis/f12b8f10-eb28-4cc3-84b3-0a2957fa1d3d/current/log_inprogress_0
2019-10-16 22:12:42,635 [d9e6ea44-93db-446f-8020-a94232284285@group-0A2957FA1D3D-SegmentedRaftLogWorker] INFO  segmented.SegmentedRaftLogWorker (SegmentedRaftLogWorker.java:execute(576)) - d9e6ea44-93db-446f-8020-a94232284285@group-0A2957FA1D3D-SegmentedRaftLogWorker: created new log segment /workdir/hadoop-ozone/tools/target/test-dir/MiniOzoneClusterImpl-402ec78b-26f6-4355-8079-1cdd4cc53632/datanode-2/data/ratis/f12b8f10-eb28-4cc3-84b3-0a2957fa1d3d/current/log_inprogress_0
 0.00% |?                                                                                                    |  0/1 Time: 0:03:59 0.00% |?                                                                                                    |  0/1 Time: 0:04:00 0.00% |?                                                                                                    |  0/1 Time: 0:04:01 0.00% |?                                                                                                    |  0/1 Time: 0:04:02 0.00% |?                                                                                                    |  0/1 Time: 0:04:03 0.00% |?                                                                                                    |  0/1 Time: 0:04:04 0.00% |?                                                                                                    |  0/1 Time: 0:04:05 0.00% |?                                                                                                    |  0/1 Time: 0:04:06 0.00% |?                                                                                                    |  0/1 Time: 0:04:07 0.00% |?                                                                                                    |  0/1 Time: 0:04:08 0.00% |?                                                                                                    |  0/1 Time: 0:04:09 0.00% |?                                                                                                    |  0/1 Time: 0:04:10 0.00% |?                                                                                                    |  0/1 Time: 0:04:11 0.00% |?                                                                                                    |  0/1 Time: 0:04:12 0.00% |?                                                                                                    |  0/1 Time: 0:04:13 0.00% |?                                                                                                    |  0/1 Time: 0:04:14 0.00% |?                                                                                                    |  0/1 Time: 0:04:15 0.00% |?                                                                                                    |  0/1 Time: 0:04:16 0.00% |?                                                                                                    |  0/1 Time: 0:04:17 0.00% |?                                                                                                    |  0/1 Time: 0:04:18 0.00% |?                                                                                                    |  0/1 Time: 0:04:19 0.00% |?                                                                                                    |  0/1 Time: 0:04:20 0.00% |?                                                                                                    |  0/1 Time: 0:04:21 0.00% |?                                                                                                    |  0/1 Time: 0:04:22 0.00% |?                                                                                                    |  0/1 Time: 0:04:23 0.00% |?                                                                                                    |  0/1 Time: 0:04:24 0.00% |?                                                                                                    |  0/1 Time: 0:04:25 0.00% |?                                                                                                    |  0/1 Time: 0:04:26 0.00% |?                                                                                                    |  0/1 Time: 0:04:27 0.00% |?                                                                                                    |  0/1 Time: 0:04:282019-10-16 22:13:12,851 [grpc-default-executor-5] INFO  impl.RaftServerProxy (RaftServerProxy.java:remove(95)) - 3989452c-7599-4156-9543-3fe544ced0f3: remove  FOLLOWER 3989452c-7599-4156-9543-3fe544ced0f3@group-3DAE219B8A20:t1, leader=eec99a0c-e1b1-4518-bc49-9d1a8c8e04d5, voted=eec99a0c-e1b1-4518-bc49-9d1a8c8e04d5, raftlog=3989452c-7599-4156-9543-3fe544ced0f3@group-3DAE219B8A20-SegmentedRaftLog:OPENED:c0,f2,i2, conf=0: [3989452c-7599-4156-9543-3fe544ced0f3:192.168.157.254:36320, eec99a0c-e1b1-4518-bc49-9d1a8c8e04d5:192.168.157.254:45598, d9e6ea44-93db-446f-8020-a94232284285:192.168.157.254:41671], old=null RUNNING
2019-10-16 22:13:12,852 [grpc-default-executor-5] INFO  impl.RaftServerImpl (RaftServerImpl.java:lambda$shutdown$3(261)) - 3989452c-7599-4156-9543-3fe544ced0f3@group-3DAE219B8A20: shutdown
2019-10-16 22:13:12,852 [grpc-default-executor-5] INFO  util.JmxRegister (JmxRegister.java:unregister(73)) - Successfully un-registered JMX Bean with object name Ratis:service=RaftServer,group=group-3DAE219B8A20,id=3989452c-7599-4156-9543-3fe544ced0f3
2019-10-16 22:13:12,852 [grpc-default-executor-5] INFO  impl.RoleInfo (RoleInfo.java:shutdownFollowerState(121)) - 3989452c-7599-4156-9543-3fe544ced0f3: shutdown FollowerState
2019-10-16 22:13:12,853 [grpc-default-executor-5] INFO  impl.StateMachineUpdater (StateMachineUpdater.java:stopAndJoin(136)) - 3989452c-7599-4156-9543-3fe544ced0f3@group-3DAE219B8A20-StateMachineUpdater: set stopIndex = 0
2019-10-16 22:13:12,853 [Thread-659] INFO  impl.FollowerState (FollowerState.java:run(117)) - 3989452c-7599-4156-9543-3fe544ced0f3@group-3DAE219B8A20-FollowerState was interrupted: java.lang.InterruptedException: sleep interrupted
2019-10-16 22:13:12,856 [grpc-default-executor-5] INFO  impl.RaftServerImpl (ServerState.java:close(388)) - 3989452c-7599-4156-9543-3fe544ced0f3@group-3DAE219B8A20: closes. applyIndex: 0
2019-10-16 22:13:12,856 [3989452c-7599-4156-9543-3fe544ced0f3@group-3DAE219B8A20-SegmentedRaftLogWorker] INFO  segmented.SegmentedRaftLogWorker (SegmentedRaftLogWorker.java:run(316)) - 3989452c-7599-4156-9543-3fe544ced0f3@group-3DAE219B8A20-SegmentedRaftLogWorker was interrupted, exiting. There are 0 tasks remaining in the queue.
2019-10-16 22:13:12,858 [grpc-default-executor-5] INFO  segmented.SegmentedRaftLogWorker (SegmentedRaftLogWorker.java:close(224)) - 3989452c-7599-4156-9543-3fe544ced0f3@group-3DAE219B8A20-SegmentedRaftLogWorker close()
2019-10-16 22:13:12,925 [grpc-default-executor-5] INFO  interfaces.Container (KeyValueContainer.java:flushAndSyncDB(386)) - Container 6 is synced with bcsId 0.
2019-10-16 22:13:12,926 [grpc-default-executor-5] INFO  interfaces.Container (KeyValueContainer.java:flushAndSyncDB(386)) - Container 6 is synced with bcsId 0.
2019-10-16 22:13:12,936 [EventQueue-IncrementalContainerReportForIncrementalContainerReportHandler] INFO  container.IncrementalContainerReportHandler (AbstractContainerReportHandler.java:updateContainerState(171)) - Moving container #6 to QUASI_CLOSED state, datanode 3989452c-7599-4156-9543-3fe544ced0f3{ip: 192.168.157.254, host: pr-hdds-1868-qdb9g-714931517, networkLocation: /default-rack, certSerialId: null} reported QUASI_CLOSED replica.
2019-10-16 22:13:12,943 [grpc-default-executor-5] INFO  impl.RaftServerProxy (RaftServerProxy.java:remove(95)) - eec99a0c-e1b1-4518-bc49-9d1a8c8e04d5: remove    LEADER eec99a0c-e1b1-4518-bc49-9d1a8c8e04d5@group-3DAE219B8A20:t1, leader=eec99a0c-e1b1-4518-bc49-9d1a8c8e04d5, voted=eec99a0c-e1b1-4518-bc49-9d1a8c8e04d5, raftlog=eec99a0c-e1b1-4518-bc49-9d1a8c8e04d5@group-3DAE219B8A20-SegmentedRaftLog:OPENED:c0,f0,i2, conf=0: [3989452c-7599-4156-9543-3fe544ced0f3:192.168.157.254:36320, eec99a0c-e1b1-4518-bc49-9d1a8c8e04d5:192.168.157.254:45598, d9e6ea44-93db-446f-8020-a94232284285:192.168.157.254:41671], old=null RUNNING
2019-10-16 22:13:12,944 [grpc-default-executor-5] INFO  impl.RaftServerImpl (RaftServerImpl.java:lambda$shutdown$3(261)) - eec99a0c-e1b1-4518-bc49-9d1a8c8e04d5@group-3DAE219B8A20: shutdown
2019-10-16 22:13:12,944 [grpc-default-executor-5] INFO  util.JmxRegister (JmxRegister.java:unregister(73)) - Successfully un-registered JMX Bean with object name Ratis:service=RaftServer,group=group-3DAE219B8A20,id=eec99a0c-e1b1-4518-bc49-9d1a8c8e04d5
2019-10-16 22:13:12,944 [grpc-default-executor-5] INFO  impl.RoleInfo (RoleInfo.java:shutdownLeaderState(104)) - eec99a0c-e1b1-4518-bc49-9d1a8c8e04d5: shutdown LeaderState
2019-10-16 22:13:12,946 [grpc-default-executor-5] INFO  impl.PendingRequests (PendingRequests.java:sendNotLeaderResponses(202)) - eec99a0c-e1b1-4518-bc49-9d1a8c8e04d5@group-3DAE219B8A20-PendingRequests: sendNotLeaderResponses
2019-10-16 22:13:12,946 [org.apache.ratis.server.impl.LogAppender$AppenderDaemon$$Lambda$462/2111532691@194d03f7] WARN  server.GrpcLogAppender (GrpcLogAppender.java:mayWait(149)) - eec99a0c-e1b1-4518-bc49-9d1a8c8e04d5@group-3DAE219B8A20->d9e6ea44-93db-446f-8020-a94232284285-GrpcLogAppender: Wait interrupted by java.lang.InterruptedException
2019-10-16 22:13:12,947 [org.apache.ratis.server.impl.LogAppender$AppenderDaemon$$Lambda$462/2111532691@28af6b2f] WARN  server.GrpcLogAppender (GrpcLogAppender.java:mayWait(149)) - eec99a0c-e1b1-4518-bc49-9d1a8c8e04d5@group-3DAE219B8A20->3989452c-7599-4156-9543-3fe544ced0f3-GrpcLogAppender: Wait interrupted by java.lang.InterruptedException
2019-10-16 22:13:12,957 [grpc-default-executor-14] INFO  server.GrpcServerProtocolService (GrpcServerProtocolService.java:onCompleted(113)) - d9e6ea44-93db-446f-8020-a94232284285: Completed APPEND_ENTRIES, lastRequest: eec99a0c-e1b1-4518-bc49-9d1a8c8e04d5->d9e6ea44-93db-446f-8020-a94232284285#29-t1, previous=(t:1, i:2), leaderCommit=0, initializing? false, entries: <empty>
2019-10-16 22:13:12,957 [grpc-default-executor-12] INFO  server.GrpcServerProtocolService (GrpcServerProtocolService.java:onCompleted(113)) - 3989452c-7599-4156-9543-3fe544ced0f3: Completed APPEND_ENTRIES, lastRequest: eec99a0c-e1b1-4518-bc49-9d1a8c8e04d5->3989452c-7599-4156-9543-3fe544ced0f3#29-t1, previous=(t:1, i:2), leaderCommit=0, initializing? false, entries: <empty>
2019-10-16 22:13:12,958 [grpc-default-executor-5] INFO  impl.StateMachineUpdater (StateMachineUpdater.java:stopAndJoin(136)) - eec99a0c-e1b1-4518-bc49-9d1a8c8e04d5@group-3DAE219B8A20-StateMachineUpdater: set stopIndex = 0
2019-10-16 22:13:12,963 [grpc-default-executor-5] INFO  impl.RaftServerImpl (ServerState.java:close(388)) - eec99a0c-e1b1-4518-bc49-9d1a8c8e04d5@group-3DAE219B8A20: closes. applyIndex: 0
2019-10-16 22:13:12,968 [grpc-default-executor-16] INFO  server.GrpcLogAppender (GrpcLogAppender.java:onCompleted(308)) - eec99a0c-e1b1-4518-bc49-9d1a8c8e04d5@group-3DAE219B8A20->3989452c-7599-4156-9543-3fe544ced0f3-AppendLogResponseHandler: follower responses appendEntries COMPLETED
2019-10-16 22:13:12,968 [grpc-default-executor-18] INFO  server.GrpcLogAppender (GrpcLogAppender.java:onCompleted(308)) - eec99a0c-e1b1-4518-bc49-9d1a8c8e04d5@group-3DAE219B8A20->d9e6ea44-93db-446f-8020-a94232284285-AppendLogResponseHandler: follower responses appendEntries COMPLETED
2019-10-16 22:13:12,968 [eec99a0c-e1b1-4518-bc49-9d1a8c8e04d5@group-3DAE219B8A20-SegmentedRaftLogWorker] INFO  segmented.SegmentedRaftLogWorker (SegmentedRaftLogWorker.java:run(316)) - eec99a0c-e1b1-4518-bc49-9d1a8c8e04d5@group-3DAE219B8A20-SegmentedRaftLogWorker was interrupted, exiting. There are 0 tasks remaining in the queue.
2019-10-16 22:13:12,973 [grpc-default-executor-5] INFO  segmented.SegmentedRaftLogWorker (SegmentedRaftLogWorker.java:close(224)) - eec99a0c-e1b1-4518-bc49-9d1a8c8e04d5@group-3DAE219B8A20-SegmentedRaftLogWorker close()
2019-10-16 22:13:12,985 [grpc-default-executor-5] INFO  impl.RaftServerProxy (RaftServerProxy.java:remove(95)) - d9e6ea44-93db-446f-8020-a94232284285: remove  FOLLOWER d9e6ea44-93db-446f-8020-a94232284285@group-3DAE219B8A20:t1, leader=eec99a0c-e1b1-4518-bc49-9d1a8c8e04d5, voted=d9e6ea44-93db-446f-8020-a94232284285, raftlog=d9e6ea44-93db-446f-8020-a94232284285@group-3DAE219B8A20-SegmentedRaftLog:OPENED:c0,f2,i2, conf=0: [3989452c-7599-4156-9543-3fe544ced0f3:192.168.157.254:36320, eec99a0c-e1b1-4518-bc49-9d1a8c8e04d5:192.168.157.254:45598, d9e6ea44-93db-446f-8020-a94232284285:192.168.157.254:41671], old=null RUNNING
2019-10-16 22:13:12,986 [grpc-default-executor-5] INFO  impl.RaftServerImpl (RaftServerImpl.java:lambda$shutdown$3(261)) - d9e6ea44-93db-446f-8020-a94232284285@group-3DAE219B8A20: shutdown
2019-10-16 22:13:12,986 [grpc-default-executor-5] INFO  util.JmxRegister (JmxRegister.java:unregister(73)) - Successfully un-registered JMX Bean with object name Ratis:service=RaftServer,group=group-3DAE219B8A20,id=d9e6ea44-93db-446f-8020-a94232284285
2019-10-16 22:13:12,986 [grpc-default-executor-5] INFO  impl.RoleInfo (RoleInfo.java:shutdownFollowerState(121)) - d9e6ea44-93db-446f-8020-a94232284285: shutdown FollowerState
2019-10-16 22:13:12,986 [grpc-default-executor-5] INFO  impl.StateMachineUpdater (StateMachineUpdater.java:stopAndJoin(136)) - d9e6ea44-93db-446f-8020-a94232284285@group-3DAE219B8A20-StateMachineUpdater: set stopIndex = 0
2019-10-16 22:13:12,986 [Thread-667] INFO  impl.FollowerState (FollowerState.java:run(117)) - d9e6ea44-93db-446f-8020-a94232284285@group-3DAE219B8A20-FollowerState was interrupted: java.lang.InterruptedException: sleep interrupted
2019-10-16 22:13:12,993 [grpc-default-executor-5] INFO  impl.RaftServerImpl (ServerState.java:close(388)) - d9e6ea44-93db-446f-8020-a94232284285@group-3DAE219B8A20: closes. applyIndex: 0
2019-10-16 22:13:12,994 [d9e6ea44-93db-446f-8020-a94232284285@group-3DAE219B8A20-SegmentedRaftLogWorker] INFO  segmented.SegmentedRaftLogWorker (SegmentedRaftLogWorker.java:run(316)) - d9e6ea44-93db-446f-8020-a94232284285@group-3DAE219B8A20-SegmentedRaftLogWorker was interrupted, exiting. There are 0 tasks remaining in the queue.
2019-10-16 22:13:12,995 [grpc-default-executor-5] INFO  segmented.SegmentedRaftLogWorker (SegmentedRaftLogWorker.java:close(224)) - d9e6ea44-93db-446f-8020-a94232284285@group-3DAE219B8A20-SegmentedRaftLogWorker close()
 0.00% |?                                                                                                    |  0/1 Time: 0:04:292019-10-16 22:13:13,018 [grpc-default-executor-5] INFO  interfaces.Container (KeyValueContainer.java:flushAndSyncDB(386)) - Container 6 is synced with bcsId 0.
2019-10-16 22:13:13,018 [grpc-default-executor-5] INFO  interfaces.Container (KeyValueContainer.java:flushAndSyncDB(386)) - Container 6 is synced with bcsId 0.
2019-10-16 22:13:13,026 [RatisPipelineUtilsThread] INFO  pipeline.PipelineStateManager (PipelineStateManager.java:removePipeline(108)) - Pipeline Pipeline[ Id: 83290bc9-2984-4bd0-a43c-3dae219b8a20, Nodes: 3989452c-7599-4156-9543-3fe544ced0f3{ip: 192.168.157.254, host: pr-hdds-1868-qdb9g-714931517, networkLocation: /default-rack, certSerialId: null}eec99a0c-e1b1-4518-bc49-9d1a8c8e04d5{ip: 192.168.157.254, host: pr-hdds-1868-qdb9g-714931517, networkLocation: /default-rack, certSerialId: null}d9e6ea44-93db-446f-8020-a94232284285{ip: 192.168.157.254, host: pr-hdds-1868-qdb9g-714931517, networkLocation: /default-rack, certSerialId: null}, Type:RATIS, Factor:THREE, State:CLOSED] removed from db
2019-10-16 22:13:13,033 [grpc-default-executor-5] INFO  impl.RaftServerProxy (RaftServerProxy.java:remove(95)) - 3989452c-7599-4156-9543-3fe544ced0f3: remove group-3DAE219B8A20:null
2019-10-16 22:13:13,040 [RatisPipelineUtilsThread] WARN  pipeline.RatisPipelineUtils (RatisPipelineUtils.java:destroyPipeline(69)) - Pipeline destroy failed for pipeline=PipelineID=83290bc9-2984-4bd0-a43c-3dae219b8a20 dn=3989452c-7599-4156-9543-3fe544ced0f3{ip: 192.168.157.254, host: pr-hdds-1868-qdb9g-714931517, networkLocation: /default-rack, certSerialId: null}
2019-10-16 22:13:13,052 [grpc-default-executor-5] INFO  impl.RaftServerProxy (RaftServerProxy.java:remove(95)) - eec99a0c-e1b1-4518-bc49-9d1a8c8e04d5: remove group-3DAE219B8A20:null
2019-10-16 22:13:13,060 [RatisPipelineUtilsThread] WARN  pipeline.RatisPipelineUtils (RatisPipelineUtils.java:destroyPipeline(69)) - Pipeline destroy failed for pipeline=PipelineID=83290bc9-2984-4bd0-a43c-3dae219b8a20 dn=eec99a0c-e1b1-4518-bc49-9d1a8c8e04d5{ip: 192.168.157.254, host: pr-hdds-1868-qdb9g-714931517, networkLocation: /default-rack, certSerialId: null}
2019-10-16 22:13:13,066 [grpc-default-executor-5] INFO  impl.RaftServerProxy (RaftServerProxy.java:remove(95)) - d9e6ea44-93db-446f-8020-a94232284285: remove group-3DAE219B8A20:null
2019-10-16 22:13:13,072 [RatisPipelineUtilsThread] WARN  pipeline.RatisPipelineUtils (RatisPipelineUtils.java:destroyPipeline(69)) - Pipeline destroy failed for pipeline=PipelineID=83290bc9-2984-4bd0-a43c-3dae219b8a20 dn=d9e6ea44-93db-446f-8020-a94232284285{ip: 192.168.157.254, host: pr-hdds-1868-qdb9g-714931517, networkLocation: /default-rack, certSerialId: null}
2019-10-16 22:13:13,073 [RatisPipelineUtilsThread] ERROR pipeline.SCMPipelineManager (Scheduler.java:lambda$schedule$1(70)) - Destroy pipeline failed for pipeline:Pipeline[ Id: 83290bc9-2984-4bd0-a43c-3dae219b8a20, Nodes: 3989452c-7599-4156-9543-3fe544ced0f3{ip: 192.168.157.254, host: pr-hdds-1868-qdb9g-714931517, networkLocation: /default-rack, certSerialId: null}eec99a0c-e1b1-4518-bc49-9d1a8c8e04d5{ip: 192.168.157.254, host: pr-hdds-1868-qdb9g-714931517, networkLocation: /default-rack, certSerialId: null}d9e6ea44-93db-446f-8020-a94232284285{ip: 192.168.157.254, host: pr-hdds-1868-qdb9g-714931517, networkLocation: /default-rack, certSerialId: null}, Type:RATIS, Factor:THREE, State:CLOSED]
org.apache.hadoop.hdds.scm.pipeline.PipelineNotFoundException: PipelineID=83290bc9-2984-4bd0-a43c-3dae219b8a20 not found
	at org.apache.hadoop.hdds.scm.pipeline.PipelineStateMap.getPipeline(PipelineStateMap.java:132)
	at org.apache.hadoop.hdds.scm.pipeline.PipelineStateMap.removePipeline(PipelineStateMap.java:322)
	at org.apache.hadoop.hdds.scm.pipeline.PipelineStateManager.removePipeline(PipelineStateManager.java:107)
	at org.apache.hadoop.hdds.scm.pipeline.SCMPipelineManager.removePipeline(SCMPipelineManager.java:427)
	at org.apache.hadoop.hdds.scm.pipeline.SCMPipelineManager.destroyPipeline(SCMPipelineManager.java:413)
	at org.apache.hadoop.hdds.scm.pipeline.SCMPipelineManager.lambda$finalizeAndDestroyPipeline$0(SCMPipelineManager.java:322)
	at org.apache.hadoop.hdds.utils.Scheduler.lambda$schedule$1(Scheduler.java:68)
	at java.util.concurrent.Executors$RunnableAdapter.call(Executors.java:511)
	at java.util.concurrent.FutureTask.run(FutureTask.java:266)
	at java.util.concurrent.ScheduledThreadPoolExecutor$ScheduledFutureTask.access$201(ScheduledThreadPoolExecutor.java:180)
	at java.util.concurrent.ScheduledThreadPoolExecutor$ScheduledFutureTask.run(ScheduledThreadPoolExecutor.java:293)
	at java.util.concurrent.ThreadPoolExecutor.runWorker(ThreadPoolExecutor.java:1149)
	at java.util.concurrent.ThreadPoolExecutor$Worker.run(ThreadPoolExecutor.java:624)
	at java.lang.Thread.run(Thread.java:748)
 0.00% |?                                                                                                    |  0/1 Time: 0:04:302019-10-16 22:13:14,008 [pool-73-thread-3] WARN  io.KeyOutputStream (KeyOutputStream.java:handleException(274)) - Encountered exception java.io.IOException: Unexpected Storage Container Exception: java.util.concurrent.CompletionException: java.util.concurrent.CompletionException: org.apache.ratis.protocol.GroupMismatchException: 3989452c-7599-4156-9543-3fe544ced0f3: group-3DAE219B8A20 not found. on the pipeline Pipeline[ Id: 83290bc9-2984-4bd0-a43c-3dae219b8a20, Nodes: 3989452c-7599-4156-9543-3fe544ced0f3{ip: 192.168.157.254, host: pr-hdds-1868-qdb9g-714931517, networkLocation: /default-rack, certSerialId: null}eec99a0c-e1b1-4518-bc49-9d1a8c8e04d5{ip: 192.168.157.254, host: pr-hdds-1868-qdb9g-714931517, networkLocation: /default-rack, certSerialId: null}d9e6ea44-93db-446f-8020-a94232284285{ip: 192.168.157.254, host: pr-hdds-1868-qdb9g-714931517, networkLocation: /default-rack, certSerialId: null}, Type:RATIS, Factor:THREE, State:OPEN]. The last committed block length is 0, uncommitted data length is 2097152 retry count 3
2019-10-16 22:13:14,209 [pool-26-thread-11] ERROR impl.ChunkManagerImpl (ChunkManagerDummyImpl.java:writeChunk(86)) - data array does not match the length specified. DataLen: 1048576 Byte Array: 1048745
2019-10-16 22:13:14,213 [pool-26-thread-11] ERROR impl.ChunkManagerDummyImpl (ChunkManagerDummyImpl.java:writeChunk(105)) - write data failed. error: {}
org.apache.hadoop.hdds.scm.container.common.helpers.StorageContainerException: data array does not match the length specified. DataLen: 1048576 Byte Array: 1048745
	at org.apache.hadoop.ozone.container.keyvalue.impl.ChunkManagerDummyImpl.writeChunk(ChunkManagerDummyImpl.java:87)
	at org.apache.hadoop.ozone.container.keyvalue.KeyValueHandler.handleWriteChunk(KeyValueHandler.java:696)
	at org.apache.hadoop.ozone.container.keyvalue.KeyValueHandler.handle(KeyValueHandler.java:176)
	at org.apache.hadoop.ozone.container.common.impl.HddsDispatcher.dispatchRequest(HddsDispatcher.java:277)
	at org.apache.hadoop.ozone.container.common.impl.HddsDispatcher.dispatch(HddsDispatcher.java:150)
	at org.apache.hadoop.ozone.container.common.transport.server.ratis.ContainerStateMachine.dispatchCommand(ContainerStateMachine.java:415)
	at org.apache.hadoop.ozone.container.common.transport.server.ratis.ContainerStateMachine.runCommand(ContainerStateMachine.java:425)
	at org.apache.hadoop.ozone.container.common.transport.server.ratis.ContainerStateMachine.lambda$handleWriteChunk$1(ContainerStateMachine.java:460)
	at java.util.concurrent.CompletableFuture$AsyncSupply.run(CompletableFuture.java:1590)
	at java.util.concurrent.ThreadPoolExecutor.runWorker(ThreadPoolExecutor.java:1149)
	at java.util.concurrent.ThreadPoolExecutor$Worker.run(ThreadPoolExecutor.java:624)
	at java.lang.Thread.run(Thread.java:748)
2019-10-16 22:13:14,213 [pool-26-thread-11] INFO  keyvalue.KeyValueHandler (ContainerUtils.java:logAndReturnError(146)) - Operation: WriteChunk : Trace ID: f8c5fafcb221b68a:aaa343a7d8f3965f:bb7d3ec7caad6159:0 : Message: Internal error:  : Result: CONTAINER_INTERNAL_ERROR
2019-10-16 22:13:14,226 [EventQueue-IncrementalContainerReportForIncrementalContainerReportHandler] WARN  container.IncrementalContainerReportHandler (AbstractContainerReportHandler.java:updateContainerState(145)) - Container #7 is in OPEN state, but the datanode eec99a0c-e1b1-4518-bc49-9d1a8c8e04d5{ip: 192.168.157.254, host: pr-hdds-1868-qdb9g-714931517, networkLocation: /default-rack, certSerialId: null} reports an UNHEALTHY replica.
2019-10-16 22:13:14,228 [EventQueue-CloseContainerForCloseContainerEventHandler] INFO  container.CloseContainerEventHandler (CloseContainerEventHandler.java:onMessage(61)) - Close container Event triggered for container : #7
22:13:14.226 [pool-26-thread-11] ERROR DNAudit - user=null | ip=null | op=WRITE_CHUNK {blockData=conID: 7 locID: 102974357112619017 bcsId: 0} | ret=FAILURE
java.lang.Exception: Internal error: 
	at org.apache.hadoop.ozone.container.common.impl.HddsDispatcher.dispatchRequest(HddsDispatcher.java:332) ~[hadoop-hdds-container-service-0.5.0-SNAPSHOT.jar:?]
	at org.apache.hadoop.ozone.container.common.impl.HddsDispatcher.dispatch(HddsDispatcher.java:150) ~[hadoop-hdds-container-service-0.5.0-SNAPSHOT.jar:?]
	at org.apache.hadoop.ozone.container.common.transport.server.ratis.ContainerStateMachine.dispatchCommand(ContainerStateMachine.java:415) ~[hadoop-hdds-container-service-0.5.0-SNAPSHOT.jar:?]
	at org.apache.hadoop.ozone.container.common.transport.server.ratis.ContainerStateMachine.runCommand(ContainerStateMachine.java:425) ~[hadoop-hdds-container-service-0.5.0-SNAPSHOT.jar:?]
	at org.apache.hadoop.ozone.container.common.transport.server.ratis.ContainerStateMachine.lambda$handleWriteChunk$1(ContainerStateMachine.java:460) ~[hadoop-hdds-container-service-0.5.0-SNAPSHOT.jar:?]
	at java.util.concurrent.CompletableFuture$AsyncSupply.run(CompletableFuture.java:1590) [?:1.8.0_222]
	at java.util.concurrent.ThreadPoolExecutor.runWorker(ThreadPoolExecutor.java:1149) [?:1.8.0_222]
	at java.util.concurrent.ThreadPoolExecutor$Worker.run(ThreadPoolExecutor.java:624) [?:1.8.0_222]
	at java.lang.Thread.run(Thread.java:748) [?:1.8.0_222]
2019-10-16 22:13:14,230 [pool-26-thread-11] ERROR ratis.ContainerStateMachine (ContainerStateMachine.java:lambda$handleWriteChunk$2(482)) - group-0A2957FA1D3D: writeChunk writeStateMachineData failed: blockIdcontainerID: 7
localID: 102974357112619017
blockCommitSequenceId: 0
 logIndex 1 chunkName 102974357112619017_chunk_1 Error message: Internal error:  Container Result: CONTAINER_INTERNAL_ERROR
2019-10-16 22:13:14,230 [eec99a0c-e1b1-4518-bc49-9d1a8c8e04d5@group-0A2957FA1D3D-SegmentedRaftLogWorker] ERROR ratis.XceiverServerRatis (XceiverServerRatis.java:triggerPipelineClose(589)) - pipeline Action CLOSE  on pipeline PipelineID=f12b8f10-eb28-4cc3-84b3-0a2957fa1d3d.Reason : Internal error: 
2019-10-16 22:13:14,231 [eec99a0c-e1b1-4518-bc49-9d1a8c8e04d5@group-0A2957FA1D3D-SegmentedRaftLogWorker] ERROR ratis.XceiverServerRatis (XceiverServerRatis.java:triggerPipelineClose(589)) - pipeline Action CLOSE  on pipeline PipelineID=f12b8f10-eb28-4cc3-84b3-0a2957fa1d3d.Reason : Log already failed at index 1 for task WriteLog:1: (t:1, i:1), STATEMACHINELOGENTRY, client-FB11A60AB39C, cid=57
2019-10-16 22:13:14,231 [EventQueue-PipelineActionsForPipelineActionHandler] ERROR pipeline.PipelineActionHandler (PipelineActionHandler.java:onMessage(60)) - Received pipeline action CLOSE for Pipeline[ Id: f12b8f10-eb28-4cc3-84b3-0a2957fa1d3d, Nodes: 3989452c-7599-4156-9543-3fe544ced0f3{ip: 192.168.157.254, host: pr-hdds-1868-qdb9g-714931517, networkLocation: /default-rack, certSerialId: null}eec99a0c-e1b1-4518-bc49-9d1a8c8e04d5{ip: 192.168.157.254, host: pr-hdds-1868-qdb9g-714931517, networkLocation: /default-rack, certSerialId: null}d9e6ea44-93db-446f-8020-a94232284285{ip: 192.168.157.254, host: pr-hdds-1868-qdb9g-714931517, networkLocation: /default-rack, certSerialId: null}, Type:RATIS, Factor:THREE, State:OPEN] from datanode eec99a0c-e1b1-4518-bc49-9d1a8c8e04d5{ip: 192.168.157.254, host: pr-hdds-1868-qdb9g-714931517, networkLocation: /default-rack, certSerialId: null}. Reason : Internal error: 
2019-10-16 22:13:14,231 [EventQueue-PipelineActionsForPipelineActionHandler] INFO  pipeline.SCMPipelineManager (SCMPipelineManager.java:finalizeAndDestroyPipeline(315)) - destroying pipeline:Pipeline[ Id: f12b8f10-eb28-4cc3-84b3-0a2957fa1d3d, Nodes: 3989452c-7599-4156-9543-3fe544ced0f3{ip: 192.168.157.254, host: pr-hdds-1868-qdb9g-714931517, networkLocation: /default-rack, certSerialId: null}eec99a0c-e1b1-4518-bc49-9d1a8c8e04d5{ip: 192.168.157.254, host: pr-hdds-1868-qdb9g-714931517, networkLocation: /default-rack, certSerialId: null}d9e6ea44-93db-446f-8020-a94232284285{ip: 192.168.157.254, host: pr-hdds-1868-qdb9g-714931517, networkLocation: /default-rack, certSerialId: null}, Type:RATIS, Factor:THREE, State:OPEN]
2019-10-16 22:13:14,232 [EventQueue-PipelineActionsForPipelineActionHandler] INFO  pipeline.PipelineStateManager (PipelineStateManager.java:finalizePipeline(123)) - Pipeline Pipeline[ Id: f12b8f10-eb28-4cc3-84b3-0a2957fa1d3d, Nodes: 3989452c-7599-4156-9543-3fe544ced0f3{ip: 192.168.157.254, host: pr-hdds-1868-qdb9g-714931517, networkLocation: /default-rack, certSerialId: null}eec99a0c-e1b1-4518-bc49-9d1a8c8e04d5{ip: 192.168.157.254, host: pr-hdds-1868-qdb9g-714931517, networkLocation: /default-rack, certSerialId: null}d9e6ea44-93db-446f-8020-a94232284285{ip: 192.168.157.254, host: pr-hdds-1868-qdb9g-714931517, networkLocation: /default-rack, certSerialId: null}, Type:RATIS, Factor:THREE, State:CLOSED] moved to CLOSED state
2019-10-16 22:13:14,232 [EventQueue-PipelineActionsForPipelineActionHandler] ERROR pipeline.PipelineActionHandler (PipelineActionHandler.java:onMessage(60)) - Received pipeline action CLOSE for Pipeline[ Id: f12b8f10-eb28-4cc3-84b3-0a2957fa1d3d, Nodes: 3989452c-7599-4156-9543-3fe544ced0f3{ip: 192.168.157.254, host: pr-hdds-1868-qdb9g-714931517, networkLocation: /default-rack, certSerialId: null}eec99a0c-e1b1-4518-bc49-9d1a8c8e04d5{ip: 192.168.157.254, host: pr-hdds-1868-qdb9g-714931517, networkLocation: /default-rack, certSerialId: null}d9e6ea44-93db-446f-8020-a94232284285{ip: 192.168.157.254, host: pr-hdds-1868-qdb9g-714931517, networkLocation: /default-rack, certSerialId: null}, Type:RATIS, Factor:THREE, State:CLOSED] from datanode eec99a0c-e1b1-4518-bc49-9d1a8c8e04d5{ip: 192.168.157.254, host: pr-hdds-1868-qdb9g-714931517, networkLocation: /default-rack, certSerialId: null}. Reason : Log already failed at index 1 for task WriteLog:1: (t:1, i:1), STATEMACHINELOGENTRY, client-FB11A60AB39C, cid=57
2019-10-16 22:13:14,232 [EventQueue-PipelineActionsForPipelineActionHandler] INFO  pipeline.SCMPipelineManager (SCMPipelineManager.java:finalizeAndDestroyPipeline(315)) - destroying pipeline:Pipeline[ Id: f12b8f10-eb28-4cc3-84b3-0a2957fa1d3d, Nodes: 3989452c-7599-4156-9543-3fe544ced0f3{ip: 192.168.157.254, host: pr-hdds-1868-qdb9g-714931517, networkLocation: /default-rack, certSerialId: null}eec99a0c-e1b1-4518-bc49-9d1a8c8e04d5{ip: 192.168.157.254, host: pr-hdds-1868-qdb9g-714931517, networkLocation: /default-rack, certSerialId: null}d9e6ea44-93db-446f-8020-a94232284285{ip: 192.168.157.254, host: pr-hdds-1868-qdb9g-714931517, networkLocation: /default-rack, certSerialId: null}, Type:RATIS, Factor:THREE, State:CLOSED]
 0.00% |?                                                                                                    |  0/1 Time: 0:04:31 0.00% |?                                                                                                    |  0/1 Time: 0:04:32 0.00% |?                                                                                                    |  0/1 Time: 0:04:332019-10-16 22:13:17,969 [grpc-default-executor-16] INFO  impl.FollowerInfo (FollowerInfo.java:lambda$new$0(51)) - eec99a0c-e1b1-4518-bc49-9d1a8c8e04d5@group-3DAE219B8A20->3989452c-7599-4156-9543-3fe544ced0f3: nextIndex: updateUnconditionally 3 -> 2
 0.00% |?                                                                                                    |  0/1 Time: 0:04:34 0.00% |?                                                                                                    |  0/1 Time: 0:04:35 0.00% |?                                                                                                    |  0/1 Time: 0:04:36 0.00% |?                                                                                                    |  0/1 Time: 0:04:37 0.00% |?                                                                                                    |  0/1 Time: 0:04:382019-10-16 22:13:22,974 [grpc-default-executor-18] INFO  impl.FollowerInfo (FollowerInfo.java:lambda$new$0(51)) - eec99a0c-e1b1-4518-bc49-9d1a8c8e04d5@group-3DAE219B8A20->d9e6ea44-93db-446f-8020-a94232284285: nextIndex: updateUnconditionally 3 -> 2
 0.00% |?                                                                                                    |  0/1 Time: 0:04:39 0.00% |?                                                                                                    |  0/1 Time: 0:04:40 0.00% |?                                                                                                    |  0/1 Time: 0:04:41 0.00% |?                                                                                                    |  0/1 Time: 0:04:42 0.00% |?                                                                                                    |  0/1 Time: 0:04:43 0.00% |?                                                                                                    |  0/1 Time: 0:04:44 0.00% |?                                                                                                    |  0/1 Time: 0:04:45 0.00% |?                                                                                                    |  0/1 Time: 0:04:46 0.00% |?                                                                                                    |  0/1 Time: 0:04:47 0.00% |?                                                                                                    |  0/1 Time: 0:04:48 0.00% |?                                                                                                    |  0/1 Time: 0:04:49 0.00% |?                                                                                                    |  0/1 Time: 0:04:50 0.00% |?                                                                                                    |  0/1 Time: 0:04:51 0.00% |?                                                                                                    |  0/1 Time: 0:04:52 0.00% |?                                                                                                    |  0/1 Time: 0:04:53 0.00% |?                                                                                                    |  0/1 Time: 0:04:54 0.00% |?                                                                                                    |  0/1 Time: 0:04:55 0.00% |?                                                                                                    |  0/1 Time: 0:04:56 0.00% |?                                                                                                    |  0/1 Time: 0:04:57 0.00% |?                                                                                                    |  0/1 Time: 0:04:58 0.00% |?                                                                                                    |  0/1 Time: 0:04:59 0.00% |?                                                                                                    |  0/1 Time: 0:05:002019-10-16 22:13:44,067 [ReplicationMonitor] INFO  container.ReplicationManager (ReplicationManager.java:forceCloseContainer(464)) - Force closing container #5 with BCSID 0, which is in QUASI_CLOSED state.
2019-10-16 22:13:44,069 [ReplicationMonitor] INFO  container.ReplicationManager (ReplicationManager.java:sendCloseCommand(659)) - Sending close container command for container #5 to datanode d9e6ea44-93db-446f-8020-a94232284285{ip: 192.168.157.254, host: pr-hdds-1868-qdb9g-714931517, networkLocation: /default-rack, certSerialId: null}.
2019-10-16 22:13:44,070 [ReplicationMonitor] INFO  container.ReplicationManager (ReplicationManager.java:sendCloseCommand(659)) - Sending close container command for container #5 to datanode 3989452c-7599-4156-9543-3fe544ced0f3{ip: 192.168.157.254, host: pr-hdds-1868-qdb9g-714931517, networkLocation: /default-rack, certSerialId: null}.
2019-10-16 22:13:44,070 [ReplicationMonitor] INFO  container.ReplicationManager (ReplicationManager.java:forceCloseContainer(464)) - Force closing container #6 with BCSID 0, which is in QUASI_CLOSED state.
2019-10-16 22:13:44,070 [ReplicationMonitor] INFO  container.ReplicationManager (ReplicationManager.java:sendCloseCommand(659)) - Sending close container command for container #6 to datanode 3989452c-7599-4156-9543-3fe544ced0f3{ip: 192.168.157.254, host: pr-hdds-1868-qdb9g-714931517, networkLocation: /default-rack, certSerialId: null}.
2019-10-16 22:13:44,070 [ReplicationMonitor] INFO  container.ReplicationManager (ReplicationManager.java:sendCloseCommand(659)) - Sending close container command for container #6 to datanode d9e6ea44-93db-446f-8020-a94232284285{ip: 192.168.157.254, host: pr-hdds-1868-qdb9g-714931517, networkLocation: /default-rack, certSerialId: null}.
2019-10-16 22:13:44,071 [ReplicationMonitor] INFO  container.ReplicationManager (ReplicationManager.java:sendCloseCommand(659)) - Sending close container command for container #7 to datanode 3989452c-7599-4156-9543-3fe544ced0f3{ip: 192.168.157.254, host: pr-hdds-1868-qdb9g-714931517, networkLocation: /default-rack, certSerialId: null}.
2019-10-16 22:13:44,071 [ReplicationMonitor] INFO  container.ReplicationManager (ReplicationManager.java:sendCloseCommand(659)) - Sending close container command for container #7 to datanode d9e6ea44-93db-446f-8020-a94232284285{ip: 192.168.157.254, host: pr-hdds-1868-qdb9g-714931517, networkLocation: /default-rack, certSerialId: null}.
2019-10-16 22:13:44,071 [ReplicationMonitor] INFO  container.ReplicationManager (ReplicationManager.java:sendCloseCommand(659)) - Sending close container command for container #7 to datanode eec99a0c-e1b1-4518-bc49-9d1a8c8e04d5{ip: 192.168.157.254, host: pr-hdds-1868-qdb9g-714931517, networkLocation: /default-rack, certSerialId: null}.
2019-10-16 22:13:44,072 [ReplicationMonitor] INFO  container.ReplicationManager (ReplicationManager.java:forceCloseContainer(464)) - Force closing container #1 with BCSID 0, which is in QUASI_CLOSED state.
2019-10-16 22:13:44,072 [ReplicationMonitor] INFO  container.ReplicationManager (ReplicationManager.java:sendCloseCommand(659)) - Sending close container command for container #1 to datanode eec99a0c-e1b1-4518-bc49-9d1a8c8e04d5{ip: 192.168.157.254, host: pr-hdds-1868-qdb9g-714931517, networkLocation: /default-rack, certSerialId: null}.
2019-10-16 22:13:44,072 [ReplicationMonitor] INFO  container.ReplicationManager (ReplicationManager.java:sendCloseCommand(659)) - Sending close container command for container #1 to datanode 3989452c-7599-4156-9543-3fe544ced0f3{ip: 192.168.157.254, host: pr-hdds-1868-qdb9g-714931517, networkLocation: /default-rack, certSerialId: null}.
2019-10-16 22:13:44,072 [ReplicationMonitor] INFO  container.ReplicationManager (ReplicationManager.java:forceCloseContainer(464)) - Force closing container #4 with BCSID 0, which is in QUASI_CLOSED state.
2019-10-16 22:13:44,072 [ReplicationMonitor] INFO  container.ReplicationManager (ReplicationManager.java:sendCloseCommand(659)) - Sending close container command for container #4 to datanode 3989452c-7599-4156-9543-3fe544ced0f3{ip: 192.168.157.254, host: pr-hdds-1868-qdb9g-714931517, networkLocation: /default-rack, certSerialId: null}.
2019-10-16 22:13:44,073 [ReplicationMonitor] INFO  container.ReplicationManager (ReplicationManager.java:sendCloseCommand(659)) - Sending close container command for container #4 to datanode d9e6ea44-93db-446f-8020-a94232284285{ip: 192.168.157.254, host: pr-hdds-1868-qdb9g-714931517, networkLocation: /default-rack, certSerialId: null}.
2019-10-16 22:13:44,073 [ReplicationMonitor] INFO  container.ReplicationManager (ReplicationManager.java:run(225)) - Replication Monitor Thread took 13 milliseconds for processing 7 containers.
 0.00% |?                                                                                                    |  0/1 Time: 0:05:012019-10-16 22:13:45,228 [Command processor thread] INFO  interfaces.Container (KeyValueContainer.java:flushAndSyncDB(386)) - Container 5 is synced with bcsId 0.
2019-10-16 22:13:45,229 [Command processor thread] INFO  interfaces.Container (KeyValueContainer.java:flushAndSyncDB(386)) - Container 5 is synced with bcsId 0.
2019-10-16 22:13:45,235 [Command processor thread] INFO  interfaces.Container (KeyValueContainer.java:flushAndSyncDB(386)) - Container 1 is synced with bcsId 0.
2019-10-16 22:13:45,235 [Command processor thread] INFO  interfaces.Container (KeyValueContainer.java:flushAndSyncDB(386)) - Container 1 is synced with bcsId 0.
2019-10-16 22:13:45,246 [Command processor thread] INFO  interfaces.Container (KeyValueContainer.java:close(335)) - Container 5 is closed with bcsId 0.
2019-10-16 22:13:45,246 [Command processor thread] INFO  interfaces.Container (KeyValueContainer.java:close(335)) - Container 1 is closed with bcsId 0.
2019-10-16 22:13:45,247 [Command processor thread] INFO  interfaces.Container (KeyValueContainer.java:flushAndSyncDB(386)) - Container 6 is synced with bcsId 0.
2019-10-16 22:13:45,247 [Command processor thread] INFO  interfaces.Container (KeyValueContainer.java:flushAndSyncDB(386)) - Container 6 is synced with bcsId 0.
2019-10-16 22:13:45,247 [EventQueue-IncrementalContainerReportForIncrementalContainerReportHandler] INFO  container.IncrementalContainerReportHandler (AbstractContainerReportHandler.java:updateContainerState(204)) - Moving container #1 to CLOSED state, datanode eec99a0c-e1b1-4518-bc49-9d1a8c8e04d5{ip: 192.168.157.254, host: pr-hdds-1868-qdb9g-714931517, networkLocation: /default-rack, certSerialId: null} reported CLOSED replica.
2019-10-16 22:13:45,248 [EventQueue-IncrementalContainerReportForIncrementalContainerReportHandler] INFO  container.IncrementalContainerReportHandler (AbstractContainerReportHandler.java:updateContainerState(204)) - Moving container #5 to CLOSED state, datanode d9e6ea44-93db-446f-8020-a94232284285{ip: 192.168.157.254, host: pr-hdds-1868-qdb9g-714931517, networkLocation: /default-rack, certSerialId: null} reported CLOSED replica.
2019-10-16 22:13:45,273 [Command processor thread] INFO  interfaces.Container (KeyValueContainer.java:close(335)) - Container 6 is closed with bcsId 0.
2019-10-16 22:13:45,274 [Command processor thread] INFO  interfaces.Container (KeyValueContainer.java:flushAndSyncDB(386)) - Container 4 is synced with bcsId 0.
2019-10-16 22:13:45,274 [Command processor thread] INFO  interfaces.Container (KeyValueContainer.java:flushAndSyncDB(386)) - Container 4 is synced with bcsId 0.
2019-10-16 22:13:45,274 [EventQueue-IncrementalContainerReportForIncrementalContainerReportHandler] INFO  container.IncrementalContainerReportHandler (AbstractContainerReportHandler.java:updateContainerState(204)) - Moving container #6 to CLOSED state, datanode d9e6ea44-93db-446f-8020-a94232284285{ip: 192.168.157.254, host: pr-hdds-1868-qdb9g-714931517, networkLocation: /default-rack, certSerialId: null} reported CLOSED replica.
2019-10-16 22:13:45,297 [Command processor thread] INFO  interfaces.Container (KeyValueContainer.java:close(335)) - Container 4 is closed with bcsId 0.
2019-10-16 22:13:45,298 [EventQueue-IncrementalContainerReportForIncrementalContainerReportHandler] INFO  container.IncrementalContainerReportHandler (AbstractContainerReportHandler.java:updateContainerState(204)) - Moving container #4 to CLOSED state, datanode d9e6ea44-93db-446f-8020-a94232284285{ip: 192.168.157.254, host: pr-hdds-1868-qdb9g-714931517, networkLocation: /default-rack, certSerialId: null} reported CLOSED replica.
 0.00% |?                                                                                                    |  0/1 Time: 0:05:022019-10-16 22:13:46,228 [Command processor thread] INFO  interfaces.Container (KeyValueContainer.java:flushAndSyncDB(386)) - Container 5 is synced with bcsId 0.
2019-10-16 22:13:46,228 [Command processor thread] INFO  interfaces.Container (KeyValueContainer.java:flushAndSyncDB(386)) - Container 5 is synced with bcsId 0.
2019-10-16 22:13:46,233 [Command processor thread] INFO  interfaces.Container (KeyValueContainer.java:close(335)) - Container 5 is closed with bcsId 0.
2019-10-16 22:13:46,234 [Command processor thread] INFO  interfaces.Container (KeyValueContainer.java:flushAndSyncDB(386)) - Container 6 is synced with bcsId 0.
2019-10-16 22:13:46,234 [Command processor thread] INFO  interfaces.Container (KeyValueContainer.java:flushAndSyncDB(386)) - Container 6 is synced with bcsId 0.
2019-10-16 22:13:46,258 [Command processor thread] INFO  interfaces.Container (KeyValueContainer.java:close(335)) - Container 6 is closed with bcsId 0.
2019-10-16 22:13:46,259 [Command processor thread] INFO  interfaces.Container (KeyValueContainer.java:flushAndSyncDB(386)) - Container 1 is synced with bcsId 0.
2019-10-16 22:13:46,259 [Command processor thread] INFO  interfaces.Container (KeyValueContainer.java:flushAndSyncDB(386)) - Container 1 is synced with bcsId 0.
2019-10-16 22:13:46,274 [Command processor thread] INFO  interfaces.Container (KeyValueContainer.java:close(335)) - Container 1 is closed with bcsId 0.
2019-10-16 22:13:46,274 [Command processor thread] INFO  interfaces.Container (KeyValueContainer.java:flushAndSyncDB(386)) - Container 4 is synced with bcsId 0.
2019-10-16 22:13:46,275 [Command processor thread] INFO  interfaces.Container (KeyValueContainer.java:flushAndSyncDB(386)) - Container 4 is synced with bcsId 0.
2019-10-16 22:13:46,289 [Command processor thread] INFO  interfaces.Container (KeyValueContainer.java:close(335)) - Container 4 is closed with bcsId 0.
 0.00% |?                                                                                                    |  0/1 Time: 0:05:03 0.00% |?                                                                                                    |  0/1 Time: 0:05:04 0.00% |?                                                                                                    |  0/1 Time: 0:05:05 0.00% |?                                                                                                    |  0/1 Time: 0:05:06 0.00% |?                                                                                                    |  0/1 Time: 0:05:07 0.00% |?                                                                                                    |  0/1 Time: 0:05:08 0.00% |?                                                                                                    |  0/1 Time: 0:05:09 0.00% |?                                                                                                    |  0/1 Time: 0:05:10 0.00% |?                                                                                                    |  0/1 Time: 0:05:11 0.00% |?                                                                                                    |  0/1 Time: 0:05:12 0.00% |?                                                                                                    |  0/1 Time: 0:05:13 0.00% |?                                                                                                    |  0/1 Time: 0:05:14 0.00% |?                                                                                                    |  0/1 Time: 0:05:15 0.00% |?                                                                                                    |  0/1 Time: 0:05:16 0.00% |?                                                                                                    |  0/1 Time: 0:05:17 0.00% |?                                                                                                    |  0/1 Time: 0:05:18 0.00% |?                                                                                                    |  0/1 Time: 0:05:19 0.00% |?                                                                                                    |  0/1 Time: 0:05:20 0.00% |?                                                                                                    |  0/1 Time: 0:05:21 0.00% |?                                                                                                    |  0/1 Time: 0:05:22 0.00% |?                                                                                                    |  0/1 Time: 0:05:23 0.00% |?                                                                                                    |  0/1 Time: 0:05:24 0.00% |?                                                                                                    |  0/1 Time: 0:05:25 0.00% |?                                                                                                    |  0/1 Time: 0:05:26 0.00% |?                                                                                                    |  0/1 Time: 0:05:27 0.00% |?                                                                                                    |  0/1 Time: 0:05:28 0.00% |?                                                                                                    |  0/1 Time: 0:05:29 0.00% |?                                                                                                    |  0/1 Time: 0:05:30 0.00% |?                                                                                                    |  0/1 Time: 0:05:31 0.00% |?                                                                                                    |  0/1 Time: 0:05:32 0.00% |?                                                                                                    |  0/1 Time: 0:05:33 0.00% |?                                                                                                    |  0/1 Time: 0:05:34 0.00% |?                                                                                                    |  0/1 Time: 0:05:35 0.00% |?                                                                                                    |  0/1 Time: 0:05:362019-10-16 22:14:20,245 [grpc-default-executor-18] INFO  impl.RaftServerProxy (RaftServerProxy.java:remove(95)) - 3989452c-7599-4156-9543-3fe544ced0f3: remove  FOLLOWER 3989452c-7599-4156-9543-3fe544ced0f3@group-0A2957FA1D3D:t1, leader=eec99a0c-e1b1-4518-bc49-9d1a8c8e04d5, voted=eec99a0c-e1b1-4518-bc49-9d1a8c8e04d5, raftlog=3989452c-7599-4156-9543-3fe544ced0f3@group-0A2957FA1D3D-SegmentedRaftLog:OPENED:c0,f2,i2, conf=0: [3989452c-7599-4156-9543-3fe544ced0f3:192.168.157.254:36320, eec99a0c-e1b1-4518-bc49-9d1a8c8e04d5:192.168.157.254:45598, d9e6ea44-93db-446f-8020-a94232284285:192.168.157.254:41671], old=null RUNNING
2019-10-16 22:14:20,246 [grpc-default-executor-18] INFO  impl.RaftServerImpl (RaftServerImpl.java:lambda$shutdown$3(261)) - 3989452c-7599-4156-9543-3fe544ced0f3@group-0A2957FA1D3D: shutdown
2019-10-16 22:14:20,246 [grpc-default-executor-18] INFO  util.JmxRegister (JmxRegister.java:unregister(73)) - Successfully un-registered JMX Bean with object name Ratis:service=RaftServer,group=group-0A2957FA1D3D,id=3989452c-7599-4156-9543-3fe544ced0f3
2019-10-16 22:14:20,246 [grpc-default-executor-18] INFO  impl.RoleInfo (RoleInfo.java:shutdownFollowerState(121)) - 3989452c-7599-4156-9543-3fe544ced0f3: shutdown FollowerState
2019-10-16 22:14:20,246 [grpc-default-executor-18] INFO  impl.StateMachineUpdater (StateMachineUpdater.java:stopAndJoin(136)) - 3989452c-7599-4156-9543-3fe544ced0f3@group-0A2957FA1D3D-StateMachineUpdater: set stopIndex = 0
2019-10-16 22:14:20,247 [Thread-740] INFO  impl.FollowerState (FollowerState.java:run(117)) - 3989452c-7599-4156-9543-3fe544ced0f3@group-0A2957FA1D3D-FollowerState was interrupted: java.lang.InterruptedException: sleep interrupted
2019-10-16 22:14:20,259 [grpc-default-executor-18] INFO  impl.RaftServerImpl (ServerState.java:close(388)) - 3989452c-7599-4156-9543-3fe544ced0f3@group-0A2957FA1D3D: closes. applyIndex: 0
2019-10-16 22:14:20,259 [3989452c-7599-4156-9543-3fe544ced0f3@group-0A2957FA1D3D-SegmentedRaftLogWorker] INFO  segmented.SegmentedRaftLogWorker (SegmentedRaftLogWorker.java:run(316)) - 3989452c-7599-4156-9543-3fe544ced0f3@group-0A2957FA1D3D-SegmentedRaftLogWorker was interrupted, exiting. There are 0 tasks remaining in the queue.
2019-10-16 22:14:20,261 [grpc-default-executor-18] INFO  segmented.SegmentedRaftLogWorker (SegmentedRaftLogWorker.java:close(224)) - 3989452c-7599-4156-9543-3fe544ced0f3@group-0A2957FA1D3D-SegmentedRaftLogWorker close()
2019-10-16 22:14:20,343 [grpc-default-executor-18] INFO  interfaces.Container (KeyValueContainer.java:flushAndSyncDB(386)) - Container 7 is synced with bcsId 0.
2019-10-16 22:14:20,343 [grpc-default-executor-18] INFO  interfaces.Container (KeyValueContainer.java:flushAndSyncDB(386)) - Container 7 is synced with bcsId 0.
2019-10-16 22:14:20,364 [EventQueue-IncrementalContainerReportForIncrementalContainerReportHandler] INFO  container.IncrementalContainerReportHandler (AbstractContainerReportHandler.java:updateContainerState(171)) - Moving container #7 to QUASI_CLOSED state, datanode 3989452c-7599-4156-9543-3fe544ced0f3{ip: 192.168.157.254, host: pr-hdds-1868-qdb9g-714931517, networkLocation: /default-rack, certSerialId: null} reported QUASI_CLOSED replica.
2019-10-16 22:14:20,372 [grpc-default-executor-18] INFO  impl.RaftServerProxy (RaftServerProxy.java:remove(95)) - eec99a0c-e1b1-4518-bc49-9d1a8c8e04d5: remove    LEADER eec99a0c-e1b1-4518-bc49-9d1a8c8e04d5@group-0A2957FA1D3D:t1, leader=eec99a0c-e1b1-4518-bc49-9d1a8c8e04d5, voted=eec99a0c-e1b1-4518-bc49-9d1a8c8e04d5, raftlog=eec99a0c-e1b1-4518-bc49-9d1a8c8e04d5@group-0A2957FA1D3D-SegmentedRaftLog:OPENED:c0,f0,i2, conf=0: [3989452c-7599-4156-9543-3fe544ced0f3:192.168.157.254:36320, eec99a0c-e1b1-4518-bc49-9d1a8c8e04d5:192.168.157.254:45598, d9e6ea44-93db-446f-8020-a94232284285:192.168.157.254:41671], old=null RUNNING
2019-10-16 22:14:20,373 [grpc-default-executor-18] INFO  impl.RaftServerImpl (RaftServerImpl.java:lambda$shutdown$3(261)) - eec99a0c-e1b1-4518-bc49-9d1a8c8e04d5@group-0A2957FA1D3D: shutdown
2019-10-16 22:14:20,373 [grpc-default-executor-18] INFO  util.JmxRegister (JmxRegister.java:unregister(73)) - Successfully un-registered JMX Bean with object name Ratis:service=RaftServer,group=group-0A2957FA1D3D,id=eec99a0c-e1b1-4518-bc49-9d1a8c8e04d5
2019-10-16 22:14:20,373 [grpc-default-executor-18] INFO  impl.RoleInfo (RoleInfo.java:shutdownLeaderState(104)) - eec99a0c-e1b1-4518-bc49-9d1a8c8e04d5: shutdown LeaderState
2019-10-16 22:14:20,376 [grpc-default-executor-18] INFO  impl.PendingRequests (PendingRequests.java:sendNotLeaderResponses(202)) - eec99a0c-e1b1-4518-bc49-9d1a8c8e04d5@group-0A2957FA1D3D-PendingRequests: sendNotLeaderResponses
2019-10-16 22:14:20,376 [org.apache.ratis.server.impl.LogAppender$AppenderDaemon$$Lambda$462/2111532691@172669c4] WARN  server.GrpcLogAppender (GrpcLogAppender.java:mayWait(149)) - eec99a0c-e1b1-4518-bc49-9d1a8c8e04d5@group-0A2957FA1D3D->3989452c-7599-4156-9543-3fe544ced0f3-GrpcLogAppender: Wait interrupted by java.lang.InterruptedException
2019-10-16 22:14:20,376 [org.apache.ratis.server.impl.LogAppender$AppenderDaemon$$Lambda$462/2111532691@26fbbf98] WARN  server.GrpcLogAppender (GrpcLogAppender.java:mayWait(149)) - eec99a0c-e1b1-4518-bc49-9d1a8c8e04d5@group-0A2957FA1D3D->d9e6ea44-93db-446f-8020-a94232284285-GrpcLogAppender: Wait interrupted by java.lang.InterruptedException
2019-10-16 22:14:20,382 [grpc-default-executor-5] INFO  server.GrpcServerProtocolService (GrpcServerProtocolService.java:onCompleted(113)) - 3989452c-7599-4156-9543-3fe544ced0f3: Completed APPEND_ENTRIES, lastRequest: eec99a0c-e1b1-4518-bc49-9d1a8c8e04d5->3989452c-7599-4156-9543-3fe544ced0f3#41-t1, previous=(t:1, i:2), leaderCommit=0, initializing? false, entries: <empty>
2019-10-16 22:14:20,385 [grpc-default-executor-5] INFO  server.GrpcServerProtocolService (GrpcServerProtocolService.java:onCompleted(113)) - d9e6ea44-93db-446f-8020-a94232284285: Completed APPEND_ENTRIES, lastRequest: eec99a0c-e1b1-4518-bc49-9d1a8c8e04d5->d9e6ea44-93db-446f-8020-a94232284285#41-t1, previous=(t:1, i:2), leaderCommit=0, initializing? false, entries: <empty>
2019-10-16 22:14:20,386 [grpc-default-executor-18] INFO  impl.StateMachineUpdater (StateMachineUpdater.java:stopAndJoin(136)) - eec99a0c-e1b1-4518-bc49-9d1a8c8e04d5@group-0A2957FA1D3D-StateMachineUpdater: set stopIndex = 0
2019-10-16 22:14:20,388 [grpc-default-executor-18] INFO  impl.RaftServerImpl (ServerState.java:close(388)) - eec99a0c-e1b1-4518-bc49-9d1a8c8e04d5@group-0A2957FA1D3D: closes. applyIndex: 0
2019-10-16 22:14:20,388 [grpc-default-executor-16] INFO  server.GrpcLogAppender (GrpcLogAppender.java:onCompleted(308)) - eec99a0c-e1b1-4518-bc49-9d1a8c8e04d5@group-0A2957FA1D3D->d9e6ea44-93db-446f-8020-a94232284285-AppendLogResponseHandler: follower responses appendEntries COMPLETED
2019-10-16 22:14:20,389 [eec99a0c-e1b1-4518-bc49-9d1a8c8e04d5@group-0A2957FA1D3D-SegmentedRaftLogWorker] INFO  segmented.SegmentedRaftLogWorker (SegmentedRaftLogWorker.java:run(316)) - eec99a0c-e1b1-4518-bc49-9d1a8c8e04d5@group-0A2957FA1D3D-SegmentedRaftLogWorker was interrupted, exiting. There are 0 tasks remaining in the queue.
2019-10-16 22:14:20,391 [grpc-default-executor-16] INFO  impl.FollowerInfo (FollowerInfo.java:lambda$new$0(51)) - eec99a0c-e1b1-4518-bc49-9d1a8c8e04d5@group-0A2957FA1D3D->d9e6ea44-93db-446f-8020-a94232284285: nextIndex: updateUnconditionally 3 -> 2
2019-10-16 22:14:20,391 [grpc-default-executor-18] INFO  segmented.SegmentedRaftLogWorker (SegmentedRaftLogWorker.java:close(224)) - eec99a0c-e1b1-4518-bc49-9d1a8c8e04d5@group-0A2957FA1D3D-SegmentedRaftLogWorker close()
2019-10-16 22:14:20,400 [grpc-default-executor-21] INFO  server.GrpcLogAppender (GrpcLogAppender.java:onCompleted(308)) - eec99a0c-e1b1-4518-bc49-9d1a8c8e04d5@group-0A2957FA1D3D->3989452c-7599-4156-9543-3fe544ced0f3-AppendLogResponseHandler: follower responses appendEntries COMPLETED
2019-10-16 22:14:20,402 [grpc-default-executor-21] INFO  impl.FollowerInfo (FollowerInfo.java:lambda$new$0(51)) - eec99a0c-e1b1-4518-bc49-9d1a8c8e04d5@group-0A2957FA1D3D->3989452c-7599-4156-9543-3fe544ced0f3: nextIndex: updateUnconditionally 3 -> 2
2019-10-16 22:14:20,411 [grpc-default-executor-18] INFO  impl.RaftServerProxy (RaftServerProxy.java:remove(95)) - d9e6ea44-93db-446f-8020-a94232284285: remove  FOLLOWER d9e6ea44-93db-446f-8020-a94232284285@group-0A2957FA1D3D:t1, leader=eec99a0c-e1b1-4518-bc49-9d1a8c8e04d5, voted=d9e6ea44-93db-446f-8020-a94232284285, raftlog=d9e6ea44-93db-446f-8020-a94232284285@group-0A2957FA1D3D-SegmentedRaftLog:OPENED:c0,f2,i2, conf=0: [3989452c-7599-4156-9543-3fe544ced0f3:192.168.157.254:36320, eec99a0c-e1b1-4518-bc49-9d1a8c8e04d5:192.168.157.254:45598, d9e6ea44-93db-446f-8020-a94232284285:192.168.157.254:41671], old=null RUNNING
2019-10-16 22:14:20,411 [grpc-default-executor-18] INFO  impl.RaftServerImpl (RaftServerImpl.java:lambda$shutdown$3(261)) - d9e6ea44-93db-446f-8020-a94232284285@group-0A2957FA1D3D: shutdown
2019-10-16 22:14:20,411 [grpc-default-executor-18] INFO  util.JmxRegister (JmxRegister.java:unregister(73)) - Successfully un-registered JMX Bean with object name Ratis:service=RaftServer,group=group-0A2957FA1D3D,id=d9e6ea44-93db-446f-8020-a94232284285
2019-10-16 22:14:20,411 [grpc-default-executor-18] INFO  impl.RoleInfo (RoleInfo.java:shutdownFollowerState(121)) - d9e6ea44-93db-446f-8020-a94232284285: shutdown FollowerState
2019-10-16 22:14:20,411 [grpc-default-executor-18] INFO  impl.StateMachineUpdater (StateMachineUpdater.java:stopAndJoin(136)) - d9e6ea44-93db-446f-8020-a94232284285@group-0A2957FA1D3D-StateMachineUpdater: set stopIndex = 0
2019-10-16 22:14:20,411 [Thread-741] INFO  impl.FollowerState (FollowerState.java:run(117)) - d9e6ea44-93db-446f-8020-a94232284285@group-0A2957FA1D3D-FollowerState was interrupted: java.lang.InterruptedException: sleep interrupted
2019-10-16 22:14:20,413 [grpc-default-executor-18] INFO  impl.RaftServerImpl (ServerState.java:close(388)) - d9e6ea44-93db-446f-8020-a94232284285@group-0A2957FA1D3D: closes. applyIndex: 0
2019-10-16 22:14:20,413 [d9e6ea44-93db-446f-8020-a94232284285@group-0A2957FA1D3D-SegmentedRaftLogWorker] INFO  segmented.SegmentedRaftLogWorker (SegmentedRaftLogWorker.java:run(316)) - d9e6ea44-93db-446f-8020-a94232284285@group-0A2957FA1D3D-SegmentedRaftLogWorker was interrupted, exiting. There are 0 tasks remaining in the queue.
2019-10-16 22:14:20,415 [grpc-default-executor-18] INFO  segmented.SegmentedRaftLogWorker (SegmentedRaftLogWorker.java:close(224)) - d9e6ea44-93db-446f-8020-a94232284285@group-0A2957FA1D3D-SegmentedRaftLogWorker close()
2019-10-16 22:14:20,483 [grpc-default-executor-18] INFO  interfaces.Container (KeyValueContainer.java:flushAndSyncDB(386)) - Container 7 is synced with bcsId 0.
2019-10-16 22:14:20,483 [grpc-default-executor-18] INFO  interfaces.Container (KeyValueContainer.java:flushAndSyncDB(386)) - Container 7 is synced with bcsId 0.
2019-10-16 22:14:20,491 [RatisPipelineUtilsThread] INFO  pipeline.PipelineStateManager (PipelineStateManager.java:removePipeline(108)) - Pipeline Pipeline[ Id: f12b8f10-eb28-4cc3-84b3-0a2957fa1d3d, Nodes: 3989452c-7599-4156-9543-3fe544ced0f3{ip: 192.168.157.254, host: pr-hdds-1868-qdb9g-714931517, networkLocation: /default-rack, certSerialId: null}eec99a0c-e1b1-4518-bc49-9d1a8c8e04d5{ip: 192.168.157.254, host: pr-hdds-1868-qdb9g-714931517, networkLocation: /default-rack, certSerialId: null}d9e6ea44-93db-446f-8020-a94232284285{ip: 192.168.157.254, host: pr-hdds-1868-qdb9g-714931517, networkLocation: /default-rack, certSerialId: null}, Type:RATIS, Factor:THREE, State:CLOSED] removed from db
2019-10-16 22:14:20,498 [grpc-default-executor-18] INFO  impl.RaftServerProxy (RaftServerProxy.java:remove(95)) - 3989452c-7599-4156-9543-3fe544ced0f3: remove group-0A2957FA1D3D:null
2019-10-16 22:14:20,507 [RatisPipelineUtilsThread] WARN  pipeline.RatisPipelineUtils (RatisPipelineUtils.java:destroyPipeline(69)) - Pipeline destroy failed for pipeline=PipelineID=f12b8f10-eb28-4cc3-84b3-0a2957fa1d3d dn=3989452c-7599-4156-9543-3fe544ced0f3{ip: 192.168.157.254, host: pr-hdds-1868-qdb9g-714931517, networkLocation: /default-rack, certSerialId: null}
2019-10-16 22:14:20,515 [grpc-default-executor-18] INFO  impl.RaftServerProxy (RaftServerProxy.java:remove(95)) - eec99a0c-e1b1-4518-bc49-9d1a8c8e04d5: remove group-0A2957FA1D3D:null
2019-10-16 22:14:20,523 [RatisPipelineUtilsThread] WARN  pipeline.RatisPipelineUtils (RatisPipelineUtils.java:destroyPipeline(69)) - Pipeline destroy failed for pipeline=PipelineID=f12b8f10-eb28-4cc3-84b3-0a2957fa1d3d dn=eec99a0c-e1b1-4518-bc49-9d1a8c8e04d5{ip: 192.168.157.254, host: pr-hdds-1868-qdb9g-714931517, networkLocation: /default-rack, certSerialId: null}
2019-10-16 22:14:20,529 [grpc-default-executor-18] INFO  impl.RaftServerProxy (RaftServerProxy.java:remove(95)) - d9e6ea44-93db-446f-8020-a94232284285: remove group-0A2957FA1D3D:null
2019-10-16 22:14:20,540 [RatisPipelineUtilsThread] WARN  pipeline.RatisPipelineUtils (RatisPipelineUtils.java:destroyPipeline(69)) - Pipeline destroy failed for pipeline=PipelineID=f12b8f10-eb28-4cc3-84b3-0a2957fa1d3d dn=d9e6ea44-93db-446f-8020-a94232284285{ip: 192.168.157.254, host: pr-hdds-1868-qdb9g-714931517, networkLocation: /default-rack, certSerialId: null}
2019-10-16 22:14:20,541 [RatisPipelineUtilsThread] ERROR pipeline.SCMPipelineManager (Scheduler.java:lambda$schedule$1(70)) - Destroy pipeline failed for pipeline:Pipeline[ Id: f12b8f10-eb28-4cc3-84b3-0a2957fa1d3d, Nodes: 3989452c-7599-4156-9543-3fe544ced0f3{ip: 192.168.157.254, host: pr-hdds-1868-qdb9g-714931517, networkLocation: /default-rack, certSerialId: null}eec99a0c-e1b1-4518-bc49-9d1a8c8e04d5{ip: 192.168.157.254, host: pr-hdds-1868-qdb9g-714931517, networkLocation: /default-rack, certSerialId: null}d9e6ea44-93db-446f-8020-a94232284285{ip: 192.168.157.254, host: pr-hdds-1868-qdb9g-714931517, networkLocation: /default-rack, certSerialId: null}, Type:RATIS, Factor:THREE, State:CLOSED]
org.apache.hadoop.hdds.scm.pipeline.PipelineNotFoundException: PipelineID=f12b8f10-eb28-4cc3-84b3-0a2957fa1d3d not found
	at org.apache.hadoop.hdds.scm.pipeline.PipelineStateMap.getPipeline(PipelineStateMap.java:132)
	at org.apache.hadoop.hdds.scm.pipeline.PipelineStateMap.removePipeline(PipelineStateMap.java:322)
	at org.apache.hadoop.hdds.scm.pipeline.PipelineStateManager.removePipeline(PipelineStateManager.java:107)
	at org.apache.hadoop.hdds.scm.pipeline.SCMPipelineManager.removePipeline(SCMPipelineManager.java:427)
	at org.apache.hadoop.hdds.scm.pipeline.SCMPipelineManager.destroyPipeline(SCMPipelineManager.java:413)
	at org.apache.hadoop.hdds.scm.pipeline.SCMPipelineManager.lambda$finalizeAndDestroyPipeline$0(SCMPipelineManager.java:322)
	at org.apache.hadoop.hdds.utils.Scheduler.lambda$schedule$1(Scheduler.java:68)
	at java.util.concurrent.Executors$RunnableAdapter.call(Executors.java:511)
	at java.util.concurrent.FutureTask.run(FutureTask.java:266)
	at java.util.concurrent.ScheduledThreadPoolExecutor$ScheduledFutureTask.access$201(ScheduledThreadPoolExecutor.java:180)
	at java.util.concurrent.ScheduledThreadPoolExecutor$ScheduledFutureTask.run(ScheduledThreadPoolExecutor.java:293)
	at java.util.concurrent.ThreadPoolExecutor.runWorker(ThreadPoolExecutor.java:1149)
	at java.util.concurrent.ThreadPoolExecutor$Worker.run(ThreadPoolExecutor.java:624)
	at java.lang.Thread.run(Thread.java:748)
2019-10-16 22:14:20,556 [grpc-default-executor-21] INFO  impl.RaftServerProxy (RaftServerProxy.java:addNew(89)) - d9e6ea44-93db-446f-8020-a94232284285: addNew group-D519DFB9FC4F:[3989452c-7599-4156-9543-3fe544ced0f3:192.168.157.254:36320, eec99a0c-e1b1-4518-bc49-9d1a8c8e04d5:192.168.157.254:45598, d9e6ea44-93db-446f-8020-a94232284285:192.168.157.254:41671] returns group-D519DFB9FC4F:java.util.concurrent.CompletableFuture@4f0f631c[Not completed]
2019-10-16 22:14:20,556 [grpc-default-executor-23] INFO  impl.RaftServerProxy (RaftServerProxy.java:addNew(89)) - eec99a0c-e1b1-4518-bc49-9d1a8c8e04d5: addNew group-D519DFB9FC4F:[3989452c-7599-4156-9543-3fe544ced0f3:192.168.157.254:36320, eec99a0c-e1b1-4518-bc49-9d1a8c8e04d5:192.168.157.254:45598, d9e6ea44-93db-446f-8020-a94232284285:192.168.157.254:41671] returns group-D519DFB9FC4F:java.util.concurrent.CompletableFuture@147dca9[Not completed]
2019-10-16 22:14:20,558 [grpc-default-executor-18] INFO  impl.RaftServerProxy (RaftServerProxy.java:addNew(89)) - 3989452c-7599-4156-9543-3fe544ced0f3: addNew group-D519DFB9FC4F:[3989452c-7599-4156-9543-3fe544ced0f3:192.168.157.254:36320, eec99a0c-e1b1-4518-bc49-9d1a8c8e04d5:192.168.157.254:45598, d9e6ea44-93db-446f-8020-a94232284285:192.168.157.254:41671] returns group-D519DFB9FC4F:java.util.concurrent.CompletableFuture@f08aad5[Not completed]
2019-10-16 22:14:20,561 [pool-27-thread-1] INFO  impl.RaftServerImpl (RaftServerImpl.java:<init>(104)) - eec99a0c-e1b1-4518-bc49-9d1a8c8e04d5: new RaftServerImpl for group-D519DFB9FC4F:[3989452c-7599-4156-9543-3fe544ced0f3:192.168.157.254:36320, eec99a0c-e1b1-4518-bc49-9d1a8c8e04d5:192.168.157.254:45598, d9e6ea44-93db-446f-8020-a94232284285:192.168.157.254:41671] with ContainerStateMachine:uninitialized
2019-10-16 22:14:20,561 [pool-27-thread-1] INFO  server.RaftServerConfigKeys (ConfUtils.java:logGet(43)) - raft.server.rpc.timeout.min = 5s (custom)
2019-10-16 22:14:20,561 [pool-27-thread-1] INFO  server.RaftServerConfigKeys (ConfUtils.java:logGet(43)) - raft.server.rpc.timeout.max = 5200ms (custom)
2019-10-16 22:14:20,561 [pool-27-thread-1] INFO  server.RaftServerConfigKeys (ConfUtils.java:logGet(43)) - raft.server.rpcslowness.timeout = 120s (custom)
2019-10-16 22:14:20,561 [pool-27-thread-1] INFO  server.RaftServerConfigKeys (ConfUtils.java:logGet(43)) - raft.server.sleep.deviation.threshold = 300 (default)
2019-10-16 22:14:20,561 [pool-27-thread-1] INFO  server.RaftServerConfigKeys (ConfUtils.java:logGet(43)) - raft.server.log.appender.install.snapshot.enabled = false (custom)
2019-10-16 22:14:20,561 [pool-57-thread-1] INFO  impl.RaftServerImpl (RaftServerImpl.java:<init>(104)) - 3989452c-7599-4156-9543-3fe544ced0f3: new RaftServerImpl for group-D519DFB9FC4F:[3989452c-7599-4156-9543-3fe544ced0f3:192.168.157.254:36320, eec99a0c-e1b1-4518-bc49-9d1a8c8e04d5:192.168.157.254:45598, d9e6ea44-93db-446f-8020-a94232284285:192.168.157.254:41671] with ContainerStateMachine:uninitialized
2019-10-16 22:14:20,562 [pool-27-thread-1] INFO  impl.RaftServerImpl (ServerState.java:<init>(103)) - eec99a0c-e1b1-4518-bc49-9d1a8c8e04d5@group-D519DFB9FC4F: ConfigurationManager, init=-1: [3989452c-7599-4156-9543-3fe544ced0f3:192.168.157.254:36320, eec99a0c-e1b1-4518-bc49-9d1a8c8e04d5:192.168.157.254:45598, d9e6ea44-93db-446f-8020-a94232284285:192.168.157.254:41671], old=null, confs=<EMPTY_MAP>
2019-10-16 22:14:20,562 [pool-57-thread-1] INFO  server.RaftServerConfigKeys (ConfUtils.java:logGet(43)) - raft.server.rpc.timeout.min = 5s (custom)
2019-10-16 22:14:20,562 [pool-27-thread-1] INFO  server.RaftServerConfigKeys (ConfUtils.java:logGet(43)) - raft.server.storage.dir = [/workdir/hadoop-ozone/tools/target/test-dir/MiniOzoneClusterImpl-402ec78b-26f6-4355-8079-1cdd4cc53632/datanode-0/data/ratis] (custom)
2019-10-16 22:14:20,562 [pool-57-thread-1] INFO  server.RaftServerConfigKeys (ConfUtils.java:logGet(43)) - raft.server.rpc.timeout.max = 5200ms (custom)
2019-10-16 22:14:20,562 [pool-57-thread-1] INFO  server.RaftServerConfigKeys (ConfUtils.java:logGet(43)) - raft.server.rpcslowness.timeout = 120s (custom)
2019-10-16 22:14:20,562 [pool-27-thread-1] INFO  server.RaftServerConfigKeys (ConfUtils.java:logGet(43)) - raft.server.log.corruption.policy = EXCEPTION (default)
2019-10-16 22:14:20,562 [pool-47-thread-1] INFO  impl.RaftServerImpl (RaftServerImpl.java:<init>(104)) - d9e6ea44-93db-446f-8020-a94232284285: new RaftServerImpl for group-D519DFB9FC4F:[3989452c-7599-4156-9543-3fe544ced0f3:192.168.157.254:36320, eec99a0c-e1b1-4518-bc49-9d1a8c8e04d5:192.168.157.254:45598, d9e6ea44-93db-446f-8020-a94232284285:192.168.157.254:41671] with ContainerStateMachine:uninitialized
2019-10-16 22:14:20,563 [pool-27-thread-1] INFO  storage.RaftStorageDirectory (RaftStorageDirectory.java:analyzeStorage(246)) - The storage directory /workdir/hadoop-ozone/tools/target/test-dir/MiniOzoneClusterImpl-402ec78b-26f6-4355-8079-1cdd4cc53632/datanode-0/data/ratis/f14e0e85-29c3-4607-9712-d519dfb9fc4f does not exist. Creating ...
2019-10-16 22:14:20,563 [pool-57-thread-1] INFO  server.RaftServerConfigKeys (ConfUtils.java:logGet(43)) - raft.server.sleep.deviation.threshold = 300 (default)
2019-10-16 22:14:20,563 [pool-47-thread-1] INFO  server.RaftServerConfigKeys (ConfUtils.java:logGet(43)) - raft.server.rpc.timeout.min = 5s (custom)
2019-10-16 22:14:20,563 [pool-57-thread-1] INFO  server.RaftServerConfigKeys (ConfUtils.java:logGet(43)) - raft.server.log.appender.install.snapshot.enabled = false (custom)
2019-10-16 22:14:20,563 [pool-47-thread-1] INFO  server.RaftServerConfigKeys (ConfUtils.java:logGet(43)) - raft.server.rpc.timeout.max = 5200ms (custom)
2019-10-16 22:14:20,563 [pool-57-thread-1] INFO  impl.RaftServerImpl (ServerState.java:<init>(103)) - 3989452c-7599-4156-9543-3fe544ced0f3@group-D519DFB9FC4F: ConfigurationManager, init=-1: [3989452c-7599-4156-9543-3fe544ced0f3:192.168.157.254:36320, eec99a0c-e1b1-4518-bc49-9d1a8c8e04d5:192.168.157.254:45598, d9e6ea44-93db-446f-8020-a94232284285:192.168.157.254:41671], old=null, confs=<EMPTY_MAP>
2019-10-16 22:14:20,564 [pool-47-thread-1] INFO  server.RaftServerConfigKeys (ConfUtils.java:logGet(43)) - raft.server.rpcslowness.timeout = 120s (custom)
2019-10-16 22:14:20,564 [pool-57-thread-1] INFO  server.RaftServerConfigKeys (ConfUtils.java:logGet(43)) - raft.server.storage.dir = [/workdir/hadoop-ozone/tools/target/test-dir/MiniOzoneClusterImpl-402ec78b-26f6-4355-8079-1cdd4cc53632/datanode-3/data/ratis] (custom)
2019-10-16 22:14:20,564 [pool-47-thread-1] INFO  server.RaftServerConfigKeys (ConfUtils.java:logGet(43)) - raft.server.sleep.deviation.threshold = 300 (default)
2019-10-16 22:14:20,564 [pool-47-thread-1] INFO  server.RaftServerConfigKeys (ConfUtils.java:logGet(43)) - raft.server.log.appender.install.snapshot.enabled = false (custom)
2019-10-16 22:14:20,564 [pool-57-thread-1] INFO  server.RaftServerConfigKeys (ConfUtils.java:logGet(43)) - raft.server.log.corruption.policy = EXCEPTION (default)
2019-10-16 22:14:20,564 [pool-47-thread-1] INFO  impl.RaftServerImpl (ServerState.java:<init>(103)) - d9e6ea44-93db-446f-8020-a94232284285@group-D519DFB9FC4F: ConfigurationManager, init=-1: [3989452c-7599-4156-9543-3fe544ced0f3:192.168.157.254:36320, eec99a0c-e1b1-4518-bc49-9d1a8c8e04d5:192.168.157.254:45598, d9e6ea44-93db-446f-8020-a94232284285:192.168.157.254:41671], old=null, confs=<EMPTY_MAP>
2019-10-16 22:14:20,565 [pool-57-thread-1] INFO  storage.RaftStorageDirectory (RaftStorageDirectory.java:analyzeStorage(246)) - The storage directory /workdir/hadoop-ozone/tools/target/test-dir/MiniOzoneClusterImpl-402ec78b-26f6-4355-8079-1cdd4cc53632/datanode-3/data/ratis/f14e0e85-29c3-4607-9712-d519dfb9fc4f does not exist. Creating ...
2019-10-16 22:14:20,565 [pool-47-thread-1] INFO  server.RaftServerConfigKeys (ConfUtils.java:logGet(43)) - raft.server.storage.dir = [/workdir/hadoop-ozone/tools/target/test-dir/MiniOzoneClusterImpl-402ec78b-26f6-4355-8079-1cdd4cc53632/datanode-2/data/ratis] (custom)
2019-10-16 22:14:20,565 [pool-47-thread-1] INFO  server.RaftServerConfigKeys (ConfUtils.java:logGet(43)) - raft.server.log.corruption.policy = EXCEPTION (default)
2019-10-16 22:14:20,565 [pool-47-thread-1] INFO  storage.RaftStorageDirectory (RaftStorageDirectory.java:analyzeStorage(246)) - The storage directory /workdir/hadoop-ozone/tools/target/test-dir/MiniOzoneClusterImpl-402ec78b-26f6-4355-8079-1cdd4cc53632/datanode-2/data/ratis/f14e0e85-29c3-4607-9712-d519dfb9fc4f does not exist. Creating ...
2019-10-16 22:14:20,577 [pool-47-thread-1] INFO  storage.RaftStorageDirectory (RaftStorageDirectory.java:tryLock(328)) - Lock on /workdir/hadoop-ozone/tools/target/test-dir/MiniOzoneClusterImpl-402ec78b-26f6-4355-8079-1cdd4cc53632/datanode-2/data/ratis/f14e0e85-29c3-4607-9712-d519dfb9fc4f/in_use.lock acquired by nodename 12003@pr-hdds-1868-qdb9g-714931517
2019-10-16 22:14:20,577 [pool-27-thread-1] INFO  storage.RaftStorageDirectory (RaftStorageDirectory.java:tryLock(328)) - Lock on /workdir/hadoop-ozone/tools/target/test-dir/MiniOzoneClusterImpl-402ec78b-26f6-4355-8079-1cdd4cc53632/datanode-0/data/ratis/f14e0e85-29c3-4607-9712-d519dfb9fc4f/in_use.lock acquired by nodename 12003@pr-hdds-1868-qdb9g-714931517
2019-10-16 22:14:20,577 [pool-57-thread-1] INFO  storage.RaftStorageDirectory (RaftStorageDirectory.java:tryLock(328)) - Lock on /workdir/hadoop-ozone/tools/target/test-dir/MiniOzoneClusterImpl-402ec78b-26f6-4355-8079-1cdd4cc53632/datanode-3/data/ratis/f14e0e85-29c3-4607-9712-d519dfb9fc4f/in_use.lock acquired by nodename 12003@pr-hdds-1868-qdb9g-714931517
2019-10-16 22:14:20,603 [pool-47-thread-1] INFO  storage.RaftStorage (RaftStorage.java:format(84)) - Storage directory /workdir/hadoop-ozone/tools/target/test-dir/MiniOzoneClusterImpl-402ec78b-26f6-4355-8079-1cdd4cc53632/datanode-2/data/ratis/f14e0e85-29c3-4607-9712-d519dfb9fc4f has been successfully formatted.
2019-10-16 22:14:20,603 [pool-57-thread-1] INFO  storage.RaftStorage (RaftStorage.java:format(84)) - Storage directory /workdir/hadoop-ozone/tools/target/test-dir/MiniOzoneClusterImpl-402ec78b-26f6-4355-8079-1cdd4cc53632/datanode-3/data/ratis/f14e0e85-29c3-4607-9712-d519dfb9fc4f has been successfully formatted.
2019-10-16 22:14:20,603 [pool-27-thread-1] INFO  storage.RaftStorage (RaftStorage.java:format(84)) - Storage directory /workdir/hadoop-ozone/tools/target/test-dir/MiniOzoneClusterImpl-402ec78b-26f6-4355-8079-1cdd4cc53632/datanode-0/data/ratis/f14e0e85-29c3-4607-9712-d519dfb9fc4f has been successfully formatted.
2019-10-16 22:14:20,603 [pool-47-thread-1] INFO  ratis.ContainerStateMachine (ContainerStateMachine.java:loadSnapshot(233)) - group-D519DFB9FC4F: The snapshot info is null. Setting the last applied indexto:(t:0, i:~)
2019-10-16 22:14:20,604 [pool-57-thread-1] INFO  ratis.ContainerStateMachine (ContainerStateMachine.java:loadSnapshot(233)) - group-D519DFB9FC4F: The snapshot info is null. Setting the last applied indexto:(t:0, i:~)
2019-10-16 22:14:20,604 [pool-27-thread-1] INFO  ratis.ContainerStateMachine (ContainerStateMachine.java:loadSnapshot(233)) - group-D519DFB9FC4F: The snapshot info is null. Setting the last applied indexto:(t:0, i:~)
2019-10-16 22:14:20,604 [pool-47-thread-1] INFO  server.RaftServerConfigKeys (ConfUtils.java:logGet(43)) - raft.server.notification.no-leader.timeout = 120s (custom)
2019-10-16 22:14:20,604 [pool-27-thread-1] INFO  server.RaftServerConfigKeys (ConfUtils.java:logGet(43)) - raft.server.notification.no-leader.timeout = 120s (custom)
2019-10-16 22:14:20,604 [pool-57-thread-1] INFO  server.RaftServerConfigKeys (ConfUtils.java:logGet(43)) - raft.server.notification.no-leader.timeout = 120s (custom)
2019-10-16 22:14:20,604 [pool-27-thread-1] INFO  server.RaftServerConfigKeys (ConfUtils.java:logGet(43)) - raft.server.log.use.memory = false (default)
2019-10-16 22:14:20,604 [pool-47-thread-1] INFO  server.RaftServerConfigKeys (ConfUtils.java:logGet(43)) - raft.server.log.use.memory = false (default)
2019-10-16 22:14:20,605 [pool-27-thread-1] INFO  server.RaftServerConfigKeys (ConfUtils.java:logGet(43)) - raft.server.log.purge.gap = 1000000 (custom)
2019-10-16 22:14:20,604 [pool-57-thread-1] INFO  server.RaftServerConfigKeys (ConfUtils.java:logGet(43)) - raft.server.log.use.memory = false (default)
2019-10-16 22:14:20,605 [pool-27-thread-1] INFO  server.RaftServerConfigKeys (ConfUtils.java:logGet(43)) - raft.server.log.appender.buffer.byte-limit = 33554432 (custom)
2019-10-16 22:14:20,605 [pool-47-thread-1] INFO  server.RaftServerConfigKeys (ConfUtils.java:logGet(43)) - raft.server.log.purge.gap = 1000000 (custom)
2019-10-16 22:14:20,605 [pool-27-thread-1] INFO  server.RaftServerConfigKeys (ConfUtils.java:logGet(43)) - raft.server.log.segment.size.max = 1048576 (custom)
2019-10-16 22:14:20,605 [pool-57-thread-1] INFO  server.RaftServerConfigKeys (ConfUtils.java:logGet(43)) - raft.server.log.purge.gap = 1000000 (custom)
2019-10-16 22:14:20,605 [pool-27-thread-1] INFO  server.RaftServerConfigKeys (ConfUtils.java:logGet(43)) - raft.server.log.segment.cache.num.max = 2 (custom)
2019-10-16 22:14:20,605 [pool-47-thread-1] INFO  server.RaftServerConfigKeys (ConfUtils.java:logGet(43)) - raft.server.log.appender.buffer.byte-limit = 33554432 (custom)
2019-10-16 22:14:20,606 [pool-27-thread-1] INFO  segmented.SegmentedRaftLogWorker (SegmentedRaftLogWorker.java:<init>(173)) - new eec99a0c-e1b1-4518-bc49-9d1a8c8e04d5@group-D519DFB9FC4F-SegmentedRaftLogWorker for RaftStorage:Storage Directory /workdir/hadoop-ozone/tools/target/test-dir/MiniOzoneClusterImpl-402ec78b-26f6-4355-8079-1cdd4cc53632/datanode-0/data/ratis/f14e0e85-29c3-4607-9712-d519dfb9fc4f
2019-10-16 22:14:20,606 [pool-57-thread-1] INFO  server.RaftServerConfigKeys (ConfUtils.java:logGet(43)) - raft.server.log.appender.buffer.byte-limit = 33554432 (custom)
2019-10-16 22:14:20,606 [pool-27-thread-1] INFO  server.RaftServerConfigKeys (ConfUtils.java:logGet(43)) - raft.server.log.queue.byte-limit = 2147483647 (custom)
2019-10-16 22:14:20,606 [pool-47-thread-1] INFO  server.RaftServerConfigKeys (ConfUtils.java:logGet(43)) - raft.server.log.segment.size.max = 1048576 (custom)
2019-10-16 22:14:20,606 [pool-27-thread-1] INFO  server.RaftServerConfigKeys (ConfUtils.java:logGet(43)) - raft.server.log.queue.element-limit = 1024 (custom)
2019-10-16 22:14:20,606 [pool-57-thread-1] INFO  server.RaftServerConfigKeys (ConfUtils.java:logGet(43)) - raft.server.log.segment.size.max = 1048576 (custom)
2019-10-16 22:14:20,607 [pool-27-thread-1] INFO  server.RaftServerConfigKeys (ConfUtils.java:logGet(43)) - raft.server.log.segment.size.max = 1048576 (custom)
2019-10-16 22:14:20,606 [pool-47-thread-1] INFO  server.RaftServerConfigKeys (ConfUtils.java:logGet(43)) - raft.server.log.segment.cache.num.max = 2 (custom)
2019-10-16 22:14:20,607 [pool-27-thread-1] INFO  server.RaftServerConfigKeys (ConfUtils.java:logGet(43)) - raft.server.log.preallocated.size = 16384 (custom)
2019-10-16 22:14:20,607 [pool-57-thread-1] INFO  server.RaftServerConfigKeys (ConfUtils.java:logGet(43)) - raft.server.log.segment.cache.num.max = 2 (custom)
2019-10-16 22:14:20,607 [pool-27-thread-1] INFO  server.RaftServerConfigKeys (ConfUtils.java:logGet(43)) - raft.server.log.write.buffer.size = 33554432 (custom)
2019-10-16 22:14:20,607 [pool-47-thread-1] INFO  segmented.SegmentedRaftLogWorker (SegmentedRaftLogWorker.java:<init>(173)) - new d9e6ea44-93db-446f-8020-a94232284285@group-D519DFB9FC4F-SegmentedRaftLogWorker for RaftStorage:Storage Directory /workdir/hadoop-ozone/tools/target/test-dir/MiniOzoneClusterImpl-402ec78b-26f6-4355-8079-1cdd4cc53632/datanode-2/data/ratis/f14e0e85-29c3-4607-9712-d519dfb9fc4f
2019-10-16 22:14:20,607 [pool-27-thread-1] INFO  server.RaftServerConfigKeys (ConfUtils.java:logGet(43)) - raft.server.log.force.sync.num = 128 (default)
2019-10-16 22:14:20,607 [pool-57-thread-1] INFO  segmented.SegmentedRaftLogWorker (SegmentedRaftLogWorker.java:<init>(173)) - new 3989452c-7599-4156-9543-3fe544ced0f3@group-D519DFB9FC4F-SegmentedRaftLogWorker for RaftStorage:Storage Directory /workdir/hadoop-ozone/tools/target/test-dir/MiniOzoneClusterImpl-402ec78b-26f6-4355-8079-1cdd4cc53632/datanode-3/data/ratis/f14e0e85-29c3-4607-9712-d519dfb9fc4f
2019-10-16 22:14:20,608 [pool-27-thread-1] INFO  server.RaftServerConfigKeys (ConfUtils.java:logGet(43)) - raft.server.log.statemachine.data.sync = true (default)
2019-10-16 22:14:20,607 [pool-47-thread-1] INFO  server.RaftServerConfigKeys (ConfUtils.java:logGet(43)) - raft.server.log.queue.byte-limit = 2147483647 (custom)
2019-10-16 22:14:20,608 [pool-27-thread-1] INFO  server.RaftServerConfigKeys (ConfUtils.java:logGet(43)) - raft.server.log.statemachine.data.sync.timeout = 10s (default)
2019-10-16 22:14:20,608 [pool-57-thread-1] INFO  server.RaftServerConfigKeys (ConfUtils.java:logGet(43)) - raft.server.log.queue.byte-limit = 2147483647 (custom)
2019-10-16 22:14:20,608 [pool-27-thread-1] INFO  server.RaftServerConfigKeys (ConfUtils.java:logGet(43)) - raft.server.log.statemachine.data.sync.timeout.retry = -1 (default)
2019-10-16 22:14:20,608 [pool-47-thread-1] INFO  server.RaftServerConfigKeys (ConfUtils.java:logGet(43)) - raft.server.log.queue.element-limit = 1024 (custom)
2019-10-16 22:14:20,608 [pool-57-thread-1] INFO  server.RaftServerConfigKeys (ConfUtils.java:logGet(43)) - raft.server.log.queue.element-limit = 1024 (custom)
2019-10-16 22:14:20,609 [pool-47-thread-1] INFO  server.RaftServerConfigKeys (ConfUtils.java:logGet(43)) - raft.server.log.segment.size.max = 1048576 (custom)
2019-10-16 22:14:20,609 [pool-27-thread-1] INFO  server.RaftServerConfigKeys (ConfUtils.java:logGet(43)) - raft.server.log.statemachine.data.caching.enabled = true (custom)
2019-10-16 22:14:20,609 [pool-47-thread-1] INFO  server.RaftServerConfigKeys (ConfUtils.java:logGet(43)) - raft.server.log.preallocated.size = 16384 (custom)
2019-10-16 22:14:20,609 [pool-57-thread-1] INFO  server.RaftServerConfigKeys (ConfUtils.java:logGet(43)) - raft.server.log.segment.size.max = 1048576 (custom)
2019-10-16 22:14:20,609 [pool-27-thread-1] INFO  segmented.SegmentedRaftLogWorker (SegmentedRaftLogWorker.java:lambda$new$0(128)) - eec99a0c-e1b1-4518-bc49-9d1a8c8e04d5@group-D519DFB9FC4F-SegmentedRaftLogWorker: flushIndex: setUnconditionally 0 -> -1
2019-10-16 22:14:20,609 [pool-47-thread-1] INFO  server.RaftServerConfigKeys (ConfUtils.java:logGet(43)) - raft.server.log.write.buffer.size = 33554432 (custom)
2019-10-16 22:14:20,609 [pool-57-thread-1] INFO  server.RaftServerConfigKeys (ConfUtils.java:logGet(43)) - raft.server.log.preallocated.size = 16384 (custom)
2019-10-16 22:14:20,610 [pool-27-thread-1] INFO  server.RaftServerConfigKeys (ConfUtils.java:logGet(43)) - raft.server.snapshot.auto.trigger.enabled = true (custom)
2019-10-16 22:14:20,610 [pool-57-thread-1] INFO  server.RaftServerConfigKeys (ConfUtils.java:logGet(43)) - raft.server.log.write.buffer.size = 33554432 (custom)
2019-10-16 22:14:20,610 [pool-47-thread-1] INFO  server.RaftServerConfigKeys (ConfUtils.java:logGet(43)) - raft.server.log.force.sync.num = 128 (default)
2019-10-16 22:14:20,610 [pool-57-thread-1] INFO  server.RaftServerConfigKeys (ConfUtils.java:logGet(43)) - raft.server.log.force.sync.num = 128 (default)
2019-10-16 22:14:20,610 [pool-27-thread-1] INFO  server.RaftServerConfigKeys (ConfUtils.java:logGet(43)) - raft.server.snapshot.auto.trigger.threshold = 10000 (custom)
2019-10-16 22:14:20,611 [pool-57-thread-1] INFO  server.RaftServerConfigKeys (ConfUtils.java:logGet(43)) - raft.server.log.statemachine.data.sync = true (default)
2019-10-16 22:14:20,610 [pool-47-thread-1] INFO  server.RaftServerConfigKeys (ConfUtils.java:logGet(43)) - raft.server.log.statemachine.data.sync = true (default)
2019-10-16 22:14:20,611 [pool-57-thread-1] INFO  server.RaftServerConfigKeys (ConfUtils.java:logGet(43)) - raft.server.log.statemachine.data.sync.timeout = 10s (default)
2019-10-16 22:14:20,611 [pool-27-thread-1] INFO  server.RaftServerConfigKeys (ConfUtils.java:logGet(43)) - raft.server.snapshot.retention.file.num = 5 (custom)
2019-10-16 22:14:20,611 [pool-57-thread-1] INFO  server.RaftServerConfigKeys (ConfUtils.java:logGet(43)) - raft.server.log.statemachine.data.sync.timeout.retry = -1 (default)
2019-10-16 22:14:20,611 [pool-47-thread-1] INFO  server.RaftServerConfigKeys (ConfUtils.java:logGet(43)) - raft.server.log.statemachine.data.sync.timeout = 10s (default)
2019-10-16 22:14:20,612 [pool-57-thread-1] INFO  server.RaftServerConfigKeys (ConfUtils.java:logGet(43)) - raft.server.log.statemachine.data.caching.enabled = true (custom)
2019-10-16 22:14:20,611 [pool-27-thread-1] INFO  server.RaftServerConfigKeys (ConfUtils.java:logGet(43)) - raft.server.retrycache.expirytime = 600000ms (custom)
2019-10-16 22:14:20,612 [pool-47-thread-1] INFO  server.RaftServerConfigKeys (ConfUtils.java:logGet(43)) - raft.server.log.statemachine.data.sync.timeout.retry = -1 (default)
2019-10-16 22:14:20,612 [pool-57-thread-1] INFO  segmented.SegmentedRaftLogWorker (SegmentedRaftLogWorker.java:lambda$new$0(128)) - 3989452c-7599-4156-9543-3fe544ced0f3@group-D519DFB9FC4F-SegmentedRaftLogWorker: flushIndex: setUnconditionally 0 -> -1
2019-10-16 22:14:20,612 [pool-47-thread-1] INFO  server.RaftServerConfigKeys (ConfUtils.java:logGet(43)) - raft.server.log.statemachine.data.caching.enabled = true (custom)
2019-10-16 22:14:20,613 [pool-57-thread-1] INFO  server.RaftServerConfigKeys (ConfUtils.java:logGet(43)) - raft.server.snapshot.auto.trigger.enabled = true (custom)
2019-10-16 22:14:20,613 [pool-47-thread-1] INFO  segmented.SegmentedRaftLogWorker (SegmentedRaftLogWorker.java:lambda$new$0(128)) - d9e6ea44-93db-446f-8020-a94232284285@group-D519DFB9FC4F-SegmentedRaftLogWorker: flushIndex: setUnconditionally 0 -> -1
2019-10-16 22:14:20,613 [pool-57-thread-1] INFO  server.RaftServerConfigKeys (ConfUtils.java:logGet(43)) - raft.server.snapshot.auto.trigger.threshold = 10000 (custom)
2019-10-16 22:14:20,613 [pool-57-thread-1] INFO  server.RaftServerConfigKeys (ConfUtils.java:logGet(43)) - raft.server.snapshot.retention.file.num = 5 (custom)
2019-10-16 22:14:20,613 [pool-47-thread-1] INFO  server.RaftServerConfigKeys (ConfUtils.java:logGet(43)) - raft.server.snapshot.auto.trigger.enabled = true (custom)
2019-10-16 22:14:20,613 [pool-57-thread-1] INFO  server.RaftServerConfigKeys (ConfUtils.java:logGet(43)) - raft.server.retrycache.expirytime = 600000ms (custom)
2019-10-16 22:14:20,613 [pool-47-thread-1] INFO  server.RaftServerConfigKeys (ConfUtils.java:logGet(43)) - raft.server.snapshot.auto.trigger.threshold = 10000 (custom)
2019-10-16 22:14:20,614 [pool-47-thread-1] INFO  server.RaftServerConfigKeys (ConfUtils.java:logGet(43)) - raft.server.snapshot.retention.file.num = 5 (custom)
2019-10-16 22:14:20,614 [pool-47-thread-1] INFO  server.RaftServerConfigKeys (ConfUtils.java:logGet(43)) - raft.server.retrycache.expirytime = 600000ms (custom)
2019-10-16 22:14:20,617 [pool-27-thread-1] INFO  impl.RaftServerImpl (RaftServerImpl.java:start(195)) - eec99a0c-e1b1-4518-bc49-9d1a8c8e04d5@group-D519DFB9FC4F: start as a follower, conf=-1: [3989452c-7599-4156-9543-3fe544ced0f3:192.168.157.254:36320, eec99a0c-e1b1-4518-bc49-9d1a8c8e04d5:192.168.157.254:45598, d9e6ea44-93db-446f-8020-a94232284285:192.168.157.254:41671], old=null
2019-10-16 22:14:20,617 [pool-27-thread-1] INFO  impl.RaftServerImpl (RaftServerImpl.java:setRole(184)) - eec99a0c-e1b1-4518-bc49-9d1a8c8e04d5@group-D519DFB9FC4F: changes role from      null to FOLLOWER at term 0 for startAsFollower
2019-10-16 22:14:20,617 [pool-27-thread-1] INFO  impl.RoleInfo (RoleInfo.java:updateAndGet(143)) - eec99a0c-e1b1-4518-bc49-9d1a8c8e04d5: start FollowerState
2019-10-16 22:14:20,618 [pool-47-thread-1] INFO  impl.RaftServerImpl (RaftServerImpl.java:start(195)) - d9e6ea44-93db-446f-8020-a94232284285@group-D519DFB9FC4F: start as a follower, conf=-1: [3989452c-7599-4156-9543-3fe544ced0f3:192.168.157.254:36320, eec99a0c-e1b1-4518-bc49-9d1a8c8e04d5:192.168.157.254:45598, d9e6ea44-93db-446f-8020-a94232284285:192.168.157.254:41671], old=null
2019-10-16 22:14:20,618 [pool-57-thread-1] INFO  impl.RaftServerImpl (RaftServerImpl.java:start(195)) - 3989452c-7599-4156-9543-3fe544ced0f3@group-D519DFB9FC4F: start as a follower, conf=-1: [3989452c-7599-4156-9543-3fe544ced0f3:192.168.157.254:36320, eec99a0c-e1b1-4518-bc49-9d1a8c8e04d5:192.168.157.254:45598, d9e6ea44-93db-446f-8020-a94232284285:192.168.157.254:41671], old=null
2019-10-16 22:14:20,618 [pool-27-thread-1] INFO  util.JmxRegister (JmxRegister.java:tryRegister(44)) - Successfully registered JMX Bean with object name Ratis:service=RaftServer,group=group-D519DFB9FC4F,id=eec99a0c-e1b1-4518-bc49-9d1a8c8e04d5
2019-10-16 22:14:20,618 [pool-57-thread-1] INFO  impl.RaftServerImpl (RaftServerImpl.java:setRole(184)) - 3989452c-7599-4156-9543-3fe544ced0f3@group-D519DFB9FC4F: changes role from      null to FOLLOWER at term 0 for startAsFollower
2019-10-16 22:14:20,618 [pool-47-thread-1] INFO  impl.RaftServerImpl (RaftServerImpl.java:setRole(184)) - d9e6ea44-93db-446f-8020-a94232284285@group-D519DFB9FC4F: changes role from      null to FOLLOWER at term 0 for startAsFollower
2019-10-16 22:14:20,619 [pool-57-thread-1] INFO  impl.RoleInfo (RoleInfo.java:updateAndGet(143)) - 3989452c-7599-4156-9543-3fe544ced0f3: start FollowerState
2019-10-16 22:14:20,619 [pool-47-thread-1] INFO  impl.RoleInfo (RoleInfo.java:updateAndGet(143)) - d9e6ea44-93db-446f-8020-a94232284285: start FollowerState
2019-10-16 22:14:20,619 [pool-57-thread-1] INFO  util.JmxRegister (JmxRegister.java:tryRegister(44)) - Successfully registered JMX Bean with object name Ratis:service=RaftServer,group=group-D519DFB9FC4F,id=3989452c-7599-4156-9543-3fe544ced0f3
2019-10-16 22:14:20,619 [pool-47-thread-1] INFO  util.JmxRegister (JmxRegister.java:tryRegister(44)) - Successfully registered JMX Bean with object name Ratis:service=RaftServer,group=group-D519DFB9FC4F,id=d9e6ea44-93db-446f-8020-a94232284285
2019-10-16 22:14:20,629 [RatisPipelineUtilsThread] INFO  pipeline.PipelineStateManager (PipelineStateManager.java:addPipeline(57)) - Created pipeline Pipeline[ Id: f14e0e85-29c3-4607-9712-d519dfb9fc4f, Nodes: 3989452c-7599-4156-9543-3fe544ced0f3{ip: 192.168.157.254, host: pr-hdds-1868-qdb9g-714931517, networkLocation: /default-rack, certSerialId: null}eec99a0c-e1b1-4518-bc49-9d1a8c8e04d5{ip: 192.168.157.254, host: pr-hdds-1868-qdb9g-714931517, networkLocation: /default-rack, certSerialId: null}d9e6ea44-93db-446f-8020-a94232284285{ip: 192.168.157.254, host: pr-hdds-1868-qdb9g-714931517, networkLocation: /default-rack, certSerialId: null}, Type:RATIS, Factor:THREE, State:ALLOCATED]
2019-10-16 22:14:20,706 [Thread-919] INFO  impl.FollowerState (FollowerState.java:run(108)) - d9e6ea44-93db-446f-8020-a94232284285@group-D519DFB9FC4F-FollowerState: change to CANDIDATE, lastRpcTime:87ms, electionTimeout:87ms
2019-10-16 22:14:20,707 [Thread-919] INFO  impl.RoleInfo (RoleInfo.java:shutdownFollowerState(121)) - d9e6ea44-93db-446f-8020-a94232284285: shutdown FollowerState
2019-10-16 22:14:20,707 [Thread-919] INFO  impl.RaftServerImpl (RaftServerImpl.java:setRole(184)) - d9e6ea44-93db-446f-8020-a94232284285@group-D519DFB9FC4F: changes role from  FOLLOWER to CANDIDATE at term 0 for changeToCandidate
2019-10-16 22:14:20,707 [Thread-919] INFO  impl.RoleInfo (RoleInfo.java:updateAndGet(143)) - d9e6ea44-93db-446f-8020-a94232284285: start LeaderElection
2019-10-16 22:14:20,735 [d9e6ea44-93db-446f-8020-a94232284285@group-D519DFB9FC4F-LeaderElection15] INFO  impl.LeaderElection (LeaderElection.java:askForVotes(178)) - d9e6ea44-93db-446f-8020-a94232284285@group-D519DFB9FC4F-LeaderElection15: begin an election at term 1 for -1: [3989452c-7599-4156-9543-3fe544ced0f3:192.168.157.254:36320, eec99a0c-e1b1-4518-bc49-9d1a8c8e04d5:192.168.157.254:45598, d9e6ea44-93db-446f-8020-a94232284285:192.168.157.254:41671], old=null
2019-10-16 22:14:20,742 [grpc-default-executor-21] INFO  impl.RaftServerImpl (RaftServerImpl.java:setRole(184)) - 3989452c-7599-4156-9543-3fe544ced0f3@group-D519DFB9FC4F: changes role from  FOLLOWER to FOLLOWER at term 1 for recognizeCandidate:d9e6ea44-93db-446f-8020-a94232284285
2019-10-16 22:14:20,742 [grpc-default-executor-18] INFO  impl.RaftServerImpl (RaftServerImpl.java:setRole(184)) - eec99a0c-e1b1-4518-bc49-9d1a8c8e04d5@group-D519DFB9FC4F: changes role from  FOLLOWER to FOLLOWER at term 1 for recognizeCandidate:d9e6ea44-93db-446f-8020-a94232284285
2019-10-16 22:14:20,742 [grpc-default-executor-21] INFO  impl.RoleInfo (RoleInfo.java:shutdownFollowerState(121)) - 3989452c-7599-4156-9543-3fe544ced0f3: shutdown FollowerState
2019-10-16 22:14:20,743 [grpc-default-executor-18] INFO  impl.RoleInfo (RoleInfo.java:shutdownFollowerState(121)) - eec99a0c-e1b1-4518-bc49-9d1a8c8e04d5: shutdown FollowerState
2019-10-16 22:14:20,743 [Thread-918] INFO  impl.FollowerState (FollowerState.java:run(117)) - 3989452c-7599-4156-9543-3fe544ced0f3@group-D519DFB9FC4F-FollowerState was interrupted: java.lang.InterruptedException: sleep interrupted
2019-10-16 22:14:20,743 [grpc-default-executor-21] INFO  impl.RoleInfo (RoleInfo.java:updateAndGet(143)) - 3989452c-7599-4156-9543-3fe544ced0f3: start FollowerState
2019-10-16 22:14:20,743 [Thread-917] INFO  impl.FollowerState (FollowerState.java:run(117)) - eec99a0c-e1b1-4518-bc49-9d1a8c8e04d5@group-D519DFB9FC4F-FollowerState was interrupted: java.lang.InterruptedException: sleep interrupted
2019-10-16 22:14:20,743 [grpc-default-executor-18] INFO  impl.RoleInfo (RoleInfo.java:updateAndGet(143)) - eec99a0c-e1b1-4518-bc49-9d1a8c8e04d5: start FollowerState
2019-10-16 22:14:20,762 [d9e6ea44-93db-446f-8020-a94232284285@group-D519DFB9FC4F-LeaderElection15] INFO  impl.LeaderElection (LeaderElection.java:logAndReturn(56)) - d9e6ea44-93db-446f-8020-a94232284285@group-D519DFB9FC4F-LeaderElection15: Election PASSED; received 1 response(s) [d9e6ea44-93db-446f-8020-a94232284285<-eec99a0c-e1b1-4518-bc49-9d1a8c8e04d5#0:OK-t1] and 0 exception(s); d9e6ea44-93db-446f-8020-a94232284285@group-D519DFB9FC4F:t1, leader=null, voted=d9e6ea44-93db-446f-8020-a94232284285, raftlog=d9e6ea44-93db-446f-8020-a94232284285@group-D519DFB9FC4F-SegmentedRaftLog:OPENED:c-1,f-1,i0, conf=-1: [3989452c-7599-4156-9543-3fe544ced0f3:192.168.157.254:36320, eec99a0c-e1b1-4518-bc49-9d1a8c8e04d5:192.168.157.254:45598, d9e6ea44-93db-446f-8020-a94232284285:192.168.157.254:41671], old=null
2019-10-16 22:14:20,762 [d9e6ea44-93db-446f-8020-a94232284285@group-D519DFB9FC4F-LeaderElection15] INFO  impl.RoleInfo (RoleInfo.java:shutdownLeaderElection(134)) - d9e6ea44-93db-446f-8020-a94232284285: shutdown LeaderElection
2019-10-16 22:14:20,764 [d9e6ea44-93db-446f-8020-a94232284285@group-D519DFB9FC4F-LeaderElection15] INFO  impl.RaftServerImpl (RaftServerImpl.java:setRole(184)) - d9e6ea44-93db-446f-8020-a94232284285@group-D519DFB9FC4F: changes role from CANDIDATE to LEADER at term 1 for changeToLeader
2019-10-16 22:14:20,764 [d9e6ea44-93db-446f-8020-a94232284285@group-D519DFB9FC4F-LeaderElection15] INFO  ratis.XceiverServerRatis (XceiverServerRatis.java:handleLeaderChangedNotification(700)) - Leader change notification received for group: group-D519DFB9FC4F with new leaderId: d9e6ea44-93db-446f-8020-a94232284285
2019-10-16 22:14:20,765 [d9e6ea44-93db-446f-8020-a94232284285@group-D519DFB9FC4F-LeaderElection15] INFO  impl.RaftServerImpl (ServerState.java:setLeader(256)) - d9e6ea44-93db-446f-8020-a94232284285@group-D519DFB9FC4F: change Leader from null to d9e6ea44-93db-446f-8020-a94232284285 at term 1 for becomeLeader, leader elected after 160ms
2019-10-16 22:14:20,765 [d9e6ea44-93db-446f-8020-a94232284285@group-D519DFB9FC4F-LeaderElection15] INFO  server.RaftServerConfigKeys (ConfUtils.java:logGet(43)) - raft.server.staging.catchup.gap = 1000 (default)
2019-10-16 22:14:20,765 [d9e6ea44-93db-446f-8020-a94232284285@group-D519DFB9FC4F-LeaderElection15] INFO  server.RaftServerConfigKeys (ConfUtils.java:logGet(43)) - raft.server.rpc.sleep.time = 25ms (default)
2019-10-16 22:14:20,765 [d9e6ea44-93db-446f-8020-a94232284285@group-D519DFB9FC4F-LeaderElection15] INFO  server.RaftServerConfigKeys (ConfUtils.java:logGet(43)) - raft.server.write.element-limit = 4096 (default)
2019-10-16 22:14:20,765 [d9e6ea44-93db-446f-8020-a94232284285@group-D519DFB9FC4F-LeaderElection15] INFO  server.RaftServerConfigKeys (ConfUtils.java:logGet(43)) - raft.server.watch.timeout = 10s (default)
2019-10-16 22:14:20,765 [d9e6ea44-93db-446f-8020-a94232284285@group-D519DFB9FC4F-LeaderElection15] INFO  server.RaftServerConfigKeys (ConfUtils.java:logGet(43)) - raft.server.watch.timeout.denomination = 1s (default)
2019-10-16 22:14:20,765 [d9e6ea44-93db-446f-8020-a94232284285@group-D519DFB9FC4F-LeaderElection15] INFO  server.RaftServerConfigKeys (ConfUtils.java:logGet(43)) - raft.server.watch.element-limit = 65536 (default)
2019-10-16 22:14:20,766 [EventQueue-PipelineReportForPipelineReportHandler] INFO  pipeline.PipelineReportHandler (PipelineReportHandler.java:processPipelineReport(119)) - Pipeline PipelineID=f14e0e85-29c3-4607-9712-d519dfb9fc4f reported by d9e6ea44-93db-446f-8020-a94232284285{ip: 192.168.157.254, host: pr-hdds-1868-qdb9g-714931517, networkLocation: /default-rack, certSerialId: null} with leaderId d9e6ea44-93db-446f-8020-a94232284285
2019-10-16 22:14:20,769 [d9e6ea44-93db-446f-8020-a94232284285@group-D519DFB9FC4F-LeaderElection15] INFO  server.RaftServerConfigKeys (ConfUtils.java:logGet(43)) - raft.server.log.appender.snapshot.chunk.size.max = 16MB (=16777216) (default)
2019-10-16 22:14:20,770 [d9e6ea44-93db-446f-8020-a94232284285@group-D519DFB9FC4F-LeaderElection15] INFO  server.RaftServerConfigKeys (ConfUtils.java:logGet(43)) - raft.server.log.appender.buffer.byte-limit = 33554432 (custom)
2019-10-16 22:14:20,770 [d9e6ea44-93db-446f-8020-a94232284285@group-D519DFB9FC4F-LeaderElection15] INFO  server.RaftServerConfigKeys (ConfUtils.java:logGet(43)) - raft.server.log.appender.buffer.element-limit = 1 (custom)
2019-10-16 22:14:20,770 [d9e6ea44-93db-446f-8020-a94232284285@group-D519DFB9FC4F-LeaderElection15] INFO  grpc.GrpcConfigKeys$Server (ConfUtils.java:logGet(43)) - raft.grpc.server.leader.outstanding.appends.max = 128 (default)
2019-10-16 22:14:20,770 [d9e6ea44-93db-446f-8020-a94232284285@group-D519DFB9FC4F-LeaderElection15] INFO  server.RaftServerConfigKeys (ConfUtils.java:logGet(43)) - raft.server.rpc.request.timeout = 3000ms (default)
2019-10-16 22:14:20,770 [d9e6ea44-93db-446f-8020-a94232284285@group-D519DFB9FC4F-LeaderElection15] INFO  server.RaftServerConfigKeys (ConfUtils.java:logGet(43)) - raft.server.log.appender.install.snapshot.enabled = false (custom)
2019-10-16 22:14:20,773 [d9e6ea44-93db-446f-8020-a94232284285@group-D519DFB9FC4F-LeaderElection15] INFO  server.RaftServerConfigKeys (ConfUtils.java:logGet(43)) - raft.server.log.appender.snapshot.chunk.size.max = 16MB (=16777216) (default)
2019-10-16 22:14:20,773 [d9e6ea44-93db-446f-8020-a94232284285@group-D519DFB9FC4F-LeaderElection15] INFO  server.RaftServerConfigKeys (ConfUtils.java:logGet(43)) - raft.server.log.appender.buffer.byte-limit = 33554432 (custom)
2019-10-16 22:14:20,773 [d9e6ea44-93db-446f-8020-a94232284285@group-D519DFB9FC4F-LeaderElection15] INFO  server.RaftServerConfigKeys (ConfUtils.java:logGet(43)) - raft.server.log.appender.buffer.element-limit = 1 (custom)
2019-10-16 22:14:20,773 [d9e6ea44-93db-446f-8020-a94232284285@group-D519DFB9FC4F-LeaderElection15] INFO  grpc.GrpcConfigKeys$Server (ConfUtils.java:logGet(43)) - raft.grpc.server.leader.outstanding.appends.max = 128 (default)
2019-10-16 22:14:20,773 [d9e6ea44-93db-446f-8020-a94232284285@group-D519DFB9FC4F-LeaderElection15] INFO  server.RaftServerConfigKeys (ConfUtils.java:logGet(43)) - raft.server.rpc.request.timeout = 3000ms (default)
2019-10-16 22:14:20,773 [d9e6ea44-93db-446f-8020-a94232284285@group-D519DFB9FC4F-LeaderElection15] INFO  server.RaftServerConfigKeys (ConfUtils.java:logGet(43)) - raft.server.log.appender.install.snapshot.enabled = false (custom)
2019-10-16 22:14:20,775 [d9e6ea44-93db-446f-8020-a94232284285@group-D519DFB9FC4F-LeaderElection15] INFO  impl.RoleInfo (RoleInfo.java:updateAndGet(143)) - d9e6ea44-93db-446f-8020-a94232284285: start LeaderState
2019-10-16 22:14:20,776 [d9e6ea44-93db-446f-8020-a94232284285@group-D519DFB9FC4F-LeaderElection15] INFO  segmented.SegmentedRaftLogWorker (SegmentedRaftLogWorker.java:startLogSegment(385)) - d9e6ea44-93db-446f-8020-a94232284285@group-D519DFB9FC4F-SegmentedRaftLogWorker: Starting segment from index:0
2019-10-16 22:14:20,777 [d9e6ea44-93db-446f-8020-a94232284285@group-D519DFB9FC4F-LeaderElection15] INFO  impl.RaftServerImpl (ServerState.java:setRaftConf(357)) - d9e6ea44-93db-446f-8020-a94232284285@group-D519DFB9FC4F: set configuration 0: [3989452c-7599-4156-9543-3fe544ced0f3:192.168.157.254:36320, eec99a0c-e1b1-4518-bc49-9d1a8c8e04d5:192.168.157.254:45598, d9e6ea44-93db-446f-8020-a94232284285:192.168.157.254:41671], old=null at 0
2019-10-16 22:14:20,811 [grpc-default-executor-18] INFO  ratis.XceiverServerRatis (XceiverServerRatis.java:handleLeaderChangedNotification(700)) - Leader change notification received for group: group-D519DFB9FC4F with new leaderId: d9e6ea44-93db-446f-8020-a94232284285
2019-10-16 22:14:20,811 [grpc-default-executor-21] INFO  ratis.XceiverServerRatis (XceiverServerRatis.java:handleLeaderChangedNotification(700)) - Leader change notification received for group: group-D519DFB9FC4F with new leaderId: d9e6ea44-93db-446f-8020-a94232284285
2019-10-16 22:14:20,811 [grpc-default-executor-18] INFO  impl.RaftServerImpl (ServerState.java:setLeader(256)) - eec99a0c-e1b1-4518-bc49-9d1a8c8e04d5@group-D519DFB9FC4F: change Leader from null to d9e6ea44-93db-446f-8020-a94232284285 at term 1 for appendEntries, leader elected after 207ms
2019-10-16 22:14:20,812 [grpc-default-executor-21] INFO  impl.RaftServerImpl (ServerState.java:setLeader(256)) - 3989452c-7599-4156-9543-3fe544ced0f3@group-D519DFB9FC4F: change Leader from null to d9e6ea44-93db-446f-8020-a94232284285 at term 1 for appendEntries, leader elected after 207ms
2019-10-16 22:14:20,814 [EventQueue-PipelineReportForPipelineReportHandler] INFO  pipeline.PipelineReportHandler (PipelineReportHandler.java:processPipelineReport(119)) - Pipeline PipelineID=f14e0e85-29c3-4607-9712-d519dfb9fc4f reported by eec99a0c-e1b1-4518-bc49-9d1a8c8e04d5{ip: 192.168.157.254, host: pr-hdds-1868-qdb9g-714931517, networkLocation: /default-rack, certSerialId: null} with leaderId d9e6ea44-93db-446f-8020-a94232284285
2019-10-16 22:14:20,816 [EventQueue-PipelineReportForPipelineReportHandler] INFO  pipeline.PipelineReportHandler (PipelineReportHandler.java:processPipelineReport(119)) - Pipeline PipelineID=f14e0e85-29c3-4607-9712-d519dfb9fc4f reported by 3989452c-7599-4156-9543-3fe544ced0f3{ip: 192.168.157.254, host: pr-hdds-1868-qdb9g-714931517, networkLocation: /default-rack, certSerialId: null} with leaderId d9e6ea44-93db-446f-8020-a94232284285
2019-10-16 22:14:20,816 [EventQueue-PipelineReportForPipelineReportHandler] INFO  pipeline.PipelineStateManager (PipelineStateManager.java:openPipeline(136)) - Pipeline Pipeline[ Id: f14e0e85-29c3-4607-9712-d519dfb9fc4f, Nodes: 3989452c-7599-4156-9543-3fe544ced0f3{ip: 192.168.157.254, host: pr-hdds-1868-qdb9g-714931517, networkLocation: /default-rack, certSerialId: null}eec99a0c-e1b1-4518-bc49-9d1a8c8e04d5{ip: 192.168.157.254, host: pr-hdds-1868-qdb9g-714931517, networkLocation: /default-rack, certSerialId: null}d9e6ea44-93db-446f-8020-a94232284285{ip: 192.168.157.254, host: pr-hdds-1868-qdb9g-714931517, networkLocation: /default-rack, certSerialId: null}, Type:RATIS, Factor:THREE, State:OPEN] moved to OPEN state
2019-10-16 22:14:20,817 [grpc-default-executor-21] INFO  impl.RaftServerImpl (ServerState.java:setRaftConf(357)) - eec99a0c-e1b1-4518-bc49-9d1a8c8e04d5@group-D519DFB9FC4F: set configuration 0: [3989452c-7599-4156-9543-3fe544ced0f3:192.168.157.254:36320, eec99a0c-e1b1-4518-bc49-9d1a8c8e04d5:192.168.157.254:45598, d9e6ea44-93db-446f-8020-a94232284285:192.168.157.254:41671], old=null at 0
2019-10-16 22:14:20,817 [grpc-default-executor-18] INFO  impl.RaftServerImpl (ServerState.java:setRaftConf(357)) - 3989452c-7599-4156-9543-3fe544ced0f3@group-D519DFB9FC4F: set configuration 0: [3989452c-7599-4156-9543-3fe544ced0f3:192.168.157.254:36320, eec99a0c-e1b1-4518-bc49-9d1a8c8e04d5:192.168.157.254:45598, d9e6ea44-93db-446f-8020-a94232284285:192.168.157.254:41671], old=null at 0
2019-10-16 22:14:20,819 [grpc-default-executor-21] INFO  segmented.SegmentedRaftLogWorker (SegmentedRaftLogWorker.java:startLogSegment(385)) - eec99a0c-e1b1-4518-bc49-9d1a8c8e04d5@group-D519DFB9FC4F-SegmentedRaftLogWorker: Starting segment from index:0
2019-10-16 22:14:20,819 [grpc-default-executor-18] INFO  segmented.SegmentedRaftLogWorker (SegmentedRaftLogWorker.java:startLogSegment(385)) - 3989452c-7599-4156-9543-3fe544ced0f3@group-D519DFB9FC4F-SegmentedRaftLogWorker: Starting segment from index:0
2019-10-16 22:14:20,834 [d9e6ea44-93db-446f-8020-a94232284285@group-D519DFB9FC4F-SegmentedRaftLogWorker] INFO  segmented.SegmentedRaftLogWorker (SegmentedRaftLogWorker.java:execute(576)) - d9e6ea44-93db-446f-8020-a94232284285@group-D519DFB9FC4F-SegmentedRaftLogWorker: created new log segment /workdir/hadoop-ozone/tools/target/test-dir/MiniOzoneClusterImpl-402ec78b-26f6-4355-8079-1cdd4cc53632/datanode-2/data/ratis/f14e0e85-29c3-4607-9712-d519dfb9fc4f/current/log_inprogress_0
2019-10-16 22:14:20,856 [eec99a0c-e1b1-4518-bc49-9d1a8c8e04d5@group-D519DFB9FC4F-SegmentedRaftLogWorker] INFO  segmented.SegmentedRaftLogWorker (SegmentedRaftLogWorker.java:execute(576)) - eec99a0c-e1b1-4518-bc49-9d1a8c8e04d5@group-D519DFB9FC4F-SegmentedRaftLogWorker: created new log segment /workdir/hadoop-ozone/tools/target/test-dir/MiniOzoneClusterImpl-402ec78b-26f6-4355-8079-1cdd4cc53632/datanode-0/data/ratis/f14e0e85-29c3-4607-9712-d519dfb9fc4f/current/log_inprogress_0
2019-10-16 22:14:20,878 [3989452c-7599-4156-9543-3fe544ced0f3@group-D519DFB9FC4F-SegmentedRaftLogWorker] INFO  segmented.SegmentedRaftLogWorker (SegmentedRaftLogWorker.java:execute(576)) - 3989452c-7599-4156-9543-3fe544ced0f3@group-D519DFB9FC4F-SegmentedRaftLogWorker: created new log segment /workdir/hadoop-ozone/tools/target/test-dir/MiniOzoneClusterImpl-402ec78b-26f6-4355-8079-1cdd4cc53632/datanode-3/data/ratis/f14e0e85-29c3-4607-9712-d519dfb9fc4f/current/log_inprogress_0
 0.00% |?                                                                                                    |  0/1 Time: 0:05:372019-10-16 22:14:21,434 [pool-73-thread-3] WARN  io.KeyOutputStream (KeyOutputStream.java:handleException(274)) - Encountered exception java.io.IOException: Unexpected Storage Container Exception: java.util.concurrent.CompletionException: java.util.concurrent.CompletionException: org.apache.ratis.protocol.GroupMismatchException: d9e6ea44-93db-446f-8020-a94232284285: group-0A2957FA1D3D not found. on the pipeline Pipeline[ Id: f12b8f10-eb28-4cc3-84b3-0a2957fa1d3d, Nodes: 3989452c-7599-4156-9543-3fe544ced0f3{ip: 192.168.157.254, host: pr-hdds-1868-qdb9g-714931517, networkLocation: /default-rack, certSerialId: null}eec99a0c-e1b1-4518-bc49-9d1a8c8e04d5{ip: 192.168.157.254, host: pr-hdds-1868-qdb9g-714931517, networkLocation: /default-rack, certSerialId: null}d9e6ea44-93db-446f-8020-a94232284285{ip: 192.168.157.254, host: pr-hdds-1868-qdb9g-714931517, networkLocation: /default-rack, certSerialId: null}, Type:RATIS, Factor:THREE, State:OPEN]. The last committed block length is 0, uncommitted data length is 2097152 retry count 4
2019-10-16 22:14:21,640 [pool-46-thread-8] ERROR impl.ChunkManagerImpl (ChunkManagerDummyImpl.java:writeChunk(86)) - data array does not match the length specified. DataLen: 1048576 Byte Array: 1048745
2019-10-16 22:14:21,642 [pool-46-thread-8] ERROR impl.ChunkManagerDummyImpl (ChunkManagerDummyImpl.java:writeChunk(105)) - write data failed. error: {}
org.apache.hadoop.hdds.scm.container.common.helpers.StorageContainerException: data array does not match the length specified. DataLen: 1048576 Byte Array: 1048745
	at org.apache.hadoop.ozone.container.keyvalue.impl.ChunkManagerDummyImpl.writeChunk(ChunkManagerDummyImpl.java:87)
	at org.apache.hadoop.ozone.container.keyvalue.KeyValueHandler.handleWriteChunk(KeyValueHandler.java:696)
	at org.apache.hadoop.ozone.container.keyvalue.KeyValueHandler.handle(KeyValueHandler.java:176)
	at org.apache.hadoop.ozone.container.common.impl.HddsDispatcher.dispatchRequest(HddsDispatcher.java:277)
	at org.apache.hadoop.ozone.container.common.impl.HddsDispatcher.dispatch(HddsDispatcher.java:150)
	at org.apache.hadoop.ozone.container.common.transport.server.ratis.ContainerStateMachine.dispatchCommand(ContainerStateMachine.java:415)
	at org.apache.hadoop.ozone.container.common.transport.server.ratis.ContainerStateMachine.runCommand(ContainerStateMachine.java:425)
	at org.apache.hadoop.ozone.container.common.transport.server.ratis.ContainerStateMachine.lambda$handleWriteChunk$1(ContainerStateMachine.java:460)
	at java.util.concurrent.CompletableFuture$AsyncSupply.run(CompletableFuture.java:1590)
	at java.util.concurrent.ThreadPoolExecutor.runWorker(ThreadPoolExecutor.java:1149)
	at java.util.concurrent.ThreadPoolExecutor$Worker.run(ThreadPoolExecutor.java:624)
	at java.lang.Thread.run(Thread.java:748)
2019-10-16 22:14:21,643 [pool-46-thread-8] INFO  keyvalue.KeyValueHandler (ContainerUtils.java:logAndReturnError(146)) - Operation: WriteChunk : Trace ID: f8c5fafcb221b68a:25f035ada7e46086:bb7d3ec7caad6159:0 : Message: Internal error:  : Result: CONTAINER_INTERNAL_ERROR
2019-10-16 22:14:21,649 [EventQueue-IncrementalContainerReportForIncrementalContainerReportHandler] WARN  container.IncrementalContainerReportHandler (AbstractContainerReportHandler.java:updateContainerState(145)) - Container #8 is in OPEN state, but the datanode d9e6ea44-93db-446f-8020-a94232284285{ip: 192.168.157.254, host: pr-hdds-1868-qdb9g-714931517, networkLocation: /default-rack, certSerialId: null} reports an UNHEALTHY replica.
2019-10-16 22:14:21,651 [EventQueue-CloseContainerForCloseContainerEventHandler] INFO  container.CloseContainerEventHandler (CloseContainerEventHandler.java:onMessage(61)) - Close container Event triggered for container : #8
22:14:21.649 [pool-46-thread-8] ERROR DNAudit - user=null | ip=null | op=WRITE_CHUNK {blockData=conID: 8 locID: 102974361531580426 bcsId: 0} | ret=FAILURE
java.lang.Exception: Internal error: 
	at org.apache.hadoop.ozone.container.common.impl.HddsDispatcher.dispatchRequest(HddsDispatcher.java:332) ~[hadoop-hdds-container-service-0.5.0-SNAPSHOT.jar:?]
	at org.apache.hadoop.ozone.container.common.impl.HddsDispatcher.dispatch(HddsDispatcher.java:150) ~[hadoop-hdds-container-service-0.5.0-SNAPSHOT.jar:?]
	at org.apache.hadoop.ozone.container.common.transport.server.ratis.ContainerStateMachine.dispatchCommand(ContainerStateMachine.java:415) ~[hadoop-hdds-container-service-0.5.0-SNAPSHOT.jar:?]
	at org.apache.hadoop.ozone.container.common.transport.server.ratis.ContainerStateMachine.runCommand(ContainerStateMachine.java:425) ~[hadoop-hdds-container-service-0.5.0-SNAPSHOT.jar:?]
	at org.apache.hadoop.ozone.container.common.transport.server.ratis.ContainerStateMachine.lambda$handleWriteChunk$1(ContainerStateMachine.java:460) ~[hadoop-hdds-container-service-0.5.0-SNAPSHOT.jar:?]
	at java.util.concurrent.CompletableFuture$AsyncSupply.run(CompletableFuture.java:1590) [?:1.8.0_222]
	at java.util.concurrent.ThreadPoolExecutor.runWorker(ThreadPoolExecutor.java:1149) [?:1.8.0_222]
	at java.util.concurrent.ThreadPoolExecutor$Worker.run(ThreadPoolExecutor.java:624) [?:1.8.0_222]
	at java.lang.Thread.run(Thread.java:748) [?:1.8.0_222]
2019-10-16 22:14:21,651 [pool-46-thread-8] ERROR ratis.ContainerStateMachine (ContainerStateMachine.java:lambda$handleWriteChunk$2(482)) - group-D519DFB9FC4F: writeChunk writeStateMachineData failed: blockIdcontainerID: 8
localID: 102974361531580426
blockCommitSequenceId: 0
 logIndex 1 chunkName 102974361531580426_chunk_1 Error message: Internal error:  Container Result: CONTAINER_INTERNAL_ERROR
2019-10-16 22:14:21,652 [d9e6ea44-93db-446f-8020-a94232284285@group-D519DFB9FC4F-SegmentedRaftLogWorker] ERROR ratis.XceiverServerRatis (XceiverServerRatis.java:triggerPipelineClose(589)) - pipeline Action CLOSE  on pipeline PipelineID=f14e0e85-29c3-4607-9712-d519dfb9fc4f.Reason : Internal error: 
2019-10-16 22:14:21,652 [d9e6ea44-93db-446f-8020-a94232284285@group-D519DFB9FC4F-SegmentedRaftLogWorker] ERROR ratis.XceiverServerRatis (XceiverServerRatis.java:triggerPipelineClose(589)) - pipeline Action CLOSE  on pipeline PipelineID=f14e0e85-29c3-4607-9712-d519dfb9fc4f.Reason : Log already failed at index 1 for task WriteLog:1: (t:1, i:1), STATEMACHINELOGENTRY, client-694BD524F3F0, cid=70
2019-10-16 22:14:21,653 [EventQueue-PipelineActionsForPipelineActionHandler] ERROR pipeline.PipelineActionHandler (PipelineActionHandler.java:onMessage(60)) - Received pipeline action CLOSE for Pipeline[ Id: f14e0e85-29c3-4607-9712-d519dfb9fc4f, Nodes: 3989452c-7599-4156-9543-3fe544ced0f3{ip: 192.168.157.254, host: pr-hdds-1868-qdb9g-714931517, networkLocation: /default-rack, certSerialId: null}eec99a0c-e1b1-4518-bc49-9d1a8c8e04d5{ip: 192.168.157.254, host: pr-hdds-1868-qdb9g-714931517, networkLocation: /default-rack, certSerialId: null}d9e6ea44-93db-446f-8020-a94232284285{ip: 192.168.157.254, host: pr-hdds-1868-qdb9g-714931517, networkLocation: /default-rack, certSerialId: null}, Type:RATIS, Factor:THREE, State:OPEN] from datanode d9e6ea44-93db-446f-8020-a94232284285{ip: 192.168.157.254, host: pr-hdds-1868-qdb9g-714931517, networkLocation: /default-rack, certSerialId: null}. Reason : Internal error: 
2019-10-16 22:14:21,653 [EventQueue-PipelineActionsForPipelineActionHandler] INFO  pipeline.SCMPipelineManager (SCMPipelineManager.java:finalizeAndDestroyPipeline(315)) - destroying pipeline:Pipeline[ Id: f14e0e85-29c3-4607-9712-d519dfb9fc4f, Nodes: 3989452c-7599-4156-9543-3fe544ced0f3{ip: 192.168.157.254, host: pr-hdds-1868-qdb9g-714931517, networkLocation: /default-rack, certSerialId: null}eec99a0c-e1b1-4518-bc49-9d1a8c8e04d5{ip: 192.168.157.254, host: pr-hdds-1868-qdb9g-714931517, networkLocation: /default-rack, certSerialId: null}d9e6ea44-93db-446f-8020-a94232284285{ip: 192.168.157.254, host: pr-hdds-1868-qdb9g-714931517, networkLocation: /default-rack, certSerialId: null}, Type:RATIS, Factor:THREE, State:OPEN]
2019-10-16 22:14:21,653 [EventQueue-PipelineActionsForPipelineActionHandler] INFO  pipeline.PipelineStateManager (PipelineStateManager.java:finalizePipeline(123)) - Pipeline Pipeline[ Id: f14e0e85-29c3-4607-9712-d519dfb9fc4f, Nodes: 3989452c-7599-4156-9543-3fe544ced0f3{ip: 192.168.157.254, host: pr-hdds-1868-qdb9g-714931517, networkLocation: /default-rack, certSerialId: null}eec99a0c-e1b1-4518-bc49-9d1a8c8e04d5{ip: 192.168.157.254, host: pr-hdds-1868-qdb9g-714931517, networkLocation: /default-rack, certSerialId: null}d9e6ea44-93db-446f-8020-a94232284285{ip: 192.168.157.254, host: pr-hdds-1868-qdb9g-714931517, networkLocation: /default-rack, certSerialId: null}, Type:RATIS, Factor:THREE, State:CLOSED] moved to CLOSED state
2019-10-16 22:14:21,654 [EventQueue-PipelineActionsForPipelineActionHandler] ERROR pipeline.PipelineActionHandler (PipelineActionHandler.java:onMessage(60)) - Received pipeline action CLOSE for Pipeline[ Id: f14e0e85-29c3-4607-9712-d519dfb9fc4f, Nodes: 3989452c-7599-4156-9543-3fe544ced0f3{ip: 192.168.157.254, host: pr-hdds-1868-qdb9g-714931517, networkLocation: /default-rack, certSerialId: null}eec99a0c-e1b1-4518-bc49-9d1a8c8e04d5{ip: 192.168.157.254, host: pr-hdds-1868-qdb9g-714931517, networkLocation: /default-rack, certSerialId: null}d9e6ea44-93db-446f-8020-a94232284285{ip: 192.168.157.254, host: pr-hdds-1868-qdb9g-714931517, networkLocation: /default-rack, certSerialId: null}, Type:RATIS, Factor:THREE, State:CLOSED] from datanode d9e6ea44-93db-446f-8020-a94232284285{ip: 192.168.157.254, host: pr-hdds-1868-qdb9g-714931517, networkLocation: /default-rack, certSerialId: null}. Reason : Log already failed at index 1 for task WriteLog:1: (t:1, i:1), STATEMACHINELOGENTRY, client-694BD524F3F0, cid=70
2019-10-16 22:14:21,654 [EventQueue-PipelineActionsForPipelineActionHandler] INFO  pipeline.SCMPipelineManager (SCMPipelineManager.java:finalizeAndDestroyPipeline(315)) - destroying pipeline:Pipeline[ Id: f14e0e85-29c3-4607-9712-d519dfb9fc4f, Nodes: 3989452c-7599-4156-9543-3fe544ced0f3{ip: 192.168.157.254, host: pr-hdds-1868-qdb9g-714931517, networkLocation: /default-rack, certSerialId: null}eec99a0c-e1b1-4518-bc49-9d1a8c8e04d5{ip: 192.168.157.254, host: pr-hdds-1868-qdb9g-714931517, networkLocation: /default-rack, certSerialId: null}d9e6ea44-93db-446f-8020-a94232284285{ip: 192.168.157.254, host: pr-hdds-1868-qdb9g-714931517, networkLocation: /default-rack, certSerialId: null}, Type:RATIS, Factor:THREE, State:CLOSED]
 0.00% |?                                                                                                    |  0/1 Time: 0:05:38 0.00% |?                                                                                                    |  0/1 Time: 0:05:39 0.00% |?                                                                                                    |  0/1 Time: 0:05:402019-10-16 22:14:24,787 [Timer for 'StorageContainerManager' metrics system] INFO  lib.Interns (Interns.java:removeEldestEntry(50)) - Metrics intern cache overflow at 2011 for MetricsSystem={MetricsSystem=MetricsInfoImpl{name=MetricsSystem, description=MetricsSystem}, MetricsSystem record=MetricsInfoImpl{name=MetricsSystem, description=MetricsSystem record}}
 0.00% |?                                                                                                    |  0/1 Time: 0:05:41 0.00% |?                                                                                                    |  0/1 Time: 0:05:42 0.00% |?                                                                                                    |  0/1 Time: 0:05:43 0.00% |?                                                                                                    |  0/1 Time: 0:05:44 0.00% |?                                                                                                    |  0/1 Time: 0:05:45 0.00% |?                                                                                                    |  0/1 Time: 0:05:46 0.00% |?                                                                                                    |  0/1 Time: 0:05:47 0.00% |?                                                                                                    |  0/1 Time: 0:05:48 0.00% |?                                                                                                    |  0/1 Time: 0:05:49 0.00% |?                                                                                                    |  0/1 Time: 0:05:50 0.00% |?                                                                                                    |  0/1 Time: 0:05:51 0.00% |?                                                                                                    |  0/1 Time: 0:05:52 0.00% |?                                                                                                    |  0/1 Time: 0:05:53 0.00% |?                                                                                                    |  0/1 Time: 0:05:54 0.00% |?                                                                                                    |  0/1 Time: 0:05:55 0.00% |?                                                                                                    |  0/1 Time: 0:05:56 0.00% |?                                                                                                    |  0/1 Time: 0:05:57 0.00% |?                                                                                                    |  0/1 Time: 0:05:582019-10-16 22:14:42,536 [grpc-default-executor-21] INFO  impl.RaftServerProxy (RaftServerProxy.java:addNew(89)) - d9e6ea44-93db-446f-8020-a94232284285: addNew group-83CFD60236D8:[3989452c-7599-4156-9543-3fe544ced0f3:192.168.157.254:36320, eec99a0c-e1b1-4518-bc49-9d1a8c8e04d5:192.168.157.254:45598, d9e6ea44-93db-446f-8020-a94232284285:192.168.157.254:41671] returns group-83CFD60236D8:java.util.concurrent.CompletableFuture@748c9795[Not completed]
2019-10-16 22:14:42,538 [grpc-default-executor-18] INFO  impl.RaftServerProxy (RaftServerProxy.java:addNew(89)) - eec99a0c-e1b1-4518-bc49-9d1a8c8e04d5: addNew group-83CFD60236D8:[3989452c-7599-4156-9543-3fe544ced0f3:192.168.157.254:36320, eec99a0c-e1b1-4518-bc49-9d1a8c8e04d5:192.168.157.254:45598, d9e6ea44-93db-446f-8020-a94232284285:192.168.157.254:41671] returns group-83CFD60236D8:java.util.concurrent.CompletableFuture@1ca94867[Not completed]
2019-10-16 22:14:42,536 [grpc-default-executor-23] INFO  impl.RaftServerProxy (RaftServerProxy.java:addNew(89)) - 3989452c-7599-4156-9543-3fe544ced0f3: addNew group-83CFD60236D8:[3989452c-7599-4156-9543-3fe544ced0f3:192.168.157.254:36320, eec99a0c-e1b1-4518-bc49-9d1a8c8e04d5:192.168.157.254:45598, d9e6ea44-93db-446f-8020-a94232284285:192.168.157.254:41671] returns group-83CFD60236D8:java.util.concurrent.CompletableFuture@360da7c8[Not completed]
2019-10-16 22:14:42,543 [pool-57-thread-1] INFO  impl.RaftServerImpl (RaftServerImpl.java:<init>(104)) - 3989452c-7599-4156-9543-3fe544ced0f3: new RaftServerImpl for group-83CFD60236D8:[3989452c-7599-4156-9543-3fe544ced0f3:192.168.157.254:36320, eec99a0c-e1b1-4518-bc49-9d1a8c8e04d5:192.168.157.254:45598, d9e6ea44-93db-446f-8020-a94232284285:192.168.157.254:41671] with ContainerStateMachine:uninitialized
2019-10-16 22:14:42,543 [pool-57-thread-1] INFO  server.RaftServerConfigKeys (ConfUtils.java:logGet(43)) - raft.server.rpc.timeout.min = 5s (custom)
2019-10-16 22:14:42,543 [pool-57-thread-1] INFO  server.RaftServerConfigKeys (ConfUtils.java:logGet(43)) - raft.server.rpc.timeout.max = 5200ms (custom)
2019-10-16 22:14:42,543 [pool-57-thread-1] INFO  server.RaftServerConfigKeys (ConfUtils.java:logGet(43)) - raft.server.rpcslowness.timeout = 120s (custom)
2019-10-16 22:14:42,543 [pool-57-thread-1] INFO  server.RaftServerConfigKeys (ConfUtils.java:logGet(43)) - raft.server.sleep.deviation.threshold = 300 (default)
2019-10-16 22:14:42,544 [pool-57-thread-1] INFO  server.RaftServerConfigKeys (ConfUtils.java:logGet(43)) - raft.server.log.appender.install.snapshot.enabled = false (custom)
2019-10-16 22:14:42,544 [pool-57-thread-1] INFO  impl.RaftServerImpl (ServerState.java:<init>(103)) - 3989452c-7599-4156-9543-3fe544ced0f3@group-83CFD60236D8: ConfigurationManager, init=-1: [3989452c-7599-4156-9543-3fe544ced0f3:192.168.157.254:36320, eec99a0c-e1b1-4518-bc49-9d1a8c8e04d5:192.168.157.254:45598, d9e6ea44-93db-446f-8020-a94232284285:192.168.157.254:41671], old=null, confs=<EMPTY_MAP>
2019-10-16 22:14:42,544 [pool-47-thread-1] INFO  impl.RaftServerImpl (RaftServerImpl.java:<init>(104)) - d9e6ea44-93db-446f-8020-a94232284285: new RaftServerImpl for group-83CFD60236D8:[3989452c-7599-4156-9543-3fe544ced0f3:192.168.157.254:36320, eec99a0c-e1b1-4518-bc49-9d1a8c8e04d5:192.168.157.254:45598, d9e6ea44-93db-446f-8020-a94232284285:192.168.157.254:41671] with ContainerStateMachine:uninitialized
2019-10-16 22:14:42,544 [pool-57-thread-1] INFO  server.RaftServerConfigKeys (ConfUtils.java:logGet(43)) - raft.server.storage.dir = [/workdir/hadoop-ozone/tools/target/test-dir/MiniOzoneClusterImpl-402ec78b-26f6-4355-8079-1cdd4cc53632/datanode-3/data/ratis] (custom)
2019-10-16 22:14:42,544 [pool-47-thread-1] INFO  server.RaftServerConfigKeys (ConfUtils.java:logGet(43)) - raft.server.rpc.timeout.min = 5s (custom)
2019-10-16 22:14:42,544 [pool-47-thread-1] INFO  server.RaftServerConfigKeys (ConfUtils.java:logGet(43)) - raft.server.rpc.timeout.max = 5200ms (custom)
2019-10-16 22:14:42,544 [pool-57-thread-1] INFO  server.RaftServerConfigKeys (ConfUtils.java:logGet(43)) - raft.server.log.corruption.policy = EXCEPTION (default)
2019-10-16 22:14:42,545 [pool-47-thread-1] INFO  server.RaftServerConfigKeys (ConfUtils.java:logGet(43)) - raft.server.rpcslowness.timeout = 120s (custom)
2019-10-16 22:14:42,545 [pool-27-thread-1] INFO  impl.RaftServerImpl (RaftServerImpl.java:<init>(104)) - eec99a0c-e1b1-4518-bc49-9d1a8c8e04d5: new RaftServerImpl for group-83CFD60236D8:[3989452c-7599-4156-9543-3fe544ced0f3:192.168.157.254:36320, eec99a0c-e1b1-4518-bc49-9d1a8c8e04d5:192.168.157.254:45598, d9e6ea44-93db-446f-8020-a94232284285:192.168.157.254:41671] with ContainerStateMachine:uninitialized
2019-10-16 22:14:42,545 [pool-57-thread-1] INFO  storage.RaftStorageDirectory (RaftStorageDirectory.java:analyzeStorage(246)) - The storage directory /workdir/hadoop-ozone/tools/target/test-dir/MiniOzoneClusterImpl-402ec78b-26f6-4355-8079-1cdd4cc53632/datanode-3/data/ratis/1bd62df8-80bc-4ac0-888f-83cfd60236d8 does not exist. Creating ...
2019-10-16 22:14:42,545 [pool-47-thread-1] INFO  server.RaftServerConfigKeys (ConfUtils.java:logGet(43)) - raft.server.sleep.deviation.threshold = 300 (default)
2019-10-16 22:14:42,545 [pool-27-thread-1] INFO  server.RaftServerConfigKeys (ConfUtils.java:logGet(43)) - raft.server.rpc.timeout.min = 5s (custom)
2019-10-16 22:14:42,545 [pool-47-thread-1] INFO  server.RaftServerConfigKeys (ConfUtils.java:logGet(43)) - raft.server.log.appender.install.snapshot.enabled = false (custom)
2019-10-16 22:14:42,545 [pool-27-thread-1] INFO  server.RaftServerConfigKeys (ConfUtils.java:logGet(43)) - raft.server.rpc.timeout.max = 5200ms (custom)
2019-10-16 22:14:42,546 [pool-47-thread-1] INFO  impl.RaftServerImpl (ServerState.java:<init>(103)) - d9e6ea44-93db-446f-8020-a94232284285@group-83CFD60236D8: ConfigurationManager, init=-1: [3989452c-7599-4156-9543-3fe544ced0f3:192.168.157.254:36320, eec99a0c-e1b1-4518-bc49-9d1a8c8e04d5:192.168.157.254:45598, d9e6ea44-93db-446f-8020-a94232284285:192.168.157.254:41671], old=null, confs=<EMPTY_MAP>
2019-10-16 22:14:42,546 [pool-27-thread-1] INFO  server.RaftServerConfigKeys (ConfUtils.java:logGet(43)) - raft.server.rpcslowness.timeout = 120s (custom)
2019-10-16 22:14:42,546 [pool-47-thread-1] INFO  server.RaftServerConfigKeys (ConfUtils.java:logGet(43)) - raft.server.storage.dir = [/workdir/hadoop-ozone/tools/target/test-dir/MiniOzoneClusterImpl-402ec78b-26f6-4355-8079-1cdd4cc53632/datanode-2/data/ratis] (custom)
2019-10-16 22:14:42,546 [pool-27-thread-1] INFO  server.RaftServerConfigKeys (ConfUtils.java:logGet(43)) - raft.server.sleep.deviation.threshold = 300 (default)
2019-10-16 22:14:42,546 [pool-27-thread-1] INFO  server.RaftServerConfigKeys (ConfUtils.java:logGet(43)) - raft.server.log.appender.install.snapshot.enabled = false (custom)
2019-10-16 22:14:42,546 [pool-47-thread-1] INFO  server.RaftServerConfigKeys (ConfUtils.java:logGet(43)) - raft.server.log.corruption.policy = EXCEPTION (default)
2019-10-16 22:14:42,546 [pool-27-thread-1] INFO  impl.RaftServerImpl (ServerState.java:<init>(103)) - eec99a0c-e1b1-4518-bc49-9d1a8c8e04d5@group-83CFD60236D8: ConfigurationManager, init=-1: [3989452c-7599-4156-9543-3fe544ced0f3:192.168.157.254:36320, eec99a0c-e1b1-4518-bc49-9d1a8c8e04d5:192.168.157.254:45598, d9e6ea44-93db-446f-8020-a94232284285:192.168.157.254:41671], old=null, confs=<EMPTY_MAP>
2019-10-16 22:14:42,546 [pool-47-thread-1] INFO  storage.RaftStorageDirectory (RaftStorageDirectory.java:analyzeStorage(246)) - The storage directory /workdir/hadoop-ozone/tools/target/test-dir/MiniOzoneClusterImpl-402ec78b-26f6-4355-8079-1cdd4cc53632/datanode-2/data/ratis/1bd62df8-80bc-4ac0-888f-83cfd60236d8 does not exist. Creating ...
2019-10-16 22:14:42,546 [pool-27-thread-1] INFO  server.RaftServerConfigKeys (ConfUtils.java:logGet(43)) - raft.server.storage.dir = [/workdir/hadoop-ozone/tools/target/test-dir/MiniOzoneClusterImpl-402ec78b-26f6-4355-8079-1cdd4cc53632/datanode-0/data/ratis] (custom)
2019-10-16 22:14:42,547 [pool-27-thread-1] INFO  server.RaftServerConfigKeys (ConfUtils.java:logGet(43)) - raft.server.log.corruption.policy = EXCEPTION (default)
2019-10-16 22:14:42,547 [pool-27-thread-1] INFO  storage.RaftStorageDirectory (RaftStorageDirectory.java:analyzeStorage(246)) - The storage directory /workdir/hadoop-ozone/tools/target/test-dir/MiniOzoneClusterImpl-402ec78b-26f6-4355-8079-1cdd4cc53632/datanode-0/data/ratis/1bd62df8-80bc-4ac0-888f-83cfd60236d8 does not exist. Creating ...
2019-10-16 22:14:42,559 [pool-27-thread-1] INFO  storage.RaftStorageDirectory (RaftStorageDirectory.java:tryLock(328)) - Lock on /workdir/hadoop-ozone/tools/target/test-dir/MiniOzoneClusterImpl-402ec78b-26f6-4355-8079-1cdd4cc53632/datanode-0/data/ratis/1bd62df8-80bc-4ac0-888f-83cfd60236d8/in_use.lock acquired by nodename 12003@pr-hdds-1868-qdb9g-714931517
2019-10-16 22:14:42,559 [pool-57-thread-1] INFO  storage.RaftStorageDirectory (RaftStorageDirectory.java:tryLock(328)) - Lock on /workdir/hadoop-ozone/tools/target/test-dir/MiniOzoneClusterImpl-402ec78b-26f6-4355-8079-1cdd4cc53632/datanode-3/data/ratis/1bd62df8-80bc-4ac0-888f-83cfd60236d8/in_use.lock acquired by nodename 12003@pr-hdds-1868-qdb9g-714931517
2019-10-16 22:14:42,559 [pool-47-thread-1] INFO  storage.RaftStorageDirectory (RaftStorageDirectory.java:tryLock(328)) - Lock on /workdir/hadoop-ozone/tools/target/test-dir/MiniOzoneClusterImpl-402ec78b-26f6-4355-8079-1cdd4cc53632/datanode-2/data/ratis/1bd62df8-80bc-4ac0-888f-83cfd60236d8/in_use.lock acquired by nodename 12003@pr-hdds-1868-qdb9g-714931517
2019-10-16 22:14:42,584 [pool-57-thread-1] INFO  storage.RaftStorage (RaftStorage.java:format(84)) - Storage directory /workdir/hadoop-ozone/tools/target/test-dir/MiniOzoneClusterImpl-402ec78b-26f6-4355-8079-1cdd4cc53632/datanode-3/data/ratis/1bd62df8-80bc-4ac0-888f-83cfd60236d8 has been successfully formatted.
2019-10-16 22:14:42,584 [pool-27-thread-1] INFO  storage.RaftStorage (RaftStorage.java:format(84)) - Storage directory /workdir/hadoop-ozone/tools/target/test-dir/MiniOzoneClusterImpl-402ec78b-26f6-4355-8079-1cdd4cc53632/datanode-0/data/ratis/1bd62df8-80bc-4ac0-888f-83cfd60236d8 has been successfully formatted.
2019-10-16 22:14:42,584 [pool-47-thread-1] INFO  storage.RaftStorage (RaftStorage.java:format(84)) - Storage directory /workdir/hadoop-ozone/tools/target/test-dir/MiniOzoneClusterImpl-402ec78b-26f6-4355-8079-1cdd4cc53632/datanode-2/data/ratis/1bd62df8-80bc-4ac0-888f-83cfd60236d8 has been successfully formatted.
2019-10-16 22:14:42,585 [pool-27-thread-1] INFO  ratis.ContainerStateMachine (ContainerStateMachine.java:loadSnapshot(233)) - group-83CFD60236D8: The snapshot info is null. Setting the last applied indexto:(t:0, i:~)
2019-10-16 22:14:42,585 [pool-47-thread-1] INFO  ratis.ContainerStateMachine (ContainerStateMachine.java:loadSnapshot(233)) - group-83CFD60236D8: The snapshot info is null. Setting the last applied indexto:(t:0, i:~)
2019-10-16 22:14:42,585 [pool-57-thread-1] INFO  ratis.ContainerStateMachine (ContainerStateMachine.java:loadSnapshot(233)) - group-83CFD60236D8: The snapshot info is null. Setting the last applied indexto:(t:0, i:~)
2019-10-16 22:14:42,585 [pool-47-thread-1] INFO  server.RaftServerConfigKeys (ConfUtils.java:logGet(43)) - raft.server.notification.no-leader.timeout = 120s (custom)
2019-10-16 22:14:42,585 [pool-27-thread-1] INFO  server.RaftServerConfigKeys (ConfUtils.java:logGet(43)) - raft.server.notification.no-leader.timeout = 120s (custom)
2019-10-16 22:14:42,585 [pool-47-thread-1] INFO  server.RaftServerConfigKeys (ConfUtils.java:logGet(43)) - raft.server.log.use.memory = false (default)
2019-10-16 22:14:42,585 [pool-57-thread-1] INFO  server.RaftServerConfigKeys (ConfUtils.java:logGet(43)) - raft.server.notification.no-leader.timeout = 120s (custom)
2019-10-16 22:14:42,585 [pool-47-thread-1] INFO  server.RaftServerConfigKeys (ConfUtils.java:logGet(43)) - raft.server.log.purge.gap = 1000000 (custom)
2019-10-16 22:14:42,585 [pool-27-thread-1] INFO  server.RaftServerConfigKeys (ConfUtils.java:logGet(43)) - raft.server.log.use.memory = false (default)
2019-10-16 22:14:42,586 [pool-47-thread-1] INFO  server.RaftServerConfigKeys (ConfUtils.java:logGet(43)) - raft.server.log.appender.buffer.byte-limit = 33554432 (custom)
2019-10-16 22:14:42,585 [pool-57-thread-1] INFO  server.RaftServerConfigKeys (ConfUtils.java:logGet(43)) - raft.server.log.use.memory = false (default)
2019-10-16 22:14:42,586 [pool-47-thread-1] INFO  server.RaftServerConfigKeys (ConfUtils.java:logGet(43)) - raft.server.log.segment.size.max = 1048576 (custom)
2019-10-16 22:14:42,586 [pool-27-thread-1] INFO  server.RaftServerConfigKeys (ConfUtils.java:logGet(43)) - raft.server.log.purge.gap = 1000000 (custom)
2019-10-16 22:14:42,586 [pool-47-thread-1] INFO  server.RaftServerConfigKeys (ConfUtils.java:logGet(43)) - raft.server.log.segment.cache.num.max = 2 (custom)
2019-10-16 22:14:42,586 [pool-57-thread-1] INFO  server.RaftServerConfigKeys (ConfUtils.java:logGet(43)) - raft.server.log.purge.gap = 1000000 (custom)
2019-10-16 22:14:42,586 [pool-47-thread-1] INFO  segmented.SegmentedRaftLogWorker (SegmentedRaftLogWorker.java:<init>(173)) - new d9e6ea44-93db-446f-8020-a94232284285@group-83CFD60236D8-SegmentedRaftLogWorker for RaftStorage:Storage Directory /workdir/hadoop-ozone/tools/target/test-dir/MiniOzoneClusterImpl-402ec78b-26f6-4355-8079-1cdd4cc53632/datanode-2/data/ratis/1bd62df8-80bc-4ac0-888f-83cfd60236d8
2019-10-16 22:14:42,586 [pool-47-thread-1] INFO  server.RaftServerConfigKeys (ConfUtils.java:logGet(43)) - raft.server.log.queue.byte-limit = 2147483647 (custom)
2019-10-16 22:14:42,586 [pool-27-thread-1] INFO  server.RaftServerConfigKeys (ConfUtils.java:logGet(43)) - raft.server.log.appender.buffer.byte-limit = 33554432 (custom)
2019-10-16 22:14:42,587 [pool-47-thread-1] INFO  server.RaftServerConfigKeys (ConfUtils.java:logGet(43)) - raft.server.log.queue.element-limit = 1024 (custom)
2019-10-16 22:14:42,586 [pool-57-thread-1] INFO  server.RaftServerConfigKeys (ConfUtils.java:logGet(43)) - raft.server.log.appender.buffer.byte-limit = 33554432 (custom)
2019-10-16 22:14:42,587 [pool-47-thread-1] INFO  server.RaftServerConfigKeys (ConfUtils.java:logGet(43)) - raft.server.log.segment.size.max = 1048576 (custom)
2019-10-16 22:14:42,587 [pool-27-thread-1] INFO  server.RaftServerConfigKeys (ConfUtils.java:logGet(43)) - raft.server.log.segment.size.max = 1048576 (custom)
2019-10-16 22:14:42,587 [pool-47-thread-1] INFO  server.RaftServerConfigKeys (ConfUtils.java:logGet(43)) - raft.server.log.preallocated.size = 16384 (custom)
2019-10-16 22:14:42,587 [pool-57-thread-1] INFO  server.RaftServerConfigKeys (ConfUtils.java:logGet(43)) - raft.server.log.segment.size.max = 1048576 (custom)
2019-10-16 22:14:42,587 [pool-47-thread-1] INFO  server.RaftServerConfigKeys (ConfUtils.java:logGet(43)) - raft.server.log.write.buffer.size = 33554432 (custom)
2019-10-16 22:14:42,587 [pool-27-thread-1] INFO  server.RaftServerConfigKeys (ConfUtils.java:logGet(43)) - raft.server.log.segment.cache.num.max = 2 (custom)
2019-10-16 22:14:42,587 [pool-47-thread-1] INFO  server.RaftServerConfigKeys (ConfUtils.java:logGet(43)) - raft.server.log.force.sync.num = 128 (default)
2019-10-16 22:14:42,587 [pool-57-thread-1] INFO  server.RaftServerConfigKeys (ConfUtils.java:logGet(43)) - raft.server.log.segment.cache.num.max = 2 (custom)
2019-10-16 22:14:42,588 [pool-47-thread-1] INFO  server.RaftServerConfigKeys (ConfUtils.java:logGet(43)) - raft.server.log.statemachine.data.sync = true (default)
2019-10-16 22:14:42,587 [pool-27-thread-1] INFO  segmented.SegmentedRaftLogWorker (SegmentedRaftLogWorker.java:<init>(173)) - new eec99a0c-e1b1-4518-bc49-9d1a8c8e04d5@group-83CFD60236D8-SegmentedRaftLogWorker for RaftStorage:Storage Directory /workdir/hadoop-ozone/tools/target/test-dir/MiniOzoneClusterImpl-402ec78b-26f6-4355-8079-1cdd4cc53632/datanode-0/data/ratis/1bd62df8-80bc-4ac0-888f-83cfd60236d8
2019-10-16 22:14:42,588 [pool-47-thread-1] INFO  server.RaftServerConfigKeys (ConfUtils.java:logGet(43)) - raft.server.log.statemachine.data.sync.timeout = 10s (default)
2019-10-16 22:14:42,588 [pool-57-thread-1] INFO  segmented.SegmentedRaftLogWorker (SegmentedRaftLogWorker.java:<init>(173)) - new 3989452c-7599-4156-9543-3fe544ced0f3@group-83CFD60236D8-SegmentedRaftLogWorker for RaftStorage:Storage Directory /workdir/hadoop-ozone/tools/target/test-dir/MiniOzoneClusterImpl-402ec78b-26f6-4355-8079-1cdd4cc53632/datanode-3/data/ratis/1bd62df8-80bc-4ac0-888f-83cfd60236d8
2019-10-16 22:14:42,588 [pool-47-thread-1] INFO  server.RaftServerConfigKeys (ConfUtils.java:logGet(43)) - raft.server.log.statemachine.data.sync.timeout.retry = -1 (default)
2019-10-16 22:14:42,588 [pool-27-thread-1] INFO  server.RaftServerConfigKeys (ConfUtils.java:logGet(43)) - raft.server.log.queue.byte-limit = 2147483647 (custom)
2019-10-16 22:14:42,588 [pool-57-thread-1] INFO  server.RaftServerConfigKeys (ConfUtils.java:logGet(43)) - raft.server.log.queue.byte-limit = 2147483647 (custom)
2019-10-16 22:14:42,588 [pool-47-thread-1] INFO  server.RaftServerConfigKeys (ConfUtils.java:logGet(43)) - raft.server.log.statemachine.data.caching.enabled = true (custom)
2019-10-16 22:14:42,588 [pool-27-thread-1] INFO  server.RaftServerConfigKeys (ConfUtils.java:logGet(43)) - raft.server.log.queue.element-limit = 1024 (custom)
2019-10-16 22:14:42,588 [pool-57-thread-1] INFO  server.RaftServerConfigKeys (ConfUtils.java:logGet(43)) - raft.server.log.queue.element-limit = 1024 (custom)
2019-10-16 22:14:42,589 [pool-27-thread-1] INFO  server.RaftServerConfigKeys (ConfUtils.java:logGet(43)) - raft.server.log.segment.size.max = 1048576 (custom)
2019-10-16 22:14:42,589 [pool-57-thread-1] INFO  server.RaftServerConfigKeys (ConfUtils.java:logGet(43)) - raft.server.log.segment.size.max = 1048576 (custom)
2019-10-16 22:14:42,589 [pool-27-thread-1] INFO  server.RaftServerConfigKeys (ConfUtils.java:logGet(43)) - raft.server.log.preallocated.size = 16384 (custom)
2019-10-16 22:14:42,589 [pool-57-thread-1] INFO  server.RaftServerConfigKeys (ConfUtils.java:logGet(43)) - raft.server.log.preallocated.size = 16384 (custom)
2019-10-16 22:14:42,589 [pool-27-thread-1] INFO  server.RaftServerConfigKeys (ConfUtils.java:logGet(43)) - raft.server.log.write.buffer.size = 33554432 (custom)
2019-10-16 22:14:42,589 [pool-57-thread-1] INFO  server.RaftServerConfigKeys (ConfUtils.java:logGet(43)) - raft.server.log.write.buffer.size = 33554432 (custom)
2019-10-16 22:14:42,589 [pool-27-thread-1] INFO  server.RaftServerConfigKeys (ConfUtils.java:logGet(43)) - raft.server.log.force.sync.num = 128 (default)
2019-10-16 22:14:42,589 [pool-47-thread-1] INFO  segmented.SegmentedRaftLogWorker (SegmentedRaftLogWorker.java:lambda$new$0(128)) - d9e6ea44-93db-446f-8020-a94232284285@group-83CFD60236D8-SegmentedRaftLogWorker: flushIndex: setUnconditionally 0 -> -1
2019-10-16 22:14:42,589 [pool-57-thread-1] INFO  server.RaftServerConfigKeys (ConfUtils.java:logGet(43)) - raft.server.log.force.sync.num = 128 (default)
2019-10-16 22:14:42,589 [pool-27-thread-1] INFO  server.RaftServerConfigKeys (ConfUtils.java:logGet(43)) - raft.server.log.statemachine.data.sync = true (default)
2019-10-16 22:14:42,590 [pool-57-thread-1] INFO  server.RaftServerConfigKeys (ConfUtils.java:logGet(43)) - raft.server.log.statemachine.data.sync = true (default)
2019-10-16 22:14:42,590 [pool-47-thread-1] INFO  server.RaftServerConfigKeys (ConfUtils.java:logGet(43)) - raft.server.snapshot.auto.trigger.enabled = true (custom)
2019-10-16 22:14:42,590 [pool-27-thread-1] INFO  server.RaftServerConfigKeys (ConfUtils.java:logGet(43)) - raft.server.log.statemachine.data.sync.timeout = 10s (default)
2019-10-16 22:14:42,590 [pool-47-thread-1] INFO  server.RaftServerConfigKeys (ConfUtils.java:logGet(43)) - raft.server.snapshot.auto.trigger.threshold = 10000 (custom)
2019-10-16 22:14:42,590 [pool-57-thread-1] INFO  server.RaftServerConfigKeys (ConfUtils.java:logGet(43)) - raft.server.log.statemachine.data.sync.timeout = 10s (default)
2019-10-16 22:14:42,590 [pool-47-thread-1] INFO  server.RaftServerConfigKeys (ConfUtils.java:logGet(43)) - raft.server.snapshot.retention.file.num = 5 (custom)
2019-10-16 22:14:42,590 [pool-27-thread-1] INFO  server.RaftServerConfigKeys (ConfUtils.java:logGet(43)) - raft.server.log.statemachine.data.sync.timeout.retry = -1 (default)
2019-10-16 22:14:42,590 [pool-47-thread-1] INFO  server.RaftServerConfigKeys (ConfUtils.java:logGet(43)) - raft.server.retrycache.expirytime = 600000ms (custom)
2019-10-16 22:14:42,590 [pool-57-thread-1] INFO  server.RaftServerConfigKeys (ConfUtils.java:logGet(43)) - raft.server.log.statemachine.data.sync.timeout.retry = -1 (default)
2019-10-16 22:14:42,591 [pool-27-thread-1] INFO  server.RaftServerConfigKeys (ConfUtils.java:logGet(43)) - raft.server.log.statemachine.data.caching.enabled = true (custom)
2019-10-16 22:14:42,591 [pool-57-thread-1] INFO  server.RaftServerConfigKeys (ConfUtils.java:logGet(43)) - raft.server.log.statemachine.data.caching.enabled = true (custom)
2019-10-16 22:14:42,591 [pool-27-thread-1] INFO  segmented.SegmentedRaftLogWorker (SegmentedRaftLogWorker.java:lambda$new$0(128)) - eec99a0c-e1b1-4518-bc49-9d1a8c8e04d5@group-83CFD60236D8-SegmentedRaftLogWorker: flushIndex: setUnconditionally 0 -> -1
2019-10-16 22:14:42,591 [pool-57-thread-1] INFO  segmented.SegmentedRaftLogWorker (SegmentedRaftLogWorker.java:lambda$new$0(128)) - 3989452c-7599-4156-9543-3fe544ced0f3@group-83CFD60236D8-SegmentedRaftLogWorker: flushIndex: setUnconditionally 0 -> -1
2019-10-16 22:14:42,591 [pool-27-thread-1] INFO  server.RaftServerConfigKeys (ConfUtils.java:logGet(43)) - raft.server.snapshot.auto.trigger.enabled = true (custom)
2019-10-16 22:14:42,591 [pool-27-thread-1] INFO  server.RaftServerConfigKeys (ConfUtils.java:logGet(43)) - raft.server.snapshot.auto.trigger.threshold = 10000 (custom)
2019-10-16 22:14:42,591 [pool-57-thread-1] INFO  server.RaftServerConfigKeys (ConfUtils.java:logGet(43)) - raft.server.snapshot.auto.trigger.enabled = true (custom)
2019-10-16 22:14:42,591 [pool-27-thread-1] INFO  server.RaftServerConfigKeys (ConfUtils.java:logGet(43)) - raft.server.snapshot.retention.file.num = 5 (custom)
2019-10-16 22:14:42,592 [pool-57-thread-1] INFO  server.RaftServerConfigKeys (ConfUtils.java:logGet(43)) - raft.server.snapshot.auto.trigger.threshold = 10000 (custom)
2019-10-16 22:14:42,592 [pool-27-thread-1] INFO  server.RaftServerConfigKeys (ConfUtils.java:logGet(43)) - raft.server.retrycache.expirytime = 600000ms (custom)
2019-10-16 22:14:42,592 [pool-57-thread-1] INFO  server.RaftServerConfigKeys (ConfUtils.java:logGet(43)) - raft.server.snapshot.retention.file.num = 5 (custom)
2019-10-16 22:14:42,592 [pool-57-thread-1] INFO  server.RaftServerConfigKeys (ConfUtils.java:logGet(43)) - raft.server.retrycache.expirytime = 600000ms (custom)
2019-10-16 22:14:42,594 [pool-47-thread-1] INFO  impl.RaftServerImpl (RaftServerImpl.java:start(195)) - d9e6ea44-93db-446f-8020-a94232284285@group-83CFD60236D8: start as a follower, conf=-1: [3989452c-7599-4156-9543-3fe544ced0f3:192.168.157.254:36320, eec99a0c-e1b1-4518-bc49-9d1a8c8e04d5:192.168.157.254:45598, d9e6ea44-93db-446f-8020-a94232284285:192.168.157.254:41671], old=null
2019-10-16 22:14:42,595 [pool-47-thread-1] INFO  impl.RaftServerImpl (RaftServerImpl.java:setRole(184)) - d9e6ea44-93db-446f-8020-a94232284285@group-83CFD60236D8: changes role from      null to FOLLOWER at term 0 for startAsFollower
2019-10-16 22:14:42,595 [pool-47-thread-1] INFO  impl.RoleInfo (RoleInfo.java:updateAndGet(143)) - d9e6ea44-93db-446f-8020-a94232284285: start FollowerState
2019-10-16 22:14:42,595 [pool-27-thread-1] INFO  impl.RaftServerImpl (RaftServerImpl.java:start(195)) - eec99a0c-e1b1-4518-bc49-9d1a8c8e04d5@group-83CFD60236D8: start as a follower, conf=-1: [3989452c-7599-4156-9543-3fe544ced0f3:192.168.157.254:36320, eec99a0c-e1b1-4518-bc49-9d1a8c8e04d5:192.168.157.254:45598, d9e6ea44-93db-446f-8020-a94232284285:192.168.157.254:41671], old=null
2019-10-16 22:14:42,595 [pool-27-thread-1] INFO  impl.RaftServerImpl (RaftServerImpl.java:setRole(184)) - eec99a0c-e1b1-4518-bc49-9d1a8c8e04d5@group-83CFD60236D8: changes role from      null to FOLLOWER at term 0 for startAsFollower
2019-10-16 22:14:42,595 [pool-57-thread-1] INFO  impl.RaftServerImpl (RaftServerImpl.java:start(195)) - 3989452c-7599-4156-9543-3fe544ced0f3@group-83CFD60236D8: start as a follower, conf=-1: [3989452c-7599-4156-9543-3fe544ced0f3:192.168.157.254:36320, eec99a0c-e1b1-4518-bc49-9d1a8c8e04d5:192.168.157.254:45598, d9e6ea44-93db-446f-8020-a94232284285:192.168.157.254:41671], old=null
2019-10-16 22:14:42,595 [pool-27-thread-1] INFO  impl.RoleInfo (RoleInfo.java:updateAndGet(143)) - eec99a0c-e1b1-4518-bc49-9d1a8c8e04d5: start FollowerState
2019-10-16 22:14:42,595 [pool-47-thread-1] INFO  util.JmxRegister (JmxRegister.java:tryRegister(44)) - Successfully registered JMX Bean with object name Ratis:service=RaftServer,group=group-83CFD60236D8,id=d9e6ea44-93db-446f-8020-a94232284285
2019-10-16 22:14:42,595 [pool-57-thread-1] INFO  impl.RaftServerImpl (RaftServerImpl.java:setRole(184)) - 3989452c-7599-4156-9543-3fe544ced0f3@group-83CFD60236D8: changes role from      null to FOLLOWER at term 0 for startAsFollower
2019-10-16 22:14:42,596 [pool-27-thread-1] INFO  util.JmxRegister (JmxRegister.java:tryRegister(44)) - Successfully registered JMX Bean with object name Ratis:service=RaftServer,group=group-83CFD60236D8,id=eec99a0c-e1b1-4518-bc49-9d1a8c8e04d5
2019-10-16 22:14:42,596 [pool-57-thread-1] INFO  impl.RoleInfo (RoleInfo.java:updateAndGet(143)) - 3989452c-7599-4156-9543-3fe544ced0f3: start FollowerState
2019-10-16 22:14:42,596 [pool-57-thread-1] INFO  util.JmxRegister (JmxRegister.java:tryRegister(44)) - Successfully registered JMX Bean with object name Ratis:service=RaftServer,group=group-83CFD60236D8,id=3989452c-7599-4156-9543-3fe544ced0f3
2019-10-16 22:14:42,608 [RatisPipelineUtilsThread] INFO  pipeline.PipelineStateManager (PipelineStateManager.java:addPipeline(57)) - Created pipeline Pipeline[ Id: 1bd62df8-80bc-4ac0-888f-83cfd60236d8, Nodes: 3989452c-7599-4156-9543-3fe544ced0f3{ip: 192.168.157.254, host: pr-hdds-1868-qdb9g-714931517, networkLocation: /default-rack, certSerialId: null}eec99a0c-e1b1-4518-bc49-9d1a8c8e04d5{ip: 192.168.157.254, host: pr-hdds-1868-qdb9g-714931517, networkLocation: /default-rack, certSerialId: null}d9e6ea44-93db-446f-8020-a94232284285{ip: 192.168.157.254, host: pr-hdds-1868-qdb9g-714931517, networkLocation: /default-rack, certSerialId: null}, Type:RATIS, Factor:THREE, State:ALLOCATED]
2019-10-16 22:14:42,652 [Thread-978] INFO  impl.FollowerState (FollowerState.java:run(108)) - d9e6ea44-93db-446f-8020-a94232284285@group-83CFD60236D8-FollowerState: change to CANDIDATE, lastRpcTime:57ms, electionTimeout:57ms
2019-10-16 22:14:42,652 [Thread-978] INFO  impl.RoleInfo (RoleInfo.java:shutdownFollowerState(121)) - d9e6ea44-93db-446f-8020-a94232284285: shutdown FollowerState
2019-10-16 22:14:42,653 [Thread-978] INFO  impl.RaftServerImpl (RaftServerImpl.java:setRole(184)) - d9e6ea44-93db-446f-8020-a94232284285@group-83CFD60236D8: changes role from  FOLLOWER to CANDIDATE at term 0 for changeToCandidate
2019-10-16 22:14:42,653 [Thread-978] INFO  impl.RoleInfo (RoleInfo.java:updateAndGet(143)) - d9e6ea44-93db-446f-8020-a94232284285: start LeaderElection
2019-10-16 22:14:42,669 [Thread-979] INFO  impl.FollowerState (FollowerState.java:run(108)) - eec99a0c-e1b1-4518-bc49-9d1a8c8e04d5@group-83CFD60236D8-FollowerState: change to CANDIDATE, lastRpcTime:73ms, electionTimeout:73ms
2019-10-16 22:14:42,670 [Thread-979] INFO  impl.RoleInfo (RoleInfo.java:shutdownFollowerState(121)) - eec99a0c-e1b1-4518-bc49-9d1a8c8e04d5: shutdown FollowerState
2019-10-16 22:14:42,670 [Thread-979] INFO  impl.RaftServerImpl (RaftServerImpl.java:setRole(184)) - eec99a0c-e1b1-4518-bc49-9d1a8c8e04d5@group-83CFD60236D8: changes role from  FOLLOWER to CANDIDATE at term 0 for changeToCandidate
2019-10-16 22:14:42,670 [Thread-979] INFO  impl.RoleInfo (RoleInfo.java:updateAndGet(143)) - eec99a0c-e1b1-4518-bc49-9d1a8c8e04d5: start LeaderElection
2019-10-16 22:14:42,670 [d9e6ea44-93db-446f-8020-a94232284285@group-83CFD60236D8-LeaderElection16] INFO  impl.LeaderElection (LeaderElection.java:askForVotes(178)) - d9e6ea44-93db-446f-8020-a94232284285@group-83CFD60236D8-LeaderElection16: begin an election at term 1 for -1: [3989452c-7599-4156-9543-3fe544ced0f3:192.168.157.254:36320, eec99a0c-e1b1-4518-bc49-9d1a8c8e04d5:192.168.157.254:45598, d9e6ea44-93db-446f-8020-a94232284285:192.168.157.254:41671], old=null
2019-10-16 22:14:42,681 [grpc-default-executor-18] INFO  impl.RaftServerImpl (RaftServerImpl.java:setRole(184)) - 3989452c-7599-4156-9543-3fe544ced0f3@group-83CFD60236D8: changes role from  FOLLOWER to FOLLOWER at term 1 for recognizeCandidate:d9e6ea44-93db-446f-8020-a94232284285
2019-10-16 22:14:42,681 [grpc-default-executor-18] INFO  impl.RoleInfo (RoleInfo.java:shutdownFollowerState(121)) - 3989452c-7599-4156-9543-3fe544ced0f3: shutdown FollowerState
2019-10-16 22:14:42,681 [grpc-default-executor-18] INFO  impl.RoleInfo (RoleInfo.java:updateAndGet(143)) - 3989452c-7599-4156-9543-3fe544ced0f3: start FollowerState
2019-10-16 22:14:42,681 [Thread-980] INFO  impl.FollowerState (FollowerState.java:run(117)) - 3989452c-7599-4156-9543-3fe544ced0f3@group-83CFD60236D8-FollowerState was interrupted: java.lang.InterruptedException: sleep interrupted
2019-10-16 22:14:42,689 [eec99a0c-e1b1-4518-bc49-9d1a8c8e04d5@group-83CFD60236D8-LeaderElection17] INFO  impl.LeaderElection (LeaderElection.java:askForVotes(178)) - eec99a0c-e1b1-4518-bc49-9d1a8c8e04d5@group-83CFD60236D8-LeaderElection17: begin an election at term 1 for -1: [3989452c-7599-4156-9543-3fe544ced0f3:192.168.157.254:36320, eec99a0c-e1b1-4518-bc49-9d1a8c8e04d5:192.168.157.254:45598, d9e6ea44-93db-446f-8020-a94232284285:192.168.157.254:41671], old=null
2019-10-16 22:14:42,690 [d9e6ea44-93db-446f-8020-a94232284285@group-83CFD60236D8-LeaderElection16] INFO  impl.LeaderElection (LeaderElection.java:logAndReturn(56)) - d9e6ea44-93db-446f-8020-a94232284285@group-83CFD60236D8-LeaderElection16: Election PASSED; received 2 response(s) [d9e6ea44-93db-446f-8020-a94232284285<-3989452c-7599-4156-9543-3fe544ced0f3#0:OK-t1, d9e6ea44-93db-446f-8020-a94232284285<-eec99a0c-e1b1-4518-bc49-9d1a8c8e04d5#0:FAIL-t1] and 0 exception(s); d9e6ea44-93db-446f-8020-a94232284285@group-83CFD60236D8:t1, leader=null, voted=d9e6ea44-93db-446f-8020-a94232284285, raftlog=d9e6ea44-93db-446f-8020-a94232284285@group-83CFD60236D8-SegmentedRaftLog:OPENED:c-1,f-1,i0, conf=-1: [3989452c-7599-4156-9543-3fe544ced0f3:192.168.157.254:36320, eec99a0c-e1b1-4518-bc49-9d1a8c8e04d5:192.168.157.254:45598, d9e6ea44-93db-446f-8020-a94232284285:192.168.157.254:41671], old=null
2019-10-16 22:14:42,693 [d9e6ea44-93db-446f-8020-a94232284285@group-83CFD60236D8-LeaderElection16] INFO  impl.RoleInfo (RoleInfo.java:shutdownLeaderElection(134)) - d9e6ea44-93db-446f-8020-a94232284285: shutdown LeaderElection
2019-10-16 22:14:42,694 [d9e6ea44-93db-446f-8020-a94232284285@group-83CFD60236D8-LeaderElection16] INFO  impl.RaftServerImpl (RaftServerImpl.java:setRole(184)) - d9e6ea44-93db-446f-8020-a94232284285@group-83CFD60236D8: changes role from CANDIDATE to LEADER at term 1 for changeToLeader
2019-10-16 22:14:42,695 [d9e6ea44-93db-446f-8020-a94232284285@group-83CFD60236D8-LeaderElection16] INFO  ratis.XceiverServerRatis (XceiverServerRatis.java:handleLeaderChangedNotification(700)) - Leader change notification received for group: group-83CFD60236D8 with new leaderId: d9e6ea44-93db-446f-8020-a94232284285
2019-10-16 22:14:42,695 [d9e6ea44-93db-446f-8020-a94232284285@group-83CFD60236D8-LeaderElection16] INFO  impl.RaftServerImpl (ServerState.java:setLeader(256)) - d9e6ea44-93db-446f-8020-a94232284285@group-83CFD60236D8: change Leader from null to d9e6ea44-93db-446f-8020-a94232284285 at term 1 for becomeLeader, leader elected after 109ms
2019-10-16 22:14:42,695 [d9e6ea44-93db-446f-8020-a94232284285@group-83CFD60236D8-LeaderElection16] INFO  server.RaftServerConfigKeys (ConfUtils.java:logGet(43)) - raft.server.staging.catchup.gap = 1000 (default)
2019-10-16 22:14:42,696 [d9e6ea44-93db-446f-8020-a94232284285@group-83CFD60236D8-LeaderElection16] INFO  server.RaftServerConfigKeys (ConfUtils.java:logGet(43)) - raft.server.rpc.sleep.time = 25ms (default)
2019-10-16 22:14:42,696 [d9e6ea44-93db-446f-8020-a94232284285@group-83CFD60236D8-LeaderElection16] INFO  server.RaftServerConfigKeys (ConfUtils.java:logGet(43)) - raft.server.write.element-limit = 4096 (default)
2019-10-16 22:14:42,696 [d9e6ea44-93db-446f-8020-a94232284285@group-83CFD60236D8-LeaderElection16] INFO  server.RaftServerConfigKeys (ConfUtils.java:logGet(43)) - raft.server.watch.timeout = 10s (default)
2019-10-16 22:14:42,696 [d9e6ea44-93db-446f-8020-a94232284285@group-83CFD60236D8-LeaderElection16] INFO  server.RaftServerConfigKeys (ConfUtils.java:logGet(43)) - raft.server.watch.timeout.denomination = 1s (default)
2019-10-16 22:14:42,696 [EventQueue-PipelineReportForPipelineReportHandler] INFO  pipeline.PipelineReportHandler (PipelineReportHandler.java:processPipelineReport(119)) - Pipeline PipelineID=1bd62df8-80bc-4ac0-888f-83cfd60236d8 reported by d9e6ea44-93db-446f-8020-a94232284285{ip: 192.168.157.254, host: pr-hdds-1868-qdb9g-714931517, networkLocation: /default-rack, certSerialId: null} with leaderId d9e6ea44-93db-446f-8020-a94232284285
2019-10-16 22:14:42,698 [d9e6ea44-93db-446f-8020-a94232284285@group-83CFD60236D8-LeaderElection16] INFO  server.RaftServerConfigKeys (ConfUtils.java:logGet(43)) - raft.server.watch.element-limit = 65536 (default)
2019-10-16 22:14:42,705 [d9e6ea44-93db-446f-8020-a94232284285@group-83CFD60236D8-LeaderElection16] INFO  server.RaftServerConfigKeys (ConfUtils.java:logGet(43)) - raft.server.log.appender.snapshot.chunk.size.max = 16MB (=16777216) (default)
2019-10-16 22:14:42,705 [d9e6ea44-93db-446f-8020-a94232284285@group-83CFD60236D8-LeaderElection16] INFO  server.RaftServerConfigKeys (ConfUtils.java:logGet(43)) - raft.server.log.appender.buffer.byte-limit = 33554432 (custom)
2019-10-16 22:14:42,705 [d9e6ea44-93db-446f-8020-a94232284285@group-83CFD60236D8-LeaderElection16] INFO  server.RaftServerConfigKeys (ConfUtils.java:logGet(43)) - raft.server.log.appender.buffer.element-limit = 1 (custom)
2019-10-16 22:14:42,705 [d9e6ea44-93db-446f-8020-a94232284285@group-83CFD60236D8-LeaderElection16] INFO  grpc.GrpcConfigKeys$Server (ConfUtils.java:logGet(43)) - raft.grpc.server.leader.outstanding.appends.max = 128 (default)
2019-10-16 22:14:42,706 [d9e6ea44-93db-446f-8020-a94232284285@group-83CFD60236D8-LeaderElection16] INFO  server.RaftServerConfigKeys (ConfUtils.java:logGet(43)) - raft.server.rpc.request.timeout = 3000ms (default)
2019-10-16 22:14:42,706 [d9e6ea44-93db-446f-8020-a94232284285@group-83CFD60236D8-LeaderElection16] INFO  server.RaftServerConfigKeys (ConfUtils.java:logGet(43)) - raft.server.log.appender.install.snapshot.enabled = false (custom)
2019-10-16 22:14:42,710 [d9e6ea44-93db-446f-8020-a94232284285@group-83CFD60236D8-LeaderElection16] INFO  server.RaftServerConfigKeys (ConfUtils.java:logGet(43)) - raft.server.log.appender.snapshot.chunk.size.max = 16MB (=16777216) (default)
2019-10-16 22:14:42,710 [d9e6ea44-93db-446f-8020-a94232284285@group-83CFD60236D8-LeaderElection16] INFO  server.RaftServerConfigKeys (ConfUtils.java:logGet(43)) - raft.server.log.appender.buffer.byte-limit = 33554432 (custom)
2019-10-16 22:14:42,710 [d9e6ea44-93db-446f-8020-a94232284285@group-83CFD60236D8-LeaderElection16] INFO  server.RaftServerConfigKeys (ConfUtils.java:logGet(43)) - raft.server.log.appender.buffer.element-limit = 1 (custom)
2019-10-16 22:14:42,710 [d9e6ea44-93db-446f-8020-a94232284285@group-83CFD60236D8-LeaderElection16] INFO  grpc.GrpcConfigKeys$Server (ConfUtils.java:logGet(43)) - raft.grpc.server.leader.outstanding.appends.max = 128 (default)
2019-10-16 22:14:42,711 [d9e6ea44-93db-446f-8020-a94232284285@group-83CFD60236D8-LeaderElection16] INFO  server.RaftServerConfigKeys (ConfUtils.java:logGet(43)) - raft.server.rpc.request.timeout = 3000ms (default)
2019-10-16 22:14:42,711 [d9e6ea44-93db-446f-8020-a94232284285@group-83CFD60236D8-LeaderElection16] INFO  server.RaftServerConfigKeys (ConfUtils.java:logGet(43)) - raft.server.log.appender.install.snapshot.enabled = false (custom)
2019-10-16 22:14:42,713 [d9e6ea44-93db-446f-8020-a94232284285@group-83CFD60236D8-LeaderElection16] INFO  impl.RoleInfo (RoleInfo.java:updateAndGet(143)) - d9e6ea44-93db-446f-8020-a94232284285: start LeaderState
2019-10-16 22:14:42,713 [d9e6ea44-93db-446f-8020-a94232284285@group-83CFD60236D8-LeaderElection16] INFO  segmented.SegmentedRaftLogWorker (SegmentedRaftLogWorker.java:startLogSegment(385)) - d9e6ea44-93db-446f-8020-a94232284285@group-83CFD60236D8-SegmentedRaftLogWorker: Starting segment from index:0
2019-10-16 22:14:42,714 [d9e6ea44-93db-446f-8020-a94232284285@group-83CFD60236D8-LeaderElection16] INFO  impl.RaftServerImpl (ServerState.java:setRaftConf(357)) - d9e6ea44-93db-446f-8020-a94232284285@group-83CFD60236D8: set configuration 0: [3989452c-7599-4156-9543-3fe544ced0f3:192.168.157.254:36320, eec99a0c-e1b1-4518-bc49-9d1a8c8e04d5:192.168.157.254:45598, d9e6ea44-93db-446f-8020-a94232284285:192.168.157.254:41671], old=null at 0
2019-10-16 22:14:42,738 [Thread-988] INFO  impl.FollowerState (FollowerState.java:run(108)) - 3989452c-7599-4156-9543-3fe544ced0f3@group-83CFD60236D8-FollowerState: change to CANDIDATE, lastRpcTime:56ms, electionTimeout:31ms
2019-10-16 22:14:42,738 [grpc-default-executor-23] INFO  impl.RaftServerImpl (RaftServerImpl.java:requestVote(776)) - d9e6ea44-93db-446f-8020-a94232284285@group-83CFD60236D8-   LEADER: Withhold vote from candidate eec99a0c-e1b1-4518-bc49-9d1a8c8e04d5 with term 1. State: leader=d9e6ea44-93db-446f-8020-a94232284285, term=1, lastRpcElapsed=null
2019-10-16 22:14:42,738 [Thread-988] INFO  impl.RoleInfo (RoleInfo.java:shutdownFollowerState(121)) - 3989452c-7599-4156-9543-3fe544ced0f3: shutdown FollowerState
2019-10-16 22:14:42,738 [Thread-988] INFO  impl.RaftServerImpl (RaftServerImpl.java:setRole(184)) - 3989452c-7599-4156-9543-3fe544ced0f3@group-83CFD60236D8: changes role from  FOLLOWER to CANDIDATE at term 1 for changeToCandidate
2019-10-16 22:14:42,739 [Thread-988] INFO  impl.RoleInfo (RoleInfo.java:updateAndGet(143)) - 3989452c-7599-4156-9543-3fe544ced0f3: start LeaderElection
2019-10-16 22:14:42,741 [grpc-default-executor-23] INFO  impl.RaftServerImpl (RaftServerImpl.java:setRole(184)) - eec99a0c-e1b1-4518-bc49-9d1a8c8e04d5@group-83CFD60236D8: changes role from CANDIDATE to FOLLOWER at term 1 for appendEntries
2019-10-16 22:14:42,741 [eec99a0c-e1b1-4518-bc49-9d1a8c8e04d5@group-83CFD60236D8-LeaderElection17] INFO  impl.LeaderElection (LeaderElection.java:logAndReturn(56)) - eec99a0c-e1b1-4518-bc49-9d1a8c8e04d5@group-83CFD60236D8-LeaderElection17: Election REJECTED; received 2 response(s) [eec99a0c-e1b1-4518-bc49-9d1a8c8e04d5<-3989452c-7599-4156-9543-3fe544ced0f3#0:FAIL-t1, eec99a0c-e1b1-4518-bc49-9d1a8c8e04d5<-d9e6ea44-93db-446f-8020-a94232284285#0:FAIL-t1] and 0 exception(s); eec99a0c-e1b1-4518-bc49-9d1a8c8e04d5@group-83CFD60236D8:t1, leader=null, voted=eec99a0c-e1b1-4518-bc49-9d1a8c8e04d5, raftlog=eec99a0c-e1b1-4518-bc49-9d1a8c8e04d5@group-83CFD60236D8-SegmentedRaftLog:OPENED:c-1,f-1,i0, conf=-1: [3989452c-7599-4156-9543-3fe544ced0f3:192.168.157.254:36320, eec99a0c-e1b1-4518-bc49-9d1a8c8e04d5:192.168.157.254:45598, d9e6ea44-93db-446f-8020-a94232284285:192.168.157.254:41671], old=null
2019-10-16 22:14:42,741 [grpc-default-executor-23] INFO  impl.RoleInfo (RoleInfo.java:shutdownLeaderElection(134)) - eec99a0c-e1b1-4518-bc49-9d1a8c8e04d5: shutdown LeaderElection
2019-10-16 22:14:42,745 [grpc-default-executor-23] INFO  impl.RoleInfo (RoleInfo.java:updateAndGet(143)) - eec99a0c-e1b1-4518-bc49-9d1a8c8e04d5: start FollowerState
2019-10-16 22:14:42,746 [grpc-default-executor-23] INFO  ratis.XceiverServerRatis (XceiverServerRatis.java:handleLeaderChangedNotification(700)) - Leader change notification received for group: group-83CFD60236D8 with new leaderId: d9e6ea44-93db-446f-8020-a94232284285
2019-10-16 22:14:42,746 [grpc-default-executor-23] INFO  impl.RaftServerImpl (ServerState.java:setLeader(256)) - eec99a0c-e1b1-4518-bc49-9d1a8c8e04d5@group-83CFD60236D8: change Leader from null to d9e6ea44-93db-446f-8020-a94232284285 at term 1 for appendEntries, leader elected after 160ms
2019-10-16 22:14:42,748 [EventQueue-PipelineReportForPipelineReportHandler] INFO  pipeline.PipelineReportHandler (PipelineReportHandler.java:processPipelineReport(119)) - Pipeline PipelineID=1bd62df8-80bc-4ac0-888f-83cfd60236d8 reported by eec99a0c-e1b1-4518-bc49-9d1a8c8e04d5{ip: 192.168.157.254, host: pr-hdds-1868-qdb9g-714931517, networkLocation: /default-rack, certSerialId: null} with leaderId d9e6ea44-93db-446f-8020-a94232284285
2019-10-16 22:14:42,750 [3989452c-7599-4156-9543-3fe544ced0f3@group-83CFD60236D8-LeaderElection18] INFO  impl.LeaderElection (LeaderElection.java:askForVotes(178)) - 3989452c-7599-4156-9543-3fe544ced0f3@group-83CFD60236D8-LeaderElection18: begin an election at term 2 for -1: [3989452c-7599-4156-9543-3fe544ced0f3:192.168.157.254:36320, eec99a0c-e1b1-4518-bc49-9d1a8c8e04d5:192.168.157.254:45598, d9e6ea44-93db-446f-8020-a94232284285:192.168.157.254:41671], old=null
2019-10-16 22:14:42,750 [d9e6ea44-93db-446f-8020-a94232284285@group-83CFD60236D8-SegmentedRaftLogWorker] INFO  segmented.SegmentedRaftLogWorker (SegmentedRaftLogWorker.java:execute(576)) - d9e6ea44-93db-446f-8020-a94232284285@group-83CFD60236D8-SegmentedRaftLogWorker: created new log segment /workdir/hadoop-ozone/tools/target/test-dir/MiniOzoneClusterImpl-402ec78b-26f6-4355-8079-1cdd4cc53632/datanode-2/data/ratis/1bd62df8-80bc-4ac0-888f-83cfd60236d8/current/log_inprogress_0
2019-10-16 22:14:42,752 [grpc-default-executor-18] INFO  impl.RaftServerImpl (ServerState.java:setRaftConf(357)) - eec99a0c-e1b1-4518-bc49-9d1a8c8e04d5@group-83CFD60236D8: set configuration 0: [3989452c-7599-4156-9543-3fe544ced0f3:192.168.157.254:36320, eec99a0c-e1b1-4518-bc49-9d1a8c8e04d5:192.168.157.254:45598, d9e6ea44-93db-446f-8020-a94232284285:192.168.157.254:41671], old=null at 0
2019-10-16 22:14:42,754 [grpc-default-executor-18] INFO  segmented.SegmentedRaftLogWorker (SegmentedRaftLogWorker.java:startLogSegment(385)) - eec99a0c-e1b1-4518-bc49-9d1a8c8e04d5@group-83CFD60236D8-SegmentedRaftLogWorker: Starting segment from index:0
2019-10-16 22:14:42,755 [Thread-991] INFO  impl.RaftServerImpl (ServerState.java:setLeader(256)) - d9e6ea44-93db-446f-8020-a94232284285@group-83CFD60236D8: change Leader from d9e6ea44-93db-446f-8020-a94232284285 to null at term 2 for updateCurrentTerm
2019-10-16 22:14:42,755 [Thread-991] INFO  impl.RaftServerImpl (RaftServerImpl.java:setRole(184)) - d9e6ea44-93db-446f-8020-a94232284285@group-83CFD60236D8: changes role from    LEADER to FOLLOWER at term 2 for stepDown
2019-10-16 22:14:42,755 [Thread-991] INFO  impl.RoleInfo (RoleInfo.java:shutdownLeaderState(104)) - d9e6ea44-93db-446f-8020-a94232284285: shutdown LeaderState
2019-10-16 22:14:42,781 [org.apache.ratis.server.impl.LogAppender$AppenderDaemon$$Lambda$462/2111532691@5e474af] WARN  server.GrpcLogAppender (GrpcLogAppender.java:mayWait(149)) - d9e6ea44-93db-446f-8020-a94232284285@group-83CFD60236D8->eec99a0c-e1b1-4518-bc49-9d1a8c8e04d5-GrpcLogAppender: Wait interrupted by java.lang.InterruptedException
2019-10-16 22:14:42,781 [Thread-991] INFO  impl.PendingRequests (PendingRequests.java:sendNotLeaderResponses(202)) - d9e6ea44-93db-446f-8020-a94232284285@group-83CFD60236D8-PendingRequests: sendNotLeaderResponses
2019-10-16 22:14:42,783 [Thread-991] INFO  impl.RoleInfo (RoleInfo.java:updateAndGet(143)) - d9e6ea44-93db-446f-8020-a94232284285: start FollowerState
2019-10-16 22:14:42,783 [org.apache.ratis.server.impl.LogAppender$AppenderDaemon$$Lambda$462/2111532691@65cb8be0] WARN  server.GrpcLogAppender (GrpcLogAppender.java:mayWait(149)) - d9e6ea44-93db-446f-8020-a94232284285@group-83CFD60236D8->3989452c-7599-4156-9543-3fe544ced0f3-GrpcLogAppender: Wait interrupted by java.lang.InterruptedException
2019-10-16 22:14:42,785 [grpc-default-executor-23] INFO  server.GrpcServerProtocolService (GrpcServerProtocolService.java:onCompleted(113)) - eec99a0c-e1b1-4518-bc49-9d1a8c8e04d5: Completed APPEND_ENTRIES, lastRequest: d9e6ea44-93db-446f-8020-a94232284285->eec99a0c-e1b1-4518-bc49-9d1a8c8e04d5#1-t1, previous=(t:0, i:0), leaderCommit=-1, initializing? false, entries: size=1, first=(t:1, i:0), CONFIGURATIONENTRY
2019-10-16 22:14:42,786 [grpc-default-executor-23] INFO  server.GrpcServerProtocolService (GrpcServerProtocolService.java:onCompleted(113)) - 3989452c-7599-4156-9543-3fe544ced0f3: Completed APPEND_ENTRIES, lastRequest: d9e6ea44-93db-446f-8020-a94232284285->3989452c-7599-4156-9543-3fe544ced0f3#0-t1, previous=(t:0, i:0), leaderCommit=-1, initializing? false, entries: <empty>
2019-10-16 22:14:42,798 [eec99a0c-e1b1-4518-bc49-9d1a8c8e04d5@group-83CFD60236D8-SegmentedRaftLogWorker] INFO  segmented.SegmentedRaftLogWorker (SegmentedRaftLogWorker.java:execute(576)) - eec99a0c-e1b1-4518-bc49-9d1a8c8e04d5@group-83CFD60236D8-SegmentedRaftLogWorker: created new log segment /workdir/hadoop-ozone/tools/target/test-dir/MiniOzoneClusterImpl-402ec78b-26f6-4355-8079-1cdd4cc53632/datanode-0/data/ratis/1bd62df8-80bc-4ac0-888f-83cfd60236d8/current/log_inprogress_0
2019-10-16 22:14:42,798 [grpc-default-executor-18] INFO  server.GrpcLogAppender (GrpcLogAppender.java:onCompleted(308)) - d9e6ea44-93db-446f-8020-a94232284285@group-83CFD60236D8->eec99a0c-e1b1-4518-bc49-9d1a8c8e04d5-AppendLogResponseHandler: follower responses appendEntries COMPLETED
2019-10-16 22:14:42,798 [grpc-default-executor-23] INFO  server.GrpcLogAppender (GrpcLogAppender.java:onCompleted(308)) - d9e6ea44-93db-446f-8020-a94232284285@group-83CFD60236D8->3989452c-7599-4156-9543-3fe544ced0f3-AppendLogResponseHandler: follower responses appendEntries COMPLETED
2019-10-16 22:14:42,798 [grpc-default-executor-21] INFO  impl.RaftServerImpl (ServerState.java:setLeader(256)) - eec99a0c-e1b1-4518-bc49-9d1a8c8e04d5@group-83CFD60236D8: change Leader from d9e6ea44-93db-446f-8020-a94232284285 to null at term 2 for updateCurrentTerm
2019-10-16 22:14:42,799 [grpc-default-executor-21] INFO  impl.RaftServerImpl (RaftServerImpl.java:setRole(184)) - eec99a0c-e1b1-4518-bc49-9d1a8c8e04d5@group-83CFD60236D8: changes role from  FOLLOWER to FOLLOWER at term 2 for recognizeCandidate:3989452c-7599-4156-9543-3fe544ced0f3
2019-10-16 22:14:42,799 [grpc-default-executor-21] INFO  impl.RoleInfo (RoleInfo.java:shutdownFollowerState(121)) - eec99a0c-e1b1-4518-bc49-9d1a8c8e04d5: shutdown FollowerState
2019-10-16 22:14:42,799 [grpc-default-executor-21] INFO  impl.RoleInfo (RoleInfo.java:updateAndGet(143)) - eec99a0c-e1b1-4518-bc49-9d1a8c8e04d5: start FollowerState
2019-10-16 22:14:42,799 [Thread-997] INFO  impl.FollowerState (FollowerState.java:run(117)) - eec99a0c-e1b1-4518-bc49-9d1a8c8e04d5@group-83CFD60236D8-FollowerState was interrupted: java.lang.InterruptedException: sleep interrupted
2019-10-16 22:14:42,812 [grpc-default-executor-16] INFO  impl.RaftServerImpl (RaftServerImpl.java:setRole(184)) - d9e6ea44-93db-446f-8020-a94232284285@group-83CFD60236D8: changes role from  FOLLOWER to FOLLOWER at term 2 for recognizeCandidate:3989452c-7599-4156-9543-3fe544ced0f3
2019-10-16 22:14:42,812 [grpc-default-executor-16] INFO  impl.RoleInfo (RoleInfo.java:shutdownFollowerState(121)) - d9e6ea44-93db-446f-8020-a94232284285: shutdown FollowerState
2019-10-16 22:14:42,812 [grpc-default-executor-16] INFO  impl.RoleInfo (RoleInfo.java:updateAndGet(143)) - d9e6ea44-93db-446f-8020-a94232284285: start FollowerState
2019-10-16 22:14:42,812 [Thread-1001] INFO  impl.FollowerState (FollowerState.java:run(117)) - d9e6ea44-93db-446f-8020-a94232284285@group-83CFD60236D8-FollowerState was interrupted: java.lang.InterruptedException: sleep interrupted
2019-10-16 22:14:42,816 [3989452c-7599-4156-9543-3fe544ced0f3@group-83CFD60236D8-LeaderElection18] INFO  impl.LeaderElection (LeaderElection.java:logAndReturn(56)) - 3989452c-7599-4156-9543-3fe544ced0f3@group-83CFD60236D8-LeaderElection18: Election REJECTED; received 2 response(s) [3989452c-7599-4156-9543-3fe544ced0f3<-eec99a0c-e1b1-4518-bc49-9d1a8c8e04d5#0:FAIL-t2, 3989452c-7599-4156-9543-3fe544ced0f3<-d9e6ea44-93db-446f-8020-a94232284285#0:FAIL-t2] and 0 exception(s); 3989452c-7599-4156-9543-3fe544ced0f3@group-83CFD60236D8:t2, leader=null, voted=3989452c-7599-4156-9543-3fe544ced0f3, raftlog=3989452c-7599-4156-9543-3fe544ced0f3@group-83CFD60236D8-SegmentedRaftLog:OPENED:c-1,f-1,i0, conf=-1: [3989452c-7599-4156-9543-3fe544ced0f3:192.168.157.254:36320, eec99a0c-e1b1-4518-bc49-9d1a8c8e04d5:192.168.157.254:45598, d9e6ea44-93db-446f-8020-a94232284285:192.168.157.254:41671], old=null
2019-10-16 22:14:42,816 [3989452c-7599-4156-9543-3fe544ced0f3@group-83CFD60236D8-LeaderElection18] INFO  impl.RaftServerImpl (RaftServerImpl.java:setRole(184)) - 3989452c-7599-4156-9543-3fe544ced0f3@group-83CFD60236D8: changes role from CANDIDATE to FOLLOWER at term 2 for DISCOVERED_A_NEW_TERM
2019-10-16 22:14:42,818 [3989452c-7599-4156-9543-3fe544ced0f3@group-83CFD60236D8-LeaderElection18] INFO  impl.RoleInfo (RoleInfo.java:shutdownLeaderElection(134)) - 3989452c-7599-4156-9543-3fe544ced0f3: shutdown LeaderElection
2019-10-16 22:14:42,818 [3989452c-7599-4156-9543-3fe544ced0f3@group-83CFD60236D8-LeaderElection18] INFO  impl.RoleInfo (RoleInfo.java:updateAndGet(143)) - 3989452c-7599-4156-9543-3fe544ced0f3: start FollowerState
2019-10-16 22:14:42,939 [Thread-1005] INFO  impl.FollowerState (FollowerState.java:run(108)) - 3989452c-7599-4156-9543-3fe544ced0f3@group-83CFD60236D8-FollowerState: change to CANDIDATE, lastRpcTime:120ms, electionTimeout:119ms
2019-10-16 22:14:42,940 [Thread-1005] INFO  impl.RoleInfo (RoleInfo.java:shutdownFollowerState(121)) - 3989452c-7599-4156-9543-3fe544ced0f3: shutdown FollowerState
2019-10-16 22:14:42,940 [Thread-1005] INFO  impl.RaftServerImpl (RaftServerImpl.java:setRole(184)) - 3989452c-7599-4156-9543-3fe544ced0f3@group-83CFD60236D8: changes role from  FOLLOWER to CANDIDATE at term 2 for changeToCandidate
2019-10-16 22:14:42,941 [Thread-1005] INFO  impl.RoleInfo (RoleInfo.java:updateAndGet(143)) - 3989452c-7599-4156-9543-3fe544ced0f3: start LeaderElection
2019-10-16 22:14:42,955 [3989452c-7599-4156-9543-3fe544ced0f3@group-83CFD60236D8-LeaderElection19] INFO  impl.LeaderElection (LeaderElection.java:askForVotes(178)) - 3989452c-7599-4156-9543-3fe544ced0f3@group-83CFD60236D8-LeaderElection19: begin an election at term 3 for -1: [3989452c-7599-4156-9543-3fe544ced0f3:192.168.157.254:36320, eec99a0c-e1b1-4518-bc49-9d1a8c8e04d5:192.168.157.254:45598, d9e6ea44-93db-446f-8020-a94232284285:192.168.157.254:41671], old=null
2019-10-16 22:14:42,958 [grpc-default-executor-16] INFO  impl.RaftServerImpl (RaftServerImpl.java:setRole(184)) - d9e6ea44-93db-446f-8020-a94232284285@group-83CFD60236D8: changes role from  FOLLOWER to FOLLOWER at term 3 for recognizeCandidate:3989452c-7599-4156-9543-3fe544ced0f3
2019-10-16 22:14:42,958 [grpc-default-executor-21] INFO  impl.RaftServerImpl (RaftServerImpl.java:setRole(184)) - eec99a0c-e1b1-4518-bc49-9d1a8c8e04d5@group-83CFD60236D8: changes role from  FOLLOWER to FOLLOWER at term 3 for recognizeCandidate:3989452c-7599-4156-9543-3fe544ced0f3
2019-10-16 22:14:42,958 [grpc-default-executor-16] INFO  impl.RoleInfo (RoleInfo.java:shutdownFollowerState(121)) - d9e6ea44-93db-446f-8020-a94232284285: shutdown FollowerState
2019-10-16 22:14:42,958 [grpc-default-executor-21] INFO  impl.RoleInfo (RoleInfo.java:shutdownFollowerState(121)) - eec99a0c-e1b1-4518-bc49-9d1a8c8e04d5: shutdown FollowerState
2019-10-16 22:14:42,958 [Thread-1004] INFO  impl.FollowerState (FollowerState.java:run(117)) - d9e6ea44-93db-446f-8020-a94232284285@group-83CFD60236D8-FollowerState was interrupted: java.lang.InterruptedException: sleep interrupted
2019-10-16 22:14:42,958 [grpc-default-executor-16] INFO  impl.RoleInfo (RoleInfo.java:updateAndGet(143)) - d9e6ea44-93db-446f-8020-a94232284285: start FollowerState
2019-10-16 22:14:42,958 [Thread-1002] INFO  impl.FollowerState (FollowerState.java:run(117)) - eec99a0c-e1b1-4518-bc49-9d1a8c8e04d5@group-83CFD60236D8-FollowerState was interrupted: java.lang.InterruptedException: sleep interrupted
2019-10-16 22:14:42,958 [grpc-default-executor-21] INFO  impl.RoleInfo (RoleInfo.java:updateAndGet(143)) - eec99a0c-e1b1-4518-bc49-9d1a8c8e04d5: start FollowerState
2019-10-16 22:14:42,973 [3989452c-7599-4156-9543-3fe544ced0f3@group-83CFD60236D8-LeaderElection19] INFO  impl.LeaderElection (LeaderElection.java:logAndReturn(56)) - 3989452c-7599-4156-9543-3fe544ced0f3@group-83CFD60236D8-LeaderElection19: Election TIMEOUT; received 0 response(s) [] and 0 exception(s); 3989452c-7599-4156-9543-3fe544ced0f3@group-83CFD60236D8:t3, leader=null, voted=3989452c-7599-4156-9543-3fe544ced0f3, raftlog=3989452c-7599-4156-9543-3fe544ced0f3@group-83CFD60236D8-SegmentedRaftLog:OPENED:c-1,f-1,i0, conf=-1: [3989452c-7599-4156-9543-3fe544ced0f3:192.168.157.254:36320, eec99a0c-e1b1-4518-bc49-9d1a8c8e04d5:192.168.157.254:45598, d9e6ea44-93db-446f-8020-a94232284285:192.168.157.254:41671], old=null
2019-10-16 22:14:42,987 [3989452c-7599-4156-9543-3fe544ced0f3@group-83CFD60236D8-LeaderElection19] INFO  impl.LeaderElection (LeaderElection.java:askForVotes(178)) - 3989452c-7599-4156-9543-3fe544ced0f3@group-83CFD60236D8-LeaderElection19: begin an election at term 4 for -1: [3989452c-7599-4156-9543-3fe544ced0f3:192.168.157.254:36320, eec99a0c-e1b1-4518-bc49-9d1a8c8e04d5:192.168.157.254:45598, d9e6ea44-93db-446f-8020-a94232284285:192.168.157.254:41671], old=null
2019-10-16 22:14:42,988 [grpc-default-executor-21] INFO  impl.RaftServerImpl (RaftServerImpl.java:setRole(184)) - eec99a0c-e1b1-4518-bc49-9d1a8c8e04d5@group-83CFD60236D8: changes role from  FOLLOWER to FOLLOWER at term 4 for recognizeCandidate:3989452c-7599-4156-9543-3fe544ced0f3
2019-10-16 22:14:42,990 [grpc-default-executor-21] INFO  impl.RoleInfo (RoleInfo.java:shutdownFollowerState(121)) - eec99a0c-e1b1-4518-bc49-9d1a8c8e04d5: shutdown FollowerState
2019-10-16 22:14:42,990 [grpc-default-executor-16] INFO  impl.RaftServerImpl (RaftServerImpl.java:setRole(184)) - d9e6ea44-93db-446f-8020-a94232284285@group-83CFD60236D8: changes role from  FOLLOWER to FOLLOWER at term 4 for recognizeCandidate:3989452c-7599-4156-9543-3fe544ced0f3
2019-10-16 22:14:42,990 [grpc-default-executor-16] INFO  impl.RoleInfo (RoleInfo.java:shutdownFollowerState(121)) - d9e6ea44-93db-446f-8020-a94232284285: shutdown FollowerState
2019-10-16 22:14:42,990 [Thread-1010] INFO  impl.FollowerState (FollowerState.java:run(117)) - eec99a0c-e1b1-4518-bc49-9d1a8c8e04d5@group-83CFD60236D8-FollowerState was interrupted: java.lang.InterruptedException: sleep interrupted
2019-10-16 22:14:42,990 [grpc-default-executor-21] INFO  impl.RoleInfo (RoleInfo.java:updateAndGet(143)) - eec99a0c-e1b1-4518-bc49-9d1a8c8e04d5: start FollowerState
2019-10-16 22:14:42,990 [Thread-1009] INFO  impl.FollowerState (FollowerState.java:run(117)) - d9e6ea44-93db-446f-8020-a94232284285@group-83CFD60236D8-FollowerState was interrupted: java.lang.InterruptedException: sleep interrupted
2019-10-16 22:14:42,990 [grpc-default-executor-16] INFO  impl.RoleInfo (RoleInfo.java:updateAndGet(143)) - d9e6ea44-93db-446f-8020-a94232284285: start FollowerState
2019-10-16 22:14:43,002 [3989452c-7599-4156-9543-3fe544ced0f3@group-83CFD60236D8-LeaderElection19] INFO  impl.LeaderElection (LeaderElection.java:logAndReturn(56)) - 3989452c-7599-4156-9543-3fe544ced0f3@group-83CFD60236D8-LeaderElection19: Election REJECTED; received 2 response(s) [3989452c-7599-4156-9543-3fe544ced0f3<-eec99a0c-e1b1-4518-bc49-9d1a8c8e04d5#0:FAIL-t4, 3989452c-7599-4156-9543-3fe544ced0f3<-d9e6ea44-93db-446f-8020-a94232284285#0:FAIL-t4] and 0 exception(s); 3989452c-7599-4156-9543-3fe544ced0f3@group-83CFD60236D8:t4, leader=null, voted=3989452c-7599-4156-9543-3fe544ced0f3, raftlog=3989452c-7599-4156-9543-3fe544ced0f3@group-83CFD60236D8-SegmentedRaftLog:OPENED:c-1,f-1,i0, conf=-1: [3989452c-7599-4156-9543-3fe544ced0f3:192.168.157.254:36320, eec99a0c-e1b1-4518-bc49-9d1a8c8e04d5:192.168.157.254:45598, d9e6ea44-93db-446f-8020-a94232284285:192.168.157.254:41671], old=null
2019-10-16 22:14:43,002 [3989452c-7599-4156-9543-3fe544ced0f3@group-83CFD60236D8-LeaderElection19] INFO  impl.RaftServerImpl (RaftServerImpl.java:setRole(184)) - 3989452c-7599-4156-9543-3fe544ced0f3@group-83CFD60236D8: changes role from CANDIDATE to FOLLOWER at term 4 for DISCOVERED_A_NEW_TERM
2019-10-16 22:14:43,007 [3989452c-7599-4156-9543-3fe544ced0f3@group-83CFD60236D8-LeaderElection19] INFO  impl.RoleInfo (RoleInfo.java:shutdownLeaderElection(134)) - 3989452c-7599-4156-9543-3fe544ced0f3: shutdown LeaderElection
2019-10-16 22:14:43,007 [3989452c-7599-4156-9543-3fe544ced0f3@group-83CFD60236D8-LeaderElection19] INFO  impl.RoleInfo (RoleInfo.java:updateAndGet(143)) - 3989452c-7599-4156-9543-3fe544ced0f3: start FollowerState
 0.00% |?                                                                                                    |  0/1 Time: 0:05:592019-10-16 22:14:43,141 [Thread-1015] INFO  impl.FollowerState (FollowerState.java:run(108)) - 3989452c-7599-4156-9543-3fe544ced0f3@group-83CFD60236D8-FollowerState: change to CANDIDATE, lastRpcTime:134ms, electionTimeout:132ms
2019-10-16 22:14:43,143 [Thread-1015] INFO  impl.RoleInfo (RoleInfo.java:shutdownFollowerState(121)) - 3989452c-7599-4156-9543-3fe544ced0f3: shutdown FollowerState
2019-10-16 22:14:43,143 [Thread-1015] INFO  impl.RaftServerImpl (RaftServerImpl.java:setRole(184)) - 3989452c-7599-4156-9543-3fe544ced0f3@group-83CFD60236D8: changes role from  FOLLOWER to CANDIDATE at term 4 for changeToCandidate
2019-10-16 22:14:43,143 [Thread-1015] INFO  impl.RoleInfo (RoleInfo.java:updateAndGet(143)) - 3989452c-7599-4156-9543-3fe544ced0f3: start LeaderElection
2019-10-16 22:14:43,158 [3989452c-7599-4156-9543-3fe544ced0f3@group-83CFD60236D8-LeaderElection20] INFO  impl.LeaderElection (LeaderElection.java:askForVotes(178)) - 3989452c-7599-4156-9543-3fe544ced0f3@group-83CFD60236D8-LeaderElection20: begin an election at term 5 for -1: [3989452c-7599-4156-9543-3fe544ced0f3:192.168.157.254:36320, eec99a0c-e1b1-4518-bc49-9d1a8c8e04d5:192.168.157.254:45598, d9e6ea44-93db-446f-8020-a94232284285:192.168.157.254:41671], old=null
2019-10-16 22:14:43,161 [grpc-default-executor-16] INFO  impl.RaftServerImpl (RaftServerImpl.java:setRole(184)) - d9e6ea44-93db-446f-8020-a94232284285@group-83CFD60236D8: changes role from  FOLLOWER to FOLLOWER at term 5 for recognizeCandidate:3989452c-7599-4156-9543-3fe544ced0f3
2019-10-16 22:14:43,161 [grpc-default-executor-21] INFO  impl.RaftServerImpl (RaftServerImpl.java:setRole(184)) - eec99a0c-e1b1-4518-bc49-9d1a8c8e04d5@group-83CFD60236D8: changes role from  FOLLOWER to FOLLOWER at term 5 for recognizeCandidate:3989452c-7599-4156-9543-3fe544ced0f3
2019-10-16 22:14:43,161 [grpc-default-executor-16] INFO  impl.RoleInfo (RoleInfo.java:shutdownFollowerState(121)) - d9e6ea44-93db-446f-8020-a94232284285: shutdown FollowerState
2019-10-16 22:14:43,161 [grpc-default-executor-21] INFO  impl.RoleInfo (RoleInfo.java:shutdownFollowerState(121)) - eec99a0c-e1b1-4518-bc49-9d1a8c8e04d5: shutdown FollowerState
2019-10-16 22:14:43,162 [grpc-default-executor-16] INFO  impl.RoleInfo (RoleInfo.java:updateAndGet(143)) - d9e6ea44-93db-446f-8020-a94232284285: start FollowerState
2019-10-16 22:14:43,162 [grpc-default-executor-21] INFO  impl.RoleInfo (RoleInfo.java:updateAndGet(143)) - eec99a0c-e1b1-4518-bc49-9d1a8c8e04d5: start FollowerState
2019-10-16 22:14:43,162 [Thread-1014] INFO  impl.FollowerState (FollowerState.java:run(117)) - d9e6ea44-93db-446f-8020-a94232284285@group-83CFD60236D8-FollowerState was interrupted: java.lang.InterruptedException: sleep interrupted
2019-10-16 22:14:43,162 [Thread-1013] INFO  impl.FollowerState (FollowerState.java:run(117)) - eec99a0c-e1b1-4518-bc49-9d1a8c8e04d5@group-83CFD60236D8-FollowerState was interrupted: java.lang.InterruptedException: sleep interrupted
2019-10-16 22:14:43,178 [3989452c-7599-4156-9543-3fe544ced0f3@group-83CFD60236D8-LeaderElection20] INFO  impl.LeaderElection (LeaderElection.java:logAndReturn(56)) - 3989452c-7599-4156-9543-3fe544ced0f3@group-83CFD60236D8-LeaderElection20: Election REJECTED; received 2 response(s) [3989452c-7599-4156-9543-3fe544ced0f3<-eec99a0c-e1b1-4518-bc49-9d1a8c8e04d5#0:FAIL-t5, 3989452c-7599-4156-9543-3fe544ced0f3<-d9e6ea44-93db-446f-8020-a94232284285#0:FAIL-t5] and 0 exception(s); 3989452c-7599-4156-9543-3fe544ced0f3@group-83CFD60236D8:t5, leader=null, voted=3989452c-7599-4156-9543-3fe544ced0f3, raftlog=3989452c-7599-4156-9543-3fe544ced0f3@group-83CFD60236D8-SegmentedRaftLog:OPENED:c-1,f-1,i0, conf=-1: [3989452c-7599-4156-9543-3fe544ced0f3:192.168.157.254:36320, eec99a0c-e1b1-4518-bc49-9d1a8c8e04d5:192.168.157.254:45598, d9e6ea44-93db-446f-8020-a94232284285:192.168.157.254:41671], old=null
2019-10-16 22:14:43,178 [3989452c-7599-4156-9543-3fe544ced0f3@group-83CFD60236D8-LeaderElection20] INFO  impl.RaftServerImpl (RaftServerImpl.java:setRole(184)) - 3989452c-7599-4156-9543-3fe544ced0f3@group-83CFD60236D8: changes role from CANDIDATE to FOLLOWER at term 5 for DISCOVERED_A_NEW_TERM
2019-10-16 22:14:43,184 [3989452c-7599-4156-9543-3fe544ced0f3@group-83CFD60236D8-LeaderElection20] INFO  impl.RoleInfo (RoleInfo.java:shutdownLeaderElection(134)) - 3989452c-7599-4156-9543-3fe544ced0f3: shutdown LeaderElection
2019-10-16 22:14:43,184 [3989452c-7599-4156-9543-3fe544ced0f3@group-83CFD60236D8-LeaderElection20] INFO  impl.RoleInfo (RoleInfo.java:updateAndGet(143)) - 3989452c-7599-4156-9543-3fe544ced0f3: start FollowerState
2019-10-16 22:14:43,256 [Thread-1021] INFO  impl.FollowerState (FollowerState.java:run(108)) - 3989452c-7599-4156-9543-3fe544ced0f3@group-83CFD60236D8-FollowerState: change to CANDIDATE, lastRpcTime:72ms, electionTimeout:72ms
2019-10-16 22:14:43,258 [Thread-1021] INFO  impl.RoleInfo (RoleInfo.java:shutdownFollowerState(121)) - 3989452c-7599-4156-9543-3fe544ced0f3: shutdown FollowerState
2019-10-16 22:14:43,259 [Thread-1021] INFO  impl.RaftServerImpl (RaftServerImpl.java:setRole(184)) - 3989452c-7599-4156-9543-3fe544ced0f3@group-83CFD60236D8: changes role from  FOLLOWER to CANDIDATE at term 5 for changeToCandidate
2019-10-16 22:14:43,259 [Thread-1021] INFO  impl.RoleInfo (RoleInfo.java:updateAndGet(143)) - 3989452c-7599-4156-9543-3fe544ced0f3: start LeaderElection
2019-10-16 22:14:43,274 [3989452c-7599-4156-9543-3fe544ced0f3@group-83CFD60236D8-LeaderElection21] INFO  impl.LeaderElection (LeaderElection.java:askForVotes(178)) - 3989452c-7599-4156-9543-3fe544ced0f3@group-83CFD60236D8-LeaderElection21: begin an election at term 6 for -1: [3989452c-7599-4156-9543-3fe544ced0f3:192.168.157.254:36320, eec99a0c-e1b1-4518-bc49-9d1a8c8e04d5:192.168.157.254:45598, d9e6ea44-93db-446f-8020-a94232284285:192.168.157.254:41671], old=null
2019-10-16 22:14:43,275 [3989452c-7599-4156-9543-3fe544ced0f3@group-83CFD60236D8-LeaderElection21] INFO  impl.LeaderElection (LeaderElection.java:logAndReturn(56)) - 3989452c-7599-4156-9543-3fe544ced0f3@group-83CFD60236D8-LeaderElection21: Election TIMEOUT; received 0 response(s) [] and 0 exception(s); 3989452c-7599-4156-9543-3fe544ced0f3@group-83CFD60236D8:t6, leader=null, voted=3989452c-7599-4156-9543-3fe544ced0f3, raftlog=3989452c-7599-4156-9543-3fe544ced0f3@group-83CFD60236D8-SegmentedRaftLog:OPENED:c-1,f-1,i0, conf=-1: [3989452c-7599-4156-9543-3fe544ced0f3:192.168.157.254:36320, eec99a0c-e1b1-4518-bc49-9d1a8c8e04d5:192.168.157.254:45598, d9e6ea44-93db-446f-8020-a94232284285:192.168.157.254:41671], old=null
2019-10-16 22:14:43,276 [grpc-default-executor-16] INFO  impl.RaftServerImpl (RaftServerImpl.java:setRole(184)) - eec99a0c-e1b1-4518-bc49-9d1a8c8e04d5@group-83CFD60236D8: changes role from  FOLLOWER to FOLLOWER at term 6 for recognizeCandidate:3989452c-7599-4156-9543-3fe544ced0f3
2019-10-16 22:14:43,276 [grpc-default-executor-21] INFO  impl.RaftServerImpl (RaftServerImpl.java:setRole(184)) - d9e6ea44-93db-446f-8020-a94232284285@group-83CFD60236D8: changes role from  FOLLOWER to FOLLOWER at term 6 for recognizeCandidate:3989452c-7599-4156-9543-3fe544ced0f3
2019-10-16 22:14:43,278 [grpc-default-executor-21] INFO  impl.RoleInfo (RoleInfo.java:shutdownFollowerState(121)) - d9e6ea44-93db-446f-8020-a94232284285: shutdown FollowerState
2019-10-16 22:14:43,276 [grpc-default-executor-16] INFO  impl.RoleInfo (RoleInfo.java:shutdownFollowerState(121)) - eec99a0c-e1b1-4518-bc49-9d1a8c8e04d5: shutdown FollowerState
2019-10-16 22:14:43,278 [Thread-1019] INFO  impl.FollowerState (FollowerState.java:run(117)) - d9e6ea44-93db-446f-8020-a94232284285@group-83CFD60236D8-FollowerState was interrupted: java.lang.InterruptedException: sleep interrupted
2019-10-16 22:14:43,278 [Thread-1020] INFO  impl.FollowerState (FollowerState.java:run(117)) - eec99a0c-e1b1-4518-bc49-9d1a8c8e04d5@group-83CFD60236D8-FollowerState was interrupted: java.lang.InterruptedException: sleep interrupted
2019-10-16 22:14:43,278 [grpc-default-executor-21] INFO  impl.RoleInfo (RoleInfo.java:updateAndGet(143)) - d9e6ea44-93db-446f-8020-a94232284285: start FollowerState
2019-10-16 22:14:43,287 [3989452c-7599-4156-9543-3fe544ced0f3@group-83CFD60236D8-LeaderElection21] INFO  impl.LeaderElection (LeaderElection.java:askForVotes(178)) - 3989452c-7599-4156-9543-3fe544ced0f3@group-83CFD60236D8-LeaderElection21: begin an election at term 7 for -1: [3989452c-7599-4156-9543-3fe544ced0f3:192.168.157.254:36320, eec99a0c-e1b1-4518-bc49-9d1a8c8e04d5:192.168.157.254:45598, d9e6ea44-93db-446f-8020-a94232284285:192.168.157.254:41671], old=null
2019-10-16 22:14:43,278 [grpc-default-executor-16] INFO  impl.RoleInfo (RoleInfo.java:updateAndGet(143)) - eec99a0c-e1b1-4518-bc49-9d1a8c8e04d5: start FollowerState
2019-10-16 22:14:43,294 [grpc-default-executor-22] INFO  impl.RaftServerImpl (RaftServerImpl.java:setRole(184)) - d9e6ea44-93db-446f-8020-a94232284285@group-83CFD60236D8: changes role from  FOLLOWER to FOLLOWER at term 7 for recognizeCandidate:3989452c-7599-4156-9543-3fe544ced0f3
2019-10-16 22:14:43,294 [grpc-default-executor-24] INFO  impl.RaftServerImpl (RaftServerImpl.java:setRole(184)) - eec99a0c-e1b1-4518-bc49-9d1a8c8e04d5@group-83CFD60236D8: changes role from  FOLLOWER to FOLLOWER at term 7 for recognizeCandidate:3989452c-7599-4156-9543-3fe544ced0f3
2019-10-16 22:14:43,295 [grpc-default-executor-22] INFO  impl.RoleInfo (RoleInfo.java:shutdownFollowerState(121)) - d9e6ea44-93db-446f-8020-a94232284285: shutdown FollowerState
2019-10-16 22:14:43,295 [grpc-default-executor-24] INFO  impl.RoleInfo (RoleInfo.java:shutdownFollowerState(121)) - eec99a0c-e1b1-4518-bc49-9d1a8c8e04d5: shutdown FollowerState
2019-10-16 22:14:43,295 [Thread-1025] INFO  impl.FollowerState (FollowerState.java:run(117)) - d9e6ea44-93db-446f-8020-a94232284285@group-83CFD60236D8-FollowerState was interrupted: java.lang.InterruptedException: sleep interrupted
2019-10-16 22:14:43,295 [grpc-default-executor-22] INFO  impl.RoleInfo (RoleInfo.java:updateAndGet(143)) - d9e6ea44-93db-446f-8020-a94232284285: start FollowerState
2019-10-16 22:14:43,295 [Thread-1026] INFO  impl.FollowerState (FollowerState.java:run(117)) - eec99a0c-e1b1-4518-bc49-9d1a8c8e04d5@group-83CFD60236D8-FollowerState was interrupted: java.lang.InterruptedException: sleep interrupted
2019-10-16 22:14:43,295 [grpc-default-executor-24] INFO  impl.RoleInfo (RoleInfo.java:updateAndGet(143)) - eec99a0c-e1b1-4518-bc49-9d1a8c8e04d5: start FollowerState
2019-10-16 22:14:43,310 [3989452c-7599-4156-9543-3fe544ced0f3@group-83CFD60236D8-LeaderElection21] INFO  impl.LeaderElection (LeaderElection.java:logAndReturn(56)) - 3989452c-7599-4156-9543-3fe544ced0f3@group-83CFD60236D8-LeaderElection21: Election REJECTED; received 2 response(s) [3989452c-7599-4156-9543-3fe544ced0f3<-eec99a0c-e1b1-4518-bc49-9d1a8c8e04d5#0:FAIL-t7, 3989452c-7599-4156-9543-3fe544ced0f3<-d9e6ea44-93db-446f-8020-a94232284285#0:FAIL-t7] and 0 exception(s); 3989452c-7599-4156-9543-3fe544ced0f3@group-83CFD60236D8:t7, leader=null, voted=3989452c-7599-4156-9543-3fe544ced0f3, raftlog=3989452c-7599-4156-9543-3fe544ced0f3@group-83CFD60236D8-SegmentedRaftLog:OPENED:c-1,f-1,i0, conf=-1: [3989452c-7599-4156-9543-3fe544ced0f3:192.168.157.254:36320, eec99a0c-e1b1-4518-bc49-9d1a8c8e04d5:192.168.157.254:45598, d9e6ea44-93db-446f-8020-a94232284285:192.168.157.254:41671], old=null
2019-10-16 22:14:43,310 [3989452c-7599-4156-9543-3fe544ced0f3@group-83CFD60236D8-LeaderElection21] INFO  impl.RaftServerImpl (RaftServerImpl.java:setRole(184)) - 3989452c-7599-4156-9543-3fe544ced0f3@group-83CFD60236D8: changes role from CANDIDATE to FOLLOWER at term 7 for DISCOVERED_A_NEW_TERM
2019-10-16 22:14:43,311 [3989452c-7599-4156-9543-3fe544ced0f3@group-83CFD60236D8-LeaderElection21] INFO  impl.RoleInfo (RoleInfo.java:shutdownLeaderElection(134)) - 3989452c-7599-4156-9543-3fe544ced0f3: shutdown LeaderElection
2019-10-16 22:14:43,311 [3989452c-7599-4156-9543-3fe544ced0f3@group-83CFD60236D8-LeaderElection21] INFO  impl.RoleInfo (RoleInfo.java:updateAndGet(143)) - 3989452c-7599-4156-9543-3fe544ced0f3: start FollowerState
2019-10-16 22:14:43,397 [Thread-1031] INFO  impl.FollowerState (FollowerState.java:run(108)) - 3989452c-7599-4156-9543-3fe544ced0f3@group-83CFD60236D8-FollowerState: change to CANDIDATE, lastRpcTime:86ms, electionTimeout:86ms
2019-10-16 22:14:43,405 [Thread-1031] INFO  impl.RoleInfo (RoleInfo.java:shutdownFollowerState(121)) - 3989452c-7599-4156-9543-3fe544ced0f3: shutdown FollowerState
2019-10-16 22:14:43,405 [Thread-1031] INFO  impl.RaftServerImpl (RaftServerImpl.java:setRole(184)) - 3989452c-7599-4156-9543-3fe544ced0f3@group-83CFD60236D8: changes role from  FOLLOWER to CANDIDATE at term 7 for changeToCandidate
2019-10-16 22:14:43,405 [Thread-1031] INFO  impl.RoleInfo (RoleInfo.java:updateAndGet(143)) - 3989452c-7599-4156-9543-3fe544ced0f3: start LeaderElection
2019-10-16 22:14:43,418 [3989452c-7599-4156-9543-3fe544ced0f3@group-83CFD60236D8-LeaderElection22] INFO  impl.LeaderElection (LeaderElection.java:askForVotes(178)) - 3989452c-7599-4156-9543-3fe544ced0f3@group-83CFD60236D8-LeaderElection22: begin an election at term 8 for -1: [3989452c-7599-4156-9543-3fe544ced0f3:192.168.157.254:36320, eec99a0c-e1b1-4518-bc49-9d1a8c8e04d5:192.168.157.254:45598, d9e6ea44-93db-446f-8020-a94232284285:192.168.157.254:41671], old=null
2019-10-16 22:14:43,421 [grpc-default-executor-22] INFO  impl.RaftServerImpl (RaftServerImpl.java:setRole(184)) - eec99a0c-e1b1-4518-bc49-9d1a8c8e04d5@group-83CFD60236D8: changes role from  FOLLOWER to FOLLOWER at term 8 for recognizeCandidate:3989452c-7599-4156-9543-3fe544ced0f3
2019-10-16 22:14:43,422 [grpc-default-executor-22] INFO  impl.RoleInfo (RoleInfo.java:shutdownFollowerState(121)) - eec99a0c-e1b1-4518-bc49-9d1a8c8e04d5: shutdown FollowerState
2019-10-16 22:14:43,422 [grpc-default-executor-22] INFO  impl.RoleInfo (RoleInfo.java:updateAndGet(143)) - eec99a0c-e1b1-4518-bc49-9d1a8c8e04d5: start FollowerState
2019-10-16 22:14:43,422 [Thread-1030] INFO  impl.FollowerState (FollowerState.java:run(117)) - eec99a0c-e1b1-4518-bc49-9d1a8c8e04d5@group-83CFD60236D8-FollowerState was interrupted: java.lang.InterruptedException: sleep interrupted
2019-10-16 22:14:43,422 [grpc-default-executor-24] INFO  impl.RaftServerImpl (RaftServerImpl.java:setRole(184)) - d9e6ea44-93db-446f-8020-a94232284285@group-83CFD60236D8: changes role from  FOLLOWER to FOLLOWER at term 8 for recognizeCandidate:3989452c-7599-4156-9543-3fe544ced0f3
2019-10-16 22:14:43,422 [grpc-default-executor-24] INFO  impl.RoleInfo (RoleInfo.java:shutdownFollowerState(121)) - d9e6ea44-93db-446f-8020-a94232284285: shutdown FollowerState
2019-10-16 22:14:43,423 [grpc-default-executor-24] INFO  impl.RoleInfo (RoleInfo.java:updateAndGet(143)) - d9e6ea44-93db-446f-8020-a94232284285: start FollowerState
2019-10-16 22:14:43,423 [Thread-1029] INFO  impl.FollowerState (FollowerState.java:run(117)) - d9e6ea44-93db-446f-8020-a94232284285@group-83CFD60236D8-FollowerState was interrupted: java.lang.InterruptedException: sleep interrupted
2019-10-16 22:14:43,436 [3989452c-7599-4156-9543-3fe544ced0f3@group-83CFD60236D8-LeaderElection22] INFO  impl.LeaderElection (LeaderElection.java:logAndReturn(56)) - 3989452c-7599-4156-9543-3fe544ced0f3@group-83CFD60236D8-LeaderElection22: Election REJECTED; received 2 response(s) [3989452c-7599-4156-9543-3fe544ced0f3<-eec99a0c-e1b1-4518-bc49-9d1a8c8e04d5#0:FAIL-t8, 3989452c-7599-4156-9543-3fe544ced0f3<-d9e6ea44-93db-446f-8020-a94232284285#0:FAIL-t8] and 0 exception(s); 3989452c-7599-4156-9543-3fe544ced0f3@group-83CFD60236D8:t8, leader=null, voted=3989452c-7599-4156-9543-3fe544ced0f3, raftlog=3989452c-7599-4156-9543-3fe544ced0f3@group-83CFD60236D8-SegmentedRaftLog:OPENED:c-1,f-1,i0, conf=-1: [3989452c-7599-4156-9543-3fe544ced0f3:192.168.157.254:36320, eec99a0c-e1b1-4518-bc49-9d1a8c8e04d5:192.168.157.254:45598, d9e6ea44-93db-446f-8020-a94232284285:192.168.157.254:41671], old=null
2019-10-16 22:14:43,436 [3989452c-7599-4156-9543-3fe544ced0f3@group-83CFD60236D8-LeaderElection22] INFO  impl.RaftServerImpl (RaftServerImpl.java:setRole(184)) - 3989452c-7599-4156-9543-3fe544ced0f3@group-83CFD60236D8: changes role from CANDIDATE to FOLLOWER at term 8 for DISCOVERED_A_NEW_TERM
2019-10-16 22:14:43,436 [3989452c-7599-4156-9543-3fe544ced0f3@group-83CFD60236D8-LeaderElection22] INFO  impl.RoleInfo (RoleInfo.java:shutdownLeaderElection(134)) - 3989452c-7599-4156-9543-3fe544ced0f3: shutdown LeaderElection
2019-10-16 22:14:43,436 [3989452c-7599-4156-9543-3fe544ced0f3@group-83CFD60236D8-LeaderElection22] INFO  impl.RoleInfo (RoleInfo.java:updateAndGet(143)) - 3989452c-7599-4156-9543-3fe544ced0f3: start FollowerState
2019-10-16 22:14:43,472 [Thread-1037] INFO  impl.FollowerState (FollowerState.java:run(108)) - 3989452c-7599-4156-9543-3fe544ced0f3@group-83CFD60236D8-FollowerState: change to CANDIDATE, lastRpcTime:35ms, electionTimeout:35ms
2019-10-16 22:14:43,475 [Thread-1037] INFO  impl.RoleInfo (RoleInfo.java:shutdownFollowerState(121)) - 3989452c-7599-4156-9543-3fe544ced0f3: shutdown FollowerState
2019-10-16 22:14:43,475 [Thread-1037] INFO  impl.RaftServerImpl (RaftServerImpl.java:setRole(184)) - 3989452c-7599-4156-9543-3fe544ced0f3@group-83CFD60236D8: changes role from  FOLLOWER to CANDIDATE at term 8 for changeToCandidate
2019-10-16 22:14:43,475 [Thread-1037] INFO  impl.RoleInfo (RoleInfo.java:updateAndGet(143)) - 3989452c-7599-4156-9543-3fe544ced0f3: start LeaderElection
2019-10-16 22:14:43,489 [3989452c-7599-4156-9543-3fe544ced0f3@group-83CFD60236D8-LeaderElection23] INFO  impl.LeaderElection (LeaderElection.java:askForVotes(178)) - 3989452c-7599-4156-9543-3fe544ced0f3@group-83CFD60236D8-LeaderElection23: begin an election at term 9 for -1: [3989452c-7599-4156-9543-3fe544ced0f3:192.168.157.254:36320, eec99a0c-e1b1-4518-bc49-9d1a8c8e04d5:192.168.157.254:45598, d9e6ea44-93db-446f-8020-a94232284285:192.168.157.254:41671], old=null
2019-10-16 22:14:43,491 [grpc-default-executor-22] INFO  impl.RaftServerImpl (RaftServerImpl.java:setRole(184)) - d9e6ea44-93db-446f-8020-a94232284285@group-83CFD60236D8: changes role from  FOLLOWER to FOLLOWER at term 9 for recognizeCandidate:3989452c-7599-4156-9543-3fe544ced0f3
2019-10-16 22:14:43,491 [grpc-default-executor-24] INFO  impl.RaftServerImpl (RaftServerImpl.java:setRole(184)) - eec99a0c-e1b1-4518-bc49-9d1a8c8e04d5@group-83CFD60236D8: changes role from  FOLLOWER to FOLLOWER at term 9 for recognizeCandidate:3989452c-7599-4156-9543-3fe544ced0f3
2019-10-16 22:14:43,491 [grpc-default-executor-22] INFO  impl.RoleInfo (RoleInfo.java:shutdownFollowerState(121)) - d9e6ea44-93db-446f-8020-a94232284285: shutdown FollowerState
2019-10-16 22:14:43,492 [grpc-default-executor-24] INFO  impl.RoleInfo (RoleInfo.java:shutdownFollowerState(121)) - eec99a0c-e1b1-4518-bc49-9d1a8c8e04d5: shutdown FollowerState
2019-10-16 22:14:43,492 [Thread-1036] INFO  impl.FollowerState (FollowerState.java:run(117)) - d9e6ea44-93db-446f-8020-a94232284285@group-83CFD60236D8-FollowerState was interrupted: java.lang.InterruptedException: sleep interrupted
2019-10-16 22:14:43,492 [grpc-default-executor-22] INFO  impl.RoleInfo (RoleInfo.java:updateAndGet(143)) - d9e6ea44-93db-446f-8020-a94232284285: start FollowerState
2019-10-16 22:14:43,492 [Thread-1035] INFO  impl.FollowerState (FollowerState.java:run(117)) - eec99a0c-e1b1-4518-bc49-9d1a8c8e04d5@group-83CFD60236D8-FollowerState was interrupted: java.lang.InterruptedException: sleep interrupted
2019-10-16 22:14:43,492 [grpc-default-executor-24] INFO  impl.RoleInfo (RoleInfo.java:updateAndGet(143)) - eec99a0c-e1b1-4518-bc49-9d1a8c8e04d5: start FollowerState
2019-10-16 22:14:43,509 [3989452c-7599-4156-9543-3fe544ced0f3@group-83CFD60236D8-LeaderElection23] INFO  impl.LeaderElection (LeaderElection.java:logAndReturn(56)) - 3989452c-7599-4156-9543-3fe544ced0f3@group-83CFD60236D8-LeaderElection23: Election REJECTED; received 2 response(s) [3989452c-7599-4156-9543-3fe544ced0f3<-eec99a0c-e1b1-4518-bc49-9d1a8c8e04d5#0:FAIL-t9, 3989452c-7599-4156-9543-3fe544ced0f3<-d9e6ea44-93db-446f-8020-a94232284285#0:FAIL-t9] and 0 exception(s); 3989452c-7599-4156-9543-3fe544ced0f3@group-83CFD60236D8:t9, leader=null, voted=3989452c-7599-4156-9543-3fe544ced0f3, raftlog=3989452c-7599-4156-9543-3fe544ced0f3@group-83CFD60236D8-SegmentedRaftLog:OPENED:c-1,f-1,i0, conf=-1: [3989452c-7599-4156-9543-3fe544ced0f3:192.168.157.254:36320, eec99a0c-e1b1-4518-bc49-9d1a8c8e04d5:192.168.157.254:45598, d9e6ea44-93db-446f-8020-a94232284285:192.168.157.254:41671], old=null
2019-10-16 22:14:43,510 [3989452c-7599-4156-9543-3fe544ced0f3@group-83CFD60236D8-LeaderElection23] INFO  impl.RaftServerImpl (RaftServerImpl.java:setRole(184)) - 3989452c-7599-4156-9543-3fe544ced0f3@group-83CFD60236D8: changes role from CANDIDATE to FOLLOWER at term 9 for DISCOVERED_A_NEW_TERM
2019-10-16 22:14:43,510 [3989452c-7599-4156-9543-3fe544ced0f3@group-83CFD60236D8-LeaderElection23] INFO  impl.RoleInfo (RoleInfo.java:shutdownLeaderElection(134)) - 3989452c-7599-4156-9543-3fe544ced0f3: shutdown LeaderElection
2019-10-16 22:14:43,510 [3989452c-7599-4156-9543-3fe544ced0f3@group-83CFD60236D8-LeaderElection23] INFO  impl.RoleInfo (RoleInfo.java:updateAndGet(143)) - 3989452c-7599-4156-9543-3fe544ced0f3: start FollowerState
2019-10-16 22:14:43,593 [Thread-1043] INFO  impl.FollowerState (FollowerState.java:run(108)) - 3989452c-7599-4156-9543-3fe544ced0f3@group-83CFD60236D8-FollowerState: change to CANDIDATE, lastRpcTime:83ms, electionTimeout:83ms
2019-10-16 22:14:43,596 [Thread-1043] INFO  impl.RoleInfo (RoleInfo.java:shutdownFollowerState(121)) - 3989452c-7599-4156-9543-3fe544ced0f3: shutdown FollowerState
2019-10-16 22:14:43,596 [Thread-1043] INFO  impl.RaftServerImpl (RaftServerImpl.java:setRole(184)) - 3989452c-7599-4156-9543-3fe544ced0f3@group-83CFD60236D8: changes role from  FOLLOWER to CANDIDATE at term 9 for changeToCandidate
2019-10-16 22:14:43,596 [Thread-1043] INFO  impl.RoleInfo (RoleInfo.java:updateAndGet(143)) - 3989452c-7599-4156-9543-3fe544ced0f3: start LeaderElection
2019-10-16 22:14:43,610 [3989452c-7599-4156-9543-3fe544ced0f3@group-83CFD60236D8-LeaderElection24] INFO  impl.LeaderElection (LeaderElection.java:askForVotes(178)) - 3989452c-7599-4156-9543-3fe544ced0f3@group-83CFD60236D8-LeaderElection24: begin an election at term 10 for -1: [3989452c-7599-4156-9543-3fe544ced0f3:192.168.157.254:36320, eec99a0c-e1b1-4518-bc49-9d1a8c8e04d5:192.168.157.254:45598, d9e6ea44-93db-446f-8020-a94232284285:192.168.157.254:41671], old=null
2019-10-16 22:14:43,612 [grpc-default-executor-22] INFO  impl.RaftServerImpl (RaftServerImpl.java:setRole(184)) - eec99a0c-e1b1-4518-bc49-9d1a8c8e04d5@group-83CFD60236D8: changes role from  FOLLOWER to FOLLOWER at term 10 for recognizeCandidate:3989452c-7599-4156-9543-3fe544ced0f3
2019-10-16 22:14:43,612 [grpc-default-executor-24] INFO  impl.RaftServerImpl (RaftServerImpl.java:setRole(184)) - d9e6ea44-93db-446f-8020-a94232284285@group-83CFD60236D8: changes role from  FOLLOWER to FOLLOWER at term 10 for recognizeCandidate:3989452c-7599-4156-9543-3fe544ced0f3
2019-10-16 22:14:43,613 [grpc-default-executor-22] INFO  impl.RoleInfo (RoleInfo.java:shutdownFollowerState(121)) - eec99a0c-e1b1-4518-bc49-9d1a8c8e04d5: shutdown FollowerState
2019-10-16 22:14:43,613 [grpc-default-executor-24] INFO  impl.RoleInfo (RoleInfo.java:shutdownFollowerState(121)) - d9e6ea44-93db-446f-8020-a94232284285: shutdown FollowerState
2019-10-16 22:14:43,613 [Thread-1042] INFO  impl.FollowerState (FollowerState.java:run(117)) - eec99a0c-e1b1-4518-bc49-9d1a8c8e04d5@group-83CFD60236D8-FollowerState was interrupted: java.lang.InterruptedException: sleep interrupted
2019-10-16 22:14:43,613 [grpc-default-executor-22] INFO  impl.RoleInfo (RoleInfo.java:updateAndGet(143)) - eec99a0c-e1b1-4518-bc49-9d1a8c8e04d5: start FollowerState
2019-10-16 22:14:43,613 [grpc-default-executor-24] INFO  impl.RoleInfo (RoleInfo.java:updateAndGet(143)) - d9e6ea44-93db-446f-8020-a94232284285: start FollowerState
2019-10-16 22:14:43,613 [Thread-1041] INFO  impl.FollowerState (FollowerState.java:run(117)) - d9e6ea44-93db-446f-8020-a94232284285@group-83CFD60236D8-FollowerState was interrupted: java.lang.InterruptedException: sleep interrupted
2019-10-16 22:14:43,627 [3989452c-7599-4156-9543-3fe544ced0f3@group-83CFD60236D8-LeaderElection24] INFO  impl.LeaderElection (LeaderElection.java:logAndReturn(56)) - 3989452c-7599-4156-9543-3fe544ced0f3@group-83CFD60236D8-LeaderElection24: Election REJECTED; received 2 response(s) [3989452c-7599-4156-9543-3fe544ced0f3<-eec99a0c-e1b1-4518-bc49-9d1a8c8e04d5#0:FAIL-t10, 3989452c-7599-4156-9543-3fe544ced0f3<-d9e6ea44-93db-446f-8020-a94232284285#0:FAIL-t10] and 0 exception(s); 3989452c-7599-4156-9543-3fe544ced0f3@group-83CFD60236D8:t10, leader=null, voted=3989452c-7599-4156-9543-3fe544ced0f3, raftlog=3989452c-7599-4156-9543-3fe544ced0f3@group-83CFD60236D8-SegmentedRaftLog:OPENED:c-1,f-1,i0, conf=-1: [3989452c-7599-4156-9543-3fe544ced0f3:192.168.157.254:36320, eec99a0c-e1b1-4518-bc49-9d1a8c8e04d5:192.168.157.254:45598, d9e6ea44-93db-446f-8020-a94232284285:192.168.157.254:41671], old=null
2019-10-16 22:14:43,627 [3989452c-7599-4156-9543-3fe544ced0f3@group-83CFD60236D8-LeaderElection24] INFO  impl.RaftServerImpl (RaftServerImpl.java:setRole(184)) - 3989452c-7599-4156-9543-3fe544ced0f3@group-83CFD60236D8: changes role from CANDIDATE to FOLLOWER at term 10 for DISCOVERED_A_NEW_TERM
2019-10-16 22:14:43,627 [3989452c-7599-4156-9543-3fe544ced0f3@group-83CFD60236D8-LeaderElection24] INFO  impl.RoleInfo (RoleInfo.java:shutdownLeaderElection(134)) - 3989452c-7599-4156-9543-3fe544ced0f3: shutdown LeaderElection
2019-10-16 22:14:43,627 [3989452c-7599-4156-9543-3fe544ced0f3@group-83CFD60236D8-LeaderElection24] INFO  impl.RoleInfo (RoleInfo.java:updateAndGet(143)) - 3989452c-7599-4156-9543-3fe544ced0f3: start FollowerState
2019-10-16 22:14:43,700 [Thread-1049] INFO  impl.FollowerState (FollowerState.java:run(108)) - 3989452c-7599-4156-9543-3fe544ced0f3@group-83CFD60236D8-FollowerState: change to CANDIDATE, lastRpcTime:72ms, electionTimeout:72ms
2019-10-16 22:14:43,702 [Thread-1049] INFO  impl.RoleInfo (RoleInfo.java:shutdownFollowerState(121)) - 3989452c-7599-4156-9543-3fe544ced0f3: shutdown FollowerState
2019-10-16 22:14:43,702 [Thread-1049] INFO  impl.RaftServerImpl (RaftServerImpl.java:setRole(184)) - 3989452c-7599-4156-9543-3fe544ced0f3@group-83CFD60236D8: changes role from  FOLLOWER to CANDIDATE at term 10 for changeToCandidate
2019-10-16 22:14:43,702 [Thread-1049] INFO  impl.RoleInfo (RoleInfo.java:updateAndGet(143)) - 3989452c-7599-4156-9543-3fe544ced0f3: start LeaderElection
2019-10-16 22:14:43,716 [3989452c-7599-4156-9543-3fe544ced0f3@group-83CFD60236D8-LeaderElection25] INFO  impl.LeaderElection (LeaderElection.java:askForVotes(178)) - 3989452c-7599-4156-9543-3fe544ced0f3@group-83CFD60236D8-LeaderElection25: begin an election at term 11 for -1: [3989452c-7599-4156-9543-3fe544ced0f3:192.168.157.254:36320, eec99a0c-e1b1-4518-bc49-9d1a8c8e04d5:192.168.157.254:45598, d9e6ea44-93db-446f-8020-a94232284285:192.168.157.254:41671], old=null
2019-10-16 22:14:43,718 [grpc-default-executor-22] INFO  impl.RaftServerImpl (RaftServerImpl.java:setRole(184)) - eec99a0c-e1b1-4518-bc49-9d1a8c8e04d5@group-83CFD60236D8: changes role from  FOLLOWER to FOLLOWER at term 11 for recognizeCandidate:3989452c-7599-4156-9543-3fe544ced0f3
2019-10-16 22:14:43,718 [grpc-default-executor-22] INFO  impl.RoleInfo (RoleInfo.java:shutdownFollowerState(121)) - eec99a0c-e1b1-4518-bc49-9d1a8c8e04d5: shutdown FollowerState
2019-10-16 22:14:43,718 [grpc-default-executor-24] INFO  impl.RaftServerImpl (RaftServerImpl.java:setRole(184)) - d9e6ea44-93db-446f-8020-a94232284285@group-83CFD60236D8: changes role from  FOLLOWER to FOLLOWER at term 11 for recognizeCandidate:3989452c-7599-4156-9543-3fe544ced0f3
2019-10-16 22:14:43,718 [Thread-1047] INFO  impl.FollowerState (FollowerState.java:run(117)) - eec99a0c-e1b1-4518-bc49-9d1a8c8e04d5@group-83CFD60236D8-FollowerState was interrupted: java.lang.InterruptedException: sleep interrupted
2019-10-16 22:14:43,718 [grpc-default-executor-24] INFO  impl.RoleInfo (RoleInfo.java:shutdownFollowerState(121)) - d9e6ea44-93db-446f-8020-a94232284285: shutdown FollowerState
2019-10-16 22:14:43,718 [grpc-default-executor-22] INFO  impl.RoleInfo (RoleInfo.java:updateAndGet(143)) - eec99a0c-e1b1-4518-bc49-9d1a8c8e04d5: start FollowerState
2019-10-16 22:14:43,718 [Thread-1048] INFO  impl.FollowerState (FollowerState.java:run(117)) - d9e6ea44-93db-446f-8020-a94232284285@group-83CFD60236D8-FollowerState was interrupted: java.lang.InterruptedException: sleep interrupted
2019-10-16 22:14:43,718 [grpc-default-executor-24] INFO  impl.RoleInfo (RoleInfo.java:updateAndGet(143)) - d9e6ea44-93db-446f-8020-a94232284285: start FollowerState
2019-10-16 22:14:43,735 [3989452c-7599-4156-9543-3fe544ced0f3@group-83CFD60236D8-LeaderElection25] INFO  impl.LeaderElection (LeaderElection.java:logAndReturn(56)) - 3989452c-7599-4156-9543-3fe544ced0f3@group-83CFD60236D8-LeaderElection25: Election REJECTED; received 2 response(s) [3989452c-7599-4156-9543-3fe544ced0f3<-eec99a0c-e1b1-4518-bc49-9d1a8c8e04d5#0:FAIL-t11, 3989452c-7599-4156-9543-3fe544ced0f3<-d9e6ea44-93db-446f-8020-a94232284285#0:FAIL-t11] and 0 exception(s); 3989452c-7599-4156-9543-3fe544ced0f3@group-83CFD60236D8:t11, leader=null, voted=3989452c-7599-4156-9543-3fe544ced0f3, raftlog=3989452c-7599-4156-9543-3fe544ced0f3@group-83CFD60236D8-SegmentedRaftLog:OPENED:c-1,f-1,i0, conf=-1: [3989452c-7599-4156-9543-3fe544ced0f3:192.168.157.254:36320, eec99a0c-e1b1-4518-bc49-9d1a8c8e04d5:192.168.157.254:45598, d9e6ea44-93db-446f-8020-a94232284285:192.168.157.254:41671], old=null
2019-10-16 22:14:43,736 [3989452c-7599-4156-9543-3fe544ced0f3@group-83CFD60236D8-LeaderElection25] INFO  impl.RaftServerImpl (RaftServerImpl.java:setRole(184)) - 3989452c-7599-4156-9543-3fe544ced0f3@group-83CFD60236D8: changes role from CANDIDATE to FOLLOWER at term 11 for DISCOVERED_A_NEW_TERM
2019-10-16 22:14:43,736 [3989452c-7599-4156-9543-3fe544ced0f3@group-83CFD60236D8-LeaderElection25] INFO  impl.RoleInfo (RoleInfo.java:shutdownLeaderElection(134)) - 3989452c-7599-4156-9543-3fe544ced0f3: shutdown LeaderElection
2019-10-16 22:14:43,736 [3989452c-7599-4156-9543-3fe544ced0f3@group-83CFD60236D8-LeaderElection25] INFO  impl.RoleInfo (RoleInfo.java:updateAndGet(143)) - 3989452c-7599-4156-9543-3fe544ced0f3: start FollowerState
2019-10-16 22:14:43,865 [Thread-1055] INFO  impl.FollowerState (FollowerState.java:run(108)) - 3989452c-7599-4156-9543-3fe544ced0f3@group-83CFD60236D8-FollowerState: change to CANDIDATE, lastRpcTime:129ms, electionTimeout:129ms
2019-10-16 22:14:43,868 [Thread-1055] INFO  impl.RoleInfo (RoleInfo.java:shutdownFollowerState(121)) - 3989452c-7599-4156-9543-3fe544ced0f3: shutdown FollowerState
2019-10-16 22:14:43,869 [Thread-1055] INFO  impl.RaftServerImpl (RaftServerImpl.java:setRole(184)) - 3989452c-7599-4156-9543-3fe544ced0f3@group-83CFD60236D8: changes role from  FOLLOWER to CANDIDATE at term 11 for changeToCandidate
2019-10-16 22:14:43,869 [Thread-1055] INFO  impl.RoleInfo (RoleInfo.java:updateAndGet(143)) - 3989452c-7599-4156-9543-3fe544ced0f3: start LeaderElection
2019-10-16 22:14:43,882 [3989452c-7599-4156-9543-3fe544ced0f3@group-83CFD60236D8-LeaderElection26] INFO  impl.LeaderElection (LeaderElection.java:askForVotes(178)) - 3989452c-7599-4156-9543-3fe544ced0f3@group-83CFD60236D8-LeaderElection26: begin an election at term 12 for -1: [3989452c-7599-4156-9543-3fe544ced0f3:192.168.157.254:36320, eec99a0c-e1b1-4518-bc49-9d1a8c8e04d5:192.168.157.254:45598, d9e6ea44-93db-446f-8020-a94232284285:192.168.157.254:41671], old=null
2019-10-16 22:14:43,885 [grpc-default-executor-24] INFO  impl.RaftServerImpl (RaftServerImpl.java:setRole(184)) - d9e6ea44-93db-446f-8020-a94232284285@group-83CFD60236D8: changes role from  FOLLOWER to FOLLOWER at term 12 for recognizeCandidate:3989452c-7599-4156-9543-3fe544ced0f3
2019-10-16 22:14:43,885 [grpc-default-executor-22] INFO  impl.RaftServerImpl (RaftServerImpl.java:setRole(184)) - eec99a0c-e1b1-4518-bc49-9d1a8c8e04d5@group-83CFD60236D8: changes role from  FOLLOWER to FOLLOWER at term 12 for recognizeCandidate:3989452c-7599-4156-9543-3fe544ced0f3
2019-10-16 22:14:43,886 [grpc-default-executor-24] INFO  impl.RoleInfo (RoleInfo.java:shutdownFollowerState(121)) - d9e6ea44-93db-446f-8020-a94232284285: shutdown FollowerState
2019-10-16 22:14:43,886 [3989452c-7599-4156-9543-3fe544ced0f3@group-83CFD60236D8-LeaderElection26] INFO  impl.LeaderElection (LeaderElection.java:logAndReturn(56)) - 3989452c-7599-4156-9543-3fe544ced0f3@group-83CFD60236D8-LeaderElection26: Election TIMEOUT; received 0 response(s) [] and 0 exception(s); 3989452c-7599-4156-9543-3fe544ced0f3@group-83CFD60236D8:t12, leader=null, voted=3989452c-7599-4156-9543-3fe544ced0f3, raftlog=3989452c-7599-4156-9543-3fe544ced0f3@group-83CFD60236D8-SegmentedRaftLog:OPENED:c-1,f-1,i0, conf=-1: [3989452c-7599-4156-9543-3fe544ced0f3:192.168.157.254:36320, eec99a0c-e1b1-4518-bc49-9d1a8c8e04d5:192.168.157.254:45598, d9e6ea44-93db-446f-8020-a94232284285:192.168.157.254:41671], old=null
2019-10-16 22:14:43,886 [Thread-1054] INFO  impl.FollowerState (FollowerState.java:run(117)) - d9e6ea44-93db-446f-8020-a94232284285@group-83CFD60236D8-FollowerState was interrupted: java.lang.InterruptedException: sleep interrupted
2019-10-16 22:14:43,886 [grpc-default-executor-22] INFO  impl.RoleInfo (RoleInfo.java:shutdownFollowerState(121)) - eec99a0c-e1b1-4518-bc49-9d1a8c8e04d5: shutdown FollowerState
2019-10-16 22:14:43,886 [grpc-default-executor-24] INFO  impl.RoleInfo (RoleInfo.java:updateAndGet(143)) - d9e6ea44-93db-446f-8020-a94232284285: start FollowerState
2019-10-16 22:14:43,888 [Thread-1053] INFO  impl.FollowerState (FollowerState.java:run(117)) - eec99a0c-e1b1-4518-bc49-9d1a8c8e04d5@group-83CFD60236D8-FollowerState was interrupted: java.lang.InterruptedException: sleep interrupted
2019-10-16 22:14:43,888 [grpc-default-executor-22] INFO  impl.RoleInfo (RoleInfo.java:updateAndGet(143)) - eec99a0c-e1b1-4518-bc49-9d1a8c8e04d5: start FollowerState
2019-10-16 22:14:43,914 [3989452c-7599-4156-9543-3fe544ced0f3@group-83CFD60236D8-LeaderElection26] INFO  impl.LeaderElection (LeaderElection.java:askForVotes(178)) - 3989452c-7599-4156-9543-3fe544ced0f3@group-83CFD60236D8-LeaderElection26: begin an election at term 13 for -1: [3989452c-7599-4156-9543-3fe544ced0f3:192.168.157.254:36320, eec99a0c-e1b1-4518-bc49-9d1a8c8e04d5:192.168.157.254:45598, d9e6ea44-93db-446f-8020-a94232284285:192.168.157.254:41671], old=null
2019-10-16 22:14:43,915 [grpc-default-executor-22] INFO  impl.RaftServerImpl (RaftServerImpl.java:setRole(184)) - eec99a0c-e1b1-4518-bc49-9d1a8c8e04d5@group-83CFD60236D8: changes role from  FOLLOWER to FOLLOWER at term 13 for recognizeCandidate:3989452c-7599-4156-9543-3fe544ced0f3
2019-10-16 22:14:43,915 [grpc-default-executor-22] INFO  impl.RoleInfo (RoleInfo.java:shutdownFollowerState(121)) - eec99a0c-e1b1-4518-bc49-9d1a8c8e04d5: shutdown FollowerState
2019-10-16 22:14:43,916 [grpc-default-executor-24] INFO  impl.RaftServerImpl (RaftServerImpl.java:setRole(184)) - d9e6ea44-93db-446f-8020-a94232284285@group-83CFD60236D8: changes role from  FOLLOWER to FOLLOWER at term 13 for recognizeCandidate:3989452c-7599-4156-9543-3fe544ced0f3
2019-10-16 22:14:43,916 [Thread-1060] INFO  impl.FollowerState (FollowerState.java:run(117)) - eec99a0c-e1b1-4518-bc49-9d1a8c8e04d5@group-83CFD60236D8-FollowerState was interrupted: java.lang.InterruptedException: sleep interrupted
2019-10-16 22:14:43,916 [grpc-default-executor-22] INFO  impl.RoleInfo (RoleInfo.java:updateAndGet(143)) - eec99a0c-e1b1-4518-bc49-9d1a8c8e04d5: start FollowerState
2019-10-16 22:14:43,916 [grpc-default-executor-24] INFO  impl.RoleInfo (RoleInfo.java:shutdownFollowerState(121)) - d9e6ea44-93db-446f-8020-a94232284285: shutdown FollowerState
2019-10-16 22:14:43,916 [grpc-default-executor-24] INFO  impl.RoleInfo (RoleInfo.java:updateAndGet(143)) - d9e6ea44-93db-446f-8020-a94232284285: start FollowerState
2019-10-16 22:14:43,916 [Thread-1059] INFO  impl.FollowerState (FollowerState.java:run(117)) - d9e6ea44-93db-446f-8020-a94232284285@group-83CFD60236D8-FollowerState was interrupted: java.lang.InterruptedException: sleep interrupted
2019-10-16 22:14:43,931 [3989452c-7599-4156-9543-3fe544ced0f3@group-83CFD60236D8-LeaderElection26] INFO  impl.LeaderElection (LeaderElection.java:logAndReturn(56)) - 3989452c-7599-4156-9543-3fe544ced0f3@group-83CFD60236D8-LeaderElection26: Election TIMEOUT; received 0 response(s) [] and 0 exception(s); 3989452c-7599-4156-9543-3fe544ced0f3@group-83CFD60236D8:t13, leader=null, voted=3989452c-7599-4156-9543-3fe544ced0f3, raftlog=3989452c-7599-4156-9543-3fe544ced0f3@group-83CFD60236D8-SegmentedRaftLog:OPENED:c-1,f-1,i0, conf=-1: [3989452c-7599-4156-9543-3fe544ced0f3:192.168.157.254:36320, eec99a0c-e1b1-4518-bc49-9d1a8c8e04d5:192.168.157.254:45598, d9e6ea44-93db-446f-8020-a94232284285:192.168.157.254:41671], old=null
2019-10-16 22:14:43,944 [3989452c-7599-4156-9543-3fe544ced0f3@group-83CFD60236D8-LeaderElection26] INFO  impl.LeaderElection (LeaderElection.java:askForVotes(178)) - 3989452c-7599-4156-9543-3fe544ced0f3@group-83CFD60236D8-LeaderElection26: begin an election at term 14 for -1: [3989452c-7599-4156-9543-3fe544ced0f3:192.168.157.254:36320, eec99a0c-e1b1-4518-bc49-9d1a8c8e04d5:192.168.157.254:45598, d9e6ea44-93db-446f-8020-a94232284285:192.168.157.254:41671], old=null
2019-10-16 22:14:43,946 [grpc-default-executor-22] INFO  impl.RaftServerImpl (RaftServerImpl.java:setRole(184)) - eec99a0c-e1b1-4518-bc49-9d1a8c8e04d5@group-83CFD60236D8: changes role from  FOLLOWER to FOLLOWER at term 14 for recognizeCandidate:3989452c-7599-4156-9543-3fe544ced0f3
2019-10-16 22:14:43,948 [grpc-default-executor-24] INFO  impl.RaftServerImpl (RaftServerImpl.java:setRole(184)) - d9e6ea44-93db-446f-8020-a94232284285@group-83CFD60236D8: changes role from  FOLLOWER to FOLLOWER at term 14 for recognizeCandidate:3989452c-7599-4156-9543-3fe544ced0f3
2019-10-16 22:14:43,948 [grpc-default-executor-22] INFO  impl.RoleInfo (RoleInfo.java:shutdownFollowerState(121)) - eec99a0c-e1b1-4518-bc49-9d1a8c8e04d5: shutdown FollowerState
2019-10-16 22:14:43,948 [grpc-default-executor-24] INFO  impl.RoleInfo (RoleInfo.java:shutdownFollowerState(121)) - d9e6ea44-93db-446f-8020-a94232284285: shutdown FollowerState
2019-10-16 22:14:43,949 [Thread-1063] INFO  impl.FollowerState (FollowerState.java:run(117)) - eec99a0c-e1b1-4518-bc49-9d1a8c8e04d5@group-83CFD60236D8-FollowerState was interrupted: java.lang.InterruptedException: sleep interrupted
2019-10-16 22:14:43,948 [grpc-default-executor-22] INFO  impl.RoleInfo (RoleInfo.java:updateAndGet(143)) - eec99a0c-e1b1-4518-bc49-9d1a8c8e04d5: start FollowerState
2019-10-16 22:14:43,949 [Thread-1064] INFO  impl.FollowerState (FollowerState.java:run(117)) - d9e6ea44-93db-446f-8020-a94232284285@group-83CFD60236D8-FollowerState was interrupted: java.lang.InterruptedException: sleep interrupted
2019-10-16 22:14:43,949 [grpc-default-executor-24] INFO  impl.RoleInfo (RoleInfo.java:updateAndGet(143)) - d9e6ea44-93db-446f-8020-a94232284285: start FollowerState
2019-10-16 22:14:43,954 [3989452c-7599-4156-9543-3fe544ced0f3@group-83CFD60236D8-LeaderElection26] INFO  impl.LeaderElection (LeaderElection.java:logAndReturn(56)) - 3989452c-7599-4156-9543-3fe544ced0f3@group-83CFD60236D8-LeaderElection26: Election REJECTED; received 2 response(s) [3989452c-7599-4156-9543-3fe544ced0f3<-eec99a0c-e1b1-4518-bc49-9d1a8c8e04d5#0:FAIL-t14, 3989452c-7599-4156-9543-3fe544ced0f3<-d9e6ea44-93db-446f-8020-a94232284285#0:FAIL-t14] and 0 exception(s); 3989452c-7599-4156-9543-3fe544ced0f3@group-83CFD60236D8:t14, leader=null, voted=3989452c-7599-4156-9543-3fe544ced0f3, raftlog=3989452c-7599-4156-9543-3fe544ced0f3@group-83CFD60236D8-SegmentedRaftLog:OPENED:c-1,f-1,i0, conf=-1: [3989452c-7599-4156-9543-3fe544ced0f3:192.168.157.254:36320, eec99a0c-e1b1-4518-bc49-9d1a8c8e04d5:192.168.157.254:45598, d9e6ea44-93db-446f-8020-a94232284285:192.168.157.254:41671], old=null
2019-10-16 22:14:43,954 [3989452c-7599-4156-9543-3fe544ced0f3@group-83CFD60236D8-LeaderElection26] INFO  impl.RaftServerImpl (RaftServerImpl.java:setRole(184)) - 3989452c-7599-4156-9543-3fe544ced0f3@group-83CFD60236D8: changes role from CANDIDATE to FOLLOWER at term 14 for DISCOVERED_A_NEW_TERM
2019-10-16 22:14:43,954 [3989452c-7599-4156-9543-3fe544ced0f3@group-83CFD60236D8-LeaderElection26] INFO  impl.RoleInfo (RoleInfo.java:shutdownLeaderElection(134)) - 3989452c-7599-4156-9543-3fe544ced0f3: shutdown LeaderElection
2019-10-16 22:14:43,954 [3989452c-7599-4156-9543-3fe544ced0f3@group-83CFD60236D8-LeaderElection26] INFO  impl.RoleInfo (RoleInfo.java:updateAndGet(143)) - 3989452c-7599-4156-9543-3fe544ced0f3: start FollowerState
 0.00% |?                                                                                                    |  0/1 Time: 0:06:002019-10-16 22:14:44,127 [Thread-1069] INFO  impl.FollowerState (FollowerState.java:run(108)) - 3989452c-7599-4156-9543-3fe544ced0f3@group-83CFD60236D8-FollowerState: change to CANDIDATE, lastRpcTime:172ms, electionTimeout:172ms
2019-10-16 22:14:44,129 [Thread-1069] INFO  impl.RoleInfo (RoleInfo.java:shutdownFollowerState(121)) - 3989452c-7599-4156-9543-3fe544ced0f3: shutdown FollowerState
2019-10-16 22:14:44,129 [Thread-1069] INFO  impl.RaftServerImpl (RaftServerImpl.java:setRole(184)) - 3989452c-7599-4156-9543-3fe544ced0f3@group-83CFD60236D8: changes role from  FOLLOWER to CANDIDATE at term 14 for changeToCandidate
2019-10-16 22:14:44,129 [Thread-1069] INFO  impl.RoleInfo (RoleInfo.java:updateAndGet(143)) - 3989452c-7599-4156-9543-3fe544ced0f3: start LeaderElection
2019-10-16 22:14:44,141 [3989452c-7599-4156-9543-3fe544ced0f3@group-83CFD60236D8-LeaderElection27] INFO  impl.LeaderElection (LeaderElection.java:askForVotes(178)) - 3989452c-7599-4156-9543-3fe544ced0f3@group-83CFD60236D8-LeaderElection27: begin an election at term 15 for -1: [3989452c-7599-4156-9543-3fe544ced0f3:192.168.157.254:36320, eec99a0c-e1b1-4518-bc49-9d1a8c8e04d5:192.168.157.254:45598, d9e6ea44-93db-446f-8020-a94232284285:192.168.157.254:41671], old=null
2019-10-16 22:14:44,144 [grpc-default-executor-24] INFO  impl.RaftServerImpl (RaftServerImpl.java:setRole(184)) - d9e6ea44-93db-446f-8020-a94232284285@group-83CFD60236D8: changes role from  FOLLOWER to FOLLOWER at term 15 for recognizeCandidate:3989452c-7599-4156-9543-3fe544ced0f3
2019-10-16 22:14:44,144 [grpc-default-executor-22] INFO  impl.RaftServerImpl (RaftServerImpl.java:setRole(184)) - eec99a0c-e1b1-4518-bc49-9d1a8c8e04d5@group-83CFD60236D8: changes role from  FOLLOWER to FOLLOWER at term 15 for recognizeCandidate:3989452c-7599-4156-9543-3fe544ced0f3
2019-10-16 22:14:44,144 [grpc-default-executor-24] INFO  impl.RoleInfo (RoleInfo.java:shutdownFollowerState(121)) - d9e6ea44-93db-446f-8020-a94232284285: shutdown FollowerState
2019-10-16 22:14:44,144 [grpc-default-executor-22] INFO  impl.RoleInfo (RoleInfo.java:shutdownFollowerState(121)) - eec99a0c-e1b1-4518-bc49-9d1a8c8e04d5: shutdown FollowerState
2019-10-16 22:14:44,145 [Thread-1068] INFO  impl.FollowerState (FollowerState.java:run(117)) - d9e6ea44-93db-446f-8020-a94232284285@group-83CFD60236D8-FollowerState was interrupted: java.lang.InterruptedException: sleep interrupted
2019-10-16 22:14:44,145 [grpc-default-executor-24] INFO  impl.RoleInfo (RoleInfo.java:updateAndGet(143)) - d9e6ea44-93db-446f-8020-a94232284285: start FollowerState
2019-10-16 22:14:44,145 [Thread-1067] INFO  impl.FollowerState (FollowerState.java:run(117)) - eec99a0c-e1b1-4518-bc49-9d1a8c8e04d5@group-83CFD60236D8-FollowerState was interrupted: java.lang.InterruptedException: sleep interrupted
2019-10-16 22:14:44,145 [grpc-default-executor-22] INFO  impl.RoleInfo (RoleInfo.java:updateAndGet(143)) - eec99a0c-e1b1-4518-bc49-9d1a8c8e04d5: start FollowerState
2019-10-16 22:14:44,157 [3989452c-7599-4156-9543-3fe544ced0f3@group-83CFD60236D8-LeaderElection27] INFO  impl.LeaderElection (LeaderElection.java:logAndReturn(56)) - 3989452c-7599-4156-9543-3fe544ced0f3@group-83CFD60236D8-LeaderElection27: Election REJECTED; received 2 response(s) [3989452c-7599-4156-9543-3fe544ced0f3<-eec99a0c-e1b1-4518-bc49-9d1a8c8e04d5#0:FAIL-t15, 3989452c-7599-4156-9543-3fe544ced0f3<-d9e6ea44-93db-446f-8020-a94232284285#0:FAIL-t15] and 0 exception(s); 3989452c-7599-4156-9543-3fe544ced0f3@group-83CFD60236D8:t15, leader=null, voted=3989452c-7599-4156-9543-3fe544ced0f3, raftlog=3989452c-7599-4156-9543-3fe544ced0f3@group-83CFD60236D8-SegmentedRaftLog:OPENED:c-1,f-1,i0, conf=-1: [3989452c-7599-4156-9543-3fe544ced0f3:192.168.157.254:36320, eec99a0c-e1b1-4518-bc49-9d1a8c8e04d5:192.168.157.254:45598, d9e6ea44-93db-446f-8020-a94232284285:192.168.157.254:41671], old=null
2019-10-16 22:14:44,157 [3989452c-7599-4156-9543-3fe544ced0f3@group-83CFD60236D8-LeaderElection27] INFO  impl.RaftServerImpl (RaftServerImpl.java:setRole(184)) - 3989452c-7599-4156-9543-3fe544ced0f3@group-83CFD60236D8: changes role from CANDIDATE to FOLLOWER at term 15 for DISCOVERED_A_NEW_TERM
2019-10-16 22:14:44,157 [3989452c-7599-4156-9543-3fe544ced0f3@group-83CFD60236D8-LeaderElection27] INFO  impl.RoleInfo (RoleInfo.java:shutdownLeaderElection(134)) - 3989452c-7599-4156-9543-3fe544ced0f3: shutdown LeaderElection
2019-10-16 22:14:44,157 [3989452c-7599-4156-9543-3fe544ced0f3@group-83CFD60236D8-LeaderElection27] INFO  impl.RoleInfo (RoleInfo.java:updateAndGet(143)) - 3989452c-7599-4156-9543-3fe544ced0f3: start FollowerState
2019-10-16 22:14:44,325 [Thread-1075] INFO  impl.FollowerState (FollowerState.java:run(108)) - 3989452c-7599-4156-9543-3fe544ced0f3@group-83CFD60236D8-FollowerState: change to CANDIDATE, lastRpcTime:167ms, electionTimeout:167ms
2019-10-16 22:14:44,329 [Thread-1075] INFO  impl.RoleInfo (RoleInfo.java:shutdownFollowerState(121)) - 3989452c-7599-4156-9543-3fe544ced0f3: shutdown FollowerState
2019-10-16 22:14:44,329 [Thread-1075] INFO  impl.RaftServerImpl (RaftServerImpl.java:setRole(184)) - 3989452c-7599-4156-9543-3fe544ced0f3@group-83CFD60236D8: changes role from  FOLLOWER to CANDIDATE at term 15 for changeToCandidate
2019-10-16 22:14:44,329 [Thread-1075] INFO  impl.RoleInfo (RoleInfo.java:updateAndGet(143)) - 3989452c-7599-4156-9543-3fe544ced0f3: start LeaderElection
2019-10-16 22:14:44,344 [3989452c-7599-4156-9543-3fe544ced0f3@group-83CFD60236D8-LeaderElection28] INFO  impl.LeaderElection (LeaderElection.java:askForVotes(178)) - 3989452c-7599-4156-9543-3fe544ced0f3@group-83CFD60236D8-LeaderElection28: begin an election at term 16 for -1: [3989452c-7599-4156-9543-3fe544ced0f3:192.168.157.254:36320, eec99a0c-e1b1-4518-bc49-9d1a8c8e04d5:192.168.157.254:45598, d9e6ea44-93db-446f-8020-a94232284285:192.168.157.254:41671], old=null
2019-10-16 22:14:44,348 [grpc-default-executor-22] INFO  impl.RaftServerImpl (RaftServerImpl.java:setRole(184)) - eec99a0c-e1b1-4518-bc49-9d1a8c8e04d5@group-83CFD60236D8: changes role from  FOLLOWER to FOLLOWER at term 16 for recognizeCandidate:3989452c-7599-4156-9543-3fe544ced0f3
2019-10-16 22:14:44,348 [grpc-default-executor-24] INFO  impl.RaftServerImpl (RaftServerImpl.java:setRole(184)) - d9e6ea44-93db-446f-8020-a94232284285@group-83CFD60236D8: changes role from  FOLLOWER to FOLLOWER at term 16 for recognizeCandidate:3989452c-7599-4156-9543-3fe544ced0f3
2019-10-16 22:14:44,348 [grpc-default-executor-22] INFO  impl.RoleInfo (RoleInfo.java:shutdownFollowerState(121)) - eec99a0c-e1b1-4518-bc49-9d1a8c8e04d5: shutdown FollowerState
2019-10-16 22:14:44,348 [grpc-default-executor-24] INFO  impl.RoleInfo (RoleInfo.java:shutdownFollowerState(121)) - d9e6ea44-93db-446f-8020-a94232284285: shutdown FollowerState
2019-10-16 22:14:44,348 [grpc-default-executor-22] INFO  impl.RoleInfo (RoleInfo.java:updateAndGet(143)) - eec99a0c-e1b1-4518-bc49-9d1a8c8e04d5: start FollowerState
2019-10-16 22:14:44,349 [Thread-1073] INFO  impl.FollowerState (FollowerState.java:run(117)) - d9e6ea44-93db-446f-8020-a94232284285@group-83CFD60236D8-FollowerState was interrupted: java.lang.InterruptedException: sleep interrupted
2019-10-16 22:14:44,349 [grpc-default-executor-24] INFO  impl.RoleInfo (RoleInfo.java:updateAndGet(143)) - d9e6ea44-93db-446f-8020-a94232284285: start FollowerState
2019-10-16 22:14:44,349 [Thread-1074] INFO  impl.FollowerState (FollowerState.java:run(117)) - eec99a0c-e1b1-4518-bc49-9d1a8c8e04d5@group-83CFD60236D8-FollowerState was interrupted: java.lang.InterruptedException: sleep interrupted
2019-10-16 22:14:44,364 [3989452c-7599-4156-9543-3fe544ced0f3@group-83CFD60236D8-LeaderElection28] INFO  impl.LeaderElection (LeaderElection.java:logAndReturn(56)) - 3989452c-7599-4156-9543-3fe544ced0f3@group-83CFD60236D8-LeaderElection28: Election REJECTED; received 2 response(s) [3989452c-7599-4156-9543-3fe544ced0f3<-eec99a0c-e1b1-4518-bc49-9d1a8c8e04d5#0:FAIL-t16, 3989452c-7599-4156-9543-3fe544ced0f3<-d9e6ea44-93db-446f-8020-a94232284285#0:FAIL-t16] and 0 exception(s); 3989452c-7599-4156-9543-3fe544ced0f3@group-83CFD60236D8:t16, leader=null, voted=3989452c-7599-4156-9543-3fe544ced0f3, raftlog=3989452c-7599-4156-9543-3fe544ced0f3@group-83CFD60236D8-SegmentedRaftLog:OPENED:c-1,f-1,i0, conf=-1: [3989452c-7599-4156-9543-3fe544ced0f3:192.168.157.254:36320, eec99a0c-e1b1-4518-bc49-9d1a8c8e04d5:192.168.157.254:45598, d9e6ea44-93db-446f-8020-a94232284285:192.168.157.254:41671], old=null
2019-10-16 22:14:44,364 [3989452c-7599-4156-9543-3fe544ced0f3@group-83CFD60236D8-LeaderElection28] INFO  impl.RaftServerImpl (RaftServerImpl.java:setRole(184)) - 3989452c-7599-4156-9543-3fe544ced0f3@group-83CFD60236D8: changes role from CANDIDATE to FOLLOWER at term 16 for DISCOVERED_A_NEW_TERM
2019-10-16 22:14:44,364 [3989452c-7599-4156-9543-3fe544ced0f3@group-83CFD60236D8-LeaderElection28] INFO  impl.RoleInfo (RoleInfo.java:shutdownLeaderElection(134)) - 3989452c-7599-4156-9543-3fe544ced0f3: shutdown LeaderElection
2019-10-16 22:14:44,364 [3989452c-7599-4156-9543-3fe544ced0f3@group-83CFD60236D8-LeaderElection28] INFO  impl.RoleInfo (RoleInfo.java:updateAndGet(143)) - 3989452c-7599-4156-9543-3fe544ced0f3: start FollowerState
2019-10-16 22:14:44,530 [Thread-1083] INFO  impl.FollowerState (FollowerState.java:run(108)) - 3989452c-7599-4156-9543-3fe544ced0f3@group-83CFD60236D8-FollowerState: change to CANDIDATE, lastRpcTime:166ms, electionTimeout:166ms
2019-10-16 22:14:44,534 [Thread-1083] INFO  impl.RoleInfo (RoleInfo.java:shutdownFollowerState(121)) - 3989452c-7599-4156-9543-3fe544ced0f3: shutdown FollowerState
2019-10-16 22:14:44,534 [Thread-1083] INFO  impl.RaftServerImpl (RaftServerImpl.java:setRole(184)) - 3989452c-7599-4156-9543-3fe544ced0f3@group-83CFD60236D8: changes role from  FOLLOWER to CANDIDATE at term 16 for changeToCandidate
2019-10-16 22:14:44,535 [Thread-1083] INFO  impl.RoleInfo (RoleInfo.java:updateAndGet(143)) - 3989452c-7599-4156-9543-3fe544ced0f3: start LeaderElection
2019-10-16 22:14:44,560 [3989452c-7599-4156-9543-3fe544ced0f3@group-83CFD60236D8-LeaderElection29] INFO  impl.LeaderElection (LeaderElection.java:askForVotes(178)) - 3989452c-7599-4156-9543-3fe544ced0f3@group-83CFD60236D8-LeaderElection29: begin an election at term 17 for -1: [3989452c-7599-4156-9543-3fe544ced0f3:192.168.157.254:36320, eec99a0c-e1b1-4518-bc49-9d1a8c8e04d5:192.168.157.254:45598, d9e6ea44-93db-446f-8020-a94232284285:192.168.157.254:41671], old=null
2019-10-16 22:14:44,563 [grpc-default-executor-24] INFO  impl.RaftServerImpl (RaftServerImpl.java:setRole(184)) - eec99a0c-e1b1-4518-bc49-9d1a8c8e04d5@group-83CFD60236D8: changes role from  FOLLOWER to FOLLOWER at term 17 for recognizeCandidate:3989452c-7599-4156-9543-3fe544ced0f3
2019-10-16 22:14:44,564 [grpc-default-executor-24] INFO  impl.RoleInfo (RoleInfo.java:shutdownFollowerState(121)) - eec99a0c-e1b1-4518-bc49-9d1a8c8e04d5: shutdown FollowerState
2019-10-16 22:14:44,564 [grpc-default-executor-24] INFO  impl.RoleInfo (RoleInfo.java:updateAndGet(143)) - eec99a0c-e1b1-4518-bc49-9d1a8c8e04d5: start FollowerState
2019-10-16 22:14:44,564 [Thread-1081] INFO  impl.FollowerState (FollowerState.java:run(117)) - eec99a0c-e1b1-4518-bc49-9d1a8c8e04d5@group-83CFD60236D8-FollowerState was interrupted: java.lang.InterruptedException: sleep interrupted
2019-10-16 22:14:44,564 [grpc-default-executor-22] INFO  impl.RaftServerImpl (RaftServerImpl.java:setRole(184)) - d9e6ea44-93db-446f-8020-a94232284285@group-83CFD60236D8: changes role from  FOLLOWER to FOLLOWER at term 17 for recognizeCandidate:3989452c-7599-4156-9543-3fe544ced0f3
2019-10-16 22:14:44,564 [grpc-default-executor-22] INFO  impl.RoleInfo (RoleInfo.java:shutdownFollowerState(121)) - d9e6ea44-93db-446f-8020-a94232284285: shutdown FollowerState
2019-10-16 22:14:44,564 [grpc-default-executor-22] INFO  impl.RoleInfo (RoleInfo.java:updateAndGet(143)) - d9e6ea44-93db-446f-8020-a94232284285: start FollowerState
2019-10-16 22:14:44,565 [Thread-1082] INFO  impl.FollowerState (FollowerState.java:run(117)) - d9e6ea44-93db-446f-8020-a94232284285@group-83CFD60236D8-FollowerState was interrupted: java.lang.InterruptedException: sleep interrupted
2019-10-16 22:14:44,580 [3989452c-7599-4156-9543-3fe544ced0f3@group-83CFD60236D8-LeaderElection29] INFO  impl.LeaderElection (LeaderElection.java:logAndReturn(56)) - 3989452c-7599-4156-9543-3fe544ced0f3@group-83CFD60236D8-LeaderElection29: Election REJECTED; received 2 response(s) [3989452c-7599-4156-9543-3fe544ced0f3<-eec99a0c-e1b1-4518-bc49-9d1a8c8e04d5#0:FAIL-t17, 3989452c-7599-4156-9543-3fe544ced0f3<-d9e6ea44-93db-446f-8020-a94232284285#0:FAIL-t17] and 0 exception(s); 3989452c-7599-4156-9543-3fe544ced0f3@group-83CFD60236D8:t17, leader=null, voted=3989452c-7599-4156-9543-3fe544ced0f3, raftlog=3989452c-7599-4156-9543-3fe544ced0f3@group-83CFD60236D8-SegmentedRaftLog:OPENED:c-1,f-1,i0, conf=-1: [3989452c-7599-4156-9543-3fe544ced0f3:192.168.157.254:36320, eec99a0c-e1b1-4518-bc49-9d1a8c8e04d5:192.168.157.254:45598, d9e6ea44-93db-446f-8020-a94232284285:192.168.157.254:41671], old=null
2019-10-16 22:14:44,580 [3989452c-7599-4156-9543-3fe544ced0f3@group-83CFD60236D8-LeaderElection29] INFO  impl.RaftServerImpl (RaftServerImpl.java:setRole(184)) - 3989452c-7599-4156-9543-3fe544ced0f3@group-83CFD60236D8: changes role from CANDIDATE to FOLLOWER at term 17 for DISCOVERED_A_NEW_TERM
2019-10-16 22:14:44,580 [3989452c-7599-4156-9543-3fe544ced0f3@group-83CFD60236D8-LeaderElection29] INFO  impl.RoleInfo (RoleInfo.java:shutdownLeaderElection(134)) - 3989452c-7599-4156-9543-3fe544ced0f3: shutdown LeaderElection
2019-10-16 22:14:44,581 [3989452c-7599-4156-9543-3fe544ced0f3@group-83CFD60236D8-LeaderElection29] INFO  impl.RoleInfo (RoleInfo.java:updateAndGet(143)) - 3989452c-7599-4156-9543-3fe544ced0f3: start FollowerState
2019-10-16 22:14:44,693 [Thread-1089] INFO  impl.FollowerState (FollowerState.java:run(108)) - 3989452c-7599-4156-9543-3fe544ced0f3@group-83CFD60236D8-FollowerState: change to CANDIDATE, lastRpcTime:112ms, electionTimeout:112ms
2019-10-16 22:14:44,697 [Thread-1089] INFO  impl.RoleInfo (RoleInfo.java:shutdownFollowerState(121)) - 3989452c-7599-4156-9543-3fe544ced0f3: shutdown FollowerState
2019-10-16 22:14:44,697 [Thread-1089] INFO  impl.RaftServerImpl (RaftServerImpl.java:setRole(184)) - 3989452c-7599-4156-9543-3fe544ced0f3@group-83CFD60236D8: changes role from  FOLLOWER to CANDIDATE at term 17 for changeToCandidate
2019-10-16 22:14:44,697 [Thread-1089] INFO  impl.RoleInfo (RoleInfo.java:updateAndGet(143)) - 3989452c-7599-4156-9543-3fe544ced0f3: start LeaderElection
2019-10-16 22:14:44,722 [3989452c-7599-4156-9543-3fe544ced0f3@group-83CFD60236D8-LeaderElection30] INFO  impl.LeaderElection (LeaderElection.java:askForVotes(178)) - 3989452c-7599-4156-9543-3fe544ced0f3@group-83CFD60236D8-LeaderElection30: begin an election at term 18 for -1: [3989452c-7599-4156-9543-3fe544ced0f3:192.168.157.254:36320, eec99a0c-e1b1-4518-bc49-9d1a8c8e04d5:192.168.157.254:45598, d9e6ea44-93db-446f-8020-a94232284285:192.168.157.254:41671], old=null
2019-10-16 22:14:44,725 [grpc-default-executor-24] INFO  impl.RaftServerImpl (RaftServerImpl.java:setRole(184)) - eec99a0c-e1b1-4518-bc49-9d1a8c8e04d5@group-83CFD60236D8: changes role from  FOLLOWER to FOLLOWER at term 18 for recognizeCandidate:3989452c-7599-4156-9543-3fe544ced0f3
2019-10-16 22:14:44,725 [grpc-default-executor-22] INFO  impl.RaftServerImpl (RaftServerImpl.java:setRole(184)) - d9e6ea44-93db-446f-8020-a94232284285@group-83CFD60236D8: changes role from  FOLLOWER to FOLLOWER at term 18 for recognizeCandidate:3989452c-7599-4156-9543-3fe544ced0f3
2019-10-16 22:14:44,725 [grpc-default-executor-24] INFO  impl.RoleInfo (RoleInfo.java:shutdownFollowerState(121)) - eec99a0c-e1b1-4518-bc49-9d1a8c8e04d5: shutdown FollowerState
2019-10-16 22:14:44,725 [grpc-default-executor-22] INFO  impl.RoleInfo (RoleInfo.java:shutdownFollowerState(121)) - d9e6ea44-93db-446f-8020-a94232284285: shutdown FollowerState
2019-10-16 22:14:44,733 [grpc-default-executor-24] INFO  impl.RoleInfo (RoleInfo.java:updateAndGet(143)) - eec99a0c-e1b1-4518-bc49-9d1a8c8e04d5: start FollowerState
2019-10-16 22:14:44,734 [Thread-1087] INFO  impl.FollowerState (FollowerState.java:run(117)) - eec99a0c-e1b1-4518-bc49-9d1a8c8e04d5@group-83CFD60236D8-FollowerState was interrupted: java.lang.InterruptedException: sleep interrupted
2019-10-16 22:14:44,733 [Thread-1088] INFO  impl.FollowerState (FollowerState.java:run(117)) - d9e6ea44-93db-446f-8020-a94232284285@group-83CFD60236D8-FollowerState was interrupted: java.lang.InterruptedException: sleep interrupted
2019-10-16 22:14:44,733 [grpc-default-executor-22] INFO  impl.RoleInfo (RoleInfo.java:updateAndGet(143)) - d9e6ea44-93db-446f-8020-a94232284285: start FollowerState
2019-10-16 22:14:44,748 [3989452c-7599-4156-9543-3fe544ced0f3@group-83CFD60236D8-LeaderElection30] INFO  impl.LeaderElection (LeaderElection.java:logAndReturn(56)) - 3989452c-7599-4156-9543-3fe544ced0f3@group-83CFD60236D8-LeaderElection30: Election REJECTED; received 2 response(s) [3989452c-7599-4156-9543-3fe544ced0f3<-eec99a0c-e1b1-4518-bc49-9d1a8c8e04d5#0:FAIL-t18, 3989452c-7599-4156-9543-3fe544ced0f3<-d9e6ea44-93db-446f-8020-a94232284285#0:FAIL-t18] and 0 exception(s); 3989452c-7599-4156-9543-3fe544ced0f3@group-83CFD60236D8:t18, leader=null, voted=3989452c-7599-4156-9543-3fe544ced0f3, raftlog=3989452c-7599-4156-9543-3fe544ced0f3@group-83CFD60236D8-SegmentedRaftLog:OPENED:c-1,f-1,i0, conf=-1: [3989452c-7599-4156-9543-3fe544ced0f3:192.168.157.254:36320, eec99a0c-e1b1-4518-bc49-9d1a8c8e04d5:192.168.157.254:45598, d9e6ea44-93db-446f-8020-a94232284285:192.168.157.254:41671], old=null
2019-10-16 22:14:44,748 [3989452c-7599-4156-9543-3fe544ced0f3@group-83CFD60236D8-LeaderElection30] INFO  impl.RaftServerImpl (RaftServerImpl.java:setRole(184)) - 3989452c-7599-4156-9543-3fe544ced0f3@group-83CFD60236D8: changes role from CANDIDATE to FOLLOWER at term 18 for DISCOVERED_A_NEW_TERM
2019-10-16 22:14:44,748 [3989452c-7599-4156-9543-3fe544ced0f3@group-83CFD60236D8-LeaderElection30] INFO  impl.RoleInfo (RoleInfo.java:shutdownLeaderElection(134)) - 3989452c-7599-4156-9543-3fe544ced0f3: shutdown LeaderElection
2019-10-16 22:14:44,749 [3989452c-7599-4156-9543-3fe544ced0f3@group-83CFD60236D8-LeaderElection30] INFO  impl.RoleInfo (RoleInfo.java:updateAndGet(143)) - 3989452c-7599-4156-9543-3fe544ced0f3: start FollowerState
2019-10-16 22:14:44,786 [Thread-1095] INFO  impl.FollowerState (FollowerState.java:run(108)) - 3989452c-7599-4156-9543-3fe544ced0f3@group-83CFD60236D8-FollowerState: change to CANDIDATE, lastRpcTime:37ms, electionTimeout:36ms
2019-10-16 22:14:44,790 [Thread-1095] INFO  impl.RoleInfo (RoleInfo.java:shutdownFollowerState(121)) - 3989452c-7599-4156-9543-3fe544ced0f3: shutdown FollowerState
2019-10-16 22:14:44,791 [Thread-1095] INFO  impl.RaftServerImpl (RaftServerImpl.java:setRole(184)) - 3989452c-7599-4156-9543-3fe544ced0f3@group-83CFD60236D8: changes role from  FOLLOWER to CANDIDATE at term 18 for changeToCandidate
2019-10-16 22:14:44,791 [Thread-1095] INFO  impl.RoleInfo (RoleInfo.java:updateAndGet(143)) - 3989452c-7599-4156-9543-3fe544ced0f3: start LeaderElection
2019-10-16 22:14:44,806 [3989452c-7599-4156-9543-3fe544ced0f3@group-83CFD60236D8-LeaderElection31] INFO  impl.LeaderElection (LeaderElection.java:askForVotes(178)) - 3989452c-7599-4156-9543-3fe544ced0f3@group-83CFD60236D8-LeaderElection31: begin an election at term 19 for -1: [3989452c-7599-4156-9543-3fe544ced0f3:192.168.157.254:36320, eec99a0c-e1b1-4518-bc49-9d1a8c8e04d5:192.168.157.254:45598, d9e6ea44-93db-446f-8020-a94232284285:192.168.157.254:41671], old=null
2019-10-16 22:14:44,808 [grpc-default-executor-22] INFO  impl.RaftServerImpl (RaftServerImpl.java:setRole(184)) - eec99a0c-e1b1-4518-bc49-9d1a8c8e04d5@group-83CFD60236D8: changes role from  FOLLOWER to FOLLOWER at term 19 for recognizeCandidate:3989452c-7599-4156-9543-3fe544ced0f3
2019-10-16 22:14:44,808 [grpc-default-executor-24] INFO  impl.RaftServerImpl (RaftServerImpl.java:setRole(184)) - d9e6ea44-93db-446f-8020-a94232284285@group-83CFD60236D8: changes role from  FOLLOWER to FOLLOWER at term 19 for recognizeCandidate:3989452c-7599-4156-9543-3fe544ced0f3
2019-10-16 22:14:44,809 [grpc-default-executor-22] INFO  impl.RoleInfo (RoleInfo.java:shutdownFollowerState(121)) - eec99a0c-e1b1-4518-bc49-9d1a8c8e04d5: shutdown FollowerState
2019-10-16 22:14:44,809 [grpc-default-executor-24] INFO  impl.RoleInfo (RoleInfo.java:shutdownFollowerState(121)) - d9e6ea44-93db-446f-8020-a94232284285: shutdown FollowerState
2019-10-16 22:14:44,809 [Thread-1094] INFO  impl.FollowerState (FollowerState.java:run(117)) - eec99a0c-e1b1-4518-bc49-9d1a8c8e04d5@group-83CFD60236D8-FollowerState was interrupted: java.lang.InterruptedException: sleep interrupted
2019-10-16 22:14:44,809 [grpc-default-executor-22] INFO  impl.RoleInfo (RoleInfo.java:updateAndGet(143)) - eec99a0c-e1b1-4518-bc49-9d1a8c8e04d5: start FollowerState
2019-10-16 22:14:44,809 [grpc-default-executor-24] INFO  impl.RoleInfo (RoleInfo.java:updateAndGet(143)) - d9e6ea44-93db-446f-8020-a94232284285: start FollowerState
2019-10-16 22:14:44,809 [Thread-1093] INFO  impl.FollowerState (FollowerState.java:run(117)) - d9e6ea44-93db-446f-8020-a94232284285@group-83CFD60236D8-FollowerState was interrupted: java.lang.InterruptedException: sleep interrupted
2019-10-16 22:14:44,836 [3989452c-7599-4156-9543-3fe544ced0f3@group-83CFD60236D8-LeaderElection31] INFO  impl.LeaderElection (LeaderElection.java:logAndReturn(56)) - 3989452c-7599-4156-9543-3fe544ced0f3@group-83CFD60236D8-LeaderElection31: Election REJECTED; received 2 response(s) [3989452c-7599-4156-9543-3fe544ced0f3<-eec99a0c-e1b1-4518-bc49-9d1a8c8e04d5#0:FAIL-t19, 3989452c-7599-4156-9543-3fe544ced0f3<-d9e6ea44-93db-446f-8020-a94232284285#0:FAIL-t19] and 0 exception(s); 3989452c-7599-4156-9543-3fe544ced0f3@group-83CFD60236D8:t19, leader=null, voted=3989452c-7599-4156-9543-3fe544ced0f3, raftlog=3989452c-7599-4156-9543-3fe544ced0f3@group-83CFD60236D8-SegmentedRaftLog:OPENED:c-1,f-1,i0, conf=-1: [3989452c-7599-4156-9543-3fe544ced0f3:192.168.157.254:36320, eec99a0c-e1b1-4518-bc49-9d1a8c8e04d5:192.168.157.254:45598, d9e6ea44-93db-446f-8020-a94232284285:192.168.157.254:41671], old=null
2019-10-16 22:14:44,836 [3989452c-7599-4156-9543-3fe544ced0f3@group-83CFD60236D8-LeaderElection31] INFO  impl.RaftServerImpl (RaftServerImpl.java:setRole(184)) - 3989452c-7599-4156-9543-3fe544ced0f3@group-83CFD60236D8: changes role from CANDIDATE to FOLLOWER at term 19 for DISCOVERED_A_NEW_TERM
2019-10-16 22:14:44,836 [3989452c-7599-4156-9543-3fe544ced0f3@group-83CFD60236D8-LeaderElection31] INFO  impl.RoleInfo (RoleInfo.java:shutdownLeaderElection(134)) - 3989452c-7599-4156-9543-3fe544ced0f3: shutdown LeaderElection
2019-10-16 22:14:44,836 [3989452c-7599-4156-9543-3fe544ced0f3@group-83CFD60236D8-LeaderElection31] INFO  impl.RoleInfo (RoleInfo.java:updateAndGet(143)) - 3989452c-7599-4156-9543-3fe544ced0f3: start FollowerState
2019-10-16 22:14:44,899 [Thread-1101] INFO  impl.FollowerState (FollowerState.java:run(108)) - 3989452c-7599-4156-9543-3fe544ced0f3@group-83CFD60236D8-FollowerState: change to CANDIDATE, lastRpcTime:62ms, electionTimeout:62ms
2019-10-16 22:14:44,901 [Thread-1101] INFO  impl.RoleInfo (RoleInfo.java:shutdownFollowerState(121)) - 3989452c-7599-4156-9543-3fe544ced0f3: shutdown FollowerState
2019-10-16 22:14:44,901 [Thread-1101] INFO  impl.RaftServerImpl (RaftServerImpl.java:setRole(184)) - 3989452c-7599-4156-9543-3fe544ced0f3@group-83CFD60236D8: changes role from  FOLLOWER to CANDIDATE at term 19 for changeToCandidate
2019-10-16 22:14:44,901 [Thread-1101] INFO  impl.RoleInfo (RoleInfo.java:updateAndGet(143)) - 3989452c-7599-4156-9543-3fe544ced0f3: start LeaderElection
2019-10-16 22:14:44,927 [3989452c-7599-4156-9543-3fe544ced0f3@group-83CFD60236D8-LeaderElection32] INFO  impl.LeaderElection (LeaderElection.java:askForVotes(178)) - 3989452c-7599-4156-9543-3fe544ced0f3@group-83CFD60236D8-LeaderElection32: begin an election at term 20 for -1: [3989452c-7599-4156-9543-3fe544ced0f3:192.168.157.254:36320, eec99a0c-e1b1-4518-bc49-9d1a8c8e04d5:192.168.157.254:45598, d9e6ea44-93db-446f-8020-a94232284285:192.168.157.254:41671], old=null
2019-10-16 22:14:44,930 [grpc-default-executor-24] INFO  impl.RaftServerImpl (RaftServerImpl.java:setRole(184)) - eec99a0c-e1b1-4518-bc49-9d1a8c8e04d5@group-83CFD60236D8: changes role from  FOLLOWER to FOLLOWER at term 20 for recognizeCandidate:3989452c-7599-4156-9543-3fe544ced0f3
2019-10-16 22:14:44,930 [grpc-default-executor-24] INFO  impl.RoleInfo (RoleInfo.java:shutdownFollowerState(121)) - eec99a0c-e1b1-4518-bc49-9d1a8c8e04d5: shutdown FollowerState
2019-10-16 22:14:44,930 [grpc-default-executor-24] INFO  impl.RoleInfo (RoleInfo.java:updateAndGet(143)) - eec99a0c-e1b1-4518-bc49-9d1a8c8e04d5: start FollowerState
2019-10-16 22:14:44,930 [Thread-1099] INFO  impl.FollowerState (FollowerState.java:run(117)) - eec99a0c-e1b1-4518-bc49-9d1a8c8e04d5@group-83CFD60236D8-FollowerState was interrupted: java.lang.InterruptedException: sleep interrupted
2019-10-16 22:14:44,930 [grpc-default-executor-22] INFO  impl.RaftServerImpl (RaftServerImpl.java:setRole(184)) - d9e6ea44-93db-446f-8020-a94232284285@group-83CFD60236D8: changes role from  FOLLOWER to FOLLOWER at term 20 for recognizeCandidate:3989452c-7599-4156-9543-3fe544ced0f3
2019-10-16 22:14:44,931 [grpc-default-executor-22] INFO  impl.RoleInfo (RoleInfo.java:shutdownFollowerState(121)) - d9e6ea44-93db-446f-8020-a94232284285: shutdown FollowerState
2019-10-16 22:14:44,931 [grpc-default-executor-22] INFO  impl.RoleInfo (RoleInfo.java:updateAndGet(143)) - d9e6ea44-93db-446f-8020-a94232284285: start FollowerState
2019-10-16 22:14:44,931 [Thread-1100] INFO  impl.FollowerState (FollowerState.java:run(117)) - d9e6ea44-93db-446f-8020-a94232284285@group-83CFD60236D8-FollowerState was interrupted: java.lang.InterruptedException: sleep interrupted
2019-10-16 22:14:44,956 [3989452c-7599-4156-9543-3fe544ced0f3@group-83CFD60236D8-LeaderElection32] INFO  impl.LeaderElection (LeaderElection.java:logAndReturn(56)) - 3989452c-7599-4156-9543-3fe544ced0f3@group-83CFD60236D8-LeaderElection32: Election REJECTED; received 2 response(s) [3989452c-7599-4156-9543-3fe544ced0f3<-eec99a0c-e1b1-4518-bc49-9d1a8c8e04d5#0:FAIL-t20, 3989452c-7599-4156-9543-3fe544ced0f3<-d9e6ea44-93db-446f-8020-a94232284285#0:FAIL-t20] and 0 exception(s); 3989452c-7599-4156-9543-3fe544ced0f3@group-83CFD60236D8:t20, leader=null, voted=3989452c-7599-4156-9543-3fe544ced0f3, raftlog=3989452c-7599-4156-9543-3fe544ced0f3@group-83CFD60236D8-SegmentedRaftLog:OPENED:c-1,f-1,i0, conf=-1: [3989452c-7599-4156-9543-3fe544ced0f3:192.168.157.254:36320, eec99a0c-e1b1-4518-bc49-9d1a8c8e04d5:192.168.157.254:45598, d9e6ea44-93db-446f-8020-a94232284285:192.168.157.254:41671], old=null
2019-10-16 22:14:44,957 [3989452c-7599-4156-9543-3fe544ced0f3@group-83CFD60236D8-LeaderElection32] INFO  impl.RaftServerImpl (RaftServerImpl.java:setRole(184)) - 3989452c-7599-4156-9543-3fe544ced0f3@group-83CFD60236D8: changes role from CANDIDATE to FOLLOWER at term 20 for DISCOVERED_A_NEW_TERM
2019-10-16 22:14:44,957 [3989452c-7599-4156-9543-3fe544ced0f3@group-83CFD60236D8-LeaderElection32] INFO  impl.RoleInfo (RoleInfo.java:shutdownLeaderElection(134)) - 3989452c-7599-4156-9543-3fe544ced0f3: shutdown LeaderElection
2019-10-16 22:14:44,957 [3989452c-7599-4156-9543-3fe544ced0f3@group-83CFD60236D8-LeaderElection32] INFO  impl.RoleInfo (RoleInfo.java:updateAndGet(143)) - 3989452c-7599-4156-9543-3fe544ced0f3: start FollowerState
 0.00% |?                                                                                                    |  0/1 Time: 0:06:012019-10-16 22:14:45,064 [Thread-1107] INFO  impl.FollowerState (FollowerState.java:run(108)) - 3989452c-7599-4156-9543-3fe544ced0f3@group-83CFD60236D8-FollowerState: change to CANDIDATE, lastRpcTime:106ms, electionTimeout:106ms
2019-10-16 22:14:45,066 [Thread-1107] INFO  impl.RoleInfo (RoleInfo.java:shutdownFollowerState(121)) - 3989452c-7599-4156-9543-3fe544ced0f3: shutdown FollowerState
2019-10-16 22:14:45,066 [Thread-1107] INFO  impl.RaftServerImpl (RaftServerImpl.java:setRole(184)) - 3989452c-7599-4156-9543-3fe544ced0f3@group-83CFD60236D8: changes role from  FOLLOWER to CANDIDATE at term 20 for changeToCandidate
2019-10-16 22:14:45,066 [Thread-1107] INFO  impl.RoleInfo (RoleInfo.java:updateAndGet(143)) - 3989452c-7599-4156-9543-3fe544ced0f3: start LeaderElection
2019-10-16 22:14:45,080 [3989452c-7599-4156-9543-3fe544ced0f3@group-83CFD60236D8-LeaderElection33] INFO  impl.LeaderElection (LeaderElection.java:askForVotes(178)) - 3989452c-7599-4156-9543-3fe544ced0f3@group-83CFD60236D8-LeaderElection33: begin an election at term 21 for -1: [3989452c-7599-4156-9543-3fe544ced0f3:192.168.157.254:36320, eec99a0c-e1b1-4518-bc49-9d1a8c8e04d5:192.168.157.254:45598, d9e6ea44-93db-446f-8020-a94232284285:192.168.157.254:41671], old=null
2019-10-16 22:14:45,083 [grpc-default-executor-22] INFO  impl.RaftServerImpl (RaftServerImpl.java:setRole(184)) - d9e6ea44-93db-446f-8020-a94232284285@group-83CFD60236D8: changes role from  FOLLOWER to FOLLOWER at term 21 for recognizeCandidate:3989452c-7599-4156-9543-3fe544ced0f3
2019-10-16 22:14:45,083 [grpc-default-executor-24] INFO  impl.RaftServerImpl (RaftServerImpl.java:setRole(184)) - eec99a0c-e1b1-4518-bc49-9d1a8c8e04d5@group-83CFD60236D8: changes role from  FOLLOWER to FOLLOWER at term 21 for recognizeCandidate:3989452c-7599-4156-9543-3fe544ced0f3
2019-10-16 22:14:45,084 [grpc-default-executor-24] INFO  impl.RoleInfo (RoleInfo.java:shutdownFollowerState(121)) - eec99a0c-e1b1-4518-bc49-9d1a8c8e04d5: shutdown FollowerState
2019-10-16 22:14:45,084 [grpc-default-executor-22] INFO  impl.RoleInfo (RoleInfo.java:shutdownFollowerState(121)) - d9e6ea44-93db-446f-8020-a94232284285: shutdown FollowerState
2019-10-16 22:14:45,084 [Thread-1105] INFO  impl.FollowerState (FollowerState.java:run(117)) - eec99a0c-e1b1-4518-bc49-9d1a8c8e04d5@group-83CFD60236D8-FollowerState was interrupted: java.lang.InterruptedException: sleep interrupted
2019-10-16 22:14:45,084 [grpc-default-executor-24] INFO  impl.RoleInfo (RoleInfo.java:updateAndGet(143)) - eec99a0c-e1b1-4518-bc49-9d1a8c8e04d5: start FollowerState
2019-10-16 22:14:45,084 [Thread-1106] INFO  impl.FollowerState (FollowerState.java:run(117)) - d9e6ea44-93db-446f-8020-a94232284285@group-83CFD60236D8-FollowerState was interrupted: java.lang.InterruptedException: sleep interrupted
2019-10-16 22:14:45,084 [grpc-default-executor-22] INFO  impl.RoleInfo (RoleInfo.java:updateAndGet(143)) - d9e6ea44-93db-446f-8020-a94232284285: start FollowerState
2019-10-16 22:14:45,110 [3989452c-7599-4156-9543-3fe544ced0f3@group-83CFD60236D8-LeaderElection33] INFO  impl.LeaderElection (LeaderElection.java:logAndReturn(56)) - 3989452c-7599-4156-9543-3fe544ced0f3@group-83CFD60236D8-LeaderElection33: Election REJECTED; received 2 response(s) [3989452c-7599-4156-9543-3fe544ced0f3<-eec99a0c-e1b1-4518-bc49-9d1a8c8e04d5#0:FAIL-t21, 3989452c-7599-4156-9543-3fe544ced0f3<-d9e6ea44-93db-446f-8020-a94232284285#0:FAIL-t21] and 0 exception(s); 3989452c-7599-4156-9543-3fe544ced0f3@group-83CFD60236D8:t21, leader=null, voted=3989452c-7599-4156-9543-3fe544ced0f3, raftlog=3989452c-7599-4156-9543-3fe544ced0f3@group-83CFD60236D8-SegmentedRaftLog:OPENED:c-1,f-1,i0, conf=-1: [3989452c-7599-4156-9543-3fe544ced0f3:192.168.157.254:36320, eec99a0c-e1b1-4518-bc49-9d1a8c8e04d5:192.168.157.254:45598, d9e6ea44-93db-446f-8020-a94232284285:192.168.157.254:41671], old=null
2019-10-16 22:14:45,110 [3989452c-7599-4156-9543-3fe544ced0f3@group-83CFD60236D8-LeaderElection33] INFO  impl.RaftServerImpl (RaftServerImpl.java:setRole(184)) - 3989452c-7599-4156-9543-3fe544ced0f3@group-83CFD60236D8: changes role from CANDIDATE to FOLLOWER at term 21 for DISCOVERED_A_NEW_TERM
2019-10-16 22:14:45,111 [3989452c-7599-4156-9543-3fe544ced0f3@group-83CFD60236D8-LeaderElection33] INFO  impl.RoleInfo (RoleInfo.java:shutdownLeaderElection(134)) - 3989452c-7599-4156-9543-3fe544ced0f3: shutdown LeaderElection
2019-10-16 22:14:45,111 [3989452c-7599-4156-9543-3fe544ced0f3@group-83CFD60236D8-LeaderElection33] INFO  impl.RoleInfo (RoleInfo.java:updateAndGet(143)) - 3989452c-7599-4156-9543-3fe544ced0f3: start FollowerState
2019-10-16 22:14:45,137 [Thread-1113] INFO  impl.FollowerState (FollowerState.java:run(108)) - 3989452c-7599-4156-9543-3fe544ced0f3@group-83CFD60236D8-FollowerState: change to CANDIDATE, lastRpcTime:26ms, electionTimeout:26ms
2019-10-16 22:14:45,139 [Thread-1113] INFO  impl.RoleInfo (RoleInfo.java:shutdownFollowerState(121)) - 3989452c-7599-4156-9543-3fe544ced0f3: shutdown FollowerState
2019-10-16 22:14:45,139 [Thread-1113] INFO  impl.RaftServerImpl (RaftServerImpl.java:setRole(184)) - 3989452c-7599-4156-9543-3fe544ced0f3@group-83CFD60236D8: changes role from  FOLLOWER to CANDIDATE at term 21 for changeToCandidate
2019-10-16 22:14:45,139 [Thread-1113] INFO  impl.RoleInfo (RoleInfo.java:updateAndGet(143)) - 3989452c-7599-4156-9543-3fe544ced0f3: start LeaderElection
2019-10-16 22:14:45,152 [3989452c-7599-4156-9543-3fe544ced0f3@group-83CFD60236D8-LeaderElection34] INFO  impl.LeaderElection (LeaderElection.java:askForVotes(178)) - 3989452c-7599-4156-9543-3fe544ced0f3@group-83CFD60236D8-LeaderElection34: begin an election at term 22 for -1: [3989452c-7599-4156-9543-3fe544ced0f3:192.168.157.254:36320, eec99a0c-e1b1-4518-bc49-9d1a8c8e04d5:192.168.157.254:45598, d9e6ea44-93db-446f-8020-a94232284285:192.168.157.254:41671], old=null
2019-10-16 22:14:45,154 [grpc-default-executor-24] INFO  impl.RaftServerImpl (RaftServerImpl.java:setRole(184)) - eec99a0c-e1b1-4518-bc49-9d1a8c8e04d5@group-83CFD60236D8: changes role from  FOLLOWER to FOLLOWER at term 22 for recognizeCandidate:3989452c-7599-4156-9543-3fe544ced0f3
2019-10-16 22:14:45,154 [grpc-default-executor-22] INFO  impl.RaftServerImpl (RaftServerImpl.java:setRole(184)) - d9e6ea44-93db-446f-8020-a94232284285@group-83CFD60236D8: changes role from  FOLLOWER to FOLLOWER at term 22 for recognizeCandidate:3989452c-7599-4156-9543-3fe544ced0f3
2019-10-16 22:14:45,155 [grpc-default-executor-24] INFO  impl.RoleInfo (RoleInfo.java:shutdownFollowerState(121)) - eec99a0c-e1b1-4518-bc49-9d1a8c8e04d5: shutdown FollowerState
2019-10-16 22:14:45,155 [grpc-default-executor-22] INFO  impl.RoleInfo (RoleInfo.java:shutdownFollowerState(121)) - d9e6ea44-93db-446f-8020-a94232284285: shutdown FollowerState
2019-10-16 22:14:45,155 [grpc-default-executor-24] INFO  impl.RoleInfo (RoleInfo.java:updateAndGet(143)) - eec99a0c-e1b1-4518-bc49-9d1a8c8e04d5: start FollowerState
2019-10-16 22:14:45,155 [Thread-1111] INFO  impl.FollowerState (FollowerState.java:run(117)) - eec99a0c-e1b1-4518-bc49-9d1a8c8e04d5@group-83CFD60236D8-FollowerState was interrupted: java.lang.InterruptedException: sleep interrupted
2019-10-16 22:14:45,155 [Thread-1112] INFO  impl.FollowerState (FollowerState.java:run(117)) - d9e6ea44-93db-446f-8020-a94232284285@group-83CFD60236D8-FollowerState was interrupted: java.lang.InterruptedException: sleep interrupted
2019-10-16 22:14:45,155 [grpc-default-executor-22] INFO  impl.RoleInfo (RoleInfo.java:updateAndGet(143)) - d9e6ea44-93db-446f-8020-a94232284285: start FollowerState
2019-10-16 22:14:45,171 [3989452c-7599-4156-9543-3fe544ced0f3@group-83CFD60236D8-LeaderElection34] INFO  impl.LeaderElection (LeaderElection.java:logAndReturn(56)) - 3989452c-7599-4156-9543-3fe544ced0f3@group-83CFD60236D8-LeaderElection34: Election REJECTED; received 2 response(s) [3989452c-7599-4156-9543-3fe544ced0f3<-eec99a0c-e1b1-4518-bc49-9d1a8c8e04d5#0:FAIL-t22, 3989452c-7599-4156-9543-3fe544ced0f3<-d9e6ea44-93db-446f-8020-a94232284285#0:FAIL-t22] and 0 exception(s); 3989452c-7599-4156-9543-3fe544ced0f3@group-83CFD60236D8:t22, leader=null, voted=3989452c-7599-4156-9543-3fe544ced0f3, raftlog=3989452c-7599-4156-9543-3fe544ced0f3@group-83CFD60236D8-SegmentedRaftLog:OPENED:c-1,f-1,i0, conf=-1: [3989452c-7599-4156-9543-3fe544ced0f3:192.168.157.254:36320, eec99a0c-e1b1-4518-bc49-9d1a8c8e04d5:192.168.157.254:45598, d9e6ea44-93db-446f-8020-a94232284285:192.168.157.254:41671], old=null
2019-10-16 22:14:45,172 [3989452c-7599-4156-9543-3fe544ced0f3@group-83CFD60236D8-LeaderElection34] INFO  impl.RaftServerImpl (RaftServerImpl.java:setRole(184)) - 3989452c-7599-4156-9543-3fe544ced0f3@group-83CFD60236D8: changes role from CANDIDATE to FOLLOWER at term 22 for DISCOVERED_A_NEW_TERM
2019-10-16 22:14:45,172 [3989452c-7599-4156-9543-3fe544ced0f3@group-83CFD60236D8-LeaderElection34] INFO  impl.RoleInfo (RoleInfo.java:shutdownLeaderElection(134)) - 3989452c-7599-4156-9543-3fe544ced0f3: shutdown LeaderElection
2019-10-16 22:14:45,172 [3989452c-7599-4156-9543-3fe544ced0f3@group-83CFD60236D8-LeaderElection34] INFO  impl.RoleInfo (RoleInfo.java:updateAndGet(143)) - 3989452c-7599-4156-9543-3fe544ced0f3: start FollowerState
2019-10-16 22:14:45,347 [Thread-1119] INFO  impl.FollowerState (FollowerState.java:run(108)) - 3989452c-7599-4156-9543-3fe544ced0f3@group-83CFD60236D8-FollowerState: change to CANDIDATE, lastRpcTime:175ms, electionTimeout:175ms
2019-10-16 22:14:45,349 [Thread-1119] INFO  impl.RoleInfo (RoleInfo.java:shutdownFollowerState(121)) - 3989452c-7599-4156-9543-3fe544ced0f3: shutdown FollowerState
2019-10-16 22:14:45,349 [Thread-1119] INFO  impl.RaftServerImpl (RaftServerImpl.java:setRole(184)) - 3989452c-7599-4156-9543-3fe544ced0f3@group-83CFD60236D8: changes role from  FOLLOWER to CANDIDATE at term 22 for changeToCandidate
2019-10-16 22:14:45,349 [Thread-1119] INFO  impl.RoleInfo (RoleInfo.java:updateAndGet(143)) - 3989452c-7599-4156-9543-3fe544ced0f3: start LeaderElection
2019-10-16 22:14:45,365 [3989452c-7599-4156-9543-3fe544ced0f3@group-83CFD60236D8-LeaderElection35] INFO  impl.LeaderElection (LeaderElection.java:askForVotes(178)) - 3989452c-7599-4156-9543-3fe544ced0f3@group-83CFD60236D8-LeaderElection35: begin an election at term 23 for -1: [3989452c-7599-4156-9543-3fe544ced0f3:192.168.157.254:36320, eec99a0c-e1b1-4518-bc49-9d1a8c8e04d5:192.168.157.254:45598, d9e6ea44-93db-446f-8020-a94232284285:192.168.157.254:41671], old=null
2019-10-16 22:14:45,367 [grpc-default-executor-24] INFO  impl.RaftServerImpl (RaftServerImpl.java:setRole(184)) - eec99a0c-e1b1-4518-bc49-9d1a8c8e04d5@group-83CFD60236D8: changes role from  FOLLOWER to FOLLOWER at term 23 for recognizeCandidate:3989452c-7599-4156-9543-3fe544ced0f3
2019-10-16 22:14:45,367 [grpc-default-executor-24] INFO  impl.RoleInfo (RoleInfo.java:shutdownFollowerState(121)) - eec99a0c-e1b1-4518-bc49-9d1a8c8e04d5: shutdown FollowerState
2019-10-16 22:14:45,367 [grpc-default-executor-22] INFO  impl.RaftServerImpl (RaftServerImpl.java:setRole(184)) - d9e6ea44-93db-446f-8020-a94232284285@group-83CFD60236D8: changes role from  FOLLOWER to FOLLOWER at term 23 for recognizeCandidate:3989452c-7599-4156-9543-3fe544ced0f3
2019-10-16 22:14:45,367 [grpc-default-executor-22] INFO  impl.RoleInfo (RoleInfo.java:shutdownFollowerState(121)) - d9e6ea44-93db-446f-8020-a94232284285: shutdown FollowerState
2019-10-16 22:14:45,367 [Thread-1117] INFO  impl.FollowerState (FollowerState.java:run(117)) - eec99a0c-e1b1-4518-bc49-9d1a8c8e04d5@group-83CFD60236D8-FollowerState was interrupted: java.lang.InterruptedException: sleep interrupted
2019-10-16 22:14:45,367 [grpc-default-executor-24] INFO  impl.RoleInfo (RoleInfo.java:updateAndGet(143)) - eec99a0c-e1b1-4518-bc49-9d1a8c8e04d5: start FollowerState
2019-10-16 22:14:45,367 [Thread-1118] INFO  impl.FollowerState (FollowerState.java:run(117)) - d9e6ea44-93db-446f-8020-a94232284285@group-83CFD60236D8-FollowerState was interrupted: java.lang.InterruptedException: sleep interrupted
2019-10-16 22:14:45,367 [grpc-default-executor-22] INFO  impl.RoleInfo (RoleInfo.java:updateAndGet(143)) - d9e6ea44-93db-446f-8020-a94232284285: start FollowerState
2019-10-16 22:14:45,394 [3989452c-7599-4156-9543-3fe544ced0f3@group-83CFD60236D8-LeaderElection35] INFO  impl.LeaderElection (LeaderElection.java:logAndReturn(56)) - 3989452c-7599-4156-9543-3fe544ced0f3@group-83CFD60236D8-LeaderElection35: Election REJECTED; received 2 response(s) [3989452c-7599-4156-9543-3fe544ced0f3<-eec99a0c-e1b1-4518-bc49-9d1a8c8e04d5#0:FAIL-t23, 3989452c-7599-4156-9543-3fe544ced0f3<-d9e6ea44-93db-446f-8020-a94232284285#0:FAIL-t23] and 0 exception(s); 3989452c-7599-4156-9543-3fe544ced0f3@group-83CFD60236D8:t23, leader=null, voted=3989452c-7599-4156-9543-3fe544ced0f3, raftlog=3989452c-7599-4156-9543-3fe544ced0f3@group-83CFD60236D8-SegmentedRaftLog:OPENED:c-1,f-1,i0, conf=-1: [3989452c-7599-4156-9543-3fe544ced0f3:192.168.157.254:36320, eec99a0c-e1b1-4518-bc49-9d1a8c8e04d5:192.168.157.254:45598, d9e6ea44-93db-446f-8020-a94232284285:192.168.157.254:41671], old=null
2019-10-16 22:14:45,394 [3989452c-7599-4156-9543-3fe544ced0f3@group-83CFD60236D8-LeaderElection35] INFO  impl.RaftServerImpl (RaftServerImpl.java:setRole(184)) - 3989452c-7599-4156-9543-3fe544ced0f3@group-83CFD60236D8: changes role from CANDIDATE to FOLLOWER at term 23 for DISCOVERED_A_NEW_TERM
2019-10-16 22:14:45,394 [3989452c-7599-4156-9543-3fe544ced0f3@group-83CFD60236D8-LeaderElection35] INFO  impl.RoleInfo (RoleInfo.java:shutdownLeaderElection(134)) - 3989452c-7599-4156-9543-3fe544ced0f3: shutdown LeaderElection
2019-10-16 22:14:45,394 [3989452c-7599-4156-9543-3fe544ced0f3@group-83CFD60236D8-LeaderElection35] INFO  impl.RoleInfo (RoleInfo.java:updateAndGet(143)) - 3989452c-7599-4156-9543-3fe544ced0f3: start FollowerState
2019-10-16 22:14:45,457 [Thread-1125] INFO  impl.FollowerState (FollowerState.java:run(108)) - 3989452c-7599-4156-9543-3fe544ced0f3@group-83CFD60236D8-FollowerState: change to CANDIDATE, lastRpcTime:62ms, electionTimeout:62ms
2019-10-16 22:14:45,458 [Thread-1125] INFO  impl.RoleInfo (RoleInfo.java:shutdownFollowerState(121)) - 3989452c-7599-4156-9543-3fe544ced0f3: shutdown FollowerState
2019-10-16 22:14:45,459 [Thread-1125] INFO  impl.RaftServerImpl (RaftServerImpl.java:setRole(184)) - 3989452c-7599-4156-9543-3fe544ced0f3@group-83CFD60236D8: changes role from  FOLLOWER to CANDIDATE at term 23 for changeToCandidate
2019-10-16 22:14:45,459 [Thread-1125] INFO  impl.RoleInfo (RoleInfo.java:updateAndGet(143)) - 3989452c-7599-4156-9543-3fe544ced0f3: start LeaderElection
2019-10-16 22:14:45,472 [3989452c-7599-4156-9543-3fe544ced0f3@group-83CFD60236D8-LeaderElection36] INFO  impl.LeaderElection (LeaderElection.java:askForVotes(178)) - 3989452c-7599-4156-9543-3fe544ced0f3@group-83CFD60236D8-LeaderElection36: begin an election at term 24 for -1: [3989452c-7599-4156-9543-3fe544ced0f3:192.168.157.254:36320, eec99a0c-e1b1-4518-bc49-9d1a8c8e04d5:192.168.157.254:45598, d9e6ea44-93db-446f-8020-a94232284285:192.168.157.254:41671], old=null
2019-10-16 22:14:45,474 [grpc-default-executor-22] INFO  impl.RaftServerImpl (RaftServerImpl.java:setRole(184)) - eec99a0c-e1b1-4518-bc49-9d1a8c8e04d5@group-83CFD60236D8: changes role from  FOLLOWER to FOLLOWER at term 24 for recognizeCandidate:3989452c-7599-4156-9543-3fe544ced0f3
2019-10-16 22:14:45,474 [grpc-default-executor-22] INFO  impl.RoleInfo (RoleInfo.java:shutdownFollowerState(121)) - eec99a0c-e1b1-4518-bc49-9d1a8c8e04d5: shutdown FollowerState
2019-10-16 22:14:45,474 [grpc-default-executor-24] INFO  impl.RaftServerImpl (RaftServerImpl.java:setRole(184)) - d9e6ea44-93db-446f-8020-a94232284285@group-83CFD60236D8: changes role from  FOLLOWER to FOLLOWER at term 24 for recognizeCandidate:3989452c-7599-4156-9543-3fe544ced0f3
2019-10-16 22:14:45,474 [Thread-1123] INFO  impl.FollowerState (FollowerState.java:run(117)) - eec99a0c-e1b1-4518-bc49-9d1a8c8e04d5@group-83CFD60236D8-FollowerState was interrupted: java.lang.InterruptedException: sleep interrupted
2019-10-16 22:14:45,474 [grpc-default-executor-22] INFO  impl.RoleInfo (RoleInfo.java:updateAndGet(143)) - eec99a0c-e1b1-4518-bc49-9d1a8c8e04d5: start FollowerState
2019-10-16 22:14:45,474 [grpc-default-executor-24] INFO  impl.RoleInfo (RoleInfo.java:shutdownFollowerState(121)) - d9e6ea44-93db-446f-8020-a94232284285: shutdown FollowerState
2019-10-16 22:14:45,475 [grpc-default-executor-24] INFO  impl.RoleInfo (RoleInfo.java:updateAndGet(143)) - d9e6ea44-93db-446f-8020-a94232284285: start FollowerState
2019-10-16 22:14:45,475 [Thread-1124] INFO  impl.FollowerState (FollowerState.java:run(117)) - d9e6ea44-93db-446f-8020-a94232284285@group-83CFD60236D8-FollowerState was interrupted: java.lang.InterruptedException: sleep interrupted
2019-10-16 22:14:45,500 [3989452c-7599-4156-9543-3fe544ced0f3@group-83CFD60236D8-LeaderElection36] INFO  impl.LeaderElection (LeaderElection.java:logAndReturn(56)) - 3989452c-7599-4156-9543-3fe544ced0f3@group-83CFD60236D8-LeaderElection36: Election REJECTED; received 2 response(s) [3989452c-7599-4156-9543-3fe544ced0f3<-eec99a0c-e1b1-4518-bc49-9d1a8c8e04d5#0:FAIL-t24, 3989452c-7599-4156-9543-3fe544ced0f3<-d9e6ea44-93db-446f-8020-a94232284285#0:FAIL-t24] and 0 exception(s); 3989452c-7599-4156-9543-3fe544ced0f3@group-83CFD60236D8:t24, leader=null, voted=3989452c-7599-4156-9543-3fe544ced0f3, raftlog=3989452c-7599-4156-9543-3fe544ced0f3@group-83CFD60236D8-SegmentedRaftLog:OPENED:c-1,f-1,i0, conf=-1: [3989452c-7599-4156-9543-3fe544ced0f3:192.168.157.254:36320, eec99a0c-e1b1-4518-bc49-9d1a8c8e04d5:192.168.157.254:45598, d9e6ea44-93db-446f-8020-a94232284285:192.168.157.254:41671], old=null
2019-10-16 22:14:45,501 [3989452c-7599-4156-9543-3fe544ced0f3@group-83CFD60236D8-LeaderElection36] INFO  impl.RaftServerImpl (RaftServerImpl.java:setRole(184)) - 3989452c-7599-4156-9543-3fe544ced0f3@group-83CFD60236D8: changes role from CANDIDATE to FOLLOWER at term 24 for DISCOVERED_A_NEW_TERM
2019-10-16 22:14:45,501 [3989452c-7599-4156-9543-3fe544ced0f3@group-83CFD60236D8-LeaderElection36] INFO  impl.RoleInfo (RoleInfo.java:shutdownLeaderElection(134)) - 3989452c-7599-4156-9543-3fe544ced0f3: shutdown LeaderElection
2019-10-16 22:14:45,501 [3989452c-7599-4156-9543-3fe544ced0f3@group-83CFD60236D8-LeaderElection36] INFO  impl.RoleInfo (RoleInfo.java:updateAndGet(143)) - 3989452c-7599-4156-9543-3fe544ced0f3: start FollowerState
2019-10-16 22:14:45,586 [Thread-1131] INFO  impl.FollowerState (FollowerState.java:run(108)) - 3989452c-7599-4156-9543-3fe544ced0f3@group-83CFD60236D8-FollowerState: change to CANDIDATE, lastRpcTime:85ms, electionTimeout:85ms
2019-10-16 22:14:45,588 [Thread-1131] INFO  impl.RoleInfo (RoleInfo.java:shutdownFollowerState(121)) - 3989452c-7599-4156-9543-3fe544ced0f3: shutdown FollowerState
2019-10-16 22:14:45,588 [Thread-1131] INFO  impl.RaftServerImpl (RaftServerImpl.java:setRole(184)) - 3989452c-7599-4156-9543-3fe544ced0f3@group-83CFD60236D8: changes role from  FOLLOWER to CANDIDATE at term 24 for changeToCandidate
2019-10-16 22:14:45,588 [Thread-1131] INFO  impl.RoleInfo (RoleInfo.java:updateAndGet(143)) - 3989452c-7599-4156-9543-3fe544ced0f3: start LeaderElection
2019-10-16 22:14:45,602 [3989452c-7599-4156-9543-3fe544ced0f3@group-83CFD60236D8-LeaderElection37] INFO  impl.LeaderElection (LeaderElection.java:askForVotes(178)) - 3989452c-7599-4156-9543-3fe544ced0f3@group-83CFD60236D8-LeaderElection37: begin an election at term 25 for -1: [3989452c-7599-4156-9543-3fe544ced0f3:192.168.157.254:36320, eec99a0c-e1b1-4518-bc49-9d1a8c8e04d5:192.168.157.254:45598, d9e6ea44-93db-446f-8020-a94232284285:192.168.157.254:41671], old=null
2019-10-16 22:14:45,604 [grpc-default-executor-24] INFO  impl.RaftServerImpl (RaftServerImpl.java:setRole(184)) - eec99a0c-e1b1-4518-bc49-9d1a8c8e04d5@group-83CFD60236D8: changes role from  FOLLOWER to FOLLOWER at term 25 for recognizeCandidate:3989452c-7599-4156-9543-3fe544ced0f3
2019-10-16 22:14:45,604 [grpc-default-executor-24] INFO  impl.RoleInfo (RoleInfo.java:shutdownFollowerState(121)) - eec99a0c-e1b1-4518-bc49-9d1a8c8e04d5: shutdown FollowerState
2019-10-16 22:14:45,604 [grpc-default-executor-22] INFO  impl.RaftServerImpl (RaftServerImpl.java:setRole(184)) - d9e6ea44-93db-446f-8020-a94232284285@group-83CFD60236D8: changes role from  FOLLOWER to FOLLOWER at term 25 for recognizeCandidate:3989452c-7599-4156-9543-3fe544ced0f3
2019-10-16 22:14:45,604 [Thread-1129] INFO  impl.FollowerState (FollowerState.java:run(117)) - eec99a0c-e1b1-4518-bc49-9d1a8c8e04d5@group-83CFD60236D8-FollowerState was interrupted: java.lang.InterruptedException: sleep interrupted
2019-10-16 22:14:45,604 [grpc-default-executor-24] INFO  impl.RoleInfo (RoleInfo.java:updateAndGet(143)) - eec99a0c-e1b1-4518-bc49-9d1a8c8e04d5: start FollowerState
2019-10-16 22:14:45,605 [grpc-default-executor-22] INFO  impl.RoleInfo (RoleInfo.java:shutdownFollowerState(121)) - d9e6ea44-93db-446f-8020-a94232284285: shutdown FollowerState
2019-10-16 22:14:45,605 [grpc-default-executor-22] INFO  impl.RoleInfo (RoleInfo.java:updateAndGet(143)) - d9e6ea44-93db-446f-8020-a94232284285: start FollowerState
2019-10-16 22:14:45,605 [Thread-1130] INFO  impl.FollowerState (FollowerState.java:run(117)) - d9e6ea44-93db-446f-8020-a94232284285@group-83CFD60236D8-FollowerState was interrupted: java.lang.InterruptedException: sleep interrupted
2019-10-16 22:14:45,619 [3989452c-7599-4156-9543-3fe544ced0f3@group-83CFD60236D8-LeaderElection37] INFO  impl.LeaderElection (LeaderElection.java:logAndReturn(56)) - 3989452c-7599-4156-9543-3fe544ced0f3@group-83CFD60236D8-LeaderElection37: Election REJECTED; received 2 response(s) [3989452c-7599-4156-9543-3fe544ced0f3<-eec99a0c-e1b1-4518-bc49-9d1a8c8e04d5#0:FAIL-t25, 3989452c-7599-4156-9543-3fe544ced0f3<-d9e6ea44-93db-446f-8020-a94232284285#0:FAIL-t25] and 0 exception(s); 3989452c-7599-4156-9543-3fe544ced0f3@group-83CFD60236D8:t25, leader=null, voted=3989452c-7599-4156-9543-3fe544ced0f3, raftlog=3989452c-7599-4156-9543-3fe544ced0f3@group-83CFD60236D8-SegmentedRaftLog:OPENED:c-1,f-1,i0, conf=-1: [3989452c-7599-4156-9543-3fe544ced0f3:192.168.157.254:36320, eec99a0c-e1b1-4518-bc49-9d1a8c8e04d5:192.168.157.254:45598, d9e6ea44-93db-446f-8020-a94232284285:192.168.157.254:41671], old=null
2019-10-16 22:14:45,620 [3989452c-7599-4156-9543-3fe544ced0f3@group-83CFD60236D8-LeaderElection37] INFO  impl.RaftServerImpl (RaftServerImpl.java:setRole(184)) - 3989452c-7599-4156-9543-3fe544ced0f3@group-83CFD60236D8: changes role from CANDIDATE to FOLLOWER at term 25 for DISCOVERED_A_NEW_TERM
2019-10-16 22:14:45,620 [3989452c-7599-4156-9543-3fe544ced0f3@group-83CFD60236D8-LeaderElection37] INFO  impl.RoleInfo (RoleInfo.java:shutdownLeaderElection(134)) - 3989452c-7599-4156-9543-3fe544ced0f3: shutdown LeaderElection
2019-10-16 22:14:45,620 [3989452c-7599-4156-9543-3fe544ced0f3@group-83CFD60236D8-LeaderElection37] INFO  impl.RoleInfo (RoleInfo.java:updateAndGet(143)) - 3989452c-7599-4156-9543-3fe544ced0f3: start FollowerState
2019-10-16 22:14:45,743 [Thread-1137] INFO  impl.FollowerState (FollowerState.java:run(108)) - 3989452c-7599-4156-9543-3fe544ced0f3@group-83CFD60236D8-FollowerState: change to CANDIDATE, lastRpcTime:122ms, electionTimeout:122ms
2019-10-16 22:14:45,744 [Thread-1137] INFO  impl.RoleInfo (RoleInfo.java:shutdownFollowerState(121)) - 3989452c-7599-4156-9543-3fe544ced0f3: shutdown FollowerState
2019-10-16 22:14:45,744 [Thread-1137] INFO  impl.RaftServerImpl (RaftServerImpl.java:setRole(184)) - 3989452c-7599-4156-9543-3fe544ced0f3@group-83CFD60236D8: changes role from  FOLLOWER to CANDIDATE at term 25 for changeToCandidate
2019-10-16 22:14:45,744 [Thread-1137] INFO  impl.RoleInfo (RoleInfo.java:updateAndGet(143)) - 3989452c-7599-4156-9543-3fe544ced0f3: start LeaderElection
2019-10-16 22:14:45,751 [java.util.concurrent.ThreadPoolExecutor$Worker@44468486[State = -1, empty queue]] WARN  server.GrpcLogAppender (GrpcLogAppender.java:timeoutAppendRequest(209)) - d9e6ea44-93db-446f-8020-a94232284285@group-83CFD60236D8->eec99a0c-e1b1-4518-bc49-9d1a8c8e04d5-GrpcLogAppender: appendEntries Timeout, request=d9e6ea44-93db-446f-8020-a94232284285->eec99a0c-e1b1-4518-bc49-9d1a8c8e04d5#1-t1, previous=(t:0, i:0), leaderCommit=-1, initializing? false, entries: size=1, first=(t:1, i:0), CONFIGURATIONENTRY
2019-10-16 22:14:45,766 [3989452c-7599-4156-9543-3fe544ced0f3@group-83CFD60236D8-LeaderElection38] INFO  impl.LeaderElection (LeaderElection.java:askForVotes(178)) - 3989452c-7599-4156-9543-3fe544ced0f3@group-83CFD60236D8-LeaderElection38: begin an election at term 26 for -1: [3989452c-7599-4156-9543-3fe544ced0f3:192.168.157.254:36320, eec99a0c-e1b1-4518-bc49-9d1a8c8e04d5:192.168.157.254:45598, d9e6ea44-93db-446f-8020-a94232284285:192.168.157.254:41671], old=null
2019-10-16 22:14:45,768 [grpc-default-executor-24] INFO  impl.RaftServerImpl (RaftServerImpl.java:setRole(184)) - eec99a0c-e1b1-4518-bc49-9d1a8c8e04d5@group-83CFD60236D8: changes role from  FOLLOWER to FOLLOWER at term 26 for recognizeCandidate:3989452c-7599-4156-9543-3fe544ced0f3
2019-10-16 22:14:45,775 [grpc-default-executor-24] INFO  impl.RoleInfo (RoleInfo.java:shutdownFollowerState(121)) - eec99a0c-e1b1-4518-bc49-9d1a8c8e04d5: shutdown FollowerState
2019-10-16 22:14:45,775 [grpc-default-executor-22] INFO  impl.RaftServerImpl (RaftServerImpl.java:setRole(184)) - d9e6ea44-93db-446f-8020-a94232284285@group-83CFD60236D8: changes role from  FOLLOWER to FOLLOWER at term 26 for recognizeCandidate:3989452c-7599-4156-9543-3fe544ced0f3
2019-10-16 22:14:45,775 [Thread-1135] INFO  impl.FollowerState (FollowerState.java:run(117)) - eec99a0c-e1b1-4518-bc49-9d1a8c8e04d5@group-83CFD60236D8-FollowerState was interrupted: java.lang.InterruptedException: sleep interrupted
2019-10-16 22:14:45,775 [grpc-default-executor-22] INFO  impl.RoleInfo (RoleInfo.java:shutdownFollowerState(121)) - d9e6ea44-93db-446f-8020-a94232284285: shutdown FollowerState
2019-10-16 22:14:45,775 [grpc-default-executor-24] INFO  impl.RoleInfo (RoleInfo.java:updateAndGet(143)) - eec99a0c-e1b1-4518-bc49-9d1a8c8e04d5: start FollowerState
2019-10-16 22:14:45,776 [grpc-default-executor-22] INFO  impl.RoleInfo (RoleInfo.java:updateAndGet(143)) - d9e6ea44-93db-446f-8020-a94232284285: start FollowerState
2019-10-16 22:14:45,776 [Thread-1136] INFO  impl.FollowerState (FollowerState.java:run(117)) - d9e6ea44-93db-446f-8020-a94232284285@group-83CFD60236D8-FollowerState was interrupted: java.lang.InterruptedException: sleep interrupted
2019-10-16 22:14:45,811 [3989452c-7599-4156-9543-3fe544ced0f3@group-83CFD60236D8-LeaderElection38] INFO  impl.LeaderElection (LeaderElection.java:logAndReturn(56)) - 3989452c-7599-4156-9543-3fe544ced0f3@group-83CFD60236D8-LeaderElection38: Election REJECTED; received 2 response(s) [3989452c-7599-4156-9543-3fe544ced0f3<-eec99a0c-e1b1-4518-bc49-9d1a8c8e04d5#0:FAIL-t26, 3989452c-7599-4156-9543-3fe544ced0f3<-d9e6ea44-93db-446f-8020-a94232284285#0:FAIL-t26] and 0 exception(s); 3989452c-7599-4156-9543-3fe544ced0f3@group-83CFD60236D8:t26, leader=null, voted=3989452c-7599-4156-9543-3fe544ced0f3, raftlog=3989452c-7599-4156-9543-3fe544ced0f3@group-83CFD60236D8-SegmentedRaftLog:OPENED:c-1,f-1,i0, conf=-1: [3989452c-7599-4156-9543-3fe544ced0f3:192.168.157.254:36320, eec99a0c-e1b1-4518-bc49-9d1a8c8e04d5:192.168.157.254:45598, d9e6ea44-93db-446f-8020-a94232284285:192.168.157.254:41671], old=null
2019-10-16 22:14:45,811 [3989452c-7599-4156-9543-3fe544ced0f3@group-83CFD60236D8-LeaderElection38] INFO  impl.RaftServerImpl (RaftServerImpl.java:setRole(184)) - 3989452c-7599-4156-9543-3fe544ced0f3@group-83CFD60236D8: changes role from CANDIDATE to FOLLOWER at term 26 for DISCOVERED_A_NEW_TERM
2019-10-16 22:14:45,811 [3989452c-7599-4156-9543-3fe544ced0f3@group-83CFD60236D8-LeaderElection38] INFO  impl.RoleInfo (RoleInfo.java:shutdownLeaderElection(134)) - 3989452c-7599-4156-9543-3fe544ced0f3: shutdown LeaderElection
2019-10-16 22:14:45,811 [3989452c-7599-4156-9543-3fe544ced0f3@group-83CFD60236D8-LeaderElection38] INFO  impl.RoleInfo (RoleInfo.java:updateAndGet(143)) - 3989452c-7599-4156-9543-3fe544ced0f3: start FollowerState
2019-10-16 22:14:46,009 [Thread-1143] INFO  impl.FollowerState (FollowerState.java:run(108)) - 3989452c-7599-4156-9543-3fe544ced0f3@group-83CFD60236D8-FollowerState: change to CANDIDATE, lastRpcTime:197ms, electionTimeout:197ms
2019-10-16 22:14:46,009 [Thread-1143] INFO  impl.RoleInfo (RoleInfo.java:shutdownFollowerState(121)) - 3989452c-7599-4156-9543-3fe544ced0f3: shutdown FollowerState
2019-10-16 22:14:46,009 [Thread-1143] INFO  impl.RaftServerImpl (RaftServerImpl.java:setRole(184)) - 3989452c-7599-4156-9543-3fe544ced0f3@group-83CFD60236D8: changes role from  FOLLOWER to CANDIDATE at term 26 for changeToCandidate
2019-10-16 22:14:46,009 [Thread-1143] INFO  impl.RoleInfo (RoleInfo.java:updateAndGet(143)) - 3989452c-7599-4156-9543-3fe544ced0f3: start LeaderElection
 0.00% |?                                                                                                    |  0/1 Time: 0:06:022019-10-16 22:14:46,036 [3989452c-7599-4156-9543-3fe544ced0f3@group-83CFD60236D8-LeaderElection39] INFO  impl.LeaderElection (LeaderElection.java:askForVotes(178)) - 3989452c-7599-4156-9543-3fe544ced0f3@group-83CFD60236D8-LeaderElection39: begin an election at term 27 for -1: [3989452c-7599-4156-9543-3fe544ced0f3:192.168.157.254:36320, eec99a0c-e1b1-4518-bc49-9d1a8c8e04d5:192.168.157.254:45598, d9e6ea44-93db-446f-8020-a94232284285:192.168.157.254:41671], old=null
2019-10-16 22:14:46,038 [grpc-default-executor-22] INFO  impl.RaftServerImpl (RaftServerImpl.java:setRole(184)) - d9e6ea44-93db-446f-8020-a94232284285@group-83CFD60236D8: changes role from  FOLLOWER to FOLLOWER at term 27 for recognizeCandidate:3989452c-7599-4156-9543-3fe544ced0f3
2019-10-16 22:14:46,038 [grpc-default-executor-24] INFO  impl.RaftServerImpl (RaftServerImpl.java:setRole(184)) - eec99a0c-e1b1-4518-bc49-9d1a8c8e04d5@group-83CFD60236D8: changes role from  FOLLOWER to FOLLOWER at term 27 for recognizeCandidate:3989452c-7599-4156-9543-3fe544ced0f3
2019-10-16 22:14:46,038 [grpc-default-executor-22] INFO  impl.RoleInfo (RoleInfo.java:shutdownFollowerState(121)) - d9e6ea44-93db-446f-8020-a94232284285: shutdown FollowerState
2019-10-16 22:14:46,038 [grpc-default-executor-24] INFO  impl.RoleInfo (RoleInfo.java:shutdownFollowerState(121)) - eec99a0c-e1b1-4518-bc49-9d1a8c8e04d5: shutdown FollowerState
2019-10-16 22:14:46,038 [Thread-1142] INFO  impl.FollowerState (FollowerState.java:run(117)) - d9e6ea44-93db-446f-8020-a94232284285@group-83CFD60236D8-FollowerState was interrupted: java.lang.InterruptedException: sleep interrupted
2019-10-16 22:14:46,038 [grpc-default-executor-22] INFO  impl.RoleInfo (RoleInfo.java:updateAndGet(143)) - d9e6ea44-93db-446f-8020-a94232284285: start FollowerState
2019-10-16 22:14:46,039 [Thread-1141] INFO  impl.FollowerState (FollowerState.java:run(117)) - eec99a0c-e1b1-4518-bc49-9d1a8c8e04d5@group-83CFD60236D8-FollowerState was interrupted: java.lang.InterruptedException: sleep interrupted
2019-10-16 22:14:46,039 [grpc-default-executor-24] INFO  impl.RoleInfo (RoleInfo.java:updateAndGet(143)) - eec99a0c-e1b1-4518-bc49-9d1a8c8e04d5: start FollowerState
2019-10-16 22:14:46,068 [3989452c-7599-4156-9543-3fe544ced0f3@group-83CFD60236D8-LeaderElection39] INFO  impl.LeaderElection (LeaderElection.java:logAndReturn(56)) - 3989452c-7599-4156-9543-3fe544ced0f3@group-83CFD60236D8-LeaderElection39: Election REJECTED; received 2 response(s) [3989452c-7599-4156-9543-3fe544ced0f3<-eec99a0c-e1b1-4518-bc49-9d1a8c8e04d5#0:FAIL-t27, 3989452c-7599-4156-9543-3fe544ced0f3<-d9e6ea44-93db-446f-8020-a94232284285#0:FAIL-t27] and 0 exception(s); 3989452c-7599-4156-9543-3fe544ced0f3@group-83CFD60236D8:t27, leader=null, voted=3989452c-7599-4156-9543-3fe544ced0f3, raftlog=3989452c-7599-4156-9543-3fe544ced0f3@group-83CFD60236D8-SegmentedRaftLog:OPENED:c-1,f-1,i0, conf=-1: [3989452c-7599-4156-9543-3fe544ced0f3:192.168.157.254:36320, eec99a0c-e1b1-4518-bc49-9d1a8c8e04d5:192.168.157.254:45598, d9e6ea44-93db-446f-8020-a94232284285:192.168.157.254:41671], old=null
2019-10-16 22:14:46,068 [3989452c-7599-4156-9543-3fe544ced0f3@group-83CFD60236D8-LeaderElection39] INFO  impl.RaftServerImpl (RaftServerImpl.java:setRole(184)) - 3989452c-7599-4156-9543-3fe544ced0f3@group-83CFD60236D8: changes role from CANDIDATE to FOLLOWER at term 27 for DISCOVERED_A_NEW_TERM
2019-10-16 22:14:46,068 [3989452c-7599-4156-9543-3fe544ced0f3@group-83CFD60236D8-LeaderElection39] INFO  impl.RoleInfo (RoleInfo.java:shutdownLeaderElection(134)) - 3989452c-7599-4156-9543-3fe544ced0f3: shutdown LeaderElection
2019-10-16 22:14:46,068 [3989452c-7599-4156-9543-3fe544ced0f3@group-83CFD60236D8-LeaderElection39] INFO  impl.RoleInfo (RoleInfo.java:updateAndGet(143)) - 3989452c-7599-4156-9543-3fe544ced0f3: start FollowerState
2019-10-16 22:14:46,098 [Thread-1149] INFO  impl.FollowerState (FollowerState.java:run(108)) - 3989452c-7599-4156-9543-3fe544ced0f3@group-83CFD60236D8-FollowerState: change to CANDIDATE, lastRpcTime:29ms, electionTimeout:29ms
2019-10-16 22:14:46,098 [Thread-1149] INFO  impl.RoleInfo (RoleInfo.java:shutdownFollowerState(121)) - 3989452c-7599-4156-9543-3fe544ced0f3: shutdown FollowerState
2019-10-16 22:14:46,098 [Thread-1149] INFO  impl.RaftServerImpl (RaftServerImpl.java:setRole(184)) - 3989452c-7599-4156-9543-3fe544ced0f3@group-83CFD60236D8: changes role from  FOLLOWER to CANDIDATE at term 27 for changeToCandidate
2019-10-16 22:14:46,098 [Thread-1149] INFO  impl.RoleInfo (RoleInfo.java:updateAndGet(143)) - 3989452c-7599-4156-9543-3fe544ced0f3: start LeaderElection
2019-10-16 22:14:46,112 [3989452c-7599-4156-9543-3fe544ced0f3@group-83CFD60236D8-LeaderElection40] INFO  impl.LeaderElection (LeaderElection.java:askForVotes(178)) - 3989452c-7599-4156-9543-3fe544ced0f3@group-83CFD60236D8-LeaderElection40: begin an election at term 28 for -1: [3989452c-7599-4156-9543-3fe544ced0f3:192.168.157.254:36320, eec99a0c-e1b1-4518-bc49-9d1a8c8e04d5:192.168.157.254:45598, d9e6ea44-93db-446f-8020-a94232284285:192.168.157.254:41671], old=null
2019-10-16 22:14:46,114 [grpc-default-executor-24] INFO  impl.RaftServerImpl (RaftServerImpl.java:setRole(184)) - eec99a0c-e1b1-4518-bc49-9d1a8c8e04d5@group-83CFD60236D8: changes role from  FOLLOWER to FOLLOWER at term 28 for recognizeCandidate:3989452c-7599-4156-9543-3fe544ced0f3
2019-10-16 22:14:46,114 [grpc-default-executor-24] INFO  impl.RoleInfo (RoleInfo.java:shutdownFollowerState(121)) - eec99a0c-e1b1-4518-bc49-9d1a8c8e04d5: shutdown FollowerState
2019-10-16 22:14:46,114 [grpc-default-executor-22] INFO  impl.RaftServerImpl (RaftServerImpl.java:setRole(184)) - d9e6ea44-93db-446f-8020-a94232284285@group-83CFD60236D8: changes role from  FOLLOWER to FOLLOWER at term 28 for recognizeCandidate:3989452c-7599-4156-9543-3fe544ced0f3
2019-10-16 22:14:46,114 [Thread-1148] INFO  impl.FollowerState (FollowerState.java:run(117)) - eec99a0c-e1b1-4518-bc49-9d1a8c8e04d5@group-83CFD60236D8-FollowerState was interrupted: java.lang.InterruptedException: sleep interrupted
2019-10-16 22:14:46,114 [grpc-default-executor-24] INFO  impl.RoleInfo (RoleInfo.java:updateAndGet(143)) - eec99a0c-e1b1-4518-bc49-9d1a8c8e04d5: start FollowerState
2019-10-16 22:14:46,114 [grpc-default-executor-22] INFO  impl.RoleInfo (RoleInfo.java:shutdownFollowerState(121)) - d9e6ea44-93db-446f-8020-a94232284285: shutdown FollowerState
2019-10-16 22:14:46,115 [grpc-default-executor-22] INFO  impl.RoleInfo (RoleInfo.java:updateAndGet(143)) - d9e6ea44-93db-446f-8020-a94232284285: start FollowerState
2019-10-16 22:14:46,115 [Thread-1147] INFO  impl.FollowerState (FollowerState.java:run(117)) - d9e6ea44-93db-446f-8020-a94232284285@group-83CFD60236D8-FollowerState was interrupted: java.lang.InterruptedException: sleep interrupted
2019-10-16 22:14:46,141 [3989452c-7599-4156-9543-3fe544ced0f3@group-83CFD60236D8-LeaderElection40] INFO  impl.LeaderElection (LeaderElection.java:logAndReturn(56)) - 3989452c-7599-4156-9543-3fe544ced0f3@group-83CFD60236D8-LeaderElection40: Election REJECTED; received 2 response(s) [3989452c-7599-4156-9543-3fe544ced0f3<-eec99a0c-e1b1-4518-bc49-9d1a8c8e04d5#0:FAIL-t28, 3989452c-7599-4156-9543-3fe544ced0f3<-d9e6ea44-93db-446f-8020-a94232284285#0:FAIL-t28] and 0 exception(s); 3989452c-7599-4156-9543-3fe544ced0f3@group-83CFD60236D8:t28, leader=null, voted=3989452c-7599-4156-9543-3fe544ced0f3, raftlog=3989452c-7599-4156-9543-3fe544ced0f3@group-83CFD60236D8-SegmentedRaftLog:OPENED:c-1,f-1,i0, conf=-1: [3989452c-7599-4156-9543-3fe544ced0f3:192.168.157.254:36320, eec99a0c-e1b1-4518-bc49-9d1a8c8e04d5:192.168.157.254:45598, d9e6ea44-93db-446f-8020-a94232284285:192.168.157.254:41671], old=null
2019-10-16 22:14:46,141 [3989452c-7599-4156-9543-3fe544ced0f3@group-83CFD60236D8-LeaderElection40] INFO  impl.RaftServerImpl (RaftServerImpl.java:setRole(184)) - 3989452c-7599-4156-9543-3fe544ced0f3@group-83CFD60236D8: changes role from CANDIDATE to FOLLOWER at term 28 for DISCOVERED_A_NEW_TERM
2019-10-16 22:14:46,141 [3989452c-7599-4156-9543-3fe544ced0f3@group-83CFD60236D8-LeaderElection40] INFO  impl.RoleInfo (RoleInfo.java:shutdownLeaderElection(134)) - 3989452c-7599-4156-9543-3fe544ced0f3: shutdown LeaderElection
2019-10-16 22:14:46,142 [3989452c-7599-4156-9543-3fe544ced0f3@group-83CFD60236D8-LeaderElection40] INFO  impl.RoleInfo (RoleInfo.java:updateAndGet(143)) - 3989452c-7599-4156-9543-3fe544ced0f3: start FollowerState
2019-10-16 22:14:46,233 [Thread-1155] INFO  impl.FollowerState (FollowerState.java:run(108)) - 3989452c-7599-4156-9543-3fe544ced0f3@group-83CFD60236D8-FollowerState: change to CANDIDATE, lastRpcTime:91ms, electionTimeout:91ms
2019-10-16 22:14:46,233 [Thread-1155] INFO  impl.RoleInfo (RoleInfo.java:shutdownFollowerState(121)) - 3989452c-7599-4156-9543-3fe544ced0f3: shutdown FollowerState
2019-10-16 22:14:46,233 [Thread-1155] INFO  impl.RaftServerImpl (RaftServerImpl.java:setRole(184)) - 3989452c-7599-4156-9543-3fe544ced0f3@group-83CFD60236D8: changes role from  FOLLOWER to CANDIDATE at term 28 for changeToCandidate
2019-10-16 22:14:46,234 [Thread-1155] INFO  impl.RoleInfo (RoleInfo.java:updateAndGet(143)) - 3989452c-7599-4156-9543-3fe544ced0f3: start LeaderElection
2019-10-16 22:14:46,247 [3989452c-7599-4156-9543-3fe544ced0f3@group-83CFD60236D8-LeaderElection41] INFO  impl.LeaderElection (LeaderElection.java:askForVotes(178)) - 3989452c-7599-4156-9543-3fe544ced0f3@group-83CFD60236D8-LeaderElection41: begin an election at term 29 for -1: [3989452c-7599-4156-9543-3fe544ced0f3:192.168.157.254:36320, eec99a0c-e1b1-4518-bc49-9d1a8c8e04d5:192.168.157.254:45598, d9e6ea44-93db-446f-8020-a94232284285:192.168.157.254:41671], old=null
2019-10-16 22:14:46,249 [grpc-default-executor-22] INFO  impl.RaftServerImpl (RaftServerImpl.java:setRole(184)) - eec99a0c-e1b1-4518-bc49-9d1a8c8e04d5@group-83CFD60236D8: changes role from  FOLLOWER to FOLLOWER at term 29 for recognizeCandidate:3989452c-7599-4156-9543-3fe544ced0f3
2019-10-16 22:14:46,249 [grpc-default-executor-24] INFO  impl.RaftServerImpl (RaftServerImpl.java:setRole(184)) - d9e6ea44-93db-446f-8020-a94232284285@group-83CFD60236D8: changes role from  FOLLOWER to FOLLOWER at term 29 for recognizeCandidate:3989452c-7599-4156-9543-3fe544ced0f3
2019-10-16 22:14:46,250 [grpc-default-executor-22] INFO  impl.RoleInfo (RoleInfo.java:shutdownFollowerState(121)) - eec99a0c-e1b1-4518-bc49-9d1a8c8e04d5: shutdown FollowerState
2019-10-16 22:14:46,250 [grpc-default-executor-24] INFO  impl.RoleInfo (RoleInfo.java:shutdownFollowerState(121)) - d9e6ea44-93db-446f-8020-a94232284285: shutdown FollowerState
2019-10-16 22:14:46,250 [Thread-1153] INFO  impl.FollowerState (FollowerState.java:run(117)) - eec99a0c-e1b1-4518-bc49-9d1a8c8e04d5@group-83CFD60236D8-FollowerState was interrupted: java.lang.InterruptedException: sleep interrupted
2019-10-16 22:14:46,250 [Thread-1154] INFO  impl.FollowerState (FollowerState.java:run(117)) - d9e6ea44-93db-446f-8020-a94232284285@group-83CFD60236D8-FollowerState was interrupted: java.lang.InterruptedException: sleep interrupted
2019-10-16 22:14:46,250 [grpc-default-executor-22] INFO  impl.RoleInfo (RoleInfo.java:updateAndGet(143)) - eec99a0c-e1b1-4518-bc49-9d1a8c8e04d5: start FollowerState
2019-10-16 22:14:46,250 [grpc-default-executor-24] INFO  impl.RoleInfo (RoleInfo.java:updateAndGet(143)) - d9e6ea44-93db-446f-8020-a94232284285: start FollowerState
2019-10-16 22:14:46,266 [3989452c-7599-4156-9543-3fe544ced0f3@group-83CFD60236D8-LeaderElection41] INFO  impl.LeaderElection (LeaderElection.java:logAndReturn(56)) - 3989452c-7599-4156-9543-3fe544ced0f3@group-83CFD60236D8-LeaderElection41: Election REJECTED; received 2 response(s) [3989452c-7599-4156-9543-3fe544ced0f3<-eec99a0c-e1b1-4518-bc49-9d1a8c8e04d5#0:FAIL-t29, 3989452c-7599-4156-9543-3fe544ced0f3<-d9e6ea44-93db-446f-8020-a94232284285#0:FAIL-t29] and 0 exception(s); 3989452c-7599-4156-9543-3fe544ced0f3@group-83CFD60236D8:t29, leader=null, voted=3989452c-7599-4156-9543-3fe544ced0f3, raftlog=3989452c-7599-4156-9543-3fe544ced0f3@group-83CFD60236D8-SegmentedRaftLog:OPENED:c-1,f-1,i0, conf=-1: [3989452c-7599-4156-9543-3fe544ced0f3:192.168.157.254:36320, eec99a0c-e1b1-4518-bc49-9d1a8c8e04d5:192.168.157.254:45598, d9e6ea44-93db-446f-8020-a94232284285:192.168.157.254:41671], old=null
2019-10-16 22:14:46,266 [3989452c-7599-4156-9543-3fe544ced0f3@group-83CFD60236D8-LeaderElection41] INFO  impl.RaftServerImpl (RaftServerImpl.java:setRole(184)) - 3989452c-7599-4156-9543-3fe544ced0f3@group-83CFD60236D8: changes role from CANDIDATE to FOLLOWER at term 29 for DISCOVERED_A_NEW_TERM
2019-10-16 22:14:46,266 [3989452c-7599-4156-9543-3fe544ced0f3@group-83CFD60236D8-LeaderElection41] INFO  impl.RoleInfo (RoleInfo.java:shutdownLeaderElection(134)) - 3989452c-7599-4156-9543-3fe544ced0f3: shutdown LeaderElection
2019-10-16 22:14:46,266 [3989452c-7599-4156-9543-3fe544ced0f3@group-83CFD60236D8-LeaderElection41] INFO  impl.RoleInfo (RoleInfo.java:updateAndGet(143)) - 3989452c-7599-4156-9543-3fe544ced0f3: start FollowerState
2019-10-16 22:14:46,349 [Thread-1161] INFO  impl.FollowerState (FollowerState.java:run(108)) - 3989452c-7599-4156-9543-3fe544ced0f3@group-83CFD60236D8-FollowerState: change to CANDIDATE, lastRpcTime:83ms, electionTimeout:83ms
2019-10-16 22:14:46,350 [Thread-1161] INFO  impl.RoleInfo (RoleInfo.java:shutdownFollowerState(121)) - 3989452c-7599-4156-9543-3fe544ced0f3: shutdown FollowerState
2019-10-16 22:14:46,350 [Thread-1161] INFO  impl.RaftServerImpl (RaftServerImpl.java:setRole(184)) - 3989452c-7599-4156-9543-3fe544ced0f3@group-83CFD60236D8: changes role from  FOLLOWER to CANDIDATE at term 29 for changeToCandidate
2019-10-16 22:14:46,350 [Thread-1161] INFO  impl.RoleInfo (RoleInfo.java:updateAndGet(143)) - 3989452c-7599-4156-9543-3fe544ced0f3: start LeaderElection
2019-10-16 22:14:46,375 [3989452c-7599-4156-9543-3fe544ced0f3@group-83CFD60236D8-LeaderElection42] INFO  impl.LeaderElection (LeaderElection.java:askForVotes(178)) - 3989452c-7599-4156-9543-3fe544ced0f3@group-83CFD60236D8-LeaderElection42: begin an election at term 30 for -1: [3989452c-7599-4156-9543-3fe544ced0f3:192.168.157.254:36320, eec99a0c-e1b1-4518-bc49-9d1a8c8e04d5:192.168.157.254:45598, d9e6ea44-93db-446f-8020-a94232284285:192.168.157.254:41671], old=null
2019-10-16 22:14:46,377 [grpc-default-executor-24] INFO  impl.RaftServerImpl (RaftServerImpl.java:setRole(184)) - eec99a0c-e1b1-4518-bc49-9d1a8c8e04d5@group-83CFD60236D8: changes role from  FOLLOWER to FOLLOWER at term 30 for recognizeCandidate:3989452c-7599-4156-9543-3fe544ced0f3
2019-10-16 22:14:46,377 [grpc-default-executor-24] INFO  impl.RoleInfo (RoleInfo.java:shutdownFollowerState(121)) - eec99a0c-e1b1-4518-bc49-9d1a8c8e04d5: shutdown FollowerState
2019-10-16 22:14:46,377 [grpc-default-executor-22] INFO  impl.RaftServerImpl (RaftServerImpl.java:setRole(184)) - d9e6ea44-93db-446f-8020-a94232284285@group-83CFD60236D8: changes role from  FOLLOWER to FOLLOWER at term 30 for recognizeCandidate:3989452c-7599-4156-9543-3fe544ced0f3
2019-10-16 22:14:46,377 [Thread-1159] INFO  impl.FollowerState (FollowerState.java:run(117)) - eec99a0c-e1b1-4518-bc49-9d1a8c8e04d5@group-83CFD60236D8-FollowerState was interrupted: java.lang.InterruptedException: sleep interrupted
2019-10-16 22:14:46,377 [grpc-default-executor-24] INFO  impl.RoleInfo (RoleInfo.java:updateAndGet(143)) - eec99a0c-e1b1-4518-bc49-9d1a8c8e04d5: start FollowerState
2019-10-16 22:14:46,377 [grpc-default-executor-22] INFO  impl.RoleInfo (RoleInfo.java:shutdownFollowerState(121)) - d9e6ea44-93db-446f-8020-a94232284285: shutdown FollowerState
2019-10-16 22:14:46,378 [grpc-default-executor-22] INFO  impl.RoleInfo (RoleInfo.java:updateAndGet(143)) - d9e6ea44-93db-446f-8020-a94232284285: start FollowerState
2019-10-16 22:14:46,378 [Thread-1160] INFO  impl.FollowerState (FollowerState.java:run(117)) - d9e6ea44-93db-446f-8020-a94232284285@group-83CFD60236D8-FollowerState was interrupted: java.lang.InterruptedException: sleep interrupted
2019-10-16 22:14:46,404 [3989452c-7599-4156-9543-3fe544ced0f3@group-83CFD60236D8-LeaderElection42] INFO  impl.LeaderElection (LeaderElection.java:logAndReturn(56)) - 3989452c-7599-4156-9543-3fe544ced0f3@group-83CFD60236D8-LeaderElection42: Election REJECTED; received 2 response(s) [3989452c-7599-4156-9543-3fe544ced0f3<-eec99a0c-e1b1-4518-bc49-9d1a8c8e04d5#0:FAIL-t30, 3989452c-7599-4156-9543-3fe544ced0f3<-d9e6ea44-93db-446f-8020-a94232284285#0:FAIL-t30] and 0 exception(s); 3989452c-7599-4156-9543-3fe544ced0f3@group-83CFD60236D8:t30, leader=null, voted=3989452c-7599-4156-9543-3fe544ced0f3, raftlog=3989452c-7599-4156-9543-3fe544ced0f3@group-83CFD60236D8-SegmentedRaftLog:OPENED:c-1,f-1,i0, conf=-1: [3989452c-7599-4156-9543-3fe544ced0f3:192.168.157.254:36320, eec99a0c-e1b1-4518-bc49-9d1a8c8e04d5:192.168.157.254:45598, d9e6ea44-93db-446f-8020-a94232284285:192.168.157.254:41671], old=null
2019-10-16 22:14:46,404 [3989452c-7599-4156-9543-3fe544ced0f3@group-83CFD60236D8-LeaderElection42] INFO  impl.RaftServerImpl (RaftServerImpl.java:setRole(184)) - 3989452c-7599-4156-9543-3fe544ced0f3@group-83CFD60236D8: changes role from CANDIDATE to FOLLOWER at term 30 for DISCOVERED_A_NEW_TERM
2019-10-16 22:14:46,404 [3989452c-7599-4156-9543-3fe544ced0f3@group-83CFD60236D8-LeaderElection42] INFO  impl.RoleInfo (RoleInfo.java:shutdownLeaderElection(134)) - 3989452c-7599-4156-9543-3fe544ced0f3: shutdown LeaderElection
2019-10-16 22:14:46,404 [3989452c-7599-4156-9543-3fe544ced0f3@group-83CFD60236D8-LeaderElection42] INFO  impl.RoleInfo (RoleInfo.java:updateAndGet(143)) - 3989452c-7599-4156-9543-3fe544ced0f3: start FollowerState
2019-10-16 22:14:46,521 [Thread-1167] INFO  impl.FollowerState (FollowerState.java:run(108)) - 3989452c-7599-4156-9543-3fe544ced0f3@group-83CFD60236D8-FollowerState: change to CANDIDATE, lastRpcTime:116ms, electionTimeout:116ms
2019-10-16 22:14:46,521 [Thread-1167] INFO  impl.RoleInfo (RoleInfo.java:shutdownFollowerState(121)) - 3989452c-7599-4156-9543-3fe544ced0f3: shutdown FollowerState
2019-10-16 22:14:46,521 [Thread-1167] INFO  impl.RaftServerImpl (RaftServerImpl.java:setRole(184)) - 3989452c-7599-4156-9543-3fe544ced0f3@group-83CFD60236D8: changes role from  FOLLOWER to CANDIDATE at term 30 for changeToCandidate
2019-10-16 22:14:46,521 [Thread-1167] INFO  impl.RoleInfo (RoleInfo.java:updateAndGet(143)) - 3989452c-7599-4156-9543-3fe544ced0f3: start LeaderElection
2019-10-16 22:14:46,534 [3989452c-7599-4156-9543-3fe544ced0f3@group-83CFD60236D8-LeaderElection43] INFO  impl.LeaderElection (LeaderElection.java:askForVotes(178)) - 3989452c-7599-4156-9543-3fe544ced0f3@group-83CFD60236D8-LeaderElection43: begin an election at term 31 for -1: [3989452c-7599-4156-9543-3fe544ced0f3:192.168.157.254:36320, eec99a0c-e1b1-4518-bc49-9d1a8c8e04d5:192.168.157.254:45598, d9e6ea44-93db-446f-8020-a94232284285:192.168.157.254:41671], old=null
2019-10-16 22:14:46,536 [grpc-default-executor-24] INFO  impl.RaftServerImpl (RaftServerImpl.java:setRole(184)) - eec99a0c-e1b1-4518-bc49-9d1a8c8e04d5@group-83CFD60236D8: changes role from  FOLLOWER to FOLLOWER at term 31 for recognizeCandidate:3989452c-7599-4156-9543-3fe544ced0f3
2019-10-16 22:14:46,536 [grpc-default-executor-24] INFO  impl.RoleInfo (RoleInfo.java:shutdownFollowerState(121)) - eec99a0c-e1b1-4518-bc49-9d1a8c8e04d5: shutdown FollowerState
2019-10-16 22:14:46,536 [grpc-default-executor-22] INFO  impl.RaftServerImpl (RaftServerImpl.java:setRole(184)) - d9e6ea44-93db-446f-8020-a94232284285@group-83CFD60236D8: changes role from  FOLLOWER to FOLLOWER at term 31 for recognizeCandidate:3989452c-7599-4156-9543-3fe544ced0f3
2019-10-16 22:14:46,536 [Thread-1165] INFO  impl.FollowerState (FollowerState.java:run(117)) - eec99a0c-e1b1-4518-bc49-9d1a8c8e04d5@group-83CFD60236D8-FollowerState was interrupted: java.lang.InterruptedException: sleep interrupted
2019-10-16 22:14:46,536 [grpc-default-executor-24] INFO  impl.RoleInfo (RoleInfo.java:updateAndGet(143)) - eec99a0c-e1b1-4518-bc49-9d1a8c8e04d5: start FollowerState
2019-10-16 22:14:46,537 [grpc-default-executor-22] INFO  impl.RoleInfo (RoleInfo.java:shutdownFollowerState(121)) - d9e6ea44-93db-446f-8020-a94232284285: shutdown FollowerState
2019-10-16 22:14:46,537 [grpc-default-executor-22] INFO  impl.RoleInfo (RoleInfo.java:updateAndGet(143)) - d9e6ea44-93db-446f-8020-a94232284285: start FollowerState
2019-10-16 22:14:46,537 [Thread-1166] INFO  impl.FollowerState (FollowerState.java:run(117)) - d9e6ea44-93db-446f-8020-a94232284285@group-83CFD60236D8-FollowerState was interrupted: java.lang.InterruptedException: sleep interrupted
2019-10-16 22:14:46,552 [3989452c-7599-4156-9543-3fe544ced0f3@group-83CFD60236D8-LeaderElection43] INFO  impl.LeaderElection (LeaderElection.java:logAndReturn(56)) - 3989452c-7599-4156-9543-3fe544ced0f3@group-83CFD60236D8-LeaderElection43: Election REJECTED; received 2 response(s) [3989452c-7599-4156-9543-3fe544ced0f3<-eec99a0c-e1b1-4518-bc49-9d1a8c8e04d5#0:FAIL-t31, 3989452c-7599-4156-9543-3fe544ced0f3<-d9e6ea44-93db-446f-8020-a94232284285#0:FAIL-t31] and 0 exception(s); 3989452c-7599-4156-9543-3fe544ced0f3@group-83CFD60236D8:t31, leader=null, voted=3989452c-7599-4156-9543-3fe544ced0f3, raftlog=3989452c-7599-4156-9543-3fe544ced0f3@group-83CFD60236D8-SegmentedRaftLog:OPENED:c-1,f-1,i0, conf=-1: [3989452c-7599-4156-9543-3fe544ced0f3:192.168.157.254:36320, eec99a0c-e1b1-4518-bc49-9d1a8c8e04d5:192.168.157.254:45598, d9e6ea44-93db-446f-8020-a94232284285:192.168.157.254:41671], old=null
2019-10-16 22:14:46,552 [3989452c-7599-4156-9543-3fe544ced0f3@group-83CFD60236D8-LeaderElection43] INFO  impl.RaftServerImpl (RaftServerImpl.java:setRole(184)) - 3989452c-7599-4156-9543-3fe544ced0f3@group-83CFD60236D8: changes role from CANDIDATE to FOLLOWER at term 31 for DISCOVERED_A_NEW_TERM
2019-10-16 22:14:46,552 [3989452c-7599-4156-9543-3fe544ced0f3@group-83CFD60236D8-LeaderElection43] INFO  impl.RoleInfo (RoleInfo.java:shutdownLeaderElection(134)) - 3989452c-7599-4156-9543-3fe544ced0f3: shutdown LeaderElection
2019-10-16 22:14:46,552 [3989452c-7599-4156-9543-3fe544ced0f3@group-83CFD60236D8-LeaderElection43] INFO  impl.RoleInfo (RoleInfo.java:updateAndGet(143)) - 3989452c-7599-4156-9543-3fe544ced0f3: start FollowerState
2019-10-16 22:14:46,582 [Thread-1173] INFO  impl.FollowerState (FollowerState.java:run(108)) - 3989452c-7599-4156-9543-3fe544ced0f3@group-83CFD60236D8-FollowerState: change to CANDIDATE, lastRpcTime:30ms, electionTimeout:30ms
2019-10-16 22:14:46,583 [Thread-1173] INFO  impl.RoleInfo (RoleInfo.java:shutdownFollowerState(121)) - 3989452c-7599-4156-9543-3fe544ced0f3: shutdown FollowerState
2019-10-16 22:14:46,583 [Thread-1173] INFO  impl.RaftServerImpl (RaftServerImpl.java:setRole(184)) - 3989452c-7599-4156-9543-3fe544ced0f3@group-83CFD60236D8: changes role from  FOLLOWER to CANDIDATE at term 31 for changeToCandidate
2019-10-16 22:14:46,583 [Thread-1173] INFO  impl.RoleInfo (RoleInfo.java:updateAndGet(143)) - 3989452c-7599-4156-9543-3fe544ced0f3: start LeaderElection
2019-10-16 22:14:46,596 [3989452c-7599-4156-9543-3fe544ced0f3@group-83CFD60236D8-LeaderElection44] INFO  impl.LeaderElection (LeaderElection.java:askForVotes(178)) - 3989452c-7599-4156-9543-3fe544ced0f3@group-83CFD60236D8-LeaderElection44: begin an election at term 32 for -1: [3989452c-7599-4156-9543-3fe544ced0f3:192.168.157.254:36320, eec99a0c-e1b1-4518-bc49-9d1a8c8e04d5:192.168.157.254:45598, d9e6ea44-93db-446f-8020-a94232284285:192.168.157.254:41671], old=null
2019-10-16 22:14:46,598 [grpc-default-executor-24] INFO  impl.RaftServerImpl (RaftServerImpl.java:setRole(184)) - eec99a0c-e1b1-4518-bc49-9d1a8c8e04d5@group-83CFD60236D8: changes role from  FOLLOWER to FOLLOWER at term 32 for recognizeCandidate:3989452c-7599-4156-9543-3fe544ced0f3
2019-10-16 22:14:46,598 [grpc-default-executor-24] INFO  impl.RoleInfo (RoleInfo.java:shutdownFollowerState(121)) - eec99a0c-e1b1-4518-bc49-9d1a8c8e04d5: shutdown FollowerState
2019-10-16 22:14:46,599 [grpc-default-executor-24] INFO  impl.RoleInfo (RoleInfo.java:updateAndGet(143)) - eec99a0c-e1b1-4518-bc49-9d1a8c8e04d5: start FollowerState
2019-10-16 22:14:46,599 [Thread-1171] INFO  impl.FollowerState (FollowerState.java:run(117)) - eec99a0c-e1b1-4518-bc49-9d1a8c8e04d5@group-83CFD60236D8-FollowerState was interrupted: java.lang.InterruptedException: sleep interrupted
2019-10-16 22:14:46,599 [grpc-default-executor-22] INFO  impl.RaftServerImpl (RaftServerImpl.java:setRole(184)) - d9e6ea44-93db-446f-8020-a94232284285@group-83CFD60236D8: changes role from  FOLLOWER to FOLLOWER at term 32 for recognizeCandidate:3989452c-7599-4156-9543-3fe544ced0f3
2019-10-16 22:14:46,599 [grpc-default-executor-22] INFO  impl.RoleInfo (RoleInfo.java:shutdownFollowerState(121)) - d9e6ea44-93db-446f-8020-a94232284285: shutdown FollowerState
2019-10-16 22:14:46,599 [grpc-default-executor-22] INFO  impl.RoleInfo (RoleInfo.java:updateAndGet(143)) - d9e6ea44-93db-446f-8020-a94232284285: start FollowerState
2019-10-16 22:14:46,599 [Thread-1172] INFO  impl.FollowerState (FollowerState.java:run(117)) - d9e6ea44-93db-446f-8020-a94232284285@group-83CFD60236D8-FollowerState was interrupted: java.lang.InterruptedException: sleep interrupted
2019-10-16 22:14:46,621 [3989452c-7599-4156-9543-3fe544ced0f3@group-83CFD60236D8-LeaderElection44] INFO  impl.LeaderElection (LeaderElection.java:logAndReturn(56)) - 3989452c-7599-4156-9543-3fe544ced0f3@group-83CFD60236D8-LeaderElection44: Election TIMEOUT; received 0 response(s) [] and 0 exception(s); 3989452c-7599-4156-9543-3fe544ced0f3@group-83CFD60236D8:t32, leader=null, voted=3989452c-7599-4156-9543-3fe544ced0f3, raftlog=3989452c-7599-4156-9543-3fe544ced0f3@group-83CFD60236D8-SegmentedRaftLog:OPENED:c-1,f-1,i0, conf=-1: [3989452c-7599-4156-9543-3fe544ced0f3:192.168.157.254:36320, eec99a0c-e1b1-4518-bc49-9d1a8c8e04d5:192.168.157.254:45598, d9e6ea44-93db-446f-8020-a94232284285:192.168.157.254:41671], old=null
2019-10-16 22:14:46,626 [3989452c-7599-4156-9543-3fe544ced0f3@group-83CFD60236D8-LeaderElection44] INFO  impl.LeaderElection (LeaderElection.java:askForVotes(178)) - 3989452c-7599-4156-9543-3fe544ced0f3@group-83CFD60236D8-LeaderElection44: begin an election at term 33 for -1: [3989452c-7599-4156-9543-3fe544ced0f3:192.168.157.254:36320, eec99a0c-e1b1-4518-bc49-9d1a8c8e04d5:192.168.157.254:45598, d9e6ea44-93db-446f-8020-a94232284285:192.168.157.254:41671], old=null
2019-10-16 22:14:46,629 [grpc-default-executor-24] INFO  impl.RaftServerImpl (RaftServerImpl.java:setRole(184)) - eec99a0c-e1b1-4518-bc49-9d1a8c8e04d5@group-83CFD60236D8: changes role from  FOLLOWER to FOLLOWER at term 33 for recognizeCandidate:3989452c-7599-4156-9543-3fe544ced0f3
2019-10-16 22:14:46,629 [grpc-default-executor-24] INFO  impl.RoleInfo (RoleInfo.java:shutdownFollowerState(121)) - eec99a0c-e1b1-4518-bc49-9d1a8c8e04d5: shutdown FollowerState
2019-10-16 22:14:46,629 [grpc-default-executor-22] INFO  impl.RaftServerImpl (RaftServerImpl.java:setRole(184)) - d9e6ea44-93db-446f-8020-a94232284285@group-83CFD60236D8: changes role from  FOLLOWER to FOLLOWER at term 33 for recognizeCandidate:3989452c-7599-4156-9543-3fe544ced0f3
2019-10-16 22:14:46,629 [Thread-1177] INFO  impl.FollowerState (FollowerState.java:run(117)) - eec99a0c-e1b1-4518-bc49-9d1a8c8e04d5@group-83CFD60236D8-FollowerState was interrupted: java.lang.InterruptedException: sleep interrupted
2019-10-16 22:14:46,629 [grpc-default-executor-24] INFO  impl.RoleInfo (RoleInfo.java:updateAndGet(143)) - eec99a0c-e1b1-4518-bc49-9d1a8c8e04d5: start FollowerState
2019-10-16 22:14:46,629 [grpc-default-executor-22] INFO  impl.RoleInfo (RoleInfo.java:shutdownFollowerState(121)) - d9e6ea44-93db-446f-8020-a94232284285: shutdown FollowerState
2019-10-16 22:14:46,630 [grpc-default-executor-22] INFO  impl.RoleInfo (RoleInfo.java:updateAndGet(143)) - d9e6ea44-93db-446f-8020-a94232284285: start FollowerState
2019-10-16 22:14:46,630 [Thread-1178] INFO  impl.FollowerState (FollowerState.java:run(117)) - d9e6ea44-93db-446f-8020-a94232284285@group-83CFD60236D8-FollowerState was interrupted: java.lang.InterruptedException: sleep interrupted
2019-10-16 22:14:46,656 [3989452c-7599-4156-9543-3fe544ced0f3@group-83CFD60236D8-LeaderElection44] INFO  impl.LeaderElection (LeaderElection.java:logAndReturn(56)) - 3989452c-7599-4156-9543-3fe544ced0f3@group-83CFD60236D8-LeaderElection44: Election REJECTED; received 2 response(s) [3989452c-7599-4156-9543-3fe544ced0f3<-eec99a0c-e1b1-4518-bc49-9d1a8c8e04d5#0:FAIL-t33, 3989452c-7599-4156-9543-3fe544ced0f3<-d9e6ea44-93db-446f-8020-a94232284285#0:FAIL-t33] and 0 exception(s); 3989452c-7599-4156-9543-3fe544ced0f3@group-83CFD60236D8:t33, leader=null, voted=3989452c-7599-4156-9543-3fe544ced0f3, raftlog=3989452c-7599-4156-9543-3fe544ced0f3@group-83CFD60236D8-SegmentedRaftLog:OPENED:c-1,f-1,i0, conf=-1: [3989452c-7599-4156-9543-3fe544ced0f3:192.168.157.254:36320, eec99a0c-e1b1-4518-bc49-9d1a8c8e04d5:192.168.157.254:45598, d9e6ea44-93db-446f-8020-a94232284285:192.168.157.254:41671], old=null
2019-10-16 22:14:46,657 [3989452c-7599-4156-9543-3fe544ced0f3@group-83CFD60236D8-LeaderElection44] INFO  impl.RaftServerImpl (RaftServerImpl.java:setRole(184)) - 3989452c-7599-4156-9543-3fe544ced0f3@group-83CFD60236D8: changes role from CANDIDATE to FOLLOWER at term 33 for DISCOVERED_A_NEW_TERM
2019-10-16 22:14:46,657 [3989452c-7599-4156-9543-3fe544ced0f3@group-83CFD60236D8-LeaderElection44] INFO  impl.RoleInfo (RoleInfo.java:shutdownLeaderElection(134)) - 3989452c-7599-4156-9543-3fe544ced0f3: shutdown LeaderElection
2019-10-16 22:14:46,657 [3989452c-7599-4156-9543-3fe544ced0f3@group-83CFD60236D8-LeaderElection44] INFO  impl.RoleInfo (RoleInfo.java:updateAndGet(143)) - 3989452c-7599-4156-9543-3fe544ced0f3: start FollowerState
2019-10-16 22:14:46,784 [Thread-1183] INFO  impl.FollowerState (FollowerState.java:run(108)) - 3989452c-7599-4156-9543-3fe544ced0f3@group-83CFD60236D8-FollowerState: change to CANDIDATE, lastRpcTime:127ms, electionTimeout:127ms
2019-10-16 22:14:46,785 [Thread-1183] INFO  impl.RoleInfo (RoleInfo.java:shutdownFollowerState(121)) - 3989452c-7599-4156-9543-3fe544ced0f3: shutdown FollowerState
2019-10-16 22:14:46,785 [Thread-1183] INFO  impl.RaftServerImpl (RaftServerImpl.java:setRole(184)) - 3989452c-7599-4156-9543-3fe544ced0f3@group-83CFD60236D8: changes role from  FOLLOWER to CANDIDATE at term 33 for changeToCandidate
2019-10-16 22:14:46,785 [Thread-1183] INFO  impl.RoleInfo (RoleInfo.java:updateAndGet(143)) - 3989452c-7599-4156-9543-3fe544ced0f3: start LeaderElection
2019-10-16 22:14:46,798 [3989452c-7599-4156-9543-3fe544ced0f3@group-83CFD60236D8-LeaderElection45] INFO  impl.LeaderElection (LeaderElection.java:askForVotes(178)) - 3989452c-7599-4156-9543-3fe544ced0f3@group-83CFD60236D8-LeaderElection45: begin an election at term 34 for -1: [3989452c-7599-4156-9543-3fe544ced0f3:192.168.157.254:36320, eec99a0c-e1b1-4518-bc49-9d1a8c8e04d5:192.168.157.254:45598, d9e6ea44-93db-446f-8020-a94232284285:192.168.157.254:41671], old=null
2019-10-16 22:14:46,801 [grpc-default-executor-22] INFO  impl.RaftServerImpl (RaftServerImpl.java:setRole(184)) - eec99a0c-e1b1-4518-bc49-9d1a8c8e04d5@group-83CFD60236D8: changes role from  FOLLOWER to FOLLOWER at term 34 for recognizeCandidate:3989452c-7599-4156-9543-3fe544ced0f3
2019-10-16 22:14:46,801 [grpc-default-executor-22] INFO  impl.RoleInfo (RoleInfo.java:shutdownFollowerState(121)) - eec99a0c-e1b1-4518-bc49-9d1a8c8e04d5: shutdown FollowerState
2019-10-16 22:14:46,801 [grpc-default-executor-22] INFO  impl.RoleInfo (RoleInfo.java:updateAndGet(143)) - eec99a0c-e1b1-4518-bc49-9d1a8c8e04d5: start FollowerState
2019-10-16 22:14:46,801 [Thread-1181] INFO  impl.FollowerState (FollowerState.java:run(117)) - eec99a0c-e1b1-4518-bc49-9d1a8c8e04d5@group-83CFD60236D8-FollowerState was interrupted: java.lang.InterruptedException: sleep interrupted
2019-10-16 22:14:46,801 [grpc-default-executor-24] INFO  impl.RaftServerImpl (RaftServerImpl.java:setRole(184)) - d9e6ea44-93db-446f-8020-a94232284285@group-83CFD60236D8: changes role from  FOLLOWER to FOLLOWER at term 34 for recognizeCandidate:3989452c-7599-4156-9543-3fe544ced0f3
2019-10-16 22:14:46,802 [grpc-default-executor-24] INFO  impl.RoleInfo (RoleInfo.java:shutdownFollowerState(121)) - d9e6ea44-93db-446f-8020-a94232284285: shutdown FollowerState
2019-10-16 22:14:46,802 [grpc-default-executor-24] INFO  impl.RoleInfo (RoleInfo.java:updateAndGet(143)) - d9e6ea44-93db-446f-8020-a94232284285: start FollowerState
2019-10-16 22:14:46,802 [Thread-1182] INFO  impl.FollowerState (FollowerState.java:run(117)) - d9e6ea44-93db-446f-8020-a94232284285@group-83CFD60236D8-FollowerState was interrupted: java.lang.InterruptedException: sleep interrupted
2019-10-16 22:14:46,828 [3989452c-7599-4156-9543-3fe544ced0f3@group-83CFD60236D8-LeaderElection45] INFO  impl.LeaderElection (LeaderElection.java:logAndReturn(56)) - 3989452c-7599-4156-9543-3fe544ced0f3@group-83CFD60236D8-LeaderElection45: Election REJECTED; received 2 response(s) [3989452c-7599-4156-9543-3fe544ced0f3<-eec99a0c-e1b1-4518-bc49-9d1a8c8e04d5#0:FAIL-t34, 3989452c-7599-4156-9543-3fe544ced0f3<-d9e6ea44-93db-446f-8020-a94232284285#0:FAIL-t34] and 0 exception(s); 3989452c-7599-4156-9543-3fe544ced0f3@group-83CFD60236D8:t34, leader=null, voted=3989452c-7599-4156-9543-3fe544ced0f3, raftlog=3989452c-7599-4156-9543-3fe544ced0f3@group-83CFD60236D8-SegmentedRaftLog:OPENED:c-1,f-1,i0, conf=-1: [3989452c-7599-4156-9543-3fe544ced0f3:192.168.157.254:36320, eec99a0c-e1b1-4518-bc49-9d1a8c8e04d5:192.168.157.254:45598, d9e6ea44-93db-446f-8020-a94232284285:192.168.157.254:41671], old=null
2019-10-16 22:14:46,828 [3989452c-7599-4156-9543-3fe544ced0f3@group-83CFD60236D8-LeaderElection45] INFO  impl.RaftServerImpl (RaftServerImpl.java:setRole(184)) - 3989452c-7599-4156-9543-3fe544ced0f3@group-83CFD60236D8: changes role from CANDIDATE to FOLLOWER at term 34 for DISCOVERED_A_NEW_TERM
2019-10-16 22:14:46,828 [3989452c-7599-4156-9543-3fe544ced0f3@group-83CFD60236D8-LeaderElection45] INFO  impl.RoleInfo (RoleInfo.java:shutdownLeaderElection(134)) - 3989452c-7599-4156-9543-3fe544ced0f3: shutdown LeaderElection
2019-10-16 22:14:46,828 [3989452c-7599-4156-9543-3fe544ced0f3@group-83CFD60236D8-LeaderElection45] INFO  impl.RoleInfo (RoleInfo.java:updateAndGet(143)) - 3989452c-7599-4156-9543-3fe544ced0f3: start FollowerState
2019-10-16 22:14:46,884 [Thread-1191] INFO  impl.FollowerState (FollowerState.java:run(108)) - 3989452c-7599-4156-9543-3fe544ced0f3@group-83CFD60236D8-FollowerState: change to CANDIDATE, lastRpcTime:55ms, electionTimeout:55ms
2019-10-16 22:14:46,884 [Thread-1191] INFO  impl.RoleInfo (RoleInfo.java:shutdownFollowerState(121)) - 3989452c-7599-4156-9543-3fe544ced0f3: shutdown FollowerState
2019-10-16 22:14:46,884 [Thread-1191] INFO  impl.RaftServerImpl (RaftServerImpl.java:setRole(184)) - 3989452c-7599-4156-9543-3fe544ced0f3@group-83CFD60236D8: changes role from  FOLLOWER to CANDIDATE at term 34 for changeToCandidate
2019-10-16 22:14:46,884 [Thread-1191] INFO  impl.RoleInfo (RoleInfo.java:updateAndGet(143)) - 3989452c-7599-4156-9543-3fe544ced0f3: start LeaderElection
2019-10-16 22:14:46,898 [3989452c-7599-4156-9543-3fe544ced0f3@group-83CFD60236D8-LeaderElection46] INFO  impl.LeaderElection (LeaderElection.java:askForVotes(178)) - 3989452c-7599-4156-9543-3fe544ced0f3@group-83CFD60236D8-LeaderElection46: begin an election at term 35 for -1: [3989452c-7599-4156-9543-3fe544ced0f3:192.168.157.254:36320, eec99a0c-e1b1-4518-bc49-9d1a8c8e04d5:192.168.157.254:45598, d9e6ea44-93db-446f-8020-a94232284285:192.168.157.254:41671], old=null
2019-10-16 22:14:46,901 [grpc-default-executor-24] INFO  impl.RaftServerImpl (RaftServerImpl.java:setRole(184)) - eec99a0c-e1b1-4518-bc49-9d1a8c8e04d5@group-83CFD60236D8: changes role from  FOLLOWER to FOLLOWER at term 35 for recognizeCandidate:3989452c-7599-4156-9543-3fe544ced0f3
2019-10-16 22:14:46,901 [grpc-default-executor-24] INFO  impl.RoleInfo (RoleInfo.java:shutdownFollowerState(121)) - eec99a0c-e1b1-4518-bc49-9d1a8c8e04d5: shutdown FollowerState
2019-10-16 22:14:46,901 [grpc-default-executor-24] INFO  impl.RoleInfo (RoleInfo.java:updateAndGet(143)) - eec99a0c-e1b1-4518-bc49-9d1a8c8e04d5: start FollowerState
2019-10-16 22:14:46,901 [grpc-default-executor-22] INFO  impl.RaftServerImpl (RaftServerImpl.java:setRole(184)) - d9e6ea44-93db-446f-8020-a94232284285@group-83CFD60236D8: changes role from  FOLLOWER to FOLLOWER at term 35 for recognizeCandidate:3989452c-7599-4156-9543-3fe544ced0f3
2019-10-16 22:14:46,902 [grpc-default-executor-22] INFO  impl.RoleInfo (RoleInfo.java:shutdownFollowerState(121)) - d9e6ea44-93db-446f-8020-a94232284285: shutdown FollowerState
2019-10-16 22:14:46,901 [Thread-1189] INFO  impl.FollowerState (FollowerState.java:run(117)) - eec99a0c-e1b1-4518-bc49-9d1a8c8e04d5@group-83CFD60236D8-FollowerState was interrupted: java.lang.InterruptedException: sleep interrupted
2019-10-16 22:14:46,902 [Thread-1190] INFO  impl.FollowerState (FollowerState.java:run(117)) - d9e6ea44-93db-446f-8020-a94232284285@group-83CFD60236D8-FollowerState was interrupted: java.lang.InterruptedException: sleep interrupted
2019-10-16 22:14:46,902 [grpc-default-executor-22] INFO  impl.RoleInfo (RoleInfo.java:updateAndGet(143)) - d9e6ea44-93db-446f-8020-a94232284285: start FollowerState
2019-10-16 22:14:46,916 [3989452c-7599-4156-9543-3fe544ced0f3@group-83CFD60236D8-LeaderElection46] INFO  impl.LeaderElection (LeaderElection.java:logAndReturn(56)) - 3989452c-7599-4156-9543-3fe544ced0f3@group-83CFD60236D8-LeaderElection46: Election REJECTED; received 2 response(s) [3989452c-7599-4156-9543-3fe544ced0f3<-eec99a0c-e1b1-4518-bc49-9d1a8c8e04d5#0:FAIL-t35, 3989452c-7599-4156-9543-3fe544ced0f3<-d9e6ea44-93db-446f-8020-a94232284285#0:FAIL-t35] and 0 exception(s); 3989452c-7599-4156-9543-3fe544ced0f3@group-83CFD60236D8:t35, leader=null, voted=3989452c-7599-4156-9543-3fe544ced0f3, raftlog=3989452c-7599-4156-9543-3fe544ced0f3@group-83CFD60236D8-SegmentedRaftLog:OPENED:c-1,f-1,i0, conf=-1: [3989452c-7599-4156-9543-3fe544ced0f3:192.168.157.254:36320, eec99a0c-e1b1-4518-bc49-9d1a8c8e04d5:192.168.157.254:45598, d9e6ea44-93db-446f-8020-a94232284285:192.168.157.254:41671], old=null
2019-10-16 22:14:46,916 [3989452c-7599-4156-9543-3fe544ced0f3@group-83CFD60236D8-LeaderElection46] INFO  impl.RaftServerImpl (RaftServerImpl.java:setRole(184)) - 3989452c-7599-4156-9543-3fe544ced0f3@group-83CFD60236D8: changes role from CANDIDATE to FOLLOWER at term 35 for DISCOVERED_A_NEW_TERM
2019-10-16 22:14:46,917 [3989452c-7599-4156-9543-3fe544ced0f3@group-83CFD60236D8-LeaderElection46] INFO  impl.RoleInfo (RoleInfo.java:shutdownLeaderElection(134)) - 3989452c-7599-4156-9543-3fe544ced0f3: shutdown LeaderElection
2019-10-16 22:14:46,917 [3989452c-7599-4156-9543-3fe544ced0f3@group-83CFD60236D8-LeaderElection46] INFO  impl.RoleInfo (RoleInfo.java:updateAndGet(143)) - 3989452c-7599-4156-9543-3fe544ced0f3: start FollowerState
2019-10-16 22:14:47,015 [Thread-1197] INFO  impl.FollowerState (FollowerState.java:run(108)) - 3989452c-7599-4156-9543-3fe544ced0f3@group-83CFD60236D8-FollowerState: change to CANDIDATE, lastRpcTime:98ms, electionTimeout:98ms
2019-10-16 22:14:47,015 [Thread-1197] INFO  impl.RoleInfo (RoleInfo.java:shutdownFollowerState(121)) - 3989452c-7599-4156-9543-3fe544ced0f3: shutdown FollowerState
2019-10-16 22:14:47,015 [Thread-1197] INFO  impl.RaftServerImpl (RaftServerImpl.java:setRole(184)) - 3989452c-7599-4156-9543-3fe544ced0f3@group-83CFD60236D8: changes role from  FOLLOWER to CANDIDATE at term 35 for changeToCandidate
2019-10-16 22:14:47,016 [Thread-1197] INFO  impl.RoleInfo (RoleInfo.java:updateAndGet(143)) - 3989452c-7599-4156-9543-3fe544ced0f3: start LeaderElection
 0.00% |?                                                                                                    |  0/1 Time: 0:06:032019-10-16 22:14:47,029 [3989452c-7599-4156-9543-3fe544ced0f3@group-83CFD60236D8-LeaderElection47] INFO  impl.LeaderElection (LeaderElection.java:askForVotes(178)) - 3989452c-7599-4156-9543-3fe544ced0f3@group-83CFD60236D8-LeaderElection47: begin an election at term 36 for -1: [3989452c-7599-4156-9543-3fe544ced0f3:192.168.157.254:36320, eec99a0c-e1b1-4518-bc49-9d1a8c8e04d5:192.168.157.254:45598, d9e6ea44-93db-446f-8020-a94232284285:192.168.157.254:41671], old=null
2019-10-16 22:14:47,031 [grpc-default-executor-24] INFO  impl.RaftServerImpl (RaftServerImpl.java:setRole(184)) - eec99a0c-e1b1-4518-bc49-9d1a8c8e04d5@group-83CFD60236D8: changes role from  FOLLOWER to FOLLOWER at term 36 for recognizeCandidate:3989452c-7599-4156-9543-3fe544ced0f3
2019-10-16 22:14:47,031 [grpc-default-executor-24] INFO  impl.RoleInfo (RoleInfo.java:shutdownFollowerState(121)) - eec99a0c-e1b1-4518-bc49-9d1a8c8e04d5: shutdown FollowerState
2019-10-16 22:14:47,031 [grpc-default-executor-22] INFO  impl.RaftServerImpl (RaftServerImpl.java:setRole(184)) - d9e6ea44-93db-446f-8020-a94232284285@group-83CFD60236D8: changes role from  FOLLOWER to FOLLOWER at term 36 for recognizeCandidate:3989452c-7599-4156-9543-3fe544ced0f3
2019-10-16 22:14:47,031 [Thread-1195] INFO  impl.FollowerState (FollowerState.java:run(117)) - eec99a0c-e1b1-4518-bc49-9d1a8c8e04d5@group-83CFD60236D8-FollowerState was interrupted: java.lang.InterruptedException: sleep interrupted
2019-10-16 22:14:47,031 [grpc-default-executor-24] INFO  impl.RoleInfo (RoleInfo.java:updateAndGet(143)) - eec99a0c-e1b1-4518-bc49-9d1a8c8e04d5: start FollowerState
2019-10-16 22:14:47,031 [grpc-default-executor-22] INFO  impl.RoleInfo (RoleInfo.java:shutdownFollowerState(121)) - d9e6ea44-93db-446f-8020-a94232284285: shutdown FollowerState
2019-10-16 22:14:47,032 [grpc-default-executor-22] INFO  impl.RoleInfo (RoleInfo.java:updateAndGet(143)) - d9e6ea44-93db-446f-8020-a94232284285: start FollowerState
2019-10-16 22:14:47,032 [Thread-1196] INFO  impl.FollowerState (FollowerState.java:run(117)) - d9e6ea44-93db-446f-8020-a94232284285@group-83CFD60236D8-FollowerState was interrupted: java.lang.InterruptedException: sleep interrupted
2019-10-16 22:14:47,048 [3989452c-7599-4156-9543-3fe544ced0f3@group-83CFD60236D8-LeaderElection47] INFO  impl.LeaderElection (LeaderElection.java:logAndReturn(56)) - 3989452c-7599-4156-9543-3fe544ced0f3@group-83CFD60236D8-LeaderElection47: Election REJECTED; received 2 response(s) [3989452c-7599-4156-9543-3fe544ced0f3<-eec99a0c-e1b1-4518-bc49-9d1a8c8e04d5#0:FAIL-t36, 3989452c-7599-4156-9543-3fe544ced0f3<-d9e6ea44-93db-446f-8020-a94232284285#0:FAIL-t36] and 0 exception(s); 3989452c-7599-4156-9543-3fe544ced0f3@group-83CFD60236D8:t36, leader=null, voted=3989452c-7599-4156-9543-3fe544ced0f3, raftlog=3989452c-7599-4156-9543-3fe544ced0f3@group-83CFD60236D8-SegmentedRaftLog:OPENED:c-1,f-1,i0, conf=-1: [3989452c-7599-4156-9543-3fe544ced0f3:192.168.157.254:36320, eec99a0c-e1b1-4518-bc49-9d1a8c8e04d5:192.168.157.254:45598, d9e6ea44-93db-446f-8020-a94232284285:192.168.157.254:41671], old=null
2019-10-16 22:14:47,049 [3989452c-7599-4156-9543-3fe544ced0f3@group-83CFD60236D8-LeaderElection47] INFO  impl.RaftServerImpl (RaftServerImpl.java:setRole(184)) - 3989452c-7599-4156-9543-3fe544ced0f3@group-83CFD60236D8: changes role from CANDIDATE to FOLLOWER at term 36 for DISCOVERED_A_NEW_TERM
2019-10-16 22:14:47,049 [3989452c-7599-4156-9543-3fe544ced0f3@group-83CFD60236D8-LeaderElection47] INFO  impl.RoleInfo (RoleInfo.java:shutdownLeaderElection(134)) - 3989452c-7599-4156-9543-3fe544ced0f3: shutdown LeaderElection
2019-10-16 22:14:47,049 [3989452c-7599-4156-9543-3fe544ced0f3@group-83CFD60236D8-LeaderElection47] INFO  impl.RoleInfo (RoleInfo.java:updateAndGet(143)) - 3989452c-7599-4156-9543-3fe544ced0f3: start FollowerState
2019-10-16 22:14:47,092 [Thread-1203] INFO  impl.FollowerState (FollowerState.java:run(108)) - 3989452c-7599-4156-9543-3fe544ced0f3@group-83CFD60236D8-FollowerState: change to CANDIDATE, lastRpcTime:43ms, electionTimeout:43ms
2019-10-16 22:14:47,093 [Thread-1203] INFO  impl.RoleInfo (RoleInfo.java:shutdownFollowerState(121)) - 3989452c-7599-4156-9543-3fe544ced0f3: shutdown FollowerState
2019-10-16 22:14:47,093 [Thread-1203] INFO  impl.RaftServerImpl (RaftServerImpl.java:setRole(184)) - 3989452c-7599-4156-9543-3fe544ced0f3@group-83CFD60236D8: changes role from  FOLLOWER to CANDIDATE at term 36 for changeToCandidate
2019-10-16 22:14:47,093 [Thread-1203] INFO  impl.RoleInfo (RoleInfo.java:updateAndGet(143)) - 3989452c-7599-4156-9543-3fe544ced0f3: start LeaderElection
2019-10-16 22:14:47,131 [3989452c-7599-4156-9543-3fe544ced0f3@group-83CFD60236D8-LeaderElection48] INFO  impl.LeaderElection (LeaderElection.java:askForVotes(178)) - 3989452c-7599-4156-9543-3fe544ced0f3@group-83CFD60236D8-LeaderElection48: begin an election at term 37 for -1: [3989452c-7599-4156-9543-3fe544ced0f3:192.168.157.254:36320, eec99a0c-e1b1-4518-bc49-9d1a8c8e04d5:192.168.157.254:45598, d9e6ea44-93db-446f-8020-a94232284285:192.168.157.254:41671], old=null
2019-10-16 22:14:47,133 [grpc-default-executor-24] INFO  impl.RaftServerImpl (RaftServerImpl.java:setRole(184)) - eec99a0c-e1b1-4518-bc49-9d1a8c8e04d5@group-83CFD60236D8: changes role from  FOLLOWER to FOLLOWER at term 37 for recognizeCandidate:3989452c-7599-4156-9543-3fe544ced0f3
2019-10-16 22:14:47,133 [grpc-default-executor-24] INFO  impl.RoleInfo (RoleInfo.java:shutdownFollowerState(121)) - eec99a0c-e1b1-4518-bc49-9d1a8c8e04d5: shutdown FollowerState
2019-10-16 22:14:47,133 [grpc-default-executor-24] INFO  impl.RoleInfo (RoleInfo.java:updateAndGet(143)) - eec99a0c-e1b1-4518-bc49-9d1a8c8e04d5: start FollowerState
2019-10-16 22:14:47,133 [grpc-default-executor-22] INFO  impl.RaftServerImpl (RaftServerImpl.java:setRole(184)) - d9e6ea44-93db-446f-8020-a94232284285@group-83CFD60236D8: changes role from  FOLLOWER to FOLLOWER at term 37 for recognizeCandidate:3989452c-7599-4156-9543-3fe544ced0f3
2019-10-16 22:14:47,133 [Thread-1201] INFO  impl.FollowerState (FollowerState.java:run(117)) - eec99a0c-e1b1-4518-bc49-9d1a8c8e04d5@group-83CFD60236D8-FollowerState was interrupted: java.lang.InterruptedException: sleep interrupted
2019-10-16 22:14:47,134 [grpc-default-executor-22] INFO  impl.RoleInfo (RoleInfo.java:shutdownFollowerState(121)) - d9e6ea44-93db-446f-8020-a94232284285: shutdown FollowerState
2019-10-16 22:14:47,134 [grpc-default-executor-22] INFO  impl.RoleInfo (RoleInfo.java:updateAndGet(143)) - d9e6ea44-93db-446f-8020-a94232284285: start FollowerState
2019-10-16 22:14:47,134 [Thread-1202] INFO  impl.FollowerState (FollowerState.java:run(117)) - d9e6ea44-93db-446f-8020-a94232284285@group-83CFD60236D8-FollowerState was interrupted: java.lang.InterruptedException: sleep interrupted
2019-10-16 22:14:47,148 [3989452c-7599-4156-9543-3fe544ced0f3@group-83CFD60236D8-LeaderElection48] INFO  impl.LeaderElection (LeaderElection.java:logAndReturn(56)) - 3989452c-7599-4156-9543-3fe544ced0f3@group-83CFD60236D8-LeaderElection48: Election REJECTED; received 2 response(s) [3989452c-7599-4156-9543-3fe544ced0f3<-eec99a0c-e1b1-4518-bc49-9d1a8c8e04d5#0:FAIL-t37, 3989452c-7599-4156-9543-3fe544ced0f3<-d9e6ea44-93db-446f-8020-a94232284285#0:FAIL-t37] and 0 exception(s); 3989452c-7599-4156-9543-3fe544ced0f3@group-83CFD60236D8:t37, leader=null, voted=3989452c-7599-4156-9543-3fe544ced0f3, raftlog=3989452c-7599-4156-9543-3fe544ced0f3@group-83CFD60236D8-SegmentedRaftLog:OPENED:c-1,f-1,i0, conf=-1: [3989452c-7599-4156-9543-3fe544ced0f3:192.168.157.254:36320, eec99a0c-e1b1-4518-bc49-9d1a8c8e04d5:192.168.157.254:45598, d9e6ea44-93db-446f-8020-a94232284285:192.168.157.254:41671], old=null
2019-10-16 22:14:47,148 [3989452c-7599-4156-9543-3fe544ced0f3@group-83CFD60236D8-LeaderElection48] INFO  impl.RaftServerImpl (RaftServerImpl.java:setRole(184)) - 3989452c-7599-4156-9543-3fe544ced0f3@group-83CFD60236D8: changes role from CANDIDATE to FOLLOWER at term 37 for DISCOVERED_A_NEW_TERM
2019-10-16 22:14:47,148 [3989452c-7599-4156-9543-3fe544ced0f3@group-83CFD60236D8-LeaderElection48] INFO  impl.RoleInfo (RoleInfo.java:shutdownLeaderElection(134)) - 3989452c-7599-4156-9543-3fe544ced0f3: shutdown LeaderElection
2019-10-16 22:14:47,148 [3989452c-7599-4156-9543-3fe544ced0f3@group-83CFD60236D8-LeaderElection48] INFO  impl.RoleInfo (RoleInfo.java:updateAndGet(143)) - 3989452c-7599-4156-9543-3fe544ced0f3: start FollowerState
2019-10-16 22:14:47,229 [Thread-1209] INFO  impl.FollowerState (FollowerState.java:run(108)) - 3989452c-7599-4156-9543-3fe544ced0f3@group-83CFD60236D8-FollowerState: change to CANDIDATE, lastRpcTime:80ms, electionTimeout:80ms
2019-10-16 22:14:47,229 [Thread-1209] INFO  impl.RoleInfo (RoleInfo.java:shutdownFollowerState(121)) - 3989452c-7599-4156-9543-3fe544ced0f3: shutdown FollowerState
2019-10-16 22:14:47,229 [Thread-1209] INFO  impl.RaftServerImpl (RaftServerImpl.java:setRole(184)) - 3989452c-7599-4156-9543-3fe544ced0f3@group-83CFD60236D8: changes role from  FOLLOWER to CANDIDATE at term 37 for changeToCandidate
2019-10-16 22:14:47,229 [Thread-1209] INFO  impl.RoleInfo (RoleInfo.java:updateAndGet(143)) - 3989452c-7599-4156-9543-3fe544ced0f3: start LeaderElection
2019-10-16 22:14:47,243 [3989452c-7599-4156-9543-3fe544ced0f3@group-83CFD60236D8-LeaderElection49] INFO  impl.LeaderElection (LeaderElection.java:askForVotes(178)) - 3989452c-7599-4156-9543-3fe544ced0f3@group-83CFD60236D8-LeaderElection49: begin an election at term 38 for -1: [3989452c-7599-4156-9543-3fe544ced0f3:192.168.157.254:36320, eec99a0c-e1b1-4518-bc49-9d1a8c8e04d5:192.168.157.254:45598, d9e6ea44-93db-446f-8020-a94232284285:192.168.157.254:41671], old=null
2019-10-16 22:14:47,246 [grpc-default-executor-22] INFO  impl.RaftServerImpl (RaftServerImpl.java:setRole(184)) - eec99a0c-e1b1-4518-bc49-9d1a8c8e04d5@group-83CFD60236D8: changes role from  FOLLOWER to FOLLOWER at term 38 for recognizeCandidate:3989452c-7599-4156-9543-3fe544ced0f3
2019-10-16 22:14:47,246 [grpc-default-executor-22] INFO  impl.RoleInfo (RoleInfo.java:shutdownFollowerState(121)) - eec99a0c-e1b1-4518-bc49-9d1a8c8e04d5: shutdown FollowerState
2019-10-16 22:14:47,247 [grpc-default-executor-22] INFO  impl.RoleInfo (RoleInfo.java:updateAndGet(143)) - eec99a0c-e1b1-4518-bc49-9d1a8c8e04d5: start FollowerState
2019-10-16 22:14:47,247 [Thread-1207] INFO  impl.FollowerState (FollowerState.java:run(117)) - eec99a0c-e1b1-4518-bc49-9d1a8c8e04d5@group-83CFD60236D8-FollowerState was interrupted: java.lang.InterruptedException: sleep interrupted
2019-10-16 22:14:47,247 [grpc-default-executor-24] INFO  impl.RaftServerImpl (RaftServerImpl.java:setRole(184)) - d9e6ea44-93db-446f-8020-a94232284285@group-83CFD60236D8: changes role from  FOLLOWER to FOLLOWER at term 38 for recognizeCandidate:3989452c-7599-4156-9543-3fe544ced0f3
2019-10-16 22:14:47,247 [grpc-default-executor-24] INFO  impl.RoleInfo (RoleInfo.java:shutdownFollowerState(121)) - d9e6ea44-93db-446f-8020-a94232284285: shutdown FollowerState
2019-10-16 22:14:47,247 [grpc-default-executor-24] INFO  impl.RoleInfo (RoleInfo.java:updateAndGet(143)) - d9e6ea44-93db-446f-8020-a94232284285: start FollowerState
2019-10-16 22:14:47,247 [Thread-1208] INFO  impl.FollowerState (FollowerState.java:run(117)) - d9e6ea44-93db-446f-8020-a94232284285@group-83CFD60236D8-FollowerState was interrupted: java.lang.InterruptedException: sleep interrupted
2019-10-16 22:14:47,261 [3989452c-7599-4156-9543-3fe544ced0f3@group-83CFD60236D8-LeaderElection49] INFO  impl.LeaderElection (LeaderElection.java:logAndReturn(56)) - 3989452c-7599-4156-9543-3fe544ced0f3@group-83CFD60236D8-LeaderElection49: Election REJECTED; received 2 response(s) [3989452c-7599-4156-9543-3fe544ced0f3<-eec99a0c-e1b1-4518-bc49-9d1a8c8e04d5#0:FAIL-t38, 3989452c-7599-4156-9543-3fe544ced0f3<-d9e6ea44-93db-446f-8020-a94232284285#0:FAIL-t38] and 0 exception(s); 3989452c-7599-4156-9543-3fe544ced0f3@group-83CFD60236D8:t38, leader=null, voted=3989452c-7599-4156-9543-3fe544ced0f3, raftlog=3989452c-7599-4156-9543-3fe544ced0f3@group-83CFD60236D8-SegmentedRaftLog:OPENED:c-1,f-1,i0, conf=-1: [3989452c-7599-4156-9543-3fe544ced0f3:192.168.157.254:36320, eec99a0c-e1b1-4518-bc49-9d1a8c8e04d5:192.168.157.254:45598, d9e6ea44-93db-446f-8020-a94232284285:192.168.157.254:41671], old=null
2019-10-16 22:14:47,261 [3989452c-7599-4156-9543-3fe544ced0f3@group-83CFD60236D8-LeaderElection49] INFO  impl.RaftServerImpl (RaftServerImpl.java:setRole(184)) - 3989452c-7599-4156-9543-3fe544ced0f3@group-83CFD60236D8: changes role from CANDIDATE to FOLLOWER at term 38 for DISCOVERED_A_NEW_TERM
2019-10-16 22:14:47,261 [3989452c-7599-4156-9543-3fe544ced0f3@group-83CFD60236D8-LeaderElection49] INFO  impl.RoleInfo (RoleInfo.java:shutdownLeaderElection(134)) - 3989452c-7599-4156-9543-3fe544ced0f3: shutdown LeaderElection
2019-10-16 22:14:47,262 [3989452c-7599-4156-9543-3fe544ced0f3@group-83CFD60236D8-LeaderElection49] INFO  impl.RoleInfo (RoleInfo.java:updateAndGet(143)) - 3989452c-7599-4156-9543-3fe544ced0f3: start FollowerState
2019-10-16 22:14:47,414 [Thread-1215] INFO  impl.FollowerState (FollowerState.java:run(108)) - 3989452c-7599-4156-9543-3fe544ced0f3@group-83CFD60236D8-FollowerState: change to CANDIDATE, lastRpcTime:152ms, electionTimeout:152ms
2019-10-16 22:14:47,414 [Thread-1215] INFO  impl.RoleInfo (RoleInfo.java:shutdownFollowerState(121)) - 3989452c-7599-4156-9543-3fe544ced0f3: shutdown FollowerState
2019-10-16 22:14:47,414 [Thread-1215] INFO  impl.RaftServerImpl (RaftServerImpl.java:setRole(184)) - 3989452c-7599-4156-9543-3fe544ced0f3@group-83CFD60236D8: changes role from  FOLLOWER to CANDIDATE at term 38 for changeToCandidate
2019-10-16 22:14:47,415 [Thread-1215] INFO  impl.RoleInfo (RoleInfo.java:updateAndGet(143)) - 3989452c-7599-4156-9543-3fe544ced0f3: start LeaderElection
2019-10-16 22:14:47,429 [3989452c-7599-4156-9543-3fe544ced0f3@group-83CFD60236D8-LeaderElection50] INFO  impl.LeaderElection (LeaderElection.java:askForVotes(178)) - 3989452c-7599-4156-9543-3fe544ced0f3@group-83CFD60236D8-LeaderElection50: begin an election at term 39 for -1: [3989452c-7599-4156-9543-3fe544ced0f3:192.168.157.254:36320, eec99a0c-e1b1-4518-bc49-9d1a8c8e04d5:192.168.157.254:45598, d9e6ea44-93db-446f-8020-a94232284285:192.168.157.254:41671], old=null
2019-10-16 22:14:47,431 [grpc-default-executor-22] INFO  impl.RaftServerImpl (RaftServerImpl.java:setRole(184)) - d9e6ea44-93db-446f-8020-a94232284285@group-83CFD60236D8: changes role from  FOLLOWER to FOLLOWER at term 39 for recognizeCandidate:3989452c-7599-4156-9543-3fe544ced0f3
2019-10-16 22:14:47,431 [grpc-default-executor-24] INFO  impl.RaftServerImpl (RaftServerImpl.java:setRole(184)) - eec99a0c-e1b1-4518-bc49-9d1a8c8e04d5@group-83CFD60236D8: changes role from  FOLLOWER to FOLLOWER at term 39 for recognizeCandidate:3989452c-7599-4156-9543-3fe544ced0f3
2019-10-16 22:14:47,432 [grpc-default-executor-22] INFO  impl.RoleInfo (RoleInfo.java:shutdownFollowerState(121)) - d9e6ea44-93db-446f-8020-a94232284285: shutdown FollowerState
2019-10-16 22:14:47,432 [grpc-default-executor-24] INFO  impl.RoleInfo (RoleInfo.java:shutdownFollowerState(121)) - eec99a0c-e1b1-4518-bc49-9d1a8c8e04d5: shutdown FollowerState
2019-10-16 22:14:47,432 [grpc-default-executor-22] INFO  impl.RoleInfo (RoleInfo.java:updateAndGet(143)) - d9e6ea44-93db-446f-8020-a94232284285: start FollowerState
2019-10-16 22:14:47,432 [Thread-1214] INFO  impl.FollowerState (FollowerState.java:run(117)) - d9e6ea44-93db-446f-8020-a94232284285@group-83CFD60236D8-FollowerState was interrupted: java.lang.InterruptedException: sleep interrupted
2019-10-16 22:14:47,432 [grpc-default-executor-24] INFO  impl.RoleInfo (RoleInfo.java:updateAndGet(143)) - eec99a0c-e1b1-4518-bc49-9d1a8c8e04d5: start FollowerState
2019-10-16 22:14:47,432 [Thread-1213] INFO  impl.FollowerState (FollowerState.java:run(117)) - eec99a0c-e1b1-4518-bc49-9d1a8c8e04d5@group-83CFD60236D8-FollowerState was interrupted: java.lang.InterruptedException: sleep interrupted
2019-10-16 22:14:47,459 [3989452c-7599-4156-9543-3fe544ced0f3@group-83CFD60236D8-LeaderElection50] INFO  impl.LeaderElection (LeaderElection.java:logAndReturn(56)) - 3989452c-7599-4156-9543-3fe544ced0f3@group-83CFD60236D8-LeaderElection50: Election REJECTED; received 2 response(s) [3989452c-7599-4156-9543-3fe544ced0f3<-eec99a0c-e1b1-4518-bc49-9d1a8c8e04d5#0:FAIL-t39, 3989452c-7599-4156-9543-3fe544ced0f3<-d9e6ea44-93db-446f-8020-a94232284285#0:FAIL-t39] and 0 exception(s); 3989452c-7599-4156-9543-3fe544ced0f3@group-83CFD60236D8:t39, leader=null, voted=3989452c-7599-4156-9543-3fe544ced0f3, raftlog=3989452c-7599-4156-9543-3fe544ced0f3@group-83CFD60236D8-SegmentedRaftLog:OPENED:c-1,f-1,i0, conf=-1: [3989452c-7599-4156-9543-3fe544ced0f3:192.168.157.254:36320, eec99a0c-e1b1-4518-bc49-9d1a8c8e04d5:192.168.157.254:45598, d9e6ea44-93db-446f-8020-a94232284285:192.168.157.254:41671], old=null
2019-10-16 22:14:47,459 [3989452c-7599-4156-9543-3fe544ced0f3@group-83CFD60236D8-LeaderElection50] INFO  impl.RaftServerImpl (RaftServerImpl.java:setRole(184)) - 3989452c-7599-4156-9543-3fe544ced0f3@group-83CFD60236D8: changes role from CANDIDATE to FOLLOWER at term 39 for DISCOVERED_A_NEW_TERM
2019-10-16 22:14:47,459 [3989452c-7599-4156-9543-3fe544ced0f3@group-83CFD60236D8-LeaderElection50] INFO  impl.RoleInfo (RoleInfo.java:shutdownLeaderElection(134)) - 3989452c-7599-4156-9543-3fe544ced0f3: shutdown LeaderElection
2019-10-16 22:14:47,459 [3989452c-7599-4156-9543-3fe544ced0f3@group-83CFD60236D8-LeaderElection50] INFO  impl.RoleInfo (RoleInfo.java:updateAndGet(143)) - 3989452c-7599-4156-9543-3fe544ced0f3: start FollowerState
2019-10-16 22:14:47,517 [Thread-1221] INFO  impl.FollowerState (FollowerState.java:run(108)) - 3989452c-7599-4156-9543-3fe544ced0f3@group-83CFD60236D8-FollowerState: change to CANDIDATE, lastRpcTime:57ms, electionTimeout:57ms
2019-10-16 22:14:47,517 [Thread-1221] INFO  impl.RoleInfo (RoleInfo.java:shutdownFollowerState(121)) - 3989452c-7599-4156-9543-3fe544ced0f3: shutdown FollowerState
2019-10-16 22:14:47,517 [Thread-1221] INFO  impl.RaftServerImpl (RaftServerImpl.java:setRole(184)) - 3989452c-7599-4156-9543-3fe544ced0f3@group-83CFD60236D8: changes role from  FOLLOWER to CANDIDATE at term 39 for changeToCandidate
2019-10-16 22:14:47,517 [Thread-1221] INFO  impl.RoleInfo (RoleInfo.java:updateAndGet(143)) - 3989452c-7599-4156-9543-3fe544ced0f3: start LeaderElection
2019-10-16 22:14:47,531 [3989452c-7599-4156-9543-3fe544ced0f3@group-83CFD60236D8-LeaderElection51] INFO  impl.LeaderElection (LeaderElection.java:askForVotes(178)) - 3989452c-7599-4156-9543-3fe544ced0f3@group-83CFD60236D8-LeaderElection51: begin an election at term 40 for -1: [3989452c-7599-4156-9543-3fe544ced0f3:192.168.157.254:36320, eec99a0c-e1b1-4518-bc49-9d1a8c8e04d5:192.168.157.254:45598, d9e6ea44-93db-446f-8020-a94232284285:192.168.157.254:41671], old=null
2019-10-16 22:14:47,533 [grpc-default-executor-24] INFO  impl.RaftServerImpl (RaftServerImpl.java:setRole(184)) - eec99a0c-e1b1-4518-bc49-9d1a8c8e04d5@group-83CFD60236D8: changes role from  FOLLOWER to FOLLOWER at term 40 for recognizeCandidate:3989452c-7599-4156-9543-3fe544ced0f3
2019-10-16 22:14:47,533 [grpc-default-executor-24] INFO  impl.RoleInfo (RoleInfo.java:shutdownFollowerState(121)) - eec99a0c-e1b1-4518-bc49-9d1a8c8e04d5: shutdown FollowerState
2019-10-16 22:14:47,533 [grpc-default-executor-22] INFO  impl.RaftServerImpl (RaftServerImpl.java:setRole(184)) - d9e6ea44-93db-446f-8020-a94232284285@group-83CFD60236D8: changes role from  FOLLOWER to FOLLOWER at term 40 for recognizeCandidate:3989452c-7599-4156-9543-3fe544ced0f3
2019-10-16 22:14:47,533 [Thread-1220] INFO  impl.FollowerState (FollowerState.java:run(117)) - eec99a0c-e1b1-4518-bc49-9d1a8c8e04d5@group-83CFD60236D8-FollowerState was interrupted: java.lang.InterruptedException: sleep interrupted
2019-10-16 22:14:47,533 [grpc-default-executor-24] INFO  impl.RoleInfo (RoleInfo.java:updateAndGet(143)) - eec99a0c-e1b1-4518-bc49-9d1a8c8e04d5: start FollowerState
2019-10-16 22:14:47,533 [grpc-default-executor-22] INFO  impl.RoleInfo (RoleInfo.java:shutdownFollowerState(121)) - d9e6ea44-93db-446f-8020-a94232284285: shutdown FollowerState
2019-10-16 22:14:47,534 [grpc-default-executor-22] INFO  impl.RoleInfo (RoleInfo.java:updateAndGet(143)) - d9e6ea44-93db-446f-8020-a94232284285: start FollowerState
2019-10-16 22:14:47,534 [Thread-1219] INFO  impl.FollowerState (FollowerState.java:run(117)) - d9e6ea44-93db-446f-8020-a94232284285@group-83CFD60236D8-FollowerState was interrupted: java.lang.InterruptedException: sleep interrupted
2019-10-16 22:14:47,548 [3989452c-7599-4156-9543-3fe544ced0f3@group-83CFD60236D8-LeaderElection51] INFO  impl.LeaderElection (LeaderElection.java:logAndReturn(56)) - 3989452c-7599-4156-9543-3fe544ced0f3@group-83CFD60236D8-LeaderElection51: Election REJECTED; received 2 response(s) [3989452c-7599-4156-9543-3fe544ced0f3<-eec99a0c-e1b1-4518-bc49-9d1a8c8e04d5#0:FAIL-t40, 3989452c-7599-4156-9543-3fe544ced0f3<-d9e6ea44-93db-446f-8020-a94232284285#0:FAIL-t40] and 0 exception(s); 3989452c-7599-4156-9543-3fe544ced0f3@group-83CFD60236D8:t40, leader=null, voted=3989452c-7599-4156-9543-3fe544ced0f3, raftlog=3989452c-7599-4156-9543-3fe544ced0f3@group-83CFD60236D8-SegmentedRaftLog:OPENED:c-1,f-1,i0, conf=-1: [3989452c-7599-4156-9543-3fe544ced0f3:192.168.157.254:36320, eec99a0c-e1b1-4518-bc49-9d1a8c8e04d5:192.168.157.254:45598, d9e6ea44-93db-446f-8020-a94232284285:192.168.157.254:41671], old=null
2019-10-16 22:14:47,548 [3989452c-7599-4156-9543-3fe544ced0f3@group-83CFD60236D8-LeaderElection51] INFO  impl.RaftServerImpl (RaftServerImpl.java:setRole(184)) - 3989452c-7599-4156-9543-3fe544ced0f3@group-83CFD60236D8: changes role from CANDIDATE to FOLLOWER at term 40 for DISCOVERED_A_NEW_TERM
2019-10-16 22:14:47,548 [3989452c-7599-4156-9543-3fe544ced0f3@group-83CFD60236D8-LeaderElection51] INFO  impl.RoleInfo (RoleInfo.java:shutdownLeaderElection(134)) - 3989452c-7599-4156-9543-3fe544ced0f3: shutdown LeaderElection
2019-10-16 22:14:47,548 [3989452c-7599-4156-9543-3fe544ced0f3@group-83CFD60236D8-LeaderElection51] INFO  impl.RoleInfo (RoleInfo.java:updateAndGet(143)) - 3989452c-7599-4156-9543-3fe544ced0f3: start FollowerState
2019-10-16 22:14:47,567 [Thread-1227] INFO  impl.FollowerState (FollowerState.java:run(108)) - 3989452c-7599-4156-9543-3fe544ced0f3@group-83CFD60236D8-FollowerState: change to CANDIDATE, lastRpcTime:18ms, electionTimeout:18ms
2019-10-16 22:14:47,567 [Thread-1227] INFO  impl.RoleInfo (RoleInfo.java:shutdownFollowerState(121)) - 3989452c-7599-4156-9543-3fe544ced0f3: shutdown FollowerState
2019-10-16 22:14:47,567 [Thread-1227] INFO  impl.RaftServerImpl (RaftServerImpl.java:setRole(184)) - 3989452c-7599-4156-9543-3fe544ced0f3@group-83CFD60236D8: changes role from  FOLLOWER to CANDIDATE at term 40 for changeToCandidate
2019-10-16 22:14:47,567 [Thread-1227] INFO  impl.RoleInfo (RoleInfo.java:updateAndGet(143)) - 3989452c-7599-4156-9543-3fe544ced0f3: start LeaderElection
2019-10-16 22:14:47,581 [3989452c-7599-4156-9543-3fe544ced0f3@group-83CFD60236D8-LeaderElection52] INFO  impl.LeaderElection (LeaderElection.java:askForVotes(178)) - 3989452c-7599-4156-9543-3fe544ced0f3@group-83CFD60236D8-LeaderElection52: begin an election at term 41 for -1: [3989452c-7599-4156-9543-3fe544ced0f3:192.168.157.254:36320, eec99a0c-e1b1-4518-bc49-9d1a8c8e04d5:192.168.157.254:45598, d9e6ea44-93db-446f-8020-a94232284285:192.168.157.254:41671], old=null
2019-10-16 22:14:47,582 [grpc-default-executor-22] INFO  impl.RaftServerImpl (RaftServerImpl.java:setRole(184)) - eec99a0c-e1b1-4518-bc49-9d1a8c8e04d5@group-83CFD60236D8: changes role from  FOLLOWER to FOLLOWER at term 41 for recognizeCandidate:3989452c-7599-4156-9543-3fe544ced0f3
2019-10-16 22:14:47,583 [grpc-default-executor-24] INFO  impl.RaftServerImpl (RaftServerImpl.java:setRole(184)) - d9e6ea44-93db-446f-8020-a94232284285@group-83CFD60236D8: changes role from  FOLLOWER to FOLLOWER at term 41 for recognizeCandidate:3989452c-7599-4156-9543-3fe544ced0f3
2019-10-16 22:14:47,583 [grpc-default-executor-22] INFO  impl.RoleInfo (RoleInfo.java:shutdownFollowerState(121)) - eec99a0c-e1b1-4518-bc49-9d1a8c8e04d5: shutdown FollowerState
2019-10-16 22:14:47,583 [grpc-default-executor-24] INFO  impl.RoleInfo (RoleInfo.java:shutdownFollowerState(121)) - d9e6ea44-93db-446f-8020-a94232284285: shutdown FollowerState
2019-10-16 22:14:47,583 [Thread-1225] INFO  impl.FollowerState (FollowerState.java:run(117)) - eec99a0c-e1b1-4518-bc49-9d1a8c8e04d5@group-83CFD60236D8-FollowerState was interrupted: java.lang.InterruptedException: sleep interrupted
2019-10-16 22:14:47,583 [grpc-default-executor-22] INFO  impl.RoleInfo (RoleInfo.java:updateAndGet(143)) - eec99a0c-e1b1-4518-bc49-9d1a8c8e04d5: start FollowerState
2019-10-16 22:14:47,583 [Thread-1226] INFO  impl.FollowerState (FollowerState.java:run(117)) - d9e6ea44-93db-446f-8020-a94232284285@group-83CFD60236D8-FollowerState was interrupted: java.lang.InterruptedException: sleep interrupted
2019-10-16 22:14:47,583 [grpc-default-executor-24] INFO  impl.RoleInfo (RoleInfo.java:updateAndGet(143)) - d9e6ea44-93db-446f-8020-a94232284285: start FollowerState
2019-10-16 22:14:47,598 [3989452c-7599-4156-9543-3fe544ced0f3@group-83CFD60236D8-LeaderElection52] INFO  impl.LeaderElection (LeaderElection.java:logAndReturn(56)) - 3989452c-7599-4156-9543-3fe544ced0f3@group-83CFD60236D8-LeaderElection52: Election REJECTED; received 2 response(s) [3989452c-7599-4156-9543-3fe544ced0f3<-eec99a0c-e1b1-4518-bc49-9d1a8c8e04d5#0:FAIL-t41, 3989452c-7599-4156-9543-3fe544ced0f3<-d9e6ea44-93db-446f-8020-a94232284285#0:FAIL-t41] and 0 exception(s); 3989452c-7599-4156-9543-3fe544ced0f3@group-83CFD60236D8:t41, leader=null, voted=3989452c-7599-4156-9543-3fe544ced0f3, raftlog=3989452c-7599-4156-9543-3fe544ced0f3@group-83CFD60236D8-SegmentedRaftLog:OPENED:c-1,f-1,i0, conf=-1: [3989452c-7599-4156-9543-3fe544ced0f3:192.168.157.254:36320, eec99a0c-e1b1-4518-bc49-9d1a8c8e04d5:192.168.157.254:45598, d9e6ea44-93db-446f-8020-a94232284285:192.168.157.254:41671], old=null
2019-10-16 22:14:47,599 [3989452c-7599-4156-9543-3fe544ced0f3@group-83CFD60236D8-LeaderElection52] INFO  impl.RaftServerImpl (RaftServerImpl.java:setRole(184)) - 3989452c-7599-4156-9543-3fe544ced0f3@group-83CFD60236D8: changes role from CANDIDATE to FOLLOWER at term 41 for DISCOVERED_A_NEW_TERM
2019-10-16 22:14:47,599 [3989452c-7599-4156-9543-3fe544ced0f3@group-83CFD60236D8-LeaderElection52] INFO  impl.RoleInfo (RoleInfo.java:shutdownLeaderElection(134)) - 3989452c-7599-4156-9543-3fe544ced0f3: shutdown LeaderElection
2019-10-16 22:14:47,599 [3989452c-7599-4156-9543-3fe544ced0f3@group-83CFD60236D8-LeaderElection52] INFO  impl.RoleInfo (RoleInfo.java:updateAndGet(143)) - 3989452c-7599-4156-9543-3fe544ced0f3: start FollowerState
2019-10-16 22:14:47,669 [Thread-1233] INFO  impl.FollowerState (FollowerState.java:run(108)) - 3989452c-7599-4156-9543-3fe544ced0f3@group-83CFD60236D8-FollowerState: change to CANDIDATE, lastRpcTime:70ms, electionTimeout:70ms
2019-10-16 22:14:47,670 [Thread-1233] INFO  impl.RoleInfo (RoleInfo.java:shutdownFollowerState(121)) - 3989452c-7599-4156-9543-3fe544ced0f3: shutdown FollowerState
2019-10-16 22:14:47,670 [Thread-1233] INFO  impl.RaftServerImpl (RaftServerImpl.java:setRole(184)) - 3989452c-7599-4156-9543-3fe544ced0f3@group-83CFD60236D8: changes role from  FOLLOWER to CANDIDATE at term 41 for changeToCandidate
2019-10-16 22:14:47,670 [Thread-1233] INFO  impl.RoleInfo (RoleInfo.java:updateAndGet(143)) - 3989452c-7599-4156-9543-3fe544ced0f3: start LeaderElection
2019-10-16 22:14:47,684 [3989452c-7599-4156-9543-3fe544ced0f3@group-83CFD60236D8-LeaderElection53] INFO  impl.LeaderElection (LeaderElection.java:askForVotes(178)) - 3989452c-7599-4156-9543-3fe544ced0f3@group-83CFD60236D8-LeaderElection53: begin an election at term 42 for -1: [3989452c-7599-4156-9543-3fe544ced0f3:192.168.157.254:36320, eec99a0c-e1b1-4518-bc49-9d1a8c8e04d5:192.168.157.254:45598, d9e6ea44-93db-446f-8020-a94232284285:192.168.157.254:41671], old=null
2019-10-16 22:14:47,686 [grpc-default-executor-24] INFO  impl.RaftServerImpl (RaftServerImpl.java:setRole(184)) - eec99a0c-e1b1-4518-bc49-9d1a8c8e04d5@group-83CFD60236D8: changes role from  FOLLOWER to FOLLOWER at term 42 for recognizeCandidate:3989452c-7599-4156-9543-3fe544ced0f3
2019-10-16 22:14:47,686 [grpc-default-executor-24] INFO  impl.RoleInfo (RoleInfo.java:shutdownFollowerState(121)) - eec99a0c-e1b1-4518-bc49-9d1a8c8e04d5: shutdown FollowerState
2019-10-16 22:14:47,687 [grpc-default-executor-22] INFO  impl.RaftServerImpl (RaftServerImpl.java:setRole(184)) - d9e6ea44-93db-446f-8020-a94232284285@group-83CFD60236D8: changes role from  FOLLOWER to FOLLOWER at term 42 for recognizeCandidate:3989452c-7599-4156-9543-3fe544ced0f3
2019-10-16 22:14:47,687 [Thread-1231] INFO  impl.FollowerState (FollowerState.java:run(117)) - eec99a0c-e1b1-4518-bc49-9d1a8c8e04d5@group-83CFD60236D8-FollowerState was interrupted: java.lang.InterruptedException: sleep interrupted
2019-10-16 22:14:47,687 [grpc-default-executor-24] INFO  impl.RoleInfo (RoleInfo.java:updateAndGet(143)) - eec99a0c-e1b1-4518-bc49-9d1a8c8e04d5: start FollowerState
2019-10-16 22:14:47,687 [grpc-default-executor-22] INFO  impl.RoleInfo (RoleInfo.java:shutdownFollowerState(121)) - d9e6ea44-93db-446f-8020-a94232284285: shutdown FollowerState
2019-10-16 22:14:47,687 [grpc-default-executor-22] INFO  impl.RoleInfo (RoleInfo.java:updateAndGet(143)) - d9e6ea44-93db-446f-8020-a94232284285: start FollowerState
2019-10-16 22:14:47,688 [Thread-1232] INFO  impl.FollowerState (FollowerState.java:run(117)) - d9e6ea44-93db-446f-8020-a94232284285@group-83CFD60236D8-FollowerState was interrupted: java.lang.InterruptedException: sleep interrupted
2019-10-16 22:14:47,692 [3989452c-7599-4156-9543-3fe544ced0f3@group-83CFD60236D8-LeaderElection53] INFO  impl.LeaderElection (LeaderElection.java:logAndReturn(56)) - 3989452c-7599-4156-9543-3fe544ced0f3@group-83CFD60236D8-LeaderElection53: Election TIMEOUT; received 0 response(s) [] and 0 exception(s); 3989452c-7599-4156-9543-3fe544ced0f3@group-83CFD60236D8:t42, leader=null, voted=3989452c-7599-4156-9543-3fe544ced0f3, raftlog=3989452c-7599-4156-9543-3fe544ced0f3@group-83CFD60236D8-SegmentedRaftLog:OPENED:c-1,f-1,i0, conf=-1: [3989452c-7599-4156-9543-3fe544ced0f3:192.168.157.254:36320, eec99a0c-e1b1-4518-bc49-9d1a8c8e04d5:192.168.157.254:45598, d9e6ea44-93db-446f-8020-a94232284285:192.168.157.254:41671], old=null
2019-10-16 22:14:47,704 [3989452c-7599-4156-9543-3fe544ced0f3@group-83CFD60236D8-LeaderElection53] INFO  impl.LeaderElection (LeaderElection.java:askForVotes(178)) - 3989452c-7599-4156-9543-3fe544ced0f3@group-83CFD60236D8-LeaderElection53: begin an election at term 43 for -1: [3989452c-7599-4156-9543-3fe544ced0f3:192.168.157.254:36320, eec99a0c-e1b1-4518-bc49-9d1a8c8e04d5:192.168.157.254:45598, d9e6ea44-93db-446f-8020-a94232284285:192.168.157.254:41671], old=null
2019-10-16 22:14:47,706 [grpc-default-executor-22] INFO  impl.RaftServerImpl (RaftServerImpl.java:setRole(184)) - eec99a0c-e1b1-4518-bc49-9d1a8c8e04d5@group-83CFD60236D8: changes role from  FOLLOWER to FOLLOWER at term 43 for recognizeCandidate:3989452c-7599-4156-9543-3fe544ced0f3
2019-10-16 22:14:47,706 [grpc-default-executor-22] INFO  impl.RoleInfo (RoleInfo.java:shutdownFollowerState(121)) - eec99a0c-e1b1-4518-bc49-9d1a8c8e04d5: shutdown FollowerState
2019-10-16 22:14:47,706 [grpc-default-executor-22] INFO  impl.RoleInfo (RoleInfo.java:updateAndGet(143)) - eec99a0c-e1b1-4518-bc49-9d1a8c8e04d5: start FollowerState
2019-10-16 22:14:47,706 [Thread-1237] INFO  impl.FollowerState (FollowerState.java:run(117)) - eec99a0c-e1b1-4518-bc49-9d1a8c8e04d5@group-83CFD60236D8-FollowerState was interrupted: java.lang.InterruptedException: sleep interrupted
2019-10-16 22:14:47,706 [grpc-default-executor-24] INFO  impl.RaftServerImpl (RaftServerImpl.java:setRole(184)) - d9e6ea44-93db-446f-8020-a94232284285@group-83CFD60236D8: changes role from  FOLLOWER to FOLLOWER at term 43 for recognizeCandidate:3989452c-7599-4156-9543-3fe544ced0f3
2019-10-16 22:14:47,706 [grpc-default-executor-24] INFO  impl.RoleInfo (RoleInfo.java:shutdownFollowerState(121)) - d9e6ea44-93db-446f-8020-a94232284285: shutdown FollowerState
2019-10-16 22:14:47,707 [grpc-default-executor-24] INFO  impl.RoleInfo (RoleInfo.java:updateAndGet(143)) - d9e6ea44-93db-446f-8020-a94232284285: start FollowerState
2019-10-16 22:14:47,707 [Thread-1238] INFO  impl.FollowerState (FollowerState.java:run(117)) - d9e6ea44-93db-446f-8020-a94232284285@group-83CFD60236D8-FollowerState was interrupted: java.lang.InterruptedException: sleep interrupted
2019-10-16 22:14:47,726 [3989452c-7599-4156-9543-3fe544ced0f3@group-83CFD60236D8-LeaderElection53] INFO  impl.LeaderElection (LeaderElection.java:logAndReturn(56)) - 3989452c-7599-4156-9543-3fe544ced0f3@group-83CFD60236D8-LeaderElection53: Election REJECTED; received 2 response(s) [3989452c-7599-4156-9543-3fe544ced0f3<-eec99a0c-e1b1-4518-bc49-9d1a8c8e04d5#0:FAIL-t43, 3989452c-7599-4156-9543-3fe544ced0f3<-d9e6ea44-93db-446f-8020-a94232284285#0:FAIL-t43] and 0 exception(s); 3989452c-7599-4156-9543-3fe544ced0f3@group-83CFD60236D8:t43, leader=null, voted=3989452c-7599-4156-9543-3fe544ced0f3, raftlog=3989452c-7599-4156-9543-3fe544ced0f3@group-83CFD60236D8-SegmentedRaftLog:OPENED:c-1,f-1,i0, conf=-1: [3989452c-7599-4156-9543-3fe544ced0f3:192.168.157.254:36320, eec99a0c-e1b1-4518-bc49-9d1a8c8e04d5:192.168.157.254:45598, d9e6ea44-93db-446f-8020-a94232284285:192.168.157.254:41671], old=null
2019-10-16 22:14:47,726 [3989452c-7599-4156-9543-3fe544ced0f3@group-83CFD60236D8-LeaderElection53] INFO  impl.RaftServerImpl (RaftServerImpl.java:setRole(184)) - 3989452c-7599-4156-9543-3fe544ced0f3@group-83CFD60236D8: changes role from CANDIDATE to FOLLOWER at term 43 for DISCOVERED_A_NEW_TERM
2019-10-16 22:14:47,726 [3989452c-7599-4156-9543-3fe544ced0f3@group-83CFD60236D8-LeaderElection53] INFO  impl.RoleInfo (RoleInfo.java:shutdownLeaderElection(134)) - 3989452c-7599-4156-9543-3fe544ced0f3: shutdown LeaderElection
2019-10-16 22:14:47,726 [3989452c-7599-4156-9543-3fe544ced0f3@group-83CFD60236D8-LeaderElection53] INFO  impl.RoleInfo (RoleInfo.java:updateAndGet(143)) - 3989452c-7599-4156-9543-3fe544ced0f3: start FollowerState
2019-10-16 22:14:47,799 [grpc-default-executor-18] INFO  impl.FollowerInfo (FollowerInfo.java:lambda$new$0(51)) - d9e6ea44-93db-446f-8020-a94232284285@group-83CFD60236D8->eec99a0c-e1b1-4518-bc49-9d1a8c8e04d5: nextIndex: updateUnconditionally 1 -> 0
2019-10-16 22:14:47,898 [Thread-1243] INFO  impl.FollowerState (FollowerState.java:run(108)) - 3989452c-7599-4156-9543-3fe544ced0f3@group-83CFD60236D8-FollowerState: change to CANDIDATE, lastRpcTime:171ms, electionTimeout:171ms
2019-10-16 22:14:47,898 [Thread-1243] INFO  impl.RoleInfo (RoleInfo.java:shutdownFollowerState(121)) - 3989452c-7599-4156-9543-3fe544ced0f3: shutdown FollowerState
2019-10-16 22:14:47,898 [Thread-1243] INFO  impl.RaftServerImpl (RaftServerImpl.java:setRole(184)) - 3989452c-7599-4156-9543-3fe544ced0f3@group-83CFD60236D8: changes role from  FOLLOWER to CANDIDATE at term 43 for changeToCandidate
2019-10-16 22:14:47,898 [Thread-1243] INFO  impl.RoleInfo (RoleInfo.java:updateAndGet(143)) - 3989452c-7599-4156-9543-3fe544ced0f3: start LeaderElection
2019-10-16 22:14:47,913 [3989452c-7599-4156-9543-3fe544ced0f3@group-83CFD60236D8-LeaderElection54] INFO  impl.LeaderElection (LeaderElection.java:askForVotes(178)) - 3989452c-7599-4156-9543-3fe544ced0f3@group-83CFD60236D8-LeaderElection54: begin an election at term 44 for -1: [3989452c-7599-4156-9543-3fe544ced0f3:192.168.157.254:36320, eec99a0c-e1b1-4518-bc49-9d1a8c8e04d5:192.168.157.254:45598, d9e6ea44-93db-446f-8020-a94232284285:192.168.157.254:41671], old=null
2019-10-16 22:14:47,916 [grpc-default-executor-18] INFO  impl.RaftServerImpl (RaftServerImpl.java:setRole(184)) - eec99a0c-e1b1-4518-bc49-9d1a8c8e04d5@group-83CFD60236D8: changes role from  FOLLOWER to FOLLOWER at term 44 for recognizeCandidate:3989452c-7599-4156-9543-3fe544ced0f3
2019-10-16 22:14:47,916 [grpc-default-executor-24] INFO  impl.RaftServerImpl (RaftServerImpl.java:setRole(184)) - d9e6ea44-93db-446f-8020-a94232284285@group-83CFD60236D8: changes role from  FOLLOWER to FOLLOWER at term 44 for recognizeCandidate:3989452c-7599-4156-9543-3fe544ced0f3
2019-10-16 22:14:47,916 [grpc-default-executor-18] INFO  impl.RoleInfo (RoleInfo.java:shutdownFollowerState(121)) - eec99a0c-e1b1-4518-bc49-9d1a8c8e04d5: shutdown FollowerState
2019-10-16 22:14:47,916 [grpc-default-executor-24] INFO  impl.RoleInfo (RoleInfo.java:shutdownFollowerState(121)) - d9e6ea44-93db-446f-8020-a94232284285: shutdown FollowerState
2019-10-16 22:14:47,917 [Thread-1241] INFO  impl.FollowerState (FollowerState.java:run(117)) - eec99a0c-e1b1-4518-bc49-9d1a8c8e04d5@group-83CFD60236D8-FollowerState was interrupted: java.lang.InterruptedException: sleep interrupted
2019-10-16 22:14:47,917 [Thread-1242] INFO  impl.FollowerState (FollowerState.java:run(117)) - d9e6ea44-93db-446f-8020-a94232284285@group-83CFD60236D8-FollowerState was interrupted: java.lang.InterruptedException: sleep interrupted
2019-10-16 22:14:47,917 [grpc-default-executor-18] INFO  impl.RoleInfo (RoleInfo.java:updateAndGet(143)) - eec99a0c-e1b1-4518-bc49-9d1a8c8e04d5: start FollowerState
2019-10-16 22:14:47,917 [grpc-default-executor-24] INFO  impl.RoleInfo (RoleInfo.java:updateAndGet(143)) - d9e6ea44-93db-446f-8020-a94232284285: start FollowerState
2019-10-16 22:14:47,943 [3989452c-7599-4156-9543-3fe544ced0f3@group-83CFD60236D8-LeaderElection54] INFO  impl.LeaderElection (LeaderElection.java:logAndReturn(56)) - 3989452c-7599-4156-9543-3fe544ced0f3@group-83CFD60236D8-LeaderElection54: Election REJECTED; received 2 response(s) [3989452c-7599-4156-9543-3fe544ced0f3<-eec99a0c-e1b1-4518-bc49-9d1a8c8e04d5#0:FAIL-t44, 3989452c-7599-4156-9543-3fe544ced0f3<-d9e6ea44-93db-446f-8020-a94232284285#0:FAIL-t44] and 0 exception(s); 3989452c-7599-4156-9543-3fe544ced0f3@group-83CFD60236D8:t44, leader=null, voted=3989452c-7599-4156-9543-3fe544ced0f3, raftlog=3989452c-7599-4156-9543-3fe544ced0f3@group-83CFD60236D8-SegmentedRaftLog:OPENED:c-1,f-1,i0, conf=-1: [3989452c-7599-4156-9543-3fe544ced0f3:192.168.157.254:36320, eec99a0c-e1b1-4518-bc49-9d1a8c8e04d5:192.168.157.254:45598, d9e6ea44-93db-446f-8020-a94232284285:192.168.157.254:41671], old=null
2019-10-16 22:14:47,943 [3989452c-7599-4156-9543-3fe544ced0f3@group-83CFD60236D8-LeaderElection54] INFO  impl.RaftServerImpl (RaftServerImpl.java:setRole(184)) - 3989452c-7599-4156-9543-3fe544ced0f3@group-83CFD60236D8: changes role from CANDIDATE to FOLLOWER at term 44 for DISCOVERED_A_NEW_TERM
2019-10-16 22:14:47,943 [3989452c-7599-4156-9543-3fe544ced0f3@group-83CFD60236D8-LeaderElection54] INFO  impl.RoleInfo (RoleInfo.java:shutdownLeaderElection(134)) - 3989452c-7599-4156-9543-3fe544ced0f3: shutdown LeaderElection
2019-10-16 22:14:47,943 [3989452c-7599-4156-9543-3fe544ced0f3@group-83CFD60236D8-LeaderElection54] INFO  impl.RoleInfo (RoleInfo.java:updateAndGet(143)) - 3989452c-7599-4156-9543-3fe544ced0f3: start FollowerState
 0.00% |?                                                                                                    |  0/1 Time: 0:06:042019-10-16 22:14:48,067 [Thread-1249] INFO  impl.FollowerState (FollowerState.java:run(108)) - 3989452c-7599-4156-9543-3fe544ced0f3@group-83CFD60236D8-FollowerState: change to CANDIDATE, lastRpcTime:123ms, electionTimeout:123ms
2019-10-16 22:14:48,067 [Thread-1249] INFO  impl.RoleInfo (RoleInfo.java:shutdownFollowerState(121)) - 3989452c-7599-4156-9543-3fe544ced0f3: shutdown FollowerState
2019-10-16 22:14:48,068 [Thread-1249] INFO  impl.RaftServerImpl (RaftServerImpl.java:setRole(184)) - 3989452c-7599-4156-9543-3fe544ced0f3@group-83CFD60236D8: changes role from  FOLLOWER to CANDIDATE at term 44 for changeToCandidate
2019-10-16 22:14:48,068 [Thread-1249] INFO  impl.RoleInfo (RoleInfo.java:updateAndGet(143)) - 3989452c-7599-4156-9543-3fe544ced0f3: start LeaderElection
2019-10-16 22:14:48,093 [3989452c-7599-4156-9543-3fe544ced0f3@group-83CFD60236D8-LeaderElection55] INFO  impl.LeaderElection (LeaderElection.java:askForVotes(178)) - 3989452c-7599-4156-9543-3fe544ced0f3@group-83CFD60236D8-LeaderElection55: begin an election at term 45 for -1: [3989452c-7599-4156-9543-3fe544ced0f3:192.168.157.254:36320, eec99a0c-e1b1-4518-bc49-9d1a8c8e04d5:192.168.157.254:45598, d9e6ea44-93db-446f-8020-a94232284285:192.168.157.254:41671], old=null
2019-10-16 22:14:48,097 [grpc-default-executor-18] INFO  impl.RaftServerImpl (RaftServerImpl.java:setRole(184)) - d9e6ea44-93db-446f-8020-a94232284285@group-83CFD60236D8: changes role from  FOLLOWER to FOLLOWER at term 45 for recognizeCandidate:3989452c-7599-4156-9543-3fe544ced0f3
2019-10-16 22:14:48,097 [grpc-default-executor-24] INFO  impl.RaftServerImpl (RaftServerImpl.java:setRole(184)) - eec99a0c-e1b1-4518-bc49-9d1a8c8e04d5@group-83CFD60236D8: changes role from  FOLLOWER to FOLLOWER at term 45 for recognizeCandidate:3989452c-7599-4156-9543-3fe544ced0f3
2019-10-16 22:14:48,097 [grpc-default-executor-18] INFO  impl.RoleInfo (RoleInfo.java:shutdownFollowerState(121)) - d9e6ea44-93db-446f-8020-a94232284285: shutdown FollowerState
2019-10-16 22:14:48,097 [grpc-default-executor-24] INFO  impl.RoleInfo (RoleInfo.java:shutdownFollowerState(121)) - eec99a0c-e1b1-4518-bc49-9d1a8c8e04d5: shutdown FollowerState
2019-10-16 22:14:48,098 [Thread-1248] INFO  impl.FollowerState (FollowerState.java:run(117)) - d9e6ea44-93db-446f-8020-a94232284285@group-83CFD60236D8-FollowerState was interrupted: java.lang.InterruptedException: sleep interrupted
2019-10-16 22:14:48,098 [grpc-default-executor-18] INFO  impl.RoleInfo (RoleInfo.java:updateAndGet(143)) - d9e6ea44-93db-446f-8020-a94232284285: start FollowerState
2019-10-16 22:14:48,098 [Thread-1247] INFO  impl.FollowerState (FollowerState.java:run(117)) - eec99a0c-e1b1-4518-bc49-9d1a8c8e04d5@group-83CFD60236D8-FollowerState was interrupted: java.lang.InterruptedException: sleep interrupted
2019-10-16 22:14:48,098 [grpc-default-executor-24] INFO  impl.RoleInfo (RoleInfo.java:updateAndGet(143)) - eec99a0c-e1b1-4518-bc49-9d1a8c8e04d5: start FollowerState
2019-10-16 22:14:48,124 [3989452c-7599-4156-9543-3fe544ced0f3@group-83CFD60236D8-LeaderElection55] INFO  impl.LeaderElection (LeaderElection.java:logAndReturn(56)) - 3989452c-7599-4156-9543-3fe544ced0f3@group-83CFD60236D8-LeaderElection55: Election REJECTED; received 2 response(s) [3989452c-7599-4156-9543-3fe544ced0f3<-eec99a0c-e1b1-4518-bc49-9d1a8c8e04d5#0:FAIL-t45, 3989452c-7599-4156-9543-3fe544ced0f3<-d9e6ea44-93db-446f-8020-a94232284285#0:FAIL-t45] and 0 exception(s); 3989452c-7599-4156-9543-3fe544ced0f3@group-83CFD60236D8:t45, leader=null, voted=3989452c-7599-4156-9543-3fe544ced0f3, raftlog=3989452c-7599-4156-9543-3fe544ced0f3@group-83CFD60236D8-SegmentedRaftLog:OPENED:c-1,f-1,i0, conf=-1: [3989452c-7599-4156-9543-3fe544ced0f3:192.168.157.254:36320, eec99a0c-e1b1-4518-bc49-9d1a8c8e04d5:192.168.157.254:45598, d9e6ea44-93db-446f-8020-a94232284285:192.168.157.254:41671], old=null
2019-10-16 22:14:48,125 [3989452c-7599-4156-9543-3fe544ced0f3@group-83CFD60236D8-LeaderElection55] INFO  impl.RaftServerImpl (RaftServerImpl.java:setRole(184)) - 3989452c-7599-4156-9543-3fe544ced0f3@group-83CFD60236D8: changes role from CANDIDATE to FOLLOWER at term 45 for DISCOVERED_A_NEW_TERM
2019-10-16 22:14:48,125 [3989452c-7599-4156-9543-3fe544ced0f3@group-83CFD60236D8-LeaderElection55] INFO  impl.RoleInfo (RoleInfo.java:shutdownLeaderElection(134)) - 3989452c-7599-4156-9543-3fe544ced0f3: shutdown LeaderElection
2019-10-16 22:14:48,125 [3989452c-7599-4156-9543-3fe544ced0f3@group-83CFD60236D8-LeaderElection55] INFO  impl.RoleInfo (RoleInfo.java:updateAndGet(143)) - 3989452c-7599-4156-9543-3fe544ced0f3: start FollowerState
2019-10-16 22:14:48,171 [Thread-1255] INFO  impl.FollowerState (FollowerState.java:run(108)) - 3989452c-7599-4156-9543-3fe544ced0f3@group-83CFD60236D8-FollowerState: change to CANDIDATE, lastRpcTime:46ms, electionTimeout:46ms
2019-10-16 22:14:48,171 [Thread-1255] INFO  impl.RoleInfo (RoleInfo.java:shutdownFollowerState(121)) - 3989452c-7599-4156-9543-3fe544ced0f3: shutdown FollowerState
2019-10-16 22:14:48,172 [Thread-1255] INFO  impl.RaftServerImpl (RaftServerImpl.java:setRole(184)) - 3989452c-7599-4156-9543-3fe544ced0f3@group-83CFD60236D8: changes role from  FOLLOWER to CANDIDATE at term 45 for changeToCandidate
2019-10-16 22:14:48,172 [Thread-1255] INFO  impl.RoleInfo (RoleInfo.java:updateAndGet(143)) - 3989452c-7599-4156-9543-3fe544ced0f3: start LeaderElection
2019-10-16 22:14:48,185 [3989452c-7599-4156-9543-3fe544ced0f3@group-83CFD60236D8-LeaderElection56] INFO  impl.LeaderElection (LeaderElection.java:askForVotes(178)) - 3989452c-7599-4156-9543-3fe544ced0f3@group-83CFD60236D8-LeaderElection56: begin an election at term 46 for -1: [3989452c-7599-4156-9543-3fe544ced0f3:192.168.157.254:36320, eec99a0c-e1b1-4518-bc49-9d1a8c8e04d5:192.168.157.254:45598, d9e6ea44-93db-446f-8020-a94232284285:192.168.157.254:41671], old=null
2019-10-16 22:14:48,186 [grpc-default-executor-24] INFO  impl.RaftServerImpl (RaftServerImpl.java:setRole(184)) - eec99a0c-e1b1-4518-bc49-9d1a8c8e04d5@group-83CFD60236D8: changes role from  FOLLOWER to FOLLOWER at term 46 for recognizeCandidate:3989452c-7599-4156-9543-3fe544ced0f3
2019-10-16 22:14:48,187 [grpc-default-executor-24] INFO  impl.RoleInfo (RoleInfo.java:shutdownFollowerState(121)) - eec99a0c-e1b1-4518-bc49-9d1a8c8e04d5: shutdown FollowerState
2019-10-16 22:14:48,187 [grpc-default-executor-18] INFO  impl.RaftServerImpl (RaftServerImpl.java:setRole(184)) - d9e6ea44-93db-446f-8020-a94232284285@group-83CFD60236D8: changes role from  FOLLOWER to FOLLOWER at term 46 for recognizeCandidate:3989452c-7599-4156-9543-3fe544ced0f3
2019-10-16 22:14:48,187 [Thread-1254] INFO  impl.FollowerState (FollowerState.java:run(117)) - eec99a0c-e1b1-4518-bc49-9d1a8c8e04d5@group-83CFD60236D8-FollowerState was interrupted: java.lang.InterruptedException: sleep interrupted
2019-10-16 22:14:48,187 [grpc-default-executor-24] INFO  impl.RoleInfo (RoleInfo.java:updateAndGet(143)) - eec99a0c-e1b1-4518-bc49-9d1a8c8e04d5: start FollowerState
2019-10-16 22:14:48,187 [grpc-default-executor-18] INFO  impl.RoleInfo (RoleInfo.java:shutdownFollowerState(121)) - d9e6ea44-93db-446f-8020-a94232284285: shutdown FollowerState
2019-10-16 22:14:48,187 [grpc-default-executor-18] INFO  impl.RoleInfo (RoleInfo.java:updateAndGet(143)) - d9e6ea44-93db-446f-8020-a94232284285: start FollowerState
2019-10-16 22:14:48,187 [Thread-1253] INFO  impl.FollowerState (FollowerState.java:run(117)) - d9e6ea44-93db-446f-8020-a94232284285@group-83CFD60236D8-FollowerState was interrupted: java.lang.InterruptedException: sleep interrupted
2019-10-16 22:14:48,206 [3989452c-7599-4156-9543-3fe544ced0f3@group-83CFD60236D8-LeaderElection56] INFO  impl.LeaderElection (LeaderElection.java:logAndReturn(56)) - 3989452c-7599-4156-9543-3fe544ced0f3@group-83CFD60236D8-LeaderElection56: Election REJECTED; received 2 response(s) [3989452c-7599-4156-9543-3fe544ced0f3<-eec99a0c-e1b1-4518-bc49-9d1a8c8e04d5#0:FAIL-t46, 3989452c-7599-4156-9543-3fe544ced0f3<-d9e6ea44-93db-446f-8020-a94232284285#0:FAIL-t46] and 0 exception(s); 3989452c-7599-4156-9543-3fe544ced0f3@group-83CFD60236D8:t46, leader=null, voted=3989452c-7599-4156-9543-3fe544ced0f3, raftlog=3989452c-7599-4156-9543-3fe544ced0f3@group-83CFD60236D8-SegmentedRaftLog:OPENED:c-1,f-1,i0, conf=-1: [3989452c-7599-4156-9543-3fe544ced0f3:192.168.157.254:36320, eec99a0c-e1b1-4518-bc49-9d1a8c8e04d5:192.168.157.254:45598, d9e6ea44-93db-446f-8020-a94232284285:192.168.157.254:41671], old=null
2019-10-16 22:14:48,206 [3989452c-7599-4156-9543-3fe544ced0f3@group-83CFD60236D8-LeaderElection56] INFO  impl.RaftServerImpl (RaftServerImpl.java:setRole(184)) - 3989452c-7599-4156-9543-3fe544ced0f3@group-83CFD60236D8: changes role from CANDIDATE to FOLLOWER at term 46 for DISCOVERED_A_NEW_TERM
2019-10-16 22:14:48,206 [3989452c-7599-4156-9543-3fe544ced0f3@group-83CFD60236D8-LeaderElection56] INFO  impl.RoleInfo (RoleInfo.java:shutdownLeaderElection(134)) - 3989452c-7599-4156-9543-3fe544ced0f3: shutdown LeaderElection
2019-10-16 22:14:48,206 [3989452c-7599-4156-9543-3fe544ced0f3@group-83CFD60236D8-LeaderElection56] INFO  impl.RoleInfo (RoleInfo.java:updateAndGet(143)) - 3989452c-7599-4156-9543-3fe544ced0f3: start FollowerState
2019-10-16 22:14:48,246 [Thread-1261] INFO  impl.FollowerState (FollowerState.java:run(108)) - 3989452c-7599-4156-9543-3fe544ced0f3@group-83CFD60236D8-FollowerState: change to CANDIDATE, lastRpcTime:39ms, electionTimeout:39ms
2019-10-16 22:14:48,246 [Thread-1261] INFO  impl.RoleInfo (RoleInfo.java:shutdownFollowerState(121)) - 3989452c-7599-4156-9543-3fe544ced0f3: shutdown FollowerState
2019-10-16 22:14:48,246 [Thread-1261] INFO  impl.RaftServerImpl (RaftServerImpl.java:setRole(184)) - 3989452c-7599-4156-9543-3fe544ced0f3@group-83CFD60236D8: changes role from  FOLLOWER to CANDIDATE at term 46 for changeToCandidate
2019-10-16 22:14:48,246 [Thread-1261] INFO  impl.RoleInfo (RoleInfo.java:updateAndGet(143)) - 3989452c-7599-4156-9543-3fe544ced0f3: start LeaderElection
2019-10-16 22:14:48,269 [3989452c-7599-4156-9543-3fe544ced0f3@group-83CFD60236D8-LeaderElection57] INFO  impl.LeaderElection (LeaderElection.java:askForVotes(178)) - 3989452c-7599-4156-9543-3fe544ced0f3@group-83CFD60236D8-LeaderElection57: begin an election at term 47 for -1: [3989452c-7599-4156-9543-3fe544ced0f3:192.168.157.254:36320, eec99a0c-e1b1-4518-bc49-9d1a8c8e04d5:192.168.157.254:45598, d9e6ea44-93db-446f-8020-a94232284285:192.168.157.254:41671], old=null
2019-10-16 22:14:48,271 [grpc-default-executor-18] INFO  impl.RaftServerImpl (RaftServerImpl.java:setRole(184)) - d9e6ea44-93db-446f-8020-a94232284285@group-83CFD60236D8: changes role from  FOLLOWER to FOLLOWER at term 47 for recognizeCandidate:3989452c-7599-4156-9543-3fe544ced0f3
2019-10-16 22:14:48,271 [grpc-default-executor-18] INFO  impl.RoleInfo (RoleInfo.java:shutdownFollowerState(121)) - d9e6ea44-93db-446f-8020-a94232284285: shutdown FollowerState
2019-10-16 22:14:48,271 [grpc-default-executor-24] INFO  impl.RaftServerImpl (RaftServerImpl.java:setRole(184)) - eec99a0c-e1b1-4518-bc49-9d1a8c8e04d5@group-83CFD60236D8: changes role from  FOLLOWER to FOLLOWER at term 47 for recognizeCandidate:3989452c-7599-4156-9543-3fe544ced0f3
2019-10-16 22:14:48,271 [grpc-default-executor-24] INFO  impl.RoleInfo (RoleInfo.java:shutdownFollowerState(121)) - eec99a0c-e1b1-4518-bc49-9d1a8c8e04d5: shutdown FollowerState
2019-10-16 22:14:48,271 [Thread-1260] INFO  impl.FollowerState (FollowerState.java:run(117)) - d9e6ea44-93db-446f-8020-a94232284285@group-83CFD60236D8-FollowerState was interrupted: java.lang.InterruptedException: sleep interrupted
2019-10-16 22:14:48,271 [Thread-1259] INFO  impl.FollowerState (FollowerState.java:run(117)) - eec99a0c-e1b1-4518-bc49-9d1a8c8e04d5@group-83CFD60236D8-FollowerState was interrupted: java.lang.InterruptedException: sleep interrupted
2019-10-16 22:14:48,271 [grpc-default-executor-18] INFO  impl.RoleInfo (RoleInfo.java:updateAndGet(143)) - d9e6ea44-93db-446f-8020-a94232284285: start FollowerState
2019-10-16 22:14:48,271 [grpc-default-executor-24] INFO  impl.RoleInfo (RoleInfo.java:updateAndGet(143)) - eec99a0c-e1b1-4518-bc49-9d1a8c8e04d5: start FollowerState
2019-10-16 22:14:48,298 [3989452c-7599-4156-9543-3fe544ced0f3@group-83CFD60236D8-LeaderElection57] INFO  impl.LeaderElection (LeaderElection.java:logAndReturn(56)) - 3989452c-7599-4156-9543-3fe544ced0f3@group-83CFD60236D8-LeaderElection57: Election REJECTED; received 2 response(s) [3989452c-7599-4156-9543-3fe544ced0f3<-eec99a0c-e1b1-4518-bc49-9d1a8c8e04d5#0:FAIL-t47, 3989452c-7599-4156-9543-3fe544ced0f3<-d9e6ea44-93db-446f-8020-a94232284285#0:FAIL-t47] and 0 exception(s); 3989452c-7599-4156-9543-3fe544ced0f3@group-83CFD60236D8:t47, leader=null, voted=3989452c-7599-4156-9543-3fe544ced0f3, raftlog=3989452c-7599-4156-9543-3fe544ced0f3@group-83CFD60236D8-SegmentedRaftLog:OPENED:c-1,f-1,i0, conf=-1: [3989452c-7599-4156-9543-3fe544ced0f3:192.168.157.254:36320, eec99a0c-e1b1-4518-bc49-9d1a8c8e04d5:192.168.157.254:45598, d9e6ea44-93db-446f-8020-a94232284285:192.168.157.254:41671], old=null
2019-10-16 22:14:48,298 [3989452c-7599-4156-9543-3fe544ced0f3@group-83CFD60236D8-LeaderElection57] INFO  impl.RaftServerImpl (RaftServerImpl.java:setRole(184)) - 3989452c-7599-4156-9543-3fe544ced0f3@group-83CFD60236D8: changes role from CANDIDATE to FOLLOWER at term 47 for DISCOVERED_A_NEW_TERM
2019-10-16 22:14:48,298 [3989452c-7599-4156-9543-3fe544ced0f3@group-83CFD60236D8-LeaderElection57] INFO  impl.RoleInfo (RoleInfo.java:shutdownLeaderElection(134)) - 3989452c-7599-4156-9543-3fe544ced0f3: shutdown LeaderElection
2019-10-16 22:14:48,298 [3989452c-7599-4156-9543-3fe544ced0f3@group-83CFD60236D8-LeaderElection57] INFO  impl.RoleInfo (RoleInfo.java:updateAndGet(143)) - 3989452c-7599-4156-9543-3fe544ced0f3: start FollowerState
2019-10-16 22:14:48,356 [Thread-1267] INFO  impl.FollowerState (FollowerState.java:run(108)) - 3989452c-7599-4156-9543-3fe544ced0f3@group-83CFD60236D8-FollowerState: change to CANDIDATE, lastRpcTime:57ms, electionTimeout:57ms
2019-10-16 22:14:48,356 [Thread-1267] INFO  impl.RoleInfo (RoleInfo.java:shutdownFollowerState(121)) - 3989452c-7599-4156-9543-3fe544ced0f3: shutdown FollowerState
2019-10-16 22:14:48,356 [Thread-1267] INFO  impl.RaftServerImpl (RaftServerImpl.java:setRole(184)) - 3989452c-7599-4156-9543-3fe544ced0f3@group-83CFD60236D8: changes role from  FOLLOWER to CANDIDATE at term 47 for changeToCandidate
2019-10-16 22:14:48,356 [Thread-1267] INFO  impl.RoleInfo (RoleInfo.java:updateAndGet(143)) - 3989452c-7599-4156-9543-3fe544ced0f3: start LeaderElection
2019-10-16 22:14:48,370 [3989452c-7599-4156-9543-3fe544ced0f3@group-83CFD60236D8-LeaderElection58] INFO  impl.LeaderElection (LeaderElection.java:askForVotes(178)) - 3989452c-7599-4156-9543-3fe544ced0f3@group-83CFD60236D8-LeaderElection58: begin an election at term 48 for -1: [3989452c-7599-4156-9543-3fe544ced0f3:192.168.157.254:36320, eec99a0c-e1b1-4518-bc49-9d1a8c8e04d5:192.168.157.254:45598, d9e6ea44-93db-446f-8020-a94232284285:192.168.157.254:41671], old=null
2019-10-16 22:14:48,371 [grpc-default-executor-18] INFO  impl.RaftServerImpl (RaftServerImpl.java:setRole(184)) - eec99a0c-e1b1-4518-bc49-9d1a8c8e04d5@group-83CFD60236D8: changes role from  FOLLOWER to FOLLOWER at term 48 for recognizeCandidate:3989452c-7599-4156-9543-3fe544ced0f3
2019-10-16 22:14:48,372 [grpc-default-executor-18] INFO  impl.RoleInfo (RoleInfo.java:shutdownFollowerState(121)) - eec99a0c-e1b1-4518-bc49-9d1a8c8e04d5: shutdown FollowerState
2019-10-16 22:14:48,372 [grpc-default-executor-24] INFO  impl.RaftServerImpl (RaftServerImpl.java:setRole(184)) - d9e6ea44-93db-446f-8020-a94232284285@group-83CFD60236D8: changes role from  FOLLOWER to FOLLOWER at term 48 for recognizeCandidate:3989452c-7599-4156-9543-3fe544ced0f3
2019-10-16 22:14:48,372 [Thread-1266] INFO  impl.FollowerState (FollowerState.java:run(117)) - eec99a0c-e1b1-4518-bc49-9d1a8c8e04d5@group-83CFD60236D8-FollowerState was interrupted: java.lang.InterruptedException: sleep interrupted
2019-10-16 22:14:48,372 [grpc-default-executor-18] INFO  impl.RoleInfo (RoleInfo.java:updateAndGet(143)) - eec99a0c-e1b1-4518-bc49-9d1a8c8e04d5: start FollowerState
2019-10-16 22:14:48,372 [grpc-default-executor-24] INFO  impl.RoleInfo (RoleInfo.java:shutdownFollowerState(121)) - d9e6ea44-93db-446f-8020-a94232284285: shutdown FollowerState
2019-10-16 22:14:48,373 [grpc-default-executor-24] INFO  impl.RoleInfo (RoleInfo.java:updateAndGet(143)) - d9e6ea44-93db-446f-8020-a94232284285: start FollowerState
2019-10-16 22:14:48,373 [Thread-1265] INFO  impl.FollowerState (FollowerState.java:run(117)) - d9e6ea44-93db-446f-8020-a94232284285@group-83CFD60236D8-FollowerState was interrupted: java.lang.InterruptedException: sleep interrupted
2019-10-16 22:14:48,387 [3989452c-7599-4156-9543-3fe544ced0f3@group-83CFD60236D8-LeaderElection58] INFO  impl.LeaderElection (LeaderElection.java:logAndReturn(56)) - 3989452c-7599-4156-9543-3fe544ced0f3@group-83CFD60236D8-LeaderElection58: Election REJECTED; received 2 response(s) [3989452c-7599-4156-9543-3fe544ced0f3<-eec99a0c-e1b1-4518-bc49-9d1a8c8e04d5#0:FAIL-t48, 3989452c-7599-4156-9543-3fe544ced0f3<-d9e6ea44-93db-446f-8020-a94232284285#0:FAIL-t48] and 0 exception(s); 3989452c-7599-4156-9543-3fe544ced0f3@group-83CFD60236D8:t48, leader=null, voted=3989452c-7599-4156-9543-3fe544ced0f3, raftlog=3989452c-7599-4156-9543-3fe544ced0f3@group-83CFD60236D8-SegmentedRaftLog:OPENED:c-1,f-1,i0, conf=-1: [3989452c-7599-4156-9543-3fe544ced0f3:192.168.157.254:36320, eec99a0c-e1b1-4518-bc49-9d1a8c8e04d5:192.168.157.254:45598, d9e6ea44-93db-446f-8020-a94232284285:192.168.157.254:41671], old=null
2019-10-16 22:14:48,388 [3989452c-7599-4156-9543-3fe544ced0f3@group-83CFD60236D8-LeaderElection58] INFO  impl.RaftServerImpl (RaftServerImpl.java:setRole(184)) - 3989452c-7599-4156-9543-3fe544ced0f3@group-83CFD60236D8: changes role from CANDIDATE to FOLLOWER at term 48 for DISCOVERED_A_NEW_TERM
2019-10-16 22:14:48,388 [3989452c-7599-4156-9543-3fe544ced0f3@group-83CFD60236D8-LeaderElection58] INFO  impl.RoleInfo (RoleInfo.java:shutdownLeaderElection(134)) - 3989452c-7599-4156-9543-3fe544ced0f3: shutdown LeaderElection
2019-10-16 22:14:48,388 [3989452c-7599-4156-9543-3fe544ced0f3@group-83CFD60236D8-LeaderElection58] INFO  impl.RoleInfo (RoleInfo.java:updateAndGet(143)) - 3989452c-7599-4156-9543-3fe544ced0f3: start FollowerState
2019-10-16 22:14:48,582 [Thread-1273] INFO  impl.FollowerState (FollowerState.java:run(108)) - 3989452c-7599-4156-9543-3fe544ced0f3@group-83CFD60236D8-FollowerState: change to CANDIDATE, lastRpcTime:193ms, electionTimeout:193ms
2019-10-16 22:14:48,583 [Thread-1273] INFO  impl.RoleInfo (RoleInfo.java:shutdownFollowerState(121)) - 3989452c-7599-4156-9543-3fe544ced0f3: shutdown FollowerState
2019-10-16 22:14:48,583 [Thread-1273] INFO  impl.RaftServerImpl (RaftServerImpl.java:setRole(184)) - 3989452c-7599-4156-9543-3fe544ced0f3@group-83CFD60236D8: changes role from  FOLLOWER to CANDIDATE at term 48 for changeToCandidate
2019-10-16 22:14:48,584 [Thread-1273] INFO  impl.RoleInfo (RoleInfo.java:updateAndGet(143)) - 3989452c-7599-4156-9543-3fe544ced0f3: start LeaderElection
2019-10-16 22:14:48,617 [3989452c-7599-4156-9543-3fe544ced0f3@group-83CFD60236D8-LeaderElection59] INFO  impl.LeaderElection (LeaderElection.java:askForVotes(178)) - 3989452c-7599-4156-9543-3fe544ced0f3@group-83CFD60236D8-LeaderElection59: begin an election at term 49 for -1: [3989452c-7599-4156-9543-3fe544ced0f3:192.168.157.254:36320, eec99a0c-e1b1-4518-bc49-9d1a8c8e04d5:192.168.157.254:45598, d9e6ea44-93db-446f-8020-a94232284285:192.168.157.254:41671], old=null
2019-10-16 22:14:48,623 [grpc-default-executor-24] INFO  impl.RaftServerImpl (RaftServerImpl.java:setRole(184)) - eec99a0c-e1b1-4518-bc49-9d1a8c8e04d5@group-83CFD60236D8: changes role from  FOLLOWER to FOLLOWER at term 49 for recognizeCandidate:3989452c-7599-4156-9543-3fe544ced0f3
2019-10-16 22:14:48,623 [grpc-default-executor-18] INFO  impl.RaftServerImpl (RaftServerImpl.java:setRole(184)) - d9e6ea44-93db-446f-8020-a94232284285@group-83CFD60236D8: changes role from  FOLLOWER to FOLLOWER at term 49 for recognizeCandidate:3989452c-7599-4156-9543-3fe544ced0f3
2019-10-16 22:14:48,623 [grpc-default-executor-24] INFO  impl.RoleInfo (RoleInfo.java:shutdownFollowerState(121)) - eec99a0c-e1b1-4518-bc49-9d1a8c8e04d5: shutdown FollowerState
2019-10-16 22:14:48,626 [grpc-default-executor-18] INFO  impl.RoleInfo (RoleInfo.java:shutdownFollowerState(121)) - d9e6ea44-93db-446f-8020-a94232284285: shutdown FollowerState
2019-10-16 22:14:48,626 [Thread-1271] INFO  impl.FollowerState (FollowerState.java:run(117)) - eec99a0c-e1b1-4518-bc49-9d1a8c8e04d5@group-83CFD60236D8-FollowerState was interrupted: java.lang.InterruptedException: sleep interrupted
2019-10-16 22:14:48,626 [Thread-1272] INFO  impl.FollowerState (FollowerState.java:run(117)) - d9e6ea44-93db-446f-8020-a94232284285@group-83CFD60236D8-FollowerState was interrupted: java.lang.InterruptedException: sleep interrupted
2019-10-16 22:14:48,626 [grpc-default-executor-24] INFO  impl.RoleInfo (RoleInfo.java:updateAndGet(143)) - eec99a0c-e1b1-4518-bc49-9d1a8c8e04d5: start FollowerState
2019-10-16 22:14:48,626 [grpc-default-executor-18] INFO  impl.RoleInfo (RoleInfo.java:updateAndGet(143)) - d9e6ea44-93db-446f-8020-a94232284285: start FollowerState
2019-10-16 22:14:48,654 [3989452c-7599-4156-9543-3fe544ced0f3@group-83CFD60236D8-LeaderElection59] INFO  impl.LeaderElection (LeaderElection.java:logAndReturn(56)) - 3989452c-7599-4156-9543-3fe544ced0f3@group-83CFD60236D8-LeaderElection59: Election REJECTED; received 2 response(s) [3989452c-7599-4156-9543-3fe544ced0f3<-eec99a0c-e1b1-4518-bc49-9d1a8c8e04d5#0:FAIL-t49, 3989452c-7599-4156-9543-3fe544ced0f3<-d9e6ea44-93db-446f-8020-a94232284285#0:FAIL-t49] and 0 exception(s); 3989452c-7599-4156-9543-3fe544ced0f3@group-83CFD60236D8:t49, leader=null, voted=3989452c-7599-4156-9543-3fe544ced0f3, raftlog=3989452c-7599-4156-9543-3fe544ced0f3@group-83CFD60236D8-SegmentedRaftLog:OPENED:c-1,f-1,i0, conf=-1: [3989452c-7599-4156-9543-3fe544ced0f3:192.168.157.254:36320, eec99a0c-e1b1-4518-bc49-9d1a8c8e04d5:192.168.157.254:45598, d9e6ea44-93db-446f-8020-a94232284285:192.168.157.254:41671], old=null
2019-10-16 22:14:48,654 [3989452c-7599-4156-9543-3fe544ced0f3@group-83CFD60236D8-LeaderElection59] INFO  impl.RaftServerImpl (RaftServerImpl.java:setRole(184)) - 3989452c-7599-4156-9543-3fe544ced0f3@group-83CFD60236D8: changes role from CANDIDATE to FOLLOWER at term 49 for DISCOVERED_A_NEW_TERM
2019-10-16 22:14:48,654 [3989452c-7599-4156-9543-3fe544ced0f3@group-83CFD60236D8-LeaderElection59] INFO  impl.RoleInfo (RoleInfo.java:shutdownLeaderElection(134)) - 3989452c-7599-4156-9543-3fe544ced0f3: shutdown LeaderElection
2019-10-16 22:14:48,654 [3989452c-7599-4156-9543-3fe544ced0f3@group-83CFD60236D8-LeaderElection59] INFO  impl.RoleInfo (RoleInfo.java:updateAndGet(143)) - 3989452c-7599-4156-9543-3fe544ced0f3: start FollowerState
2019-10-16 22:14:48,792 [Thread-1282] INFO  impl.FollowerState (FollowerState.java:run(108)) - 3989452c-7599-4156-9543-3fe544ced0f3@group-83CFD60236D8-FollowerState: change to CANDIDATE, lastRpcTime:137ms, electionTimeout:137ms
2019-10-16 22:14:48,792 [Thread-1282] INFO  impl.RoleInfo (RoleInfo.java:shutdownFollowerState(121)) - 3989452c-7599-4156-9543-3fe544ced0f3: shutdown FollowerState
2019-10-16 22:14:48,792 [Thread-1282] INFO  impl.RaftServerImpl (RaftServerImpl.java:setRole(184)) - 3989452c-7599-4156-9543-3fe544ced0f3@group-83CFD60236D8: changes role from  FOLLOWER to CANDIDATE at term 49 for changeToCandidate
2019-10-16 22:14:48,792 [Thread-1282] INFO  impl.RoleInfo (RoleInfo.java:updateAndGet(143)) - 3989452c-7599-4156-9543-3fe544ced0f3: start LeaderElection
2019-10-16 22:14:48,795 [3989452c-7599-4156-9543-3fe544ced0f3@group-83CFD60236D8-LeaderElection60] INFO  impl.LeaderElection (LeaderElection.java:askForVotes(178)) - 3989452c-7599-4156-9543-3fe544ced0f3@group-83CFD60236D8-LeaderElection60: begin an election at term 50 for -1: [3989452c-7599-4156-9543-3fe544ced0f3:192.168.157.254:36320, eec99a0c-e1b1-4518-bc49-9d1a8c8e04d5:192.168.157.254:45598, d9e6ea44-93db-446f-8020-a94232284285:192.168.157.254:41671], old=null
2019-10-16 22:14:48,798 [grpc-default-executor-18] INFO  impl.RaftServerImpl (RaftServerImpl.java:setRole(184)) - d9e6ea44-93db-446f-8020-a94232284285@group-83CFD60236D8: changes role from  FOLLOWER to FOLLOWER at term 50 for recognizeCandidate:3989452c-7599-4156-9543-3fe544ced0f3
2019-10-16 22:14:48,798 [grpc-default-executor-24] INFO  impl.RaftServerImpl (RaftServerImpl.java:setRole(184)) - eec99a0c-e1b1-4518-bc49-9d1a8c8e04d5@group-83CFD60236D8: changes role from  FOLLOWER to FOLLOWER at term 50 for recognizeCandidate:3989452c-7599-4156-9543-3fe544ced0f3
2019-10-16 22:14:48,798 [grpc-default-executor-18] INFO  impl.RoleInfo (RoleInfo.java:shutdownFollowerState(121)) - d9e6ea44-93db-446f-8020-a94232284285: shutdown FollowerState
2019-10-16 22:14:48,798 [grpc-default-executor-24] INFO  impl.RoleInfo (RoleInfo.java:shutdownFollowerState(121)) - eec99a0c-e1b1-4518-bc49-9d1a8c8e04d5: shutdown FollowerState
2019-10-16 22:14:48,799 [Thread-1279] INFO  impl.FollowerState (FollowerState.java:run(117)) - d9e6ea44-93db-446f-8020-a94232284285@group-83CFD60236D8-FollowerState was interrupted: java.lang.InterruptedException: sleep interrupted
2019-10-16 22:14:48,799 [grpc-default-executor-18] INFO  impl.RoleInfo (RoleInfo.java:updateAndGet(143)) - d9e6ea44-93db-446f-8020-a94232284285: start FollowerState
2019-10-16 22:14:48,799 [Thread-1277] INFO  impl.FollowerState (FollowerState.java:run(117)) - eec99a0c-e1b1-4518-bc49-9d1a8c8e04d5@group-83CFD60236D8-FollowerState was interrupted: java.lang.InterruptedException: sleep interrupted
2019-10-16 22:14:48,799 [grpc-default-executor-24] INFO  impl.RoleInfo (RoleInfo.java:updateAndGet(143)) - eec99a0c-e1b1-4518-bc49-9d1a8c8e04d5: start FollowerState
2019-10-16 22:14:48,814 [3989452c-7599-4156-9543-3fe544ced0f3@group-83CFD60236D8-LeaderElection60] INFO  impl.LeaderElection (LeaderElection.java:logAndReturn(56)) - 3989452c-7599-4156-9543-3fe544ced0f3@group-83CFD60236D8-LeaderElection60: Election REJECTED; received 2 response(s) [3989452c-7599-4156-9543-3fe544ced0f3<-eec99a0c-e1b1-4518-bc49-9d1a8c8e04d5#0:FAIL-t50, 3989452c-7599-4156-9543-3fe544ced0f3<-d9e6ea44-93db-446f-8020-a94232284285#0:FAIL-t50] and 0 exception(s); 3989452c-7599-4156-9543-3fe544ced0f3@group-83CFD60236D8:t50, leader=null, voted=3989452c-7599-4156-9543-3fe544ced0f3, raftlog=3989452c-7599-4156-9543-3fe544ced0f3@group-83CFD60236D8-SegmentedRaftLog:OPENED:c-1,f-1,i0, conf=-1: [3989452c-7599-4156-9543-3fe544ced0f3:192.168.157.254:36320, eec99a0c-e1b1-4518-bc49-9d1a8c8e04d5:192.168.157.254:45598, d9e6ea44-93db-446f-8020-a94232284285:192.168.157.254:41671], old=null
2019-10-16 22:14:48,814 [3989452c-7599-4156-9543-3fe544ced0f3@group-83CFD60236D8-LeaderElection60] INFO  impl.RaftServerImpl (RaftServerImpl.java:setRole(184)) - 3989452c-7599-4156-9543-3fe544ced0f3@group-83CFD60236D8: changes role from CANDIDATE to FOLLOWER at term 50 for DISCOVERED_A_NEW_TERM
2019-10-16 22:14:48,814 [3989452c-7599-4156-9543-3fe544ced0f3@group-83CFD60236D8-LeaderElection60] INFO  impl.RoleInfo (RoleInfo.java:shutdownLeaderElection(134)) - 3989452c-7599-4156-9543-3fe544ced0f3: shutdown LeaderElection
2019-10-16 22:14:48,814 [3989452c-7599-4156-9543-3fe544ced0f3@group-83CFD60236D8-LeaderElection60] INFO  impl.RoleInfo (RoleInfo.java:updateAndGet(143)) - 3989452c-7599-4156-9543-3fe544ced0f3: start FollowerState
2019-10-16 22:14:48,884 [Thread-1288] INFO  impl.FollowerState (FollowerState.java:run(108)) - 3989452c-7599-4156-9543-3fe544ced0f3@group-83CFD60236D8-FollowerState: change to CANDIDATE, lastRpcTime:70ms, electionTimeout:70ms
2019-10-16 22:14:48,885 [Thread-1288] INFO  impl.RoleInfo (RoleInfo.java:shutdownFollowerState(121)) - 3989452c-7599-4156-9543-3fe544ced0f3: shutdown FollowerState
2019-10-16 22:14:48,885 [Thread-1288] INFO  impl.RaftServerImpl (RaftServerImpl.java:setRole(184)) - 3989452c-7599-4156-9543-3fe544ced0f3@group-83CFD60236D8: changes role from  FOLLOWER to CANDIDATE at term 50 for changeToCandidate
2019-10-16 22:14:48,885 [Thread-1288] INFO  impl.RoleInfo (RoleInfo.java:updateAndGet(143)) - 3989452c-7599-4156-9543-3fe544ced0f3: start LeaderElection
2019-10-16 22:14:48,902 [3989452c-7599-4156-9543-3fe544ced0f3@group-83CFD60236D8-LeaderElection61] INFO  impl.LeaderElection (LeaderElection.java:askForVotes(178)) - 3989452c-7599-4156-9543-3fe544ced0f3@group-83CFD60236D8-LeaderElection61: begin an election at term 51 for -1: [3989452c-7599-4156-9543-3fe544ced0f3:192.168.157.254:36320, eec99a0c-e1b1-4518-bc49-9d1a8c8e04d5:192.168.157.254:45598, d9e6ea44-93db-446f-8020-a94232284285:192.168.157.254:41671], old=null
2019-10-16 22:14:48,904 [grpc-default-executor-18] INFO  impl.RaftServerImpl (RaftServerImpl.java:setRole(184)) - d9e6ea44-93db-446f-8020-a94232284285@group-83CFD60236D8: changes role from  FOLLOWER to FOLLOWER at term 51 for recognizeCandidate:3989452c-7599-4156-9543-3fe544ced0f3
2019-10-16 22:14:48,904 [grpc-default-executor-18] INFO  impl.RoleInfo (RoleInfo.java:shutdownFollowerState(121)) - d9e6ea44-93db-446f-8020-a94232284285: shutdown FollowerState
2019-10-16 22:14:48,904 [grpc-default-executor-24] INFO  impl.RaftServerImpl (RaftServerImpl.java:setRole(184)) - eec99a0c-e1b1-4518-bc49-9d1a8c8e04d5@group-83CFD60236D8: changes role from  FOLLOWER to FOLLOWER at term 51 for recognizeCandidate:3989452c-7599-4156-9543-3fe544ced0f3
2019-10-16 22:14:48,905 [grpc-default-executor-18] INFO  impl.RoleInfo (RoleInfo.java:updateAndGet(143)) - d9e6ea44-93db-446f-8020-a94232284285: start FollowerState
2019-10-16 22:14:48,905 [Thread-1286] INFO  impl.FollowerState (FollowerState.java:run(117)) - d9e6ea44-93db-446f-8020-a94232284285@group-83CFD60236D8-FollowerState was interrupted: java.lang.InterruptedException: sleep interrupted
2019-10-16 22:14:48,905 [grpc-default-executor-24] INFO  impl.RoleInfo (RoleInfo.java:shutdownFollowerState(121)) - eec99a0c-e1b1-4518-bc49-9d1a8c8e04d5: shutdown FollowerState
2019-10-16 22:14:48,905 [grpc-default-executor-24] INFO  impl.RoleInfo (RoleInfo.java:updateAndGet(143)) - eec99a0c-e1b1-4518-bc49-9d1a8c8e04d5: start FollowerState
2019-10-16 22:14:48,905 [Thread-1287] INFO  impl.FollowerState (FollowerState.java:run(117)) - eec99a0c-e1b1-4518-bc49-9d1a8c8e04d5@group-83CFD60236D8-FollowerState was interrupted: java.lang.InterruptedException: sleep interrupted
2019-10-16 22:14:48,930 [3989452c-7599-4156-9543-3fe544ced0f3@group-83CFD60236D8-LeaderElection61] INFO  impl.LeaderElection (LeaderElection.java:logAndReturn(56)) - 3989452c-7599-4156-9543-3fe544ced0f3@group-83CFD60236D8-LeaderElection61: Election REJECTED; received 2 response(s) [3989452c-7599-4156-9543-3fe544ced0f3<-eec99a0c-e1b1-4518-bc49-9d1a8c8e04d5#0:FAIL-t51, 3989452c-7599-4156-9543-3fe544ced0f3<-d9e6ea44-93db-446f-8020-a94232284285#0:FAIL-t51] and 0 exception(s); 3989452c-7599-4156-9543-3fe544ced0f3@group-83CFD60236D8:t51, leader=null, voted=3989452c-7599-4156-9543-3fe544ced0f3, raftlog=3989452c-7599-4156-9543-3fe544ced0f3@group-83CFD60236D8-SegmentedRaftLog:OPENED:c-1,f-1,i0, conf=-1: [3989452c-7599-4156-9543-3fe544ced0f3:192.168.157.254:36320, eec99a0c-e1b1-4518-bc49-9d1a8c8e04d5:192.168.157.254:45598, d9e6ea44-93db-446f-8020-a94232284285:192.168.157.254:41671], old=null
2019-10-16 22:14:48,930 [3989452c-7599-4156-9543-3fe544ced0f3@group-83CFD60236D8-LeaderElection61] INFO  impl.RaftServerImpl (RaftServerImpl.java:setRole(184)) - 3989452c-7599-4156-9543-3fe544ced0f3@group-83CFD60236D8: changes role from CANDIDATE to FOLLOWER at term 51 for DISCOVERED_A_NEW_TERM
2019-10-16 22:14:48,930 [3989452c-7599-4156-9543-3fe544ced0f3@group-83CFD60236D8-LeaderElection61] INFO  impl.RoleInfo (RoleInfo.java:shutdownLeaderElection(134)) - 3989452c-7599-4156-9543-3fe544ced0f3: shutdown LeaderElection
2019-10-16 22:14:48,931 [3989452c-7599-4156-9543-3fe544ced0f3@group-83CFD60236D8-LeaderElection61] INFO  impl.RoleInfo (RoleInfo.java:updateAndGet(143)) - 3989452c-7599-4156-9543-3fe544ced0f3: start FollowerState
 0.00% |?                                                                                                    |  0/1 Time: 0:06:052019-10-16 22:14:49,063 [Thread-1294] INFO  impl.FollowerState (FollowerState.java:run(108)) - 3989452c-7599-4156-9543-3fe544ced0f3@group-83CFD60236D8-FollowerState: change to CANDIDATE, lastRpcTime:132ms, electionTimeout:132ms
2019-10-16 22:14:49,063 [Thread-1294] INFO  impl.RoleInfo (RoleInfo.java:shutdownFollowerState(121)) - 3989452c-7599-4156-9543-3fe544ced0f3: shutdown FollowerState
2019-10-16 22:14:49,063 [Thread-1294] INFO  impl.RaftServerImpl (RaftServerImpl.java:setRole(184)) - 3989452c-7599-4156-9543-3fe544ced0f3@group-83CFD60236D8: changes role from  FOLLOWER to CANDIDATE at term 51 for changeToCandidate
2019-10-16 22:14:49,064 [Thread-1294] INFO  impl.RoleInfo (RoleInfo.java:updateAndGet(143)) - 3989452c-7599-4156-9543-3fe544ced0f3: start LeaderElection
2019-10-16 22:14:49,078 [3989452c-7599-4156-9543-3fe544ced0f3@group-83CFD60236D8-LeaderElection62] INFO  impl.LeaderElection (LeaderElection.java:askForVotes(178)) - 3989452c-7599-4156-9543-3fe544ced0f3@group-83CFD60236D8-LeaderElection62: begin an election at term 52 for -1: [3989452c-7599-4156-9543-3fe544ced0f3:192.168.157.254:36320, eec99a0c-e1b1-4518-bc49-9d1a8c8e04d5:192.168.157.254:45598, d9e6ea44-93db-446f-8020-a94232284285:192.168.157.254:41671], old=null
2019-10-16 22:14:49,080 [grpc-default-executor-24] INFO  impl.RaftServerImpl (RaftServerImpl.java:setRole(184)) - d9e6ea44-93db-446f-8020-a94232284285@group-83CFD60236D8: changes role from  FOLLOWER to FOLLOWER at term 52 for recognizeCandidate:3989452c-7599-4156-9543-3fe544ced0f3
2019-10-16 22:14:49,080 [grpc-default-executor-24] INFO  impl.RoleInfo (RoleInfo.java:shutdownFollowerState(121)) - d9e6ea44-93db-446f-8020-a94232284285: shutdown FollowerState
2019-10-16 22:14:49,080 [grpc-default-executor-18] INFO  impl.RaftServerImpl (RaftServerImpl.java:setRole(184)) - eec99a0c-e1b1-4518-bc49-9d1a8c8e04d5@group-83CFD60236D8: changes role from  FOLLOWER to FOLLOWER at term 52 for recognizeCandidate:3989452c-7599-4156-9543-3fe544ced0f3
2019-10-16 22:14:49,080 [Thread-1292] INFO  impl.FollowerState (FollowerState.java:run(117)) - d9e6ea44-93db-446f-8020-a94232284285@group-83CFD60236D8-FollowerState was interrupted: java.lang.InterruptedException: sleep interrupted
2019-10-16 22:14:49,080 [grpc-default-executor-24] INFO  impl.RoleInfo (RoleInfo.java:updateAndGet(143)) - d9e6ea44-93db-446f-8020-a94232284285: start FollowerState
2019-10-16 22:14:49,080 [grpc-default-executor-18] INFO  impl.RoleInfo (RoleInfo.java:shutdownFollowerState(121)) - eec99a0c-e1b1-4518-bc49-9d1a8c8e04d5: shutdown FollowerState
2019-10-16 22:14:49,080 [grpc-default-executor-18] INFO  impl.RoleInfo (RoleInfo.java:updateAndGet(143)) - eec99a0c-e1b1-4518-bc49-9d1a8c8e04d5: start FollowerState
2019-10-16 22:14:49,081 [Thread-1293] INFO  impl.FollowerState (FollowerState.java:run(117)) - eec99a0c-e1b1-4518-bc49-9d1a8c8e04d5@group-83CFD60236D8-FollowerState was interrupted: java.lang.InterruptedException: sleep interrupted
2019-10-16 22:14:49,106 [3989452c-7599-4156-9543-3fe544ced0f3@group-83CFD60236D8-LeaderElection62] INFO  impl.LeaderElection (LeaderElection.java:logAndReturn(56)) - 3989452c-7599-4156-9543-3fe544ced0f3@group-83CFD60236D8-LeaderElection62: Election REJECTED; received 2 response(s) [3989452c-7599-4156-9543-3fe544ced0f3<-eec99a0c-e1b1-4518-bc49-9d1a8c8e04d5#0:FAIL-t52, 3989452c-7599-4156-9543-3fe544ced0f3<-d9e6ea44-93db-446f-8020-a94232284285#0:FAIL-t52] and 0 exception(s); 3989452c-7599-4156-9543-3fe544ced0f3@group-83CFD60236D8:t52, leader=null, voted=3989452c-7599-4156-9543-3fe544ced0f3, raftlog=3989452c-7599-4156-9543-3fe544ced0f3@group-83CFD60236D8-SegmentedRaftLog:OPENED:c-1,f-1,i0, conf=-1: [3989452c-7599-4156-9543-3fe544ced0f3:192.168.157.254:36320, eec99a0c-e1b1-4518-bc49-9d1a8c8e04d5:192.168.157.254:45598, d9e6ea44-93db-446f-8020-a94232284285:192.168.157.254:41671], old=null
2019-10-16 22:14:49,107 [3989452c-7599-4156-9543-3fe544ced0f3@group-83CFD60236D8-LeaderElection62] INFO  impl.RaftServerImpl (RaftServerImpl.java:setRole(184)) - 3989452c-7599-4156-9543-3fe544ced0f3@group-83CFD60236D8: changes role from CANDIDATE to FOLLOWER at term 52 for DISCOVERED_A_NEW_TERM
2019-10-16 22:14:49,107 [3989452c-7599-4156-9543-3fe544ced0f3@group-83CFD60236D8-LeaderElection62] INFO  impl.RoleInfo (RoleInfo.java:shutdownLeaderElection(134)) - 3989452c-7599-4156-9543-3fe544ced0f3: shutdown LeaderElection
2019-10-16 22:14:49,107 [3989452c-7599-4156-9543-3fe544ced0f3@group-83CFD60236D8-LeaderElection62] INFO  impl.RoleInfo (RoleInfo.java:updateAndGet(143)) - 3989452c-7599-4156-9543-3fe544ced0f3: start FollowerState
2019-10-16 22:14:49,159 [Thread-1300] INFO  impl.FollowerState (FollowerState.java:run(108)) - 3989452c-7599-4156-9543-3fe544ced0f3@group-83CFD60236D8-FollowerState: change to CANDIDATE, lastRpcTime:52ms, electionTimeout:52ms
2019-10-16 22:14:49,159 [Thread-1300] INFO  impl.RoleInfo (RoleInfo.java:shutdownFollowerState(121)) - 3989452c-7599-4156-9543-3fe544ced0f3: shutdown FollowerState
2019-10-16 22:14:49,160 [Thread-1300] INFO  impl.RaftServerImpl (RaftServerImpl.java:setRole(184)) - 3989452c-7599-4156-9543-3fe544ced0f3@group-83CFD60236D8: changes role from  FOLLOWER to CANDIDATE at term 52 for changeToCandidate
2019-10-16 22:14:49,160 [Thread-1300] INFO  impl.RoleInfo (RoleInfo.java:updateAndGet(143)) - 3989452c-7599-4156-9543-3fe544ced0f3: start LeaderElection
2019-10-16 22:14:49,173 [3989452c-7599-4156-9543-3fe544ced0f3@group-83CFD60236D8-LeaderElection63] INFO  impl.LeaderElection (LeaderElection.java:askForVotes(178)) - 3989452c-7599-4156-9543-3fe544ced0f3@group-83CFD60236D8-LeaderElection63: begin an election at term 53 for -1: [3989452c-7599-4156-9543-3fe544ced0f3:192.168.157.254:36320, eec99a0c-e1b1-4518-bc49-9d1a8c8e04d5:192.168.157.254:45598, d9e6ea44-93db-446f-8020-a94232284285:192.168.157.254:41671], old=null
2019-10-16 22:14:49,175 [grpc-default-executor-24] INFO  impl.RaftServerImpl (RaftServerImpl.java:setRole(184)) - eec99a0c-e1b1-4518-bc49-9d1a8c8e04d5@group-83CFD60236D8: changes role from  FOLLOWER to FOLLOWER at term 53 for recognizeCandidate:3989452c-7599-4156-9543-3fe544ced0f3
2019-10-16 22:14:49,175 [grpc-default-executor-18] INFO  impl.RaftServerImpl (RaftServerImpl.java:setRole(184)) - d9e6ea44-93db-446f-8020-a94232284285@group-83CFD60236D8: changes role from  FOLLOWER to FOLLOWER at term 53 for recognizeCandidate:3989452c-7599-4156-9543-3fe544ced0f3
2019-10-16 22:14:49,175 [grpc-default-executor-24] INFO  impl.RoleInfo (RoleInfo.java:shutdownFollowerState(121)) - eec99a0c-e1b1-4518-bc49-9d1a8c8e04d5: shutdown FollowerState
2019-10-16 22:14:49,175 [grpc-default-executor-18] INFO  impl.RoleInfo (RoleInfo.java:shutdownFollowerState(121)) - d9e6ea44-93db-446f-8020-a94232284285: shutdown FollowerState
2019-10-16 22:14:49,176 [Thread-1299] INFO  impl.FollowerState (FollowerState.java:run(117)) - eec99a0c-e1b1-4518-bc49-9d1a8c8e04d5@group-83CFD60236D8-FollowerState was interrupted: java.lang.InterruptedException: sleep interrupted
2019-10-16 22:14:49,176 [grpc-default-executor-24] INFO  impl.RoleInfo (RoleInfo.java:updateAndGet(143)) - eec99a0c-e1b1-4518-bc49-9d1a8c8e04d5: start FollowerState
2019-10-16 22:14:49,176 [Thread-1298] INFO  impl.FollowerState (FollowerState.java:run(117)) - d9e6ea44-93db-446f-8020-a94232284285@group-83CFD60236D8-FollowerState was interrupted: java.lang.InterruptedException: sleep interrupted
2019-10-16 22:14:49,176 [grpc-default-executor-18] INFO  impl.RoleInfo (RoleInfo.java:updateAndGet(143)) - d9e6ea44-93db-446f-8020-a94232284285: start FollowerState
2019-10-16 22:14:49,189 [3989452c-7599-4156-9543-3fe544ced0f3@group-83CFD60236D8-LeaderElection63] INFO  impl.LeaderElection (LeaderElection.java:logAndReturn(56)) - 3989452c-7599-4156-9543-3fe544ced0f3@group-83CFD60236D8-LeaderElection63: Election REJECTED; received 2 response(s) [3989452c-7599-4156-9543-3fe544ced0f3<-eec99a0c-e1b1-4518-bc49-9d1a8c8e04d5#0:FAIL-t53, 3989452c-7599-4156-9543-3fe544ced0f3<-d9e6ea44-93db-446f-8020-a94232284285#0:FAIL-t53] and 0 exception(s); 3989452c-7599-4156-9543-3fe544ced0f3@group-83CFD60236D8:t53, leader=null, voted=3989452c-7599-4156-9543-3fe544ced0f3, raftlog=3989452c-7599-4156-9543-3fe544ced0f3@group-83CFD60236D8-SegmentedRaftLog:OPENED:c-1,f-1,i0, conf=-1: [3989452c-7599-4156-9543-3fe544ced0f3:192.168.157.254:36320, eec99a0c-e1b1-4518-bc49-9d1a8c8e04d5:192.168.157.254:45598, d9e6ea44-93db-446f-8020-a94232284285:192.168.157.254:41671], old=null
2019-10-16 22:14:49,190 [3989452c-7599-4156-9543-3fe544ced0f3@group-83CFD60236D8-LeaderElection63] INFO  impl.RaftServerImpl (RaftServerImpl.java:setRole(184)) - 3989452c-7599-4156-9543-3fe544ced0f3@group-83CFD60236D8: changes role from CANDIDATE to FOLLOWER at term 53 for DISCOVERED_A_NEW_TERM
2019-10-16 22:14:49,190 [3989452c-7599-4156-9543-3fe544ced0f3@group-83CFD60236D8-LeaderElection63] INFO  impl.RoleInfo (RoleInfo.java:shutdownLeaderElection(134)) - 3989452c-7599-4156-9543-3fe544ced0f3: shutdown LeaderElection
2019-10-16 22:14:49,190 [3989452c-7599-4156-9543-3fe544ced0f3@group-83CFD60236D8-LeaderElection63] INFO  impl.RoleInfo (RoleInfo.java:updateAndGet(143)) - 3989452c-7599-4156-9543-3fe544ced0f3: start FollowerState
2019-10-16 22:14:49,256 [Thread-1306] INFO  impl.FollowerState (FollowerState.java:run(108)) - 3989452c-7599-4156-9543-3fe544ced0f3@group-83CFD60236D8-FollowerState: change to CANDIDATE, lastRpcTime:66ms, electionTimeout:66ms
2019-10-16 22:14:49,257 [Thread-1306] INFO  impl.RoleInfo (RoleInfo.java:shutdownFollowerState(121)) - 3989452c-7599-4156-9543-3fe544ced0f3: shutdown FollowerState
2019-10-16 22:14:49,257 [Thread-1306] INFO  impl.RaftServerImpl (RaftServerImpl.java:setRole(184)) - 3989452c-7599-4156-9543-3fe544ced0f3@group-83CFD60236D8: changes role from  FOLLOWER to CANDIDATE at term 53 for changeToCandidate
2019-10-16 22:14:49,257 [Thread-1306] INFO  impl.RoleInfo (RoleInfo.java:updateAndGet(143)) - 3989452c-7599-4156-9543-3fe544ced0f3: start LeaderElection
2019-10-16 22:14:49,262 [3989452c-7599-4156-9543-3fe544ced0f3@group-83CFD60236D8-LeaderElection64] INFO  impl.LeaderElection (LeaderElection.java:askForVotes(178)) - 3989452c-7599-4156-9543-3fe544ced0f3@group-83CFD60236D8-LeaderElection64: begin an election at term 54 for -1: [3989452c-7599-4156-9543-3fe544ced0f3:192.168.157.254:36320, eec99a0c-e1b1-4518-bc49-9d1a8c8e04d5:192.168.157.254:45598, d9e6ea44-93db-446f-8020-a94232284285:192.168.157.254:41671], old=null
2019-10-16 22:14:49,263 [grpc-default-executor-18] INFO  impl.RaftServerImpl (RaftServerImpl.java:setRole(184)) - eec99a0c-e1b1-4518-bc49-9d1a8c8e04d5@group-83CFD60236D8: changes role from  FOLLOWER to FOLLOWER at term 54 for recognizeCandidate:3989452c-7599-4156-9543-3fe544ced0f3
2019-10-16 22:14:49,264 [grpc-default-executor-24] INFO  impl.RaftServerImpl (RaftServerImpl.java:setRole(184)) - d9e6ea44-93db-446f-8020-a94232284285@group-83CFD60236D8: changes role from  FOLLOWER to FOLLOWER at term 54 for recognizeCandidate:3989452c-7599-4156-9543-3fe544ced0f3
2019-10-16 22:14:49,264 [grpc-default-executor-18] INFO  impl.RoleInfo (RoleInfo.java:shutdownFollowerState(121)) - eec99a0c-e1b1-4518-bc49-9d1a8c8e04d5: shutdown FollowerState
2019-10-16 22:14:49,264 [grpc-default-executor-24] INFO  impl.RoleInfo (RoleInfo.java:shutdownFollowerState(121)) - d9e6ea44-93db-446f-8020-a94232284285: shutdown FollowerState
2019-10-16 22:14:49,264 [Thread-1304] INFO  impl.FollowerState (FollowerState.java:run(117)) - eec99a0c-e1b1-4518-bc49-9d1a8c8e04d5@group-83CFD60236D8-FollowerState was interrupted: java.lang.InterruptedException: sleep interrupted
2019-10-16 22:14:49,264 [Thread-1305] INFO  impl.FollowerState (FollowerState.java:run(117)) - d9e6ea44-93db-446f-8020-a94232284285@group-83CFD60236D8-FollowerState was interrupted: java.lang.InterruptedException: sleep interrupted
2019-10-16 22:14:49,264 [grpc-default-executor-18] INFO  impl.RoleInfo (RoleInfo.java:updateAndGet(143)) - eec99a0c-e1b1-4518-bc49-9d1a8c8e04d5: start FollowerState
2019-10-16 22:14:49,264 [grpc-default-executor-24] INFO  impl.RoleInfo (RoleInfo.java:updateAndGet(143)) - d9e6ea44-93db-446f-8020-a94232284285: start FollowerState
2019-10-16 22:14:49,273 [3989452c-7599-4156-9543-3fe544ced0f3@group-83CFD60236D8-LeaderElection64] INFO  impl.LeaderElection (LeaderElection.java:logAndReturn(56)) - 3989452c-7599-4156-9543-3fe544ced0f3@group-83CFD60236D8-LeaderElection64: Election REJECTED; received 2 response(s) [3989452c-7599-4156-9543-3fe544ced0f3<-eec99a0c-e1b1-4518-bc49-9d1a8c8e04d5#0:FAIL-t54, 3989452c-7599-4156-9543-3fe544ced0f3<-d9e6ea44-93db-446f-8020-a94232284285#0:FAIL-t54] and 0 exception(s); 3989452c-7599-4156-9543-3fe544ced0f3@group-83CFD60236D8:t54, leader=null, voted=3989452c-7599-4156-9543-3fe544ced0f3, raftlog=3989452c-7599-4156-9543-3fe544ced0f3@group-83CFD60236D8-SegmentedRaftLog:OPENED:c-1,f-1,i0, conf=-1: [3989452c-7599-4156-9543-3fe544ced0f3:192.168.157.254:36320, eec99a0c-e1b1-4518-bc49-9d1a8c8e04d5:192.168.157.254:45598, d9e6ea44-93db-446f-8020-a94232284285:192.168.157.254:41671], old=null
2019-10-16 22:14:49,274 [3989452c-7599-4156-9543-3fe544ced0f3@group-83CFD60236D8-LeaderElection64] INFO  impl.RaftServerImpl (RaftServerImpl.java:setRole(184)) - 3989452c-7599-4156-9543-3fe544ced0f3@group-83CFD60236D8: changes role from CANDIDATE to FOLLOWER at term 54 for DISCOVERED_A_NEW_TERM
2019-10-16 22:14:49,274 [3989452c-7599-4156-9543-3fe544ced0f3@group-83CFD60236D8-LeaderElection64] INFO  impl.RoleInfo (RoleInfo.java:shutdownLeaderElection(134)) - 3989452c-7599-4156-9543-3fe544ced0f3: shutdown LeaderElection
2019-10-16 22:14:49,274 [3989452c-7599-4156-9543-3fe544ced0f3@group-83CFD60236D8-LeaderElection64] INFO  impl.RoleInfo (RoleInfo.java:updateAndGet(143)) - 3989452c-7599-4156-9543-3fe544ced0f3: start FollowerState
2019-10-16 22:14:49,398 [Thread-1314] INFO  impl.FollowerState (FollowerState.java:run(108)) - 3989452c-7599-4156-9543-3fe544ced0f3@group-83CFD60236D8-FollowerState: change to CANDIDATE, lastRpcTime:124ms, electionTimeout:124ms
2019-10-16 22:14:49,399 [Thread-1314] INFO  impl.RoleInfo (RoleInfo.java:shutdownFollowerState(121)) - 3989452c-7599-4156-9543-3fe544ced0f3: shutdown FollowerState
2019-10-16 22:14:49,399 [Thread-1314] INFO  impl.RaftServerImpl (RaftServerImpl.java:setRole(184)) - 3989452c-7599-4156-9543-3fe544ced0f3@group-83CFD60236D8: changes role from  FOLLOWER to CANDIDATE at term 54 for changeToCandidate
2019-10-16 22:14:49,399 [Thread-1314] INFO  impl.RoleInfo (RoleInfo.java:updateAndGet(143)) - 3989452c-7599-4156-9543-3fe544ced0f3: start LeaderElection
2019-10-16 22:14:49,423 [3989452c-7599-4156-9543-3fe544ced0f3@group-83CFD60236D8-LeaderElection65] INFO  impl.LeaderElection (LeaderElection.java:askForVotes(178)) - 3989452c-7599-4156-9543-3fe544ced0f3@group-83CFD60236D8-LeaderElection65: begin an election at term 55 for -1: [3989452c-7599-4156-9543-3fe544ced0f3:192.168.157.254:36320, eec99a0c-e1b1-4518-bc49-9d1a8c8e04d5:192.168.157.254:45598, d9e6ea44-93db-446f-8020-a94232284285:192.168.157.254:41671], old=null
2019-10-16 22:14:49,425 [grpc-default-executor-24] INFO  impl.RaftServerImpl (RaftServerImpl.java:setRole(184)) - eec99a0c-e1b1-4518-bc49-9d1a8c8e04d5@group-83CFD60236D8: changes role from  FOLLOWER to FOLLOWER at term 55 for recognizeCandidate:3989452c-7599-4156-9543-3fe544ced0f3
2019-10-16 22:14:49,426 [grpc-default-executor-18] INFO  impl.RaftServerImpl (RaftServerImpl.java:setRole(184)) - d9e6ea44-93db-446f-8020-a94232284285@group-83CFD60236D8: changes role from  FOLLOWER to FOLLOWER at term 55 for recognizeCandidate:3989452c-7599-4156-9543-3fe544ced0f3
2019-10-16 22:14:49,426 [grpc-default-executor-24] INFO  impl.RoleInfo (RoleInfo.java:shutdownFollowerState(121)) - eec99a0c-e1b1-4518-bc49-9d1a8c8e04d5: shutdown FollowerState
2019-10-16 22:14:49,426 [grpc-default-executor-18] INFO  impl.RoleInfo (RoleInfo.java:shutdownFollowerState(121)) - d9e6ea44-93db-446f-8020-a94232284285: shutdown FollowerState
2019-10-16 22:14:49,426 [Thread-1312] INFO  impl.FollowerState (FollowerState.java:run(117)) - eec99a0c-e1b1-4518-bc49-9d1a8c8e04d5@group-83CFD60236D8-FollowerState was interrupted: java.lang.InterruptedException: sleep interrupted
2019-10-16 22:14:49,426 [Thread-1313] INFO  impl.FollowerState (FollowerState.java:run(117)) - d9e6ea44-93db-446f-8020-a94232284285@group-83CFD60236D8-FollowerState was interrupted: java.lang.InterruptedException: sleep interrupted
2019-10-16 22:14:49,426 [grpc-default-executor-24] INFO  impl.RoleInfo (RoleInfo.java:updateAndGet(143)) - eec99a0c-e1b1-4518-bc49-9d1a8c8e04d5: start FollowerState
2019-10-16 22:14:49,426 [grpc-default-executor-18] INFO  impl.RoleInfo (RoleInfo.java:updateAndGet(143)) - d9e6ea44-93db-446f-8020-a94232284285: start FollowerState
2019-10-16 22:14:49,441 [3989452c-7599-4156-9543-3fe544ced0f3@group-83CFD60236D8-LeaderElection65] INFO  impl.LeaderElection (LeaderElection.java:logAndReturn(56)) - 3989452c-7599-4156-9543-3fe544ced0f3@group-83CFD60236D8-LeaderElection65: Election REJECTED; received 2 response(s) [3989452c-7599-4156-9543-3fe544ced0f3<-eec99a0c-e1b1-4518-bc49-9d1a8c8e04d5#0:FAIL-t55, 3989452c-7599-4156-9543-3fe544ced0f3<-d9e6ea44-93db-446f-8020-a94232284285#0:FAIL-t55] and 0 exception(s); 3989452c-7599-4156-9543-3fe544ced0f3@group-83CFD60236D8:t55, leader=null, voted=3989452c-7599-4156-9543-3fe544ced0f3, raftlog=3989452c-7599-4156-9543-3fe544ced0f3@group-83CFD60236D8-SegmentedRaftLog:OPENED:c-1,f-1,i0, conf=-1: [3989452c-7599-4156-9543-3fe544ced0f3:192.168.157.254:36320, eec99a0c-e1b1-4518-bc49-9d1a8c8e04d5:192.168.157.254:45598, d9e6ea44-93db-446f-8020-a94232284285:192.168.157.254:41671], old=null
2019-10-16 22:14:49,441 [3989452c-7599-4156-9543-3fe544ced0f3@group-83CFD60236D8-LeaderElection65] INFO  impl.RaftServerImpl (RaftServerImpl.java:setRole(184)) - 3989452c-7599-4156-9543-3fe544ced0f3@group-83CFD60236D8: changes role from CANDIDATE to FOLLOWER at term 55 for DISCOVERED_A_NEW_TERM
2019-10-16 22:14:49,441 [3989452c-7599-4156-9543-3fe544ced0f3@group-83CFD60236D8-LeaderElection65] INFO  impl.RoleInfo (RoleInfo.java:shutdownLeaderElection(134)) - 3989452c-7599-4156-9543-3fe544ced0f3: shutdown LeaderElection
2019-10-16 22:14:49,442 [3989452c-7599-4156-9543-3fe544ced0f3@group-83CFD60236D8-LeaderElection65] INFO  impl.RoleInfo (RoleInfo.java:updateAndGet(143)) - 3989452c-7599-4156-9543-3fe544ced0f3: start FollowerState
2019-10-16 22:14:49,495 [Thread-1320] INFO  impl.FollowerState (FollowerState.java:run(108)) - 3989452c-7599-4156-9543-3fe544ced0f3@group-83CFD60236D8-FollowerState: change to CANDIDATE, lastRpcTime:53ms, electionTimeout:53ms
2019-10-16 22:14:49,495 [Thread-1320] INFO  impl.RoleInfo (RoleInfo.java:shutdownFollowerState(121)) - 3989452c-7599-4156-9543-3fe544ced0f3: shutdown FollowerState
2019-10-16 22:14:49,495 [Thread-1320] INFO  impl.RaftServerImpl (RaftServerImpl.java:setRole(184)) - 3989452c-7599-4156-9543-3fe544ced0f3@group-83CFD60236D8: changes role from  FOLLOWER to CANDIDATE at term 55 for changeToCandidate
2019-10-16 22:14:49,496 [Thread-1320] INFO  impl.RoleInfo (RoleInfo.java:updateAndGet(143)) - 3989452c-7599-4156-9543-3fe544ced0f3: start LeaderElection
2019-10-16 22:14:49,511 [3989452c-7599-4156-9543-3fe544ced0f3@group-83CFD60236D8-LeaderElection66] INFO  impl.LeaderElection (LeaderElection.java:askForVotes(178)) - 3989452c-7599-4156-9543-3fe544ced0f3@group-83CFD60236D8-LeaderElection66: begin an election at term 56 for -1: [3989452c-7599-4156-9543-3fe544ced0f3:192.168.157.254:36320, eec99a0c-e1b1-4518-bc49-9d1a8c8e04d5:192.168.157.254:45598, d9e6ea44-93db-446f-8020-a94232284285:192.168.157.254:41671], old=null
2019-10-16 22:14:49,513 [grpc-default-executor-18] INFO  impl.RaftServerImpl (RaftServerImpl.java:setRole(184)) - eec99a0c-e1b1-4518-bc49-9d1a8c8e04d5@group-83CFD60236D8: changes role from  FOLLOWER to FOLLOWER at term 56 for recognizeCandidate:3989452c-7599-4156-9543-3fe544ced0f3
2019-10-16 22:14:49,513 [grpc-default-executor-24] INFO  impl.RaftServerImpl (RaftServerImpl.java:setRole(184)) - d9e6ea44-93db-446f-8020-a94232284285@group-83CFD60236D8: changes role from  FOLLOWER to FOLLOWER at term 56 for recognizeCandidate:3989452c-7599-4156-9543-3fe544ced0f3
2019-10-16 22:14:49,513 [grpc-default-executor-24] INFO  impl.RoleInfo (RoleInfo.java:shutdownFollowerState(121)) - d9e6ea44-93db-446f-8020-a94232284285: shutdown FollowerState
2019-10-16 22:14:49,513 [grpc-default-executor-18] INFO  impl.RoleInfo (RoleInfo.java:shutdownFollowerState(121)) - eec99a0c-e1b1-4518-bc49-9d1a8c8e04d5: shutdown FollowerState
2019-10-16 22:14:49,513 [Thread-1319] INFO  impl.FollowerState (FollowerState.java:run(117)) - d9e6ea44-93db-446f-8020-a94232284285@group-83CFD60236D8-FollowerState was interrupted: java.lang.InterruptedException: sleep interrupted
2019-10-16 22:14:49,513 [grpc-default-executor-24] INFO  impl.RoleInfo (RoleInfo.java:updateAndGet(143)) - d9e6ea44-93db-446f-8020-a94232284285: start FollowerState
2019-10-16 22:14:49,513 [Thread-1318] INFO  impl.FollowerState (FollowerState.java:run(117)) - eec99a0c-e1b1-4518-bc49-9d1a8c8e04d5@group-83CFD60236D8-FollowerState was interrupted: java.lang.InterruptedException: sleep interrupted
2019-10-16 22:14:49,513 [grpc-default-executor-18] INFO  impl.RoleInfo (RoleInfo.java:updateAndGet(143)) - eec99a0c-e1b1-4518-bc49-9d1a8c8e04d5: start FollowerState
2019-10-16 22:14:49,530 [3989452c-7599-4156-9543-3fe544ced0f3@group-83CFD60236D8-LeaderElection66] INFO  impl.LeaderElection (LeaderElection.java:logAndReturn(56)) - 3989452c-7599-4156-9543-3fe544ced0f3@group-83CFD60236D8-LeaderElection66: Election REJECTED; received 2 response(s) [3989452c-7599-4156-9543-3fe544ced0f3<-eec99a0c-e1b1-4518-bc49-9d1a8c8e04d5#0:FAIL-t56, 3989452c-7599-4156-9543-3fe544ced0f3<-d9e6ea44-93db-446f-8020-a94232284285#0:FAIL-t56] and 0 exception(s); 3989452c-7599-4156-9543-3fe544ced0f3@group-83CFD60236D8:t56, leader=null, voted=3989452c-7599-4156-9543-3fe544ced0f3, raftlog=3989452c-7599-4156-9543-3fe544ced0f3@group-83CFD60236D8-SegmentedRaftLog:OPENED:c-1,f-1,i0, conf=-1: [3989452c-7599-4156-9543-3fe544ced0f3:192.168.157.254:36320, eec99a0c-e1b1-4518-bc49-9d1a8c8e04d5:192.168.157.254:45598, d9e6ea44-93db-446f-8020-a94232284285:192.168.157.254:41671], old=null
2019-10-16 22:14:49,530 [3989452c-7599-4156-9543-3fe544ced0f3@group-83CFD60236D8-LeaderElection66] INFO  impl.RaftServerImpl (RaftServerImpl.java:setRole(184)) - 3989452c-7599-4156-9543-3fe544ced0f3@group-83CFD60236D8: changes role from CANDIDATE to FOLLOWER at term 56 for DISCOVERED_A_NEW_TERM
2019-10-16 22:14:49,530 [3989452c-7599-4156-9543-3fe544ced0f3@group-83CFD60236D8-LeaderElection66] INFO  impl.RoleInfo (RoleInfo.java:shutdownLeaderElection(134)) - 3989452c-7599-4156-9543-3fe544ced0f3: shutdown LeaderElection
2019-10-16 22:14:49,530 [3989452c-7599-4156-9543-3fe544ced0f3@group-83CFD60236D8-LeaderElection66] INFO  impl.RoleInfo (RoleInfo.java:updateAndGet(143)) - 3989452c-7599-4156-9543-3fe544ced0f3: start FollowerState
2019-10-16 22:14:49,651 [Thread-1326] INFO  impl.FollowerState (FollowerState.java:run(108)) - 3989452c-7599-4156-9543-3fe544ced0f3@group-83CFD60236D8-FollowerState: change to CANDIDATE, lastRpcTime:120ms, electionTimeout:120ms
2019-10-16 22:14:49,651 [Thread-1326] INFO  impl.RoleInfo (RoleInfo.java:shutdownFollowerState(121)) - 3989452c-7599-4156-9543-3fe544ced0f3: shutdown FollowerState
2019-10-16 22:14:49,651 [Thread-1326] INFO  impl.RaftServerImpl (RaftServerImpl.java:setRole(184)) - 3989452c-7599-4156-9543-3fe544ced0f3@group-83CFD60236D8: changes role from  FOLLOWER to CANDIDATE at term 56 for changeToCandidate
2019-10-16 22:14:49,651 [Thread-1326] INFO  impl.RoleInfo (RoleInfo.java:updateAndGet(143)) - 3989452c-7599-4156-9543-3fe544ced0f3: start LeaderElection
2019-10-16 22:14:49,665 [3989452c-7599-4156-9543-3fe544ced0f3@group-83CFD60236D8-LeaderElection67] INFO  impl.LeaderElection (LeaderElection.java:askForVotes(178)) - 3989452c-7599-4156-9543-3fe544ced0f3@group-83CFD60236D8-LeaderElection67: begin an election at term 57 for -1: [3989452c-7599-4156-9543-3fe544ced0f3:192.168.157.254:36320, eec99a0c-e1b1-4518-bc49-9d1a8c8e04d5:192.168.157.254:45598, d9e6ea44-93db-446f-8020-a94232284285:192.168.157.254:41671], old=null
2019-10-16 22:14:49,667 [grpc-default-executor-24] INFO  impl.RaftServerImpl (RaftServerImpl.java:setRole(184)) - eec99a0c-e1b1-4518-bc49-9d1a8c8e04d5@group-83CFD60236D8: changes role from  FOLLOWER to FOLLOWER at term 57 for recognizeCandidate:3989452c-7599-4156-9543-3fe544ced0f3
2019-10-16 22:14:49,667 [grpc-default-executor-18] INFO  impl.RaftServerImpl (RaftServerImpl.java:setRole(184)) - d9e6ea44-93db-446f-8020-a94232284285@group-83CFD60236D8: changes role from  FOLLOWER to FOLLOWER at term 57 for recognizeCandidate:3989452c-7599-4156-9543-3fe544ced0f3
2019-10-16 22:14:49,667 [grpc-default-executor-24] INFO  impl.RoleInfo (RoleInfo.java:shutdownFollowerState(121)) - eec99a0c-e1b1-4518-bc49-9d1a8c8e04d5: shutdown FollowerState
2019-10-16 22:14:49,667 [grpc-default-executor-18] INFO  impl.RoleInfo (RoleInfo.java:shutdownFollowerState(121)) - d9e6ea44-93db-446f-8020-a94232284285: shutdown FollowerState
2019-10-16 22:14:49,668 [grpc-default-executor-24] INFO  impl.RoleInfo (RoleInfo.java:updateAndGet(143)) - eec99a0c-e1b1-4518-bc49-9d1a8c8e04d5: start FollowerState
2019-10-16 22:14:49,668 [Thread-1324] INFO  impl.FollowerState (FollowerState.java:run(117)) - d9e6ea44-93db-446f-8020-a94232284285@group-83CFD60236D8-FollowerState was interrupted: java.lang.InterruptedException: sleep interrupted
2019-10-16 22:14:49,668 [Thread-1325] INFO  impl.FollowerState (FollowerState.java:run(117)) - eec99a0c-e1b1-4518-bc49-9d1a8c8e04d5@group-83CFD60236D8-FollowerState was interrupted: java.lang.InterruptedException: sleep interrupted
2019-10-16 22:14:49,668 [grpc-default-executor-18] INFO  impl.RoleInfo (RoleInfo.java:updateAndGet(143)) - d9e6ea44-93db-446f-8020-a94232284285: start FollowerState
2019-10-16 22:14:49,684 [3989452c-7599-4156-9543-3fe544ced0f3@group-83CFD60236D8-LeaderElection67] INFO  impl.LeaderElection (LeaderElection.java:logAndReturn(56)) - 3989452c-7599-4156-9543-3fe544ced0f3@group-83CFD60236D8-LeaderElection67: Election REJECTED; received 2 response(s) [3989452c-7599-4156-9543-3fe544ced0f3<-eec99a0c-e1b1-4518-bc49-9d1a8c8e04d5#0:FAIL-t57, 3989452c-7599-4156-9543-3fe544ced0f3<-d9e6ea44-93db-446f-8020-a94232284285#0:FAIL-t57] and 0 exception(s); 3989452c-7599-4156-9543-3fe544ced0f3@group-83CFD60236D8:t57, leader=null, voted=3989452c-7599-4156-9543-3fe544ced0f3, raftlog=3989452c-7599-4156-9543-3fe544ced0f3@group-83CFD60236D8-SegmentedRaftLog:OPENED:c-1,f-1,i0, conf=-1: [3989452c-7599-4156-9543-3fe544ced0f3:192.168.157.254:36320, eec99a0c-e1b1-4518-bc49-9d1a8c8e04d5:192.168.157.254:45598, d9e6ea44-93db-446f-8020-a94232284285:192.168.157.254:41671], old=null
2019-10-16 22:14:49,685 [3989452c-7599-4156-9543-3fe544ced0f3@group-83CFD60236D8-LeaderElection67] INFO  impl.RaftServerImpl (RaftServerImpl.java:setRole(184)) - 3989452c-7599-4156-9543-3fe544ced0f3@group-83CFD60236D8: changes role from CANDIDATE to FOLLOWER at term 57 for DISCOVERED_A_NEW_TERM
2019-10-16 22:14:49,685 [3989452c-7599-4156-9543-3fe544ced0f3@group-83CFD60236D8-LeaderElection67] INFO  impl.RoleInfo (RoleInfo.java:shutdownLeaderElection(134)) - 3989452c-7599-4156-9543-3fe544ced0f3: shutdown LeaderElection
2019-10-16 22:14:49,685 [3989452c-7599-4156-9543-3fe544ced0f3@group-83CFD60236D8-LeaderElection67] INFO  impl.RoleInfo (RoleInfo.java:updateAndGet(143)) - 3989452c-7599-4156-9543-3fe544ced0f3: start FollowerState
2019-10-16 22:14:49,740 [Thread-1332] INFO  impl.FollowerState (FollowerState.java:run(108)) - 3989452c-7599-4156-9543-3fe544ced0f3@group-83CFD60236D8-FollowerState: change to CANDIDATE, lastRpcTime:55ms, electionTimeout:55ms
2019-10-16 22:14:49,741 [Thread-1332] INFO  impl.RoleInfo (RoleInfo.java:shutdownFollowerState(121)) - 3989452c-7599-4156-9543-3fe544ced0f3: shutdown FollowerState
2019-10-16 22:14:49,741 [Thread-1332] INFO  impl.RaftServerImpl (RaftServerImpl.java:setRole(184)) - 3989452c-7599-4156-9543-3fe544ced0f3@group-83CFD60236D8: changes role from  FOLLOWER to CANDIDATE at term 57 for changeToCandidate
2019-10-16 22:14:49,741 [Thread-1332] INFO  impl.RoleInfo (RoleInfo.java:updateAndGet(143)) - 3989452c-7599-4156-9543-3fe544ced0f3: start LeaderElection
2019-10-16 22:14:49,754 [3989452c-7599-4156-9543-3fe544ced0f3@group-83CFD60236D8-LeaderElection68] INFO  impl.LeaderElection (LeaderElection.java:askForVotes(178)) - 3989452c-7599-4156-9543-3fe544ced0f3@group-83CFD60236D8-LeaderElection68: begin an election at term 58 for -1: [3989452c-7599-4156-9543-3fe544ced0f3:192.168.157.254:36320, eec99a0c-e1b1-4518-bc49-9d1a8c8e04d5:192.168.157.254:45598, d9e6ea44-93db-446f-8020-a94232284285:192.168.157.254:41671], old=null
2019-10-16 22:14:49,756 [grpc-default-executor-18] INFO  impl.RaftServerImpl (RaftServerImpl.java:setRole(184)) - eec99a0c-e1b1-4518-bc49-9d1a8c8e04d5@group-83CFD60236D8: changes role from  FOLLOWER to FOLLOWER at term 58 for recognizeCandidate:3989452c-7599-4156-9543-3fe544ced0f3
2019-10-16 22:14:49,756 [grpc-default-executor-24] INFO  impl.RaftServerImpl (RaftServerImpl.java:setRole(184)) - d9e6ea44-93db-446f-8020-a94232284285@group-83CFD60236D8: changes role from  FOLLOWER to FOLLOWER at term 58 for recognizeCandidate:3989452c-7599-4156-9543-3fe544ced0f3
2019-10-16 22:14:49,756 [grpc-default-executor-18] INFO  impl.RoleInfo (RoleInfo.java:shutdownFollowerState(121)) - eec99a0c-e1b1-4518-bc49-9d1a8c8e04d5: shutdown FollowerState
2019-10-16 22:14:49,756 [grpc-default-executor-24] INFO  impl.RoleInfo (RoleInfo.java:shutdownFollowerState(121)) - d9e6ea44-93db-446f-8020-a94232284285: shutdown FollowerState
2019-10-16 22:14:49,756 [Thread-1330] INFO  impl.FollowerState (FollowerState.java:run(117)) - eec99a0c-e1b1-4518-bc49-9d1a8c8e04d5@group-83CFD60236D8-FollowerState was interrupted: java.lang.InterruptedException: sleep interrupted
2019-10-16 22:14:49,756 [grpc-default-executor-18] INFO  impl.RoleInfo (RoleInfo.java:updateAndGet(143)) - eec99a0c-e1b1-4518-bc49-9d1a8c8e04d5: start FollowerState
2019-10-16 22:14:49,756 [grpc-default-executor-24] INFO  impl.RoleInfo (RoleInfo.java:updateAndGet(143)) - d9e6ea44-93db-446f-8020-a94232284285: start FollowerState
2019-10-16 22:14:49,756 [Thread-1331] INFO  impl.FollowerState (FollowerState.java:run(117)) - d9e6ea44-93db-446f-8020-a94232284285@group-83CFD60236D8-FollowerState was interrupted: java.lang.InterruptedException: sleep interrupted
2019-10-16 22:14:49,783 [3989452c-7599-4156-9543-3fe544ced0f3@group-83CFD60236D8-LeaderElection68] INFO  impl.LeaderElection (LeaderElection.java:logAndReturn(56)) - 3989452c-7599-4156-9543-3fe544ced0f3@group-83CFD60236D8-LeaderElection68: Election REJECTED; received 2 response(s) [3989452c-7599-4156-9543-3fe544ced0f3<-eec99a0c-e1b1-4518-bc49-9d1a8c8e04d5#0:FAIL-t58, 3989452c-7599-4156-9543-3fe544ced0f3<-d9e6ea44-93db-446f-8020-a94232284285#0:FAIL-t58] and 0 exception(s); 3989452c-7599-4156-9543-3fe544ced0f3@group-83CFD60236D8:t58, leader=null, voted=3989452c-7599-4156-9543-3fe544ced0f3, raftlog=3989452c-7599-4156-9543-3fe544ced0f3@group-83CFD60236D8-SegmentedRaftLog:OPENED:c-1,f-1,i0, conf=-1: [3989452c-7599-4156-9543-3fe544ced0f3:192.168.157.254:36320, eec99a0c-e1b1-4518-bc49-9d1a8c8e04d5:192.168.157.254:45598, d9e6ea44-93db-446f-8020-a94232284285:192.168.157.254:41671], old=null
2019-10-16 22:14:49,783 [3989452c-7599-4156-9543-3fe544ced0f3@group-83CFD60236D8-LeaderElection68] INFO  impl.RaftServerImpl (RaftServerImpl.java:setRole(184)) - 3989452c-7599-4156-9543-3fe544ced0f3@group-83CFD60236D8: changes role from CANDIDATE to FOLLOWER at term 58 for DISCOVERED_A_NEW_TERM
2019-10-16 22:14:49,783 [3989452c-7599-4156-9543-3fe544ced0f3@group-83CFD60236D8-LeaderElection68] INFO  impl.RoleInfo (RoleInfo.java:shutdownLeaderElection(134)) - 3989452c-7599-4156-9543-3fe544ced0f3: shutdown LeaderElection
2019-10-16 22:14:49,783 [3989452c-7599-4156-9543-3fe544ced0f3@group-83CFD60236D8-LeaderElection68] INFO  impl.RoleInfo (RoleInfo.java:updateAndGet(143)) - 3989452c-7599-4156-9543-3fe544ced0f3: start FollowerState
2019-10-16 22:14:49,878 [Thread-1338] INFO  impl.FollowerState (FollowerState.java:run(108)) - 3989452c-7599-4156-9543-3fe544ced0f3@group-83CFD60236D8-FollowerState: change to CANDIDATE, lastRpcTime:94ms, electionTimeout:94ms
2019-10-16 22:14:49,878 [Thread-1338] INFO  impl.RoleInfo (RoleInfo.java:shutdownFollowerState(121)) - 3989452c-7599-4156-9543-3fe544ced0f3: shutdown FollowerState
2019-10-16 22:14:49,878 [Thread-1338] INFO  impl.RaftServerImpl (RaftServerImpl.java:setRole(184)) - 3989452c-7599-4156-9543-3fe544ced0f3@group-83CFD60236D8: changes role from  FOLLOWER to CANDIDATE at term 58 for changeToCandidate
2019-10-16 22:14:49,878 [Thread-1338] INFO  impl.RoleInfo (RoleInfo.java:updateAndGet(143)) - 3989452c-7599-4156-9543-3fe544ced0f3: start LeaderElection
2019-10-16 22:14:49,891 [3989452c-7599-4156-9543-3fe544ced0f3@group-83CFD60236D8-LeaderElection69] INFO  impl.LeaderElection (LeaderElection.java:askForVotes(178)) - 3989452c-7599-4156-9543-3fe544ced0f3@group-83CFD60236D8-LeaderElection69: begin an election at term 59 for -1: [3989452c-7599-4156-9543-3fe544ced0f3:192.168.157.254:36320, eec99a0c-e1b1-4518-bc49-9d1a8c8e04d5:192.168.157.254:45598, d9e6ea44-93db-446f-8020-a94232284285:192.168.157.254:41671], old=null
2019-10-16 22:14:49,893 [grpc-default-executor-18] INFO  impl.RaftServerImpl (RaftServerImpl.java:setRole(184)) - eec99a0c-e1b1-4518-bc49-9d1a8c8e04d5@group-83CFD60236D8: changes role from  FOLLOWER to FOLLOWER at term 59 for recognizeCandidate:3989452c-7599-4156-9543-3fe544ced0f3
2019-10-16 22:14:49,893 [grpc-default-executor-24] INFO  impl.RaftServerImpl (RaftServerImpl.java:setRole(184)) - d9e6ea44-93db-446f-8020-a94232284285@group-83CFD60236D8: changes role from  FOLLOWER to FOLLOWER at term 59 for recognizeCandidate:3989452c-7599-4156-9543-3fe544ced0f3
2019-10-16 22:14:49,894 [grpc-default-executor-18] INFO  impl.RoleInfo (RoleInfo.java:shutdownFollowerState(121)) - eec99a0c-e1b1-4518-bc49-9d1a8c8e04d5: shutdown FollowerState
2019-10-16 22:14:49,894 [grpc-default-executor-24] INFO  impl.RoleInfo (RoleInfo.java:shutdownFollowerState(121)) - d9e6ea44-93db-446f-8020-a94232284285: shutdown FollowerState
2019-10-16 22:14:49,894 [Thread-1336] INFO  impl.FollowerState (FollowerState.java:run(117)) - eec99a0c-e1b1-4518-bc49-9d1a8c8e04d5@group-83CFD60236D8-FollowerState was interrupted: java.lang.InterruptedException: sleep interrupted
2019-10-16 22:14:49,894 [grpc-default-executor-18] INFO  impl.RoleInfo (RoleInfo.java:updateAndGet(143)) - eec99a0c-e1b1-4518-bc49-9d1a8c8e04d5: start FollowerState
2019-10-16 22:14:49,894 [grpc-default-executor-24] INFO  impl.RoleInfo (RoleInfo.java:updateAndGet(143)) - d9e6ea44-93db-446f-8020-a94232284285: start FollowerState
2019-10-16 22:14:49,894 [Thread-1337] INFO  impl.FollowerState (FollowerState.java:run(117)) - d9e6ea44-93db-446f-8020-a94232284285@group-83CFD60236D8-FollowerState was interrupted: java.lang.InterruptedException: sleep interrupted
2019-10-16 22:14:49,933 [3989452c-7599-4156-9543-3fe544ced0f3@group-83CFD60236D8-LeaderElection69] INFO  impl.LeaderElection (LeaderElection.java:logAndReturn(56)) - 3989452c-7599-4156-9543-3fe544ced0f3@group-83CFD60236D8-LeaderElection69: Election REJECTED; received 2 response(s) [3989452c-7599-4156-9543-3fe544ced0f3<-eec99a0c-e1b1-4518-bc49-9d1a8c8e04d5#0:FAIL-t59, 3989452c-7599-4156-9543-3fe544ced0f3<-d9e6ea44-93db-446f-8020-a94232284285#0:FAIL-t59] and 0 exception(s); 3989452c-7599-4156-9543-3fe544ced0f3@group-83CFD60236D8:t59, leader=null, voted=3989452c-7599-4156-9543-3fe544ced0f3, raftlog=3989452c-7599-4156-9543-3fe544ced0f3@group-83CFD60236D8-SegmentedRaftLog:OPENED:c-1,f-1,i0, conf=-1: [3989452c-7599-4156-9543-3fe544ced0f3:192.168.157.254:36320, eec99a0c-e1b1-4518-bc49-9d1a8c8e04d5:192.168.157.254:45598, d9e6ea44-93db-446f-8020-a94232284285:192.168.157.254:41671], old=null
2019-10-16 22:14:49,933 [3989452c-7599-4156-9543-3fe544ced0f3@group-83CFD60236D8-LeaderElection69] INFO  impl.RaftServerImpl (RaftServerImpl.java:setRole(184)) - 3989452c-7599-4156-9543-3fe544ced0f3@group-83CFD60236D8: changes role from CANDIDATE to FOLLOWER at term 59 for DISCOVERED_A_NEW_TERM
2019-10-16 22:14:49,933 [3989452c-7599-4156-9543-3fe544ced0f3@group-83CFD60236D8-LeaderElection69] INFO  impl.RoleInfo (RoleInfo.java:shutdownLeaderElection(134)) - 3989452c-7599-4156-9543-3fe544ced0f3: shutdown LeaderElection
2019-10-16 22:14:49,934 [3989452c-7599-4156-9543-3fe544ced0f3@group-83CFD60236D8-LeaderElection69] INFO  impl.RoleInfo (RoleInfo.java:updateAndGet(143)) - 3989452c-7599-4156-9543-3fe544ced0f3: start FollowerState
2019-10-16 22:14:50,002 [Thread-1344] INFO  impl.FollowerState (FollowerState.java:run(108)) - 3989452c-7599-4156-9543-3fe544ced0f3@group-83CFD60236D8-FollowerState: change to CANDIDATE, lastRpcTime:68ms, electionTimeout:68ms
2019-10-16 22:14:50,002 [Thread-1344] INFO  impl.RoleInfo (RoleInfo.java:shutdownFollowerState(121)) - 3989452c-7599-4156-9543-3fe544ced0f3: shutdown FollowerState
2019-10-16 22:14:50,002 [Thread-1344] INFO  impl.RaftServerImpl (RaftServerImpl.java:setRole(184)) - 3989452c-7599-4156-9543-3fe544ced0f3@group-83CFD60236D8: changes role from  FOLLOWER to CANDIDATE at term 59 for changeToCandidate
2019-10-16 22:14:50,002 [Thread-1344] INFO  impl.RoleInfo (RoleInfo.java:updateAndGet(143)) - 3989452c-7599-4156-9543-3fe544ced0f3: start LeaderElection
2019-10-16 22:14:50,016 [3989452c-7599-4156-9543-3fe544ced0f3@group-83CFD60236D8-LeaderElection70] INFO  impl.LeaderElection (LeaderElection.java:askForVotes(178)) - 3989452c-7599-4156-9543-3fe544ced0f3@group-83CFD60236D8-LeaderElection70: begin an election at term 60 for -1: [3989452c-7599-4156-9543-3fe544ced0f3:192.168.157.254:36320, eec99a0c-e1b1-4518-bc49-9d1a8c8e04d5:192.168.157.254:45598, d9e6ea44-93db-446f-8020-a94232284285:192.168.157.254:41671], old=null
2019-10-16 22:14:50,018 [grpc-default-executor-18] INFO  impl.RaftServerImpl (RaftServerImpl.java:setRole(184)) - eec99a0c-e1b1-4518-bc49-9d1a8c8e04d5@group-83CFD60236D8: changes role from  FOLLOWER to FOLLOWER at term 60 for recognizeCandidate:3989452c-7599-4156-9543-3fe544ced0f3
2019-10-16 22:14:50,018 [grpc-default-executor-24] INFO  impl.RaftServerImpl (RaftServerImpl.java:setRole(184)) - d9e6ea44-93db-446f-8020-a94232284285@group-83CFD60236D8: changes role from  FOLLOWER to FOLLOWER at term 60 for recognizeCandidate:3989452c-7599-4156-9543-3fe544ced0f3
2019-10-16 22:14:50,018 [grpc-default-executor-24] INFO  impl.RoleInfo (RoleInfo.java:shutdownFollowerState(121)) - d9e6ea44-93db-446f-8020-a94232284285: shutdown FollowerState
2019-10-16 22:14:50,018 [grpc-default-executor-18] INFO  impl.RoleInfo (RoleInfo.java:shutdownFollowerState(121)) - eec99a0c-e1b1-4518-bc49-9d1a8c8e04d5: shutdown FollowerState
2019-10-16 22:14:50,019 [Thread-1343] INFO  impl.FollowerState (FollowerState.java:run(117)) - d9e6ea44-93db-446f-8020-a94232284285@group-83CFD60236D8-FollowerState was interrupted: java.lang.InterruptedException: sleep interrupted
2019-10-16 22:14:50,019 [grpc-default-executor-24] INFO  impl.RoleInfo (RoleInfo.java:updateAndGet(143)) - d9e6ea44-93db-446f-8020-a94232284285: start FollowerState
2019-10-16 22:14:50,019 [Thread-1342] INFO  impl.FollowerState (FollowerState.java:run(117)) - eec99a0c-e1b1-4518-bc49-9d1a8c8e04d5@group-83CFD60236D8-FollowerState was interrupted: java.lang.InterruptedException: sleep interrupted
2019-10-16 22:14:50,019 [grpc-default-executor-18] INFO  impl.RoleInfo (RoleInfo.java:updateAndGet(143)) - eec99a0c-e1b1-4518-bc49-9d1a8c8e04d5: start FollowerState
 0.00% |?                                                                                                    |  0/1 Time: 0:06:062019-10-16 22:14:50,046 [3989452c-7599-4156-9543-3fe544ced0f3@group-83CFD60236D8-LeaderElection70] INFO  impl.LeaderElection (LeaderElection.java:logAndReturn(56)) - 3989452c-7599-4156-9543-3fe544ced0f3@group-83CFD60236D8-LeaderElection70: Election REJECTED; received 2 response(s) [3989452c-7599-4156-9543-3fe544ced0f3<-eec99a0c-e1b1-4518-bc49-9d1a8c8e04d5#0:FAIL-t60, 3989452c-7599-4156-9543-3fe544ced0f3<-d9e6ea44-93db-446f-8020-a94232284285#0:FAIL-t60] and 0 exception(s); 3989452c-7599-4156-9543-3fe544ced0f3@group-83CFD60236D8:t60, leader=null, voted=3989452c-7599-4156-9543-3fe544ced0f3, raftlog=3989452c-7599-4156-9543-3fe544ced0f3@group-83CFD60236D8-SegmentedRaftLog:OPENED:c-1,f-1,i0, conf=-1: [3989452c-7599-4156-9543-3fe544ced0f3:192.168.157.254:36320, eec99a0c-e1b1-4518-bc49-9d1a8c8e04d5:192.168.157.254:45598, d9e6ea44-93db-446f-8020-a94232284285:192.168.157.254:41671], old=null
2019-10-16 22:14:50,046 [3989452c-7599-4156-9543-3fe544ced0f3@group-83CFD60236D8-LeaderElection70] INFO  impl.RaftServerImpl (RaftServerImpl.java:setRole(184)) - 3989452c-7599-4156-9543-3fe544ced0f3@group-83CFD60236D8: changes role from CANDIDATE to FOLLOWER at term 60 for DISCOVERED_A_NEW_TERM
2019-10-16 22:14:50,046 [3989452c-7599-4156-9543-3fe544ced0f3@group-83CFD60236D8-LeaderElection70] INFO  impl.RoleInfo (RoleInfo.java:shutdownLeaderElection(134)) - 3989452c-7599-4156-9543-3fe544ced0f3: shutdown LeaderElection
2019-10-16 22:14:50,046 [3989452c-7599-4156-9543-3fe544ced0f3@group-83CFD60236D8-LeaderElection70] INFO  impl.RoleInfo (RoleInfo.java:updateAndGet(143)) - 3989452c-7599-4156-9543-3fe544ced0f3: start FollowerState
2019-10-16 22:14:50,203 [Thread-1350] INFO  impl.FollowerState (FollowerState.java:run(108)) - 3989452c-7599-4156-9543-3fe544ced0f3@group-83CFD60236D8-FollowerState: change to CANDIDATE, lastRpcTime:156ms, electionTimeout:156ms
2019-10-16 22:14:50,203 [Thread-1350] INFO  impl.RoleInfo (RoleInfo.java:shutdownFollowerState(121)) - 3989452c-7599-4156-9543-3fe544ced0f3: shutdown FollowerState
2019-10-16 22:14:50,203 [Thread-1350] INFO  impl.RaftServerImpl (RaftServerImpl.java:setRole(184)) - 3989452c-7599-4156-9543-3fe544ced0f3@group-83CFD60236D8: changes role from  FOLLOWER to CANDIDATE at term 60 for changeToCandidate
2019-10-16 22:14:50,203 [Thread-1350] INFO  impl.RoleInfo (RoleInfo.java:updateAndGet(143)) - 3989452c-7599-4156-9543-3fe544ced0f3: start LeaderElection
2019-10-16 22:14:50,229 [3989452c-7599-4156-9543-3fe544ced0f3@group-83CFD60236D8-LeaderElection71] INFO  impl.LeaderElection (LeaderElection.java:askForVotes(178)) - 3989452c-7599-4156-9543-3fe544ced0f3@group-83CFD60236D8-LeaderElection71: begin an election at term 61 for -1: [3989452c-7599-4156-9543-3fe544ced0f3:192.168.157.254:36320, eec99a0c-e1b1-4518-bc49-9d1a8c8e04d5:192.168.157.254:45598, d9e6ea44-93db-446f-8020-a94232284285:192.168.157.254:41671], old=null
2019-10-16 22:14:50,231 [grpc-default-executor-24] INFO  impl.RaftServerImpl (RaftServerImpl.java:setRole(184)) - eec99a0c-e1b1-4518-bc49-9d1a8c8e04d5@group-83CFD60236D8: changes role from  FOLLOWER to FOLLOWER at term 61 for recognizeCandidate:3989452c-7599-4156-9543-3fe544ced0f3
2019-10-16 22:14:50,231 [grpc-default-executor-18] INFO  impl.RaftServerImpl (RaftServerImpl.java:setRole(184)) - d9e6ea44-93db-446f-8020-a94232284285@group-83CFD60236D8: changes role from  FOLLOWER to FOLLOWER at term 61 for recognizeCandidate:3989452c-7599-4156-9543-3fe544ced0f3
2019-10-16 22:14:50,232 [grpc-default-executor-18] INFO  impl.RoleInfo (RoleInfo.java:shutdownFollowerState(121)) - d9e6ea44-93db-446f-8020-a94232284285: shutdown FollowerState
2019-10-16 22:14:50,232 [grpc-default-executor-24] INFO  impl.RoleInfo (RoleInfo.java:shutdownFollowerState(121)) - eec99a0c-e1b1-4518-bc49-9d1a8c8e04d5: shutdown FollowerState
2019-10-16 22:14:50,232 [grpc-default-executor-18] INFO  impl.RoleInfo (RoleInfo.java:updateAndGet(143)) - d9e6ea44-93db-446f-8020-a94232284285: start FollowerState
2019-10-16 22:14:50,232 [Thread-1348] INFO  impl.FollowerState (FollowerState.java:run(117)) - d9e6ea44-93db-446f-8020-a94232284285@group-83CFD60236D8-FollowerState was interrupted: java.lang.InterruptedException: sleep interrupted
2019-10-16 22:14:50,232 [Thread-1349] INFO  impl.FollowerState (FollowerState.java:run(117)) - eec99a0c-e1b1-4518-bc49-9d1a8c8e04d5@group-83CFD60236D8-FollowerState was interrupted: java.lang.InterruptedException: sleep interrupted
2019-10-16 22:14:50,232 [grpc-default-executor-24] INFO  impl.RoleInfo (RoleInfo.java:updateAndGet(143)) - eec99a0c-e1b1-4518-bc49-9d1a8c8e04d5: start FollowerState
2019-10-16 22:14:50,248 [3989452c-7599-4156-9543-3fe544ced0f3@group-83CFD60236D8-LeaderElection71] INFO  impl.LeaderElection (LeaderElection.java:logAndReturn(56)) - 3989452c-7599-4156-9543-3fe544ced0f3@group-83CFD60236D8-LeaderElection71: Election REJECTED; received 2 response(s) [3989452c-7599-4156-9543-3fe544ced0f3<-eec99a0c-e1b1-4518-bc49-9d1a8c8e04d5#0:FAIL-t61, 3989452c-7599-4156-9543-3fe544ced0f3<-d9e6ea44-93db-446f-8020-a94232284285#0:FAIL-t61] and 0 exception(s); 3989452c-7599-4156-9543-3fe544ced0f3@group-83CFD60236D8:t61, leader=null, voted=3989452c-7599-4156-9543-3fe544ced0f3, raftlog=3989452c-7599-4156-9543-3fe544ced0f3@group-83CFD60236D8-SegmentedRaftLog:OPENED:c-1,f-1,i0, conf=-1: [3989452c-7599-4156-9543-3fe544ced0f3:192.168.157.254:36320, eec99a0c-e1b1-4518-bc49-9d1a8c8e04d5:192.168.157.254:45598, d9e6ea44-93db-446f-8020-a94232284285:192.168.157.254:41671], old=null
2019-10-16 22:14:50,249 [3989452c-7599-4156-9543-3fe544ced0f3@group-83CFD60236D8-LeaderElection71] INFO  impl.RaftServerImpl (RaftServerImpl.java:setRole(184)) - 3989452c-7599-4156-9543-3fe544ced0f3@group-83CFD60236D8: changes role from CANDIDATE to FOLLOWER at term 61 for DISCOVERED_A_NEW_TERM
2019-10-16 22:14:50,249 [3989452c-7599-4156-9543-3fe544ced0f3@group-83CFD60236D8-LeaderElection71] INFO  impl.RoleInfo (RoleInfo.java:shutdownLeaderElection(134)) - 3989452c-7599-4156-9543-3fe544ced0f3: shutdown LeaderElection
2019-10-16 22:14:50,249 [3989452c-7599-4156-9543-3fe544ced0f3@group-83CFD60236D8-LeaderElection71] INFO  impl.RoleInfo (RoleInfo.java:updateAndGet(143)) - 3989452c-7599-4156-9543-3fe544ced0f3: start FollowerState
2019-10-16 22:14:50,428 [Thread-1356] INFO  impl.FollowerState (FollowerState.java:run(108)) - 3989452c-7599-4156-9543-3fe544ced0f3@group-83CFD60236D8-FollowerState: change to CANDIDATE, lastRpcTime:179ms, electionTimeout:179ms
2019-10-16 22:14:50,429 [Thread-1356] INFO  impl.RoleInfo (RoleInfo.java:shutdownFollowerState(121)) - 3989452c-7599-4156-9543-3fe544ced0f3: shutdown FollowerState
2019-10-16 22:14:50,429 [Thread-1356] INFO  impl.RaftServerImpl (RaftServerImpl.java:setRole(184)) - 3989452c-7599-4156-9543-3fe544ced0f3@group-83CFD60236D8: changes role from  FOLLOWER to CANDIDATE at term 61 for changeToCandidate
2019-10-16 22:14:50,429 [Thread-1356] INFO  impl.RoleInfo (RoleInfo.java:updateAndGet(143)) - 3989452c-7599-4156-9543-3fe544ced0f3: start LeaderElection
2019-10-16 22:14:50,443 [3989452c-7599-4156-9543-3fe544ced0f3@group-83CFD60236D8-LeaderElection72] INFO  impl.LeaderElection (LeaderElection.java:askForVotes(178)) - 3989452c-7599-4156-9543-3fe544ced0f3@group-83CFD60236D8-LeaderElection72: begin an election at term 62 for -1: [3989452c-7599-4156-9543-3fe544ced0f3:192.168.157.254:36320, eec99a0c-e1b1-4518-bc49-9d1a8c8e04d5:192.168.157.254:45598, d9e6ea44-93db-446f-8020-a94232284285:192.168.157.254:41671], old=null
2019-10-16 22:14:50,445 [grpc-default-executor-18] INFO  impl.RaftServerImpl (RaftServerImpl.java:setRole(184)) - eec99a0c-e1b1-4518-bc49-9d1a8c8e04d5@group-83CFD60236D8: changes role from  FOLLOWER to FOLLOWER at term 62 for recognizeCandidate:3989452c-7599-4156-9543-3fe544ced0f3
2019-10-16 22:14:50,445 [grpc-default-executor-24] INFO  impl.RaftServerImpl (RaftServerImpl.java:setRole(184)) - d9e6ea44-93db-446f-8020-a94232284285@group-83CFD60236D8: changes role from  FOLLOWER to FOLLOWER at term 62 for recognizeCandidate:3989452c-7599-4156-9543-3fe544ced0f3
2019-10-16 22:14:50,445 [grpc-default-executor-18] INFO  impl.RoleInfo (RoleInfo.java:shutdownFollowerState(121)) - eec99a0c-e1b1-4518-bc49-9d1a8c8e04d5: shutdown FollowerState
2019-10-16 22:14:50,446 [grpc-default-executor-24] INFO  impl.RoleInfo (RoleInfo.java:shutdownFollowerState(121)) - d9e6ea44-93db-446f-8020-a94232284285: shutdown FollowerState
2019-10-16 22:14:50,446 [Thread-1355] INFO  impl.FollowerState (FollowerState.java:run(117)) - eec99a0c-e1b1-4518-bc49-9d1a8c8e04d5@group-83CFD60236D8-FollowerState was interrupted: java.lang.InterruptedException: sleep interrupted
2019-10-16 22:14:50,446 [grpc-default-executor-18] INFO  impl.RoleInfo (RoleInfo.java:updateAndGet(143)) - eec99a0c-e1b1-4518-bc49-9d1a8c8e04d5: start FollowerState
2019-10-16 22:14:50,446 [Thread-1354] INFO  impl.FollowerState (FollowerState.java:run(117)) - d9e6ea44-93db-446f-8020-a94232284285@group-83CFD60236D8-FollowerState was interrupted: java.lang.InterruptedException: sleep interrupted
2019-10-16 22:14:50,446 [grpc-default-executor-24] INFO  impl.RoleInfo (RoleInfo.java:updateAndGet(143)) - d9e6ea44-93db-446f-8020-a94232284285: start FollowerState
2019-10-16 22:14:50,470 [3989452c-7599-4156-9543-3fe544ced0f3@group-83CFD60236D8-LeaderElection72] INFO  impl.LeaderElection (LeaderElection.java:logAndReturn(56)) - 3989452c-7599-4156-9543-3fe544ced0f3@group-83CFD60236D8-LeaderElection72: Election REJECTED; received 2 response(s) [3989452c-7599-4156-9543-3fe544ced0f3<-eec99a0c-e1b1-4518-bc49-9d1a8c8e04d5#0:FAIL-t62, 3989452c-7599-4156-9543-3fe544ced0f3<-d9e6ea44-93db-446f-8020-a94232284285#0:FAIL-t62] and 0 exception(s); 3989452c-7599-4156-9543-3fe544ced0f3@group-83CFD60236D8:t62, leader=null, voted=3989452c-7599-4156-9543-3fe544ced0f3, raftlog=3989452c-7599-4156-9543-3fe544ced0f3@group-83CFD60236D8-SegmentedRaftLog:OPENED:c-1,f-1,i0, conf=-1: [3989452c-7599-4156-9543-3fe544ced0f3:192.168.157.254:36320, eec99a0c-e1b1-4518-bc49-9d1a8c8e04d5:192.168.157.254:45598, d9e6ea44-93db-446f-8020-a94232284285:192.168.157.254:41671], old=null
2019-10-16 22:14:50,470 [3989452c-7599-4156-9543-3fe544ced0f3@group-83CFD60236D8-LeaderElection72] INFO  impl.RaftServerImpl (RaftServerImpl.java:setRole(184)) - 3989452c-7599-4156-9543-3fe544ced0f3@group-83CFD60236D8: changes role from CANDIDATE to FOLLOWER at term 62 for DISCOVERED_A_NEW_TERM
2019-10-16 22:14:50,470 [3989452c-7599-4156-9543-3fe544ced0f3@group-83CFD60236D8-LeaderElection72] INFO  impl.RoleInfo (RoleInfo.java:shutdownLeaderElection(134)) - 3989452c-7599-4156-9543-3fe544ced0f3: shutdown LeaderElection
2019-10-16 22:14:50,470 [3989452c-7599-4156-9543-3fe544ced0f3@group-83CFD60236D8-LeaderElection72] INFO  impl.RoleInfo (RoleInfo.java:updateAndGet(143)) - 3989452c-7599-4156-9543-3fe544ced0f3: start FollowerState
2019-10-16 22:14:50,639 [Thread-1362] INFO  impl.FollowerState (FollowerState.java:run(108)) - 3989452c-7599-4156-9543-3fe544ced0f3@group-83CFD60236D8-FollowerState: change to CANDIDATE, lastRpcTime:168ms, electionTimeout:168ms
2019-10-16 22:14:50,639 [Thread-1362] INFO  impl.RoleInfo (RoleInfo.java:shutdownFollowerState(121)) - 3989452c-7599-4156-9543-3fe544ced0f3: shutdown FollowerState
2019-10-16 22:14:50,639 [Thread-1362] INFO  impl.RaftServerImpl (RaftServerImpl.java:setRole(184)) - 3989452c-7599-4156-9543-3fe544ced0f3@group-83CFD60236D8: changes role from  FOLLOWER to CANDIDATE at term 62 for changeToCandidate
2019-10-16 22:14:50,639 [Thread-1362] INFO  impl.RoleInfo (RoleInfo.java:updateAndGet(143)) - 3989452c-7599-4156-9543-3fe544ced0f3: start LeaderElection
2019-10-16 22:14:50,666 [3989452c-7599-4156-9543-3fe544ced0f3@group-83CFD60236D8-LeaderElection73] INFO  impl.LeaderElection (LeaderElection.java:askForVotes(178)) - 3989452c-7599-4156-9543-3fe544ced0f3@group-83CFD60236D8-LeaderElection73: begin an election at term 63 for -1: [3989452c-7599-4156-9543-3fe544ced0f3:192.168.157.254:36320, eec99a0c-e1b1-4518-bc49-9d1a8c8e04d5:192.168.157.254:45598, d9e6ea44-93db-446f-8020-a94232284285:192.168.157.254:41671], old=null
2019-10-16 22:14:50,669 [grpc-default-executor-24] INFO  impl.RaftServerImpl (RaftServerImpl.java:setRole(184)) - eec99a0c-e1b1-4518-bc49-9d1a8c8e04d5@group-83CFD60236D8: changes role from  FOLLOWER to FOLLOWER at term 63 for recognizeCandidate:3989452c-7599-4156-9543-3fe544ced0f3
2019-10-16 22:14:50,669 [grpc-default-executor-18] INFO  impl.RaftServerImpl (RaftServerImpl.java:setRole(184)) - d9e6ea44-93db-446f-8020-a94232284285@group-83CFD60236D8: changes role from  FOLLOWER to FOLLOWER at term 63 for recognizeCandidate:3989452c-7599-4156-9543-3fe544ced0f3
2019-10-16 22:14:50,669 [grpc-default-executor-24] INFO  impl.RoleInfo (RoleInfo.java:shutdownFollowerState(121)) - eec99a0c-e1b1-4518-bc49-9d1a8c8e04d5: shutdown FollowerState
2019-10-16 22:14:50,670 [grpc-default-executor-18] INFO  impl.RoleInfo (RoleInfo.java:shutdownFollowerState(121)) - d9e6ea44-93db-446f-8020-a94232284285: shutdown FollowerState
2019-10-16 22:14:50,670 [Thread-1360] INFO  impl.FollowerState (FollowerState.java:run(117)) - eec99a0c-e1b1-4518-bc49-9d1a8c8e04d5@group-83CFD60236D8-FollowerState was interrupted: java.lang.InterruptedException: sleep interrupted
2019-10-16 22:14:50,670 [Thread-1361] INFO  impl.FollowerState (FollowerState.java:run(117)) - d9e6ea44-93db-446f-8020-a94232284285@group-83CFD60236D8-FollowerState was interrupted: java.lang.InterruptedException: sleep interrupted
2019-10-16 22:14:50,670 [grpc-default-executor-24] INFO  impl.RoleInfo (RoleInfo.java:updateAndGet(143)) - eec99a0c-e1b1-4518-bc49-9d1a8c8e04d5: start FollowerState
2019-10-16 22:14:50,670 [grpc-default-executor-18] INFO  impl.RoleInfo (RoleInfo.java:updateAndGet(143)) - d9e6ea44-93db-446f-8020-a94232284285: start FollowerState
2019-10-16 22:14:50,694 [3989452c-7599-4156-9543-3fe544ced0f3@group-83CFD60236D8-LeaderElection73] INFO  impl.LeaderElection (LeaderElection.java:logAndReturn(56)) - 3989452c-7599-4156-9543-3fe544ced0f3@group-83CFD60236D8-LeaderElection73: Election TIMEOUT; received 0 response(s) [] and 0 exception(s); 3989452c-7599-4156-9543-3fe544ced0f3@group-83CFD60236D8:t63, leader=null, voted=3989452c-7599-4156-9543-3fe544ced0f3, raftlog=3989452c-7599-4156-9543-3fe544ced0f3@group-83CFD60236D8-SegmentedRaftLog:OPENED:c-1,f-1,i0, conf=-1: [3989452c-7599-4156-9543-3fe544ced0f3:192.168.157.254:36320, eec99a0c-e1b1-4518-bc49-9d1a8c8e04d5:192.168.157.254:45598, d9e6ea44-93db-446f-8020-a94232284285:192.168.157.254:41671], old=null
2019-10-16 22:14:50,698 [3989452c-7599-4156-9543-3fe544ced0f3@group-83CFD60236D8-LeaderElection73] INFO  impl.LeaderElection (LeaderElection.java:askForVotes(178)) - 3989452c-7599-4156-9543-3fe544ced0f3@group-83CFD60236D8-LeaderElection73: begin an election at term 64 for -1: [3989452c-7599-4156-9543-3fe544ced0f3:192.168.157.254:36320, eec99a0c-e1b1-4518-bc49-9d1a8c8e04d5:192.168.157.254:45598, d9e6ea44-93db-446f-8020-a94232284285:192.168.157.254:41671], old=null
2019-10-16 22:14:50,700 [grpc-default-executor-24] INFO  impl.RaftServerImpl (RaftServerImpl.java:setRole(184)) - d9e6ea44-93db-446f-8020-a94232284285@group-83CFD60236D8: changes role from  FOLLOWER to FOLLOWER at term 64 for recognizeCandidate:3989452c-7599-4156-9543-3fe544ced0f3
2019-10-16 22:14:50,700 [grpc-default-executor-24] INFO  impl.RoleInfo (RoleInfo.java:shutdownFollowerState(121)) - d9e6ea44-93db-446f-8020-a94232284285: shutdown FollowerState
2019-10-16 22:14:50,700 [grpc-default-executor-18] INFO  impl.RaftServerImpl (RaftServerImpl.java:setRole(184)) - eec99a0c-e1b1-4518-bc49-9d1a8c8e04d5@group-83CFD60236D8: changes role from  FOLLOWER to FOLLOWER at term 64 for recognizeCandidate:3989452c-7599-4156-9543-3fe544ced0f3
2019-10-16 22:14:50,700 [Thread-1367] INFO  impl.FollowerState (FollowerState.java:run(117)) - d9e6ea44-93db-446f-8020-a94232284285@group-83CFD60236D8-FollowerState was interrupted: java.lang.InterruptedException: sleep interrupted
2019-10-16 22:14:50,700 [grpc-default-executor-24] INFO  impl.RoleInfo (RoleInfo.java:updateAndGet(143)) - d9e6ea44-93db-446f-8020-a94232284285: start FollowerState
2019-10-16 22:14:50,700 [grpc-default-executor-18] INFO  impl.RoleInfo (RoleInfo.java:shutdownFollowerState(121)) - eec99a0c-e1b1-4518-bc49-9d1a8c8e04d5: shutdown FollowerState
2019-10-16 22:14:50,701 [grpc-default-executor-18] INFO  impl.RoleInfo (RoleInfo.java:updateAndGet(143)) - eec99a0c-e1b1-4518-bc49-9d1a8c8e04d5: start FollowerState
2019-10-16 22:14:50,701 [Thread-1366] INFO  impl.FollowerState (FollowerState.java:run(117)) - eec99a0c-e1b1-4518-bc49-9d1a8c8e04d5@group-83CFD60236D8-FollowerState was interrupted: java.lang.InterruptedException: sleep interrupted
2019-10-16 22:14:50,717 [3989452c-7599-4156-9543-3fe544ced0f3@group-83CFD60236D8-LeaderElection73] INFO  impl.LeaderElection (LeaderElection.java:logAndReturn(56)) - 3989452c-7599-4156-9543-3fe544ced0f3@group-83CFD60236D8-LeaderElection73: Election REJECTED; received 2 response(s) [3989452c-7599-4156-9543-3fe544ced0f3<-eec99a0c-e1b1-4518-bc49-9d1a8c8e04d5#0:FAIL-t64, 3989452c-7599-4156-9543-3fe544ced0f3<-d9e6ea44-93db-446f-8020-a94232284285#0:FAIL-t64] and 0 exception(s); 3989452c-7599-4156-9543-3fe544ced0f3@group-83CFD60236D8:t64, leader=null, voted=3989452c-7599-4156-9543-3fe544ced0f3, raftlog=3989452c-7599-4156-9543-3fe544ced0f3@group-83CFD60236D8-SegmentedRaftLog:OPENED:c-1,f-1,i0, conf=-1: [3989452c-7599-4156-9543-3fe544ced0f3:192.168.157.254:36320, eec99a0c-e1b1-4518-bc49-9d1a8c8e04d5:192.168.157.254:45598, d9e6ea44-93db-446f-8020-a94232284285:192.168.157.254:41671], old=null
2019-10-16 22:14:50,718 [3989452c-7599-4156-9543-3fe544ced0f3@group-83CFD60236D8-LeaderElection73] INFO  impl.RaftServerImpl (RaftServerImpl.java:setRole(184)) - 3989452c-7599-4156-9543-3fe544ced0f3@group-83CFD60236D8: changes role from CANDIDATE to FOLLOWER at term 64 for DISCOVERED_A_NEW_TERM
2019-10-16 22:14:50,718 [3989452c-7599-4156-9543-3fe544ced0f3@group-83CFD60236D8-LeaderElection73] INFO  impl.RoleInfo (RoleInfo.java:shutdownLeaderElection(134)) - 3989452c-7599-4156-9543-3fe544ced0f3: shutdown LeaderElection
2019-10-16 22:14:50,718 [3989452c-7599-4156-9543-3fe544ced0f3@group-83CFD60236D8-LeaderElection73] INFO  impl.RoleInfo (RoleInfo.java:updateAndGet(143)) - 3989452c-7599-4156-9543-3fe544ced0f3: start FollowerState
2019-10-16 22:14:50,884 [Thread-1372] INFO  impl.FollowerState (FollowerState.java:run(108)) - 3989452c-7599-4156-9543-3fe544ced0f3@group-83CFD60236D8-FollowerState: change to CANDIDATE, lastRpcTime:166ms, electionTimeout:166ms
2019-10-16 22:14:50,885 [Thread-1372] INFO  impl.RoleInfo (RoleInfo.java:shutdownFollowerState(121)) - 3989452c-7599-4156-9543-3fe544ced0f3: shutdown FollowerState
2019-10-16 22:14:50,885 [Thread-1372] INFO  impl.RaftServerImpl (RaftServerImpl.java:setRole(184)) - 3989452c-7599-4156-9543-3fe544ced0f3@group-83CFD60236D8: changes role from  FOLLOWER to CANDIDATE at term 64 for changeToCandidate
2019-10-16 22:14:50,885 [Thread-1372] INFO  impl.RoleInfo (RoleInfo.java:updateAndGet(143)) - 3989452c-7599-4156-9543-3fe544ced0f3: start LeaderElection
2019-10-16 22:14:50,898 [3989452c-7599-4156-9543-3fe544ced0f3@group-83CFD60236D8-LeaderElection74] INFO  impl.LeaderElection (LeaderElection.java:askForVotes(178)) - 3989452c-7599-4156-9543-3fe544ced0f3@group-83CFD60236D8-LeaderElection74: begin an election at term 65 for -1: [3989452c-7599-4156-9543-3fe544ced0f3:192.168.157.254:36320, eec99a0c-e1b1-4518-bc49-9d1a8c8e04d5:192.168.157.254:45598, d9e6ea44-93db-446f-8020-a94232284285:192.168.157.254:41671], old=null
2019-10-16 22:14:50,900 [grpc-default-executor-24] INFO  impl.RaftServerImpl (RaftServerImpl.java:setRole(184)) - eec99a0c-e1b1-4518-bc49-9d1a8c8e04d5@group-83CFD60236D8: changes role from  FOLLOWER to FOLLOWER at term 65 for recognizeCandidate:3989452c-7599-4156-9543-3fe544ced0f3
2019-10-16 22:14:50,901 [grpc-default-executor-18] INFO  impl.RaftServerImpl (RaftServerImpl.java:setRole(184)) - d9e6ea44-93db-446f-8020-a94232284285@group-83CFD60236D8: changes role from  FOLLOWER to FOLLOWER at term 65 for recognizeCandidate:3989452c-7599-4156-9543-3fe544ced0f3
2019-10-16 22:14:50,901 [grpc-default-executor-24] INFO  impl.RoleInfo (RoleInfo.java:shutdownFollowerState(121)) - eec99a0c-e1b1-4518-bc49-9d1a8c8e04d5: shutdown FollowerState
2019-10-16 22:14:50,901 [grpc-default-executor-18] INFO  impl.RoleInfo (RoleInfo.java:shutdownFollowerState(121)) - d9e6ea44-93db-446f-8020-a94232284285: shutdown FollowerState
2019-10-16 22:14:50,901 [Thread-1371] INFO  impl.FollowerState (FollowerState.java:run(117)) - eec99a0c-e1b1-4518-bc49-9d1a8c8e04d5@group-83CFD60236D8-FollowerState was interrupted: java.lang.InterruptedException: sleep interrupted
2019-10-16 22:14:50,901 [grpc-default-executor-24] INFO  impl.RoleInfo (RoleInfo.java:updateAndGet(143)) - eec99a0c-e1b1-4518-bc49-9d1a8c8e04d5: start FollowerState
2019-10-16 22:14:50,901 [Thread-1370] INFO  impl.FollowerState (FollowerState.java:run(117)) - d9e6ea44-93db-446f-8020-a94232284285@group-83CFD60236D8-FollowerState was interrupted: java.lang.InterruptedException: sleep interrupted
2019-10-16 22:14:50,901 [grpc-default-executor-18] INFO  impl.RoleInfo (RoleInfo.java:updateAndGet(143)) - d9e6ea44-93db-446f-8020-a94232284285: start FollowerState
2019-10-16 22:14:50,910 [3989452c-7599-4156-9543-3fe544ced0f3@group-83CFD60236D8-LeaderElection74] INFO  impl.LeaderElection (LeaderElection.java:logAndReturn(56)) - 3989452c-7599-4156-9543-3fe544ced0f3@group-83CFD60236D8-LeaderElection74: Election TIMEOUT; received 0 response(s) [] and 0 exception(s); 3989452c-7599-4156-9543-3fe544ced0f3@group-83CFD60236D8:t65, leader=null, voted=3989452c-7599-4156-9543-3fe544ced0f3, raftlog=3989452c-7599-4156-9543-3fe544ced0f3@group-83CFD60236D8-SegmentedRaftLog:OPENED:c-1,f-1,i0, conf=-1: [3989452c-7599-4156-9543-3fe544ced0f3:192.168.157.254:36320, eec99a0c-e1b1-4518-bc49-9d1a8c8e04d5:192.168.157.254:45598, d9e6ea44-93db-446f-8020-a94232284285:192.168.157.254:41671], old=null
2019-10-16 22:14:50,917 [3989452c-7599-4156-9543-3fe544ced0f3@group-83CFD60236D8-LeaderElection74] INFO  impl.LeaderElection (LeaderElection.java:askForVotes(178)) - 3989452c-7599-4156-9543-3fe544ced0f3@group-83CFD60236D8-LeaderElection74: begin an election at term 66 for -1: [3989452c-7599-4156-9543-3fe544ced0f3:192.168.157.254:36320, eec99a0c-e1b1-4518-bc49-9d1a8c8e04d5:192.168.157.254:45598, d9e6ea44-93db-446f-8020-a94232284285:192.168.157.254:41671], old=null
2019-10-16 22:14:50,918 [grpc-default-executor-24] INFO  impl.RaftServerImpl (RaftServerImpl.java:setRole(184)) - eec99a0c-e1b1-4518-bc49-9d1a8c8e04d5@group-83CFD60236D8: changes role from  FOLLOWER to FOLLOWER at term 66 for recognizeCandidate:3989452c-7599-4156-9543-3fe544ced0f3
2019-10-16 22:14:50,918 [grpc-default-executor-24] INFO  impl.RoleInfo (RoleInfo.java:shutdownFollowerState(121)) - eec99a0c-e1b1-4518-bc49-9d1a8c8e04d5: shutdown FollowerState
2019-10-16 22:14:50,918 [grpc-default-executor-24] INFO  impl.RoleInfo (RoleInfo.java:updateAndGet(143)) - eec99a0c-e1b1-4518-bc49-9d1a8c8e04d5: start FollowerState
2019-10-16 22:14:50,919 [Thread-1376] INFO  impl.FollowerState (FollowerState.java:run(117)) - eec99a0c-e1b1-4518-bc49-9d1a8c8e04d5@group-83CFD60236D8-FollowerState was interrupted: java.lang.InterruptedException: sleep interrupted
2019-10-16 22:14:50,919 [grpc-default-executor-18] INFO  impl.RaftServerImpl (RaftServerImpl.java:setRole(184)) - d9e6ea44-93db-446f-8020-a94232284285@group-83CFD60236D8: changes role from  FOLLOWER to FOLLOWER at term 66 for recognizeCandidate:3989452c-7599-4156-9543-3fe544ced0f3
2019-10-16 22:14:50,919 [grpc-default-executor-18] INFO  impl.RoleInfo (RoleInfo.java:shutdownFollowerState(121)) - d9e6ea44-93db-446f-8020-a94232284285: shutdown FollowerState
2019-10-16 22:14:50,919 [Thread-1377] INFO  impl.FollowerState (FollowerState.java:run(117)) - d9e6ea44-93db-446f-8020-a94232284285@group-83CFD60236D8-FollowerState was interrupted: java.lang.InterruptedException: sleep interrupted
2019-10-16 22:14:50,919 [grpc-default-executor-18] INFO  impl.RoleInfo (RoleInfo.java:updateAndGet(143)) - d9e6ea44-93db-446f-8020-a94232284285: start FollowerState
2019-10-16 22:14:50,945 [3989452c-7599-4156-9543-3fe544ced0f3@group-83CFD60236D8-LeaderElection74] INFO  impl.LeaderElection (LeaderElection.java:logAndReturn(56)) - 3989452c-7599-4156-9543-3fe544ced0f3@group-83CFD60236D8-LeaderElection74: Election REJECTED; received 2 response(s) [3989452c-7599-4156-9543-3fe544ced0f3<-eec99a0c-e1b1-4518-bc49-9d1a8c8e04d5#0:FAIL-t66, 3989452c-7599-4156-9543-3fe544ced0f3<-d9e6ea44-93db-446f-8020-a94232284285#0:FAIL-t66] and 0 exception(s); 3989452c-7599-4156-9543-3fe544ced0f3@group-83CFD60236D8:t66, leader=null, voted=3989452c-7599-4156-9543-3fe544ced0f3, raftlog=3989452c-7599-4156-9543-3fe544ced0f3@group-83CFD60236D8-SegmentedRaftLog:OPENED:c-1,f-1,i0, conf=-1: [3989452c-7599-4156-9543-3fe544ced0f3:192.168.157.254:36320, eec99a0c-e1b1-4518-bc49-9d1a8c8e04d5:192.168.157.254:45598, d9e6ea44-93db-446f-8020-a94232284285:192.168.157.254:41671], old=null
2019-10-16 22:14:50,945 [3989452c-7599-4156-9543-3fe544ced0f3@group-83CFD60236D8-LeaderElection74] INFO  impl.RaftServerImpl (RaftServerImpl.java:setRole(184)) - 3989452c-7599-4156-9543-3fe544ced0f3@group-83CFD60236D8: changes role from CANDIDATE to FOLLOWER at term 66 for DISCOVERED_A_NEW_TERM
2019-10-16 22:14:50,945 [3989452c-7599-4156-9543-3fe544ced0f3@group-83CFD60236D8-LeaderElection74] INFO  impl.RoleInfo (RoleInfo.java:shutdownLeaderElection(134)) - 3989452c-7599-4156-9543-3fe544ced0f3: shutdown LeaderElection
2019-10-16 22:14:50,945 [3989452c-7599-4156-9543-3fe544ced0f3@group-83CFD60236D8-LeaderElection74] INFO  impl.RoleInfo (RoleInfo.java:updateAndGet(143)) - 3989452c-7599-4156-9543-3fe544ced0f3: start FollowerState
 0.00% |?                                                                                                    |  0/1 Time: 0:06:072019-10-16 22:14:51,101 [Thread-1382] INFO  impl.FollowerState (FollowerState.java:run(108)) - 3989452c-7599-4156-9543-3fe544ced0f3@group-83CFD60236D8-FollowerState: change to CANDIDATE, lastRpcTime:155ms, electionTimeout:155ms
2019-10-16 22:14:51,101 [Thread-1382] INFO  impl.RoleInfo (RoleInfo.java:shutdownFollowerState(121)) - 3989452c-7599-4156-9543-3fe544ced0f3: shutdown FollowerState
2019-10-16 22:14:51,101 [Thread-1382] INFO  impl.RaftServerImpl (RaftServerImpl.java:setRole(184)) - 3989452c-7599-4156-9543-3fe544ced0f3@group-83CFD60236D8: changes role from  FOLLOWER to CANDIDATE at term 66 for changeToCandidate
2019-10-16 22:14:51,101 [Thread-1382] INFO  impl.RoleInfo (RoleInfo.java:updateAndGet(143)) - 3989452c-7599-4156-9543-3fe544ced0f3: start LeaderElection
2019-10-16 22:14:51,127 [3989452c-7599-4156-9543-3fe544ced0f3@group-83CFD60236D8-LeaderElection75] INFO  impl.LeaderElection (LeaderElection.java:askForVotes(178)) - 3989452c-7599-4156-9543-3fe544ced0f3@group-83CFD60236D8-LeaderElection75: begin an election at term 67 for -1: [3989452c-7599-4156-9543-3fe544ced0f3:192.168.157.254:36320, eec99a0c-e1b1-4518-bc49-9d1a8c8e04d5:192.168.157.254:45598, d9e6ea44-93db-446f-8020-a94232284285:192.168.157.254:41671], old=null
2019-10-16 22:14:51,130 [grpc-default-executor-24] INFO  impl.RaftServerImpl (RaftServerImpl.java:setRole(184)) - eec99a0c-e1b1-4518-bc49-9d1a8c8e04d5@group-83CFD60236D8: changes role from  FOLLOWER to FOLLOWER at term 67 for recognizeCandidate:3989452c-7599-4156-9543-3fe544ced0f3
2019-10-16 22:14:51,130 [grpc-default-executor-18] INFO  impl.RaftServerImpl (RaftServerImpl.java:setRole(184)) - d9e6ea44-93db-446f-8020-a94232284285@group-83CFD60236D8: changes role from  FOLLOWER to FOLLOWER at term 67 for recognizeCandidate:3989452c-7599-4156-9543-3fe544ced0f3
2019-10-16 22:14:51,130 [grpc-default-executor-24] INFO  impl.RoleInfo (RoleInfo.java:shutdownFollowerState(121)) - eec99a0c-e1b1-4518-bc49-9d1a8c8e04d5: shutdown FollowerState
2019-10-16 22:14:51,130 [grpc-default-executor-18] INFO  impl.RoleInfo (RoleInfo.java:shutdownFollowerState(121)) - d9e6ea44-93db-446f-8020-a94232284285: shutdown FollowerState
2019-10-16 22:14:51,131 [Thread-1380] INFO  impl.FollowerState (FollowerState.java:run(117)) - eec99a0c-e1b1-4518-bc49-9d1a8c8e04d5@group-83CFD60236D8-FollowerState was interrupted: java.lang.InterruptedException: sleep interrupted
2019-10-16 22:14:51,131 [grpc-default-executor-24] INFO  impl.RoleInfo (RoleInfo.java:updateAndGet(143)) - eec99a0c-e1b1-4518-bc49-9d1a8c8e04d5: start FollowerState
2019-10-16 22:14:51,131 [Thread-1381] INFO  impl.FollowerState (FollowerState.java:run(117)) - d9e6ea44-93db-446f-8020-a94232284285@group-83CFD60236D8-FollowerState was interrupted: java.lang.InterruptedException: sleep interrupted
2019-10-16 22:14:51,131 [grpc-default-executor-18] INFO  impl.RoleInfo (RoleInfo.java:updateAndGet(143)) - d9e6ea44-93db-446f-8020-a94232284285: start FollowerState
2019-10-16 22:14:51,145 [3989452c-7599-4156-9543-3fe544ced0f3@group-83CFD60236D8-LeaderElection75] INFO  impl.LeaderElection (LeaderElection.java:logAndReturn(56)) - 3989452c-7599-4156-9543-3fe544ced0f3@group-83CFD60236D8-LeaderElection75: Election REJECTED; received 2 response(s) [3989452c-7599-4156-9543-3fe544ced0f3<-eec99a0c-e1b1-4518-bc49-9d1a8c8e04d5#0:FAIL-t67, 3989452c-7599-4156-9543-3fe544ced0f3<-d9e6ea44-93db-446f-8020-a94232284285#0:FAIL-t67] and 0 exception(s); 3989452c-7599-4156-9543-3fe544ced0f3@group-83CFD60236D8:t67, leader=null, voted=3989452c-7599-4156-9543-3fe544ced0f3, raftlog=3989452c-7599-4156-9543-3fe544ced0f3@group-83CFD60236D8-SegmentedRaftLog:OPENED:c-1,f-1,i0, conf=-1: [3989452c-7599-4156-9543-3fe544ced0f3:192.168.157.254:36320, eec99a0c-e1b1-4518-bc49-9d1a8c8e04d5:192.168.157.254:45598, d9e6ea44-93db-446f-8020-a94232284285:192.168.157.254:41671], old=null
2019-10-16 22:14:51,145 [3989452c-7599-4156-9543-3fe544ced0f3@group-83CFD60236D8-LeaderElection75] INFO  impl.RaftServerImpl (RaftServerImpl.java:setRole(184)) - 3989452c-7599-4156-9543-3fe544ced0f3@group-83CFD60236D8: changes role from CANDIDATE to FOLLOWER at term 67 for DISCOVERED_A_NEW_TERM
2019-10-16 22:14:51,145 [3989452c-7599-4156-9543-3fe544ced0f3@group-83CFD60236D8-LeaderElection75] INFO  impl.RoleInfo (RoleInfo.java:shutdownLeaderElection(134)) - 3989452c-7599-4156-9543-3fe544ced0f3: shutdown LeaderElection
2019-10-16 22:14:51,145 [3989452c-7599-4156-9543-3fe544ced0f3@group-83CFD60236D8-LeaderElection75] INFO  impl.RoleInfo (RoleInfo.java:updateAndGet(143)) - 3989452c-7599-4156-9543-3fe544ced0f3: start FollowerState
2019-10-16 22:14:51,155 [Thread-1388] INFO  impl.FollowerState (FollowerState.java:run(108)) - 3989452c-7599-4156-9543-3fe544ced0f3@group-83CFD60236D8-FollowerState: change to CANDIDATE, lastRpcTime:9ms, electionTimeout:9ms
2019-10-16 22:14:51,155 [Thread-1388] INFO  impl.RoleInfo (RoleInfo.java:shutdownFollowerState(121)) - 3989452c-7599-4156-9543-3fe544ced0f3: shutdown FollowerState
2019-10-16 22:14:51,155 [Thread-1388] INFO  impl.RaftServerImpl (RaftServerImpl.java:setRole(184)) - 3989452c-7599-4156-9543-3fe544ced0f3@group-83CFD60236D8: changes role from  FOLLOWER to CANDIDATE at term 67 for changeToCandidate
2019-10-16 22:14:51,155 [Thread-1388] INFO  impl.RoleInfo (RoleInfo.java:updateAndGet(143)) - 3989452c-7599-4156-9543-3fe544ced0f3: start LeaderElection
2019-10-16 22:14:51,170 [3989452c-7599-4156-9543-3fe544ced0f3@group-83CFD60236D8-LeaderElection76] INFO  impl.LeaderElection (LeaderElection.java:askForVotes(178)) - 3989452c-7599-4156-9543-3fe544ced0f3@group-83CFD60236D8-LeaderElection76: begin an election at term 68 for -1: [3989452c-7599-4156-9543-3fe544ced0f3:192.168.157.254:36320, eec99a0c-e1b1-4518-bc49-9d1a8c8e04d5:192.168.157.254:45598, d9e6ea44-93db-446f-8020-a94232284285:192.168.157.254:41671], old=null
2019-10-16 22:14:51,172 [grpc-default-executor-24] INFO  impl.RaftServerImpl (RaftServerImpl.java:setRole(184)) - eec99a0c-e1b1-4518-bc49-9d1a8c8e04d5@group-83CFD60236D8: changes role from  FOLLOWER to FOLLOWER at term 68 for recognizeCandidate:3989452c-7599-4156-9543-3fe544ced0f3
2019-10-16 22:14:51,172 [grpc-default-executor-24] INFO  impl.RoleInfo (RoleInfo.java:shutdownFollowerState(121)) - eec99a0c-e1b1-4518-bc49-9d1a8c8e04d5: shutdown FollowerState
2019-10-16 22:14:51,172 [grpc-default-executor-18] INFO  impl.RaftServerImpl (RaftServerImpl.java:setRole(184)) - d9e6ea44-93db-446f-8020-a94232284285@group-83CFD60236D8: changes role from  FOLLOWER to FOLLOWER at term 68 for recognizeCandidate:3989452c-7599-4156-9543-3fe544ced0f3
2019-10-16 22:14:51,172 [Thread-1386] INFO  impl.FollowerState (FollowerState.java:run(117)) - eec99a0c-e1b1-4518-bc49-9d1a8c8e04d5@group-83CFD60236D8-FollowerState was interrupted: java.lang.InterruptedException: sleep interrupted
2019-10-16 22:14:51,172 [grpc-default-executor-24] INFO  impl.RoleInfo (RoleInfo.java:updateAndGet(143)) - eec99a0c-e1b1-4518-bc49-9d1a8c8e04d5: start FollowerState
2019-10-16 22:14:51,172 [grpc-default-executor-18] INFO  impl.RoleInfo (RoleInfo.java:shutdownFollowerState(121)) - d9e6ea44-93db-446f-8020-a94232284285: shutdown FollowerState
2019-10-16 22:14:51,173 [grpc-default-executor-18] INFO  impl.RoleInfo (RoleInfo.java:updateAndGet(143)) - d9e6ea44-93db-446f-8020-a94232284285: start FollowerState
2019-10-16 22:14:51,173 [Thread-1387] INFO  impl.FollowerState (FollowerState.java:run(117)) - d9e6ea44-93db-446f-8020-a94232284285@group-83CFD60236D8-FollowerState was interrupted: java.lang.InterruptedException: sleep interrupted
2019-10-16 22:14:51,198 [3989452c-7599-4156-9543-3fe544ced0f3@group-83CFD60236D8-LeaderElection76] INFO  impl.LeaderElection (LeaderElection.java:logAndReturn(56)) - 3989452c-7599-4156-9543-3fe544ced0f3@group-83CFD60236D8-LeaderElection76: Election REJECTED; received 2 response(s) [3989452c-7599-4156-9543-3fe544ced0f3<-eec99a0c-e1b1-4518-bc49-9d1a8c8e04d5#0:FAIL-t68, 3989452c-7599-4156-9543-3fe544ced0f3<-d9e6ea44-93db-446f-8020-a94232284285#0:FAIL-t68] and 0 exception(s); 3989452c-7599-4156-9543-3fe544ced0f3@group-83CFD60236D8:t68, leader=null, voted=3989452c-7599-4156-9543-3fe544ced0f3, raftlog=3989452c-7599-4156-9543-3fe544ced0f3@group-83CFD60236D8-SegmentedRaftLog:OPENED:c-1,f-1,i0, conf=-1: [3989452c-7599-4156-9543-3fe544ced0f3:192.168.157.254:36320, eec99a0c-e1b1-4518-bc49-9d1a8c8e04d5:192.168.157.254:45598, d9e6ea44-93db-446f-8020-a94232284285:192.168.157.254:41671], old=null
2019-10-16 22:14:51,198 [3989452c-7599-4156-9543-3fe544ced0f3@group-83CFD60236D8-LeaderElection76] INFO  impl.RaftServerImpl (RaftServerImpl.java:setRole(184)) - 3989452c-7599-4156-9543-3fe544ced0f3@group-83CFD60236D8: changes role from CANDIDATE to FOLLOWER at term 68 for DISCOVERED_A_NEW_TERM
2019-10-16 22:14:51,198 [3989452c-7599-4156-9543-3fe544ced0f3@group-83CFD60236D8-LeaderElection76] INFO  impl.RoleInfo (RoleInfo.java:shutdownLeaderElection(134)) - 3989452c-7599-4156-9543-3fe544ced0f3: shutdown LeaderElection
2019-10-16 22:14:51,199 [3989452c-7599-4156-9543-3fe544ced0f3@group-83CFD60236D8-LeaderElection76] INFO  impl.RoleInfo (RoleInfo.java:updateAndGet(143)) - 3989452c-7599-4156-9543-3fe544ced0f3: start FollowerState
2019-10-16 22:14:51,260 [Thread-1394] INFO  impl.FollowerState (FollowerState.java:run(108)) - 3989452c-7599-4156-9543-3fe544ced0f3@group-83CFD60236D8-FollowerState: change to CANDIDATE, lastRpcTime:61ms, electionTimeout:61ms
2019-10-16 22:14:51,260 [Thread-1394] INFO  impl.RoleInfo (RoleInfo.java:shutdownFollowerState(121)) - 3989452c-7599-4156-9543-3fe544ced0f3: shutdown FollowerState
2019-10-16 22:14:51,260 [Thread-1394] INFO  impl.RaftServerImpl (RaftServerImpl.java:setRole(184)) - 3989452c-7599-4156-9543-3fe544ced0f3@group-83CFD60236D8: changes role from  FOLLOWER to CANDIDATE at term 68 for changeToCandidate
2019-10-16 22:14:51,260 [Thread-1394] INFO  impl.RoleInfo (RoleInfo.java:updateAndGet(143)) - 3989452c-7599-4156-9543-3fe544ced0f3: start LeaderElection
2019-10-16 22:14:51,275 [3989452c-7599-4156-9543-3fe544ced0f3@group-83CFD60236D8-LeaderElection77] INFO  impl.LeaderElection (LeaderElection.java:askForVotes(178)) - 3989452c-7599-4156-9543-3fe544ced0f3@group-83CFD60236D8-LeaderElection77: begin an election at term 69 for -1: [3989452c-7599-4156-9543-3fe544ced0f3:192.168.157.254:36320, eec99a0c-e1b1-4518-bc49-9d1a8c8e04d5:192.168.157.254:45598, d9e6ea44-93db-446f-8020-a94232284285:192.168.157.254:41671], old=null
2019-10-16 22:14:51,277 [grpc-default-executor-18] INFO  impl.RaftServerImpl (RaftServerImpl.java:setRole(184)) - eec99a0c-e1b1-4518-bc49-9d1a8c8e04d5@group-83CFD60236D8: changes role from  FOLLOWER to FOLLOWER at term 69 for recognizeCandidate:3989452c-7599-4156-9543-3fe544ced0f3
2019-10-16 22:14:51,277 [grpc-default-executor-24] INFO  impl.RaftServerImpl (RaftServerImpl.java:setRole(184)) - d9e6ea44-93db-446f-8020-a94232284285@group-83CFD60236D8: changes role from  FOLLOWER to FOLLOWER at term 69 for recognizeCandidate:3989452c-7599-4156-9543-3fe544ced0f3
2019-10-16 22:14:51,277 [grpc-default-executor-18] INFO  impl.RoleInfo (RoleInfo.java:shutdownFollowerState(121)) - eec99a0c-e1b1-4518-bc49-9d1a8c8e04d5: shutdown FollowerState
2019-10-16 22:14:51,277 [grpc-default-executor-24] INFO  impl.RoleInfo (RoleInfo.java:shutdownFollowerState(121)) - d9e6ea44-93db-446f-8020-a94232284285: shutdown FollowerState
2019-10-16 22:14:51,278 [grpc-default-executor-18] INFO  impl.RoleInfo (RoleInfo.java:updateAndGet(143)) - eec99a0c-e1b1-4518-bc49-9d1a8c8e04d5: start FollowerState
2019-10-16 22:14:51,278 [Thread-1392] INFO  impl.FollowerState (FollowerState.java:run(117)) - eec99a0c-e1b1-4518-bc49-9d1a8c8e04d5@group-83CFD60236D8-FollowerState was interrupted: java.lang.InterruptedException: sleep interrupted
2019-10-16 22:14:51,278 [Thread-1393] INFO  impl.FollowerState (FollowerState.java:run(117)) - d9e6ea44-93db-446f-8020-a94232284285@group-83CFD60236D8-FollowerState was interrupted: java.lang.InterruptedException: sleep interrupted
2019-10-16 22:14:51,278 [grpc-default-executor-24] INFO  impl.RoleInfo (RoleInfo.java:updateAndGet(143)) - d9e6ea44-93db-446f-8020-a94232284285: start FollowerState
2019-10-16 22:14:51,304 [3989452c-7599-4156-9543-3fe544ced0f3@group-83CFD60236D8-LeaderElection77] INFO  impl.LeaderElection (LeaderElection.java:logAndReturn(56)) - 3989452c-7599-4156-9543-3fe544ced0f3@group-83CFD60236D8-LeaderElection77: Election REJECTED; received 2 response(s) [3989452c-7599-4156-9543-3fe544ced0f3<-eec99a0c-e1b1-4518-bc49-9d1a8c8e04d5#0:FAIL-t69, 3989452c-7599-4156-9543-3fe544ced0f3<-d9e6ea44-93db-446f-8020-a94232284285#0:FAIL-t69] and 0 exception(s); 3989452c-7599-4156-9543-3fe544ced0f3@group-83CFD60236D8:t69, leader=null, voted=3989452c-7599-4156-9543-3fe544ced0f3, raftlog=3989452c-7599-4156-9543-3fe544ced0f3@group-83CFD60236D8-SegmentedRaftLog:OPENED:c-1,f-1,i0, conf=-1: [3989452c-7599-4156-9543-3fe544ced0f3:192.168.157.254:36320, eec99a0c-e1b1-4518-bc49-9d1a8c8e04d5:192.168.157.254:45598, d9e6ea44-93db-446f-8020-a94232284285:192.168.157.254:41671], old=null
2019-10-16 22:14:51,304 [3989452c-7599-4156-9543-3fe544ced0f3@group-83CFD60236D8-LeaderElection77] INFO  impl.RaftServerImpl (RaftServerImpl.java:setRole(184)) - 3989452c-7599-4156-9543-3fe544ced0f3@group-83CFD60236D8: changes role from CANDIDATE to FOLLOWER at term 69 for DISCOVERED_A_NEW_TERM
2019-10-16 22:14:51,305 [3989452c-7599-4156-9543-3fe544ced0f3@group-83CFD60236D8-LeaderElection77] INFO  impl.RoleInfo (RoleInfo.java:shutdownLeaderElection(134)) - 3989452c-7599-4156-9543-3fe544ced0f3: shutdown LeaderElection
2019-10-16 22:14:51,305 [3989452c-7599-4156-9543-3fe544ced0f3@group-83CFD60236D8-LeaderElection77] INFO  impl.RoleInfo (RoleInfo.java:updateAndGet(143)) - 3989452c-7599-4156-9543-3fe544ced0f3: start FollowerState
2019-10-16 22:14:51,363 [Thread-1400] INFO  impl.FollowerState (FollowerState.java:run(108)) - 3989452c-7599-4156-9543-3fe544ced0f3@group-83CFD60236D8-FollowerState: change to CANDIDATE, lastRpcTime:58ms, electionTimeout:58ms
2019-10-16 22:14:51,363 [Thread-1400] INFO  impl.RoleInfo (RoleInfo.java:shutdownFollowerState(121)) - 3989452c-7599-4156-9543-3fe544ced0f3: shutdown FollowerState
2019-10-16 22:14:51,363 [Thread-1400] INFO  impl.RaftServerImpl (RaftServerImpl.java:setRole(184)) - 3989452c-7599-4156-9543-3fe544ced0f3@group-83CFD60236D8: changes role from  FOLLOWER to CANDIDATE at term 69 for changeToCandidate
2019-10-16 22:14:51,363 [Thread-1400] INFO  impl.RoleInfo (RoleInfo.java:updateAndGet(143)) - 3989452c-7599-4156-9543-3fe544ced0f3: start LeaderElection
2019-10-16 22:14:51,389 [3989452c-7599-4156-9543-3fe544ced0f3@group-83CFD60236D8-LeaderElection78] INFO  impl.LeaderElection (LeaderElection.java:askForVotes(178)) - 3989452c-7599-4156-9543-3fe544ced0f3@group-83CFD60236D8-LeaderElection78: begin an election at term 70 for -1: [3989452c-7599-4156-9543-3fe544ced0f3:192.168.157.254:36320, eec99a0c-e1b1-4518-bc49-9d1a8c8e04d5:192.168.157.254:45598, d9e6ea44-93db-446f-8020-a94232284285:192.168.157.254:41671], old=null
2019-10-16 22:14:51,391 [grpc-default-executor-24] INFO  impl.RaftServerImpl (RaftServerImpl.java:setRole(184)) - eec99a0c-e1b1-4518-bc49-9d1a8c8e04d5@group-83CFD60236D8: changes role from  FOLLOWER to FOLLOWER at term 70 for recognizeCandidate:3989452c-7599-4156-9543-3fe544ced0f3
2019-10-16 22:14:51,391 [grpc-default-executor-24] INFO  impl.RoleInfo (RoleInfo.java:shutdownFollowerState(121)) - eec99a0c-e1b1-4518-bc49-9d1a8c8e04d5: shutdown FollowerState
2019-10-16 22:14:51,391 [grpc-default-executor-18] INFO  impl.RaftServerImpl (RaftServerImpl.java:setRole(184)) - d9e6ea44-93db-446f-8020-a94232284285@group-83CFD60236D8: changes role from  FOLLOWER to FOLLOWER at term 70 for recognizeCandidate:3989452c-7599-4156-9543-3fe544ced0f3
2019-10-16 22:14:51,391 [grpc-default-executor-24] INFO  impl.RoleInfo (RoleInfo.java:updateAndGet(143)) - eec99a0c-e1b1-4518-bc49-9d1a8c8e04d5: start FollowerState
2019-10-16 22:14:51,391 [Thread-1398] INFO  impl.FollowerState (FollowerState.java:run(117)) - eec99a0c-e1b1-4518-bc49-9d1a8c8e04d5@group-83CFD60236D8-FollowerState was interrupted: java.lang.InterruptedException: sleep interrupted
2019-10-16 22:14:51,391 [grpc-default-executor-18] INFO  impl.RoleInfo (RoleInfo.java:shutdownFollowerState(121)) - d9e6ea44-93db-446f-8020-a94232284285: shutdown FollowerState
2019-10-16 22:14:51,392 [grpc-default-executor-18] INFO  impl.RoleInfo (RoleInfo.java:updateAndGet(143)) - d9e6ea44-93db-446f-8020-a94232284285: start FollowerState
2019-10-16 22:14:51,392 [Thread-1399] INFO  impl.FollowerState (FollowerState.java:run(117)) - d9e6ea44-93db-446f-8020-a94232284285@group-83CFD60236D8-FollowerState was interrupted: java.lang.InterruptedException: sleep interrupted
2019-10-16 22:14:51,418 [3989452c-7599-4156-9543-3fe544ced0f3@group-83CFD60236D8-LeaderElection78] INFO  impl.LeaderElection (LeaderElection.java:logAndReturn(56)) - 3989452c-7599-4156-9543-3fe544ced0f3@group-83CFD60236D8-LeaderElection78: Election REJECTED; received 2 response(s) [3989452c-7599-4156-9543-3fe544ced0f3<-eec99a0c-e1b1-4518-bc49-9d1a8c8e04d5#0:FAIL-t70, 3989452c-7599-4156-9543-3fe544ced0f3<-d9e6ea44-93db-446f-8020-a94232284285#0:FAIL-t70] and 0 exception(s); 3989452c-7599-4156-9543-3fe544ced0f3@group-83CFD60236D8:t70, leader=null, voted=3989452c-7599-4156-9543-3fe544ced0f3, raftlog=3989452c-7599-4156-9543-3fe544ced0f3@group-83CFD60236D8-SegmentedRaftLog:OPENED:c-1,f-1,i0, conf=-1: [3989452c-7599-4156-9543-3fe544ced0f3:192.168.157.254:36320, eec99a0c-e1b1-4518-bc49-9d1a8c8e04d5:192.168.157.254:45598, d9e6ea44-93db-446f-8020-a94232284285:192.168.157.254:41671], old=null
2019-10-16 22:14:51,418 [3989452c-7599-4156-9543-3fe544ced0f3@group-83CFD60236D8-LeaderElection78] INFO  impl.RaftServerImpl (RaftServerImpl.java:setRole(184)) - 3989452c-7599-4156-9543-3fe544ced0f3@group-83CFD60236D8: changes role from CANDIDATE to FOLLOWER at term 70 for DISCOVERED_A_NEW_TERM
2019-10-16 22:14:51,418 [3989452c-7599-4156-9543-3fe544ced0f3@group-83CFD60236D8-LeaderElection78] INFO  impl.RoleInfo (RoleInfo.java:shutdownLeaderElection(134)) - 3989452c-7599-4156-9543-3fe544ced0f3: shutdown LeaderElection
2019-10-16 22:14:51,418 [3989452c-7599-4156-9543-3fe544ced0f3@group-83CFD60236D8-LeaderElection78] INFO  impl.RoleInfo (RoleInfo.java:updateAndGet(143)) - 3989452c-7599-4156-9543-3fe544ced0f3: start FollowerState
2019-10-16 22:14:51,449 [Thread-1406] INFO  impl.FollowerState (FollowerState.java:run(108)) - 3989452c-7599-4156-9543-3fe544ced0f3@group-83CFD60236D8-FollowerState: change to CANDIDATE, lastRpcTime:30ms, electionTimeout:30ms
2019-10-16 22:14:51,449 [Thread-1406] INFO  impl.RoleInfo (RoleInfo.java:shutdownFollowerState(121)) - 3989452c-7599-4156-9543-3fe544ced0f3: shutdown FollowerState
2019-10-16 22:14:51,449 [Thread-1406] INFO  impl.RaftServerImpl (RaftServerImpl.java:setRole(184)) - 3989452c-7599-4156-9543-3fe544ced0f3@group-83CFD60236D8: changes role from  FOLLOWER to CANDIDATE at term 70 for changeToCandidate
2019-10-16 22:14:51,449 [Thread-1406] INFO  impl.RoleInfo (RoleInfo.java:updateAndGet(143)) - 3989452c-7599-4156-9543-3fe544ced0f3: start LeaderElection
2019-10-16 22:14:51,464 [3989452c-7599-4156-9543-3fe544ced0f3@group-83CFD60236D8-LeaderElection79] INFO  impl.LeaderElection (LeaderElection.java:askForVotes(178)) - 3989452c-7599-4156-9543-3fe544ced0f3@group-83CFD60236D8-LeaderElection79: begin an election at term 71 for -1: [3989452c-7599-4156-9543-3fe544ced0f3:192.168.157.254:36320, eec99a0c-e1b1-4518-bc49-9d1a8c8e04d5:192.168.157.254:45598, d9e6ea44-93db-446f-8020-a94232284285:192.168.157.254:41671], old=null
2019-10-16 22:14:51,467 [grpc-default-executor-18] INFO  impl.RaftServerImpl (RaftServerImpl.java:setRole(184)) - d9e6ea44-93db-446f-8020-a94232284285@group-83CFD60236D8: changes role from  FOLLOWER to FOLLOWER at term 71 for recognizeCandidate:3989452c-7599-4156-9543-3fe544ced0f3
2019-10-16 22:14:51,467 [grpc-default-executor-24] INFO  impl.RaftServerImpl (RaftServerImpl.java:setRole(184)) - eec99a0c-e1b1-4518-bc49-9d1a8c8e04d5@group-83CFD60236D8: changes role from  FOLLOWER to FOLLOWER at term 71 for recognizeCandidate:3989452c-7599-4156-9543-3fe544ced0f3
2019-10-16 22:14:51,468 [grpc-default-executor-18] INFO  impl.RoleInfo (RoleInfo.java:shutdownFollowerState(121)) - d9e6ea44-93db-446f-8020-a94232284285: shutdown FollowerState
2019-10-16 22:14:51,468 [grpc-default-executor-24] INFO  impl.RoleInfo (RoleInfo.java:shutdownFollowerState(121)) - eec99a0c-e1b1-4518-bc49-9d1a8c8e04d5: shutdown FollowerState
2019-10-16 22:14:51,468 [Thread-1405] INFO  impl.FollowerState (FollowerState.java:run(117)) - d9e6ea44-93db-446f-8020-a94232284285@group-83CFD60236D8-FollowerState was interrupted: java.lang.InterruptedException: sleep interrupted
2019-10-16 22:14:51,468 [grpc-default-executor-18] INFO  impl.RoleInfo (RoleInfo.java:updateAndGet(143)) - d9e6ea44-93db-446f-8020-a94232284285: start FollowerState
2019-10-16 22:14:51,468 [Thread-1404] INFO  impl.FollowerState (FollowerState.java:run(117)) - eec99a0c-e1b1-4518-bc49-9d1a8c8e04d5@group-83CFD60236D8-FollowerState was interrupted: java.lang.InterruptedException: sleep interrupted
2019-10-16 22:14:51,468 [grpc-default-executor-24] INFO  impl.RoleInfo (RoleInfo.java:updateAndGet(143)) - eec99a0c-e1b1-4518-bc49-9d1a8c8e04d5: start FollowerState
2019-10-16 22:14:51,486 [3989452c-7599-4156-9543-3fe544ced0f3@group-83CFD60236D8-LeaderElection79] INFO  impl.LeaderElection (LeaderElection.java:logAndReturn(56)) - 3989452c-7599-4156-9543-3fe544ced0f3@group-83CFD60236D8-LeaderElection79: Election REJECTED; received 2 response(s) [3989452c-7599-4156-9543-3fe544ced0f3<-eec99a0c-e1b1-4518-bc49-9d1a8c8e04d5#0:FAIL-t71, 3989452c-7599-4156-9543-3fe544ced0f3<-d9e6ea44-93db-446f-8020-a94232284285#0:FAIL-t71] and 0 exception(s); 3989452c-7599-4156-9543-3fe544ced0f3@group-83CFD60236D8:t71, leader=null, voted=3989452c-7599-4156-9543-3fe544ced0f3, raftlog=3989452c-7599-4156-9543-3fe544ced0f3@group-83CFD60236D8-SegmentedRaftLog:OPENED:c-1,f-1,i0, conf=-1: [3989452c-7599-4156-9543-3fe544ced0f3:192.168.157.254:36320, eec99a0c-e1b1-4518-bc49-9d1a8c8e04d5:192.168.157.254:45598, d9e6ea44-93db-446f-8020-a94232284285:192.168.157.254:41671], old=null
2019-10-16 22:14:51,486 [3989452c-7599-4156-9543-3fe544ced0f3@group-83CFD60236D8-LeaderElection79] INFO  impl.RaftServerImpl (RaftServerImpl.java:setRole(184)) - 3989452c-7599-4156-9543-3fe544ced0f3@group-83CFD60236D8: changes role from CANDIDATE to FOLLOWER at term 71 for DISCOVERED_A_NEW_TERM
2019-10-16 22:14:51,487 [3989452c-7599-4156-9543-3fe544ced0f3@group-83CFD60236D8-LeaderElection79] INFO  impl.RoleInfo (RoleInfo.java:shutdownLeaderElection(134)) - 3989452c-7599-4156-9543-3fe544ced0f3: shutdown LeaderElection
2019-10-16 22:14:51,487 [3989452c-7599-4156-9543-3fe544ced0f3@group-83CFD60236D8-LeaderElection79] INFO  impl.RoleInfo (RoleInfo.java:updateAndGet(143)) - 3989452c-7599-4156-9543-3fe544ced0f3: start FollowerState
2019-10-16 22:14:51,686 [Thread-1412] INFO  impl.FollowerState (FollowerState.java:run(108)) - 3989452c-7599-4156-9543-3fe544ced0f3@group-83CFD60236D8-FollowerState: change to CANDIDATE, lastRpcTime:199ms, electionTimeout:199ms
2019-10-16 22:14:51,686 [Thread-1412] INFO  impl.RoleInfo (RoleInfo.java:shutdownFollowerState(121)) - 3989452c-7599-4156-9543-3fe544ced0f3: shutdown FollowerState
2019-10-16 22:14:51,687 [Thread-1412] INFO  impl.RaftServerImpl (RaftServerImpl.java:setRole(184)) - 3989452c-7599-4156-9543-3fe544ced0f3@group-83CFD60236D8: changes role from  FOLLOWER to CANDIDATE at term 71 for changeToCandidate
2019-10-16 22:14:51,687 [Thread-1412] INFO  impl.RoleInfo (RoleInfo.java:updateAndGet(143)) - 3989452c-7599-4156-9543-3fe544ced0f3: start LeaderElection
2019-10-16 22:14:51,702 [3989452c-7599-4156-9543-3fe544ced0f3@group-83CFD60236D8-LeaderElection80] INFO  impl.LeaderElection (LeaderElection.java:askForVotes(178)) - 3989452c-7599-4156-9543-3fe544ced0f3@group-83CFD60236D8-LeaderElection80: begin an election at term 72 for -1: [3989452c-7599-4156-9543-3fe544ced0f3:192.168.157.254:36320, eec99a0c-e1b1-4518-bc49-9d1a8c8e04d5:192.168.157.254:45598, d9e6ea44-93db-446f-8020-a94232284285:192.168.157.254:41671], old=null
2019-10-16 22:14:51,704 [grpc-default-executor-18] INFO  impl.RaftServerImpl (RaftServerImpl.java:setRole(184)) - eec99a0c-e1b1-4518-bc49-9d1a8c8e04d5@group-83CFD60236D8: changes role from  FOLLOWER to FOLLOWER at term 72 for recognizeCandidate:3989452c-7599-4156-9543-3fe544ced0f3
2019-10-16 22:14:51,704 [grpc-default-executor-24] INFO  impl.RaftServerImpl (RaftServerImpl.java:setRole(184)) - d9e6ea44-93db-446f-8020-a94232284285@group-83CFD60236D8: changes role from  FOLLOWER to FOLLOWER at term 72 for recognizeCandidate:3989452c-7599-4156-9543-3fe544ced0f3
2019-10-16 22:14:51,704 [grpc-default-executor-18] INFO  impl.RoleInfo (RoleInfo.java:shutdownFollowerState(121)) - eec99a0c-e1b1-4518-bc49-9d1a8c8e04d5: shutdown FollowerState
2019-10-16 22:14:51,704 [grpc-default-executor-24] INFO  impl.RoleInfo (RoleInfo.java:shutdownFollowerState(121)) - d9e6ea44-93db-446f-8020-a94232284285: shutdown FollowerState
2019-10-16 22:14:51,704 [Thread-1411] INFO  impl.FollowerState (FollowerState.java:run(117)) - eec99a0c-e1b1-4518-bc49-9d1a8c8e04d5@group-83CFD60236D8-FollowerState was interrupted: java.lang.InterruptedException: sleep interrupted
2019-10-16 22:14:51,704 [grpc-default-executor-18] INFO  impl.RoleInfo (RoleInfo.java:updateAndGet(143)) - eec99a0c-e1b1-4518-bc49-9d1a8c8e04d5: start FollowerState
2019-10-16 22:14:51,704 [Thread-1410] INFO  impl.FollowerState (FollowerState.java:run(117)) - d9e6ea44-93db-446f-8020-a94232284285@group-83CFD60236D8-FollowerState was interrupted: java.lang.InterruptedException: sleep interrupted
2019-10-16 22:14:51,704 [grpc-default-executor-24] INFO  impl.RoleInfo (RoleInfo.java:updateAndGet(143)) - d9e6ea44-93db-446f-8020-a94232284285: start FollowerState
2019-10-16 22:14:51,722 [3989452c-7599-4156-9543-3fe544ced0f3@group-83CFD60236D8-LeaderElection80] INFO  impl.LeaderElection (LeaderElection.java:logAndReturn(56)) - 3989452c-7599-4156-9543-3fe544ced0f3@group-83CFD60236D8-LeaderElection80: Election REJECTED; received 2 response(s) [3989452c-7599-4156-9543-3fe544ced0f3<-eec99a0c-e1b1-4518-bc49-9d1a8c8e04d5#0:FAIL-t72, 3989452c-7599-4156-9543-3fe544ced0f3<-d9e6ea44-93db-446f-8020-a94232284285#0:FAIL-t72] and 0 exception(s); 3989452c-7599-4156-9543-3fe544ced0f3@group-83CFD60236D8:t72, leader=null, voted=3989452c-7599-4156-9543-3fe544ced0f3, raftlog=3989452c-7599-4156-9543-3fe544ced0f3@group-83CFD60236D8-SegmentedRaftLog:OPENED:c-1,f-1,i0, conf=-1: [3989452c-7599-4156-9543-3fe544ced0f3:192.168.157.254:36320, eec99a0c-e1b1-4518-bc49-9d1a8c8e04d5:192.168.157.254:45598, d9e6ea44-93db-446f-8020-a94232284285:192.168.157.254:41671], old=null
2019-10-16 22:14:51,722 [3989452c-7599-4156-9543-3fe544ced0f3@group-83CFD60236D8-LeaderElection80] INFO  impl.RaftServerImpl (RaftServerImpl.java:setRole(184)) - 3989452c-7599-4156-9543-3fe544ced0f3@group-83CFD60236D8: changes role from CANDIDATE to FOLLOWER at term 72 for DISCOVERED_A_NEW_TERM
2019-10-16 22:14:51,722 [3989452c-7599-4156-9543-3fe544ced0f3@group-83CFD60236D8-LeaderElection80] INFO  impl.RoleInfo (RoleInfo.java:shutdownLeaderElection(134)) - 3989452c-7599-4156-9543-3fe544ced0f3: shutdown LeaderElection
2019-10-16 22:14:51,723 [3989452c-7599-4156-9543-3fe544ced0f3@group-83CFD60236D8-LeaderElection80] INFO  impl.RoleInfo (RoleInfo.java:updateAndGet(143)) - 3989452c-7599-4156-9543-3fe544ced0f3: start FollowerState
2019-10-16 22:14:51,906 [Thread-1420] INFO  impl.FollowerState (FollowerState.java:run(108)) - 3989452c-7599-4156-9543-3fe544ced0f3@group-83CFD60236D8-FollowerState: change to CANDIDATE, lastRpcTime:183ms, electionTimeout:183ms
2019-10-16 22:14:51,906 [Thread-1420] INFO  impl.RoleInfo (RoleInfo.java:shutdownFollowerState(121)) - 3989452c-7599-4156-9543-3fe544ced0f3: shutdown FollowerState
2019-10-16 22:14:51,906 [Thread-1420] INFO  impl.RaftServerImpl (RaftServerImpl.java:setRole(184)) - 3989452c-7599-4156-9543-3fe544ced0f3@group-83CFD60236D8: changes role from  FOLLOWER to CANDIDATE at term 72 for changeToCandidate
2019-10-16 22:14:51,907 [Thread-1420] INFO  impl.RoleInfo (RoleInfo.java:updateAndGet(143)) - 3989452c-7599-4156-9543-3fe544ced0f3: start LeaderElection
2019-10-16 22:14:51,920 [3989452c-7599-4156-9543-3fe544ced0f3@group-83CFD60236D8-LeaderElection81] INFO  impl.LeaderElection (LeaderElection.java:askForVotes(178)) - 3989452c-7599-4156-9543-3fe544ced0f3@group-83CFD60236D8-LeaderElection81: begin an election at term 73 for -1: [3989452c-7599-4156-9543-3fe544ced0f3:192.168.157.254:36320, eec99a0c-e1b1-4518-bc49-9d1a8c8e04d5:192.168.157.254:45598, d9e6ea44-93db-446f-8020-a94232284285:192.168.157.254:41671], old=null
2019-10-16 22:14:51,923 [grpc-default-executor-24] INFO  impl.RaftServerImpl (RaftServerImpl.java:setRole(184)) - eec99a0c-e1b1-4518-bc49-9d1a8c8e04d5@group-83CFD60236D8: changes role from  FOLLOWER to FOLLOWER at term 73 for recognizeCandidate:3989452c-7599-4156-9543-3fe544ced0f3
2019-10-16 22:14:51,923 [grpc-default-executor-18] INFO  impl.RaftServerImpl (RaftServerImpl.java:setRole(184)) - d9e6ea44-93db-446f-8020-a94232284285@group-83CFD60236D8: changes role from  FOLLOWER to FOLLOWER at term 73 for recognizeCandidate:3989452c-7599-4156-9543-3fe544ced0f3
2019-10-16 22:14:51,923 [grpc-default-executor-24] INFO  impl.RoleInfo (RoleInfo.java:shutdownFollowerState(121)) - eec99a0c-e1b1-4518-bc49-9d1a8c8e04d5: shutdown FollowerState
2019-10-16 22:14:51,923 [grpc-default-executor-18] INFO  impl.RoleInfo (RoleInfo.java:shutdownFollowerState(121)) - d9e6ea44-93db-446f-8020-a94232284285: shutdown FollowerState
2019-10-16 22:14:51,923 [Thread-1418] INFO  impl.FollowerState (FollowerState.java:run(117)) - eec99a0c-e1b1-4518-bc49-9d1a8c8e04d5@group-83CFD60236D8-FollowerState was interrupted: java.lang.InterruptedException: sleep interrupted
2019-10-16 22:14:51,924 [Thread-1419] INFO  impl.FollowerState (FollowerState.java:run(117)) - d9e6ea44-93db-446f-8020-a94232284285@group-83CFD60236D8-FollowerState was interrupted: java.lang.InterruptedException: sleep interrupted
2019-10-16 22:14:51,923 [grpc-default-executor-24] INFO  impl.RoleInfo (RoleInfo.java:updateAndGet(143)) - eec99a0c-e1b1-4518-bc49-9d1a8c8e04d5: start FollowerState
2019-10-16 22:14:51,924 [grpc-default-executor-18] INFO  impl.RoleInfo (RoleInfo.java:updateAndGet(143)) - d9e6ea44-93db-446f-8020-a94232284285: start FollowerState
2019-10-16 22:14:51,937 [3989452c-7599-4156-9543-3fe544ced0f3@group-83CFD60236D8-LeaderElection81] INFO  impl.LeaderElection (LeaderElection.java:logAndReturn(56)) - 3989452c-7599-4156-9543-3fe544ced0f3@group-83CFD60236D8-LeaderElection81: Election REJECTED; received 2 response(s) [3989452c-7599-4156-9543-3fe544ced0f3<-eec99a0c-e1b1-4518-bc49-9d1a8c8e04d5#0:FAIL-t73, 3989452c-7599-4156-9543-3fe544ced0f3<-d9e6ea44-93db-446f-8020-a94232284285#0:FAIL-t73] and 0 exception(s); 3989452c-7599-4156-9543-3fe544ced0f3@group-83CFD60236D8:t73, leader=null, voted=3989452c-7599-4156-9543-3fe544ced0f3, raftlog=3989452c-7599-4156-9543-3fe544ced0f3@group-83CFD60236D8-SegmentedRaftLog:OPENED:c-1,f-1,i0, conf=-1: [3989452c-7599-4156-9543-3fe544ced0f3:192.168.157.254:36320, eec99a0c-e1b1-4518-bc49-9d1a8c8e04d5:192.168.157.254:45598, d9e6ea44-93db-446f-8020-a94232284285:192.168.157.254:41671], old=null
2019-10-16 22:14:51,938 [3989452c-7599-4156-9543-3fe544ced0f3@group-83CFD60236D8-LeaderElection81] INFO  impl.RaftServerImpl (RaftServerImpl.java:setRole(184)) - 3989452c-7599-4156-9543-3fe544ced0f3@group-83CFD60236D8: changes role from CANDIDATE to FOLLOWER at term 73 for DISCOVERED_A_NEW_TERM
2019-10-16 22:14:51,938 [3989452c-7599-4156-9543-3fe544ced0f3@group-83CFD60236D8-LeaderElection81] INFO  impl.RoleInfo (RoleInfo.java:shutdownLeaderElection(134)) - 3989452c-7599-4156-9543-3fe544ced0f3: shutdown LeaderElection
2019-10-16 22:14:51,938 [3989452c-7599-4156-9543-3fe544ced0f3@group-83CFD60236D8-LeaderElection81] INFO  impl.RoleInfo (RoleInfo.java:updateAndGet(143)) - 3989452c-7599-4156-9543-3fe544ced0f3: start FollowerState
 0.00% |?                                                                                                    |  0/1 Time: 0:06:082019-10-16 22:14:52,088 [Thread-1426] INFO  impl.FollowerState (FollowerState.java:run(108)) - 3989452c-7599-4156-9543-3fe544ced0f3@group-83CFD60236D8-FollowerState: change to CANDIDATE, lastRpcTime:150ms, electionTimeout:150ms
2019-10-16 22:14:52,089 [Thread-1426] INFO  impl.RoleInfo (RoleInfo.java:shutdownFollowerState(121)) - 3989452c-7599-4156-9543-3fe544ced0f3: shutdown FollowerState
2019-10-16 22:14:52,089 [Thread-1426] INFO  impl.RaftServerImpl (RaftServerImpl.java:setRole(184)) - 3989452c-7599-4156-9543-3fe544ced0f3@group-83CFD60236D8: changes role from  FOLLOWER to CANDIDATE at term 73 for changeToCandidate
2019-10-16 22:14:52,089 [Thread-1426] INFO  impl.RoleInfo (RoleInfo.java:updateAndGet(143)) - 3989452c-7599-4156-9543-3fe544ced0f3: start LeaderElection
2019-10-16 22:14:52,103 [3989452c-7599-4156-9543-3fe544ced0f3@group-83CFD60236D8-LeaderElection82] INFO  impl.LeaderElection (LeaderElection.java:askForVotes(178)) - 3989452c-7599-4156-9543-3fe544ced0f3@group-83CFD60236D8-LeaderElection82: begin an election at term 74 for -1: [3989452c-7599-4156-9543-3fe544ced0f3:192.168.157.254:36320, eec99a0c-e1b1-4518-bc49-9d1a8c8e04d5:192.168.157.254:45598, d9e6ea44-93db-446f-8020-a94232284285:192.168.157.254:41671], old=null
2019-10-16 22:14:52,105 [grpc-default-executor-24] INFO  impl.RaftServerImpl (RaftServerImpl.java:setRole(184)) - d9e6ea44-93db-446f-8020-a94232284285@group-83CFD60236D8: changes role from  FOLLOWER to FOLLOWER at term 74 for recognizeCandidate:3989452c-7599-4156-9543-3fe544ced0f3
2019-10-16 22:14:52,105 [grpc-default-executor-18] INFO  impl.RaftServerImpl (RaftServerImpl.java:setRole(184)) - eec99a0c-e1b1-4518-bc49-9d1a8c8e04d5@group-83CFD60236D8: changes role from  FOLLOWER to FOLLOWER at term 74 for recognizeCandidate:3989452c-7599-4156-9543-3fe544ced0f3
2019-10-16 22:14:52,105 [grpc-default-executor-24] INFO  impl.RoleInfo (RoleInfo.java:shutdownFollowerState(121)) - d9e6ea44-93db-446f-8020-a94232284285: shutdown FollowerState
2019-10-16 22:14:52,106 [grpc-default-executor-18] INFO  impl.RoleInfo (RoleInfo.java:shutdownFollowerState(121)) - eec99a0c-e1b1-4518-bc49-9d1a8c8e04d5: shutdown FollowerState
2019-10-16 22:14:52,106 [grpc-default-executor-24] INFO  impl.RoleInfo (RoleInfo.java:updateAndGet(143)) - d9e6ea44-93db-446f-8020-a94232284285: start FollowerState
2019-10-16 22:14:52,106 [Thread-1424] INFO  impl.FollowerState (FollowerState.java:run(117)) - eec99a0c-e1b1-4518-bc49-9d1a8c8e04d5@group-83CFD60236D8-FollowerState was interrupted: java.lang.InterruptedException: sleep interrupted
2019-10-16 22:14:52,106 [Thread-1425] INFO  impl.FollowerState (FollowerState.java:run(117)) - d9e6ea44-93db-446f-8020-a94232284285@group-83CFD60236D8-FollowerState was interrupted: java.lang.InterruptedException: sleep interrupted
2019-10-16 22:14:52,106 [grpc-default-executor-18] INFO  impl.RoleInfo (RoleInfo.java:updateAndGet(143)) - eec99a0c-e1b1-4518-bc49-9d1a8c8e04d5: start FollowerState
2019-10-16 22:14:52,108 [3989452c-7599-4156-9543-3fe544ced0f3@group-83CFD60236D8-LeaderElection82] INFO  impl.LeaderElection (LeaderElection.java:logAndReturn(56)) - 3989452c-7599-4156-9543-3fe544ced0f3@group-83CFD60236D8-LeaderElection82: Election TIMEOUT; received 0 response(s) [] and 0 exception(s); 3989452c-7599-4156-9543-3fe544ced0f3@group-83CFD60236D8:t74, leader=null, voted=3989452c-7599-4156-9543-3fe544ced0f3, raftlog=3989452c-7599-4156-9543-3fe544ced0f3@group-83CFD60236D8-SegmentedRaftLog:OPENED:c-1,f-1,i0, conf=-1: [3989452c-7599-4156-9543-3fe544ced0f3:192.168.157.254:36320, eec99a0c-e1b1-4518-bc49-9d1a8c8e04d5:192.168.157.254:45598, d9e6ea44-93db-446f-8020-a94232284285:192.168.157.254:41671], old=null
2019-10-16 22:14:52,120 [3989452c-7599-4156-9543-3fe544ced0f3@group-83CFD60236D8-LeaderElection82] INFO  impl.LeaderElection (LeaderElection.java:askForVotes(178)) - 3989452c-7599-4156-9543-3fe544ced0f3@group-83CFD60236D8-LeaderElection82: begin an election at term 75 for -1: [3989452c-7599-4156-9543-3fe544ced0f3:192.168.157.254:36320, eec99a0c-e1b1-4518-bc49-9d1a8c8e04d5:192.168.157.254:45598, d9e6ea44-93db-446f-8020-a94232284285:192.168.157.254:41671], old=null
2019-10-16 22:14:52,121 [grpc-default-executor-24] INFO  impl.RaftServerImpl (RaftServerImpl.java:setRole(184)) - eec99a0c-e1b1-4518-bc49-9d1a8c8e04d5@group-83CFD60236D8: changes role from  FOLLOWER to FOLLOWER at term 75 for recognizeCandidate:3989452c-7599-4156-9543-3fe544ced0f3
2019-10-16 22:14:52,121 [grpc-default-executor-24] INFO  impl.RoleInfo (RoleInfo.java:shutdownFollowerState(121)) - eec99a0c-e1b1-4518-bc49-9d1a8c8e04d5: shutdown FollowerState
2019-10-16 22:14:52,122 [grpc-default-executor-24] INFO  impl.RoleInfo (RoleInfo.java:updateAndGet(143)) - eec99a0c-e1b1-4518-bc49-9d1a8c8e04d5: start FollowerState
2019-10-16 22:14:52,122 [Thread-1431] INFO  impl.FollowerState (FollowerState.java:run(117)) - eec99a0c-e1b1-4518-bc49-9d1a8c8e04d5@group-83CFD60236D8-FollowerState was interrupted: java.lang.InterruptedException: sleep interrupted
2019-10-16 22:14:52,122 [grpc-default-executor-18] INFO  impl.RaftServerImpl (RaftServerImpl.java:setRole(184)) - d9e6ea44-93db-446f-8020-a94232284285@group-83CFD60236D8: changes role from  FOLLOWER to FOLLOWER at term 75 for recognizeCandidate:3989452c-7599-4156-9543-3fe544ced0f3
2019-10-16 22:14:52,122 [grpc-default-executor-18] INFO  impl.RoleInfo (RoleInfo.java:shutdownFollowerState(121)) - d9e6ea44-93db-446f-8020-a94232284285: shutdown FollowerState
2019-10-16 22:14:52,122 [grpc-default-executor-18] INFO  impl.RoleInfo (RoleInfo.java:updateAndGet(143)) - d9e6ea44-93db-446f-8020-a94232284285: start FollowerState
2019-10-16 22:14:52,122 [Thread-1430] INFO  impl.FollowerState (FollowerState.java:run(117)) - d9e6ea44-93db-446f-8020-a94232284285@group-83CFD60236D8-FollowerState was interrupted: java.lang.InterruptedException: sleep interrupted
2019-10-16 22:14:52,148 [3989452c-7599-4156-9543-3fe544ced0f3@group-83CFD60236D8-LeaderElection82] INFO  impl.LeaderElection (LeaderElection.java:logAndReturn(56)) - 3989452c-7599-4156-9543-3fe544ced0f3@group-83CFD60236D8-LeaderElection82: Election REJECTED; received 2 response(s) [3989452c-7599-4156-9543-3fe544ced0f3<-eec99a0c-e1b1-4518-bc49-9d1a8c8e04d5#0:FAIL-t75, 3989452c-7599-4156-9543-3fe544ced0f3<-d9e6ea44-93db-446f-8020-a94232284285#0:FAIL-t75] and 0 exception(s); 3989452c-7599-4156-9543-3fe544ced0f3@group-83CFD60236D8:t75, leader=null, voted=3989452c-7599-4156-9543-3fe544ced0f3, raftlog=3989452c-7599-4156-9543-3fe544ced0f3@group-83CFD60236D8-SegmentedRaftLog:OPENED:c-1,f-1,i0, conf=-1: [3989452c-7599-4156-9543-3fe544ced0f3:192.168.157.254:36320, eec99a0c-e1b1-4518-bc49-9d1a8c8e04d5:192.168.157.254:45598, d9e6ea44-93db-446f-8020-a94232284285:192.168.157.254:41671], old=null
2019-10-16 22:14:52,149 [3989452c-7599-4156-9543-3fe544ced0f3@group-83CFD60236D8-LeaderElection82] INFO  impl.RaftServerImpl (RaftServerImpl.java:setRole(184)) - 3989452c-7599-4156-9543-3fe544ced0f3@group-83CFD60236D8: changes role from CANDIDATE to FOLLOWER at term 75 for DISCOVERED_A_NEW_TERM
2019-10-16 22:14:52,149 [3989452c-7599-4156-9543-3fe544ced0f3@group-83CFD60236D8-LeaderElection82] INFO  impl.RoleInfo (RoleInfo.java:shutdownLeaderElection(134)) - 3989452c-7599-4156-9543-3fe544ced0f3: shutdown LeaderElection
2019-10-16 22:14:52,149 [3989452c-7599-4156-9543-3fe544ced0f3@group-83CFD60236D8-LeaderElection82] INFO  impl.RoleInfo (RoleInfo.java:updateAndGet(143)) - 3989452c-7599-4156-9543-3fe544ced0f3: start FollowerState
2019-10-16 22:14:52,277 [Thread-1436] INFO  impl.FollowerState (FollowerState.java:run(108)) - 3989452c-7599-4156-9543-3fe544ced0f3@group-83CFD60236D8-FollowerState: change to CANDIDATE, lastRpcTime:128ms, electionTimeout:128ms
2019-10-16 22:14:52,278 [Thread-1436] INFO  impl.RoleInfo (RoleInfo.java:shutdownFollowerState(121)) - 3989452c-7599-4156-9543-3fe544ced0f3: shutdown FollowerState
2019-10-16 22:14:52,278 [Thread-1436] INFO  impl.RaftServerImpl (RaftServerImpl.java:setRole(184)) - 3989452c-7599-4156-9543-3fe544ced0f3@group-83CFD60236D8: changes role from  FOLLOWER to CANDIDATE at term 75 for changeToCandidate
2019-10-16 22:14:52,278 [Thread-1436] INFO  impl.RoleInfo (RoleInfo.java:updateAndGet(143)) - 3989452c-7599-4156-9543-3fe544ced0f3: start LeaderElection
2019-10-16 22:14:52,292 [3989452c-7599-4156-9543-3fe544ced0f3@group-83CFD60236D8-LeaderElection83] INFO  impl.LeaderElection (LeaderElection.java:askForVotes(178)) - 3989452c-7599-4156-9543-3fe544ced0f3@group-83CFD60236D8-LeaderElection83: begin an election at term 76 for -1: [3989452c-7599-4156-9543-3fe544ced0f3:192.168.157.254:36320, eec99a0c-e1b1-4518-bc49-9d1a8c8e04d5:192.168.157.254:45598, d9e6ea44-93db-446f-8020-a94232284285:192.168.157.254:41671], old=null
2019-10-16 22:14:52,295 [grpc-default-executor-24] INFO  impl.RaftServerImpl (RaftServerImpl.java:setRole(184)) - eec99a0c-e1b1-4518-bc49-9d1a8c8e04d5@group-83CFD60236D8: changes role from  FOLLOWER to FOLLOWER at term 76 for recognizeCandidate:3989452c-7599-4156-9543-3fe544ced0f3
2019-10-16 22:14:52,295 [grpc-default-executor-18] INFO  impl.RaftServerImpl (RaftServerImpl.java:setRole(184)) - d9e6ea44-93db-446f-8020-a94232284285@group-83CFD60236D8: changes role from  FOLLOWER to FOLLOWER at term 76 for recognizeCandidate:3989452c-7599-4156-9543-3fe544ced0f3
2019-10-16 22:14:52,295 [grpc-default-executor-24] INFO  impl.RoleInfo (RoleInfo.java:shutdownFollowerState(121)) - eec99a0c-e1b1-4518-bc49-9d1a8c8e04d5: shutdown FollowerState
2019-10-16 22:14:52,296 [grpc-default-executor-18] INFO  impl.RoleInfo (RoleInfo.java:shutdownFollowerState(121)) - d9e6ea44-93db-446f-8020-a94232284285: shutdown FollowerState
2019-10-16 22:14:52,296 [grpc-default-executor-24] INFO  impl.RoleInfo (RoleInfo.java:updateAndGet(143)) - eec99a0c-e1b1-4518-bc49-9d1a8c8e04d5: start FollowerState
2019-10-16 22:14:52,296 [Thread-1434] INFO  impl.FollowerState (FollowerState.java:run(117)) - eec99a0c-e1b1-4518-bc49-9d1a8c8e04d5@group-83CFD60236D8-FollowerState was interrupted: java.lang.InterruptedException: sleep interrupted
2019-10-16 22:14:52,296 [grpc-default-executor-18] INFO  impl.RoleInfo (RoleInfo.java:updateAndGet(143)) - d9e6ea44-93db-446f-8020-a94232284285: start FollowerState
2019-10-16 22:14:52,296 [Thread-1435] INFO  impl.FollowerState (FollowerState.java:run(117)) - d9e6ea44-93db-446f-8020-a94232284285@group-83CFD60236D8-FollowerState was interrupted: java.lang.InterruptedException: sleep interrupted
2019-10-16 22:14:52,316 [3989452c-7599-4156-9543-3fe544ced0f3@group-83CFD60236D8-LeaderElection83] INFO  impl.LeaderElection (LeaderElection.java:logAndReturn(56)) - 3989452c-7599-4156-9543-3fe544ced0f3@group-83CFD60236D8-LeaderElection83: Election TIMEOUT; received 0 response(s) [] and 0 exception(s); 3989452c-7599-4156-9543-3fe544ced0f3@group-83CFD60236D8:t76, leader=null, voted=3989452c-7599-4156-9543-3fe544ced0f3, raftlog=3989452c-7599-4156-9543-3fe544ced0f3@group-83CFD60236D8-SegmentedRaftLog:OPENED:c-1,f-1,i0, conf=-1: [3989452c-7599-4156-9543-3fe544ced0f3:192.168.157.254:36320, eec99a0c-e1b1-4518-bc49-9d1a8c8e04d5:192.168.157.254:45598, d9e6ea44-93db-446f-8020-a94232284285:192.168.157.254:41671], old=null
2019-10-16 22:14:52,324 [3989452c-7599-4156-9543-3fe544ced0f3@group-83CFD60236D8-LeaderElection83] INFO  impl.LeaderElection (LeaderElection.java:askForVotes(178)) - 3989452c-7599-4156-9543-3fe544ced0f3@group-83CFD60236D8-LeaderElection83: begin an election at term 77 for -1: [3989452c-7599-4156-9543-3fe544ced0f3:192.168.157.254:36320, eec99a0c-e1b1-4518-bc49-9d1a8c8e04d5:192.168.157.254:45598, d9e6ea44-93db-446f-8020-a94232284285:192.168.157.254:41671], old=null
2019-10-16 22:14:52,326 [grpc-default-executor-18] INFO  impl.RaftServerImpl (RaftServerImpl.java:setRole(184)) - d9e6ea44-93db-446f-8020-a94232284285@group-83CFD60236D8: changes role from  FOLLOWER to FOLLOWER at term 77 for recognizeCandidate:3989452c-7599-4156-9543-3fe544ced0f3
2019-10-16 22:14:52,326 [grpc-default-executor-18] INFO  impl.RoleInfo (RoleInfo.java:shutdownFollowerState(121)) - d9e6ea44-93db-446f-8020-a94232284285: shutdown FollowerState
2019-10-16 22:14:52,326 [grpc-default-executor-24] INFO  impl.RaftServerImpl (RaftServerImpl.java:setRole(184)) - eec99a0c-e1b1-4518-bc49-9d1a8c8e04d5@group-83CFD60236D8: changes role from  FOLLOWER to FOLLOWER at term 77 for recognizeCandidate:3989452c-7599-4156-9543-3fe544ced0f3
2019-10-16 22:14:52,326 [grpc-default-executor-18] INFO  impl.RoleInfo (RoleInfo.java:updateAndGet(143)) - d9e6ea44-93db-446f-8020-a94232284285: start FollowerState
2019-10-16 22:14:52,326 [Thread-1441] INFO  impl.FollowerState (FollowerState.java:run(117)) - d9e6ea44-93db-446f-8020-a94232284285@group-83CFD60236D8-FollowerState was interrupted: java.lang.InterruptedException: sleep interrupted
2019-10-16 22:14:52,326 [grpc-default-executor-24] INFO  impl.RoleInfo (RoleInfo.java:shutdownFollowerState(121)) - eec99a0c-e1b1-4518-bc49-9d1a8c8e04d5: shutdown FollowerState
2019-10-16 22:14:52,326 [grpc-default-executor-24] INFO  impl.RoleInfo (RoleInfo.java:updateAndGet(143)) - eec99a0c-e1b1-4518-bc49-9d1a8c8e04d5: start FollowerState
2019-10-16 22:14:52,326 [Thread-1440] INFO  impl.FollowerState (FollowerState.java:run(117)) - eec99a0c-e1b1-4518-bc49-9d1a8c8e04d5@group-83CFD60236D8-FollowerState was interrupted: java.lang.InterruptedException: sleep interrupted
2019-10-16 22:14:52,337 [3989452c-7599-4156-9543-3fe544ced0f3@group-83CFD60236D8-LeaderElection83] INFO  impl.LeaderElection (LeaderElection.java:logAndReturn(56)) - 3989452c-7599-4156-9543-3fe544ced0f3@group-83CFD60236D8-LeaderElection83: Election REJECTED; received 2 response(s) [3989452c-7599-4156-9543-3fe544ced0f3<-eec99a0c-e1b1-4518-bc49-9d1a8c8e04d5#0:FAIL-t77, 3989452c-7599-4156-9543-3fe544ced0f3<-d9e6ea44-93db-446f-8020-a94232284285#0:FAIL-t77] and 0 exception(s); 3989452c-7599-4156-9543-3fe544ced0f3@group-83CFD60236D8:t77, leader=null, voted=3989452c-7599-4156-9543-3fe544ced0f3, raftlog=3989452c-7599-4156-9543-3fe544ced0f3@group-83CFD60236D8-SegmentedRaftLog:OPENED:c-1,f-1,i0, conf=-1: [3989452c-7599-4156-9543-3fe544ced0f3:192.168.157.254:36320, eec99a0c-e1b1-4518-bc49-9d1a8c8e04d5:192.168.157.254:45598, d9e6ea44-93db-446f-8020-a94232284285:192.168.157.254:41671], old=null
2019-10-16 22:14:52,337 [3989452c-7599-4156-9543-3fe544ced0f3@group-83CFD60236D8-LeaderElection83] INFO  impl.RaftServerImpl (RaftServerImpl.java:setRole(184)) - 3989452c-7599-4156-9543-3fe544ced0f3@group-83CFD60236D8: changes role from CANDIDATE to FOLLOWER at term 77 for DISCOVERED_A_NEW_TERM
2019-10-16 22:14:52,337 [3989452c-7599-4156-9543-3fe544ced0f3@group-83CFD60236D8-LeaderElection83] INFO  impl.RoleInfo (RoleInfo.java:shutdownLeaderElection(134)) - 3989452c-7599-4156-9543-3fe544ced0f3: shutdown LeaderElection
2019-10-16 22:14:52,337 [3989452c-7599-4156-9543-3fe544ced0f3@group-83CFD60236D8-LeaderElection83] INFO  impl.RoleInfo (RoleInfo.java:updateAndGet(143)) - 3989452c-7599-4156-9543-3fe544ced0f3: start FollowerState
2019-10-16 22:14:52,510 [Thread-1446] INFO  impl.FollowerState (FollowerState.java:run(108)) - 3989452c-7599-4156-9543-3fe544ced0f3@group-83CFD60236D8-FollowerState: change to CANDIDATE, lastRpcTime:172ms, electionTimeout:172ms
2019-10-16 22:14:52,511 [Thread-1446] INFO  impl.RoleInfo (RoleInfo.java:shutdownFollowerState(121)) - 3989452c-7599-4156-9543-3fe544ced0f3: shutdown FollowerState
2019-10-16 22:14:52,511 [Thread-1446] INFO  impl.RaftServerImpl (RaftServerImpl.java:setRole(184)) - 3989452c-7599-4156-9543-3fe544ced0f3@group-83CFD60236D8: changes role from  FOLLOWER to CANDIDATE at term 77 for changeToCandidate
2019-10-16 22:14:52,512 [Thread-1446] INFO  impl.RoleInfo (RoleInfo.java:updateAndGet(143)) - 3989452c-7599-4156-9543-3fe544ced0f3: start LeaderElection
2019-10-16 22:14:52,527 [3989452c-7599-4156-9543-3fe544ced0f3@group-83CFD60236D8-LeaderElection84] INFO  impl.LeaderElection (LeaderElection.java:askForVotes(178)) - 3989452c-7599-4156-9543-3fe544ced0f3@group-83CFD60236D8-LeaderElection84: begin an election at term 78 for -1: [3989452c-7599-4156-9543-3fe544ced0f3:192.168.157.254:36320, eec99a0c-e1b1-4518-bc49-9d1a8c8e04d5:192.168.157.254:45598, d9e6ea44-93db-446f-8020-a94232284285:192.168.157.254:41671], old=null
2019-10-16 22:14:52,532 [grpc-default-executor-18] INFO  impl.RaftServerImpl (RaftServerImpl.java:setRole(184)) - eec99a0c-e1b1-4518-bc49-9d1a8c8e04d5@group-83CFD60236D8: changes role from  FOLLOWER to FOLLOWER at term 78 for recognizeCandidate:3989452c-7599-4156-9543-3fe544ced0f3
2019-10-16 22:14:52,532 [grpc-default-executor-24] INFO  impl.RaftServerImpl (RaftServerImpl.java:setRole(184)) - d9e6ea44-93db-446f-8020-a94232284285@group-83CFD60236D8: changes role from  FOLLOWER to FOLLOWER at term 78 for recognizeCandidate:3989452c-7599-4156-9543-3fe544ced0f3
2019-10-16 22:14:52,532 [grpc-default-executor-18] INFO  impl.RoleInfo (RoleInfo.java:shutdownFollowerState(121)) - eec99a0c-e1b1-4518-bc49-9d1a8c8e04d5: shutdown FollowerState
2019-10-16 22:14:52,532 [grpc-default-executor-24] INFO  impl.RoleInfo (RoleInfo.java:shutdownFollowerState(121)) - d9e6ea44-93db-446f-8020-a94232284285: shutdown FollowerState
2019-10-16 22:14:52,532 [grpc-default-executor-18] INFO  impl.RoleInfo (RoleInfo.java:updateAndGet(143)) - eec99a0c-e1b1-4518-bc49-9d1a8c8e04d5: start FollowerState
2019-10-16 22:14:52,532 [grpc-default-executor-24] INFO  impl.RoleInfo (RoleInfo.java:updateAndGet(143)) - d9e6ea44-93db-446f-8020-a94232284285: start FollowerState
2019-10-16 22:14:52,532 [Thread-1445] INFO  impl.FollowerState (FollowerState.java:run(117)) - eec99a0c-e1b1-4518-bc49-9d1a8c8e04d5@group-83CFD60236D8-FollowerState was interrupted: java.lang.InterruptedException: sleep interrupted
2019-10-16 22:14:52,532 [Thread-1444] INFO  impl.FollowerState (FollowerState.java:run(117)) - d9e6ea44-93db-446f-8020-a94232284285@group-83CFD60236D8-FollowerState was interrupted: java.lang.InterruptedException: sleep interrupted
2019-10-16 22:14:52,533 [3989452c-7599-4156-9543-3fe544ced0f3@group-83CFD60236D8-LeaderElection84] INFO  impl.LeaderElection (LeaderElection.java:logAndReturn(56)) - 3989452c-7599-4156-9543-3fe544ced0f3@group-83CFD60236D8-LeaderElection84: Election TIMEOUT; received 0 response(s) [] and 0 exception(s); 3989452c-7599-4156-9543-3fe544ced0f3@group-83CFD60236D8:t78, leader=null, voted=3989452c-7599-4156-9543-3fe544ced0f3, raftlog=3989452c-7599-4156-9543-3fe544ced0f3@group-83CFD60236D8-SegmentedRaftLog:OPENED:c-1,f-1,i0, conf=-1: [3989452c-7599-4156-9543-3fe544ced0f3:192.168.157.254:36320, eec99a0c-e1b1-4518-bc49-9d1a8c8e04d5:192.168.157.254:45598, d9e6ea44-93db-446f-8020-a94232284285:192.168.157.254:41671], old=null
2019-10-16 22:14:52,558 [3989452c-7599-4156-9543-3fe544ced0f3@group-83CFD60236D8-LeaderElection84] INFO  impl.LeaderElection (LeaderElection.java:askForVotes(178)) - 3989452c-7599-4156-9543-3fe544ced0f3@group-83CFD60236D8-LeaderElection84: begin an election at term 79 for -1: [3989452c-7599-4156-9543-3fe544ced0f3:192.168.157.254:36320, eec99a0c-e1b1-4518-bc49-9d1a8c8e04d5:192.168.157.254:45598, d9e6ea44-93db-446f-8020-a94232284285:192.168.157.254:41671], old=null
2019-10-16 22:14:52,560 [grpc-default-executor-24] INFO  impl.RaftServerImpl (RaftServerImpl.java:setRole(184)) - eec99a0c-e1b1-4518-bc49-9d1a8c8e04d5@group-83CFD60236D8: changes role from  FOLLOWER to FOLLOWER at term 79 for recognizeCandidate:3989452c-7599-4156-9543-3fe544ced0f3
2019-10-16 22:14:52,560 [grpc-default-executor-18] INFO  impl.RaftServerImpl (RaftServerImpl.java:setRole(184)) - d9e6ea44-93db-446f-8020-a94232284285@group-83CFD60236D8: changes role from  FOLLOWER to FOLLOWER at term 79 for recognizeCandidate:3989452c-7599-4156-9543-3fe544ced0f3
2019-10-16 22:14:52,561 [grpc-default-executor-18] INFO  impl.RoleInfo (RoleInfo.java:shutdownFollowerState(121)) - d9e6ea44-93db-446f-8020-a94232284285: shutdown FollowerState
2019-10-16 22:14:52,561 [grpc-default-executor-24] INFO  impl.RoleInfo (RoleInfo.java:shutdownFollowerState(121)) - eec99a0c-e1b1-4518-bc49-9d1a8c8e04d5: shutdown FollowerState
2019-10-16 22:14:52,561 [Thread-1451] INFO  impl.FollowerState (FollowerState.java:run(117)) - d9e6ea44-93db-446f-8020-a94232284285@group-83CFD60236D8-FollowerState was interrupted: java.lang.InterruptedException: sleep interrupted
2019-10-16 22:14:52,561 [grpc-default-executor-18] INFO  impl.RoleInfo (RoleInfo.java:updateAndGet(143)) - d9e6ea44-93db-446f-8020-a94232284285: start FollowerState
2019-10-16 22:14:52,561 [Thread-1450] INFO  impl.FollowerState (FollowerState.java:run(117)) - eec99a0c-e1b1-4518-bc49-9d1a8c8e04d5@group-83CFD60236D8-FollowerState was interrupted: java.lang.InterruptedException: sleep interrupted
2019-10-16 22:14:52,561 [grpc-default-executor-24] INFO  impl.RoleInfo (RoleInfo.java:updateAndGet(143)) - eec99a0c-e1b1-4518-bc49-9d1a8c8e04d5: start FollowerState
2019-10-16 22:14:52,584 [3989452c-7599-4156-9543-3fe544ced0f3@group-83CFD60236D8-LeaderElection84] INFO  impl.LeaderElection (LeaderElection.java:logAndReturn(56)) - 3989452c-7599-4156-9543-3fe544ced0f3@group-83CFD60236D8-LeaderElection84: Election REJECTED; received 2 response(s) [3989452c-7599-4156-9543-3fe544ced0f3<-eec99a0c-e1b1-4518-bc49-9d1a8c8e04d5#0:FAIL-t79, 3989452c-7599-4156-9543-3fe544ced0f3<-d9e6ea44-93db-446f-8020-a94232284285#0:FAIL-t79] and 0 exception(s); 3989452c-7599-4156-9543-3fe544ced0f3@group-83CFD60236D8:t79, leader=null, voted=3989452c-7599-4156-9543-3fe544ced0f3, raftlog=3989452c-7599-4156-9543-3fe544ced0f3@group-83CFD60236D8-SegmentedRaftLog:OPENED:c-1,f-1,i0, conf=-1: [3989452c-7599-4156-9543-3fe544ced0f3:192.168.157.254:36320, eec99a0c-e1b1-4518-bc49-9d1a8c8e04d5:192.168.157.254:45598, d9e6ea44-93db-446f-8020-a94232284285:192.168.157.254:41671], old=null
2019-10-16 22:14:52,584 [3989452c-7599-4156-9543-3fe544ced0f3@group-83CFD60236D8-LeaderElection84] INFO  impl.RaftServerImpl (RaftServerImpl.java:setRole(184)) - 3989452c-7599-4156-9543-3fe544ced0f3@group-83CFD60236D8: changes role from CANDIDATE to FOLLOWER at term 79 for DISCOVERED_A_NEW_TERM
2019-10-16 22:14:52,584 [3989452c-7599-4156-9543-3fe544ced0f3@group-83CFD60236D8-LeaderElection84] INFO  impl.RoleInfo (RoleInfo.java:shutdownLeaderElection(134)) - 3989452c-7599-4156-9543-3fe544ced0f3: shutdown LeaderElection
2019-10-16 22:14:52,585 [3989452c-7599-4156-9543-3fe544ced0f3@group-83CFD60236D8-LeaderElection84] INFO  impl.RoleInfo (RoleInfo.java:updateAndGet(143)) - 3989452c-7599-4156-9543-3fe544ced0f3: start FollowerState
2019-10-16 22:14:52,699 [EventQueue-PipelineReportForPipelineReportHandler] INFO  pipeline.PipelineReportHandler (PipelineReportHandler.java:processPipelineReport(119)) - Pipeline PipelineID=1bd62df8-80bc-4ac0-888f-83cfd60236d8 reported by d9e6ea44-93db-446f-8020-a94232284285{ip: 192.168.157.254, host: pr-hdds-1868-qdb9g-714931517, networkLocation: /default-rack, certSerialId: null} with leaderId d9e6ea44-93db-446f-8020-a94232284285
2019-10-16 22:14:52,733 [Thread-1456] INFO  impl.FollowerState (FollowerState.java:run(108)) - 3989452c-7599-4156-9543-3fe544ced0f3@group-83CFD60236D8-FollowerState: change to CANDIDATE, lastRpcTime:148ms, electionTimeout:148ms
2019-10-16 22:14:52,733 [Thread-1456] INFO  impl.RoleInfo (RoleInfo.java:shutdownFollowerState(121)) - 3989452c-7599-4156-9543-3fe544ced0f3: shutdown FollowerState
2019-10-16 22:14:52,733 [Thread-1456] INFO  impl.RaftServerImpl (RaftServerImpl.java:setRole(184)) - 3989452c-7599-4156-9543-3fe544ced0f3@group-83CFD60236D8: changes role from  FOLLOWER to CANDIDATE at term 79 for changeToCandidate
2019-10-16 22:14:52,733 [Thread-1456] INFO  impl.RoleInfo (RoleInfo.java:updateAndGet(143)) - 3989452c-7599-4156-9543-3fe544ced0f3: start LeaderElection
2019-10-16 22:14:52,747 [3989452c-7599-4156-9543-3fe544ced0f3@group-83CFD60236D8-LeaderElection85] INFO  impl.LeaderElection (LeaderElection.java:askForVotes(178)) - 3989452c-7599-4156-9543-3fe544ced0f3@group-83CFD60236D8-LeaderElection85: begin an election at term 80 for -1: [3989452c-7599-4156-9543-3fe544ced0f3:192.168.157.254:36320, eec99a0c-e1b1-4518-bc49-9d1a8c8e04d5:192.168.157.254:45598, d9e6ea44-93db-446f-8020-a94232284285:192.168.157.254:41671], old=null
2019-10-16 22:14:52,748 [grpc-default-executor-18] INFO  impl.RaftServerImpl (RaftServerImpl.java:setRole(184)) - eec99a0c-e1b1-4518-bc49-9d1a8c8e04d5@group-83CFD60236D8: changes role from  FOLLOWER to FOLLOWER at term 80 for recognizeCandidate:3989452c-7599-4156-9543-3fe544ced0f3
2019-10-16 22:14:52,748 [grpc-default-executor-18] INFO  impl.RoleInfo (RoleInfo.java:shutdownFollowerState(121)) - eec99a0c-e1b1-4518-bc49-9d1a8c8e04d5: shutdown FollowerState
2019-10-16 22:14:52,749 [grpc-default-executor-18] INFO  impl.RoleInfo (RoleInfo.java:updateAndGet(143)) - eec99a0c-e1b1-4518-bc49-9d1a8c8e04d5: start FollowerState
2019-10-16 22:14:52,749 [Thread-1455] INFO  impl.FollowerState (FollowerState.java:run(117)) - eec99a0c-e1b1-4518-bc49-9d1a8c8e04d5@group-83CFD60236D8-FollowerState was interrupted: java.lang.InterruptedException: sleep interrupted
2019-10-16 22:14:52,749 [grpc-default-executor-24] INFO  impl.RaftServerImpl (RaftServerImpl.java:setRole(184)) - d9e6ea44-93db-446f-8020-a94232284285@group-83CFD60236D8: changes role from  FOLLOWER to FOLLOWER at term 80 for recognizeCandidate:3989452c-7599-4156-9543-3fe544ced0f3
2019-10-16 22:14:52,749 [grpc-default-executor-24] INFO  impl.RoleInfo (RoleInfo.java:shutdownFollowerState(121)) - d9e6ea44-93db-446f-8020-a94232284285: shutdown FollowerState
2019-10-16 22:14:52,749 [grpc-default-executor-24] INFO  impl.RoleInfo (RoleInfo.java:updateAndGet(143)) - d9e6ea44-93db-446f-8020-a94232284285: start FollowerState
2019-10-16 22:14:52,749 [Thread-1454] INFO  impl.FollowerState (FollowerState.java:run(117)) - d9e6ea44-93db-446f-8020-a94232284285@group-83CFD60236D8-FollowerState was interrupted: java.lang.InterruptedException: sleep interrupted
2019-10-16 22:14:52,775 [3989452c-7599-4156-9543-3fe544ced0f3@group-83CFD60236D8-LeaderElection85] INFO  impl.LeaderElection (LeaderElection.java:logAndReturn(56)) - 3989452c-7599-4156-9543-3fe544ced0f3@group-83CFD60236D8-LeaderElection85: Election REJECTED; received 2 response(s) [3989452c-7599-4156-9543-3fe544ced0f3<-eec99a0c-e1b1-4518-bc49-9d1a8c8e04d5#0:FAIL-t80, 3989452c-7599-4156-9543-3fe544ced0f3<-d9e6ea44-93db-446f-8020-a94232284285#0:FAIL-t80] and 0 exception(s); 3989452c-7599-4156-9543-3fe544ced0f3@group-83CFD60236D8:t80, leader=null, voted=3989452c-7599-4156-9543-3fe544ced0f3, raftlog=3989452c-7599-4156-9543-3fe544ced0f3@group-83CFD60236D8-SegmentedRaftLog:OPENED:c-1,f-1,i0, conf=-1: [3989452c-7599-4156-9543-3fe544ced0f3:192.168.157.254:36320, eec99a0c-e1b1-4518-bc49-9d1a8c8e04d5:192.168.157.254:45598, d9e6ea44-93db-446f-8020-a94232284285:192.168.157.254:41671], old=null
2019-10-16 22:14:52,775 [3989452c-7599-4156-9543-3fe544ced0f3@group-83CFD60236D8-LeaderElection85] INFO  impl.RaftServerImpl (RaftServerImpl.java:setRole(184)) - 3989452c-7599-4156-9543-3fe544ced0f3@group-83CFD60236D8: changes role from CANDIDATE to FOLLOWER at term 80 for DISCOVERED_A_NEW_TERM
2019-10-16 22:14:52,775 [3989452c-7599-4156-9543-3fe544ced0f3@group-83CFD60236D8-LeaderElection85] INFO  impl.RoleInfo (RoleInfo.java:shutdownLeaderElection(134)) - 3989452c-7599-4156-9543-3fe544ced0f3: shutdown LeaderElection
2019-10-16 22:14:52,775 [3989452c-7599-4156-9543-3fe544ced0f3@group-83CFD60236D8-LeaderElection85] INFO  impl.RoleInfo (RoleInfo.java:updateAndGet(143)) - 3989452c-7599-4156-9543-3fe544ced0f3: start FollowerState
2019-10-16 22:14:52,799 [grpc-default-executor-23] INFO  impl.FollowerInfo (FollowerInfo.java:lambda$new$0(51)) - d9e6ea44-93db-446f-8020-a94232284285@group-83CFD60236D8->3989452c-7599-4156-9543-3fe544ced0f3: nextIndex: updateUnconditionally 0 -> 0
2019-10-16 22:14:52,904 [Thread-1462] INFO  impl.FollowerState (FollowerState.java:run(108)) - 3989452c-7599-4156-9543-3fe544ced0f3@group-83CFD60236D8-FollowerState: change to CANDIDATE, lastRpcTime:129ms, electionTimeout:129ms
2019-10-16 22:14:52,905 [Thread-1462] INFO  impl.RoleInfo (RoleInfo.java:shutdownFollowerState(121)) - 3989452c-7599-4156-9543-3fe544ced0f3: shutdown FollowerState
2019-10-16 22:14:52,905 [Thread-1462] INFO  impl.RaftServerImpl (RaftServerImpl.java:setRole(184)) - 3989452c-7599-4156-9543-3fe544ced0f3@group-83CFD60236D8: changes role from  FOLLOWER to CANDIDATE at term 80 for changeToCandidate
2019-10-16 22:14:52,905 [Thread-1462] INFO  impl.RoleInfo (RoleInfo.java:updateAndGet(143)) - 3989452c-7599-4156-9543-3fe544ced0f3: start LeaderElection
2019-10-16 22:14:52,919 [3989452c-7599-4156-9543-3fe544ced0f3@group-83CFD60236D8-LeaderElection86] INFO  impl.LeaderElection (LeaderElection.java:askForVotes(178)) - 3989452c-7599-4156-9543-3fe544ced0f3@group-83CFD60236D8-LeaderElection86: begin an election at term 81 for -1: [3989452c-7599-4156-9543-3fe544ced0f3:192.168.157.254:36320, eec99a0c-e1b1-4518-bc49-9d1a8c8e04d5:192.168.157.254:45598, d9e6ea44-93db-446f-8020-a94232284285:192.168.157.254:41671], old=null
2019-10-16 22:14:52,920 [grpc-default-executor-23] INFO  impl.RaftServerImpl (RaftServerImpl.java:setRole(184)) - eec99a0c-e1b1-4518-bc49-9d1a8c8e04d5@group-83CFD60236D8: changes role from  FOLLOWER to FOLLOWER at term 81 for recognizeCandidate:3989452c-7599-4156-9543-3fe544ced0f3
2019-10-16 22:14:52,920 [grpc-default-executor-18] INFO  impl.RaftServerImpl (RaftServerImpl.java:setRole(184)) - d9e6ea44-93db-446f-8020-a94232284285@group-83CFD60236D8: changes role from  FOLLOWER to FOLLOWER at term 81 for recognizeCandidate:3989452c-7599-4156-9543-3fe544ced0f3
2019-10-16 22:14:52,921 [grpc-default-executor-23] INFO  impl.RoleInfo (RoleInfo.java:shutdownFollowerState(121)) - eec99a0c-e1b1-4518-bc49-9d1a8c8e04d5: shutdown FollowerState
2019-10-16 22:14:52,921 [grpc-default-executor-18] INFO  impl.RoleInfo (RoleInfo.java:shutdownFollowerState(121)) - d9e6ea44-93db-446f-8020-a94232284285: shutdown FollowerState
2019-10-16 22:14:52,921 [Thread-1460] INFO  impl.FollowerState (FollowerState.java:run(117)) - eec99a0c-e1b1-4518-bc49-9d1a8c8e04d5@group-83CFD60236D8-FollowerState was interrupted: java.lang.InterruptedException: sleep interrupted
2019-10-16 22:14:52,921 [grpc-default-executor-23] INFO  impl.RoleInfo (RoleInfo.java:updateAndGet(143)) - eec99a0c-e1b1-4518-bc49-9d1a8c8e04d5: start FollowerState
2019-10-16 22:14:52,921 [Thread-1461] INFO  impl.FollowerState (FollowerState.java:run(117)) - d9e6ea44-93db-446f-8020-a94232284285@group-83CFD60236D8-FollowerState was interrupted: java.lang.InterruptedException: sleep interrupted
2019-10-16 22:14:52,921 [grpc-default-executor-18] INFO  impl.RoleInfo (RoleInfo.java:updateAndGet(143)) - d9e6ea44-93db-446f-8020-a94232284285: start FollowerState
2019-10-16 22:14:52,936 [3989452c-7599-4156-9543-3fe544ced0f3@group-83CFD60236D8-LeaderElection86] INFO  impl.LeaderElection (LeaderElection.java:logAndReturn(56)) - 3989452c-7599-4156-9543-3fe544ced0f3@group-83CFD60236D8-LeaderElection86: Election REJECTED; received 2 response(s) [3989452c-7599-4156-9543-3fe544ced0f3<-eec99a0c-e1b1-4518-bc49-9d1a8c8e04d5#0:FAIL-t81, 3989452c-7599-4156-9543-3fe544ced0f3<-d9e6ea44-93db-446f-8020-a94232284285#0:FAIL-t81] and 0 exception(s); 3989452c-7599-4156-9543-3fe544ced0f3@group-83CFD60236D8:t81, leader=null, voted=3989452c-7599-4156-9543-3fe544ced0f3, raftlog=3989452c-7599-4156-9543-3fe544ced0f3@group-83CFD60236D8-SegmentedRaftLog:OPENED:c-1,f-1,i0, conf=-1: [3989452c-7599-4156-9543-3fe544ced0f3:192.168.157.254:36320, eec99a0c-e1b1-4518-bc49-9d1a8c8e04d5:192.168.157.254:45598, d9e6ea44-93db-446f-8020-a94232284285:192.168.157.254:41671], old=null
2019-10-16 22:14:52,936 [3989452c-7599-4156-9543-3fe544ced0f3@group-83CFD60236D8-LeaderElection86] INFO  impl.RaftServerImpl (RaftServerImpl.java:setRole(184)) - 3989452c-7599-4156-9543-3fe544ced0f3@group-83CFD60236D8: changes role from CANDIDATE to FOLLOWER at term 81 for DISCOVERED_A_NEW_TERM
2019-10-16 22:14:52,936 [3989452c-7599-4156-9543-3fe544ced0f3@group-83CFD60236D8-LeaderElection86] INFO  impl.RoleInfo (RoleInfo.java:shutdownLeaderElection(134)) - 3989452c-7599-4156-9543-3fe544ced0f3: shutdown LeaderElection
2019-10-16 22:14:52,936 [3989452c-7599-4156-9543-3fe544ced0f3@group-83CFD60236D8-LeaderElection86] INFO  impl.RoleInfo (RoleInfo.java:updateAndGet(143)) - 3989452c-7599-4156-9543-3fe544ced0f3: start FollowerState
 0.00% |?                                                                                                    |  0/1 Time: 0:06:092019-10-16 22:14:53,056 [Thread-1468] INFO  impl.FollowerState (FollowerState.java:run(108)) - 3989452c-7599-4156-9543-3fe544ced0f3@group-83CFD60236D8-FollowerState: change to CANDIDATE, lastRpcTime:119ms, electionTimeout:119ms
2019-10-16 22:14:53,056 [Thread-1468] INFO  impl.RoleInfo (RoleInfo.java:shutdownFollowerState(121)) - 3989452c-7599-4156-9543-3fe544ced0f3: shutdown FollowerState
2019-10-16 22:14:53,056 [Thread-1468] INFO  impl.RaftServerImpl (RaftServerImpl.java:setRole(184)) - 3989452c-7599-4156-9543-3fe544ced0f3@group-83CFD60236D8: changes role from  FOLLOWER to CANDIDATE at term 81 for changeToCandidate
2019-10-16 22:14:53,057 [Thread-1468] INFO  impl.RoleInfo (RoleInfo.java:updateAndGet(143)) - 3989452c-7599-4156-9543-3fe544ced0f3: start LeaderElection
2019-10-16 22:14:53,073 [3989452c-7599-4156-9543-3fe544ced0f3@group-83CFD60236D8-LeaderElection87] INFO  impl.LeaderElection (LeaderElection.java:askForVotes(178)) - 3989452c-7599-4156-9543-3fe544ced0f3@group-83CFD60236D8-LeaderElection87: begin an election at term 82 for -1: [3989452c-7599-4156-9543-3fe544ced0f3:192.168.157.254:36320, eec99a0c-e1b1-4518-bc49-9d1a8c8e04d5:192.168.157.254:45598, d9e6ea44-93db-446f-8020-a94232284285:192.168.157.254:41671], old=null
2019-10-16 22:14:53,075 [grpc-default-executor-23] INFO  impl.RaftServerImpl (RaftServerImpl.java:setRole(184)) - d9e6ea44-93db-446f-8020-a94232284285@group-83CFD60236D8: changes role from  FOLLOWER to FOLLOWER at term 82 for recognizeCandidate:3989452c-7599-4156-9543-3fe544ced0f3
2019-10-16 22:14:53,075 [grpc-default-executor-18] INFO  impl.RaftServerImpl (RaftServerImpl.java:setRole(184)) - eec99a0c-e1b1-4518-bc49-9d1a8c8e04d5@group-83CFD60236D8: changes role from  FOLLOWER to FOLLOWER at term 82 for recognizeCandidate:3989452c-7599-4156-9543-3fe544ced0f3
2019-10-16 22:14:53,076 [grpc-default-executor-23] INFO  impl.RoleInfo (RoleInfo.java:shutdownFollowerState(121)) - d9e6ea44-93db-446f-8020-a94232284285: shutdown FollowerState
2019-10-16 22:14:53,076 [grpc-default-executor-18] INFO  impl.RoleInfo (RoleInfo.java:shutdownFollowerState(121)) - eec99a0c-e1b1-4518-bc49-9d1a8c8e04d5: shutdown FollowerState
2019-10-16 22:14:53,076 [grpc-default-executor-23] INFO  impl.RoleInfo (RoleInfo.java:updateAndGet(143)) - d9e6ea44-93db-446f-8020-a94232284285: start FollowerState
2019-10-16 22:14:53,076 [Thread-1466] INFO  impl.FollowerState (FollowerState.java:run(117)) - eec99a0c-e1b1-4518-bc49-9d1a8c8e04d5@group-83CFD60236D8-FollowerState was interrupted: java.lang.InterruptedException: sleep interrupted
2019-10-16 22:14:53,076 [grpc-default-executor-18] INFO  impl.RoleInfo (RoleInfo.java:updateAndGet(143)) - eec99a0c-e1b1-4518-bc49-9d1a8c8e04d5: start FollowerState
2019-10-16 22:14:53,076 [Thread-1467] INFO  impl.FollowerState (FollowerState.java:run(117)) - d9e6ea44-93db-446f-8020-a94232284285@group-83CFD60236D8-FollowerState was interrupted: java.lang.InterruptedException: sleep interrupted
2019-10-16 22:14:53,100 [3989452c-7599-4156-9543-3fe544ced0f3@group-83CFD60236D8-LeaderElection87] INFO  impl.LeaderElection (LeaderElection.java:logAndReturn(56)) - 3989452c-7599-4156-9543-3fe544ced0f3@group-83CFD60236D8-LeaderElection87: Election REJECTED; received 2 response(s) [3989452c-7599-4156-9543-3fe544ced0f3<-eec99a0c-e1b1-4518-bc49-9d1a8c8e04d5#0:FAIL-t82, 3989452c-7599-4156-9543-3fe544ced0f3<-d9e6ea44-93db-446f-8020-a94232284285#0:FAIL-t82] and 0 exception(s); 3989452c-7599-4156-9543-3fe544ced0f3@group-83CFD60236D8:t82, leader=null, voted=3989452c-7599-4156-9543-3fe544ced0f3, raftlog=3989452c-7599-4156-9543-3fe544ced0f3@group-83CFD60236D8-SegmentedRaftLog:OPENED:c-1,f-1,i0, conf=-1: [3989452c-7599-4156-9543-3fe544ced0f3:192.168.157.254:36320, eec99a0c-e1b1-4518-bc49-9d1a8c8e04d5:192.168.157.254:45598, d9e6ea44-93db-446f-8020-a94232284285:192.168.157.254:41671], old=null
2019-10-16 22:14:53,100 [3989452c-7599-4156-9543-3fe544ced0f3@group-83CFD60236D8-LeaderElection87] INFO  impl.RaftServerImpl (RaftServerImpl.java:setRole(184)) - 3989452c-7599-4156-9543-3fe544ced0f3@group-83CFD60236D8: changes role from CANDIDATE to FOLLOWER at term 82 for DISCOVERED_A_NEW_TERM
2019-10-16 22:14:53,100 [3989452c-7599-4156-9543-3fe544ced0f3@group-83CFD60236D8-LeaderElection87] INFO  impl.RoleInfo (RoleInfo.java:shutdownLeaderElection(134)) - 3989452c-7599-4156-9543-3fe544ced0f3: shutdown LeaderElection
2019-10-16 22:14:53,100 [3989452c-7599-4156-9543-3fe544ced0f3@group-83CFD60236D8-LeaderElection87] INFO  impl.RoleInfo (RoleInfo.java:updateAndGet(143)) - 3989452c-7599-4156-9543-3fe544ced0f3: start FollowerState
2019-10-16 22:14:53,203 [Thread-1474] INFO  impl.FollowerState (FollowerState.java:run(108)) - 3989452c-7599-4156-9543-3fe544ced0f3@group-83CFD60236D8-FollowerState: change to CANDIDATE, lastRpcTime:102ms, electionTimeout:102ms
2019-10-16 22:14:53,203 [Thread-1474] INFO  impl.RoleInfo (RoleInfo.java:shutdownFollowerState(121)) - 3989452c-7599-4156-9543-3fe544ced0f3: shutdown FollowerState
2019-10-16 22:14:53,203 [Thread-1474] INFO  impl.RaftServerImpl (RaftServerImpl.java:setRole(184)) - 3989452c-7599-4156-9543-3fe544ced0f3@group-83CFD60236D8: changes role from  FOLLOWER to CANDIDATE at term 82 for changeToCandidate
2019-10-16 22:14:53,203 [Thread-1474] INFO  impl.RoleInfo (RoleInfo.java:updateAndGet(143)) - 3989452c-7599-4156-9543-3fe544ced0f3: start LeaderElection
2019-10-16 22:14:53,226 [3989452c-7599-4156-9543-3fe544ced0f3@group-83CFD60236D8-LeaderElection88] INFO  impl.LeaderElection (LeaderElection.java:askForVotes(178)) - 3989452c-7599-4156-9543-3fe544ced0f3@group-83CFD60236D8-LeaderElection88: begin an election at term 83 for -1: [3989452c-7599-4156-9543-3fe544ced0f3:192.168.157.254:36320, eec99a0c-e1b1-4518-bc49-9d1a8c8e04d5:192.168.157.254:45598, d9e6ea44-93db-446f-8020-a94232284285:192.168.157.254:41671], old=null
2019-10-16 22:14:53,228 [grpc-default-executor-23] INFO  impl.RaftServerImpl (RaftServerImpl.java:setRole(184)) - eec99a0c-e1b1-4518-bc49-9d1a8c8e04d5@group-83CFD60236D8: changes role from  FOLLOWER to FOLLOWER at term 83 for recognizeCandidate:3989452c-7599-4156-9543-3fe544ced0f3
2019-10-16 22:14:53,228 [grpc-default-executor-18] INFO  impl.RaftServerImpl (RaftServerImpl.java:setRole(184)) - d9e6ea44-93db-446f-8020-a94232284285@group-83CFD60236D8: changes role from  FOLLOWER to FOLLOWER at term 83 for recognizeCandidate:3989452c-7599-4156-9543-3fe544ced0f3
2019-10-16 22:14:53,228 [grpc-default-executor-23] INFO  impl.RoleInfo (RoleInfo.java:shutdownFollowerState(121)) - eec99a0c-e1b1-4518-bc49-9d1a8c8e04d5: shutdown FollowerState
2019-10-16 22:14:53,229 [grpc-default-executor-18] INFO  impl.RoleInfo (RoleInfo.java:shutdownFollowerState(121)) - d9e6ea44-93db-446f-8020-a94232284285: shutdown FollowerState
2019-10-16 22:14:53,229 [grpc-default-executor-23] INFO  impl.RoleInfo (RoleInfo.java:updateAndGet(143)) - eec99a0c-e1b1-4518-bc49-9d1a8c8e04d5: start FollowerState
2019-10-16 22:14:53,229 [Thread-1472] INFO  impl.FollowerState (FollowerState.java:run(117)) - d9e6ea44-93db-446f-8020-a94232284285@group-83CFD60236D8-FollowerState was interrupted: java.lang.InterruptedException: sleep interrupted
2019-10-16 22:14:53,229 [Thread-1473] INFO  impl.FollowerState (FollowerState.java:run(117)) - eec99a0c-e1b1-4518-bc49-9d1a8c8e04d5@group-83CFD60236D8-FollowerState was interrupted: java.lang.InterruptedException: sleep interrupted
2019-10-16 22:14:53,229 [grpc-default-executor-18] INFO  impl.RoleInfo (RoleInfo.java:updateAndGet(143)) - d9e6ea44-93db-446f-8020-a94232284285: start FollowerState
2019-10-16 22:14:53,244 [3989452c-7599-4156-9543-3fe544ced0f3@group-83CFD60236D8-LeaderElection88] INFO  impl.LeaderElection (LeaderElection.java:logAndReturn(56)) - 3989452c-7599-4156-9543-3fe544ced0f3@group-83CFD60236D8-LeaderElection88: Election REJECTED; received 2 response(s) [3989452c-7599-4156-9543-3fe544ced0f3<-eec99a0c-e1b1-4518-bc49-9d1a8c8e04d5#0:FAIL-t83, 3989452c-7599-4156-9543-3fe544ced0f3<-d9e6ea44-93db-446f-8020-a94232284285#0:FAIL-t83] and 0 exception(s); 3989452c-7599-4156-9543-3fe544ced0f3@group-83CFD60236D8:t83, leader=null, voted=3989452c-7599-4156-9543-3fe544ced0f3, raftlog=3989452c-7599-4156-9543-3fe544ced0f3@group-83CFD60236D8-SegmentedRaftLog:OPENED:c-1,f-1,i0, conf=-1: [3989452c-7599-4156-9543-3fe544ced0f3:192.168.157.254:36320, eec99a0c-e1b1-4518-bc49-9d1a8c8e04d5:192.168.157.254:45598, d9e6ea44-93db-446f-8020-a94232284285:192.168.157.254:41671], old=null
2019-10-16 22:14:53,244 [3989452c-7599-4156-9543-3fe544ced0f3@group-83CFD60236D8-LeaderElection88] INFO  impl.RaftServerImpl (RaftServerImpl.java:setRole(184)) - 3989452c-7599-4156-9543-3fe544ced0f3@group-83CFD60236D8: changes role from CANDIDATE to FOLLOWER at term 83 for DISCOVERED_A_NEW_TERM
2019-10-16 22:14:53,245 [3989452c-7599-4156-9543-3fe544ced0f3@group-83CFD60236D8-LeaderElection88] INFO  impl.RoleInfo (RoleInfo.java:shutdownLeaderElection(134)) - 3989452c-7599-4156-9543-3fe544ced0f3: shutdown LeaderElection
2019-10-16 22:14:53,245 [3989452c-7599-4156-9543-3fe544ced0f3@group-83CFD60236D8-LeaderElection88] INFO  impl.RoleInfo (RoleInfo.java:updateAndGet(143)) - 3989452c-7599-4156-9543-3fe544ced0f3: start FollowerState
2019-10-16 22:14:53,341 [Thread-1480] INFO  impl.FollowerState (FollowerState.java:run(108)) - 3989452c-7599-4156-9543-3fe544ced0f3@group-83CFD60236D8-FollowerState: change to CANDIDATE, lastRpcTime:96ms, electionTimeout:96ms
2019-10-16 22:14:53,341 [Thread-1480] INFO  impl.RoleInfo (RoleInfo.java:shutdownFollowerState(121)) - 3989452c-7599-4156-9543-3fe544ced0f3: shutdown FollowerState
2019-10-16 22:14:53,342 [Thread-1480] INFO  impl.RaftServerImpl (RaftServerImpl.java:setRole(184)) - 3989452c-7599-4156-9543-3fe544ced0f3@group-83CFD60236D8: changes role from  FOLLOWER to CANDIDATE at term 83 for changeToCandidate
2019-10-16 22:14:53,342 [Thread-1480] INFO  impl.RoleInfo (RoleInfo.java:updateAndGet(143)) - 3989452c-7599-4156-9543-3fe544ced0f3: start LeaderElection
2019-10-16 22:14:53,357 [3989452c-7599-4156-9543-3fe544ced0f3@group-83CFD60236D8-LeaderElection89] INFO  impl.LeaderElection (LeaderElection.java:askForVotes(178)) - 3989452c-7599-4156-9543-3fe544ced0f3@group-83CFD60236D8-LeaderElection89: begin an election at term 84 for -1: [3989452c-7599-4156-9543-3fe544ced0f3:192.168.157.254:36320, eec99a0c-e1b1-4518-bc49-9d1a8c8e04d5:192.168.157.254:45598, d9e6ea44-93db-446f-8020-a94232284285:192.168.157.254:41671], old=null
2019-10-16 22:14:53,359 [grpc-default-executor-23] INFO  impl.RaftServerImpl (RaftServerImpl.java:setRole(184)) - eec99a0c-e1b1-4518-bc49-9d1a8c8e04d5@group-83CFD60236D8: changes role from  FOLLOWER to FOLLOWER at term 84 for recognizeCandidate:3989452c-7599-4156-9543-3fe544ced0f3
2019-10-16 22:14:53,359 [grpc-default-executor-18] INFO  impl.RaftServerImpl (RaftServerImpl.java:setRole(184)) - d9e6ea44-93db-446f-8020-a94232284285@group-83CFD60236D8: changes role from  FOLLOWER to FOLLOWER at term 84 for recognizeCandidate:3989452c-7599-4156-9543-3fe544ced0f3
2019-10-16 22:14:53,360 [grpc-default-executor-23] INFO  impl.RoleInfo (RoleInfo.java:shutdownFollowerState(121)) - eec99a0c-e1b1-4518-bc49-9d1a8c8e04d5: shutdown FollowerState
2019-10-16 22:14:53,360 [grpc-default-executor-18] INFO  impl.RoleInfo (RoleInfo.java:shutdownFollowerState(121)) - d9e6ea44-93db-446f-8020-a94232284285: shutdown FollowerState
2019-10-16 22:14:53,360 [grpc-default-executor-23] INFO  impl.RoleInfo (RoleInfo.java:updateAndGet(143)) - eec99a0c-e1b1-4518-bc49-9d1a8c8e04d5: start FollowerState
2019-10-16 22:14:53,360 [grpc-default-executor-18] INFO  impl.RoleInfo (RoleInfo.java:updateAndGet(143)) - d9e6ea44-93db-446f-8020-a94232284285: start FollowerState
2019-10-16 22:14:53,360 [Thread-1478] INFO  impl.FollowerState (FollowerState.java:run(117)) - eec99a0c-e1b1-4518-bc49-9d1a8c8e04d5@group-83CFD60236D8-FollowerState was interrupted: java.lang.InterruptedException: sleep interrupted
2019-10-16 22:14:53,360 [Thread-1479] INFO  impl.FollowerState (FollowerState.java:run(117)) - d9e6ea44-93db-446f-8020-a94232284285@group-83CFD60236D8-FollowerState was interrupted: java.lang.InterruptedException: sleep interrupted
2019-10-16 22:14:53,383 [3989452c-7599-4156-9543-3fe544ced0f3@group-83CFD60236D8-LeaderElection89] INFO  impl.LeaderElection (LeaderElection.java:logAndReturn(56)) - 3989452c-7599-4156-9543-3fe544ced0f3@group-83CFD60236D8-LeaderElection89: Election REJECTED; received 2 response(s) [3989452c-7599-4156-9543-3fe544ced0f3<-eec99a0c-e1b1-4518-bc49-9d1a8c8e04d5#0:FAIL-t84, 3989452c-7599-4156-9543-3fe544ced0f3<-d9e6ea44-93db-446f-8020-a94232284285#0:FAIL-t84] and 0 exception(s); 3989452c-7599-4156-9543-3fe544ced0f3@group-83CFD60236D8:t84, leader=null, voted=3989452c-7599-4156-9543-3fe544ced0f3, raftlog=3989452c-7599-4156-9543-3fe544ced0f3@group-83CFD60236D8-SegmentedRaftLog:OPENED:c-1,f-1,i0, conf=-1: [3989452c-7599-4156-9543-3fe544ced0f3:192.168.157.254:36320, eec99a0c-e1b1-4518-bc49-9d1a8c8e04d5:192.168.157.254:45598, d9e6ea44-93db-446f-8020-a94232284285:192.168.157.254:41671], old=null
2019-10-16 22:14:53,383 [3989452c-7599-4156-9543-3fe544ced0f3@group-83CFD60236D8-LeaderElection89] INFO  impl.RaftServerImpl (RaftServerImpl.java:setRole(184)) - 3989452c-7599-4156-9543-3fe544ced0f3@group-83CFD60236D8: changes role from CANDIDATE to FOLLOWER at term 84 for DISCOVERED_A_NEW_TERM
2019-10-16 22:14:53,384 [3989452c-7599-4156-9543-3fe544ced0f3@group-83CFD60236D8-LeaderElection89] INFO  impl.RoleInfo (RoleInfo.java:shutdownLeaderElection(134)) - 3989452c-7599-4156-9543-3fe544ced0f3: shutdown LeaderElection
2019-10-16 22:14:53,384 [3989452c-7599-4156-9543-3fe544ced0f3@group-83CFD60236D8-LeaderElection89] INFO  impl.RoleInfo (RoleInfo.java:updateAndGet(143)) - 3989452c-7599-4156-9543-3fe544ced0f3: start FollowerState
2019-10-16 22:14:53,486 [Thread-1486] INFO  impl.FollowerState (FollowerState.java:run(108)) - 3989452c-7599-4156-9543-3fe544ced0f3@group-83CFD60236D8-FollowerState: change to CANDIDATE, lastRpcTime:102ms, electionTimeout:102ms
2019-10-16 22:14:53,486 [Thread-1486] INFO  impl.RoleInfo (RoleInfo.java:shutdownFollowerState(121)) - 3989452c-7599-4156-9543-3fe544ced0f3: shutdown FollowerState
2019-10-16 22:14:53,486 [Thread-1486] INFO  impl.RaftServerImpl (RaftServerImpl.java:setRole(184)) - 3989452c-7599-4156-9543-3fe544ced0f3@group-83CFD60236D8: changes role from  FOLLOWER to CANDIDATE at term 84 for changeToCandidate
2019-10-16 22:14:53,487 [Thread-1486] INFO  impl.RoleInfo (RoleInfo.java:updateAndGet(143)) - 3989452c-7599-4156-9543-3fe544ced0f3: start LeaderElection
2019-10-16 22:14:53,501 [3989452c-7599-4156-9543-3fe544ced0f3@group-83CFD60236D8-LeaderElection90] INFO  impl.LeaderElection (LeaderElection.java:askForVotes(178)) - 3989452c-7599-4156-9543-3fe544ced0f3@group-83CFD60236D8-LeaderElection90: begin an election at term 85 for -1: [3989452c-7599-4156-9543-3fe544ced0f3:192.168.157.254:36320, eec99a0c-e1b1-4518-bc49-9d1a8c8e04d5:192.168.157.254:45598, d9e6ea44-93db-446f-8020-a94232284285:192.168.157.254:41671], old=null
2019-10-16 22:14:53,503 [grpc-default-executor-23] INFO  impl.RaftServerImpl (RaftServerImpl.java:setRole(184)) - eec99a0c-e1b1-4518-bc49-9d1a8c8e04d5@group-83CFD60236D8: changes role from  FOLLOWER to FOLLOWER at term 85 for recognizeCandidate:3989452c-7599-4156-9543-3fe544ced0f3
2019-10-16 22:14:53,503 [grpc-default-executor-18] INFO  impl.RaftServerImpl (RaftServerImpl.java:setRole(184)) - d9e6ea44-93db-446f-8020-a94232284285@group-83CFD60236D8: changes role from  FOLLOWER to FOLLOWER at term 85 for recognizeCandidate:3989452c-7599-4156-9543-3fe544ced0f3
2019-10-16 22:14:53,503 [grpc-default-executor-23] INFO  impl.RoleInfo (RoleInfo.java:shutdownFollowerState(121)) - eec99a0c-e1b1-4518-bc49-9d1a8c8e04d5: shutdown FollowerState
2019-10-16 22:14:53,503 [grpc-default-executor-18] INFO  impl.RoleInfo (RoleInfo.java:shutdownFollowerState(121)) - d9e6ea44-93db-446f-8020-a94232284285: shutdown FollowerState
2019-10-16 22:14:53,504 [Thread-1484] INFO  impl.FollowerState (FollowerState.java:run(117)) - eec99a0c-e1b1-4518-bc49-9d1a8c8e04d5@group-83CFD60236D8-FollowerState was interrupted: java.lang.InterruptedException: sleep interrupted
2019-10-16 22:14:53,504 [grpc-default-executor-18] INFO  impl.RoleInfo (RoleInfo.java:updateAndGet(143)) - d9e6ea44-93db-446f-8020-a94232284285: start FollowerState
2019-10-16 22:14:53,504 [grpc-default-executor-23] INFO  impl.RoleInfo (RoleInfo.java:updateAndGet(143)) - eec99a0c-e1b1-4518-bc49-9d1a8c8e04d5: start FollowerState
2019-10-16 22:14:53,504 [Thread-1485] INFO  impl.FollowerState (FollowerState.java:run(117)) - d9e6ea44-93db-446f-8020-a94232284285@group-83CFD60236D8-FollowerState was interrupted: java.lang.InterruptedException: sleep interrupted
2019-10-16 22:14:53,530 [3989452c-7599-4156-9543-3fe544ced0f3@group-83CFD60236D8-LeaderElection90] INFO  impl.LeaderElection (LeaderElection.java:logAndReturn(56)) - 3989452c-7599-4156-9543-3fe544ced0f3@group-83CFD60236D8-LeaderElection90: Election REJECTED; received 2 response(s) [3989452c-7599-4156-9543-3fe544ced0f3<-eec99a0c-e1b1-4518-bc49-9d1a8c8e04d5#0:FAIL-t85, 3989452c-7599-4156-9543-3fe544ced0f3<-d9e6ea44-93db-446f-8020-a94232284285#0:FAIL-t85] and 0 exception(s); 3989452c-7599-4156-9543-3fe544ced0f3@group-83CFD60236D8:t85, leader=null, voted=3989452c-7599-4156-9543-3fe544ced0f3, raftlog=3989452c-7599-4156-9543-3fe544ced0f3@group-83CFD60236D8-SegmentedRaftLog:OPENED:c-1,f-1,i0, conf=-1: [3989452c-7599-4156-9543-3fe544ced0f3:192.168.157.254:36320, eec99a0c-e1b1-4518-bc49-9d1a8c8e04d5:192.168.157.254:45598, d9e6ea44-93db-446f-8020-a94232284285:192.168.157.254:41671], old=null
2019-10-16 22:14:53,530 [3989452c-7599-4156-9543-3fe544ced0f3@group-83CFD60236D8-LeaderElection90] INFO  impl.RaftServerImpl (RaftServerImpl.java:setRole(184)) - 3989452c-7599-4156-9543-3fe544ced0f3@group-83CFD60236D8: changes role from CANDIDATE to FOLLOWER at term 85 for DISCOVERED_A_NEW_TERM
2019-10-16 22:14:53,530 [3989452c-7599-4156-9543-3fe544ced0f3@group-83CFD60236D8-LeaderElection90] INFO  impl.RoleInfo (RoleInfo.java:shutdownLeaderElection(134)) - 3989452c-7599-4156-9543-3fe544ced0f3: shutdown LeaderElection
2019-10-16 22:14:53,530 [3989452c-7599-4156-9543-3fe544ced0f3@group-83CFD60236D8-LeaderElection90] INFO  impl.RoleInfo (RoleInfo.java:updateAndGet(143)) - 3989452c-7599-4156-9543-3fe544ced0f3: start FollowerState
2019-10-16 22:14:53,534 [Thread-1492] INFO  impl.FollowerState (FollowerState.java:run(108)) - 3989452c-7599-4156-9543-3fe544ced0f3@group-83CFD60236D8-FollowerState: change to CANDIDATE, lastRpcTime:3ms, electionTimeout:3ms
2019-10-16 22:14:53,534 [Thread-1492] INFO  impl.RoleInfo (RoleInfo.java:shutdownFollowerState(121)) - 3989452c-7599-4156-9543-3fe544ced0f3: shutdown FollowerState
2019-10-16 22:14:53,534 [Thread-1492] INFO  impl.RaftServerImpl (RaftServerImpl.java:setRole(184)) - 3989452c-7599-4156-9543-3fe544ced0f3@group-83CFD60236D8: changes role from  FOLLOWER to CANDIDATE at term 85 for changeToCandidate
2019-10-16 22:14:53,534 [Thread-1492] INFO  impl.RoleInfo (RoleInfo.java:updateAndGet(143)) - 3989452c-7599-4156-9543-3fe544ced0f3: start LeaderElection
2019-10-16 22:14:53,547 [3989452c-7599-4156-9543-3fe544ced0f3@group-83CFD60236D8-LeaderElection91] INFO  impl.LeaderElection (LeaderElection.java:askForVotes(178)) - 3989452c-7599-4156-9543-3fe544ced0f3@group-83CFD60236D8-LeaderElection91: begin an election at term 86 for -1: [3989452c-7599-4156-9543-3fe544ced0f3:192.168.157.254:36320, eec99a0c-e1b1-4518-bc49-9d1a8c8e04d5:192.168.157.254:45598, d9e6ea44-93db-446f-8020-a94232284285:192.168.157.254:41671], old=null
2019-10-16 22:14:53,549 [grpc-default-executor-23] INFO  impl.RaftServerImpl (RaftServerImpl.java:setRole(184)) - eec99a0c-e1b1-4518-bc49-9d1a8c8e04d5@group-83CFD60236D8: changes role from  FOLLOWER to FOLLOWER at term 86 for recognizeCandidate:3989452c-7599-4156-9543-3fe544ced0f3
2019-10-16 22:14:53,549 [grpc-default-executor-18] INFO  impl.RaftServerImpl (RaftServerImpl.java:setRole(184)) - d9e6ea44-93db-446f-8020-a94232284285@group-83CFD60236D8: changes role from  FOLLOWER to FOLLOWER at term 86 for recognizeCandidate:3989452c-7599-4156-9543-3fe544ced0f3
2019-10-16 22:14:53,549 [grpc-default-executor-23] INFO  impl.RoleInfo (RoleInfo.java:shutdownFollowerState(121)) - eec99a0c-e1b1-4518-bc49-9d1a8c8e04d5: shutdown FollowerState
2019-10-16 22:14:53,549 [grpc-default-executor-18] INFO  impl.RoleInfo (RoleInfo.java:shutdownFollowerState(121)) - d9e6ea44-93db-446f-8020-a94232284285: shutdown FollowerState
2019-10-16 22:14:53,550 [Thread-1490] INFO  impl.FollowerState (FollowerState.java:run(117)) - eec99a0c-e1b1-4518-bc49-9d1a8c8e04d5@group-83CFD60236D8-FollowerState was interrupted: java.lang.InterruptedException: sleep interrupted
2019-10-16 22:14:53,550 [Thread-1491] INFO  impl.FollowerState (FollowerState.java:run(117)) - d9e6ea44-93db-446f-8020-a94232284285@group-83CFD60236D8-FollowerState was interrupted: java.lang.InterruptedException: sleep interrupted
2019-10-16 22:14:53,550 [grpc-default-executor-23] INFO  impl.RoleInfo (RoleInfo.java:updateAndGet(143)) - eec99a0c-e1b1-4518-bc49-9d1a8c8e04d5: start FollowerState
2019-10-16 22:14:53,550 [grpc-default-executor-18] INFO  impl.RoleInfo (RoleInfo.java:updateAndGet(143)) - d9e6ea44-93db-446f-8020-a94232284285: start FollowerState
2019-10-16 22:14:53,566 [3989452c-7599-4156-9543-3fe544ced0f3@group-83CFD60236D8-LeaderElection91] INFO  impl.LeaderElection (LeaderElection.java:logAndReturn(56)) - 3989452c-7599-4156-9543-3fe544ced0f3@group-83CFD60236D8-LeaderElection91: Election REJECTED; received 2 response(s) [3989452c-7599-4156-9543-3fe544ced0f3<-eec99a0c-e1b1-4518-bc49-9d1a8c8e04d5#0:FAIL-t86, 3989452c-7599-4156-9543-3fe544ced0f3<-d9e6ea44-93db-446f-8020-a94232284285#0:FAIL-t86] and 0 exception(s); 3989452c-7599-4156-9543-3fe544ced0f3@group-83CFD60236D8:t86, leader=null, voted=3989452c-7599-4156-9543-3fe544ced0f3, raftlog=3989452c-7599-4156-9543-3fe544ced0f3@group-83CFD60236D8-SegmentedRaftLog:OPENED:c-1,f-1,i0, conf=-1: [3989452c-7599-4156-9543-3fe544ced0f3:192.168.157.254:36320, eec99a0c-e1b1-4518-bc49-9d1a8c8e04d5:192.168.157.254:45598, d9e6ea44-93db-446f-8020-a94232284285:192.168.157.254:41671], old=null
2019-10-16 22:14:53,566 [3989452c-7599-4156-9543-3fe544ced0f3@group-83CFD60236D8-LeaderElection91] INFO  impl.RaftServerImpl (RaftServerImpl.java:setRole(184)) - 3989452c-7599-4156-9543-3fe544ced0f3@group-83CFD60236D8: changes role from CANDIDATE to FOLLOWER at term 86 for DISCOVERED_A_NEW_TERM
2019-10-16 22:14:53,566 [3989452c-7599-4156-9543-3fe544ced0f3@group-83CFD60236D8-LeaderElection91] INFO  impl.RoleInfo (RoleInfo.java:shutdownLeaderElection(134)) - 3989452c-7599-4156-9543-3fe544ced0f3: shutdown LeaderElection
2019-10-16 22:14:53,566 [3989452c-7599-4156-9543-3fe544ced0f3@group-83CFD60236D8-LeaderElection91] INFO  impl.RoleInfo (RoleInfo.java:updateAndGet(143)) - 3989452c-7599-4156-9543-3fe544ced0f3: start FollowerState
2019-10-16 22:14:53,604 [Thread-1498] INFO  impl.FollowerState (FollowerState.java:run(108)) - 3989452c-7599-4156-9543-3fe544ced0f3@group-83CFD60236D8-FollowerState: change to CANDIDATE, lastRpcTime:38ms, electionTimeout:38ms
2019-10-16 22:14:53,605 [Thread-1498] INFO  impl.RoleInfo (RoleInfo.java:shutdownFollowerState(121)) - 3989452c-7599-4156-9543-3fe544ced0f3: shutdown FollowerState
2019-10-16 22:14:53,605 [Thread-1498] INFO  impl.RaftServerImpl (RaftServerImpl.java:setRole(184)) - 3989452c-7599-4156-9543-3fe544ced0f3@group-83CFD60236D8: changes role from  FOLLOWER to CANDIDATE at term 86 for changeToCandidate
2019-10-16 22:14:53,605 [Thread-1498] INFO  impl.RoleInfo (RoleInfo.java:updateAndGet(143)) - 3989452c-7599-4156-9543-3fe544ced0f3: start LeaderElection
2019-10-16 22:14:53,620 [3989452c-7599-4156-9543-3fe544ced0f3@group-83CFD60236D8-LeaderElection92] INFO  impl.LeaderElection (LeaderElection.java:askForVotes(178)) - 3989452c-7599-4156-9543-3fe544ced0f3@group-83CFD60236D8-LeaderElection92: begin an election at term 87 for -1: [3989452c-7599-4156-9543-3fe544ced0f3:192.168.157.254:36320, eec99a0c-e1b1-4518-bc49-9d1a8c8e04d5:192.168.157.254:45598, d9e6ea44-93db-446f-8020-a94232284285:192.168.157.254:41671], old=null
2019-10-16 22:14:53,622 [grpc-default-executor-18] INFO  impl.RaftServerImpl (RaftServerImpl.java:setRole(184)) - eec99a0c-e1b1-4518-bc49-9d1a8c8e04d5@group-83CFD60236D8: changes role from  FOLLOWER to FOLLOWER at term 87 for recognizeCandidate:3989452c-7599-4156-9543-3fe544ced0f3
2019-10-16 22:14:53,622 [grpc-default-executor-18] INFO  impl.RoleInfo (RoleInfo.java:shutdownFollowerState(121)) - eec99a0c-e1b1-4518-bc49-9d1a8c8e04d5: shutdown FollowerState
2019-10-16 22:14:53,622 [grpc-default-executor-23] INFO  impl.RaftServerImpl (RaftServerImpl.java:setRole(184)) - d9e6ea44-93db-446f-8020-a94232284285@group-83CFD60236D8: changes role from  FOLLOWER to FOLLOWER at term 87 for recognizeCandidate:3989452c-7599-4156-9543-3fe544ced0f3
2019-10-16 22:14:53,622 [Thread-1496] INFO  impl.FollowerState (FollowerState.java:run(117)) - eec99a0c-e1b1-4518-bc49-9d1a8c8e04d5@group-83CFD60236D8-FollowerState was interrupted: java.lang.InterruptedException: sleep interrupted
2019-10-16 22:14:53,622 [grpc-default-executor-18] INFO  impl.RoleInfo (RoleInfo.java:updateAndGet(143)) - eec99a0c-e1b1-4518-bc49-9d1a8c8e04d5: start FollowerState
2019-10-16 22:14:53,623 [grpc-default-executor-23] INFO  impl.RoleInfo (RoleInfo.java:shutdownFollowerState(121)) - d9e6ea44-93db-446f-8020-a94232284285: shutdown FollowerState
2019-10-16 22:14:53,623 [grpc-default-executor-23] INFO  impl.RoleInfo (RoleInfo.java:updateAndGet(143)) - d9e6ea44-93db-446f-8020-a94232284285: start FollowerState
2019-10-16 22:14:53,623 [Thread-1497] INFO  impl.FollowerState (FollowerState.java:run(117)) - d9e6ea44-93db-446f-8020-a94232284285@group-83CFD60236D8-FollowerState was interrupted: java.lang.InterruptedException: sleep interrupted
2019-10-16 22:14:53,640 [3989452c-7599-4156-9543-3fe544ced0f3@group-83CFD60236D8-LeaderElection92] INFO  impl.LeaderElection (LeaderElection.java:logAndReturn(56)) - 3989452c-7599-4156-9543-3fe544ced0f3@group-83CFD60236D8-LeaderElection92: Election REJECTED; received 2 response(s) [3989452c-7599-4156-9543-3fe544ced0f3<-eec99a0c-e1b1-4518-bc49-9d1a8c8e04d5#0:FAIL-t87, 3989452c-7599-4156-9543-3fe544ced0f3<-d9e6ea44-93db-446f-8020-a94232284285#0:FAIL-t87] and 0 exception(s); 3989452c-7599-4156-9543-3fe544ced0f3@group-83CFD60236D8:t87, leader=null, voted=3989452c-7599-4156-9543-3fe544ced0f3, raftlog=3989452c-7599-4156-9543-3fe544ced0f3@group-83CFD60236D8-SegmentedRaftLog:OPENED:c-1,f-1,i0, conf=-1: [3989452c-7599-4156-9543-3fe544ced0f3:192.168.157.254:36320, eec99a0c-e1b1-4518-bc49-9d1a8c8e04d5:192.168.157.254:45598, d9e6ea44-93db-446f-8020-a94232284285:192.168.157.254:41671], old=null
2019-10-16 22:14:53,640 [3989452c-7599-4156-9543-3fe544ced0f3@group-83CFD60236D8-LeaderElection92] INFO  impl.RaftServerImpl (RaftServerImpl.java:setRole(184)) - 3989452c-7599-4156-9543-3fe544ced0f3@group-83CFD60236D8: changes role from CANDIDATE to FOLLOWER at term 87 for DISCOVERED_A_NEW_TERM
2019-10-16 22:14:53,641 [3989452c-7599-4156-9543-3fe544ced0f3@group-83CFD60236D8-LeaderElection92] INFO  impl.RoleInfo (RoleInfo.java:shutdownLeaderElection(134)) - 3989452c-7599-4156-9543-3fe544ced0f3: shutdown LeaderElection
2019-10-16 22:14:53,641 [3989452c-7599-4156-9543-3fe544ced0f3@group-83CFD60236D8-LeaderElection92] INFO  impl.RoleInfo (RoleInfo.java:updateAndGet(143)) - 3989452c-7599-4156-9543-3fe544ced0f3: start FollowerState
2019-10-16 22:14:53,681 [Thread-1504] INFO  impl.FollowerState (FollowerState.java:run(108)) - 3989452c-7599-4156-9543-3fe544ced0f3@group-83CFD60236D8-FollowerState: change to CANDIDATE, lastRpcTime:40ms, electionTimeout:40ms
2019-10-16 22:14:53,681 [Thread-1504] INFO  impl.RoleInfo (RoleInfo.java:shutdownFollowerState(121)) - 3989452c-7599-4156-9543-3fe544ced0f3: shutdown FollowerState
2019-10-16 22:14:53,681 [Thread-1504] INFO  impl.RaftServerImpl (RaftServerImpl.java:setRole(184)) - 3989452c-7599-4156-9543-3fe544ced0f3@group-83CFD60236D8: changes role from  FOLLOWER to CANDIDATE at term 87 for changeToCandidate
2019-10-16 22:14:53,681 [Thread-1504] INFO  impl.RoleInfo (RoleInfo.java:updateAndGet(143)) - 3989452c-7599-4156-9543-3fe544ced0f3: start LeaderElection
2019-10-16 22:14:53,686 [3989452c-7599-4156-9543-3fe544ced0f3@group-83CFD60236D8-LeaderElection93] INFO  impl.LeaderElection (LeaderElection.java:askForVotes(178)) - 3989452c-7599-4156-9543-3fe544ced0f3@group-83CFD60236D8-LeaderElection93: begin an election at term 88 for -1: [3989452c-7599-4156-9543-3fe544ced0f3:192.168.157.254:36320, eec99a0c-e1b1-4518-bc49-9d1a8c8e04d5:192.168.157.254:45598, d9e6ea44-93db-446f-8020-a94232284285:192.168.157.254:41671], old=null
2019-10-16 22:14:53,688 [grpc-default-executor-18] INFO  impl.RaftServerImpl (RaftServerImpl.java:setRole(184)) - d9e6ea44-93db-446f-8020-a94232284285@group-83CFD60236D8: changes role from  FOLLOWER to FOLLOWER at term 88 for recognizeCandidate:3989452c-7599-4156-9543-3fe544ced0f3
2019-10-16 22:14:53,688 [grpc-default-executor-18] INFO  impl.RoleInfo (RoleInfo.java:shutdownFollowerState(121)) - d9e6ea44-93db-446f-8020-a94232284285: shutdown FollowerState
2019-10-16 22:14:53,688 [grpc-default-executor-18] INFO  impl.RoleInfo (RoleInfo.java:updateAndGet(143)) - d9e6ea44-93db-446f-8020-a94232284285: start FollowerState
2019-10-16 22:14:53,688 [grpc-default-executor-23] INFO  impl.RaftServerImpl (RaftServerImpl.java:setRole(184)) - eec99a0c-e1b1-4518-bc49-9d1a8c8e04d5@group-83CFD60236D8: changes role from  FOLLOWER to FOLLOWER at term 88 for recognizeCandidate:3989452c-7599-4156-9543-3fe544ced0f3
2019-10-16 22:14:53,688 [Thread-1503] INFO  impl.FollowerState (FollowerState.java:run(117)) - d9e6ea44-93db-446f-8020-a94232284285@group-83CFD60236D8-FollowerState was interrupted: java.lang.InterruptedException: sleep interrupted
2019-10-16 22:14:53,689 [grpc-default-executor-23] INFO  impl.RoleInfo (RoleInfo.java:shutdownFollowerState(121)) - eec99a0c-e1b1-4518-bc49-9d1a8c8e04d5: shutdown FollowerState
2019-10-16 22:14:53,689 [grpc-default-executor-23] INFO  impl.RoleInfo (RoleInfo.java:updateAndGet(143)) - eec99a0c-e1b1-4518-bc49-9d1a8c8e04d5: start FollowerState
2019-10-16 22:14:53,689 [Thread-1502] INFO  impl.FollowerState (FollowerState.java:run(117)) - eec99a0c-e1b1-4518-bc49-9d1a8c8e04d5@group-83CFD60236D8-FollowerState was interrupted: java.lang.InterruptedException: sleep interrupted
2019-10-16 22:14:53,703 [3989452c-7599-4156-9543-3fe544ced0f3@group-83CFD60236D8-LeaderElection93] INFO  impl.LeaderElection (LeaderElection.java:logAndReturn(56)) - 3989452c-7599-4156-9543-3fe544ced0f3@group-83CFD60236D8-LeaderElection93: Election REJECTED; received 2 response(s) [3989452c-7599-4156-9543-3fe544ced0f3<-eec99a0c-e1b1-4518-bc49-9d1a8c8e04d5#0:FAIL-t88, 3989452c-7599-4156-9543-3fe544ced0f3<-d9e6ea44-93db-446f-8020-a94232284285#0:FAIL-t88] and 0 exception(s); 3989452c-7599-4156-9543-3fe544ced0f3@group-83CFD60236D8:t88, leader=null, voted=3989452c-7599-4156-9543-3fe544ced0f3, raftlog=3989452c-7599-4156-9543-3fe544ced0f3@group-83CFD60236D8-SegmentedRaftLog:OPENED:c-1,f-1,i0, conf=-1: [3989452c-7599-4156-9543-3fe544ced0f3:192.168.157.254:36320, eec99a0c-e1b1-4518-bc49-9d1a8c8e04d5:192.168.157.254:45598, d9e6ea44-93db-446f-8020-a94232284285:192.168.157.254:41671], old=null
2019-10-16 22:14:53,703 [3989452c-7599-4156-9543-3fe544ced0f3@group-83CFD60236D8-LeaderElection93] INFO  impl.RaftServerImpl (RaftServerImpl.java:setRole(184)) - 3989452c-7599-4156-9543-3fe544ced0f3@group-83CFD60236D8: changes role from CANDIDATE to FOLLOWER at term 88 for DISCOVERED_A_NEW_TERM
2019-10-16 22:14:53,703 [3989452c-7599-4156-9543-3fe544ced0f3@group-83CFD60236D8-LeaderElection93] INFO  impl.RoleInfo (RoleInfo.java:shutdownLeaderElection(134)) - 3989452c-7599-4156-9543-3fe544ced0f3: shutdown LeaderElection
2019-10-16 22:14:53,703 [3989452c-7599-4156-9543-3fe544ced0f3@group-83CFD60236D8-LeaderElection93] INFO  impl.RoleInfo (RoleInfo.java:updateAndGet(143)) - 3989452c-7599-4156-9543-3fe544ced0f3: start FollowerState
2019-10-16 22:14:53,707 [Thread-1510] INFO  impl.FollowerState (FollowerState.java:run(108)) - 3989452c-7599-4156-9543-3fe544ced0f3@group-83CFD60236D8-FollowerState: change to CANDIDATE, lastRpcTime:3ms, electionTimeout:3ms
2019-10-16 22:14:53,707 [Thread-1510] INFO  impl.RoleInfo (RoleInfo.java:shutdownFollowerState(121)) - 3989452c-7599-4156-9543-3fe544ced0f3: shutdown FollowerState
2019-10-16 22:14:53,707 [Thread-1510] INFO  impl.RaftServerImpl (RaftServerImpl.java:setRole(184)) - 3989452c-7599-4156-9543-3fe544ced0f3@group-83CFD60236D8: changes role from  FOLLOWER to CANDIDATE at term 88 for changeToCandidate
2019-10-16 22:14:53,707 [Thread-1510] INFO  impl.RoleInfo (RoleInfo.java:updateAndGet(143)) - 3989452c-7599-4156-9543-3fe544ced0f3: start LeaderElection
2019-10-16 22:14:53,720 [3989452c-7599-4156-9543-3fe544ced0f3@group-83CFD60236D8-LeaderElection94] INFO  impl.LeaderElection (LeaderElection.java:askForVotes(178)) - 3989452c-7599-4156-9543-3fe544ced0f3@group-83CFD60236D8-LeaderElection94: begin an election at term 89 for -1: [3989452c-7599-4156-9543-3fe544ced0f3:192.168.157.254:36320, eec99a0c-e1b1-4518-bc49-9d1a8c8e04d5:192.168.157.254:45598, d9e6ea44-93db-446f-8020-a94232284285:192.168.157.254:41671], old=null
2019-10-16 22:14:53,722 [grpc-default-executor-18] INFO  impl.RaftServerImpl (RaftServerImpl.java:setRole(184)) - eec99a0c-e1b1-4518-bc49-9d1a8c8e04d5@group-83CFD60236D8: changes role from  FOLLOWER to FOLLOWER at term 89 for recognizeCandidate:3989452c-7599-4156-9543-3fe544ced0f3
2019-10-16 22:14:53,722 [grpc-default-executor-18] INFO  impl.RoleInfo (RoleInfo.java:shutdownFollowerState(121)) - eec99a0c-e1b1-4518-bc49-9d1a8c8e04d5: shutdown FollowerState
2019-10-16 22:14:53,722 [grpc-default-executor-23] INFO  impl.RaftServerImpl (RaftServerImpl.java:setRole(184)) - d9e6ea44-93db-446f-8020-a94232284285@group-83CFD60236D8: changes role from  FOLLOWER to FOLLOWER at term 89 for recognizeCandidate:3989452c-7599-4156-9543-3fe544ced0f3
2019-10-16 22:14:53,723 [Thread-1509] INFO  impl.FollowerState (FollowerState.java:run(117)) - eec99a0c-e1b1-4518-bc49-9d1a8c8e04d5@group-83CFD60236D8-FollowerState was interrupted: java.lang.InterruptedException: sleep interrupted
2019-10-16 22:14:53,722 [grpc-default-executor-18] INFO  impl.RoleInfo (RoleInfo.java:updateAndGet(143)) - eec99a0c-e1b1-4518-bc49-9d1a8c8e04d5: start FollowerState
2019-10-16 22:14:53,723 [grpc-default-executor-23] INFO  impl.RoleInfo (RoleInfo.java:shutdownFollowerState(121)) - d9e6ea44-93db-446f-8020-a94232284285: shutdown FollowerState
2019-10-16 22:14:53,723 [grpc-default-executor-23] INFO  impl.RoleInfo (RoleInfo.java:updateAndGet(143)) - d9e6ea44-93db-446f-8020-a94232284285: start FollowerState
2019-10-16 22:14:53,723 [Thread-1508] INFO  impl.FollowerState (FollowerState.java:run(117)) - d9e6ea44-93db-446f-8020-a94232284285@group-83CFD60236D8-FollowerState was interrupted: java.lang.InterruptedException: sleep interrupted
2019-10-16 22:14:53,749 [3989452c-7599-4156-9543-3fe544ced0f3@group-83CFD60236D8-LeaderElection94] INFO  impl.LeaderElection (LeaderElection.java:logAndReturn(56)) - 3989452c-7599-4156-9543-3fe544ced0f3@group-83CFD60236D8-LeaderElection94: Election REJECTED; received 2 response(s) [3989452c-7599-4156-9543-3fe544ced0f3<-eec99a0c-e1b1-4518-bc49-9d1a8c8e04d5#0:FAIL-t89, 3989452c-7599-4156-9543-3fe544ced0f3<-d9e6ea44-93db-446f-8020-a94232284285#0:FAIL-t89] and 0 exception(s); 3989452c-7599-4156-9543-3fe544ced0f3@group-83CFD60236D8:t89, leader=null, voted=3989452c-7599-4156-9543-3fe544ced0f3, raftlog=3989452c-7599-4156-9543-3fe544ced0f3@group-83CFD60236D8-SegmentedRaftLog:OPENED:c-1,f-1,i0, conf=-1: [3989452c-7599-4156-9543-3fe544ced0f3:192.168.157.254:36320, eec99a0c-e1b1-4518-bc49-9d1a8c8e04d5:192.168.157.254:45598, d9e6ea44-93db-446f-8020-a94232284285:192.168.157.254:41671], old=null
2019-10-16 22:14:53,749 [3989452c-7599-4156-9543-3fe544ced0f3@group-83CFD60236D8-LeaderElection94] INFO  impl.RaftServerImpl (RaftServerImpl.java:setRole(184)) - 3989452c-7599-4156-9543-3fe544ced0f3@group-83CFD60236D8: changes role from CANDIDATE to FOLLOWER at term 89 for DISCOVERED_A_NEW_TERM
2019-10-16 22:14:53,749 [3989452c-7599-4156-9543-3fe544ced0f3@group-83CFD60236D8-LeaderElection94] INFO  impl.RoleInfo (RoleInfo.java:shutdownLeaderElection(134)) - 3989452c-7599-4156-9543-3fe544ced0f3: shutdown LeaderElection
2019-10-16 22:14:53,749 [3989452c-7599-4156-9543-3fe544ced0f3@group-83CFD60236D8-LeaderElection94] INFO  impl.RoleInfo (RoleInfo.java:updateAndGet(143)) - 3989452c-7599-4156-9543-3fe544ced0f3: start FollowerState
2019-10-16 22:14:53,930 [Thread-1516] INFO  impl.FollowerState (FollowerState.java:run(108)) - 3989452c-7599-4156-9543-3fe544ced0f3@group-83CFD60236D8-FollowerState: change to CANDIDATE, lastRpcTime:180ms, electionTimeout:180ms
2019-10-16 22:14:53,930 [Thread-1516] INFO  impl.RoleInfo (RoleInfo.java:shutdownFollowerState(121)) - 3989452c-7599-4156-9543-3fe544ced0f3: shutdown FollowerState
2019-10-16 22:14:53,930 [Thread-1516] INFO  impl.RaftServerImpl (RaftServerImpl.java:setRole(184)) - 3989452c-7599-4156-9543-3fe544ced0f3@group-83CFD60236D8: changes role from  FOLLOWER to CANDIDATE at term 89 for changeToCandidate
2019-10-16 22:14:53,930 [Thread-1516] INFO  impl.RoleInfo (RoleInfo.java:updateAndGet(143)) - 3989452c-7599-4156-9543-3fe544ced0f3: start LeaderElection
2019-10-16 22:14:53,956 [3989452c-7599-4156-9543-3fe544ced0f3@group-83CFD60236D8-LeaderElection95] INFO  impl.LeaderElection (LeaderElection.java:askForVotes(178)) - 3989452c-7599-4156-9543-3fe544ced0f3@group-83CFD60236D8-LeaderElection95: begin an election at term 90 for -1: [3989452c-7599-4156-9543-3fe544ced0f3:192.168.157.254:36320, eec99a0c-e1b1-4518-bc49-9d1a8c8e04d5:192.168.157.254:45598, d9e6ea44-93db-446f-8020-a94232284285:192.168.157.254:41671], old=null
2019-10-16 22:14:53,959 [grpc-default-executor-23] INFO  impl.RaftServerImpl (RaftServerImpl.java:setRole(184)) - d9e6ea44-93db-446f-8020-a94232284285@group-83CFD60236D8: changes role from  FOLLOWER to FOLLOWER at term 90 for recognizeCandidate:3989452c-7599-4156-9543-3fe544ced0f3
2019-10-16 22:14:53,959 [grpc-default-executor-18] INFO  impl.RaftServerImpl (RaftServerImpl.java:setRole(184)) - eec99a0c-e1b1-4518-bc49-9d1a8c8e04d5@group-83CFD60236D8: changes role from  FOLLOWER to FOLLOWER at term 90 for recognizeCandidate:3989452c-7599-4156-9543-3fe544ced0f3
2019-10-16 22:14:53,959 [grpc-default-executor-23] INFO  impl.RoleInfo (RoleInfo.java:shutdownFollowerState(121)) - d9e6ea44-93db-446f-8020-a94232284285: shutdown FollowerState
2019-10-16 22:14:53,959 [grpc-default-executor-18] INFO  impl.RoleInfo (RoleInfo.java:shutdownFollowerState(121)) - eec99a0c-e1b1-4518-bc49-9d1a8c8e04d5: shutdown FollowerState
2019-10-16 22:14:53,959 [grpc-default-executor-23] INFO  impl.RoleInfo (RoleInfo.java:updateAndGet(143)) - d9e6ea44-93db-446f-8020-a94232284285: start FollowerState
2019-10-16 22:14:53,960 [Thread-1514] INFO  impl.FollowerState (FollowerState.java:run(117)) - eec99a0c-e1b1-4518-bc49-9d1a8c8e04d5@group-83CFD60236D8-FollowerState was interrupted: java.lang.InterruptedException: sleep interrupted
2019-10-16 22:14:53,960 [Thread-1515] INFO  impl.FollowerState (FollowerState.java:run(117)) - d9e6ea44-93db-446f-8020-a94232284285@group-83CFD60236D8-FollowerState was interrupted: java.lang.InterruptedException: sleep interrupted
2019-10-16 22:14:53,960 [grpc-default-executor-18] INFO  impl.RoleInfo (RoleInfo.java:updateAndGet(143)) - eec99a0c-e1b1-4518-bc49-9d1a8c8e04d5: start FollowerState
2019-10-16 22:14:53,976 [3989452c-7599-4156-9543-3fe544ced0f3@group-83CFD60236D8-LeaderElection95] INFO  impl.LeaderElection (LeaderElection.java:logAndReturn(56)) - 3989452c-7599-4156-9543-3fe544ced0f3@group-83CFD60236D8-LeaderElection95: Election REJECTED; received 2 response(s) [3989452c-7599-4156-9543-3fe544ced0f3<-eec99a0c-e1b1-4518-bc49-9d1a8c8e04d5#0:FAIL-t90, 3989452c-7599-4156-9543-3fe544ced0f3<-d9e6ea44-93db-446f-8020-a94232284285#0:FAIL-t90] and 0 exception(s); 3989452c-7599-4156-9543-3fe544ced0f3@group-83CFD60236D8:t90, leader=null, voted=3989452c-7599-4156-9543-3fe544ced0f3, raftlog=3989452c-7599-4156-9543-3fe544ced0f3@group-83CFD60236D8-SegmentedRaftLog:OPENED:c-1,f-1,i0, conf=-1: [3989452c-7599-4156-9543-3fe544ced0f3:192.168.157.254:36320, eec99a0c-e1b1-4518-bc49-9d1a8c8e04d5:192.168.157.254:45598, d9e6ea44-93db-446f-8020-a94232284285:192.168.157.254:41671], old=null
2019-10-16 22:14:53,976 [3989452c-7599-4156-9543-3fe544ced0f3@group-83CFD60236D8-LeaderElection95] INFO  impl.RaftServerImpl (RaftServerImpl.java:setRole(184)) - 3989452c-7599-4156-9543-3fe544ced0f3@group-83CFD60236D8: changes role from CANDIDATE to FOLLOWER at term 90 for DISCOVERED_A_NEW_TERM
2019-10-16 22:14:53,976 [3989452c-7599-4156-9543-3fe544ced0f3@group-83CFD60236D8-LeaderElection95] INFO  impl.RoleInfo (RoleInfo.java:shutdownLeaderElection(134)) - 3989452c-7599-4156-9543-3fe544ced0f3: shutdown LeaderElection
2019-10-16 22:14:53,976 [3989452c-7599-4156-9543-3fe544ced0f3@group-83CFD60236D8-LeaderElection95] INFO  impl.RoleInfo (RoleInfo.java:updateAndGet(143)) - 3989452c-7599-4156-9543-3fe544ced0f3: start FollowerState
 0.00% |?                                                                                                    |  0/1 Time: 0:06:102019-10-16 22:14:54,065 [Thread-1522] INFO  impl.FollowerState (FollowerState.java:run(108)) - 3989452c-7599-4156-9543-3fe544ced0f3@group-83CFD60236D8-FollowerState: change to CANDIDATE, lastRpcTime:88ms, electionTimeout:88ms
2019-10-16 22:14:54,065 [Thread-1522] INFO  impl.RoleInfo (RoleInfo.java:shutdownFollowerState(121)) - 3989452c-7599-4156-9543-3fe544ced0f3: shutdown FollowerState
2019-10-16 22:14:54,065 [Thread-1522] INFO  impl.RaftServerImpl (RaftServerImpl.java:setRole(184)) - 3989452c-7599-4156-9543-3fe544ced0f3@group-83CFD60236D8: changes role from  FOLLOWER to CANDIDATE at term 90 for changeToCandidate
2019-10-16 22:14:54,065 [Thread-1522] INFO  impl.RoleInfo (RoleInfo.java:updateAndGet(143)) - 3989452c-7599-4156-9543-3fe544ced0f3: start LeaderElection
2019-10-16 22:14:54,080 [3989452c-7599-4156-9543-3fe544ced0f3@group-83CFD60236D8-LeaderElection96] INFO  impl.LeaderElection (LeaderElection.java:askForVotes(178)) - 3989452c-7599-4156-9543-3fe544ced0f3@group-83CFD60236D8-LeaderElection96: begin an election at term 91 for -1: [3989452c-7599-4156-9543-3fe544ced0f3:192.168.157.254:36320, eec99a0c-e1b1-4518-bc49-9d1a8c8e04d5:192.168.157.254:45598, d9e6ea44-93db-446f-8020-a94232284285:192.168.157.254:41671], old=null
2019-10-16 22:14:54,082 [grpc-default-executor-18] INFO  impl.RaftServerImpl (RaftServerImpl.java:setRole(184)) - eec99a0c-e1b1-4518-bc49-9d1a8c8e04d5@group-83CFD60236D8: changes role from  FOLLOWER to FOLLOWER at term 91 for recognizeCandidate:3989452c-7599-4156-9543-3fe544ced0f3
2019-10-16 22:14:54,082 [grpc-default-executor-23] INFO  impl.RaftServerImpl (RaftServerImpl.java:setRole(184)) - d9e6ea44-93db-446f-8020-a94232284285@group-83CFD60236D8: changes role from  FOLLOWER to FOLLOWER at term 91 for recognizeCandidate:3989452c-7599-4156-9543-3fe544ced0f3
2019-10-16 22:14:54,082 [grpc-default-executor-18] INFO  impl.RoleInfo (RoleInfo.java:shutdownFollowerState(121)) - eec99a0c-e1b1-4518-bc49-9d1a8c8e04d5: shutdown FollowerState
2019-10-16 22:14:54,082 [grpc-default-executor-23] INFO  impl.RoleInfo (RoleInfo.java:shutdownFollowerState(121)) - d9e6ea44-93db-446f-8020-a94232284285: shutdown FollowerState
2019-10-16 22:14:54,082 [grpc-default-executor-18] INFO  impl.RoleInfo (RoleInfo.java:updateAndGet(143)) - eec99a0c-e1b1-4518-bc49-9d1a8c8e04d5: start FollowerState
2019-10-16 22:14:54,083 [grpc-default-executor-23] INFO  impl.RoleInfo (RoleInfo.java:updateAndGet(143)) - d9e6ea44-93db-446f-8020-a94232284285: start FollowerState
2019-10-16 22:14:54,083 [Thread-1521] INFO  impl.FollowerState (FollowerState.java:run(117)) - eec99a0c-e1b1-4518-bc49-9d1a8c8e04d5@group-83CFD60236D8-FollowerState was interrupted: java.lang.InterruptedException: sleep interrupted
2019-10-16 22:14:54,083 [Thread-1520] INFO  impl.FollowerState (FollowerState.java:run(117)) - d9e6ea44-93db-446f-8020-a94232284285@group-83CFD60236D8-FollowerState was interrupted: java.lang.InterruptedException: sleep interrupted
2019-10-16 22:14:54,097 [3989452c-7599-4156-9543-3fe544ced0f3@group-83CFD60236D8-LeaderElection96] INFO  impl.LeaderElection (LeaderElection.java:logAndReturn(56)) - 3989452c-7599-4156-9543-3fe544ced0f3@group-83CFD60236D8-LeaderElection96: Election REJECTED; received 2 response(s) [3989452c-7599-4156-9543-3fe544ced0f3<-eec99a0c-e1b1-4518-bc49-9d1a8c8e04d5#0:FAIL-t91, 3989452c-7599-4156-9543-3fe544ced0f3<-d9e6ea44-93db-446f-8020-a94232284285#0:FAIL-t91] and 0 exception(s); 3989452c-7599-4156-9543-3fe544ced0f3@group-83CFD60236D8:t91, leader=null, voted=3989452c-7599-4156-9543-3fe544ced0f3, raftlog=3989452c-7599-4156-9543-3fe544ced0f3@group-83CFD60236D8-SegmentedRaftLog:OPENED:c-1,f-1,i0, conf=-1: [3989452c-7599-4156-9543-3fe544ced0f3:192.168.157.254:36320, eec99a0c-e1b1-4518-bc49-9d1a8c8e04d5:192.168.157.254:45598, d9e6ea44-93db-446f-8020-a94232284285:192.168.157.254:41671], old=null
2019-10-16 22:14:54,097 [3989452c-7599-4156-9543-3fe544ced0f3@group-83CFD60236D8-LeaderElection96] INFO  impl.RaftServerImpl (RaftServerImpl.java:setRole(184)) - 3989452c-7599-4156-9543-3fe544ced0f3@group-83CFD60236D8: changes role from CANDIDATE to FOLLOWER at term 91 for DISCOVERED_A_NEW_TERM
2019-10-16 22:14:54,097 [3989452c-7599-4156-9543-3fe544ced0f3@group-83CFD60236D8-LeaderElection96] INFO  impl.RoleInfo (RoleInfo.java:shutdownLeaderElection(134)) - 3989452c-7599-4156-9543-3fe544ced0f3: shutdown LeaderElection
2019-10-16 22:14:54,097 [3989452c-7599-4156-9543-3fe544ced0f3@group-83CFD60236D8-LeaderElection96] INFO  impl.RoleInfo (RoleInfo.java:updateAndGet(143)) - 3989452c-7599-4156-9543-3fe544ced0f3: start FollowerState
2019-10-16 22:14:54,218 [Thread-1528] INFO  impl.FollowerState (FollowerState.java:run(108)) - 3989452c-7599-4156-9543-3fe544ced0f3@group-83CFD60236D8-FollowerState: change to CANDIDATE, lastRpcTime:120ms, electionTimeout:120ms
2019-10-16 22:14:54,218 [Thread-1528] INFO  impl.RoleInfo (RoleInfo.java:shutdownFollowerState(121)) - 3989452c-7599-4156-9543-3fe544ced0f3: shutdown FollowerState
2019-10-16 22:14:54,218 [Thread-1528] INFO  impl.RaftServerImpl (RaftServerImpl.java:setRole(184)) - 3989452c-7599-4156-9543-3fe544ced0f3@group-83CFD60236D8: changes role from  FOLLOWER to CANDIDATE at term 91 for changeToCandidate
2019-10-16 22:14:54,218 [Thread-1528] INFO  impl.RoleInfo (RoleInfo.java:updateAndGet(143)) - 3989452c-7599-4156-9543-3fe544ced0f3: start LeaderElection
2019-10-16 22:14:54,232 [3989452c-7599-4156-9543-3fe544ced0f3@group-83CFD60236D8-LeaderElection97] INFO  impl.LeaderElection (LeaderElection.java:askForVotes(178)) - 3989452c-7599-4156-9543-3fe544ced0f3@group-83CFD60236D8-LeaderElection97: begin an election at term 92 for -1: [3989452c-7599-4156-9543-3fe544ced0f3:192.168.157.254:36320, eec99a0c-e1b1-4518-bc49-9d1a8c8e04d5:192.168.157.254:45598, d9e6ea44-93db-446f-8020-a94232284285:192.168.157.254:41671], old=null
2019-10-16 22:14:54,233 [grpc-default-executor-18] INFO  impl.RaftServerImpl (RaftServerImpl.java:setRole(184)) - eec99a0c-e1b1-4518-bc49-9d1a8c8e04d5@group-83CFD60236D8: changes role from  FOLLOWER to FOLLOWER at term 92 for recognizeCandidate:3989452c-7599-4156-9543-3fe544ced0f3
2019-10-16 22:14:54,234 [grpc-default-executor-18] INFO  impl.RoleInfo (RoleInfo.java:shutdownFollowerState(121)) - eec99a0c-e1b1-4518-bc49-9d1a8c8e04d5: shutdown FollowerState
2019-10-16 22:14:54,234 [grpc-default-executor-23] INFO  impl.RaftServerImpl (RaftServerImpl.java:setRole(184)) - d9e6ea44-93db-446f-8020-a94232284285@group-83CFD60236D8: changes role from  FOLLOWER to FOLLOWER at term 92 for recognizeCandidate:3989452c-7599-4156-9543-3fe544ced0f3
2019-10-16 22:14:54,234 [grpc-default-executor-23] INFO  impl.RoleInfo (RoleInfo.java:shutdownFollowerState(121)) - d9e6ea44-93db-446f-8020-a94232284285: shutdown FollowerState
2019-10-16 22:14:54,234 [Thread-1526] INFO  impl.FollowerState (FollowerState.java:run(117)) - eec99a0c-e1b1-4518-bc49-9d1a8c8e04d5@group-83CFD60236D8-FollowerState was interrupted: java.lang.InterruptedException: sleep interrupted
2019-10-16 22:14:54,234 [grpc-default-executor-18] INFO  impl.RoleInfo (RoleInfo.java:updateAndGet(143)) - eec99a0c-e1b1-4518-bc49-9d1a8c8e04d5: start FollowerState
2019-10-16 22:14:54,234 [Thread-1527] INFO  impl.FollowerState (FollowerState.java:run(117)) - d9e6ea44-93db-446f-8020-a94232284285@group-83CFD60236D8-FollowerState was interrupted: java.lang.InterruptedException: sleep interrupted
2019-10-16 22:14:54,234 [grpc-default-executor-23] INFO  impl.RoleInfo (RoleInfo.java:updateAndGet(143)) - d9e6ea44-93db-446f-8020-a94232284285: start FollowerState
2019-10-16 22:14:54,251 [3989452c-7599-4156-9543-3fe544ced0f3@group-83CFD60236D8-LeaderElection97] INFO  impl.LeaderElection (LeaderElection.java:logAndReturn(56)) - 3989452c-7599-4156-9543-3fe544ced0f3@group-83CFD60236D8-LeaderElection97: Election REJECTED; received 2 response(s) [3989452c-7599-4156-9543-3fe544ced0f3<-eec99a0c-e1b1-4518-bc49-9d1a8c8e04d5#0:FAIL-t92, 3989452c-7599-4156-9543-3fe544ced0f3<-d9e6ea44-93db-446f-8020-a94232284285#0:FAIL-t92] and 0 exception(s); 3989452c-7599-4156-9543-3fe544ced0f3@group-83CFD60236D8:t92, leader=null, voted=3989452c-7599-4156-9543-3fe544ced0f3, raftlog=3989452c-7599-4156-9543-3fe544ced0f3@group-83CFD60236D8-SegmentedRaftLog:OPENED:c-1,f-1,i0, conf=-1: [3989452c-7599-4156-9543-3fe544ced0f3:192.168.157.254:36320, eec99a0c-e1b1-4518-bc49-9d1a8c8e04d5:192.168.157.254:45598, d9e6ea44-93db-446f-8020-a94232284285:192.168.157.254:41671], old=null
2019-10-16 22:14:54,251 [3989452c-7599-4156-9543-3fe544ced0f3@group-83CFD60236D8-LeaderElection97] INFO  impl.RaftServerImpl (RaftServerImpl.java:setRole(184)) - 3989452c-7599-4156-9543-3fe544ced0f3@group-83CFD60236D8: changes role from CANDIDATE to FOLLOWER at term 92 for DISCOVERED_A_NEW_TERM
2019-10-16 22:14:54,251 [3989452c-7599-4156-9543-3fe544ced0f3@group-83CFD60236D8-LeaderElection97] INFO  impl.RoleInfo (RoleInfo.java:shutdownLeaderElection(134)) - 3989452c-7599-4156-9543-3fe544ced0f3: shutdown LeaderElection
2019-10-16 22:14:54,251 [3989452c-7599-4156-9543-3fe544ced0f3@group-83CFD60236D8-LeaderElection97] INFO  impl.RoleInfo (RoleInfo.java:updateAndGet(143)) - 3989452c-7599-4156-9543-3fe544ced0f3: start FollowerState
2019-10-16 22:14:54,283 [Thread-1536] INFO  impl.FollowerState (FollowerState.java:run(108)) - 3989452c-7599-4156-9543-3fe544ced0f3@group-83CFD60236D8-FollowerState: change to CANDIDATE, lastRpcTime:32ms, electionTimeout:32ms
2019-10-16 22:14:54,284 [Thread-1536] INFO  impl.RoleInfo (RoleInfo.java:shutdownFollowerState(121)) - 3989452c-7599-4156-9543-3fe544ced0f3: shutdown FollowerState
2019-10-16 22:14:54,284 [Thread-1536] INFO  impl.RaftServerImpl (RaftServerImpl.java:setRole(184)) - 3989452c-7599-4156-9543-3fe544ced0f3@group-83CFD60236D8: changes role from  FOLLOWER to CANDIDATE at term 92 for changeToCandidate
2019-10-16 22:14:54,284 [Thread-1536] INFO  impl.RoleInfo (RoleInfo.java:updateAndGet(143)) - 3989452c-7599-4156-9543-3fe544ced0f3: start LeaderElection
2019-10-16 22:14:54,298 [3989452c-7599-4156-9543-3fe544ced0f3@group-83CFD60236D8-LeaderElection98] INFO  impl.LeaderElection (LeaderElection.java:askForVotes(178)) - 3989452c-7599-4156-9543-3fe544ced0f3@group-83CFD60236D8-LeaderElection98: begin an election at term 93 for -1: [3989452c-7599-4156-9543-3fe544ced0f3:192.168.157.254:36320, eec99a0c-e1b1-4518-bc49-9d1a8c8e04d5:192.168.157.254:45598, d9e6ea44-93db-446f-8020-a94232284285:192.168.157.254:41671], old=null
2019-10-16 22:14:54,299 [grpc-default-executor-18] INFO  impl.RaftServerImpl (RaftServerImpl.java:setRole(184)) - d9e6ea44-93db-446f-8020-a94232284285@group-83CFD60236D8: changes role from  FOLLOWER to FOLLOWER at term 93 for recognizeCandidate:3989452c-7599-4156-9543-3fe544ced0f3
2019-10-16 22:14:54,300 [grpc-default-executor-23] INFO  impl.RaftServerImpl (RaftServerImpl.java:setRole(184)) - eec99a0c-e1b1-4518-bc49-9d1a8c8e04d5@group-83CFD60236D8: changes role from  FOLLOWER to FOLLOWER at term 93 for recognizeCandidate:3989452c-7599-4156-9543-3fe544ced0f3
2019-10-16 22:14:54,300 [grpc-default-executor-18] INFO  impl.RoleInfo (RoleInfo.java:shutdownFollowerState(121)) - d9e6ea44-93db-446f-8020-a94232284285: shutdown FollowerState
2019-10-16 22:14:54,300 [grpc-default-executor-23] INFO  impl.RoleInfo (RoleInfo.java:shutdownFollowerState(121)) - eec99a0c-e1b1-4518-bc49-9d1a8c8e04d5: shutdown FollowerState
2019-10-16 22:14:54,300 [Thread-1535] INFO  impl.FollowerState (FollowerState.java:run(117)) - d9e6ea44-93db-446f-8020-a94232284285@group-83CFD60236D8-FollowerState was interrupted: java.lang.InterruptedException: sleep interrupted
2019-10-16 22:14:54,300 [grpc-default-executor-18] INFO  impl.RoleInfo (RoleInfo.java:updateAndGet(143)) - d9e6ea44-93db-446f-8020-a94232284285: start FollowerState
2019-10-16 22:14:54,300 [Thread-1534] INFO  impl.FollowerState (FollowerState.java:run(117)) - eec99a0c-e1b1-4518-bc49-9d1a8c8e04d5@group-83CFD60236D8-FollowerState was interrupted: java.lang.InterruptedException: sleep interrupted
2019-10-16 22:14:54,300 [grpc-default-executor-23] INFO  impl.RoleInfo (RoleInfo.java:updateAndGet(143)) - eec99a0c-e1b1-4518-bc49-9d1a8c8e04d5: start FollowerState
2019-10-16 22:14:54,315 [3989452c-7599-4156-9543-3fe544ced0f3@group-83CFD60236D8-LeaderElection98] INFO  impl.LeaderElection (LeaderElection.java:logAndReturn(56)) - 3989452c-7599-4156-9543-3fe544ced0f3@group-83CFD60236D8-LeaderElection98: Election REJECTED; received 2 response(s) [3989452c-7599-4156-9543-3fe544ced0f3<-eec99a0c-e1b1-4518-bc49-9d1a8c8e04d5#0:FAIL-t93, 3989452c-7599-4156-9543-3fe544ced0f3<-d9e6ea44-93db-446f-8020-a94232284285#0:FAIL-t93] and 0 exception(s); 3989452c-7599-4156-9543-3fe544ced0f3@group-83CFD60236D8:t93, leader=null, voted=3989452c-7599-4156-9543-3fe544ced0f3, raftlog=3989452c-7599-4156-9543-3fe544ced0f3@group-83CFD60236D8-SegmentedRaftLog:OPENED:c-1,f-1,i0, conf=-1: [3989452c-7599-4156-9543-3fe544ced0f3:192.168.157.254:36320, eec99a0c-e1b1-4518-bc49-9d1a8c8e04d5:192.168.157.254:45598, d9e6ea44-93db-446f-8020-a94232284285:192.168.157.254:41671], old=null
2019-10-16 22:14:54,315 [3989452c-7599-4156-9543-3fe544ced0f3@group-83CFD60236D8-LeaderElection98] INFO  impl.RaftServerImpl (RaftServerImpl.java:setRole(184)) - 3989452c-7599-4156-9543-3fe544ced0f3@group-83CFD60236D8: changes role from CANDIDATE to FOLLOWER at term 93 for DISCOVERED_A_NEW_TERM
2019-10-16 22:14:54,315 [3989452c-7599-4156-9543-3fe544ced0f3@group-83CFD60236D8-LeaderElection98] INFO  impl.RoleInfo (RoleInfo.java:shutdownLeaderElection(134)) - 3989452c-7599-4156-9543-3fe544ced0f3: shutdown LeaderElection
2019-10-16 22:14:54,315 [3989452c-7599-4156-9543-3fe544ced0f3@group-83CFD60236D8-LeaderElection98] INFO  impl.RoleInfo (RoleInfo.java:updateAndGet(143)) - 3989452c-7599-4156-9543-3fe544ced0f3: start FollowerState
2019-10-16 22:14:54,468 [Thread-1542] INFO  impl.FollowerState (FollowerState.java:run(108)) - 3989452c-7599-4156-9543-3fe544ced0f3@group-83CFD60236D8-FollowerState: change to CANDIDATE, lastRpcTime:152ms, electionTimeout:152ms
2019-10-16 22:14:54,468 [Thread-1542] INFO  impl.RoleInfo (RoleInfo.java:shutdownFollowerState(121)) - 3989452c-7599-4156-9543-3fe544ced0f3: shutdown FollowerState
2019-10-16 22:14:54,468 [Thread-1542] INFO  impl.RaftServerImpl (RaftServerImpl.java:setRole(184)) - 3989452c-7599-4156-9543-3fe544ced0f3@group-83CFD60236D8: changes role from  FOLLOWER to CANDIDATE at term 93 for changeToCandidate
2019-10-16 22:14:54,468 [Thread-1542] INFO  impl.RoleInfo (RoleInfo.java:updateAndGet(143)) - 3989452c-7599-4156-9543-3fe544ced0f3: start LeaderElection
2019-10-16 22:14:54,493 [3989452c-7599-4156-9543-3fe544ced0f3@group-83CFD60236D8-LeaderElection99] INFO  impl.LeaderElection (LeaderElection.java:askForVotes(178)) - 3989452c-7599-4156-9543-3fe544ced0f3@group-83CFD60236D8-LeaderElection99: begin an election at term 94 for -1: [3989452c-7599-4156-9543-3fe544ced0f3:192.168.157.254:36320, eec99a0c-e1b1-4518-bc49-9d1a8c8e04d5:192.168.157.254:45598, d9e6ea44-93db-446f-8020-a94232284285:192.168.157.254:41671], old=null
2019-10-16 22:14:54,495 [grpc-default-executor-23] INFO  impl.RaftServerImpl (RaftServerImpl.java:setRole(184)) - eec99a0c-e1b1-4518-bc49-9d1a8c8e04d5@group-83CFD60236D8: changes role from  FOLLOWER to FOLLOWER at term 94 for recognizeCandidate:3989452c-7599-4156-9543-3fe544ced0f3
2019-10-16 22:14:54,495 [grpc-default-executor-23] INFO  impl.RoleInfo (RoleInfo.java:shutdownFollowerState(121)) - eec99a0c-e1b1-4518-bc49-9d1a8c8e04d5: shutdown FollowerState
2019-10-16 22:14:54,496 [grpc-default-executor-18] INFO  impl.RaftServerImpl (RaftServerImpl.java:setRole(184)) - d9e6ea44-93db-446f-8020-a94232284285@group-83CFD60236D8: changes role from  FOLLOWER to FOLLOWER at term 94 for recognizeCandidate:3989452c-7599-4156-9543-3fe544ced0f3
2019-10-16 22:14:54,496 [Thread-1541] INFO  impl.FollowerState (FollowerState.java:run(117)) - eec99a0c-e1b1-4518-bc49-9d1a8c8e04d5@group-83CFD60236D8-FollowerState was interrupted: java.lang.InterruptedException: sleep interrupted
2019-10-16 22:14:54,496 [grpc-default-executor-23] INFO  impl.RoleInfo (RoleInfo.java:updateAndGet(143)) - eec99a0c-e1b1-4518-bc49-9d1a8c8e04d5: start FollowerState
2019-10-16 22:14:54,496 [grpc-default-executor-18] INFO  impl.RoleInfo (RoleInfo.java:shutdownFollowerState(121)) - d9e6ea44-93db-446f-8020-a94232284285: shutdown FollowerState
2019-10-16 22:14:54,496 [grpc-default-executor-18] INFO  impl.RoleInfo (RoleInfo.java:updateAndGet(143)) - d9e6ea44-93db-446f-8020-a94232284285: start FollowerState
2019-10-16 22:14:54,496 [Thread-1540] INFO  impl.FollowerState (FollowerState.java:run(117)) - d9e6ea44-93db-446f-8020-a94232284285@group-83CFD60236D8-FollowerState was interrupted: java.lang.InterruptedException: sleep interrupted
2019-10-16 22:14:54,511 [3989452c-7599-4156-9543-3fe544ced0f3@group-83CFD60236D8-LeaderElection99] INFO  impl.LeaderElection (LeaderElection.java:logAndReturn(56)) - 3989452c-7599-4156-9543-3fe544ced0f3@group-83CFD60236D8-LeaderElection99: Election REJECTED; received 2 response(s) [3989452c-7599-4156-9543-3fe544ced0f3<-eec99a0c-e1b1-4518-bc49-9d1a8c8e04d5#0:FAIL-t94, 3989452c-7599-4156-9543-3fe544ced0f3<-d9e6ea44-93db-446f-8020-a94232284285#0:FAIL-t94] and 0 exception(s); 3989452c-7599-4156-9543-3fe544ced0f3@group-83CFD60236D8:t94, leader=null, voted=3989452c-7599-4156-9543-3fe544ced0f3, raftlog=3989452c-7599-4156-9543-3fe544ced0f3@group-83CFD60236D8-SegmentedRaftLog:OPENED:c-1,f-1,i0, conf=-1: [3989452c-7599-4156-9543-3fe544ced0f3:192.168.157.254:36320, eec99a0c-e1b1-4518-bc49-9d1a8c8e04d5:192.168.157.254:45598, d9e6ea44-93db-446f-8020-a94232284285:192.168.157.254:41671], old=null
2019-10-16 22:14:54,511 [3989452c-7599-4156-9543-3fe544ced0f3@group-83CFD60236D8-LeaderElection99] INFO  impl.RaftServerImpl (RaftServerImpl.java:setRole(184)) - 3989452c-7599-4156-9543-3fe544ced0f3@group-83CFD60236D8: changes role from CANDIDATE to FOLLOWER at term 94 for DISCOVERED_A_NEW_TERM
2019-10-16 22:14:54,511 [3989452c-7599-4156-9543-3fe544ced0f3@group-83CFD60236D8-LeaderElection99] INFO  impl.RoleInfo (RoleInfo.java:shutdownLeaderElection(134)) - 3989452c-7599-4156-9543-3fe544ced0f3: shutdown LeaderElection
2019-10-16 22:14:54,511 [3989452c-7599-4156-9543-3fe544ced0f3@group-83CFD60236D8-LeaderElection99] INFO  impl.RoleInfo (RoleInfo.java:updateAndGet(143)) - 3989452c-7599-4156-9543-3fe544ced0f3: start FollowerState
2019-10-16 22:14:54,546 [Thread-1548] INFO  impl.FollowerState (FollowerState.java:run(108)) - 3989452c-7599-4156-9543-3fe544ced0f3@group-83CFD60236D8-FollowerState: change to CANDIDATE, lastRpcTime:35ms, electionTimeout:35ms
2019-10-16 22:14:54,547 [Thread-1548] INFO  impl.RoleInfo (RoleInfo.java:shutdownFollowerState(121)) - 3989452c-7599-4156-9543-3fe544ced0f3: shutdown FollowerState
2019-10-16 22:14:54,547 [Thread-1548] INFO  impl.RaftServerImpl (RaftServerImpl.java:setRole(184)) - 3989452c-7599-4156-9543-3fe544ced0f3@group-83CFD60236D8: changes role from  FOLLOWER to CANDIDATE at term 94 for changeToCandidate
2019-10-16 22:14:54,547 [Thread-1548] INFO  impl.RoleInfo (RoleInfo.java:updateAndGet(143)) - 3989452c-7599-4156-9543-3fe544ced0f3: start LeaderElection
2019-10-16 22:14:54,562 [3989452c-7599-4156-9543-3fe544ced0f3@group-83CFD60236D8-LeaderElection100] INFO  impl.LeaderElection (LeaderElection.java:askForVotes(178)) - 3989452c-7599-4156-9543-3fe544ced0f3@group-83CFD60236D8-LeaderElection100: begin an election at term 95 for -1: [3989452c-7599-4156-9543-3fe544ced0f3:192.168.157.254:36320, eec99a0c-e1b1-4518-bc49-9d1a8c8e04d5:192.168.157.254:45598, d9e6ea44-93db-446f-8020-a94232284285:192.168.157.254:41671], old=null
2019-10-16 22:14:54,563 [grpc-default-executor-18] INFO  impl.RaftServerImpl (RaftServerImpl.java:setRole(184)) - eec99a0c-e1b1-4518-bc49-9d1a8c8e04d5@group-83CFD60236D8: changes role from  FOLLOWER to FOLLOWER at term 95 for recognizeCandidate:3989452c-7599-4156-9543-3fe544ced0f3
2019-10-16 22:14:54,564 [grpc-default-executor-18] INFO  impl.RoleInfo (RoleInfo.java:shutdownFollowerState(121)) - eec99a0c-e1b1-4518-bc49-9d1a8c8e04d5: shutdown FollowerState
2019-10-16 22:14:54,564 [grpc-default-executor-23] INFO  impl.RaftServerImpl (RaftServerImpl.java:setRole(184)) - d9e6ea44-93db-446f-8020-a94232284285@group-83CFD60236D8: changes role from  FOLLOWER to FOLLOWER at term 95 for recognizeCandidate:3989452c-7599-4156-9543-3fe544ced0f3
2019-10-16 22:14:54,564 [grpc-default-executor-23] INFO  impl.RoleInfo (RoleInfo.java:shutdownFollowerState(121)) - d9e6ea44-93db-446f-8020-a94232284285: shutdown FollowerState
2019-10-16 22:14:54,564 [Thread-1546] INFO  impl.FollowerState (FollowerState.java:run(117)) - eec99a0c-e1b1-4518-bc49-9d1a8c8e04d5@group-83CFD60236D8-FollowerState was interrupted: java.lang.InterruptedException: sleep interrupted
2019-10-16 22:14:54,564 [grpc-default-executor-18] INFO  impl.RoleInfo (RoleInfo.java:updateAndGet(143)) - eec99a0c-e1b1-4518-bc49-9d1a8c8e04d5: start FollowerState
2019-10-16 22:14:54,564 [Thread-1547] INFO  impl.FollowerState (FollowerState.java:run(117)) - d9e6ea44-93db-446f-8020-a94232284285@group-83CFD60236D8-FollowerState was interrupted: java.lang.InterruptedException: sleep interrupted
2019-10-16 22:14:54,564 [grpc-default-executor-23] INFO  impl.RoleInfo (RoleInfo.java:updateAndGet(143)) - d9e6ea44-93db-446f-8020-a94232284285: start FollowerState
2019-10-16 22:14:54,580 [3989452c-7599-4156-9543-3fe544ced0f3@group-83CFD60236D8-LeaderElection100] INFO  impl.LeaderElection (LeaderElection.java:logAndReturn(56)) - 3989452c-7599-4156-9543-3fe544ced0f3@group-83CFD60236D8-LeaderElection100: Election REJECTED; received 2 response(s) [3989452c-7599-4156-9543-3fe544ced0f3<-eec99a0c-e1b1-4518-bc49-9d1a8c8e04d5#0:FAIL-t95, 3989452c-7599-4156-9543-3fe544ced0f3<-d9e6ea44-93db-446f-8020-a94232284285#0:FAIL-t95] and 0 exception(s); 3989452c-7599-4156-9543-3fe544ced0f3@group-83CFD60236D8:t95, leader=null, voted=3989452c-7599-4156-9543-3fe544ced0f3, raftlog=3989452c-7599-4156-9543-3fe544ced0f3@group-83CFD60236D8-SegmentedRaftLog:OPENED:c-1,f-1,i0, conf=-1: [3989452c-7599-4156-9543-3fe544ced0f3:192.168.157.254:36320, eec99a0c-e1b1-4518-bc49-9d1a8c8e04d5:192.168.157.254:45598, d9e6ea44-93db-446f-8020-a94232284285:192.168.157.254:41671], old=null
2019-10-16 22:14:54,580 [3989452c-7599-4156-9543-3fe544ced0f3@group-83CFD60236D8-LeaderElection100] INFO  impl.RaftServerImpl (RaftServerImpl.java:setRole(184)) - 3989452c-7599-4156-9543-3fe544ced0f3@group-83CFD60236D8: changes role from CANDIDATE to FOLLOWER at term 95 for DISCOVERED_A_NEW_TERM
2019-10-16 22:14:54,581 [3989452c-7599-4156-9543-3fe544ced0f3@group-83CFD60236D8-LeaderElection100] INFO  impl.RoleInfo (RoleInfo.java:shutdownLeaderElection(134)) - 3989452c-7599-4156-9543-3fe544ced0f3: shutdown LeaderElection
2019-10-16 22:14:54,581 [3989452c-7599-4156-9543-3fe544ced0f3@group-83CFD60236D8-LeaderElection100] INFO  impl.RoleInfo (RoleInfo.java:updateAndGet(143)) - 3989452c-7599-4156-9543-3fe544ced0f3: start FollowerState
2019-10-16 22:14:54,596 [Thread-1554] INFO  impl.FollowerState (FollowerState.java:run(108)) - 3989452c-7599-4156-9543-3fe544ced0f3@group-83CFD60236D8-FollowerState: change to CANDIDATE, lastRpcTime:15ms, electionTimeout:15ms
2019-10-16 22:14:54,596 [Thread-1554] INFO  impl.RoleInfo (RoleInfo.java:shutdownFollowerState(121)) - 3989452c-7599-4156-9543-3fe544ced0f3: shutdown FollowerState
2019-10-16 22:14:54,596 [Thread-1554] INFO  impl.RaftServerImpl (RaftServerImpl.java:setRole(184)) - 3989452c-7599-4156-9543-3fe544ced0f3@group-83CFD60236D8: changes role from  FOLLOWER to CANDIDATE at term 95 for changeToCandidate
2019-10-16 22:14:54,596 [Thread-1554] INFO  impl.RoleInfo (RoleInfo.java:updateAndGet(143)) - 3989452c-7599-4156-9543-3fe544ced0f3: start LeaderElection
2019-10-16 22:14:54,610 [3989452c-7599-4156-9543-3fe544ced0f3@group-83CFD60236D8-LeaderElection101] INFO  impl.LeaderElection (LeaderElection.java:askForVotes(178)) - 3989452c-7599-4156-9543-3fe544ced0f3@group-83CFD60236D8-LeaderElection101: begin an election at term 96 for -1: [3989452c-7599-4156-9543-3fe544ced0f3:192.168.157.254:36320, eec99a0c-e1b1-4518-bc49-9d1a8c8e04d5:192.168.157.254:45598, d9e6ea44-93db-446f-8020-a94232284285:192.168.157.254:41671], old=null
2019-10-16 22:14:54,611 [grpc-default-executor-18] INFO  impl.RaftServerImpl (RaftServerImpl.java:setRole(184)) - eec99a0c-e1b1-4518-bc49-9d1a8c8e04d5@group-83CFD60236D8: changes role from  FOLLOWER to FOLLOWER at term 96 for recognizeCandidate:3989452c-7599-4156-9543-3fe544ced0f3
2019-10-16 22:14:54,612 [grpc-default-executor-18] INFO  impl.RoleInfo (RoleInfo.java:shutdownFollowerState(121)) - eec99a0c-e1b1-4518-bc49-9d1a8c8e04d5: shutdown FollowerState
2019-10-16 22:14:54,611 [grpc-default-executor-23] INFO  impl.RaftServerImpl (RaftServerImpl.java:setRole(184)) - d9e6ea44-93db-446f-8020-a94232284285@group-83CFD60236D8: changes role from  FOLLOWER to FOLLOWER at term 96 for recognizeCandidate:3989452c-7599-4156-9543-3fe544ced0f3
2019-10-16 22:14:54,612 [Thread-1552] INFO  impl.FollowerState (FollowerState.java:run(117)) - eec99a0c-e1b1-4518-bc49-9d1a8c8e04d5@group-83CFD60236D8-FollowerState was interrupted: java.lang.InterruptedException: sleep interrupted
2019-10-16 22:14:54,612 [grpc-default-executor-18] INFO  impl.RoleInfo (RoleInfo.java:updateAndGet(143)) - eec99a0c-e1b1-4518-bc49-9d1a8c8e04d5: start FollowerState
2019-10-16 22:14:54,612 [grpc-default-executor-23] INFO  impl.RoleInfo (RoleInfo.java:shutdownFollowerState(121)) - d9e6ea44-93db-446f-8020-a94232284285: shutdown FollowerState
2019-10-16 22:14:54,613 [grpc-default-executor-23] INFO  impl.RoleInfo (RoleInfo.java:updateAndGet(143)) - d9e6ea44-93db-446f-8020-a94232284285: start FollowerState
2019-10-16 22:14:54,613 [Thread-1553] INFO  impl.FollowerState (FollowerState.java:run(117)) - d9e6ea44-93db-446f-8020-a94232284285@group-83CFD60236D8-FollowerState was interrupted: java.lang.InterruptedException: sleep interrupted
2019-10-16 22:14:54,638 [3989452c-7599-4156-9543-3fe544ced0f3@group-83CFD60236D8-LeaderElection101] INFO  impl.LeaderElection (LeaderElection.java:logAndReturn(56)) - 3989452c-7599-4156-9543-3fe544ced0f3@group-83CFD60236D8-LeaderElection101: Election REJECTED; received 2 response(s) [3989452c-7599-4156-9543-3fe544ced0f3<-eec99a0c-e1b1-4518-bc49-9d1a8c8e04d5#0:FAIL-t96, 3989452c-7599-4156-9543-3fe544ced0f3<-d9e6ea44-93db-446f-8020-a94232284285#0:FAIL-t96] and 0 exception(s); 3989452c-7599-4156-9543-3fe544ced0f3@group-83CFD60236D8:t96, leader=null, voted=3989452c-7599-4156-9543-3fe544ced0f3, raftlog=3989452c-7599-4156-9543-3fe544ced0f3@group-83CFD60236D8-SegmentedRaftLog:OPENED:c-1,f-1,i0, conf=-1: [3989452c-7599-4156-9543-3fe544ced0f3:192.168.157.254:36320, eec99a0c-e1b1-4518-bc49-9d1a8c8e04d5:192.168.157.254:45598, d9e6ea44-93db-446f-8020-a94232284285:192.168.157.254:41671], old=null
2019-10-16 22:14:54,638 [3989452c-7599-4156-9543-3fe544ced0f3@group-83CFD60236D8-LeaderElection101] INFO  impl.RaftServerImpl (RaftServerImpl.java:setRole(184)) - 3989452c-7599-4156-9543-3fe544ced0f3@group-83CFD60236D8: changes role from CANDIDATE to FOLLOWER at term 96 for DISCOVERED_A_NEW_TERM
2019-10-16 22:14:54,638 [3989452c-7599-4156-9543-3fe544ced0f3@group-83CFD60236D8-LeaderElection101] INFO  impl.RoleInfo (RoleInfo.java:shutdownLeaderElection(134)) - 3989452c-7599-4156-9543-3fe544ced0f3: shutdown LeaderElection
2019-10-16 22:14:54,638 [3989452c-7599-4156-9543-3fe544ced0f3@group-83CFD60236D8-LeaderElection101] INFO  impl.RoleInfo (RoleInfo.java:updateAndGet(143)) - 3989452c-7599-4156-9543-3fe544ced0f3: start FollowerState
2019-10-16 22:14:54,788 [Thread-1560] INFO  impl.FollowerState (FollowerState.java:run(108)) - 3989452c-7599-4156-9543-3fe544ced0f3@group-83CFD60236D8-FollowerState: change to CANDIDATE, lastRpcTime:149ms, electionTimeout:149ms
2019-10-16 22:14:54,788 [Thread-1560] INFO  impl.RoleInfo (RoleInfo.java:shutdownFollowerState(121)) - 3989452c-7599-4156-9543-3fe544ced0f3: shutdown FollowerState
2019-10-16 22:14:54,788 [Thread-1560] INFO  impl.RaftServerImpl (RaftServerImpl.java:setRole(184)) - 3989452c-7599-4156-9543-3fe544ced0f3@group-83CFD60236D8: changes role from  FOLLOWER to CANDIDATE at term 96 for changeToCandidate
2019-10-16 22:14:54,788 [Thread-1560] INFO  impl.RoleInfo (RoleInfo.java:updateAndGet(143)) - 3989452c-7599-4156-9543-3fe544ced0f3: start LeaderElection
2019-10-16 22:14:54,814 [3989452c-7599-4156-9543-3fe544ced0f3@group-83CFD60236D8-LeaderElection102] INFO  impl.LeaderElection (LeaderElection.java:askForVotes(178)) - 3989452c-7599-4156-9543-3fe544ced0f3@group-83CFD60236D8-LeaderElection102: begin an election at term 97 for -1: [3989452c-7599-4156-9543-3fe544ced0f3:192.168.157.254:36320, eec99a0c-e1b1-4518-bc49-9d1a8c8e04d5:192.168.157.254:45598, d9e6ea44-93db-446f-8020-a94232284285:192.168.157.254:41671], old=null
2019-10-16 22:14:54,815 [3989452c-7599-4156-9543-3fe544ced0f3@group-83CFD60236D8-LeaderElection102] INFO  impl.LeaderElection (LeaderElection.java:logAndReturn(56)) - 3989452c-7599-4156-9543-3fe544ced0f3@group-83CFD60236D8-LeaderElection102: Election TIMEOUT; received 0 response(s) [] and 0 exception(s); 3989452c-7599-4156-9543-3fe544ced0f3@group-83CFD60236D8:t97, leader=null, voted=3989452c-7599-4156-9543-3fe544ced0f3, raftlog=3989452c-7599-4156-9543-3fe544ced0f3@group-83CFD60236D8-SegmentedRaftLog:OPENED:c-1,f-1,i0, conf=-1: [3989452c-7599-4156-9543-3fe544ced0f3:192.168.157.254:36320, eec99a0c-e1b1-4518-bc49-9d1a8c8e04d5:192.168.157.254:45598, d9e6ea44-93db-446f-8020-a94232284285:192.168.157.254:41671], old=null
2019-10-16 22:14:54,817 [grpc-default-executor-18] INFO  impl.RaftServerImpl (RaftServerImpl.java:setRole(184)) - eec99a0c-e1b1-4518-bc49-9d1a8c8e04d5@group-83CFD60236D8: changes role from  FOLLOWER to FOLLOWER at term 97 for recognizeCandidate:3989452c-7599-4156-9543-3fe544ced0f3
2019-10-16 22:14:54,817 [grpc-default-executor-23] INFO  impl.RaftServerImpl (RaftServerImpl.java:setRole(184)) - d9e6ea44-93db-446f-8020-a94232284285@group-83CFD60236D8: changes role from  FOLLOWER to FOLLOWER at term 97 for recognizeCandidate:3989452c-7599-4156-9543-3fe544ced0f3
2019-10-16 22:14:54,817 [grpc-default-executor-18] INFO  impl.RoleInfo (RoleInfo.java:shutdownFollowerState(121)) - eec99a0c-e1b1-4518-bc49-9d1a8c8e04d5: shutdown FollowerState
2019-10-16 22:14:54,817 [grpc-default-executor-23] INFO  impl.RoleInfo (RoleInfo.java:shutdownFollowerState(121)) - d9e6ea44-93db-446f-8020-a94232284285: shutdown FollowerState
2019-10-16 22:14:54,818 [Thread-1558] INFO  impl.FollowerState (FollowerState.java:run(117)) - eec99a0c-e1b1-4518-bc49-9d1a8c8e04d5@group-83CFD60236D8-FollowerState was interrupted: java.lang.InterruptedException: sleep interrupted
2019-10-16 22:14:54,818 [grpc-default-executor-18] INFO  impl.RoleInfo (RoleInfo.java:updateAndGet(143)) - eec99a0c-e1b1-4518-bc49-9d1a8c8e04d5: start FollowerState
2019-10-16 22:14:54,818 [Thread-1559] INFO  impl.FollowerState (FollowerState.java:run(117)) - d9e6ea44-93db-446f-8020-a94232284285@group-83CFD60236D8-FollowerState was interrupted: java.lang.InterruptedException: sleep interrupted
2019-10-16 22:14:54,818 [grpc-default-executor-23] INFO  impl.RoleInfo (RoleInfo.java:updateAndGet(143)) - d9e6ea44-93db-446f-8020-a94232284285: start FollowerState
2019-10-16 22:14:54,840 [3989452c-7599-4156-9543-3fe544ced0f3@group-83CFD60236D8-LeaderElection102] INFO  impl.LeaderElection (LeaderElection.java:askForVotes(178)) - 3989452c-7599-4156-9543-3fe544ced0f3@group-83CFD60236D8-LeaderElection102: begin an election at term 98 for -1: [3989452c-7599-4156-9543-3fe544ced0f3:192.168.157.254:36320, eec99a0c-e1b1-4518-bc49-9d1a8c8e04d5:192.168.157.254:45598, d9e6ea44-93db-446f-8020-a94232284285:192.168.157.254:41671], old=null
2019-10-16 22:14:54,842 [grpc-default-executor-18] INFO  impl.RaftServerImpl (RaftServerImpl.java:setRole(184)) - eec99a0c-e1b1-4518-bc49-9d1a8c8e04d5@group-83CFD60236D8: changes role from  FOLLOWER to FOLLOWER at term 98 for recognizeCandidate:3989452c-7599-4156-9543-3fe544ced0f3
2019-10-16 22:14:54,842 [grpc-default-executor-23] INFO  impl.RaftServerImpl (RaftServerImpl.java:setRole(184)) - d9e6ea44-93db-446f-8020-a94232284285@group-83CFD60236D8: changes role from  FOLLOWER to FOLLOWER at term 98 for recognizeCandidate:3989452c-7599-4156-9543-3fe544ced0f3
2019-10-16 22:14:54,842 [grpc-default-executor-18] INFO  impl.RoleInfo (RoleInfo.java:shutdownFollowerState(121)) - eec99a0c-e1b1-4518-bc49-9d1a8c8e04d5: shutdown FollowerState
2019-10-16 22:14:54,842 [grpc-default-executor-23] INFO  impl.RoleInfo (RoleInfo.java:shutdownFollowerState(121)) - d9e6ea44-93db-446f-8020-a94232284285: shutdown FollowerState
2019-10-16 22:14:54,842 [Thread-1564] INFO  impl.FollowerState (FollowerState.java:run(117)) - eec99a0c-e1b1-4518-bc49-9d1a8c8e04d5@group-83CFD60236D8-FollowerState was interrupted: java.lang.InterruptedException: sleep interrupted
2019-10-16 22:14:54,842 [grpc-default-executor-18] INFO  impl.RoleInfo (RoleInfo.java:updateAndGet(143)) - eec99a0c-e1b1-4518-bc49-9d1a8c8e04d5: start FollowerState
2019-10-16 22:14:54,843 [Thread-1565] INFO  impl.FollowerState (FollowerState.java:run(117)) - d9e6ea44-93db-446f-8020-a94232284285@group-83CFD60236D8-FollowerState was interrupted: java.lang.InterruptedException: sleep interrupted
2019-10-16 22:14:54,843 [grpc-default-executor-23] INFO  impl.RoleInfo (RoleInfo.java:updateAndGet(143)) - d9e6ea44-93db-446f-8020-a94232284285: start FollowerState
2019-10-16 22:14:54,868 [3989452c-7599-4156-9543-3fe544ced0f3@group-83CFD60236D8-LeaderElection102] INFO  impl.LeaderElection (LeaderElection.java:logAndReturn(56)) - 3989452c-7599-4156-9543-3fe544ced0f3@group-83CFD60236D8-LeaderElection102: Election REJECTED; received 2 response(s) [3989452c-7599-4156-9543-3fe544ced0f3<-eec99a0c-e1b1-4518-bc49-9d1a8c8e04d5#0:FAIL-t98, 3989452c-7599-4156-9543-3fe544ced0f3<-d9e6ea44-93db-446f-8020-a94232284285#0:FAIL-t98] and 0 exception(s); 3989452c-7599-4156-9543-3fe544ced0f3@group-83CFD60236D8:t98, leader=null, voted=3989452c-7599-4156-9543-3fe544ced0f3, raftlog=3989452c-7599-4156-9543-3fe544ced0f3@group-83CFD60236D8-SegmentedRaftLog:OPENED:c-1,f-1,i0, conf=-1: [3989452c-7599-4156-9543-3fe544ced0f3:192.168.157.254:36320, eec99a0c-e1b1-4518-bc49-9d1a8c8e04d5:192.168.157.254:45598, d9e6ea44-93db-446f-8020-a94232284285:192.168.157.254:41671], old=null
2019-10-16 22:14:54,869 [3989452c-7599-4156-9543-3fe544ced0f3@group-83CFD60236D8-LeaderElection102] INFO  impl.RaftServerImpl (RaftServerImpl.java:setRole(184)) - 3989452c-7599-4156-9543-3fe544ced0f3@group-83CFD60236D8: changes role from CANDIDATE to FOLLOWER at term 98 for DISCOVERED_A_NEW_TERM
2019-10-16 22:14:54,869 [3989452c-7599-4156-9543-3fe544ced0f3@group-83CFD60236D8-LeaderElection102] INFO  impl.RoleInfo (RoleInfo.java:shutdownLeaderElection(134)) - 3989452c-7599-4156-9543-3fe544ced0f3: shutdown LeaderElection
2019-10-16 22:14:54,869 [3989452c-7599-4156-9543-3fe544ced0f3@group-83CFD60236D8-LeaderElection102] INFO  impl.RoleInfo (RoleInfo.java:updateAndGet(143)) - 3989452c-7599-4156-9543-3fe544ced0f3: start FollowerState
2019-10-16 22:14:54,897 [Thread-1570] INFO  impl.FollowerState (FollowerState.java:run(108)) - 3989452c-7599-4156-9543-3fe544ced0f3@group-83CFD60236D8-FollowerState: change to CANDIDATE, lastRpcTime:28ms, electionTimeout:28ms
2019-10-16 22:14:54,897 [Thread-1570] INFO  impl.RoleInfo (RoleInfo.java:shutdownFollowerState(121)) - 3989452c-7599-4156-9543-3fe544ced0f3: shutdown FollowerState
2019-10-16 22:14:54,897 [Thread-1570] INFO  impl.RaftServerImpl (RaftServerImpl.java:setRole(184)) - 3989452c-7599-4156-9543-3fe544ced0f3@group-83CFD60236D8: changes role from  FOLLOWER to CANDIDATE at term 98 for changeToCandidate
2019-10-16 22:14:54,898 [Thread-1570] INFO  impl.RoleInfo (RoleInfo.java:updateAndGet(143)) - 3989452c-7599-4156-9543-3fe544ced0f3: start LeaderElection
2019-10-16 22:14:54,912 [3989452c-7599-4156-9543-3fe544ced0f3@group-83CFD60236D8-LeaderElection103] INFO  impl.LeaderElection (LeaderElection.java:askForVotes(178)) - 3989452c-7599-4156-9543-3fe544ced0f3@group-83CFD60236D8-LeaderElection103: begin an election at term 99 for -1: [3989452c-7599-4156-9543-3fe544ced0f3:192.168.157.254:36320, eec99a0c-e1b1-4518-bc49-9d1a8c8e04d5:192.168.157.254:45598, d9e6ea44-93db-446f-8020-a94232284285:192.168.157.254:41671], old=null
2019-10-16 22:14:54,914 [grpc-default-executor-23] INFO  impl.RaftServerImpl (RaftServerImpl.java:setRole(184)) - d9e6ea44-93db-446f-8020-a94232284285@group-83CFD60236D8: changes role from  FOLLOWER to FOLLOWER at term 99 for recognizeCandidate:3989452c-7599-4156-9543-3fe544ced0f3
2019-10-16 22:14:54,914 [grpc-default-executor-23] INFO  impl.RoleInfo (RoleInfo.java:shutdownFollowerState(121)) - d9e6ea44-93db-446f-8020-a94232284285: shutdown FollowerState
2019-10-16 22:14:54,914 [grpc-default-executor-18] INFO  impl.RaftServerImpl (RaftServerImpl.java:setRole(184)) - eec99a0c-e1b1-4518-bc49-9d1a8c8e04d5@group-83CFD60236D8: changes role from  FOLLOWER to FOLLOWER at term 99 for recognizeCandidate:3989452c-7599-4156-9543-3fe544ced0f3
2019-10-16 22:14:54,914 [grpc-default-executor-23] INFO  impl.RoleInfo (RoleInfo.java:updateAndGet(143)) - d9e6ea44-93db-446f-8020-a94232284285: start FollowerState
2019-10-16 22:14:54,914 [Thread-1569] INFO  impl.FollowerState (FollowerState.java:run(117)) - d9e6ea44-93db-446f-8020-a94232284285@group-83CFD60236D8-FollowerState was interrupted: java.lang.InterruptedException: sleep interrupted
2019-10-16 22:14:54,915 [grpc-default-executor-18] INFO  impl.RoleInfo (RoleInfo.java:shutdownFollowerState(121)) - eec99a0c-e1b1-4518-bc49-9d1a8c8e04d5: shutdown FollowerState
2019-10-16 22:14:54,915 [grpc-default-executor-18] INFO  impl.RoleInfo (RoleInfo.java:updateAndGet(143)) - eec99a0c-e1b1-4518-bc49-9d1a8c8e04d5: start FollowerState
2019-10-16 22:14:54,915 [Thread-1568] INFO  impl.FollowerState (FollowerState.java:run(117)) - eec99a0c-e1b1-4518-bc49-9d1a8c8e04d5@group-83CFD60236D8-FollowerState was interrupted: java.lang.InterruptedException: sleep interrupted
2019-10-16 22:14:54,941 [3989452c-7599-4156-9543-3fe544ced0f3@group-83CFD60236D8-LeaderElection103] INFO  impl.LeaderElection (LeaderElection.java:logAndReturn(56)) - 3989452c-7599-4156-9543-3fe544ced0f3@group-83CFD60236D8-LeaderElection103: Election REJECTED; received 2 response(s) [3989452c-7599-4156-9543-3fe544ced0f3<-eec99a0c-e1b1-4518-bc49-9d1a8c8e04d5#0:FAIL-t99, 3989452c-7599-4156-9543-3fe544ced0f3<-d9e6ea44-93db-446f-8020-a94232284285#0:FAIL-t99] and 0 exception(s); 3989452c-7599-4156-9543-3fe544ced0f3@group-83CFD60236D8:t99, leader=null, voted=3989452c-7599-4156-9543-3fe544ced0f3, raftlog=3989452c-7599-4156-9543-3fe544ced0f3@group-83CFD60236D8-SegmentedRaftLog:OPENED:c-1,f-1,i0, conf=-1: [3989452c-7599-4156-9543-3fe544ced0f3:192.168.157.254:36320, eec99a0c-e1b1-4518-bc49-9d1a8c8e04d5:192.168.157.254:45598, d9e6ea44-93db-446f-8020-a94232284285:192.168.157.254:41671], old=null
2019-10-16 22:14:54,942 [3989452c-7599-4156-9543-3fe544ced0f3@group-83CFD60236D8-LeaderElection103] INFO  impl.RaftServerImpl (RaftServerImpl.java:setRole(184)) - 3989452c-7599-4156-9543-3fe544ced0f3@group-83CFD60236D8: changes role from CANDIDATE to FOLLOWER at term 99 for DISCOVERED_A_NEW_TERM
2019-10-16 22:14:54,942 [3989452c-7599-4156-9543-3fe544ced0f3@group-83CFD60236D8-LeaderElection103] INFO  impl.RoleInfo (RoleInfo.java:shutdownLeaderElection(134)) - 3989452c-7599-4156-9543-3fe544ced0f3: shutdown LeaderElection
2019-10-16 22:14:54,942 [3989452c-7599-4156-9543-3fe544ced0f3@group-83CFD60236D8-LeaderElection103] INFO  impl.RoleInfo (RoleInfo.java:updateAndGet(143)) - 3989452c-7599-4156-9543-3fe544ced0f3: start FollowerState
2019-10-16 22:14:54,963 [Thread-1576] INFO  impl.FollowerState (FollowerState.java:run(108)) - 3989452c-7599-4156-9543-3fe544ced0f3@group-83CFD60236D8-FollowerState: change to CANDIDATE, lastRpcTime:21ms, electionTimeout:21ms
2019-10-16 22:14:54,963 [Thread-1576] INFO  impl.RoleInfo (RoleInfo.java:shutdownFollowerState(121)) - 3989452c-7599-4156-9543-3fe544ced0f3: shutdown FollowerState
2019-10-16 22:14:54,963 [Thread-1576] INFO  impl.RaftServerImpl (RaftServerImpl.java:setRole(184)) - 3989452c-7599-4156-9543-3fe544ced0f3@group-83CFD60236D8: changes role from  FOLLOWER to CANDIDATE at term 99 for changeToCandidate
2019-10-16 22:14:54,964 [Thread-1576] INFO  impl.RoleInfo (RoleInfo.java:updateAndGet(143)) - 3989452c-7599-4156-9543-3fe544ced0f3: start LeaderElection
2019-10-16 22:14:54,978 [3989452c-7599-4156-9543-3fe544ced0f3@group-83CFD60236D8-LeaderElection104] INFO  impl.LeaderElection (LeaderElection.java:askForVotes(178)) - 3989452c-7599-4156-9543-3fe544ced0f3@group-83CFD60236D8-LeaderElection104: begin an election at term 100 for -1: [3989452c-7599-4156-9543-3fe544ced0f3:192.168.157.254:36320, eec99a0c-e1b1-4518-bc49-9d1a8c8e04d5:192.168.157.254:45598, d9e6ea44-93db-446f-8020-a94232284285:192.168.157.254:41671], old=null
2019-10-16 22:14:54,979 [grpc-default-executor-23] INFO  impl.RaftServerImpl (RaftServerImpl.java:setRole(184)) - eec99a0c-e1b1-4518-bc49-9d1a8c8e04d5@group-83CFD60236D8: changes role from  FOLLOWER to FOLLOWER at term 100 for recognizeCandidate:3989452c-7599-4156-9543-3fe544ced0f3
2019-10-16 22:14:54,980 [grpc-default-executor-23] INFO  impl.RoleInfo (RoleInfo.java:shutdownFollowerState(121)) - eec99a0c-e1b1-4518-bc49-9d1a8c8e04d5: shutdown FollowerState
2019-10-16 22:14:54,980 [grpc-default-executor-23] INFO  impl.RoleInfo (RoleInfo.java:updateAndGet(143)) - eec99a0c-e1b1-4518-bc49-9d1a8c8e04d5: start FollowerState
2019-10-16 22:14:54,980 [Thread-1575] INFO  impl.FollowerState (FollowerState.java:run(117)) - eec99a0c-e1b1-4518-bc49-9d1a8c8e04d5@group-83CFD60236D8-FollowerState was interrupted: java.lang.InterruptedException: sleep interrupted
2019-10-16 22:14:54,980 [grpc-default-executor-18] INFO  impl.RaftServerImpl (RaftServerImpl.java:setRole(184)) - d9e6ea44-93db-446f-8020-a94232284285@group-83CFD60236D8: changes role from  FOLLOWER to FOLLOWER at term 100 for recognizeCandidate:3989452c-7599-4156-9543-3fe544ced0f3
2019-10-16 22:14:54,980 [grpc-default-executor-18] INFO  impl.RoleInfo (RoleInfo.java:shutdownFollowerState(121)) - d9e6ea44-93db-446f-8020-a94232284285: shutdown FollowerState
2019-10-16 22:14:54,980 [grpc-default-executor-18] INFO  impl.RoleInfo (RoleInfo.java:updateAndGet(143)) - d9e6ea44-93db-446f-8020-a94232284285: start FollowerState
2019-10-16 22:14:54,980 [Thread-1574] INFO  impl.FollowerState (FollowerState.java:run(117)) - d9e6ea44-93db-446f-8020-a94232284285@group-83CFD60236D8-FollowerState was interrupted: java.lang.InterruptedException: sleep interrupted
2019-10-16 22:14:54,987 [3989452c-7599-4156-9543-3fe544ced0f3@group-83CFD60236D8-LeaderElection104] INFO  impl.LeaderElection (LeaderElection.java:logAndReturn(56)) - 3989452c-7599-4156-9543-3fe544ced0f3@group-83CFD60236D8-LeaderElection104: Election REJECTED; received 2 response(s) [3989452c-7599-4156-9543-3fe544ced0f3<-eec99a0c-e1b1-4518-bc49-9d1a8c8e04d5#0:FAIL-t100, 3989452c-7599-4156-9543-3fe544ced0f3<-d9e6ea44-93db-446f-8020-a94232284285#0:FAIL-t100] and 0 exception(s); 3989452c-7599-4156-9543-3fe544ced0f3@group-83CFD60236D8:t100, leader=null, voted=3989452c-7599-4156-9543-3fe544ced0f3, raftlog=3989452c-7599-4156-9543-3fe544ced0f3@group-83CFD60236D8-SegmentedRaftLog:OPENED:c-1,f-1,i0, conf=-1: [3989452c-7599-4156-9543-3fe544ced0f3:192.168.157.254:36320, eec99a0c-e1b1-4518-bc49-9d1a8c8e04d5:192.168.157.254:45598, d9e6ea44-93db-446f-8020-a94232284285:192.168.157.254:41671], old=null
2019-10-16 22:14:54,987 [3989452c-7599-4156-9543-3fe544ced0f3@group-83CFD60236D8-LeaderElection104] INFO  impl.RaftServerImpl (RaftServerImpl.java:setRole(184)) - 3989452c-7599-4156-9543-3fe544ced0f3@group-83CFD60236D8: changes role from CANDIDATE to FOLLOWER at term 100 for DISCOVERED_A_NEW_TERM
2019-10-16 22:14:54,987 [3989452c-7599-4156-9543-3fe544ced0f3@group-83CFD60236D8-LeaderElection104] INFO  impl.RoleInfo (RoleInfo.java:shutdownLeaderElection(134)) - 3989452c-7599-4156-9543-3fe544ced0f3: shutdown LeaderElection
2019-10-16 22:14:54,987 [3989452c-7599-4156-9543-3fe544ced0f3@group-83CFD60236D8-LeaderElection104] INFO  impl.RoleInfo (RoleInfo.java:updateAndGet(143)) - 3989452c-7599-4156-9543-3fe544ced0f3: start FollowerState
 0.00% |?                                                                                                    |  0/1 Time: 0:06:112019-10-16 22:14:55,100 [Thread-1582] INFO  impl.FollowerState (FollowerState.java:run(108)) - 3989452c-7599-4156-9543-3fe544ced0f3@group-83CFD60236D8-FollowerState: change to CANDIDATE, lastRpcTime:113ms, electionTimeout:113ms
2019-10-16 22:14:55,101 [Thread-1582] INFO  impl.RoleInfo (RoleInfo.java:shutdownFollowerState(121)) - 3989452c-7599-4156-9543-3fe544ced0f3: shutdown FollowerState
2019-10-16 22:14:55,101 [Thread-1582] INFO  impl.RaftServerImpl (RaftServerImpl.java:setRole(184)) - 3989452c-7599-4156-9543-3fe544ced0f3@group-83CFD60236D8: changes role from  FOLLOWER to CANDIDATE at term 100 for changeToCandidate
2019-10-16 22:14:55,101 [Thread-1582] INFO  impl.RoleInfo (RoleInfo.java:updateAndGet(143)) - 3989452c-7599-4156-9543-3fe544ced0f3: start LeaderElection
2019-10-16 22:14:55,127 [3989452c-7599-4156-9543-3fe544ced0f3@group-83CFD60236D8-LeaderElection105] INFO  impl.LeaderElection (LeaderElection.java:askForVotes(178)) - 3989452c-7599-4156-9543-3fe544ced0f3@group-83CFD60236D8-LeaderElection105: begin an election at term 101 for -1: [3989452c-7599-4156-9543-3fe544ced0f3:192.168.157.254:36320, eec99a0c-e1b1-4518-bc49-9d1a8c8e04d5:192.168.157.254:45598, d9e6ea44-93db-446f-8020-a94232284285:192.168.157.254:41671], old=null
2019-10-16 22:14:55,129 [grpc-default-executor-18] INFO  impl.RaftServerImpl (RaftServerImpl.java:setRole(184)) - eec99a0c-e1b1-4518-bc49-9d1a8c8e04d5@group-83CFD60236D8: changes role from  FOLLOWER to FOLLOWER at term 101 for recognizeCandidate:3989452c-7599-4156-9543-3fe544ced0f3
2019-10-16 22:14:55,129 [grpc-default-executor-18] INFO  impl.RoleInfo (RoleInfo.java:shutdownFollowerState(121)) - eec99a0c-e1b1-4518-bc49-9d1a8c8e04d5: shutdown FollowerState
2019-10-16 22:14:55,129 [grpc-default-executor-23] INFO  impl.RaftServerImpl (RaftServerImpl.java:setRole(184)) - d9e6ea44-93db-446f-8020-a94232284285@group-83CFD60236D8: changes role from  FOLLOWER to FOLLOWER at term 101 for recognizeCandidate:3989452c-7599-4156-9543-3fe544ced0f3
2019-10-16 22:14:55,130 [grpc-default-executor-23] INFO  impl.RoleInfo (RoleInfo.java:shutdownFollowerState(121)) - d9e6ea44-93db-446f-8020-a94232284285: shutdown FollowerState
2019-10-16 22:14:55,130 [Thread-1580] INFO  impl.FollowerState (FollowerState.java:run(117)) - eec99a0c-e1b1-4518-bc49-9d1a8c8e04d5@group-83CFD60236D8-FollowerState was interrupted: java.lang.InterruptedException: sleep interrupted
2019-10-16 22:14:55,130 [Thread-1581] INFO  impl.FollowerState (FollowerState.java:run(117)) - d9e6ea44-93db-446f-8020-a94232284285@group-83CFD60236D8-FollowerState was interrupted: java.lang.InterruptedException: sleep interrupted
2019-10-16 22:14:55,129 [grpc-default-executor-18] INFO  impl.RoleInfo (RoleInfo.java:updateAndGet(143)) - eec99a0c-e1b1-4518-bc49-9d1a8c8e04d5: start FollowerState
2019-10-16 22:14:55,130 [grpc-default-executor-23] INFO  impl.RoleInfo (RoleInfo.java:updateAndGet(143)) - d9e6ea44-93db-446f-8020-a94232284285: start FollowerState
2019-10-16 22:14:55,146 [3989452c-7599-4156-9543-3fe544ced0f3@group-83CFD60236D8-LeaderElection105] INFO  impl.LeaderElection (LeaderElection.java:logAndReturn(56)) - 3989452c-7599-4156-9543-3fe544ced0f3@group-83CFD60236D8-LeaderElection105: Election REJECTED; received 2 response(s) [3989452c-7599-4156-9543-3fe544ced0f3<-eec99a0c-e1b1-4518-bc49-9d1a8c8e04d5#0:FAIL-t101, 3989452c-7599-4156-9543-3fe544ced0f3<-d9e6ea44-93db-446f-8020-a94232284285#0:FAIL-t101] and 0 exception(s); 3989452c-7599-4156-9543-3fe544ced0f3@group-83CFD60236D8:t101, leader=null, voted=3989452c-7599-4156-9543-3fe544ced0f3, raftlog=3989452c-7599-4156-9543-3fe544ced0f3@group-83CFD60236D8-SegmentedRaftLog:OPENED:c-1,f-1,i0, conf=-1: [3989452c-7599-4156-9543-3fe544ced0f3:192.168.157.254:36320, eec99a0c-e1b1-4518-bc49-9d1a8c8e04d5:192.168.157.254:45598, d9e6ea44-93db-446f-8020-a94232284285:192.168.157.254:41671], old=null
2019-10-16 22:14:55,146 [3989452c-7599-4156-9543-3fe544ced0f3@group-83CFD60236D8-LeaderElection105] INFO  impl.RaftServerImpl (RaftServerImpl.java:setRole(184)) - 3989452c-7599-4156-9543-3fe544ced0f3@group-83CFD60236D8: changes role from CANDIDATE to FOLLOWER at term 101 for DISCOVERED_A_NEW_TERM
2019-10-16 22:14:55,146 [3989452c-7599-4156-9543-3fe544ced0f3@group-83CFD60236D8-LeaderElection105] INFO  impl.RoleInfo (RoleInfo.java:shutdownLeaderElection(134)) - 3989452c-7599-4156-9543-3fe544ced0f3: shutdown LeaderElection
2019-10-16 22:14:55,146 [3989452c-7599-4156-9543-3fe544ced0f3@group-83CFD60236D8-LeaderElection105] INFO  impl.RoleInfo (RoleInfo.java:updateAndGet(143)) - 3989452c-7599-4156-9543-3fe544ced0f3: start FollowerState
2019-10-16 22:14:55,290 [Thread-1588] INFO  impl.FollowerState (FollowerState.java:run(108)) - 3989452c-7599-4156-9543-3fe544ced0f3@group-83CFD60236D8-FollowerState: change to CANDIDATE, lastRpcTime:143ms, electionTimeout:143ms
2019-10-16 22:14:55,290 [Thread-1588] INFO  impl.RoleInfo (RoleInfo.java:shutdownFollowerState(121)) - 3989452c-7599-4156-9543-3fe544ced0f3: shutdown FollowerState
2019-10-16 22:14:55,290 [Thread-1588] INFO  impl.RaftServerImpl (RaftServerImpl.java:setRole(184)) - 3989452c-7599-4156-9543-3fe544ced0f3@group-83CFD60236D8: changes role from  FOLLOWER to CANDIDATE at term 101 for changeToCandidate
2019-10-16 22:14:55,290 [Thread-1588] INFO  impl.RoleInfo (RoleInfo.java:updateAndGet(143)) - 3989452c-7599-4156-9543-3fe544ced0f3: start LeaderElection
2019-10-16 22:14:55,304 [3989452c-7599-4156-9543-3fe544ced0f3@group-83CFD60236D8-LeaderElection106] INFO  impl.LeaderElection (LeaderElection.java:askForVotes(178)) - 3989452c-7599-4156-9543-3fe544ced0f3@group-83CFD60236D8-LeaderElection106: begin an election at term 102 for -1: [3989452c-7599-4156-9543-3fe544ced0f3:192.168.157.254:36320, eec99a0c-e1b1-4518-bc49-9d1a8c8e04d5:192.168.157.254:45598, d9e6ea44-93db-446f-8020-a94232284285:192.168.157.254:41671], old=null
2019-10-16 22:14:55,306 [grpc-default-executor-23] INFO  impl.RaftServerImpl (RaftServerImpl.java:setRole(184)) - eec99a0c-e1b1-4518-bc49-9d1a8c8e04d5@group-83CFD60236D8: changes role from  FOLLOWER to FOLLOWER at term 102 for recognizeCandidate:3989452c-7599-4156-9543-3fe544ced0f3
2019-10-16 22:14:55,306 [grpc-default-executor-18] INFO  impl.RaftServerImpl (RaftServerImpl.java:setRole(184)) - d9e6ea44-93db-446f-8020-a94232284285@group-83CFD60236D8: changes role from  FOLLOWER to FOLLOWER at term 102 for recognizeCandidate:3989452c-7599-4156-9543-3fe544ced0f3
2019-10-16 22:14:55,306 [grpc-default-executor-18] INFO  impl.RoleInfo (RoleInfo.java:shutdownFollowerState(121)) - d9e6ea44-93db-446f-8020-a94232284285: shutdown FollowerState
2019-10-16 22:14:55,306 [grpc-default-executor-23] INFO  impl.RoleInfo (RoleInfo.java:shutdownFollowerState(121)) - eec99a0c-e1b1-4518-bc49-9d1a8c8e04d5: shutdown FollowerState
2019-10-16 22:14:55,306 [grpc-default-executor-18] INFO  impl.RoleInfo (RoleInfo.java:updateAndGet(143)) - d9e6ea44-93db-446f-8020-a94232284285: start FollowerState
2019-10-16 22:14:55,306 [grpc-default-executor-23] INFO  impl.RoleInfo (RoleInfo.java:updateAndGet(143)) - eec99a0c-e1b1-4518-bc49-9d1a8c8e04d5: start FollowerState
2019-10-16 22:14:55,306 [Thread-1587] INFO  impl.FollowerState (FollowerState.java:run(117)) - d9e6ea44-93db-446f-8020-a94232284285@group-83CFD60236D8-FollowerState was interrupted: java.lang.InterruptedException: sleep interrupted
2019-10-16 22:14:55,306 [Thread-1586] INFO  impl.FollowerState (FollowerState.java:run(117)) - eec99a0c-e1b1-4518-bc49-9d1a8c8e04d5@group-83CFD60236D8-FollowerState was interrupted: java.lang.InterruptedException: sleep interrupted
2019-10-16 22:14:55,323 [3989452c-7599-4156-9543-3fe544ced0f3@group-83CFD60236D8-LeaderElection106] INFO  impl.LeaderElection (LeaderElection.java:logAndReturn(56)) - 3989452c-7599-4156-9543-3fe544ced0f3@group-83CFD60236D8-LeaderElection106: Election REJECTED; received 2 response(s) [3989452c-7599-4156-9543-3fe544ced0f3<-eec99a0c-e1b1-4518-bc49-9d1a8c8e04d5#0:FAIL-t102, 3989452c-7599-4156-9543-3fe544ced0f3<-d9e6ea44-93db-446f-8020-a94232284285#0:FAIL-t102] and 0 exception(s); 3989452c-7599-4156-9543-3fe544ced0f3@group-83CFD60236D8:t102, leader=null, voted=3989452c-7599-4156-9543-3fe544ced0f3, raftlog=3989452c-7599-4156-9543-3fe544ced0f3@group-83CFD60236D8-SegmentedRaftLog:OPENED:c-1,f-1,i0, conf=-1: [3989452c-7599-4156-9543-3fe544ced0f3:192.168.157.254:36320, eec99a0c-e1b1-4518-bc49-9d1a8c8e04d5:192.168.157.254:45598, d9e6ea44-93db-446f-8020-a94232284285:192.168.157.254:41671], old=null
2019-10-16 22:14:55,323 [3989452c-7599-4156-9543-3fe544ced0f3@group-83CFD60236D8-LeaderElection106] INFO  impl.RaftServerImpl (RaftServerImpl.java:setRole(184)) - 3989452c-7599-4156-9543-3fe544ced0f3@group-83CFD60236D8: changes role from CANDIDATE to FOLLOWER at term 102 for DISCOVERED_A_NEW_TERM
2019-10-16 22:14:55,323 [3989452c-7599-4156-9543-3fe544ced0f3@group-83CFD60236D8-LeaderElection106] INFO  impl.RoleInfo (RoleInfo.java:shutdownLeaderElection(134)) - 3989452c-7599-4156-9543-3fe544ced0f3: shutdown LeaderElection
2019-10-16 22:14:55,323 [3989452c-7599-4156-9543-3fe544ced0f3@group-83CFD60236D8-LeaderElection106] INFO  impl.RoleInfo (RoleInfo.java:updateAndGet(143)) - 3989452c-7599-4156-9543-3fe544ced0f3: start FollowerState
2019-10-16 22:14:55,470 [Thread-1594] INFO  impl.FollowerState (FollowerState.java:run(108)) - 3989452c-7599-4156-9543-3fe544ced0f3@group-83CFD60236D8-FollowerState: change to CANDIDATE, lastRpcTime:146ms, electionTimeout:146ms
2019-10-16 22:14:55,470 [Thread-1594] INFO  impl.RoleInfo (RoleInfo.java:shutdownFollowerState(121)) - 3989452c-7599-4156-9543-3fe544ced0f3: shutdown FollowerState
2019-10-16 22:14:55,470 [Thread-1594] INFO  impl.RaftServerImpl (RaftServerImpl.java:setRole(184)) - 3989452c-7599-4156-9543-3fe544ced0f3@group-83CFD60236D8: changes role from  FOLLOWER to CANDIDATE at term 102 for changeToCandidate
2019-10-16 22:14:55,470 [Thread-1594] INFO  impl.RoleInfo (RoleInfo.java:updateAndGet(143)) - 3989452c-7599-4156-9543-3fe544ced0f3: start LeaderElection
2019-10-16 22:14:55,484 [3989452c-7599-4156-9543-3fe544ced0f3@group-83CFD60236D8-LeaderElection107] INFO  impl.LeaderElection (LeaderElection.java:askForVotes(178)) - 3989452c-7599-4156-9543-3fe544ced0f3@group-83CFD60236D8-LeaderElection107: begin an election at term 103 for -1: [3989452c-7599-4156-9543-3fe544ced0f3:192.168.157.254:36320, eec99a0c-e1b1-4518-bc49-9d1a8c8e04d5:192.168.157.254:45598, d9e6ea44-93db-446f-8020-a94232284285:192.168.157.254:41671], old=null
2019-10-16 22:14:55,486 [grpc-default-executor-18] INFO  impl.RaftServerImpl (RaftServerImpl.java:setRole(184)) - eec99a0c-e1b1-4518-bc49-9d1a8c8e04d5@group-83CFD60236D8: changes role from  FOLLOWER to FOLLOWER at term 103 for recognizeCandidate:3989452c-7599-4156-9543-3fe544ced0f3
2019-10-16 22:14:55,486 [grpc-default-executor-18] INFO  impl.RoleInfo (RoleInfo.java:shutdownFollowerState(121)) - eec99a0c-e1b1-4518-bc49-9d1a8c8e04d5: shutdown FollowerState
2019-10-16 22:14:55,486 [grpc-default-executor-23] INFO  impl.RaftServerImpl (RaftServerImpl.java:setRole(184)) - d9e6ea44-93db-446f-8020-a94232284285@group-83CFD60236D8: changes role from  FOLLOWER to FOLLOWER at term 103 for recognizeCandidate:3989452c-7599-4156-9543-3fe544ced0f3
2019-10-16 22:14:55,486 [grpc-default-executor-18] INFO  impl.RoleInfo (RoleInfo.java:updateAndGet(143)) - eec99a0c-e1b1-4518-bc49-9d1a8c8e04d5: start FollowerState
2019-10-16 22:14:55,486 [Thread-1593] INFO  impl.FollowerState (FollowerState.java:run(117)) - eec99a0c-e1b1-4518-bc49-9d1a8c8e04d5@group-83CFD60236D8-FollowerState was interrupted: java.lang.InterruptedException: sleep interrupted
2019-10-16 22:14:55,486 [grpc-default-executor-23] INFO  impl.RoleInfo (RoleInfo.java:shutdownFollowerState(121)) - d9e6ea44-93db-446f-8020-a94232284285: shutdown FollowerState
2019-10-16 22:14:55,487 [grpc-default-executor-23] INFO  impl.RoleInfo (RoleInfo.java:updateAndGet(143)) - d9e6ea44-93db-446f-8020-a94232284285: start FollowerState
2019-10-16 22:14:55,487 [Thread-1592] INFO  impl.FollowerState (FollowerState.java:run(117)) - d9e6ea44-93db-446f-8020-a94232284285@group-83CFD60236D8-FollowerState was interrupted: java.lang.InterruptedException: sleep interrupted
2019-10-16 22:14:55,500 [3989452c-7599-4156-9543-3fe544ced0f3@group-83CFD60236D8-LeaderElection107] INFO  impl.LeaderElection (LeaderElection.java:logAndReturn(56)) - 3989452c-7599-4156-9543-3fe544ced0f3@group-83CFD60236D8-LeaderElection107: Election REJECTED; received 2 response(s) [3989452c-7599-4156-9543-3fe544ced0f3<-eec99a0c-e1b1-4518-bc49-9d1a8c8e04d5#0:FAIL-t103, 3989452c-7599-4156-9543-3fe544ced0f3<-d9e6ea44-93db-446f-8020-a94232284285#0:FAIL-t103] and 0 exception(s); 3989452c-7599-4156-9543-3fe544ced0f3@group-83CFD60236D8:t103, leader=null, voted=3989452c-7599-4156-9543-3fe544ced0f3, raftlog=3989452c-7599-4156-9543-3fe544ced0f3@group-83CFD60236D8-SegmentedRaftLog:OPENED:c-1,f-1,i0, conf=-1: [3989452c-7599-4156-9543-3fe544ced0f3:192.168.157.254:36320, eec99a0c-e1b1-4518-bc49-9d1a8c8e04d5:192.168.157.254:45598, d9e6ea44-93db-446f-8020-a94232284285:192.168.157.254:41671], old=null
2019-10-16 22:14:55,501 [3989452c-7599-4156-9543-3fe544ced0f3@group-83CFD60236D8-LeaderElection107] INFO  impl.RaftServerImpl (RaftServerImpl.java:setRole(184)) - 3989452c-7599-4156-9543-3fe544ced0f3@group-83CFD60236D8: changes role from CANDIDATE to FOLLOWER at term 103 for DISCOVERED_A_NEW_TERM
2019-10-16 22:14:55,501 [3989452c-7599-4156-9543-3fe544ced0f3@group-83CFD60236D8-LeaderElection107] INFO  impl.RoleInfo (RoleInfo.java:shutdownLeaderElection(134)) - 3989452c-7599-4156-9543-3fe544ced0f3: shutdown LeaderElection
2019-10-16 22:14:55,501 [3989452c-7599-4156-9543-3fe544ced0f3@group-83CFD60236D8-LeaderElection107] INFO  impl.RoleInfo (RoleInfo.java:updateAndGet(143)) - 3989452c-7599-4156-9543-3fe544ced0f3: start FollowerState
2019-10-16 22:14:55,541 [Thread-1600] INFO  impl.FollowerState (FollowerState.java:run(108)) - 3989452c-7599-4156-9543-3fe544ced0f3@group-83CFD60236D8-FollowerState: change to CANDIDATE, lastRpcTime:40ms, electionTimeout:40ms
2019-10-16 22:14:55,542 [Thread-1600] INFO  impl.RoleInfo (RoleInfo.java:shutdownFollowerState(121)) - 3989452c-7599-4156-9543-3fe544ced0f3: shutdown FollowerState
2019-10-16 22:14:55,542 [Thread-1600] INFO  impl.RaftServerImpl (RaftServerImpl.java:setRole(184)) - 3989452c-7599-4156-9543-3fe544ced0f3@group-83CFD60236D8: changes role from  FOLLOWER to CANDIDATE at term 103 for changeToCandidate
2019-10-16 22:14:55,542 [Thread-1600] INFO  impl.RoleInfo (RoleInfo.java:updateAndGet(143)) - 3989452c-7599-4156-9543-3fe544ced0f3: start LeaderElection
2019-10-16 22:14:55,555 [3989452c-7599-4156-9543-3fe544ced0f3@group-83CFD60236D8-LeaderElection108] INFO  impl.LeaderElection (LeaderElection.java:askForVotes(178)) - 3989452c-7599-4156-9543-3fe544ced0f3@group-83CFD60236D8-LeaderElection108: begin an election at term 104 for -1: [3989452c-7599-4156-9543-3fe544ced0f3:192.168.157.254:36320, eec99a0c-e1b1-4518-bc49-9d1a8c8e04d5:192.168.157.254:45598, d9e6ea44-93db-446f-8020-a94232284285:192.168.157.254:41671], old=null
2019-10-16 22:14:55,556 [grpc-default-executor-23] INFO  impl.RaftServerImpl (RaftServerImpl.java:setRole(184)) - eec99a0c-e1b1-4518-bc49-9d1a8c8e04d5@group-83CFD60236D8: changes role from  FOLLOWER to FOLLOWER at term 104 for recognizeCandidate:3989452c-7599-4156-9543-3fe544ced0f3
2019-10-16 22:14:55,557 [grpc-default-executor-23] INFO  impl.RoleInfo (RoleInfo.java:shutdownFollowerState(121)) - eec99a0c-e1b1-4518-bc49-9d1a8c8e04d5: shutdown FollowerState
2019-10-16 22:14:55,557 [grpc-default-executor-18] INFO  impl.RaftServerImpl (RaftServerImpl.java:setRole(184)) - d9e6ea44-93db-446f-8020-a94232284285@group-83CFD60236D8: changes role from  FOLLOWER to FOLLOWER at term 104 for recognizeCandidate:3989452c-7599-4156-9543-3fe544ced0f3
2019-10-16 22:14:55,557 [grpc-default-executor-18] INFO  impl.RoleInfo (RoleInfo.java:shutdownFollowerState(121)) - d9e6ea44-93db-446f-8020-a94232284285: shutdown FollowerState
2019-10-16 22:14:55,557 [Thread-1598] INFO  impl.FollowerState (FollowerState.java:run(117)) - eec99a0c-e1b1-4518-bc49-9d1a8c8e04d5@group-83CFD60236D8-FollowerState was interrupted: java.lang.InterruptedException: sleep interrupted
2019-10-16 22:14:55,557 [grpc-default-executor-23] INFO  impl.RoleInfo (RoleInfo.java:updateAndGet(143)) - eec99a0c-e1b1-4518-bc49-9d1a8c8e04d5: start FollowerState
2019-10-16 22:14:55,557 [Thread-1599] INFO  impl.FollowerState (FollowerState.java:run(117)) - d9e6ea44-93db-446f-8020-a94232284285@group-83CFD60236D8-FollowerState was interrupted: java.lang.InterruptedException: sleep interrupted
2019-10-16 22:14:55,557 [grpc-default-executor-18] INFO  impl.RoleInfo (RoleInfo.java:updateAndGet(143)) - d9e6ea44-93db-446f-8020-a94232284285: start FollowerState
2019-10-16 22:14:55,575 [3989452c-7599-4156-9543-3fe544ced0f3@group-83CFD60236D8-LeaderElection108] INFO  impl.LeaderElection (LeaderElection.java:logAndReturn(56)) - 3989452c-7599-4156-9543-3fe544ced0f3@group-83CFD60236D8-LeaderElection108: Election REJECTED; received 2 response(s) [3989452c-7599-4156-9543-3fe544ced0f3<-eec99a0c-e1b1-4518-bc49-9d1a8c8e04d5#0:FAIL-t104, 3989452c-7599-4156-9543-3fe544ced0f3<-d9e6ea44-93db-446f-8020-a94232284285#0:FAIL-t104] and 0 exception(s); 3989452c-7599-4156-9543-3fe544ced0f3@group-83CFD60236D8:t104, leader=null, voted=3989452c-7599-4156-9543-3fe544ced0f3, raftlog=3989452c-7599-4156-9543-3fe544ced0f3@group-83CFD60236D8-SegmentedRaftLog:OPENED:c-1,f-1,i0, conf=-1: [3989452c-7599-4156-9543-3fe544ced0f3:192.168.157.254:36320, eec99a0c-e1b1-4518-bc49-9d1a8c8e04d5:192.168.157.254:45598, d9e6ea44-93db-446f-8020-a94232284285:192.168.157.254:41671], old=null
2019-10-16 22:14:55,575 [3989452c-7599-4156-9543-3fe544ced0f3@group-83CFD60236D8-LeaderElection108] INFO  impl.RaftServerImpl (RaftServerImpl.java:setRole(184)) - 3989452c-7599-4156-9543-3fe544ced0f3@group-83CFD60236D8: changes role from CANDIDATE to FOLLOWER at term 104 for DISCOVERED_A_NEW_TERM
2019-10-16 22:14:55,575 [3989452c-7599-4156-9543-3fe544ced0f3@group-83CFD60236D8-LeaderElection108] INFO  impl.RoleInfo (RoleInfo.java:shutdownLeaderElection(134)) - 3989452c-7599-4156-9543-3fe544ced0f3: shutdown LeaderElection
2019-10-16 22:14:55,575 [3989452c-7599-4156-9543-3fe544ced0f3@group-83CFD60236D8-LeaderElection108] INFO  impl.RoleInfo (RoleInfo.java:updateAndGet(143)) - 3989452c-7599-4156-9543-3fe544ced0f3: start FollowerState
2019-10-16 22:14:55,726 [Thread-1606] INFO  impl.FollowerState (FollowerState.java:run(108)) - 3989452c-7599-4156-9543-3fe544ced0f3@group-83CFD60236D8-FollowerState: change to CANDIDATE, lastRpcTime:151ms, electionTimeout:151ms
2019-10-16 22:14:55,727 [Thread-1606] INFO  impl.RoleInfo (RoleInfo.java:shutdownFollowerState(121)) - 3989452c-7599-4156-9543-3fe544ced0f3: shutdown FollowerState
2019-10-16 22:14:55,727 [Thread-1606] INFO  impl.RaftServerImpl (RaftServerImpl.java:setRole(184)) - 3989452c-7599-4156-9543-3fe544ced0f3@group-83CFD60236D8: changes role from  FOLLOWER to CANDIDATE at term 104 for changeToCandidate
2019-10-16 22:14:55,727 [Thread-1606] INFO  impl.RoleInfo (RoleInfo.java:updateAndGet(143)) - 3989452c-7599-4156-9543-3fe544ced0f3: start LeaderElection
2019-10-16 22:14:55,749 [3989452c-7599-4156-9543-3fe544ced0f3@group-83CFD60236D8-LeaderElection109] INFO  impl.LeaderElection (LeaderElection.java:askForVotes(178)) - 3989452c-7599-4156-9543-3fe544ced0f3@group-83CFD60236D8-LeaderElection109: begin an election at term 105 for -1: [3989452c-7599-4156-9543-3fe544ced0f3:192.168.157.254:36320, eec99a0c-e1b1-4518-bc49-9d1a8c8e04d5:192.168.157.254:45598, d9e6ea44-93db-446f-8020-a94232284285:192.168.157.254:41671], old=null
2019-10-16 22:14:55,751 [grpc-default-executor-18] INFO  impl.RaftServerImpl (RaftServerImpl.java:setRole(184)) - d9e6ea44-93db-446f-8020-a94232284285@group-83CFD60236D8: changes role from  FOLLOWER to FOLLOWER at term 105 for recognizeCandidate:3989452c-7599-4156-9543-3fe544ced0f3
2019-10-16 22:14:55,751 [grpc-default-executor-18] INFO  impl.RoleInfo (RoleInfo.java:shutdownFollowerState(121)) - d9e6ea44-93db-446f-8020-a94232284285: shutdown FollowerState
2019-10-16 22:14:55,751 [grpc-default-executor-23] INFO  impl.RaftServerImpl (RaftServerImpl.java:setRole(184)) - eec99a0c-e1b1-4518-bc49-9d1a8c8e04d5@group-83CFD60236D8: changes role from  FOLLOWER to FOLLOWER at term 105 for recognizeCandidate:3989452c-7599-4156-9543-3fe544ced0f3
2019-10-16 22:14:55,751 [grpc-default-executor-23] INFO  impl.RoleInfo (RoleInfo.java:shutdownFollowerState(121)) - eec99a0c-e1b1-4518-bc49-9d1a8c8e04d5: shutdown FollowerState
2019-10-16 22:14:55,751 [Thread-1605] INFO  impl.FollowerState (FollowerState.java:run(117)) - d9e6ea44-93db-446f-8020-a94232284285@group-83CFD60236D8-FollowerState was interrupted: java.lang.InterruptedException: sleep interrupted
2019-10-16 22:14:55,751 [grpc-default-executor-18] INFO  impl.RoleInfo (RoleInfo.java:updateAndGet(143)) - d9e6ea44-93db-446f-8020-a94232284285: start FollowerState
2019-10-16 22:14:55,751 [Thread-1604] INFO  impl.FollowerState (FollowerState.java:run(117)) - eec99a0c-e1b1-4518-bc49-9d1a8c8e04d5@group-83CFD60236D8-FollowerState was interrupted: java.lang.InterruptedException: sleep interrupted
2019-10-16 22:14:55,751 [grpc-default-executor-23] INFO  impl.RoleInfo (RoleInfo.java:updateAndGet(143)) - eec99a0c-e1b1-4518-bc49-9d1a8c8e04d5: start FollowerState
2019-10-16 22:14:55,768 [3989452c-7599-4156-9543-3fe544ced0f3@group-83CFD60236D8-LeaderElection109] INFO  impl.LeaderElection (LeaderElection.java:logAndReturn(56)) - 3989452c-7599-4156-9543-3fe544ced0f3@group-83CFD60236D8-LeaderElection109: Election REJECTED; received 2 response(s) [3989452c-7599-4156-9543-3fe544ced0f3<-eec99a0c-e1b1-4518-bc49-9d1a8c8e04d5#0:FAIL-t105, 3989452c-7599-4156-9543-3fe544ced0f3<-d9e6ea44-93db-446f-8020-a94232284285#0:FAIL-t105] and 0 exception(s); 3989452c-7599-4156-9543-3fe544ced0f3@group-83CFD60236D8:t105, leader=null, voted=3989452c-7599-4156-9543-3fe544ced0f3, raftlog=3989452c-7599-4156-9543-3fe544ced0f3@group-83CFD60236D8-SegmentedRaftLog:OPENED:c-1,f-1,i0, conf=-1: [3989452c-7599-4156-9543-3fe544ced0f3:192.168.157.254:36320, eec99a0c-e1b1-4518-bc49-9d1a8c8e04d5:192.168.157.254:45598, d9e6ea44-93db-446f-8020-a94232284285:192.168.157.254:41671], old=null
2019-10-16 22:14:55,768 [3989452c-7599-4156-9543-3fe544ced0f3@group-83CFD60236D8-LeaderElection109] INFO  impl.RaftServerImpl (RaftServerImpl.java:setRole(184)) - 3989452c-7599-4156-9543-3fe544ced0f3@group-83CFD60236D8: changes role from CANDIDATE to FOLLOWER at term 105 for DISCOVERED_A_NEW_TERM
2019-10-16 22:14:55,769 [3989452c-7599-4156-9543-3fe544ced0f3@group-83CFD60236D8-LeaderElection109] INFO  impl.RoleInfo (RoleInfo.java:shutdownLeaderElection(134)) - 3989452c-7599-4156-9543-3fe544ced0f3: shutdown LeaderElection
2019-10-16 22:14:55,769 [3989452c-7599-4156-9543-3fe544ced0f3@group-83CFD60236D8-LeaderElection109] INFO  impl.RoleInfo (RoleInfo.java:updateAndGet(143)) - 3989452c-7599-4156-9543-3fe544ced0f3: start FollowerState
2019-10-16 22:14:55,876 [Thread-1612] INFO  impl.FollowerState (FollowerState.java:run(108)) - 3989452c-7599-4156-9543-3fe544ced0f3@group-83CFD60236D8-FollowerState: change to CANDIDATE, lastRpcTime:107ms, electionTimeout:107ms
2019-10-16 22:14:55,876 [Thread-1612] INFO  impl.RoleInfo (RoleInfo.java:shutdownFollowerState(121)) - 3989452c-7599-4156-9543-3fe544ced0f3: shutdown FollowerState
2019-10-16 22:14:55,876 [Thread-1612] INFO  impl.RaftServerImpl (RaftServerImpl.java:setRole(184)) - 3989452c-7599-4156-9543-3fe544ced0f3@group-83CFD60236D8: changes role from  FOLLOWER to CANDIDATE at term 105 for changeToCandidate
2019-10-16 22:14:55,877 [Thread-1612] INFO  impl.RoleInfo (RoleInfo.java:updateAndGet(143)) - 3989452c-7599-4156-9543-3fe544ced0f3: start LeaderElection
2019-10-16 22:14:55,902 [3989452c-7599-4156-9543-3fe544ced0f3@group-83CFD60236D8-LeaderElection110] INFO  impl.LeaderElection (LeaderElection.java:askForVotes(178)) - 3989452c-7599-4156-9543-3fe544ced0f3@group-83CFD60236D8-LeaderElection110: begin an election at term 106 for -1: [3989452c-7599-4156-9543-3fe544ced0f3:192.168.157.254:36320, eec99a0c-e1b1-4518-bc49-9d1a8c8e04d5:192.168.157.254:45598, d9e6ea44-93db-446f-8020-a94232284285:192.168.157.254:41671], old=null
2019-10-16 22:14:55,904 [grpc-default-executor-18] INFO  impl.RaftServerImpl (RaftServerImpl.java:setRole(184)) - d9e6ea44-93db-446f-8020-a94232284285@group-83CFD60236D8: changes role from  FOLLOWER to FOLLOWER at term 106 for recognizeCandidate:3989452c-7599-4156-9543-3fe544ced0f3
2019-10-16 22:14:55,904 [grpc-default-executor-23] INFO  impl.RaftServerImpl (RaftServerImpl.java:setRole(184)) - eec99a0c-e1b1-4518-bc49-9d1a8c8e04d5@group-83CFD60236D8: changes role from  FOLLOWER to FOLLOWER at term 106 for recognizeCandidate:3989452c-7599-4156-9543-3fe544ced0f3
2019-10-16 22:14:55,904 [grpc-default-executor-18] INFO  impl.RoleInfo (RoleInfo.java:shutdownFollowerState(121)) - d9e6ea44-93db-446f-8020-a94232284285: shutdown FollowerState
2019-10-16 22:14:55,904 [grpc-default-executor-23] INFO  impl.RoleInfo (RoleInfo.java:shutdownFollowerState(121)) - eec99a0c-e1b1-4518-bc49-9d1a8c8e04d5: shutdown FollowerState
2019-10-16 22:14:55,904 [Thread-1610] INFO  impl.FollowerState (FollowerState.java:run(117)) - d9e6ea44-93db-446f-8020-a94232284285@group-83CFD60236D8-FollowerState was interrupted: java.lang.InterruptedException: sleep interrupted
2019-10-16 22:14:55,904 [grpc-default-executor-18] INFO  impl.RoleInfo (RoleInfo.java:updateAndGet(143)) - d9e6ea44-93db-446f-8020-a94232284285: start FollowerState
2019-10-16 22:14:55,904 [Thread-1611] INFO  impl.FollowerState (FollowerState.java:run(117)) - eec99a0c-e1b1-4518-bc49-9d1a8c8e04d5@group-83CFD60236D8-FollowerState was interrupted: java.lang.InterruptedException: sleep interrupted
2019-10-16 22:14:55,904 [grpc-default-executor-23] INFO  impl.RoleInfo (RoleInfo.java:updateAndGet(143)) - eec99a0c-e1b1-4518-bc49-9d1a8c8e04d5: start FollowerState
2019-10-16 22:14:55,931 [3989452c-7599-4156-9543-3fe544ced0f3@group-83CFD60236D8-LeaderElection110] INFO  impl.LeaderElection (LeaderElection.java:logAndReturn(56)) - 3989452c-7599-4156-9543-3fe544ced0f3@group-83CFD60236D8-LeaderElection110: Election REJECTED; received 2 response(s) [3989452c-7599-4156-9543-3fe544ced0f3<-eec99a0c-e1b1-4518-bc49-9d1a8c8e04d5#0:FAIL-t106, 3989452c-7599-4156-9543-3fe544ced0f3<-d9e6ea44-93db-446f-8020-a94232284285#0:FAIL-t106] and 0 exception(s); 3989452c-7599-4156-9543-3fe544ced0f3@group-83CFD60236D8:t106, leader=null, voted=3989452c-7599-4156-9543-3fe544ced0f3, raftlog=3989452c-7599-4156-9543-3fe544ced0f3@group-83CFD60236D8-SegmentedRaftLog:OPENED:c-1,f-1,i0, conf=-1: [3989452c-7599-4156-9543-3fe544ced0f3:192.168.157.254:36320, eec99a0c-e1b1-4518-bc49-9d1a8c8e04d5:192.168.157.254:45598, d9e6ea44-93db-446f-8020-a94232284285:192.168.157.254:41671], old=null
2019-10-16 22:14:55,931 [3989452c-7599-4156-9543-3fe544ced0f3@group-83CFD60236D8-LeaderElection110] INFO  impl.RaftServerImpl (RaftServerImpl.java:setRole(184)) - 3989452c-7599-4156-9543-3fe544ced0f3@group-83CFD60236D8: changes role from CANDIDATE to FOLLOWER at term 106 for DISCOVERED_A_NEW_TERM
2019-10-16 22:14:55,931 [3989452c-7599-4156-9543-3fe544ced0f3@group-83CFD60236D8-LeaderElection110] INFO  impl.RoleInfo (RoleInfo.java:shutdownLeaderElection(134)) - 3989452c-7599-4156-9543-3fe544ced0f3: shutdown LeaderElection
2019-10-16 22:14:55,931 [3989452c-7599-4156-9543-3fe544ced0f3@group-83CFD60236D8-LeaderElection110] INFO  impl.RoleInfo (RoleInfo.java:updateAndGet(143)) - 3989452c-7599-4156-9543-3fe544ced0f3: start FollowerState
2019-10-16 22:14:55,935 [Thread-1618] INFO  impl.FollowerState (FollowerState.java:run(108)) - 3989452c-7599-4156-9543-3fe544ced0f3@group-83CFD60236D8-FollowerState: change to CANDIDATE, lastRpcTime:3ms, electionTimeout:3ms
2019-10-16 22:14:55,935 [Thread-1618] INFO  impl.RoleInfo (RoleInfo.java:shutdownFollowerState(121)) - 3989452c-7599-4156-9543-3fe544ced0f3: shutdown FollowerState
2019-10-16 22:14:55,935 [Thread-1618] INFO  impl.RaftServerImpl (RaftServerImpl.java:setRole(184)) - 3989452c-7599-4156-9543-3fe544ced0f3@group-83CFD60236D8: changes role from  FOLLOWER to CANDIDATE at term 106 for changeToCandidate
2019-10-16 22:14:55,935 [Thread-1618] INFO  impl.RoleInfo (RoleInfo.java:updateAndGet(143)) - 3989452c-7599-4156-9543-3fe544ced0f3: start LeaderElection
2019-10-16 22:14:55,948 [3989452c-7599-4156-9543-3fe544ced0f3@group-83CFD60236D8-LeaderElection111] INFO  impl.LeaderElection (LeaderElection.java:askForVotes(178)) - 3989452c-7599-4156-9543-3fe544ced0f3@group-83CFD60236D8-LeaderElection111: begin an election at term 107 for -1: [3989452c-7599-4156-9543-3fe544ced0f3:192.168.157.254:36320, eec99a0c-e1b1-4518-bc49-9d1a8c8e04d5:192.168.157.254:45598, d9e6ea44-93db-446f-8020-a94232284285:192.168.157.254:41671], old=null
2019-10-16 22:14:55,949 [grpc-default-executor-23] INFO  impl.RaftServerImpl (RaftServerImpl.java:setRole(184)) - d9e6ea44-93db-446f-8020-a94232284285@group-83CFD60236D8: changes role from  FOLLOWER to FOLLOWER at term 107 for recognizeCandidate:3989452c-7599-4156-9543-3fe544ced0f3
2019-10-16 22:14:55,950 [grpc-default-executor-23] INFO  impl.RoleInfo (RoleInfo.java:shutdownFollowerState(121)) - d9e6ea44-93db-446f-8020-a94232284285: shutdown FollowerState
2019-10-16 22:14:55,950 [grpc-default-executor-23] INFO  impl.RoleInfo (RoleInfo.java:updateAndGet(143)) - d9e6ea44-93db-446f-8020-a94232284285: start FollowerState
2019-10-16 22:14:55,950 [grpc-default-executor-18] INFO  impl.RaftServerImpl (RaftServerImpl.java:setRole(184)) - eec99a0c-e1b1-4518-bc49-9d1a8c8e04d5@group-83CFD60236D8: changes role from  FOLLOWER to FOLLOWER at term 107 for recognizeCandidate:3989452c-7599-4156-9543-3fe544ced0f3
2019-10-16 22:14:55,950 [Thread-1616] INFO  impl.FollowerState (FollowerState.java:run(117)) - d9e6ea44-93db-446f-8020-a94232284285@group-83CFD60236D8-FollowerState was interrupted: java.lang.InterruptedException: sleep interrupted
2019-10-16 22:14:55,950 [grpc-default-executor-18] INFO  impl.RoleInfo (RoleInfo.java:shutdownFollowerState(121)) - eec99a0c-e1b1-4518-bc49-9d1a8c8e04d5: shutdown FollowerState
2019-10-16 22:14:55,950 [Thread-1617] INFO  impl.FollowerState (FollowerState.java:run(117)) - eec99a0c-e1b1-4518-bc49-9d1a8c8e04d5@group-83CFD60236D8-FollowerState was interrupted: java.lang.InterruptedException: sleep interrupted
2019-10-16 22:14:55,950 [grpc-default-executor-18] INFO  impl.RoleInfo (RoleInfo.java:updateAndGet(143)) - eec99a0c-e1b1-4518-bc49-9d1a8c8e04d5: start FollowerState
2019-10-16 22:14:55,964 [3989452c-7599-4156-9543-3fe544ced0f3@group-83CFD60236D8-LeaderElection111] INFO  impl.LeaderElection (LeaderElection.java:logAndReturn(56)) - 3989452c-7599-4156-9543-3fe544ced0f3@group-83CFD60236D8-LeaderElection111: Election REJECTED; received 2 response(s) [3989452c-7599-4156-9543-3fe544ced0f3<-eec99a0c-e1b1-4518-bc49-9d1a8c8e04d5#0:FAIL-t107, 3989452c-7599-4156-9543-3fe544ced0f3<-d9e6ea44-93db-446f-8020-a94232284285#0:FAIL-t107] and 0 exception(s); 3989452c-7599-4156-9543-3fe544ced0f3@group-83CFD60236D8:t107, leader=null, voted=3989452c-7599-4156-9543-3fe544ced0f3, raftlog=3989452c-7599-4156-9543-3fe544ced0f3@group-83CFD60236D8-SegmentedRaftLog:OPENED:c-1,f-1,i0, conf=-1: [3989452c-7599-4156-9543-3fe544ced0f3:192.168.157.254:36320, eec99a0c-e1b1-4518-bc49-9d1a8c8e04d5:192.168.157.254:45598, d9e6ea44-93db-446f-8020-a94232284285:192.168.157.254:41671], old=null
2019-10-16 22:14:55,964 [3989452c-7599-4156-9543-3fe544ced0f3@group-83CFD60236D8-LeaderElection111] INFO  impl.RaftServerImpl (RaftServerImpl.java:setRole(184)) - 3989452c-7599-4156-9543-3fe544ced0f3@group-83CFD60236D8: changes role from CANDIDATE to FOLLOWER at term 107 for DISCOVERED_A_NEW_TERM
2019-10-16 22:14:55,964 [3989452c-7599-4156-9543-3fe544ced0f3@group-83CFD60236D8-LeaderElection111] INFO  impl.RoleInfo (RoleInfo.java:shutdownLeaderElection(134)) - 3989452c-7599-4156-9543-3fe544ced0f3: shutdown LeaderElection
2019-10-16 22:14:55,964 [3989452c-7599-4156-9543-3fe544ced0f3@group-83CFD60236D8-LeaderElection111] INFO  impl.RoleInfo (RoleInfo.java:updateAndGet(143)) - 3989452c-7599-4156-9543-3fe544ced0f3: start FollowerState
 0.00% |?                                                                                                    |  0/1 Time: 0:06:122019-10-16 22:14:56,096 [Thread-1624] INFO  impl.FollowerState (FollowerState.java:run(108)) - 3989452c-7599-4156-9543-3fe544ced0f3@group-83CFD60236D8-FollowerState: change to CANDIDATE, lastRpcTime:131ms, electionTimeout:131ms
2019-10-16 22:14:56,096 [Thread-1624] INFO  impl.RoleInfo (RoleInfo.java:shutdownFollowerState(121)) - 3989452c-7599-4156-9543-3fe544ced0f3: shutdown FollowerState
2019-10-16 22:14:56,096 [Thread-1624] INFO  impl.RaftServerImpl (RaftServerImpl.java:setRole(184)) - 3989452c-7599-4156-9543-3fe544ced0f3@group-83CFD60236D8: changes role from  FOLLOWER to CANDIDATE at term 107 for changeToCandidate
2019-10-16 22:14:56,096 [Thread-1624] INFO  impl.RoleInfo (RoleInfo.java:updateAndGet(143)) - 3989452c-7599-4156-9543-3fe544ced0f3: start LeaderElection
2019-10-16 22:14:56,109 [3989452c-7599-4156-9543-3fe544ced0f3@group-83CFD60236D8-LeaderElection112] INFO  impl.LeaderElection (LeaderElection.java:askForVotes(178)) - 3989452c-7599-4156-9543-3fe544ced0f3@group-83CFD60236D8-LeaderElection112: begin an election at term 108 for -1: [3989452c-7599-4156-9543-3fe544ced0f3:192.168.157.254:36320, eec99a0c-e1b1-4518-bc49-9d1a8c8e04d5:192.168.157.254:45598, d9e6ea44-93db-446f-8020-a94232284285:192.168.157.254:41671], old=null
2019-10-16 22:14:56,111 [grpc-default-executor-18] INFO  impl.RaftServerImpl (RaftServerImpl.java:setRole(184)) - eec99a0c-e1b1-4518-bc49-9d1a8c8e04d5@group-83CFD60236D8: changes role from  FOLLOWER to FOLLOWER at term 108 for recognizeCandidate:3989452c-7599-4156-9543-3fe544ced0f3
2019-10-16 22:14:56,111 [grpc-default-executor-23] INFO  impl.RaftServerImpl (RaftServerImpl.java:setRole(184)) - d9e6ea44-93db-446f-8020-a94232284285@group-83CFD60236D8: changes role from  FOLLOWER to FOLLOWER at term 108 for recognizeCandidate:3989452c-7599-4156-9543-3fe544ced0f3
2019-10-16 22:14:56,111 [grpc-default-executor-18] INFO  impl.RoleInfo (RoleInfo.java:shutdownFollowerState(121)) - eec99a0c-e1b1-4518-bc49-9d1a8c8e04d5: shutdown FollowerState
2019-10-16 22:14:56,112 [grpc-default-executor-23] INFO  impl.RoleInfo (RoleInfo.java:shutdownFollowerState(121)) - d9e6ea44-93db-446f-8020-a94232284285: shutdown FollowerState
2019-10-16 22:14:56,112 [grpc-default-executor-23] INFO  impl.RoleInfo (RoleInfo.java:updateAndGet(143)) - d9e6ea44-93db-446f-8020-a94232284285: start FollowerState
2019-10-16 22:14:56,112 [Thread-1623] INFO  impl.FollowerState (FollowerState.java:run(117)) - eec99a0c-e1b1-4518-bc49-9d1a8c8e04d5@group-83CFD60236D8-FollowerState was interrupted: java.lang.InterruptedException: sleep interrupted
2019-10-16 22:14:56,112 [grpc-default-executor-18] INFO  impl.RoleInfo (RoleInfo.java:updateAndGet(143)) - eec99a0c-e1b1-4518-bc49-9d1a8c8e04d5: start FollowerState
2019-10-16 22:14:56,112 [Thread-1622] INFO  impl.FollowerState (FollowerState.java:run(117)) - d9e6ea44-93db-446f-8020-a94232284285@group-83CFD60236D8-FollowerState was interrupted: java.lang.InterruptedException: sleep interrupted
2019-10-16 22:14:56,132 [3989452c-7599-4156-9543-3fe544ced0f3@group-83CFD60236D8-LeaderElection112] INFO  impl.LeaderElection (LeaderElection.java:logAndReturn(56)) - 3989452c-7599-4156-9543-3fe544ced0f3@group-83CFD60236D8-LeaderElection112: Election REJECTED; received 2 response(s) [3989452c-7599-4156-9543-3fe544ced0f3<-eec99a0c-e1b1-4518-bc49-9d1a8c8e04d5#0:FAIL-t108, 3989452c-7599-4156-9543-3fe544ced0f3<-d9e6ea44-93db-446f-8020-a94232284285#0:FAIL-t108] and 0 exception(s); 3989452c-7599-4156-9543-3fe544ced0f3@group-83CFD60236D8:t108, leader=null, voted=3989452c-7599-4156-9543-3fe544ced0f3, raftlog=3989452c-7599-4156-9543-3fe544ced0f3@group-83CFD60236D8-SegmentedRaftLog:OPENED:c-1,f-1,i0, conf=-1: [3989452c-7599-4156-9543-3fe544ced0f3:192.168.157.254:36320, eec99a0c-e1b1-4518-bc49-9d1a8c8e04d5:192.168.157.254:45598, d9e6ea44-93db-446f-8020-a94232284285:192.168.157.254:41671], old=null
2019-10-16 22:14:56,132 [3989452c-7599-4156-9543-3fe544ced0f3@group-83CFD60236D8-LeaderElection112] INFO  impl.RaftServerImpl (RaftServerImpl.java:setRole(184)) - 3989452c-7599-4156-9543-3fe544ced0f3@group-83CFD60236D8: changes role from CANDIDATE to FOLLOWER at term 108 for DISCOVERED_A_NEW_TERM
2019-10-16 22:14:56,132 [3989452c-7599-4156-9543-3fe544ced0f3@group-83CFD60236D8-LeaderElection112] INFO  impl.RoleInfo (RoleInfo.java:shutdownLeaderElection(134)) - 3989452c-7599-4156-9543-3fe544ced0f3: shutdown LeaderElection
2019-10-16 22:14:56,132 [3989452c-7599-4156-9543-3fe544ced0f3@group-83CFD60236D8-LeaderElection112] INFO  impl.RoleInfo (RoleInfo.java:updateAndGet(143)) - 3989452c-7599-4156-9543-3fe544ced0f3: start FollowerState
2019-10-16 22:14:56,254 [Thread-1630] INFO  impl.FollowerState (FollowerState.java:run(108)) - 3989452c-7599-4156-9543-3fe544ced0f3@group-83CFD60236D8-FollowerState: change to CANDIDATE, lastRpcTime:121ms, electionTimeout:121ms
2019-10-16 22:14:56,254 [Thread-1630] INFO  impl.RoleInfo (RoleInfo.java:shutdownFollowerState(121)) - 3989452c-7599-4156-9543-3fe544ced0f3: shutdown FollowerState
2019-10-16 22:14:56,254 [Thread-1630] INFO  impl.RaftServerImpl (RaftServerImpl.java:setRole(184)) - 3989452c-7599-4156-9543-3fe544ced0f3@group-83CFD60236D8: changes role from  FOLLOWER to CANDIDATE at term 108 for changeToCandidate
2019-10-16 22:14:56,254 [Thread-1630] INFO  impl.RoleInfo (RoleInfo.java:updateAndGet(143)) - 3989452c-7599-4156-9543-3fe544ced0f3: start LeaderElection
2019-10-16 22:14:56,268 [3989452c-7599-4156-9543-3fe544ced0f3@group-83CFD60236D8-LeaderElection113] INFO  impl.LeaderElection (LeaderElection.java:askForVotes(178)) - 3989452c-7599-4156-9543-3fe544ced0f3@group-83CFD60236D8-LeaderElection113: begin an election at term 109 for -1: [3989452c-7599-4156-9543-3fe544ced0f3:192.168.157.254:36320, eec99a0c-e1b1-4518-bc49-9d1a8c8e04d5:192.168.157.254:45598, d9e6ea44-93db-446f-8020-a94232284285:192.168.157.254:41671], old=null
2019-10-16 22:14:56,270 [grpc-default-executor-18] INFO  impl.RaftServerImpl (RaftServerImpl.java:setRole(184)) - eec99a0c-e1b1-4518-bc49-9d1a8c8e04d5@group-83CFD60236D8: changes role from  FOLLOWER to FOLLOWER at term 109 for recognizeCandidate:3989452c-7599-4156-9543-3fe544ced0f3
2019-10-16 22:14:56,270 [grpc-default-executor-18] INFO  impl.RoleInfo (RoleInfo.java:shutdownFollowerState(121)) - eec99a0c-e1b1-4518-bc49-9d1a8c8e04d5: shutdown FollowerState
2019-10-16 22:14:56,270 [grpc-default-executor-23] INFO  impl.RaftServerImpl (RaftServerImpl.java:setRole(184)) - d9e6ea44-93db-446f-8020-a94232284285@group-83CFD60236D8: changes role from  FOLLOWER to FOLLOWER at term 109 for recognizeCandidate:3989452c-7599-4156-9543-3fe544ced0f3
2019-10-16 22:14:56,270 [Thread-1628] INFO  impl.FollowerState (FollowerState.java:run(117)) - eec99a0c-e1b1-4518-bc49-9d1a8c8e04d5@group-83CFD60236D8-FollowerState was interrupted: java.lang.InterruptedException: sleep interrupted
2019-10-16 22:14:56,270 [grpc-default-executor-18] INFO  impl.RoleInfo (RoleInfo.java:updateAndGet(143)) - eec99a0c-e1b1-4518-bc49-9d1a8c8e04d5: start FollowerState
2019-10-16 22:14:56,271 [grpc-default-executor-23] INFO  impl.RoleInfo (RoleInfo.java:shutdownFollowerState(121)) - d9e6ea44-93db-446f-8020-a94232284285: shutdown FollowerState
2019-10-16 22:14:56,271 [grpc-default-executor-23] INFO  impl.RoleInfo (RoleInfo.java:updateAndGet(143)) - d9e6ea44-93db-446f-8020-a94232284285: start FollowerState
2019-10-16 22:14:56,271 [Thread-1629] INFO  impl.FollowerState (FollowerState.java:run(117)) - d9e6ea44-93db-446f-8020-a94232284285@group-83CFD60236D8-FollowerState was interrupted: java.lang.InterruptedException: sleep interrupted
2019-10-16 22:14:56,282 [3989452c-7599-4156-9543-3fe544ced0f3@group-83CFD60236D8-LeaderElection113] INFO  impl.LeaderElection (LeaderElection.java:logAndReturn(56)) - 3989452c-7599-4156-9543-3fe544ced0f3@group-83CFD60236D8-LeaderElection113: Election TIMEOUT; received 0 response(s) [] and 0 exception(s); 3989452c-7599-4156-9543-3fe544ced0f3@group-83CFD60236D8:t109, leader=null, voted=3989452c-7599-4156-9543-3fe544ced0f3, raftlog=3989452c-7599-4156-9543-3fe544ced0f3@group-83CFD60236D8-SegmentedRaftLog:OPENED:c-1,f-1,i0, conf=-1: [3989452c-7599-4156-9543-3fe544ced0f3:192.168.157.254:36320, eec99a0c-e1b1-4518-bc49-9d1a8c8e04d5:192.168.157.254:45598, d9e6ea44-93db-446f-8020-a94232284285:192.168.157.254:41671], old=null
2019-10-16 22:14:56,286 [3989452c-7599-4156-9543-3fe544ced0f3@group-83CFD60236D8-LeaderElection113] INFO  impl.LeaderElection (LeaderElection.java:askForVotes(178)) - 3989452c-7599-4156-9543-3fe544ced0f3@group-83CFD60236D8-LeaderElection113: begin an election at term 110 for -1: [3989452c-7599-4156-9543-3fe544ced0f3:192.168.157.254:36320, eec99a0c-e1b1-4518-bc49-9d1a8c8e04d5:192.168.157.254:45598, d9e6ea44-93db-446f-8020-a94232284285:192.168.157.254:41671], old=null
2019-10-16 22:14:56,287 [grpc-default-executor-23] INFO  impl.RaftServerImpl (RaftServerImpl.java:setRole(184)) - eec99a0c-e1b1-4518-bc49-9d1a8c8e04d5@group-83CFD60236D8: changes role from  FOLLOWER to FOLLOWER at term 110 for recognizeCandidate:3989452c-7599-4156-9543-3fe544ced0f3
2019-10-16 22:14:56,287 [grpc-default-executor-23] INFO  impl.RoleInfo (RoleInfo.java:shutdownFollowerState(121)) - eec99a0c-e1b1-4518-bc49-9d1a8c8e04d5: shutdown FollowerState
2019-10-16 22:14:56,287 [grpc-default-executor-18] INFO  impl.RaftServerImpl (RaftServerImpl.java:setRole(184)) - d9e6ea44-93db-446f-8020-a94232284285@group-83CFD60236D8: changes role from  FOLLOWER to FOLLOWER at term 110 for recognizeCandidate:3989452c-7599-4156-9543-3fe544ced0f3
2019-10-16 22:14:56,288 [grpc-default-executor-18] INFO  impl.RoleInfo (RoleInfo.java:shutdownFollowerState(121)) - d9e6ea44-93db-446f-8020-a94232284285: shutdown FollowerState
2019-10-16 22:14:56,288 [Thread-1634] INFO  impl.FollowerState (FollowerState.java:run(117)) - eec99a0c-e1b1-4518-bc49-9d1a8c8e04d5@group-83CFD60236D8-FollowerState was interrupted: java.lang.InterruptedException: sleep interrupted
2019-10-16 22:14:56,288 [grpc-default-executor-23] INFO  impl.RoleInfo (RoleInfo.java:updateAndGet(143)) - eec99a0c-e1b1-4518-bc49-9d1a8c8e04d5: start FollowerState
2019-10-16 22:14:56,288 [grpc-default-executor-18] INFO  impl.RoleInfo (RoleInfo.java:updateAndGet(143)) - d9e6ea44-93db-446f-8020-a94232284285: start FollowerState
2019-10-16 22:14:56,288 [Thread-1635] INFO  impl.FollowerState (FollowerState.java:run(117)) - d9e6ea44-93db-446f-8020-a94232284285@group-83CFD60236D8-FollowerState was interrupted: java.lang.InterruptedException: sleep interrupted
2019-10-16 22:14:56,314 [3989452c-7599-4156-9543-3fe544ced0f3@group-83CFD60236D8-LeaderElection113] INFO  impl.LeaderElection (LeaderElection.java:logAndReturn(56)) - 3989452c-7599-4156-9543-3fe544ced0f3@group-83CFD60236D8-LeaderElection113: Election REJECTED; received 2 response(s) [3989452c-7599-4156-9543-3fe544ced0f3<-eec99a0c-e1b1-4518-bc49-9d1a8c8e04d5#0:FAIL-t110, 3989452c-7599-4156-9543-3fe544ced0f3<-d9e6ea44-93db-446f-8020-a94232284285#0:FAIL-t110] and 0 exception(s); 3989452c-7599-4156-9543-3fe544ced0f3@group-83CFD60236D8:t110, leader=null, voted=3989452c-7599-4156-9543-3fe544ced0f3, raftlog=3989452c-7599-4156-9543-3fe544ced0f3@group-83CFD60236D8-SegmentedRaftLog:OPENED:c-1,f-1,i0, conf=-1: [3989452c-7599-4156-9543-3fe544ced0f3:192.168.157.254:36320, eec99a0c-e1b1-4518-bc49-9d1a8c8e04d5:192.168.157.254:45598, d9e6ea44-93db-446f-8020-a94232284285:192.168.157.254:41671], old=null
2019-10-16 22:14:56,314 [3989452c-7599-4156-9543-3fe544ced0f3@group-83CFD60236D8-LeaderElection113] INFO  impl.RaftServerImpl (RaftServerImpl.java:setRole(184)) - 3989452c-7599-4156-9543-3fe544ced0f3@group-83CFD60236D8: changes role from CANDIDATE to FOLLOWER at term 110 for DISCOVERED_A_NEW_TERM
2019-10-16 22:14:56,314 [3989452c-7599-4156-9543-3fe544ced0f3@group-83CFD60236D8-LeaderElection113] INFO  impl.RoleInfo (RoleInfo.java:shutdownLeaderElection(134)) - 3989452c-7599-4156-9543-3fe544ced0f3: shutdown LeaderElection
2019-10-16 22:14:56,314 [3989452c-7599-4156-9543-3fe544ced0f3@group-83CFD60236D8-LeaderElection113] INFO  impl.RoleInfo (RoleInfo.java:updateAndGet(143)) - 3989452c-7599-4156-9543-3fe544ced0f3: start FollowerState
2019-10-16 22:14:56,359 [Thread-1640] INFO  impl.FollowerState (FollowerState.java:run(108)) - 3989452c-7599-4156-9543-3fe544ced0f3@group-83CFD60236D8-FollowerState: change to CANDIDATE, lastRpcTime:44ms, electionTimeout:44ms
2019-10-16 22:14:56,359 [Thread-1640] INFO  impl.RoleInfo (RoleInfo.java:shutdownFollowerState(121)) - 3989452c-7599-4156-9543-3fe544ced0f3: shutdown FollowerState
2019-10-16 22:14:56,359 [Thread-1640] INFO  impl.RaftServerImpl (RaftServerImpl.java:setRole(184)) - 3989452c-7599-4156-9543-3fe544ced0f3@group-83CFD60236D8: changes role from  FOLLOWER to CANDIDATE at term 110 for changeToCandidate
2019-10-16 22:14:56,359 [Thread-1640] INFO  impl.RoleInfo (RoleInfo.java:updateAndGet(143)) - 3989452c-7599-4156-9543-3fe544ced0f3: start LeaderElection
2019-10-16 22:14:56,373 [3989452c-7599-4156-9543-3fe544ced0f3@group-83CFD60236D8-LeaderElection114] INFO  impl.LeaderElection (LeaderElection.java:askForVotes(178)) - 3989452c-7599-4156-9543-3fe544ced0f3@group-83CFD60236D8-LeaderElection114: begin an election at term 111 for -1: [3989452c-7599-4156-9543-3fe544ced0f3:192.168.157.254:36320, eec99a0c-e1b1-4518-bc49-9d1a8c8e04d5:192.168.157.254:45598, d9e6ea44-93db-446f-8020-a94232284285:192.168.157.254:41671], old=null
2019-10-16 22:14:56,375 [grpc-default-executor-23] INFO  impl.RaftServerImpl (RaftServerImpl.java:setRole(184)) - eec99a0c-e1b1-4518-bc49-9d1a8c8e04d5@group-83CFD60236D8: changes role from  FOLLOWER to FOLLOWER at term 111 for recognizeCandidate:3989452c-7599-4156-9543-3fe544ced0f3
2019-10-16 22:14:56,375 [grpc-default-executor-23] INFO  impl.RoleInfo (RoleInfo.java:shutdownFollowerState(121)) - eec99a0c-e1b1-4518-bc49-9d1a8c8e04d5: shutdown FollowerState
2019-10-16 22:14:56,375 [grpc-default-executor-18] INFO  impl.RaftServerImpl (RaftServerImpl.java:setRole(184)) - d9e6ea44-93db-446f-8020-a94232284285@group-83CFD60236D8: changes role from  FOLLOWER to FOLLOWER at term 111 for recognizeCandidate:3989452c-7599-4156-9543-3fe544ced0f3
2019-10-16 22:14:56,375 [Thread-1638] INFO  impl.FollowerState (FollowerState.java:run(117)) - eec99a0c-e1b1-4518-bc49-9d1a8c8e04d5@group-83CFD60236D8-FollowerState was interrupted: java.lang.InterruptedException: sleep interrupted
2019-10-16 22:14:56,375 [grpc-default-executor-23] INFO  impl.RoleInfo (RoleInfo.java:updateAndGet(143)) - eec99a0c-e1b1-4518-bc49-9d1a8c8e04d5: start FollowerState
2019-10-16 22:14:56,375 [grpc-default-executor-18] INFO  impl.RoleInfo (RoleInfo.java:shutdownFollowerState(121)) - d9e6ea44-93db-446f-8020-a94232284285: shutdown FollowerState
2019-10-16 22:14:56,376 [grpc-default-executor-18] INFO  impl.RoleInfo (RoleInfo.java:updateAndGet(143)) - d9e6ea44-93db-446f-8020-a94232284285: start FollowerState
2019-10-16 22:14:56,376 [Thread-1639] INFO  impl.FollowerState (FollowerState.java:run(117)) - d9e6ea44-93db-446f-8020-a94232284285@group-83CFD60236D8-FollowerState was interrupted: java.lang.InterruptedException: sleep interrupted
2019-10-16 22:14:56,402 [3989452c-7599-4156-9543-3fe544ced0f3@group-83CFD60236D8-LeaderElection114] INFO  impl.LeaderElection (LeaderElection.java:logAndReturn(56)) - 3989452c-7599-4156-9543-3fe544ced0f3@group-83CFD60236D8-LeaderElection114: Election REJECTED; received 2 response(s) [3989452c-7599-4156-9543-3fe544ced0f3<-eec99a0c-e1b1-4518-bc49-9d1a8c8e04d5#0:FAIL-t111, 3989452c-7599-4156-9543-3fe544ced0f3<-d9e6ea44-93db-446f-8020-a94232284285#0:FAIL-t111] and 0 exception(s); 3989452c-7599-4156-9543-3fe544ced0f3@group-83CFD60236D8:t111, leader=null, voted=3989452c-7599-4156-9543-3fe544ced0f3, raftlog=3989452c-7599-4156-9543-3fe544ced0f3@group-83CFD60236D8-SegmentedRaftLog:OPENED:c-1,f-1,i0, conf=-1: [3989452c-7599-4156-9543-3fe544ced0f3:192.168.157.254:36320, eec99a0c-e1b1-4518-bc49-9d1a8c8e04d5:192.168.157.254:45598, d9e6ea44-93db-446f-8020-a94232284285:192.168.157.254:41671], old=null
2019-10-16 22:14:56,403 [3989452c-7599-4156-9543-3fe544ced0f3@group-83CFD60236D8-LeaderElection114] INFO  impl.RaftServerImpl (RaftServerImpl.java:setRole(184)) - 3989452c-7599-4156-9543-3fe544ced0f3@group-83CFD60236D8: changes role from CANDIDATE to FOLLOWER at term 111 for DISCOVERED_A_NEW_TERM
2019-10-16 22:14:56,403 [3989452c-7599-4156-9543-3fe544ced0f3@group-83CFD60236D8-LeaderElection114] INFO  impl.RoleInfo (RoleInfo.java:shutdownLeaderElection(134)) - 3989452c-7599-4156-9543-3fe544ced0f3: shutdown LeaderElection
2019-10-16 22:14:56,403 [3989452c-7599-4156-9543-3fe544ced0f3@group-83CFD60236D8-LeaderElection114] INFO  impl.RoleInfo (RoleInfo.java:updateAndGet(143)) - 3989452c-7599-4156-9543-3fe544ced0f3: start FollowerState
2019-10-16 22:14:56,455 [Thread-1646] INFO  impl.FollowerState (FollowerState.java:run(108)) - 3989452c-7599-4156-9543-3fe544ced0f3@group-83CFD60236D8-FollowerState: change to CANDIDATE, lastRpcTime:52ms, electionTimeout:52ms
2019-10-16 22:14:56,456 [Thread-1646] INFO  impl.RoleInfo (RoleInfo.java:shutdownFollowerState(121)) - 3989452c-7599-4156-9543-3fe544ced0f3: shutdown FollowerState
2019-10-16 22:14:56,456 [Thread-1646] INFO  impl.RaftServerImpl (RaftServerImpl.java:setRole(184)) - 3989452c-7599-4156-9543-3fe544ced0f3@group-83CFD60236D8: changes role from  FOLLOWER to CANDIDATE at term 111 for changeToCandidate
2019-10-16 22:14:56,456 [Thread-1646] INFO  impl.RoleInfo (RoleInfo.java:updateAndGet(143)) - 3989452c-7599-4156-9543-3fe544ced0f3: start LeaderElection
2019-10-16 22:14:56,469 [3989452c-7599-4156-9543-3fe544ced0f3@group-83CFD60236D8-LeaderElection115] INFO  impl.LeaderElection (LeaderElection.java:askForVotes(178)) - 3989452c-7599-4156-9543-3fe544ced0f3@group-83CFD60236D8-LeaderElection115: begin an election at term 112 for -1: [3989452c-7599-4156-9543-3fe544ced0f3:192.168.157.254:36320, eec99a0c-e1b1-4518-bc49-9d1a8c8e04d5:192.168.157.254:45598, d9e6ea44-93db-446f-8020-a94232284285:192.168.157.254:41671], old=null
2019-10-16 22:14:56,471 [grpc-default-executor-23] INFO  impl.RaftServerImpl (RaftServerImpl.java:setRole(184)) - eec99a0c-e1b1-4518-bc49-9d1a8c8e04d5@group-83CFD60236D8: changes role from  FOLLOWER to FOLLOWER at term 112 for recognizeCandidate:3989452c-7599-4156-9543-3fe544ced0f3
2019-10-16 22:14:56,471 [grpc-default-executor-23] INFO  impl.RoleInfo (RoleInfo.java:shutdownFollowerState(121)) - eec99a0c-e1b1-4518-bc49-9d1a8c8e04d5: shutdown FollowerState
2019-10-16 22:14:56,471 [grpc-default-executor-18] INFO  impl.RaftServerImpl (RaftServerImpl.java:setRole(184)) - d9e6ea44-93db-446f-8020-a94232284285@group-83CFD60236D8: changes role from  FOLLOWER to FOLLOWER at term 112 for recognizeCandidate:3989452c-7599-4156-9543-3fe544ced0f3
2019-10-16 22:14:56,471 [Thread-1644] INFO  impl.FollowerState (FollowerState.java:run(117)) - eec99a0c-e1b1-4518-bc49-9d1a8c8e04d5@group-83CFD60236D8-FollowerState was interrupted: java.lang.InterruptedException: sleep interrupted
2019-10-16 22:14:56,471 [grpc-default-executor-23] INFO  impl.RoleInfo (RoleInfo.java:updateAndGet(143)) - eec99a0c-e1b1-4518-bc49-9d1a8c8e04d5: start FollowerState
2019-10-16 22:14:56,472 [grpc-default-executor-18] INFO  impl.RoleInfo (RoleInfo.java:shutdownFollowerState(121)) - d9e6ea44-93db-446f-8020-a94232284285: shutdown FollowerState
2019-10-16 22:14:56,472 [grpc-default-executor-18] INFO  impl.RoleInfo (RoleInfo.java:updateAndGet(143)) - d9e6ea44-93db-446f-8020-a94232284285: start FollowerState
2019-10-16 22:14:56,472 [Thread-1645] INFO  impl.FollowerState (FollowerState.java:run(117)) - d9e6ea44-93db-446f-8020-a94232284285@group-83CFD60236D8-FollowerState was interrupted: java.lang.InterruptedException: sleep interrupted
2019-10-16 22:14:56,488 [3989452c-7599-4156-9543-3fe544ced0f3@group-83CFD60236D8-LeaderElection115] INFO  impl.LeaderElection (LeaderElection.java:logAndReturn(56)) - 3989452c-7599-4156-9543-3fe544ced0f3@group-83CFD60236D8-LeaderElection115: Election TIMEOUT; received 0 response(s) [] and 0 exception(s); 3989452c-7599-4156-9543-3fe544ced0f3@group-83CFD60236D8:t112, leader=null, voted=3989452c-7599-4156-9543-3fe544ced0f3, raftlog=3989452c-7599-4156-9543-3fe544ced0f3@group-83CFD60236D8-SegmentedRaftLog:OPENED:c-1,f-1,i0, conf=-1: [3989452c-7599-4156-9543-3fe544ced0f3:192.168.157.254:36320, eec99a0c-e1b1-4518-bc49-9d1a8c8e04d5:192.168.157.254:45598, d9e6ea44-93db-446f-8020-a94232284285:192.168.157.254:41671], old=null
2019-10-16 22:14:56,500 [3989452c-7599-4156-9543-3fe544ced0f3@group-83CFD60236D8-LeaderElection115] INFO  impl.LeaderElection (LeaderElection.java:askForVotes(178)) - 3989452c-7599-4156-9543-3fe544ced0f3@group-83CFD60236D8-LeaderElection115: begin an election at term 113 for -1: [3989452c-7599-4156-9543-3fe544ced0f3:192.168.157.254:36320, eec99a0c-e1b1-4518-bc49-9d1a8c8e04d5:192.168.157.254:45598, d9e6ea44-93db-446f-8020-a94232284285:192.168.157.254:41671], old=null
2019-10-16 22:14:56,501 [grpc-default-executor-18] INFO  impl.RaftServerImpl (RaftServerImpl.java:setRole(184)) - eec99a0c-e1b1-4518-bc49-9d1a8c8e04d5@group-83CFD60236D8: changes role from  FOLLOWER to FOLLOWER at term 113 for recognizeCandidate:3989452c-7599-4156-9543-3fe544ced0f3
2019-10-16 22:14:56,501 [grpc-default-executor-18] INFO  impl.RoleInfo (RoleInfo.java:shutdownFollowerState(121)) - eec99a0c-e1b1-4518-bc49-9d1a8c8e04d5: shutdown FollowerState
2019-10-16 22:14:56,501 [grpc-default-executor-23] INFO  impl.RaftServerImpl (RaftServerImpl.java:setRole(184)) - d9e6ea44-93db-446f-8020-a94232284285@group-83CFD60236D8: changes role from  FOLLOWER to FOLLOWER at term 113 for recognizeCandidate:3989452c-7599-4156-9543-3fe544ced0f3
2019-10-16 22:14:56,502 [grpc-default-executor-23] INFO  impl.RoleInfo (RoleInfo.java:shutdownFollowerState(121)) - d9e6ea44-93db-446f-8020-a94232284285: shutdown FollowerState
2019-10-16 22:14:56,501 [Thread-1650] INFO  impl.FollowerState (FollowerState.java:run(117)) - eec99a0c-e1b1-4518-bc49-9d1a8c8e04d5@group-83CFD60236D8-FollowerState was interrupted: java.lang.InterruptedException: sleep interrupted
2019-10-16 22:14:56,501 [grpc-default-executor-18] INFO  impl.RoleInfo (RoleInfo.java:updateAndGet(143)) - eec99a0c-e1b1-4518-bc49-9d1a8c8e04d5: start FollowerState
2019-10-16 22:14:56,502 [Thread-1651] INFO  impl.FollowerState (FollowerState.java:run(117)) - d9e6ea44-93db-446f-8020-a94232284285@group-83CFD60236D8-FollowerState was interrupted: java.lang.InterruptedException: sleep interrupted
2019-10-16 22:14:56,502 [grpc-default-executor-23] INFO  impl.RoleInfo (RoleInfo.java:updateAndGet(143)) - d9e6ea44-93db-446f-8020-a94232284285: start FollowerState
2019-10-16 22:14:56,527 [3989452c-7599-4156-9543-3fe544ced0f3@group-83CFD60236D8-LeaderElection115] INFO  impl.LeaderElection (LeaderElection.java:logAndReturn(56)) - 3989452c-7599-4156-9543-3fe544ced0f3@group-83CFD60236D8-LeaderElection115: Election REJECTED; received 2 response(s) [3989452c-7599-4156-9543-3fe544ced0f3<-eec99a0c-e1b1-4518-bc49-9d1a8c8e04d5#0:FAIL-t113, 3989452c-7599-4156-9543-3fe544ced0f3<-d9e6ea44-93db-446f-8020-a94232284285#0:FAIL-t113] and 0 exception(s); 3989452c-7599-4156-9543-3fe544ced0f3@group-83CFD60236D8:t113, leader=null, voted=3989452c-7599-4156-9543-3fe544ced0f3, raftlog=3989452c-7599-4156-9543-3fe544ced0f3@group-83CFD60236D8-SegmentedRaftLog:OPENED:c-1,f-1,i0, conf=-1: [3989452c-7599-4156-9543-3fe544ced0f3:192.168.157.254:36320, eec99a0c-e1b1-4518-bc49-9d1a8c8e04d5:192.168.157.254:45598, d9e6ea44-93db-446f-8020-a94232284285:192.168.157.254:41671], old=null
2019-10-16 22:14:56,528 [3989452c-7599-4156-9543-3fe544ced0f3@group-83CFD60236D8-LeaderElection115] INFO  impl.RaftServerImpl (RaftServerImpl.java:setRole(184)) - 3989452c-7599-4156-9543-3fe544ced0f3@group-83CFD60236D8: changes role from CANDIDATE to FOLLOWER at term 113 for DISCOVERED_A_NEW_TERM
2019-10-16 22:14:56,528 [3989452c-7599-4156-9543-3fe544ced0f3@group-83CFD60236D8-LeaderElection115] INFO  impl.RoleInfo (RoleInfo.java:shutdownLeaderElection(134)) - 3989452c-7599-4156-9543-3fe544ced0f3: shutdown LeaderElection
2019-10-16 22:14:56,528 [3989452c-7599-4156-9543-3fe544ced0f3@group-83CFD60236D8-LeaderElection115] INFO  impl.RoleInfo (RoleInfo.java:updateAndGet(143)) - 3989452c-7599-4156-9543-3fe544ced0f3: start FollowerState
2019-10-16 22:14:56,662 [Thread-1656] INFO  impl.FollowerState (FollowerState.java:run(108)) - 3989452c-7599-4156-9543-3fe544ced0f3@group-83CFD60236D8-FollowerState: change to CANDIDATE, lastRpcTime:134ms, electionTimeout:134ms
2019-10-16 22:14:56,663 [Thread-1656] INFO  impl.RoleInfo (RoleInfo.java:shutdownFollowerState(121)) - 3989452c-7599-4156-9543-3fe544ced0f3: shutdown FollowerState
2019-10-16 22:14:56,663 [Thread-1656] INFO  impl.RaftServerImpl (RaftServerImpl.java:setRole(184)) - 3989452c-7599-4156-9543-3fe544ced0f3@group-83CFD60236D8: changes role from  FOLLOWER to CANDIDATE at term 113 for changeToCandidate
2019-10-16 22:14:56,663 [Thread-1656] INFO  impl.RoleInfo (RoleInfo.java:updateAndGet(143)) - 3989452c-7599-4156-9543-3fe544ced0f3: start LeaderElection
2019-10-16 22:14:56,688 [3989452c-7599-4156-9543-3fe544ced0f3@group-83CFD60236D8-LeaderElection116] INFO  impl.LeaderElection (LeaderElection.java:askForVotes(178)) - 3989452c-7599-4156-9543-3fe544ced0f3@group-83CFD60236D8-LeaderElection116: begin an election at term 114 for -1: [3989452c-7599-4156-9543-3fe544ced0f3:192.168.157.254:36320, eec99a0c-e1b1-4518-bc49-9d1a8c8e04d5:192.168.157.254:45598, d9e6ea44-93db-446f-8020-a94232284285:192.168.157.254:41671], old=null
2019-10-16 22:14:56,690 [grpc-default-executor-23] INFO  impl.RaftServerImpl (RaftServerImpl.java:setRole(184)) - eec99a0c-e1b1-4518-bc49-9d1a8c8e04d5@group-83CFD60236D8: changes role from  FOLLOWER to FOLLOWER at term 114 for recognizeCandidate:3989452c-7599-4156-9543-3fe544ced0f3
2019-10-16 22:14:56,690 [grpc-default-executor-23] INFO  impl.RoleInfo (RoleInfo.java:shutdownFollowerState(121)) - eec99a0c-e1b1-4518-bc49-9d1a8c8e04d5: shutdown FollowerState
2019-10-16 22:14:56,690 [grpc-default-executor-18] INFO  impl.RaftServerImpl (RaftServerImpl.java:setRole(184)) - d9e6ea44-93db-446f-8020-a94232284285@group-83CFD60236D8: changes role from  FOLLOWER to FOLLOWER at term 114 for recognizeCandidate:3989452c-7599-4156-9543-3fe544ced0f3
2019-10-16 22:14:56,690 [grpc-default-executor-18] INFO  impl.RoleInfo (RoleInfo.java:shutdownFollowerState(121)) - d9e6ea44-93db-446f-8020-a94232284285: shutdown FollowerState
2019-10-16 22:14:56,690 [Thread-1654] INFO  impl.FollowerState (FollowerState.java:run(117)) - eec99a0c-e1b1-4518-bc49-9d1a8c8e04d5@group-83CFD60236D8-FollowerState was interrupted: java.lang.InterruptedException: sleep interrupted
2019-10-16 22:14:56,690 [grpc-default-executor-23] INFO  impl.RoleInfo (RoleInfo.java:updateAndGet(143)) - eec99a0c-e1b1-4518-bc49-9d1a8c8e04d5: start FollowerState
2019-10-16 22:14:56,691 [Thread-1655] INFO  impl.FollowerState (FollowerState.java:run(117)) - d9e6ea44-93db-446f-8020-a94232284285@group-83CFD60236D8-FollowerState was interrupted: java.lang.InterruptedException: sleep interrupted
2019-10-16 22:14:56,691 [grpc-default-executor-18] INFO  impl.RoleInfo (RoleInfo.java:updateAndGet(143)) - d9e6ea44-93db-446f-8020-a94232284285: start FollowerState
2019-10-16 22:14:56,706 [3989452c-7599-4156-9543-3fe544ced0f3@group-83CFD60236D8-LeaderElection116] INFO  impl.LeaderElection (LeaderElection.java:logAndReturn(56)) - 3989452c-7599-4156-9543-3fe544ced0f3@group-83CFD60236D8-LeaderElection116: Election REJECTED; received 2 response(s) [3989452c-7599-4156-9543-3fe544ced0f3<-eec99a0c-e1b1-4518-bc49-9d1a8c8e04d5#0:FAIL-t114, 3989452c-7599-4156-9543-3fe544ced0f3<-d9e6ea44-93db-446f-8020-a94232284285#0:FAIL-t114] and 0 exception(s); 3989452c-7599-4156-9543-3fe544ced0f3@group-83CFD60236D8:t114, leader=null, voted=3989452c-7599-4156-9543-3fe544ced0f3, raftlog=3989452c-7599-4156-9543-3fe544ced0f3@group-83CFD60236D8-SegmentedRaftLog:OPENED:c-1,f-1,i0, conf=-1: [3989452c-7599-4156-9543-3fe544ced0f3:192.168.157.254:36320, eec99a0c-e1b1-4518-bc49-9d1a8c8e04d5:192.168.157.254:45598, d9e6ea44-93db-446f-8020-a94232284285:192.168.157.254:41671], old=null
2019-10-16 22:14:56,706 [3989452c-7599-4156-9543-3fe544ced0f3@group-83CFD60236D8-LeaderElection116] INFO  impl.RaftServerImpl (RaftServerImpl.java:setRole(184)) - 3989452c-7599-4156-9543-3fe544ced0f3@group-83CFD60236D8: changes role from CANDIDATE to FOLLOWER at term 114 for DISCOVERED_A_NEW_TERM
2019-10-16 22:14:56,706 [3989452c-7599-4156-9543-3fe544ced0f3@group-83CFD60236D8-LeaderElection116] INFO  impl.RoleInfo (RoleInfo.java:shutdownLeaderElection(134)) - 3989452c-7599-4156-9543-3fe544ced0f3: shutdown LeaderElection
2019-10-16 22:14:56,706 [3989452c-7599-4156-9543-3fe544ced0f3@group-83CFD60236D8-LeaderElection116] INFO  impl.RoleInfo (RoleInfo.java:updateAndGet(143)) - 3989452c-7599-4156-9543-3fe544ced0f3: start FollowerState
2019-10-16 22:14:56,794 [Thread-1664] INFO  impl.FollowerState (FollowerState.java:run(108)) - 3989452c-7599-4156-9543-3fe544ced0f3@group-83CFD60236D8-FollowerState: change to CANDIDATE, lastRpcTime:88ms, electionTimeout:88ms
2019-10-16 22:14:56,795 [Thread-1664] INFO  impl.RoleInfo (RoleInfo.java:shutdownFollowerState(121)) - 3989452c-7599-4156-9543-3fe544ced0f3: shutdown FollowerState
2019-10-16 22:14:56,795 [Thread-1664] INFO  impl.RaftServerImpl (RaftServerImpl.java:setRole(184)) - 3989452c-7599-4156-9543-3fe544ced0f3@group-83CFD60236D8: changes role from  FOLLOWER to CANDIDATE at term 114 for changeToCandidate
2019-10-16 22:14:56,795 [Thread-1664] INFO  impl.RoleInfo (RoleInfo.java:updateAndGet(143)) - 3989452c-7599-4156-9543-3fe544ced0f3: start LeaderElection
2019-10-16 22:14:56,809 [3989452c-7599-4156-9543-3fe544ced0f3@group-83CFD60236D8-LeaderElection117] INFO  impl.LeaderElection (LeaderElection.java:askForVotes(178)) - 3989452c-7599-4156-9543-3fe544ced0f3@group-83CFD60236D8-LeaderElection117: begin an election at term 115 for -1: [3989452c-7599-4156-9543-3fe544ced0f3:192.168.157.254:36320, eec99a0c-e1b1-4518-bc49-9d1a8c8e04d5:192.168.157.254:45598, d9e6ea44-93db-446f-8020-a94232284285:192.168.157.254:41671], old=null
2019-10-16 22:14:56,810 [grpc-default-executor-23] INFO  impl.RaftServerImpl (RaftServerImpl.java:setRole(184)) - eec99a0c-e1b1-4518-bc49-9d1a8c8e04d5@group-83CFD60236D8: changes role from  FOLLOWER to FOLLOWER at term 115 for recognizeCandidate:3989452c-7599-4156-9543-3fe544ced0f3
2019-10-16 22:14:56,810 [grpc-default-executor-18] INFO  impl.RaftServerImpl (RaftServerImpl.java:setRole(184)) - d9e6ea44-93db-446f-8020-a94232284285@group-83CFD60236D8: changes role from  FOLLOWER to FOLLOWER at term 115 for recognizeCandidate:3989452c-7599-4156-9543-3fe544ced0f3
2019-10-16 22:14:56,810 [grpc-default-executor-23] INFO  impl.RoleInfo (RoleInfo.java:shutdownFollowerState(121)) - eec99a0c-e1b1-4518-bc49-9d1a8c8e04d5: shutdown FollowerState
2019-10-16 22:14:56,811 [grpc-default-executor-18] INFO  impl.RoleInfo (RoleInfo.java:shutdownFollowerState(121)) - d9e6ea44-93db-446f-8020-a94232284285: shutdown FollowerState
2019-10-16 22:14:56,811 [Thread-1660] INFO  impl.FollowerState (FollowerState.java:run(117)) - eec99a0c-e1b1-4518-bc49-9d1a8c8e04d5@group-83CFD60236D8-FollowerState was interrupted: java.lang.InterruptedException: sleep interrupted
2019-10-16 22:14:56,811 [grpc-default-executor-23] INFO  impl.RoleInfo (RoleInfo.java:updateAndGet(143)) - eec99a0c-e1b1-4518-bc49-9d1a8c8e04d5: start FollowerState
2019-10-16 22:14:56,811 [Thread-1661] INFO  impl.FollowerState (FollowerState.java:run(117)) - d9e6ea44-93db-446f-8020-a94232284285@group-83CFD60236D8-FollowerState was interrupted: java.lang.InterruptedException: sleep interrupted
2019-10-16 22:14:56,811 [grpc-default-executor-18] INFO  impl.RoleInfo (RoleInfo.java:updateAndGet(143)) - d9e6ea44-93db-446f-8020-a94232284285: start FollowerState
2019-10-16 22:14:56,837 [3989452c-7599-4156-9543-3fe544ced0f3@group-83CFD60236D8-LeaderElection117] INFO  impl.LeaderElection (LeaderElection.java:logAndReturn(56)) - 3989452c-7599-4156-9543-3fe544ced0f3@group-83CFD60236D8-LeaderElection117: Election REJECTED; received 2 response(s) [3989452c-7599-4156-9543-3fe544ced0f3<-eec99a0c-e1b1-4518-bc49-9d1a8c8e04d5#0:FAIL-t115, 3989452c-7599-4156-9543-3fe544ced0f3<-d9e6ea44-93db-446f-8020-a94232284285#0:FAIL-t115] and 0 exception(s); 3989452c-7599-4156-9543-3fe544ced0f3@group-83CFD60236D8:t115, leader=null, voted=3989452c-7599-4156-9543-3fe544ced0f3, raftlog=3989452c-7599-4156-9543-3fe544ced0f3@group-83CFD60236D8-SegmentedRaftLog:OPENED:c-1,f-1,i0, conf=-1: [3989452c-7599-4156-9543-3fe544ced0f3:192.168.157.254:36320, eec99a0c-e1b1-4518-bc49-9d1a8c8e04d5:192.168.157.254:45598, d9e6ea44-93db-446f-8020-a94232284285:192.168.157.254:41671], old=null
2019-10-16 22:14:56,837 [3989452c-7599-4156-9543-3fe544ced0f3@group-83CFD60236D8-LeaderElection117] INFO  impl.RaftServerImpl (RaftServerImpl.java:setRole(184)) - 3989452c-7599-4156-9543-3fe544ced0f3@group-83CFD60236D8: changes role from CANDIDATE to FOLLOWER at term 115 for DISCOVERED_A_NEW_TERM
2019-10-16 22:14:56,837 [3989452c-7599-4156-9543-3fe544ced0f3@group-83CFD60236D8-LeaderElection117] INFO  impl.RoleInfo (RoleInfo.java:shutdownLeaderElection(134)) - 3989452c-7599-4156-9543-3fe544ced0f3: shutdown LeaderElection
2019-10-16 22:14:56,837 [3989452c-7599-4156-9543-3fe544ced0f3@group-83CFD60236D8-LeaderElection117] INFO  impl.RoleInfo (RoleInfo.java:updateAndGet(143)) - 3989452c-7599-4156-9543-3fe544ced0f3: start FollowerState
2019-10-16 22:14:57,028 [Thread-1670] INFO  impl.FollowerState (FollowerState.java:run(108)) - 3989452c-7599-4156-9543-3fe544ced0f3@group-83CFD60236D8-FollowerState: change to CANDIDATE, lastRpcTime:191ms, electionTimeout:191ms
2019-10-16 22:14:57,029 [Thread-1670] INFO  impl.RoleInfo (RoleInfo.java:shutdownFollowerState(121)) - 3989452c-7599-4156-9543-3fe544ced0f3: shutdown FollowerState
2019-10-16 22:14:57,029 [Thread-1670] INFO  impl.RaftServerImpl (RaftServerImpl.java:setRole(184)) - 3989452c-7599-4156-9543-3fe544ced0f3@group-83CFD60236D8: changes role from  FOLLOWER to CANDIDATE at term 115 for changeToCandidate
2019-10-16 22:14:57,029 [Thread-1670] INFO  impl.RoleInfo (RoleInfo.java:updateAndGet(143)) - 3989452c-7599-4156-9543-3fe544ced0f3: start LeaderElection
 0.00% |?                                                                                                    |  0/1 Time: 0:06:132019-10-16 22:14:57,055 [3989452c-7599-4156-9543-3fe544ced0f3@group-83CFD60236D8-LeaderElection118] INFO  impl.LeaderElection (LeaderElection.java:askForVotes(178)) - 3989452c-7599-4156-9543-3fe544ced0f3@group-83CFD60236D8-LeaderElection118: begin an election at term 116 for -1: [3989452c-7599-4156-9543-3fe544ced0f3:192.168.157.254:36320, eec99a0c-e1b1-4518-bc49-9d1a8c8e04d5:192.168.157.254:45598, d9e6ea44-93db-446f-8020-a94232284285:192.168.157.254:41671], old=null
2019-10-16 22:14:57,057 [grpc-default-executor-23] INFO  impl.RaftServerImpl (RaftServerImpl.java:setRole(184)) - eec99a0c-e1b1-4518-bc49-9d1a8c8e04d5@group-83CFD60236D8: changes role from  FOLLOWER to FOLLOWER at term 116 for recognizeCandidate:3989452c-7599-4156-9543-3fe544ced0f3
2019-10-16 22:14:57,057 [grpc-default-executor-23] INFO  impl.RoleInfo (RoleInfo.java:shutdownFollowerState(121)) - eec99a0c-e1b1-4518-bc49-9d1a8c8e04d5: shutdown FollowerState
2019-10-16 22:14:57,058 [grpc-default-executor-23] INFO  impl.RoleInfo (RoleInfo.java:updateAndGet(143)) - eec99a0c-e1b1-4518-bc49-9d1a8c8e04d5: start FollowerState
2019-10-16 22:14:57,058 [Thread-1668] INFO  impl.FollowerState (FollowerState.java:run(117)) - eec99a0c-e1b1-4518-bc49-9d1a8c8e04d5@group-83CFD60236D8-FollowerState was interrupted: java.lang.InterruptedException: sleep interrupted
2019-10-16 22:14:57,059 [grpc-default-executor-18] INFO  impl.RaftServerImpl (RaftServerImpl.java:setRole(184)) - d9e6ea44-93db-446f-8020-a94232284285@group-83CFD60236D8: changes role from  FOLLOWER to FOLLOWER at term 116 for recognizeCandidate:3989452c-7599-4156-9543-3fe544ced0f3
2019-10-16 22:14:57,059 [grpc-default-executor-18] INFO  impl.RoleInfo (RoleInfo.java:shutdownFollowerState(121)) - d9e6ea44-93db-446f-8020-a94232284285: shutdown FollowerState
2019-10-16 22:14:57,059 [grpc-default-executor-18] INFO  impl.RoleInfo (RoleInfo.java:updateAndGet(143)) - d9e6ea44-93db-446f-8020-a94232284285: start FollowerState
2019-10-16 22:14:57,059 [Thread-1669] INFO  impl.FollowerState (FollowerState.java:run(117)) - d9e6ea44-93db-446f-8020-a94232284285@group-83CFD60236D8-FollowerState was interrupted: java.lang.InterruptedException: sleep interrupted
2019-10-16 22:14:57,073 [3989452c-7599-4156-9543-3fe544ced0f3@group-83CFD60236D8-LeaderElection118] INFO  impl.LeaderElection (LeaderElection.java:logAndReturn(56)) - 3989452c-7599-4156-9543-3fe544ced0f3@group-83CFD60236D8-LeaderElection118: Election REJECTED; received 2 response(s) [3989452c-7599-4156-9543-3fe544ced0f3<-eec99a0c-e1b1-4518-bc49-9d1a8c8e04d5#0:FAIL-t116, 3989452c-7599-4156-9543-3fe544ced0f3<-d9e6ea44-93db-446f-8020-a94232284285#0:FAIL-t116] and 0 exception(s); 3989452c-7599-4156-9543-3fe544ced0f3@group-83CFD60236D8:t116, leader=null, voted=3989452c-7599-4156-9543-3fe544ced0f3, raftlog=3989452c-7599-4156-9543-3fe544ced0f3@group-83CFD60236D8-SegmentedRaftLog:OPENED:c-1,f-1,i0, conf=-1: [3989452c-7599-4156-9543-3fe544ced0f3:192.168.157.254:36320, eec99a0c-e1b1-4518-bc49-9d1a8c8e04d5:192.168.157.254:45598, d9e6ea44-93db-446f-8020-a94232284285:192.168.157.254:41671], old=null
2019-10-16 22:14:57,073 [3989452c-7599-4156-9543-3fe544ced0f3@group-83CFD60236D8-LeaderElection118] INFO  impl.RaftServerImpl (RaftServerImpl.java:setRole(184)) - 3989452c-7599-4156-9543-3fe544ced0f3@group-83CFD60236D8: changes role from CANDIDATE to FOLLOWER at term 116 for DISCOVERED_A_NEW_TERM
2019-10-16 22:14:57,073 [3989452c-7599-4156-9543-3fe544ced0f3@group-83CFD60236D8-LeaderElection118] INFO  impl.RoleInfo (RoleInfo.java:shutdownLeaderElection(134)) - 3989452c-7599-4156-9543-3fe544ced0f3: shutdown LeaderElection
2019-10-16 22:14:57,073 [3989452c-7599-4156-9543-3fe544ced0f3@group-83CFD60236D8-LeaderElection118] INFO  impl.RoleInfo (RoleInfo.java:updateAndGet(143)) - 3989452c-7599-4156-9543-3fe544ced0f3: start FollowerState
2019-10-16 22:14:57,090 [Thread-1676] INFO  impl.FollowerState (FollowerState.java:run(108)) - 3989452c-7599-4156-9543-3fe544ced0f3@group-83CFD60236D8-FollowerState: change to CANDIDATE, lastRpcTime:16ms, electionTimeout:16ms
2019-10-16 22:14:57,090 [Thread-1676] INFO  impl.RoleInfo (RoleInfo.java:shutdownFollowerState(121)) - 3989452c-7599-4156-9543-3fe544ced0f3: shutdown FollowerState
2019-10-16 22:14:57,090 [Thread-1676] INFO  impl.RaftServerImpl (RaftServerImpl.java:setRole(184)) - 3989452c-7599-4156-9543-3fe544ced0f3@group-83CFD60236D8: changes role from  FOLLOWER to CANDIDATE at term 116 for changeToCandidate
2019-10-16 22:14:57,090 [Thread-1676] INFO  impl.RoleInfo (RoleInfo.java:updateAndGet(143)) - 3989452c-7599-4156-9543-3fe544ced0f3: start LeaderElection
2019-10-16 22:14:57,112 [3989452c-7599-4156-9543-3fe544ced0f3@group-83CFD60236D8-LeaderElection119] INFO  impl.LeaderElection (LeaderElection.java:askForVotes(178)) - 3989452c-7599-4156-9543-3fe544ced0f3@group-83CFD60236D8-LeaderElection119: begin an election at term 117 for -1: [3989452c-7599-4156-9543-3fe544ced0f3:192.168.157.254:36320, eec99a0c-e1b1-4518-bc49-9d1a8c8e04d5:192.168.157.254:45598, d9e6ea44-93db-446f-8020-a94232284285:192.168.157.254:41671], old=null
2019-10-16 22:14:57,114 [grpc-default-executor-23] INFO  impl.RaftServerImpl (RaftServerImpl.java:setRole(184)) - eec99a0c-e1b1-4518-bc49-9d1a8c8e04d5@group-83CFD60236D8: changes role from  FOLLOWER to FOLLOWER at term 117 for recognizeCandidate:3989452c-7599-4156-9543-3fe544ced0f3
2019-10-16 22:14:57,114 [grpc-default-executor-23] INFO  impl.RoleInfo (RoleInfo.java:shutdownFollowerState(121)) - eec99a0c-e1b1-4518-bc49-9d1a8c8e04d5: shutdown FollowerState
2019-10-16 22:14:57,114 [grpc-default-executor-18] INFO  impl.RaftServerImpl (RaftServerImpl.java:setRole(184)) - d9e6ea44-93db-446f-8020-a94232284285@group-83CFD60236D8: changes role from  FOLLOWER to FOLLOWER at term 117 for recognizeCandidate:3989452c-7599-4156-9543-3fe544ced0f3
2019-10-16 22:14:57,114 [Thread-1674] INFO  impl.FollowerState (FollowerState.java:run(117)) - eec99a0c-e1b1-4518-bc49-9d1a8c8e04d5@group-83CFD60236D8-FollowerState was interrupted: java.lang.InterruptedException: sleep interrupted
2019-10-16 22:14:57,114 [grpc-default-executor-23] INFO  impl.RoleInfo (RoleInfo.java:updateAndGet(143)) - eec99a0c-e1b1-4518-bc49-9d1a8c8e04d5: start FollowerState
2019-10-16 22:14:57,114 [grpc-default-executor-18] INFO  impl.RoleInfo (RoleInfo.java:shutdownFollowerState(121)) - d9e6ea44-93db-446f-8020-a94232284285: shutdown FollowerState
2019-10-16 22:14:57,115 [grpc-default-executor-18] INFO  impl.RoleInfo (RoleInfo.java:updateAndGet(143)) - d9e6ea44-93db-446f-8020-a94232284285: start FollowerState
2019-10-16 22:14:57,115 [Thread-1675] INFO  impl.FollowerState (FollowerState.java:run(117)) - d9e6ea44-93db-446f-8020-a94232284285@group-83CFD60236D8-FollowerState was interrupted: java.lang.InterruptedException: sleep interrupted
2019-10-16 22:14:57,129 [3989452c-7599-4156-9543-3fe544ced0f3@group-83CFD60236D8-LeaderElection119] INFO  impl.LeaderElection (LeaderElection.java:logAndReturn(56)) - 3989452c-7599-4156-9543-3fe544ced0f3@group-83CFD60236D8-LeaderElection119: Election REJECTED; received 2 response(s) [3989452c-7599-4156-9543-3fe544ced0f3<-eec99a0c-e1b1-4518-bc49-9d1a8c8e04d5#0:FAIL-t117, 3989452c-7599-4156-9543-3fe544ced0f3<-d9e6ea44-93db-446f-8020-a94232284285#0:FAIL-t117] and 0 exception(s); 3989452c-7599-4156-9543-3fe544ced0f3@group-83CFD60236D8:t117, leader=null, voted=3989452c-7599-4156-9543-3fe544ced0f3, raftlog=3989452c-7599-4156-9543-3fe544ced0f3@group-83CFD60236D8-SegmentedRaftLog:OPENED:c-1,f-1,i0, conf=-1: [3989452c-7599-4156-9543-3fe544ced0f3:192.168.157.254:36320, eec99a0c-e1b1-4518-bc49-9d1a8c8e04d5:192.168.157.254:45598, d9e6ea44-93db-446f-8020-a94232284285:192.168.157.254:41671], old=null
2019-10-16 22:14:57,129 [3989452c-7599-4156-9543-3fe544ced0f3@group-83CFD60236D8-LeaderElection119] INFO  impl.RaftServerImpl (RaftServerImpl.java:setRole(184)) - 3989452c-7599-4156-9543-3fe544ced0f3@group-83CFD60236D8: changes role from CANDIDATE to FOLLOWER at term 117 for DISCOVERED_A_NEW_TERM
2019-10-16 22:14:57,129 [3989452c-7599-4156-9543-3fe544ced0f3@group-83CFD60236D8-LeaderElection119] INFO  impl.RoleInfo (RoleInfo.java:shutdownLeaderElection(134)) - 3989452c-7599-4156-9543-3fe544ced0f3: shutdown LeaderElection
2019-10-16 22:14:57,129 [3989452c-7599-4156-9543-3fe544ced0f3@group-83CFD60236D8-LeaderElection119] INFO  impl.RoleInfo (RoleInfo.java:updateAndGet(143)) - 3989452c-7599-4156-9543-3fe544ced0f3: start FollowerState
2019-10-16 22:14:57,269 [Thread-1682] INFO  impl.FollowerState (FollowerState.java:run(108)) - 3989452c-7599-4156-9543-3fe544ced0f3@group-83CFD60236D8-FollowerState: change to CANDIDATE, lastRpcTime:139ms, electionTimeout:139ms
2019-10-16 22:14:57,269 [Thread-1682] INFO  impl.RoleInfo (RoleInfo.java:shutdownFollowerState(121)) - 3989452c-7599-4156-9543-3fe544ced0f3: shutdown FollowerState
2019-10-16 22:14:57,269 [Thread-1682] INFO  impl.RaftServerImpl (RaftServerImpl.java:setRole(184)) - 3989452c-7599-4156-9543-3fe544ced0f3@group-83CFD60236D8: changes role from  FOLLOWER to CANDIDATE at term 117 for changeToCandidate
2019-10-16 22:14:57,269 [Thread-1682] INFO  impl.RoleInfo (RoleInfo.java:updateAndGet(143)) - 3989452c-7599-4156-9543-3fe544ced0f3: start LeaderElection
2019-10-16 22:14:57,281 [3989452c-7599-4156-9543-3fe544ced0f3@group-83CFD60236D8-LeaderElection120] INFO  impl.LeaderElection (LeaderElection.java:askForVotes(178)) - 3989452c-7599-4156-9543-3fe544ced0f3@group-83CFD60236D8-LeaderElection120: begin an election at term 118 for -1: [3989452c-7599-4156-9543-3fe544ced0f3:192.168.157.254:36320, eec99a0c-e1b1-4518-bc49-9d1a8c8e04d5:192.168.157.254:45598, d9e6ea44-93db-446f-8020-a94232284285:192.168.157.254:41671], old=null
2019-10-16 22:14:57,283 [grpc-default-executor-18] INFO  impl.RaftServerImpl (RaftServerImpl.java:setRole(184)) - eec99a0c-e1b1-4518-bc49-9d1a8c8e04d5@group-83CFD60236D8: changes role from  FOLLOWER to FOLLOWER at term 118 for recognizeCandidate:3989452c-7599-4156-9543-3fe544ced0f3
2019-10-16 22:14:57,283 [grpc-default-executor-18] INFO  impl.RoleInfo (RoleInfo.java:shutdownFollowerState(121)) - eec99a0c-e1b1-4518-bc49-9d1a8c8e04d5: shutdown FollowerState
2019-10-16 22:14:57,283 [grpc-default-executor-23] INFO  impl.RaftServerImpl (RaftServerImpl.java:setRole(184)) - d9e6ea44-93db-446f-8020-a94232284285@group-83CFD60236D8: changes role from  FOLLOWER to FOLLOWER at term 118 for recognizeCandidate:3989452c-7599-4156-9543-3fe544ced0f3
2019-10-16 22:14:57,284 [Thread-1680] INFO  impl.FollowerState (FollowerState.java:run(117)) - eec99a0c-e1b1-4518-bc49-9d1a8c8e04d5@group-83CFD60236D8-FollowerState was interrupted: java.lang.InterruptedException: sleep interrupted
2019-10-16 22:14:57,284 [grpc-default-executor-18] INFO  impl.RoleInfo (RoleInfo.java:updateAndGet(143)) - eec99a0c-e1b1-4518-bc49-9d1a8c8e04d5: start FollowerState
2019-10-16 22:14:57,284 [grpc-default-executor-23] INFO  impl.RoleInfo (RoleInfo.java:shutdownFollowerState(121)) - d9e6ea44-93db-446f-8020-a94232284285: shutdown FollowerState
2019-10-16 22:14:57,284 [grpc-default-executor-23] INFO  impl.RoleInfo (RoleInfo.java:updateAndGet(143)) - d9e6ea44-93db-446f-8020-a94232284285: start FollowerState
2019-10-16 22:14:57,284 [Thread-1681] INFO  impl.FollowerState (FollowerState.java:run(117)) - d9e6ea44-93db-446f-8020-a94232284285@group-83CFD60236D8-FollowerState was interrupted: java.lang.InterruptedException: sleep interrupted
2019-10-16 22:14:57,289 [3989452c-7599-4156-9543-3fe544ced0f3@group-83CFD60236D8-LeaderElection120] INFO  impl.LeaderElection (LeaderElection.java:logAndReturn(56)) - 3989452c-7599-4156-9543-3fe544ced0f3@group-83CFD60236D8-LeaderElection120: Election REJECTED; received 2 response(s) [3989452c-7599-4156-9543-3fe544ced0f3<-eec99a0c-e1b1-4518-bc49-9d1a8c8e04d5#0:FAIL-t118, 3989452c-7599-4156-9543-3fe544ced0f3<-d9e6ea44-93db-446f-8020-a94232284285#0:FAIL-t118] and 0 exception(s); 3989452c-7599-4156-9543-3fe544ced0f3@group-83CFD60236D8:t118, leader=null, voted=3989452c-7599-4156-9543-3fe544ced0f3, raftlog=3989452c-7599-4156-9543-3fe544ced0f3@group-83CFD60236D8-SegmentedRaftLog:OPENED:c-1,f-1,i0, conf=-1: [3989452c-7599-4156-9543-3fe544ced0f3:192.168.157.254:36320, eec99a0c-e1b1-4518-bc49-9d1a8c8e04d5:192.168.157.254:45598, d9e6ea44-93db-446f-8020-a94232284285:192.168.157.254:41671], old=null
2019-10-16 22:14:57,289 [3989452c-7599-4156-9543-3fe544ced0f3@group-83CFD60236D8-LeaderElection120] INFO  impl.RaftServerImpl (RaftServerImpl.java:setRole(184)) - 3989452c-7599-4156-9543-3fe544ced0f3@group-83CFD60236D8: changes role from CANDIDATE to FOLLOWER at term 118 for DISCOVERED_A_NEW_TERM
2019-10-16 22:14:57,289 [3989452c-7599-4156-9543-3fe544ced0f3@group-83CFD60236D8-LeaderElection120] INFO  impl.RoleInfo (RoleInfo.java:shutdownLeaderElection(134)) - 3989452c-7599-4156-9543-3fe544ced0f3: shutdown LeaderElection
2019-10-16 22:14:57,289 [3989452c-7599-4156-9543-3fe544ced0f3@group-83CFD60236D8-LeaderElection120] INFO  impl.RoleInfo (RoleInfo.java:updateAndGet(143)) - 3989452c-7599-4156-9543-3fe544ced0f3: start FollowerState
2019-10-16 22:14:57,485 [Thread-1688] INFO  impl.FollowerState (FollowerState.java:run(108)) - 3989452c-7599-4156-9543-3fe544ced0f3@group-83CFD60236D8-FollowerState: change to CANDIDATE, lastRpcTime:195ms, electionTimeout:195ms
2019-10-16 22:14:57,485 [Thread-1688] INFO  impl.RoleInfo (RoleInfo.java:shutdownFollowerState(121)) - 3989452c-7599-4156-9543-3fe544ced0f3: shutdown FollowerState
2019-10-16 22:14:57,485 [Thread-1688] INFO  impl.RaftServerImpl (RaftServerImpl.java:setRole(184)) - 3989452c-7599-4156-9543-3fe544ced0f3@group-83CFD60236D8: changes role from  FOLLOWER to CANDIDATE at term 118 for changeToCandidate
2019-10-16 22:14:57,485 [Thread-1688] INFO  impl.RoleInfo (RoleInfo.java:updateAndGet(143)) - 3989452c-7599-4156-9543-3fe544ced0f3: start LeaderElection
2019-10-16 22:14:57,499 [3989452c-7599-4156-9543-3fe544ced0f3@group-83CFD60236D8-LeaderElection121] INFO  impl.LeaderElection (LeaderElection.java:askForVotes(178)) - 3989452c-7599-4156-9543-3fe544ced0f3@group-83CFD60236D8-LeaderElection121: begin an election at term 119 for -1: [3989452c-7599-4156-9543-3fe544ced0f3:192.168.157.254:36320, eec99a0c-e1b1-4518-bc49-9d1a8c8e04d5:192.168.157.254:45598, d9e6ea44-93db-446f-8020-a94232284285:192.168.157.254:41671], old=null
2019-10-16 22:14:57,501 [grpc-default-executor-18] INFO  impl.RaftServerImpl (RaftServerImpl.java:setRole(184)) - eec99a0c-e1b1-4518-bc49-9d1a8c8e04d5@group-83CFD60236D8: changes role from  FOLLOWER to FOLLOWER at term 119 for recognizeCandidate:3989452c-7599-4156-9543-3fe544ced0f3
2019-10-16 22:14:57,501 [grpc-default-executor-23] INFO  impl.RaftServerImpl (RaftServerImpl.java:setRole(184)) - d9e6ea44-93db-446f-8020-a94232284285@group-83CFD60236D8: changes role from  FOLLOWER to FOLLOWER at term 119 for recognizeCandidate:3989452c-7599-4156-9543-3fe544ced0f3
2019-10-16 22:14:57,501 [grpc-default-executor-18] INFO  impl.RoleInfo (RoleInfo.java:shutdownFollowerState(121)) - eec99a0c-e1b1-4518-bc49-9d1a8c8e04d5: shutdown FollowerState
2019-10-16 22:14:57,502 [grpc-default-executor-23] INFO  impl.RoleInfo (RoleInfo.java:shutdownFollowerState(121)) - d9e6ea44-93db-446f-8020-a94232284285: shutdown FollowerState
2019-10-16 22:14:57,502 [Thread-1686] INFO  impl.FollowerState (FollowerState.java:run(117)) - eec99a0c-e1b1-4518-bc49-9d1a8c8e04d5@group-83CFD60236D8-FollowerState was interrupted: java.lang.InterruptedException: sleep interrupted
2019-10-16 22:14:57,502 [grpc-default-executor-18] INFO  impl.RoleInfo (RoleInfo.java:updateAndGet(143)) - eec99a0c-e1b1-4518-bc49-9d1a8c8e04d5: start FollowerState
2019-10-16 22:14:57,502 [Thread-1687] INFO  impl.FollowerState (FollowerState.java:run(117)) - d9e6ea44-93db-446f-8020-a94232284285@group-83CFD60236D8-FollowerState was interrupted: java.lang.InterruptedException: sleep interrupted
2019-10-16 22:14:57,502 [grpc-default-executor-23] INFO  impl.RoleInfo (RoleInfo.java:updateAndGet(143)) - d9e6ea44-93db-446f-8020-a94232284285: start FollowerState
2019-10-16 22:14:57,517 [3989452c-7599-4156-9543-3fe544ced0f3@group-83CFD60236D8-LeaderElection121] INFO  impl.LeaderElection (LeaderElection.java:logAndReturn(56)) - 3989452c-7599-4156-9543-3fe544ced0f3@group-83CFD60236D8-LeaderElection121: Election REJECTED; received 2 response(s) [3989452c-7599-4156-9543-3fe544ced0f3<-eec99a0c-e1b1-4518-bc49-9d1a8c8e04d5#0:FAIL-t119, 3989452c-7599-4156-9543-3fe544ced0f3<-d9e6ea44-93db-446f-8020-a94232284285#0:FAIL-t119] and 0 exception(s); 3989452c-7599-4156-9543-3fe544ced0f3@group-83CFD60236D8:t119, leader=null, voted=3989452c-7599-4156-9543-3fe544ced0f3, raftlog=3989452c-7599-4156-9543-3fe544ced0f3@group-83CFD60236D8-SegmentedRaftLog:OPENED:c-1,f-1,i0, conf=-1: [3989452c-7599-4156-9543-3fe544ced0f3:192.168.157.254:36320, eec99a0c-e1b1-4518-bc49-9d1a8c8e04d5:192.168.157.254:45598, d9e6ea44-93db-446f-8020-a94232284285:192.168.157.254:41671], old=null
2019-10-16 22:14:57,517 [3989452c-7599-4156-9543-3fe544ced0f3@group-83CFD60236D8-LeaderElection121] INFO  impl.RaftServerImpl (RaftServerImpl.java:setRole(184)) - 3989452c-7599-4156-9543-3fe544ced0f3@group-83CFD60236D8: changes role from CANDIDATE to FOLLOWER at term 119 for DISCOVERED_A_NEW_TERM
2019-10-16 22:14:57,517 [3989452c-7599-4156-9543-3fe544ced0f3@group-83CFD60236D8-LeaderElection121] INFO  impl.RoleInfo (RoleInfo.java:shutdownLeaderElection(134)) - 3989452c-7599-4156-9543-3fe544ced0f3: shutdown LeaderElection
2019-10-16 22:14:57,517 [3989452c-7599-4156-9543-3fe544ced0f3@group-83CFD60236D8-LeaderElection121] INFO  impl.RoleInfo (RoleInfo.java:updateAndGet(143)) - 3989452c-7599-4156-9543-3fe544ced0f3: start FollowerState
2019-10-16 22:14:57,667 [Thread-1694] INFO  impl.FollowerState (FollowerState.java:run(108)) - 3989452c-7599-4156-9543-3fe544ced0f3@group-83CFD60236D8-FollowerState: change to CANDIDATE, lastRpcTime:150ms, electionTimeout:150ms
2019-10-16 22:14:57,668 [Thread-1694] INFO  impl.RoleInfo (RoleInfo.java:shutdownFollowerState(121)) - 3989452c-7599-4156-9543-3fe544ced0f3: shutdown FollowerState
2019-10-16 22:14:57,668 [Thread-1694] INFO  impl.RaftServerImpl (RaftServerImpl.java:setRole(184)) - 3989452c-7599-4156-9543-3fe544ced0f3@group-83CFD60236D8: changes role from  FOLLOWER to CANDIDATE at term 119 for changeToCandidate
2019-10-16 22:14:57,668 [Thread-1694] INFO  impl.RoleInfo (RoleInfo.java:updateAndGet(143)) - 3989452c-7599-4156-9543-3fe544ced0f3: start LeaderElection
2019-10-16 22:14:57,684 [3989452c-7599-4156-9543-3fe544ced0f3@group-83CFD60236D8-LeaderElection122] INFO  impl.LeaderElection (LeaderElection.java:askForVotes(178)) - 3989452c-7599-4156-9543-3fe544ced0f3@group-83CFD60236D8-LeaderElection122: begin an election at term 120 for -1: [3989452c-7599-4156-9543-3fe544ced0f3:192.168.157.254:36320, eec99a0c-e1b1-4518-bc49-9d1a8c8e04d5:192.168.157.254:45598, d9e6ea44-93db-446f-8020-a94232284285:192.168.157.254:41671], old=null
2019-10-16 22:14:57,690 [grpc-default-executor-23] INFO  impl.RaftServerImpl (RaftServerImpl.java:setRole(184)) - eec99a0c-e1b1-4518-bc49-9d1a8c8e04d5@group-83CFD60236D8: changes role from  FOLLOWER to FOLLOWER at term 120 for recognizeCandidate:3989452c-7599-4156-9543-3fe544ced0f3
2019-10-16 22:14:57,690 [grpc-default-executor-18] INFO  impl.RaftServerImpl (RaftServerImpl.java:setRole(184)) - d9e6ea44-93db-446f-8020-a94232284285@group-83CFD60236D8: changes role from  FOLLOWER to FOLLOWER at term 120 for recognizeCandidate:3989452c-7599-4156-9543-3fe544ced0f3
2019-10-16 22:14:57,690 [grpc-default-executor-23] INFO  impl.RoleInfo (RoleInfo.java:shutdownFollowerState(121)) - eec99a0c-e1b1-4518-bc49-9d1a8c8e04d5: shutdown FollowerState
2019-10-16 22:14:57,691 [grpc-default-executor-18] INFO  impl.RoleInfo (RoleInfo.java:shutdownFollowerState(121)) - d9e6ea44-93db-446f-8020-a94232284285: shutdown FollowerState
2019-10-16 22:14:57,691 [Thread-1692] INFO  impl.FollowerState (FollowerState.java:run(117)) - eec99a0c-e1b1-4518-bc49-9d1a8c8e04d5@group-83CFD60236D8-FollowerState was interrupted: java.lang.InterruptedException: sleep interrupted
2019-10-16 22:14:57,691 [Thread-1693] INFO  impl.FollowerState (FollowerState.java:run(117)) - d9e6ea44-93db-446f-8020-a94232284285@group-83CFD60236D8-FollowerState was interrupted: java.lang.InterruptedException: sleep interrupted
2019-10-16 22:14:57,691 [grpc-default-executor-23] INFO  impl.RoleInfo (RoleInfo.java:updateAndGet(143)) - eec99a0c-e1b1-4518-bc49-9d1a8c8e04d5: start FollowerState
2019-10-16 22:14:57,691 [grpc-default-executor-18] INFO  impl.RoleInfo (RoleInfo.java:updateAndGet(143)) - d9e6ea44-93db-446f-8020-a94232284285: start FollowerState
2019-10-16 22:14:57,706 [3989452c-7599-4156-9543-3fe544ced0f3@group-83CFD60236D8-LeaderElection122] INFO  impl.LeaderElection (LeaderElection.java:logAndReturn(56)) - 3989452c-7599-4156-9543-3fe544ced0f3@group-83CFD60236D8-LeaderElection122: Election REJECTED; received 2 response(s) [3989452c-7599-4156-9543-3fe544ced0f3<-eec99a0c-e1b1-4518-bc49-9d1a8c8e04d5#0:FAIL-t120, 3989452c-7599-4156-9543-3fe544ced0f3<-d9e6ea44-93db-446f-8020-a94232284285#0:FAIL-t120] and 0 exception(s); 3989452c-7599-4156-9543-3fe544ced0f3@group-83CFD60236D8:t120, leader=null, voted=3989452c-7599-4156-9543-3fe544ced0f3, raftlog=3989452c-7599-4156-9543-3fe544ced0f3@group-83CFD60236D8-SegmentedRaftLog:OPENED:c-1,f-1,i0, conf=-1: [3989452c-7599-4156-9543-3fe544ced0f3:192.168.157.254:36320, eec99a0c-e1b1-4518-bc49-9d1a8c8e04d5:192.168.157.254:45598, d9e6ea44-93db-446f-8020-a94232284285:192.168.157.254:41671], old=null
2019-10-16 22:14:57,706 [3989452c-7599-4156-9543-3fe544ced0f3@group-83CFD60236D8-LeaderElection122] INFO  impl.RaftServerImpl (RaftServerImpl.java:setRole(184)) - 3989452c-7599-4156-9543-3fe544ced0f3@group-83CFD60236D8: changes role from CANDIDATE to FOLLOWER at term 120 for DISCOVERED_A_NEW_TERM
2019-10-16 22:14:57,706 [3989452c-7599-4156-9543-3fe544ced0f3@group-83CFD60236D8-LeaderElection122] INFO  impl.RoleInfo (RoleInfo.java:shutdownLeaderElection(134)) - 3989452c-7599-4156-9543-3fe544ced0f3: shutdown LeaderElection
2019-10-16 22:14:57,706 [3989452c-7599-4156-9543-3fe544ced0f3@group-83CFD60236D8-LeaderElection122] INFO  impl.RoleInfo (RoleInfo.java:updateAndGet(143)) - 3989452c-7599-4156-9543-3fe544ced0f3: start FollowerState
2019-10-16 22:14:57,711 [Thread-1703] INFO  impl.FollowerState (FollowerState.java:run(108)) - 3989452c-7599-4156-9543-3fe544ced0f3@group-83CFD60236D8-FollowerState: change to CANDIDATE, lastRpcTime:4ms, electionTimeout:4ms
2019-10-16 22:14:57,711 [Thread-1703] INFO  impl.RoleInfo (RoleInfo.java:shutdownFollowerState(121)) - 3989452c-7599-4156-9543-3fe544ced0f3: shutdown FollowerState
2019-10-16 22:14:57,711 [Thread-1703] INFO  impl.RaftServerImpl (RaftServerImpl.java:setRole(184)) - 3989452c-7599-4156-9543-3fe544ced0f3@group-83CFD60236D8: changes role from  FOLLOWER to CANDIDATE at term 120 for changeToCandidate
2019-10-16 22:14:57,711 [Thread-1703] INFO  impl.RoleInfo (RoleInfo.java:updateAndGet(143)) - 3989452c-7599-4156-9543-3fe544ced0f3: start LeaderElection
2019-10-16 22:14:57,724 [3989452c-7599-4156-9543-3fe544ced0f3@group-83CFD60236D8-LeaderElection123] INFO  impl.LeaderElection (LeaderElection.java:askForVotes(178)) - 3989452c-7599-4156-9543-3fe544ced0f3@group-83CFD60236D8-LeaderElection123: begin an election at term 121 for -1: [3989452c-7599-4156-9543-3fe544ced0f3:192.168.157.254:36320, eec99a0c-e1b1-4518-bc49-9d1a8c8e04d5:192.168.157.254:45598, d9e6ea44-93db-446f-8020-a94232284285:192.168.157.254:41671], old=null
2019-10-16 22:14:57,725 [grpc-default-executor-18] INFO  impl.RaftServerImpl (RaftServerImpl.java:setRole(184)) - eec99a0c-e1b1-4518-bc49-9d1a8c8e04d5@group-83CFD60236D8: changes role from  FOLLOWER to FOLLOWER at term 121 for recognizeCandidate:3989452c-7599-4156-9543-3fe544ced0f3
2019-10-16 22:14:57,725 [grpc-default-executor-23] INFO  impl.RaftServerImpl (RaftServerImpl.java:setRole(184)) - d9e6ea44-93db-446f-8020-a94232284285@group-83CFD60236D8: changes role from  FOLLOWER to FOLLOWER at term 121 for recognizeCandidate:3989452c-7599-4156-9543-3fe544ced0f3
2019-10-16 22:14:57,725 [grpc-default-executor-18] INFO  impl.RoleInfo (RoleInfo.java:shutdownFollowerState(121)) - eec99a0c-e1b1-4518-bc49-9d1a8c8e04d5: shutdown FollowerState
2019-10-16 22:14:57,726 [grpc-default-executor-23] INFO  impl.RoleInfo (RoleInfo.java:shutdownFollowerState(121)) - d9e6ea44-93db-446f-8020-a94232284285: shutdown FollowerState
2019-10-16 22:14:57,726 [Thread-1701] INFO  impl.FollowerState (FollowerState.java:run(117)) - eec99a0c-e1b1-4518-bc49-9d1a8c8e04d5@group-83CFD60236D8-FollowerState was interrupted: java.lang.InterruptedException: sleep interrupted
2019-10-16 22:14:57,726 [grpc-default-executor-18] INFO  impl.RoleInfo (RoleInfo.java:updateAndGet(143)) - eec99a0c-e1b1-4518-bc49-9d1a8c8e04d5: start FollowerState
2019-10-16 22:14:57,726 [Thread-1702] INFO  impl.FollowerState (FollowerState.java:run(117)) - d9e6ea44-93db-446f-8020-a94232284285@group-83CFD60236D8-FollowerState was interrupted: java.lang.InterruptedException: sleep interrupted
2019-10-16 22:14:57,726 [grpc-default-executor-23] INFO  impl.RoleInfo (RoleInfo.java:updateAndGet(143)) - d9e6ea44-93db-446f-8020-a94232284285: start FollowerState
2019-10-16 22:14:57,752 [3989452c-7599-4156-9543-3fe544ced0f3@group-83CFD60236D8-LeaderElection123] INFO  impl.LeaderElection (LeaderElection.java:logAndReturn(56)) - 3989452c-7599-4156-9543-3fe544ced0f3@group-83CFD60236D8-LeaderElection123: Election REJECTED; received 2 response(s) [3989452c-7599-4156-9543-3fe544ced0f3<-eec99a0c-e1b1-4518-bc49-9d1a8c8e04d5#0:FAIL-t121, 3989452c-7599-4156-9543-3fe544ced0f3<-d9e6ea44-93db-446f-8020-a94232284285#0:FAIL-t121] and 0 exception(s); 3989452c-7599-4156-9543-3fe544ced0f3@group-83CFD60236D8:t121, leader=null, voted=3989452c-7599-4156-9543-3fe544ced0f3, raftlog=3989452c-7599-4156-9543-3fe544ced0f3@group-83CFD60236D8-SegmentedRaftLog:OPENED:c-1,f-1,i0, conf=-1: [3989452c-7599-4156-9543-3fe544ced0f3:192.168.157.254:36320, eec99a0c-e1b1-4518-bc49-9d1a8c8e04d5:192.168.157.254:45598, d9e6ea44-93db-446f-8020-a94232284285:192.168.157.254:41671], old=null
2019-10-16 22:14:57,752 [3989452c-7599-4156-9543-3fe544ced0f3@group-83CFD60236D8-LeaderElection123] INFO  impl.RaftServerImpl (RaftServerImpl.java:setRole(184)) - 3989452c-7599-4156-9543-3fe544ced0f3@group-83CFD60236D8: changes role from CANDIDATE to FOLLOWER at term 121 for DISCOVERED_A_NEW_TERM
2019-10-16 22:14:57,752 [3989452c-7599-4156-9543-3fe544ced0f3@group-83CFD60236D8-LeaderElection123] INFO  impl.RoleInfo (RoleInfo.java:shutdownLeaderElection(134)) - 3989452c-7599-4156-9543-3fe544ced0f3: shutdown LeaderElection
2019-10-16 22:14:57,752 [3989452c-7599-4156-9543-3fe544ced0f3@group-83CFD60236D8-LeaderElection123] INFO  impl.RoleInfo (RoleInfo.java:updateAndGet(143)) - 3989452c-7599-4156-9543-3fe544ced0f3: start FollowerState
2019-10-16 22:14:57,834 [Thread-1709] INFO  impl.FollowerState (FollowerState.java:run(108)) - 3989452c-7599-4156-9543-3fe544ced0f3@group-83CFD60236D8-FollowerState: change to CANDIDATE, lastRpcTime:82ms, electionTimeout:82ms
2019-10-16 22:14:57,835 [Thread-1709] INFO  impl.RoleInfo (RoleInfo.java:shutdownFollowerState(121)) - 3989452c-7599-4156-9543-3fe544ced0f3: shutdown FollowerState
2019-10-16 22:14:57,835 [Thread-1709] INFO  impl.RaftServerImpl (RaftServerImpl.java:setRole(184)) - 3989452c-7599-4156-9543-3fe544ced0f3@group-83CFD60236D8: changes role from  FOLLOWER to CANDIDATE at term 121 for changeToCandidate
2019-10-16 22:14:57,835 [Thread-1709] INFO  impl.RoleInfo (RoleInfo.java:updateAndGet(143)) - 3989452c-7599-4156-9543-3fe544ced0f3: start LeaderElection
2019-10-16 22:14:57,847 [3989452c-7599-4156-9543-3fe544ced0f3@group-83CFD60236D8-LeaderElection124] INFO  impl.LeaderElection (LeaderElection.java:askForVotes(178)) - 3989452c-7599-4156-9543-3fe544ced0f3@group-83CFD60236D8-LeaderElection124: begin an election at term 122 for -1: [3989452c-7599-4156-9543-3fe544ced0f3:192.168.157.254:36320, eec99a0c-e1b1-4518-bc49-9d1a8c8e04d5:192.168.157.254:45598, d9e6ea44-93db-446f-8020-a94232284285:192.168.157.254:41671], old=null
2019-10-16 22:14:57,848 [grpc-default-executor-23] INFO  impl.RaftServerImpl (RaftServerImpl.java:setRole(184)) - eec99a0c-e1b1-4518-bc49-9d1a8c8e04d5@group-83CFD60236D8: changes role from  FOLLOWER to FOLLOWER at term 122 for recognizeCandidate:3989452c-7599-4156-9543-3fe544ced0f3
2019-10-16 22:14:57,848 [grpc-default-executor-23] INFO  impl.RoleInfo (RoleInfo.java:shutdownFollowerState(121)) - eec99a0c-e1b1-4518-bc49-9d1a8c8e04d5: shutdown FollowerState
2019-10-16 22:14:57,849 [grpc-default-executor-18] INFO  impl.RaftServerImpl (RaftServerImpl.java:setRole(184)) - d9e6ea44-93db-446f-8020-a94232284285@group-83CFD60236D8: changes role from  FOLLOWER to FOLLOWER at term 122 for recognizeCandidate:3989452c-7599-4156-9543-3fe544ced0f3
2019-10-16 22:14:57,849 [Thread-1707] INFO  impl.FollowerState (FollowerState.java:run(117)) - eec99a0c-e1b1-4518-bc49-9d1a8c8e04d5@group-83CFD60236D8-FollowerState was interrupted: java.lang.InterruptedException: sleep interrupted
2019-10-16 22:14:57,849 [grpc-default-executor-23] INFO  impl.RoleInfo (RoleInfo.java:updateAndGet(143)) - eec99a0c-e1b1-4518-bc49-9d1a8c8e04d5: start FollowerState
2019-10-16 22:14:57,849 [grpc-default-executor-18] INFO  impl.RoleInfo (RoleInfo.java:shutdownFollowerState(121)) - d9e6ea44-93db-446f-8020-a94232284285: shutdown FollowerState
2019-10-16 22:14:57,849 [grpc-default-executor-18] INFO  impl.RoleInfo (RoleInfo.java:updateAndGet(143)) - d9e6ea44-93db-446f-8020-a94232284285: start FollowerState
2019-10-16 22:14:57,849 [Thread-1708] INFO  impl.FollowerState (FollowerState.java:run(117)) - d9e6ea44-93db-446f-8020-a94232284285@group-83CFD60236D8-FollowerState was interrupted: java.lang.InterruptedException: sleep interrupted
2019-10-16 22:14:57,861 [3989452c-7599-4156-9543-3fe544ced0f3@group-83CFD60236D8-LeaderElection124] INFO  impl.LeaderElection (LeaderElection.java:logAndReturn(56)) - 3989452c-7599-4156-9543-3fe544ced0f3@group-83CFD60236D8-LeaderElection124: Election REJECTED; received 2 response(s) [3989452c-7599-4156-9543-3fe544ced0f3<-eec99a0c-e1b1-4518-bc49-9d1a8c8e04d5#0:FAIL-t122, 3989452c-7599-4156-9543-3fe544ced0f3<-d9e6ea44-93db-446f-8020-a94232284285#0:FAIL-t122] and 0 exception(s); 3989452c-7599-4156-9543-3fe544ced0f3@group-83CFD60236D8:t122, leader=null, voted=3989452c-7599-4156-9543-3fe544ced0f3, raftlog=3989452c-7599-4156-9543-3fe544ced0f3@group-83CFD60236D8-SegmentedRaftLog:OPENED:c-1,f-1,i0, conf=-1: [3989452c-7599-4156-9543-3fe544ced0f3:192.168.157.254:36320, eec99a0c-e1b1-4518-bc49-9d1a8c8e04d5:192.168.157.254:45598, d9e6ea44-93db-446f-8020-a94232284285:192.168.157.254:41671], old=null
2019-10-16 22:14:57,861 [3989452c-7599-4156-9543-3fe544ced0f3@group-83CFD60236D8-LeaderElection124] INFO  impl.RaftServerImpl (RaftServerImpl.java:setRole(184)) - 3989452c-7599-4156-9543-3fe544ced0f3@group-83CFD60236D8: changes role from CANDIDATE to FOLLOWER at term 122 for DISCOVERED_A_NEW_TERM
2019-10-16 22:14:57,861 [3989452c-7599-4156-9543-3fe544ced0f3@group-83CFD60236D8-LeaderElection124] INFO  impl.RoleInfo (RoleInfo.java:shutdownLeaderElection(134)) - 3989452c-7599-4156-9543-3fe544ced0f3: shutdown LeaderElection
2019-10-16 22:14:57,861 [3989452c-7599-4156-9543-3fe544ced0f3@group-83CFD60236D8-LeaderElection124] INFO  impl.RoleInfo (RoleInfo.java:updateAndGet(143)) - 3989452c-7599-4156-9543-3fe544ced0f3: start FollowerState
2019-10-16 22:14:57,969 [Thread-1715] INFO  impl.FollowerState (FollowerState.java:run(108)) - 3989452c-7599-4156-9543-3fe544ced0f3@group-83CFD60236D8-FollowerState: change to CANDIDATE, lastRpcTime:108ms, electionTimeout:108ms
2019-10-16 22:14:57,969 [Thread-1715] INFO  impl.RoleInfo (RoleInfo.java:shutdownFollowerState(121)) - 3989452c-7599-4156-9543-3fe544ced0f3: shutdown FollowerState
2019-10-16 22:14:57,970 [Thread-1715] INFO  impl.RaftServerImpl (RaftServerImpl.java:setRole(184)) - 3989452c-7599-4156-9543-3fe544ced0f3@group-83CFD60236D8: changes role from  FOLLOWER to CANDIDATE at term 122 for changeToCandidate
2019-10-16 22:14:57,970 [Thread-1715] INFO  impl.RoleInfo (RoleInfo.java:updateAndGet(143)) - 3989452c-7599-4156-9543-3fe544ced0f3: start LeaderElection
2019-10-16 22:14:57,983 [3989452c-7599-4156-9543-3fe544ced0f3@group-83CFD60236D8-LeaderElection125] INFO  impl.LeaderElection (LeaderElection.java:askForVotes(178)) - 3989452c-7599-4156-9543-3fe544ced0f3@group-83CFD60236D8-LeaderElection125: begin an election at term 123 for -1: [3989452c-7599-4156-9543-3fe544ced0f3:192.168.157.254:36320, eec99a0c-e1b1-4518-bc49-9d1a8c8e04d5:192.168.157.254:45598, d9e6ea44-93db-446f-8020-a94232284285:192.168.157.254:41671], old=null
2019-10-16 22:14:57,985 [grpc-default-executor-23] INFO  impl.RaftServerImpl (RaftServerImpl.java:setRole(184)) - eec99a0c-e1b1-4518-bc49-9d1a8c8e04d5@group-83CFD60236D8: changes role from  FOLLOWER to FOLLOWER at term 123 for recognizeCandidate:3989452c-7599-4156-9543-3fe544ced0f3
2019-10-16 22:14:57,985 [grpc-default-executor-23] INFO  impl.RoleInfo (RoleInfo.java:shutdownFollowerState(121)) - eec99a0c-e1b1-4518-bc49-9d1a8c8e04d5: shutdown FollowerState
2019-10-16 22:14:57,985 [grpc-default-executor-18] INFO  impl.RaftServerImpl (RaftServerImpl.java:setRole(184)) - d9e6ea44-93db-446f-8020-a94232284285@group-83CFD60236D8: changes role from  FOLLOWER to FOLLOWER at term 123 for recognizeCandidate:3989452c-7599-4156-9543-3fe544ced0f3
2019-10-16 22:14:57,985 [grpc-default-executor-18] INFO  impl.RoleInfo (RoleInfo.java:shutdownFollowerState(121)) - d9e6ea44-93db-446f-8020-a94232284285: shutdown FollowerState
2019-10-16 22:14:57,985 [Thread-1713] INFO  impl.FollowerState (FollowerState.java:run(117)) - eec99a0c-e1b1-4518-bc49-9d1a8c8e04d5@group-83CFD60236D8-FollowerState was interrupted: java.lang.InterruptedException: sleep interrupted
2019-10-16 22:14:57,985 [grpc-default-executor-23] INFO  impl.RoleInfo (RoleInfo.java:updateAndGet(143)) - eec99a0c-e1b1-4518-bc49-9d1a8c8e04d5: start FollowerState
2019-10-16 22:14:57,985 [grpc-default-executor-18] INFO  impl.RoleInfo (RoleInfo.java:updateAndGet(143)) - d9e6ea44-93db-446f-8020-a94232284285: start FollowerState
2019-10-16 22:14:57,985 [Thread-1714] INFO  impl.FollowerState (FollowerState.java:run(117)) - d9e6ea44-93db-446f-8020-a94232284285@group-83CFD60236D8-FollowerState was interrupted: java.lang.InterruptedException: sleep interrupted
2019-10-16 22:14:58,012 [3989452c-7599-4156-9543-3fe544ced0f3@group-83CFD60236D8-LeaderElection125] INFO  impl.LeaderElection (LeaderElection.java:logAndReturn(56)) - 3989452c-7599-4156-9543-3fe544ced0f3@group-83CFD60236D8-LeaderElection125: Election REJECTED; received 2 response(s) [3989452c-7599-4156-9543-3fe544ced0f3<-eec99a0c-e1b1-4518-bc49-9d1a8c8e04d5#0:FAIL-t123, 3989452c-7599-4156-9543-3fe544ced0f3<-d9e6ea44-93db-446f-8020-a94232284285#0:FAIL-t123] and 0 exception(s); 3989452c-7599-4156-9543-3fe544ced0f3@group-83CFD60236D8:t123, leader=null, voted=3989452c-7599-4156-9543-3fe544ced0f3, raftlog=3989452c-7599-4156-9543-3fe544ced0f3@group-83CFD60236D8-SegmentedRaftLog:OPENED:c-1,f-1,i0, conf=-1: [3989452c-7599-4156-9543-3fe544ced0f3:192.168.157.254:36320, eec99a0c-e1b1-4518-bc49-9d1a8c8e04d5:192.168.157.254:45598, d9e6ea44-93db-446f-8020-a94232284285:192.168.157.254:41671], old=null
2019-10-16 22:14:58,012 [3989452c-7599-4156-9543-3fe544ced0f3@group-83CFD60236D8-LeaderElection125] INFO  impl.RaftServerImpl (RaftServerImpl.java:setRole(184)) - 3989452c-7599-4156-9543-3fe544ced0f3@group-83CFD60236D8: changes role from CANDIDATE to FOLLOWER at term 123 for DISCOVERED_A_NEW_TERM
2019-10-16 22:14:58,012 [3989452c-7599-4156-9543-3fe544ced0f3@group-83CFD60236D8-LeaderElection125] INFO  impl.RoleInfo (RoleInfo.java:shutdownLeaderElection(134)) - 3989452c-7599-4156-9543-3fe544ced0f3: shutdown LeaderElection
2019-10-16 22:14:58,012 [3989452c-7599-4156-9543-3fe544ced0f3@group-83CFD60236D8-LeaderElection125] INFO  impl.RoleInfo (RoleInfo.java:updateAndGet(143)) - 3989452c-7599-4156-9543-3fe544ced0f3: start FollowerState
 0.00% |?                                                                                                    |  0/1 Time: 0:06:142019-10-16 22:14:58,097 [Thread-1721] INFO  impl.FollowerState (FollowerState.java:run(108)) - 3989452c-7599-4156-9543-3fe544ced0f3@group-83CFD60236D8-FollowerState: change to CANDIDATE, lastRpcTime:85ms, electionTimeout:85ms
2019-10-16 22:14:58,098 [Thread-1721] INFO  impl.RoleInfo (RoleInfo.java:shutdownFollowerState(121)) - 3989452c-7599-4156-9543-3fe544ced0f3: shutdown FollowerState
2019-10-16 22:14:58,098 [Thread-1721] INFO  impl.RaftServerImpl (RaftServerImpl.java:setRole(184)) - 3989452c-7599-4156-9543-3fe544ced0f3@group-83CFD60236D8: changes role from  FOLLOWER to CANDIDATE at term 123 for changeToCandidate
2019-10-16 22:14:58,098 [Thread-1721] INFO  impl.RoleInfo (RoleInfo.java:updateAndGet(143)) - 3989452c-7599-4156-9543-3fe544ced0f3: start LeaderElection
2019-10-16 22:14:58,113 [3989452c-7599-4156-9543-3fe544ced0f3@group-83CFD60236D8-LeaderElection126] INFO  impl.LeaderElection (LeaderElection.java:askForVotes(178)) - 3989452c-7599-4156-9543-3fe544ced0f3@group-83CFD60236D8-LeaderElection126: begin an election at term 124 for -1: [3989452c-7599-4156-9543-3fe544ced0f3:192.168.157.254:36320, eec99a0c-e1b1-4518-bc49-9d1a8c8e04d5:192.168.157.254:45598, d9e6ea44-93db-446f-8020-a94232284285:192.168.157.254:41671], old=null
2019-10-16 22:14:58,115 [grpc-default-executor-23] INFO  impl.RaftServerImpl (RaftServerImpl.java:setRole(184)) - eec99a0c-e1b1-4518-bc49-9d1a8c8e04d5@group-83CFD60236D8: changes role from  FOLLOWER to FOLLOWER at term 124 for recognizeCandidate:3989452c-7599-4156-9543-3fe544ced0f3
2019-10-16 22:14:58,115 [grpc-default-executor-23] INFO  impl.RoleInfo (RoleInfo.java:shutdownFollowerState(121)) - eec99a0c-e1b1-4518-bc49-9d1a8c8e04d5: shutdown FollowerState
2019-10-16 22:14:58,115 [grpc-default-executor-18] INFO  impl.RaftServerImpl (RaftServerImpl.java:setRole(184)) - d9e6ea44-93db-446f-8020-a94232284285@group-83CFD60236D8: changes role from  FOLLOWER to FOLLOWER at term 124 for recognizeCandidate:3989452c-7599-4156-9543-3fe544ced0f3
2019-10-16 22:14:58,115 [grpc-default-executor-18] INFO  impl.RoleInfo (RoleInfo.java:shutdownFollowerState(121)) - d9e6ea44-93db-446f-8020-a94232284285: shutdown FollowerState
2019-10-16 22:14:58,115 [Thread-1719] INFO  impl.FollowerState (FollowerState.java:run(117)) - eec99a0c-e1b1-4518-bc49-9d1a8c8e04d5@group-83CFD60236D8-FollowerState was interrupted: java.lang.InterruptedException: sleep interrupted
2019-10-16 22:14:58,115 [grpc-default-executor-23] INFO  impl.RoleInfo (RoleInfo.java:updateAndGet(143)) - eec99a0c-e1b1-4518-bc49-9d1a8c8e04d5: start FollowerState
2019-10-16 22:14:58,116 [Thread-1720] INFO  impl.FollowerState (FollowerState.java:run(117)) - d9e6ea44-93db-446f-8020-a94232284285@group-83CFD60236D8-FollowerState was interrupted: java.lang.InterruptedException: sleep interrupted
2019-10-16 22:14:58,115 [grpc-default-executor-18] INFO  impl.RoleInfo (RoleInfo.java:updateAndGet(143)) - d9e6ea44-93db-446f-8020-a94232284285: start FollowerState
2019-10-16 22:14:58,142 [3989452c-7599-4156-9543-3fe544ced0f3@group-83CFD60236D8-LeaderElection126] INFO  impl.LeaderElection (LeaderElection.java:logAndReturn(56)) - 3989452c-7599-4156-9543-3fe544ced0f3@group-83CFD60236D8-LeaderElection126: Election REJECTED; received 2 response(s) [3989452c-7599-4156-9543-3fe544ced0f3<-eec99a0c-e1b1-4518-bc49-9d1a8c8e04d5#0:FAIL-t124, 3989452c-7599-4156-9543-3fe544ced0f3<-d9e6ea44-93db-446f-8020-a94232284285#0:FAIL-t124] and 0 exception(s); 3989452c-7599-4156-9543-3fe544ced0f3@group-83CFD60236D8:t124, leader=null, voted=3989452c-7599-4156-9543-3fe544ced0f3, raftlog=3989452c-7599-4156-9543-3fe544ced0f3@group-83CFD60236D8-SegmentedRaftLog:OPENED:c-1,f-1,i0, conf=-1: [3989452c-7599-4156-9543-3fe544ced0f3:192.168.157.254:36320, eec99a0c-e1b1-4518-bc49-9d1a8c8e04d5:192.168.157.254:45598, d9e6ea44-93db-446f-8020-a94232284285:192.168.157.254:41671], old=null
2019-10-16 22:14:58,142 [3989452c-7599-4156-9543-3fe544ced0f3@group-83CFD60236D8-LeaderElection126] INFO  impl.RaftServerImpl (RaftServerImpl.java:setRole(184)) - 3989452c-7599-4156-9543-3fe544ced0f3@group-83CFD60236D8: changes role from CANDIDATE to FOLLOWER at term 124 for DISCOVERED_A_NEW_TERM
2019-10-16 22:14:58,142 [3989452c-7599-4156-9543-3fe544ced0f3@group-83CFD60236D8-LeaderElection126] INFO  impl.RoleInfo (RoleInfo.java:shutdownLeaderElection(134)) - 3989452c-7599-4156-9543-3fe544ced0f3: shutdown LeaderElection
2019-10-16 22:14:58,142 [3989452c-7599-4156-9543-3fe544ced0f3@group-83CFD60236D8-LeaderElection126] INFO  impl.RoleInfo (RoleInfo.java:updateAndGet(143)) - 3989452c-7599-4156-9543-3fe544ced0f3: start FollowerState
2019-10-16 22:14:58,227 [Thread-1727] INFO  impl.FollowerState (FollowerState.java:run(108)) - 3989452c-7599-4156-9543-3fe544ced0f3@group-83CFD60236D8-FollowerState: change to CANDIDATE, lastRpcTime:84ms, electionTimeout:84ms
2019-10-16 22:14:58,227 [Thread-1727] INFO  impl.RoleInfo (RoleInfo.java:shutdownFollowerState(121)) - 3989452c-7599-4156-9543-3fe544ced0f3: shutdown FollowerState
2019-10-16 22:14:58,227 [Thread-1727] INFO  impl.RaftServerImpl (RaftServerImpl.java:setRole(184)) - 3989452c-7599-4156-9543-3fe544ced0f3@group-83CFD60236D8: changes role from  FOLLOWER to CANDIDATE at term 124 for changeToCandidate
2019-10-16 22:14:58,227 [Thread-1727] INFO  impl.RoleInfo (RoleInfo.java:updateAndGet(143)) - 3989452c-7599-4156-9543-3fe544ced0f3: start LeaderElection
2019-10-16 22:14:58,240 [3989452c-7599-4156-9543-3fe544ced0f3@group-83CFD60236D8-LeaderElection127] INFO  impl.LeaderElection (LeaderElection.java:askForVotes(178)) - 3989452c-7599-4156-9543-3fe544ced0f3@group-83CFD60236D8-LeaderElection127: begin an election at term 125 for -1: [3989452c-7599-4156-9543-3fe544ced0f3:192.168.157.254:36320, eec99a0c-e1b1-4518-bc49-9d1a8c8e04d5:192.168.157.254:45598, d9e6ea44-93db-446f-8020-a94232284285:192.168.157.254:41671], old=null
2019-10-16 22:14:58,242 [grpc-default-executor-18] INFO  impl.RaftServerImpl (RaftServerImpl.java:setRole(184)) - eec99a0c-e1b1-4518-bc49-9d1a8c8e04d5@group-83CFD60236D8: changes role from  FOLLOWER to FOLLOWER at term 125 for recognizeCandidate:3989452c-7599-4156-9543-3fe544ced0f3
2019-10-16 22:14:58,242 [grpc-default-executor-18] INFO  impl.RoleInfo (RoleInfo.java:shutdownFollowerState(121)) - eec99a0c-e1b1-4518-bc49-9d1a8c8e04d5: shutdown FollowerState
2019-10-16 22:14:58,242 [grpc-default-executor-23] INFO  impl.RaftServerImpl (RaftServerImpl.java:setRole(184)) - d9e6ea44-93db-446f-8020-a94232284285@group-83CFD60236D8: changes role from  FOLLOWER to FOLLOWER at term 125 for recognizeCandidate:3989452c-7599-4156-9543-3fe544ced0f3
2019-10-16 22:14:58,242 [Thread-1725] INFO  impl.FollowerState (FollowerState.java:run(117)) - eec99a0c-e1b1-4518-bc49-9d1a8c8e04d5@group-83CFD60236D8-FollowerState was interrupted: java.lang.InterruptedException: sleep interrupted
2019-10-16 22:14:58,242 [grpc-default-executor-18] INFO  impl.RoleInfo (RoleInfo.java:updateAndGet(143)) - eec99a0c-e1b1-4518-bc49-9d1a8c8e04d5: start FollowerState
2019-10-16 22:14:58,242 [grpc-default-executor-23] INFO  impl.RoleInfo (RoleInfo.java:shutdownFollowerState(121)) - d9e6ea44-93db-446f-8020-a94232284285: shutdown FollowerState
2019-10-16 22:14:58,243 [grpc-default-executor-23] INFO  impl.RoleInfo (RoleInfo.java:updateAndGet(143)) - d9e6ea44-93db-446f-8020-a94232284285: start FollowerState
2019-10-16 22:14:58,243 [Thread-1726] INFO  impl.FollowerState (FollowerState.java:run(117)) - d9e6ea44-93db-446f-8020-a94232284285@group-83CFD60236D8-FollowerState was interrupted: java.lang.InterruptedException: sleep interrupted
2019-10-16 22:14:58,268 [3989452c-7599-4156-9543-3fe544ced0f3@group-83CFD60236D8-LeaderElection127] INFO  impl.LeaderElection (LeaderElection.java:logAndReturn(56)) - 3989452c-7599-4156-9543-3fe544ced0f3@group-83CFD60236D8-LeaderElection127: Election REJECTED; received 2 response(s) [3989452c-7599-4156-9543-3fe544ced0f3<-eec99a0c-e1b1-4518-bc49-9d1a8c8e04d5#0:FAIL-t125, 3989452c-7599-4156-9543-3fe544ced0f3<-d9e6ea44-93db-446f-8020-a94232284285#0:FAIL-t125] and 0 exception(s); 3989452c-7599-4156-9543-3fe544ced0f3@group-83CFD60236D8:t125, leader=null, voted=3989452c-7599-4156-9543-3fe544ced0f3, raftlog=3989452c-7599-4156-9543-3fe544ced0f3@group-83CFD60236D8-SegmentedRaftLog:OPENED:c-1,f-1,i0, conf=-1: [3989452c-7599-4156-9543-3fe544ced0f3:192.168.157.254:36320, eec99a0c-e1b1-4518-bc49-9d1a8c8e04d5:192.168.157.254:45598, d9e6ea44-93db-446f-8020-a94232284285:192.168.157.254:41671], old=null
2019-10-16 22:14:58,268 [3989452c-7599-4156-9543-3fe544ced0f3@group-83CFD60236D8-LeaderElection127] INFO  impl.RaftServerImpl (RaftServerImpl.java:setRole(184)) - 3989452c-7599-4156-9543-3fe544ced0f3@group-83CFD60236D8: changes role from CANDIDATE to FOLLOWER at term 125 for DISCOVERED_A_NEW_TERM
2019-10-16 22:14:58,268 [3989452c-7599-4156-9543-3fe544ced0f3@group-83CFD60236D8-LeaderElection127] INFO  impl.RoleInfo (RoleInfo.java:shutdownLeaderElection(134)) - 3989452c-7599-4156-9543-3fe544ced0f3: shutdown LeaderElection
2019-10-16 22:14:58,269 [3989452c-7599-4156-9543-3fe544ced0f3@group-83CFD60236D8-LeaderElection127] INFO  impl.RoleInfo (RoleInfo.java:updateAndGet(143)) - 3989452c-7599-4156-9543-3fe544ced0f3: start FollowerState
2019-10-16 22:14:58,429 [Thread-1733] INFO  impl.FollowerState (FollowerState.java:run(108)) - 3989452c-7599-4156-9543-3fe544ced0f3@group-83CFD60236D8-FollowerState: change to CANDIDATE, lastRpcTime:160ms, electionTimeout:160ms
2019-10-16 22:14:58,429 [Thread-1733] INFO  impl.RoleInfo (RoleInfo.java:shutdownFollowerState(121)) - 3989452c-7599-4156-9543-3fe544ced0f3: shutdown FollowerState
2019-10-16 22:14:58,429 [Thread-1733] INFO  impl.RaftServerImpl (RaftServerImpl.java:setRole(184)) - 3989452c-7599-4156-9543-3fe544ced0f3@group-83CFD60236D8: changes role from  FOLLOWER to CANDIDATE at term 125 for changeToCandidate
2019-10-16 22:14:58,429 [Thread-1733] INFO  impl.RoleInfo (RoleInfo.java:updateAndGet(143)) - 3989452c-7599-4156-9543-3fe544ced0f3: start LeaderElection
2019-10-16 22:14:58,443 [3989452c-7599-4156-9543-3fe544ced0f3@group-83CFD60236D8-LeaderElection128] INFO  impl.LeaderElection (LeaderElection.java:askForVotes(178)) - 3989452c-7599-4156-9543-3fe544ced0f3@group-83CFD60236D8-LeaderElection128: begin an election at term 126 for -1: [3989452c-7599-4156-9543-3fe544ced0f3:192.168.157.254:36320, eec99a0c-e1b1-4518-bc49-9d1a8c8e04d5:192.168.157.254:45598, d9e6ea44-93db-446f-8020-a94232284285:192.168.157.254:41671], old=null
2019-10-16 22:14:58,444 [grpc-default-executor-23] INFO  impl.RaftServerImpl (RaftServerImpl.java:setRole(184)) - eec99a0c-e1b1-4518-bc49-9d1a8c8e04d5@group-83CFD60236D8: changes role from  FOLLOWER to FOLLOWER at term 126 for recognizeCandidate:3989452c-7599-4156-9543-3fe544ced0f3
2019-10-16 22:14:58,444 [grpc-default-executor-23] INFO  impl.RoleInfo (RoleInfo.java:shutdownFollowerState(121)) - eec99a0c-e1b1-4518-bc49-9d1a8c8e04d5: shutdown FollowerState
2019-10-16 22:14:58,444 [grpc-default-executor-18] INFO  impl.RaftServerImpl (RaftServerImpl.java:setRole(184)) - d9e6ea44-93db-446f-8020-a94232284285@group-83CFD60236D8: changes role from  FOLLOWER to FOLLOWER at term 126 for recognizeCandidate:3989452c-7599-4156-9543-3fe544ced0f3
2019-10-16 22:14:58,445 [grpc-default-executor-18] INFO  impl.RoleInfo (RoleInfo.java:shutdownFollowerState(121)) - d9e6ea44-93db-446f-8020-a94232284285: shutdown FollowerState
2019-10-16 22:14:58,445 [Thread-1731] INFO  impl.FollowerState (FollowerState.java:run(117)) - eec99a0c-e1b1-4518-bc49-9d1a8c8e04d5@group-83CFD60236D8-FollowerState was interrupted: java.lang.InterruptedException: sleep interrupted
2019-10-16 22:14:58,445 [grpc-default-executor-23] INFO  impl.RoleInfo (RoleInfo.java:updateAndGet(143)) - eec99a0c-e1b1-4518-bc49-9d1a8c8e04d5: start FollowerState
2019-10-16 22:14:58,445 [Thread-1732] INFO  impl.FollowerState (FollowerState.java:run(117)) - d9e6ea44-93db-446f-8020-a94232284285@group-83CFD60236D8-FollowerState was interrupted: java.lang.InterruptedException: sleep interrupted
2019-10-16 22:14:58,445 [grpc-default-executor-18] INFO  impl.RoleInfo (RoleInfo.java:updateAndGet(143)) - d9e6ea44-93db-446f-8020-a94232284285: start FollowerState
2019-10-16 22:14:58,451 [3989452c-7599-4156-9543-3fe544ced0f3@group-83CFD60236D8-LeaderElection128] INFO  impl.LeaderElection (LeaderElection.java:logAndReturn(56)) - 3989452c-7599-4156-9543-3fe544ced0f3@group-83CFD60236D8-LeaderElection128: Election TIMEOUT; received 0 response(s) [] and 0 exception(s); 3989452c-7599-4156-9543-3fe544ced0f3@group-83CFD60236D8:t126, leader=null, voted=3989452c-7599-4156-9543-3fe544ced0f3, raftlog=3989452c-7599-4156-9543-3fe544ced0f3@group-83CFD60236D8-SegmentedRaftLog:OPENED:c-1,f-1,i0, conf=-1: [3989452c-7599-4156-9543-3fe544ced0f3:192.168.157.254:36320, eec99a0c-e1b1-4518-bc49-9d1a8c8e04d5:192.168.157.254:45598, d9e6ea44-93db-446f-8020-a94232284285:192.168.157.254:41671], old=null
2019-10-16 22:14:58,471 [3989452c-7599-4156-9543-3fe544ced0f3@group-83CFD60236D8-LeaderElection128] INFO  impl.LeaderElection (LeaderElection.java:askForVotes(178)) - 3989452c-7599-4156-9543-3fe544ced0f3@group-83CFD60236D8-LeaderElection128: begin an election at term 127 for -1: [3989452c-7599-4156-9543-3fe544ced0f3:192.168.157.254:36320, eec99a0c-e1b1-4518-bc49-9d1a8c8e04d5:192.168.157.254:45598, d9e6ea44-93db-446f-8020-a94232284285:192.168.157.254:41671], old=null
2019-10-16 22:14:58,472 [grpc-default-executor-18] INFO  impl.RaftServerImpl (RaftServerImpl.java:setRole(184)) - eec99a0c-e1b1-4518-bc49-9d1a8c8e04d5@group-83CFD60236D8: changes role from  FOLLOWER to FOLLOWER at term 127 for recognizeCandidate:3989452c-7599-4156-9543-3fe544ced0f3
2019-10-16 22:14:58,472 [grpc-default-executor-18] INFO  impl.RoleInfo (RoleInfo.java:shutdownFollowerState(121)) - eec99a0c-e1b1-4518-bc49-9d1a8c8e04d5: shutdown FollowerState
2019-10-16 22:14:58,472 [grpc-default-executor-23] INFO  impl.RaftServerImpl (RaftServerImpl.java:setRole(184)) - d9e6ea44-93db-446f-8020-a94232284285@group-83CFD60236D8: changes role from  FOLLOWER to FOLLOWER at term 127 for recognizeCandidate:3989452c-7599-4156-9543-3fe544ced0f3
2019-10-16 22:14:58,473 [Thread-1737] INFO  impl.FollowerState (FollowerState.java:run(117)) - eec99a0c-e1b1-4518-bc49-9d1a8c8e04d5@group-83CFD60236D8-FollowerState was interrupted: java.lang.InterruptedException: sleep interrupted
2019-10-16 22:14:58,473 [grpc-default-executor-18] INFO  impl.RoleInfo (RoleInfo.java:updateAndGet(143)) - eec99a0c-e1b1-4518-bc49-9d1a8c8e04d5: start FollowerState
2019-10-16 22:14:58,473 [grpc-default-executor-23] INFO  impl.RoleInfo (RoleInfo.java:shutdownFollowerState(121)) - d9e6ea44-93db-446f-8020-a94232284285: shutdown FollowerState
2019-10-16 22:14:58,473 [grpc-default-executor-23] INFO  impl.RoleInfo (RoleInfo.java:updateAndGet(143)) - d9e6ea44-93db-446f-8020-a94232284285: start FollowerState
2019-10-16 22:14:58,473 [Thread-1738] INFO  impl.FollowerState (FollowerState.java:run(117)) - d9e6ea44-93db-446f-8020-a94232284285@group-83CFD60236D8-FollowerState was interrupted: java.lang.InterruptedException: sleep interrupted
2019-10-16 22:14:58,489 [3989452c-7599-4156-9543-3fe544ced0f3@group-83CFD60236D8-LeaderElection128] INFO  impl.LeaderElection (LeaderElection.java:logAndReturn(56)) - 3989452c-7599-4156-9543-3fe544ced0f3@group-83CFD60236D8-LeaderElection128: Election REJECTED; received 2 response(s) [3989452c-7599-4156-9543-3fe544ced0f3<-eec99a0c-e1b1-4518-bc49-9d1a8c8e04d5#0:FAIL-t127, 3989452c-7599-4156-9543-3fe544ced0f3<-d9e6ea44-93db-446f-8020-a94232284285#0:FAIL-t127] and 0 exception(s); 3989452c-7599-4156-9543-3fe544ced0f3@group-83CFD60236D8:t127, leader=null, voted=3989452c-7599-4156-9543-3fe544ced0f3, raftlog=3989452c-7599-4156-9543-3fe544ced0f3@group-83CFD60236D8-SegmentedRaftLog:OPENED:c-1,f-1,i0, conf=-1: [3989452c-7599-4156-9543-3fe544ced0f3:192.168.157.254:36320, eec99a0c-e1b1-4518-bc49-9d1a8c8e04d5:192.168.157.254:45598, d9e6ea44-93db-446f-8020-a94232284285:192.168.157.254:41671], old=null
2019-10-16 22:14:58,489 [3989452c-7599-4156-9543-3fe544ced0f3@group-83CFD60236D8-LeaderElection128] INFO  impl.RaftServerImpl (RaftServerImpl.java:setRole(184)) - 3989452c-7599-4156-9543-3fe544ced0f3@group-83CFD60236D8: changes role from CANDIDATE to FOLLOWER at term 127 for DISCOVERED_A_NEW_TERM
2019-10-16 22:14:58,489 [3989452c-7599-4156-9543-3fe544ced0f3@group-83CFD60236D8-LeaderElection128] INFO  impl.RoleInfo (RoleInfo.java:shutdownLeaderElection(134)) - 3989452c-7599-4156-9543-3fe544ced0f3: shutdown LeaderElection
2019-10-16 22:14:58,490 [3989452c-7599-4156-9543-3fe544ced0f3@group-83CFD60236D8-LeaderElection128] INFO  impl.RoleInfo (RoleInfo.java:updateAndGet(143)) - 3989452c-7599-4156-9543-3fe544ced0f3: start FollowerState
2019-10-16 22:14:58,625 [Thread-1743] INFO  impl.FollowerState (FollowerState.java:run(108)) - 3989452c-7599-4156-9543-3fe544ced0f3@group-83CFD60236D8-FollowerState: change to CANDIDATE, lastRpcTime:135ms, electionTimeout:135ms
2019-10-16 22:14:58,625 [Thread-1743] INFO  impl.RoleInfo (RoleInfo.java:shutdownFollowerState(121)) - 3989452c-7599-4156-9543-3fe544ced0f3: shutdown FollowerState
2019-10-16 22:14:58,625 [Thread-1743] INFO  impl.RaftServerImpl (RaftServerImpl.java:setRole(184)) - 3989452c-7599-4156-9543-3fe544ced0f3@group-83CFD60236D8: changes role from  FOLLOWER to CANDIDATE at term 127 for changeToCandidate
2019-10-16 22:14:58,626 [Thread-1743] INFO  impl.RoleInfo (RoleInfo.java:updateAndGet(143)) - 3989452c-7599-4156-9543-3fe544ced0f3: start LeaderElection
2019-10-16 22:14:58,642 [3989452c-7599-4156-9543-3fe544ced0f3@group-83CFD60236D8-LeaderElection129] INFO  impl.LeaderElection (LeaderElection.java:askForVotes(178)) - 3989452c-7599-4156-9543-3fe544ced0f3@group-83CFD60236D8-LeaderElection129: begin an election at term 128 for -1: [3989452c-7599-4156-9543-3fe544ced0f3:192.168.157.254:36320, eec99a0c-e1b1-4518-bc49-9d1a8c8e04d5:192.168.157.254:45598, d9e6ea44-93db-446f-8020-a94232284285:192.168.157.254:41671], old=null
2019-10-16 22:14:58,644 [grpc-default-executor-18] INFO  impl.RaftServerImpl (RaftServerImpl.java:setRole(184)) - eec99a0c-e1b1-4518-bc49-9d1a8c8e04d5@group-83CFD60236D8: changes role from  FOLLOWER to FOLLOWER at term 128 for recognizeCandidate:3989452c-7599-4156-9543-3fe544ced0f3
2019-10-16 22:14:58,644 [grpc-default-executor-23] INFO  impl.RaftServerImpl (RaftServerImpl.java:setRole(184)) - d9e6ea44-93db-446f-8020-a94232284285@group-83CFD60236D8: changes role from  FOLLOWER to FOLLOWER at term 128 for recognizeCandidate:3989452c-7599-4156-9543-3fe544ced0f3
2019-10-16 22:14:58,644 [grpc-default-executor-18] INFO  impl.RoleInfo (RoleInfo.java:shutdownFollowerState(121)) - eec99a0c-e1b1-4518-bc49-9d1a8c8e04d5: shutdown FollowerState
2019-10-16 22:14:58,644 [grpc-default-executor-23] INFO  impl.RoleInfo (RoleInfo.java:shutdownFollowerState(121)) - d9e6ea44-93db-446f-8020-a94232284285: shutdown FollowerState
2019-10-16 22:14:58,644 [Thread-1741] INFO  impl.FollowerState (FollowerState.java:run(117)) - eec99a0c-e1b1-4518-bc49-9d1a8c8e04d5@group-83CFD60236D8-FollowerState was interrupted: java.lang.InterruptedException: sleep interrupted
2019-10-16 22:14:58,644 [grpc-default-executor-18] INFO  impl.RoleInfo (RoleInfo.java:updateAndGet(143)) - eec99a0c-e1b1-4518-bc49-9d1a8c8e04d5: start FollowerState
2019-10-16 22:14:58,644 [Thread-1742] INFO  impl.FollowerState (FollowerState.java:run(117)) - d9e6ea44-93db-446f-8020-a94232284285@group-83CFD60236D8-FollowerState was interrupted: java.lang.InterruptedException: sleep interrupted
2019-10-16 22:14:58,644 [grpc-default-executor-23] INFO  impl.RoleInfo (RoleInfo.java:updateAndGet(143)) - d9e6ea44-93db-446f-8020-a94232284285: start FollowerState
2019-10-16 22:14:58,652 [3989452c-7599-4156-9543-3fe544ced0f3@group-83CFD60236D8-LeaderElection129] INFO  impl.LeaderElection (LeaderElection.java:logAndReturn(56)) - 3989452c-7599-4156-9543-3fe544ced0f3@group-83CFD60236D8-LeaderElection129: Election REJECTED; received 2 response(s) [3989452c-7599-4156-9543-3fe544ced0f3<-eec99a0c-e1b1-4518-bc49-9d1a8c8e04d5#0:FAIL-t128, 3989452c-7599-4156-9543-3fe544ced0f3<-d9e6ea44-93db-446f-8020-a94232284285#0:FAIL-t128] and 0 exception(s); 3989452c-7599-4156-9543-3fe544ced0f3@group-83CFD60236D8:t128, leader=null, voted=3989452c-7599-4156-9543-3fe544ced0f3, raftlog=3989452c-7599-4156-9543-3fe544ced0f3@group-83CFD60236D8-SegmentedRaftLog:OPENED:c-1,f-1,i0, conf=-1: [3989452c-7599-4156-9543-3fe544ced0f3:192.168.157.254:36320, eec99a0c-e1b1-4518-bc49-9d1a8c8e04d5:192.168.157.254:45598, d9e6ea44-93db-446f-8020-a94232284285:192.168.157.254:41671], old=null
2019-10-16 22:14:58,652 [3989452c-7599-4156-9543-3fe544ced0f3@group-83CFD60236D8-LeaderElection129] INFO  impl.RaftServerImpl (RaftServerImpl.java:setRole(184)) - 3989452c-7599-4156-9543-3fe544ced0f3@group-83CFD60236D8: changes role from CANDIDATE to FOLLOWER at term 128 for DISCOVERED_A_NEW_TERM
2019-10-16 22:14:58,652 [3989452c-7599-4156-9543-3fe544ced0f3@group-83CFD60236D8-LeaderElection129] INFO  impl.RoleInfo (RoleInfo.java:shutdownLeaderElection(134)) - 3989452c-7599-4156-9543-3fe544ced0f3: shutdown LeaderElection
2019-10-16 22:14:58,652 [3989452c-7599-4156-9543-3fe544ced0f3@group-83CFD60236D8-LeaderElection129] INFO  impl.RoleInfo (RoleInfo.java:updateAndGet(143)) - 3989452c-7599-4156-9543-3fe544ced0f3: start FollowerState
2019-10-16 22:14:58,773 [Thread-1749] INFO  impl.FollowerState (FollowerState.java:run(108)) - 3989452c-7599-4156-9543-3fe544ced0f3@group-83CFD60236D8-FollowerState: change to CANDIDATE, lastRpcTime:121ms, electionTimeout:121ms
2019-10-16 22:14:58,774 [Thread-1749] INFO  impl.RoleInfo (RoleInfo.java:shutdownFollowerState(121)) - 3989452c-7599-4156-9543-3fe544ced0f3: shutdown FollowerState
2019-10-16 22:14:58,774 [Thread-1749] INFO  impl.RaftServerImpl (RaftServerImpl.java:setRole(184)) - 3989452c-7599-4156-9543-3fe544ced0f3@group-83CFD60236D8: changes role from  FOLLOWER to CANDIDATE at term 128 for changeToCandidate
2019-10-16 22:14:58,774 [Thread-1749] INFO  impl.RoleInfo (RoleInfo.java:updateAndGet(143)) - 3989452c-7599-4156-9543-3fe544ced0f3: start LeaderElection
2019-10-16 22:14:58,787 [3989452c-7599-4156-9543-3fe544ced0f3@group-83CFD60236D8-LeaderElection130] INFO  impl.LeaderElection (LeaderElection.java:askForVotes(178)) - 3989452c-7599-4156-9543-3fe544ced0f3@group-83CFD60236D8-LeaderElection130: begin an election at term 129 for -1: [3989452c-7599-4156-9543-3fe544ced0f3:192.168.157.254:36320, eec99a0c-e1b1-4518-bc49-9d1a8c8e04d5:192.168.157.254:45598, d9e6ea44-93db-446f-8020-a94232284285:192.168.157.254:41671], old=null
2019-10-16 22:14:58,790 [grpc-default-executor-18] INFO  impl.RaftServerImpl (RaftServerImpl.java:setRole(184)) - eec99a0c-e1b1-4518-bc49-9d1a8c8e04d5@group-83CFD60236D8: changes role from  FOLLOWER to FOLLOWER at term 129 for recognizeCandidate:3989452c-7599-4156-9543-3fe544ced0f3
2019-10-16 22:14:58,790 [grpc-default-executor-18] INFO  impl.RoleInfo (RoleInfo.java:shutdownFollowerState(121)) - eec99a0c-e1b1-4518-bc49-9d1a8c8e04d5: shutdown FollowerState
2019-10-16 22:14:58,790 [grpc-default-executor-23] INFO  impl.RaftServerImpl (RaftServerImpl.java:setRole(184)) - d9e6ea44-93db-446f-8020-a94232284285@group-83CFD60236D8: changes role from  FOLLOWER to FOLLOWER at term 129 for recognizeCandidate:3989452c-7599-4156-9543-3fe544ced0f3
2019-10-16 22:14:58,790 [Thread-1747] INFO  impl.FollowerState (FollowerState.java:run(117)) - eec99a0c-e1b1-4518-bc49-9d1a8c8e04d5@group-83CFD60236D8-FollowerState was interrupted: java.lang.InterruptedException: sleep interrupted
2019-10-16 22:14:58,790 [grpc-default-executor-18] INFO  impl.RoleInfo (RoleInfo.java:updateAndGet(143)) - eec99a0c-e1b1-4518-bc49-9d1a8c8e04d5: start FollowerState
2019-10-16 22:14:58,790 [grpc-default-executor-23] INFO  impl.RoleInfo (RoleInfo.java:shutdownFollowerState(121)) - d9e6ea44-93db-446f-8020-a94232284285: shutdown FollowerState
2019-10-16 22:14:58,791 [grpc-default-executor-23] INFO  impl.RoleInfo (RoleInfo.java:updateAndGet(143)) - d9e6ea44-93db-446f-8020-a94232284285: start FollowerState
2019-10-16 22:14:58,791 [Thread-1748] INFO  impl.FollowerState (FollowerState.java:run(117)) - d9e6ea44-93db-446f-8020-a94232284285@group-83CFD60236D8-FollowerState was interrupted: java.lang.InterruptedException: sleep interrupted
2019-10-16 22:14:58,816 [3989452c-7599-4156-9543-3fe544ced0f3@group-83CFD60236D8-LeaderElection130] INFO  impl.LeaderElection (LeaderElection.java:logAndReturn(56)) - 3989452c-7599-4156-9543-3fe544ced0f3@group-83CFD60236D8-LeaderElection130: Election REJECTED; received 2 response(s) [3989452c-7599-4156-9543-3fe544ced0f3<-eec99a0c-e1b1-4518-bc49-9d1a8c8e04d5#0:FAIL-t129, 3989452c-7599-4156-9543-3fe544ced0f3<-d9e6ea44-93db-446f-8020-a94232284285#0:FAIL-t129] and 0 exception(s); 3989452c-7599-4156-9543-3fe544ced0f3@group-83CFD60236D8:t129, leader=null, voted=3989452c-7599-4156-9543-3fe544ced0f3, raftlog=3989452c-7599-4156-9543-3fe544ced0f3@group-83CFD60236D8-SegmentedRaftLog:OPENED:c-1,f-1,i0, conf=-1: [3989452c-7599-4156-9543-3fe544ced0f3:192.168.157.254:36320, eec99a0c-e1b1-4518-bc49-9d1a8c8e04d5:192.168.157.254:45598, d9e6ea44-93db-446f-8020-a94232284285:192.168.157.254:41671], old=null
2019-10-16 22:14:58,817 [3989452c-7599-4156-9543-3fe544ced0f3@group-83CFD60236D8-LeaderElection130] INFO  impl.RaftServerImpl (RaftServerImpl.java:setRole(184)) - 3989452c-7599-4156-9543-3fe544ced0f3@group-83CFD60236D8: changes role from CANDIDATE to FOLLOWER at term 129 for DISCOVERED_A_NEW_TERM
2019-10-16 22:14:58,817 [3989452c-7599-4156-9543-3fe544ced0f3@group-83CFD60236D8-LeaderElection130] INFO  impl.RoleInfo (RoleInfo.java:shutdownLeaderElection(134)) - 3989452c-7599-4156-9543-3fe544ced0f3: shutdown LeaderElection
2019-10-16 22:14:58,817 [3989452c-7599-4156-9543-3fe544ced0f3@group-83CFD60236D8-LeaderElection130] INFO  impl.RoleInfo (RoleInfo.java:updateAndGet(143)) - 3989452c-7599-4156-9543-3fe544ced0f3: start FollowerState
2019-10-16 22:14:58,848 [Thread-1755] INFO  impl.FollowerState (FollowerState.java:run(108)) - 3989452c-7599-4156-9543-3fe544ced0f3@group-83CFD60236D8-FollowerState: change to CANDIDATE, lastRpcTime:31ms, electionTimeout:31ms
2019-10-16 22:14:58,849 [Thread-1755] INFO  impl.RoleInfo (RoleInfo.java:shutdownFollowerState(121)) - 3989452c-7599-4156-9543-3fe544ced0f3: shutdown FollowerState
2019-10-16 22:14:58,849 [Thread-1755] INFO  impl.RaftServerImpl (RaftServerImpl.java:setRole(184)) - 3989452c-7599-4156-9543-3fe544ced0f3@group-83CFD60236D8: changes role from  FOLLOWER to CANDIDATE at term 129 for changeToCandidate
2019-10-16 22:14:58,849 [Thread-1755] INFO  impl.RoleInfo (RoleInfo.java:updateAndGet(143)) - 3989452c-7599-4156-9543-3fe544ced0f3: start LeaderElection
2019-10-16 22:14:58,862 [3989452c-7599-4156-9543-3fe544ced0f3@group-83CFD60236D8-LeaderElection131] INFO  impl.LeaderElection (LeaderElection.java:askForVotes(178)) - 3989452c-7599-4156-9543-3fe544ced0f3@group-83CFD60236D8-LeaderElection131: begin an election at term 130 for -1: [3989452c-7599-4156-9543-3fe544ced0f3:192.168.157.254:36320, eec99a0c-e1b1-4518-bc49-9d1a8c8e04d5:192.168.157.254:45598, d9e6ea44-93db-446f-8020-a94232284285:192.168.157.254:41671], old=null
2019-10-16 22:14:58,864 [grpc-default-executor-18] INFO  impl.RaftServerImpl (RaftServerImpl.java:setRole(184)) - eec99a0c-e1b1-4518-bc49-9d1a8c8e04d5@group-83CFD60236D8: changes role from  FOLLOWER to FOLLOWER at term 130 for recognizeCandidate:3989452c-7599-4156-9543-3fe544ced0f3
2019-10-16 22:14:58,865 [grpc-default-executor-23] INFO  impl.RaftServerImpl (RaftServerImpl.java:setRole(184)) - d9e6ea44-93db-446f-8020-a94232284285@group-83CFD60236D8: changes role from  FOLLOWER to FOLLOWER at term 130 for recognizeCandidate:3989452c-7599-4156-9543-3fe544ced0f3
2019-10-16 22:14:58,865 [grpc-default-executor-18] INFO  impl.RoleInfo (RoleInfo.java:shutdownFollowerState(121)) - eec99a0c-e1b1-4518-bc49-9d1a8c8e04d5: shutdown FollowerState
2019-10-16 22:14:58,865 [grpc-default-executor-23] INFO  impl.RoleInfo (RoleInfo.java:shutdownFollowerState(121)) - d9e6ea44-93db-446f-8020-a94232284285: shutdown FollowerState
2019-10-16 22:14:58,865 [Thread-1753] INFO  impl.FollowerState (FollowerState.java:run(117)) - eec99a0c-e1b1-4518-bc49-9d1a8c8e04d5@group-83CFD60236D8-FollowerState was interrupted: java.lang.InterruptedException: sleep interrupted
2019-10-16 22:14:58,865 [grpc-default-executor-18] INFO  impl.RoleInfo (RoleInfo.java:updateAndGet(143)) - eec99a0c-e1b1-4518-bc49-9d1a8c8e04d5: start FollowerState
2019-10-16 22:14:58,865 [Thread-1754] INFO  impl.FollowerState (FollowerState.java:run(117)) - d9e6ea44-93db-446f-8020-a94232284285@group-83CFD60236D8-FollowerState was interrupted: java.lang.InterruptedException: sleep interrupted
2019-10-16 22:14:58,865 [grpc-default-executor-23] INFO  impl.RoleInfo (RoleInfo.java:updateAndGet(143)) - d9e6ea44-93db-446f-8020-a94232284285: start FollowerState
2019-10-16 22:14:58,879 [3989452c-7599-4156-9543-3fe544ced0f3@group-83CFD60236D8-LeaderElection131] INFO  impl.LeaderElection (LeaderElection.java:logAndReturn(56)) - 3989452c-7599-4156-9543-3fe544ced0f3@group-83CFD60236D8-LeaderElection131: Election REJECTED; received 2 response(s) [3989452c-7599-4156-9543-3fe544ced0f3<-eec99a0c-e1b1-4518-bc49-9d1a8c8e04d5#0:FAIL-t130, 3989452c-7599-4156-9543-3fe544ced0f3<-d9e6ea44-93db-446f-8020-a94232284285#0:FAIL-t130] and 0 exception(s); 3989452c-7599-4156-9543-3fe544ced0f3@group-83CFD60236D8:t130, leader=null, voted=3989452c-7599-4156-9543-3fe544ced0f3, raftlog=3989452c-7599-4156-9543-3fe544ced0f3@group-83CFD60236D8-SegmentedRaftLog:OPENED:c-1,f-1,i0, conf=-1: [3989452c-7599-4156-9543-3fe544ced0f3:192.168.157.254:36320, eec99a0c-e1b1-4518-bc49-9d1a8c8e04d5:192.168.157.254:45598, d9e6ea44-93db-446f-8020-a94232284285:192.168.157.254:41671], old=null
2019-10-16 22:14:58,879 [3989452c-7599-4156-9543-3fe544ced0f3@group-83CFD60236D8-LeaderElection131] INFO  impl.RaftServerImpl (RaftServerImpl.java:setRole(184)) - 3989452c-7599-4156-9543-3fe544ced0f3@group-83CFD60236D8: changes role from CANDIDATE to FOLLOWER at term 130 for DISCOVERED_A_NEW_TERM
2019-10-16 22:14:58,880 [3989452c-7599-4156-9543-3fe544ced0f3@group-83CFD60236D8-LeaderElection131] INFO  impl.RoleInfo (RoleInfo.java:shutdownLeaderElection(134)) - 3989452c-7599-4156-9543-3fe544ced0f3: shutdown LeaderElection
2019-10-16 22:14:58,880 [3989452c-7599-4156-9543-3fe544ced0f3@group-83CFD60236D8-LeaderElection131] INFO  impl.RoleInfo (RoleInfo.java:updateAndGet(143)) - 3989452c-7599-4156-9543-3fe544ced0f3: start FollowerState
2019-10-16 22:14:58,926 [Thread-1761] INFO  impl.FollowerState (FollowerState.java:run(108)) - 3989452c-7599-4156-9543-3fe544ced0f3@group-83CFD60236D8-FollowerState: change to CANDIDATE, lastRpcTime:46ms, electionTimeout:46ms
2019-10-16 22:14:58,926 [Thread-1761] INFO  impl.RoleInfo (RoleInfo.java:shutdownFollowerState(121)) - 3989452c-7599-4156-9543-3fe544ced0f3: shutdown FollowerState
2019-10-16 22:14:58,927 [Thread-1761] INFO  impl.RaftServerImpl (RaftServerImpl.java:setRole(184)) - 3989452c-7599-4156-9543-3fe544ced0f3@group-83CFD60236D8: changes role from  FOLLOWER to CANDIDATE at term 130 for changeToCandidate
2019-10-16 22:14:58,927 [Thread-1761] INFO  impl.RoleInfo (RoleInfo.java:updateAndGet(143)) - 3989452c-7599-4156-9543-3fe544ced0f3: start LeaderElection
2019-10-16 22:14:58,939 [3989452c-7599-4156-9543-3fe544ced0f3@group-83CFD60236D8-LeaderElection132] INFO  impl.LeaderElection (LeaderElection.java:askForVotes(178)) - 3989452c-7599-4156-9543-3fe544ced0f3@group-83CFD60236D8-LeaderElection132: begin an election at term 131 for -1: [3989452c-7599-4156-9543-3fe544ced0f3:192.168.157.254:36320, eec99a0c-e1b1-4518-bc49-9d1a8c8e04d5:192.168.157.254:45598, d9e6ea44-93db-446f-8020-a94232284285:192.168.157.254:41671], old=null
2019-10-16 22:14:58,941 [grpc-default-executor-18] INFO  impl.RaftServerImpl (RaftServerImpl.java:setRole(184)) - eec99a0c-e1b1-4518-bc49-9d1a8c8e04d5@group-83CFD60236D8: changes role from  FOLLOWER to FOLLOWER at term 131 for recognizeCandidate:3989452c-7599-4156-9543-3fe544ced0f3
2019-10-16 22:14:58,941 [grpc-default-executor-23] INFO  impl.RaftServerImpl (RaftServerImpl.java:setRole(184)) - d9e6ea44-93db-446f-8020-a94232284285@group-83CFD60236D8: changes role from  FOLLOWER to FOLLOWER at term 131 for recognizeCandidate:3989452c-7599-4156-9543-3fe544ced0f3
2019-10-16 22:14:58,941 [grpc-default-executor-18] INFO  impl.RoleInfo (RoleInfo.java:shutdownFollowerState(121)) - eec99a0c-e1b1-4518-bc49-9d1a8c8e04d5: shutdown FollowerState
2019-10-16 22:14:58,941 [grpc-default-executor-23] INFO  impl.RoleInfo (RoleInfo.java:shutdownFollowerState(121)) - d9e6ea44-93db-446f-8020-a94232284285: shutdown FollowerState
2019-10-16 22:14:58,942 [Thread-1759] INFO  impl.FollowerState (FollowerState.java:run(117)) - eec99a0c-e1b1-4518-bc49-9d1a8c8e04d5@group-83CFD60236D8-FollowerState was interrupted: java.lang.InterruptedException: sleep interrupted
2019-10-16 22:14:58,942 [Thread-1760] INFO  impl.FollowerState (FollowerState.java:run(117)) - d9e6ea44-93db-446f-8020-a94232284285@group-83CFD60236D8-FollowerState was interrupted: java.lang.InterruptedException: sleep interrupted
2019-10-16 22:14:58,941 [grpc-default-executor-18] INFO  impl.RoleInfo (RoleInfo.java:updateAndGet(143)) - eec99a0c-e1b1-4518-bc49-9d1a8c8e04d5: start FollowerState
2019-10-16 22:14:58,942 [grpc-default-executor-23] INFO  impl.RoleInfo (RoleInfo.java:updateAndGet(143)) - d9e6ea44-93db-446f-8020-a94232284285: start FollowerState
2019-10-16 22:14:58,955 [3989452c-7599-4156-9543-3fe544ced0f3@group-83CFD60236D8-LeaderElection132] INFO  impl.LeaderElection (LeaderElection.java:logAndReturn(56)) - 3989452c-7599-4156-9543-3fe544ced0f3@group-83CFD60236D8-LeaderElection132: Election REJECTED; received 2 response(s) [3989452c-7599-4156-9543-3fe544ced0f3<-eec99a0c-e1b1-4518-bc49-9d1a8c8e04d5#0:FAIL-t131, 3989452c-7599-4156-9543-3fe544ced0f3<-d9e6ea44-93db-446f-8020-a94232284285#0:FAIL-t131] and 0 exception(s); 3989452c-7599-4156-9543-3fe544ced0f3@group-83CFD60236D8:t131, leader=null, voted=3989452c-7599-4156-9543-3fe544ced0f3, raftlog=3989452c-7599-4156-9543-3fe544ced0f3@group-83CFD60236D8-SegmentedRaftLog:OPENED:c-1,f-1,i0, conf=-1: [3989452c-7599-4156-9543-3fe544ced0f3:192.168.157.254:36320, eec99a0c-e1b1-4518-bc49-9d1a8c8e04d5:192.168.157.254:45598, d9e6ea44-93db-446f-8020-a94232284285:192.168.157.254:41671], old=null
2019-10-16 22:14:58,955 [3989452c-7599-4156-9543-3fe544ced0f3@group-83CFD60236D8-LeaderElection132] INFO  impl.RaftServerImpl (RaftServerImpl.java:setRole(184)) - 3989452c-7599-4156-9543-3fe544ced0f3@group-83CFD60236D8: changes role from CANDIDATE to FOLLOWER at term 131 for DISCOVERED_A_NEW_TERM
2019-10-16 22:14:58,955 [3989452c-7599-4156-9543-3fe544ced0f3@group-83CFD60236D8-LeaderElection132] INFO  impl.RoleInfo (RoleInfo.java:shutdownLeaderElection(134)) - 3989452c-7599-4156-9543-3fe544ced0f3: shutdown LeaderElection
2019-10-16 22:14:58,955 [3989452c-7599-4156-9543-3fe544ced0f3@group-83CFD60236D8-LeaderElection132] INFO  impl.RoleInfo (RoleInfo.java:updateAndGet(143)) - 3989452c-7599-4156-9543-3fe544ced0f3: start FollowerState
2019-10-16 22:14:58,978 [Thread-1767] INFO  impl.FollowerState (FollowerState.java:run(108)) - 3989452c-7599-4156-9543-3fe544ced0f3@group-83CFD60236D8-FollowerState: change to CANDIDATE, lastRpcTime:22ms, electionTimeout:22ms
2019-10-16 22:14:58,978 [Thread-1767] INFO  impl.RoleInfo (RoleInfo.java:shutdownFollowerState(121)) - 3989452c-7599-4156-9543-3fe544ced0f3: shutdown FollowerState
2019-10-16 22:14:58,978 [Thread-1767] INFO  impl.RaftServerImpl (RaftServerImpl.java:setRole(184)) - 3989452c-7599-4156-9543-3fe544ced0f3@group-83CFD60236D8: changes role from  FOLLOWER to CANDIDATE at term 131 for changeToCandidate
2019-10-16 22:14:58,978 [Thread-1767] INFO  impl.RoleInfo (RoleInfo.java:updateAndGet(143)) - 3989452c-7599-4156-9543-3fe544ced0f3: start LeaderElection
2019-10-16 22:14:58,991 [3989452c-7599-4156-9543-3fe544ced0f3@group-83CFD60236D8-LeaderElection133] INFO  impl.LeaderElection (LeaderElection.java:askForVotes(178)) - 3989452c-7599-4156-9543-3fe544ced0f3@group-83CFD60236D8-LeaderElection133: begin an election at term 132 for -1: [3989452c-7599-4156-9543-3fe544ced0f3:192.168.157.254:36320, eec99a0c-e1b1-4518-bc49-9d1a8c8e04d5:192.168.157.254:45598, d9e6ea44-93db-446f-8020-a94232284285:192.168.157.254:41671], old=null
2019-10-16 22:14:58,993 [3989452c-7599-4156-9543-3fe544ced0f3@group-83CFD60236D8-LeaderElection133] INFO  impl.LeaderElection (LeaderElection.java:logAndReturn(56)) - 3989452c-7599-4156-9543-3fe544ced0f3@group-83CFD60236D8-LeaderElection133: Election TIMEOUT; received 0 response(s) [] and 0 exception(s); 3989452c-7599-4156-9543-3fe544ced0f3@group-83CFD60236D8:t132, leader=null, voted=3989452c-7599-4156-9543-3fe544ced0f3, raftlog=3989452c-7599-4156-9543-3fe544ced0f3@group-83CFD60236D8-SegmentedRaftLog:OPENED:c-1,f-1,i0, conf=-1: [3989452c-7599-4156-9543-3fe544ced0f3:192.168.157.254:36320, eec99a0c-e1b1-4518-bc49-9d1a8c8e04d5:192.168.157.254:45598, d9e6ea44-93db-446f-8020-a94232284285:192.168.157.254:41671], old=null
2019-10-16 22:14:58,993 [grpc-default-executor-18] INFO  impl.RaftServerImpl (RaftServerImpl.java:setRole(184)) - eec99a0c-e1b1-4518-bc49-9d1a8c8e04d5@group-83CFD60236D8: changes role from  FOLLOWER to FOLLOWER at term 132 for recognizeCandidate:3989452c-7599-4156-9543-3fe544ced0f3
2019-10-16 22:14:58,993 [grpc-default-executor-18] INFO  impl.RoleInfo (RoleInfo.java:shutdownFollowerState(121)) - eec99a0c-e1b1-4518-bc49-9d1a8c8e04d5: shutdown FollowerState
2019-10-16 22:14:58,993 [grpc-default-executor-23] INFO  impl.RaftServerImpl (RaftServerImpl.java:setRole(184)) - d9e6ea44-93db-446f-8020-a94232284285@group-83CFD60236D8: changes role from  FOLLOWER to FOLLOWER at term 132 for recognizeCandidate:3989452c-7599-4156-9543-3fe544ced0f3
2019-10-16 22:14:58,994 [grpc-default-executor-23] INFO  impl.RoleInfo (RoleInfo.java:shutdownFollowerState(121)) - d9e6ea44-93db-446f-8020-a94232284285: shutdown FollowerState
2019-10-16 22:14:58,993 [Thread-1765] INFO  impl.FollowerState (FollowerState.java:run(117)) - eec99a0c-e1b1-4518-bc49-9d1a8c8e04d5@group-83CFD60236D8-FollowerState was interrupted: java.lang.InterruptedException: sleep interrupted
2019-10-16 22:14:58,993 [grpc-default-executor-18] INFO  impl.RoleInfo (RoleInfo.java:updateAndGet(143)) - eec99a0c-e1b1-4518-bc49-9d1a8c8e04d5: start FollowerState
2019-10-16 22:14:58,994 [Thread-1766] INFO  impl.FollowerState (FollowerState.java:run(117)) - d9e6ea44-93db-446f-8020-a94232284285@group-83CFD60236D8-FollowerState was interrupted: java.lang.InterruptedException: sleep interrupted
2019-10-16 22:14:58,994 [grpc-default-executor-23] INFO  impl.RoleInfo (RoleInfo.java:updateAndGet(143)) - d9e6ea44-93db-446f-8020-a94232284285: start FollowerState
2019-10-16 22:14:59,018 [3989452c-7599-4156-9543-3fe544ced0f3@group-83CFD60236D8-LeaderElection133] INFO  impl.LeaderElection (LeaderElection.java:askForVotes(178)) - 3989452c-7599-4156-9543-3fe544ced0f3@group-83CFD60236D8-LeaderElection133: begin an election at term 133 for -1: [3989452c-7599-4156-9543-3fe544ced0f3:192.168.157.254:36320, eec99a0c-e1b1-4518-bc49-9d1a8c8e04d5:192.168.157.254:45598, d9e6ea44-93db-446f-8020-a94232284285:192.168.157.254:41671], old=null
2019-10-16 22:14:59,020 [grpc-default-executor-18] INFO  impl.RaftServerImpl (RaftServerImpl.java:setRole(184)) - eec99a0c-e1b1-4518-bc49-9d1a8c8e04d5@group-83CFD60236D8: changes role from  FOLLOWER to FOLLOWER at term 133 for recognizeCandidate:3989452c-7599-4156-9543-3fe544ced0f3
2019-10-16 22:14:59,020 [grpc-default-executor-18] INFO  impl.RoleInfo (RoleInfo.java:shutdownFollowerState(121)) - eec99a0c-e1b1-4518-bc49-9d1a8c8e04d5: shutdown FollowerState
2019-10-16 22:14:59,020 [grpc-default-executor-23] INFO  impl.RaftServerImpl (RaftServerImpl.java:setRole(184)) - d9e6ea44-93db-446f-8020-a94232284285@group-83CFD60236D8: changes role from  FOLLOWER to FOLLOWER at term 133 for recognizeCandidate:3989452c-7599-4156-9543-3fe544ced0f3
2019-10-16 22:14:59,020 [Thread-1771] INFO  impl.FollowerState (FollowerState.java:run(117)) - eec99a0c-e1b1-4518-bc49-9d1a8c8e04d5@group-83CFD60236D8-FollowerState was interrupted: java.lang.InterruptedException: sleep interrupted
2019-10-16 22:14:59,020 [grpc-default-executor-18] INFO  impl.RoleInfo (RoleInfo.java:updateAndGet(143)) - eec99a0c-e1b1-4518-bc49-9d1a8c8e04d5: start FollowerState
2019-10-16 22:14:59,020 [grpc-default-executor-23] INFO  impl.RoleInfo (RoleInfo.java:shutdownFollowerState(121)) - d9e6ea44-93db-446f-8020-a94232284285: shutdown FollowerState
2019-10-16 22:14:59,021 [grpc-default-executor-23] INFO  impl.RoleInfo (RoleInfo.java:updateAndGet(143)) - d9e6ea44-93db-446f-8020-a94232284285: start FollowerState
2019-10-16 22:14:59,021 [Thread-1772] INFO  impl.FollowerState (FollowerState.java:run(117)) - d9e6ea44-93db-446f-8020-a94232284285@group-83CFD60236D8-FollowerState was interrupted: java.lang.InterruptedException: sleep interrupted
2019-10-16 22:14:59,024 [3989452c-7599-4156-9543-3fe544ced0f3@group-83CFD60236D8-LeaderElection133] INFO  impl.LeaderElection (LeaderElection.java:logAndReturn(56)) - 3989452c-7599-4156-9543-3fe544ced0f3@group-83CFD60236D8-LeaderElection133: Election TIMEOUT; received 0 response(s) [] and 0 exception(s); 3989452c-7599-4156-9543-3fe544ced0f3@group-83CFD60236D8:t133, leader=null, voted=3989452c-7599-4156-9543-3fe544ced0f3, raftlog=3989452c-7599-4156-9543-3fe544ced0f3@group-83CFD60236D8-SegmentedRaftLog:OPENED:c-1,f-1,i0, conf=-1: [3989452c-7599-4156-9543-3fe544ced0f3:192.168.157.254:36320, eec99a0c-e1b1-4518-bc49-9d1a8c8e04d5:192.168.157.254:45598, d9e6ea44-93db-446f-8020-a94232284285:192.168.157.254:41671], old=null
 0.00% |?                                                                                                    |  0/1 Time: 0:06:152019-10-16 22:14:59,047 [3989452c-7599-4156-9543-3fe544ced0f3@group-83CFD60236D8-LeaderElection133] INFO  impl.LeaderElection (LeaderElection.java:askForVotes(178)) - 3989452c-7599-4156-9543-3fe544ced0f3@group-83CFD60236D8-LeaderElection133: begin an election at term 134 for -1: [3989452c-7599-4156-9543-3fe544ced0f3:192.168.157.254:36320, eec99a0c-e1b1-4518-bc49-9d1a8c8e04d5:192.168.157.254:45598, d9e6ea44-93db-446f-8020-a94232284285:192.168.157.254:41671], old=null
2019-10-16 22:14:59,049 [grpc-default-executor-23] INFO  impl.RaftServerImpl (RaftServerImpl.java:setRole(184)) - d9e6ea44-93db-446f-8020-a94232284285@group-83CFD60236D8: changes role from  FOLLOWER to FOLLOWER at term 134 for recognizeCandidate:3989452c-7599-4156-9543-3fe544ced0f3
2019-10-16 22:14:59,049 [grpc-default-executor-23] INFO  impl.RoleInfo (RoleInfo.java:shutdownFollowerState(121)) - d9e6ea44-93db-446f-8020-a94232284285: shutdown FollowerState
2019-10-16 22:14:59,050 [grpc-default-executor-23] INFO  impl.RoleInfo (RoleInfo.java:updateAndGet(143)) - d9e6ea44-93db-446f-8020-a94232284285: start FollowerState
2019-10-16 22:14:59,050 [Thread-1776] INFO  impl.FollowerState (FollowerState.java:run(117)) - d9e6ea44-93db-446f-8020-a94232284285@group-83CFD60236D8-FollowerState was interrupted: java.lang.InterruptedException: sleep interrupted
2019-10-16 22:14:59,050 [grpc-default-executor-18] INFO  impl.RaftServerImpl (RaftServerImpl.java:setRole(184)) - eec99a0c-e1b1-4518-bc49-9d1a8c8e04d5@group-83CFD60236D8: changes role from  FOLLOWER to FOLLOWER at term 134 for recognizeCandidate:3989452c-7599-4156-9543-3fe544ced0f3
2019-10-16 22:14:59,050 [grpc-default-executor-18] INFO  impl.RoleInfo (RoleInfo.java:shutdownFollowerState(121)) - eec99a0c-e1b1-4518-bc49-9d1a8c8e04d5: shutdown FollowerState
2019-10-16 22:14:59,050 [grpc-default-executor-18] INFO  impl.RoleInfo (RoleInfo.java:updateAndGet(143)) - eec99a0c-e1b1-4518-bc49-9d1a8c8e04d5: start FollowerState
2019-10-16 22:14:59,050 [Thread-1775] INFO  impl.FollowerState (FollowerState.java:run(117)) - eec99a0c-e1b1-4518-bc49-9d1a8c8e04d5@group-83CFD60236D8-FollowerState was interrupted: java.lang.InterruptedException: sleep interrupted
2019-10-16 22:14:59,057 [3989452c-7599-4156-9543-3fe544ced0f3@group-83CFD60236D8-LeaderElection133] INFO  impl.LeaderElection (LeaderElection.java:logAndReturn(56)) - 3989452c-7599-4156-9543-3fe544ced0f3@group-83CFD60236D8-LeaderElection133: Election REJECTED; received 2 response(s) [3989452c-7599-4156-9543-3fe544ced0f3<-eec99a0c-e1b1-4518-bc49-9d1a8c8e04d5#0:FAIL-t134, 3989452c-7599-4156-9543-3fe544ced0f3<-d9e6ea44-93db-446f-8020-a94232284285#0:FAIL-t134] and 0 exception(s); 3989452c-7599-4156-9543-3fe544ced0f3@group-83CFD60236D8:t134, leader=null, voted=3989452c-7599-4156-9543-3fe544ced0f3, raftlog=3989452c-7599-4156-9543-3fe544ced0f3@group-83CFD60236D8-SegmentedRaftLog:OPENED:c-1,f-1,i0, conf=-1: [3989452c-7599-4156-9543-3fe544ced0f3:192.168.157.254:36320, eec99a0c-e1b1-4518-bc49-9d1a8c8e04d5:192.168.157.254:45598, d9e6ea44-93db-446f-8020-a94232284285:192.168.157.254:41671], old=null
2019-10-16 22:14:59,057 [3989452c-7599-4156-9543-3fe544ced0f3@group-83CFD60236D8-LeaderElection133] INFO  impl.RaftServerImpl (RaftServerImpl.java:setRole(184)) - 3989452c-7599-4156-9543-3fe544ced0f3@group-83CFD60236D8: changes role from CANDIDATE to FOLLOWER at term 134 for DISCOVERED_A_NEW_TERM
2019-10-16 22:14:59,057 [3989452c-7599-4156-9543-3fe544ced0f3@group-83CFD60236D8-LeaderElection133] INFO  impl.RoleInfo (RoleInfo.java:shutdownLeaderElection(134)) - 3989452c-7599-4156-9543-3fe544ced0f3: shutdown LeaderElection
2019-10-16 22:14:59,057 [3989452c-7599-4156-9543-3fe544ced0f3@group-83CFD60236D8-LeaderElection133] INFO  impl.RoleInfo (RoleInfo.java:updateAndGet(143)) - 3989452c-7599-4156-9543-3fe544ced0f3: start FollowerState
2019-10-16 22:14:59,224 [Thread-1781] INFO  impl.FollowerState (FollowerState.java:run(108)) - 3989452c-7599-4156-9543-3fe544ced0f3@group-83CFD60236D8-FollowerState: change to CANDIDATE, lastRpcTime:166ms, electionTimeout:166ms
2019-10-16 22:14:59,224 [Thread-1781] INFO  impl.RoleInfo (RoleInfo.java:shutdownFollowerState(121)) - 3989452c-7599-4156-9543-3fe544ced0f3: shutdown FollowerState
2019-10-16 22:14:59,224 [Thread-1781] INFO  impl.RaftServerImpl (RaftServerImpl.java:setRole(184)) - 3989452c-7599-4156-9543-3fe544ced0f3@group-83CFD60236D8: changes role from  FOLLOWER to CANDIDATE at term 134 for changeToCandidate
2019-10-16 22:14:59,224 [Thread-1781] INFO  impl.RoleInfo (RoleInfo.java:updateAndGet(143)) - 3989452c-7599-4156-9543-3fe544ced0f3: start LeaderElection
2019-10-16 22:14:59,246 [3989452c-7599-4156-9543-3fe544ced0f3@group-83CFD60236D8-LeaderElection134] INFO  impl.LeaderElection (LeaderElection.java:askForVotes(178)) - 3989452c-7599-4156-9543-3fe544ced0f3@group-83CFD60236D8-LeaderElection134: begin an election at term 135 for -1: [3989452c-7599-4156-9543-3fe544ced0f3:192.168.157.254:36320, eec99a0c-e1b1-4518-bc49-9d1a8c8e04d5:192.168.157.254:45598, d9e6ea44-93db-446f-8020-a94232284285:192.168.157.254:41671], old=null
2019-10-16 22:14:59,248 [grpc-default-executor-23] INFO  impl.RaftServerImpl (RaftServerImpl.java:setRole(184)) - eec99a0c-e1b1-4518-bc49-9d1a8c8e04d5@group-83CFD60236D8: changes role from  FOLLOWER to FOLLOWER at term 135 for recognizeCandidate:3989452c-7599-4156-9543-3fe544ced0f3
2019-10-16 22:14:59,248 [grpc-default-executor-23] INFO  impl.RoleInfo (RoleInfo.java:shutdownFollowerState(121)) - eec99a0c-e1b1-4518-bc49-9d1a8c8e04d5: shutdown FollowerState
2019-10-16 22:14:59,249 [grpc-default-executor-23] INFO  impl.RoleInfo (RoleInfo.java:updateAndGet(143)) - eec99a0c-e1b1-4518-bc49-9d1a8c8e04d5: start FollowerState
2019-10-16 22:14:59,249 [Thread-1780] INFO  impl.FollowerState (FollowerState.java:run(117)) - eec99a0c-e1b1-4518-bc49-9d1a8c8e04d5@group-83CFD60236D8-FollowerState was interrupted: java.lang.InterruptedException: sleep interrupted
2019-10-16 22:14:59,249 [grpc-default-executor-18] INFO  impl.RaftServerImpl (RaftServerImpl.java:setRole(184)) - d9e6ea44-93db-446f-8020-a94232284285@group-83CFD60236D8: changes role from  FOLLOWER to FOLLOWER at term 135 for recognizeCandidate:3989452c-7599-4156-9543-3fe544ced0f3
2019-10-16 22:14:59,249 [grpc-default-executor-18] INFO  impl.RoleInfo (RoleInfo.java:shutdownFollowerState(121)) - d9e6ea44-93db-446f-8020-a94232284285: shutdown FollowerState
2019-10-16 22:14:59,249 [grpc-default-executor-18] INFO  impl.RoleInfo (RoleInfo.java:updateAndGet(143)) - d9e6ea44-93db-446f-8020-a94232284285: start FollowerState
2019-10-16 22:14:59,249 [Thread-1779] INFO  impl.FollowerState (FollowerState.java:run(117)) - d9e6ea44-93db-446f-8020-a94232284285@group-83CFD60236D8-FollowerState was interrupted: java.lang.InterruptedException: sleep interrupted
2019-10-16 22:14:59,275 [3989452c-7599-4156-9543-3fe544ced0f3@group-83CFD60236D8-LeaderElection134] INFO  impl.LeaderElection (LeaderElection.java:logAndReturn(56)) - 3989452c-7599-4156-9543-3fe544ced0f3@group-83CFD60236D8-LeaderElection134: Election REJECTED; received 2 response(s) [3989452c-7599-4156-9543-3fe544ced0f3<-eec99a0c-e1b1-4518-bc49-9d1a8c8e04d5#0:FAIL-t135, 3989452c-7599-4156-9543-3fe544ced0f3<-d9e6ea44-93db-446f-8020-a94232284285#0:FAIL-t135] and 0 exception(s); 3989452c-7599-4156-9543-3fe544ced0f3@group-83CFD60236D8:t135, leader=null, voted=3989452c-7599-4156-9543-3fe544ced0f3, raftlog=3989452c-7599-4156-9543-3fe544ced0f3@group-83CFD60236D8-SegmentedRaftLog:OPENED:c-1,f-1,i0, conf=-1: [3989452c-7599-4156-9543-3fe544ced0f3:192.168.157.254:36320, eec99a0c-e1b1-4518-bc49-9d1a8c8e04d5:192.168.157.254:45598, d9e6ea44-93db-446f-8020-a94232284285:192.168.157.254:41671], old=null
2019-10-16 22:14:59,275 [3989452c-7599-4156-9543-3fe544ced0f3@group-83CFD60236D8-LeaderElection134] INFO  impl.RaftServerImpl (RaftServerImpl.java:setRole(184)) - 3989452c-7599-4156-9543-3fe544ced0f3@group-83CFD60236D8: changes role from CANDIDATE to FOLLOWER at term 135 for DISCOVERED_A_NEW_TERM
2019-10-16 22:14:59,275 [3989452c-7599-4156-9543-3fe544ced0f3@group-83CFD60236D8-LeaderElection134] INFO  impl.RoleInfo (RoleInfo.java:shutdownLeaderElection(134)) - 3989452c-7599-4156-9543-3fe544ced0f3: shutdown LeaderElection
2019-10-16 22:14:59,276 [3989452c-7599-4156-9543-3fe544ced0f3@group-83CFD60236D8-LeaderElection134] INFO  impl.RoleInfo (RoleInfo.java:updateAndGet(143)) - 3989452c-7599-4156-9543-3fe544ced0f3: start FollowerState
2019-10-16 22:14:59,396 [Thread-1789] INFO  impl.FollowerState (FollowerState.java:run(108)) - 3989452c-7599-4156-9543-3fe544ced0f3@group-83CFD60236D8-FollowerState: change to CANDIDATE, lastRpcTime:120ms, electionTimeout:120ms
2019-10-16 22:14:59,396 [Thread-1789] INFO  impl.RoleInfo (RoleInfo.java:shutdownFollowerState(121)) - 3989452c-7599-4156-9543-3fe544ced0f3: shutdown FollowerState
2019-10-16 22:14:59,396 [Thread-1789] INFO  impl.RaftServerImpl (RaftServerImpl.java:setRole(184)) - 3989452c-7599-4156-9543-3fe544ced0f3@group-83CFD60236D8: changes role from  FOLLOWER to CANDIDATE at term 135 for changeToCandidate
2019-10-16 22:14:59,396 [Thread-1789] INFO  impl.RoleInfo (RoleInfo.java:updateAndGet(143)) - 3989452c-7599-4156-9543-3fe544ced0f3: start LeaderElection
2019-10-16 22:14:59,412 [3989452c-7599-4156-9543-3fe544ced0f3@group-83CFD60236D8-LeaderElection135] INFO  impl.LeaderElection (LeaderElection.java:askForVotes(178)) - 3989452c-7599-4156-9543-3fe544ced0f3@group-83CFD60236D8-LeaderElection135: begin an election at term 136 for -1: [3989452c-7599-4156-9543-3fe544ced0f3:192.168.157.254:36320, eec99a0c-e1b1-4518-bc49-9d1a8c8e04d5:192.168.157.254:45598, d9e6ea44-93db-446f-8020-a94232284285:192.168.157.254:41671], old=null
2019-10-16 22:14:59,413 [grpc-default-executor-23] INFO  impl.RaftServerImpl (RaftServerImpl.java:setRole(184)) - eec99a0c-e1b1-4518-bc49-9d1a8c8e04d5@group-83CFD60236D8: changes role from  FOLLOWER to FOLLOWER at term 136 for recognizeCandidate:3989452c-7599-4156-9543-3fe544ced0f3
2019-10-16 22:14:59,414 [grpc-default-executor-23] INFO  impl.RoleInfo (RoleInfo.java:shutdownFollowerState(121)) - eec99a0c-e1b1-4518-bc49-9d1a8c8e04d5: shutdown FollowerState
2019-10-16 22:14:59,414 [grpc-default-executor-18] INFO  impl.RaftServerImpl (RaftServerImpl.java:setRole(184)) - d9e6ea44-93db-446f-8020-a94232284285@group-83CFD60236D8: changes role from  FOLLOWER to FOLLOWER at term 136 for recognizeCandidate:3989452c-7599-4156-9543-3fe544ced0f3
2019-10-16 22:14:59,414 [Thread-1787] INFO  impl.FollowerState (FollowerState.java:run(117)) - eec99a0c-e1b1-4518-bc49-9d1a8c8e04d5@group-83CFD60236D8-FollowerState was interrupted: java.lang.InterruptedException: sleep interrupted
2019-10-16 22:14:59,414 [grpc-default-executor-23] INFO  impl.RoleInfo (RoleInfo.java:updateAndGet(143)) - eec99a0c-e1b1-4518-bc49-9d1a8c8e04d5: start FollowerState
2019-10-16 22:14:59,414 [grpc-default-executor-18] INFO  impl.RoleInfo (RoleInfo.java:shutdownFollowerState(121)) - d9e6ea44-93db-446f-8020-a94232284285: shutdown FollowerState
2019-10-16 22:14:59,414 [grpc-default-executor-18] INFO  impl.RoleInfo (RoleInfo.java:updateAndGet(143)) - d9e6ea44-93db-446f-8020-a94232284285: start FollowerState
2019-10-16 22:14:59,414 [Thread-1788] INFO  impl.FollowerState (FollowerState.java:run(117)) - d9e6ea44-93db-446f-8020-a94232284285@group-83CFD60236D8-FollowerState was interrupted: java.lang.InterruptedException: sleep interrupted
2019-10-16 22:14:59,440 [3989452c-7599-4156-9543-3fe544ced0f3@group-83CFD60236D8-LeaderElection135] INFO  impl.LeaderElection (LeaderElection.java:logAndReturn(56)) - 3989452c-7599-4156-9543-3fe544ced0f3@group-83CFD60236D8-LeaderElection135: Election REJECTED; received 2 response(s) [3989452c-7599-4156-9543-3fe544ced0f3<-eec99a0c-e1b1-4518-bc49-9d1a8c8e04d5#0:FAIL-t136, 3989452c-7599-4156-9543-3fe544ced0f3<-d9e6ea44-93db-446f-8020-a94232284285#0:FAIL-t136] and 0 exception(s); 3989452c-7599-4156-9543-3fe544ced0f3@group-83CFD60236D8:t136, leader=null, voted=3989452c-7599-4156-9543-3fe544ced0f3, raftlog=3989452c-7599-4156-9543-3fe544ced0f3@group-83CFD60236D8-SegmentedRaftLog:OPENED:c-1,f-1,i0, conf=-1: [3989452c-7599-4156-9543-3fe544ced0f3:192.168.157.254:36320, eec99a0c-e1b1-4518-bc49-9d1a8c8e04d5:192.168.157.254:45598, d9e6ea44-93db-446f-8020-a94232284285:192.168.157.254:41671], old=null
2019-10-16 22:14:59,440 [3989452c-7599-4156-9543-3fe544ced0f3@group-83CFD60236D8-LeaderElection135] INFO  impl.RaftServerImpl (RaftServerImpl.java:setRole(184)) - 3989452c-7599-4156-9543-3fe544ced0f3@group-83CFD60236D8: changes role from CANDIDATE to FOLLOWER at term 136 for DISCOVERED_A_NEW_TERM
2019-10-16 22:14:59,440 [3989452c-7599-4156-9543-3fe544ced0f3@group-83CFD60236D8-LeaderElection135] INFO  impl.RoleInfo (RoleInfo.java:shutdownLeaderElection(134)) - 3989452c-7599-4156-9543-3fe544ced0f3: shutdown LeaderElection
2019-10-16 22:14:59,441 [3989452c-7599-4156-9543-3fe544ced0f3@group-83CFD60236D8-LeaderElection135] INFO  impl.RoleInfo (RoleInfo.java:updateAndGet(143)) - 3989452c-7599-4156-9543-3fe544ced0f3: start FollowerState
2019-10-16 22:14:59,634 [Thread-1795] INFO  impl.FollowerState (FollowerState.java:run(108)) - 3989452c-7599-4156-9543-3fe544ced0f3@group-83CFD60236D8-FollowerState: change to CANDIDATE, lastRpcTime:193ms, electionTimeout:193ms
2019-10-16 22:14:59,634 [Thread-1795] INFO  impl.RoleInfo (RoleInfo.java:shutdownFollowerState(121)) - 3989452c-7599-4156-9543-3fe544ced0f3: shutdown FollowerState
2019-10-16 22:14:59,634 [Thread-1795] INFO  impl.RaftServerImpl (RaftServerImpl.java:setRole(184)) - 3989452c-7599-4156-9543-3fe544ced0f3@group-83CFD60236D8: changes role from  FOLLOWER to CANDIDATE at term 136 for changeToCandidate
2019-10-16 22:14:59,634 [Thread-1795] INFO  impl.RoleInfo (RoleInfo.java:updateAndGet(143)) - 3989452c-7599-4156-9543-3fe544ced0f3: start LeaderElection
2019-10-16 22:14:59,649 [3989452c-7599-4156-9543-3fe544ced0f3@group-83CFD60236D8-LeaderElection136] INFO  impl.LeaderElection (LeaderElection.java:askForVotes(178)) - 3989452c-7599-4156-9543-3fe544ced0f3@group-83CFD60236D8-LeaderElection136: begin an election at term 137 for -1: [3989452c-7599-4156-9543-3fe544ced0f3:192.168.157.254:36320, eec99a0c-e1b1-4518-bc49-9d1a8c8e04d5:192.168.157.254:45598, d9e6ea44-93db-446f-8020-a94232284285:192.168.157.254:41671], old=null
2019-10-16 22:14:59,651 [grpc-default-executor-18] INFO  impl.RaftServerImpl (RaftServerImpl.java:setRole(184)) - d9e6ea44-93db-446f-8020-a94232284285@group-83CFD60236D8: changes role from  FOLLOWER to FOLLOWER at term 137 for recognizeCandidate:3989452c-7599-4156-9543-3fe544ced0f3
2019-10-16 22:14:59,651 [grpc-default-executor-18] INFO  impl.RoleInfo (RoleInfo.java:shutdownFollowerState(121)) - d9e6ea44-93db-446f-8020-a94232284285: shutdown FollowerState
2019-10-16 22:14:59,651 [grpc-default-executor-18] INFO  impl.RoleInfo (RoleInfo.java:updateAndGet(143)) - d9e6ea44-93db-446f-8020-a94232284285: start FollowerState
2019-10-16 22:14:59,651 [Thread-1794] INFO  impl.FollowerState (FollowerState.java:run(117)) - d9e6ea44-93db-446f-8020-a94232284285@group-83CFD60236D8-FollowerState was interrupted: java.lang.InterruptedException: sleep interrupted
2019-10-16 22:14:59,651 [grpc-default-executor-23] INFO  impl.RaftServerImpl (RaftServerImpl.java:setRole(184)) - eec99a0c-e1b1-4518-bc49-9d1a8c8e04d5@group-83CFD60236D8: changes role from  FOLLOWER to FOLLOWER at term 137 for recognizeCandidate:3989452c-7599-4156-9543-3fe544ced0f3
2019-10-16 22:14:59,652 [grpc-default-executor-23] INFO  impl.RoleInfo (RoleInfo.java:shutdownFollowerState(121)) - eec99a0c-e1b1-4518-bc49-9d1a8c8e04d5: shutdown FollowerState
2019-10-16 22:14:59,652 [grpc-default-executor-23] INFO  impl.RoleInfo (RoleInfo.java:updateAndGet(143)) - eec99a0c-e1b1-4518-bc49-9d1a8c8e04d5: start FollowerState
2019-10-16 22:14:59,652 [Thread-1793] INFO  impl.FollowerState (FollowerState.java:run(117)) - eec99a0c-e1b1-4518-bc49-9d1a8c8e04d5@group-83CFD60236D8-FollowerState was interrupted: java.lang.InterruptedException: sleep interrupted
2019-10-16 22:14:59,664 [3989452c-7599-4156-9543-3fe544ced0f3@group-83CFD60236D8-LeaderElection136] INFO  impl.LeaderElection (LeaderElection.java:logAndReturn(56)) - 3989452c-7599-4156-9543-3fe544ced0f3@group-83CFD60236D8-LeaderElection136: Election TIMEOUT; received 0 response(s) [] and 0 exception(s); 3989452c-7599-4156-9543-3fe544ced0f3@group-83CFD60236D8:t137, leader=null, voted=3989452c-7599-4156-9543-3fe544ced0f3, raftlog=3989452c-7599-4156-9543-3fe544ced0f3@group-83CFD60236D8-SegmentedRaftLog:OPENED:c-1,f-1,i0, conf=-1: [3989452c-7599-4156-9543-3fe544ced0f3:192.168.157.254:36320, eec99a0c-e1b1-4518-bc49-9d1a8c8e04d5:192.168.157.254:45598, d9e6ea44-93db-446f-8020-a94232284285:192.168.157.254:41671], old=null
2019-10-16 22:14:59,679 [3989452c-7599-4156-9543-3fe544ced0f3@group-83CFD60236D8-LeaderElection136] INFO  impl.LeaderElection (LeaderElection.java:askForVotes(178)) - 3989452c-7599-4156-9543-3fe544ced0f3@group-83CFD60236D8-LeaderElection136: begin an election at term 138 for -1: [3989452c-7599-4156-9543-3fe544ced0f3:192.168.157.254:36320, eec99a0c-e1b1-4518-bc49-9d1a8c8e04d5:192.168.157.254:45598, d9e6ea44-93db-446f-8020-a94232284285:192.168.157.254:41671], old=null
2019-10-16 22:14:59,681 [grpc-default-executor-18] INFO  impl.RaftServerImpl (RaftServerImpl.java:setRole(184)) - d9e6ea44-93db-446f-8020-a94232284285@group-83CFD60236D8: changes role from  FOLLOWER to FOLLOWER at term 138 for recognizeCandidate:3989452c-7599-4156-9543-3fe544ced0f3
2019-10-16 22:14:59,681 [grpc-default-executor-18] INFO  impl.RoleInfo (RoleInfo.java:shutdownFollowerState(121)) - d9e6ea44-93db-446f-8020-a94232284285: shutdown FollowerState
2019-10-16 22:14:59,681 [grpc-default-executor-23] INFO  impl.RaftServerImpl (RaftServerImpl.java:setRole(184)) - eec99a0c-e1b1-4518-bc49-9d1a8c8e04d5@group-83CFD60236D8: changes role from  FOLLOWER to FOLLOWER at term 138 for recognizeCandidate:3989452c-7599-4156-9543-3fe544ced0f3
2019-10-16 22:14:59,681 [Thread-1799] INFO  impl.FollowerState (FollowerState.java:run(117)) - d9e6ea44-93db-446f-8020-a94232284285@group-83CFD60236D8-FollowerState was interrupted: java.lang.InterruptedException: sleep interrupted
2019-10-16 22:14:59,681 [grpc-default-executor-18] INFO  impl.RoleInfo (RoleInfo.java:updateAndGet(143)) - d9e6ea44-93db-446f-8020-a94232284285: start FollowerState
2019-10-16 22:14:59,681 [grpc-default-executor-23] INFO  impl.RoleInfo (RoleInfo.java:shutdownFollowerState(121)) - eec99a0c-e1b1-4518-bc49-9d1a8c8e04d5: shutdown FollowerState
2019-10-16 22:14:59,681 [grpc-default-executor-23] INFO  impl.RoleInfo (RoleInfo.java:updateAndGet(143)) - eec99a0c-e1b1-4518-bc49-9d1a8c8e04d5: start FollowerState
2019-10-16 22:14:59,681 [Thread-1800] INFO  impl.FollowerState (FollowerState.java:run(117)) - eec99a0c-e1b1-4518-bc49-9d1a8c8e04d5@group-83CFD60236D8-FollowerState was interrupted: java.lang.InterruptedException: sleep interrupted
2019-10-16 22:14:59,707 [3989452c-7599-4156-9543-3fe544ced0f3@group-83CFD60236D8-LeaderElection136] INFO  impl.LeaderElection (LeaderElection.java:logAndReturn(56)) - 3989452c-7599-4156-9543-3fe544ced0f3@group-83CFD60236D8-LeaderElection136: Election REJECTED; received 2 response(s) [3989452c-7599-4156-9543-3fe544ced0f3<-eec99a0c-e1b1-4518-bc49-9d1a8c8e04d5#0:FAIL-t138, 3989452c-7599-4156-9543-3fe544ced0f3<-d9e6ea44-93db-446f-8020-a94232284285#0:FAIL-t138] and 0 exception(s); 3989452c-7599-4156-9543-3fe544ced0f3@group-83CFD60236D8:t138, leader=null, voted=3989452c-7599-4156-9543-3fe544ced0f3, raftlog=3989452c-7599-4156-9543-3fe544ced0f3@group-83CFD60236D8-SegmentedRaftLog:OPENED:c-1,f-1,i0, conf=-1: [3989452c-7599-4156-9543-3fe544ced0f3:192.168.157.254:36320, eec99a0c-e1b1-4518-bc49-9d1a8c8e04d5:192.168.157.254:45598, d9e6ea44-93db-446f-8020-a94232284285:192.168.157.254:41671], old=null
2019-10-16 22:14:59,708 [3989452c-7599-4156-9543-3fe544ced0f3@group-83CFD60236D8-LeaderElection136] INFO  impl.RaftServerImpl (RaftServerImpl.java:setRole(184)) - 3989452c-7599-4156-9543-3fe544ced0f3@group-83CFD60236D8: changes role from CANDIDATE to FOLLOWER at term 138 for DISCOVERED_A_NEW_TERM
2019-10-16 22:14:59,708 [3989452c-7599-4156-9543-3fe544ced0f3@group-83CFD60236D8-LeaderElection136] INFO  impl.RoleInfo (RoleInfo.java:shutdownLeaderElection(134)) - 3989452c-7599-4156-9543-3fe544ced0f3: shutdown LeaderElection
2019-10-16 22:14:59,708 [3989452c-7599-4156-9543-3fe544ced0f3@group-83CFD60236D8-LeaderElection136] INFO  impl.RoleInfo (RoleInfo.java:updateAndGet(143)) - 3989452c-7599-4156-9543-3fe544ced0f3: start FollowerState
2019-10-16 22:14:59,750 [Thread-1805] INFO  impl.FollowerState (FollowerState.java:run(108)) - 3989452c-7599-4156-9543-3fe544ced0f3@group-83CFD60236D8-FollowerState: change to CANDIDATE, lastRpcTime:42ms, electionTimeout:42ms
2019-10-16 22:14:59,750 [Thread-1805] INFO  impl.RoleInfo (RoleInfo.java:shutdownFollowerState(121)) - 3989452c-7599-4156-9543-3fe544ced0f3: shutdown FollowerState
2019-10-16 22:14:59,750 [Thread-1805] INFO  impl.RaftServerImpl (RaftServerImpl.java:setRole(184)) - 3989452c-7599-4156-9543-3fe544ced0f3@group-83CFD60236D8: changes role from  FOLLOWER to CANDIDATE at term 138 for changeToCandidate
2019-10-16 22:14:59,751 [Thread-1805] INFO  impl.RoleInfo (RoleInfo.java:updateAndGet(143)) - 3989452c-7599-4156-9543-3fe544ced0f3: start LeaderElection
2019-10-16 22:14:59,766 [3989452c-7599-4156-9543-3fe544ced0f3@group-83CFD60236D8-LeaderElection137] INFO  impl.LeaderElection (LeaderElection.java:askForVotes(178)) - 3989452c-7599-4156-9543-3fe544ced0f3@group-83CFD60236D8-LeaderElection137: begin an election at term 139 for -1: [3989452c-7599-4156-9543-3fe544ced0f3:192.168.157.254:36320, eec99a0c-e1b1-4518-bc49-9d1a8c8e04d5:192.168.157.254:45598, d9e6ea44-93db-446f-8020-a94232284285:192.168.157.254:41671], old=null
2019-10-16 22:14:59,767 [3989452c-7599-4156-9543-3fe544ced0f3@group-83CFD60236D8-LeaderElection137] INFO  impl.LeaderElection (LeaderElection.java:logAndReturn(56)) - 3989452c-7599-4156-9543-3fe544ced0f3@group-83CFD60236D8-LeaderElection137: Election TIMEOUT; received 0 response(s) [] and 0 exception(s); 3989452c-7599-4156-9543-3fe544ced0f3@group-83CFD60236D8:t139, leader=null, voted=3989452c-7599-4156-9543-3fe544ced0f3, raftlog=3989452c-7599-4156-9543-3fe544ced0f3@group-83CFD60236D8-SegmentedRaftLog:OPENED:c-1,f-1,i0, conf=-1: [3989452c-7599-4156-9543-3fe544ced0f3:192.168.157.254:36320, eec99a0c-e1b1-4518-bc49-9d1a8c8e04d5:192.168.157.254:45598, d9e6ea44-93db-446f-8020-a94232284285:192.168.157.254:41671], old=null
2019-10-16 22:14:59,768 [grpc-default-executor-18] INFO  impl.RaftServerImpl (RaftServerImpl.java:setRole(184)) - eec99a0c-e1b1-4518-bc49-9d1a8c8e04d5@group-83CFD60236D8: changes role from  FOLLOWER to FOLLOWER at term 139 for recognizeCandidate:3989452c-7599-4156-9543-3fe544ced0f3
2019-10-16 22:14:59,768 [grpc-default-executor-18] INFO  impl.RoleInfo (RoleInfo.java:shutdownFollowerState(121)) - eec99a0c-e1b1-4518-bc49-9d1a8c8e04d5: shutdown FollowerState
2019-10-16 22:14:59,768 [grpc-default-executor-23] INFO  impl.RaftServerImpl (RaftServerImpl.java:setRole(184)) - d9e6ea44-93db-446f-8020-a94232284285@group-83CFD60236D8: changes role from  FOLLOWER to FOLLOWER at term 139 for recognizeCandidate:3989452c-7599-4156-9543-3fe544ced0f3
2019-10-16 22:14:59,768 [Thread-1804] INFO  impl.FollowerState (FollowerState.java:run(117)) - eec99a0c-e1b1-4518-bc49-9d1a8c8e04d5@group-83CFD60236D8-FollowerState was interrupted: java.lang.InterruptedException: sleep interrupted
2019-10-16 22:14:59,768 [grpc-default-executor-18] INFO  impl.RoleInfo (RoleInfo.java:updateAndGet(143)) - eec99a0c-e1b1-4518-bc49-9d1a8c8e04d5: start FollowerState
2019-10-16 22:14:59,768 [grpc-default-executor-23] INFO  impl.RoleInfo (RoleInfo.java:shutdownFollowerState(121)) - d9e6ea44-93db-446f-8020-a94232284285: shutdown FollowerState
2019-10-16 22:14:59,768 [grpc-default-executor-23] INFO  impl.RoleInfo (RoleInfo.java:updateAndGet(143)) - d9e6ea44-93db-446f-8020-a94232284285: start FollowerState
2019-10-16 22:14:59,768 [Thread-1803] INFO  impl.FollowerState (FollowerState.java:run(117)) - d9e6ea44-93db-446f-8020-a94232284285@group-83CFD60236D8-FollowerState was interrupted: java.lang.InterruptedException: sleep interrupted
2019-10-16 22:14:59,783 [3989452c-7599-4156-9543-3fe544ced0f3@group-83CFD60236D8-LeaderElection137] INFO  impl.LeaderElection (LeaderElection.java:askForVotes(178)) - 3989452c-7599-4156-9543-3fe544ced0f3@group-83CFD60236D8-LeaderElection137: begin an election at term 140 for -1: [3989452c-7599-4156-9543-3fe544ced0f3:192.168.157.254:36320, eec99a0c-e1b1-4518-bc49-9d1a8c8e04d5:192.168.157.254:45598, d9e6ea44-93db-446f-8020-a94232284285:192.168.157.254:41671], old=null
2019-10-16 22:14:59,787 [grpc-default-executor-18] INFO  impl.RaftServerImpl (RaftServerImpl.java:setRole(184)) - d9e6ea44-93db-446f-8020-a94232284285@group-83CFD60236D8: changes role from  FOLLOWER to FOLLOWER at term 140 for recognizeCandidate:3989452c-7599-4156-9543-3fe544ced0f3
2019-10-16 22:14:59,787 [grpc-default-executor-23] INFO  impl.RaftServerImpl (RaftServerImpl.java:setRole(184)) - eec99a0c-e1b1-4518-bc49-9d1a8c8e04d5@group-83CFD60236D8: changes role from  FOLLOWER to FOLLOWER at term 140 for recognizeCandidate:3989452c-7599-4156-9543-3fe544ced0f3
2019-10-16 22:14:59,787 [grpc-default-executor-23] INFO  impl.RoleInfo (RoleInfo.java:shutdownFollowerState(121)) - eec99a0c-e1b1-4518-bc49-9d1a8c8e04d5: shutdown FollowerState
2019-10-16 22:14:59,787 [grpc-default-executor-18] INFO  impl.RoleInfo (RoleInfo.java:shutdownFollowerState(121)) - d9e6ea44-93db-446f-8020-a94232284285: shutdown FollowerState
2019-10-16 22:14:59,787 [Thread-1809] INFO  impl.FollowerState (FollowerState.java:run(117)) - eec99a0c-e1b1-4518-bc49-9d1a8c8e04d5@group-83CFD60236D8-FollowerState was interrupted: java.lang.InterruptedException: sleep interrupted
2019-10-16 22:14:59,787 [Thread-1810] INFO  impl.FollowerState (FollowerState.java:run(117)) - d9e6ea44-93db-446f-8020-a94232284285@group-83CFD60236D8-FollowerState was interrupted: java.lang.InterruptedException: sleep interrupted
2019-10-16 22:14:59,787 [grpc-default-executor-23] INFO  impl.RoleInfo (RoleInfo.java:updateAndGet(143)) - eec99a0c-e1b1-4518-bc49-9d1a8c8e04d5: start FollowerState
2019-10-16 22:14:59,787 [grpc-default-executor-18] INFO  impl.RoleInfo (RoleInfo.java:updateAndGet(143)) - d9e6ea44-93db-446f-8020-a94232284285: start FollowerState
2019-10-16 22:14:59,797 [3989452c-7599-4156-9543-3fe544ced0f3@group-83CFD60236D8-LeaderElection137] INFO  impl.LeaderElection (LeaderElection.java:logAndReturn(56)) - 3989452c-7599-4156-9543-3fe544ced0f3@group-83CFD60236D8-LeaderElection137: Election REJECTED; received 2 response(s) [3989452c-7599-4156-9543-3fe544ced0f3<-eec99a0c-e1b1-4518-bc49-9d1a8c8e04d5#0:FAIL-t140, 3989452c-7599-4156-9543-3fe544ced0f3<-d9e6ea44-93db-446f-8020-a94232284285#0:FAIL-t140] and 0 exception(s); 3989452c-7599-4156-9543-3fe544ced0f3@group-83CFD60236D8:t140, leader=null, voted=3989452c-7599-4156-9543-3fe544ced0f3, raftlog=3989452c-7599-4156-9543-3fe544ced0f3@group-83CFD60236D8-SegmentedRaftLog:OPENED:c-1,f-1,i0, conf=-1: [3989452c-7599-4156-9543-3fe544ced0f3:192.168.157.254:36320, eec99a0c-e1b1-4518-bc49-9d1a8c8e04d5:192.168.157.254:45598, d9e6ea44-93db-446f-8020-a94232284285:192.168.157.254:41671], old=null
2019-10-16 22:14:59,797 [3989452c-7599-4156-9543-3fe544ced0f3@group-83CFD60236D8-LeaderElection137] INFO  impl.RaftServerImpl (RaftServerImpl.java:setRole(184)) - 3989452c-7599-4156-9543-3fe544ced0f3@group-83CFD60236D8: changes role from CANDIDATE to FOLLOWER at term 140 for DISCOVERED_A_NEW_TERM
2019-10-16 22:14:59,797 [3989452c-7599-4156-9543-3fe544ced0f3@group-83CFD60236D8-LeaderElection137] INFO  impl.RoleInfo (RoleInfo.java:shutdownLeaderElection(134)) - 3989452c-7599-4156-9543-3fe544ced0f3: shutdown LeaderElection
2019-10-16 22:14:59,797 [3989452c-7599-4156-9543-3fe544ced0f3@group-83CFD60236D8-LeaderElection137] INFO  impl.RoleInfo (RoleInfo.java:updateAndGet(143)) - 3989452c-7599-4156-9543-3fe544ced0f3: start FollowerState
2019-10-16 22:14:59,804 [Thread-1815] INFO  impl.FollowerState (FollowerState.java:run(108)) - 3989452c-7599-4156-9543-3fe544ced0f3@group-83CFD60236D8-FollowerState: change to CANDIDATE, lastRpcTime:7ms, electionTimeout:7ms
2019-10-16 22:14:59,805 [Thread-1815] INFO  impl.RoleInfo (RoleInfo.java:shutdownFollowerState(121)) - 3989452c-7599-4156-9543-3fe544ced0f3: shutdown FollowerState
2019-10-16 22:14:59,805 [Thread-1815] INFO  impl.RaftServerImpl (RaftServerImpl.java:setRole(184)) - 3989452c-7599-4156-9543-3fe544ced0f3@group-83CFD60236D8: changes role from  FOLLOWER to CANDIDATE at term 140 for changeToCandidate
2019-10-16 22:14:59,805 [Thread-1815] INFO  impl.RoleInfo (RoleInfo.java:updateAndGet(143)) - 3989452c-7599-4156-9543-3fe544ced0f3: start LeaderElection
2019-10-16 22:14:59,819 [3989452c-7599-4156-9543-3fe544ced0f3@group-83CFD60236D8-LeaderElection138] INFO  impl.LeaderElection (LeaderElection.java:askForVotes(178)) - 3989452c-7599-4156-9543-3fe544ced0f3@group-83CFD60236D8-LeaderElection138: begin an election at term 141 for -1: [3989452c-7599-4156-9543-3fe544ced0f3:192.168.157.254:36320, eec99a0c-e1b1-4518-bc49-9d1a8c8e04d5:192.168.157.254:45598, d9e6ea44-93db-446f-8020-a94232284285:192.168.157.254:41671], old=null
2019-10-16 22:14:59,820 [grpc-default-executor-23] INFO  impl.RaftServerImpl (RaftServerImpl.java:setRole(184)) - eec99a0c-e1b1-4518-bc49-9d1a8c8e04d5@group-83CFD60236D8: changes role from  FOLLOWER to FOLLOWER at term 141 for recognizeCandidate:3989452c-7599-4156-9543-3fe544ced0f3
2019-10-16 22:14:59,820 [grpc-default-executor-18] INFO  impl.RaftServerImpl (RaftServerImpl.java:setRole(184)) - d9e6ea44-93db-446f-8020-a94232284285@group-83CFD60236D8: changes role from  FOLLOWER to FOLLOWER at term 141 for recognizeCandidate:3989452c-7599-4156-9543-3fe544ced0f3
2019-10-16 22:14:59,820 [grpc-default-executor-23] INFO  impl.RoleInfo (RoleInfo.java:shutdownFollowerState(121)) - eec99a0c-e1b1-4518-bc49-9d1a8c8e04d5: shutdown FollowerState
2019-10-16 22:14:59,820 [grpc-default-executor-18] INFO  impl.RoleInfo (RoleInfo.java:shutdownFollowerState(121)) - d9e6ea44-93db-446f-8020-a94232284285: shutdown FollowerState
2019-10-16 22:14:59,821 [Thread-1813] INFO  impl.FollowerState (FollowerState.java:run(117)) - eec99a0c-e1b1-4518-bc49-9d1a8c8e04d5@group-83CFD60236D8-FollowerState was interrupted: java.lang.InterruptedException: sleep interrupted
2019-10-16 22:14:59,821 [grpc-default-executor-23] INFO  impl.RoleInfo (RoleInfo.java:updateAndGet(143)) - eec99a0c-e1b1-4518-bc49-9d1a8c8e04d5: start FollowerState
2019-10-16 22:14:59,821 [Thread-1814] INFO  impl.FollowerState (FollowerState.java:run(117)) - d9e6ea44-93db-446f-8020-a94232284285@group-83CFD60236D8-FollowerState was interrupted: java.lang.InterruptedException: sleep interrupted
2019-10-16 22:14:59,821 [grpc-default-executor-18] INFO  impl.RoleInfo (RoleInfo.java:updateAndGet(143)) - d9e6ea44-93db-446f-8020-a94232284285: start FollowerState
2019-10-16 22:14:59,845 [3989452c-7599-4156-9543-3fe544ced0f3@group-83CFD60236D8-LeaderElection138] INFO  impl.LeaderElection (LeaderElection.java:logAndReturn(56)) - 3989452c-7599-4156-9543-3fe544ced0f3@group-83CFD60236D8-LeaderElection138: Election REJECTED; received 2 response(s) [3989452c-7599-4156-9543-3fe544ced0f3<-eec99a0c-e1b1-4518-bc49-9d1a8c8e04d5#0:FAIL-t141, 3989452c-7599-4156-9543-3fe544ced0f3<-d9e6ea44-93db-446f-8020-a94232284285#0:FAIL-t141] and 0 exception(s); 3989452c-7599-4156-9543-3fe544ced0f3@group-83CFD60236D8:t141, leader=null, voted=3989452c-7599-4156-9543-3fe544ced0f3, raftlog=3989452c-7599-4156-9543-3fe544ced0f3@group-83CFD60236D8-SegmentedRaftLog:OPENED:c-1,f-1,i0, conf=-1: [3989452c-7599-4156-9543-3fe544ced0f3:192.168.157.254:36320, eec99a0c-e1b1-4518-bc49-9d1a8c8e04d5:192.168.157.254:45598, d9e6ea44-93db-446f-8020-a94232284285:192.168.157.254:41671], old=null
2019-10-16 22:14:59,845 [3989452c-7599-4156-9543-3fe544ced0f3@group-83CFD60236D8-LeaderElection138] INFO  impl.RaftServerImpl (RaftServerImpl.java:setRole(184)) - 3989452c-7599-4156-9543-3fe544ced0f3@group-83CFD60236D8: changes role from CANDIDATE to FOLLOWER at term 141 for DISCOVERED_A_NEW_TERM
2019-10-16 22:14:59,845 [3989452c-7599-4156-9543-3fe544ced0f3@group-83CFD60236D8-LeaderElection138] INFO  impl.RoleInfo (RoleInfo.java:shutdownLeaderElection(134)) - 3989452c-7599-4156-9543-3fe544ced0f3: shutdown LeaderElection
2019-10-16 22:14:59,845 [3989452c-7599-4156-9543-3fe544ced0f3@group-83CFD60236D8-LeaderElection138] INFO  impl.RoleInfo (RoleInfo.java:updateAndGet(143)) - 3989452c-7599-4156-9543-3fe544ced0f3: start FollowerState
2019-10-16 22:14:59,916 [Thread-1821] INFO  impl.FollowerState (FollowerState.java:run(108)) - 3989452c-7599-4156-9543-3fe544ced0f3@group-83CFD60236D8-FollowerState: change to CANDIDATE, lastRpcTime:71ms, electionTimeout:71ms
2019-10-16 22:14:59,917 [Thread-1821] INFO  impl.RoleInfo (RoleInfo.java:shutdownFollowerState(121)) - 3989452c-7599-4156-9543-3fe544ced0f3: shutdown FollowerState
2019-10-16 22:14:59,917 [Thread-1821] INFO  impl.RaftServerImpl (RaftServerImpl.java:setRole(184)) - 3989452c-7599-4156-9543-3fe544ced0f3@group-83CFD60236D8: changes role from  FOLLOWER to CANDIDATE at term 141 for changeToCandidate
2019-10-16 22:14:59,917 [Thread-1821] INFO  impl.RoleInfo (RoleInfo.java:updateAndGet(143)) - 3989452c-7599-4156-9543-3fe544ced0f3: start LeaderElection
2019-10-16 22:14:59,930 [3989452c-7599-4156-9543-3fe544ced0f3@group-83CFD60236D8-LeaderElection139] INFO  impl.LeaderElection (LeaderElection.java:askForVotes(178)) - 3989452c-7599-4156-9543-3fe544ced0f3@group-83CFD60236D8-LeaderElection139: begin an election at term 142 for -1: [3989452c-7599-4156-9543-3fe544ced0f3:192.168.157.254:36320, eec99a0c-e1b1-4518-bc49-9d1a8c8e04d5:192.168.157.254:45598, d9e6ea44-93db-446f-8020-a94232284285:192.168.157.254:41671], old=null
2019-10-16 22:14:59,932 [grpc-default-executor-23] INFO  impl.RaftServerImpl (RaftServerImpl.java:setRole(184)) - eec99a0c-e1b1-4518-bc49-9d1a8c8e04d5@group-83CFD60236D8: changes role from  FOLLOWER to FOLLOWER at term 142 for recognizeCandidate:3989452c-7599-4156-9543-3fe544ced0f3
2019-10-16 22:14:59,932 [grpc-default-executor-23] INFO  impl.RoleInfo (RoleInfo.java:shutdownFollowerState(121)) - eec99a0c-e1b1-4518-bc49-9d1a8c8e04d5: shutdown FollowerState
2019-10-16 22:14:59,932 [grpc-default-executor-23] INFO  impl.RoleInfo (RoleInfo.java:updateAndGet(143)) - eec99a0c-e1b1-4518-bc49-9d1a8c8e04d5: start FollowerState
2019-10-16 22:14:59,932 [Thread-1819] INFO  impl.FollowerState (FollowerState.java:run(117)) - eec99a0c-e1b1-4518-bc49-9d1a8c8e04d5@group-83CFD60236D8-FollowerState was interrupted: java.lang.InterruptedException: sleep interrupted
2019-10-16 22:14:59,932 [grpc-default-executor-18] INFO  impl.RaftServerImpl (RaftServerImpl.java:setRole(184)) - d9e6ea44-93db-446f-8020-a94232284285@group-83CFD60236D8: changes role from  FOLLOWER to FOLLOWER at term 142 for recognizeCandidate:3989452c-7599-4156-9543-3fe544ced0f3
2019-10-16 22:14:59,932 [grpc-default-executor-18] INFO  impl.RoleInfo (RoleInfo.java:shutdownFollowerState(121)) - d9e6ea44-93db-446f-8020-a94232284285: shutdown FollowerState
2019-10-16 22:14:59,933 [grpc-default-executor-18] INFO  impl.RoleInfo (RoleInfo.java:updateAndGet(143)) - d9e6ea44-93db-446f-8020-a94232284285: start FollowerState
2019-10-16 22:14:59,933 [Thread-1820] INFO  impl.FollowerState (FollowerState.java:run(117)) - d9e6ea44-93db-446f-8020-a94232284285@group-83CFD60236D8-FollowerState was interrupted: java.lang.InterruptedException: sleep interrupted
2019-10-16 22:14:59,958 [3989452c-7599-4156-9543-3fe544ced0f3@group-83CFD60236D8-LeaderElection139] INFO  impl.LeaderElection (LeaderElection.java:logAndReturn(56)) - 3989452c-7599-4156-9543-3fe544ced0f3@group-83CFD60236D8-LeaderElection139: Election REJECTED; received 2 response(s) [3989452c-7599-4156-9543-3fe544ced0f3<-eec99a0c-e1b1-4518-bc49-9d1a8c8e04d5#0:FAIL-t142, 3989452c-7599-4156-9543-3fe544ced0f3<-d9e6ea44-93db-446f-8020-a94232284285#0:FAIL-t142] and 0 exception(s); 3989452c-7599-4156-9543-3fe544ced0f3@group-83CFD60236D8:t142, leader=null, voted=3989452c-7599-4156-9543-3fe544ced0f3, raftlog=3989452c-7599-4156-9543-3fe544ced0f3@group-83CFD60236D8-SegmentedRaftLog:OPENED:c-1,f-1,i0, conf=-1: [3989452c-7599-4156-9543-3fe544ced0f3:192.168.157.254:36320, eec99a0c-e1b1-4518-bc49-9d1a8c8e04d5:192.168.157.254:45598, d9e6ea44-93db-446f-8020-a94232284285:192.168.157.254:41671], old=null
2019-10-16 22:14:59,958 [3989452c-7599-4156-9543-3fe544ced0f3@group-83CFD60236D8-LeaderElection139] INFO  impl.RaftServerImpl (RaftServerImpl.java:setRole(184)) - 3989452c-7599-4156-9543-3fe544ced0f3@group-83CFD60236D8: changes role from CANDIDATE to FOLLOWER at term 142 for DISCOVERED_A_NEW_TERM
2019-10-16 22:14:59,958 [3989452c-7599-4156-9543-3fe544ced0f3@group-83CFD60236D8-LeaderElection139] INFO  impl.RoleInfo (RoleInfo.java:shutdownLeaderElection(134)) - 3989452c-7599-4156-9543-3fe544ced0f3: shutdown LeaderElection
2019-10-16 22:14:59,958 [3989452c-7599-4156-9543-3fe544ced0f3@group-83CFD60236D8-LeaderElection139] INFO  impl.RoleInfo (RoleInfo.java:updateAndGet(143)) - 3989452c-7599-4156-9543-3fe544ced0f3: start FollowerState
 0.00% |?                                                                                                    |  0/1 Time: 0:06:162019-10-16 22:15:00,127 [Thread-1827] INFO  impl.FollowerState (FollowerState.java:run(108)) - 3989452c-7599-4156-9543-3fe544ced0f3@group-83CFD60236D8-FollowerState: change to CANDIDATE, lastRpcTime:169ms, electionTimeout:169ms
2019-10-16 22:15:00,128 [Thread-1827] INFO  impl.RoleInfo (RoleInfo.java:shutdownFollowerState(121)) - 3989452c-7599-4156-9543-3fe544ced0f3: shutdown FollowerState
2019-10-16 22:15:00,128 [Thread-1827] INFO  impl.RaftServerImpl (RaftServerImpl.java:setRole(184)) - 3989452c-7599-4156-9543-3fe544ced0f3@group-83CFD60236D8: changes role from  FOLLOWER to CANDIDATE at term 142 for changeToCandidate
2019-10-16 22:15:00,128 [Thread-1827] INFO  impl.RoleInfo (RoleInfo.java:updateAndGet(143)) - 3989452c-7599-4156-9543-3fe544ced0f3: start LeaderElection
2019-10-16 22:15:00,144 [3989452c-7599-4156-9543-3fe544ced0f3@group-83CFD60236D8-LeaderElection140] INFO  impl.LeaderElection (LeaderElection.java:askForVotes(178)) - 3989452c-7599-4156-9543-3fe544ced0f3@group-83CFD60236D8-LeaderElection140: begin an election at term 143 for -1: [3989452c-7599-4156-9543-3fe544ced0f3:192.168.157.254:36320, eec99a0c-e1b1-4518-bc49-9d1a8c8e04d5:192.168.157.254:45598, d9e6ea44-93db-446f-8020-a94232284285:192.168.157.254:41671], old=null
2019-10-16 22:15:00,146 [grpc-default-executor-23] INFO  impl.RaftServerImpl (RaftServerImpl.java:setRole(184)) - eec99a0c-e1b1-4518-bc49-9d1a8c8e04d5@group-83CFD60236D8: changes role from  FOLLOWER to FOLLOWER at term 143 for recognizeCandidate:3989452c-7599-4156-9543-3fe544ced0f3
2019-10-16 22:15:00,146 [grpc-default-executor-23] INFO  impl.RoleInfo (RoleInfo.java:shutdownFollowerState(121)) - eec99a0c-e1b1-4518-bc49-9d1a8c8e04d5: shutdown FollowerState
2019-10-16 22:15:00,146 [grpc-default-executor-23] INFO  impl.RoleInfo (RoleInfo.java:updateAndGet(143)) - eec99a0c-e1b1-4518-bc49-9d1a8c8e04d5: start FollowerState
2019-10-16 22:15:00,146 [grpc-default-executor-18] INFO  impl.RaftServerImpl (RaftServerImpl.java:setRole(184)) - d9e6ea44-93db-446f-8020-a94232284285@group-83CFD60236D8: changes role from  FOLLOWER to FOLLOWER at term 143 for recognizeCandidate:3989452c-7599-4156-9543-3fe544ced0f3
2019-10-16 22:15:00,146 [Thread-1825] INFO  impl.FollowerState (FollowerState.java:run(117)) - eec99a0c-e1b1-4518-bc49-9d1a8c8e04d5@group-83CFD60236D8-FollowerState was interrupted: java.lang.InterruptedException: sleep interrupted
2019-10-16 22:15:00,146 [grpc-default-executor-18] INFO  impl.RoleInfo (RoleInfo.java:shutdownFollowerState(121)) - d9e6ea44-93db-446f-8020-a94232284285: shutdown FollowerState
2019-10-16 22:15:00,147 [grpc-default-executor-18] INFO  impl.RoleInfo (RoleInfo.java:updateAndGet(143)) - d9e6ea44-93db-446f-8020-a94232284285: start FollowerState
2019-10-16 22:15:00,147 [Thread-1826] INFO  impl.FollowerState (FollowerState.java:run(117)) - d9e6ea44-93db-446f-8020-a94232284285@group-83CFD60236D8-FollowerState was interrupted: java.lang.InterruptedException: sleep interrupted
2019-10-16 22:15:00,162 [3989452c-7599-4156-9543-3fe544ced0f3@group-83CFD60236D8-LeaderElection140] INFO  impl.LeaderElection (LeaderElection.java:logAndReturn(56)) - 3989452c-7599-4156-9543-3fe544ced0f3@group-83CFD60236D8-LeaderElection140: Election REJECTED; received 2 response(s) [3989452c-7599-4156-9543-3fe544ced0f3<-eec99a0c-e1b1-4518-bc49-9d1a8c8e04d5#0:FAIL-t143, 3989452c-7599-4156-9543-3fe544ced0f3<-d9e6ea44-93db-446f-8020-a94232284285#0:FAIL-t143] and 0 exception(s); 3989452c-7599-4156-9543-3fe544ced0f3@group-83CFD60236D8:t143, leader=null, voted=3989452c-7599-4156-9543-3fe544ced0f3, raftlog=3989452c-7599-4156-9543-3fe544ced0f3@group-83CFD60236D8-SegmentedRaftLog:OPENED:c-1,f-1,i0, conf=-1: [3989452c-7599-4156-9543-3fe544ced0f3:192.168.157.254:36320, eec99a0c-e1b1-4518-bc49-9d1a8c8e04d5:192.168.157.254:45598, d9e6ea44-93db-446f-8020-a94232284285:192.168.157.254:41671], old=null
2019-10-16 22:15:00,162 [3989452c-7599-4156-9543-3fe544ced0f3@group-83CFD60236D8-LeaderElection140] INFO  impl.RaftServerImpl (RaftServerImpl.java:setRole(184)) - 3989452c-7599-4156-9543-3fe544ced0f3@group-83CFD60236D8: changes role from CANDIDATE to FOLLOWER at term 143 for DISCOVERED_A_NEW_TERM
2019-10-16 22:15:00,162 [3989452c-7599-4156-9543-3fe544ced0f3@group-83CFD60236D8-LeaderElection140] INFO  impl.RoleInfo (RoleInfo.java:shutdownLeaderElection(134)) - 3989452c-7599-4156-9543-3fe544ced0f3: shutdown LeaderElection
2019-10-16 22:15:00,162 [3989452c-7599-4156-9543-3fe544ced0f3@group-83CFD60236D8-LeaderElection140] INFO  impl.RoleInfo (RoleInfo.java:updateAndGet(143)) - 3989452c-7599-4156-9543-3fe544ced0f3: start FollowerState
2019-10-16 22:15:00,233 [Thread-1833] INFO  impl.FollowerState (FollowerState.java:run(108)) - 3989452c-7599-4156-9543-3fe544ced0f3@group-83CFD60236D8-FollowerState: change to CANDIDATE, lastRpcTime:70ms, electionTimeout:70ms
2019-10-16 22:15:00,233 [Thread-1833] INFO  impl.RoleInfo (RoleInfo.java:shutdownFollowerState(121)) - 3989452c-7599-4156-9543-3fe544ced0f3: shutdown FollowerState
2019-10-16 22:15:00,233 [Thread-1833] INFO  impl.RaftServerImpl (RaftServerImpl.java:setRole(184)) - 3989452c-7599-4156-9543-3fe544ced0f3@group-83CFD60236D8: changes role from  FOLLOWER to CANDIDATE at term 143 for changeToCandidate
2019-10-16 22:15:00,233 [Thread-1833] INFO  impl.RoleInfo (RoleInfo.java:updateAndGet(143)) - 3989452c-7599-4156-9543-3fe544ced0f3: start LeaderElection
2019-10-16 22:15:00,247 [3989452c-7599-4156-9543-3fe544ced0f3@group-83CFD60236D8-LeaderElection141] INFO  impl.LeaderElection (LeaderElection.java:askForVotes(178)) - 3989452c-7599-4156-9543-3fe544ced0f3@group-83CFD60236D8-LeaderElection141: begin an election at term 144 for -1: [3989452c-7599-4156-9543-3fe544ced0f3:192.168.157.254:36320, eec99a0c-e1b1-4518-bc49-9d1a8c8e04d5:192.168.157.254:45598, d9e6ea44-93db-446f-8020-a94232284285:192.168.157.254:41671], old=null
2019-10-16 22:15:00,249 [grpc-default-executor-18] INFO  impl.RaftServerImpl (RaftServerImpl.java:setRole(184)) - eec99a0c-e1b1-4518-bc49-9d1a8c8e04d5@group-83CFD60236D8: changes role from  FOLLOWER to FOLLOWER at term 144 for recognizeCandidate:3989452c-7599-4156-9543-3fe544ced0f3
2019-10-16 22:15:00,249 [grpc-default-executor-18] INFO  impl.RoleInfo (RoleInfo.java:shutdownFollowerState(121)) - eec99a0c-e1b1-4518-bc49-9d1a8c8e04d5: shutdown FollowerState
2019-10-16 22:15:00,249 [grpc-default-executor-18] INFO  impl.RoleInfo (RoleInfo.java:updateAndGet(143)) - eec99a0c-e1b1-4518-bc49-9d1a8c8e04d5: start FollowerState
2019-10-16 22:15:00,250 [grpc-default-executor-23] INFO  impl.RaftServerImpl (RaftServerImpl.java:setRole(184)) - d9e6ea44-93db-446f-8020-a94232284285@group-83CFD60236D8: changes role from  FOLLOWER to FOLLOWER at term 144 for recognizeCandidate:3989452c-7599-4156-9543-3fe544ced0f3
2019-10-16 22:15:00,250 [grpc-default-executor-23] INFO  impl.RoleInfo (RoleInfo.java:shutdownFollowerState(121)) - d9e6ea44-93db-446f-8020-a94232284285: shutdown FollowerState
2019-10-16 22:15:00,249 [Thread-1831] INFO  impl.FollowerState (FollowerState.java:run(117)) - eec99a0c-e1b1-4518-bc49-9d1a8c8e04d5@group-83CFD60236D8-FollowerState was interrupted: java.lang.InterruptedException: sleep interrupted
2019-10-16 22:15:00,250 [Thread-1832] INFO  impl.FollowerState (FollowerState.java:run(117)) - d9e6ea44-93db-446f-8020-a94232284285@group-83CFD60236D8-FollowerState was interrupted: java.lang.InterruptedException: sleep interrupted
2019-10-16 22:15:00,250 [grpc-default-executor-23] INFO  impl.RoleInfo (RoleInfo.java:updateAndGet(143)) - d9e6ea44-93db-446f-8020-a94232284285: start FollowerState
2019-10-16 22:15:00,264 [3989452c-7599-4156-9543-3fe544ced0f3@group-83CFD60236D8-LeaderElection141] INFO  impl.LeaderElection (LeaderElection.java:logAndReturn(56)) - 3989452c-7599-4156-9543-3fe544ced0f3@group-83CFD60236D8-LeaderElection141: Election REJECTED; received 2 response(s) [3989452c-7599-4156-9543-3fe544ced0f3<-eec99a0c-e1b1-4518-bc49-9d1a8c8e04d5#0:FAIL-t144, 3989452c-7599-4156-9543-3fe544ced0f3<-d9e6ea44-93db-446f-8020-a94232284285#0:FAIL-t144] and 0 exception(s); 3989452c-7599-4156-9543-3fe544ced0f3@group-83CFD60236D8:t144, leader=null, voted=3989452c-7599-4156-9543-3fe544ced0f3, raftlog=3989452c-7599-4156-9543-3fe544ced0f3@group-83CFD60236D8-SegmentedRaftLog:OPENED:c-1,f-1,i0, conf=-1: [3989452c-7599-4156-9543-3fe544ced0f3:192.168.157.254:36320, eec99a0c-e1b1-4518-bc49-9d1a8c8e04d5:192.168.157.254:45598, d9e6ea44-93db-446f-8020-a94232284285:192.168.157.254:41671], old=null
2019-10-16 22:15:00,264 [3989452c-7599-4156-9543-3fe544ced0f3@group-83CFD60236D8-LeaderElection141] INFO  impl.RaftServerImpl (RaftServerImpl.java:setRole(184)) - 3989452c-7599-4156-9543-3fe544ced0f3@group-83CFD60236D8: changes role from CANDIDATE to FOLLOWER at term 144 for DISCOVERED_A_NEW_TERM
2019-10-16 22:15:00,264 [3989452c-7599-4156-9543-3fe544ced0f3@group-83CFD60236D8-LeaderElection141] INFO  impl.RoleInfo (RoleInfo.java:shutdownLeaderElection(134)) - 3989452c-7599-4156-9543-3fe544ced0f3: shutdown LeaderElection
2019-10-16 22:15:00,264 [3989452c-7599-4156-9543-3fe544ced0f3@group-83CFD60236D8-LeaderElection141] INFO  impl.RoleInfo (RoleInfo.java:updateAndGet(143)) - 3989452c-7599-4156-9543-3fe544ced0f3: start FollowerState
2019-10-16 22:15:00,400 [Thread-1839] INFO  impl.FollowerState (FollowerState.java:run(108)) - 3989452c-7599-4156-9543-3fe544ced0f3@group-83CFD60236D8-FollowerState: change to CANDIDATE, lastRpcTime:135ms, electionTimeout:135ms
2019-10-16 22:15:00,400 [Thread-1839] INFO  impl.RoleInfo (RoleInfo.java:shutdownFollowerState(121)) - 3989452c-7599-4156-9543-3fe544ced0f3: shutdown FollowerState
2019-10-16 22:15:00,400 [Thread-1839] INFO  impl.RaftServerImpl (RaftServerImpl.java:setRole(184)) - 3989452c-7599-4156-9543-3fe544ced0f3@group-83CFD60236D8: changes role from  FOLLOWER to CANDIDATE at term 144 for changeToCandidate
2019-10-16 22:15:00,400 [Thread-1839] INFO  impl.RoleInfo (RoleInfo.java:updateAndGet(143)) - 3989452c-7599-4156-9543-3fe544ced0f3: start LeaderElection
2019-10-16 22:15:00,414 [3989452c-7599-4156-9543-3fe544ced0f3@group-83CFD60236D8-LeaderElection142] INFO  impl.LeaderElection (LeaderElection.java:askForVotes(178)) - 3989452c-7599-4156-9543-3fe544ced0f3@group-83CFD60236D8-LeaderElection142: begin an election at term 145 for -1: [3989452c-7599-4156-9543-3fe544ced0f3:192.168.157.254:36320, eec99a0c-e1b1-4518-bc49-9d1a8c8e04d5:192.168.157.254:45598, d9e6ea44-93db-446f-8020-a94232284285:192.168.157.254:41671], old=null
2019-10-16 22:15:00,415 [grpc-default-executor-23] INFO  impl.RaftServerImpl (RaftServerImpl.java:setRole(184)) - eec99a0c-e1b1-4518-bc49-9d1a8c8e04d5@group-83CFD60236D8: changes role from  FOLLOWER to FOLLOWER at term 145 for recognizeCandidate:3989452c-7599-4156-9543-3fe544ced0f3
2019-10-16 22:15:00,415 [grpc-default-executor-23] INFO  impl.RoleInfo (RoleInfo.java:shutdownFollowerState(121)) - eec99a0c-e1b1-4518-bc49-9d1a8c8e04d5: shutdown FollowerState
2019-10-16 22:15:00,416 [grpc-default-executor-23] INFO  impl.RoleInfo (RoleInfo.java:updateAndGet(143)) - eec99a0c-e1b1-4518-bc49-9d1a8c8e04d5: start FollowerState
2019-10-16 22:15:00,416 [Thread-1837] INFO  impl.FollowerState (FollowerState.java:run(117)) - eec99a0c-e1b1-4518-bc49-9d1a8c8e04d5@group-83CFD60236D8-FollowerState was interrupted: java.lang.InterruptedException: sleep interrupted
2019-10-16 22:15:00,416 [grpc-default-executor-18] INFO  impl.RaftServerImpl (RaftServerImpl.java:setRole(184)) - d9e6ea44-93db-446f-8020-a94232284285@group-83CFD60236D8: changes role from  FOLLOWER to FOLLOWER at term 145 for recognizeCandidate:3989452c-7599-4156-9543-3fe544ced0f3
2019-10-16 22:15:00,416 [grpc-default-executor-18] INFO  impl.RoleInfo (RoleInfo.java:shutdownFollowerState(121)) - d9e6ea44-93db-446f-8020-a94232284285: shutdown FollowerState
2019-10-16 22:15:00,416 [grpc-default-executor-18] INFO  impl.RoleInfo (RoleInfo.java:updateAndGet(143)) - d9e6ea44-93db-446f-8020-a94232284285: start FollowerState
2019-10-16 22:15:00,416 [Thread-1838] INFO  impl.FollowerState (FollowerState.java:run(117)) - d9e6ea44-93db-446f-8020-a94232284285@group-83CFD60236D8-FollowerState was interrupted: java.lang.InterruptedException: sleep interrupted
2019-10-16 22:15:00,441 [3989452c-7599-4156-9543-3fe544ced0f3@group-83CFD60236D8-LeaderElection142] INFO  impl.LeaderElection (LeaderElection.java:logAndReturn(56)) - 3989452c-7599-4156-9543-3fe544ced0f3@group-83CFD60236D8-LeaderElection142: Election REJECTED; received 2 response(s) [3989452c-7599-4156-9543-3fe544ced0f3<-eec99a0c-e1b1-4518-bc49-9d1a8c8e04d5#0:FAIL-t145, 3989452c-7599-4156-9543-3fe544ced0f3<-d9e6ea44-93db-446f-8020-a94232284285#0:FAIL-t145] and 0 exception(s); 3989452c-7599-4156-9543-3fe544ced0f3@group-83CFD60236D8:t145, leader=null, voted=3989452c-7599-4156-9543-3fe544ced0f3, raftlog=3989452c-7599-4156-9543-3fe544ced0f3@group-83CFD60236D8-SegmentedRaftLog:OPENED:c-1,f-1,i0, conf=-1: [3989452c-7599-4156-9543-3fe544ced0f3:192.168.157.254:36320, eec99a0c-e1b1-4518-bc49-9d1a8c8e04d5:192.168.157.254:45598, d9e6ea44-93db-446f-8020-a94232284285:192.168.157.254:41671], old=null
2019-10-16 22:15:00,441 [3989452c-7599-4156-9543-3fe544ced0f3@group-83CFD60236D8-LeaderElection142] INFO  impl.RaftServerImpl (RaftServerImpl.java:setRole(184)) - 3989452c-7599-4156-9543-3fe544ced0f3@group-83CFD60236D8: changes role from CANDIDATE to FOLLOWER at term 145 for DISCOVERED_A_NEW_TERM
2019-10-16 22:15:00,441 [3989452c-7599-4156-9543-3fe544ced0f3@group-83CFD60236D8-LeaderElection142] INFO  impl.RoleInfo (RoleInfo.java:shutdownLeaderElection(134)) - 3989452c-7599-4156-9543-3fe544ced0f3: shutdown LeaderElection
2019-10-16 22:15:00,441 [3989452c-7599-4156-9543-3fe544ced0f3@group-83CFD60236D8-LeaderElection142] INFO  impl.RoleInfo (RoleInfo.java:updateAndGet(143)) - 3989452c-7599-4156-9543-3fe544ced0f3: start FollowerState
2019-10-16 22:15:00,577 [Thread-1845] INFO  impl.FollowerState (FollowerState.java:run(108)) - 3989452c-7599-4156-9543-3fe544ced0f3@group-83CFD60236D8-FollowerState: change to CANDIDATE, lastRpcTime:135ms, electionTimeout:135ms
2019-10-16 22:15:00,577 [Thread-1845] INFO  impl.RoleInfo (RoleInfo.java:shutdownFollowerState(121)) - 3989452c-7599-4156-9543-3fe544ced0f3: shutdown FollowerState
2019-10-16 22:15:00,577 [Thread-1845] INFO  impl.RaftServerImpl (RaftServerImpl.java:setRole(184)) - 3989452c-7599-4156-9543-3fe544ced0f3@group-83CFD60236D8: changes role from  FOLLOWER to CANDIDATE at term 145 for changeToCandidate
2019-10-16 22:15:00,577 [Thread-1845] INFO  impl.RoleInfo (RoleInfo.java:updateAndGet(143)) - 3989452c-7599-4156-9543-3fe544ced0f3: start LeaderElection
2019-10-16 22:15:00,590 [3989452c-7599-4156-9543-3fe544ced0f3@group-83CFD60236D8-LeaderElection143] INFO  impl.LeaderElection (LeaderElection.java:askForVotes(178)) - 3989452c-7599-4156-9543-3fe544ced0f3@group-83CFD60236D8-LeaderElection143: begin an election at term 146 for -1: [3989452c-7599-4156-9543-3fe544ced0f3:192.168.157.254:36320, eec99a0c-e1b1-4518-bc49-9d1a8c8e04d5:192.168.157.254:45598, d9e6ea44-93db-446f-8020-a94232284285:192.168.157.254:41671], old=null
2019-10-16 22:15:00,592 [grpc-default-executor-18] INFO  impl.RaftServerImpl (RaftServerImpl.java:setRole(184)) - eec99a0c-e1b1-4518-bc49-9d1a8c8e04d5@group-83CFD60236D8: changes role from  FOLLOWER to FOLLOWER at term 146 for recognizeCandidate:3989452c-7599-4156-9543-3fe544ced0f3
2019-10-16 22:15:00,592 [grpc-default-executor-18] INFO  impl.RoleInfo (RoleInfo.java:shutdownFollowerState(121)) - eec99a0c-e1b1-4518-bc49-9d1a8c8e04d5: shutdown FollowerState
2019-10-16 22:15:00,592 [grpc-default-executor-23] INFO  impl.RaftServerImpl (RaftServerImpl.java:setRole(184)) - d9e6ea44-93db-446f-8020-a94232284285@group-83CFD60236D8: changes role from  FOLLOWER to FOLLOWER at term 146 for recognizeCandidate:3989452c-7599-4156-9543-3fe544ced0f3
2019-10-16 22:15:00,592 [Thread-1843] INFO  impl.FollowerState (FollowerState.java:run(117)) - eec99a0c-e1b1-4518-bc49-9d1a8c8e04d5@group-83CFD60236D8-FollowerState was interrupted: java.lang.InterruptedException: sleep interrupted
2019-10-16 22:15:00,592 [grpc-default-executor-18] INFO  impl.RoleInfo (RoleInfo.java:updateAndGet(143)) - eec99a0c-e1b1-4518-bc49-9d1a8c8e04d5: start FollowerState
2019-10-16 22:15:00,592 [grpc-default-executor-23] INFO  impl.RoleInfo (RoleInfo.java:shutdownFollowerState(121)) - d9e6ea44-93db-446f-8020-a94232284285: shutdown FollowerState
2019-10-16 22:15:00,593 [grpc-default-executor-23] INFO  impl.RoleInfo (RoleInfo.java:updateAndGet(143)) - d9e6ea44-93db-446f-8020-a94232284285: start FollowerState
2019-10-16 22:15:00,593 [Thread-1844] INFO  impl.FollowerState (FollowerState.java:run(117)) - d9e6ea44-93db-446f-8020-a94232284285@group-83CFD60236D8-FollowerState was interrupted: java.lang.InterruptedException: sleep interrupted
2019-10-16 22:15:00,597 [3989452c-7599-4156-9543-3fe544ced0f3@group-83CFD60236D8-LeaderElection143] INFO  impl.LeaderElection (LeaderElection.java:logAndReturn(56)) - 3989452c-7599-4156-9543-3fe544ced0f3@group-83CFD60236D8-LeaderElection143: Election TIMEOUT; received 0 response(s) [] and 0 exception(s); 3989452c-7599-4156-9543-3fe544ced0f3@group-83CFD60236D8:t146, leader=null, voted=3989452c-7599-4156-9543-3fe544ced0f3, raftlog=3989452c-7599-4156-9543-3fe544ced0f3@group-83CFD60236D8-SegmentedRaftLog:OPENED:c-1,f-1,i0, conf=-1: [3989452c-7599-4156-9543-3fe544ced0f3:192.168.157.254:36320, eec99a0c-e1b1-4518-bc49-9d1a8c8e04d5:192.168.157.254:45598, d9e6ea44-93db-446f-8020-a94232284285:192.168.157.254:41671], old=null
2019-10-16 22:15:00,618 [3989452c-7599-4156-9543-3fe544ced0f3@group-83CFD60236D8-LeaderElection143] INFO  impl.LeaderElection (LeaderElection.java:askForVotes(178)) - 3989452c-7599-4156-9543-3fe544ced0f3@group-83CFD60236D8-LeaderElection143: begin an election at term 147 for -1: [3989452c-7599-4156-9543-3fe544ced0f3:192.168.157.254:36320, eec99a0c-e1b1-4518-bc49-9d1a8c8e04d5:192.168.157.254:45598, d9e6ea44-93db-446f-8020-a94232284285:192.168.157.254:41671], old=null
2019-10-16 22:15:00,620 [grpc-default-executor-18] INFO  impl.RaftServerImpl (RaftServerImpl.java:setRole(184)) - d9e6ea44-93db-446f-8020-a94232284285@group-83CFD60236D8: changes role from  FOLLOWER to FOLLOWER at term 147 for recognizeCandidate:3989452c-7599-4156-9543-3fe544ced0f3
2019-10-16 22:15:00,620 [grpc-default-executor-18] INFO  impl.RoleInfo (RoleInfo.java:shutdownFollowerState(121)) - d9e6ea44-93db-446f-8020-a94232284285: shutdown FollowerState
2019-10-16 22:15:00,620 [grpc-default-executor-18] INFO  impl.RoleInfo (RoleInfo.java:updateAndGet(143)) - d9e6ea44-93db-446f-8020-a94232284285: start FollowerState
2019-10-16 22:15:00,620 [grpc-default-executor-23] INFO  impl.RaftServerImpl (RaftServerImpl.java:setRole(184)) - eec99a0c-e1b1-4518-bc49-9d1a8c8e04d5@group-83CFD60236D8: changes role from  FOLLOWER to FOLLOWER at term 147 for recognizeCandidate:3989452c-7599-4156-9543-3fe544ced0f3
2019-10-16 22:15:00,620 [grpc-default-executor-23] INFO  impl.RoleInfo (RoleInfo.java:shutdownFollowerState(121)) - eec99a0c-e1b1-4518-bc49-9d1a8c8e04d5: shutdown FollowerState
2019-10-16 22:15:00,620 [Thread-1850] INFO  impl.FollowerState (FollowerState.java:run(117)) - d9e6ea44-93db-446f-8020-a94232284285@group-83CFD60236D8-FollowerState was interrupted: java.lang.InterruptedException: sleep interrupted
2019-10-16 22:15:00,621 [Thread-1849] INFO  impl.FollowerState (FollowerState.java:run(117)) - eec99a0c-e1b1-4518-bc49-9d1a8c8e04d5@group-83CFD60236D8-FollowerState was interrupted: java.lang.InterruptedException: sleep interrupted
2019-10-16 22:15:00,621 [grpc-default-executor-23] INFO  impl.RoleInfo (RoleInfo.java:updateAndGet(143)) - eec99a0c-e1b1-4518-bc49-9d1a8c8e04d5: start FollowerState
2019-10-16 22:15:00,654 [3989452c-7599-4156-9543-3fe544ced0f3@group-83CFD60236D8-LeaderElection143] INFO  impl.LeaderElection (LeaderElection.java:logAndReturn(56)) - 3989452c-7599-4156-9543-3fe544ced0f3@group-83CFD60236D8-LeaderElection143: Election REJECTED; received 2 response(s) [3989452c-7599-4156-9543-3fe544ced0f3<-eec99a0c-e1b1-4518-bc49-9d1a8c8e04d5#0:FAIL-t147, 3989452c-7599-4156-9543-3fe544ced0f3<-d9e6ea44-93db-446f-8020-a94232284285#0:FAIL-t147] and 0 exception(s); 3989452c-7599-4156-9543-3fe544ced0f3@group-83CFD60236D8:t147, leader=null, voted=3989452c-7599-4156-9543-3fe544ced0f3, raftlog=3989452c-7599-4156-9543-3fe544ced0f3@group-83CFD60236D8-SegmentedRaftLog:OPENED:c-1,f-1,i0, conf=-1: [3989452c-7599-4156-9543-3fe544ced0f3:192.168.157.254:36320, eec99a0c-e1b1-4518-bc49-9d1a8c8e04d5:192.168.157.254:45598, d9e6ea44-93db-446f-8020-a94232284285:192.168.157.254:41671], old=null
2019-10-16 22:15:00,654 [3989452c-7599-4156-9543-3fe544ced0f3@group-83CFD60236D8-LeaderElection143] INFO  impl.RaftServerImpl (RaftServerImpl.java:setRole(184)) - 3989452c-7599-4156-9543-3fe544ced0f3@group-83CFD60236D8: changes role from CANDIDATE to FOLLOWER at term 147 for DISCOVERED_A_NEW_TERM
2019-10-16 22:15:00,654 [3989452c-7599-4156-9543-3fe544ced0f3@group-83CFD60236D8-LeaderElection143] INFO  impl.RoleInfo (RoleInfo.java:shutdownLeaderElection(134)) - 3989452c-7599-4156-9543-3fe544ced0f3: shutdown LeaderElection
2019-10-16 22:15:00,654 [3989452c-7599-4156-9543-3fe544ced0f3@group-83CFD60236D8-LeaderElection143] INFO  impl.RoleInfo (RoleInfo.java:updateAndGet(143)) - 3989452c-7599-4156-9543-3fe544ced0f3: start FollowerState
2019-10-16 22:15:00,853 [Thread-1855] INFO  impl.FollowerState (FollowerState.java:run(108)) - 3989452c-7599-4156-9543-3fe544ced0f3@group-83CFD60236D8-FollowerState: change to CANDIDATE, lastRpcTime:198ms, electionTimeout:198ms
2019-10-16 22:15:00,853 [Thread-1855] INFO  impl.RoleInfo (RoleInfo.java:shutdownFollowerState(121)) - 3989452c-7599-4156-9543-3fe544ced0f3: shutdown FollowerState
2019-10-16 22:15:00,853 [Thread-1855] INFO  impl.RaftServerImpl (RaftServerImpl.java:setRole(184)) - 3989452c-7599-4156-9543-3fe544ced0f3@group-83CFD60236D8: changes role from  FOLLOWER to CANDIDATE at term 147 for changeToCandidate
2019-10-16 22:15:00,853 [Thread-1855] INFO  impl.RoleInfo (RoleInfo.java:updateAndGet(143)) - 3989452c-7599-4156-9543-3fe544ced0f3: start LeaderElection
2019-10-16 22:15:00,878 [3989452c-7599-4156-9543-3fe544ced0f3@group-83CFD60236D8-LeaderElection144] INFO  impl.LeaderElection (LeaderElection.java:askForVotes(178)) - 3989452c-7599-4156-9543-3fe544ced0f3@group-83CFD60236D8-LeaderElection144: begin an election at term 148 for -1: [3989452c-7599-4156-9543-3fe544ced0f3:192.168.157.254:36320, eec99a0c-e1b1-4518-bc49-9d1a8c8e04d5:192.168.157.254:45598, d9e6ea44-93db-446f-8020-a94232284285:192.168.157.254:41671], old=null
2019-10-16 22:15:00,880 [grpc-default-executor-18] INFO  impl.RaftServerImpl (RaftServerImpl.java:setRole(184)) - eec99a0c-e1b1-4518-bc49-9d1a8c8e04d5@group-83CFD60236D8: changes role from  FOLLOWER to FOLLOWER at term 148 for recognizeCandidate:3989452c-7599-4156-9543-3fe544ced0f3
2019-10-16 22:15:00,880 [grpc-default-executor-18] INFO  impl.RoleInfo (RoleInfo.java:shutdownFollowerState(121)) - eec99a0c-e1b1-4518-bc49-9d1a8c8e04d5: shutdown FollowerState
2019-10-16 22:15:00,880 [grpc-default-executor-23] INFO  impl.RaftServerImpl (RaftServerImpl.java:setRole(184)) - d9e6ea44-93db-446f-8020-a94232284285@group-83CFD60236D8: changes role from  FOLLOWER to FOLLOWER at term 148 for recognizeCandidate:3989452c-7599-4156-9543-3fe544ced0f3
2019-10-16 22:15:00,880 [Thread-1854] INFO  impl.FollowerState (FollowerState.java:run(117)) - eec99a0c-e1b1-4518-bc49-9d1a8c8e04d5@group-83CFD60236D8-FollowerState was interrupted: java.lang.InterruptedException: sleep interrupted
2019-10-16 22:15:00,880 [grpc-default-executor-23] INFO  impl.RoleInfo (RoleInfo.java:shutdownFollowerState(121)) - d9e6ea44-93db-446f-8020-a94232284285: shutdown FollowerState
2019-10-16 22:15:00,880 [grpc-default-executor-18] INFO  impl.RoleInfo (RoleInfo.java:updateAndGet(143)) - eec99a0c-e1b1-4518-bc49-9d1a8c8e04d5: start FollowerState
2019-10-16 22:15:00,881 [Thread-1853] INFO  impl.FollowerState (FollowerState.java:run(117)) - d9e6ea44-93db-446f-8020-a94232284285@group-83CFD60236D8-FollowerState was interrupted: java.lang.InterruptedException: sleep interrupted
2019-10-16 22:15:00,881 [grpc-default-executor-23] INFO  impl.RoleInfo (RoleInfo.java:updateAndGet(143)) - d9e6ea44-93db-446f-8020-a94232284285: start FollowerState
2019-10-16 22:15:00,893 [3989452c-7599-4156-9543-3fe544ced0f3@group-83CFD60236D8-LeaderElection144] INFO  impl.LeaderElection (LeaderElection.java:logAndReturn(56)) - 3989452c-7599-4156-9543-3fe544ced0f3@group-83CFD60236D8-LeaderElection144: Election REJECTED; received 2 response(s) [3989452c-7599-4156-9543-3fe544ced0f3<-eec99a0c-e1b1-4518-bc49-9d1a8c8e04d5#0:FAIL-t148, 3989452c-7599-4156-9543-3fe544ced0f3<-d9e6ea44-93db-446f-8020-a94232284285#0:FAIL-t148] and 0 exception(s); 3989452c-7599-4156-9543-3fe544ced0f3@group-83CFD60236D8:t148, leader=null, voted=3989452c-7599-4156-9543-3fe544ced0f3, raftlog=3989452c-7599-4156-9543-3fe544ced0f3@group-83CFD60236D8-SegmentedRaftLog:OPENED:c-1,f-1,i0, conf=-1: [3989452c-7599-4156-9543-3fe544ced0f3:192.168.157.254:36320, eec99a0c-e1b1-4518-bc49-9d1a8c8e04d5:192.168.157.254:45598, d9e6ea44-93db-446f-8020-a94232284285:192.168.157.254:41671], old=null
2019-10-16 22:15:00,893 [3989452c-7599-4156-9543-3fe544ced0f3@group-83CFD60236D8-LeaderElection144] INFO  impl.RaftServerImpl (RaftServerImpl.java:setRole(184)) - 3989452c-7599-4156-9543-3fe544ced0f3@group-83CFD60236D8: changes role from CANDIDATE to FOLLOWER at term 148 for DISCOVERED_A_NEW_TERM
2019-10-16 22:15:00,893 [3989452c-7599-4156-9543-3fe544ced0f3@group-83CFD60236D8-LeaderElection144] INFO  impl.RoleInfo (RoleInfo.java:shutdownLeaderElection(134)) - 3989452c-7599-4156-9543-3fe544ced0f3: shutdown LeaderElection
2019-10-16 22:15:00,894 [3989452c-7599-4156-9543-3fe544ced0f3@group-83CFD60236D8-LeaderElection144] INFO  impl.RoleInfo (RoleInfo.java:updateAndGet(143)) - 3989452c-7599-4156-9543-3fe544ced0f3: start FollowerState
2019-10-16 22:15:00,937 [Thread-1861] INFO  impl.FollowerState (FollowerState.java:run(108)) - 3989452c-7599-4156-9543-3fe544ced0f3@group-83CFD60236D8-FollowerState: change to CANDIDATE, lastRpcTime:43ms, electionTimeout:43ms
2019-10-16 22:15:00,937 [Thread-1861] INFO  impl.RoleInfo (RoleInfo.java:shutdownFollowerState(121)) - 3989452c-7599-4156-9543-3fe544ced0f3: shutdown FollowerState
2019-10-16 22:15:00,937 [Thread-1861] INFO  impl.RaftServerImpl (RaftServerImpl.java:setRole(184)) - 3989452c-7599-4156-9543-3fe544ced0f3@group-83CFD60236D8: changes role from  FOLLOWER to CANDIDATE at term 148 for changeToCandidate
2019-10-16 22:15:00,937 [Thread-1861] INFO  impl.RoleInfo (RoleInfo.java:updateAndGet(143)) - 3989452c-7599-4156-9543-3fe544ced0f3: start LeaderElection
2019-10-16 22:15:00,952 [3989452c-7599-4156-9543-3fe544ced0f3@group-83CFD60236D8-LeaderElection145] INFO  impl.LeaderElection (LeaderElection.java:askForVotes(178)) - 3989452c-7599-4156-9543-3fe544ced0f3@group-83CFD60236D8-LeaderElection145: begin an election at term 149 for -1: [3989452c-7599-4156-9543-3fe544ced0f3:192.168.157.254:36320, eec99a0c-e1b1-4518-bc49-9d1a8c8e04d5:192.168.157.254:45598, d9e6ea44-93db-446f-8020-a94232284285:192.168.157.254:41671], old=null
2019-10-16 22:15:00,953 [grpc-default-executor-18] INFO  impl.RaftServerImpl (RaftServerImpl.java:setRole(184)) - eec99a0c-e1b1-4518-bc49-9d1a8c8e04d5@group-83CFD60236D8: changes role from  FOLLOWER to FOLLOWER at term 149 for recognizeCandidate:3989452c-7599-4156-9543-3fe544ced0f3
2019-10-16 22:15:00,953 [grpc-default-executor-18] INFO  impl.RoleInfo (RoleInfo.java:shutdownFollowerState(121)) - eec99a0c-e1b1-4518-bc49-9d1a8c8e04d5: shutdown FollowerState
2019-10-16 22:15:00,953 [grpc-default-executor-23] INFO  impl.RaftServerImpl (RaftServerImpl.java:setRole(184)) - d9e6ea44-93db-446f-8020-a94232284285@group-83CFD60236D8: changes role from  FOLLOWER to FOLLOWER at term 149 for recognizeCandidate:3989452c-7599-4156-9543-3fe544ced0f3
2019-10-16 22:15:00,954 [Thread-1859] INFO  impl.FollowerState (FollowerState.java:run(117)) - eec99a0c-e1b1-4518-bc49-9d1a8c8e04d5@group-83CFD60236D8-FollowerState was interrupted: java.lang.InterruptedException: sleep interrupted
2019-10-16 22:15:00,954 [grpc-default-executor-18] INFO  impl.RoleInfo (RoleInfo.java:updateAndGet(143)) - eec99a0c-e1b1-4518-bc49-9d1a8c8e04d5: start FollowerState
2019-10-16 22:15:00,954 [grpc-default-executor-23] INFO  impl.RoleInfo (RoleInfo.java:shutdownFollowerState(121)) - d9e6ea44-93db-446f-8020-a94232284285: shutdown FollowerState
2019-10-16 22:15:00,954 [grpc-default-executor-23] INFO  impl.RoleInfo (RoleInfo.java:updateAndGet(143)) - d9e6ea44-93db-446f-8020-a94232284285: start FollowerState
2019-10-16 22:15:00,954 [Thread-1860] INFO  impl.FollowerState (FollowerState.java:run(117)) - d9e6ea44-93db-446f-8020-a94232284285@group-83CFD60236D8-FollowerState was interrupted: java.lang.InterruptedException: sleep interrupted
2019-10-16 22:15:00,979 [3989452c-7599-4156-9543-3fe544ced0f3@group-83CFD60236D8-LeaderElection145] INFO  impl.LeaderElection (LeaderElection.java:logAndReturn(56)) - 3989452c-7599-4156-9543-3fe544ced0f3@group-83CFD60236D8-LeaderElection145: Election REJECTED; received 2 response(s) [3989452c-7599-4156-9543-3fe544ced0f3<-eec99a0c-e1b1-4518-bc49-9d1a8c8e04d5#0:FAIL-t149, 3989452c-7599-4156-9543-3fe544ced0f3<-d9e6ea44-93db-446f-8020-a94232284285#0:FAIL-t149] and 0 exception(s); 3989452c-7599-4156-9543-3fe544ced0f3@group-83CFD60236D8:t149, leader=null, voted=3989452c-7599-4156-9543-3fe544ced0f3, raftlog=3989452c-7599-4156-9543-3fe544ced0f3@group-83CFD60236D8-SegmentedRaftLog:OPENED:c-1,f-1,i0, conf=-1: [3989452c-7599-4156-9543-3fe544ced0f3:192.168.157.254:36320, eec99a0c-e1b1-4518-bc49-9d1a8c8e04d5:192.168.157.254:45598, d9e6ea44-93db-446f-8020-a94232284285:192.168.157.254:41671], old=null
2019-10-16 22:15:00,979 [3989452c-7599-4156-9543-3fe544ced0f3@group-83CFD60236D8-LeaderElection145] INFO  impl.RaftServerImpl (RaftServerImpl.java:setRole(184)) - 3989452c-7599-4156-9543-3fe544ced0f3@group-83CFD60236D8: changes role from CANDIDATE to FOLLOWER at term 149 for DISCOVERED_A_NEW_TERM
2019-10-16 22:15:00,980 [3989452c-7599-4156-9543-3fe544ced0f3@group-83CFD60236D8-LeaderElection145] INFO  impl.RoleInfo (RoleInfo.java:shutdownLeaderElection(134)) - 3989452c-7599-4156-9543-3fe544ced0f3: shutdown LeaderElection
2019-10-16 22:15:00,980 [3989452c-7599-4156-9543-3fe544ced0f3@group-83CFD60236D8-LeaderElection145] INFO  impl.RoleInfo (RoleInfo.java:updateAndGet(143)) - 3989452c-7599-4156-9543-3fe544ced0f3: start FollowerState
2019-10-16 22:15:00,990 [Thread-1867] INFO  impl.FollowerState (FollowerState.java:run(108)) - 3989452c-7599-4156-9543-3fe544ced0f3@group-83CFD60236D8-FollowerState: change to CANDIDATE, lastRpcTime:10ms, electionTimeout:10ms
2019-10-16 22:15:00,990 [Thread-1867] INFO  impl.RoleInfo (RoleInfo.java:shutdownFollowerState(121)) - 3989452c-7599-4156-9543-3fe544ced0f3: shutdown FollowerState
2019-10-16 22:15:00,990 [Thread-1867] INFO  impl.RaftServerImpl (RaftServerImpl.java:setRole(184)) - 3989452c-7599-4156-9543-3fe544ced0f3@group-83CFD60236D8: changes role from  FOLLOWER to CANDIDATE at term 149 for changeToCandidate
2019-10-16 22:15:00,991 [Thread-1867] INFO  impl.RoleInfo (RoleInfo.java:updateAndGet(143)) - 3989452c-7599-4156-9543-3fe544ced0f3: start LeaderElection
2019-10-16 22:15:01,004 [3989452c-7599-4156-9543-3fe544ced0f3@group-83CFD60236D8-LeaderElection146] INFO  impl.LeaderElection (LeaderElection.java:askForVotes(178)) - 3989452c-7599-4156-9543-3fe544ced0f3@group-83CFD60236D8-LeaderElection146: begin an election at term 150 for -1: [3989452c-7599-4156-9543-3fe544ced0f3:192.168.157.254:36320, eec99a0c-e1b1-4518-bc49-9d1a8c8e04d5:192.168.157.254:45598, d9e6ea44-93db-446f-8020-a94232284285:192.168.157.254:41671], old=null
2019-10-16 22:15:01,005 [grpc-default-executor-18] INFO  impl.RaftServerImpl (RaftServerImpl.java:setRole(184)) - eec99a0c-e1b1-4518-bc49-9d1a8c8e04d5@group-83CFD60236D8: changes role from  FOLLOWER to FOLLOWER at term 150 for recognizeCandidate:3989452c-7599-4156-9543-3fe544ced0f3
2019-10-16 22:15:01,005 [grpc-default-executor-23] INFO  impl.RaftServerImpl (RaftServerImpl.java:setRole(184)) - d9e6ea44-93db-446f-8020-a94232284285@group-83CFD60236D8: changes role from  FOLLOWER to FOLLOWER at term 150 for recognizeCandidate:3989452c-7599-4156-9543-3fe544ced0f3
2019-10-16 22:15:01,006 [grpc-default-executor-18] INFO  impl.RoleInfo (RoleInfo.java:shutdownFollowerState(121)) - eec99a0c-e1b1-4518-bc49-9d1a8c8e04d5: shutdown FollowerState
2019-10-16 22:15:01,006 [grpc-default-executor-23] INFO  impl.RoleInfo (RoleInfo.java:shutdownFollowerState(121)) - d9e6ea44-93db-446f-8020-a94232284285: shutdown FollowerState
2019-10-16 22:15:01,006 [Thread-1865] INFO  impl.FollowerState (FollowerState.java:run(117)) - eec99a0c-e1b1-4518-bc49-9d1a8c8e04d5@group-83CFD60236D8-FollowerState was interrupted: java.lang.InterruptedException: sleep interrupted
2019-10-16 22:15:01,006 [grpc-default-executor-18] INFO  impl.RoleInfo (RoleInfo.java:updateAndGet(143)) - eec99a0c-e1b1-4518-bc49-9d1a8c8e04d5: start FollowerState
2019-10-16 22:15:01,006 [Thread-1866] INFO  impl.FollowerState (FollowerState.java:run(117)) - d9e6ea44-93db-446f-8020-a94232284285@group-83CFD60236D8-FollowerState was interrupted: java.lang.InterruptedException: sleep interrupted
2019-10-16 22:15:01,006 [grpc-default-executor-23] INFO  impl.RoleInfo (RoleInfo.java:updateAndGet(143)) - d9e6ea44-93db-446f-8020-a94232284285: start FollowerState
2019-10-16 22:15:01,020 [3989452c-7599-4156-9543-3fe544ced0f3@group-83CFD60236D8-LeaderElection146] INFO  impl.LeaderElection (LeaderElection.java:logAndReturn(56)) - 3989452c-7599-4156-9543-3fe544ced0f3@group-83CFD60236D8-LeaderElection146: Election REJECTED; received 2 response(s) [3989452c-7599-4156-9543-3fe544ced0f3<-eec99a0c-e1b1-4518-bc49-9d1a8c8e04d5#0:FAIL-t150, 3989452c-7599-4156-9543-3fe544ced0f3<-d9e6ea44-93db-446f-8020-a94232284285#0:FAIL-t150] and 0 exception(s); 3989452c-7599-4156-9543-3fe544ced0f3@group-83CFD60236D8:t150, leader=null, voted=3989452c-7599-4156-9543-3fe544ced0f3, raftlog=3989452c-7599-4156-9543-3fe544ced0f3@group-83CFD60236D8-SegmentedRaftLog:OPENED:c-1,f-1,i0, conf=-1: [3989452c-7599-4156-9543-3fe544ced0f3:192.168.157.254:36320, eec99a0c-e1b1-4518-bc49-9d1a8c8e04d5:192.168.157.254:45598, d9e6ea44-93db-446f-8020-a94232284285:192.168.157.254:41671], old=null
2019-10-16 22:15:01,020 [3989452c-7599-4156-9543-3fe544ced0f3@group-83CFD60236D8-LeaderElection146] INFO  impl.RaftServerImpl (RaftServerImpl.java:setRole(184)) - 3989452c-7599-4156-9543-3fe544ced0f3@group-83CFD60236D8: changes role from CANDIDATE to FOLLOWER at term 150 for DISCOVERED_A_NEW_TERM
2019-10-16 22:15:01,020 [3989452c-7599-4156-9543-3fe544ced0f3@group-83CFD60236D8-LeaderElection146] INFO  impl.RoleInfo (RoleInfo.java:shutdownLeaderElection(134)) - 3989452c-7599-4156-9543-3fe544ced0f3: shutdown LeaderElection
2019-10-16 22:15:01,020 [3989452c-7599-4156-9543-3fe544ced0f3@group-83CFD60236D8-LeaderElection146] INFO  impl.RoleInfo (RoleInfo.java:updateAndGet(143)) - 3989452c-7599-4156-9543-3fe544ced0f3: start FollowerState
 0.00% |?                                                                                                    |  0/1 Time: 0:06:172019-10-16 22:15:01,217 [Thread-1873] INFO  impl.FollowerState (FollowerState.java:run(108)) - 3989452c-7599-4156-9543-3fe544ced0f3@group-83CFD60236D8-FollowerState: change to CANDIDATE, lastRpcTime:197ms, electionTimeout:197ms
2019-10-16 22:15:01,218 [Thread-1873] INFO  impl.RoleInfo (RoleInfo.java:shutdownFollowerState(121)) - 3989452c-7599-4156-9543-3fe544ced0f3: shutdown FollowerState
2019-10-16 22:15:01,218 [Thread-1873] INFO  impl.RaftServerImpl (RaftServerImpl.java:setRole(184)) - 3989452c-7599-4156-9543-3fe544ced0f3@group-83CFD60236D8: changes role from  FOLLOWER to CANDIDATE at term 150 for changeToCandidate
2019-10-16 22:15:01,218 [Thread-1873] INFO  impl.RoleInfo (RoleInfo.java:updateAndGet(143)) - 3989452c-7599-4156-9543-3fe544ced0f3: start LeaderElection
2019-10-16 22:15:01,244 [3989452c-7599-4156-9543-3fe544ced0f3@group-83CFD60236D8-LeaderElection147] INFO  impl.LeaderElection (LeaderElection.java:askForVotes(178)) - 3989452c-7599-4156-9543-3fe544ced0f3@group-83CFD60236D8-LeaderElection147: begin an election at term 151 for -1: [3989452c-7599-4156-9543-3fe544ced0f3:192.168.157.254:36320, eec99a0c-e1b1-4518-bc49-9d1a8c8e04d5:192.168.157.254:45598, d9e6ea44-93db-446f-8020-a94232284285:192.168.157.254:41671], old=null
2019-10-16 22:15:01,246 [grpc-default-executor-18] INFO  impl.RaftServerImpl (RaftServerImpl.java:setRole(184)) - d9e6ea44-93db-446f-8020-a94232284285@group-83CFD60236D8: changes role from  FOLLOWER to FOLLOWER at term 151 for recognizeCandidate:3989452c-7599-4156-9543-3fe544ced0f3
2019-10-16 22:15:01,246 [grpc-default-executor-18] INFO  impl.RoleInfo (RoleInfo.java:shutdownFollowerState(121)) - d9e6ea44-93db-446f-8020-a94232284285: shutdown FollowerState
2019-10-16 22:15:01,246 [grpc-default-executor-23] INFO  impl.RaftServerImpl (RaftServerImpl.java:setRole(184)) - eec99a0c-e1b1-4518-bc49-9d1a8c8e04d5@group-83CFD60236D8: changes role from  FOLLOWER to FOLLOWER at term 151 for recognizeCandidate:3989452c-7599-4156-9543-3fe544ced0f3
2019-10-16 22:15:01,246 [Thread-1872] INFO  impl.FollowerState (FollowerState.java:run(117)) - d9e6ea44-93db-446f-8020-a94232284285@group-83CFD60236D8-FollowerState was interrupted: java.lang.InterruptedException: sleep interrupted
2019-10-16 22:15:01,246 [grpc-default-executor-18] INFO  impl.RoleInfo (RoleInfo.java:updateAndGet(143)) - d9e6ea44-93db-446f-8020-a94232284285: start FollowerState
2019-10-16 22:15:01,246 [grpc-default-executor-23] INFO  impl.RoleInfo (RoleInfo.java:shutdownFollowerState(121)) - eec99a0c-e1b1-4518-bc49-9d1a8c8e04d5: shutdown FollowerState
2019-10-16 22:15:01,247 [grpc-default-executor-23] INFO  impl.RoleInfo (RoleInfo.java:updateAndGet(143)) - eec99a0c-e1b1-4518-bc49-9d1a8c8e04d5: start FollowerState
2019-10-16 22:15:01,247 [Thread-1871] INFO  impl.FollowerState (FollowerState.java:run(117)) - eec99a0c-e1b1-4518-bc49-9d1a8c8e04d5@group-83CFD60236D8-FollowerState was interrupted: java.lang.InterruptedException: sleep interrupted
2019-10-16 22:15:01,272 [3989452c-7599-4156-9543-3fe544ced0f3@group-83CFD60236D8-LeaderElection147] INFO  impl.LeaderElection (LeaderElection.java:logAndReturn(56)) - 3989452c-7599-4156-9543-3fe544ced0f3@group-83CFD60236D8-LeaderElection147: Election REJECTED; received 2 response(s) [3989452c-7599-4156-9543-3fe544ced0f3<-eec99a0c-e1b1-4518-bc49-9d1a8c8e04d5#0:FAIL-t151, 3989452c-7599-4156-9543-3fe544ced0f3<-d9e6ea44-93db-446f-8020-a94232284285#0:FAIL-t151] and 0 exception(s); 3989452c-7599-4156-9543-3fe544ced0f3@group-83CFD60236D8:t151, leader=null, voted=3989452c-7599-4156-9543-3fe544ced0f3, raftlog=3989452c-7599-4156-9543-3fe544ced0f3@group-83CFD60236D8-SegmentedRaftLog:OPENED:c-1,f-1,i0, conf=-1: [3989452c-7599-4156-9543-3fe544ced0f3:192.168.157.254:36320, eec99a0c-e1b1-4518-bc49-9d1a8c8e04d5:192.168.157.254:45598, d9e6ea44-93db-446f-8020-a94232284285:192.168.157.254:41671], old=null
2019-10-16 22:15:01,272 [3989452c-7599-4156-9543-3fe544ced0f3@group-83CFD60236D8-LeaderElection147] INFO  impl.RaftServerImpl (RaftServerImpl.java:setRole(184)) - 3989452c-7599-4156-9543-3fe544ced0f3@group-83CFD60236D8: changes role from CANDIDATE to FOLLOWER at term 151 for DISCOVERED_A_NEW_TERM
2019-10-16 22:15:01,272 [3989452c-7599-4156-9543-3fe544ced0f3@group-83CFD60236D8-LeaderElection147] INFO  impl.RoleInfo (RoleInfo.java:shutdownLeaderElection(134)) - 3989452c-7599-4156-9543-3fe544ced0f3: shutdown LeaderElection
2019-10-16 22:15:01,272 [3989452c-7599-4156-9543-3fe544ced0f3@group-83CFD60236D8-LeaderElection147] INFO  impl.RoleInfo (RoleInfo.java:updateAndGet(143)) - 3989452c-7599-4156-9543-3fe544ced0f3: start FollowerState
2019-10-16 22:15:01,375 [Thread-1879] INFO  impl.FollowerState (FollowerState.java:run(108)) - 3989452c-7599-4156-9543-3fe544ced0f3@group-83CFD60236D8-FollowerState: change to CANDIDATE, lastRpcTime:102ms, electionTimeout:102ms
2019-10-16 22:15:01,375 [Thread-1879] INFO  impl.RoleInfo (RoleInfo.java:shutdownFollowerState(121)) - 3989452c-7599-4156-9543-3fe544ced0f3: shutdown FollowerState
2019-10-16 22:15:01,375 [Thread-1879] INFO  impl.RaftServerImpl (RaftServerImpl.java:setRole(184)) - 3989452c-7599-4156-9543-3fe544ced0f3@group-83CFD60236D8: changes role from  FOLLOWER to CANDIDATE at term 151 for changeToCandidate
2019-10-16 22:15:01,375 [Thread-1879] INFO  impl.RoleInfo (RoleInfo.java:updateAndGet(143)) - 3989452c-7599-4156-9543-3fe544ced0f3: start LeaderElection
2019-10-16 22:15:01,401 [3989452c-7599-4156-9543-3fe544ced0f3@group-83CFD60236D8-LeaderElection148] INFO  impl.LeaderElection (LeaderElection.java:askForVotes(178)) - 3989452c-7599-4156-9543-3fe544ced0f3@group-83CFD60236D8-LeaderElection148: begin an election at term 152 for -1: [3989452c-7599-4156-9543-3fe544ced0f3:192.168.157.254:36320, eec99a0c-e1b1-4518-bc49-9d1a8c8e04d5:192.168.157.254:45598, d9e6ea44-93db-446f-8020-a94232284285:192.168.157.254:41671], old=null
2019-10-16 22:15:01,403 [grpc-default-executor-18] INFO  impl.RaftServerImpl (RaftServerImpl.java:setRole(184)) - eec99a0c-e1b1-4518-bc49-9d1a8c8e04d5@group-83CFD60236D8: changes role from  FOLLOWER to FOLLOWER at term 152 for recognizeCandidate:3989452c-7599-4156-9543-3fe544ced0f3
2019-10-16 22:15:01,403 [grpc-default-executor-23] INFO  impl.RaftServerImpl (RaftServerImpl.java:setRole(184)) - d9e6ea44-93db-446f-8020-a94232284285@group-83CFD60236D8: changes role from  FOLLOWER to FOLLOWER at term 152 for recognizeCandidate:3989452c-7599-4156-9543-3fe544ced0f3
2019-10-16 22:15:01,404 [grpc-default-executor-18] INFO  impl.RoleInfo (RoleInfo.java:shutdownFollowerState(121)) - eec99a0c-e1b1-4518-bc49-9d1a8c8e04d5: shutdown FollowerState
2019-10-16 22:15:01,404 [grpc-default-executor-23] INFO  impl.RoleInfo (RoleInfo.java:shutdownFollowerState(121)) - d9e6ea44-93db-446f-8020-a94232284285: shutdown FollowerState
2019-10-16 22:15:01,404 [Thread-1878] INFO  impl.FollowerState (FollowerState.java:run(117)) - eec99a0c-e1b1-4518-bc49-9d1a8c8e04d5@group-83CFD60236D8-FollowerState was interrupted: java.lang.InterruptedException: sleep interrupted
2019-10-16 22:15:01,404 [Thread-1877] INFO  impl.FollowerState (FollowerState.java:run(117)) - d9e6ea44-93db-446f-8020-a94232284285@group-83CFD60236D8-FollowerState was interrupted: java.lang.InterruptedException: sleep interrupted
2019-10-16 22:15:01,404 [grpc-default-executor-18] INFO  impl.RoleInfo (RoleInfo.java:updateAndGet(143)) - eec99a0c-e1b1-4518-bc49-9d1a8c8e04d5: start FollowerState
2019-10-16 22:15:01,404 [grpc-default-executor-23] INFO  impl.RoleInfo (RoleInfo.java:updateAndGet(143)) - d9e6ea44-93db-446f-8020-a94232284285: start FollowerState
2019-10-16 22:15:01,424 [3989452c-7599-4156-9543-3fe544ced0f3@group-83CFD60236D8-LeaderElection148] INFO  impl.LeaderElection (LeaderElection.java:logAndReturn(56)) - 3989452c-7599-4156-9543-3fe544ced0f3@group-83CFD60236D8-LeaderElection148: Election REJECTED; received 2 response(s) [3989452c-7599-4156-9543-3fe544ced0f3<-eec99a0c-e1b1-4518-bc49-9d1a8c8e04d5#0:FAIL-t152, 3989452c-7599-4156-9543-3fe544ced0f3<-d9e6ea44-93db-446f-8020-a94232284285#0:FAIL-t152] and 0 exception(s); 3989452c-7599-4156-9543-3fe544ced0f3@group-83CFD60236D8:t152, leader=null, voted=3989452c-7599-4156-9543-3fe544ced0f3, raftlog=3989452c-7599-4156-9543-3fe544ced0f3@group-83CFD60236D8-SegmentedRaftLog:OPENED:c-1,f-1,i0, conf=-1: [3989452c-7599-4156-9543-3fe544ced0f3:192.168.157.254:36320, eec99a0c-e1b1-4518-bc49-9d1a8c8e04d5:192.168.157.254:45598, d9e6ea44-93db-446f-8020-a94232284285:192.168.157.254:41671], old=null
2019-10-16 22:15:01,425 [3989452c-7599-4156-9543-3fe544ced0f3@group-83CFD60236D8-LeaderElection148] INFO  impl.RaftServerImpl (RaftServerImpl.java:setRole(184)) - 3989452c-7599-4156-9543-3fe544ced0f3@group-83CFD60236D8: changes role from CANDIDATE to FOLLOWER at term 152 for DISCOVERED_A_NEW_TERM
2019-10-16 22:15:01,425 [3989452c-7599-4156-9543-3fe544ced0f3@group-83CFD60236D8-LeaderElection148] INFO  impl.RoleInfo (RoleInfo.java:shutdownLeaderElection(134)) - 3989452c-7599-4156-9543-3fe544ced0f3: shutdown LeaderElection
2019-10-16 22:15:01,425 [3989452c-7599-4156-9543-3fe544ced0f3@group-83CFD60236D8-LeaderElection148] INFO  impl.RoleInfo (RoleInfo.java:updateAndGet(143)) - 3989452c-7599-4156-9543-3fe544ced0f3: start FollowerState
2019-10-16 22:15:01,478 [Thread-1885] INFO  impl.FollowerState (FollowerState.java:run(108)) - 3989452c-7599-4156-9543-3fe544ced0f3@group-83CFD60236D8-FollowerState: change to CANDIDATE, lastRpcTime:53ms, electionTimeout:53ms
2019-10-16 22:15:01,478 [Thread-1885] INFO  impl.RoleInfo (RoleInfo.java:shutdownFollowerState(121)) - 3989452c-7599-4156-9543-3fe544ced0f3: shutdown FollowerState
2019-10-16 22:15:01,478 [Thread-1885] INFO  impl.RaftServerImpl (RaftServerImpl.java:setRole(184)) - 3989452c-7599-4156-9543-3fe544ced0f3@group-83CFD60236D8: changes role from  FOLLOWER to CANDIDATE at term 152 for changeToCandidate
2019-10-16 22:15:01,479 [Thread-1885] INFO  impl.RoleInfo (RoleInfo.java:updateAndGet(143)) - 3989452c-7599-4156-9543-3fe544ced0f3: start LeaderElection
2019-10-16 22:15:01,492 [3989452c-7599-4156-9543-3fe544ced0f3@group-83CFD60236D8-LeaderElection149] INFO  impl.LeaderElection (LeaderElection.java:askForVotes(178)) - 3989452c-7599-4156-9543-3fe544ced0f3@group-83CFD60236D8-LeaderElection149: begin an election at term 153 for -1: [3989452c-7599-4156-9543-3fe544ced0f3:192.168.157.254:36320, eec99a0c-e1b1-4518-bc49-9d1a8c8e04d5:192.168.157.254:45598, d9e6ea44-93db-446f-8020-a94232284285:192.168.157.254:41671], old=null
2019-10-16 22:15:01,494 [grpc-default-executor-23] INFO  impl.RaftServerImpl (RaftServerImpl.java:setRole(184)) - eec99a0c-e1b1-4518-bc49-9d1a8c8e04d5@group-83CFD60236D8: changes role from  FOLLOWER to FOLLOWER at term 153 for recognizeCandidate:3989452c-7599-4156-9543-3fe544ced0f3
2019-10-16 22:15:01,494 [grpc-default-executor-18] INFO  impl.RaftServerImpl (RaftServerImpl.java:setRole(184)) - d9e6ea44-93db-446f-8020-a94232284285@group-83CFD60236D8: changes role from  FOLLOWER to FOLLOWER at term 153 for recognizeCandidate:3989452c-7599-4156-9543-3fe544ced0f3
2019-10-16 22:15:01,494 [grpc-default-executor-23] INFO  impl.RoleInfo (RoleInfo.java:shutdownFollowerState(121)) - eec99a0c-e1b1-4518-bc49-9d1a8c8e04d5: shutdown FollowerState
2019-10-16 22:15:01,494 [grpc-default-executor-18] INFO  impl.RoleInfo (RoleInfo.java:shutdownFollowerState(121)) - d9e6ea44-93db-446f-8020-a94232284285: shutdown FollowerState
2019-10-16 22:15:01,495 [grpc-default-executor-18] INFO  impl.RoleInfo (RoleInfo.java:updateAndGet(143)) - d9e6ea44-93db-446f-8020-a94232284285: start FollowerState
2019-10-16 22:15:01,495 [Thread-1883] INFO  impl.FollowerState (FollowerState.java:run(117)) - eec99a0c-e1b1-4518-bc49-9d1a8c8e04d5@group-83CFD60236D8-FollowerState was interrupted: java.lang.InterruptedException: sleep interrupted
2019-10-16 22:15:01,494 [grpc-default-executor-23] INFO  impl.RoleInfo (RoleInfo.java:updateAndGet(143)) - eec99a0c-e1b1-4518-bc49-9d1a8c8e04d5: start FollowerState
2019-10-16 22:15:01,495 [Thread-1884] INFO  impl.FollowerState (FollowerState.java:run(117)) - d9e6ea44-93db-446f-8020-a94232284285@group-83CFD60236D8-FollowerState was interrupted: java.lang.InterruptedException: sleep interrupted
2019-10-16 22:15:01,509 [3989452c-7599-4156-9543-3fe544ced0f3@group-83CFD60236D8-LeaderElection149] INFO  impl.LeaderElection (LeaderElection.java:logAndReturn(56)) - 3989452c-7599-4156-9543-3fe544ced0f3@group-83CFD60236D8-LeaderElection149: Election REJECTED; received 2 response(s) [3989452c-7599-4156-9543-3fe544ced0f3<-eec99a0c-e1b1-4518-bc49-9d1a8c8e04d5#0:FAIL-t153, 3989452c-7599-4156-9543-3fe544ced0f3<-d9e6ea44-93db-446f-8020-a94232284285#0:FAIL-t153] and 0 exception(s); 3989452c-7599-4156-9543-3fe544ced0f3@group-83CFD60236D8:t153, leader=null, voted=3989452c-7599-4156-9543-3fe544ced0f3, raftlog=3989452c-7599-4156-9543-3fe544ced0f3@group-83CFD60236D8-SegmentedRaftLog:OPENED:c-1,f-1,i0, conf=-1: [3989452c-7599-4156-9543-3fe544ced0f3:192.168.157.254:36320, eec99a0c-e1b1-4518-bc49-9d1a8c8e04d5:192.168.157.254:45598, d9e6ea44-93db-446f-8020-a94232284285:192.168.157.254:41671], old=null
2019-10-16 22:15:01,509 [3989452c-7599-4156-9543-3fe544ced0f3@group-83CFD60236D8-LeaderElection149] INFO  impl.RaftServerImpl (RaftServerImpl.java:setRole(184)) - 3989452c-7599-4156-9543-3fe544ced0f3@group-83CFD60236D8: changes role from CANDIDATE to FOLLOWER at term 153 for DISCOVERED_A_NEW_TERM
2019-10-16 22:15:01,509 [3989452c-7599-4156-9543-3fe544ced0f3@group-83CFD60236D8-LeaderElection149] INFO  impl.RoleInfo (RoleInfo.java:shutdownLeaderElection(134)) - 3989452c-7599-4156-9543-3fe544ced0f3: shutdown LeaderElection
2019-10-16 22:15:01,509 [3989452c-7599-4156-9543-3fe544ced0f3@group-83CFD60236D8-LeaderElection149] INFO  impl.RoleInfo (RoleInfo.java:updateAndGet(143)) - 3989452c-7599-4156-9543-3fe544ced0f3: start FollowerState
2019-10-16 22:15:01,567 [Thread-1891] INFO  impl.FollowerState (FollowerState.java:run(108)) - 3989452c-7599-4156-9543-3fe544ced0f3@group-83CFD60236D8-FollowerState: change to CANDIDATE, lastRpcTime:57ms, electionTimeout:57ms
2019-10-16 22:15:01,567 [Thread-1891] INFO  impl.RoleInfo (RoleInfo.java:shutdownFollowerState(121)) - 3989452c-7599-4156-9543-3fe544ced0f3: shutdown FollowerState
2019-10-16 22:15:01,567 [Thread-1891] INFO  impl.RaftServerImpl (RaftServerImpl.java:setRole(184)) - 3989452c-7599-4156-9543-3fe544ced0f3@group-83CFD60236D8: changes role from  FOLLOWER to CANDIDATE at term 153 for changeToCandidate
2019-10-16 22:15:01,568 [Thread-1891] INFO  impl.RoleInfo (RoleInfo.java:updateAndGet(143)) - 3989452c-7599-4156-9543-3fe544ced0f3: start LeaderElection
2019-10-16 22:15:01,581 [3989452c-7599-4156-9543-3fe544ced0f3@group-83CFD60236D8-LeaderElection150] INFO  impl.LeaderElection (LeaderElection.java:askForVotes(178)) - 3989452c-7599-4156-9543-3fe544ced0f3@group-83CFD60236D8-LeaderElection150: begin an election at term 154 for -1: [3989452c-7599-4156-9543-3fe544ced0f3:192.168.157.254:36320, eec99a0c-e1b1-4518-bc49-9d1a8c8e04d5:192.168.157.254:45598, d9e6ea44-93db-446f-8020-a94232284285:192.168.157.254:41671], old=null
2019-10-16 22:15:01,584 [grpc-default-executor-23] INFO  impl.RaftServerImpl (RaftServerImpl.java:setRole(184)) - d9e6ea44-93db-446f-8020-a94232284285@group-83CFD60236D8: changes role from  FOLLOWER to FOLLOWER at term 154 for recognizeCandidate:3989452c-7599-4156-9543-3fe544ced0f3
2019-10-16 22:15:01,584 [grpc-default-executor-23] INFO  impl.RoleInfo (RoleInfo.java:shutdownFollowerState(121)) - d9e6ea44-93db-446f-8020-a94232284285: shutdown FollowerState
2019-10-16 22:15:01,584 [grpc-default-executor-23] INFO  impl.RoleInfo (RoleInfo.java:updateAndGet(143)) - d9e6ea44-93db-446f-8020-a94232284285: start FollowerState
2019-10-16 22:15:01,584 [Thread-1890] INFO  impl.FollowerState (FollowerState.java:run(117)) - d9e6ea44-93db-446f-8020-a94232284285@group-83CFD60236D8-FollowerState was interrupted: java.lang.InterruptedException: sleep interrupted
2019-10-16 22:15:01,584 [grpc-default-executor-18] INFO  impl.RaftServerImpl (RaftServerImpl.java:setRole(184)) - eec99a0c-e1b1-4518-bc49-9d1a8c8e04d5@group-83CFD60236D8: changes role from  FOLLOWER to FOLLOWER at term 154 for recognizeCandidate:3989452c-7599-4156-9543-3fe544ced0f3
2019-10-16 22:15:01,584 [grpc-default-executor-18] INFO  impl.RoleInfo (RoleInfo.java:shutdownFollowerState(121)) - eec99a0c-e1b1-4518-bc49-9d1a8c8e04d5: shutdown FollowerState
2019-10-16 22:15:01,585 [grpc-default-executor-18] INFO  impl.RoleInfo (RoleInfo.java:updateAndGet(143)) - eec99a0c-e1b1-4518-bc49-9d1a8c8e04d5: start FollowerState
2019-10-16 22:15:01,585 [Thread-1889] INFO  impl.FollowerState (FollowerState.java:run(117)) - eec99a0c-e1b1-4518-bc49-9d1a8c8e04d5@group-83CFD60236D8-FollowerState was interrupted: java.lang.InterruptedException: sleep interrupted
2019-10-16 22:15:01,611 [3989452c-7599-4156-9543-3fe544ced0f3@group-83CFD60236D8-LeaderElection150] INFO  impl.LeaderElection (LeaderElection.java:logAndReturn(56)) - 3989452c-7599-4156-9543-3fe544ced0f3@group-83CFD60236D8-LeaderElection150: Election REJECTED; received 2 response(s) [3989452c-7599-4156-9543-3fe544ced0f3<-eec99a0c-e1b1-4518-bc49-9d1a8c8e04d5#0:FAIL-t154, 3989452c-7599-4156-9543-3fe544ced0f3<-d9e6ea44-93db-446f-8020-a94232284285#0:FAIL-t154] and 0 exception(s); 3989452c-7599-4156-9543-3fe544ced0f3@group-83CFD60236D8:t154, leader=null, voted=3989452c-7599-4156-9543-3fe544ced0f3, raftlog=3989452c-7599-4156-9543-3fe544ced0f3@group-83CFD60236D8-SegmentedRaftLog:OPENED:c-1,f-1,i0, conf=-1: [3989452c-7599-4156-9543-3fe544ced0f3:192.168.157.254:36320, eec99a0c-e1b1-4518-bc49-9d1a8c8e04d5:192.168.157.254:45598, d9e6ea44-93db-446f-8020-a94232284285:192.168.157.254:41671], old=null
2019-10-16 22:15:01,611 [3989452c-7599-4156-9543-3fe544ced0f3@group-83CFD60236D8-LeaderElection150] INFO  impl.RaftServerImpl (RaftServerImpl.java:setRole(184)) - 3989452c-7599-4156-9543-3fe544ced0f3@group-83CFD60236D8: changes role from CANDIDATE to FOLLOWER at term 154 for DISCOVERED_A_NEW_TERM
2019-10-16 22:15:01,611 [3989452c-7599-4156-9543-3fe544ced0f3@group-83CFD60236D8-LeaderElection150] INFO  impl.RoleInfo (RoleInfo.java:shutdownLeaderElection(134)) - 3989452c-7599-4156-9543-3fe544ced0f3: shutdown LeaderElection
2019-10-16 22:15:01,611 [3989452c-7599-4156-9543-3fe544ced0f3@group-83CFD60236D8-LeaderElection150] INFO  impl.RoleInfo (RoleInfo.java:updateAndGet(143)) - 3989452c-7599-4156-9543-3fe544ced0f3: start FollowerState
2019-10-16 22:15:01,700 [Thread-1897] INFO  impl.FollowerState (FollowerState.java:run(108)) - 3989452c-7599-4156-9543-3fe544ced0f3@group-83CFD60236D8-FollowerState: change to CANDIDATE, lastRpcTime:88ms, electionTimeout:86ms
2019-10-16 22:15:01,700 [Thread-1897] INFO  impl.RoleInfo (RoleInfo.java:shutdownFollowerState(121)) - 3989452c-7599-4156-9543-3fe544ced0f3: shutdown FollowerState
2019-10-16 22:15:01,700 [Thread-1897] INFO  impl.RaftServerImpl (RaftServerImpl.java:setRole(184)) - 3989452c-7599-4156-9543-3fe544ced0f3@group-83CFD60236D8: changes role from  FOLLOWER to CANDIDATE at term 154 for changeToCandidate
2019-10-16 22:15:01,700 [Thread-1897] INFO  impl.RoleInfo (RoleInfo.java:updateAndGet(143)) - 3989452c-7599-4156-9543-3fe544ced0f3: start LeaderElection
2019-10-16 22:15:01,731 [3989452c-7599-4156-9543-3fe544ced0f3@group-83CFD60236D8-LeaderElection151] INFO  impl.LeaderElection (LeaderElection.java:askForVotes(178)) - 3989452c-7599-4156-9543-3fe544ced0f3@group-83CFD60236D8-LeaderElection151: begin an election at term 155 for -1: [3989452c-7599-4156-9543-3fe544ced0f3:192.168.157.254:36320, eec99a0c-e1b1-4518-bc49-9d1a8c8e04d5:192.168.157.254:45598, d9e6ea44-93db-446f-8020-a94232284285:192.168.157.254:41671], old=null
2019-10-16 22:15:01,733 [grpc-default-executor-23] INFO  impl.RaftServerImpl (RaftServerImpl.java:setRole(184)) - eec99a0c-e1b1-4518-bc49-9d1a8c8e04d5@group-83CFD60236D8: changes role from  FOLLOWER to FOLLOWER at term 155 for recognizeCandidate:3989452c-7599-4156-9543-3fe544ced0f3
2019-10-16 22:15:01,733 [grpc-default-executor-23] INFO  impl.RoleInfo (RoleInfo.java:shutdownFollowerState(121)) - eec99a0c-e1b1-4518-bc49-9d1a8c8e04d5: shutdown FollowerState
2019-10-16 22:15:01,733 [grpc-default-executor-18] INFO  impl.RaftServerImpl (RaftServerImpl.java:setRole(184)) - d9e6ea44-93db-446f-8020-a94232284285@group-83CFD60236D8: changes role from  FOLLOWER to FOLLOWER at term 155 for recognizeCandidate:3989452c-7599-4156-9543-3fe544ced0f3
2019-10-16 22:15:01,734 [grpc-default-executor-18] INFO  impl.RoleInfo (RoleInfo.java:shutdownFollowerState(121)) - d9e6ea44-93db-446f-8020-a94232284285: shutdown FollowerState
2019-10-16 22:15:01,734 [Thread-1896] INFO  impl.FollowerState (FollowerState.java:run(117)) - eec99a0c-e1b1-4518-bc49-9d1a8c8e04d5@group-83CFD60236D8-FollowerState was interrupted: java.lang.InterruptedException: sleep interrupted
2019-10-16 22:15:01,734 [grpc-default-executor-23] INFO  impl.RoleInfo (RoleInfo.java:updateAndGet(143)) - eec99a0c-e1b1-4518-bc49-9d1a8c8e04d5: start FollowerState
2019-10-16 22:15:01,734 [Thread-1895] INFO  impl.FollowerState (FollowerState.java:run(117)) - d9e6ea44-93db-446f-8020-a94232284285@group-83CFD60236D8-FollowerState was interrupted: java.lang.InterruptedException: sleep interrupted
2019-10-16 22:15:01,734 [grpc-default-executor-18] INFO  impl.RoleInfo (RoleInfo.java:updateAndGet(143)) - d9e6ea44-93db-446f-8020-a94232284285: start FollowerState
2019-10-16 22:15:01,750 [3989452c-7599-4156-9543-3fe544ced0f3@group-83CFD60236D8-LeaderElection151] INFO  impl.LeaderElection (LeaderElection.java:logAndReturn(56)) - 3989452c-7599-4156-9543-3fe544ced0f3@group-83CFD60236D8-LeaderElection151: Election REJECTED; received 2 response(s) [3989452c-7599-4156-9543-3fe544ced0f3<-eec99a0c-e1b1-4518-bc49-9d1a8c8e04d5#0:FAIL-t155, 3989452c-7599-4156-9543-3fe544ced0f3<-d9e6ea44-93db-446f-8020-a94232284285#0:FAIL-t155] and 0 exception(s); 3989452c-7599-4156-9543-3fe544ced0f3@group-83CFD60236D8:t155, leader=null, voted=3989452c-7599-4156-9543-3fe544ced0f3, raftlog=3989452c-7599-4156-9543-3fe544ced0f3@group-83CFD60236D8-SegmentedRaftLog:OPENED:c-1,f-1,i0, conf=-1: [3989452c-7599-4156-9543-3fe544ced0f3:192.168.157.254:36320, eec99a0c-e1b1-4518-bc49-9d1a8c8e04d5:192.168.157.254:45598, d9e6ea44-93db-446f-8020-a94232284285:192.168.157.254:41671], old=null
2019-10-16 22:15:01,750 [3989452c-7599-4156-9543-3fe544ced0f3@group-83CFD60236D8-LeaderElection151] INFO  impl.RaftServerImpl (RaftServerImpl.java:setRole(184)) - 3989452c-7599-4156-9543-3fe544ced0f3@group-83CFD60236D8: changes role from CANDIDATE to FOLLOWER at term 155 for DISCOVERED_A_NEW_TERM
2019-10-16 22:15:01,751 [3989452c-7599-4156-9543-3fe544ced0f3@group-83CFD60236D8-LeaderElection151] INFO  impl.RoleInfo (RoleInfo.java:shutdownLeaderElection(134)) - 3989452c-7599-4156-9543-3fe544ced0f3: shutdown LeaderElection
2019-10-16 22:15:01,751 [3989452c-7599-4156-9543-3fe544ced0f3@group-83CFD60236D8-LeaderElection151] INFO  impl.RoleInfo (RoleInfo.java:updateAndGet(143)) - 3989452c-7599-4156-9543-3fe544ced0f3: start FollowerState
2019-10-16 22:15:01,904 [Thread-1905] INFO  impl.FollowerState (FollowerState.java:run(108)) - 3989452c-7599-4156-9543-3fe544ced0f3@group-83CFD60236D8-FollowerState: change to CANDIDATE, lastRpcTime:153ms, electionTimeout:153ms
2019-10-16 22:15:01,904 [Thread-1905] INFO  impl.RoleInfo (RoleInfo.java:shutdownFollowerState(121)) - 3989452c-7599-4156-9543-3fe544ced0f3: shutdown FollowerState
2019-10-16 22:15:01,904 [Thread-1905] INFO  impl.RaftServerImpl (RaftServerImpl.java:setRole(184)) - 3989452c-7599-4156-9543-3fe544ced0f3@group-83CFD60236D8: changes role from  FOLLOWER to CANDIDATE at term 155 for changeToCandidate
2019-10-16 22:15:01,904 [Thread-1905] INFO  impl.RoleInfo (RoleInfo.java:updateAndGet(143)) - 3989452c-7599-4156-9543-3fe544ced0f3: start LeaderElection
2019-10-16 22:15:01,919 [3989452c-7599-4156-9543-3fe544ced0f3@group-83CFD60236D8-LeaderElection152] INFO  impl.LeaderElection (LeaderElection.java:askForVotes(178)) - 3989452c-7599-4156-9543-3fe544ced0f3@group-83CFD60236D8-LeaderElection152: begin an election at term 156 for -1: [3989452c-7599-4156-9543-3fe544ced0f3:192.168.157.254:36320, eec99a0c-e1b1-4518-bc49-9d1a8c8e04d5:192.168.157.254:45598, d9e6ea44-93db-446f-8020-a94232284285:192.168.157.254:41671], old=null
2019-10-16 22:15:01,921 [grpc-default-executor-23] INFO  impl.RaftServerImpl (RaftServerImpl.java:setRole(184)) - eec99a0c-e1b1-4518-bc49-9d1a8c8e04d5@group-83CFD60236D8: changes role from  FOLLOWER to FOLLOWER at term 156 for recognizeCandidate:3989452c-7599-4156-9543-3fe544ced0f3
2019-10-16 22:15:01,921 [grpc-default-executor-18] INFO  impl.RaftServerImpl (RaftServerImpl.java:setRole(184)) - d9e6ea44-93db-446f-8020-a94232284285@group-83CFD60236D8: changes role from  FOLLOWER to FOLLOWER at term 156 for recognizeCandidate:3989452c-7599-4156-9543-3fe544ced0f3
2019-10-16 22:15:01,921 [grpc-default-executor-23] INFO  impl.RoleInfo (RoleInfo.java:shutdownFollowerState(121)) - eec99a0c-e1b1-4518-bc49-9d1a8c8e04d5: shutdown FollowerState
2019-10-16 22:15:01,921 [grpc-default-executor-18] INFO  impl.RoleInfo (RoleInfo.java:shutdownFollowerState(121)) - d9e6ea44-93db-446f-8020-a94232284285: shutdown FollowerState
2019-10-16 22:15:01,921 [grpc-default-executor-23] INFO  impl.RoleInfo (RoleInfo.java:updateAndGet(143)) - eec99a0c-e1b1-4518-bc49-9d1a8c8e04d5: start FollowerState
2019-10-16 22:15:01,921 [Thread-1903] INFO  impl.FollowerState (FollowerState.java:run(117)) - eec99a0c-e1b1-4518-bc49-9d1a8c8e04d5@group-83CFD60236D8-FollowerState was interrupted: java.lang.InterruptedException: sleep interrupted
2019-10-16 22:15:01,922 [Thread-1904] INFO  impl.FollowerState (FollowerState.java:run(117)) - d9e6ea44-93db-446f-8020-a94232284285@group-83CFD60236D8-FollowerState was interrupted: java.lang.InterruptedException: sleep interrupted
2019-10-16 22:15:01,922 [grpc-default-executor-18] INFO  impl.RoleInfo (RoleInfo.java:updateAndGet(143)) - d9e6ea44-93db-446f-8020-a94232284285: start FollowerState
2019-10-16 22:15:01,937 [3989452c-7599-4156-9543-3fe544ced0f3@group-83CFD60236D8-LeaderElection152] INFO  impl.LeaderElection (LeaderElection.java:logAndReturn(56)) - 3989452c-7599-4156-9543-3fe544ced0f3@group-83CFD60236D8-LeaderElection152: Election REJECTED; received 2 response(s) [3989452c-7599-4156-9543-3fe544ced0f3<-eec99a0c-e1b1-4518-bc49-9d1a8c8e04d5#0:FAIL-t156, 3989452c-7599-4156-9543-3fe544ced0f3<-d9e6ea44-93db-446f-8020-a94232284285#0:FAIL-t156] and 0 exception(s); 3989452c-7599-4156-9543-3fe544ced0f3@group-83CFD60236D8:t156, leader=null, voted=3989452c-7599-4156-9543-3fe544ced0f3, raftlog=3989452c-7599-4156-9543-3fe544ced0f3@group-83CFD60236D8-SegmentedRaftLog:OPENED:c-1,f-1,i0, conf=-1: [3989452c-7599-4156-9543-3fe544ced0f3:192.168.157.254:36320, eec99a0c-e1b1-4518-bc49-9d1a8c8e04d5:192.168.157.254:45598, d9e6ea44-93db-446f-8020-a94232284285:192.168.157.254:41671], old=null
2019-10-16 22:15:01,937 [3989452c-7599-4156-9543-3fe544ced0f3@group-83CFD60236D8-LeaderElection152] INFO  impl.RaftServerImpl (RaftServerImpl.java:setRole(184)) - 3989452c-7599-4156-9543-3fe544ced0f3@group-83CFD60236D8: changes role from CANDIDATE to FOLLOWER at term 156 for DISCOVERED_A_NEW_TERM
2019-10-16 22:15:01,937 [3989452c-7599-4156-9543-3fe544ced0f3@group-83CFD60236D8-LeaderElection152] INFO  impl.RoleInfo (RoleInfo.java:shutdownLeaderElection(134)) - 3989452c-7599-4156-9543-3fe544ced0f3: shutdown LeaderElection
2019-10-16 22:15:01,937 [3989452c-7599-4156-9543-3fe544ced0f3@group-83CFD60236D8-LeaderElection152] INFO  impl.RoleInfo (RoleInfo.java:updateAndGet(143)) - 3989452c-7599-4156-9543-3fe544ced0f3: start FollowerState
2019-10-16 22:15:01,989 [Thread-1911] INFO  impl.FollowerState (FollowerState.java:run(108)) - 3989452c-7599-4156-9543-3fe544ced0f3@group-83CFD60236D8-FollowerState: change to CANDIDATE, lastRpcTime:51ms, electionTimeout:51ms
2019-10-16 22:15:01,989 [Thread-1911] INFO  impl.RoleInfo (RoleInfo.java:shutdownFollowerState(121)) - 3989452c-7599-4156-9543-3fe544ced0f3: shutdown FollowerState
2019-10-16 22:15:01,989 [Thread-1911] INFO  impl.RaftServerImpl (RaftServerImpl.java:setRole(184)) - 3989452c-7599-4156-9543-3fe544ced0f3@group-83CFD60236D8: changes role from  FOLLOWER to CANDIDATE at term 156 for changeToCandidate
2019-10-16 22:15:01,989 [Thread-1911] INFO  impl.RoleInfo (RoleInfo.java:updateAndGet(143)) - 3989452c-7599-4156-9543-3fe544ced0f3: start LeaderElection
2019-10-16 22:15:02,004 [3989452c-7599-4156-9543-3fe544ced0f3@group-83CFD60236D8-LeaderElection153] INFO  impl.LeaderElection (LeaderElection.java:askForVotes(178)) - 3989452c-7599-4156-9543-3fe544ced0f3@group-83CFD60236D8-LeaderElection153: begin an election at term 157 for -1: [3989452c-7599-4156-9543-3fe544ced0f3:192.168.157.254:36320, eec99a0c-e1b1-4518-bc49-9d1a8c8e04d5:192.168.157.254:45598, d9e6ea44-93db-446f-8020-a94232284285:192.168.157.254:41671], old=null
2019-10-16 22:15:02,006 [grpc-default-executor-18] INFO  impl.RaftServerImpl (RaftServerImpl.java:setRole(184)) - eec99a0c-e1b1-4518-bc49-9d1a8c8e04d5@group-83CFD60236D8: changes role from  FOLLOWER to FOLLOWER at term 157 for recognizeCandidate:3989452c-7599-4156-9543-3fe544ced0f3
2019-10-16 22:15:02,006 [grpc-default-executor-18] INFO  impl.RoleInfo (RoleInfo.java:shutdownFollowerState(121)) - eec99a0c-e1b1-4518-bc49-9d1a8c8e04d5: shutdown FollowerState
2019-10-16 22:15:02,006 [grpc-default-executor-23] INFO  impl.RaftServerImpl (RaftServerImpl.java:setRole(184)) - d9e6ea44-93db-446f-8020-a94232284285@group-83CFD60236D8: changes role from  FOLLOWER to FOLLOWER at term 157 for recognizeCandidate:3989452c-7599-4156-9543-3fe544ced0f3
2019-10-16 22:15:02,006 [Thread-1909] INFO  impl.FollowerState (FollowerState.java:run(117)) - eec99a0c-e1b1-4518-bc49-9d1a8c8e04d5@group-83CFD60236D8-FollowerState was interrupted: java.lang.InterruptedException: sleep interrupted
2019-10-16 22:15:02,006 [grpc-default-executor-18] INFO  impl.RoleInfo (RoleInfo.java:updateAndGet(143)) - eec99a0c-e1b1-4518-bc49-9d1a8c8e04d5: start FollowerState
2019-10-16 22:15:02,006 [grpc-default-executor-23] INFO  impl.RoleInfo (RoleInfo.java:shutdownFollowerState(121)) - d9e6ea44-93db-446f-8020-a94232284285: shutdown FollowerState
2019-10-16 22:15:02,007 [grpc-default-executor-23] INFO  impl.RoleInfo (RoleInfo.java:updateAndGet(143)) - d9e6ea44-93db-446f-8020-a94232284285: start FollowerState
2019-10-16 22:15:02,007 [Thread-1910] INFO  impl.FollowerState (FollowerState.java:run(117)) - d9e6ea44-93db-446f-8020-a94232284285@group-83CFD60236D8-FollowerState was interrupted: java.lang.InterruptedException: sleep interrupted
 0.00% |?                                                                                                    |  0/1 Time: 0:06:182019-10-16 22:15:02,033 [3989452c-7599-4156-9543-3fe544ced0f3@group-83CFD60236D8-LeaderElection153] INFO  impl.LeaderElection (LeaderElection.java:logAndReturn(56)) - 3989452c-7599-4156-9543-3fe544ced0f3@group-83CFD60236D8-LeaderElection153: Election REJECTED; received 2 response(s) [3989452c-7599-4156-9543-3fe544ced0f3<-eec99a0c-e1b1-4518-bc49-9d1a8c8e04d5#0:FAIL-t157, 3989452c-7599-4156-9543-3fe544ced0f3<-d9e6ea44-93db-446f-8020-a94232284285#0:FAIL-t157] and 0 exception(s); 3989452c-7599-4156-9543-3fe544ced0f3@group-83CFD60236D8:t157, leader=null, voted=3989452c-7599-4156-9543-3fe544ced0f3, raftlog=3989452c-7599-4156-9543-3fe544ced0f3@group-83CFD60236D8-SegmentedRaftLog:OPENED:c-1,f-1,i0, conf=-1: [3989452c-7599-4156-9543-3fe544ced0f3:192.168.157.254:36320, eec99a0c-e1b1-4518-bc49-9d1a8c8e04d5:192.168.157.254:45598, d9e6ea44-93db-446f-8020-a94232284285:192.168.157.254:41671], old=null
2019-10-16 22:15:02,033 [3989452c-7599-4156-9543-3fe544ced0f3@group-83CFD60236D8-LeaderElection153] INFO  impl.RaftServerImpl (RaftServerImpl.java:setRole(184)) - 3989452c-7599-4156-9543-3fe544ced0f3@group-83CFD60236D8: changes role from CANDIDATE to FOLLOWER at term 157 for DISCOVERED_A_NEW_TERM
2019-10-16 22:15:02,033 [3989452c-7599-4156-9543-3fe544ced0f3@group-83CFD60236D8-LeaderElection153] INFO  impl.RoleInfo (RoleInfo.java:shutdownLeaderElection(134)) - 3989452c-7599-4156-9543-3fe544ced0f3: shutdown LeaderElection
2019-10-16 22:15:02,033 [3989452c-7599-4156-9543-3fe544ced0f3@group-83CFD60236D8-LeaderElection153] INFO  impl.RoleInfo (RoleInfo.java:updateAndGet(143)) - 3989452c-7599-4156-9543-3fe544ced0f3: start FollowerState
2019-10-16 22:15:02,180 [Thread-1917] INFO  impl.FollowerState (FollowerState.java:run(108)) - 3989452c-7599-4156-9543-3fe544ced0f3@group-83CFD60236D8-FollowerState: change to CANDIDATE, lastRpcTime:147ms, electionTimeout:147ms
2019-10-16 22:15:02,180 [Thread-1917] INFO  impl.RoleInfo (RoleInfo.java:shutdownFollowerState(121)) - 3989452c-7599-4156-9543-3fe544ced0f3: shutdown FollowerState
2019-10-16 22:15:02,180 [Thread-1917] INFO  impl.RaftServerImpl (RaftServerImpl.java:setRole(184)) - 3989452c-7599-4156-9543-3fe544ced0f3@group-83CFD60236D8: changes role from  FOLLOWER to CANDIDATE at term 157 for changeToCandidate
2019-10-16 22:15:02,181 [Thread-1917] INFO  impl.RoleInfo (RoleInfo.java:updateAndGet(143)) - 3989452c-7599-4156-9543-3fe544ced0f3: start LeaderElection
2019-10-16 22:15:02,195 [3989452c-7599-4156-9543-3fe544ced0f3@group-83CFD60236D8-LeaderElection154] INFO  impl.LeaderElection (LeaderElection.java:askForVotes(178)) - 3989452c-7599-4156-9543-3fe544ced0f3@group-83CFD60236D8-LeaderElection154: begin an election at term 158 for -1: [3989452c-7599-4156-9543-3fe544ced0f3:192.168.157.254:36320, eec99a0c-e1b1-4518-bc49-9d1a8c8e04d5:192.168.157.254:45598, d9e6ea44-93db-446f-8020-a94232284285:192.168.157.254:41671], old=null
2019-10-16 22:15:02,197 [grpc-default-executor-23] INFO  impl.RaftServerImpl (RaftServerImpl.java:setRole(184)) - eec99a0c-e1b1-4518-bc49-9d1a8c8e04d5@group-83CFD60236D8: changes role from  FOLLOWER to FOLLOWER at term 158 for recognizeCandidate:3989452c-7599-4156-9543-3fe544ced0f3
2019-10-16 22:15:02,197 [grpc-default-executor-23] INFO  impl.RoleInfo (RoleInfo.java:shutdownFollowerState(121)) - eec99a0c-e1b1-4518-bc49-9d1a8c8e04d5: shutdown FollowerState
2019-10-16 22:15:02,197 [grpc-default-executor-18] INFO  impl.RaftServerImpl (RaftServerImpl.java:setRole(184)) - d9e6ea44-93db-446f-8020-a94232284285@group-83CFD60236D8: changes role from  FOLLOWER to FOLLOWER at term 158 for recognizeCandidate:3989452c-7599-4156-9543-3fe544ced0f3
2019-10-16 22:15:02,197 [grpc-default-executor-18] INFO  impl.RoleInfo (RoleInfo.java:shutdownFollowerState(121)) - d9e6ea44-93db-446f-8020-a94232284285: shutdown FollowerState
2019-10-16 22:15:02,197 [Thread-1915] INFO  impl.FollowerState (FollowerState.java:run(117)) - eec99a0c-e1b1-4518-bc49-9d1a8c8e04d5@group-83CFD60236D8-FollowerState was interrupted: java.lang.InterruptedException: sleep interrupted
2019-10-16 22:15:02,197 [grpc-default-executor-23] INFO  impl.RoleInfo (RoleInfo.java:updateAndGet(143)) - eec99a0c-e1b1-4518-bc49-9d1a8c8e04d5: start FollowerState
2019-10-16 22:15:02,197 [Thread-1916] INFO  impl.FollowerState (FollowerState.java:run(117)) - d9e6ea44-93db-446f-8020-a94232284285@group-83CFD60236D8-FollowerState was interrupted: java.lang.InterruptedException: sleep interrupted
2019-10-16 22:15:02,197 [grpc-default-executor-18] INFO  impl.RoleInfo (RoleInfo.java:updateAndGet(143)) - d9e6ea44-93db-446f-8020-a94232284285: start FollowerState
2019-10-16 22:15:02,224 [3989452c-7599-4156-9543-3fe544ced0f3@group-83CFD60236D8-LeaderElection154] INFO  impl.LeaderElection (LeaderElection.java:logAndReturn(56)) - 3989452c-7599-4156-9543-3fe544ced0f3@group-83CFD60236D8-LeaderElection154: Election REJECTED; received 2 response(s) [3989452c-7599-4156-9543-3fe544ced0f3<-eec99a0c-e1b1-4518-bc49-9d1a8c8e04d5#0:FAIL-t158, 3989452c-7599-4156-9543-3fe544ced0f3<-d9e6ea44-93db-446f-8020-a94232284285#0:FAIL-t158] and 0 exception(s); 3989452c-7599-4156-9543-3fe544ced0f3@group-83CFD60236D8:t158, leader=null, voted=3989452c-7599-4156-9543-3fe544ced0f3, raftlog=3989452c-7599-4156-9543-3fe544ced0f3@group-83CFD60236D8-SegmentedRaftLog:OPENED:c-1,f-1,i0, conf=-1: [3989452c-7599-4156-9543-3fe544ced0f3:192.168.157.254:36320, eec99a0c-e1b1-4518-bc49-9d1a8c8e04d5:192.168.157.254:45598, d9e6ea44-93db-446f-8020-a94232284285:192.168.157.254:41671], old=null
2019-10-16 22:15:02,224 [3989452c-7599-4156-9543-3fe544ced0f3@group-83CFD60236D8-LeaderElection154] INFO  impl.RaftServerImpl (RaftServerImpl.java:setRole(184)) - 3989452c-7599-4156-9543-3fe544ced0f3@group-83CFD60236D8: changes role from CANDIDATE to FOLLOWER at term 158 for DISCOVERED_A_NEW_TERM
2019-10-16 22:15:02,224 [3989452c-7599-4156-9543-3fe544ced0f3@group-83CFD60236D8-LeaderElection154] INFO  impl.RoleInfo (RoleInfo.java:shutdownLeaderElection(134)) - 3989452c-7599-4156-9543-3fe544ced0f3: shutdown LeaderElection
2019-10-16 22:15:02,224 [3989452c-7599-4156-9543-3fe544ced0f3@group-83CFD60236D8-LeaderElection154] INFO  impl.RoleInfo (RoleInfo.java:updateAndGet(143)) - 3989452c-7599-4156-9543-3fe544ced0f3: start FollowerState
2019-10-16 22:15:02,375 [Thread-1923] INFO  impl.FollowerState (FollowerState.java:run(108)) - 3989452c-7599-4156-9543-3fe544ced0f3@group-83CFD60236D8-FollowerState: change to CANDIDATE, lastRpcTime:150ms, electionTimeout:150ms
2019-10-16 22:15:02,375 [Thread-1923] INFO  impl.RoleInfo (RoleInfo.java:shutdownFollowerState(121)) - 3989452c-7599-4156-9543-3fe544ced0f3: shutdown FollowerState
2019-10-16 22:15:02,375 [Thread-1923] INFO  impl.RaftServerImpl (RaftServerImpl.java:setRole(184)) - 3989452c-7599-4156-9543-3fe544ced0f3@group-83CFD60236D8: changes role from  FOLLOWER to CANDIDATE at term 158 for changeToCandidate
2019-10-16 22:15:02,375 [Thread-1923] INFO  impl.RoleInfo (RoleInfo.java:updateAndGet(143)) - 3989452c-7599-4156-9543-3fe544ced0f3: start LeaderElection
2019-10-16 22:15:02,401 [3989452c-7599-4156-9543-3fe544ced0f3@group-83CFD60236D8-LeaderElection155] INFO  impl.LeaderElection (LeaderElection.java:askForVotes(178)) - 3989452c-7599-4156-9543-3fe544ced0f3@group-83CFD60236D8-LeaderElection155: begin an election at term 159 for -1: [3989452c-7599-4156-9543-3fe544ced0f3:192.168.157.254:36320, eec99a0c-e1b1-4518-bc49-9d1a8c8e04d5:192.168.157.254:45598, d9e6ea44-93db-446f-8020-a94232284285:192.168.157.254:41671], old=null
2019-10-16 22:15:02,403 [grpc-default-executor-18] INFO  impl.RaftServerImpl (RaftServerImpl.java:setRole(184)) - eec99a0c-e1b1-4518-bc49-9d1a8c8e04d5@group-83CFD60236D8: changes role from  FOLLOWER to FOLLOWER at term 159 for recognizeCandidate:3989452c-7599-4156-9543-3fe544ced0f3
2019-10-16 22:15:02,404 [grpc-default-executor-18] INFO  impl.RoleInfo (RoleInfo.java:shutdownFollowerState(121)) - eec99a0c-e1b1-4518-bc49-9d1a8c8e04d5: shutdown FollowerState
2019-10-16 22:15:02,404 [grpc-default-executor-23] INFO  impl.RaftServerImpl (RaftServerImpl.java:setRole(184)) - d9e6ea44-93db-446f-8020-a94232284285@group-83CFD60236D8: changes role from  FOLLOWER to FOLLOWER at term 159 for recognizeCandidate:3989452c-7599-4156-9543-3fe544ced0f3
2019-10-16 22:15:02,404 [Thread-1921] INFO  impl.FollowerState (FollowerState.java:run(117)) - eec99a0c-e1b1-4518-bc49-9d1a8c8e04d5@group-83CFD60236D8-FollowerState was interrupted: java.lang.InterruptedException: sleep interrupted
2019-10-16 22:15:02,404 [grpc-default-executor-18] INFO  impl.RoleInfo (RoleInfo.java:updateAndGet(143)) - eec99a0c-e1b1-4518-bc49-9d1a8c8e04d5: start FollowerState
2019-10-16 22:15:02,404 [grpc-default-executor-23] INFO  impl.RoleInfo (RoleInfo.java:shutdownFollowerState(121)) - d9e6ea44-93db-446f-8020-a94232284285: shutdown FollowerState
2019-10-16 22:15:02,404 [grpc-default-executor-23] INFO  impl.RoleInfo (RoleInfo.java:updateAndGet(143)) - d9e6ea44-93db-446f-8020-a94232284285: start FollowerState
2019-10-16 22:15:02,404 [Thread-1922] INFO  impl.FollowerState (FollowerState.java:run(117)) - d9e6ea44-93db-446f-8020-a94232284285@group-83CFD60236D8-FollowerState was interrupted: java.lang.InterruptedException: sleep interrupted
2019-10-16 22:15:02,420 [3989452c-7599-4156-9543-3fe544ced0f3@group-83CFD60236D8-LeaderElection155] INFO  impl.LeaderElection (LeaderElection.java:logAndReturn(56)) - 3989452c-7599-4156-9543-3fe544ced0f3@group-83CFD60236D8-LeaderElection155: Election REJECTED; received 2 response(s) [3989452c-7599-4156-9543-3fe544ced0f3<-eec99a0c-e1b1-4518-bc49-9d1a8c8e04d5#0:FAIL-t159, 3989452c-7599-4156-9543-3fe544ced0f3<-d9e6ea44-93db-446f-8020-a94232284285#0:FAIL-t159] and 0 exception(s); 3989452c-7599-4156-9543-3fe544ced0f3@group-83CFD60236D8:t159, leader=null, voted=3989452c-7599-4156-9543-3fe544ced0f3, raftlog=3989452c-7599-4156-9543-3fe544ced0f3@group-83CFD60236D8-SegmentedRaftLog:OPENED:c-1,f-1,i0, conf=-1: [3989452c-7599-4156-9543-3fe544ced0f3:192.168.157.254:36320, eec99a0c-e1b1-4518-bc49-9d1a8c8e04d5:192.168.157.254:45598, d9e6ea44-93db-446f-8020-a94232284285:192.168.157.254:41671], old=null
2019-10-16 22:15:02,420 [3989452c-7599-4156-9543-3fe544ced0f3@group-83CFD60236D8-LeaderElection155] INFO  impl.RaftServerImpl (RaftServerImpl.java:setRole(184)) - 3989452c-7599-4156-9543-3fe544ced0f3@group-83CFD60236D8: changes role from CANDIDATE to FOLLOWER at term 159 for DISCOVERED_A_NEW_TERM
2019-10-16 22:15:02,420 [3989452c-7599-4156-9543-3fe544ced0f3@group-83CFD60236D8-LeaderElection155] INFO  impl.RoleInfo (RoleInfo.java:shutdownLeaderElection(134)) - 3989452c-7599-4156-9543-3fe544ced0f3: shutdown LeaderElection
2019-10-16 22:15:02,420 [3989452c-7599-4156-9543-3fe544ced0f3@group-83CFD60236D8-LeaderElection155] INFO  impl.RoleInfo (RoleInfo.java:updateAndGet(143)) - 3989452c-7599-4156-9543-3fe544ced0f3: start FollowerState
2019-10-16 22:15:02,620 [Thread-1929] INFO  impl.FollowerState (FollowerState.java:run(108)) - 3989452c-7599-4156-9543-3fe544ced0f3@group-83CFD60236D8-FollowerState: change to CANDIDATE, lastRpcTime:200ms, electionTimeout:200ms
2019-10-16 22:15:02,621 [Thread-1929] INFO  impl.RoleInfo (RoleInfo.java:shutdownFollowerState(121)) - 3989452c-7599-4156-9543-3fe544ced0f3: shutdown FollowerState
2019-10-16 22:15:02,621 [Thread-1929] INFO  impl.RaftServerImpl (RaftServerImpl.java:setRole(184)) - 3989452c-7599-4156-9543-3fe544ced0f3@group-83CFD60236D8: changes role from  FOLLOWER to CANDIDATE at term 159 for changeToCandidate
2019-10-16 22:15:02,621 [Thread-1929] INFO  impl.RoleInfo (RoleInfo.java:updateAndGet(143)) - 3989452c-7599-4156-9543-3fe544ced0f3: start LeaderElection
2019-10-16 22:15:02,636 [3989452c-7599-4156-9543-3fe544ced0f3@group-83CFD60236D8-LeaderElection156] INFO  impl.LeaderElection (LeaderElection.java:askForVotes(178)) - 3989452c-7599-4156-9543-3fe544ced0f3@group-83CFD60236D8-LeaderElection156: begin an election at term 160 for -1: [3989452c-7599-4156-9543-3fe544ced0f3:192.168.157.254:36320, eec99a0c-e1b1-4518-bc49-9d1a8c8e04d5:192.168.157.254:45598, d9e6ea44-93db-446f-8020-a94232284285:192.168.157.254:41671], old=null
2019-10-16 22:15:02,640 [grpc-default-executor-18] INFO  impl.RaftServerImpl (RaftServerImpl.java:setRole(184)) - eec99a0c-e1b1-4518-bc49-9d1a8c8e04d5@group-83CFD60236D8: changes role from  FOLLOWER to FOLLOWER at term 160 for recognizeCandidate:3989452c-7599-4156-9543-3fe544ced0f3
2019-10-16 22:15:02,640 [grpc-default-executor-23] INFO  impl.RaftServerImpl (RaftServerImpl.java:setRole(184)) - d9e6ea44-93db-446f-8020-a94232284285@group-83CFD60236D8: changes role from  FOLLOWER to FOLLOWER at term 160 for recognizeCandidate:3989452c-7599-4156-9543-3fe544ced0f3
2019-10-16 22:15:02,640 [grpc-default-executor-18] INFO  impl.RoleInfo (RoleInfo.java:shutdownFollowerState(121)) - eec99a0c-e1b1-4518-bc49-9d1a8c8e04d5: shutdown FollowerState
2019-10-16 22:15:02,640 [grpc-default-executor-23] INFO  impl.RoleInfo (RoleInfo.java:shutdownFollowerState(121)) - d9e6ea44-93db-446f-8020-a94232284285: shutdown FollowerState
2019-10-16 22:15:02,640 [Thread-1927] INFO  impl.FollowerState (FollowerState.java:run(117)) - eec99a0c-e1b1-4518-bc49-9d1a8c8e04d5@group-83CFD60236D8-FollowerState was interrupted: java.lang.InterruptedException: sleep interrupted
2019-10-16 22:15:02,640 [grpc-default-executor-18] INFO  impl.RoleInfo (RoleInfo.java:updateAndGet(143)) - eec99a0c-e1b1-4518-bc49-9d1a8c8e04d5: start FollowerState
2019-10-16 22:15:02,640 [Thread-1928] INFO  impl.FollowerState (FollowerState.java:run(117)) - d9e6ea44-93db-446f-8020-a94232284285@group-83CFD60236D8-FollowerState was interrupted: java.lang.InterruptedException: sleep interrupted
2019-10-16 22:15:02,640 [grpc-default-executor-23] INFO  impl.RoleInfo (RoleInfo.java:updateAndGet(143)) - d9e6ea44-93db-446f-8020-a94232284285: start FollowerState
2019-10-16 22:15:02,655 [3989452c-7599-4156-9543-3fe544ced0f3@group-83CFD60236D8-LeaderElection156] INFO  impl.LeaderElection (LeaderElection.java:logAndReturn(56)) - 3989452c-7599-4156-9543-3fe544ced0f3@group-83CFD60236D8-LeaderElection156: Election REJECTED; received 2 response(s) [3989452c-7599-4156-9543-3fe544ced0f3<-eec99a0c-e1b1-4518-bc49-9d1a8c8e04d5#0:FAIL-t160, 3989452c-7599-4156-9543-3fe544ced0f3<-d9e6ea44-93db-446f-8020-a94232284285#0:FAIL-t160] and 0 exception(s); 3989452c-7599-4156-9543-3fe544ced0f3@group-83CFD60236D8:t160, leader=null, voted=3989452c-7599-4156-9543-3fe544ced0f3, raftlog=3989452c-7599-4156-9543-3fe544ced0f3@group-83CFD60236D8-SegmentedRaftLog:OPENED:c-1,f-1,i0, conf=-1: [3989452c-7599-4156-9543-3fe544ced0f3:192.168.157.254:36320, eec99a0c-e1b1-4518-bc49-9d1a8c8e04d5:192.168.157.254:45598, d9e6ea44-93db-446f-8020-a94232284285:192.168.157.254:41671], old=null
2019-10-16 22:15:02,655 [3989452c-7599-4156-9543-3fe544ced0f3@group-83CFD60236D8-LeaderElection156] INFO  impl.RaftServerImpl (RaftServerImpl.java:setRole(184)) - 3989452c-7599-4156-9543-3fe544ced0f3@group-83CFD60236D8: changes role from CANDIDATE to FOLLOWER at term 160 for DISCOVERED_A_NEW_TERM
2019-10-16 22:15:02,655 [3989452c-7599-4156-9543-3fe544ced0f3@group-83CFD60236D8-LeaderElection156] INFO  impl.RoleInfo (RoleInfo.java:shutdownLeaderElection(134)) - 3989452c-7599-4156-9543-3fe544ced0f3: shutdown LeaderElection
2019-10-16 22:15:02,655 [3989452c-7599-4156-9543-3fe544ced0f3@group-83CFD60236D8-LeaderElection156] INFO  impl.RoleInfo (RoleInfo.java:updateAndGet(143)) - 3989452c-7599-4156-9543-3fe544ced0f3: start FollowerState
2019-10-16 22:15:02,811 [Thread-1935] INFO  impl.FollowerState (FollowerState.java:run(108)) - 3989452c-7599-4156-9543-3fe544ced0f3@group-83CFD60236D8-FollowerState: change to CANDIDATE, lastRpcTime:155ms, electionTimeout:155ms
2019-10-16 22:15:02,811 [Thread-1935] INFO  impl.RoleInfo (RoleInfo.java:shutdownFollowerState(121)) - 3989452c-7599-4156-9543-3fe544ced0f3: shutdown FollowerState
2019-10-16 22:15:02,811 [Thread-1935] INFO  impl.RaftServerImpl (RaftServerImpl.java:setRole(184)) - 3989452c-7599-4156-9543-3fe544ced0f3@group-83CFD60236D8: changes role from  FOLLOWER to CANDIDATE at term 160 for changeToCandidate
2019-10-16 22:15:02,811 [Thread-1935] INFO  impl.RoleInfo (RoleInfo.java:updateAndGet(143)) - 3989452c-7599-4156-9543-3fe544ced0f3: start LeaderElection
2019-10-16 22:15:02,824 [3989452c-7599-4156-9543-3fe544ced0f3@group-83CFD60236D8-LeaderElection157] INFO  impl.LeaderElection (LeaderElection.java:askForVotes(178)) - 3989452c-7599-4156-9543-3fe544ced0f3@group-83CFD60236D8-LeaderElection157: begin an election at term 161 for -1: [3989452c-7599-4156-9543-3fe544ced0f3:192.168.157.254:36320, eec99a0c-e1b1-4518-bc49-9d1a8c8e04d5:192.168.157.254:45598, d9e6ea44-93db-446f-8020-a94232284285:192.168.157.254:41671], old=null
2019-10-16 22:15:02,827 [grpc-default-executor-23] INFO  impl.RaftServerImpl (RaftServerImpl.java:setRole(184)) - eec99a0c-e1b1-4518-bc49-9d1a8c8e04d5@group-83CFD60236D8: changes role from  FOLLOWER to FOLLOWER at term 161 for recognizeCandidate:3989452c-7599-4156-9543-3fe544ced0f3
2019-10-16 22:15:02,827 [grpc-default-executor-23] INFO  impl.RoleInfo (RoleInfo.java:shutdownFollowerState(121)) - eec99a0c-e1b1-4518-bc49-9d1a8c8e04d5: shutdown FollowerState
2019-10-16 22:15:02,827 [grpc-default-executor-18] INFO  impl.RaftServerImpl (RaftServerImpl.java:setRole(184)) - d9e6ea44-93db-446f-8020-a94232284285@group-83CFD60236D8: changes role from  FOLLOWER to FOLLOWER at term 161 for recognizeCandidate:3989452c-7599-4156-9543-3fe544ced0f3
2019-10-16 22:15:02,827 [Thread-1933] INFO  impl.FollowerState (FollowerState.java:run(117)) - eec99a0c-e1b1-4518-bc49-9d1a8c8e04d5@group-83CFD60236D8-FollowerState was interrupted: java.lang.InterruptedException: sleep interrupted
2019-10-16 22:15:02,827 [grpc-default-executor-23] INFO  impl.RoleInfo (RoleInfo.java:updateAndGet(143)) - eec99a0c-e1b1-4518-bc49-9d1a8c8e04d5: start FollowerState
2019-10-16 22:15:02,827 [grpc-default-executor-18] INFO  impl.RoleInfo (RoleInfo.java:shutdownFollowerState(121)) - d9e6ea44-93db-446f-8020-a94232284285: shutdown FollowerState
2019-10-16 22:15:02,827 [grpc-default-executor-18] INFO  impl.RoleInfo (RoleInfo.java:updateAndGet(143)) - d9e6ea44-93db-446f-8020-a94232284285: start FollowerState
2019-10-16 22:15:02,828 [Thread-1934] INFO  impl.FollowerState (FollowerState.java:run(117)) - d9e6ea44-93db-446f-8020-a94232284285@group-83CFD60236D8-FollowerState was interrupted: java.lang.InterruptedException: sleep interrupted
2019-10-16 22:15:02,853 [3989452c-7599-4156-9543-3fe544ced0f3@group-83CFD60236D8-LeaderElection157] INFO  impl.LeaderElection (LeaderElection.java:logAndReturn(56)) - 3989452c-7599-4156-9543-3fe544ced0f3@group-83CFD60236D8-LeaderElection157: Election REJECTED; received 2 response(s) [3989452c-7599-4156-9543-3fe544ced0f3<-eec99a0c-e1b1-4518-bc49-9d1a8c8e04d5#0:FAIL-t161, 3989452c-7599-4156-9543-3fe544ced0f3<-d9e6ea44-93db-446f-8020-a94232284285#0:FAIL-t161] and 0 exception(s); 3989452c-7599-4156-9543-3fe544ced0f3@group-83CFD60236D8:t161, leader=null, voted=3989452c-7599-4156-9543-3fe544ced0f3, raftlog=3989452c-7599-4156-9543-3fe544ced0f3@group-83CFD60236D8-SegmentedRaftLog:OPENED:c-1,f-1,i0, conf=-1: [3989452c-7599-4156-9543-3fe544ced0f3:192.168.157.254:36320, eec99a0c-e1b1-4518-bc49-9d1a8c8e04d5:192.168.157.254:45598, d9e6ea44-93db-446f-8020-a94232284285:192.168.157.254:41671], old=null
2019-10-16 22:15:02,853 [3989452c-7599-4156-9543-3fe544ced0f3@group-83CFD60236D8-LeaderElection157] INFO  impl.RaftServerImpl (RaftServerImpl.java:setRole(184)) - 3989452c-7599-4156-9543-3fe544ced0f3@group-83CFD60236D8: changes role from CANDIDATE to FOLLOWER at term 161 for DISCOVERED_A_NEW_TERM
2019-10-16 22:15:02,853 [3989452c-7599-4156-9543-3fe544ced0f3@group-83CFD60236D8-LeaderElection157] INFO  impl.RoleInfo (RoleInfo.java:shutdownLeaderElection(134)) - 3989452c-7599-4156-9543-3fe544ced0f3: shutdown LeaderElection
2019-10-16 22:15:02,853 [3989452c-7599-4156-9543-3fe544ced0f3@group-83CFD60236D8-LeaderElection157] INFO  impl.RoleInfo (RoleInfo.java:updateAndGet(143)) - 3989452c-7599-4156-9543-3fe544ced0f3: start FollowerState
2019-10-16 22:15:03,008 [Thread-1941] INFO  impl.FollowerState (FollowerState.java:run(108)) - 3989452c-7599-4156-9543-3fe544ced0f3@group-83CFD60236D8-FollowerState: change to CANDIDATE, lastRpcTime:155ms, electionTimeout:155ms
2019-10-16 22:15:03,009 [Thread-1941] INFO  impl.RoleInfo (RoleInfo.java:shutdownFollowerState(121)) - 3989452c-7599-4156-9543-3fe544ced0f3: shutdown FollowerState
2019-10-16 22:15:03,009 [Thread-1941] INFO  impl.RaftServerImpl (RaftServerImpl.java:setRole(184)) - 3989452c-7599-4156-9543-3fe544ced0f3@group-83CFD60236D8: changes role from  FOLLOWER to CANDIDATE at term 161 for changeToCandidate
2019-10-16 22:15:03,009 [Thread-1941] INFO  impl.RoleInfo (RoleInfo.java:updateAndGet(143)) - 3989452c-7599-4156-9543-3fe544ced0f3: start LeaderElection
2019-10-16 22:15:03,030 [3989452c-7599-4156-9543-3fe544ced0f3@group-83CFD60236D8-LeaderElection158] INFO  impl.LeaderElection (LeaderElection.java:askForVotes(178)) - 3989452c-7599-4156-9543-3fe544ced0f3@group-83CFD60236D8-LeaderElection158: begin an election at term 162 for -1: [3989452c-7599-4156-9543-3fe544ced0f3:192.168.157.254:36320, eec99a0c-e1b1-4518-bc49-9d1a8c8e04d5:192.168.157.254:45598, d9e6ea44-93db-446f-8020-a94232284285:192.168.157.254:41671], old=null
 0.00% |?                                                                                                    |  0/1 Time: 0:06:192019-10-16 22:15:03,032 [grpc-default-executor-18] INFO  impl.RaftServerImpl (RaftServerImpl.java:setRole(184)) - eec99a0c-e1b1-4518-bc49-9d1a8c8e04d5@group-83CFD60236D8: changes role from  FOLLOWER to FOLLOWER at term 162 for recognizeCandidate:3989452c-7599-4156-9543-3fe544ced0f3
2019-10-16 22:15:03,032 [grpc-default-executor-23] INFO  impl.RaftServerImpl (RaftServerImpl.java:setRole(184)) - d9e6ea44-93db-446f-8020-a94232284285@group-83CFD60236D8: changes role from  FOLLOWER to FOLLOWER at term 162 for recognizeCandidate:3989452c-7599-4156-9543-3fe544ced0f3
2019-10-16 22:15:03,033 [grpc-default-executor-18] INFO  impl.RoleInfo (RoleInfo.java:shutdownFollowerState(121)) - eec99a0c-e1b1-4518-bc49-9d1a8c8e04d5: shutdown FollowerState
2019-10-16 22:15:03,033 [grpc-default-executor-23] INFO  impl.RoleInfo (RoleInfo.java:shutdownFollowerState(121)) - d9e6ea44-93db-446f-8020-a94232284285: shutdown FollowerState
2019-10-16 22:15:03,033 [Thread-1939] INFO  impl.FollowerState (FollowerState.java:run(117)) - eec99a0c-e1b1-4518-bc49-9d1a8c8e04d5@group-83CFD60236D8-FollowerState was interrupted: java.lang.InterruptedException: sleep interrupted
2019-10-16 22:15:03,033 [grpc-default-executor-18] INFO  impl.RoleInfo (RoleInfo.java:updateAndGet(143)) - eec99a0c-e1b1-4518-bc49-9d1a8c8e04d5: start FollowerState
2019-10-16 22:15:03,033 [Thread-1940] INFO  impl.FollowerState (FollowerState.java:run(117)) - d9e6ea44-93db-446f-8020-a94232284285@group-83CFD60236D8-FollowerState was interrupted: java.lang.InterruptedException: sleep interrupted
2019-10-16 22:15:03,033 [grpc-default-executor-23] INFO  impl.RoleInfo (RoleInfo.java:updateAndGet(143)) - d9e6ea44-93db-446f-8020-a94232284285: start FollowerState
2019-10-16 22:15:03,041 [3989452c-7599-4156-9543-3fe544ced0f3@group-83CFD60236D8-LeaderElection158] INFO  impl.LeaderElection (LeaderElection.java:logAndReturn(56)) - 3989452c-7599-4156-9543-3fe544ced0f3@group-83CFD60236D8-LeaderElection158: Election REJECTED; received 2 response(s) [3989452c-7599-4156-9543-3fe544ced0f3<-eec99a0c-e1b1-4518-bc49-9d1a8c8e04d5#0:FAIL-t162, 3989452c-7599-4156-9543-3fe544ced0f3<-d9e6ea44-93db-446f-8020-a94232284285#0:FAIL-t162] and 0 exception(s); 3989452c-7599-4156-9543-3fe544ced0f3@group-83CFD60236D8:t162, leader=null, voted=3989452c-7599-4156-9543-3fe544ced0f3, raftlog=3989452c-7599-4156-9543-3fe544ced0f3@group-83CFD60236D8-SegmentedRaftLog:OPENED:c-1,f-1,i0, conf=-1: [3989452c-7599-4156-9543-3fe544ced0f3:192.168.157.254:36320, eec99a0c-e1b1-4518-bc49-9d1a8c8e04d5:192.168.157.254:45598, d9e6ea44-93db-446f-8020-a94232284285:192.168.157.254:41671], old=null
2019-10-16 22:15:03,041 [3989452c-7599-4156-9543-3fe544ced0f3@group-83CFD60236D8-LeaderElection158] INFO  impl.RaftServerImpl (RaftServerImpl.java:setRole(184)) - 3989452c-7599-4156-9543-3fe544ced0f3@group-83CFD60236D8: changes role from CANDIDATE to FOLLOWER at term 162 for DISCOVERED_A_NEW_TERM
2019-10-16 22:15:03,041 [3989452c-7599-4156-9543-3fe544ced0f3@group-83CFD60236D8-LeaderElection158] INFO  impl.RoleInfo (RoleInfo.java:shutdownLeaderElection(134)) - 3989452c-7599-4156-9543-3fe544ced0f3: shutdown LeaderElection
2019-10-16 22:15:03,041 [3989452c-7599-4156-9543-3fe544ced0f3@group-83CFD60236D8-LeaderElection158] INFO  impl.RoleInfo (RoleInfo.java:updateAndGet(143)) - 3989452c-7599-4156-9543-3fe544ced0f3: start FollowerState
2019-10-16 22:15:03,056 [Thread-1947] INFO  impl.FollowerState (FollowerState.java:run(108)) - 3989452c-7599-4156-9543-3fe544ced0f3@group-83CFD60236D8-FollowerState: change to CANDIDATE, lastRpcTime:14ms, electionTimeout:14ms
2019-10-16 22:15:03,056 [Thread-1947] INFO  impl.RoleInfo (RoleInfo.java:shutdownFollowerState(121)) - 3989452c-7599-4156-9543-3fe544ced0f3: shutdown FollowerState
2019-10-16 22:15:03,056 [Thread-1947] INFO  impl.RaftServerImpl (RaftServerImpl.java:setRole(184)) - 3989452c-7599-4156-9543-3fe544ced0f3@group-83CFD60236D8: changes role from  FOLLOWER to CANDIDATE at term 162 for changeToCandidate
2019-10-16 22:15:03,056 [Thread-1947] INFO  impl.RoleInfo (RoleInfo.java:updateAndGet(143)) - 3989452c-7599-4156-9543-3fe544ced0f3: start LeaderElection
2019-10-16 22:15:03,061 [3989452c-7599-4156-9543-3fe544ced0f3@group-83CFD60236D8-LeaderElection159] INFO  impl.LeaderElection (LeaderElection.java:askForVotes(178)) - 3989452c-7599-4156-9543-3fe544ced0f3@group-83CFD60236D8-LeaderElection159: begin an election at term 163 for -1: [3989452c-7599-4156-9543-3fe544ced0f3:192.168.157.254:36320, eec99a0c-e1b1-4518-bc49-9d1a8c8e04d5:192.168.157.254:45598, d9e6ea44-93db-446f-8020-a94232284285:192.168.157.254:41671], old=null
2019-10-16 22:15:03,062 [grpc-default-executor-18] INFO  impl.RaftServerImpl (RaftServerImpl.java:setRole(184)) - eec99a0c-e1b1-4518-bc49-9d1a8c8e04d5@group-83CFD60236D8: changes role from  FOLLOWER to FOLLOWER at term 163 for recognizeCandidate:3989452c-7599-4156-9543-3fe544ced0f3
2019-10-16 22:15:03,062 [grpc-default-executor-18] INFO  impl.RoleInfo (RoleInfo.java:shutdownFollowerState(121)) - eec99a0c-e1b1-4518-bc49-9d1a8c8e04d5: shutdown FollowerState
2019-10-16 22:15:03,062 [grpc-default-executor-18] INFO  impl.RoleInfo (RoleInfo.java:updateAndGet(143)) - eec99a0c-e1b1-4518-bc49-9d1a8c8e04d5: start FollowerState
2019-10-16 22:15:03,063 [Thread-1945] INFO  impl.FollowerState (FollowerState.java:run(117)) - eec99a0c-e1b1-4518-bc49-9d1a8c8e04d5@group-83CFD60236D8-FollowerState was interrupted: java.lang.InterruptedException: sleep interrupted
2019-10-16 22:15:03,063 [grpc-default-executor-23] INFO  impl.RaftServerImpl (RaftServerImpl.java:setRole(184)) - d9e6ea44-93db-446f-8020-a94232284285@group-83CFD60236D8: changes role from  FOLLOWER to FOLLOWER at term 163 for recognizeCandidate:3989452c-7599-4156-9543-3fe544ced0f3
2019-10-16 22:15:03,063 [grpc-default-executor-23] INFO  impl.RoleInfo (RoleInfo.java:shutdownFollowerState(121)) - d9e6ea44-93db-446f-8020-a94232284285: shutdown FollowerState
2019-10-16 22:15:03,063 [grpc-default-executor-23] INFO  impl.RoleInfo (RoleInfo.java:updateAndGet(143)) - d9e6ea44-93db-446f-8020-a94232284285: start FollowerState
2019-10-16 22:15:03,063 [Thread-1946] INFO  impl.FollowerState (FollowerState.java:run(117)) - d9e6ea44-93db-446f-8020-a94232284285@group-83CFD60236D8-FollowerState was interrupted: java.lang.InterruptedException: sleep interrupted
2019-10-16 22:15:03,069 [3989452c-7599-4156-9543-3fe544ced0f3@group-83CFD60236D8-LeaderElection159] INFO  impl.LeaderElection (LeaderElection.java:logAndReturn(56)) - 3989452c-7599-4156-9543-3fe544ced0f3@group-83CFD60236D8-LeaderElection159: Election REJECTED; received 2 response(s) [3989452c-7599-4156-9543-3fe544ced0f3<-eec99a0c-e1b1-4518-bc49-9d1a8c8e04d5#0:FAIL-t163, 3989452c-7599-4156-9543-3fe544ced0f3<-d9e6ea44-93db-446f-8020-a94232284285#0:FAIL-t163] and 0 exception(s); 3989452c-7599-4156-9543-3fe544ced0f3@group-83CFD60236D8:t163, leader=null, voted=3989452c-7599-4156-9543-3fe544ced0f3, raftlog=3989452c-7599-4156-9543-3fe544ced0f3@group-83CFD60236D8-SegmentedRaftLog:OPENED:c-1,f-1,i0, conf=-1: [3989452c-7599-4156-9543-3fe544ced0f3:192.168.157.254:36320, eec99a0c-e1b1-4518-bc49-9d1a8c8e04d5:192.168.157.254:45598, d9e6ea44-93db-446f-8020-a94232284285:192.168.157.254:41671], old=null
2019-10-16 22:15:03,070 [3989452c-7599-4156-9543-3fe544ced0f3@group-83CFD60236D8-LeaderElection159] INFO  impl.RaftServerImpl (RaftServerImpl.java:setRole(184)) - 3989452c-7599-4156-9543-3fe544ced0f3@group-83CFD60236D8: changes role from CANDIDATE to FOLLOWER at term 163 for DISCOVERED_A_NEW_TERM
2019-10-16 22:15:03,070 [3989452c-7599-4156-9543-3fe544ced0f3@group-83CFD60236D8-LeaderElection159] INFO  impl.RoleInfo (RoleInfo.java:shutdownLeaderElection(134)) - 3989452c-7599-4156-9543-3fe544ced0f3: shutdown LeaderElection
2019-10-16 22:15:03,070 [3989452c-7599-4156-9543-3fe544ced0f3@group-83CFD60236D8-LeaderElection159] INFO  impl.RoleInfo (RoleInfo.java:updateAndGet(143)) - 3989452c-7599-4156-9543-3fe544ced0f3: start FollowerState
2019-10-16 22:15:03,144 [Thread-1953] INFO  impl.FollowerState (FollowerState.java:run(108)) - 3989452c-7599-4156-9543-3fe544ced0f3@group-83CFD60236D8-FollowerState: change to CANDIDATE, lastRpcTime:74ms, electionTimeout:74ms
2019-10-16 22:15:03,144 [Thread-1953] INFO  impl.RoleInfo (RoleInfo.java:shutdownFollowerState(121)) - 3989452c-7599-4156-9543-3fe544ced0f3: shutdown FollowerState
2019-10-16 22:15:03,144 [Thread-1953] INFO  impl.RaftServerImpl (RaftServerImpl.java:setRole(184)) - 3989452c-7599-4156-9543-3fe544ced0f3@group-83CFD60236D8: changes role from  FOLLOWER to CANDIDATE at term 163 for changeToCandidate
2019-10-16 22:15:03,144 [Thread-1953] INFO  impl.RoleInfo (RoleInfo.java:updateAndGet(143)) - 3989452c-7599-4156-9543-3fe544ced0f3: start LeaderElection
2019-10-16 22:15:03,170 [3989452c-7599-4156-9543-3fe544ced0f3@group-83CFD60236D8-LeaderElection160] INFO  impl.LeaderElection (LeaderElection.java:askForVotes(178)) - 3989452c-7599-4156-9543-3fe544ced0f3@group-83CFD60236D8-LeaderElection160: begin an election at term 164 for -1: [3989452c-7599-4156-9543-3fe544ced0f3:192.168.157.254:36320, eec99a0c-e1b1-4518-bc49-9d1a8c8e04d5:192.168.157.254:45598, d9e6ea44-93db-446f-8020-a94232284285:192.168.157.254:41671], old=null
2019-10-16 22:15:03,172 [grpc-default-executor-23] INFO  impl.RaftServerImpl (RaftServerImpl.java:setRole(184)) - eec99a0c-e1b1-4518-bc49-9d1a8c8e04d5@group-83CFD60236D8: changes role from  FOLLOWER to FOLLOWER at term 164 for recognizeCandidate:3989452c-7599-4156-9543-3fe544ced0f3
2019-10-16 22:15:03,172 [grpc-default-executor-23] INFO  impl.RoleInfo (RoleInfo.java:shutdownFollowerState(121)) - eec99a0c-e1b1-4518-bc49-9d1a8c8e04d5: shutdown FollowerState
2019-10-16 22:15:03,172 [grpc-default-executor-18] INFO  impl.RaftServerImpl (RaftServerImpl.java:setRole(184)) - d9e6ea44-93db-446f-8020-a94232284285@group-83CFD60236D8: changes role from  FOLLOWER to FOLLOWER at term 164 for recognizeCandidate:3989452c-7599-4156-9543-3fe544ced0f3
2019-10-16 22:15:03,172 [Thread-1951] INFO  impl.FollowerState (FollowerState.java:run(117)) - eec99a0c-e1b1-4518-bc49-9d1a8c8e04d5@group-83CFD60236D8-FollowerState was interrupted: java.lang.InterruptedException: sleep interrupted
2019-10-16 22:15:03,172 [grpc-default-executor-23] INFO  impl.RoleInfo (RoleInfo.java:updateAndGet(143)) - eec99a0c-e1b1-4518-bc49-9d1a8c8e04d5: start FollowerState
2019-10-16 22:15:03,172 [grpc-default-executor-18] INFO  impl.RoleInfo (RoleInfo.java:shutdownFollowerState(121)) - d9e6ea44-93db-446f-8020-a94232284285: shutdown FollowerState
2019-10-16 22:15:03,173 [grpc-default-executor-18] INFO  impl.RoleInfo (RoleInfo.java:updateAndGet(143)) - d9e6ea44-93db-446f-8020-a94232284285: start FollowerState
2019-10-16 22:15:03,173 [Thread-1952] INFO  impl.FollowerState (FollowerState.java:run(117)) - d9e6ea44-93db-446f-8020-a94232284285@group-83CFD60236D8-FollowerState was interrupted: java.lang.InterruptedException: sleep interrupted
2019-10-16 22:15:03,199 [3989452c-7599-4156-9543-3fe544ced0f3@group-83CFD60236D8-LeaderElection160] INFO  impl.LeaderElection (LeaderElection.java:logAndReturn(56)) - 3989452c-7599-4156-9543-3fe544ced0f3@group-83CFD60236D8-LeaderElection160: Election REJECTED; received 2 response(s) [3989452c-7599-4156-9543-3fe544ced0f3<-eec99a0c-e1b1-4518-bc49-9d1a8c8e04d5#0:FAIL-t164, 3989452c-7599-4156-9543-3fe544ced0f3<-d9e6ea44-93db-446f-8020-a94232284285#0:FAIL-t164] and 0 exception(s); 3989452c-7599-4156-9543-3fe544ced0f3@group-83CFD60236D8:t164, leader=null, voted=3989452c-7599-4156-9543-3fe544ced0f3, raftlog=3989452c-7599-4156-9543-3fe544ced0f3@group-83CFD60236D8-SegmentedRaftLog:OPENED:c-1,f-1,i0, conf=-1: [3989452c-7599-4156-9543-3fe544ced0f3:192.168.157.254:36320, eec99a0c-e1b1-4518-bc49-9d1a8c8e04d5:192.168.157.254:45598, d9e6ea44-93db-446f-8020-a94232284285:192.168.157.254:41671], old=null
2019-10-16 22:15:03,199 [3989452c-7599-4156-9543-3fe544ced0f3@group-83CFD60236D8-LeaderElection160] INFO  impl.RaftServerImpl (RaftServerImpl.java:setRole(184)) - 3989452c-7599-4156-9543-3fe544ced0f3@group-83CFD60236D8: changes role from CANDIDATE to FOLLOWER at term 164 for DISCOVERED_A_NEW_TERM
2019-10-16 22:15:03,199 [3989452c-7599-4156-9543-3fe544ced0f3@group-83CFD60236D8-LeaderElection160] INFO  impl.RoleInfo (RoleInfo.java:shutdownLeaderElection(134)) - 3989452c-7599-4156-9543-3fe544ced0f3: shutdown LeaderElection
2019-10-16 22:15:03,200 [3989452c-7599-4156-9543-3fe544ced0f3@group-83CFD60236D8-LeaderElection160] INFO  impl.RoleInfo (RoleInfo.java:updateAndGet(143)) - 3989452c-7599-4156-9543-3fe544ced0f3: start FollowerState
2019-10-16 22:15:03,296 [Thread-1959] INFO  impl.FollowerState (FollowerState.java:run(108)) - 3989452c-7599-4156-9543-3fe544ced0f3@group-83CFD60236D8-FollowerState: change to CANDIDATE, lastRpcTime:96ms, electionTimeout:96ms
2019-10-16 22:15:03,296 [Thread-1959] INFO  impl.RoleInfo (RoleInfo.java:shutdownFollowerState(121)) - 3989452c-7599-4156-9543-3fe544ced0f3: shutdown FollowerState
2019-10-16 22:15:03,296 [Thread-1959] INFO  impl.RaftServerImpl (RaftServerImpl.java:setRole(184)) - 3989452c-7599-4156-9543-3fe544ced0f3@group-83CFD60236D8: changes role from  FOLLOWER to CANDIDATE at term 164 for changeToCandidate
2019-10-16 22:15:03,296 [Thread-1959] INFO  impl.RoleInfo (RoleInfo.java:updateAndGet(143)) - 3989452c-7599-4156-9543-3fe544ced0f3: start LeaderElection
2019-10-16 22:15:03,309 [3989452c-7599-4156-9543-3fe544ced0f3@group-83CFD60236D8-LeaderElection161] INFO  impl.LeaderElection (LeaderElection.java:askForVotes(178)) - 3989452c-7599-4156-9543-3fe544ced0f3@group-83CFD60236D8-LeaderElection161: begin an election at term 165 for -1: [3989452c-7599-4156-9543-3fe544ced0f3:192.168.157.254:36320, eec99a0c-e1b1-4518-bc49-9d1a8c8e04d5:192.168.157.254:45598, d9e6ea44-93db-446f-8020-a94232284285:192.168.157.254:41671], old=null
2019-10-16 22:15:03,310 [3989452c-7599-4156-9543-3fe544ced0f3@group-83CFD60236D8-LeaderElection161] INFO  impl.LeaderElection (LeaderElection.java:logAndReturn(56)) - 3989452c-7599-4156-9543-3fe544ced0f3@group-83CFD60236D8-LeaderElection161: Election TIMEOUT; received 0 response(s) [] and 0 exception(s); 3989452c-7599-4156-9543-3fe544ced0f3@group-83CFD60236D8:t165, leader=null, voted=3989452c-7599-4156-9543-3fe544ced0f3, raftlog=3989452c-7599-4156-9543-3fe544ced0f3@group-83CFD60236D8-SegmentedRaftLog:OPENED:c-1,f-1,i0, conf=-1: [3989452c-7599-4156-9543-3fe544ced0f3:192.168.157.254:36320, eec99a0c-e1b1-4518-bc49-9d1a8c8e04d5:192.168.157.254:45598, d9e6ea44-93db-446f-8020-a94232284285:192.168.157.254:41671], old=null
2019-10-16 22:15:03,311 [grpc-default-executor-23] INFO  impl.RaftServerImpl (RaftServerImpl.java:setRole(184)) - eec99a0c-e1b1-4518-bc49-9d1a8c8e04d5@group-83CFD60236D8: changes role from  FOLLOWER to FOLLOWER at term 165 for recognizeCandidate:3989452c-7599-4156-9543-3fe544ced0f3
2019-10-16 22:15:03,311 [grpc-default-executor-23] INFO  impl.RoleInfo (RoleInfo.java:shutdownFollowerState(121)) - eec99a0c-e1b1-4518-bc49-9d1a8c8e04d5: shutdown FollowerState
2019-10-16 22:15:03,311 [grpc-default-executor-23] INFO  impl.RoleInfo (RoleInfo.java:updateAndGet(143)) - eec99a0c-e1b1-4518-bc49-9d1a8c8e04d5: start FollowerState
2019-10-16 22:15:03,311 [Thread-1957] INFO  impl.FollowerState (FollowerState.java:run(117)) - eec99a0c-e1b1-4518-bc49-9d1a8c8e04d5@group-83CFD60236D8-FollowerState was interrupted: java.lang.InterruptedException: sleep interrupted
2019-10-16 22:15:03,311 [grpc-default-executor-18] INFO  impl.RaftServerImpl (RaftServerImpl.java:setRole(184)) - d9e6ea44-93db-446f-8020-a94232284285@group-83CFD60236D8: changes role from  FOLLOWER to FOLLOWER at term 165 for recognizeCandidate:3989452c-7599-4156-9543-3fe544ced0f3
2019-10-16 22:15:03,312 [grpc-default-executor-18] INFO  impl.RoleInfo (RoleInfo.java:shutdownFollowerState(121)) - d9e6ea44-93db-446f-8020-a94232284285: shutdown FollowerState
2019-10-16 22:15:03,312 [grpc-default-executor-18] INFO  impl.RoleInfo (RoleInfo.java:updateAndGet(143)) - d9e6ea44-93db-446f-8020-a94232284285: start FollowerState
2019-10-16 22:15:03,312 [Thread-1958] INFO  impl.FollowerState (FollowerState.java:run(117)) - d9e6ea44-93db-446f-8020-a94232284285@group-83CFD60236D8-FollowerState was interrupted: java.lang.InterruptedException: sleep interrupted
2019-10-16 22:15:03,335 [3989452c-7599-4156-9543-3fe544ced0f3@group-83CFD60236D8-LeaderElection161] INFO  impl.LeaderElection (LeaderElection.java:askForVotes(178)) - 3989452c-7599-4156-9543-3fe544ced0f3@group-83CFD60236D8-LeaderElection161: begin an election at term 166 for -1: [3989452c-7599-4156-9543-3fe544ced0f3:192.168.157.254:36320, eec99a0c-e1b1-4518-bc49-9d1a8c8e04d5:192.168.157.254:45598, d9e6ea44-93db-446f-8020-a94232284285:192.168.157.254:41671], old=null
2019-10-16 22:15:03,337 [grpc-default-executor-18] INFO  impl.RaftServerImpl (RaftServerImpl.java:setRole(184)) - eec99a0c-e1b1-4518-bc49-9d1a8c8e04d5@group-83CFD60236D8: changes role from  FOLLOWER to FOLLOWER at term 166 for recognizeCandidate:3989452c-7599-4156-9543-3fe544ced0f3
2019-10-16 22:15:03,337 [grpc-default-executor-18] INFO  impl.RoleInfo (RoleInfo.java:shutdownFollowerState(121)) - eec99a0c-e1b1-4518-bc49-9d1a8c8e04d5: shutdown FollowerState
2019-10-16 22:15:03,337 [grpc-default-executor-18] INFO  impl.RoleInfo (RoleInfo.java:updateAndGet(143)) - eec99a0c-e1b1-4518-bc49-9d1a8c8e04d5: start FollowerState
2019-10-16 22:15:03,337 [grpc-default-executor-23] INFO  impl.RaftServerImpl (RaftServerImpl.java:setRole(184)) - d9e6ea44-93db-446f-8020-a94232284285@group-83CFD60236D8: changes role from  FOLLOWER to FOLLOWER at term 166 for recognizeCandidate:3989452c-7599-4156-9543-3fe544ced0f3
2019-10-16 22:15:03,337 [Thread-1963] INFO  impl.FollowerState (FollowerState.java:run(117)) - eec99a0c-e1b1-4518-bc49-9d1a8c8e04d5@group-83CFD60236D8-FollowerState was interrupted: java.lang.InterruptedException: sleep interrupted
2019-10-16 22:15:03,337 [grpc-default-executor-23] INFO  impl.RoleInfo (RoleInfo.java:shutdownFollowerState(121)) - d9e6ea44-93db-446f-8020-a94232284285: shutdown FollowerState
2019-10-16 22:15:03,338 [grpc-default-executor-23] INFO  impl.RoleInfo (RoleInfo.java:updateAndGet(143)) - d9e6ea44-93db-446f-8020-a94232284285: start FollowerState
2019-10-16 22:15:03,338 [Thread-1964] INFO  impl.FollowerState (FollowerState.java:run(117)) - d9e6ea44-93db-446f-8020-a94232284285@group-83CFD60236D8-FollowerState was interrupted: java.lang.InterruptedException: sleep interrupted
2019-10-16 22:15:03,355 [3989452c-7599-4156-9543-3fe544ced0f3@group-83CFD60236D8-LeaderElection161] INFO  impl.LeaderElection (LeaderElection.java:logAndReturn(56)) - 3989452c-7599-4156-9543-3fe544ced0f3@group-83CFD60236D8-LeaderElection161: Election REJECTED; received 2 response(s) [3989452c-7599-4156-9543-3fe544ced0f3<-eec99a0c-e1b1-4518-bc49-9d1a8c8e04d5#0:FAIL-t166, 3989452c-7599-4156-9543-3fe544ced0f3<-d9e6ea44-93db-446f-8020-a94232284285#0:FAIL-t166] and 0 exception(s); 3989452c-7599-4156-9543-3fe544ced0f3@group-83CFD60236D8:t166, leader=null, voted=3989452c-7599-4156-9543-3fe544ced0f3, raftlog=3989452c-7599-4156-9543-3fe544ced0f3@group-83CFD60236D8-SegmentedRaftLog:OPENED:c-1,f-1,i0, conf=-1: [3989452c-7599-4156-9543-3fe544ced0f3:192.168.157.254:36320, eec99a0c-e1b1-4518-bc49-9d1a8c8e04d5:192.168.157.254:45598, d9e6ea44-93db-446f-8020-a94232284285:192.168.157.254:41671], old=null
2019-10-16 22:15:03,355 [3989452c-7599-4156-9543-3fe544ced0f3@group-83CFD60236D8-LeaderElection161] INFO  impl.RaftServerImpl (RaftServerImpl.java:setRole(184)) - 3989452c-7599-4156-9543-3fe544ced0f3@group-83CFD60236D8: changes role from CANDIDATE to FOLLOWER at term 166 for DISCOVERED_A_NEW_TERM
2019-10-16 22:15:03,355 [3989452c-7599-4156-9543-3fe544ced0f3@group-83CFD60236D8-LeaderElection161] INFO  impl.RoleInfo (RoleInfo.java:shutdownLeaderElection(134)) - 3989452c-7599-4156-9543-3fe544ced0f3: shutdown LeaderElection
2019-10-16 22:15:03,356 [3989452c-7599-4156-9543-3fe544ced0f3@group-83CFD60236D8-LeaderElection161] INFO  impl.RoleInfo (RoleInfo.java:updateAndGet(143)) - 3989452c-7599-4156-9543-3fe544ced0f3: start FollowerState
2019-10-16 22:15:03,539 [Thread-1969] INFO  impl.FollowerState (FollowerState.java:run(108)) - 3989452c-7599-4156-9543-3fe544ced0f3@group-83CFD60236D8-FollowerState: change to CANDIDATE, lastRpcTime:183ms, electionTimeout:183ms
2019-10-16 22:15:03,539 [Thread-1969] INFO  impl.RoleInfo (RoleInfo.java:shutdownFollowerState(121)) - 3989452c-7599-4156-9543-3fe544ced0f3: shutdown FollowerState
2019-10-16 22:15:03,539 [Thread-1969] INFO  impl.RaftServerImpl (RaftServerImpl.java:setRole(184)) - 3989452c-7599-4156-9543-3fe544ced0f3@group-83CFD60236D8: changes role from  FOLLOWER to CANDIDATE at term 166 for changeToCandidate
2019-10-16 22:15:03,540 [Thread-1969] INFO  impl.RoleInfo (RoleInfo.java:updateAndGet(143)) - 3989452c-7599-4156-9543-3fe544ced0f3: start LeaderElection
2019-10-16 22:15:03,566 [3989452c-7599-4156-9543-3fe544ced0f3@group-83CFD60236D8-LeaderElection162] INFO  impl.LeaderElection (LeaderElection.java:askForVotes(178)) - 3989452c-7599-4156-9543-3fe544ced0f3@group-83CFD60236D8-LeaderElection162: begin an election at term 167 for -1: [3989452c-7599-4156-9543-3fe544ced0f3:192.168.157.254:36320, eec99a0c-e1b1-4518-bc49-9d1a8c8e04d5:192.168.157.254:45598, d9e6ea44-93db-446f-8020-a94232284285:192.168.157.254:41671], old=null
2019-10-16 22:15:03,569 [grpc-default-executor-18] INFO  impl.RaftServerImpl (RaftServerImpl.java:setRole(184)) - d9e6ea44-93db-446f-8020-a94232284285@group-83CFD60236D8: changes role from  FOLLOWER to FOLLOWER at term 167 for recognizeCandidate:3989452c-7599-4156-9543-3fe544ced0f3
2019-10-16 22:15:03,569 [grpc-default-executor-23] INFO  impl.RaftServerImpl (RaftServerImpl.java:setRole(184)) - eec99a0c-e1b1-4518-bc49-9d1a8c8e04d5@group-83CFD60236D8: changes role from  FOLLOWER to FOLLOWER at term 167 for recognizeCandidate:3989452c-7599-4156-9543-3fe544ced0f3
2019-10-16 22:15:03,569 [grpc-default-executor-18] INFO  impl.RoleInfo (RoleInfo.java:shutdownFollowerState(121)) - d9e6ea44-93db-446f-8020-a94232284285: shutdown FollowerState
2019-10-16 22:15:03,569 [grpc-default-executor-23] INFO  impl.RoleInfo (RoleInfo.java:shutdownFollowerState(121)) - eec99a0c-e1b1-4518-bc49-9d1a8c8e04d5: shutdown FollowerState
2019-10-16 22:15:03,570 [Thread-1968] INFO  impl.FollowerState (FollowerState.java:run(117)) - d9e6ea44-93db-446f-8020-a94232284285@group-83CFD60236D8-FollowerState was interrupted: java.lang.InterruptedException: sleep interrupted
2019-10-16 22:15:03,570 [grpc-default-executor-18] INFO  impl.RoleInfo (RoleInfo.java:updateAndGet(143)) - d9e6ea44-93db-446f-8020-a94232284285: start FollowerState
2019-10-16 22:15:03,570 [Thread-1967] INFO  impl.FollowerState (FollowerState.java:run(117)) - eec99a0c-e1b1-4518-bc49-9d1a8c8e04d5@group-83CFD60236D8-FollowerState was interrupted: java.lang.InterruptedException: sleep interrupted
2019-10-16 22:15:03,570 [grpc-default-executor-23] INFO  impl.RoleInfo (RoleInfo.java:updateAndGet(143)) - eec99a0c-e1b1-4518-bc49-9d1a8c8e04d5: start FollowerState
2019-10-16 22:15:03,596 [3989452c-7599-4156-9543-3fe544ced0f3@group-83CFD60236D8-LeaderElection162] INFO  impl.LeaderElection (LeaderElection.java:logAndReturn(56)) - 3989452c-7599-4156-9543-3fe544ced0f3@group-83CFD60236D8-LeaderElection162: Election REJECTED; received 2 response(s) [3989452c-7599-4156-9543-3fe544ced0f3<-eec99a0c-e1b1-4518-bc49-9d1a8c8e04d5#0:FAIL-t167, 3989452c-7599-4156-9543-3fe544ced0f3<-d9e6ea44-93db-446f-8020-a94232284285#0:FAIL-t167] and 0 exception(s); 3989452c-7599-4156-9543-3fe544ced0f3@group-83CFD60236D8:t167, leader=null, voted=3989452c-7599-4156-9543-3fe544ced0f3, raftlog=3989452c-7599-4156-9543-3fe544ced0f3@group-83CFD60236D8-SegmentedRaftLog:OPENED:c-1,f-1,i0, conf=-1: [3989452c-7599-4156-9543-3fe544ced0f3:192.168.157.254:36320, eec99a0c-e1b1-4518-bc49-9d1a8c8e04d5:192.168.157.254:45598, d9e6ea44-93db-446f-8020-a94232284285:192.168.157.254:41671], old=null
2019-10-16 22:15:03,596 [3989452c-7599-4156-9543-3fe544ced0f3@group-83CFD60236D8-LeaderElection162] INFO  impl.RaftServerImpl (RaftServerImpl.java:setRole(184)) - 3989452c-7599-4156-9543-3fe544ced0f3@group-83CFD60236D8: changes role from CANDIDATE to FOLLOWER at term 167 for DISCOVERED_A_NEW_TERM
2019-10-16 22:15:03,597 [3989452c-7599-4156-9543-3fe544ced0f3@group-83CFD60236D8-LeaderElection162] INFO  impl.RoleInfo (RoleInfo.java:shutdownLeaderElection(134)) - 3989452c-7599-4156-9543-3fe544ced0f3: shutdown LeaderElection
2019-10-16 22:15:03,597 [3989452c-7599-4156-9543-3fe544ced0f3@group-83CFD60236D8-LeaderElection162] INFO  impl.RoleInfo (RoleInfo.java:updateAndGet(143)) - 3989452c-7599-4156-9543-3fe544ced0f3: start FollowerState
2019-10-16 22:15:03,745 [Thread-1975] INFO  impl.FollowerState (FollowerState.java:run(108)) - 3989452c-7599-4156-9543-3fe544ced0f3@group-83CFD60236D8-FollowerState: change to CANDIDATE, lastRpcTime:148ms, electionTimeout:148ms
2019-10-16 22:15:03,745 [Thread-1975] INFO  impl.RoleInfo (RoleInfo.java:shutdownFollowerState(121)) - 3989452c-7599-4156-9543-3fe544ced0f3: shutdown FollowerState
2019-10-16 22:15:03,745 [Thread-1975] INFO  impl.RaftServerImpl (RaftServerImpl.java:setRole(184)) - 3989452c-7599-4156-9543-3fe544ced0f3@group-83CFD60236D8: changes role from  FOLLOWER to CANDIDATE at term 167 for changeToCandidate
2019-10-16 22:15:03,746 [Thread-1975] INFO  impl.RoleInfo (RoleInfo.java:updateAndGet(143)) - 3989452c-7599-4156-9543-3fe544ced0f3: start LeaderElection
2019-10-16 22:15:03,771 [3989452c-7599-4156-9543-3fe544ced0f3@group-83CFD60236D8-LeaderElection163] INFO  impl.LeaderElection (LeaderElection.java:askForVotes(178)) - 3989452c-7599-4156-9543-3fe544ced0f3@group-83CFD60236D8-LeaderElection163: begin an election at term 168 for -1: [3989452c-7599-4156-9543-3fe544ced0f3:192.168.157.254:36320, eec99a0c-e1b1-4518-bc49-9d1a8c8e04d5:192.168.157.254:45598, d9e6ea44-93db-446f-8020-a94232284285:192.168.157.254:41671], old=null
2019-10-16 22:15:03,775 [grpc-default-executor-23] INFO  impl.RaftServerImpl (RaftServerImpl.java:setRole(184)) - eec99a0c-e1b1-4518-bc49-9d1a8c8e04d5@group-83CFD60236D8: changes role from  FOLLOWER to FOLLOWER at term 168 for recognizeCandidate:3989452c-7599-4156-9543-3fe544ced0f3
2019-10-16 22:15:03,775 [grpc-default-executor-18] INFO  impl.RaftServerImpl (RaftServerImpl.java:setRole(184)) - d9e6ea44-93db-446f-8020-a94232284285@group-83CFD60236D8: changes role from  FOLLOWER to FOLLOWER at term 168 for recognizeCandidate:3989452c-7599-4156-9543-3fe544ced0f3
2019-10-16 22:15:03,775 [grpc-default-executor-23] INFO  impl.RoleInfo (RoleInfo.java:shutdownFollowerState(121)) - eec99a0c-e1b1-4518-bc49-9d1a8c8e04d5: shutdown FollowerState
2019-10-16 22:15:03,776 [grpc-default-executor-18] INFO  impl.RoleInfo (RoleInfo.java:shutdownFollowerState(121)) - d9e6ea44-93db-446f-8020-a94232284285: shutdown FollowerState
2019-10-16 22:15:03,776 [Thread-1974] INFO  impl.FollowerState (FollowerState.java:run(117)) - eec99a0c-e1b1-4518-bc49-9d1a8c8e04d5@group-83CFD60236D8-FollowerState was interrupted: java.lang.InterruptedException: sleep interrupted
2019-10-16 22:15:03,776 [grpc-default-executor-23] INFO  impl.RoleInfo (RoleInfo.java:updateAndGet(143)) - eec99a0c-e1b1-4518-bc49-9d1a8c8e04d5: start FollowerState
2019-10-16 22:15:03,776 [Thread-1973] INFO  impl.FollowerState (FollowerState.java:run(117)) - d9e6ea44-93db-446f-8020-a94232284285@group-83CFD60236D8-FollowerState was interrupted: java.lang.InterruptedException: sleep interrupted
2019-10-16 22:15:03,776 [grpc-default-executor-18] INFO  impl.RoleInfo (RoleInfo.java:updateAndGet(143)) - d9e6ea44-93db-446f-8020-a94232284285: start FollowerState
2019-10-16 22:15:03,791 [3989452c-7599-4156-9543-3fe544ced0f3@group-83CFD60236D8-LeaderElection163] INFO  impl.LeaderElection (LeaderElection.java:logAndReturn(56)) - 3989452c-7599-4156-9543-3fe544ced0f3@group-83CFD60236D8-LeaderElection163: Election REJECTED; received 2 response(s) [3989452c-7599-4156-9543-3fe544ced0f3<-eec99a0c-e1b1-4518-bc49-9d1a8c8e04d5#0:FAIL-t168, 3989452c-7599-4156-9543-3fe544ced0f3<-d9e6ea44-93db-446f-8020-a94232284285#0:FAIL-t168] and 0 exception(s); 3989452c-7599-4156-9543-3fe544ced0f3@group-83CFD60236D8:t168, leader=null, voted=3989452c-7599-4156-9543-3fe544ced0f3, raftlog=3989452c-7599-4156-9543-3fe544ced0f3@group-83CFD60236D8-SegmentedRaftLog:OPENED:c-1,f-1,i0, conf=-1: [3989452c-7599-4156-9543-3fe544ced0f3:192.168.157.254:36320, eec99a0c-e1b1-4518-bc49-9d1a8c8e04d5:192.168.157.254:45598, d9e6ea44-93db-446f-8020-a94232284285:192.168.157.254:41671], old=null
2019-10-16 22:15:03,791 [3989452c-7599-4156-9543-3fe544ced0f3@group-83CFD60236D8-LeaderElection163] INFO  impl.RaftServerImpl (RaftServerImpl.java:setRole(184)) - 3989452c-7599-4156-9543-3fe544ced0f3@group-83CFD60236D8: changes role from CANDIDATE to FOLLOWER at term 168 for DISCOVERED_A_NEW_TERM
2019-10-16 22:15:03,791 [3989452c-7599-4156-9543-3fe544ced0f3@group-83CFD60236D8-LeaderElection163] INFO  impl.RoleInfo (RoleInfo.java:shutdownLeaderElection(134)) - 3989452c-7599-4156-9543-3fe544ced0f3: shutdown LeaderElection
2019-10-16 22:15:03,791 [3989452c-7599-4156-9543-3fe544ced0f3@group-83CFD60236D8-LeaderElection163] INFO  impl.RoleInfo (RoleInfo.java:updateAndGet(143)) - 3989452c-7599-4156-9543-3fe544ced0f3: start FollowerState
2019-10-16 22:15:03,931 [Thread-1981] INFO  impl.FollowerState (FollowerState.java:run(108)) - 3989452c-7599-4156-9543-3fe544ced0f3@group-83CFD60236D8-FollowerState: change to CANDIDATE, lastRpcTime:139ms, electionTimeout:139ms
2019-10-16 22:15:03,931 [Thread-1981] INFO  impl.RoleInfo (RoleInfo.java:shutdownFollowerState(121)) - 3989452c-7599-4156-9543-3fe544ced0f3: shutdown FollowerState
2019-10-16 22:15:03,931 [Thread-1981] INFO  impl.RaftServerImpl (RaftServerImpl.java:setRole(184)) - 3989452c-7599-4156-9543-3fe544ced0f3@group-83CFD60236D8: changes role from  FOLLOWER to CANDIDATE at term 168 for changeToCandidate
2019-10-16 22:15:03,931 [Thread-1981] INFO  impl.RoleInfo (RoleInfo.java:updateAndGet(143)) - 3989452c-7599-4156-9543-3fe544ced0f3: start LeaderElection
2019-10-16 22:15:03,953 [3989452c-7599-4156-9543-3fe544ced0f3@group-83CFD60236D8-LeaderElection164] INFO  impl.LeaderElection (LeaderElection.java:askForVotes(178)) - 3989452c-7599-4156-9543-3fe544ced0f3@group-83CFD60236D8-LeaderElection164: begin an election at term 169 for -1: [3989452c-7599-4156-9543-3fe544ced0f3:192.168.157.254:36320, eec99a0c-e1b1-4518-bc49-9d1a8c8e04d5:192.168.157.254:45598, d9e6ea44-93db-446f-8020-a94232284285:192.168.157.254:41671], old=null
2019-10-16 22:15:03,954 [grpc-default-executor-23] INFO  impl.RaftServerImpl (RaftServerImpl.java:setRole(184)) - eec99a0c-e1b1-4518-bc49-9d1a8c8e04d5@group-83CFD60236D8: changes role from  FOLLOWER to FOLLOWER at term 169 for recognizeCandidate:3989452c-7599-4156-9543-3fe544ced0f3
2019-10-16 22:15:03,954 [grpc-default-executor-23] INFO  impl.RoleInfo (RoleInfo.java:shutdownFollowerState(121)) - eec99a0c-e1b1-4518-bc49-9d1a8c8e04d5: shutdown FollowerState
2019-10-16 22:15:03,955 [grpc-default-executor-18] INFO  impl.RaftServerImpl (RaftServerImpl.java:setRole(184)) - d9e6ea44-93db-446f-8020-a94232284285@group-83CFD60236D8: changes role from  FOLLOWER to FOLLOWER at term 169 for recognizeCandidate:3989452c-7599-4156-9543-3fe544ced0f3
2019-10-16 22:15:03,955 [Thread-1979] INFO  impl.FollowerState (FollowerState.java:run(117)) - eec99a0c-e1b1-4518-bc49-9d1a8c8e04d5@group-83CFD60236D8-FollowerState was interrupted: java.lang.InterruptedException: sleep interrupted
2019-10-16 22:15:03,955 [grpc-default-executor-23] INFO  impl.RoleInfo (RoleInfo.java:updateAndGet(143)) - eec99a0c-e1b1-4518-bc49-9d1a8c8e04d5: start FollowerState
2019-10-16 22:15:03,955 [grpc-default-executor-18] INFO  impl.RoleInfo (RoleInfo.java:shutdownFollowerState(121)) - d9e6ea44-93db-446f-8020-a94232284285: shutdown FollowerState
2019-10-16 22:15:03,955 [Thread-1980] INFO  impl.FollowerState (FollowerState.java:run(117)) - d9e6ea44-93db-446f-8020-a94232284285@group-83CFD60236D8-FollowerState was interrupted: java.lang.InterruptedException: sleep interrupted
2019-10-16 22:15:03,955 [grpc-default-executor-18] INFO  impl.RoleInfo (RoleInfo.java:updateAndGet(143)) - d9e6ea44-93db-446f-8020-a94232284285: start FollowerState
2019-10-16 22:15:03,981 [3989452c-7599-4156-9543-3fe544ced0f3@group-83CFD60236D8-LeaderElection164] INFO  impl.LeaderElection (LeaderElection.java:logAndReturn(56)) - 3989452c-7599-4156-9543-3fe544ced0f3@group-83CFD60236D8-LeaderElection164: Election REJECTED; received 2 response(s) [3989452c-7599-4156-9543-3fe544ced0f3<-eec99a0c-e1b1-4518-bc49-9d1a8c8e04d5#0:FAIL-t169, 3989452c-7599-4156-9543-3fe544ced0f3<-d9e6ea44-93db-446f-8020-a94232284285#0:FAIL-t169] and 0 exception(s); 3989452c-7599-4156-9543-3fe544ced0f3@group-83CFD60236D8:t169, leader=null, voted=3989452c-7599-4156-9543-3fe544ced0f3, raftlog=3989452c-7599-4156-9543-3fe544ced0f3@group-83CFD60236D8-SegmentedRaftLog:OPENED:c-1,f-1,i0, conf=-1: [3989452c-7599-4156-9543-3fe544ced0f3:192.168.157.254:36320, eec99a0c-e1b1-4518-bc49-9d1a8c8e04d5:192.168.157.254:45598, d9e6ea44-93db-446f-8020-a94232284285:192.168.157.254:41671], old=null
2019-10-16 22:15:03,981 [3989452c-7599-4156-9543-3fe544ced0f3@group-83CFD60236D8-LeaderElection164] INFO  impl.RaftServerImpl (RaftServerImpl.java:setRole(184)) - 3989452c-7599-4156-9543-3fe544ced0f3@group-83CFD60236D8: changes role from CANDIDATE to FOLLOWER at term 169 for DISCOVERED_A_NEW_TERM
2019-10-16 22:15:03,981 [3989452c-7599-4156-9543-3fe544ced0f3@group-83CFD60236D8-LeaderElection164] INFO  impl.RoleInfo (RoleInfo.java:shutdownLeaderElection(134)) - 3989452c-7599-4156-9543-3fe544ced0f3: shutdown LeaderElection
2019-10-16 22:15:03,981 [3989452c-7599-4156-9543-3fe544ced0f3@group-83CFD60236D8-LeaderElection164] INFO  impl.RoleInfo (RoleInfo.java:updateAndGet(143)) - 3989452c-7599-4156-9543-3fe544ced0f3: start FollowerState
2019-10-16 22:15:04,017 [Thread-1987] INFO  impl.FollowerState (FollowerState.java:run(108)) - 3989452c-7599-4156-9543-3fe544ced0f3@group-83CFD60236D8-FollowerState: change to CANDIDATE, lastRpcTime:36ms, electionTimeout:36ms
2019-10-16 22:15:04,018 [Thread-1987] INFO  impl.RoleInfo (RoleInfo.java:shutdownFollowerState(121)) - 3989452c-7599-4156-9543-3fe544ced0f3: shutdown FollowerState
2019-10-16 22:15:04,018 [Thread-1987] INFO  impl.RaftServerImpl (RaftServerImpl.java:setRole(184)) - 3989452c-7599-4156-9543-3fe544ced0f3@group-83CFD60236D8: changes role from  FOLLOWER to CANDIDATE at term 169 for changeToCandidate
2019-10-16 22:15:04,018 [Thread-1987] INFO  impl.RoleInfo (RoleInfo.java:updateAndGet(143)) - 3989452c-7599-4156-9543-3fe544ced0f3: start LeaderElection
2019-10-16 22:15:04,032 [3989452c-7599-4156-9543-3fe544ced0f3@group-83CFD60236D8-LeaderElection165] INFO  impl.LeaderElection (LeaderElection.java:askForVotes(178)) - 3989452c-7599-4156-9543-3fe544ced0f3@group-83CFD60236D8-LeaderElection165: begin an election at term 170 for -1: [3989452c-7599-4156-9543-3fe544ced0f3:192.168.157.254:36320, eec99a0c-e1b1-4518-bc49-9d1a8c8e04d5:192.168.157.254:45598, d9e6ea44-93db-446f-8020-a94232284285:192.168.157.254:41671], old=null
 0.00% |?                                                                                                    |  0/1 Time: 0:06:202019-10-16 22:15:04,034 [grpc-default-executor-23] INFO  impl.RaftServerImpl (RaftServerImpl.java:setRole(184)) - d9e6ea44-93db-446f-8020-a94232284285@group-83CFD60236D8: changes role from  FOLLOWER to FOLLOWER at term 170 for recognizeCandidate:3989452c-7599-4156-9543-3fe544ced0f3
2019-10-16 22:15:04,034 [grpc-default-executor-18] INFO  impl.RaftServerImpl (RaftServerImpl.java:setRole(184)) - eec99a0c-e1b1-4518-bc49-9d1a8c8e04d5@group-83CFD60236D8: changes role from  FOLLOWER to FOLLOWER at term 170 for recognizeCandidate:3989452c-7599-4156-9543-3fe544ced0f3
2019-10-16 22:15:04,034 [grpc-default-executor-23] INFO  impl.RoleInfo (RoleInfo.java:shutdownFollowerState(121)) - d9e6ea44-93db-446f-8020-a94232284285: shutdown FollowerState
2019-10-16 22:15:04,035 [grpc-default-executor-18] INFO  impl.RoleInfo (RoleInfo.java:shutdownFollowerState(121)) - eec99a0c-e1b1-4518-bc49-9d1a8c8e04d5: shutdown FollowerState
2019-10-16 22:15:04,035 [grpc-default-executor-18] INFO  impl.RoleInfo (RoleInfo.java:updateAndGet(143)) - eec99a0c-e1b1-4518-bc49-9d1a8c8e04d5: start FollowerState
2019-10-16 22:15:04,035 [Thread-1986] INFO  impl.FollowerState (FollowerState.java:run(117)) - d9e6ea44-93db-446f-8020-a94232284285@group-83CFD60236D8-FollowerState was interrupted: java.lang.InterruptedException: sleep interrupted
2019-10-16 22:15:04,035 [grpc-default-executor-23] INFO  impl.RoleInfo (RoleInfo.java:updateAndGet(143)) - d9e6ea44-93db-446f-8020-a94232284285: start FollowerState
2019-10-16 22:15:04,035 [Thread-1985] INFO  impl.FollowerState (FollowerState.java:run(117)) - eec99a0c-e1b1-4518-bc49-9d1a8c8e04d5@group-83CFD60236D8-FollowerState was interrupted: java.lang.InterruptedException: sleep interrupted
2019-10-16 22:15:04,062 [3989452c-7599-4156-9543-3fe544ced0f3@group-83CFD60236D8-LeaderElection165] INFO  impl.LeaderElection (LeaderElection.java:logAndReturn(56)) - 3989452c-7599-4156-9543-3fe544ced0f3@group-83CFD60236D8-LeaderElection165: Election REJECTED; received 2 response(s) [3989452c-7599-4156-9543-3fe544ced0f3<-eec99a0c-e1b1-4518-bc49-9d1a8c8e04d5#0:FAIL-t170, 3989452c-7599-4156-9543-3fe544ced0f3<-d9e6ea44-93db-446f-8020-a94232284285#0:FAIL-t170] and 0 exception(s); 3989452c-7599-4156-9543-3fe544ced0f3@group-83CFD60236D8:t170, leader=null, voted=3989452c-7599-4156-9543-3fe544ced0f3, raftlog=3989452c-7599-4156-9543-3fe544ced0f3@group-83CFD60236D8-SegmentedRaftLog:OPENED:c-1,f-1,i0, conf=-1: [3989452c-7599-4156-9543-3fe544ced0f3:192.168.157.254:36320, eec99a0c-e1b1-4518-bc49-9d1a8c8e04d5:192.168.157.254:45598, d9e6ea44-93db-446f-8020-a94232284285:192.168.157.254:41671], old=null
2019-10-16 22:15:04,062 [3989452c-7599-4156-9543-3fe544ced0f3@group-83CFD60236D8-LeaderElection165] INFO  impl.RaftServerImpl (RaftServerImpl.java:setRole(184)) - 3989452c-7599-4156-9543-3fe544ced0f3@group-83CFD60236D8: changes role from CANDIDATE to FOLLOWER at term 170 for DISCOVERED_A_NEW_TERM
2019-10-16 22:15:04,062 [3989452c-7599-4156-9543-3fe544ced0f3@group-83CFD60236D8-LeaderElection165] INFO  impl.RoleInfo (RoleInfo.java:shutdownLeaderElection(134)) - 3989452c-7599-4156-9543-3fe544ced0f3: shutdown LeaderElection
2019-10-16 22:15:04,062 [3989452c-7599-4156-9543-3fe544ced0f3@group-83CFD60236D8-LeaderElection165] INFO  impl.RoleInfo (RoleInfo.java:updateAndGet(143)) - 3989452c-7599-4156-9543-3fe544ced0f3: start FollowerState
2019-10-16 22:15:04,175 [Thread-1993] INFO  impl.FollowerState (FollowerState.java:run(108)) - 3989452c-7599-4156-9543-3fe544ced0f3@group-83CFD60236D8-FollowerState: change to CANDIDATE, lastRpcTime:113ms, electionTimeout:113ms
2019-10-16 22:15:04,176 [Thread-1993] INFO  impl.RoleInfo (RoleInfo.java:shutdownFollowerState(121)) - 3989452c-7599-4156-9543-3fe544ced0f3: shutdown FollowerState
2019-10-16 22:15:04,176 [Thread-1993] INFO  impl.RaftServerImpl (RaftServerImpl.java:setRole(184)) - 3989452c-7599-4156-9543-3fe544ced0f3@group-83CFD60236D8: changes role from  FOLLOWER to CANDIDATE at term 170 for changeToCandidate
2019-10-16 22:15:04,176 [Thread-1993] INFO  impl.RoleInfo (RoleInfo.java:updateAndGet(143)) - 3989452c-7599-4156-9543-3fe544ced0f3: start LeaderElection
2019-10-16 22:15:04,190 [3989452c-7599-4156-9543-3fe544ced0f3@group-83CFD60236D8-LeaderElection166] INFO  impl.LeaderElection (LeaderElection.java:askForVotes(178)) - 3989452c-7599-4156-9543-3fe544ced0f3@group-83CFD60236D8-LeaderElection166: begin an election at term 171 for -1: [3989452c-7599-4156-9543-3fe544ced0f3:192.168.157.254:36320, eec99a0c-e1b1-4518-bc49-9d1a8c8e04d5:192.168.157.254:45598, d9e6ea44-93db-446f-8020-a94232284285:192.168.157.254:41671], old=null
2019-10-16 22:15:04,192 [grpc-default-executor-23] INFO  impl.RaftServerImpl (RaftServerImpl.java:setRole(184)) - eec99a0c-e1b1-4518-bc49-9d1a8c8e04d5@group-83CFD60236D8: changes role from  FOLLOWER to FOLLOWER at term 171 for recognizeCandidate:3989452c-7599-4156-9543-3fe544ced0f3
2019-10-16 22:15:04,192 [grpc-default-executor-18] INFO  impl.RaftServerImpl (RaftServerImpl.java:setRole(184)) - d9e6ea44-93db-446f-8020-a94232284285@group-83CFD60236D8: changes role from  FOLLOWER to FOLLOWER at term 171 for recognizeCandidate:3989452c-7599-4156-9543-3fe544ced0f3
2019-10-16 22:15:04,193 [grpc-default-executor-23] INFO  impl.RoleInfo (RoleInfo.java:shutdownFollowerState(121)) - eec99a0c-e1b1-4518-bc49-9d1a8c8e04d5: shutdown FollowerState
2019-10-16 22:15:04,193 [grpc-default-executor-18] INFO  impl.RoleInfo (RoleInfo.java:shutdownFollowerState(121)) - d9e6ea44-93db-446f-8020-a94232284285: shutdown FollowerState
2019-10-16 22:15:04,193 [Thread-1992] INFO  impl.FollowerState (FollowerState.java:run(117)) - eec99a0c-e1b1-4518-bc49-9d1a8c8e04d5@group-83CFD60236D8-FollowerState was interrupted: java.lang.InterruptedException: sleep interrupted
2019-10-16 22:15:04,193 [grpc-default-executor-23] INFO  impl.RoleInfo (RoleInfo.java:updateAndGet(143)) - eec99a0c-e1b1-4518-bc49-9d1a8c8e04d5: start FollowerState
2019-10-16 22:15:04,193 [Thread-1991] INFO  impl.FollowerState (FollowerState.java:run(117)) - d9e6ea44-93db-446f-8020-a94232284285@group-83CFD60236D8-FollowerState was interrupted: java.lang.InterruptedException: sleep interrupted
2019-10-16 22:15:04,193 [grpc-default-executor-18] INFO  impl.RoleInfo (RoleInfo.java:updateAndGet(143)) - d9e6ea44-93db-446f-8020-a94232284285: start FollowerState
2019-10-16 22:15:04,216 [3989452c-7599-4156-9543-3fe544ced0f3@group-83CFD60236D8-LeaderElection166] INFO  impl.LeaderElection (LeaderElection.java:logAndReturn(56)) - 3989452c-7599-4156-9543-3fe544ced0f3@group-83CFD60236D8-LeaderElection166: Election REJECTED; received 2 response(s) [3989452c-7599-4156-9543-3fe544ced0f3<-eec99a0c-e1b1-4518-bc49-9d1a8c8e04d5#0:FAIL-t171, 3989452c-7599-4156-9543-3fe544ced0f3<-d9e6ea44-93db-446f-8020-a94232284285#0:FAIL-t171] and 0 exception(s); 3989452c-7599-4156-9543-3fe544ced0f3@group-83CFD60236D8:t171, leader=null, voted=3989452c-7599-4156-9543-3fe544ced0f3, raftlog=3989452c-7599-4156-9543-3fe544ced0f3@group-83CFD60236D8-SegmentedRaftLog:OPENED:c-1,f-1,i0, conf=-1: [3989452c-7599-4156-9543-3fe544ced0f3:192.168.157.254:36320, eec99a0c-e1b1-4518-bc49-9d1a8c8e04d5:192.168.157.254:45598, d9e6ea44-93db-446f-8020-a94232284285:192.168.157.254:41671], old=null
2019-10-16 22:15:04,216 [3989452c-7599-4156-9543-3fe544ced0f3@group-83CFD60236D8-LeaderElection166] INFO  impl.RaftServerImpl (RaftServerImpl.java:setRole(184)) - 3989452c-7599-4156-9543-3fe544ced0f3@group-83CFD60236D8: changes role from CANDIDATE to FOLLOWER at term 171 for DISCOVERED_A_NEW_TERM
2019-10-16 22:15:04,216 [3989452c-7599-4156-9543-3fe544ced0f3@group-83CFD60236D8-LeaderElection166] INFO  impl.RoleInfo (RoleInfo.java:shutdownLeaderElection(134)) - 3989452c-7599-4156-9543-3fe544ced0f3: shutdown LeaderElection
2019-10-16 22:15:04,216 [3989452c-7599-4156-9543-3fe544ced0f3@group-83CFD60236D8-LeaderElection166] INFO  impl.RoleInfo (RoleInfo.java:updateAndGet(143)) - 3989452c-7599-4156-9543-3fe544ced0f3: start FollowerState
2019-10-16 22:15:04,336 [Thread-2001] INFO  impl.FollowerState (FollowerState.java:run(108)) - 3989452c-7599-4156-9543-3fe544ced0f3@group-83CFD60236D8-FollowerState: change to CANDIDATE, lastRpcTime:120ms, electionTimeout:120ms
2019-10-16 22:15:04,337 [Thread-2001] INFO  impl.RoleInfo (RoleInfo.java:shutdownFollowerState(121)) - 3989452c-7599-4156-9543-3fe544ced0f3: shutdown FollowerState
2019-10-16 22:15:04,337 [Thread-2001] INFO  impl.RaftServerImpl (RaftServerImpl.java:setRole(184)) - 3989452c-7599-4156-9543-3fe544ced0f3@group-83CFD60236D8: changes role from  FOLLOWER to CANDIDATE at term 171 for changeToCandidate
2019-10-16 22:15:04,337 [Thread-2001] INFO  impl.RoleInfo (RoleInfo.java:updateAndGet(143)) - 3989452c-7599-4156-9543-3fe544ced0f3: start LeaderElection
2019-10-16 22:15:04,352 [3989452c-7599-4156-9543-3fe544ced0f3@group-83CFD60236D8-LeaderElection167] INFO  impl.LeaderElection (LeaderElection.java:askForVotes(178)) - 3989452c-7599-4156-9543-3fe544ced0f3@group-83CFD60236D8-LeaderElection167: begin an election at term 172 for -1: [3989452c-7599-4156-9543-3fe544ced0f3:192.168.157.254:36320, eec99a0c-e1b1-4518-bc49-9d1a8c8e04d5:192.168.157.254:45598, d9e6ea44-93db-446f-8020-a94232284285:192.168.157.254:41671], old=null
2019-10-16 22:15:04,354 [grpc-default-executor-23] INFO  impl.RaftServerImpl (RaftServerImpl.java:setRole(184)) - eec99a0c-e1b1-4518-bc49-9d1a8c8e04d5@group-83CFD60236D8: changes role from  FOLLOWER to FOLLOWER at term 172 for recognizeCandidate:3989452c-7599-4156-9543-3fe544ced0f3
2019-10-16 22:15:04,354 [grpc-default-executor-23] INFO  impl.RoleInfo (RoleInfo.java:shutdownFollowerState(121)) - eec99a0c-e1b1-4518-bc49-9d1a8c8e04d5: shutdown FollowerState
2019-10-16 22:15:04,354 [grpc-default-executor-18] INFO  impl.RaftServerImpl (RaftServerImpl.java:setRole(184)) - d9e6ea44-93db-446f-8020-a94232284285@group-83CFD60236D8: changes role from  FOLLOWER to FOLLOWER at term 172 for recognizeCandidate:3989452c-7599-4156-9543-3fe544ced0f3
2019-10-16 22:15:04,354 [Thread-1997] INFO  impl.FollowerState (FollowerState.java:run(117)) - eec99a0c-e1b1-4518-bc49-9d1a8c8e04d5@group-83CFD60236D8-FollowerState was interrupted: java.lang.InterruptedException: sleep interrupted
2019-10-16 22:15:04,354 [grpc-default-executor-23] INFO  impl.RoleInfo (RoleInfo.java:updateAndGet(143)) - eec99a0c-e1b1-4518-bc49-9d1a8c8e04d5: start FollowerState
2019-10-16 22:15:04,354 [grpc-default-executor-18] INFO  impl.RoleInfo (RoleInfo.java:shutdownFollowerState(121)) - d9e6ea44-93db-446f-8020-a94232284285: shutdown FollowerState
2019-10-16 22:15:04,355 [grpc-default-executor-18] INFO  impl.RoleInfo (RoleInfo.java:updateAndGet(143)) - d9e6ea44-93db-446f-8020-a94232284285: start FollowerState
2019-10-16 22:15:04,355 [Thread-1998] INFO  impl.FollowerState (FollowerState.java:run(117)) - d9e6ea44-93db-446f-8020-a94232284285@group-83CFD60236D8-FollowerState was interrupted: java.lang.InterruptedException: sleep interrupted
2019-10-16 22:15:04,381 [3989452c-7599-4156-9543-3fe544ced0f3@group-83CFD60236D8-LeaderElection167] INFO  impl.LeaderElection (LeaderElection.java:logAndReturn(56)) - 3989452c-7599-4156-9543-3fe544ced0f3@group-83CFD60236D8-LeaderElection167: Election REJECTED; received 2 response(s) [3989452c-7599-4156-9543-3fe544ced0f3<-eec99a0c-e1b1-4518-bc49-9d1a8c8e04d5#0:FAIL-t172, 3989452c-7599-4156-9543-3fe544ced0f3<-d9e6ea44-93db-446f-8020-a94232284285#0:FAIL-t172] and 0 exception(s); 3989452c-7599-4156-9543-3fe544ced0f3@group-83CFD60236D8:t172, leader=null, voted=3989452c-7599-4156-9543-3fe544ced0f3, raftlog=3989452c-7599-4156-9543-3fe544ced0f3@group-83CFD60236D8-SegmentedRaftLog:OPENED:c-1,f-1,i0, conf=-1: [3989452c-7599-4156-9543-3fe544ced0f3:192.168.157.254:36320, eec99a0c-e1b1-4518-bc49-9d1a8c8e04d5:192.168.157.254:45598, d9e6ea44-93db-446f-8020-a94232284285:192.168.157.254:41671], old=null
2019-10-16 22:15:04,382 [3989452c-7599-4156-9543-3fe544ced0f3@group-83CFD60236D8-LeaderElection167] INFO  impl.RaftServerImpl (RaftServerImpl.java:setRole(184)) - 3989452c-7599-4156-9543-3fe544ced0f3@group-83CFD60236D8: changes role from CANDIDATE to FOLLOWER at term 172 for DISCOVERED_A_NEW_TERM
2019-10-16 22:15:04,382 [3989452c-7599-4156-9543-3fe544ced0f3@group-83CFD60236D8-LeaderElection167] INFO  impl.RoleInfo (RoleInfo.java:shutdownLeaderElection(134)) - 3989452c-7599-4156-9543-3fe544ced0f3: shutdown LeaderElection
2019-10-16 22:15:04,382 [3989452c-7599-4156-9543-3fe544ced0f3@group-83CFD60236D8-LeaderElection167] INFO  impl.RoleInfo (RoleInfo.java:updateAndGet(143)) - 3989452c-7599-4156-9543-3fe544ced0f3: start FollowerState
2019-10-16 22:15:04,382 [Thread-2007] INFO  impl.FollowerState (FollowerState.java:run(108)) - 3989452c-7599-4156-9543-3fe544ced0f3@group-83CFD60236D8-FollowerState: change to CANDIDATE, lastRpcTime:0ms, electionTimeout:0ms
2019-10-16 22:15:04,382 [Thread-2007] INFO  impl.RoleInfo (RoleInfo.java:shutdownFollowerState(121)) - 3989452c-7599-4156-9543-3fe544ced0f3: shutdown FollowerState
2019-10-16 22:15:04,383 [Thread-2007] INFO  impl.RaftServerImpl (RaftServerImpl.java:setRole(184)) - 3989452c-7599-4156-9543-3fe544ced0f3@group-83CFD60236D8: changes role from  FOLLOWER to CANDIDATE at term 172 for changeToCandidate
2019-10-16 22:15:04,383 [Thread-2007] INFO  impl.RoleInfo (RoleInfo.java:updateAndGet(143)) - 3989452c-7599-4156-9543-3fe544ced0f3: start LeaderElection
2019-10-16 22:15:04,397 [3989452c-7599-4156-9543-3fe544ced0f3@group-83CFD60236D8-LeaderElection168] INFO  impl.LeaderElection (LeaderElection.java:askForVotes(178)) - 3989452c-7599-4156-9543-3fe544ced0f3@group-83CFD60236D8-LeaderElection168: begin an election at term 173 for -1: [3989452c-7599-4156-9543-3fe544ced0f3:192.168.157.254:36320, eec99a0c-e1b1-4518-bc49-9d1a8c8e04d5:192.168.157.254:45598, d9e6ea44-93db-446f-8020-a94232284285:192.168.157.254:41671], old=null
2019-10-16 22:15:04,400 [grpc-default-executor-23] INFO  impl.RaftServerImpl (RaftServerImpl.java:setRole(184)) - d9e6ea44-93db-446f-8020-a94232284285@group-83CFD60236D8: changes role from  FOLLOWER to FOLLOWER at term 173 for recognizeCandidate:3989452c-7599-4156-9543-3fe544ced0f3
2019-10-16 22:15:04,400 [grpc-default-executor-18] INFO  impl.RaftServerImpl (RaftServerImpl.java:setRole(184)) - eec99a0c-e1b1-4518-bc49-9d1a8c8e04d5@group-83CFD60236D8: changes role from  FOLLOWER to FOLLOWER at term 173 for recognizeCandidate:3989452c-7599-4156-9543-3fe544ced0f3
2019-10-16 22:15:04,400 [grpc-default-executor-23] INFO  impl.RoleInfo (RoleInfo.java:shutdownFollowerState(121)) - d9e6ea44-93db-446f-8020-a94232284285: shutdown FollowerState
2019-10-16 22:15:04,400 [grpc-default-executor-18] INFO  impl.RoleInfo (RoleInfo.java:shutdownFollowerState(121)) - eec99a0c-e1b1-4518-bc49-9d1a8c8e04d5: shutdown FollowerState
2019-10-16 22:15:04,400 [Thread-2006] INFO  impl.FollowerState (FollowerState.java:run(117)) - d9e6ea44-93db-446f-8020-a94232284285@group-83CFD60236D8-FollowerState was interrupted: java.lang.InterruptedException: sleep interrupted
2019-10-16 22:15:04,400 [grpc-default-executor-23] INFO  impl.RoleInfo (RoleInfo.java:updateAndGet(143)) - d9e6ea44-93db-446f-8020-a94232284285: start FollowerState
2019-10-16 22:15:04,400 [Thread-2005] INFO  impl.FollowerState (FollowerState.java:run(117)) - eec99a0c-e1b1-4518-bc49-9d1a8c8e04d5@group-83CFD60236D8-FollowerState was interrupted: java.lang.InterruptedException: sleep interrupted
2019-10-16 22:15:04,400 [grpc-default-executor-18] INFO  impl.RoleInfo (RoleInfo.java:updateAndGet(143)) - eec99a0c-e1b1-4518-bc49-9d1a8c8e04d5: start FollowerState
2019-10-16 22:15:04,424 [3989452c-7599-4156-9543-3fe544ced0f3@group-83CFD60236D8-LeaderElection168] INFO  impl.LeaderElection (LeaderElection.java:logAndReturn(56)) - 3989452c-7599-4156-9543-3fe544ced0f3@group-83CFD60236D8-LeaderElection168: Election REJECTED; received 2 response(s) [3989452c-7599-4156-9543-3fe544ced0f3<-eec99a0c-e1b1-4518-bc49-9d1a8c8e04d5#0:FAIL-t173, 3989452c-7599-4156-9543-3fe544ced0f3<-d9e6ea44-93db-446f-8020-a94232284285#0:FAIL-t173] and 0 exception(s); 3989452c-7599-4156-9543-3fe544ced0f3@group-83CFD60236D8:t173, leader=null, voted=3989452c-7599-4156-9543-3fe544ced0f3, raftlog=3989452c-7599-4156-9543-3fe544ced0f3@group-83CFD60236D8-SegmentedRaftLog:OPENED:c-1,f-1,i0, conf=-1: [3989452c-7599-4156-9543-3fe544ced0f3:192.168.157.254:36320, eec99a0c-e1b1-4518-bc49-9d1a8c8e04d5:192.168.157.254:45598, d9e6ea44-93db-446f-8020-a94232284285:192.168.157.254:41671], old=null
2019-10-16 22:15:04,424 [3989452c-7599-4156-9543-3fe544ced0f3@group-83CFD60236D8-LeaderElection168] INFO  impl.RaftServerImpl (RaftServerImpl.java:setRole(184)) - 3989452c-7599-4156-9543-3fe544ced0f3@group-83CFD60236D8: changes role from CANDIDATE to FOLLOWER at term 173 for DISCOVERED_A_NEW_TERM
2019-10-16 22:15:04,424 [3989452c-7599-4156-9543-3fe544ced0f3@group-83CFD60236D8-LeaderElection168] INFO  impl.RoleInfo (RoleInfo.java:shutdownLeaderElection(134)) - 3989452c-7599-4156-9543-3fe544ced0f3: shutdown LeaderElection
2019-10-16 22:15:04,424 [3989452c-7599-4156-9543-3fe544ced0f3@group-83CFD60236D8-LeaderElection168] INFO  impl.RoleInfo (RoleInfo.java:updateAndGet(143)) - 3989452c-7599-4156-9543-3fe544ced0f3: start FollowerState
2019-10-16 22:15:04,572 [Thread-2013] INFO  impl.FollowerState (FollowerState.java:run(108)) - 3989452c-7599-4156-9543-3fe544ced0f3@group-83CFD60236D8-FollowerState: change to CANDIDATE, lastRpcTime:147ms, electionTimeout:147ms
2019-10-16 22:15:04,572 [Thread-2013] INFO  impl.RoleInfo (RoleInfo.java:shutdownFollowerState(121)) - 3989452c-7599-4156-9543-3fe544ced0f3: shutdown FollowerState
2019-10-16 22:15:04,573 [Thread-2013] INFO  impl.RaftServerImpl (RaftServerImpl.java:setRole(184)) - 3989452c-7599-4156-9543-3fe544ced0f3@group-83CFD60236D8: changes role from  FOLLOWER to CANDIDATE at term 173 for changeToCandidate
2019-10-16 22:15:04,573 [Thread-2013] INFO  impl.RoleInfo (RoleInfo.java:updateAndGet(143)) - 3989452c-7599-4156-9543-3fe544ced0f3: start LeaderElection
2019-10-16 22:15:04,602 [3989452c-7599-4156-9543-3fe544ced0f3@group-83CFD60236D8-LeaderElection169] INFO  impl.LeaderElection (LeaderElection.java:askForVotes(178)) - 3989452c-7599-4156-9543-3fe544ced0f3@group-83CFD60236D8-LeaderElection169: begin an election at term 174 for -1: [3989452c-7599-4156-9543-3fe544ced0f3:192.168.157.254:36320, eec99a0c-e1b1-4518-bc49-9d1a8c8e04d5:192.168.157.254:45598, d9e6ea44-93db-446f-8020-a94232284285:192.168.157.254:41671], old=null
2019-10-16 22:15:04,609 [grpc-default-executor-18] INFO  impl.RaftServerImpl (RaftServerImpl.java:setRole(184)) - eec99a0c-e1b1-4518-bc49-9d1a8c8e04d5@group-83CFD60236D8: changes role from  FOLLOWER to FOLLOWER at term 174 for recognizeCandidate:3989452c-7599-4156-9543-3fe544ced0f3
2019-10-16 22:15:04,609 [grpc-default-executor-23] INFO  impl.RaftServerImpl (RaftServerImpl.java:setRole(184)) - d9e6ea44-93db-446f-8020-a94232284285@group-83CFD60236D8: changes role from  FOLLOWER to FOLLOWER at term 174 for recognizeCandidate:3989452c-7599-4156-9543-3fe544ced0f3
2019-10-16 22:15:04,609 [grpc-default-executor-18] INFO  impl.RoleInfo (RoleInfo.java:shutdownFollowerState(121)) - eec99a0c-e1b1-4518-bc49-9d1a8c8e04d5: shutdown FollowerState
2019-10-16 22:15:04,609 [grpc-default-executor-23] INFO  impl.RoleInfo (RoleInfo.java:shutdownFollowerState(121)) - d9e6ea44-93db-446f-8020-a94232284285: shutdown FollowerState
2019-10-16 22:15:04,610 [grpc-default-executor-18] INFO  impl.RoleInfo (RoleInfo.java:updateAndGet(143)) - eec99a0c-e1b1-4518-bc49-9d1a8c8e04d5: start FollowerState
2019-10-16 22:15:04,610 [Thread-2012] INFO  impl.FollowerState (FollowerState.java:run(117)) - eec99a0c-e1b1-4518-bc49-9d1a8c8e04d5@group-83CFD60236D8-FollowerState was interrupted: java.lang.InterruptedException: sleep interrupted
2019-10-16 22:15:04,610 [grpc-default-executor-23] INFO  impl.RoleInfo (RoleInfo.java:updateAndGet(143)) - d9e6ea44-93db-446f-8020-a94232284285: start FollowerState
2019-10-16 22:15:04,610 [Thread-2011] INFO  impl.FollowerState (FollowerState.java:run(117)) - d9e6ea44-93db-446f-8020-a94232284285@group-83CFD60236D8-FollowerState was interrupted: java.lang.InterruptedException: sleep interrupted
2019-10-16 22:15:04,637 [3989452c-7599-4156-9543-3fe544ced0f3@group-83CFD60236D8-LeaderElection169] INFO  impl.LeaderElection (LeaderElection.java:logAndReturn(56)) - 3989452c-7599-4156-9543-3fe544ced0f3@group-83CFD60236D8-LeaderElection169: Election REJECTED; received 2 response(s) [3989452c-7599-4156-9543-3fe544ced0f3<-eec99a0c-e1b1-4518-bc49-9d1a8c8e04d5#0:FAIL-t174, 3989452c-7599-4156-9543-3fe544ced0f3<-d9e6ea44-93db-446f-8020-a94232284285#0:FAIL-t174] and 0 exception(s); 3989452c-7599-4156-9543-3fe544ced0f3@group-83CFD60236D8:t174, leader=null, voted=3989452c-7599-4156-9543-3fe544ced0f3, raftlog=3989452c-7599-4156-9543-3fe544ced0f3@group-83CFD60236D8-SegmentedRaftLog:OPENED:c-1,f-1,i0, conf=-1: [3989452c-7599-4156-9543-3fe544ced0f3:192.168.157.254:36320, eec99a0c-e1b1-4518-bc49-9d1a8c8e04d5:192.168.157.254:45598, d9e6ea44-93db-446f-8020-a94232284285:192.168.157.254:41671], old=null
2019-10-16 22:15:04,637 [3989452c-7599-4156-9543-3fe544ced0f3@group-83CFD60236D8-LeaderElection169] INFO  impl.RaftServerImpl (RaftServerImpl.java:setRole(184)) - 3989452c-7599-4156-9543-3fe544ced0f3@group-83CFD60236D8: changes role from CANDIDATE to FOLLOWER at term 174 for DISCOVERED_A_NEW_TERM
2019-10-16 22:15:04,637 [3989452c-7599-4156-9543-3fe544ced0f3@group-83CFD60236D8-LeaderElection169] INFO  impl.RoleInfo (RoleInfo.java:shutdownLeaderElection(134)) - 3989452c-7599-4156-9543-3fe544ced0f3: shutdown LeaderElection
2019-10-16 22:15:04,638 [3989452c-7599-4156-9543-3fe544ced0f3@group-83CFD60236D8-LeaderElection169] INFO  impl.RoleInfo (RoleInfo.java:updateAndGet(143)) - 3989452c-7599-4156-9543-3fe544ced0f3: start FollowerState
2019-10-16 22:15:04,760 [Thread-2019] INFO  impl.FollowerState (FollowerState.java:run(108)) - 3989452c-7599-4156-9543-3fe544ced0f3@group-83CFD60236D8-FollowerState: change to CANDIDATE, lastRpcTime:122ms, electionTimeout:122ms
2019-10-16 22:15:04,760 [Thread-2019] INFO  impl.RoleInfo (RoleInfo.java:shutdownFollowerState(121)) - 3989452c-7599-4156-9543-3fe544ced0f3: shutdown FollowerState
2019-10-16 22:15:04,760 [Thread-2019] INFO  impl.RaftServerImpl (RaftServerImpl.java:setRole(184)) - 3989452c-7599-4156-9543-3fe544ced0f3@group-83CFD60236D8: changes role from  FOLLOWER to CANDIDATE at term 174 for changeToCandidate
2019-10-16 22:15:04,761 [Thread-2019] INFO  impl.RoleInfo (RoleInfo.java:updateAndGet(143)) - 3989452c-7599-4156-9543-3fe544ced0f3: start LeaderElection
2019-10-16 22:15:04,787 [3989452c-7599-4156-9543-3fe544ced0f3@group-83CFD60236D8-LeaderElection170] INFO  impl.LeaderElection (LeaderElection.java:askForVotes(178)) - 3989452c-7599-4156-9543-3fe544ced0f3@group-83CFD60236D8-LeaderElection170: begin an election at term 175 for -1: [3989452c-7599-4156-9543-3fe544ced0f3:192.168.157.254:36320, eec99a0c-e1b1-4518-bc49-9d1a8c8e04d5:192.168.157.254:45598, d9e6ea44-93db-446f-8020-a94232284285:192.168.157.254:41671], old=null
2019-10-16 22:15:04,789 [grpc-default-executor-23] INFO  impl.RaftServerImpl (RaftServerImpl.java:setRole(184)) - eec99a0c-e1b1-4518-bc49-9d1a8c8e04d5@group-83CFD60236D8: changes role from  FOLLOWER to FOLLOWER at term 175 for recognizeCandidate:3989452c-7599-4156-9543-3fe544ced0f3
2019-10-16 22:15:04,790 [grpc-default-executor-23] INFO  impl.RoleInfo (RoleInfo.java:shutdownFollowerState(121)) - eec99a0c-e1b1-4518-bc49-9d1a8c8e04d5: shutdown FollowerState
2019-10-16 22:15:04,790 [grpc-default-executor-23] INFO  impl.RoleInfo (RoleInfo.java:updateAndGet(143)) - eec99a0c-e1b1-4518-bc49-9d1a8c8e04d5: start FollowerState
2019-10-16 22:15:04,790 [Thread-2017] INFO  impl.FollowerState (FollowerState.java:run(117)) - eec99a0c-e1b1-4518-bc49-9d1a8c8e04d5@group-83CFD60236D8-FollowerState was interrupted: java.lang.InterruptedException: sleep interrupted
2019-10-16 22:15:04,790 [grpc-default-executor-18] INFO  impl.RaftServerImpl (RaftServerImpl.java:setRole(184)) - d9e6ea44-93db-446f-8020-a94232284285@group-83CFD60236D8: changes role from  FOLLOWER to FOLLOWER at term 175 for recognizeCandidate:3989452c-7599-4156-9543-3fe544ced0f3
2019-10-16 22:15:04,790 [grpc-default-executor-18] INFO  impl.RoleInfo (RoleInfo.java:shutdownFollowerState(121)) - d9e6ea44-93db-446f-8020-a94232284285: shutdown FollowerState
2019-10-16 22:15:04,790 [grpc-default-executor-18] INFO  impl.RoleInfo (RoleInfo.java:updateAndGet(143)) - d9e6ea44-93db-446f-8020-a94232284285: start FollowerState
2019-10-16 22:15:04,790 [Thread-2018] INFO  impl.FollowerState (FollowerState.java:run(117)) - d9e6ea44-93db-446f-8020-a94232284285@group-83CFD60236D8-FollowerState was interrupted: java.lang.InterruptedException: sleep interrupted
2019-10-16 22:15:04,817 [3989452c-7599-4156-9543-3fe544ced0f3@group-83CFD60236D8-LeaderElection170] INFO  impl.LeaderElection (LeaderElection.java:logAndReturn(56)) - 3989452c-7599-4156-9543-3fe544ced0f3@group-83CFD60236D8-LeaderElection170: Election REJECTED; received 2 response(s) [3989452c-7599-4156-9543-3fe544ced0f3<-eec99a0c-e1b1-4518-bc49-9d1a8c8e04d5#0:FAIL-t175, 3989452c-7599-4156-9543-3fe544ced0f3<-d9e6ea44-93db-446f-8020-a94232284285#0:FAIL-t175] and 0 exception(s); 3989452c-7599-4156-9543-3fe544ced0f3@group-83CFD60236D8:t175, leader=null, voted=3989452c-7599-4156-9543-3fe544ced0f3, raftlog=3989452c-7599-4156-9543-3fe544ced0f3@group-83CFD60236D8-SegmentedRaftLog:OPENED:c-1,f-1,i0, conf=-1: [3989452c-7599-4156-9543-3fe544ced0f3:192.168.157.254:36320, eec99a0c-e1b1-4518-bc49-9d1a8c8e04d5:192.168.157.254:45598, d9e6ea44-93db-446f-8020-a94232284285:192.168.157.254:41671], old=null
2019-10-16 22:15:04,817 [3989452c-7599-4156-9543-3fe544ced0f3@group-83CFD60236D8-LeaderElection170] INFO  impl.RaftServerImpl (RaftServerImpl.java:setRole(184)) - 3989452c-7599-4156-9543-3fe544ced0f3@group-83CFD60236D8: changes role from CANDIDATE to FOLLOWER at term 175 for DISCOVERED_A_NEW_TERM
2019-10-16 22:15:04,817 [3989452c-7599-4156-9543-3fe544ced0f3@group-83CFD60236D8-LeaderElection170] INFO  impl.RoleInfo (RoleInfo.java:shutdownLeaderElection(134)) - 3989452c-7599-4156-9543-3fe544ced0f3: shutdown LeaderElection
2019-10-16 22:15:04,817 [3989452c-7599-4156-9543-3fe544ced0f3@group-83CFD60236D8-LeaderElection170] INFO  impl.RoleInfo (RoleInfo.java:updateAndGet(143)) - 3989452c-7599-4156-9543-3fe544ced0f3: start FollowerState
2019-10-16 22:15:04,819 [Thread-2025] INFO  impl.FollowerState (FollowerState.java:run(108)) - 3989452c-7599-4156-9543-3fe544ced0f3@group-83CFD60236D8-FollowerState: change to CANDIDATE, lastRpcTime:1ms, electionTimeout:1ms
2019-10-16 22:15:04,819 [Thread-2025] INFO  impl.RoleInfo (RoleInfo.java:shutdownFollowerState(121)) - 3989452c-7599-4156-9543-3fe544ced0f3: shutdown FollowerState
2019-10-16 22:15:04,819 [Thread-2025] INFO  impl.RaftServerImpl (RaftServerImpl.java:setRole(184)) - 3989452c-7599-4156-9543-3fe544ced0f3@group-83CFD60236D8: changes role from  FOLLOWER to CANDIDATE at term 175 for changeToCandidate
2019-10-16 22:15:04,819 [Thread-2025] INFO  impl.RoleInfo (RoleInfo.java:updateAndGet(143)) - 3989452c-7599-4156-9543-3fe544ced0f3: start LeaderElection
2019-10-16 22:15:04,833 [3989452c-7599-4156-9543-3fe544ced0f3@group-83CFD60236D8-LeaderElection171] INFO  impl.LeaderElection (LeaderElection.java:askForVotes(178)) - 3989452c-7599-4156-9543-3fe544ced0f3@group-83CFD60236D8-LeaderElection171: begin an election at term 176 for -1: [3989452c-7599-4156-9543-3fe544ced0f3:192.168.157.254:36320, eec99a0c-e1b1-4518-bc49-9d1a8c8e04d5:192.168.157.254:45598, d9e6ea44-93db-446f-8020-a94232284285:192.168.157.254:41671], old=null
2019-10-16 22:15:04,835 [grpc-default-executor-18] INFO  impl.RaftServerImpl (RaftServerImpl.java:setRole(184)) - eec99a0c-e1b1-4518-bc49-9d1a8c8e04d5@group-83CFD60236D8: changes role from  FOLLOWER to FOLLOWER at term 176 for recognizeCandidate:3989452c-7599-4156-9543-3fe544ced0f3
2019-10-16 22:15:04,835 [grpc-default-executor-23] INFO  impl.RaftServerImpl (RaftServerImpl.java:setRole(184)) - d9e6ea44-93db-446f-8020-a94232284285@group-83CFD60236D8: changes role from  FOLLOWER to FOLLOWER at term 176 for recognizeCandidate:3989452c-7599-4156-9543-3fe544ced0f3
2019-10-16 22:15:04,835 [grpc-default-executor-18] INFO  impl.RoleInfo (RoleInfo.java:shutdownFollowerState(121)) - eec99a0c-e1b1-4518-bc49-9d1a8c8e04d5: shutdown FollowerState
2019-10-16 22:15:04,835 [grpc-default-executor-23] INFO  impl.RoleInfo (RoleInfo.java:shutdownFollowerState(121)) - d9e6ea44-93db-446f-8020-a94232284285: shutdown FollowerState
2019-10-16 22:15:04,835 [Thread-2023] INFO  impl.FollowerState (FollowerState.java:run(117)) - eec99a0c-e1b1-4518-bc49-9d1a8c8e04d5@group-83CFD60236D8-FollowerState was interrupted: java.lang.InterruptedException: sleep interrupted
2019-10-16 22:15:04,835 [grpc-default-executor-18] INFO  impl.RoleInfo (RoleInfo.java:updateAndGet(143)) - eec99a0c-e1b1-4518-bc49-9d1a8c8e04d5: start FollowerState
2019-10-16 22:15:04,836 [Thread-2024] INFO  impl.FollowerState (FollowerState.java:run(117)) - d9e6ea44-93db-446f-8020-a94232284285@group-83CFD60236D8-FollowerState was interrupted: java.lang.InterruptedException: sleep interrupted
2019-10-16 22:15:04,836 [grpc-default-executor-23] INFO  impl.RoleInfo (RoleInfo.java:updateAndGet(143)) - d9e6ea44-93db-446f-8020-a94232284285: start FollowerState
2019-10-16 22:15:04,862 [3989452c-7599-4156-9543-3fe544ced0f3@group-83CFD60236D8-LeaderElection171] INFO  impl.LeaderElection (LeaderElection.java:logAndReturn(56)) - 3989452c-7599-4156-9543-3fe544ced0f3@group-83CFD60236D8-LeaderElection171: Election REJECTED; received 2 response(s) [3989452c-7599-4156-9543-3fe544ced0f3<-eec99a0c-e1b1-4518-bc49-9d1a8c8e04d5#0:FAIL-t176, 3989452c-7599-4156-9543-3fe544ced0f3<-d9e6ea44-93db-446f-8020-a94232284285#0:FAIL-t176] and 0 exception(s); 3989452c-7599-4156-9543-3fe544ced0f3@group-83CFD60236D8:t176, leader=null, voted=3989452c-7599-4156-9543-3fe544ced0f3, raftlog=3989452c-7599-4156-9543-3fe544ced0f3@group-83CFD60236D8-SegmentedRaftLog:OPENED:c-1,f-1,i0, conf=-1: [3989452c-7599-4156-9543-3fe544ced0f3:192.168.157.254:36320, eec99a0c-e1b1-4518-bc49-9d1a8c8e04d5:192.168.157.254:45598, d9e6ea44-93db-446f-8020-a94232284285:192.168.157.254:41671], old=null
2019-10-16 22:15:04,862 [3989452c-7599-4156-9543-3fe544ced0f3@group-83CFD60236D8-LeaderElection171] INFO  impl.RaftServerImpl (RaftServerImpl.java:setRole(184)) - 3989452c-7599-4156-9543-3fe544ced0f3@group-83CFD60236D8: changes role from CANDIDATE to FOLLOWER at term 176 for DISCOVERED_A_NEW_TERM
2019-10-16 22:15:04,862 [3989452c-7599-4156-9543-3fe544ced0f3@group-83CFD60236D8-LeaderElection171] INFO  impl.RoleInfo (RoleInfo.java:shutdownLeaderElection(134)) - 3989452c-7599-4156-9543-3fe544ced0f3: shutdown LeaderElection
2019-10-16 22:15:04,862 [3989452c-7599-4156-9543-3fe544ced0f3@group-83CFD60236D8-LeaderElection171] INFO  impl.RoleInfo (RoleInfo.java:updateAndGet(143)) - 3989452c-7599-4156-9543-3fe544ced0f3: start FollowerState
2019-10-16 22:15:04,990 [Thread-2031] INFO  impl.FollowerState (FollowerState.java:run(108)) - 3989452c-7599-4156-9543-3fe544ced0f3@group-83CFD60236D8-FollowerState: change to CANDIDATE, lastRpcTime:127ms, electionTimeout:127ms
2019-10-16 22:15:04,990 [Thread-2031] INFO  impl.RoleInfo (RoleInfo.java:shutdownFollowerState(121)) - 3989452c-7599-4156-9543-3fe544ced0f3: shutdown FollowerState
2019-10-16 22:15:04,990 [Thread-2031] INFO  impl.RaftServerImpl (RaftServerImpl.java:setRole(184)) - 3989452c-7599-4156-9543-3fe544ced0f3@group-83CFD60236D8: changes role from  FOLLOWER to CANDIDATE at term 176 for changeToCandidate
2019-10-16 22:15:04,990 [Thread-2031] INFO  impl.RoleInfo (RoleInfo.java:updateAndGet(143)) - 3989452c-7599-4156-9543-3fe544ced0f3: start LeaderElection
2019-10-16 22:15:05,003 [3989452c-7599-4156-9543-3fe544ced0f3@group-83CFD60236D8-LeaderElection172] INFO  impl.LeaderElection (LeaderElection.java:askForVotes(178)) - 3989452c-7599-4156-9543-3fe544ced0f3@group-83CFD60236D8-LeaderElection172: begin an election at term 177 for -1: [3989452c-7599-4156-9543-3fe544ced0f3:192.168.157.254:36320, eec99a0c-e1b1-4518-bc49-9d1a8c8e04d5:192.168.157.254:45598, d9e6ea44-93db-446f-8020-a94232284285:192.168.157.254:41671], old=null
2019-10-16 22:15:05,006 [grpc-default-executor-18] INFO  impl.RaftServerImpl (RaftServerImpl.java:setRole(184)) - eec99a0c-e1b1-4518-bc49-9d1a8c8e04d5@group-83CFD60236D8: changes role from  FOLLOWER to FOLLOWER at term 177 for recognizeCandidate:3989452c-7599-4156-9543-3fe544ced0f3
2019-10-16 22:15:05,006 [grpc-default-executor-18] INFO  impl.RoleInfo (RoleInfo.java:shutdownFollowerState(121)) - eec99a0c-e1b1-4518-bc49-9d1a8c8e04d5: shutdown FollowerState
2019-10-16 22:15:05,006 [grpc-default-executor-23] INFO  impl.RaftServerImpl (RaftServerImpl.java:setRole(184)) - d9e6ea44-93db-446f-8020-a94232284285@group-83CFD60236D8: changes role from  FOLLOWER to FOLLOWER at term 177 for recognizeCandidate:3989452c-7599-4156-9543-3fe544ced0f3
2019-10-16 22:15:05,006 [Thread-2029] INFO  impl.FollowerState (FollowerState.java:run(117)) - eec99a0c-e1b1-4518-bc49-9d1a8c8e04d5@group-83CFD60236D8-FollowerState was interrupted: java.lang.InterruptedException: sleep interrupted
2019-10-16 22:15:05,006 [grpc-default-executor-18] INFO  impl.RoleInfo (RoleInfo.java:updateAndGet(143)) - eec99a0c-e1b1-4518-bc49-9d1a8c8e04d5: start FollowerState
2019-10-16 22:15:05,006 [grpc-default-executor-23] INFO  impl.RoleInfo (RoleInfo.java:shutdownFollowerState(121)) - d9e6ea44-93db-446f-8020-a94232284285: shutdown FollowerState
2019-10-16 22:15:05,007 [grpc-default-executor-23] INFO  impl.RoleInfo (RoleInfo.java:updateAndGet(143)) - d9e6ea44-93db-446f-8020-a94232284285: start FollowerState
2019-10-16 22:15:05,007 [Thread-2030] INFO  impl.FollowerState (FollowerState.java:run(117)) - d9e6ea44-93db-446f-8020-a94232284285@group-83CFD60236D8-FollowerState was interrupted: java.lang.InterruptedException: sleep interrupted
2019-10-16 22:15:05,030 [3989452c-7599-4156-9543-3fe544ced0f3@group-83CFD60236D8-LeaderElection172] INFO  impl.LeaderElection (LeaderElection.java:logAndReturn(56)) - 3989452c-7599-4156-9543-3fe544ced0f3@group-83CFD60236D8-LeaderElection172: Election REJECTED; received 2 response(s) [3989452c-7599-4156-9543-3fe544ced0f3<-eec99a0c-e1b1-4518-bc49-9d1a8c8e04d5#0:FAIL-t177, 3989452c-7599-4156-9543-3fe544ced0f3<-d9e6ea44-93db-446f-8020-a94232284285#0:FAIL-t177] and 0 exception(s); 3989452c-7599-4156-9543-3fe544ced0f3@group-83CFD60236D8:t177, leader=null, voted=3989452c-7599-4156-9543-3fe544ced0f3, raftlog=3989452c-7599-4156-9543-3fe544ced0f3@group-83CFD60236D8-SegmentedRaftLog:OPENED:c-1,f-1,i0, conf=-1: [3989452c-7599-4156-9543-3fe544ced0f3:192.168.157.254:36320, eec99a0c-e1b1-4518-bc49-9d1a8c8e04d5:192.168.157.254:45598, d9e6ea44-93db-446f-8020-a94232284285:192.168.157.254:41671], old=null
2019-10-16 22:15:05,030 [3989452c-7599-4156-9543-3fe544ced0f3@group-83CFD60236D8-LeaderElection172] INFO  impl.RaftServerImpl (RaftServerImpl.java:setRole(184)) - 3989452c-7599-4156-9543-3fe544ced0f3@group-83CFD60236D8: changes role from CANDIDATE to FOLLOWER at term 177 for DISCOVERED_A_NEW_TERM
2019-10-16 22:15:05,031 [3989452c-7599-4156-9543-3fe544ced0f3@group-83CFD60236D8-LeaderElection172] INFO  impl.RoleInfo (RoleInfo.java:shutdownLeaderElection(134)) - 3989452c-7599-4156-9543-3fe544ced0f3: shutdown LeaderElection
2019-10-16 22:15:05,031 [3989452c-7599-4156-9543-3fe544ced0f3@group-83CFD60236D8-LeaderElection172] INFO  impl.RoleInfo (RoleInfo.java:updateAndGet(143)) - 3989452c-7599-4156-9543-3fe544ced0f3: start FollowerState
 0.00% |?                                                                                                    |  0/1 Time: 0:06:212019-10-16 22:15:05,223 [Thread-2037] INFO  impl.FollowerState (FollowerState.java:run(108)) - 3989452c-7599-4156-9543-3fe544ced0f3@group-83CFD60236D8-FollowerState: change to CANDIDATE, lastRpcTime:192ms, electionTimeout:192ms
2019-10-16 22:15:05,223 [Thread-2037] INFO  impl.RoleInfo (RoleInfo.java:shutdownFollowerState(121)) - 3989452c-7599-4156-9543-3fe544ced0f3: shutdown FollowerState
2019-10-16 22:15:05,224 [Thread-2037] INFO  impl.RaftServerImpl (RaftServerImpl.java:setRole(184)) - 3989452c-7599-4156-9543-3fe544ced0f3@group-83CFD60236D8: changes role from  FOLLOWER to CANDIDATE at term 177 for changeToCandidate
2019-10-16 22:15:05,224 [Thread-2037] INFO  impl.RoleInfo (RoleInfo.java:updateAndGet(143)) - 3989452c-7599-4156-9543-3fe544ced0f3: start LeaderElection
2019-10-16 22:15:05,249 [3989452c-7599-4156-9543-3fe544ced0f3@group-83CFD60236D8-LeaderElection173] INFO  impl.LeaderElection (LeaderElection.java:askForVotes(178)) - 3989452c-7599-4156-9543-3fe544ced0f3@group-83CFD60236D8-LeaderElection173: begin an election at term 178 for -1: [3989452c-7599-4156-9543-3fe544ced0f3:192.168.157.254:36320, eec99a0c-e1b1-4518-bc49-9d1a8c8e04d5:192.168.157.254:45598, d9e6ea44-93db-446f-8020-a94232284285:192.168.157.254:41671], old=null
2019-10-16 22:15:05,252 [grpc-default-executor-23] INFO  impl.RaftServerImpl (RaftServerImpl.java:setRole(184)) - eec99a0c-e1b1-4518-bc49-9d1a8c8e04d5@group-83CFD60236D8: changes role from  FOLLOWER to FOLLOWER at term 178 for recognizeCandidate:3989452c-7599-4156-9543-3fe544ced0f3
2019-10-16 22:15:05,252 [grpc-default-executor-18] INFO  impl.RaftServerImpl (RaftServerImpl.java:setRole(184)) - d9e6ea44-93db-446f-8020-a94232284285@group-83CFD60236D8: changes role from  FOLLOWER to FOLLOWER at term 178 for recognizeCandidate:3989452c-7599-4156-9543-3fe544ced0f3
2019-10-16 22:15:05,252 [grpc-default-executor-23] INFO  impl.RoleInfo (RoleInfo.java:shutdownFollowerState(121)) - eec99a0c-e1b1-4518-bc49-9d1a8c8e04d5: shutdown FollowerState
2019-10-16 22:15:05,252 [grpc-default-executor-18] INFO  impl.RoleInfo (RoleInfo.java:shutdownFollowerState(121)) - d9e6ea44-93db-446f-8020-a94232284285: shutdown FollowerState
2019-10-16 22:15:05,253 [Thread-2035] INFO  impl.FollowerState (FollowerState.java:run(117)) - eec99a0c-e1b1-4518-bc49-9d1a8c8e04d5@group-83CFD60236D8-FollowerState was interrupted: java.lang.InterruptedException: sleep interrupted
2019-10-16 22:15:05,253 [Thread-2036] INFO  impl.FollowerState (FollowerState.java:run(117)) - d9e6ea44-93db-446f-8020-a94232284285@group-83CFD60236D8-FollowerState was interrupted: java.lang.InterruptedException: sleep interrupted
2019-10-16 22:15:05,253 [grpc-default-executor-23] INFO  impl.RoleInfo (RoleInfo.java:updateAndGet(143)) - eec99a0c-e1b1-4518-bc49-9d1a8c8e04d5: start FollowerState
2019-10-16 22:15:05,253 [grpc-default-executor-18] INFO  impl.RoleInfo (RoleInfo.java:updateAndGet(143)) - d9e6ea44-93db-446f-8020-a94232284285: start FollowerState
2019-10-16 22:15:05,275 [3989452c-7599-4156-9543-3fe544ced0f3@group-83CFD60236D8-LeaderElection173] INFO  impl.LeaderElection (LeaderElection.java:logAndReturn(56)) - 3989452c-7599-4156-9543-3fe544ced0f3@group-83CFD60236D8-LeaderElection173: Election REJECTED; received 2 response(s) [3989452c-7599-4156-9543-3fe544ced0f3<-eec99a0c-e1b1-4518-bc49-9d1a8c8e04d5#0:FAIL-t178, 3989452c-7599-4156-9543-3fe544ced0f3<-d9e6ea44-93db-446f-8020-a94232284285#0:FAIL-t178] and 0 exception(s); 3989452c-7599-4156-9543-3fe544ced0f3@group-83CFD60236D8:t178, leader=null, voted=3989452c-7599-4156-9543-3fe544ced0f3, raftlog=3989452c-7599-4156-9543-3fe544ced0f3@group-83CFD60236D8-SegmentedRaftLog:OPENED:c-1,f-1,i0, conf=-1: [3989452c-7599-4156-9543-3fe544ced0f3:192.168.157.254:36320, eec99a0c-e1b1-4518-bc49-9d1a8c8e04d5:192.168.157.254:45598, d9e6ea44-93db-446f-8020-a94232284285:192.168.157.254:41671], old=null
2019-10-16 22:15:05,275 [3989452c-7599-4156-9543-3fe544ced0f3@group-83CFD60236D8-LeaderElection173] INFO  impl.RaftServerImpl (RaftServerImpl.java:setRole(184)) - 3989452c-7599-4156-9543-3fe544ced0f3@group-83CFD60236D8: changes role from CANDIDATE to FOLLOWER at term 178 for DISCOVERED_A_NEW_TERM
2019-10-16 22:15:05,276 [3989452c-7599-4156-9543-3fe544ced0f3@group-83CFD60236D8-LeaderElection173] INFO  impl.RoleInfo (RoleInfo.java:shutdownLeaderElection(134)) - 3989452c-7599-4156-9543-3fe544ced0f3: shutdown LeaderElection
2019-10-16 22:15:05,276 [3989452c-7599-4156-9543-3fe544ced0f3@group-83CFD60236D8-LeaderElection173] INFO  impl.RoleInfo (RoleInfo.java:updateAndGet(143)) - 3989452c-7599-4156-9543-3fe544ced0f3: start FollowerState
2019-10-16 22:15:05,279 [Thread-2043] INFO  impl.FollowerState (FollowerState.java:run(108)) - 3989452c-7599-4156-9543-3fe544ced0f3@group-83CFD60236D8-FollowerState: change to CANDIDATE, lastRpcTime:3ms, electionTimeout:3ms
2019-10-16 22:15:05,279 [Thread-2043] INFO  impl.RoleInfo (RoleInfo.java:shutdownFollowerState(121)) - 3989452c-7599-4156-9543-3fe544ced0f3: shutdown FollowerState
2019-10-16 22:15:05,279 [Thread-2043] INFO  impl.RaftServerImpl (RaftServerImpl.java:setRole(184)) - 3989452c-7599-4156-9543-3fe544ced0f3@group-83CFD60236D8: changes role from  FOLLOWER to CANDIDATE at term 178 for changeToCandidate
2019-10-16 22:15:05,280 [Thread-2043] INFO  impl.RoleInfo (RoleInfo.java:updateAndGet(143)) - 3989452c-7599-4156-9543-3fe544ced0f3: start LeaderElection
2019-10-16 22:15:05,302 [3989452c-7599-4156-9543-3fe544ced0f3@group-83CFD60236D8-LeaderElection174] INFO  impl.LeaderElection (LeaderElection.java:askForVotes(178)) - 3989452c-7599-4156-9543-3fe544ced0f3@group-83CFD60236D8-LeaderElection174: begin an election at term 179 for -1: [3989452c-7599-4156-9543-3fe544ced0f3:192.168.157.254:36320, eec99a0c-e1b1-4518-bc49-9d1a8c8e04d5:192.168.157.254:45598, d9e6ea44-93db-446f-8020-a94232284285:192.168.157.254:41671], old=null
2019-10-16 22:15:05,303 [grpc-default-executor-18] INFO  impl.RaftServerImpl (RaftServerImpl.java:setRole(184)) - eec99a0c-e1b1-4518-bc49-9d1a8c8e04d5@group-83CFD60236D8: changes role from  FOLLOWER to FOLLOWER at term 179 for recognizeCandidate:3989452c-7599-4156-9543-3fe544ced0f3
2019-10-16 22:15:05,303 [grpc-default-executor-18] INFO  impl.RoleInfo (RoleInfo.java:shutdownFollowerState(121)) - eec99a0c-e1b1-4518-bc49-9d1a8c8e04d5: shutdown FollowerState
2019-10-16 22:15:05,303 [grpc-default-executor-18] INFO  impl.RoleInfo (RoleInfo.java:updateAndGet(143)) - eec99a0c-e1b1-4518-bc49-9d1a8c8e04d5: start FollowerState
2019-10-16 22:15:05,304 [grpc-default-executor-23] INFO  impl.RaftServerImpl (RaftServerImpl.java:setRole(184)) - d9e6ea44-93db-446f-8020-a94232284285@group-83CFD60236D8: changes role from  FOLLOWER to FOLLOWER at term 179 for recognizeCandidate:3989452c-7599-4156-9543-3fe544ced0f3
2019-10-16 22:15:05,304 [Thread-2041] INFO  impl.FollowerState (FollowerState.java:run(117)) - eec99a0c-e1b1-4518-bc49-9d1a8c8e04d5@group-83CFD60236D8-FollowerState was interrupted: java.lang.InterruptedException: sleep interrupted
2019-10-16 22:15:05,304 [grpc-default-executor-23] INFO  impl.RoleInfo (RoleInfo.java:shutdownFollowerState(121)) - d9e6ea44-93db-446f-8020-a94232284285: shutdown FollowerState
2019-10-16 22:15:05,304 [grpc-default-executor-23] INFO  impl.RoleInfo (RoleInfo.java:updateAndGet(143)) - d9e6ea44-93db-446f-8020-a94232284285: start FollowerState
2019-10-16 22:15:05,304 [Thread-2042] INFO  impl.FollowerState (FollowerState.java:run(117)) - d9e6ea44-93db-446f-8020-a94232284285@group-83CFD60236D8-FollowerState was interrupted: java.lang.InterruptedException: sleep interrupted
2019-10-16 22:15:05,330 [3989452c-7599-4156-9543-3fe544ced0f3@group-83CFD60236D8-LeaderElection174] INFO  impl.LeaderElection (LeaderElection.java:logAndReturn(56)) - 3989452c-7599-4156-9543-3fe544ced0f3@group-83CFD60236D8-LeaderElection174: Election REJECTED; received 2 response(s) [3989452c-7599-4156-9543-3fe544ced0f3<-eec99a0c-e1b1-4518-bc49-9d1a8c8e04d5#0:FAIL-t179, 3989452c-7599-4156-9543-3fe544ced0f3<-d9e6ea44-93db-446f-8020-a94232284285#0:FAIL-t179] and 0 exception(s); 3989452c-7599-4156-9543-3fe544ced0f3@group-83CFD60236D8:t179, leader=null, voted=3989452c-7599-4156-9543-3fe544ced0f3, raftlog=3989452c-7599-4156-9543-3fe544ced0f3@group-83CFD60236D8-SegmentedRaftLog:OPENED:c-1,f-1,i0, conf=-1: [3989452c-7599-4156-9543-3fe544ced0f3:192.168.157.254:36320, eec99a0c-e1b1-4518-bc49-9d1a8c8e04d5:192.168.157.254:45598, d9e6ea44-93db-446f-8020-a94232284285:192.168.157.254:41671], old=null
2019-10-16 22:15:05,330 [3989452c-7599-4156-9543-3fe544ced0f3@group-83CFD60236D8-LeaderElection174] INFO  impl.RaftServerImpl (RaftServerImpl.java:setRole(184)) - 3989452c-7599-4156-9543-3fe544ced0f3@group-83CFD60236D8: changes role from CANDIDATE to FOLLOWER at term 179 for DISCOVERED_A_NEW_TERM
2019-10-16 22:15:05,330 [3989452c-7599-4156-9543-3fe544ced0f3@group-83CFD60236D8-LeaderElection174] INFO  impl.RoleInfo (RoleInfo.java:shutdownLeaderElection(134)) - 3989452c-7599-4156-9543-3fe544ced0f3: shutdown LeaderElection
2019-10-16 22:15:05,330 [3989452c-7599-4156-9543-3fe544ced0f3@group-83CFD60236D8-LeaderElection174] INFO  impl.RoleInfo (RoleInfo.java:updateAndGet(143)) - 3989452c-7599-4156-9543-3fe544ced0f3: start FollowerState
2019-10-16 22:15:05,487 [Thread-2049] INFO  impl.FollowerState (FollowerState.java:run(108)) - 3989452c-7599-4156-9543-3fe544ced0f3@group-83CFD60236D8-FollowerState: change to CANDIDATE, lastRpcTime:156ms, electionTimeout:156ms
2019-10-16 22:15:05,487 [Thread-2049] INFO  impl.RoleInfo (RoleInfo.java:shutdownFollowerState(121)) - 3989452c-7599-4156-9543-3fe544ced0f3: shutdown FollowerState
2019-10-16 22:15:05,487 [Thread-2049] INFO  impl.RaftServerImpl (RaftServerImpl.java:setRole(184)) - 3989452c-7599-4156-9543-3fe544ced0f3@group-83CFD60236D8: changes role from  FOLLOWER to CANDIDATE at term 179 for changeToCandidate
2019-10-16 22:15:05,487 [Thread-2049] INFO  impl.RoleInfo (RoleInfo.java:updateAndGet(143)) - 3989452c-7599-4156-9543-3fe544ced0f3: start LeaderElection
2019-10-16 22:15:05,502 [3989452c-7599-4156-9543-3fe544ced0f3@group-83CFD60236D8-LeaderElection175] INFO  impl.LeaderElection (LeaderElection.java:askForVotes(178)) - 3989452c-7599-4156-9543-3fe544ced0f3@group-83CFD60236D8-LeaderElection175: begin an election at term 180 for -1: [3989452c-7599-4156-9543-3fe544ced0f3:192.168.157.254:36320, eec99a0c-e1b1-4518-bc49-9d1a8c8e04d5:192.168.157.254:45598, d9e6ea44-93db-446f-8020-a94232284285:192.168.157.254:41671], old=null
2019-10-16 22:15:05,504 [grpc-default-executor-18] INFO  impl.RaftServerImpl (RaftServerImpl.java:setRole(184)) - eec99a0c-e1b1-4518-bc49-9d1a8c8e04d5@group-83CFD60236D8: changes role from  FOLLOWER to FOLLOWER at term 180 for recognizeCandidate:3989452c-7599-4156-9543-3fe544ced0f3
2019-10-16 22:15:05,504 [grpc-default-executor-18] INFO  impl.RoleInfo (RoleInfo.java:shutdownFollowerState(121)) - eec99a0c-e1b1-4518-bc49-9d1a8c8e04d5: shutdown FollowerState
2019-10-16 22:15:05,504 [grpc-default-executor-23] INFO  impl.RaftServerImpl (RaftServerImpl.java:setRole(184)) - d9e6ea44-93db-446f-8020-a94232284285@group-83CFD60236D8: changes role from  FOLLOWER to FOLLOWER at term 180 for recognizeCandidate:3989452c-7599-4156-9543-3fe544ced0f3
2019-10-16 22:15:05,504 [Thread-2047] INFO  impl.FollowerState (FollowerState.java:run(117)) - eec99a0c-e1b1-4518-bc49-9d1a8c8e04d5@group-83CFD60236D8-FollowerState was interrupted: java.lang.InterruptedException: sleep interrupted
2019-10-16 22:15:05,504 [grpc-default-executor-18] INFO  impl.RoleInfo (RoleInfo.java:updateAndGet(143)) - eec99a0c-e1b1-4518-bc49-9d1a8c8e04d5: start FollowerState
2019-10-16 22:15:05,504 [grpc-default-executor-23] INFO  impl.RoleInfo (RoleInfo.java:shutdownFollowerState(121)) - d9e6ea44-93db-446f-8020-a94232284285: shutdown FollowerState
2019-10-16 22:15:05,505 [grpc-default-executor-23] INFO  impl.RoleInfo (RoleInfo.java:updateAndGet(143)) - d9e6ea44-93db-446f-8020-a94232284285: start FollowerState
2019-10-16 22:15:05,505 [Thread-2048] INFO  impl.FollowerState (FollowerState.java:run(117)) - d9e6ea44-93db-446f-8020-a94232284285@group-83CFD60236D8-FollowerState was interrupted: java.lang.InterruptedException: sleep interrupted
2019-10-16 22:15:05,532 [3989452c-7599-4156-9543-3fe544ced0f3@group-83CFD60236D8-LeaderElection175] INFO  impl.LeaderElection (LeaderElection.java:logAndReturn(56)) - 3989452c-7599-4156-9543-3fe544ced0f3@group-83CFD60236D8-LeaderElection175: Election REJECTED; received 2 response(s) [3989452c-7599-4156-9543-3fe544ced0f3<-eec99a0c-e1b1-4518-bc49-9d1a8c8e04d5#0:FAIL-t180, 3989452c-7599-4156-9543-3fe544ced0f3<-d9e6ea44-93db-446f-8020-a94232284285#0:FAIL-t180] and 0 exception(s); 3989452c-7599-4156-9543-3fe544ced0f3@group-83CFD60236D8:t180, leader=null, voted=3989452c-7599-4156-9543-3fe544ced0f3, raftlog=3989452c-7599-4156-9543-3fe544ced0f3@group-83CFD60236D8-SegmentedRaftLog:OPENED:c-1,f-1,i0, conf=-1: [3989452c-7599-4156-9543-3fe544ced0f3:192.168.157.254:36320, eec99a0c-e1b1-4518-bc49-9d1a8c8e04d5:192.168.157.254:45598, d9e6ea44-93db-446f-8020-a94232284285:192.168.157.254:41671], old=null
2019-10-16 22:15:05,532 [3989452c-7599-4156-9543-3fe544ced0f3@group-83CFD60236D8-LeaderElection175] INFO  impl.RaftServerImpl (RaftServerImpl.java:setRole(184)) - 3989452c-7599-4156-9543-3fe544ced0f3@group-83CFD60236D8: changes role from CANDIDATE to FOLLOWER at term 180 for DISCOVERED_A_NEW_TERM
2019-10-16 22:15:05,532 [3989452c-7599-4156-9543-3fe544ced0f3@group-83CFD60236D8-LeaderElection175] INFO  impl.RoleInfo (RoleInfo.java:shutdownLeaderElection(134)) - 3989452c-7599-4156-9543-3fe544ced0f3: shutdown LeaderElection
2019-10-16 22:15:05,533 [3989452c-7599-4156-9543-3fe544ced0f3@group-83CFD60236D8-LeaderElection175] INFO  impl.RoleInfo (RoleInfo.java:updateAndGet(143)) - 3989452c-7599-4156-9543-3fe544ced0f3: start FollowerState
2019-10-16 22:15:05,733 [Thread-2055] INFO  impl.FollowerState (FollowerState.java:run(108)) - 3989452c-7599-4156-9543-3fe544ced0f3@group-83CFD60236D8-FollowerState: change to CANDIDATE, lastRpcTime:200ms, electionTimeout:200ms
2019-10-16 22:15:05,733 [Thread-2055] INFO  impl.RoleInfo (RoleInfo.java:shutdownFollowerState(121)) - 3989452c-7599-4156-9543-3fe544ced0f3: shutdown FollowerState
2019-10-16 22:15:05,733 [Thread-2055] INFO  impl.RaftServerImpl (RaftServerImpl.java:setRole(184)) - 3989452c-7599-4156-9543-3fe544ced0f3@group-83CFD60236D8: changes role from  FOLLOWER to CANDIDATE at term 180 for changeToCandidate
2019-10-16 22:15:05,734 [Thread-2055] INFO  impl.RoleInfo (RoleInfo.java:updateAndGet(143)) - 3989452c-7599-4156-9543-3fe544ced0f3: start LeaderElection
2019-10-16 22:15:05,759 [3989452c-7599-4156-9543-3fe544ced0f3@group-83CFD60236D8-LeaderElection176] INFO  impl.LeaderElection (LeaderElection.java:askForVotes(178)) - 3989452c-7599-4156-9543-3fe544ced0f3@group-83CFD60236D8-LeaderElection176: begin an election at term 181 for -1: [3989452c-7599-4156-9543-3fe544ced0f3:192.168.157.254:36320, eec99a0c-e1b1-4518-bc49-9d1a8c8e04d5:192.168.157.254:45598, d9e6ea44-93db-446f-8020-a94232284285:192.168.157.254:41671], old=null
2019-10-16 22:15:05,763 [grpc-default-executor-23] INFO  impl.RaftServerImpl (RaftServerImpl.java:setRole(184)) - eec99a0c-e1b1-4518-bc49-9d1a8c8e04d5@group-83CFD60236D8: changes role from  FOLLOWER to FOLLOWER at term 181 for recognizeCandidate:3989452c-7599-4156-9543-3fe544ced0f3
2019-10-16 22:15:05,763 [grpc-default-executor-18] INFO  impl.RaftServerImpl (RaftServerImpl.java:setRole(184)) - d9e6ea44-93db-446f-8020-a94232284285@group-83CFD60236D8: changes role from  FOLLOWER to FOLLOWER at term 181 for recognizeCandidate:3989452c-7599-4156-9543-3fe544ced0f3
2019-10-16 22:15:05,763 [grpc-default-executor-23] INFO  impl.RoleInfo (RoleInfo.java:shutdownFollowerState(121)) - eec99a0c-e1b1-4518-bc49-9d1a8c8e04d5: shutdown FollowerState
2019-10-16 22:15:05,763 [grpc-default-executor-18] INFO  impl.RoleInfo (RoleInfo.java:shutdownFollowerState(121)) - d9e6ea44-93db-446f-8020-a94232284285: shutdown FollowerState
2019-10-16 22:15:05,763 [Thread-2053] INFO  impl.FollowerState (FollowerState.java:run(117)) - eec99a0c-e1b1-4518-bc49-9d1a8c8e04d5@group-83CFD60236D8-FollowerState was interrupted: java.lang.InterruptedException: sleep interrupted
2019-10-16 22:15:05,763 [grpc-default-executor-23] INFO  impl.RoleInfo (RoleInfo.java:updateAndGet(143)) - eec99a0c-e1b1-4518-bc49-9d1a8c8e04d5: start FollowerState
2019-10-16 22:15:05,763 [Thread-2054] INFO  impl.FollowerState (FollowerState.java:run(117)) - d9e6ea44-93db-446f-8020-a94232284285@group-83CFD60236D8-FollowerState was interrupted: java.lang.InterruptedException: sleep interrupted
2019-10-16 22:15:05,763 [grpc-default-executor-18] INFO  impl.RoleInfo (RoleInfo.java:updateAndGet(143)) - d9e6ea44-93db-446f-8020-a94232284285: start FollowerState
2019-10-16 22:15:05,804 [3989452c-7599-4156-9543-3fe544ced0f3@group-83CFD60236D8-LeaderElection176] INFO  impl.LeaderElection (LeaderElection.java:logAndReturn(56)) - 3989452c-7599-4156-9543-3fe544ced0f3@group-83CFD60236D8-LeaderElection176: Election REJECTED; received 2 response(s) [3989452c-7599-4156-9543-3fe544ced0f3<-eec99a0c-e1b1-4518-bc49-9d1a8c8e04d5#0:FAIL-t181, 3989452c-7599-4156-9543-3fe544ced0f3<-d9e6ea44-93db-446f-8020-a94232284285#0:FAIL-t181] and 0 exception(s); 3989452c-7599-4156-9543-3fe544ced0f3@group-83CFD60236D8:t181, leader=null, voted=3989452c-7599-4156-9543-3fe544ced0f3, raftlog=3989452c-7599-4156-9543-3fe544ced0f3@group-83CFD60236D8-SegmentedRaftLog:OPENED:c-1,f-1,i0, conf=-1: [3989452c-7599-4156-9543-3fe544ced0f3:192.168.157.254:36320, eec99a0c-e1b1-4518-bc49-9d1a8c8e04d5:192.168.157.254:45598, d9e6ea44-93db-446f-8020-a94232284285:192.168.157.254:41671], old=null
2019-10-16 22:15:05,804 [3989452c-7599-4156-9543-3fe544ced0f3@group-83CFD60236D8-LeaderElection176] INFO  impl.RaftServerImpl (RaftServerImpl.java:setRole(184)) - 3989452c-7599-4156-9543-3fe544ced0f3@group-83CFD60236D8: changes role from CANDIDATE to FOLLOWER at term 181 for DISCOVERED_A_NEW_TERM
2019-10-16 22:15:05,804 [3989452c-7599-4156-9543-3fe544ced0f3@group-83CFD60236D8-LeaderElection176] INFO  impl.RoleInfo (RoleInfo.java:shutdownLeaderElection(134)) - 3989452c-7599-4156-9543-3fe544ced0f3: shutdown LeaderElection
2019-10-16 22:15:05,804 [3989452c-7599-4156-9543-3fe544ced0f3@group-83CFD60236D8-LeaderElection176] INFO  impl.RoleInfo (RoleInfo.java:updateAndGet(143)) - 3989452c-7599-4156-9543-3fe544ced0f3: start FollowerState
2019-10-16 22:15:05,808 [Thread-2061] INFO  impl.FollowerState (FollowerState.java:run(108)) - 3989452c-7599-4156-9543-3fe544ced0f3@group-83CFD60236D8-FollowerState: change to CANDIDATE, lastRpcTime:3ms, electionTimeout:3ms
2019-10-16 22:15:05,808 [Thread-2061] INFO  impl.RoleInfo (RoleInfo.java:shutdownFollowerState(121)) - 3989452c-7599-4156-9543-3fe544ced0f3: shutdown FollowerState
2019-10-16 22:15:05,808 [Thread-2061] INFO  impl.RaftServerImpl (RaftServerImpl.java:setRole(184)) - 3989452c-7599-4156-9543-3fe544ced0f3@group-83CFD60236D8: changes role from  FOLLOWER to CANDIDATE at term 181 for changeToCandidate
2019-10-16 22:15:05,808 [Thread-2061] INFO  impl.RoleInfo (RoleInfo.java:updateAndGet(143)) - 3989452c-7599-4156-9543-3fe544ced0f3: start LeaderElection
2019-10-16 22:15:05,817 [3989452c-7599-4156-9543-3fe544ced0f3@group-83CFD60236D8-LeaderElection177] INFO  impl.LeaderElection (LeaderElection.java:askForVotes(178)) - 3989452c-7599-4156-9543-3fe544ced0f3@group-83CFD60236D8-LeaderElection177: begin an election at term 182 for -1: [3989452c-7599-4156-9543-3fe544ced0f3:192.168.157.254:36320, eec99a0c-e1b1-4518-bc49-9d1a8c8e04d5:192.168.157.254:45598, d9e6ea44-93db-446f-8020-a94232284285:192.168.157.254:41671], old=null
2019-10-16 22:15:05,819 [grpc-default-executor-18] INFO  impl.RaftServerImpl (RaftServerImpl.java:setRole(184)) - d9e6ea44-93db-446f-8020-a94232284285@group-83CFD60236D8: changes role from  FOLLOWER to FOLLOWER at term 182 for recognizeCandidate:3989452c-7599-4156-9543-3fe544ced0f3
2019-10-16 22:15:05,819 [grpc-default-executor-18] INFO  impl.RoleInfo (RoleInfo.java:shutdownFollowerState(121)) - d9e6ea44-93db-446f-8020-a94232284285: shutdown FollowerState
2019-10-16 22:15:05,819 [grpc-default-executor-18] INFO  impl.RoleInfo (RoleInfo.java:updateAndGet(143)) - d9e6ea44-93db-446f-8020-a94232284285: start FollowerState
2019-10-16 22:15:05,819 [grpc-default-executor-23] INFO  impl.RaftServerImpl (RaftServerImpl.java:setRole(184)) - eec99a0c-e1b1-4518-bc49-9d1a8c8e04d5@group-83CFD60236D8: changes role from  FOLLOWER to FOLLOWER at term 182 for recognizeCandidate:3989452c-7599-4156-9543-3fe544ced0f3
2019-10-16 22:15:05,819 [Thread-2060] INFO  impl.FollowerState (FollowerState.java:run(117)) - d9e6ea44-93db-446f-8020-a94232284285@group-83CFD60236D8-FollowerState was interrupted: java.lang.InterruptedException: sleep interrupted
2019-10-16 22:15:05,819 [grpc-default-executor-23] INFO  impl.RoleInfo (RoleInfo.java:shutdownFollowerState(121)) - eec99a0c-e1b1-4518-bc49-9d1a8c8e04d5: shutdown FollowerState
2019-10-16 22:15:05,820 [grpc-default-executor-23] INFO  impl.RoleInfo (RoleInfo.java:updateAndGet(143)) - eec99a0c-e1b1-4518-bc49-9d1a8c8e04d5: start FollowerState
2019-10-16 22:15:05,820 [Thread-2059] INFO  impl.FollowerState (FollowerState.java:run(117)) - eec99a0c-e1b1-4518-bc49-9d1a8c8e04d5@group-83CFD60236D8-FollowerState was interrupted: java.lang.InterruptedException: sleep interrupted
2019-10-16 22:15:05,833 [3989452c-7599-4156-9543-3fe544ced0f3@group-83CFD60236D8-LeaderElection177] INFO  impl.LeaderElection (LeaderElection.java:logAndReturn(56)) - 3989452c-7599-4156-9543-3fe544ced0f3@group-83CFD60236D8-LeaderElection177: Election REJECTED; received 2 response(s) [3989452c-7599-4156-9543-3fe544ced0f3<-eec99a0c-e1b1-4518-bc49-9d1a8c8e04d5#0:FAIL-t182, 3989452c-7599-4156-9543-3fe544ced0f3<-d9e6ea44-93db-446f-8020-a94232284285#0:FAIL-t182] and 0 exception(s); 3989452c-7599-4156-9543-3fe544ced0f3@group-83CFD60236D8:t182, leader=null, voted=3989452c-7599-4156-9543-3fe544ced0f3, raftlog=3989452c-7599-4156-9543-3fe544ced0f3@group-83CFD60236D8-SegmentedRaftLog:OPENED:c-1,f-1,i0, conf=-1: [3989452c-7599-4156-9543-3fe544ced0f3:192.168.157.254:36320, eec99a0c-e1b1-4518-bc49-9d1a8c8e04d5:192.168.157.254:45598, d9e6ea44-93db-446f-8020-a94232284285:192.168.157.254:41671], old=null
2019-10-16 22:15:05,834 [3989452c-7599-4156-9543-3fe544ced0f3@group-83CFD60236D8-LeaderElection177] INFO  impl.RaftServerImpl (RaftServerImpl.java:setRole(184)) - 3989452c-7599-4156-9543-3fe544ced0f3@group-83CFD60236D8: changes role from CANDIDATE to FOLLOWER at term 182 for DISCOVERED_A_NEW_TERM
2019-10-16 22:15:05,834 [3989452c-7599-4156-9543-3fe544ced0f3@group-83CFD60236D8-LeaderElection177] INFO  impl.RoleInfo (RoleInfo.java:shutdownLeaderElection(134)) - 3989452c-7599-4156-9543-3fe544ced0f3: shutdown LeaderElection
2019-10-16 22:15:05,834 [3989452c-7599-4156-9543-3fe544ced0f3@group-83CFD60236D8-LeaderElection177] INFO  impl.RoleInfo (RoleInfo.java:updateAndGet(143)) - 3989452c-7599-4156-9543-3fe544ced0f3: start FollowerState
2019-10-16 22:15:05,989 [Thread-2067] INFO  impl.FollowerState (FollowerState.java:run(108)) - 3989452c-7599-4156-9543-3fe544ced0f3@group-83CFD60236D8-FollowerState: change to CANDIDATE, lastRpcTime:155ms, electionTimeout:155ms
2019-10-16 22:15:05,990 [Thread-2067] INFO  impl.RoleInfo (RoleInfo.java:shutdownFollowerState(121)) - 3989452c-7599-4156-9543-3fe544ced0f3: shutdown FollowerState
2019-10-16 22:15:05,990 [Thread-2067] INFO  impl.RaftServerImpl (RaftServerImpl.java:setRole(184)) - 3989452c-7599-4156-9543-3fe544ced0f3@group-83CFD60236D8: changes role from  FOLLOWER to CANDIDATE at term 182 for changeToCandidate
2019-10-16 22:15:05,990 [Thread-2067] INFO  impl.RoleInfo (RoleInfo.java:updateAndGet(143)) - 3989452c-7599-4156-9543-3fe544ced0f3: start LeaderElection
2019-10-16 22:15:06,005 [3989452c-7599-4156-9543-3fe544ced0f3@group-83CFD60236D8-LeaderElection178] INFO  impl.LeaderElection (LeaderElection.java:askForVotes(178)) - 3989452c-7599-4156-9543-3fe544ced0f3@group-83CFD60236D8-LeaderElection178: begin an election at term 183 for -1: [3989452c-7599-4156-9543-3fe544ced0f3:192.168.157.254:36320, eec99a0c-e1b1-4518-bc49-9d1a8c8e04d5:192.168.157.254:45598, d9e6ea44-93db-446f-8020-a94232284285:192.168.157.254:41671], old=null
2019-10-16 22:15:06,007 [grpc-default-executor-23] INFO  impl.RaftServerImpl (RaftServerImpl.java:setRole(184)) - eec99a0c-e1b1-4518-bc49-9d1a8c8e04d5@group-83CFD60236D8: changes role from  FOLLOWER to FOLLOWER at term 183 for recognizeCandidate:3989452c-7599-4156-9543-3fe544ced0f3
2019-10-16 22:15:06,008 [grpc-default-executor-23] INFO  impl.RoleInfo (RoleInfo.java:shutdownFollowerState(121)) - eec99a0c-e1b1-4518-bc49-9d1a8c8e04d5: shutdown FollowerState
2019-10-16 22:15:06,008 [grpc-default-executor-18] INFO  impl.RaftServerImpl (RaftServerImpl.java:setRole(184)) - d9e6ea44-93db-446f-8020-a94232284285@group-83CFD60236D8: changes role from  FOLLOWER to FOLLOWER at term 183 for recognizeCandidate:3989452c-7599-4156-9543-3fe544ced0f3
2019-10-16 22:15:06,008 [Thread-2066] INFO  impl.FollowerState (FollowerState.java:run(117)) - eec99a0c-e1b1-4518-bc49-9d1a8c8e04d5@group-83CFD60236D8-FollowerState was interrupted: java.lang.InterruptedException: sleep interrupted
2019-10-16 22:15:06,008 [grpc-default-executor-23] INFO  impl.RoleInfo (RoleInfo.java:updateAndGet(143)) - eec99a0c-e1b1-4518-bc49-9d1a8c8e04d5: start FollowerState
2019-10-16 22:15:06,008 [grpc-default-executor-18] INFO  impl.RoleInfo (RoleInfo.java:shutdownFollowerState(121)) - d9e6ea44-93db-446f-8020-a94232284285: shutdown FollowerState
2019-10-16 22:15:06,008 [grpc-default-executor-18] INFO  impl.RoleInfo (RoleInfo.java:updateAndGet(143)) - d9e6ea44-93db-446f-8020-a94232284285: start FollowerState
2019-10-16 22:15:06,008 [Thread-2065] INFO  impl.FollowerState (FollowerState.java:run(117)) - d9e6ea44-93db-446f-8020-a94232284285@group-83CFD60236D8-FollowerState was interrupted: java.lang.InterruptedException: sleep interrupted
2019-10-16 22:15:06,023 [3989452c-7599-4156-9543-3fe544ced0f3@group-83CFD60236D8-LeaderElection178] INFO  impl.LeaderElection (LeaderElection.java:logAndReturn(56)) - 3989452c-7599-4156-9543-3fe544ced0f3@group-83CFD60236D8-LeaderElection178: Election REJECTED; received 2 response(s) [3989452c-7599-4156-9543-3fe544ced0f3<-eec99a0c-e1b1-4518-bc49-9d1a8c8e04d5#0:FAIL-t183, 3989452c-7599-4156-9543-3fe544ced0f3<-d9e6ea44-93db-446f-8020-a94232284285#0:FAIL-t183] and 0 exception(s); 3989452c-7599-4156-9543-3fe544ced0f3@group-83CFD60236D8:t183, leader=null, voted=3989452c-7599-4156-9543-3fe544ced0f3, raftlog=3989452c-7599-4156-9543-3fe544ced0f3@group-83CFD60236D8-SegmentedRaftLog:OPENED:c-1,f-1,i0, conf=-1: [3989452c-7599-4156-9543-3fe544ced0f3:192.168.157.254:36320, eec99a0c-e1b1-4518-bc49-9d1a8c8e04d5:192.168.157.254:45598, d9e6ea44-93db-446f-8020-a94232284285:192.168.157.254:41671], old=null
2019-10-16 22:15:06,023 [3989452c-7599-4156-9543-3fe544ced0f3@group-83CFD60236D8-LeaderElection178] INFO  impl.RaftServerImpl (RaftServerImpl.java:setRole(184)) - 3989452c-7599-4156-9543-3fe544ced0f3@group-83CFD60236D8: changes role from CANDIDATE to FOLLOWER at term 183 for DISCOVERED_A_NEW_TERM
2019-10-16 22:15:06,023 [3989452c-7599-4156-9543-3fe544ced0f3@group-83CFD60236D8-LeaderElection178] INFO  impl.RoleInfo (RoleInfo.java:shutdownLeaderElection(134)) - 3989452c-7599-4156-9543-3fe544ced0f3: shutdown LeaderElection
2019-10-16 22:15:06,023 [3989452c-7599-4156-9543-3fe544ced0f3@group-83CFD60236D8-LeaderElection178] INFO  impl.RoleInfo (RoleInfo.java:updateAndGet(143)) - 3989452c-7599-4156-9543-3fe544ced0f3: start FollowerState
 0.00% |?                                                                                                    |  0/1 Time: 0:06:222019-10-16 22:15:06,115 [Thread-2073] INFO  impl.FollowerState (FollowerState.java:run(108)) - 3989452c-7599-4156-9543-3fe544ced0f3@group-83CFD60236D8-FollowerState: change to CANDIDATE, lastRpcTime:91ms, electionTimeout:91ms
2019-10-16 22:15:06,115 [Thread-2073] INFO  impl.RoleInfo (RoleInfo.java:shutdownFollowerState(121)) - 3989452c-7599-4156-9543-3fe544ced0f3: shutdown FollowerState
2019-10-16 22:15:06,115 [Thread-2073] INFO  impl.RaftServerImpl (RaftServerImpl.java:setRole(184)) - 3989452c-7599-4156-9543-3fe544ced0f3@group-83CFD60236D8: changes role from  FOLLOWER to CANDIDATE at term 183 for changeToCandidate
2019-10-16 22:15:06,115 [Thread-2073] INFO  impl.RoleInfo (RoleInfo.java:updateAndGet(143)) - 3989452c-7599-4156-9543-3fe544ced0f3: start LeaderElection
2019-10-16 22:15:06,137 [3989452c-7599-4156-9543-3fe544ced0f3@group-83CFD60236D8-LeaderElection179] INFO  impl.LeaderElection (LeaderElection.java:askForVotes(178)) - 3989452c-7599-4156-9543-3fe544ced0f3@group-83CFD60236D8-LeaderElection179: begin an election at term 184 for -1: [3989452c-7599-4156-9543-3fe544ced0f3:192.168.157.254:36320, eec99a0c-e1b1-4518-bc49-9d1a8c8e04d5:192.168.157.254:45598, d9e6ea44-93db-446f-8020-a94232284285:192.168.157.254:41671], old=null
2019-10-16 22:15:06,139 [grpc-default-executor-18] INFO  impl.RaftServerImpl (RaftServerImpl.java:setRole(184)) - d9e6ea44-93db-446f-8020-a94232284285@group-83CFD60236D8: changes role from  FOLLOWER to FOLLOWER at term 184 for recognizeCandidate:3989452c-7599-4156-9543-3fe544ced0f3
2019-10-16 22:15:06,139 [grpc-default-executor-23] INFO  impl.RaftServerImpl (RaftServerImpl.java:setRole(184)) - eec99a0c-e1b1-4518-bc49-9d1a8c8e04d5@group-83CFD60236D8: changes role from  FOLLOWER to FOLLOWER at term 184 for recognizeCandidate:3989452c-7599-4156-9543-3fe544ced0f3
2019-10-16 22:15:06,139 [grpc-default-executor-18] INFO  impl.RoleInfo (RoleInfo.java:shutdownFollowerState(121)) - d9e6ea44-93db-446f-8020-a94232284285: shutdown FollowerState
2019-10-16 22:15:06,139 [grpc-default-executor-23] INFO  impl.RoleInfo (RoleInfo.java:shutdownFollowerState(121)) - eec99a0c-e1b1-4518-bc49-9d1a8c8e04d5: shutdown FollowerState
2019-10-16 22:15:06,140 [Thread-2072] INFO  impl.FollowerState (FollowerState.java:run(117)) - d9e6ea44-93db-446f-8020-a94232284285@group-83CFD60236D8-FollowerState was interrupted: java.lang.InterruptedException: sleep interrupted
2019-10-16 22:15:06,140 [Thread-2071] INFO  impl.FollowerState (FollowerState.java:run(117)) - eec99a0c-e1b1-4518-bc49-9d1a8c8e04d5@group-83CFD60236D8-FollowerState was interrupted: java.lang.InterruptedException: sleep interrupted
2019-10-16 22:15:06,140 [grpc-default-executor-18] INFO  impl.RoleInfo (RoleInfo.java:updateAndGet(143)) - d9e6ea44-93db-446f-8020-a94232284285: start FollowerState
2019-10-16 22:15:06,140 [grpc-default-executor-23] INFO  impl.RoleInfo (RoleInfo.java:updateAndGet(143)) - eec99a0c-e1b1-4518-bc49-9d1a8c8e04d5: start FollowerState
2019-10-16 22:15:06,154 [3989452c-7599-4156-9543-3fe544ced0f3@group-83CFD60236D8-LeaderElection179] INFO  impl.LeaderElection (LeaderElection.java:logAndReturn(56)) - 3989452c-7599-4156-9543-3fe544ced0f3@group-83CFD60236D8-LeaderElection179: Election REJECTED; received 2 response(s) [3989452c-7599-4156-9543-3fe544ced0f3<-eec99a0c-e1b1-4518-bc49-9d1a8c8e04d5#0:FAIL-t184, 3989452c-7599-4156-9543-3fe544ced0f3<-d9e6ea44-93db-446f-8020-a94232284285#0:FAIL-t184] and 0 exception(s); 3989452c-7599-4156-9543-3fe544ced0f3@group-83CFD60236D8:t184, leader=null, voted=3989452c-7599-4156-9543-3fe544ced0f3, raftlog=3989452c-7599-4156-9543-3fe544ced0f3@group-83CFD60236D8-SegmentedRaftLog:OPENED:c-1,f-1,i0, conf=-1: [3989452c-7599-4156-9543-3fe544ced0f3:192.168.157.254:36320, eec99a0c-e1b1-4518-bc49-9d1a8c8e04d5:192.168.157.254:45598, d9e6ea44-93db-446f-8020-a94232284285:192.168.157.254:41671], old=null
2019-10-16 22:15:06,154 [3989452c-7599-4156-9543-3fe544ced0f3@group-83CFD60236D8-LeaderElection179] INFO  impl.RaftServerImpl (RaftServerImpl.java:setRole(184)) - 3989452c-7599-4156-9543-3fe544ced0f3@group-83CFD60236D8: changes role from CANDIDATE to FOLLOWER at term 184 for DISCOVERED_A_NEW_TERM
2019-10-16 22:15:06,154 [3989452c-7599-4156-9543-3fe544ced0f3@group-83CFD60236D8-LeaderElection179] INFO  impl.RoleInfo (RoleInfo.java:shutdownLeaderElection(134)) - 3989452c-7599-4156-9543-3fe544ced0f3: shutdown LeaderElection
2019-10-16 22:15:06,155 [3989452c-7599-4156-9543-3fe544ced0f3@group-83CFD60236D8-LeaderElection179] INFO  impl.RoleInfo (RoleInfo.java:updateAndGet(143)) - 3989452c-7599-4156-9543-3fe544ced0f3: start FollowerState
2019-10-16 22:15:06,279 [Thread-2079] INFO  impl.FollowerState (FollowerState.java:run(108)) - 3989452c-7599-4156-9543-3fe544ced0f3@group-83CFD60236D8-FollowerState: change to CANDIDATE, lastRpcTime:124ms, electionTimeout:124ms
2019-10-16 22:15:06,279 [Thread-2079] INFO  impl.RoleInfo (RoleInfo.java:shutdownFollowerState(121)) - 3989452c-7599-4156-9543-3fe544ced0f3: shutdown FollowerState
2019-10-16 22:15:06,279 [Thread-2079] INFO  impl.RaftServerImpl (RaftServerImpl.java:setRole(184)) - 3989452c-7599-4156-9543-3fe544ced0f3@group-83CFD60236D8: changes role from  FOLLOWER to CANDIDATE at term 184 for changeToCandidate
2019-10-16 22:15:06,279 [Thread-2079] INFO  impl.RoleInfo (RoleInfo.java:updateAndGet(143)) - 3989452c-7599-4156-9543-3fe544ced0f3: start LeaderElection
2019-10-16 22:15:06,294 [3989452c-7599-4156-9543-3fe544ced0f3@group-83CFD60236D8-LeaderElection180] INFO  impl.LeaderElection (LeaderElection.java:askForVotes(178)) - 3989452c-7599-4156-9543-3fe544ced0f3@group-83CFD60236D8-LeaderElection180: begin an election at term 185 for -1: [3989452c-7599-4156-9543-3fe544ced0f3:192.168.157.254:36320, eec99a0c-e1b1-4518-bc49-9d1a8c8e04d5:192.168.157.254:45598, d9e6ea44-93db-446f-8020-a94232284285:192.168.157.254:41671], old=null
2019-10-16 22:15:06,296 [grpc-default-executor-18] INFO  impl.RaftServerImpl (RaftServerImpl.java:setRole(184)) - d9e6ea44-93db-446f-8020-a94232284285@group-83CFD60236D8: changes role from  FOLLOWER to FOLLOWER at term 185 for recognizeCandidate:3989452c-7599-4156-9543-3fe544ced0f3
2019-10-16 22:15:06,296 [grpc-default-executor-23] INFO  impl.RaftServerImpl (RaftServerImpl.java:setRole(184)) - eec99a0c-e1b1-4518-bc49-9d1a8c8e04d5@group-83CFD60236D8: changes role from  FOLLOWER to FOLLOWER at term 185 for recognizeCandidate:3989452c-7599-4156-9543-3fe544ced0f3
2019-10-16 22:15:06,296 [grpc-default-executor-18] INFO  impl.RoleInfo (RoleInfo.java:shutdownFollowerState(121)) - d9e6ea44-93db-446f-8020-a94232284285: shutdown FollowerState
2019-10-16 22:15:06,297 [grpc-default-executor-23] INFO  impl.RoleInfo (RoleInfo.java:shutdownFollowerState(121)) - eec99a0c-e1b1-4518-bc49-9d1a8c8e04d5: shutdown FollowerState
2019-10-16 22:15:06,297 [grpc-default-executor-23] INFO  impl.RoleInfo (RoleInfo.java:updateAndGet(143)) - eec99a0c-e1b1-4518-bc49-9d1a8c8e04d5: start FollowerState
2019-10-16 22:15:06,297 [Thread-2077] INFO  impl.FollowerState (FollowerState.java:run(117)) - d9e6ea44-93db-446f-8020-a94232284285@group-83CFD60236D8-FollowerState was interrupted: java.lang.InterruptedException: sleep interrupted
2019-10-16 22:15:06,297 [grpc-default-executor-18] INFO  impl.RoleInfo (RoleInfo.java:updateAndGet(143)) - d9e6ea44-93db-446f-8020-a94232284285: start FollowerState
2019-10-16 22:15:06,297 [Thread-2078] INFO  impl.FollowerState (FollowerState.java:run(117)) - eec99a0c-e1b1-4518-bc49-9d1a8c8e04d5@group-83CFD60236D8-FollowerState was interrupted: java.lang.InterruptedException: sleep interrupted
2019-10-16 22:15:06,319 [3989452c-7599-4156-9543-3fe544ced0f3@group-83CFD60236D8-LeaderElection180] INFO  impl.LeaderElection (LeaderElection.java:logAndReturn(56)) - 3989452c-7599-4156-9543-3fe544ced0f3@group-83CFD60236D8-LeaderElection180: Election REJECTED; received 2 response(s) [3989452c-7599-4156-9543-3fe544ced0f3<-eec99a0c-e1b1-4518-bc49-9d1a8c8e04d5#0:FAIL-t185, 3989452c-7599-4156-9543-3fe544ced0f3<-d9e6ea44-93db-446f-8020-a94232284285#0:FAIL-t185] and 0 exception(s); 3989452c-7599-4156-9543-3fe544ced0f3@group-83CFD60236D8:t185, leader=null, voted=3989452c-7599-4156-9543-3fe544ced0f3, raftlog=3989452c-7599-4156-9543-3fe544ced0f3@group-83CFD60236D8-SegmentedRaftLog:OPENED:c-1,f-1,i0, conf=-1: [3989452c-7599-4156-9543-3fe544ced0f3:192.168.157.254:36320, eec99a0c-e1b1-4518-bc49-9d1a8c8e04d5:192.168.157.254:45598, d9e6ea44-93db-446f-8020-a94232284285:192.168.157.254:41671], old=null
2019-10-16 22:15:06,319 [3989452c-7599-4156-9543-3fe544ced0f3@group-83CFD60236D8-LeaderElection180] INFO  impl.RaftServerImpl (RaftServerImpl.java:setRole(184)) - 3989452c-7599-4156-9543-3fe544ced0f3@group-83CFD60236D8: changes role from CANDIDATE to FOLLOWER at term 185 for DISCOVERED_A_NEW_TERM
2019-10-16 22:15:06,319 [3989452c-7599-4156-9543-3fe544ced0f3@group-83CFD60236D8-LeaderElection180] INFO  impl.RoleInfo (RoleInfo.java:shutdownLeaderElection(134)) - 3989452c-7599-4156-9543-3fe544ced0f3: shutdown LeaderElection
2019-10-16 22:15:06,319 [3989452c-7599-4156-9543-3fe544ced0f3@group-83CFD60236D8-LeaderElection180] INFO  impl.RoleInfo (RoleInfo.java:updateAndGet(143)) - 3989452c-7599-4156-9543-3fe544ced0f3: start FollowerState
2019-10-16 22:15:06,332 [Thread-2085] INFO  impl.FollowerState (FollowerState.java:run(108)) - 3989452c-7599-4156-9543-3fe544ced0f3@group-83CFD60236D8-FollowerState: change to CANDIDATE, lastRpcTime:12ms, electionTimeout:12ms
2019-10-16 22:15:06,332 [Thread-2085] INFO  impl.RoleInfo (RoleInfo.java:shutdownFollowerState(121)) - 3989452c-7599-4156-9543-3fe544ced0f3: shutdown FollowerState
2019-10-16 22:15:06,332 [Thread-2085] INFO  impl.RaftServerImpl (RaftServerImpl.java:setRole(184)) - 3989452c-7599-4156-9543-3fe544ced0f3@group-83CFD60236D8: changes role from  FOLLOWER to CANDIDATE at term 185 for changeToCandidate
2019-10-16 22:15:06,332 [Thread-2085] INFO  impl.RoleInfo (RoleInfo.java:updateAndGet(143)) - 3989452c-7599-4156-9543-3fe544ced0f3: start LeaderElection
2019-10-16 22:15:06,357 [3989452c-7599-4156-9543-3fe544ced0f3@group-83CFD60236D8-LeaderElection181] INFO  impl.LeaderElection (LeaderElection.java:askForVotes(178)) - 3989452c-7599-4156-9543-3fe544ced0f3@group-83CFD60236D8-LeaderElection181: begin an election at term 186 for -1: [3989452c-7599-4156-9543-3fe544ced0f3:192.168.157.254:36320, eec99a0c-e1b1-4518-bc49-9d1a8c8e04d5:192.168.157.254:45598, d9e6ea44-93db-446f-8020-a94232284285:192.168.157.254:41671], old=null
2019-10-16 22:15:06,358 [grpc-default-executor-18] INFO  impl.RaftServerImpl (RaftServerImpl.java:setRole(184)) - eec99a0c-e1b1-4518-bc49-9d1a8c8e04d5@group-83CFD60236D8: changes role from  FOLLOWER to FOLLOWER at term 186 for recognizeCandidate:3989452c-7599-4156-9543-3fe544ced0f3
2019-10-16 22:15:06,359 [grpc-default-executor-18] INFO  impl.RoleInfo (RoleInfo.java:shutdownFollowerState(121)) - eec99a0c-e1b1-4518-bc49-9d1a8c8e04d5: shutdown FollowerState
2019-10-16 22:15:06,359 [grpc-default-executor-23] INFO  impl.RaftServerImpl (RaftServerImpl.java:setRole(184)) - d9e6ea44-93db-446f-8020-a94232284285@group-83CFD60236D8: changes role from  FOLLOWER to FOLLOWER at term 186 for recognizeCandidate:3989452c-7599-4156-9543-3fe544ced0f3
2019-10-16 22:15:06,359 [grpc-default-executor-23] INFO  impl.RoleInfo (RoleInfo.java:shutdownFollowerState(121)) - d9e6ea44-93db-446f-8020-a94232284285: shutdown FollowerState
2019-10-16 22:15:06,359 [Thread-2084] INFO  impl.FollowerState (FollowerState.java:run(117)) - eec99a0c-e1b1-4518-bc49-9d1a8c8e04d5@group-83CFD60236D8-FollowerState was interrupted: java.lang.InterruptedException: sleep interrupted
2019-10-16 22:15:06,359 [grpc-default-executor-18] INFO  impl.RoleInfo (RoleInfo.java:updateAndGet(143)) - eec99a0c-e1b1-4518-bc49-9d1a8c8e04d5: start FollowerState
2019-10-16 22:15:06,359 [Thread-2083] INFO  impl.FollowerState (FollowerState.java:run(117)) - d9e6ea44-93db-446f-8020-a94232284285@group-83CFD60236D8-FollowerState was interrupted: java.lang.InterruptedException: sleep interrupted
2019-10-16 22:15:06,359 [grpc-default-executor-23] INFO  impl.RoleInfo (RoleInfo.java:updateAndGet(143)) - d9e6ea44-93db-446f-8020-a94232284285: start FollowerState
2019-10-16 22:15:06,385 [3989452c-7599-4156-9543-3fe544ced0f3@group-83CFD60236D8-LeaderElection181] INFO  impl.LeaderElection (LeaderElection.java:logAndReturn(56)) - 3989452c-7599-4156-9543-3fe544ced0f3@group-83CFD60236D8-LeaderElection181: Election REJECTED; received 2 response(s) [3989452c-7599-4156-9543-3fe544ced0f3<-eec99a0c-e1b1-4518-bc49-9d1a8c8e04d5#0:FAIL-t186, 3989452c-7599-4156-9543-3fe544ced0f3<-d9e6ea44-93db-446f-8020-a94232284285#0:FAIL-t186] and 0 exception(s); 3989452c-7599-4156-9543-3fe544ced0f3@group-83CFD60236D8:t186, leader=null, voted=3989452c-7599-4156-9543-3fe544ced0f3, raftlog=3989452c-7599-4156-9543-3fe544ced0f3@group-83CFD60236D8-SegmentedRaftLog:OPENED:c-1,f-1,i0, conf=-1: [3989452c-7599-4156-9543-3fe544ced0f3:192.168.157.254:36320, eec99a0c-e1b1-4518-bc49-9d1a8c8e04d5:192.168.157.254:45598, d9e6ea44-93db-446f-8020-a94232284285:192.168.157.254:41671], old=null
2019-10-16 22:15:06,385 [3989452c-7599-4156-9543-3fe544ced0f3@group-83CFD60236D8-LeaderElection181] INFO  impl.RaftServerImpl (RaftServerImpl.java:setRole(184)) - 3989452c-7599-4156-9543-3fe544ced0f3@group-83CFD60236D8: changes role from CANDIDATE to FOLLOWER at term 186 for DISCOVERED_A_NEW_TERM
2019-10-16 22:15:06,385 [3989452c-7599-4156-9543-3fe544ced0f3@group-83CFD60236D8-LeaderElection181] INFO  impl.RoleInfo (RoleInfo.java:shutdownLeaderElection(134)) - 3989452c-7599-4156-9543-3fe544ced0f3: shutdown LeaderElection
2019-10-16 22:15:06,386 [3989452c-7599-4156-9543-3fe544ced0f3@group-83CFD60236D8-LeaderElection181] INFO  impl.RoleInfo (RoleInfo.java:updateAndGet(143)) - 3989452c-7599-4156-9543-3fe544ced0f3: start FollowerState
2019-10-16 22:15:06,465 [Thread-2091] INFO  impl.FollowerState (FollowerState.java:run(108)) - 3989452c-7599-4156-9543-3fe544ced0f3@group-83CFD60236D8-FollowerState: change to CANDIDATE, lastRpcTime:79ms, electionTimeout:79ms
2019-10-16 22:15:06,465 [Thread-2091] INFO  impl.RoleInfo (RoleInfo.java:shutdownFollowerState(121)) - 3989452c-7599-4156-9543-3fe544ced0f3: shutdown FollowerState
2019-10-16 22:15:06,465 [Thread-2091] INFO  impl.RaftServerImpl (RaftServerImpl.java:setRole(184)) - 3989452c-7599-4156-9543-3fe544ced0f3@group-83CFD60236D8: changes role from  FOLLOWER to CANDIDATE at term 186 for changeToCandidate
2019-10-16 22:15:06,465 [Thread-2091] INFO  impl.RoleInfo (RoleInfo.java:updateAndGet(143)) - 3989452c-7599-4156-9543-3fe544ced0f3: start LeaderElection
2019-10-16 22:15:06,479 [3989452c-7599-4156-9543-3fe544ced0f3@group-83CFD60236D8-LeaderElection182] INFO  impl.LeaderElection (LeaderElection.java:askForVotes(178)) - 3989452c-7599-4156-9543-3fe544ced0f3@group-83CFD60236D8-LeaderElection182: begin an election at term 187 for -1: [3989452c-7599-4156-9543-3fe544ced0f3:192.168.157.254:36320, eec99a0c-e1b1-4518-bc49-9d1a8c8e04d5:192.168.157.254:45598, d9e6ea44-93db-446f-8020-a94232284285:192.168.157.254:41671], old=null
2019-10-16 22:15:06,479 [3989452c-7599-4156-9543-3fe544ced0f3@group-83CFD60236D8-LeaderElection182] INFO  impl.LeaderElection (LeaderElection.java:logAndReturn(56)) - 3989452c-7599-4156-9543-3fe544ced0f3@group-83CFD60236D8-LeaderElection182: Election TIMEOUT; received 0 response(s) [] and 0 exception(s); 3989452c-7599-4156-9543-3fe544ced0f3@group-83CFD60236D8:t187, leader=null, voted=3989452c-7599-4156-9543-3fe544ced0f3, raftlog=3989452c-7599-4156-9543-3fe544ced0f3@group-83CFD60236D8-SegmentedRaftLog:OPENED:c-1,f-1,i0, conf=-1: [3989452c-7599-4156-9543-3fe544ced0f3:192.168.157.254:36320, eec99a0c-e1b1-4518-bc49-9d1a8c8e04d5:192.168.157.254:45598, d9e6ea44-93db-446f-8020-a94232284285:192.168.157.254:41671], old=null
2019-10-16 22:15:06,481 [grpc-default-executor-18] INFO  impl.RaftServerImpl (RaftServerImpl.java:setRole(184)) - eec99a0c-e1b1-4518-bc49-9d1a8c8e04d5@group-83CFD60236D8: changes role from  FOLLOWER to FOLLOWER at term 187 for recognizeCandidate:3989452c-7599-4156-9543-3fe544ced0f3
2019-10-16 22:15:06,481 [grpc-default-executor-18] INFO  impl.RoleInfo (RoleInfo.java:shutdownFollowerState(121)) - eec99a0c-e1b1-4518-bc49-9d1a8c8e04d5: shutdown FollowerState
2019-10-16 22:15:06,481 [grpc-default-executor-18] INFO  impl.RoleInfo (RoleInfo.java:updateAndGet(143)) - eec99a0c-e1b1-4518-bc49-9d1a8c8e04d5: start FollowerState
2019-10-16 22:15:06,481 [Thread-2089] INFO  impl.FollowerState (FollowerState.java:run(117)) - eec99a0c-e1b1-4518-bc49-9d1a8c8e04d5@group-83CFD60236D8-FollowerState was interrupted: java.lang.InterruptedException: sleep interrupted
2019-10-16 22:15:06,481 [grpc-default-executor-23] INFO  impl.RaftServerImpl (RaftServerImpl.java:setRole(184)) - d9e6ea44-93db-446f-8020-a94232284285@group-83CFD60236D8: changes role from  FOLLOWER to FOLLOWER at term 187 for recognizeCandidate:3989452c-7599-4156-9543-3fe544ced0f3
2019-10-16 22:15:06,482 [grpc-default-executor-23] INFO  impl.RoleInfo (RoleInfo.java:shutdownFollowerState(121)) - d9e6ea44-93db-446f-8020-a94232284285: shutdown FollowerState
2019-10-16 22:15:06,482 [grpc-default-executor-23] INFO  impl.RoleInfo (RoleInfo.java:updateAndGet(143)) - d9e6ea44-93db-446f-8020-a94232284285: start FollowerState
2019-10-16 22:15:06,482 [Thread-2090] INFO  impl.FollowerState (FollowerState.java:run(117)) - d9e6ea44-93db-446f-8020-a94232284285@group-83CFD60236D8-FollowerState was interrupted: java.lang.InterruptedException: sleep interrupted
2019-10-16 22:15:06,505 [3989452c-7599-4156-9543-3fe544ced0f3@group-83CFD60236D8-LeaderElection182] INFO  impl.LeaderElection (LeaderElection.java:askForVotes(178)) - 3989452c-7599-4156-9543-3fe544ced0f3@group-83CFD60236D8-LeaderElection182: begin an election at term 188 for -1: [3989452c-7599-4156-9543-3fe544ced0f3:192.168.157.254:36320, eec99a0c-e1b1-4518-bc49-9d1a8c8e04d5:192.168.157.254:45598, d9e6ea44-93db-446f-8020-a94232284285:192.168.157.254:41671], old=null
2019-10-16 22:15:06,506 [grpc-default-executor-18] INFO  impl.RaftServerImpl (RaftServerImpl.java:setRole(184)) - eec99a0c-e1b1-4518-bc49-9d1a8c8e04d5@group-83CFD60236D8: changes role from  FOLLOWER to FOLLOWER at term 188 for recognizeCandidate:3989452c-7599-4156-9543-3fe544ced0f3
2019-10-16 22:15:06,507 [grpc-default-executor-18] INFO  impl.RoleInfo (RoleInfo.java:shutdownFollowerState(121)) - eec99a0c-e1b1-4518-bc49-9d1a8c8e04d5: shutdown FollowerState
2019-10-16 22:15:06,507 [grpc-default-executor-23] INFO  impl.RaftServerImpl (RaftServerImpl.java:setRole(184)) - d9e6ea44-93db-446f-8020-a94232284285@group-83CFD60236D8: changes role from  FOLLOWER to FOLLOWER at term 188 for recognizeCandidate:3989452c-7599-4156-9543-3fe544ced0f3
2019-10-16 22:15:06,507 [Thread-2095] INFO  impl.FollowerState (FollowerState.java:run(117)) - eec99a0c-e1b1-4518-bc49-9d1a8c8e04d5@group-83CFD60236D8-FollowerState was interrupted: java.lang.InterruptedException: sleep interrupted
2019-10-16 22:15:06,507 [grpc-default-executor-18] INFO  impl.RoleInfo (RoleInfo.java:updateAndGet(143)) - eec99a0c-e1b1-4518-bc49-9d1a8c8e04d5: start FollowerState
2019-10-16 22:15:06,507 [grpc-default-executor-23] INFO  impl.RoleInfo (RoleInfo.java:shutdownFollowerState(121)) - d9e6ea44-93db-446f-8020-a94232284285: shutdown FollowerState
2019-10-16 22:15:06,507 [grpc-default-executor-23] INFO  impl.RoleInfo (RoleInfo.java:updateAndGet(143)) - d9e6ea44-93db-446f-8020-a94232284285: start FollowerState
2019-10-16 22:15:06,507 [Thread-2096] INFO  impl.FollowerState (FollowerState.java:run(117)) - d9e6ea44-93db-446f-8020-a94232284285@group-83CFD60236D8-FollowerState was interrupted: java.lang.InterruptedException: sleep interrupted
2019-10-16 22:15:06,533 [3989452c-7599-4156-9543-3fe544ced0f3@group-83CFD60236D8-LeaderElection182] INFO  impl.LeaderElection (LeaderElection.java:logAndReturn(56)) - 3989452c-7599-4156-9543-3fe544ced0f3@group-83CFD60236D8-LeaderElection182: Election REJECTED; received 2 response(s) [3989452c-7599-4156-9543-3fe544ced0f3<-eec99a0c-e1b1-4518-bc49-9d1a8c8e04d5#0:FAIL-t188, 3989452c-7599-4156-9543-3fe544ced0f3<-d9e6ea44-93db-446f-8020-a94232284285#0:FAIL-t188] and 0 exception(s); 3989452c-7599-4156-9543-3fe544ced0f3@group-83CFD60236D8:t188, leader=null, voted=3989452c-7599-4156-9543-3fe544ced0f3, raftlog=3989452c-7599-4156-9543-3fe544ced0f3@group-83CFD60236D8-SegmentedRaftLog:OPENED:c-1,f-1,i0, conf=-1: [3989452c-7599-4156-9543-3fe544ced0f3:192.168.157.254:36320, eec99a0c-e1b1-4518-bc49-9d1a8c8e04d5:192.168.157.254:45598, d9e6ea44-93db-446f-8020-a94232284285:192.168.157.254:41671], old=null
2019-10-16 22:15:06,533 [3989452c-7599-4156-9543-3fe544ced0f3@group-83CFD60236D8-LeaderElection182] INFO  impl.RaftServerImpl (RaftServerImpl.java:setRole(184)) - 3989452c-7599-4156-9543-3fe544ced0f3@group-83CFD60236D8: changes role from CANDIDATE to FOLLOWER at term 188 for DISCOVERED_A_NEW_TERM
2019-10-16 22:15:06,533 [3989452c-7599-4156-9543-3fe544ced0f3@group-83CFD60236D8-LeaderElection182] INFO  impl.RoleInfo (RoleInfo.java:shutdownLeaderElection(134)) - 3989452c-7599-4156-9543-3fe544ced0f3: shutdown LeaderElection
2019-10-16 22:15:06,533 [3989452c-7599-4156-9543-3fe544ced0f3@group-83CFD60236D8-LeaderElection182] INFO  impl.RoleInfo (RoleInfo.java:updateAndGet(143)) - 3989452c-7599-4156-9543-3fe544ced0f3: start FollowerState
2019-10-16 22:15:06,571 [Thread-2101] INFO  impl.FollowerState (FollowerState.java:run(108)) - 3989452c-7599-4156-9543-3fe544ced0f3@group-83CFD60236D8-FollowerState: change to CANDIDATE, lastRpcTime:38ms, electionTimeout:38ms
2019-10-16 22:15:06,572 [Thread-2101] INFO  impl.RoleInfo (RoleInfo.java:shutdownFollowerState(121)) - 3989452c-7599-4156-9543-3fe544ced0f3: shutdown FollowerState
2019-10-16 22:15:06,572 [Thread-2101] INFO  impl.RaftServerImpl (RaftServerImpl.java:setRole(184)) - 3989452c-7599-4156-9543-3fe544ced0f3@group-83CFD60236D8: changes role from  FOLLOWER to CANDIDATE at term 188 for changeToCandidate
2019-10-16 22:15:06,572 [Thread-2101] INFO  impl.RoleInfo (RoleInfo.java:updateAndGet(143)) - 3989452c-7599-4156-9543-3fe544ced0f3: start LeaderElection
2019-10-16 22:15:06,593 [3989452c-7599-4156-9543-3fe544ced0f3@group-83CFD60236D8-LeaderElection183] INFO  impl.LeaderElection (LeaderElection.java:askForVotes(178)) - 3989452c-7599-4156-9543-3fe544ced0f3@group-83CFD60236D8-LeaderElection183: begin an election at term 189 for -1: [3989452c-7599-4156-9543-3fe544ced0f3:192.168.157.254:36320, eec99a0c-e1b1-4518-bc49-9d1a8c8e04d5:192.168.157.254:45598, d9e6ea44-93db-446f-8020-a94232284285:192.168.157.254:41671], old=null
2019-10-16 22:15:06,595 [grpc-default-executor-23] INFO  impl.RaftServerImpl (RaftServerImpl.java:setRole(184)) - eec99a0c-e1b1-4518-bc49-9d1a8c8e04d5@group-83CFD60236D8: changes role from  FOLLOWER to FOLLOWER at term 189 for recognizeCandidate:3989452c-7599-4156-9543-3fe544ced0f3
2019-10-16 22:15:06,595 [grpc-default-executor-18] INFO  impl.RaftServerImpl (RaftServerImpl.java:setRole(184)) - d9e6ea44-93db-446f-8020-a94232284285@group-83CFD60236D8: changes role from  FOLLOWER to FOLLOWER at term 189 for recognizeCandidate:3989452c-7599-4156-9543-3fe544ced0f3
2019-10-16 22:15:06,595 [grpc-default-executor-23] INFO  impl.RoleInfo (RoleInfo.java:shutdownFollowerState(121)) - eec99a0c-e1b1-4518-bc49-9d1a8c8e04d5: shutdown FollowerState
2019-10-16 22:15:06,595 [grpc-default-executor-18] INFO  impl.RoleInfo (RoleInfo.java:shutdownFollowerState(121)) - d9e6ea44-93db-446f-8020-a94232284285: shutdown FollowerState
2019-10-16 22:15:06,596 [Thread-2099] INFO  impl.FollowerState (FollowerState.java:run(117)) - eec99a0c-e1b1-4518-bc49-9d1a8c8e04d5@group-83CFD60236D8-FollowerState was interrupted: java.lang.InterruptedException: sleep interrupted
2019-10-16 22:15:06,596 [grpc-default-executor-23] INFO  impl.RoleInfo (RoleInfo.java:updateAndGet(143)) - eec99a0c-e1b1-4518-bc49-9d1a8c8e04d5: start FollowerState
2019-10-16 22:15:06,596 [Thread-2100] INFO  impl.FollowerState (FollowerState.java:run(117)) - d9e6ea44-93db-446f-8020-a94232284285@group-83CFD60236D8-FollowerState was interrupted: java.lang.InterruptedException: sleep interrupted
2019-10-16 22:15:06,596 [grpc-default-executor-18] INFO  impl.RoleInfo (RoleInfo.java:updateAndGet(143)) - d9e6ea44-93db-446f-8020-a94232284285: start FollowerState
2019-10-16 22:15:06,611 [3989452c-7599-4156-9543-3fe544ced0f3@group-83CFD60236D8-LeaderElection183] INFO  impl.LeaderElection (LeaderElection.java:logAndReturn(56)) - 3989452c-7599-4156-9543-3fe544ced0f3@group-83CFD60236D8-LeaderElection183: Election TIMEOUT; received 0 response(s) [] and 0 exception(s); 3989452c-7599-4156-9543-3fe544ced0f3@group-83CFD60236D8:t189, leader=null, voted=3989452c-7599-4156-9543-3fe544ced0f3, raftlog=3989452c-7599-4156-9543-3fe544ced0f3@group-83CFD60236D8-SegmentedRaftLog:OPENED:c-1,f-1,i0, conf=-1: [3989452c-7599-4156-9543-3fe544ced0f3:192.168.157.254:36320, eec99a0c-e1b1-4518-bc49-9d1a8c8e04d5:192.168.157.254:45598, d9e6ea44-93db-446f-8020-a94232284285:192.168.157.254:41671], old=null
2019-10-16 22:15:06,624 [3989452c-7599-4156-9543-3fe544ced0f3@group-83CFD60236D8-LeaderElection183] INFO  impl.LeaderElection (LeaderElection.java:askForVotes(178)) - 3989452c-7599-4156-9543-3fe544ced0f3@group-83CFD60236D8-LeaderElection183: begin an election at term 190 for -1: [3989452c-7599-4156-9543-3fe544ced0f3:192.168.157.254:36320, eec99a0c-e1b1-4518-bc49-9d1a8c8e04d5:192.168.157.254:45598, d9e6ea44-93db-446f-8020-a94232284285:192.168.157.254:41671], old=null
2019-10-16 22:15:06,626 [grpc-default-executor-18] INFO  impl.RaftServerImpl (RaftServerImpl.java:setRole(184)) - eec99a0c-e1b1-4518-bc49-9d1a8c8e04d5@group-83CFD60236D8: changes role from  FOLLOWER to FOLLOWER at term 190 for recognizeCandidate:3989452c-7599-4156-9543-3fe544ced0f3
2019-10-16 22:15:06,626 [grpc-default-executor-23] INFO  impl.RaftServerImpl (RaftServerImpl.java:setRole(184)) - d9e6ea44-93db-446f-8020-a94232284285@group-83CFD60236D8: changes role from  FOLLOWER to FOLLOWER at term 190 for recognizeCandidate:3989452c-7599-4156-9543-3fe544ced0f3
2019-10-16 22:15:06,627 [grpc-default-executor-18] INFO  impl.RoleInfo (RoleInfo.java:shutdownFollowerState(121)) - eec99a0c-e1b1-4518-bc49-9d1a8c8e04d5: shutdown FollowerState
2019-10-16 22:15:06,627 [grpc-default-executor-23] INFO  impl.RoleInfo (RoleInfo.java:shutdownFollowerState(121)) - d9e6ea44-93db-446f-8020-a94232284285: shutdown FollowerState
2019-10-16 22:15:06,627 [Thread-2105] INFO  impl.FollowerState (FollowerState.java:run(117)) - eec99a0c-e1b1-4518-bc49-9d1a8c8e04d5@group-83CFD60236D8-FollowerState was interrupted: java.lang.InterruptedException: sleep interrupted
2019-10-16 22:15:06,627 [grpc-default-executor-18] INFO  impl.RoleInfo (RoleInfo.java:updateAndGet(143)) - eec99a0c-e1b1-4518-bc49-9d1a8c8e04d5: start FollowerState
2019-10-16 22:15:06,627 [Thread-2106] INFO  impl.FollowerState (FollowerState.java:run(117)) - d9e6ea44-93db-446f-8020-a94232284285@group-83CFD60236D8-FollowerState was interrupted: java.lang.InterruptedException: sleep interrupted
2019-10-16 22:15:06,627 [grpc-default-executor-23] INFO  impl.RoleInfo (RoleInfo.java:updateAndGet(143)) - d9e6ea44-93db-446f-8020-a94232284285: start FollowerState
2019-10-16 22:15:06,653 [3989452c-7599-4156-9543-3fe544ced0f3@group-83CFD60236D8-LeaderElection183] INFO  impl.LeaderElection (LeaderElection.java:logAndReturn(56)) - 3989452c-7599-4156-9543-3fe544ced0f3@group-83CFD60236D8-LeaderElection183: Election REJECTED; received 2 response(s) [3989452c-7599-4156-9543-3fe544ced0f3<-eec99a0c-e1b1-4518-bc49-9d1a8c8e04d5#0:FAIL-t190, 3989452c-7599-4156-9543-3fe544ced0f3<-d9e6ea44-93db-446f-8020-a94232284285#0:FAIL-t190] and 0 exception(s); 3989452c-7599-4156-9543-3fe544ced0f3@group-83CFD60236D8:t190, leader=null, voted=3989452c-7599-4156-9543-3fe544ced0f3, raftlog=3989452c-7599-4156-9543-3fe544ced0f3@group-83CFD60236D8-SegmentedRaftLog:OPENED:c-1,f-1,i0, conf=-1: [3989452c-7599-4156-9543-3fe544ced0f3:192.168.157.254:36320, eec99a0c-e1b1-4518-bc49-9d1a8c8e04d5:192.168.157.254:45598, d9e6ea44-93db-446f-8020-a94232284285:192.168.157.254:41671], old=null
2019-10-16 22:15:06,654 [3989452c-7599-4156-9543-3fe544ced0f3@group-83CFD60236D8-LeaderElection183] INFO  impl.RaftServerImpl (RaftServerImpl.java:setRole(184)) - 3989452c-7599-4156-9543-3fe544ced0f3@group-83CFD60236D8: changes role from CANDIDATE to FOLLOWER at term 190 for DISCOVERED_A_NEW_TERM
2019-10-16 22:15:06,654 [3989452c-7599-4156-9543-3fe544ced0f3@group-83CFD60236D8-LeaderElection183] INFO  impl.RoleInfo (RoleInfo.java:shutdownLeaderElection(134)) - 3989452c-7599-4156-9543-3fe544ced0f3: shutdown LeaderElection
2019-10-16 22:15:06,654 [3989452c-7599-4156-9543-3fe544ced0f3@group-83CFD60236D8-LeaderElection183] INFO  impl.RoleInfo (RoleInfo.java:updateAndGet(143)) - 3989452c-7599-4156-9543-3fe544ced0f3: start FollowerState
2019-10-16 22:15:06,779 [Thread-2111] INFO  impl.FollowerState (FollowerState.java:run(108)) - 3989452c-7599-4156-9543-3fe544ced0f3@group-83CFD60236D8-FollowerState: change to CANDIDATE, lastRpcTime:125ms, electionTimeout:125ms
2019-10-16 22:15:06,779 [Thread-2111] INFO  impl.RoleInfo (RoleInfo.java:shutdownFollowerState(121)) - 3989452c-7599-4156-9543-3fe544ced0f3: shutdown FollowerState
2019-10-16 22:15:06,779 [Thread-2111] INFO  impl.RaftServerImpl (RaftServerImpl.java:setRole(184)) - 3989452c-7599-4156-9543-3fe544ced0f3@group-83CFD60236D8: changes role from  FOLLOWER to CANDIDATE at term 190 for changeToCandidate
2019-10-16 22:15:06,780 [Thread-2111] INFO  impl.RoleInfo (RoleInfo.java:updateAndGet(143)) - 3989452c-7599-4156-9543-3fe544ced0f3: start LeaderElection
2019-10-16 22:15:06,793 [3989452c-7599-4156-9543-3fe544ced0f3@group-83CFD60236D8-LeaderElection184] INFO  impl.LeaderElection (LeaderElection.java:askForVotes(178)) - 3989452c-7599-4156-9543-3fe544ced0f3@group-83CFD60236D8-LeaderElection184: begin an election at term 191 for -1: [3989452c-7599-4156-9543-3fe544ced0f3:192.168.157.254:36320, eec99a0c-e1b1-4518-bc49-9d1a8c8e04d5:192.168.157.254:45598, d9e6ea44-93db-446f-8020-a94232284285:192.168.157.254:41671], old=null
2019-10-16 22:15:06,794 [grpc-default-executor-23] INFO  impl.RaftServerImpl (RaftServerImpl.java:setRole(184)) - eec99a0c-e1b1-4518-bc49-9d1a8c8e04d5@group-83CFD60236D8: changes role from  FOLLOWER to FOLLOWER at term 191 for recognizeCandidate:3989452c-7599-4156-9543-3fe544ced0f3
2019-10-16 22:15:06,794 [grpc-default-executor-23] INFO  impl.RoleInfo (RoleInfo.java:shutdownFollowerState(121)) - eec99a0c-e1b1-4518-bc49-9d1a8c8e04d5: shutdown FollowerState
2019-10-16 22:15:06,794 [grpc-default-executor-18] INFO  impl.RaftServerImpl (RaftServerImpl.java:setRole(184)) - d9e6ea44-93db-446f-8020-a94232284285@group-83CFD60236D8: changes role from  FOLLOWER to FOLLOWER at term 191 for recognizeCandidate:3989452c-7599-4156-9543-3fe544ced0f3
2019-10-16 22:15:06,795 [Thread-2109] INFO  impl.FollowerState (FollowerState.java:run(117)) - eec99a0c-e1b1-4518-bc49-9d1a8c8e04d5@group-83CFD60236D8-FollowerState was interrupted: java.lang.InterruptedException: sleep interrupted
2019-10-16 22:15:06,795 [grpc-default-executor-23] INFO  impl.RoleInfo (RoleInfo.java:updateAndGet(143)) - eec99a0c-e1b1-4518-bc49-9d1a8c8e04d5: start FollowerState
2019-10-16 22:15:06,795 [grpc-default-executor-18] INFO  impl.RoleInfo (RoleInfo.java:shutdownFollowerState(121)) - d9e6ea44-93db-446f-8020-a94232284285: shutdown FollowerState
2019-10-16 22:15:06,795 [Thread-2110] INFO  impl.FollowerState (FollowerState.java:run(117)) - d9e6ea44-93db-446f-8020-a94232284285@group-83CFD60236D8-FollowerState was interrupted: java.lang.InterruptedException: sleep interrupted
2019-10-16 22:15:06,795 [grpc-default-executor-18] INFO  impl.RoleInfo (RoleInfo.java:updateAndGet(143)) - d9e6ea44-93db-446f-8020-a94232284285: start FollowerState
2019-10-16 22:15:06,823 [3989452c-7599-4156-9543-3fe544ced0f3@group-83CFD60236D8-LeaderElection184] INFO  impl.LeaderElection (LeaderElection.java:logAndReturn(56)) - 3989452c-7599-4156-9543-3fe544ced0f3@group-83CFD60236D8-LeaderElection184: Election REJECTED; received 2 response(s) [3989452c-7599-4156-9543-3fe544ced0f3<-eec99a0c-e1b1-4518-bc49-9d1a8c8e04d5#0:FAIL-t191, 3989452c-7599-4156-9543-3fe544ced0f3<-d9e6ea44-93db-446f-8020-a94232284285#0:FAIL-t191] and 0 exception(s); 3989452c-7599-4156-9543-3fe544ced0f3@group-83CFD60236D8:t191, leader=null, voted=3989452c-7599-4156-9543-3fe544ced0f3, raftlog=3989452c-7599-4156-9543-3fe544ced0f3@group-83CFD60236D8-SegmentedRaftLog:OPENED:c-1,f-1,i0, conf=-1: [3989452c-7599-4156-9543-3fe544ced0f3:192.168.157.254:36320, eec99a0c-e1b1-4518-bc49-9d1a8c8e04d5:192.168.157.254:45598, d9e6ea44-93db-446f-8020-a94232284285:192.168.157.254:41671], old=null
2019-10-16 22:15:06,823 [3989452c-7599-4156-9543-3fe544ced0f3@group-83CFD60236D8-LeaderElection184] INFO  impl.RaftServerImpl (RaftServerImpl.java:setRole(184)) - 3989452c-7599-4156-9543-3fe544ced0f3@group-83CFD60236D8: changes role from CANDIDATE to FOLLOWER at term 191 for DISCOVERED_A_NEW_TERM
2019-10-16 22:15:06,823 [3989452c-7599-4156-9543-3fe544ced0f3@group-83CFD60236D8-LeaderElection184] INFO  impl.RoleInfo (RoleInfo.java:shutdownLeaderElection(134)) - 3989452c-7599-4156-9543-3fe544ced0f3: shutdown LeaderElection
2019-10-16 22:15:06,823 [3989452c-7599-4156-9543-3fe544ced0f3@group-83CFD60236D8-LeaderElection184] INFO  impl.RoleInfo (RoleInfo.java:updateAndGet(143)) - 3989452c-7599-4156-9543-3fe544ced0f3: start FollowerState
2019-10-16 22:15:06,883 [Thread-2122] INFO  impl.FollowerState (FollowerState.java:run(108)) - 3989452c-7599-4156-9543-3fe544ced0f3@group-83CFD60236D8-FollowerState: change to CANDIDATE, lastRpcTime:60ms, electionTimeout:60ms
2019-10-16 22:15:06,884 [Thread-2122] INFO  impl.RoleInfo (RoleInfo.java:shutdownFollowerState(121)) - 3989452c-7599-4156-9543-3fe544ced0f3: shutdown FollowerState
2019-10-16 22:15:06,884 [Thread-2122] INFO  impl.RaftServerImpl (RaftServerImpl.java:setRole(184)) - 3989452c-7599-4156-9543-3fe544ced0f3@group-83CFD60236D8: changes role from  FOLLOWER to CANDIDATE at term 191 for changeToCandidate
2019-10-16 22:15:06,884 [Thread-2122] INFO  impl.RoleInfo (RoleInfo.java:updateAndGet(143)) - 3989452c-7599-4156-9543-3fe544ced0f3: start LeaderElection
2019-10-16 22:15:06,897 [3989452c-7599-4156-9543-3fe544ced0f3@group-83CFD60236D8-LeaderElection185] INFO  impl.LeaderElection (LeaderElection.java:askForVotes(178)) - 3989452c-7599-4156-9543-3fe544ced0f3@group-83CFD60236D8-LeaderElection185: begin an election at term 192 for -1: [3989452c-7599-4156-9543-3fe544ced0f3:192.168.157.254:36320, eec99a0c-e1b1-4518-bc49-9d1a8c8e04d5:192.168.157.254:45598, d9e6ea44-93db-446f-8020-a94232284285:192.168.157.254:41671], old=null
2019-10-16 22:15:06,899 [grpc-default-executor-18] INFO  impl.RaftServerImpl (RaftServerImpl.java:setRole(184)) - d9e6ea44-93db-446f-8020-a94232284285@group-83CFD60236D8: changes role from  FOLLOWER to FOLLOWER at term 192 for recognizeCandidate:3989452c-7599-4156-9543-3fe544ced0f3
2019-10-16 22:15:06,899 [grpc-default-executor-18] INFO  impl.RoleInfo (RoleInfo.java:shutdownFollowerState(121)) - d9e6ea44-93db-446f-8020-a94232284285: shutdown FollowerState
2019-10-16 22:15:06,899 [grpc-default-executor-23] INFO  impl.RaftServerImpl (RaftServerImpl.java:setRole(184)) - eec99a0c-e1b1-4518-bc49-9d1a8c8e04d5@group-83CFD60236D8: changes role from  FOLLOWER to FOLLOWER at term 192 for recognizeCandidate:3989452c-7599-4156-9543-3fe544ced0f3
2019-10-16 22:15:06,899 [Thread-2121] INFO  impl.FollowerState (FollowerState.java:run(117)) - d9e6ea44-93db-446f-8020-a94232284285@group-83CFD60236D8-FollowerState was interrupted: java.lang.InterruptedException: sleep interrupted
2019-10-16 22:15:06,899 [grpc-default-executor-18] INFO  impl.RoleInfo (RoleInfo.java:updateAndGet(143)) - d9e6ea44-93db-446f-8020-a94232284285: start FollowerState
2019-10-16 22:15:06,899 [grpc-default-executor-23] INFO  impl.RoleInfo (RoleInfo.java:shutdownFollowerState(121)) - eec99a0c-e1b1-4518-bc49-9d1a8c8e04d5: shutdown FollowerState
2019-10-16 22:15:06,900 [Thread-2120] INFO  impl.FollowerState (FollowerState.java:run(117)) - eec99a0c-e1b1-4518-bc49-9d1a8c8e04d5@group-83CFD60236D8-FollowerState was interrupted: java.lang.InterruptedException: sleep interrupted
2019-10-16 22:15:06,900 [grpc-default-executor-23] INFO  impl.RoleInfo (RoleInfo.java:updateAndGet(143)) - eec99a0c-e1b1-4518-bc49-9d1a8c8e04d5: start FollowerState
2019-10-16 22:15:06,925 [3989452c-7599-4156-9543-3fe544ced0f3@group-83CFD60236D8-LeaderElection185] INFO  impl.LeaderElection (LeaderElection.java:logAndReturn(56)) - 3989452c-7599-4156-9543-3fe544ced0f3@group-83CFD60236D8-LeaderElection185: Election REJECTED; received 2 response(s) [3989452c-7599-4156-9543-3fe544ced0f3<-eec99a0c-e1b1-4518-bc49-9d1a8c8e04d5#0:FAIL-t192, 3989452c-7599-4156-9543-3fe544ced0f3<-d9e6ea44-93db-446f-8020-a94232284285#0:FAIL-t192] and 0 exception(s); 3989452c-7599-4156-9543-3fe544ced0f3@group-83CFD60236D8:t192, leader=null, voted=3989452c-7599-4156-9543-3fe544ced0f3, raftlog=3989452c-7599-4156-9543-3fe544ced0f3@group-83CFD60236D8-SegmentedRaftLog:OPENED:c-1,f-1,i0, conf=-1: [3989452c-7599-4156-9543-3fe544ced0f3:192.168.157.254:36320, eec99a0c-e1b1-4518-bc49-9d1a8c8e04d5:192.168.157.254:45598, d9e6ea44-93db-446f-8020-a94232284285:192.168.157.254:41671], old=null
2019-10-16 22:15:06,925 [3989452c-7599-4156-9543-3fe544ced0f3@group-83CFD60236D8-LeaderElection185] INFO  impl.RaftServerImpl (RaftServerImpl.java:setRole(184)) - 3989452c-7599-4156-9543-3fe544ced0f3@group-83CFD60236D8: changes role from CANDIDATE to FOLLOWER at term 192 for DISCOVERED_A_NEW_TERM
2019-10-16 22:15:06,925 [3989452c-7599-4156-9543-3fe544ced0f3@group-83CFD60236D8-LeaderElection185] INFO  impl.RoleInfo (RoleInfo.java:shutdownLeaderElection(134)) - 3989452c-7599-4156-9543-3fe544ced0f3: shutdown LeaderElection
2019-10-16 22:15:06,925 [3989452c-7599-4156-9543-3fe544ced0f3@group-83CFD60236D8-LeaderElection185] INFO  impl.RoleInfo (RoleInfo.java:updateAndGet(143)) - 3989452c-7599-4156-9543-3fe544ced0f3: start FollowerState
 0.00% |?                                                                                                    |  0/1 Time: 0:06:232019-10-16 22:15:07,062 [Thread-2128] INFO  impl.FollowerState (FollowerState.java:run(108)) - 3989452c-7599-4156-9543-3fe544ced0f3@group-83CFD60236D8-FollowerState: change to CANDIDATE, lastRpcTime:137ms, electionTimeout:137ms
2019-10-16 22:15:07,063 [Thread-2128] INFO  impl.RoleInfo (RoleInfo.java:shutdownFollowerState(121)) - 3989452c-7599-4156-9543-3fe544ced0f3: shutdown FollowerState
2019-10-16 22:15:07,063 [Thread-2128] INFO  impl.RaftServerImpl (RaftServerImpl.java:setRole(184)) - 3989452c-7599-4156-9543-3fe544ced0f3@group-83CFD60236D8: changes role from  FOLLOWER to CANDIDATE at term 192 for changeToCandidate
2019-10-16 22:15:07,063 [Thread-2128] INFO  impl.RoleInfo (RoleInfo.java:updateAndGet(143)) - 3989452c-7599-4156-9543-3fe544ced0f3: start LeaderElection
2019-10-16 22:15:07,077 [3989452c-7599-4156-9543-3fe544ced0f3@group-83CFD60236D8-LeaderElection186] INFO  impl.LeaderElection (LeaderElection.java:askForVotes(178)) - 3989452c-7599-4156-9543-3fe544ced0f3@group-83CFD60236D8-LeaderElection186: begin an election at term 193 for -1: [3989452c-7599-4156-9543-3fe544ced0f3:192.168.157.254:36320, eec99a0c-e1b1-4518-bc49-9d1a8c8e04d5:192.168.157.254:45598, d9e6ea44-93db-446f-8020-a94232284285:192.168.157.254:41671], old=null
2019-10-16 22:15:07,079 [grpc-default-executor-18] INFO  impl.RaftServerImpl (RaftServerImpl.java:setRole(184)) - eec99a0c-e1b1-4518-bc49-9d1a8c8e04d5@group-83CFD60236D8: changes role from  FOLLOWER to FOLLOWER at term 193 for recognizeCandidate:3989452c-7599-4156-9543-3fe544ced0f3
2019-10-16 22:15:07,079 [grpc-default-executor-18] INFO  impl.RoleInfo (RoleInfo.java:shutdownFollowerState(121)) - eec99a0c-e1b1-4518-bc49-9d1a8c8e04d5: shutdown FollowerState
2019-10-16 22:15:07,079 [grpc-default-executor-23] INFO  impl.RaftServerImpl (RaftServerImpl.java:setRole(184)) - d9e6ea44-93db-446f-8020-a94232284285@group-83CFD60236D8: changes role from  FOLLOWER to FOLLOWER at term 193 for recognizeCandidate:3989452c-7599-4156-9543-3fe544ced0f3
2019-10-16 22:15:07,079 [Thread-2127] INFO  impl.FollowerState (FollowerState.java:run(117)) - eec99a0c-e1b1-4518-bc49-9d1a8c8e04d5@group-83CFD60236D8-FollowerState was interrupted: java.lang.InterruptedException: sleep interrupted
2019-10-16 22:15:07,079 [grpc-default-executor-18] INFO  impl.RoleInfo (RoleInfo.java:updateAndGet(143)) - eec99a0c-e1b1-4518-bc49-9d1a8c8e04d5: start FollowerState
2019-10-16 22:15:07,080 [grpc-default-executor-23] INFO  impl.RoleInfo (RoleInfo.java:shutdownFollowerState(121)) - d9e6ea44-93db-446f-8020-a94232284285: shutdown FollowerState
2019-10-16 22:15:07,080 [grpc-default-executor-23] INFO  impl.RoleInfo (RoleInfo.java:updateAndGet(143)) - d9e6ea44-93db-446f-8020-a94232284285: start FollowerState
2019-10-16 22:15:07,080 [Thread-2126] INFO  impl.FollowerState (FollowerState.java:run(117)) - d9e6ea44-93db-446f-8020-a94232284285@group-83CFD60236D8-FollowerState was interrupted: java.lang.InterruptedException: sleep interrupted
2019-10-16 22:15:07,095 [3989452c-7599-4156-9543-3fe544ced0f3@group-83CFD60236D8-LeaderElection186] INFO  impl.LeaderElection (LeaderElection.java:logAndReturn(56)) - 3989452c-7599-4156-9543-3fe544ced0f3@group-83CFD60236D8-LeaderElection186: Election REJECTED; received 2 response(s) [3989452c-7599-4156-9543-3fe544ced0f3<-eec99a0c-e1b1-4518-bc49-9d1a8c8e04d5#0:FAIL-t193, 3989452c-7599-4156-9543-3fe544ced0f3<-d9e6ea44-93db-446f-8020-a94232284285#0:FAIL-t193] and 0 exception(s); 3989452c-7599-4156-9543-3fe544ced0f3@group-83CFD60236D8:t193, leader=null, voted=3989452c-7599-4156-9543-3fe544ced0f3, raftlog=3989452c-7599-4156-9543-3fe544ced0f3@group-83CFD60236D8-SegmentedRaftLog:OPENED:c-1,f-1,i0, conf=-1: [3989452c-7599-4156-9543-3fe544ced0f3:192.168.157.254:36320, eec99a0c-e1b1-4518-bc49-9d1a8c8e04d5:192.168.157.254:45598, d9e6ea44-93db-446f-8020-a94232284285:192.168.157.254:41671], old=null
2019-10-16 22:15:07,095 [3989452c-7599-4156-9543-3fe544ced0f3@group-83CFD60236D8-LeaderElection186] INFO  impl.RaftServerImpl (RaftServerImpl.java:setRole(184)) - 3989452c-7599-4156-9543-3fe544ced0f3@group-83CFD60236D8: changes role from CANDIDATE to FOLLOWER at term 193 for DISCOVERED_A_NEW_TERM
2019-10-16 22:15:07,095 [3989452c-7599-4156-9543-3fe544ced0f3@group-83CFD60236D8-LeaderElection186] INFO  impl.RoleInfo (RoleInfo.java:shutdownLeaderElection(134)) - 3989452c-7599-4156-9543-3fe544ced0f3: shutdown LeaderElection
2019-10-16 22:15:07,095 [3989452c-7599-4156-9543-3fe544ced0f3@group-83CFD60236D8-LeaderElection186] INFO  impl.RoleInfo (RoleInfo.java:updateAndGet(143)) - 3989452c-7599-4156-9543-3fe544ced0f3: start FollowerState
2019-10-16 22:15:07,209 [Thread-2134] INFO  impl.FollowerState (FollowerState.java:run(108)) - 3989452c-7599-4156-9543-3fe544ced0f3@group-83CFD60236D8-FollowerState: change to CANDIDATE, lastRpcTime:114ms, electionTimeout:114ms
2019-10-16 22:15:07,210 [Thread-2134] INFO  impl.RoleInfo (RoleInfo.java:shutdownFollowerState(121)) - 3989452c-7599-4156-9543-3fe544ced0f3: shutdown FollowerState
2019-10-16 22:15:07,210 [Thread-2134] INFO  impl.RaftServerImpl (RaftServerImpl.java:setRole(184)) - 3989452c-7599-4156-9543-3fe544ced0f3@group-83CFD60236D8: changes role from  FOLLOWER to CANDIDATE at term 193 for changeToCandidate
2019-10-16 22:15:07,210 [Thread-2134] INFO  impl.RoleInfo (RoleInfo.java:updateAndGet(143)) - 3989452c-7599-4156-9543-3fe544ced0f3: start LeaderElection
2019-10-16 22:15:07,224 [3989452c-7599-4156-9543-3fe544ced0f3@group-83CFD60236D8-LeaderElection187] INFO  impl.LeaderElection (LeaderElection.java:askForVotes(178)) - 3989452c-7599-4156-9543-3fe544ced0f3@group-83CFD60236D8-LeaderElection187: begin an election at term 194 for -1: [3989452c-7599-4156-9543-3fe544ced0f3:192.168.157.254:36320, eec99a0c-e1b1-4518-bc49-9d1a8c8e04d5:192.168.157.254:45598, d9e6ea44-93db-446f-8020-a94232284285:192.168.157.254:41671], old=null
2019-10-16 22:15:07,226 [grpc-default-executor-18] INFO  impl.RaftServerImpl (RaftServerImpl.java:setRole(184)) - eec99a0c-e1b1-4518-bc49-9d1a8c8e04d5@group-83CFD60236D8: changes role from  FOLLOWER to FOLLOWER at term 194 for recognizeCandidate:3989452c-7599-4156-9543-3fe544ced0f3
2019-10-16 22:15:07,226 [grpc-default-executor-23] INFO  impl.RaftServerImpl (RaftServerImpl.java:setRole(184)) - d9e6ea44-93db-446f-8020-a94232284285@group-83CFD60236D8: changes role from  FOLLOWER to FOLLOWER at term 194 for recognizeCandidate:3989452c-7599-4156-9543-3fe544ced0f3
2019-10-16 22:15:07,226 [grpc-default-executor-18] INFO  impl.RoleInfo (RoleInfo.java:shutdownFollowerState(121)) - eec99a0c-e1b1-4518-bc49-9d1a8c8e04d5: shutdown FollowerState
2019-10-16 22:15:07,227 [grpc-default-executor-23] INFO  impl.RoleInfo (RoleInfo.java:shutdownFollowerState(121)) - d9e6ea44-93db-446f-8020-a94232284285: shutdown FollowerState
2019-10-16 22:15:07,227 [grpc-default-executor-23] INFO  impl.RoleInfo (RoleInfo.java:updateAndGet(143)) - d9e6ea44-93db-446f-8020-a94232284285: start FollowerState
2019-10-16 22:15:07,227 [Thread-2132] INFO  impl.FollowerState (FollowerState.java:run(117)) - eec99a0c-e1b1-4518-bc49-9d1a8c8e04d5@group-83CFD60236D8-FollowerState was interrupted: java.lang.InterruptedException: sleep interrupted
2019-10-16 22:15:07,227 [grpc-default-executor-18] INFO  impl.RoleInfo (RoleInfo.java:updateAndGet(143)) - eec99a0c-e1b1-4518-bc49-9d1a8c8e04d5: start FollowerState
2019-10-16 22:15:07,227 [Thread-2133] INFO  impl.FollowerState (FollowerState.java:run(117)) - d9e6ea44-93db-446f-8020-a94232284285@group-83CFD60236D8-FollowerState was interrupted: java.lang.InterruptedException: sleep interrupted
2019-10-16 22:15:07,241 [3989452c-7599-4156-9543-3fe544ced0f3@group-83CFD60236D8-LeaderElection187] INFO  impl.LeaderElection (LeaderElection.java:logAndReturn(56)) - 3989452c-7599-4156-9543-3fe544ced0f3@group-83CFD60236D8-LeaderElection187: Election REJECTED; received 2 response(s) [3989452c-7599-4156-9543-3fe544ced0f3<-eec99a0c-e1b1-4518-bc49-9d1a8c8e04d5#0:FAIL-t194, 3989452c-7599-4156-9543-3fe544ced0f3<-d9e6ea44-93db-446f-8020-a94232284285#0:FAIL-t194] and 0 exception(s); 3989452c-7599-4156-9543-3fe544ced0f3@group-83CFD60236D8:t194, leader=null, voted=3989452c-7599-4156-9543-3fe544ced0f3, raftlog=3989452c-7599-4156-9543-3fe544ced0f3@group-83CFD60236D8-SegmentedRaftLog:OPENED:c-1,f-1,i0, conf=-1: [3989452c-7599-4156-9543-3fe544ced0f3:192.168.157.254:36320, eec99a0c-e1b1-4518-bc49-9d1a8c8e04d5:192.168.157.254:45598, d9e6ea44-93db-446f-8020-a94232284285:192.168.157.254:41671], old=null
2019-10-16 22:15:07,241 [3989452c-7599-4156-9543-3fe544ced0f3@group-83CFD60236D8-LeaderElection187] INFO  impl.RaftServerImpl (RaftServerImpl.java:setRole(184)) - 3989452c-7599-4156-9543-3fe544ced0f3@group-83CFD60236D8: changes role from CANDIDATE to FOLLOWER at term 194 for DISCOVERED_A_NEW_TERM
2019-10-16 22:15:07,242 [3989452c-7599-4156-9543-3fe544ced0f3@group-83CFD60236D8-LeaderElection187] INFO  impl.RoleInfo (RoleInfo.java:shutdownLeaderElection(134)) - 3989452c-7599-4156-9543-3fe544ced0f3: shutdown LeaderElection
2019-10-16 22:15:07,242 [3989452c-7599-4156-9543-3fe544ced0f3@group-83CFD60236D8-LeaderElection187] INFO  impl.RoleInfo (RoleInfo.java:updateAndGet(143)) - 3989452c-7599-4156-9543-3fe544ced0f3: start FollowerState
2019-10-16 22:15:07,398 [Thread-2140] INFO  impl.FollowerState (FollowerState.java:run(108)) - 3989452c-7599-4156-9543-3fe544ced0f3@group-83CFD60236D8-FollowerState: change to CANDIDATE, lastRpcTime:156ms, electionTimeout:156ms
2019-10-16 22:15:07,398 [Thread-2140] INFO  impl.RoleInfo (RoleInfo.java:shutdownFollowerState(121)) - 3989452c-7599-4156-9543-3fe544ced0f3: shutdown FollowerState
2019-10-16 22:15:07,398 [Thread-2140] INFO  impl.RaftServerImpl (RaftServerImpl.java:setRole(184)) - 3989452c-7599-4156-9543-3fe544ced0f3@group-83CFD60236D8: changes role from  FOLLOWER to CANDIDATE at term 194 for changeToCandidate
2019-10-16 22:15:07,398 [Thread-2140] INFO  impl.RoleInfo (RoleInfo.java:updateAndGet(143)) - 3989452c-7599-4156-9543-3fe544ced0f3: start LeaderElection
2019-10-16 22:15:07,412 [3989452c-7599-4156-9543-3fe544ced0f3@group-83CFD60236D8-LeaderElection188] INFO  impl.LeaderElection (LeaderElection.java:askForVotes(178)) - 3989452c-7599-4156-9543-3fe544ced0f3@group-83CFD60236D8-LeaderElection188: begin an election at term 195 for -1: [3989452c-7599-4156-9543-3fe544ced0f3:192.168.157.254:36320, eec99a0c-e1b1-4518-bc49-9d1a8c8e04d5:192.168.157.254:45598, d9e6ea44-93db-446f-8020-a94232284285:192.168.157.254:41671], old=null
2019-10-16 22:15:07,415 [grpc-default-executor-23] INFO  impl.RaftServerImpl (RaftServerImpl.java:setRole(184)) - eec99a0c-e1b1-4518-bc49-9d1a8c8e04d5@group-83CFD60236D8: changes role from  FOLLOWER to FOLLOWER at term 195 for recognizeCandidate:3989452c-7599-4156-9543-3fe544ced0f3
2019-10-16 22:15:07,415 [grpc-default-executor-18] INFO  impl.RaftServerImpl (RaftServerImpl.java:setRole(184)) - d9e6ea44-93db-446f-8020-a94232284285@group-83CFD60236D8: changes role from  FOLLOWER to FOLLOWER at term 195 for recognizeCandidate:3989452c-7599-4156-9543-3fe544ced0f3
2019-10-16 22:15:07,415 [grpc-default-executor-23] INFO  impl.RoleInfo (RoleInfo.java:shutdownFollowerState(121)) - eec99a0c-e1b1-4518-bc49-9d1a8c8e04d5: shutdown FollowerState
2019-10-16 22:15:07,415 [grpc-default-executor-18] INFO  impl.RoleInfo (RoleInfo.java:shutdownFollowerState(121)) - d9e6ea44-93db-446f-8020-a94232284285: shutdown FollowerState
2019-10-16 22:15:07,416 [Thread-2138] INFO  impl.FollowerState (FollowerState.java:run(117)) - eec99a0c-e1b1-4518-bc49-9d1a8c8e04d5@group-83CFD60236D8-FollowerState was interrupted: java.lang.InterruptedException: sleep interrupted
2019-10-16 22:15:07,415 [grpc-default-executor-23] INFO  impl.RoleInfo (RoleInfo.java:updateAndGet(143)) - eec99a0c-e1b1-4518-bc49-9d1a8c8e04d5: start FollowerState
2019-10-16 22:15:07,416 [Thread-2139] INFO  impl.FollowerState (FollowerState.java:run(117)) - d9e6ea44-93db-446f-8020-a94232284285@group-83CFD60236D8-FollowerState was interrupted: java.lang.InterruptedException: sleep interrupted
2019-10-16 22:15:07,416 [grpc-default-executor-18] INFO  impl.RoleInfo (RoleInfo.java:updateAndGet(143)) - d9e6ea44-93db-446f-8020-a94232284285: start FollowerState
2019-10-16 22:15:07,421 [3989452c-7599-4156-9543-3fe544ced0f3@group-83CFD60236D8-LeaderElection188] INFO  impl.LeaderElection (LeaderElection.java:logAndReturn(56)) - 3989452c-7599-4156-9543-3fe544ced0f3@group-83CFD60236D8-LeaderElection188: Election REJECTED; received 2 response(s) [3989452c-7599-4156-9543-3fe544ced0f3<-eec99a0c-e1b1-4518-bc49-9d1a8c8e04d5#0:FAIL-t195, 3989452c-7599-4156-9543-3fe544ced0f3<-d9e6ea44-93db-446f-8020-a94232284285#0:FAIL-t195] and 0 exception(s); 3989452c-7599-4156-9543-3fe544ced0f3@group-83CFD60236D8:t195, leader=null, voted=3989452c-7599-4156-9543-3fe544ced0f3, raftlog=3989452c-7599-4156-9543-3fe544ced0f3@group-83CFD60236D8-SegmentedRaftLog:OPENED:c-1,f-1,i0, conf=-1: [3989452c-7599-4156-9543-3fe544ced0f3:192.168.157.254:36320, eec99a0c-e1b1-4518-bc49-9d1a8c8e04d5:192.168.157.254:45598, d9e6ea44-93db-446f-8020-a94232284285:192.168.157.254:41671], old=null
2019-10-16 22:15:07,421 [3989452c-7599-4156-9543-3fe544ced0f3@group-83CFD60236D8-LeaderElection188] INFO  impl.RaftServerImpl (RaftServerImpl.java:setRole(184)) - 3989452c-7599-4156-9543-3fe544ced0f3@group-83CFD60236D8: changes role from CANDIDATE to FOLLOWER at term 195 for DISCOVERED_A_NEW_TERM
2019-10-16 22:15:07,421 [3989452c-7599-4156-9543-3fe544ced0f3@group-83CFD60236D8-LeaderElection188] INFO  impl.RoleInfo (RoleInfo.java:shutdownLeaderElection(134)) - 3989452c-7599-4156-9543-3fe544ced0f3: shutdown LeaderElection
2019-10-16 22:15:07,421 [3989452c-7599-4156-9543-3fe544ced0f3@group-83CFD60236D8-LeaderElection188] INFO  impl.RoleInfo (RoleInfo.java:updateAndGet(143)) - 3989452c-7599-4156-9543-3fe544ced0f3: start FollowerState
2019-10-16 22:15:07,432 [Thread-2146] INFO  impl.FollowerState (FollowerState.java:run(108)) - 3989452c-7599-4156-9543-3fe544ced0f3@group-83CFD60236D8-FollowerState: change to CANDIDATE, lastRpcTime:10ms, electionTimeout:10ms
2019-10-16 22:15:07,432 [Thread-2146] INFO  impl.RoleInfo (RoleInfo.java:shutdownFollowerState(121)) - 3989452c-7599-4156-9543-3fe544ced0f3: shutdown FollowerState
2019-10-16 22:15:07,432 [Thread-2146] INFO  impl.RaftServerImpl (RaftServerImpl.java:setRole(184)) - 3989452c-7599-4156-9543-3fe544ced0f3@group-83CFD60236D8: changes role from  FOLLOWER to CANDIDATE at term 195 for changeToCandidate
2019-10-16 22:15:07,432 [Thread-2146] INFO  impl.RoleInfo (RoleInfo.java:updateAndGet(143)) - 3989452c-7599-4156-9543-3fe544ced0f3: start LeaderElection
2019-10-16 22:15:07,442 [3989452c-7599-4156-9543-3fe544ced0f3@group-83CFD60236D8-LeaderElection189] INFO  impl.LeaderElection (LeaderElection.java:askForVotes(178)) - 3989452c-7599-4156-9543-3fe544ced0f3@group-83CFD60236D8-LeaderElection189: begin an election at term 196 for -1: [3989452c-7599-4156-9543-3fe544ced0f3:192.168.157.254:36320, eec99a0c-e1b1-4518-bc49-9d1a8c8e04d5:192.168.157.254:45598, d9e6ea44-93db-446f-8020-a94232284285:192.168.157.254:41671], old=null
2019-10-16 22:15:07,684 [3989452c-7599-4156-9543-3fe544ced0f3@group-83CFD60236D8-LeaderElection189] INFO  impl.LeaderElection (LeaderElection.java:logAndReturn(56)) - 3989452c-7599-4156-9543-3fe544ced0f3@group-83CFD60236D8-LeaderElection189: Election TIMEOUT; received 0 response(s) [] and 0 exception(s); 3989452c-7599-4156-9543-3fe544ced0f3@group-83CFD60236D8:t196, leader=null, voted=3989452c-7599-4156-9543-3fe544ced0f3, raftlog=3989452c-7599-4156-9543-3fe544ced0f3@group-83CFD60236D8-SegmentedRaftLog:OPENED:c-1,f-1,i0, conf=-1: [3989452c-7599-4156-9543-3fe544ced0f3:192.168.157.254:36320, eec99a0c-e1b1-4518-bc49-9d1a8c8e04d5:192.168.157.254:45598, d9e6ea44-93db-446f-8020-a94232284285:192.168.157.254:41671], old=null
2019-10-16 22:15:07,697 [grpc-default-executor-23] INFO  impl.RaftServerImpl (RaftServerImpl.java:setRole(184)) - eec99a0c-e1b1-4518-bc49-9d1a8c8e04d5@group-83CFD60236D8: changes role from  FOLLOWER to FOLLOWER at term 196 for recognizeCandidate:3989452c-7599-4156-9543-3fe544ced0f3
2019-10-16 22:15:07,698 [grpc-default-executor-18] INFO  impl.RaftServerImpl (RaftServerImpl.java:setRole(184)) - d9e6ea44-93db-446f-8020-a94232284285@group-83CFD60236D8: changes role from  FOLLOWER to FOLLOWER at term 196 for recognizeCandidate:3989452c-7599-4156-9543-3fe544ced0f3
2019-10-16 22:15:07,698 [grpc-default-executor-23] INFO  impl.RoleInfo (RoleInfo.java:shutdownFollowerState(121)) - eec99a0c-e1b1-4518-bc49-9d1a8c8e04d5: shutdown FollowerState
2019-10-16 22:15:07,698 [grpc-default-executor-18] INFO  impl.RoleInfo (RoleInfo.java:shutdownFollowerState(121)) - d9e6ea44-93db-446f-8020-a94232284285: shutdown FollowerState
2019-10-16 22:15:07,698 [Thread-2144] INFO  impl.FollowerState (FollowerState.java:run(117)) - eec99a0c-e1b1-4518-bc49-9d1a8c8e04d5@group-83CFD60236D8-FollowerState was interrupted: java.lang.InterruptedException: sleep interrupted
2019-10-16 22:15:07,698 [grpc-default-executor-23] INFO  impl.RoleInfo (RoleInfo.java:updateAndGet(143)) - eec99a0c-e1b1-4518-bc49-9d1a8c8e04d5: start FollowerState
2019-10-16 22:15:07,698 [Thread-2145] INFO  impl.FollowerState (FollowerState.java:run(117)) - d9e6ea44-93db-446f-8020-a94232284285@group-83CFD60236D8-FollowerState was interrupted: java.lang.InterruptedException: sleep interrupted
2019-10-16 22:15:07,698 [grpc-default-executor-18] INFO  impl.RoleInfo (RoleInfo.java:updateAndGet(143)) - d9e6ea44-93db-446f-8020-a94232284285: start FollowerState
2019-10-16 22:15:07,722 [3989452c-7599-4156-9543-3fe544ced0f3@group-83CFD60236D8-LeaderElection189] INFO  impl.LeaderElection (LeaderElection.java:askForVotes(178)) - 3989452c-7599-4156-9543-3fe544ced0f3@group-83CFD60236D8-LeaderElection189: begin an election at term 197 for -1: [3989452c-7599-4156-9543-3fe544ced0f3:192.168.157.254:36320, eec99a0c-e1b1-4518-bc49-9d1a8c8e04d5:192.168.157.254:45598, d9e6ea44-93db-446f-8020-a94232284285:192.168.157.254:41671], old=null
2019-10-16 22:15:07,724 [grpc-default-executor-23] INFO  impl.RaftServerImpl (RaftServerImpl.java:setRole(184)) - eec99a0c-e1b1-4518-bc49-9d1a8c8e04d5@group-83CFD60236D8: changes role from  FOLLOWER to FOLLOWER at term 197 for recognizeCandidate:3989452c-7599-4156-9543-3fe544ced0f3
2019-10-16 22:15:07,724 [grpc-default-executor-18] INFO  impl.RaftServerImpl (RaftServerImpl.java:setRole(184)) - d9e6ea44-93db-446f-8020-a94232284285@group-83CFD60236D8: changes role from  FOLLOWER to FOLLOWER at term 197 for recognizeCandidate:3989452c-7599-4156-9543-3fe544ced0f3
2019-10-16 22:15:07,724 [grpc-default-executor-23] INFO  impl.RoleInfo (RoleInfo.java:shutdownFollowerState(121)) - eec99a0c-e1b1-4518-bc49-9d1a8c8e04d5: shutdown FollowerState
2019-10-16 22:15:07,724 [grpc-default-executor-18] INFO  impl.RoleInfo (RoleInfo.java:shutdownFollowerState(121)) - d9e6ea44-93db-446f-8020-a94232284285: shutdown FollowerState
2019-10-16 22:15:07,724 [Thread-2151] INFO  impl.FollowerState (FollowerState.java:run(117)) - d9e6ea44-93db-446f-8020-a94232284285@group-83CFD60236D8-FollowerState was interrupted: java.lang.InterruptedException: sleep interrupted
2019-10-16 22:15:07,724 [Thread-2150] INFO  impl.FollowerState (FollowerState.java:run(117)) - eec99a0c-e1b1-4518-bc49-9d1a8c8e04d5@group-83CFD60236D8-FollowerState was interrupted: java.lang.InterruptedException: sleep interrupted
2019-10-16 22:15:07,724 [grpc-default-executor-23] INFO  impl.RoleInfo (RoleInfo.java:updateAndGet(143)) - eec99a0c-e1b1-4518-bc49-9d1a8c8e04d5: start FollowerState
2019-10-16 22:15:07,724 [grpc-default-executor-18] INFO  impl.RoleInfo (RoleInfo.java:updateAndGet(143)) - d9e6ea44-93db-446f-8020-a94232284285: start FollowerState
2019-10-16 22:15:07,739 [3989452c-7599-4156-9543-3fe544ced0f3@group-83CFD60236D8-LeaderElection189] INFO  impl.LeaderElection (LeaderElection.java:logAndReturn(56)) - 3989452c-7599-4156-9543-3fe544ced0f3@group-83CFD60236D8-LeaderElection189: Election REJECTED; received 2 response(s) [3989452c-7599-4156-9543-3fe544ced0f3<-eec99a0c-e1b1-4518-bc49-9d1a8c8e04d5#0:FAIL-t197, 3989452c-7599-4156-9543-3fe544ced0f3<-d9e6ea44-93db-446f-8020-a94232284285#0:FAIL-t197] and 0 exception(s); 3989452c-7599-4156-9543-3fe544ced0f3@group-83CFD60236D8:t197, leader=null, voted=3989452c-7599-4156-9543-3fe544ced0f3, raftlog=3989452c-7599-4156-9543-3fe544ced0f3@group-83CFD60236D8-SegmentedRaftLog:OPENED:c-1,f-1,i0, conf=-1: [3989452c-7599-4156-9543-3fe544ced0f3:192.168.157.254:36320, eec99a0c-e1b1-4518-bc49-9d1a8c8e04d5:192.168.157.254:45598, d9e6ea44-93db-446f-8020-a94232284285:192.168.157.254:41671], old=null
2019-10-16 22:15:07,739 [3989452c-7599-4156-9543-3fe544ced0f3@group-83CFD60236D8-LeaderElection189] INFO  impl.RaftServerImpl (RaftServerImpl.java:setRole(184)) - 3989452c-7599-4156-9543-3fe544ced0f3@group-83CFD60236D8: changes role from CANDIDATE to FOLLOWER at term 197 for DISCOVERED_A_NEW_TERM
2019-10-16 22:15:07,739 [3989452c-7599-4156-9543-3fe544ced0f3@group-83CFD60236D8-LeaderElection189] INFO  impl.RoleInfo (RoleInfo.java:shutdownLeaderElection(134)) - 3989452c-7599-4156-9543-3fe544ced0f3: shutdown LeaderElection
2019-10-16 22:15:07,740 [3989452c-7599-4156-9543-3fe544ced0f3@group-83CFD60236D8-LeaderElection189] INFO  impl.RoleInfo (RoleInfo.java:updateAndGet(143)) - 3989452c-7599-4156-9543-3fe544ced0f3: start FollowerState
2019-10-16 22:15:07,909 [Thread-2156] INFO  impl.FollowerState (FollowerState.java:run(108)) - 3989452c-7599-4156-9543-3fe544ced0f3@group-83CFD60236D8-FollowerState: change to CANDIDATE, lastRpcTime:169ms, electionTimeout:169ms
2019-10-16 22:15:07,910 [Thread-2156] INFO  impl.RoleInfo (RoleInfo.java:shutdownFollowerState(121)) - 3989452c-7599-4156-9543-3fe544ced0f3: shutdown FollowerState
2019-10-16 22:15:07,910 [Thread-2156] INFO  impl.RaftServerImpl (RaftServerImpl.java:setRole(184)) - 3989452c-7599-4156-9543-3fe544ced0f3@group-83CFD60236D8: changes role from  FOLLOWER to CANDIDATE at term 197 for changeToCandidate
2019-10-16 22:15:07,910 [Thread-2156] INFO  impl.RoleInfo (RoleInfo.java:updateAndGet(143)) - 3989452c-7599-4156-9543-3fe544ced0f3: start LeaderElection
2019-10-16 22:15:07,925 [3989452c-7599-4156-9543-3fe544ced0f3@group-83CFD60236D8-LeaderElection190] INFO  impl.LeaderElection (LeaderElection.java:askForVotes(178)) - 3989452c-7599-4156-9543-3fe544ced0f3@group-83CFD60236D8-LeaderElection190: begin an election at term 198 for -1: [3989452c-7599-4156-9543-3fe544ced0f3:192.168.157.254:36320, eec99a0c-e1b1-4518-bc49-9d1a8c8e04d5:192.168.157.254:45598, d9e6ea44-93db-446f-8020-a94232284285:192.168.157.254:41671], old=null
2019-10-16 22:15:07,929 [grpc-default-executor-18] INFO  impl.RaftServerImpl (RaftServerImpl.java:setRole(184)) - d9e6ea44-93db-446f-8020-a94232284285@group-83CFD60236D8: changes role from  FOLLOWER to FOLLOWER at term 198 for recognizeCandidate:3989452c-7599-4156-9543-3fe544ced0f3
2019-10-16 22:15:07,929 [grpc-default-executor-23] INFO  impl.RaftServerImpl (RaftServerImpl.java:setRole(184)) - eec99a0c-e1b1-4518-bc49-9d1a8c8e04d5@group-83CFD60236D8: changes role from  FOLLOWER to FOLLOWER at term 198 for recognizeCandidate:3989452c-7599-4156-9543-3fe544ced0f3
2019-10-16 22:15:07,930 [grpc-default-executor-18] INFO  impl.RoleInfo (RoleInfo.java:shutdownFollowerState(121)) - d9e6ea44-93db-446f-8020-a94232284285: shutdown FollowerState
2019-10-16 22:15:07,930 [grpc-default-executor-23] INFO  impl.RoleInfo (RoleInfo.java:shutdownFollowerState(121)) - eec99a0c-e1b1-4518-bc49-9d1a8c8e04d5: shutdown FollowerState
2019-10-16 22:15:07,930 [Thread-2155] INFO  impl.FollowerState (FollowerState.java:run(117)) - d9e6ea44-93db-446f-8020-a94232284285@group-83CFD60236D8-FollowerState was interrupted: java.lang.InterruptedException: sleep interrupted
2019-10-16 22:15:07,930 [grpc-default-executor-23] INFO  impl.RoleInfo (RoleInfo.java:updateAndGet(143)) - eec99a0c-e1b1-4518-bc49-9d1a8c8e04d5: start FollowerState
2019-10-16 22:15:07,930 [grpc-default-executor-18] INFO  impl.RoleInfo (RoleInfo.java:updateAndGet(143)) - d9e6ea44-93db-446f-8020-a94232284285: start FollowerState
2019-10-16 22:15:07,930 [Thread-2154] INFO  impl.FollowerState (FollowerState.java:run(117)) - eec99a0c-e1b1-4518-bc49-9d1a8c8e04d5@group-83CFD60236D8-FollowerState was interrupted: java.lang.InterruptedException: sleep interrupted
2019-10-16 22:15:07,944 [3989452c-7599-4156-9543-3fe544ced0f3@group-83CFD60236D8-LeaderElection190] INFO  impl.LeaderElection (LeaderElection.java:logAndReturn(56)) - 3989452c-7599-4156-9543-3fe544ced0f3@group-83CFD60236D8-LeaderElection190: Election REJECTED; received 2 response(s) [3989452c-7599-4156-9543-3fe544ced0f3<-eec99a0c-e1b1-4518-bc49-9d1a8c8e04d5#0:FAIL-t198, 3989452c-7599-4156-9543-3fe544ced0f3<-d9e6ea44-93db-446f-8020-a94232284285#0:FAIL-t198] and 0 exception(s); 3989452c-7599-4156-9543-3fe544ced0f3@group-83CFD60236D8:t198, leader=null, voted=3989452c-7599-4156-9543-3fe544ced0f3, raftlog=3989452c-7599-4156-9543-3fe544ced0f3@group-83CFD60236D8-SegmentedRaftLog:OPENED:c-1,f-1,i0, conf=-1: [3989452c-7599-4156-9543-3fe544ced0f3:192.168.157.254:36320, eec99a0c-e1b1-4518-bc49-9d1a8c8e04d5:192.168.157.254:45598, d9e6ea44-93db-446f-8020-a94232284285:192.168.157.254:41671], old=null
2019-10-16 22:15:07,944 [3989452c-7599-4156-9543-3fe544ced0f3@group-83CFD60236D8-LeaderElection190] INFO  impl.RaftServerImpl (RaftServerImpl.java:setRole(184)) - 3989452c-7599-4156-9543-3fe544ced0f3@group-83CFD60236D8: changes role from CANDIDATE to FOLLOWER at term 198 for DISCOVERED_A_NEW_TERM
2019-10-16 22:15:07,945 [3989452c-7599-4156-9543-3fe544ced0f3@group-83CFD60236D8-LeaderElection190] INFO  impl.RoleInfo (RoleInfo.java:shutdownLeaderElection(134)) - 3989452c-7599-4156-9543-3fe544ced0f3: shutdown LeaderElection
2019-10-16 22:15:07,945 [3989452c-7599-4156-9543-3fe544ced0f3@group-83CFD60236D8-LeaderElection190] INFO  impl.RoleInfo (RoleInfo.java:updateAndGet(143)) - 3989452c-7599-4156-9543-3fe544ced0f3: start FollowerState
 0.00% |?                                                                                                    |  0/1 Time: 0:06:242019-10-16 22:15:08,142 [Thread-2162] INFO  impl.FollowerState (FollowerState.java:run(108)) - 3989452c-7599-4156-9543-3fe544ced0f3@group-83CFD60236D8-FollowerState: change to CANDIDATE, lastRpcTime:197ms, electionTimeout:197ms
2019-10-16 22:15:08,143 [Thread-2162] INFO  impl.RoleInfo (RoleInfo.java:shutdownFollowerState(121)) - 3989452c-7599-4156-9543-3fe544ced0f3: shutdown FollowerState
2019-10-16 22:15:08,143 [Thread-2162] INFO  impl.RaftServerImpl (RaftServerImpl.java:setRole(184)) - 3989452c-7599-4156-9543-3fe544ced0f3@group-83CFD60236D8: changes role from  FOLLOWER to CANDIDATE at term 198 for changeToCandidate
2019-10-16 22:15:08,143 [Thread-2162] INFO  impl.RoleInfo (RoleInfo.java:updateAndGet(143)) - 3989452c-7599-4156-9543-3fe544ced0f3: start LeaderElection
2019-10-16 22:15:08,156 [3989452c-7599-4156-9543-3fe544ced0f3@group-83CFD60236D8-LeaderElection191] INFO  impl.LeaderElection (LeaderElection.java:askForVotes(178)) - 3989452c-7599-4156-9543-3fe544ced0f3@group-83CFD60236D8-LeaderElection191: begin an election at term 199 for -1: [3989452c-7599-4156-9543-3fe544ced0f3:192.168.157.254:36320, eec99a0c-e1b1-4518-bc49-9d1a8c8e04d5:192.168.157.254:45598, d9e6ea44-93db-446f-8020-a94232284285:192.168.157.254:41671], old=null
2019-10-16 22:15:08,159 [grpc-default-executor-18] INFO  impl.RaftServerImpl (RaftServerImpl.java:setRole(184)) - d9e6ea44-93db-446f-8020-a94232284285@group-83CFD60236D8: changes role from  FOLLOWER to FOLLOWER at term 199 for recognizeCandidate:3989452c-7599-4156-9543-3fe544ced0f3
2019-10-16 22:15:08,159 [grpc-default-executor-18] INFO  impl.RoleInfo (RoleInfo.java:shutdownFollowerState(121)) - d9e6ea44-93db-446f-8020-a94232284285: shutdown FollowerState
2019-10-16 22:15:08,159 [grpc-default-executor-23] INFO  impl.RaftServerImpl (RaftServerImpl.java:setRole(184)) - eec99a0c-e1b1-4518-bc49-9d1a8c8e04d5@group-83CFD60236D8: changes role from  FOLLOWER to FOLLOWER at term 199 for recognizeCandidate:3989452c-7599-4156-9543-3fe544ced0f3
2019-10-16 22:15:08,159 [grpc-default-executor-23] INFO  impl.RoleInfo (RoleInfo.java:shutdownFollowerState(121)) - eec99a0c-e1b1-4518-bc49-9d1a8c8e04d5: shutdown FollowerState
2019-10-16 22:15:08,159 [Thread-2160] INFO  impl.FollowerState (FollowerState.java:run(117)) - d9e6ea44-93db-446f-8020-a94232284285@group-83CFD60236D8-FollowerState was interrupted: java.lang.InterruptedException: sleep interrupted
2019-10-16 22:15:08,160 [Thread-2161] INFO  impl.FollowerState (FollowerState.java:run(117)) - eec99a0c-e1b1-4518-bc49-9d1a8c8e04d5@group-83CFD60236D8-FollowerState was interrupted: java.lang.InterruptedException: sleep interrupted
2019-10-16 22:15:08,159 [grpc-default-executor-18] INFO  impl.RoleInfo (RoleInfo.java:updateAndGet(143)) - d9e6ea44-93db-446f-8020-a94232284285: start FollowerState
2019-10-16 22:15:08,159 [grpc-default-executor-23] INFO  impl.RoleInfo (RoleInfo.java:updateAndGet(143)) - eec99a0c-e1b1-4518-bc49-9d1a8c8e04d5: start FollowerState
2019-10-16 22:15:08,174 [3989452c-7599-4156-9543-3fe544ced0f3@group-83CFD60236D8-LeaderElection191] INFO  impl.LeaderElection (LeaderElection.java:logAndReturn(56)) - 3989452c-7599-4156-9543-3fe544ced0f3@group-83CFD60236D8-LeaderElection191: Election REJECTED; received 2 response(s) [3989452c-7599-4156-9543-3fe544ced0f3<-eec99a0c-e1b1-4518-bc49-9d1a8c8e04d5#0:FAIL-t199, 3989452c-7599-4156-9543-3fe544ced0f3<-d9e6ea44-93db-446f-8020-a94232284285#0:FAIL-t199] and 0 exception(s); 3989452c-7599-4156-9543-3fe544ced0f3@group-83CFD60236D8:t199, leader=null, voted=3989452c-7599-4156-9543-3fe544ced0f3, raftlog=3989452c-7599-4156-9543-3fe544ced0f3@group-83CFD60236D8-SegmentedRaftLog:OPENED:c-1,f-1,i0, conf=-1: [3989452c-7599-4156-9543-3fe544ced0f3:192.168.157.254:36320, eec99a0c-e1b1-4518-bc49-9d1a8c8e04d5:192.168.157.254:45598, d9e6ea44-93db-446f-8020-a94232284285:192.168.157.254:41671], old=null
2019-10-16 22:15:08,174 [3989452c-7599-4156-9543-3fe544ced0f3@group-83CFD60236D8-LeaderElection191] INFO  impl.RaftServerImpl (RaftServerImpl.java:setRole(184)) - 3989452c-7599-4156-9543-3fe544ced0f3@group-83CFD60236D8: changes role from CANDIDATE to FOLLOWER at term 199 for DISCOVERED_A_NEW_TERM
2019-10-16 22:15:08,174 [3989452c-7599-4156-9543-3fe544ced0f3@group-83CFD60236D8-LeaderElection191] INFO  impl.RoleInfo (RoleInfo.java:shutdownLeaderElection(134)) - 3989452c-7599-4156-9543-3fe544ced0f3: shutdown LeaderElection
2019-10-16 22:15:08,174 [3989452c-7599-4156-9543-3fe544ced0f3@group-83CFD60236D8-LeaderElection191] INFO  impl.RoleInfo (RoleInfo.java:updateAndGet(143)) - 3989452c-7599-4156-9543-3fe544ced0f3: start FollowerState
2019-10-16 22:15:08,325 [Thread-2168] INFO  impl.FollowerState (FollowerState.java:run(108)) - 3989452c-7599-4156-9543-3fe544ced0f3@group-83CFD60236D8-FollowerState: change to CANDIDATE, lastRpcTime:150ms, electionTimeout:150ms
2019-10-16 22:15:08,325 [Thread-2168] INFO  impl.RoleInfo (RoleInfo.java:shutdownFollowerState(121)) - 3989452c-7599-4156-9543-3fe544ced0f3: shutdown FollowerState
2019-10-16 22:15:08,325 [Thread-2168] INFO  impl.RaftServerImpl (RaftServerImpl.java:setRole(184)) - 3989452c-7599-4156-9543-3fe544ced0f3@group-83CFD60236D8: changes role from  FOLLOWER to CANDIDATE at term 199 for changeToCandidate
2019-10-16 22:15:08,325 [Thread-2168] INFO  impl.RoleInfo (RoleInfo.java:updateAndGet(143)) - 3989452c-7599-4156-9543-3fe544ced0f3: start LeaderElection
2019-10-16 22:15:08,340 [3989452c-7599-4156-9543-3fe544ced0f3@group-83CFD60236D8-LeaderElection192] INFO  impl.LeaderElection (LeaderElection.java:askForVotes(178)) - 3989452c-7599-4156-9543-3fe544ced0f3@group-83CFD60236D8-LeaderElection192: begin an election at term 200 for -1: [3989452c-7599-4156-9543-3fe544ced0f3:192.168.157.254:36320, eec99a0c-e1b1-4518-bc49-9d1a8c8e04d5:192.168.157.254:45598, d9e6ea44-93db-446f-8020-a94232284285:192.168.157.254:41671], old=null
2019-10-16 22:15:08,342 [grpc-default-executor-18] INFO  impl.RaftServerImpl (RaftServerImpl.java:setRole(184)) - eec99a0c-e1b1-4518-bc49-9d1a8c8e04d5@group-83CFD60236D8: changes role from  FOLLOWER to FOLLOWER at term 200 for recognizeCandidate:3989452c-7599-4156-9543-3fe544ced0f3
2019-10-16 22:15:08,342 [grpc-default-executor-18] INFO  impl.RoleInfo (RoleInfo.java:shutdownFollowerState(121)) - eec99a0c-e1b1-4518-bc49-9d1a8c8e04d5: shutdown FollowerState
2019-10-16 22:15:08,342 [grpc-default-executor-23] INFO  impl.RaftServerImpl (RaftServerImpl.java:setRole(184)) - d9e6ea44-93db-446f-8020-a94232284285@group-83CFD60236D8: changes role from  FOLLOWER to FOLLOWER at term 200 for recognizeCandidate:3989452c-7599-4156-9543-3fe544ced0f3
2019-10-16 22:15:08,343 [Thread-2167] INFO  impl.FollowerState (FollowerState.java:run(117)) - eec99a0c-e1b1-4518-bc49-9d1a8c8e04d5@group-83CFD60236D8-FollowerState was interrupted: java.lang.InterruptedException: sleep interrupted
2019-10-16 22:15:08,342 [grpc-default-executor-18] INFO  impl.RoleInfo (RoleInfo.java:updateAndGet(143)) - eec99a0c-e1b1-4518-bc49-9d1a8c8e04d5: start FollowerState
2019-10-16 22:15:08,343 [grpc-default-executor-23] INFO  impl.RoleInfo (RoleInfo.java:shutdownFollowerState(121)) - d9e6ea44-93db-446f-8020-a94232284285: shutdown FollowerState
2019-10-16 22:15:08,344 [grpc-default-executor-23] INFO  impl.RoleInfo (RoleInfo.java:updateAndGet(143)) - d9e6ea44-93db-446f-8020-a94232284285: start FollowerState
2019-10-16 22:15:08,344 [Thread-2166] INFO  impl.FollowerState (FollowerState.java:run(117)) - d9e6ea44-93db-446f-8020-a94232284285@group-83CFD60236D8-FollowerState was interrupted: java.lang.InterruptedException: sleep interrupted
2019-10-16 22:15:08,358 [3989452c-7599-4156-9543-3fe544ced0f3@group-83CFD60236D8-LeaderElection192] INFO  impl.LeaderElection (LeaderElection.java:logAndReturn(56)) - 3989452c-7599-4156-9543-3fe544ced0f3@group-83CFD60236D8-LeaderElection192: Election REJECTED; received 2 response(s) [3989452c-7599-4156-9543-3fe544ced0f3<-eec99a0c-e1b1-4518-bc49-9d1a8c8e04d5#0:FAIL-t200, 3989452c-7599-4156-9543-3fe544ced0f3<-d9e6ea44-93db-446f-8020-a94232284285#0:FAIL-t200] and 0 exception(s); 3989452c-7599-4156-9543-3fe544ced0f3@group-83CFD60236D8:t200, leader=null, voted=3989452c-7599-4156-9543-3fe544ced0f3, raftlog=3989452c-7599-4156-9543-3fe544ced0f3@group-83CFD60236D8-SegmentedRaftLog:OPENED:c-1,f-1,i0, conf=-1: [3989452c-7599-4156-9543-3fe544ced0f3:192.168.157.254:36320, eec99a0c-e1b1-4518-bc49-9d1a8c8e04d5:192.168.157.254:45598, d9e6ea44-93db-446f-8020-a94232284285:192.168.157.254:41671], old=null
2019-10-16 22:15:08,358 [3989452c-7599-4156-9543-3fe544ced0f3@group-83CFD60236D8-LeaderElection192] INFO  impl.RaftServerImpl (RaftServerImpl.java:setRole(184)) - 3989452c-7599-4156-9543-3fe544ced0f3@group-83CFD60236D8: changes role from CANDIDATE to FOLLOWER at term 200 for DISCOVERED_A_NEW_TERM
2019-10-16 22:15:08,358 [3989452c-7599-4156-9543-3fe544ced0f3@group-83CFD60236D8-LeaderElection192] INFO  impl.RoleInfo (RoleInfo.java:shutdownLeaderElection(134)) - 3989452c-7599-4156-9543-3fe544ced0f3: shutdown LeaderElection
2019-10-16 22:15:08,358 [3989452c-7599-4156-9543-3fe544ced0f3@group-83CFD60236D8-LeaderElection192] INFO  impl.RoleInfo (RoleInfo.java:updateAndGet(143)) - 3989452c-7599-4156-9543-3fe544ced0f3: start FollowerState
2019-10-16 22:15:08,439 [Thread-2174] INFO  impl.FollowerState (FollowerState.java:run(108)) - 3989452c-7599-4156-9543-3fe544ced0f3@group-83CFD60236D8-FollowerState: change to CANDIDATE, lastRpcTime:80ms, electionTimeout:80ms
2019-10-16 22:15:08,439 [Thread-2174] INFO  impl.RoleInfo (RoleInfo.java:shutdownFollowerState(121)) - 3989452c-7599-4156-9543-3fe544ced0f3: shutdown FollowerState
2019-10-16 22:15:08,439 [Thread-2174] INFO  impl.RaftServerImpl (RaftServerImpl.java:setRole(184)) - 3989452c-7599-4156-9543-3fe544ced0f3@group-83CFD60236D8: changes role from  FOLLOWER to CANDIDATE at term 200 for changeToCandidate
2019-10-16 22:15:08,439 [Thread-2174] INFO  impl.RoleInfo (RoleInfo.java:updateAndGet(143)) - 3989452c-7599-4156-9543-3fe544ced0f3: start LeaderElection
2019-10-16 22:15:08,452 [3989452c-7599-4156-9543-3fe544ced0f3@group-83CFD60236D8-LeaderElection193] INFO  impl.LeaderElection (LeaderElection.java:askForVotes(178)) - 3989452c-7599-4156-9543-3fe544ced0f3@group-83CFD60236D8-LeaderElection193: begin an election at term 201 for -1: [3989452c-7599-4156-9543-3fe544ced0f3:192.168.157.254:36320, eec99a0c-e1b1-4518-bc49-9d1a8c8e04d5:192.168.157.254:45598, d9e6ea44-93db-446f-8020-a94232284285:192.168.157.254:41671], old=null
2019-10-16 22:15:08,454 [grpc-default-executor-23] INFO  impl.RaftServerImpl (RaftServerImpl.java:setRole(184)) - eec99a0c-e1b1-4518-bc49-9d1a8c8e04d5@group-83CFD60236D8: changes role from  FOLLOWER to FOLLOWER at term 201 for recognizeCandidate:3989452c-7599-4156-9543-3fe544ced0f3
2019-10-16 22:15:08,454 [grpc-default-executor-23] INFO  impl.RoleInfo (RoleInfo.java:shutdownFollowerState(121)) - eec99a0c-e1b1-4518-bc49-9d1a8c8e04d5: shutdown FollowerState
2019-10-16 22:15:08,454 [grpc-default-executor-23] INFO  impl.RoleInfo (RoleInfo.java:updateAndGet(143)) - eec99a0c-e1b1-4518-bc49-9d1a8c8e04d5: start FollowerState
2019-10-16 22:15:08,454 [Thread-2172] INFO  impl.FollowerState (FollowerState.java:run(117)) - eec99a0c-e1b1-4518-bc49-9d1a8c8e04d5@group-83CFD60236D8-FollowerState was interrupted: java.lang.InterruptedException: sleep interrupted
2019-10-16 22:15:08,454 [grpc-default-executor-18] INFO  impl.RaftServerImpl (RaftServerImpl.java:setRole(184)) - d9e6ea44-93db-446f-8020-a94232284285@group-83CFD60236D8: changes role from  FOLLOWER to FOLLOWER at term 201 for recognizeCandidate:3989452c-7599-4156-9543-3fe544ced0f3
2019-10-16 22:15:08,455 [grpc-default-executor-18] INFO  impl.RoleInfo (RoleInfo.java:shutdownFollowerState(121)) - d9e6ea44-93db-446f-8020-a94232284285: shutdown FollowerState
2019-10-16 22:15:08,455 [grpc-default-executor-18] INFO  impl.RoleInfo (RoleInfo.java:updateAndGet(143)) - d9e6ea44-93db-446f-8020-a94232284285: start FollowerState
2019-10-16 22:15:08,455 [Thread-2173] INFO  impl.FollowerState (FollowerState.java:run(117)) - d9e6ea44-93db-446f-8020-a94232284285@group-83CFD60236D8-FollowerState was interrupted: java.lang.InterruptedException: sleep interrupted
2019-10-16 22:15:08,468 [3989452c-7599-4156-9543-3fe544ced0f3@group-83CFD60236D8-LeaderElection193] INFO  impl.LeaderElection (LeaderElection.java:logAndReturn(56)) - 3989452c-7599-4156-9543-3fe544ced0f3@group-83CFD60236D8-LeaderElection193: Election REJECTED; received 2 response(s) [3989452c-7599-4156-9543-3fe544ced0f3<-eec99a0c-e1b1-4518-bc49-9d1a8c8e04d5#0:FAIL-t201, 3989452c-7599-4156-9543-3fe544ced0f3<-d9e6ea44-93db-446f-8020-a94232284285#0:FAIL-t201] and 0 exception(s); 3989452c-7599-4156-9543-3fe544ced0f3@group-83CFD60236D8:t201, leader=null, voted=3989452c-7599-4156-9543-3fe544ced0f3, raftlog=3989452c-7599-4156-9543-3fe544ced0f3@group-83CFD60236D8-SegmentedRaftLog:OPENED:c-1,f-1,i0, conf=-1: [3989452c-7599-4156-9543-3fe544ced0f3:192.168.157.254:36320, eec99a0c-e1b1-4518-bc49-9d1a8c8e04d5:192.168.157.254:45598, d9e6ea44-93db-446f-8020-a94232284285:192.168.157.254:41671], old=null
2019-10-16 22:15:08,468 [3989452c-7599-4156-9543-3fe544ced0f3@group-83CFD60236D8-LeaderElection193] INFO  impl.RaftServerImpl (RaftServerImpl.java:setRole(184)) - 3989452c-7599-4156-9543-3fe544ced0f3@group-83CFD60236D8: changes role from CANDIDATE to FOLLOWER at term 201 for DISCOVERED_A_NEW_TERM
2019-10-16 22:15:08,468 [3989452c-7599-4156-9543-3fe544ced0f3@group-83CFD60236D8-LeaderElection193] INFO  impl.RoleInfo (RoleInfo.java:shutdownLeaderElection(134)) - 3989452c-7599-4156-9543-3fe544ced0f3: shutdown LeaderElection
2019-10-16 22:15:08,469 [3989452c-7599-4156-9543-3fe544ced0f3@group-83CFD60236D8-LeaderElection193] INFO  impl.RoleInfo (RoleInfo.java:updateAndGet(143)) - 3989452c-7599-4156-9543-3fe544ced0f3: start FollowerState
2019-10-16 22:15:08,586 [Thread-2180] INFO  impl.FollowerState (FollowerState.java:run(108)) - 3989452c-7599-4156-9543-3fe544ced0f3@group-83CFD60236D8-FollowerState: change to CANDIDATE, lastRpcTime:117ms, electionTimeout:117ms
2019-10-16 22:15:08,586 [Thread-2180] INFO  impl.RoleInfo (RoleInfo.java:shutdownFollowerState(121)) - 3989452c-7599-4156-9543-3fe544ced0f3: shutdown FollowerState
2019-10-16 22:15:08,586 [Thread-2180] INFO  impl.RaftServerImpl (RaftServerImpl.java:setRole(184)) - 3989452c-7599-4156-9543-3fe544ced0f3@group-83CFD60236D8: changes role from  FOLLOWER to CANDIDATE at term 201 for changeToCandidate
2019-10-16 22:15:08,586 [Thread-2180] INFO  impl.RoleInfo (RoleInfo.java:updateAndGet(143)) - 3989452c-7599-4156-9543-3fe544ced0f3: start LeaderElection
2019-10-16 22:15:08,601 [3989452c-7599-4156-9543-3fe544ced0f3@group-83CFD60236D8-LeaderElection194] INFO  impl.LeaderElection (LeaderElection.java:askForVotes(178)) - 3989452c-7599-4156-9543-3fe544ced0f3@group-83CFD60236D8-LeaderElection194: begin an election at term 202 for -1: [3989452c-7599-4156-9543-3fe544ced0f3:192.168.157.254:36320, eec99a0c-e1b1-4518-bc49-9d1a8c8e04d5:192.168.157.254:45598, d9e6ea44-93db-446f-8020-a94232284285:192.168.157.254:41671], old=null
2019-10-16 22:15:08,603 [grpc-default-executor-18] INFO  impl.RaftServerImpl (RaftServerImpl.java:setRole(184)) - eec99a0c-e1b1-4518-bc49-9d1a8c8e04d5@group-83CFD60236D8: changes role from  FOLLOWER to FOLLOWER at term 202 for recognizeCandidate:3989452c-7599-4156-9543-3fe544ced0f3
2019-10-16 22:15:08,603 [grpc-default-executor-23] INFO  impl.RaftServerImpl (RaftServerImpl.java:setRole(184)) - d9e6ea44-93db-446f-8020-a94232284285@group-83CFD60236D8: changes role from  FOLLOWER to FOLLOWER at term 202 for recognizeCandidate:3989452c-7599-4156-9543-3fe544ced0f3
2019-10-16 22:15:08,603 [grpc-default-executor-18] INFO  impl.RoleInfo (RoleInfo.java:shutdownFollowerState(121)) - eec99a0c-e1b1-4518-bc49-9d1a8c8e04d5: shutdown FollowerState
2019-10-16 22:15:08,603 [grpc-default-executor-23] INFO  impl.RoleInfo (RoleInfo.java:shutdownFollowerState(121)) - d9e6ea44-93db-446f-8020-a94232284285: shutdown FollowerState
2019-10-16 22:15:08,603 [grpc-default-executor-18] INFO  impl.RoleInfo (RoleInfo.java:updateAndGet(143)) - eec99a0c-e1b1-4518-bc49-9d1a8c8e04d5: start FollowerState
2019-10-16 22:15:08,603 [Thread-2178] INFO  impl.FollowerState (FollowerState.java:run(117)) - eec99a0c-e1b1-4518-bc49-9d1a8c8e04d5@group-83CFD60236D8-FollowerState was interrupted: java.lang.InterruptedException: sleep interrupted
2019-10-16 22:15:08,604 [Thread-2179] INFO  impl.FollowerState (FollowerState.java:run(117)) - d9e6ea44-93db-446f-8020-a94232284285@group-83CFD60236D8-FollowerState was interrupted: java.lang.InterruptedException: sleep interrupted
2019-10-16 22:15:08,604 [grpc-default-executor-23] INFO  impl.RoleInfo (RoleInfo.java:updateAndGet(143)) - d9e6ea44-93db-446f-8020-a94232284285: start FollowerState
2019-10-16 22:15:08,617 [3989452c-7599-4156-9543-3fe544ced0f3@group-83CFD60236D8-LeaderElection194] INFO  impl.LeaderElection (LeaderElection.java:logAndReturn(56)) - 3989452c-7599-4156-9543-3fe544ced0f3@group-83CFD60236D8-LeaderElection194: Election REJECTED; received 2 response(s) [3989452c-7599-4156-9543-3fe544ced0f3<-eec99a0c-e1b1-4518-bc49-9d1a8c8e04d5#0:FAIL-t202, 3989452c-7599-4156-9543-3fe544ced0f3<-d9e6ea44-93db-446f-8020-a94232284285#0:FAIL-t202] and 0 exception(s); 3989452c-7599-4156-9543-3fe544ced0f3@group-83CFD60236D8:t202, leader=null, voted=3989452c-7599-4156-9543-3fe544ced0f3, raftlog=3989452c-7599-4156-9543-3fe544ced0f3@group-83CFD60236D8-SegmentedRaftLog:OPENED:c-1,f-1,i0, conf=-1: [3989452c-7599-4156-9543-3fe544ced0f3:192.168.157.254:36320, eec99a0c-e1b1-4518-bc49-9d1a8c8e04d5:192.168.157.254:45598, d9e6ea44-93db-446f-8020-a94232284285:192.168.157.254:41671], old=null
2019-10-16 22:15:08,618 [3989452c-7599-4156-9543-3fe544ced0f3@group-83CFD60236D8-LeaderElection194] INFO  impl.RaftServerImpl (RaftServerImpl.java:setRole(184)) - 3989452c-7599-4156-9543-3fe544ced0f3@group-83CFD60236D8: changes role from CANDIDATE to FOLLOWER at term 202 for DISCOVERED_A_NEW_TERM
2019-10-16 22:15:08,618 [3989452c-7599-4156-9543-3fe544ced0f3@group-83CFD60236D8-LeaderElection194] INFO  impl.RoleInfo (RoleInfo.java:shutdownLeaderElection(134)) - 3989452c-7599-4156-9543-3fe544ced0f3: shutdown LeaderElection
2019-10-16 22:15:08,618 [3989452c-7599-4156-9543-3fe544ced0f3@group-83CFD60236D8-LeaderElection194] INFO  impl.RoleInfo (RoleInfo.java:updateAndGet(143)) - 3989452c-7599-4156-9543-3fe544ced0f3: start FollowerState
2019-10-16 22:15:08,712 [Thread-2186] INFO  impl.FollowerState (FollowerState.java:run(108)) - 3989452c-7599-4156-9543-3fe544ced0f3@group-83CFD60236D8-FollowerState: change to CANDIDATE, lastRpcTime:93ms, electionTimeout:93ms
2019-10-16 22:15:08,712 [Thread-2186] INFO  impl.RoleInfo (RoleInfo.java:shutdownFollowerState(121)) - 3989452c-7599-4156-9543-3fe544ced0f3: shutdown FollowerState
2019-10-16 22:15:08,712 [Thread-2186] INFO  impl.RaftServerImpl (RaftServerImpl.java:setRole(184)) - 3989452c-7599-4156-9543-3fe544ced0f3@group-83CFD60236D8: changes role from  FOLLOWER to CANDIDATE at term 202 for changeToCandidate
2019-10-16 22:15:08,712 [Thread-2186] INFO  impl.RoleInfo (RoleInfo.java:updateAndGet(143)) - 3989452c-7599-4156-9543-3fe544ced0f3: start LeaderElection
2019-10-16 22:15:08,726 [3989452c-7599-4156-9543-3fe544ced0f3@group-83CFD60236D8-LeaderElection195] INFO  impl.LeaderElection (LeaderElection.java:askForVotes(178)) - 3989452c-7599-4156-9543-3fe544ced0f3@group-83CFD60236D8-LeaderElection195: begin an election at term 203 for -1: [3989452c-7599-4156-9543-3fe544ced0f3:192.168.157.254:36320, eec99a0c-e1b1-4518-bc49-9d1a8c8e04d5:192.168.157.254:45598, d9e6ea44-93db-446f-8020-a94232284285:192.168.157.254:41671], old=null
2019-10-16 22:15:08,728 [grpc-default-executor-18] INFO  impl.RaftServerImpl (RaftServerImpl.java:setRole(184)) - eec99a0c-e1b1-4518-bc49-9d1a8c8e04d5@group-83CFD60236D8: changes role from  FOLLOWER to FOLLOWER at term 203 for recognizeCandidate:3989452c-7599-4156-9543-3fe544ced0f3
2019-10-16 22:15:08,728 [grpc-default-executor-18] INFO  impl.RoleInfo (RoleInfo.java:shutdownFollowerState(121)) - eec99a0c-e1b1-4518-bc49-9d1a8c8e04d5: shutdown FollowerState
2019-10-16 22:15:08,728 [grpc-default-executor-18] INFO  impl.RoleInfo (RoleInfo.java:updateAndGet(143)) - eec99a0c-e1b1-4518-bc49-9d1a8c8e04d5: start FollowerState
2019-10-16 22:15:08,728 [Thread-2184] INFO  impl.FollowerState (FollowerState.java:run(117)) - eec99a0c-e1b1-4518-bc49-9d1a8c8e04d5@group-83CFD60236D8-FollowerState was interrupted: java.lang.InterruptedException: sleep interrupted
2019-10-16 22:15:08,729 [grpc-default-executor-23] INFO  impl.RaftServerImpl (RaftServerImpl.java:setRole(184)) - d9e6ea44-93db-446f-8020-a94232284285@group-83CFD60236D8: changes role from  FOLLOWER to FOLLOWER at term 203 for recognizeCandidate:3989452c-7599-4156-9543-3fe544ced0f3
2019-10-16 22:15:08,729 [grpc-default-executor-23] INFO  impl.RoleInfo (RoleInfo.java:shutdownFollowerState(121)) - d9e6ea44-93db-446f-8020-a94232284285: shutdown FollowerState
2019-10-16 22:15:08,729 [grpc-default-executor-23] INFO  impl.RoleInfo (RoleInfo.java:updateAndGet(143)) - d9e6ea44-93db-446f-8020-a94232284285: start FollowerState
2019-10-16 22:15:08,729 [Thread-2185] INFO  impl.FollowerState (FollowerState.java:run(117)) - d9e6ea44-93db-446f-8020-a94232284285@group-83CFD60236D8-FollowerState was interrupted: java.lang.InterruptedException: sleep interrupted
2019-10-16 22:15:08,742 [3989452c-7599-4156-9543-3fe544ced0f3@group-83CFD60236D8-LeaderElection195] INFO  impl.LeaderElection (LeaderElection.java:logAndReturn(56)) - 3989452c-7599-4156-9543-3fe544ced0f3@group-83CFD60236D8-LeaderElection195: Election REJECTED; received 2 response(s) [3989452c-7599-4156-9543-3fe544ced0f3<-eec99a0c-e1b1-4518-bc49-9d1a8c8e04d5#0:FAIL-t203, 3989452c-7599-4156-9543-3fe544ced0f3<-d9e6ea44-93db-446f-8020-a94232284285#0:FAIL-t203] and 0 exception(s); 3989452c-7599-4156-9543-3fe544ced0f3@group-83CFD60236D8:t203, leader=null, voted=3989452c-7599-4156-9543-3fe544ced0f3, raftlog=3989452c-7599-4156-9543-3fe544ced0f3@group-83CFD60236D8-SegmentedRaftLog:OPENED:c-1,f-1,i0, conf=-1: [3989452c-7599-4156-9543-3fe544ced0f3:192.168.157.254:36320, eec99a0c-e1b1-4518-bc49-9d1a8c8e04d5:192.168.157.254:45598, d9e6ea44-93db-446f-8020-a94232284285:192.168.157.254:41671], old=null
2019-10-16 22:15:08,743 [3989452c-7599-4156-9543-3fe544ced0f3@group-83CFD60236D8-LeaderElection195] INFO  impl.RaftServerImpl (RaftServerImpl.java:setRole(184)) - 3989452c-7599-4156-9543-3fe544ced0f3@group-83CFD60236D8: changes role from CANDIDATE to FOLLOWER at term 203 for DISCOVERED_A_NEW_TERM
2019-10-16 22:15:08,743 [3989452c-7599-4156-9543-3fe544ced0f3@group-83CFD60236D8-LeaderElection195] INFO  impl.RoleInfo (RoleInfo.java:shutdownLeaderElection(134)) - 3989452c-7599-4156-9543-3fe544ced0f3: shutdown LeaderElection
2019-10-16 22:15:08,743 [3989452c-7599-4156-9543-3fe544ced0f3@group-83CFD60236D8-LeaderElection195] INFO  impl.RoleInfo (RoleInfo.java:updateAndGet(143)) - 3989452c-7599-4156-9543-3fe544ced0f3: start FollowerState
2019-10-16 22:15:08,824 [Thread-2192] INFO  impl.FollowerState (FollowerState.java:run(108)) - 3989452c-7599-4156-9543-3fe544ced0f3@group-83CFD60236D8-FollowerState: change to CANDIDATE, lastRpcTime:81ms, electionTimeout:81ms
2019-10-16 22:15:08,825 [Thread-2192] INFO  impl.RoleInfo (RoleInfo.java:shutdownFollowerState(121)) - 3989452c-7599-4156-9543-3fe544ced0f3: shutdown FollowerState
2019-10-16 22:15:08,825 [Thread-2192] INFO  impl.RaftServerImpl (RaftServerImpl.java:setRole(184)) - 3989452c-7599-4156-9543-3fe544ced0f3@group-83CFD60236D8: changes role from  FOLLOWER to CANDIDATE at term 203 for changeToCandidate
2019-10-16 22:15:08,825 [Thread-2192] INFO  impl.RoleInfo (RoleInfo.java:updateAndGet(143)) - 3989452c-7599-4156-9543-3fe544ced0f3: start LeaderElection
2019-10-16 22:15:08,840 [3989452c-7599-4156-9543-3fe544ced0f3@group-83CFD60236D8-LeaderElection196] INFO  impl.LeaderElection (LeaderElection.java:askForVotes(178)) - 3989452c-7599-4156-9543-3fe544ced0f3@group-83CFD60236D8-LeaderElection196: begin an election at term 204 for -1: [3989452c-7599-4156-9543-3fe544ced0f3:192.168.157.254:36320, eec99a0c-e1b1-4518-bc49-9d1a8c8e04d5:192.168.157.254:45598, d9e6ea44-93db-446f-8020-a94232284285:192.168.157.254:41671], old=null
2019-10-16 22:15:08,842 [grpc-default-executor-18] INFO  impl.RaftServerImpl (RaftServerImpl.java:setRole(184)) - eec99a0c-e1b1-4518-bc49-9d1a8c8e04d5@group-83CFD60236D8: changes role from  FOLLOWER to FOLLOWER at term 204 for recognizeCandidate:3989452c-7599-4156-9543-3fe544ced0f3
2019-10-16 22:15:08,842 [grpc-default-executor-18] INFO  impl.RoleInfo (RoleInfo.java:shutdownFollowerState(121)) - eec99a0c-e1b1-4518-bc49-9d1a8c8e04d5: shutdown FollowerState
2019-10-16 22:15:08,842 [grpc-default-executor-18] INFO  impl.RoleInfo (RoleInfo.java:updateAndGet(143)) - eec99a0c-e1b1-4518-bc49-9d1a8c8e04d5: start FollowerState
2019-10-16 22:15:08,842 [Thread-2190] INFO  impl.FollowerState (FollowerState.java:run(117)) - eec99a0c-e1b1-4518-bc49-9d1a8c8e04d5@group-83CFD60236D8-FollowerState was interrupted: java.lang.InterruptedException: sleep interrupted
2019-10-16 22:15:08,842 [grpc-default-executor-23] INFO  impl.RaftServerImpl (RaftServerImpl.java:setRole(184)) - d9e6ea44-93db-446f-8020-a94232284285@group-83CFD60236D8: changes role from  FOLLOWER to FOLLOWER at term 204 for recognizeCandidate:3989452c-7599-4156-9543-3fe544ced0f3
2019-10-16 22:15:08,843 [grpc-default-executor-23] INFO  impl.RoleInfo (RoleInfo.java:shutdownFollowerState(121)) - d9e6ea44-93db-446f-8020-a94232284285: shutdown FollowerState
2019-10-16 22:15:08,843 [grpc-default-executor-23] INFO  impl.RoleInfo (RoleInfo.java:updateAndGet(143)) - d9e6ea44-93db-446f-8020-a94232284285: start FollowerState
2019-10-16 22:15:08,843 [Thread-2191] INFO  impl.FollowerState (FollowerState.java:run(117)) - d9e6ea44-93db-446f-8020-a94232284285@group-83CFD60236D8-FollowerState was interrupted: java.lang.InterruptedException: sleep interrupted
2019-10-16 22:15:08,856 [3989452c-7599-4156-9543-3fe544ced0f3@group-83CFD60236D8-LeaderElection196] INFO  impl.LeaderElection (LeaderElection.java:logAndReturn(56)) - 3989452c-7599-4156-9543-3fe544ced0f3@group-83CFD60236D8-LeaderElection196: Election REJECTED; received 2 response(s) [3989452c-7599-4156-9543-3fe544ced0f3<-eec99a0c-e1b1-4518-bc49-9d1a8c8e04d5#0:FAIL-t204, 3989452c-7599-4156-9543-3fe544ced0f3<-d9e6ea44-93db-446f-8020-a94232284285#0:FAIL-t204] and 0 exception(s); 3989452c-7599-4156-9543-3fe544ced0f3@group-83CFD60236D8:t204, leader=null, voted=3989452c-7599-4156-9543-3fe544ced0f3, raftlog=3989452c-7599-4156-9543-3fe544ced0f3@group-83CFD60236D8-SegmentedRaftLog:OPENED:c-1,f-1,i0, conf=-1: [3989452c-7599-4156-9543-3fe544ced0f3:192.168.157.254:36320, eec99a0c-e1b1-4518-bc49-9d1a8c8e04d5:192.168.157.254:45598, d9e6ea44-93db-446f-8020-a94232284285:192.168.157.254:41671], old=null
2019-10-16 22:15:08,857 [3989452c-7599-4156-9543-3fe544ced0f3@group-83CFD60236D8-LeaderElection196] INFO  impl.RaftServerImpl (RaftServerImpl.java:setRole(184)) - 3989452c-7599-4156-9543-3fe544ced0f3@group-83CFD60236D8: changes role from CANDIDATE to FOLLOWER at term 204 for DISCOVERED_A_NEW_TERM
2019-10-16 22:15:08,857 [3989452c-7599-4156-9543-3fe544ced0f3@group-83CFD60236D8-LeaderElection196] INFO  impl.RoleInfo (RoleInfo.java:shutdownLeaderElection(134)) - 3989452c-7599-4156-9543-3fe544ced0f3: shutdown LeaderElection
2019-10-16 22:15:08,857 [3989452c-7599-4156-9543-3fe544ced0f3@group-83CFD60236D8-LeaderElection196] INFO  impl.RoleInfo (RoleInfo.java:updateAndGet(143)) - 3989452c-7599-4156-9543-3fe544ced0f3: start FollowerState
2019-10-16 22:15:08,985 [Thread-2198] INFO  impl.FollowerState (FollowerState.java:run(108)) - 3989452c-7599-4156-9543-3fe544ced0f3@group-83CFD60236D8-FollowerState: change to CANDIDATE, lastRpcTime:128ms, electionTimeout:128ms
2019-10-16 22:15:08,986 [Thread-2198] INFO  impl.RoleInfo (RoleInfo.java:shutdownFollowerState(121)) - 3989452c-7599-4156-9543-3fe544ced0f3: shutdown FollowerState
2019-10-16 22:15:08,986 [Thread-2198] INFO  impl.RaftServerImpl (RaftServerImpl.java:setRole(184)) - 3989452c-7599-4156-9543-3fe544ced0f3@group-83CFD60236D8: changes role from  FOLLOWER to CANDIDATE at term 204 for changeToCandidate
2019-10-16 22:15:08,986 [Thread-2198] INFO  impl.RoleInfo (RoleInfo.java:updateAndGet(143)) - 3989452c-7599-4156-9543-3fe544ced0f3: start LeaderElection
2019-10-16 22:15:09,001 [3989452c-7599-4156-9543-3fe544ced0f3@group-83CFD60236D8-LeaderElection197] INFO  impl.LeaderElection (LeaderElection.java:askForVotes(178)) - 3989452c-7599-4156-9543-3fe544ced0f3@group-83CFD60236D8-LeaderElection197: begin an election at term 205 for -1: [3989452c-7599-4156-9543-3fe544ced0f3:192.168.157.254:36320, eec99a0c-e1b1-4518-bc49-9d1a8c8e04d5:192.168.157.254:45598, d9e6ea44-93db-446f-8020-a94232284285:192.168.157.254:41671], old=null
2019-10-16 22:15:09,003 [grpc-default-executor-18] INFO  impl.RaftServerImpl (RaftServerImpl.java:setRole(184)) - eec99a0c-e1b1-4518-bc49-9d1a8c8e04d5@group-83CFD60236D8: changes role from  FOLLOWER to FOLLOWER at term 205 for recognizeCandidate:3989452c-7599-4156-9543-3fe544ced0f3
2019-10-16 22:15:09,003 [grpc-default-executor-23] INFO  impl.RaftServerImpl (RaftServerImpl.java:setRole(184)) - d9e6ea44-93db-446f-8020-a94232284285@group-83CFD60236D8: changes role from  FOLLOWER to FOLLOWER at term 205 for recognizeCandidate:3989452c-7599-4156-9543-3fe544ced0f3
2019-10-16 22:15:09,003 [grpc-default-executor-23] INFO  impl.RoleInfo (RoleInfo.java:shutdownFollowerState(121)) - d9e6ea44-93db-446f-8020-a94232284285: shutdown FollowerState
2019-10-16 22:15:09,003 [grpc-default-executor-18] INFO  impl.RoleInfo (RoleInfo.java:shutdownFollowerState(121)) - eec99a0c-e1b1-4518-bc49-9d1a8c8e04d5: shutdown FollowerState
2019-10-16 22:15:09,004 [Thread-2197] INFO  impl.FollowerState (FollowerState.java:run(117)) - d9e6ea44-93db-446f-8020-a94232284285@group-83CFD60236D8-FollowerState was interrupted: java.lang.InterruptedException: sleep interrupted
2019-10-16 22:15:09,004 [grpc-default-executor-23] INFO  impl.RoleInfo (RoleInfo.java:updateAndGet(143)) - d9e6ea44-93db-446f-8020-a94232284285: start FollowerState
2019-10-16 22:15:09,004 [Thread-2196] INFO  impl.FollowerState (FollowerState.java:run(117)) - eec99a0c-e1b1-4518-bc49-9d1a8c8e04d5@group-83CFD60236D8-FollowerState was interrupted: java.lang.InterruptedException: sleep interrupted
2019-10-16 22:15:09,004 [grpc-default-executor-18] INFO  impl.RoleInfo (RoleInfo.java:updateAndGet(143)) - eec99a0c-e1b1-4518-bc49-9d1a8c8e04d5: start FollowerState
2019-10-16 22:15:09,018 [3989452c-7599-4156-9543-3fe544ced0f3@group-83CFD60236D8-LeaderElection197] INFO  impl.LeaderElection (LeaderElection.java:logAndReturn(56)) - 3989452c-7599-4156-9543-3fe544ced0f3@group-83CFD60236D8-LeaderElection197: Election REJECTED; received 2 response(s) [3989452c-7599-4156-9543-3fe544ced0f3<-eec99a0c-e1b1-4518-bc49-9d1a8c8e04d5#0:FAIL-t205, 3989452c-7599-4156-9543-3fe544ced0f3<-d9e6ea44-93db-446f-8020-a94232284285#0:FAIL-t205] and 0 exception(s); 3989452c-7599-4156-9543-3fe544ced0f3@group-83CFD60236D8:t205, leader=null, voted=3989452c-7599-4156-9543-3fe544ced0f3, raftlog=3989452c-7599-4156-9543-3fe544ced0f3@group-83CFD60236D8-SegmentedRaftLog:OPENED:c-1,f-1,i0, conf=-1: [3989452c-7599-4156-9543-3fe544ced0f3:192.168.157.254:36320, eec99a0c-e1b1-4518-bc49-9d1a8c8e04d5:192.168.157.254:45598, d9e6ea44-93db-446f-8020-a94232284285:192.168.157.254:41671], old=null
2019-10-16 22:15:09,019 [3989452c-7599-4156-9543-3fe544ced0f3@group-83CFD60236D8-LeaderElection197] INFO  impl.RaftServerImpl (RaftServerImpl.java:setRole(184)) - 3989452c-7599-4156-9543-3fe544ced0f3@group-83CFD60236D8: changes role from CANDIDATE to FOLLOWER at term 205 for DISCOVERED_A_NEW_TERM
2019-10-16 22:15:09,019 [3989452c-7599-4156-9543-3fe544ced0f3@group-83CFD60236D8-LeaderElection197] INFO  impl.RoleInfo (RoleInfo.java:shutdownLeaderElection(134)) - 3989452c-7599-4156-9543-3fe544ced0f3: shutdown LeaderElection
2019-10-16 22:15:09,019 [3989452c-7599-4156-9543-3fe544ced0f3@group-83CFD60236D8-LeaderElection197] INFO  impl.RoleInfo (RoleInfo.java:updateAndGet(143)) - 3989452c-7599-4156-9543-3fe544ced0f3: start FollowerState
 0.00% |?                                                                                                    |  0/1 Time: 0:06:252019-10-16 22:15:09,096 [Thread-2204] INFO  impl.FollowerState (FollowerState.java:run(108)) - 3989452c-7599-4156-9543-3fe544ced0f3@group-83CFD60236D8-FollowerState: change to CANDIDATE, lastRpcTime:76ms, electionTimeout:76ms
2019-10-16 22:15:09,096 [Thread-2204] INFO  impl.RoleInfo (RoleInfo.java:shutdownFollowerState(121)) - 3989452c-7599-4156-9543-3fe544ced0f3: shutdown FollowerState
2019-10-16 22:15:09,096 [Thread-2204] INFO  impl.RaftServerImpl (RaftServerImpl.java:setRole(184)) - 3989452c-7599-4156-9543-3fe544ced0f3@group-83CFD60236D8: changes role from  FOLLOWER to CANDIDATE at term 205 for changeToCandidate
2019-10-16 22:15:09,096 [Thread-2204] INFO  impl.RoleInfo (RoleInfo.java:updateAndGet(143)) - 3989452c-7599-4156-9543-3fe544ced0f3: start LeaderElection
2019-10-16 22:15:09,122 [3989452c-7599-4156-9543-3fe544ced0f3@group-83CFD60236D8-LeaderElection198] INFO  impl.LeaderElection (LeaderElection.java:askForVotes(178)) - 3989452c-7599-4156-9543-3fe544ced0f3@group-83CFD60236D8-LeaderElection198: begin an election at term 206 for -1: [3989452c-7599-4156-9543-3fe544ced0f3:192.168.157.254:36320, eec99a0c-e1b1-4518-bc49-9d1a8c8e04d5:192.168.157.254:45598, d9e6ea44-93db-446f-8020-a94232284285:192.168.157.254:41671], old=null
2019-10-16 22:15:09,125 [grpc-default-executor-18] INFO  impl.RaftServerImpl (RaftServerImpl.java:setRole(184)) - eec99a0c-e1b1-4518-bc49-9d1a8c8e04d5@group-83CFD60236D8: changes role from  FOLLOWER to FOLLOWER at term 206 for recognizeCandidate:3989452c-7599-4156-9543-3fe544ced0f3
2019-10-16 22:15:09,125 [grpc-default-executor-23] INFO  impl.RaftServerImpl (RaftServerImpl.java:setRole(184)) - d9e6ea44-93db-446f-8020-a94232284285@group-83CFD60236D8: changes role from  FOLLOWER to FOLLOWER at term 206 for recognizeCandidate:3989452c-7599-4156-9543-3fe544ced0f3
2019-10-16 22:15:09,125 [grpc-default-executor-18] INFO  impl.RoleInfo (RoleInfo.java:shutdownFollowerState(121)) - eec99a0c-e1b1-4518-bc49-9d1a8c8e04d5: shutdown FollowerState
2019-10-16 22:15:09,125 [grpc-default-executor-23] INFO  impl.RoleInfo (RoleInfo.java:shutdownFollowerState(121)) - d9e6ea44-93db-446f-8020-a94232284285: shutdown FollowerState
2019-10-16 22:15:09,126 [Thread-2203] INFO  impl.FollowerState (FollowerState.java:run(117)) - eec99a0c-e1b1-4518-bc49-9d1a8c8e04d5@group-83CFD60236D8-FollowerState was interrupted: java.lang.InterruptedException: sleep interrupted
2019-10-16 22:15:09,126 [Thread-2202] INFO  impl.FollowerState (FollowerState.java:run(117)) - d9e6ea44-93db-446f-8020-a94232284285@group-83CFD60236D8-FollowerState was interrupted: java.lang.InterruptedException: sleep interrupted
2019-10-16 22:15:09,125 [grpc-default-executor-18] INFO  impl.RoleInfo (RoleInfo.java:updateAndGet(143)) - eec99a0c-e1b1-4518-bc49-9d1a8c8e04d5: start FollowerState
2019-10-16 22:15:09,126 [grpc-default-executor-23] INFO  impl.RoleInfo (RoleInfo.java:updateAndGet(143)) - d9e6ea44-93db-446f-8020-a94232284285: start FollowerState
2019-10-16 22:15:09,140 [3989452c-7599-4156-9543-3fe544ced0f3@group-83CFD60236D8-LeaderElection198] INFO  impl.LeaderElection (LeaderElection.java:logAndReturn(56)) - 3989452c-7599-4156-9543-3fe544ced0f3@group-83CFD60236D8-LeaderElection198: Election REJECTED; received 2 response(s) [3989452c-7599-4156-9543-3fe544ced0f3<-eec99a0c-e1b1-4518-bc49-9d1a8c8e04d5#0:FAIL-t206, 3989452c-7599-4156-9543-3fe544ced0f3<-d9e6ea44-93db-446f-8020-a94232284285#0:FAIL-t206] and 0 exception(s); 3989452c-7599-4156-9543-3fe544ced0f3@group-83CFD60236D8:t206, leader=null, voted=3989452c-7599-4156-9543-3fe544ced0f3, raftlog=3989452c-7599-4156-9543-3fe544ced0f3@group-83CFD60236D8-SegmentedRaftLog:OPENED:c-1,f-1,i0, conf=-1: [3989452c-7599-4156-9543-3fe544ced0f3:192.168.157.254:36320, eec99a0c-e1b1-4518-bc49-9d1a8c8e04d5:192.168.157.254:45598, d9e6ea44-93db-446f-8020-a94232284285:192.168.157.254:41671], old=null
2019-10-16 22:15:09,140 [3989452c-7599-4156-9543-3fe544ced0f3@group-83CFD60236D8-LeaderElection198] INFO  impl.RaftServerImpl (RaftServerImpl.java:setRole(184)) - 3989452c-7599-4156-9543-3fe544ced0f3@group-83CFD60236D8: changes role from CANDIDATE to FOLLOWER at term 206 for DISCOVERED_A_NEW_TERM
2019-10-16 22:15:09,140 [3989452c-7599-4156-9543-3fe544ced0f3@group-83CFD60236D8-LeaderElection198] INFO  impl.RoleInfo (RoleInfo.java:shutdownLeaderElection(134)) - 3989452c-7599-4156-9543-3fe544ced0f3: shutdown LeaderElection
2019-10-16 22:15:09,140 [3989452c-7599-4156-9543-3fe544ced0f3@group-83CFD60236D8-LeaderElection198] INFO  impl.RoleInfo (RoleInfo.java:updateAndGet(143)) - 3989452c-7599-4156-9543-3fe544ced0f3: start FollowerState
2019-10-16 22:15:09,247 [Thread-2210] INFO  impl.FollowerState (FollowerState.java:run(108)) - 3989452c-7599-4156-9543-3fe544ced0f3@group-83CFD60236D8-FollowerState: change to CANDIDATE, lastRpcTime:106ms, electionTimeout:106ms
2019-10-16 22:15:09,247 [Thread-2210] INFO  impl.RoleInfo (RoleInfo.java:shutdownFollowerState(121)) - 3989452c-7599-4156-9543-3fe544ced0f3: shutdown FollowerState
2019-10-16 22:15:09,247 [Thread-2210] INFO  impl.RaftServerImpl (RaftServerImpl.java:setRole(184)) - 3989452c-7599-4156-9543-3fe544ced0f3@group-83CFD60236D8: changes role from  FOLLOWER to CANDIDATE at term 206 for changeToCandidate
2019-10-16 22:15:09,247 [Thread-2210] INFO  impl.RoleInfo (RoleInfo.java:updateAndGet(143)) - 3989452c-7599-4156-9543-3fe544ced0f3: start LeaderElection
2019-10-16 22:15:09,261 [3989452c-7599-4156-9543-3fe544ced0f3@group-83CFD60236D8-LeaderElection199] INFO  impl.LeaderElection (LeaderElection.java:askForVotes(178)) - 3989452c-7599-4156-9543-3fe544ced0f3@group-83CFD60236D8-LeaderElection199: begin an election at term 207 for -1: [3989452c-7599-4156-9543-3fe544ced0f3:192.168.157.254:36320, eec99a0c-e1b1-4518-bc49-9d1a8c8e04d5:192.168.157.254:45598, d9e6ea44-93db-446f-8020-a94232284285:192.168.157.254:41671], old=null
2019-10-16 22:15:09,264 [grpc-default-executor-23] INFO  impl.RaftServerImpl (RaftServerImpl.java:setRole(184)) - d9e6ea44-93db-446f-8020-a94232284285@group-83CFD60236D8: changes role from  FOLLOWER to FOLLOWER at term 207 for recognizeCandidate:3989452c-7599-4156-9543-3fe544ced0f3
2019-10-16 22:15:09,264 [grpc-default-executor-18] INFO  impl.RaftServerImpl (RaftServerImpl.java:setRole(184)) - eec99a0c-e1b1-4518-bc49-9d1a8c8e04d5@group-83CFD60236D8: changes role from  FOLLOWER to FOLLOWER at term 207 for recognizeCandidate:3989452c-7599-4156-9543-3fe544ced0f3
2019-10-16 22:15:09,264 [grpc-default-executor-23] INFO  impl.RoleInfo (RoleInfo.java:shutdownFollowerState(121)) - d9e6ea44-93db-446f-8020-a94232284285: shutdown FollowerState
2019-10-16 22:15:09,265 [grpc-default-executor-18] INFO  impl.RoleInfo (RoleInfo.java:shutdownFollowerState(121)) - eec99a0c-e1b1-4518-bc49-9d1a8c8e04d5: shutdown FollowerState
2019-10-16 22:15:09,265 [Thread-2209] INFO  impl.FollowerState (FollowerState.java:run(117)) - d9e6ea44-93db-446f-8020-a94232284285@group-83CFD60236D8-FollowerState was interrupted: java.lang.InterruptedException: sleep interrupted
2019-10-16 22:15:09,265 [grpc-default-executor-23] INFO  impl.RoleInfo (RoleInfo.java:updateAndGet(143)) - d9e6ea44-93db-446f-8020-a94232284285: start FollowerState
2019-10-16 22:15:09,265 [Thread-2208] INFO  impl.FollowerState (FollowerState.java:run(117)) - eec99a0c-e1b1-4518-bc49-9d1a8c8e04d5@group-83CFD60236D8-FollowerState was interrupted: java.lang.InterruptedException: sleep interrupted
2019-10-16 22:15:09,265 [grpc-default-executor-18] INFO  impl.RoleInfo (RoleInfo.java:updateAndGet(143)) - eec99a0c-e1b1-4518-bc49-9d1a8c8e04d5: start FollowerState
2019-10-16 22:15:09,279 [3989452c-7599-4156-9543-3fe544ced0f3@group-83CFD60236D8-LeaderElection199] INFO  impl.LeaderElection (LeaderElection.java:logAndReturn(56)) - 3989452c-7599-4156-9543-3fe544ced0f3@group-83CFD60236D8-LeaderElection199: Election REJECTED; received 2 response(s) [3989452c-7599-4156-9543-3fe544ced0f3<-eec99a0c-e1b1-4518-bc49-9d1a8c8e04d5#0:FAIL-t207, 3989452c-7599-4156-9543-3fe544ced0f3<-d9e6ea44-93db-446f-8020-a94232284285#0:FAIL-t207] and 0 exception(s); 3989452c-7599-4156-9543-3fe544ced0f3@group-83CFD60236D8:t207, leader=null, voted=3989452c-7599-4156-9543-3fe544ced0f3, raftlog=3989452c-7599-4156-9543-3fe544ced0f3@group-83CFD60236D8-SegmentedRaftLog:OPENED:c-1,f-1,i0, conf=-1: [3989452c-7599-4156-9543-3fe544ced0f3:192.168.157.254:36320, eec99a0c-e1b1-4518-bc49-9d1a8c8e04d5:192.168.157.254:45598, d9e6ea44-93db-446f-8020-a94232284285:192.168.157.254:41671], old=null
2019-10-16 22:15:09,279 [3989452c-7599-4156-9543-3fe544ced0f3@group-83CFD60236D8-LeaderElection199] INFO  impl.RaftServerImpl (RaftServerImpl.java:setRole(184)) - 3989452c-7599-4156-9543-3fe544ced0f3@group-83CFD60236D8: changes role from CANDIDATE to FOLLOWER at term 207 for DISCOVERED_A_NEW_TERM
2019-10-16 22:15:09,279 [3989452c-7599-4156-9543-3fe544ced0f3@group-83CFD60236D8-LeaderElection199] INFO  impl.RoleInfo (RoleInfo.java:shutdownLeaderElection(134)) - 3989452c-7599-4156-9543-3fe544ced0f3: shutdown LeaderElection
2019-10-16 22:15:09,279 [3989452c-7599-4156-9543-3fe544ced0f3@group-83CFD60236D8-LeaderElection199] INFO  impl.RoleInfo (RoleInfo.java:updateAndGet(143)) - 3989452c-7599-4156-9543-3fe544ced0f3: start FollowerState
2019-10-16 22:15:09,449 [Thread-2218] INFO  impl.FollowerState (FollowerState.java:run(108)) - 3989452c-7599-4156-9543-3fe544ced0f3@group-83CFD60236D8-FollowerState: change to CANDIDATE, lastRpcTime:169ms, electionTimeout:169ms
2019-10-16 22:15:09,449 [Thread-2218] INFO  impl.RoleInfo (RoleInfo.java:shutdownFollowerState(121)) - 3989452c-7599-4156-9543-3fe544ced0f3: shutdown FollowerState
2019-10-16 22:15:09,449 [Thread-2218] INFO  impl.RaftServerImpl (RaftServerImpl.java:setRole(184)) - 3989452c-7599-4156-9543-3fe544ced0f3@group-83CFD60236D8: changes role from  FOLLOWER to CANDIDATE at term 207 for changeToCandidate
2019-10-16 22:15:09,449 [Thread-2218] INFO  impl.RoleInfo (RoleInfo.java:updateAndGet(143)) - 3989452c-7599-4156-9543-3fe544ced0f3: start LeaderElection
2019-10-16 22:15:09,462 [3989452c-7599-4156-9543-3fe544ced0f3@group-83CFD60236D8-LeaderElection200] INFO  impl.LeaderElection (LeaderElection.java:askForVotes(178)) - 3989452c-7599-4156-9543-3fe544ced0f3@group-83CFD60236D8-LeaderElection200: begin an election at term 208 for -1: [3989452c-7599-4156-9543-3fe544ced0f3:192.168.157.254:36320, eec99a0c-e1b1-4518-bc49-9d1a8c8e04d5:192.168.157.254:45598, d9e6ea44-93db-446f-8020-a94232284285:192.168.157.254:41671], old=null
2019-10-16 22:15:09,464 [grpc-default-executor-23] INFO  impl.RaftServerImpl (RaftServerImpl.java:setRole(184)) - eec99a0c-e1b1-4518-bc49-9d1a8c8e04d5@group-83CFD60236D8: changes role from  FOLLOWER to FOLLOWER at term 208 for recognizeCandidate:3989452c-7599-4156-9543-3fe544ced0f3
2019-10-16 22:15:09,464 [grpc-default-executor-18] INFO  impl.RaftServerImpl (RaftServerImpl.java:setRole(184)) - d9e6ea44-93db-446f-8020-a94232284285@group-83CFD60236D8: changes role from  FOLLOWER to FOLLOWER at term 208 for recognizeCandidate:3989452c-7599-4156-9543-3fe544ced0f3
2019-10-16 22:15:09,464 [grpc-default-executor-23] INFO  impl.RoleInfo (RoleInfo.java:shutdownFollowerState(121)) - eec99a0c-e1b1-4518-bc49-9d1a8c8e04d5: shutdown FollowerState
2019-10-16 22:15:09,465 [grpc-default-executor-18] INFO  impl.RoleInfo (RoleInfo.java:shutdownFollowerState(121)) - d9e6ea44-93db-446f-8020-a94232284285: shutdown FollowerState
2019-10-16 22:15:09,465 [Thread-2217] INFO  impl.FollowerState (FollowerState.java:run(117)) - eec99a0c-e1b1-4518-bc49-9d1a8c8e04d5@group-83CFD60236D8-FollowerState was interrupted: java.lang.InterruptedException: sleep interrupted
2019-10-16 22:15:09,465 [grpc-default-executor-23] INFO  impl.RoleInfo (RoleInfo.java:updateAndGet(143)) - eec99a0c-e1b1-4518-bc49-9d1a8c8e04d5: start FollowerState
2019-10-16 22:15:09,465 [Thread-2216] INFO  impl.FollowerState (FollowerState.java:run(117)) - d9e6ea44-93db-446f-8020-a94232284285@group-83CFD60236D8-FollowerState was interrupted: java.lang.InterruptedException: sleep interrupted
2019-10-16 22:15:09,465 [grpc-default-executor-18] INFO  impl.RoleInfo (RoleInfo.java:updateAndGet(143)) - d9e6ea44-93db-446f-8020-a94232284285: start FollowerState
2019-10-16 22:15:09,479 [3989452c-7599-4156-9543-3fe544ced0f3@group-83CFD60236D8-LeaderElection200] INFO  impl.LeaderElection (LeaderElection.java:logAndReturn(56)) - 3989452c-7599-4156-9543-3fe544ced0f3@group-83CFD60236D8-LeaderElection200: Election REJECTED; received 2 response(s) [3989452c-7599-4156-9543-3fe544ced0f3<-eec99a0c-e1b1-4518-bc49-9d1a8c8e04d5#0:FAIL-t208, 3989452c-7599-4156-9543-3fe544ced0f3<-d9e6ea44-93db-446f-8020-a94232284285#0:FAIL-t208] and 0 exception(s); 3989452c-7599-4156-9543-3fe544ced0f3@group-83CFD60236D8:t208, leader=null, voted=3989452c-7599-4156-9543-3fe544ced0f3, raftlog=3989452c-7599-4156-9543-3fe544ced0f3@group-83CFD60236D8-SegmentedRaftLog:OPENED:c-1,f-1,i0, conf=-1: [3989452c-7599-4156-9543-3fe544ced0f3:192.168.157.254:36320, eec99a0c-e1b1-4518-bc49-9d1a8c8e04d5:192.168.157.254:45598, d9e6ea44-93db-446f-8020-a94232284285:192.168.157.254:41671], old=null
2019-10-16 22:15:09,479 [3989452c-7599-4156-9543-3fe544ced0f3@group-83CFD60236D8-LeaderElection200] INFO  impl.RaftServerImpl (RaftServerImpl.java:setRole(184)) - 3989452c-7599-4156-9543-3fe544ced0f3@group-83CFD60236D8: changes role from CANDIDATE to FOLLOWER at term 208 for DISCOVERED_A_NEW_TERM
2019-10-16 22:15:09,479 [3989452c-7599-4156-9543-3fe544ced0f3@group-83CFD60236D8-LeaderElection200] INFO  impl.RoleInfo (RoleInfo.java:shutdownLeaderElection(134)) - 3989452c-7599-4156-9543-3fe544ced0f3: shutdown LeaderElection
2019-10-16 22:15:09,479 [3989452c-7599-4156-9543-3fe544ced0f3@group-83CFD60236D8-LeaderElection200] INFO  impl.RoleInfo (RoleInfo.java:updateAndGet(143)) - 3989452c-7599-4156-9543-3fe544ced0f3: start FollowerState
2019-10-16 22:15:09,510 [Thread-2224] INFO  impl.FollowerState (FollowerState.java:run(108)) - 3989452c-7599-4156-9543-3fe544ced0f3@group-83CFD60236D8-FollowerState: change to CANDIDATE, lastRpcTime:30ms, electionTimeout:30ms
2019-10-16 22:15:09,510 [Thread-2224] INFO  impl.RoleInfo (RoleInfo.java:shutdownFollowerState(121)) - 3989452c-7599-4156-9543-3fe544ced0f3: shutdown FollowerState
2019-10-16 22:15:09,510 [Thread-2224] INFO  impl.RaftServerImpl (RaftServerImpl.java:setRole(184)) - 3989452c-7599-4156-9543-3fe544ced0f3@group-83CFD60236D8: changes role from  FOLLOWER to CANDIDATE at term 208 for changeToCandidate
2019-10-16 22:15:09,510 [Thread-2224] INFO  impl.RoleInfo (RoleInfo.java:updateAndGet(143)) - 3989452c-7599-4156-9543-3fe544ced0f3: start LeaderElection
2019-10-16 22:15:09,523 [3989452c-7599-4156-9543-3fe544ced0f3@group-83CFD60236D8-LeaderElection201] INFO  impl.LeaderElection (LeaderElection.java:askForVotes(178)) - 3989452c-7599-4156-9543-3fe544ced0f3@group-83CFD60236D8-LeaderElection201: begin an election at term 209 for -1: [3989452c-7599-4156-9543-3fe544ced0f3:192.168.157.254:36320, eec99a0c-e1b1-4518-bc49-9d1a8c8e04d5:192.168.157.254:45598, d9e6ea44-93db-446f-8020-a94232284285:192.168.157.254:41671], old=null
2019-10-16 22:15:09,526 [grpc-default-executor-23] INFO  impl.RaftServerImpl (RaftServerImpl.java:setRole(184)) - eec99a0c-e1b1-4518-bc49-9d1a8c8e04d5@group-83CFD60236D8: changes role from  FOLLOWER to FOLLOWER at term 209 for recognizeCandidate:3989452c-7599-4156-9543-3fe544ced0f3
2019-10-16 22:15:09,526 [grpc-default-executor-18] INFO  impl.RaftServerImpl (RaftServerImpl.java:setRole(184)) - d9e6ea44-93db-446f-8020-a94232284285@group-83CFD60236D8: changes role from  FOLLOWER to FOLLOWER at term 209 for recognizeCandidate:3989452c-7599-4156-9543-3fe544ced0f3
2019-10-16 22:15:09,526 [grpc-default-executor-23] INFO  impl.RoleInfo (RoleInfo.java:shutdownFollowerState(121)) - eec99a0c-e1b1-4518-bc49-9d1a8c8e04d5: shutdown FollowerState
2019-10-16 22:15:09,526 [grpc-default-executor-18] INFO  impl.RoleInfo (RoleInfo.java:shutdownFollowerState(121)) - d9e6ea44-93db-446f-8020-a94232284285: shutdown FollowerState
2019-10-16 22:15:09,526 [Thread-2222] INFO  impl.FollowerState (FollowerState.java:run(117)) - eec99a0c-e1b1-4518-bc49-9d1a8c8e04d5@group-83CFD60236D8-FollowerState was interrupted: java.lang.InterruptedException: sleep interrupted
2019-10-16 22:15:09,526 [grpc-default-executor-23] INFO  impl.RoleInfo (RoleInfo.java:updateAndGet(143)) - eec99a0c-e1b1-4518-bc49-9d1a8c8e04d5: start FollowerState
2019-10-16 22:15:09,527 [Thread-2223] INFO  impl.FollowerState (FollowerState.java:run(117)) - d9e6ea44-93db-446f-8020-a94232284285@group-83CFD60236D8-FollowerState was interrupted: java.lang.InterruptedException: sleep interrupted
2019-10-16 22:15:09,527 [grpc-default-executor-18] INFO  impl.RoleInfo (RoleInfo.java:updateAndGet(143)) - d9e6ea44-93db-446f-8020-a94232284285: start FollowerState
2019-10-16 22:15:09,542 [3989452c-7599-4156-9543-3fe544ced0f3@group-83CFD60236D8-LeaderElection201] INFO  impl.LeaderElection (LeaderElection.java:logAndReturn(56)) - 3989452c-7599-4156-9543-3fe544ced0f3@group-83CFD60236D8-LeaderElection201: Election REJECTED; received 2 response(s) [3989452c-7599-4156-9543-3fe544ced0f3<-eec99a0c-e1b1-4518-bc49-9d1a8c8e04d5#0:FAIL-t209, 3989452c-7599-4156-9543-3fe544ced0f3<-d9e6ea44-93db-446f-8020-a94232284285#0:FAIL-t209] and 0 exception(s); 3989452c-7599-4156-9543-3fe544ced0f3@group-83CFD60236D8:t209, leader=null, voted=3989452c-7599-4156-9543-3fe544ced0f3, raftlog=3989452c-7599-4156-9543-3fe544ced0f3@group-83CFD60236D8-SegmentedRaftLog:OPENED:c-1,f-1,i0, conf=-1: [3989452c-7599-4156-9543-3fe544ced0f3:192.168.157.254:36320, eec99a0c-e1b1-4518-bc49-9d1a8c8e04d5:192.168.157.254:45598, d9e6ea44-93db-446f-8020-a94232284285:192.168.157.254:41671], old=null
2019-10-16 22:15:09,542 [3989452c-7599-4156-9543-3fe544ced0f3@group-83CFD60236D8-LeaderElection201] INFO  impl.RaftServerImpl (RaftServerImpl.java:setRole(184)) - 3989452c-7599-4156-9543-3fe544ced0f3@group-83CFD60236D8: changes role from CANDIDATE to FOLLOWER at term 209 for DISCOVERED_A_NEW_TERM
2019-10-16 22:15:09,542 [3989452c-7599-4156-9543-3fe544ced0f3@group-83CFD60236D8-LeaderElection201] INFO  impl.RoleInfo (RoleInfo.java:shutdownLeaderElection(134)) - 3989452c-7599-4156-9543-3fe544ced0f3: shutdown LeaderElection
2019-10-16 22:15:09,542 [3989452c-7599-4156-9543-3fe544ced0f3@group-83CFD60236D8-LeaderElection201] INFO  impl.RoleInfo (RoleInfo.java:updateAndGet(143)) - 3989452c-7599-4156-9543-3fe544ced0f3: start FollowerState
2019-10-16 22:15:09,647 [Thread-2230] INFO  impl.FollowerState (FollowerState.java:run(108)) - 3989452c-7599-4156-9543-3fe544ced0f3@group-83CFD60236D8-FollowerState: change to CANDIDATE, lastRpcTime:105ms, electionTimeout:105ms
2019-10-16 22:15:09,648 [Thread-2230] INFO  impl.RoleInfo (RoleInfo.java:shutdownFollowerState(121)) - 3989452c-7599-4156-9543-3fe544ced0f3: shutdown FollowerState
2019-10-16 22:15:09,648 [Thread-2230] INFO  impl.RaftServerImpl (RaftServerImpl.java:setRole(184)) - 3989452c-7599-4156-9543-3fe544ced0f3@group-83CFD60236D8: changes role from  FOLLOWER to CANDIDATE at term 209 for changeToCandidate
2019-10-16 22:15:09,648 [Thread-2230] INFO  impl.RoleInfo (RoleInfo.java:updateAndGet(143)) - 3989452c-7599-4156-9543-3fe544ced0f3: start LeaderElection
2019-10-16 22:15:09,661 [3989452c-7599-4156-9543-3fe544ced0f3@group-83CFD60236D8-LeaderElection202] INFO  impl.LeaderElection (LeaderElection.java:askForVotes(178)) - 3989452c-7599-4156-9543-3fe544ced0f3@group-83CFD60236D8-LeaderElection202: begin an election at term 210 for -1: [3989452c-7599-4156-9543-3fe544ced0f3:192.168.157.254:36320, eec99a0c-e1b1-4518-bc49-9d1a8c8e04d5:192.168.157.254:45598, d9e6ea44-93db-446f-8020-a94232284285:192.168.157.254:41671], old=null
2019-10-16 22:15:09,663 [grpc-default-executor-23] INFO  impl.RaftServerImpl (RaftServerImpl.java:setRole(184)) - eec99a0c-e1b1-4518-bc49-9d1a8c8e04d5@group-83CFD60236D8: changes role from  FOLLOWER to FOLLOWER at term 210 for recognizeCandidate:3989452c-7599-4156-9543-3fe544ced0f3
2019-10-16 22:15:09,663 [grpc-default-executor-23] INFO  impl.RoleInfo (RoleInfo.java:shutdownFollowerState(121)) - eec99a0c-e1b1-4518-bc49-9d1a8c8e04d5: shutdown FollowerState
2019-10-16 22:15:09,663 [grpc-default-executor-18] INFO  impl.RaftServerImpl (RaftServerImpl.java:setRole(184)) - d9e6ea44-93db-446f-8020-a94232284285@group-83CFD60236D8: changes role from  FOLLOWER to FOLLOWER at term 210 for recognizeCandidate:3989452c-7599-4156-9543-3fe544ced0f3
2019-10-16 22:15:09,663 [grpc-default-executor-18] INFO  impl.RoleInfo (RoleInfo.java:shutdownFollowerState(121)) - d9e6ea44-93db-446f-8020-a94232284285: shutdown FollowerState
2019-10-16 22:15:09,663 [Thread-2228] INFO  impl.FollowerState (FollowerState.java:run(117)) - eec99a0c-e1b1-4518-bc49-9d1a8c8e04d5@group-83CFD60236D8-FollowerState was interrupted: java.lang.InterruptedException: sleep interrupted
2019-10-16 22:15:09,663 [grpc-default-executor-23] INFO  impl.RoleInfo (RoleInfo.java:updateAndGet(143)) - eec99a0c-e1b1-4518-bc49-9d1a8c8e04d5: start FollowerState
2019-10-16 22:15:09,663 [Thread-2229] INFO  impl.FollowerState (FollowerState.java:run(117)) - d9e6ea44-93db-446f-8020-a94232284285@group-83CFD60236D8-FollowerState was interrupted: java.lang.InterruptedException: sleep interrupted
2019-10-16 22:15:09,663 [grpc-default-executor-18] INFO  impl.RoleInfo (RoleInfo.java:updateAndGet(143)) - d9e6ea44-93db-446f-8020-a94232284285: start FollowerState
2019-10-16 22:15:09,685 [3989452c-7599-4156-9543-3fe544ced0f3@group-83CFD60236D8-LeaderElection202] INFO  impl.LeaderElection (LeaderElection.java:logAndReturn(56)) - 3989452c-7599-4156-9543-3fe544ced0f3@group-83CFD60236D8-LeaderElection202: Election REJECTED; received 2 response(s) [3989452c-7599-4156-9543-3fe544ced0f3<-eec99a0c-e1b1-4518-bc49-9d1a8c8e04d5#0:FAIL-t210, 3989452c-7599-4156-9543-3fe544ced0f3<-d9e6ea44-93db-446f-8020-a94232284285#0:FAIL-t210] and 0 exception(s); 3989452c-7599-4156-9543-3fe544ced0f3@group-83CFD60236D8:t210, leader=null, voted=3989452c-7599-4156-9543-3fe544ced0f3, raftlog=3989452c-7599-4156-9543-3fe544ced0f3@group-83CFD60236D8-SegmentedRaftLog:OPENED:c-1,f-1,i0, conf=-1: [3989452c-7599-4156-9543-3fe544ced0f3:192.168.157.254:36320, eec99a0c-e1b1-4518-bc49-9d1a8c8e04d5:192.168.157.254:45598, d9e6ea44-93db-446f-8020-a94232284285:192.168.157.254:41671], old=null
2019-10-16 22:15:09,685 [3989452c-7599-4156-9543-3fe544ced0f3@group-83CFD60236D8-LeaderElection202] INFO  impl.RaftServerImpl (RaftServerImpl.java:setRole(184)) - 3989452c-7599-4156-9543-3fe544ced0f3@group-83CFD60236D8: changes role from CANDIDATE to FOLLOWER at term 210 for DISCOVERED_A_NEW_TERM
2019-10-16 22:15:09,686 [3989452c-7599-4156-9543-3fe544ced0f3@group-83CFD60236D8-LeaderElection202] INFO  impl.RoleInfo (RoleInfo.java:shutdownLeaderElection(134)) - 3989452c-7599-4156-9543-3fe544ced0f3: shutdown LeaderElection
2019-10-16 22:15:09,686 [3989452c-7599-4156-9543-3fe544ced0f3@group-83CFD60236D8-LeaderElection202] INFO  impl.RoleInfo (RoleInfo.java:updateAndGet(143)) - 3989452c-7599-4156-9543-3fe544ced0f3: start FollowerState
2019-10-16 22:15:09,840 [Thread-2236] INFO  impl.FollowerState (FollowerState.java:run(108)) - 3989452c-7599-4156-9543-3fe544ced0f3@group-83CFD60236D8-FollowerState: change to CANDIDATE, lastRpcTime:154ms, electionTimeout:154ms
2019-10-16 22:15:09,840 [Thread-2236] INFO  impl.RoleInfo (RoleInfo.java:shutdownFollowerState(121)) - 3989452c-7599-4156-9543-3fe544ced0f3: shutdown FollowerState
2019-10-16 22:15:09,840 [Thread-2236] INFO  impl.RaftServerImpl (RaftServerImpl.java:setRole(184)) - 3989452c-7599-4156-9543-3fe544ced0f3@group-83CFD60236D8: changes role from  FOLLOWER to CANDIDATE at term 210 for changeToCandidate
2019-10-16 22:15:09,840 [Thread-2236] INFO  impl.RoleInfo (RoleInfo.java:updateAndGet(143)) - 3989452c-7599-4156-9543-3fe544ced0f3: start LeaderElection
2019-10-16 22:15:09,866 [3989452c-7599-4156-9543-3fe544ced0f3@group-83CFD60236D8-LeaderElection203] INFO  impl.LeaderElection (LeaderElection.java:askForVotes(178)) - 3989452c-7599-4156-9543-3fe544ced0f3@group-83CFD60236D8-LeaderElection203: begin an election at term 211 for -1: [3989452c-7599-4156-9543-3fe544ced0f3:192.168.157.254:36320, eec99a0c-e1b1-4518-bc49-9d1a8c8e04d5:192.168.157.254:45598, d9e6ea44-93db-446f-8020-a94232284285:192.168.157.254:41671], old=null
2019-10-16 22:15:09,869 [grpc-default-executor-18] INFO  impl.RaftServerImpl (RaftServerImpl.java:setRole(184)) - eec99a0c-e1b1-4518-bc49-9d1a8c8e04d5@group-83CFD60236D8: changes role from  FOLLOWER to FOLLOWER at term 211 for recognizeCandidate:3989452c-7599-4156-9543-3fe544ced0f3
2019-10-16 22:15:09,869 [grpc-default-executor-23] INFO  impl.RaftServerImpl (RaftServerImpl.java:setRole(184)) - d9e6ea44-93db-446f-8020-a94232284285@group-83CFD60236D8: changes role from  FOLLOWER to FOLLOWER at term 211 for recognizeCandidate:3989452c-7599-4156-9543-3fe544ced0f3
2019-10-16 22:15:09,869 [grpc-default-executor-23] INFO  impl.RoleInfo (RoleInfo.java:shutdownFollowerState(121)) - d9e6ea44-93db-446f-8020-a94232284285: shutdown FollowerState
2019-10-16 22:15:09,870 [grpc-default-executor-23] INFO  impl.RoleInfo (RoleInfo.java:updateAndGet(143)) - d9e6ea44-93db-446f-8020-a94232284285: start FollowerState
2019-10-16 22:15:09,870 [grpc-default-executor-18] INFO  impl.RoleInfo (RoleInfo.java:shutdownFollowerState(121)) - eec99a0c-e1b1-4518-bc49-9d1a8c8e04d5: shutdown FollowerState
2019-10-16 22:15:09,871 [grpc-default-executor-18] INFO  impl.RoleInfo (RoleInfo.java:updateAndGet(143)) - eec99a0c-e1b1-4518-bc49-9d1a8c8e04d5: start FollowerState
2019-10-16 22:15:09,871 [Thread-2234] INFO  impl.FollowerState (FollowerState.java:run(117)) - eec99a0c-e1b1-4518-bc49-9d1a8c8e04d5@group-83CFD60236D8-FollowerState was interrupted: java.lang.InterruptedException: sleep interrupted
2019-10-16 22:15:09,871 [Thread-2235] INFO  impl.FollowerState (FollowerState.java:run(117)) - d9e6ea44-93db-446f-8020-a94232284285@group-83CFD60236D8-FollowerState was interrupted: java.lang.InterruptedException: sleep interrupted
2019-10-16 22:15:09,885 [3989452c-7599-4156-9543-3fe544ced0f3@group-83CFD60236D8-LeaderElection203] INFO  impl.LeaderElection (LeaderElection.java:logAndReturn(56)) - 3989452c-7599-4156-9543-3fe544ced0f3@group-83CFD60236D8-LeaderElection203: Election TIMEOUT; received 0 response(s) [] and 0 exception(s); 3989452c-7599-4156-9543-3fe544ced0f3@group-83CFD60236D8:t211, leader=null, voted=3989452c-7599-4156-9543-3fe544ced0f3, raftlog=3989452c-7599-4156-9543-3fe544ced0f3@group-83CFD60236D8-SegmentedRaftLog:OPENED:c-1,f-1,i0, conf=-1: [3989452c-7599-4156-9543-3fe544ced0f3:192.168.157.254:36320, eec99a0c-e1b1-4518-bc49-9d1a8c8e04d5:192.168.157.254:45598, d9e6ea44-93db-446f-8020-a94232284285:192.168.157.254:41671], old=null
2019-10-16 22:15:09,898 [3989452c-7599-4156-9543-3fe544ced0f3@group-83CFD60236D8-LeaderElection203] INFO  impl.LeaderElection (LeaderElection.java:askForVotes(178)) - 3989452c-7599-4156-9543-3fe544ced0f3@group-83CFD60236D8-LeaderElection203: begin an election at term 212 for -1: [3989452c-7599-4156-9543-3fe544ced0f3:192.168.157.254:36320, eec99a0c-e1b1-4518-bc49-9d1a8c8e04d5:192.168.157.254:45598, d9e6ea44-93db-446f-8020-a94232284285:192.168.157.254:41671], old=null
2019-10-16 22:15:09,901 [grpc-default-executor-23] INFO  impl.RaftServerImpl (RaftServerImpl.java:setRole(184)) - eec99a0c-e1b1-4518-bc49-9d1a8c8e04d5@group-83CFD60236D8: changes role from  FOLLOWER to FOLLOWER at term 212 for recognizeCandidate:3989452c-7599-4156-9543-3fe544ced0f3
2019-10-16 22:15:09,901 [grpc-default-executor-18] INFO  impl.RaftServerImpl (RaftServerImpl.java:setRole(184)) - d9e6ea44-93db-446f-8020-a94232284285@group-83CFD60236D8: changes role from  FOLLOWER to FOLLOWER at term 212 for recognizeCandidate:3989452c-7599-4156-9543-3fe544ced0f3
2019-10-16 22:15:09,901 [grpc-default-executor-23] INFO  impl.RoleInfo (RoleInfo.java:shutdownFollowerState(121)) - eec99a0c-e1b1-4518-bc49-9d1a8c8e04d5: shutdown FollowerState
2019-10-16 22:15:09,901 [grpc-default-executor-18] INFO  impl.RoleInfo (RoleInfo.java:shutdownFollowerState(121)) - d9e6ea44-93db-446f-8020-a94232284285: shutdown FollowerState
2019-10-16 22:15:09,901 [grpc-default-executor-23] INFO  impl.RoleInfo (RoleInfo.java:updateAndGet(143)) - eec99a0c-e1b1-4518-bc49-9d1a8c8e04d5: start FollowerState
2019-10-16 22:15:09,902 [Thread-2240] INFO  impl.FollowerState (FollowerState.java:run(117)) - d9e6ea44-93db-446f-8020-a94232284285@group-83CFD60236D8-FollowerState was interrupted: java.lang.InterruptedException: sleep interrupted
2019-10-16 22:15:09,902 [grpc-default-executor-18] INFO  impl.RoleInfo (RoleInfo.java:updateAndGet(143)) - d9e6ea44-93db-446f-8020-a94232284285: start FollowerState
2019-10-16 22:15:09,902 [Thread-2241] INFO  impl.FollowerState (FollowerState.java:run(117)) - eec99a0c-e1b1-4518-bc49-9d1a8c8e04d5@group-83CFD60236D8-FollowerState was interrupted: java.lang.InterruptedException: sleep interrupted
2019-10-16 22:15:09,917 [3989452c-7599-4156-9543-3fe544ced0f3@group-83CFD60236D8-LeaderElection203] INFO  impl.LeaderElection (LeaderElection.java:logAndReturn(56)) - 3989452c-7599-4156-9543-3fe544ced0f3@group-83CFD60236D8-LeaderElection203: Election REJECTED; received 2 response(s) [3989452c-7599-4156-9543-3fe544ced0f3<-eec99a0c-e1b1-4518-bc49-9d1a8c8e04d5#0:FAIL-t212, 3989452c-7599-4156-9543-3fe544ced0f3<-d9e6ea44-93db-446f-8020-a94232284285#0:FAIL-t212] and 0 exception(s); 3989452c-7599-4156-9543-3fe544ced0f3@group-83CFD60236D8:t212, leader=null, voted=3989452c-7599-4156-9543-3fe544ced0f3, raftlog=3989452c-7599-4156-9543-3fe544ced0f3@group-83CFD60236D8-SegmentedRaftLog:OPENED:c-1,f-1,i0, conf=-1: [3989452c-7599-4156-9543-3fe544ced0f3:192.168.157.254:36320, eec99a0c-e1b1-4518-bc49-9d1a8c8e04d5:192.168.157.254:45598, d9e6ea44-93db-446f-8020-a94232284285:192.168.157.254:41671], old=null
2019-10-16 22:15:09,918 [3989452c-7599-4156-9543-3fe544ced0f3@group-83CFD60236D8-LeaderElection203] INFO  impl.RaftServerImpl (RaftServerImpl.java:setRole(184)) - 3989452c-7599-4156-9543-3fe544ced0f3@group-83CFD60236D8: changes role from CANDIDATE to FOLLOWER at term 212 for DISCOVERED_A_NEW_TERM
2019-10-16 22:15:09,918 [3989452c-7599-4156-9543-3fe544ced0f3@group-83CFD60236D8-LeaderElection203] INFO  impl.RoleInfo (RoleInfo.java:shutdownLeaderElection(134)) - 3989452c-7599-4156-9543-3fe544ced0f3: shutdown LeaderElection
2019-10-16 22:15:09,918 [3989452c-7599-4156-9543-3fe544ced0f3@group-83CFD60236D8-LeaderElection203] INFO  impl.RoleInfo (RoleInfo.java:updateAndGet(143)) - 3989452c-7599-4156-9543-3fe544ced0f3: start FollowerState
 0.00% |?                                                                                                    |  0/1 Time: 0:06:262019-10-16 22:15:10,083 [Thread-2246] INFO  impl.FollowerState (FollowerState.java:run(108)) - 3989452c-7599-4156-9543-3fe544ced0f3@group-83CFD60236D8-FollowerState: change to CANDIDATE, lastRpcTime:165ms, electionTimeout:165ms
2019-10-16 22:15:10,084 [Thread-2246] INFO  impl.RoleInfo (RoleInfo.java:shutdownFollowerState(121)) - 3989452c-7599-4156-9543-3fe544ced0f3: shutdown FollowerState
2019-10-16 22:15:10,084 [Thread-2246] INFO  impl.RaftServerImpl (RaftServerImpl.java:setRole(184)) - 3989452c-7599-4156-9543-3fe544ced0f3@group-83CFD60236D8: changes role from  FOLLOWER to CANDIDATE at term 212 for changeToCandidate
2019-10-16 22:15:10,085 [Thread-2246] INFO  impl.RoleInfo (RoleInfo.java:updateAndGet(143)) - 3989452c-7599-4156-9543-3fe544ced0f3: start LeaderElection
2019-10-16 22:15:10,100 [3989452c-7599-4156-9543-3fe544ced0f3@group-83CFD60236D8-LeaderElection204] INFO  impl.LeaderElection (LeaderElection.java:askForVotes(178)) - 3989452c-7599-4156-9543-3fe544ced0f3@group-83CFD60236D8-LeaderElection204: begin an election at term 213 for -1: [3989452c-7599-4156-9543-3fe544ced0f3:192.168.157.254:36320, eec99a0c-e1b1-4518-bc49-9d1a8c8e04d5:192.168.157.254:45598, d9e6ea44-93db-446f-8020-a94232284285:192.168.157.254:41671], old=null
2019-10-16 22:15:10,106 [grpc-default-executor-18] INFO  impl.RaftServerImpl (RaftServerImpl.java:setRole(184)) - d9e6ea44-93db-446f-8020-a94232284285@group-83CFD60236D8: changes role from  FOLLOWER to FOLLOWER at term 213 for recognizeCandidate:3989452c-7599-4156-9543-3fe544ced0f3
2019-10-16 22:15:10,106 [grpc-default-executor-23] INFO  impl.RaftServerImpl (RaftServerImpl.java:setRole(184)) - eec99a0c-e1b1-4518-bc49-9d1a8c8e04d5@group-83CFD60236D8: changes role from  FOLLOWER to FOLLOWER at term 213 for recognizeCandidate:3989452c-7599-4156-9543-3fe544ced0f3
2019-10-16 22:15:10,107 [grpc-default-executor-18] INFO  impl.RoleInfo (RoleInfo.java:shutdownFollowerState(121)) - d9e6ea44-93db-446f-8020-a94232284285: shutdown FollowerState
2019-10-16 22:15:10,107 [grpc-default-executor-23] INFO  impl.RoleInfo (RoleInfo.java:shutdownFollowerState(121)) - eec99a0c-e1b1-4518-bc49-9d1a8c8e04d5: shutdown FollowerState
2019-10-16 22:15:10,107 [grpc-default-executor-18] INFO  impl.RoleInfo (RoleInfo.java:updateAndGet(143)) - d9e6ea44-93db-446f-8020-a94232284285: start FollowerState
2019-10-16 22:15:10,107 [Thread-2244] INFO  impl.FollowerState (FollowerState.java:run(117)) - eec99a0c-e1b1-4518-bc49-9d1a8c8e04d5@group-83CFD60236D8-FollowerState was interrupted: java.lang.InterruptedException: sleep interrupted
2019-10-16 22:15:10,107 [grpc-default-executor-23] INFO  impl.RoleInfo (RoleInfo.java:updateAndGet(143)) - eec99a0c-e1b1-4518-bc49-9d1a8c8e04d5: start FollowerState
2019-10-16 22:15:10,107 [Thread-2245] INFO  impl.FollowerState (FollowerState.java:run(117)) - d9e6ea44-93db-446f-8020-a94232284285@group-83CFD60236D8-FollowerState was interrupted: java.lang.InterruptedException: sleep interrupted
2019-10-16 22:15:10,122 [3989452c-7599-4156-9543-3fe544ced0f3@group-83CFD60236D8-LeaderElection204] INFO  impl.LeaderElection (LeaderElection.java:logAndReturn(56)) - 3989452c-7599-4156-9543-3fe544ced0f3@group-83CFD60236D8-LeaderElection204: Election REJECTED; received 2 response(s) [3989452c-7599-4156-9543-3fe544ced0f3<-eec99a0c-e1b1-4518-bc49-9d1a8c8e04d5#0:FAIL-t213, 3989452c-7599-4156-9543-3fe544ced0f3<-d9e6ea44-93db-446f-8020-a94232284285#0:FAIL-t213] and 0 exception(s); 3989452c-7599-4156-9543-3fe544ced0f3@group-83CFD60236D8:t213, leader=null, voted=3989452c-7599-4156-9543-3fe544ced0f3, raftlog=3989452c-7599-4156-9543-3fe544ced0f3@group-83CFD60236D8-SegmentedRaftLog:OPENED:c-1,f-1,i0, conf=-1: [3989452c-7599-4156-9543-3fe544ced0f3:192.168.157.254:36320, eec99a0c-e1b1-4518-bc49-9d1a8c8e04d5:192.168.157.254:45598, d9e6ea44-93db-446f-8020-a94232284285:192.168.157.254:41671], old=null
2019-10-16 22:15:10,123 [3989452c-7599-4156-9543-3fe544ced0f3@group-83CFD60236D8-LeaderElection204] INFO  impl.RaftServerImpl (RaftServerImpl.java:setRole(184)) - 3989452c-7599-4156-9543-3fe544ced0f3@group-83CFD60236D8: changes role from CANDIDATE to FOLLOWER at term 213 for DISCOVERED_A_NEW_TERM
2019-10-16 22:15:10,123 [3989452c-7599-4156-9543-3fe544ced0f3@group-83CFD60236D8-LeaderElection204] INFO  impl.RoleInfo (RoleInfo.java:shutdownLeaderElection(134)) - 3989452c-7599-4156-9543-3fe544ced0f3: shutdown LeaderElection
2019-10-16 22:15:10,123 [3989452c-7599-4156-9543-3fe544ced0f3@group-83CFD60236D8-LeaderElection204] INFO  impl.RoleInfo (RoleInfo.java:updateAndGet(143)) - 3989452c-7599-4156-9543-3fe544ced0f3: start FollowerState
2019-10-16 22:15:10,223 [Thread-2252] INFO  impl.FollowerState (FollowerState.java:run(108)) - 3989452c-7599-4156-9543-3fe544ced0f3@group-83CFD60236D8-FollowerState: change to CANDIDATE, lastRpcTime:100ms, electionTimeout:100ms
2019-10-16 22:15:10,223 [Thread-2252] INFO  impl.RoleInfo (RoleInfo.java:shutdownFollowerState(121)) - 3989452c-7599-4156-9543-3fe544ced0f3: shutdown FollowerState
2019-10-16 22:15:10,224 [Thread-2252] INFO  impl.RaftServerImpl (RaftServerImpl.java:setRole(184)) - 3989452c-7599-4156-9543-3fe544ced0f3@group-83CFD60236D8: changes role from  FOLLOWER to CANDIDATE at term 213 for changeToCandidate
2019-10-16 22:15:10,224 [Thread-2252] INFO  impl.RoleInfo (RoleInfo.java:updateAndGet(143)) - 3989452c-7599-4156-9543-3fe544ced0f3: start LeaderElection
2019-10-16 22:15:10,238 [3989452c-7599-4156-9543-3fe544ced0f3@group-83CFD60236D8-LeaderElection205] INFO  impl.LeaderElection (LeaderElection.java:askForVotes(178)) - 3989452c-7599-4156-9543-3fe544ced0f3@group-83CFD60236D8-LeaderElection205: begin an election at term 214 for -1: [3989452c-7599-4156-9543-3fe544ced0f3:192.168.157.254:36320, eec99a0c-e1b1-4518-bc49-9d1a8c8e04d5:192.168.157.254:45598, d9e6ea44-93db-446f-8020-a94232284285:192.168.157.254:41671], old=null
2019-10-16 22:15:10,240 [grpc-default-executor-23] INFO  impl.RaftServerImpl (RaftServerImpl.java:setRole(184)) - eec99a0c-e1b1-4518-bc49-9d1a8c8e04d5@group-83CFD60236D8: changes role from  FOLLOWER to FOLLOWER at term 214 for recognizeCandidate:3989452c-7599-4156-9543-3fe544ced0f3
2019-10-16 22:15:10,240 [grpc-default-executor-23] INFO  impl.RoleInfo (RoleInfo.java:shutdownFollowerState(121)) - eec99a0c-e1b1-4518-bc49-9d1a8c8e04d5: shutdown FollowerState
2019-10-16 22:15:10,240 [grpc-default-executor-18] INFO  impl.RaftServerImpl (RaftServerImpl.java:setRole(184)) - d9e6ea44-93db-446f-8020-a94232284285@group-83CFD60236D8: changes role from  FOLLOWER to FOLLOWER at term 214 for recognizeCandidate:3989452c-7599-4156-9543-3fe544ced0f3
2019-10-16 22:15:10,240 [Thread-2251] INFO  impl.FollowerState (FollowerState.java:run(117)) - eec99a0c-e1b1-4518-bc49-9d1a8c8e04d5@group-83CFD60236D8-FollowerState was interrupted: java.lang.InterruptedException: sleep interrupted
2019-10-16 22:15:10,240 [grpc-default-executor-23] INFO  impl.RoleInfo (RoleInfo.java:updateAndGet(143)) - eec99a0c-e1b1-4518-bc49-9d1a8c8e04d5: start FollowerState
2019-10-16 22:15:10,240 [grpc-default-executor-18] INFO  impl.RoleInfo (RoleInfo.java:shutdownFollowerState(121)) - d9e6ea44-93db-446f-8020-a94232284285: shutdown FollowerState
2019-10-16 22:15:10,241 [grpc-default-executor-18] INFO  impl.RoleInfo (RoleInfo.java:updateAndGet(143)) - d9e6ea44-93db-446f-8020-a94232284285: start FollowerState
2019-10-16 22:15:10,241 [Thread-2250] INFO  impl.FollowerState (FollowerState.java:run(117)) - d9e6ea44-93db-446f-8020-a94232284285@group-83CFD60236D8-FollowerState was interrupted: java.lang.InterruptedException: sleep interrupted
2019-10-16 22:15:10,254 [3989452c-7599-4156-9543-3fe544ced0f3@group-83CFD60236D8-LeaderElection205] INFO  impl.LeaderElection (LeaderElection.java:logAndReturn(56)) - 3989452c-7599-4156-9543-3fe544ced0f3@group-83CFD60236D8-LeaderElection205: Election REJECTED; received 2 response(s) [3989452c-7599-4156-9543-3fe544ced0f3<-eec99a0c-e1b1-4518-bc49-9d1a8c8e04d5#0:FAIL-t214, 3989452c-7599-4156-9543-3fe544ced0f3<-d9e6ea44-93db-446f-8020-a94232284285#0:FAIL-t214] and 0 exception(s); 3989452c-7599-4156-9543-3fe544ced0f3@group-83CFD60236D8:t214, leader=null, voted=3989452c-7599-4156-9543-3fe544ced0f3, raftlog=3989452c-7599-4156-9543-3fe544ced0f3@group-83CFD60236D8-SegmentedRaftLog:OPENED:c-1,f-1,i0, conf=-1: [3989452c-7599-4156-9543-3fe544ced0f3:192.168.157.254:36320, eec99a0c-e1b1-4518-bc49-9d1a8c8e04d5:192.168.157.254:45598, d9e6ea44-93db-446f-8020-a94232284285:192.168.157.254:41671], old=null
2019-10-16 22:15:10,255 [3989452c-7599-4156-9543-3fe544ced0f3@group-83CFD60236D8-LeaderElection205] INFO  impl.RaftServerImpl (RaftServerImpl.java:setRole(184)) - 3989452c-7599-4156-9543-3fe544ced0f3@group-83CFD60236D8: changes role from CANDIDATE to FOLLOWER at term 214 for DISCOVERED_A_NEW_TERM
2019-10-16 22:15:10,255 [3989452c-7599-4156-9543-3fe544ced0f3@group-83CFD60236D8-LeaderElection205] INFO  impl.RoleInfo (RoleInfo.java:shutdownLeaderElection(134)) - 3989452c-7599-4156-9543-3fe544ced0f3: shutdown LeaderElection
2019-10-16 22:15:10,255 [3989452c-7599-4156-9543-3fe544ced0f3@group-83CFD60236D8-LeaderElection205] INFO  impl.RoleInfo (RoleInfo.java:updateAndGet(143)) - 3989452c-7599-4156-9543-3fe544ced0f3: start FollowerState
2019-10-16 22:15:10,377 [Thread-2258] INFO  impl.FollowerState (FollowerState.java:run(108)) - 3989452c-7599-4156-9543-3fe544ced0f3@group-83CFD60236D8-FollowerState: change to CANDIDATE, lastRpcTime:122ms, electionTimeout:122ms
2019-10-16 22:15:10,377 [Thread-2258] INFO  impl.RoleInfo (RoleInfo.java:shutdownFollowerState(121)) - 3989452c-7599-4156-9543-3fe544ced0f3: shutdown FollowerState
2019-10-16 22:15:10,377 [Thread-2258] INFO  impl.RaftServerImpl (RaftServerImpl.java:setRole(184)) - 3989452c-7599-4156-9543-3fe544ced0f3@group-83CFD60236D8: changes role from  FOLLOWER to CANDIDATE at term 214 for changeToCandidate
2019-10-16 22:15:10,378 [Thread-2258] INFO  impl.RoleInfo (RoleInfo.java:updateAndGet(143)) - 3989452c-7599-4156-9543-3fe544ced0f3: start LeaderElection
2019-10-16 22:15:10,391 [3989452c-7599-4156-9543-3fe544ced0f3@group-83CFD60236D8-LeaderElection206] INFO  impl.LeaderElection (LeaderElection.java:askForVotes(178)) - 3989452c-7599-4156-9543-3fe544ced0f3@group-83CFD60236D8-LeaderElection206: begin an election at term 215 for -1: [3989452c-7599-4156-9543-3fe544ced0f3:192.168.157.254:36320, eec99a0c-e1b1-4518-bc49-9d1a8c8e04d5:192.168.157.254:45598, d9e6ea44-93db-446f-8020-a94232284285:192.168.157.254:41671], old=null
2019-10-16 22:15:10,392 [grpc-default-executor-23] INFO  impl.RaftServerImpl (RaftServerImpl.java:setRole(184)) - eec99a0c-e1b1-4518-bc49-9d1a8c8e04d5@group-83CFD60236D8: changes role from  FOLLOWER to FOLLOWER at term 215 for recognizeCandidate:3989452c-7599-4156-9543-3fe544ced0f3
2019-10-16 22:15:10,392 [grpc-default-executor-23] INFO  impl.RoleInfo (RoleInfo.java:shutdownFollowerState(121)) - eec99a0c-e1b1-4518-bc49-9d1a8c8e04d5: shutdown FollowerState
2019-10-16 22:15:10,392 [grpc-default-executor-18] INFO  impl.RaftServerImpl (RaftServerImpl.java:setRole(184)) - d9e6ea44-93db-446f-8020-a94232284285@group-83CFD60236D8: changes role from  FOLLOWER to FOLLOWER at term 215 for recognizeCandidate:3989452c-7599-4156-9543-3fe544ced0f3
2019-10-16 22:15:10,393 [grpc-default-executor-18] INFO  impl.RoleInfo (RoleInfo.java:shutdownFollowerState(121)) - d9e6ea44-93db-446f-8020-a94232284285: shutdown FollowerState
2019-10-16 22:15:10,392 [Thread-2256] INFO  impl.FollowerState (FollowerState.java:run(117)) - eec99a0c-e1b1-4518-bc49-9d1a8c8e04d5@group-83CFD60236D8-FollowerState was interrupted: java.lang.InterruptedException: sleep interrupted
2019-10-16 22:15:10,392 [grpc-default-executor-23] INFO  impl.RoleInfo (RoleInfo.java:updateAndGet(143)) - eec99a0c-e1b1-4518-bc49-9d1a8c8e04d5: start FollowerState
2019-10-16 22:15:10,393 [grpc-default-executor-18] INFO  impl.RoleInfo (RoleInfo.java:updateAndGet(143)) - d9e6ea44-93db-446f-8020-a94232284285: start FollowerState
2019-10-16 22:15:10,393 [Thread-2257] INFO  impl.FollowerState (FollowerState.java:run(117)) - d9e6ea44-93db-446f-8020-a94232284285@group-83CFD60236D8-FollowerState was interrupted: java.lang.InterruptedException: sleep interrupted
2019-10-16 22:15:10,419 [3989452c-7599-4156-9543-3fe544ced0f3@group-83CFD60236D8-LeaderElection206] INFO  impl.LeaderElection (LeaderElection.java:logAndReturn(56)) - 3989452c-7599-4156-9543-3fe544ced0f3@group-83CFD60236D8-LeaderElection206: Election REJECTED; received 2 response(s) [3989452c-7599-4156-9543-3fe544ced0f3<-eec99a0c-e1b1-4518-bc49-9d1a8c8e04d5#0:FAIL-t215, 3989452c-7599-4156-9543-3fe544ced0f3<-d9e6ea44-93db-446f-8020-a94232284285#0:FAIL-t215] and 0 exception(s); 3989452c-7599-4156-9543-3fe544ced0f3@group-83CFD60236D8:t215, leader=null, voted=3989452c-7599-4156-9543-3fe544ced0f3, raftlog=3989452c-7599-4156-9543-3fe544ced0f3@group-83CFD60236D8-SegmentedRaftLog:OPENED:c-1,f-1,i0, conf=-1: [3989452c-7599-4156-9543-3fe544ced0f3:192.168.157.254:36320, eec99a0c-e1b1-4518-bc49-9d1a8c8e04d5:192.168.157.254:45598, d9e6ea44-93db-446f-8020-a94232284285:192.168.157.254:41671], old=null
2019-10-16 22:15:10,420 [3989452c-7599-4156-9543-3fe544ced0f3@group-83CFD60236D8-LeaderElection206] INFO  impl.RaftServerImpl (RaftServerImpl.java:setRole(184)) - 3989452c-7599-4156-9543-3fe544ced0f3@group-83CFD60236D8: changes role from CANDIDATE to FOLLOWER at term 215 for DISCOVERED_A_NEW_TERM
2019-10-16 22:15:10,420 [3989452c-7599-4156-9543-3fe544ced0f3@group-83CFD60236D8-LeaderElection206] INFO  impl.RoleInfo (RoleInfo.java:shutdownLeaderElection(134)) - 3989452c-7599-4156-9543-3fe544ced0f3: shutdown LeaderElection
2019-10-16 22:15:10,420 [3989452c-7599-4156-9543-3fe544ced0f3@group-83CFD60236D8-LeaderElection206] INFO  impl.RoleInfo (RoleInfo.java:updateAndGet(143)) - 3989452c-7599-4156-9543-3fe544ced0f3: start FollowerState
2019-10-16 22:15:10,434 [Thread-2264] INFO  impl.FollowerState (FollowerState.java:run(108)) - 3989452c-7599-4156-9543-3fe544ced0f3@group-83CFD60236D8-FollowerState: change to CANDIDATE, lastRpcTime:14ms, electionTimeout:14ms
2019-10-16 22:15:10,434 [Thread-2264] INFO  impl.RoleInfo (RoleInfo.java:shutdownFollowerState(121)) - 3989452c-7599-4156-9543-3fe544ced0f3: shutdown FollowerState
2019-10-16 22:15:10,434 [Thread-2264] INFO  impl.RaftServerImpl (RaftServerImpl.java:setRole(184)) - 3989452c-7599-4156-9543-3fe544ced0f3@group-83CFD60236D8: changes role from  FOLLOWER to CANDIDATE at term 215 for changeToCandidate
2019-10-16 22:15:10,435 [Thread-2264] INFO  impl.RoleInfo (RoleInfo.java:updateAndGet(143)) - 3989452c-7599-4156-9543-3fe544ced0f3: start LeaderElection
2019-10-16 22:15:10,447 [3989452c-7599-4156-9543-3fe544ced0f3@group-83CFD60236D8-LeaderElection207] INFO  impl.LeaderElection (LeaderElection.java:askForVotes(178)) - 3989452c-7599-4156-9543-3fe544ced0f3@group-83CFD60236D8-LeaderElection207: begin an election at term 216 for -1: [3989452c-7599-4156-9543-3fe544ced0f3:192.168.157.254:36320, eec99a0c-e1b1-4518-bc49-9d1a8c8e04d5:192.168.157.254:45598, d9e6ea44-93db-446f-8020-a94232284285:192.168.157.254:41671], old=null
2019-10-16 22:15:10,449 [grpc-default-executor-18] INFO  impl.RaftServerImpl (RaftServerImpl.java:setRole(184)) - eec99a0c-e1b1-4518-bc49-9d1a8c8e04d5@group-83CFD60236D8: changes role from  FOLLOWER to FOLLOWER at term 216 for recognizeCandidate:3989452c-7599-4156-9543-3fe544ced0f3
2019-10-16 22:15:10,449 [grpc-default-executor-18] INFO  impl.RoleInfo (RoleInfo.java:shutdownFollowerState(121)) - eec99a0c-e1b1-4518-bc49-9d1a8c8e04d5: shutdown FollowerState
2019-10-16 22:15:10,449 [grpc-default-executor-18] INFO  impl.RoleInfo (RoleInfo.java:updateAndGet(143)) - eec99a0c-e1b1-4518-bc49-9d1a8c8e04d5: start FollowerState
2019-10-16 22:15:10,449 [Thread-2262] INFO  impl.FollowerState (FollowerState.java:run(117)) - eec99a0c-e1b1-4518-bc49-9d1a8c8e04d5@group-83CFD60236D8-FollowerState was interrupted: java.lang.InterruptedException: sleep interrupted
2019-10-16 22:15:10,449 [grpc-default-executor-23] INFO  impl.RaftServerImpl (RaftServerImpl.java:setRole(184)) - d9e6ea44-93db-446f-8020-a94232284285@group-83CFD60236D8: changes role from  FOLLOWER to FOLLOWER at term 216 for recognizeCandidate:3989452c-7599-4156-9543-3fe544ced0f3
2019-10-16 22:15:10,450 [grpc-default-executor-23] INFO  impl.RoleInfo (RoleInfo.java:shutdownFollowerState(121)) - d9e6ea44-93db-446f-8020-a94232284285: shutdown FollowerState
2019-10-16 22:15:10,450 [grpc-default-executor-23] INFO  impl.RoleInfo (RoleInfo.java:updateAndGet(143)) - d9e6ea44-93db-446f-8020-a94232284285: start FollowerState
2019-10-16 22:15:10,450 [Thread-2263] INFO  impl.FollowerState (FollowerState.java:run(117)) - d9e6ea44-93db-446f-8020-a94232284285@group-83CFD60236D8-FollowerState was interrupted: java.lang.InterruptedException: sleep interrupted
2019-10-16 22:15:10,465 [3989452c-7599-4156-9543-3fe544ced0f3@group-83CFD60236D8-LeaderElection207] INFO  impl.LeaderElection (LeaderElection.java:logAndReturn(56)) - 3989452c-7599-4156-9543-3fe544ced0f3@group-83CFD60236D8-LeaderElection207: Election REJECTED; received 2 response(s) [3989452c-7599-4156-9543-3fe544ced0f3<-eec99a0c-e1b1-4518-bc49-9d1a8c8e04d5#0:FAIL-t216, 3989452c-7599-4156-9543-3fe544ced0f3<-d9e6ea44-93db-446f-8020-a94232284285#0:FAIL-t216] and 0 exception(s); 3989452c-7599-4156-9543-3fe544ced0f3@group-83CFD60236D8:t216, leader=null, voted=3989452c-7599-4156-9543-3fe544ced0f3, raftlog=3989452c-7599-4156-9543-3fe544ced0f3@group-83CFD60236D8-SegmentedRaftLog:OPENED:c-1,f-1,i0, conf=-1: [3989452c-7599-4156-9543-3fe544ced0f3:192.168.157.254:36320, eec99a0c-e1b1-4518-bc49-9d1a8c8e04d5:192.168.157.254:45598, d9e6ea44-93db-446f-8020-a94232284285:192.168.157.254:41671], old=null
2019-10-16 22:15:10,465 [3989452c-7599-4156-9543-3fe544ced0f3@group-83CFD60236D8-LeaderElection207] INFO  impl.RaftServerImpl (RaftServerImpl.java:setRole(184)) - 3989452c-7599-4156-9543-3fe544ced0f3@group-83CFD60236D8: changes role from CANDIDATE to FOLLOWER at term 216 for DISCOVERED_A_NEW_TERM
2019-10-16 22:15:10,465 [3989452c-7599-4156-9543-3fe544ced0f3@group-83CFD60236D8-LeaderElection207] INFO  impl.RoleInfo (RoleInfo.java:shutdownLeaderElection(134)) - 3989452c-7599-4156-9543-3fe544ced0f3: shutdown LeaderElection
2019-10-16 22:15:10,465 [3989452c-7599-4156-9543-3fe544ced0f3@group-83CFD60236D8-LeaderElection207] INFO  impl.RoleInfo (RoleInfo.java:updateAndGet(143)) - 3989452c-7599-4156-9543-3fe544ced0f3: start FollowerState
2019-10-16 22:15:10,571 [Thread-2270] INFO  impl.FollowerState (FollowerState.java:run(108)) - 3989452c-7599-4156-9543-3fe544ced0f3@group-83CFD60236D8-FollowerState: change to CANDIDATE, lastRpcTime:105ms, electionTimeout:105ms
2019-10-16 22:15:10,571 [Thread-2270] INFO  impl.RoleInfo (RoleInfo.java:shutdownFollowerState(121)) - 3989452c-7599-4156-9543-3fe544ced0f3: shutdown FollowerState
2019-10-16 22:15:10,571 [Thread-2270] INFO  impl.RaftServerImpl (RaftServerImpl.java:setRole(184)) - 3989452c-7599-4156-9543-3fe544ced0f3@group-83CFD60236D8: changes role from  FOLLOWER to CANDIDATE at term 216 for changeToCandidate
2019-10-16 22:15:10,571 [Thread-2270] INFO  impl.RoleInfo (RoleInfo.java:updateAndGet(143)) - 3989452c-7599-4156-9543-3fe544ced0f3: start LeaderElection
2019-10-16 22:15:10,598 [3989452c-7599-4156-9543-3fe544ced0f3@group-83CFD60236D8-LeaderElection208] INFO  impl.LeaderElection (LeaderElection.java:askForVotes(178)) - 3989452c-7599-4156-9543-3fe544ced0f3@group-83CFD60236D8-LeaderElection208: begin an election at term 217 for -1: [3989452c-7599-4156-9543-3fe544ced0f3:192.168.157.254:36320, eec99a0c-e1b1-4518-bc49-9d1a8c8e04d5:192.168.157.254:45598, d9e6ea44-93db-446f-8020-a94232284285:192.168.157.254:41671], old=null
2019-10-16 22:15:10,600 [grpc-default-executor-23] INFO  impl.RaftServerImpl (RaftServerImpl.java:setRole(184)) - eec99a0c-e1b1-4518-bc49-9d1a8c8e04d5@group-83CFD60236D8: changes role from  FOLLOWER to FOLLOWER at term 217 for recognizeCandidate:3989452c-7599-4156-9543-3fe544ced0f3
2019-10-16 22:15:10,600 [grpc-default-executor-18] INFO  impl.RaftServerImpl (RaftServerImpl.java:setRole(184)) - d9e6ea44-93db-446f-8020-a94232284285@group-83CFD60236D8: changes role from  FOLLOWER to FOLLOWER at term 217 for recognizeCandidate:3989452c-7599-4156-9543-3fe544ced0f3
2019-10-16 22:15:10,600 [grpc-default-executor-23] INFO  impl.RoleInfo (RoleInfo.java:shutdownFollowerState(121)) - eec99a0c-e1b1-4518-bc49-9d1a8c8e04d5: shutdown FollowerState
2019-10-16 22:15:10,600 [grpc-default-executor-18] INFO  impl.RoleInfo (RoleInfo.java:shutdownFollowerState(121)) - d9e6ea44-93db-446f-8020-a94232284285: shutdown FollowerState
2019-10-16 22:15:10,600 [Thread-2268] INFO  impl.FollowerState (FollowerState.java:run(117)) - eec99a0c-e1b1-4518-bc49-9d1a8c8e04d5@group-83CFD60236D8-FollowerState was interrupted: java.lang.InterruptedException: sleep interrupted
2019-10-16 22:15:10,600 [grpc-default-executor-23] INFO  impl.RoleInfo (RoleInfo.java:updateAndGet(143)) - eec99a0c-e1b1-4518-bc49-9d1a8c8e04d5: start FollowerState
2019-10-16 22:15:10,600 [grpc-default-executor-18] INFO  impl.RoleInfo (RoleInfo.java:updateAndGet(143)) - d9e6ea44-93db-446f-8020-a94232284285: start FollowerState
2019-10-16 22:15:10,600 [Thread-2269] INFO  impl.FollowerState (FollowerState.java:run(117)) - d9e6ea44-93db-446f-8020-a94232284285@group-83CFD60236D8-FollowerState was interrupted: java.lang.InterruptedException: sleep interrupted
2019-10-16 22:15:10,615 [3989452c-7599-4156-9543-3fe544ced0f3@group-83CFD60236D8-LeaderElection208] INFO  impl.LeaderElection (LeaderElection.java:logAndReturn(56)) - 3989452c-7599-4156-9543-3fe544ced0f3@group-83CFD60236D8-LeaderElection208: Election REJECTED; received 2 response(s) [3989452c-7599-4156-9543-3fe544ced0f3<-eec99a0c-e1b1-4518-bc49-9d1a8c8e04d5#0:FAIL-t217, 3989452c-7599-4156-9543-3fe544ced0f3<-d9e6ea44-93db-446f-8020-a94232284285#0:FAIL-t217] and 0 exception(s); 3989452c-7599-4156-9543-3fe544ced0f3@group-83CFD60236D8:t217, leader=null, voted=3989452c-7599-4156-9543-3fe544ced0f3, raftlog=3989452c-7599-4156-9543-3fe544ced0f3@group-83CFD60236D8-SegmentedRaftLog:OPENED:c-1,f-1,i0, conf=-1: [3989452c-7599-4156-9543-3fe544ced0f3:192.168.157.254:36320, eec99a0c-e1b1-4518-bc49-9d1a8c8e04d5:192.168.157.254:45598, d9e6ea44-93db-446f-8020-a94232284285:192.168.157.254:41671], old=null
2019-10-16 22:15:10,615 [3989452c-7599-4156-9543-3fe544ced0f3@group-83CFD60236D8-LeaderElection208] INFO  impl.RaftServerImpl (RaftServerImpl.java:setRole(184)) - 3989452c-7599-4156-9543-3fe544ced0f3@group-83CFD60236D8: changes role from CANDIDATE to FOLLOWER at term 217 for DISCOVERED_A_NEW_TERM
2019-10-16 22:15:10,615 [3989452c-7599-4156-9543-3fe544ced0f3@group-83CFD60236D8-LeaderElection208] INFO  impl.RoleInfo (RoleInfo.java:shutdownLeaderElection(134)) - 3989452c-7599-4156-9543-3fe544ced0f3: shutdown LeaderElection
2019-10-16 22:15:10,615 [3989452c-7599-4156-9543-3fe544ced0f3@group-83CFD60236D8-LeaderElection208] INFO  impl.RoleInfo (RoleInfo.java:updateAndGet(143)) - 3989452c-7599-4156-9543-3fe544ced0f3: start FollowerState
2019-10-16 22:15:10,623 [Thread-2276] INFO  impl.FollowerState (FollowerState.java:run(108)) - 3989452c-7599-4156-9543-3fe544ced0f3@group-83CFD60236D8-FollowerState: change to CANDIDATE, lastRpcTime:8ms, electionTimeout:8ms
2019-10-16 22:15:10,624 [Thread-2276] INFO  impl.RoleInfo (RoleInfo.java:shutdownFollowerState(121)) - 3989452c-7599-4156-9543-3fe544ced0f3: shutdown FollowerState
2019-10-16 22:15:10,624 [Thread-2276] INFO  impl.RaftServerImpl (RaftServerImpl.java:setRole(184)) - 3989452c-7599-4156-9543-3fe544ced0f3@group-83CFD60236D8: changes role from  FOLLOWER to CANDIDATE at term 217 for changeToCandidate
2019-10-16 22:15:10,624 [Thread-2276] INFO  impl.RoleInfo (RoleInfo.java:updateAndGet(143)) - 3989452c-7599-4156-9543-3fe544ced0f3: start LeaderElection
2019-10-16 22:15:10,637 [3989452c-7599-4156-9543-3fe544ced0f3@group-83CFD60236D8-LeaderElection209] INFO  impl.LeaderElection (LeaderElection.java:askForVotes(178)) - 3989452c-7599-4156-9543-3fe544ced0f3@group-83CFD60236D8-LeaderElection209: begin an election at term 218 for -1: [3989452c-7599-4156-9543-3fe544ced0f3:192.168.157.254:36320, eec99a0c-e1b1-4518-bc49-9d1a8c8e04d5:192.168.157.254:45598, d9e6ea44-93db-446f-8020-a94232284285:192.168.157.254:41671], old=null
2019-10-16 22:15:10,639 [grpc-default-executor-23] INFO  impl.RaftServerImpl (RaftServerImpl.java:setRole(184)) - eec99a0c-e1b1-4518-bc49-9d1a8c8e04d5@group-83CFD60236D8: changes role from  FOLLOWER to FOLLOWER at term 218 for recognizeCandidate:3989452c-7599-4156-9543-3fe544ced0f3
2019-10-16 22:15:10,639 [grpc-default-executor-23] INFO  impl.RoleInfo (RoleInfo.java:shutdownFollowerState(121)) - eec99a0c-e1b1-4518-bc49-9d1a8c8e04d5: shutdown FollowerState
2019-10-16 22:15:10,639 [grpc-default-executor-23] INFO  impl.RoleInfo (RoleInfo.java:updateAndGet(143)) - eec99a0c-e1b1-4518-bc49-9d1a8c8e04d5: start FollowerState
2019-10-16 22:15:10,639 [grpc-default-executor-18] INFO  impl.RaftServerImpl (RaftServerImpl.java:setRole(184)) - d9e6ea44-93db-446f-8020-a94232284285@group-83CFD60236D8: changes role from  FOLLOWER to FOLLOWER at term 218 for recognizeCandidate:3989452c-7599-4156-9543-3fe544ced0f3
2019-10-16 22:15:10,639 [Thread-2274] INFO  impl.FollowerState (FollowerState.java:run(117)) - eec99a0c-e1b1-4518-bc49-9d1a8c8e04d5@group-83CFD60236D8-FollowerState was interrupted: java.lang.InterruptedException: sleep interrupted
2019-10-16 22:15:10,639 [grpc-default-executor-18] INFO  impl.RoleInfo (RoleInfo.java:shutdownFollowerState(121)) - d9e6ea44-93db-446f-8020-a94232284285: shutdown FollowerState
2019-10-16 22:15:10,640 [grpc-default-executor-18] INFO  impl.RoleInfo (RoleInfo.java:updateAndGet(143)) - d9e6ea44-93db-446f-8020-a94232284285: start FollowerState
2019-10-16 22:15:10,640 [Thread-2275] INFO  impl.FollowerState (FollowerState.java:run(117)) - d9e6ea44-93db-446f-8020-a94232284285@group-83CFD60236D8-FollowerState was interrupted: java.lang.InterruptedException: sleep interrupted
2019-10-16 22:15:10,654 [3989452c-7599-4156-9543-3fe544ced0f3@group-83CFD60236D8-LeaderElection209] INFO  impl.LeaderElection (LeaderElection.java:logAndReturn(56)) - 3989452c-7599-4156-9543-3fe544ced0f3@group-83CFD60236D8-LeaderElection209: Election REJECTED; received 2 response(s) [3989452c-7599-4156-9543-3fe544ced0f3<-eec99a0c-e1b1-4518-bc49-9d1a8c8e04d5#0:FAIL-t218, 3989452c-7599-4156-9543-3fe544ced0f3<-d9e6ea44-93db-446f-8020-a94232284285#0:FAIL-t218] and 0 exception(s); 3989452c-7599-4156-9543-3fe544ced0f3@group-83CFD60236D8:t218, leader=null, voted=3989452c-7599-4156-9543-3fe544ced0f3, raftlog=3989452c-7599-4156-9543-3fe544ced0f3@group-83CFD60236D8-SegmentedRaftLog:OPENED:c-1,f-1,i0, conf=-1: [3989452c-7599-4156-9543-3fe544ced0f3:192.168.157.254:36320, eec99a0c-e1b1-4518-bc49-9d1a8c8e04d5:192.168.157.254:45598, d9e6ea44-93db-446f-8020-a94232284285:192.168.157.254:41671], old=null
2019-10-16 22:15:10,654 [3989452c-7599-4156-9543-3fe544ced0f3@group-83CFD60236D8-LeaderElection209] INFO  impl.RaftServerImpl (RaftServerImpl.java:setRole(184)) - 3989452c-7599-4156-9543-3fe544ced0f3@group-83CFD60236D8: changes role from CANDIDATE to FOLLOWER at term 218 for DISCOVERED_A_NEW_TERM
2019-10-16 22:15:10,654 [3989452c-7599-4156-9543-3fe544ced0f3@group-83CFD60236D8-LeaderElection209] INFO  impl.RoleInfo (RoleInfo.java:shutdownLeaderElection(134)) - 3989452c-7599-4156-9543-3fe544ced0f3: shutdown LeaderElection
2019-10-16 22:15:10,654 [3989452c-7599-4156-9543-3fe544ced0f3@group-83CFD60236D8-LeaderElection209] INFO  impl.RoleInfo (RoleInfo.java:updateAndGet(143)) - 3989452c-7599-4156-9543-3fe544ced0f3: start FollowerState
2019-10-16 22:15:10,753 [Thread-2282] INFO  impl.FollowerState (FollowerState.java:run(108)) - 3989452c-7599-4156-9543-3fe544ced0f3@group-83CFD60236D8-FollowerState: change to CANDIDATE, lastRpcTime:98ms, electionTimeout:98ms
2019-10-16 22:15:10,753 [Thread-2282] INFO  impl.RoleInfo (RoleInfo.java:shutdownFollowerState(121)) - 3989452c-7599-4156-9543-3fe544ced0f3: shutdown FollowerState
2019-10-16 22:15:10,753 [Thread-2282] INFO  impl.RaftServerImpl (RaftServerImpl.java:setRole(184)) - 3989452c-7599-4156-9543-3fe544ced0f3@group-83CFD60236D8: changes role from  FOLLOWER to CANDIDATE at term 218 for changeToCandidate
2019-10-16 22:15:10,753 [Thread-2282] INFO  impl.RoleInfo (RoleInfo.java:updateAndGet(143)) - 3989452c-7599-4156-9543-3fe544ced0f3: start LeaderElection
2019-10-16 22:15:10,786 [3989452c-7599-4156-9543-3fe544ced0f3@group-83CFD60236D8-LeaderElection210] INFO  impl.LeaderElection (LeaderElection.java:askForVotes(178)) - 3989452c-7599-4156-9543-3fe544ced0f3@group-83CFD60236D8-LeaderElection210: begin an election at term 219 for -1: [3989452c-7599-4156-9543-3fe544ced0f3:192.168.157.254:36320, eec99a0c-e1b1-4518-bc49-9d1a8c8e04d5:192.168.157.254:45598, d9e6ea44-93db-446f-8020-a94232284285:192.168.157.254:41671], old=null
2019-10-16 22:15:10,788 [grpc-default-executor-23] INFO  impl.RaftServerImpl (RaftServerImpl.java:setRole(184)) - eec99a0c-e1b1-4518-bc49-9d1a8c8e04d5@group-83CFD60236D8: changes role from  FOLLOWER to FOLLOWER at term 219 for recognizeCandidate:3989452c-7599-4156-9543-3fe544ced0f3
2019-10-16 22:15:10,788 [grpc-default-executor-23] INFO  impl.RoleInfo (RoleInfo.java:shutdownFollowerState(121)) - eec99a0c-e1b1-4518-bc49-9d1a8c8e04d5: shutdown FollowerState
2019-10-16 22:15:10,788 [grpc-default-executor-18] INFO  impl.RaftServerImpl (RaftServerImpl.java:setRole(184)) - d9e6ea44-93db-446f-8020-a94232284285@group-83CFD60236D8: changes role from  FOLLOWER to FOLLOWER at term 219 for recognizeCandidate:3989452c-7599-4156-9543-3fe544ced0f3
2019-10-16 22:15:10,788 [Thread-2280] INFO  impl.FollowerState (FollowerState.java:run(117)) - eec99a0c-e1b1-4518-bc49-9d1a8c8e04d5@group-83CFD60236D8-FollowerState was interrupted: java.lang.InterruptedException: sleep interrupted
2019-10-16 22:15:10,788 [grpc-default-executor-23] INFO  impl.RoleInfo (RoleInfo.java:updateAndGet(143)) - eec99a0c-e1b1-4518-bc49-9d1a8c8e04d5: start FollowerState
2019-10-16 22:15:10,788 [grpc-default-executor-18] INFO  impl.RoleInfo (RoleInfo.java:shutdownFollowerState(121)) - d9e6ea44-93db-446f-8020-a94232284285: shutdown FollowerState
2019-10-16 22:15:10,789 [Thread-2281] INFO  impl.FollowerState (FollowerState.java:run(117)) - d9e6ea44-93db-446f-8020-a94232284285@group-83CFD60236D8-FollowerState was interrupted: java.lang.InterruptedException: sleep interrupted
2019-10-16 22:15:10,789 [grpc-default-executor-18] INFO  impl.RoleInfo (RoleInfo.java:updateAndGet(143)) - d9e6ea44-93db-446f-8020-a94232284285: start FollowerState
2019-10-16 22:15:10,804 [3989452c-7599-4156-9543-3fe544ced0f3@group-83CFD60236D8-LeaderElection210] INFO  impl.LeaderElection (LeaderElection.java:logAndReturn(56)) - 3989452c-7599-4156-9543-3fe544ced0f3@group-83CFD60236D8-LeaderElection210: Election REJECTED; received 2 response(s) [3989452c-7599-4156-9543-3fe544ced0f3<-eec99a0c-e1b1-4518-bc49-9d1a8c8e04d5#0:FAIL-t219, 3989452c-7599-4156-9543-3fe544ced0f3<-d9e6ea44-93db-446f-8020-a94232284285#0:FAIL-t219] and 0 exception(s); 3989452c-7599-4156-9543-3fe544ced0f3@group-83CFD60236D8:t219, leader=null, voted=3989452c-7599-4156-9543-3fe544ced0f3, raftlog=3989452c-7599-4156-9543-3fe544ced0f3@group-83CFD60236D8-SegmentedRaftLog:OPENED:c-1,f-1,i0, conf=-1: [3989452c-7599-4156-9543-3fe544ced0f3:192.168.157.254:36320, eec99a0c-e1b1-4518-bc49-9d1a8c8e04d5:192.168.157.254:45598, d9e6ea44-93db-446f-8020-a94232284285:192.168.157.254:41671], old=null
2019-10-16 22:15:10,804 [3989452c-7599-4156-9543-3fe544ced0f3@group-83CFD60236D8-LeaderElection210] INFO  impl.RaftServerImpl (RaftServerImpl.java:setRole(184)) - 3989452c-7599-4156-9543-3fe544ced0f3@group-83CFD60236D8: changes role from CANDIDATE to FOLLOWER at term 219 for DISCOVERED_A_NEW_TERM
2019-10-16 22:15:10,804 [3989452c-7599-4156-9543-3fe544ced0f3@group-83CFD60236D8-LeaderElection210] INFO  impl.RoleInfo (RoleInfo.java:shutdownLeaderElection(134)) - 3989452c-7599-4156-9543-3fe544ced0f3: shutdown LeaderElection
2019-10-16 22:15:10,804 [3989452c-7599-4156-9543-3fe544ced0f3@group-83CFD60236D8-LeaderElection210] INFO  impl.RoleInfo (RoleInfo.java:updateAndGet(143)) - 3989452c-7599-4156-9543-3fe544ced0f3: start FollowerState
2019-10-16 22:15:10,819 [Thread-2288] INFO  impl.FollowerState (FollowerState.java:run(108)) - 3989452c-7599-4156-9543-3fe544ced0f3@group-83CFD60236D8-FollowerState: change to CANDIDATE, lastRpcTime:14ms, electionTimeout:14ms
2019-10-16 22:15:10,819 [Thread-2288] INFO  impl.RoleInfo (RoleInfo.java:shutdownFollowerState(121)) - 3989452c-7599-4156-9543-3fe544ced0f3: shutdown FollowerState
2019-10-16 22:15:10,819 [Thread-2288] INFO  impl.RaftServerImpl (RaftServerImpl.java:setRole(184)) - 3989452c-7599-4156-9543-3fe544ced0f3@group-83CFD60236D8: changes role from  FOLLOWER to CANDIDATE at term 219 for changeToCandidate
2019-10-16 22:15:10,819 [Thread-2288] INFO  impl.RoleInfo (RoleInfo.java:updateAndGet(143)) - 3989452c-7599-4156-9543-3fe544ced0f3: start LeaderElection
2019-10-16 22:15:10,834 [3989452c-7599-4156-9543-3fe544ced0f3@group-83CFD60236D8-LeaderElection211] INFO  impl.LeaderElection (LeaderElection.java:askForVotes(178)) - 3989452c-7599-4156-9543-3fe544ced0f3@group-83CFD60236D8-LeaderElection211: begin an election at term 220 for -1: [3989452c-7599-4156-9543-3fe544ced0f3:192.168.157.254:36320, eec99a0c-e1b1-4518-bc49-9d1a8c8e04d5:192.168.157.254:45598, d9e6ea44-93db-446f-8020-a94232284285:192.168.157.254:41671], old=null
2019-10-16 22:15:10,836 [grpc-default-executor-23] INFO  impl.RaftServerImpl (RaftServerImpl.java:setRole(184)) - eec99a0c-e1b1-4518-bc49-9d1a8c8e04d5@group-83CFD60236D8: changes role from  FOLLOWER to FOLLOWER at term 220 for recognizeCandidate:3989452c-7599-4156-9543-3fe544ced0f3
2019-10-16 22:15:10,836 [grpc-default-executor-23] INFO  impl.RoleInfo (RoleInfo.java:shutdownFollowerState(121)) - eec99a0c-e1b1-4518-bc49-9d1a8c8e04d5: shutdown FollowerState
2019-10-16 22:15:10,836 [grpc-default-executor-18] INFO  impl.RaftServerImpl (RaftServerImpl.java:setRole(184)) - d9e6ea44-93db-446f-8020-a94232284285@group-83CFD60236D8: changes role from  FOLLOWER to FOLLOWER at term 220 for recognizeCandidate:3989452c-7599-4156-9543-3fe544ced0f3
2019-10-16 22:15:10,836 [Thread-2286] INFO  impl.FollowerState (FollowerState.java:run(117)) - eec99a0c-e1b1-4518-bc49-9d1a8c8e04d5@group-83CFD60236D8-FollowerState was interrupted: java.lang.InterruptedException: sleep interrupted
2019-10-16 22:15:10,836 [grpc-default-executor-23] INFO  impl.RoleInfo (RoleInfo.java:updateAndGet(143)) - eec99a0c-e1b1-4518-bc49-9d1a8c8e04d5: start FollowerState
2019-10-16 22:15:10,836 [grpc-default-executor-18] INFO  impl.RoleInfo (RoleInfo.java:shutdownFollowerState(121)) - d9e6ea44-93db-446f-8020-a94232284285: shutdown FollowerState
2019-10-16 22:15:10,837 [grpc-default-executor-18] INFO  impl.RoleInfo (RoleInfo.java:updateAndGet(143)) - d9e6ea44-93db-446f-8020-a94232284285: start FollowerState
2019-10-16 22:15:10,837 [Thread-2287] INFO  impl.FollowerState (FollowerState.java:run(117)) - d9e6ea44-93db-446f-8020-a94232284285@group-83CFD60236D8-FollowerState was interrupted: java.lang.InterruptedException: sleep interrupted
2019-10-16 22:15:10,850 [3989452c-7599-4156-9543-3fe544ced0f3@group-83CFD60236D8-LeaderElection211] INFO  impl.LeaderElection (LeaderElection.java:logAndReturn(56)) - 3989452c-7599-4156-9543-3fe544ced0f3@group-83CFD60236D8-LeaderElection211: Election REJECTED; received 2 response(s) [3989452c-7599-4156-9543-3fe544ced0f3<-eec99a0c-e1b1-4518-bc49-9d1a8c8e04d5#0:FAIL-t220, 3989452c-7599-4156-9543-3fe544ced0f3<-d9e6ea44-93db-446f-8020-a94232284285#0:FAIL-t220] and 0 exception(s); 3989452c-7599-4156-9543-3fe544ced0f3@group-83CFD60236D8:t220, leader=null, voted=3989452c-7599-4156-9543-3fe544ced0f3, raftlog=3989452c-7599-4156-9543-3fe544ced0f3@group-83CFD60236D8-SegmentedRaftLog:OPENED:c-1,f-1,i0, conf=-1: [3989452c-7599-4156-9543-3fe544ced0f3:192.168.157.254:36320, eec99a0c-e1b1-4518-bc49-9d1a8c8e04d5:192.168.157.254:45598, d9e6ea44-93db-446f-8020-a94232284285:192.168.157.254:41671], old=null
2019-10-16 22:15:10,850 [3989452c-7599-4156-9543-3fe544ced0f3@group-83CFD60236D8-LeaderElection211] INFO  impl.RaftServerImpl (RaftServerImpl.java:setRole(184)) - 3989452c-7599-4156-9543-3fe544ced0f3@group-83CFD60236D8: changes role from CANDIDATE to FOLLOWER at term 220 for DISCOVERED_A_NEW_TERM
2019-10-16 22:15:10,850 [3989452c-7599-4156-9543-3fe544ced0f3@group-83CFD60236D8-LeaderElection211] INFO  impl.RoleInfo (RoleInfo.java:shutdownLeaderElection(134)) - 3989452c-7599-4156-9543-3fe544ced0f3: shutdown LeaderElection
2019-10-16 22:15:10,851 [3989452c-7599-4156-9543-3fe544ced0f3@group-83CFD60236D8-LeaderElection211] INFO  impl.RoleInfo (RoleInfo.java:updateAndGet(143)) - 3989452c-7599-4156-9543-3fe544ced0f3: start FollowerState
2019-10-16 22:15:11,034 [Thread-2294] INFO  impl.FollowerState (FollowerState.java:run(108)) - 3989452c-7599-4156-9543-3fe544ced0f3@group-83CFD60236D8-FollowerState: change to CANDIDATE, lastRpcTime:183ms, electionTimeout:183ms
2019-10-16 22:15:11,034 [Thread-2294] INFO  impl.RoleInfo (RoleInfo.java:shutdownFollowerState(121)) - 3989452c-7599-4156-9543-3fe544ced0f3: shutdown FollowerState
2019-10-16 22:15:11,034 [Thread-2294] INFO  impl.RaftServerImpl (RaftServerImpl.java:setRole(184)) - 3989452c-7599-4156-9543-3fe544ced0f3@group-83CFD60236D8: changes role from  FOLLOWER to CANDIDATE at term 220 for changeToCandidate
2019-10-16 22:15:11,034 [Thread-2294] INFO  impl.RoleInfo (RoleInfo.java:updateAndGet(143)) - 3989452c-7599-4156-9543-3fe544ced0f3: start LeaderElection
 0.00% |?                                                                                                    |  0/1 Time: 0:06:272019-10-16 22:15:11,048 [3989452c-7599-4156-9543-3fe544ced0f3@group-83CFD60236D8-LeaderElection212] INFO  impl.LeaderElection (LeaderElection.java:askForVotes(178)) - 3989452c-7599-4156-9543-3fe544ced0f3@group-83CFD60236D8-LeaderElection212: begin an election at term 221 for -1: [3989452c-7599-4156-9543-3fe544ced0f3:192.168.157.254:36320, eec99a0c-e1b1-4518-bc49-9d1a8c8e04d5:192.168.157.254:45598, d9e6ea44-93db-446f-8020-a94232284285:192.168.157.254:41671], old=null
2019-10-16 22:15:11,053 [grpc-default-executor-23] INFO  impl.RaftServerImpl (RaftServerImpl.java:setRole(184)) - eec99a0c-e1b1-4518-bc49-9d1a8c8e04d5@group-83CFD60236D8: changes role from  FOLLOWER to FOLLOWER at term 221 for recognizeCandidate:3989452c-7599-4156-9543-3fe544ced0f3
2019-10-16 22:15:11,053 [grpc-default-executor-23] INFO  impl.RoleInfo (RoleInfo.java:shutdownFollowerState(121)) - eec99a0c-e1b1-4518-bc49-9d1a8c8e04d5: shutdown FollowerState
2019-10-16 22:15:11,054 [grpc-default-executor-23] INFO  impl.RoleInfo (RoleInfo.java:updateAndGet(143)) - eec99a0c-e1b1-4518-bc49-9d1a8c8e04d5: start FollowerState
2019-10-16 22:15:11,054 [Thread-2292] INFO  impl.FollowerState (FollowerState.java:run(117)) - eec99a0c-e1b1-4518-bc49-9d1a8c8e04d5@group-83CFD60236D8-FollowerState was interrupted: java.lang.InterruptedException: sleep interrupted
2019-10-16 22:15:11,054 [grpc-default-executor-18] INFO  impl.RaftServerImpl (RaftServerImpl.java:setRole(184)) - d9e6ea44-93db-446f-8020-a94232284285@group-83CFD60236D8: changes role from  FOLLOWER to FOLLOWER at term 221 for recognizeCandidate:3989452c-7599-4156-9543-3fe544ced0f3
2019-10-16 22:15:11,054 [grpc-default-executor-18] INFO  impl.RoleInfo (RoleInfo.java:shutdownFollowerState(121)) - d9e6ea44-93db-446f-8020-a94232284285: shutdown FollowerState
2019-10-16 22:15:11,054 [grpc-default-executor-18] INFO  impl.RoleInfo (RoleInfo.java:updateAndGet(143)) - d9e6ea44-93db-446f-8020-a94232284285: start FollowerState
2019-10-16 22:15:11,054 [Thread-2293] INFO  impl.FollowerState (FollowerState.java:run(117)) - d9e6ea44-93db-446f-8020-a94232284285@group-83CFD60236D8-FollowerState was interrupted: java.lang.InterruptedException: sleep interrupted
2019-10-16 22:15:11,065 [3989452c-7599-4156-9543-3fe544ced0f3@group-83CFD60236D8-LeaderElection212] INFO  impl.LeaderElection (LeaderElection.java:logAndReturn(56)) - 3989452c-7599-4156-9543-3fe544ced0f3@group-83CFD60236D8-LeaderElection212: Election REJECTED; received 2 response(s) [3989452c-7599-4156-9543-3fe544ced0f3<-eec99a0c-e1b1-4518-bc49-9d1a8c8e04d5#0:FAIL-t221, 3989452c-7599-4156-9543-3fe544ced0f3<-d9e6ea44-93db-446f-8020-a94232284285#0:FAIL-t221] and 0 exception(s); 3989452c-7599-4156-9543-3fe544ced0f3@group-83CFD60236D8:t221, leader=null, voted=3989452c-7599-4156-9543-3fe544ced0f3, raftlog=3989452c-7599-4156-9543-3fe544ced0f3@group-83CFD60236D8-SegmentedRaftLog:OPENED:c-1,f-1,i0, conf=-1: [3989452c-7599-4156-9543-3fe544ced0f3:192.168.157.254:36320, eec99a0c-e1b1-4518-bc49-9d1a8c8e04d5:192.168.157.254:45598, d9e6ea44-93db-446f-8020-a94232284285:192.168.157.254:41671], old=null
2019-10-16 22:15:11,065 [3989452c-7599-4156-9543-3fe544ced0f3@group-83CFD60236D8-LeaderElection212] INFO  impl.RaftServerImpl (RaftServerImpl.java:setRole(184)) - 3989452c-7599-4156-9543-3fe544ced0f3@group-83CFD60236D8: changes role from CANDIDATE to FOLLOWER at term 221 for DISCOVERED_A_NEW_TERM
2019-10-16 22:15:11,065 [3989452c-7599-4156-9543-3fe544ced0f3@group-83CFD60236D8-LeaderElection212] INFO  impl.RoleInfo (RoleInfo.java:shutdownLeaderElection(134)) - 3989452c-7599-4156-9543-3fe544ced0f3: shutdown LeaderElection
2019-10-16 22:15:11,066 [3989452c-7599-4156-9543-3fe544ced0f3@group-83CFD60236D8-LeaderElection212] INFO  impl.RoleInfo (RoleInfo.java:updateAndGet(143)) - 3989452c-7599-4156-9543-3fe544ced0f3: start FollowerState
2019-10-16 22:15:11,230 [Thread-2300] INFO  impl.FollowerState (FollowerState.java:run(108)) - 3989452c-7599-4156-9543-3fe544ced0f3@group-83CFD60236D8-FollowerState: change to CANDIDATE, lastRpcTime:164ms, electionTimeout:164ms
2019-10-16 22:15:11,230 [Thread-2300] INFO  impl.RoleInfo (RoleInfo.java:shutdownFollowerState(121)) - 3989452c-7599-4156-9543-3fe544ced0f3: shutdown FollowerState
2019-10-16 22:15:11,230 [Thread-2300] INFO  impl.RaftServerImpl (RaftServerImpl.java:setRole(184)) - 3989452c-7599-4156-9543-3fe544ced0f3@group-83CFD60236D8: changes role from  FOLLOWER to CANDIDATE at term 221 for changeToCandidate
2019-10-16 22:15:11,231 [Thread-2300] INFO  impl.RoleInfo (RoleInfo.java:updateAndGet(143)) - 3989452c-7599-4156-9543-3fe544ced0f3: start LeaderElection
2019-10-16 22:15:11,245 [3989452c-7599-4156-9543-3fe544ced0f3@group-83CFD60236D8-LeaderElection213] INFO  impl.LeaderElection (LeaderElection.java:askForVotes(178)) - 3989452c-7599-4156-9543-3fe544ced0f3@group-83CFD60236D8-LeaderElection213: begin an election at term 222 for -1: [3989452c-7599-4156-9543-3fe544ced0f3:192.168.157.254:36320, eec99a0c-e1b1-4518-bc49-9d1a8c8e04d5:192.168.157.254:45598, d9e6ea44-93db-446f-8020-a94232284285:192.168.157.254:41671], old=null
2019-10-16 22:15:11,247 [grpc-default-executor-18] INFO  impl.RaftServerImpl (RaftServerImpl.java:setRole(184)) - eec99a0c-e1b1-4518-bc49-9d1a8c8e04d5@group-83CFD60236D8: changes role from  FOLLOWER to FOLLOWER at term 222 for recognizeCandidate:3989452c-7599-4156-9543-3fe544ced0f3
2019-10-16 22:15:11,247 [grpc-default-executor-23] INFO  impl.RaftServerImpl (RaftServerImpl.java:setRole(184)) - d9e6ea44-93db-446f-8020-a94232284285@group-83CFD60236D8: changes role from  FOLLOWER to FOLLOWER at term 222 for recognizeCandidate:3989452c-7599-4156-9543-3fe544ced0f3
2019-10-16 22:15:11,248 [grpc-default-executor-18] INFO  impl.RoleInfo (RoleInfo.java:shutdownFollowerState(121)) - eec99a0c-e1b1-4518-bc49-9d1a8c8e04d5: shutdown FollowerState
2019-10-16 22:15:11,248 [grpc-default-executor-23] INFO  impl.RoleInfo (RoleInfo.java:shutdownFollowerState(121)) - d9e6ea44-93db-446f-8020-a94232284285: shutdown FollowerState
2019-10-16 22:15:11,248 [grpc-default-executor-18] INFO  impl.RoleInfo (RoleInfo.java:updateAndGet(143)) - eec99a0c-e1b1-4518-bc49-9d1a8c8e04d5: start FollowerState
2019-10-16 22:15:11,248 [grpc-default-executor-23] INFO  impl.RoleInfo (RoleInfo.java:updateAndGet(143)) - d9e6ea44-93db-446f-8020-a94232284285: start FollowerState
2019-10-16 22:15:11,248 [Thread-2299] INFO  impl.FollowerState (FollowerState.java:run(117)) - d9e6ea44-93db-446f-8020-a94232284285@group-83CFD60236D8-FollowerState was interrupted: java.lang.InterruptedException: sleep interrupted
2019-10-16 22:15:11,248 [Thread-2298] INFO  impl.FollowerState (FollowerState.java:run(117)) - eec99a0c-e1b1-4518-bc49-9d1a8c8e04d5@group-83CFD60236D8-FollowerState was interrupted: java.lang.InterruptedException: sleep interrupted
2019-10-16 22:15:11,262 [3989452c-7599-4156-9543-3fe544ced0f3@group-83CFD60236D8-LeaderElection213] INFO  impl.LeaderElection (LeaderElection.java:logAndReturn(56)) - 3989452c-7599-4156-9543-3fe544ced0f3@group-83CFD60236D8-LeaderElection213: Election REJECTED; received 2 response(s) [3989452c-7599-4156-9543-3fe544ced0f3<-eec99a0c-e1b1-4518-bc49-9d1a8c8e04d5#0:FAIL-t222, 3989452c-7599-4156-9543-3fe544ced0f3<-d9e6ea44-93db-446f-8020-a94232284285#0:FAIL-t222] and 0 exception(s); 3989452c-7599-4156-9543-3fe544ced0f3@group-83CFD60236D8:t222, leader=null, voted=3989452c-7599-4156-9543-3fe544ced0f3, raftlog=3989452c-7599-4156-9543-3fe544ced0f3@group-83CFD60236D8-SegmentedRaftLog:OPENED:c-1,f-1,i0, conf=-1: [3989452c-7599-4156-9543-3fe544ced0f3:192.168.157.254:36320, eec99a0c-e1b1-4518-bc49-9d1a8c8e04d5:192.168.157.254:45598, d9e6ea44-93db-446f-8020-a94232284285:192.168.157.254:41671], old=null
2019-10-16 22:15:11,263 [3989452c-7599-4156-9543-3fe544ced0f3@group-83CFD60236D8-LeaderElection213] INFO  impl.RaftServerImpl (RaftServerImpl.java:setRole(184)) - 3989452c-7599-4156-9543-3fe544ced0f3@group-83CFD60236D8: changes role from CANDIDATE to FOLLOWER at term 222 for DISCOVERED_A_NEW_TERM
2019-10-16 22:15:11,263 [3989452c-7599-4156-9543-3fe544ced0f3@group-83CFD60236D8-LeaderElection213] INFO  impl.RoleInfo (RoleInfo.java:shutdownLeaderElection(134)) - 3989452c-7599-4156-9543-3fe544ced0f3: shutdown LeaderElection
2019-10-16 22:15:11,263 [3989452c-7599-4156-9543-3fe544ced0f3@group-83CFD60236D8-LeaderElection213] INFO  impl.RoleInfo (RoleInfo.java:updateAndGet(143)) - 3989452c-7599-4156-9543-3fe544ced0f3: start FollowerState
2019-10-16 22:15:11,385 [Thread-2306] INFO  impl.FollowerState (FollowerState.java:run(108)) - 3989452c-7599-4156-9543-3fe544ced0f3@group-83CFD60236D8-FollowerState: change to CANDIDATE, lastRpcTime:122ms, electionTimeout:122ms
2019-10-16 22:15:11,385 [Thread-2306] INFO  impl.RoleInfo (RoleInfo.java:shutdownFollowerState(121)) - 3989452c-7599-4156-9543-3fe544ced0f3: shutdown FollowerState
2019-10-16 22:15:11,385 [Thread-2306] INFO  impl.RaftServerImpl (RaftServerImpl.java:setRole(184)) - 3989452c-7599-4156-9543-3fe544ced0f3@group-83CFD60236D8: changes role from  FOLLOWER to CANDIDATE at term 222 for changeToCandidate
2019-10-16 22:15:11,386 [Thread-2306] INFO  impl.RoleInfo (RoleInfo.java:updateAndGet(143)) - 3989452c-7599-4156-9543-3fe544ced0f3: start LeaderElection
2019-10-16 22:15:11,411 [3989452c-7599-4156-9543-3fe544ced0f3@group-83CFD60236D8-LeaderElection214] INFO  impl.LeaderElection (LeaderElection.java:askForVotes(178)) - 3989452c-7599-4156-9543-3fe544ced0f3@group-83CFD60236D8-LeaderElection214: begin an election at term 223 for -1: [3989452c-7599-4156-9543-3fe544ced0f3:192.168.157.254:36320, eec99a0c-e1b1-4518-bc49-9d1a8c8e04d5:192.168.157.254:45598, d9e6ea44-93db-446f-8020-a94232284285:192.168.157.254:41671], old=null
2019-10-16 22:15:11,414 [grpc-default-executor-18] INFO  impl.RaftServerImpl (RaftServerImpl.java:setRole(184)) - eec99a0c-e1b1-4518-bc49-9d1a8c8e04d5@group-83CFD60236D8: changes role from  FOLLOWER to FOLLOWER at term 223 for recognizeCandidate:3989452c-7599-4156-9543-3fe544ced0f3
2019-10-16 22:15:11,414 [grpc-default-executor-23] INFO  impl.RaftServerImpl (RaftServerImpl.java:setRole(184)) - d9e6ea44-93db-446f-8020-a94232284285@group-83CFD60236D8: changes role from  FOLLOWER to FOLLOWER at term 223 for recognizeCandidate:3989452c-7599-4156-9543-3fe544ced0f3
2019-10-16 22:15:11,414 [grpc-default-executor-18] INFO  impl.RoleInfo (RoleInfo.java:shutdownFollowerState(121)) - eec99a0c-e1b1-4518-bc49-9d1a8c8e04d5: shutdown FollowerState
2019-10-16 22:15:11,414 [grpc-default-executor-23] INFO  impl.RoleInfo (RoleInfo.java:shutdownFollowerState(121)) - d9e6ea44-93db-446f-8020-a94232284285: shutdown FollowerState
2019-10-16 22:15:11,414 [Thread-2304] INFO  impl.FollowerState (FollowerState.java:run(117)) - eec99a0c-e1b1-4518-bc49-9d1a8c8e04d5@group-83CFD60236D8-FollowerState was interrupted: java.lang.InterruptedException: sleep interrupted
2019-10-16 22:15:11,414 [grpc-default-executor-18] INFO  impl.RoleInfo (RoleInfo.java:updateAndGet(143)) - eec99a0c-e1b1-4518-bc49-9d1a8c8e04d5: start FollowerState
2019-10-16 22:15:11,415 [Thread-2305] INFO  impl.FollowerState (FollowerState.java:run(117)) - d9e6ea44-93db-446f-8020-a94232284285@group-83CFD60236D8-FollowerState was interrupted: java.lang.InterruptedException: sleep interrupted
2019-10-16 22:15:11,415 [grpc-default-executor-23] INFO  impl.RoleInfo (RoleInfo.java:updateAndGet(143)) - d9e6ea44-93db-446f-8020-a94232284285: start FollowerState
2019-10-16 22:15:11,431 [3989452c-7599-4156-9543-3fe544ced0f3@group-83CFD60236D8-LeaderElection214] INFO  impl.LeaderElection (LeaderElection.java:logAndReturn(56)) - 3989452c-7599-4156-9543-3fe544ced0f3@group-83CFD60236D8-LeaderElection214: Election REJECTED; received 2 response(s) [3989452c-7599-4156-9543-3fe544ced0f3<-eec99a0c-e1b1-4518-bc49-9d1a8c8e04d5#0:FAIL-t223, 3989452c-7599-4156-9543-3fe544ced0f3<-d9e6ea44-93db-446f-8020-a94232284285#0:FAIL-t223] and 0 exception(s); 3989452c-7599-4156-9543-3fe544ced0f3@group-83CFD60236D8:t223, leader=null, voted=3989452c-7599-4156-9543-3fe544ced0f3, raftlog=3989452c-7599-4156-9543-3fe544ced0f3@group-83CFD60236D8-SegmentedRaftLog:OPENED:c-1,f-1,i0, conf=-1: [3989452c-7599-4156-9543-3fe544ced0f3:192.168.157.254:36320, eec99a0c-e1b1-4518-bc49-9d1a8c8e04d5:192.168.157.254:45598, d9e6ea44-93db-446f-8020-a94232284285:192.168.157.254:41671], old=null
2019-10-16 22:15:11,431 [3989452c-7599-4156-9543-3fe544ced0f3@group-83CFD60236D8-LeaderElection214] INFO  impl.RaftServerImpl (RaftServerImpl.java:setRole(184)) - 3989452c-7599-4156-9543-3fe544ced0f3@group-83CFD60236D8: changes role from CANDIDATE to FOLLOWER at term 223 for DISCOVERED_A_NEW_TERM
2019-10-16 22:15:11,431 [3989452c-7599-4156-9543-3fe544ced0f3@group-83CFD60236D8-LeaderElection214] INFO  impl.RoleInfo (RoleInfo.java:shutdownLeaderElection(134)) - 3989452c-7599-4156-9543-3fe544ced0f3: shutdown LeaderElection
2019-10-16 22:15:11,431 [3989452c-7599-4156-9543-3fe544ced0f3@group-83CFD60236D8-LeaderElection214] INFO  impl.RoleInfo (RoleInfo.java:updateAndGet(143)) - 3989452c-7599-4156-9543-3fe544ced0f3: start FollowerState
2019-10-16 22:15:11,439 [Thread-2312] INFO  impl.FollowerState (FollowerState.java:run(108)) - 3989452c-7599-4156-9543-3fe544ced0f3@group-83CFD60236D8-FollowerState: change to CANDIDATE, lastRpcTime:7ms, electionTimeout:7ms
2019-10-16 22:15:11,439 [Thread-2312] INFO  impl.RoleInfo (RoleInfo.java:shutdownFollowerState(121)) - 3989452c-7599-4156-9543-3fe544ced0f3: shutdown FollowerState
2019-10-16 22:15:11,439 [Thread-2312] INFO  impl.RaftServerImpl (RaftServerImpl.java:setRole(184)) - 3989452c-7599-4156-9543-3fe544ced0f3@group-83CFD60236D8: changes role from  FOLLOWER to CANDIDATE at term 223 for changeToCandidate
2019-10-16 22:15:11,439 [Thread-2312] INFO  impl.RoleInfo (RoleInfo.java:updateAndGet(143)) - 3989452c-7599-4156-9543-3fe544ced0f3: start LeaderElection
2019-10-16 22:15:11,452 [3989452c-7599-4156-9543-3fe544ced0f3@group-83CFD60236D8-LeaderElection215] INFO  impl.LeaderElection (LeaderElection.java:askForVotes(178)) - 3989452c-7599-4156-9543-3fe544ced0f3@group-83CFD60236D8-LeaderElection215: begin an election at term 224 for -1: [3989452c-7599-4156-9543-3fe544ced0f3:192.168.157.254:36320, eec99a0c-e1b1-4518-bc49-9d1a8c8e04d5:192.168.157.254:45598, d9e6ea44-93db-446f-8020-a94232284285:192.168.157.254:41671], old=null
2019-10-16 22:15:11,454 [grpc-default-executor-18] INFO  impl.RaftServerImpl (RaftServerImpl.java:setRole(184)) - eec99a0c-e1b1-4518-bc49-9d1a8c8e04d5@group-83CFD60236D8: changes role from  FOLLOWER to FOLLOWER at term 224 for recognizeCandidate:3989452c-7599-4156-9543-3fe544ced0f3
2019-10-16 22:15:11,454 [grpc-default-executor-18] INFO  impl.RoleInfo (RoleInfo.java:shutdownFollowerState(121)) - eec99a0c-e1b1-4518-bc49-9d1a8c8e04d5: shutdown FollowerState
2019-10-16 22:15:11,454 [grpc-default-executor-18] INFO  impl.RoleInfo (RoleInfo.java:updateAndGet(143)) - eec99a0c-e1b1-4518-bc49-9d1a8c8e04d5: start FollowerState
2019-10-16 22:15:11,454 [Thread-2310] INFO  impl.FollowerState (FollowerState.java:run(117)) - eec99a0c-e1b1-4518-bc49-9d1a8c8e04d5@group-83CFD60236D8-FollowerState was interrupted: java.lang.InterruptedException: sleep interrupted
2019-10-16 22:15:11,454 [grpc-default-executor-23] INFO  impl.RaftServerImpl (RaftServerImpl.java:setRole(184)) - d9e6ea44-93db-446f-8020-a94232284285@group-83CFD60236D8: changes role from  FOLLOWER to FOLLOWER at term 224 for recognizeCandidate:3989452c-7599-4156-9543-3fe544ced0f3
2019-10-16 22:15:11,455 [grpc-default-executor-23] INFO  impl.RoleInfo (RoleInfo.java:shutdownFollowerState(121)) - d9e6ea44-93db-446f-8020-a94232284285: shutdown FollowerState
2019-10-16 22:15:11,455 [grpc-default-executor-23] INFO  impl.RoleInfo (RoleInfo.java:updateAndGet(143)) - d9e6ea44-93db-446f-8020-a94232284285: start FollowerState
2019-10-16 22:15:11,455 [Thread-2311] INFO  impl.FollowerState (FollowerState.java:run(117)) - d9e6ea44-93db-446f-8020-a94232284285@group-83CFD60236D8-FollowerState was interrupted: java.lang.InterruptedException: sleep interrupted
2019-10-16 22:15:11,469 [3989452c-7599-4156-9543-3fe544ced0f3@group-83CFD60236D8-LeaderElection215] INFO  impl.LeaderElection (LeaderElection.java:logAndReturn(56)) - 3989452c-7599-4156-9543-3fe544ced0f3@group-83CFD60236D8-LeaderElection215: Election REJECTED; received 2 response(s) [3989452c-7599-4156-9543-3fe544ced0f3<-eec99a0c-e1b1-4518-bc49-9d1a8c8e04d5#0:FAIL-t224, 3989452c-7599-4156-9543-3fe544ced0f3<-d9e6ea44-93db-446f-8020-a94232284285#0:FAIL-t224] and 0 exception(s); 3989452c-7599-4156-9543-3fe544ced0f3@group-83CFD60236D8:t224, leader=null, voted=3989452c-7599-4156-9543-3fe544ced0f3, raftlog=3989452c-7599-4156-9543-3fe544ced0f3@group-83CFD60236D8-SegmentedRaftLog:OPENED:c-1,f-1,i0, conf=-1: [3989452c-7599-4156-9543-3fe544ced0f3:192.168.157.254:36320, eec99a0c-e1b1-4518-bc49-9d1a8c8e04d5:192.168.157.254:45598, d9e6ea44-93db-446f-8020-a94232284285:192.168.157.254:41671], old=null
2019-10-16 22:15:11,469 [3989452c-7599-4156-9543-3fe544ced0f3@group-83CFD60236D8-LeaderElection215] INFO  impl.RaftServerImpl (RaftServerImpl.java:setRole(184)) - 3989452c-7599-4156-9543-3fe544ced0f3@group-83CFD60236D8: changes role from CANDIDATE to FOLLOWER at term 224 for DISCOVERED_A_NEW_TERM
2019-10-16 22:15:11,469 [3989452c-7599-4156-9543-3fe544ced0f3@group-83CFD60236D8-LeaderElection215] INFO  impl.RoleInfo (RoleInfo.java:shutdownLeaderElection(134)) - 3989452c-7599-4156-9543-3fe544ced0f3: shutdown LeaderElection
2019-10-16 22:15:11,469 [3989452c-7599-4156-9543-3fe544ced0f3@group-83CFD60236D8-LeaderElection215] INFO  impl.RoleInfo (RoleInfo.java:updateAndGet(143)) - 3989452c-7599-4156-9543-3fe544ced0f3: start FollowerState
2019-10-16 22:15:11,587 [Thread-2318] INFO  impl.FollowerState (FollowerState.java:run(108)) - 3989452c-7599-4156-9543-3fe544ced0f3@group-83CFD60236D8-FollowerState: change to CANDIDATE, lastRpcTime:118ms, electionTimeout:118ms
2019-10-16 22:15:11,587 [Thread-2318] INFO  impl.RoleInfo (RoleInfo.java:shutdownFollowerState(121)) - 3989452c-7599-4156-9543-3fe544ced0f3: shutdown FollowerState
2019-10-16 22:15:11,587 [Thread-2318] INFO  impl.RaftServerImpl (RaftServerImpl.java:setRole(184)) - 3989452c-7599-4156-9543-3fe544ced0f3@group-83CFD60236D8: changes role from  FOLLOWER to CANDIDATE at term 224 for changeToCandidate
2019-10-16 22:15:11,588 [Thread-2318] INFO  impl.RoleInfo (RoleInfo.java:updateAndGet(143)) - 3989452c-7599-4156-9543-3fe544ced0f3: start LeaderElection
2019-10-16 22:15:11,601 [3989452c-7599-4156-9543-3fe544ced0f3@group-83CFD60236D8-LeaderElection216] INFO  impl.LeaderElection (LeaderElection.java:askForVotes(178)) - 3989452c-7599-4156-9543-3fe544ced0f3@group-83CFD60236D8-LeaderElection216: begin an election at term 225 for -1: [3989452c-7599-4156-9543-3fe544ced0f3:192.168.157.254:36320, eec99a0c-e1b1-4518-bc49-9d1a8c8e04d5:192.168.157.254:45598, d9e6ea44-93db-446f-8020-a94232284285:192.168.157.254:41671], old=null
2019-10-16 22:15:11,602 [grpc-default-executor-23] INFO  impl.RaftServerImpl (RaftServerImpl.java:setRole(184)) - eec99a0c-e1b1-4518-bc49-9d1a8c8e04d5@group-83CFD60236D8: changes role from  FOLLOWER to FOLLOWER at term 225 for recognizeCandidate:3989452c-7599-4156-9543-3fe544ced0f3
2019-10-16 22:15:11,603 [grpc-default-executor-23] INFO  impl.RoleInfo (RoleInfo.java:shutdownFollowerState(121)) - eec99a0c-e1b1-4518-bc49-9d1a8c8e04d5: shutdown FollowerState
2019-10-16 22:15:11,603 [grpc-default-executor-23] INFO  impl.RoleInfo (RoleInfo.java:updateAndGet(143)) - eec99a0c-e1b1-4518-bc49-9d1a8c8e04d5: start FollowerState
2019-10-16 22:15:11,603 [Thread-2316] INFO  impl.FollowerState (FollowerState.java:run(117)) - eec99a0c-e1b1-4518-bc49-9d1a8c8e04d5@group-83CFD60236D8-FollowerState was interrupted: java.lang.InterruptedException: sleep interrupted
2019-10-16 22:15:11,603 [grpc-default-executor-18] INFO  impl.RaftServerImpl (RaftServerImpl.java:setRole(184)) - d9e6ea44-93db-446f-8020-a94232284285@group-83CFD60236D8: changes role from  FOLLOWER to FOLLOWER at term 225 for recognizeCandidate:3989452c-7599-4156-9543-3fe544ced0f3
2019-10-16 22:15:11,603 [grpc-default-executor-18] INFO  impl.RoleInfo (RoleInfo.java:shutdownFollowerState(121)) - d9e6ea44-93db-446f-8020-a94232284285: shutdown FollowerState
2019-10-16 22:15:11,603 [grpc-default-executor-18] INFO  impl.RoleInfo (RoleInfo.java:updateAndGet(143)) - d9e6ea44-93db-446f-8020-a94232284285: start FollowerState
2019-10-16 22:15:11,603 [Thread-2317] INFO  impl.FollowerState (FollowerState.java:run(117)) - d9e6ea44-93db-446f-8020-a94232284285@group-83CFD60236D8-FollowerState was interrupted: java.lang.InterruptedException: sleep interrupted
2019-10-16 22:15:11,619 [3989452c-7599-4156-9543-3fe544ced0f3@group-83CFD60236D8-LeaderElection216] INFO  impl.LeaderElection (LeaderElection.java:logAndReturn(56)) - 3989452c-7599-4156-9543-3fe544ced0f3@group-83CFD60236D8-LeaderElection216: Election REJECTED; received 2 response(s) [3989452c-7599-4156-9543-3fe544ced0f3<-eec99a0c-e1b1-4518-bc49-9d1a8c8e04d5#0:FAIL-t225, 3989452c-7599-4156-9543-3fe544ced0f3<-d9e6ea44-93db-446f-8020-a94232284285#0:FAIL-t225] and 0 exception(s); 3989452c-7599-4156-9543-3fe544ced0f3@group-83CFD60236D8:t225, leader=null, voted=3989452c-7599-4156-9543-3fe544ced0f3, raftlog=3989452c-7599-4156-9543-3fe544ced0f3@group-83CFD60236D8-SegmentedRaftLog:OPENED:c-1,f-1,i0, conf=-1: [3989452c-7599-4156-9543-3fe544ced0f3:192.168.157.254:36320, eec99a0c-e1b1-4518-bc49-9d1a8c8e04d5:192.168.157.254:45598, d9e6ea44-93db-446f-8020-a94232284285:192.168.157.254:41671], old=null
2019-10-16 22:15:11,620 [3989452c-7599-4156-9543-3fe544ced0f3@group-83CFD60236D8-LeaderElection216] INFO  impl.RaftServerImpl (RaftServerImpl.java:setRole(184)) - 3989452c-7599-4156-9543-3fe544ced0f3@group-83CFD60236D8: changes role from CANDIDATE to FOLLOWER at term 225 for DISCOVERED_A_NEW_TERM
2019-10-16 22:15:11,620 [3989452c-7599-4156-9543-3fe544ced0f3@group-83CFD60236D8-LeaderElection216] INFO  impl.RoleInfo (RoleInfo.java:shutdownLeaderElection(134)) - 3989452c-7599-4156-9543-3fe544ced0f3: shutdown LeaderElection
2019-10-16 22:15:11,620 [3989452c-7599-4156-9543-3fe544ced0f3@group-83CFD60236D8-LeaderElection216] INFO  impl.RoleInfo (RoleInfo.java:updateAndGet(143)) - 3989452c-7599-4156-9543-3fe544ced0f3: start FollowerState
2019-10-16 22:15:11,810 [Thread-2324] INFO  impl.FollowerState (FollowerState.java:run(108)) - 3989452c-7599-4156-9543-3fe544ced0f3@group-83CFD60236D8-FollowerState: change to CANDIDATE, lastRpcTime:190ms, electionTimeout:190ms
2019-10-16 22:15:11,810 [Thread-2324] INFO  impl.RoleInfo (RoleInfo.java:shutdownFollowerState(121)) - 3989452c-7599-4156-9543-3fe544ced0f3: shutdown FollowerState
2019-10-16 22:15:11,810 [Thread-2324] INFO  impl.RaftServerImpl (RaftServerImpl.java:setRole(184)) - 3989452c-7599-4156-9543-3fe544ced0f3@group-83CFD60236D8: changes role from  FOLLOWER to CANDIDATE at term 225 for changeToCandidate
2019-10-16 22:15:11,811 [Thread-2324] INFO  impl.RoleInfo (RoleInfo.java:updateAndGet(143)) - 3989452c-7599-4156-9543-3fe544ced0f3: start LeaderElection
2019-10-16 22:15:11,837 [3989452c-7599-4156-9543-3fe544ced0f3@group-83CFD60236D8-LeaderElection217] INFO  impl.LeaderElection (LeaderElection.java:askForVotes(178)) - 3989452c-7599-4156-9543-3fe544ced0f3@group-83CFD60236D8-LeaderElection217: begin an election at term 226 for -1: [3989452c-7599-4156-9543-3fe544ced0f3:192.168.157.254:36320, eec99a0c-e1b1-4518-bc49-9d1a8c8e04d5:192.168.157.254:45598, d9e6ea44-93db-446f-8020-a94232284285:192.168.157.254:41671], old=null
2019-10-16 22:15:11,838 [grpc-default-executor-18] INFO  impl.RaftServerImpl (RaftServerImpl.java:setRole(184)) - eec99a0c-e1b1-4518-bc49-9d1a8c8e04d5@group-83CFD60236D8: changes role from  FOLLOWER to FOLLOWER at term 226 for recognizeCandidate:3989452c-7599-4156-9543-3fe544ced0f3
2019-10-16 22:15:11,839 [grpc-default-executor-18] INFO  impl.RoleInfo (RoleInfo.java:shutdownFollowerState(121)) - eec99a0c-e1b1-4518-bc49-9d1a8c8e04d5: shutdown FollowerState
2019-10-16 22:15:11,839 [grpc-default-executor-23] INFO  impl.RaftServerImpl (RaftServerImpl.java:setRole(184)) - d9e6ea44-93db-446f-8020-a94232284285@group-83CFD60236D8: changes role from  FOLLOWER to FOLLOWER at term 226 for recognizeCandidate:3989452c-7599-4156-9543-3fe544ced0f3
2019-10-16 22:15:11,839 [Thread-2322] INFO  impl.FollowerState (FollowerState.java:run(117)) - eec99a0c-e1b1-4518-bc49-9d1a8c8e04d5@group-83CFD60236D8-FollowerState was interrupted: java.lang.InterruptedException: sleep interrupted
2019-10-16 22:15:11,839 [grpc-default-executor-18] INFO  impl.RoleInfo (RoleInfo.java:updateAndGet(143)) - eec99a0c-e1b1-4518-bc49-9d1a8c8e04d5: start FollowerState
2019-10-16 22:15:11,839 [grpc-default-executor-23] INFO  impl.RoleInfo (RoleInfo.java:shutdownFollowerState(121)) - d9e6ea44-93db-446f-8020-a94232284285: shutdown FollowerState
2019-10-16 22:15:11,839 [grpc-default-executor-23] INFO  impl.RoleInfo (RoleInfo.java:updateAndGet(143)) - d9e6ea44-93db-446f-8020-a94232284285: start FollowerState
2019-10-16 22:15:11,839 [Thread-2323] INFO  impl.FollowerState (FollowerState.java:run(117)) - d9e6ea44-93db-446f-8020-a94232284285@group-83CFD60236D8-FollowerState was interrupted: java.lang.InterruptedException: sleep interrupted
2019-10-16 22:15:11,865 [3989452c-7599-4156-9543-3fe544ced0f3@group-83CFD60236D8-LeaderElection217] INFO  impl.LeaderElection (LeaderElection.java:logAndReturn(56)) - 3989452c-7599-4156-9543-3fe544ced0f3@group-83CFD60236D8-LeaderElection217: Election REJECTED; received 2 response(s) [3989452c-7599-4156-9543-3fe544ced0f3<-eec99a0c-e1b1-4518-bc49-9d1a8c8e04d5#0:FAIL-t226, 3989452c-7599-4156-9543-3fe544ced0f3<-d9e6ea44-93db-446f-8020-a94232284285#0:FAIL-t226] and 0 exception(s); 3989452c-7599-4156-9543-3fe544ced0f3@group-83CFD60236D8:t226, leader=null, voted=3989452c-7599-4156-9543-3fe544ced0f3, raftlog=3989452c-7599-4156-9543-3fe544ced0f3@group-83CFD60236D8-SegmentedRaftLog:OPENED:c-1,f-1,i0, conf=-1: [3989452c-7599-4156-9543-3fe544ced0f3:192.168.157.254:36320, eec99a0c-e1b1-4518-bc49-9d1a8c8e04d5:192.168.157.254:45598, d9e6ea44-93db-446f-8020-a94232284285:192.168.157.254:41671], old=null
2019-10-16 22:15:11,865 [3989452c-7599-4156-9543-3fe544ced0f3@group-83CFD60236D8-LeaderElection217] INFO  impl.RaftServerImpl (RaftServerImpl.java:setRole(184)) - 3989452c-7599-4156-9543-3fe544ced0f3@group-83CFD60236D8: changes role from CANDIDATE to FOLLOWER at term 226 for DISCOVERED_A_NEW_TERM
2019-10-16 22:15:11,866 [3989452c-7599-4156-9543-3fe544ced0f3@group-83CFD60236D8-LeaderElection217] INFO  impl.RoleInfo (RoleInfo.java:shutdownLeaderElection(134)) - 3989452c-7599-4156-9543-3fe544ced0f3: shutdown LeaderElection
2019-10-16 22:15:11,866 [3989452c-7599-4156-9543-3fe544ced0f3@group-83CFD60236D8-LeaderElection217] INFO  impl.RoleInfo (RoleInfo.java:updateAndGet(143)) - 3989452c-7599-4156-9543-3fe544ced0f3: start FollowerState
2019-10-16 22:15:12,022 [Thread-2332] INFO  impl.FollowerState (FollowerState.java:run(108)) - 3989452c-7599-4156-9543-3fe544ced0f3@group-83CFD60236D8-FollowerState: change to CANDIDATE, lastRpcTime:156ms, electionTimeout:156ms
2019-10-16 22:15:12,022 [Thread-2332] INFO  impl.RoleInfo (RoleInfo.java:shutdownFollowerState(121)) - 3989452c-7599-4156-9543-3fe544ced0f3: shutdown FollowerState
2019-10-16 22:15:12,022 [Thread-2332] INFO  impl.RaftServerImpl (RaftServerImpl.java:setRole(184)) - 3989452c-7599-4156-9543-3fe544ced0f3@group-83CFD60236D8: changes role from  FOLLOWER to CANDIDATE at term 226 for changeToCandidate
2019-10-16 22:15:12,022 [Thread-2332] INFO  impl.RoleInfo (RoleInfo.java:updateAndGet(143)) - 3989452c-7599-4156-9543-3fe544ced0f3: start LeaderElection
 0.00% |?                                                                                                    |  0/1 Time: 0:06:282019-10-16 22:15:12,048 [3989452c-7599-4156-9543-3fe544ced0f3@group-83CFD60236D8-LeaderElection218] INFO  impl.LeaderElection (LeaderElection.java:askForVotes(178)) - 3989452c-7599-4156-9543-3fe544ced0f3@group-83CFD60236D8-LeaderElection218: begin an election at term 227 for -1: [3989452c-7599-4156-9543-3fe544ced0f3:192.168.157.254:36320, eec99a0c-e1b1-4518-bc49-9d1a8c8e04d5:192.168.157.254:45598, d9e6ea44-93db-446f-8020-a94232284285:192.168.157.254:41671], old=null
2019-10-16 22:15:12,050 [grpc-default-executor-23] INFO  impl.RaftServerImpl (RaftServerImpl.java:setRole(184)) - eec99a0c-e1b1-4518-bc49-9d1a8c8e04d5@group-83CFD60236D8: changes role from  FOLLOWER to FOLLOWER at term 227 for recognizeCandidate:3989452c-7599-4156-9543-3fe544ced0f3
2019-10-16 22:15:12,050 [grpc-default-executor-23] INFO  impl.RoleInfo (RoleInfo.java:shutdownFollowerState(121)) - eec99a0c-e1b1-4518-bc49-9d1a8c8e04d5: shutdown FollowerState
2019-10-16 22:15:12,050 [grpc-default-executor-18] INFO  impl.RaftServerImpl (RaftServerImpl.java:setRole(184)) - d9e6ea44-93db-446f-8020-a94232284285@group-83CFD60236D8: changes role from  FOLLOWER to FOLLOWER at term 227 for recognizeCandidate:3989452c-7599-4156-9543-3fe544ced0f3
2019-10-16 22:15:12,050 [Thread-2330] INFO  impl.FollowerState (FollowerState.java:run(117)) - eec99a0c-e1b1-4518-bc49-9d1a8c8e04d5@group-83CFD60236D8-FollowerState was interrupted: java.lang.InterruptedException: sleep interrupted
2019-10-16 22:15:12,050 [grpc-default-executor-23] INFO  impl.RoleInfo (RoleInfo.java:updateAndGet(143)) - eec99a0c-e1b1-4518-bc49-9d1a8c8e04d5: start FollowerState
2019-10-16 22:15:12,050 [grpc-default-executor-18] INFO  impl.RoleInfo (RoleInfo.java:shutdownFollowerState(121)) - d9e6ea44-93db-446f-8020-a94232284285: shutdown FollowerState
2019-10-16 22:15:12,050 [grpc-default-executor-18] INFO  impl.RoleInfo (RoleInfo.java:updateAndGet(143)) - d9e6ea44-93db-446f-8020-a94232284285: start FollowerState
2019-10-16 22:15:12,051 [Thread-2331] INFO  impl.FollowerState (FollowerState.java:run(117)) - d9e6ea44-93db-446f-8020-a94232284285@group-83CFD60236D8-FollowerState was interrupted: java.lang.InterruptedException: sleep interrupted
2019-10-16 22:15:12,070 [3989452c-7599-4156-9543-3fe544ced0f3@group-83CFD60236D8-LeaderElection218] INFO  impl.LeaderElection (LeaderElection.java:logAndReturn(56)) - 3989452c-7599-4156-9543-3fe544ced0f3@group-83CFD60236D8-LeaderElection218: Election TIMEOUT; received 0 response(s) [] and 0 exception(s); 3989452c-7599-4156-9543-3fe544ced0f3@group-83CFD60236D8:t227, leader=null, voted=3989452c-7599-4156-9543-3fe544ced0f3, raftlog=3989452c-7599-4156-9543-3fe544ced0f3@group-83CFD60236D8-SegmentedRaftLog:OPENED:c-1,f-1,i0, conf=-1: [3989452c-7599-4156-9543-3fe544ced0f3:192.168.157.254:36320, eec99a0c-e1b1-4518-bc49-9d1a8c8e04d5:192.168.157.254:45598, d9e6ea44-93db-446f-8020-a94232284285:192.168.157.254:41671], old=null
2019-10-16 22:15:12,079 [3989452c-7599-4156-9543-3fe544ced0f3@group-83CFD60236D8-LeaderElection218] INFO  impl.LeaderElection (LeaderElection.java:askForVotes(178)) - 3989452c-7599-4156-9543-3fe544ced0f3@group-83CFD60236D8-LeaderElection218: begin an election at term 228 for -1: [3989452c-7599-4156-9543-3fe544ced0f3:192.168.157.254:36320, eec99a0c-e1b1-4518-bc49-9d1a8c8e04d5:192.168.157.254:45598, d9e6ea44-93db-446f-8020-a94232284285:192.168.157.254:41671], old=null
2019-10-16 22:15:12,080 [grpc-default-executor-23] INFO  impl.RaftServerImpl (RaftServerImpl.java:setRole(184)) - eec99a0c-e1b1-4518-bc49-9d1a8c8e04d5@group-83CFD60236D8: changes role from  FOLLOWER to FOLLOWER at term 228 for recognizeCandidate:3989452c-7599-4156-9543-3fe544ced0f3
2019-10-16 22:15:12,081 [grpc-default-executor-23] INFO  impl.RoleInfo (RoleInfo.java:shutdownFollowerState(121)) - eec99a0c-e1b1-4518-bc49-9d1a8c8e04d5: shutdown FollowerState
2019-10-16 22:15:12,081 [grpc-default-executor-18] INFO  impl.RaftServerImpl (RaftServerImpl.java:setRole(184)) - d9e6ea44-93db-446f-8020-a94232284285@group-83CFD60236D8: changes role from  FOLLOWER to FOLLOWER at term 228 for recognizeCandidate:3989452c-7599-4156-9543-3fe544ced0f3
2019-10-16 22:15:12,081 [grpc-default-executor-18] INFO  impl.RoleInfo (RoleInfo.java:shutdownFollowerState(121)) - d9e6ea44-93db-446f-8020-a94232284285: shutdown FollowerState
2019-10-16 22:15:12,081 [Thread-2336] INFO  impl.FollowerState (FollowerState.java:run(117)) - eec99a0c-e1b1-4518-bc49-9d1a8c8e04d5@group-83CFD60236D8-FollowerState was interrupted: java.lang.InterruptedException: sleep interrupted
2019-10-16 22:15:12,081 [grpc-default-executor-23] INFO  impl.RoleInfo (RoleInfo.java:updateAndGet(143)) - eec99a0c-e1b1-4518-bc49-9d1a8c8e04d5: start FollowerState
2019-10-16 22:15:12,081 [Thread-2337] INFO  impl.FollowerState (FollowerState.java:run(117)) - d9e6ea44-93db-446f-8020-a94232284285@group-83CFD60236D8-FollowerState was interrupted: java.lang.InterruptedException: sleep interrupted
2019-10-16 22:15:12,081 [grpc-default-executor-18] INFO  impl.RoleInfo (RoleInfo.java:updateAndGet(143)) - d9e6ea44-93db-446f-8020-a94232284285: start FollowerState
2019-10-16 22:15:12,095 [3989452c-7599-4156-9543-3fe544ced0f3@group-83CFD60236D8-LeaderElection218] INFO  impl.LeaderElection (LeaderElection.java:logAndReturn(56)) - 3989452c-7599-4156-9543-3fe544ced0f3@group-83CFD60236D8-LeaderElection218: Election REJECTED; received 2 response(s) [3989452c-7599-4156-9543-3fe544ced0f3<-eec99a0c-e1b1-4518-bc49-9d1a8c8e04d5#0:FAIL-t228, 3989452c-7599-4156-9543-3fe544ced0f3<-d9e6ea44-93db-446f-8020-a94232284285#0:FAIL-t228] and 0 exception(s); 3989452c-7599-4156-9543-3fe544ced0f3@group-83CFD60236D8:t228, leader=null, voted=3989452c-7599-4156-9543-3fe544ced0f3, raftlog=3989452c-7599-4156-9543-3fe544ced0f3@group-83CFD60236D8-SegmentedRaftLog:OPENED:c-1,f-1,i0, conf=-1: [3989452c-7599-4156-9543-3fe544ced0f3:192.168.157.254:36320, eec99a0c-e1b1-4518-bc49-9d1a8c8e04d5:192.168.157.254:45598, d9e6ea44-93db-446f-8020-a94232284285:192.168.157.254:41671], old=null
2019-10-16 22:15:12,095 [3989452c-7599-4156-9543-3fe544ced0f3@group-83CFD60236D8-LeaderElection218] INFO  impl.RaftServerImpl (RaftServerImpl.java:setRole(184)) - 3989452c-7599-4156-9543-3fe544ced0f3@group-83CFD60236D8: changes role from CANDIDATE to FOLLOWER at term 228 for DISCOVERED_A_NEW_TERM
2019-10-16 22:15:12,095 [3989452c-7599-4156-9543-3fe544ced0f3@group-83CFD60236D8-LeaderElection218] INFO  impl.RoleInfo (RoleInfo.java:shutdownLeaderElection(134)) - 3989452c-7599-4156-9543-3fe544ced0f3: shutdown LeaderElection
2019-10-16 22:15:12,096 [3989452c-7599-4156-9543-3fe544ced0f3@group-83CFD60236D8-LeaderElection218] INFO  impl.RoleInfo (RoleInfo.java:updateAndGet(143)) - 3989452c-7599-4156-9543-3fe544ced0f3: start FollowerState
2019-10-16 22:15:12,116 [Thread-2342] INFO  impl.FollowerState (FollowerState.java:run(108)) - 3989452c-7599-4156-9543-3fe544ced0f3@group-83CFD60236D8-FollowerState: change to CANDIDATE, lastRpcTime:20ms, electionTimeout:20ms
2019-10-16 22:15:12,116 [Thread-2342] INFO  impl.RoleInfo (RoleInfo.java:shutdownFollowerState(121)) - 3989452c-7599-4156-9543-3fe544ced0f3: shutdown FollowerState
2019-10-16 22:15:12,116 [Thread-2342] INFO  impl.RaftServerImpl (RaftServerImpl.java:setRole(184)) - 3989452c-7599-4156-9543-3fe544ced0f3@group-83CFD60236D8: changes role from  FOLLOWER to CANDIDATE at term 228 for changeToCandidate
2019-10-16 22:15:12,116 [Thread-2342] INFO  impl.RoleInfo (RoleInfo.java:updateAndGet(143)) - 3989452c-7599-4156-9543-3fe544ced0f3: start LeaderElection
2019-10-16 22:15:12,137 [3989452c-7599-4156-9543-3fe544ced0f3@group-83CFD60236D8-LeaderElection219] INFO  impl.LeaderElection (LeaderElection.java:askForVotes(178)) - 3989452c-7599-4156-9543-3fe544ced0f3@group-83CFD60236D8-LeaderElection219: begin an election at term 229 for -1: [3989452c-7599-4156-9543-3fe544ced0f3:192.168.157.254:36320, eec99a0c-e1b1-4518-bc49-9d1a8c8e04d5:192.168.157.254:45598, d9e6ea44-93db-446f-8020-a94232284285:192.168.157.254:41671], old=null
2019-10-16 22:15:12,138 [grpc-default-executor-18] INFO  impl.RaftServerImpl (RaftServerImpl.java:setRole(184)) - eec99a0c-e1b1-4518-bc49-9d1a8c8e04d5@group-83CFD60236D8: changes role from  FOLLOWER to FOLLOWER at term 229 for recognizeCandidate:3989452c-7599-4156-9543-3fe544ced0f3
2019-10-16 22:15:12,138 [grpc-default-executor-18] INFO  impl.RoleInfo (RoleInfo.java:shutdownFollowerState(121)) - eec99a0c-e1b1-4518-bc49-9d1a8c8e04d5: shutdown FollowerState
2019-10-16 22:15:12,139 [grpc-default-executor-18] INFO  impl.RoleInfo (RoleInfo.java:updateAndGet(143)) - eec99a0c-e1b1-4518-bc49-9d1a8c8e04d5: start FollowerState
2019-10-16 22:15:12,139 [Thread-2340] INFO  impl.FollowerState (FollowerState.java:run(117)) - eec99a0c-e1b1-4518-bc49-9d1a8c8e04d5@group-83CFD60236D8-FollowerState was interrupted: java.lang.InterruptedException: sleep interrupted
2019-10-16 22:15:12,139 [grpc-default-executor-23] INFO  impl.RaftServerImpl (RaftServerImpl.java:setRole(184)) - d9e6ea44-93db-446f-8020-a94232284285@group-83CFD60236D8: changes role from  FOLLOWER to FOLLOWER at term 229 for recognizeCandidate:3989452c-7599-4156-9543-3fe544ced0f3
2019-10-16 22:15:12,139 [grpc-default-executor-23] INFO  impl.RoleInfo (RoleInfo.java:shutdownFollowerState(121)) - d9e6ea44-93db-446f-8020-a94232284285: shutdown FollowerState
2019-10-16 22:15:12,139 [grpc-default-executor-23] INFO  impl.RoleInfo (RoleInfo.java:updateAndGet(143)) - d9e6ea44-93db-446f-8020-a94232284285: start FollowerState
2019-10-16 22:15:12,139 [Thread-2341] INFO  impl.FollowerState (FollowerState.java:run(117)) - d9e6ea44-93db-446f-8020-a94232284285@group-83CFD60236D8-FollowerState was interrupted: java.lang.InterruptedException: sleep interrupted
2019-10-16 22:15:12,150 [3989452c-7599-4156-9543-3fe544ced0f3@group-83CFD60236D8-LeaderElection219] INFO  impl.LeaderElection (LeaderElection.java:logAndReturn(56)) - 3989452c-7599-4156-9543-3fe544ced0f3@group-83CFD60236D8-LeaderElection219: Election REJECTED; received 2 response(s) [3989452c-7599-4156-9543-3fe544ced0f3<-eec99a0c-e1b1-4518-bc49-9d1a8c8e04d5#0:FAIL-t229, 3989452c-7599-4156-9543-3fe544ced0f3<-d9e6ea44-93db-446f-8020-a94232284285#0:FAIL-t229] and 0 exception(s); 3989452c-7599-4156-9543-3fe544ced0f3@group-83CFD60236D8:t229, leader=null, voted=3989452c-7599-4156-9543-3fe544ced0f3, raftlog=3989452c-7599-4156-9543-3fe544ced0f3@group-83CFD60236D8-SegmentedRaftLog:OPENED:c-1,f-1,i0, conf=-1: [3989452c-7599-4156-9543-3fe544ced0f3:192.168.157.254:36320, eec99a0c-e1b1-4518-bc49-9d1a8c8e04d5:192.168.157.254:45598, d9e6ea44-93db-446f-8020-a94232284285:192.168.157.254:41671], old=null
2019-10-16 22:15:12,150 [3989452c-7599-4156-9543-3fe544ced0f3@group-83CFD60236D8-LeaderElection219] INFO  impl.RaftServerImpl (RaftServerImpl.java:setRole(184)) - 3989452c-7599-4156-9543-3fe544ced0f3@group-83CFD60236D8: changes role from CANDIDATE to FOLLOWER at term 229 for DISCOVERED_A_NEW_TERM
2019-10-16 22:15:12,150 [3989452c-7599-4156-9543-3fe544ced0f3@group-83CFD60236D8-LeaderElection219] INFO  impl.RoleInfo (RoleInfo.java:shutdownLeaderElection(134)) - 3989452c-7599-4156-9543-3fe544ced0f3: shutdown LeaderElection
2019-10-16 22:15:12,150 [3989452c-7599-4156-9543-3fe544ced0f3@group-83CFD60236D8-LeaderElection219] INFO  impl.RoleInfo (RoleInfo.java:updateAndGet(143)) - 3989452c-7599-4156-9543-3fe544ced0f3: start FollowerState
2019-10-16 22:15:12,197 [Thread-2348] INFO  impl.FollowerState (FollowerState.java:run(108)) - 3989452c-7599-4156-9543-3fe544ced0f3@group-83CFD60236D8-FollowerState: change to CANDIDATE, lastRpcTime:47ms, electionTimeout:47ms
2019-10-16 22:15:12,197 [Thread-2348] INFO  impl.RoleInfo (RoleInfo.java:shutdownFollowerState(121)) - 3989452c-7599-4156-9543-3fe544ced0f3: shutdown FollowerState
2019-10-16 22:15:12,198 [Thread-2348] INFO  impl.RaftServerImpl (RaftServerImpl.java:setRole(184)) - 3989452c-7599-4156-9543-3fe544ced0f3@group-83CFD60236D8: changes role from  FOLLOWER to CANDIDATE at term 229 for changeToCandidate
2019-10-16 22:15:12,198 [Thread-2348] INFO  impl.RoleInfo (RoleInfo.java:updateAndGet(143)) - 3989452c-7599-4156-9543-3fe544ced0f3: start LeaderElection
2019-10-16 22:15:12,211 [3989452c-7599-4156-9543-3fe544ced0f3@group-83CFD60236D8-LeaderElection220] INFO  impl.LeaderElection (LeaderElection.java:askForVotes(178)) - 3989452c-7599-4156-9543-3fe544ced0f3@group-83CFD60236D8-LeaderElection220: begin an election at term 230 for -1: [3989452c-7599-4156-9543-3fe544ced0f3:192.168.157.254:36320, eec99a0c-e1b1-4518-bc49-9d1a8c8e04d5:192.168.157.254:45598, d9e6ea44-93db-446f-8020-a94232284285:192.168.157.254:41671], old=null
2019-10-16 22:15:12,213 [grpc-default-executor-23] INFO  impl.RaftServerImpl (RaftServerImpl.java:setRole(184)) - eec99a0c-e1b1-4518-bc49-9d1a8c8e04d5@group-83CFD60236D8: changes role from  FOLLOWER to FOLLOWER at term 230 for recognizeCandidate:3989452c-7599-4156-9543-3fe544ced0f3
2019-10-16 22:15:12,213 [grpc-default-executor-23] INFO  impl.RoleInfo (RoleInfo.java:shutdownFollowerState(121)) - eec99a0c-e1b1-4518-bc49-9d1a8c8e04d5: shutdown FollowerState
2019-10-16 22:15:12,213 [grpc-default-executor-18] INFO  impl.RaftServerImpl (RaftServerImpl.java:setRole(184)) - d9e6ea44-93db-446f-8020-a94232284285@group-83CFD60236D8: changes role from  FOLLOWER to FOLLOWER at term 230 for recognizeCandidate:3989452c-7599-4156-9543-3fe544ced0f3
2019-10-16 22:15:12,213 [Thread-2346] INFO  impl.FollowerState (FollowerState.java:run(117)) - eec99a0c-e1b1-4518-bc49-9d1a8c8e04d5@group-83CFD60236D8-FollowerState was interrupted: java.lang.InterruptedException: sleep interrupted
2019-10-16 22:15:12,213 [grpc-default-executor-23] INFO  impl.RoleInfo (RoleInfo.java:updateAndGet(143)) - eec99a0c-e1b1-4518-bc49-9d1a8c8e04d5: start FollowerState
2019-10-16 22:15:12,213 [grpc-default-executor-18] INFO  impl.RoleInfo (RoleInfo.java:shutdownFollowerState(121)) - d9e6ea44-93db-446f-8020-a94232284285: shutdown FollowerState
2019-10-16 22:15:12,214 [grpc-default-executor-18] INFO  impl.RoleInfo (RoleInfo.java:updateAndGet(143)) - d9e6ea44-93db-446f-8020-a94232284285: start FollowerState
2019-10-16 22:15:12,214 [Thread-2347] INFO  impl.FollowerState (FollowerState.java:run(117)) - d9e6ea44-93db-446f-8020-a94232284285@group-83CFD60236D8-FollowerState was interrupted: java.lang.InterruptedException: sleep interrupted
2019-10-16 22:15:12,229 [3989452c-7599-4156-9543-3fe544ced0f3@group-83CFD60236D8-LeaderElection220] INFO  impl.LeaderElection (LeaderElection.java:logAndReturn(56)) - 3989452c-7599-4156-9543-3fe544ced0f3@group-83CFD60236D8-LeaderElection220: Election REJECTED; received 2 response(s) [3989452c-7599-4156-9543-3fe544ced0f3<-eec99a0c-e1b1-4518-bc49-9d1a8c8e04d5#0:FAIL-t230, 3989452c-7599-4156-9543-3fe544ced0f3<-d9e6ea44-93db-446f-8020-a94232284285#0:FAIL-t230] and 0 exception(s); 3989452c-7599-4156-9543-3fe544ced0f3@group-83CFD60236D8:t230, leader=null, voted=3989452c-7599-4156-9543-3fe544ced0f3, raftlog=3989452c-7599-4156-9543-3fe544ced0f3@group-83CFD60236D8-SegmentedRaftLog:OPENED:c-1,f-1,i0, conf=-1: [3989452c-7599-4156-9543-3fe544ced0f3:192.168.157.254:36320, eec99a0c-e1b1-4518-bc49-9d1a8c8e04d5:192.168.157.254:45598, d9e6ea44-93db-446f-8020-a94232284285:192.168.157.254:41671], old=null
2019-10-16 22:15:12,229 [3989452c-7599-4156-9543-3fe544ced0f3@group-83CFD60236D8-LeaderElection220] INFO  impl.RaftServerImpl (RaftServerImpl.java:setRole(184)) - 3989452c-7599-4156-9543-3fe544ced0f3@group-83CFD60236D8: changes role from CANDIDATE to FOLLOWER at term 230 for DISCOVERED_A_NEW_TERM
2019-10-16 22:15:12,229 [3989452c-7599-4156-9543-3fe544ced0f3@group-83CFD60236D8-LeaderElection220] INFO  impl.RoleInfo (RoleInfo.java:shutdownLeaderElection(134)) - 3989452c-7599-4156-9543-3fe544ced0f3: shutdown LeaderElection
2019-10-16 22:15:12,229 [3989452c-7599-4156-9543-3fe544ced0f3@group-83CFD60236D8-LeaderElection220] INFO  impl.RoleInfo (RoleInfo.java:updateAndGet(143)) - 3989452c-7599-4156-9543-3fe544ced0f3: start FollowerState
2019-10-16 22:15:12,353 [Thread-2354] INFO  impl.FollowerState (FollowerState.java:run(108)) - 3989452c-7599-4156-9543-3fe544ced0f3@group-83CFD60236D8-FollowerState: change to CANDIDATE, lastRpcTime:124ms, electionTimeout:124ms
2019-10-16 22:15:12,354 [Thread-2354] INFO  impl.RoleInfo (RoleInfo.java:shutdownFollowerState(121)) - 3989452c-7599-4156-9543-3fe544ced0f3: shutdown FollowerState
2019-10-16 22:15:12,354 [Thread-2354] INFO  impl.RaftServerImpl (RaftServerImpl.java:setRole(184)) - 3989452c-7599-4156-9543-3fe544ced0f3@group-83CFD60236D8: changes role from  FOLLOWER to CANDIDATE at term 230 for changeToCandidate
2019-10-16 22:15:12,354 [Thread-2354] INFO  impl.RoleInfo (RoleInfo.java:updateAndGet(143)) - 3989452c-7599-4156-9543-3fe544ced0f3: start LeaderElection
2019-10-16 22:15:12,367 [3989452c-7599-4156-9543-3fe544ced0f3@group-83CFD60236D8-LeaderElection221] INFO  impl.LeaderElection (LeaderElection.java:askForVotes(178)) - 3989452c-7599-4156-9543-3fe544ced0f3@group-83CFD60236D8-LeaderElection221: begin an election at term 231 for -1: [3989452c-7599-4156-9543-3fe544ced0f3:192.168.157.254:36320, eec99a0c-e1b1-4518-bc49-9d1a8c8e04d5:192.168.157.254:45598, d9e6ea44-93db-446f-8020-a94232284285:192.168.157.254:41671], old=null
2019-10-16 22:15:12,369 [grpc-default-executor-23] INFO  impl.RaftServerImpl (RaftServerImpl.java:setRole(184)) - eec99a0c-e1b1-4518-bc49-9d1a8c8e04d5@group-83CFD60236D8: changes role from  FOLLOWER to FOLLOWER at term 231 for recognizeCandidate:3989452c-7599-4156-9543-3fe544ced0f3
2019-10-16 22:15:12,370 [grpc-default-executor-18] INFO  impl.RaftServerImpl (RaftServerImpl.java:setRole(184)) - d9e6ea44-93db-446f-8020-a94232284285@group-83CFD60236D8: changes role from  FOLLOWER to FOLLOWER at term 231 for recognizeCandidate:3989452c-7599-4156-9543-3fe544ced0f3
2019-10-16 22:15:12,370 [grpc-default-executor-23] INFO  impl.RoleInfo (RoleInfo.java:shutdownFollowerState(121)) - eec99a0c-e1b1-4518-bc49-9d1a8c8e04d5: shutdown FollowerState
2019-10-16 22:15:12,370 [grpc-default-executor-18] INFO  impl.RoleInfo (RoleInfo.java:shutdownFollowerState(121)) - d9e6ea44-93db-446f-8020-a94232284285: shutdown FollowerState
2019-10-16 22:15:12,370 [Thread-2352] INFO  impl.FollowerState (FollowerState.java:run(117)) - eec99a0c-e1b1-4518-bc49-9d1a8c8e04d5@group-83CFD60236D8-FollowerState was interrupted: java.lang.InterruptedException: sleep interrupted
2019-10-16 22:15:12,370 [grpc-default-executor-23] INFO  impl.RoleInfo (RoleInfo.java:updateAndGet(143)) - eec99a0c-e1b1-4518-bc49-9d1a8c8e04d5: start FollowerState
2019-10-16 22:15:12,370 [Thread-2353] INFO  impl.FollowerState (FollowerState.java:run(117)) - d9e6ea44-93db-446f-8020-a94232284285@group-83CFD60236D8-FollowerState was interrupted: java.lang.InterruptedException: sleep interrupted
2019-10-16 22:15:12,370 [grpc-default-executor-18] INFO  impl.RoleInfo (RoleInfo.java:updateAndGet(143)) - d9e6ea44-93db-446f-8020-a94232284285: start FollowerState
2019-10-16 22:15:12,386 [3989452c-7599-4156-9543-3fe544ced0f3@group-83CFD60236D8-LeaderElection221] INFO  impl.LeaderElection (LeaderElection.java:logAndReturn(56)) - 3989452c-7599-4156-9543-3fe544ced0f3@group-83CFD60236D8-LeaderElection221: Election REJECTED; received 2 response(s) [3989452c-7599-4156-9543-3fe544ced0f3<-eec99a0c-e1b1-4518-bc49-9d1a8c8e04d5#0:FAIL-t231, 3989452c-7599-4156-9543-3fe544ced0f3<-d9e6ea44-93db-446f-8020-a94232284285#0:FAIL-t231] and 0 exception(s); 3989452c-7599-4156-9543-3fe544ced0f3@group-83CFD60236D8:t231, leader=null, voted=3989452c-7599-4156-9543-3fe544ced0f3, raftlog=3989452c-7599-4156-9543-3fe544ced0f3@group-83CFD60236D8-SegmentedRaftLog:OPENED:c-1,f-1,i0, conf=-1: [3989452c-7599-4156-9543-3fe544ced0f3:192.168.157.254:36320, eec99a0c-e1b1-4518-bc49-9d1a8c8e04d5:192.168.157.254:45598, d9e6ea44-93db-446f-8020-a94232284285:192.168.157.254:41671], old=null
2019-10-16 22:15:12,386 [3989452c-7599-4156-9543-3fe544ced0f3@group-83CFD60236D8-LeaderElection221] INFO  impl.RaftServerImpl (RaftServerImpl.java:setRole(184)) - 3989452c-7599-4156-9543-3fe544ced0f3@group-83CFD60236D8: changes role from CANDIDATE to FOLLOWER at term 231 for DISCOVERED_A_NEW_TERM
2019-10-16 22:15:12,386 [3989452c-7599-4156-9543-3fe544ced0f3@group-83CFD60236D8-LeaderElection221] INFO  impl.RoleInfo (RoleInfo.java:shutdownLeaderElection(134)) - 3989452c-7599-4156-9543-3fe544ced0f3: shutdown LeaderElection
2019-10-16 22:15:12,387 [3989452c-7599-4156-9543-3fe544ced0f3@group-83CFD60236D8-LeaderElection221] INFO  impl.RoleInfo (RoleInfo.java:updateAndGet(143)) - 3989452c-7599-4156-9543-3fe544ced0f3: start FollowerState
2019-10-16 22:15:12,530 [Thread-2360] INFO  impl.FollowerState (FollowerState.java:run(108)) - 3989452c-7599-4156-9543-3fe544ced0f3@group-83CFD60236D8-FollowerState: change to CANDIDATE, lastRpcTime:143ms, electionTimeout:143ms
2019-10-16 22:15:12,530 [Thread-2360] INFO  impl.RoleInfo (RoleInfo.java:shutdownFollowerState(121)) - 3989452c-7599-4156-9543-3fe544ced0f3: shutdown FollowerState
2019-10-16 22:15:12,530 [Thread-2360] INFO  impl.RaftServerImpl (RaftServerImpl.java:setRole(184)) - 3989452c-7599-4156-9543-3fe544ced0f3@group-83CFD60236D8: changes role from  FOLLOWER to CANDIDATE at term 231 for changeToCandidate
2019-10-16 22:15:12,530 [Thread-2360] INFO  impl.RoleInfo (RoleInfo.java:updateAndGet(143)) - 3989452c-7599-4156-9543-3fe544ced0f3: start LeaderElection
2019-10-16 22:15:12,544 [3989452c-7599-4156-9543-3fe544ced0f3@group-83CFD60236D8-LeaderElection222] INFO  impl.LeaderElection (LeaderElection.java:askForVotes(178)) - 3989452c-7599-4156-9543-3fe544ced0f3@group-83CFD60236D8-LeaderElection222: begin an election at term 232 for -1: [3989452c-7599-4156-9543-3fe544ced0f3:192.168.157.254:36320, eec99a0c-e1b1-4518-bc49-9d1a8c8e04d5:192.168.157.254:45598, d9e6ea44-93db-446f-8020-a94232284285:192.168.157.254:41671], old=null
2019-10-16 22:15:12,546 [grpc-default-executor-23] INFO  impl.RaftServerImpl (RaftServerImpl.java:setRole(184)) - d9e6ea44-93db-446f-8020-a94232284285@group-83CFD60236D8: changes role from  FOLLOWER to FOLLOWER at term 232 for recognizeCandidate:3989452c-7599-4156-9543-3fe544ced0f3
2019-10-16 22:15:12,547 [grpc-default-executor-23] INFO  impl.RoleInfo (RoleInfo.java:shutdownFollowerState(121)) - d9e6ea44-93db-446f-8020-a94232284285: shutdown FollowerState
2019-10-16 22:15:12,547 [grpc-default-executor-23] INFO  impl.RoleInfo (RoleInfo.java:updateAndGet(143)) - d9e6ea44-93db-446f-8020-a94232284285: start FollowerState
2019-10-16 22:15:12,547 [grpc-default-executor-18] INFO  impl.RaftServerImpl (RaftServerImpl.java:setRole(184)) - eec99a0c-e1b1-4518-bc49-9d1a8c8e04d5@group-83CFD60236D8: changes role from  FOLLOWER to FOLLOWER at term 232 for recognizeCandidate:3989452c-7599-4156-9543-3fe544ced0f3
2019-10-16 22:15:12,547 [Thread-2359] INFO  impl.FollowerState (FollowerState.java:run(117)) - d9e6ea44-93db-446f-8020-a94232284285@group-83CFD60236D8-FollowerState was interrupted: java.lang.InterruptedException: sleep interrupted
2019-10-16 22:15:12,547 [grpc-default-executor-18] INFO  impl.RoleInfo (RoleInfo.java:shutdownFollowerState(121)) - eec99a0c-e1b1-4518-bc49-9d1a8c8e04d5: shutdown FollowerState
2019-10-16 22:15:12,547 [grpc-default-executor-18] INFO  impl.RoleInfo (RoleInfo.java:updateAndGet(143)) - eec99a0c-e1b1-4518-bc49-9d1a8c8e04d5: start FollowerState
2019-10-16 22:15:12,547 [Thread-2358] INFO  impl.FollowerState (FollowerState.java:run(117)) - eec99a0c-e1b1-4518-bc49-9d1a8c8e04d5@group-83CFD60236D8-FollowerState was interrupted: java.lang.InterruptedException: sleep interrupted
2019-10-16 22:15:12,557 [3989452c-7599-4156-9543-3fe544ced0f3@group-83CFD60236D8-LeaderElection222] INFO  impl.LeaderElection (LeaderElection.java:logAndReturn(56)) - 3989452c-7599-4156-9543-3fe544ced0f3@group-83CFD60236D8-LeaderElection222: Election TIMEOUT; received 0 response(s) [] and 0 exception(s); 3989452c-7599-4156-9543-3fe544ced0f3@group-83CFD60236D8:t232, leader=null, voted=3989452c-7599-4156-9543-3fe544ced0f3, raftlog=3989452c-7599-4156-9543-3fe544ced0f3@group-83CFD60236D8-SegmentedRaftLog:OPENED:c-1,f-1,i0, conf=-1: [3989452c-7599-4156-9543-3fe544ced0f3:192.168.157.254:36320, eec99a0c-e1b1-4518-bc49-9d1a8c8e04d5:192.168.157.254:45598, d9e6ea44-93db-446f-8020-a94232284285:192.168.157.254:41671], old=null
2019-10-16 22:15:12,561 [3989452c-7599-4156-9543-3fe544ced0f3@group-83CFD60236D8-LeaderElection222] INFO  impl.LeaderElection (LeaderElection.java:askForVotes(178)) - 3989452c-7599-4156-9543-3fe544ced0f3@group-83CFD60236D8-LeaderElection222: begin an election at term 233 for -1: [3989452c-7599-4156-9543-3fe544ced0f3:192.168.157.254:36320, eec99a0c-e1b1-4518-bc49-9d1a8c8e04d5:192.168.157.254:45598, d9e6ea44-93db-446f-8020-a94232284285:192.168.157.254:41671], old=null
2019-10-16 22:15:12,563 [grpc-default-executor-23] INFO  impl.RaftServerImpl (RaftServerImpl.java:setRole(184)) - d9e6ea44-93db-446f-8020-a94232284285@group-83CFD60236D8: changes role from  FOLLOWER to FOLLOWER at term 233 for recognizeCandidate:3989452c-7599-4156-9543-3fe544ced0f3
2019-10-16 22:15:12,563 [grpc-default-executor-23] INFO  impl.RoleInfo (RoleInfo.java:shutdownFollowerState(121)) - d9e6ea44-93db-446f-8020-a94232284285: shutdown FollowerState
2019-10-16 22:15:12,563 [grpc-default-executor-23] INFO  impl.RoleInfo (RoleInfo.java:updateAndGet(143)) - d9e6ea44-93db-446f-8020-a94232284285: start FollowerState
2019-10-16 22:15:12,563 [Thread-2364] INFO  impl.FollowerState (FollowerState.java:run(117)) - d9e6ea44-93db-446f-8020-a94232284285@group-83CFD60236D8-FollowerState was interrupted: java.lang.InterruptedException: sleep interrupted
2019-10-16 22:15:12,563 [grpc-default-executor-18] INFO  impl.RaftServerImpl (RaftServerImpl.java:setRole(184)) - eec99a0c-e1b1-4518-bc49-9d1a8c8e04d5@group-83CFD60236D8: changes role from  FOLLOWER to FOLLOWER at term 233 for recognizeCandidate:3989452c-7599-4156-9543-3fe544ced0f3
2019-10-16 22:15:12,563 [grpc-default-executor-18] INFO  impl.RoleInfo (RoleInfo.java:shutdownFollowerState(121)) - eec99a0c-e1b1-4518-bc49-9d1a8c8e04d5: shutdown FollowerState
2019-10-16 22:15:12,563 [grpc-default-executor-18] INFO  impl.RoleInfo (RoleInfo.java:updateAndGet(143)) - eec99a0c-e1b1-4518-bc49-9d1a8c8e04d5: start FollowerState
2019-10-16 22:15:12,563 [Thread-2365] INFO  impl.FollowerState (FollowerState.java:run(117)) - eec99a0c-e1b1-4518-bc49-9d1a8c8e04d5@group-83CFD60236D8-FollowerState was interrupted: java.lang.InterruptedException: sleep interrupted
2019-10-16 22:15:12,564 [3989452c-7599-4156-9543-3fe544ced0f3@group-83CFD60236D8-LeaderElection222] INFO  impl.LeaderElection (LeaderElection.java:logAndReturn(56)) - 3989452c-7599-4156-9543-3fe544ced0f3@group-83CFD60236D8-LeaderElection222: Election TIMEOUT; received 0 response(s) [] and 0 exception(s); 3989452c-7599-4156-9543-3fe544ced0f3@group-83CFD60236D8:t233, leader=null, voted=3989452c-7599-4156-9543-3fe544ced0f3, raftlog=3989452c-7599-4156-9543-3fe544ced0f3@group-83CFD60236D8-SegmentedRaftLog:OPENED:c-1,f-1,i0, conf=-1: [3989452c-7599-4156-9543-3fe544ced0f3:192.168.157.254:36320, eec99a0c-e1b1-4518-bc49-9d1a8c8e04d5:192.168.157.254:45598, d9e6ea44-93db-446f-8020-a94232284285:192.168.157.254:41671], old=null
2019-10-16 22:15:12,577 [3989452c-7599-4156-9543-3fe544ced0f3@group-83CFD60236D8-LeaderElection222] INFO  impl.LeaderElection (LeaderElection.java:askForVotes(178)) - 3989452c-7599-4156-9543-3fe544ced0f3@group-83CFD60236D8-LeaderElection222: begin an election at term 234 for -1: [3989452c-7599-4156-9543-3fe544ced0f3:192.168.157.254:36320, eec99a0c-e1b1-4518-bc49-9d1a8c8e04d5:192.168.157.254:45598, d9e6ea44-93db-446f-8020-a94232284285:192.168.157.254:41671], old=null
2019-10-16 22:15:12,578 [grpc-default-executor-23] INFO  impl.RaftServerImpl (RaftServerImpl.java:setRole(184)) - eec99a0c-e1b1-4518-bc49-9d1a8c8e04d5@group-83CFD60236D8: changes role from  FOLLOWER to FOLLOWER at term 234 for recognizeCandidate:3989452c-7599-4156-9543-3fe544ced0f3
2019-10-16 22:15:12,578 [grpc-default-executor-23] INFO  impl.RoleInfo (RoleInfo.java:shutdownFollowerState(121)) - eec99a0c-e1b1-4518-bc49-9d1a8c8e04d5: shutdown FollowerState
2019-10-16 22:15:12,578 [grpc-default-executor-23] INFO  impl.RoleInfo (RoleInfo.java:updateAndGet(143)) - eec99a0c-e1b1-4518-bc49-9d1a8c8e04d5: start FollowerState
2019-10-16 22:15:12,578 [Thread-2369] INFO  impl.FollowerState (FollowerState.java:run(117)) - eec99a0c-e1b1-4518-bc49-9d1a8c8e04d5@group-83CFD60236D8-FollowerState was interrupted: java.lang.InterruptedException: sleep interrupted
2019-10-16 22:15:12,578 [grpc-default-executor-18] INFO  impl.RaftServerImpl (RaftServerImpl.java:setRole(184)) - d9e6ea44-93db-446f-8020-a94232284285@group-83CFD60236D8: changes role from  FOLLOWER to FOLLOWER at term 234 for recognizeCandidate:3989452c-7599-4156-9543-3fe544ced0f3
2019-10-16 22:15:12,579 [grpc-default-executor-18] INFO  impl.RoleInfo (RoleInfo.java:shutdownFollowerState(121)) - d9e6ea44-93db-446f-8020-a94232284285: shutdown FollowerState
2019-10-16 22:15:12,579 [grpc-default-executor-18] INFO  impl.RoleInfo (RoleInfo.java:updateAndGet(143)) - d9e6ea44-93db-446f-8020-a94232284285: start FollowerState
2019-10-16 22:15:12,579 [Thread-2368] INFO  impl.FollowerState (FollowerState.java:run(117)) - d9e6ea44-93db-446f-8020-a94232284285@group-83CFD60236D8-FollowerState was interrupted: java.lang.InterruptedException: sleep interrupted
2019-10-16 22:15:12,592 [3989452c-7599-4156-9543-3fe544ced0f3@group-83CFD60236D8-LeaderElection222] INFO  impl.LeaderElection (LeaderElection.java:logAndReturn(56)) - 3989452c-7599-4156-9543-3fe544ced0f3@group-83CFD60236D8-LeaderElection222: Election REJECTED; received 2 response(s) [3989452c-7599-4156-9543-3fe544ced0f3<-eec99a0c-e1b1-4518-bc49-9d1a8c8e04d5#0:FAIL-t234, 3989452c-7599-4156-9543-3fe544ced0f3<-d9e6ea44-93db-446f-8020-a94232284285#0:FAIL-t234] and 0 exception(s); 3989452c-7599-4156-9543-3fe544ced0f3@group-83CFD60236D8:t234, leader=null, voted=3989452c-7599-4156-9543-3fe544ced0f3, raftlog=3989452c-7599-4156-9543-3fe544ced0f3@group-83CFD60236D8-SegmentedRaftLog:OPENED:c-1,f-1,i0, conf=-1: [3989452c-7599-4156-9543-3fe544ced0f3:192.168.157.254:36320, eec99a0c-e1b1-4518-bc49-9d1a8c8e04d5:192.168.157.254:45598, d9e6ea44-93db-446f-8020-a94232284285:192.168.157.254:41671], old=null
2019-10-16 22:15:12,592 [3989452c-7599-4156-9543-3fe544ced0f3@group-83CFD60236D8-LeaderElection222] INFO  impl.RaftServerImpl (RaftServerImpl.java:setRole(184)) - 3989452c-7599-4156-9543-3fe544ced0f3@group-83CFD60236D8: changes role from CANDIDATE to FOLLOWER at term 234 for DISCOVERED_A_NEW_TERM
2019-10-16 22:15:12,592 [3989452c-7599-4156-9543-3fe544ced0f3@group-83CFD60236D8-LeaderElection222] INFO  impl.RoleInfo (RoleInfo.java:shutdownLeaderElection(134)) - 3989452c-7599-4156-9543-3fe544ced0f3: shutdown LeaderElection
2019-10-16 22:15:12,593 [3989452c-7599-4156-9543-3fe544ced0f3@group-83CFD60236D8-LeaderElection222] INFO  impl.RoleInfo (RoleInfo.java:updateAndGet(143)) - 3989452c-7599-4156-9543-3fe544ced0f3: start FollowerState
2019-10-16 22:15:12,673 [Thread-2374] INFO  impl.FollowerState (FollowerState.java:run(108)) - 3989452c-7599-4156-9543-3fe544ced0f3@group-83CFD60236D8-FollowerState: change to CANDIDATE, lastRpcTime:80ms, electionTimeout:80ms
2019-10-16 22:15:12,673 [Thread-2374] INFO  impl.RoleInfo (RoleInfo.java:shutdownFollowerState(121)) - 3989452c-7599-4156-9543-3fe544ced0f3: shutdown FollowerState
2019-10-16 22:15:12,673 [Thread-2374] INFO  impl.RaftServerImpl (RaftServerImpl.java:setRole(184)) - 3989452c-7599-4156-9543-3fe544ced0f3@group-83CFD60236D8: changes role from  FOLLOWER to CANDIDATE at term 234 for changeToCandidate
2019-10-16 22:15:12,673 [Thread-2374] INFO  impl.RoleInfo (RoleInfo.java:updateAndGet(143)) - 3989452c-7599-4156-9543-3fe544ced0f3: start LeaderElection
2019-10-16 22:15:12,687 [3989452c-7599-4156-9543-3fe544ced0f3@group-83CFD60236D8-LeaderElection223] INFO  impl.LeaderElection (LeaderElection.java:askForVotes(178)) - 3989452c-7599-4156-9543-3fe544ced0f3@group-83CFD60236D8-LeaderElection223: begin an election at term 235 for -1: [3989452c-7599-4156-9543-3fe544ced0f3:192.168.157.254:36320, eec99a0c-e1b1-4518-bc49-9d1a8c8e04d5:192.168.157.254:45598, d9e6ea44-93db-446f-8020-a94232284285:192.168.157.254:41671], old=null
2019-10-16 22:15:12,689 [grpc-default-executor-18] INFO  impl.RaftServerImpl (RaftServerImpl.java:setRole(184)) - eec99a0c-e1b1-4518-bc49-9d1a8c8e04d5@group-83CFD60236D8: changes role from  FOLLOWER to FOLLOWER at term 235 for recognizeCandidate:3989452c-7599-4156-9543-3fe544ced0f3
2019-10-16 22:15:12,689 [grpc-default-executor-18] INFO  impl.RoleInfo (RoleInfo.java:shutdownFollowerState(121)) - eec99a0c-e1b1-4518-bc49-9d1a8c8e04d5: shutdown FollowerState
2019-10-16 22:15:12,689 [grpc-default-executor-23] INFO  impl.RaftServerImpl (RaftServerImpl.java:setRole(184)) - d9e6ea44-93db-446f-8020-a94232284285@group-83CFD60236D8: changes role from  FOLLOWER to FOLLOWER at term 235 for recognizeCandidate:3989452c-7599-4156-9543-3fe544ced0f3
2019-10-16 22:15:12,689 [grpc-default-executor-23] INFO  impl.RoleInfo (RoleInfo.java:shutdownFollowerState(121)) - d9e6ea44-93db-446f-8020-a94232284285: shutdown FollowerState
2019-10-16 22:15:12,689 [Thread-2372] INFO  impl.FollowerState (FollowerState.java:run(117)) - eec99a0c-e1b1-4518-bc49-9d1a8c8e04d5@group-83CFD60236D8-FollowerState was interrupted: java.lang.InterruptedException: sleep interrupted
2019-10-16 22:15:12,689 [grpc-default-executor-18] INFO  impl.RoleInfo (RoleInfo.java:updateAndGet(143)) - eec99a0c-e1b1-4518-bc49-9d1a8c8e04d5: start FollowerState
2019-10-16 22:15:12,690 [Thread-2373] INFO  impl.FollowerState (FollowerState.java:run(117)) - d9e6ea44-93db-446f-8020-a94232284285@group-83CFD60236D8-FollowerState was interrupted: java.lang.InterruptedException: sleep interrupted
2019-10-16 22:15:12,690 [grpc-default-executor-23] INFO  impl.RoleInfo (RoleInfo.java:updateAndGet(143)) - d9e6ea44-93db-446f-8020-a94232284285: start FollowerState
2019-10-16 22:15:12,704 [3989452c-7599-4156-9543-3fe544ced0f3@group-83CFD60236D8-LeaderElection223] INFO  impl.LeaderElection (LeaderElection.java:logAndReturn(56)) - 3989452c-7599-4156-9543-3fe544ced0f3@group-83CFD60236D8-LeaderElection223: Election REJECTED; received 2 response(s) [3989452c-7599-4156-9543-3fe544ced0f3<-eec99a0c-e1b1-4518-bc49-9d1a8c8e04d5#0:FAIL-t235, 3989452c-7599-4156-9543-3fe544ced0f3<-d9e6ea44-93db-446f-8020-a94232284285#0:FAIL-t235] and 0 exception(s); 3989452c-7599-4156-9543-3fe544ced0f3@group-83CFD60236D8:t235, leader=null, voted=3989452c-7599-4156-9543-3fe544ced0f3, raftlog=3989452c-7599-4156-9543-3fe544ced0f3@group-83CFD60236D8-SegmentedRaftLog:OPENED:c-1,f-1,i0, conf=-1: [3989452c-7599-4156-9543-3fe544ced0f3:192.168.157.254:36320, eec99a0c-e1b1-4518-bc49-9d1a8c8e04d5:192.168.157.254:45598, d9e6ea44-93db-446f-8020-a94232284285:192.168.157.254:41671], old=null
2019-10-16 22:15:12,705 [3989452c-7599-4156-9543-3fe544ced0f3@group-83CFD60236D8-LeaderElection223] INFO  impl.RaftServerImpl (RaftServerImpl.java:setRole(184)) - 3989452c-7599-4156-9543-3fe544ced0f3@group-83CFD60236D8: changes role from CANDIDATE to FOLLOWER at term 235 for DISCOVERED_A_NEW_TERM
2019-10-16 22:15:12,705 [3989452c-7599-4156-9543-3fe544ced0f3@group-83CFD60236D8-LeaderElection223] INFO  impl.RoleInfo (RoleInfo.java:shutdownLeaderElection(134)) - 3989452c-7599-4156-9543-3fe544ced0f3: shutdown LeaderElection
2019-10-16 22:15:12,705 [3989452c-7599-4156-9543-3fe544ced0f3@group-83CFD60236D8-LeaderElection223] INFO  impl.RoleInfo (RoleInfo.java:updateAndGet(143)) - 3989452c-7599-4156-9543-3fe544ced0f3: start FollowerState
2019-10-16 22:15:12,819 [Thread-2380] INFO  impl.FollowerState (FollowerState.java:run(108)) - 3989452c-7599-4156-9543-3fe544ced0f3@group-83CFD60236D8-FollowerState: change to CANDIDATE, lastRpcTime:114ms, electionTimeout:114ms
2019-10-16 22:15:12,819 [Thread-2380] INFO  impl.RoleInfo (RoleInfo.java:shutdownFollowerState(121)) - 3989452c-7599-4156-9543-3fe544ced0f3: shutdown FollowerState
2019-10-16 22:15:12,819 [Thread-2380] INFO  impl.RaftServerImpl (RaftServerImpl.java:setRole(184)) - 3989452c-7599-4156-9543-3fe544ced0f3@group-83CFD60236D8: changes role from  FOLLOWER to CANDIDATE at term 235 for changeToCandidate
2019-10-16 22:15:12,820 [Thread-2380] INFO  impl.RoleInfo (RoleInfo.java:updateAndGet(143)) - 3989452c-7599-4156-9543-3fe544ced0f3: start LeaderElection
2019-10-16 22:15:12,833 [3989452c-7599-4156-9543-3fe544ced0f3@group-83CFD60236D8-LeaderElection224] INFO  impl.LeaderElection (LeaderElection.java:askForVotes(178)) - 3989452c-7599-4156-9543-3fe544ced0f3@group-83CFD60236D8-LeaderElection224: begin an election at term 236 for -1: [3989452c-7599-4156-9543-3fe544ced0f3:192.168.157.254:36320, eec99a0c-e1b1-4518-bc49-9d1a8c8e04d5:192.168.157.254:45598, d9e6ea44-93db-446f-8020-a94232284285:192.168.157.254:41671], old=null
2019-10-16 22:15:12,835 [grpc-default-executor-23] INFO  impl.RaftServerImpl (RaftServerImpl.java:setRole(184)) - eec99a0c-e1b1-4518-bc49-9d1a8c8e04d5@group-83CFD60236D8: changes role from  FOLLOWER to FOLLOWER at term 236 for recognizeCandidate:3989452c-7599-4156-9543-3fe544ced0f3
2019-10-16 22:15:12,835 [grpc-default-executor-23] INFO  impl.RoleInfo (RoleInfo.java:shutdownFollowerState(121)) - eec99a0c-e1b1-4518-bc49-9d1a8c8e04d5: shutdown FollowerState
2019-10-16 22:15:12,835 [grpc-default-executor-23] INFO  impl.RoleInfo (RoleInfo.java:updateAndGet(143)) - eec99a0c-e1b1-4518-bc49-9d1a8c8e04d5: start FollowerState
2019-10-16 22:15:12,835 [Thread-2378] INFO  impl.FollowerState (FollowerState.java:run(117)) - eec99a0c-e1b1-4518-bc49-9d1a8c8e04d5@group-83CFD60236D8-FollowerState was interrupted: java.lang.InterruptedException: sleep interrupted
2019-10-16 22:15:12,835 [grpc-default-executor-18] INFO  impl.RaftServerImpl (RaftServerImpl.java:setRole(184)) - d9e6ea44-93db-446f-8020-a94232284285@group-83CFD60236D8: changes role from  FOLLOWER to FOLLOWER at term 236 for recognizeCandidate:3989452c-7599-4156-9543-3fe544ced0f3
2019-10-16 22:15:12,836 [grpc-default-executor-18] INFO  impl.RoleInfo (RoleInfo.java:shutdownFollowerState(121)) - d9e6ea44-93db-446f-8020-a94232284285: shutdown FollowerState
2019-10-16 22:15:12,836 [grpc-default-executor-18] INFO  impl.RoleInfo (RoleInfo.java:updateAndGet(143)) - d9e6ea44-93db-446f-8020-a94232284285: start FollowerState
2019-10-16 22:15:12,836 [Thread-2379] INFO  impl.FollowerState (FollowerState.java:run(117)) - d9e6ea44-93db-446f-8020-a94232284285@group-83CFD60236D8-FollowerState was interrupted: java.lang.InterruptedException: sleep interrupted
2019-10-16 22:15:12,850 [3989452c-7599-4156-9543-3fe544ced0f3@group-83CFD60236D8-LeaderElection224] INFO  impl.LeaderElection (LeaderElection.java:logAndReturn(56)) - 3989452c-7599-4156-9543-3fe544ced0f3@group-83CFD60236D8-LeaderElection224: Election REJECTED; received 2 response(s) [3989452c-7599-4156-9543-3fe544ced0f3<-eec99a0c-e1b1-4518-bc49-9d1a8c8e04d5#0:FAIL-t236, 3989452c-7599-4156-9543-3fe544ced0f3<-d9e6ea44-93db-446f-8020-a94232284285#0:FAIL-t236] and 0 exception(s); 3989452c-7599-4156-9543-3fe544ced0f3@group-83CFD60236D8:t236, leader=null, voted=3989452c-7599-4156-9543-3fe544ced0f3, raftlog=3989452c-7599-4156-9543-3fe544ced0f3@group-83CFD60236D8-SegmentedRaftLog:OPENED:c-1,f-1,i0, conf=-1: [3989452c-7599-4156-9543-3fe544ced0f3:192.168.157.254:36320, eec99a0c-e1b1-4518-bc49-9d1a8c8e04d5:192.168.157.254:45598, d9e6ea44-93db-446f-8020-a94232284285:192.168.157.254:41671], old=null
2019-10-16 22:15:12,850 [3989452c-7599-4156-9543-3fe544ced0f3@group-83CFD60236D8-LeaderElection224] INFO  impl.RaftServerImpl (RaftServerImpl.java:setRole(184)) - 3989452c-7599-4156-9543-3fe544ced0f3@group-83CFD60236D8: changes role from CANDIDATE to FOLLOWER at term 236 for DISCOVERED_A_NEW_TERM
2019-10-16 22:15:12,850 [3989452c-7599-4156-9543-3fe544ced0f3@group-83CFD60236D8-LeaderElection224] INFO  impl.RoleInfo (RoleInfo.java:shutdownLeaderElection(134)) - 3989452c-7599-4156-9543-3fe544ced0f3: shutdown LeaderElection
2019-10-16 22:15:12,850 [3989452c-7599-4156-9543-3fe544ced0f3@group-83CFD60236D8-LeaderElection224] INFO  impl.RoleInfo (RoleInfo.java:updateAndGet(143)) - 3989452c-7599-4156-9543-3fe544ced0f3: start FollowerState
2019-10-16 22:15:12,956 [Thread-2386] INFO  impl.FollowerState (FollowerState.java:run(108)) - 3989452c-7599-4156-9543-3fe544ced0f3@group-83CFD60236D8-FollowerState: change to CANDIDATE, lastRpcTime:105ms, electionTimeout:105ms
2019-10-16 22:15:12,956 [Thread-2386] INFO  impl.RoleInfo (RoleInfo.java:shutdownFollowerState(121)) - 3989452c-7599-4156-9543-3fe544ced0f3: shutdown FollowerState
2019-10-16 22:15:12,956 [Thread-2386] INFO  impl.RaftServerImpl (RaftServerImpl.java:setRole(184)) - 3989452c-7599-4156-9543-3fe544ced0f3@group-83CFD60236D8: changes role from  FOLLOWER to CANDIDATE at term 236 for changeToCandidate
2019-10-16 22:15:12,956 [Thread-2386] INFO  impl.RoleInfo (RoleInfo.java:updateAndGet(143)) - 3989452c-7599-4156-9543-3fe544ced0f3: start LeaderElection
2019-10-16 22:15:12,965 [3989452c-7599-4156-9543-3fe544ced0f3@group-83CFD60236D8-LeaderElection225] INFO  impl.LeaderElection (LeaderElection.java:askForVotes(178)) - 3989452c-7599-4156-9543-3fe544ced0f3@group-83CFD60236D8-LeaderElection225: begin an election at term 237 for -1: [3989452c-7599-4156-9543-3fe544ced0f3:192.168.157.254:36320, eec99a0c-e1b1-4518-bc49-9d1a8c8e04d5:192.168.157.254:45598, d9e6ea44-93db-446f-8020-a94232284285:192.168.157.254:41671], old=null
2019-10-16 22:15:12,967 [grpc-default-executor-18] INFO  impl.RaftServerImpl (RaftServerImpl.java:setRole(184)) - eec99a0c-e1b1-4518-bc49-9d1a8c8e04d5@group-83CFD60236D8: changes role from  FOLLOWER to FOLLOWER at term 237 for recognizeCandidate:3989452c-7599-4156-9543-3fe544ced0f3
2019-10-16 22:15:12,967 [grpc-default-executor-18] INFO  impl.RoleInfo (RoleInfo.java:shutdownFollowerState(121)) - eec99a0c-e1b1-4518-bc49-9d1a8c8e04d5: shutdown FollowerState
2019-10-16 22:15:12,967 [grpc-default-executor-23] INFO  impl.RaftServerImpl (RaftServerImpl.java:setRole(184)) - d9e6ea44-93db-446f-8020-a94232284285@group-83CFD60236D8: changes role from  FOLLOWER to FOLLOWER at term 237 for recognizeCandidate:3989452c-7599-4156-9543-3fe544ced0f3
2019-10-16 22:15:12,967 [Thread-2384] INFO  impl.FollowerState (FollowerState.java:run(117)) - eec99a0c-e1b1-4518-bc49-9d1a8c8e04d5@group-83CFD60236D8-FollowerState was interrupted: java.lang.InterruptedException: sleep interrupted
2019-10-16 22:15:12,967 [grpc-default-executor-18] INFO  impl.RoleInfo (RoleInfo.java:updateAndGet(143)) - eec99a0c-e1b1-4518-bc49-9d1a8c8e04d5: start FollowerState
2019-10-16 22:15:12,967 [grpc-default-executor-23] INFO  impl.RoleInfo (RoleInfo.java:shutdownFollowerState(121)) - d9e6ea44-93db-446f-8020-a94232284285: shutdown FollowerState
2019-10-16 22:15:12,968 [grpc-default-executor-23] INFO  impl.RoleInfo (RoleInfo.java:updateAndGet(143)) - d9e6ea44-93db-446f-8020-a94232284285: start FollowerState
2019-10-16 22:15:12,968 [Thread-2385] INFO  impl.FollowerState (FollowerState.java:run(117)) - d9e6ea44-93db-446f-8020-a94232284285@group-83CFD60236D8-FollowerState was interrupted: java.lang.InterruptedException: sleep interrupted
2019-10-16 22:15:12,983 [3989452c-7599-4156-9543-3fe544ced0f3@group-83CFD60236D8-LeaderElection225] INFO  impl.LeaderElection (LeaderElection.java:logAndReturn(56)) - 3989452c-7599-4156-9543-3fe544ced0f3@group-83CFD60236D8-LeaderElection225: Election REJECTED; received 2 response(s) [3989452c-7599-4156-9543-3fe544ced0f3<-eec99a0c-e1b1-4518-bc49-9d1a8c8e04d5#0:FAIL-t237, 3989452c-7599-4156-9543-3fe544ced0f3<-d9e6ea44-93db-446f-8020-a94232284285#0:FAIL-t237] and 0 exception(s); 3989452c-7599-4156-9543-3fe544ced0f3@group-83CFD60236D8:t237, leader=null, voted=3989452c-7599-4156-9543-3fe544ced0f3, raftlog=3989452c-7599-4156-9543-3fe544ced0f3@group-83CFD60236D8-SegmentedRaftLog:OPENED:c-1,f-1,i0, conf=-1: [3989452c-7599-4156-9543-3fe544ced0f3:192.168.157.254:36320, eec99a0c-e1b1-4518-bc49-9d1a8c8e04d5:192.168.157.254:45598, d9e6ea44-93db-446f-8020-a94232284285:192.168.157.254:41671], old=null
2019-10-16 22:15:12,983 [3989452c-7599-4156-9543-3fe544ced0f3@group-83CFD60236D8-LeaderElection225] INFO  impl.RaftServerImpl (RaftServerImpl.java:setRole(184)) - 3989452c-7599-4156-9543-3fe544ced0f3@group-83CFD60236D8: changes role from CANDIDATE to FOLLOWER at term 237 for DISCOVERED_A_NEW_TERM
2019-10-16 22:15:12,984 [3989452c-7599-4156-9543-3fe544ced0f3@group-83CFD60236D8-LeaderElection225] INFO  impl.RoleInfo (RoleInfo.java:shutdownLeaderElection(134)) - 3989452c-7599-4156-9543-3fe544ced0f3: shutdown LeaderElection
2019-10-16 22:15:12,984 [3989452c-7599-4156-9543-3fe544ced0f3@group-83CFD60236D8-LeaderElection225] INFO  impl.RoleInfo (RoleInfo.java:updateAndGet(143)) - 3989452c-7599-4156-9543-3fe544ced0f3: start FollowerState
 0.00% |?                                                                                                    |  0/1 Time: 0:06:292019-10-16 22:15:13,137 [Thread-2392] INFO  impl.FollowerState (FollowerState.java:run(108)) - 3989452c-7599-4156-9543-3fe544ced0f3@group-83CFD60236D8-FollowerState: change to CANDIDATE, lastRpcTime:153ms, electionTimeout:153ms
2019-10-16 22:15:13,137 [Thread-2392] INFO  impl.RoleInfo (RoleInfo.java:shutdownFollowerState(121)) - 3989452c-7599-4156-9543-3fe544ced0f3: shutdown FollowerState
2019-10-16 22:15:13,137 [Thread-2392] INFO  impl.RaftServerImpl (RaftServerImpl.java:setRole(184)) - 3989452c-7599-4156-9543-3fe544ced0f3@group-83CFD60236D8: changes role from  FOLLOWER to CANDIDATE at term 237 for changeToCandidate
2019-10-16 22:15:13,138 [Thread-2392] INFO  impl.RoleInfo (RoleInfo.java:updateAndGet(143)) - 3989452c-7599-4156-9543-3fe544ced0f3: start LeaderElection
2019-10-16 22:15:13,163 [3989452c-7599-4156-9543-3fe544ced0f3@group-83CFD60236D8-LeaderElection226] INFO  impl.LeaderElection (LeaderElection.java:askForVotes(178)) - 3989452c-7599-4156-9543-3fe544ced0f3@group-83CFD60236D8-LeaderElection226: begin an election at term 238 for -1: [3989452c-7599-4156-9543-3fe544ced0f3:192.168.157.254:36320, eec99a0c-e1b1-4518-bc49-9d1a8c8e04d5:192.168.157.254:45598, d9e6ea44-93db-446f-8020-a94232284285:192.168.157.254:41671], old=null
2019-10-16 22:15:13,165 [grpc-default-executor-18] INFO  impl.RaftServerImpl (RaftServerImpl.java:setRole(184)) - eec99a0c-e1b1-4518-bc49-9d1a8c8e04d5@group-83CFD60236D8: changes role from  FOLLOWER to FOLLOWER at term 238 for recognizeCandidate:3989452c-7599-4156-9543-3fe544ced0f3
2019-10-16 22:15:13,165 [grpc-default-executor-18] INFO  impl.RoleInfo (RoleInfo.java:shutdownFollowerState(121)) - eec99a0c-e1b1-4518-bc49-9d1a8c8e04d5: shutdown FollowerState
2019-10-16 22:15:13,166 [grpc-default-executor-23] INFO  impl.RaftServerImpl (RaftServerImpl.java:setRole(184)) - d9e6ea44-93db-446f-8020-a94232284285@group-83CFD60236D8: changes role from  FOLLOWER to FOLLOWER at term 238 for recognizeCandidate:3989452c-7599-4156-9543-3fe544ced0f3
2019-10-16 22:15:13,166 [grpc-default-executor-23] INFO  impl.RoleInfo (RoleInfo.java:shutdownFollowerState(121)) - d9e6ea44-93db-446f-8020-a94232284285: shutdown FollowerState
2019-10-16 22:15:13,166 [Thread-2390] INFO  impl.FollowerState (FollowerState.java:run(117)) - eec99a0c-e1b1-4518-bc49-9d1a8c8e04d5@group-83CFD60236D8-FollowerState was interrupted: java.lang.InterruptedException: sleep interrupted
2019-10-16 22:15:13,166 [grpc-default-executor-18] INFO  impl.RoleInfo (RoleInfo.java:updateAndGet(143)) - eec99a0c-e1b1-4518-bc49-9d1a8c8e04d5: start FollowerState
2019-10-16 22:15:13,166 [Thread-2391] INFO  impl.FollowerState (FollowerState.java:run(117)) - d9e6ea44-93db-446f-8020-a94232284285@group-83CFD60236D8-FollowerState was interrupted: java.lang.InterruptedException: sleep interrupted
2019-10-16 22:15:13,166 [grpc-default-executor-23] INFO  impl.RoleInfo (RoleInfo.java:updateAndGet(143)) - d9e6ea44-93db-446f-8020-a94232284285: start FollowerState
2019-10-16 22:15:13,180 [3989452c-7599-4156-9543-3fe544ced0f3@group-83CFD60236D8-LeaderElection226] INFO  impl.LeaderElection (LeaderElection.java:logAndReturn(56)) - 3989452c-7599-4156-9543-3fe544ced0f3@group-83CFD60236D8-LeaderElection226: Election REJECTED; received 2 response(s) [3989452c-7599-4156-9543-3fe544ced0f3<-eec99a0c-e1b1-4518-bc49-9d1a8c8e04d5#0:FAIL-t238, 3989452c-7599-4156-9543-3fe544ced0f3<-d9e6ea44-93db-446f-8020-a94232284285#0:FAIL-t238] and 0 exception(s); 3989452c-7599-4156-9543-3fe544ced0f3@group-83CFD60236D8:t238, leader=null, voted=3989452c-7599-4156-9543-3fe544ced0f3, raftlog=3989452c-7599-4156-9543-3fe544ced0f3@group-83CFD60236D8-SegmentedRaftLog:OPENED:c-1,f-1,i0, conf=-1: [3989452c-7599-4156-9543-3fe544ced0f3:192.168.157.254:36320, eec99a0c-e1b1-4518-bc49-9d1a8c8e04d5:192.168.157.254:45598, d9e6ea44-93db-446f-8020-a94232284285:192.168.157.254:41671], old=null
2019-10-16 22:15:13,180 [3989452c-7599-4156-9543-3fe544ced0f3@group-83CFD60236D8-LeaderElection226] INFO  impl.RaftServerImpl (RaftServerImpl.java:setRole(184)) - 3989452c-7599-4156-9543-3fe544ced0f3@group-83CFD60236D8: changes role from CANDIDATE to FOLLOWER at term 238 for DISCOVERED_A_NEW_TERM
2019-10-16 22:15:13,180 [3989452c-7599-4156-9543-3fe544ced0f3@group-83CFD60236D8-LeaderElection226] INFO  impl.RoleInfo (RoleInfo.java:shutdownLeaderElection(134)) - 3989452c-7599-4156-9543-3fe544ced0f3: shutdown LeaderElection
2019-10-16 22:15:13,180 [3989452c-7599-4156-9543-3fe544ced0f3@group-83CFD60236D8-LeaderElection226] INFO  impl.RoleInfo (RoleInfo.java:updateAndGet(143)) - 3989452c-7599-4156-9543-3fe544ced0f3: start FollowerState
2019-10-16 22:15:13,204 [Thread-2398] INFO  impl.FollowerState (FollowerState.java:run(108)) - 3989452c-7599-4156-9543-3fe544ced0f3@group-83CFD60236D8-FollowerState: change to CANDIDATE, lastRpcTime:23ms, electionTimeout:23ms
2019-10-16 22:15:13,204 [Thread-2398] INFO  impl.RoleInfo (RoleInfo.java:shutdownFollowerState(121)) - 3989452c-7599-4156-9543-3fe544ced0f3: shutdown FollowerState
2019-10-16 22:15:13,204 [Thread-2398] INFO  impl.RaftServerImpl (RaftServerImpl.java:setRole(184)) - 3989452c-7599-4156-9543-3fe544ced0f3@group-83CFD60236D8: changes role from  FOLLOWER to CANDIDATE at term 238 for changeToCandidate
2019-10-16 22:15:13,204 [Thread-2398] INFO  impl.RoleInfo (RoleInfo.java:updateAndGet(143)) - 3989452c-7599-4156-9543-3fe544ced0f3: start LeaderElection
2019-10-16 22:15:13,217 [3989452c-7599-4156-9543-3fe544ced0f3@group-83CFD60236D8-LeaderElection227] INFO  impl.LeaderElection (LeaderElection.java:askForVotes(178)) - 3989452c-7599-4156-9543-3fe544ced0f3@group-83CFD60236D8-LeaderElection227: begin an election at term 239 for -1: [3989452c-7599-4156-9543-3fe544ced0f3:192.168.157.254:36320, eec99a0c-e1b1-4518-bc49-9d1a8c8e04d5:192.168.157.254:45598, d9e6ea44-93db-446f-8020-a94232284285:192.168.157.254:41671], old=null
2019-10-16 22:15:13,219 [grpc-default-executor-23] INFO  impl.RaftServerImpl (RaftServerImpl.java:setRole(184)) - eec99a0c-e1b1-4518-bc49-9d1a8c8e04d5@group-83CFD60236D8: changes role from  FOLLOWER to FOLLOWER at term 239 for recognizeCandidate:3989452c-7599-4156-9543-3fe544ced0f3
2019-10-16 22:15:13,219 [grpc-default-executor-23] INFO  impl.RoleInfo (RoleInfo.java:shutdownFollowerState(121)) - eec99a0c-e1b1-4518-bc49-9d1a8c8e04d5: shutdown FollowerState
2019-10-16 22:15:13,219 [grpc-default-executor-18] INFO  impl.RaftServerImpl (RaftServerImpl.java:setRole(184)) - d9e6ea44-93db-446f-8020-a94232284285@group-83CFD60236D8: changes role from  FOLLOWER to FOLLOWER at term 239 for recognizeCandidate:3989452c-7599-4156-9543-3fe544ced0f3
2019-10-16 22:15:13,219 [Thread-2396] INFO  impl.FollowerState (FollowerState.java:run(117)) - eec99a0c-e1b1-4518-bc49-9d1a8c8e04d5@group-83CFD60236D8-FollowerState was interrupted: java.lang.InterruptedException: sleep interrupted
2019-10-16 22:15:13,219 [grpc-default-executor-23] INFO  impl.RoleInfo (RoleInfo.java:updateAndGet(143)) - eec99a0c-e1b1-4518-bc49-9d1a8c8e04d5: start FollowerState
2019-10-16 22:15:13,220 [grpc-default-executor-18] INFO  impl.RoleInfo (RoleInfo.java:shutdownFollowerState(121)) - d9e6ea44-93db-446f-8020-a94232284285: shutdown FollowerState
2019-10-16 22:15:13,220 [grpc-default-executor-18] INFO  impl.RoleInfo (RoleInfo.java:updateAndGet(143)) - d9e6ea44-93db-446f-8020-a94232284285: start FollowerState
2019-10-16 22:15:13,220 [Thread-2397] INFO  impl.FollowerState (FollowerState.java:run(117)) - d9e6ea44-93db-446f-8020-a94232284285@group-83CFD60236D8-FollowerState was interrupted: java.lang.InterruptedException: sleep interrupted
2019-10-16 22:15:13,238 [3989452c-7599-4156-9543-3fe544ced0f3@group-83CFD60236D8-LeaderElection227] INFO  impl.LeaderElection (LeaderElection.java:logAndReturn(56)) - 3989452c-7599-4156-9543-3fe544ced0f3@group-83CFD60236D8-LeaderElection227: Election REJECTED; received 2 response(s) [3989452c-7599-4156-9543-3fe544ced0f3<-eec99a0c-e1b1-4518-bc49-9d1a8c8e04d5#0:FAIL-t239, 3989452c-7599-4156-9543-3fe544ced0f3<-d9e6ea44-93db-446f-8020-a94232284285#0:FAIL-t239] and 0 exception(s); 3989452c-7599-4156-9543-3fe544ced0f3@group-83CFD60236D8:t239, leader=null, voted=3989452c-7599-4156-9543-3fe544ced0f3, raftlog=3989452c-7599-4156-9543-3fe544ced0f3@group-83CFD60236D8-SegmentedRaftLog:OPENED:c-1,f-1,i0, conf=-1: [3989452c-7599-4156-9543-3fe544ced0f3:192.168.157.254:36320, eec99a0c-e1b1-4518-bc49-9d1a8c8e04d5:192.168.157.254:45598, d9e6ea44-93db-446f-8020-a94232284285:192.168.157.254:41671], old=null
2019-10-16 22:15:13,238 [3989452c-7599-4156-9543-3fe544ced0f3@group-83CFD60236D8-LeaderElection227] INFO  impl.RaftServerImpl (RaftServerImpl.java:setRole(184)) - 3989452c-7599-4156-9543-3fe544ced0f3@group-83CFD60236D8: changes role from CANDIDATE to FOLLOWER at term 239 for DISCOVERED_A_NEW_TERM
2019-10-16 22:15:13,238 [3989452c-7599-4156-9543-3fe544ced0f3@group-83CFD60236D8-LeaderElection227] INFO  impl.RoleInfo (RoleInfo.java:shutdownLeaderElection(134)) - 3989452c-7599-4156-9543-3fe544ced0f3: shutdown LeaderElection
2019-10-16 22:15:13,238 [3989452c-7599-4156-9543-3fe544ced0f3@group-83CFD60236D8-LeaderElection227] INFO  impl.RoleInfo (RoleInfo.java:updateAndGet(143)) - 3989452c-7599-4156-9543-3fe544ced0f3: start FollowerState
2019-10-16 22:15:13,322 [Thread-2404] INFO  impl.FollowerState (FollowerState.java:run(108)) - 3989452c-7599-4156-9543-3fe544ced0f3@group-83CFD60236D8-FollowerState: change to CANDIDATE, lastRpcTime:84ms, electionTimeout:84ms
2019-10-16 22:15:13,322 [Thread-2404] INFO  impl.RoleInfo (RoleInfo.java:shutdownFollowerState(121)) - 3989452c-7599-4156-9543-3fe544ced0f3: shutdown FollowerState
2019-10-16 22:15:13,322 [Thread-2404] INFO  impl.RaftServerImpl (RaftServerImpl.java:setRole(184)) - 3989452c-7599-4156-9543-3fe544ced0f3@group-83CFD60236D8: changes role from  FOLLOWER to CANDIDATE at term 239 for changeToCandidate
2019-10-16 22:15:13,323 [Thread-2404] INFO  impl.RoleInfo (RoleInfo.java:updateAndGet(143)) - 3989452c-7599-4156-9543-3fe544ced0f3: start LeaderElection
2019-10-16 22:15:13,336 [3989452c-7599-4156-9543-3fe544ced0f3@group-83CFD60236D8-LeaderElection228] INFO  impl.LeaderElection (LeaderElection.java:askForVotes(178)) - 3989452c-7599-4156-9543-3fe544ced0f3@group-83CFD60236D8-LeaderElection228: begin an election at term 240 for -1: [3989452c-7599-4156-9543-3fe544ced0f3:192.168.157.254:36320, eec99a0c-e1b1-4518-bc49-9d1a8c8e04d5:192.168.157.254:45598, d9e6ea44-93db-446f-8020-a94232284285:192.168.157.254:41671], old=null
2019-10-16 22:15:13,338 [grpc-default-executor-23] INFO  impl.RaftServerImpl (RaftServerImpl.java:setRole(184)) - eec99a0c-e1b1-4518-bc49-9d1a8c8e04d5@group-83CFD60236D8: changes role from  FOLLOWER to FOLLOWER at term 240 for recognizeCandidate:3989452c-7599-4156-9543-3fe544ced0f3
2019-10-16 22:15:13,338 [grpc-default-executor-23] INFO  impl.RoleInfo (RoleInfo.java:shutdownFollowerState(121)) - eec99a0c-e1b1-4518-bc49-9d1a8c8e04d5: shutdown FollowerState
2019-10-16 22:15:13,338 [grpc-default-executor-23] INFO  impl.RoleInfo (RoleInfo.java:updateAndGet(143)) - eec99a0c-e1b1-4518-bc49-9d1a8c8e04d5: start FollowerState
2019-10-16 22:15:13,338 [Thread-2402] INFO  impl.FollowerState (FollowerState.java:run(117)) - eec99a0c-e1b1-4518-bc49-9d1a8c8e04d5@group-83CFD60236D8-FollowerState was interrupted: java.lang.InterruptedException: sleep interrupted
2019-10-16 22:15:13,338 [grpc-default-executor-18] INFO  impl.RaftServerImpl (RaftServerImpl.java:setRole(184)) - d9e6ea44-93db-446f-8020-a94232284285@group-83CFD60236D8: changes role from  FOLLOWER to FOLLOWER at term 240 for recognizeCandidate:3989452c-7599-4156-9543-3fe544ced0f3
2019-10-16 22:15:13,339 [grpc-default-executor-18] INFO  impl.RoleInfo (RoleInfo.java:shutdownFollowerState(121)) - d9e6ea44-93db-446f-8020-a94232284285: shutdown FollowerState
2019-10-16 22:15:13,339 [grpc-default-executor-18] INFO  impl.RoleInfo (RoleInfo.java:updateAndGet(143)) - d9e6ea44-93db-446f-8020-a94232284285: start FollowerState
2019-10-16 22:15:13,339 [Thread-2403] INFO  impl.FollowerState (FollowerState.java:run(117)) - d9e6ea44-93db-446f-8020-a94232284285@group-83CFD60236D8-FollowerState was interrupted: java.lang.InterruptedException: sleep interrupted
2019-10-16 22:15:13,353 [3989452c-7599-4156-9543-3fe544ced0f3@group-83CFD60236D8-LeaderElection228] INFO  impl.LeaderElection (LeaderElection.java:logAndReturn(56)) - 3989452c-7599-4156-9543-3fe544ced0f3@group-83CFD60236D8-LeaderElection228: Election REJECTED; received 2 response(s) [3989452c-7599-4156-9543-3fe544ced0f3<-eec99a0c-e1b1-4518-bc49-9d1a8c8e04d5#0:FAIL-t240, 3989452c-7599-4156-9543-3fe544ced0f3<-d9e6ea44-93db-446f-8020-a94232284285#0:FAIL-t240] and 0 exception(s); 3989452c-7599-4156-9543-3fe544ced0f3@group-83CFD60236D8:t240, leader=null, voted=3989452c-7599-4156-9543-3fe544ced0f3, raftlog=3989452c-7599-4156-9543-3fe544ced0f3@group-83CFD60236D8-SegmentedRaftLog:OPENED:c-1,f-1,i0, conf=-1: [3989452c-7599-4156-9543-3fe544ced0f3:192.168.157.254:36320, eec99a0c-e1b1-4518-bc49-9d1a8c8e04d5:192.168.157.254:45598, d9e6ea44-93db-446f-8020-a94232284285:192.168.157.254:41671], old=null
2019-10-16 22:15:13,353 [3989452c-7599-4156-9543-3fe544ced0f3@group-83CFD60236D8-LeaderElection228] INFO  impl.RaftServerImpl (RaftServerImpl.java:setRole(184)) - 3989452c-7599-4156-9543-3fe544ced0f3@group-83CFD60236D8: changes role from CANDIDATE to FOLLOWER at term 240 for DISCOVERED_A_NEW_TERM
2019-10-16 22:15:13,353 [3989452c-7599-4156-9543-3fe544ced0f3@group-83CFD60236D8-LeaderElection228] INFO  impl.RoleInfo (RoleInfo.java:shutdownLeaderElection(134)) - 3989452c-7599-4156-9543-3fe544ced0f3: shutdown LeaderElection
2019-10-16 22:15:13,354 [3989452c-7599-4156-9543-3fe544ced0f3@group-83CFD60236D8-LeaderElection228] INFO  impl.RoleInfo (RoleInfo.java:updateAndGet(143)) - 3989452c-7599-4156-9543-3fe544ced0f3: start FollowerState
2019-10-16 22:15:13,449 [Thread-2410] INFO  impl.FollowerState (FollowerState.java:run(108)) - 3989452c-7599-4156-9543-3fe544ced0f3@group-83CFD60236D8-FollowerState: change to CANDIDATE, lastRpcTime:95ms, electionTimeout:95ms
2019-10-16 22:15:13,449 [Thread-2410] INFO  impl.RoleInfo (RoleInfo.java:shutdownFollowerState(121)) - 3989452c-7599-4156-9543-3fe544ced0f3: shutdown FollowerState
2019-10-16 22:15:13,449 [Thread-2410] INFO  impl.RaftServerImpl (RaftServerImpl.java:setRole(184)) - 3989452c-7599-4156-9543-3fe544ced0f3@group-83CFD60236D8: changes role from  FOLLOWER to CANDIDATE at term 240 for changeToCandidate
2019-10-16 22:15:13,449 [Thread-2410] INFO  impl.RoleInfo (RoleInfo.java:updateAndGet(143)) - 3989452c-7599-4156-9543-3fe544ced0f3: start LeaderElection
2019-10-16 22:15:13,462 [3989452c-7599-4156-9543-3fe544ced0f3@group-83CFD60236D8-LeaderElection229] INFO  impl.LeaderElection (LeaderElection.java:askForVotes(178)) - 3989452c-7599-4156-9543-3fe544ced0f3@group-83CFD60236D8-LeaderElection229: begin an election at term 241 for -1: [3989452c-7599-4156-9543-3fe544ced0f3:192.168.157.254:36320, eec99a0c-e1b1-4518-bc49-9d1a8c8e04d5:192.168.157.254:45598, d9e6ea44-93db-446f-8020-a94232284285:192.168.157.254:41671], old=null
2019-10-16 22:15:13,464 [grpc-default-executor-23] INFO  impl.RaftServerImpl (RaftServerImpl.java:setRole(184)) - eec99a0c-e1b1-4518-bc49-9d1a8c8e04d5@group-83CFD60236D8: changes role from  FOLLOWER to FOLLOWER at term 241 for recognizeCandidate:3989452c-7599-4156-9543-3fe544ced0f3
2019-10-16 22:15:13,464 [grpc-default-executor-23] INFO  impl.RoleInfo (RoleInfo.java:shutdownFollowerState(121)) - eec99a0c-e1b1-4518-bc49-9d1a8c8e04d5: shutdown FollowerState
2019-10-16 22:15:13,464 [grpc-default-executor-18] INFO  impl.RaftServerImpl (RaftServerImpl.java:setRole(184)) - d9e6ea44-93db-446f-8020-a94232284285@group-83CFD60236D8: changes role from  FOLLOWER to FOLLOWER at term 241 for recognizeCandidate:3989452c-7599-4156-9543-3fe544ced0f3
2019-10-16 22:15:13,464 [Thread-2408] INFO  impl.FollowerState (FollowerState.java:run(117)) - eec99a0c-e1b1-4518-bc49-9d1a8c8e04d5@group-83CFD60236D8-FollowerState was interrupted: java.lang.InterruptedException: sleep interrupted
2019-10-16 22:15:13,464 [grpc-default-executor-23] INFO  impl.RoleInfo (RoleInfo.java:updateAndGet(143)) - eec99a0c-e1b1-4518-bc49-9d1a8c8e04d5: start FollowerState
2019-10-16 22:15:13,465 [grpc-default-executor-18] INFO  impl.RoleInfo (RoleInfo.java:shutdownFollowerState(121)) - d9e6ea44-93db-446f-8020-a94232284285: shutdown FollowerState
2019-10-16 22:15:13,465 [grpc-default-executor-18] INFO  impl.RoleInfo (RoleInfo.java:updateAndGet(143)) - d9e6ea44-93db-446f-8020-a94232284285: start FollowerState
2019-10-16 22:15:13,465 [Thread-2409] INFO  impl.FollowerState (FollowerState.java:run(117)) - d9e6ea44-93db-446f-8020-a94232284285@group-83CFD60236D8-FollowerState was interrupted: java.lang.InterruptedException: sleep interrupted
2019-10-16 22:15:13,480 [3989452c-7599-4156-9543-3fe544ced0f3@group-83CFD60236D8-LeaderElection229] INFO  impl.LeaderElection (LeaderElection.java:logAndReturn(56)) - 3989452c-7599-4156-9543-3fe544ced0f3@group-83CFD60236D8-LeaderElection229: Election REJECTED; received 2 response(s) [3989452c-7599-4156-9543-3fe544ced0f3<-eec99a0c-e1b1-4518-bc49-9d1a8c8e04d5#0:FAIL-t241, 3989452c-7599-4156-9543-3fe544ced0f3<-d9e6ea44-93db-446f-8020-a94232284285#0:FAIL-t241] and 0 exception(s); 3989452c-7599-4156-9543-3fe544ced0f3@group-83CFD60236D8:t241, leader=null, voted=3989452c-7599-4156-9543-3fe544ced0f3, raftlog=3989452c-7599-4156-9543-3fe544ced0f3@group-83CFD60236D8-SegmentedRaftLog:OPENED:c-1,f-1,i0, conf=-1: [3989452c-7599-4156-9543-3fe544ced0f3:192.168.157.254:36320, eec99a0c-e1b1-4518-bc49-9d1a8c8e04d5:192.168.157.254:45598, d9e6ea44-93db-446f-8020-a94232284285:192.168.157.254:41671], old=null
2019-10-16 22:15:13,480 [3989452c-7599-4156-9543-3fe544ced0f3@group-83CFD60236D8-LeaderElection229] INFO  impl.RaftServerImpl (RaftServerImpl.java:setRole(184)) - 3989452c-7599-4156-9543-3fe544ced0f3@group-83CFD60236D8: changes role from CANDIDATE to FOLLOWER at term 241 for DISCOVERED_A_NEW_TERM
2019-10-16 22:15:13,480 [3989452c-7599-4156-9543-3fe544ced0f3@group-83CFD60236D8-LeaderElection229] INFO  impl.RoleInfo (RoleInfo.java:shutdownLeaderElection(134)) - 3989452c-7599-4156-9543-3fe544ced0f3: shutdown LeaderElection
2019-10-16 22:15:13,480 [3989452c-7599-4156-9543-3fe544ced0f3@group-83CFD60236D8-LeaderElection229] INFO  impl.RoleInfo (RoleInfo.java:updateAndGet(143)) - 3989452c-7599-4156-9543-3fe544ced0f3: start FollowerState
2019-10-16 22:15:13,677 [Thread-2416] INFO  impl.FollowerState (FollowerState.java:run(108)) - 3989452c-7599-4156-9543-3fe544ced0f3@group-83CFD60236D8-FollowerState: change to CANDIDATE, lastRpcTime:197ms, electionTimeout:197ms
2019-10-16 22:15:13,678 [Thread-2416] INFO  impl.RoleInfo (RoleInfo.java:shutdownFollowerState(121)) - 3989452c-7599-4156-9543-3fe544ced0f3: shutdown FollowerState
2019-10-16 22:15:13,678 [Thread-2416] INFO  impl.RaftServerImpl (RaftServerImpl.java:setRole(184)) - 3989452c-7599-4156-9543-3fe544ced0f3@group-83CFD60236D8: changes role from  FOLLOWER to CANDIDATE at term 241 for changeToCandidate
2019-10-16 22:15:13,678 [Thread-2416] INFO  impl.RoleInfo (RoleInfo.java:updateAndGet(143)) - 3989452c-7599-4156-9543-3fe544ced0f3: start LeaderElection
2019-10-16 22:15:13,699 [3989452c-7599-4156-9543-3fe544ced0f3@group-83CFD60236D8-LeaderElection230] INFO  impl.LeaderElection (LeaderElection.java:askForVotes(178)) - 3989452c-7599-4156-9543-3fe544ced0f3@group-83CFD60236D8-LeaderElection230: begin an election at term 242 for -1: [3989452c-7599-4156-9543-3fe544ced0f3:192.168.157.254:36320, eec99a0c-e1b1-4518-bc49-9d1a8c8e04d5:192.168.157.254:45598, d9e6ea44-93db-446f-8020-a94232284285:192.168.157.254:41671], old=null
2019-10-16 22:15:13,701 [grpc-default-executor-23] INFO  impl.RaftServerImpl (RaftServerImpl.java:setRole(184)) - eec99a0c-e1b1-4518-bc49-9d1a8c8e04d5@group-83CFD60236D8: changes role from  FOLLOWER to FOLLOWER at term 242 for recognizeCandidate:3989452c-7599-4156-9543-3fe544ced0f3
2019-10-16 22:15:13,701 [grpc-default-executor-23] INFO  impl.RoleInfo (RoleInfo.java:shutdownFollowerState(121)) - eec99a0c-e1b1-4518-bc49-9d1a8c8e04d5: shutdown FollowerState
2019-10-16 22:15:13,701 [grpc-default-executor-18] INFO  impl.RaftServerImpl (RaftServerImpl.java:setRole(184)) - d9e6ea44-93db-446f-8020-a94232284285@group-83CFD60236D8: changes role from  FOLLOWER to FOLLOWER at term 242 for recognizeCandidate:3989452c-7599-4156-9543-3fe544ced0f3
2019-10-16 22:15:13,701 [Thread-2414] INFO  impl.FollowerState (FollowerState.java:run(117)) - eec99a0c-e1b1-4518-bc49-9d1a8c8e04d5@group-83CFD60236D8-FollowerState was interrupted: java.lang.InterruptedException: sleep interrupted
2019-10-16 22:15:13,701 [grpc-default-executor-23] INFO  impl.RoleInfo (RoleInfo.java:updateAndGet(143)) - eec99a0c-e1b1-4518-bc49-9d1a8c8e04d5: start FollowerState
2019-10-16 22:15:13,701 [grpc-default-executor-18] INFO  impl.RoleInfo (RoleInfo.java:shutdownFollowerState(121)) - d9e6ea44-93db-446f-8020-a94232284285: shutdown FollowerState
2019-10-16 22:15:13,702 [grpc-default-executor-18] INFO  impl.RoleInfo (RoleInfo.java:updateAndGet(143)) - d9e6ea44-93db-446f-8020-a94232284285: start FollowerState
2019-10-16 22:15:13,702 [Thread-2415] INFO  impl.FollowerState (FollowerState.java:run(117)) - d9e6ea44-93db-446f-8020-a94232284285@group-83CFD60236D8-FollowerState was interrupted: java.lang.InterruptedException: sleep interrupted
2019-10-16 22:15:13,728 [3989452c-7599-4156-9543-3fe544ced0f3@group-83CFD60236D8-LeaderElection230] INFO  impl.LeaderElection (LeaderElection.java:logAndReturn(56)) - 3989452c-7599-4156-9543-3fe544ced0f3@group-83CFD60236D8-LeaderElection230: Election REJECTED; received 2 response(s) [3989452c-7599-4156-9543-3fe544ced0f3<-eec99a0c-e1b1-4518-bc49-9d1a8c8e04d5#0:FAIL-t242, 3989452c-7599-4156-9543-3fe544ced0f3<-d9e6ea44-93db-446f-8020-a94232284285#0:FAIL-t242] and 0 exception(s); 3989452c-7599-4156-9543-3fe544ced0f3@group-83CFD60236D8:t242, leader=null, voted=3989452c-7599-4156-9543-3fe544ced0f3, raftlog=3989452c-7599-4156-9543-3fe544ced0f3@group-83CFD60236D8-SegmentedRaftLog:OPENED:c-1,f-1,i0, conf=-1: [3989452c-7599-4156-9543-3fe544ced0f3:192.168.157.254:36320, eec99a0c-e1b1-4518-bc49-9d1a8c8e04d5:192.168.157.254:45598, d9e6ea44-93db-446f-8020-a94232284285:192.168.157.254:41671], old=null
2019-10-16 22:15:13,728 [3989452c-7599-4156-9543-3fe544ced0f3@group-83CFD60236D8-LeaderElection230] INFO  impl.RaftServerImpl (RaftServerImpl.java:setRole(184)) - 3989452c-7599-4156-9543-3fe544ced0f3@group-83CFD60236D8: changes role from CANDIDATE to FOLLOWER at term 242 for DISCOVERED_A_NEW_TERM
2019-10-16 22:15:13,728 [3989452c-7599-4156-9543-3fe544ced0f3@group-83CFD60236D8-LeaderElection230] INFO  impl.RoleInfo (RoleInfo.java:shutdownLeaderElection(134)) - 3989452c-7599-4156-9543-3fe544ced0f3: shutdown LeaderElection
2019-10-16 22:15:13,728 [3989452c-7599-4156-9543-3fe544ced0f3@group-83CFD60236D8-LeaderElection230] INFO  impl.RoleInfo (RoleInfo.java:updateAndGet(143)) - 3989452c-7599-4156-9543-3fe544ced0f3: start FollowerState
2019-10-16 22:15:13,916 [Thread-2422] INFO  impl.FollowerState (FollowerState.java:run(108)) - 3989452c-7599-4156-9543-3fe544ced0f3@group-83CFD60236D8-FollowerState: change to CANDIDATE, lastRpcTime:187ms, electionTimeout:187ms
2019-10-16 22:15:13,916 [Thread-2422] INFO  impl.RoleInfo (RoleInfo.java:shutdownFollowerState(121)) - 3989452c-7599-4156-9543-3fe544ced0f3: shutdown FollowerState
2019-10-16 22:15:13,916 [Thread-2422] INFO  impl.RaftServerImpl (RaftServerImpl.java:setRole(184)) - 3989452c-7599-4156-9543-3fe544ced0f3@group-83CFD60236D8: changes role from  FOLLOWER to CANDIDATE at term 242 for changeToCandidate
2019-10-16 22:15:13,916 [Thread-2422] INFO  impl.RoleInfo (RoleInfo.java:updateAndGet(143)) - 3989452c-7599-4156-9543-3fe544ced0f3: start LeaderElection
2019-10-16 22:15:13,938 [3989452c-7599-4156-9543-3fe544ced0f3@group-83CFD60236D8-LeaderElection231] INFO  impl.LeaderElection (LeaderElection.java:askForVotes(178)) - 3989452c-7599-4156-9543-3fe544ced0f3@group-83CFD60236D8-LeaderElection231: begin an election at term 243 for -1: [3989452c-7599-4156-9543-3fe544ced0f3:192.168.157.254:36320, eec99a0c-e1b1-4518-bc49-9d1a8c8e04d5:192.168.157.254:45598, d9e6ea44-93db-446f-8020-a94232284285:192.168.157.254:41671], old=null
2019-10-16 22:15:13,940 [grpc-default-executor-23] INFO  impl.RaftServerImpl (RaftServerImpl.java:setRole(184)) - eec99a0c-e1b1-4518-bc49-9d1a8c8e04d5@group-83CFD60236D8: changes role from  FOLLOWER to FOLLOWER at term 243 for recognizeCandidate:3989452c-7599-4156-9543-3fe544ced0f3
2019-10-16 22:15:13,940 [grpc-default-executor-18] INFO  impl.RaftServerImpl (RaftServerImpl.java:setRole(184)) - d9e6ea44-93db-446f-8020-a94232284285@group-83CFD60236D8: changes role from  FOLLOWER to FOLLOWER at term 243 for recognizeCandidate:3989452c-7599-4156-9543-3fe544ced0f3
2019-10-16 22:15:13,940 [grpc-default-executor-23] INFO  impl.RoleInfo (RoleInfo.java:shutdownFollowerState(121)) - eec99a0c-e1b1-4518-bc49-9d1a8c8e04d5: shutdown FollowerState
2019-10-16 22:15:13,940 [grpc-default-executor-18] INFO  impl.RoleInfo (RoleInfo.java:shutdownFollowerState(121)) - d9e6ea44-93db-446f-8020-a94232284285: shutdown FollowerState
2019-10-16 22:15:13,941 [grpc-default-executor-23] INFO  impl.RoleInfo (RoleInfo.java:updateAndGet(143)) - eec99a0c-e1b1-4518-bc49-9d1a8c8e04d5: start FollowerState
2019-10-16 22:15:13,941 [Thread-2420] INFO  impl.FollowerState (FollowerState.java:run(117)) - eec99a0c-e1b1-4518-bc49-9d1a8c8e04d5@group-83CFD60236D8-FollowerState was interrupted: java.lang.InterruptedException: sleep interrupted
2019-10-16 22:15:13,941 [Thread-2421] INFO  impl.FollowerState (FollowerState.java:run(117)) - d9e6ea44-93db-446f-8020-a94232284285@group-83CFD60236D8-FollowerState was interrupted: java.lang.InterruptedException: sleep interrupted
2019-10-16 22:15:13,941 [grpc-default-executor-18] INFO  impl.RoleInfo (RoleInfo.java:updateAndGet(143)) - d9e6ea44-93db-446f-8020-a94232284285: start FollowerState
2019-10-16 22:15:13,966 [3989452c-7599-4156-9543-3fe544ced0f3@group-83CFD60236D8-LeaderElection231] INFO  impl.LeaderElection (LeaderElection.java:logAndReturn(56)) - 3989452c-7599-4156-9543-3fe544ced0f3@group-83CFD60236D8-LeaderElection231: Election REJECTED; received 2 response(s) [3989452c-7599-4156-9543-3fe544ced0f3<-eec99a0c-e1b1-4518-bc49-9d1a8c8e04d5#0:FAIL-t243, 3989452c-7599-4156-9543-3fe544ced0f3<-d9e6ea44-93db-446f-8020-a94232284285#0:FAIL-t243] and 0 exception(s); 3989452c-7599-4156-9543-3fe544ced0f3@group-83CFD60236D8:t243, leader=null, voted=3989452c-7599-4156-9543-3fe544ced0f3, raftlog=3989452c-7599-4156-9543-3fe544ced0f3@group-83CFD60236D8-SegmentedRaftLog:OPENED:c-1,f-1,i0, conf=-1: [3989452c-7599-4156-9543-3fe544ced0f3:192.168.157.254:36320, eec99a0c-e1b1-4518-bc49-9d1a8c8e04d5:192.168.157.254:45598, d9e6ea44-93db-446f-8020-a94232284285:192.168.157.254:41671], old=null
2019-10-16 22:15:13,966 [3989452c-7599-4156-9543-3fe544ced0f3@group-83CFD60236D8-LeaderElection231] INFO  impl.RaftServerImpl (RaftServerImpl.java:setRole(184)) - 3989452c-7599-4156-9543-3fe544ced0f3@group-83CFD60236D8: changes role from CANDIDATE to FOLLOWER at term 243 for DISCOVERED_A_NEW_TERM
2019-10-16 22:15:13,967 [3989452c-7599-4156-9543-3fe544ced0f3@group-83CFD60236D8-LeaderElection231] INFO  impl.RoleInfo (RoleInfo.java:shutdownLeaderElection(134)) - 3989452c-7599-4156-9543-3fe544ced0f3: shutdown LeaderElection
2019-10-16 22:15:13,967 [3989452c-7599-4156-9543-3fe544ced0f3@group-83CFD60236D8-LeaderElection231] INFO  impl.RoleInfo (RoleInfo.java:updateAndGet(143)) - 3989452c-7599-4156-9543-3fe544ced0f3: start FollowerState
 0.00% |?                                                                                                    |  0/1 Time: 0:06:302019-10-16 22:15:14,114 [Thread-2428] INFO  impl.FollowerState (FollowerState.java:run(108)) - 3989452c-7599-4156-9543-3fe544ced0f3@group-83CFD60236D8-FollowerState: change to CANDIDATE, lastRpcTime:147ms, electionTimeout:147ms
2019-10-16 22:15:14,114 [Thread-2428] INFO  impl.RoleInfo (RoleInfo.java:shutdownFollowerState(121)) - 3989452c-7599-4156-9543-3fe544ced0f3: shutdown FollowerState
2019-10-16 22:15:14,115 [Thread-2428] INFO  impl.RaftServerImpl (RaftServerImpl.java:setRole(184)) - 3989452c-7599-4156-9543-3fe544ced0f3@group-83CFD60236D8: changes role from  FOLLOWER to CANDIDATE at term 243 for changeToCandidate
2019-10-16 22:15:14,115 [Thread-2428] INFO  impl.RoleInfo (RoleInfo.java:updateAndGet(143)) - 3989452c-7599-4156-9543-3fe544ced0f3: start LeaderElection
2019-10-16 22:15:14,140 [3989452c-7599-4156-9543-3fe544ced0f3@group-83CFD60236D8-LeaderElection232] INFO  impl.LeaderElection (LeaderElection.java:askForVotes(178)) - 3989452c-7599-4156-9543-3fe544ced0f3@group-83CFD60236D8-LeaderElection232: begin an election at term 244 for -1: [3989452c-7599-4156-9543-3fe544ced0f3:192.168.157.254:36320, eec99a0c-e1b1-4518-bc49-9d1a8c8e04d5:192.168.157.254:45598, d9e6ea44-93db-446f-8020-a94232284285:192.168.157.254:41671], old=null
2019-10-16 22:15:14,141 [grpc-default-executor-18] INFO  impl.RaftServerImpl (RaftServerImpl.java:setRole(184)) - d9e6ea44-93db-446f-8020-a94232284285@group-83CFD60236D8: changes role from  FOLLOWER to FOLLOWER at term 244 for recognizeCandidate:3989452c-7599-4156-9543-3fe544ced0f3
2019-10-16 22:15:14,141 [grpc-default-executor-23] INFO  impl.RaftServerImpl (RaftServerImpl.java:setRole(184)) - eec99a0c-e1b1-4518-bc49-9d1a8c8e04d5@group-83CFD60236D8: changes role from  FOLLOWER to FOLLOWER at term 244 for recognizeCandidate:3989452c-7599-4156-9543-3fe544ced0f3
2019-10-16 22:15:14,141 [grpc-default-executor-18] INFO  impl.RoleInfo (RoleInfo.java:shutdownFollowerState(121)) - d9e6ea44-93db-446f-8020-a94232284285: shutdown FollowerState
2019-10-16 22:15:14,142 [grpc-default-executor-23] INFO  impl.RoleInfo (RoleInfo.java:shutdownFollowerState(121)) - eec99a0c-e1b1-4518-bc49-9d1a8c8e04d5: shutdown FollowerState
2019-10-16 22:15:14,142 [Thread-2427] INFO  impl.FollowerState (FollowerState.java:run(117)) - d9e6ea44-93db-446f-8020-a94232284285@group-83CFD60236D8-FollowerState was interrupted: java.lang.InterruptedException: sleep interrupted
2019-10-16 22:15:14,142 [grpc-default-executor-18] INFO  impl.RoleInfo (RoleInfo.java:updateAndGet(143)) - d9e6ea44-93db-446f-8020-a94232284285: start FollowerState
2019-10-16 22:15:14,142 [Thread-2426] INFO  impl.FollowerState (FollowerState.java:run(117)) - eec99a0c-e1b1-4518-bc49-9d1a8c8e04d5@group-83CFD60236D8-FollowerState was interrupted: java.lang.InterruptedException: sleep interrupted
2019-10-16 22:15:14,142 [grpc-default-executor-23] INFO  impl.RoleInfo (RoleInfo.java:updateAndGet(143)) - eec99a0c-e1b1-4518-bc49-9d1a8c8e04d5: start FollowerState
2019-10-16 22:15:14,176 [3989452c-7599-4156-9543-3fe544ced0f3@group-83CFD60236D8-LeaderElection232] INFO  impl.LeaderElection (LeaderElection.java:logAndReturn(56)) - 3989452c-7599-4156-9543-3fe544ced0f3@group-83CFD60236D8-LeaderElection232: Election REJECTED; received 2 response(s) [3989452c-7599-4156-9543-3fe544ced0f3<-eec99a0c-e1b1-4518-bc49-9d1a8c8e04d5#0:FAIL-t244, 3989452c-7599-4156-9543-3fe544ced0f3<-d9e6ea44-93db-446f-8020-a94232284285#0:FAIL-t244] and 0 exception(s); 3989452c-7599-4156-9543-3fe544ced0f3@group-83CFD60236D8:t244, leader=null, voted=3989452c-7599-4156-9543-3fe544ced0f3, raftlog=3989452c-7599-4156-9543-3fe544ced0f3@group-83CFD60236D8-SegmentedRaftLog:OPENED:c-1,f-1,i0, conf=-1: [3989452c-7599-4156-9543-3fe544ced0f3:192.168.157.254:36320, eec99a0c-e1b1-4518-bc49-9d1a8c8e04d5:192.168.157.254:45598, d9e6ea44-93db-446f-8020-a94232284285:192.168.157.254:41671], old=null
2019-10-16 22:15:14,176 [3989452c-7599-4156-9543-3fe544ced0f3@group-83CFD60236D8-LeaderElection232] INFO  impl.RaftServerImpl (RaftServerImpl.java:setRole(184)) - 3989452c-7599-4156-9543-3fe544ced0f3@group-83CFD60236D8: changes role from CANDIDATE to FOLLOWER at term 244 for DISCOVERED_A_NEW_TERM
2019-10-16 22:15:14,177 [3989452c-7599-4156-9543-3fe544ced0f3@group-83CFD60236D8-LeaderElection232] INFO  impl.RoleInfo (RoleInfo.java:shutdownLeaderElection(134)) - 3989452c-7599-4156-9543-3fe544ced0f3: shutdown LeaderElection
2019-10-16 22:15:14,177 [3989452c-7599-4156-9543-3fe544ced0f3@group-83CFD60236D8-LeaderElection232] INFO  impl.RoleInfo (RoleInfo.java:updateAndGet(143)) - 3989452c-7599-4156-9543-3fe544ced0f3: start FollowerState
2019-10-16 22:15:14,209 [Thread-2434] INFO  impl.FollowerState (FollowerState.java:run(108)) - 3989452c-7599-4156-9543-3fe544ced0f3@group-83CFD60236D8-FollowerState: change to CANDIDATE, lastRpcTime:32ms, electionTimeout:32ms
2019-10-16 22:15:14,209 [Thread-2434] INFO  impl.RoleInfo (RoleInfo.java:shutdownFollowerState(121)) - 3989452c-7599-4156-9543-3fe544ced0f3: shutdown FollowerState
2019-10-16 22:15:14,209 [Thread-2434] INFO  impl.RaftServerImpl (RaftServerImpl.java:setRole(184)) - 3989452c-7599-4156-9543-3fe544ced0f3@group-83CFD60236D8: changes role from  FOLLOWER to CANDIDATE at term 244 for changeToCandidate
2019-10-16 22:15:14,209 [Thread-2434] INFO  impl.RoleInfo (RoleInfo.java:updateAndGet(143)) - 3989452c-7599-4156-9543-3fe544ced0f3: start LeaderElection
2019-10-16 22:15:14,225 [3989452c-7599-4156-9543-3fe544ced0f3@group-83CFD60236D8-LeaderElection233] INFO  impl.LeaderElection (LeaderElection.java:askForVotes(178)) - 3989452c-7599-4156-9543-3fe544ced0f3@group-83CFD60236D8-LeaderElection233: begin an election at term 245 for -1: [3989452c-7599-4156-9543-3fe544ced0f3:192.168.157.254:36320, eec99a0c-e1b1-4518-bc49-9d1a8c8e04d5:192.168.157.254:45598, d9e6ea44-93db-446f-8020-a94232284285:192.168.157.254:41671], old=null
2019-10-16 22:15:14,226 [grpc-default-executor-18] INFO  impl.RaftServerImpl (RaftServerImpl.java:setRole(184)) - eec99a0c-e1b1-4518-bc49-9d1a8c8e04d5@group-83CFD60236D8: changes role from  FOLLOWER to FOLLOWER at term 245 for recognizeCandidate:3989452c-7599-4156-9543-3fe544ced0f3
2019-10-16 22:15:14,227 [grpc-default-executor-18] INFO  impl.RoleInfo (RoleInfo.java:shutdownFollowerState(121)) - eec99a0c-e1b1-4518-bc49-9d1a8c8e04d5: shutdown FollowerState
2019-10-16 22:15:14,227 [grpc-default-executor-18] INFO  impl.RoleInfo (RoleInfo.java:updateAndGet(143)) - eec99a0c-e1b1-4518-bc49-9d1a8c8e04d5: start FollowerState
2019-10-16 22:15:14,227 [grpc-default-executor-23] INFO  impl.RaftServerImpl (RaftServerImpl.java:setRole(184)) - d9e6ea44-93db-446f-8020-a94232284285@group-83CFD60236D8: changes role from  FOLLOWER to FOLLOWER at term 245 for recognizeCandidate:3989452c-7599-4156-9543-3fe544ced0f3
2019-10-16 22:15:14,227 [grpc-default-executor-23] INFO  impl.RoleInfo (RoleInfo.java:shutdownFollowerState(121)) - d9e6ea44-93db-446f-8020-a94232284285: shutdown FollowerState
2019-10-16 22:15:14,227 [Thread-2433] INFO  impl.FollowerState (FollowerState.java:run(117)) - eec99a0c-e1b1-4518-bc49-9d1a8c8e04d5@group-83CFD60236D8-FollowerState was interrupted: java.lang.InterruptedException: sleep interrupted
2019-10-16 22:15:14,227 [Thread-2432] INFO  impl.FollowerState (FollowerState.java:run(117)) - d9e6ea44-93db-446f-8020-a94232284285@group-83CFD60236D8-FollowerState was interrupted: java.lang.InterruptedException: sleep interrupted
2019-10-16 22:15:14,227 [grpc-default-executor-23] INFO  impl.RoleInfo (RoleInfo.java:updateAndGet(143)) - d9e6ea44-93db-446f-8020-a94232284285: start FollowerState
2019-10-16 22:15:14,247 [3989452c-7599-4156-9543-3fe544ced0f3@group-83CFD60236D8-LeaderElection233] INFO  impl.LeaderElection (LeaderElection.java:logAndReturn(56)) - 3989452c-7599-4156-9543-3fe544ced0f3@group-83CFD60236D8-LeaderElection233: Election REJECTED; received 2 response(s) [3989452c-7599-4156-9543-3fe544ced0f3<-eec99a0c-e1b1-4518-bc49-9d1a8c8e04d5#0:FAIL-t245, 3989452c-7599-4156-9543-3fe544ced0f3<-d9e6ea44-93db-446f-8020-a94232284285#0:FAIL-t245] and 0 exception(s); 3989452c-7599-4156-9543-3fe544ced0f3@group-83CFD60236D8:t245, leader=null, voted=3989452c-7599-4156-9543-3fe544ced0f3, raftlog=3989452c-7599-4156-9543-3fe544ced0f3@group-83CFD60236D8-SegmentedRaftLog:OPENED:c-1,f-1,i0, conf=-1: [3989452c-7599-4156-9543-3fe544ced0f3:192.168.157.254:36320, eec99a0c-e1b1-4518-bc49-9d1a8c8e04d5:192.168.157.254:45598, d9e6ea44-93db-446f-8020-a94232284285:192.168.157.254:41671], old=null
2019-10-16 22:15:14,248 [3989452c-7599-4156-9543-3fe544ced0f3@group-83CFD60236D8-LeaderElection233] INFO  impl.RaftServerImpl (RaftServerImpl.java:setRole(184)) - 3989452c-7599-4156-9543-3fe544ced0f3@group-83CFD60236D8: changes role from CANDIDATE to FOLLOWER at term 245 for DISCOVERED_A_NEW_TERM
2019-10-16 22:15:14,248 [3989452c-7599-4156-9543-3fe544ced0f3@group-83CFD60236D8-LeaderElection233] INFO  impl.RoleInfo (RoleInfo.java:shutdownLeaderElection(134)) - 3989452c-7599-4156-9543-3fe544ced0f3: shutdown LeaderElection
2019-10-16 22:15:14,248 [3989452c-7599-4156-9543-3fe544ced0f3@group-83CFD60236D8-LeaderElection233] INFO  impl.RoleInfo (RoleInfo.java:updateAndGet(143)) - 3989452c-7599-4156-9543-3fe544ced0f3: start FollowerState
2019-10-16 22:15:14,341 [Thread-2442] INFO  impl.FollowerState (FollowerState.java:run(108)) - 3989452c-7599-4156-9543-3fe544ced0f3@group-83CFD60236D8-FollowerState: change to CANDIDATE, lastRpcTime:93ms, electionTimeout:93ms
2019-10-16 22:15:14,341 [Thread-2442] INFO  impl.RoleInfo (RoleInfo.java:shutdownFollowerState(121)) - 3989452c-7599-4156-9543-3fe544ced0f3: shutdown FollowerState
2019-10-16 22:15:14,341 [Thread-2442] INFO  impl.RaftServerImpl (RaftServerImpl.java:setRole(184)) - 3989452c-7599-4156-9543-3fe544ced0f3@group-83CFD60236D8: changes role from  FOLLOWER to CANDIDATE at term 245 for changeToCandidate
2019-10-16 22:15:14,342 [Thread-2442] INFO  impl.RoleInfo (RoleInfo.java:updateAndGet(143)) - 3989452c-7599-4156-9543-3fe544ced0f3: start LeaderElection
2019-10-16 22:15:14,368 [3989452c-7599-4156-9543-3fe544ced0f3@group-83CFD60236D8-LeaderElection234] INFO  impl.LeaderElection (LeaderElection.java:askForVotes(178)) - 3989452c-7599-4156-9543-3fe544ced0f3@group-83CFD60236D8-LeaderElection234: begin an election at term 246 for -1: [3989452c-7599-4156-9543-3fe544ced0f3:192.168.157.254:36320, eec99a0c-e1b1-4518-bc49-9d1a8c8e04d5:192.168.157.254:45598, d9e6ea44-93db-446f-8020-a94232284285:192.168.157.254:41671], old=null
2019-10-16 22:15:14,369 [grpc-default-executor-18] INFO  impl.RaftServerImpl (RaftServerImpl.java:setRole(184)) - eec99a0c-e1b1-4518-bc49-9d1a8c8e04d5@group-83CFD60236D8: changes role from  FOLLOWER to FOLLOWER at term 246 for recognizeCandidate:3989452c-7599-4156-9543-3fe544ced0f3
2019-10-16 22:15:14,370 [grpc-default-executor-18] INFO  impl.RoleInfo (RoleInfo.java:shutdownFollowerState(121)) - eec99a0c-e1b1-4518-bc49-9d1a8c8e04d5: shutdown FollowerState
2019-10-16 22:15:14,370 [grpc-default-executor-23] INFO  impl.RaftServerImpl (RaftServerImpl.java:setRole(184)) - d9e6ea44-93db-446f-8020-a94232284285@group-83CFD60236D8: changes role from  FOLLOWER to FOLLOWER at term 246 for recognizeCandidate:3989452c-7599-4156-9543-3fe544ced0f3
2019-10-16 22:15:14,370 [grpc-default-executor-23] INFO  impl.RoleInfo (RoleInfo.java:shutdownFollowerState(121)) - d9e6ea44-93db-446f-8020-a94232284285: shutdown FollowerState
2019-10-16 22:15:14,370 [Thread-2440] INFO  impl.FollowerState (FollowerState.java:run(117)) - eec99a0c-e1b1-4518-bc49-9d1a8c8e04d5@group-83CFD60236D8-FollowerState was interrupted: java.lang.InterruptedException: sleep interrupted
2019-10-16 22:15:14,370 [grpc-default-executor-18] INFO  impl.RoleInfo (RoleInfo.java:updateAndGet(143)) - eec99a0c-e1b1-4518-bc49-9d1a8c8e04d5: start FollowerState
2019-10-16 22:15:14,370 [grpc-default-executor-23] INFO  impl.RoleInfo (RoleInfo.java:updateAndGet(143)) - d9e6ea44-93db-446f-8020-a94232284285: start FollowerState
2019-10-16 22:15:14,370 [Thread-2441] INFO  impl.FollowerState (FollowerState.java:run(117)) - d9e6ea44-93db-446f-8020-a94232284285@group-83CFD60236D8-FollowerState was interrupted: java.lang.InterruptedException: sleep interrupted
2019-10-16 22:15:14,386 [3989452c-7599-4156-9543-3fe544ced0f3@group-83CFD60236D8-LeaderElection234] INFO  impl.LeaderElection (LeaderElection.java:logAndReturn(56)) - 3989452c-7599-4156-9543-3fe544ced0f3@group-83CFD60236D8-LeaderElection234: Election REJECTED; received 2 response(s) [3989452c-7599-4156-9543-3fe544ced0f3<-eec99a0c-e1b1-4518-bc49-9d1a8c8e04d5#0:FAIL-t246, 3989452c-7599-4156-9543-3fe544ced0f3<-d9e6ea44-93db-446f-8020-a94232284285#0:FAIL-t246] and 0 exception(s); 3989452c-7599-4156-9543-3fe544ced0f3@group-83CFD60236D8:t246, leader=null, voted=3989452c-7599-4156-9543-3fe544ced0f3, raftlog=3989452c-7599-4156-9543-3fe544ced0f3@group-83CFD60236D8-SegmentedRaftLog:OPENED:c-1,f-1,i0, conf=-1: [3989452c-7599-4156-9543-3fe544ced0f3:192.168.157.254:36320, eec99a0c-e1b1-4518-bc49-9d1a8c8e04d5:192.168.157.254:45598, d9e6ea44-93db-446f-8020-a94232284285:192.168.157.254:41671], old=null
2019-10-16 22:15:14,386 [3989452c-7599-4156-9543-3fe544ced0f3@group-83CFD60236D8-LeaderElection234] INFO  impl.RaftServerImpl (RaftServerImpl.java:setRole(184)) - 3989452c-7599-4156-9543-3fe544ced0f3@group-83CFD60236D8: changes role from CANDIDATE to FOLLOWER at term 246 for DISCOVERED_A_NEW_TERM
2019-10-16 22:15:14,386 [3989452c-7599-4156-9543-3fe544ced0f3@group-83CFD60236D8-LeaderElection234] INFO  impl.RoleInfo (RoleInfo.java:shutdownLeaderElection(134)) - 3989452c-7599-4156-9543-3fe544ced0f3: shutdown LeaderElection
2019-10-16 22:15:14,386 [3989452c-7599-4156-9543-3fe544ced0f3@group-83CFD60236D8-LeaderElection234] INFO  impl.RoleInfo (RoleInfo.java:updateAndGet(143)) - 3989452c-7599-4156-9543-3fe544ced0f3: start FollowerState
2019-10-16 22:15:14,471 [Thread-2448] INFO  impl.FollowerState (FollowerState.java:run(108)) - 3989452c-7599-4156-9543-3fe544ced0f3@group-83CFD60236D8-FollowerState: change to CANDIDATE, lastRpcTime:84ms, electionTimeout:84ms
2019-10-16 22:15:14,471 [Thread-2448] INFO  impl.RoleInfo (RoleInfo.java:shutdownFollowerState(121)) - 3989452c-7599-4156-9543-3fe544ced0f3: shutdown FollowerState
2019-10-16 22:15:14,471 [Thread-2448] INFO  impl.RaftServerImpl (RaftServerImpl.java:setRole(184)) - 3989452c-7599-4156-9543-3fe544ced0f3@group-83CFD60236D8: changes role from  FOLLOWER to CANDIDATE at term 246 for changeToCandidate
2019-10-16 22:15:14,471 [Thread-2448] INFO  impl.RoleInfo (RoleInfo.java:updateAndGet(143)) - 3989452c-7599-4156-9543-3fe544ced0f3: start LeaderElection
2019-10-16 22:15:14,486 [3989452c-7599-4156-9543-3fe544ced0f3@group-83CFD60236D8-LeaderElection235] INFO  impl.LeaderElection (LeaderElection.java:askForVotes(178)) - 3989452c-7599-4156-9543-3fe544ced0f3@group-83CFD60236D8-LeaderElection235: begin an election at term 247 for -1: [3989452c-7599-4156-9543-3fe544ced0f3:192.168.157.254:36320, eec99a0c-e1b1-4518-bc49-9d1a8c8e04d5:192.168.157.254:45598, d9e6ea44-93db-446f-8020-a94232284285:192.168.157.254:41671], old=null
2019-10-16 22:15:14,488 [grpc-default-executor-23] INFO  impl.RaftServerImpl (RaftServerImpl.java:setRole(184)) - eec99a0c-e1b1-4518-bc49-9d1a8c8e04d5@group-83CFD60236D8: changes role from  FOLLOWER to FOLLOWER at term 247 for recognizeCandidate:3989452c-7599-4156-9543-3fe544ced0f3
2019-10-16 22:15:14,488 [grpc-default-executor-23] INFO  impl.RoleInfo (RoleInfo.java:shutdownFollowerState(121)) - eec99a0c-e1b1-4518-bc49-9d1a8c8e04d5: shutdown FollowerState
2019-10-16 22:15:14,488 [grpc-default-executor-18] INFO  impl.RaftServerImpl (RaftServerImpl.java:setRole(184)) - d9e6ea44-93db-446f-8020-a94232284285@group-83CFD60236D8: changes role from  FOLLOWER to FOLLOWER at term 247 for recognizeCandidate:3989452c-7599-4156-9543-3fe544ced0f3
2019-10-16 22:15:14,488 [Thread-2446] INFO  impl.FollowerState (FollowerState.java:run(117)) - eec99a0c-e1b1-4518-bc49-9d1a8c8e04d5@group-83CFD60236D8-FollowerState was interrupted: java.lang.InterruptedException: sleep interrupted
2019-10-16 22:15:14,488 [grpc-default-executor-23] INFO  impl.RoleInfo (RoleInfo.java:updateAndGet(143)) - eec99a0c-e1b1-4518-bc49-9d1a8c8e04d5: start FollowerState
2019-10-16 22:15:14,489 [grpc-default-executor-18] INFO  impl.RoleInfo (RoleInfo.java:shutdownFollowerState(121)) - d9e6ea44-93db-446f-8020-a94232284285: shutdown FollowerState
2019-10-16 22:15:14,489 [grpc-default-executor-18] INFO  impl.RoleInfo (RoleInfo.java:updateAndGet(143)) - d9e6ea44-93db-446f-8020-a94232284285: start FollowerState
2019-10-16 22:15:14,489 [Thread-2447] INFO  impl.FollowerState (FollowerState.java:run(117)) - d9e6ea44-93db-446f-8020-a94232284285@group-83CFD60236D8-FollowerState was interrupted: java.lang.InterruptedException: sleep interrupted
2019-10-16 22:15:14,516 [3989452c-7599-4156-9543-3fe544ced0f3@group-83CFD60236D8-LeaderElection235] INFO  impl.LeaderElection (LeaderElection.java:logAndReturn(56)) - 3989452c-7599-4156-9543-3fe544ced0f3@group-83CFD60236D8-LeaderElection235: Election REJECTED; received 2 response(s) [3989452c-7599-4156-9543-3fe544ced0f3<-eec99a0c-e1b1-4518-bc49-9d1a8c8e04d5#0:FAIL-t247, 3989452c-7599-4156-9543-3fe544ced0f3<-d9e6ea44-93db-446f-8020-a94232284285#0:FAIL-t247] and 0 exception(s); 3989452c-7599-4156-9543-3fe544ced0f3@group-83CFD60236D8:t247, leader=null, voted=3989452c-7599-4156-9543-3fe544ced0f3, raftlog=3989452c-7599-4156-9543-3fe544ced0f3@group-83CFD60236D8-SegmentedRaftLog:OPENED:c-1,f-1,i0, conf=-1: [3989452c-7599-4156-9543-3fe544ced0f3:192.168.157.254:36320, eec99a0c-e1b1-4518-bc49-9d1a8c8e04d5:192.168.157.254:45598, d9e6ea44-93db-446f-8020-a94232284285:192.168.157.254:41671], old=null
2019-10-16 22:15:14,516 [3989452c-7599-4156-9543-3fe544ced0f3@group-83CFD60236D8-LeaderElection235] INFO  impl.RaftServerImpl (RaftServerImpl.java:setRole(184)) - 3989452c-7599-4156-9543-3fe544ced0f3@group-83CFD60236D8: changes role from CANDIDATE to FOLLOWER at term 247 for DISCOVERED_A_NEW_TERM
2019-10-16 22:15:14,516 [3989452c-7599-4156-9543-3fe544ced0f3@group-83CFD60236D8-LeaderElection235] INFO  impl.RoleInfo (RoleInfo.java:shutdownLeaderElection(134)) - 3989452c-7599-4156-9543-3fe544ced0f3: shutdown LeaderElection
2019-10-16 22:15:14,516 [3989452c-7599-4156-9543-3fe544ced0f3@group-83CFD60236D8-LeaderElection235] INFO  impl.RoleInfo (RoleInfo.java:updateAndGet(143)) - 3989452c-7599-4156-9543-3fe544ced0f3: start FollowerState
2019-10-16 22:15:14,708 [Thread-2454] INFO  impl.FollowerState (FollowerState.java:run(108)) - 3989452c-7599-4156-9543-3fe544ced0f3@group-83CFD60236D8-FollowerState: change to CANDIDATE, lastRpcTime:192ms, electionTimeout:192ms
2019-10-16 22:15:14,709 [Thread-2454] INFO  impl.RoleInfo (RoleInfo.java:shutdownFollowerState(121)) - 3989452c-7599-4156-9543-3fe544ced0f3: shutdown FollowerState
2019-10-16 22:15:14,709 [Thread-2454] INFO  impl.RaftServerImpl (RaftServerImpl.java:setRole(184)) - 3989452c-7599-4156-9543-3fe544ced0f3@group-83CFD60236D8: changes role from  FOLLOWER to CANDIDATE at term 247 for changeToCandidate
2019-10-16 22:15:14,713 [Thread-2454] INFO  impl.RoleInfo (RoleInfo.java:updateAndGet(143)) - 3989452c-7599-4156-9543-3fe544ced0f3: start LeaderElection
2019-10-16 22:15:14,739 [3989452c-7599-4156-9543-3fe544ced0f3@group-83CFD60236D8-LeaderElection236] INFO  impl.LeaderElection (LeaderElection.java:askForVotes(178)) - 3989452c-7599-4156-9543-3fe544ced0f3@group-83CFD60236D8-LeaderElection236: begin an election at term 248 for -1: [3989452c-7599-4156-9543-3fe544ced0f3:192.168.157.254:36320, eec99a0c-e1b1-4518-bc49-9d1a8c8e04d5:192.168.157.254:45598, d9e6ea44-93db-446f-8020-a94232284285:192.168.157.254:41671], old=null
2019-10-16 22:15:14,743 [grpc-default-executor-23] INFO  impl.RaftServerImpl (RaftServerImpl.java:setRole(184)) - eec99a0c-e1b1-4518-bc49-9d1a8c8e04d5@group-83CFD60236D8: changes role from  FOLLOWER to FOLLOWER at term 248 for recognizeCandidate:3989452c-7599-4156-9543-3fe544ced0f3
2019-10-16 22:15:14,743 [grpc-default-executor-18] INFO  impl.RaftServerImpl (RaftServerImpl.java:setRole(184)) - d9e6ea44-93db-446f-8020-a94232284285@group-83CFD60236D8: changes role from  FOLLOWER to FOLLOWER at term 248 for recognizeCandidate:3989452c-7599-4156-9543-3fe544ced0f3
2019-10-16 22:15:14,743 [grpc-default-executor-23] INFO  impl.RoleInfo (RoleInfo.java:shutdownFollowerState(121)) - eec99a0c-e1b1-4518-bc49-9d1a8c8e04d5: shutdown FollowerState
2019-10-16 22:15:14,743 [grpc-default-executor-18] INFO  impl.RoleInfo (RoleInfo.java:shutdownFollowerState(121)) - d9e6ea44-93db-446f-8020-a94232284285: shutdown FollowerState
2019-10-16 22:15:14,743 [Thread-2452] INFO  impl.FollowerState (FollowerState.java:run(117)) - eec99a0c-e1b1-4518-bc49-9d1a8c8e04d5@group-83CFD60236D8-FollowerState was interrupted: java.lang.InterruptedException: sleep interrupted
2019-10-16 22:15:14,743 [grpc-default-executor-23] INFO  impl.RoleInfo (RoleInfo.java:updateAndGet(143)) - eec99a0c-e1b1-4518-bc49-9d1a8c8e04d5: start FollowerState
2019-10-16 22:15:14,744 [Thread-2453] INFO  impl.FollowerState (FollowerState.java:run(117)) - d9e6ea44-93db-446f-8020-a94232284285@group-83CFD60236D8-FollowerState was interrupted: java.lang.InterruptedException: sleep interrupted
2019-10-16 22:15:14,743 [grpc-default-executor-18] INFO  impl.RoleInfo (RoleInfo.java:updateAndGet(143)) - d9e6ea44-93db-446f-8020-a94232284285: start FollowerState
2019-10-16 22:15:14,756 [3989452c-7599-4156-9543-3fe544ced0f3@group-83CFD60236D8-LeaderElection236] INFO  impl.LeaderElection (LeaderElection.java:logAndReturn(56)) - 3989452c-7599-4156-9543-3fe544ced0f3@group-83CFD60236D8-LeaderElection236: Election REJECTED; received 2 response(s) [3989452c-7599-4156-9543-3fe544ced0f3<-eec99a0c-e1b1-4518-bc49-9d1a8c8e04d5#0:FAIL-t248, 3989452c-7599-4156-9543-3fe544ced0f3<-d9e6ea44-93db-446f-8020-a94232284285#0:FAIL-t248] and 0 exception(s); 3989452c-7599-4156-9543-3fe544ced0f3@group-83CFD60236D8:t248, leader=null, voted=3989452c-7599-4156-9543-3fe544ced0f3, raftlog=3989452c-7599-4156-9543-3fe544ced0f3@group-83CFD60236D8-SegmentedRaftLog:OPENED:c-1,f-1,i0, conf=-1: [3989452c-7599-4156-9543-3fe544ced0f3:192.168.157.254:36320, eec99a0c-e1b1-4518-bc49-9d1a8c8e04d5:192.168.157.254:45598, d9e6ea44-93db-446f-8020-a94232284285:192.168.157.254:41671], old=null
2019-10-16 22:15:14,756 [3989452c-7599-4156-9543-3fe544ced0f3@group-83CFD60236D8-LeaderElection236] INFO  impl.RaftServerImpl (RaftServerImpl.java:setRole(184)) - 3989452c-7599-4156-9543-3fe544ced0f3@group-83CFD60236D8: changes role from CANDIDATE to FOLLOWER at term 248 for DISCOVERED_A_NEW_TERM
2019-10-16 22:15:14,756 [3989452c-7599-4156-9543-3fe544ced0f3@group-83CFD60236D8-LeaderElection236] INFO  impl.RoleInfo (RoleInfo.java:shutdownLeaderElection(134)) - 3989452c-7599-4156-9543-3fe544ced0f3: shutdown LeaderElection
2019-10-16 22:15:14,757 [3989452c-7599-4156-9543-3fe544ced0f3@group-83CFD60236D8-LeaderElection236] INFO  impl.RoleInfo (RoleInfo.java:updateAndGet(143)) - 3989452c-7599-4156-9543-3fe544ced0f3: start FollowerState
2019-10-16 22:15:14,879 [Thread-2460] INFO  impl.FollowerState (FollowerState.java:run(108)) - 3989452c-7599-4156-9543-3fe544ced0f3@group-83CFD60236D8-FollowerState: change to CANDIDATE, lastRpcTime:122ms, electionTimeout:122ms
2019-10-16 22:15:14,879 [Thread-2460] INFO  impl.RoleInfo (RoleInfo.java:shutdownFollowerState(121)) - 3989452c-7599-4156-9543-3fe544ced0f3: shutdown FollowerState
2019-10-16 22:15:14,879 [Thread-2460] INFO  impl.RaftServerImpl (RaftServerImpl.java:setRole(184)) - 3989452c-7599-4156-9543-3fe544ced0f3@group-83CFD60236D8: changes role from  FOLLOWER to CANDIDATE at term 248 for changeToCandidate
2019-10-16 22:15:14,879 [Thread-2460] INFO  impl.RoleInfo (RoleInfo.java:updateAndGet(143)) - 3989452c-7599-4156-9543-3fe544ced0f3: start LeaderElection
2019-10-16 22:15:14,905 [3989452c-7599-4156-9543-3fe544ced0f3@group-83CFD60236D8-LeaderElection237] INFO  impl.LeaderElection (LeaderElection.java:askForVotes(178)) - 3989452c-7599-4156-9543-3fe544ced0f3@group-83CFD60236D8-LeaderElection237: begin an election at term 249 for -1: [3989452c-7599-4156-9543-3fe544ced0f3:192.168.157.254:36320, eec99a0c-e1b1-4518-bc49-9d1a8c8e04d5:192.168.157.254:45598, d9e6ea44-93db-446f-8020-a94232284285:192.168.157.254:41671], old=null
2019-10-16 22:15:14,906 [grpc-default-executor-23] INFO  impl.RaftServerImpl (RaftServerImpl.java:setRole(184)) - eec99a0c-e1b1-4518-bc49-9d1a8c8e04d5@group-83CFD60236D8: changes role from  FOLLOWER to FOLLOWER at term 249 for recognizeCandidate:3989452c-7599-4156-9543-3fe544ced0f3
2019-10-16 22:15:14,907 [grpc-default-executor-23] INFO  impl.RoleInfo (RoleInfo.java:shutdownFollowerState(121)) - eec99a0c-e1b1-4518-bc49-9d1a8c8e04d5: shutdown FollowerState
2019-10-16 22:15:14,907 [grpc-default-executor-18] INFO  impl.RaftServerImpl (RaftServerImpl.java:setRole(184)) - d9e6ea44-93db-446f-8020-a94232284285@group-83CFD60236D8: changes role from  FOLLOWER to FOLLOWER at term 249 for recognizeCandidate:3989452c-7599-4156-9543-3fe544ced0f3
2019-10-16 22:15:14,907 [grpc-default-executor-18] INFO  impl.RoleInfo (RoleInfo.java:shutdownFollowerState(121)) - d9e6ea44-93db-446f-8020-a94232284285: shutdown FollowerState
2019-10-16 22:15:14,907 [Thread-2458] INFO  impl.FollowerState (FollowerState.java:run(117)) - eec99a0c-e1b1-4518-bc49-9d1a8c8e04d5@group-83CFD60236D8-FollowerState was interrupted: java.lang.InterruptedException: sleep interrupted
2019-10-16 22:15:14,907 [grpc-default-executor-23] INFO  impl.RoleInfo (RoleInfo.java:updateAndGet(143)) - eec99a0c-e1b1-4518-bc49-9d1a8c8e04d5: start FollowerState
2019-10-16 22:15:14,907 [Thread-2459] INFO  impl.FollowerState (FollowerState.java:run(117)) - d9e6ea44-93db-446f-8020-a94232284285@group-83CFD60236D8-FollowerState was interrupted: java.lang.InterruptedException: sleep interrupted
2019-10-16 22:15:14,907 [grpc-default-executor-18] INFO  impl.RoleInfo (RoleInfo.java:updateAndGet(143)) - d9e6ea44-93db-446f-8020-a94232284285: start FollowerState
2019-10-16 22:15:14,933 [3989452c-7599-4156-9543-3fe544ced0f3@group-83CFD60236D8-LeaderElection237] INFO  impl.LeaderElection (LeaderElection.java:logAndReturn(56)) - 3989452c-7599-4156-9543-3fe544ced0f3@group-83CFD60236D8-LeaderElection237: Election REJECTED; received 2 response(s) [3989452c-7599-4156-9543-3fe544ced0f3<-eec99a0c-e1b1-4518-bc49-9d1a8c8e04d5#0:FAIL-t249, 3989452c-7599-4156-9543-3fe544ced0f3<-d9e6ea44-93db-446f-8020-a94232284285#0:FAIL-t249] and 0 exception(s); 3989452c-7599-4156-9543-3fe544ced0f3@group-83CFD60236D8:t249, leader=null, voted=3989452c-7599-4156-9543-3fe544ced0f3, raftlog=3989452c-7599-4156-9543-3fe544ced0f3@group-83CFD60236D8-SegmentedRaftLog:OPENED:c-1,f-1,i0, conf=-1: [3989452c-7599-4156-9543-3fe544ced0f3:192.168.157.254:36320, eec99a0c-e1b1-4518-bc49-9d1a8c8e04d5:192.168.157.254:45598, d9e6ea44-93db-446f-8020-a94232284285:192.168.157.254:41671], old=null
2019-10-16 22:15:14,934 [3989452c-7599-4156-9543-3fe544ced0f3@group-83CFD60236D8-LeaderElection237] INFO  impl.RaftServerImpl (RaftServerImpl.java:setRole(184)) - 3989452c-7599-4156-9543-3fe544ced0f3@group-83CFD60236D8: changes role from CANDIDATE to FOLLOWER at term 249 for DISCOVERED_A_NEW_TERM
2019-10-16 22:15:14,934 [3989452c-7599-4156-9543-3fe544ced0f3@group-83CFD60236D8-LeaderElection237] INFO  impl.RoleInfo (RoleInfo.java:shutdownLeaderElection(134)) - 3989452c-7599-4156-9543-3fe544ced0f3: shutdown LeaderElection
2019-10-16 22:15:14,934 [3989452c-7599-4156-9543-3fe544ced0f3@group-83CFD60236D8-LeaderElection237] INFO  impl.RoleInfo (RoleInfo.java:updateAndGet(143)) - 3989452c-7599-4156-9543-3fe544ced0f3: start FollowerState
 0.00% |?                                                                                                    |  0/1 Time: 0:06:312019-10-16 22:15:15,080 [Thread-2466] INFO  impl.FollowerState (FollowerState.java:run(108)) - 3989452c-7599-4156-9543-3fe544ced0f3@group-83CFD60236D8-FollowerState: change to CANDIDATE, lastRpcTime:146ms, electionTimeout:146ms
2019-10-16 22:15:15,081 [Thread-2466] INFO  impl.RoleInfo (RoleInfo.java:shutdownFollowerState(121)) - 3989452c-7599-4156-9543-3fe544ced0f3: shutdown FollowerState
2019-10-16 22:15:15,081 [Thread-2466] INFO  impl.RaftServerImpl (RaftServerImpl.java:setRole(184)) - 3989452c-7599-4156-9543-3fe544ced0f3@group-83CFD60236D8: changes role from  FOLLOWER to CANDIDATE at term 249 for changeToCandidate
2019-10-16 22:15:15,081 [Thread-2466] INFO  impl.RoleInfo (RoleInfo.java:updateAndGet(143)) - 3989452c-7599-4156-9543-3fe544ced0f3: start LeaderElection
2019-10-16 22:15:15,096 [3989452c-7599-4156-9543-3fe544ced0f3@group-83CFD60236D8-LeaderElection238] INFO  impl.LeaderElection (LeaderElection.java:askForVotes(178)) - 3989452c-7599-4156-9543-3fe544ced0f3@group-83CFD60236D8-LeaderElection238: begin an election at term 250 for -1: [3989452c-7599-4156-9543-3fe544ced0f3:192.168.157.254:36320, eec99a0c-e1b1-4518-bc49-9d1a8c8e04d5:192.168.157.254:45598, d9e6ea44-93db-446f-8020-a94232284285:192.168.157.254:41671], old=null
2019-10-16 22:15:15,098 [grpc-default-executor-18] INFO  impl.RaftServerImpl (RaftServerImpl.java:setRole(184)) - eec99a0c-e1b1-4518-bc49-9d1a8c8e04d5@group-83CFD60236D8: changes role from  FOLLOWER to FOLLOWER at term 250 for recognizeCandidate:3989452c-7599-4156-9543-3fe544ced0f3
2019-10-16 22:15:15,098 [grpc-default-executor-23] INFO  impl.RaftServerImpl (RaftServerImpl.java:setRole(184)) - d9e6ea44-93db-446f-8020-a94232284285@group-83CFD60236D8: changes role from  FOLLOWER to FOLLOWER at term 250 for recognizeCandidate:3989452c-7599-4156-9543-3fe544ced0f3
2019-10-16 22:15:15,099 [grpc-default-executor-18] INFO  impl.RoleInfo (RoleInfo.java:shutdownFollowerState(121)) - eec99a0c-e1b1-4518-bc49-9d1a8c8e04d5: shutdown FollowerState
2019-10-16 22:15:15,099 [grpc-default-executor-23] INFO  impl.RoleInfo (RoleInfo.java:shutdownFollowerState(121)) - d9e6ea44-93db-446f-8020-a94232284285: shutdown FollowerState
2019-10-16 22:15:15,099 [Thread-2464] INFO  impl.FollowerState (FollowerState.java:run(117)) - eec99a0c-e1b1-4518-bc49-9d1a8c8e04d5@group-83CFD60236D8-FollowerState was interrupted: java.lang.InterruptedException: sleep interrupted
2019-10-16 22:15:15,099 [grpc-default-executor-18] INFO  impl.RoleInfo (RoleInfo.java:updateAndGet(143)) - eec99a0c-e1b1-4518-bc49-9d1a8c8e04d5: start FollowerState
2019-10-16 22:15:15,099 [Thread-2465] INFO  impl.FollowerState (FollowerState.java:run(117)) - d9e6ea44-93db-446f-8020-a94232284285@group-83CFD60236D8-FollowerState was interrupted: java.lang.InterruptedException: sleep interrupted
2019-10-16 22:15:15,099 [grpc-default-executor-23] INFO  impl.RoleInfo (RoleInfo.java:updateAndGet(143)) - d9e6ea44-93db-446f-8020-a94232284285: start FollowerState
2019-10-16 22:15:15,115 [3989452c-7599-4156-9543-3fe544ced0f3@group-83CFD60236D8-LeaderElection238] INFO  impl.LeaderElection (LeaderElection.java:logAndReturn(56)) - 3989452c-7599-4156-9543-3fe544ced0f3@group-83CFD60236D8-LeaderElection238: Election REJECTED; received 2 response(s) [3989452c-7599-4156-9543-3fe544ced0f3<-eec99a0c-e1b1-4518-bc49-9d1a8c8e04d5#0:FAIL-t250, 3989452c-7599-4156-9543-3fe544ced0f3<-d9e6ea44-93db-446f-8020-a94232284285#0:FAIL-t250] and 0 exception(s); 3989452c-7599-4156-9543-3fe544ced0f3@group-83CFD60236D8:t250, leader=null, voted=3989452c-7599-4156-9543-3fe544ced0f3, raftlog=3989452c-7599-4156-9543-3fe544ced0f3@group-83CFD60236D8-SegmentedRaftLog:OPENED:c-1,f-1,i0, conf=-1: [3989452c-7599-4156-9543-3fe544ced0f3:192.168.157.254:36320, eec99a0c-e1b1-4518-bc49-9d1a8c8e04d5:192.168.157.254:45598, d9e6ea44-93db-446f-8020-a94232284285:192.168.157.254:41671], old=null
2019-10-16 22:15:15,116 [3989452c-7599-4156-9543-3fe544ced0f3@group-83CFD60236D8-LeaderElection238] INFO  impl.RaftServerImpl (RaftServerImpl.java:setRole(184)) - 3989452c-7599-4156-9543-3fe544ced0f3@group-83CFD60236D8: changes role from CANDIDATE to FOLLOWER at term 250 for DISCOVERED_A_NEW_TERM
2019-10-16 22:15:15,116 [3989452c-7599-4156-9543-3fe544ced0f3@group-83CFD60236D8-LeaderElection238] INFO  impl.RoleInfo (RoleInfo.java:shutdownLeaderElection(134)) - 3989452c-7599-4156-9543-3fe544ced0f3: shutdown LeaderElection
2019-10-16 22:15:15,116 [3989452c-7599-4156-9543-3fe544ced0f3@group-83CFD60236D8-LeaderElection238] INFO  impl.RoleInfo (RoleInfo.java:updateAndGet(143)) - 3989452c-7599-4156-9543-3fe544ced0f3: start FollowerState
2019-10-16 22:15:15,120 [Thread-2472] INFO  impl.FollowerState (FollowerState.java:run(108)) - 3989452c-7599-4156-9543-3fe544ced0f3@group-83CFD60236D8-FollowerState: change to CANDIDATE, lastRpcTime:4ms, electionTimeout:4ms
2019-10-16 22:15:15,120 [Thread-2472] INFO  impl.RoleInfo (RoleInfo.java:shutdownFollowerState(121)) - 3989452c-7599-4156-9543-3fe544ced0f3: shutdown FollowerState
2019-10-16 22:15:15,121 [Thread-2472] INFO  impl.RaftServerImpl (RaftServerImpl.java:setRole(184)) - 3989452c-7599-4156-9543-3fe544ced0f3@group-83CFD60236D8: changes role from  FOLLOWER to CANDIDATE at term 250 for changeToCandidate
2019-10-16 22:15:15,121 [Thread-2472] INFO  impl.RoleInfo (RoleInfo.java:updateAndGet(143)) - 3989452c-7599-4156-9543-3fe544ced0f3: start LeaderElection
2019-10-16 22:15:15,135 [3989452c-7599-4156-9543-3fe544ced0f3@group-83CFD60236D8-LeaderElection239] INFO  impl.LeaderElection (LeaderElection.java:askForVotes(178)) - 3989452c-7599-4156-9543-3fe544ced0f3@group-83CFD60236D8-LeaderElection239: begin an election at term 251 for -1: [3989452c-7599-4156-9543-3fe544ced0f3:192.168.157.254:36320, eec99a0c-e1b1-4518-bc49-9d1a8c8e04d5:192.168.157.254:45598, d9e6ea44-93db-446f-8020-a94232284285:192.168.157.254:41671], old=null
2019-10-16 22:15:15,137 [grpc-default-executor-18] INFO  impl.RaftServerImpl (RaftServerImpl.java:setRole(184)) - eec99a0c-e1b1-4518-bc49-9d1a8c8e04d5@group-83CFD60236D8: changes role from  FOLLOWER to FOLLOWER at term 251 for recognizeCandidate:3989452c-7599-4156-9543-3fe544ced0f3
2019-10-16 22:15:15,137 [grpc-default-executor-18] INFO  impl.RoleInfo (RoleInfo.java:shutdownFollowerState(121)) - eec99a0c-e1b1-4518-bc49-9d1a8c8e04d5: shutdown FollowerState
2019-10-16 22:15:15,137 [grpc-default-executor-18] INFO  impl.RoleInfo (RoleInfo.java:updateAndGet(143)) - eec99a0c-e1b1-4518-bc49-9d1a8c8e04d5: start FollowerState
2019-10-16 22:15:15,137 [grpc-default-executor-23] INFO  impl.RaftServerImpl (RaftServerImpl.java:setRole(184)) - d9e6ea44-93db-446f-8020-a94232284285@group-83CFD60236D8: changes role from  FOLLOWER to FOLLOWER at term 251 for recognizeCandidate:3989452c-7599-4156-9543-3fe544ced0f3
2019-10-16 22:15:15,137 [Thread-2470] INFO  impl.FollowerState (FollowerState.java:run(117)) - eec99a0c-e1b1-4518-bc49-9d1a8c8e04d5@group-83CFD60236D8-FollowerState was interrupted: java.lang.InterruptedException: sleep interrupted
2019-10-16 22:15:15,137 [grpc-default-executor-23] INFO  impl.RoleInfo (RoleInfo.java:shutdownFollowerState(121)) - d9e6ea44-93db-446f-8020-a94232284285: shutdown FollowerState
2019-10-16 22:15:15,138 [grpc-default-executor-23] INFO  impl.RoleInfo (RoleInfo.java:updateAndGet(143)) - d9e6ea44-93db-446f-8020-a94232284285: start FollowerState
2019-10-16 22:15:15,138 [Thread-2471] INFO  impl.FollowerState (FollowerState.java:run(117)) - d9e6ea44-93db-446f-8020-a94232284285@group-83CFD60236D8-FollowerState was interrupted: java.lang.InterruptedException: sleep interrupted
2019-10-16 22:15:15,151 [3989452c-7599-4156-9543-3fe544ced0f3@group-83CFD60236D8-LeaderElection239] INFO  impl.LeaderElection (LeaderElection.java:logAndReturn(56)) - 3989452c-7599-4156-9543-3fe544ced0f3@group-83CFD60236D8-LeaderElection239: Election REJECTED; received 2 response(s) [3989452c-7599-4156-9543-3fe544ced0f3<-eec99a0c-e1b1-4518-bc49-9d1a8c8e04d5#0:FAIL-t251, 3989452c-7599-4156-9543-3fe544ced0f3<-d9e6ea44-93db-446f-8020-a94232284285#0:FAIL-t251] and 0 exception(s); 3989452c-7599-4156-9543-3fe544ced0f3@group-83CFD60236D8:t251, leader=null, voted=3989452c-7599-4156-9543-3fe544ced0f3, raftlog=3989452c-7599-4156-9543-3fe544ced0f3@group-83CFD60236D8-SegmentedRaftLog:OPENED:c-1,f-1,i0, conf=-1: [3989452c-7599-4156-9543-3fe544ced0f3:192.168.157.254:36320, eec99a0c-e1b1-4518-bc49-9d1a8c8e04d5:192.168.157.254:45598, d9e6ea44-93db-446f-8020-a94232284285:192.168.157.254:41671], old=null
2019-10-16 22:15:15,151 [3989452c-7599-4156-9543-3fe544ced0f3@group-83CFD60236D8-LeaderElection239] INFO  impl.RaftServerImpl (RaftServerImpl.java:setRole(184)) - 3989452c-7599-4156-9543-3fe544ced0f3@group-83CFD60236D8: changes role from CANDIDATE to FOLLOWER at term 251 for DISCOVERED_A_NEW_TERM
2019-10-16 22:15:15,152 [3989452c-7599-4156-9543-3fe544ced0f3@group-83CFD60236D8-LeaderElection239] INFO  impl.RoleInfo (RoleInfo.java:shutdownLeaderElection(134)) - 3989452c-7599-4156-9543-3fe544ced0f3: shutdown LeaderElection
2019-10-16 22:15:15,152 [3989452c-7599-4156-9543-3fe544ced0f3@group-83CFD60236D8-LeaderElection239] INFO  impl.RoleInfo (RoleInfo.java:updateAndGet(143)) - 3989452c-7599-4156-9543-3fe544ced0f3: start FollowerState
2019-10-16 22:15:15,318 [Thread-2478] INFO  impl.FollowerState (FollowerState.java:run(108)) - 3989452c-7599-4156-9543-3fe544ced0f3@group-83CFD60236D8-FollowerState: change to CANDIDATE, lastRpcTime:166ms, electionTimeout:166ms
2019-10-16 22:15:15,318 [Thread-2478] INFO  impl.RoleInfo (RoleInfo.java:shutdownFollowerState(121)) - 3989452c-7599-4156-9543-3fe544ced0f3: shutdown FollowerState
2019-10-16 22:15:15,318 [Thread-2478] INFO  impl.RaftServerImpl (RaftServerImpl.java:setRole(184)) - 3989452c-7599-4156-9543-3fe544ced0f3@group-83CFD60236D8: changes role from  FOLLOWER to CANDIDATE at term 251 for changeToCandidate
2019-10-16 22:15:15,319 [Thread-2478] INFO  impl.RoleInfo (RoleInfo.java:updateAndGet(143)) - 3989452c-7599-4156-9543-3fe544ced0f3: start LeaderElection
2019-10-16 22:15:15,345 [3989452c-7599-4156-9543-3fe544ced0f3@group-83CFD60236D8-LeaderElection240] INFO  impl.LeaderElection (LeaderElection.java:askForVotes(178)) - 3989452c-7599-4156-9543-3fe544ced0f3@group-83CFD60236D8-LeaderElection240: begin an election at term 252 for -1: [3989452c-7599-4156-9543-3fe544ced0f3:192.168.157.254:36320, eec99a0c-e1b1-4518-bc49-9d1a8c8e04d5:192.168.157.254:45598, d9e6ea44-93db-446f-8020-a94232284285:192.168.157.254:41671], old=null
2019-10-16 22:15:15,347 [grpc-default-executor-23] INFO  impl.RaftServerImpl (RaftServerImpl.java:setRole(184)) - eec99a0c-e1b1-4518-bc49-9d1a8c8e04d5@group-83CFD60236D8: changes role from  FOLLOWER to FOLLOWER at term 252 for recognizeCandidate:3989452c-7599-4156-9543-3fe544ced0f3
2019-10-16 22:15:15,347 [grpc-default-executor-23] INFO  impl.RoleInfo (RoleInfo.java:shutdownFollowerState(121)) - eec99a0c-e1b1-4518-bc49-9d1a8c8e04d5: shutdown FollowerState
2019-10-16 22:15:15,347 [grpc-default-executor-18] INFO  impl.RaftServerImpl (RaftServerImpl.java:setRole(184)) - d9e6ea44-93db-446f-8020-a94232284285@group-83CFD60236D8: changes role from  FOLLOWER to FOLLOWER at term 252 for recognizeCandidate:3989452c-7599-4156-9543-3fe544ced0f3
2019-10-16 22:15:15,347 [Thread-2476] INFO  impl.FollowerState (FollowerState.java:run(117)) - eec99a0c-e1b1-4518-bc49-9d1a8c8e04d5@group-83CFD60236D8-FollowerState was interrupted: java.lang.InterruptedException: sleep interrupted
2019-10-16 22:15:15,347 [grpc-default-executor-23] INFO  impl.RoleInfo (RoleInfo.java:updateAndGet(143)) - eec99a0c-e1b1-4518-bc49-9d1a8c8e04d5: start FollowerState
2019-10-16 22:15:15,348 [grpc-default-executor-18] INFO  impl.RoleInfo (RoleInfo.java:shutdownFollowerState(121)) - d9e6ea44-93db-446f-8020-a94232284285: shutdown FollowerState
2019-10-16 22:15:15,348 [grpc-default-executor-18] INFO  impl.RoleInfo (RoleInfo.java:updateAndGet(143)) - d9e6ea44-93db-446f-8020-a94232284285: start FollowerState
2019-10-16 22:15:15,348 [Thread-2477] INFO  impl.FollowerState (FollowerState.java:run(117)) - d9e6ea44-93db-446f-8020-a94232284285@group-83CFD60236D8-FollowerState was interrupted: java.lang.InterruptedException: sleep interrupted
2019-10-16 22:15:15,372 [3989452c-7599-4156-9543-3fe544ced0f3@group-83CFD60236D8-LeaderElection240] INFO  impl.LeaderElection (LeaderElection.java:logAndReturn(56)) - 3989452c-7599-4156-9543-3fe544ced0f3@group-83CFD60236D8-LeaderElection240: Election REJECTED; received 2 response(s) [3989452c-7599-4156-9543-3fe544ced0f3<-eec99a0c-e1b1-4518-bc49-9d1a8c8e04d5#0:FAIL-t252, 3989452c-7599-4156-9543-3fe544ced0f3<-d9e6ea44-93db-446f-8020-a94232284285#0:FAIL-t252] and 0 exception(s); 3989452c-7599-4156-9543-3fe544ced0f3@group-83CFD60236D8:t252, leader=null, voted=3989452c-7599-4156-9543-3fe544ced0f3, raftlog=3989452c-7599-4156-9543-3fe544ced0f3@group-83CFD60236D8-SegmentedRaftLog:OPENED:c-1,f-1,i0, conf=-1: [3989452c-7599-4156-9543-3fe544ced0f3:192.168.157.254:36320, eec99a0c-e1b1-4518-bc49-9d1a8c8e04d5:192.168.157.254:45598, d9e6ea44-93db-446f-8020-a94232284285:192.168.157.254:41671], old=null
2019-10-16 22:15:15,372 [3989452c-7599-4156-9543-3fe544ced0f3@group-83CFD60236D8-LeaderElection240] INFO  impl.RaftServerImpl (RaftServerImpl.java:setRole(184)) - 3989452c-7599-4156-9543-3fe544ced0f3@group-83CFD60236D8: changes role from CANDIDATE to FOLLOWER at term 252 for DISCOVERED_A_NEW_TERM
2019-10-16 22:15:15,372 [3989452c-7599-4156-9543-3fe544ced0f3@group-83CFD60236D8-LeaderElection240] INFO  impl.RoleInfo (RoleInfo.java:shutdownLeaderElection(134)) - 3989452c-7599-4156-9543-3fe544ced0f3: shutdown LeaderElection
2019-10-16 22:15:15,372 [3989452c-7599-4156-9543-3fe544ced0f3@group-83CFD60236D8-LeaderElection240] INFO  impl.RoleInfo (RoleInfo.java:updateAndGet(143)) - 3989452c-7599-4156-9543-3fe544ced0f3: start FollowerState
2019-10-16 22:15:15,413 [Thread-2484] INFO  impl.FollowerState (FollowerState.java:run(108)) - 3989452c-7599-4156-9543-3fe544ced0f3@group-83CFD60236D8-FollowerState: change to CANDIDATE, lastRpcTime:40ms, electionTimeout:40ms
2019-10-16 22:15:15,413 [Thread-2484] INFO  impl.RoleInfo (RoleInfo.java:shutdownFollowerState(121)) - 3989452c-7599-4156-9543-3fe544ced0f3: shutdown FollowerState
2019-10-16 22:15:15,413 [Thread-2484] INFO  impl.RaftServerImpl (RaftServerImpl.java:setRole(184)) - 3989452c-7599-4156-9543-3fe544ced0f3@group-83CFD60236D8: changes role from  FOLLOWER to CANDIDATE at term 252 for changeToCandidate
2019-10-16 22:15:15,413 [Thread-2484] INFO  impl.RoleInfo (RoleInfo.java:updateAndGet(143)) - 3989452c-7599-4156-9543-3fe544ced0f3: start LeaderElection
2019-10-16 22:15:15,438 [3989452c-7599-4156-9543-3fe544ced0f3@group-83CFD60236D8-LeaderElection241] INFO  impl.LeaderElection (LeaderElection.java:askForVotes(178)) - 3989452c-7599-4156-9543-3fe544ced0f3@group-83CFD60236D8-LeaderElection241: begin an election at term 253 for -1: [3989452c-7599-4156-9543-3fe544ced0f3:192.168.157.254:36320, eec99a0c-e1b1-4518-bc49-9d1a8c8e04d5:192.168.157.254:45598, d9e6ea44-93db-446f-8020-a94232284285:192.168.157.254:41671], old=null
2019-10-16 22:15:15,440 [grpc-default-executor-18] INFO  impl.RaftServerImpl (RaftServerImpl.java:setRole(184)) - eec99a0c-e1b1-4518-bc49-9d1a8c8e04d5@group-83CFD60236D8: changes role from  FOLLOWER to FOLLOWER at term 253 for recognizeCandidate:3989452c-7599-4156-9543-3fe544ced0f3
2019-10-16 22:15:15,440 [grpc-default-executor-18] INFO  impl.RoleInfo (RoleInfo.java:shutdownFollowerState(121)) - eec99a0c-e1b1-4518-bc49-9d1a8c8e04d5: shutdown FollowerState
2019-10-16 22:15:15,440 [grpc-default-executor-18] INFO  impl.RoleInfo (RoleInfo.java:updateAndGet(143)) - eec99a0c-e1b1-4518-bc49-9d1a8c8e04d5: start FollowerState
2019-10-16 22:15:15,440 [Thread-2482] INFO  impl.FollowerState (FollowerState.java:run(117)) - eec99a0c-e1b1-4518-bc49-9d1a8c8e04d5@group-83CFD60236D8-FollowerState was interrupted: java.lang.InterruptedException: sleep interrupted
2019-10-16 22:15:15,440 [grpc-default-executor-23] INFO  impl.RaftServerImpl (RaftServerImpl.java:setRole(184)) - d9e6ea44-93db-446f-8020-a94232284285@group-83CFD60236D8: changes role from  FOLLOWER to FOLLOWER at term 253 for recognizeCandidate:3989452c-7599-4156-9543-3fe544ced0f3
2019-10-16 22:15:15,441 [grpc-default-executor-23] INFO  impl.RoleInfo (RoleInfo.java:shutdownFollowerState(121)) - d9e6ea44-93db-446f-8020-a94232284285: shutdown FollowerState
2019-10-16 22:15:15,441 [grpc-default-executor-23] INFO  impl.RoleInfo (RoleInfo.java:updateAndGet(143)) - d9e6ea44-93db-446f-8020-a94232284285: start FollowerState
2019-10-16 22:15:15,441 [Thread-2483] INFO  impl.FollowerState (FollowerState.java:run(117)) - d9e6ea44-93db-446f-8020-a94232284285@group-83CFD60236D8-FollowerState was interrupted: java.lang.InterruptedException: sleep interrupted
2019-10-16 22:15:15,455 [3989452c-7599-4156-9543-3fe544ced0f3@group-83CFD60236D8-LeaderElection241] INFO  impl.LeaderElection (LeaderElection.java:logAndReturn(56)) - 3989452c-7599-4156-9543-3fe544ced0f3@group-83CFD60236D8-LeaderElection241: Election REJECTED; received 2 response(s) [3989452c-7599-4156-9543-3fe544ced0f3<-eec99a0c-e1b1-4518-bc49-9d1a8c8e04d5#0:FAIL-t253, 3989452c-7599-4156-9543-3fe544ced0f3<-d9e6ea44-93db-446f-8020-a94232284285#0:FAIL-t253] and 0 exception(s); 3989452c-7599-4156-9543-3fe544ced0f3@group-83CFD60236D8:t253, leader=null, voted=3989452c-7599-4156-9543-3fe544ced0f3, raftlog=3989452c-7599-4156-9543-3fe544ced0f3@group-83CFD60236D8-SegmentedRaftLog:OPENED:c-1,f-1,i0, conf=-1: [3989452c-7599-4156-9543-3fe544ced0f3:192.168.157.254:36320, eec99a0c-e1b1-4518-bc49-9d1a8c8e04d5:192.168.157.254:45598, d9e6ea44-93db-446f-8020-a94232284285:192.168.157.254:41671], old=null
2019-10-16 22:15:15,455 [3989452c-7599-4156-9543-3fe544ced0f3@group-83CFD60236D8-LeaderElection241] INFO  impl.RaftServerImpl (RaftServerImpl.java:setRole(184)) - 3989452c-7599-4156-9543-3fe544ced0f3@group-83CFD60236D8: changes role from CANDIDATE to FOLLOWER at term 253 for DISCOVERED_A_NEW_TERM
2019-10-16 22:15:15,455 [3989452c-7599-4156-9543-3fe544ced0f3@group-83CFD60236D8-LeaderElection241] INFO  impl.RoleInfo (RoleInfo.java:shutdownLeaderElection(134)) - 3989452c-7599-4156-9543-3fe544ced0f3: shutdown LeaderElection
2019-10-16 22:15:15,455 [3989452c-7599-4156-9543-3fe544ced0f3@group-83CFD60236D8-LeaderElection241] INFO  impl.RoleInfo (RoleInfo.java:updateAndGet(143)) - 3989452c-7599-4156-9543-3fe544ced0f3: start FollowerState
2019-10-16 22:15:15,456 [Thread-2490] INFO  impl.FollowerState (FollowerState.java:run(108)) - 3989452c-7599-4156-9543-3fe544ced0f3@group-83CFD60236D8-FollowerState: change to CANDIDATE, lastRpcTime:1ms, electionTimeout:1ms
2019-10-16 22:15:15,456 [Thread-2490] INFO  impl.RoleInfo (RoleInfo.java:shutdownFollowerState(121)) - 3989452c-7599-4156-9543-3fe544ced0f3: shutdown FollowerState
2019-10-16 22:15:15,456 [Thread-2490] INFO  impl.RaftServerImpl (RaftServerImpl.java:setRole(184)) - 3989452c-7599-4156-9543-3fe544ced0f3@group-83CFD60236D8: changes role from  FOLLOWER to CANDIDATE at term 253 for changeToCandidate
2019-10-16 22:15:15,457 [Thread-2490] INFO  impl.RoleInfo (RoleInfo.java:updateAndGet(143)) - 3989452c-7599-4156-9543-3fe544ced0f3: start LeaderElection
2019-10-16 22:15:15,469 [3989452c-7599-4156-9543-3fe544ced0f3@group-83CFD60236D8-LeaderElection242] INFO  impl.LeaderElection (LeaderElection.java:askForVotes(178)) - 3989452c-7599-4156-9543-3fe544ced0f3@group-83CFD60236D8-LeaderElection242: begin an election at term 254 for -1: [3989452c-7599-4156-9543-3fe544ced0f3:192.168.157.254:36320, eec99a0c-e1b1-4518-bc49-9d1a8c8e04d5:192.168.157.254:45598, d9e6ea44-93db-446f-8020-a94232284285:192.168.157.254:41671], old=null
2019-10-16 22:15:15,470 [grpc-default-executor-23] INFO  impl.RaftServerImpl (RaftServerImpl.java:setRole(184)) - eec99a0c-e1b1-4518-bc49-9d1a8c8e04d5@group-83CFD60236D8: changes role from  FOLLOWER to FOLLOWER at term 254 for recognizeCandidate:3989452c-7599-4156-9543-3fe544ced0f3
2019-10-16 22:15:15,471 [grpc-default-executor-23] INFO  impl.RoleInfo (RoleInfo.java:shutdownFollowerState(121)) - eec99a0c-e1b1-4518-bc49-9d1a8c8e04d5: shutdown FollowerState
2019-10-16 22:15:15,471 [grpc-default-executor-18] INFO  impl.RaftServerImpl (RaftServerImpl.java:setRole(184)) - d9e6ea44-93db-446f-8020-a94232284285@group-83CFD60236D8: changes role from  FOLLOWER to FOLLOWER at term 254 for recognizeCandidate:3989452c-7599-4156-9543-3fe544ced0f3
2019-10-16 22:15:15,471 [Thread-2488] INFO  impl.FollowerState (FollowerState.java:run(117)) - eec99a0c-e1b1-4518-bc49-9d1a8c8e04d5@group-83CFD60236D8-FollowerState was interrupted: java.lang.InterruptedException: sleep interrupted
2019-10-16 22:15:15,471 [grpc-default-executor-23] INFO  impl.RoleInfo (RoleInfo.java:updateAndGet(143)) - eec99a0c-e1b1-4518-bc49-9d1a8c8e04d5: start FollowerState
2019-10-16 22:15:15,471 [grpc-default-executor-18] INFO  impl.RoleInfo (RoleInfo.java:shutdownFollowerState(121)) - d9e6ea44-93db-446f-8020-a94232284285: shutdown FollowerState
2019-10-16 22:15:15,471 [grpc-default-executor-18] INFO  impl.RoleInfo (RoleInfo.java:updateAndGet(143)) - d9e6ea44-93db-446f-8020-a94232284285: start FollowerState
2019-10-16 22:15:15,471 [Thread-2489] INFO  impl.FollowerState (FollowerState.java:run(117)) - d9e6ea44-93db-446f-8020-a94232284285@group-83CFD60236D8-FollowerState was interrupted: java.lang.InterruptedException: sleep interrupted
2019-10-16 22:15:15,496 [3989452c-7599-4156-9543-3fe544ced0f3@group-83CFD60236D8-LeaderElection242] INFO  impl.LeaderElection (LeaderElection.java:logAndReturn(56)) - 3989452c-7599-4156-9543-3fe544ced0f3@group-83CFD60236D8-LeaderElection242: Election REJECTED; received 2 response(s) [3989452c-7599-4156-9543-3fe544ced0f3<-eec99a0c-e1b1-4518-bc49-9d1a8c8e04d5#0:FAIL-t254, 3989452c-7599-4156-9543-3fe544ced0f3<-d9e6ea44-93db-446f-8020-a94232284285#0:FAIL-t254] and 0 exception(s); 3989452c-7599-4156-9543-3fe544ced0f3@group-83CFD60236D8:t254, leader=null, voted=3989452c-7599-4156-9543-3fe544ced0f3, raftlog=3989452c-7599-4156-9543-3fe544ced0f3@group-83CFD60236D8-SegmentedRaftLog:OPENED:c-1,f-1,i0, conf=-1: [3989452c-7599-4156-9543-3fe544ced0f3:192.168.157.254:36320, eec99a0c-e1b1-4518-bc49-9d1a8c8e04d5:192.168.157.254:45598, d9e6ea44-93db-446f-8020-a94232284285:192.168.157.254:41671], old=null
2019-10-16 22:15:15,496 [3989452c-7599-4156-9543-3fe544ced0f3@group-83CFD60236D8-LeaderElection242] INFO  impl.RaftServerImpl (RaftServerImpl.java:setRole(184)) - 3989452c-7599-4156-9543-3fe544ced0f3@group-83CFD60236D8: changes role from CANDIDATE to FOLLOWER at term 254 for DISCOVERED_A_NEW_TERM
2019-10-16 22:15:15,497 [3989452c-7599-4156-9543-3fe544ced0f3@group-83CFD60236D8-LeaderElection242] INFO  impl.RoleInfo (RoleInfo.java:shutdownLeaderElection(134)) - 3989452c-7599-4156-9543-3fe544ced0f3: shutdown LeaderElection
2019-10-16 22:15:15,497 [3989452c-7599-4156-9543-3fe544ced0f3@group-83CFD60236D8-LeaderElection242] INFO  impl.RoleInfo (RoleInfo.java:updateAndGet(143)) - 3989452c-7599-4156-9543-3fe544ced0f3: start FollowerState
2019-10-16 22:15:15,498 [Thread-2496] INFO  impl.FollowerState (FollowerState.java:run(108)) - 3989452c-7599-4156-9543-3fe544ced0f3@group-83CFD60236D8-FollowerState: change to CANDIDATE, lastRpcTime:1ms, electionTimeout:1ms
2019-10-16 22:15:15,498 [Thread-2496] INFO  impl.RoleInfo (RoleInfo.java:shutdownFollowerState(121)) - 3989452c-7599-4156-9543-3fe544ced0f3: shutdown FollowerState
2019-10-16 22:15:15,498 [Thread-2496] INFO  impl.RaftServerImpl (RaftServerImpl.java:setRole(184)) - 3989452c-7599-4156-9543-3fe544ced0f3@group-83CFD60236D8: changes role from  FOLLOWER to CANDIDATE at term 254 for changeToCandidate
2019-10-16 22:15:15,498 [Thread-2496] INFO  impl.RoleInfo (RoleInfo.java:updateAndGet(143)) - 3989452c-7599-4156-9543-3fe544ced0f3: start LeaderElection
2019-10-16 22:15:15,511 [3989452c-7599-4156-9543-3fe544ced0f3@group-83CFD60236D8-LeaderElection243] INFO  impl.LeaderElection (LeaderElection.java:askForVotes(178)) - 3989452c-7599-4156-9543-3fe544ced0f3@group-83CFD60236D8-LeaderElection243: begin an election at term 255 for -1: [3989452c-7599-4156-9543-3fe544ced0f3:192.168.157.254:36320, eec99a0c-e1b1-4518-bc49-9d1a8c8e04d5:192.168.157.254:45598, d9e6ea44-93db-446f-8020-a94232284285:192.168.157.254:41671], old=null
2019-10-16 22:15:15,513 [grpc-default-executor-23] INFO  impl.RaftServerImpl (RaftServerImpl.java:setRole(184)) - eec99a0c-e1b1-4518-bc49-9d1a8c8e04d5@group-83CFD60236D8: changes role from  FOLLOWER to FOLLOWER at term 255 for recognizeCandidate:3989452c-7599-4156-9543-3fe544ced0f3
2019-10-16 22:15:15,513 [grpc-default-executor-23] INFO  impl.RoleInfo (RoleInfo.java:shutdownFollowerState(121)) - eec99a0c-e1b1-4518-bc49-9d1a8c8e04d5: shutdown FollowerState
2019-10-16 22:15:15,513 [grpc-default-executor-18] INFO  impl.RaftServerImpl (RaftServerImpl.java:setRole(184)) - d9e6ea44-93db-446f-8020-a94232284285@group-83CFD60236D8: changes role from  FOLLOWER to FOLLOWER at term 255 for recognizeCandidate:3989452c-7599-4156-9543-3fe544ced0f3
2019-10-16 22:15:15,513 [Thread-2494] INFO  impl.FollowerState (FollowerState.java:run(117)) - eec99a0c-e1b1-4518-bc49-9d1a8c8e04d5@group-83CFD60236D8-FollowerState was interrupted: java.lang.InterruptedException: sleep interrupted
2019-10-16 22:15:15,513 [grpc-default-executor-23] INFO  impl.RoleInfo (RoleInfo.java:updateAndGet(143)) - eec99a0c-e1b1-4518-bc49-9d1a8c8e04d5: start FollowerState
2019-10-16 22:15:15,513 [grpc-default-executor-18] INFO  impl.RoleInfo (RoleInfo.java:shutdownFollowerState(121)) - d9e6ea44-93db-446f-8020-a94232284285: shutdown FollowerState
2019-10-16 22:15:15,514 [grpc-default-executor-18] INFO  impl.RoleInfo (RoleInfo.java:updateAndGet(143)) - d9e6ea44-93db-446f-8020-a94232284285: start FollowerState
2019-10-16 22:15:15,514 [Thread-2495] INFO  impl.FollowerState (FollowerState.java:run(117)) - d9e6ea44-93db-446f-8020-a94232284285@group-83CFD60236D8-FollowerState was interrupted: java.lang.InterruptedException: sleep interrupted
2019-10-16 22:15:15,539 [3989452c-7599-4156-9543-3fe544ced0f3@group-83CFD60236D8-LeaderElection243] INFO  impl.LeaderElection (LeaderElection.java:logAndReturn(56)) - 3989452c-7599-4156-9543-3fe544ced0f3@group-83CFD60236D8-LeaderElection243: Election REJECTED; received 2 response(s) [3989452c-7599-4156-9543-3fe544ced0f3<-eec99a0c-e1b1-4518-bc49-9d1a8c8e04d5#0:FAIL-t255, 3989452c-7599-4156-9543-3fe544ced0f3<-d9e6ea44-93db-446f-8020-a94232284285#0:FAIL-t255] and 0 exception(s); 3989452c-7599-4156-9543-3fe544ced0f3@group-83CFD60236D8:t255, leader=null, voted=3989452c-7599-4156-9543-3fe544ced0f3, raftlog=3989452c-7599-4156-9543-3fe544ced0f3@group-83CFD60236D8-SegmentedRaftLog:OPENED:c-1,f-1,i0, conf=-1: [3989452c-7599-4156-9543-3fe544ced0f3:192.168.157.254:36320, eec99a0c-e1b1-4518-bc49-9d1a8c8e04d5:192.168.157.254:45598, d9e6ea44-93db-446f-8020-a94232284285:192.168.157.254:41671], old=null
2019-10-16 22:15:15,539 [3989452c-7599-4156-9543-3fe544ced0f3@group-83CFD60236D8-LeaderElection243] INFO  impl.RaftServerImpl (RaftServerImpl.java:setRole(184)) - 3989452c-7599-4156-9543-3fe544ced0f3@group-83CFD60236D8: changes role from CANDIDATE to FOLLOWER at term 255 for DISCOVERED_A_NEW_TERM
2019-10-16 22:15:15,540 [3989452c-7599-4156-9543-3fe544ced0f3@group-83CFD60236D8-LeaderElection243] INFO  impl.RoleInfo (RoleInfo.java:shutdownLeaderElection(134)) - 3989452c-7599-4156-9543-3fe544ced0f3: shutdown LeaderElection
2019-10-16 22:15:15,540 [3989452c-7599-4156-9543-3fe544ced0f3@group-83CFD60236D8-LeaderElection243] INFO  impl.RoleInfo (RoleInfo.java:updateAndGet(143)) - 3989452c-7599-4156-9543-3fe544ced0f3: start FollowerState
2019-10-16 22:15:15,705 [Thread-2502] INFO  impl.FollowerState (FollowerState.java:run(108)) - 3989452c-7599-4156-9543-3fe544ced0f3@group-83CFD60236D8-FollowerState: change to CANDIDATE, lastRpcTime:165ms, electionTimeout:165ms
2019-10-16 22:15:15,705 [Thread-2502] INFO  impl.RoleInfo (RoleInfo.java:shutdownFollowerState(121)) - 3989452c-7599-4156-9543-3fe544ced0f3: shutdown FollowerState
2019-10-16 22:15:15,705 [Thread-2502] INFO  impl.RaftServerImpl (RaftServerImpl.java:setRole(184)) - 3989452c-7599-4156-9543-3fe544ced0f3@group-83CFD60236D8: changes role from  FOLLOWER to CANDIDATE at term 255 for changeToCandidate
2019-10-16 22:15:15,706 [Thread-2502] INFO  impl.RoleInfo (RoleInfo.java:updateAndGet(143)) - 3989452c-7599-4156-9543-3fe544ced0f3: start LeaderElection
2019-10-16 22:15:15,719 [3989452c-7599-4156-9543-3fe544ced0f3@group-83CFD60236D8-LeaderElection244] INFO  impl.LeaderElection (LeaderElection.java:askForVotes(178)) - 3989452c-7599-4156-9543-3fe544ced0f3@group-83CFD60236D8-LeaderElection244: begin an election at term 256 for -1: [3989452c-7599-4156-9543-3fe544ced0f3:192.168.157.254:36320, eec99a0c-e1b1-4518-bc49-9d1a8c8e04d5:192.168.157.254:45598, d9e6ea44-93db-446f-8020-a94232284285:192.168.157.254:41671], old=null
2019-10-16 22:15:15,721 [grpc-default-executor-23] INFO  impl.RaftServerImpl (RaftServerImpl.java:setRole(184)) - eec99a0c-e1b1-4518-bc49-9d1a8c8e04d5@group-83CFD60236D8: changes role from  FOLLOWER to FOLLOWER at term 256 for recognizeCandidate:3989452c-7599-4156-9543-3fe544ced0f3
2019-10-16 22:15:15,721 [grpc-default-executor-23] INFO  impl.RoleInfo (RoleInfo.java:shutdownFollowerState(121)) - eec99a0c-e1b1-4518-bc49-9d1a8c8e04d5: shutdown FollowerState
2019-10-16 22:15:15,721 [grpc-default-executor-23] INFO  impl.RoleInfo (RoleInfo.java:updateAndGet(143)) - eec99a0c-e1b1-4518-bc49-9d1a8c8e04d5: start FollowerState
2019-10-16 22:15:15,721 [Thread-2500] INFO  impl.FollowerState (FollowerState.java:run(117)) - eec99a0c-e1b1-4518-bc49-9d1a8c8e04d5@group-83CFD60236D8-FollowerState was interrupted: java.lang.InterruptedException: sleep interrupted
2019-10-16 22:15:15,721 [grpc-default-executor-18] INFO  impl.RaftServerImpl (RaftServerImpl.java:setRole(184)) - d9e6ea44-93db-446f-8020-a94232284285@group-83CFD60236D8: changes role from  FOLLOWER to FOLLOWER at term 256 for recognizeCandidate:3989452c-7599-4156-9543-3fe544ced0f3
2019-10-16 22:15:15,722 [grpc-default-executor-18] INFO  impl.RoleInfo (RoleInfo.java:shutdownFollowerState(121)) - d9e6ea44-93db-446f-8020-a94232284285: shutdown FollowerState
2019-10-16 22:15:15,722 [grpc-default-executor-18] INFO  impl.RoleInfo (RoleInfo.java:updateAndGet(143)) - d9e6ea44-93db-446f-8020-a94232284285: start FollowerState
2019-10-16 22:15:15,722 [Thread-2501] INFO  impl.FollowerState (FollowerState.java:run(117)) - d9e6ea44-93db-446f-8020-a94232284285@group-83CFD60236D8-FollowerState was interrupted: java.lang.InterruptedException: sleep interrupted
2019-10-16 22:15:15,748 [3989452c-7599-4156-9543-3fe544ced0f3@group-83CFD60236D8-LeaderElection244] INFO  impl.LeaderElection (LeaderElection.java:logAndReturn(56)) - 3989452c-7599-4156-9543-3fe544ced0f3@group-83CFD60236D8-LeaderElection244: Election REJECTED; received 2 response(s) [3989452c-7599-4156-9543-3fe544ced0f3<-eec99a0c-e1b1-4518-bc49-9d1a8c8e04d5#0:FAIL-t256, 3989452c-7599-4156-9543-3fe544ced0f3<-d9e6ea44-93db-446f-8020-a94232284285#0:FAIL-t256] and 0 exception(s); 3989452c-7599-4156-9543-3fe544ced0f3@group-83CFD60236D8:t256, leader=null, voted=3989452c-7599-4156-9543-3fe544ced0f3, raftlog=3989452c-7599-4156-9543-3fe544ced0f3@group-83CFD60236D8-SegmentedRaftLog:OPENED:c-1,f-1,i0, conf=-1: [3989452c-7599-4156-9543-3fe544ced0f3:192.168.157.254:36320, eec99a0c-e1b1-4518-bc49-9d1a8c8e04d5:192.168.157.254:45598, d9e6ea44-93db-446f-8020-a94232284285:192.168.157.254:41671], old=null
2019-10-16 22:15:15,749 [3989452c-7599-4156-9543-3fe544ced0f3@group-83CFD60236D8-LeaderElection244] INFO  impl.RaftServerImpl (RaftServerImpl.java:setRole(184)) - 3989452c-7599-4156-9543-3fe544ced0f3@group-83CFD60236D8: changes role from CANDIDATE to FOLLOWER at term 256 for DISCOVERED_A_NEW_TERM
2019-10-16 22:15:15,749 [3989452c-7599-4156-9543-3fe544ced0f3@group-83CFD60236D8-LeaderElection244] INFO  impl.RoleInfo (RoleInfo.java:shutdownLeaderElection(134)) - 3989452c-7599-4156-9543-3fe544ced0f3: shutdown LeaderElection
2019-10-16 22:15:15,749 [3989452c-7599-4156-9543-3fe544ced0f3@group-83CFD60236D8-LeaderElection244] INFO  impl.RoleInfo (RoleInfo.java:updateAndGet(143)) - 3989452c-7599-4156-9543-3fe544ced0f3: start FollowerState
2019-10-16 22:15:15,834 [Thread-2508] INFO  impl.FollowerState (FollowerState.java:run(108)) - 3989452c-7599-4156-9543-3fe544ced0f3@group-83CFD60236D8-FollowerState: change to CANDIDATE, lastRpcTime:85ms, electionTimeout:84ms
2019-10-16 22:15:15,835 [Thread-2508] INFO  impl.RoleInfo (RoleInfo.java:shutdownFollowerState(121)) - 3989452c-7599-4156-9543-3fe544ced0f3: shutdown FollowerState
2019-10-16 22:15:15,835 [Thread-2508] INFO  impl.RaftServerImpl (RaftServerImpl.java:setRole(184)) - 3989452c-7599-4156-9543-3fe544ced0f3@group-83CFD60236D8: changes role from  FOLLOWER to CANDIDATE at term 256 for changeToCandidate
2019-10-16 22:15:15,835 [Thread-2508] INFO  impl.RoleInfo (RoleInfo.java:updateAndGet(143)) - 3989452c-7599-4156-9543-3fe544ced0f3: start LeaderElection
2019-10-16 22:15:15,850 [3989452c-7599-4156-9543-3fe544ced0f3@group-83CFD60236D8-LeaderElection245] INFO  impl.LeaderElection (LeaderElection.java:askForVotes(178)) - 3989452c-7599-4156-9543-3fe544ced0f3@group-83CFD60236D8-LeaderElection245: begin an election at term 257 for -1: [3989452c-7599-4156-9543-3fe544ced0f3:192.168.157.254:36320, eec99a0c-e1b1-4518-bc49-9d1a8c8e04d5:192.168.157.254:45598, d9e6ea44-93db-446f-8020-a94232284285:192.168.157.254:41671], old=null
2019-10-16 22:15:15,852 [grpc-default-executor-23] INFO  impl.RaftServerImpl (RaftServerImpl.java:setRole(184)) - eec99a0c-e1b1-4518-bc49-9d1a8c8e04d5@group-83CFD60236D8: changes role from  FOLLOWER to FOLLOWER at term 257 for recognizeCandidate:3989452c-7599-4156-9543-3fe544ced0f3
2019-10-16 22:15:15,852 [grpc-default-executor-23] INFO  impl.RoleInfo (RoleInfo.java:shutdownFollowerState(121)) - eec99a0c-e1b1-4518-bc49-9d1a8c8e04d5: shutdown FollowerState
2019-10-16 22:15:15,852 [grpc-default-executor-23] INFO  impl.RoleInfo (RoleInfo.java:updateAndGet(143)) - eec99a0c-e1b1-4518-bc49-9d1a8c8e04d5: start FollowerState
2019-10-16 22:15:15,852 [grpc-default-executor-18] INFO  impl.RaftServerImpl (RaftServerImpl.java:setRole(184)) - d9e6ea44-93db-446f-8020-a94232284285@group-83CFD60236D8: changes role from  FOLLOWER to FOLLOWER at term 257 for recognizeCandidate:3989452c-7599-4156-9543-3fe544ced0f3
2019-10-16 22:15:15,852 [Thread-2506] INFO  impl.FollowerState (FollowerState.java:run(117)) - eec99a0c-e1b1-4518-bc49-9d1a8c8e04d5@group-83CFD60236D8-FollowerState was interrupted: java.lang.InterruptedException: sleep interrupted
2019-10-16 22:15:15,853 [grpc-default-executor-18] INFO  impl.RoleInfo (RoleInfo.java:shutdownFollowerState(121)) - d9e6ea44-93db-446f-8020-a94232284285: shutdown FollowerState
2019-10-16 22:15:15,853 [Thread-2507] INFO  impl.FollowerState (FollowerState.java:run(117)) - d9e6ea44-93db-446f-8020-a94232284285@group-83CFD60236D8-FollowerState was interrupted: java.lang.InterruptedException: sleep interrupted
2019-10-16 22:15:15,853 [grpc-default-executor-18] INFO  impl.RoleInfo (RoleInfo.java:updateAndGet(143)) - d9e6ea44-93db-446f-8020-a94232284285: start FollowerState
2019-10-16 22:15:15,879 [3989452c-7599-4156-9543-3fe544ced0f3@group-83CFD60236D8-LeaderElection245] INFO  impl.LeaderElection (LeaderElection.java:logAndReturn(56)) - 3989452c-7599-4156-9543-3fe544ced0f3@group-83CFD60236D8-LeaderElection245: Election REJECTED; received 2 response(s) [3989452c-7599-4156-9543-3fe544ced0f3<-eec99a0c-e1b1-4518-bc49-9d1a8c8e04d5#0:FAIL-t257, 3989452c-7599-4156-9543-3fe544ced0f3<-d9e6ea44-93db-446f-8020-a94232284285#0:FAIL-t257] and 0 exception(s); 3989452c-7599-4156-9543-3fe544ced0f3@group-83CFD60236D8:t257, leader=null, voted=3989452c-7599-4156-9543-3fe544ced0f3, raftlog=3989452c-7599-4156-9543-3fe544ced0f3@group-83CFD60236D8-SegmentedRaftLog:OPENED:c-1,f-1,i0, conf=-1: [3989452c-7599-4156-9543-3fe544ced0f3:192.168.157.254:36320, eec99a0c-e1b1-4518-bc49-9d1a8c8e04d5:192.168.157.254:45598, d9e6ea44-93db-446f-8020-a94232284285:192.168.157.254:41671], old=null
2019-10-16 22:15:15,879 [3989452c-7599-4156-9543-3fe544ced0f3@group-83CFD60236D8-LeaderElection245] INFO  impl.RaftServerImpl (RaftServerImpl.java:setRole(184)) - 3989452c-7599-4156-9543-3fe544ced0f3@group-83CFD60236D8: changes role from CANDIDATE to FOLLOWER at term 257 for DISCOVERED_A_NEW_TERM
2019-10-16 22:15:15,879 [3989452c-7599-4156-9543-3fe544ced0f3@group-83CFD60236D8-LeaderElection245] INFO  impl.RoleInfo (RoleInfo.java:shutdownLeaderElection(134)) - 3989452c-7599-4156-9543-3fe544ced0f3: shutdown LeaderElection
2019-10-16 22:15:15,879 [3989452c-7599-4156-9543-3fe544ced0f3@group-83CFD60236D8-LeaderElection245] INFO  impl.RoleInfo (RoleInfo.java:updateAndGet(143)) - 3989452c-7599-4156-9543-3fe544ced0f3: start FollowerState
 0.00% |?                                                                                                    |  0/1 Time: 0:06:322019-10-16 22:15:16,042 [Thread-2517] INFO  impl.FollowerState (FollowerState.java:run(108)) - 3989452c-7599-4156-9543-3fe544ced0f3@group-83CFD60236D8-FollowerState: change to CANDIDATE, lastRpcTime:163ms, electionTimeout:163ms
2019-10-16 22:15:16,043 [Thread-2517] INFO  impl.RoleInfo (RoleInfo.java:shutdownFollowerState(121)) - 3989452c-7599-4156-9543-3fe544ced0f3: shutdown FollowerState
2019-10-16 22:15:16,043 [Thread-2517] INFO  impl.RaftServerImpl (RaftServerImpl.java:setRole(184)) - 3989452c-7599-4156-9543-3fe544ced0f3@group-83CFD60236D8: changes role from  FOLLOWER to CANDIDATE at term 257 for changeToCandidate
2019-10-16 22:15:16,043 [Thread-2517] INFO  impl.RoleInfo (RoleInfo.java:updateAndGet(143)) - 3989452c-7599-4156-9543-3fe544ced0f3: start LeaderElection
2019-10-16 22:15:16,058 [3989452c-7599-4156-9543-3fe544ced0f3@group-83CFD60236D8-LeaderElection246] INFO  impl.LeaderElection (LeaderElection.java:askForVotes(178)) - 3989452c-7599-4156-9543-3fe544ced0f3@group-83CFD60236D8-LeaderElection246: begin an election at term 258 for -1: [3989452c-7599-4156-9543-3fe544ced0f3:192.168.157.254:36320, eec99a0c-e1b1-4518-bc49-9d1a8c8e04d5:192.168.157.254:45598, d9e6ea44-93db-446f-8020-a94232284285:192.168.157.254:41671], old=null
2019-10-16 22:15:16,059 [grpc-default-executor-18] INFO  impl.RaftServerImpl (RaftServerImpl.java:setRole(184)) - eec99a0c-e1b1-4518-bc49-9d1a8c8e04d5@group-83CFD60236D8: changes role from  FOLLOWER to FOLLOWER at term 258 for recognizeCandidate:3989452c-7599-4156-9543-3fe544ced0f3
2019-10-16 22:15:16,059 [grpc-default-executor-23] INFO  impl.RaftServerImpl (RaftServerImpl.java:setRole(184)) - d9e6ea44-93db-446f-8020-a94232284285@group-83CFD60236D8: changes role from  FOLLOWER to FOLLOWER at term 258 for recognizeCandidate:3989452c-7599-4156-9543-3fe544ced0f3
2019-10-16 22:15:16,059 [grpc-default-executor-18] INFO  impl.RoleInfo (RoleInfo.java:shutdownFollowerState(121)) - eec99a0c-e1b1-4518-bc49-9d1a8c8e04d5: shutdown FollowerState
2019-10-16 22:15:16,060 [grpc-default-executor-23] INFO  impl.RoleInfo (RoleInfo.java:shutdownFollowerState(121)) - d9e6ea44-93db-446f-8020-a94232284285: shutdown FollowerState
2019-10-16 22:15:16,060 [Thread-2515] INFO  impl.FollowerState (FollowerState.java:run(117)) - eec99a0c-e1b1-4518-bc49-9d1a8c8e04d5@group-83CFD60236D8-FollowerState was interrupted: java.lang.InterruptedException: sleep interrupted
2019-10-16 22:15:16,060 [grpc-default-executor-18] INFO  impl.RoleInfo (RoleInfo.java:updateAndGet(143)) - eec99a0c-e1b1-4518-bc49-9d1a8c8e04d5: start FollowerState
2019-10-16 22:15:16,060 [Thread-2516] INFO  impl.FollowerState (FollowerState.java:run(117)) - d9e6ea44-93db-446f-8020-a94232284285@group-83CFD60236D8-FollowerState was interrupted: java.lang.InterruptedException: sleep interrupted
2019-10-16 22:15:16,060 [grpc-default-executor-23] INFO  impl.RoleInfo (RoleInfo.java:updateAndGet(143)) - d9e6ea44-93db-446f-8020-a94232284285: start FollowerState
2019-10-16 22:15:16,086 [3989452c-7599-4156-9543-3fe544ced0f3@group-83CFD60236D8-LeaderElection246] INFO  impl.LeaderElection (LeaderElection.java:logAndReturn(56)) - 3989452c-7599-4156-9543-3fe544ced0f3@group-83CFD60236D8-LeaderElection246: Election REJECTED; received 2 response(s) [3989452c-7599-4156-9543-3fe544ced0f3<-eec99a0c-e1b1-4518-bc49-9d1a8c8e04d5#0:FAIL-t258, 3989452c-7599-4156-9543-3fe544ced0f3<-d9e6ea44-93db-446f-8020-a94232284285#0:FAIL-t258] and 0 exception(s); 3989452c-7599-4156-9543-3fe544ced0f3@group-83CFD60236D8:t258, leader=null, voted=3989452c-7599-4156-9543-3fe544ced0f3, raftlog=3989452c-7599-4156-9543-3fe544ced0f3@group-83CFD60236D8-SegmentedRaftLog:OPENED:c-1,f-1,i0, conf=-1: [3989452c-7599-4156-9543-3fe544ced0f3:192.168.157.254:36320, eec99a0c-e1b1-4518-bc49-9d1a8c8e04d5:192.168.157.254:45598, d9e6ea44-93db-446f-8020-a94232284285:192.168.157.254:41671], old=null
2019-10-16 22:15:16,087 [3989452c-7599-4156-9543-3fe544ced0f3@group-83CFD60236D8-LeaderElection246] INFO  impl.RaftServerImpl (RaftServerImpl.java:setRole(184)) - 3989452c-7599-4156-9543-3fe544ced0f3@group-83CFD60236D8: changes role from CANDIDATE to FOLLOWER at term 258 for DISCOVERED_A_NEW_TERM
2019-10-16 22:15:16,087 [3989452c-7599-4156-9543-3fe544ced0f3@group-83CFD60236D8-LeaderElection246] INFO  impl.RoleInfo (RoleInfo.java:shutdownLeaderElection(134)) - 3989452c-7599-4156-9543-3fe544ced0f3: shutdown LeaderElection
2019-10-16 22:15:16,087 [3989452c-7599-4156-9543-3fe544ced0f3@group-83CFD60236D8-LeaderElection246] INFO  impl.RoleInfo (RoleInfo.java:updateAndGet(143)) - 3989452c-7599-4156-9543-3fe544ced0f3: start FollowerState
2019-10-16 22:15:16,197 [Thread-2523] INFO  impl.FollowerState (FollowerState.java:run(108)) - 3989452c-7599-4156-9543-3fe544ced0f3@group-83CFD60236D8-FollowerState: change to CANDIDATE, lastRpcTime:110ms, electionTimeout:110ms
2019-10-16 22:15:16,197 [Thread-2523] INFO  impl.RoleInfo (RoleInfo.java:shutdownFollowerState(121)) - 3989452c-7599-4156-9543-3fe544ced0f3: shutdown FollowerState
2019-10-16 22:15:16,197 [Thread-2523] INFO  impl.RaftServerImpl (RaftServerImpl.java:setRole(184)) - 3989452c-7599-4156-9543-3fe544ced0f3@group-83CFD60236D8: changes role from  FOLLOWER to CANDIDATE at term 258 for changeToCandidate
2019-10-16 22:15:16,198 [Thread-2523] INFO  impl.RoleInfo (RoleInfo.java:updateAndGet(143)) - 3989452c-7599-4156-9543-3fe544ced0f3: start LeaderElection
2019-10-16 22:15:16,211 [3989452c-7599-4156-9543-3fe544ced0f3@group-83CFD60236D8-LeaderElection247] INFO  impl.LeaderElection (LeaderElection.java:askForVotes(178)) - 3989452c-7599-4156-9543-3fe544ced0f3@group-83CFD60236D8-LeaderElection247: begin an election at term 259 for -1: [3989452c-7599-4156-9543-3fe544ced0f3:192.168.157.254:36320, eec99a0c-e1b1-4518-bc49-9d1a8c8e04d5:192.168.157.254:45598, d9e6ea44-93db-446f-8020-a94232284285:192.168.157.254:41671], old=null
2019-10-16 22:15:16,213 [grpc-default-executor-18] INFO  impl.RaftServerImpl (RaftServerImpl.java:setRole(184)) - eec99a0c-e1b1-4518-bc49-9d1a8c8e04d5@group-83CFD60236D8: changes role from  FOLLOWER to FOLLOWER at term 259 for recognizeCandidate:3989452c-7599-4156-9543-3fe544ced0f3
2019-10-16 22:15:16,213 [grpc-default-executor-18] INFO  impl.RoleInfo (RoleInfo.java:shutdownFollowerState(121)) - eec99a0c-e1b1-4518-bc49-9d1a8c8e04d5: shutdown FollowerState
2019-10-16 22:15:16,213 [grpc-default-executor-23] INFO  impl.RaftServerImpl (RaftServerImpl.java:setRole(184)) - d9e6ea44-93db-446f-8020-a94232284285@group-83CFD60236D8: changes role from  FOLLOWER to FOLLOWER at term 259 for recognizeCandidate:3989452c-7599-4156-9543-3fe544ced0f3
2019-10-16 22:15:16,213 [Thread-2521] INFO  impl.FollowerState (FollowerState.java:run(117)) - eec99a0c-e1b1-4518-bc49-9d1a8c8e04d5@group-83CFD60236D8-FollowerState was interrupted: java.lang.InterruptedException: sleep interrupted
2019-10-16 22:15:16,213 [grpc-default-executor-18] INFO  impl.RoleInfo (RoleInfo.java:updateAndGet(143)) - eec99a0c-e1b1-4518-bc49-9d1a8c8e04d5: start FollowerState
2019-10-16 22:15:16,213 [grpc-default-executor-23] INFO  impl.RoleInfo (RoleInfo.java:shutdownFollowerState(121)) - d9e6ea44-93db-446f-8020-a94232284285: shutdown FollowerState
2019-10-16 22:15:16,214 [grpc-default-executor-23] INFO  impl.RoleInfo (RoleInfo.java:updateAndGet(143)) - d9e6ea44-93db-446f-8020-a94232284285: start FollowerState
2019-10-16 22:15:16,214 [Thread-2522] INFO  impl.FollowerState (FollowerState.java:run(117)) - d9e6ea44-93db-446f-8020-a94232284285@group-83CFD60236D8-FollowerState was interrupted: java.lang.InterruptedException: sleep interrupted
2019-10-16 22:15:16,229 [3989452c-7599-4156-9543-3fe544ced0f3@group-83CFD60236D8-LeaderElection247] INFO  impl.LeaderElection (LeaderElection.java:logAndReturn(56)) - 3989452c-7599-4156-9543-3fe544ced0f3@group-83CFD60236D8-LeaderElection247: Election REJECTED; received 2 response(s) [3989452c-7599-4156-9543-3fe544ced0f3<-eec99a0c-e1b1-4518-bc49-9d1a8c8e04d5#0:FAIL-t259, 3989452c-7599-4156-9543-3fe544ced0f3<-d9e6ea44-93db-446f-8020-a94232284285#0:FAIL-t259] and 0 exception(s); 3989452c-7599-4156-9543-3fe544ced0f3@group-83CFD60236D8:t259, leader=null, voted=3989452c-7599-4156-9543-3fe544ced0f3, raftlog=3989452c-7599-4156-9543-3fe544ced0f3@group-83CFD60236D8-SegmentedRaftLog:OPENED:c-1,f-1,i0, conf=-1: [3989452c-7599-4156-9543-3fe544ced0f3:192.168.157.254:36320, eec99a0c-e1b1-4518-bc49-9d1a8c8e04d5:192.168.157.254:45598, d9e6ea44-93db-446f-8020-a94232284285:192.168.157.254:41671], old=null
2019-10-16 22:15:16,229 [3989452c-7599-4156-9543-3fe544ced0f3@group-83CFD60236D8-LeaderElection247] INFO  impl.RaftServerImpl (RaftServerImpl.java:setRole(184)) - 3989452c-7599-4156-9543-3fe544ced0f3@group-83CFD60236D8: changes role from CANDIDATE to FOLLOWER at term 259 for DISCOVERED_A_NEW_TERM
2019-10-16 22:15:16,229 [3989452c-7599-4156-9543-3fe544ced0f3@group-83CFD60236D8-LeaderElection247] INFO  impl.RoleInfo (RoleInfo.java:shutdownLeaderElection(134)) - 3989452c-7599-4156-9543-3fe544ced0f3: shutdown LeaderElection
2019-10-16 22:15:16,229 [3989452c-7599-4156-9543-3fe544ced0f3@group-83CFD60236D8-LeaderElection247] INFO  impl.RoleInfo (RoleInfo.java:updateAndGet(143)) - 3989452c-7599-4156-9543-3fe544ced0f3: start FollowerState
2019-10-16 22:15:16,359 [Thread-2529] INFO  impl.FollowerState (FollowerState.java:run(108)) - 3989452c-7599-4156-9543-3fe544ced0f3@group-83CFD60236D8-FollowerState: change to CANDIDATE, lastRpcTime:129ms, electionTimeout:129ms
2019-10-16 22:15:16,359 [Thread-2529] INFO  impl.RoleInfo (RoleInfo.java:shutdownFollowerState(121)) - 3989452c-7599-4156-9543-3fe544ced0f3: shutdown FollowerState
2019-10-16 22:15:16,359 [Thread-2529] INFO  impl.RaftServerImpl (RaftServerImpl.java:setRole(184)) - 3989452c-7599-4156-9543-3fe544ced0f3@group-83CFD60236D8: changes role from  FOLLOWER to CANDIDATE at term 259 for changeToCandidate
2019-10-16 22:15:16,359 [Thread-2529] INFO  impl.RoleInfo (RoleInfo.java:updateAndGet(143)) - 3989452c-7599-4156-9543-3fe544ced0f3: start LeaderElection
2019-10-16 22:15:16,391 [3989452c-7599-4156-9543-3fe544ced0f3@group-83CFD60236D8-LeaderElection248] INFO  impl.LeaderElection (LeaderElection.java:askForVotes(178)) - 3989452c-7599-4156-9543-3fe544ced0f3@group-83CFD60236D8-LeaderElection248: begin an election at term 260 for -1: [3989452c-7599-4156-9543-3fe544ced0f3:192.168.157.254:36320, eec99a0c-e1b1-4518-bc49-9d1a8c8e04d5:192.168.157.254:45598, d9e6ea44-93db-446f-8020-a94232284285:192.168.157.254:41671], old=null
2019-10-16 22:15:16,393 [grpc-default-executor-18] INFO  impl.RaftServerImpl (RaftServerImpl.java:setRole(184)) - eec99a0c-e1b1-4518-bc49-9d1a8c8e04d5@group-83CFD60236D8: changes role from  FOLLOWER to FOLLOWER at term 260 for recognizeCandidate:3989452c-7599-4156-9543-3fe544ced0f3
2019-10-16 22:15:16,393 [grpc-default-executor-18] INFO  impl.RoleInfo (RoleInfo.java:shutdownFollowerState(121)) - eec99a0c-e1b1-4518-bc49-9d1a8c8e04d5: shutdown FollowerState
2019-10-16 22:15:16,393 [grpc-default-executor-23] INFO  impl.RaftServerImpl (RaftServerImpl.java:setRole(184)) - d9e6ea44-93db-446f-8020-a94232284285@group-83CFD60236D8: changes role from  FOLLOWER to FOLLOWER at term 260 for recognizeCandidate:3989452c-7599-4156-9543-3fe544ced0f3
2019-10-16 22:15:16,393 [Thread-2527] INFO  impl.FollowerState (FollowerState.java:run(117)) - eec99a0c-e1b1-4518-bc49-9d1a8c8e04d5@group-83CFD60236D8-FollowerState was interrupted: java.lang.InterruptedException: sleep interrupted
2019-10-16 22:15:16,393 [grpc-default-executor-18] INFO  impl.RoleInfo (RoleInfo.java:updateAndGet(143)) - eec99a0c-e1b1-4518-bc49-9d1a8c8e04d5: start FollowerState
2019-10-16 22:15:16,393 [grpc-default-executor-23] INFO  impl.RoleInfo (RoleInfo.java:shutdownFollowerState(121)) - d9e6ea44-93db-446f-8020-a94232284285: shutdown FollowerState
2019-10-16 22:15:16,394 [Thread-2528] INFO  impl.FollowerState (FollowerState.java:run(117)) - d9e6ea44-93db-446f-8020-a94232284285@group-83CFD60236D8-FollowerState was interrupted: java.lang.InterruptedException: sleep interrupted
2019-10-16 22:15:16,394 [grpc-default-executor-23] INFO  impl.RoleInfo (RoleInfo.java:updateAndGet(143)) - d9e6ea44-93db-446f-8020-a94232284285: start FollowerState
2019-10-16 22:15:16,404 [3989452c-7599-4156-9543-3fe544ced0f3@group-83CFD60236D8-LeaderElection248] INFO  impl.LeaderElection (LeaderElection.java:logAndReturn(56)) - 3989452c-7599-4156-9543-3fe544ced0f3@group-83CFD60236D8-LeaderElection248: Election REJECTED; received 2 response(s) [3989452c-7599-4156-9543-3fe544ced0f3<-eec99a0c-e1b1-4518-bc49-9d1a8c8e04d5#0:FAIL-t260, 3989452c-7599-4156-9543-3fe544ced0f3<-d9e6ea44-93db-446f-8020-a94232284285#0:FAIL-t260] and 0 exception(s); 3989452c-7599-4156-9543-3fe544ced0f3@group-83CFD60236D8:t260, leader=null, voted=3989452c-7599-4156-9543-3fe544ced0f3, raftlog=3989452c-7599-4156-9543-3fe544ced0f3@group-83CFD60236D8-SegmentedRaftLog:OPENED:c-1,f-1,i0, conf=-1: [3989452c-7599-4156-9543-3fe544ced0f3:192.168.157.254:36320, eec99a0c-e1b1-4518-bc49-9d1a8c8e04d5:192.168.157.254:45598, d9e6ea44-93db-446f-8020-a94232284285:192.168.157.254:41671], old=null
2019-10-16 22:15:16,404 [3989452c-7599-4156-9543-3fe544ced0f3@group-83CFD60236D8-LeaderElection248] INFO  impl.RaftServerImpl (RaftServerImpl.java:setRole(184)) - 3989452c-7599-4156-9543-3fe544ced0f3@group-83CFD60236D8: changes role from CANDIDATE to FOLLOWER at term 260 for DISCOVERED_A_NEW_TERM
2019-10-16 22:15:16,404 [3989452c-7599-4156-9543-3fe544ced0f3@group-83CFD60236D8-LeaderElection248] INFO  impl.RoleInfo (RoleInfo.java:shutdownLeaderElection(134)) - 3989452c-7599-4156-9543-3fe544ced0f3: shutdown LeaderElection
2019-10-16 22:15:16,404 [3989452c-7599-4156-9543-3fe544ced0f3@group-83CFD60236D8-LeaderElection248] INFO  impl.RoleInfo (RoleInfo.java:updateAndGet(143)) - 3989452c-7599-4156-9543-3fe544ced0f3: start FollowerState
2019-10-16 22:15:16,470 [Thread-2535] INFO  impl.FollowerState (FollowerState.java:run(108)) - 3989452c-7599-4156-9543-3fe544ced0f3@group-83CFD60236D8-FollowerState: change to CANDIDATE, lastRpcTime:66ms, electionTimeout:66ms
2019-10-16 22:15:16,471 [Thread-2535] INFO  impl.RoleInfo (RoleInfo.java:shutdownFollowerState(121)) - 3989452c-7599-4156-9543-3fe544ced0f3: shutdown FollowerState
2019-10-16 22:15:16,471 [Thread-2535] INFO  impl.RaftServerImpl (RaftServerImpl.java:setRole(184)) - 3989452c-7599-4156-9543-3fe544ced0f3@group-83CFD60236D8: changes role from  FOLLOWER to CANDIDATE at term 260 for changeToCandidate
2019-10-16 22:15:16,471 [Thread-2535] INFO  impl.RoleInfo (RoleInfo.java:updateAndGet(143)) - 3989452c-7599-4156-9543-3fe544ced0f3: start LeaderElection
2019-10-16 22:15:16,499 [3989452c-7599-4156-9543-3fe544ced0f3@group-83CFD60236D8-LeaderElection249] INFO  impl.LeaderElection (LeaderElection.java:askForVotes(178)) - 3989452c-7599-4156-9543-3fe544ced0f3@group-83CFD60236D8-LeaderElection249: begin an election at term 261 for -1: [3989452c-7599-4156-9543-3fe544ced0f3:192.168.157.254:36320, eec99a0c-e1b1-4518-bc49-9d1a8c8e04d5:192.168.157.254:45598, d9e6ea44-93db-446f-8020-a94232284285:192.168.157.254:41671], old=null
2019-10-16 22:15:16,500 [grpc-default-executor-23] INFO  impl.RaftServerImpl (RaftServerImpl.java:setRole(184)) - eec99a0c-e1b1-4518-bc49-9d1a8c8e04d5@group-83CFD60236D8: changes role from  FOLLOWER to FOLLOWER at term 261 for recognizeCandidate:3989452c-7599-4156-9543-3fe544ced0f3
2019-10-16 22:15:16,500 [grpc-default-executor-23] INFO  impl.RoleInfo (RoleInfo.java:shutdownFollowerState(121)) - eec99a0c-e1b1-4518-bc49-9d1a8c8e04d5: shutdown FollowerState
2019-10-16 22:15:16,500 [grpc-default-executor-18] INFO  impl.RaftServerImpl (RaftServerImpl.java:setRole(184)) - d9e6ea44-93db-446f-8020-a94232284285@group-83CFD60236D8: changes role from  FOLLOWER to FOLLOWER at term 261 for recognizeCandidate:3989452c-7599-4156-9543-3fe544ced0f3
2019-10-16 22:15:16,501 [Thread-2533] INFO  impl.FollowerState (FollowerState.java:run(117)) - eec99a0c-e1b1-4518-bc49-9d1a8c8e04d5@group-83CFD60236D8-FollowerState was interrupted: java.lang.InterruptedException: sleep interrupted
2019-10-16 22:15:16,501 [grpc-default-executor-23] INFO  impl.RoleInfo (RoleInfo.java:updateAndGet(143)) - eec99a0c-e1b1-4518-bc49-9d1a8c8e04d5: start FollowerState
2019-10-16 22:15:16,501 [grpc-default-executor-18] INFO  impl.RoleInfo (RoleInfo.java:shutdownFollowerState(121)) - d9e6ea44-93db-446f-8020-a94232284285: shutdown FollowerState
2019-10-16 22:15:16,501 [grpc-default-executor-18] INFO  impl.RoleInfo (RoleInfo.java:updateAndGet(143)) - d9e6ea44-93db-446f-8020-a94232284285: start FollowerState
2019-10-16 22:15:16,501 [Thread-2534] INFO  impl.FollowerState (FollowerState.java:run(117)) - d9e6ea44-93db-446f-8020-a94232284285@group-83CFD60236D8-FollowerState was interrupted: java.lang.InterruptedException: sleep interrupted
2019-10-16 22:15:16,528 [3989452c-7599-4156-9543-3fe544ced0f3@group-83CFD60236D8-LeaderElection249] INFO  impl.LeaderElection (LeaderElection.java:logAndReturn(56)) - 3989452c-7599-4156-9543-3fe544ced0f3@group-83CFD60236D8-LeaderElection249: Election REJECTED; received 2 response(s) [3989452c-7599-4156-9543-3fe544ced0f3<-eec99a0c-e1b1-4518-bc49-9d1a8c8e04d5#0:FAIL-t261, 3989452c-7599-4156-9543-3fe544ced0f3<-d9e6ea44-93db-446f-8020-a94232284285#0:FAIL-t261] and 0 exception(s); 3989452c-7599-4156-9543-3fe544ced0f3@group-83CFD60236D8:t261, leader=null, voted=3989452c-7599-4156-9543-3fe544ced0f3, raftlog=3989452c-7599-4156-9543-3fe544ced0f3@group-83CFD60236D8-SegmentedRaftLog:OPENED:c-1,f-1,i0, conf=-1: [3989452c-7599-4156-9543-3fe544ced0f3:192.168.157.254:36320, eec99a0c-e1b1-4518-bc49-9d1a8c8e04d5:192.168.157.254:45598, d9e6ea44-93db-446f-8020-a94232284285:192.168.157.254:41671], old=null
2019-10-16 22:15:16,528 [3989452c-7599-4156-9543-3fe544ced0f3@group-83CFD60236D8-LeaderElection249] INFO  impl.RaftServerImpl (RaftServerImpl.java:setRole(184)) - 3989452c-7599-4156-9543-3fe544ced0f3@group-83CFD60236D8: changes role from CANDIDATE to FOLLOWER at term 261 for DISCOVERED_A_NEW_TERM
2019-10-16 22:15:16,528 [3989452c-7599-4156-9543-3fe544ced0f3@group-83CFD60236D8-LeaderElection249] INFO  impl.RoleInfo (RoleInfo.java:shutdownLeaderElection(134)) - 3989452c-7599-4156-9543-3fe544ced0f3: shutdown LeaderElection
2019-10-16 22:15:16,528 [3989452c-7599-4156-9543-3fe544ced0f3@group-83CFD60236D8-LeaderElection249] INFO  impl.RoleInfo (RoleInfo.java:updateAndGet(143)) - 3989452c-7599-4156-9543-3fe544ced0f3: start FollowerState
2019-10-16 22:15:16,712 [Thread-2541] INFO  impl.FollowerState (FollowerState.java:run(108)) - 3989452c-7599-4156-9543-3fe544ced0f3@group-83CFD60236D8-FollowerState: change to CANDIDATE, lastRpcTime:183ms, electionTimeout:183ms
2019-10-16 22:15:16,712 [Thread-2541] INFO  impl.RoleInfo (RoleInfo.java:shutdownFollowerState(121)) - 3989452c-7599-4156-9543-3fe544ced0f3: shutdown FollowerState
2019-10-16 22:15:16,712 [Thread-2541] INFO  impl.RaftServerImpl (RaftServerImpl.java:setRole(184)) - 3989452c-7599-4156-9543-3fe544ced0f3@group-83CFD60236D8: changes role from  FOLLOWER to CANDIDATE at term 261 for changeToCandidate
2019-10-16 22:15:16,712 [Thread-2541] INFO  impl.RoleInfo (RoleInfo.java:updateAndGet(143)) - 3989452c-7599-4156-9543-3fe544ced0f3: start LeaderElection
2019-10-16 22:15:16,728 [3989452c-7599-4156-9543-3fe544ced0f3@group-83CFD60236D8-LeaderElection250] INFO  impl.LeaderElection (LeaderElection.java:askForVotes(178)) - 3989452c-7599-4156-9543-3fe544ced0f3@group-83CFD60236D8-LeaderElection250: begin an election at term 262 for -1: [3989452c-7599-4156-9543-3fe544ced0f3:192.168.157.254:36320, eec99a0c-e1b1-4518-bc49-9d1a8c8e04d5:192.168.157.254:45598, d9e6ea44-93db-446f-8020-a94232284285:192.168.157.254:41671], old=null
2019-10-16 22:15:16,729 [grpc-default-executor-18] INFO  impl.RaftServerImpl (RaftServerImpl.java:setRole(184)) - eec99a0c-e1b1-4518-bc49-9d1a8c8e04d5@group-83CFD60236D8: changes role from  FOLLOWER to FOLLOWER at term 262 for recognizeCandidate:3989452c-7599-4156-9543-3fe544ced0f3
2019-10-16 22:15:16,730 [grpc-default-executor-23] INFO  impl.RaftServerImpl (RaftServerImpl.java:setRole(184)) - d9e6ea44-93db-446f-8020-a94232284285@group-83CFD60236D8: changes role from  FOLLOWER to FOLLOWER at term 262 for recognizeCandidate:3989452c-7599-4156-9543-3fe544ced0f3
2019-10-16 22:15:16,730 [grpc-default-executor-18] INFO  impl.RoleInfo (RoleInfo.java:shutdownFollowerState(121)) - eec99a0c-e1b1-4518-bc49-9d1a8c8e04d5: shutdown FollowerState
2019-10-16 22:15:16,730 [grpc-default-executor-23] INFO  impl.RoleInfo (RoleInfo.java:shutdownFollowerState(121)) - d9e6ea44-93db-446f-8020-a94232284285: shutdown FollowerState
2019-10-16 22:15:16,730 [grpc-default-executor-23] INFO  impl.RoleInfo (RoleInfo.java:updateAndGet(143)) - d9e6ea44-93db-446f-8020-a94232284285: start FollowerState
2019-10-16 22:15:16,730 [Thread-2539] INFO  impl.FollowerState (FollowerState.java:run(117)) - eec99a0c-e1b1-4518-bc49-9d1a8c8e04d5@group-83CFD60236D8-FollowerState was interrupted: java.lang.InterruptedException: sleep interrupted
2019-10-16 22:15:16,730 [grpc-default-executor-18] INFO  impl.RoleInfo (RoleInfo.java:updateAndGet(143)) - eec99a0c-e1b1-4518-bc49-9d1a8c8e04d5: start FollowerState
2019-10-16 22:15:16,730 [Thread-2540] INFO  impl.FollowerState (FollowerState.java:run(117)) - d9e6ea44-93db-446f-8020-a94232284285@group-83CFD60236D8-FollowerState was interrupted: java.lang.InterruptedException: sleep interrupted
2019-10-16 22:15:16,756 [3989452c-7599-4156-9543-3fe544ced0f3@group-83CFD60236D8-LeaderElection250] INFO  impl.LeaderElection (LeaderElection.java:logAndReturn(56)) - 3989452c-7599-4156-9543-3fe544ced0f3@group-83CFD60236D8-LeaderElection250: Election REJECTED; received 2 response(s) [3989452c-7599-4156-9543-3fe544ced0f3<-eec99a0c-e1b1-4518-bc49-9d1a8c8e04d5#0:FAIL-t262, 3989452c-7599-4156-9543-3fe544ced0f3<-d9e6ea44-93db-446f-8020-a94232284285#0:FAIL-t262] and 0 exception(s); 3989452c-7599-4156-9543-3fe544ced0f3@group-83CFD60236D8:t262, leader=null, voted=3989452c-7599-4156-9543-3fe544ced0f3, raftlog=3989452c-7599-4156-9543-3fe544ced0f3@group-83CFD60236D8-SegmentedRaftLog:OPENED:c-1,f-1,i0, conf=-1: [3989452c-7599-4156-9543-3fe544ced0f3:192.168.157.254:36320, eec99a0c-e1b1-4518-bc49-9d1a8c8e04d5:192.168.157.254:45598, d9e6ea44-93db-446f-8020-a94232284285:192.168.157.254:41671], old=null
2019-10-16 22:15:16,756 [3989452c-7599-4156-9543-3fe544ced0f3@group-83CFD60236D8-LeaderElection250] INFO  impl.RaftServerImpl (RaftServerImpl.java:setRole(184)) - 3989452c-7599-4156-9543-3fe544ced0f3@group-83CFD60236D8: changes role from CANDIDATE to FOLLOWER at term 262 for DISCOVERED_A_NEW_TERM
2019-10-16 22:15:16,756 [3989452c-7599-4156-9543-3fe544ced0f3@group-83CFD60236D8-LeaderElection250] INFO  impl.RoleInfo (RoleInfo.java:shutdownLeaderElection(134)) - 3989452c-7599-4156-9543-3fe544ced0f3: shutdown LeaderElection
2019-10-16 22:15:16,757 [3989452c-7599-4156-9543-3fe544ced0f3@group-83CFD60236D8-LeaderElection250] INFO  impl.RoleInfo (RoleInfo.java:updateAndGet(143)) - 3989452c-7599-4156-9543-3fe544ced0f3: start FollowerState
2019-10-16 22:15:16,805 [Thread-2549] INFO  impl.FollowerState (FollowerState.java:run(108)) - 3989452c-7599-4156-9543-3fe544ced0f3@group-83CFD60236D8-FollowerState: change to CANDIDATE, lastRpcTime:48ms, electionTimeout:48ms
2019-10-16 22:15:16,805 [Thread-2549] INFO  impl.RoleInfo (RoleInfo.java:shutdownFollowerState(121)) - 3989452c-7599-4156-9543-3fe544ced0f3: shutdown FollowerState
2019-10-16 22:15:16,805 [Thread-2549] INFO  impl.RaftServerImpl (RaftServerImpl.java:setRole(184)) - 3989452c-7599-4156-9543-3fe544ced0f3@group-83CFD60236D8: changes role from  FOLLOWER to CANDIDATE at term 262 for changeToCandidate
2019-10-16 22:15:16,805 [Thread-2549] INFO  impl.RoleInfo (RoleInfo.java:updateAndGet(143)) - 3989452c-7599-4156-9543-3fe544ced0f3: start LeaderElection
2019-10-16 22:15:16,831 [3989452c-7599-4156-9543-3fe544ced0f3@group-83CFD60236D8-LeaderElection251] INFO  impl.LeaderElection (LeaderElection.java:askForVotes(178)) - 3989452c-7599-4156-9543-3fe544ced0f3@group-83CFD60236D8-LeaderElection251: begin an election at term 263 for -1: [3989452c-7599-4156-9543-3fe544ced0f3:192.168.157.254:36320, eec99a0c-e1b1-4518-bc49-9d1a8c8e04d5:192.168.157.254:45598, d9e6ea44-93db-446f-8020-a94232284285:192.168.157.254:41671], old=null
2019-10-16 22:15:16,832 [grpc-default-executor-18] INFO  impl.RaftServerImpl (RaftServerImpl.java:setRole(184)) - eec99a0c-e1b1-4518-bc49-9d1a8c8e04d5@group-83CFD60236D8: changes role from  FOLLOWER to FOLLOWER at term 263 for recognizeCandidate:3989452c-7599-4156-9543-3fe544ced0f3
2019-10-16 22:15:16,833 [grpc-default-executor-18] INFO  impl.RoleInfo (RoleInfo.java:shutdownFollowerState(121)) - eec99a0c-e1b1-4518-bc49-9d1a8c8e04d5: shutdown FollowerState
2019-10-16 22:15:16,833 [grpc-default-executor-23] INFO  impl.RaftServerImpl (RaftServerImpl.java:setRole(184)) - d9e6ea44-93db-446f-8020-a94232284285@group-83CFD60236D8: changes role from  FOLLOWER to FOLLOWER at term 263 for recognizeCandidate:3989452c-7599-4156-9543-3fe544ced0f3
2019-10-16 22:15:16,833 [Thread-2547] INFO  impl.FollowerState (FollowerState.java:run(117)) - eec99a0c-e1b1-4518-bc49-9d1a8c8e04d5@group-83CFD60236D8-FollowerState was interrupted: java.lang.InterruptedException: sleep interrupted
2019-10-16 22:15:16,833 [grpc-default-executor-23] INFO  impl.RoleInfo (RoleInfo.java:shutdownFollowerState(121)) - d9e6ea44-93db-446f-8020-a94232284285: shutdown FollowerState
2019-10-16 22:15:16,833 [grpc-default-executor-18] INFO  impl.RoleInfo (RoleInfo.java:updateAndGet(143)) - eec99a0c-e1b1-4518-bc49-9d1a8c8e04d5: start FollowerState
2019-10-16 22:15:16,833 [Thread-2548] INFO  impl.FollowerState (FollowerState.java:run(117)) - d9e6ea44-93db-446f-8020-a94232284285@group-83CFD60236D8-FollowerState was interrupted: java.lang.InterruptedException: sleep interrupted
2019-10-16 22:15:16,833 [grpc-default-executor-23] INFO  impl.RoleInfo (RoleInfo.java:updateAndGet(143)) - d9e6ea44-93db-446f-8020-a94232284285: start FollowerState
2019-10-16 22:15:16,859 [3989452c-7599-4156-9543-3fe544ced0f3@group-83CFD60236D8-LeaderElection251] INFO  impl.LeaderElection (LeaderElection.java:logAndReturn(56)) - 3989452c-7599-4156-9543-3fe544ced0f3@group-83CFD60236D8-LeaderElection251: Election REJECTED; received 2 response(s) [3989452c-7599-4156-9543-3fe544ced0f3<-eec99a0c-e1b1-4518-bc49-9d1a8c8e04d5#0:FAIL-t263, 3989452c-7599-4156-9543-3fe544ced0f3<-d9e6ea44-93db-446f-8020-a94232284285#0:FAIL-t263] and 0 exception(s); 3989452c-7599-4156-9543-3fe544ced0f3@group-83CFD60236D8:t263, leader=null, voted=3989452c-7599-4156-9543-3fe544ced0f3, raftlog=3989452c-7599-4156-9543-3fe544ced0f3@group-83CFD60236D8-SegmentedRaftLog:OPENED:c-1,f-1,i0, conf=-1: [3989452c-7599-4156-9543-3fe544ced0f3:192.168.157.254:36320, eec99a0c-e1b1-4518-bc49-9d1a8c8e04d5:192.168.157.254:45598, d9e6ea44-93db-446f-8020-a94232284285:192.168.157.254:41671], old=null
2019-10-16 22:15:16,859 [3989452c-7599-4156-9543-3fe544ced0f3@group-83CFD60236D8-LeaderElection251] INFO  impl.RaftServerImpl (RaftServerImpl.java:setRole(184)) - 3989452c-7599-4156-9543-3fe544ced0f3@group-83CFD60236D8: changes role from CANDIDATE to FOLLOWER at term 263 for DISCOVERED_A_NEW_TERM
2019-10-16 22:15:16,859 [3989452c-7599-4156-9543-3fe544ced0f3@group-83CFD60236D8-LeaderElection251] INFO  impl.RoleInfo (RoleInfo.java:shutdownLeaderElection(134)) - 3989452c-7599-4156-9543-3fe544ced0f3: shutdown LeaderElection
2019-10-16 22:15:16,859 [3989452c-7599-4156-9543-3fe544ced0f3@group-83CFD60236D8-LeaderElection251] INFO  impl.RoleInfo (RoleInfo.java:updateAndGet(143)) - 3989452c-7599-4156-9543-3fe544ced0f3: start FollowerState
2019-10-16 22:15:16,997 [Thread-2555] INFO  impl.FollowerState (FollowerState.java:run(108)) - 3989452c-7599-4156-9543-3fe544ced0f3@group-83CFD60236D8-FollowerState: change to CANDIDATE, lastRpcTime:138ms, electionTimeout:138ms
2019-10-16 22:15:16,998 [Thread-2555] INFO  impl.RoleInfo (RoleInfo.java:shutdownFollowerState(121)) - 3989452c-7599-4156-9543-3fe544ced0f3: shutdown FollowerState
2019-10-16 22:15:16,998 [Thread-2555] INFO  impl.RaftServerImpl (RaftServerImpl.java:setRole(184)) - 3989452c-7599-4156-9543-3fe544ced0f3@group-83CFD60236D8: changes role from  FOLLOWER to CANDIDATE at term 263 for changeToCandidate
2019-10-16 22:15:16,998 [Thread-2555] INFO  impl.RoleInfo (RoleInfo.java:updateAndGet(143)) - 3989452c-7599-4156-9543-3fe544ced0f3: start LeaderElection
2019-10-16 22:15:17,024 [3989452c-7599-4156-9543-3fe544ced0f3@group-83CFD60236D8-LeaderElection252] INFO  impl.LeaderElection (LeaderElection.java:askForVotes(178)) - 3989452c-7599-4156-9543-3fe544ced0f3@group-83CFD60236D8-LeaderElection252: begin an election at term 264 for -1: [3989452c-7599-4156-9543-3fe544ced0f3:192.168.157.254:36320, eec99a0c-e1b1-4518-bc49-9d1a8c8e04d5:192.168.157.254:45598, d9e6ea44-93db-446f-8020-a94232284285:192.168.157.254:41671], old=null
2019-10-16 22:15:17,026 [grpc-default-executor-23] INFO  impl.RaftServerImpl (RaftServerImpl.java:setRole(184)) - eec99a0c-e1b1-4518-bc49-9d1a8c8e04d5@group-83CFD60236D8: changes role from  FOLLOWER to FOLLOWER at term 264 for recognizeCandidate:3989452c-7599-4156-9543-3fe544ced0f3
2019-10-16 22:15:17,026 [grpc-default-executor-23] INFO  impl.RoleInfo (RoleInfo.java:shutdownFollowerState(121)) - eec99a0c-e1b1-4518-bc49-9d1a8c8e04d5: shutdown FollowerState
2019-10-16 22:15:17,026 [grpc-default-executor-23] INFO  impl.RoleInfo (RoleInfo.java:updateAndGet(143)) - eec99a0c-e1b1-4518-bc49-9d1a8c8e04d5: start FollowerState
2019-10-16 22:15:17,026 [Thread-2553] INFO  impl.FollowerState (FollowerState.java:run(117)) - eec99a0c-e1b1-4518-bc49-9d1a8c8e04d5@group-83CFD60236D8-FollowerState was interrupted: java.lang.InterruptedException: sleep interrupted
2019-10-16 22:15:17,027 [grpc-default-executor-18] INFO  impl.RaftServerImpl (RaftServerImpl.java:setRole(184)) - d9e6ea44-93db-446f-8020-a94232284285@group-83CFD60236D8: changes role from  FOLLOWER to FOLLOWER at term 264 for recognizeCandidate:3989452c-7599-4156-9543-3fe544ced0f3
2019-10-16 22:15:17,027 [grpc-default-executor-18] INFO  impl.RoleInfo (RoleInfo.java:shutdownFollowerState(121)) - d9e6ea44-93db-446f-8020-a94232284285: shutdown FollowerState
2019-10-16 22:15:17,027 [grpc-default-executor-18] INFO  impl.RoleInfo (RoleInfo.java:updateAndGet(143)) - d9e6ea44-93db-446f-8020-a94232284285: start FollowerState
2019-10-16 22:15:17,027 [Thread-2554] INFO  impl.FollowerState (FollowerState.java:run(117)) - d9e6ea44-93db-446f-8020-a94232284285@group-83CFD60236D8-FollowerState was interrupted: java.lang.InterruptedException: sleep interrupted
 0.00% |?                                                                                                    |  0/1 Time: 0:06:332019-10-16 22:15:17,053 [3989452c-7599-4156-9543-3fe544ced0f3@group-83CFD60236D8-LeaderElection252] INFO  impl.LeaderElection (LeaderElection.java:logAndReturn(56)) - 3989452c-7599-4156-9543-3fe544ced0f3@group-83CFD60236D8-LeaderElection252: Election REJECTED; received 2 response(s) [3989452c-7599-4156-9543-3fe544ced0f3<-eec99a0c-e1b1-4518-bc49-9d1a8c8e04d5#0:FAIL-t264, 3989452c-7599-4156-9543-3fe544ced0f3<-d9e6ea44-93db-446f-8020-a94232284285#0:FAIL-t264] and 0 exception(s); 3989452c-7599-4156-9543-3fe544ced0f3@group-83CFD60236D8:t264, leader=null, voted=3989452c-7599-4156-9543-3fe544ced0f3, raftlog=3989452c-7599-4156-9543-3fe544ced0f3@group-83CFD60236D8-SegmentedRaftLog:OPENED:c-1,f-1,i0, conf=-1: [3989452c-7599-4156-9543-3fe544ced0f3:192.168.157.254:36320, eec99a0c-e1b1-4518-bc49-9d1a8c8e04d5:192.168.157.254:45598, d9e6ea44-93db-446f-8020-a94232284285:192.168.157.254:41671], old=null
2019-10-16 22:15:17,053 [3989452c-7599-4156-9543-3fe544ced0f3@group-83CFD60236D8-LeaderElection252] INFO  impl.RaftServerImpl (RaftServerImpl.java:setRole(184)) - 3989452c-7599-4156-9543-3fe544ced0f3@group-83CFD60236D8: changes role from CANDIDATE to FOLLOWER at term 264 for DISCOVERED_A_NEW_TERM
2019-10-16 22:15:17,053 [3989452c-7599-4156-9543-3fe544ced0f3@group-83CFD60236D8-LeaderElection252] INFO  impl.RoleInfo (RoleInfo.java:shutdownLeaderElection(134)) - 3989452c-7599-4156-9543-3fe544ced0f3: shutdown LeaderElection
2019-10-16 22:15:17,053 [3989452c-7599-4156-9543-3fe544ced0f3@group-83CFD60236D8-LeaderElection252] INFO  impl.RoleInfo (RoleInfo.java:updateAndGet(143)) - 3989452c-7599-4156-9543-3fe544ced0f3: start FollowerState
2019-10-16 22:15:17,104 [Thread-2561] INFO  impl.FollowerState (FollowerState.java:run(108)) - 3989452c-7599-4156-9543-3fe544ced0f3@group-83CFD60236D8-FollowerState: change to CANDIDATE, lastRpcTime:50ms, electionTimeout:50ms
2019-10-16 22:15:17,104 [Thread-2561] INFO  impl.RoleInfo (RoleInfo.java:shutdownFollowerState(121)) - 3989452c-7599-4156-9543-3fe544ced0f3: shutdown FollowerState
2019-10-16 22:15:17,104 [Thread-2561] INFO  impl.RaftServerImpl (RaftServerImpl.java:setRole(184)) - 3989452c-7599-4156-9543-3fe544ced0f3@group-83CFD60236D8: changes role from  FOLLOWER to CANDIDATE at term 264 for changeToCandidate
2019-10-16 22:15:17,104 [Thread-2561] INFO  impl.RoleInfo (RoleInfo.java:updateAndGet(143)) - 3989452c-7599-4156-9543-3fe544ced0f3: start LeaderElection
2019-10-16 22:15:17,117 [3989452c-7599-4156-9543-3fe544ced0f3@group-83CFD60236D8-LeaderElection253] INFO  impl.LeaderElection (LeaderElection.java:askForVotes(178)) - 3989452c-7599-4156-9543-3fe544ced0f3@group-83CFD60236D8-LeaderElection253: begin an election at term 265 for -1: [3989452c-7599-4156-9543-3fe544ced0f3:192.168.157.254:36320, eec99a0c-e1b1-4518-bc49-9d1a8c8e04d5:192.168.157.254:45598, d9e6ea44-93db-446f-8020-a94232284285:192.168.157.254:41671], old=null
2019-10-16 22:15:17,119 [grpc-default-executor-23] INFO  impl.RaftServerImpl (RaftServerImpl.java:setRole(184)) - eec99a0c-e1b1-4518-bc49-9d1a8c8e04d5@group-83CFD60236D8: changes role from  FOLLOWER to FOLLOWER at term 265 for recognizeCandidate:3989452c-7599-4156-9543-3fe544ced0f3
2019-10-16 22:15:17,119 [grpc-default-executor-18] INFO  impl.RaftServerImpl (RaftServerImpl.java:setRole(184)) - d9e6ea44-93db-446f-8020-a94232284285@group-83CFD60236D8: changes role from  FOLLOWER to FOLLOWER at term 265 for recognizeCandidate:3989452c-7599-4156-9543-3fe544ced0f3
2019-10-16 22:15:17,120 [grpc-default-executor-23] INFO  impl.RoleInfo (RoleInfo.java:shutdownFollowerState(121)) - eec99a0c-e1b1-4518-bc49-9d1a8c8e04d5: shutdown FollowerState
2019-10-16 22:15:17,120 [grpc-default-executor-18] INFO  impl.RoleInfo (RoleInfo.java:shutdownFollowerState(121)) - d9e6ea44-93db-446f-8020-a94232284285: shutdown FollowerState
2019-10-16 22:15:17,120 [Thread-2559] INFO  impl.FollowerState (FollowerState.java:run(117)) - eec99a0c-e1b1-4518-bc49-9d1a8c8e04d5@group-83CFD60236D8-FollowerState was interrupted: java.lang.InterruptedException: sleep interrupted
2019-10-16 22:15:17,120 [Thread-2560] INFO  impl.FollowerState (FollowerState.java:run(117)) - d9e6ea44-93db-446f-8020-a94232284285@group-83CFD60236D8-FollowerState was interrupted: java.lang.InterruptedException: sleep interrupted
2019-10-16 22:15:17,120 [grpc-default-executor-23] INFO  impl.RoleInfo (RoleInfo.java:updateAndGet(143)) - eec99a0c-e1b1-4518-bc49-9d1a8c8e04d5: start FollowerState
2019-10-16 22:15:17,120 [grpc-default-executor-18] INFO  impl.RoleInfo (RoleInfo.java:updateAndGet(143)) - d9e6ea44-93db-446f-8020-a94232284285: start FollowerState
2019-10-16 22:15:17,134 [3989452c-7599-4156-9543-3fe544ced0f3@group-83CFD60236D8-LeaderElection253] INFO  impl.LeaderElection (LeaderElection.java:logAndReturn(56)) - 3989452c-7599-4156-9543-3fe544ced0f3@group-83CFD60236D8-LeaderElection253: Election REJECTED; received 2 response(s) [3989452c-7599-4156-9543-3fe544ced0f3<-eec99a0c-e1b1-4518-bc49-9d1a8c8e04d5#0:FAIL-t265, 3989452c-7599-4156-9543-3fe544ced0f3<-d9e6ea44-93db-446f-8020-a94232284285#0:FAIL-t265] and 0 exception(s); 3989452c-7599-4156-9543-3fe544ced0f3@group-83CFD60236D8:t265, leader=null, voted=3989452c-7599-4156-9543-3fe544ced0f3, raftlog=3989452c-7599-4156-9543-3fe544ced0f3@group-83CFD60236D8-SegmentedRaftLog:OPENED:c-1,f-1,i0, conf=-1: [3989452c-7599-4156-9543-3fe544ced0f3:192.168.157.254:36320, eec99a0c-e1b1-4518-bc49-9d1a8c8e04d5:192.168.157.254:45598, d9e6ea44-93db-446f-8020-a94232284285:192.168.157.254:41671], old=null
2019-10-16 22:15:17,134 [3989452c-7599-4156-9543-3fe544ced0f3@group-83CFD60236D8-LeaderElection253] INFO  impl.RaftServerImpl (RaftServerImpl.java:setRole(184)) - 3989452c-7599-4156-9543-3fe544ced0f3@group-83CFD60236D8: changes role from CANDIDATE to FOLLOWER at term 265 for DISCOVERED_A_NEW_TERM
2019-10-16 22:15:17,134 [3989452c-7599-4156-9543-3fe544ced0f3@group-83CFD60236D8-LeaderElection253] INFO  impl.RoleInfo (RoleInfo.java:shutdownLeaderElection(134)) - 3989452c-7599-4156-9543-3fe544ced0f3: shutdown LeaderElection
2019-10-16 22:15:17,134 [3989452c-7599-4156-9543-3fe544ced0f3@group-83CFD60236D8-LeaderElection253] INFO  impl.RoleInfo (RoleInfo.java:updateAndGet(143)) - 3989452c-7599-4156-9543-3fe544ced0f3: start FollowerState
2019-10-16 22:15:17,310 [Thread-2567] INFO  impl.FollowerState (FollowerState.java:run(108)) - 3989452c-7599-4156-9543-3fe544ced0f3@group-83CFD60236D8-FollowerState: change to CANDIDATE, lastRpcTime:176ms, electionTimeout:176ms
2019-10-16 22:15:17,310 [Thread-2567] INFO  impl.RoleInfo (RoleInfo.java:shutdownFollowerState(121)) - 3989452c-7599-4156-9543-3fe544ced0f3: shutdown FollowerState
2019-10-16 22:15:17,311 [Thread-2567] INFO  impl.RaftServerImpl (RaftServerImpl.java:setRole(184)) - 3989452c-7599-4156-9543-3fe544ced0f3@group-83CFD60236D8: changes role from  FOLLOWER to CANDIDATE at term 265 for changeToCandidate
2019-10-16 22:15:17,311 [Thread-2567] INFO  impl.RoleInfo (RoleInfo.java:updateAndGet(143)) - 3989452c-7599-4156-9543-3fe544ced0f3: start LeaderElection
2019-10-16 22:15:17,336 [3989452c-7599-4156-9543-3fe544ced0f3@group-83CFD60236D8-LeaderElection254] INFO  impl.LeaderElection (LeaderElection.java:askForVotes(178)) - 3989452c-7599-4156-9543-3fe544ced0f3@group-83CFD60236D8-LeaderElection254: begin an election at term 266 for -1: [3989452c-7599-4156-9543-3fe544ced0f3:192.168.157.254:36320, eec99a0c-e1b1-4518-bc49-9d1a8c8e04d5:192.168.157.254:45598, d9e6ea44-93db-446f-8020-a94232284285:192.168.157.254:41671], old=null
2019-10-16 22:15:17,338 [grpc-default-executor-18] INFO  impl.RaftServerImpl (RaftServerImpl.java:setRole(184)) - eec99a0c-e1b1-4518-bc49-9d1a8c8e04d5@group-83CFD60236D8: changes role from  FOLLOWER to FOLLOWER at term 266 for recognizeCandidate:3989452c-7599-4156-9543-3fe544ced0f3
2019-10-16 22:15:17,338 [grpc-default-executor-23] INFO  impl.RaftServerImpl (RaftServerImpl.java:setRole(184)) - d9e6ea44-93db-446f-8020-a94232284285@group-83CFD60236D8: changes role from  FOLLOWER to FOLLOWER at term 266 for recognizeCandidate:3989452c-7599-4156-9543-3fe544ced0f3
2019-10-16 22:15:17,338 [grpc-default-executor-18] INFO  impl.RoleInfo (RoleInfo.java:shutdownFollowerState(121)) - eec99a0c-e1b1-4518-bc49-9d1a8c8e04d5: shutdown FollowerState
2019-10-16 22:15:17,338 [grpc-default-executor-23] INFO  impl.RoleInfo (RoleInfo.java:shutdownFollowerState(121)) - d9e6ea44-93db-446f-8020-a94232284285: shutdown FollowerState
2019-10-16 22:15:17,338 [Thread-2565] INFO  impl.FollowerState (FollowerState.java:run(117)) - eec99a0c-e1b1-4518-bc49-9d1a8c8e04d5@group-83CFD60236D8-FollowerState was interrupted: java.lang.InterruptedException: sleep interrupted
2019-10-16 22:15:17,338 [grpc-default-executor-18] INFO  impl.RoleInfo (RoleInfo.java:updateAndGet(143)) - eec99a0c-e1b1-4518-bc49-9d1a8c8e04d5: start FollowerState
2019-10-16 22:15:17,339 [Thread-2566] INFO  impl.FollowerState (FollowerState.java:run(117)) - d9e6ea44-93db-446f-8020-a94232284285@group-83CFD60236D8-FollowerState was interrupted: java.lang.InterruptedException: sleep interrupted
2019-10-16 22:15:17,339 [grpc-default-executor-23] INFO  impl.RoleInfo (RoleInfo.java:updateAndGet(143)) - d9e6ea44-93db-446f-8020-a94232284285: start FollowerState
2019-10-16 22:15:17,354 [3989452c-7599-4156-9543-3fe544ced0f3@group-83CFD60236D8-LeaderElection254] INFO  impl.LeaderElection (LeaderElection.java:logAndReturn(56)) - 3989452c-7599-4156-9543-3fe544ced0f3@group-83CFD60236D8-LeaderElection254: Election REJECTED; received 2 response(s) [3989452c-7599-4156-9543-3fe544ced0f3<-eec99a0c-e1b1-4518-bc49-9d1a8c8e04d5#0:FAIL-t266, 3989452c-7599-4156-9543-3fe544ced0f3<-d9e6ea44-93db-446f-8020-a94232284285#0:FAIL-t266] and 0 exception(s); 3989452c-7599-4156-9543-3fe544ced0f3@group-83CFD60236D8:t266, leader=null, voted=3989452c-7599-4156-9543-3fe544ced0f3, raftlog=3989452c-7599-4156-9543-3fe544ced0f3@group-83CFD60236D8-SegmentedRaftLog:OPENED:c-1,f-1,i0, conf=-1: [3989452c-7599-4156-9543-3fe544ced0f3:192.168.157.254:36320, eec99a0c-e1b1-4518-bc49-9d1a8c8e04d5:192.168.157.254:45598, d9e6ea44-93db-446f-8020-a94232284285:192.168.157.254:41671], old=null
2019-10-16 22:15:17,354 [3989452c-7599-4156-9543-3fe544ced0f3@group-83CFD60236D8-LeaderElection254] INFO  impl.RaftServerImpl (RaftServerImpl.java:setRole(184)) - 3989452c-7599-4156-9543-3fe544ced0f3@group-83CFD60236D8: changes role from CANDIDATE to FOLLOWER at term 266 for DISCOVERED_A_NEW_TERM
2019-10-16 22:15:17,354 [3989452c-7599-4156-9543-3fe544ced0f3@group-83CFD60236D8-LeaderElection254] INFO  impl.RoleInfo (RoleInfo.java:shutdownLeaderElection(134)) - 3989452c-7599-4156-9543-3fe544ced0f3: shutdown LeaderElection
2019-10-16 22:15:17,355 [3989452c-7599-4156-9543-3fe544ced0f3@group-83CFD60236D8-LeaderElection254] INFO  impl.RoleInfo (RoleInfo.java:updateAndGet(143)) - 3989452c-7599-4156-9543-3fe544ced0f3: start FollowerState
2019-10-16 22:15:17,472 [Thread-2573] INFO  impl.FollowerState (FollowerState.java:run(108)) - 3989452c-7599-4156-9543-3fe544ced0f3@group-83CFD60236D8-FollowerState: change to CANDIDATE, lastRpcTime:117ms, electionTimeout:117ms
2019-10-16 22:15:17,472 [Thread-2573] INFO  impl.RoleInfo (RoleInfo.java:shutdownFollowerState(121)) - 3989452c-7599-4156-9543-3fe544ced0f3: shutdown FollowerState
2019-10-16 22:15:17,472 [Thread-2573] INFO  impl.RaftServerImpl (RaftServerImpl.java:setRole(184)) - 3989452c-7599-4156-9543-3fe544ced0f3@group-83CFD60236D8: changes role from  FOLLOWER to CANDIDATE at term 266 for changeToCandidate
2019-10-16 22:15:17,472 [Thread-2573] INFO  impl.RoleInfo (RoleInfo.java:updateAndGet(143)) - 3989452c-7599-4156-9543-3fe544ced0f3: start LeaderElection
2019-10-16 22:15:17,487 [3989452c-7599-4156-9543-3fe544ced0f3@group-83CFD60236D8-LeaderElection255] INFO  impl.LeaderElection (LeaderElection.java:askForVotes(178)) - 3989452c-7599-4156-9543-3fe544ced0f3@group-83CFD60236D8-LeaderElection255: begin an election at term 267 for -1: [3989452c-7599-4156-9543-3fe544ced0f3:192.168.157.254:36320, eec99a0c-e1b1-4518-bc49-9d1a8c8e04d5:192.168.157.254:45598, d9e6ea44-93db-446f-8020-a94232284285:192.168.157.254:41671], old=null
2019-10-16 22:15:17,489 [grpc-default-executor-18] INFO  impl.RaftServerImpl (RaftServerImpl.java:setRole(184)) - d9e6ea44-93db-446f-8020-a94232284285@group-83CFD60236D8: changes role from  FOLLOWER to FOLLOWER at term 267 for recognizeCandidate:3989452c-7599-4156-9543-3fe544ced0f3
2019-10-16 22:15:17,489 [grpc-default-executor-23] INFO  impl.RaftServerImpl (RaftServerImpl.java:setRole(184)) - eec99a0c-e1b1-4518-bc49-9d1a8c8e04d5@group-83CFD60236D8: changes role from  FOLLOWER to FOLLOWER at term 267 for recognizeCandidate:3989452c-7599-4156-9543-3fe544ced0f3
2019-10-16 22:15:17,489 [grpc-default-executor-18] INFO  impl.RoleInfo (RoleInfo.java:shutdownFollowerState(121)) - d9e6ea44-93db-446f-8020-a94232284285: shutdown FollowerState
2019-10-16 22:15:17,489 [grpc-default-executor-23] INFO  impl.RoleInfo (RoleInfo.java:shutdownFollowerState(121)) - eec99a0c-e1b1-4518-bc49-9d1a8c8e04d5: shutdown FollowerState
2019-10-16 22:15:17,489 [Thread-2572] INFO  impl.FollowerState (FollowerState.java:run(117)) - d9e6ea44-93db-446f-8020-a94232284285@group-83CFD60236D8-FollowerState was interrupted: java.lang.InterruptedException: sleep interrupted
2019-10-16 22:15:17,489 [grpc-default-executor-18] INFO  impl.RoleInfo (RoleInfo.java:updateAndGet(143)) - d9e6ea44-93db-446f-8020-a94232284285: start FollowerState
2019-10-16 22:15:17,490 [Thread-2571] INFO  impl.FollowerState (FollowerState.java:run(117)) - eec99a0c-e1b1-4518-bc49-9d1a8c8e04d5@group-83CFD60236D8-FollowerState was interrupted: java.lang.InterruptedException: sleep interrupted
2019-10-16 22:15:17,490 [grpc-default-executor-23] INFO  impl.RoleInfo (RoleInfo.java:updateAndGet(143)) - eec99a0c-e1b1-4518-bc49-9d1a8c8e04d5: start FollowerState
2019-10-16 22:15:17,509 [3989452c-7599-4156-9543-3fe544ced0f3@group-83CFD60236D8-LeaderElection255] INFO  impl.LeaderElection (LeaderElection.java:logAndReturn(56)) - 3989452c-7599-4156-9543-3fe544ced0f3@group-83CFD60236D8-LeaderElection255: Election REJECTED; received 2 response(s) [3989452c-7599-4156-9543-3fe544ced0f3<-eec99a0c-e1b1-4518-bc49-9d1a8c8e04d5#0:FAIL-t267, 3989452c-7599-4156-9543-3fe544ced0f3<-d9e6ea44-93db-446f-8020-a94232284285#0:FAIL-t267] and 0 exception(s); 3989452c-7599-4156-9543-3fe544ced0f3@group-83CFD60236D8:t267, leader=null, voted=3989452c-7599-4156-9543-3fe544ced0f3, raftlog=3989452c-7599-4156-9543-3fe544ced0f3@group-83CFD60236D8-SegmentedRaftLog:OPENED:c-1,f-1,i0, conf=-1: [3989452c-7599-4156-9543-3fe544ced0f3:192.168.157.254:36320, eec99a0c-e1b1-4518-bc49-9d1a8c8e04d5:192.168.157.254:45598, d9e6ea44-93db-446f-8020-a94232284285:192.168.157.254:41671], old=null
2019-10-16 22:15:17,509 [3989452c-7599-4156-9543-3fe544ced0f3@group-83CFD60236D8-LeaderElection255] INFO  impl.RaftServerImpl (RaftServerImpl.java:setRole(184)) - 3989452c-7599-4156-9543-3fe544ced0f3@group-83CFD60236D8: changes role from CANDIDATE to FOLLOWER at term 267 for DISCOVERED_A_NEW_TERM
2019-10-16 22:15:17,509 [3989452c-7599-4156-9543-3fe544ced0f3@group-83CFD60236D8-LeaderElection255] INFO  impl.RoleInfo (RoleInfo.java:shutdownLeaderElection(134)) - 3989452c-7599-4156-9543-3fe544ced0f3: shutdown LeaderElection
2019-10-16 22:15:17,509 [3989452c-7599-4156-9543-3fe544ced0f3@group-83CFD60236D8-LeaderElection255] INFO  impl.RoleInfo (RoleInfo.java:updateAndGet(143)) - 3989452c-7599-4156-9543-3fe544ced0f3: start FollowerState
2019-10-16 22:15:17,648 [Thread-2579] INFO  impl.FollowerState (FollowerState.java:run(108)) - 3989452c-7599-4156-9543-3fe544ced0f3@group-83CFD60236D8-FollowerState: change to CANDIDATE, lastRpcTime:138ms, electionTimeout:138ms
2019-10-16 22:15:17,648 [Thread-2579] INFO  impl.RoleInfo (RoleInfo.java:shutdownFollowerState(121)) - 3989452c-7599-4156-9543-3fe544ced0f3: shutdown FollowerState
2019-10-16 22:15:17,648 [Thread-2579] INFO  impl.RaftServerImpl (RaftServerImpl.java:setRole(184)) - 3989452c-7599-4156-9543-3fe544ced0f3@group-83CFD60236D8: changes role from  FOLLOWER to CANDIDATE at term 267 for changeToCandidate
2019-10-16 22:15:17,648 [Thread-2579] INFO  impl.RoleInfo (RoleInfo.java:updateAndGet(143)) - 3989452c-7599-4156-9543-3fe544ced0f3: start LeaderElection
2019-10-16 22:15:17,662 [3989452c-7599-4156-9543-3fe544ced0f3@group-83CFD60236D8-LeaderElection256] INFO  impl.LeaderElection (LeaderElection.java:askForVotes(178)) - 3989452c-7599-4156-9543-3fe544ced0f3@group-83CFD60236D8-LeaderElection256: begin an election at term 268 for -1: [3989452c-7599-4156-9543-3fe544ced0f3:192.168.157.254:36320, eec99a0c-e1b1-4518-bc49-9d1a8c8e04d5:192.168.157.254:45598, d9e6ea44-93db-446f-8020-a94232284285:192.168.157.254:41671], old=null
2019-10-16 22:15:17,663 [grpc-default-executor-18] INFO  impl.RaftServerImpl (RaftServerImpl.java:setRole(184)) - eec99a0c-e1b1-4518-bc49-9d1a8c8e04d5@group-83CFD60236D8: changes role from  FOLLOWER to FOLLOWER at term 268 for recognizeCandidate:3989452c-7599-4156-9543-3fe544ced0f3
2019-10-16 22:15:17,663 [grpc-default-executor-18] INFO  impl.RoleInfo (RoleInfo.java:shutdownFollowerState(121)) - eec99a0c-e1b1-4518-bc49-9d1a8c8e04d5: shutdown FollowerState
2019-10-16 22:15:17,663 [grpc-default-executor-18] INFO  impl.RoleInfo (RoleInfo.java:updateAndGet(143)) - eec99a0c-e1b1-4518-bc49-9d1a8c8e04d5: start FollowerState
2019-10-16 22:15:17,663 [Thread-2578] INFO  impl.FollowerState (FollowerState.java:run(117)) - eec99a0c-e1b1-4518-bc49-9d1a8c8e04d5@group-83CFD60236D8-FollowerState was interrupted: java.lang.InterruptedException: sleep interrupted
2019-10-16 22:15:17,664 [grpc-default-executor-23] INFO  impl.RaftServerImpl (RaftServerImpl.java:setRole(184)) - d9e6ea44-93db-446f-8020-a94232284285@group-83CFD60236D8: changes role from  FOLLOWER to FOLLOWER at term 268 for recognizeCandidate:3989452c-7599-4156-9543-3fe544ced0f3
2019-10-16 22:15:17,664 [grpc-default-executor-23] INFO  impl.RoleInfo (RoleInfo.java:shutdownFollowerState(121)) - d9e6ea44-93db-446f-8020-a94232284285: shutdown FollowerState
2019-10-16 22:15:17,664 [grpc-default-executor-23] INFO  impl.RoleInfo (RoleInfo.java:updateAndGet(143)) - d9e6ea44-93db-446f-8020-a94232284285: start FollowerState
2019-10-16 22:15:17,664 [Thread-2577] INFO  impl.FollowerState (FollowerState.java:run(117)) - d9e6ea44-93db-446f-8020-a94232284285@group-83CFD60236D8-FollowerState was interrupted: java.lang.InterruptedException: sleep interrupted
2019-10-16 22:15:17,689 [3989452c-7599-4156-9543-3fe544ced0f3@group-83CFD60236D8-LeaderElection256] INFO  impl.LeaderElection (LeaderElection.java:logAndReturn(56)) - 3989452c-7599-4156-9543-3fe544ced0f3@group-83CFD60236D8-LeaderElection256: Election REJECTED; received 2 response(s) [3989452c-7599-4156-9543-3fe544ced0f3<-eec99a0c-e1b1-4518-bc49-9d1a8c8e04d5#0:FAIL-t268, 3989452c-7599-4156-9543-3fe544ced0f3<-d9e6ea44-93db-446f-8020-a94232284285#0:FAIL-t268] and 0 exception(s); 3989452c-7599-4156-9543-3fe544ced0f3@group-83CFD60236D8:t268, leader=null, voted=3989452c-7599-4156-9543-3fe544ced0f3, raftlog=3989452c-7599-4156-9543-3fe544ced0f3@group-83CFD60236D8-SegmentedRaftLog:OPENED:c-1,f-1,i0, conf=-1: [3989452c-7599-4156-9543-3fe544ced0f3:192.168.157.254:36320, eec99a0c-e1b1-4518-bc49-9d1a8c8e04d5:192.168.157.254:45598, d9e6ea44-93db-446f-8020-a94232284285:192.168.157.254:41671], old=null
2019-10-16 22:15:17,689 [3989452c-7599-4156-9543-3fe544ced0f3@group-83CFD60236D8-LeaderElection256] INFO  impl.RaftServerImpl (RaftServerImpl.java:setRole(184)) - 3989452c-7599-4156-9543-3fe544ced0f3@group-83CFD60236D8: changes role from CANDIDATE to FOLLOWER at term 268 for DISCOVERED_A_NEW_TERM
2019-10-16 22:15:17,689 [3989452c-7599-4156-9543-3fe544ced0f3@group-83CFD60236D8-LeaderElection256] INFO  impl.RoleInfo (RoleInfo.java:shutdownLeaderElection(134)) - 3989452c-7599-4156-9543-3fe544ced0f3: shutdown LeaderElection
2019-10-16 22:15:17,689 [3989452c-7599-4156-9543-3fe544ced0f3@group-83CFD60236D8-LeaderElection256] INFO  impl.RoleInfo (RoleInfo.java:updateAndGet(143)) - 3989452c-7599-4156-9543-3fe544ced0f3: start FollowerState
2019-10-16 22:15:17,821 [Thread-2585] INFO  impl.FollowerState (FollowerState.java:run(108)) - 3989452c-7599-4156-9543-3fe544ced0f3@group-83CFD60236D8-FollowerState: change to CANDIDATE, lastRpcTime:131ms, electionTimeout:131ms
2019-10-16 22:15:17,821 [Thread-2585] INFO  impl.RoleInfo (RoleInfo.java:shutdownFollowerState(121)) - 3989452c-7599-4156-9543-3fe544ced0f3: shutdown FollowerState
2019-10-16 22:15:17,821 [Thread-2585] INFO  impl.RaftServerImpl (RaftServerImpl.java:setRole(184)) - 3989452c-7599-4156-9543-3fe544ced0f3@group-83CFD60236D8: changes role from  FOLLOWER to CANDIDATE at term 268 for changeToCandidate
2019-10-16 22:15:17,821 [Thread-2585] INFO  impl.RoleInfo (RoleInfo.java:updateAndGet(143)) - 3989452c-7599-4156-9543-3fe544ced0f3: start LeaderElection
2019-10-16 22:15:17,835 [3989452c-7599-4156-9543-3fe544ced0f3@group-83CFD60236D8-LeaderElection257] INFO  impl.LeaderElection (LeaderElection.java:askForVotes(178)) - 3989452c-7599-4156-9543-3fe544ced0f3@group-83CFD60236D8-LeaderElection257: begin an election at term 269 for -1: [3989452c-7599-4156-9543-3fe544ced0f3:192.168.157.254:36320, eec99a0c-e1b1-4518-bc49-9d1a8c8e04d5:192.168.157.254:45598, d9e6ea44-93db-446f-8020-a94232284285:192.168.157.254:41671], old=null
2019-10-16 22:15:17,838 [grpc-default-executor-18] INFO  impl.RaftServerImpl (RaftServerImpl.java:setRole(184)) - eec99a0c-e1b1-4518-bc49-9d1a8c8e04d5@group-83CFD60236D8: changes role from  FOLLOWER to FOLLOWER at term 269 for recognizeCandidate:3989452c-7599-4156-9543-3fe544ced0f3
2019-10-16 22:15:17,838 [grpc-default-executor-18] INFO  impl.RoleInfo (RoleInfo.java:shutdownFollowerState(121)) - eec99a0c-e1b1-4518-bc49-9d1a8c8e04d5: shutdown FollowerState
2019-10-16 22:15:17,838 [grpc-default-executor-18] INFO  impl.RoleInfo (RoleInfo.java:updateAndGet(143)) - eec99a0c-e1b1-4518-bc49-9d1a8c8e04d5: start FollowerState
2019-10-16 22:15:17,839 [grpc-default-executor-23] INFO  impl.RaftServerImpl (RaftServerImpl.java:setRole(184)) - d9e6ea44-93db-446f-8020-a94232284285@group-83CFD60236D8: changes role from  FOLLOWER to FOLLOWER at term 269 for recognizeCandidate:3989452c-7599-4156-9543-3fe544ced0f3
2019-10-16 22:15:17,838 [Thread-2583] INFO  impl.FollowerState (FollowerState.java:run(117)) - eec99a0c-e1b1-4518-bc49-9d1a8c8e04d5@group-83CFD60236D8-FollowerState was interrupted: java.lang.InterruptedException: sleep interrupted
2019-10-16 22:15:17,839 [grpc-default-executor-23] INFO  impl.RoleInfo (RoleInfo.java:shutdownFollowerState(121)) - d9e6ea44-93db-446f-8020-a94232284285: shutdown FollowerState
2019-10-16 22:15:17,839 [grpc-default-executor-23] INFO  impl.RoleInfo (RoleInfo.java:updateAndGet(143)) - d9e6ea44-93db-446f-8020-a94232284285: start FollowerState
2019-10-16 22:15:17,839 [Thread-2584] INFO  impl.FollowerState (FollowerState.java:run(117)) - d9e6ea44-93db-446f-8020-a94232284285@group-83CFD60236D8-FollowerState was interrupted: java.lang.InterruptedException: sleep interrupted
2019-10-16 22:15:17,844 [EventQueue-PipelineReportForPipelineReportHandler] INFO  pipeline.PipelineReportHandler (PipelineReportHandler.java:processPipelineReport(119)) - Pipeline PipelineID=1bd62df8-80bc-4ac0-888f-83cfd60236d8 reported by 3989452c-7599-4156-9543-3fe544ced0f3{ip: 192.168.157.254, host: pr-hdds-1868-qdb9g-714931517, networkLocation: /default-rack, certSerialId: null} with leaderId 
2019-10-16 22:15:17,864 [3989452c-7599-4156-9543-3fe544ced0f3@group-83CFD60236D8-LeaderElection257] INFO  impl.LeaderElection (LeaderElection.java:logAndReturn(56)) - 3989452c-7599-4156-9543-3fe544ced0f3@group-83CFD60236D8-LeaderElection257: Election REJECTED; received 2 response(s) [3989452c-7599-4156-9543-3fe544ced0f3<-eec99a0c-e1b1-4518-bc49-9d1a8c8e04d5#0:FAIL-t269, 3989452c-7599-4156-9543-3fe544ced0f3<-d9e6ea44-93db-446f-8020-a94232284285#0:FAIL-t269] and 0 exception(s); 3989452c-7599-4156-9543-3fe544ced0f3@group-83CFD60236D8:t269, leader=null, voted=3989452c-7599-4156-9543-3fe544ced0f3, raftlog=3989452c-7599-4156-9543-3fe544ced0f3@group-83CFD60236D8-SegmentedRaftLog:OPENED:c-1,f-1,i0, conf=-1: [3989452c-7599-4156-9543-3fe544ced0f3:192.168.157.254:36320, eec99a0c-e1b1-4518-bc49-9d1a8c8e04d5:192.168.157.254:45598, d9e6ea44-93db-446f-8020-a94232284285:192.168.157.254:41671], old=null
2019-10-16 22:15:17,864 [3989452c-7599-4156-9543-3fe544ced0f3@group-83CFD60236D8-LeaderElection257] INFO  impl.RaftServerImpl (RaftServerImpl.java:setRole(184)) - 3989452c-7599-4156-9543-3fe544ced0f3@group-83CFD60236D8: changes role from CANDIDATE to FOLLOWER at term 269 for DISCOVERED_A_NEW_TERM
2019-10-16 22:15:17,864 [3989452c-7599-4156-9543-3fe544ced0f3@group-83CFD60236D8-LeaderElection257] INFO  impl.RoleInfo (RoleInfo.java:shutdownLeaderElection(134)) - 3989452c-7599-4156-9543-3fe544ced0f3: shutdown LeaderElection
2019-10-16 22:15:17,864 [3989452c-7599-4156-9543-3fe544ced0f3@group-83CFD60236D8-LeaderElection257] INFO  impl.RoleInfo (RoleInfo.java:updateAndGet(143)) - 3989452c-7599-4156-9543-3fe544ced0f3: start FollowerState
2019-10-16 22:15:17,891 [Thread-2591] INFO  impl.FollowerState (FollowerState.java:run(108)) - 3989452c-7599-4156-9543-3fe544ced0f3@group-83CFD60236D8-FollowerState: change to CANDIDATE, lastRpcTime:27ms, electionTimeout:27ms
2019-10-16 22:15:17,891 [Thread-2591] INFO  impl.RoleInfo (RoleInfo.java:shutdownFollowerState(121)) - 3989452c-7599-4156-9543-3fe544ced0f3: shutdown FollowerState
2019-10-16 22:15:17,892 [Thread-2591] INFO  impl.RaftServerImpl (RaftServerImpl.java:setRole(184)) - 3989452c-7599-4156-9543-3fe544ced0f3@group-83CFD60236D8: changes role from  FOLLOWER to CANDIDATE at term 269 for changeToCandidate
2019-10-16 22:15:17,892 [Thread-2591] INFO  impl.RoleInfo (RoleInfo.java:updateAndGet(143)) - 3989452c-7599-4156-9543-3fe544ced0f3: start LeaderElection
2019-10-16 22:15:17,905 [3989452c-7599-4156-9543-3fe544ced0f3@group-83CFD60236D8-LeaderElection258] INFO  impl.LeaderElection (LeaderElection.java:askForVotes(178)) - 3989452c-7599-4156-9543-3fe544ced0f3@group-83CFD60236D8-LeaderElection258: begin an election at term 270 for -1: [3989452c-7599-4156-9543-3fe544ced0f3:192.168.157.254:36320, eec99a0c-e1b1-4518-bc49-9d1a8c8e04d5:192.168.157.254:45598, d9e6ea44-93db-446f-8020-a94232284285:192.168.157.254:41671], old=null
2019-10-16 22:15:17,906 [grpc-default-executor-23] INFO  impl.RaftServerImpl (RaftServerImpl.java:setRole(184)) - eec99a0c-e1b1-4518-bc49-9d1a8c8e04d5@group-83CFD60236D8: changes role from  FOLLOWER to FOLLOWER at term 270 for recognizeCandidate:3989452c-7599-4156-9543-3fe544ced0f3
2019-10-16 22:15:17,906 [grpc-default-executor-23] INFO  impl.RoleInfo (RoleInfo.java:shutdownFollowerState(121)) - eec99a0c-e1b1-4518-bc49-9d1a8c8e04d5: shutdown FollowerState
2019-10-16 22:15:17,906 [3989452c-7599-4156-9543-3fe544ced0f3@group-83CFD60236D8-LeaderElection258] INFO  impl.LeaderElection (LeaderElection.java:logAndReturn(56)) - 3989452c-7599-4156-9543-3fe544ced0f3@group-83CFD60236D8-LeaderElection258: Election TIMEOUT; received 0 response(s) [] and 0 exception(s); 3989452c-7599-4156-9543-3fe544ced0f3@group-83CFD60236D8:t270, leader=null, voted=3989452c-7599-4156-9543-3fe544ced0f3, raftlog=3989452c-7599-4156-9543-3fe544ced0f3@group-83CFD60236D8-SegmentedRaftLog:OPENED:c-1,f-1,i0, conf=-1: [3989452c-7599-4156-9543-3fe544ced0f3:192.168.157.254:36320, eec99a0c-e1b1-4518-bc49-9d1a8c8e04d5:192.168.157.254:45598, d9e6ea44-93db-446f-8020-a94232284285:192.168.157.254:41671], old=null
2019-10-16 22:15:17,907 [Thread-2589] INFO  impl.FollowerState (FollowerState.java:run(117)) - eec99a0c-e1b1-4518-bc49-9d1a8c8e04d5@group-83CFD60236D8-FollowerState was interrupted: java.lang.InterruptedException: sleep interrupted
2019-10-16 22:15:17,907 [grpc-default-executor-23] INFO  impl.RoleInfo (RoleInfo.java:updateAndGet(143)) - eec99a0c-e1b1-4518-bc49-9d1a8c8e04d5: start FollowerState
2019-10-16 22:15:17,906 [grpc-default-executor-18] INFO  impl.RaftServerImpl (RaftServerImpl.java:setRole(184)) - d9e6ea44-93db-446f-8020-a94232284285@group-83CFD60236D8: changes role from  FOLLOWER to FOLLOWER at term 270 for recognizeCandidate:3989452c-7599-4156-9543-3fe544ced0f3
2019-10-16 22:15:17,907 [grpc-default-executor-18] INFO  impl.RoleInfo (RoleInfo.java:shutdownFollowerState(121)) - d9e6ea44-93db-446f-8020-a94232284285: shutdown FollowerState
2019-10-16 22:15:17,907 [grpc-default-executor-18] INFO  impl.RoleInfo (RoleInfo.java:updateAndGet(143)) - d9e6ea44-93db-446f-8020-a94232284285: start FollowerState
2019-10-16 22:15:17,907 [Thread-2590] INFO  impl.FollowerState (FollowerState.java:run(117)) - d9e6ea44-93db-446f-8020-a94232284285@group-83CFD60236D8-FollowerState was interrupted: java.lang.InterruptedException: sleep interrupted
2019-10-16 22:15:17,920 [3989452c-7599-4156-9543-3fe544ced0f3@group-83CFD60236D8-LeaderElection258] INFO  impl.LeaderElection (LeaderElection.java:askForVotes(178)) - 3989452c-7599-4156-9543-3fe544ced0f3@group-83CFD60236D8-LeaderElection258: begin an election at term 271 for -1: [3989452c-7599-4156-9543-3fe544ced0f3:192.168.157.254:36320, eec99a0c-e1b1-4518-bc49-9d1a8c8e04d5:192.168.157.254:45598, d9e6ea44-93db-446f-8020-a94232284285:192.168.157.254:41671], old=null
2019-10-16 22:15:17,921 [grpc-default-executor-23] INFO  impl.RaftServerImpl (RaftServerImpl.java:setRole(184)) - eec99a0c-e1b1-4518-bc49-9d1a8c8e04d5@group-83CFD60236D8: changes role from  FOLLOWER to FOLLOWER at term 271 for recognizeCandidate:3989452c-7599-4156-9543-3fe544ced0f3
2019-10-16 22:15:17,921 [grpc-default-executor-23] INFO  impl.RoleInfo (RoleInfo.java:shutdownFollowerState(121)) - eec99a0c-e1b1-4518-bc49-9d1a8c8e04d5: shutdown FollowerState
2019-10-16 22:15:17,922 [grpc-default-executor-18] INFO  impl.RaftServerImpl (RaftServerImpl.java:setRole(184)) - d9e6ea44-93db-446f-8020-a94232284285@group-83CFD60236D8: changes role from  FOLLOWER to FOLLOWER at term 271 for recognizeCandidate:3989452c-7599-4156-9543-3fe544ced0f3
2019-10-16 22:15:17,922 [grpc-default-executor-18] INFO  impl.RoleInfo (RoleInfo.java:shutdownFollowerState(121)) - d9e6ea44-93db-446f-8020-a94232284285: shutdown FollowerState
2019-10-16 22:15:17,922 [Thread-2595] INFO  impl.FollowerState (FollowerState.java:run(117)) - eec99a0c-e1b1-4518-bc49-9d1a8c8e04d5@group-83CFD60236D8-FollowerState was interrupted: java.lang.InterruptedException: sleep interrupted
2019-10-16 22:15:17,922 [Thread-2596] INFO  impl.FollowerState (FollowerState.java:run(117)) - d9e6ea44-93db-446f-8020-a94232284285@group-83CFD60236D8-FollowerState was interrupted: java.lang.InterruptedException: sleep interrupted
2019-10-16 22:15:17,922 [grpc-default-executor-23] INFO  impl.RoleInfo (RoleInfo.java:updateAndGet(143)) - eec99a0c-e1b1-4518-bc49-9d1a8c8e04d5: start FollowerState
2019-10-16 22:15:17,922 [grpc-default-executor-18] INFO  impl.RoleInfo (RoleInfo.java:updateAndGet(143)) - d9e6ea44-93db-446f-8020-a94232284285: start FollowerState
2019-10-16 22:15:17,929 [3989452c-7599-4156-9543-3fe544ced0f3@group-83CFD60236D8-LeaderElection258] INFO  impl.LeaderElection (LeaderElection.java:logAndReturn(56)) - 3989452c-7599-4156-9543-3fe544ced0f3@group-83CFD60236D8-LeaderElection258: Election TIMEOUT; received 0 response(s) [] and 0 exception(s); 3989452c-7599-4156-9543-3fe544ced0f3@group-83CFD60236D8:t271, leader=null, voted=3989452c-7599-4156-9543-3fe544ced0f3, raftlog=3989452c-7599-4156-9543-3fe544ced0f3@group-83CFD60236D8-SegmentedRaftLog:OPENED:c-1,f-1,i0, conf=-1: [3989452c-7599-4156-9543-3fe544ced0f3:192.168.157.254:36320, eec99a0c-e1b1-4518-bc49-9d1a8c8e04d5:192.168.157.254:45598, d9e6ea44-93db-446f-8020-a94232284285:192.168.157.254:41671], old=null
2019-10-16 22:15:17,938 [3989452c-7599-4156-9543-3fe544ced0f3@group-83CFD60236D8-LeaderElection258] INFO  impl.LeaderElection (LeaderElection.java:askForVotes(178)) - 3989452c-7599-4156-9543-3fe544ced0f3@group-83CFD60236D8-LeaderElection258: begin an election at term 272 for -1: [3989452c-7599-4156-9543-3fe544ced0f3:192.168.157.254:36320, eec99a0c-e1b1-4518-bc49-9d1a8c8e04d5:192.168.157.254:45598, d9e6ea44-93db-446f-8020-a94232284285:192.168.157.254:41671], old=null
2019-10-16 22:15:17,939 [grpc-default-executor-18] INFO  impl.RaftServerImpl (RaftServerImpl.java:setRole(184)) - eec99a0c-e1b1-4518-bc49-9d1a8c8e04d5@group-83CFD60236D8: changes role from  FOLLOWER to FOLLOWER at term 272 for recognizeCandidate:3989452c-7599-4156-9543-3fe544ced0f3
2019-10-16 22:15:17,940 [grpc-default-executor-23] INFO  impl.RaftServerImpl (RaftServerImpl.java:setRole(184)) - d9e6ea44-93db-446f-8020-a94232284285@group-83CFD60236D8: changes role from  FOLLOWER to FOLLOWER at term 272 for recognizeCandidate:3989452c-7599-4156-9543-3fe544ced0f3
2019-10-16 22:15:17,940 [grpc-default-executor-18] INFO  impl.RoleInfo (RoleInfo.java:shutdownFollowerState(121)) - eec99a0c-e1b1-4518-bc49-9d1a8c8e04d5: shutdown FollowerState
2019-10-16 22:15:17,940 [grpc-default-executor-23] INFO  impl.RoleInfo (RoleInfo.java:shutdownFollowerState(121)) - d9e6ea44-93db-446f-8020-a94232284285: shutdown FollowerState
2019-10-16 22:15:17,940 [Thread-2599] INFO  impl.FollowerState (FollowerState.java:run(117)) - eec99a0c-e1b1-4518-bc49-9d1a8c8e04d5@group-83CFD60236D8-FollowerState was interrupted: java.lang.InterruptedException: sleep interrupted
2019-10-16 22:15:17,940 [grpc-default-executor-18] INFO  impl.RoleInfo (RoleInfo.java:updateAndGet(143)) - eec99a0c-e1b1-4518-bc49-9d1a8c8e04d5: start FollowerState
2019-10-16 22:15:17,940 [Thread-2600] INFO  impl.FollowerState (FollowerState.java:run(117)) - d9e6ea44-93db-446f-8020-a94232284285@group-83CFD60236D8-FollowerState was interrupted: java.lang.InterruptedException: sleep interrupted
2019-10-16 22:15:17,940 [grpc-default-executor-23] INFO  impl.RoleInfo (RoleInfo.java:updateAndGet(143)) - d9e6ea44-93db-446f-8020-a94232284285: start FollowerState
2019-10-16 22:15:17,954 [3989452c-7599-4156-9543-3fe544ced0f3@group-83CFD60236D8-LeaderElection258] INFO  impl.LeaderElection (LeaderElection.java:logAndReturn(56)) - 3989452c-7599-4156-9543-3fe544ced0f3@group-83CFD60236D8-LeaderElection258: Election REJECTED; received 2 response(s) [3989452c-7599-4156-9543-3fe544ced0f3<-eec99a0c-e1b1-4518-bc49-9d1a8c8e04d5#0:FAIL-t272, 3989452c-7599-4156-9543-3fe544ced0f3<-d9e6ea44-93db-446f-8020-a94232284285#0:FAIL-t272] and 0 exception(s); 3989452c-7599-4156-9543-3fe544ced0f3@group-83CFD60236D8:t272, leader=null, voted=3989452c-7599-4156-9543-3fe544ced0f3, raftlog=3989452c-7599-4156-9543-3fe544ced0f3@group-83CFD60236D8-SegmentedRaftLog:OPENED:c-1,f-1,i0, conf=-1: [3989452c-7599-4156-9543-3fe544ced0f3:192.168.157.254:36320, eec99a0c-e1b1-4518-bc49-9d1a8c8e04d5:192.168.157.254:45598, d9e6ea44-93db-446f-8020-a94232284285:192.168.157.254:41671], old=null
2019-10-16 22:15:17,954 [3989452c-7599-4156-9543-3fe544ced0f3@group-83CFD60236D8-LeaderElection258] INFO  impl.RaftServerImpl (RaftServerImpl.java:setRole(184)) - 3989452c-7599-4156-9543-3fe544ced0f3@group-83CFD60236D8: changes role from CANDIDATE to FOLLOWER at term 272 for DISCOVERED_A_NEW_TERM
2019-10-16 22:15:17,954 [3989452c-7599-4156-9543-3fe544ced0f3@group-83CFD60236D8-LeaderElection258] INFO  impl.RoleInfo (RoleInfo.java:shutdownLeaderElection(134)) - 3989452c-7599-4156-9543-3fe544ced0f3: shutdown LeaderElection
2019-10-16 22:15:17,954 [3989452c-7599-4156-9543-3fe544ced0f3@group-83CFD60236D8-LeaderElection258] INFO  impl.RoleInfo (RoleInfo.java:updateAndGet(143)) - 3989452c-7599-4156-9543-3fe544ced0f3: start FollowerState
2019-10-16 22:15:17,974 [Thread-2605] INFO  impl.FollowerState (FollowerState.java:run(108)) - 3989452c-7599-4156-9543-3fe544ced0f3@group-83CFD60236D8-FollowerState: change to CANDIDATE, lastRpcTime:19ms, electionTimeout:19ms
2019-10-16 22:15:17,974 [Thread-2605] INFO  impl.RoleInfo (RoleInfo.java:shutdownFollowerState(121)) - 3989452c-7599-4156-9543-3fe544ced0f3: shutdown FollowerState
2019-10-16 22:15:17,974 [Thread-2605] INFO  impl.RaftServerImpl (RaftServerImpl.java:setRole(184)) - 3989452c-7599-4156-9543-3fe544ced0f3@group-83CFD60236D8: changes role from  FOLLOWER to CANDIDATE at term 272 for changeToCandidate
2019-10-16 22:15:17,974 [Thread-2605] INFO  impl.RoleInfo (RoleInfo.java:updateAndGet(143)) - 3989452c-7599-4156-9543-3fe544ced0f3: start LeaderElection
2019-10-16 22:15:17,987 [3989452c-7599-4156-9543-3fe544ced0f3@group-83CFD60236D8-LeaderElection259] INFO  impl.LeaderElection (LeaderElection.java:askForVotes(178)) - 3989452c-7599-4156-9543-3fe544ced0f3@group-83CFD60236D8-LeaderElection259: begin an election at term 273 for -1: [3989452c-7599-4156-9543-3fe544ced0f3:192.168.157.254:36320, eec99a0c-e1b1-4518-bc49-9d1a8c8e04d5:192.168.157.254:45598, d9e6ea44-93db-446f-8020-a94232284285:192.168.157.254:41671], old=null
2019-10-16 22:15:17,988 [grpc-default-executor-23] INFO  impl.RaftServerImpl (RaftServerImpl.java:setRole(184)) - eec99a0c-e1b1-4518-bc49-9d1a8c8e04d5@group-83CFD60236D8: changes role from  FOLLOWER to FOLLOWER at term 273 for recognizeCandidate:3989452c-7599-4156-9543-3fe544ced0f3
2019-10-16 22:15:17,989 [grpc-default-executor-23] INFO  impl.RoleInfo (RoleInfo.java:shutdownFollowerState(121)) - eec99a0c-e1b1-4518-bc49-9d1a8c8e04d5: shutdown FollowerState
2019-10-16 22:15:17,989 [grpc-default-executor-18] INFO  impl.RaftServerImpl (RaftServerImpl.java:setRole(184)) - d9e6ea44-93db-446f-8020-a94232284285@group-83CFD60236D8: changes role from  FOLLOWER to FOLLOWER at term 273 for recognizeCandidate:3989452c-7599-4156-9543-3fe544ced0f3
2019-10-16 22:15:17,989 [Thread-2603] INFO  impl.FollowerState (FollowerState.java:run(117)) - eec99a0c-e1b1-4518-bc49-9d1a8c8e04d5@group-83CFD60236D8-FollowerState was interrupted: java.lang.InterruptedException: sleep interrupted
2019-10-16 22:15:17,989 [grpc-default-executor-23] INFO  impl.RoleInfo (RoleInfo.java:updateAndGet(143)) - eec99a0c-e1b1-4518-bc49-9d1a8c8e04d5: start FollowerState
2019-10-16 22:15:17,989 [grpc-default-executor-18] INFO  impl.RoleInfo (RoleInfo.java:shutdownFollowerState(121)) - d9e6ea44-93db-446f-8020-a94232284285: shutdown FollowerState
2019-10-16 22:15:17,989 [grpc-default-executor-18] INFO  impl.RoleInfo (RoleInfo.java:updateAndGet(143)) - d9e6ea44-93db-446f-8020-a94232284285: start FollowerState
2019-10-16 22:15:17,989 [Thread-2604] INFO  impl.FollowerState (FollowerState.java:run(117)) - d9e6ea44-93db-446f-8020-a94232284285@group-83CFD60236D8-FollowerState was interrupted: java.lang.InterruptedException: sleep interrupted
2019-10-16 22:15:18,005 [3989452c-7599-4156-9543-3fe544ced0f3@group-83CFD60236D8-LeaderElection259] INFO  impl.LeaderElection (LeaderElection.java:logAndReturn(56)) - 3989452c-7599-4156-9543-3fe544ced0f3@group-83CFD60236D8-LeaderElection259: Election REJECTED; received 2 response(s) [3989452c-7599-4156-9543-3fe544ced0f3<-eec99a0c-e1b1-4518-bc49-9d1a8c8e04d5#0:FAIL-t273, 3989452c-7599-4156-9543-3fe544ced0f3<-d9e6ea44-93db-446f-8020-a94232284285#0:FAIL-t273] and 0 exception(s); 3989452c-7599-4156-9543-3fe544ced0f3@group-83CFD60236D8:t273, leader=null, voted=3989452c-7599-4156-9543-3fe544ced0f3, raftlog=3989452c-7599-4156-9543-3fe544ced0f3@group-83CFD60236D8-SegmentedRaftLog:OPENED:c-1,f-1,i0, conf=-1: [3989452c-7599-4156-9543-3fe544ced0f3:192.168.157.254:36320, eec99a0c-e1b1-4518-bc49-9d1a8c8e04d5:192.168.157.254:45598, d9e6ea44-93db-446f-8020-a94232284285:192.168.157.254:41671], old=null
2019-10-16 22:15:18,005 [3989452c-7599-4156-9543-3fe544ced0f3@group-83CFD60236D8-LeaderElection259] INFO  impl.RaftServerImpl (RaftServerImpl.java:setRole(184)) - 3989452c-7599-4156-9543-3fe544ced0f3@group-83CFD60236D8: changes role from CANDIDATE to FOLLOWER at term 273 for DISCOVERED_A_NEW_TERM
2019-10-16 22:15:18,005 [3989452c-7599-4156-9543-3fe544ced0f3@group-83CFD60236D8-LeaderElection259] INFO  impl.RoleInfo (RoleInfo.java:shutdownLeaderElection(134)) - 3989452c-7599-4156-9543-3fe544ced0f3: shutdown LeaderElection
2019-10-16 22:15:18,005 [3989452c-7599-4156-9543-3fe544ced0f3@group-83CFD60236D8-LeaderElection259] INFO  impl.RoleInfo (RoleInfo.java:updateAndGet(143)) - 3989452c-7599-4156-9543-3fe544ced0f3: start FollowerState
 0.00% |?                                                                                                    |  0/1 Time: 0:06:342019-10-16 22:15:18,179 [Thread-2611] INFO  impl.FollowerState (FollowerState.java:run(108)) - 3989452c-7599-4156-9543-3fe544ced0f3@group-83CFD60236D8-FollowerState: change to CANDIDATE, lastRpcTime:173ms, electionTimeout:173ms
2019-10-16 22:15:18,179 [Thread-2611] INFO  impl.RoleInfo (RoleInfo.java:shutdownFollowerState(121)) - 3989452c-7599-4156-9543-3fe544ced0f3: shutdown FollowerState
2019-10-16 22:15:18,179 [Thread-2611] INFO  impl.RaftServerImpl (RaftServerImpl.java:setRole(184)) - 3989452c-7599-4156-9543-3fe544ced0f3@group-83CFD60236D8: changes role from  FOLLOWER to CANDIDATE at term 273 for changeToCandidate
2019-10-16 22:15:18,179 [Thread-2611] INFO  impl.RoleInfo (RoleInfo.java:updateAndGet(143)) - 3989452c-7599-4156-9543-3fe544ced0f3: start LeaderElection
2019-10-16 22:15:18,192 [3989452c-7599-4156-9543-3fe544ced0f3@group-83CFD60236D8-LeaderElection260] INFO  impl.LeaderElection (LeaderElection.java:askForVotes(178)) - 3989452c-7599-4156-9543-3fe544ced0f3@group-83CFD60236D8-LeaderElection260: begin an election at term 274 for -1: [3989452c-7599-4156-9543-3fe544ced0f3:192.168.157.254:36320, eec99a0c-e1b1-4518-bc49-9d1a8c8e04d5:192.168.157.254:45598, d9e6ea44-93db-446f-8020-a94232284285:192.168.157.254:41671], old=null
2019-10-16 22:15:18,194 [grpc-default-executor-23] INFO  impl.RaftServerImpl (RaftServerImpl.java:setRole(184)) - eec99a0c-e1b1-4518-bc49-9d1a8c8e04d5@group-83CFD60236D8: changes role from  FOLLOWER to FOLLOWER at term 274 for recognizeCandidate:3989452c-7599-4156-9543-3fe544ced0f3
2019-10-16 22:15:18,194 [grpc-default-executor-18] INFO  impl.RaftServerImpl (RaftServerImpl.java:setRole(184)) - d9e6ea44-93db-446f-8020-a94232284285@group-83CFD60236D8: changes role from  FOLLOWER to FOLLOWER at term 274 for recognizeCandidate:3989452c-7599-4156-9543-3fe544ced0f3
2019-10-16 22:15:18,194 [grpc-default-executor-23] INFO  impl.RoleInfo (RoleInfo.java:shutdownFollowerState(121)) - eec99a0c-e1b1-4518-bc49-9d1a8c8e04d5: shutdown FollowerState
2019-10-16 22:15:18,194 [grpc-default-executor-18] INFO  impl.RoleInfo (RoleInfo.java:shutdownFollowerState(121)) - d9e6ea44-93db-446f-8020-a94232284285: shutdown FollowerState
2019-10-16 22:15:18,195 [grpc-default-executor-23] INFO  impl.RoleInfo (RoleInfo.java:updateAndGet(143)) - eec99a0c-e1b1-4518-bc49-9d1a8c8e04d5: start FollowerState
2019-10-16 22:15:18,195 [Thread-2609] INFO  impl.FollowerState (FollowerState.java:run(117)) - eec99a0c-e1b1-4518-bc49-9d1a8c8e04d5@group-83CFD60236D8-FollowerState was interrupted: java.lang.InterruptedException: sleep interrupted
2019-10-16 22:15:18,195 [grpc-default-executor-18] INFO  impl.RoleInfo (RoleInfo.java:updateAndGet(143)) - d9e6ea44-93db-446f-8020-a94232284285: start FollowerState
2019-10-16 22:15:18,195 [Thread-2610] INFO  impl.FollowerState (FollowerState.java:run(117)) - d9e6ea44-93db-446f-8020-a94232284285@group-83CFD60236D8-FollowerState was interrupted: java.lang.InterruptedException: sleep interrupted
2019-10-16 22:15:18,208 [3989452c-7599-4156-9543-3fe544ced0f3@group-83CFD60236D8-LeaderElection260] INFO  impl.LeaderElection (LeaderElection.java:logAndReturn(56)) - 3989452c-7599-4156-9543-3fe544ced0f3@group-83CFD60236D8-LeaderElection260: Election REJECTED; received 2 response(s) [3989452c-7599-4156-9543-3fe544ced0f3<-eec99a0c-e1b1-4518-bc49-9d1a8c8e04d5#0:FAIL-t274, 3989452c-7599-4156-9543-3fe544ced0f3<-d9e6ea44-93db-446f-8020-a94232284285#0:FAIL-t274] and 0 exception(s); 3989452c-7599-4156-9543-3fe544ced0f3@group-83CFD60236D8:t274, leader=null, voted=3989452c-7599-4156-9543-3fe544ced0f3, raftlog=3989452c-7599-4156-9543-3fe544ced0f3@group-83CFD60236D8-SegmentedRaftLog:OPENED:c-1,f-1,i0, conf=-1: [3989452c-7599-4156-9543-3fe544ced0f3:192.168.157.254:36320, eec99a0c-e1b1-4518-bc49-9d1a8c8e04d5:192.168.157.254:45598, d9e6ea44-93db-446f-8020-a94232284285:192.168.157.254:41671], old=null
2019-10-16 22:15:18,208 [3989452c-7599-4156-9543-3fe544ced0f3@group-83CFD60236D8-LeaderElection260] INFO  impl.RaftServerImpl (RaftServerImpl.java:setRole(184)) - 3989452c-7599-4156-9543-3fe544ced0f3@group-83CFD60236D8: changes role from CANDIDATE to FOLLOWER at term 274 for DISCOVERED_A_NEW_TERM
2019-10-16 22:15:18,208 [3989452c-7599-4156-9543-3fe544ced0f3@group-83CFD60236D8-LeaderElection260] INFO  impl.RoleInfo (RoleInfo.java:shutdownLeaderElection(134)) - 3989452c-7599-4156-9543-3fe544ced0f3: shutdown LeaderElection
2019-10-16 22:15:18,209 [3989452c-7599-4156-9543-3fe544ced0f3@group-83CFD60236D8-LeaderElection260] INFO  impl.RoleInfo (RoleInfo.java:updateAndGet(143)) - 3989452c-7599-4156-9543-3fe544ced0f3: start FollowerState
2019-10-16 22:15:18,368 [Thread-2617] INFO  impl.FollowerState (FollowerState.java:run(108)) - 3989452c-7599-4156-9543-3fe544ced0f3@group-83CFD60236D8-FollowerState: change to CANDIDATE, lastRpcTime:159ms, electionTimeout:159ms
2019-10-16 22:15:18,368 [Thread-2617] INFO  impl.RoleInfo (RoleInfo.java:shutdownFollowerState(121)) - 3989452c-7599-4156-9543-3fe544ced0f3: shutdown FollowerState
2019-10-16 22:15:18,368 [Thread-2617] INFO  impl.RaftServerImpl (RaftServerImpl.java:setRole(184)) - 3989452c-7599-4156-9543-3fe544ced0f3@group-83CFD60236D8: changes role from  FOLLOWER to CANDIDATE at term 274 for changeToCandidate
2019-10-16 22:15:18,368 [Thread-2617] INFO  impl.RoleInfo (RoleInfo.java:updateAndGet(143)) - 3989452c-7599-4156-9543-3fe544ced0f3: start LeaderElection
2019-10-16 22:15:18,394 [3989452c-7599-4156-9543-3fe544ced0f3@group-83CFD60236D8-LeaderElection261] INFO  impl.LeaderElection (LeaderElection.java:askForVotes(178)) - 3989452c-7599-4156-9543-3fe544ced0f3@group-83CFD60236D8-LeaderElection261: begin an election at term 275 for -1: [3989452c-7599-4156-9543-3fe544ced0f3:192.168.157.254:36320, eec99a0c-e1b1-4518-bc49-9d1a8c8e04d5:192.168.157.254:45598, d9e6ea44-93db-446f-8020-a94232284285:192.168.157.254:41671], old=null
2019-10-16 22:15:18,396 [grpc-default-executor-18] INFO  impl.RaftServerImpl (RaftServerImpl.java:setRole(184)) - eec99a0c-e1b1-4518-bc49-9d1a8c8e04d5@group-83CFD60236D8: changes role from  FOLLOWER to FOLLOWER at term 275 for recognizeCandidate:3989452c-7599-4156-9543-3fe544ced0f3
2019-10-16 22:15:18,396 [grpc-default-executor-18] INFO  impl.RoleInfo (RoleInfo.java:shutdownFollowerState(121)) - eec99a0c-e1b1-4518-bc49-9d1a8c8e04d5: shutdown FollowerState
2019-10-16 22:15:18,396 [grpc-default-executor-23] INFO  impl.RaftServerImpl (RaftServerImpl.java:setRole(184)) - d9e6ea44-93db-446f-8020-a94232284285@group-83CFD60236D8: changes role from  FOLLOWER to FOLLOWER at term 275 for recognizeCandidate:3989452c-7599-4156-9543-3fe544ced0f3
2019-10-16 22:15:18,396 [Thread-2615] INFO  impl.FollowerState (FollowerState.java:run(117)) - eec99a0c-e1b1-4518-bc49-9d1a8c8e04d5@group-83CFD60236D8-FollowerState was interrupted: java.lang.InterruptedException: sleep interrupted
2019-10-16 22:15:18,396 [grpc-default-executor-18] INFO  impl.RoleInfo (RoleInfo.java:updateAndGet(143)) - eec99a0c-e1b1-4518-bc49-9d1a8c8e04d5: start FollowerState
2019-10-16 22:15:18,396 [grpc-default-executor-23] INFO  impl.RoleInfo (RoleInfo.java:shutdownFollowerState(121)) - d9e6ea44-93db-446f-8020-a94232284285: shutdown FollowerState
2019-10-16 22:15:18,397 [grpc-default-executor-23] INFO  impl.RoleInfo (RoleInfo.java:updateAndGet(143)) - d9e6ea44-93db-446f-8020-a94232284285: start FollowerState
2019-10-16 22:15:18,397 [Thread-2616] INFO  impl.FollowerState (FollowerState.java:run(117)) - d9e6ea44-93db-446f-8020-a94232284285@group-83CFD60236D8-FollowerState was interrupted: java.lang.InterruptedException: sleep interrupted
2019-10-16 22:15:18,422 [3989452c-7599-4156-9543-3fe544ced0f3@group-83CFD60236D8-LeaderElection261] INFO  impl.LeaderElection (LeaderElection.java:logAndReturn(56)) - 3989452c-7599-4156-9543-3fe544ced0f3@group-83CFD60236D8-LeaderElection261: Election REJECTED; received 2 response(s) [3989452c-7599-4156-9543-3fe544ced0f3<-eec99a0c-e1b1-4518-bc49-9d1a8c8e04d5#0:FAIL-t275, 3989452c-7599-4156-9543-3fe544ced0f3<-d9e6ea44-93db-446f-8020-a94232284285#0:FAIL-t275] and 0 exception(s); 3989452c-7599-4156-9543-3fe544ced0f3@group-83CFD60236D8:t275, leader=null, voted=3989452c-7599-4156-9543-3fe544ced0f3, raftlog=3989452c-7599-4156-9543-3fe544ced0f3@group-83CFD60236D8-SegmentedRaftLog:OPENED:c-1,f-1,i0, conf=-1: [3989452c-7599-4156-9543-3fe544ced0f3:192.168.157.254:36320, eec99a0c-e1b1-4518-bc49-9d1a8c8e04d5:192.168.157.254:45598, d9e6ea44-93db-446f-8020-a94232284285:192.168.157.254:41671], old=null
2019-10-16 22:15:18,423 [3989452c-7599-4156-9543-3fe544ced0f3@group-83CFD60236D8-LeaderElection261] INFO  impl.RaftServerImpl (RaftServerImpl.java:setRole(184)) - 3989452c-7599-4156-9543-3fe544ced0f3@group-83CFD60236D8: changes role from CANDIDATE to FOLLOWER at term 275 for DISCOVERED_A_NEW_TERM
2019-10-16 22:15:18,423 [3989452c-7599-4156-9543-3fe544ced0f3@group-83CFD60236D8-LeaderElection261] INFO  impl.RoleInfo (RoleInfo.java:shutdownLeaderElection(134)) - 3989452c-7599-4156-9543-3fe544ced0f3: shutdown LeaderElection
2019-10-16 22:15:18,423 [3989452c-7599-4156-9543-3fe544ced0f3@group-83CFD60236D8-LeaderElection261] INFO  impl.RoleInfo (RoleInfo.java:updateAndGet(143)) - 3989452c-7599-4156-9543-3fe544ced0f3: start FollowerState
2019-10-16 22:15:18,425 [Thread-2623] INFO  impl.FollowerState (FollowerState.java:run(108)) - 3989452c-7599-4156-9543-3fe544ced0f3@group-83CFD60236D8-FollowerState: change to CANDIDATE, lastRpcTime:2ms, electionTimeout:2ms
2019-10-16 22:15:18,425 [Thread-2623] INFO  impl.RoleInfo (RoleInfo.java:shutdownFollowerState(121)) - 3989452c-7599-4156-9543-3fe544ced0f3: shutdown FollowerState
2019-10-16 22:15:18,425 [Thread-2623] INFO  impl.RaftServerImpl (RaftServerImpl.java:setRole(184)) - 3989452c-7599-4156-9543-3fe544ced0f3@group-83CFD60236D8: changes role from  FOLLOWER to CANDIDATE at term 275 for changeToCandidate
2019-10-16 22:15:18,426 [Thread-2623] INFO  impl.RoleInfo (RoleInfo.java:updateAndGet(143)) - 3989452c-7599-4156-9543-3fe544ced0f3: start LeaderElection
2019-10-16 22:15:18,438 [3989452c-7599-4156-9543-3fe544ced0f3@group-83CFD60236D8-LeaderElection262] INFO  impl.LeaderElection (LeaderElection.java:askForVotes(178)) - 3989452c-7599-4156-9543-3fe544ced0f3@group-83CFD60236D8-LeaderElection262: begin an election at term 276 for -1: [3989452c-7599-4156-9543-3fe544ced0f3:192.168.157.254:36320, eec99a0c-e1b1-4518-bc49-9d1a8c8e04d5:192.168.157.254:45598, d9e6ea44-93db-446f-8020-a94232284285:192.168.157.254:41671], old=null
2019-10-16 22:15:18,440 [grpc-default-executor-23] INFO  impl.RaftServerImpl (RaftServerImpl.java:setRole(184)) - eec99a0c-e1b1-4518-bc49-9d1a8c8e04d5@group-83CFD60236D8: changes role from  FOLLOWER to FOLLOWER at term 276 for recognizeCandidate:3989452c-7599-4156-9543-3fe544ced0f3
2019-10-16 22:15:18,440 [grpc-default-executor-23] INFO  impl.RoleInfo (RoleInfo.java:shutdownFollowerState(121)) - eec99a0c-e1b1-4518-bc49-9d1a8c8e04d5: shutdown FollowerState
2019-10-16 22:15:18,440 [grpc-default-executor-18] INFO  impl.RaftServerImpl (RaftServerImpl.java:setRole(184)) - d9e6ea44-93db-446f-8020-a94232284285@group-83CFD60236D8: changes role from  FOLLOWER to FOLLOWER at term 276 for recognizeCandidate:3989452c-7599-4156-9543-3fe544ced0f3
2019-10-16 22:15:18,440 [grpc-default-executor-18] INFO  impl.RoleInfo (RoleInfo.java:shutdownFollowerState(121)) - d9e6ea44-93db-446f-8020-a94232284285: shutdown FollowerState
2019-10-16 22:15:18,440 [grpc-default-executor-18] INFO  impl.RoleInfo (RoleInfo.java:updateAndGet(143)) - d9e6ea44-93db-446f-8020-a94232284285: start FollowerState
2019-10-16 22:15:18,440 [Thread-2621] INFO  impl.FollowerState (FollowerState.java:run(117)) - eec99a0c-e1b1-4518-bc49-9d1a8c8e04d5@group-83CFD60236D8-FollowerState was interrupted: java.lang.InterruptedException: sleep interrupted
2019-10-16 22:15:18,440 [grpc-default-executor-23] INFO  impl.RoleInfo (RoleInfo.java:updateAndGet(143)) - eec99a0c-e1b1-4518-bc49-9d1a8c8e04d5: start FollowerState
2019-10-16 22:15:18,440 [Thread-2622] INFO  impl.FollowerState (FollowerState.java:run(117)) - d9e6ea44-93db-446f-8020-a94232284285@group-83CFD60236D8-FollowerState was interrupted: java.lang.InterruptedException: sleep interrupted
2019-10-16 22:15:18,466 [3989452c-7599-4156-9543-3fe544ced0f3@group-83CFD60236D8-LeaderElection262] INFO  impl.LeaderElection (LeaderElection.java:logAndReturn(56)) - 3989452c-7599-4156-9543-3fe544ced0f3@group-83CFD60236D8-LeaderElection262: Election REJECTED; received 2 response(s) [3989452c-7599-4156-9543-3fe544ced0f3<-eec99a0c-e1b1-4518-bc49-9d1a8c8e04d5#0:FAIL-t276, 3989452c-7599-4156-9543-3fe544ced0f3<-d9e6ea44-93db-446f-8020-a94232284285#0:FAIL-t276] and 0 exception(s); 3989452c-7599-4156-9543-3fe544ced0f3@group-83CFD60236D8:t276, leader=null, voted=3989452c-7599-4156-9543-3fe544ced0f3, raftlog=3989452c-7599-4156-9543-3fe544ced0f3@group-83CFD60236D8-SegmentedRaftLog:OPENED:c-1,f-1,i0, conf=-1: [3989452c-7599-4156-9543-3fe544ced0f3:192.168.157.254:36320, eec99a0c-e1b1-4518-bc49-9d1a8c8e04d5:192.168.157.254:45598, d9e6ea44-93db-446f-8020-a94232284285:192.168.157.254:41671], old=null
2019-10-16 22:15:18,466 [3989452c-7599-4156-9543-3fe544ced0f3@group-83CFD60236D8-LeaderElection262] INFO  impl.RaftServerImpl (RaftServerImpl.java:setRole(184)) - 3989452c-7599-4156-9543-3fe544ced0f3@group-83CFD60236D8: changes role from CANDIDATE to FOLLOWER at term 276 for DISCOVERED_A_NEW_TERM
2019-10-16 22:15:18,467 [3989452c-7599-4156-9543-3fe544ced0f3@group-83CFD60236D8-LeaderElection262] INFO  impl.RoleInfo (RoleInfo.java:shutdownLeaderElection(134)) - 3989452c-7599-4156-9543-3fe544ced0f3: shutdown LeaderElection
2019-10-16 22:15:18,467 [3989452c-7599-4156-9543-3fe544ced0f3@group-83CFD60236D8-LeaderElection262] INFO  impl.RoleInfo (RoleInfo.java:updateAndGet(143)) - 3989452c-7599-4156-9543-3fe544ced0f3: start FollowerState
2019-10-16 22:15:18,650 [Thread-2629] INFO  impl.FollowerState (FollowerState.java:run(108)) - 3989452c-7599-4156-9543-3fe544ced0f3@group-83CFD60236D8-FollowerState: change to CANDIDATE, lastRpcTime:183ms, electionTimeout:183ms
2019-10-16 22:15:18,650 [Thread-2629] INFO  impl.RoleInfo (RoleInfo.java:shutdownFollowerState(121)) - 3989452c-7599-4156-9543-3fe544ced0f3: shutdown FollowerState
2019-10-16 22:15:18,650 [Thread-2629] INFO  impl.RaftServerImpl (RaftServerImpl.java:setRole(184)) - 3989452c-7599-4156-9543-3fe544ced0f3@group-83CFD60236D8: changes role from  FOLLOWER to CANDIDATE at term 276 for changeToCandidate
2019-10-16 22:15:18,651 [Thread-2629] INFO  impl.RoleInfo (RoleInfo.java:updateAndGet(143)) - 3989452c-7599-4156-9543-3fe544ced0f3: start LeaderElection
2019-10-16 22:15:18,677 [3989452c-7599-4156-9543-3fe544ced0f3@group-83CFD60236D8-LeaderElection263] INFO  impl.LeaderElection (LeaderElection.java:askForVotes(178)) - 3989452c-7599-4156-9543-3fe544ced0f3@group-83CFD60236D8-LeaderElection263: begin an election at term 277 for -1: [3989452c-7599-4156-9543-3fe544ced0f3:192.168.157.254:36320, eec99a0c-e1b1-4518-bc49-9d1a8c8e04d5:192.168.157.254:45598, d9e6ea44-93db-446f-8020-a94232284285:192.168.157.254:41671], old=null
2019-10-16 22:15:18,678 [3989452c-7599-4156-9543-3fe544ced0f3@group-83CFD60236D8-LeaderElection263] INFO  impl.LeaderElection (LeaderElection.java:logAndReturn(56)) - 3989452c-7599-4156-9543-3fe544ced0f3@group-83CFD60236D8-LeaderElection263: Election TIMEOUT; received 0 response(s) [] and 0 exception(s); 3989452c-7599-4156-9543-3fe544ced0f3@group-83CFD60236D8:t277, leader=null, voted=3989452c-7599-4156-9543-3fe544ced0f3, raftlog=3989452c-7599-4156-9543-3fe544ced0f3@group-83CFD60236D8-SegmentedRaftLog:OPENED:c-1,f-1,i0, conf=-1: [3989452c-7599-4156-9543-3fe544ced0f3:192.168.157.254:36320, eec99a0c-e1b1-4518-bc49-9d1a8c8e04d5:192.168.157.254:45598, d9e6ea44-93db-446f-8020-a94232284285:192.168.157.254:41671], old=null
2019-10-16 22:15:18,678 [grpc-default-executor-18] INFO  impl.RaftServerImpl (RaftServerImpl.java:setRole(184)) - eec99a0c-e1b1-4518-bc49-9d1a8c8e04d5@group-83CFD60236D8: changes role from  FOLLOWER to FOLLOWER at term 277 for recognizeCandidate:3989452c-7599-4156-9543-3fe544ced0f3
2019-10-16 22:15:18,679 [grpc-default-executor-23] INFO  impl.RaftServerImpl (RaftServerImpl.java:setRole(184)) - d9e6ea44-93db-446f-8020-a94232284285@group-83CFD60236D8: changes role from  FOLLOWER to FOLLOWER at term 277 for recognizeCandidate:3989452c-7599-4156-9543-3fe544ced0f3
2019-10-16 22:15:18,679 [grpc-default-executor-18] INFO  impl.RoleInfo (RoleInfo.java:shutdownFollowerState(121)) - eec99a0c-e1b1-4518-bc49-9d1a8c8e04d5: shutdown FollowerState
2019-10-16 22:15:18,679 [grpc-default-executor-23] INFO  impl.RoleInfo (RoleInfo.java:shutdownFollowerState(121)) - d9e6ea44-93db-446f-8020-a94232284285: shutdown FollowerState
2019-10-16 22:15:18,679 [Thread-2627] INFO  impl.FollowerState (FollowerState.java:run(117)) - eec99a0c-e1b1-4518-bc49-9d1a8c8e04d5@group-83CFD60236D8-FollowerState was interrupted: java.lang.InterruptedException: sleep interrupted
2019-10-16 22:15:18,679 [grpc-default-executor-18] INFO  impl.RoleInfo (RoleInfo.java:updateAndGet(143)) - eec99a0c-e1b1-4518-bc49-9d1a8c8e04d5: start FollowerState
2019-10-16 22:15:18,679 [Thread-2628] INFO  impl.FollowerState (FollowerState.java:run(117)) - d9e6ea44-93db-446f-8020-a94232284285@group-83CFD60236D8-FollowerState was interrupted: java.lang.InterruptedException: sleep interrupted
2019-10-16 22:15:18,679 [grpc-default-executor-23] INFO  impl.RoleInfo (RoleInfo.java:updateAndGet(143)) - d9e6ea44-93db-446f-8020-a94232284285: start FollowerState
2019-10-16 22:15:18,692 [3989452c-7599-4156-9543-3fe544ced0f3@group-83CFD60236D8-LeaderElection263] INFO  impl.LeaderElection (LeaderElection.java:askForVotes(178)) - 3989452c-7599-4156-9543-3fe544ced0f3@group-83CFD60236D8-LeaderElection263: begin an election at term 278 for -1: [3989452c-7599-4156-9543-3fe544ced0f3:192.168.157.254:36320, eec99a0c-e1b1-4518-bc49-9d1a8c8e04d5:192.168.157.254:45598, d9e6ea44-93db-446f-8020-a94232284285:192.168.157.254:41671], old=null
2019-10-16 22:15:18,693 [grpc-default-executor-23] INFO  impl.RaftServerImpl (RaftServerImpl.java:setRole(184)) - eec99a0c-e1b1-4518-bc49-9d1a8c8e04d5@group-83CFD60236D8: changes role from  FOLLOWER to FOLLOWER at term 278 for recognizeCandidate:3989452c-7599-4156-9543-3fe544ced0f3
2019-10-16 22:15:18,693 [grpc-default-executor-23] INFO  impl.RoleInfo (RoleInfo.java:shutdownFollowerState(121)) - eec99a0c-e1b1-4518-bc49-9d1a8c8e04d5: shutdown FollowerState
2019-10-16 22:15:18,694 [grpc-default-executor-18] INFO  impl.RaftServerImpl (RaftServerImpl.java:setRole(184)) - d9e6ea44-93db-446f-8020-a94232284285@group-83CFD60236D8: changes role from  FOLLOWER to FOLLOWER at term 278 for recognizeCandidate:3989452c-7599-4156-9543-3fe544ced0f3
2019-10-16 22:15:18,694 [grpc-default-executor-18] INFO  impl.RoleInfo (RoleInfo.java:shutdownFollowerState(121)) - d9e6ea44-93db-446f-8020-a94232284285: shutdown FollowerState
2019-10-16 22:15:18,694 [Thread-2633] INFO  impl.FollowerState (FollowerState.java:run(117)) - eec99a0c-e1b1-4518-bc49-9d1a8c8e04d5@group-83CFD60236D8-FollowerState was interrupted: java.lang.InterruptedException: sleep interrupted
2019-10-16 22:15:18,694 [grpc-default-executor-23] INFO  impl.RoleInfo (RoleInfo.java:updateAndGet(143)) - eec99a0c-e1b1-4518-bc49-9d1a8c8e04d5: start FollowerState
2019-10-16 22:15:18,694 [grpc-default-executor-18] INFO  impl.RoleInfo (RoleInfo.java:updateAndGet(143)) - d9e6ea44-93db-446f-8020-a94232284285: start FollowerState
2019-10-16 22:15:18,694 [Thread-2634] INFO  impl.FollowerState (FollowerState.java:run(117)) - d9e6ea44-93db-446f-8020-a94232284285@group-83CFD60236D8-FollowerState was interrupted: java.lang.InterruptedException: sleep interrupted
2019-10-16 22:15:18,709 [3989452c-7599-4156-9543-3fe544ced0f3@group-83CFD60236D8-LeaderElection263] INFO  impl.LeaderElection (LeaderElection.java:logAndReturn(56)) - 3989452c-7599-4156-9543-3fe544ced0f3@group-83CFD60236D8-LeaderElection263: Election REJECTED; received 2 response(s) [3989452c-7599-4156-9543-3fe544ced0f3<-eec99a0c-e1b1-4518-bc49-9d1a8c8e04d5#0:FAIL-t278, 3989452c-7599-4156-9543-3fe544ced0f3<-d9e6ea44-93db-446f-8020-a94232284285#0:FAIL-t278] and 0 exception(s); 3989452c-7599-4156-9543-3fe544ced0f3@group-83CFD60236D8:t278, leader=null, voted=3989452c-7599-4156-9543-3fe544ced0f3, raftlog=3989452c-7599-4156-9543-3fe544ced0f3@group-83CFD60236D8-SegmentedRaftLog:OPENED:c-1,f-1,i0, conf=-1: [3989452c-7599-4156-9543-3fe544ced0f3:192.168.157.254:36320, eec99a0c-e1b1-4518-bc49-9d1a8c8e04d5:192.168.157.254:45598, d9e6ea44-93db-446f-8020-a94232284285:192.168.157.254:41671], old=null
2019-10-16 22:15:18,709 [3989452c-7599-4156-9543-3fe544ced0f3@group-83CFD60236D8-LeaderElection263] INFO  impl.RaftServerImpl (RaftServerImpl.java:setRole(184)) - 3989452c-7599-4156-9543-3fe544ced0f3@group-83CFD60236D8: changes role from CANDIDATE to FOLLOWER at term 278 for DISCOVERED_A_NEW_TERM
2019-10-16 22:15:18,709 [3989452c-7599-4156-9543-3fe544ced0f3@group-83CFD60236D8-LeaderElection263] INFO  impl.RoleInfo (RoleInfo.java:shutdownLeaderElection(134)) - 3989452c-7599-4156-9543-3fe544ced0f3: shutdown LeaderElection
2019-10-16 22:15:18,709 [3989452c-7599-4156-9543-3fe544ced0f3@group-83CFD60236D8-LeaderElection263] INFO  impl.RoleInfo (RoleInfo.java:updateAndGet(143)) - 3989452c-7599-4156-9543-3fe544ced0f3: start FollowerState
2019-10-16 22:15:18,841 [Thread-2639] INFO  impl.FollowerState (FollowerState.java:run(108)) - 3989452c-7599-4156-9543-3fe544ced0f3@group-83CFD60236D8-FollowerState: change to CANDIDATE, lastRpcTime:131ms, electionTimeout:131ms
2019-10-16 22:15:18,841 [Thread-2639] INFO  impl.RoleInfo (RoleInfo.java:shutdownFollowerState(121)) - 3989452c-7599-4156-9543-3fe544ced0f3: shutdown FollowerState
2019-10-16 22:15:18,841 [Thread-2639] INFO  impl.RaftServerImpl (RaftServerImpl.java:setRole(184)) - 3989452c-7599-4156-9543-3fe544ced0f3@group-83CFD60236D8: changes role from  FOLLOWER to CANDIDATE at term 278 for changeToCandidate
2019-10-16 22:15:18,841 [Thread-2639] INFO  impl.RoleInfo (RoleInfo.java:updateAndGet(143)) - 3989452c-7599-4156-9543-3fe544ced0f3: start LeaderElection
2019-10-16 22:15:18,866 [3989452c-7599-4156-9543-3fe544ced0f3@group-83CFD60236D8-LeaderElection264] INFO  impl.LeaderElection (LeaderElection.java:askForVotes(178)) - 3989452c-7599-4156-9543-3fe544ced0f3@group-83CFD60236D8-LeaderElection264: begin an election at term 279 for -1: [3989452c-7599-4156-9543-3fe544ced0f3:192.168.157.254:36320, eec99a0c-e1b1-4518-bc49-9d1a8c8e04d5:192.168.157.254:45598, d9e6ea44-93db-446f-8020-a94232284285:192.168.157.254:41671], old=null
2019-10-16 22:15:18,868 [grpc-default-executor-23] INFO  impl.RaftServerImpl (RaftServerImpl.java:setRole(184)) - d9e6ea44-93db-446f-8020-a94232284285@group-83CFD60236D8: changes role from  FOLLOWER to FOLLOWER at term 279 for recognizeCandidate:3989452c-7599-4156-9543-3fe544ced0f3
2019-10-16 22:15:18,868 [grpc-default-executor-18] INFO  impl.RaftServerImpl (RaftServerImpl.java:setRole(184)) - eec99a0c-e1b1-4518-bc49-9d1a8c8e04d5@group-83CFD60236D8: changes role from  FOLLOWER to FOLLOWER at term 279 for recognizeCandidate:3989452c-7599-4156-9543-3fe544ced0f3
2019-10-16 22:15:18,868 [grpc-default-executor-23] INFO  impl.RoleInfo (RoleInfo.java:shutdownFollowerState(121)) - d9e6ea44-93db-446f-8020-a94232284285: shutdown FollowerState
2019-10-16 22:15:18,868 [grpc-default-executor-18] INFO  impl.RoleInfo (RoleInfo.java:shutdownFollowerState(121)) - eec99a0c-e1b1-4518-bc49-9d1a8c8e04d5: shutdown FollowerState
2019-10-16 22:15:18,869 [Thread-2638] INFO  impl.FollowerState (FollowerState.java:run(117)) - d9e6ea44-93db-446f-8020-a94232284285@group-83CFD60236D8-FollowerState was interrupted: java.lang.InterruptedException: sleep interrupted
2019-10-16 22:15:18,869 [grpc-default-executor-23] INFO  impl.RoleInfo (RoleInfo.java:updateAndGet(143)) - d9e6ea44-93db-446f-8020-a94232284285: start FollowerState
2019-10-16 22:15:18,869 [Thread-2637] INFO  impl.FollowerState (FollowerState.java:run(117)) - eec99a0c-e1b1-4518-bc49-9d1a8c8e04d5@group-83CFD60236D8-FollowerState was interrupted: java.lang.InterruptedException: sleep interrupted
2019-10-16 22:15:18,869 [grpc-default-executor-18] INFO  impl.RoleInfo (RoleInfo.java:updateAndGet(143)) - eec99a0c-e1b1-4518-bc49-9d1a8c8e04d5: start FollowerState
2019-10-16 22:15:18,889 [3989452c-7599-4156-9543-3fe544ced0f3@group-83CFD60236D8-LeaderElection264] INFO  impl.LeaderElection (LeaderElection.java:logAndReturn(56)) - 3989452c-7599-4156-9543-3fe544ced0f3@group-83CFD60236D8-LeaderElection264: Election REJECTED; received 2 response(s) [3989452c-7599-4156-9543-3fe544ced0f3<-eec99a0c-e1b1-4518-bc49-9d1a8c8e04d5#0:FAIL-t279, 3989452c-7599-4156-9543-3fe544ced0f3<-d9e6ea44-93db-446f-8020-a94232284285#0:FAIL-t279] and 0 exception(s); 3989452c-7599-4156-9543-3fe544ced0f3@group-83CFD60236D8:t279, leader=null, voted=3989452c-7599-4156-9543-3fe544ced0f3, raftlog=3989452c-7599-4156-9543-3fe544ced0f3@group-83CFD60236D8-SegmentedRaftLog:OPENED:c-1,f-1,i0, conf=-1: [3989452c-7599-4156-9543-3fe544ced0f3:192.168.157.254:36320, eec99a0c-e1b1-4518-bc49-9d1a8c8e04d5:192.168.157.254:45598, d9e6ea44-93db-446f-8020-a94232284285:192.168.157.254:41671], old=null
2019-10-16 22:15:18,889 [3989452c-7599-4156-9543-3fe544ced0f3@group-83CFD60236D8-LeaderElection264] INFO  impl.RaftServerImpl (RaftServerImpl.java:setRole(184)) - 3989452c-7599-4156-9543-3fe544ced0f3@group-83CFD60236D8: changes role from CANDIDATE to FOLLOWER at term 279 for DISCOVERED_A_NEW_TERM
2019-10-16 22:15:18,890 [3989452c-7599-4156-9543-3fe544ced0f3@group-83CFD60236D8-LeaderElection264] INFO  impl.RoleInfo (RoleInfo.java:shutdownLeaderElection(134)) - 3989452c-7599-4156-9543-3fe544ced0f3: shutdown LeaderElection
2019-10-16 22:15:18,890 [3989452c-7599-4156-9543-3fe544ced0f3@group-83CFD60236D8-LeaderElection264] INFO  impl.RoleInfo (RoleInfo.java:updateAndGet(143)) - 3989452c-7599-4156-9543-3fe544ced0f3: start FollowerState
2019-10-16 22:15:19,034 [Thread-2645] INFO  impl.FollowerState (FollowerState.java:run(108)) - 3989452c-7599-4156-9543-3fe544ced0f3@group-83CFD60236D8-FollowerState: change to CANDIDATE, lastRpcTime:144ms, electionTimeout:144ms
2019-10-16 22:15:19,035 [Thread-2645] INFO  impl.RoleInfo (RoleInfo.java:shutdownFollowerState(121)) - 3989452c-7599-4156-9543-3fe544ced0f3: shutdown FollowerState
2019-10-16 22:15:19,035 [Thread-2645] INFO  impl.RaftServerImpl (RaftServerImpl.java:setRole(184)) - 3989452c-7599-4156-9543-3fe544ced0f3@group-83CFD60236D8: changes role from  FOLLOWER to CANDIDATE at term 279 for changeToCandidate
2019-10-16 22:15:19,035 [Thread-2645] INFO  impl.RoleInfo (RoleInfo.java:updateAndGet(143)) - 3989452c-7599-4156-9543-3fe544ced0f3: start LeaderElection
 0.00% |?                                                                                                    |  0/1 Time: 0:06:352019-10-16 22:15:19,061 [3989452c-7599-4156-9543-3fe544ced0f3@group-83CFD60236D8-LeaderElection265] INFO  impl.LeaderElection (LeaderElection.java:askForVotes(178)) - 3989452c-7599-4156-9543-3fe544ced0f3@group-83CFD60236D8-LeaderElection265: begin an election at term 280 for -1: [3989452c-7599-4156-9543-3fe544ced0f3:192.168.157.254:36320, eec99a0c-e1b1-4518-bc49-9d1a8c8e04d5:192.168.157.254:45598, d9e6ea44-93db-446f-8020-a94232284285:192.168.157.254:41671], old=null
2019-10-16 22:15:19,063 [grpc-default-executor-23] INFO  impl.RaftServerImpl (RaftServerImpl.java:setRole(184)) - eec99a0c-e1b1-4518-bc49-9d1a8c8e04d5@group-83CFD60236D8: changes role from  FOLLOWER to FOLLOWER at term 280 for recognizeCandidate:3989452c-7599-4156-9543-3fe544ced0f3
2019-10-16 22:15:19,063 [grpc-default-executor-23] INFO  impl.RoleInfo (RoleInfo.java:shutdownFollowerState(121)) - eec99a0c-e1b1-4518-bc49-9d1a8c8e04d5: shutdown FollowerState
2019-10-16 22:15:19,063 [grpc-default-executor-18] INFO  impl.RaftServerImpl (RaftServerImpl.java:setRole(184)) - d9e6ea44-93db-446f-8020-a94232284285@group-83CFD60236D8: changes role from  FOLLOWER to FOLLOWER at term 280 for recognizeCandidate:3989452c-7599-4156-9543-3fe544ced0f3
2019-10-16 22:15:19,064 [grpc-default-executor-18] INFO  impl.RoleInfo (RoleInfo.java:shutdownFollowerState(121)) - d9e6ea44-93db-446f-8020-a94232284285: shutdown FollowerState
2019-10-16 22:15:19,064 [Thread-2644] INFO  impl.FollowerState (FollowerState.java:run(117)) - eec99a0c-e1b1-4518-bc49-9d1a8c8e04d5@group-83CFD60236D8-FollowerState was interrupted: java.lang.InterruptedException: sleep interrupted
2019-10-16 22:15:19,063 [grpc-default-executor-23] INFO  impl.RoleInfo (RoleInfo.java:updateAndGet(143)) - eec99a0c-e1b1-4518-bc49-9d1a8c8e04d5: start FollowerState
2019-10-16 22:15:19,064 [Thread-2643] INFO  impl.FollowerState (FollowerState.java:run(117)) - d9e6ea44-93db-446f-8020-a94232284285@group-83CFD60236D8-FollowerState was interrupted: java.lang.InterruptedException: sleep interrupted
2019-10-16 22:15:19,064 [grpc-default-executor-18] INFO  impl.RoleInfo (RoleInfo.java:updateAndGet(143)) - d9e6ea44-93db-446f-8020-a94232284285: start FollowerState
2019-10-16 22:15:19,090 [3989452c-7599-4156-9543-3fe544ced0f3@group-83CFD60236D8-LeaderElection265] INFO  impl.LeaderElection (LeaderElection.java:logAndReturn(56)) - 3989452c-7599-4156-9543-3fe544ced0f3@group-83CFD60236D8-LeaderElection265: Election REJECTED; received 2 response(s) [3989452c-7599-4156-9543-3fe544ced0f3<-eec99a0c-e1b1-4518-bc49-9d1a8c8e04d5#0:FAIL-t280, 3989452c-7599-4156-9543-3fe544ced0f3<-d9e6ea44-93db-446f-8020-a94232284285#0:FAIL-t280] and 0 exception(s); 3989452c-7599-4156-9543-3fe544ced0f3@group-83CFD60236D8:t280, leader=null, voted=3989452c-7599-4156-9543-3fe544ced0f3, raftlog=3989452c-7599-4156-9543-3fe544ced0f3@group-83CFD60236D8-SegmentedRaftLog:OPENED:c-1,f-1,i0, conf=-1: [3989452c-7599-4156-9543-3fe544ced0f3:192.168.157.254:36320, eec99a0c-e1b1-4518-bc49-9d1a8c8e04d5:192.168.157.254:45598, d9e6ea44-93db-446f-8020-a94232284285:192.168.157.254:41671], old=null
2019-10-16 22:15:19,091 [3989452c-7599-4156-9543-3fe544ced0f3@group-83CFD60236D8-LeaderElection265] INFO  impl.RaftServerImpl (RaftServerImpl.java:setRole(184)) - 3989452c-7599-4156-9543-3fe544ced0f3@group-83CFD60236D8: changes role from CANDIDATE to FOLLOWER at term 280 for DISCOVERED_A_NEW_TERM
2019-10-16 22:15:19,091 [3989452c-7599-4156-9543-3fe544ced0f3@group-83CFD60236D8-LeaderElection265] INFO  impl.RoleInfo (RoleInfo.java:shutdownLeaderElection(134)) - 3989452c-7599-4156-9543-3fe544ced0f3: shutdown LeaderElection
2019-10-16 22:15:19,091 [3989452c-7599-4156-9543-3fe544ced0f3@group-83CFD60236D8-LeaderElection265] INFO  impl.RoleInfo (RoleInfo.java:updateAndGet(143)) - 3989452c-7599-4156-9543-3fe544ced0f3: start FollowerState
2019-10-16 22:15:19,144 [Thread-2651] INFO  impl.FollowerState (FollowerState.java:run(108)) - 3989452c-7599-4156-9543-3fe544ced0f3@group-83CFD60236D8-FollowerState: change to CANDIDATE, lastRpcTime:53ms, electionTimeout:53ms
2019-10-16 22:15:19,144 [Thread-2651] INFO  impl.RoleInfo (RoleInfo.java:shutdownFollowerState(121)) - 3989452c-7599-4156-9543-3fe544ced0f3: shutdown FollowerState
2019-10-16 22:15:19,145 [Thread-2651] INFO  impl.RaftServerImpl (RaftServerImpl.java:setRole(184)) - 3989452c-7599-4156-9543-3fe544ced0f3@group-83CFD60236D8: changes role from  FOLLOWER to CANDIDATE at term 280 for changeToCandidate
2019-10-16 22:15:19,145 [Thread-2651] INFO  impl.RoleInfo (RoleInfo.java:updateAndGet(143)) - 3989452c-7599-4156-9543-3fe544ced0f3: start LeaderElection
2019-10-16 22:15:19,187 [3989452c-7599-4156-9543-3fe544ced0f3@group-83CFD60236D8-LeaderElection266] INFO  impl.LeaderElection (LeaderElection.java:askForVotes(178)) - 3989452c-7599-4156-9543-3fe544ced0f3@group-83CFD60236D8-LeaderElection266: begin an election at term 281 for -1: [3989452c-7599-4156-9543-3fe544ced0f3:192.168.157.254:36320, eec99a0c-e1b1-4518-bc49-9d1a8c8e04d5:192.168.157.254:45598, d9e6ea44-93db-446f-8020-a94232284285:192.168.157.254:41671], old=null
2019-10-16 22:15:19,189 [grpc-default-executor-18] INFO  impl.RaftServerImpl (RaftServerImpl.java:setRole(184)) - eec99a0c-e1b1-4518-bc49-9d1a8c8e04d5@group-83CFD60236D8: changes role from  FOLLOWER to FOLLOWER at term 281 for recognizeCandidate:3989452c-7599-4156-9543-3fe544ced0f3
2019-10-16 22:15:19,189 [grpc-default-executor-18] INFO  impl.RoleInfo (RoleInfo.java:shutdownFollowerState(121)) - eec99a0c-e1b1-4518-bc49-9d1a8c8e04d5: shutdown FollowerState
2019-10-16 22:15:19,190 [grpc-default-executor-18] INFO  impl.RoleInfo (RoleInfo.java:updateAndGet(143)) - eec99a0c-e1b1-4518-bc49-9d1a8c8e04d5: start FollowerState
2019-10-16 22:15:19,190 [Thread-2649] INFO  impl.FollowerState (FollowerState.java:run(117)) - eec99a0c-e1b1-4518-bc49-9d1a8c8e04d5@group-83CFD60236D8-FollowerState was interrupted: java.lang.InterruptedException: sleep interrupted
2019-10-16 22:15:19,190 [grpc-default-executor-23] INFO  impl.RaftServerImpl (RaftServerImpl.java:setRole(184)) - d9e6ea44-93db-446f-8020-a94232284285@group-83CFD60236D8: changes role from  FOLLOWER to FOLLOWER at term 281 for recognizeCandidate:3989452c-7599-4156-9543-3fe544ced0f3
2019-10-16 22:15:19,190 [grpc-default-executor-23] INFO  impl.RoleInfo (RoleInfo.java:shutdownFollowerState(121)) - d9e6ea44-93db-446f-8020-a94232284285: shutdown FollowerState
2019-10-16 22:15:19,190 [grpc-default-executor-23] INFO  impl.RoleInfo (RoleInfo.java:updateAndGet(143)) - d9e6ea44-93db-446f-8020-a94232284285: start FollowerState
2019-10-16 22:15:19,190 [Thread-2650] INFO  impl.FollowerState (FollowerState.java:run(117)) - d9e6ea44-93db-446f-8020-a94232284285@group-83CFD60236D8-FollowerState was interrupted: java.lang.InterruptedException: sleep interrupted
2019-10-16 22:15:19,217 [3989452c-7599-4156-9543-3fe544ced0f3@group-83CFD60236D8-LeaderElection266] INFO  impl.LeaderElection (LeaderElection.java:logAndReturn(56)) - 3989452c-7599-4156-9543-3fe544ced0f3@group-83CFD60236D8-LeaderElection266: Election REJECTED; received 2 response(s) [3989452c-7599-4156-9543-3fe544ced0f3<-eec99a0c-e1b1-4518-bc49-9d1a8c8e04d5#0:FAIL-t281, 3989452c-7599-4156-9543-3fe544ced0f3<-d9e6ea44-93db-446f-8020-a94232284285#0:FAIL-t281] and 0 exception(s); 3989452c-7599-4156-9543-3fe544ced0f3@group-83CFD60236D8:t281, leader=null, voted=3989452c-7599-4156-9543-3fe544ced0f3, raftlog=3989452c-7599-4156-9543-3fe544ced0f3@group-83CFD60236D8-SegmentedRaftLog:OPENED:c-1,f-1,i0, conf=-1: [3989452c-7599-4156-9543-3fe544ced0f3:192.168.157.254:36320, eec99a0c-e1b1-4518-bc49-9d1a8c8e04d5:192.168.157.254:45598, d9e6ea44-93db-446f-8020-a94232284285:192.168.157.254:41671], old=null
2019-10-16 22:15:19,217 [3989452c-7599-4156-9543-3fe544ced0f3@group-83CFD60236D8-LeaderElection266] INFO  impl.RaftServerImpl (RaftServerImpl.java:setRole(184)) - 3989452c-7599-4156-9543-3fe544ced0f3@group-83CFD60236D8: changes role from CANDIDATE to FOLLOWER at term 281 for DISCOVERED_A_NEW_TERM
2019-10-16 22:15:19,217 [3989452c-7599-4156-9543-3fe544ced0f3@group-83CFD60236D8-LeaderElection266] INFO  impl.RoleInfo (RoleInfo.java:shutdownLeaderElection(134)) - 3989452c-7599-4156-9543-3fe544ced0f3: shutdown LeaderElection
2019-10-16 22:15:19,217 [3989452c-7599-4156-9543-3fe544ced0f3@group-83CFD60236D8-LeaderElection266] INFO  impl.RoleInfo (RoleInfo.java:updateAndGet(143)) - 3989452c-7599-4156-9543-3fe544ced0f3: start FollowerState
2019-10-16 22:15:19,386 [Thread-2657] INFO  impl.FollowerState (FollowerState.java:run(108)) - 3989452c-7599-4156-9543-3fe544ced0f3@group-83CFD60236D8-FollowerState: change to CANDIDATE, lastRpcTime:168ms, electionTimeout:168ms
2019-10-16 22:15:19,386 [Thread-2657] INFO  impl.RoleInfo (RoleInfo.java:shutdownFollowerState(121)) - 3989452c-7599-4156-9543-3fe544ced0f3: shutdown FollowerState
2019-10-16 22:15:19,386 [Thread-2657] INFO  impl.RaftServerImpl (RaftServerImpl.java:setRole(184)) - 3989452c-7599-4156-9543-3fe544ced0f3@group-83CFD60236D8: changes role from  FOLLOWER to CANDIDATE at term 281 for changeToCandidate
2019-10-16 22:15:19,386 [Thread-2657] INFO  impl.RoleInfo (RoleInfo.java:updateAndGet(143)) - 3989452c-7599-4156-9543-3fe544ced0f3: start LeaderElection
2019-10-16 22:15:19,400 [3989452c-7599-4156-9543-3fe544ced0f3@group-83CFD60236D8-LeaderElection267] INFO  impl.LeaderElection (LeaderElection.java:askForVotes(178)) - 3989452c-7599-4156-9543-3fe544ced0f3@group-83CFD60236D8-LeaderElection267: begin an election at term 282 for -1: [3989452c-7599-4156-9543-3fe544ced0f3:192.168.157.254:36320, eec99a0c-e1b1-4518-bc49-9d1a8c8e04d5:192.168.157.254:45598, d9e6ea44-93db-446f-8020-a94232284285:192.168.157.254:41671], old=null
2019-10-16 22:15:19,402 [grpc-default-executor-23] INFO  impl.RaftServerImpl (RaftServerImpl.java:setRole(184)) - eec99a0c-e1b1-4518-bc49-9d1a8c8e04d5@group-83CFD60236D8: changes role from  FOLLOWER to FOLLOWER at term 282 for recognizeCandidate:3989452c-7599-4156-9543-3fe544ced0f3
2019-10-16 22:15:19,402 [grpc-default-executor-23] INFO  impl.RoleInfo (RoleInfo.java:shutdownFollowerState(121)) - eec99a0c-e1b1-4518-bc49-9d1a8c8e04d5: shutdown FollowerState
2019-10-16 22:15:19,402 [grpc-default-executor-23] INFO  impl.RoleInfo (RoleInfo.java:updateAndGet(143)) - eec99a0c-e1b1-4518-bc49-9d1a8c8e04d5: start FollowerState
2019-10-16 22:15:19,402 [Thread-2655] INFO  impl.FollowerState (FollowerState.java:run(117)) - eec99a0c-e1b1-4518-bc49-9d1a8c8e04d5@group-83CFD60236D8-FollowerState was interrupted: java.lang.InterruptedException: sleep interrupted
2019-10-16 22:15:19,402 [grpc-default-executor-18] INFO  impl.RaftServerImpl (RaftServerImpl.java:setRole(184)) - d9e6ea44-93db-446f-8020-a94232284285@group-83CFD60236D8: changes role from  FOLLOWER to FOLLOWER at term 282 for recognizeCandidate:3989452c-7599-4156-9543-3fe544ced0f3
2019-10-16 22:15:19,402 [grpc-default-executor-18] INFO  impl.RoleInfo (RoleInfo.java:shutdownFollowerState(121)) - d9e6ea44-93db-446f-8020-a94232284285: shutdown FollowerState
2019-10-16 22:15:19,403 [grpc-default-executor-18] INFO  impl.RoleInfo (RoleInfo.java:updateAndGet(143)) - d9e6ea44-93db-446f-8020-a94232284285: start FollowerState
2019-10-16 22:15:19,403 [Thread-2656] INFO  impl.FollowerState (FollowerState.java:run(117)) - d9e6ea44-93db-446f-8020-a94232284285@group-83CFD60236D8-FollowerState was interrupted: java.lang.InterruptedException: sleep interrupted
2019-10-16 22:15:19,423 [3989452c-7599-4156-9543-3fe544ced0f3@group-83CFD60236D8-LeaderElection267] INFO  impl.LeaderElection (LeaderElection.java:logAndReturn(56)) - 3989452c-7599-4156-9543-3fe544ced0f3@group-83CFD60236D8-LeaderElection267: Election REJECTED; received 2 response(s) [3989452c-7599-4156-9543-3fe544ced0f3<-eec99a0c-e1b1-4518-bc49-9d1a8c8e04d5#0:FAIL-t282, 3989452c-7599-4156-9543-3fe544ced0f3<-d9e6ea44-93db-446f-8020-a94232284285#0:FAIL-t282] and 0 exception(s); 3989452c-7599-4156-9543-3fe544ced0f3@group-83CFD60236D8:t282, leader=null, voted=3989452c-7599-4156-9543-3fe544ced0f3, raftlog=3989452c-7599-4156-9543-3fe544ced0f3@group-83CFD60236D8-SegmentedRaftLog:OPENED:c-1,f-1,i0, conf=-1: [3989452c-7599-4156-9543-3fe544ced0f3:192.168.157.254:36320, eec99a0c-e1b1-4518-bc49-9d1a8c8e04d5:192.168.157.254:45598, d9e6ea44-93db-446f-8020-a94232284285:192.168.157.254:41671], old=null
2019-10-16 22:15:19,423 [3989452c-7599-4156-9543-3fe544ced0f3@group-83CFD60236D8-LeaderElection267] INFO  impl.RaftServerImpl (RaftServerImpl.java:setRole(184)) - 3989452c-7599-4156-9543-3fe544ced0f3@group-83CFD60236D8: changes role from CANDIDATE to FOLLOWER at term 282 for DISCOVERED_A_NEW_TERM
2019-10-16 22:15:19,423 [3989452c-7599-4156-9543-3fe544ced0f3@group-83CFD60236D8-LeaderElection267] INFO  impl.RoleInfo (RoleInfo.java:shutdownLeaderElection(134)) - 3989452c-7599-4156-9543-3fe544ced0f3: shutdown LeaderElection
2019-10-16 22:15:19,424 [3989452c-7599-4156-9543-3fe544ced0f3@group-83CFD60236D8-LeaderElection267] INFO  impl.RoleInfo (RoleInfo.java:updateAndGet(143)) - 3989452c-7599-4156-9543-3fe544ced0f3: start FollowerState
2019-10-16 22:15:19,594 [Thread-2665] INFO  impl.FollowerState (FollowerState.java:run(108)) - 3989452c-7599-4156-9543-3fe544ced0f3@group-83CFD60236D8-FollowerState: change to CANDIDATE, lastRpcTime:170ms, electionTimeout:170ms
2019-10-16 22:15:19,594 [Thread-2665] INFO  impl.RoleInfo (RoleInfo.java:shutdownFollowerState(121)) - 3989452c-7599-4156-9543-3fe544ced0f3: shutdown FollowerState
2019-10-16 22:15:19,594 [Thread-2665] INFO  impl.RaftServerImpl (RaftServerImpl.java:setRole(184)) - 3989452c-7599-4156-9543-3fe544ced0f3@group-83CFD60236D8: changes role from  FOLLOWER to CANDIDATE at term 282 for changeToCandidate
2019-10-16 22:15:19,594 [Thread-2665] INFO  impl.RoleInfo (RoleInfo.java:updateAndGet(143)) - 3989452c-7599-4156-9543-3fe544ced0f3: start LeaderElection
2019-10-16 22:15:19,608 [3989452c-7599-4156-9543-3fe544ced0f3@group-83CFD60236D8-LeaderElection268] INFO  impl.LeaderElection (LeaderElection.java:askForVotes(178)) - 3989452c-7599-4156-9543-3fe544ced0f3@group-83CFD60236D8-LeaderElection268: begin an election at term 283 for -1: [3989452c-7599-4156-9543-3fe544ced0f3:192.168.157.254:36320, eec99a0c-e1b1-4518-bc49-9d1a8c8e04d5:192.168.157.254:45598, d9e6ea44-93db-446f-8020-a94232284285:192.168.157.254:41671], old=null
2019-10-16 22:15:19,610 [grpc-default-executor-18] INFO  impl.RaftServerImpl (RaftServerImpl.java:setRole(184)) - eec99a0c-e1b1-4518-bc49-9d1a8c8e04d5@group-83CFD60236D8: changes role from  FOLLOWER to FOLLOWER at term 283 for recognizeCandidate:3989452c-7599-4156-9543-3fe544ced0f3
2019-10-16 22:15:19,610 [grpc-default-executor-23] INFO  impl.RaftServerImpl (RaftServerImpl.java:setRole(184)) - d9e6ea44-93db-446f-8020-a94232284285@group-83CFD60236D8: changes role from  FOLLOWER to FOLLOWER at term 283 for recognizeCandidate:3989452c-7599-4156-9543-3fe544ced0f3
2019-10-16 22:15:19,610 [grpc-default-executor-23] INFO  impl.RoleInfo (RoleInfo.java:shutdownFollowerState(121)) - d9e6ea44-93db-446f-8020-a94232284285: shutdown FollowerState
2019-10-16 22:15:19,610 [grpc-default-executor-18] INFO  impl.RoleInfo (RoleInfo.java:shutdownFollowerState(121)) - eec99a0c-e1b1-4518-bc49-9d1a8c8e04d5: shutdown FollowerState
2019-10-16 22:15:19,610 [Thread-2664] INFO  impl.FollowerState (FollowerState.java:run(117)) - d9e6ea44-93db-446f-8020-a94232284285@group-83CFD60236D8-FollowerState was interrupted: java.lang.InterruptedException: sleep interrupted
2019-10-16 22:15:19,610 [grpc-default-executor-23] INFO  impl.RoleInfo (RoleInfo.java:updateAndGet(143)) - d9e6ea44-93db-446f-8020-a94232284285: start FollowerState
2019-10-16 22:15:19,610 [Thread-2663] INFO  impl.FollowerState (FollowerState.java:run(117)) - eec99a0c-e1b1-4518-bc49-9d1a8c8e04d5@group-83CFD60236D8-FollowerState was interrupted: java.lang.InterruptedException: sleep interrupted
2019-10-16 22:15:19,610 [grpc-default-executor-18] INFO  impl.RoleInfo (RoleInfo.java:updateAndGet(143)) - eec99a0c-e1b1-4518-bc49-9d1a8c8e04d5: start FollowerState
2019-10-16 22:15:19,636 [3989452c-7599-4156-9543-3fe544ced0f3@group-83CFD60236D8-LeaderElection268] INFO  impl.LeaderElection (LeaderElection.java:logAndReturn(56)) - 3989452c-7599-4156-9543-3fe544ced0f3@group-83CFD60236D8-LeaderElection268: Election REJECTED; received 2 response(s) [3989452c-7599-4156-9543-3fe544ced0f3<-eec99a0c-e1b1-4518-bc49-9d1a8c8e04d5#0:FAIL-t283, 3989452c-7599-4156-9543-3fe544ced0f3<-d9e6ea44-93db-446f-8020-a94232284285#0:FAIL-t283] and 0 exception(s); 3989452c-7599-4156-9543-3fe544ced0f3@group-83CFD60236D8:t283, leader=null, voted=3989452c-7599-4156-9543-3fe544ced0f3, raftlog=3989452c-7599-4156-9543-3fe544ced0f3@group-83CFD60236D8-SegmentedRaftLog:OPENED:c-1,f-1,i0, conf=-1: [3989452c-7599-4156-9543-3fe544ced0f3:192.168.157.254:36320, eec99a0c-e1b1-4518-bc49-9d1a8c8e04d5:192.168.157.254:45598, d9e6ea44-93db-446f-8020-a94232284285:192.168.157.254:41671], old=null
2019-10-16 22:15:19,636 [3989452c-7599-4156-9543-3fe544ced0f3@group-83CFD60236D8-LeaderElection268] INFO  impl.RaftServerImpl (RaftServerImpl.java:setRole(184)) - 3989452c-7599-4156-9543-3fe544ced0f3@group-83CFD60236D8: changes role from CANDIDATE to FOLLOWER at term 283 for DISCOVERED_A_NEW_TERM
2019-10-16 22:15:19,637 [3989452c-7599-4156-9543-3fe544ced0f3@group-83CFD60236D8-LeaderElection268] INFO  impl.RoleInfo (RoleInfo.java:shutdownLeaderElection(134)) - 3989452c-7599-4156-9543-3fe544ced0f3: shutdown LeaderElection
2019-10-16 22:15:19,637 [3989452c-7599-4156-9543-3fe544ced0f3@group-83CFD60236D8-LeaderElection268] INFO  impl.RoleInfo (RoleInfo.java:updateAndGet(143)) - 3989452c-7599-4156-9543-3fe544ced0f3: start FollowerState
2019-10-16 22:15:19,669 [Thread-2671] INFO  impl.FollowerState (FollowerState.java:run(108)) - 3989452c-7599-4156-9543-3fe544ced0f3@group-83CFD60236D8-FollowerState: change to CANDIDATE, lastRpcTime:32ms, electionTimeout:32ms
2019-10-16 22:15:19,669 [Thread-2671] INFO  impl.RoleInfo (RoleInfo.java:shutdownFollowerState(121)) - 3989452c-7599-4156-9543-3fe544ced0f3: shutdown FollowerState
2019-10-16 22:15:19,669 [Thread-2671] INFO  impl.RaftServerImpl (RaftServerImpl.java:setRole(184)) - 3989452c-7599-4156-9543-3fe544ced0f3@group-83CFD60236D8: changes role from  FOLLOWER to CANDIDATE at term 283 for changeToCandidate
2019-10-16 22:15:19,669 [Thread-2671] INFO  impl.RoleInfo (RoleInfo.java:updateAndGet(143)) - 3989452c-7599-4156-9543-3fe544ced0f3: start LeaderElection
2019-10-16 22:15:19,684 [3989452c-7599-4156-9543-3fe544ced0f3@group-83CFD60236D8-LeaderElection269] INFO  impl.LeaderElection (LeaderElection.java:askForVotes(178)) - 3989452c-7599-4156-9543-3fe544ced0f3@group-83CFD60236D8-LeaderElection269: begin an election at term 284 for -1: [3989452c-7599-4156-9543-3fe544ced0f3:192.168.157.254:36320, eec99a0c-e1b1-4518-bc49-9d1a8c8e04d5:192.168.157.254:45598, d9e6ea44-93db-446f-8020-a94232284285:192.168.157.254:41671], old=null
2019-10-16 22:15:19,686 [grpc-default-executor-23] INFO  impl.RaftServerImpl (RaftServerImpl.java:setRole(184)) - eec99a0c-e1b1-4518-bc49-9d1a8c8e04d5@group-83CFD60236D8: changes role from  FOLLOWER to FOLLOWER at term 284 for recognizeCandidate:3989452c-7599-4156-9543-3fe544ced0f3
2019-10-16 22:15:19,686 [grpc-default-executor-23] INFO  impl.RoleInfo (RoleInfo.java:shutdownFollowerState(121)) - eec99a0c-e1b1-4518-bc49-9d1a8c8e04d5: shutdown FollowerState
2019-10-16 22:15:19,687 [grpc-default-executor-23] INFO  impl.RoleInfo (RoleInfo.java:updateAndGet(143)) - eec99a0c-e1b1-4518-bc49-9d1a8c8e04d5: start FollowerState
2019-10-16 22:15:19,687 [Thread-2670] INFO  impl.FollowerState (FollowerState.java:run(117)) - eec99a0c-e1b1-4518-bc49-9d1a8c8e04d5@group-83CFD60236D8-FollowerState was interrupted: java.lang.InterruptedException: sleep interrupted
2019-10-16 22:15:19,687 [grpc-default-executor-18] INFO  impl.RaftServerImpl (RaftServerImpl.java:setRole(184)) - d9e6ea44-93db-446f-8020-a94232284285@group-83CFD60236D8: changes role from  FOLLOWER to FOLLOWER at term 284 for recognizeCandidate:3989452c-7599-4156-9543-3fe544ced0f3
2019-10-16 22:15:19,687 [grpc-default-executor-18] INFO  impl.RoleInfo (RoleInfo.java:shutdownFollowerState(121)) - d9e6ea44-93db-446f-8020-a94232284285: shutdown FollowerState
2019-10-16 22:15:19,687 [grpc-default-executor-18] INFO  impl.RoleInfo (RoleInfo.java:updateAndGet(143)) - d9e6ea44-93db-446f-8020-a94232284285: start FollowerState
2019-10-16 22:15:19,687 [Thread-2669] INFO  impl.FollowerState (FollowerState.java:run(117)) - d9e6ea44-93db-446f-8020-a94232284285@group-83CFD60236D8-FollowerState was interrupted: java.lang.InterruptedException: sleep interrupted
2019-10-16 22:15:19,716 [3989452c-7599-4156-9543-3fe544ced0f3@group-83CFD60236D8-LeaderElection269] INFO  impl.LeaderElection (LeaderElection.java:logAndReturn(56)) - 3989452c-7599-4156-9543-3fe544ced0f3@group-83CFD60236D8-LeaderElection269: Election REJECTED; received 2 response(s) [3989452c-7599-4156-9543-3fe544ced0f3<-eec99a0c-e1b1-4518-bc49-9d1a8c8e04d5#0:FAIL-t284, 3989452c-7599-4156-9543-3fe544ced0f3<-d9e6ea44-93db-446f-8020-a94232284285#0:FAIL-t284] and 0 exception(s); 3989452c-7599-4156-9543-3fe544ced0f3@group-83CFD60236D8:t284, leader=null, voted=3989452c-7599-4156-9543-3fe544ced0f3, raftlog=3989452c-7599-4156-9543-3fe544ced0f3@group-83CFD60236D8-SegmentedRaftLog:OPENED:c-1,f-1,i0, conf=-1: [3989452c-7599-4156-9543-3fe544ced0f3:192.168.157.254:36320, eec99a0c-e1b1-4518-bc49-9d1a8c8e04d5:192.168.157.254:45598, d9e6ea44-93db-446f-8020-a94232284285:192.168.157.254:41671], old=null
2019-10-16 22:15:19,717 [3989452c-7599-4156-9543-3fe544ced0f3@group-83CFD60236D8-LeaderElection269] INFO  impl.RaftServerImpl (RaftServerImpl.java:setRole(184)) - 3989452c-7599-4156-9543-3fe544ced0f3@group-83CFD60236D8: changes role from CANDIDATE to FOLLOWER at term 284 for DISCOVERED_A_NEW_TERM
2019-10-16 22:15:19,717 [3989452c-7599-4156-9543-3fe544ced0f3@group-83CFD60236D8-LeaderElection269] INFO  impl.RoleInfo (RoleInfo.java:shutdownLeaderElection(134)) - 3989452c-7599-4156-9543-3fe544ced0f3: shutdown LeaderElection
2019-10-16 22:15:19,717 [3989452c-7599-4156-9543-3fe544ced0f3@group-83CFD60236D8-LeaderElection269] INFO  impl.RoleInfo (RoleInfo.java:updateAndGet(143)) - 3989452c-7599-4156-9543-3fe544ced0f3: start FollowerState
2019-10-16 22:15:19,777 [Thread-2677] INFO  impl.FollowerState (FollowerState.java:run(108)) - 3989452c-7599-4156-9543-3fe544ced0f3@group-83CFD60236D8-FollowerState: change to CANDIDATE, lastRpcTime:60ms, electionTimeout:60ms
2019-10-16 22:15:19,777 [Thread-2677] INFO  impl.RoleInfo (RoleInfo.java:shutdownFollowerState(121)) - 3989452c-7599-4156-9543-3fe544ced0f3: shutdown FollowerState
2019-10-16 22:15:19,777 [Thread-2677] INFO  impl.RaftServerImpl (RaftServerImpl.java:setRole(184)) - 3989452c-7599-4156-9543-3fe544ced0f3@group-83CFD60236D8: changes role from  FOLLOWER to CANDIDATE at term 284 for changeToCandidate
2019-10-16 22:15:19,778 [Thread-2677] INFO  impl.RoleInfo (RoleInfo.java:updateAndGet(143)) - 3989452c-7599-4156-9543-3fe544ced0f3: start LeaderElection
2019-10-16 22:15:19,805 [3989452c-7599-4156-9543-3fe544ced0f3@group-83CFD60236D8-LeaderElection270] INFO  impl.LeaderElection (LeaderElection.java:askForVotes(178)) - 3989452c-7599-4156-9543-3fe544ced0f3@group-83CFD60236D8-LeaderElection270: begin an election at term 285 for -1: [3989452c-7599-4156-9543-3fe544ced0f3:192.168.157.254:36320, eec99a0c-e1b1-4518-bc49-9d1a8c8e04d5:192.168.157.254:45598, d9e6ea44-93db-446f-8020-a94232284285:192.168.157.254:41671], old=null
2019-10-16 22:15:19,807 [grpc-default-executor-18] INFO  impl.RaftServerImpl (RaftServerImpl.java:setRole(184)) - eec99a0c-e1b1-4518-bc49-9d1a8c8e04d5@group-83CFD60236D8: changes role from  FOLLOWER to FOLLOWER at term 285 for recognizeCandidate:3989452c-7599-4156-9543-3fe544ced0f3
2019-10-16 22:15:19,807 [grpc-default-executor-23] INFO  impl.RaftServerImpl (RaftServerImpl.java:setRole(184)) - d9e6ea44-93db-446f-8020-a94232284285@group-83CFD60236D8: changes role from  FOLLOWER to FOLLOWER at term 285 for recognizeCandidate:3989452c-7599-4156-9543-3fe544ced0f3
2019-10-16 22:15:19,807 [grpc-default-executor-18] INFO  impl.RoleInfo (RoleInfo.java:shutdownFollowerState(121)) - eec99a0c-e1b1-4518-bc49-9d1a8c8e04d5: shutdown FollowerState
2019-10-16 22:15:19,807 [grpc-default-executor-23] INFO  impl.RoleInfo (RoleInfo.java:shutdownFollowerState(121)) - d9e6ea44-93db-446f-8020-a94232284285: shutdown FollowerState
2019-10-16 22:15:19,807 [Thread-2675] INFO  impl.FollowerState (FollowerState.java:run(117)) - eec99a0c-e1b1-4518-bc49-9d1a8c8e04d5@group-83CFD60236D8-FollowerState was interrupted: java.lang.InterruptedException: sleep interrupted
2019-10-16 22:15:19,807 [Thread-2676] INFO  impl.FollowerState (FollowerState.java:run(117)) - d9e6ea44-93db-446f-8020-a94232284285@group-83CFD60236D8-FollowerState was interrupted: java.lang.InterruptedException: sleep interrupted
2019-10-16 22:15:19,807 [grpc-default-executor-18] INFO  impl.RoleInfo (RoleInfo.java:updateAndGet(143)) - eec99a0c-e1b1-4518-bc49-9d1a8c8e04d5: start FollowerState
2019-10-16 22:15:19,807 [grpc-default-executor-23] INFO  impl.RoleInfo (RoleInfo.java:updateAndGet(143)) - d9e6ea44-93db-446f-8020-a94232284285: start FollowerState
2019-10-16 22:15:19,824 [3989452c-7599-4156-9543-3fe544ced0f3@group-83CFD60236D8-LeaderElection270] INFO  impl.LeaderElection (LeaderElection.java:logAndReturn(56)) - 3989452c-7599-4156-9543-3fe544ced0f3@group-83CFD60236D8-LeaderElection270: Election TIMEOUT; received 0 response(s) [] and 0 exception(s); 3989452c-7599-4156-9543-3fe544ced0f3@group-83CFD60236D8:t285, leader=null, voted=3989452c-7599-4156-9543-3fe544ced0f3, raftlog=3989452c-7599-4156-9543-3fe544ced0f3@group-83CFD60236D8-SegmentedRaftLog:OPENED:c-1,f-1,i0, conf=-1: [3989452c-7599-4156-9543-3fe544ced0f3:192.168.157.254:36320, eec99a0c-e1b1-4518-bc49-9d1a8c8e04d5:192.168.157.254:45598, d9e6ea44-93db-446f-8020-a94232284285:192.168.157.254:41671], old=null
2019-10-16 22:15:19,835 [3989452c-7599-4156-9543-3fe544ced0f3@group-83CFD60236D8-LeaderElection270] INFO  impl.LeaderElection (LeaderElection.java:askForVotes(178)) - 3989452c-7599-4156-9543-3fe544ced0f3@group-83CFD60236D8-LeaderElection270: begin an election at term 286 for -1: [3989452c-7599-4156-9543-3fe544ced0f3:192.168.157.254:36320, eec99a0c-e1b1-4518-bc49-9d1a8c8e04d5:192.168.157.254:45598, d9e6ea44-93db-446f-8020-a94232284285:192.168.157.254:41671], old=null
2019-10-16 22:15:19,836 [grpc-default-executor-18] INFO  impl.RaftServerImpl (RaftServerImpl.java:setRole(184)) - eec99a0c-e1b1-4518-bc49-9d1a8c8e04d5@group-83CFD60236D8: changes role from  FOLLOWER to FOLLOWER at term 286 for recognizeCandidate:3989452c-7599-4156-9543-3fe544ced0f3
2019-10-16 22:15:19,836 [grpc-default-executor-18] INFO  impl.RoleInfo (RoleInfo.java:shutdownFollowerState(121)) - eec99a0c-e1b1-4518-bc49-9d1a8c8e04d5: shutdown FollowerState
2019-10-16 22:15:19,836 [Thread-2681] INFO  impl.FollowerState (FollowerState.java:run(117)) - eec99a0c-e1b1-4518-bc49-9d1a8c8e04d5@group-83CFD60236D8-FollowerState was interrupted: java.lang.InterruptedException: sleep interrupted
2019-10-16 22:15:19,836 [grpc-default-executor-18] INFO  impl.RoleInfo (RoleInfo.java:updateAndGet(143)) - eec99a0c-e1b1-4518-bc49-9d1a8c8e04d5: start FollowerState
2019-10-16 22:15:19,836 [grpc-default-executor-23] INFO  impl.RaftServerImpl (RaftServerImpl.java:setRole(184)) - d9e6ea44-93db-446f-8020-a94232284285@group-83CFD60236D8: changes role from  FOLLOWER to FOLLOWER at term 286 for recognizeCandidate:3989452c-7599-4156-9543-3fe544ced0f3
2019-10-16 22:15:19,836 [grpc-default-executor-23] INFO  impl.RoleInfo (RoleInfo.java:shutdownFollowerState(121)) - d9e6ea44-93db-446f-8020-a94232284285: shutdown FollowerState
2019-10-16 22:15:19,836 [grpc-default-executor-23] INFO  impl.RoleInfo (RoleInfo.java:updateAndGet(143)) - d9e6ea44-93db-446f-8020-a94232284285: start FollowerState
2019-10-16 22:15:19,836 [Thread-2682] INFO  impl.FollowerState (FollowerState.java:run(117)) - d9e6ea44-93db-446f-8020-a94232284285@group-83CFD60236D8-FollowerState was interrupted: java.lang.InterruptedException: sleep interrupted
2019-10-16 22:15:19,850 [3989452c-7599-4156-9543-3fe544ced0f3@group-83CFD60236D8-LeaderElection270] INFO  impl.LeaderElection (LeaderElection.java:logAndReturn(56)) - 3989452c-7599-4156-9543-3fe544ced0f3@group-83CFD60236D8-LeaderElection270: Election REJECTED; received 2 response(s) [3989452c-7599-4156-9543-3fe544ced0f3<-eec99a0c-e1b1-4518-bc49-9d1a8c8e04d5#0:FAIL-t286, 3989452c-7599-4156-9543-3fe544ced0f3<-d9e6ea44-93db-446f-8020-a94232284285#0:FAIL-t286] and 0 exception(s); 3989452c-7599-4156-9543-3fe544ced0f3@group-83CFD60236D8:t286, leader=null, voted=3989452c-7599-4156-9543-3fe544ced0f3, raftlog=3989452c-7599-4156-9543-3fe544ced0f3@group-83CFD60236D8-SegmentedRaftLog:OPENED:c-1,f-1,i0, conf=-1: [3989452c-7599-4156-9543-3fe544ced0f3:192.168.157.254:36320, eec99a0c-e1b1-4518-bc49-9d1a8c8e04d5:192.168.157.254:45598, d9e6ea44-93db-446f-8020-a94232284285:192.168.157.254:41671], old=null
2019-10-16 22:15:19,850 [3989452c-7599-4156-9543-3fe544ced0f3@group-83CFD60236D8-LeaderElection270] INFO  impl.RaftServerImpl (RaftServerImpl.java:setRole(184)) - 3989452c-7599-4156-9543-3fe544ced0f3@group-83CFD60236D8: changes role from CANDIDATE to FOLLOWER at term 286 for DISCOVERED_A_NEW_TERM
2019-10-16 22:15:19,850 [3989452c-7599-4156-9543-3fe544ced0f3@group-83CFD60236D8-LeaderElection270] INFO  impl.RoleInfo (RoleInfo.java:shutdownLeaderElection(134)) - 3989452c-7599-4156-9543-3fe544ced0f3: shutdown LeaderElection
2019-10-16 22:15:19,850 [3989452c-7599-4156-9543-3fe544ced0f3@group-83CFD60236D8-LeaderElection270] INFO  impl.RoleInfo (RoleInfo.java:updateAndGet(143)) - 3989452c-7599-4156-9543-3fe544ced0f3: start FollowerState
 0.00% |?                                                                                                    |  0/1 Time: 0:06:362019-10-16 22:15:20,039 [Thread-2687] INFO  impl.FollowerState (FollowerState.java:run(108)) - 3989452c-7599-4156-9543-3fe544ced0f3@group-83CFD60236D8-FollowerState: change to CANDIDATE, lastRpcTime:188ms, electionTimeout:188ms
2019-10-16 22:15:20,039 [Thread-2687] INFO  impl.RoleInfo (RoleInfo.java:shutdownFollowerState(121)) - 3989452c-7599-4156-9543-3fe544ced0f3: shutdown FollowerState
2019-10-16 22:15:20,039 [Thread-2687] INFO  impl.RaftServerImpl (RaftServerImpl.java:setRole(184)) - 3989452c-7599-4156-9543-3fe544ced0f3@group-83CFD60236D8: changes role from  FOLLOWER to CANDIDATE at term 286 for changeToCandidate
2019-10-16 22:15:20,039 [Thread-2687] INFO  impl.RoleInfo (RoleInfo.java:updateAndGet(143)) - 3989452c-7599-4156-9543-3fe544ced0f3: start LeaderElection
2019-10-16 22:15:20,052 [3989452c-7599-4156-9543-3fe544ced0f3@group-83CFD60236D8-LeaderElection271] INFO  impl.LeaderElection (LeaderElection.java:askForVotes(178)) - 3989452c-7599-4156-9543-3fe544ced0f3@group-83CFD60236D8-LeaderElection271: begin an election at term 287 for -1: [3989452c-7599-4156-9543-3fe544ced0f3:192.168.157.254:36320, eec99a0c-e1b1-4518-bc49-9d1a8c8e04d5:192.168.157.254:45598, d9e6ea44-93db-446f-8020-a94232284285:192.168.157.254:41671], old=null
2019-10-16 22:15:20,053 [grpc-default-executor-18] INFO  impl.RaftServerImpl (RaftServerImpl.java:setRole(184)) - eec99a0c-e1b1-4518-bc49-9d1a8c8e04d5@group-83CFD60236D8: changes role from  FOLLOWER to FOLLOWER at term 287 for recognizeCandidate:3989452c-7599-4156-9543-3fe544ced0f3
2019-10-16 22:15:20,054 [grpc-default-executor-23] INFO  impl.RaftServerImpl (RaftServerImpl.java:setRole(184)) - d9e6ea44-93db-446f-8020-a94232284285@group-83CFD60236D8: changes role from  FOLLOWER to FOLLOWER at term 287 for recognizeCandidate:3989452c-7599-4156-9543-3fe544ced0f3
2019-10-16 22:15:20,054 [grpc-default-executor-23] INFO  impl.RoleInfo (RoleInfo.java:shutdownFollowerState(121)) - d9e6ea44-93db-446f-8020-a94232284285: shutdown FollowerState
2019-10-16 22:15:20,054 [grpc-default-executor-18] INFO  impl.RoleInfo (RoleInfo.java:shutdownFollowerState(121)) - eec99a0c-e1b1-4518-bc49-9d1a8c8e04d5: shutdown FollowerState
2019-10-16 22:15:20,054 [grpc-default-executor-18] INFO  impl.RoleInfo (RoleInfo.java:updateAndGet(143)) - eec99a0c-e1b1-4518-bc49-9d1a8c8e04d5: start FollowerState
2019-10-16 22:15:20,054 [Thread-2686] INFO  impl.FollowerState (FollowerState.java:run(117)) - d9e6ea44-93db-446f-8020-a94232284285@group-83CFD60236D8-FollowerState was interrupted: java.lang.InterruptedException: sleep interrupted
2019-10-16 22:15:20,054 [grpc-default-executor-23] INFO  impl.RoleInfo (RoleInfo.java:updateAndGet(143)) - d9e6ea44-93db-446f-8020-a94232284285: start FollowerState
2019-10-16 22:15:20,054 [Thread-2685] INFO  impl.FollowerState (FollowerState.java:run(117)) - eec99a0c-e1b1-4518-bc49-9d1a8c8e04d5@group-83CFD60236D8-FollowerState was interrupted: java.lang.InterruptedException: sleep interrupted
2019-10-16 22:15:20,066 [3989452c-7599-4156-9543-3fe544ced0f3@group-83CFD60236D8-LeaderElection271] INFO  impl.LeaderElection (LeaderElection.java:logAndReturn(56)) - 3989452c-7599-4156-9543-3fe544ced0f3@group-83CFD60236D8-LeaderElection271: Election REJECTED; received 2 response(s) [3989452c-7599-4156-9543-3fe544ced0f3<-eec99a0c-e1b1-4518-bc49-9d1a8c8e04d5#0:FAIL-t287, 3989452c-7599-4156-9543-3fe544ced0f3<-d9e6ea44-93db-446f-8020-a94232284285#0:FAIL-t287] and 0 exception(s); 3989452c-7599-4156-9543-3fe544ced0f3@group-83CFD60236D8:t287, leader=null, voted=3989452c-7599-4156-9543-3fe544ced0f3, raftlog=3989452c-7599-4156-9543-3fe544ced0f3@group-83CFD60236D8-SegmentedRaftLog:OPENED:c-1,f-1,i0, conf=-1: [3989452c-7599-4156-9543-3fe544ced0f3:192.168.157.254:36320, eec99a0c-e1b1-4518-bc49-9d1a8c8e04d5:192.168.157.254:45598, d9e6ea44-93db-446f-8020-a94232284285:192.168.157.254:41671], old=null
2019-10-16 22:15:20,066 [3989452c-7599-4156-9543-3fe544ced0f3@group-83CFD60236D8-LeaderElection271] INFO  impl.RaftServerImpl (RaftServerImpl.java:setRole(184)) - 3989452c-7599-4156-9543-3fe544ced0f3@group-83CFD60236D8: changes role from CANDIDATE to FOLLOWER at term 287 for DISCOVERED_A_NEW_TERM
2019-10-16 22:15:20,066 [3989452c-7599-4156-9543-3fe544ced0f3@group-83CFD60236D8-LeaderElection271] INFO  impl.RoleInfo (RoleInfo.java:shutdownLeaderElection(134)) - 3989452c-7599-4156-9543-3fe544ced0f3: shutdown LeaderElection
2019-10-16 22:15:20,066 [3989452c-7599-4156-9543-3fe544ced0f3@group-83CFD60236D8-LeaderElection271] INFO  impl.RoleInfo (RoleInfo.java:updateAndGet(143)) - 3989452c-7599-4156-9543-3fe544ced0f3: start FollowerState
2019-10-16 22:15:20,249 [Thread-2693] INFO  impl.FollowerState (FollowerState.java:run(108)) - 3989452c-7599-4156-9543-3fe544ced0f3@group-83CFD60236D8-FollowerState: change to CANDIDATE, lastRpcTime:183ms, electionTimeout:183ms
2019-10-16 22:15:20,250 [Thread-2693] INFO  impl.RoleInfo (RoleInfo.java:shutdownFollowerState(121)) - 3989452c-7599-4156-9543-3fe544ced0f3: shutdown FollowerState
2019-10-16 22:15:20,250 [Thread-2693] INFO  impl.RaftServerImpl (RaftServerImpl.java:setRole(184)) - 3989452c-7599-4156-9543-3fe544ced0f3@group-83CFD60236D8: changes role from  FOLLOWER to CANDIDATE at term 287 for changeToCandidate
2019-10-16 22:15:20,250 [Thread-2693] INFO  impl.RoleInfo (RoleInfo.java:updateAndGet(143)) - 3989452c-7599-4156-9543-3fe544ced0f3: start LeaderElection
2019-10-16 22:15:20,264 [3989452c-7599-4156-9543-3fe544ced0f3@group-83CFD60236D8-LeaderElection272] INFO  impl.LeaderElection (LeaderElection.java:askForVotes(178)) - 3989452c-7599-4156-9543-3fe544ced0f3@group-83CFD60236D8-LeaderElection272: begin an election at term 288 for -1: [3989452c-7599-4156-9543-3fe544ced0f3:192.168.157.254:36320, eec99a0c-e1b1-4518-bc49-9d1a8c8e04d5:192.168.157.254:45598, d9e6ea44-93db-446f-8020-a94232284285:192.168.157.254:41671], old=null
2019-10-16 22:15:20,266 [grpc-default-executor-18] INFO  impl.RaftServerImpl (RaftServerImpl.java:setRole(184)) - eec99a0c-e1b1-4518-bc49-9d1a8c8e04d5@group-83CFD60236D8: changes role from  FOLLOWER to FOLLOWER at term 288 for recognizeCandidate:3989452c-7599-4156-9543-3fe544ced0f3
2019-10-16 22:15:20,266 [grpc-default-executor-18] INFO  impl.RoleInfo (RoleInfo.java:shutdownFollowerState(121)) - eec99a0c-e1b1-4518-bc49-9d1a8c8e04d5: shutdown FollowerState
2019-10-16 22:15:20,266 [grpc-default-executor-23] INFO  impl.RaftServerImpl (RaftServerImpl.java:setRole(184)) - d9e6ea44-93db-446f-8020-a94232284285@group-83CFD60236D8: changes role from  FOLLOWER to FOLLOWER at term 288 for recognizeCandidate:3989452c-7599-4156-9543-3fe544ced0f3
2019-10-16 22:15:20,266 [grpc-default-executor-23] INFO  impl.RoleInfo (RoleInfo.java:shutdownFollowerState(121)) - d9e6ea44-93db-446f-8020-a94232284285: shutdown FollowerState
2019-10-16 22:15:20,266 [Thread-2692] INFO  impl.FollowerState (FollowerState.java:run(117)) - eec99a0c-e1b1-4518-bc49-9d1a8c8e04d5@group-83CFD60236D8-FollowerState was interrupted: java.lang.InterruptedException: sleep interrupted
2019-10-16 22:15:20,267 [Thread-2691] INFO  impl.FollowerState (FollowerState.java:run(117)) - d9e6ea44-93db-446f-8020-a94232284285@group-83CFD60236D8-FollowerState was interrupted: java.lang.InterruptedException: sleep interrupted
2019-10-16 22:15:20,266 [grpc-default-executor-18] INFO  impl.RoleInfo (RoleInfo.java:updateAndGet(143)) - eec99a0c-e1b1-4518-bc49-9d1a8c8e04d5: start FollowerState
2019-10-16 22:15:20,266 [grpc-default-executor-23] INFO  impl.RoleInfo (RoleInfo.java:updateAndGet(143)) - d9e6ea44-93db-446f-8020-a94232284285: start FollowerState
2019-10-16 22:15:20,292 [3989452c-7599-4156-9543-3fe544ced0f3@group-83CFD60236D8-LeaderElection272] INFO  impl.LeaderElection (LeaderElection.java:logAndReturn(56)) - 3989452c-7599-4156-9543-3fe544ced0f3@group-83CFD60236D8-LeaderElection272: Election REJECTED; received 2 response(s) [3989452c-7599-4156-9543-3fe544ced0f3<-eec99a0c-e1b1-4518-bc49-9d1a8c8e04d5#0:FAIL-t288, 3989452c-7599-4156-9543-3fe544ced0f3<-d9e6ea44-93db-446f-8020-a94232284285#0:FAIL-t288] and 0 exception(s); 3989452c-7599-4156-9543-3fe544ced0f3@group-83CFD60236D8:t288, leader=null, voted=3989452c-7599-4156-9543-3fe544ced0f3, raftlog=3989452c-7599-4156-9543-3fe544ced0f3@group-83CFD60236D8-SegmentedRaftLog:OPENED:c-1,f-1,i0, conf=-1: [3989452c-7599-4156-9543-3fe544ced0f3:192.168.157.254:36320, eec99a0c-e1b1-4518-bc49-9d1a8c8e04d5:192.168.157.254:45598, d9e6ea44-93db-446f-8020-a94232284285:192.168.157.254:41671], old=null
2019-10-16 22:15:20,292 [3989452c-7599-4156-9543-3fe544ced0f3@group-83CFD60236D8-LeaderElection272] INFO  impl.RaftServerImpl (RaftServerImpl.java:setRole(184)) - 3989452c-7599-4156-9543-3fe544ced0f3@group-83CFD60236D8: changes role from CANDIDATE to FOLLOWER at term 288 for DISCOVERED_A_NEW_TERM
2019-10-16 22:15:20,293 [3989452c-7599-4156-9543-3fe544ced0f3@group-83CFD60236D8-LeaderElection272] INFO  impl.RoleInfo (RoleInfo.java:shutdownLeaderElection(134)) - 3989452c-7599-4156-9543-3fe544ced0f3: shutdown LeaderElection
2019-10-16 22:15:20,293 [3989452c-7599-4156-9543-3fe544ced0f3@group-83CFD60236D8-LeaderElection272] INFO  impl.RoleInfo (RoleInfo.java:updateAndGet(143)) - 3989452c-7599-4156-9543-3fe544ced0f3: start FollowerState
2019-10-16 22:15:20,485 [Thread-2699] INFO  impl.FollowerState (FollowerState.java:run(108)) - 3989452c-7599-4156-9543-3fe544ced0f3@group-83CFD60236D8-FollowerState: change to CANDIDATE, lastRpcTime:192ms, electionTimeout:192ms
2019-10-16 22:15:20,485 [Thread-2699] INFO  impl.RoleInfo (RoleInfo.java:shutdownFollowerState(121)) - 3989452c-7599-4156-9543-3fe544ced0f3: shutdown FollowerState
2019-10-16 22:15:20,485 [Thread-2699] INFO  impl.RaftServerImpl (RaftServerImpl.java:setRole(184)) - 3989452c-7599-4156-9543-3fe544ced0f3@group-83CFD60236D8: changes role from  FOLLOWER to CANDIDATE at term 288 for changeToCandidate
2019-10-16 22:15:20,486 [Thread-2699] INFO  impl.RoleInfo (RoleInfo.java:updateAndGet(143)) - 3989452c-7599-4156-9543-3fe544ced0f3: start LeaderElection
2019-10-16 22:15:20,499 [3989452c-7599-4156-9543-3fe544ced0f3@group-83CFD60236D8-LeaderElection273] INFO  impl.LeaderElection (LeaderElection.java:askForVotes(178)) - 3989452c-7599-4156-9543-3fe544ced0f3@group-83CFD60236D8-LeaderElection273: begin an election at term 289 for -1: [3989452c-7599-4156-9543-3fe544ced0f3:192.168.157.254:36320, eec99a0c-e1b1-4518-bc49-9d1a8c8e04d5:192.168.157.254:45598, d9e6ea44-93db-446f-8020-a94232284285:192.168.157.254:41671], old=null
2019-10-16 22:15:20,501 [grpc-default-executor-18] INFO  impl.RaftServerImpl (RaftServerImpl.java:setRole(184)) - eec99a0c-e1b1-4518-bc49-9d1a8c8e04d5@group-83CFD60236D8: changes role from  FOLLOWER to FOLLOWER at term 289 for recognizeCandidate:3989452c-7599-4156-9543-3fe544ced0f3
2019-10-16 22:15:20,501 [grpc-default-executor-18] INFO  impl.RoleInfo (RoleInfo.java:shutdownFollowerState(121)) - eec99a0c-e1b1-4518-bc49-9d1a8c8e04d5: shutdown FollowerState
2019-10-16 22:15:20,501 [grpc-default-executor-23] INFO  impl.RaftServerImpl (RaftServerImpl.java:setRole(184)) - d9e6ea44-93db-446f-8020-a94232284285@group-83CFD60236D8: changes role from  FOLLOWER to FOLLOWER at term 289 for recognizeCandidate:3989452c-7599-4156-9543-3fe544ced0f3
2019-10-16 22:15:20,501 [Thread-2697] INFO  impl.FollowerState (FollowerState.java:run(117)) - eec99a0c-e1b1-4518-bc49-9d1a8c8e04d5@group-83CFD60236D8-FollowerState was interrupted: java.lang.InterruptedException: sleep interrupted
2019-10-16 22:15:20,501 [grpc-default-executor-18] INFO  impl.RoleInfo (RoleInfo.java:updateAndGet(143)) - eec99a0c-e1b1-4518-bc49-9d1a8c8e04d5: start FollowerState
2019-10-16 22:15:20,502 [grpc-default-executor-23] INFO  impl.RoleInfo (RoleInfo.java:shutdownFollowerState(121)) - d9e6ea44-93db-446f-8020-a94232284285: shutdown FollowerState
2019-10-16 22:15:20,502 [grpc-default-executor-23] INFO  impl.RoleInfo (RoleInfo.java:updateAndGet(143)) - d9e6ea44-93db-446f-8020-a94232284285: start FollowerState
2019-10-16 22:15:20,502 [Thread-2698] INFO  impl.FollowerState (FollowerState.java:run(117)) - d9e6ea44-93db-446f-8020-a94232284285@group-83CFD60236D8-FollowerState was interrupted: java.lang.InterruptedException: sleep interrupted
2019-10-16 22:15:20,530 [3989452c-7599-4156-9543-3fe544ced0f3@group-83CFD60236D8-LeaderElection273] INFO  impl.LeaderElection (LeaderElection.java:logAndReturn(56)) - 3989452c-7599-4156-9543-3fe544ced0f3@group-83CFD60236D8-LeaderElection273: Election REJECTED; received 2 response(s) [3989452c-7599-4156-9543-3fe544ced0f3<-eec99a0c-e1b1-4518-bc49-9d1a8c8e04d5#0:FAIL-t289, 3989452c-7599-4156-9543-3fe544ced0f3<-d9e6ea44-93db-446f-8020-a94232284285#0:FAIL-t289] and 0 exception(s); 3989452c-7599-4156-9543-3fe544ced0f3@group-83CFD60236D8:t289, leader=null, voted=3989452c-7599-4156-9543-3fe544ced0f3, raftlog=3989452c-7599-4156-9543-3fe544ced0f3@group-83CFD60236D8-SegmentedRaftLog:OPENED:c-1,f-1,i0, conf=-1: [3989452c-7599-4156-9543-3fe544ced0f3:192.168.157.254:36320, eec99a0c-e1b1-4518-bc49-9d1a8c8e04d5:192.168.157.254:45598, d9e6ea44-93db-446f-8020-a94232284285:192.168.157.254:41671], old=null
2019-10-16 22:15:20,530 [3989452c-7599-4156-9543-3fe544ced0f3@group-83CFD60236D8-LeaderElection273] INFO  impl.RaftServerImpl (RaftServerImpl.java:setRole(184)) - 3989452c-7599-4156-9543-3fe544ced0f3@group-83CFD60236D8: changes role from CANDIDATE to FOLLOWER at term 289 for DISCOVERED_A_NEW_TERM
2019-10-16 22:15:20,530 [3989452c-7599-4156-9543-3fe544ced0f3@group-83CFD60236D8-LeaderElection273] INFO  impl.RoleInfo (RoleInfo.java:shutdownLeaderElection(134)) - 3989452c-7599-4156-9543-3fe544ced0f3: shutdown LeaderElection
2019-10-16 22:15:20,530 [3989452c-7599-4156-9543-3fe544ced0f3@group-83CFD60236D8-LeaderElection273] INFO  impl.RoleInfo (RoleInfo.java:updateAndGet(143)) - 3989452c-7599-4156-9543-3fe544ced0f3: start FollowerState
2019-10-16 22:15:20,555 [Thread-2705] INFO  impl.FollowerState (FollowerState.java:run(108)) - 3989452c-7599-4156-9543-3fe544ced0f3@group-83CFD60236D8-FollowerState: change to CANDIDATE, lastRpcTime:25ms, electionTimeout:25ms
2019-10-16 22:15:20,555 [Thread-2705] INFO  impl.RoleInfo (RoleInfo.java:shutdownFollowerState(121)) - 3989452c-7599-4156-9543-3fe544ced0f3: shutdown FollowerState
2019-10-16 22:15:20,555 [Thread-2705] INFO  impl.RaftServerImpl (RaftServerImpl.java:setRole(184)) - 3989452c-7599-4156-9543-3fe544ced0f3@group-83CFD60236D8: changes role from  FOLLOWER to CANDIDATE at term 289 for changeToCandidate
2019-10-16 22:15:20,556 [Thread-2705] INFO  impl.RoleInfo (RoleInfo.java:updateAndGet(143)) - 3989452c-7599-4156-9543-3fe544ced0f3: start LeaderElection
2019-10-16 22:15:20,569 [3989452c-7599-4156-9543-3fe544ced0f3@group-83CFD60236D8-LeaderElection274] INFO  impl.LeaderElection (LeaderElection.java:askForVotes(178)) - 3989452c-7599-4156-9543-3fe544ced0f3@group-83CFD60236D8-LeaderElection274: begin an election at term 290 for -1: [3989452c-7599-4156-9543-3fe544ced0f3:192.168.157.254:36320, eec99a0c-e1b1-4518-bc49-9d1a8c8e04d5:192.168.157.254:45598, d9e6ea44-93db-446f-8020-a94232284285:192.168.157.254:41671], old=null
2019-10-16 22:15:20,571 [grpc-default-executor-18] INFO  impl.RaftServerImpl (RaftServerImpl.java:setRole(184)) - eec99a0c-e1b1-4518-bc49-9d1a8c8e04d5@group-83CFD60236D8: changes role from  FOLLOWER to FOLLOWER at term 290 for recognizeCandidate:3989452c-7599-4156-9543-3fe544ced0f3
2019-10-16 22:15:20,571 [grpc-default-executor-18] INFO  impl.RoleInfo (RoleInfo.java:shutdownFollowerState(121)) - eec99a0c-e1b1-4518-bc49-9d1a8c8e04d5: shutdown FollowerState
2019-10-16 22:15:20,571 [grpc-default-executor-23] INFO  impl.RaftServerImpl (RaftServerImpl.java:setRole(184)) - d9e6ea44-93db-446f-8020-a94232284285@group-83CFD60236D8: changes role from  FOLLOWER to FOLLOWER at term 290 for recognizeCandidate:3989452c-7599-4156-9543-3fe544ced0f3
2019-10-16 22:15:20,571 [Thread-2703] INFO  impl.FollowerState (FollowerState.java:run(117)) - eec99a0c-e1b1-4518-bc49-9d1a8c8e04d5@group-83CFD60236D8-FollowerState was interrupted: java.lang.InterruptedException: sleep interrupted
2019-10-16 22:15:20,571 [grpc-default-executor-18] INFO  impl.RoleInfo (RoleInfo.java:updateAndGet(143)) - eec99a0c-e1b1-4518-bc49-9d1a8c8e04d5: start FollowerState
2019-10-16 22:15:20,571 [grpc-default-executor-23] INFO  impl.RoleInfo (RoleInfo.java:shutdownFollowerState(121)) - d9e6ea44-93db-446f-8020-a94232284285: shutdown FollowerState
2019-10-16 22:15:20,571 [grpc-default-executor-23] INFO  impl.RoleInfo (RoleInfo.java:updateAndGet(143)) - d9e6ea44-93db-446f-8020-a94232284285: start FollowerState
2019-10-16 22:15:20,572 [Thread-2704] INFO  impl.FollowerState (FollowerState.java:run(117)) - d9e6ea44-93db-446f-8020-a94232284285@group-83CFD60236D8-FollowerState was interrupted: java.lang.InterruptedException: sleep interrupted
2019-10-16 22:15:20,587 [3989452c-7599-4156-9543-3fe544ced0f3@group-83CFD60236D8-LeaderElection274] INFO  impl.LeaderElection (LeaderElection.java:logAndReturn(56)) - 3989452c-7599-4156-9543-3fe544ced0f3@group-83CFD60236D8-LeaderElection274: Election REJECTED; received 2 response(s) [3989452c-7599-4156-9543-3fe544ced0f3<-eec99a0c-e1b1-4518-bc49-9d1a8c8e04d5#0:FAIL-t290, 3989452c-7599-4156-9543-3fe544ced0f3<-d9e6ea44-93db-446f-8020-a94232284285#0:FAIL-t290] and 0 exception(s); 3989452c-7599-4156-9543-3fe544ced0f3@group-83CFD60236D8:t290, leader=null, voted=3989452c-7599-4156-9543-3fe544ced0f3, raftlog=3989452c-7599-4156-9543-3fe544ced0f3@group-83CFD60236D8-SegmentedRaftLog:OPENED:c-1,f-1,i0, conf=-1: [3989452c-7599-4156-9543-3fe544ced0f3:192.168.157.254:36320, eec99a0c-e1b1-4518-bc49-9d1a8c8e04d5:192.168.157.254:45598, d9e6ea44-93db-446f-8020-a94232284285:192.168.157.254:41671], old=null
2019-10-16 22:15:20,587 [3989452c-7599-4156-9543-3fe544ced0f3@group-83CFD60236D8-LeaderElection274] INFO  impl.RaftServerImpl (RaftServerImpl.java:setRole(184)) - 3989452c-7599-4156-9543-3fe544ced0f3@group-83CFD60236D8: changes role from CANDIDATE to FOLLOWER at term 290 for DISCOVERED_A_NEW_TERM
2019-10-16 22:15:20,587 [3989452c-7599-4156-9543-3fe544ced0f3@group-83CFD60236D8-LeaderElection274] INFO  impl.RoleInfo (RoleInfo.java:shutdownLeaderElection(134)) - 3989452c-7599-4156-9543-3fe544ced0f3: shutdown LeaderElection
2019-10-16 22:15:20,587 [3989452c-7599-4156-9543-3fe544ced0f3@group-83CFD60236D8-LeaderElection274] INFO  impl.RoleInfo (RoleInfo.java:updateAndGet(143)) - 3989452c-7599-4156-9543-3fe544ced0f3: start FollowerState
2019-10-16 22:15:20,767 [Thread-2711] INFO  impl.FollowerState (FollowerState.java:run(108)) - 3989452c-7599-4156-9543-3fe544ced0f3@group-83CFD60236D8-FollowerState: change to CANDIDATE, lastRpcTime:180ms, electionTimeout:180ms
2019-10-16 22:15:20,767 [Thread-2711] INFO  impl.RoleInfo (RoleInfo.java:shutdownFollowerState(121)) - 3989452c-7599-4156-9543-3fe544ced0f3: shutdown FollowerState
2019-10-16 22:15:20,768 [Thread-2711] INFO  impl.RaftServerImpl (RaftServerImpl.java:setRole(184)) - 3989452c-7599-4156-9543-3fe544ced0f3@group-83CFD60236D8: changes role from  FOLLOWER to CANDIDATE at term 290 for changeToCandidate
2019-10-16 22:15:20,768 [Thread-2711] INFO  impl.RoleInfo (RoleInfo.java:updateAndGet(143)) - 3989452c-7599-4156-9543-3fe544ced0f3: start LeaderElection
2019-10-16 22:15:20,793 [3989452c-7599-4156-9543-3fe544ced0f3@group-83CFD60236D8-LeaderElection275] INFO  impl.LeaderElection (LeaderElection.java:askForVotes(178)) - 3989452c-7599-4156-9543-3fe544ced0f3@group-83CFD60236D8-LeaderElection275: begin an election at term 291 for -1: [3989452c-7599-4156-9543-3fe544ced0f3:192.168.157.254:36320, eec99a0c-e1b1-4518-bc49-9d1a8c8e04d5:192.168.157.254:45598, d9e6ea44-93db-446f-8020-a94232284285:192.168.157.254:41671], old=null
2019-10-16 22:15:20,795 [grpc-default-executor-18] INFO  impl.RaftServerImpl (RaftServerImpl.java:setRole(184)) - eec99a0c-e1b1-4518-bc49-9d1a8c8e04d5@group-83CFD60236D8: changes role from  FOLLOWER to FOLLOWER at term 291 for recognizeCandidate:3989452c-7599-4156-9543-3fe544ced0f3
2019-10-16 22:15:20,795 [grpc-default-executor-23] INFO  impl.RaftServerImpl (RaftServerImpl.java:setRole(184)) - d9e6ea44-93db-446f-8020-a94232284285@group-83CFD60236D8: changes role from  FOLLOWER to FOLLOWER at term 291 for recognizeCandidate:3989452c-7599-4156-9543-3fe544ced0f3
2019-10-16 22:15:20,795 [grpc-default-executor-18] INFO  impl.RoleInfo (RoleInfo.java:shutdownFollowerState(121)) - eec99a0c-e1b1-4518-bc49-9d1a8c8e04d5: shutdown FollowerState
2019-10-16 22:15:20,796 [grpc-default-executor-23] INFO  impl.RoleInfo (RoleInfo.java:shutdownFollowerState(121)) - d9e6ea44-93db-446f-8020-a94232284285: shutdown FollowerState
2019-10-16 22:15:20,796 [grpc-default-executor-18] INFO  impl.RoleInfo (RoleInfo.java:updateAndGet(143)) - eec99a0c-e1b1-4518-bc49-9d1a8c8e04d5: start FollowerState
2019-10-16 22:15:20,796 [Thread-2709] INFO  impl.FollowerState (FollowerState.java:run(117)) - eec99a0c-e1b1-4518-bc49-9d1a8c8e04d5@group-83CFD60236D8-FollowerState was interrupted: java.lang.InterruptedException: sleep interrupted
2019-10-16 22:15:20,796 [Thread-2710] INFO  impl.FollowerState (FollowerState.java:run(117)) - d9e6ea44-93db-446f-8020-a94232284285@group-83CFD60236D8-FollowerState was interrupted: java.lang.InterruptedException: sleep interrupted
2019-10-16 22:15:20,796 [grpc-default-executor-23] INFO  impl.RoleInfo (RoleInfo.java:updateAndGet(143)) - d9e6ea44-93db-446f-8020-a94232284285: start FollowerState
2019-10-16 22:15:20,822 [3989452c-7599-4156-9543-3fe544ced0f3@group-83CFD60236D8-LeaderElection275] INFO  impl.LeaderElection (LeaderElection.java:logAndReturn(56)) - 3989452c-7599-4156-9543-3fe544ced0f3@group-83CFD60236D8-LeaderElection275: Election REJECTED; received 2 response(s) [3989452c-7599-4156-9543-3fe544ced0f3<-eec99a0c-e1b1-4518-bc49-9d1a8c8e04d5#0:FAIL-t291, 3989452c-7599-4156-9543-3fe544ced0f3<-d9e6ea44-93db-446f-8020-a94232284285#0:FAIL-t291] and 0 exception(s); 3989452c-7599-4156-9543-3fe544ced0f3@group-83CFD60236D8:t291, leader=null, voted=3989452c-7599-4156-9543-3fe544ced0f3, raftlog=3989452c-7599-4156-9543-3fe544ced0f3@group-83CFD60236D8-SegmentedRaftLog:OPENED:c-1,f-1,i0, conf=-1: [3989452c-7599-4156-9543-3fe544ced0f3:192.168.157.254:36320, eec99a0c-e1b1-4518-bc49-9d1a8c8e04d5:192.168.157.254:45598, d9e6ea44-93db-446f-8020-a94232284285:192.168.157.254:41671], old=null
2019-10-16 22:15:20,822 [3989452c-7599-4156-9543-3fe544ced0f3@group-83CFD60236D8-LeaderElection275] INFO  impl.RaftServerImpl (RaftServerImpl.java:setRole(184)) - 3989452c-7599-4156-9543-3fe544ced0f3@group-83CFD60236D8: changes role from CANDIDATE to FOLLOWER at term 291 for DISCOVERED_A_NEW_TERM
2019-10-16 22:15:20,822 [3989452c-7599-4156-9543-3fe544ced0f3@group-83CFD60236D8-LeaderElection275] INFO  impl.RoleInfo (RoleInfo.java:shutdownLeaderElection(134)) - 3989452c-7599-4156-9543-3fe544ced0f3: shutdown LeaderElection
2019-10-16 22:15:20,822 [3989452c-7599-4156-9543-3fe544ced0f3@group-83CFD60236D8-LeaderElection275] INFO  impl.RoleInfo (RoleInfo.java:updateAndGet(143)) - 3989452c-7599-4156-9543-3fe544ced0f3: start FollowerState
2019-10-16 22:15:20,957 [Thread-2717] INFO  impl.FollowerState (FollowerState.java:run(108)) - 3989452c-7599-4156-9543-3fe544ced0f3@group-83CFD60236D8-FollowerState: change to CANDIDATE, lastRpcTime:135ms, electionTimeout:135ms
2019-10-16 22:15:20,958 [Thread-2717] INFO  impl.RoleInfo (RoleInfo.java:shutdownFollowerState(121)) - 3989452c-7599-4156-9543-3fe544ced0f3: shutdown FollowerState
2019-10-16 22:15:20,958 [Thread-2717] INFO  impl.RaftServerImpl (RaftServerImpl.java:setRole(184)) - 3989452c-7599-4156-9543-3fe544ced0f3@group-83CFD60236D8: changes role from  FOLLOWER to CANDIDATE at term 291 for changeToCandidate
2019-10-16 22:15:20,958 [Thread-2717] INFO  impl.RoleInfo (RoleInfo.java:updateAndGet(143)) - 3989452c-7599-4156-9543-3fe544ced0f3: start LeaderElection
2019-10-16 22:15:20,971 [3989452c-7599-4156-9543-3fe544ced0f3@group-83CFD60236D8-LeaderElection276] INFO  impl.LeaderElection (LeaderElection.java:askForVotes(178)) - 3989452c-7599-4156-9543-3fe544ced0f3@group-83CFD60236D8-LeaderElection276: begin an election at term 292 for -1: [3989452c-7599-4156-9543-3fe544ced0f3:192.168.157.254:36320, eec99a0c-e1b1-4518-bc49-9d1a8c8e04d5:192.168.157.254:45598, d9e6ea44-93db-446f-8020-a94232284285:192.168.157.254:41671], old=null
2019-10-16 22:15:20,973 [grpc-default-executor-23] INFO  impl.RaftServerImpl (RaftServerImpl.java:setRole(184)) - d9e6ea44-93db-446f-8020-a94232284285@group-83CFD60236D8: changes role from  FOLLOWER to FOLLOWER at term 292 for recognizeCandidate:3989452c-7599-4156-9543-3fe544ced0f3
2019-10-16 22:15:20,973 [grpc-default-executor-18] INFO  impl.RaftServerImpl (RaftServerImpl.java:setRole(184)) - eec99a0c-e1b1-4518-bc49-9d1a8c8e04d5@group-83CFD60236D8: changes role from  FOLLOWER to FOLLOWER at term 292 for recognizeCandidate:3989452c-7599-4156-9543-3fe544ced0f3
2019-10-16 22:15:20,974 [grpc-default-executor-23] INFO  impl.RoleInfo (RoleInfo.java:shutdownFollowerState(121)) - d9e6ea44-93db-446f-8020-a94232284285: shutdown FollowerState
2019-10-16 22:15:20,974 [grpc-default-executor-18] INFO  impl.RoleInfo (RoleInfo.java:shutdownFollowerState(121)) - eec99a0c-e1b1-4518-bc49-9d1a8c8e04d5: shutdown FollowerState
2019-10-16 22:15:20,974 [Thread-2716] INFO  impl.FollowerState (FollowerState.java:run(117)) - d9e6ea44-93db-446f-8020-a94232284285@group-83CFD60236D8-FollowerState was interrupted: java.lang.InterruptedException: sleep interrupted
2019-10-16 22:15:20,974 [grpc-default-executor-23] INFO  impl.RoleInfo (RoleInfo.java:updateAndGet(143)) - d9e6ea44-93db-446f-8020-a94232284285: start FollowerState
2019-10-16 22:15:20,974 [grpc-default-executor-18] INFO  impl.RoleInfo (RoleInfo.java:updateAndGet(143)) - eec99a0c-e1b1-4518-bc49-9d1a8c8e04d5: start FollowerState
2019-10-16 22:15:20,974 [Thread-2715] INFO  impl.FollowerState (FollowerState.java:run(117)) - eec99a0c-e1b1-4518-bc49-9d1a8c8e04d5@group-83CFD60236D8-FollowerState was interrupted: java.lang.InterruptedException: sleep interrupted
2019-10-16 22:15:21,001 [3989452c-7599-4156-9543-3fe544ced0f3@group-83CFD60236D8-LeaderElection276] INFO  impl.LeaderElection (LeaderElection.java:logAndReturn(56)) - 3989452c-7599-4156-9543-3fe544ced0f3@group-83CFD60236D8-LeaderElection276: Election REJECTED; received 2 response(s) [3989452c-7599-4156-9543-3fe544ced0f3<-eec99a0c-e1b1-4518-bc49-9d1a8c8e04d5#0:FAIL-t292, 3989452c-7599-4156-9543-3fe544ced0f3<-d9e6ea44-93db-446f-8020-a94232284285#0:FAIL-t292] and 0 exception(s); 3989452c-7599-4156-9543-3fe544ced0f3@group-83CFD60236D8:t292, leader=null, voted=3989452c-7599-4156-9543-3fe544ced0f3, raftlog=3989452c-7599-4156-9543-3fe544ced0f3@group-83CFD60236D8-SegmentedRaftLog:OPENED:c-1,f-1,i0, conf=-1: [3989452c-7599-4156-9543-3fe544ced0f3:192.168.157.254:36320, eec99a0c-e1b1-4518-bc49-9d1a8c8e04d5:192.168.157.254:45598, d9e6ea44-93db-446f-8020-a94232284285:192.168.157.254:41671], old=null
2019-10-16 22:15:21,001 [3989452c-7599-4156-9543-3fe544ced0f3@group-83CFD60236D8-LeaderElection276] INFO  impl.RaftServerImpl (RaftServerImpl.java:setRole(184)) - 3989452c-7599-4156-9543-3fe544ced0f3@group-83CFD60236D8: changes role from CANDIDATE to FOLLOWER at term 292 for DISCOVERED_A_NEW_TERM
2019-10-16 22:15:21,001 [3989452c-7599-4156-9543-3fe544ced0f3@group-83CFD60236D8-LeaderElection276] INFO  impl.RoleInfo (RoleInfo.java:shutdownLeaderElection(134)) - 3989452c-7599-4156-9543-3fe544ced0f3: shutdown LeaderElection
2019-10-16 22:15:21,001 [3989452c-7599-4156-9543-3fe544ced0f3@group-83CFD60236D8-LeaderElection276] INFO  impl.RoleInfo (RoleInfo.java:updateAndGet(143)) - 3989452c-7599-4156-9543-3fe544ced0f3: start FollowerState
 0.00% |?                                                                                                    |  0/1 Time: 0:06:372019-10-16 22:15:21,131 [Thread-2723] INFO  impl.FollowerState (FollowerState.java:run(108)) - 3989452c-7599-4156-9543-3fe544ced0f3@group-83CFD60236D8-FollowerState: change to CANDIDATE, lastRpcTime:129ms, electionTimeout:129ms
2019-10-16 22:15:21,131 [Thread-2723] INFO  impl.RoleInfo (RoleInfo.java:shutdownFollowerState(121)) - 3989452c-7599-4156-9543-3fe544ced0f3: shutdown FollowerState
2019-10-16 22:15:21,131 [Thread-2723] INFO  impl.RaftServerImpl (RaftServerImpl.java:setRole(184)) - 3989452c-7599-4156-9543-3fe544ced0f3@group-83CFD60236D8: changes role from  FOLLOWER to CANDIDATE at term 292 for changeToCandidate
2019-10-16 22:15:21,131 [Thread-2723] INFO  impl.RoleInfo (RoleInfo.java:updateAndGet(143)) - 3989452c-7599-4156-9543-3fe544ced0f3: start LeaderElection
2019-10-16 22:15:21,157 [3989452c-7599-4156-9543-3fe544ced0f3@group-83CFD60236D8-LeaderElection277] INFO  impl.LeaderElection (LeaderElection.java:askForVotes(178)) - 3989452c-7599-4156-9543-3fe544ced0f3@group-83CFD60236D8-LeaderElection277: begin an election at term 293 for -1: [3989452c-7599-4156-9543-3fe544ced0f3:192.168.157.254:36320, eec99a0c-e1b1-4518-bc49-9d1a8c8e04d5:192.168.157.254:45598, d9e6ea44-93db-446f-8020-a94232284285:192.168.157.254:41671], old=null
2019-10-16 22:15:21,159 [grpc-default-executor-23] INFO  impl.RaftServerImpl (RaftServerImpl.java:setRole(184)) - d9e6ea44-93db-446f-8020-a94232284285@group-83CFD60236D8: changes role from  FOLLOWER to FOLLOWER at term 293 for recognizeCandidate:3989452c-7599-4156-9543-3fe544ced0f3
2019-10-16 22:15:21,159 [grpc-default-executor-23] INFO  impl.RoleInfo (RoleInfo.java:shutdownFollowerState(121)) - d9e6ea44-93db-446f-8020-a94232284285: shutdown FollowerState
2019-10-16 22:15:21,159 [grpc-default-executor-18] INFO  impl.RaftServerImpl (RaftServerImpl.java:setRole(184)) - eec99a0c-e1b1-4518-bc49-9d1a8c8e04d5@group-83CFD60236D8: changes role from  FOLLOWER to FOLLOWER at term 293 for recognizeCandidate:3989452c-7599-4156-9543-3fe544ced0f3
2019-10-16 22:15:21,159 [Thread-2721] INFO  impl.FollowerState (FollowerState.java:run(117)) - d9e6ea44-93db-446f-8020-a94232284285@group-83CFD60236D8-FollowerState was interrupted: java.lang.InterruptedException: sleep interrupted
2019-10-16 22:15:21,159 [grpc-default-executor-23] INFO  impl.RoleInfo (RoleInfo.java:updateAndGet(143)) - d9e6ea44-93db-446f-8020-a94232284285: start FollowerState
2019-10-16 22:15:21,159 [grpc-default-executor-18] INFO  impl.RoleInfo (RoleInfo.java:shutdownFollowerState(121)) - eec99a0c-e1b1-4518-bc49-9d1a8c8e04d5: shutdown FollowerState
2019-10-16 22:15:21,160 [grpc-default-executor-18] INFO  impl.RoleInfo (RoleInfo.java:updateAndGet(143)) - eec99a0c-e1b1-4518-bc49-9d1a8c8e04d5: start FollowerState
2019-10-16 22:15:21,160 [Thread-2722] INFO  impl.FollowerState (FollowerState.java:run(117)) - eec99a0c-e1b1-4518-bc49-9d1a8c8e04d5@group-83CFD60236D8-FollowerState was interrupted: java.lang.InterruptedException: sleep interrupted
2019-10-16 22:15:21,173 [3989452c-7599-4156-9543-3fe544ced0f3@group-83CFD60236D8-LeaderElection277] INFO  impl.LeaderElection (LeaderElection.java:logAndReturn(56)) - 3989452c-7599-4156-9543-3fe544ced0f3@group-83CFD60236D8-LeaderElection277: Election REJECTED; received 2 response(s) [3989452c-7599-4156-9543-3fe544ced0f3<-eec99a0c-e1b1-4518-bc49-9d1a8c8e04d5#0:FAIL-t293, 3989452c-7599-4156-9543-3fe544ced0f3<-d9e6ea44-93db-446f-8020-a94232284285#0:FAIL-t293] and 0 exception(s); 3989452c-7599-4156-9543-3fe544ced0f3@group-83CFD60236D8:t293, leader=null, voted=3989452c-7599-4156-9543-3fe544ced0f3, raftlog=3989452c-7599-4156-9543-3fe544ced0f3@group-83CFD60236D8-SegmentedRaftLog:OPENED:c-1,f-1,i0, conf=-1: [3989452c-7599-4156-9543-3fe544ced0f3:192.168.157.254:36320, eec99a0c-e1b1-4518-bc49-9d1a8c8e04d5:192.168.157.254:45598, d9e6ea44-93db-446f-8020-a94232284285:192.168.157.254:41671], old=null
2019-10-16 22:15:21,173 [3989452c-7599-4156-9543-3fe544ced0f3@group-83CFD60236D8-LeaderElection277] INFO  impl.RaftServerImpl (RaftServerImpl.java:setRole(184)) - 3989452c-7599-4156-9543-3fe544ced0f3@group-83CFD60236D8: changes role from CANDIDATE to FOLLOWER at term 293 for DISCOVERED_A_NEW_TERM
2019-10-16 22:15:21,174 [3989452c-7599-4156-9543-3fe544ced0f3@group-83CFD60236D8-LeaderElection277] INFO  impl.RoleInfo (RoleInfo.java:shutdownLeaderElection(134)) - 3989452c-7599-4156-9543-3fe544ced0f3: shutdown LeaderElection
2019-10-16 22:15:21,174 [3989452c-7599-4156-9543-3fe544ced0f3@group-83CFD60236D8-LeaderElection277] INFO  impl.RoleInfo (RoleInfo.java:updateAndGet(143)) - 3989452c-7599-4156-9543-3fe544ced0f3: start FollowerState
2019-10-16 22:15:21,313 [Thread-2729] INFO  impl.FollowerState (FollowerState.java:run(108)) - 3989452c-7599-4156-9543-3fe544ced0f3@group-83CFD60236D8-FollowerState: change to CANDIDATE, lastRpcTime:139ms, electionTimeout:139ms
2019-10-16 22:15:21,313 [Thread-2729] INFO  impl.RoleInfo (RoleInfo.java:shutdownFollowerState(121)) - 3989452c-7599-4156-9543-3fe544ced0f3: shutdown FollowerState
2019-10-16 22:15:21,313 [Thread-2729] INFO  impl.RaftServerImpl (RaftServerImpl.java:setRole(184)) - 3989452c-7599-4156-9543-3fe544ced0f3@group-83CFD60236D8: changes role from  FOLLOWER to CANDIDATE at term 293 for changeToCandidate
2019-10-16 22:15:21,314 [Thread-2729] INFO  impl.RoleInfo (RoleInfo.java:updateAndGet(143)) - 3989452c-7599-4156-9543-3fe544ced0f3: start LeaderElection
2019-10-16 22:15:21,339 [3989452c-7599-4156-9543-3fe544ced0f3@group-83CFD60236D8-LeaderElection278] INFO  impl.LeaderElection (LeaderElection.java:askForVotes(178)) - 3989452c-7599-4156-9543-3fe544ced0f3@group-83CFD60236D8-LeaderElection278: begin an election at term 294 for -1: [3989452c-7599-4156-9543-3fe544ced0f3:192.168.157.254:36320, eec99a0c-e1b1-4518-bc49-9d1a8c8e04d5:192.168.157.254:45598, d9e6ea44-93db-446f-8020-a94232284285:192.168.157.254:41671], old=null
2019-10-16 22:15:21,342 [grpc-default-executor-23] INFO  impl.RaftServerImpl (RaftServerImpl.java:setRole(184)) - eec99a0c-e1b1-4518-bc49-9d1a8c8e04d5@group-83CFD60236D8: changes role from  FOLLOWER to FOLLOWER at term 294 for recognizeCandidate:3989452c-7599-4156-9543-3fe544ced0f3
2019-10-16 22:15:21,342 [grpc-default-executor-18] INFO  impl.RaftServerImpl (RaftServerImpl.java:setRole(184)) - d9e6ea44-93db-446f-8020-a94232284285@group-83CFD60236D8: changes role from  FOLLOWER to FOLLOWER at term 294 for recognizeCandidate:3989452c-7599-4156-9543-3fe544ced0f3
2019-10-16 22:15:21,342 [grpc-default-executor-23] INFO  impl.RoleInfo (RoleInfo.java:shutdownFollowerState(121)) - eec99a0c-e1b1-4518-bc49-9d1a8c8e04d5: shutdown FollowerState
2019-10-16 22:15:21,342 [grpc-default-executor-18] INFO  impl.RoleInfo (RoleInfo.java:shutdownFollowerState(121)) - d9e6ea44-93db-446f-8020-a94232284285: shutdown FollowerState
2019-10-16 22:15:21,342 [Thread-2728] INFO  impl.FollowerState (FollowerState.java:run(117)) - eec99a0c-e1b1-4518-bc49-9d1a8c8e04d5@group-83CFD60236D8-FollowerState was interrupted: java.lang.InterruptedException: sleep interrupted
2019-10-16 22:15:21,342 [grpc-default-executor-23] INFO  impl.RoleInfo (RoleInfo.java:updateAndGet(143)) - eec99a0c-e1b1-4518-bc49-9d1a8c8e04d5: start FollowerState
2019-10-16 22:15:21,342 [grpc-default-executor-18] INFO  impl.RoleInfo (RoleInfo.java:updateAndGet(143)) - d9e6ea44-93db-446f-8020-a94232284285: start FollowerState
2019-10-16 22:15:21,342 [Thread-2727] INFO  impl.FollowerState (FollowerState.java:run(117)) - d9e6ea44-93db-446f-8020-a94232284285@group-83CFD60236D8-FollowerState was interrupted: java.lang.InterruptedException: sleep interrupted
2019-10-16 22:15:21,371 [3989452c-7599-4156-9543-3fe544ced0f3@group-83CFD60236D8-LeaderElection278] INFO  impl.LeaderElection (LeaderElection.java:logAndReturn(56)) - 3989452c-7599-4156-9543-3fe544ced0f3@group-83CFD60236D8-LeaderElection278: Election REJECTED; received 2 response(s) [3989452c-7599-4156-9543-3fe544ced0f3<-eec99a0c-e1b1-4518-bc49-9d1a8c8e04d5#0:FAIL-t294, 3989452c-7599-4156-9543-3fe544ced0f3<-d9e6ea44-93db-446f-8020-a94232284285#0:FAIL-t294] and 0 exception(s); 3989452c-7599-4156-9543-3fe544ced0f3@group-83CFD60236D8:t294, leader=null, voted=3989452c-7599-4156-9543-3fe544ced0f3, raftlog=3989452c-7599-4156-9543-3fe544ced0f3@group-83CFD60236D8-SegmentedRaftLog:OPENED:c-1,f-1,i0, conf=-1: [3989452c-7599-4156-9543-3fe544ced0f3:192.168.157.254:36320, eec99a0c-e1b1-4518-bc49-9d1a8c8e04d5:192.168.157.254:45598, d9e6ea44-93db-446f-8020-a94232284285:192.168.157.254:41671], old=null
2019-10-16 22:15:21,371 [3989452c-7599-4156-9543-3fe544ced0f3@group-83CFD60236D8-LeaderElection278] INFO  impl.RaftServerImpl (RaftServerImpl.java:setRole(184)) - 3989452c-7599-4156-9543-3fe544ced0f3@group-83CFD60236D8: changes role from CANDIDATE to FOLLOWER at term 294 for DISCOVERED_A_NEW_TERM
2019-10-16 22:15:21,371 [3989452c-7599-4156-9543-3fe544ced0f3@group-83CFD60236D8-LeaderElection278] INFO  impl.RoleInfo (RoleInfo.java:shutdownLeaderElection(134)) - 3989452c-7599-4156-9543-3fe544ced0f3: shutdown LeaderElection
2019-10-16 22:15:21,371 [3989452c-7599-4156-9543-3fe544ced0f3@group-83CFD60236D8-LeaderElection278] INFO  impl.RoleInfo (RoleInfo.java:updateAndGet(143)) - 3989452c-7599-4156-9543-3fe544ced0f3: start FollowerState
2019-10-16 22:15:21,404 [Thread-2735] INFO  impl.FollowerState (FollowerState.java:run(108)) - 3989452c-7599-4156-9543-3fe544ced0f3@group-83CFD60236D8-FollowerState: change to CANDIDATE, lastRpcTime:33ms, electionTimeout:33ms
2019-10-16 22:15:21,405 [Thread-2735] INFO  impl.RoleInfo (RoleInfo.java:shutdownFollowerState(121)) - 3989452c-7599-4156-9543-3fe544ced0f3: shutdown FollowerState
2019-10-16 22:15:21,405 [Thread-2735] INFO  impl.RaftServerImpl (RaftServerImpl.java:setRole(184)) - 3989452c-7599-4156-9543-3fe544ced0f3@group-83CFD60236D8: changes role from  FOLLOWER to CANDIDATE at term 294 for changeToCandidate
2019-10-16 22:15:21,405 [Thread-2735] INFO  impl.RoleInfo (RoleInfo.java:updateAndGet(143)) - 3989452c-7599-4156-9543-3fe544ced0f3: start LeaderElection
2019-10-16 22:15:21,422 [3989452c-7599-4156-9543-3fe544ced0f3@group-83CFD60236D8-LeaderElection279] INFO  impl.LeaderElection (LeaderElection.java:askForVotes(178)) - 3989452c-7599-4156-9543-3fe544ced0f3@group-83CFD60236D8-LeaderElection279: begin an election at term 295 for -1: [3989452c-7599-4156-9543-3fe544ced0f3:192.168.157.254:36320, eec99a0c-e1b1-4518-bc49-9d1a8c8e04d5:192.168.157.254:45598, d9e6ea44-93db-446f-8020-a94232284285:192.168.157.254:41671], old=null
2019-10-16 22:15:21,424 [grpc-default-executor-18] INFO  impl.RaftServerImpl (RaftServerImpl.java:setRole(184)) - eec99a0c-e1b1-4518-bc49-9d1a8c8e04d5@group-83CFD60236D8: changes role from  FOLLOWER to FOLLOWER at term 295 for recognizeCandidate:3989452c-7599-4156-9543-3fe544ced0f3
2019-10-16 22:15:21,424 [grpc-default-executor-18] INFO  impl.RoleInfo (RoleInfo.java:shutdownFollowerState(121)) - eec99a0c-e1b1-4518-bc49-9d1a8c8e04d5: shutdown FollowerState
2019-10-16 22:15:21,424 [grpc-default-executor-23] INFO  impl.RaftServerImpl (RaftServerImpl.java:setRole(184)) - d9e6ea44-93db-446f-8020-a94232284285@group-83CFD60236D8: changes role from  FOLLOWER to FOLLOWER at term 295 for recognizeCandidate:3989452c-7599-4156-9543-3fe544ced0f3
2019-10-16 22:15:21,424 [grpc-default-executor-23] INFO  impl.RoleInfo (RoleInfo.java:shutdownFollowerState(121)) - d9e6ea44-93db-446f-8020-a94232284285: shutdown FollowerState
2019-10-16 22:15:21,424 [Thread-2733] INFO  impl.FollowerState (FollowerState.java:run(117)) - eec99a0c-e1b1-4518-bc49-9d1a8c8e04d5@group-83CFD60236D8-FollowerState was interrupted: java.lang.InterruptedException: sleep interrupted
2019-10-16 22:15:21,424 [Thread-2734] INFO  impl.FollowerState (FollowerState.java:run(117)) - d9e6ea44-93db-446f-8020-a94232284285@group-83CFD60236D8-FollowerState was interrupted: java.lang.InterruptedException: sleep interrupted
2019-10-16 22:15:21,424 [grpc-default-executor-18] INFO  impl.RoleInfo (RoleInfo.java:updateAndGet(143)) - eec99a0c-e1b1-4518-bc49-9d1a8c8e04d5: start FollowerState
2019-10-16 22:15:21,424 [grpc-default-executor-23] INFO  impl.RoleInfo (RoleInfo.java:updateAndGet(143)) - d9e6ea44-93db-446f-8020-a94232284285: start FollowerState
2019-10-16 22:15:21,439 [3989452c-7599-4156-9543-3fe544ced0f3@group-83CFD60236D8-LeaderElection279] INFO  impl.LeaderElection (LeaderElection.java:logAndReturn(56)) - 3989452c-7599-4156-9543-3fe544ced0f3@group-83CFD60236D8-LeaderElection279: Election REJECTED; received 2 response(s) [3989452c-7599-4156-9543-3fe544ced0f3<-eec99a0c-e1b1-4518-bc49-9d1a8c8e04d5#0:FAIL-t295, 3989452c-7599-4156-9543-3fe544ced0f3<-d9e6ea44-93db-446f-8020-a94232284285#0:FAIL-t295] and 0 exception(s); 3989452c-7599-4156-9543-3fe544ced0f3@group-83CFD60236D8:t295, leader=null, voted=3989452c-7599-4156-9543-3fe544ced0f3, raftlog=3989452c-7599-4156-9543-3fe544ced0f3@group-83CFD60236D8-SegmentedRaftLog:OPENED:c-1,f-1,i0, conf=-1: [3989452c-7599-4156-9543-3fe544ced0f3:192.168.157.254:36320, eec99a0c-e1b1-4518-bc49-9d1a8c8e04d5:192.168.157.254:45598, d9e6ea44-93db-446f-8020-a94232284285:192.168.157.254:41671], old=null
2019-10-16 22:15:21,439 [3989452c-7599-4156-9543-3fe544ced0f3@group-83CFD60236D8-LeaderElection279] INFO  impl.RaftServerImpl (RaftServerImpl.java:setRole(184)) - 3989452c-7599-4156-9543-3fe544ced0f3@group-83CFD60236D8: changes role from CANDIDATE to FOLLOWER at term 295 for DISCOVERED_A_NEW_TERM
2019-10-16 22:15:21,439 [3989452c-7599-4156-9543-3fe544ced0f3@group-83CFD60236D8-LeaderElection279] INFO  impl.RoleInfo (RoleInfo.java:shutdownLeaderElection(134)) - 3989452c-7599-4156-9543-3fe544ced0f3: shutdown LeaderElection
2019-10-16 22:15:21,440 [3989452c-7599-4156-9543-3fe544ced0f3@group-83CFD60236D8-LeaderElection279] INFO  impl.RoleInfo (RoleInfo.java:updateAndGet(143)) - 3989452c-7599-4156-9543-3fe544ced0f3: start FollowerState
2019-10-16 22:15:21,461 [Thread-2741] INFO  impl.FollowerState (FollowerState.java:run(108)) - 3989452c-7599-4156-9543-3fe544ced0f3@group-83CFD60236D8-FollowerState: change to CANDIDATE, lastRpcTime:21ms, electionTimeout:21ms
2019-10-16 22:15:21,461 [Thread-2741] INFO  impl.RoleInfo (RoleInfo.java:shutdownFollowerState(121)) - 3989452c-7599-4156-9543-3fe544ced0f3: shutdown FollowerState
2019-10-16 22:15:21,461 [Thread-2741] INFO  impl.RaftServerImpl (RaftServerImpl.java:setRole(184)) - 3989452c-7599-4156-9543-3fe544ced0f3@group-83CFD60236D8: changes role from  FOLLOWER to CANDIDATE at term 295 for changeToCandidate
2019-10-16 22:15:21,461 [Thread-2741] INFO  impl.RoleInfo (RoleInfo.java:updateAndGet(143)) - 3989452c-7599-4156-9543-3fe544ced0f3: start LeaderElection
2019-10-16 22:15:21,475 [3989452c-7599-4156-9543-3fe544ced0f3@group-83CFD60236D8-LeaderElection280] INFO  impl.LeaderElection (LeaderElection.java:askForVotes(178)) - 3989452c-7599-4156-9543-3fe544ced0f3@group-83CFD60236D8-LeaderElection280: begin an election at term 296 for -1: [3989452c-7599-4156-9543-3fe544ced0f3:192.168.157.254:36320, eec99a0c-e1b1-4518-bc49-9d1a8c8e04d5:192.168.157.254:45598, d9e6ea44-93db-446f-8020-a94232284285:192.168.157.254:41671], old=null
2019-10-16 22:15:21,476 [grpc-default-executor-23] INFO  impl.RaftServerImpl (RaftServerImpl.java:setRole(184)) - eec99a0c-e1b1-4518-bc49-9d1a8c8e04d5@group-83CFD60236D8: changes role from  FOLLOWER to FOLLOWER at term 296 for recognizeCandidate:3989452c-7599-4156-9543-3fe544ced0f3
2019-10-16 22:15:21,476 [grpc-default-executor-18] INFO  impl.RaftServerImpl (RaftServerImpl.java:setRole(184)) - d9e6ea44-93db-446f-8020-a94232284285@group-83CFD60236D8: changes role from  FOLLOWER to FOLLOWER at term 296 for recognizeCandidate:3989452c-7599-4156-9543-3fe544ced0f3
2019-10-16 22:15:21,476 [grpc-default-executor-18] INFO  impl.RoleInfo (RoleInfo.java:shutdownFollowerState(121)) - d9e6ea44-93db-446f-8020-a94232284285: shutdown FollowerState
2019-10-16 22:15:21,476 [grpc-default-executor-23] INFO  impl.RoleInfo (RoleInfo.java:shutdownFollowerState(121)) - eec99a0c-e1b1-4518-bc49-9d1a8c8e04d5: shutdown FollowerState
2019-10-16 22:15:21,477 [Thread-2740] INFO  impl.FollowerState (FollowerState.java:run(117)) - d9e6ea44-93db-446f-8020-a94232284285@group-83CFD60236D8-FollowerState was interrupted: java.lang.InterruptedException: sleep interrupted
2019-10-16 22:15:21,477 [grpc-default-executor-18] INFO  impl.RoleInfo (RoleInfo.java:updateAndGet(143)) - d9e6ea44-93db-446f-8020-a94232284285: start FollowerState
2019-10-16 22:15:21,477 [Thread-2739] INFO  impl.FollowerState (FollowerState.java:run(117)) - eec99a0c-e1b1-4518-bc49-9d1a8c8e04d5@group-83CFD60236D8-FollowerState was interrupted: java.lang.InterruptedException: sleep interrupted
2019-10-16 22:15:21,477 [grpc-default-executor-23] INFO  impl.RoleInfo (RoleInfo.java:updateAndGet(143)) - eec99a0c-e1b1-4518-bc49-9d1a8c8e04d5: start FollowerState
2019-10-16 22:15:21,480 [3989452c-7599-4156-9543-3fe544ced0f3@group-83CFD60236D8-LeaderElection280] INFO  impl.LeaderElection (LeaderElection.java:logAndReturn(56)) - 3989452c-7599-4156-9543-3fe544ced0f3@group-83CFD60236D8-LeaderElection280: Election TIMEOUT; received 0 response(s) [] and 0 exception(s); 3989452c-7599-4156-9543-3fe544ced0f3@group-83CFD60236D8:t296, leader=null, voted=3989452c-7599-4156-9543-3fe544ced0f3, raftlog=3989452c-7599-4156-9543-3fe544ced0f3@group-83CFD60236D8-SegmentedRaftLog:OPENED:c-1,f-1,i0, conf=-1: [3989452c-7599-4156-9543-3fe544ced0f3:192.168.157.254:36320, eec99a0c-e1b1-4518-bc49-9d1a8c8e04d5:192.168.157.254:45598, d9e6ea44-93db-446f-8020-a94232284285:192.168.157.254:41671], old=null
2019-10-16 22:15:21,502 [3989452c-7599-4156-9543-3fe544ced0f3@group-83CFD60236D8-LeaderElection280] INFO  impl.LeaderElection (LeaderElection.java:askForVotes(178)) - 3989452c-7599-4156-9543-3fe544ced0f3@group-83CFD60236D8-LeaderElection280: begin an election at term 297 for -1: [3989452c-7599-4156-9543-3fe544ced0f3:192.168.157.254:36320, eec99a0c-e1b1-4518-bc49-9d1a8c8e04d5:192.168.157.254:45598, d9e6ea44-93db-446f-8020-a94232284285:192.168.157.254:41671], old=null
2019-10-16 22:15:21,504 [grpc-default-executor-18] INFO  impl.RaftServerImpl (RaftServerImpl.java:setRole(184)) - eec99a0c-e1b1-4518-bc49-9d1a8c8e04d5@group-83CFD60236D8: changes role from  FOLLOWER to FOLLOWER at term 297 for recognizeCandidate:3989452c-7599-4156-9543-3fe544ced0f3
2019-10-16 22:15:21,504 [grpc-default-executor-18] INFO  impl.RoleInfo (RoleInfo.java:shutdownFollowerState(121)) - eec99a0c-e1b1-4518-bc49-9d1a8c8e04d5: shutdown FollowerState
2019-10-16 22:15:21,504 [grpc-default-executor-18] INFO  impl.RoleInfo (RoleInfo.java:updateAndGet(143)) - eec99a0c-e1b1-4518-bc49-9d1a8c8e04d5: start FollowerState
2019-10-16 22:15:21,504 [grpc-default-executor-23] INFO  impl.RaftServerImpl (RaftServerImpl.java:setRole(184)) - d9e6ea44-93db-446f-8020-a94232284285@group-83CFD60236D8: changes role from  FOLLOWER to FOLLOWER at term 297 for recognizeCandidate:3989452c-7599-4156-9543-3fe544ced0f3
2019-10-16 22:15:21,504 [Thread-2746] INFO  impl.FollowerState (FollowerState.java:run(117)) - eec99a0c-e1b1-4518-bc49-9d1a8c8e04d5@group-83CFD60236D8-FollowerState was interrupted: java.lang.InterruptedException: sleep interrupted
2019-10-16 22:15:21,504 [grpc-default-executor-23] INFO  impl.RoleInfo (RoleInfo.java:shutdownFollowerState(121)) - d9e6ea44-93db-446f-8020-a94232284285: shutdown FollowerState
2019-10-16 22:15:21,505 [grpc-default-executor-23] INFO  impl.RoleInfo (RoleInfo.java:updateAndGet(143)) - d9e6ea44-93db-446f-8020-a94232284285: start FollowerState
2019-10-16 22:15:21,505 [Thread-2745] INFO  impl.FollowerState (FollowerState.java:run(117)) - d9e6ea44-93db-446f-8020-a94232284285@group-83CFD60236D8-FollowerState was interrupted: java.lang.InterruptedException: sleep interrupted
2019-10-16 22:15:21,529 [3989452c-7599-4156-9543-3fe544ced0f3@group-83CFD60236D8-LeaderElection280] INFO  impl.LeaderElection (LeaderElection.java:logAndReturn(56)) - 3989452c-7599-4156-9543-3fe544ced0f3@group-83CFD60236D8-LeaderElection280: Election REJECTED; received 2 response(s) [3989452c-7599-4156-9543-3fe544ced0f3<-eec99a0c-e1b1-4518-bc49-9d1a8c8e04d5#0:FAIL-t297, 3989452c-7599-4156-9543-3fe544ced0f3<-d9e6ea44-93db-446f-8020-a94232284285#0:FAIL-t297] and 0 exception(s); 3989452c-7599-4156-9543-3fe544ced0f3@group-83CFD60236D8:t297, leader=null, voted=3989452c-7599-4156-9543-3fe544ced0f3, raftlog=3989452c-7599-4156-9543-3fe544ced0f3@group-83CFD60236D8-SegmentedRaftLog:OPENED:c-1,f-1,i0, conf=-1: [3989452c-7599-4156-9543-3fe544ced0f3:192.168.157.254:36320, eec99a0c-e1b1-4518-bc49-9d1a8c8e04d5:192.168.157.254:45598, d9e6ea44-93db-446f-8020-a94232284285:192.168.157.254:41671], old=null
2019-10-16 22:15:21,530 [3989452c-7599-4156-9543-3fe544ced0f3@group-83CFD60236D8-LeaderElection280] INFO  impl.RaftServerImpl (RaftServerImpl.java:setRole(184)) - 3989452c-7599-4156-9543-3fe544ced0f3@group-83CFD60236D8: changes role from CANDIDATE to FOLLOWER at term 297 for DISCOVERED_A_NEW_TERM
2019-10-16 22:15:21,530 [3989452c-7599-4156-9543-3fe544ced0f3@group-83CFD60236D8-LeaderElection280] INFO  impl.RoleInfo (RoleInfo.java:shutdownLeaderElection(134)) - 3989452c-7599-4156-9543-3fe544ced0f3: shutdown LeaderElection
2019-10-16 22:15:21,530 [3989452c-7599-4156-9543-3fe544ced0f3@group-83CFD60236D8-LeaderElection280] INFO  impl.RoleInfo (RoleInfo.java:updateAndGet(143)) - 3989452c-7599-4156-9543-3fe544ced0f3: start FollowerState
2019-10-16 22:15:21,661 [Thread-2751] INFO  impl.FollowerState (FollowerState.java:run(108)) - 3989452c-7599-4156-9543-3fe544ced0f3@group-83CFD60236D8-FollowerState: change to CANDIDATE, lastRpcTime:131ms, electionTimeout:131ms
2019-10-16 22:15:21,661 [Thread-2751] INFO  impl.RoleInfo (RoleInfo.java:shutdownFollowerState(121)) - 3989452c-7599-4156-9543-3fe544ced0f3: shutdown FollowerState
2019-10-16 22:15:21,661 [Thread-2751] INFO  impl.RaftServerImpl (RaftServerImpl.java:setRole(184)) - 3989452c-7599-4156-9543-3fe544ced0f3@group-83CFD60236D8: changes role from  FOLLOWER to CANDIDATE at term 297 for changeToCandidate
2019-10-16 22:15:21,662 [Thread-2751] INFO  impl.RoleInfo (RoleInfo.java:updateAndGet(143)) - 3989452c-7599-4156-9543-3fe544ced0f3: start LeaderElection
2019-10-16 22:15:21,671 [3989452c-7599-4156-9543-3fe544ced0f3@group-83CFD60236D8-LeaderElection281] INFO  impl.LeaderElection (LeaderElection.java:askForVotes(178)) - 3989452c-7599-4156-9543-3fe544ced0f3@group-83CFD60236D8-LeaderElection281: begin an election at term 298 for -1: [3989452c-7599-4156-9543-3fe544ced0f3:192.168.157.254:36320, eec99a0c-e1b1-4518-bc49-9d1a8c8e04d5:192.168.157.254:45598, d9e6ea44-93db-446f-8020-a94232284285:192.168.157.254:41671], old=null
2019-10-16 22:15:21,673 [grpc-default-executor-23] INFO  impl.RaftServerImpl (RaftServerImpl.java:setRole(184)) - eec99a0c-e1b1-4518-bc49-9d1a8c8e04d5@group-83CFD60236D8: changes role from  FOLLOWER to FOLLOWER at term 298 for recognizeCandidate:3989452c-7599-4156-9543-3fe544ced0f3
2019-10-16 22:15:21,673 [grpc-default-executor-18] INFO  impl.RaftServerImpl (RaftServerImpl.java:setRole(184)) - d9e6ea44-93db-446f-8020-a94232284285@group-83CFD60236D8: changes role from  FOLLOWER to FOLLOWER at term 298 for recognizeCandidate:3989452c-7599-4156-9543-3fe544ced0f3
2019-10-16 22:15:21,674 [grpc-default-executor-23] INFO  impl.RoleInfo (RoleInfo.java:shutdownFollowerState(121)) - eec99a0c-e1b1-4518-bc49-9d1a8c8e04d5: shutdown FollowerState
2019-10-16 22:15:21,674 [grpc-default-executor-18] INFO  impl.RoleInfo (RoleInfo.java:shutdownFollowerState(121)) - d9e6ea44-93db-446f-8020-a94232284285: shutdown FollowerState
2019-10-16 22:15:21,674 [Thread-2749] INFO  impl.FollowerState (FollowerState.java:run(117)) - eec99a0c-e1b1-4518-bc49-9d1a8c8e04d5@group-83CFD60236D8-FollowerState was interrupted: java.lang.InterruptedException: sleep interrupted
2019-10-16 22:15:21,674 [grpc-default-executor-23] INFO  impl.RoleInfo (RoleInfo.java:updateAndGet(143)) - eec99a0c-e1b1-4518-bc49-9d1a8c8e04d5: start FollowerState
2019-10-16 22:15:21,674 [Thread-2750] INFO  impl.FollowerState (FollowerState.java:run(117)) - d9e6ea44-93db-446f-8020-a94232284285@group-83CFD60236D8-FollowerState was interrupted: java.lang.InterruptedException: sleep interrupted
2019-10-16 22:15:21,674 [grpc-default-executor-18] INFO  impl.RoleInfo (RoleInfo.java:updateAndGet(143)) - d9e6ea44-93db-446f-8020-a94232284285: start FollowerState
2019-10-16 22:15:21,700 [3989452c-7599-4156-9543-3fe544ced0f3@group-83CFD60236D8-LeaderElection281] INFO  impl.LeaderElection (LeaderElection.java:logAndReturn(56)) - 3989452c-7599-4156-9543-3fe544ced0f3@group-83CFD60236D8-LeaderElection281: Election REJECTED; received 2 response(s) [3989452c-7599-4156-9543-3fe544ced0f3<-eec99a0c-e1b1-4518-bc49-9d1a8c8e04d5#0:FAIL-t298, 3989452c-7599-4156-9543-3fe544ced0f3<-d9e6ea44-93db-446f-8020-a94232284285#0:FAIL-t298] and 0 exception(s); 3989452c-7599-4156-9543-3fe544ced0f3@group-83CFD60236D8:t298, leader=null, voted=3989452c-7599-4156-9543-3fe544ced0f3, raftlog=3989452c-7599-4156-9543-3fe544ced0f3@group-83CFD60236D8-SegmentedRaftLog:OPENED:c-1,f-1,i0, conf=-1: [3989452c-7599-4156-9543-3fe544ced0f3:192.168.157.254:36320, eec99a0c-e1b1-4518-bc49-9d1a8c8e04d5:192.168.157.254:45598, d9e6ea44-93db-446f-8020-a94232284285:192.168.157.254:41671], old=null
2019-10-16 22:15:21,700 [3989452c-7599-4156-9543-3fe544ced0f3@group-83CFD60236D8-LeaderElection281] INFO  impl.RaftServerImpl (RaftServerImpl.java:setRole(184)) - 3989452c-7599-4156-9543-3fe544ced0f3@group-83CFD60236D8: changes role from CANDIDATE to FOLLOWER at term 298 for DISCOVERED_A_NEW_TERM
2019-10-16 22:15:21,700 [3989452c-7599-4156-9543-3fe544ced0f3@group-83CFD60236D8-LeaderElection281] INFO  impl.RoleInfo (RoleInfo.java:shutdownLeaderElection(134)) - 3989452c-7599-4156-9543-3fe544ced0f3: shutdown LeaderElection
2019-10-16 22:15:21,701 [3989452c-7599-4156-9543-3fe544ced0f3@group-83CFD60236D8-LeaderElection281] INFO  impl.RoleInfo (RoleInfo.java:updateAndGet(143)) - 3989452c-7599-4156-9543-3fe544ced0f3: start FollowerState
2019-10-16 22:15:21,845 [Thread-2757] INFO  impl.FollowerState (FollowerState.java:run(108)) - 3989452c-7599-4156-9543-3fe544ced0f3@group-83CFD60236D8-FollowerState: change to CANDIDATE, lastRpcTime:144ms, electionTimeout:144ms
2019-10-16 22:15:21,845 [Thread-2757] INFO  impl.RoleInfo (RoleInfo.java:shutdownFollowerState(121)) - 3989452c-7599-4156-9543-3fe544ced0f3: shutdown FollowerState
2019-10-16 22:15:21,845 [Thread-2757] INFO  impl.RaftServerImpl (RaftServerImpl.java:setRole(184)) - 3989452c-7599-4156-9543-3fe544ced0f3@group-83CFD60236D8: changes role from  FOLLOWER to CANDIDATE at term 298 for changeToCandidate
2019-10-16 22:15:21,845 [Thread-2757] INFO  impl.RoleInfo (RoleInfo.java:updateAndGet(143)) - 3989452c-7599-4156-9543-3fe544ced0f3: start LeaderElection
2019-10-16 22:15:21,860 [3989452c-7599-4156-9543-3fe544ced0f3@group-83CFD60236D8-LeaderElection282] INFO  impl.LeaderElection (LeaderElection.java:askForVotes(178)) - 3989452c-7599-4156-9543-3fe544ced0f3@group-83CFD60236D8-LeaderElection282: begin an election at term 299 for -1: [3989452c-7599-4156-9543-3fe544ced0f3:192.168.157.254:36320, eec99a0c-e1b1-4518-bc49-9d1a8c8e04d5:192.168.157.254:45598, d9e6ea44-93db-446f-8020-a94232284285:192.168.157.254:41671], old=null
2019-10-16 22:15:21,862 [grpc-default-executor-18] INFO  impl.RaftServerImpl (RaftServerImpl.java:setRole(184)) - eec99a0c-e1b1-4518-bc49-9d1a8c8e04d5@group-83CFD60236D8: changes role from  FOLLOWER to FOLLOWER at term 299 for recognizeCandidate:3989452c-7599-4156-9543-3fe544ced0f3
2019-10-16 22:15:21,862 [grpc-default-executor-18] INFO  impl.RoleInfo (RoleInfo.java:shutdownFollowerState(121)) - eec99a0c-e1b1-4518-bc49-9d1a8c8e04d5: shutdown FollowerState
2019-10-16 22:15:21,862 [grpc-default-executor-18] INFO  impl.RoleInfo (RoleInfo.java:updateAndGet(143)) - eec99a0c-e1b1-4518-bc49-9d1a8c8e04d5: start FollowerState
2019-10-16 22:15:21,862 [Thread-2755] INFO  impl.FollowerState (FollowerState.java:run(117)) - eec99a0c-e1b1-4518-bc49-9d1a8c8e04d5@group-83CFD60236D8-FollowerState was interrupted: java.lang.InterruptedException: sleep interrupted
2019-10-16 22:15:21,862 [grpc-default-executor-23] INFO  impl.RaftServerImpl (RaftServerImpl.java:setRole(184)) - d9e6ea44-93db-446f-8020-a94232284285@group-83CFD60236D8: changes role from  FOLLOWER to FOLLOWER at term 299 for recognizeCandidate:3989452c-7599-4156-9543-3fe544ced0f3
2019-10-16 22:15:21,862 [grpc-default-executor-23] INFO  impl.RoleInfo (RoleInfo.java:shutdownFollowerState(121)) - d9e6ea44-93db-446f-8020-a94232284285: shutdown FollowerState
2019-10-16 22:15:21,863 [grpc-default-executor-23] INFO  impl.RoleInfo (RoleInfo.java:updateAndGet(143)) - d9e6ea44-93db-446f-8020-a94232284285: start FollowerState
2019-10-16 22:15:21,863 [Thread-2756] INFO  impl.FollowerState (FollowerState.java:run(117)) - d9e6ea44-93db-446f-8020-a94232284285@group-83CFD60236D8-FollowerState was interrupted: java.lang.InterruptedException: sleep interrupted
2019-10-16 22:15:21,888 [3989452c-7599-4156-9543-3fe544ced0f3@group-83CFD60236D8-LeaderElection282] INFO  impl.LeaderElection (LeaderElection.java:logAndReturn(56)) - 3989452c-7599-4156-9543-3fe544ced0f3@group-83CFD60236D8-LeaderElection282: Election REJECTED; received 2 response(s) [3989452c-7599-4156-9543-3fe544ced0f3<-eec99a0c-e1b1-4518-bc49-9d1a8c8e04d5#0:FAIL-t299, 3989452c-7599-4156-9543-3fe544ced0f3<-d9e6ea44-93db-446f-8020-a94232284285#0:FAIL-t299] and 0 exception(s); 3989452c-7599-4156-9543-3fe544ced0f3@group-83CFD60236D8:t299, leader=null, voted=3989452c-7599-4156-9543-3fe544ced0f3, raftlog=3989452c-7599-4156-9543-3fe544ced0f3@group-83CFD60236D8-SegmentedRaftLog:OPENED:c-1,f-1,i0, conf=-1: [3989452c-7599-4156-9543-3fe544ced0f3:192.168.157.254:36320, eec99a0c-e1b1-4518-bc49-9d1a8c8e04d5:192.168.157.254:45598, d9e6ea44-93db-446f-8020-a94232284285:192.168.157.254:41671], old=null
2019-10-16 22:15:21,888 [3989452c-7599-4156-9543-3fe544ced0f3@group-83CFD60236D8-LeaderElection282] INFO  impl.RaftServerImpl (RaftServerImpl.java:setRole(184)) - 3989452c-7599-4156-9543-3fe544ced0f3@group-83CFD60236D8: changes role from CANDIDATE to FOLLOWER at term 299 for DISCOVERED_A_NEW_TERM
2019-10-16 22:15:21,888 [3989452c-7599-4156-9543-3fe544ced0f3@group-83CFD60236D8-LeaderElection282] INFO  impl.RoleInfo (RoleInfo.java:shutdownLeaderElection(134)) - 3989452c-7599-4156-9543-3fe544ced0f3: shutdown LeaderElection
2019-10-16 22:15:21,888 [3989452c-7599-4156-9543-3fe544ced0f3@group-83CFD60236D8-LeaderElection282] INFO  impl.RoleInfo (RoleInfo.java:updateAndGet(143)) - 3989452c-7599-4156-9543-3fe544ced0f3: start FollowerState
2019-10-16 22:15:21,997 [Thread-2765] INFO  impl.FollowerState (FollowerState.java:run(108)) - 3989452c-7599-4156-9543-3fe544ced0f3@group-83CFD60236D8-FollowerState: change to CANDIDATE, lastRpcTime:108ms, electionTimeout:108ms
2019-10-16 22:15:21,997 [Thread-2765] INFO  impl.RoleInfo (RoleInfo.java:shutdownFollowerState(121)) - 3989452c-7599-4156-9543-3fe544ced0f3: shutdown FollowerState
2019-10-16 22:15:21,997 [Thread-2765] INFO  impl.RaftServerImpl (RaftServerImpl.java:setRole(184)) - 3989452c-7599-4156-9543-3fe544ced0f3@group-83CFD60236D8: changes role from  FOLLOWER to CANDIDATE at term 299 for changeToCandidate
2019-10-16 22:15:21,997 [Thread-2765] INFO  impl.RoleInfo (RoleInfo.java:updateAndGet(143)) - 3989452c-7599-4156-9543-3fe544ced0f3: start LeaderElection
2019-10-16 22:15:22,029 [3989452c-7599-4156-9543-3fe544ced0f3@group-83CFD60236D8-LeaderElection283] INFO  impl.LeaderElection (LeaderElection.java:askForVotes(178)) - 3989452c-7599-4156-9543-3fe544ced0f3@group-83CFD60236D8-LeaderElection283: begin an election at term 300 for -1: [3989452c-7599-4156-9543-3fe544ced0f3:192.168.157.254:36320, eec99a0c-e1b1-4518-bc49-9d1a8c8e04d5:192.168.157.254:45598, d9e6ea44-93db-446f-8020-a94232284285:192.168.157.254:41671], old=null
2019-10-16 22:15:22,031 [grpc-default-executor-23] INFO  impl.RaftServerImpl (RaftServerImpl.java:setRole(184)) - eec99a0c-e1b1-4518-bc49-9d1a8c8e04d5@group-83CFD60236D8: changes role from  FOLLOWER to FOLLOWER at term 300 for recognizeCandidate:3989452c-7599-4156-9543-3fe544ced0f3
2019-10-16 22:15:22,031 [grpc-default-executor-23] INFO  impl.RoleInfo (RoleInfo.java:shutdownFollowerState(121)) - eec99a0c-e1b1-4518-bc49-9d1a8c8e04d5: shutdown FollowerState
2019-10-16 22:15:22,031 [grpc-default-executor-18] INFO  impl.RaftServerImpl (RaftServerImpl.java:setRole(184)) - d9e6ea44-93db-446f-8020-a94232284285@group-83CFD60236D8: changes role from  FOLLOWER to FOLLOWER at term 300 for recognizeCandidate:3989452c-7599-4156-9543-3fe544ced0f3
2019-10-16 22:15:22,031 [Thread-2763] INFO  impl.FollowerState (FollowerState.java:run(117)) - eec99a0c-e1b1-4518-bc49-9d1a8c8e04d5@group-83CFD60236D8-FollowerState was interrupted: java.lang.InterruptedException: sleep interrupted
2019-10-16 22:15:22,031 [grpc-default-executor-23] INFO  impl.RoleInfo (RoleInfo.java:updateAndGet(143)) - eec99a0c-e1b1-4518-bc49-9d1a8c8e04d5: start FollowerState
2019-10-16 22:15:22,031 [grpc-default-executor-18] INFO  impl.RoleInfo (RoleInfo.java:shutdownFollowerState(121)) - d9e6ea44-93db-446f-8020-a94232284285: shutdown FollowerState
2019-10-16 22:15:22,032 [grpc-default-executor-18] INFO  impl.RoleInfo (RoleInfo.java:updateAndGet(143)) - d9e6ea44-93db-446f-8020-a94232284285: start FollowerState
2019-10-16 22:15:22,032 [Thread-2764] INFO  impl.FollowerState (FollowerState.java:run(117)) - d9e6ea44-93db-446f-8020-a94232284285@group-83CFD60236D8-FollowerState was interrupted: java.lang.InterruptedException: sleep interrupted
 0.00% |?                                                                                                    |  0/1 Time: 0:06:382019-10-16 22:15:22,053 [3989452c-7599-4156-9543-3fe544ced0f3@group-83CFD60236D8-LeaderElection283] INFO  impl.LeaderElection (LeaderElection.java:logAndReturn(56)) - 3989452c-7599-4156-9543-3fe544ced0f3@group-83CFD60236D8-LeaderElection283: Election REJECTED; received 2 response(s) [3989452c-7599-4156-9543-3fe544ced0f3<-eec99a0c-e1b1-4518-bc49-9d1a8c8e04d5#0:FAIL-t300, 3989452c-7599-4156-9543-3fe544ced0f3<-d9e6ea44-93db-446f-8020-a94232284285#0:FAIL-t300] and 0 exception(s); 3989452c-7599-4156-9543-3fe544ced0f3@group-83CFD60236D8:t300, leader=null, voted=3989452c-7599-4156-9543-3fe544ced0f3, raftlog=3989452c-7599-4156-9543-3fe544ced0f3@group-83CFD60236D8-SegmentedRaftLog:OPENED:c-1,f-1,i0, conf=-1: [3989452c-7599-4156-9543-3fe544ced0f3:192.168.157.254:36320, eec99a0c-e1b1-4518-bc49-9d1a8c8e04d5:192.168.157.254:45598, d9e6ea44-93db-446f-8020-a94232284285:192.168.157.254:41671], old=null
2019-10-16 22:15:22,053 [3989452c-7599-4156-9543-3fe544ced0f3@group-83CFD60236D8-LeaderElection283] INFO  impl.RaftServerImpl (RaftServerImpl.java:setRole(184)) - 3989452c-7599-4156-9543-3fe544ced0f3@group-83CFD60236D8: changes role from CANDIDATE to FOLLOWER at term 300 for DISCOVERED_A_NEW_TERM
2019-10-16 22:15:22,053 [3989452c-7599-4156-9543-3fe544ced0f3@group-83CFD60236D8-LeaderElection283] INFO  impl.RoleInfo (RoleInfo.java:shutdownLeaderElection(134)) - 3989452c-7599-4156-9543-3fe544ced0f3: shutdown LeaderElection
2019-10-16 22:15:22,053 [3989452c-7599-4156-9543-3fe544ced0f3@group-83CFD60236D8-LeaderElection283] INFO  impl.RoleInfo (RoleInfo.java:updateAndGet(143)) - 3989452c-7599-4156-9543-3fe544ced0f3: start FollowerState
2019-10-16 22:15:22,068 [Thread-2771] INFO  impl.FollowerState (FollowerState.java:run(108)) - 3989452c-7599-4156-9543-3fe544ced0f3@group-83CFD60236D8-FollowerState: change to CANDIDATE, lastRpcTime:14ms, electionTimeout:14ms
2019-10-16 22:15:22,068 [Thread-2771] INFO  impl.RoleInfo (RoleInfo.java:shutdownFollowerState(121)) - 3989452c-7599-4156-9543-3fe544ced0f3: shutdown FollowerState
2019-10-16 22:15:22,068 [Thread-2771] INFO  impl.RaftServerImpl (RaftServerImpl.java:setRole(184)) - 3989452c-7599-4156-9543-3fe544ced0f3@group-83CFD60236D8: changes role from  FOLLOWER to CANDIDATE at term 300 for changeToCandidate
2019-10-16 22:15:22,068 [Thread-2771] INFO  impl.RoleInfo (RoleInfo.java:updateAndGet(143)) - 3989452c-7599-4156-9543-3fe544ced0f3: start LeaderElection
2019-10-16 22:15:22,081 [3989452c-7599-4156-9543-3fe544ced0f3@group-83CFD60236D8-LeaderElection284] INFO  impl.LeaderElection (LeaderElection.java:askForVotes(178)) - 3989452c-7599-4156-9543-3fe544ced0f3@group-83CFD60236D8-LeaderElection284: begin an election at term 301 for -1: [3989452c-7599-4156-9543-3fe544ced0f3:192.168.157.254:36320, eec99a0c-e1b1-4518-bc49-9d1a8c8e04d5:192.168.157.254:45598, d9e6ea44-93db-446f-8020-a94232284285:192.168.157.254:41671], old=null
2019-10-16 22:15:22,083 [grpc-default-executor-18] INFO  impl.RaftServerImpl (RaftServerImpl.java:setRole(184)) - d9e6ea44-93db-446f-8020-a94232284285@group-83CFD60236D8: changes role from  FOLLOWER to FOLLOWER at term 301 for recognizeCandidate:3989452c-7599-4156-9543-3fe544ced0f3
2019-10-16 22:15:22,083 [grpc-default-executor-18] INFO  impl.RoleInfo (RoleInfo.java:shutdownFollowerState(121)) - d9e6ea44-93db-446f-8020-a94232284285: shutdown FollowerState
2019-10-16 22:15:22,083 [grpc-default-executor-18] INFO  impl.RoleInfo (RoleInfo.java:updateAndGet(143)) - d9e6ea44-93db-446f-8020-a94232284285: start FollowerState
2019-10-16 22:15:22,083 [Thread-2770] INFO  impl.FollowerState (FollowerState.java:run(117)) - d9e6ea44-93db-446f-8020-a94232284285@group-83CFD60236D8-FollowerState was interrupted: java.lang.InterruptedException: sleep interrupted
2019-10-16 22:15:22,083 [grpc-default-executor-23] INFO  impl.RaftServerImpl (RaftServerImpl.java:setRole(184)) - eec99a0c-e1b1-4518-bc49-9d1a8c8e04d5@group-83CFD60236D8: changes role from  FOLLOWER to FOLLOWER at term 301 for recognizeCandidate:3989452c-7599-4156-9543-3fe544ced0f3
2019-10-16 22:15:22,083 [grpc-default-executor-23] INFO  impl.RoleInfo (RoleInfo.java:shutdownFollowerState(121)) - eec99a0c-e1b1-4518-bc49-9d1a8c8e04d5: shutdown FollowerState
2019-10-16 22:15:22,083 [grpc-default-executor-23] INFO  impl.RoleInfo (RoleInfo.java:updateAndGet(143)) - eec99a0c-e1b1-4518-bc49-9d1a8c8e04d5: start FollowerState
2019-10-16 22:15:22,083 [Thread-2769] INFO  impl.FollowerState (FollowerState.java:run(117)) - eec99a0c-e1b1-4518-bc49-9d1a8c8e04d5@group-83CFD60236D8-FollowerState was interrupted: java.lang.InterruptedException: sleep interrupted
2019-10-16 22:15:22,093 [3989452c-7599-4156-9543-3fe544ced0f3@group-83CFD60236D8-LeaderElection284] INFO  impl.LeaderElection (LeaderElection.java:logAndReturn(56)) - 3989452c-7599-4156-9543-3fe544ced0f3@group-83CFD60236D8-LeaderElection284: Election REJECTED; received 2 response(s) [3989452c-7599-4156-9543-3fe544ced0f3<-eec99a0c-e1b1-4518-bc49-9d1a8c8e04d5#0:FAIL-t301, 3989452c-7599-4156-9543-3fe544ced0f3<-d9e6ea44-93db-446f-8020-a94232284285#0:FAIL-t301] and 0 exception(s); 3989452c-7599-4156-9543-3fe544ced0f3@group-83CFD60236D8:t301, leader=null, voted=3989452c-7599-4156-9543-3fe544ced0f3, raftlog=3989452c-7599-4156-9543-3fe544ced0f3@group-83CFD60236D8-SegmentedRaftLog:OPENED:c-1,f-1,i0, conf=-1: [3989452c-7599-4156-9543-3fe544ced0f3:192.168.157.254:36320, eec99a0c-e1b1-4518-bc49-9d1a8c8e04d5:192.168.157.254:45598, d9e6ea44-93db-446f-8020-a94232284285:192.168.157.254:41671], old=null
2019-10-16 22:15:22,093 [3989452c-7599-4156-9543-3fe544ced0f3@group-83CFD60236D8-LeaderElection284] INFO  impl.RaftServerImpl (RaftServerImpl.java:setRole(184)) - 3989452c-7599-4156-9543-3fe544ced0f3@group-83CFD60236D8: changes role from CANDIDATE to FOLLOWER at term 301 for DISCOVERED_A_NEW_TERM
2019-10-16 22:15:22,093 [3989452c-7599-4156-9543-3fe544ced0f3@group-83CFD60236D8-LeaderElection284] INFO  impl.RoleInfo (RoleInfo.java:shutdownLeaderElection(134)) - 3989452c-7599-4156-9543-3fe544ced0f3: shutdown LeaderElection
2019-10-16 22:15:22,093 [3989452c-7599-4156-9543-3fe544ced0f3@group-83CFD60236D8-LeaderElection284] INFO  impl.RoleInfo (RoleInfo.java:updateAndGet(143)) - 3989452c-7599-4156-9543-3fe544ced0f3: start FollowerState
2019-10-16 22:15:22,109 [Thread-2777] INFO  impl.FollowerState (FollowerState.java:run(108)) - 3989452c-7599-4156-9543-3fe544ced0f3@group-83CFD60236D8-FollowerState: change to CANDIDATE, lastRpcTime:16ms, electionTimeout:16ms
2019-10-16 22:15:22,109 [Thread-2777] INFO  impl.RoleInfo (RoleInfo.java:shutdownFollowerState(121)) - 3989452c-7599-4156-9543-3fe544ced0f3: shutdown FollowerState
2019-10-16 22:15:22,109 [Thread-2777] INFO  impl.RaftServerImpl (RaftServerImpl.java:setRole(184)) - 3989452c-7599-4156-9543-3fe544ced0f3@group-83CFD60236D8: changes role from  FOLLOWER to CANDIDATE at term 301 for changeToCandidate
2019-10-16 22:15:22,110 [Thread-2777] INFO  impl.RoleInfo (RoleInfo.java:updateAndGet(143)) - 3989452c-7599-4156-9543-3fe544ced0f3: start LeaderElection
2019-10-16 22:15:22,135 [3989452c-7599-4156-9543-3fe544ced0f3@group-83CFD60236D8-LeaderElection285] INFO  impl.LeaderElection (LeaderElection.java:askForVotes(178)) - 3989452c-7599-4156-9543-3fe544ced0f3@group-83CFD60236D8-LeaderElection285: begin an election at term 302 for -1: [3989452c-7599-4156-9543-3fe544ced0f3:192.168.157.254:36320, eec99a0c-e1b1-4518-bc49-9d1a8c8e04d5:192.168.157.254:45598, d9e6ea44-93db-446f-8020-a94232284285:192.168.157.254:41671], old=null
2019-10-16 22:15:22,137 [grpc-default-executor-18] INFO  impl.RaftServerImpl (RaftServerImpl.java:setRole(184)) - eec99a0c-e1b1-4518-bc49-9d1a8c8e04d5@group-83CFD60236D8: changes role from  FOLLOWER to FOLLOWER at term 302 for recognizeCandidate:3989452c-7599-4156-9543-3fe544ced0f3
2019-10-16 22:15:22,137 [grpc-default-executor-18] INFO  impl.RoleInfo (RoleInfo.java:shutdownFollowerState(121)) - eec99a0c-e1b1-4518-bc49-9d1a8c8e04d5: shutdown FollowerState
2019-10-16 22:15:22,137 [grpc-default-executor-23] INFO  impl.RaftServerImpl (RaftServerImpl.java:setRole(184)) - d9e6ea44-93db-446f-8020-a94232284285@group-83CFD60236D8: changes role from  FOLLOWER to FOLLOWER at term 302 for recognizeCandidate:3989452c-7599-4156-9543-3fe544ced0f3
2019-10-16 22:15:22,137 [grpc-default-executor-23] INFO  impl.RoleInfo (RoleInfo.java:shutdownFollowerState(121)) - d9e6ea44-93db-446f-8020-a94232284285: shutdown FollowerState
2019-10-16 22:15:22,137 [Thread-2776] INFO  impl.FollowerState (FollowerState.java:run(117)) - eec99a0c-e1b1-4518-bc49-9d1a8c8e04d5@group-83CFD60236D8-FollowerState was interrupted: java.lang.InterruptedException: sleep interrupted
2019-10-16 22:15:22,137 [grpc-default-executor-18] INFO  impl.RoleInfo (RoleInfo.java:updateAndGet(143)) - eec99a0c-e1b1-4518-bc49-9d1a8c8e04d5: start FollowerState
2019-10-16 22:15:22,137 [Thread-2775] INFO  impl.FollowerState (FollowerState.java:run(117)) - d9e6ea44-93db-446f-8020-a94232284285@group-83CFD60236D8-FollowerState was interrupted: java.lang.InterruptedException: sleep interrupted
2019-10-16 22:15:22,137 [grpc-default-executor-23] INFO  impl.RoleInfo (RoleInfo.java:updateAndGet(143)) - d9e6ea44-93db-446f-8020-a94232284285: start FollowerState
2019-10-16 22:15:22,162 [3989452c-7599-4156-9543-3fe544ced0f3@group-83CFD60236D8-LeaderElection285] INFO  impl.LeaderElection (LeaderElection.java:logAndReturn(56)) - 3989452c-7599-4156-9543-3fe544ced0f3@group-83CFD60236D8-LeaderElection285: Election REJECTED; received 2 response(s) [3989452c-7599-4156-9543-3fe544ced0f3<-eec99a0c-e1b1-4518-bc49-9d1a8c8e04d5#0:FAIL-t302, 3989452c-7599-4156-9543-3fe544ced0f3<-d9e6ea44-93db-446f-8020-a94232284285#0:FAIL-t302] and 0 exception(s); 3989452c-7599-4156-9543-3fe544ced0f3@group-83CFD60236D8:t302, leader=null, voted=3989452c-7599-4156-9543-3fe544ced0f3, raftlog=3989452c-7599-4156-9543-3fe544ced0f3@group-83CFD60236D8-SegmentedRaftLog:OPENED:c-1,f-1,i0, conf=-1: [3989452c-7599-4156-9543-3fe544ced0f3:192.168.157.254:36320, eec99a0c-e1b1-4518-bc49-9d1a8c8e04d5:192.168.157.254:45598, d9e6ea44-93db-446f-8020-a94232284285:192.168.157.254:41671], old=null
2019-10-16 22:15:22,162 [3989452c-7599-4156-9543-3fe544ced0f3@group-83CFD60236D8-LeaderElection285] INFO  impl.RaftServerImpl (RaftServerImpl.java:setRole(184)) - 3989452c-7599-4156-9543-3fe544ced0f3@group-83CFD60236D8: changes role from CANDIDATE to FOLLOWER at term 302 for DISCOVERED_A_NEW_TERM
2019-10-16 22:15:22,162 [3989452c-7599-4156-9543-3fe544ced0f3@group-83CFD60236D8-LeaderElection285] INFO  impl.RoleInfo (RoleInfo.java:shutdownLeaderElection(134)) - 3989452c-7599-4156-9543-3fe544ced0f3: shutdown LeaderElection
2019-10-16 22:15:22,163 [3989452c-7599-4156-9543-3fe544ced0f3@group-83CFD60236D8-LeaderElection285] INFO  impl.RoleInfo (RoleInfo.java:updateAndGet(143)) - 3989452c-7599-4156-9543-3fe544ced0f3: start FollowerState
2019-10-16 22:15:22,179 [Thread-2783] INFO  impl.FollowerState (FollowerState.java:run(108)) - 3989452c-7599-4156-9543-3fe544ced0f3@group-83CFD60236D8-FollowerState: change to CANDIDATE, lastRpcTime:16ms, electionTimeout:16ms
2019-10-16 22:15:22,179 [Thread-2783] INFO  impl.RoleInfo (RoleInfo.java:shutdownFollowerState(121)) - 3989452c-7599-4156-9543-3fe544ced0f3: shutdown FollowerState
2019-10-16 22:15:22,179 [Thread-2783] INFO  impl.RaftServerImpl (RaftServerImpl.java:setRole(184)) - 3989452c-7599-4156-9543-3fe544ced0f3@group-83CFD60236D8: changes role from  FOLLOWER to CANDIDATE at term 302 for changeToCandidate
2019-10-16 22:15:22,179 [Thread-2783] INFO  impl.RoleInfo (RoleInfo.java:updateAndGet(143)) - 3989452c-7599-4156-9543-3fe544ced0f3: start LeaderElection
2019-10-16 22:15:22,199 [3989452c-7599-4156-9543-3fe544ced0f3@group-83CFD60236D8-LeaderElection286] INFO  impl.LeaderElection (LeaderElection.java:askForVotes(178)) - 3989452c-7599-4156-9543-3fe544ced0f3@group-83CFD60236D8-LeaderElection286: begin an election at term 303 for -1: [3989452c-7599-4156-9543-3fe544ced0f3:192.168.157.254:36320, eec99a0c-e1b1-4518-bc49-9d1a8c8e04d5:192.168.157.254:45598, d9e6ea44-93db-446f-8020-a94232284285:192.168.157.254:41671], old=null
2019-10-16 22:15:22,202 [grpc-default-executor-23] INFO  impl.RaftServerImpl (RaftServerImpl.java:setRole(184)) - d9e6ea44-93db-446f-8020-a94232284285@group-83CFD60236D8: changes role from  FOLLOWER to FOLLOWER at term 303 for recognizeCandidate:3989452c-7599-4156-9543-3fe544ced0f3
2019-10-16 22:15:22,202 [grpc-default-executor-18] INFO  impl.RaftServerImpl (RaftServerImpl.java:setRole(184)) - eec99a0c-e1b1-4518-bc49-9d1a8c8e04d5@group-83CFD60236D8: changes role from  FOLLOWER to FOLLOWER at term 303 for recognizeCandidate:3989452c-7599-4156-9543-3fe544ced0f3
2019-10-16 22:15:22,202 [grpc-default-executor-23] INFO  impl.RoleInfo (RoleInfo.java:shutdownFollowerState(121)) - d9e6ea44-93db-446f-8020-a94232284285: shutdown FollowerState
2019-10-16 22:15:22,202 [grpc-default-executor-18] INFO  impl.RoleInfo (RoleInfo.java:shutdownFollowerState(121)) - eec99a0c-e1b1-4518-bc49-9d1a8c8e04d5: shutdown FollowerState
2019-10-16 22:15:22,202 [Thread-2782] INFO  impl.FollowerState (FollowerState.java:run(117)) - d9e6ea44-93db-446f-8020-a94232284285@group-83CFD60236D8-FollowerState was interrupted: java.lang.InterruptedException: sleep interrupted
2019-10-16 22:15:22,202 [grpc-default-executor-23] INFO  impl.RoleInfo (RoleInfo.java:updateAndGet(143)) - d9e6ea44-93db-446f-8020-a94232284285: start FollowerState
2019-10-16 22:15:22,202 [Thread-2781] INFO  impl.FollowerState (FollowerState.java:run(117)) - eec99a0c-e1b1-4518-bc49-9d1a8c8e04d5@group-83CFD60236D8-FollowerState was interrupted: java.lang.InterruptedException: sleep interrupted
2019-10-16 22:15:22,202 [grpc-default-executor-18] INFO  impl.RoleInfo (RoleInfo.java:updateAndGet(143)) - eec99a0c-e1b1-4518-bc49-9d1a8c8e04d5: start FollowerState
2019-10-16 22:15:22,230 [3989452c-7599-4156-9543-3fe544ced0f3@group-83CFD60236D8-LeaderElection286] INFO  impl.LeaderElection (LeaderElection.java:logAndReturn(56)) - 3989452c-7599-4156-9543-3fe544ced0f3@group-83CFD60236D8-LeaderElection286: Election REJECTED; received 2 response(s) [3989452c-7599-4156-9543-3fe544ced0f3<-eec99a0c-e1b1-4518-bc49-9d1a8c8e04d5#0:FAIL-t303, 3989452c-7599-4156-9543-3fe544ced0f3<-d9e6ea44-93db-446f-8020-a94232284285#0:FAIL-t303] and 0 exception(s); 3989452c-7599-4156-9543-3fe544ced0f3@group-83CFD60236D8:t303, leader=null, voted=3989452c-7599-4156-9543-3fe544ced0f3, raftlog=3989452c-7599-4156-9543-3fe544ced0f3@group-83CFD60236D8-SegmentedRaftLog:OPENED:c-1,f-1,i0, conf=-1: [3989452c-7599-4156-9543-3fe544ced0f3:192.168.157.254:36320, eec99a0c-e1b1-4518-bc49-9d1a8c8e04d5:192.168.157.254:45598, d9e6ea44-93db-446f-8020-a94232284285:192.168.157.254:41671], old=null
2019-10-16 22:15:22,230 [3989452c-7599-4156-9543-3fe544ced0f3@group-83CFD60236D8-LeaderElection286] INFO  impl.RaftServerImpl (RaftServerImpl.java:setRole(184)) - 3989452c-7599-4156-9543-3fe544ced0f3@group-83CFD60236D8: changes role from CANDIDATE to FOLLOWER at term 303 for DISCOVERED_A_NEW_TERM
2019-10-16 22:15:22,230 [3989452c-7599-4156-9543-3fe544ced0f3@group-83CFD60236D8-LeaderElection286] INFO  impl.RoleInfo (RoleInfo.java:shutdownLeaderElection(134)) - 3989452c-7599-4156-9543-3fe544ced0f3: shutdown LeaderElection
2019-10-16 22:15:22,231 [3989452c-7599-4156-9543-3fe544ced0f3@group-83CFD60236D8-LeaderElection286] INFO  impl.RoleInfo (RoleInfo.java:updateAndGet(143)) - 3989452c-7599-4156-9543-3fe544ced0f3: start FollowerState
2019-10-16 22:15:22,299 [Thread-2789] INFO  impl.FollowerState (FollowerState.java:run(108)) - 3989452c-7599-4156-9543-3fe544ced0f3@group-83CFD60236D8-FollowerState: change to CANDIDATE, lastRpcTime:68ms, electionTimeout:68ms
2019-10-16 22:15:22,299 [Thread-2789] INFO  impl.RoleInfo (RoleInfo.java:shutdownFollowerState(121)) - 3989452c-7599-4156-9543-3fe544ced0f3: shutdown FollowerState
2019-10-16 22:15:22,299 [Thread-2789] INFO  impl.RaftServerImpl (RaftServerImpl.java:setRole(184)) - 3989452c-7599-4156-9543-3fe544ced0f3@group-83CFD60236D8: changes role from  FOLLOWER to CANDIDATE at term 303 for changeToCandidate
2019-10-16 22:15:22,300 [Thread-2789] INFO  impl.RoleInfo (RoleInfo.java:updateAndGet(143)) - 3989452c-7599-4156-9543-3fe544ced0f3: start LeaderElection
2019-10-16 22:15:22,313 [3989452c-7599-4156-9543-3fe544ced0f3@group-83CFD60236D8-LeaderElection287] INFO  impl.LeaderElection (LeaderElection.java:askForVotes(178)) - 3989452c-7599-4156-9543-3fe544ced0f3@group-83CFD60236D8-LeaderElection287: begin an election at term 304 for -1: [3989452c-7599-4156-9543-3fe544ced0f3:192.168.157.254:36320, eec99a0c-e1b1-4518-bc49-9d1a8c8e04d5:192.168.157.254:45598, d9e6ea44-93db-446f-8020-a94232284285:192.168.157.254:41671], old=null
2019-10-16 22:15:22,314 [grpc-default-executor-18] INFO  impl.RaftServerImpl (RaftServerImpl.java:setRole(184)) - eec99a0c-e1b1-4518-bc49-9d1a8c8e04d5@group-83CFD60236D8: changes role from  FOLLOWER to FOLLOWER at term 304 for recognizeCandidate:3989452c-7599-4156-9543-3fe544ced0f3
2019-10-16 22:15:22,314 [grpc-default-executor-23] INFO  impl.RaftServerImpl (RaftServerImpl.java:setRole(184)) - d9e6ea44-93db-446f-8020-a94232284285@group-83CFD60236D8: changes role from  FOLLOWER to FOLLOWER at term 304 for recognizeCandidate:3989452c-7599-4156-9543-3fe544ced0f3
2019-10-16 22:15:22,315 [grpc-default-executor-18] INFO  impl.RoleInfo (RoleInfo.java:shutdownFollowerState(121)) - eec99a0c-e1b1-4518-bc49-9d1a8c8e04d5: shutdown FollowerState
2019-10-16 22:15:22,315 [grpc-default-executor-23] INFO  impl.RoleInfo (RoleInfo.java:shutdownFollowerState(121)) - d9e6ea44-93db-446f-8020-a94232284285: shutdown FollowerState
2019-10-16 22:15:22,315 [Thread-2788] INFO  impl.FollowerState (FollowerState.java:run(117)) - eec99a0c-e1b1-4518-bc49-9d1a8c8e04d5@group-83CFD60236D8-FollowerState was interrupted: java.lang.InterruptedException: sleep interrupted
2019-10-16 22:15:22,315 [grpc-default-executor-18] INFO  impl.RoleInfo (RoleInfo.java:updateAndGet(143)) - eec99a0c-e1b1-4518-bc49-9d1a8c8e04d5: start FollowerState
2019-10-16 22:15:22,315 [Thread-2787] INFO  impl.FollowerState (FollowerState.java:run(117)) - d9e6ea44-93db-446f-8020-a94232284285@group-83CFD60236D8-FollowerState was interrupted: java.lang.InterruptedException: sleep interrupted
2019-10-16 22:15:22,315 [grpc-default-executor-23] INFO  impl.RoleInfo (RoleInfo.java:updateAndGet(143)) - d9e6ea44-93db-446f-8020-a94232284285: start FollowerState
2019-10-16 22:15:22,329 [3989452c-7599-4156-9543-3fe544ced0f3@group-83CFD60236D8-LeaderElection287] INFO  impl.LeaderElection (LeaderElection.java:logAndReturn(56)) - 3989452c-7599-4156-9543-3fe544ced0f3@group-83CFD60236D8-LeaderElection287: Election REJECTED; received 2 response(s) [3989452c-7599-4156-9543-3fe544ced0f3<-eec99a0c-e1b1-4518-bc49-9d1a8c8e04d5#0:FAIL-t304, 3989452c-7599-4156-9543-3fe544ced0f3<-d9e6ea44-93db-446f-8020-a94232284285#0:FAIL-t304] and 0 exception(s); 3989452c-7599-4156-9543-3fe544ced0f3@group-83CFD60236D8:t304, leader=null, voted=3989452c-7599-4156-9543-3fe544ced0f3, raftlog=3989452c-7599-4156-9543-3fe544ced0f3@group-83CFD60236D8-SegmentedRaftLog:OPENED:c-1,f-1,i0, conf=-1: [3989452c-7599-4156-9543-3fe544ced0f3:192.168.157.254:36320, eec99a0c-e1b1-4518-bc49-9d1a8c8e04d5:192.168.157.254:45598, d9e6ea44-93db-446f-8020-a94232284285:192.168.157.254:41671], old=null
2019-10-16 22:15:22,329 [3989452c-7599-4156-9543-3fe544ced0f3@group-83CFD60236D8-LeaderElection287] INFO  impl.RaftServerImpl (RaftServerImpl.java:setRole(184)) - 3989452c-7599-4156-9543-3fe544ced0f3@group-83CFD60236D8: changes role from CANDIDATE to FOLLOWER at term 304 for DISCOVERED_A_NEW_TERM
2019-10-16 22:15:22,330 [3989452c-7599-4156-9543-3fe544ced0f3@group-83CFD60236D8-LeaderElection287] INFO  impl.RoleInfo (RoleInfo.java:shutdownLeaderElection(134)) - 3989452c-7599-4156-9543-3fe544ced0f3: shutdown LeaderElection
2019-10-16 22:15:22,330 [3989452c-7599-4156-9543-3fe544ced0f3@group-83CFD60236D8-LeaderElection287] INFO  impl.RoleInfo (RoleInfo.java:updateAndGet(143)) - 3989452c-7599-4156-9543-3fe544ced0f3: start FollowerState
2019-10-16 22:15:22,465 [Thread-2795] INFO  impl.FollowerState (FollowerState.java:run(108)) - 3989452c-7599-4156-9543-3fe544ced0f3@group-83CFD60236D8-FollowerState: change to CANDIDATE, lastRpcTime:135ms, electionTimeout:135ms
2019-10-16 22:15:22,468 [Thread-2795] INFO  impl.RoleInfo (RoleInfo.java:shutdownFollowerState(121)) - 3989452c-7599-4156-9543-3fe544ced0f3: shutdown FollowerState
2019-10-16 22:15:22,469 [Thread-2795] INFO  impl.RaftServerImpl (RaftServerImpl.java:setRole(184)) - 3989452c-7599-4156-9543-3fe544ced0f3@group-83CFD60236D8: changes role from  FOLLOWER to CANDIDATE at term 304 for changeToCandidate
2019-10-16 22:15:22,470 [Thread-2795] INFO  impl.RoleInfo (RoleInfo.java:updateAndGet(143)) - 3989452c-7599-4156-9543-3fe544ced0f3: start LeaderElection
2019-10-16 22:15:22,486 [3989452c-7599-4156-9543-3fe544ced0f3@group-83CFD60236D8-LeaderElection288] INFO  impl.LeaderElection (LeaderElection.java:askForVotes(178)) - 3989452c-7599-4156-9543-3fe544ced0f3@group-83CFD60236D8-LeaderElection288: begin an election at term 305 for -1: [3989452c-7599-4156-9543-3fe544ced0f3:192.168.157.254:36320, eec99a0c-e1b1-4518-bc49-9d1a8c8e04d5:192.168.157.254:45598, d9e6ea44-93db-446f-8020-a94232284285:192.168.157.254:41671], old=null
2019-10-16 22:15:22,491 [grpc-default-executor-23] INFO  impl.RaftServerImpl (RaftServerImpl.java:setRole(184)) - eec99a0c-e1b1-4518-bc49-9d1a8c8e04d5@group-83CFD60236D8: changes role from  FOLLOWER to FOLLOWER at term 305 for recognizeCandidate:3989452c-7599-4156-9543-3fe544ced0f3
2019-10-16 22:15:22,491 [grpc-default-executor-23] INFO  impl.RoleInfo (RoleInfo.java:shutdownFollowerState(121)) - eec99a0c-e1b1-4518-bc49-9d1a8c8e04d5: shutdown FollowerState
2019-10-16 22:15:22,491 [grpc-default-executor-18] INFO  impl.RaftServerImpl (RaftServerImpl.java:setRole(184)) - d9e6ea44-93db-446f-8020-a94232284285@group-83CFD60236D8: changes role from  FOLLOWER to FOLLOWER at term 305 for recognizeCandidate:3989452c-7599-4156-9543-3fe544ced0f3
2019-10-16 22:15:22,491 [grpc-default-executor-18] INFO  impl.RoleInfo (RoleInfo.java:shutdownFollowerState(121)) - d9e6ea44-93db-446f-8020-a94232284285: shutdown FollowerState
2019-10-16 22:15:22,491 [Thread-2793] INFO  impl.FollowerState (FollowerState.java:run(117)) - eec99a0c-e1b1-4518-bc49-9d1a8c8e04d5@group-83CFD60236D8-FollowerState was interrupted: java.lang.InterruptedException: sleep interrupted
2019-10-16 22:15:22,491 [grpc-default-executor-23] INFO  impl.RoleInfo (RoleInfo.java:updateAndGet(143)) - eec99a0c-e1b1-4518-bc49-9d1a8c8e04d5: start FollowerState
2019-10-16 22:15:22,492 [Thread-2794] INFO  impl.FollowerState (FollowerState.java:run(117)) - d9e6ea44-93db-446f-8020-a94232284285@group-83CFD60236D8-FollowerState was interrupted: java.lang.InterruptedException: sleep interrupted
2019-10-16 22:15:22,492 [grpc-default-executor-18] INFO  impl.RoleInfo (RoleInfo.java:updateAndGet(143)) - d9e6ea44-93db-446f-8020-a94232284285: start FollowerState
2019-10-16 22:15:22,518 [3989452c-7599-4156-9543-3fe544ced0f3@group-83CFD60236D8-LeaderElection288] INFO  impl.LeaderElection (LeaderElection.java:logAndReturn(56)) - 3989452c-7599-4156-9543-3fe544ced0f3@group-83CFD60236D8-LeaderElection288: Election REJECTED; received 2 response(s) [3989452c-7599-4156-9543-3fe544ced0f3<-eec99a0c-e1b1-4518-bc49-9d1a8c8e04d5#0:FAIL-t305, 3989452c-7599-4156-9543-3fe544ced0f3<-d9e6ea44-93db-446f-8020-a94232284285#0:FAIL-t305] and 0 exception(s); 3989452c-7599-4156-9543-3fe544ced0f3@group-83CFD60236D8:t305, leader=null, voted=3989452c-7599-4156-9543-3fe544ced0f3, raftlog=3989452c-7599-4156-9543-3fe544ced0f3@group-83CFD60236D8-SegmentedRaftLog:OPENED:c-1,f-1,i0, conf=-1: [3989452c-7599-4156-9543-3fe544ced0f3:192.168.157.254:36320, eec99a0c-e1b1-4518-bc49-9d1a8c8e04d5:192.168.157.254:45598, d9e6ea44-93db-446f-8020-a94232284285:192.168.157.254:41671], old=null
2019-10-16 22:15:22,518 [3989452c-7599-4156-9543-3fe544ced0f3@group-83CFD60236D8-LeaderElection288] INFO  impl.RaftServerImpl (RaftServerImpl.java:setRole(184)) - 3989452c-7599-4156-9543-3fe544ced0f3@group-83CFD60236D8: changes role from CANDIDATE to FOLLOWER at term 305 for DISCOVERED_A_NEW_TERM
2019-10-16 22:15:22,518 [3989452c-7599-4156-9543-3fe544ced0f3@group-83CFD60236D8-LeaderElection288] INFO  impl.RoleInfo (RoleInfo.java:shutdownLeaderElection(134)) - 3989452c-7599-4156-9543-3fe544ced0f3: shutdown LeaderElection
2019-10-16 22:15:22,519 [3989452c-7599-4156-9543-3fe544ced0f3@group-83CFD60236D8-LeaderElection288] INFO  impl.RoleInfo (RoleInfo.java:updateAndGet(143)) - 3989452c-7599-4156-9543-3fe544ced0f3: start FollowerState
2019-10-16 22:15:22,621 [Thread-2801] INFO  impl.FollowerState (FollowerState.java:run(108)) - 3989452c-7599-4156-9543-3fe544ced0f3@group-83CFD60236D8-FollowerState: change to CANDIDATE, lastRpcTime:102ms, electionTimeout:102ms
2019-10-16 22:15:22,621 [Thread-2801] INFO  impl.RoleInfo (RoleInfo.java:shutdownFollowerState(121)) - 3989452c-7599-4156-9543-3fe544ced0f3: shutdown FollowerState
2019-10-16 22:15:22,622 [Thread-2801] INFO  impl.RaftServerImpl (RaftServerImpl.java:setRole(184)) - 3989452c-7599-4156-9543-3fe544ced0f3@group-83CFD60236D8: changes role from  FOLLOWER to CANDIDATE at term 305 for changeToCandidate
2019-10-16 22:15:22,622 [Thread-2801] INFO  impl.RoleInfo (RoleInfo.java:updateAndGet(143)) - 3989452c-7599-4156-9543-3fe544ced0f3: start LeaderElection
2019-10-16 22:15:22,637 [3989452c-7599-4156-9543-3fe544ced0f3@group-83CFD60236D8-LeaderElection289] INFO  impl.LeaderElection (LeaderElection.java:askForVotes(178)) - 3989452c-7599-4156-9543-3fe544ced0f3@group-83CFD60236D8-LeaderElection289: begin an election at term 306 for -1: [3989452c-7599-4156-9543-3fe544ced0f3:192.168.157.254:36320, eec99a0c-e1b1-4518-bc49-9d1a8c8e04d5:192.168.157.254:45598, d9e6ea44-93db-446f-8020-a94232284285:192.168.157.254:41671], old=null
2019-10-16 22:15:22,640 [grpc-default-executor-18] INFO  impl.RaftServerImpl (RaftServerImpl.java:setRole(184)) - eec99a0c-e1b1-4518-bc49-9d1a8c8e04d5@group-83CFD60236D8: changes role from  FOLLOWER to FOLLOWER at term 306 for recognizeCandidate:3989452c-7599-4156-9543-3fe544ced0f3
2019-10-16 22:15:22,640 [grpc-default-executor-18] INFO  impl.RoleInfo (RoleInfo.java:shutdownFollowerState(121)) - eec99a0c-e1b1-4518-bc49-9d1a8c8e04d5: shutdown FollowerState
2019-10-16 22:15:22,640 [grpc-default-executor-23] INFO  impl.RaftServerImpl (RaftServerImpl.java:setRole(184)) - d9e6ea44-93db-446f-8020-a94232284285@group-83CFD60236D8: changes role from  FOLLOWER to FOLLOWER at term 306 for recognizeCandidate:3989452c-7599-4156-9543-3fe544ced0f3
2019-10-16 22:15:22,640 [Thread-2799] INFO  impl.FollowerState (FollowerState.java:run(117)) - eec99a0c-e1b1-4518-bc49-9d1a8c8e04d5@group-83CFD60236D8-FollowerState was interrupted: java.lang.InterruptedException: sleep interrupted
2019-10-16 22:15:22,640 [grpc-default-executor-18] INFO  impl.RoleInfo (RoleInfo.java:updateAndGet(143)) - eec99a0c-e1b1-4518-bc49-9d1a8c8e04d5: start FollowerState
2019-10-16 22:15:22,640 [grpc-default-executor-23] INFO  impl.RoleInfo (RoleInfo.java:shutdownFollowerState(121)) - d9e6ea44-93db-446f-8020-a94232284285: shutdown FollowerState
2019-10-16 22:15:22,641 [grpc-default-executor-23] INFO  impl.RoleInfo (RoleInfo.java:updateAndGet(143)) - d9e6ea44-93db-446f-8020-a94232284285: start FollowerState
2019-10-16 22:15:22,641 [Thread-2800] INFO  impl.FollowerState (FollowerState.java:run(117)) - d9e6ea44-93db-446f-8020-a94232284285@group-83CFD60236D8-FollowerState was interrupted: java.lang.InterruptedException: sleep interrupted
2019-10-16 22:15:22,666 [3989452c-7599-4156-9543-3fe544ced0f3@group-83CFD60236D8-LeaderElection289] INFO  impl.LeaderElection (LeaderElection.java:logAndReturn(56)) - 3989452c-7599-4156-9543-3fe544ced0f3@group-83CFD60236D8-LeaderElection289: Election REJECTED; received 2 response(s) [3989452c-7599-4156-9543-3fe544ced0f3<-eec99a0c-e1b1-4518-bc49-9d1a8c8e04d5#0:FAIL-t306, 3989452c-7599-4156-9543-3fe544ced0f3<-d9e6ea44-93db-446f-8020-a94232284285#0:FAIL-t306] and 0 exception(s); 3989452c-7599-4156-9543-3fe544ced0f3@group-83CFD60236D8:t306, leader=null, voted=3989452c-7599-4156-9543-3fe544ced0f3, raftlog=3989452c-7599-4156-9543-3fe544ced0f3@group-83CFD60236D8-SegmentedRaftLog:OPENED:c-1,f-1,i0, conf=-1: [3989452c-7599-4156-9543-3fe544ced0f3:192.168.157.254:36320, eec99a0c-e1b1-4518-bc49-9d1a8c8e04d5:192.168.157.254:45598, d9e6ea44-93db-446f-8020-a94232284285:192.168.157.254:41671], old=null
2019-10-16 22:15:22,666 [3989452c-7599-4156-9543-3fe544ced0f3@group-83CFD60236D8-LeaderElection289] INFO  impl.RaftServerImpl (RaftServerImpl.java:setRole(184)) - 3989452c-7599-4156-9543-3fe544ced0f3@group-83CFD60236D8: changes role from CANDIDATE to FOLLOWER at term 306 for DISCOVERED_A_NEW_TERM
2019-10-16 22:15:22,666 [3989452c-7599-4156-9543-3fe544ced0f3@group-83CFD60236D8-LeaderElection289] INFO  impl.RoleInfo (RoleInfo.java:shutdownLeaderElection(134)) - 3989452c-7599-4156-9543-3fe544ced0f3: shutdown LeaderElection
2019-10-16 22:15:22,667 [3989452c-7599-4156-9543-3fe544ced0f3@group-83CFD60236D8-LeaderElection289] INFO  impl.RoleInfo (RoleInfo.java:updateAndGet(143)) - 3989452c-7599-4156-9543-3fe544ced0f3: start FollowerState
2019-10-16 22:15:22,711 [Thread-2807] INFO  impl.FollowerState (FollowerState.java:run(108)) - 3989452c-7599-4156-9543-3fe544ced0f3@group-83CFD60236D8-FollowerState: change to CANDIDATE, lastRpcTime:44ms, electionTimeout:44ms
2019-10-16 22:15:22,711 [Thread-2807] INFO  impl.RoleInfo (RoleInfo.java:shutdownFollowerState(121)) - 3989452c-7599-4156-9543-3fe544ced0f3: shutdown FollowerState
2019-10-16 22:15:22,711 [Thread-2807] INFO  impl.RaftServerImpl (RaftServerImpl.java:setRole(184)) - 3989452c-7599-4156-9543-3fe544ced0f3@group-83CFD60236D8: changes role from  FOLLOWER to CANDIDATE at term 306 for changeToCandidate
2019-10-16 22:15:22,711 [Thread-2807] INFO  impl.RoleInfo (RoleInfo.java:updateAndGet(143)) - 3989452c-7599-4156-9543-3fe544ced0f3: start LeaderElection
2019-10-16 22:15:22,724 [3989452c-7599-4156-9543-3fe544ced0f3@group-83CFD60236D8-LeaderElection290] INFO  impl.LeaderElection (LeaderElection.java:askForVotes(178)) - 3989452c-7599-4156-9543-3fe544ced0f3@group-83CFD60236D8-LeaderElection290: begin an election at term 307 for -1: [3989452c-7599-4156-9543-3fe544ced0f3:192.168.157.254:36320, eec99a0c-e1b1-4518-bc49-9d1a8c8e04d5:192.168.157.254:45598, d9e6ea44-93db-446f-8020-a94232284285:192.168.157.254:41671], old=null
2019-10-16 22:15:22,726 [grpc-default-executor-18] INFO  impl.RaftServerImpl (RaftServerImpl.java:setRole(184)) - eec99a0c-e1b1-4518-bc49-9d1a8c8e04d5@group-83CFD60236D8: changes role from  FOLLOWER to FOLLOWER at term 307 for recognizeCandidate:3989452c-7599-4156-9543-3fe544ced0f3
2019-10-16 22:15:22,726 [grpc-default-executor-18] INFO  impl.RoleInfo (RoleInfo.java:shutdownFollowerState(121)) - eec99a0c-e1b1-4518-bc49-9d1a8c8e04d5: shutdown FollowerState
2019-10-16 22:15:22,726 [grpc-default-executor-23] INFO  impl.RaftServerImpl (RaftServerImpl.java:setRole(184)) - d9e6ea44-93db-446f-8020-a94232284285@group-83CFD60236D8: changes role from  FOLLOWER to FOLLOWER at term 307 for recognizeCandidate:3989452c-7599-4156-9543-3fe544ced0f3
2019-10-16 22:15:22,726 [grpc-default-executor-23] INFO  impl.RoleInfo (RoleInfo.java:shutdownFollowerState(121)) - d9e6ea44-93db-446f-8020-a94232284285: shutdown FollowerState
2019-10-16 22:15:22,726 [grpc-default-executor-23] INFO  impl.RoleInfo (RoleInfo.java:updateAndGet(143)) - d9e6ea44-93db-446f-8020-a94232284285: start FollowerState
2019-10-16 22:15:22,726 [Thread-2805] INFO  impl.FollowerState (FollowerState.java:run(117)) - eec99a0c-e1b1-4518-bc49-9d1a8c8e04d5@group-83CFD60236D8-FollowerState was interrupted: java.lang.InterruptedException: sleep interrupted
2019-10-16 22:15:22,726 [grpc-default-executor-18] INFO  impl.RoleInfo (RoleInfo.java:updateAndGet(143)) - eec99a0c-e1b1-4518-bc49-9d1a8c8e04d5: start FollowerState
2019-10-16 22:15:22,726 [Thread-2806] INFO  impl.FollowerState (FollowerState.java:run(117)) - d9e6ea44-93db-446f-8020-a94232284285@group-83CFD60236D8-FollowerState was interrupted: java.lang.InterruptedException: sleep interrupted
2019-10-16 22:15:22,746 [3989452c-7599-4156-9543-3fe544ced0f3@group-83CFD60236D8-LeaderElection290] INFO  impl.LeaderElection (LeaderElection.java:logAndReturn(56)) - 3989452c-7599-4156-9543-3fe544ced0f3@group-83CFD60236D8-LeaderElection290: Election REJECTED; received 2 response(s) [3989452c-7599-4156-9543-3fe544ced0f3<-eec99a0c-e1b1-4518-bc49-9d1a8c8e04d5#0:FAIL-t307, 3989452c-7599-4156-9543-3fe544ced0f3<-d9e6ea44-93db-446f-8020-a94232284285#0:FAIL-t307] and 0 exception(s); 3989452c-7599-4156-9543-3fe544ced0f3@group-83CFD60236D8:t307, leader=null, voted=3989452c-7599-4156-9543-3fe544ced0f3, raftlog=3989452c-7599-4156-9543-3fe544ced0f3@group-83CFD60236D8-SegmentedRaftLog:OPENED:c-1,f-1,i0, conf=-1: [3989452c-7599-4156-9543-3fe544ced0f3:192.168.157.254:36320, eec99a0c-e1b1-4518-bc49-9d1a8c8e04d5:192.168.157.254:45598, d9e6ea44-93db-446f-8020-a94232284285:192.168.157.254:41671], old=null
2019-10-16 22:15:22,746 [3989452c-7599-4156-9543-3fe544ced0f3@group-83CFD60236D8-LeaderElection290] INFO  impl.RaftServerImpl (RaftServerImpl.java:setRole(184)) - 3989452c-7599-4156-9543-3fe544ced0f3@group-83CFD60236D8: changes role from CANDIDATE to FOLLOWER at term 307 for DISCOVERED_A_NEW_TERM
2019-10-16 22:15:22,747 [3989452c-7599-4156-9543-3fe544ced0f3@group-83CFD60236D8-LeaderElection290] INFO  impl.RoleInfo (RoleInfo.java:shutdownLeaderElection(134)) - 3989452c-7599-4156-9543-3fe544ced0f3: shutdown LeaderElection
2019-10-16 22:15:22,747 [3989452c-7599-4156-9543-3fe544ced0f3@group-83CFD60236D8-LeaderElection290] INFO  impl.RoleInfo (RoleInfo.java:updateAndGet(143)) - 3989452c-7599-4156-9543-3fe544ced0f3: start FollowerState
2019-10-16 22:15:22,832 [Thread-2813] INFO  impl.FollowerState (FollowerState.java:run(108)) - 3989452c-7599-4156-9543-3fe544ced0f3@group-83CFD60236D8-FollowerState: change to CANDIDATE, lastRpcTime:85ms, electionTimeout:85ms
2019-10-16 22:15:22,832 [Thread-2813] INFO  impl.RoleInfo (RoleInfo.java:shutdownFollowerState(121)) - 3989452c-7599-4156-9543-3fe544ced0f3: shutdown FollowerState
2019-10-16 22:15:22,832 [Thread-2813] INFO  impl.RaftServerImpl (RaftServerImpl.java:setRole(184)) - 3989452c-7599-4156-9543-3fe544ced0f3@group-83CFD60236D8: changes role from  FOLLOWER to CANDIDATE at term 307 for changeToCandidate
2019-10-16 22:15:22,832 [Thread-2813] INFO  impl.RoleInfo (RoleInfo.java:updateAndGet(143)) - 3989452c-7599-4156-9543-3fe544ced0f3: start LeaderElection
2019-10-16 22:15:22,858 [3989452c-7599-4156-9543-3fe544ced0f3@group-83CFD60236D8-LeaderElection291] INFO  impl.LeaderElection (LeaderElection.java:askForVotes(178)) - 3989452c-7599-4156-9543-3fe544ced0f3@group-83CFD60236D8-LeaderElection291: begin an election at term 308 for -1: [3989452c-7599-4156-9543-3fe544ced0f3:192.168.157.254:36320, eec99a0c-e1b1-4518-bc49-9d1a8c8e04d5:192.168.157.254:45598, d9e6ea44-93db-446f-8020-a94232284285:192.168.157.254:41671], old=null
2019-10-16 22:15:22,859 [grpc-default-executor-18] INFO  impl.RaftServerImpl (RaftServerImpl.java:setRole(184)) - eec99a0c-e1b1-4518-bc49-9d1a8c8e04d5@group-83CFD60236D8: changes role from  FOLLOWER to FOLLOWER at term 308 for recognizeCandidate:3989452c-7599-4156-9543-3fe544ced0f3
2019-10-16 22:15:22,859 [grpc-default-executor-18] INFO  impl.RoleInfo (RoleInfo.java:shutdownFollowerState(121)) - eec99a0c-e1b1-4518-bc49-9d1a8c8e04d5: shutdown FollowerState
2019-10-16 22:15:22,860 [grpc-default-executor-18] INFO  impl.RoleInfo (RoleInfo.java:updateAndGet(143)) - eec99a0c-e1b1-4518-bc49-9d1a8c8e04d5: start FollowerState
2019-10-16 22:15:22,860 [Thread-2811] INFO  impl.FollowerState (FollowerState.java:run(117)) - eec99a0c-e1b1-4518-bc49-9d1a8c8e04d5@group-83CFD60236D8-FollowerState was interrupted: java.lang.InterruptedException: sleep interrupted
2019-10-16 22:15:22,860 [grpc-default-executor-23] INFO  impl.RaftServerImpl (RaftServerImpl.java:setRole(184)) - d9e6ea44-93db-446f-8020-a94232284285@group-83CFD60236D8: changes role from  FOLLOWER to FOLLOWER at term 308 for recognizeCandidate:3989452c-7599-4156-9543-3fe544ced0f3
2019-10-16 22:15:22,860 [grpc-default-executor-23] INFO  impl.RoleInfo (RoleInfo.java:shutdownFollowerState(121)) - d9e6ea44-93db-446f-8020-a94232284285: shutdown FollowerState
2019-10-16 22:15:22,860 [grpc-default-executor-23] INFO  impl.RoleInfo (RoleInfo.java:updateAndGet(143)) - d9e6ea44-93db-446f-8020-a94232284285: start FollowerState
2019-10-16 22:15:22,860 [Thread-2812] INFO  impl.FollowerState (FollowerState.java:run(117)) - d9e6ea44-93db-446f-8020-a94232284285@group-83CFD60236D8-FollowerState was interrupted: java.lang.InterruptedException: sleep interrupted
2019-10-16 22:15:22,880 [3989452c-7599-4156-9543-3fe544ced0f3@group-83CFD60236D8-LeaderElection291] INFO  impl.LeaderElection (LeaderElection.java:logAndReturn(56)) - 3989452c-7599-4156-9543-3fe544ced0f3@group-83CFD60236D8-LeaderElection291: Election TIMEOUT; received 0 response(s) [] and 0 exception(s); 3989452c-7599-4156-9543-3fe544ced0f3@group-83CFD60236D8:t308, leader=null, voted=3989452c-7599-4156-9543-3fe544ced0f3, raftlog=3989452c-7599-4156-9543-3fe544ced0f3@group-83CFD60236D8-SegmentedRaftLog:OPENED:c-1,f-1,i0, conf=-1: [3989452c-7599-4156-9543-3fe544ced0f3:192.168.157.254:36320, eec99a0c-e1b1-4518-bc49-9d1a8c8e04d5:192.168.157.254:45598, d9e6ea44-93db-446f-8020-a94232284285:192.168.157.254:41671], old=null
2019-10-16 22:15:22,887 [3989452c-7599-4156-9543-3fe544ced0f3@group-83CFD60236D8-LeaderElection291] INFO  impl.LeaderElection (LeaderElection.java:askForVotes(178)) - 3989452c-7599-4156-9543-3fe544ced0f3@group-83CFD60236D8-LeaderElection291: begin an election at term 309 for -1: [3989452c-7599-4156-9543-3fe544ced0f3:192.168.157.254:36320, eec99a0c-e1b1-4518-bc49-9d1a8c8e04d5:192.168.157.254:45598, d9e6ea44-93db-446f-8020-a94232284285:192.168.157.254:41671], old=null
2019-10-16 22:15:22,888 [grpc-default-executor-23] INFO  impl.RaftServerImpl (RaftServerImpl.java:setRole(184)) - eec99a0c-e1b1-4518-bc49-9d1a8c8e04d5@group-83CFD60236D8: changes role from  FOLLOWER to FOLLOWER at term 309 for recognizeCandidate:3989452c-7599-4156-9543-3fe544ced0f3
2019-10-16 22:15:22,888 [grpc-default-executor-23] INFO  impl.RoleInfo (RoleInfo.java:shutdownFollowerState(121)) - eec99a0c-e1b1-4518-bc49-9d1a8c8e04d5: shutdown FollowerState
2019-10-16 22:15:22,888 [grpc-default-executor-18] INFO  impl.RaftServerImpl (RaftServerImpl.java:setRole(184)) - d9e6ea44-93db-446f-8020-a94232284285@group-83CFD60236D8: changes role from  FOLLOWER to FOLLOWER at term 309 for recognizeCandidate:3989452c-7599-4156-9543-3fe544ced0f3
2019-10-16 22:15:22,889 [grpc-default-executor-18] INFO  impl.RoleInfo (RoleInfo.java:shutdownFollowerState(121)) - d9e6ea44-93db-446f-8020-a94232284285: shutdown FollowerState
2019-10-16 22:15:22,889 [Thread-2817] INFO  impl.FollowerState (FollowerState.java:run(117)) - eec99a0c-e1b1-4518-bc49-9d1a8c8e04d5@group-83CFD60236D8-FollowerState was interrupted: java.lang.InterruptedException: sleep interrupted
2019-10-16 22:15:22,888 [grpc-default-executor-23] INFO  impl.RoleInfo (RoleInfo.java:updateAndGet(143)) - eec99a0c-e1b1-4518-bc49-9d1a8c8e04d5: start FollowerState
2019-10-16 22:15:22,889 [Thread-2818] INFO  impl.FollowerState (FollowerState.java:run(117)) - d9e6ea44-93db-446f-8020-a94232284285@group-83CFD60236D8-FollowerState was interrupted: java.lang.InterruptedException: sleep interrupted
2019-10-16 22:15:22,889 [grpc-default-executor-18] INFO  impl.RoleInfo (RoleInfo.java:updateAndGet(143)) - d9e6ea44-93db-446f-8020-a94232284285: start FollowerState
2019-10-16 22:15:22,914 [3989452c-7599-4156-9543-3fe544ced0f3@group-83CFD60236D8-LeaderElection291] INFO  impl.LeaderElection (LeaderElection.java:logAndReturn(56)) - 3989452c-7599-4156-9543-3fe544ced0f3@group-83CFD60236D8-LeaderElection291: Election REJECTED; received 2 response(s) [3989452c-7599-4156-9543-3fe544ced0f3<-eec99a0c-e1b1-4518-bc49-9d1a8c8e04d5#0:FAIL-t309, 3989452c-7599-4156-9543-3fe544ced0f3<-d9e6ea44-93db-446f-8020-a94232284285#0:FAIL-t309] and 0 exception(s); 3989452c-7599-4156-9543-3fe544ced0f3@group-83CFD60236D8:t309, leader=null, voted=3989452c-7599-4156-9543-3fe544ced0f3, raftlog=3989452c-7599-4156-9543-3fe544ced0f3@group-83CFD60236D8-SegmentedRaftLog:OPENED:c-1,f-1,i0, conf=-1: [3989452c-7599-4156-9543-3fe544ced0f3:192.168.157.254:36320, eec99a0c-e1b1-4518-bc49-9d1a8c8e04d5:192.168.157.254:45598, d9e6ea44-93db-446f-8020-a94232284285:192.168.157.254:41671], old=null
2019-10-16 22:15:22,915 [3989452c-7599-4156-9543-3fe544ced0f3@group-83CFD60236D8-LeaderElection291] INFO  impl.RaftServerImpl (RaftServerImpl.java:setRole(184)) - 3989452c-7599-4156-9543-3fe544ced0f3@group-83CFD60236D8: changes role from CANDIDATE to FOLLOWER at term 309 for DISCOVERED_A_NEW_TERM
2019-10-16 22:15:22,915 [3989452c-7599-4156-9543-3fe544ced0f3@group-83CFD60236D8-LeaderElection291] INFO  impl.RoleInfo (RoleInfo.java:shutdownLeaderElection(134)) - 3989452c-7599-4156-9543-3fe544ced0f3: shutdown LeaderElection
2019-10-16 22:15:22,915 [3989452c-7599-4156-9543-3fe544ced0f3@group-83CFD60236D8-LeaderElection291] INFO  impl.RoleInfo (RoleInfo.java:updateAndGet(143)) - 3989452c-7599-4156-9543-3fe544ced0f3: start FollowerState
2019-10-16 22:15:22,945 [Thread-2823] INFO  impl.FollowerState (FollowerState.java:run(108)) - 3989452c-7599-4156-9543-3fe544ced0f3@group-83CFD60236D8-FollowerState: change to CANDIDATE, lastRpcTime:30ms, electionTimeout:30ms
2019-10-16 22:15:22,945 [Thread-2823] INFO  impl.RoleInfo (RoleInfo.java:shutdownFollowerState(121)) - 3989452c-7599-4156-9543-3fe544ced0f3: shutdown FollowerState
2019-10-16 22:15:22,945 [Thread-2823] INFO  impl.RaftServerImpl (RaftServerImpl.java:setRole(184)) - 3989452c-7599-4156-9543-3fe544ced0f3@group-83CFD60236D8: changes role from  FOLLOWER to CANDIDATE at term 309 for changeToCandidate
2019-10-16 22:15:22,946 [Thread-2823] INFO  impl.RoleInfo (RoleInfo.java:updateAndGet(143)) - 3989452c-7599-4156-9543-3fe544ced0f3: start LeaderElection
2019-10-16 22:15:22,959 [3989452c-7599-4156-9543-3fe544ced0f3@group-83CFD60236D8-LeaderElection292] INFO  impl.LeaderElection (LeaderElection.java:askForVotes(178)) - 3989452c-7599-4156-9543-3fe544ced0f3@group-83CFD60236D8-LeaderElection292: begin an election at term 310 for -1: [3989452c-7599-4156-9543-3fe544ced0f3:192.168.157.254:36320, eec99a0c-e1b1-4518-bc49-9d1a8c8e04d5:192.168.157.254:45598, d9e6ea44-93db-446f-8020-a94232284285:192.168.157.254:41671], old=null
2019-10-16 22:15:22,960 [grpc-default-executor-18] INFO  impl.RaftServerImpl (RaftServerImpl.java:setRole(184)) - eec99a0c-e1b1-4518-bc49-9d1a8c8e04d5@group-83CFD60236D8: changes role from  FOLLOWER to FOLLOWER at term 310 for recognizeCandidate:3989452c-7599-4156-9543-3fe544ced0f3
2019-10-16 22:15:22,960 [grpc-default-executor-18] INFO  impl.RoleInfo (RoleInfo.java:shutdownFollowerState(121)) - eec99a0c-e1b1-4518-bc49-9d1a8c8e04d5: shutdown FollowerState
2019-10-16 22:15:22,960 [grpc-default-executor-23] INFO  impl.RaftServerImpl (RaftServerImpl.java:setRole(184)) - d9e6ea44-93db-446f-8020-a94232284285@group-83CFD60236D8: changes role from  FOLLOWER to FOLLOWER at term 310 for recognizeCandidate:3989452c-7599-4156-9543-3fe544ced0f3
2019-10-16 22:15:22,961 [Thread-2821] INFO  impl.FollowerState (FollowerState.java:run(117)) - eec99a0c-e1b1-4518-bc49-9d1a8c8e04d5@group-83CFD60236D8-FollowerState was interrupted: java.lang.InterruptedException: sleep interrupted
2019-10-16 22:15:22,960 [grpc-default-executor-18] INFO  impl.RoleInfo (RoleInfo.java:updateAndGet(143)) - eec99a0c-e1b1-4518-bc49-9d1a8c8e04d5: start FollowerState
2019-10-16 22:15:22,961 [grpc-default-executor-23] INFO  impl.RoleInfo (RoleInfo.java:shutdownFollowerState(121)) - d9e6ea44-93db-446f-8020-a94232284285: shutdown FollowerState
2019-10-16 22:15:22,961 [grpc-default-executor-23] INFO  impl.RoleInfo (RoleInfo.java:updateAndGet(143)) - d9e6ea44-93db-446f-8020-a94232284285: start FollowerState
2019-10-16 22:15:22,961 [Thread-2822] INFO  impl.FollowerState (FollowerState.java:run(117)) - d9e6ea44-93db-446f-8020-a94232284285@group-83CFD60236D8-FollowerState was interrupted: java.lang.InterruptedException: sleep interrupted
2019-10-16 22:15:22,975 [3989452c-7599-4156-9543-3fe544ced0f3@group-83CFD60236D8-LeaderElection292] INFO  impl.LeaderElection (LeaderElection.java:logAndReturn(56)) - 3989452c-7599-4156-9543-3fe544ced0f3@group-83CFD60236D8-LeaderElection292: Election REJECTED; received 2 response(s) [3989452c-7599-4156-9543-3fe544ced0f3<-eec99a0c-e1b1-4518-bc49-9d1a8c8e04d5#0:FAIL-t310, 3989452c-7599-4156-9543-3fe544ced0f3<-d9e6ea44-93db-446f-8020-a94232284285#0:FAIL-t310] and 0 exception(s); 3989452c-7599-4156-9543-3fe544ced0f3@group-83CFD60236D8:t310, leader=null, voted=3989452c-7599-4156-9543-3fe544ced0f3, raftlog=3989452c-7599-4156-9543-3fe544ced0f3@group-83CFD60236D8-SegmentedRaftLog:OPENED:c-1,f-1,i0, conf=-1: [3989452c-7599-4156-9543-3fe544ced0f3:192.168.157.254:36320, eec99a0c-e1b1-4518-bc49-9d1a8c8e04d5:192.168.157.254:45598, d9e6ea44-93db-446f-8020-a94232284285:192.168.157.254:41671], old=null
2019-10-16 22:15:22,975 [3989452c-7599-4156-9543-3fe544ced0f3@group-83CFD60236D8-LeaderElection292] INFO  impl.RaftServerImpl (RaftServerImpl.java:setRole(184)) - 3989452c-7599-4156-9543-3fe544ced0f3@group-83CFD60236D8: changes role from CANDIDATE to FOLLOWER at term 310 for DISCOVERED_A_NEW_TERM
2019-10-16 22:15:22,975 [3989452c-7599-4156-9543-3fe544ced0f3@group-83CFD60236D8-LeaderElection292] INFO  impl.RoleInfo (RoleInfo.java:shutdownLeaderElection(134)) - 3989452c-7599-4156-9543-3fe544ced0f3: shutdown LeaderElection
2019-10-16 22:15:22,975 [3989452c-7599-4156-9543-3fe544ced0f3@group-83CFD60236D8-LeaderElection292] INFO  impl.RoleInfo (RoleInfo.java:updateAndGet(143)) - 3989452c-7599-4156-9543-3fe544ced0f3: start FollowerState
 0.00% |?                                                                                                    |  0/1 Time: 0:06:392019-10-16 22:15:23,081 [Thread-2829] INFO  impl.FollowerState (FollowerState.java:run(108)) - 3989452c-7599-4156-9543-3fe544ced0f3@group-83CFD60236D8-FollowerState: change to CANDIDATE, lastRpcTime:105ms, electionTimeout:105ms
2019-10-16 22:15:23,081 [Thread-2829] INFO  impl.RoleInfo (RoleInfo.java:shutdownFollowerState(121)) - 3989452c-7599-4156-9543-3fe544ced0f3: shutdown FollowerState
2019-10-16 22:15:23,081 [Thread-2829] INFO  impl.RaftServerImpl (RaftServerImpl.java:setRole(184)) - 3989452c-7599-4156-9543-3fe544ced0f3@group-83CFD60236D8: changes role from  FOLLOWER to CANDIDATE at term 310 for changeToCandidate
2019-10-16 22:15:23,081 [Thread-2829] INFO  impl.RoleInfo (RoleInfo.java:updateAndGet(143)) - 3989452c-7599-4156-9543-3fe544ced0f3: start LeaderElection
2019-10-16 22:15:23,095 [3989452c-7599-4156-9543-3fe544ced0f3@group-83CFD60236D8-LeaderElection293] INFO  impl.LeaderElection (LeaderElection.java:askForVotes(178)) - 3989452c-7599-4156-9543-3fe544ced0f3@group-83CFD60236D8-LeaderElection293: begin an election at term 311 for -1: [3989452c-7599-4156-9543-3fe544ced0f3:192.168.157.254:36320, eec99a0c-e1b1-4518-bc49-9d1a8c8e04d5:192.168.157.254:45598, d9e6ea44-93db-446f-8020-a94232284285:192.168.157.254:41671], old=null
2019-10-16 22:15:23,097 [grpc-default-executor-23] INFO  impl.RaftServerImpl (RaftServerImpl.java:setRole(184)) - eec99a0c-e1b1-4518-bc49-9d1a8c8e04d5@group-83CFD60236D8: changes role from  FOLLOWER to FOLLOWER at term 311 for recognizeCandidate:3989452c-7599-4156-9543-3fe544ced0f3
2019-10-16 22:15:23,097 [grpc-default-executor-23] INFO  impl.RoleInfo (RoleInfo.java:shutdownFollowerState(121)) - eec99a0c-e1b1-4518-bc49-9d1a8c8e04d5: shutdown FollowerState
2019-10-16 22:15:23,097 [grpc-default-executor-18] INFO  impl.RaftServerImpl (RaftServerImpl.java:setRole(184)) - d9e6ea44-93db-446f-8020-a94232284285@group-83CFD60236D8: changes role from  FOLLOWER to FOLLOWER at term 311 for recognizeCandidate:3989452c-7599-4156-9543-3fe544ced0f3
2019-10-16 22:15:23,097 [grpc-default-executor-18] INFO  impl.RoleInfo (RoleInfo.java:shutdownFollowerState(121)) - d9e6ea44-93db-446f-8020-a94232284285: shutdown FollowerState
2019-10-16 22:15:23,097 [Thread-2827] INFO  impl.FollowerState (FollowerState.java:run(117)) - eec99a0c-e1b1-4518-bc49-9d1a8c8e04d5@group-83CFD60236D8-FollowerState was interrupted: java.lang.InterruptedException: sleep interrupted
2019-10-16 22:15:23,097 [grpc-default-executor-23] INFO  impl.RoleInfo (RoleInfo.java:updateAndGet(143)) - eec99a0c-e1b1-4518-bc49-9d1a8c8e04d5: start FollowerState
2019-10-16 22:15:23,097 [Thread-2828] INFO  impl.FollowerState (FollowerState.java:run(117)) - d9e6ea44-93db-446f-8020-a94232284285@group-83CFD60236D8-FollowerState was interrupted: java.lang.InterruptedException: sleep interrupted
2019-10-16 22:15:23,097 [grpc-default-executor-18] INFO  impl.RoleInfo (RoleInfo.java:updateAndGet(143)) - d9e6ea44-93db-446f-8020-a94232284285: start FollowerState
2019-10-16 22:15:23,105 [3989452c-7599-4156-9543-3fe544ced0f3@group-83CFD60236D8-LeaderElection293] INFO  impl.LeaderElection (LeaderElection.java:logAndReturn(56)) - 3989452c-7599-4156-9543-3fe544ced0f3@group-83CFD60236D8-LeaderElection293: Election REJECTED; received 2 response(s) [3989452c-7599-4156-9543-3fe544ced0f3<-eec99a0c-e1b1-4518-bc49-9d1a8c8e04d5#0:FAIL-t311, 3989452c-7599-4156-9543-3fe544ced0f3<-d9e6ea44-93db-446f-8020-a94232284285#0:FAIL-t311] and 0 exception(s); 3989452c-7599-4156-9543-3fe544ced0f3@group-83CFD60236D8:t311, leader=null, voted=3989452c-7599-4156-9543-3fe544ced0f3, raftlog=3989452c-7599-4156-9543-3fe544ced0f3@group-83CFD60236D8-SegmentedRaftLog:OPENED:c-1,f-1,i0, conf=-1: [3989452c-7599-4156-9543-3fe544ced0f3:192.168.157.254:36320, eec99a0c-e1b1-4518-bc49-9d1a8c8e04d5:192.168.157.254:45598, d9e6ea44-93db-446f-8020-a94232284285:192.168.157.254:41671], old=null
2019-10-16 22:15:23,105 [3989452c-7599-4156-9543-3fe544ced0f3@group-83CFD60236D8-LeaderElection293] INFO  impl.RaftServerImpl (RaftServerImpl.java:setRole(184)) - 3989452c-7599-4156-9543-3fe544ced0f3@group-83CFD60236D8: changes role from CANDIDATE to FOLLOWER at term 311 for DISCOVERED_A_NEW_TERM
2019-10-16 22:15:23,105 [3989452c-7599-4156-9543-3fe544ced0f3@group-83CFD60236D8-LeaderElection293] INFO  impl.RoleInfo (RoleInfo.java:shutdownLeaderElection(134)) - 3989452c-7599-4156-9543-3fe544ced0f3: shutdown LeaderElection
2019-10-16 22:15:23,105 [3989452c-7599-4156-9543-3fe544ced0f3@group-83CFD60236D8-LeaderElection293] INFO  impl.RoleInfo (RoleInfo.java:updateAndGet(143)) - 3989452c-7599-4156-9543-3fe544ced0f3: start FollowerState
2019-10-16 22:15:23,165 [Thread-2835] INFO  impl.FollowerState (FollowerState.java:run(108)) - 3989452c-7599-4156-9543-3fe544ced0f3@group-83CFD60236D8-FollowerState: change to CANDIDATE, lastRpcTime:59ms, electionTimeout:59ms
2019-10-16 22:15:23,165 [Thread-2835] INFO  impl.RoleInfo (RoleInfo.java:shutdownFollowerState(121)) - 3989452c-7599-4156-9543-3fe544ced0f3: shutdown FollowerState
2019-10-16 22:15:23,165 [Thread-2835] INFO  impl.RaftServerImpl (RaftServerImpl.java:setRole(184)) - 3989452c-7599-4156-9543-3fe544ced0f3@group-83CFD60236D8: changes role from  FOLLOWER to CANDIDATE at term 311 for changeToCandidate
2019-10-16 22:15:23,165 [Thread-2835] INFO  impl.RoleInfo (RoleInfo.java:updateAndGet(143)) - 3989452c-7599-4156-9543-3fe544ced0f3: start LeaderElection
2019-10-16 22:15:23,178 [3989452c-7599-4156-9543-3fe544ced0f3@group-83CFD60236D8-LeaderElection294] INFO  impl.LeaderElection (LeaderElection.java:askForVotes(178)) - 3989452c-7599-4156-9543-3fe544ced0f3@group-83CFD60236D8-LeaderElection294: begin an election at term 312 for -1: [3989452c-7599-4156-9543-3fe544ced0f3:192.168.157.254:36320, eec99a0c-e1b1-4518-bc49-9d1a8c8e04d5:192.168.157.254:45598, d9e6ea44-93db-446f-8020-a94232284285:192.168.157.254:41671], old=null
2019-10-16 22:15:23,180 [grpc-default-executor-23] INFO  impl.RaftServerImpl (RaftServerImpl.java:setRole(184)) - d9e6ea44-93db-446f-8020-a94232284285@group-83CFD60236D8: changes role from  FOLLOWER to FOLLOWER at term 312 for recognizeCandidate:3989452c-7599-4156-9543-3fe544ced0f3
2019-10-16 22:15:23,180 [grpc-default-executor-18] INFO  impl.RaftServerImpl (RaftServerImpl.java:setRole(184)) - eec99a0c-e1b1-4518-bc49-9d1a8c8e04d5@group-83CFD60236D8: changes role from  FOLLOWER to FOLLOWER at term 312 for recognizeCandidate:3989452c-7599-4156-9543-3fe544ced0f3
2019-10-16 22:15:23,180 [grpc-default-executor-23] INFO  impl.RoleInfo (RoleInfo.java:shutdownFollowerState(121)) - d9e6ea44-93db-446f-8020-a94232284285: shutdown FollowerState
2019-10-16 22:15:23,180 [grpc-default-executor-18] INFO  impl.RoleInfo (RoleInfo.java:shutdownFollowerState(121)) - eec99a0c-e1b1-4518-bc49-9d1a8c8e04d5: shutdown FollowerState
2019-10-16 22:15:23,180 [Thread-2834] INFO  impl.FollowerState (FollowerState.java:run(117)) - d9e6ea44-93db-446f-8020-a94232284285@group-83CFD60236D8-FollowerState was interrupted: java.lang.InterruptedException: sleep interrupted
2019-10-16 22:15:23,180 [grpc-default-executor-23] INFO  impl.RoleInfo (RoleInfo.java:updateAndGet(143)) - d9e6ea44-93db-446f-8020-a94232284285: start FollowerState
2019-10-16 22:15:23,181 [Thread-2833] INFO  impl.FollowerState (FollowerState.java:run(117)) - eec99a0c-e1b1-4518-bc49-9d1a8c8e04d5@group-83CFD60236D8-FollowerState was interrupted: java.lang.InterruptedException: sleep interrupted
2019-10-16 22:15:23,181 [grpc-default-executor-18] INFO  impl.RoleInfo (RoleInfo.java:updateAndGet(143)) - eec99a0c-e1b1-4518-bc49-9d1a8c8e04d5: start FollowerState
2019-10-16 22:15:23,187 [3989452c-7599-4156-9543-3fe544ced0f3@group-83CFD60236D8-LeaderElection294] INFO  impl.LeaderElection (LeaderElection.java:logAndReturn(56)) - 3989452c-7599-4156-9543-3fe544ced0f3@group-83CFD60236D8-LeaderElection294: Election REJECTED; received 2 response(s) [3989452c-7599-4156-9543-3fe544ced0f3<-eec99a0c-e1b1-4518-bc49-9d1a8c8e04d5#0:FAIL-t312, 3989452c-7599-4156-9543-3fe544ced0f3<-d9e6ea44-93db-446f-8020-a94232284285#0:FAIL-t312] and 0 exception(s); 3989452c-7599-4156-9543-3fe544ced0f3@group-83CFD60236D8:t312, leader=null, voted=3989452c-7599-4156-9543-3fe544ced0f3, raftlog=3989452c-7599-4156-9543-3fe544ced0f3@group-83CFD60236D8-SegmentedRaftLog:OPENED:c-1,f-1,i0, conf=-1: [3989452c-7599-4156-9543-3fe544ced0f3:192.168.157.254:36320, eec99a0c-e1b1-4518-bc49-9d1a8c8e04d5:192.168.157.254:45598, d9e6ea44-93db-446f-8020-a94232284285:192.168.157.254:41671], old=null
2019-10-16 22:15:23,188 [3989452c-7599-4156-9543-3fe544ced0f3@group-83CFD60236D8-LeaderElection294] INFO  impl.RaftServerImpl (RaftServerImpl.java:setRole(184)) - 3989452c-7599-4156-9543-3fe544ced0f3@group-83CFD60236D8: changes role from CANDIDATE to FOLLOWER at term 312 for DISCOVERED_A_NEW_TERM
2019-10-16 22:15:23,188 [3989452c-7599-4156-9543-3fe544ced0f3@group-83CFD60236D8-LeaderElection294] INFO  impl.RoleInfo (RoleInfo.java:shutdownLeaderElection(134)) - 3989452c-7599-4156-9543-3fe544ced0f3: shutdown LeaderElection
2019-10-16 22:15:23,188 [3989452c-7599-4156-9543-3fe544ced0f3@group-83CFD60236D8-LeaderElection294] INFO  impl.RoleInfo (RoleInfo.java:updateAndGet(143)) - 3989452c-7599-4156-9543-3fe544ced0f3: start FollowerState
2019-10-16 22:15:23,374 [Thread-2841] INFO  impl.FollowerState (FollowerState.java:run(108)) - 3989452c-7599-4156-9543-3fe544ced0f3@group-83CFD60236D8-FollowerState: change to CANDIDATE, lastRpcTime:186ms, electionTimeout:186ms
2019-10-16 22:15:23,374 [Thread-2841] INFO  impl.RoleInfo (RoleInfo.java:shutdownFollowerState(121)) - 3989452c-7599-4156-9543-3fe544ced0f3: shutdown FollowerState
2019-10-16 22:15:23,374 [Thread-2841] INFO  impl.RaftServerImpl (RaftServerImpl.java:setRole(184)) - 3989452c-7599-4156-9543-3fe544ced0f3@group-83CFD60236D8: changes role from  FOLLOWER to CANDIDATE at term 312 for changeToCandidate
2019-10-16 22:15:23,375 [Thread-2841] INFO  impl.RoleInfo (RoleInfo.java:updateAndGet(143)) - 3989452c-7599-4156-9543-3fe544ced0f3: start LeaderElection
2019-10-16 22:15:23,388 [3989452c-7599-4156-9543-3fe544ced0f3@group-83CFD60236D8-LeaderElection295] INFO  impl.LeaderElection (LeaderElection.java:askForVotes(178)) - 3989452c-7599-4156-9543-3fe544ced0f3@group-83CFD60236D8-LeaderElection295: begin an election at term 313 for -1: [3989452c-7599-4156-9543-3fe544ced0f3:192.168.157.254:36320, eec99a0c-e1b1-4518-bc49-9d1a8c8e04d5:192.168.157.254:45598, d9e6ea44-93db-446f-8020-a94232284285:192.168.157.254:41671], old=null
2019-10-16 22:15:23,391 [grpc-default-executor-23] INFO  impl.RaftServerImpl (RaftServerImpl.java:setRole(184)) - eec99a0c-e1b1-4518-bc49-9d1a8c8e04d5@group-83CFD60236D8: changes role from  FOLLOWER to FOLLOWER at term 313 for recognizeCandidate:3989452c-7599-4156-9543-3fe544ced0f3
2019-10-16 22:15:23,392 [grpc-default-executor-18] INFO  impl.RaftServerImpl (RaftServerImpl.java:setRole(184)) - d9e6ea44-93db-446f-8020-a94232284285@group-83CFD60236D8: changes role from  FOLLOWER to FOLLOWER at term 313 for recognizeCandidate:3989452c-7599-4156-9543-3fe544ced0f3
2019-10-16 22:15:23,392 [grpc-default-executor-23] INFO  impl.RoleInfo (RoleInfo.java:shutdownFollowerState(121)) - eec99a0c-e1b1-4518-bc49-9d1a8c8e04d5: shutdown FollowerState
2019-10-16 22:15:23,392 [grpc-default-executor-18] INFO  impl.RoleInfo (RoleInfo.java:shutdownFollowerState(121)) - d9e6ea44-93db-446f-8020-a94232284285: shutdown FollowerState
2019-10-16 22:15:23,392 [Thread-2840] INFO  impl.FollowerState (FollowerState.java:run(117)) - eec99a0c-e1b1-4518-bc49-9d1a8c8e04d5@group-83CFD60236D8-FollowerState was interrupted: java.lang.InterruptedException: sleep interrupted
2019-10-16 22:15:23,392 [grpc-default-executor-23] INFO  impl.RoleInfo (RoleInfo.java:updateAndGet(143)) - eec99a0c-e1b1-4518-bc49-9d1a8c8e04d5: start FollowerState
2019-10-16 22:15:23,392 [Thread-2839] INFO  impl.FollowerState (FollowerState.java:run(117)) - d9e6ea44-93db-446f-8020-a94232284285@group-83CFD60236D8-FollowerState was interrupted: java.lang.InterruptedException: sleep interrupted
2019-10-16 22:15:23,392 [grpc-default-executor-18] INFO  impl.RoleInfo (RoleInfo.java:updateAndGet(143)) - d9e6ea44-93db-446f-8020-a94232284285: start FollowerState
2019-10-16 22:15:23,407 [3989452c-7599-4156-9543-3fe544ced0f3@group-83CFD60236D8-LeaderElection295] INFO  impl.LeaderElection (LeaderElection.java:logAndReturn(56)) - 3989452c-7599-4156-9543-3fe544ced0f3@group-83CFD60236D8-LeaderElection295: Election REJECTED; received 2 response(s) [3989452c-7599-4156-9543-3fe544ced0f3<-eec99a0c-e1b1-4518-bc49-9d1a8c8e04d5#0:FAIL-t313, 3989452c-7599-4156-9543-3fe544ced0f3<-d9e6ea44-93db-446f-8020-a94232284285#0:FAIL-t313] and 0 exception(s); 3989452c-7599-4156-9543-3fe544ced0f3@group-83CFD60236D8:t313, leader=null, voted=3989452c-7599-4156-9543-3fe544ced0f3, raftlog=3989452c-7599-4156-9543-3fe544ced0f3@group-83CFD60236D8-SegmentedRaftLog:OPENED:c-1,f-1,i0, conf=-1: [3989452c-7599-4156-9543-3fe544ced0f3:192.168.157.254:36320, eec99a0c-e1b1-4518-bc49-9d1a8c8e04d5:192.168.157.254:45598, d9e6ea44-93db-446f-8020-a94232284285:192.168.157.254:41671], old=null
2019-10-16 22:15:23,407 [3989452c-7599-4156-9543-3fe544ced0f3@group-83CFD60236D8-LeaderElection295] INFO  impl.RaftServerImpl (RaftServerImpl.java:setRole(184)) - 3989452c-7599-4156-9543-3fe544ced0f3@group-83CFD60236D8: changes role from CANDIDATE to FOLLOWER at term 313 for DISCOVERED_A_NEW_TERM
2019-10-16 22:15:23,408 [3989452c-7599-4156-9543-3fe544ced0f3@group-83CFD60236D8-LeaderElection295] INFO  impl.RoleInfo (RoleInfo.java:shutdownLeaderElection(134)) - 3989452c-7599-4156-9543-3fe544ced0f3: shutdown LeaderElection
2019-10-16 22:15:23,408 [3989452c-7599-4156-9543-3fe544ced0f3@group-83CFD60236D8-LeaderElection295] INFO  impl.RoleInfo (RoleInfo.java:updateAndGet(143)) - 3989452c-7599-4156-9543-3fe544ced0f3: start FollowerState
2019-10-16 22:15:23,604 [Thread-2847] INFO  impl.FollowerState (FollowerState.java:run(108)) - 3989452c-7599-4156-9543-3fe544ced0f3@group-83CFD60236D8-FollowerState: change to CANDIDATE, lastRpcTime:196ms, electionTimeout:196ms
2019-10-16 22:15:23,604 [Thread-2847] INFO  impl.RoleInfo (RoleInfo.java:shutdownFollowerState(121)) - 3989452c-7599-4156-9543-3fe544ced0f3: shutdown FollowerState
2019-10-16 22:15:23,604 [Thread-2847] INFO  impl.RaftServerImpl (RaftServerImpl.java:setRole(184)) - 3989452c-7599-4156-9543-3fe544ced0f3@group-83CFD60236D8: changes role from  FOLLOWER to CANDIDATE at term 313 for changeToCandidate
2019-10-16 22:15:23,604 [Thread-2847] INFO  impl.RoleInfo (RoleInfo.java:updateAndGet(143)) - 3989452c-7599-4156-9543-3fe544ced0f3: start LeaderElection
2019-10-16 22:15:23,618 [3989452c-7599-4156-9543-3fe544ced0f3@group-83CFD60236D8-LeaderElection296] INFO  impl.LeaderElection (LeaderElection.java:askForVotes(178)) - 3989452c-7599-4156-9543-3fe544ced0f3@group-83CFD60236D8-LeaderElection296: begin an election at term 314 for -1: [3989452c-7599-4156-9543-3fe544ced0f3:192.168.157.254:36320, eec99a0c-e1b1-4518-bc49-9d1a8c8e04d5:192.168.157.254:45598, d9e6ea44-93db-446f-8020-a94232284285:192.168.157.254:41671], old=null
2019-10-16 22:15:23,621 [grpc-default-executor-18] INFO  impl.RaftServerImpl (RaftServerImpl.java:setRole(184)) - d9e6ea44-93db-446f-8020-a94232284285@group-83CFD60236D8: changes role from  FOLLOWER to FOLLOWER at term 314 for recognizeCandidate:3989452c-7599-4156-9543-3fe544ced0f3
2019-10-16 22:15:23,621 [grpc-default-executor-23] INFO  impl.RaftServerImpl (RaftServerImpl.java:setRole(184)) - eec99a0c-e1b1-4518-bc49-9d1a8c8e04d5@group-83CFD60236D8: changes role from  FOLLOWER to FOLLOWER at term 314 for recognizeCandidate:3989452c-7599-4156-9543-3fe544ced0f3
2019-10-16 22:15:23,621 [grpc-default-executor-18] INFO  impl.RoleInfo (RoleInfo.java:shutdownFollowerState(121)) - d9e6ea44-93db-446f-8020-a94232284285: shutdown FollowerState
2019-10-16 22:15:23,621 [grpc-default-executor-23] INFO  impl.RoleInfo (RoleInfo.java:shutdownFollowerState(121)) - eec99a0c-e1b1-4518-bc49-9d1a8c8e04d5: shutdown FollowerState
2019-10-16 22:15:23,621 [grpc-default-executor-18] INFO  impl.RoleInfo (RoleInfo.java:updateAndGet(143)) - d9e6ea44-93db-446f-8020-a94232284285: start FollowerState
2019-10-16 22:15:23,622 [Thread-2845] INFO  impl.FollowerState (FollowerState.java:run(117)) - eec99a0c-e1b1-4518-bc49-9d1a8c8e04d5@group-83CFD60236D8-FollowerState was interrupted: java.lang.InterruptedException: sleep interrupted
2019-10-16 22:15:23,622 [grpc-default-executor-23] INFO  impl.RoleInfo (RoleInfo.java:updateAndGet(143)) - eec99a0c-e1b1-4518-bc49-9d1a8c8e04d5: start FollowerState
2019-10-16 22:15:23,622 [Thread-2846] INFO  impl.FollowerState (FollowerState.java:run(117)) - d9e6ea44-93db-446f-8020-a94232284285@group-83CFD60236D8-FollowerState was interrupted: java.lang.InterruptedException: sleep interrupted
2019-10-16 22:15:23,648 [3989452c-7599-4156-9543-3fe544ced0f3@group-83CFD60236D8-LeaderElection296] INFO  impl.LeaderElection (LeaderElection.java:logAndReturn(56)) - 3989452c-7599-4156-9543-3fe544ced0f3@group-83CFD60236D8-LeaderElection296: Election REJECTED; received 2 response(s) [3989452c-7599-4156-9543-3fe544ced0f3<-eec99a0c-e1b1-4518-bc49-9d1a8c8e04d5#0:FAIL-t314, 3989452c-7599-4156-9543-3fe544ced0f3<-d9e6ea44-93db-446f-8020-a94232284285#0:FAIL-t314] and 0 exception(s); 3989452c-7599-4156-9543-3fe544ced0f3@group-83CFD60236D8:t314, leader=null, voted=3989452c-7599-4156-9543-3fe544ced0f3, raftlog=3989452c-7599-4156-9543-3fe544ced0f3@group-83CFD60236D8-SegmentedRaftLog:OPENED:c-1,f-1,i0, conf=-1: [3989452c-7599-4156-9543-3fe544ced0f3:192.168.157.254:36320, eec99a0c-e1b1-4518-bc49-9d1a8c8e04d5:192.168.157.254:45598, d9e6ea44-93db-446f-8020-a94232284285:192.168.157.254:41671], old=null
2019-10-16 22:15:23,648 [3989452c-7599-4156-9543-3fe544ced0f3@group-83CFD60236D8-LeaderElection296] INFO  impl.RaftServerImpl (RaftServerImpl.java:setRole(184)) - 3989452c-7599-4156-9543-3fe544ced0f3@group-83CFD60236D8: changes role from CANDIDATE to FOLLOWER at term 314 for DISCOVERED_A_NEW_TERM
2019-10-16 22:15:23,648 [3989452c-7599-4156-9543-3fe544ced0f3@group-83CFD60236D8-LeaderElection296] INFO  impl.RoleInfo (RoleInfo.java:shutdownLeaderElection(134)) - 3989452c-7599-4156-9543-3fe544ced0f3: shutdown LeaderElection
2019-10-16 22:15:23,648 [3989452c-7599-4156-9543-3fe544ced0f3@group-83CFD60236D8-LeaderElection296] INFO  impl.RoleInfo (RoleInfo.java:updateAndGet(143)) - 3989452c-7599-4156-9543-3fe544ced0f3: start FollowerState
2019-10-16 22:15:23,695 [Thread-2853] INFO  impl.FollowerState (FollowerState.java:run(108)) - 3989452c-7599-4156-9543-3fe544ced0f3@group-83CFD60236D8-FollowerState: change to CANDIDATE, lastRpcTime:46ms, electionTimeout:46ms
2019-10-16 22:15:23,695 [Thread-2853] INFO  impl.RoleInfo (RoleInfo.java:shutdownFollowerState(121)) - 3989452c-7599-4156-9543-3fe544ced0f3: shutdown FollowerState
2019-10-16 22:15:23,695 [Thread-2853] INFO  impl.RaftServerImpl (RaftServerImpl.java:setRole(184)) - 3989452c-7599-4156-9543-3fe544ced0f3@group-83CFD60236D8: changes role from  FOLLOWER to CANDIDATE at term 314 for changeToCandidate
2019-10-16 22:15:23,695 [Thread-2853] INFO  impl.RoleInfo (RoleInfo.java:updateAndGet(143)) - 3989452c-7599-4156-9543-3fe544ced0f3: start LeaderElection
2019-10-16 22:15:23,708 [3989452c-7599-4156-9543-3fe544ced0f3@group-83CFD60236D8-LeaderElection297] INFO  impl.LeaderElection (LeaderElection.java:askForVotes(178)) - 3989452c-7599-4156-9543-3fe544ced0f3@group-83CFD60236D8-LeaderElection297: begin an election at term 315 for -1: [3989452c-7599-4156-9543-3fe544ced0f3:192.168.157.254:36320, eec99a0c-e1b1-4518-bc49-9d1a8c8e04d5:192.168.157.254:45598, d9e6ea44-93db-446f-8020-a94232284285:192.168.157.254:41671], old=null
2019-10-16 22:15:23,710 [grpc-default-executor-23] INFO  impl.RaftServerImpl (RaftServerImpl.java:setRole(184)) - eec99a0c-e1b1-4518-bc49-9d1a8c8e04d5@group-83CFD60236D8: changes role from  FOLLOWER to FOLLOWER at term 315 for recognizeCandidate:3989452c-7599-4156-9543-3fe544ced0f3
2019-10-16 22:15:23,710 [grpc-default-executor-23] INFO  impl.RoleInfo (RoleInfo.java:shutdownFollowerState(121)) - eec99a0c-e1b1-4518-bc49-9d1a8c8e04d5: shutdown FollowerState
2019-10-16 22:15:23,710 [grpc-default-executor-18] INFO  impl.RaftServerImpl (RaftServerImpl.java:setRole(184)) - d9e6ea44-93db-446f-8020-a94232284285@group-83CFD60236D8: changes role from  FOLLOWER to FOLLOWER at term 315 for recognizeCandidate:3989452c-7599-4156-9543-3fe544ced0f3
2019-10-16 22:15:23,710 [Thread-2852] INFO  impl.FollowerState (FollowerState.java:run(117)) - eec99a0c-e1b1-4518-bc49-9d1a8c8e04d5@group-83CFD60236D8-FollowerState was interrupted: java.lang.InterruptedException: sleep interrupted
2019-10-16 22:15:23,710 [grpc-default-executor-23] INFO  impl.RoleInfo (RoleInfo.java:updateAndGet(143)) - eec99a0c-e1b1-4518-bc49-9d1a8c8e04d5: start FollowerState
2019-10-16 22:15:23,710 [grpc-default-executor-18] INFO  impl.RoleInfo (RoleInfo.java:shutdownFollowerState(121)) - d9e6ea44-93db-446f-8020-a94232284285: shutdown FollowerState
2019-10-16 22:15:23,711 [grpc-default-executor-18] INFO  impl.RoleInfo (RoleInfo.java:updateAndGet(143)) - d9e6ea44-93db-446f-8020-a94232284285: start FollowerState
2019-10-16 22:15:23,711 [Thread-2851] INFO  impl.FollowerState (FollowerState.java:run(117)) - d9e6ea44-93db-446f-8020-a94232284285@group-83CFD60236D8-FollowerState was interrupted: java.lang.InterruptedException: sleep interrupted
2019-10-16 22:15:23,717 [3989452c-7599-4156-9543-3fe544ced0f3@group-83CFD60236D8-LeaderElection297] INFO  impl.LeaderElection (LeaderElection.java:logAndReturn(56)) - 3989452c-7599-4156-9543-3fe544ced0f3@group-83CFD60236D8-LeaderElection297: Election TIMEOUT; received 0 response(s) [] and 0 exception(s); 3989452c-7599-4156-9543-3fe544ced0f3@group-83CFD60236D8:t315, leader=null, voted=3989452c-7599-4156-9543-3fe544ced0f3, raftlog=3989452c-7599-4156-9543-3fe544ced0f3@group-83CFD60236D8-SegmentedRaftLog:OPENED:c-1,f-1,i0, conf=-1: [3989452c-7599-4156-9543-3fe544ced0f3:192.168.157.254:36320, eec99a0c-e1b1-4518-bc49-9d1a8c8e04d5:192.168.157.254:45598, d9e6ea44-93db-446f-8020-a94232284285:192.168.157.254:41671], old=null
2019-10-16 22:15:23,727 [3989452c-7599-4156-9543-3fe544ced0f3@group-83CFD60236D8-LeaderElection297] INFO  impl.LeaderElection (LeaderElection.java:askForVotes(178)) - 3989452c-7599-4156-9543-3fe544ced0f3@group-83CFD60236D8-LeaderElection297: begin an election at term 316 for -1: [3989452c-7599-4156-9543-3fe544ced0f3:192.168.157.254:36320, eec99a0c-e1b1-4518-bc49-9d1a8c8e04d5:192.168.157.254:45598, d9e6ea44-93db-446f-8020-a94232284285:192.168.157.254:41671], old=null
2019-10-16 22:15:23,729 [grpc-default-executor-23] INFO  impl.RaftServerImpl (RaftServerImpl.java:setRole(184)) - eec99a0c-e1b1-4518-bc49-9d1a8c8e04d5@group-83CFD60236D8: changes role from  FOLLOWER to FOLLOWER at term 316 for recognizeCandidate:3989452c-7599-4156-9543-3fe544ced0f3
2019-10-16 22:15:23,729 [grpc-default-executor-18] INFO  impl.RaftServerImpl (RaftServerImpl.java:setRole(184)) - d9e6ea44-93db-446f-8020-a94232284285@group-83CFD60236D8: changes role from  FOLLOWER to FOLLOWER at term 316 for recognizeCandidate:3989452c-7599-4156-9543-3fe544ced0f3
2019-10-16 22:15:23,730 [grpc-default-executor-18] INFO  impl.RoleInfo (RoleInfo.java:shutdownFollowerState(121)) - d9e6ea44-93db-446f-8020-a94232284285: shutdown FollowerState
2019-10-16 22:15:23,729 [grpc-default-executor-23] INFO  impl.RoleInfo (RoleInfo.java:shutdownFollowerState(121)) - eec99a0c-e1b1-4518-bc49-9d1a8c8e04d5: shutdown FollowerState
2019-10-16 22:15:23,730 [grpc-default-executor-18] INFO  impl.RoleInfo (RoleInfo.java:updateAndGet(143)) - d9e6ea44-93db-446f-8020-a94232284285: start FollowerState
2019-10-16 22:15:23,730 [Thread-2858] INFO  impl.FollowerState (FollowerState.java:run(117)) - d9e6ea44-93db-446f-8020-a94232284285@group-83CFD60236D8-FollowerState was interrupted: java.lang.InterruptedException: sleep interrupted
2019-10-16 22:15:23,730 [Thread-2857] INFO  impl.FollowerState (FollowerState.java:run(117)) - eec99a0c-e1b1-4518-bc49-9d1a8c8e04d5@group-83CFD60236D8-FollowerState was interrupted: java.lang.InterruptedException: sleep interrupted
2019-10-16 22:15:23,730 [grpc-default-executor-23] INFO  impl.RoleInfo (RoleInfo.java:updateAndGet(143)) - eec99a0c-e1b1-4518-bc49-9d1a8c8e04d5: start FollowerState
2019-10-16 22:15:23,737 [3989452c-7599-4156-9543-3fe544ced0f3@group-83CFD60236D8-LeaderElection297] INFO  impl.LeaderElection (LeaderElection.java:logAndReturn(56)) - 3989452c-7599-4156-9543-3fe544ced0f3@group-83CFD60236D8-LeaderElection297: Election REJECTED; received 2 response(s) [3989452c-7599-4156-9543-3fe544ced0f3<-eec99a0c-e1b1-4518-bc49-9d1a8c8e04d5#0:FAIL-t316, 3989452c-7599-4156-9543-3fe544ced0f3<-d9e6ea44-93db-446f-8020-a94232284285#0:FAIL-t316] and 0 exception(s); 3989452c-7599-4156-9543-3fe544ced0f3@group-83CFD60236D8:t316, leader=null, voted=3989452c-7599-4156-9543-3fe544ced0f3, raftlog=3989452c-7599-4156-9543-3fe544ced0f3@group-83CFD60236D8-SegmentedRaftLog:OPENED:c-1,f-1,i0, conf=-1: [3989452c-7599-4156-9543-3fe544ced0f3:192.168.157.254:36320, eec99a0c-e1b1-4518-bc49-9d1a8c8e04d5:192.168.157.254:45598, d9e6ea44-93db-446f-8020-a94232284285:192.168.157.254:41671], old=null
2019-10-16 22:15:23,738 [3989452c-7599-4156-9543-3fe544ced0f3@group-83CFD60236D8-LeaderElection297] INFO  impl.RaftServerImpl (RaftServerImpl.java:setRole(184)) - 3989452c-7599-4156-9543-3fe544ced0f3@group-83CFD60236D8: changes role from CANDIDATE to FOLLOWER at term 316 for DISCOVERED_A_NEW_TERM
2019-10-16 22:15:23,738 [3989452c-7599-4156-9543-3fe544ced0f3@group-83CFD60236D8-LeaderElection297] INFO  impl.RoleInfo (RoleInfo.java:shutdownLeaderElection(134)) - 3989452c-7599-4156-9543-3fe544ced0f3: shutdown LeaderElection
2019-10-16 22:15:23,738 [3989452c-7599-4156-9543-3fe544ced0f3@group-83CFD60236D8-LeaderElection297] INFO  impl.RoleInfo (RoleInfo.java:updateAndGet(143)) - 3989452c-7599-4156-9543-3fe544ced0f3: start FollowerState
2019-10-16 22:15:23,754 [Thread-2863] INFO  impl.FollowerState (FollowerState.java:run(108)) - 3989452c-7599-4156-9543-3fe544ced0f3@group-83CFD60236D8-FollowerState: change to CANDIDATE, lastRpcTime:16ms, electionTimeout:16ms
2019-10-16 22:15:23,754 [Thread-2863] INFO  impl.RoleInfo (RoleInfo.java:shutdownFollowerState(121)) - 3989452c-7599-4156-9543-3fe544ced0f3: shutdown FollowerState
2019-10-16 22:15:23,754 [Thread-2863] INFO  impl.RaftServerImpl (RaftServerImpl.java:setRole(184)) - 3989452c-7599-4156-9543-3fe544ced0f3@group-83CFD60236D8: changes role from  FOLLOWER to CANDIDATE at term 316 for changeToCandidate
2019-10-16 22:15:23,754 [Thread-2863] INFO  impl.RoleInfo (RoleInfo.java:updateAndGet(143)) - 3989452c-7599-4156-9543-3fe544ced0f3: start LeaderElection
2019-10-16 22:15:23,759 [3989452c-7599-4156-9543-3fe544ced0f3@group-83CFD60236D8-LeaderElection298] INFO  impl.LeaderElection (LeaderElection.java:askForVotes(178)) - 3989452c-7599-4156-9543-3fe544ced0f3@group-83CFD60236D8-LeaderElection298: begin an election at term 317 for -1: [3989452c-7599-4156-9543-3fe544ced0f3:192.168.157.254:36320, eec99a0c-e1b1-4518-bc49-9d1a8c8e04d5:192.168.157.254:45598, d9e6ea44-93db-446f-8020-a94232284285:192.168.157.254:41671], old=null
2019-10-16 22:15:23,760 [grpc-default-executor-18] INFO  impl.RaftServerImpl (RaftServerImpl.java:setRole(184)) - eec99a0c-e1b1-4518-bc49-9d1a8c8e04d5@group-83CFD60236D8: changes role from  FOLLOWER to FOLLOWER at term 317 for recognizeCandidate:3989452c-7599-4156-9543-3fe544ced0f3
2019-10-16 22:15:23,760 [grpc-default-executor-18] INFO  impl.RoleInfo (RoleInfo.java:shutdownFollowerState(121)) - eec99a0c-e1b1-4518-bc49-9d1a8c8e04d5: shutdown FollowerState
2019-10-16 22:15:23,760 [grpc-default-executor-23] INFO  impl.RaftServerImpl (RaftServerImpl.java:setRole(184)) - d9e6ea44-93db-446f-8020-a94232284285@group-83CFD60236D8: changes role from  FOLLOWER to FOLLOWER at term 317 for recognizeCandidate:3989452c-7599-4156-9543-3fe544ced0f3
2019-10-16 22:15:23,760 [grpc-default-executor-23] INFO  impl.RoleInfo (RoleInfo.java:shutdownFollowerState(121)) - d9e6ea44-93db-446f-8020-a94232284285: shutdown FollowerState
2019-10-16 22:15:23,760 [Thread-2862] INFO  impl.FollowerState (FollowerState.java:run(117)) - eec99a0c-e1b1-4518-bc49-9d1a8c8e04d5@group-83CFD60236D8-FollowerState was interrupted: java.lang.InterruptedException: sleep interrupted
2019-10-16 22:15:23,760 [grpc-default-executor-18] INFO  impl.RoleInfo (RoleInfo.java:updateAndGet(143)) - eec99a0c-e1b1-4518-bc49-9d1a8c8e04d5: start FollowerState
2019-10-16 22:15:23,760 [Thread-2861] INFO  impl.FollowerState (FollowerState.java:run(117)) - d9e6ea44-93db-446f-8020-a94232284285@group-83CFD60236D8-FollowerState was interrupted: java.lang.InterruptedException: sleep interrupted
2019-10-16 22:15:23,760 [grpc-default-executor-23] INFO  impl.RoleInfo (RoleInfo.java:updateAndGet(143)) - d9e6ea44-93db-446f-8020-a94232284285: start FollowerState
2019-10-16 22:15:23,765 [3989452c-7599-4156-9543-3fe544ced0f3@group-83CFD60236D8-LeaderElection298] INFO  impl.LeaderElection (LeaderElection.java:logAndReturn(56)) - 3989452c-7599-4156-9543-3fe544ced0f3@group-83CFD60236D8-LeaderElection298: Election REJECTED; received 2 response(s) [3989452c-7599-4156-9543-3fe544ced0f3<-eec99a0c-e1b1-4518-bc49-9d1a8c8e04d5#0:FAIL-t317, 3989452c-7599-4156-9543-3fe544ced0f3<-d9e6ea44-93db-446f-8020-a94232284285#0:FAIL-t317] and 0 exception(s); 3989452c-7599-4156-9543-3fe544ced0f3@group-83CFD60236D8:t317, leader=null, voted=3989452c-7599-4156-9543-3fe544ced0f3, raftlog=3989452c-7599-4156-9543-3fe544ced0f3@group-83CFD60236D8-SegmentedRaftLog:OPENED:c-1,f-1,i0, conf=-1: [3989452c-7599-4156-9543-3fe544ced0f3:192.168.157.254:36320, eec99a0c-e1b1-4518-bc49-9d1a8c8e04d5:192.168.157.254:45598, d9e6ea44-93db-446f-8020-a94232284285:192.168.157.254:41671], old=null
2019-10-16 22:15:23,765 [3989452c-7599-4156-9543-3fe544ced0f3@group-83CFD60236D8-LeaderElection298] INFO  impl.RaftServerImpl (RaftServerImpl.java:setRole(184)) - 3989452c-7599-4156-9543-3fe544ced0f3@group-83CFD60236D8: changes role from CANDIDATE to FOLLOWER at term 317 for DISCOVERED_A_NEW_TERM
2019-10-16 22:15:23,765 [3989452c-7599-4156-9543-3fe544ced0f3@group-83CFD60236D8-LeaderElection298] INFO  impl.RoleInfo (RoleInfo.java:shutdownLeaderElection(134)) - 3989452c-7599-4156-9543-3fe544ced0f3: shutdown LeaderElection
2019-10-16 22:15:23,765 [3989452c-7599-4156-9543-3fe544ced0f3@group-83CFD60236D8-LeaderElection298] INFO  impl.RoleInfo (RoleInfo.java:updateAndGet(143)) - 3989452c-7599-4156-9543-3fe544ced0f3: start FollowerState
2019-10-16 22:15:23,894 [Thread-2869] INFO  impl.FollowerState (FollowerState.java:run(108)) - 3989452c-7599-4156-9543-3fe544ced0f3@group-83CFD60236D8-FollowerState: change to CANDIDATE, lastRpcTime:128ms, electionTimeout:128ms
2019-10-16 22:15:23,894 [Thread-2869] INFO  impl.RoleInfo (RoleInfo.java:shutdownFollowerState(121)) - 3989452c-7599-4156-9543-3fe544ced0f3: shutdown FollowerState
2019-10-16 22:15:23,894 [Thread-2869] INFO  impl.RaftServerImpl (RaftServerImpl.java:setRole(184)) - 3989452c-7599-4156-9543-3fe544ced0f3@group-83CFD60236D8: changes role from  FOLLOWER to CANDIDATE at term 317 for changeToCandidate
2019-10-16 22:15:23,894 [Thread-2869] INFO  impl.RoleInfo (RoleInfo.java:updateAndGet(143)) - 3989452c-7599-4156-9543-3fe544ced0f3: start LeaderElection
2019-10-16 22:15:23,909 [3989452c-7599-4156-9543-3fe544ced0f3@group-83CFD60236D8-LeaderElection299] INFO  impl.LeaderElection (LeaderElection.java:askForVotes(178)) - 3989452c-7599-4156-9543-3fe544ced0f3@group-83CFD60236D8-LeaderElection299: begin an election at term 318 for -1: [3989452c-7599-4156-9543-3fe544ced0f3:192.168.157.254:36320, eec99a0c-e1b1-4518-bc49-9d1a8c8e04d5:192.168.157.254:45598, d9e6ea44-93db-446f-8020-a94232284285:192.168.157.254:41671], old=null
2019-10-16 22:15:23,911 [grpc-default-executor-18] INFO  impl.RaftServerImpl (RaftServerImpl.java:setRole(184)) - eec99a0c-e1b1-4518-bc49-9d1a8c8e04d5@group-83CFD60236D8: changes role from  FOLLOWER to FOLLOWER at term 318 for recognizeCandidate:3989452c-7599-4156-9543-3fe544ced0f3
2019-10-16 22:15:23,911 [grpc-default-executor-23] INFO  impl.RaftServerImpl (RaftServerImpl.java:setRole(184)) - d9e6ea44-93db-446f-8020-a94232284285@group-83CFD60236D8: changes role from  FOLLOWER to FOLLOWER at term 318 for recognizeCandidate:3989452c-7599-4156-9543-3fe544ced0f3
2019-10-16 22:15:23,911 [grpc-default-executor-18] INFO  impl.RoleInfo (RoleInfo.java:shutdownFollowerState(121)) - eec99a0c-e1b1-4518-bc49-9d1a8c8e04d5: shutdown FollowerState
2019-10-16 22:15:23,911 [grpc-default-executor-23] INFO  impl.RoleInfo (RoleInfo.java:shutdownFollowerState(121)) - d9e6ea44-93db-446f-8020-a94232284285: shutdown FollowerState
2019-10-16 22:15:23,911 [Thread-2867] INFO  impl.FollowerState (FollowerState.java:run(117)) - eec99a0c-e1b1-4518-bc49-9d1a8c8e04d5@group-83CFD60236D8-FollowerState was interrupted: java.lang.InterruptedException: sleep interrupted
2019-10-16 22:15:23,911 [grpc-default-executor-18] INFO  impl.RoleInfo (RoleInfo.java:updateAndGet(143)) - eec99a0c-e1b1-4518-bc49-9d1a8c8e04d5: start FollowerState
2019-10-16 22:15:23,912 [Thread-2868] INFO  impl.FollowerState (FollowerState.java:run(117)) - d9e6ea44-93db-446f-8020-a94232284285@group-83CFD60236D8-FollowerState was interrupted: java.lang.InterruptedException: sleep interrupted
2019-10-16 22:15:23,911 [grpc-default-executor-23] INFO  impl.RoleInfo (RoleInfo.java:updateAndGet(143)) - d9e6ea44-93db-446f-8020-a94232284285: start FollowerState
2019-10-16 22:15:23,938 [3989452c-7599-4156-9543-3fe544ced0f3@group-83CFD60236D8-LeaderElection299] INFO  impl.LeaderElection (LeaderElection.java:logAndReturn(56)) - 3989452c-7599-4156-9543-3fe544ced0f3@group-83CFD60236D8-LeaderElection299: Election REJECTED; received 2 response(s) [3989452c-7599-4156-9543-3fe544ced0f3<-eec99a0c-e1b1-4518-bc49-9d1a8c8e04d5#0:FAIL-t318, 3989452c-7599-4156-9543-3fe544ced0f3<-d9e6ea44-93db-446f-8020-a94232284285#0:FAIL-t318] and 0 exception(s); 3989452c-7599-4156-9543-3fe544ced0f3@group-83CFD60236D8:t318, leader=null, voted=3989452c-7599-4156-9543-3fe544ced0f3, raftlog=3989452c-7599-4156-9543-3fe544ced0f3@group-83CFD60236D8-SegmentedRaftLog:OPENED:c-1,f-1,i0, conf=-1: [3989452c-7599-4156-9543-3fe544ced0f3:192.168.157.254:36320, eec99a0c-e1b1-4518-bc49-9d1a8c8e04d5:192.168.157.254:45598, d9e6ea44-93db-446f-8020-a94232284285:192.168.157.254:41671], old=null
2019-10-16 22:15:23,938 [3989452c-7599-4156-9543-3fe544ced0f3@group-83CFD60236D8-LeaderElection299] INFO  impl.RaftServerImpl (RaftServerImpl.java:setRole(184)) - 3989452c-7599-4156-9543-3fe544ced0f3@group-83CFD60236D8: changes role from CANDIDATE to FOLLOWER at term 318 for DISCOVERED_A_NEW_TERM
2019-10-16 22:15:23,938 [3989452c-7599-4156-9543-3fe544ced0f3@group-83CFD60236D8-LeaderElection299] INFO  impl.RoleInfo (RoleInfo.java:shutdownLeaderElection(134)) - 3989452c-7599-4156-9543-3fe544ced0f3: shutdown LeaderElection
2019-10-16 22:15:23,938 [3989452c-7599-4156-9543-3fe544ced0f3@group-83CFD60236D8-LeaderElection299] INFO  impl.RoleInfo (RoleInfo.java:updateAndGet(143)) - 3989452c-7599-4156-9543-3fe544ced0f3: start FollowerState
 0.00% |?                                                                                                    |  0/1 Time: 0:06:402019-10-16 22:15:24,121 [Thread-2875] INFO  impl.FollowerState (FollowerState.java:run(108)) - 3989452c-7599-4156-9543-3fe544ced0f3@group-83CFD60236D8-FollowerState: change to CANDIDATE, lastRpcTime:182ms, electionTimeout:182ms
2019-10-16 22:15:24,121 [Thread-2875] INFO  impl.RoleInfo (RoleInfo.java:shutdownFollowerState(121)) - 3989452c-7599-4156-9543-3fe544ced0f3: shutdown FollowerState
2019-10-16 22:15:24,121 [Thread-2875] INFO  impl.RaftServerImpl (RaftServerImpl.java:setRole(184)) - 3989452c-7599-4156-9543-3fe544ced0f3@group-83CFD60236D8: changes role from  FOLLOWER to CANDIDATE at term 318 for changeToCandidate
2019-10-16 22:15:24,121 [Thread-2875] INFO  impl.RoleInfo (RoleInfo.java:updateAndGet(143)) - 3989452c-7599-4156-9543-3fe544ced0f3: start LeaderElection
2019-10-16 22:15:24,134 [3989452c-7599-4156-9543-3fe544ced0f3@group-83CFD60236D8-LeaderElection300] INFO  impl.LeaderElection (LeaderElection.java:askForVotes(178)) - 3989452c-7599-4156-9543-3fe544ced0f3@group-83CFD60236D8-LeaderElection300: begin an election at term 319 for -1: [3989452c-7599-4156-9543-3fe544ced0f3:192.168.157.254:36320, eec99a0c-e1b1-4518-bc49-9d1a8c8e04d5:192.168.157.254:45598, d9e6ea44-93db-446f-8020-a94232284285:192.168.157.254:41671], old=null
2019-10-16 22:15:24,136 [grpc-default-executor-18] INFO  impl.RaftServerImpl (RaftServerImpl.java:setRole(184)) - d9e6ea44-93db-446f-8020-a94232284285@group-83CFD60236D8: changes role from  FOLLOWER to FOLLOWER at term 319 for recognizeCandidate:3989452c-7599-4156-9543-3fe544ced0f3
2019-10-16 22:15:24,136 [grpc-default-executor-18] INFO  impl.RoleInfo (RoleInfo.java:shutdownFollowerState(121)) - d9e6ea44-93db-446f-8020-a94232284285: shutdown FollowerState
2019-10-16 22:15:24,136 [grpc-default-executor-23] INFO  impl.RaftServerImpl (RaftServerImpl.java:setRole(184)) - eec99a0c-e1b1-4518-bc49-9d1a8c8e04d5@group-83CFD60236D8: changes role from  FOLLOWER to FOLLOWER at term 319 for recognizeCandidate:3989452c-7599-4156-9543-3fe544ced0f3
2019-10-16 22:15:24,137 [grpc-default-executor-23] INFO  impl.RoleInfo (RoleInfo.java:shutdownFollowerState(121)) - eec99a0c-e1b1-4518-bc49-9d1a8c8e04d5: shutdown FollowerState
2019-10-16 22:15:24,136 [Thread-2874] INFO  impl.FollowerState (FollowerState.java:run(117)) - d9e6ea44-93db-446f-8020-a94232284285@group-83CFD60236D8-FollowerState was interrupted: java.lang.InterruptedException: sleep interrupted
2019-10-16 22:15:24,136 [grpc-default-executor-18] INFO  impl.RoleInfo (RoleInfo.java:updateAndGet(143)) - d9e6ea44-93db-446f-8020-a94232284285: start FollowerState
2019-10-16 22:15:24,137 [Thread-2873] INFO  impl.FollowerState (FollowerState.java:run(117)) - eec99a0c-e1b1-4518-bc49-9d1a8c8e04d5@group-83CFD60236D8-FollowerState was interrupted: java.lang.InterruptedException: sleep interrupted
2019-10-16 22:15:24,137 [grpc-default-executor-23] INFO  impl.RoleInfo (RoleInfo.java:updateAndGet(143)) - eec99a0c-e1b1-4518-bc49-9d1a8c8e04d5: start FollowerState
2019-10-16 22:15:24,159 [3989452c-7599-4156-9543-3fe544ced0f3@group-83CFD60236D8-LeaderElection300] INFO  impl.LeaderElection (LeaderElection.java:logAndReturn(56)) - 3989452c-7599-4156-9543-3fe544ced0f3@group-83CFD60236D8-LeaderElection300: Election REJECTED; received 2 response(s) [3989452c-7599-4156-9543-3fe544ced0f3<-eec99a0c-e1b1-4518-bc49-9d1a8c8e04d5#0:FAIL-t319, 3989452c-7599-4156-9543-3fe544ced0f3<-d9e6ea44-93db-446f-8020-a94232284285#0:FAIL-t319] and 0 exception(s); 3989452c-7599-4156-9543-3fe544ced0f3@group-83CFD60236D8:t319, leader=null, voted=3989452c-7599-4156-9543-3fe544ced0f3, raftlog=3989452c-7599-4156-9543-3fe544ced0f3@group-83CFD60236D8-SegmentedRaftLog:OPENED:c-1,f-1,i0, conf=-1: [3989452c-7599-4156-9543-3fe544ced0f3:192.168.157.254:36320, eec99a0c-e1b1-4518-bc49-9d1a8c8e04d5:192.168.157.254:45598, d9e6ea44-93db-446f-8020-a94232284285:192.168.157.254:41671], old=null
2019-10-16 22:15:24,159 [3989452c-7599-4156-9543-3fe544ced0f3@group-83CFD60236D8-LeaderElection300] INFO  impl.RaftServerImpl (RaftServerImpl.java:setRole(184)) - 3989452c-7599-4156-9543-3fe544ced0f3@group-83CFD60236D8: changes role from CANDIDATE to FOLLOWER at term 319 for DISCOVERED_A_NEW_TERM
2019-10-16 22:15:24,159 [3989452c-7599-4156-9543-3fe544ced0f3@group-83CFD60236D8-LeaderElection300] INFO  impl.RoleInfo (RoleInfo.java:shutdownLeaderElection(134)) - 3989452c-7599-4156-9543-3fe544ced0f3: shutdown LeaderElection
2019-10-16 22:15:24,159 [3989452c-7599-4156-9543-3fe544ced0f3@group-83CFD60236D8-LeaderElection300] INFO  impl.RoleInfo (RoleInfo.java:updateAndGet(143)) - 3989452c-7599-4156-9543-3fe544ced0f3: start FollowerState
2019-10-16 22:15:24,325 [Thread-2881] INFO  impl.FollowerState (FollowerState.java:run(108)) - 3989452c-7599-4156-9543-3fe544ced0f3@group-83CFD60236D8-FollowerState: change to CANDIDATE, lastRpcTime:165ms, electionTimeout:165ms
2019-10-16 22:15:24,325 [Thread-2881] INFO  impl.RoleInfo (RoleInfo.java:shutdownFollowerState(121)) - 3989452c-7599-4156-9543-3fe544ced0f3: shutdown FollowerState
2019-10-16 22:15:24,325 [Thread-2881] INFO  impl.RaftServerImpl (RaftServerImpl.java:setRole(184)) - 3989452c-7599-4156-9543-3fe544ced0f3@group-83CFD60236D8: changes role from  FOLLOWER to CANDIDATE at term 319 for changeToCandidate
2019-10-16 22:15:24,326 [Thread-2881] INFO  impl.RoleInfo (RoleInfo.java:updateAndGet(143)) - 3989452c-7599-4156-9543-3fe544ced0f3: start LeaderElection
2019-10-16 22:15:24,341 [3989452c-7599-4156-9543-3fe544ced0f3@group-83CFD60236D8-LeaderElection301] INFO  impl.LeaderElection (LeaderElection.java:askForVotes(178)) - 3989452c-7599-4156-9543-3fe544ced0f3@group-83CFD60236D8-LeaderElection301: begin an election at term 320 for -1: [3989452c-7599-4156-9543-3fe544ced0f3:192.168.157.254:36320, eec99a0c-e1b1-4518-bc49-9d1a8c8e04d5:192.168.157.254:45598, d9e6ea44-93db-446f-8020-a94232284285:192.168.157.254:41671], old=null
2019-10-16 22:15:24,342 [grpc-default-executor-23] INFO  impl.RaftServerImpl (RaftServerImpl.java:setRole(184)) - eec99a0c-e1b1-4518-bc49-9d1a8c8e04d5@group-83CFD60236D8: changes role from  FOLLOWER to FOLLOWER at term 320 for recognizeCandidate:3989452c-7599-4156-9543-3fe544ced0f3
2019-10-16 22:15:24,343 [grpc-default-executor-23] INFO  impl.RoleInfo (RoleInfo.java:shutdownFollowerState(121)) - eec99a0c-e1b1-4518-bc49-9d1a8c8e04d5: shutdown FollowerState
2019-10-16 22:15:24,343 [grpc-default-executor-18] INFO  impl.RaftServerImpl (RaftServerImpl.java:setRole(184)) - d9e6ea44-93db-446f-8020-a94232284285@group-83CFD60236D8: changes role from  FOLLOWER to FOLLOWER at term 320 for recognizeCandidate:3989452c-7599-4156-9543-3fe544ced0f3
2019-10-16 22:15:24,343 [Thread-2880] INFO  impl.FollowerState (FollowerState.java:run(117)) - eec99a0c-e1b1-4518-bc49-9d1a8c8e04d5@group-83CFD60236D8-FollowerState was interrupted: java.lang.InterruptedException: sleep interrupted
2019-10-16 22:15:24,343 [grpc-default-executor-23] INFO  impl.RoleInfo (RoleInfo.java:updateAndGet(143)) - eec99a0c-e1b1-4518-bc49-9d1a8c8e04d5: start FollowerState
2019-10-16 22:15:24,343 [grpc-default-executor-18] INFO  impl.RoleInfo (RoleInfo.java:shutdownFollowerState(121)) - d9e6ea44-93db-446f-8020-a94232284285: shutdown FollowerState
2019-10-16 22:15:24,343 [grpc-default-executor-18] INFO  impl.RoleInfo (RoleInfo.java:updateAndGet(143)) - d9e6ea44-93db-446f-8020-a94232284285: start FollowerState
2019-10-16 22:15:24,343 [Thread-2879] INFO  impl.FollowerState (FollowerState.java:run(117)) - d9e6ea44-93db-446f-8020-a94232284285@group-83CFD60236D8-FollowerState was interrupted: java.lang.InterruptedException: sleep interrupted
2019-10-16 22:15:24,369 [3989452c-7599-4156-9543-3fe544ced0f3@group-83CFD60236D8-LeaderElection301] INFO  impl.LeaderElection (LeaderElection.java:logAndReturn(56)) - 3989452c-7599-4156-9543-3fe544ced0f3@group-83CFD60236D8-LeaderElection301: Election REJECTED; received 2 response(s) [3989452c-7599-4156-9543-3fe544ced0f3<-eec99a0c-e1b1-4518-bc49-9d1a8c8e04d5#0:FAIL-t320, 3989452c-7599-4156-9543-3fe544ced0f3<-d9e6ea44-93db-446f-8020-a94232284285#0:FAIL-t320] and 0 exception(s); 3989452c-7599-4156-9543-3fe544ced0f3@group-83CFD60236D8:t320, leader=null, voted=3989452c-7599-4156-9543-3fe544ced0f3, raftlog=3989452c-7599-4156-9543-3fe544ced0f3@group-83CFD60236D8-SegmentedRaftLog:OPENED:c-1,f-1,i0, conf=-1: [3989452c-7599-4156-9543-3fe544ced0f3:192.168.157.254:36320, eec99a0c-e1b1-4518-bc49-9d1a8c8e04d5:192.168.157.254:45598, d9e6ea44-93db-446f-8020-a94232284285:192.168.157.254:41671], old=null
2019-10-16 22:15:24,369 [3989452c-7599-4156-9543-3fe544ced0f3@group-83CFD60236D8-LeaderElection301] INFO  impl.RaftServerImpl (RaftServerImpl.java:setRole(184)) - 3989452c-7599-4156-9543-3fe544ced0f3@group-83CFD60236D8: changes role from CANDIDATE to FOLLOWER at term 320 for DISCOVERED_A_NEW_TERM
2019-10-16 22:15:24,369 [3989452c-7599-4156-9543-3fe544ced0f3@group-83CFD60236D8-LeaderElection301] INFO  impl.RoleInfo (RoleInfo.java:shutdownLeaderElection(134)) - 3989452c-7599-4156-9543-3fe544ced0f3: shutdown LeaderElection
2019-10-16 22:15:24,370 [3989452c-7599-4156-9543-3fe544ced0f3@group-83CFD60236D8-LeaderElection301] INFO  impl.RoleInfo (RoleInfo.java:updateAndGet(143)) - 3989452c-7599-4156-9543-3fe544ced0f3: start FollowerState
2019-10-16 22:15:24,444 [Thread-2889] INFO  impl.FollowerState (FollowerState.java:run(108)) - 3989452c-7599-4156-9543-3fe544ced0f3@group-83CFD60236D8-FollowerState: change to CANDIDATE, lastRpcTime:74ms, electionTimeout:74ms
2019-10-16 22:15:24,444 [Thread-2889] INFO  impl.RoleInfo (RoleInfo.java:shutdownFollowerState(121)) - 3989452c-7599-4156-9543-3fe544ced0f3: shutdown FollowerState
2019-10-16 22:15:24,445 [Thread-2889] INFO  impl.RaftServerImpl (RaftServerImpl.java:setRole(184)) - 3989452c-7599-4156-9543-3fe544ced0f3@group-83CFD60236D8: changes role from  FOLLOWER to CANDIDATE at term 320 for changeToCandidate
2019-10-16 22:15:24,445 [Thread-2889] INFO  impl.RoleInfo (RoleInfo.java:updateAndGet(143)) - 3989452c-7599-4156-9543-3fe544ced0f3: start LeaderElection
2019-10-16 22:15:24,461 [3989452c-7599-4156-9543-3fe544ced0f3@group-83CFD60236D8-LeaderElection302] INFO  impl.LeaderElection (LeaderElection.java:askForVotes(178)) - 3989452c-7599-4156-9543-3fe544ced0f3@group-83CFD60236D8-LeaderElection302: begin an election at term 321 for -1: [3989452c-7599-4156-9543-3fe544ced0f3:192.168.157.254:36320, eec99a0c-e1b1-4518-bc49-9d1a8c8e04d5:192.168.157.254:45598, d9e6ea44-93db-446f-8020-a94232284285:192.168.157.254:41671], old=null
2019-10-16 22:15:24,463 [grpc-default-executor-23] INFO  impl.RaftServerImpl (RaftServerImpl.java:setRole(184)) - eec99a0c-e1b1-4518-bc49-9d1a8c8e04d5@group-83CFD60236D8: changes role from  FOLLOWER to FOLLOWER at term 321 for recognizeCandidate:3989452c-7599-4156-9543-3fe544ced0f3
2019-10-16 22:15:24,463 [grpc-default-executor-23] INFO  impl.RoleInfo (RoleInfo.java:shutdownFollowerState(121)) - eec99a0c-e1b1-4518-bc49-9d1a8c8e04d5: shutdown FollowerState
2019-10-16 22:15:24,463 [grpc-default-executor-18] INFO  impl.RaftServerImpl (RaftServerImpl.java:setRole(184)) - d9e6ea44-93db-446f-8020-a94232284285@group-83CFD60236D8: changes role from  FOLLOWER to FOLLOWER at term 321 for recognizeCandidate:3989452c-7599-4156-9543-3fe544ced0f3
2019-10-16 22:15:24,463 [Thread-2887] INFO  impl.FollowerState (FollowerState.java:run(117)) - eec99a0c-e1b1-4518-bc49-9d1a8c8e04d5@group-83CFD60236D8-FollowerState was interrupted: java.lang.InterruptedException: sleep interrupted
2019-10-16 22:15:24,463 [grpc-default-executor-23] INFO  impl.RoleInfo (RoleInfo.java:updateAndGet(143)) - eec99a0c-e1b1-4518-bc49-9d1a8c8e04d5: start FollowerState
2019-10-16 22:15:24,463 [grpc-default-executor-18] INFO  impl.RoleInfo (RoleInfo.java:shutdownFollowerState(121)) - d9e6ea44-93db-446f-8020-a94232284285: shutdown FollowerState
2019-10-16 22:15:24,464 [grpc-default-executor-18] INFO  impl.RoleInfo (RoleInfo.java:updateAndGet(143)) - d9e6ea44-93db-446f-8020-a94232284285: start FollowerState
2019-10-16 22:15:24,464 [Thread-2888] INFO  impl.FollowerState (FollowerState.java:run(117)) - d9e6ea44-93db-446f-8020-a94232284285@group-83CFD60236D8-FollowerState was interrupted: java.lang.InterruptedException: sleep interrupted
2019-10-16 22:15:24,490 [3989452c-7599-4156-9543-3fe544ced0f3@group-83CFD60236D8-LeaderElection302] INFO  impl.LeaderElection (LeaderElection.java:logAndReturn(56)) - 3989452c-7599-4156-9543-3fe544ced0f3@group-83CFD60236D8-LeaderElection302: Election REJECTED; received 2 response(s) [3989452c-7599-4156-9543-3fe544ced0f3<-eec99a0c-e1b1-4518-bc49-9d1a8c8e04d5#0:FAIL-t321, 3989452c-7599-4156-9543-3fe544ced0f3<-d9e6ea44-93db-446f-8020-a94232284285#0:FAIL-t321] and 0 exception(s); 3989452c-7599-4156-9543-3fe544ced0f3@group-83CFD60236D8:t321, leader=null, voted=3989452c-7599-4156-9543-3fe544ced0f3, raftlog=3989452c-7599-4156-9543-3fe544ced0f3@group-83CFD60236D8-SegmentedRaftLog:OPENED:c-1,f-1,i0, conf=-1: [3989452c-7599-4156-9543-3fe544ced0f3:192.168.157.254:36320, eec99a0c-e1b1-4518-bc49-9d1a8c8e04d5:192.168.157.254:45598, d9e6ea44-93db-446f-8020-a94232284285:192.168.157.254:41671], old=null
2019-10-16 22:15:24,490 [3989452c-7599-4156-9543-3fe544ced0f3@group-83CFD60236D8-LeaderElection302] INFO  impl.RaftServerImpl (RaftServerImpl.java:setRole(184)) - 3989452c-7599-4156-9543-3fe544ced0f3@group-83CFD60236D8: changes role from CANDIDATE to FOLLOWER at term 321 for DISCOVERED_A_NEW_TERM
2019-10-16 22:15:24,490 [3989452c-7599-4156-9543-3fe544ced0f3@group-83CFD60236D8-LeaderElection302] INFO  impl.RoleInfo (RoleInfo.java:shutdownLeaderElection(134)) - 3989452c-7599-4156-9543-3fe544ced0f3: shutdown LeaderElection
2019-10-16 22:15:24,490 [3989452c-7599-4156-9543-3fe544ced0f3@group-83CFD60236D8-LeaderElection302] INFO  impl.RoleInfo (RoleInfo.java:updateAndGet(143)) - 3989452c-7599-4156-9543-3fe544ced0f3: start FollowerState
2019-10-16 22:15:24,497 [Thread-2895] INFO  impl.FollowerState (FollowerState.java:run(108)) - 3989452c-7599-4156-9543-3fe544ced0f3@group-83CFD60236D8-FollowerState: change to CANDIDATE, lastRpcTime:6ms, electionTimeout:6ms
2019-10-16 22:15:24,497 [Thread-2895] INFO  impl.RoleInfo (RoleInfo.java:shutdownFollowerState(121)) - 3989452c-7599-4156-9543-3fe544ced0f3: shutdown FollowerState
2019-10-16 22:15:24,497 [Thread-2895] INFO  impl.RaftServerImpl (RaftServerImpl.java:setRole(184)) - 3989452c-7599-4156-9543-3fe544ced0f3@group-83CFD60236D8: changes role from  FOLLOWER to CANDIDATE at term 321 for changeToCandidate
2019-10-16 22:15:24,497 [Thread-2895] INFO  impl.RoleInfo (RoleInfo.java:updateAndGet(143)) - 3989452c-7599-4156-9543-3fe544ced0f3: start LeaderElection
2019-10-16 22:15:24,510 [3989452c-7599-4156-9543-3fe544ced0f3@group-83CFD60236D8-LeaderElection303] INFO  impl.LeaderElection (LeaderElection.java:askForVotes(178)) - 3989452c-7599-4156-9543-3fe544ced0f3@group-83CFD60236D8-LeaderElection303: begin an election at term 322 for -1: [3989452c-7599-4156-9543-3fe544ced0f3:192.168.157.254:36320, eec99a0c-e1b1-4518-bc49-9d1a8c8e04d5:192.168.157.254:45598, d9e6ea44-93db-446f-8020-a94232284285:192.168.157.254:41671], old=null
2019-10-16 22:15:24,512 [grpc-default-executor-23] INFO  impl.RaftServerImpl (RaftServerImpl.java:setRole(184)) - eec99a0c-e1b1-4518-bc49-9d1a8c8e04d5@group-83CFD60236D8: changes role from  FOLLOWER to FOLLOWER at term 322 for recognizeCandidate:3989452c-7599-4156-9543-3fe544ced0f3
2019-10-16 22:15:24,512 [grpc-default-executor-23] INFO  impl.RoleInfo (RoleInfo.java:shutdownFollowerState(121)) - eec99a0c-e1b1-4518-bc49-9d1a8c8e04d5: shutdown FollowerState
2019-10-16 22:15:24,512 [grpc-default-executor-18] INFO  impl.RaftServerImpl (RaftServerImpl.java:setRole(184)) - d9e6ea44-93db-446f-8020-a94232284285@group-83CFD60236D8: changes role from  FOLLOWER to FOLLOWER at term 322 for recognizeCandidate:3989452c-7599-4156-9543-3fe544ced0f3
2019-10-16 22:15:24,512 [Thread-2893] INFO  impl.FollowerState (FollowerState.java:run(117)) - eec99a0c-e1b1-4518-bc49-9d1a8c8e04d5@group-83CFD60236D8-FollowerState was interrupted: java.lang.InterruptedException: sleep interrupted
2019-10-16 22:15:24,512 [grpc-default-executor-23] INFO  impl.RoleInfo (RoleInfo.java:updateAndGet(143)) - eec99a0c-e1b1-4518-bc49-9d1a8c8e04d5: start FollowerState
2019-10-16 22:15:24,512 [grpc-default-executor-18] INFO  impl.RoleInfo (RoleInfo.java:shutdownFollowerState(121)) - d9e6ea44-93db-446f-8020-a94232284285: shutdown FollowerState
2019-10-16 22:15:24,513 [grpc-default-executor-18] INFO  impl.RoleInfo (RoleInfo.java:updateAndGet(143)) - d9e6ea44-93db-446f-8020-a94232284285: start FollowerState
2019-10-16 22:15:24,513 [Thread-2894] INFO  impl.FollowerState (FollowerState.java:run(117)) - d9e6ea44-93db-446f-8020-a94232284285@group-83CFD60236D8-FollowerState was interrupted: java.lang.InterruptedException: sleep interrupted
2019-10-16 22:15:24,529 [3989452c-7599-4156-9543-3fe544ced0f3@group-83CFD60236D8-LeaderElection303] INFO  impl.LeaderElection (LeaderElection.java:logAndReturn(56)) - 3989452c-7599-4156-9543-3fe544ced0f3@group-83CFD60236D8-LeaderElection303: Election REJECTED; received 2 response(s) [3989452c-7599-4156-9543-3fe544ced0f3<-eec99a0c-e1b1-4518-bc49-9d1a8c8e04d5#0:FAIL-t322, 3989452c-7599-4156-9543-3fe544ced0f3<-d9e6ea44-93db-446f-8020-a94232284285#0:FAIL-t322] and 0 exception(s); 3989452c-7599-4156-9543-3fe544ced0f3@group-83CFD60236D8:t322, leader=null, voted=3989452c-7599-4156-9543-3fe544ced0f3, raftlog=3989452c-7599-4156-9543-3fe544ced0f3@group-83CFD60236D8-SegmentedRaftLog:OPENED:c-1,f-1,i0, conf=-1: [3989452c-7599-4156-9543-3fe544ced0f3:192.168.157.254:36320, eec99a0c-e1b1-4518-bc49-9d1a8c8e04d5:192.168.157.254:45598, d9e6ea44-93db-446f-8020-a94232284285:192.168.157.254:41671], old=null
2019-10-16 22:15:24,529 [3989452c-7599-4156-9543-3fe544ced0f3@group-83CFD60236D8-LeaderElection303] INFO  impl.RaftServerImpl (RaftServerImpl.java:setRole(184)) - 3989452c-7599-4156-9543-3fe544ced0f3@group-83CFD60236D8: changes role from CANDIDATE to FOLLOWER at term 322 for DISCOVERED_A_NEW_TERM
2019-10-16 22:15:24,529 [3989452c-7599-4156-9543-3fe544ced0f3@group-83CFD60236D8-LeaderElection303] INFO  impl.RoleInfo (RoleInfo.java:shutdownLeaderElection(134)) - 3989452c-7599-4156-9543-3fe544ced0f3: shutdown LeaderElection
2019-10-16 22:15:24,530 [3989452c-7599-4156-9543-3fe544ced0f3@group-83CFD60236D8-LeaderElection303] INFO  impl.RoleInfo (RoleInfo.java:updateAndGet(143)) - 3989452c-7599-4156-9543-3fe544ced0f3: start FollowerState
2019-10-16 22:15:24,580 [Thread-2901] INFO  impl.FollowerState (FollowerState.java:run(108)) - 3989452c-7599-4156-9543-3fe544ced0f3@group-83CFD60236D8-FollowerState: change to CANDIDATE, lastRpcTime:50ms, electionTimeout:50ms
2019-10-16 22:15:24,580 [Thread-2901] INFO  impl.RoleInfo (RoleInfo.java:shutdownFollowerState(121)) - 3989452c-7599-4156-9543-3fe544ced0f3: shutdown FollowerState
2019-10-16 22:15:24,580 [Thread-2901] INFO  impl.RaftServerImpl (RaftServerImpl.java:setRole(184)) - 3989452c-7599-4156-9543-3fe544ced0f3@group-83CFD60236D8: changes role from  FOLLOWER to CANDIDATE at term 322 for changeToCandidate
2019-10-16 22:15:24,580 [Thread-2901] INFO  impl.RoleInfo (RoleInfo.java:updateAndGet(143)) - 3989452c-7599-4156-9543-3fe544ced0f3: start LeaderElection
2019-10-16 22:15:24,585 [3989452c-7599-4156-9543-3fe544ced0f3@group-83CFD60236D8-LeaderElection304] INFO  impl.LeaderElection (LeaderElection.java:askForVotes(178)) - 3989452c-7599-4156-9543-3fe544ced0f3@group-83CFD60236D8-LeaderElection304: begin an election at term 323 for -1: [3989452c-7599-4156-9543-3fe544ced0f3:192.168.157.254:36320, eec99a0c-e1b1-4518-bc49-9d1a8c8e04d5:192.168.157.254:45598, d9e6ea44-93db-446f-8020-a94232284285:192.168.157.254:41671], old=null
2019-10-16 22:15:24,586 [grpc-default-executor-23] INFO  impl.RaftServerImpl (RaftServerImpl.java:setRole(184)) - eec99a0c-e1b1-4518-bc49-9d1a8c8e04d5@group-83CFD60236D8: changes role from  FOLLOWER to FOLLOWER at term 323 for recognizeCandidate:3989452c-7599-4156-9543-3fe544ced0f3
2019-10-16 22:15:24,586 [grpc-default-executor-23] INFO  impl.RoleInfo (RoleInfo.java:shutdownFollowerState(121)) - eec99a0c-e1b1-4518-bc49-9d1a8c8e04d5: shutdown FollowerState
2019-10-16 22:15:24,586 [grpc-default-executor-23] INFO  impl.RoleInfo (RoleInfo.java:updateAndGet(143)) - eec99a0c-e1b1-4518-bc49-9d1a8c8e04d5: start FollowerState
2019-10-16 22:15:24,586 [Thread-2899] INFO  impl.FollowerState (FollowerState.java:run(117)) - eec99a0c-e1b1-4518-bc49-9d1a8c8e04d5@group-83CFD60236D8-FollowerState was interrupted: java.lang.InterruptedException: sleep interrupted
2019-10-16 22:15:24,587 [grpc-default-executor-18] INFO  impl.RaftServerImpl (RaftServerImpl.java:setRole(184)) - d9e6ea44-93db-446f-8020-a94232284285@group-83CFD60236D8: changes role from  FOLLOWER to FOLLOWER at term 323 for recognizeCandidate:3989452c-7599-4156-9543-3fe544ced0f3
2019-10-16 22:15:24,587 [grpc-default-executor-18] INFO  impl.RoleInfo (RoleInfo.java:shutdownFollowerState(121)) - d9e6ea44-93db-446f-8020-a94232284285: shutdown FollowerState
2019-10-16 22:15:24,587 [grpc-default-executor-18] INFO  impl.RoleInfo (RoleInfo.java:updateAndGet(143)) - d9e6ea44-93db-446f-8020-a94232284285: start FollowerState
2019-10-16 22:15:24,587 [Thread-2900] INFO  impl.FollowerState (FollowerState.java:run(117)) - d9e6ea44-93db-446f-8020-a94232284285@group-83CFD60236D8-FollowerState was interrupted: java.lang.InterruptedException: sleep interrupted
2019-10-16 22:15:24,593 [3989452c-7599-4156-9543-3fe544ced0f3@group-83CFD60236D8-LeaderElection304] INFO  impl.LeaderElection (LeaderElection.java:logAndReturn(56)) - 3989452c-7599-4156-9543-3fe544ced0f3@group-83CFD60236D8-LeaderElection304: Election REJECTED; received 2 response(s) [3989452c-7599-4156-9543-3fe544ced0f3<-eec99a0c-e1b1-4518-bc49-9d1a8c8e04d5#0:FAIL-t323, 3989452c-7599-4156-9543-3fe544ced0f3<-d9e6ea44-93db-446f-8020-a94232284285#0:FAIL-t323] and 0 exception(s); 3989452c-7599-4156-9543-3fe544ced0f3@group-83CFD60236D8:t323, leader=null, voted=3989452c-7599-4156-9543-3fe544ced0f3, raftlog=3989452c-7599-4156-9543-3fe544ced0f3@group-83CFD60236D8-SegmentedRaftLog:OPENED:c-1,f-1,i0, conf=-1: [3989452c-7599-4156-9543-3fe544ced0f3:192.168.157.254:36320, eec99a0c-e1b1-4518-bc49-9d1a8c8e04d5:192.168.157.254:45598, d9e6ea44-93db-446f-8020-a94232284285:192.168.157.254:41671], old=null
2019-10-16 22:15:24,593 [3989452c-7599-4156-9543-3fe544ced0f3@group-83CFD60236D8-LeaderElection304] INFO  impl.RaftServerImpl (RaftServerImpl.java:setRole(184)) - 3989452c-7599-4156-9543-3fe544ced0f3@group-83CFD60236D8: changes role from CANDIDATE to FOLLOWER at term 323 for DISCOVERED_A_NEW_TERM
2019-10-16 22:15:24,593 [3989452c-7599-4156-9543-3fe544ced0f3@group-83CFD60236D8-LeaderElection304] INFO  impl.RoleInfo (RoleInfo.java:shutdownLeaderElection(134)) - 3989452c-7599-4156-9543-3fe544ced0f3: shutdown LeaderElection
2019-10-16 22:15:24,594 [3989452c-7599-4156-9543-3fe544ced0f3@group-83CFD60236D8-LeaderElection304] INFO  impl.RoleInfo (RoleInfo.java:updateAndGet(143)) - 3989452c-7599-4156-9543-3fe544ced0f3: start FollowerState
2019-10-16 22:15:24,707 [Thread-2907] INFO  impl.FollowerState (FollowerState.java:run(108)) - 3989452c-7599-4156-9543-3fe544ced0f3@group-83CFD60236D8-FollowerState: change to CANDIDATE, lastRpcTime:113ms, electionTimeout:113ms
2019-10-16 22:15:24,707 [Thread-2907] INFO  impl.RoleInfo (RoleInfo.java:shutdownFollowerState(121)) - 3989452c-7599-4156-9543-3fe544ced0f3: shutdown FollowerState
2019-10-16 22:15:24,708 [Thread-2907] INFO  impl.RaftServerImpl (RaftServerImpl.java:setRole(184)) - 3989452c-7599-4156-9543-3fe544ced0f3@group-83CFD60236D8: changes role from  FOLLOWER to CANDIDATE at term 323 for changeToCandidate
2019-10-16 22:15:24,712 [Thread-2907] INFO  impl.RoleInfo (RoleInfo.java:updateAndGet(143)) - 3989452c-7599-4156-9543-3fe544ced0f3: start LeaderElection
2019-10-16 22:15:24,720 [3989452c-7599-4156-9543-3fe544ced0f3@group-83CFD60236D8-LeaderElection305] INFO  impl.LeaderElection (LeaderElection.java:askForVotes(178)) - 3989452c-7599-4156-9543-3fe544ced0f3@group-83CFD60236D8-LeaderElection305: begin an election at term 324 for -1: [3989452c-7599-4156-9543-3fe544ced0f3:192.168.157.254:36320, eec99a0c-e1b1-4518-bc49-9d1a8c8e04d5:192.168.157.254:45598, d9e6ea44-93db-446f-8020-a94232284285:192.168.157.254:41671], old=null
2019-10-16 22:15:24,728 [grpc-default-executor-23] INFO  impl.RaftServerImpl (RaftServerImpl.java:setRole(184)) - d9e6ea44-93db-446f-8020-a94232284285@group-83CFD60236D8: changes role from  FOLLOWER to FOLLOWER at term 324 for recognizeCandidate:3989452c-7599-4156-9543-3fe544ced0f3
2019-10-16 22:15:24,728 [grpc-default-executor-18] INFO  impl.RaftServerImpl (RaftServerImpl.java:setRole(184)) - eec99a0c-e1b1-4518-bc49-9d1a8c8e04d5@group-83CFD60236D8: changes role from  FOLLOWER to FOLLOWER at term 324 for recognizeCandidate:3989452c-7599-4156-9543-3fe544ced0f3
2019-10-16 22:15:24,728 [grpc-default-executor-23] INFO  impl.RoleInfo (RoleInfo.java:shutdownFollowerState(121)) - d9e6ea44-93db-446f-8020-a94232284285: shutdown FollowerState
2019-10-16 22:15:24,728 [grpc-default-executor-18] INFO  impl.RoleInfo (RoleInfo.java:shutdownFollowerState(121)) - eec99a0c-e1b1-4518-bc49-9d1a8c8e04d5: shutdown FollowerState
2019-10-16 22:15:24,736 [grpc-default-executor-18] INFO  impl.RoleInfo (RoleInfo.java:updateAndGet(143)) - eec99a0c-e1b1-4518-bc49-9d1a8c8e04d5: start FollowerState
2019-10-16 22:15:24,736 [grpc-default-executor-23] INFO  impl.RoleInfo (RoleInfo.java:updateAndGet(143)) - d9e6ea44-93db-446f-8020-a94232284285: start FollowerState
2019-10-16 22:15:24,736 [Thread-2906] INFO  impl.FollowerState (FollowerState.java:run(117)) - d9e6ea44-93db-446f-8020-a94232284285@group-83CFD60236D8-FollowerState was interrupted: java.lang.InterruptedException: sleep interrupted
2019-10-16 22:15:24,736 [Thread-2905] INFO  impl.FollowerState (FollowerState.java:run(117)) - eec99a0c-e1b1-4518-bc49-9d1a8c8e04d5@group-83CFD60236D8-FollowerState was interrupted: java.lang.InterruptedException: sleep interrupted
2019-10-16 22:15:24,750 [3989452c-7599-4156-9543-3fe544ced0f3@group-83CFD60236D8-LeaderElection305] INFO  impl.LeaderElection (LeaderElection.java:logAndReturn(56)) - 3989452c-7599-4156-9543-3fe544ced0f3@group-83CFD60236D8-LeaderElection305: Election TIMEOUT; received 0 response(s) [] and 0 exception(s); 3989452c-7599-4156-9543-3fe544ced0f3@group-83CFD60236D8:t324, leader=null, voted=3989452c-7599-4156-9543-3fe544ced0f3, raftlog=3989452c-7599-4156-9543-3fe544ced0f3@group-83CFD60236D8-SegmentedRaftLog:OPENED:c-1,f-1,i0, conf=-1: [3989452c-7599-4156-9543-3fe544ced0f3:192.168.157.254:36320, eec99a0c-e1b1-4518-bc49-9d1a8c8e04d5:192.168.157.254:45598, d9e6ea44-93db-446f-8020-a94232284285:192.168.157.254:41671], old=null
2019-10-16 22:15:24,764 [3989452c-7599-4156-9543-3fe544ced0f3@group-83CFD60236D8-LeaderElection305] INFO  impl.LeaderElection (LeaderElection.java:askForVotes(178)) - 3989452c-7599-4156-9543-3fe544ced0f3@group-83CFD60236D8-LeaderElection305: begin an election at term 325 for -1: [3989452c-7599-4156-9543-3fe544ced0f3:192.168.157.254:36320, eec99a0c-e1b1-4518-bc49-9d1a8c8e04d5:192.168.157.254:45598, d9e6ea44-93db-446f-8020-a94232284285:192.168.157.254:41671], old=null
2019-10-16 22:15:24,766 [grpc-default-executor-18] INFO  impl.RaftServerImpl (RaftServerImpl.java:setRole(184)) - eec99a0c-e1b1-4518-bc49-9d1a8c8e04d5@group-83CFD60236D8: changes role from  FOLLOWER to FOLLOWER at term 325 for recognizeCandidate:3989452c-7599-4156-9543-3fe544ced0f3
2019-10-16 22:15:24,766 [grpc-default-executor-18] INFO  impl.RoleInfo (RoleInfo.java:shutdownFollowerState(121)) - eec99a0c-e1b1-4518-bc49-9d1a8c8e04d5: shutdown FollowerState
2019-10-16 22:15:24,766 [grpc-default-executor-23] INFO  impl.RaftServerImpl (RaftServerImpl.java:setRole(184)) - d9e6ea44-93db-446f-8020-a94232284285@group-83CFD60236D8: changes role from  FOLLOWER to FOLLOWER at term 325 for recognizeCandidate:3989452c-7599-4156-9543-3fe544ced0f3
2019-10-16 22:15:24,767 [grpc-default-executor-23] INFO  impl.RoleInfo (RoleInfo.java:shutdownFollowerState(121)) - d9e6ea44-93db-446f-8020-a94232284285: shutdown FollowerState
2019-10-16 22:15:24,766 [Thread-2911] INFO  impl.FollowerState (FollowerState.java:run(117)) - eec99a0c-e1b1-4518-bc49-9d1a8c8e04d5@group-83CFD60236D8-FollowerState was interrupted: java.lang.InterruptedException: sleep interrupted
2019-10-16 22:15:24,766 [grpc-default-executor-18] INFO  impl.RoleInfo (RoleInfo.java:updateAndGet(143)) - eec99a0c-e1b1-4518-bc49-9d1a8c8e04d5: start FollowerState
2019-10-16 22:15:24,767 [Thread-2912] INFO  impl.FollowerState (FollowerState.java:run(117)) - d9e6ea44-93db-446f-8020-a94232284285@group-83CFD60236D8-FollowerState was interrupted: java.lang.InterruptedException: sleep interrupted
2019-10-16 22:15:24,767 [grpc-default-executor-23] INFO  impl.RoleInfo (RoleInfo.java:updateAndGet(143)) - d9e6ea44-93db-446f-8020-a94232284285: start FollowerState
2019-10-16 22:15:24,794 [3989452c-7599-4156-9543-3fe544ced0f3@group-83CFD60236D8-LeaderElection305] INFO  impl.LeaderElection (LeaderElection.java:logAndReturn(56)) - 3989452c-7599-4156-9543-3fe544ced0f3@group-83CFD60236D8-LeaderElection305: Election REJECTED; received 2 response(s) [3989452c-7599-4156-9543-3fe544ced0f3<-eec99a0c-e1b1-4518-bc49-9d1a8c8e04d5#0:FAIL-t325, 3989452c-7599-4156-9543-3fe544ced0f3<-d9e6ea44-93db-446f-8020-a94232284285#0:FAIL-t325] and 0 exception(s); 3989452c-7599-4156-9543-3fe544ced0f3@group-83CFD60236D8:t325, leader=null, voted=3989452c-7599-4156-9543-3fe544ced0f3, raftlog=3989452c-7599-4156-9543-3fe544ced0f3@group-83CFD60236D8-SegmentedRaftLog:OPENED:c-1,f-1,i0, conf=-1: [3989452c-7599-4156-9543-3fe544ced0f3:192.168.157.254:36320, eec99a0c-e1b1-4518-bc49-9d1a8c8e04d5:192.168.157.254:45598, d9e6ea44-93db-446f-8020-a94232284285:192.168.157.254:41671], old=null
2019-10-16 22:15:24,795 [3989452c-7599-4156-9543-3fe544ced0f3@group-83CFD60236D8-LeaderElection305] INFO  impl.RaftServerImpl (RaftServerImpl.java:setRole(184)) - 3989452c-7599-4156-9543-3fe544ced0f3@group-83CFD60236D8: changes role from CANDIDATE to FOLLOWER at term 325 for DISCOVERED_A_NEW_TERM
2019-10-16 22:15:24,795 [3989452c-7599-4156-9543-3fe544ced0f3@group-83CFD60236D8-LeaderElection305] INFO  impl.RoleInfo (RoleInfo.java:shutdownLeaderElection(134)) - 3989452c-7599-4156-9543-3fe544ced0f3: shutdown LeaderElection
2019-10-16 22:15:24,795 [3989452c-7599-4156-9543-3fe544ced0f3@group-83CFD60236D8-LeaderElection305] INFO  impl.RoleInfo (RoleInfo.java:updateAndGet(143)) - 3989452c-7599-4156-9543-3fe544ced0f3: start FollowerState
2019-10-16 22:15:24,830 [Thread-2918] INFO  impl.FollowerState (FollowerState.java:run(108)) - 3989452c-7599-4156-9543-3fe544ced0f3@group-83CFD60236D8-FollowerState: change to CANDIDATE, lastRpcTime:34ms, electionTimeout:34ms
2019-10-16 22:15:24,830 [Thread-2918] INFO  impl.RoleInfo (RoleInfo.java:shutdownFollowerState(121)) - 3989452c-7599-4156-9543-3fe544ced0f3: shutdown FollowerState
2019-10-16 22:15:24,830 [Thread-2918] INFO  impl.RaftServerImpl (RaftServerImpl.java:setRole(184)) - 3989452c-7599-4156-9543-3fe544ced0f3@group-83CFD60236D8: changes role from  FOLLOWER to CANDIDATE at term 325 for changeToCandidate
2019-10-16 22:15:24,830 [Thread-2918] INFO  impl.RoleInfo (RoleInfo.java:updateAndGet(143)) - 3989452c-7599-4156-9543-3fe544ced0f3: start LeaderElection
2019-10-16 22:15:24,843 [3989452c-7599-4156-9543-3fe544ced0f3@group-83CFD60236D8-LeaderElection306] INFO  impl.LeaderElection (LeaderElection.java:askForVotes(178)) - 3989452c-7599-4156-9543-3fe544ced0f3@group-83CFD60236D8-LeaderElection306: begin an election at term 326 for -1: [3989452c-7599-4156-9543-3fe544ced0f3:192.168.157.254:36320, eec99a0c-e1b1-4518-bc49-9d1a8c8e04d5:192.168.157.254:45598, d9e6ea44-93db-446f-8020-a94232284285:192.168.157.254:41671], old=null
2019-10-16 22:15:24,845 [grpc-default-executor-22] INFO  impl.RaftServerImpl (RaftServerImpl.java:setRole(184)) - eec99a0c-e1b1-4518-bc49-9d1a8c8e04d5@group-83CFD60236D8: changes role from  FOLLOWER to FOLLOWER at term 326 for recognizeCandidate:3989452c-7599-4156-9543-3fe544ced0f3
2019-10-16 22:15:24,845 [grpc-default-executor-18] INFO  impl.RaftServerImpl (RaftServerImpl.java:setRole(184)) - d9e6ea44-93db-446f-8020-a94232284285@group-83CFD60236D8: changes role from  FOLLOWER to FOLLOWER at term 326 for recognizeCandidate:3989452c-7599-4156-9543-3fe544ced0f3
2019-10-16 22:15:24,845 [grpc-default-executor-22] INFO  impl.RoleInfo (RoleInfo.java:shutdownFollowerState(121)) - eec99a0c-e1b1-4518-bc49-9d1a8c8e04d5: shutdown FollowerState
2019-10-16 22:15:24,845 [grpc-default-executor-18] INFO  impl.RoleInfo (RoleInfo.java:shutdownFollowerState(121)) - d9e6ea44-93db-446f-8020-a94232284285: shutdown FollowerState
2019-10-16 22:15:24,845 [Thread-2915] INFO  impl.FollowerState (FollowerState.java:run(117)) - eec99a0c-e1b1-4518-bc49-9d1a8c8e04d5@group-83CFD60236D8-FollowerState was interrupted: java.lang.InterruptedException: sleep interrupted
2019-10-16 22:15:24,845 [grpc-default-executor-22] INFO  impl.RoleInfo (RoleInfo.java:updateAndGet(143)) - eec99a0c-e1b1-4518-bc49-9d1a8c8e04d5: start FollowerState
2019-10-16 22:15:24,846 [Thread-2916] INFO  impl.FollowerState (FollowerState.java:run(117)) - d9e6ea44-93db-446f-8020-a94232284285@group-83CFD60236D8-FollowerState was interrupted: java.lang.InterruptedException: sleep interrupted
2019-10-16 22:15:24,845 [grpc-default-executor-18] INFO  impl.RoleInfo (RoleInfo.java:updateAndGet(143)) - d9e6ea44-93db-446f-8020-a94232284285: start FollowerState
2019-10-16 22:15:24,872 [3989452c-7599-4156-9543-3fe544ced0f3@group-83CFD60236D8-LeaderElection306] INFO  impl.LeaderElection (LeaderElection.java:logAndReturn(56)) - 3989452c-7599-4156-9543-3fe544ced0f3@group-83CFD60236D8-LeaderElection306: Election REJECTED; received 2 response(s) [3989452c-7599-4156-9543-3fe544ced0f3<-eec99a0c-e1b1-4518-bc49-9d1a8c8e04d5#0:FAIL-t326, 3989452c-7599-4156-9543-3fe544ced0f3<-d9e6ea44-93db-446f-8020-a94232284285#0:FAIL-t326] and 0 exception(s); 3989452c-7599-4156-9543-3fe544ced0f3@group-83CFD60236D8:t326, leader=null, voted=3989452c-7599-4156-9543-3fe544ced0f3, raftlog=3989452c-7599-4156-9543-3fe544ced0f3@group-83CFD60236D8-SegmentedRaftLog:OPENED:c-1,f-1,i0, conf=-1: [3989452c-7599-4156-9543-3fe544ced0f3:192.168.157.254:36320, eec99a0c-e1b1-4518-bc49-9d1a8c8e04d5:192.168.157.254:45598, d9e6ea44-93db-446f-8020-a94232284285:192.168.157.254:41671], old=null
2019-10-16 22:15:24,873 [3989452c-7599-4156-9543-3fe544ced0f3@group-83CFD60236D8-LeaderElection306] INFO  impl.RaftServerImpl (RaftServerImpl.java:setRole(184)) - 3989452c-7599-4156-9543-3fe544ced0f3@group-83CFD60236D8: changes role from CANDIDATE to FOLLOWER at term 326 for DISCOVERED_A_NEW_TERM
2019-10-16 22:15:24,873 [3989452c-7599-4156-9543-3fe544ced0f3@group-83CFD60236D8-LeaderElection306] INFO  impl.RoleInfo (RoleInfo.java:shutdownLeaderElection(134)) - 3989452c-7599-4156-9543-3fe544ced0f3: shutdown LeaderElection
2019-10-16 22:15:24,873 [3989452c-7599-4156-9543-3fe544ced0f3@group-83CFD60236D8-LeaderElection306] INFO  impl.RoleInfo (RoleInfo.java:updateAndGet(143)) - 3989452c-7599-4156-9543-3fe544ced0f3: start FollowerState
 0.00% |?                                                                                                    |  0/1 Time: 0:06:412019-10-16 22:15:25,054 [Thread-2926] INFO  impl.FollowerState (FollowerState.java:run(108)) - 3989452c-7599-4156-9543-3fe544ced0f3@group-83CFD60236D8-FollowerState: change to CANDIDATE, lastRpcTime:180ms, electionTimeout:180ms
2019-10-16 22:15:25,054 [Thread-2926] INFO  impl.RoleInfo (RoleInfo.java:shutdownFollowerState(121)) - 3989452c-7599-4156-9543-3fe544ced0f3: shutdown FollowerState
2019-10-16 22:15:25,054 [Thread-2926] INFO  impl.RaftServerImpl (RaftServerImpl.java:setRole(184)) - 3989452c-7599-4156-9543-3fe544ced0f3@group-83CFD60236D8: changes role from  FOLLOWER to CANDIDATE at term 326 for changeToCandidate
2019-10-16 22:15:25,054 [Thread-2926] INFO  impl.RoleInfo (RoleInfo.java:updateAndGet(143)) - 3989452c-7599-4156-9543-3fe544ced0f3: start LeaderElection
2019-10-16 22:15:25,068 [3989452c-7599-4156-9543-3fe544ced0f3@group-83CFD60236D8-LeaderElection307] INFO  impl.LeaderElection (LeaderElection.java:askForVotes(178)) - 3989452c-7599-4156-9543-3fe544ced0f3@group-83CFD60236D8-LeaderElection307: begin an election at term 327 for -1: [3989452c-7599-4156-9543-3fe544ced0f3:192.168.157.254:36320, eec99a0c-e1b1-4518-bc49-9d1a8c8e04d5:192.168.157.254:45598, d9e6ea44-93db-446f-8020-a94232284285:192.168.157.254:41671], old=null
2019-10-16 22:15:25,070 [grpc-default-executor-18] INFO  impl.RaftServerImpl (RaftServerImpl.java:setRole(184)) - d9e6ea44-93db-446f-8020-a94232284285@group-83CFD60236D8: changes role from  FOLLOWER to FOLLOWER at term 327 for recognizeCandidate:3989452c-7599-4156-9543-3fe544ced0f3
2019-10-16 22:15:25,070 [grpc-default-executor-22] INFO  impl.RaftServerImpl (RaftServerImpl.java:setRole(184)) - eec99a0c-e1b1-4518-bc49-9d1a8c8e04d5@group-83CFD60236D8: changes role from  FOLLOWER to FOLLOWER at term 327 for recognizeCandidate:3989452c-7599-4156-9543-3fe544ced0f3
2019-10-16 22:15:25,070 [grpc-default-executor-18] INFO  impl.RoleInfo (RoleInfo.java:shutdownFollowerState(121)) - d9e6ea44-93db-446f-8020-a94232284285: shutdown FollowerState
2019-10-16 22:15:25,070 [grpc-default-executor-22] INFO  impl.RoleInfo (RoleInfo.java:shutdownFollowerState(121)) - eec99a0c-e1b1-4518-bc49-9d1a8c8e04d5: shutdown FollowerState
2019-10-16 22:15:25,070 [Thread-2925] INFO  impl.FollowerState (FollowerState.java:run(117)) - d9e6ea44-93db-446f-8020-a94232284285@group-83CFD60236D8-FollowerState was interrupted: java.lang.InterruptedException: sleep interrupted
2019-10-16 22:15:25,070 [Thread-2924] INFO  impl.FollowerState (FollowerState.java:run(117)) - eec99a0c-e1b1-4518-bc49-9d1a8c8e04d5@group-83CFD60236D8-FollowerState was interrupted: java.lang.InterruptedException: sleep interrupted
2019-10-16 22:15:25,070 [grpc-default-executor-22] INFO  impl.RoleInfo (RoleInfo.java:updateAndGet(143)) - eec99a0c-e1b1-4518-bc49-9d1a8c8e04d5: start FollowerState
2019-10-16 22:15:25,070 [grpc-default-executor-18] INFO  impl.RoleInfo (RoleInfo.java:updateAndGet(143)) - d9e6ea44-93db-446f-8020-a94232284285: start FollowerState
2019-10-16 22:15:25,086 [3989452c-7599-4156-9543-3fe544ced0f3@group-83CFD60236D8-LeaderElection307] INFO  impl.LeaderElection (LeaderElection.java:logAndReturn(56)) - 3989452c-7599-4156-9543-3fe544ced0f3@group-83CFD60236D8-LeaderElection307: Election REJECTED; received 2 response(s) [3989452c-7599-4156-9543-3fe544ced0f3<-eec99a0c-e1b1-4518-bc49-9d1a8c8e04d5#0:FAIL-t327, 3989452c-7599-4156-9543-3fe544ced0f3<-d9e6ea44-93db-446f-8020-a94232284285#0:FAIL-t327] and 0 exception(s); 3989452c-7599-4156-9543-3fe544ced0f3@group-83CFD60236D8:t327, leader=null, voted=3989452c-7599-4156-9543-3fe544ced0f3, raftlog=3989452c-7599-4156-9543-3fe544ced0f3@group-83CFD60236D8-SegmentedRaftLog:OPENED:c-1,f-1,i0, conf=-1: [3989452c-7599-4156-9543-3fe544ced0f3:192.168.157.254:36320, eec99a0c-e1b1-4518-bc49-9d1a8c8e04d5:192.168.157.254:45598, d9e6ea44-93db-446f-8020-a94232284285:192.168.157.254:41671], old=null
2019-10-16 22:15:25,086 [3989452c-7599-4156-9543-3fe544ced0f3@group-83CFD60236D8-LeaderElection307] INFO  impl.RaftServerImpl (RaftServerImpl.java:setRole(184)) - 3989452c-7599-4156-9543-3fe544ced0f3@group-83CFD60236D8: changes role from CANDIDATE to FOLLOWER at term 327 for DISCOVERED_A_NEW_TERM
2019-10-16 22:15:25,086 [3989452c-7599-4156-9543-3fe544ced0f3@group-83CFD60236D8-LeaderElection307] INFO  impl.RoleInfo (RoleInfo.java:shutdownLeaderElection(134)) - 3989452c-7599-4156-9543-3fe544ced0f3: shutdown LeaderElection
2019-10-16 22:15:25,086 [3989452c-7599-4156-9543-3fe544ced0f3@group-83CFD60236D8-LeaderElection307] INFO  impl.RoleInfo (RoleInfo.java:updateAndGet(143)) - 3989452c-7599-4156-9543-3fe544ced0f3: start FollowerState
2019-10-16 22:15:25,090 [Thread-2932] INFO  impl.FollowerState (FollowerState.java:run(108)) - 3989452c-7599-4156-9543-3fe544ced0f3@group-83CFD60236D8-FollowerState: change to CANDIDATE, lastRpcTime:4ms, electionTimeout:4ms
2019-10-16 22:15:25,090 [Thread-2932] INFO  impl.RoleInfo (RoleInfo.java:shutdownFollowerState(121)) - 3989452c-7599-4156-9543-3fe544ced0f3: shutdown FollowerState
2019-10-16 22:15:25,091 [Thread-2932] INFO  impl.RaftServerImpl (RaftServerImpl.java:setRole(184)) - 3989452c-7599-4156-9543-3fe544ced0f3@group-83CFD60236D8: changes role from  FOLLOWER to CANDIDATE at term 327 for changeToCandidate
2019-10-16 22:15:25,091 [Thread-2932] INFO  impl.RoleInfo (RoleInfo.java:updateAndGet(143)) - 3989452c-7599-4156-9543-3fe544ced0f3: start LeaderElection
2019-10-16 22:15:25,105 [3989452c-7599-4156-9543-3fe544ced0f3@group-83CFD60236D8-LeaderElection308] INFO  impl.LeaderElection (LeaderElection.java:askForVotes(178)) - 3989452c-7599-4156-9543-3fe544ced0f3@group-83CFD60236D8-LeaderElection308: begin an election at term 328 for -1: [3989452c-7599-4156-9543-3fe544ced0f3:192.168.157.254:36320, eec99a0c-e1b1-4518-bc49-9d1a8c8e04d5:192.168.157.254:45598, d9e6ea44-93db-446f-8020-a94232284285:192.168.157.254:41671], old=null
2019-10-16 22:15:25,107 [grpc-default-executor-22] INFO  impl.RaftServerImpl (RaftServerImpl.java:setRole(184)) - d9e6ea44-93db-446f-8020-a94232284285@group-83CFD60236D8: changes role from  FOLLOWER to FOLLOWER at term 328 for recognizeCandidate:3989452c-7599-4156-9543-3fe544ced0f3
2019-10-16 22:15:25,107 [grpc-default-executor-22] INFO  impl.RoleInfo (RoleInfo.java:shutdownFollowerState(121)) - d9e6ea44-93db-446f-8020-a94232284285: shutdown FollowerState
2019-10-16 22:15:25,107 [grpc-default-executor-22] INFO  impl.RoleInfo (RoleInfo.java:updateAndGet(143)) - d9e6ea44-93db-446f-8020-a94232284285: start FollowerState
2019-10-16 22:15:25,107 [grpc-default-executor-18] INFO  impl.RaftServerImpl (RaftServerImpl.java:setRole(184)) - eec99a0c-e1b1-4518-bc49-9d1a8c8e04d5@group-83CFD60236D8: changes role from  FOLLOWER to FOLLOWER at term 328 for recognizeCandidate:3989452c-7599-4156-9543-3fe544ced0f3
2019-10-16 22:15:25,107 [grpc-default-executor-18] INFO  impl.RoleInfo (RoleInfo.java:shutdownFollowerState(121)) - eec99a0c-e1b1-4518-bc49-9d1a8c8e04d5: shutdown FollowerState
2019-10-16 22:15:25,107 [Thread-2930] INFO  impl.FollowerState (FollowerState.java:run(117)) - d9e6ea44-93db-446f-8020-a94232284285@group-83CFD60236D8-FollowerState was interrupted: java.lang.InterruptedException: sleep interrupted
2019-10-16 22:15:25,107 [Thread-2931] INFO  impl.FollowerState (FollowerState.java:run(117)) - eec99a0c-e1b1-4518-bc49-9d1a8c8e04d5@group-83CFD60236D8-FollowerState was interrupted: java.lang.InterruptedException: sleep interrupted
2019-10-16 22:15:25,107 [grpc-default-executor-18] INFO  impl.RoleInfo (RoleInfo.java:updateAndGet(143)) - eec99a0c-e1b1-4518-bc49-9d1a8c8e04d5: start FollowerState
2019-10-16 22:15:25,114 [3989452c-7599-4156-9543-3fe544ced0f3@group-83CFD60236D8-LeaderElection308] INFO  impl.LeaderElection (LeaderElection.java:logAndReturn(56)) - 3989452c-7599-4156-9543-3fe544ced0f3@group-83CFD60236D8-LeaderElection308: Election TIMEOUT; received 0 response(s) [] and 0 exception(s); 3989452c-7599-4156-9543-3fe544ced0f3@group-83CFD60236D8:t328, leader=null, voted=3989452c-7599-4156-9543-3fe544ced0f3, raftlog=3989452c-7599-4156-9543-3fe544ced0f3@group-83CFD60236D8-SegmentedRaftLog:OPENED:c-1,f-1,i0, conf=-1: [3989452c-7599-4156-9543-3fe544ced0f3:192.168.157.254:36320, eec99a0c-e1b1-4518-bc49-9d1a8c8e04d5:192.168.157.254:45598, d9e6ea44-93db-446f-8020-a94232284285:192.168.157.254:41671], old=null
2019-10-16 22:15:25,134 [3989452c-7599-4156-9543-3fe544ced0f3@group-83CFD60236D8-LeaderElection308] INFO  impl.LeaderElection (LeaderElection.java:askForVotes(178)) - 3989452c-7599-4156-9543-3fe544ced0f3@group-83CFD60236D8-LeaderElection308: begin an election at term 329 for -1: [3989452c-7599-4156-9543-3fe544ced0f3:192.168.157.254:36320, eec99a0c-e1b1-4518-bc49-9d1a8c8e04d5:192.168.157.254:45598, d9e6ea44-93db-446f-8020-a94232284285:192.168.157.254:41671], old=null
2019-10-16 22:15:25,135 [grpc-default-executor-18] INFO  impl.RaftServerImpl (RaftServerImpl.java:setRole(184)) - eec99a0c-e1b1-4518-bc49-9d1a8c8e04d5@group-83CFD60236D8: changes role from  FOLLOWER to FOLLOWER at term 329 for recognizeCandidate:3989452c-7599-4156-9543-3fe544ced0f3
2019-10-16 22:15:25,135 [grpc-default-executor-18] INFO  impl.RoleInfo (RoleInfo.java:shutdownFollowerState(121)) - eec99a0c-e1b1-4518-bc49-9d1a8c8e04d5: shutdown FollowerState
2019-10-16 22:15:25,135 [grpc-default-executor-18] INFO  impl.RoleInfo (RoleInfo.java:updateAndGet(143)) - eec99a0c-e1b1-4518-bc49-9d1a8c8e04d5: start FollowerState
2019-10-16 22:15:25,135 [Thread-2937] INFO  impl.FollowerState (FollowerState.java:run(117)) - eec99a0c-e1b1-4518-bc49-9d1a8c8e04d5@group-83CFD60236D8-FollowerState was interrupted: java.lang.InterruptedException: sleep interrupted
2019-10-16 22:15:25,135 [grpc-default-executor-22] INFO  impl.RaftServerImpl (RaftServerImpl.java:setRole(184)) - d9e6ea44-93db-446f-8020-a94232284285@group-83CFD60236D8: changes role from  FOLLOWER to FOLLOWER at term 329 for recognizeCandidate:3989452c-7599-4156-9543-3fe544ced0f3
2019-10-16 22:15:25,136 [grpc-default-executor-22] INFO  impl.RoleInfo (RoleInfo.java:shutdownFollowerState(121)) - d9e6ea44-93db-446f-8020-a94232284285: shutdown FollowerState
2019-10-16 22:15:25,136 [grpc-default-executor-22] INFO  impl.RoleInfo (RoleInfo.java:updateAndGet(143)) - d9e6ea44-93db-446f-8020-a94232284285: start FollowerState
2019-10-16 22:15:25,136 [Thread-2936] INFO  impl.FollowerState (FollowerState.java:run(117)) - d9e6ea44-93db-446f-8020-a94232284285@group-83CFD60236D8-FollowerState was interrupted: java.lang.InterruptedException: sleep interrupted
2019-10-16 22:15:25,162 [3989452c-7599-4156-9543-3fe544ced0f3@group-83CFD60236D8-LeaderElection308] INFO  impl.LeaderElection (LeaderElection.java:logAndReturn(56)) - 3989452c-7599-4156-9543-3fe544ced0f3@group-83CFD60236D8-LeaderElection308: Election REJECTED; received 2 response(s) [3989452c-7599-4156-9543-3fe544ced0f3<-eec99a0c-e1b1-4518-bc49-9d1a8c8e04d5#0:FAIL-t329, 3989452c-7599-4156-9543-3fe544ced0f3<-d9e6ea44-93db-446f-8020-a94232284285#0:FAIL-t329] and 0 exception(s); 3989452c-7599-4156-9543-3fe544ced0f3@group-83CFD60236D8:t329, leader=null, voted=3989452c-7599-4156-9543-3fe544ced0f3, raftlog=3989452c-7599-4156-9543-3fe544ced0f3@group-83CFD60236D8-SegmentedRaftLog:OPENED:c-1,f-1,i0, conf=-1: [3989452c-7599-4156-9543-3fe544ced0f3:192.168.157.254:36320, eec99a0c-e1b1-4518-bc49-9d1a8c8e04d5:192.168.157.254:45598, d9e6ea44-93db-446f-8020-a94232284285:192.168.157.254:41671], old=null
2019-10-16 22:15:25,162 [3989452c-7599-4156-9543-3fe544ced0f3@group-83CFD60236D8-LeaderElection308] INFO  impl.RaftServerImpl (RaftServerImpl.java:setRole(184)) - 3989452c-7599-4156-9543-3fe544ced0f3@group-83CFD60236D8: changes role from CANDIDATE to FOLLOWER at term 329 for DISCOVERED_A_NEW_TERM
2019-10-16 22:15:25,162 [3989452c-7599-4156-9543-3fe544ced0f3@group-83CFD60236D8-LeaderElection308] INFO  impl.RoleInfo (RoleInfo.java:shutdownLeaderElection(134)) - 3989452c-7599-4156-9543-3fe544ced0f3: shutdown LeaderElection
2019-10-16 22:15:25,162 [3989452c-7599-4156-9543-3fe544ced0f3@group-83CFD60236D8-LeaderElection308] INFO  impl.RoleInfo (RoleInfo.java:updateAndGet(143)) - 3989452c-7599-4156-9543-3fe544ced0f3: start FollowerState
2019-10-16 22:15:25,341 [Thread-2942] INFO  impl.FollowerState (FollowerState.java:run(108)) - 3989452c-7599-4156-9543-3fe544ced0f3@group-83CFD60236D8-FollowerState: change to CANDIDATE, lastRpcTime:178ms, electionTimeout:178ms
2019-10-16 22:15:25,341 [Thread-2942] INFO  impl.RoleInfo (RoleInfo.java:shutdownFollowerState(121)) - 3989452c-7599-4156-9543-3fe544ced0f3: shutdown FollowerState
2019-10-16 22:15:25,341 [Thread-2942] INFO  impl.RaftServerImpl (RaftServerImpl.java:setRole(184)) - 3989452c-7599-4156-9543-3fe544ced0f3@group-83CFD60236D8: changes role from  FOLLOWER to CANDIDATE at term 329 for changeToCandidate
2019-10-16 22:15:25,341 [Thread-2942] INFO  impl.RoleInfo (RoleInfo.java:updateAndGet(143)) - 3989452c-7599-4156-9543-3fe544ced0f3: start LeaderElection
2019-10-16 22:15:25,374 [3989452c-7599-4156-9543-3fe544ced0f3@group-83CFD60236D8-LeaderElection309] INFO  impl.LeaderElection (LeaderElection.java:askForVotes(178)) - 3989452c-7599-4156-9543-3fe544ced0f3@group-83CFD60236D8-LeaderElection309: begin an election at term 330 for -1: [3989452c-7599-4156-9543-3fe544ced0f3:192.168.157.254:36320, eec99a0c-e1b1-4518-bc49-9d1a8c8e04d5:192.168.157.254:45598, d9e6ea44-93db-446f-8020-a94232284285:192.168.157.254:41671], old=null
2019-10-16 22:15:25,376 [grpc-default-executor-18] INFO  impl.RaftServerImpl (RaftServerImpl.java:setRole(184)) - d9e6ea44-93db-446f-8020-a94232284285@group-83CFD60236D8: changes role from  FOLLOWER to FOLLOWER at term 330 for recognizeCandidate:3989452c-7599-4156-9543-3fe544ced0f3
2019-10-16 22:15:25,376 [grpc-default-executor-18] INFO  impl.RoleInfo (RoleInfo.java:shutdownFollowerState(121)) - d9e6ea44-93db-446f-8020-a94232284285: shutdown FollowerState
2019-10-16 22:15:25,376 [grpc-default-executor-22] INFO  impl.RaftServerImpl (RaftServerImpl.java:setRole(184)) - eec99a0c-e1b1-4518-bc49-9d1a8c8e04d5@group-83CFD60236D8: changes role from  FOLLOWER to FOLLOWER at term 330 for recognizeCandidate:3989452c-7599-4156-9543-3fe544ced0f3
2019-10-16 22:15:25,376 [grpc-default-executor-22] INFO  impl.RoleInfo (RoleInfo.java:shutdownFollowerState(121)) - eec99a0c-e1b1-4518-bc49-9d1a8c8e04d5: shutdown FollowerState
2019-10-16 22:15:25,376 [Thread-2941] INFO  impl.FollowerState (FollowerState.java:run(117)) - d9e6ea44-93db-446f-8020-a94232284285@group-83CFD60236D8-FollowerState was interrupted: java.lang.InterruptedException: sleep interrupted
2019-10-16 22:15:25,376 [Thread-2940] INFO  impl.FollowerState (FollowerState.java:run(117)) - eec99a0c-e1b1-4518-bc49-9d1a8c8e04d5@group-83CFD60236D8-FollowerState was interrupted: java.lang.InterruptedException: sleep interrupted
2019-10-16 22:15:25,376 [grpc-default-executor-18] INFO  impl.RoleInfo (RoleInfo.java:updateAndGet(143)) - d9e6ea44-93db-446f-8020-a94232284285: start FollowerState
2019-10-16 22:15:25,376 [grpc-default-executor-22] INFO  impl.RoleInfo (RoleInfo.java:updateAndGet(143)) - eec99a0c-e1b1-4518-bc49-9d1a8c8e04d5: start FollowerState
2019-10-16 22:15:25,402 [3989452c-7599-4156-9543-3fe544ced0f3@group-83CFD60236D8-LeaderElection309] INFO  impl.LeaderElection (LeaderElection.java:logAndReturn(56)) - 3989452c-7599-4156-9543-3fe544ced0f3@group-83CFD60236D8-LeaderElection309: Election REJECTED; received 2 response(s) [3989452c-7599-4156-9543-3fe544ced0f3<-eec99a0c-e1b1-4518-bc49-9d1a8c8e04d5#0:FAIL-t330, 3989452c-7599-4156-9543-3fe544ced0f3<-d9e6ea44-93db-446f-8020-a94232284285#0:FAIL-t330] and 0 exception(s); 3989452c-7599-4156-9543-3fe544ced0f3@group-83CFD60236D8:t330, leader=null, voted=3989452c-7599-4156-9543-3fe544ced0f3, raftlog=3989452c-7599-4156-9543-3fe544ced0f3@group-83CFD60236D8-SegmentedRaftLog:OPENED:c-1,f-1,i0, conf=-1: [3989452c-7599-4156-9543-3fe544ced0f3:192.168.157.254:36320, eec99a0c-e1b1-4518-bc49-9d1a8c8e04d5:192.168.157.254:45598, d9e6ea44-93db-446f-8020-a94232284285:192.168.157.254:41671], old=null
2019-10-16 22:15:25,402 [3989452c-7599-4156-9543-3fe544ced0f3@group-83CFD60236D8-LeaderElection309] INFO  impl.RaftServerImpl (RaftServerImpl.java:setRole(184)) - 3989452c-7599-4156-9543-3fe544ced0f3@group-83CFD60236D8: changes role from CANDIDATE to FOLLOWER at term 330 for DISCOVERED_A_NEW_TERM
2019-10-16 22:15:25,402 [3989452c-7599-4156-9543-3fe544ced0f3@group-83CFD60236D8-LeaderElection309] INFO  impl.RoleInfo (RoleInfo.java:shutdownLeaderElection(134)) - 3989452c-7599-4156-9543-3fe544ced0f3: shutdown LeaderElection
2019-10-16 22:15:25,402 [3989452c-7599-4156-9543-3fe544ced0f3@group-83CFD60236D8-LeaderElection309] INFO  impl.RoleInfo (RoleInfo.java:updateAndGet(143)) - 3989452c-7599-4156-9543-3fe544ced0f3: start FollowerState
2019-10-16 22:15:25,570 [Thread-2948] INFO  impl.FollowerState (FollowerState.java:run(108)) - 3989452c-7599-4156-9543-3fe544ced0f3@group-83CFD60236D8-FollowerState: change to CANDIDATE, lastRpcTime:167ms, electionTimeout:167ms
2019-10-16 22:15:25,570 [Thread-2948] INFO  impl.RoleInfo (RoleInfo.java:shutdownFollowerState(121)) - 3989452c-7599-4156-9543-3fe544ced0f3: shutdown FollowerState
2019-10-16 22:15:25,570 [Thread-2948] INFO  impl.RaftServerImpl (RaftServerImpl.java:setRole(184)) - 3989452c-7599-4156-9543-3fe544ced0f3@group-83CFD60236D8: changes role from  FOLLOWER to CANDIDATE at term 330 for changeToCandidate
2019-10-16 22:15:25,570 [Thread-2948] INFO  impl.RoleInfo (RoleInfo.java:updateAndGet(143)) - 3989452c-7599-4156-9543-3fe544ced0f3: start LeaderElection
2019-10-16 22:15:25,585 [3989452c-7599-4156-9543-3fe544ced0f3@group-83CFD60236D8-LeaderElection310] INFO  impl.LeaderElection (LeaderElection.java:askForVotes(178)) - 3989452c-7599-4156-9543-3fe544ced0f3@group-83CFD60236D8-LeaderElection310: begin an election at term 331 for -1: [3989452c-7599-4156-9543-3fe544ced0f3:192.168.157.254:36320, eec99a0c-e1b1-4518-bc49-9d1a8c8e04d5:192.168.157.254:45598, d9e6ea44-93db-446f-8020-a94232284285:192.168.157.254:41671], old=null
2019-10-16 22:15:25,587 [grpc-default-executor-22] INFO  impl.RaftServerImpl (RaftServerImpl.java:setRole(184)) - eec99a0c-e1b1-4518-bc49-9d1a8c8e04d5@group-83CFD60236D8: changes role from  FOLLOWER to FOLLOWER at term 331 for recognizeCandidate:3989452c-7599-4156-9543-3fe544ced0f3
2019-10-16 22:15:25,587 [grpc-default-executor-22] INFO  impl.RoleInfo (RoleInfo.java:shutdownFollowerState(121)) - eec99a0c-e1b1-4518-bc49-9d1a8c8e04d5: shutdown FollowerState
2019-10-16 22:15:25,587 [grpc-default-executor-18] INFO  impl.RaftServerImpl (RaftServerImpl.java:setRole(184)) - d9e6ea44-93db-446f-8020-a94232284285@group-83CFD60236D8: changes role from  FOLLOWER to FOLLOWER at term 331 for recognizeCandidate:3989452c-7599-4156-9543-3fe544ced0f3
2019-10-16 22:15:25,587 [grpc-default-executor-18] INFO  impl.RoleInfo (RoleInfo.java:shutdownFollowerState(121)) - d9e6ea44-93db-446f-8020-a94232284285: shutdown FollowerState
2019-10-16 22:15:25,587 [Thread-2947] INFO  impl.FollowerState (FollowerState.java:run(117)) - eec99a0c-e1b1-4518-bc49-9d1a8c8e04d5@group-83CFD60236D8-FollowerState was interrupted: java.lang.InterruptedException: sleep interrupted
2019-10-16 22:15:25,588 [Thread-2946] INFO  impl.FollowerState (FollowerState.java:run(117)) - d9e6ea44-93db-446f-8020-a94232284285@group-83CFD60236D8-FollowerState was interrupted: java.lang.InterruptedException: sleep interrupted
2019-10-16 22:15:25,587 [grpc-default-executor-22] INFO  impl.RoleInfo (RoleInfo.java:updateAndGet(143)) - eec99a0c-e1b1-4518-bc49-9d1a8c8e04d5: start FollowerState
2019-10-16 22:15:25,587 [grpc-default-executor-18] INFO  impl.RoleInfo (RoleInfo.java:updateAndGet(143)) - d9e6ea44-93db-446f-8020-a94232284285: start FollowerState
2019-10-16 22:15:25,602 [3989452c-7599-4156-9543-3fe544ced0f3@group-83CFD60236D8-LeaderElection310] INFO  impl.LeaderElection (LeaderElection.java:logAndReturn(56)) - 3989452c-7599-4156-9543-3fe544ced0f3@group-83CFD60236D8-LeaderElection310: Election REJECTED; received 2 response(s) [3989452c-7599-4156-9543-3fe544ced0f3<-eec99a0c-e1b1-4518-bc49-9d1a8c8e04d5#0:FAIL-t331, 3989452c-7599-4156-9543-3fe544ced0f3<-d9e6ea44-93db-446f-8020-a94232284285#0:FAIL-t331] and 0 exception(s); 3989452c-7599-4156-9543-3fe544ced0f3@group-83CFD60236D8:t331, leader=null, voted=3989452c-7599-4156-9543-3fe544ced0f3, raftlog=3989452c-7599-4156-9543-3fe544ced0f3@group-83CFD60236D8-SegmentedRaftLog:OPENED:c-1,f-1,i0, conf=-1: [3989452c-7599-4156-9543-3fe544ced0f3:192.168.157.254:36320, eec99a0c-e1b1-4518-bc49-9d1a8c8e04d5:192.168.157.254:45598, d9e6ea44-93db-446f-8020-a94232284285:192.168.157.254:41671], old=null
2019-10-16 22:15:25,602 [3989452c-7599-4156-9543-3fe544ced0f3@group-83CFD60236D8-LeaderElection310] INFO  impl.RaftServerImpl (RaftServerImpl.java:setRole(184)) - 3989452c-7599-4156-9543-3fe544ced0f3@group-83CFD60236D8: changes role from CANDIDATE to FOLLOWER at term 331 for DISCOVERED_A_NEW_TERM
2019-10-16 22:15:25,602 [3989452c-7599-4156-9543-3fe544ced0f3@group-83CFD60236D8-LeaderElection310] INFO  impl.RoleInfo (RoleInfo.java:shutdownLeaderElection(134)) - 3989452c-7599-4156-9543-3fe544ced0f3: shutdown LeaderElection
2019-10-16 22:15:25,602 [3989452c-7599-4156-9543-3fe544ced0f3@group-83CFD60236D8-LeaderElection310] INFO  impl.RoleInfo (RoleInfo.java:updateAndGet(143)) - 3989452c-7599-4156-9543-3fe544ced0f3: start FollowerState
2019-10-16 22:15:25,732 [Thread-2954] INFO  impl.FollowerState (FollowerState.java:run(108)) - 3989452c-7599-4156-9543-3fe544ced0f3@group-83CFD60236D8-FollowerState: change to CANDIDATE, lastRpcTime:129ms, electionTimeout:129ms
2019-10-16 22:15:25,732 [Thread-2954] INFO  impl.RoleInfo (RoleInfo.java:shutdownFollowerState(121)) - 3989452c-7599-4156-9543-3fe544ced0f3: shutdown FollowerState
2019-10-16 22:15:25,732 [Thread-2954] INFO  impl.RaftServerImpl (RaftServerImpl.java:setRole(184)) - 3989452c-7599-4156-9543-3fe544ced0f3@group-83CFD60236D8: changes role from  FOLLOWER to CANDIDATE at term 331 for changeToCandidate
2019-10-16 22:15:25,732 [Thread-2954] INFO  impl.RoleInfo (RoleInfo.java:updateAndGet(143)) - 3989452c-7599-4156-9543-3fe544ced0f3: start LeaderElection
2019-10-16 22:15:25,758 [3989452c-7599-4156-9543-3fe544ced0f3@group-83CFD60236D8-LeaderElection311] INFO  impl.LeaderElection (LeaderElection.java:askForVotes(178)) - 3989452c-7599-4156-9543-3fe544ced0f3@group-83CFD60236D8-LeaderElection311: begin an election at term 332 for -1: [3989452c-7599-4156-9543-3fe544ced0f3:192.168.157.254:36320, eec99a0c-e1b1-4518-bc49-9d1a8c8e04d5:192.168.157.254:45598, d9e6ea44-93db-446f-8020-a94232284285:192.168.157.254:41671], old=null
2019-10-16 22:15:25,760 [grpc-default-executor-22] INFO  impl.RaftServerImpl (RaftServerImpl.java:setRole(184)) - eec99a0c-e1b1-4518-bc49-9d1a8c8e04d5@group-83CFD60236D8: changes role from  FOLLOWER to FOLLOWER at term 332 for recognizeCandidate:3989452c-7599-4156-9543-3fe544ced0f3
2019-10-16 22:15:25,760 [grpc-default-executor-22] INFO  impl.RoleInfo (RoleInfo.java:shutdownFollowerState(121)) - eec99a0c-e1b1-4518-bc49-9d1a8c8e04d5: shutdown FollowerState
2019-10-16 22:15:25,760 [grpc-default-executor-18] INFO  impl.RaftServerImpl (RaftServerImpl.java:setRole(184)) - d9e6ea44-93db-446f-8020-a94232284285@group-83CFD60236D8: changes role from  FOLLOWER to FOLLOWER at term 332 for recognizeCandidate:3989452c-7599-4156-9543-3fe544ced0f3
2019-10-16 22:15:25,760 [grpc-default-executor-18] INFO  impl.RoleInfo (RoleInfo.java:shutdownFollowerState(121)) - d9e6ea44-93db-446f-8020-a94232284285: shutdown FollowerState
2019-10-16 22:15:25,760 [Thread-2952] INFO  impl.FollowerState (FollowerState.java:run(117)) - eec99a0c-e1b1-4518-bc49-9d1a8c8e04d5@group-83CFD60236D8-FollowerState was interrupted: java.lang.InterruptedException: sleep interrupted
2019-10-16 22:15:25,760 [Thread-2953] INFO  impl.FollowerState (FollowerState.java:run(117)) - d9e6ea44-93db-446f-8020-a94232284285@group-83CFD60236D8-FollowerState was interrupted: java.lang.InterruptedException: sleep interrupted
2019-10-16 22:15:25,760 [grpc-default-executor-22] INFO  impl.RoleInfo (RoleInfo.java:updateAndGet(143)) - eec99a0c-e1b1-4518-bc49-9d1a8c8e04d5: start FollowerState
2019-10-16 22:15:25,760 [grpc-default-executor-18] INFO  impl.RoleInfo (RoleInfo.java:updateAndGet(143)) - d9e6ea44-93db-446f-8020-a94232284285: start FollowerState
2019-10-16 22:15:25,787 [3989452c-7599-4156-9543-3fe544ced0f3@group-83CFD60236D8-LeaderElection311] INFO  impl.LeaderElection (LeaderElection.java:logAndReturn(56)) - 3989452c-7599-4156-9543-3fe544ced0f3@group-83CFD60236D8-LeaderElection311: Election REJECTED; received 2 response(s) [3989452c-7599-4156-9543-3fe544ced0f3<-eec99a0c-e1b1-4518-bc49-9d1a8c8e04d5#0:FAIL-t332, 3989452c-7599-4156-9543-3fe544ced0f3<-d9e6ea44-93db-446f-8020-a94232284285#0:FAIL-t332] and 0 exception(s); 3989452c-7599-4156-9543-3fe544ced0f3@group-83CFD60236D8:t332, leader=null, voted=3989452c-7599-4156-9543-3fe544ced0f3, raftlog=3989452c-7599-4156-9543-3fe544ced0f3@group-83CFD60236D8-SegmentedRaftLog:OPENED:c-1,f-1,i0, conf=-1: [3989452c-7599-4156-9543-3fe544ced0f3:192.168.157.254:36320, eec99a0c-e1b1-4518-bc49-9d1a8c8e04d5:192.168.157.254:45598, d9e6ea44-93db-446f-8020-a94232284285:192.168.157.254:41671], old=null
2019-10-16 22:15:25,787 [3989452c-7599-4156-9543-3fe544ced0f3@group-83CFD60236D8-LeaderElection311] INFO  impl.RaftServerImpl (RaftServerImpl.java:setRole(184)) - 3989452c-7599-4156-9543-3fe544ced0f3@group-83CFD60236D8: changes role from CANDIDATE to FOLLOWER at term 332 for DISCOVERED_A_NEW_TERM
2019-10-16 22:15:25,787 [3989452c-7599-4156-9543-3fe544ced0f3@group-83CFD60236D8-LeaderElection311] INFO  impl.RoleInfo (RoleInfo.java:shutdownLeaderElection(134)) - 3989452c-7599-4156-9543-3fe544ced0f3: shutdown LeaderElection
2019-10-16 22:15:25,787 [3989452c-7599-4156-9543-3fe544ced0f3@group-83CFD60236D8-LeaderElection311] INFO  impl.RoleInfo (RoleInfo.java:updateAndGet(143)) - 3989452c-7599-4156-9543-3fe544ced0f3: start FollowerState
2019-10-16 22:15:25,808 [Thread-2960] INFO  impl.FollowerState (FollowerState.java:run(108)) - 3989452c-7599-4156-9543-3fe544ced0f3@group-83CFD60236D8-FollowerState: change to CANDIDATE, lastRpcTime:21ms, electionTimeout:21ms
2019-10-16 22:15:25,808 [Thread-2960] INFO  impl.RoleInfo (RoleInfo.java:shutdownFollowerState(121)) - 3989452c-7599-4156-9543-3fe544ced0f3: shutdown FollowerState
2019-10-16 22:15:25,808 [Thread-2960] INFO  impl.RaftServerImpl (RaftServerImpl.java:setRole(184)) - 3989452c-7599-4156-9543-3fe544ced0f3@group-83CFD60236D8: changes role from  FOLLOWER to CANDIDATE at term 332 for changeToCandidate
2019-10-16 22:15:25,809 [Thread-2960] INFO  impl.RoleInfo (RoleInfo.java:updateAndGet(143)) - 3989452c-7599-4156-9543-3fe544ced0f3: start LeaderElection
2019-10-16 22:15:25,824 [3989452c-7599-4156-9543-3fe544ced0f3@group-83CFD60236D8-LeaderElection312] INFO  impl.LeaderElection (LeaderElection.java:askForVotes(178)) - 3989452c-7599-4156-9543-3fe544ced0f3@group-83CFD60236D8-LeaderElection312: begin an election at term 333 for -1: [3989452c-7599-4156-9543-3fe544ced0f3:192.168.157.254:36320, eec99a0c-e1b1-4518-bc49-9d1a8c8e04d5:192.168.157.254:45598, d9e6ea44-93db-446f-8020-a94232284285:192.168.157.254:41671], old=null
2019-10-16 22:15:25,825 [grpc-default-executor-22] INFO  impl.RaftServerImpl (RaftServerImpl.java:setRole(184)) - eec99a0c-e1b1-4518-bc49-9d1a8c8e04d5@group-83CFD60236D8: changes role from  FOLLOWER to FOLLOWER at term 333 for recognizeCandidate:3989452c-7599-4156-9543-3fe544ced0f3
2019-10-16 22:15:25,825 [grpc-default-executor-22] INFO  impl.RoleInfo (RoleInfo.java:shutdownFollowerState(121)) - eec99a0c-e1b1-4518-bc49-9d1a8c8e04d5: shutdown FollowerState
2019-10-16 22:15:25,825 [grpc-default-executor-22] INFO  impl.RoleInfo (RoleInfo.java:updateAndGet(143)) - eec99a0c-e1b1-4518-bc49-9d1a8c8e04d5: start FollowerState
2019-10-16 22:15:25,825 [Thread-2958] INFO  impl.FollowerState (FollowerState.java:run(117)) - eec99a0c-e1b1-4518-bc49-9d1a8c8e04d5@group-83CFD60236D8-FollowerState was interrupted: java.lang.InterruptedException: sleep interrupted
2019-10-16 22:15:25,825 [grpc-default-executor-18] INFO  impl.RaftServerImpl (RaftServerImpl.java:setRole(184)) - d9e6ea44-93db-446f-8020-a94232284285@group-83CFD60236D8: changes role from  FOLLOWER to FOLLOWER at term 333 for recognizeCandidate:3989452c-7599-4156-9543-3fe544ced0f3
2019-10-16 22:15:25,826 [grpc-default-executor-18] INFO  impl.RoleInfo (RoleInfo.java:shutdownFollowerState(121)) - d9e6ea44-93db-446f-8020-a94232284285: shutdown FollowerState
2019-10-16 22:15:25,826 [grpc-default-executor-18] INFO  impl.RoleInfo (RoleInfo.java:updateAndGet(143)) - d9e6ea44-93db-446f-8020-a94232284285: start FollowerState
2019-10-16 22:15:25,826 [Thread-2959] INFO  impl.FollowerState (FollowerState.java:run(117)) - d9e6ea44-93db-446f-8020-a94232284285@group-83CFD60236D8-FollowerState was interrupted: java.lang.InterruptedException: sleep interrupted
2019-10-16 22:15:25,870 [3989452c-7599-4156-9543-3fe544ced0f3@group-83CFD60236D8-LeaderElection312] INFO  impl.LeaderElection (LeaderElection.java:logAndReturn(56)) - 3989452c-7599-4156-9543-3fe544ced0f3@group-83CFD60236D8-LeaderElection312: Election REJECTED; received 2 response(s) [3989452c-7599-4156-9543-3fe544ced0f3<-eec99a0c-e1b1-4518-bc49-9d1a8c8e04d5#0:FAIL-t333, 3989452c-7599-4156-9543-3fe544ced0f3<-d9e6ea44-93db-446f-8020-a94232284285#0:FAIL-t333] and 0 exception(s); 3989452c-7599-4156-9543-3fe544ced0f3@group-83CFD60236D8:t333, leader=null, voted=3989452c-7599-4156-9543-3fe544ced0f3, raftlog=3989452c-7599-4156-9543-3fe544ced0f3@group-83CFD60236D8-SegmentedRaftLog:OPENED:c-1,f-1,i0, conf=-1: [3989452c-7599-4156-9543-3fe544ced0f3:192.168.157.254:36320, eec99a0c-e1b1-4518-bc49-9d1a8c8e04d5:192.168.157.254:45598, d9e6ea44-93db-446f-8020-a94232284285:192.168.157.254:41671], old=null
2019-10-16 22:15:25,870 [3989452c-7599-4156-9543-3fe544ced0f3@group-83CFD60236D8-LeaderElection312] INFO  impl.RaftServerImpl (RaftServerImpl.java:setRole(184)) - 3989452c-7599-4156-9543-3fe544ced0f3@group-83CFD60236D8: changes role from CANDIDATE to FOLLOWER at term 333 for DISCOVERED_A_NEW_TERM
2019-10-16 22:15:25,871 [3989452c-7599-4156-9543-3fe544ced0f3@group-83CFD60236D8-LeaderElection312] INFO  impl.RoleInfo (RoleInfo.java:shutdownLeaderElection(134)) - 3989452c-7599-4156-9543-3fe544ced0f3: shutdown LeaderElection
2019-10-16 22:15:25,871 [3989452c-7599-4156-9543-3fe544ced0f3@group-83CFD60236D8-LeaderElection312] INFO  impl.RoleInfo (RoleInfo.java:updateAndGet(143)) - 3989452c-7599-4156-9543-3fe544ced0f3: start FollowerState
2019-10-16 22:15:25,947 [Thread-2966] INFO  impl.FollowerState (FollowerState.java:run(108)) - 3989452c-7599-4156-9543-3fe544ced0f3@group-83CFD60236D8-FollowerState: change to CANDIDATE, lastRpcTime:76ms, electionTimeout:76ms
2019-10-16 22:15:25,947 [Thread-2966] INFO  impl.RoleInfo (RoleInfo.java:shutdownFollowerState(121)) - 3989452c-7599-4156-9543-3fe544ced0f3: shutdown FollowerState
2019-10-16 22:15:25,948 [Thread-2966] INFO  impl.RaftServerImpl (RaftServerImpl.java:setRole(184)) - 3989452c-7599-4156-9543-3fe544ced0f3@group-83CFD60236D8: changes role from  FOLLOWER to CANDIDATE at term 333 for changeToCandidate
2019-10-16 22:15:25,948 [Thread-2966] INFO  impl.RoleInfo (RoleInfo.java:updateAndGet(143)) - 3989452c-7599-4156-9543-3fe544ced0f3: start LeaderElection
2019-10-16 22:15:25,962 [3989452c-7599-4156-9543-3fe544ced0f3@group-83CFD60236D8-LeaderElection313] INFO  impl.LeaderElection (LeaderElection.java:askForVotes(178)) - 3989452c-7599-4156-9543-3fe544ced0f3@group-83CFD60236D8-LeaderElection313: begin an election at term 334 for -1: [3989452c-7599-4156-9543-3fe544ced0f3:192.168.157.254:36320, eec99a0c-e1b1-4518-bc49-9d1a8c8e04d5:192.168.157.254:45598, d9e6ea44-93db-446f-8020-a94232284285:192.168.157.254:41671], old=null
2019-10-16 22:15:25,964 [grpc-default-executor-18] INFO  impl.RaftServerImpl (RaftServerImpl.java:setRole(184)) - eec99a0c-e1b1-4518-bc49-9d1a8c8e04d5@group-83CFD60236D8: changes role from  FOLLOWER to FOLLOWER at term 334 for recognizeCandidate:3989452c-7599-4156-9543-3fe544ced0f3
2019-10-16 22:15:25,964 [grpc-default-executor-18] INFO  impl.RoleInfo (RoleInfo.java:shutdownFollowerState(121)) - eec99a0c-e1b1-4518-bc49-9d1a8c8e04d5: shutdown FollowerState
2019-10-16 22:15:25,964 [grpc-default-executor-22] INFO  impl.RaftServerImpl (RaftServerImpl.java:setRole(184)) - d9e6ea44-93db-446f-8020-a94232284285@group-83CFD60236D8: changes role from  FOLLOWER to FOLLOWER at term 334 for recognizeCandidate:3989452c-7599-4156-9543-3fe544ced0f3
2019-10-16 22:15:25,965 [Thread-2964] INFO  impl.FollowerState (FollowerState.java:run(117)) - eec99a0c-e1b1-4518-bc49-9d1a8c8e04d5@group-83CFD60236D8-FollowerState was interrupted: java.lang.InterruptedException: sleep interrupted
2019-10-16 22:15:25,965 [grpc-default-executor-18] INFO  impl.RoleInfo (RoleInfo.java:updateAndGet(143)) - eec99a0c-e1b1-4518-bc49-9d1a8c8e04d5: start FollowerState
2019-10-16 22:15:25,965 [grpc-default-executor-22] INFO  impl.RoleInfo (RoleInfo.java:shutdownFollowerState(121)) - d9e6ea44-93db-446f-8020-a94232284285: shutdown FollowerState
2019-10-16 22:15:25,965 [Thread-2965] INFO  impl.FollowerState (FollowerState.java:run(117)) - d9e6ea44-93db-446f-8020-a94232284285@group-83CFD60236D8-FollowerState was interrupted: java.lang.InterruptedException: sleep interrupted
2019-10-16 22:15:25,965 [grpc-default-executor-22] INFO  impl.RoleInfo (RoleInfo.java:updateAndGet(143)) - d9e6ea44-93db-446f-8020-a94232284285: start FollowerState
2019-10-16 22:15:25,980 [3989452c-7599-4156-9543-3fe544ced0f3@group-83CFD60236D8-LeaderElection313] INFO  impl.LeaderElection (LeaderElection.java:logAndReturn(56)) - 3989452c-7599-4156-9543-3fe544ced0f3@group-83CFD60236D8-LeaderElection313: Election REJECTED; received 2 response(s) [3989452c-7599-4156-9543-3fe544ced0f3<-eec99a0c-e1b1-4518-bc49-9d1a8c8e04d5#0:FAIL-t334, 3989452c-7599-4156-9543-3fe544ced0f3<-d9e6ea44-93db-446f-8020-a94232284285#0:FAIL-t334] and 0 exception(s); 3989452c-7599-4156-9543-3fe544ced0f3@group-83CFD60236D8:t334, leader=null, voted=3989452c-7599-4156-9543-3fe544ced0f3, raftlog=3989452c-7599-4156-9543-3fe544ced0f3@group-83CFD60236D8-SegmentedRaftLog:OPENED:c-1,f-1,i0, conf=-1: [3989452c-7599-4156-9543-3fe544ced0f3:192.168.157.254:36320, eec99a0c-e1b1-4518-bc49-9d1a8c8e04d5:192.168.157.254:45598, d9e6ea44-93db-446f-8020-a94232284285:192.168.157.254:41671], old=null
2019-10-16 22:15:25,980 [3989452c-7599-4156-9543-3fe544ced0f3@group-83CFD60236D8-LeaderElection313] INFO  impl.RaftServerImpl (RaftServerImpl.java:setRole(184)) - 3989452c-7599-4156-9543-3fe544ced0f3@group-83CFD60236D8: changes role from CANDIDATE to FOLLOWER at term 334 for DISCOVERED_A_NEW_TERM
2019-10-16 22:15:25,980 [3989452c-7599-4156-9543-3fe544ced0f3@group-83CFD60236D8-LeaderElection313] INFO  impl.RoleInfo (RoleInfo.java:shutdownLeaderElection(134)) - 3989452c-7599-4156-9543-3fe544ced0f3: shutdown LeaderElection
2019-10-16 22:15:25,980 [3989452c-7599-4156-9543-3fe544ced0f3@group-83CFD60236D8-LeaderElection313] INFO  impl.RoleInfo (RoleInfo.java:updateAndGet(143)) - 3989452c-7599-4156-9543-3fe544ced0f3: start FollowerState
 0.00% |?                                                                                                    |  0/1 Time: 0:06:422019-10-16 22:15:26,052 [Thread-2972] INFO  impl.FollowerState (FollowerState.java:run(108)) - 3989452c-7599-4156-9543-3fe544ced0f3@group-83CFD60236D8-FollowerState: change to CANDIDATE, lastRpcTime:71ms, electionTimeout:71ms
2019-10-16 22:15:26,052 [Thread-2972] INFO  impl.RoleInfo (RoleInfo.java:shutdownFollowerState(121)) - 3989452c-7599-4156-9543-3fe544ced0f3: shutdown FollowerState
2019-10-16 22:15:26,052 [Thread-2972] INFO  impl.RaftServerImpl (RaftServerImpl.java:setRole(184)) - 3989452c-7599-4156-9543-3fe544ced0f3@group-83CFD60236D8: changes role from  FOLLOWER to CANDIDATE at term 334 for changeToCandidate
2019-10-16 22:15:26,052 [Thread-2972] INFO  impl.RoleInfo (RoleInfo.java:updateAndGet(143)) - 3989452c-7599-4156-9543-3fe544ced0f3: start LeaderElection
2019-10-16 22:15:26,067 [3989452c-7599-4156-9543-3fe544ced0f3@group-83CFD60236D8-LeaderElection314] INFO  impl.LeaderElection (LeaderElection.java:askForVotes(178)) - 3989452c-7599-4156-9543-3fe544ced0f3@group-83CFD60236D8-LeaderElection314: begin an election at term 335 for -1: [3989452c-7599-4156-9543-3fe544ced0f3:192.168.157.254:36320, eec99a0c-e1b1-4518-bc49-9d1a8c8e04d5:192.168.157.254:45598, d9e6ea44-93db-446f-8020-a94232284285:192.168.157.254:41671], old=null
2019-10-16 22:15:26,069 [grpc-default-executor-18] INFO  impl.RaftServerImpl (RaftServerImpl.java:setRole(184)) - eec99a0c-e1b1-4518-bc49-9d1a8c8e04d5@group-83CFD60236D8: changes role from  FOLLOWER to FOLLOWER at term 335 for recognizeCandidate:3989452c-7599-4156-9543-3fe544ced0f3
2019-10-16 22:15:26,069 [grpc-default-executor-18] INFO  impl.RoleInfo (RoleInfo.java:shutdownFollowerState(121)) - eec99a0c-e1b1-4518-bc49-9d1a8c8e04d5: shutdown FollowerState
2019-10-16 22:15:26,069 [grpc-default-executor-22] INFO  impl.RaftServerImpl (RaftServerImpl.java:setRole(184)) - d9e6ea44-93db-446f-8020-a94232284285@group-83CFD60236D8: changes role from  FOLLOWER to FOLLOWER at term 335 for recognizeCandidate:3989452c-7599-4156-9543-3fe544ced0f3
2019-10-16 22:15:26,069 [Thread-2970] INFO  impl.FollowerState (FollowerState.java:run(117)) - eec99a0c-e1b1-4518-bc49-9d1a8c8e04d5@group-83CFD60236D8-FollowerState was interrupted: java.lang.InterruptedException: sleep interrupted
2019-10-16 22:15:26,069 [grpc-default-executor-18] INFO  impl.RoleInfo (RoleInfo.java:updateAndGet(143)) - eec99a0c-e1b1-4518-bc49-9d1a8c8e04d5: start FollowerState
2019-10-16 22:15:26,069 [grpc-default-executor-22] INFO  impl.RoleInfo (RoleInfo.java:shutdownFollowerState(121)) - d9e6ea44-93db-446f-8020-a94232284285: shutdown FollowerState
2019-10-16 22:15:26,070 [grpc-default-executor-22] INFO  impl.RoleInfo (RoleInfo.java:updateAndGet(143)) - d9e6ea44-93db-446f-8020-a94232284285: start FollowerState
2019-10-16 22:15:26,070 [Thread-2971] INFO  impl.FollowerState (FollowerState.java:run(117)) - d9e6ea44-93db-446f-8020-a94232284285@group-83CFD60236D8-FollowerState was interrupted: java.lang.InterruptedException: sleep interrupted
2019-10-16 22:15:26,096 [3989452c-7599-4156-9543-3fe544ced0f3@group-83CFD60236D8-LeaderElection314] INFO  impl.LeaderElection (LeaderElection.java:logAndReturn(56)) - 3989452c-7599-4156-9543-3fe544ced0f3@group-83CFD60236D8-LeaderElection314: Election REJECTED; received 2 response(s) [3989452c-7599-4156-9543-3fe544ced0f3<-eec99a0c-e1b1-4518-bc49-9d1a8c8e04d5#0:FAIL-t335, 3989452c-7599-4156-9543-3fe544ced0f3<-d9e6ea44-93db-446f-8020-a94232284285#0:FAIL-t335] and 0 exception(s); 3989452c-7599-4156-9543-3fe544ced0f3@group-83CFD60236D8:t335, leader=null, voted=3989452c-7599-4156-9543-3fe544ced0f3, raftlog=3989452c-7599-4156-9543-3fe544ced0f3@group-83CFD60236D8-SegmentedRaftLog:OPENED:c-1,f-1,i0, conf=-1: [3989452c-7599-4156-9543-3fe544ced0f3:192.168.157.254:36320, eec99a0c-e1b1-4518-bc49-9d1a8c8e04d5:192.168.157.254:45598, d9e6ea44-93db-446f-8020-a94232284285:192.168.157.254:41671], old=null
2019-10-16 22:15:26,096 [3989452c-7599-4156-9543-3fe544ced0f3@group-83CFD60236D8-LeaderElection314] INFO  impl.RaftServerImpl (RaftServerImpl.java:setRole(184)) - 3989452c-7599-4156-9543-3fe544ced0f3@group-83CFD60236D8: changes role from CANDIDATE to FOLLOWER at term 335 for DISCOVERED_A_NEW_TERM
2019-10-16 22:15:26,096 [3989452c-7599-4156-9543-3fe544ced0f3@group-83CFD60236D8-LeaderElection314] INFO  impl.RoleInfo (RoleInfo.java:shutdownLeaderElection(134)) - 3989452c-7599-4156-9543-3fe544ced0f3: shutdown LeaderElection
2019-10-16 22:15:26,096 [3989452c-7599-4156-9543-3fe544ced0f3@group-83CFD60236D8-LeaderElection314] INFO  impl.RoleInfo (RoleInfo.java:updateAndGet(143)) - 3989452c-7599-4156-9543-3fe544ced0f3: start FollowerState
2019-10-16 22:15:26,179 [Thread-2978] INFO  impl.FollowerState (FollowerState.java:run(108)) - 3989452c-7599-4156-9543-3fe544ced0f3@group-83CFD60236D8-FollowerState: change to CANDIDATE, lastRpcTime:82ms, electionTimeout:82ms
2019-10-16 22:15:26,179 [Thread-2978] INFO  impl.RoleInfo (RoleInfo.java:shutdownFollowerState(121)) - 3989452c-7599-4156-9543-3fe544ced0f3: shutdown FollowerState
2019-10-16 22:15:26,179 [Thread-2978] INFO  impl.RaftServerImpl (RaftServerImpl.java:setRole(184)) - 3989452c-7599-4156-9543-3fe544ced0f3@group-83CFD60236D8: changes role from  FOLLOWER to CANDIDATE at term 335 for changeToCandidate
2019-10-16 22:15:26,179 [Thread-2978] INFO  impl.RoleInfo (RoleInfo.java:updateAndGet(143)) - 3989452c-7599-4156-9543-3fe544ced0f3: start LeaderElection
2019-10-16 22:15:26,206 [3989452c-7599-4156-9543-3fe544ced0f3@group-83CFD60236D8-LeaderElection315] INFO  impl.LeaderElection (LeaderElection.java:askForVotes(178)) - 3989452c-7599-4156-9543-3fe544ced0f3@group-83CFD60236D8-LeaderElection315: begin an election at term 336 for -1: [3989452c-7599-4156-9543-3fe544ced0f3:192.168.157.254:36320, eec99a0c-e1b1-4518-bc49-9d1a8c8e04d5:192.168.157.254:45598, d9e6ea44-93db-446f-8020-a94232284285:192.168.157.254:41671], old=null
2019-10-16 22:15:26,207 [grpc-default-executor-18] INFO  impl.RaftServerImpl (RaftServerImpl.java:setRole(184)) - eec99a0c-e1b1-4518-bc49-9d1a8c8e04d5@group-83CFD60236D8: changes role from  FOLLOWER to FOLLOWER at term 336 for recognizeCandidate:3989452c-7599-4156-9543-3fe544ced0f3
2019-10-16 22:15:26,207 [grpc-default-executor-18] INFO  impl.RoleInfo (RoleInfo.java:shutdownFollowerState(121)) - eec99a0c-e1b1-4518-bc49-9d1a8c8e04d5: shutdown FollowerState
2019-10-16 22:15:26,207 [grpc-default-executor-22] INFO  impl.RaftServerImpl (RaftServerImpl.java:setRole(184)) - d9e6ea44-93db-446f-8020-a94232284285@group-83CFD60236D8: changes role from  FOLLOWER to FOLLOWER at term 336 for recognizeCandidate:3989452c-7599-4156-9543-3fe544ced0f3
2019-10-16 22:15:26,208 [Thread-2976] INFO  impl.FollowerState (FollowerState.java:run(117)) - eec99a0c-e1b1-4518-bc49-9d1a8c8e04d5@group-83CFD60236D8-FollowerState was interrupted: java.lang.InterruptedException: sleep interrupted
2019-10-16 22:15:26,208 [grpc-default-executor-18] INFO  impl.RoleInfo (RoleInfo.java:updateAndGet(143)) - eec99a0c-e1b1-4518-bc49-9d1a8c8e04d5: start FollowerState
2019-10-16 22:15:26,208 [grpc-default-executor-22] INFO  impl.RoleInfo (RoleInfo.java:shutdownFollowerState(121)) - d9e6ea44-93db-446f-8020-a94232284285: shutdown FollowerState
2019-10-16 22:15:26,208 [grpc-default-executor-22] INFO  impl.RoleInfo (RoleInfo.java:updateAndGet(143)) - d9e6ea44-93db-446f-8020-a94232284285: start FollowerState
2019-10-16 22:15:26,208 [Thread-2977] INFO  impl.FollowerState (FollowerState.java:run(117)) - d9e6ea44-93db-446f-8020-a94232284285@group-83CFD60236D8-FollowerState was interrupted: java.lang.InterruptedException: sleep interrupted
2019-10-16 22:15:26,234 [3989452c-7599-4156-9543-3fe544ced0f3@group-83CFD60236D8-LeaderElection315] INFO  impl.LeaderElection (LeaderElection.java:logAndReturn(56)) - 3989452c-7599-4156-9543-3fe544ced0f3@group-83CFD60236D8-LeaderElection315: Election REJECTED; received 2 response(s) [3989452c-7599-4156-9543-3fe544ced0f3<-eec99a0c-e1b1-4518-bc49-9d1a8c8e04d5#0:FAIL-t336, 3989452c-7599-4156-9543-3fe544ced0f3<-d9e6ea44-93db-446f-8020-a94232284285#0:FAIL-t336] and 0 exception(s); 3989452c-7599-4156-9543-3fe544ced0f3@group-83CFD60236D8:t336, leader=null, voted=3989452c-7599-4156-9543-3fe544ced0f3, raftlog=3989452c-7599-4156-9543-3fe544ced0f3@group-83CFD60236D8-SegmentedRaftLog:OPENED:c-1,f-1,i0, conf=-1: [3989452c-7599-4156-9543-3fe544ced0f3:192.168.157.254:36320, eec99a0c-e1b1-4518-bc49-9d1a8c8e04d5:192.168.157.254:45598, d9e6ea44-93db-446f-8020-a94232284285:192.168.157.254:41671], old=null
2019-10-16 22:15:26,234 [3989452c-7599-4156-9543-3fe544ced0f3@group-83CFD60236D8-LeaderElection315] INFO  impl.RaftServerImpl (RaftServerImpl.java:setRole(184)) - 3989452c-7599-4156-9543-3fe544ced0f3@group-83CFD60236D8: changes role from CANDIDATE to FOLLOWER at term 336 for DISCOVERED_A_NEW_TERM
2019-10-16 22:15:26,235 [3989452c-7599-4156-9543-3fe544ced0f3@group-83CFD60236D8-LeaderElection315] INFO  impl.RoleInfo (RoleInfo.java:shutdownLeaderElection(134)) - 3989452c-7599-4156-9543-3fe544ced0f3: shutdown LeaderElection
2019-10-16 22:15:26,235 [3989452c-7599-4156-9543-3fe544ced0f3@group-83CFD60236D8-LeaderElection315] INFO  impl.RoleInfo (RoleInfo.java:updateAndGet(143)) - 3989452c-7599-4156-9543-3fe544ced0f3: start FollowerState
2019-10-16 22:15:26,265 [Thread-2984] INFO  impl.FollowerState (FollowerState.java:run(108)) - 3989452c-7599-4156-9543-3fe544ced0f3@group-83CFD60236D8-FollowerState: change to CANDIDATE, lastRpcTime:30ms, electionTimeout:30ms
2019-10-16 22:15:26,265 [Thread-2984] INFO  impl.RoleInfo (RoleInfo.java:shutdownFollowerState(121)) - 3989452c-7599-4156-9543-3fe544ced0f3: shutdown FollowerState
2019-10-16 22:15:26,265 [Thread-2984] INFO  impl.RaftServerImpl (RaftServerImpl.java:setRole(184)) - 3989452c-7599-4156-9543-3fe544ced0f3@group-83CFD60236D8: changes role from  FOLLOWER to CANDIDATE at term 336 for changeToCandidate
2019-10-16 22:15:26,266 [Thread-2984] INFO  impl.RoleInfo (RoleInfo.java:updateAndGet(143)) - 3989452c-7599-4156-9543-3fe544ced0f3: start LeaderElection
2019-10-16 22:15:26,281 [3989452c-7599-4156-9543-3fe544ced0f3@group-83CFD60236D8-LeaderElection316] INFO  impl.LeaderElection (LeaderElection.java:askForVotes(178)) - 3989452c-7599-4156-9543-3fe544ced0f3@group-83CFD60236D8-LeaderElection316: begin an election at term 337 for -1: [3989452c-7599-4156-9543-3fe544ced0f3:192.168.157.254:36320, eec99a0c-e1b1-4518-bc49-9d1a8c8e04d5:192.168.157.254:45598, d9e6ea44-93db-446f-8020-a94232284285:192.168.157.254:41671], old=null
2019-10-16 22:15:26,283 [grpc-default-executor-22] INFO  impl.RaftServerImpl (RaftServerImpl.java:setRole(184)) - eec99a0c-e1b1-4518-bc49-9d1a8c8e04d5@group-83CFD60236D8: changes role from  FOLLOWER to FOLLOWER at term 337 for recognizeCandidate:3989452c-7599-4156-9543-3fe544ced0f3
2019-10-16 22:15:26,283 [grpc-default-executor-22] INFO  impl.RoleInfo (RoleInfo.java:shutdownFollowerState(121)) - eec99a0c-e1b1-4518-bc49-9d1a8c8e04d5: shutdown FollowerState
2019-10-16 22:15:26,283 [grpc-default-executor-18] INFO  impl.RaftServerImpl (RaftServerImpl.java:setRole(184)) - d9e6ea44-93db-446f-8020-a94232284285@group-83CFD60236D8: changes role from  FOLLOWER to FOLLOWER at term 337 for recognizeCandidate:3989452c-7599-4156-9543-3fe544ced0f3
2019-10-16 22:15:26,283 [grpc-default-executor-18] INFO  impl.RoleInfo (RoleInfo.java:shutdownFollowerState(121)) - d9e6ea44-93db-446f-8020-a94232284285: shutdown FollowerState
2019-10-16 22:15:26,283 [Thread-2982] INFO  impl.FollowerState (FollowerState.java:run(117)) - eec99a0c-e1b1-4518-bc49-9d1a8c8e04d5@group-83CFD60236D8-FollowerState was interrupted: java.lang.InterruptedException: sleep interrupted
2019-10-16 22:15:26,283 [grpc-default-executor-22] INFO  impl.RoleInfo (RoleInfo.java:updateAndGet(143)) - eec99a0c-e1b1-4518-bc49-9d1a8c8e04d5: start FollowerState
2019-10-16 22:15:26,283 [Thread-2983] INFO  impl.FollowerState (FollowerState.java:run(117)) - d9e6ea44-93db-446f-8020-a94232284285@group-83CFD60236D8-FollowerState was interrupted: java.lang.InterruptedException: sleep interrupted
2019-10-16 22:15:26,283 [grpc-default-executor-18] INFO  impl.RoleInfo (RoleInfo.java:updateAndGet(143)) - d9e6ea44-93db-446f-8020-a94232284285: start FollowerState
2019-10-16 22:15:26,310 [3989452c-7599-4156-9543-3fe544ced0f3@group-83CFD60236D8-LeaderElection316] INFO  impl.LeaderElection (LeaderElection.java:logAndReturn(56)) - 3989452c-7599-4156-9543-3fe544ced0f3@group-83CFD60236D8-LeaderElection316: Election REJECTED; received 2 response(s) [3989452c-7599-4156-9543-3fe544ced0f3<-eec99a0c-e1b1-4518-bc49-9d1a8c8e04d5#0:FAIL-t337, 3989452c-7599-4156-9543-3fe544ced0f3<-d9e6ea44-93db-446f-8020-a94232284285#0:FAIL-t337] and 0 exception(s); 3989452c-7599-4156-9543-3fe544ced0f3@group-83CFD60236D8:t337, leader=null, voted=3989452c-7599-4156-9543-3fe544ced0f3, raftlog=3989452c-7599-4156-9543-3fe544ced0f3@group-83CFD60236D8-SegmentedRaftLog:OPENED:c-1,f-1,i0, conf=-1: [3989452c-7599-4156-9543-3fe544ced0f3:192.168.157.254:36320, eec99a0c-e1b1-4518-bc49-9d1a8c8e04d5:192.168.157.254:45598, d9e6ea44-93db-446f-8020-a94232284285:192.168.157.254:41671], old=null
2019-10-16 22:15:26,310 [3989452c-7599-4156-9543-3fe544ced0f3@group-83CFD60236D8-LeaderElection316] INFO  impl.RaftServerImpl (RaftServerImpl.java:setRole(184)) - 3989452c-7599-4156-9543-3fe544ced0f3@group-83CFD60236D8: changes role from CANDIDATE to FOLLOWER at term 337 for DISCOVERED_A_NEW_TERM
2019-10-16 22:15:26,310 [3989452c-7599-4156-9543-3fe544ced0f3@group-83CFD60236D8-LeaderElection316] INFO  impl.RoleInfo (RoleInfo.java:shutdownLeaderElection(134)) - 3989452c-7599-4156-9543-3fe544ced0f3: shutdown LeaderElection
2019-10-16 22:15:26,310 [3989452c-7599-4156-9543-3fe544ced0f3@group-83CFD60236D8-LeaderElection316] INFO  impl.RoleInfo (RoleInfo.java:updateAndGet(143)) - 3989452c-7599-4156-9543-3fe544ced0f3: start FollowerState
2019-10-16 22:15:26,444 [Thread-2990] INFO  impl.FollowerState (FollowerState.java:run(108)) - 3989452c-7599-4156-9543-3fe544ced0f3@group-83CFD60236D8-FollowerState: change to CANDIDATE, lastRpcTime:133ms, electionTimeout:133ms
2019-10-16 22:15:26,444 [Thread-2990] INFO  impl.RoleInfo (RoleInfo.java:shutdownFollowerState(121)) - 3989452c-7599-4156-9543-3fe544ced0f3: shutdown FollowerState
2019-10-16 22:15:26,444 [Thread-2990] INFO  impl.RaftServerImpl (RaftServerImpl.java:setRole(184)) - 3989452c-7599-4156-9543-3fe544ced0f3@group-83CFD60236D8: changes role from  FOLLOWER to CANDIDATE at term 337 for changeToCandidate
2019-10-16 22:15:26,444 [Thread-2990] INFO  impl.RoleInfo (RoleInfo.java:updateAndGet(143)) - 3989452c-7599-4156-9543-3fe544ced0f3: start LeaderElection
2019-10-16 22:15:26,458 [3989452c-7599-4156-9543-3fe544ced0f3@group-83CFD60236D8-LeaderElection317] INFO  impl.LeaderElection (LeaderElection.java:askForVotes(178)) - 3989452c-7599-4156-9543-3fe544ced0f3@group-83CFD60236D8-LeaderElection317: begin an election at term 338 for -1: [3989452c-7599-4156-9543-3fe544ced0f3:192.168.157.254:36320, eec99a0c-e1b1-4518-bc49-9d1a8c8e04d5:192.168.157.254:45598, d9e6ea44-93db-446f-8020-a94232284285:192.168.157.254:41671], old=null
2019-10-16 22:15:26,459 [grpc-default-executor-18] INFO  impl.RaftServerImpl (RaftServerImpl.java:setRole(184)) - eec99a0c-e1b1-4518-bc49-9d1a8c8e04d5@group-83CFD60236D8: changes role from  FOLLOWER to FOLLOWER at term 338 for recognizeCandidate:3989452c-7599-4156-9543-3fe544ced0f3
2019-10-16 22:15:26,460 [grpc-default-executor-18] INFO  impl.RoleInfo (RoleInfo.java:shutdownFollowerState(121)) - eec99a0c-e1b1-4518-bc49-9d1a8c8e04d5: shutdown FollowerState
2019-10-16 22:15:26,460 [grpc-default-executor-22] INFO  impl.RaftServerImpl (RaftServerImpl.java:setRole(184)) - d9e6ea44-93db-446f-8020-a94232284285@group-83CFD60236D8: changes role from  FOLLOWER to FOLLOWER at term 338 for recognizeCandidate:3989452c-7599-4156-9543-3fe544ced0f3
2019-10-16 22:15:26,460 [grpc-default-executor-22] INFO  impl.RoleInfo (RoleInfo.java:shutdownFollowerState(121)) - d9e6ea44-93db-446f-8020-a94232284285: shutdown FollowerState
2019-10-16 22:15:26,460 [Thread-2988] INFO  impl.FollowerState (FollowerState.java:run(117)) - eec99a0c-e1b1-4518-bc49-9d1a8c8e04d5@group-83CFD60236D8-FollowerState was interrupted: java.lang.InterruptedException: sleep interrupted
2019-10-16 22:15:26,460 [Thread-2989] INFO  impl.FollowerState (FollowerState.java:run(117)) - d9e6ea44-93db-446f-8020-a94232284285@group-83CFD60236D8-FollowerState was interrupted: java.lang.InterruptedException: sleep interrupted
2019-10-16 22:15:26,460 [grpc-default-executor-18] INFO  impl.RoleInfo (RoleInfo.java:updateAndGet(143)) - eec99a0c-e1b1-4518-bc49-9d1a8c8e04d5: start FollowerState
2019-10-16 22:15:26,460 [grpc-default-executor-22] INFO  impl.RoleInfo (RoleInfo.java:updateAndGet(143)) - d9e6ea44-93db-446f-8020-a94232284285: start FollowerState
2019-10-16 22:15:26,475 [3989452c-7599-4156-9543-3fe544ced0f3@group-83CFD60236D8-LeaderElection317] INFO  impl.LeaderElection (LeaderElection.java:logAndReturn(56)) - 3989452c-7599-4156-9543-3fe544ced0f3@group-83CFD60236D8-LeaderElection317: Election REJECTED; received 2 response(s) [3989452c-7599-4156-9543-3fe544ced0f3<-eec99a0c-e1b1-4518-bc49-9d1a8c8e04d5#0:FAIL-t338, 3989452c-7599-4156-9543-3fe544ced0f3<-d9e6ea44-93db-446f-8020-a94232284285#0:FAIL-t338] and 0 exception(s); 3989452c-7599-4156-9543-3fe544ced0f3@group-83CFD60236D8:t338, leader=null, voted=3989452c-7599-4156-9543-3fe544ced0f3, raftlog=3989452c-7599-4156-9543-3fe544ced0f3@group-83CFD60236D8-SegmentedRaftLog:OPENED:c-1,f-1,i0, conf=-1: [3989452c-7599-4156-9543-3fe544ced0f3:192.168.157.254:36320, eec99a0c-e1b1-4518-bc49-9d1a8c8e04d5:192.168.157.254:45598, d9e6ea44-93db-446f-8020-a94232284285:192.168.157.254:41671], old=null
2019-10-16 22:15:26,475 [3989452c-7599-4156-9543-3fe544ced0f3@group-83CFD60236D8-LeaderElection317] INFO  impl.RaftServerImpl (RaftServerImpl.java:setRole(184)) - 3989452c-7599-4156-9543-3fe544ced0f3@group-83CFD60236D8: changes role from CANDIDATE to FOLLOWER at term 338 for DISCOVERED_A_NEW_TERM
2019-10-16 22:15:26,476 [3989452c-7599-4156-9543-3fe544ced0f3@group-83CFD60236D8-LeaderElection317] INFO  impl.RoleInfo (RoleInfo.java:shutdownLeaderElection(134)) - 3989452c-7599-4156-9543-3fe544ced0f3: shutdown LeaderElection
2019-10-16 22:15:26,477 [3989452c-7599-4156-9543-3fe544ced0f3@group-83CFD60236D8-LeaderElection317] INFO  impl.RoleInfo (RoleInfo.java:updateAndGet(143)) - 3989452c-7599-4156-9543-3fe544ced0f3: start FollowerState
2019-10-16 22:15:26,611 [Thread-2996] INFO  impl.FollowerState (FollowerState.java:run(108)) - 3989452c-7599-4156-9543-3fe544ced0f3@group-83CFD60236D8-FollowerState: change to CANDIDATE, lastRpcTime:134ms, electionTimeout:134ms
2019-10-16 22:15:26,611 [Thread-2996] INFO  impl.RoleInfo (RoleInfo.java:shutdownFollowerState(121)) - 3989452c-7599-4156-9543-3fe544ced0f3: shutdown FollowerState
2019-10-16 22:15:26,611 [Thread-2996] INFO  impl.RaftServerImpl (RaftServerImpl.java:setRole(184)) - 3989452c-7599-4156-9543-3fe544ced0f3@group-83CFD60236D8: changes role from  FOLLOWER to CANDIDATE at term 338 for changeToCandidate
2019-10-16 22:15:26,611 [Thread-2996] INFO  impl.RoleInfo (RoleInfo.java:updateAndGet(143)) - 3989452c-7599-4156-9543-3fe544ced0f3: start LeaderElection
2019-10-16 22:15:26,627 [3989452c-7599-4156-9543-3fe544ced0f3@group-83CFD60236D8-LeaderElection318] INFO  impl.LeaderElection (LeaderElection.java:askForVotes(178)) - 3989452c-7599-4156-9543-3fe544ced0f3@group-83CFD60236D8-LeaderElection318: begin an election at term 339 for -1: [3989452c-7599-4156-9543-3fe544ced0f3:192.168.157.254:36320, eec99a0c-e1b1-4518-bc49-9d1a8c8e04d5:192.168.157.254:45598, d9e6ea44-93db-446f-8020-a94232284285:192.168.157.254:41671], old=null
2019-10-16 22:15:26,629 [grpc-default-executor-22] INFO  impl.RaftServerImpl (RaftServerImpl.java:setRole(184)) - eec99a0c-e1b1-4518-bc49-9d1a8c8e04d5@group-83CFD60236D8: changes role from  FOLLOWER to FOLLOWER at term 339 for recognizeCandidate:3989452c-7599-4156-9543-3fe544ced0f3
2019-10-16 22:15:26,629 [grpc-default-executor-18] INFO  impl.RaftServerImpl (RaftServerImpl.java:setRole(184)) - d9e6ea44-93db-446f-8020-a94232284285@group-83CFD60236D8: changes role from  FOLLOWER to FOLLOWER at term 339 for recognizeCandidate:3989452c-7599-4156-9543-3fe544ced0f3
2019-10-16 22:15:26,629 [grpc-default-executor-18] INFO  impl.RoleInfo (RoleInfo.java:shutdownFollowerState(121)) - d9e6ea44-93db-446f-8020-a94232284285: shutdown FollowerState
2019-10-16 22:15:26,629 [grpc-default-executor-18] INFO  impl.RoleInfo (RoleInfo.java:updateAndGet(143)) - d9e6ea44-93db-446f-8020-a94232284285: start FollowerState
2019-10-16 22:15:26,629 [grpc-default-executor-22] INFO  impl.RoleInfo (RoleInfo.java:shutdownFollowerState(121)) - eec99a0c-e1b1-4518-bc49-9d1a8c8e04d5: shutdown FollowerState
2019-10-16 22:15:26,629 [Thread-2995] INFO  impl.FollowerState (FollowerState.java:run(117)) - d9e6ea44-93db-446f-8020-a94232284285@group-83CFD60236D8-FollowerState was interrupted: java.lang.InterruptedException: sleep interrupted
2019-10-16 22:15:26,630 [Thread-2994] INFO  impl.FollowerState (FollowerState.java:run(117)) - eec99a0c-e1b1-4518-bc49-9d1a8c8e04d5@group-83CFD60236D8-FollowerState was interrupted: java.lang.InterruptedException: sleep interrupted
2019-10-16 22:15:26,630 [grpc-default-executor-22] INFO  impl.RoleInfo (RoleInfo.java:updateAndGet(143)) - eec99a0c-e1b1-4518-bc49-9d1a8c8e04d5: start FollowerState
2019-10-16 22:15:26,641 [3989452c-7599-4156-9543-3fe544ced0f3@group-83CFD60236D8-LeaderElection318] INFO  impl.LeaderElection (LeaderElection.java:logAndReturn(56)) - 3989452c-7599-4156-9543-3fe544ced0f3@group-83CFD60236D8-LeaderElection318: Election REJECTED; received 2 response(s) [3989452c-7599-4156-9543-3fe544ced0f3<-eec99a0c-e1b1-4518-bc49-9d1a8c8e04d5#0:FAIL-t339, 3989452c-7599-4156-9543-3fe544ced0f3<-d9e6ea44-93db-446f-8020-a94232284285#0:FAIL-t339] and 0 exception(s); 3989452c-7599-4156-9543-3fe544ced0f3@group-83CFD60236D8:t339, leader=null, voted=3989452c-7599-4156-9543-3fe544ced0f3, raftlog=3989452c-7599-4156-9543-3fe544ced0f3@group-83CFD60236D8-SegmentedRaftLog:OPENED:c-1,f-1,i0, conf=-1: [3989452c-7599-4156-9543-3fe544ced0f3:192.168.157.254:36320, eec99a0c-e1b1-4518-bc49-9d1a8c8e04d5:192.168.157.254:45598, d9e6ea44-93db-446f-8020-a94232284285:192.168.157.254:41671], old=null
2019-10-16 22:15:26,642 [3989452c-7599-4156-9543-3fe544ced0f3@group-83CFD60236D8-LeaderElection318] INFO  impl.RaftServerImpl (RaftServerImpl.java:setRole(184)) - 3989452c-7599-4156-9543-3fe544ced0f3@group-83CFD60236D8: changes role from CANDIDATE to FOLLOWER at term 339 for DISCOVERED_A_NEW_TERM
2019-10-16 22:15:26,642 [3989452c-7599-4156-9543-3fe544ced0f3@group-83CFD60236D8-LeaderElection318] INFO  impl.RoleInfo (RoleInfo.java:shutdownLeaderElection(134)) - 3989452c-7599-4156-9543-3fe544ced0f3: shutdown LeaderElection
2019-10-16 22:15:26,642 [3989452c-7599-4156-9543-3fe544ced0f3@group-83CFD60236D8-LeaderElection318] INFO  impl.RoleInfo (RoleInfo.java:updateAndGet(143)) - 3989452c-7599-4156-9543-3fe544ced0f3: start FollowerState
2019-10-16 22:15:26,710 [Thread-3002] INFO  impl.FollowerState (FollowerState.java:run(108)) - 3989452c-7599-4156-9543-3fe544ced0f3@group-83CFD60236D8-FollowerState: change to CANDIDATE, lastRpcTime:68ms, electionTimeout:68ms
2019-10-16 22:15:26,710 [Thread-3002] INFO  impl.RoleInfo (RoleInfo.java:shutdownFollowerState(121)) - 3989452c-7599-4156-9543-3fe544ced0f3: shutdown FollowerState
2019-10-16 22:15:26,710 [Thread-3002] INFO  impl.RaftServerImpl (RaftServerImpl.java:setRole(184)) - 3989452c-7599-4156-9543-3fe544ced0f3@group-83CFD60236D8: changes role from  FOLLOWER to CANDIDATE at term 339 for changeToCandidate
2019-10-16 22:15:26,711 [Thread-3002] INFO  impl.RoleInfo (RoleInfo.java:updateAndGet(143)) - 3989452c-7599-4156-9543-3fe544ced0f3: start LeaderElection
2019-10-16 22:15:26,724 [3989452c-7599-4156-9543-3fe544ced0f3@group-83CFD60236D8-LeaderElection319] INFO  impl.LeaderElection (LeaderElection.java:askForVotes(178)) - 3989452c-7599-4156-9543-3fe544ced0f3@group-83CFD60236D8-LeaderElection319: begin an election at term 340 for -1: [3989452c-7599-4156-9543-3fe544ced0f3:192.168.157.254:36320, eec99a0c-e1b1-4518-bc49-9d1a8c8e04d5:192.168.157.254:45598, d9e6ea44-93db-446f-8020-a94232284285:192.168.157.254:41671], old=null
2019-10-16 22:15:26,725 [grpc-default-executor-18] INFO  impl.RaftServerImpl (RaftServerImpl.java:setRole(184)) - eec99a0c-e1b1-4518-bc49-9d1a8c8e04d5@group-83CFD60236D8: changes role from  FOLLOWER to FOLLOWER at term 340 for recognizeCandidate:3989452c-7599-4156-9543-3fe544ced0f3
2019-10-16 22:15:26,725 [grpc-default-executor-18] INFO  impl.RoleInfo (RoleInfo.java:shutdownFollowerState(121)) - eec99a0c-e1b1-4518-bc49-9d1a8c8e04d5: shutdown FollowerState
2019-10-16 22:15:26,725 [grpc-default-executor-22] INFO  impl.RaftServerImpl (RaftServerImpl.java:setRole(184)) - d9e6ea44-93db-446f-8020-a94232284285@group-83CFD60236D8: changes role from  FOLLOWER to FOLLOWER at term 340 for recognizeCandidate:3989452c-7599-4156-9543-3fe544ced0f3
2019-10-16 22:15:26,726 [Thread-3001] INFO  impl.FollowerState (FollowerState.java:run(117)) - eec99a0c-e1b1-4518-bc49-9d1a8c8e04d5@group-83CFD60236D8-FollowerState was interrupted: java.lang.InterruptedException: sleep interrupted
2019-10-16 22:15:26,726 [grpc-default-executor-18] INFO  impl.RoleInfo (RoleInfo.java:updateAndGet(143)) - eec99a0c-e1b1-4518-bc49-9d1a8c8e04d5: start FollowerState
2019-10-16 22:15:26,726 [grpc-default-executor-22] INFO  impl.RoleInfo (RoleInfo.java:shutdownFollowerState(121)) - d9e6ea44-93db-446f-8020-a94232284285: shutdown FollowerState
2019-10-16 22:15:26,728 [Thread-3000] INFO  impl.FollowerState (FollowerState.java:run(117)) - d9e6ea44-93db-446f-8020-a94232284285@group-83CFD60236D8-FollowerState was interrupted: java.lang.InterruptedException: sleep interrupted
2019-10-16 22:15:26,728 [grpc-default-executor-22] INFO  impl.RoleInfo (RoleInfo.java:updateAndGet(143)) - d9e6ea44-93db-446f-8020-a94232284285: start FollowerState
2019-10-16 22:15:26,742 [3989452c-7599-4156-9543-3fe544ced0f3@group-83CFD60236D8-LeaderElection319] INFO  impl.LeaderElection (LeaderElection.java:logAndReturn(56)) - 3989452c-7599-4156-9543-3fe544ced0f3@group-83CFD60236D8-LeaderElection319: Election REJECTED; received 2 response(s) [3989452c-7599-4156-9543-3fe544ced0f3<-eec99a0c-e1b1-4518-bc49-9d1a8c8e04d5#0:FAIL-t340, 3989452c-7599-4156-9543-3fe544ced0f3<-d9e6ea44-93db-446f-8020-a94232284285#0:FAIL-t340] and 0 exception(s); 3989452c-7599-4156-9543-3fe544ced0f3@group-83CFD60236D8:t340, leader=null, voted=3989452c-7599-4156-9543-3fe544ced0f3, raftlog=3989452c-7599-4156-9543-3fe544ced0f3@group-83CFD60236D8-SegmentedRaftLog:OPENED:c-1,f-1,i0, conf=-1: [3989452c-7599-4156-9543-3fe544ced0f3:192.168.157.254:36320, eec99a0c-e1b1-4518-bc49-9d1a8c8e04d5:192.168.157.254:45598, d9e6ea44-93db-446f-8020-a94232284285:192.168.157.254:41671], old=null
2019-10-16 22:15:26,742 [3989452c-7599-4156-9543-3fe544ced0f3@group-83CFD60236D8-LeaderElection319] INFO  impl.RaftServerImpl (RaftServerImpl.java:setRole(184)) - 3989452c-7599-4156-9543-3fe544ced0f3@group-83CFD60236D8: changes role from CANDIDATE to FOLLOWER at term 340 for DISCOVERED_A_NEW_TERM
2019-10-16 22:15:26,742 [3989452c-7599-4156-9543-3fe544ced0f3@group-83CFD60236D8-LeaderElection319] INFO  impl.RoleInfo (RoleInfo.java:shutdownLeaderElection(134)) - 3989452c-7599-4156-9543-3fe544ced0f3: shutdown LeaderElection
2019-10-16 22:15:26,742 [3989452c-7599-4156-9543-3fe544ced0f3@group-83CFD60236D8-LeaderElection319] INFO  impl.RoleInfo (RoleInfo.java:updateAndGet(143)) - 3989452c-7599-4156-9543-3fe544ced0f3: start FollowerState
2019-10-16 22:15:26,842 [Thread-3010] INFO  impl.FollowerState (FollowerState.java:run(108)) - 3989452c-7599-4156-9543-3fe544ced0f3@group-83CFD60236D8-FollowerState: change to CANDIDATE, lastRpcTime:99ms, electionTimeout:99ms
2019-10-16 22:15:26,842 [Thread-3010] INFO  impl.RoleInfo (RoleInfo.java:shutdownFollowerState(121)) - 3989452c-7599-4156-9543-3fe544ced0f3: shutdown FollowerState
2019-10-16 22:15:26,842 [Thread-3010] INFO  impl.RaftServerImpl (RaftServerImpl.java:setRole(184)) - 3989452c-7599-4156-9543-3fe544ced0f3@group-83CFD60236D8: changes role from  FOLLOWER to CANDIDATE at term 340 for changeToCandidate
2019-10-16 22:15:26,842 [Thread-3010] INFO  impl.RoleInfo (RoleInfo.java:updateAndGet(143)) - 3989452c-7599-4156-9543-3fe544ced0f3: start LeaderElection
2019-10-16 22:15:26,856 [3989452c-7599-4156-9543-3fe544ced0f3@group-83CFD60236D8-LeaderElection320] INFO  impl.LeaderElection (LeaderElection.java:askForVotes(178)) - 3989452c-7599-4156-9543-3fe544ced0f3@group-83CFD60236D8-LeaderElection320: begin an election at term 341 for -1: [3989452c-7599-4156-9543-3fe544ced0f3:192.168.157.254:36320, eec99a0c-e1b1-4518-bc49-9d1a8c8e04d5:192.168.157.254:45598, d9e6ea44-93db-446f-8020-a94232284285:192.168.157.254:41671], old=null
2019-10-16 22:15:26,858 [grpc-default-executor-18] INFO  impl.RaftServerImpl (RaftServerImpl.java:setRole(184)) - eec99a0c-e1b1-4518-bc49-9d1a8c8e04d5@group-83CFD60236D8: changes role from  FOLLOWER to FOLLOWER at term 341 for recognizeCandidate:3989452c-7599-4156-9543-3fe544ced0f3
2019-10-16 22:15:26,858 [grpc-default-executor-22] INFO  impl.RaftServerImpl (RaftServerImpl.java:setRole(184)) - d9e6ea44-93db-446f-8020-a94232284285@group-83CFD60236D8: changes role from  FOLLOWER to FOLLOWER at term 341 for recognizeCandidate:3989452c-7599-4156-9543-3fe544ced0f3
2019-10-16 22:15:26,858 [grpc-default-executor-18] INFO  impl.RoleInfo (RoleInfo.java:shutdownFollowerState(121)) - eec99a0c-e1b1-4518-bc49-9d1a8c8e04d5: shutdown FollowerState
2019-10-16 22:15:26,858 [grpc-default-executor-22] INFO  impl.RoleInfo (RoleInfo.java:shutdownFollowerState(121)) - d9e6ea44-93db-446f-8020-a94232284285: shutdown FollowerState
2019-10-16 22:15:26,858 [Thread-3006] INFO  impl.FollowerState (FollowerState.java:run(117)) - eec99a0c-e1b1-4518-bc49-9d1a8c8e04d5@group-83CFD60236D8-FollowerState was interrupted: java.lang.InterruptedException: sleep interrupted
2019-10-16 22:15:26,859 [Thread-3007] INFO  impl.FollowerState (FollowerState.java:run(117)) - d9e6ea44-93db-446f-8020-a94232284285@group-83CFD60236D8-FollowerState was interrupted: java.lang.InterruptedException: sleep interrupted
2019-10-16 22:15:26,858 [grpc-default-executor-18] INFO  impl.RoleInfo (RoleInfo.java:updateAndGet(143)) - eec99a0c-e1b1-4518-bc49-9d1a8c8e04d5: start FollowerState
2019-10-16 22:15:26,858 [grpc-default-executor-22] INFO  impl.RoleInfo (RoleInfo.java:updateAndGet(143)) - d9e6ea44-93db-446f-8020-a94232284285: start FollowerState
2019-10-16 22:15:26,874 [3989452c-7599-4156-9543-3fe544ced0f3@group-83CFD60236D8-LeaderElection320] INFO  impl.LeaderElection (LeaderElection.java:logAndReturn(56)) - 3989452c-7599-4156-9543-3fe544ced0f3@group-83CFD60236D8-LeaderElection320: Election REJECTED; received 2 response(s) [3989452c-7599-4156-9543-3fe544ced0f3<-eec99a0c-e1b1-4518-bc49-9d1a8c8e04d5#0:FAIL-t341, 3989452c-7599-4156-9543-3fe544ced0f3<-d9e6ea44-93db-446f-8020-a94232284285#0:FAIL-t341] and 0 exception(s); 3989452c-7599-4156-9543-3fe544ced0f3@group-83CFD60236D8:t341, leader=null, voted=3989452c-7599-4156-9543-3fe544ced0f3, raftlog=3989452c-7599-4156-9543-3fe544ced0f3@group-83CFD60236D8-SegmentedRaftLog:OPENED:c-1,f-1,i0, conf=-1: [3989452c-7599-4156-9543-3fe544ced0f3:192.168.157.254:36320, eec99a0c-e1b1-4518-bc49-9d1a8c8e04d5:192.168.157.254:45598, d9e6ea44-93db-446f-8020-a94232284285:192.168.157.254:41671], old=null
2019-10-16 22:15:26,874 [3989452c-7599-4156-9543-3fe544ced0f3@group-83CFD60236D8-LeaderElection320] INFO  impl.RaftServerImpl (RaftServerImpl.java:setRole(184)) - 3989452c-7599-4156-9543-3fe544ced0f3@group-83CFD60236D8: changes role from CANDIDATE to FOLLOWER at term 341 for DISCOVERED_A_NEW_TERM
2019-10-16 22:15:26,874 [3989452c-7599-4156-9543-3fe544ced0f3@group-83CFD60236D8-LeaderElection320] INFO  impl.RoleInfo (RoleInfo.java:shutdownLeaderElection(134)) - 3989452c-7599-4156-9543-3fe544ced0f3: shutdown LeaderElection
2019-10-16 22:15:26,875 [3989452c-7599-4156-9543-3fe544ced0f3@group-83CFD60236D8-LeaderElection320] INFO  impl.RoleInfo (RoleInfo.java:updateAndGet(143)) - 3989452c-7599-4156-9543-3fe544ced0f3: start FollowerState
2019-10-16 22:15:26,969 [Thread-3016] INFO  impl.FollowerState (FollowerState.java:run(108)) - 3989452c-7599-4156-9543-3fe544ced0f3@group-83CFD60236D8-FollowerState: change to CANDIDATE, lastRpcTime:94ms, electionTimeout:94ms
2019-10-16 22:15:26,969 [Thread-3016] INFO  impl.RoleInfo (RoleInfo.java:shutdownFollowerState(121)) - 3989452c-7599-4156-9543-3fe544ced0f3: shutdown FollowerState
2019-10-16 22:15:26,969 [Thread-3016] INFO  impl.RaftServerImpl (RaftServerImpl.java:setRole(184)) - 3989452c-7599-4156-9543-3fe544ced0f3@group-83CFD60236D8: changes role from  FOLLOWER to CANDIDATE at term 341 for changeToCandidate
2019-10-16 22:15:26,969 [Thread-3016] INFO  impl.RoleInfo (RoleInfo.java:updateAndGet(143)) - 3989452c-7599-4156-9543-3fe544ced0f3: start LeaderElection
2019-10-16 22:15:26,995 [3989452c-7599-4156-9543-3fe544ced0f3@group-83CFD60236D8-LeaderElection321] INFO  impl.LeaderElection (LeaderElection.java:askForVotes(178)) - 3989452c-7599-4156-9543-3fe544ced0f3@group-83CFD60236D8-LeaderElection321: begin an election at term 342 for -1: [3989452c-7599-4156-9543-3fe544ced0f3:192.168.157.254:36320, eec99a0c-e1b1-4518-bc49-9d1a8c8e04d5:192.168.157.254:45598, d9e6ea44-93db-446f-8020-a94232284285:192.168.157.254:41671], old=null
2019-10-16 22:15:26,998 [grpc-default-executor-22] INFO  impl.RaftServerImpl (RaftServerImpl.java:setRole(184)) - eec99a0c-e1b1-4518-bc49-9d1a8c8e04d5@group-83CFD60236D8: changes role from  FOLLOWER to FOLLOWER at term 342 for recognizeCandidate:3989452c-7599-4156-9543-3fe544ced0f3
2019-10-16 22:15:26,998 [grpc-default-executor-22] INFO  impl.RoleInfo (RoleInfo.java:shutdownFollowerState(121)) - eec99a0c-e1b1-4518-bc49-9d1a8c8e04d5: shutdown FollowerState
2019-10-16 22:15:26,999 [grpc-default-executor-22] INFO  impl.RoleInfo (RoleInfo.java:updateAndGet(143)) - eec99a0c-e1b1-4518-bc49-9d1a8c8e04d5: start FollowerState
2019-10-16 22:15:26,999 [grpc-default-executor-18] INFO  impl.RaftServerImpl (RaftServerImpl.java:setRole(184)) - d9e6ea44-93db-446f-8020-a94232284285@group-83CFD60236D8: changes role from  FOLLOWER to FOLLOWER at term 342 for recognizeCandidate:3989452c-7599-4156-9543-3fe544ced0f3
2019-10-16 22:15:26,999 [grpc-default-executor-18] INFO  impl.RoleInfo (RoleInfo.java:shutdownFollowerState(121)) - d9e6ea44-93db-446f-8020-a94232284285: shutdown FollowerState
2019-10-16 22:15:26,999 [Thread-3014] INFO  impl.FollowerState (FollowerState.java:run(117)) - eec99a0c-e1b1-4518-bc49-9d1a8c8e04d5@group-83CFD60236D8-FollowerState was interrupted: java.lang.InterruptedException: sleep interrupted
2019-10-16 22:15:26,999 [Thread-3015] INFO  impl.FollowerState (FollowerState.java:run(117)) - d9e6ea44-93db-446f-8020-a94232284285@group-83CFD60236D8-FollowerState was interrupted: java.lang.InterruptedException: sleep interrupted
2019-10-16 22:15:26,999 [grpc-default-executor-18] INFO  impl.RoleInfo (RoleInfo.java:updateAndGet(143)) - d9e6ea44-93db-446f-8020-a94232284285: start FollowerState
2019-10-16 22:15:27,025 [3989452c-7599-4156-9543-3fe544ced0f3@group-83CFD60236D8-LeaderElection321] INFO  impl.LeaderElection (LeaderElection.java:logAndReturn(56)) - 3989452c-7599-4156-9543-3fe544ced0f3@group-83CFD60236D8-LeaderElection321: Election REJECTED; received 2 response(s) [3989452c-7599-4156-9543-3fe544ced0f3<-eec99a0c-e1b1-4518-bc49-9d1a8c8e04d5#0:FAIL-t342, 3989452c-7599-4156-9543-3fe544ced0f3<-d9e6ea44-93db-446f-8020-a94232284285#0:FAIL-t342] and 0 exception(s); 3989452c-7599-4156-9543-3fe544ced0f3@group-83CFD60236D8:t342, leader=null, voted=3989452c-7599-4156-9543-3fe544ced0f3, raftlog=3989452c-7599-4156-9543-3fe544ced0f3@group-83CFD60236D8-SegmentedRaftLog:OPENED:c-1,f-1,i0, conf=-1: [3989452c-7599-4156-9543-3fe544ced0f3:192.168.157.254:36320, eec99a0c-e1b1-4518-bc49-9d1a8c8e04d5:192.168.157.254:45598, d9e6ea44-93db-446f-8020-a94232284285:192.168.157.254:41671], old=null
2019-10-16 22:15:27,025 [3989452c-7599-4156-9543-3fe544ced0f3@group-83CFD60236D8-LeaderElection321] INFO  impl.RaftServerImpl (RaftServerImpl.java:setRole(184)) - 3989452c-7599-4156-9543-3fe544ced0f3@group-83CFD60236D8: changes role from CANDIDATE to FOLLOWER at term 342 for DISCOVERED_A_NEW_TERM
2019-10-16 22:15:27,026 [3989452c-7599-4156-9543-3fe544ced0f3@group-83CFD60236D8-LeaderElection321] INFO  impl.RoleInfo (RoleInfo.java:shutdownLeaderElection(134)) - 3989452c-7599-4156-9543-3fe544ced0f3: shutdown LeaderElection
2019-10-16 22:15:27,026 [3989452c-7599-4156-9543-3fe544ced0f3@group-83CFD60236D8-LeaderElection321] INFO  impl.RoleInfo (RoleInfo.java:updateAndGet(143)) - 3989452c-7599-4156-9543-3fe544ced0f3: start FollowerState
 0.00% |?                                                                                                    |  0/1 Time: 0:06:432019-10-16 22:15:27,051 [Thread-3022] INFO  impl.FollowerState (FollowerState.java:run(108)) - 3989452c-7599-4156-9543-3fe544ced0f3@group-83CFD60236D8-FollowerState: change to CANDIDATE, lastRpcTime:25ms, electionTimeout:25ms
2019-10-16 22:15:27,051 [Thread-3022] INFO  impl.RoleInfo (RoleInfo.java:shutdownFollowerState(121)) - 3989452c-7599-4156-9543-3fe544ced0f3: shutdown FollowerState
2019-10-16 22:15:27,051 [Thread-3022] INFO  impl.RaftServerImpl (RaftServerImpl.java:setRole(184)) - 3989452c-7599-4156-9543-3fe544ced0f3@group-83CFD60236D8: changes role from  FOLLOWER to CANDIDATE at term 342 for changeToCandidate
2019-10-16 22:15:27,051 [Thread-3022] INFO  impl.RoleInfo (RoleInfo.java:updateAndGet(143)) - 3989452c-7599-4156-9543-3fe544ced0f3: start LeaderElection
2019-10-16 22:15:27,067 [3989452c-7599-4156-9543-3fe544ced0f3@group-83CFD60236D8-LeaderElection322] INFO  impl.LeaderElection (LeaderElection.java:askForVotes(178)) - 3989452c-7599-4156-9543-3fe544ced0f3@group-83CFD60236D8-LeaderElection322: begin an election at term 343 for -1: [3989452c-7599-4156-9543-3fe544ced0f3:192.168.157.254:36320, eec99a0c-e1b1-4518-bc49-9d1a8c8e04d5:192.168.157.254:45598, d9e6ea44-93db-446f-8020-a94232284285:192.168.157.254:41671], old=null
2019-10-16 22:15:27,069 [grpc-default-executor-18] INFO  impl.RaftServerImpl (RaftServerImpl.java:setRole(184)) - eec99a0c-e1b1-4518-bc49-9d1a8c8e04d5@group-83CFD60236D8: changes role from  FOLLOWER to FOLLOWER at term 343 for recognizeCandidate:3989452c-7599-4156-9543-3fe544ced0f3
2019-10-16 22:15:27,069 [grpc-default-executor-18] INFO  impl.RoleInfo (RoleInfo.java:shutdownFollowerState(121)) - eec99a0c-e1b1-4518-bc49-9d1a8c8e04d5: shutdown FollowerState
2019-10-16 22:15:27,069 [grpc-default-executor-22] INFO  impl.RaftServerImpl (RaftServerImpl.java:setRole(184)) - d9e6ea44-93db-446f-8020-a94232284285@group-83CFD60236D8: changes role from  FOLLOWER to FOLLOWER at term 343 for recognizeCandidate:3989452c-7599-4156-9543-3fe544ced0f3
2019-10-16 22:15:27,069 [Thread-3020] INFO  impl.FollowerState (FollowerState.java:run(117)) - eec99a0c-e1b1-4518-bc49-9d1a8c8e04d5@group-83CFD60236D8-FollowerState was interrupted: java.lang.InterruptedException: sleep interrupted
2019-10-16 22:15:27,069 [grpc-default-executor-18] INFO  impl.RoleInfo (RoleInfo.java:updateAndGet(143)) - eec99a0c-e1b1-4518-bc49-9d1a8c8e04d5: start FollowerState
2019-10-16 22:15:27,069 [grpc-default-executor-22] INFO  impl.RoleInfo (RoleInfo.java:shutdownFollowerState(121)) - d9e6ea44-93db-446f-8020-a94232284285: shutdown FollowerState
2019-10-16 22:15:27,069 [grpc-default-executor-22] INFO  impl.RoleInfo (RoleInfo.java:updateAndGet(143)) - d9e6ea44-93db-446f-8020-a94232284285: start FollowerState
2019-10-16 22:15:27,070 [Thread-3021] INFO  impl.FollowerState (FollowerState.java:run(117)) - d9e6ea44-93db-446f-8020-a94232284285@group-83CFD60236D8-FollowerState was interrupted: java.lang.InterruptedException: sleep interrupted
2019-10-16 22:15:27,085 [3989452c-7599-4156-9543-3fe544ced0f3@group-83CFD60236D8-LeaderElection322] INFO  impl.LeaderElection (LeaderElection.java:logAndReturn(56)) - 3989452c-7599-4156-9543-3fe544ced0f3@group-83CFD60236D8-LeaderElection322: Election REJECTED; received 2 response(s) [3989452c-7599-4156-9543-3fe544ced0f3<-eec99a0c-e1b1-4518-bc49-9d1a8c8e04d5#0:FAIL-t343, 3989452c-7599-4156-9543-3fe544ced0f3<-d9e6ea44-93db-446f-8020-a94232284285#0:FAIL-t343] and 0 exception(s); 3989452c-7599-4156-9543-3fe544ced0f3@group-83CFD60236D8:t343, leader=null, voted=3989452c-7599-4156-9543-3fe544ced0f3, raftlog=3989452c-7599-4156-9543-3fe544ced0f3@group-83CFD60236D8-SegmentedRaftLog:OPENED:c-1,f-1,i0, conf=-1: [3989452c-7599-4156-9543-3fe544ced0f3:192.168.157.254:36320, eec99a0c-e1b1-4518-bc49-9d1a8c8e04d5:192.168.157.254:45598, d9e6ea44-93db-446f-8020-a94232284285:192.168.157.254:41671], old=null
2019-10-16 22:15:27,086 [3989452c-7599-4156-9543-3fe544ced0f3@group-83CFD60236D8-LeaderElection322] INFO  impl.RaftServerImpl (RaftServerImpl.java:setRole(184)) - 3989452c-7599-4156-9543-3fe544ced0f3@group-83CFD60236D8: changes role from CANDIDATE to FOLLOWER at term 343 for DISCOVERED_A_NEW_TERM
2019-10-16 22:15:27,086 [3989452c-7599-4156-9543-3fe544ced0f3@group-83CFD60236D8-LeaderElection322] INFO  impl.RoleInfo (RoleInfo.java:shutdownLeaderElection(134)) - 3989452c-7599-4156-9543-3fe544ced0f3: shutdown LeaderElection
2019-10-16 22:15:27,086 [3989452c-7599-4156-9543-3fe544ced0f3@group-83CFD60236D8-LeaderElection322] INFO  impl.RoleInfo (RoleInfo.java:updateAndGet(143)) - 3989452c-7599-4156-9543-3fe544ced0f3: start FollowerState
2019-10-16 22:15:27,172 [Thread-3028] INFO  impl.FollowerState (FollowerState.java:run(108)) - 3989452c-7599-4156-9543-3fe544ced0f3@group-83CFD60236D8-FollowerState: change to CANDIDATE, lastRpcTime:86ms, electionTimeout:86ms
2019-10-16 22:15:27,172 [Thread-3028] INFO  impl.RoleInfo (RoleInfo.java:shutdownFollowerState(121)) - 3989452c-7599-4156-9543-3fe544ced0f3: shutdown FollowerState
2019-10-16 22:15:27,172 [Thread-3028] INFO  impl.RaftServerImpl (RaftServerImpl.java:setRole(184)) - 3989452c-7599-4156-9543-3fe544ced0f3@group-83CFD60236D8: changes role from  FOLLOWER to CANDIDATE at term 343 for changeToCandidate
2019-10-16 22:15:27,172 [Thread-3028] INFO  impl.RoleInfo (RoleInfo.java:updateAndGet(143)) - 3989452c-7599-4156-9543-3fe544ced0f3: start LeaderElection
2019-10-16 22:15:27,192 [3989452c-7599-4156-9543-3fe544ced0f3@group-83CFD60236D8-LeaderElection323] INFO  impl.LeaderElection (LeaderElection.java:askForVotes(178)) - 3989452c-7599-4156-9543-3fe544ced0f3@group-83CFD60236D8-LeaderElection323: begin an election at term 344 for -1: [3989452c-7599-4156-9543-3fe544ced0f3:192.168.157.254:36320, eec99a0c-e1b1-4518-bc49-9d1a8c8e04d5:192.168.157.254:45598, d9e6ea44-93db-446f-8020-a94232284285:192.168.157.254:41671], old=null
2019-10-16 22:15:27,193 [grpc-default-executor-18] INFO  impl.RaftServerImpl (RaftServerImpl.java:setRole(184)) - eec99a0c-e1b1-4518-bc49-9d1a8c8e04d5@group-83CFD60236D8: changes role from  FOLLOWER to FOLLOWER at term 344 for recognizeCandidate:3989452c-7599-4156-9543-3fe544ced0f3
2019-10-16 22:15:27,193 [grpc-default-executor-18] INFO  impl.RoleInfo (RoleInfo.java:shutdownFollowerState(121)) - eec99a0c-e1b1-4518-bc49-9d1a8c8e04d5: shutdown FollowerState
2019-10-16 22:15:27,193 [grpc-default-executor-22] INFO  impl.RaftServerImpl (RaftServerImpl.java:setRole(184)) - d9e6ea44-93db-446f-8020-a94232284285@group-83CFD60236D8: changes role from  FOLLOWER to FOLLOWER at term 344 for recognizeCandidate:3989452c-7599-4156-9543-3fe544ced0f3
2019-10-16 22:15:27,193 [Thread-3026] INFO  impl.FollowerState (FollowerState.java:run(117)) - eec99a0c-e1b1-4518-bc49-9d1a8c8e04d5@group-83CFD60236D8-FollowerState was interrupted: java.lang.InterruptedException: sleep interrupted
2019-10-16 22:15:27,193 [grpc-default-executor-18] INFO  impl.RoleInfo (RoleInfo.java:updateAndGet(143)) - eec99a0c-e1b1-4518-bc49-9d1a8c8e04d5: start FollowerState
2019-10-16 22:15:27,193 [grpc-default-executor-22] INFO  impl.RoleInfo (RoleInfo.java:shutdownFollowerState(121)) - d9e6ea44-93db-446f-8020-a94232284285: shutdown FollowerState
2019-10-16 22:15:27,194 [grpc-default-executor-22] INFO  impl.RoleInfo (RoleInfo.java:updateAndGet(143)) - d9e6ea44-93db-446f-8020-a94232284285: start FollowerState
2019-10-16 22:15:27,194 [Thread-3027] INFO  impl.FollowerState (FollowerState.java:run(117)) - d9e6ea44-93db-446f-8020-a94232284285@group-83CFD60236D8-FollowerState was interrupted: java.lang.InterruptedException: sleep interrupted
2019-10-16 22:15:27,208 [3989452c-7599-4156-9543-3fe544ced0f3@group-83CFD60236D8-LeaderElection323] INFO  impl.LeaderElection (LeaderElection.java:logAndReturn(56)) - 3989452c-7599-4156-9543-3fe544ced0f3@group-83CFD60236D8-LeaderElection323: Election REJECTED; received 2 response(s) [3989452c-7599-4156-9543-3fe544ced0f3<-eec99a0c-e1b1-4518-bc49-9d1a8c8e04d5#0:FAIL-t344, 3989452c-7599-4156-9543-3fe544ced0f3<-d9e6ea44-93db-446f-8020-a94232284285#0:FAIL-t344] and 0 exception(s); 3989452c-7599-4156-9543-3fe544ced0f3@group-83CFD60236D8:t344, leader=null, voted=3989452c-7599-4156-9543-3fe544ced0f3, raftlog=3989452c-7599-4156-9543-3fe544ced0f3@group-83CFD60236D8-SegmentedRaftLog:OPENED:c-1,f-1,i0, conf=-1: [3989452c-7599-4156-9543-3fe544ced0f3:192.168.157.254:36320, eec99a0c-e1b1-4518-bc49-9d1a8c8e04d5:192.168.157.254:45598, d9e6ea44-93db-446f-8020-a94232284285:192.168.157.254:41671], old=null
2019-10-16 22:15:27,208 [3989452c-7599-4156-9543-3fe544ced0f3@group-83CFD60236D8-LeaderElection323] INFO  impl.RaftServerImpl (RaftServerImpl.java:setRole(184)) - 3989452c-7599-4156-9543-3fe544ced0f3@group-83CFD60236D8: changes role from CANDIDATE to FOLLOWER at term 344 for DISCOVERED_A_NEW_TERM
2019-10-16 22:15:27,208 [3989452c-7599-4156-9543-3fe544ced0f3@group-83CFD60236D8-LeaderElection323] INFO  impl.RoleInfo (RoleInfo.java:shutdownLeaderElection(134)) - 3989452c-7599-4156-9543-3fe544ced0f3: shutdown LeaderElection
2019-10-16 22:15:27,208 [3989452c-7599-4156-9543-3fe544ced0f3@group-83CFD60236D8-LeaderElection323] INFO  impl.RoleInfo (RoleInfo.java:updateAndGet(143)) - 3989452c-7599-4156-9543-3fe544ced0f3: start FollowerState
2019-10-16 22:15:27,287 [Thread-3034] INFO  impl.FollowerState (FollowerState.java:run(108)) - 3989452c-7599-4156-9543-3fe544ced0f3@group-83CFD60236D8-FollowerState: change to CANDIDATE, lastRpcTime:78ms, electionTimeout:78ms
2019-10-16 22:15:27,288 [Thread-3034] INFO  impl.RoleInfo (RoleInfo.java:shutdownFollowerState(121)) - 3989452c-7599-4156-9543-3fe544ced0f3: shutdown FollowerState
2019-10-16 22:15:27,288 [Thread-3034] INFO  impl.RaftServerImpl (RaftServerImpl.java:setRole(184)) - 3989452c-7599-4156-9543-3fe544ced0f3@group-83CFD60236D8: changes role from  FOLLOWER to CANDIDATE at term 344 for changeToCandidate
2019-10-16 22:15:27,289 [Thread-3034] INFO  impl.RoleInfo (RoleInfo.java:updateAndGet(143)) - 3989452c-7599-4156-9543-3fe544ced0f3: start LeaderElection
2019-10-16 22:15:27,304 [3989452c-7599-4156-9543-3fe544ced0f3@group-83CFD60236D8-LeaderElection324] INFO  impl.LeaderElection (LeaderElection.java:askForVotes(178)) - 3989452c-7599-4156-9543-3fe544ced0f3@group-83CFD60236D8-LeaderElection324: begin an election at term 345 for -1: [3989452c-7599-4156-9543-3fe544ced0f3:192.168.157.254:36320, eec99a0c-e1b1-4518-bc49-9d1a8c8e04d5:192.168.157.254:45598, d9e6ea44-93db-446f-8020-a94232284285:192.168.157.254:41671], old=null
2019-10-16 22:15:27,307 [grpc-default-executor-22] INFO  impl.RaftServerImpl (RaftServerImpl.java:setRole(184)) - d9e6ea44-93db-446f-8020-a94232284285@group-83CFD60236D8: changes role from  FOLLOWER to FOLLOWER at term 345 for recognizeCandidate:3989452c-7599-4156-9543-3fe544ced0f3
2019-10-16 22:15:27,307 [grpc-default-executor-22] INFO  impl.RoleInfo (RoleInfo.java:shutdownFollowerState(121)) - d9e6ea44-93db-446f-8020-a94232284285: shutdown FollowerState
2019-10-16 22:15:27,307 [grpc-default-executor-18] INFO  impl.RaftServerImpl (RaftServerImpl.java:setRole(184)) - eec99a0c-e1b1-4518-bc49-9d1a8c8e04d5@group-83CFD60236D8: changes role from  FOLLOWER to FOLLOWER at term 345 for recognizeCandidate:3989452c-7599-4156-9543-3fe544ced0f3
2019-10-16 22:15:27,308 [Thread-3033] INFO  impl.FollowerState (FollowerState.java:run(117)) - d9e6ea44-93db-446f-8020-a94232284285@group-83CFD60236D8-FollowerState was interrupted: java.lang.InterruptedException: sleep interrupted
2019-10-16 22:15:27,308 [grpc-default-executor-22] INFO  impl.RoleInfo (RoleInfo.java:updateAndGet(143)) - d9e6ea44-93db-446f-8020-a94232284285: start FollowerState
2019-10-16 22:15:27,308 [grpc-default-executor-18] INFO  impl.RoleInfo (RoleInfo.java:shutdownFollowerState(121)) - eec99a0c-e1b1-4518-bc49-9d1a8c8e04d5: shutdown FollowerState
2019-10-16 22:15:27,308 [grpc-default-executor-18] INFO  impl.RoleInfo (RoleInfo.java:updateAndGet(143)) - eec99a0c-e1b1-4518-bc49-9d1a8c8e04d5: start FollowerState
2019-10-16 22:15:27,308 [Thread-3032] INFO  impl.FollowerState (FollowerState.java:run(117)) - eec99a0c-e1b1-4518-bc49-9d1a8c8e04d5@group-83CFD60236D8-FollowerState was interrupted: java.lang.InterruptedException: sleep interrupted
2019-10-16 22:15:27,331 [3989452c-7599-4156-9543-3fe544ced0f3@group-83CFD60236D8-LeaderElection324] INFO  impl.LeaderElection (LeaderElection.java:logAndReturn(56)) - 3989452c-7599-4156-9543-3fe544ced0f3@group-83CFD60236D8-LeaderElection324: Election REJECTED; received 2 response(s) [3989452c-7599-4156-9543-3fe544ced0f3<-eec99a0c-e1b1-4518-bc49-9d1a8c8e04d5#0:FAIL-t345, 3989452c-7599-4156-9543-3fe544ced0f3<-d9e6ea44-93db-446f-8020-a94232284285#0:FAIL-t345] and 0 exception(s); 3989452c-7599-4156-9543-3fe544ced0f3@group-83CFD60236D8:t345, leader=null, voted=3989452c-7599-4156-9543-3fe544ced0f3, raftlog=3989452c-7599-4156-9543-3fe544ced0f3@group-83CFD60236D8-SegmentedRaftLog:OPENED:c-1,f-1,i0, conf=-1: [3989452c-7599-4156-9543-3fe544ced0f3:192.168.157.254:36320, eec99a0c-e1b1-4518-bc49-9d1a8c8e04d5:192.168.157.254:45598, d9e6ea44-93db-446f-8020-a94232284285:192.168.157.254:41671], old=null
2019-10-16 22:15:27,331 [3989452c-7599-4156-9543-3fe544ced0f3@group-83CFD60236D8-LeaderElection324] INFO  impl.RaftServerImpl (RaftServerImpl.java:setRole(184)) - 3989452c-7599-4156-9543-3fe544ced0f3@group-83CFD60236D8: changes role from CANDIDATE to FOLLOWER at term 345 for DISCOVERED_A_NEW_TERM
2019-10-16 22:15:27,331 [3989452c-7599-4156-9543-3fe544ced0f3@group-83CFD60236D8-LeaderElection324] INFO  impl.RoleInfo (RoleInfo.java:shutdownLeaderElection(134)) - 3989452c-7599-4156-9543-3fe544ced0f3: shutdown LeaderElection
2019-10-16 22:15:27,331 [3989452c-7599-4156-9543-3fe544ced0f3@group-83CFD60236D8-LeaderElection324] INFO  impl.RoleInfo (RoleInfo.java:updateAndGet(143)) - 3989452c-7599-4156-9543-3fe544ced0f3: start FollowerState
2019-10-16 22:15:27,358 [Thread-3040] INFO  impl.FollowerState (FollowerState.java:run(108)) - 3989452c-7599-4156-9543-3fe544ced0f3@group-83CFD60236D8-FollowerState: change to CANDIDATE, lastRpcTime:26ms, electionTimeout:26ms
2019-10-16 22:15:27,358 [Thread-3040] INFO  impl.RoleInfo (RoleInfo.java:shutdownFollowerState(121)) - 3989452c-7599-4156-9543-3fe544ced0f3: shutdown FollowerState
2019-10-16 22:15:27,358 [Thread-3040] INFO  impl.RaftServerImpl (RaftServerImpl.java:setRole(184)) - 3989452c-7599-4156-9543-3fe544ced0f3@group-83CFD60236D8: changes role from  FOLLOWER to CANDIDATE at term 345 for changeToCandidate
2019-10-16 22:15:27,358 [Thread-3040] INFO  impl.RoleInfo (RoleInfo.java:updateAndGet(143)) - 3989452c-7599-4156-9543-3fe544ced0f3: start LeaderElection
2019-10-16 22:15:27,372 [3989452c-7599-4156-9543-3fe544ced0f3@group-83CFD60236D8-LeaderElection325] INFO  impl.LeaderElection (LeaderElection.java:askForVotes(178)) - 3989452c-7599-4156-9543-3fe544ced0f3@group-83CFD60236D8-LeaderElection325: begin an election at term 346 for -1: [3989452c-7599-4156-9543-3fe544ced0f3:192.168.157.254:36320, eec99a0c-e1b1-4518-bc49-9d1a8c8e04d5:192.168.157.254:45598, d9e6ea44-93db-446f-8020-a94232284285:192.168.157.254:41671], old=null
2019-10-16 22:15:27,374 [grpc-default-executor-18] INFO  impl.RaftServerImpl (RaftServerImpl.java:setRole(184)) - eec99a0c-e1b1-4518-bc49-9d1a8c8e04d5@group-83CFD60236D8: changes role from  FOLLOWER to FOLLOWER at term 346 for recognizeCandidate:3989452c-7599-4156-9543-3fe544ced0f3
2019-10-16 22:15:27,374 [grpc-default-executor-18] INFO  impl.RoleInfo (RoleInfo.java:shutdownFollowerState(121)) - eec99a0c-e1b1-4518-bc49-9d1a8c8e04d5: shutdown FollowerState
2019-10-16 22:15:27,374 [grpc-default-executor-22] INFO  impl.RaftServerImpl (RaftServerImpl.java:setRole(184)) - d9e6ea44-93db-446f-8020-a94232284285@group-83CFD60236D8: changes role from  FOLLOWER to FOLLOWER at term 346 for recognizeCandidate:3989452c-7599-4156-9543-3fe544ced0f3
2019-10-16 22:15:27,374 [Thread-3039] INFO  impl.FollowerState (FollowerState.java:run(117)) - eec99a0c-e1b1-4518-bc49-9d1a8c8e04d5@group-83CFD60236D8-FollowerState was interrupted: java.lang.InterruptedException: sleep interrupted
2019-10-16 22:15:27,374 [grpc-default-executor-18] INFO  impl.RoleInfo (RoleInfo.java:updateAndGet(143)) - eec99a0c-e1b1-4518-bc49-9d1a8c8e04d5: start FollowerState
2019-10-16 22:15:27,374 [grpc-default-executor-22] INFO  impl.RoleInfo (RoleInfo.java:shutdownFollowerState(121)) - d9e6ea44-93db-446f-8020-a94232284285: shutdown FollowerState
2019-10-16 22:15:27,375 [grpc-default-executor-22] INFO  impl.RoleInfo (RoleInfo.java:updateAndGet(143)) - d9e6ea44-93db-446f-8020-a94232284285: start FollowerState
2019-10-16 22:15:27,375 [Thread-3038] INFO  impl.FollowerState (FollowerState.java:run(117)) - d9e6ea44-93db-446f-8020-a94232284285@group-83CFD60236D8-FollowerState was interrupted: java.lang.InterruptedException: sleep interrupted
2019-10-16 22:15:27,399 [3989452c-7599-4156-9543-3fe544ced0f3@group-83CFD60236D8-LeaderElection325] INFO  impl.LeaderElection (LeaderElection.java:logAndReturn(56)) - 3989452c-7599-4156-9543-3fe544ced0f3@group-83CFD60236D8-LeaderElection325: Election REJECTED; received 2 response(s) [3989452c-7599-4156-9543-3fe544ced0f3<-eec99a0c-e1b1-4518-bc49-9d1a8c8e04d5#0:FAIL-t346, 3989452c-7599-4156-9543-3fe544ced0f3<-d9e6ea44-93db-446f-8020-a94232284285#0:FAIL-t346] and 0 exception(s); 3989452c-7599-4156-9543-3fe544ced0f3@group-83CFD60236D8:t346, leader=null, voted=3989452c-7599-4156-9543-3fe544ced0f3, raftlog=3989452c-7599-4156-9543-3fe544ced0f3@group-83CFD60236D8-SegmentedRaftLog:OPENED:c-1,f-1,i0, conf=-1: [3989452c-7599-4156-9543-3fe544ced0f3:192.168.157.254:36320, eec99a0c-e1b1-4518-bc49-9d1a8c8e04d5:192.168.157.254:45598, d9e6ea44-93db-446f-8020-a94232284285:192.168.157.254:41671], old=null
2019-10-16 22:15:27,399 [3989452c-7599-4156-9543-3fe544ced0f3@group-83CFD60236D8-LeaderElection325] INFO  impl.RaftServerImpl (RaftServerImpl.java:setRole(184)) - 3989452c-7599-4156-9543-3fe544ced0f3@group-83CFD60236D8: changes role from CANDIDATE to FOLLOWER at term 346 for DISCOVERED_A_NEW_TERM
2019-10-16 22:15:27,400 [3989452c-7599-4156-9543-3fe544ced0f3@group-83CFD60236D8-LeaderElection325] INFO  impl.RoleInfo (RoleInfo.java:shutdownLeaderElection(134)) - 3989452c-7599-4156-9543-3fe544ced0f3: shutdown LeaderElection
2019-10-16 22:15:27,400 [3989452c-7599-4156-9543-3fe544ced0f3@group-83CFD60236D8-LeaderElection325] INFO  impl.RoleInfo (RoleInfo.java:updateAndGet(143)) - 3989452c-7599-4156-9543-3fe544ced0f3: start FollowerState
2019-10-16 22:15:27,600 [Thread-3046] INFO  impl.FollowerState (FollowerState.java:run(108)) - 3989452c-7599-4156-9543-3fe544ced0f3@group-83CFD60236D8-FollowerState: change to CANDIDATE, lastRpcTime:200ms, electionTimeout:200ms
2019-10-16 22:15:27,600 [Thread-3046] INFO  impl.RoleInfo (RoleInfo.java:shutdownFollowerState(121)) - 3989452c-7599-4156-9543-3fe544ced0f3: shutdown FollowerState
2019-10-16 22:15:27,600 [Thread-3046] INFO  impl.RaftServerImpl (RaftServerImpl.java:setRole(184)) - 3989452c-7599-4156-9543-3fe544ced0f3@group-83CFD60236D8: changes role from  FOLLOWER to CANDIDATE at term 346 for changeToCandidate
2019-10-16 22:15:27,600 [Thread-3046] INFO  impl.RoleInfo (RoleInfo.java:updateAndGet(143)) - 3989452c-7599-4156-9543-3fe544ced0f3: start LeaderElection
2019-10-16 22:15:27,627 [3989452c-7599-4156-9543-3fe544ced0f3@group-83CFD60236D8-LeaderElection326] INFO  impl.LeaderElection (LeaderElection.java:askForVotes(178)) - 3989452c-7599-4156-9543-3fe544ced0f3@group-83CFD60236D8-LeaderElection326: begin an election at term 347 for -1: [3989452c-7599-4156-9543-3fe544ced0f3:192.168.157.254:36320, eec99a0c-e1b1-4518-bc49-9d1a8c8e04d5:192.168.157.254:45598, d9e6ea44-93db-446f-8020-a94232284285:192.168.157.254:41671], old=null
2019-10-16 22:15:27,629 [grpc-default-executor-18] INFO  impl.RaftServerImpl (RaftServerImpl.java:setRole(184)) - eec99a0c-e1b1-4518-bc49-9d1a8c8e04d5@group-83CFD60236D8: changes role from  FOLLOWER to FOLLOWER at term 347 for recognizeCandidate:3989452c-7599-4156-9543-3fe544ced0f3
2019-10-16 22:15:27,629 [grpc-default-executor-18] INFO  impl.RoleInfo (RoleInfo.java:shutdownFollowerState(121)) - eec99a0c-e1b1-4518-bc49-9d1a8c8e04d5: shutdown FollowerState
2019-10-16 22:15:27,629 [grpc-default-executor-22] INFO  impl.RaftServerImpl (RaftServerImpl.java:setRole(184)) - d9e6ea44-93db-446f-8020-a94232284285@group-83CFD60236D8: changes role from  FOLLOWER to FOLLOWER at term 347 for recognizeCandidate:3989452c-7599-4156-9543-3fe544ced0f3
2019-10-16 22:15:27,630 [grpc-default-executor-22] INFO  impl.RoleInfo (RoleInfo.java:shutdownFollowerState(121)) - d9e6ea44-93db-446f-8020-a94232284285: shutdown FollowerState
2019-10-16 22:15:27,629 [Thread-3044] INFO  impl.FollowerState (FollowerState.java:run(117)) - eec99a0c-e1b1-4518-bc49-9d1a8c8e04d5@group-83CFD60236D8-FollowerState was interrupted: java.lang.InterruptedException: sleep interrupted
2019-10-16 22:15:27,629 [grpc-default-executor-18] INFO  impl.RoleInfo (RoleInfo.java:updateAndGet(143)) - eec99a0c-e1b1-4518-bc49-9d1a8c8e04d5: start FollowerState
2019-10-16 22:15:27,630 [Thread-3045] INFO  impl.FollowerState (FollowerState.java:run(117)) - d9e6ea44-93db-446f-8020-a94232284285@group-83CFD60236D8-FollowerState was interrupted: java.lang.InterruptedException: sleep interrupted
2019-10-16 22:15:27,630 [grpc-default-executor-22] INFO  impl.RoleInfo (RoleInfo.java:updateAndGet(143)) - d9e6ea44-93db-446f-8020-a94232284285: start FollowerState
2019-10-16 22:15:27,656 [3989452c-7599-4156-9543-3fe544ced0f3@group-83CFD60236D8-LeaderElection326] INFO  impl.LeaderElection (LeaderElection.java:logAndReturn(56)) - 3989452c-7599-4156-9543-3fe544ced0f3@group-83CFD60236D8-LeaderElection326: Election REJECTED; received 2 response(s) [3989452c-7599-4156-9543-3fe544ced0f3<-eec99a0c-e1b1-4518-bc49-9d1a8c8e04d5#0:FAIL-t347, 3989452c-7599-4156-9543-3fe544ced0f3<-d9e6ea44-93db-446f-8020-a94232284285#0:FAIL-t347] and 0 exception(s); 3989452c-7599-4156-9543-3fe544ced0f3@group-83CFD60236D8:t347, leader=null, voted=3989452c-7599-4156-9543-3fe544ced0f3, raftlog=3989452c-7599-4156-9543-3fe544ced0f3@group-83CFD60236D8-SegmentedRaftLog:OPENED:c-1,f-1,i0, conf=-1: [3989452c-7599-4156-9543-3fe544ced0f3:192.168.157.254:36320, eec99a0c-e1b1-4518-bc49-9d1a8c8e04d5:192.168.157.254:45598, d9e6ea44-93db-446f-8020-a94232284285:192.168.157.254:41671], old=null
2019-10-16 22:15:27,656 [3989452c-7599-4156-9543-3fe544ced0f3@group-83CFD60236D8-LeaderElection326] INFO  impl.RaftServerImpl (RaftServerImpl.java:setRole(184)) - 3989452c-7599-4156-9543-3fe544ced0f3@group-83CFD60236D8: changes role from CANDIDATE to FOLLOWER at term 347 for DISCOVERED_A_NEW_TERM
2019-10-16 22:15:27,656 [3989452c-7599-4156-9543-3fe544ced0f3@group-83CFD60236D8-LeaderElection326] INFO  impl.RoleInfo (RoleInfo.java:shutdownLeaderElection(134)) - 3989452c-7599-4156-9543-3fe544ced0f3: shutdown LeaderElection
2019-10-16 22:15:27,656 [3989452c-7599-4156-9543-3fe544ced0f3@group-83CFD60236D8-LeaderElection326] INFO  impl.RoleInfo (RoleInfo.java:updateAndGet(143)) - 3989452c-7599-4156-9543-3fe544ced0f3: start FollowerState
2019-10-16 22:15:27,668 [grpc-default-executor-18] INFO  impl.RaftServerProxy (RaftServerProxy.java:remove(95)) - 3989452c-7599-4156-9543-3fe544ced0f3: remove  FOLLOWER 3989452c-7599-4156-9543-3fe544ced0f3@group-D519DFB9FC4F:t1, leader=d9e6ea44-93db-446f-8020-a94232284285, voted=d9e6ea44-93db-446f-8020-a94232284285, raftlog=3989452c-7599-4156-9543-3fe544ced0f3@group-D519DFB9FC4F-SegmentedRaftLog:OPENED:c0,f2,i2, conf=0: [3989452c-7599-4156-9543-3fe544ced0f3:192.168.157.254:36320, eec99a0c-e1b1-4518-bc49-9d1a8c8e04d5:192.168.157.254:45598, d9e6ea44-93db-446f-8020-a94232284285:192.168.157.254:41671], old=null RUNNING
2019-10-16 22:15:27,668 [grpc-default-executor-18] INFO  impl.RaftServerImpl (RaftServerImpl.java:lambda$shutdown$3(261)) - 3989452c-7599-4156-9543-3fe544ced0f3@group-D519DFB9FC4F: shutdown
2019-10-16 22:15:27,669 [grpc-default-executor-18] INFO  util.JmxRegister (JmxRegister.java:unregister(73)) - Successfully un-registered JMX Bean with object name Ratis:service=RaftServer,group=group-D519DFB9FC4F,id=3989452c-7599-4156-9543-3fe544ced0f3
2019-10-16 22:15:27,669 [grpc-default-executor-18] INFO  impl.RoleInfo (RoleInfo.java:shutdownFollowerState(121)) - 3989452c-7599-4156-9543-3fe544ced0f3: shutdown FollowerState
2019-10-16 22:15:27,669 [grpc-default-executor-18] INFO  impl.StateMachineUpdater (StateMachineUpdater.java:stopAndJoin(136)) - 3989452c-7599-4156-9543-3fe544ced0f3@group-D519DFB9FC4F-StateMachineUpdater: set stopIndex = 0
2019-10-16 22:15:27,669 [Thread-926] INFO  impl.FollowerState (FollowerState.java:run(117)) - 3989452c-7599-4156-9543-3fe544ced0f3@group-D519DFB9FC4F-FollowerState was interrupted: java.lang.InterruptedException: sleep interrupted
2019-10-16 22:15:27,670 [grpc-default-executor-18] INFO  impl.RaftServerImpl (ServerState.java:close(388)) - 3989452c-7599-4156-9543-3fe544ced0f3@group-D519DFB9FC4F: closes. applyIndex: 0
2019-10-16 22:15:27,670 [3989452c-7599-4156-9543-3fe544ced0f3@group-D519DFB9FC4F-SegmentedRaftLogWorker] INFO  segmented.SegmentedRaftLogWorker (SegmentedRaftLogWorker.java:run(316)) - 3989452c-7599-4156-9543-3fe544ced0f3@group-D519DFB9FC4F-SegmentedRaftLogWorker was interrupted, exiting. There are 0 tasks remaining in the queue.
2019-10-16 22:15:27,672 [grpc-default-executor-18] INFO  segmented.SegmentedRaftLogWorker (SegmentedRaftLogWorker.java:close(224)) - 3989452c-7599-4156-9543-3fe544ced0f3@group-D519DFB9FC4F-SegmentedRaftLogWorker close()
2019-10-16 22:15:27,745 [grpc-default-executor-18] INFO  interfaces.Container (KeyValueContainer.java:flushAndSyncDB(386)) - Container 8 is synced with bcsId 0.
2019-10-16 22:15:27,745 [grpc-default-executor-18] INFO  interfaces.Container (KeyValueContainer.java:flushAndSyncDB(386)) - Container 8 is synced with bcsId 0.
2019-10-16 22:15:27,763 [EventQueue-IncrementalContainerReportForIncrementalContainerReportHandler] INFO  container.IncrementalContainerReportHandler (AbstractContainerReportHandler.java:updateContainerState(171)) - Moving container #8 to QUASI_CLOSED state, datanode 3989452c-7599-4156-9543-3fe544ced0f3{ip: 192.168.157.254, host: pr-hdds-1868-qdb9g-714931517, networkLocation: /default-rack, certSerialId: null} reported QUASI_CLOSED replica.
2019-10-16 22:15:27,768 [grpc-default-executor-18] INFO  impl.RaftServerProxy (RaftServerProxy.java:remove(95)) - eec99a0c-e1b1-4518-bc49-9d1a8c8e04d5: remove  FOLLOWER eec99a0c-e1b1-4518-bc49-9d1a8c8e04d5@group-D519DFB9FC4F:t1, leader=d9e6ea44-93db-446f-8020-a94232284285, voted=d9e6ea44-93db-446f-8020-a94232284285, raftlog=eec99a0c-e1b1-4518-bc49-9d1a8c8e04d5@group-D519DFB9FC4F-SegmentedRaftLog:OPENED:c0,f2,i2, conf=0: [3989452c-7599-4156-9543-3fe544ced0f3:192.168.157.254:36320, eec99a0c-e1b1-4518-bc49-9d1a8c8e04d5:192.168.157.254:45598, d9e6ea44-93db-446f-8020-a94232284285:192.168.157.254:41671], old=null RUNNING
2019-10-16 22:15:27,768 [grpc-default-executor-18] INFO  impl.RaftServerImpl (RaftServerImpl.java:lambda$shutdown$3(261)) - eec99a0c-e1b1-4518-bc49-9d1a8c8e04d5@group-D519DFB9FC4F: shutdown
2019-10-16 22:15:27,768 [grpc-default-executor-18] INFO  util.JmxRegister (JmxRegister.java:unregister(73)) - Successfully un-registered JMX Bean with object name Ratis:service=RaftServer,group=group-D519DFB9FC4F,id=eec99a0c-e1b1-4518-bc49-9d1a8c8e04d5
2019-10-16 22:15:27,768 [grpc-default-executor-18] INFO  impl.RoleInfo (RoleInfo.java:shutdownFollowerState(121)) - eec99a0c-e1b1-4518-bc49-9d1a8c8e04d5: shutdown FollowerState
2019-10-16 22:15:27,769 [grpc-default-executor-18] INFO  impl.StateMachineUpdater (StateMachineUpdater.java:stopAndJoin(136)) - eec99a0c-e1b1-4518-bc49-9d1a8c8e04d5@group-D519DFB9FC4F-StateMachineUpdater: set stopIndex = 0
2019-10-16 22:15:27,769 [Thread-927] INFO  impl.FollowerState (FollowerState.java:run(117)) - eec99a0c-e1b1-4518-bc49-9d1a8c8e04d5@group-D519DFB9FC4F-FollowerState was interrupted: java.lang.InterruptedException: sleep interrupted
2019-10-16 22:15:27,769 [grpc-default-executor-18] INFO  impl.RaftServerImpl (ServerState.java:close(388)) - eec99a0c-e1b1-4518-bc49-9d1a8c8e04d5@group-D519DFB9FC4F: closes. applyIndex: 0
2019-10-16 22:15:27,769 [eec99a0c-e1b1-4518-bc49-9d1a8c8e04d5@group-D519DFB9FC4F-SegmentedRaftLogWorker] INFO  segmented.SegmentedRaftLogWorker (SegmentedRaftLogWorker.java:run(316)) - eec99a0c-e1b1-4518-bc49-9d1a8c8e04d5@group-D519DFB9FC4F-SegmentedRaftLogWorker was interrupted, exiting. There are 0 tasks remaining in the queue.
2019-10-16 22:15:27,771 [grpc-default-executor-18] INFO  segmented.SegmentedRaftLogWorker (SegmentedRaftLogWorker.java:close(224)) - eec99a0c-e1b1-4518-bc49-9d1a8c8e04d5@group-D519DFB9FC4F-SegmentedRaftLogWorker close()
2019-10-16 22:15:27,841 [grpc-default-executor-18] INFO  interfaces.Container (KeyValueContainer.java:flushAndSyncDB(386)) - Container 8 is synced with bcsId 0.
2019-10-16 22:15:27,842 [grpc-default-executor-18] INFO  interfaces.Container (KeyValueContainer.java:flushAndSyncDB(386)) - Container 8 is synced with bcsId 0.
2019-10-16 22:15:27,849 [Thread-3052] INFO  impl.FollowerState (FollowerState.java:run(108)) - 3989452c-7599-4156-9543-3fe544ced0f3@group-83CFD60236D8-FollowerState: change to CANDIDATE, lastRpcTime:192ms, electionTimeout:191ms
2019-10-16 22:15:27,849 [Thread-3052] INFO  impl.RoleInfo (RoleInfo.java:shutdownFollowerState(121)) - 3989452c-7599-4156-9543-3fe544ced0f3: shutdown FollowerState
2019-10-16 22:15:27,849 [Thread-3052] INFO  impl.RaftServerImpl (RaftServerImpl.java:setRole(184)) - 3989452c-7599-4156-9543-3fe544ced0f3@group-83CFD60236D8: changes role from  FOLLOWER to CANDIDATE at term 347 for changeToCandidate
2019-10-16 22:15:27,849 [Thread-3052] INFO  impl.RoleInfo (RoleInfo.java:updateAndGet(143)) - 3989452c-7599-4156-9543-3fe544ced0f3: start LeaderElection
2019-10-16 22:15:27,853 [3989452c-7599-4156-9543-3fe544ced0f3@group-83CFD60236D8-LeaderElection327] INFO  impl.LeaderElection (LeaderElection.java:askForVotes(178)) - 3989452c-7599-4156-9543-3fe544ced0f3@group-83CFD60236D8-LeaderElection327: begin an election at term 348 for -1: [3989452c-7599-4156-9543-3fe544ced0f3:192.168.157.254:36320, eec99a0c-e1b1-4518-bc49-9d1a8c8e04d5:192.168.157.254:45598, d9e6ea44-93db-446f-8020-a94232284285:192.168.157.254:41671], old=null
2019-10-16 22:15:27,855 [grpc-default-executor-18] INFO  impl.RaftServerProxy (RaftServerProxy.java:remove(95)) - d9e6ea44-93db-446f-8020-a94232284285: remove    LEADER d9e6ea44-93db-446f-8020-a94232284285@group-D519DFB9FC4F:t1, leader=d9e6ea44-93db-446f-8020-a94232284285, voted=d9e6ea44-93db-446f-8020-a94232284285, raftlog=d9e6ea44-93db-446f-8020-a94232284285@group-D519DFB9FC4F-SegmentedRaftLog:OPENED:c0,f0,i2, conf=0: [3989452c-7599-4156-9543-3fe544ced0f3:192.168.157.254:36320, eec99a0c-e1b1-4518-bc49-9d1a8c8e04d5:192.168.157.254:45598, d9e6ea44-93db-446f-8020-a94232284285:192.168.157.254:41671], old=null RUNNING
2019-10-16 22:15:27,855 [grpc-default-executor-18] INFO  impl.RaftServerImpl (RaftServerImpl.java:lambda$shutdown$3(261)) - d9e6ea44-93db-446f-8020-a94232284285@group-D519DFB9FC4F: shutdown
2019-10-16 22:15:27,855 [grpc-default-executor-22] INFO  impl.RaftServerImpl (RaftServerImpl.java:setRole(184)) - d9e6ea44-93db-446f-8020-a94232284285@group-83CFD60236D8: changes role from  FOLLOWER to FOLLOWER at term 348 for recognizeCandidate:3989452c-7599-4156-9543-3fe544ced0f3
2019-10-16 22:15:27,855 [grpc-default-executor-18] INFO  util.JmxRegister (JmxRegister.java:unregister(73)) - Successfully un-registered JMX Bean with object name Ratis:service=RaftServer,group=group-D519DFB9FC4F,id=d9e6ea44-93db-446f-8020-a94232284285
2019-10-16 22:15:27,855 [grpc-default-executor-24] INFO  impl.RaftServerImpl (RaftServerImpl.java:setRole(184)) - eec99a0c-e1b1-4518-bc49-9d1a8c8e04d5@group-83CFD60236D8: changes role from  FOLLOWER to FOLLOWER at term 348 for recognizeCandidate:3989452c-7599-4156-9543-3fe544ced0f3
2019-10-16 22:15:27,856 [grpc-default-executor-24] INFO  impl.RoleInfo (RoleInfo.java:shutdownFollowerState(121)) - eec99a0c-e1b1-4518-bc49-9d1a8c8e04d5: shutdown FollowerState
2019-10-16 22:15:27,855 [grpc-default-executor-18] INFO  impl.RoleInfo (RoleInfo.java:shutdownLeaderState(104)) - d9e6ea44-93db-446f-8020-a94232284285: shutdown LeaderState
2019-10-16 22:15:27,855 [grpc-default-executor-22] INFO  impl.RoleInfo (RoleInfo.java:shutdownFollowerState(121)) - d9e6ea44-93db-446f-8020-a94232284285: shutdown FollowerState
2019-10-16 22:15:27,858 [grpc-default-executor-18] INFO  impl.PendingRequests (PendingRequests.java:sendNotLeaderResponses(202)) - d9e6ea44-93db-446f-8020-a94232284285@group-D519DFB9FC4F-PendingRequests: sendNotLeaderResponses
2019-10-16 22:15:27,858 [org.apache.ratis.server.impl.LogAppender$AppenderDaemon$$Lambda$462/2111532691@ebc2176] WARN  server.GrpcLogAppender (GrpcLogAppender.java:mayWait(149)) - d9e6ea44-93db-446f-8020-a94232284285@group-D519DFB9FC4F->eec99a0c-e1b1-4518-bc49-9d1a8c8e04d5-GrpcLogAppender: Wait interrupted by java.lang.InterruptedException
2019-10-16 22:15:27,856 [Thread-3050] INFO  impl.FollowerState (FollowerState.java:run(117)) - eec99a0c-e1b1-4518-bc49-9d1a8c8e04d5@group-83CFD60236D8-FollowerState was interrupted: java.lang.InterruptedException: sleep interrupted
2019-10-16 22:15:27,856 [grpc-default-executor-24] INFO  impl.RoleInfo (RoleInfo.java:updateAndGet(143)) - eec99a0c-e1b1-4518-bc49-9d1a8c8e04d5: start FollowerState
2019-10-16 22:15:27,858 [org.apache.ratis.server.impl.LogAppender$AppenderDaemon$$Lambda$462/2111532691@3fc9b809] WARN  server.GrpcLogAppender (GrpcLogAppender.java:mayWait(149)) - d9e6ea44-93db-446f-8020-a94232284285@group-D519DFB9FC4F->3989452c-7599-4156-9543-3fe544ced0f3-GrpcLogAppender: Wait interrupted by java.lang.InterruptedException
2019-10-16 22:15:27,858 [grpc-default-executor-22] INFO  impl.RoleInfo (RoleInfo.java:updateAndGet(143)) - d9e6ea44-93db-446f-8020-a94232284285: start FollowerState
2019-10-16 22:15:27,858 [Thread-3051] INFO  impl.FollowerState (FollowerState.java:run(117)) - d9e6ea44-93db-446f-8020-a94232284285@group-83CFD60236D8-FollowerState was interrupted: java.lang.InterruptedException: sleep interrupted
2019-10-16 22:15:27,860 [grpc-default-executor-23] INFO  server.GrpcServerProtocolService (GrpcServerProtocolService.java:onCompleted(113)) - eec99a0c-e1b1-4518-bc49-9d1a8c8e04d5: Completed APPEND_ENTRIES, lastRequest: d9e6ea44-93db-446f-8020-a94232284285->eec99a0c-e1b1-4518-bc49-9d1a8c8e04d5#29-t1, previous=(t:1, i:2), leaderCommit=0, initializing? false, entries: <empty>
2019-10-16 22:15:27,862 [grpc-default-executor-21] INFO  server.GrpcServerProtocolService (GrpcServerProtocolService.java:onCompleted(113)) - 3989452c-7599-4156-9543-3fe544ced0f3: Completed APPEND_ENTRIES, lastRequest: d9e6ea44-93db-446f-8020-a94232284285->3989452c-7599-4156-9543-3fe544ced0f3#29-t1, previous=(t:1, i:2), leaderCommit=0, initializing? false, entries: <empty>
2019-10-16 22:15:27,864 [grpc-default-executor-18] INFO  impl.StateMachineUpdater (StateMachineUpdater.java:stopAndJoin(136)) - d9e6ea44-93db-446f-8020-a94232284285@group-D519DFB9FC4F-StateMachineUpdater: set stopIndex = 0
2019-10-16 22:15:27,865 [grpc-default-executor-23] INFO  server.GrpcLogAppender (GrpcLogAppender.java:onCompleted(308)) - d9e6ea44-93db-446f-8020-a94232284285@group-D519DFB9FC4F->3989452c-7599-4156-9543-3fe544ced0f3-AppendLogResponseHandler: follower responses appendEntries COMPLETED
2019-10-16 22:15:27,866 [grpc-default-executor-16] INFO  server.GrpcLogAppender (GrpcLogAppender.java:onCompleted(308)) - d9e6ea44-93db-446f-8020-a94232284285@group-D519DFB9FC4F->eec99a0c-e1b1-4518-bc49-9d1a8c8e04d5-AppendLogResponseHandler: follower responses appendEntries COMPLETED
2019-10-16 22:15:27,866 [grpc-default-executor-23] INFO  impl.FollowerInfo (FollowerInfo.java:lambda$new$0(51)) - d9e6ea44-93db-446f-8020-a94232284285@group-D519DFB9FC4F->3989452c-7599-4156-9543-3fe544ced0f3: nextIndex: updateUnconditionally 3 -> 2
2019-10-16 22:15:27,866 [grpc-default-executor-18] INFO  impl.RaftServerImpl (ServerState.java:close(388)) - d9e6ea44-93db-446f-8020-a94232284285@group-D519DFB9FC4F: closes. applyIndex: 0
2019-10-16 22:15:27,866 [grpc-default-executor-16] INFO  impl.FollowerInfo (FollowerInfo.java:lambda$new$0(51)) - d9e6ea44-93db-446f-8020-a94232284285@group-D519DFB9FC4F->eec99a0c-e1b1-4518-bc49-9d1a8c8e04d5: nextIndex: updateUnconditionally 3 -> 2
2019-10-16 22:15:27,867 [d9e6ea44-93db-446f-8020-a94232284285@group-D519DFB9FC4F-SegmentedRaftLogWorker] INFO  segmented.SegmentedRaftLogWorker (SegmentedRaftLogWorker.java:run(316)) - d9e6ea44-93db-446f-8020-a94232284285@group-D519DFB9FC4F-SegmentedRaftLogWorker was interrupted, exiting. There are 0 tasks remaining in the queue.
2019-10-16 22:15:27,868 [grpc-default-executor-18] INFO  segmented.SegmentedRaftLogWorker (SegmentedRaftLogWorker.java:close(224)) - d9e6ea44-93db-446f-8020-a94232284285@group-D519DFB9FC4F-SegmentedRaftLogWorker close()
2019-10-16 22:15:27,871 [3989452c-7599-4156-9543-3fe544ced0f3@group-83CFD60236D8-LeaderElection327] INFO  impl.LeaderElection (LeaderElection.java:logAndReturn(56)) - 3989452c-7599-4156-9543-3fe544ced0f3@group-83CFD60236D8-LeaderElection327: Election REJECTED; received 2 response(s) [3989452c-7599-4156-9543-3fe544ced0f3<-eec99a0c-e1b1-4518-bc49-9d1a8c8e04d5#0:FAIL-t348, 3989452c-7599-4156-9543-3fe544ced0f3<-d9e6ea44-93db-446f-8020-a94232284285#0:FAIL-t348] and 0 exception(s); 3989452c-7599-4156-9543-3fe544ced0f3@group-83CFD60236D8:t348, leader=null, voted=3989452c-7599-4156-9543-3fe544ced0f3, raftlog=3989452c-7599-4156-9543-3fe544ced0f3@group-83CFD60236D8-SegmentedRaftLog:OPENED:c-1,f-1,i0, conf=-1: [3989452c-7599-4156-9543-3fe544ced0f3:192.168.157.254:36320, eec99a0c-e1b1-4518-bc49-9d1a8c8e04d5:192.168.157.254:45598, d9e6ea44-93db-446f-8020-a94232284285:192.168.157.254:41671], old=null
2019-10-16 22:15:27,871 [3989452c-7599-4156-9543-3fe544ced0f3@group-83CFD60236D8-LeaderElection327] INFO  impl.RaftServerImpl (RaftServerImpl.java:setRole(184)) - 3989452c-7599-4156-9543-3fe544ced0f3@group-83CFD60236D8: changes role from CANDIDATE to FOLLOWER at term 348 for DISCOVERED_A_NEW_TERM
2019-10-16 22:15:27,872 [3989452c-7599-4156-9543-3fe544ced0f3@group-83CFD60236D8-LeaderElection327] INFO  impl.RoleInfo (RoleInfo.java:shutdownLeaderElection(134)) - 3989452c-7599-4156-9543-3fe544ced0f3: shutdown LeaderElection
2019-10-16 22:15:27,872 [3989452c-7599-4156-9543-3fe544ced0f3@group-83CFD60236D8-LeaderElection327] INFO  impl.RoleInfo (RoleInfo.java:updateAndGet(143)) - 3989452c-7599-4156-9543-3fe544ced0f3: start FollowerState
2019-10-16 22:15:27,874 [RatisPipelineUtilsThread] INFO  pipeline.PipelineStateManager (PipelineStateManager.java:removePipeline(108)) - Pipeline Pipeline[ Id: f14e0e85-29c3-4607-9712-d519dfb9fc4f, Nodes: 3989452c-7599-4156-9543-3fe544ced0f3{ip: 192.168.157.254, host: pr-hdds-1868-qdb9g-714931517, networkLocation: /default-rack, certSerialId: null}eec99a0c-e1b1-4518-bc49-9d1a8c8e04d5{ip: 192.168.157.254, host: pr-hdds-1868-qdb9g-714931517, networkLocation: /default-rack, certSerialId: null}d9e6ea44-93db-446f-8020-a94232284285{ip: 192.168.157.254, host: pr-hdds-1868-qdb9g-714931517, networkLocation: /default-rack, certSerialId: null}, Type:RATIS, Factor:THREE, State:CLOSED] removed from db
2019-10-16 22:15:27,878 [grpc-default-executor-18] INFO  impl.RaftServerProxy (RaftServerProxy.java:remove(95)) - 3989452c-7599-4156-9543-3fe544ced0f3: remove group-D519DFB9FC4F:null
2019-10-16 22:15:27,885 [RatisPipelineUtilsThread] WARN  pipeline.RatisPipelineUtils (RatisPipelineUtils.java:destroyPipeline(69)) - Pipeline destroy failed for pipeline=PipelineID=f14e0e85-29c3-4607-9712-d519dfb9fc4f dn=3989452c-7599-4156-9543-3fe544ced0f3{ip: 192.168.157.254, host: pr-hdds-1868-qdb9g-714931517, networkLocation: /default-rack, certSerialId: null}
2019-10-16 22:15:27,889 [grpc-default-executor-18] INFO  impl.RaftServerProxy (RaftServerProxy.java:remove(95)) - eec99a0c-e1b1-4518-bc49-9d1a8c8e04d5: remove group-D519DFB9FC4F:null
2019-10-16 22:15:27,894 [RatisPipelineUtilsThread] WARN  pipeline.RatisPipelineUtils (RatisPipelineUtils.java:destroyPipeline(69)) - Pipeline destroy failed for pipeline=PipelineID=f14e0e85-29c3-4607-9712-d519dfb9fc4f dn=eec99a0c-e1b1-4518-bc49-9d1a8c8e04d5{ip: 192.168.157.254, host: pr-hdds-1868-qdb9g-714931517, networkLocation: /default-rack, certSerialId: null}
2019-10-16 22:15:27,897 [grpc-default-executor-18] INFO  impl.RaftServerProxy (RaftServerProxy.java:remove(95)) - d9e6ea44-93db-446f-8020-a94232284285: remove group-D519DFB9FC4F:null
2019-10-16 22:15:27,907 [RatisPipelineUtilsThread] WARN  pipeline.RatisPipelineUtils (RatisPipelineUtils.java:destroyPipeline(69)) - Pipeline destroy failed for pipeline=PipelineID=f14e0e85-29c3-4607-9712-d519dfb9fc4f dn=d9e6ea44-93db-446f-8020-a94232284285{ip: 192.168.157.254, host: pr-hdds-1868-qdb9g-714931517, networkLocation: /default-rack, certSerialId: null}
2019-10-16 22:15:27,907 [RatisPipelineUtilsThread] ERROR pipeline.SCMPipelineManager (Scheduler.java:lambda$schedule$1(70)) - Destroy pipeline failed for pipeline:Pipeline[ Id: f14e0e85-29c3-4607-9712-d519dfb9fc4f, Nodes: 3989452c-7599-4156-9543-3fe544ced0f3{ip: 192.168.157.254, host: pr-hdds-1868-qdb9g-714931517, networkLocation: /default-rack, certSerialId: null}eec99a0c-e1b1-4518-bc49-9d1a8c8e04d5{ip: 192.168.157.254, host: pr-hdds-1868-qdb9g-714931517, networkLocation: /default-rack, certSerialId: null}d9e6ea44-93db-446f-8020-a94232284285{ip: 192.168.157.254, host: pr-hdds-1868-qdb9g-714931517, networkLocation: /default-rack, certSerialId: null}, Type:RATIS, Factor:THREE, State:CLOSED]
org.apache.hadoop.hdds.scm.pipeline.PipelineNotFoundException: PipelineID=f14e0e85-29c3-4607-9712-d519dfb9fc4f not found
	at org.apache.hadoop.hdds.scm.pipeline.PipelineStateMap.getPipeline(PipelineStateMap.java:132)
	at org.apache.hadoop.hdds.scm.pipeline.PipelineStateMap.removePipeline(PipelineStateMap.java:322)
	at org.apache.hadoop.hdds.scm.pipeline.PipelineStateManager.removePipeline(PipelineStateManager.java:107)
	at org.apache.hadoop.hdds.scm.pipeline.SCMPipelineManager.removePipeline(SCMPipelineManager.java:427)
	at org.apache.hadoop.hdds.scm.pipeline.SCMPipelineManager.destroyPipeline(SCMPipelineManager.java:413)
	at org.apache.hadoop.hdds.scm.pipeline.SCMPipelineManager.lambda$finalizeAndDestroyPipeline$0(SCMPipelineManager.java:322)
	at org.apache.hadoop.hdds.utils.Scheduler.lambda$schedule$1(Scheduler.java:68)
	at java.util.concurrent.Executors$RunnableAdapter.call(Executors.java:511)
	at java.util.concurrent.FutureTask.run(FutureTask.java:266)
	at java.util.concurrent.ScheduledThreadPoolExecutor$ScheduledFutureTask.access$201(ScheduledThreadPoolExecutor.java:180)
	at java.util.concurrent.ScheduledThreadPoolExecutor$ScheduledFutureTask.run(ScheduledThreadPoolExecutor.java:293)
	at java.util.concurrent.ThreadPoolExecutor.runWorker(ThreadPoolExecutor.java:1149)
	at java.util.concurrent.ThreadPoolExecutor$Worker.run(ThreadPoolExecutor.java:624)
	at java.lang.Thread.run(Thread.java:748)
2019-10-16 22:15:28,038 [Thread-3062] INFO  impl.FollowerState (FollowerState.java:run(108)) - 3989452c-7599-4156-9543-3fe544ced0f3@group-83CFD60236D8-FollowerState: change to CANDIDATE, lastRpcTime:166ms, electionTimeout:166ms
2019-10-16 22:15:28,038 [Thread-3062] INFO  impl.RoleInfo (RoleInfo.java:shutdownFollowerState(121)) - 3989452c-7599-4156-9543-3fe544ced0f3: shutdown FollowerState
2019-10-16 22:15:28,038 [Thread-3062] INFO  impl.RaftServerImpl (RaftServerImpl.java:setRole(184)) - 3989452c-7599-4156-9543-3fe544ced0f3@group-83CFD60236D8: changes role from  FOLLOWER to CANDIDATE at term 348 for changeToCandidate
2019-10-16 22:15:28,038 [Thread-3062] INFO  impl.RoleInfo (RoleInfo.java:updateAndGet(143)) - 3989452c-7599-4156-9543-3fe544ced0f3: start LeaderElection
 0.00% |?                                                                                                    |  0/1 Time: 0:06:442019-10-16 22:15:28,045 [3989452c-7599-4156-9543-3fe544ced0f3@group-83CFD60236D8-LeaderElection328] INFO  impl.LeaderElection (LeaderElection.java:askForVotes(178)) - 3989452c-7599-4156-9543-3fe544ced0f3@group-83CFD60236D8-LeaderElection328: begin an election at term 349 for -1: [3989452c-7599-4156-9543-3fe544ced0f3:192.168.157.254:36320, eec99a0c-e1b1-4518-bc49-9d1a8c8e04d5:192.168.157.254:45598, d9e6ea44-93db-446f-8020-a94232284285:192.168.157.254:41671], old=null
2019-10-16 22:15:28,047 [grpc-default-executor-18] INFO  impl.RaftServerImpl (RaftServerImpl.java:setRole(184)) - d9e6ea44-93db-446f-8020-a94232284285@group-83CFD60236D8: changes role from  FOLLOWER to FOLLOWER at term 349 for recognizeCandidate:3989452c-7599-4156-9543-3fe544ced0f3
2019-10-16 22:15:28,047 [grpc-default-executor-18] INFO  impl.RoleInfo (RoleInfo.java:shutdownFollowerState(121)) - d9e6ea44-93db-446f-8020-a94232284285: shutdown FollowerState
2019-10-16 22:15:28,048 [grpc-default-executor-24] INFO  impl.RaftServerImpl (RaftServerImpl.java:setRole(184)) - eec99a0c-e1b1-4518-bc49-9d1a8c8e04d5@group-83CFD60236D8: changes role from  FOLLOWER to FOLLOWER at term 349 for recognizeCandidate:3989452c-7599-4156-9543-3fe544ced0f3
2019-10-16 22:15:28,048 [grpc-default-executor-24] INFO  impl.RoleInfo (RoleInfo.java:shutdownFollowerState(121)) - eec99a0c-e1b1-4518-bc49-9d1a8c8e04d5: shutdown FollowerState
2019-10-16 22:15:28,048 [grpc-default-executor-18] INFO  impl.RoleInfo (RoleInfo.java:updateAndGet(143)) - d9e6ea44-93db-446f-8020-a94232284285: start FollowerState
2019-10-16 22:15:28,048 [Thread-3058] INFO  impl.FollowerState (FollowerState.java:run(117)) - eec99a0c-e1b1-4518-bc49-9d1a8c8e04d5@group-83CFD60236D8-FollowerState was interrupted: java.lang.InterruptedException: sleep interrupted
2019-10-16 22:15:28,048 [grpc-default-executor-24] INFO  impl.RoleInfo (RoleInfo.java:updateAndGet(143)) - eec99a0c-e1b1-4518-bc49-9d1a8c8e04d5: start FollowerState
2019-10-16 22:15:28,048 [Thread-3059] INFO  impl.FollowerState (FollowerState.java:run(117)) - d9e6ea44-93db-446f-8020-a94232284285@group-83CFD60236D8-FollowerState was interrupted: java.lang.InterruptedException: sleep interrupted
2019-10-16 22:15:28,072 [3989452c-7599-4156-9543-3fe544ced0f3@group-83CFD60236D8-LeaderElection328] INFO  impl.LeaderElection (LeaderElection.java:logAndReturn(56)) - 3989452c-7599-4156-9543-3fe544ced0f3@group-83CFD60236D8-LeaderElection328: Election REJECTED; received 2 response(s) [3989452c-7599-4156-9543-3fe544ced0f3<-eec99a0c-e1b1-4518-bc49-9d1a8c8e04d5#0:FAIL-t349, 3989452c-7599-4156-9543-3fe544ced0f3<-d9e6ea44-93db-446f-8020-a94232284285#0:FAIL-t349] and 0 exception(s); 3989452c-7599-4156-9543-3fe544ced0f3@group-83CFD60236D8:t349, leader=null, voted=3989452c-7599-4156-9543-3fe544ced0f3, raftlog=3989452c-7599-4156-9543-3fe544ced0f3@group-83CFD60236D8-SegmentedRaftLog:OPENED:c-1,f-1,i0, conf=-1: [3989452c-7599-4156-9543-3fe544ced0f3:192.168.157.254:36320, eec99a0c-e1b1-4518-bc49-9d1a8c8e04d5:192.168.157.254:45598, d9e6ea44-93db-446f-8020-a94232284285:192.168.157.254:41671], old=null
2019-10-16 22:15:28,072 [3989452c-7599-4156-9543-3fe544ced0f3@group-83CFD60236D8-LeaderElection328] INFO  impl.RaftServerImpl (RaftServerImpl.java:setRole(184)) - 3989452c-7599-4156-9543-3fe544ced0f3@group-83CFD60236D8: changes role from CANDIDATE to FOLLOWER at term 349 for DISCOVERED_A_NEW_TERM
2019-10-16 22:15:28,072 [3989452c-7599-4156-9543-3fe544ced0f3@group-83CFD60236D8-LeaderElection328] INFO  impl.RoleInfo (RoleInfo.java:shutdownLeaderElection(134)) - 3989452c-7599-4156-9543-3fe544ced0f3: shutdown LeaderElection
2019-10-16 22:15:28,072 [3989452c-7599-4156-9543-3fe544ced0f3@group-83CFD60236D8-LeaderElection328] INFO  impl.RoleInfo (RoleInfo.java:updateAndGet(143)) - 3989452c-7599-4156-9543-3fe544ced0f3: start FollowerState
2019-10-16 22:15:28,110 [Thread-3071] INFO  impl.FollowerState (FollowerState.java:run(108)) - 3989452c-7599-4156-9543-3fe544ced0f3@group-83CFD60236D8-FollowerState: change to CANDIDATE, lastRpcTime:37ms, electionTimeout:37ms
2019-10-16 22:15:28,110 [Thread-3071] INFO  impl.RoleInfo (RoleInfo.java:shutdownFollowerState(121)) - 3989452c-7599-4156-9543-3fe544ced0f3: shutdown FollowerState
2019-10-16 22:15:28,110 [Thread-3071] INFO  impl.RaftServerImpl (RaftServerImpl.java:setRole(184)) - 3989452c-7599-4156-9543-3fe544ced0f3@group-83CFD60236D8: changes role from  FOLLOWER to CANDIDATE at term 349 for changeToCandidate
2019-10-16 22:15:28,110 [Thread-3071] INFO  impl.RoleInfo (RoleInfo.java:updateAndGet(143)) - 3989452c-7599-4156-9543-3fe544ced0f3: start LeaderElection
2019-10-16 22:15:28,125 [3989452c-7599-4156-9543-3fe544ced0f3@group-83CFD60236D8-LeaderElection329] INFO  impl.LeaderElection (LeaderElection.java:askForVotes(178)) - 3989452c-7599-4156-9543-3fe544ced0f3@group-83CFD60236D8-LeaderElection329: begin an election at term 350 for -1: [3989452c-7599-4156-9543-3fe544ced0f3:192.168.157.254:36320, eec99a0c-e1b1-4518-bc49-9d1a8c8e04d5:192.168.157.254:45598, d9e6ea44-93db-446f-8020-a94232284285:192.168.157.254:41671], old=null
2019-10-16 22:15:28,127 [grpc-default-executor-18] INFO  impl.RaftServerImpl (RaftServerImpl.java:setRole(184)) - eec99a0c-e1b1-4518-bc49-9d1a8c8e04d5@group-83CFD60236D8: changes role from  FOLLOWER to FOLLOWER at term 350 for recognizeCandidate:3989452c-7599-4156-9543-3fe544ced0f3
2019-10-16 22:15:28,127 [grpc-default-executor-24] INFO  impl.RaftServerImpl (RaftServerImpl.java:setRole(184)) - d9e6ea44-93db-446f-8020-a94232284285@group-83CFD60236D8: changes role from  FOLLOWER to FOLLOWER at term 350 for recognizeCandidate:3989452c-7599-4156-9543-3fe544ced0f3
2019-10-16 22:15:28,127 [grpc-default-executor-24] INFO  impl.RoleInfo (RoleInfo.java:shutdownFollowerState(121)) - d9e6ea44-93db-446f-8020-a94232284285: shutdown FollowerState
2019-10-16 22:15:28,127 [grpc-default-executor-18] INFO  impl.RoleInfo (RoleInfo.java:shutdownFollowerState(121)) - eec99a0c-e1b1-4518-bc49-9d1a8c8e04d5: shutdown FollowerState
2019-10-16 22:15:28,128 [Thread-3069] INFO  impl.FollowerState (FollowerState.java:run(117)) - d9e6ea44-93db-446f-8020-a94232284285@group-83CFD60236D8-FollowerState was interrupted: java.lang.InterruptedException: sleep interrupted
2019-10-16 22:15:28,128 [Thread-3070] INFO  impl.FollowerState (FollowerState.java:run(117)) - eec99a0c-e1b1-4518-bc49-9d1a8c8e04d5@group-83CFD60236D8-FollowerState was interrupted: java.lang.InterruptedException: sleep interrupted
2019-10-16 22:15:28,127 [grpc-default-executor-24] INFO  impl.RoleInfo (RoleInfo.java:updateAndGet(143)) - d9e6ea44-93db-446f-8020-a94232284285: start FollowerState
2019-10-16 22:15:28,128 [grpc-default-executor-18] INFO  impl.RoleInfo (RoleInfo.java:updateAndGet(143)) - eec99a0c-e1b1-4518-bc49-9d1a8c8e04d5: start FollowerState
2019-10-16 22:15:28,144 [3989452c-7599-4156-9543-3fe544ced0f3@group-83CFD60236D8-LeaderElection329] INFO  impl.LeaderElection (LeaderElection.java:logAndReturn(56)) - 3989452c-7599-4156-9543-3fe544ced0f3@group-83CFD60236D8-LeaderElection329: Election REJECTED; received 2 response(s) [3989452c-7599-4156-9543-3fe544ced0f3<-eec99a0c-e1b1-4518-bc49-9d1a8c8e04d5#0:FAIL-t350, 3989452c-7599-4156-9543-3fe544ced0f3<-d9e6ea44-93db-446f-8020-a94232284285#0:FAIL-t350] and 0 exception(s); 3989452c-7599-4156-9543-3fe544ced0f3@group-83CFD60236D8:t350, leader=null, voted=3989452c-7599-4156-9543-3fe544ced0f3, raftlog=3989452c-7599-4156-9543-3fe544ced0f3@group-83CFD60236D8-SegmentedRaftLog:OPENED:c-1,f-1,i0, conf=-1: [3989452c-7599-4156-9543-3fe544ced0f3:192.168.157.254:36320, eec99a0c-e1b1-4518-bc49-9d1a8c8e04d5:192.168.157.254:45598, d9e6ea44-93db-446f-8020-a94232284285:192.168.157.254:41671], old=null
2019-10-16 22:15:28,144 [3989452c-7599-4156-9543-3fe544ced0f3@group-83CFD60236D8-LeaderElection329] INFO  impl.RaftServerImpl (RaftServerImpl.java:setRole(184)) - 3989452c-7599-4156-9543-3fe544ced0f3@group-83CFD60236D8: changes role from CANDIDATE to FOLLOWER at term 350 for DISCOVERED_A_NEW_TERM
2019-10-16 22:15:28,144 [3989452c-7599-4156-9543-3fe544ced0f3@group-83CFD60236D8-LeaderElection329] INFO  impl.RoleInfo (RoleInfo.java:shutdownLeaderElection(134)) - 3989452c-7599-4156-9543-3fe544ced0f3: shutdown LeaderElection
2019-10-16 22:15:28,144 [3989452c-7599-4156-9543-3fe544ced0f3@group-83CFD60236D8-LeaderElection329] INFO  impl.RoleInfo (RoleInfo.java:updateAndGet(143)) - 3989452c-7599-4156-9543-3fe544ced0f3: start FollowerState
2019-10-16 22:15:28,210 [Thread-3077] INFO  impl.FollowerState (FollowerState.java:run(108)) - 3989452c-7599-4156-9543-3fe544ced0f3@group-83CFD60236D8-FollowerState: change to CANDIDATE, lastRpcTime:65ms, electionTimeout:65ms
2019-10-16 22:15:28,210 [Thread-3077] INFO  impl.RoleInfo (RoleInfo.java:shutdownFollowerState(121)) - 3989452c-7599-4156-9543-3fe544ced0f3: shutdown FollowerState
2019-10-16 22:15:28,210 [Thread-3077] INFO  impl.RaftServerImpl (RaftServerImpl.java:setRole(184)) - 3989452c-7599-4156-9543-3fe544ced0f3@group-83CFD60236D8: changes role from  FOLLOWER to CANDIDATE at term 350 for changeToCandidate
2019-10-16 22:15:28,210 [Thread-3077] INFO  impl.RoleInfo (RoleInfo.java:updateAndGet(143)) - 3989452c-7599-4156-9543-3fe544ced0f3: start LeaderElection
2019-10-16 22:15:28,223 [3989452c-7599-4156-9543-3fe544ced0f3@group-83CFD60236D8-LeaderElection330] INFO  impl.LeaderElection (LeaderElection.java:askForVotes(178)) - 3989452c-7599-4156-9543-3fe544ced0f3@group-83CFD60236D8-LeaderElection330: begin an election at term 351 for -1: [3989452c-7599-4156-9543-3fe544ced0f3:192.168.157.254:36320, eec99a0c-e1b1-4518-bc49-9d1a8c8e04d5:192.168.157.254:45598, d9e6ea44-93db-446f-8020-a94232284285:192.168.157.254:41671], old=null
2019-10-16 22:15:28,225 [grpc-default-executor-24] INFO  impl.RaftServerImpl (RaftServerImpl.java:setRole(184)) - eec99a0c-e1b1-4518-bc49-9d1a8c8e04d5@group-83CFD60236D8: changes role from  FOLLOWER to FOLLOWER at term 351 for recognizeCandidate:3989452c-7599-4156-9543-3fe544ced0f3
2019-10-16 22:15:28,226 [grpc-default-executor-24] INFO  impl.RoleInfo (RoleInfo.java:shutdownFollowerState(121)) - eec99a0c-e1b1-4518-bc49-9d1a8c8e04d5: shutdown FollowerState
2019-10-16 22:15:28,226 [grpc-default-executor-18] INFO  impl.RaftServerImpl (RaftServerImpl.java:setRole(184)) - d9e6ea44-93db-446f-8020-a94232284285@group-83CFD60236D8: changes role from  FOLLOWER to FOLLOWER at term 351 for recognizeCandidate:3989452c-7599-4156-9543-3fe544ced0f3
2019-10-16 22:15:28,226 [Thread-3076] INFO  impl.FollowerState (FollowerState.java:run(117)) - eec99a0c-e1b1-4518-bc49-9d1a8c8e04d5@group-83CFD60236D8-FollowerState was interrupted: java.lang.InterruptedException: sleep interrupted
2019-10-16 22:15:28,226 [grpc-default-executor-24] INFO  impl.RoleInfo (RoleInfo.java:updateAndGet(143)) - eec99a0c-e1b1-4518-bc49-9d1a8c8e04d5: start FollowerState
2019-10-16 22:15:28,226 [grpc-default-executor-18] INFO  impl.RoleInfo (RoleInfo.java:shutdownFollowerState(121)) - d9e6ea44-93db-446f-8020-a94232284285: shutdown FollowerState
2019-10-16 22:15:28,226 [grpc-default-executor-18] INFO  impl.RoleInfo (RoleInfo.java:updateAndGet(143)) - d9e6ea44-93db-446f-8020-a94232284285: start FollowerState
2019-10-16 22:15:28,226 [Thread-3075] INFO  impl.FollowerState (FollowerState.java:run(117)) - d9e6ea44-93db-446f-8020-a94232284285@group-83CFD60236D8-FollowerState was interrupted: java.lang.InterruptedException: sleep interrupted
2019-10-16 22:15:28,242 [3989452c-7599-4156-9543-3fe544ced0f3@group-83CFD60236D8-LeaderElection330] INFO  impl.LeaderElection (LeaderElection.java:logAndReturn(56)) - 3989452c-7599-4156-9543-3fe544ced0f3@group-83CFD60236D8-LeaderElection330: Election REJECTED; received 2 response(s) [3989452c-7599-4156-9543-3fe544ced0f3<-eec99a0c-e1b1-4518-bc49-9d1a8c8e04d5#0:FAIL-t351, 3989452c-7599-4156-9543-3fe544ced0f3<-d9e6ea44-93db-446f-8020-a94232284285#0:FAIL-t351] and 0 exception(s); 3989452c-7599-4156-9543-3fe544ced0f3@group-83CFD60236D8:t351, leader=null, voted=3989452c-7599-4156-9543-3fe544ced0f3, raftlog=3989452c-7599-4156-9543-3fe544ced0f3@group-83CFD60236D8-SegmentedRaftLog:OPENED:c-1,f-1,i0, conf=-1: [3989452c-7599-4156-9543-3fe544ced0f3:192.168.157.254:36320, eec99a0c-e1b1-4518-bc49-9d1a8c8e04d5:192.168.157.254:45598, d9e6ea44-93db-446f-8020-a94232284285:192.168.157.254:41671], old=null
2019-10-16 22:15:28,243 [3989452c-7599-4156-9543-3fe544ced0f3@group-83CFD60236D8-LeaderElection330] INFO  impl.RaftServerImpl (RaftServerImpl.java:setRole(184)) - 3989452c-7599-4156-9543-3fe544ced0f3@group-83CFD60236D8: changes role from CANDIDATE to FOLLOWER at term 351 for DISCOVERED_A_NEW_TERM
2019-10-16 22:15:28,243 [3989452c-7599-4156-9543-3fe544ced0f3@group-83CFD60236D8-LeaderElection330] INFO  impl.RoleInfo (RoleInfo.java:shutdownLeaderElection(134)) - 3989452c-7599-4156-9543-3fe544ced0f3: shutdown LeaderElection
2019-10-16 22:15:28,243 [3989452c-7599-4156-9543-3fe544ced0f3@group-83CFD60236D8-LeaderElection330] INFO  impl.RoleInfo (RoleInfo.java:updateAndGet(143)) - 3989452c-7599-4156-9543-3fe544ced0f3: start FollowerState
2019-10-16 22:15:28,307 [Thread-3083] INFO  impl.FollowerState (FollowerState.java:run(108)) - 3989452c-7599-4156-9543-3fe544ced0f3@group-83CFD60236D8-FollowerState: change to CANDIDATE, lastRpcTime:64ms, electionTimeout:64ms
2019-10-16 22:15:28,307 [Thread-3083] INFO  impl.RoleInfo (RoleInfo.java:shutdownFollowerState(121)) - 3989452c-7599-4156-9543-3fe544ced0f3: shutdown FollowerState
2019-10-16 22:15:28,307 [Thread-3083] INFO  impl.RaftServerImpl (RaftServerImpl.java:setRole(184)) - 3989452c-7599-4156-9543-3fe544ced0f3@group-83CFD60236D8: changes role from  FOLLOWER to CANDIDATE at term 351 for changeToCandidate
2019-10-16 22:15:28,307 [Thread-3083] INFO  impl.RoleInfo (RoleInfo.java:updateAndGet(143)) - 3989452c-7599-4156-9543-3fe544ced0f3: start LeaderElection
2019-10-16 22:15:28,333 [3989452c-7599-4156-9543-3fe544ced0f3@group-83CFD60236D8-LeaderElection331] INFO  impl.LeaderElection (LeaderElection.java:askForVotes(178)) - 3989452c-7599-4156-9543-3fe544ced0f3@group-83CFD60236D8-LeaderElection331: begin an election at term 352 for -1: [3989452c-7599-4156-9543-3fe544ced0f3:192.168.157.254:36320, eec99a0c-e1b1-4518-bc49-9d1a8c8e04d5:192.168.157.254:45598, d9e6ea44-93db-446f-8020-a94232284285:192.168.157.254:41671], old=null
2019-10-16 22:15:28,335 [grpc-default-executor-18] INFO  impl.RaftServerImpl (RaftServerImpl.java:setRole(184)) - eec99a0c-e1b1-4518-bc49-9d1a8c8e04d5@group-83CFD60236D8: changes role from  FOLLOWER to FOLLOWER at term 352 for recognizeCandidate:3989452c-7599-4156-9543-3fe544ced0f3
2019-10-16 22:15:28,335 [grpc-default-executor-24] INFO  impl.RaftServerImpl (RaftServerImpl.java:setRole(184)) - d9e6ea44-93db-446f-8020-a94232284285@group-83CFD60236D8: changes role from  FOLLOWER to FOLLOWER at term 352 for recognizeCandidate:3989452c-7599-4156-9543-3fe544ced0f3
2019-10-16 22:15:28,335 [grpc-default-executor-24] INFO  impl.RoleInfo (RoleInfo.java:shutdownFollowerState(121)) - d9e6ea44-93db-446f-8020-a94232284285: shutdown FollowerState
2019-10-16 22:15:28,335 [grpc-default-executor-18] INFO  impl.RoleInfo (RoleInfo.java:shutdownFollowerState(121)) - eec99a0c-e1b1-4518-bc49-9d1a8c8e04d5: shutdown FollowerState
2019-10-16 22:15:28,336 [Thread-3082] INFO  impl.FollowerState (FollowerState.java:run(117)) - d9e6ea44-93db-446f-8020-a94232284285@group-83CFD60236D8-FollowerState was interrupted: java.lang.InterruptedException: sleep interrupted
2019-10-16 22:15:28,335 [grpc-default-executor-24] INFO  impl.RoleInfo (RoleInfo.java:updateAndGet(143)) - d9e6ea44-93db-446f-8020-a94232284285: start FollowerState
2019-10-16 22:15:28,336 [grpc-default-executor-18] INFO  impl.RoleInfo (RoleInfo.java:updateAndGet(143)) - eec99a0c-e1b1-4518-bc49-9d1a8c8e04d5: start FollowerState
2019-10-16 22:15:28,336 [Thread-3081] INFO  impl.FollowerState (FollowerState.java:run(117)) - eec99a0c-e1b1-4518-bc49-9d1a8c8e04d5@group-83CFD60236D8-FollowerState was interrupted: java.lang.InterruptedException: sleep interrupted
2019-10-16 22:15:28,362 [3989452c-7599-4156-9543-3fe544ced0f3@group-83CFD60236D8-LeaderElection331] INFO  impl.LeaderElection (LeaderElection.java:logAndReturn(56)) - 3989452c-7599-4156-9543-3fe544ced0f3@group-83CFD60236D8-LeaderElection331: Election REJECTED; received 2 response(s) [3989452c-7599-4156-9543-3fe544ced0f3<-eec99a0c-e1b1-4518-bc49-9d1a8c8e04d5#0:FAIL-t352, 3989452c-7599-4156-9543-3fe544ced0f3<-d9e6ea44-93db-446f-8020-a94232284285#0:FAIL-t352] and 0 exception(s); 3989452c-7599-4156-9543-3fe544ced0f3@group-83CFD60236D8:t352, leader=null, voted=3989452c-7599-4156-9543-3fe544ced0f3, raftlog=3989452c-7599-4156-9543-3fe544ced0f3@group-83CFD60236D8-SegmentedRaftLog:OPENED:c-1,f-1,i0, conf=-1: [3989452c-7599-4156-9543-3fe544ced0f3:192.168.157.254:36320, eec99a0c-e1b1-4518-bc49-9d1a8c8e04d5:192.168.157.254:45598, d9e6ea44-93db-446f-8020-a94232284285:192.168.157.254:41671], old=null
2019-10-16 22:15:28,362 [3989452c-7599-4156-9543-3fe544ced0f3@group-83CFD60236D8-LeaderElection331] INFO  impl.RaftServerImpl (RaftServerImpl.java:setRole(184)) - 3989452c-7599-4156-9543-3fe544ced0f3@group-83CFD60236D8: changes role from CANDIDATE to FOLLOWER at term 352 for DISCOVERED_A_NEW_TERM
2019-10-16 22:15:28,362 [3989452c-7599-4156-9543-3fe544ced0f3@group-83CFD60236D8-LeaderElection331] INFO  impl.RoleInfo (RoleInfo.java:shutdownLeaderElection(134)) - 3989452c-7599-4156-9543-3fe544ced0f3: shutdown LeaderElection
2019-10-16 22:15:28,362 [3989452c-7599-4156-9543-3fe544ced0f3@group-83CFD60236D8-LeaderElection331] INFO  impl.RoleInfo (RoleInfo.java:updateAndGet(143)) - 3989452c-7599-4156-9543-3fe544ced0f3: start FollowerState
2019-10-16 22:15:28,551 [Thread-3089] INFO  impl.FollowerState (FollowerState.java:run(108)) - 3989452c-7599-4156-9543-3fe544ced0f3@group-83CFD60236D8-FollowerState: change to CANDIDATE, lastRpcTime:188ms, electionTimeout:188ms
2019-10-16 22:15:28,551 [Thread-3089] INFO  impl.RoleInfo (RoleInfo.java:shutdownFollowerState(121)) - 3989452c-7599-4156-9543-3fe544ced0f3: shutdown FollowerState
2019-10-16 22:15:28,551 [Thread-3089] INFO  impl.RaftServerImpl (RaftServerImpl.java:setRole(184)) - 3989452c-7599-4156-9543-3fe544ced0f3@group-83CFD60236D8: changes role from  FOLLOWER to CANDIDATE at term 352 for changeToCandidate
2019-10-16 22:15:28,551 [Thread-3089] INFO  impl.RoleInfo (RoleInfo.java:updateAndGet(143)) - 3989452c-7599-4156-9543-3fe544ced0f3: start LeaderElection
2019-10-16 22:15:28,565 [3989452c-7599-4156-9543-3fe544ced0f3@group-83CFD60236D8-LeaderElection332] INFO  impl.LeaderElection (LeaderElection.java:askForVotes(178)) - 3989452c-7599-4156-9543-3fe544ced0f3@group-83CFD60236D8-LeaderElection332: begin an election at term 353 for -1: [3989452c-7599-4156-9543-3fe544ced0f3:192.168.157.254:36320, eec99a0c-e1b1-4518-bc49-9d1a8c8e04d5:192.168.157.254:45598, d9e6ea44-93db-446f-8020-a94232284285:192.168.157.254:41671], old=null
2019-10-16 22:15:28,568 [grpc-default-executor-24] INFO  impl.RaftServerImpl (RaftServerImpl.java:setRole(184)) - d9e6ea44-93db-446f-8020-a94232284285@group-83CFD60236D8: changes role from  FOLLOWER to FOLLOWER at term 353 for recognizeCandidate:3989452c-7599-4156-9543-3fe544ced0f3
2019-10-16 22:15:28,568 [grpc-default-executor-18] INFO  impl.RaftServerImpl (RaftServerImpl.java:setRole(184)) - eec99a0c-e1b1-4518-bc49-9d1a8c8e04d5@group-83CFD60236D8: changes role from  FOLLOWER to FOLLOWER at term 353 for recognizeCandidate:3989452c-7599-4156-9543-3fe544ced0f3
2019-10-16 22:15:28,568 [grpc-default-executor-24] INFO  impl.RoleInfo (RoleInfo.java:shutdownFollowerState(121)) - d9e6ea44-93db-446f-8020-a94232284285: shutdown FollowerState
2019-10-16 22:15:28,568 [grpc-default-executor-18] INFO  impl.RoleInfo (RoleInfo.java:shutdownFollowerState(121)) - eec99a0c-e1b1-4518-bc49-9d1a8c8e04d5: shutdown FollowerState
2019-10-16 22:15:28,568 [Thread-3087] INFO  impl.FollowerState (FollowerState.java:run(117)) - d9e6ea44-93db-446f-8020-a94232284285@group-83CFD60236D8-FollowerState was interrupted: java.lang.InterruptedException: sleep interrupted
2019-10-16 22:15:28,568 [Thread-3088] INFO  impl.FollowerState (FollowerState.java:run(117)) - eec99a0c-e1b1-4518-bc49-9d1a8c8e04d5@group-83CFD60236D8-FollowerState was interrupted: java.lang.InterruptedException: sleep interrupted
2019-10-16 22:15:28,568 [grpc-default-executor-24] INFO  impl.RoleInfo (RoleInfo.java:updateAndGet(143)) - d9e6ea44-93db-446f-8020-a94232284285: start FollowerState
2019-10-16 22:15:28,568 [grpc-default-executor-18] INFO  impl.RoleInfo (RoleInfo.java:updateAndGet(143)) - eec99a0c-e1b1-4518-bc49-9d1a8c8e04d5: start FollowerState
2019-10-16 22:15:28,595 [3989452c-7599-4156-9543-3fe544ced0f3@group-83CFD60236D8-LeaderElection332] INFO  impl.LeaderElection (LeaderElection.java:logAndReturn(56)) - 3989452c-7599-4156-9543-3fe544ced0f3@group-83CFD60236D8-LeaderElection332: Election REJECTED; received 2 response(s) [3989452c-7599-4156-9543-3fe544ced0f3<-eec99a0c-e1b1-4518-bc49-9d1a8c8e04d5#0:FAIL-t353, 3989452c-7599-4156-9543-3fe544ced0f3<-d9e6ea44-93db-446f-8020-a94232284285#0:FAIL-t353] and 0 exception(s); 3989452c-7599-4156-9543-3fe544ced0f3@group-83CFD60236D8:t353, leader=null, voted=3989452c-7599-4156-9543-3fe544ced0f3, raftlog=3989452c-7599-4156-9543-3fe544ced0f3@group-83CFD60236D8-SegmentedRaftLog:OPENED:c-1,f-1,i0, conf=-1: [3989452c-7599-4156-9543-3fe544ced0f3:192.168.157.254:36320, eec99a0c-e1b1-4518-bc49-9d1a8c8e04d5:192.168.157.254:45598, d9e6ea44-93db-446f-8020-a94232284285:192.168.157.254:41671], old=null
2019-10-16 22:15:28,595 [3989452c-7599-4156-9543-3fe544ced0f3@group-83CFD60236D8-LeaderElection332] INFO  impl.RaftServerImpl (RaftServerImpl.java:setRole(184)) - 3989452c-7599-4156-9543-3fe544ced0f3@group-83CFD60236D8: changes role from CANDIDATE to FOLLOWER at term 353 for DISCOVERED_A_NEW_TERM
2019-10-16 22:15:28,596 [3989452c-7599-4156-9543-3fe544ced0f3@group-83CFD60236D8-LeaderElection332] INFO  impl.RoleInfo (RoleInfo.java:shutdownLeaderElection(134)) - 3989452c-7599-4156-9543-3fe544ced0f3: shutdown LeaderElection
2019-10-16 22:15:28,596 [3989452c-7599-4156-9543-3fe544ced0f3@group-83CFD60236D8-LeaderElection332] INFO  impl.RoleInfo (RoleInfo.java:updateAndGet(143)) - 3989452c-7599-4156-9543-3fe544ced0f3: start FollowerState
2019-10-16 22:15:28,738 [Thread-3095] INFO  impl.FollowerState (FollowerState.java:run(108)) - 3989452c-7599-4156-9543-3fe544ced0f3@group-83CFD60236D8-FollowerState: change to CANDIDATE, lastRpcTime:142ms, electionTimeout:142ms
2019-10-16 22:15:28,738 [Thread-3095] INFO  impl.RoleInfo (RoleInfo.java:shutdownFollowerState(121)) - 3989452c-7599-4156-9543-3fe544ced0f3: shutdown FollowerState
2019-10-16 22:15:28,738 [Thread-3095] INFO  impl.RaftServerImpl (RaftServerImpl.java:setRole(184)) - 3989452c-7599-4156-9543-3fe544ced0f3@group-83CFD60236D8: changes role from  FOLLOWER to CANDIDATE at term 353 for changeToCandidate
2019-10-16 22:15:28,739 [Thread-3095] INFO  impl.RoleInfo (RoleInfo.java:updateAndGet(143)) - 3989452c-7599-4156-9543-3fe544ced0f3: start LeaderElection
2019-10-16 22:15:28,764 [3989452c-7599-4156-9543-3fe544ced0f3@group-83CFD60236D8-LeaderElection333] INFO  impl.LeaderElection (LeaderElection.java:askForVotes(178)) - 3989452c-7599-4156-9543-3fe544ced0f3@group-83CFD60236D8-LeaderElection333: begin an election at term 354 for -1: [3989452c-7599-4156-9543-3fe544ced0f3:192.168.157.254:36320, eec99a0c-e1b1-4518-bc49-9d1a8c8e04d5:192.168.157.254:45598, d9e6ea44-93db-446f-8020-a94232284285:192.168.157.254:41671], old=null
2019-10-16 22:15:28,767 [grpc-default-executor-24] INFO  impl.RaftServerImpl (RaftServerImpl.java:setRole(184)) - d9e6ea44-93db-446f-8020-a94232284285@group-83CFD60236D8: changes role from  FOLLOWER to FOLLOWER at term 354 for recognizeCandidate:3989452c-7599-4156-9543-3fe544ced0f3
2019-10-16 22:15:28,767 [grpc-default-executor-18] INFO  impl.RaftServerImpl (RaftServerImpl.java:setRole(184)) - eec99a0c-e1b1-4518-bc49-9d1a8c8e04d5@group-83CFD60236D8: changes role from  FOLLOWER to FOLLOWER at term 354 for recognizeCandidate:3989452c-7599-4156-9543-3fe544ced0f3
2019-10-16 22:15:28,767 [grpc-default-executor-24] INFO  impl.RoleInfo (RoleInfo.java:shutdownFollowerState(121)) - d9e6ea44-93db-446f-8020-a94232284285: shutdown FollowerState
2019-10-16 22:15:28,767 [grpc-default-executor-18] INFO  impl.RoleInfo (RoleInfo.java:shutdownFollowerState(121)) - eec99a0c-e1b1-4518-bc49-9d1a8c8e04d5: shutdown FollowerState
2019-10-16 22:15:28,767 [Thread-3093] INFO  impl.FollowerState (FollowerState.java:run(117)) - d9e6ea44-93db-446f-8020-a94232284285@group-83CFD60236D8-FollowerState was interrupted: java.lang.InterruptedException: sleep interrupted
2019-10-16 22:15:28,767 [grpc-default-executor-24] INFO  impl.RoleInfo (RoleInfo.java:updateAndGet(143)) - d9e6ea44-93db-446f-8020-a94232284285: start FollowerState
2019-10-16 22:15:28,767 [Thread-3094] INFO  impl.FollowerState (FollowerState.java:run(117)) - eec99a0c-e1b1-4518-bc49-9d1a8c8e04d5@group-83CFD60236D8-FollowerState was interrupted: java.lang.InterruptedException: sleep interrupted
2019-10-16 22:15:28,767 [grpc-default-executor-18] INFO  impl.RoleInfo (RoleInfo.java:updateAndGet(143)) - eec99a0c-e1b1-4518-bc49-9d1a8c8e04d5: start FollowerState
2019-10-16 22:15:28,781 [3989452c-7599-4156-9543-3fe544ced0f3@group-83CFD60236D8-LeaderElection333] INFO  impl.LeaderElection (LeaderElection.java:logAndReturn(56)) - 3989452c-7599-4156-9543-3fe544ced0f3@group-83CFD60236D8-LeaderElection333: Election REJECTED; received 2 response(s) [3989452c-7599-4156-9543-3fe544ced0f3<-eec99a0c-e1b1-4518-bc49-9d1a8c8e04d5#0:FAIL-t354, 3989452c-7599-4156-9543-3fe544ced0f3<-d9e6ea44-93db-446f-8020-a94232284285#0:FAIL-t354] and 0 exception(s); 3989452c-7599-4156-9543-3fe544ced0f3@group-83CFD60236D8:t354, leader=null, voted=3989452c-7599-4156-9543-3fe544ced0f3, raftlog=3989452c-7599-4156-9543-3fe544ced0f3@group-83CFD60236D8-SegmentedRaftLog:OPENED:c-1,f-1,i0, conf=-1: [3989452c-7599-4156-9543-3fe544ced0f3:192.168.157.254:36320, eec99a0c-e1b1-4518-bc49-9d1a8c8e04d5:192.168.157.254:45598, d9e6ea44-93db-446f-8020-a94232284285:192.168.157.254:41671], old=null
2019-10-16 22:15:28,781 [3989452c-7599-4156-9543-3fe544ced0f3@group-83CFD60236D8-LeaderElection333] INFO  impl.RaftServerImpl (RaftServerImpl.java:setRole(184)) - 3989452c-7599-4156-9543-3fe544ced0f3@group-83CFD60236D8: changes role from CANDIDATE to FOLLOWER at term 354 for DISCOVERED_A_NEW_TERM
2019-10-16 22:15:28,781 [3989452c-7599-4156-9543-3fe544ced0f3@group-83CFD60236D8-LeaderElection333] INFO  impl.RoleInfo (RoleInfo.java:shutdownLeaderElection(134)) - 3989452c-7599-4156-9543-3fe544ced0f3: shutdown LeaderElection
2019-10-16 22:15:28,781 [3989452c-7599-4156-9543-3fe544ced0f3@group-83CFD60236D8-LeaderElection333] INFO  impl.RoleInfo (RoleInfo.java:updateAndGet(143)) - 3989452c-7599-4156-9543-3fe544ced0f3: start FollowerState
2019-10-16 22:15:28,889 [pool-73-thread-3] WARN  io.KeyOutputStream (KeyOutputStream.java:handleException(274)) - Encountered exception java.io.IOException: Unexpected Storage Container Exception: java.util.concurrent.CompletionException: java.util.concurrent.CompletionException: org.apache.ratis.protocol.GroupMismatchException: eec99a0c-e1b1-4518-bc49-9d1a8c8e04d5: group-D519DFB9FC4F not found. on the pipeline Pipeline[ Id: f14e0e85-29c3-4607-9712-d519dfb9fc4f, Nodes: 3989452c-7599-4156-9543-3fe544ced0f3{ip: 192.168.157.254, host: pr-hdds-1868-qdb9g-714931517, networkLocation: /default-rack, certSerialId: null}eec99a0c-e1b1-4518-bc49-9d1a8c8e04d5{ip: 192.168.157.254, host: pr-hdds-1868-qdb9g-714931517, networkLocation: /default-rack, certSerialId: null}d9e6ea44-93db-446f-8020-a94232284285{ip: 192.168.157.254, host: pr-hdds-1868-qdb9g-714931517, networkLocation: /default-rack, certSerialId: null}, Type:RATIS, Factor:THREE, State:OPEN]. The last committed block length is 0, uncommitted data length is 2097152 retry count 5
2019-10-16 22:15:28,909 [IPC Server handler 19 on 33518] WARN  block.BlockManagerImpl (BlockManagerImpl.java:allocateBlock(200)) - Pipeline creation failed for type:RATIS factor:THREE. Retrying get pipelines call once.
org.apache.hadoop.hdds.scm.pipeline.InsufficientDatanodesException: Cannot create pipeline of factor 3 using 2 nodes.
	at org.apache.hadoop.hdds.scm.pipeline.RatisPipelineProvider.create(RatisPipelineProvider.java:153)
	at org.apache.hadoop.hdds.scm.pipeline.PipelineFactory.create(PipelineFactory.java:58)
	at org.apache.hadoop.hdds.scm.pipeline.SCMPipelineManager.createPipeline(SCMPipelineManager.java:155)
	at org.apache.hadoop.hdds.scm.block.BlockManagerImpl.allocateBlock(BlockManagerImpl.java:198)
	at org.apache.hadoop.hdds.scm.server.SCMBlockProtocolServer.allocateBlock(SCMBlockProtocolServer.java:182)
	at org.apache.hadoop.hdds.scm.protocol.ScmBlockLocationProtocolServerSideTranslatorPB.allocateScmBlock(ScmBlockLocationProtocolServerSideTranslatorPB.java:159)
	at org.apache.hadoop.hdds.scm.protocol.ScmBlockLocationProtocolServerSideTranslatorPB.processMessage(ScmBlockLocationProtocolServerSideTranslatorPB.java:117)
	at org.apache.hadoop.hdds.server.OzoneProtocolMessageDispatcher.processRequest(OzoneProtocolMessageDispatcher.java:72)
	at org.apache.hadoop.hdds.scm.protocol.ScmBlockLocationProtocolServerSideTranslatorPB.send(ScmBlockLocationProtocolServerSideTranslatorPB.java:98)
	at org.apache.hadoop.hdds.protocol.proto.ScmBlockLocationProtocolProtos$ScmBlockLocationProtocolService$2.callBlockingMethod(ScmBlockLocationProtocolProtos.java:13157)
	at org.apache.hadoop.ipc.ProtobufRpcEngine$Server$ProtoBufRpcInvoker.call(ProtobufRpcEngine.java:524)
	at org.apache.hadoop.ipc.RPC$Server.call(RPC.java:1025)
	at org.apache.hadoop.ipc.Server$RpcCall.run(Server.java:876)
	at org.apache.hadoop.ipc.Server$RpcCall.run(Server.java:822)
	at java.security.AccessController.doPrivileged(Native Method)
	at javax.security.auth.Subject.doAs(Subject.java:422)
	at org.apache.hadoop.security.UserGroupInformation.doAs(UserGroupInformation.java:1730)
	at org.apache.hadoop.ipc.Server$Handler.run(Server.java:2682)
2019-10-16 22:15:28,910 [IPC Server handler 19 on 33518] INFO  block.BlockManagerImpl (BlockManagerImpl.java:allocateBlock(212)) - Could not find available pipeline of type:RATIS and factor:THREE even after retrying
2019-10-16 22:15:28,910 [IPC Server handler 19 on 33518] ERROR block.BlockManagerImpl (BlockManagerImpl.java:allocateBlock(236)) - Unable to allocate a block for the size: 4194304, type: RATIS, factor: THREE
2019-10-16 22:15:28,915 [pool-73-thread-3] ERROR io.BlockOutputStreamEntryPool (BlockOutputStreamEntryPool.java:allocateBlockIfNeeded(309)) - Try to allocate more blocks for write failed, already allocated 0 blocks for this write.
INTERNAL_ERROR org.apache.hadoop.ozone.om.exceptions.OMException: Allocated 0 blocks. Requested 1 blocks
	at org.apache.hadoop.ozone.om.protocolPB.OzoneManagerProtocolClientSideTranslatorPB.handleError(OzoneManagerProtocolClientSideTranslatorPB.java:732)
	at org.apache.hadoop.ozone.om.protocolPB.OzoneManagerProtocolClientSideTranslatorPB.allocateBlock(OzoneManagerProtocolClientSideTranslatorPB.java:764)
	at sun.reflect.NativeMethodAccessorImpl.invoke0(Native Method)
	at sun.reflect.NativeMethodAccessorImpl.invoke(NativeMethodAccessorImpl.java:62)
	at sun.reflect.DelegatingMethodAccessorImpl.invoke(DelegatingMethodAccessorImpl.java:43)
	at java.lang.reflect.Method.invoke(Method.java:498)
	at org.apache.hadoop.hdds.tracing.TraceAllMethod.invoke(TraceAllMethod.java:66)
	at com.sun.proxy.$Proxy37.allocateBlock(Unknown Source)
	at org.apache.hadoop.ozone.client.io.BlockOutputStreamEntryPool.allocateNewBlock(BlockOutputStreamEntryPool.java:258)
	at org.apache.hadoop.ozone.client.io.BlockOutputStreamEntryPool.allocateBlockIfNeeded(BlockOutputStreamEntryPool.java:306)
	at org.apache.hadoop.ozone.client.io.KeyOutputStream.handleWrite(KeyOutputStream.java:198)
	at org.apache.hadoop.ozone.client.io.KeyOutputStream.handleRetry(KeyOutputStream.java:375)
	at org.apache.hadoop.ozone.client.io.KeyOutputStream.handleException(KeyOutputStream.java:324)
	at org.apache.hadoop.ozone.client.io.KeyOutputStream.handleWrite(KeyOutputStream.java:228)
	at org.apache.hadoop.ozone.client.io.KeyOutputStream.handleRetry(KeyOutputStream.java:375)
	at org.apache.hadoop.ozone.client.io.KeyOutputStream.handleException(KeyOutputStream.java:324)
	at org.apache.hadoop.ozone.client.io.KeyOutputStream.handleWrite(KeyOutputStream.java:228)
	at org.apache.hadoop.ozone.client.io.KeyOutputStream.handleRetry(KeyOutputStream.java:375)
	at org.apache.hadoop.ozone.client.io.KeyOutputStream.handleException(KeyOutputStream.java:324)
	at org.apache.hadoop.ozone.client.io.KeyOutputStream.handleWrite(KeyOutputStream.java:228)
	at org.apache.hadoop.ozone.client.io.KeyOutputStream.handleRetry(KeyOutputStream.java:375)
	at org.apache.hadoop.ozone.client.io.KeyOutputStream.handleException(KeyOutputStream.java:324)
	at org.apache.hadoop.ozone.client.io.KeyOutputStream.handleWrite(KeyOutputStream.java:228)
	at org.apache.hadoop.ozone.client.io.KeyOutputStream.handleRetry(KeyOutputStream.java:375)
	at org.apache.hadoop.ozone.client.io.KeyOutputStream.handleException(KeyOutputStream.java:324)
	at org.apache.hadoop.ozone.client.io.KeyOutputStream.handleWrite(KeyOutputStream.java:228)
	at org.apache.hadoop.ozone.client.io.KeyOutputStream.handleRetry(KeyOutputStream.java:375)
	at org.apache.hadoop.ozone.client.io.KeyOutputStream.handleException(KeyOutputStream.java:324)
	at org.apache.hadoop.ozone.client.io.KeyOutputStream.handleWrite(KeyOutputStream.java:228)
	at org.apache.hadoop.ozone.client.io.KeyOutputStream.write(KeyOutputStream.java:190)
	at org.apache.hadoop.ozone.client.io.OzoneOutputStream.write(OzoneOutputStream.java:49)
	at org.apache.hadoop.ozone.freon.RandomKeyGenerator.createKey(RandomKeyGenerator.java:708)
	at org.apache.hadoop.ozone.freon.RandomKeyGenerator.access$1100(RandomKeyGenerator.java:88)
	at org.apache.hadoop.ozone.freon.RandomKeyGenerator$ObjectCreator.run(RandomKeyGenerator.java:615)
	at java.util.concurrent.Executors$RunnableAdapter.call(Executors.java:511)
	at java.util.concurrent.FutureTask.run(FutureTask.java:266)
	at java.util.concurrent.ThreadPoolExecutor.runWorker(ThreadPoolExecutor.java:1149)
	at java.util.concurrent.ThreadPoolExecutor$Worker.run(ThreadPoolExecutor.java:624)
	at java.lang.Thread.run(Thread.java:748)
2019-10-16 22:15:28,916 [pool-73-thread-3] ERROR freon.RandomKeyGenerator (RandomKeyGenerator.java:createKey(733)) - Exception while adding key: key-0-63164 in bucket: bucket-0-25443 of volume: vol-0-12601.
INTERNAL_ERROR org.apache.hadoop.ozone.om.exceptions.OMException: Allocated 0 blocks. Requested 1 blocks
	at org.apache.hadoop.ozone.om.protocolPB.OzoneManagerProtocolClientSideTranslatorPB.handleError(OzoneManagerProtocolClientSideTranslatorPB.java:732)
	at org.apache.hadoop.ozone.om.protocolPB.OzoneManagerProtocolClientSideTranslatorPB.allocateBlock(OzoneManagerProtocolClientSideTranslatorPB.java:764)
	at sun.reflect.NativeMethodAccessorImpl.invoke0(Native Method)
	at sun.reflect.NativeMethodAccessorImpl.invoke(NativeMethodAccessorImpl.java:62)
	at sun.reflect.DelegatingMethodAccessorImpl.invoke(DelegatingMethodAccessorImpl.java:43)
	at java.lang.reflect.Method.invoke(Method.java:498)
	at org.apache.hadoop.hdds.tracing.TraceAllMethod.invoke(TraceAllMethod.java:66)
	at com.sun.proxy.$Proxy37.allocateBlock(Unknown Source)
	at org.apache.hadoop.ozone.client.io.BlockOutputStreamEntryPool.allocateNewBlock(BlockOutputStreamEntryPool.java:258)
	at org.apache.hadoop.ozone.client.io.BlockOutputStreamEntryPool.allocateBlockIfNeeded(BlockOutputStreamEntryPool.java:306)
	at org.apache.hadoop.ozone.client.io.KeyOutputStream.handleWrite(KeyOutputStream.java:198)
	at org.apache.hadoop.ozone.client.io.KeyOutputStream.handleRetry(KeyOutputStream.java:375)
	at org.apache.hadoop.ozone.client.io.KeyOutputStream.handleException(KeyOutputStream.java:324)
	at org.apache.hadoop.ozone.client.io.KeyOutputStream.handleWrite(KeyOutputStream.java:228)
	at org.apache.hadoop.ozone.client.io.KeyOutputStream.handleRetry(KeyOutputStream.java:375)
	at org.apache.hadoop.ozone.client.io.KeyOutputStream.handleException(KeyOutputStream.java:324)
	at org.apache.hadoop.ozone.client.io.KeyOutputStream.handleWrite(KeyOutputStream.java:228)
	at org.apache.hadoop.ozone.client.io.KeyOutputStream.handleRetry(KeyOutputStream.java:375)
	at org.apache.hadoop.ozone.client.io.KeyOutputStream.handleException(KeyOutputStream.java:324)
	at org.apache.hadoop.ozone.client.io.KeyOutputStream.handleWrite(KeyOutputStream.java:228)
	at org.apache.hadoop.ozone.client.io.KeyOutputStream.handleRetry(KeyOutputStream.java:375)
	at org.apache.hadoop.ozone.client.io.KeyOutputStream.handleException(KeyOutputStream.java:324)
	at org.apache.hadoop.ozone.client.io.KeyOutputStream.handleWrite(KeyOutputStream.java:228)
	at org.apache.hadoop.ozone.client.io.KeyOutputStream.handleRetry(KeyOutputStream.java:375)
	at org.apache.hadoop.ozone.client.io.KeyOutputStream.handleException(KeyOutputStream.java:324)
	at org.apache.hadoop.ozone.client.io.KeyOutputStream.handleWrite(KeyOutputStream.java:228)
	at org.apache.hadoop.ozone.client.io.KeyOutputStream.handleRetry(KeyOutputStream.java:375)
	at org.apache.hadoop.ozone.client.io.KeyOutputStream.handleException(KeyOutputStream.java:324)
	at org.apache.hadoop.ozone.client.io.KeyOutputStream.handleWrite(KeyOutputStream.java:228)
	at org.apache.hadoop.ozone.client.io.KeyOutputStream.write(KeyOutputStream.java:190)
	at org.apache.hadoop.ozone.client.io.OzoneOutputStream.write(OzoneOutputStream.java:49)
	at org.apache.hadoop.ozone.freon.RandomKeyGenerator.createKey(RandomKeyGenerator.java:708)
	at org.apache.hadoop.ozone.freon.RandomKeyGenerator.access$1100(RandomKeyGenerator.java:88)
	at org.apache.hadoop.ozone.freon.RandomKeyGenerator$ObjectCreator.run(RandomKeyGenerator.java:615)
	at java.util.concurrent.Executors$RunnableAdapter.call(Executors.java:511)
	at java.util.concurrent.FutureTask.run(FutureTask.java:266)
	at java.util.concurrent.ThreadPoolExecutor.runWorker(ThreadPoolExecutor.java:1149)
	at java.util.concurrent.ThreadPoolExecutor$Worker.run(ThreadPoolExecutor.java:624)
	at java.lang.Thread.run(Thread.java:748)
2019-10-16 22:15:28,927 [Thread-3101] INFO  impl.FollowerState (FollowerState.java:run(108)) - 3989452c-7599-4156-9543-3fe544ced0f3@group-83CFD60236D8-FollowerState: change to CANDIDATE, lastRpcTime:145ms, electionTimeout:145ms
2019-10-16 22:15:28,927 [Thread-3101] INFO  impl.RoleInfo (RoleInfo.java:shutdownFollowerState(121)) - 3989452c-7599-4156-9543-3fe544ced0f3: shutdown FollowerState
2019-10-16 22:15:28,927 [Thread-3101] INFO  impl.RaftServerImpl (RaftServerImpl.java:setRole(184)) - 3989452c-7599-4156-9543-3fe544ced0f3@group-83CFD60236D8: changes role from  FOLLOWER to CANDIDATE at term 354 for changeToCandidate
2019-10-16 22:15:28,927 [Thread-3101] INFO  impl.RoleInfo (RoleInfo.java:updateAndGet(143)) - 3989452c-7599-4156-9543-3fe544ced0f3: start LeaderElection
2019-10-16 22:15:28,940 [3989452c-7599-4156-9543-3fe544ced0f3@group-83CFD60236D8-LeaderElection334] INFO  impl.LeaderElection (LeaderElection.java:askForVotes(178)) - 3989452c-7599-4156-9543-3fe544ced0f3@group-83CFD60236D8-LeaderElection334: begin an election at term 355 for -1: [3989452c-7599-4156-9543-3fe544ced0f3:192.168.157.254:36320, eec99a0c-e1b1-4518-bc49-9d1a8c8e04d5:192.168.157.254:45598, d9e6ea44-93db-446f-8020-a94232284285:192.168.157.254:41671], old=null
2019-10-16 22:15:28,941 [grpc-default-executor-24] INFO  impl.RaftServerImpl (RaftServerImpl.java:setRole(184)) - eec99a0c-e1b1-4518-bc49-9d1a8c8e04d5@group-83CFD60236D8: changes role from  FOLLOWER to FOLLOWER at term 355 for recognizeCandidate:3989452c-7599-4156-9543-3fe544ced0f3
2019-10-16 22:15:28,941 [grpc-default-executor-18] INFO  impl.RaftServerImpl (RaftServerImpl.java:setRole(184)) - d9e6ea44-93db-446f-8020-a94232284285@group-83CFD60236D8: changes role from  FOLLOWER to FOLLOWER at term 355 for recognizeCandidate:3989452c-7599-4156-9543-3fe544ced0f3
2019-10-16 22:15:28,942 [grpc-default-executor-18] INFO  impl.RoleInfo (RoleInfo.java:shutdownFollowerState(121)) - d9e6ea44-93db-446f-8020-a94232284285: shutdown FollowerState
2019-10-16 22:15:28,942 [grpc-default-executor-24] INFO  impl.RoleInfo (RoleInfo.java:shutdownFollowerState(121)) - eec99a0c-e1b1-4518-bc49-9d1a8c8e04d5: shutdown FollowerState
2019-10-16 22:15:28,942 [Thread-3099] INFO  impl.FollowerState (FollowerState.java:run(117)) - d9e6ea44-93db-446f-8020-a94232284285@group-83CFD60236D8-FollowerState was interrupted: java.lang.InterruptedException: sleep interrupted
2019-10-16 22:15:28,942 [Thread-3100] INFO  impl.FollowerState (FollowerState.java:run(117)) - eec99a0c-e1b1-4518-bc49-9d1a8c8e04d5@group-83CFD60236D8-FollowerState was interrupted: java.lang.InterruptedException: sleep interrupted
2019-10-16 22:15:28,942 [grpc-default-executor-18] INFO  impl.RoleInfo (RoleInfo.java:updateAndGet(143)) - d9e6ea44-93db-446f-8020-a94232284285: start FollowerState
2019-10-16 22:15:28,942 [grpc-default-executor-24] INFO  impl.RoleInfo (RoleInfo.java:updateAndGet(143)) - eec99a0c-e1b1-4518-bc49-9d1a8c8e04d5: start FollowerState
2019-10-16 22:15:28,968 [3989452c-7599-4156-9543-3fe544ced0f3@group-83CFD60236D8-LeaderElection334] INFO  impl.LeaderElection (LeaderElection.java:logAndReturn(56)) - 3989452c-7599-4156-9543-3fe544ced0f3@group-83CFD60236D8-LeaderElection334: Election REJECTED; received 2 response(s) [3989452c-7599-4156-9543-3fe544ced0f3<-eec99a0c-e1b1-4518-bc49-9d1a8c8e04d5#0:FAIL-t355, 3989452c-7599-4156-9543-3fe544ced0f3<-d9e6ea44-93db-446f-8020-a94232284285#0:FAIL-t355] and 0 exception(s); 3989452c-7599-4156-9543-3fe544ced0f3@group-83CFD60236D8:t355, leader=null, voted=3989452c-7599-4156-9543-3fe544ced0f3, raftlog=3989452c-7599-4156-9543-3fe544ced0f3@group-83CFD60236D8-SegmentedRaftLog:OPENED:c-1,f-1,i0, conf=-1: [3989452c-7599-4156-9543-3fe544ced0f3:192.168.157.254:36320, eec99a0c-e1b1-4518-bc49-9d1a8c8e04d5:192.168.157.254:45598, d9e6ea44-93db-446f-8020-a94232284285:192.168.157.254:41671], old=null
2019-10-16 22:15:28,968 [3989452c-7599-4156-9543-3fe544ced0f3@group-83CFD60236D8-LeaderElection334] INFO  impl.RaftServerImpl (RaftServerImpl.java:setRole(184)) - 3989452c-7599-4156-9543-3fe544ced0f3@group-83CFD60236D8: changes role from CANDIDATE to FOLLOWER at term 355 for DISCOVERED_A_NEW_TERM
2019-10-16 22:15:28,968 [3989452c-7599-4156-9543-3fe544ced0f3@group-83CFD60236D8-LeaderElection334] INFO  impl.RoleInfo (RoleInfo.java:shutdownLeaderElection(134)) - 3989452c-7599-4156-9543-3fe544ced0f3: shutdown LeaderElection
2019-10-16 22:15:28,968 [3989452c-7599-4156-9543-3fe544ced0f3@group-83CFD60236D8-LeaderElection334] INFO  impl.RoleInfo (RoleInfo.java:updateAndGet(143)) - 3989452c-7599-4156-9543-3fe544ced0f3: start FollowerState
2019-10-16 22:15:29,038 [Thread-3110] INFO  impl.FollowerState (FollowerState.java:run(108)) - 3989452c-7599-4156-9543-3fe544ced0f3@group-83CFD60236D8-FollowerState: change to CANDIDATE, lastRpcTime:69ms, electionTimeout:69ms
2019-10-16 22:15:29,038 [Thread-3110] INFO  impl.RoleInfo (RoleInfo.java:shutdownFollowerState(121)) - 3989452c-7599-4156-9543-3fe544ced0f3: shutdown FollowerState
2019-10-16 22:15:29,038 [Thread-3110] INFO  impl.RaftServerImpl (RaftServerImpl.java:setRole(184)) - 3989452c-7599-4156-9543-3fe544ced0f3@group-83CFD60236D8: changes role from  FOLLOWER to CANDIDATE at term 355 for changeToCandidate
2019-10-16 22:15:29,038 [Thread-3110] INFO  impl.RoleInfo (RoleInfo.java:updateAndGet(143)) - 3989452c-7599-4156-9543-3fe544ced0f3: start LeaderElection
 0.00% |?                                                                                                    |  0/1 Time: 0:06:452019-10-16 22:15:29,051 [3989452c-7599-4156-9543-3fe544ced0f3@group-83CFD60236D8-LeaderElection335] INFO  impl.LeaderElection (LeaderElection.java:askForVotes(178)) - 3989452c-7599-4156-9543-3fe544ced0f3@group-83CFD60236D8-LeaderElection335: begin an election at term 356 for -1: [3989452c-7599-4156-9543-3fe544ced0f3:192.168.157.254:36320, eec99a0c-e1b1-4518-bc49-9d1a8c8e04d5:192.168.157.254:45598, d9e6ea44-93db-446f-8020-a94232284285:192.168.157.254:41671], old=null
2019-10-16 22:15:29,054 [grpc-default-executor-24] INFO  impl.RaftServerImpl (RaftServerImpl.java:setRole(184)) - d9e6ea44-93db-446f-8020-a94232284285@group-83CFD60236D8: changes role from  FOLLOWER to FOLLOWER at term 356 for recognizeCandidate:3989452c-7599-4156-9543-3fe544ced0f3
2019-10-16 22:15:29,054 [grpc-default-executor-24] INFO  impl.RoleInfo (RoleInfo.java:shutdownFollowerState(121)) - d9e6ea44-93db-446f-8020-a94232284285: shutdown FollowerState
2019-10-16 22:15:29,054 [grpc-default-executor-18] INFO  impl.RaftServerImpl (RaftServerImpl.java:setRole(184)) - eec99a0c-e1b1-4518-bc49-9d1a8c8e04d5@group-83CFD60236D8: changes role from  FOLLOWER to FOLLOWER at term 356 for recognizeCandidate:3989452c-7599-4156-9543-3fe544ced0f3
2019-10-16 22:15:29,054 [Thread-3108] INFO  impl.FollowerState (FollowerState.java:run(117)) - d9e6ea44-93db-446f-8020-a94232284285@group-83CFD60236D8-FollowerState was interrupted: java.lang.InterruptedException: sleep interrupted
2019-10-16 22:15:29,054 [grpc-default-executor-24] INFO  impl.RoleInfo (RoleInfo.java:updateAndGet(143)) - d9e6ea44-93db-446f-8020-a94232284285: start FollowerState
2019-10-16 22:15:29,054 [grpc-default-executor-18] INFO  impl.RoleInfo (RoleInfo.java:shutdownFollowerState(121)) - eec99a0c-e1b1-4518-bc49-9d1a8c8e04d5: shutdown FollowerState
2019-10-16 22:15:29,054 [grpc-default-executor-18] INFO  impl.RoleInfo (RoleInfo.java:updateAndGet(143)) - eec99a0c-e1b1-4518-bc49-9d1a8c8e04d5: start FollowerState
2019-10-16 22:15:29,054 [Thread-3109] INFO  impl.FollowerState (FollowerState.java:run(117)) - eec99a0c-e1b1-4518-bc49-9d1a8c8e04d5@group-83CFD60236D8-FollowerState was interrupted: java.lang.InterruptedException: sleep interrupted
2019-10-16 22:15:29,073 [3989452c-7599-4156-9543-3fe544ced0f3@group-83CFD60236D8-LeaderElection335] INFO  impl.LeaderElection (LeaderElection.java:logAndReturn(56)) - 3989452c-7599-4156-9543-3fe544ced0f3@group-83CFD60236D8-LeaderElection335: Election REJECTED; received 2 response(s) [3989452c-7599-4156-9543-3fe544ced0f3<-eec99a0c-e1b1-4518-bc49-9d1a8c8e04d5#0:FAIL-t356, 3989452c-7599-4156-9543-3fe544ced0f3<-d9e6ea44-93db-446f-8020-a94232284285#0:FAIL-t356] and 0 exception(s); 3989452c-7599-4156-9543-3fe544ced0f3@group-83CFD60236D8:t356, leader=null, voted=3989452c-7599-4156-9543-3fe544ced0f3, raftlog=3989452c-7599-4156-9543-3fe544ced0f3@group-83CFD60236D8-SegmentedRaftLog:OPENED:c-1,f-1,i0, conf=-1: [3989452c-7599-4156-9543-3fe544ced0f3:192.168.157.254:36320, eec99a0c-e1b1-4518-bc49-9d1a8c8e04d5:192.168.157.254:45598, d9e6ea44-93db-446f-8020-a94232284285:192.168.157.254:41671], old=null
2019-10-16 22:15:29,073 [3989452c-7599-4156-9543-3fe544ced0f3@group-83CFD60236D8-LeaderElection335] INFO  impl.RaftServerImpl (RaftServerImpl.java:setRole(184)) - 3989452c-7599-4156-9543-3fe544ced0f3@group-83CFD60236D8: changes role from CANDIDATE to FOLLOWER at term 356 for DISCOVERED_A_NEW_TERM
2019-10-16 22:15:29,073 [3989452c-7599-4156-9543-3fe544ced0f3@group-83CFD60236D8-LeaderElection335] INFO  impl.RoleInfo (RoleInfo.java:shutdownLeaderElection(134)) - 3989452c-7599-4156-9543-3fe544ced0f3: shutdown LeaderElection
2019-10-16 22:15:29,074 [3989452c-7599-4156-9543-3fe544ced0f3@group-83CFD60236D8-LeaderElection335] INFO  impl.RoleInfo (RoleInfo.java:updateAndGet(143)) - 3989452c-7599-4156-9543-3fe544ced0f3: start FollowerState
2019-10-16 22:15:29,121 [Thread-3116] INFO  impl.FollowerState (FollowerState.java:run(108)) - 3989452c-7599-4156-9543-3fe544ced0f3@group-83CFD60236D8-FollowerState: change to CANDIDATE, lastRpcTime:47ms, electionTimeout:47ms
2019-10-16 22:15:29,121 [Thread-3116] INFO  impl.RoleInfo (RoleInfo.java:shutdownFollowerState(121)) - 3989452c-7599-4156-9543-3fe544ced0f3: shutdown FollowerState
2019-10-16 22:15:29,121 [Thread-3116] INFO  impl.RaftServerImpl (RaftServerImpl.java:setRole(184)) - 3989452c-7599-4156-9543-3fe544ced0f3@group-83CFD60236D8: changes role from  FOLLOWER to CANDIDATE at term 356 for changeToCandidate
2019-10-16 22:15:29,121 [Thread-3116] INFO  impl.RoleInfo (RoleInfo.java:updateAndGet(143)) - 3989452c-7599-4156-9543-3fe544ced0f3: start LeaderElection
2019-10-16 22:15:29,141 [3989452c-7599-4156-9543-3fe544ced0f3@group-83CFD60236D8-LeaderElection336] INFO  impl.LeaderElection (LeaderElection.java:askForVotes(178)) - 3989452c-7599-4156-9543-3fe544ced0f3@group-83CFD60236D8-LeaderElection336: begin an election at term 357 for -1: [3989452c-7599-4156-9543-3fe544ced0f3:192.168.157.254:36320, eec99a0c-e1b1-4518-bc49-9d1a8c8e04d5:192.168.157.254:45598, d9e6ea44-93db-446f-8020-a94232284285:192.168.157.254:41671], old=null
2019-10-16 22:15:29,143 [grpc-default-executor-24] INFO  impl.RaftServerImpl (RaftServerImpl.java:setRole(184)) - eec99a0c-e1b1-4518-bc49-9d1a8c8e04d5@group-83CFD60236D8: changes role from  FOLLOWER to FOLLOWER at term 357 for recognizeCandidate:3989452c-7599-4156-9543-3fe544ced0f3
2019-10-16 22:15:29,143 [grpc-default-executor-18] INFO  impl.RaftServerImpl (RaftServerImpl.java:setRole(184)) - d9e6ea44-93db-446f-8020-a94232284285@group-83CFD60236D8: changes role from  FOLLOWER to FOLLOWER at term 357 for recognizeCandidate:3989452c-7599-4156-9543-3fe544ced0f3
2019-10-16 22:15:29,143 [grpc-default-executor-24] INFO  impl.RoleInfo (RoleInfo.java:shutdownFollowerState(121)) - eec99a0c-e1b1-4518-bc49-9d1a8c8e04d5: shutdown FollowerState
2019-10-16 22:15:29,143 [grpc-default-executor-18] INFO  impl.RoleInfo (RoleInfo.java:shutdownFollowerState(121)) - d9e6ea44-93db-446f-8020-a94232284285: shutdown FollowerState
2019-10-16 22:15:29,143 [Thread-3115] INFO  impl.FollowerState (FollowerState.java:run(117)) - eec99a0c-e1b1-4518-bc49-9d1a8c8e04d5@group-83CFD60236D8-FollowerState was interrupted: java.lang.InterruptedException: sleep interrupted
2019-10-16 22:15:29,143 [grpc-default-executor-24] INFO  impl.RoleInfo (RoleInfo.java:updateAndGet(143)) - eec99a0c-e1b1-4518-bc49-9d1a8c8e04d5: start FollowerState
2019-10-16 22:15:29,143 [Thread-3114] INFO  impl.FollowerState (FollowerState.java:run(117)) - d9e6ea44-93db-446f-8020-a94232284285@group-83CFD60236D8-FollowerState was interrupted: java.lang.InterruptedException: sleep interrupted
2019-10-16 22:15:29,143 [grpc-default-executor-18] INFO  impl.RoleInfo (RoleInfo.java:updateAndGet(143)) - d9e6ea44-93db-446f-8020-a94232284285: start FollowerState
2019-10-16 22:15:29,167 [3989452c-7599-4156-9543-3fe544ced0f3@group-83CFD60236D8-LeaderElection336] INFO  impl.LeaderElection (LeaderElection.java:logAndReturn(56)) - 3989452c-7599-4156-9543-3fe544ced0f3@group-83CFD60236D8-LeaderElection336: Election REJECTED; received 2 response(s) [3989452c-7599-4156-9543-3fe544ced0f3<-eec99a0c-e1b1-4518-bc49-9d1a8c8e04d5#0:FAIL-t357, 3989452c-7599-4156-9543-3fe544ced0f3<-d9e6ea44-93db-446f-8020-a94232284285#0:FAIL-t357] and 0 exception(s); 3989452c-7599-4156-9543-3fe544ced0f3@group-83CFD60236D8:t357, leader=null, voted=3989452c-7599-4156-9543-3fe544ced0f3, raftlog=3989452c-7599-4156-9543-3fe544ced0f3@group-83CFD60236D8-SegmentedRaftLog:OPENED:c-1,f-1,i0, conf=-1: [3989452c-7599-4156-9543-3fe544ced0f3:192.168.157.254:36320, eec99a0c-e1b1-4518-bc49-9d1a8c8e04d5:192.168.157.254:45598, d9e6ea44-93db-446f-8020-a94232284285:192.168.157.254:41671], old=null
2019-10-16 22:15:29,168 [3989452c-7599-4156-9543-3fe544ced0f3@group-83CFD60236D8-LeaderElection336] INFO  impl.RaftServerImpl (RaftServerImpl.java:setRole(184)) - 3989452c-7599-4156-9543-3fe544ced0f3@group-83CFD60236D8: changes role from CANDIDATE to FOLLOWER at term 357 for DISCOVERED_A_NEW_TERM
2019-10-16 22:15:29,168 [3989452c-7599-4156-9543-3fe544ced0f3@group-83CFD60236D8-LeaderElection336] INFO  impl.RoleInfo (RoleInfo.java:shutdownLeaderElection(134)) - 3989452c-7599-4156-9543-3fe544ced0f3: shutdown LeaderElection
2019-10-16 22:15:29,168 [3989452c-7599-4156-9543-3fe544ced0f3@group-83CFD60236D8-LeaderElection336] INFO  impl.RoleInfo (RoleInfo.java:updateAndGet(143)) - 3989452c-7599-4156-9543-3fe544ced0f3: start FollowerState
2019-10-16 22:15:29,183 [Thread-3122] INFO  impl.FollowerState (FollowerState.java:run(108)) - 3989452c-7599-4156-9543-3fe544ced0f3@group-83CFD60236D8-FollowerState: change to CANDIDATE, lastRpcTime:15ms, electionTimeout:15ms
2019-10-16 22:15:29,183 [Thread-3122] INFO  impl.RoleInfo (RoleInfo.java:shutdownFollowerState(121)) - 3989452c-7599-4156-9543-3fe544ced0f3: shutdown FollowerState
2019-10-16 22:15:29,184 [Thread-3122] INFO  impl.RaftServerImpl (RaftServerImpl.java:setRole(184)) - 3989452c-7599-4156-9543-3fe544ced0f3@group-83CFD60236D8: changes role from  FOLLOWER to CANDIDATE at term 357 for changeToCandidate
2019-10-16 22:15:29,184 [Thread-3122] INFO  impl.RoleInfo (RoleInfo.java:updateAndGet(143)) - 3989452c-7599-4156-9543-3fe544ced0f3: start LeaderElection
2019-10-16 22:15:29,196 [3989452c-7599-4156-9543-3fe544ced0f3@group-83CFD60236D8-LeaderElection337] INFO  impl.LeaderElection (LeaderElection.java:askForVotes(178)) - 3989452c-7599-4156-9543-3fe544ced0f3@group-83CFD60236D8-LeaderElection337: begin an election at term 358 for -1: [3989452c-7599-4156-9543-3fe544ced0f3:192.168.157.254:36320, eec99a0c-e1b1-4518-bc49-9d1a8c8e04d5:192.168.157.254:45598, d9e6ea44-93db-446f-8020-a94232284285:192.168.157.254:41671], old=null
2019-10-16 22:15:29,197 [grpc-default-executor-24] INFO  impl.RaftServerImpl (RaftServerImpl.java:setRole(184)) - eec99a0c-e1b1-4518-bc49-9d1a8c8e04d5@group-83CFD60236D8: changes role from  FOLLOWER to FOLLOWER at term 358 for recognizeCandidate:3989452c-7599-4156-9543-3fe544ced0f3
2019-10-16 22:15:29,197 [grpc-default-executor-18] INFO  impl.RaftServerImpl (RaftServerImpl.java:setRole(184)) - d9e6ea44-93db-446f-8020-a94232284285@group-83CFD60236D8: changes role from  FOLLOWER to FOLLOWER at term 358 for recognizeCandidate:3989452c-7599-4156-9543-3fe544ced0f3
2019-10-16 22:15:29,198 [grpc-default-executor-24] INFO  impl.RoleInfo (RoleInfo.java:shutdownFollowerState(121)) - eec99a0c-e1b1-4518-bc49-9d1a8c8e04d5: shutdown FollowerState
2019-10-16 22:15:29,198 [grpc-default-executor-24] INFO  impl.RoleInfo (RoleInfo.java:updateAndGet(143)) - eec99a0c-e1b1-4518-bc49-9d1a8c8e04d5: start FollowerState
2019-10-16 22:15:29,198 [Thread-3120] INFO  impl.FollowerState (FollowerState.java:run(117)) - eec99a0c-e1b1-4518-bc49-9d1a8c8e04d5@group-83CFD60236D8-FollowerState was interrupted: java.lang.InterruptedException: sleep interrupted
2019-10-16 22:15:29,198 [grpc-default-executor-18] INFO  impl.RoleInfo (RoleInfo.java:shutdownFollowerState(121)) - d9e6ea44-93db-446f-8020-a94232284285: shutdown FollowerState
2019-10-16 22:15:29,199 [grpc-default-executor-18] INFO  impl.RoleInfo (RoleInfo.java:updateAndGet(143)) - d9e6ea44-93db-446f-8020-a94232284285: start FollowerState
2019-10-16 22:15:29,199 [Thread-3121] INFO  impl.FollowerState (FollowerState.java:run(117)) - d9e6ea44-93db-446f-8020-a94232284285@group-83CFD60236D8-FollowerState was interrupted: java.lang.InterruptedException: sleep interrupted
2019-10-16 22:15:29,202 [3989452c-7599-4156-9543-3fe544ced0f3@group-83CFD60236D8-LeaderElection337] INFO  impl.LeaderElection (LeaderElection.java:logAndReturn(56)) - 3989452c-7599-4156-9543-3fe544ced0f3@group-83CFD60236D8-LeaderElection337: Election REJECTED; received 2 response(s) [3989452c-7599-4156-9543-3fe544ced0f3<-eec99a0c-e1b1-4518-bc49-9d1a8c8e04d5#0:FAIL-t358, 3989452c-7599-4156-9543-3fe544ced0f3<-d9e6ea44-93db-446f-8020-a94232284285#0:FAIL-t358] and 0 exception(s); 3989452c-7599-4156-9543-3fe544ced0f3@group-83CFD60236D8:t358, leader=null, voted=3989452c-7599-4156-9543-3fe544ced0f3, raftlog=3989452c-7599-4156-9543-3fe544ced0f3@group-83CFD60236D8-SegmentedRaftLog:OPENED:c-1,f-1,i0, conf=-1: [3989452c-7599-4156-9543-3fe544ced0f3:192.168.157.254:36320, eec99a0c-e1b1-4518-bc49-9d1a8c8e04d5:192.168.157.254:45598, d9e6ea44-93db-446f-8020-a94232284285:192.168.157.254:41671], old=null
2019-10-16 22:15:29,202 [3989452c-7599-4156-9543-3fe544ced0f3@group-83CFD60236D8-LeaderElection337] INFO  impl.RaftServerImpl (RaftServerImpl.java:setRole(184)) - 3989452c-7599-4156-9543-3fe544ced0f3@group-83CFD60236D8: changes role from CANDIDATE to FOLLOWER at term 358 for DISCOVERED_A_NEW_TERM
2019-10-16 22:15:29,202 [3989452c-7599-4156-9543-3fe544ced0f3@group-83CFD60236D8-LeaderElection337] INFO  impl.RoleInfo (RoleInfo.java:shutdownLeaderElection(134)) - 3989452c-7599-4156-9543-3fe544ced0f3: shutdown LeaderElection
2019-10-16 22:15:29,203 [3989452c-7599-4156-9543-3fe544ced0f3@group-83CFD60236D8-LeaderElection337] INFO  impl.RoleInfo (RoleInfo.java:updateAndGet(143)) - 3989452c-7599-4156-9543-3fe544ced0f3: start FollowerState
2019-10-16 22:15:29,357 [Thread-3128] INFO  impl.FollowerState (FollowerState.java:run(108)) - 3989452c-7599-4156-9543-3fe544ced0f3@group-83CFD60236D8-FollowerState: change to CANDIDATE, lastRpcTime:154ms, electionTimeout:154ms
2019-10-16 22:15:29,357 [Thread-3128] INFO  impl.RoleInfo (RoleInfo.java:shutdownFollowerState(121)) - 3989452c-7599-4156-9543-3fe544ced0f3: shutdown FollowerState
2019-10-16 22:15:29,357 [Thread-3128] INFO  impl.RaftServerImpl (RaftServerImpl.java:setRole(184)) - 3989452c-7599-4156-9543-3fe544ced0f3@group-83CFD60236D8: changes role from  FOLLOWER to CANDIDATE at term 358 for changeToCandidate
2019-10-16 22:15:29,357 [Thread-3128] INFO  impl.RoleInfo (RoleInfo.java:updateAndGet(143)) - 3989452c-7599-4156-9543-3fe544ced0f3: start LeaderElection
2019-10-16 22:15:29,371 [3989452c-7599-4156-9543-3fe544ced0f3@group-83CFD60236D8-LeaderElection338] INFO  impl.LeaderElection (LeaderElection.java:askForVotes(178)) - 3989452c-7599-4156-9543-3fe544ced0f3@group-83CFD60236D8-LeaderElection338: begin an election at term 359 for -1: [3989452c-7599-4156-9543-3fe544ced0f3:192.168.157.254:36320, eec99a0c-e1b1-4518-bc49-9d1a8c8e04d5:192.168.157.254:45598, d9e6ea44-93db-446f-8020-a94232284285:192.168.157.254:41671], old=null
2019-10-16 22:15:29,373 [grpc-default-executor-18] INFO  impl.RaftServerImpl (RaftServerImpl.java:setRole(184)) - d9e6ea44-93db-446f-8020-a94232284285@group-83CFD60236D8: changes role from  FOLLOWER to FOLLOWER at term 359 for recognizeCandidate:3989452c-7599-4156-9543-3fe544ced0f3
2019-10-16 22:15:29,373 [grpc-default-executor-24] INFO  impl.RaftServerImpl (RaftServerImpl.java:setRole(184)) - eec99a0c-e1b1-4518-bc49-9d1a8c8e04d5@group-83CFD60236D8: changes role from  FOLLOWER to FOLLOWER at term 359 for recognizeCandidate:3989452c-7599-4156-9543-3fe544ced0f3
2019-10-16 22:15:29,373 [grpc-default-executor-18] INFO  impl.RoleInfo (RoleInfo.java:shutdownFollowerState(121)) - d9e6ea44-93db-446f-8020-a94232284285: shutdown FollowerState
2019-10-16 22:15:29,373 [grpc-default-executor-24] INFO  impl.RoleInfo (RoleInfo.java:shutdownFollowerState(121)) - eec99a0c-e1b1-4518-bc49-9d1a8c8e04d5: shutdown FollowerState
2019-10-16 22:15:29,374 [Thread-3127] INFO  impl.FollowerState (FollowerState.java:run(117)) - d9e6ea44-93db-446f-8020-a94232284285@group-83CFD60236D8-FollowerState was interrupted: java.lang.InterruptedException: sleep interrupted
2019-10-16 22:15:29,374 [grpc-default-executor-18] INFO  impl.RoleInfo (RoleInfo.java:updateAndGet(143)) - d9e6ea44-93db-446f-8020-a94232284285: start FollowerState
2019-10-16 22:15:29,374 [Thread-3126] INFO  impl.FollowerState (FollowerState.java:run(117)) - eec99a0c-e1b1-4518-bc49-9d1a8c8e04d5@group-83CFD60236D8-FollowerState was interrupted: java.lang.InterruptedException: sleep interrupted
2019-10-16 22:15:29,374 [grpc-default-executor-24] INFO  impl.RoleInfo (RoleInfo.java:updateAndGet(143)) - eec99a0c-e1b1-4518-bc49-9d1a8c8e04d5: start FollowerState
2019-10-16 22:15:29,389 [3989452c-7599-4156-9543-3fe544ced0f3@group-83CFD60236D8-LeaderElection338] INFO  impl.LeaderElection (LeaderElection.java:logAndReturn(56)) - 3989452c-7599-4156-9543-3fe544ced0f3@group-83CFD60236D8-LeaderElection338: Election REJECTED; received 2 response(s) [3989452c-7599-4156-9543-3fe544ced0f3<-eec99a0c-e1b1-4518-bc49-9d1a8c8e04d5#0:FAIL-t359, 3989452c-7599-4156-9543-3fe544ced0f3<-d9e6ea44-93db-446f-8020-a94232284285#0:FAIL-t359] and 0 exception(s); 3989452c-7599-4156-9543-3fe544ced0f3@group-83CFD60236D8:t359, leader=null, voted=3989452c-7599-4156-9543-3fe544ced0f3, raftlog=3989452c-7599-4156-9543-3fe544ced0f3@group-83CFD60236D8-SegmentedRaftLog:OPENED:c-1,f-1,i0, conf=-1: [3989452c-7599-4156-9543-3fe544ced0f3:192.168.157.254:36320, eec99a0c-e1b1-4518-bc49-9d1a8c8e04d5:192.168.157.254:45598, d9e6ea44-93db-446f-8020-a94232284285:192.168.157.254:41671], old=null
2019-10-16 22:15:29,390 [3989452c-7599-4156-9543-3fe544ced0f3@group-83CFD60236D8-LeaderElection338] INFO  impl.RaftServerImpl (RaftServerImpl.java:setRole(184)) - 3989452c-7599-4156-9543-3fe544ced0f3@group-83CFD60236D8: changes role from CANDIDATE to FOLLOWER at term 359 for DISCOVERED_A_NEW_TERM
2019-10-16 22:15:29,390 [3989452c-7599-4156-9543-3fe544ced0f3@group-83CFD60236D8-LeaderElection338] INFO  impl.RoleInfo (RoleInfo.java:shutdownLeaderElection(134)) - 3989452c-7599-4156-9543-3fe544ced0f3: shutdown LeaderElection
2019-10-16 22:15:29,390 [3989452c-7599-4156-9543-3fe544ced0f3@group-83CFD60236D8-LeaderElection338] INFO  impl.RoleInfo (RoleInfo.java:updateAndGet(143)) - 3989452c-7599-4156-9543-3fe544ced0f3: start FollowerState
2019-10-16 22:15:29,499 [Thread-3134] INFO  impl.FollowerState (FollowerState.java:run(108)) - 3989452c-7599-4156-9543-3fe544ced0f3@group-83CFD60236D8-FollowerState: change to CANDIDATE, lastRpcTime:109ms, electionTimeout:109ms
2019-10-16 22:15:29,499 [Thread-3134] INFO  impl.RoleInfo (RoleInfo.java:shutdownFollowerState(121)) - 3989452c-7599-4156-9543-3fe544ced0f3: shutdown FollowerState
2019-10-16 22:15:29,500 [Thread-3134] INFO  impl.RaftServerImpl (RaftServerImpl.java:setRole(184)) - 3989452c-7599-4156-9543-3fe544ced0f3@group-83CFD60236D8: changes role from  FOLLOWER to CANDIDATE at term 359 for changeToCandidate
2019-10-16 22:15:29,500 [Thread-3134] INFO  impl.RoleInfo (RoleInfo.java:updateAndGet(143)) - 3989452c-7599-4156-9543-3fe544ced0f3: start LeaderElection
2019-10-16 22:15:29,515 [3989452c-7599-4156-9543-3fe544ced0f3@group-83CFD60236D8-LeaderElection339] INFO  impl.LeaderElection (LeaderElection.java:askForVotes(178)) - 3989452c-7599-4156-9543-3fe544ced0f3@group-83CFD60236D8-LeaderElection339: begin an election at term 360 for -1: [3989452c-7599-4156-9543-3fe544ced0f3:192.168.157.254:36320, eec99a0c-e1b1-4518-bc49-9d1a8c8e04d5:192.168.157.254:45598, d9e6ea44-93db-446f-8020-a94232284285:192.168.157.254:41671], old=null
2019-10-16 22:15:29,518 [grpc-default-executor-24] INFO  impl.RaftServerImpl (RaftServerImpl.java:setRole(184)) - eec99a0c-e1b1-4518-bc49-9d1a8c8e04d5@group-83CFD60236D8: changes role from  FOLLOWER to FOLLOWER at term 360 for recognizeCandidate:3989452c-7599-4156-9543-3fe544ced0f3
2019-10-16 22:15:29,518 [grpc-default-executor-24] INFO  impl.RoleInfo (RoleInfo.java:shutdownFollowerState(121)) - eec99a0c-e1b1-4518-bc49-9d1a8c8e04d5: shutdown FollowerState
2019-10-16 22:15:29,518 [grpc-default-executor-18] INFO  impl.RaftServerImpl (RaftServerImpl.java:setRole(184)) - d9e6ea44-93db-446f-8020-a94232284285@group-83CFD60236D8: changes role from  FOLLOWER to FOLLOWER at term 360 for recognizeCandidate:3989452c-7599-4156-9543-3fe544ced0f3
2019-10-16 22:15:29,518 [Thread-3133] INFO  impl.FollowerState (FollowerState.java:run(117)) - eec99a0c-e1b1-4518-bc49-9d1a8c8e04d5@group-83CFD60236D8-FollowerState was interrupted: java.lang.InterruptedException: sleep interrupted
2019-10-16 22:15:29,518 [grpc-default-executor-24] INFO  impl.RoleInfo (RoleInfo.java:updateAndGet(143)) - eec99a0c-e1b1-4518-bc49-9d1a8c8e04d5: start FollowerState
2019-10-16 22:15:29,518 [grpc-default-executor-18] INFO  impl.RoleInfo (RoleInfo.java:shutdownFollowerState(121)) - d9e6ea44-93db-446f-8020-a94232284285: shutdown FollowerState
2019-10-16 22:15:29,519 [grpc-default-executor-18] INFO  impl.RoleInfo (RoleInfo.java:updateAndGet(143)) - d9e6ea44-93db-446f-8020-a94232284285: start FollowerState
2019-10-16 22:15:29,519 [Thread-3132] INFO  impl.FollowerState (FollowerState.java:run(117)) - d9e6ea44-93db-446f-8020-a94232284285@group-83CFD60236D8-FollowerState was interrupted: java.lang.InterruptedException: sleep interrupted
2019-10-16 22:15:29,541 [3989452c-7599-4156-9543-3fe544ced0f3@group-83CFD60236D8-LeaderElection339] INFO  impl.LeaderElection (LeaderElection.java:logAndReturn(56)) - 3989452c-7599-4156-9543-3fe544ced0f3@group-83CFD60236D8-LeaderElection339: Election REJECTED; received 2 response(s) [3989452c-7599-4156-9543-3fe544ced0f3<-eec99a0c-e1b1-4518-bc49-9d1a8c8e04d5#0:FAIL-t360, 3989452c-7599-4156-9543-3fe544ced0f3<-d9e6ea44-93db-446f-8020-a94232284285#0:FAIL-t360] and 0 exception(s); 3989452c-7599-4156-9543-3fe544ced0f3@group-83CFD60236D8:t360, leader=null, voted=3989452c-7599-4156-9543-3fe544ced0f3, raftlog=3989452c-7599-4156-9543-3fe544ced0f3@group-83CFD60236D8-SegmentedRaftLog:OPENED:c-1,f-1,i0, conf=-1: [3989452c-7599-4156-9543-3fe544ced0f3:192.168.157.254:36320, eec99a0c-e1b1-4518-bc49-9d1a8c8e04d5:192.168.157.254:45598, d9e6ea44-93db-446f-8020-a94232284285:192.168.157.254:41671], old=null
2019-10-16 22:15:29,541 [3989452c-7599-4156-9543-3fe544ced0f3@group-83CFD60236D8-LeaderElection339] INFO  impl.RaftServerImpl (RaftServerImpl.java:setRole(184)) - 3989452c-7599-4156-9543-3fe544ced0f3@group-83CFD60236D8: changes role from CANDIDATE to FOLLOWER at term 360 for DISCOVERED_A_NEW_TERM
2019-10-16 22:15:29,541 [3989452c-7599-4156-9543-3fe544ced0f3@group-83CFD60236D8-LeaderElection339] INFO  impl.RoleInfo (RoleInfo.java:shutdownLeaderElection(134)) - 3989452c-7599-4156-9543-3fe544ced0f3: shutdown LeaderElection
2019-10-16 22:15:29,541 [3989452c-7599-4156-9543-3fe544ced0f3@group-83CFD60236D8-LeaderElection339] INFO  impl.RoleInfo (RoleInfo.java:updateAndGet(143)) - 3989452c-7599-4156-9543-3fe544ced0f3: start FollowerState
2019-10-16 22:15:29,739 [Thread-3140] INFO  impl.FollowerState (FollowerState.java:run(108)) - 3989452c-7599-4156-9543-3fe544ced0f3@group-83CFD60236D8-FollowerState: change to CANDIDATE, lastRpcTime:198ms, electionTimeout:198ms
2019-10-16 22:15:29,740 [Thread-3140] INFO  impl.RoleInfo (RoleInfo.java:shutdownFollowerState(121)) - 3989452c-7599-4156-9543-3fe544ced0f3: shutdown FollowerState
2019-10-16 22:15:29,740 [Thread-3140] INFO  impl.RaftServerImpl (RaftServerImpl.java:setRole(184)) - 3989452c-7599-4156-9543-3fe544ced0f3@group-83CFD60236D8: changes role from  FOLLOWER to CANDIDATE at term 360 for changeToCandidate
2019-10-16 22:15:29,740 [Thread-3140] INFO  impl.RoleInfo (RoleInfo.java:updateAndGet(143)) - 3989452c-7599-4156-9543-3fe544ced0f3: start LeaderElection
2019-10-16 22:15:29,753 [3989452c-7599-4156-9543-3fe544ced0f3@group-83CFD60236D8-LeaderElection340] INFO  impl.LeaderElection (LeaderElection.java:askForVotes(178)) - 3989452c-7599-4156-9543-3fe544ced0f3@group-83CFD60236D8-LeaderElection340: begin an election at term 361 for -1: [3989452c-7599-4156-9543-3fe544ced0f3:192.168.157.254:36320, eec99a0c-e1b1-4518-bc49-9d1a8c8e04d5:192.168.157.254:45598, d9e6ea44-93db-446f-8020-a94232284285:192.168.157.254:41671], old=null
2019-10-16 22:15:29,758 [grpc-default-executor-18] INFO  impl.RaftServerImpl (RaftServerImpl.java:setRole(184)) - d9e6ea44-93db-446f-8020-a94232284285@group-83CFD60236D8: changes role from  FOLLOWER to FOLLOWER at term 361 for recognizeCandidate:3989452c-7599-4156-9543-3fe544ced0f3
2019-10-16 22:15:29,758 [grpc-default-executor-24] INFO  impl.RaftServerImpl (RaftServerImpl.java:setRole(184)) - eec99a0c-e1b1-4518-bc49-9d1a8c8e04d5@group-83CFD60236D8: changes role from  FOLLOWER to FOLLOWER at term 361 for recognizeCandidate:3989452c-7599-4156-9543-3fe544ced0f3
2019-10-16 22:15:29,758 [grpc-default-executor-18] INFO  impl.RoleInfo (RoleInfo.java:shutdownFollowerState(121)) - d9e6ea44-93db-446f-8020-a94232284285: shutdown FollowerState
2019-10-16 22:15:29,758 [grpc-default-executor-24] INFO  impl.RoleInfo (RoleInfo.java:shutdownFollowerState(121)) - eec99a0c-e1b1-4518-bc49-9d1a8c8e04d5: shutdown FollowerState
2019-10-16 22:15:29,758 [grpc-default-executor-18] INFO  impl.RoleInfo (RoleInfo.java:updateAndGet(143)) - d9e6ea44-93db-446f-8020-a94232284285: start FollowerState
2019-10-16 22:15:29,759 [grpc-default-executor-24] INFO  impl.RoleInfo (RoleInfo.java:updateAndGet(143)) - eec99a0c-e1b1-4518-bc49-9d1a8c8e04d5: start FollowerState
2019-10-16 22:15:29,759 [Thread-3139] INFO  impl.FollowerState (FollowerState.java:run(117)) - d9e6ea44-93db-446f-8020-a94232284285@group-83CFD60236D8-FollowerState was interrupted: java.lang.InterruptedException: sleep interrupted
2019-10-16 22:15:29,759 [Thread-3138] INFO  impl.FollowerState (FollowerState.java:run(117)) - eec99a0c-e1b1-4518-bc49-9d1a8c8e04d5@group-83CFD60236D8-FollowerState was interrupted: java.lang.InterruptedException: sleep interrupted
2019-10-16 22:15:29,785 [3989452c-7599-4156-9543-3fe544ced0f3@group-83CFD60236D8-LeaderElection340] INFO  impl.LeaderElection (LeaderElection.java:logAndReturn(56)) - 3989452c-7599-4156-9543-3fe544ced0f3@group-83CFD60236D8-LeaderElection340: Election REJECTED; received 2 response(s) [3989452c-7599-4156-9543-3fe544ced0f3<-eec99a0c-e1b1-4518-bc49-9d1a8c8e04d5#0:FAIL-t361, 3989452c-7599-4156-9543-3fe544ced0f3<-d9e6ea44-93db-446f-8020-a94232284285#0:FAIL-t361] and 0 exception(s); 3989452c-7599-4156-9543-3fe544ced0f3@group-83CFD60236D8:t361, leader=null, voted=3989452c-7599-4156-9543-3fe544ced0f3, raftlog=3989452c-7599-4156-9543-3fe544ced0f3@group-83CFD60236D8-SegmentedRaftLog:OPENED:c-1,f-1,i0, conf=-1: [3989452c-7599-4156-9543-3fe544ced0f3:192.168.157.254:36320, eec99a0c-e1b1-4518-bc49-9d1a8c8e04d5:192.168.157.254:45598, d9e6ea44-93db-446f-8020-a94232284285:192.168.157.254:41671], old=null
2019-10-16 22:15:29,785 [3989452c-7599-4156-9543-3fe544ced0f3@group-83CFD60236D8-LeaderElection340] INFO  impl.RaftServerImpl (RaftServerImpl.java:setRole(184)) - 3989452c-7599-4156-9543-3fe544ced0f3@group-83CFD60236D8: changes role from CANDIDATE to FOLLOWER at term 361 for DISCOVERED_A_NEW_TERM
2019-10-16 22:15:29,785 [3989452c-7599-4156-9543-3fe544ced0f3@group-83CFD60236D8-LeaderElection340] INFO  impl.RoleInfo (RoleInfo.java:shutdownLeaderElection(134)) - 3989452c-7599-4156-9543-3fe544ced0f3: shutdown LeaderElection
2019-10-16 22:15:29,785 [3989452c-7599-4156-9543-3fe544ced0f3@group-83CFD60236D8-LeaderElection340] INFO  impl.RoleInfo (RoleInfo.java:updateAndGet(143)) - 3989452c-7599-4156-9543-3fe544ced0f3: start FollowerState
2019-10-16 22:15:29,950 [Thread-3146] INFO  impl.FollowerState (FollowerState.java:run(108)) - 3989452c-7599-4156-9543-3fe544ced0f3@group-83CFD60236D8-FollowerState: change to CANDIDATE, lastRpcTime:164ms, electionTimeout:164ms
2019-10-16 22:15:29,950 [Thread-3146] INFO  impl.RoleInfo (RoleInfo.java:shutdownFollowerState(121)) - 3989452c-7599-4156-9543-3fe544ced0f3: shutdown FollowerState
2019-10-16 22:15:29,950 [Thread-3146] INFO  impl.RaftServerImpl (RaftServerImpl.java:setRole(184)) - 3989452c-7599-4156-9543-3fe544ced0f3@group-83CFD60236D8: changes role from  FOLLOWER to CANDIDATE at term 361 for changeToCandidate
2019-10-16 22:15:29,951 [Thread-3146] INFO  impl.RoleInfo (RoleInfo.java:updateAndGet(143)) - 3989452c-7599-4156-9543-3fe544ced0f3: start LeaderElection
2019-10-16 22:15:29,964 [3989452c-7599-4156-9543-3fe544ced0f3@group-83CFD60236D8-LeaderElection341] INFO  impl.LeaderElection (LeaderElection.java:askForVotes(178)) - 3989452c-7599-4156-9543-3fe544ced0f3@group-83CFD60236D8-LeaderElection341: begin an election at term 362 for -1: [3989452c-7599-4156-9543-3fe544ced0f3:192.168.157.254:36320, eec99a0c-e1b1-4518-bc49-9d1a8c8e04d5:192.168.157.254:45598, d9e6ea44-93db-446f-8020-a94232284285:192.168.157.254:41671], old=null
2019-10-16 22:15:29,967 [grpc-default-executor-18] INFO  impl.RaftServerImpl (RaftServerImpl.java:setRole(184)) - d9e6ea44-93db-446f-8020-a94232284285@group-83CFD60236D8: changes role from  FOLLOWER to FOLLOWER at term 362 for recognizeCandidate:3989452c-7599-4156-9543-3fe544ced0f3
2019-10-16 22:15:29,967 [grpc-default-executor-18] INFO  impl.RoleInfo (RoleInfo.java:shutdownFollowerState(121)) - d9e6ea44-93db-446f-8020-a94232284285: shutdown FollowerState
2019-10-16 22:15:29,967 [grpc-default-executor-24] INFO  impl.RaftServerImpl (RaftServerImpl.java:setRole(184)) - eec99a0c-e1b1-4518-bc49-9d1a8c8e04d5@group-83CFD60236D8: changes role from  FOLLOWER to FOLLOWER at term 362 for recognizeCandidate:3989452c-7599-4156-9543-3fe544ced0f3
2019-10-16 22:15:29,967 [Thread-3144] INFO  impl.FollowerState (FollowerState.java:run(117)) - d9e6ea44-93db-446f-8020-a94232284285@group-83CFD60236D8-FollowerState was interrupted: java.lang.InterruptedException: sleep interrupted
2019-10-16 22:15:29,967 [grpc-default-executor-18] INFO  impl.RoleInfo (RoleInfo.java:updateAndGet(143)) - d9e6ea44-93db-446f-8020-a94232284285: start FollowerState
2019-10-16 22:15:29,967 [grpc-default-executor-24] INFO  impl.RoleInfo (RoleInfo.java:shutdownFollowerState(121)) - eec99a0c-e1b1-4518-bc49-9d1a8c8e04d5: shutdown FollowerState
2019-10-16 22:15:29,968 [grpc-default-executor-24] INFO  impl.RoleInfo (RoleInfo.java:updateAndGet(143)) - eec99a0c-e1b1-4518-bc49-9d1a8c8e04d5: start FollowerState
2019-10-16 22:15:29,968 [Thread-3145] INFO  impl.FollowerState (FollowerState.java:run(117)) - eec99a0c-e1b1-4518-bc49-9d1a8c8e04d5@group-83CFD60236D8-FollowerState was interrupted: java.lang.InterruptedException: sleep interrupted
2019-10-16 22:15:29,993 [3989452c-7599-4156-9543-3fe544ced0f3@group-83CFD60236D8-LeaderElection341] INFO  impl.LeaderElection (LeaderElection.java:logAndReturn(56)) - 3989452c-7599-4156-9543-3fe544ced0f3@group-83CFD60236D8-LeaderElection341: Election REJECTED; received 2 response(s) [3989452c-7599-4156-9543-3fe544ced0f3<-eec99a0c-e1b1-4518-bc49-9d1a8c8e04d5#0:FAIL-t362, 3989452c-7599-4156-9543-3fe544ced0f3<-d9e6ea44-93db-446f-8020-a94232284285#0:FAIL-t362] and 0 exception(s); 3989452c-7599-4156-9543-3fe544ced0f3@group-83CFD60236D8:t362, leader=null, voted=3989452c-7599-4156-9543-3fe544ced0f3, raftlog=3989452c-7599-4156-9543-3fe544ced0f3@group-83CFD60236D8-SegmentedRaftLog:OPENED:c-1,f-1,i0, conf=-1: [3989452c-7599-4156-9543-3fe544ced0f3:192.168.157.254:36320, eec99a0c-e1b1-4518-bc49-9d1a8c8e04d5:192.168.157.254:45598, d9e6ea44-93db-446f-8020-a94232284285:192.168.157.254:41671], old=null
2019-10-16 22:15:29,993 [3989452c-7599-4156-9543-3fe544ced0f3@group-83CFD60236D8-LeaderElection341] INFO  impl.RaftServerImpl (RaftServerImpl.java:setRole(184)) - 3989452c-7599-4156-9543-3fe544ced0f3@group-83CFD60236D8: changes role from CANDIDATE to FOLLOWER at term 362 for DISCOVERED_A_NEW_TERM
2019-10-16 22:15:29,993 [3989452c-7599-4156-9543-3fe544ced0f3@group-83CFD60236D8-LeaderElection341] INFO  impl.RoleInfo (RoleInfo.java:shutdownLeaderElection(134)) - 3989452c-7599-4156-9543-3fe544ced0f3: shutdown LeaderElection
2019-10-16 22:15:29,993 [3989452c-7599-4156-9543-3fe544ced0f3@group-83CFD60236D8-LeaderElection341] INFO  impl.RoleInfo (RoleInfo.java:updateAndGet(143)) - 3989452c-7599-4156-9543-3fe544ced0f3: start FollowerState
 0.00% |?                                                                                                    |  0/1 Time: 0:06:462019-10-16 22:15:30,184 [Thread-3152] INFO  impl.FollowerState (FollowerState.java:run(108)) - 3989452c-7599-4156-9543-3fe544ced0f3@group-83CFD60236D8-FollowerState: change to CANDIDATE, lastRpcTime:190ms, electionTimeout:190ms
2019-10-16 22:15:30,184 [Thread-3152] INFO  impl.RoleInfo (RoleInfo.java:shutdownFollowerState(121)) - 3989452c-7599-4156-9543-3fe544ced0f3: shutdown FollowerState
2019-10-16 22:15:30,184 [Thread-3152] INFO  impl.RaftServerImpl (RaftServerImpl.java:setRole(184)) - 3989452c-7599-4156-9543-3fe544ced0f3@group-83CFD60236D8: changes role from  FOLLOWER to CANDIDATE at term 362 for changeToCandidate
2019-10-16 22:15:30,184 [Thread-3152] INFO  impl.RoleInfo (RoleInfo.java:updateAndGet(143)) - 3989452c-7599-4156-9543-3fe544ced0f3: start LeaderElection
2019-10-16 22:15:30,206 [3989452c-7599-4156-9543-3fe544ced0f3@group-83CFD60236D8-LeaderElection342] INFO  impl.LeaderElection (LeaderElection.java:askForVotes(178)) - 3989452c-7599-4156-9543-3fe544ced0f3@group-83CFD60236D8-LeaderElection342: begin an election at term 363 for -1: [3989452c-7599-4156-9543-3fe544ced0f3:192.168.157.254:36320, eec99a0c-e1b1-4518-bc49-9d1a8c8e04d5:192.168.157.254:45598, d9e6ea44-93db-446f-8020-a94232284285:192.168.157.254:41671], old=null
2019-10-16 22:15:30,208 [grpc-default-executor-18] INFO  impl.RaftServerImpl (RaftServerImpl.java:setRole(184)) - eec99a0c-e1b1-4518-bc49-9d1a8c8e04d5@group-83CFD60236D8: changes role from  FOLLOWER to FOLLOWER at term 363 for recognizeCandidate:3989452c-7599-4156-9543-3fe544ced0f3
2019-10-16 22:15:30,208 [grpc-default-executor-18] INFO  impl.RoleInfo (RoleInfo.java:shutdownFollowerState(121)) - eec99a0c-e1b1-4518-bc49-9d1a8c8e04d5: shutdown FollowerState
2019-10-16 22:15:30,209 [grpc-default-executor-24] INFO  impl.RaftServerImpl (RaftServerImpl.java:setRole(184)) - d9e6ea44-93db-446f-8020-a94232284285@group-83CFD60236D8: changes role from  FOLLOWER to FOLLOWER at term 363 for recognizeCandidate:3989452c-7599-4156-9543-3fe544ced0f3
2019-10-16 22:15:30,209 [grpc-default-executor-24] INFO  impl.RoleInfo (RoleInfo.java:shutdownFollowerState(121)) - d9e6ea44-93db-446f-8020-a94232284285: shutdown FollowerState
2019-10-16 22:15:30,209 [Thread-3151] INFO  impl.FollowerState (FollowerState.java:run(117)) - eec99a0c-e1b1-4518-bc49-9d1a8c8e04d5@group-83CFD60236D8-FollowerState was interrupted: java.lang.InterruptedException: sleep interrupted
2019-10-16 22:15:30,209 [grpc-default-executor-18] INFO  impl.RoleInfo (RoleInfo.java:updateAndGet(143)) - eec99a0c-e1b1-4518-bc49-9d1a8c8e04d5: start FollowerState
2019-10-16 22:15:30,209 [Thread-3150] INFO  impl.FollowerState (FollowerState.java:run(117)) - d9e6ea44-93db-446f-8020-a94232284285@group-83CFD60236D8-FollowerState was interrupted: java.lang.InterruptedException: sleep interrupted
2019-10-16 22:15:30,209 [grpc-default-executor-24] INFO  impl.RoleInfo (RoleInfo.java:updateAndGet(143)) - d9e6ea44-93db-446f-8020-a94232284285: start FollowerState
2019-10-16 22:15:30,236 [3989452c-7599-4156-9543-3fe544ced0f3@group-83CFD60236D8-LeaderElection342] INFO  impl.LeaderElection (LeaderElection.java:logAndReturn(56)) - 3989452c-7599-4156-9543-3fe544ced0f3@group-83CFD60236D8-LeaderElection342: Election REJECTED; received 2 response(s) [3989452c-7599-4156-9543-3fe544ced0f3<-eec99a0c-e1b1-4518-bc49-9d1a8c8e04d5#0:FAIL-t363, 3989452c-7599-4156-9543-3fe544ced0f3<-d9e6ea44-93db-446f-8020-a94232284285#0:FAIL-t363] and 0 exception(s); 3989452c-7599-4156-9543-3fe544ced0f3@group-83CFD60236D8:t363, leader=null, voted=3989452c-7599-4156-9543-3fe544ced0f3, raftlog=3989452c-7599-4156-9543-3fe544ced0f3@group-83CFD60236D8-SegmentedRaftLog:OPENED:c-1,f-1,i0, conf=-1: [3989452c-7599-4156-9543-3fe544ced0f3:192.168.157.254:36320, eec99a0c-e1b1-4518-bc49-9d1a8c8e04d5:192.168.157.254:45598, d9e6ea44-93db-446f-8020-a94232284285:192.168.157.254:41671], old=null
2019-10-16 22:15:30,236 [3989452c-7599-4156-9543-3fe544ced0f3@group-83CFD60236D8-LeaderElection342] INFO  impl.RaftServerImpl (RaftServerImpl.java:setRole(184)) - 3989452c-7599-4156-9543-3fe544ced0f3@group-83CFD60236D8: changes role from CANDIDATE to FOLLOWER at term 363 for DISCOVERED_A_NEW_TERM
2019-10-16 22:15:30,236 [3989452c-7599-4156-9543-3fe544ced0f3@group-83CFD60236D8-LeaderElection342] INFO  impl.RoleInfo (RoleInfo.java:shutdownLeaderElection(134)) - 3989452c-7599-4156-9543-3fe544ced0f3: shutdown LeaderElection
2019-10-16 22:15:30,236 [3989452c-7599-4156-9543-3fe544ced0f3@group-83CFD60236D8-LeaderElection342] INFO  impl.RoleInfo (RoleInfo.java:updateAndGet(143)) - 3989452c-7599-4156-9543-3fe544ced0f3: start FollowerState
2019-10-16 22:15:30,385 [Thread-3158] INFO  impl.FollowerState (FollowerState.java:run(108)) - 3989452c-7599-4156-9543-3fe544ced0f3@group-83CFD60236D8-FollowerState: change to CANDIDATE, lastRpcTime:149ms, electionTimeout:149ms
2019-10-16 22:15:30,385 [Thread-3158] INFO  impl.RoleInfo (RoleInfo.java:shutdownFollowerState(121)) - 3989452c-7599-4156-9543-3fe544ced0f3: shutdown FollowerState
2019-10-16 22:15:30,386 [Thread-3158] INFO  impl.RaftServerImpl (RaftServerImpl.java:setRole(184)) - 3989452c-7599-4156-9543-3fe544ced0f3@group-83CFD60236D8: changes role from  FOLLOWER to CANDIDATE at term 363 for changeToCandidate
2019-10-16 22:15:30,386 [Thread-3158] INFO  impl.RoleInfo (RoleInfo.java:updateAndGet(143)) - 3989452c-7599-4156-9543-3fe544ced0f3: start LeaderElection
2019-10-16 22:15:30,400 [3989452c-7599-4156-9543-3fe544ced0f3@group-83CFD60236D8-LeaderElection343] INFO  impl.LeaderElection (LeaderElection.java:askForVotes(178)) - 3989452c-7599-4156-9543-3fe544ced0f3@group-83CFD60236D8-LeaderElection343: begin an election at term 364 for -1: [3989452c-7599-4156-9543-3fe544ced0f3:192.168.157.254:36320, eec99a0c-e1b1-4518-bc49-9d1a8c8e04d5:192.168.157.254:45598, d9e6ea44-93db-446f-8020-a94232284285:192.168.157.254:41671], old=null
2019-10-16 22:15:30,402 [grpc-default-executor-24] INFO  impl.RaftServerImpl (RaftServerImpl.java:setRole(184)) - eec99a0c-e1b1-4518-bc49-9d1a8c8e04d5@group-83CFD60236D8: changes role from  FOLLOWER to FOLLOWER at term 364 for recognizeCandidate:3989452c-7599-4156-9543-3fe544ced0f3
2019-10-16 22:15:30,402 [grpc-default-executor-24] INFO  impl.RoleInfo (RoleInfo.java:shutdownFollowerState(121)) - eec99a0c-e1b1-4518-bc49-9d1a8c8e04d5: shutdown FollowerState
2019-10-16 22:15:30,402 [grpc-default-executor-24] INFO  impl.RoleInfo (RoleInfo.java:updateAndGet(143)) - eec99a0c-e1b1-4518-bc49-9d1a8c8e04d5: start FollowerState
2019-10-16 22:15:30,402 [Thread-3156] INFO  impl.FollowerState (FollowerState.java:run(117)) - eec99a0c-e1b1-4518-bc49-9d1a8c8e04d5@group-83CFD60236D8-FollowerState was interrupted: java.lang.InterruptedException: sleep interrupted
2019-10-16 22:15:30,402 [grpc-default-executor-18] INFO  impl.RaftServerImpl (RaftServerImpl.java:setRole(184)) - d9e6ea44-93db-446f-8020-a94232284285@group-83CFD60236D8: changes role from  FOLLOWER to FOLLOWER at term 364 for recognizeCandidate:3989452c-7599-4156-9543-3fe544ced0f3
2019-10-16 22:15:30,402 [grpc-default-executor-18] INFO  impl.RoleInfo (RoleInfo.java:shutdownFollowerState(121)) - d9e6ea44-93db-446f-8020-a94232284285: shutdown FollowerState
2019-10-16 22:15:30,403 [grpc-default-executor-18] INFO  impl.RoleInfo (RoleInfo.java:updateAndGet(143)) - d9e6ea44-93db-446f-8020-a94232284285: start FollowerState
2019-10-16 22:15:30,403 [Thread-3157] INFO  impl.FollowerState (FollowerState.java:run(117)) - d9e6ea44-93db-446f-8020-a94232284285@group-83CFD60236D8-FollowerState was interrupted: java.lang.InterruptedException: sleep interrupted
2019-10-16 22:15:30,422 [3989452c-7599-4156-9543-3fe544ced0f3@group-83CFD60236D8-LeaderElection343] INFO  impl.LeaderElection (LeaderElection.java:logAndReturn(56)) - 3989452c-7599-4156-9543-3fe544ced0f3@group-83CFD60236D8-LeaderElection343: Election REJECTED; received 2 response(s) [3989452c-7599-4156-9543-3fe544ced0f3<-eec99a0c-e1b1-4518-bc49-9d1a8c8e04d5#0:FAIL-t364, 3989452c-7599-4156-9543-3fe544ced0f3<-d9e6ea44-93db-446f-8020-a94232284285#0:FAIL-t364] and 0 exception(s); 3989452c-7599-4156-9543-3fe544ced0f3@group-83CFD60236D8:t364, leader=null, voted=3989452c-7599-4156-9543-3fe544ced0f3, raftlog=3989452c-7599-4156-9543-3fe544ced0f3@group-83CFD60236D8-SegmentedRaftLog:OPENED:c-1,f-1,i0, conf=-1: [3989452c-7599-4156-9543-3fe544ced0f3:192.168.157.254:36320, eec99a0c-e1b1-4518-bc49-9d1a8c8e04d5:192.168.157.254:45598, d9e6ea44-93db-446f-8020-a94232284285:192.168.157.254:41671], old=null
2019-10-16 22:15:30,422 [3989452c-7599-4156-9543-3fe544ced0f3@group-83CFD60236D8-LeaderElection343] INFO  impl.RaftServerImpl (RaftServerImpl.java:setRole(184)) - 3989452c-7599-4156-9543-3fe544ced0f3@group-83CFD60236D8: changes role from CANDIDATE to FOLLOWER at term 364 for DISCOVERED_A_NEW_TERM
2019-10-16 22:15:30,422 [3989452c-7599-4156-9543-3fe544ced0f3@group-83CFD60236D8-LeaderElection343] INFO  impl.RoleInfo (RoleInfo.java:shutdownLeaderElection(134)) - 3989452c-7599-4156-9543-3fe544ced0f3: shutdown LeaderElection
2019-10-16 22:15:30,423 [3989452c-7599-4156-9543-3fe544ced0f3@group-83CFD60236D8-LeaderElection343] INFO  impl.RoleInfo (RoleInfo.java:updateAndGet(143)) - 3989452c-7599-4156-9543-3fe544ced0f3: start FollowerState
2019-10-16 22:15:30,588 [Thread-3164] INFO  impl.FollowerState (FollowerState.java:run(108)) - 3989452c-7599-4156-9543-3fe544ced0f3@group-83CFD60236D8-FollowerState: change to CANDIDATE, lastRpcTime:165ms, electionTimeout:165ms
2019-10-16 22:15:30,588 [Thread-3164] INFO  impl.RoleInfo (RoleInfo.java:shutdownFollowerState(121)) - 3989452c-7599-4156-9543-3fe544ced0f3: shutdown FollowerState
2019-10-16 22:15:30,588 [Thread-3164] INFO  impl.RaftServerImpl (RaftServerImpl.java:setRole(184)) - 3989452c-7599-4156-9543-3fe544ced0f3@group-83CFD60236D8: changes role from  FOLLOWER to CANDIDATE at term 364 for changeToCandidate
2019-10-16 22:15:30,588 [Thread-3164] INFO  impl.RoleInfo (RoleInfo.java:updateAndGet(143)) - 3989452c-7599-4156-9543-3fe544ced0f3: start LeaderElection
2019-10-16 22:15:30,603 [3989452c-7599-4156-9543-3fe544ced0f3@group-83CFD60236D8-LeaderElection344] INFO  impl.LeaderElection (LeaderElection.java:askForVotes(178)) - 3989452c-7599-4156-9543-3fe544ced0f3@group-83CFD60236D8-LeaderElection344: begin an election at term 365 for -1: [3989452c-7599-4156-9543-3fe544ced0f3:192.168.157.254:36320, eec99a0c-e1b1-4518-bc49-9d1a8c8e04d5:192.168.157.254:45598, d9e6ea44-93db-446f-8020-a94232284285:192.168.157.254:41671], old=null
2019-10-16 22:15:30,605 [grpc-default-executor-24] INFO  impl.RaftServerImpl (RaftServerImpl.java:setRole(184)) - eec99a0c-e1b1-4518-bc49-9d1a8c8e04d5@group-83CFD60236D8: changes role from  FOLLOWER to FOLLOWER at term 365 for recognizeCandidate:3989452c-7599-4156-9543-3fe544ced0f3
2019-10-16 22:15:30,605 [grpc-default-executor-18] INFO  impl.RaftServerImpl (RaftServerImpl.java:setRole(184)) - d9e6ea44-93db-446f-8020-a94232284285@group-83CFD60236D8: changes role from  FOLLOWER to FOLLOWER at term 365 for recognizeCandidate:3989452c-7599-4156-9543-3fe544ced0f3
2019-10-16 22:15:30,606 [grpc-default-executor-18] INFO  impl.RoleInfo (RoleInfo.java:shutdownFollowerState(121)) - d9e6ea44-93db-446f-8020-a94232284285: shutdown FollowerState
2019-10-16 22:15:30,605 [grpc-default-executor-24] INFO  impl.RoleInfo (RoleInfo.java:shutdownFollowerState(121)) - eec99a0c-e1b1-4518-bc49-9d1a8c8e04d5: shutdown FollowerState
2019-10-16 22:15:30,606 [Thread-3163] INFO  impl.FollowerState (FollowerState.java:run(117)) - d9e6ea44-93db-446f-8020-a94232284285@group-83CFD60236D8-FollowerState was interrupted: java.lang.InterruptedException: sleep interrupted
2019-10-16 22:15:30,606 [grpc-default-executor-18] INFO  impl.RoleInfo (RoleInfo.java:updateAndGet(143)) - d9e6ea44-93db-446f-8020-a94232284285: start FollowerState
2019-10-16 22:15:30,606 [Thread-3162] INFO  impl.FollowerState (FollowerState.java:run(117)) - eec99a0c-e1b1-4518-bc49-9d1a8c8e04d5@group-83CFD60236D8-FollowerState was interrupted: java.lang.InterruptedException: sleep interrupted
2019-10-16 22:15:30,606 [grpc-default-executor-24] INFO  impl.RoleInfo (RoleInfo.java:updateAndGet(143)) - eec99a0c-e1b1-4518-bc49-9d1a8c8e04d5: start FollowerState
2019-10-16 22:15:30,620 [3989452c-7599-4156-9543-3fe544ced0f3@group-83CFD60236D8-LeaderElection344] INFO  impl.LeaderElection (LeaderElection.java:logAndReturn(56)) - 3989452c-7599-4156-9543-3fe544ced0f3@group-83CFD60236D8-LeaderElection344: Election REJECTED; received 2 response(s) [3989452c-7599-4156-9543-3fe544ced0f3<-eec99a0c-e1b1-4518-bc49-9d1a8c8e04d5#0:FAIL-t365, 3989452c-7599-4156-9543-3fe544ced0f3<-d9e6ea44-93db-446f-8020-a94232284285#0:FAIL-t365] and 0 exception(s); 3989452c-7599-4156-9543-3fe544ced0f3@group-83CFD60236D8:t365, leader=null, voted=3989452c-7599-4156-9543-3fe544ced0f3, raftlog=3989452c-7599-4156-9543-3fe544ced0f3@group-83CFD60236D8-SegmentedRaftLog:OPENED:c-1,f-1,i0, conf=-1: [3989452c-7599-4156-9543-3fe544ced0f3:192.168.157.254:36320, eec99a0c-e1b1-4518-bc49-9d1a8c8e04d5:192.168.157.254:45598, d9e6ea44-93db-446f-8020-a94232284285:192.168.157.254:41671], old=null
2019-10-16 22:15:30,620 [3989452c-7599-4156-9543-3fe544ced0f3@group-83CFD60236D8-LeaderElection344] INFO  impl.RaftServerImpl (RaftServerImpl.java:setRole(184)) - 3989452c-7599-4156-9543-3fe544ced0f3@group-83CFD60236D8: changes role from CANDIDATE to FOLLOWER at term 365 for DISCOVERED_A_NEW_TERM
2019-10-16 22:15:30,620 [3989452c-7599-4156-9543-3fe544ced0f3@group-83CFD60236D8-LeaderElection344] INFO  impl.RoleInfo (RoleInfo.java:shutdownLeaderElection(134)) - 3989452c-7599-4156-9543-3fe544ced0f3: shutdown LeaderElection
2019-10-16 22:15:30,621 [3989452c-7599-4156-9543-3fe544ced0f3@group-83CFD60236D8-LeaderElection344] INFO  impl.RoleInfo (RoleInfo.java:updateAndGet(143)) - 3989452c-7599-4156-9543-3fe544ced0f3: start FollowerState
2019-10-16 22:15:30,725 [Thread-3170] INFO  impl.FollowerState (FollowerState.java:run(108)) - 3989452c-7599-4156-9543-3fe544ced0f3@group-83CFD60236D8-FollowerState: change to CANDIDATE, lastRpcTime:104ms, electionTimeout:104ms
2019-10-16 22:15:30,725 [Thread-3170] INFO  impl.RoleInfo (RoleInfo.java:shutdownFollowerState(121)) - 3989452c-7599-4156-9543-3fe544ced0f3: shutdown FollowerState
2019-10-16 22:15:30,725 [Thread-3170] INFO  impl.RaftServerImpl (RaftServerImpl.java:setRole(184)) - 3989452c-7599-4156-9543-3fe544ced0f3@group-83CFD60236D8: changes role from  FOLLOWER to CANDIDATE at term 365 for changeToCandidate
2019-10-16 22:15:30,725 [Thread-3170] INFO  impl.RoleInfo (RoleInfo.java:updateAndGet(143)) - 3989452c-7599-4156-9543-3fe544ced0f3: start LeaderElection
2019-10-16 22:15:30,741 [3989452c-7599-4156-9543-3fe544ced0f3@group-83CFD60236D8-LeaderElection345] INFO  impl.LeaderElection (LeaderElection.java:askForVotes(178)) - 3989452c-7599-4156-9543-3fe544ced0f3@group-83CFD60236D8-LeaderElection345: begin an election at term 366 for -1: [3989452c-7599-4156-9543-3fe544ced0f3:192.168.157.254:36320, eec99a0c-e1b1-4518-bc49-9d1a8c8e04d5:192.168.157.254:45598, d9e6ea44-93db-446f-8020-a94232284285:192.168.157.254:41671], old=null
2019-10-16 22:15:30,743 [grpc-default-executor-24] INFO  impl.RaftServerImpl (RaftServerImpl.java:setRole(184)) - eec99a0c-e1b1-4518-bc49-9d1a8c8e04d5@group-83CFD60236D8: changes role from  FOLLOWER to FOLLOWER at term 366 for recognizeCandidate:3989452c-7599-4156-9543-3fe544ced0f3
2019-10-16 22:15:30,743 [grpc-default-executor-24] INFO  impl.RoleInfo (RoleInfo.java:shutdownFollowerState(121)) - eec99a0c-e1b1-4518-bc49-9d1a8c8e04d5: shutdown FollowerState
2019-10-16 22:15:30,743 [grpc-default-executor-18] INFO  impl.RaftServerImpl (RaftServerImpl.java:setRole(184)) - d9e6ea44-93db-446f-8020-a94232284285@group-83CFD60236D8: changes role from  FOLLOWER to FOLLOWER at term 366 for recognizeCandidate:3989452c-7599-4156-9543-3fe544ced0f3
2019-10-16 22:15:30,744 [grpc-default-executor-18] INFO  impl.RoleInfo (RoleInfo.java:shutdownFollowerState(121)) - d9e6ea44-93db-446f-8020-a94232284285: shutdown FollowerState
2019-10-16 22:15:30,744 [Thread-3169] INFO  impl.FollowerState (FollowerState.java:run(117)) - eec99a0c-e1b1-4518-bc49-9d1a8c8e04d5@group-83CFD60236D8-FollowerState was interrupted: java.lang.InterruptedException: sleep interrupted
2019-10-16 22:15:30,744 [Thread-3168] INFO  impl.FollowerState (FollowerState.java:run(117)) - d9e6ea44-93db-446f-8020-a94232284285@group-83CFD60236D8-FollowerState was interrupted: java.lang.InterruptedException: sleep interrupted
2019-10-16 22:15:30,744 [grpc-default-executor-24] INFO  impl.RoleInfo (RoleInfo.java:updateAndGet(143)) - eec99a0c-e1b1-4518-bc49-9d1a8c8e04d5: start FollowerState
2019-10-16 22:15:30,744 [grpc-default-executor-18] INFO  impl.RoleInfo (RoleInfo.java:updateAndGet(143)) - d9e6ea44-93db-446f-8020-a94232284285: start FollowerState
2019-10-16 22:15:30,770 [3989452c-7599-4156-9543-3fe544ced0f3@group-83CFD60236D8-LeaderElection345] INFO  impl.LeaderElection (LeaderElection.java:logAndReturn(56)) - 3989452c-7599-4156-9543-3fe544ced0f3@group-83CFD60236D8-LeaderElection345: Election REJECTED; received 2 response(s) [3989452c-7599-4156-9543-3fe544ced0f3<-eec99a0c-e1b1-4518-bc49-9d1a8c8e04d5#0:FAIL-t366, 3989452c-7599-4156-9543-3fe544ced0f3<-d9e6ea44-93db-446f-8020-a94232284285#0:FAIL-t366] and 0 exception(s); 3989452c-7599-4156-9543-3fe544ced0f3@group-83CFD60236D8:t366, leader=null, voted=3989452c-7599-4156-9543-3fe544ced0f3, raftlog=3989452c-7599-4156-9543-3fe544ced0f3@group-83CFD60236D8-SegmentedRaftLog:OPENED:c-1,f-1,i0, conf=-1: [3989452c-7599-4156-9543-3fe544ced0f3:192.168.157.254:36320, eec99a0c-e1b1-4518-bc49-9d1a8c8e04d5:192.168.157.254:45598, d9e6ea44-93db-446f-8020-a94232284285:192.168.157.254:41671], old=null
2019-10-16 22:15:30,771 [3989452c-7599-4156-9543-3fe544ced0f3@group-83CFD60236D8-LeaderElection345] INFO  impl.RaftServerImpl (RaftServerImpl.java:setRole(184)) - 3989452c-7599-4156-9543-3fe544ced0f3@group-83CFD60236D8: changes role from CANDIDATE to FOLLOWER at term 366 for DISCOVERED_A_NEW_TERM
2019-10-16 22:15:30,771 [3989452c-7599-4156-9543-3fe544ced0f3@group-83CFD60236D8-LeaderElection345] INFO  impl.RoleInfo (RoleInfo.java:shutdownLeaderElection(134)) - 3989452c-7599-4156-9543-3fe544ced0f3: shutdown LeaderElection
2019-10-16 22:15:30,771 [3989452c-7599-4156-9543-3fe544ced0f3@group-83CFD60236D8-LeaderElection345] INFO  impl.RoleInfo (RoleInfo.java:updateAndGet(143)) - 3989452c-7599-4156-9543-3fe544ced0f3: start FollowerState
2019-10-16 22:15:30,925 [Thread-3176] INFO  impl.FollowerState (FollowerState.java:run(108)) - 3989452c-7599-4156-9543-3fe544ced0f3@group-83CFD60236D8-FollowerState: change to CANDIDATE, lastRpcTime:154ms, electionTimeout:154ms
2019-10-16 22:15:30,925 [Thread-3176] INFO  impl.RoleInfo (RoleInfo.java:shutdownFollowerState(121)) - 3989452c-7599-4156-9543-3fe544ced0f3: shutdown FollowerState
2019-10-16 22:15:30,926 [Thread-3176] INFO  impl.RaftServerImpl (RaftServerImpl.java:setRole(184)) - 3989452c-7599-4156-9543-3fe544ced0f3@group-83CFD60236D8: changes role from  FOLLOWER to CANDIDATE at term 366 for changeToCandidate
2019-10-16 22:15:30,926 [Thread-3176] INFO  impl.RoleInfo (RoleInfo.java:updateAndGet(143)) - 3989452c-7599-4156-9543-3fe544ced0f3: start LeaderElection
2019-10-16 22:15:30,939 [3989452c-7599-4156-9543-3fe544ced0f3@group-83CFD60236D8-LeaderElection346] INFO  impl.LeaderElection (LeaderElection.java:askForVotes(178)) - 3989452c-7599-4156-9543-3fe544ced0f3@group-83CFD60236D8-LeaderElection346: begin an election at term 367 for -1: [3989452c-7599-4156-9543-3fe544ced0f3:192.168.157.254:36320, eec99a0c-e1b1-4518-bc49-9d1a8c8e04d5:192.168.157.254:45598, d9e6ea44-93db-446f-8020-a94232284285:192.168.157.254:41671], old=null
2019-10-16 22:15:30,942 [grpc-default-executor-18] INFO  impl.RaftServerImpl (RaftServerImpl.java:setRole(184)) - d9e6ea44-93db-446f-8020-a94232284285@group-83CFD60236D8: changes role from  FOLLOWER to FOLLOWER at term 367 for recognizeCandidate:3989452c-7599-4156-9543-3fe544ced0f3
2019-10-16 22:15:30,942 [grpc-default-executor-24] INFO  impl.RaftServerImpl (RaftServerImpl.java:setRole(184)) - eec99a0c-e1b1-4518-bc49-9d1a8c8e04d5@group-83CFD60236D8: changes role from  FOLLOWER to FOLLOWER at term 367 for recognizeCandidate:3989452c-7599-4156-9543-3fe544ced0f3
2019-10-16 22:15:30,942 [grpc-default-executor-18] INFO  impl.RoleInfo (RoleInfo.java:shutdownFollowerState(121)) - d9e6ea44-93db-446f-8020-a94232284285: shutdown FollowerState
2019-10-16 22:15:30,942 [grpc-default-executor-24] INFO  impl.RoleInfo (RoleInfo.java:shutdownFollowerState(121)) - eec99a0c-e1b1-4518-bc49-9d1a8c8e04d5: shutdown FollowerState
2019-10-16 22:15:30,943 [Thread-3175] INFO  impl.FollowerState (FollowerState.java:run(117)) - d9e6ea44-93db-446f-8020-a94232284285@group-83CFD60236D8-FollowerState was interrupted: java.lang.InterruptedException: sleep interrupted
2019-10-16 22:15:30,943 [grpc-default-executor-18] INFO  impl.RoleInfo (RoleInfo.java:updateAndGet(143)) - d9e6ea44-93db-446f-8020-a94232284285: start FollowerState
2019-10-16 22:15:30,943 [grpc-default-executor-24] INFO  impl.RoleInfo (RoleInfo.java:updateAndGet(143)) - eec99a0c-e1b1-4518-bc49-9d1a8c8e04d5: start FollowerState
2019-10-16 22:15:30,943 [Thread-3174] INFO  impl.FollowerState (FollowerState.java:run(117)) - eec99a0c-e1b1-4518-bc49-9d1a8c8e04d5@group-83CFD60236D8-FollowerState was interrupted: java.lang.InterruptedException: sleep interrupted
2019-10-16 22:15:30,969 [3989452c-7599-4156-9543-3fe544ced0f3@group-83CFD60236D8-LeaderElection346] INFO  impl.LeaderElection (LeaderElection.java:logAndReturn(56)) - 3989452c-7599-4156-9543-3fe544ced0f3@group-83CFD60236D8-LeaderElection346: Election REJECTED; received 2 response(s) [3989452c-7599-4156-9543-3fe544ced0f3<-eec99a0c-e1b1-4518-bc49-9d1a8c8e04d5#0:FAIL-t367, 3989452c-7599-4156-9543-3fe544ced0f3<-d9e6ea44-93db-446f-8020-a94232284285#0:FAIL-t367] and 0 exception(s); 3989452c-7599-4156-9543-3fe544ced0f3@group-83CFD60236D8:t367, leader=null, voted=3989452c-7599-4156-9543-3fe544ced0f3, raftlog=3989452c-7599-4156-9543-3fe544ced0f3@group-83CFD60236D8-SegmentedRaftLog:OPENED:c-1,f-1,i0, conf=-1: [3989452c-7599-4156-9543-3fe544ced0f3:192.168.157.254:36320, eec99a0c-e1b1-4518-bc49-9d1a8c8e04d5:192.168.157.254:45598, d9e6ea44-93db-446f-8020-a94232284285:192.168.157.254:41671], old=null
2019-10-16 22:15:30,969 [3989452c-7599-4156-9543-3fe544ced0f3@group-83CFD60236D8-LeaderElection346] INFO  impl.RaftServerImpl (RaftServerImpl.java:setRole(184)) - 3989452c-7599-4156-9543-3fe544ced0f3@group-83CFD60236D8: changes role from CANDIDATE to FOLLOWER at term 367 for DISCOVERED_A_NEW_TERM
2019-10-16 22:15:30,969 [3989452c-7599-4156-9543-3fe544ced0f3@group-83CFD60236D8-LeaderElection346] INFO  impl.RoleInfo (RoleInfo.java:shutdownLeaderElection(134)) - 3989452c-7599-4156-9543-3fe544ced0f3: shutdown LeaderElection
2019-10-16 22:15:30,969 [3989452c-7599-4156-9543-3fe544ced0f3@group-83CFD60236D8-LeaderElection346] INFO  impl.RoleInfo (RoleInfo.java:updateAndGet(143)) - 3989452c-7599-4156-9543-3fe544ced0f3: start FollowerState
 0.00% |?                                                                                                    |  0/1 Time: 0:06:472019-10-16 22:15:31,065 [Thread-3182] INFO  impl.FollowerState (FollowerState.java:run(108)) - 3989452c-7599-4156-9543-3fe544ced0f3@group-83CFD60236D8-FollowerState: change to CANDIDATE, lastRpcTime:95ms, electionTimeout:95ms
2019-10-16 22:15:31,065 [Thread-3182] INFO  impl.RoleInfo (RoleInfo.java:shutdownFollowerState(121)) - 3989452c-7599-4156-9543-3fe544ced0f3: shutdown FollowerState
2019-10-16 22:15:31,065 [Thread-3182] INFO  impl.RaftServerImpl (RaftServerImpl.java:setRole(184)) - 3989452c-7599-4156-9543-3fe544ced0f3@group-83CFD60236D8: changes role from  FOLLOWER to CANDIDATE at term 367 for changeToCandidate
2019-10-16 22:15:31,065 [Thread-3182] INFO  impl.RoleInfo (RoleInfo.java:updateAndGet(143)) - 3989452c-7599-4156-9543-3fe544ced0f3: start LeaderElection
2019-10-16 22:15:31,079 [3989452c-7599-4156-9543-3fe544ced0f3@group-83CFD60236D8-LeaderElection347] INFO  impl.LeaderElection (LeaderElection.java:askForVotes(178)) - 3989452c-7599-4156-9543-3fe544ced0f3@group-83CFD60236D8-LeaderElection347: begin an election at term 368 for -1: [3989452c-7599-4156-9543-3fe544ced0f3:192.168.157.254:36320, eec99a0c-e1b1-4518-bc49-9d1a8c8e04d5:192.168.157.254:45598, d9e6ea44-93db-446f-8020-a94232284285:192.168.157.254:41671], old=null
2019-10-16 22:15:31,081 [grpc-default-executor-24] INFO  impl.RaftServerImpl (RaftServerImpl.java:setRole(184)) - d9e6ea44-93db-446f-8020-a94232284285@group-83CFD60236D8: changes role from  FOLLOWER to FOLLOWER at term 368 for recognizeCandidate:3989452c-7599-4156-9543-3fe544ced0f3
2019-10-16 22:15:31,081 [grpc-default-executor-24] INFO  impl.RoleInfo (RoleInfo.java:shutdownFollowerState(121)) - d9e6ea44-93db-446f-8020-a94232284285: shutdown FollowerState
2019-10-16 22:15:31,082 [grpc-default-executor-18] INFO  impl.RaftServerImpl (RaftServerImpl.java:setRole(184)) - eec99a0c-e1b1-4518-bc49-9d1a8c8e04d5@group-83CFD60236D8: changes role from  FOLLOWER to FOLLOWER at term 368 for recognizeCandidate:3989452c-7599-4156-9543-3fe544ced0f3
2019-10-16 22:15:31,082 [Thread-3180] INFO  impl.FollowerState (FollowerState.java:run(117)) - d9e6ea44-93db-446f-8020-a94232284285@group-83CFD60236D8-FollowerState was interrupted: java.lang.InterruptedException: sleep interrupted
2019-10-16 22:15:31,082 [grpc-default-executor-24] INFO  impl.RoleInfo (RoleInfo.java:updateAndGet(143)) - d9e6ea44-93db-446f-8020-a94232284285: start FollowerState
2019-10-16 22:15:31,082 [grpc-default-executor-18] INFO  impl.RoleInfo (RoleInfo.java:shutdownFollowerState(121)) - eec99a0c-e1b1-4518-bc49-9d1a8c8e04d5: shutdown FollowerState
2019-10-16 22:15:31,082 [grpc-default-executor-18] INFO  impl.RoleInfo (RoleInfo.java:updateAndGet(143)) - eec99a0c-e1b1-4518-bc49-9d1a8c8e04d5: start FollowerState
2019-10-16 22:15:31,082 [Thread-3181] INFO  impl.FollowerState (FollowerState.java:run(117)) - eec99a0c-e1b1-4518-bc49-9d1a8c8e04d5@group-83CFD60236D8-FollowerState was interrupted: java.lang.InterruptedException: sleep interrupted
2019-10-16 22:15:31,108 [3989452c-7599-4156-9543-3fe544ced0f3@group-83CFD60236D8-LeaderElection347] INFO  impl.LeaderElection (LeaderElection.java:logAndReturn(56)) - 3989452c-7599-4156-9543-3fe544ced0f3@group-83CFD60236D8-LeaderElection347: Election REJECTED; received 2 response(s) [3989452c-7599-4156-9543-3fe544ced0f3<-eec99a0c-e1b1-4518-bc49-9d1a8c8e04d5#0:FAIL-t368, 3989452c-7599-4156-9543-3fe544ced0f3<-d9e6ea44-93db-446f-8020-a94232284285#0:FAIL-t368] and 0 exception(s); 3989452c-7599-4156-9543-3fe544ced0f3@group-83CFD60236D8:t368, leader=null, voted=3989452c-7599-4156-9543-3fe544ced0f3, raftlog=3989452c-7599-4156-9543-3fe544ced0f3@group-83CFD60236D8-SegmentedRaftLog:OPENED:c-1,f-1,i0, conf=-1: [3989452c-7599-4156-9543-3fe544ced0f3:192.168.157.254:36320, eec99a0c-e1b1-4518-bc49-9d1a8c8e04d5:192.168.157.254:45598, d9e6ea44-93db-446f-8020-a94232284285:192.168.157.254:41671], old=null
2019-10-16 22:15:31,108 [3989452c-7599-4156-9543-3fe544ced0f3@group-83CFD60236D8-LeaderElection347] INFO  impl.RaftServerImpl (RaftServerImpl.java:setRole(184)) - 3989452c-7599-4156-9543-3fe544ced0f3@group-83CFD60236D8: changes role from CANDIDATE to FOLLOWER at term 368 for DISCOVERED_A_NEW_TERM
2019-10-16 22:15:31,108 [3989452c-7599-4156-9543-3fe544ced0f3@group-83CFD60236D8-LeaderElection347] INFO  impl.RoleInfo (RoleInfo.java:shutdownLeaderElection(134)) - 3989452c-7599-4156-9543-3fe544ced0f3: shutdown LeaderElection
2019-10-16 22:15:31,108 [3989452c-7599-4156-9543-3fe544ced0f3@group-83CFD60236D8-LeaderElection347] INFO  impl.RoleInfo (RoleInfo.java:updateAndGet(143)) - 3989452c-7599-4156-9543-3fe544ced0f3: start FollowerState
2019-10-16 22:15:31,289 [Thread-3188] INFO  impl.FollowerState (FollowerState.java:run(108)) - 3989452c-7599-4156-9543-3fe544ced0f3@group-83CFD60236D8-FollowerState: change to CANDIDATE, lastRpcTime:180ms, electionTimeout:180ms
2019-10-16 22:15:31,289 [Thread-3188] INFO  impl.RoleInfo (RoleInfo.java:shutdownFollowerState(121)) - 3989452c-7599-4156-9543-3fe544ced0f3: shutdown FollowerState
2019-10-16 22:15:31,289 [Thread-3188] INFO  impl.RaftServerImpl (RaftServerImpl.java:setRole(184)) - 3989452c-7599-4156-9543-3fe544ced0f3@group-83CFD60236D8: changes role from  FOLLOWER to CANDIDATE at term 368 for changeToCandidate
2019-10-16 22:15:31,289 [Thread-3188] INFO  impl.RoleInfo (RoleInfo.java:updateAndGet(143)) - 3989452c-7599-4156-9543-3fe544ced0f3: start LeaderElection
2019-10-16 22:15:31,316 [3989452c-7599-4156-9543-3fe544ced0f3@group-83CFD60236D8-LeaderElection348] INFO  impl.LeaderElection (LeaderElection.java:askForVotes(178)) - 3989452c-7599-4156-9543-3fe544ced0f3@group-83CFD60236D8-LeaderElection348: begin an election at term 369 for -1: [3989452c-7599-4156-9543-3fe544ced0f3:192.168.157.254:36320, eec99a0c-e1b1-4518-bc49-9d1a8c8e04d5:192.168.157.254:45598, d9e6ea44-93db-446f-8020-a94232284285:192.168.157.254:41671], old=null
2019-10-16 22:15:31,319 [grpc-default-executor-18] INFO  impl.RaftServerImpl (RaftServerImpl.java:setRole(184)) - eec99a0c-e1b1-4518-bc49-9d1a8c8e04d5@group-83CFD60236D8: changes role from  FOLLOWER to FOLLOWER at term 369 for recognizeCandidate:3989452c-7599-4156-9543-3fe544ced0f3
2019-10-16 22:15:31,319 [grpc-default-executor-24] INFO  impl.RaftServerImpl (RaftServerImpl.java:setRole(184)) - d9e6ea44-93db-446f-8020-a94232284285@group-83CFD60236D8: changes role from  FOLLOWER to FOLLOWER at term 369 for recognizeCandidate:3989452c-7599-4156-9543-3fe544ced0f3
2019-10-16 22:15:31,320 [grpc-default-executor-24] INFO  impl.RoleInfo (RoleInfo.java:shutdownFollowerState(121)) - d9e6ea44-93db-446f-8020-a94232284285: shutdown FollowerState
2019-10-16 22:15:31,319 [grpc-default-executor-18] INFO  impl.RoleInfo (RoleInfo.java:shutdownFollowerState(121)) - eec99a0c-e1b1-4518-bc49-9d1a8c8e04d5: shutdown FollowerState
2019-10-16 22:15:31,320 [grpc-default-executor-18] INFO  impl.RoleInfo (RoleInfo.java:updateAndGet(143)) - eec99a0c-e1b1-4518-bc49-9d1a8c8e04d5: start FollowerState
2019-10-16 22:15:31,320 [Thread-3186] INFO  impl.FollowerState (FollowerState.java:run(117)) - d9e6ea44-93db-446f-8020-a94232284285@group-83CFD60236D8-FollowerState was interrupted: java.lang.InterruptedException: sleep interrupted
2019-10-16 22:15:31,320 [grpc-default-executor-24] INFO  impl.RoleInfo (RoleInfo.java:updateAndGet(143)) - d9e6ea44-93db-446f-8020-a94232284285: start FollowerState
2019-10-16 22:15:31,320 [Thread-3187] INFO  impl.FollowerState (FollowerState.java:run(117)) - eec99a0c-e1b1-4518-bc49-9d1a8c8e04d5@group-83CFD60236D8-FollowerState was interrupted: java.lang.InterruptedException: sleep interrupted
2019-10-16 22:15:31,335 [3989452c-7599-4156-9543-3fe544ced0f3@group-83CFD60236D8-LeaderElection348] INFO  impl.LeaderElection (LeaderElection.java:logAndReturn(56)) - 3989452c-7599-4156-9543-3fe544ced0f3@group-83CFD60236D8-LeaderElection348: Election REJECTED; received 2 response(s) [3989452c-7599-4156-9543-3fe544ced0f3<-eec99a0c-e1b1-4518-bc49-9d1a8c8e04d5#0:FAIL-t369, 3989452c-7599-4156-9543-3fe544ced0f3<-d9e6ea44-93db-446f-8020-a94232284285#0:FAIL-t369] and 0 exception(s); 3989452c-7599-4156-9543-3fe544ced0f3@group-83CFD60236D8:t369, leader=null, voted=3989452c-7599-4156-9543-3fe544ced0f3, raftlog=3989452c-7599-4156-9543-3fe544ced0f3@group-83CFD60236D8-SegmentedRaftLog:OPENED:c-1,f-1,i0, conf=-1: [3989452c-7599-4156-9543-3fe544ced0f3:192.168.157.254:36320, eec99a0c-e1b1-4518-bc49-9d1a8c8e04d5:192.168.157.254:45598, d9e6ea44-93db-446f-8020-a94232284285:192.168.157.254:41671], old=null
2019-10-16 22:15:31,335 [3989452c-7599-4156-9543-3fe544ced0f3@group-83CFD60236D8-LeaderElection348] INFO  impl.RaftServerImpl (RaftServerImpl.java:setRole(184)) - 3989452c-7599-4156-9543-3fe544ced0f3@group-83CFD60236D8: changes role from CANDIDATE to FOLLOWER at term 369 for DISCOVERED_A_NEW_TERM
2019-10-16 22:15:31,335 [3989452c-7599-4156-9543-3fe544ced0f3@group-83CFD60236D8-LeaderElection348] INFO  impl.RoleInfo (RoleInfo.java:shutdownLeaderElection(134)) - 3989452c-7599-4156-9543-3fe544ced0f3: shutdown LeaderElection
2019-10-16 22:15:31,335 [3989452c-7599-4156-9543-3fe544ced0f3@group-83CFD60236D8-LeaderElection348] INFO  impl.RoleInfo (RoleInfo.java:updateAndGet(143)) - 3989452c-7599-4156-9543-3fe544ced0f3: start FollowerState
2019-10-16 22:15:31,416 [Thread-3194] INFO  impl.FollowerState (FollowerState.java:run(108)) - 3989452c-7599-4156-9543-3fe544ced0f3@group-83CFD60236D8-FollowerState: change to CANDIDATE, lastRpcTime:81ms, electionTimeout:81ms
2019-10-16 22:15:31,416 [Thread-3194] INFO  impl.RoleInfo (RoleInfo.java:shutdownFollowerState(121)) - 3989452c-7599-4156-9543-3fe544ced0f3: shutdown FollowerState
2019-10-16 22:15:31,417 [Thread-3194] INFO  impl.RaftServerImpl (RaftServerImpl.java:setRole(184)) - 3989452c-7599-4156-9543-3fe544ced0f3@group-83CFD60236D8: changes role from  FOLLOWER to CANDIDATE at term 369 for changeToCandidate
2019-10-16 22:15:31,417 [Thread-3194] INFO  impl.RoleInfo (RoleInfo.java:updateAndGet(143)) - 3989452c-7599-4156-9543-3fe544ced0f3: start LeaderElection
2019-10-16 22:15:31,430 [3989452c-7599-4156-9543-3fe544ced0f3@group-83CFD60236D8-LeaderElection349] INFO  impl.LeaderElection (LeaderElection.java:askForVotes(178)) - 3989452c-7599-4156-9543-3fe544ced0f3@group-83CFD60236D8-LeaderElection349: begin an election at term 370 for -1: [3989452c-7599-4156-9543-3fe544ced0f3:192.168.157.254:36320, eec99a0c-e1b1-4518-bc49-9d1a8c8e04d5:192.168.157.254:45598, d9e6ea44-93db-446f-8020-a94232284285:192.168.157.254:41671], old=null
2019-10-16 22:15:31,432 [grpc-default-executor-24] INFO  impl.RaftServerImpl (RaftServerImpl.java:setRole(184)) - eec99a0c-e1b1-4518-bc49-9d1a8c8e04d5@group-83CFD60236D8: changes role from  FOLLOWER to FOLLOWER at term 370 for recognizeCandidate:3989452c-7599-4156-9543-3fe544ced0f3
2019-10-16 22:15:31,432 [grpc-default-executor-24] INFO  impl.RoleInfo (RoleInfo.java:shutdownFollowerState(121)) - eec99a0c-e1b1-4518-bc49-9d1a8c8e04d5: shutdown FollowerState
2019-10-16 22:15:31,432 [grpc-default-executor-24] INFO  impl.RoleInfo (RoleInfo.java:updateAndGet(143)) - eec99a0c-e1b1-4518-bc49-9d1a8c8e04d5: start FollowerState
2019-10-16 22:15:31,432 [Thread-3193] INFO  impl.FollowerState (FollowerState.java:run(117)) - eec99a0c-e1b1-4518-bc49-9d1a8c8e04d5@group-83CFD60236D8-FollowerState was interrupted: java.lang.InterruptedException: sleep interrupted
2019-10-16 22:15:31,433 [grpc-default-executor-18] INFO  impl.RaftServerImpl (RaftServerImpl.java:setRole(184)) - d9e6ea44-93db-446f-8020-a94232284285@group-83CFD60236D8: changes role from  FOLLOWER to FOLLOWER at term 370 for recognizeCandidate:3989452c-7599-4156-9543-3fe544ced0f3
2019-10-16 22:15:31,433 [grpc-default-executor-18] INFO  impl.RoleInfo (RoleInfo.java:shutdownFollowerState(121)) - d9e6ea44-93db-446f-8020-a94232284285: shutdown FollowerState
2019-10-16 22:15:31,433 [grpc-default-executor-18] INFO  impl.RoleInfo (RoleInfo.java:updateAndGet(143)) - d9e6ea44-93db-446f-8020-a94232284285: start FollowerState
2019-10-16 22:15:31,433 [Thread-3192] INFO  impl.FollowerState (FollowerState.java:run(117)) - d9e6ea44-93db-446f-8020-a94232284285@group-83CFD60236D8-FollowerState was interrupted: java.lang.InterruptedException: sleep interrupted
2019-10-16 22:15:31,448 [3989452c-7599-4156-9543-3fe544ced0f3@group-83CFD60236D8-LeaderElection349] INFO  impl.LeaderElection (LeaderElection.java:logAndReturn(56)) - 3989452c-7599-4156-9543-3fe544ced0f3@group-83CFD60236D8-LeaderElection349: Election REJECTED; received 2 response(s) [3989452c-7599-4156-9543-3fe544ced0f3<-eec99a0c-e1b1-4518-bc49-9d1a8c8e04d5#0:FAIL-t370, 3989452c-7599-4156-9543-3fe544ced0f3<-d9e6ea44-93db-446f-8020-a94232284285#0:FAIL-t370] and 0 exception(s); 3989452c-7599-4156-9543-3fe544ced0f3@group-83CFD60236D8:t370, leader=null, voted=3989452c-7599-4156-9543-3fe544ced0f3, raftlog=3989452c-7599-4156-9543-3fe544ced0f3@group-83CFD60236D8-SegmentedRaftLog:OPENED:c-1,f-1,i0, conf=-1: [3989452c-7599-4156-9543-3fe544ced0f3:192.168.157.254:36320, eec99a0c-e1b1-4518-bc49-9d1a8c8e04d5:192.168.157.254:45598, d9e6ea44-93db-446f-8020-a94232284285:192.168.157.254:41671], old=null
2019-10-16 22:15:31,448 [3989452c-7599-4156-9543-3fe544ced0f3@group-83CFD60236D8-LeaderElection349] INFO  impl.RaftServerImpl (RaftServerImpl.java:setRole(184)) - 3989452c-7599-4156-9543-3fe544ced0f3@group-83CFD60236D8: changes role from CANDIDATE to FOLLOWER at term 370 for DISCOVERED_A_NEW_TERM
2019-10-16 22:15:31,449 [3989452c-7599-4156-9543-3fe544ced0f3@group-83CFD60236D8-LeaderElection349] INFO  impl.RoleInfo (RoleInfo.java:shutdownLeaderElection(134)) - 3989452c-7599-4156-9543-3fe544ced0f3: shutdown LeaderElection
2019-10-16 22:15:31,449 [3989452c-7599-4156-9543-3fe544ced0f3@group-83CFD60236D8-LeaderElection349] INFO  impl.RoleInfo (RoleInfo.java:updateAndGet(143)) - 3989452c-7599-4156-9543-3fe544ced0f3: start FollowerState
2019-10-16 22:15:31,544 [Thread-3200] INFO  impl.FollowerState (FollowerState.java:run(108)) - 3989452c-7599-4156-9543-3fe544ced0f3@group-83CFD60236D8-FollowerState: change to CANDIDATE, lastRpcTime:95ms, electionTimeout:95ms
2019-10-16 22:15:31,545 [Thread-3200] INFO  impl.RoleInfo (RoleInfo.java:shutdownFollowerState(121)) - 3989452c-7599-4156-9543-3fe544ced0f3: shutdown FollowerState
2019-10-16 22:15:31,545 [Thread-3200] INFO  impl.RaftServerImpl (RaftServerImpl.java:setRole(184)) - 3989452c-7599-4156-9543-3fe544ced0f3@group-83CFD60236D8: changes role from  FOLLOWER to CANDIDATE at term 370 for changeToCandidate
2019-10-16 22:15:31,545 [Thread-3200] INFO  impl.RoleInfo (RoleInfo.java:updateAndGet(143)) - 3989452c-7599-4156-9543-3fe544ced0f3: start LeaderElection
2019-10-16 22:15:31,557 [3989452c-7599-4156-9543-3fe544ced0f3@group-83CFD60236D8-LeaderElection350] INFO  impl.LeaderElection (LeaderElection.java:askForVotes(178)) - 3989452c-7599-4156-9543-3fe544ced0f3@group-83CFD60236D8-LeaderElection350: begin an election at term 371 for -1: [3989452c-7599-4156-9543-3fe544ced0f3:192.168.157.254:36320, eec99a0c-e1b1-4518-bc49-9d1a8c8e04d5:192.168.157.254:45598, d9e6ea44-93db-446f-8020-a94232284285:192.168.157.254:41671], old=null
2019-10-16 22:15:31,559 [grpc-default-executor-24] INFO  impl.RaftServerImpl (RaftServerImpl.java:setRole(184)) - d9e6ea44-93db-446f-8020-a94232284285@group-83CFD60236D8: changes role from  FOLLOWER to FOLLOWER at term 371 for recognizeCandidate:3989452c-7599-4156-9543-3fe544ced0f3
2019-10-16 22:15:31,560 [grpc-default-executor-24] INFO  impl.RoleInfo (RoleInfo.java:shutdownFollowerState(121)) - d9e6ea44-93db-446f-8020-a94232284285: shutdown FollowerState
2019-10-16 22:15:31,560 [grpc-default-executor-18] INFO  impl.RaftServerImpl (RaftServerImpl.java:setRole(184)) - eec99a0c-e1b1-4518-bc49-9d1a8c8e04d5@group-83CFD60236D8: changes role from  FOLLOWER to FOLLOWER at term 371 for recognizeCandidate:3989452c-7599-4156-9543-3fe544ced0f3
2019-10-16 22:15:31,560 [Thread-3199] INFO  impl.FollowerState (FollowerState.java:run(117)) - d9e6ea44-93db-446f-8020-a94232284285@group-83CFD60236D8-FollowerState was interrupted: java.lang.InterruptedException: sleep interrupted
2019-10-16 22:15:31,560 [grpc-default-executor-24] INFO  impl.RoleInfo (RoleInfo.java:updateAndGet(143)) - d9e6ea44-93db-446f-8020-a94232284285: start FollowerState
2019-10-16 22:15:31,560 [grpc-default-executor-18] INFO  impl.RoleInfo (RoleInfo.java:shutdownFollowerState(121)) - eec99a0c-e1b1-4518-bc49-9d1a8c8e04d5: shutdown FollowerState
2019-10-16 22:15:31,560 [grpc-default-executor-18] INFO  impl.RoleInfo (RoleInfo.java:updateAndGet(143)) - eec99a0c-e1b1-4518-bc49-9d1a8c8e04d5: start FollowerState
2019-10-16 22:15:31,560 [Thread-3198] INFO  impl.FollowerState (FollowerState.java:run(117)) - eec99a0c-e1b1-4518-bc49-9d1a8c8e04d5@group-83CFD60236D8-FollowerState was interrupted: java.lang.InterruptedException: sleep interrupted
2019-10-16 22:15:31,574 [3989452c-7599-4156-9543-3fe544ced0f3@group-83CFD60236D8-LeaderElection350] INFO  impl.LeaderElection (LeaderElection.java:logAndReturn(56)) - 3989452c-7599-4156-9543-3fe544ced0f3@group-83CFD60236D8-LeaderElection350: Election TIMEOUT; received 1 response(s) [3989452c-7599-4156-9543-3fe544ced0f3<-d9e6ea44-93db-446f-8020-a94232284285#0:FAIL-t371] and 0 exception(s); 3989452c-7599-4156-9543-3fe544ced0f3@group-83CFD60236D8:t371, leader=null, voted=3989452c-7599-4156-9543-3fe544ced0f3, raftlog=3989452c-7599-4156-9543-3fe544ced0f3@group-83CFD60236D8-SegmentedRaftLog:OPENED:c-1,f-1,i0, conf=-1: [3989452c-7599-4156-9543-3fe544ced0f3:192.168.157.254:36320, eec99a0c-e1b1-4518-bc49-9d1a8c8e04d5:192.168.157.254:45598, d9e6ea44-93db-446f-8020-a94232284285:192.168.157.254:41671], old=null
2019-10-16 22:15:31,590 [3989452c-7599-4156-9543-3fe544ced0f3@group-83CFD60236D8-LeaderElection350] INFO  impl.LeaderElection (LeaderElection.java:askForVotes(178)) - 3989452c-7599-4156-9543-3fe544ced0f3@group-83CFD60236D8-LeaderElection350: begin an election at term 372 for -1: [3989452c-7599-4156-9543-3fe544ced0f3:192.168.157.254:36320, eec99a0c-e1b1-4518-bc49-9d1a8c8e04d5:192.168.157.254:45598, d9e6ea44-93db-446f-8020-a94232284285:192.168.157.254:41671], old=null
2019-10-16 22:15:31,591 [grpc-default-executor-24] INFO  impl.RaftServerImpl (RaftServerImpl.java:setRole(184)) - eec99a0c-e1b1-4518-bc49-9d1a8c8e04d5@group-83CFD60236D8: changes role from  FOLLOWER to FOLLOWER at term 372 for recognizeCandidate:3989452c-7599-4156-9543-3fe544ced0f3
2019-10-16 22:15:31,592 [grpc-default-executor-24] INFO  impl.RoleInfo (RoleInfo.java:shutdownFollowerState(121)) - eec99a0c-e1b1-4518-bc49-9d1a8c8e04d5: shutdown FollowerState
2019-10-16 22:15:31,592 [grpc-default-executor-18] INFO  impl.RaftServerImpl (RaftServerImpl.java:setRole(184)) - d9e6ea44-93db-446f-8020-a94232284285@group-83CFD60236D8: changes role from  FOLLOWER to FOLLOWER at term 372 for recognizeCandidate:3989452c-7599-4156-9543-3fe544ced0f3
2019-10-16 22:15:31,592 [grpc-default-executor-18] INFO  impl.RoleInfo (RoleInfo.java:shutdownFollowerState(121)) - d9e6ea44-93db-446f-8020-a94232284285: shutdown FollowerState
2019-10-16 22:15:31,592 [Thread-3205] INFO  impl.FollowerState (FollowerState.java:run(117)) - eec99a0c-e1b1-4518-bc49-9d1a8c8e04d5@group-83CFD60236D8-FollowerState was interrupted: java.lang.InterruptedException: sleep interrupted
2019-10-16 22:15:31,592 [grpc-default-executor-24] INFO  impl.RoleInfo (RoleInfo.java:updateAndGet(143)) - eec99a0c-e1b1-4518-bc49-9d1a8c8e04d5: start FollowerState
2019-10-16 22:15:31,592 [Thread-3204] INFO  impl.FollowerState (FollowerState.java:run(117)) - d9e6ea44-93db-446f-8020-a94232284285@group-83CFD60236D8-FollowerState was interrupted: java.lang.InterruptedException: sleep interrupted
2019-10-16 22:15:31,592 [grpc-default-executor-18] INFO  impl.RoleInfo (RoleInfo.java:updateAndGet(143)) - d9e6ea44-93db-446f-8020-a94232284285: start FollowerState
2019-10-16 22:15:31,605 [3989452c-7599-4156-9543-3fe544ced0f3@group-83CFD60236D8-LeaderElection350] INFO  impl.LeaderElection (LeaderElection.java:logAndReturn(56)) - 3989452c-7599-4156-9543-3fe544ced0f3@group-83CFD60236D8-LeaderElection350: Election REJECTED; received 2 response(s) [3989452c-7599-4156-9543-3fe544ced0f3<-eec99a0c-e1b1-4518-bc49-9d1a8c8e04d5#0:FAIL-t372, 3989452c-7599-4156-9543-3fe544ced0f3<-d9e6ea44-93db-446f-8020-a94232284285#0:FAIL-t372] and 0 exception(s); 3989452c-7599-4156-9543-3fe544ced0f3@group-83CFD60236D8:t372, leader=null, voted=3989452c-7599-4156-9543-3fe544ced0f3, raftlog=3989452c-7599-4156-9543-3fe544ced0f3@group-83CFD60236D8-SegmentedRaftLog:OPENED:c-1,f-1,i0, conf=-1: [3989452c-7599-4156-9543-3fe544ced0f3:192.168.157.254:36320, eec99a0c-e1b1-4518-bc49-9d1a8c8e04d5:192.168.157.254:45598, d9e6ea44-93db-446f-8020-a94232284285:192.168.157.254:41671], old=null
2019-10-16 22:15:31,605 [3989452c-7599-4156-9543-3fe544ced0f3@group-83CFD60236D8-LeaderElection350] INFO  impl.RaftServerImpl (RaftServerImpl.java:setRole(184)) - 3989452c-7599-4156-9543-3fe544ced0f3@group-83CFD60236D8: changes role from CANDIDATE to FOLLOWER at term 372 for DISCOVERED_A_NEW_TERM
2019-10-16 22:15:31,605 [3989452c-7599-4156-9543-3fe544ced0f3@group-83CFD60236D8-LeaderElection350] INFO  impl.RoleInfo (RoleInfo.java:shutdownLeaderElection(134)) - 3989452c-7599-4156-9543-3fe544ced0f3: shutdown LeaderElection
2019-10-16 22:15:31,605 [3989452c-7599-4156-9543-3fe544ced0f3@group-83CFD60236D8-LeaderElection350] INFO  impl.RoleInfo (RoleInfo.java:updateAndGet(143)) - 3989452c-7599-4156-9543-3fe544ced0f3: start FollowerState
2019-10-16 22:15:31,718 [Thread-3210] INFO  impl.FollowerState (FollowerState.java:run(108)) - 3989452c-7599-4156-9543-3fe544ced0f3@group-83CFD60236D8-FollowerState: change to CANDIDATE, lastRpcTime:112ms, electionTimeout:112ms
2019-10-16 22:15:31,718 [Thread-3210] INFO  impl.RoleInfo (RoleInfo.java:shutdownFollowerState(121)) - 3989452c-7599-4156-9543-3fe544ced0f3: shutdown FollowerState
2019-10-16 22:15:31,718 [Thread-3210] INFO  impl.RaftServerImpl (RaftServerImpl.java:setRole(184)) - 3989452c-7599-4156-9543-3fe544ced0f3@group-83CFD60236D8: changes role from  FOLLOWER to CANDIDATE at term 372 for changeToCandidate
2019-10-16 22:15:31,718 [Thread-3210] INFO  impl.RoleInfo (RoleInfo.java:updateAndGet(143)) - 3989452c-7599-4156-9543-3fe544ced0f3: start LeaderElection
2019-10-16 22:15:31,734 [3989452c-7599-4156-9543-3fe544ced0f3@group-83CFD60236D8-LeaderElection351] INFO  impl.LeaderElection (LeaderElection.java:askForVotes(178)) - 3989452c-7599-4156-9543-3fe544ced0f3@group-83CFD60236D8-LeaderElection351: begin an election at term 373 for -1: [3989452c-7599-4156-9543-3fe544ced0f3:192.168.157.254:36320, eec99a0c-e1b1-4518-bc49-9d1a8c8e04d5:192.168.157.254:45598, d9e6ea44-93db-446f-8020-a94232284285:192.168.157.254:41671], old=null
2019-10-16 22:15:31,737 [grpc-default-executor-24] INFO  impl.RaftServerImpl (RaftServerImpl.java:setRole(184)) - d9e6ea44-93db-446f-8020-a94232284285@group-83CFD60236D8: changes role from  FOLLOWER to FOLLOWER at term 373 for recognizeCandidate:3989452c-7599-4156-9543-3fe544ced0f3
2019-10-16 22:15:31,737 [grpc-default-executor-24] INFO  impl.RoleInfo (RoleInfo.java:shutdownFollowerState(121)) - d9e6ea44-93db-446f-8020-a94232284285: shutdown FollowerState
2019-10-16 22:15:31,737 [grpc-default-executor-18] INFO  impl.RaftServerImpl (RaftServerImpl.java:setRole(184)) - eec99a0c-e1b1-4518-bc49-9d1a8c8e04d5@group-83CFD60236D8: changes role from  FOLLOWER to FOLLOWER at term 373 for recognizeCandidate:3989452c-7599-4156-9543-3fe544ced0f3
2019-10-16 22:15:31,737 [Thread-3209] INFO  impl.FollowerState (FollowerState.java:run(117)) - d9e6ea44-93db-446f-8020-a94232284285@group-83CFD60236D8-FollowerState was interrupted: java.lang.InterruptedException: sleep interrupted
2019-10-16 22:15:31,737 [grpc-default-executor-24] INFO  impl.RoleInfo (RoleInfo.java:updateAndGet(143)) - d9e6ea44-93db-446f-8020-a94232284285: start FollowerState
2019-10-16 22:15:31,737 [grpc-default-executor-18] INFO  impl.RoleInfo (RoleInfo.java:shutdownFollowerState(121)) - eec99a0c-e1b1-4518-bc49-9d1a8c8e04d5: shutdown FollowerState
2019-10-16 22:15:31,737 [grpc-default-executor-18] INFO  impl.RoleInfo (RoleInfo.java:updateAndGet(143)) - eec99a0c-e1b1-4518-bc49-9d1a8c8e04d5: start FollowerState
2019-10-16 22:15:31,737 [Thread-3208] INFO  impl.FollowerState (FollowerState.java:run(117)) - eec99a0c-e1b1-4518-bc49-9d1a8c8e04d5@group-83CFD60236D8-FollowerState was interrupted: java.lang.InterruptedException: sleep interrupted
2019-10-16 22:15:31,741 [3989452c-7599-4156-9543-3fe544ced0f3@group-83CFD60236D8-LeaderElection351] INFO  impl.LeaderElection (LeaderElection.java:logAndReturn(56)) - 3989452c-7599-4156-9543-3fe544ced0f3@group-83CFD60236D8-LeaderElection351: Election REJECTED; received 2 response(s) [3989452c-7599-4156-9543-3fe544ced0f3<-eec99a0c-e1b1-4518-bc49-9d1a8c8e04d5#0:FAIL-t373, 3989452c-7599-4156-9543-3fe544ced0f3<-d9e6ea44-93db-446f-8020-a94232284285#0:FAIL-t373] and 0 exception(s); 3989452c-7599-4156-9543-3fe544ced0f3@group-83CFD60236D8:t373, leader=null, voted=3989452c-7599-4156-9543-3fe544ced0f3, raftlog=3989452c-7599-4156-9543-3fe544ced0f3@group-83CFD60236D8-SegmentedRaftLog:OPENED:c-1,f-1,i0, conf=-1: [3989452c-7599-4156-9543-3fe544ced0f3:192.168.157.254:36320, eec99a0c-e1b1-4518-bc49-9d1a8c8e04d5:192.168.157.254:45598, d9e6ea44-93db-446f-8020-a94232284285:192.168.157.254:41671], old=null
2019-10-16 22:15:31,741 [3989452c-7599-4156-9543-3fe544ced0f3@group-83CFD60236D8-LeaderElection351] INFO  impl.RaftServerImpl (RaftServerImpl.java:setRole(184)) - 3989452c-7599-4156-9543-3fe544ced0f3@group-83CFD60236D8: changes role from CANDIDATE to FOLLOWER at term 373 for DISCOVERED_A_NEW_TERM
2019-10-16 22:15:31,741 [3989452c-7599-4156-9543-3fe544ced0f3@group-83CFD60236D8-LeaderElection351] INFO  impl.RoleInfo (RoleInfo.java:shutdownLeaderElection(134)) - 3989452c-7599-4156-9543-3fe544ced0f3: shutdown LeaderElection
2019-10-16 22:15:31,741 [3989452c-7599-4156-9543-3fe544ced0f3@group-83CFD60236D8-LeaderElection351] INFO  impl.RoleInfo (RoleInfo.java:updateAndGet(143)) - 3989452c-7599-4156-9543-3fe544ced0f3: start FollowerState
2019-10-16 22:15:31,850 [EventQueue-PipelineReportForPipelineReportHandler] INFO  pipeline.PipelineReportHandler (PipelineReportHandler.java:processPipelineReport(119)) - Pipeline PipelineID=1bd62df8-80bc-4ac0-888f-83cfd60236d8 reported by eec99a0c-e1b1-4518-bc49-9d1a8c8e04d5{ip: 192.168.157.254, host: pr-hdds-1868-qdb9g-714931517, networkLocation: /default-rack, certSerialId: null} with leaderId d9e6ea44-93db-446f-8020-a94232284285
2019-10-16 22:15:31,882 [Thread-3216] INFO  impl.FollowerState (FollowerState.java:run(108)) - 3989452c-7599-4156-9543-3fe544ced0f3@group-83CFD60236D8-FollowerState: change to CANDIDATE, lastRpcTime:140ms, electionTimeout:140ms
2019-10-16 22:15:31,882 [Thread-3216] INFO  impl.RoleInfo (RoleInfo.java:shutdownFollowerState(121)) - 3989452c-7599-4156-9543-3fe544ced0f3: shutdown FollowerState
2019-10-16 22:15:31,882 [Thread-3216] INFO  impl.RaftServerImpl (RaftServerImpl.java:setRole(184)) - 3989452c-7599-4156-9543-3fe544ced0f3@group-83CFD60236D8: changes role from  FOLLOWER to CANDIDATE at term 373 for changeToCandidate
2019-10-16 22:15:31,882 [Thread-3216] INFO  impl.RoleInfo (RoleInfo.java:updateAndGet(143)) - 3989452c-7599-4156-9543-3fe544ced0f3: start LeaderElection
2019-10-16 22:15:31,899 [3989452c-7599-4156-9543-3fe544ced0f3@group-83CFD60236D8-LeaderElection352] INFO  impl.LeaderElection (LeaderElection.java:askForVotes(178)) - 3989452c-7599-4156-9543-3fe544ced0f3@group-83CFD60236D8-LeaderElection352: begin an election at term 374 for -1: [3989452c-7599-4156-9543-3fe544ced0f3:192.168.157.254:36320, eec99a0c-e1b1-4518-bc49-9d1a8c8e04d5:192.168.157.254:45598, d9e6ea44-93db-446f-8020-a94232284285:192.168.157.254:41671], old=null
2019-10-16 22:15:31,902 [grpc-default-executor-24] INFO  impl.RaftServerImpl (RaftServerImpl.java:setRole(184)) - eec99a0c-e1b1-4518-bc49-9d1a8c8e04d5@group-83CFD60236D8: changes role from  FOLLOWER to FOLLOWER at term 374 for recognizeCandidate:3989452c-7599-4156-9543-3fe544ced0f3
2019-10-16 22:15:31,903 [grpc-default-executor-18] INFO  impl.RaftServerImpl (RaftServerImpl.java:setRole(184)) - d9e6ea44-93db-446f-8020-a94232284285@group-83CFD60236D8: changes role from  FOLLOWER to FOLLOWER at term 374 for recognizeCandidate:3989452c-7599-4156-9543-3fe544ced0f3
2019-10-16 22:15:31,903 [grpc-default-executor-24] INFO  impl.RoleInfo (RoleInfo.java:shutdownFollowerState(121)) - eec99a0c-e1b1-4518-bc49-9d1a8c8e04d5: shutdown FollowerState
2019-10-16 22:15:31,903 [grpc-default-executor-18] INFO  impl.RoleInfo (RoleInfo.java:shutdownFollowerState(121)) - d9e6ea44-93db-446f-8020-a94232284285: shutdown FollowerState
2019-10-16 22:15:31,903 [grpc-default-executor-24] INFO  impl.RoleInfo (RoleInfo.java:updateAndGet(143)) - eec99a0c-e1b1-4518-bc49-9d1a8c8e04d5: start FollowerState
2019-10-16 22:15:31,904 [grpc-default-executor-18] INFO  impl.RoleInfo (RoleInfo.java:updateAndGet(143)) - d9e6ea44-93db-446f-8020-a94232284285: start FollowerState
2019-10-16 22:15:31,904 [Thread-3214] INFO  impl.FollowerState (FollowerState.java:run(117)) - d9e6ea44-93db-446f-8020-a94232284285@group-83CFD60236D8-FollowerState was interrupted: java.lang.InterruptedException: sleep interrupted
2019-10-16 22:15:31,903 [Thread-3215] INFO  impl.FollowerState (FollowerState.java:run(117)) - eec99a0c-e1b1-4518-bc49-9d1a8c8e04d5@group-83CFD60236D8-FollowerState was interrupted: java.lang.InterruptedException: sleep interrupted
2019-10-16 22:15:31,920 [3989452c-7599-4156-9543-3fe544ced0f3@group-83CFD60236D8-LeaderElection352] INFO  impl.LeaderElection (LeaderElection.java:logAndReturn(56)) - 3989452c-7599-4156-9543-3fe544ced0f3@group-83CFD60236D8-LeaderElection352: Election REJECTED; received 2 response(s) [3989452c-7599-4156-9543-3fe544ced0f3<-eec99a0c-e1b1-4518-bc49-9d1a8c8e04d5#0:FAIL-t374, 3989452c-7599-4156-9543-3fe544ced0f3<-d9e6ea44-93db-446f-8020-a94232284285#0:FAIL-t374] and 0 exception(s); 3989452c-7599-4156-9543-3fe544ced0f3@group-83CFD60236D8:t374, leader=null, voted=3989452c-7599-4156-9543-3fe544ced0f3, raftlog=3989452c-7599-4156-9543-3fe544ced0f3@group-83CFD60236D8-SegmentedRaftLog:OPENED:c-1,f-1,i0, conf=-1: [3989452c-7599-4156-9543-3fe544ced0f3:192.168.157.254:36320, eec99a0c-e1b1-4518-bc49-9d1a8c8e04d5:192.168.157.254:45598, d9e6ea44-93db-446f-8020-a94232284285:192.168.157.254:41671], old=null
2019-10-16 22:15:31,920 [3989452c-7599-4156-9543-3fe544ced0f3@group-83CFD60236D8-LeaderElection352] INFO  impl.RaftServerImpl (RaftServerImpl.java:setRole(184)) - 3989452c-7599-4156-9543-3fe544ced0f3@group-83CFD60236D8: changes role from CANDIDATE to FOLLOWER at term 374 for DISCOVERED_A_NEW_TERM
2019-10-16 22:15:31,920 [3989452c-7599-4156-9543-3fe544ced0f3@group-83CFD60236D8-LeaderElection352] INFO  impl.RoleInfo (RoleInfo.java:shutdownLeaderElection(134)) - 3989452c-7599-4156-9543-3fe544ced0f3: shutdown LeaderElection
2019-10-16 22:15:31,920 [3989452c-7599-4156-9543-3fe544ced0f3@group-83CFD60236D8-LeaderElection352] INFO  impl.RoleInfo (RoleInfo.java:updateAndGet(143)) - 3989452c-7599-4156-9543-3fe544ced0f3: start FollowerState
2019-10-16 22:15:31,946 [Thread-3222] INFO  impl.FollowerState (FollowerState.java:run(108)) - 3989452c-7599-4156-9543-3fe544ced0f3@group-83CFD60236D8-FollowerState: change to CANDIDATE, lastRpcTime:25ms, electionTimeout:25ms
2019-10-16 22:15:31,946 [Thread-3222] INFO  impl.RoleInfo (RoleInfo.java:shutdownFollowerState(121)) - 3989452c-7599-4156-9543-3fe544ced0f3: shutdown FollowerState
2019-10-16 22:15:31,946 [Thread-3222] INFO  impl.RaftServerImpl (RaftServerImpl.java:setRole(184)) - 3989452c-7599-4156-9543-3fe544ced0f3@group-83CFD60236D8: changes role from  FOLLOWER to CANDIDATE at term 374 for changeToCandidate
2019-10-16 22:15:31,946 [Thread-3222] INFO  impl.RoleInfo (RoleInfo.java:updateAndGet(143)) - 3989452c-7599-4156-9543-3fe544ced0f3: start LeaderElection
2019-10-16 22:15:31,959 [3989452c-7599-4156-9543-3fe544ced0f3@group-83CFD60236D8-LeaderElection353] INFO  impl.LeaderElection (LeaderElection.java:askForVotes(178)) - 3989452c-7599-4156-9543-3fe544ced0f3@group-83CFD60236D8-LeaderElection353: begin an election at term 375 for -1: [3989452c-7599-4156-9543-3fe544ced0f3:192.168.157.254:36320, eec99a0c-e1b1-4518-bc49-9d1a8c8e04d5:192.168.157.254:45598, d9e6ea44-93db-446f-8020-a94232284285:192.168.157.254:41671], old=null
2019-10-16 22:15:31,960 [grpc-default-executor-24] INFO  impl.RaftServerImpl (RaftServerImpl.java:setRole(184)) - eec99a0c-e1b1-4518-bc49-9d1a8c8e04d5@group-83CFD60236D8: changes role from  FOLLOWER to FOLLOWER at term 375 for recognizeCandidate:3989452c-7599-4156-9543-3fe544ced0f3
2019-10-16 22:15:31,960 [grpc-default-executor-24] INFO  impl.RoleInfo (RoleInfo.java:shutdownFollowerState(121)) - eec99a0c-e1b1-4518-bc49-9d1a8c8e04d5: shutdown FollowerState
2019-10-16 22:15:31,961 [grpc-default-executor-24] INFO  impl.RoleInfo (RoleInfo.java:updateAndGet(143)) - eec99a0c-e1b1-4518-bc49-9d1a8c8e04d5: start FollowerState
2019-10-16 22:15:31,961 [grpc-default-executor-18] INFO  impl.RaftServerImpl (RaftServerImpl.java:setRole(184)) - d9e6ea44-93db-446f-8020-a94232284285@group-83CFD60236D8: changes role from  FOLLOWER to FOLLOWER at term 375 for recognizeCandidate:3989452c-7599-4156-9543-3fe544ced0f3
2019-10-16 22:15:31,961 [Thread-3220] INFO  impl.FollowerState (FollowerState.java:run(117)) - eec99a0c-e1b1-4518-bc49-9d1a8c8e04d5@group-83CFD60236D8-FollowerState was interrupted: java.lang.InterruptedException: sleep interrupted
2019-10-16 22:15:31,961 [grpc-default-executor-18] INFO  impl.RoleInfo (RoleInfo.java:shutdownFollowerState(121)) - d9e6ea44-93db-446f-8020-a94232284285: shutdown FollowerState
2019-10-16 22:15:31,961 [Thread-3221] INFO  impl.FollowerState (FollowerState.java:run(117)) - d9e6ea44-93db-446f-8020-a94232284285@group-83CFD60236D8-FollowerState was interrupted: java.lang.InterruptedException: sleep interrupted
2019-10-16 22:15:31,961 [grpc-default-executor-18] INFO  impl.RoleInfo (RoleInfo.java:updateAndGet(143)) - d9e6ea44-93db-446f-8020-a94232284285: start FollowerState
2019-10-16 22:15:31,986 [3989452c-7599-4156-9543-3fe544ced0f3@group-83CFD60236D8-LeaderElection353] INFO  impl.LeaderElection (LeaderElection.java:logAndReturn(56)) - 3989452c-7599-4156-9543-3fe544ced0f3@group-83CFD60236D8-LeaderElection353: Election REJECTED; received 2 response(s) [3989452c-7599-4156-9543-3fe544ced0f3<-eec99a0c-e1b1-4518-bc49-9d1a8c8e04d5#0:FAIL-t375, 3989452c-7599-4156-9543-3fe544ced0f3<-d9e6ea44-93db-446f-8020-a94232284285#0:FAIL-t375] and 0 exception(s); 3989452c-7599-4156-9543-3fe544ced0f3@group-83CFD60236D8:t375, leader=null, voted=3989452c-7599-4156-9543-3fe544ced0f3, raftlog=3989452c-7599-4156-9543-3fe544ced0f3@group-83CFD60236D8-SegmentedRaftLog:OPENED:c-1,f-1,i0, conf=-1: [3989452c-7599-4156-9543-3fe544ced0f3:192.168.157.254:36320, eec99a0c-e1b1-4518-bc49-9d1a8c8e04d5:192.168.157.254:45598, d9e6ea44-93db-446f-8020-a94232284285:192.168.157.254:41671], old=null
2019-10-16 22:15:31,987 [3989452c-7599-4156-9543-3fe544ced0f3@group-83CFD60236D8-LeaderElection353] INFO  impl.RaftServerImpl (RaftServerImpl.java:setRole(184)) - 3989452c-7599-4156-9543-3fe544ced0f3@group-83CFD60236D8: changes role from CANDIDATE to FOLLOWER at term 375 for DISCOVERED_A_NEW_TERM
2019-10-16 22:15:31,987 [3989452c-7599-4156-9543-3fe544ced0f3@group-83CFD60236D8-LeaderElection353] INFO  impl.RoleInfo (RoleInfo.java:shutdownLeaderElection(134)) - 3989452c-7599-4156-9543-3fe544ced0f3: shutdown LeaderElection
2019-10-16 22:15:31,987 [3989452c-7599-4156-9543-3fe544ced0f3@group-83CFD60236D8-LeaderElection353] INFO  impl.RoleInfo (RoleInfo.java:updateAndGet(143)) - 3989452c-7599-4156-9543-3fe544ced0f3: start FollowerState
 0.00% |?                                                                                                    |  0/1 Time: 0:06:482019-10-16 22:15:32,156 [Thread-3228] INFO  impl.FollowerState (FollowerState.java:run(108)) - 3989452c-7599-4156-9543-3fe544ced0f3@group-83CFD60236D8-FollowerState: change to CANDIDATE, lastRpcTime:169ms, electionTimeout:169ms
2019-10-16 22:15:32,156 [Thread-3228] INFO  impl.RoleInfo (RoleInfo.java:shutdownFollowerState(121)) - 3989452c-7599-4156-9543-3fe544ced0f3: shutdown FollowerState
2019-10-16 22:15:32,157 [Thread-3228] INFO  impl.RaftServerImpl (RaftServerImpl.java:setRole(184)) - 3989452c-7599-4156-9543-3fe544ced0f3@group-83CFD60236D8: changes role from  FOLLOWER to CANDIDATE at term 375 for changeToCandidate
2019-10-16 22:15:32,157 [Thread-3228] INFO  impl.RoleInfo (RoleInfo.java:updateAndGet(143)) - 3989452c-7599-4156-9543-3fe544ced0f3: start LeaderElection
2019-10-16 22:15:32,173 [3989452c-7599-4156-9543-3fe544ced0f3@group-83CFD60236D8-LeaderElection354] INFO  impl.LeaderElection (LeaderElection.java:askForVotes(178)) - 3989452c-7599-4156-9543-3fe544ced0f3@group-83CFD60236D8-LeaderElection354: begin an election at term 376 for -1: [3989452c-7599-4156-9543-3fe544ced0f3:192.168.157.254:36320, eec99a0c-e1b1-4518-bc49-9d1a8c8e04d5:192.168.157.254:45598, d9e6ea44-93db-446f-8020-a94232284285:192.168.157.254:41671], old=null
2019-10-16 22:15:32,175 [grpc-default-executor-24] INFO  impl.RaftServerImpl (RaftServerImpl.java:setRole(184)) - eec99a0c-e1b1-4518-bc49-9d1a8c8e04d5@group-83CFD60236D8: changes role from  FOLLOWER to FOLLOWER at term 376 for recognizeCandidate:3989452c-7599-4156-9543-3fe544ced0f3
2019-10-16 22:15:32,175 [grpc-default-executor-18] INFO  impl.RaftServerImpl (RaftServerImpl.java:setRole(184)) - d9e6ea44-93db-446f-8020-a94232284285@group-83CFD60236D8: changes role from  FOLLOWER to FOLLOWER at term 376 for recognizeCandidate:3989452c-7599-4156-9543-3fe544ced0f3
2019-10-16 22:15:32,175 [grpc-default-executor-24] INFO  impl.RoleInfo (RoleInfo.java:shutdownFollowerState(121)) - eec99a0c-e1b1-4518-bc49-9d1a8c8e04d5: shutdown FollowerState
2019-10-16 22:15:32,175 [grpc-default-executor-18] INFO  impl.RoleInfo (RoleInfo.java:shutdownFollowerState(121)) - d9e6ea44-93db-446f-8020-a94232284285: shutdown FollowerState
2019-10-16 22:15:32,176 [grpc-default-executor-24] INFO  impl.RoleInfo (RoleInfo.java:updateAndGet(143)) - eec99a0c-e1b1-4518-bc49-9d1a8c8e04d5: start FollowerState
2019-10-16 22:15:32,176 [Thread-3227] INFO  impl.FollowerState (FollowerState.java:run(117)) - d9e6ea44-93db-446f-8020-a94232284285@group-83CFD60236D8-FollowerState was interrupted: java.lang.InterruptedException: sleep interrupted
2019-10-16 22:15:32,176 [grpc-default-executor-18] INFO  impl.RoleInfo (RoleInfo.java:updateAndGet(143)) - d9e6ea44-93db-446f-8020-a94232284285: start FollowerState
2019-10-16 22:15:32,176 [Thread-3226] INFO  impl.FollowerState (FollowerState.java:run(117)) - eec99a0c-e1b1-4518-bc49-9d1a8c8e04d5@group-83CFD60236D8-FollowerState was interrupted: java.lang.InterruptedException: sleep interrupted
2019-10-16 22:15:32,190 [3989452c-7599-4156-9543-3fe544ced0f3@group-83CFD60236D8-LeaderElection354] INFO  impl.LeaderElection (LeaderElection.java:logAndReturn(56)) - 3989452c-7599-4156-9543-3fe544ced0f3@group-83CFD60236D8-LeaderElection354: Election REJECTED; received 2 response(s) [3989452c-7599-4156-9543-3fe544ced0f3<-eec99a0c-e1b1-4518-bc49-9d1a8c8e04d5#0:FAIL-t376, 3989452c-7599-4156-9543-3fe544ced0f3<-d9e6ea44-93db-446f-8020-a94232284285#0:FAIL-t376] and 0 exception(s); 3989452c-7599-4156-9543-3fe544ced0f3@group-83CFD60236D8:t376, leader=null, voted=3989452c-7599-4156-9543-3fe544ced0f3, raftlog=3989452c-7599-4156-9543-3fe544ced0f3@group-83CFD60236D8-SegmentedRaftLog:OPENED:c-1,f-1,i0, conf=-1: [3989452c-7599-4156-9543-3fe544ced0f3:192.168.157.254:36320, eec99a0c-e1b1-4518-bc49-9d1a8c8e04d5:192.168.157.254:45598, d9e6ea44-93db-446f-8020-a94232284285:192.168.157.254:41671], old=null
2019-10-16 22:15:32,190 [3989452c-7599-4156-9543-3fe544ced0f3@group-83CFD60236D8-LeaderElection354] INFO  impl.RaftServerImpl (RaftServerImpl.java:setRole(184)) - 3989452c-7599-4156-9543-3fe544ced0f3@group-83CFD60236D8: changes role from CANDIDATE to FOLLOWER at term 376 for DISCOVERED_A_NEW_TERM
2019-10-16 22:15:32,191 [3989452c-7599-4156-9543-3fe544ced0f3@group-83CFD60236D8-LeaderElection354] INFO  impl.RoleInfo (RoleInfo.java:shutdownLeaderElection(134)) - 3989452c-7599-4156-9543-3fe544ced0f3: shutdown LeaderElection
2019-10-16 22:15:32,191 [3989452c-7599-4156-9543-3fe544ced0f3@group-83CFD60236D8-LeaderElection354] INFO  impl.RoleInfo (RoleInfo.java:updateAndGet(143)) - 3989452c-7599-4156-9543-3fe544ced0f3: start FollowerState
2019-10-16 22:15:32,220 [Thread-3234] INFO  impl.FollowerState (FollowerState.java:run(108)) - 3989452c-7599-4156-9543-3fe544ced0f3@group-83CFD60236D8-FollowerState: change to CANDIDATE, lastRpcTime:29ms, electionTimeout:29ms
2019-10-16 22:15:32,220 [Thread-3234] INFO  impl.RoleInfo (RoleInfo.java:shutdownFollowerState(121)) - 3989452c-7599-4156-9543-3fe544ced0f3: shutdown FollowerState
2019-10-16 22:15:32,220 [Thread-3234] INFO  impl.RaftServerImpl (RaftServerImpl.java:setRole(184)) - 3989452c-7599-4156-9543-3fe544ced0f3@group-83CFD60236D8: changes role from  FOLLOWER to CANDIDATE at term 376 for changeToCandidate
2019-10-16 22:15:32,220 [Thread-3234] INFO  impl.RoleInfo (RoleInfo.java:updateAndGet(143)) - 3989452c-7599-4156-9543-3fe544ced0f3: start LeaderElection
2019-10-16 22:15:32,245 [3989452c-7599-4156-9543-3fe544ced0f3@group-83CFD60236D8-LeaderElection355] INFO  impl.LeaderElection (LeaderElection.java:askForVotes(178)) - 3989452c-7599-4156-9543-3fe544ced0f3@group-83CFD60236D8-LeaderElection355: begin an election at term 377 for -1: [3989452c-7599-4156-9543-3fe544ced0f3:192.168.157.254:36320, eec99a0c-e1b1-4518-bc49-9d1a8c8e04d5:192.168.157.254:45598, d9e6ea44-93db-446f-8020-a94232284285:192.168.157.254:41671], old=null
2019-10-16 22:15:32,247 [grpc-default-executor-18] INFO  impl.RaftServerImpl (RaftServerImpl.java:setRole(184)) - eec99a0c-e1b1-4518-bc49-9d1a8c8e04d5@group-83CFD60236D8: changes role from  FOLLOWER to FOLLOWER at term 377 for recognizeCandidate:3989452c-7599-4156-9543-3fe544ced0f3
2019-10-16 22:15:32,247 [grpc-default-executor-24] INFO  impl.RaftServerImpl (RaftServerImpl.java:setRole(184)) - d9e6ea44-93db-446f-8020-a94232284285@group-83CFD60236D8: changes role from  FOLLOWER to FOLLOWER at term 377 for recognizeCandidate:3989452c-7599-4156-9543-3fe544ced0f3
2019-10-16 22:15:32,247 [grpc-default-executor-24] INFO  impl.RoleInfo (RoleInfo.java:shutdownFollowerState(121)) - d9e6ea44-93db-446f-8020-a94232284285: shutdown FollowerState
2019-10-16 22:15:32,247 [grpc-default-executor-18] INFO  impl.RoleInfo (RoleInfo.java:shutdownFollowerState(121)) - eec99a0c-e1b1-4518-bc49-9d1a8c8e04d5: shutdown FollowerState
2019-10-16 22:15:32,247 [Thread-3233] INFO  impl.FollowerState (FollowerState.java:run(117)) - d9e6ea44-93db-446f-8020-a94232284285@group-83CFD60236D8-FollowerState was interrupted: java.lang.InterruptedException: sleep interrupted
2019-10-16 22:15:32,247 [Thread-3232] INFO  impl.FollowerState (FollowerState.java:run(117)) - eec99a0c-e1b1-4518-bc49-9d1a8c8e04d5@group-83CFD60236D8-FollowerState was interrupted: java.lang.InterruptedException: sleep interrupted
2019-10-16 22:15:32,247 [grpc-default-executor-24] INFO  impl.RoleInfo (RoleInfo.java:updateAndGet(143)) - d9e6ea44-93db-446f-8020-a94232284285: start FollowerState
2019-10-16 22:15:32,247 [grpc-default-executor-18] INFO  impl.RoleInfo (RoleInfo.java:updateAndGet(143)) - eec99a0c-e1b1-4518-bc49-9d1a8c8e04d5: start FollowerState
2019-10-16 22:15:32,263 [3989452c-7599-4156-9543-3fe544ced0f3@group-83CFD60236D8-LeaderElection355] INFO  impl.LeaderElection (LeaderElection.java:logAndReturn(56)) - 3989452c-7599-4156-9543-3fe544ced0f3@group-83CFD60236D8-LeaderElection355: Election REJECTED; received 2 response(s) [3989452c-7599-4156-9543-3fe544ced0f3<-eec99a0c-e1b1-4518-bc49-9d1a8c8e04d5#0:FAIL-t377, 3989452c-7599-4156-9543-3fe544ced0f3<-d9e6ea44-93db-446f-8020-a94232284285#0:FAIL-t377] and 0 exception(s); 3989452c-7599-4156-9543-3fe544ced0f3@group-83CFD60236D8:t377, leader=null, voted=3989452c-7599-4156-9543-3fe544ced0f3, raftlog=3989452c-7599-4156-9543-3fe544ced0f3@group-83CFD60236D8-SegmentedRaftLog:OPENED:c-1,f-1,i0, conf=-1: [3989452c-7599-4156-9543-3fe544ced0f3:192.168.157.254:36320, eec99a0c-e1b1-4518-bc49-9d1a8c8e04d5:192.168.157.254:45598, d9e6ea44-93db-446f-8020-a94232284285:192.168.157.254:41671], old=null
2019-10-16 22:15:32,263 [3989452c-7599-4156-9543-3fe544ced0f3@group-83CFD60236D8-LeaderElection355] INFO  impl.RaftServerImpl (RaftServerImpl.java:setRole(184)) - 3989452c-7599-4156-9543-3fe544ced0f3@group-83CFD60236D8: changes role from CANDIDATE to FOLLOWER at term 377 for DISCOVERED_A_NEW_TERM
2019-10-16 22:15:32,263 [3989452c-7599-4156-9543-3fe544ced0f3@group-83CFD60236D8-LeaderElection355] INFO  impl.RoleInfo (RoleInfo.java:shutdownLeaderElection(134)) - 3989452c-7599-4156-9543-3fe544ced0f3: shutdown LeaderElection
2019-10-16 22:15:32,263 [3989452c-7599-4156-9543-3fe544ced0f3@group-83CFD60236D8-LeaderElection355] INFO  impl.RoleInfo (RoleInfo.java:updateAndGet(143)) - 3989452c-7599-4156-9543-3fe544ced0f3: start FollowerState
2019-10-16 22:15:32,316 [Thread-3240] INFO  impl.FollowerState (FollowerState.java:run(108)) - 3989452c-7599-4156-9543-3fe544ced0f3@group-83CFD60236D8-FollowerState: change to CANDIDATE, lastRpcTime:53ms, electionTimeout:53ms
2019-10-16 22:15:32,316 [Thread-3240] INFO  impl.RoleInfo (RoleInfo.java:shutdownFollowerState(121)) - 3989452c-7599-4156-9543-3fe544ced0f3: shutdown FollowerState
2019-10-16 22:15:32,317 [Thread-3240] INFO  impl.RaftServerImpl (RaftServerImpl.java:setRole(184)) - 3989452c-7599-4156-9543-3fe544ced0f3@group-83CFD60236D8: changes role from  FOLLOWER to CANDIDATE at term 377 for changeToCandidate
2019-10-16 22:15:32,317 [Thread-3240] INFO  impl.RoleInfo (RoleInfo.java:updateAndGet(143)) - 3989452c-7599-4156-9543-3fe544ced0f3: start LeaderElection
2019-10-16 22:15:32,332 [3989452c-7599-4156-9543-3fe544ced0f3@group-83CFD60236D8-LeaderElection356] INFO  impl.LeaderElection (LeaderElection.java:askForVotes(178)) - 3989452c-7599-4156-9543-3fe544ced0f3@group-83CFD60236D8-LeaderElection356: begin an election at term 378 for -1: [3989452c-7599-4156-9543-3fe544ced0f3:192.168.157.254:36320, eec99a0c-e1b1-4518-bc49-9d1a8c8e04d5:192.168.157.254:45598, d9e6ea44-93db-446f-8020-a94232284285:192.168.157.254:41671], old=null
2019-10-16 22:15:32,333 [grpc-default-executor-24] INFO  impl.RaftServerImpl (RaftServerImpl.java:setRole(184)) - eec99a0c-e1b1-4518-bc49-9d1a8c8e04d5@group-83CFD60236D8: changes role from  FOLLOWER to FOLLOWER at term 378 for recognizeCandidate:3989452c-7599-4156-9543-3fe544ced0f3
2019-10-16 22:15:32,333 [grpc-default-executor-24] INFO  impl.RoleInfo (RoleInfo.java:shutdownFollowerState(121)) - eec99a0c-e1b1-4518-bc49-9d1a8c8e04d5: shutdown FollowerState
2019-10-16 22:15:32,333 [grpc-default-executor-18] INFO  impl.RaftServerImpl (RaftServerImpl.java:setRole(184)) - d9e6ea44-93db-446f-8020-a94232284285@group-83CFD60236D8: changes role from  FOLLOWER to FOLLOWER at term 378 for recognizeCandidate:3989452c-7599-4156-9543-3fe544ced0f3
2019-10-16 22:15:32,333 [grpc-default-executor-24] INFO  impl.RoleInfo (RoleInfo.java:updateAndGet(143)) - eec99a0c-e1b1-4518-bc49-9d1a8c8e04d5: start FollowerState
2019-10-16 22:15:32,333 [Thread-3239] INFO  impl.FollowerState (FollowerState.java:run(117)) - eec99a0c-e1b1-4518-bc49-9d1a8c8e04d5@group-83CFD60236D8-FollowerState was interrupted: java.lang.InterruptedException: sleep interrupted
2019-10-16 22:15:32,333 [grpc-default-executor-18] INFO  impl.RoleInfo (RoleInfo.java:shutdownFollowerState(121)) - d9e6ea44-93db-446f-8020-a94232284285: shutdown FollowerState
2019-10-16 22:15:32,334 [grpc-default-executor-18] INFO  impl.RoleInfo (RoleInfo.java:updateAndGet(143)) - d9e6ea44-93db-446f-8020-a94232284285: start FollowerState
2019-10-16 22:15:32,334 [Thread-3238] INFO  impl.FollowerState (FollowerState.java:run(117)) - d9e6ea44-93db-446f-8020-a94232284285@group-83CFD60236D8-FollowerState was interrupted: java.lang.InterruptedException: sleep interrupted
2019-10-16 22:15:32,377 [3989452c-7599-4156-9543-3fe544ced0f3@group-83CFD60236D8-LeaderElection356] INFO  impl.LeaderElection (LeaderElection.java:logAndReturn(56)) - 3989452c-7599-4156-9543-3fe544ced0f3@group-83CFD60236D8-LeaderElection356: Election REJECTED; received 2 response(s) [3989452c-7599-4156-9543-3fe544ced0f3<-eec99a0c-e1b1-4518-bc49-9d1a8c8e04d5#0:FAIL-t378, 3989452c-7599-4156-9543-3fe544ced0f3<-d9e6ea44-93db-446f-8020-a94232284285#0:FAIL-t378] and 0 exception(s); 3989452c-7599-4156-9543-3fe544ced0f3@group-83CFD60236D8:t378, leader=null, voted=3989452c-7599-4156-9543-3fe544ced0f3, raftlog=3989452c-7599-4156-9543-3fe544ced0f3@group-83CFD60236D8-SegmentedRaftLog:OPENED:c-1,f-1,i0, conf=-1: [3989452c-7599-4156-9543-3fe544ced0f3:192.168.157.254:36320, eec99a0c-e1b1-4518-bc49-9d1a8c8e04d5:192.168.157.254:45598, d9e6ea44-93db-446f-8020-a94232284285:192.168.157.254:41671], old=null
2019-10-16 22:15:32,377 [3989452c-7599-4156-9543-3fe544ced0f3@group-83CFD60236D8-LeaderElection356] INFO  impl.RaftServerImpl (RaftServerImpl.java:setRole(184)) - 3989452c-7599-4156-9543-3fe544ced0f3@group-83CFD60236D8: changes role from CANDIDATE to FOLLOWER at term 378 for DISCOVERED_A_NEW_TERM
2019-10-16 22:15:32,377 [3989452c-7599-4156-9543-3fe544ced0f3@group-83CFD60236D8-LeaderElection356] INFO  impl.RoleInfo (RoleInfo.java:shutdownLeaderElection(134)) - 3989452c-7599-4156-9543-3fe544ced0f3: shutdown LeaderElection
2019-10-16 22:15:32,377 [3989452c-7599-4156-9543-3fe544ced0f3@group-83CFD60236D8-LeaderElection356] INFO  impl.RoleInfo (RoleInfo.java:updateAndGet(143)) - 3989452c-7599-4156-9543-3fe544ced0f3: start FollowerState
2019-10-16 22:15:32,475 [Thread-3246] INFO  impl.FollowerState (FollowerState.java:run(108)) - 3989452c-7599-4156-9543-3fe544ced0f3@group-83CFD60236D8-FollowerState: change to CANDIDATE, lastRpcTime:97ms, electionTimeout:97ms
2019-10-16 22:15:32,475 [Thread-3246] INFO  impl.RoleInfo (RoleInfo.java:shutdownFollowerState(121)) - 3989452c-7599-4156-9543-3fe544ced0f3: shutdown FollowerState
2019-10-16 22:15:32,475 [Thread-3246] INFO  impl.RaftServerImpl (RaftServerImpl.java:setRole(184)) - 3989452c-7599-4156-9543-3fe544ced0f3@group-83CFD60236D8: changes role from  FOLLOWER to CANDIDATE at term 378 for changeToCandidate
2019-10-16 22:15:32,475 [Thread-3246] INFO  impl.RoleInfo (RoleInfo.java:updateAndGet(143)) - 3989452c-7599-4156-9543-3fe544ced0f3: start LeaderElection
2019-10-16 22:15:32,500 [3989452c-7599-4156-9543-3fe544ced0f3@group-83CFD60236D8-LeaderElection357] INFO  impl.LeaderElection (LeaderElection.java:askForVotes(178)) - 3989452c-7599-4156-9543-3fe544ced0f3@group-83CFD60236D8-LeaderElection357: begin an election at term 379 for -1: [3989452c-7599-4156-9543-3fe544ced0f3:192.168.157.254:36320, eec99a0c-e1b1-4518-bc49-9d1a8c8e04d5:192.168.157.254:45598, d9e6ea44-93db-446f-8020-a94232284285:192.168.157.254:41671], old=null
2019-10-16 22:15:32,502 [grpc-default-executor-24] INFO  impl.RaftServerImpl (RaftServerImpl.java:setRole(184)) - eec99a0c-e1b1-4518-bc49-9d1a8c8e04d5@group-83CFD60236D8: changes role from  FOLLOWER to FOLLOWER at term 379 for recognizeCandidate:3989452c-7599-4156-9543-3fe544ced0f3
2019-10-16 22:15:32,502 [grpc-default-executor-24] INFO  impl.RoleInfo (RoleInfo.java:shutdownFollowerState(121)) - eec99a0c-e1b1-4518-bc49-9d1a8c8e04d5: shutdown FollowerState
2019-10-16 22:15:32,502 [grpc-default-executor-18] INFO  impl.RaftServerImpl (RaftServerImpl.java:setRole(184)) - d9e6ea44-93db-446f-8020-a94232284285@group-83CFD60236D8: changes role from  FOLLOWER to FOLLOWER at term 379 for recognizeCandidate:3989452c-7599-4156-9543-3fe544ced0f3
2019-10-16 22:15:32,503 [grpc-default-executor-18] INFO  impl.RoleInfo (RoleInfo.java:shutdownFollowerState(121)) - d9e6ea44-93db-446f-8020-a94232284285: shutdown FollowerState
2019-10-16 22:15:32,503 [Thread-3244] INFO  impl.FollowerState (FollowerState.java:run(117)) - eec99a0c-e1b1-4518-bc49-9d1a8c8e04d5@group-83CFD60236D8-FollowerState was interrupted: java.lang.InterruptedException: sleep interrupted
2019-10-16 22:15:32,503 [grpc-default-executor-24] INFO  impl.RoleInfo (RoleInfo.java:updateAndGet(143)) - eec99a0c-e1b1-4518-bc49-9d1a8c8e04d5: start FollowerState
2019-10-16 22:15:32,503 [Thread-3245] INFO  impl.FollowerState (FollowerState.java:run(117)) - d9e6ea44-93db-446f-8020-a94232284285@group-83CFD60236D8-FollowerState was interrupted: java.lang.InterruptedException: sleep interrupted
2019-10-16 22:15:32,503 [grpc-default-executor-18] INFO  impl.RoleInfo (RoleInfo.java:updateAndGet(143)) - d9e6ea44-93db-446f-8020-a94232284285: start FollowerState
2019-10-16 22:15:32,518 [3989452c-7599-4156-9543-3fe544ced0f3@group-83CFD60236D8-LeaderElection357] INFO  impl.LeaderElection (LeaderElection.java:logAndReturn(56)) - 3989452c-7599-4156-9543-3fe544ced0f3@group-83CFD60236D8-LeaderElection357: Election REJECTED; received 2 response(s) [3989452c-7599-4156-9543-3fe544ced0f3<-eec99a0c-e1b1-4518-bc49-9d1a8c8e04d5#0:FAIL-t379, 3989452c-7599-4156-9543-3fe544ced0f3<-d9e6ea44-93db-446f-8020-a94232284285#0:FAIL-t379] and 0 exception(s); 3989452c-7599-4156-9543-3fe544ced0f3@group-83CFD60236D8:t379, leader=null, voted=3989452c-7599-4156-9543-3fe544ced0f3, raftlog=3989452c-7599-4156-9543-3fe544ced0f3@group-83CFD60236D8-SegmentedRaftLog:OPENED:c-1,f-1,i0, conf=-1: [3989452c-7599-4156-9543-3fe544ced0f3:192.168.157.254:36320, eec99a0c-e1b1-4518-bc49-9d1a8c8e04d5:192.168.157.254:45598, d9e6ea44-93db-446f-8020-a94232284285:192.168.157.254:41671], old=null
2019-10-16 22:15:32,518 [3989452c-7599-4156-9543-3fe544ced0f3@group-83CFD60236D8-LeaderElection357] INFO  impl.RaftServerImpl (RaftServerImpl.java:setRole(184)) - 3989452c-7599-4156-9543-3fe544ced0f3@group-83CFD60236D8: changes role from CANDIDATE to FOLLOWER at term 379 for DISCOVERED_A_NEW_TERM
2019-10-16 22:15:32,518 [3989452c-7599-4156-9543-3fe544ced0f3@group-83CFD60236D8-LeaderElection357] INFO  impl.RoleInfo (RoleInfo.java:shutdownLeaderElection(134)) - 3989452c-7599-4156-9543-3fe544ced0f3: shutdown LeaderElection
2019-10-16 22:15:32,518 [3989452c-7599-4156-9543-3fe544ced0f3@group-83CFD60236D8-LeaderElection357] INFO  impl.RoleInfo (RoleInfo.java:updateAndGet(143)) - 3989452c-7599-4156-9543-3fe544ced0f3: start FollowerState
2019-10-16 22:15:32,583 [Thread-3252] INFO  impl.FollowerState (FollowerState.java:run(108)) - 3989452c-7599-4156-9543-3fe544ced0f3@group-83CFD60236D8-FollowerState: change to CANDIDATE, lastRpcTime:64ms, electionTimeout:64ms
2019-10-16 22:15:32,583 [Thread-3252] INFO  impl.RoleInfo (RoleInfo.java:shutdownFollowerState(121)) - 3989452c-7599-4156-9543-3fe544ced0f3: shutdown FollowerState
2019-10-16 22:15:32,583 [Thread-3252] INFO  impl.RaftServerImpl (RaftServerImpl.java:setRole(184)) - 3989452c-7599-4156-9543-3fe544ced0f3@group-83CFD60236D8: changes role from  FOLLOWER to CANDIDATE at term 379 for changeToCandidate
2019-10-16 22:15:32,583 [Thread-3252] INFO  impl.RoleInfo (RoleInfo.java:updateAndGet(143)) - 3989452c-7599-4156-9543-3fe544ced0f3: start LeaderElection
2019-10-16 22:15:32,597 [3989452c-7599-4156-9543-3fe544ced0f3@group-83CFD60236D8-LeaderElection358] INFO  impl.LeaderElection (LeaderElection.java:askForVotes(178)) - 3989452c-7599-4156-9543-3fe544ced0f3@group-83CFD60236D8-LeaderElection358: begin an election at term 380 for -1: [3989452c-7599-4156-9543-3fe544ced0f3:192.168.157.254:36320, eec99a0c-e1b1-4518-bc49-9d1a8c8e04d5:192.168.157.254:45598, d9e6ea44-93db-446f-8020-a94232284285:192.168.157.254:41671], old=null
2019-10-16 22:15:32,598 [grpc-default-executor-18] INFO  impl.RaftServerImpl (RaftServerImpl.java:setRole(184)) - d9e6ea44-93db-446f-8020-a94232284285@group-83CFD60236D8: changes role from  FOLLOWER to FOLLOWER at term 380 for recognizeCandidate:3989452c-7599-4156-9543-3fe544ced0f3
2019-10-16 22:15:32,598 [grpc-default-executor-24] INFO  impl.RaftServerImpl (RaftServerImpl.java:setRole(184)) - eec99a0c-e1b1-4518-bc49-9d1a8c8e04d5@group-83CFD60236D8: changes role from  FOLLOWER to FOLLOWER at term 380 for recognizeCandidate:3989452c-7599-4156-9543-3fe544ced0f3
2019-10-16 22:15:32,599 [grpc-default-executor-24] INFO  impl.RoleInfo (RoleInfo.java:shutdownFollowerState(121)) - eec99a0c-e1b1-4518-bc49-9d1a8c8e04d5: shutdown FollowerState
2019-10-16 22:15:32,598 [grpc-default-executor-18] INFO  impl.RoleInfo (RoleInfo.java:shutdownFollowerState(121)) - d9e6ea44-93db-446f-8020-a94232284285: shutdown FollowerState
2019-10-16 22:15:32,599 [Thread-3250] INFO  impl.FollowerState (FollowerState.java:run(117)) - eec99a0c-e1b1-4518-bc49-9d1a8c8e04d5@group-83CFD60236D8-FollowerState was interrupted: java.lang.InterruptedException: sleep interrupted
2019-10-16 22:15:32,599 [grpc-default-executor-24] INFO  impl.RoleInfo (RoleInfo.java:updateAndGet(143)) - eec99a0c-e1b1-4518-bc49-9d1a8c8e04d5: start FollowerState
2019-10-16 22:15:32,599 [Thread-3251] INFO  impl.FollowerState (FollowerState.java:run(117)) - d9e6ea44-93db-446f-8020-a94232284285@group-83CFD60236D8-FollowerState was interrupted: java.lang.InterruptedException: sleep interrupted
2019-10-16 22:15:32,599 [grpc-default-executor-18] INFO  impl.RoleInfo (RoleInfo.java:updateAndGet(143)) - d9e6ea44-93db-446f-8020-a94232284285: start FollowerState
2019-10-16 22:15:32,614 [3989452c-7599-4156-9543-3fe544ced0f3@group-83CFD60236D8-LeaderElection358] INFO  impl.LeaderElection (LeaderElection.java:logAndReturn(56)) - 3989452c-7599-4156-9543-3fe544ced0f3@group-83CFD60236D8-LeaderElection358: Election REJECTED; received 2 response(s) [3989452c-7599-4156-9543-3fe544ced0f3<-eec99a0c-e1b1-4518-bc49-9d1a8c8e04d5#0:FAIL-t380, 3989452c-7599-4156-9543-3fe544ced0f3<-d9e6ea44-93db-446f-8020-a94232284285#0:FAIL-t380] and 0 exception(s); 3989452c-7599-4156-9543-3fe544ced0f3@group-83CFD60236D8:t380, leader=null, voted=3989452c-7599-4156-9543-3fe544ced0f3, raftlog=3989452c-7599-4156-9543-3fe544ced0f3@group-83CFD60236D8-SegmentedRaftLog:OPENED:c-1,f-1,i0, conf=-1: [3989452c-7599-4156-9543-3fe544ced0f3:192.168.157.254:36320, eec99a0c-e1b1-4518-bc49-9d1a8c8e04d5:192.168.157.254:45598, d9e6ea44-93db-446f-8020-a94232284285:192.168.157.254:41671], old=null
2019-10-16 22:15:32,614 [3989452c-7599-4156-9543-3fe544ced0f3@group-83CFD60236D8-LeaderElection358] INFO  impl.RaftServerImpl (RaftServerImpl.java:setRole(184)) - 3989452c-7599-4156-9543-3fe544ced0f3@group-83CFD60236D8: changes role from CANDIDATE to FOLLOWER at term 380 for DISCOVERED_A_NEW_TERM
2019-10-16 22:15:32,614 [3989452c-7599-4156-9543-3fe544ced0f3@group-83CFD60236D8-LeaderElection358] INFO  impl.RoleInfo (RoleInfo.java:shutdownLeaderElection(134)) - 3989452c-7599-4156-9543-3fe544ced0f3: shutdown LeaderElection
2019-10-16 22:15:32,614 [3989452c-7599-4156-9543-3fe544ced0f3@group-83CFD60236D8-LeaderElection358] INFO  impl.RoleInfo (RoleInfo.java:updateAndGet(143)) - 3989452c-7599-4156-9543-3fe544ced0f3: start FollowerState
2019-10-16 22:15:32,640 [Thread-3258] INFO  impl.FollowerState (FollowerState.java:run(108)) - 3989452c-7599-4156-9543-3fe544ced0f3@group-83CFD60236D8-FollowerState: change to CANDIDATE, lastRpcTime:26ms, electionTimeout:26ms
2019-10-16 22:15:32,641 [Thread-3258] INFO  impl.RoleInfo (RoleInfo.java:shutdownFollowerState(121)) - 3989452c-7599-4156-9543-3fe544ced0f3: shutdown FollowerState
2019-10-16 22:15:32,641 [Thread-3258] INFO  impl.RaftServerImpl (RaftServerImpl.java:setRole(184)) - 3989452c-7599-4156-9543-3fe544ced0f3@group-83CFD60236D8: changes role from  FOLLOWER to CANDIDATE at term 380 for changeToCandidate
2019-10-16 22:15:32,641 [Thread-3258] INFO  impl.RoleInfo (RoleInfo.java:updateAndGet(143)) - 3989452c-7599-4156-9543-3fe544ced0f3: start LeaderElection
2019-10-16 22:15:32,655 [3989452c-7599-4156-9543-3fe544ced0f3@group-83CFD60236D8-LeaderElection359] INFO  impl.LeaderElection (LeaderElection.java:askForVotes(178)) - 3989452c-7599-4156-9543-3fe544ced0f3@group-83CFD60236D8-LeaderElection359: begin an election at term 381 for -1: [3989452c-7599-4156-9543-3fe544ced0f3:192.168.157.254:36320, eec99a0c-e1b1-4518-bc49-9d1a8c8e04d5:192.168.157.254:45598, d9e6ea44-93db-446f-8020-a94232284285:192.168.157.254:41671], old=null
2019-10-16 22:15:32,656 [grpc-default-executor-24] INFO  impl.RaftServerImpl (RaftServerImpl.java:setRole(184)) - d9e6ea44-93db-446f-8020-a94232284285@group-83CFD60236D8: changes role from  FOLLOWER to FOLLOWER at term 381 for recognizeCandidate:3989452c-7599-4156-9543-3fe544ced0f3
2019-10-16 22:15:32,657 [grpc-default-executor-24] INFO  impl.RoleInfo (RoleInfo.java:shutdownFollowerState(121)) - d9e6ea44-93db-446f-8020-a94232284285: shutdown FollowerState
2019-10-16 22:15:32,657 [grpc-default-executor-18] INFO  impl.RaftServerImpl (RaftServerImpl.java:setRole(184)) - eec99a0c-e1b1-4518-bc49-9d1a8c8e04d5@group-83CFD60236D8: changes role from  FOLLOWER to FOLLOWER at term 381 for recognizeCandidate:3989452c-7599-4156-9543-3fe544ced0f3
2019-10-16 22:15:32,657 [Thread-3257] INFO  impl.FollowerState (FollowerState.java:run(117)) - d9e6ea44-93db-446f-8020-a94232284285@group-83CFD60236D8-FollowerState was interrupted: java.lang.InterruptedException: sleep interrupted
2019-10-16 22:15:32,657 [grpc-default-executor-24] INFO  impl.RoleInfo (RoleInfo.java:updateAndGet(143)) - d9e6ea44-93db-446f-8020-a94232284285: start FollowerState
2019-10-16 22:15:32,657 [grpc-default-executor-18] INFO  impl.RoleInfo (RoleInfo.java:shutdownFollowerState(121)) - eec99a0c-e1b1-4518-bc49-9d1a8c8e04d5: shutdown FollowerState
2019-10-16 22:15:32,657 [grpc-default-executor-18] INFO  impl.RoleInfo (RoleInfo.java:updateAndGet(143)) - eec99a0c-e1b1-4518-bc49-9d1a8c8e04d5: start FollowerState
2019-10-16 22:15:32,657 [Thread-3256] INFO  impl.FollowerState (FollowerState.java:run(117)) - eec99a0c-e1b1-4518-bc49-9d1a8c8e04d5@group-83CFD60236D8-FollowerState was interrupted: java.lang.InterruptedException: sleep interrupted
2019-10-16 22:15:32,680 [3989452c-7599-4156-9543-3fe544ced0f3@group-83CFD60236D8-LeaderElection359] INFO  impl.LeaderElection (LeaderElection.java:logAndReturn(56)) - 3989452c-7599-4156-9543-3fe544ced0f3@group-83CFD60236D8-LeaderElection359: Election REJECTED; received 2 response(s) [3989452c-7599-4156-9543-3fe544ced0f3<-eec99a0c-e1b1-4518-bc49-9d1a8c8e04d5#0:FAIL-t381, 3989452c-7599-4156-9543-3fe544ced0f3<-d9e6ea44-93db-446f-8020-a94232284285#0:FAIL-t381] and 0 exception(s); 3989452c-7599-4156-9543-3fe544ced0f3@group-83CFD60236D8:t381, leader=null, voted=3989452c-7599-4156-9543-3fe544ced0f3, raftlog=3989452c-7599-4156-9543-3fe544ced0f3@group-83CFD60236D8-SegmentedRaftLog:OPENED:c-1,f-1,i0, conf=-1: [3989452c-7599-4156-9543-3fe544ced0f3:192.168.157.254:36320, eec99a0c-e1b1-4518-bc49-9d1a8c8e04d5:192.168.157.254:45598, d9e6ea44-93db-446f-8020-a94232284285:192.168.157.254:41671], old=null
2019-10-16 22:15:32,680 [3989452c-7599-4156-9543-3fe544ced0f3@group-83CFD60236D8-LeaderElection359] INFO  impl.RaftServerImpl (RaftServerImpl.java:setRole(184)) - 3989452c-7599-4156-9543-3fe544ced0f3@group-83CFD60236D8: changes role from CANDIDATE to FOLLOWER at term 381 for DISCOVERED_A_NEW_TERM
2019-10-16 22:15:32,680 [3989452c-7599-4156-9543-3fe544ced0f3@group-83CFD60236D8-LeaderElection359] INFO  impl.RoleInfo (RoleInfo.java:shutdownLeaderElection(134)) - 3989452c-7599-4156-9543-3fe544ced0f3: shutdown LeaderElection
2019-10-16 22:15:32,680 [3989452c-7599-4156-9543-3fe544ced0f3@group-83CFD60236D8-LeaderElection359] INFO  impl.RoleInfo (RoleInfo.java:updateAndGet(143)) - 3989452c-7599-4156-9543-3fe544ced0f3: start FollowerState
2019-10-16 22:15:32,866 [Thread-3264] INFO  impl.FollowerState (FollowerState.java:run(108)) - 3989452c-7599-4156-9543-3fe544ced0f3@group-83CFD60236D8-FollowerState: change to CANDIDATE, lastRpcTime:185ms, electionTimeout:185ms
2019-10-16 22:15:32,866 [Thread-3264] INFO  impl.RoleInfo (RoleInfo.java:shutdownFollowerState(121)) - 3989452c-7599-4156-9543-3fe544ced0f3: shutdown FollowerState
2019-10-16 22:15:32,866 [Thread-3264] INFO  impl.RaftServerImpl (RaftServerImpl.java:setRole(184)) - 3989452c-7599-4156-9543-3fe544ced0f3@group-83CFD60236D8: changes role from  FOLLOWER to CANDIDATE at term 381 for changeToCandidate
2019-10-16 22:15:32,866 [Thread-3264] INFO  impl.RoleInfo (RoleInfo.java:updateAndGet(143)) - 3989452c-7599-4156-9543-3fe544ced0f3: start LeaderElection
2019-10-16 22:15:32,904 [3989452c-7599-4156-9543-3fe544ced0f3@group-83CFD60236D8-LeaderElection360] INFO  impl.LeaderElection (LeaderElection.java:askForVotes(178)) - 3989452c-7599-4156-9543-3fe544ced0f3@group-83CFD60236D8-LeaderElection360: begin an election at term 382 for -1: [3989452c-7599-4156-9543-3fe544ced0f3:192.168.157.254:36320, eec99a0c-e1b1-4518-bc49-9d1a8c8e04d5:192.168.157.254:45598, d9e6ea44-93db-446f-8020-a94232284285:192.168.157.254:41671], old=null
2019-10-16 22:15:32,906 [grpc-default-executor-18] INFO  impl.RaftServerImpl (RaftServerImpl.java:setRole(184)) - eec99a0c-e1b1-4518-bc49-9d1a8c8e04d5@group-83CFD60236D8: changes role from  FOLLOWER to FOLLOWER at term 382 for recognizeCandidate:3989452c-7599-4156-9543-3fe544ced0f3
2019-10-16 22:15:32,906 [grpc-default-executor-18] INFO  impl.RoleInfo (RoleInfo.java:shutdownFollowerState(121)) - eec99a0c-e1b1-4518-bc49-9d1a8c8e04d5: shutdown FollowerState
2019-10-16 22:15:32,906 [grpc-default-executor-24] INFO  impl.RaftServerImpl (RaftServerImpl.java:setRole(184)) - d9e6ea44-93db-446f-8020-a94232284285@group-83CFD60236D8: changes role from  FOLLOWER to FOLLOWER at term 382 for recognizeCandidate:3989452c-7599-4156-9543-3fe544ced0f3
2019-10-16 22:15:32,906 [Thread-3263] INFO  impl.FollowerState (FollowerState.java:run(117)) - eec99a0c-e1b1-4518-bc49-9d1a8c8e04d5@group-83CFD60236D8-FollowerState was interrupted: java.lang.InterruptedException: sleep interrupted
2019-10-16 22:15:32,906 [grpc-default-executor-24] INFO  impl.RoleInfo (RoleInfo.java:shutdownFollowerState(121)) - d9e6ea44-93db-446f-8020-a94232284285: shutdown FollowerState
2019-10-16 22:15:32,906 [grpc-default-executor-18] INFO  impl.RoleInfo (RoleInfo.java:updateAndGet(143)) - eec99a0c-e1b1-4518-bc49-9d1a8c8e04d5: start FollowerState
2019-10-16 22:15:32,907 [Thread-3262] INFO  impl.FollowerState (FollowerState.java:run(117)) - d9e6ea44-93db-446f-8020-a94232284285@group-83CFD60236D8-FollowerState was interrupted: java.lang.InterruptedException: sleep interrupted
2019-10-16 22:15:32,907 [grpc-default-executor-24] INFO  impl.RoleInfo (RoleInfo.java:updateAndGet(143)) - d9e6ea44-93db-446f-8020-a94232284285: start FollowerState
2019-10-16 22:15:32,914 [3989452c-7599-4156-9543-3fe544ced0f3@group-83CFD60236D8-LeaderElection360] INFO  impl.LeaderElection (LeaderElection.java:logAndReturn(56)) - 3989452c-7599-4156-9543-3fe544ced0f3@group-83CFD60236D8-LeaderElection360: Election REJECTED; received 2 response(s) [3989452c-7599-4156-9543-3fe544ced0f3<-eec99a0c-e1b1-4518-bc49-9d1a8c8e04d5#0:FAIL-t382, 3989452c-7599-4156-9543-3fe544ced0f3<-d9e6ea44-93db-446f-8020-a94232284285#0:FAIL-t382] and 0 exception(s); 3989452c-7599-4156-9543-3fe544ced0f3@group-83CFD60236D8:t382, leader=null, voted=3989452c-7599-4156-9543-3fe544ced0f3, raftlog=3989452c-7599-4156-9543-3fe544ced0f3@group-83CFD60236D8-SegmentedRaftLog:OPENED:c-1,f-1,i0, conf=-1: [3989452c-7599-4156-9543-3fe544ced0f3:192.168.157.254:36320, eec99a0c-e1b1-4518-bc49-9d1a8c8e04d5:192.168.157.254:45598, d9e6ea44-93db-446f-8020-a94232284285:192.168.157.254:41671], old=null
2019-10-16 22:15:32,914 [3989452c-7599-4156-9543-3fe544ced0f3@group-83CFD60236D8-LeaderElection360] INFO  impl.RaftServerImpl (RaftServerImpl.java:setRole(184)) - 3989452c-7599-4156-9543-3fe544ced0f3@group-83CFD60236D8: changes role from CANDIDATE to FOLLOWER at term 382 for DISCOVERED_A_NEW_TERM
2019-10-16 22:15:32,914 [3989452c-7599-4156-9543-3fe544ced0f3@group-83CFD60236D8-LeaderElection360] INFO  impl.RoleInfo (RoleInfo.java:shutdownLeaderElection(134)) - 3989452c-7599-4156-9543-3fe544ced0f3: shutdown LeaderElection
2019-10-16 22:15:32,914 [3989452c-7599-4156-9543-3fe544ced0f3@group-83CFD60236D8-LeaderElection360] INFO  impl.RoleInfo (RoleInfo.java:updateAndGet(143)) - 3989452c-7599-4156-9543-3fe544ced0f3: start FollowerState
 0.00% |?                                                                                                    |  0/1 Time: 0:06:492019-10-16 22:15:33,106 [Thread-3270] INFO  impl.FollowerState (FollowerState.java:run(108)) - 3989452c-7599-4156-9543-3fe544ced0f3@group-83CFD60236D8-FollowerState: change to CANDIDATE, lastRpcTime:191ms, electionTimeout:191ms
2019-10-16 22:15:33,106 [Thread-3270] INFO  impl.RoleInfo (RoleInfo.java:shutdownFollowerState(121)) - 3989452c-7599-4156-9543-3fe544ced0f3: shutdown FollowerState
2019-10-16 22:15:33,106 [Thread-3270] INFO  impl.RaftServerImpl (RaftServerImpl.java:setRole(184)) - 3989452c-7599-4156-9543-3fe544ced0f3@group-83CFD60236D8: changes role from  FOLLOWER to CANDIDATE at term 382 for changeToCandidate
2019-10-16 22:15:33,106 [Thread-3270] INFO  impl.RoleInfo (RoleInfo.java:updateAndGet(143)) - 3989452c-7599-4156-9543-3fe544ced0f3: start LeaderElection
2019-10-16 22:15:33,122 [3989452c-7599-4156-9543-3fe544ced0f3@group-83CFD60236D8-LeaderElection361] INFO  impl.LeaderElection (LeaderElection.java:askForVotes(178)) - 3989452c-7599-4156-9543-3fe544ced0f3@group-83CFD60236D8-LeaderElection361: begin an election at term 383 for -1: [3989452c-7599-4156-9543-3fe544ced0f3:192.168.157.254:36320, eec99a0c-e1b1-4518-bc49-9d1a8c8e04d5:192.168.157.254:45598, d9e6ea44-93db-446f-8020-a94232284285:192.168.157.254:41671], old=null
2019-10-16 22:15:33,123 [grpc-default-executor-18] INFO  impl.RaftServerImpl (RaftServerImpl.java:setRole(184)) - eec99a0c-e1b1-4518-bc49-9d1a8c8e04d5@group-83CFD60236D8: changes role from  FOLLOWER to FOLLOWER at term 383 for recognizeCandidate:3989452c-7599-4156-9543-3fe544ced0f3
2019-10-16 22:15:33,123 [grpc-default-executor-24] INFO  impl.RaftServerImpl (RaftServerImpl.java:setRole(184)) - d9e6ea44-93db-446f-8020-a94232284285@group-83CFD60236D8: changes role from  FOLLOWER to FOLLOWER at term 383 for recognizeCandidate:3989452c-7599-4156-9543-3fe544ced0f3
2019-10-16 22:15:33,123 [grpc-default-executor-18] INFO  impl.RoleInfo (RoleInfo.java:shutdownFollowerState(121)) - eec99a0c-e1b1-4518-bc49-9d1a8c8e04d5: shutdown FollowerState
2019-10-16 22:15:33,124 [grpc-default-executor-24] INFO  impl.RoleInfo (RoleInfo.java:shutdownFollowerState(121)) - d9e6ea44-93db-446f-8020-a94232284285: shutdown FollowerState
2019-10-16 22:15:33,124 [Thread-3268] INFO  impl.FollowerState (FollowerState.java:run(117)) - eec99a0c-e1b1-4518-bc49-9d1a8c8e04d5@group-83CFD60236D8-FollowerState was interrupted: java.lang.InterruptedException: sleep interrupted
2019-10-16 22:15:33,124 [grpc-default-executor-18] INFO  impl.RoleInfo (RoleInfo.java:updateAndGet(143)) - eec99a0c-e1b1-4518-bc49-9d1a8c8e04d5: start FollowerState
2019-10-16 22:15:33,124 [Thread-3269] INFO  impl.FollowerState (FollowerState.java:run(117)) - d9e6ea44-93db-446f-8020-a94232284285@group-83CFD60236D8-FollowerState was interrupted: java.lang.InterruptedException: sleep interrupted
2019-10-16 22:15:33,124 [grpc-default-executor-24] INFO  impl.RoleInfo (RoleInfo.java:updateAndGet(143)) - d9e6ea44-93db-446f-8020-a94232284285: start FollowerState
2019-10-16 22:15:33,138 [3989452c-7599-4156-9543-3fe544ced0f3@group-83CFD60236D8-LeaderElection361] INFO  impl.LeaderElection (LeaderElection.java:logAndReturn(56)) - 3989452c-7599-4156-9543-3fe544ced0f3@group-83CFD60236D8-LeaderElection361: Election REJECTED; received 2 response(s) [3989452c-7599-4156-9543-3fe544ced0f3<-eec99a0c-e1b1-4518-bc49-9d1a8c8e04d5#0:FAIL-t383, 3989452c-7599-4156-9543-3fe544ced0f3<-d9e6ea44-93db-446f-8020-a94232284285#0:FAIL-t383] and 0 exception(s); 3989452c-7599-4156-9543-3fe544ced0f3@group-83CFD60236D8:t383, leader=null, voted=3989452c-7599-4156-9543-3fe544ced0f3, raftlog=3989452c-7599-4156-9543-3fe544ced0f3@group-83CFD60236D8-SegmentedRaftLog:OPENED:c-1,f-1,i0, conf=-1: [3989452c-7599-4156-9543-3fe544ced0f3:192.168.157.254:36320, eec99a0c-e1b1-4518-bc49-9d1a8c8e04d5:192.168.157.254:45598, d9e6ea44-93db-446f-8020-a94232284285:192.168.157.254:41671], old=null
2019-10-16 22:15:33,139 [3989452c-7599-4156-9543-3fe544ced0f3@group-83CFD60236D8-LeaderElection361] INFO  impl.RaftServerImpl (RaftServerImpl.java:setRole(184)) - 3989452c-7599-4156-9543-3fe544ced0f3@group-83CFD60236D8: changes role from CANDIDATE to FOLLOWER at term 383 for DISCOVERED_A_NEW_TERM
2019-10-16 22:15:33,139 [3989452c-7599-4156-9543-3fe544ced0f3@group-83CFD60236D8-LeaderElection361] INFO  impl.RoleInfo (RoleInfo.java:shutdownLeaderElection(134)) - 3989452c-7599-4156-9543-3fe544ced0f3: shutdown LeaderElection
2019-10-16 22:15:33,139 [3989452c-7599-4156-9543-3fe544ced0f3@group-83CFD60236D8-LeaderElection361] INFO  impl.RoleInfo (RoleInfo.java:updateAndGet(143)) - 3989452c-7599-4156-9543-3fe544ced0f3: start FollowerState
2019-10-16 22:15:33,287 [Thread-3276] INFO  impl.FollowerState (FollowerState.java:run(108)) - 3989452c-7599-4156-9543-3fe544ced0f3@group-83CFD60236D8-FollowerState: change to CANDIDATE, lastRpcTime:148ms, electionTimeout:148ms
2019-10-16 22:15:33,287 [Thread-3276] INFO  impl.RoleInfo (RoleInfo.java:shutdownFollowerState(121)) - 3989452c-7599-4156-9543-3fe544ced0f3: shutdown FollowerState
2019-10-16 22:15:33,288 [Thread-3276] INFO  impl.RaftServerImpl (RaftServerImpl.java:setRole(184)) - 3989452c-7599-4156-9543-3fe544ced0f3@group-83CFD60236D8: changes role from  FOLLOWER to CANDIDATE at term 383 for changeToCandidate
2019-10-16 22:15:33,288 [Thread-3276] INFO  impl.RoleInfo (RoleInfo.java:updateAndGet(143)) - 3989452c-7599-4156-9543-3fe544ced0f3: start LeaderElection
2019-10-16 22:15:33,301 [3989452c-7599-4156-9543-3fe544ced0f3@group-83CFD60236D8-LeaderElection362] INFO  impl.LeaderElection (LeaderElection.java:askForVotes(178)) - 3989452c-7599-4156-9543-3fe544ced0f3@group-83CFD60236D8-LeaderElection362: begin an election at term 384 for -1: [3989452c-7599-4156-9543-3fe544ced0f3:192.168.157.254:36320, eec99a0c-e1b1-4518-bc49-9d1a8c8e04d5:192.168.157.254:45598, d9e6ea44-93db-446f-8020-a94232284285:192.168.157.254:41671], old=null
2019-10-16 22:15:33,302 [grpc-default-executor-18] INFO  impl.RaftServerImpl (RaftServerImpl.java:setRole(184)) - eec99a0c-e1b1-4518-bc49-9d1a8c8e04d5@group-83CFD60236D8: changes role from  FOLLOWER to FOLLOWER at term 384 for recognizeCandidate:3989452c-7599-4156-9543-3fe544ced0f3
2019-10-16 22:15:33,302 [grpc-default-executor-18] INFO  impl.RoleInfo (RoleInfo.java:shutdownFollowerState(121)) - eec99a0c-e1b1-4518-bc49-9d1a8c8e04d5: shutdown FollowerState
2019-10-16 22:15:33,303 [grpc-default-executor-24] INFO  impl.RaftServerImpl (RaftServerImpl.java:setRole(184)) - d9e6ea44-93db-446f-8020-a94232284285@group-83CFD60236D8: changes role from  FOLLOWER to FOLLOWER at term 384 for recognizeCandidate:3989452c-7599-4156-9543-3fe544ced0f3
2019-10-16 22:15:33,303 [grpc-default-executor-24] INFO  impl.RoleInfo (RoleInfo.java:shutdownFollowerState(121)) - d9e6ea44-93db-446f-8020-a94232284285: shutdown FollowerState
2019-10-16 22:15:33,303 [Thread-3274] INFO  impl.FollowerState (FollowerState.java:run(117)) - eec99a0c-e1b1-4518-bc49-9d1a8c8e04d5@group-83CFD60236D8-FollowerState was interrupted: java.lang.InterruptedException: sleep interrupted
2019-10-16 22:15:33,303 [grpc-default-executor-18] INFO  impl.RoleInfo (RoleInfo.java:updateAndGet(143)) - eec99a0c-e1b1-4518-bc49-9d1a8c8e04d5: start FollowerState
2019-10-16 22:15:33,303 [Thread-3275] INFO  impl.FollowerState (FollowerState.java:run(117)) - d9e6ea44-93db-446f-8020-a94232284285@group-83CFD60236D8-FollowerState was interrupted: java.lang.InterruptedException: sleep interrupted
2019-10-16 22:15:33,303 [grpc-default-executor-24] INFO  impl.RoleInfo (RoleInfo.java:updateAndGet(143)) - d9e6ea44-93db-446f-8020-a94232284285: start FollowerState
2019-10-16 22:15:33,329 [3989452c-7599-4156-9543-3fe544ced0f3@group-83CFD60236D8-LeaderElection362] INFO  impl.LeaderElection (LeaderElection.java:logAndReturn(56)) - 3989452c-7599-4156-9543-3fe544ced0f3@group-83CFD60236D8-LeaderElection362: Election REJECTED; received 2 response(s) [3989452c-7599-4156-9543-3fe544ced0f3<-eec99a0c-e1b1-4518-bc49-9d1a8c8e04d5#0:FAIL-t384, 3989452c-7599-4156-9543-3fe544ced0f3<-d9e6ea44-93db-446f-8020-a94232284285#0:FAIL-t384] and 0 exception(s); 3989452c-7599-4156-9543-3fe544ced0f3@group-83CFD60236D8:t384, leader=null, voted=3989452c-7599-4156-9543-3fe544ced0f3, raftlog=3989452c-7599-4156-9543-3fe544ced0f3@group-83CFD60236D8-SegmentedRaftLog:OPENED:c-1,f-1,i0, conf=-1: [3989452c-7599-4156-9543-3fe544ced0f3:192.168.157.254:36320, eec99a0c-e1b1-4518-bc49-9d1a8c8e04d5:192.168.157.254:45598, d9e6ea44-93db-446f-8020-a94232284285:192.168.157.254:41671], old=null
2019-10-16 22:15:33,329 [3989452c-7599-4156-9543-3fe544ced0f3@group-83CFD60236D8-LeaderElection362] INFO  impl.RaftServerImpl (RaftServerImpl.java:setRole(184)) - 3989452c-7599-4156-9543-3fe544ced0f3@group-83CFD60236D8: changes role from CANDIDATE to FOLLOWER at term 384 for DISCOVERED_A_NEW_TERM
2019-10-16 22:15:33,329 [3989452c-7599-4156-9543-3fe544ced0f3@group-83CFD60236D8-LeaderElection362] INFO  impl.RoleInfo (RoleInfo.java:shutdownLeaderElection(134)) - 3989452c-7599-4156-9543-3fe544ced0f3: shutdown LeaderElection
2019-10-16 22:15:33,329 [3989452c-7599-4156-9543-3fe544ced0f3@group-83CFD60236D8-LeaderElection362] INFO  impl.RoleInfo (RoleInfo.java:updateAndGet(143)) - 3989452c-7599-4156-9543-3fe544ced0f3: start FollowerState
2019-10-16 22:15:33,341 [Thread-3282] INFO  impl.FollowerState (FollowerState.java:run(108)) - 3989452c-7599-4156-9543-3fe544ced0f3@group-83CFD60236D8-FollowerState: change to CANDIDATE, lastRpcTime:11ms, electionTimeout:11ms
2019-10-16 22:15:33,341 [Thread-3282] INFO  impl.RoleInfo (RoleInfo.java:shutdownFollowerState(121)) - 3989452c-7599-4156-9543-3fe544ced0f3: shutdown FollowerState
2019-10-16 22:15:33,341 [Thread-3282] INFO  impl.RaftServerImpl (RaftServerImpl.java:setRole(184)) - 3989452c-7599-4156-9543-3fe544ced0f3@group-83CFD60236D8: changes role from  FOLLOWER to CANDIDATE at term 384 for changeToCandidate
2019-10-16 22:15:33,341 [Thread-3282] INFO  impl.RoleInfo (RoleInfo.java:updateAndGet(143)) - 3989452c-7599-4156-9543-3fe544ced0f3: start LeaderElection
2019-10-16 22:15:33,354 [3989452c-7599-4156-9543-3fe544ced0f3@group-83CFD60236D8-LeaderElection363] INFO  impl.LeaderElection (LeaderElection.java:askForVotes(178)) - 3989452c-7599-4156-9543-3fe544ced0f3@group-83CFD60236D8-LeaderElection363: begin an election at term 385 for -1: [3989452c-7599-4156-9543-3fe544ced0f3:192.168.157.254:36320, eec99a0c-e1b1-4518-bc49-9d1a8c8e04d5:192.168.157.254:45598, d9e6ea44-93db-446f-8020-a94232284285:192.168.157.254:41671], old=null
2019-10-16 22:15:33,355 [grpc-default-executor-18] INFO  impl.RaftServerImpl (RaftServerImpl.java:setRole(184)) - eec99a0c-e1b1-4518-bc49-9d1a8c8e04d5@group-83CFD60236D8: changes role from  FOLLOWER to FOLLOWER at term 385 for recognizeCandidate:3989452c-7599-4156-9543-3fe544ced0f3
2019-10-16 22:15:33,355 [grpc-default-executor-18] INFO  impl.RoleInfo (RoleInfo.java:shutdownFollowerState(121)) - eec99a0c-e1b1-4518-bc49-9d1a8c8e04d5: shutdown FollowerState
2019-10-16 22:15:33,355 [grpc-default-executor-24] INFO  impl.RaftServerImpl (RaftServerImpl.java:setRole(184)) - d9e6ea44-93db-446f-8020-a94232284285@group-83CFD60236D8: changes role from  FOLLOWER to FOLLOWER at term 385 for recognizeCandidate:3989452c-7599-4156-9543-3fe544ced0f3
2019-10-16 22:15:33,356 [grpc-default-executor-24] INFO  impl.RoleInfo (RoleInfo.java:shutdownFollowerState(121)) - d9e6ea44-93db-446f-8020-a94232284285: shutdown FollowerState
2019-10-16 22:15:33,356 [Thread-3280] INFO  impl.FollowerState (FollowerState.java:run(117)) - eec99a0c-e1b1-4518-bc49-9d1a8c8e04d5@group-83CFD60236D8-FollowerState was interrupted: java.lang.InterruptedException: sleep interrupted
2019-10-16 22:15:33,355 [grpc-default-executor-18] INFO  impl.RoleInfo (RoleInfo.java:updateAndGet(143)) - eec99a0c-e1b1-4518-bc49-9d1a8c8e04d5: start FollowerState
2019-10-16 22:15:33,356 [Thread-3281] INFO  impl.FollowerState (FollowerState.java:run(117)) - d9e6ea44-93db-446f-8020-a94232284285@group-83CFD60236D8-FollowerState was interrupted: java.lang.InterruptedException: sleep interrupted
2019-10-16 22:15:33,356 [grpc-default-executor-24] INFO  impl.RoleInfo (RoleInfo.java:updateAndGet(143)) - d9e6ea44-93db-446f-8020-a94232284285: start FollowerState
2019-10-16 22:15:33,372 [3989452c-7599-4156-9543-3fe544ced0f3@group-83CFD60236D8-LeaderElection363] INFO  impl.LeaderElection (LeaderElection.java:logAndReturn(56)) - 3989452c-7599-4156-9543-3fe544ced0f3@group-83CFD60236D8-LeaderElection363: Election REJECTED; received 2 response(s) [3989452c-7599-4156-9543-3fe544ced0f3<-eec99a0c-e1b1-4518-bc49-9d1a8c8e04d5#0:FAIL-t385, 3989452c-7599-4156-9543-3fe544ced0f3<-d9e6ea44-93db-446f-8020-a94232284285#0:FAIL-t385] and 0 exception(s); 3989452c-7599-4156-9543-3fe544ced0f3@group-83CFD60236D8:t385, leader=null, voted=3989452c-7599-4156-9543-3fe544ced0f3, raftlog=3989452c-7599-4156-9543-3fe544ced0f3@group-83CFD60236D8-SegmentedRaftLog:OPENED:c-1,f-1,i0, conf=-1: [3989452c-7599-4156-9543-3fe544ced0f3:192.168.157.254:36320, eec99a0c-e1b1-4518-bc49-9d1a8c8e04d5:192.168.157.254:45598, d9e6ea44-93db-446f-8020-a94232284285:192.168.157.254:41671], old=null
2019-10-16 22:15:33,372 [3989452c-7599-4156-9543-3fe544ced0f3@group-83CFD60236D8-LeaderElection363] INFO  impl.RaftServerImpl (RaftServerImpl.java:setRole(184)) - 3989452c-7599-4156-9543-3fe544ced0f3@group-83CFD60236D8: changes role from CANDIDATE to FOLLOWER at term 385 for DISCOVERED_A_NEW_TERM
2019-10-16 22:15:33,372 [3989452c-7599-4156-9543-3fe544ced0f3@group-83CFD60236D8-LeaderElection363] INFO  impl.RoleInfo (RoleInfo.java:shutdownLeaderElection(134)) - 3989452c-7599-4156-9543-3fe544ced0f3: shutdown LeaderElection
2019-10-16 22:15:33,373 [3989452c-7599-4156-9543-3fe544ced0f3@group-83CFD60236D8-LeaderElection363] INFO  impl.RoleInfo (RoleInfo.java:updateAndGet(143)) - 3989452c-7599-4156-9543-3fe544ced0f3: start FollowerState
2019-10-16 22:15:33,500 [Thread-3288] INFO  impl.FollowerState (FollowerState.java:run(108)) - 3989452c-7599-4156-9543-3fe544ced0f3@group-83CFD60236D8-FollowerState: change to CANDIDATE, lastRpcTime:127ms, electionTimeout:127ms
2019-10-16 22:15:33,500 [Thread-3288] INFO  impl.RoleInfo (RoleInfo.java:shutdownFollowerState(121)) - 3989452c-7599-4156-9543-3fe544ced0f3: shutdown FollowerState
2019-10-16 22:15:33,500 [Thread-3288] INFO  impl.RaftServerImpl (RaftServerImpl.java:setRole(184)) - 3989452c-7599-4156-9543-3fe544ced0f3@group-83CFD60236D8: changes role from  FOLLOWER to CANDIDATE at term 385 for changeToCandidate
2019-10-16 22:15:33,500 [Thread-3288] INFO  impl.RoleInfo (RoleInfo.java:updateAndGet(143)) - 3989452c-7599-4156-9543-3fe544ced0f3: start LeaderElection
2019-10-16 22:15:33,518 [3989452c-7599-4156-9543-3fe544ced0f3@group-83CFD60236D8-LeaderElection364] INFO  impl.LeaderElection (LeaderElection.java:askForVotes(178)) - 3989452c-7599-4156-9543-3fe544ced0f3@group-83CFD60236D8-LeaderElection364: begin an election at term 386 for -1: [3989452c-7599-4156-9543-3fe544ced0f3:192.168.157.254:36320, eec99a0c-e1b1-4518-bc49-9d1a8c8e04d5:192.168.157.254:45598, d9e6ea44-93db-446f-8020-a94232284285:192.168.157.254:41671], old=null
2019-10-16 22:15:33,520 [grpc-default-executor-18] INFO  impl.RaftServerImpl (RaftServerImpl.java:setRole(184)) - eec99a0c-e1b1-4518-bc49-9d1a8c8e04d5@group-83CFD60236D8: changes role from  FOLLOWER to FOLLOWER at term 386 for recognizeCandidate:3989452c-7599-4156-9543-3fe544ced0f3
2019-10-16 22:15:33,520 [grpc-default-executor-18] INFO  impl.RoleInfo (RoleInfo.java:shutdownFollowerState(121)) - eec99a0c-e1b1-4518-bc49-9d1a8c8e04d5: shutdown FollowerState
2019-10-16 22:15:33,520 [grpc-default-executor-24] INFO  impl.RaftServerImpl (RaftServerImpl.java:setRole(184)) - d9e6ea44-93db-446f-8020-a94232284285@group-83CFD60236D8: changes role from  FOLLOWER to FOLLOWER at term 386 for recognizeCandidate:3989452c-7599-4156-9543-3fe544ced0f3
2019-10-16 22:15:33,520 [grpc-default-executor-24] INFO  impl.RoleInfo (RoleInfo.java:shutdownFollowerState(121)) - d9e6ea44-93db-446f-8020-a94232284285: shutdown FollowerState
2019-10-16 22:15:33,520 [Thread-3286] INFO  impl.FollowerState (FollowerState.java:run(117)) - eec99a0c-e1b1-4518-bc49-9d1a8c8e04d5@group-83CFD60236D8-FollowerState was interrupted: java.lang.InterruptedException: sleep interrupted
2019-10-16 22:15:33,520 [grpc-default-executor-18] INFO  impl.RoleInfo (RoleInfo.java:updateAndGet(143)) - eec99a0c-e1b1-4518-bc49-9d1a8c8e04d5: start FollowerState
2019-10-16 22:15:33,520 [Thread-3287] INFO  impl.FollowerState (FollowerState.java:run(117)) - d9e6ea44-93db-446f-8020-a94232284285@group-83CFD60236D8-FollowerState was interrupted: java.lang.InterruptedException: sleep interrupted
2019-10-16 22:15:33,520 [grpc-default-executor-24] INFO  impl.RoleInfo (RoleInfo.java:updateAndGet(143)) - d9e6ea44-93db-446f-8020-a94232284285: start FollowerState
2019-10-16 22:15:33,547 [3989452c-7599-4156-9543-3fe544ced0f3@group-83CFD60236D8-LeaderElection364] INFO  impl.LeaderElection (LeaderElection.java:logAndReturn(56)) - 3989452c-7599-4156-9543-3fe544ced0f3@group-83CFD60236D8-LeaderElection364: Election REJECTED; received 2 response(s) [3989452c-7599-4156-9543-3fe544ced0f3<-eec99a0c-e1b1-4518-bc49-9d1a8c8e04d5#0:FAIL-t386, 3989452c-7599-4156-9543-3fe544ced0f3<-d9e6ea44-93db-446f-8020-a94232284285#0:FAIL-t386] and 0 exception(s); 3989452c-7599-4156-9543-3fe544ced0f3@group-83CFD60236D8:t386, leader=null, voted=3989452c-7599-4156-9543-3fe544ced0f3, raftlog=3989452c-7599-4156-9543-3fe544ced0f3@group-83CFD60236D8-SegmentedRaftLog:OPENED:c-1,f-1,i0, conf=-1: [3989452c-7599-4156-9543-3fe544ced0f3:192.168.157.254:36320, eec99a0c-e1b1-4518-bc49-9d1a8c8e04d5:192.168.157.254:45598, d9e6ea44-93db-446f-8020-a94232284285:192.168.157.254:41671], old=null
2019-10-16 22:15:33,547 [3989452c-7599-4156-9543-3fe544ced0f3@group-83CFD60236D8-LeaderElection364] INFO  impl.RaftServerImpl (RaftServerImpl.java:setRole(184)) - 3989452c-7599-4156-9543-3fe544ced0f3@group-83CFD60236D8: changes role from CANDIDATE to FOLLOWER at term 386 for DISCOVERED_A_NEW_TERM
2019-10-16 22:15:33,547 [3989452c-7599-4156-9543-3fe544ced0f3@group-83CFD60236D8-LeaderElection364] INFO  impl.RoleInfo (RoleInfo.java:shutdownLeaderElection(134)) - 3989452c-7599-4156-9543-3fe544ced0f3: shutdown LeaderElection
2019-10-16 22:15:33,547 [3989452c-7599-4156-9543-3fe544ced0f3@group-83CFD60236D8-LeaderElection364] INFO  impl.RoleInfo (RoleInfo.java:updateAndGet(143)) - 3989452c-7599-4156-9543-3fe544ced0f3: start FollowerState
2019-10-16 22:15:33,657 [Thread-3294] INFO  impl.FollowerState (FollowerState.java:run(108)) - 3989452c-7599-4156-9543-3fe544ced0f3@group-83CFD60236D8-FollowerState: change to CANDIDATE, lastRpcTime:109ms, electionTimeout:109ms
2019-10-16 22:15:33,657 [Thread-3294] INFO  impl.RoleInfo (RoleInfo.java:shutdownFollowerState(121)) - 3989452c-7599-4156-9543-3fe544ced0f3: shutdown FollowerState
2019-10-16 22:15:33,657 [Thread-3294] INFO  impl.RaftServerImpl (RaftServerImpl.java:setRole(184)) - 3989452c-7599-4156-9543-3fe544ced0f3@group-83CFD60236D8: changes role from  FOLLOWER to CANDIDATE at term 386 for changeToCandidate
2019-10-16 22:15:33,657 [Thread-3294] INFO  impl.RoleInfo (RoleInfo.java:updateAndGet(143)) - 3989452c-7599-4156-9543-3fe544ced0f3: start LeaderElection
2019-10-16 22:15:33,672 [3989452c-7599-4156-9543-3fe544ced0f3@group-83CFD60236D8-LeaderElection365] INFO  impl.LeaderElection (LeaderElection.java:askForVotes(178)) - 3989452c-7599-4156-9543-3fe544ced0f3@group-83CFD60236D8-LeaderElection365: begin an election at term 387 for -1: [3989452c-7599-4156-9543-3fe544ced0f3:192.168.157.254:36320, eec99a0c-e1b1-4518-bc49-9d1a8c8e04d5:192.168.157.254:45598, d9e6ea44-93db-446f-8020-a94232284285:192.168.157.254:41671], old=null
2019-10-16 22:15:33,673 [grpc-default-executor-18] INFO  impl.RaftServerImpl (RaftServerImpl.java:setRole(184)) - eec99a0c-e1b1-4518-bc49-9d1a8c8e04d5@group-83CFD60236D8: changes role from  FOLLOWER to FOLLOWER at term 387 for recognizeCandidate:3989452c-7599-4156-9543-3fe544ced0f3
2019-10-16 22:15:33,673 [grpc-default-executor-18] INFO  impl.RoleInfo (RoleInfo.java:shutdownFollowerState(121)) - eec99a0c-e1b1-4518-bc49-9d1a8c8e04d5: shutdown FollowerState
2019-10-16 22:15:33,674 [grpc-default-executor-24] INFO  impl.RaftServerImpl (RaftServerImpl.java:setRole(184)) - d9e6ea44-93db-446f-8020-a94232284285@group-83CFD60236D8: changes role from  FOLLOWER to FOLLOWER at term 387 for recognizeCandidate:3989452c-7599-4156-9543-3fe544ced0f3
2019-10-16 22:15:33,674 [grpc-default-executor-24] INFO  impl.RoleInfo (RoleInfo.java:shutdownFollowerState(121)) - d9e6ea44-93db-446f-8020-a94232284285: shutdown FollowerState
2019-10-16 22:15:33,674 [Thread-3292] INFO  impl.FollowerState (FollowerState.java:run(117)) - eec99a0c-e1b1-4518-bc49-9d1a8c8e04d5@group-83CFD60236D8-FollowerState was interrupted: java.lang.InterruptedException: sleep interrupted
2019-10-16 22:15:33,674 [Thread-3293] INFO  impl.FollowerState (FollowerState.java:run(117)) - d9e6ea44-93db-446f-8020-a94232284285@group-83CFD60236D8-FollowerState was interrupted: java.lang.InterruptedException: sleep interrupted
2019-10-16 22:15:33,674 [grpc-default-executor-18] INFO  impl.RoleInfo (RoleInfo.java:updateAndGet(143)) - eec99a0c-e1b1-4518-bc49-9d1a8c8e04d5: start FollowerState
2019-10-16 22:15:33,674 [grpc-default-executor-24] INFO  impl.RoleInfo (RoleInfo.java:updateAndGet(143)) - d9e6ea44-93db-446f-8020-a94232284285: start FollowerState
2019-10-16 22:15:33,700 [3989452c-7599-4156-9543-3fe544ced0f3@group-83CFD60236D8-LeaderElection365] INFO  impl.LeaderElection (LeaderElection.java:logAndReturn(56)) - 3989452c-7599-4156-9543-3fe544ced0f3@group-83CFD60236D8-LeaderElection365: Election REJECTED; received 2 response(s) [3989452c-7599-4156-9543-3fe544ced0f3<-eec99a0c-e1b1-4518-bc49-9d1a8c8e04d5#0:FAIL-t387, 3989452c-7599-4156-9543-3fe544ced0f3<-d9e6ea44-93db-446f-8020-a94232284285#0:FAIL-t387] and 0 exception(s); 3989452c-7599-4156-9543-3fe544ced0f3@group-83CFD60236D8:t387, leader=null, voted=3989452c-7599-4156-9543-3fe544ced0f3, raftlog=3989452c-7599-4156-9543-3fe544ced0f3@group-83CFD60236D8-SegmentedRaftLog:OPENED:c-1,f-1,i0, conf=-1: [3989452c-7599-4156-9543-3fe544ced0f3:192.168.157.254:36320, eec99a0c-e1b1-4518-bc49-9d1a8c8e04d5:192.168.157.254:45598, d9e6ea44-93db-446f-8020-a94232284285:192.168.157.254:41671], old=null
2019-10-16 22:15:33,700 [3989452c-7599-4156-9543-3fe544ced0f3@group-83CFD60236D8-LeaderElection365] INFO  impl.RaftServerImpl (RaftServerImpl.java:setRole(184)) - 3989452c-7599-4156-9543-3fe544ced0f3@group-83CFD60236D8: changes role from CANDIDATE to FOLLOWER at term 387 for DISCOVERED_A_NEW_TERM
2019-10-16 22:15:33,700 [3989452c-7599-4156-9543-3fe544ced0f3@group-83CFD60236D8-LeaderElection365] INFO  impl.RoleInfo (RoleInfo.java:shutdownLeaderElection(134)) - 3989452c-7599-4156-9543-3fe544ced0f3: shutdown LeaderElection
2019-10-16 22:15:33,700 [3989452c-7599-4156-9543-3fe544ced0f3@group-83CFD60236D8-LeaderElection365] INFO  impl.RoleInfo (RoleInfo.java:updateAndGet(143)) - 3989452c-7599-4156-9543-3fe544ced0f3: start FollowerState
2019-10-16 22:15:33,861 [Thread-3300] INFO  impl.FollowerState (FollowerState.java:run(108)) - 3989452c-7599-4156-9543-3fe544ced0f3@group-83CFD60236D8-FollowerState: change to CANDIDATE, lastRpcTime:161ms, electionTimeout:161ms
2019-10-16 22:15:33,862 [Thread-3300] INFO  impl.RoleInfo (RoleInfo.java:shutdownFollowerState(121)) - 3989452c-7599-4156-9543-3fe544ced0f3: shutdown FollowerState
2019-10-16 22:15:33,862 [Thread-3300] INFO  impl.RaftServerImpl (RaftServerImpl.java:setRole(184)) - 3989452c-7599-4156-9543-3fe544ced0f3@group-83CFD60236D8: changes role from  FOLLOWER to CANDIDATE at term 387 for changeToCandidate
2019-10-16 22:15:33,862 [Thread-3300] INFO  impl.RoleInfo (RoleInfo.java:updateAndGet(143)) - 3989452c-7599-4156-9543-3fe544ced0f3: start LeaderElection
2019-10-16 22:15:33,875 [3989452c-7599-4156-9543-3fe544ced0f3@group-83CFD60236D8-LeaderElection366] INFO  impl.LeaderElection (LeaderElection.java:askForVotes(178)) - 3989452c-7599-4156-9543-3fe544ced0f3@group-83CFD60236D8-LeaderElection366: begin an election at term 388 for -1: [3989452c-7599-4156-9543-3fe544ced0f3:192.168.157.254:36320, eec99a0c-e1b1-4518-bc49-9d1a8c8e04d5:192.168.157.254:45598, d9e6ea44-93db-446f-8020-a94232284285:192.168.157.254:41671], old=null
2019-10-16 22:15:33,879 [grpc-default-executor-24] INFO  impl.RaftServerImpl (RaftServerImpl.java:setRole(184)) - eec99a0c-e1b1-4518-bc49-9d1a8c8e04d5@group-83CFD60236D8: changes role from  FOLLOWER to FOLLOWER at term 388 for recognizeCandidate:3989452c-7599-4156-9543-3fe544ced0f3
2019-10-16 22:15:33,879 [grpc-default-executor-24] INFO  impl.RoleInfo (RoleInfo.java:shutdownFollowerState(121)) - eec99a0c-e1b1-4518-bc49-9d1a8c8e04d5: shutdown FollowerState
2019-10-16 22:15:33,879 [grpc-default-executor-24] INFO  impl.RoleInfo (RoleInfo.java:updateAndGet(143)) - eec99a0c-e1b1-4518-bc49-9d1a8c8e04d5: start FollowerState
2019-10-16 22:15:33,879 [Thread-3298] INFO  impl.FollowerState (FollowerState.java:run(117)) - eec99a0c-e1b1-4518-bc49-9d1a8c8e04d5@group-83CFD60236D8-FollowerState was interrupted: java.lang.InterruptedException: sleep interrupted
2019-10-16 22:15:33,879 [grpc-default-executor-18] INFO  impl.RaftServerImpl (RaftServerImpl.java:setRole(184)) - d9e6ea44-93db-446f-8020-a94232284285@group-83CFD60236D8: changes role from  FOLLOWER to FOLLOWER at term 388 for recognizeCandidate:3989452c-7599-4156-9543-3fe544ced0f3
2019-10-16 22:15:33,880 [grpc-default-executor-18] INFO  impl.RoleInfo (RoleInfo.java:shutdownFollowerState(121)) - d9e6ea44-93db-446f-8020-a94232284285: shutdown FollowerState
2019-10-16 22:15:33,880 [grpc-default-executor-18] INFO  impl.RoleInfo (RoleInfo.java:updateAndGet(143)) - d9e6ea44-93db-446f-8020-a94232284285: start FollowerState
2019-10-16 22:15:33,880 [Thread-3299] INFO  impl.FollowerState (FollowerState.java:run(117)) - d9e6ea44-93db-446f-8020-a94232284285@group-83CFD60236D8-FollowerState was interrupted: java.lang.InterruptedException: sleep interrupted
2019-10-16 22:15:33,905 [3989452c-7599-4156-9543-3fe544ced0f3@group-83CFD60236D8-LeaderElection366] INFO  impl.LeaderElection (LeaderElection.java:logAndReturn(56)) - 3989452c-7599-4156-9543-3fe544ced0f3@group-83CFD60236D8-LeaderElection366: Election REJECTED; received 2 response(s) [3989452c-7599-4156-9543-3fe544ced0f3<-eec99a0c-e1b1-4518-bc49-9d1a8c8e04d5#0:FAIL-t388, 3989452c-7599-4156-9543-3fe544ced0f3<-d9e6ea44-93db-446f-8020-a94232284285#0:FAIL-t388] and 0 exception(s); 3989452c-7599-4156-9543-3fe544ced0f3@group-83CFD60236D8:t388, leader=null, voted=3989452c-7599-4156-9543-3fe544ced0f3, raftlog=3989452c-7599-4156-9543-3fe544ced0f3@group-83CFD60236D8-SegmentedRaftLog:OPENED:c-1,f-1,i0, conf=-1: [3989452c-7599-4156-9543-3fe544ced0f3:192.168.157.254:36320, eec99a0c-e1b1-4518-bc49-9d1a8c8e04d5:192.168.157.254:45598, d9e6ea44-93db-446f-8020-a94232284285:192.168.157.254:41671], old=null
2019-10-16 22:15:33,905 [3989452c-7599-4156-9543-3fe544ced0f3@group-83CFD60236D8-LeaderElection366] INFO  impl.RaftServerImpl (RaftServerImpl.java:setRole(184)) - 3989452c-7599-4156-9543-3fe544ced0f3@group-83CFD60236D8: changes role from CANDIDATE to FOLLOWER at term 388 for DISCOVERED_A_NEW_TERM
2019-10-16 22:15:33,905 [3989452c-7599-4156-9543-3fe544ced0f3@group-83CFD60236D8-LeaderElection366] INFO  impl.RoleInfo (RoleInfo.java:shutdownLeaderElection(134)) - 3989452c-7599-4156-9543-3fe544ced0f3: shutdown LeaderElection
2019-10-16 22:15:33,905 [3989452c-7599-4156-9543-3fe544ced0f3@group-83CFD60236D8-LeaderElection366] INFO  impl.RoleInfo (RoleInfo.java:updateAndGet(143)) - 3989452c-7599-4156-9543-3fe544ced0f3: start FollowerState
2019-10-16 22:15:33,962 [Thread-3306] INFO  impl.FollowerState (FollowerState.java:run(108)) - 3989452c-7599-4156-9543-3fe544ced0f3@group-83CFD60236D8-FollowerState: change to CANDIDATE, lastRpcTime:56ms, electionTimeout:56ms
2019-10-16 22:15:33,962 [Thread-3306] INFO  impl.RoleInfo (RoleInfo.java:shutdownFollowerState(121)) - 3989452c-7599-4156-9543-3fe544ced0f3: shutdown FollowerState
2019-10-16 22:15:33,962 [Thread-3306] INFO  impl.RaftServerImpl (RaftServerImpl.java:setRole(184)) - 3989452c-7599-4156-9543-3fe544ced0f3@group-83CFD60236D8: changes role from  FOLLOWER to CANDIDATE at term 388 for changeToCandidate
2019-10-16 22:15:33,962 [Thread-3306] INFO  impl.RoleInfo (RoleInfo.java:updateAndGet(143)) - 3989452c-7599-4156-9543-3fe544ced0f3: start LeaderElection
2019-10-16 22:15:33,977 [3989452c-7599-4156-9543-3fe544ced0f3@group-83CFD60236D8-LeaderElection367] INFO  impl.LeaderElection (LeaderElection.java:askForVotes(178)) - 3989452c-7599-4156-9543-3fe544ced0f3@group-83CFD60236D8-LeaderElection367: begin an election at term 389 for -1: [3989452c-7599-4156-9543-3fe544ced0f3:192.168.157.254:36320, eec99a0c-e1b1-4518-bc49-9d1a8c8e04d5:192.168.157.254:45598, d9e6ea44-93db-446f-8020-a94232284285:192.168.157.254:41671], old=null
2019-10-16 22:15:33,979 [grpc-default-executor-24] INFO  impl.RaftServerImpl (RaftServerImpl.java:setRole(184)) - eec99a0c-e1b1-4518-bc49-9d1a8c8e04d5@group-83CFD60236D8: changes role from  FOLLOWER to FOLLOWER at term 389 for recognizeCandidate:3989452c-7599-4156-9543-3fe544ced0f3
2019-10-16 22:15:33,979 [grpc-default-executor-24] INFO  impl.RoleInfo (RoleInfo.java:shutdownFollowerState(121)) - eec99a0c-e1b1-4518-bc49-9d1a8c8e04d5: shutdown FollowerState
2019-10-16 22:15:33,979 [grpc-default-executor-24] INFO  impl.RoleInfo (RoleInfo.java:updateAndGet(143)) - eec99a0c-e1b1-4518-bc49-9d1a8c8e04d5: start FollowerState
2019-10-16 22:15:33,979 [Thread-3304] INFO  impl.FollowerState (FollowerState.java:run(117)) - eec99a0c-e1b1-4518-bc49-9d1a8c8e04d5@group-83CFD60236D8-FollowerState was interrupted: java.lang.InterruptedException: sleep interrupted
2019-10-16 22:15:33,979 [grpc-default-executor-18] INFO  impl.RaftServerImpl (RaftServerImpl.java:setRole(184)) - d9e6ea44-93db-446f-8020-a94232284285@group-83CFD60236D8: changes role from  FOLLOWER to FOLLOWER at term 389 for recognizeCandidate:3989452c-7599-4156-9543-3fe544ced0f3
2019-10-16 22:15:33,979 [grpc-default-executor-18] INFO  impl.RoleInfo (RoleInfo.java:shutdownFollowerState(121)) - d9e6ea44-93db-446f-8020-a94232284285: shutdown FollowerState
2019-10-16 22:15:33,979 [grpc-default-executor-18] INFO  impl.RoleInfo (RoleInfo.java:updateAndGet(143)) - d9e6ea44-93db-446f-8020-a94232284285: start FollowerState
2019-10-16 22:15:33,979 [Thread-3305] INFO  impl.FollowerState (FollowerState.java:run(117)) - d9e6ea44-93db-446f-8020-a94232284285@group-83CFD60236D8-FollowerState was interrupted: java.lang.InterruptedException: sleep interrupted
2019-10-16 22:15:33,995 [3989452c-7599-4156-9543-3fe544ced0f3@group-83CFD60236D8-LeaderElection367] INFO  impl.LeaderElection (LeaderElection.java:logAndReturn(56)) - 3989452c-7599-4156-9543-3fe544ced0f3@group-83CFD60236D8-LeaderElection367: Election REJECTED; received 2 response(s) [3989452c-7599-4156-9543-3fe544ced0f3<-eec99a0c-e1b1-4518-bc49-9d1a8c8e04d5#0:FAIL-t389, 3989452c-7599-4156-9543-3fe544ced0f3<-d9e6ea44-93db-446f-8020-a94232284285#0:FAIL-t389] and 0 exception(s); 3989452c-7599-4156-9543-3fe544ced0f3@group-83CFD60236D8:t389, leader=null, voted=3989452c-7599-4156-9543-3fe544ced0f3, raftlog=3989452c-7599-4156-9543-3fe544ced0f3@group-83CFD60236D8-SegmentedRaftLog:OPENED:c-1,f-1,i0, conf=-1: [3989452c-7599-4156-9543-3fe544ced0f3:192.168.157.254:36320, eec99a0c-e1b1-4518-bc49-9d1a8c8e04d5:192.168.157.254:45598, d9e6ea44-93db-446f-8020-a94232284285:192.168.157.254:41671], old=null
2019-10-16 22:15:33,995 [3989452c-7599-4156-9543-3fe544ced0f3@group-83CFD60236D8-LeaderElection367] INFO  impl.RaftServerImpl (RaftServerImpl.java:setRole(184)) - 3989452c-7599-4156-9543-3fe544ced0f3@group-83CFD60236D8: changes role from CANDIDATE to FOLLOWER at term 389 for DISCOVERED_A_NEW_TERM
2019-10-16 22:15:33,995 [3989452c-7599-4156-9543-3fe544ced0f3@group-83CFD60236D8-LeaderElection367] INFO  impl.RoleInfo (RoleInfo.java:shutdownLeaderElection(134)) - 3989452c-7599-4156-9543-3fe544ced0f3: shutdown LeaderElection
2019-10-16 22:15:33,995 [3989452c-7599-4156-9543-3fe544ced0f3@group-83CFD60236D8-LeaderElection367] INFO  impl.RoleInfo (RoleInfo.java:updateAndGet(143)) - 3989452c-7599-4156-9543-3fe544ced0f3: start FollowerState
 100.00% |?????????????????????????????????????????????????????????????????????????????????????????????????????|  1/1 Time: 0:06:50
]]></system-out>
    <system-err><![CDATA[Oct 16, 2019 10:14:08 PM org.apache.ratis.thirdparty.io.grpc.internal.ManagedChannelOrphanWrapper$ManagedChannelReference cleanQueue
SEVERE: *~*~*~ Channel ManagedChannelImpl{logId=481, target=192.168.157.254:36320} was not terminated properly!!! ~*~*~*
    Make sure to call shutdown()/shutdownNow() and wait until awaitTermination() returns true.
java.lang.RuntimeException: ManagedChannel allocation site
	at org.apache.ratis.thirdparty.io.grpc.internal.ManagedChannelOrphanWrapper$ManagedChannelReference.<init>(ManagedChannelOrphanWrapper.java:103)
	at org.apache.ratis.thirdparty.io.grpc.internal.ManagedChannelOrphanWrapper.<init>(ManagedChannelOrphanWrapper.java:53)
	at org.apache.ratis.thirdparty.io.grpc.internal.ManagedChannelOrphanWrapper.<init>(ManagedChannelOrphanWrapper.java:44)
	at org.apache.ratis.thirdparty.io.grpc.internal.AbstractManagedChannelImplBuilder.build(AbstractManagedChannelImplBuilder.java:411)
	at org.apache.ratis.grpc.server.GrpcServerProtocolClient.<init>(GrpcServerProtocolClient.java:79)
	at org.apache.ratis.grpc.server.GrpcService.lambda$null$0(GrpcService.java:102)
	at org.apache.ratis.util.PeerProxyMap$PeerAndProxy.lambda$getProxy$0(PeerProxyMap.java:61)
	at org.apache.ratis.util.LifeCycle.startAndTransition(LifeCycle.java:202)
	at org.apache.ratis.util.PeerProxyMap$PeerAndProxy.getProxy(PeerProxyMap.java:60)
	at org.apache.ratis.util.PeerProxyMap.getProxy(PeerProxyMap.java:108)
	at org.apache.ratis.grpc.server.GrpcService.requestVote(GrpcService.java:204)
	at org.apache.ratis.server.impl.LeaderElection.lambda$submitRequests$1(LeaderElection.java:234)
	at java.util.concurrent.FutureTask.run(FutureTask.java:266)
	at java.util.concurrent.Executors$RunnableAdapter.call(Executors.java:511)
	at java.util.concurrent.FutureTask.run(FutureTask.java:266)
	at java.util.concurrent.ThreadPoolExecutor.runWorker(ThreadPoolExecutor.java:1149)
	at java.util.concurrent.ThreadPoolExecutor$Worker.run(ThreadPoolExecutor.java:624)
	at java.lang.Thread.run(Thread.java:748)

Oct 16, 2019 10:14:08 PM org.apache.ratis.thirdparty.io.grpc.internal.ManagedChannelOrphanWrapper$ManagedChannelReference cleanQueue
SEVERE: *~*~*~ Channel ManagedChannelImpl{logId=482, target=192.168.157.254:41671} was not terminated properly!!! ~*~*~*
    Make sure to call shutdown()/shutdownNow() and wait until awaitTermination() returns true.
java.lang.RuntimeException: ManagedChannel allocation site
	at org.apache.ratis.thirdparty.io.grpc.internal.ManagedChannelOrphanWrapper$ManagedChannelReference.<init>(ManagedChannelOrphanWrapper.java:103)
	at org.apache.ratis.thirdparty.io.grpc.internal.ManagedChannelOrphanWrapper.<init>(ManagedChannelOrphanWrapper.java:53)
	at org.apache.ratis.thirdparty.io.grpc.internal.ManagedChannelOrphanWrapper.<init>(ManagedChannelOrphanWrapper.java:44)
	at org.apache.ratis.thirdparty.io.grpc.internal.AbstractManagedChannelImplBuilder.build(AbstractManagedChannelImplBuilder.java:411)
	at org.apache.ratis.grpc.server.GrpcServerProtocolClient.<init>(GrpcServerProtocolClient.java:79)
	at org.apache.ratis.grpc.server.GrpcService.lambda$null$0(GrpcService.java:102)
	at org.apache.ratis.util.PeerProxyMap$PeerAndProxy.lambda$getProxy$0(PeerProxyMap.java:61)
	at org.apache.ratis.util.LifeCycle.startAndTransition(LifeCycle.java:202)
	at org.apache.ratis.util.PeerProxyMap$PeerAndProxy.getProxy(PeerProxyMap.java:60)
	at org.apache.ratis.util.PeerProxyMap.getProxy(PeerProxyMap.java:108)
	at org.apache.ratis.grpc.server.GrpcService.requestVote(GrpcService.java:204)
	at org.apache.ratis.server.impl.LeaderElection.lambda$submitRequests$1(LeaderElection.java:234)
	at java.util.concurrent.FutureTask.run(FutureTask.java:266)
	at java.util.concurrent.Executors$RunnableAdapter.call(Executors.java:511)
	at java.util.concurrent.FutureTask.run(FutureTask.java:266)
	at java.util.concurrent.ThreadPoolExecutor.runWorker(ThreadPoolExecutor.java:1149)
	at java.util.concurrent.ThreadPoolExecutor$Worker.run(ThreadPoolExecutor.java:624)
	at java.lang.Thread.run(Thread.java:748)

Oct 16, 2019 10:15:15 PM org.apache.ratis.thirdparty.io.grpc.internal.ManagedChannelOrphanWrapper$ManagedChannelReference cleanQueue
SEVERE: *~*~*~ Channel ManagedChannelImpl{logId=491, target=192.168.157.254:45598} was not terminated properly!!! ~*~*~*
    Make sure to call shutdown()/shutdownNow() and wait until awaitTermination() returns true.
java.lang.RuntimeException: ManagedChannel allocation site
	at org.apache.ratis.thirdparty.io.grpc.internal.ManagedChannelOrphanWrapper$ManagedChannelReference.<init>(ManagedChannelOrphanWrapper.java:103)
	at org.apache.ratis.thirdparty.io.grpc.internal.ManagedChannelOrphanWrapper.<init>(ManagedChannelOrphanWrapper.java:53)
	at org.apache.ratis.thirdparty.io.grpc.internal.ManagedChannelOrphanWrapper.<init>(ManagedChannelOrphanWrapper.java:44)
	at org.apache.ratis.thirdparty.io.grpc.internal.AbstractManagedChannelImplBuilder.build(AbstractManagedChannelImplBuilder.java:411)
	at org.apache.ratis.grpc.server.GrpcServerProtocolClient.<init>(GrpcServerProtocolClient.java:79)
	at org.apache.ratis.grpc.server.GrpcService.lambda$null$0(GrpcService.java:102)
	at org.apache.ratis.util.PeerProxyMap$PeerAndProxy.lambda$getProxy$0(PeerProxyMap.java:61)
	at org.apache.ratis.util.LifeCycle.startAndTransition(LifeCycle.java:202)
	at org.apache.ratis.util.PeerProxyMap$PeerAndProxy.getProxy(PeerProxyMap.java:60)
	at org.apache.ratis.util.PeerProxyMap.getProxy(PeerProxyMap.java:108)
	at org.apache.ratis.grpc.server.GrpcService.requestVote(GrpcService.java:204)
	at org.apache.ratis.server.impl.LeaderElection.lambda$submitRequests$1(LeaderElection.java:234)
	at java.util.concurrent.FutureTask.run(FutureTask.java:266)
	at java.util.concurrent.Executors$RunnableAdapter.call(Executors.java:511)
	at java.util.concurrent.FutureTask.run(FutureTask.java:266)
	at java.util.concurrent.ThreadPoolExecutor.runWorker(ThreadPoolExecutor.java:1149)
	at java.util.concurrent.ThreadPoolExecutor$Worker.run(ThreadPoolExecutor.java:624)
	at java.lang.Thread.run(Thread.java:748)

Oct 16, 2019 10:15:15 PM org.apache.ratis.thirdparty.io.grpc.internal.ManagedChannelOrphanWrapper$ManagedChannelReference cleanQueue
SEVERE: *~*~*~ Channel ManagedChannelImpl{logId=492, target=192.168.157.254:36320} was not terminated properly!!! ~*~*~*
    Make sure to call shutdown()/shutdownNow() and wait until awaitTermination() returns true.
java.lang.RuntimeException: ManagedChannel allocation site
	at org.apache.ratis.thirdparty.io.grpc.internal.ManagedChannelOrphanWrapper$ManagedChannelReference.<init>(ManagedChannelOrphanWrapper.java:103)
	at org.apache.ratis.thirdparty.io.grpc.internal.ManagedChannelOrphanWrapper.<init>(ManagedChannelOrphanWrapper.java:53)
	at org.apache.ratis.thirdparty.io.grpc.internal.ManagedChannelOrphanWrapper.<init>(ManagedChannelOrphanWrapper.java:44)
	at org.apache.ratis.thirdparty.io.grpc.internal.AbstractManagedChannelImplBuilder.build(AbstractManagedChannelImplBuilder.java:411)
	at org.apache.ratis.grpc.server.GrpcServerProtocolClient.<init>(GrpcServerProtocolClient.java:79)
	at org.apache.ratis.grpc.server.GrpcService.lambda$null$0(GrpcService.java:102)
	at org.apache.ratis.util.PeerProxyMap$PeerAndProxy.lambda$getProxy$0(PeerProxyMap.java:61)
	at org.apache.ratis.util.LifeCycle.startAndTransition(LifeCycle.java:202)
	at org.apache.ratis.util.PeerProxyMap$PeerAndProxy.getProxy(PeerProxyMap.java:60)
	at org.apache.ratis.util.PeerProxyMap.getProxy(PeerProxyMap.java:108)
	at org.apache.ratis.grpc.server.GrpcService.requestVote(GrpcService.java:204)
	at org.apache.ratis.server.impl.LeaderElection.lambda$submitRequests$1(LeaderElection.java:234)
	at java.util.concurrent.FutureTask.run(FutureTask.java:266)
	at java.util.concurrent.Executors$RunnableAdapter.call(Executors.java:511)
	at java.util.concurrent.FutureTask.run(FutureTask.java:266)
	at java.util.concurrent.ThreadPoolExecutor.runWorker(ThreadPoolExecutor.java:1149)
	at java.util.concurrent.ThreadPoolExecutor$Worker.run(ThreadPoolExecutor.java:624)
	at java.lang.Thread.run(Thread.java:748)

]]></system-err>
  </testcase>
  <testcase name="standaloneTestLargeKey" classname="org.apache.hadoop.ozone.freon.TestDataValidateWithDummyContainers" time="5.029">
    <error message="Allocated 0 blocks. Requested 5 blocks" type="INTERNAL_ERROR org.apache.hadoop.ozone.om.exceptions.OMException">INTERNAL_ERROR org.apache.hadoop.ozone.om.exceptions.OMException: Allocated 0 blocks. Requested 5 blocks
	at org.apache.hadoop.ozone.om.protocolPB.OzoneManagerProtocolClientSideTranslatorPB.handleError(OzoneManagerProtocolClientSideTranslatorPB.java:732)
	at org.apache.hadoop.ozone.om.protocolPB.OzoneManagerProtocolClientSideTranslatorPB.openKey(OzoneManagerProtocolClientSideTranslatorPB.java:723)
	at sun.reflect.NativeMethodAccessorImpl.invoke0(Native Method)
	at sun.reflect.NativeMethodAccessorImpl.invoke(NativeMethodAccessorImpl.java:62)
	at sun.reflect.DelegatingMethodAccessorImpl.invoke(DelegatingMethodAccessorImpl.java:43)
	at java.lang.reflect.Method.invoke(Method.java:498)
	at org.apache.hadoop.hdds.tracing.TraceAllMethod.invoke(TraceAllMethod.java:66)
	at com.sun.proxy.$Proxy37.openKey(Unknown Source)
	at org.apache.hadoop.ozone.client.rpc.RpcClient.createKey(RpcClient.java:614)
	at org.apache.hadoop.ozone.client.OzoneBucket.createKey(OzoneBucket.java:325)
	at org.apache.hadoop.ozone.freon.RandomKeyGenerator.createKey(RandomKeyGenerator.java:695)
	at org.apache.hadoop.ozone.freon.RandomKeyGenerator.access$1100(RandomKeyGenerator.java:88)
	at org.apache.hadoop.ozone.freon.RandomKeyGenerator$ObjectCreator.run(RandomKeyGenerator.java:615)
	at java.util.concurrent.Executors$RunnableAdapter.call(Executors.java:511)
	at java.util.concurrent.FutureTask.run(FutureTask.java:266)
	at java.util.concurrent.ThreadPoolExecutor.runWorker(ThreadPoolExecutor.java:1149)
	at java.util.concurrent.ThreadPoolExecutor$Worker.run(ThreadPoolExecutor.java:624)
	at java.lang.Thread.run(Thread.java:748)
</error>
    <system-out><![CDATA[2019-10-16 22:15:34,074 [main] INFO  freon.RandomKeyGenerator (RandomKeyGenerator.java:call(258)) - Override validateWrites to false, because hdds.container.chunk.persistdata is set to false.
2019-10-16 22:15:34,098 [main] INFO  freon.RandomKeyGenerator (RandomKeyGenerator.java:call(283)) - Number of Threads: 10
2019-10-16 22:15:34,098 [main] INFO  freon.RandomKeyGenerator (RandomKeyGenerator.java:call(288)) - Number of Volumes: 1.
2019-10-16 22:15:34,098 [main] INFO  freon.RandomKeyGenerator (RandomKeyGenerator.java:call(289)) - Number of Buckets per Volume: 1.
2019-10-16 22:15:34,098 [main] INFO  freon.RandomKeyGenerator (RandomKeyGenerator.java:call(290)) - Number of Keys per Bucket: 1.
2019-10-16 22:15:34,098 [main] INFO  freon.RandomKeyGenerator (RandomKeyGenerator.java:call(291)) - Key size: 20971520 bytes
2019-10-16 22:15:34,098 [main] INFO  freon.RandomKeyGenerator (RandomKeyGenerator.java:call(292)) - Buffer size: 4096 bytes
2019-10-16 22:15:34,098 [main] INFO  freon.RandomKeyGenerator (RandomKeyGenerator.java:call(293)) - validateWrites : false
2019-10-16 22:15:34,100 [main] INFO  freon.RandomKeyGenerator (RandomKeyGenerator.java:call(313)) - Starting progress bar Thread.

 0.00% |?                                                                                                    |  0/1 Time: 0:00:002019-10-16 22:15:34,119 [pool-80-thread-1] INFO  rpc.RpcClient (RpcClient.java:createVolume(272)) - Creating Volume: vol-0-51037, with jenkins1000 as owner.
2019-10-16 22:15:34,125 [IPC Server handler 4 on 44191] INFO  volume.OMVolumeCreateRequest (OMVolumeCreateRequest.java:validateAndUpdateCache(193)) - created volume:vol-0-51037 for user:jenkins1000
2019-10-16 22:15:34,140 [pool-80-thread-3] INFO  rpc.RpcClient (RpcClient.java:createBucket(411)) - Creating Bucket: vol-0-51037/bucket-0-86896, with Versioning false and Storage Type set to DISK and Encryption set to false 
2019-10-16 22:15:34,157 [IPC Server handler 8 on 33518] WARN  block.BlockManagerImpl (BlockManagerImpl.java:allocateBlock(200)) - Pipeline creation failed for type:RATIS factor:THREE. Retrying get pipelines call once.
org.apache.hadoop.hdds.scm.pipeline.InsufficientDatanodesException: Cannot create pipeline of factor 3 using 2 nodes.
	at org.apache.hadoop.hdds.scm.pipeline.RatisPipelineProvider.create(RatisPipelineProvider.java:153)
	at org.apache.hadoop.hdds.scm.pipeline.PipelineFactory.create(PipelineFactory.java:58)
	at org.apache.hadoop.hdds.scm.pipeline.SCMPipelineManager.createPipeline(SCMPipelineManager.java:155)
	at org.apache.hadoop.hdds.scm.block.BlockManagerImpl.allocateBlock(BlockManagerImpl.java:198)
	at org.apache.hadoop.hdds.scm.server.SCMBlockProtocolServer.allocateBlock(SCMBlockProtocolServer.java:182)
	at org.apache.hadoop.hdds.scm.protocol.ScmBlockLocationProtocolServerSideTranslatorPB.allocateScmBlock(ScmBlockLocationProtocolServerSideTranslatorPB.java:159)
	at org.apache.hadoop.hdds.scm.protocol.ScmBlockLocationProtocolServerSideTranslatorPB.processMessage(ScmBlockLocationProtocolServerSideTranslatorPB.java:117)
	at org.apache.hadoop.hdds.server.OzoneProtocolMessageDispatcher.processRequest(OzoneProtocolMessageDispatcher.java:72)
	at org.apache.hadoop.hdds.scm.protocol.ScmBlockLocationProtocolServerSideTranslatorPB.send(ScmBlockLocationProtocolServerSideTranslatorPB.java:98)
	at org.apache.hadoop.hdds.protocol.proto.ScmBlockLocationProtocolProtos$ScmBlockLocationProtocolService$2.callBlockingMethod(ScmBlockLocationProtocolProtos.java:13157)
	at org.apache.hadoop.ipc.ProtobufRpcEngine$Server$ProtoBufRpcInvoker.call(ProtobufRpcEngine.java:524)
	at org.apache.hadoop.ipc.RPC$Server.call(RPC.java:1025)
	at org.apache.hadoop.ipc.Server$RpcCall.run(Server.java:876)
	at org.apache.hadoop.ipc.Server$RpcCall.run(Server.java:822)
	at java.security.AccessController.doPrivileged(Native Method)
	at javax.security.auth.Subject.doAs(Subject.java:422)
	at org.apache.hadoop.security.UserGroupInformation.doAs(UserGroupInformation.java:1730)
	at org.apache.hadoop.ipc.Server$Handler.run(Server.java:2682)
2019-10-16 22:15:34,158 [IPC Server handler 8 on 33518] INFO  block.BlockManagerImpl (BlockManagerImpl.java:allocateBlock(212)) - Could not find available pipeline of type:RATIS and factor:THREE even after retrying
2019-10-16 22:15:34,158 [IPC Server handler 8 on 33518] ERROR block.BlockManagerImpl (BlockManagerImpl.java:allocateBlock(236)) - Unable to allocate a block for the size: 4194304, type: RATIS, factor: THREE
2019-10-16 22:15:34,160 [IPC Server handler 8 on 33518] WARN  block.BlockManagerImpl (BlockManagerImpl.java:allocateBlock(200)) - Pipeline creation failed for type:RATIS factor:THREE. Retrying get pipelines call once.
org.apache.hadoop.hdds.scm.pipeline.InsufficientDatanodesException: Cannot create pipeline of factor 3 using 2 nodes.
	at org.apache.hadoop.hdds.scm.pipeline.RatisPipelineProvider.create(RatisPipelineProvider.java:153)
	at org.apache.hadoop.hdds.scm.pipeline.PipelineFactory.create(PipelineFactory.java:58)
	at org.apache.hadoop.hdds.scm.pipeline.SCMPipelineManager.createPipeline(SCMPipelineManager.java:155)
	at org.apache.hadoop.hdds.scm.block.BlockManagerImpl.allocateBlock(BlockManagerImpl.java:198)
	at org.apache.hadoop.hdds.scm.server.SCMBlockProtocolServer.allocateBlock(SCMBlockProtocolServer.java:182)
	at org.apache.hadoop.hdds.scm.protocol.ScmBlockLocationProtocolServerSideTranslatorPB.allocateScmBlock(ScmBlockLocationProtocolServerSideTranslatorPB.java:159)
	at org.apache.hadoop.hdds.scm.protocol.ScmBlockLocationProtocolServerSideTranslatorPB.processMessage(ScmBlockLocationProtocolServerSideTranslatorPB.java:117)
	at org.apache.hadoop.hdds.server.OzoneProtocolMessageDispatcher.processRequest(OzoneProtocolMessageDispatcher.java:72)
	at org.apache.hadoop.hdds.scm.protocol.ScmBlockLocationProtocolServerSideTranslatorPB.send(ScmBlockLocationProtocolServerSideTranslatorPB.java:98)
	at org.apache.hadoop.hdds.protocol.proto.ScmBlockLocationProtocolProtos$ScmBlockLocationProtocolService$2.callBlockingMethod(ScmBlockLocationProtocolProtos.java:13157)
	at org.apache.hadoop.ipc.ProtobufRpcEngine$Server$ProtoBufRpcInvoker.call(ProtobufRpcEngine.java:524)
	at org.apache.hadoop.ipc.RPC$Server.call(RPC.java:1025)
	at org.apache.hadoop.ipc.Server$RpcCall.run(Server.java:876)
	at org.apache.hadoop.ipc.Server$RpcCall.run(Server.java:822)
	at java.security.AccessController.doPrivileged(Native Method)
	at javax.security.auth.Subject.doAs(Subject.java:422)
	at org.apache.hadoop.security.UserGroupInformation.doAs(UserGroupInformation.java:1730)
	at org.apache.hadoop.ipc.Server$Handler.run(Server.java:2682)
2019-10-16 22:15:34,161 [IPC Server handler 8 on 33518] INFO  block.BlockManagerImpl (BlockManagerImpl.java:allocateBlock(212)) - Could not find available pipeline of type:RATIS and factor:THREE even after retrying
2019-10-16 22:15:34,161 [IPC Server handler 8 on 33518] ERROR block.BlockManagerImpl (BlockManagerImpl.java:allocateBlock(236)) - Unable to allocate a block for the size: 4194304, type: RATIS, factor: THREE
2019-10-16 22:15:34,163 [Thread-3312] INFO  impl.FollowerState (FollowerState.java:run(108)) - 3989452c-7599-4156-9543-3fe544ced0f3@group-83CFD60236D8-FollowerState: change to CANDIDATE, lastRpcTime:167ms, electionTimeout:166ms
2019-10-16 22:15:34,163 [Thread-3312] INFO  impl.RoleInfo (RoleInfo.java:shutdownFollowerState(121)) - 3989452c-7599-4156-9543-3fe544ced0f3: shutdown FollowerState
2019-10-16 22:15:34,163 [IPC Server handler 8 on 33518] WARN  block.BlockManagerImpl (BlockManagerImpl.java:allocateBlock(200)) - Pipeline creation failed for type:RATIS factor:THREE. Retrying get pipelines call once.
org.apache.hadoop.hdds.scm.pipeline.InsufficientDatanodesException: Cannot create pipeline of factor 3 using 2 nodes.
	at org.apache.hadoop.hdds.scm.pipeline.RatisPipelineProvider.create(RatisPipelineProvider.java:153)
	at org.apache.hadoop.hdds.scm.pipeline.PipelineFactory.create(PipelineFactory.java:58)
	at org.apache.hadoop.hdds.scm.pipeline.SCMPipelineManager.createPipeline(SCMPipelineManager.java:155)
	at org.apache.hadoop.hdds.scm.block.BlockManagerImpl.allocateBlock(BlockManagerImpl.java:198)
	at org.apache.hadoop.hdds.scm.server.SCMBlockProtocolServer.allocateBlock(SCMBlockProtocolServer.java:182)
	at org.apache.hadoop.hdds.scm.protocol.ScmBlockLocationProtocolServerSideTranslatorPB.allocateScmBlock(ScmBlockLocationProtocolServerSideTranslatorPB.java:159)
	at org.apache.hadoop.hdds.scm.protocol.ScmBlockLocationProtocolServerSideTranslatorPB.processMessage(ScmBlockLocationProtocolServerSideTranslatorPB.java:117)
	at org.apache.hadoop.hdds.server.OzoneProtocolMessageDispatcher.processRequest(OzoneProtocolMessageDispatcher.java:72)
	at org.apache.hadoop.hdds.scm.protocol.ScmBlockLocationProtocolServerSideTranslatorPB.send(ScmBlockLocationProtocolServerSideTranslatorPB.java:98)
	at org.apache.hadoop.hdds.protocol.proto.ScmBlockLocationProtocolProtos$ScmBlockLocationProtocolService$2.callBlockingMethod(ScmBlockLocationProtocolProtos.java:13157)
	at org.apache.hadoop.ipc.ProtobufRpcEngine$Server$ProtoBufRpcInvoker.call(ProtobufRpcEngine.java:524)
	at org.apache.hadoop.ipc.RPC$Server.call(RPC.java:1025)
	at org.apache.hadoop.ipc.Server$RpcCall.run(Server.java:876)
	at org.apache.hadoop.ipc.Server$RpcCall.run(Server.java:822)
	at java.security.AccessController.doPrivileged(Native Method)
	at javax.security.auth.Subject.doAs(Subject.java:422)
	at org.apache.hadoop.security.UserGroupInformation.doAs(UserGroupInformation.java:1730)
	at org.apache.hadoop.ipc.Server$Handler.run(Server.java:2682)
2019-10-16 22:15:34,163 [Thread-3312] INFO  impl.RaftServerImpl (RaftServerImpl.java:setRole(184)) - 3989452c-7599-4156-9543-3fe544ced0f3@group-83CFD60236D8: changes role from  FOLLOWER to CANDIDATE at term 389 for changeToCandidate
2019-10-16 22:15:34,163 [IPC Server handler 8 on 33518] INFO  block.BlockManagerImpl (BlockManagerImpl.java:allocateBlock(212)) - Could not find available pipeline of type:RATIS and factor:THREE even after retrying
2019-10-16 22:15:34,164 [Thread-3312] INFO  impl.RoleInfo (RoleInfo.java:updateAndGet(143)) - 3989452c-7599-4156-9543-3fe544ced0f3: start LeaderElection
2019-10-16 22:15:34,164 [IPC Server handler 8 on 33518] ERROR block.BlockManagerImpl (BlockManagerImpl.java:allocateBlock(236)) - Unable to allocate a block for the size: 4194304, type: RATIS, factor: THREE
2019-10-16 22:15:34,174 [IPC Server handler 8 on 33518] WARN  block.BlockManagerImpl (BlockManagerImpl.java:allocateBlock(200)) - Pipeline creation failed for type:RATIS factor:THREE. Retrying get pipelines call once.
org.apache.hadoop.hdds.scm.pipeline.InsufficientDatanodesException: Cannot create pipeline of factor 3 using 2 nodes.
	at org.apache.hadoop.hdds.scm.pipeline.RatisPipelineProvider.create(RatisPipelineProvider.java:153)
	at org.apache.hadoop.hdds.scm.pipeline.PipelineFactory.create(PipelineFactory.java:58)
	at org.apache.hadoop.hdds.scm.pipeline.SCMPipelineManager.createPipeline(SCMPipelineManager.java:155)
	at org.apache.hadoop.hdds.scm.block.BlockManagerImpl.allocateBlock(BlockManagerImpl.java:198)
	at org.apache.hadoop.hdds.scm.server.SCMBlockProtocolServer.allocateBlock(SCMBlockProtocolServer.java:182)
	at org.apache.hadoop.hdds.scm.protocol.ScmBlockLocationProtocolServerSideTranslatorPB.allocateScmBlock(ScmBlockLocationProtocolServerSideTranslatorPB.java:159)
	at org.apache.hadoop.hdds.scm.protocol.ScmBlockLocationProtocolServerSideTranslatorPB.processMessage(ScmBlockLocationProtocolServerSideTranslatorPB.java:117)
	at org.apache.hadoop.hdds.server.OzoneProtocolMessageDispatcher.processRequest(OzoneProtocolMessageDispatcher.java:72)
	at org.apache.hadoop.hdds.scm.protocol.ScmBlockLocationProtocolServerSideTranslatorPB.send(ScmBlockLocationProtocolServerSideTranslatorPB.java:98)
	at org.apache.hadoop.hdds.protocol.proto.ScmBlockLocationProtocolProtos$ScmBlockLocationProtocolService$2.callBlockingMethod(ScmBlockLocationProtocolProtos.java:13157)
	at org.apache.hadoop.ipc.ProtobufRpcEngine$Server$ProtoBufRpcInvoker.call(ProtobufRpcEngine.java:524)
	at org.apache.hadoop.ipc.RPC$Server.call(RPC.java:1025)
	at org.apache.hadoop.ipc.Server$RpcCall.run(Server.java:876)
	at org.apache.hadoop.ipc.Server$RpcCall.run(Server.java:822)
	at java.security.AccessController.doPrivileged(Native Method)
	at javax.security.auth.Subject.doAs(Subject.java:422)
	at org.apache.hadoop.security.UserGroupInformation.doAs(UserGroupInformation.java:1730)
	at org.apache.hadoop.ipc.Server$Handler.run(Server.java:2682)
2019-10-16 22:15:34,174 [IPC Server handler 8 on 33518] INFO  block.BlockManagerImpl (BlockManagerImpl.java:allocateBlock(212)) - Could not find available pipeline of type:RATIS and factor:THREE even after retrying
2019-10-16 22:15:34,175 [IPC Server handler 8 on 33518] ERROR block.BlockManagerImpl (BlockManagerImpl.java:allocateBlock(236)) - Unable to allocate a block for the size: 4194304, type: RATIS, factor: THREE
2019-10-16 22:15:34,178 [IPC Server handler 8 on 33518] WARN  block.BlockManagerImpl (BlockManagerImpl.java:allocateBlock(200)) - Pipeline creation failed for type:RATIS factor:THREE. Retrying get pipelines call once.
org.apache.hadoop.hdds.scm.pipeline.InsufficientDatanodesException: Cannot create pipeline of factor 3 using 2 nodes.
	at org.apache.hadoop.hdds.scm.pipeline.RatisPipelineProvider.create(RatisPipelineProvider.java:153)
	at org.apache.hadoop.hdds.scm.pipeline.PipelineFactory.create(PipelineFactory.java:58)
	at org.apache.hadoop.hdds.scm.pipeline.SCMPipelineManager.createPipeline(SCMPipelineManager.java:155)
	at org.apache.hadoop.hdds.scm.block.BlockManagerImpl.allocateBlock(BlockManagerImpl.java:198)
	at org.apache.hadoop.hdds.scm.server.SCMBlockProtocolServer.allocateBlock(SCMBlockProtocolServer.java:182)
	at org.apache.hadoop.hdds.scm.protocol.ScmBlockLocationProtocolServerSideTranslatorPB.allocateScmBlock(ScmBlockLocationProtocolServerSideTranslatorPB.java:159)
	at org.apache.hadoop.hdds.scm.protocol.ScmBlockLocationProtocolServerSideTranslatorPB.processMessage(ScmBlockLocationProtocolServerSideTranslatorPB.java:117)
	at org.apache.hadoop.hdds.server.OzoneProtocolMessageDispatcher.processRequest(OzoneProtocolMessageDispatcher.java:72)
	at org.apache.hadoop.hdds.scm.protocol.ScmBlockLocationProtocolServerSideTranslatorPB.send(ScmBlockLocationProtocolServerSideTranslatorPB.java:98)
	at org.apache.hadoop.hdds.protocol.proto.ScmBlockLocationProtocolProtos$ScmBlockLocationProtocolService$2.callBlockingMethod(ScmBlockLocationProtocolProtos.java:13157)
	at org.apache.hadoop.ipc.ProtobufRpcEngine$Server$ProtoBufRpcInvoker.call(ProtobufRpcEngine.java:524)
	at org.apache.hadoop.ipc.RPC$Server.call(RPC.java:1025)
	at org.apache.hadoop.ipc.Server$RpcCall.run(Server.java:876)
	at org.apache.hadoop.ipc.Server$RpcCall.run(Server.java:822)
	at java.security.AccessController.doPrivileged(Native Method)
	at javax.security.auth.Subject.doAs(Subject.java:422)
	at org.apache.hadoop.security.UserGroupInformation.doAs(UserGroupInformation.java:1730)
	at org.apache.hadoop.ipc.Server$Handler.run(Server.java:2682)
2019-10-16 22:15:34,178 [IPC Server handler 8 on 33518] INFO  block.BlockManagerImpl (BlockManagerImpl.java:allocateBlock(212)) - Could not find available pipeline of type:RATIS and factor:THREE even after retrying
2019-10-16 22:15:34,179 [IPC Server handler 8 on 33518] ERROR block.BlockManagerImpl (BlockManagerImpl.java:allocateBlock(236)) - Unable to allocate a block for the size: 4194304, type: RATIS, factor: THREE
2019-10-16 22:15:34,186 [pool-80-thread-2] ERROR freon.RandomKeyGenerator (RandomKeyGenerator.java:createKey(733)) - Exception while adding key: key-0-59363 in bucket: bucket-0-86896 of volume: vol-0-51037.
INTERNAL_ERROR org.apache.hadoop.ozone.om.exceptions.OMException: Allocated 0 blocks. Requested 5 blocks
	at org.apache.hadoop.ozone.om.protocolPB.OzoneManagerProtocolClientSideTranslatorPB.handleError(OzoneManagerProtocolClientSideTranslatorPB.java:732)
	at org.apache.hadoop.ozone.om.protocolPB.OzoneManagerProtocolClientSideTranslatorPB.openKey(OzoneManagerProtocolClientSideTranslatorPB.java:723)
	at sun.reflect.NativeMethodAccessorImpl.invoke0(Native Method)
	at sun.reflect.NativeMethodAccessorImpl.invoke(NativeMethodAccessorImpl.java:62)
	at sun.reflect.DelegatingMethodAccessorImpl.invoke(DelegatingMethodAccessorImpl.java:43)
	at java.lang.reflect.Method.invoke(Method.java:498)
	at org.apache.hadoop.hdds.tracing.TraceAllMethod.invoke(TraceAllMethod.java:66)
	at com.sun.proxy.$Proxy37.openKey(Unknown Source)
	at org.apache.hadoop.ozone.client.rpc.RpcClient.createKey(RpcClient.java:614)
	at org.apache.hadoop.ozone.client.OzoneBucket.createKey(OzoneBucket.java:325)
	at org.apache.hadoop.ozone.freon.RandomKeyGenerator.createKey(RandomKeyGenerator.java:695)
	at org.apache.hadoop.ozone.freon.RandomKeyGenerator.access$1100(RandomKeyGenerator.java:88)
	at org.apache.hadoop.ozone.freon.RandomKeyGenerator$ObjectCreator.run(RandomKeyGenerator.java:615)
	at java.util.concurrent.Executors$RunnableAdapter.call(Executors.java:511)
	at java.util.concurrent.FutureTask.run(FutureTask.java:266)
	at java.util.concurrent.ThreadPoolExecutor.runWorker(ThreadPoolExecutor.java:1149)
	at java.util.concurrent.ThreadPoolExecutor$Worker.run(ThreadPoolExecutor.java:624)
	at java.lang.Thread.run(Thread.java:748)
2019-10-16 22:15:34,188 [3989452c-7599-4156-9543-3fe544ced0f3@group-83CFD60236D8-LeaderElection368] INFO  impl.LeaderElection (LeaderElection.java:askForVotes(178)) - 3989452c-7599-4156-9543-3fe544ced0f3@group-83CFD60236D8-LeaderElection368: begin an election at term 390 for -1: [3989452c-7599-4156-9543-3fe544ced0f3:192.168.157.254:36320, eec99a0c-e1b1-4518-bc49-9d1a8c8e04d5:192.168.157.254:45598, d9e6ea44-93db-446f-8020-a94232284285:192.168.157.254:41671], old=null
2019-10-16 22:15:34,189 [grpc-default-executor-18] INFO  impl.RaftServerImpl (RaftServerImpl.java:setRole(184)) - eec99a0c-e1b1-4518-bc49-9d1a8c8e04d5@group-83CFD60236D8: changes role from  FOLLOWER to FOLLOWER at term 390 for recognizeCandidate:3989452c-7599-4156-9543-3fe544ced0f3
2019-10-16 22:15:34,190 [grpc-default-executor-24] INFO  impl.RaftServerImpl (RaftServerImpl.java:setRole(184)) - d9e6ea44-93db-446f-8020-a94232284285@group-83CFD60236D8: changes role from  FOLLOWER to FOLLOWER at term 390 for recognizeCandidate:3989452c-7599-4156-9543-3fe544ced0f3
2019-10-16 22:15:34,190 [grpc-default-executor-18] INFO  impl.RoleInfo (RoleInfo.java:shutdownFollowerState(121)) - eec99a0c-e1b1-4518-bc49-9d1a8c8e04d5: shutdown FollowerState
2019-10-16 22:15:34,190 [grpc-default-executor-24] INFO  impl.RoleInfo (RoleInfo.java:shutdownFollowerState(121)) - d9e6ea44-93db-446f-8020-a94232284285: shutdown FollowerState
2019-10-16 22:15:34,190 [Thread-3310] INFO  impl.FollowerState (FollowerState.java:run(117)) - eec99a0c-e1b1-4518-bc49-9d1a8c8e04d5@group-83CFD60236D8-FollowerState was interrupted: java.lang.InterruptedException: sleep interrupted
2019-10-16 22:15:34,190 [grpc-default-executor-18] INFO  impl.RoleInfo (RoleInfo.java:updateAndGet(143)) - eec99a0c-e1b1-4518-bc49-9d1a8c8e04d5: start FollowerState
2019-10-16 22:15:34,190 [Thread-3311] INFO  impl.FollowerState (FollowerState.java:run(117)) - d9e6ea44-93db-446f-8020-a94232284285@group-83CFD60236D8-FollowerState was interrupted: java.lang.InterruptedException: sleep interrupted
2019-10-16 22:15:34,190 [grpc-default-executor-24] INFO  impl.RoleInfo (RoleInfo.java:updateAndGet(143)) - d9e6ea44-93db-446f-8020-a94232284285: start FollowerState
2019-10-16 22:15:34,216 [3989452c-7599-4156-9543-3fe544ced0f3@group-83CFD60236D8-LeaderElection368] INFO  impl.LeaderElection (LeaderElection.java:logAndReturn(56)) - 3989452c-7599-4156-9543-3fe544ced0f3@group-83CFD60236D8-LeaderElection368: Election REJECTED; received 2 response(s) [3989452c-7599-4156-9543-3fe544ced0f3<-eec99a0c-e1b1-4518-bc49-9d1a8c8e04d5#0:FAIL-t390, 3989452c-7599-4156-9543-3fe544ced0f3<-d9e6ea44-93db-446f-8020-a94232284285#0:FAIL-t390] and 0 exception(s); 3989452c-7599-4156-9543-3fe544ced0f3@group-83CFD60236D8:t390, leader=null, voted=3989452c-7599-4156-9543-3fe544ced0f3, raftlog=3989452c-7599-4156-9543-3fe544ced0f3@group-83CFD60236D8-SegmentedRaftLog:OPENED:c-1,f-1,i0, conf=-1: [3989452c-7599-4156-9543-3fe544ced0f3:192.168.157.254:36320, eec99a0c-e1b1-4518-bc49-9d1a8c8e04d5:192.168.157.254:45598, d9e6ea44-93db-446f-8020-a94232284285:192.168.157.254:41671], old=null
2019-10-16 22:15:34,217 [3989452c-7599-4156-9543-3fe544ced0f3@group-83CFD60236D8-LeaderElection368] INFO  impl.RaftServerImpl (RaftServerImpl.java:setRole(184)) - 3989452c-7599-4156-9543-3fe544ced0f3@group-83CFD60236D8: changes role from CANDIDATE to FOLLOWER at term 390 for DISCOVERED_A_NEW_TERM
2019-10-16 22:15:34,217 [3989452c-7599-4156-9543-3fe544ced0f3@group-83CFD60236D8-LeaderElection368] INFO  impl.RoleInfo (RoleInfo.java:shutdownLeaderElection(134)) - 3989452c-7599-4156-9543-3fe544ced0f3: shutdown LeaderElection
2019-10-16 22:15:34,217 [3989452c-7599-4156-9543-3fe544ced0f3@group-83CFD60236D8-LeaderElection368] INFO  impl.RoleInfo (RoleInfo.java:updateAndGet(143)) - 3989452c-7599-4156-9543-3fe544ced0f3: start FollowerState
2019-10-16 22:15:34,403 [Thread-3322] INFO  impl.FollowerState (FollowerState.java:run(108)) - 3989452c-7599-4156-9543-3fe544ced0f3@group-83CFD60236D8-FollowerState: change to CANDIDATE, lastRpcTime:186ms, electionTimeout:186ms
2019-10-16 22:15:34,404 [Thread-3322] INFO  impl.RoleInfo (RoleInfo.java:shutdownFollowerState(121)) - 3989452c-7599-4156-9543-3fe544ced0f3: shutdown FollowerState
2019-10-16 22:15:34,404 [Thread-3322] INFO  impl.RaftServerImpl (RaftServerImpl.java:setRole(184)) - 3989452c-7599-4156-9543-3fe544ced0f3@group-83CFD60236D8: changes role from  FOLLOWER to CANDIDATE at term 390 for changeToCandidate
2019-10-16 22:15:34,404 [Thread-3322] INFO  impl.RoleInfo (RoleInfo.java:updateAndGet(143)) - 3989452c-7599-4156-9543-3fe544ced0f3: start LeaderElection
2019-10-16 22:15:34,417 [3989452c-7599-4156-9543-3fe544ced0f3@group-83CFD60236D8-LeaderElection369] INFO  impl.LeaderElection (LeaderElection.java:askForVotes(178)) - 3989452c-7599-4156-9543-3fe544ced0f3@group-83CFD60236D8-LeaderElection369: begin an election at term 391 for -1: [3989452c-7599-4156-9543-3fe544ced0f3:192.168.157.254:36320, eec99a0c-e1b1-4518-bc49-9d1a8c8e04d5:192.168.157.254:45598, d9e6ea44-93db-446f-8020-a94232284285:192.168.157.254:41671], old=null
2019-10-16 22:15:34,419 [grpc-default-executor-24] INFO  impl.RaftServerImpl (RaftServerImpl.java:setRole(184)) - eec99a0c-e1b1-4518-bc49-9d1a8c8e04d5@group-83CFD60236D8: changes role from  FOLLOWER to FOLLOWER at term 391 for recognizeCandidate:3989452c-7599-4156-9543-3fe544ced0f3
2019-10-16 22:15:34,419 [grpc-default-executor-24] INFO  impl.RoleInfo (RoleInfo.java:shutdownFollowerState(121)) - eec99a0c-e1b1-4518-bc49-9d1a8c8e04d5: shutdown FollowerState
2019-10-16 22:15:34,419 [grpc-default-executor-18] INFO  impl.RaftServerImpl (RaftServerImpl.java:setRole(184)) - d9e6ea44-93db-446f-8020-a94232284285@group-83CFD60236D8: changes role from  FOLLOWER to FOLLOWER at term 391 for recognizeCandidate:3989452c-7599-4156-9543-3fe544ced0f3
2019-10-16 22:15:34,420 [grpc-default-executor-18] INFO  impl.RoleInfo (RoleInfo.java:shutdownFollowerState(121)) - d9e6ea44-93db-446f-8020-a94232284285: shutdown FollowerState
2019-10-16 22:15:34,419 [Thread-3320] INFO  impl.FollowerState (FollowerState.java:run(117)) - eec99a0c-e1b1-4518-bc49-9d1a8c8e04d5@group-83CFD60236D8-FollowerState was interrupted: java.lang.InterruptedException: sleep interrupted
2019-10-16 22:15:34,420 [Thread-3321] INFO  impl.FollowerState (FollowerState.java:run(117)) - d9e6ea44-93db-446f-8020-a94232284285@group-83CFD60236D8-FollowerState was interrupted: java.lang.InterruptedException: sleep interrupted
2019-10-16 22:15:34,419 [grpc-default-executor-24] INFO  impl.RoleInfo (RoleInfo.java:updateAndGet(143)) - eec99a0c-e1b1-4518-bc49-9d1a8c8e04d5: start FollowerState
2019-10-16 22:15:34,420 [grpc-default-executor-18] INFO  impl.RoleInfo (RoleInfo.java:updateAndGet(143)) - d9e6ea44-93db-446f-8020-a94232284285: start FollowerState
2019-10-16 22:15:34,446 [3989452c-7599-4156-9543-3fe544ced0f3@group-83CFD60236D8-LeaderElection369] INFO  impl.LeaderElection (LeaderElection.java:logAndReturn(56)) - 3989452c-7599-4156-9543-3fe544ced0f3@group-83CFD60236D8-LeaderElection369: Election REJECTED; received 2 response(s) [3989452c-7599-4156-9543-3fe544ced0f3<-eec99a0c-e1b1-4518-bc49-9d1a8c8e04d5#0:FAIL-t391, 3989452c-7599-4156-9543-3fe544ced0f3<-d9e6ea44-93db-446f-8020-a94232284285#0:FAIL-t391] and 0 exception(s); 3989452c-7599-4156-9543-3fe544ced0f3@group-83CFD60236D8:t391, leader=null, voted=3989452c-7599-4156-9543-3fe544ced0f3, raftlog=3989452c-7599-4156-9543-3fe544ced0f3@group-83CFD60236D8-SegmentedRaftLog:OPENED:c-1,f-1,i0, conf=-1: [3989452c-7599-4156-9543-3fe544ced0f3:192.168.157.254:36320, eec99a0c-e1b1-4518-bc49-9d1a8c8e04d5:192.168.157.254:45598, d9e6ea44-93db-446f-8020-a94232284285:192.168.157.254:41671], old=null
2019-10-16 22:15:34,446 [3989452c-7599-4156-9543-3fe544ced0f3@group-83CFD60236D8-LeaderElection369] INFO  impl.RaftServerImpl (RaftServerImpl.java:setRole(184)) - 3989452c-7599-4156-9543-3fe544ced0f3@group-83CFD60236D8: changes role from CANDIDATE to FOLLOWER at term 391 for DISCOVERED_A_NEW_TERM
2019-10-16 22:15:34,446 [3989452c-7599-4156-9543-3fe544ced0f3@group-83CFD60236D8-LeaderElection369] INFO  impl.RoleInfo (RoleInfo.java:shutdownLeaderElection(134)) - 3989452c-7599-4156-9543-3fe544ced0f3: shutdown LeaderElection
2019-10-16 22:15:34,447 [3989452c-7599-4156-9543-3fe544ced0f3@group-83CFD60236D8-LeaderElection369] INFO  impl.RoleInfo (RoleInfo.java:updateAndGet(143)) - 3989452c-7599-4156-9543-3fe544ced0f3: start FollowerState
2019-10-16 22:15:34,470 [Thread-3328] INFO  impl.FollowerState (FollowerState.java:run(108)) - 3989452c-7599-4156-9543-3fe544ced0f3@group-83CFD60236D8-FollowerState: change to CANDIDATE, lastRpcTime:23ms, electionTimeout:23ms
2019-10-16 22:15:34,470 [Thread-3328] INFO  impl.RoleInfo (RoleInfo.java:shutdownFollowerState(121)) - 3989452c-7599-4156-9543-3fe544ced0f3: shutdown FollowerState
2019-10-16 22:15:34,470 [Thread-3328] INFO  impl.RaftServerImpl (RaftServerImpl.java:setRole(184)) - 3989452c-7599-4156-9543-3fe544ced0f3@group-83CFD60236D8: changes role from  FOLLOWER to CANDIDATE at term 391 for changeToCandidate
2019-10-16 22:15:34,470 [Thread-3328] INFO  impl.RoleInfo (RoleInfo.java:updateAndGet(143)) - 3989452c-7599-4156-9543-3fe544ced0f3: start LeaderElection
2019-10-16 22:15:34,483 [3989452c-7599-4156-9543-3fe544ced0f3@group-83CFD60236D8-LeaderElection370] INFO  impl.LeaderElection (LeaderElection.java:askForVotes(178)) - 3989452c-7599-4156-9543-3fe544ced0f3@group-83CFD60236D8-LeaderElection370: begin an election at term 392 for -1: [3989452c-7599-4156-9543-3fe544ced0f3:192.168.157.254:36320, eec99a0c-e1b1-4518-bc49-9d1a8c8e04d5:192.168.157.254:45598, d9e6ea44-93db-446f-8020-a94232284285:192.168.157.254:41671], old=null
2019-10-16 22:15:34,485 [grpc-default-executor-18] INFO  impl.RaftServerImpl (RaftServerImpl.java:setRole(184)) - eec99a0c-e1b1-4518-bc49-9d1a8c8e04d5@group-83CFD60236D8: changes role from  FOLLOWER to FOLLOWER at term 392 for recognizeCandidate:3989452c-7599-4156-9543-3fe544ced0f3
2019-10-16 22:15:34,485 [grpc-default-executor-18] INFO  impl.RoleInfo (RoleInfo.java:shutdownFollowerState(121)) - eec99a0c-e1b1-4518-bc49-9d1a8c8e04d5: shutdown FollowerState
2019-10-16 22:15:34,485 [grpc-default-executor-24] INFO  impl.RaftServerImpl (RaftServerImpl.java:setRole(184)) - d9e6ea44-93db-446f-8020-a94232284285@group-83CFD60236D8: changes role from  FOLLOWER to FOLLOWER at term 392 for recognizeCandidate:3989452c-7599-4156-9543-3fe544ced0f3
2019-10-16 22:15:34,486 [grpc-default-executor-24] INFO  impl.RoleInfo (RoleInfo.java:shutdownFollowerState(121)) - d9e6ea44-93db-446f-8020-a94232284285: shutdown FollowerState
2019-10-16 22:15:34,485 [Thread-3326] INFO  impl.FollowerState (FollowerState.java:run(117)) - eec99a0c-e1b1-4518-bc49-9d1a8c8e04d5@group-83CFD60236D8-FollowerState was interrupted: java.lang.InterruptedException: sleep interrupted
2019-10-16 22:15:34,486 [Thread-3327] INFO  impl.FollowerState (FollowerState.java:run(117)) - d9e6ea44-93db-446f-8020-a94232284285@group-83CFD60236D8-FollowerState was interrupted: java.lang.InterruptedException: sleep interrupted
2019-10-16 22:15:34,485 [grpc-default-executor-18] INFO  impl.RoleInfo (RoleInfo.java:updateAndGet(143)) - eec99a0c-e1b1-4518-bc49-9d1a8c8e04d5: start FollowerState
2019-10-16 22:15:34,486 [grpc-default-executor-24] INFO  impl.RoleInfo (RoleInfo.java:updateAndGet(143)) - d9e6ea44-93db-446f-8020-a94232284285: start FollowerState
2019-10-16 22:15:34,512 [3989452c-7599-4156-9543-3fe544ced0f3@group-83CFD60236D8-LeaderElection370] INFO  impl.LeaderElection (LeaderElection.java:logAndReturn(56)) - 3989452c-7599-4156-9543-3fe544ced0f3@group-83CFD60236D8-LeaderElection370: Election REJECTED; received 2 response(s) [3989452c-7599-4156-9543-3fe544ced0f3<-eec99a0c-e1b1-4518-bc49-9d1a8c8e04d5#0:FAIL-t392, 3989452c-7599-4156-9543-3fe544ced0f3<-d9e6ea44-93db-446f-8020-a94232284285#0:FAIL-t392] and 0 exception(s); 3989452c-7599-4156-9543-3fe544ced0f3@group-83CFD60236D8:t392, leader=null, voted=3989452c-7599-4156-9543-3fe544ced0f3, raftlog=3989452c-7599-4156-9543-3fe544ced0f3@group-83CFD60236D8-SegmentedRaftLog:OPENED:c-1,f-1,i0, conf=-1: [3989452c-7599-4156-9543-3fe544ced0f3:192.168.157.254:36320, eec99a0c-e1b1-4518-bc49-9d1a8c8e04d5:192.168.157.254:45598, d9e6ea44-93db-446f-8020-a94232284285:192.168.157.254:41671], old=null
2019-10-16 22:15:34,512 [3989452c-7599-4156-9543-3fe544ced0f3@group-83CFD60236D8-LeaderElection370] INFO  impl.RaftServerImpl (RaftServerImpl.java:setRole(184)) - 3989452c-7599-4156-9543-3fe544ced0f3@group-83CFD60236D8: changes role from CANDIDATE to FOLLOWER at term 392 for DISCOVERED_A_NEW_TERM
2019-10-16 22:15:34,512 [3989452c-7599-4156-9543-3fe544ced0f3@group-83CFD60236D8-LeaderElection370] INFO  impl.RoleInfo (RoleInfo.java:shutdownLeaderElection(134)) - 3989452c-7599-4156-9543-3fe544ced0f3: shutdown LeaderElection
2019-10-16 22:15:34,513 [3989452c-7599-4156-9543-3fe544ced0f3@group-83CFD60236D8-LeaderElection370] INFO  impl.RoleInfo (RoleInfo.java:updateAndGet(143)) - 3989452c-7599-4156-9543-3fe544ced0f3: start FollowerState
2019-10-16 22:15:34,633 [Thread-3334] INFO  impl.FollowerState (FollowerState.java:run(108)) - 3989452c-7599-4156-9543-3fe544ced0f3@group-83CFD60236D8-FollowerState: change to CANDIDATE, lastRpcTime:120ms, electionTimeout:120ms
2019-10-16 22:15:34,633 [Thread-3334] INFO  impl.RoleInfo (RoleInfo.java:shutdownFollowerState(121)) - 3989452c-7599-4156-9543-3fe544ced0f3: shutdown FollowerState
2019-10-16 22:15:34,633 [Thread-3334] INFO  impl.RaftServerImpl (RaftServerImpl.java:setRole(184)) - 3989452c-7599-4156-9543-3fe544ced0f3@group-83CFD60236D8: changes role from  FOLLOWER to CANDIDATE at term 392 for changeToCandidate
2019-10-16 22:15:34,634 [Thread-3334] INFO  impl.RoleInfo (RoleInfo.java:updateAndGet(143)) - 3989452c-7599-4156-9543-3fe544ced0f3: start LeaderElection
2019-10-16 22:15:34,638 [3989452c-7599-4156-9543-3fe544ced0f3@group-83CFD60236D8-LeaderElection371] INFO  impl.LeaderElection (LeaderElection.java:askForVotes(178)) - 3989452c-7599-4156-9543-3fe544ced0f3@group-83CFD60236D8-LeaderElection371: begin an election at term 393 for -1: [3989452c-7599-4156-9543-3fe544ced0f3:192.168.157.254:36320, eec99a0c-e1b1-4518-bc49-9d1a8c8e04d5:192.168.157.254:45598, d9e6ea44-93db-446f-8020-a94232284285:192.168.157.254:41671], old=null
2019-10-16 22:15:34,640 [grpc-default-executor-18] INFO  impl.RaftServerImpl (RaftServerImpl.java:setRole(184)) - eec99a0c-e1b1-4518-bc49-9d1a8c8e04d5@group-83CFD60236D8: changes role from  FOLLOWER to FOLLOWER at term 393 for recognizeCandidate:3989452c-7599-4156-9543-3fe544ced0f3
2019-10-16 22:15:34,640 [grpc-default-executor-18] INFO  impl.RoleInfo (RoleInfo.java:shutdownFollowerState(121)) - eec99a0c-e1b1-4518-bc49-9d1a8c8e04d5: shutdown FollowerState
2019-10-16 22:15:34,640 [grpc-default-executor-24] INFO  impl.RaftServerImpl (RaftServerImpl.java:setRole(184)) - d9e6ea44-93db-446f-8020-a94232284285@group-83CFD60236D8: changes role from  FOLLOWER to FOLLOWER at term 393 for recognizeCandidate:3989452c-7599-4156-9543-3fe544ced0f3
2019-10-16 22:15:34,640 [grpc-default-executor-24] INFO  impl.RoleInfo (RoleInfo.java:shutdownFollowerState(121)) - d9e6ea44-93db-446f-8020-a94232284285: shutdown FollowerState
2019-10-16 22:15:34,640 [Thread-3332] INFO  impl.FollowerState (FollowerState.java:run(117)) - eec99a0c-e1b1-4518-bc49-9d1a8c8e04d5@group-83CFD60236D8-FollowerState was interrupted: java.lang.InterruptedException: sleep interrupted
2019-10-16 22:15:34,640 [grpc-default-executor-18] INFO  impl.RoleInfo (RoleInfo.java:updateAndGet(143)) - eec99a0c-e1b1-4518-bc49-9d1a8c8e04d5: start FollowerState
2019-10-16 22:15:34,641 [Thread-3333] INFO  impl.FollowerState (FollowerState.java:run(117)) - d9e6ea44-93db-446f-8020-a94232284285@group-83CFD60236D8-FollowerState was interrupted: java.lang.InterruptedException: sleep interrupted
2019-10-16 22:15:34,641 [grpc-default-executor-24] INFO  impl.RoleInfo (RoleInfo.java:updateAndGet(143)) - d9e6ea44-93db-446f-8020-a94232284285: start FollowerState
2019-10-16 22:15:34,648 [3989452c-7599-4156-9543-3fe544ced0f3@group-83CFD60236D8-LeaderElection371] INFO  impl.LeaderElection (LeaderElection.java:logAndReturn(56)) - 3989452c-7599-4156-9543-3fe544ced0f3@group-83CFD60236D8-LeaderElection371: Election REJECTED; received 2 response(s) [3989452c-7599-4156-9543-3fe544ced0f3<-eec99a0c-e1b1-4518-bc49-9d1a8c8e04d5#0:FAIL-t393, 3989452c-7599-4156-9543-3fe544ced0f3<-d9e6ea44-93db-446f-8020-a94232284285#0:FAIL-t393] and 0 exception(s); 3989452c-7599-4156-9543-3fe544ced0f3@group-83CFD60236D8:t393, leader=null, voted=3989452c-7599-4156-9543-3fe544ced0f3, raftlog=3989452c-7599-4156-9543-3fe544ced0f3@group-83CFD60236D8-SegmentedRaftLog:OPENED:c-1,f-1,i0, conf=-1: [3989452c-7599-4156-9543-3fe544ced0f3:192.168.157.254:36320, eec99a0c-e1b1-4518-bc49-9d1a8c8e04d5:192.168.157.254:45598, d9e6ea44-93db-446f-8020-a94232284285:192.168.157.254:41671], old=null
2019-10-16 22:15:34,648 [3989452c-7599-4156-9543-3fe544ced0f3@group-83CFD60236D8-LeaderElection371] INFO  impl.RaftServerImpl (RaftServerImpl.java:setRole(184)) - 3989452c-7599-4156-9543-3fe544ced0f3@group-83CFD60236D8: changes role from CANDIDATE to FOLLOWER at term 393 for DISCOVERED_A_NEW_TERM
2019-10-16 22:15:34,648 [3989452c-7599-4156-9543-3fe544ced0f3@group-83CFD60236D8-LeaderElection371] INFO  impl.RoleInfo (RoleInfo.java:shutdownLeaderElection(134)) - 3989452c-7599-4156-9543-3fe544ced0f3: shutdown LeaderElection
2019-10-16 22:15:34,648 [3989452c-7599-4156-9543-3fe544ced0f3@group-83CFD60236D8-LeaderElection371] INFO  impl.RoleInfo (RoleInfo.java:updateAndGet(143)) - 3989452c-7599-4156-9543-3fe544ced0f3: start FollowerState
2019-10-16 22:15:34,724 [Thread-3340] INFO  impl.FollowerState (FollowerState.java:run(108)) - 3989452c-7599-4156-9543-3fe544ced0f3@group-83CFD60236D8-FollowerState: change to CANDIDATE, lastRpcTime:76ms, electionTimeout:76ms
2019-10-16 22:15:34,725 [Thread-3340] INFO  impl.RoleInfo (RoleInfo.java:shutdownFollowerState(121)) - 3989452c-7599-4156-9543-3fe544ced0f3: shutdown FollowerState
2019-10-16 22:15:34,725 [Thread-3340] INFO  impl.RaftServerImpl (RaftServerImpl.java:setRole(184)) - 3989452c-7599-4156-9543-3fe544ced0f3@group-83CFD60236D8: changes role from  FOLLOWER to CANDIDATE at term 393 for changeToCandidate
2019-10-16 22:15:34,732 [Thread-3340] INFO  impl.RoleInfo (RoleInfo.java:updateAndGet(143)) - 3989452c-7599-4156-9543-3fe544ced0f3: start LeaderElection
2019-10-16 22:15:34,758 [3989452c-7599-4156-9543-3fe544ced0f3@group-83CFD60236D8-LeaderElection372] INFO  impl.LeaderElection (LeaderElection.java:askForVotes(178)) - 3989452c-7599-4156-9543-3fe544ced0f3@group-83CFD60236D8-LeaderElection372: begin an election at term 394 for -1: [3989452c-7599-4156-9543-3fe544ced0f3:192.168.157.254:36320, eec99a0c-e1b1-4518-bc49-9d1a8c8e04d5:192.168.157.254:45598, d9e6ea44-93db-446f-8020-a94232284285:192.168.157.254:41671], old=null
2019-10-16 22:15:34,760 [grpc-default-executor-18] INFO  impl.RaftServerImpl (RaftServerImpl.java:setRole(184)) - eec99a0c-e1b1-4518-bc49-9d1a8c8e04d5@group-83CFD60236D8: changes role from  FOLLOWER to FOLLOWER at term 394 for recognizeCandidate:3989452c-7599-4156-9543-3fe544ced0f3
2019-10-16 22:15:34,760 [grpc-default-executor-24] INFO  impl.RaftServerImpl (RaftServerImpl.java:setRole(184)) - d9e6ea44-93db-446f-8020-a94232284285@group-83CFD60236D8: changes role from  FOLLOWER to FOLLOWER at term 394 for recognizeCandidate:3989452c-7599-4156-9543-3fe544ced0f3
2019-10-16 22:15:34,760 [grpc-default-executor-24] INFO  impl.RoleInfo (RoleInfo.java:shutdownFollowerState(121)) - d9e6ea44-93db-446f-8020-a94232284285: shutdown FollowerState
2019-10-16 22:15:34,760 [grpc-default-executor-18] INFO  impl.RoleInfo (RoleInfo.java:shutdownFollowerState(121)) - eec99a0c-e1b1-4518-bc49-9d1a8c8e04d5: shutdown FollowerState
2019-10-16 22:15:34,760 [Thread-3339] INFO  impl.FollowerState (FollowerState.java:run(117)) - d9e6ea44-93db-446f-8020-a94232284285@group-83CFD60236D8-FollowerState was interrupted: java.lang.InterruptedException: sleep interrupted
2019-10-16 22:15:34,761 [Thread-3338] INFO  impl.FollowerState (FollowerState.java:run(117)) - eec99a0c-e1b1-4518-bc49-9d1a8c8e04d5@group-83CFD60236D8-FollowerState was interrupted: java.lang.InterruptedException: sleep interrupted
2019-10-16 22:15:34,760 [grpc-default-executor-24] INFO  impl.RoleInfo (RoleInfo.java:updateAndGet(143)) - d9e6ea44-93db-446f-8020-a94232284285: start FollowerState
2019-10-16 22:15:34,761 [grpc-default-executor-18] INFO  impl.RoleInfo (RoleInfo.java:updateAndGet(143)) - eec99a0c-e1b1-4518-bc49-9d1a8c8e04d5: start FollowerState
2019-10-16 22:15:34,775 [3989452c-7599-4156-9543-3fe544ced0f3@group-83CFD60236D8-LeaderElection372] INFO  impl.LeaderElection (LeaderElection.java:logAndReturn(56)) - 3989452c-7599-4156-9543-3fe544ced0f3@group-83CFD60236D8-LeaderElection372: Election REJECTED; received 2 response(s) [3989452c-7599-4156-9543-3fe544ced0f3<-eec99a0c-e1b1-4518-bc49-9d1a8c8e04d5#0:FAIL-t394, 3989452c-7599-4156-9543-3fe544ced0f3<-d9e6ea44-93db-446f-8020-a94232284285#0:FAIL-t394] and 0 exception(s); 3989452c-7599-4156-9543-3fe544ced0f3@group-83CFD60236D8:t394, leader=null, voted=3989452c-7599-4156-9543-3fe544ced0f3, raftlog=3989452c-7599-4156-9543-3fe544ced0f3@group-83CFD60236D8-SegmentedRaftLog:OPENED:c-1,f-1,i0, conf=-1: [3989452c-7599-4156-9543-3fe544ced0f3:192.168.157.254:36320, eec99a0c-e1b1-4518-bc49-9d1a8c8e04d5:192.168.157.254:45598, d9e6ea44-93db-446f-8020-a94232284285:192.168.157.254:41671], old=null
2019-10-16 22:15:34,775 [3989452c-7599-4156-9543-3fe544ced0f3@group-83CFD60236D8-LeaderElection372] INFO  impl.RaftServerImpl (RaftServerImpl.java:setRole(184)) - 3989452c-7599-4156-9543-3fe544ced0f3@group-83CFD60236D8: changes role from CANDIDATE to FOLLOWER at term 394 for DISCOVERED_A_NEW_TERM
2019-10-16 22:15:34,775 [3989452c-7599-4156-9543-3fe544ced0f3@group-83CFD60236D8-LeaderElection372] INFO  impl.RoleInfo (RoleInfo.java:shutdownLeaderElection(134)) - 3989452c-7599-4156-9543-3fe544ced0f3: shutdown LeaderElection
2019-10-16 22:15:34,775 [3989452c-7599-4156-9543-3fe544ced0f3@group-83CFD60236D8-LeaderElection372] INFO  impl.RoleInfo (RoleInfo.java:updateAndGet(143)) - 3989452c-7599-4156-9543-3fe544ced0f3: start FollowerState
2019-10-16 22:15:34,969 [Thread-3346] INFO  impl.FollowerState (FollowerState.java:run(108)) - 3989452c-7599-4156-9543-3fe544ced0f3@group-83CFD60236D8-FollowerState: change to CANDIDATE, lastRpcTime:194ms, electionTimeout:194ms
2019-10-16 22:15:34,969 [Thread-3346] INFO  impl.RoleInfo (RoleInfo.java:shutdownFollowerState(121)) - 3989452c-7599-4156-9543-3fe544ced0f3: shutdown FollowerState
2019-10-16 22:15:34,970 [Thread-3346] INFO  impl.RaftServerImpl (RaftServerImpl.java:setRole(184)) - 3989452c-7599-4156-9543-3fe544ced0f3@group-83CFD60236D8: changes role from  FOLLOWER to CANDIDATE at term 394 for changeToCandidate
2019-10-16 22:15:34,970 [Thread-3346] INFO  impl.RoleInfo (RoleInfo.java:updateAndGet(143)) - 3989452c-7599-4156-9543-3fe544ced0f3: start LeaderElection
2019-10-16 22:15:34,999 [3989452c-7599-4156-9543-3fe544ced0f3@group-83CFD60236D8-LeaderElection373] INFO  impl.LeaderElection (LeaderElection.java:askForVotes(178)) - 3989452c-7599-4156-9543-3fe544ced0f3@group-83CFD60236D8-LeaderElection373: begin an election at term 395 for -1: [3989452c-7599-4156-9543-3fe544ced0f3:192.168.157.254:36320, eec99a0c-e1b1-4518-bc49-9d1a8c8e04d5:192.168.157.254:45598, d9e6ea44-93db-446f-8020-a94232284285:192.168.157.254:41671], old=null
2019-10-16 22:15:35,001 [grpc-default-executor-24] INFO  impl.RaftServerImpl (RaftServerImpl.java:setRole(184)) - eec99a0c-e1b1-4518-bc49-9d1a8c8e04d5@group-83CFD60236D8: changes role from  FOLLOWER to FOLLOWER at term 395 for recognizeCandidate:3989452c-7599-4156-9543-3fe544ced0f3
2019-10-16 22:15:35,001 [grpc-default-executor-24] INFO  impl.RoleInfo (RoleInfo.java:shutdownFollowerState(121)) - eec99a0c-e1b1-4518-bc49-9d1a8c8e04d5: shutdown FollowerState
2019-10-16 22:15:35,001 [grpc-default-executor-18] INFO  impl.RaftServerImpl (RaftServerImpl.java:setRole(184)) - d9e6ea44-93db-446f-8020-a94232284285@group-83CFD60236D8: changes role from  FOLLOWER to FOLLOWER at term 395 for recognizeCandidate:3989452c-7599-4156-9543-3fe544ced0f3
2019-10-16 22:15:35,001 [Thread-3345] INFO  impl.FollowerState (FollowerState.java:run(117)) - eec99a0c-e1b1-4518-bc49-9d1a8c8e04d5@group-83CFD60236D8-FollowerState was interrupted: java.lang.InterruptedException: sleep interrupted
2019-10-16 22:15:35,001 [grpc-default-executor-24] INFO  impl.RoleInfo (RoleInfo.java:updateAndGet(143)) - eec99a0c-e1b1-4518-bc49-9d1a8c8e04d5: start FollowerState
2019-10-16 22:15:35,001 [grpc-default-executor-18] INFO  impl.RoleInfo (RoleInfo.java:shutdownFollowerState(121)) - d9e6ea44-93db-446f-8020-a94232284285: shutdown FollowerState
2019-10-16 22:15:35,002 [grpc-default-executor-18] INFO  impl.RoleInfo (RoleInfo.java:updateAndGet(143)) - d9e6ea44-93db-446f-8020-a94232284285: start FollowerState
2019-10-16 22:15:35,002 [Thread-3344] INFO  impl.FollowerState (FollowerState.java:run(117)) - d9e6ea44-93db-446f-8020-a94232284285@group-83CFD60236D8-FollowerState was interrupted: java.lang.InterruptedException: sleep interrupted
2019-10-16 22:15:35,024 [3989452c-7599-4156-9543-3fe544ced0f3@group-83CFD60236D8-LeaderElection373] INFO  impl.LeaderElection (LeaderElection.java:logAndReturn(56)) - 3989452c-7599-4156-9543-3fe544ced0f3@group-83CFD60236D8-LeaderElection373: Election REJECTED; received 2 response(s) [3989452c-7599-4156-9543-3fe544ced0f3<-eec99a0c-e1b1-4518-bc49-9d1a8c8e04d5#0:FAIL-t395, 3989452c-7599-4156-9543-3fe544ced0f3<-d9e6ea44-93db-446f-8020-a94232284285#0:FAIL-t395] and 0 exception(s); 3989452c-7599-4156-9543-3fe544ced0f3@group-83CFD60236D8:t395, leader=null, voted=3989452c-7599-4156-9543-3fe544ced0f3, raftlog=3989452c-7599-4156-9543-3fe544ced0f3@group-83CFD60236D8-SegmentedRaftLog:OPENED:c-1,f-1,i0, conf=-1: [3989452c-7599-4156-9543-3fe544ced0f3:192.168.157.254:36320, eec99a0c-e1b1-4518-bc49-9d1a8c8e04d5:192.168.157.254:45598, d9e6ea44-93db-446f-8020-a94232284285:192.168.157.254:41671], old=null
2019-10-16 22:15:35,024 [3989452c-7599-4156-9543-3fe544ced0f3@group-83CFD60236D8-LeaderElection373] INFO  impl.RaftServerImpl (RaftServerImpl.java:setRole(184)) - 3989452c-7599-4156-9543-3fe544ced0f3@group-83CFD60236D8: changes role from CANDIDATE to FOLLOWER at term 395 for DISCOVERED_A_NEW_TERM
2019-10-16 22:15:35,024 [3989452c-7599-4156-9543-3fe544ced0f3@group-83CFD60236D8-LeaderElection373] INFO  impl.RoleInfo (RoleInfo.java:shutdownLeaderElection(134)) - 3989452c-7599-4156-9543-3fe544ced0f3: shutdown LeaderElection
2019-10-16 22:15:35,025 [3989452c-7599-4156-9543-3fe544ced0f3@group-83CFD60236D8-LeaderElection373] INFO  impl.RoleInfo (RoleInfo.java:updateAndGet(143)) - 3989452c-7599-4156-9543-3fe544ced0f3: start FollowerState
 0.00% |?                                                                                                    |  0/1 Time: 0:00:012019-10-16 22:15:35,195 [Thread-3352] INFO  impl.FollowerState (FollowerState.java:run(108)) - 3989452c-7599-4156-9543-3fe544ced0f3@group-83CFD60236D8-FollowerState: change to CANDIDATE, lastRpcTime:170ms, electionTimeout:170ms
2019-10-16 22:15:35,195 [Thread-3352] INFO  impl.RoleInfo (RoleInfo.java:shutdownFollowerState(121)) - 3989452c-7599-4156-9543-3fe544ced0f3: shutdown FollowerState
2019-10-16 22:15:35,195 [Thread-3352] INFO  impl.RaftServerImpl (RaftServerImpl.java:setRole(184)) - 3989452c-7599-4156-9543-3fe544ced0f3@group-83CFD60236D8: changes role from  FOLLOWER to CANDIDATE at term 395 for changeToCandidate
2019-10-16 22:15:35,196 [Thread-3352] INFO  impl.RoleInfo (RoleInfo.java:updateAndGet(143)) - 3989452c-7599-4156-9543-3fe544ced0f3: start LeaderElection
2019-10-16 22:15:35,221 [3989452c-7599-4156-9543-3fe544ced0f3@group-83CFD60236D8-LeaderElection374] INFO  impl.LeaderElection (LeaderElection.java:askForVotes(178)) - 3989452c-7599-4156-9543-3fe544ced0f3@group-83CFD60236D8-LeaderElection374: begin an election at term 396 for -1: [3989452c-7599-4156-9543-3fe544ced0f3:192.168.157.254:36320, eec99a0c-e1b1-4518-bc49-9d1a8c8e04d5:192.168.157.254:45598, d9e6ea44-93db-446f-8020-a94232284285:192.168.157.254:41671], old=null
2019-10-16 22:15:35,223 [grpc-default-executor-24] INFO  impl.RaftServerImpl (RaftServerImpl.java:setRole(184)) - d9e6ea44-93db-446f-8020-a94232284285@group-83CFD60236D8: changes role from  FOLLOWER to FOLLOWER at term 396 for recognizeCandidate:3989452c-7599-4156-9543-3fe544ced0f3
2019-10-16 22:15:35,223 [grpc-default-executor-18] INFO  impl.RaftServerImpl (RaftServerImpl.java:setRole(184)) - eec99a0c-e1b1-4518-bc49-9d1a8c8e04d5@group-83CFD60236D8: changes role from  FOLLOWER to FOLLOWER at term 396 for recognizeCandidate:3989452c-7599-4156-9543-3fe544ced0f3
2019-10-16 22:15:35,224 [grpc-default-executor-24] INFO  impl.RoleInfo (RoleInfo.java:shutdownFollowerState(121)) - d9e6ea44-93db-446f-8020-a94232284285: shutdown FollowerState
2019-10-16 22:15:35,224 [grpc-default-executor-18] INFO  impl.RoleInfo (RoleInfo.java:shutdownFollowerState(121)) - eec99a0c-e1b1-4518-bc49-9d1a8c8e04d5: shutdown FollowerState
2019-10-16 22:15:35,224 [grpc-default-executor-24] INFO  impl.RoleInfo (RoleInfo.java:updateAndGet(143)) - d9e6ea44-93db-446f-8020-a94232284285: start FollowerState
2019-10-16 22:15:35,224 [Thread-3350] INFO  impl.FollowerState (FollowerState.java:run(117)) - eec99a0c-e1b1-4518-bc49-9d1a8c8e04d5@group-83CFD60236D8-FollowerState was interrupted: java.lang.InterruptedException: sleep interrupted
2019-10-16 22:15:35,224 [grpc-default-executor-18] INFO  impl.RoleInfo (RoleInfo.java:updateAndGet(143)) - eec99a0c-e1b1-4518-bc49-9d1a8c8e04d5: start FollowerState
2019-10-16 22:15:35,224 [Thread-3351] INFO  impl.FollowerState (FollowerState.java:run(117)) - d9e6ea44-93db-446f-8020-a94232284285@group-83CFD60236D8-FollowerState was interrupted: java.lang.InterruptedException: sleep interrupted
2019-10-16 22:15:35,238 [3989452c-7599-4156-9543-3fe544ced0f3@group-83CFD60236D8-LeaderElection374] INFO  impl.LeaderElection (LeaderElection.java:logAndReturn(56)) - 3989452c-7599-4156-9543-3fe544ced0f3@group-83CFD60236D8-LeaderElection374: Election REJECTED; received 2 response(s) [3989452c-7599-4156-9543-3fe544ced0f3<-eec99a0c-e1b1-4518-bc49-9d1a8c8e04d5#0:FAIL-t396, 3989452c-7599-4156-9543-3fe544ced0f3<-d9e6ea44-93db-446f-8020-a94232284285#0:FAIL-t396] and 0 exception(s); 3989452c-7599-4156-9543-3fe544ced0f3@group-83CFD60236D8:t396, leader=null, voted=3989452c-7599-4156-9543-3fe544ced0f3, raftlog=3989452c-7599-4156-9543-3fe544ced0f3@group-83CFD60236D8-SegmentedRaftLog:OPENED:c-1,f-1,i0, conf=-1: [3989452c-7599-4156-9543-3fe544ced0f3:192.168.157.254:36320, eec99a0c-e1b1-4518-bc49-9d1a8c8e04d5:192.168.157.254:45598, d9e6ea44-93db-446f-8020-a94232284285:192.168.157.254:41671], old=null
2019-10-16 22:15:35,238 [3989452c-7599-4156-9543-3fe544ced0f3@group-83CFD60236D8-LeaderElection374] INFO  impl.RaftServerImpl (RaftServerImpl.java:setRole(184)) - 3989452c-7599-4156-9543-3fe544ced0f3@group-83CFD60236D8: changes role from CANDIDATE to FOLLOWER at term 396 for DISCOVERED_A_NEW_TERM
2019-10-16 22:15:35,238 [3989452c-7599-4156-9543-3fe544ced0f3@group-83CFD60236D8-LeaderElection374] INFO  impl.RoleInfo (RoleInfo.java:shutdownLeaderElection(134)) - 3989452c-7599-4156-9543-3fe544ced0f3: shutdown LeaderElection
2019-10-16 22:15:35,238 [3989452c-7599-4156-9543-3fe544ced0f3@group-83CFD60236D8-LeaderElection374] INFO  impl.RoleInfo (RoleInfo.java:updateAndGet(143)) - 3989452c-7599-4156-9543-3fe544ced0f3: start FollowerState
2019-10-16 22:15:35,409 [Thread-3358] INFO  impl.FollowerState (FollowerState.java:run(108)) - 3989452c-7599-4156-9543-3fe544ced0f3@group-83CFD60236D8-FollowerState: change to CANDIDATE, lastRpcTime:170ms, electionTimeout:170ms
2019-10-16 22:15:35,409 [Thread-3358] INFO  impl.RoleInfo (RoleInfo.java:shutdownFollowerState(121)) - 3989452c-7599-4156-9543-3fe544ced0f3: shutdown FollowerState
2019-10-16 22:15:35,409 [Thread-3358] INFO  impl.RaftServerImpl (RaftServerImpl.java:setRole(184)) - 3989452c-7599-4156-9543-3fe544ced0f3@group-83CFD60236D8: changes role from  FOLLOWER to CANDIDATE at term 396 for changeToCandidate
2019-10-16 22:15:35,409 [Thread-3358] INFO  impl.RoleInfo (RoleInfo.java:updateAndGet(143)) - 3989452c-7599-4156-9543-3fe544ced0f3: start LeaderElection
2019-10-16 22:15:35,422 [3989452c-7599-4156-9543-3fe544ced0f3@group-83CFD60236D8-LeaderElection375] INFO  impl.LeaderElection (LeaderElection.java:askForVotes(178)) - 3989452c-7599-4156-9543-3fe544ced0f3@group-83CFD60236D8-LeaderElection375: begin an election at term 397 for -1: [3989452c-7599-4156-9543-3fe544ced0f3:192.168.157.254:36320, eec99a0c-e1b1-4518-bc49-9d1a8c8e04d5:192.168.157.254:45598, d9e6ea44-93db-446f-8020-a94232284285:192.168.157.254:41671], old=null
2019-10-16 22:15:35,424 [grpc-default-executor-24] INFO  impl.RaftServerImpl (RaftServerImpl.java:setRole(184)) - eec99a0c-e1b1-4518-bc49-9d1a8c8e04d5@group-83CFD60236D8: changes role from  FOLLOWER to FOLLOWER at term 397 for recognizeCandidate:3989452c-7599-4156-9543-3fe544ced0f3
2019-10-16 22:15:35,424 [grpc-default-executor-24] INFO  impl.RoleInfo (RoleInfo.java:shutdownFollowerState(121)) - eec99a0c-e1b1-4518-bc49-9d1a8c8e04d5: shutdown FollowerState
2019-10-16 22:15:35,424 [grpc-default-executor-18] INFO  impl.RaftServerImpl (RaftServerImpl.java:setRole(184)) - d9e6ea44-93db-446f-8020-a94232284285@group-83CFD60236D8: changes role from  FOLLOWER to FOLLOWER at term 397 for recognizeCandidate:3989452c-7599-4156-9543-3fe544ced0f3
2019-10-16 22:15:35,425 [grpc-default-executor-18] INFO  impl.RoleInfo (RoleInfo.java:shutdownFollowerState(121)) - d9e6ea44-93db-446f-8020-a94232284285: shutdown FollowerState
2019-10-16 22:15:35,425 [Thread-3357] INFO  impl.FollowerState (FollowerState.java:run(117)) - eec99a0c-e1b1-4518-bc49-9d1a8c8e04d5@group-83CFD60236D8-FollowerState was interrupted: java.lang.InterruptedException: sleep interrupted
2019-10-16 22:15:35,425 [Thread-3356] INFO  impl.FollowerState (FollowerState.java:run(117)) - d9e6ea44-93db-446f-8020-a94232284285@group-83CFD60236D8-FollowerState was interrupted: java.lang.InterruptedException: sleep interrupted
2019-10-16 22:15:35,424 [grpc-default-executor-24] INFO  impl.RoleInfo (RoleInfo.java:updateAndGet(143)) - eec99a0c-e1b1-4518-bc49-9d1a8c8e04d5: start FollowerState
2019-10-16 22:15:35,425 [grpc-default-executor-18] INFO  impl.RoleInfo (RoleInfo.java:updateAndGet(143)) - d9e6ea44-93db-446f-8020-a94232284285: start FollowerState
2019-10-16 22:15:35,439 [3989452c-7599-4156-9543-3fe544ced0f3@group-83CFD60236D8-LeaderElection375] INFO  impl.LeaderElection (LeaderElection.java:logAndReturn(56)) - 3989452c-7599-4156-9543-3fe544ced0f3@group-83CFD60236D8-LeaderElection375: Election REJECTED; received 2 response(s) [3989452c-7599-4156-9543-3fe544ced0f3<-eec99a0c-e1b1-4518-bc49-9d1a8c8e04d5#0:FAIL-t397, 3989452c-7599-4156-9543-3fe544ced0f3<-d9e6ea44-93db-446f-8020-a94232284285#0:FAIL-t397] and 0 exception(s); 3989452c-7599-4156-9543-3fe544ced0f3@group-83CFD60236D8:t397, leader=null, voted=3989452c-7599-4156-9543-3fe544ced0f3, raftlog=3989452c-7599-4156-9543-3fe544ced0f3@group-83CFD60236D8-SegmentedRaftLog:OPENED:c-1,f-1,i0, conf=-1: [3989452c-7599-4156-9543-3fe544ced0f3:192.168.157.254:36320, eec99a0c-e1b1-4518-bc49-9d1a8c8e04d5:192.168.157.254:45598, d9e6ea44-93db-446f-8020-a94232284285:192.168.157.254:41671], old=null
2019-10-16 22:15:35,439 [3989452c-7599-4156-9543-3fe544ced0f3@group-83CFD60236D8-LeaderElection375] INFO  impl.RaftServerImpl (RaftServerImpl.java:setRole(184)) - 3989452c-7599-4156-9543-3fe544ced0f3@group-83CFD60236D8: changes role from CANDIDATE to FOLLOWER at term 397 for DISCOVERED_A_NEW_TERM
2019-10-16 22:15:35,439 [3989452c-7599-4156-9543-3fe544ced0f3@group-83CFD60236D8-LeaderElection375] INFO  impl.RoleInfo (RoleInfo.java:shutdownLeaderElection(134)) - 3989452c-7599-4156-9543-3fe544ced0f3: shutdown LeaderElection
2019-10-16 22:15:35,440 [3989452c-7599-4156-9543-3fe544ced0f3@group-83CFD60236D8-LeaderElection375] INFO  impl.RoleInfo (RoleInfo.java:updateAndGet(143)) - 3989452c-7599-4156-9543-3fe544ced0f3: start FollowerState
2019-10-16 22:15:35,461 [Thread-3364] INFO  impl.FollowerState (FollowerState.java:run(108)) - 3989452c-7599-4156-9543-3fe544ced0f3@group-83CFD60236D8-FollowerState: change to CANDIDATE, lastRpcTime:21ms, electionTimeout:21ms
2019-10-16 22:15:35,461 [Thread-3364] INFO  impl.RoleInfo (RoleInfo.java:shutdownFollowerState(121)) - 3989452c-7599-4156-9543-3fe544ced0f3: shutdown FollowerState
2019-10-16 22:15:35,461 [Thread-3364] INFO  impl.RaftServerImpl (RaftServerImpl.java:setRole(184)) - 3989452c-7599-4156-9543-3fe544ced0f3@group-83CFD60236D8: changes role from  FOLLOWER to CANDIDATE at term 397 for changeToCandidate
2019-10-16 22:15:35,461 [Thread-3364] INFO  impl.RoleInfo (RoleInfo.java:updateAndGet(143)) - 3989452c-7599-4156-9543-3fe544ced0f3: start LeaderElection
2019-10-16 22:15:35,487 [3989452c-7599-4156-9543-3fe544ced0f3@group-83CFD60236D8-LeaderElection376] INFO  impl.LeaderElection (LeaderElection.java:askForVotes(178)) - 3989452c-7599-4156-9543-3fe544ced0f3@group-83CFD60236D8-LeaderElection376: begin an election at term 398 for -1: [3989452c-7599-4156-9543-3fe544ced0f3:192.168.157.254:36320, eec99a0c-e1b1-4518-bc49-9d1a8c8e04d5:192.168.157.254:45598, d9e6ea44-93db-446f-8020-a94232284285:192.168.157.254:41671], old=null
2019-10-16 22:15:35,489 [grpc-default-executor-18] INFO  impl.RaftServerImpl (RaftServerImpl.java:setRole(184)) - eec99a0c-e1b1-4518-bc49-9d1a8c8e04d5@group-83CFD60236D8: changes role from  FOLLOWER to FOLLOWER at term 398 for recognizeCandidate:3989452c-7599-4156-9543-3fe544ced0f3
2019-10-16 22:15:35,489 [grpc-default-executor-18] INFO  impl.RoleInfo (RoleInfo.java:shutdownFollowerState(121)) - eec99a0c-e1b1-4518-bc49-9d1a8c8e04d5: shutdown FollowerState
2019-10-16 22:15:35,489 [grpc-default-executor-24] INFO  impl.RaftServerImpl (RaftServerImpl.java:setRole(184)) - d9e6ea44-93db-446f-8020-a94232284285@group-83CFD60236D8: changes role from  FOLLOWER to FOLLOWER at term 398 for recognizeCandidate:3989452c-7599-4156-9543-3fe544ced0f3
2019-10-16 22:15:35,489 [grpc-default-executor-24] INFO  impl.RoleInfo (RoleInfo.java:shutdownFollowerState(121)) - d9e6ea44-93db-446f-8020-a94232284285: shutdown FollowerState
2019-10-16 22:15:35,490 [grpc-default-executor-24] INFO  impl.RoleInfo (RoleInfo.java:updateAndGet(143)) - d9e6ea44-93db-446f-8020-a94232284285: start FollowerState
2019-10-16 22:15:35,489 [Thread-3362] INFO  impl.FollowerState (FollowerState.java:run(117)) - eec99a0c-e1b1-4518-bc49-9d1a8c8e04d5@group-83CFD60236D8-FollowerState was interrupted: java.lang.InterruptedException: sleep interrupted
2019-10-16 22:15:35,489 [grpc-default-executor-18] INFO  impl.RoleInfo (RoleInfo.java:updateAndGet(143)) - eec99a0c-e1b1-4518-bc49-9d1a8c8e04d5: start FollowerState
2019-10-16 22:15:35,490 [Thread-3363] INFO  impl.FollowerState (FollowerState.java:run(117)) - d9e6ea44-93db-446f-8020-a94232284285@group-83CFD60236D8-FollowerState was interrupted: java.lang.InterruptedException: sleep interrupted
2019-10-16 22:15:35,508 [3989452c-7599-4156-9543-3fe544ced0f3@group-83CFD60236D8-LeaderElection376] INFO  impl.LeaderElection (LeaderElection.java:logAndReturn(56)) - 3989452c-7599-4156-9543-3fe544ced0f3@group-83CFD60236D8-LeaderElection376: Election REJECTED; received 2 response(s) [3989452c-7599-4156-9543-3fe544ced0f3<-eec99a0c-e1b1-4518-bc49-9d1a8c8e04d5#0:FAIL-t398, 3989452c-7599-4156-9543-3fe544ced0f3<-d9e6ea44-93db-446f-8020-a94232284285#0:FAIL-t398] and 0 exception(s); 3989452c-7599-4156-9543-3fe544ced0f3@group-83CFD60236D8:t398, leader=null, voted=3989452c-7599-4156-9543-3fe544ced0f3, raftlog=3989452c-7599-4156-9543-3fe544ced0f3@group-83CFD60236D8-SegmentedRaftLog:OPENED:c-1,f-1,i0, conf=-1: [3989452c-7599-4156-9543-3fe544ced0f3:192.168.157.254:36320, eec99a0c-e1b1-4518-bc49-9d1a8c8e04d5:192.168.157.254:45598, d9e6ea44-93db-446f-8020-a94232284285:192.168.157.254:41671], old=null
2019-10-16 22:15:35,508 [3989452c-7599-4156-9543-3fe544ced0f3@group-83CFD60236D8-LeaderElection376] INFO  impl.RaftServerImpl (RaftServerImpl.java:setRole(184)) - 3989452c-7599-4156-9543-3fe544ced0f3@group-83CFD60236D8: changes role from CANDIDATE to FOLLOWER at term 398 for DISCOVERED_A_NEW_TERM
2019-10-16 22:15:35,508 [3989452c-7599-4156-9543-3fe544ced0f3@group-83CFD60236D8-LeaderElection376] INFO  impl.RoleInfo (RoleInfo.java:shutdownLeaderElection(134)) - 3989452c-7599-4156-9543-3fe544ced0f3: shutdown LeaderElection
2019-10-16 22:15:35,508 [3989452c-7599-4156-9543-3fe544ced0f3@group-83CFD60236D8-LeaderElection376] INFO  impl.RoleInfo (RoleInfo.java:updateAndGet(143)) - 3989452c-7599-4156-9543-3fe544ced0f3: start FollowerState
2019-10-16 22:15:35,658 [Thread-3370] INFO  impl.FollowerState (FollowerState.java:run(108)) - 3989452c-7599-4156-9543-3fe544ced0f3@group-83CFD60236D8-FollowerState: change to CANDIDATE, lastRpcTime:150ms, electionTimeout:150ms
2019-10-16 22:15:35,659 [Thread-3370] INFO  impl.RoleInfo (RoleInfo.java:shutdownFollowerState(121)) - 3989452c-7599-4156-9543-3fe544ced0f3: shutdown FollowerState
2019-10-16 22:15:35,659 [Thread-3370] INFO  impl.RaftServerImpl (RaftServerImpl.java:setRole(184)) - 3989452c-7599-4156-9543-3fe544ced0f3@group-83CFD60236D8: changes role from  FOLLOWER to CANDIDATE at term 398 for changeToCandidate
2019-10-16 22:15:35,659 [Thread-3370] INFO  impl.RoleInfo (RoleInfo.java:updateAndGet(143)) - 3989452c-7599-4156-9543-3fe544ced0f3: start LeaderElection
2019-10-16 22:15:35,673 [3989452c-7599-4156-9543-3fe544ced0f3@group-83CFD60236D8-LeaderElection377] INFO  impl.LeaderElection (LeaderElection.java:askForVotes(178)) - 3989452c-7599-4156-9543-3fe544ced0f3@group-83CFD60236D8-LeaderElection377: begin an election at term 399 for -1: [3989452c-7599-4156-9543-3fe544ced0f3:192.168.157.254:36320, eec99a0c-e1b1-4518-bc49-9d1a8c8e04d5:192.168.157.254:45598, d9e6ea44-93db-446f-8020-a94232284285:192.168.157.254:41671], old=null
2019-10-16 22:15:35,674 [grpc-default-executor-24] INFO  impl.RaftServerImpl (RaftServerImpl.java:setRole(184)) - eec99a0c-e1b1-4518-bc49-9d1a8c8e04d5@group-83CFD60236D8: changes role from  FOLLOWER to FOLLOWER at term 399 for recognizeCandidate:3989452c-7599-4156-9543-3fe544ced0f3
2019-10-16 22:15:35,675 [grpc-default-executor-24] INFO  impl.RoleInfo (RoleInfo.java:shutdownFollowerState(121)) - eec99a0c-e1b1-4518-bc49-9d1a8c8e04d5: shutdown FollowerState
2019-10-16 22:15:35,675 [grpc-default-executor-18] INFO  impl.RaftServerImpl (RaftServerImpl.java:setRole(184)) - d9e6ea44-93db-446f-8020-a94232284285@group-83CFD60236D8: changes role from  FOLLOWER to FOLLOWER at term 399 for recognizeCandidate:3989452c-7599-4156-9543-3fe544ced0f3
2019-10-16 22:15:35,675 [grpc-default-executor-18] INFO  impl.RoleInfo (RoleInfo.java:shutdownFollowerState(121)) - d9e6ea44-93db-446f-8020-a94232284285: shutdown FollowerState
2019-10-16 22:15:35,675 [Thread-3368] INFO  impl.FollowerState (FollowerState.java:run(117)) - eec99a0c-e1b1-4518-bc49-9d1a8c8e04d5@group-83CFD60236D8-FollowerState was interrupted: java.lang.InterruptedException: sleep interrupted
2019-10-16 22:15:35,675 [Thread-3369] INFO  impl.FollowerState (FollowerState.java:run(117)) - d9e6ea44-93db-446f-8020-a94232284285@group-83CFD60236D8-FollowerState was interrupted: java.lang.InterruptedException: sleep interrupted
2019-10-16 22:15:35,675 [grpc-default-executor-24] INFO  impl.RoleInfo (RoleInfo.java:updateAndGet(143)) - eec99a0c-e1b1-4518-bc49-9d1a8c8e04d5: start FollowerState
2019-10-16 22:15:35,675 [grpc-default-executor-18] INFO  impl.RoleInfo (RoleInfo.java:updateAndGet(143)) - d9e6ea44-93db-446f-8020-a94232284285: start FollowerState
2019-10-16 22:15:35,701 [3989452c-7599-4156-9543-3fe544ced0f3@group-83CFD60236D8-LeaderElection377] INFO  impl.LeaderElection (LeaderElection.java:logAndReturn(56)) - 3989452c-7599-4156-9543-3fe544ced0f3@group-83CFD60236D8-LeaderElection377: Election REJECTED; received 2 response(s) [3989452c-7599-4156-9543-3fe544ced0f3<-eec99a0c-e1b1-4518-bc49-9d1a8c8e04d5#0:FAIL-t399, 3989452c-7599-4156-9543-3fe544ced0f3<-d9e6ea44-93db-446f-8020-a94232284285#0:FAIL-t399] and 0 exception(s); 3989452c-7599-4156-9543-3fe544ced0f3@group-83CFD60236D8:t399, leader=null, voted=3989452c-7599-4156-9543-3fe544ced0f3, raftlog=3989452c-7599-4156-9543-3fe544ced0f3@group-83CFD60236D8-SegmentedRaftLog:OPENED:c-1,f-1,i0, conf=-1: [3989452c-7599-4156-9543-3fe544ced0f3:192.168.157.254:36320, eec99a0c-e1b1-4518-bc49-9d1a8c8e04d5:192.168.157.254:45598, d9e6ea44-93db-446f-8020-a94232284285:192.168.157.254:41671], old=null
2019-10-16 22:15:35,701 [3989452c-7599-4156-9543-3fe544ced0f3@group-83CFD60236D8-LeaderElection377] INFO  impl.RaftServerImpl (RaftServerImpl.java:setRole(184)) - 3989452c-7599-4156-9543-3fe544ced0f3@group-83CFD60236D8: changes role from CANDIDATE to FOLLOWER at term 399 for DISCOVERED_A_NEW_TERM
2019-10-16 22:15:35,702 [3989452c-7599-4156-9543-3fe544ced0f3@group-83CFD60236D8-LeaderElection377] INFO  impl.RoleInfo (RoleInfo.java:shutdownLeaderElection(134)) - 3989452c-7599-4156-9543-3fe544ced0f3: shutdown LeaderElection
2019-10-16 22:15:35,702 [3989452c-7599-4156-9543-3fe544ced0f3@group-83CFD60236D8-LeaderElection377] INFO  impl.RoleInfo (RoleInfo.java:updateAndGet(143)) - 3989452c-7599-4156-9543-3fe544ced0f3: start FollowerState
2019-10-16 22:15:35,762 [Thread-3376] INFO  impl.FollowerState (FollowerState.java:run(108)) - 3989452c-7599-4156-9543-3fe544ced0f3@group-83CFD60236D8-FollowerState: change to CANDIDATE, lastRpcTime:60ms, electionTimeout:60ms
2019-10-16 22:15:35,762 [Thread-3376] INFO  impl.RoleInfo (RoleInfo.java:shutdownFollowerState(121)) - 3989452c-7599-4156-9543-3fe544ced0f3: shutdown FollowerState
2019-10-16 22:15:35,762 [Thread-3376] INFO  impl.RaftServerImpl (RaftServerImpl.java:setRole(184)) - 3989452c-7599-4156-9543-3fe544ced0f3@group-83CFD60236D8: changes role from  FOLLOWER to CANDIDATE at term 399 for changeToCandidate
2019-10-16 22:15:35,763 [Thread-3376] INFO  impl.RoleInfo (RoleInfo.java:updateAndGet(143)) - 3989452c-7599-4156-9543-3fe544ced0f3: start LeaderElection
2019-10-16 22:15:35,788 [3989452c-7599-4156-9543-3fe544ced0f3@group-83CFD60236D8-LeaderElection378] INFO  impl.LeaderElection (LeaderElection.java:askForVotes(178)) - 3989452c-7599-4156-9543-3fe544ced0f3@group-83CFD60236D8-LeaderElection378: begin an election at term 400 for -1: [3989452c-7599-4156-9543-3fe544ced0f3:192.168.157.254:36320, eec99a0c-e1b1-4518-bc49-9d1a8c8e04d5:192.168.157.254:45598, d9e6ea44-93db-446f-8020-a94232284285:192.168.157.254:41671], old=null
2019-10-16 22:15:35,789 [grpc-default-executor-18] INFO  impl.RaftServerImpl (RaftServerImpl.java:setRole(184)) - eec99a0c-e1b1-4518-bc49-9d1a8c8e04d5@group-83CFD60236D8: changes role from  FOLLOWER to FOLLOWER at term 400 for recognizeCandidate:3989452c-7599-4156-9543-3fe544ced0f3
2019-10-16 22:15:35,790 [grpc-default-executor-18] INFO  impl.RoleInfo (RoleInfo.java:shutdownFollowerState(121)) - eec99a0c-e1b1-4518-bc49-9d1a8c8e04d5: shutdown FollowerState
2019-10-16 22:15:35,790 [grpc-default-executor-24] INFO  impl.RaftServerImpl (RaftServerImpl.java:setRole(184)) - d9e6ea44-93db-446f-8020-a94232284285@group-83CFD60236D8: changes role from  FOLLOWER to FOLLOWER at term 400 for recognizeCandidate:3989452c-7599-4156-9543-3fe544ced0f3
2019-10-16 22:15:35,790 [grpc-default-executor-24] INFO  impl.RoleInfo (RoleInfo.java:shutdownFollowerState(121)) - d9e6ea44-93db-446f-8020-a94232284285: shutdown FollowerState
2019-10-16 22:15:35,790 [Thread-3374] INFO  impl.FollowerState (FollowerState.java:run(117)) - eec99a0c-e1b1-4518-bc49-9d1a8c8e04d5@group-83CFD60236D8-FollowerState was interrupted: java.lang.InterruptedException: sleep interrupted
2019-10-16 22:15:35,790 [grpc-default-executor-18] INFO  impl.RoleInfo (RoleInfo.java:updateAndGet(143)) - eec99a0c-e1b1-4518-bc49-9d1a8c8e04d5: start FollowerState
2019-10-16 22:15:35,790 [Thread-3375] INFO  impl.FollowerState (FollowerState.java:run(117)) - d9e6ea44-93db-446f-8020-a94232284285@group-83CFD60236D8-FollowerState was interrupted: java.lang.InterruptedException: sleep interrupted
2019-10-16 22:15:35,790 [grpc-default-executor-24] INFO  impl.RoleInfo (RoleInfo.java:updateAndGet(143)) - d9e6ea44-93db-446f-8020-a94232284285: start FollowerState
2019-10-16 22:15:35,799 [3989452c-7599-4156-9543-3fe544ced0f3@group-83CFD60236D8-LeaderElection378] INFO  impl.LeaderElection (LeaderElection.java:logAndReturn(56)) - 3989452c-7599-4156-9543-3fe544ced0f3@group-83CFD60236D8-LeaderElection378: Election TIMEOUT; received 0 response(s) [] and 0 exception(s); 3989452c-7599-4156-9543-3fe544ced0f3@group-83CFD60236D8:t400, leader=null, voted=3989452c-7599-4156-9543-3fe544ced0f3, raftlog=3989452c-7599-4156-9543-3fe544ced0f3@group-83CFD60236D8-SegmentedRaftLog:OPENED:c-1,f-1,i0, conf=-1: [3989452c-7599-4156-9543-3fe544ced0f3:192.168.157.254:36320, eec99a0c-e1b1-4518-bc49-9d1a8c8e04d5:192.168.157.254:45598, d9e6ea44-93db-446f-8020-a94232284285:192.168.157.254:41671], old=null
2019-10-16 22:15:35,816 [3989452c-7599-4156-9543-3fe544ced0f3@group-83CFD60236D8-LeaderElection378] INFO  impl.LeaderElection (LeaderElection.java:askForVotes(178)) - 3989452c-7599-4156-9543-3fe544ced0f3@group-83CFD60236D8-LeaderElection378: begin an election at term 401 for -1: [3989452c-7599-4156-9543-3fe544ced0f3:192.168.157.254:36320, eec99a0c-e1b1-4518-bc49-9d1a8c8e04d5:192.168.157.254:45598, d9e6ea44-93db-446f-8020-a94232284285:192.168.157.254:41671], old=null
2019-10-16 22:15:35,818 [grpc-default-executor-24] INFO  impl.RaftServerImpl (RaftServerImpl.java:setRole(184)) - eec99a0c-e1b1-4518-bc49-9d1a8c8e04d5@group-83CFD60236D8: changes role from  FOLLOWER to FOLLOWER at term 401 for recognizeCandidate:3989452c-7599-4156-9543-3fe544ced0f3
2019-10-16 22:15:35,818 [grpc-default-executor-24] INFO  impl.RoleInfo (RoleInfo.java:shutdownFollowerState(121)) - eec99a0c-e1b1-4518-bc49-9d1a8c8e04d5: shutdown FollowerState
2019-10-16 22:15:35,819 [grpc-default-executor-18] INFO  impl.RaftServerImpl (RaftServerImpl.java:setRole(184)) - d9e6ea44-93db-446f-8020-a94232284285@group-83CFD60236D8: changes role from  FOLLOWER to FOLLOWER at term 401 for recognizeCandidate:3989452c-7599-4156-9543-3fe544ced0f3
2019-10-16 22:15:35,819 [grpc-default-executor-18] INFO  impl.RoleInfo (RoleInfo.java:shutdownFollowerState(121)) - d9e6ea44-93db-446f-8020-a94232284285: shutdown FollowerState
2019-10-16 22:15:35,819 [Thread-3380] INFO  impl.FollowerState (FollowerState.java:run(117)) - eec99a0c-e1b1-4518-bc49-9d1a8c8e04d5@group-83CFD60236D8-FollowerState was interrupted: java.lang.InterruptedException: sleep interrupted
2019-10-16 22:15:35,819 [grpc-default-executor-24] INFO  impl.RoleInfo (RoleInfo.java:updateAndGet(143)) - eec99a0c-e1b1-4518-bc49-9d1a8c8e04d5: start FollowerState
2019-10-16 22:15:35,819 [Thread-3381] INFO  impl.FollowerState (FollowerState.java:run(117)) - d9e6ea44-93db-446f-8020-a94232284285@group-83CFD60236D8-FollowerState was interrupted: java.lang.InterruptedException: sleep interrupted
2019-10-16 22:15:35,819 [grpc-default-executor-18] INFO  impl.RoleInfo (RoleInfo.java:updateAndGet(143)) - d9e6ea44-93db-446f-8020-a94232284285: start FollowerState
2019-10-16 22:15:35,845 [3989452c-7599-4156-9543-3fe544ced0f3@group-83CFD60236D8-LeaderElection378] INFO  impl.LeaderElection (LeaderElection.java:logAndReturn(56)) - 3989452c-7599-4156-9543-3fe544ced0f3@group-83CFD60236D8-LeaderElection378: Election REJECTED; received 2 response(s) [3989452c-7599-4156-9543-3fe544ced0f3<-eec99a0c-e1b1-4518-bc49-9d1a8c8e04d5#0:FAIL-t401, 3989452c-7599-4156-9543-3fe544ced0f3<-d9e6ea44-93db-446f-8020-a94232284285#0:FAIL-t401] and 0 exception(s); 3989452c-7599-4156-9543-3fe544ced0f3@group-83CFD60236D8:t401, leader=null, voted=3989452c-7599-4156-9543-3fe544ced0f3, raftlog=3989452c-7599-4156-9543-3fe544ced0f3@group-83CFD60236D8-SegmentedRaftLog:OPENED:c-1,f-1,i0, conf=-1: [3989452c-7599-4156-9543-3fe544ced0f3:192.168.157.254:36320, eec99a0c-e1b1-4518-bc49-9d1a8c8e04d5:192.168.157.254:45598, d9e6ea44-93db-446f-8020-a94232284285:192.168.157.254:41671], old=null
2019-10-16 22:15:35,845 [3989452c-7599-4156-9543-3fe544ced0f3@group-83CFD60236D8-LeaderElection378] INFO  impl.RaftServerImpl (RaftServerImpl.java:setRole(184)) - 3989452c-7599-4156-9543-3fe544ced0f3@group-83CFD60236D8: changes role from CANDIDATE to FOLLOWER at term 401 for DISCOVERED_A_NEW_TERM
2019-10-16 22:15:35,846 [3989452c-7599-4156-9543-3fe544ced0f3@group-83CFD60236D8-LeaderElection378] INFO  impl.RoleInfo (RoleInfo.java:shutdownLeaderElection(134)) - 3989452c-7599-4156-9543-3fe544ced0f3: shutdown LeaderElection
2019-10-16 22:15:35,846 [3989452c-7599-4156-9543-3fe544ced0f3@group-83CFD60236D8-LeaderElection378] INFO  impl.RoleInfo (RoleInfo.java:updateAndGet(143)) - 3989452c-7599-4156-9543-3fe544ced0f3: start FollowerState
2019-10-16 22:15:35,895 [Thread-3386] INFO  impl.FollowerState (FollowerState.java:run(108)) - 3989452c-7599-4156-9543-3fe544ced0f3@group-83CFD60236D8-FollowerState: change to CANDIDATE, lastRpcTime:49ms, electionTimeout:49ms
2019-10-16 22:15:35,895 [Thread-3386] INFO  impl.RoleInfo (RoleInfo.java:shutdownFollowerState(121)) - 3989452c-7599-4156-9543-3fe544ced0f3: shutdown FollowerState
2019-10-16 22:15:35,895 [Thread-3386] INFO  impl.RaftServerImpl (RaftServerImpl.java:setRole(184)) - 3989452c-7599-4156-9543-3fe544ced0f3@group-83CFD60236D8: changes role from  FOLLOWER to CANDIDATE at term 401 for changeToCandidate
2019-10-16 22:15:35,895 [Thread-3386] INFO  impl.RoleInfo (RoleInfo.java:updateAndGet(143)) - 3989452c-7599-4156-9543-3fe544ced0f3: start LeaderElection
2019-10-16 22:15:35,911 [3989452c-7599-4156-9543-3fe544ced0f3@group-83CFD60236D8-LeaderElection379] INFO  impl.LeaderElection (LeaderElection.java:askForVotes(178)) - 3989452c-7599-4156-9543-3fe544ced0f3@group-83CFD60236D8-LeaderElection379: begin an election at term 402 for -1: [3989452c-7599-4156-9543-3fe544ced0f3:192.168.157.254:36320, eec99a0c-e1b1-4518-bc49-9d1a8c8e04d5:192.168.157.254:45598, d9e6ea44-93db-446f-8020-a94232284285:192.168.157.254:41671], old=null
2019-10-16 22:15:35,913 [grpc-default-executor-18] INFO  impl.RaftServerImpl (RaftServerImpl.java:setRole(184)) - eec99a0c-e1b1-4518-bc49-9d1a8c8e04d5@group-83CFD60236D8: changes role from  FOLLOWER to FOLLOWER at term 402 for recognizeCandidate:3989452c-7599-4156-9543-3fe544ced0f3
2019-10-16 22:15:35,913 [grpc-default-executor-18] INFO  impl.RoleInfo (RoleInfo.java:shutdownFollowerState(121)) - eec99a0c-e1b1-4518-bc49-9d1a8c8e04d5: shutdown FollowerState
2019-10-16 22:15:35,913 [grpc-default-executor-18] INFO  impl.RoleInfo (RoleInfo.java:updateAndGet(143)) - eec99a0c-e1b1-4518-bc49-9d1a8c8e04d5: start FollowerState
2019-10-16 22:15:35,913 [grpc-default-executor-24] INFO  impl.RaftServerImpl (RaftServerImpl.java:setRole(184)) - d9e6ea44-93db-446f-8020-a94232284285@group-83CFD60236D8: changes role from  FOLLOWER to FOLLOWER at term 402 for recognizeCandidate:3989452c-7599-4156-9543-3fe544ced0f3
2019-10-16 22:15:35,913 [grpc-default-executor-24] INFO  impl.RoleInfo (RoleInfo.java:shutdownFollowerState(121)) - d9e6ea44-93db-446f-8020-a94232284285: shutdown FollowerState
2019-10-16 22:15:35,913 [Thread-3384] INFO  impl.FollowerState (FollowerState.java:run(117)) - eec99a0c-e1b1-4518-bc49-9d1a8c8e04d5@group-83CFD60236D8-FollowerState was interrupted: java.lang.InterruptedException: sleep interrupted
2019-10-16 22:15:35,913 [Thread-3385] INFO  impl.FollowerState (FollowerState.java:run(117)) - d9e6ea44-93db-446f-8020-a94232284285@group-83CFD60236D8-FollowerState was interrupted: java.lang.InterruptedException: sleep interrupted
2019-10-16 22:15:35,913 [grpc-default-executor-24] INFO  impl.RoleInfo (RoleInfo.java:updateAndGet(143)) - d9e6ea44-93db-446f-8020-a94232284285: start FollowerState
2019-10-16 22:15:35,939 [3989452c-7599-4156-9543-3fe544ced0f3@group-83CFD60236D8-LeaderElection379] INFO  impl.LeaderElection (LeaderElection.java:logAndReturn(56)) - 3989452c-7599-4156-9543-3fe544ced0f3@group-83CFD60236D8-LeaderElection379: Election REJECTED; received 2 response(s) [3989452c-7599-4156-9543-3fe544ced0f3<-eec99a0c-e1b1-4518-bc49-9d1a8c8e04d5#0:FAIL-t402, 3989452c-7599-4156-9543-3fe544ced0f3<-d9e6ea44-93db-446f-8020-a94232284285#0:FAIL-t402] and 0 exception(s); 3989452c-7599-4156-9543-3fe544ced0f3@group-83CFD60236D8:t402, leader=null, voted=3989452c-7599-4156-9543-3fe544ced0f3, raftlog=3989452c-7599-4156-9543-3fe544ced0f3@group-83CFD60236D8-SegmentedRaftLog:OPENED:c-1,f-1,i0, conf=-1: [3989452c-7599-4156-9543-3fe544ced0f3:192.168.157.254:36320, eec99a0c-e1b1-4518-bc49-9d1a8c8e04d5:192.168.157.254:45598, d9e6ea44-93db-446f-8020-a94232284285:192.168.157.254:41671], old=null
2019-10-16 22:15:35,939 [3989452c-7599-4156-9543-3fe544ced0f3@group-83CFD60236D8-LeaderElection379] INFO  impl.RaftServerImpl (RaftServerImpl.java:setRole(184)) - 3989452c-7599-4156-9543-3fe544ced0f3@group-83CFD60236D8: changes role from CANDIDATE to FOLLOWER at term 402 for DISCOVERED_A_NEW_TERM
2019-10-16 22:15:35,940 [3989452c-7599-4156-9543-3fe544ced0f3@group-83CFD60236D8-LeaderElection379] INFO  impl.RoleInfo (RoleInfo.java:shutdownLeaderElection(134)) - 3989452c-7599-4156-9543-3fe544ced0f3: shutdown LeaderElection
2019-10-16 22:15:35,940 [3989452c-7599-4156-9543-3fe544ced0f3@group-83CFD60236D8-LeaderElection379] INFO  impl.RoleInfo (RoleInfo.java:updateAndGet(143)) - 3989452c-7599-4156-9543-3fe544ced0f3: start FollowerState
2019-10-16 22:15:36,014 [Thread-3392] INFO  impl.FollowerState (FollowerState.java:run(108)) - 3989452c-7599-4156-9543-3fe544ced0f3@group-83CFD60236D8-FollowerState: change to CANDIDATE, lastRpcTime:74ms, electionTimeout:74ms
2019-10-16 22:15:36,014 [Thread-3392] INFO  impl.RoleInfo (RoleInfo.java:shutdownFollowerState(121)) - 3989452c-7599-4156-9543-3fe544ced0f3: shutdown FollowerState
2019-10-16 22:15:36,015 [Thread-3392] INFO  impl.RaftServerImpl (RaftServerImpl.java:setRole(184)) - 3989452c-7599-4156-9543-3fe544ced0f3@group-83CFD60236D8: changes role from  FOLLOWER to CANDIDATE at term 402 for changeToCandidate
2019-10-16 22:15:36,015 [Thread-3392] INFO  impl.RoleInfo (RoleInfo.java:updateAndGet(143)) - 3989452c-7599-4156-9543-3fe544ced0f3: start LeaderElection
2019-10-16 22:15:36,029 [3989452c-7599-4156-9543-3fe544ced0f3@group-83CFD60236D8-LeaderElection380] INFO  impl.LeaderElection (LeaderElection.java:askForVotes(178)) - 3989452c-7599-4156-9543-3fe544ced0f3@group-83CFD60236D8-LeaderElection380: begin an election at term 403 for -1: [3989452c-7599-4156-9543-3fe544ced0f3:192.168.157.254:36320, eec99a0c-e1b1-4518-bc49-9d1a8c8e04d5:192.168.157.254:45598, d9e6ea44-93db-446f-8020-a94232284285:192.168.157.254:41671], old=null
2019-10-16 22:15:36,031 [grpc-default-executor-18] INFO  impl.RaftServerImpl (RaftServerImpl.java:setRole(184)) - eec99a0c-e1b1-4518-bc49-9d1a8c8e04d5@group-83CFD60236D8: changes role from  FOLLOWER to FOLLOWER at term 403 for recognizeCandidate:3989452c-7599-4156-9543-3fe544ced0f3
2019-10-16 22:15:36,031 [grpc-default-executor-18] INFO  impl.RoleInfo (RoleInfo.java:shutdownFollowerState(121)) - eec99a0c-e1b1-4518-bc49-9d1a8c8e04d5: shutdown FollowerState
2019-10-16 22:15:36,031 [grpc-default-executor-24] INFO  impl.RaftServerImpl (RaftServerImpl.java:setRole(184)) - d9e6ea44-93db-446f-8020-a94232284285@group-83CFD60236D8: changes role from  FOLLOWER to FOLLOWER at term 403 for recognizeCandidate:3989452c-7599-4156-9543-3fe544ced0f3
2019-10-16 22:15:36,032 [grpc-default-executor-24] INFO  impl.RoleInfo (RoleInfo.java:shutdownFollowerState(121)) - d9e6ea44-93db-446f-8020-a94232284285: shutdown FollowerState
2019-10-16 22:15:36,032 [Thread-3390] INFO  impl.FollowerState (FollowerState.java:run(117)) - eec99a0c-e1b1-4518-bc49-9d1a8c8e04d5@group-83CFD60236D8-FollowerState was interrupted: java.lang.InterruptedException: sleep interrupted
2019-10-16 22:15:36,032 [Thread-3391] INFO  impl.FollowerState (FollowerState.java:run(117)) - d9e6ea44-93db-446f-8020-a94232284285@group-83CFD60236D8-FollowerState was interrupted: java.lang.InterruptedException: sleep interrupted
2019-10-16 22:15:36,032 [grpc-default-executor-18] INFO  impl.RoleInfo (RoleInfo.java:updateAndGet(143)) - eec99a0c-e1b1-4518-bc49-9d1a8c8e04d5: start FollowerState
2019-10-16 22:15:36,032 [grpc-default-executor-24] INFO  impl.RoleInfo (RoleInfo.java:updateAndGet(143)) - d9e6ea44-93db-446f-8020-a94232284285: start FollowerState
2019-10-16 22:15:36,061 [3989452c-7599-4156-9543-3fe544ced0f3@group-83CFD60236D8-LeaderElection380] INFO  impl.LeaderElection (LeaderElection.java:logAndReturn(56)) - 3989452c-7599-4156-9543-3fe544ced0f3@group-83CFD60236D8-LeaderElection380: Election REJECTED; received 2 response(s) [3989452c-7599-4156-9543-3fe544ced0f3<-eec99a0c-e1b1-4518-bc49-9d1a8c8e04d5#0:FAIL-t403, 3989452c-7599-4156-9543-3fe544ced0f3<-d9e6ea44-93db-446f-8020-a94232284285#0:FAIL-t403] and 0 exception(s); 3989452c-7599-4156-9543-3fe544ced0f3@group-83CFD60236D8:t403, leader=null, voted=3989452c-7599-4156-9543-3fe544ced0f3, raftlog=3989452c-7599-4156-9543-3fe544ced0f3@group-83CFD60236D8-SegmentedRaftLog:OPENED:c-1,f-1,i0, conf=-1: [3989452c-7599-4156-9543-3fe544ced0f3:192.168.157.254:36320, eec99a0c-e1b1-4518-bc49-9d1a8c8e04d5:192.168.157.254:45598, d9e6ea44-93db-446f-8020-a94232284285:192.168.157.254:41671], old=null
2019-10-16 22:15:36,061 [3989452c-7599-4156-9543-3fe544ced0f3@group-83CFD60236D8-LeaderElection380] INFO  impl.RaftServerImpl (RaftServerImpl.java:setRole(184)) - 3989452c-7599-4156-9543-3fe544ced0f3@group-83CFD60236D8: changes role from CANDIDATE to FOLLOWER at term 403 for DISCOVERED_A_NEW_TERM
2019-10-16 22:15:36,061 [3989452c-7599-4156-9543-3fe544ced0f3@group-83CFD60236D8-LeaderElection380] INFO  impl.RoleInfo (RoleInfo.java:shutdownLeaderElection(134)) - 3989452c-7599-4156-9543-3fe544ced0f3: shutdown LeaderElection
2019-10-16 22:15:36,061 [3989452c-7599-4156-9543-3fe544ced0f3@group-83CFD60236D8-LeaderElection380] INFO  impl.RoleInfo (RoleInfo.java:updateAndGet(143)) - 3989452c-7599-4156-9543-3fe544ced0f3: start FollowerState
 0.00% |?                                                                                                    |  0/1 Time: 0:00:022019-10-16 22:15:36,119 [Thread-3398] INFO  impl.FollowerState (FollowerState.java:run(108)) - 3989452c-7599-4156-9543-3fe544ced0f3@group-83CFD60236D8-FollowerState: change to CANDIDATE, lastRpcTime:57ms, electionTimeout:57ms
2019-10-16 22:15:36,119 [Thread-3398] INFO  impl.RoleInfo (RoleInfo.java:shutdownFollowerState(121)) - 3989452c-7599-4156-9543-3fe544ced0f3: shutdown FollowerState
2019-10-16 22:15:36,119 [Thread-3398] INFO  impl.RaftServerImpl (RaftServerImpl.java:setRole(184)) - 3989452c-7599-4156-9543-3fe544ced0f3@group-83CFD60236D8: changes role from  FOLLOWER to CANDIDATE at term 403 for changeToCandidate
2019-10-16 22:15:36,119 [Thread-3398] INFO  impl.RoleInfo (RoleInfo.java:updateAndGet(143)) - 3989452c-7599-4156-9543-3fe544ced0f3: start LeaderElection
2019-10-16 22:15:36,134 [3989452c-7599-4156-9543-3fe544ced0f3@group-83CFD60236D8-LeaderElection381] INFO  impl.LeaderElection (LeaderElection.java:askForVotes(178)) - 3989452c-7599-4156-9543-3fe544ced0f3@group-83CFD60236D8-LeaderElection381: begin an election at term 404 for -1: [3989452c-7599-4156-9543-3fe544ced0f3:192.168.157.254:36320, eec99a0c-e1b1-4518-bc49-9d1a8c8e04d5:192.168.157.254:45598, d9e6ea44-93db-446f-8020-a94232284285:192.168.157.254:41671], old=null
2019-10-16 22:15:36,135 [grpc-default-executor-24] INFO  impl.RaftServerImpl (RaftServerImpl.java:setRole(184)) - eec99a0c-e1b1-4518-bc49-9d1a8c8e04d5@group-83CFD60236D8: changes role from  FOLLOWER to FOLLOWER at term 404 for recognizeCandidate:3989452c-7599-4156-9543-3fe544ced0f3
2019-10-16 22:15:36,136 [grpc-default-executor-18] INFO  impl.RaftServerImpl (RaftServerImpl.java:setRole(184)) - d9e6ea44-93db-446f-8020-a94232284285@group-83CFD60236D8: changes role from  FOLLOWER to FOLLOWER at term 404 for recognizeCandidate:3989452c-7599-4156-9543-3fe544ced0f3
2019-10-16 22:15:36,136 [grpc-default-executor-24] INFO  impl.RoleInfo (RoleInfo.java:shutdownFollowerState(121)) - eec99a0c-e1b1-4518-bc49-9d1a8c8e04d5: shutdown FollowerState
2019-10-16 22:15:36,136 [grpc-default-executor-18] INFO  impl.RoleInfo (RoleInfo.java:shutdownFollowerState(121)) - d9e6ea44-93db-446f-8020-a94232284285: shutdown FollowerState
2019-10-16 22:15:36,136 [Thread-3396] INFO  impl.FollowerState (FollowerState.java:run(117)) - eec99a0c-e1b1-4518-bc49-9d1a8c8e04d5@group-83CFD60236D8-FollowerState was interrupted: java.lang.InterruptedException: sleep interrupted
2019-10-16 22:15:36,136 [grpc-default-executor-24] INFO  impl.RoleInfo (RoleInfo.java:updateAndGet(143)) - eec99a0c-e1b1-4518-bc49-9d1a8c8e04d5: start FollowerState
2019-10-16 22:15:36,136 [Thread-3397] INFO  impl.FollowerState (FollowerState.java:run(117)) - d9e6ea44-93db-446f-8020-a94232284285@group-83CFD60236D8-FollowerState was interrupted: java.lang.InterruptedException: sleep interrupted
2019-10-16 22:15:36,136 [grpc-default-executor-18] INFO  impl.RoleInfo (RoleInfo.java:updateAndGet(143)) - d9e6ea44-93db-446f-8020-a94232284285: start FollowerState
2019-10-16 22:15:36,162 [3989452c-7599-4156-9543-3fe544ced0f3@group-83CFD60236D8-LeaderElection381] INFO  impl.LeaderElection (LeaderElection.java:logAndReturn(56)) - 3989452c-7599-4156-9543-3fe544ced0f3@group-83CFD60236D8-LeaderElection381: Election REJECTED; received 2 response(s) [3989452c-7599-4156-9543-3fe544ced0f3<-eec99a0c-e1b1-4518-bc49-9d1a8c8e04d5#0:FAIL-t404, 3989452c-7599-4156-9543-3fe544ced0f3<-d9e6ea44-93db-446f-8020-a94232284285#0:FAIL-t404] and 0 exception(s); 3989452c-7599-4156-9543-3fe544ced0f3@group-83CFD60236D8:t404, leader=null, voted=3989452c-7599-4156-9543-3fe544ced0f3, raftlog=3989452c-7599-4156-9543-3fe544ced0f3@group-83CFD60236D8-SegmentedRaftLog:OPENED:c-1,f-1,i0, conf=-1: [3989452c-7599-4156-9543-3fe544ced0f3:192.168.157.254:36320, eec99a0c-e1b1-4518-bc49-9d1a8c8e04d5:192.168.157.254:45598, d9e6ea44-93db-446f-8020-a94232284285:192.168.157.254:41671], old=null
2019-10-16 22:15:36,162 [3989452c-7599-4156-9543-3fe544ced0f3@group-83CFD60236D8-LeaderElection381] INFO  impl.RaftServerImpl (RaftServerImpl.java:setRole(184)) - 3989452c-7599-4156-9543-3fe544ced0f3@group-83CFD60236D8: changes role from CANDIDATE to FOLLOWER at term 404 for DISCOVERED_A_NEW_TERM
2019-10-16 22:15:36,162 [3989452c-7599-4156-9543-3fe544ced0f3@group-83CFD60236D8-LeaderElection381] INFO  impl.RoleInfo (RoleInfo.java:shutdownLeaderElection(134)) - 3989452c-7599-4156-9543-3fe544ced0f3: shutdown LeaderElection
2019-10-16 22:15:36,162 [3989452c-7599-4156-9543-3fe544ced0f3@group-83CFD60236D8-LeaderElection381] INFO  impl.RoleInfo (RoleInfo.java:updateAndGet(143)) - 3989452c-7599-4156-9543-3fe544ced0f3: start FollowerState
2019-10-16 22:15:36,237 [Thread-3404] INFO  impl.FollowerState (FollowerState.java:run(108)) - 3989452c-7599-4156-9543-3fe544ced0f3@group-83CFD60236D8-FollowerState: change to CANDIDATE, lastRpcTime:74ms, electionTimeout:74ms
2019-10-16 22:15:36,237 [Thread-3404] INFO  impl.RoleInfo (RoleInfo.java:shutdownFollowerState(121)) - 3989452c-7599-4156-9543-3fe544ced0f3: shutdown FollowerState
2019-10-16 22:15:36,237 [Thread-3404] INFO  impl.RaftServerImpl (RaftServerImpl.java:setRole(184)) - 3989452c-7599-4156-9543-3fe544ced0f3@group-83CFD60236D8: changes role from  FOLLOWER to CANDIDATE at term 404 for changeToCandidate
2019-10-16 22:15:36,237 [Thread-3404] INFO  impl.RoleInfo (RoleInfo.java:updateAndGet(143)) - 3989452c-7599-4156-9543-3fe544ced0f3: start LeaderElection
2019-10-16 22:15:36,263 [3989452c-7599-4156-9543-3fe544ced0f3@group-83CFD60236D8-LeaderElection382] INFO  impl.LeaderElection (LeaderElection.java:askForVotes(178)) - 3989452c-7599-4156-9543-3fe544ced0f3@group-83CFD60236D8-LeaderElection382: begin an election at term 405 for -1: [3989452c-7599-4156-9543-3fe544ced0f3:192.168.157.254:36320, eec99a0c-e1b1-4518-bc49-9d1a8c8e04d5:192.168.157.254:45598, d9e6ea44-93db-446f-8020-a94232284285:192.168.157.254:41671], old=null
2019-10-16 22:15:36,265 [grpc-default-executor-24] INFO  impl.RaftServerImpl (RaftServerImpl.java:setRole(184)) - d9e6ea44-93db-446f-8020-a94232284285@group-83CFD60236D8: changes role from  FOLLOWER to FOLLOWER at term 405 for recognizeCandidate:3989452c-7599-4156-9543-3fe544ced0f3
2019-10-16 22:15:36,265 [grpc-default-executor-18] INFO  impl.RaftServerImpl (RaftServerImpl.java:setRole(184)) - eec99a0c-e1b1-4518-bc49-9d1a8c8e04d5@group-83CFD60236D8: changes role from  FOLLOWER to FOLLOWER at term 405 for recognizeCandidate:3989452c-7599-4156-9543-3fe544ced0f3
2019-10-16 22:15:36,265 [grpc-default-executor-24] INFO  impl.RoleInfo (RoleInfo.java:shutdownFollowerState(121)) - d9e6ea44-93db-446f-8020-a94232284285: shutdown FollowerState
2019-10-16 22:15:36,265 [grpc-default-executor-18] INFO  impl.RoleInfo (RoleInfo.java:shutdownFollowerState(121)) - eec99a0c-e1b1-4518-bc49-9d1a8c8e04d5: shutdown FollowerState
2019-10-16 22:15:36,265 [Thread-3403] INFO  impl.FollowerState (FollowerState.java:run(117)) - d9e6ea44-93db-446f-8020-a94232284285@group-83CFD60236D8-FollowerState was interrupted: java.lang.InterruptedException: sleep interrupted
2019-10-16 22:15:36,265 [grpc-default-executor-24] INFO  impl.RoleInfo (RoleInfo.java:updateAndGet(143)) - d9e6ea44-93db-446f-8020-a94232284285: start FollowerState
2019-10-16 22:15:36,265 [Thread-3402] INFO  impl.FollowerState (FollowerState.java:run(117)) - eec99a0c-e1b1-4518-bc49-9d1a8c8e04d5@group-83CFD60236D8-FollowerState was interrupted: java.lang.InterruptedException: sleep interrupted
2019-10-16 22:15:36,265 [grpc-default-executor-18] INFO  impl.RoleInfo (RoleInfo.java:updateAndGet(143)) - eec99a0c-e1b1-4518-bc49-9d1a8c8e04d5: start FollowerState
2019-10-16 22:15:36,280 [3989452c-7599-4156-9543-3fe544ced0f3@group-83CFD60236D8-LeaderElection382] INFO  impl.LeaderElection (LeaderElection.java:logAndReturn(56)) - 3989452c-7599-4156-9543-3fe544ced0f3@group-83CFD60236D8-LeaderElection382: Election REJECTED; received 2 response(s) [3989452c-7599-4156-9543-3fe544ced0f3<-eec99a0c-e1b1-4518-bc49-9d1a8c8e04d5#0:FAIL-t405, 3989452c-7599-4156-9543-3fe544ced0f3<-d9e6ea44-93db-446f-8020-a94232284285#0:FAIL-t405] and 0 exception(s); 3989452c-7599-4156-9543-3fe544ced0f3@group-83CFD60236D8:t405, leader=null, voted=3989452c-7599-4156-9543-3fe544ced0f3, raftlog=3989452c-7599-4156-9543-3fe544ced0f3@group-83CFD60236D8-SegmentedRaftLog:OPENED:c-1,f-1,i0, conf=-1: [3989452c-7599-4156-9543-3fe544ced0f3:192.168.157.254:36320, eec99a0c-e1b1-4518-bc49-9d1a8c8e04d5:192.168.157.254:45598, d9e6ea44-93db-446f-8020-a94232284285:192.168.157.254:41671], old=null
2019-10-16 22:15:36,280 [3989452c-7599-4156-9543-3fe544ced0f3@group-83CFD60236D8-LeaderElection382] INFO  impl.RaftServerImpl (RaftServerImpl.java:setRole(184)) - 3989452c-7599-4156-9543-3fe544ced0f3@group-83CFD60236D8: changes role from CANDIDATE to FOLLOWER at term 405 for DISCOVERED_A_NEW_TERM
2019-10-16 22:15:36,280 [3989452c-7599-4156-9543-3fe544ced0f3@group-83CFD60236D8-LeaderElection382] INFO  impl.RoleInfo (RoleInfo.java:shutdownLeaderElection(134)) - 3989452c-7599-4156-9543-3fe544ced0f3: shutdown LeaderElection
2019-10-16 22:15:36,280 [3989452c-7599-4156-9543-3fe544ced0f3@group-83CFD60236D8-LeaderElection382] INFO  impl.RoleInfo (RoleInfo.java:updateAndGet(143)) - 3989452c-7599-4156-9543-3fe544ced0f3: start FollowerState
2019-10-16 22:15:36,476 [Thread-3410] INFO  impl.FollowerState (FollowerState.java:run(108)) - 3989452c-7599-4156-9543-3fe544ced0f3@group-83CFD60236D8-FollowerState: change to CANDIDATE, lastRpcTime:195ms, electionTimeout:195ms
2019-10-16 22:15:36,476 [Thread-3410] INFO  impl.RoleInfo (RoleInfo.java:shutdownFollowerState(121)) - 3989452c-7599-4156-9543-3fe544ced0f3: shutdown FollowerState
2019-10-16 22:15:36,476 [Thread-3410] INFO  impl.RaftServerImpl (RaftServerImpl.java:setRole(184)) - 3989452c-7599-4156-9543-3fe544ced0f3@group-83CFD60236D8: changes role from  FOLLOWER to CANDIDATE at term 405 for changeToCandidate
2019-10-16 22:15:36,476 [Thread-3410] INFO  impl.RoleInfo (RoleInfo.java:updateAndGet(143)) - 3989452c-7599-4156-9543-3fe544ced0f3: start LeaderElection
2019-10-16 22:15:36,503 [3989452c-7599-4156-9543-3fe544ced0f3@group-83CFD60236D8-LeaderElection383] INFO  impl.LeaderElection (LeaderElection.java:askForVotes(178)) - 3989452c-7599-4156-9543-3fe544ced0f3@group-83CFD60236D8-LeaderElection383: begin an election at term 406 for -1: [3989452c-7599-4156-9543-3fe544ced0f3:192.168.157.254:36320, eec99a0c-e1b1-4518-bc49-9d1a8c8e04d5:192.168.157.254:45598, d9e6ea44-93db-446f-8020-a94232284285:192.168.157.254:41671], old=null
2019-10-16 22:15:36,505 [grpc-default-executor-18] INFO  impl.RaftServerImpl (RaftServerImpl.java:setRole(184)) - d9e6ea44-93db-446f-8020-a94232284285@group-83CFD60236D8: changes role from  FOLLOWER to FOLLOWER at term 406 for recognizeCandidate:3989452c-7599-4156-9543-3fe544ced0f3
2019-10-16 22:15:36,505 [grpc-default-executor-24] INFO  impl.RaftServerImpl (RaftServerImpl.java:setRole(184)) - eec99a0c-e1b1-4518-bc49-9d1a8c8e04d5@group-83CFD60236D8: changes role from  FOLLOWER to FOLLOWER at term 406 for recognizeCandidate:3989452c-7599-4156-9543-3fe544ced0f3
2019-10-16 22:15:36,505 [grpc-default-executor-18] INFO  impl.RoleInfo (RoleInfo.java:shutdownFollowerState(121)) - d9e6ea44-93db-446f-8020-a94232284285: shutdown FollowerState
2019-10-16 22:15:36,505 [grpc-default-executor-24] INFO  impl.RoleInfo (RoleInfo.java:shutdownFollowerState(121)) - eec99a0c-e1b1-4518-bc49-9d1a8c8e04d5: shutdown FollowerState
2019-10-16 22:15:36,506 [Thread-3408] INFO  impl.FollowerState (FollowerState.java:run(117)) - d9e6ea44-93db-446f-8020-a94232284285@group-83CFD60236D8-FollowerState was interrupted: java.lang.InterruptedException: sleep interrupted
2019-10-16 22:15:36,505 [grpc-default-executor-18] INFO  impl.RoleInfo (RoleInfo.java:updateAndGet(143)) - d9e6ea44-93db-446f-8020-a94232284285: start FollowerState
2019-10-16 22:15:36,506 [Thread-3409] INFO  impl.FollowerState (FollowerState.java:run(117)) - eec99a0c-e1b1-4518-bc49-9d1a8c8e04d5@group-83CFD60236D8-FollowerState was interrupted: java.lang.InterruptedException: sleep interrupted
2019-10-16 22:15:36,506 [grpc-default-executor-24] INFO  impl.RoleInfo (RoleInfo.java:updateAndGet(143)) - eec99a0c-e1b1-4518-bc49-9d1a8c8e04d5: start FollowerState
2019-10-16 22:15:36,532 [3989452c-7599-4156-9543-3fe544ced0f3@group-83CFD60236D8-LeaderElection383] INFO  impl.LeaderElection (LeaderElection.java:logAndReturn(56)) - 3989452c-7599-4156-9543-3fe544ced0f3@group-83CFD60236D8-LeaderElection383: Election REJECTED; received 2 response(s) [3989452c-7599-4156-9543-3fe544ced0f3<-eec99a0c-e1b1-4518-bc49-9d1a8c8e04d5#0:FAIL-t406, 3989452c-7599-4156-9543-3fe544ced0f3<-d9e6ea44-93db-446f-8020-a94232284285#0:FAIL-t406] and 0 exception(s); 3989452c-7599-4156-9543-3fe544ced0f3@group-83CFD60236D8:t406, leader=null, voted=3989452c-7599-4156-9543-3fe544ced0f3, raftlog=3989452c-7599-4156-9543-3fe544ced0f3@group-83CFD60236D8-SegmentedRaftLog:OPENED:c-1,f-1,i0, conf=-1: [3989452c-7599-4156-9543-3fe544ced0f3:192.168.157.254:36320, eec99a0c-e1b1-4518-bc49-9d1a8c8e04d5:192.168.157.254:45598, d9e6ea44-93db-446f-8020-a94232284285:192.168.157.254:41671], old=null
2019-10-16 22:15:36,532 [3989452c-7599-4156-9543-3fe544ced0f3@group-83CFD60236D8-LeaderElection383] INFO  impl.RaftServerImpl (RaftServerImpl.java:setRole(184)) - 3989452c-7599-4156-9543-3fe544ced0f3@group-83CFD60236D8: changes role from CANDIDATE to FOLLOWER at term 406 for DISCOVERED_A_NEW_TERM
2019-10-16 22:15:36,532 [3989452c-7599-4156-9543-3fe544ced0f3@group-83CFD60236D8-LeaderElection383] INFO  impl.RoleInfo (RoleInfo.java:shutdownLeaderElection(134)) - 3989452c-7599-4156-9543-3fe544ced0f3: shutdown LeaderElection
2019-10-16 22:15:36,532 [3989452c-7599-4156-9543-3fe544ced0f3@group-83CFD60236D8-LeaderElection383] INFO  impl.RoleInfo (RoleInfo.java:updateAndGet(143)) - 3989452c-7599-4156-9543-3fe544ced0f3: start FollowerState
2019-10-16 22:15:36,656 [Thread-3416] INFO  impl.FollowerState (FollowerState.java:run(108)) - 3989452c-7599-4156-9543-3fe544ced0f3@group-83CFD60236D8-FollowerState: change to CANDIDATE, lastRpcTime:123ms, electionTimeout:123ms
2019-10-16 22:15:36,656 [Thread-3416] INFO  impl.RoleInfo (RoleInfo.java:shutdownFollowerState(121)) - 3989452c-7599-4156-9543-3fe544ced0f3: shutdown FollowerState
2019-10-16 22:15:36,656 [Thread-3416] INFO  impl.RaftServerImpl (RaftServerImpl.java:setRole(184)) - 3989452c-7599-4156-9543-3fe544ced0f3@group-83CFD60236D8: changes role from  FOLLOWER to CANDIDATE at term 406 for changeToCandidate
2019-10-16 22:15:36,656 [Thread-3416] INFO  impl.RoleInfo (RoleInfo.java:updateAndGet(143)) - 3989452c-7599-4156-9543-3fe544ced0f3: start LeaderElection
2019-10-16 22:15:36,670 [3989452c-7599-4156-9543-3fe544ced0f3@group-83CFD60236D8-LeaderElection384] INFO  impl.LeaderElection (LeaderElection.java:askForVotes(178)) - 3989452c-7599-4156-9543-3fe544ced0f3@group-83CFD60236D8-LeaderElection384: begin an election at term 407 for -1: [3989452c-7599-4156-9543-3fe544ced0f3:192.168.157.254:36320, eec99a0c-e1b1-4518-bc49-9d1a8c8e04d5:192.168.157.254:45598, d9e6ea44-93db-446f-8020-a94232284285:192.168.157.254:41671], old=null
2019-10-16 22:15:36,671 [grpc-default-executor-24] INFO  impl.RaftServerImpl (RaftServerImpl.java:setRole(184)) - d9e6ea44-93db-446f-8020-a94232284285@group-83CFD60236D8: changes role from  FOLLOWER to FOLLOWER at term 407 for recognizeCandidate:3989452c-7599-4156-9543-3fe544ced0f3
2019-10-16 22:15:36,671 [grpc-default-executor-18] INFO  impl.RaftServerImpl (RaftServerImpl.java:setRole(184)) - eec99a0c-e1b1-4518-bc49-9d1a8c8e04d5@group-83CFD60236D8: changes role from  FOLLOWER to FOLLOWER at term 407 for recognizeCandidate:3989452c-7599-4156-9543-3fe544ced0f3
2019-10-16 22:15:36,671 [grpc-default-executor-24] INFO  impl.RoleInfo (RoleInfo.java:shutdownFollowerState(121)) - d9e6ea44-93db-446f-8020-a94232284285: shutdown FollowerState
2019-10-16 22:15:36,672 [grpc-default-executor-18] INFO  impl.RoleInfo (RoleInfo.java:shutdownFollowerState(121)) - eec99a0c-e1b1-4518-bc49-9d1a8c8e04d5: shutdown FollowerState
2019-10-16 22:15:36,672 [grpc-default-executor-24] INFO  impl.RoleInfo (RoleInfo.java:updateAndGet(143)) - d9e6ea44-93db-446f-8020-a94232284285: start FollowerState
2019-10-16 22:15:36,672 [Thread-3415] INFO  impl.FollowerState (FollowerState.java:run(117)) - eec99a0c-e1b1-4518-bc49-9d1a8c8e04d5@group-83CFD60236D8-FollowerState was interrupted: java.lang.InterruptedException: sleep interrupted
2019-10-16 22:15:36,672 [grpc-default-executor-18] INFO  impl.RoleInfo (RoleInfo.java:updateAndGet(143)) - eec99a0c-e1b1-4518-bc49-9d1a8c8e04d5: start FollowerState
2019-10-16 22:15:36,672 [Thread-3414] INFO  impl.FollowerState (FollowerState.java:run(117)) - d9e6ea44-93db-446f-8020-a94232284285@group-83CFD60236D8-FollowerState was interrupted: java.lang.InterruptedException: sleep interrupted
2019-10-16 22:15:36,697 [3989452c-7599-4156-9543-3fe544ced0f3@group-83CFD60236D8-LeaderElection384] INFO  impl.LeaderElection (LeaderElection.java:logAndReturn(56)) - 3989452c-7599-4156-9543-3fe544ced0f3@group-83CFD60236D8-LeaderElection384: Election REJECTED; received 2 response(s) [3989452c-7599-4156-9543-3fe544ced0f3<-eec99a0c-e1b1-4518-bc49-9d1a8c8e04d5#0:FAIL-t407, 3989452c-7599-4156-9543-3fe544ced0f3<-d9e6ea44-93db-446f-8020-a94232284285#0:FAIL-t407] and 0 exception(s); 3989452c-7599-4156-9543-3fe544ced0f3@group-83CFD60236D8:t407, leader=null, voted=3989452c-7599-4156-9543-3fe544ced0f3, raftlog=3989452c-7599-4156-9543-3fe544ced0f3@group-83CFD60236D8-SegmentedRaftLog:OPENED:c-1,f-1,i0, conf=-1: [3989452c-7599-4156-9543-3fe544ced0f3:192.168.157.254:36320, eec99a0c-e1b1-4518-bc49-9d1a8c8e04d5:192.168.157.254:45598, d9e6ea44-93db-446f-8020-a94232284285:192.168.157.254:41671], old=null
2019-10-16 22:15:36,697 [3989452c-7599-4156-9543-3fe544ced0f3@group-83CFD60236D8-LeaderElection384] INFO  impl.RaftServerImpl (RaftServerImpl.java:setRole(184)) - 3989452c-7599-4156-9543-3fe544ced0f3@group-83CFD60236D8: changes role from CANDIDATE to FOLLOWER at term 407 for DISCOVERED_A_NEW_TERM
2019-10-16 22:15:36,698 [3989452c-7599-4156-9543-3fe544ced0f3@group-83CFD60236D8-LeaderElection384] INFO  impl.RoleInfo (RoleInfo.java:shutdownLeaderElection(134)) - 3989452c-7599-4156-9543-3fe544ced0f3: shutdown LeaderElection
2019-10-16 22:15:36,698 [3989452c-7599-4156-9543-3fe544ced0f3@group-83CFD60236D8-LeaderElection384] INFO  impl.RoleInfo (RoleInfo.java:updateAndGet(143)) - 3989452c-7599-4156-9543-3fe544ced0f3: start FollowerState
2019-10-16 22:15:36,739 [Thread-3422] INFO  impl.FollowerState (FollowerState.java:run(108)) - 3989452c-7599-4156-9543-3fe544ced0f3@group-83CFD60236D8-FollowerState: change to CANDIDATE, lastRpcTime:41ms, electionTimeout:41ms
2019-10-16 22:15:36,739 [Thread-3422] INFO  impl.RoleInfo (RoleInfo.java:shutdownFollowerState(121)) - 3989452c-7599-4156-9543-3fe544ced0f3: shutdown FollowerState
2019-10-16 22:15:36,739 [Thread-3422] INFO  impl.RaftServerImpl (RaftServerImpl.java:setRole(184)) - 3989452c-7599-4156-9543-3fe544ced0f3@group-83CFD60236D8: changes role from  FOLLOWER to CANDIDATE at term 407 for changeToCandidate
2019-10-16 22:15:36,739 [Thread-3422] INFO  impl.RoleInfo (RoleInfo.java:updateAndGet(143)) - 3989452c-7599-4156-9543-3fe544ced0f3: start LeaderElection
2019-10-16 22:15:36,754 [3989452c-7599-4156-9543-3fe544ced0f3@group-83CFD60236D8-LeaderElection385] INFO  impl.LeaderElection (LeaderElection.java:askForVotes(178)) - 3989452c-7599-4156-9543-3fe544ced0f3@group-83CFD60236D8-LeaderElection385: begin an election at term 408 for -1: [3989452c-7599-4156-9543-3fe544ced0f3:192.168.157.254:36320, eec99a0c-e1b1-4518-bc49-9d1a8c8e04d5:192.168.157.254:45598, d9e6ea44-93db-446f-8020-a94232284285:192.168.157.254:41671], old=null
2019-10-16 22:15:36,755 [grpc-default-executor-24] INFO  impl.RaftServerImpl (RaftServerImpl.java:setRole(184)) - d9e6ea44-93db-446f-8020-a94232284285@group-83CFD60236D8: changes role from  FOLLOWER to FOLLOWER at term 408 for recognizeCandidate:3989452c-7599-4156-9543-3fe544ced0f3
2019-10-16 22:15:36,755 [grpc-default-executor-18] INFO  impl.RaftServerImpl (RaftServerImpl.java:setRole(184)) - eec99a0c-e1b1-4518-bc49-9d1a8c8e04d5@group-83CFD60236D8: changes role from  FOLLOWER to FOLLOWER at term 408 for recognizeCandidate:3989452c-7599-4156-9543-3fe544ced0f3
2019-10-16 22:15:36,756 [grpc-default-executor-24] INFO  impl.RoleInfo (RoleInfo.java:shutdownFollowerState(121)) - d9e6ea44-93db-446f-8020-a94232284285: shutdown FollowerState
2019-10-16 22:15:36,756 [grpc-default-executor-18] INFO  impl.RoleInfo (RoleInfo.java:shutdownFollowerState(121)) - eec99a0c-e1b1-4518-bc49-9d1a8c8e04d5: shutdown FollowerState
2019-10-16 22:15:36,756 [Thread-3420] INFO  impl.FollowerState (FollowerState.java:run(117)) - d9e6ea44-93db-446f-8020-a94232284285@group-83CFD60236D8-FollowerState was interrupted: java.lang.InterruptedException: sleep interrupted
2019-10-16 22:15:36,756 [grpc-default-executor-24] INFO  impl.RoleInfo (RoleInfo.java:updateAndGet(143)) - d9e6ea44-93db-446f-8020-a94232284285: start FollowerState
2019-10-16 22:15:36,756 [Thread-3421] INFO  impl.FollowerState (FollowerState.java:run(117)) - eec99a0c-e1b1-4518-bc49-9d1a8c8e04d5@group-83CFD60236D8-FollowerState was interrupted: java.lang.InterruptedException: sleep interrupted
2019-10-16 22:15:36,756 [grpc-default-executor-18] INFO  impl.RoleInfo (RoleInfo.java:updateAndGet(143)) - eec99a0c-e1b1-4518-bc49-9d1a8c8e04d5: start FollowerState
2019-10-16 22:15:36,769 [3989452c-7599-4156-9543-3fe544ced0f3@group-83CFD60236D8-LeaderElection385] INFO  impl.LeaderElection (LeaderElection.java:logAndReturn(56)) - 3989452c-7599-4156-9543-3fe544ced0f3@group-83CFD60236D8-LeaderElection385: Election REJECTED; received 2 response(s) [3989452c-7599-4156-9543-3fe544ced0f3<-eec99a0c-e1b1-4518-bc49-9d1a8c8e04d5#0:FAIL-t408, 3989452c-7599-4156-9543-3fe544ced0f3<-d9e6ea44-93db-446f-8020-a94232284285#0:FAIL-t408] and 0 exception(s); 3989452c-7599-4156-9543-3fe544ced0f3@group-83CFD60236D8:t408, leader=null, voted=3989452c-7599-4156-9543-3fe544ced0f3, raftlog=3989452c-7599-4156-9543-3fe544ced0f3@group-83CFD60236D8-SegmentedRaftLog:OPENED:c-1,f-1,i0, conf=-1: [3989452c-7599-4156-9543-3fe544ced0f3:192.168.157.254:36320, eec99a0c-e1b1-4518-bc49-9d1a8c8e04d5:192.168.157.254:45598, d9e6ea44-93db-446f-8020-a94232284285:192.168.157.254:41671], old=null
2019-10-16 22:15:36,769 [3989452c-7599-4156-9543-3fe544ced0f3@group-83CFD60236D8-LeaderElection385] INFO  impl.RaftServerImpl (RaftServerImpl.java:setRole(184)) - 3989452c-7599-4156-9543-3fe544ced0f3@group-83CFD60236D8: changes role from CANDIDATE to FOLLOWER at term 408 for DISCOVERED_A_NEW_TERM
2019-10-16 22:15:36,769 [3989452c-7599-4156-9543-3fe544ced0f3@group-83CFD60236D8-LeaderElection385] INFO  impl.RoleInfo (RoleInfo.java:shutdownLeaderElection(134)) - 3989452c-7599-4156-9543-3fe544ced0f3: shutdown LeaderElection
2019-10-16 22:15:36,770 [3989452c-7599-4156-9543-3fe544ced0f3@group-83CFD60236D8-LeaderElection385] INFO  impl.RoleInfo (RoleInfo.java:updateAndGet(143)) - 3989452c-7599-4156-9543-3fe544ced0f3: start FollowerState
2019-10-16 22:15:36,956 [Thread-3428] INFO  impl.FollowerState (FollowerState.java:run(108)) - 3989452c-7599-4156-9543-3fe544ced0f3@group-83CFD60236D8-FollowerState: change to CANDIDATE, lastRpcTime:186ms, electionTimeout:186ms
2019-10-16 22:15:36,956 [Thread-3428] INFO  impl.RoleInfo (RoleInfo.java:shutdownFollowerState(121)) - 3989452c-7599-4156-9543-3fe544ced0f3: shutdown FollowerState
2019-10-16 22:15:36,956 [Thread-3428] INFO  impl.RaftServerImpl (RaftServerImpl.java:setRole(184)) - 3989452c-7599-4156-9543-3fe544ced0f3@group-83CFD60236D8: changes role from  FOLLOWER to CANDIDATE at term 408 for changeToCandidate
2019-10-16 22:15:36,956 [Thread-3428] INFO  impl.RoleInfo (RoleInfo.java:updateAndGet(143)) - 3989452c-7599-4156-9543-3fe544ced0f3: start LeaderElection
2019-10-16 22:15:36,970 [3989452c-7599-4156-9543-3fe544ced0f3@group-83CFD60236D8-LeaderElection386] INFO  impl.LeaderElection (LeaderElection.java:askForVotes(178)) - 3989452c-7599-4156-9543-3fe544ced0f3@group-83CFD60236D8-LeaderElection386: begin an election at term 409 for -1: [3989452c-7599-4156-9543-3fe544ced0f3:192.168.157.254:36320, eec99a0c-e1b1-4518-bc49-9d1a8c8e04d5:192.168.157.254:45598, d9e6ea44-93db-446f-8020-a94232284285:192.168.157.254:41671], old=null
2019-10-16 22:15:36,972 [grpc-default-executor-18] INFO  impl.RaftServerImpl (RaftServerImpl.java:setRole(184)) - d9e6ea44-93db-446f-8020-a94232284285@group-83CFD60236D8: changes role from  FOLLOWER to FOLLOWER at term 409 for recognizeCandidate:3989452c-7599-4156-9543-3fe544ced0f3
2019-10-16 22:15:36,972 [grpc-default-executor-24] INFO  impl.RaftServerImpl (RaftServerImpl.java:setRole(184)) - eec99a0c-e1b1-4518-bc49-9d1a8c8e04d5@group-83CFD60236D8: changes role from  FOLLOWER to FOLLOWER at term 409 for recognizeCandidate:3989452c-7599-4156-9543-3fe544ced0f3
2019-10-16 22:15:36,973 [grpc-default-executor-24] INFO  impl.RoleInfo (RoleInfo.java:shutdownFollowerState(121)) - eec99a0c-e1b1-4518-bc49-9d1a8c8e04d5: shutdown FollowerState
2019-10-16 22:15:36,972 [grpc-default-executor-18] INFO  impl.RoleInfo (RoleInfo.java:shutdownFollowerState(121)) - d9e6ea44-93db-446f-8020-a94232284285: shutdown FollowerState
2019-10-16 22:15:36,973 [Thread-3427] INFO  impl.FollowerState (FollowerState.java:run(117)) - eec99a0c-e1b1-4518-bc49-9d1a8c8e04d5@group-83CFD60236D8-FollowerState was interrupted: java.lang.InterruptedException: sleep interrupted
2019-10-16 22:15:36,973 [grpc-default-executor-24] INFO  impl.RoleInfo (RoleInfo.java:updateAndGet(143)) - eec99a0c-e1b1-4518-bc49-9d1a8c8e04d5: start FollowerState
2019-10-16 22:15:36,973 [Thread-3426] INFO  impl.FollowerState (FollowerState.java:run(117)) - d9e6ea44-93db-446f-8020-a94232284285@group-83CFD60236D8-FollowerState was interrupted: java.lang.InterruptedException: sleep interrupted
2019-10-16 22:15:36,973 [grpc-default-executor-18] INFO  impl.RoleInfo (RoleInfo.java:updateAndGet(143)) - d9e6ea44-93db-446f-8020-a94232284285: start FollowerState
2019-10-16 22:15:36,999 [3989452c-7599-4156-9543-3fe544ced0f3@group-83CFD60236D8-LeaderElection386] INFO  impl.LeaderElection (LeaderElection.java:logAndReturn(56)) - 3989452c-7599-4156-9543-3fe544ced0f3@group-83CFD60236D8-LeaderElection386: Election REJECTED; received 2 response(s) [3989452c-7599-4156-9543-3fe544ced0f3<-eec99a0c-e1b1-4518-bc49-9d1a8c8e04d5#0:FAIL-t409, 3989452c-7599-4156-9543-3fe544ced0f3<-d9e6ea44-93db-446f-8020-a94232284285#0:FAIL-t409] and 0 exception(s); 3989452c-7599-4156-9543-3fe544ced0f3@group-83CFD60236D8:t409, leader=null, voted=3989452c-7599-4156-9543-3fe544ced0f3, raftlog=3989452c-7599-4156-9543-3fe544ced0f3@group-83CFD60236D8-SegmentedRaftLog:OPENED:c-1,f-1,i0, conf=-1: [3989452c-7599-4156-9543-3fe544ced0f3:192.168.157.254:36320, eec99a0c-e1b1-4518-bc49-9d1a8c8e04d5:192.168.157.254:45598, d9e6ea44-93db-446f-8020-a94232284285:192.168.157.254:41671], old=null
2019-10-16 22:15:36,999 [3989452c-7599-4156-9543-3fe544ced0f3@group-83CFD60236D8-LeaderElection386] INFO  impl.RaftServerImpl (RaftServerImpl.java:setRole(184)) - 3989452c-7599-4156-9543-3fe544ced0f3@group-83CFD60236D8: changes role from CANDIDATE to FOLLOWER at term 409 for DISCOVERED_A_NEW_TERM
2019-10-16 22:15:36,999 [3989452c-7599-4156-9543-3fe544ced0f3@group-83CFD60236D8-LeaderElection386] INFO  impl.RoleInfo (RoleInfo.java:shutdownLeaderElection(134)) - 3989452c-7599-4156-9543-3fe544ced0f3: shutdown LeaderElection
2019-10-16 22:15:36,999 [3989452c-7599-4156-9543-3fe544ced0f3@group-83CFD60236D8-LeaderElection386] INFO  impl.RoleInfo (RoleInfo.java:updateAndGet(143)) - 3989452c-7599-4156-9543-3fe544ced0f3: start FollowerState
2019-10-16 22:15:37,034 [Thread-3434] INFO  impl.FollowerState (FollowerState.java:run(108)) - 3989452c-7599-4156-9543-3fe544ced0f3@group-83CFD60236D8-FollowerState: change to CANDIDATE, lastRpcTime:34ms, electionTimeout:34ms
2019-10-16 22:15:37,034 [Thread-3434] INFO  impl.RoleInfo (RoleInfo.java:shutdownFollowerState(121)) - 3989452c-7599-4156-9543-3fe544ced0f3: shutdown FollowerState
2019-10-16 22:15:37,034 [Thread-3434] INFO  impl.RaftServerImpl (RaftServerImpl.java:setRole(184)) - 3989452c-7599-4156-9543-3fe544ced0f3@group-83CFD60236D8: changes role from  FOLLOWER to CANDIDATE at term 409 for changeToCandidate
2019-10-16 22:15:37,034 [Thread-3434] INFO  impl.RoleInfo (RoleInfo.java:updateAndGet(143)) - 3989452c-7599-4156-9543-3fe544ced0f3: start LeaderElection
2019-10-16 22:15:37,060 [3989452c-7599-4156-9543-3fe544ced0f3@group-83CFD60236D8-LeaderElection387] INFO  impl.LeaderElection (LeaderElection.java:askForVotes(178)) - 3989452c-7599-4156-9543-3fe544ced0f3@group-83CFD60236D8-LeaderElection387: begin an election at term 410 for -1: [3989452c-7599-4156-9543-3fe544ced0f3:192.168.157.254:36320, eec99a0c-e1b1-4518-bc49-9d1a8c8e04d5:192.168.157.254:45598, d9e6ea44-93db-446f-8020-a94232284285:192.168.157.254:41671], old=null
2019-10-16 22:15:37,062 [grpc-default-executor-24] INFO  impl.RaftServerImpl (RaftServerImpl.java:setRole(184)) - eec99a0c-e1b1-4518-bc49-9d1a8c8e04d5@group-83CFD60236D8: changes role from  FOLLOWER to FOLLOWER at term 410 for recognizeCandidate:3989452c-7599-4156-9543-3fe544ced0f3
2019-10-16 22:15:37,062 [grpc-default-executor-24] INFO  impl.RoleInfo (RoleInfo.java:shutdownFollowerState(121)) - eec99a0c-e1b1-4518-bc49-9d1a8c8e04d5: shutdown FollowerState
2019-10-16 22:15:37,062 [grpc-default-executor-18] INFO  impl.RaftServerImpl (RaftServerImpl.java:setRole(184)) - d9e6ea44-93db-446f-8020-a94232284285@group-83CFD60236D8: changes role from  FOLLOWER to FOLLOWER at term 410 for recognizeCandidate:3989452c-7599-4156-9543-3fe544ced0f3
2019-10-16 22:15:37,062 [Thread-3432] INFO  impl.FollowerState (FollowerState.java:run(117)) - eec99a0c-e1b1-4518-bc49-9d1a8c8e04d5@group-83CFD60236D8-FollowerState was interrupted: java.lang.InterruptedException: sleep interrupted
2019-10-16 22:15:37,062 [grpc-default-executor-24] INFO  impl.RoleInfo (RoleInfo.java:updateAndGet(143)) - eec99a0c-e1b1-4518-bc49-9d1a8c8e04d5: start FollowerState
2019-10-16 22:15:37,062 [grpc-default-executor-18] INFO  impl.RoleInfo (RoleInfo.java:shutdownFollowerState(121)) - d9e6ea44-93db-446f-8020-a94232284285: shutdown FollowerState
2019-10-16 22:15:37,063 [grpc-default-executor-18] INFO  impl.RoleInfo (RoleInfo.java:updateAndGet(143)) - d9e6ea44-93db-446f-8020-a94232284285: start FollowerState
2019-10-16 22:15:37,063 [Thread-3433] INFO  impl.FollowerState (FollowerState.java:run(117)) - d9e6ea44-93db-446f-8020-a94232284285@group-83CFD60236D8-FollowerState was interrupted: java.lang.InterruptedException: sleep interrupted
2019-10-16 22:15:37,100 [3989452c-7599-4156-9543-3fe544ced0f3@group-83CFD60236D8-LeaderElection387] INFO  impl.LeaderElection (LeaderElection.java:logAndReturn(56)) - 3989452c-7599-4156-9543-3fe544ced0f3@group-83CFD60236D8-LeaderElection387: Election REJECTED; received 2 response(s) [3989452c-7599-4156-9543-3fe544ced0f3<-eec99a0c-e1b1-4518-bc49-9d1a8c8e04d5#0:FAIL-t410, 3989452c-7599-4156-9543-3fe544ced0f3<-d9e6ea44-93db-446f-8020-a94232284285#0:FAIL-t410] and 0 exception(s); 3989452c-7599-4156-9543-3fe544ced0f3@group-83CFD60236D8:t410, leader=null, voted=3989452c-7599-4156-9543-3fe544ced0f3, raftlog=3989452c-7599-4156-9543-3fe544ced0f3@group-83CFD60236D8-SegmentedRaftLog:OPENED:c-1,f-1,i0, conf=-1: [3989452c-7599-4156-9543-3fe544ced0f3:192.168.157.254:36320, eec99a0c-e1b1-4518-bc49-9d1a8c8e04d5:192.168.157.254:45598, d9e6ea44-93db-446f-8020-a94232284285:192.168.157.254:41671], old=null
2019-10-16 22:15:37,101 [3989452c-7599-4156-9543-3fe544ced0f3@group-83CFD60236D8-LeaderElection387] INFO  impl.RaftServerImpl (RaftServerImpl.java:setRole(184)) - 3989452c-7599-4156-9543-3fe544ced0f3@group-83CFD60236D8: changes role from CANDIDATE to FOLLOWER at term 410 for DISCOVERED_A_NEW_TERM
2019-10-16 22:15:37,101 [3989452c-7599-4156-9543-3fe544ced0f3@group-83CFD60236D8-LeaderElection387] INFO  impl.RoleInfo (RoleInfo.java:shutdownLeaderElection(134)) - 3989452c-7599-4156-9543-3fe544ced0f3: shutdown LeaderElection
2019-10-16 22:15:37,101 [3989452c-7599-4156-9543-3fe544ced0f3@group-83CFD60236D8-LeaderElection387] INFO  impl.RoleInfo (RoleInfo.java:updateAndGet(143)) - 3989452c-7599-4156-9543-3fe544ced0f3: start FollowerState
 0.00% |?                                                                                                    |  0/1 Time: 0:00:032019-10-16 22:15:37,293 [Thread-3440] INFO  impl.FollowerState (FollowerState.java:run(108)) - 3989452c-7599-4156-9543-3fe544ced0f3@group-83CFD60236D8-FollowerState: change to CANDIDATE, lastRpcTime:192ms, electionTimeout:192ms
2019-10-16 22:15:37,293 [Thread-3440] INFO  impl.RoleInfo (RoleInfo.java:shutdownFollowerState(121)) - 3989452c-7599-4156-9543-3fe544ced0f3: shutdown FollowerState
2019-10-16 22:15:37,294 [Thread-3440] INFO  impl.RaftServerImpl (RaftServerImpl.java:setRole(184)) - 3989452c-7599-4156-9543-3fe544ced0f3@group-83CFD60236D8: changes role from  FOLLOWER to CANDIDATE at term 410 for changeToCandidate
2019-10-16 22:15:37,294 [Thread-3440] INFO  impl.RoleInfo (RoleInfo.java:updateAndGet(143)) - 3989452c-7599-4156-9543-3fe544ced0f3: start LeaderElection
2019-10-16 22:15:37,309 [3989452c-7599-4156-9543-3fe544ced0f3@group-83CFD60236D8-LeaderElection388] INFO  impl.LeaderElection (LeaderElection.java:askForVotes(178)) - 3989452c-7599-4156-9543-3fe544ced0f3@group-83CFD60236D8-LeaderElection388: begin an election at term 411 for -1: [3989452c-7599-4156-9543-3fe544ced0f3:192.168.157.254:36320, eec99a0c-e1b1-4518-bc49-9d1a8c8e04d5:192.168.157.254:45598, d9e6ea44-93db-446f-8020-a94232284285:192.168.157.254:41671], old=null
2019-10-16 22:15:37,311 [grpc-default-executor-18] INFO  impl.RaftServerImpl (RaftServerImpl.java:setRole(184)) - eec99a0c-e1b1-4518-bc49-9d1a8c8e04d5@group-83CFD60236D8: changes role from  FOLLOWER to FOLLOWER at term 411 for recognizeCandidate:3989452c-7599-4156-9543-3fe544ced0f3
2019-10-16 22:15:37,311 [grpc-default-executor-24] INFO  impl.RaftServerImpl (RaftServerImpl.java:setRole(184)) - d9e6ea44-93db-446f-8020-a94232284285@group-83CFD60236D8: changes role from  FOLLOWER to FOLLOWER at term 411 for recognizeCandidate:3989452c-7599-4156-9543-3fe544ced0f3
2019-10-16 22:15:37,311 [grpc-default-executor-18] INFO  impl.RoleInfo (RoleInfo.java:shutdownFollowerState(121)) - eec99a0c-e1b1-4518-bc49-9d1a8c8e04d5: shutdown FollowerState
2019-10-16 22:15:37,311 [grpc-default-executor-24] INFO  impl.RoleInfo (RoleInfo.java:shutdownFollowerState(121)) - d9e6ea44-93db-446f-8020-a94232284285: shutdown FollowerState
2019-10-16 22:15:37,311 [Thread-3438] INFO  impl.FollowerState (FollowerState.java:run(117)) - eec99a0c-e1b1-4518-bc49-9d1a8c8e04d5@group-83CFD60236D8-FollowerState was interrupted: java.lang.InterruptedException: sleep interrupted
2019-10-16 22:15:37,311 [grpc-default-executor-18] INFO  impl.RoleInfo (RoleInfo.java:updateAndGet(143)) - eec99a0c-e1b1-4518-bc49-9d1a8c8e04d5: start FollowerState
2019-10-16 22:15:37,311 [Thread-3439] INFO  impl.FollowerState (FollowerState.java:run(117)) - d9e6ea44-93db-446f-8020-a94232284285@group-83CFD60236D8-FollowerState was interrupted: java.lang.InterruptedException: sleep interrupted
2019-10-16 22:15:37,311 [grpc-default-executor-24] INFO  impl.RoleInfo (RoleInfo.java:updateAndGet(143)) - d9e6ea44-93db-446f-8020-a94232284285: start FollowerState
2019-10-16 22:15:37,325 [3989452c-7599-4156-9543-3fe544ced0f3@group-83CFD60236D8-LeaderElection388] INFO  impl.LeaderElection (LeaderElection.java:logAndReturn(56)) - 3989452c-7599-4156-9543-3fe544ced0f3@group-83CFD60236D8-LeaderElection388: Election REJECTED; received 2 response(s) [3989452c-7599-4156-9543-3fe544ced0f3<-eec99a0c-e1b1-4518-bc49-9d1a8c8e04d5#0:FAIL-t411, 3989452c-7599-4156-9543-3fe544ced0f3<-d9e6ea44-93db-446f-8020-a94232284285#0:FAIL-t411] and 0 exception(s); 3989452c-7599-4156-9543-3fe544ced0f3@group-83CFD60236D8:t411, leader=null, voted=3989452c-7599-4156-9543-3fe544ced0f3, raftlog=3989452c-7599-4156-9543-3fe544ced0f3@group-83CFD60236D8-SegmentedRaftLog:OPENED:c-1,f-1,i0, conf=-1: [3989452c-7599-4156-9543-3fe544ced0f3:192.168.157.254:36320, eec99a0c-e1b1-4518-bc49-9d1a8c8e04d5:192.168.157.254:45598, d9e6ea44-93db-446f-8020-a94232284285:192.168.157.254:41671], old=null
2019-10-16 22:15:37,326 [3989452c-7599-4156-9543-3fe544ced0f3@group-83CFD60236D8-LeaderElection388] INFO  impl.RaftServerImpl (RaftServerImpl.java:setRole(184)) - 3989452c-7599-4156-9543-3fe544ced0f3@group-83CFD60236D8: changes role from CANDIDATE to FOLLOWER at term 411 for DISCOVERED_A_NEW_TERM
2019-10-16 22:15:37,326 [3989452c-7599-4156-9543-3fe544ced0f3@group-83CFD60236D8-LeaderElection388] INFO  impl.RoleInfo (RoleInfo.java:shutdownLeaderElection(134)) - 3989452c-7599-4156-9543-3fe544ced0f3: shutdown LeaderElection
2019-10-16 22:15:37,326 [3989452c-7599-4156-9543-3fe544ced0f3@group-83CFD60236D8-LeaderElection388] INFO  impl.RoleInfo (RoleInfo.java:updateAndGet(143)) - 3989452c-7599-4156-9543-3fe544ced0f3: start FollowerState
2019-10-16 22:15:37,394 [Thread-3446] INFO  impl.FollowerState (FollowerState.java:run(108)) - 3989452c-7599-4156-9543-3fe544ced0f3@group-83CFD60236D8-FollowerState: change to CANDIDATE, lastRpcTime:68ms, electionTimeout:68ms
2019-10-16 22:15:37,394 [Thread-3446] INFO  impl.RoleInfo (RoleInfo.java:shutdownFollowerState(121)) - 3989452c-7599-4156-9543-3fe544ced0f3: shutdown FollowerState
2019-10-16 22:15:37,395 [Thread-3446] INFO  impl.RaftServerImpl (RaftServerImpl.java:setRole(184)) - 3989452c-7599-4156-9543-3fe544ced0f3@group-83CFD60236D8: changes role from  FOLLOWER to CANDIDATE at term 411 for changeToCandidate
2019-10-16 22:15:37,395 [Thread-3446] INFO  impl.RoleInfo (RoleInfo.java:updateAndGet(143)) - 3989452c-7599-4156-9543-3fe544ced0f3: start LeaderElection
2019-10-16 22:15:37,421 [3989452c-7599-4156-9543-3fe544ced0f3@group-83CFD60236D8-LeaderElection389] INFO  impl.LeaderElection (LeaderElection.java:askForVotes(178)) - 3989452c-7599-4156-9543-3fe544ced0f3@group-83CFD60236D8-LeaderElection389: begin an election at term 412 for -1: [3989452c-7599-4156-9543-3fe544ced0f3:192.168.157.254:36320, eec99a0c-e1b1-4518-bc49-9d1a8c8e04d5:192.168.157.254:45598, d9e6ea44-93db-446f-8020-a94232284285:192.168.157.254:41671], old=null
2019-10-16 22:15:37,422 [grpc-default-executor-24] INFO  impl.RaftServerImpl (RaftServerImpl.java:setRole(184)) - eec99a0c-e1b1-4518-bc49-9d1a8c8e04d5@group-83CFD60236D8: changes role from  FOLLOWER to FOLLOWER at term 412 for recognizeCandidate:3989452c-7599-4156-9543-3fe544ced0f3
2019-10-16 22:15:37,423 [grpc-default-executor-24] INFO  impl.RoleInfo (RoleInfo.java:shutdownFollowerState(121)) - eec99a0c-e1b1-4518-bc49-9d1a8c8e04d5: shutdown FollowerState
2019-10-16 22:15:37,423 [grpc-default-executor-24] INFO  impl.RoleInfo (RoleInfo.java:updateAndGet(143)) - eec99a0c-e1b1-4518-bc49-9d1a8c8e04d5: start FollowerState
2019-10-16 22:15:37,423 [Thread-3444] INFO  impl.FollowerState (FollowerState.java:run(117)) - eec99a0c-e1b1-4518-bc49-9d1a8c8e04d5@group-83CFD60236D8-FollowerState was interrupted: java.lang.InterruptedException: sleep interrupted
2019-10-16 22:15:37,423 [grpc-default-executor-18] INFO  impl.RaftServerImpl (RaftServerImpl.java:setRole(184)) - d9e6ea44-93db-446f-8020-a94232284285@group-83CFD60236D8: changes role from  FOLLOWER to FOLLOWER at term 412 for recognizeCandidate:3989452c-7599-4156-9543-3fe544ced0f3
2019-10-16 22:15:37,423 [grpc-default-executor-18] INFO  impl.RoleInfo (RoleInfo.java:shutdownFollowerState(121)) - d9e6ea44-93db-446f-8020-a94232284285: shutdown FollowerState
2019-10-16 22:15:37,423 [grpc-default-executor-18] INFO  impl.RoleInfo (RoleInfo.java:updateAndGet(143)) - d9e6ea44-93db-446f-8020-a94232284285: start FollowerState
2019-10-16 22:15:37,423 [Thread-3445] INFO  impl.FollowerState (FollowerState.java:run(117)) - d9e6ea44-93db-446f-8020-a94232284285@group-83CFD60236D8-FollowerState was interrupted: java.lang.InterruptedException: sleep interrupted
2019-10-16 22:15:37,438 [3989452c-7599-4156-9543-3fe544ced0f3@group-83CFD60236D8-LeaderElection389] INFO  impl.LeaderElection (LeaderElection.java:logAndReturn(56)) - 3989452c-7599-4156-9543-3fe544ced0f3@group-83CFD60236D8-LeaderElection389: Election REJECTED; received 2 response(s) [3989452c-7599-4156-9543-3fe544ced0f3<-eec99a0c-e1b1-4518-bc49-9d1a8c8e04d5#0:FAIL-t412, 3989452c-7599-4156-9543-3fe544ced0f3<-d9e6ea44-93db-446f-8020-a94232284285#0:FAIL-t412] and 0 exception(s); 3989452c-7599-4156-9543-3fe544ced0f3@group-83CFD60236D8:t412, leader=null, voted=3989452c-7599-4156-9543-3fe544ced0f3, raftlog=3989452c-7599-4156-9543-3fe544ced0f3@group-83CFD60236D8-SegmentedRaftLog:OPENED:c-1,f-1,i0, conf=-1: [3989452c-7599-4156-9543-3fe544ced0f3:192.168.157.254:36320, eec99a0c-e1b1-4518-bc49-9d1a8c8e04d5:192.168.157.254:45598, d9e6ea44-93db-446f-8020-a94232284285:192.168.157.254:41671], old=null
2019-10-16 22:15:37,438 [3989452c-7599-4156-9543-3fe544ced0f3@group-83CFD60236D8-LeaderElection389] INFO  impl.RaftServerImpl (RaftServerImpl.java:setRole(184)) - 3989452c-7599-4156-9543-3fe544ced0f3@group-83CFD60236D8: changes role from CANDIDATE to FOLLOWER at term 412 for DISCOVERED_A_NEW_TERM
2019-10-16 22:15:37,438 [3989452c-7599-4156-9543-3fe544ced0f3@group-83CFD60236D8-LeaderElection389] INFO  impl.RoleInfo (RoleInfo.java:shutdownLeaderElection(134)) - 3989452c-7599-4156-9543-3fe544ced0f3: shutdown LeaderElection
2019-10-16 22:15:37,438 [3989452c-7599-4156-9543-3fe544ced0f3@group-83CFD60236D8-LeaderElection389] INFO  impl.RoleInfo (RoleInfo.java:updateAndGet(143)) - 3989452c-7599-4156-9543-3fe544ced0f3: start FollowerState
2019-10-16 22:15:37,597 [Thread-3452] INFO  impl.FollowerState (FollowerState.java:run(108)) - 3989452c-7599-4156-9543-3fe544ced0f3@group-83CFD60236D8-FollowerState: change to CANDIDATE, lastRpcTime:158ms, electionTimeout:158ms
2019-10-16 22:15:37,597 [Thread-3452] INFO  impl.RoleInfo (RoleInfo.java:shutdownFollowerState(121)) - 3989452c-7599-4156-9543-3fe544ced0f3: shutdown FollowerState
2019-10-16 22:15:37,597 [Thread-3452] INFO  impl.RaftServerImpl (RaftServerImpl.java:setRole(184)) - 3989452c-7599-4156-9543-3fe544ced0f3@group-83CFD60236D8: changes role from  FOLLOWER to CANDIDATE at term 412 for changeToCandidate
2019-10-16 22:15:37,597 [Thread-3452] INFO  impl.RoleInfo (RoleInfo.java:updateAndGet(143)) - 3989452c-7599-4156-9543-3fe544ced0f3: start LeaderElection
2019-10-16 22:15:37,612 [3989452c-7599-4156-9543-3fe544ced0f3@group-83CFD60236D8-LeaderElection390] INFO  impl.LeaderElection (LeaderElection.java:askForVotes(178)) - 3989452c-7599-4156-9543-3fe544ced0f3@group-83CFD60236D8-LeaderElection390: begin an election at term 413 for -1: [3989452c-7599-4156-9543-3fe544ced0f3:192.168.157.254:36320, eec99a0c-e1b1-4518-bc49-9d1a8c8e04d5:192.168.157.254:45598, d9e6ea44-93db-446f-8020-a94232284285:192.168.157.254:41671], old=null
2019-10-16 22:15:37,614 [grpc-default-executor-24] INFO  impl.RaftServerImpl (RaftServerImpl.java:setRole(184)) - eec99a0c-e1b1-4518-bc49-9d1a8c8e04d5@group-83CFD60236D8: changes role from  FOLLOWER to FOLLOWER at term 413 for recognizeCandidate:3989452c-7599-4156-9543-3fe544ced0f3
2019-10-16 22:15:37,614 [grpc-default-executor-18] INFO  impl.RaftServerImpl (RaftServerImpl.java:setRole(184)) - d9e6ea44-93db-446f-8020-a94232284285@group-83CFD60236D8: changes role from  FOLLOWER to FOLLOWER at term 413 for recognizeCandidate:3989452c-7599-4156-9543-3fe544ced0f3
2019-10-16 22:15:37,614 [grpc-default-executor-24] INFO  impl.RoleInfo (RoleInfo.java:shutdownFollowerState(121)) - eec99a0c-e1b1-4518-bc49-9d1a8c8e04d5: shutdown FollowerState
2019-10-16 22:15:37,614 [grpc-default-executor-18] INFO  impl.RoleInfo (RoleInfo.java:shutdownFollowerState(121)) - d9e6ea44-93db-446f-8020-a94232284285: shutdown FollowerState
2019-10-16 22:15:37,614 [grpc-default-executor-24] INFO  impl.RoleInfo (RoleInfo.java:updateAndGet(143)) - eec99a0c-e1b1-4518-bc49-9d1a8c8e04d5: start FollowerState
2019-10-16 22:15:37,615 [Thread-3451] INFO  impl.FollowerState (FollowerState.java:run(117)) - d9e6ea44-93db-446f-8020-a94232284285@group-83CFD60236D8-FollowerState was interrupted: java.lang.InterruptedException: sleep interrupted
2019-10-16 22:15:37,615 [grpc-default-executor-18] INFO  impl.RoleInfo (RoleInfo.java:updateAndGet(143)) - d9e6ea44-93db-446f-8020-a94232284285: start FollowerState
2019-10-16 22:15:37,614 [Thread-3450] INFO  impl.FollowerState (FollowerState.java:run(117)) - eec99a0c-e1b1-4518-bc49-9d1a8c8e04d5@group-83CFD60236D8-FollowerState was interrupted: java.lang.InterruptedException: sleep interrupted
2019-10-16 22:15:37,629 [3989452c-7599-4156-9543-3fe544ced0f3@group-83CFD60236D8-LeaderElection390] INFO  impl.LeaderElection (LeaderElection.java:logAndReturn(56)) - 3989452c-7599-4156-9543-3fe544ced0f3@group-83CFD60236D8-LeaderElection390: Election REJECTED; received 2 response(s) [3989452c-7599-4156-9543-3fe544ced0f3<-eec99a0c-e1b1-4518-bc49-9d1a8c8e04d5#0:FAIL-t413, 3989452c-7599-4156-9543-3fe544ced0f3<-d9e6ea44-93db-446f-8020-a94232284285#0:FAIL-t413] and 0 exception(s); 3989452c-7599-4156-9543-3fe544ced0f3@group-83CFD60236D8:t413, leader=null, voted=3989452c-7599-4156-9543-3fe544ced0f3, raftlog=3989452c-7599-4156-9543-3fe544ced0f3@group-83CFD60236D8-SegmentedRaftLog:OPENED:c-1,f-1,i0, conf=-1: [3989452c-7599-4156-9543-3fe544ced0f3:192.168.157.254:36320, eec99a0c-e1b1-4518-bc49-9d1a8c8e04d5:192.168.157.254:45598, d9e6ea44-93db-446f-8020-a94232284285:192.168.157.254:41671], old=null
2019-10-16 22:15:37,629 [3989452c-7599-4156-9543-3fe544ced0f3@group-83CFD60236D8-LeaderElection390] INFO  impl.RaftServerImpl (RaftServerImpl.java:setRole(184)) - 3989452c-7599-4156-9543-3fe544ced0f3@group-83CFD60236D8: changes role from CANDIDATE to FOLLOWER at term 413 for DISCOVERED_A_NEW_TERM
2019-10-16 22:15:37,629 [3989452c-7599-4156-9543-3fe544ced0f3@group-83CFD60236D8-LeaderElection390] INFO  impl.RoleInfo (RoleInfo.java:shutdownLeaderElection(134)) - 3989452c-7599-4156-9543-3fe544ced0f3: shutdown LeaderElection
2019-10-16 22:15:37,629 [3989452c-7599-4156-9543-3fe544ced0f3@group-83CFD60236D8-LeaderElection390] INFO  impl.RoleInfo (RoleInfo.java:updateAndGet(143)) - 3989452c-7599-4156-9543-3fe544ced0f3: start FollowerState
2019-10-16 22:15:37,704 [Thread-3458] INFO  impl.FollowerState (FollowerState.java:run(108)) - 3989452c-7599-4156-9543-3fe544ced0f3@group-83CFD60236D8-FollowerState: change to CANDIDATE, lastRpcTime:75ms, electionTimeout:75ms
2019-10-16 22:15:37,705 [Thread-3458] INFO  impl.RoleInfo (RoleInfo.java:shutdownFollowerState(121)) - 3989452c-7599-4156-9543-3fe544ced0f3: shutdown FollowerState
2019-10-16 22:15:37,705 [Thread-3458] INFO  impl.RaftServerImpl (RaftServerImpl.java:setRole(184)) - 3989452c-7599-4156-9543-3fe544ced0f3@group-83CFD60236D8: changes role from  FOLLOWER to CANDIDATE at term 413 for changeToCandidate
2019-10-16 22:15:37,705 [Thread-3458] INFO  impl.RoleInfo (RoleInfo.java:updateAndGet(143)) - 3989452c-7599-4156-9543-3fe544ced0f3: start LeaderElection
2019-10-16 22:15:37,713 [3989452c-7599-4156-9543-3fe544ced0f3@group-83CFD60236D8-LeaderElection391] INFO  impl.LeaderElection (LeaderElection.java:askForVotes(178)) - 3989452c-7599-4156-9543-3fe544ced0f3@group-83CFD60236D8-LeaderElection391: begin an election at term 414 for -1: [3989452c-7599-4156-9543-3fe544ced0f3:192.168.157.254:36320, eec99a0c-e1b1-4518-bc49-9d1a8c8e04d5:192.168.157.254:45598, d9e6ea44-93db-446f-8020-a94232284285:192.168.157.254:41671], old=null
2019-10-16 22:15:37,715 [grpc-default-executor-18] INFO  impl.RaftServerImpl (RaftServerImpl.java:setRole(184)) - d9e6ea44-93db-446f-8020-a94232284285@group-83CFD60236D8: changes role from  FOLLOWER to FOLLOWER at term 414 for recognizeCandidate:3989452c-7599-4156-9543-3fe544ced0f3
2019-10-16 22:15:37,715 [grpc-default-executor-24] INFO  impl.RaftServerImpl (RaftServerImpl.java:setRole(184)) - eec99a0c-e1b1-4518-bc49-9d1a8c8e04d5@group-83CFD60236D8: changes role from  FOLLOWER to FOLLOWER at term 414 for recognizeCandidate:3989452c-7599-4156-9543-3fe544ced0f3
2019-10-16 22:15:37,715 [grpc-default-executor-18] INFO  impl.RoleInfo (RoleInfo.java:shutdownFollowerState(121)) - d9e6ea44-93db-446f-8020-a94232284285: shutdown FollowerState
2019-10-16 22:15:37,715 [grpc-default-executor-24] INFO  impl.RoleInfo (RoleInfo.java:shutdownFollowerState(121)) - eec99a0c-e1b1-4518-bc49-9d1a8c8e04d5: shutdown FollowerState
2019-10-16 22:15:37,715 [grpc-default-executor-18] INFO  impl.RoleInfo (RoleInfo.java:updateAndGet(143)) - d9e6ea44-93db-446f-8020-a94232284285: start FollowerState
2019-10-16 22:15:37,715 [Thread-3457] INFO  impl.FollowerState (FollowerState.java:run(117)) - d9e6ea44-93db-446f-8020-a94232284285@group-83CFD60236D8-FollowerState was interrupted: java.lang.InterruptedException: sleep interrupted
2019-10-16 22:15:37,716 [Thread-3456] INFO  impl.FollowerState (FollowerState.java:run(117)) - eec99a0c-e1b1-4518-bc49-9d1a8c8e04d5@group-83CFD60236D8-FollowerState was interrupted: java.lang.InterruptedException: sleep interrupted
2019-10-16 22:15:37,716 [grpc-default-executor-24] INFO  impl.RoleInfo (RoleInfo.java:updateAndGet(143)) - eec99a0c-e1b1-4518-bc49-9d1a8c8e04d5: start FollowerState
2019-10-16 22:15:37,741 [3989452c-7599-4156-9543-3fe544ced0f3@group-83CFD60236D8-LeaderElection391] INFO  impl.LeaderElection (LeaderElection.java:logAndReturn(56)) - 3989452c-7599-4156-9543-3fe544ced0f3@group-83CFD60236D8-LeaderElection391: Election REJECTED; received 2 response(s) [3989452c-7599-4156-9543-3fe544ced0f3<-eec99a0c-e1b1-4518-bc49-9d1a8c8e04d5#0:FAIL-t414, 3989452c-7599-4156-9543-3fe544ced0f3<-d9e6ea44-93db-446f-8020-a94232284285#0:FAIL-t414] and 0 exception(s); 3989452c-7599-4156-9543-3fe544ced0f3@group-83CFD60236D8:t414, leader=null, voted=3989452c-7599-4156-9543-3fe544ced0f3, raftlog=3989452c-7599-4156-9543-3fe544ced0f3@group-83CFD60236D8-SegmentedRaftLog:OPENED:c-1,f-1,i0, conf=-1: [3989452c-7599-4156-9543-3fe544ced0f3:192.168.157.254:36320, eec99a0c-e1b1-4518-bc49-9d1a8c8e04d5:192.168.157.254:45598, d9e6ea44-93db-446f-8020-a94232284285:192.168.157.254:41671], old=null
2019-10-16 22:15:37,742 [3989452c-7599-4156-9543-3fe544ced0f3@group-83CFD60236D8-LeaderElection391] INFO  impl.RaftServerImpl (RaftServerImpl.java:setRole(184)) - 3989452c-7599-4156-9543-3fe544ced0f3@group-83CFD60236D8: changes role from CANDIDATE to FOLLOWER at term 414 for DISCOVERED_A_NEW_TERM
2019-10-16 22:15:37,742 [3989452c-7599-4156-9543-3fe544ced0f3@group-83CFD60236D8-LeaderElection391] INFO  impl.RoleInfo (RoleInfo.java:shutdownLeaderElection(134)) - 3989452c-7599-4156-9543-3fe544ced0f3: shutdown LeaderElection
2019-10-16 22:15:37,742 [3989452c-7599-4156-9543-3fe544ced0f3@group-83CFD60236D8-LeaderElection391] INFO  impl.RoleInfo (RoleInfo.java:updateAndGet(143)) - 3989452c-7599-4156-9543-3fe544ced0f3: start FollowerState
2019-10-16 22:15:37,803 [Thread-3464] INFO  impl.FollowerState (FollowerState.java:run(108)) - 3989452c-7599-4156-9543-3fe544ced0f3@group-83CFD60236D8-FollowerState: change to CANDIDATE, lastRpcTime:61ms, electionTimeout:61ms
2019-10-16 22:15:37,803 [Thread-3464] INFO  impl.RoleInfo (RoleInfo.java:shutdownFollowerState(121)) - 3989452c-7599-4156-9543-3fe544ced0f3: shutdown FollowerState
2019-10-16 22:15:37,804 [Thread-3464] INFO  impl.RaftServerImpl (RaftServerImpl.java:setRole(184)) - 3989452c-7599-4156-9543-3fe544ced0f3@group-83CFD60236D8: changes role from  FOLLOWER to CANDIDATE at term 414 for changeToCandidate
2019-10-16 22:15:37,804 [Thread-3464] INFO  impl.RoleInfo (RoleInfo.java:updateAndGet(143)) - 3989452c-7599-4156-9543-3fe544ced0f3: start LeaderElection
2019-10-16 22:15:37,811 [3989452c-7599-4156-9543-3fe544ced0f3@group-83CFD60236D8-LeaderElection392] INFO  impl.LeaderElection (LeaderElection.java:askForVotes(178)) - 3989452c-7599-4156-9543-3fe544ced0f3@group-83CFD60236D8-LeaderElection392: begin an election at term 415 for -1: [3989452c-7599-4156-9543-3fe544ced0f3:192.168.157.254:36320, eec99a0c-e1b1-4518-bc49-9d1a8c8e04d5:192.168.157.254:45598, d9e6ea44-93db-446f-8020-a94232284285:192.168.157.254:41671], old=null
2019-10-16 22:15:37,812 [grpc-default-executor-24] INFO  impl.RaftServerImpl (RaftServerImpl.java:setRole(184)) - eec99a0c-e1b1-4518-bc49-9d1a8c8e04d5@group-83CFD60236D8: changes role from  FOLLOWER to FOLLOWER at term 415 for recognizeCandidate:3989452c-7599-4156-9543-3fe544ced0f3
2019-10-16 22:15:37,812 [grpc-default-executor-18] INFO  impl.RaftServerImpl (RaftServerImpl.java:setRole(184)) - d9e6ea44-93db-446f-8020-a94232284285@group-83CFD60236D8: changes role from  FOLLOWER to FOLLOWER at term 415 for recognizeCandidate:3989452c-7599-4156-9543-3fe544ced0f3
2019-10-16 22:15:37,812 [grpc-default-executor-24] INFO  impl.RoleInfo (RoleInfo.java:shutdownFollowerState(121)) - eec99a0c-e1b1-4518-bc49-9d1a8c8e04d5: shutdown FollowerState
2019-10-16 22:15:37,812 [grpc-default-executor-18] INFO  impl.RoleInfo (RoleInfo.java:shutdownFollowerState(121)) - d9e6ea44-93db-446f-8020-a94232284285: shutdown FollowerState
2019-10-16 22:15:37,813 [Thread-3463] INFO  impl.FollowerState (FollowerState.java:run(117)) - eec99a0c-e1b1-4518-bc49-9d1a8c8e04d5@group-83CFD60236D8-FollowerState was interrupted: java.lang.InterruptedException: sleep interrupted
2019-10-16 22:15:37,813 [grpc-default-executor-24] INFO  impl.RoleInfo (RoleInfo.java:updateAndGet(143)) - eec99a0c-e1b1-4518-bc49-9d1a8c8e04d5: start FollowerState
2019-10-16 22:15:37,813 [Thread-3462] INFO  impl.FollowerState (FollowerState.java:run(117)) - d9e6ea44-93db-446f-8020-a94232284285@group-83CFD60236D8-FollowerState was interrupted: java.lang.InterruptedException: sleep interrupted
2019-10-16 22:15:37,813 [grpc-default-executor-18] INFO  impl.RoleInfo (RoleInfo.java:updateAndGet(143)) - d9e6ea44-93db-446f-8020-a94232284285: start FollowerState
2019-10-16 22:15:37,845 [3989452c-7599-4156-9543-3fe544ced0f3@group-83CFD60236D8-LeaderElection392] INFO  impl.LeaderElection (LeaderElection.java:logAndReturn(56)) - 3989452c-7599-4156-9543-3fe544ced0f3@group-83CFD60236D8-LeaderElection392: Election REJECTED; received 2 response(s) [3989452c-7599-4156-9543-3fe544ced0f3<-eec99a0c-e1b1-4518-bc49-9d1a8c8e04d5#0:FAIL-t415, 3989452c-7599-4156-9543-3fe544ced0f3<-d9e6ea44-93db-446f-8020-a94232284285#0:FAIL-t415] and 0 exception(s); 3989452c-7599-4156-9543-3fe544ced0f3@group-83CFD60236D8:t415, leader=null, voted=3989452c-7599-4156-9543-3fe544ced0f3, raftlog=3989452c-7599-4156-9543-3fe544ced0f3@group-83CFD60236D8-SegmentedRaftLog:OPENED:c-1,f-1,i0, conf=-1: [3989452c-7599-4156-9543-3fe544ced0f3:192.168.157.254:36320, eec99a0c-e1b1-4518-bc49-9d1a8c8e04d5:192.168.157.254:45598, d9e6ea44-93db-446f-8020-a94232284285:192.168.157.254:41671], old=null
2019-10-16 22:15:37,845 [3989452c-7599-4156-9543-3fe544ced0f3@group-83CFD60236D8-LeaderElection392] INFO  impl.RaftServerImpl (RaftServerImpl.java:setRole(184)) - 3989452c-7599-4156-9543-3fe544ced0f3@group-83CFD60236D8: changes role from CANDIDATE to FOLLOWER at term 415 for DISCOVERED_A_NEW_TERM
2019-10-16 22:15:37,845 [3989452c-7599-4156-9543-3fe544ced0f3@group-83CFD60236D8-LeaderElection392] INFO  impl.RoleInfo (RoleInfo.java:shutdownLeaderElection(134)) - 3989452c-7599-4156-9543-3fe544ced0f3: shutdown LeaderElection
2019-10-16 22:15:37,845 [3989452c-7599-4156-9543-3fe544ced0f3@group-83CFD60236D8-LeaderElection392] INFO  impl.RoleInfo (RoleInfo.java:updateAndGet(143)) - 3989452c-7599-4156-9543-3fe544ced0f3: start FollowerState
2019-10-16 22:15:38,001 [Thread-3470] INFO  impl.FollowerState (FollowerState.java:run(108)) - 3989452c-7599-4156-9543-3fe544ced0f3@group-83CFD60236D8-FollowerState: change to CANDIDATE, lastRpcTime:156ms, electionTimeout:156ms
2019-10-16 22:15:38,002 [Thread-3470] INFO  impl.RoleInfo (RoleInfo.java:shutdownFollowerState(121)) - 3989452c-7599-4156-9543-3fe544ced0f3: shutdown FollowerState
2019-10-16 22:15:38,002 [Thread-3470] INFO  impl.RaftServerImpl (RaftServerImpl.java:setRole(184)) - 3989452c-7599-4156-9543-3fe544ced0f3@group-83CFD60236D8: changes role from  FOLLOWER to CANDIDATE at term 415 for changeToCandidate
2019-10-16 22:15:38,002 [Thread-3470] INFO  impl.RoleInfo (RoleInfo.java:updateAndGet(143)) - 3989452c-7599-4156-9543-3fe544ced0f3: start LeaderElection
2019-10-16 22:15:38,026 [3989452c-7599-4156-9543-3fe544ced0f3@group-83CFD60236D8-LeaderElection393] INFO  impl.LeaderElection (LeaderElection.java:askForVotes(178)) - 3989452c-7599-4156-9543-3fe544ced0f3@group-83CFD60236D8-LeaderElection393: begin an election at term 416 for -1: [3989452c-7599-4156-9543-3fe544ced0f3:192.168.157.254:36320, eec99a0c-e1b1-4518-bc49-9d1a8c8e04d5:192.168.157.254:45598, d9e6ea44-93db-446f-8020-a94232284285:192.168.157.254:41671], old=null
2019-10-16 22:15:38,028 [grpc-default-executor-18] INFO  impl.RaftServerImpl (RaftServerImpl.java:setRole(184)) - eec99a0c-e1b1-4518-bc49-9d1a8c8e04d5@group-83CFD60236D8: changes role from  FOLLOWER to FOLLOWER at term 416 for recognizeCandidate:3989452c-7599-4156-9543-3fe544ced0f3
2019-10-16 22:15:38,028 [grpc-default-executor-24] INFO  impl.RaftServerImpl (RaftServerImpl.java:setRole(184)) - d9e6ea44-93db-446f-8020-a94232284285@group-83CFD60236D8: changes role from  FOLLOWER to FOLLOWER at term 416 for recognizeCandidate:3989452c-7599-4156-9543-3fe544ced0f3
2019-10-16 22:15:38,028 [grpc-default-executor-18] INFO  impl.RoleInfo (RoleInfo.java:shutdownFollowerState(121)) - eec99a0c-e1b1-4518-bc49-9d1a8c8e04d5: shutdown FollowerState
2019-10-16 22:15:38,028 [grpc-default-executor-24] INFO  impl.RoleInfo (RoleInfo.java:shutdownFollowerState(121)) - d9e6ea44-93db-446f-8020-a94232284285: shutdown FollowerState
2019-10-16 22:15:38,028 [Thread-3468] INFO  impl.FollowerState (FollowerState.java:run(117)) - eec99a0c-e1b1-4518-bc49-9d1a8c8e04d5@group-83CFD60236D8-FollowerState was interrupted: java.lang.InterruptedException: sleep interrupted
2019-10-16 22:15:38,028 [grpc-default-executor-18] INFO  impl.RoleInfo (RoleInfo.java:updateAndGet(143)) - eec99a0c-e1b1-4518-bc49-9d1a8c8e04d5: start FollowerState
2019-10-16 22:15:38,028 [Thread-3469] INFO  impl.FollowerState (FollowerState.java:run(117)) - d9e6ea44-93db-446f-8020-a94232284285@group-83CFD60236D8-FollowerState was interrupted: java.lang.InterruptedException: sleep interrupted
2019-10-16 22:15:38,028 [grpc-default-executor-24] INFO  impl.RoleInfo (RoleInfo.java:updateAndGet(143)) - d9e6ea44-93db-446f-8020-a94232284285: start FollowerState
2019-10-16 22:15:38,054 [3989452c-7599-4156-9543-3fe544ced0f3@group-83CFD60236D8-LeaderElection393] INFO  impl.LeaderElection (LeaderElection.java:logAndReturn(56)) - 3989452c-7599-4156-9543-3fe544ced0f3@group-83CFD60236D8-LeaderElection393: Election REJECTED; received 2 response(s) [3989452c-7599-4156-9543-3fe544ced0f3<-eec99a0c-e1b1-4518-bc49-9d1a8c8e04d5#0:FAIL-t416, 3989452c-7599-4156-9543-3fe544ced0f3<-d9e6ea44-93db-446f-8020-a94232284285#0:FAIL-t416] and 0 exception(s); 3989452c-7599-4156-9543-3fe544ced0f3@group-83CFD60236D8:t416, leader=null, voted=3989452c-7599-4156-9543-3fe544ced0f3, raftlog=3989452c-7599-4156-9543-3fe544ced0f3@group-83CFD60236D8-SegmentedRaftLog:OPENED:c-1,f-1,i0, conf=-1: [3989452c-7599-4156-9543-3fe544ced0f3:192.168.157.254:36320, eec99a0c-e1b1-4518-bc49-9d1a8c8e04d5:192.168.157.254:45598, d9e6ea44-93db-446f-8020-a94232284285:192.168.157.254:41671], old=null
2019-10-16 22:15:38,055 [3989452c-7599-4156-9543-3fe544ced0f3@group-83CFD60236D8-LeaderElection393] INFO  impl.RaftServerImpl (RaftServerImpl.java:setRole(184)) - 3989452c-7599-4156-9543-3fe544ced0f3@group-83CFD60236D8: changes role from CANDIDATE to FOLLOWER at term 416 for DISCOVERED_A_NEW_TERM
2019-10-16 22:15:38,055 [3989452c-7599-4156-9543-3fe544ced0f3@group-83CFD60236D8-LeaderElection393] INFO  impl.RoleInfo (RoleInfo.java:shutdownLeaderElection(134)) - 3989452c-7599-4156-9543-3fe544ced0f3: shutdown LeaderElection
2019-10-16 22:15:38,055 [3989452c-7599-4156-9543-3fe544ced0f3@group-83CFD60236D8-LeaderElection393] INFO  impl.RoleInfo (RoleInfo.java:updateAndGet(143)) - 3989452c-7599-4156-9543-3fe544ced0f3: start FollowerState
 0.00% |?                                                                                                    |  0/1 Time: 0:00:042019-10-16 22:15:38,247 [Thread-3476] INFO  impl.FollowerState (FollowerState.java:run(108)) - 3989452c-7599-4156-9543-3fe544ced0f3@group-83CFD60236D8-FollowerState: change to CANDIDATE, lastRpcTime:192ms, electionTimeout:192ms
2019-10-16 22:15:38,248 [Thread-3476] INFO  impl.RoleInfo (RoleInfo.java:shutdownFollowerState(121)) - 3989452c-7599-4156-9543-3fe544ced0f3: shutdown FollowerState
2019-10-16 22:15:38,248 [Thread-3476] INFO  impl.RaftServerImpl (RaftServerImpl.java:setRole(184)) - 3989452c-7599-4156-9543-3fe544ced0f3@group-83CFD60236D8: changes role from  FOLLOWER to CANDIDATE at term 416 for changeToCandidate
2019-10-16 22:15:38,248 [Thread-3476] INFO  impl.RoleInfo (RoleInfo.java:updateAndGet(143)) - 3989452c-7599-4156-9543-3fe544ced0f3: start LeaderElection
2019-10-16 22:15:38,262 [3989452c-7599-4156-9543-3fe544ced0f3@group-83CFD60236D8-LeaderElection394] INFO  impl.LeaderElection (LeaderElection.java:askForVotes(178)) - 3989452c-7599-4156-9543-3fe544ced0f3@group-83CFD60236D8-LeaderElection394: begin an election at term 417 for -1: [3989452c-7599-4156-9543-3fe544ced0f3:192.168.157.254:36320, eec99a0c-e1b1-4518-bc49-9d1a8c8e04d5:192.168.157.254:45598, d9e6ea44-93db-446f-8020-a94232284285:192.168.157.254:41671], old=null
2019-10-16 22:15:38,264 [grpc-default-executor-18] INFO  impl.RaftServerImpl (RaftServerImpl.java:setRole(184)) - eec99a0c-e1b1-4518-bc49-9d1a8c8e04d5@group-83CFD60236D8: changes role from  FOLLOWER to FOLLOWER at term 417 for recognizeCandidate:3989452c-7599-4156-9543-3fe544ced0f3
2019-10-16 22:15:38,264 [grpc-default-executor-24] INFO  impl.RaftServerImpl (RaftServerImpl.java:setRole(184)) - d9e6ea44-93db-446f-8020-a94232284285@group-83CFD60236D8: changes role from  FOLLOWER to FOLLOWER at term 417 for recognizeCandidate:3989452c-7599-4156-9543-3fe544ced0f3
2019-10-16 22:15:38,264 [grpc-default-executor-18] INFO  impl.RoleInfo (RoleInfo.java:shutdownFollowerState(121)) - eec99a0c-e1b1-4518-bc49-9d1a8c8e04d5: shutdown FollowerState
2019-10-16 22:15:38,265 [grpc-default-executor-24] INFO  impl.RoleInfo (RoleInfo.java:shutdownFollowerState(121)) - d9e6ea44-93db-446f-8020-a94232284285: shutdown FollowerState
2019-10-16 22:15:38,265 [Thread-3474] INFO  impl.FollowerState (FollowerState.java:run(117)) - eec99a0c-e1b1-4518-bc49-9d1a8c8e04d5@group-83CFD60236D8-FollowerState was interrupted: java.lang.InterruptedException: sleep interrupted
2019-10-16 22:15:38,265 [grpc-default-executor-18] INFO  impl.RoleInfo (RoleInfo.java:updateAndGet(143)) - eec99a0c-e1b1-4518-bc49-9d1a8c8e04d5: start FollowerState
2019-10-16 22:15:38,265 [Thread-3475] INFO  impl.FollowerState (FollowerState.java:run(117)) - d9e6ea44-93db-446f-8020-a94232284285@group-83CFD60236D8-FollowerState was interrupted: java.lang.InterruptedException: sleep interrupted
2019-10-16 22:15:38,265 [grpc-default-executor-24] INFO  impl.RoleInfo (RoleInfo.java:updateAndGet(143)) - d9e6ea44-93db-446f-8020-a94232284285: start FollowerState
2019-10-16 22:15:38,279 [3989452c-7599-4156-9543-3fe544ced0f3@group-83CFD60236D8-LeaderElection394] INFO  impl.LeaderElection (LeaderElection.java:logAndReturn(56)) - 3989452c-7599-4156-9543-3fe544ced0f3@group-83CFD60236D8-LeaderElection394: Election REJECTED; received 2 response(s) [3989452c-7599-4156-9543-3fe544ced0f3<-eec99a0c-e1b1-4518-bc49-9d1a8c8e04d5#0:FAIL-t417, 3989452c-7599-4156-9543-3fe544ced0f3<-d9e6ea44-93db-446f-8020-a94232284285#0:FAIL-t417] and 0 exception(s); 3989452c-7599-4156-9543-3fe544ced0f3@group-83CFD60236D8:t417, leader=null, voted=3989452c-7599-4156-9543-3fe544ced0f3, raftlog=3989452c-7599-4156-9543-3fe544ced0f3@group-83CFD60236D8-SegmentedRaftLog:OPENED:c-1,f-1,i0, conf=-1: [3989452c-7599-4156-9543-3fe544ced0f3:192.168.157.254:36320, eec99a0c-e1b1-4518-bc49-9d1a8c8e04d5:192.168.157.254:45598, d9e6ea44-93db-446f-8020-a94232284285:192.168.157.254:41671], old=null
2019-10-16 22:15:38,280 [3989452c-7599-4156-9543-3fe544ced0f3@group-83CFD60236D8-LeaderElection394] INFO  impl.RaftServerImpl (RaftServerImpl.java:setRole(184)) - 3989452c-7599-4156-9543-3fe544ced0f3@group-83CFD60236D8: changes role from CANDIDATE to FOLLOWER at term 417 for DISCOVERED_A_NEW_TERM
2019-10-16 22:15:38,280 [3989452c-7599-4156-9543-3fe544ced0f3@group-83CFD60236D8-LeaderElection394] INFO  impl.RoleInfo (RoleInfo.java:shutdownLeaderElection(134)) - 3989452c-7599-4156-9543-3fe544ced0f3: shutdown LeaderElection
2019-10-16 22:15:38,280 [3989452c-7599-4156-9543-3fe544ced0f3@group-83CFD60236D8-LeaderElection394] INFO  impl.RoleInfo (RoleInfo.java:updateAndGet(143)) - 3989452c-7599-4156-9543-3fe544ced0f3: start FollowerState
2019-10-16 22:15:38,477 [Thread-3482] INFO  impl.FollowerState (FollowerState.java:run(108)) - 3989452c-7599-4156-9543-3fe544ced0f3@group-83CFD60236D8-FollowerState: change to CANDIDATE, lastRpcTime:197ms, electionTimeout:197ms
2019-10-16 22:15:38,477 [Thread-3482] INFO  impl.RoleInfo (RoleInfo.java:shutdownFollowerState(121)) - 3989452c-7599-4156-9543-3fe544ced0f3: shutdown FollowerState
2019-10-16 22:15:38,478 [Thread-3482] INFO  impl.RaftServerImpl (RaftServerImpl.java:setRole(184)) - 3989452c-7599-4156-9543-3fe544ced0f3@group-83CFD60236D8: changes role from  FOLLOWER to CANDIDATE at term 417 for changeToCandidate
2019-10-16 22:15:38,478 [Thread-3482] INFO  impl.RoleInfo (RoleInfo.java:updateAndGet(143)) - 3989452c-7599-4156-9543-3fe544ced0f3: start LeaderElection
2019-10-16 22:15:38,492 [3989452c-7599-4156-9543-3fe544ced0f3@group-83CFD60236D8-LeaderElection395] INFO  impl.LeaderElection (LeaderElection.java:askForVotes(178)) - 3989452c-7599-4156-9543-3fe544ced0f3@group-83CFD60236D8-LeaderElection395: begin an election at term 418 for -1: [3989452c-7599-4156-9543-3fe544ced0f3:192.168.157.254:36320, eec99a0c-e1b1-4518-bc49-9d1a8c8e04d5:192.168.157.254:45598, d9e6ea44-93db-446f-8020-a94232284285:192.168.157.254:41671], old=null
2019-10-16 22:15:38,494 [grpc-default-executor-24] INFO  impl.RaftServerImpl (RaftServerImpl.java:setRole(184)) - eec99a0c-e1b1-4518-bc49-9d1a8c8e04d5@group-83CFD60236D8: changes role from  FOLLOWER to FOLLOWER at term 418 for recognizeCandidate:3989452c-7599-4156-9543-3fe544ced0f3
2019-10-16 22:15:38,494 [grpc-default-executor-24] INFO  impl.RoleInfo (RoleInfo.java:shutdownFollowerState(121)) - eec99a0c-e1b1-4518-bc49-9d1a8c8e04d5: shutdown FollowerState
2019-10-16 22:15:38,494 [grpc-default-executor-24] INFO  impl.RoleInfo (RoleInfo.java:updateAndGet(143)) - eec99a0c-e1b1-4518-bc49-9d1a8c8e04d5: start FollowerState
2019-10-16 22:15:38,494 [Thread-3480] INFO  impl.FollowerState (FollowerState.java:run(117)) - eec99a0c-e1b1-4518-bc49-9d1a8c8e04d5@group-83CFD60236D8-FollowerState was interrupted: java.lang.InterruptedException: sleep interrupted
2019-10-16 22:15:38,494 [grpc-default-executor-18] INFO  impl.RaftServerImpl (RaftServerImpl.java:setRole(184)) - d9e6ea44-93db-446f-8020-a94232284285@group-83CFD60236D8: changes role from  FOLLOWER to FOLLOWER at term 418 for recognizeCandidate:3989452c-7599-4156-9543-3fe544ced0f3
2019-10-16 22:15:38,495 [grpc-default-executor-18] INFO  impl.RoleInfo (RoleInfo.java:shutdownFollowerState(121)) - d9e6ea44-93db-446f-8020-a94232284285: shutdown FollowerState
2019-10-16 22:15:38,495 [grpc-default-executor-18] INFO  impl.RoleInfo (RoleInfo.java:updateAndGet(143)) - d9e6ea44-93db-446f-8020-a94232284285: start FollowerState
2019-10-16 22:15:38,495 [Thread-3481] INFO  impl.FollowerState (FollowerState.java:run(117)) - d9e6ea44-93db-446f-8020-a94232284285@group-83CFD60236D8-FollowerState was interrupted: java.lang.InterruptedException: sleep interrupted
2019-10-16 22:15:38,504 [3989452c-7599-4156-9543-3fe544ced0f3@group-83CFD60236D8-LeaderElection395] INFO  impl.LeaderElection (LeaderElection.java:logAndReturn(56)) - 3989452c-7599-4156-9543-3fe544ced0f3@group-83CFD60236D8-LeaderElection395: Election TIMEOUT; received 0 response(s) [] and 0 exception(s); 3989452c-7599-4156-9543-3fe544ced0f3@group-83CFD60236D8:t418, leader=null, voted=3989452c-7599-4156-9543-3fe544ced0f3, raftlog=3989452c-7599-4156-9543-3fe544ced0f3@group-83CFD60236D8-SegmentedRaftLog:OPENED:c-1,f-1,i0, conf=-1: [3989452c-7599-4156-9543-3fe544ced0f3:192.168.157.254:36320, eec99a0c-e1b1-4518-bc49-9d1a8c8e04d5:192.168.157.254:45598, d9e6ea44-93db-446f-8020-a94232284285:192.168.157.254:41671], old=null
2019-10-16 22:15:38,520 [3989452c-7599-4156-9543-3fe544ced0f3@group-83CFD60236D8-LeaderElection395] INFO  impl.LeaderElection (LeaderElection.java:askForVotes(178)) - 3989452c-7599-4156-9543-3fe544ced0f3@group-83CFD60236D8-LeaderElection395: begin an election at term 419 for -1: [3989452c-7599-4156-9543-3fe544ced0f3:192.168.157.254:36320, eec99a0c-e1b1-4518-bc49-9d1a8c8e04d5:192.168.157.254:45598, d9e6ea44-93db-446f-8020-a94232284285:192.168.157.254:41671], old=null
2019-10-16 22:15:38,522 [grpc-default-executor-24] INFO  impl.RaftServerImpl (RaftServerImpl.java:setRole(184)) - eec99a0c-e1b1-4518-bc49-9d1a8c8e04d5@group-83CFD60236D8: changes role from  FOLLOWER to FOLLOWER at term 419 for recognizeCandidate:3989452c-7599-4156-9543-3fe544ced0f3
2019-10-16 22:15:38,522 [grpc-default-executor-24] INFO  impl.RoleInfo (RoleInfo.java:shutdownFollowerState(121)) - eec99a0c-e1b1-4518-bc49-9d1a8c8e04d5: shutdown FollowerState
2019-10-16 22:15:38,522 [grpc-default-executor-18] INFO  impl.RaftServerImpl (RaftServerImpl.java:setRole(184)) - d9e6ea44-93db-446f-8020-a94232284285@group-83CFD60236D8: changes role from  FOLLOWER to FOLLOWER at term 419 for recognizeCandidate:3989452c-7599-4156-9543-3fe544ced0f3
2019-10-16 22:15:38,522 [Thread-3486] INFO  impl.FollowerState (FollowerState.java:run(117)) - eec99a0c-e1b1-4518-bc49-9d1a8c8e04d5@group-83CFD60236D8-FollowerState was interrupted: java.lang.InterruptedException: sleep interrupted
2019-10-16 22:15:38,522 [grpc-default-executor-24] INFO  impl.RoleInfo (RoleInfo.java:updateAndGet(143)) - eec99a0c-e1b1-4518-bc49-9d1a8c8e04d5: start FollowerState
2019-10-16 22:15:38,522 [grpc-default-executor-18] INFO  impl.RoleInfo (RoleInfo.java:shutdownFollowerState(121)) - d9e6ea44-93db-446f-8020-a94232284285: shutdown FollowerState
2019-10-16 22:15:38,523 [grpc-default-executor-18] INFO  impl.RoleInfo (RoleInfo.java:updateAndGet(143)) - d9e6ea44-93db-446f-8020-a94232284285: start FollowerState
2019-10-16 22:15:38,523 [Thread-3487] INFO  impl.FollowerState (FollowerState.java:run(117)) - d9e6ea44-93db-446f-8020-a94232284285@group-83CFD60236D8-FollowerState was interrupted: java.lang.InterruptedException: sleep interrupted
2019-10-16 22:15:38,548 [3989452c-7599-4156-9543-3fe544ced0f3@group-83CFD60236D8-LeaderElection395] INFO  impl.LeaderElection (LeaderElection.java:logAndReturn(56)) - 3989452c-7599-4156-9543-3fe544ced0f3@group-83CFD60236D8-LeaderElection395: Election REJECTED; received 2 response(s) [3989452c-7599-4156-9543-3fe544ced0f3<-eec99a0c-e1b1-4518-bc49-9d1a8c8e04d5#0:FAIL-t419, 3989452c-7599-4156-9543-3fe544ced0f3<-d9e6ea44-93db-446f-8020-a94232284285#0:FAIL-t419] and 0 exception(s); 3989452c-7599-4156-9543-3fe544ced0f3@group-83CFD60236D8:t419, leader=null, voted=3989452c-7599-4156-9543-3fe544ced0f3, raftlog=3989452c-7599-4156-9543-3fe544ced0f3@group-83CFD60236D8-SegmentedRaftLog:OPENED:c-1,f-1,i0, conf=-1: [3989452c-7599-4156-9543-3fe544ced0f3:192.168.157.254:36320, eec99a0c-e1b1-4518-bc49-9d1a8c8e04d5:192.168.157.254:45598, d9e6ea44-93db-446f-8020-a94232284285:192.168.157.254:41671], old=null
2019-10-16 22:15:38,549 [3989452c-7599-4156-9543-3fe544ced0f3@group-83CFD60236D8-LeaderElection395] INFO  impl.RaftServerImpl (RaftServerImpl.java:setRole(184)) - 3989452c-7599-4156-9543-3fe544ced0f3@group-83CFD60236D8: changes role from CANDIDATE to FOLLOWER at term 419 for DISCOVERED_A_NEW_TERM
2019-10-16 22:15:38,549 [3989452c-7599-4156-9543-3fe544ced0f3@group-83CFD60236D8-LeaderElection395] INFO  impl.RoleInfo (RoleInfo.java:shutdownLeaderElection(134)) - 3989452c-7599-4156-9543-3fe544ced0f3: shutdown LeaderElection
2019-10-16 22:15:38,549 [3989452c-7599-4156-9543-3fe544ced0f3@group-83CFD60236D8-LeaderElection395] INFO  impl.RoleInfo (RoleInfo.java:updateAndGet(143)) - 3989452c-7599-4156-9543-3fe544ced0f3: start FollowerState
2019-10-16 22:15:38,673 [Thread-3492] INFO  impl.FollowerState (FollowerState.java:run(108)) - 3989452c-7599-4156-9543-3fe544ced0f3@group-83CFD60236D8-FollowerState: change to CANDIDATE, lastRpcTime:124ms, electionTimeout:124ms
2019-10-16 22:15:38,673 [Thread-3492] INFO  impl.RoleInfo (RoleInfo.java:shutdownFollowerState(121)) - 3989452c-7599-4156-9543-3fe544ced0f3: shutdown FollowerState
2019-10-16 22:15:38,674 [Thread-3492] INFO  impl.RaftServerImpl (RaftServerImpl.java:setRole(184)) - 3989452c-7599-4156-9543-3fe544ced0f3@group-83CFD60236D8: changes role from  FOLLOWER to CANDIDATE at term 419 for changeToCandidate
2019-10-16 22:15:38,674 [Thread-3492] INFO  impl.RoleInfo (RoleInfo.java:updateAndGet(143)) - 3989452c-7599-4156-9543-3fe544ced0f3: start LeaderElection
2019-10-16 22:15:38,699 [3989452c-7599-4156-9543-3fe544ced0f3@group-83CFD60236D8-LeaderElection396] INFO  impl.LeaderElection (LeaderElection.java:askForVotes(178)) - 3989452c-7599-4156-9543-3fe544ced0f3@group-83CFD60236D8-LeaderElection396: begin an election at term 420 for -1: [3989452c-7599-4156-9543-3fe544ced0f3:192.168.157.254:36320, eec99a0c-e1b1-4518-bc49-9d1a8c8e04d5:192.168.157.254:45598, d9e6ea44-93db-446f-8020-a94232284285:192.168.157.254:41671], old=null
2019-10-16 22:15:38,701 [grpc-default-executor-18] INFO  impl.RaftServerImpl (RaftServerImpl.java:setRole(184)) - eec99a0c-e1b1-4518-bc49-9d1a8c8e04d5@group-83CFD60236D8: changes role from  FOLLOWER to FOLLOWER at term 420 for recognizeCandidate:3989452c-7599-4156-9543-3fe544ced0f3
2019-10-16 22:15:38,701 [grpc-default-executor-24] INFO  impl.RaftServerImpl (RaftServerImpl.java:setRole(184)) - d9e6ea44-93db-446f-8020-a94232284285@group-83CFD60236D8: changes role from  FOLLOWER to FOLLOWER at term 420 for recognizeCandidate:3989452c-7599-4156-9543-3fe544ced0f3
2019-10-16 22:15:38,701 [grpc-default-executor-24] INFO  impl.RoleInfo (RoleInfo.java:shutdownFollowerState(121)) - d9e6ea44-93db-446f-8020-a94232284285: shutdown FollowerState
2019-10-16 22:15:38,701 [grpc-default-executor-18] INFO  impl.RoleInfo (RoleInfo.java:shutdownFollowerState(121)) - eec99a0c-e1b1-4518-bc49-9d1a8c8e04d5: shutdown FollowerState
2019-10-16 22:15:38,702 [Thread-3491] INFO  impl.FollowerState (FollowerState.java:run(117)) - d9e6ea44-93db-446f-8020-a94232284285@group-83CFD60236D8-FollowerState was interrupted: java.lang.InterruptedException: sleep interrupted
2019-10-16 22:15:38,702 [Thread-3490] INFO  impl.FollowerState (FollowerState.java:run(117)) - eec99a0c-e1b1-4518-bc49-9d1a8c8e04d5@group-83CFD60236D8-FollowerState was interrupted: java.lang.InterruptedException: sleep interrupted
2019-10-16 22:15:38,702 [grpc-default-executor-24] INFO  impl.RoleInfo (RoleInfo.java:updateAndGet(143)) - d9e6ea44-93db-446f-8020-a94232284285: start FollowerState
2019-10-16 22:15:38,702 [grpc-default-executor-18] INFO  impl.RoleInfo (RoleInfo.java:updateAndGet(143)) - eec99a0c-e1b1-4518-bc49-9d1a8c8e04d5: start FollowerState
2019-10-16 22:15:38,717 [3989452c-7599-4156-9543-3fe544ced0f3@group-83CFD60236D8-LeaderElection396] INFO  impl.LeaderElection (LeaderElection.java:logAndReturn(56)) - 3989452c-7599-4156-9543-3fe544ced0f3@group-83CFD60236D8-LeaderElection396: Election REJECTED; received 2 response(s) [3989452c-7599-4156-9543-3fe544ced0f3<-eec99a0c-e1b1-4518-bc49-9d1a8c8e04d5#0:FAIL-t420, 3989452c-7599-4156-9543-3fe544ced0f3<-d9e6ea44-93db-446f-8020-a94232284285#0:FAIL-t420] and 0 exception(s); 3989452c-7599-4156-9543-3fe544ced0f3@group-83CFD60236D8:t420, leader=null, voted=3989452c-7599-4156-9543-3fe544ced0f3, raftlog=3989452c-7599-4156-9543-3fe544ced0f3@group-83CFD60236D8-SegmentedRaftLog:OPENED:c-1,f-1,i0, conf=-1: [3989452c-7599-4156-9543-3fe544ced0f3:192.168.157.254:36320, eec99a0c-e1b1-4518-bc49-9d1a8c8e04d5:192.168.157.254:45598, d9e6ea44-93db-446f-8020-a94232284285:192.168.157.254:41671], old=null
2019-10-16 22:15:38,718 [3989452c-7599-4156-9543-3fe544ced0f3@group-83CFD60236D8-LeaderElection396] INFO  impl.RaftServerImpl (RaftServerImpl.java:setRole(184)) - 3989452c-7599-4156-9543-3fe544ced0f3@group-83CFD60236D8: changes role from CANDIDATE to FOLLOWER at term 420 for DISCOVERED_A_NEW_TERM
2019-10-16 22:15:38,718 [3989452c-7599-4156-9543-3fe544ced0f3@group-83CFD60236D8-LeaderElection396] INFO  impl.RoleInfo (RoleInfo.java:shutdownLeaderElection(134)) - 3989452c-7599-4156-9543-3fe544ced0f3: shutdown LeaderElection
2019-10-16 22:15:38,718 [3989452c-7599-4156-9543-3fe544ced0f3@group-83CFD60236D8-LeaderElection396] INFO  impl.RoleInfo (RoleInfo.java:updateAndGet(143)) - 3989452c-7599-4156-9543-3fe544ced0f3: start FollowerState
2019-10-16 22:15:38,868 [Thread-3498] INFO  impl.FollowerState (FollowerState.java:run(108)) - 3989452c-7599-4156-9543-3fe544ced0f3@group-83CFD60236D8-FollowerState: change to CANDIDATE, lastRpcTime:150ms, electionTimeout:150ms
2019-10-16 22:15:38,868 [Thread-3498] INFO  impl.RoleInfo (RoleInfo.java:shutdownFollowerState(121)) - 3989452c-7599-4156-9543-3fe544ced0f3: shutdown FollowerState
2019-10-16 22:15:38,869 [Thread-3498] INFO  impl.RaftServerImpl (RaftServerImpl.java:setRole(184)) - 3989452c-7599-4156-9543-3fe544ced0f3@group-83CFD60236D8: changes role from  FOLLOWER to CANDIDATE at term 420 for changeToCandidate
2019-10-16 22:15:38,869 [Thread-3498] INFO  impl.RoleInfo (RoleInfo.java:updateAndGet(143)) - 3989452c-7599-4156-9543-3fe544ced0f3: start LeaderElection
2019-10-16 22:15:38,894 [3989452c-7599-4156-9543-3fe544ced0f3@group-83CFD60236D8-LeaderElection397] INFO  impl.LeaderElection (LeaderElection.java:askForVotes(178)) - 3989452c-7599-4156-9543-3fe544ced0f3@group-83CFD60236D8-LeaderElection397: begin an election at term 421 for -1: [3989452c-7599-4156-9543-3fe544ced0f3:192.168.157.254:36320, eec99a0c-e1b1-4518-bc49-9d1a8c8e04d5:192.168.157.254:45598, d9e6ea44-93db-446f-8020-a94232284285:192.168.157.254:41671], old=null
2019-10-16 22:15:38,896 [grpc-default-executor-24] INFO  impl.RaftServerImpl (RaftServerImpl.java:setRole(184)) - eec99a0c-e1b1-4518-bc49-9d1a8c8e04d5@group-83CFD60236D8: changes role from  FOLLOWER to FOLLOWER at term 421 for recognizeCandidate:3989452c-7599-4156-9543-3fe544ced0f3
2019-10-16 22:15:38,896 [grpc-default-executor-18] INFO  impl.RaftServerImpl (RaftServerImpl.java:setRole(184)) - d9e6ea44-93db-446f-8020-a94232284285@group-83CFD60236D8: changes role from  FOLLOWER to FOLLOWER at term 421 for recognizeCandidate:3989452c-7599-4156-9543-3fe544ced0f3
2019-10-16 22:15:38,897 [grpc-default-executor-18] INFO  impl.RoleInfo (RoleInfo.java:shutdownFollowerState(121)) - d9e6ea44-93db-446f-8020-a94232284285: shutdown FollowerState
2019-10-16 22:15:38,896 [grpc-default-executor-24] INFO  impl.RoleInfo (RoleInfo.java:shutdownFollowerState(121)) - eec99a0c-e1b1-4518-bc49-9d1a8c8e04d5: shutdown FollowerState
2019-10-16 22:15:38,897 [Thread-3496] INFO  impl.FollowerState (FollowerState.java:run(117)) - d9e6ea44-93db-446f-8020-a94232284285@group-83CFD60236D8-FollowerState was interrupted: java.lang.InterruptedException: sleep interrupted
2019-10-16 22:15:38,897 [grpc-default-executor-18] INFO  impl.RoleInfo (RoleInfo.java:updateAndGet(143)) - d9e6ea44-93db-446f-8020-a94232284285: start FollowerState
2019-10-16 22:15:38,897 [Thread-3497] INFO  impl.FollowerState (FollowerState.java:run(117)) - eec99a0c-e1b1-4518-bc49-9d1a8c8e04d5@group-83CFD60236D8-FollowerState was interrupted: java.lang.InterruptedException: sleep interrupted
2019-10-16 22:15:38,897 [grpc-default-executor-24] INFO  impl.RoleInfo (RoleInfo.java:updateAndGet(143)) - eec99a0c-e1b1-4518-bc49-9d1a8c8e04d5: start FollowerState
2019-10-16 22:15:38,925 [3989452c-7599-4156-9543-3fe544ced0f3@group-83CFD60236D8-LeaderElection397] INFO  impl.LeaderElection (LeaderElection.java:logAndReturn(56)) - 3989452c-7599-4156-9543-3fe544ced0f3@group-83CFD60236D8-LeaderElection397: Election REJECTED; received 2 response(s) [3989452c-7599-4156-9543-3fe544ced0f3<-eec99a0c-e1b1-4518-bc49-9d1a8c8e04d5#0:FAIL-t421, 3989452c-7599-4156-9543-3fe544ced0f3<-d9e6ea44-93db-446f-8020-a94232284285#0:FAIL-t421] and 0 exception(s); 3989452c-7599-4156-9543-3fe544ced0f3@group-83CFD60236D8:t421, leader=null, voted=3989452c-7599-4156-9543-3fe544ced0f3, raftlog=3989452c-7599-4156-9543-3fe544ced0f3@group-83CFD60236D8-SegmentedRaftLog:OPENED:c-1,f-1,i0, conf=-1: [3989452c-7599-4156-9543-3fe544ced0f3:192.168.157.254:36320, eec99a0c-e1b1-4518-bc49-9d1a8c8e04d5:192.168.157.254:45598, d9e6ea44-93db-446f-8020-a94232284285:192.168.157.254:41671], old=null
2019-10-16 22:15:38,925 [3989452c-7599-4156-9543-3fe544ced0f3@group-83CFD60236D8-LeaderElection397] INFO  impl.RaftServerImpl (RaftServerImpl.java:setRole(184)) - 3989452c-7599-4156-9543-3fe544ced0f3@group-83CFD60236D8: changes role from CANDIDATE to FOLLOWER at term 421 for DISCOVERED_A_NEW_TERM
2019-10-16 22:15:38,925 [3989452c-7599-4156-9543-3fe544ced0f3@group-83CFD60236D8-LeaderElection397] INFO  impl.RoleInfo (RoleInfo.java:shutdownLeaderElection(134)) - 3989452c-7599-4156-9543-3fe544ced0f3: shutdown LeaderElection
2019-10-16 22:15:38,925 [3989452c-7599-4156-9543-3fe544ced0f3@group-83CFD60236D8-LeaderElection397] INFO  impl.RoleInfo (RoleInfo.java:updateAndGet(143)) - 3989452c-7599-4156-9543-3fe544ced0f3: start FollowerState
2019-10-16 22:15:39,013 [Thread-3504] INFO  impl.FollowerState (FollowerState.java:run(108)) - 3989452c-7599-4156-9543-3fe544ced0f3@group-83CFD60236D8-FollowerState: change to CANDIDATE, lastRpcTime:87ms, electionTimeout:87ms
2019-10-16 22:15:39,013 [Thread-3504] INFO  impl.RoleInfo (RoleInfo.java:shutdownFollowerState(121)) - 3989452c-7599-4156-9543-3fe544ced0f3: shutdown FollowerState
2019-10-16 22:15:39,013 [Thread-3504] INFO  impl.RaftServerImpl (RaftServerImpl.java:setRole(184)) - 3989452c-7599-4156-9543-3fe544ced0f3@group-83CFD60236D8: changes role from  FOLLOWER to CANDIDATE at term 421 for changeToCandidate
2019-10-16 22:15:39,014 [Thread-3504] INFO  impl.RoleInfo (RoleInfo.java:updateAndGet(143)) - 3989452c-7599-4156-9543-3fe544ced0f3: start LeaderElection
2019-10-16 22:15:39,038 [3989452c-7599-4156-9543-3fe544ced0f3@group-83CFD60236D8-LeaderElection398] INFO  impl.LeaderElection (LeaderElection.java:askForVotes(178)) - 3989452c-7599-4156-9543-3fe544ced0f3@group-83CFD60236D8-LeaderElection398: begin an election at term 422 for -1: [3989452c-7599-4156-9543-3fe544ced0f3:192.168.157.254:36320, eec99a0c-e1b1-4518-bc49-9d1a8c8e04d5:192.168.157.254:45598, d9e6ea44-93db-446f-8020-a94232284285:192.168.157.254:41671], old=null
2019-10-16 22:15:39,041 [grpc-default-executor-18] INFO  impl.RaftServerImpl (RaftServerImpl.java:setRole(184)) - eec99a0c-e1b1-4518-bc49-9d1a8c8e04d5@group-83CFD60236D8: changes role from  FOLLOWER to FOLLOWER at term 422 for recognizeCandidate:3989452c-7599-4156-9543-3fe544ced0f3
2019-10-16 22:15:39,041 [grpc-default-executor-24] INFO  impl.RaftServerImpl (RaftServerImpl.java:setRole(184)) - d9e6ea44-93db-446f-8020-a94232284285@group-83CFD60236D8: changes role from  FOLLOWER to FOLLOWER at term 422 for recognizeCandidate:3989452c-7599-4156-9543-3fe544ced0f3
2019-10-16 22:15:39,041 [grpc-default-executor-24] INFO  impl.RoleInfo (RoleInfo.java:shutdownFollowerState(121)) - d9e6ea44-93db-446f-8020-a94232284285: shutdown FollowerState
2019-10-16 22:15:39,041 [grpc-default-executor-18] INFO  impl.RoleInfo (RoleInfo.java:shutdownFollowerState(121)) - eec99a0c-e1b1-4518-bc49-9d1a8c8e04d5: shutdown FollowerState
2019-10-16 22:15:39,041 [Thread-3502] INFO  impl.FollowerState (FollowerState.java:run(117)) - d9e6ea44-93db-446f-8020-a94232284285@group-83CFD60236D8-FollowerState was interrupted: java.lang.InterruptedException: sleep interrupted
2019-10-16 22:15:39,041 [grpc-default-executor-24] INFO  impl.RoleInfo (RoleInfo.java:updateAndGet(143)) - d9e6ea44-93db-446f-8020-a94232284285: start FollowerState
2019-10-16 22:15:39,042 [Thread-3503] INFO  impl.FollowerState (FollowerState.java:run(117)) - eec99a0c-e1b1-4518-bc49-9d1a8c8e04d5@group-83CFD60236D8-FollowerState was interrupted: java.lang.InterruptedException: sleep interrupted
2019-10-16 22:15:39,042 [grpc-default-executor-18] INFO  impl.RoleInfo (RoleInfo.java:updateAndGet(143)) - eec99a0c-e1b1-4518-bc49-9d1a8c8e04d5: start FollowerState
2019-10-16 22:15:39,065 [3989452c-7599-4156-9543-3fe544ced0f3@group-83CFD60236D8-LeaderElection398] INFO  impl.LeaderElection (LeaderElection.java:logAndReturn(56)) - 3989452c-7599-4156-9543-3fe544ced0f3@group-83CFD60236D8-LeaderElection398: Election REJECTED; received 2 response(s) [3989452c-7599-4156-9543-3fe544ced0f3<-eec99a0c-e1b1-4518-bc49-9d1a8c8e04d5#0:FAIL-t422, 3989452c-7599-4156-9543-3fe544ced0f3<-d9e6ea44-93db-446f-8020-a94232284285#0:FAIL-t422] and 0 exception(s); 3989452c-7599-4156-9543-3fe544ced0f3@group-83CFD60236D8:t422, leader=null, voted=3989452c-7599-4156-9543-3fe544ced0f3, raftlog=3989452c-7599-4156-9543-3fe544ced0f3@group-83CFD60236D8-SegmentedRaftLog:OPENED:c-1,f-1,i0, conf=-1: [3989452c-7599-4156-9543-3fe544ced0f3:192.168.157.254:36320, eec99a0c-e1b1-4518-bc49-9d1a8c8e04d5:192.168.157.254:45598, d9e6ea44-93db-446f-8020-a94232284285:192.168.157.254:41671], old=null
2019-10-16 22:15:39,065 [3989452c-7599-4156-9543-3fe544ced0f3@group-83CFD60236D8-LeaderElection398] INFO  impl.RaftServerImpl (RaftServerImpl.java:setRole(184)) - 3989452c-7599-4156-9543-3fe544ced0f3@group-83CFD60236D8: changes role from CANDIDATE to FOLLOWER at term 422 for DISCOVERED_A_NEW_TERM
2019-10-16 22:15:39,065 [3989452c-7599-4156-9543-3fe544ced0f3@group-83CFD60236D8-LeaderElection398] INFO  impl.RoleInfo (RoleInfo.java:shutdownLeaderElection(134)) - 3989452c-7599-4156-9543-3fe544ced0f3: shutdown LeaderElection
2019-10-16 22:15:39,065 [3989452c-7599-4156-9543-3fe544ced0f3@group-83CFD60236D8-LeaderElection398] INFO  impl.RoleInfo (RoleInfo.java:updateAndGet(143)) - 3989452c-7599-4156-9543-3fe544ced0f3: start FollowerState
 100.00% |?????????????????????????????????????????????????????????????????????????????????????????????????????|  1/1 Time: 0:00:05
]]></system-out>
  </testcase>
</testsuite>