<?xml version="1.0" encoding="UTF-8"?>
<testsuite xmlns:xsi="http://www.w3.org/2001/XMLSchema-instance" xsi:noNamespaceSchemaLocation="https://maven.apache.org/surefire/maven-surefire-plugin/xsd/surefire-test-report.xsd" name="org.apache.hadoop.fs.ozone.TestOzoneFileSystem" time="142.52" tests="8" errors="5" skipped="0" failures="0">
  <properties>
    <property name="awt.toolkit" value="sun.awt.X11.XToolkit"/>
    <property name="file.encoding.pkg" value="sun.io"/>
    <property name="java.specification.version" value="1.8"/>
    <property name="sun.cpu.isalist" value=""/>
    <property name="sun.jnu.encoding" value="UTF-8"/>
    <property name="java.class.path" value="/workdir/hadoop-ozone/ozonefs/target/test-classes:/workdir/hadoop-ozone/ozonefs/target/classes:/home/user/.m2/repository/org/apache/hadoop/hadoop-common/3.2.0/hadoop-common-3.2.0.jar:/home/user/.m2/repository/org/apache/hadoop/hadoop-annotations/3.2.0/hadoop-annotations-3.2.0.jar:/usr/lib/jvm/java-1.8-openjdk/jre/../lib/tools.jar:/home/user/.m2/repository/com/google/guava/guava/11.0.2/guava-11.0.2.jar:/home/user/.m2/repository/commons-cli/commons-cli/1.2/commons-cli-1.2.jar:/home/user/.m2/repository/org/apache/commons/commons-math3/3.1.1/commons-math3-3.1.1.jar:/home/user/.m2/repository/commons-codec/commons-codec/1.11/commons-codec-1.11.jar:/home/user/.m2/repository/commons-io/commons-io/2.5/commons-io-2.5.jar:/home/user/.m2/repository/commons-net/commons-net/3.6/commons-net-3.6.jar:/home/user/.m2/repository/commons-collections/commons-collections/3.2.2/commons-collections-3.2.2.jar:/home/user/.m2/repository/javax/servlet/javax.servlet-api/3.1.0/javax.servlet-api-3.1.0.jar:/home/user/.m2/repository/org/eclipse/jetty/jetty-server/9.3.25.v20180904/jetty-server-9.3.25.v20180904.jar:/home/user/.m2/repository/org/eclipse/jetty/jetty-http/9.3.25.v20180904/jetty-http-9.3.25.v20180904.jar:/home/user/.m2/repository/org/eclipse/jetty/jetty-io/9.3.25.v20180904/jetty-io-9.3.25.v20180904.jar:/home/user/.m2/repository/org/eclipse/jetty/jetty-util/9.3.25.v20180904/jetty-util-9.3.25.v20180904.jar:/home/user/.m2/repository/org/eclipse/jetty/jetty-servlet/9.3.25.v20180904/jetty-servlet-9.3.25.v20180904.jar:/home/user/.m2/repository/org/eclipse/jetty/jetty-security/9.3.25.v20180904/jetty-security-9.3.25.v20180904.jar:/home/user/.m2/repository/org/eclipse/jetty/jetty-webapp/9.3.25.v20180904/jetty-webapp-9.3.25.v20180904.jar:/home/user/.m2/repository/org/eclipse/jetty/jetty-xml/9.3.25.v20180904/jetty-xml-9.3.25.v20180904.jar:/home/user/.m2/repository/javax/servlet/jsp/jsp-api/2.1/jsp-api-2.1.jar:/home/user/.m2/repository/com/sun/jersey/jersey-core/1.19/jersey-core-1.19.jar:/home/user/.m2/repository/javax/ws/rs/jsr311-api/1.1.1/jsr311-api-1.1.1.jar:/home/user/.m2/repository/com/sun/jersey/jersey-servlet/1.19/jersey-servlet-1.19.jar:/home/user/.m2/repository/com/sun/jersey/jersey-json/1.19/jersey-json-1.19.jar:/home/user/.m2/repository/org/codehaus/jettison/jettison/1.1/jettison-1.1.jar:/home/user/.m2/repository/com/sun/xml/bind/jaxb-impl/2.3.0.1/jaxb-impl-2.3.0.1.jar:/home/user/.m2/repository/org/codehaus/jackson/jackson-core-asl/1.9.13/jackson-core-asl-1.9.13.jar:/home/user/.m2/repository/org/codehaus/jackson/jackson-mapper-asl/1.9.13/jackson-mapper-asl-1.9.13.jar:/home/user/.m2/repository/org/codehaus/jackson/jackson-jaxrs/1.9.13/jackson-jaxrs-1.9.13.jar:/home/user/.m2/repository/org/codehaus/jackson/jackson-xc/1.9.13/jackson-xc-1.9.13.jar:/home/user/.m2/repository/com/sun/jersey/jersey-server/1.19/jersey-server-1.19.jar:/home/user/.m2/repository/commons-logging/commons-logging/1.1.3/commons-logging-1.1.3.jar:/home/user/.m2/repository/log4j/log4j/1.2.17/log4j-1.2.17.jar:/home/user/.m2/repository/commons-beanutils/commons-beanutils/1.9.4/commons-beanutils-1.9.4.jar:/home/user/.m2/repository/org/apache/commons/commons-configuration2/2.1.1/commons-configuration2-2.1.1.jar:/home/user/.m2/repository/org/apache/commons/commons-lang3/3.7/commons-lang3-3.7.jar:/home/user/.m2/repository/org/apache/commons/commons-text/1.4/commons-text-1.4.jar:/home/user/.m2/repository/org/slf4j/slf4j-api/1.7.25/slf4j-api-1.7.25.jar:/home/user/.m2/repository/org/slf4j/slf4j-log4j12/1.7.25/slf4j-log4j12-1.7.25.jar:/home/user/.m2/repository/org/apache/avro/avro/1.7.7/avro-1.7.7.jar:/home/user/.m2/repository/com/thoughtworks/paranamer/paranamer/2.3/paranamer-2.3.jar:/home/user/.m2/repository/org/xerial/snappy/snappy-java/1.0.5/snappy-java-1.0.5.jar:/home/user/.m2/repository/com/google/re2j/re2j/1.1/re2j-1.1.jar:/home/user/.m2/repository/com/google/protobuf/protobuf-java/2.5.0/protobuf-java-2.5.0.jar:/home/user/.m2/repository/com/google/code/gson/gson/2.2.4/gson-2.2.4.jar:/home/user/.m2/repository/org/apache/hadoop/hadoop-auth/3.2.0/hadoop-auth-3.2.0.jar:/home/user/.m2/repository/com/nimbusds/nimbus-jose-jwt/4.41.1/nimbus-jose-jwt-4.41.1.jar:/home/user/.m2/repository/com/github/stephenc/jcip/jcip-annotations/1.0-1/jcip-annotations-1.0-1.jar:/home/user/.m2/repository/net/minidev/json-smart/2.3/json-smart-2.3.jar:/home/user/.m2/repository/net/minidev/accessors-smart/1.2/accessors-smart-1.2.jar:/home/user/.m2/repository/org/apache/curator/curator-framework/2.12.0/curator-framework-2.12.0.jar:/home/user/.m2/repository/com/jcraft/jsch/0.1.54/jsch-0.1.54.jar:/home/user/.m2/repository/org/apache/curator/curator-client/2.12.0/curator-client-2.12.0.jar:/home/user/.m2/repository/org/apache/curator/curator-recipes/2.12.0/curator-recipes-2.12.0.jar:/home/user/.m2/repository/com/google/code/findbugs/jsr305/3.0.0/jsr305-3.0.0.jar:/home/user/.m2/repository/org/apache/htrace/htrace-core4/4.1.0-incubating/htrace-core4-4.1.0-incubating.jar:/home/user/.m2/repository/org/apache/zookeeper/zookeeper/3.4.13/zookeeper-3.4.13.jar:/home/user/.m2/repository/jline/jline/0.9.94/jline-0.9.94.jar:/home/user/.m2/repository/org/apache/yetus/audience-annotations/0.5.0/audience-annotations-0.5.0.jar:/home/user/.m2/repository/org/apache/commons/commons-compress/1.4.1/commons-compress-1.4.1.jar:/home/user/.m2/repository/org/tukaani/xz/1.0/xz-1.0.jar:/home/user/.m2/repository/org/apache/kerby/kerb-simplekdc/1.0.1/kerb-simplekdc-1.0.1.jar:/home/user/.m2/repository/org/apache/kerby/kerb-client/1.0.1/kerb-client-1.0.1.jar:/home/user/.m2/repository/org/apache/kerby/kerby-config/1.0.1/kerby-config-1.0.1.jar:/home/user/.m2/repository/org/apache/kerby/kerb-core/1.0.1/kerb-core-1.0.1.jar:/home/user/.m2/repository/org/apache/kerby/kerby-pkix/1.0.1/kerby-pkix-1.0.1.jar:/home/user/.m2/repository/org/apache/kerby/kerby-asn1/1.0.1/kerby-asn1-1.0.1.jar:/home/user/.m2/repository/org/apache/kerby/kerby-util/1.0.1/kerby-util-1.0.1.jar:/home/user/.m2/repository/org/apache/kerby/kerb-common/1.0.1/kerb-common-1.0.1.jar:/home/user/.m2/repository/org/apache/kerby/kerb-crypto/1.0.1/kerb-crypto-1.0.1.jar:/home/user/.m2/repository/org/apache/kerby/kerb-util/1.0.1/kerb-util-1.0.1.jar:/home/user/.m2/repository/org/apache/kerby/token-provider/1.0.1/token-provider-1.0.1.jar:/home/user/.m2/repository/org/apache/kerby/kerb-admin/1.0.1/kerb-admin-1.0.1.jar:/home/user/.m2/repository/org/apache/kerby/kerb-server/1.0.1/kerb-server-1.0.1.jar:/home/user/.m2/repository/org/apache/kerby/kerb-identity/1.0.1/kerb-identity-1.0.1.jar:/home/user/.m2/repository/org/apache/kerby/kerby-xdr/1.0.1/kerby-xdr-1.0.1.jar:/home/user/.m2/repository/com/fasterxml/jackson/core/jackson-databind/2.9.9/jackson-databind-2.9.9.jar:/home/user/.m2/repository/com/fasterxml/jackson/core/jackson-annotations/2.9.9/jackson-annotations-2.9.9.jar:/home/user/.m2/repository/com/fasterxml/jackson/core/jackson-core/2.9.9/jackson-core-2.9.9.jar:/home/user/.m2/repository/org/codehaus/woodstox/stax2-api/3.1.4/stax2-api-3.1.4.jar:/home/user/.m2/repository/com/fasterxml/woodstox/woodstox-core/5.0.3/woodstox-core-5.0.3.jar:/home/user/.m2/repository/dnsjava/dnsjava/2.1.7/dnsjava-2.1.7.jar:/home/user/.m2/repository/org/apache/hadoop/hadoop-hdfs/3.2.0/hadoop-hdfs-3.2.0.jar:/home/user/.m2/repository/org/eclipse/jetty/jetty-util-ajax/9.3.25.v20180904/jetty-util-ajax-9.3.25.v20180904.jar:/home/user/.m2/repository/commons-daemon/commons-daemon/1.0.13/commons-daemon-1.0.13.jar:/home/user/.m2/repository/io/netty/netty/3.10.5.Final/netty-3.10.5.Final.jar:/home/user/.m2/repository/io/netty/netty-all/4.0.52.Final/netty-all-4.0.52.Final.jar:/home/user/.m2/repository/org/fusesource/leveldbjni/leveldbjni-all/1.8/leveldbjni-all-1.8.jar:/home/user/.m2/repository/org/apache/hadoop/hadoop-hdds-common/0.5.0-SNAPSHOT/hadoop-hdds-common-0.5.0-SNAPSHOT.jar:/home/user/.m2/repository/org/apache/hadoop/hadoop-hdds-config/0.5.0-SNAPSHOT/hadoop-hdds-config-0.5.0-SNAPSHOT.jar:/home/user/.m2/repository/javax/annotation/javax.annotation-api/1.2/javax.annotation-api-1.2.jar:/home/user/.m2/repository/org/apache/ratis/ratis-server/0.5.0-201fc85-SNAPSHOT/ratis-server-0.5.0-201fc85-SNAPSHOT.jar:/home/user/.m2/repository/org/apache/ratis/ratis-thirdparty-misc/0.2.0/ratis-thirdparty-misc-0.2.0.jar:/home/user/.m2/repository/org/apache/ratis/ratis-proto/0.5.0-201fc85-SNAPSHOT/ratis-proto-0.5.0-201fc85-SNAPSHOT.jar:/home/user/.m2/repository/org/apache/ratis/ratis-common/0.5.0-201fc85-SNAPSHOT/ratis-common-0.5.0-201fc85-SNAPSHOT.jar:/home/user/.m2/repository/org/apache/ratis/ratis-client/0.5.0-201fc85-SNAPSHOT/ratis-client-0.5.0-201fc85-SNAPSHOT.jar:/home/user/.m2/repository/org/apache/ratis/ratis-metrics/0.5.0-201fc85-SNAPSHOT/ratis-metrics-0.5.0-201fc85-SNAPSHOT.jar:/home/user/.m2/repository/com/github/joshelser/dropwizard-metrics-hadoop-metrics2-reporter/0.1.2/dropwizard-metrics-hadoop-metrics2-reporter-0.1.2.jar:/home/user/.m2/repository/io/dropwizard/metrics/metrics-jvm/3.2.5/metrics-jvm-3.2.5.jar:/home/user/.m2/repository/io/dropwizard/metrics/metrics-ganglia/3.2.5/metrics-ganglia-3.2.5.jar:/home/user/.m2/repository/info/ganglia/gmetric4j/gmetric4j/1.0.7/gmetric4j-1.0.7.jar:/home/user/.m2/repository/org/apache/ratis/ratis-netty/0.5.0-201fc85-SNAPSHOT/ratis-netty-0.5.0-201fc85-SNAPSHOT.jar:/home/user/.m2/repository/org/apache/ratis/ratis-grpc/0.5.0-201fc85-SNAPSHOT/ratis-grpc-0.5.0-201fc85-SNAPSHOT.jar:/home/user/.m2/repository/org/rocksdb/rocksdbjni/6.0.1/rocksdbjni-6.0.1.jar:/home/user/.m2/repository/org/apache/logging/log4j/log4j-api/2.11.0/log4j-api-2.11.0.jar:/home/user/.m2/repository/org/apache/logging/log4j/log4j-core/2.11.0/log4j-core-2.11.0.jar:/home/user/.m2/repository/com/lmax/disruptor/3.4.2/disruptor-3.4.2.jar:/home/user/.m2/repository/org/apache/commons/commons-pool2/2.6.0/commons-pool2-2.6.0.jar:/home/user/.m2/repository/org/bouncycastle/bcpkix-jdk15on/1.60/bcpkix-jdk15on-1.60.jar:/home/user/.m2/repository/commons-validator/commons-validator/1.6/commons-validator-1.6.jar:/home/user/.m2/repository/commons-digester/commons-digester/1.8.1/commons-digester-1.8.1.jar:/home/user/.m2/repository/io/jaegertracing/jaeger-client/0.34.0/jaeger-client-0.34.0.jar:/home/user/.m2/repository/io/jaegertracing/jaeger-thrift/0.34.0/jaeger-thrift-0.34.0.jar:/home/user/.m2/repository/org/apache/thrift/libthrift/0.12.0/libthrift-0.12.0.jar:/home/user/.m2/repository/com/squareup/okhttp3/okhttp/3.9.0/okhttp-3.9.0.jar:/home/user/.m2/repository/com/squareup/okio/okio/1.13.0/okio-1.13.0.jar:/home/user/.m2/repository/io/jaegertracing/jaeger-core/0.34.0/jaeger-core-0.34.0.jar:/home/user/.m2/repository/io/jaegertracing/jaeger-tracerresolver/0.34.0/jaeger-tracerresolver-0.34.0.jar:/home/user/.m2/repository/io/opentracing/contrib/opentracing-tracerresolver/0.1.5/opentracing-tracerresolver-0.1.5.jar:/home/user/.m2/repository/io/opentracing/opentracing-util/0.31.0/opentracing-util-0.31.0.jar:/home/user/.m2/repository/io/opentracing/opentracing-api/0.31.0/opentracing-api-0.31.0.jar:/home/user/.m2/repository/io/opentracing/opentracing-noop/0.31.0/opentracing-noop-0.31.0.jar:/home/user/.m2/repository/org/yaml/snakeyaml/1.16/snakeyaml-1.16.jar:/home/user/.m2/repository/org/apache/hadoop/hadoop-hdfs-client/3.2.0/hadoop-hdfs-client-3.2.0.jar:/home/user/.m2/repository/info/picocli/picocli/3.9.6/picocli-3.9.6.jar:/home/user/.m2/repository/org/apache/hadoop/hadoop-hdds-server-scm/0.5.0-SNAPSHOT/hadoop-hdds-server-scm-0.5.0-SNAPSHOT.jar:/home/user/.m2/repository/org/apache/hadoop/hadoop-hdds-docs/0.5.0-SNAPSHOT/hadoop-hdds-docs-0.5.0-SNAPSHOT.jar:/home/user/.m2/repository/io/dropwizard/metrics/metrics-core/3.2.4/metrics-core-3.2.4.jar:/home/user/.m2/repository/org/hamcrest/hamcrest-all/1.3/hamcrest-all-1.3.jar:/home/user/.m2/repository/org/bouncycastle/bcprov-jdk15on/1.60/bcprov-jdk15on-1.60.jar:/home/user/.m2/repository/org/apache/hadoop/hadoop-hdds-server-framework/0.5.0-SNAPSHOT/hadoop-hdds-server-framework-0.5.0-SNAPSHOT.jar:/home/user/.m2/repository/org/apache/hadoop/hadoop-ozone-ozone-manager/0.5.0-SNAPSHOT/hadoop-ozone-ozone-manager-0.5.0-SNAPSHOT.jar:/home/user/.m2/repository/org/apache/hadoop/hadoop-hdds-container-service/0.5.0-SNAPSHOT/hadoop-hdds-container-service-0.5.0-SNAPSHOT.jar:/home/user/.m2/repository/org/apache/hadoop/hadoop-hdds-client/0.5.0-SNAPSHOT/hadoop-hdds-client-0.5.0-SNAPSHOT.jar:/home/user/.m2/repository/org/apache/hadoop/hadoop-ozone-common/0.5.0-SNAPSHOT/hadoop-ozone-common-0.5.0-SNAPSHOT.jar:/home/user/.m2/repository/org/apache/hadoop/hadoop-hdds-tools/0.5.0-SNAPSHOT/hadoop-hdds-tools-0.5.0-SNAPSHOT.jar:/home/user/.m2/repository/org/xerial/sqlite-jdbc/3.25.2/sqlite-jdbc-3.25.2.jar:/home/user/.m2/repository/org/apache/httpcomponents/httpclient/4.5.2/httpclient-4.5.2.jar:/home/user/.m2/repository/org/apache/httpcomponents/httpcore/4.4.4/httpcore-4.4.4.jar:/home/user/.m2/repository/com/github/spotbugs/spotbugs/3.1.12/spotbugs-3.1.12.jar:/home/user/.m2/repository/org/ow2/asm/asm/5.0.4/asm-5.0.4.jar:/home/user/.m2/repository/org/ow2/asm/asm-analysis/7.0/asm-analysis-7.0.jar:/home/user/.m2/repository/org/ow2/asm/asm-commons/7.0/asm-commons-7.0.jar:/home/user/.m2/repository/org/ow2/asm/asm-tree/7.0/asm-tree-7.0.jar:/home/user/.m2/repository/org/ow2/asm/asm-util/7.0/asm-util-7.0.jar:/home/user/.m2/repository/org/apache/bcel/bcel/6.3/bcel-6.3.jar:/home/user/.m2/repository/net/jcip/jcip-annotations/1.0/jcip-annotations-1.0.jar:/home/user/.m2/repository/org/dom4j/dom4j/2.1.1/dom4j-2.1.1.jar:/home/user/.m2/repository/jaxen/jaxen/1.1.6/jaxen-1.1.6.jar:/home/user/.m2/repository/commons-lang/commons-lang/2.6/commons-lang-2.6.jar:/home/user/.m2/repository/com/github/spotbugs/spotbugs-annotations/3.1.12/spotbugs-annotations-3.1.12.jar:/home/user/.m2/repository/org/apache/hadoop/hadoop-common/3.2.0/hadoop-common-3.2.0-tests.jar:/home/user/.m2/repository/org/apache/hadoop/hadoop-ozone-client/0.5.0-SNAPSHOT/hadoop-ozone-client-0.5.0-SNAPSHOT.jar:/home/user/.m2/repository/org/apache/hadoop/hadoop-hdfs/3.2.0/hadoop-hdfs-3.2.0-tests.jar:/workdir/hadoop-ozone/integration-test/target/test-classes:/home/user/.m2/repository/org/apache/hadoop/hadoop-ozone-s3gateway/0.5.0-SNAPSHOT/hadoop-ozone-s3gateway-0.5.0-SNAPSHOT.jar:/home/user/.m2/repository/org/jboss/weld/servlet/weld-servlet/2.4.7.Final/weld-servlet-2.4.7.Final.jar:/home/user/.m2/repository/org/glassfish/jersey/containers/jersey-container-servlet-core/2.27/jersey-container-servlet-core-2.27.jar:/home/user/.m2/repository/org/glassfish/hk2/external/javax.inject/2.5.0-b42/javax.inject-2.5.0-b42.jar:/home/user/.m2/repository/org/glassfish/jersey/core/jersey-common/2.27/jersey-common-2.27.jar:/home/user/.m2/repository/org/glassfish/hk2/osgi-resource-locator/1.0.1/osgi-resource-locator-1.0.1.jar:/home/user/.m2/repository/javax/ws/rs/javax.ws.rs-api/2.1/javax.ws.rs-api-2.1.jar:/home/user/.m2/repository/org/glassfish/jersey/ext/cdi/jersey-cdi1x/2.27/jersey-cdi1x-2.27.jar:/home/user/.m2/repository/org/glassfish/jersey/inject/jersey-hk2/2.27/jersey-hk2-2.27.jar:/home/user/.m2/repository/org/glassfish/hk2/hk2-locator/2.5.0-b42/hk2-locator-2.5.0-b42.jar:/home/user/.m2/repository/org/javassist/javassist/3.22.0-CR2/javassist-3.22.0-CR2.jar:/home/user/.m2/repository/org/glassfish/hk2/hk2-api/2.5.0/hk2-api-2.5.0.jar:/home/user/.m2/repository/org/glassfish/hk2/external/jakarta.inject/2.5.0/jakarta.inject-2.5.0.jar:/home/user/.m2/repository/org/glassfish/hk2/hk2-utils/2.5.0/hk2-utils-2.5.0.jar:/home/user/.m2/repository/jakarta/annotation/jakarta.annotation-api/1.3.4/jakarta.annotation-api-1.3.4.jar:/home/user/.m2/repository/org/glassfish/hk2/external/aopalliance-repackaged/2.5.0/aopalliance-repackaged-2.5.0.jar:/home/user/.m2/repository/com/fasterxml/jackson/dataformat/jackson-dataformat-xml/2.9.0/jackson-dataformat-xml-2.9.0.jar:/home/user/.m2/repository/com/fasterxml/jackson/module/jackson-module-jaxb-annotations/2.9.9/jackson-module-jaxb-annotations-2.9.9.jar:/home/user/.m2/repository/javax/enterprise/cdi-api/1.2/cdi-api-1.2.jar:/home/user/.m2/repository/javax/el/javax.el-api/3.0.0/javax.el-api-3.0.0.jar:/home/user/.m2/repository/javax/interceptor/javax.interceptor-api/1.2/javax.interceptor-api-1.2.jar:/home/user/.m2/repository/javax/inject/javax.inject/1/javax.inject-1.jar:/home/user/.m2/repository/com/sun/xml/bind/jaxb-core/2.3.0.1/jaxb-core-2.3.0.1.jar:/home/user/.m2/repository/javax/xml/bind/jaxb-api/2.3.0/jaxb-api-2.3.0.jar:/home/user/.m2/repository/javax/activation/activation/1.1.1/activation-1.1.1.jar:/home/user/.m2/repository/org/apache/hadoop/hadoop-ozone-csi/0.5.0-SNAPSHOT/hadoop-ozone-csi-0.5.0-SNAPSHOT.jar:/home/user/.m2/repository/com/google/protobuf/protobuf-java-util/3.5.1/protobuf-java-util-3.5.1.jar:/home/user/.m2/repository/io/grpc/grpc-netty/1.17.1/grpc-netty-1.17.1.jar:/home/user/.m2/repository/io/grpc/grpc-core/1.17.1/grpc-core-1.17.1.jar:/home/user/.m2/repository/io/grpc/grpc-context/1.17.1/grpc-context-1.17.1.jar:/home/user/.m2/repository/com/google/errorprone/error_prone_annotations/2.2.0/error_prone_annotations-2.2.0.jar:/home/user/.m2/repository/org/codehaus/mojo/animal-sniffer-annotations/1.17/animal-sniffer-annotations-1.17.jar:/home/user/.m2/repository/io/opencensus/opencensus-api/0.17.0/opencensus-api-0.17.0.jar:/home/user/.m2/repository/io/opencensus/opencensus-contrib-grpc-metrics/0.17.0/opencensus-contrib-grpc-metrics-0.17.0.jar:/home/user/.m2/repository/io/netty/netty-codec-http2/4.1.30.Final/netty-codec-http2-4.1.30.Final.jar:/home/user/.m2/repository/io/netty/netty-codec-http/4.1.30.Final/netty-codec-http-4.1.30.Final.jar:/home/user/.m2/repository/io/netty/netty-codec/4.1.30.Final/netty-codec-4.1.30.Final.jar:/home/user/.m2/repository/io/netty/netty-handler/4.1.30.Final/netty-handler-4.1.30.Final.jar:/home/user/.m2/repository/io/netty/netty-handler-proxy/4.1.30.Final/netty-handler-proxy-4.1.30.Final.jar:/home/user/.m2/repository/io/netty/netty-codec-socks/4.1.30.Final/netty-codec-socks-4.1.30.Final.jar:/home/user/.m2/repository/io/netty/netty-transport-native-epoll/4.1.30.Final/netty-transport-native-epoll-4.1.30.Final.jar:/home/user/.m2/repository/io/netty/netty-common/4.1.30.Final/netty-common-4.1.30.Final.jar:/home/user/.m2/repository/io/netty/netty-buffer/4.1.30.Final/netty-buffer-4.1.30.Final.jar:/home/user/.m2/repository/io/netty/netty-transport/4.1.30.Final/netty-transport-4.1.30.Final.jar:/home/user/.m2/repository/io/netty/netty-resolver/4.1.30.Final/netty-resolver-4.1.30.Final.jar:/home/user/.m2/repository/io/netty/netty-transport-native-unix-common/4.1.30.Final/netty-transport-native-unix-common-4.1.30.Final.jar:/home/user/.m2/repository/io/grpc/grpc-protobuf/1.17.1/grpc-protobuf-1.17.1.jar:/home/user/.m2/repository/com/google/api/grpc/proto-google-common-protos/1.0.0/proto-google-common-protos-1.0.0.jar:/home/user/.m2/repository/io/grpc/grpc-protobuf-lite/1.17.1/grpc-protobuf-lite-1.17.1.jar:/home/user/.m2/repository/io/grpc/grpc-stub/1.17.1/grpc-stub-1.17.1.jar:/home/user/.m2/repository/org/apache/hadoop/hadoop-ozone-recon/0.5.0-SNAPSHOT/hadoop-ozone-recon-0.5.0-SNAPSHOT.jar:/home/user/.m2/repository/org/apache/hadoop/hadoop-ozone-reconcodegen/0.5.0-SNAPSHOT/hadoop-ozone-reconcodegen-0.5.0-SNAPSHOT.jar:/home/user/.m2/repository/com/google/inject/extensions/guice-multibindings/4.0/guice-multibindings-4.0.jar:/home/user/.m2/repository/com/google/inject/guice/4.0/guice-4.0.jar:/home/user/.m2/repository/aopalliance/aopalliance/1.0/aopalliance-1.0.jar:/home/user/.m2/repository/org/glassfish/jersey/containers/jersey-container-servlet/2.27/jersey-container-servlet-2.27.jar:/home/user/.m2/repository/org/glassfish/hk2/guice-bridge/2.5.0/guice-bridge-2.5.0.jar:/home/user/.m2/repository/org/glassfish/jersey/core/jersey-server/2.27/jersey-server-2.27.jar:/home/user/.m2/repository/org/glassfish/jersey/core/jersey-client/2.27/jersey-client-2.27.jar:/home/user/.m2/repository/org/glassfish/jersey/media/jersey-media-jaxb/2.27/jersey-media-jaxb-2.27.jar:/home/user/.m2/repository/javax/validation/validation-api/1.1.0.Final/validation-api-1.1.0.Final.jar:/home/user/.m2/repository/org/glassfish/jersey/media/jersey-media-json-jackson/2.27/jersey-media-json-jackson-2.27.jar:/home/user/.m2/repository/org/glassfish/jersey/ext/jersey-entity-filtering/2.27/jersey-entity-filtering-2.27.jar:/home/user/.m2/repository/com/google/inject/extensions/guice-assistedinject/4.0/guice-assistedinject-4.0.jar:/home/user/.m2/repository/org/jooq/jooq/3.11.10/jooq-3.11.10.jar:/home/user/.m2/repository/org/jooq/jooq-meta/3.11.10/jooq-meta-3.11.10.jar:/home/user/.m2/repository/org/jooq/jooq-codegen/3.11.10/jooq-codegen-3.11.10.jar:/home/user/.m2/repository/com/jolbox/bonecp/0.8.0.RELEASE/bonecp-0.8.0.RELEASE.jar:/home/user/.m2/repository/org/springframework/spring-jdbc/5.1.3.RELEASE/spring-jdbc-5.1.3.RELEASE.jar:/home/user/.m2/repository/org/springframework/spring-beans/5.1.3.RELEASE/spring-beans-5.1.3.RELEASE.jar:/home/user/.m2/repository/org/springframework/spring-core/5.1.3.RELEASE/spring-core-5.1.3.RELEASE.jar:/home/user/.m2/repository/org/springframework/spring-jcl/5.1.3.RELEASE/spring-jcl-5.1.3.RELEASE.jar:/home/user/.m2/repository/org/springframework/spring-tx/5.1.3.RELEASE/spring-tx-5.1.3.RELEASE.jar:/home/user/.m2/repository/org/mockito/mockito-all/1.10.19/mockito-all-1.10.19.jar:/home/user/.m2/repository/junit/junit/4.11/junit-4.11.jar:/home/user/.m2/repository/org/hamcrest/hamcrest-core/1.3/hamcrest-core-1.3.jar:/home/user/.m2/repository/org/apache/hadoop/hadoop-distcp/3.2.0/hadoop-distcp-3.2.0.jar:/home/user/.m2/repository/org/apache/hadoop/hadoop-distcp/3.2.0/hadoop-distcp-3.2.0-tests.jar:/home/user/.m2/repository/org/apache/hadoop/hadoop-mapreduce-client-jobclient/3.2.0/hadoop-mapreduce-client-jobclient-3.2.0.jar:/home/user/.m2/repository/org/apache/hadoop/hadoop-mapreduce-client-common/3.2.0/hadoop-mapreduce-client-common-3.2.0.jar:/home/user/.m2/repository/org/apache/hadoop/hadoop-yarn-common/3.2.0/hadoop-yarn-common-3.2.0.jar:/home/user/.m2/repository/org/apache/hadoop/hadoop-yarn-api/3.2.0/hadoop-yarn-api-3.2.0.jar:/home/user/.m2/repository/com/sun/jersey/jersey-client/1.19/jersey-client-1.19.jar:/home/user/.m2/repository/com/sun/jersey/contribs/jersey-guice/1.19/jersey-guice-1.19.jar:/home/user/.m2/repository/com/fasterxml/jackson/jaxrs/jackson-jaxrs-json-provider/2.9.9/jackson-jaxrs-json-provider-2.9.9.jar:/home/user/.m2/repository/com/fasterxml/jackson/jaxrs/jackson-jaxrs-base/2.9.9/jackson-jaxrs-base-2.9.9.jar:/home/user/.m2/repository/org/apache/hadoop/hadoop-yarn-client/3.2.0/hadoop-yarn-client-3.2.0.jar:/home/user/.m2/repository/org/apache/hadoop/hadoop-mapreduce-client-core/3.2.0/hadoop-mapreduce-client-core-3.2.0.jar:/home/user/.m2/repository/com/google/inject/extensions/guice-servlet/4.0/guice-servlet-4.0.jar:/home/user/.m2/repository/org/powermock/powermock-module-junit4/1.6.5/powermock-module-junit4-1.6.5.jar:/home/user/.m2/repository/org/powermock/powermock-module-junit4-common/1.6.5/powermock-module-junit4-common-1.6.5.jar:/home/user/.m2/repository/org/powermock/powermock-core/1.6.5/powermock-core-1.6.5.jar:/home/user/.m2/repository/org/powermock/powermock-reflect/1.6.5/powermock-reflect-1.6.5.jar:/home/user/.m2/repository/org/powermock/powermock-api-mockito/1.6.5/powermock-api-mockito-1.6.5.jar:/home/user/.m2/repository/org/mockito/mockito-core/1.10.19/mockito-core-1.10.19.jar:/home/user/.m2/repository/org/objenesis/objenesis/1.0/objenesis-1.0.jar:/home/user/.m2/repository/org/powermock/powermock-api-mockito-common/1.6.5/powermock-api-mockito-common-1.6.5.jar:/home/user/.m2/repository/org/powermock/powermock-api-support/1.6.5/powermock-api-support-1.6.5.jar:"/>
    <property name="java.vm.vendor" value="IcedTea"/>
    <property name="sun.arch.data.model" value="64"/>
    <property name="test.build.dir" value="/workdir/hadoop-ozone/ozonefs/target/test-dir"/>
    <property name="test.cache.data" value=""/>
    <property name="java.vendor.url" value="https://icedtea.classpath.org"/>
    <property name="user.timezone" value=""/>
    <property name="java.vm.specification.version" value="1.8"/>
    <property name="os.name" value="Linux"/>
    <property name="test.build.data" value="/workdir/hadoop-ozone/ozonefs/target/test-dir"/>
    <property name="user.country" value="US"/>
    <property name="sun.java.launcher" value="SUN_STANDARD"/>
    <property name="sun.boot.library.path" value="/usr/lib/jvm/java-1.8-openjdk/jre/lib/amd64"/>
    <property name="sun.java.command" value="/workdir/hadoop-ozone/ozonefs/target/surefire/surefirebooter6162373333753974461.jar /workdir/hadoop-ozone/ozonefs/target/surefire 2019-10-02T21-38-28_196-jvmRun1 surefire2148068038489141794tmp surefire_967757639238675777280tmp"/>
    <property name="test" value="!TestMiniChaosOzoneCluster"/>
    <property name="surefire.test.class.path" value="/workdir/hadoop-ozone/ozonefs/target/test-classes:/workdir/hadoop-ozone/ozonefs/target/classes:/home/user/.m2/repository/org/apache/hadoop/hadoop-common/3.2.0/hadoop-common-3.2.0.jar:/home/user/.m2/repository/org/apache/hadoop/hadoop-annotations/3.2.0/hadoop-annotations-3.2.0.jar:/usr/lib/jvm/java-1.8-openjdk/jre/../lib/tools.jar:/home/user/.m2/repository/com/google/guava/guava/11.0.2/guava-11.0.2.jar:/home/user/.m2/repository/commons-cli/commons-cli/1.2/commons-cli-1.2.jar:/home/user/.m2/repository/org/apache/commons/commons-math3/3.1.1/commons-math3-3.1.1.jar:/home/user/.m2/repository/commons-codec/commons-codec/1.11/commons-codec-1.11.jar:/home/user/.m2/repository/commons-io/commons-io/2.5/commons-io-2.5.jar:/home/user/.m2/repository/commons-net/commons-net/3.6/commons-net-3.6.jar:/home/user/.m2/repository/commons-collections/commons-collections/3.2.2/commons-collections-3.2.2.jar:/home/user/.m2/repository/javax/servlet/javax.servlet-api/3.1.0/javax.servlet-api-3.1.0.jar:/home/user/.m2/repository/org/eclipse/jetty/jetty-server/9.3.25.v20180904/jetty-server-9.3.25.v20180904.jar:/home/user/.m2/repository/org/eclipse/jetty/jetty-http/9.3.25.v20180904/jetty-http-9.3.25.v20180904.jar:/home/user/.m2/repository/org/eclipse/jetty/jetty-io/9.3.25.v20180904/jetty-io-9.3.25.v20180904.jar:/home/user/.m2/repository/org/eclipse/jetty/jetty-util/9.3.25.v20180904/jetty-util-9.3.25.v20180904.jar:/home/user/.m2/repository/org/eclipse/jetty/jetty-servlet/9.3.25.v20180904/jetty-servlet-9.3.25.v20180904.jar:/home/user/.m2/repository/org/eclipse/jetty/jetty-security/9.3.25.v20180904/jetty-security-9.3.25.v20180904.jar:/home/user/.m2/repository/org/eclipse/jetty/jetty-webapp/9.3.25.v20180904/jetty-webapp-9.3.25.v20180904.jar:/home/user/.m2/repository/org/eclipse/jetty/jetty-xml/9.3.25.v20180904/jetty-xml-9.3.25.v20180904.jar:/home/user/.m2/repository/javax/servlet/jsp/jsp-api/2.1/jsp-api-2.1.jar:/home/user/.m2/repository/com/sun/jersey/jersey-core/1.19/jersey-core-1.19.jar:/home/user/.m2/repository/javax/ws/rs/jsr311-api/1.1.1/jsr311-api-1.1.1.jar:/home/user/.m2/repository/com/sun/jersey/jersey-servlet/1.19/jersey-servlet-1.19.jar:/home/user/.m2/repository/com/sun/jersey/jersey-json/1.19/jersey-json-1.19.jar:/home/user/.m2/repository/org/codehaus/jettison/jettison/1.1/jettison-1.1.jar:/home/user/.m2/repository/com/sun/xml/bind/jaxb-impl/2.3.0.1/jaxb-impl-2.3.0.1.jar:/home/user/.m2/repository/org/codehaus/jackson/jackson-core-asl/1.9.13/jackson-core-asl-1.9.13.jar:/home/user/.m2/repository/org/codehaus/jackson/jackson-mapper-asl/1.9.13/jackson-mapper-asl-1.9.13.jar:/home/user/.m2/repository/org/codehaus/jackson/jackson-jaxrs/1.9.13/jackson-jaxrs-1.9.13.jar:/home/user/.m2/repository/org/codehaus/jackson/jackson-xc/1.9.13/jackson-xc-1.9.13.jar:/home/user/.m2/repository/com/sun/jersey/jersey-server/1.19/jersey-server-1.19.jar:/home/user/.m2/repository/commons-logging/commons-logging/1.1.3/commons-logging-1.1.3.jar:/home/user/.m2/repository/log4j/log4j/1.2.17/log4j-1.2.17.jar:/home/user/.m2/repository/commons-beanutils/commons-beanutils/1.9.4/commons-beanutils-1.9.4.jar:/home/user/.m2/repository/org/apache/commons/commons-configuration2/2.1.1/commons-configuration2-2.1.1.jar:/home/user/.m2/repository/org/apache/commons/commons-lang3/3.7/commons-lang3-3.7.jar:/home/user/.m2/repository/org/apache/commons/commons-text/1.4/commons-text-1.4.jar:/home/user/.m2/repository/org/slf4j/slf4j-api/1.7.25/slf4j-api-1.7.25.jar:/home/user/.m2/repository/org/slf4j/slf4j-log4j12/1.7.25/slf4j-log4j12-1.7.25.jar:/home/user/.m2/repository/org/apache/avro/avro/1.7.7/avro-1.7.7.jar:/home/user/.m2/repository/com/thoughtworks/paranamer/paranamer/2.3/paranamer-2.3.jar:/home/user/.m2/repository/org/xerial/snappy/snappy-java/1.0.5/snappy-java-1.0.5.jar:/home/user/.m2/repository/com/google/re2j/re2j/1.1/re2j-1.1.jar:/home/user/.m2/repository/com/google/protobuf/protobuf-java/2.5.0/protobuf-java-2.5.0.jar:/home/user/.m2/repository/com/google/code/gson/gson/2.2.4/gson-2.2.4.jar:/home/user/.m2/repository/org/apache/hadoop/hadoop-auth/3.2.0/hadoop-auth-3.2.0.jar:/home/user/.m2/repository/com/nimbusds/nimbus-jose-jwt/4.41.1/nimbus-jose-jwt-4.41.1.jar:/home/user/.m2/repository/com/github/stephenc/jcip/jcip-annotations/1.0-1/jcip-annotations-1.0-1.jar:/home/user/.m2/repository/net/minidev/json-smart/2.3/json-smart-2.3.jar:/home/user/.m2/repository/net/minidev/accessors-smart/1.2/accessors-smart-1.2.jar:/home/user/.m2/repository/org/apache/curator/curator-framework/2.12.0/curator-framework-2.12.0.jar:/home/user/.m2/repository/com/jcraft/jsch/0.1.54/jsch-0.1.54.jar:/home/user/.m2/repository/org/apache/curator/curator-client/2.12.0/curator-client-2.12.0.jar:/home/user/.m2/repository/org/apache/curator/curator-recipes/2.12.0/curator-recipes-2.12.0.jar:/home/user/.m2/repository/com/google/code/findbugs/jsr305/3.0.0/jsr305-3.0.0.jar:/home/user/.m2/repository/org/apache/htrace/htrace-core4/4.1.0-incubating/htrace-core4-4.1.0-incubating.jar:/home/user/.m2/repository/org/apache/zookeeper/zookeeper/3.4.13/zookeeper-3.4.13.jar:/home/user/.m2/repository/jline/jline/0.9.94/jline-0.9.94.jar:/home/user/.m2/repository/org/apache/yetus/audience-annotations/0.5.0/audience-annotations-0.5.0.jar:/home/user/.m2/repository/org/apache/commons/commons-compress/1.4.1/commons-compress-1.4.1.jar:/home/user/.m2/repository/org/tukaani/xz/1.0/xz-1.0.jar:/home/user/.m2/repository/org/apache/kerby/kerb-simplekdc/1.0.1/kerb-simplekdc-1.0.1.jar:/home/user/.m2/repository/org/apache/kerby/kerb-client/1.0.1/kerb-client-1.0.1.jar:/home/user/.m2/repository/org/apache/kerby/kerby-config/1.0.1/kerby-config-1.0.1.jar:/home/user/.m2/repository/org/apache/kerby/kerb-core/1.0.1/kerb-core-1.0.1.jar:/home/user/.m2/repository/org/apache/kerby/kerby-pkix/1.0.1/kerby-pkix-1.0.1.jar:/home/user/.m2/repository/org/apache/kerby/kerby-asn1/1.0.1/kerby-asn1-1.0.1.jar:/home/user/.m2/repository/org/apache/kerby/kerby-util/1.0.1/kerby-util-1.0.1.jar:/home/user/.m2/repository/org/apache/kerby/kerb-common/1.0.1/kerb-common-1.0.1.jar:/home/user/.m2/repository/org/apache/kerby/kerb-crypto/1.0.1/kerb-crypto-1.0.1.jar:/home/user/.m2/repository/org/apache/kerby/kerb-util/1.0.1/kerb-util-1.0.1.jar:/home/user/.m2/repository/org/apache/kerby/token-provider/1.0.1/token-provider-1.0.1.jar:/home/user/.m2/repository/org/apache/kerby/kerb-admin/1.0.1/kerb-admin-1.0.1.jar:/home/user/.m2/repository/org/apache/kerby/kerb-server/1.0.1/kerb-server-1.0.1.jar:/home/user/.m2/repository/org/apache/kerby/kerb-identity/1.0.1/kerb-identity-1.0.1.jar:/home/user/.m2/repository/org/apache/kerby/kerby-xdr/1.0.1/kerby-xdr-1.0.1.jar:/home/user/.m2/repository/com/fasterxml/jackson/core/jackson-databind/2.9.9/jackson-databind-2.9.9.jar:/home/user/.m2/repository/com/fasterxml/jackson/core/jackson-annotations/2.9.9/jackson-annotations-2.9.9.jar:/home/user/.m2/repository/com/fasterxml/jackson/core/jackson-core/2.9.9/jackson-core-2.9.9.jar:/home/user/.m2/repository/org/codehaus/woodstox/stax2-api/3.1.4/stax2-api-3.1.4.jar:/home/user/.m2/repository/com/fasterxml/woodstox/woodstox-core/5.0.3/woodstox-core-5.0.3.jar:/home/user/.m2/repository/dnsjava/dnsjava/2.1.7/dnsjava-2.1.7.jar:/home/user/.m2/repository/org/apache/hadoop/hadoop-hdfs/3.2.0/hadoop-hdfs-3.2.0.jar:/home/user/.m2/repository/org/eclipse/jetty/jetty-util-ajax/9.3.25.v20180904/jetty-util-ajax-9.3.25.v20180904.jar:/home/user/.m2/repository/commons-daemon/commons-daemon/1.0.13/commons-daemon-1.0.13.jar:/home/user/.m2/repository/io/netty/netty/3.10.5.Final/netty-3.10.5.Final.jar:/home/user/.m2/repository/io/netty/netty-all/4.0.52.Final/netty-all-4.0.52.Final.jar:/home/user/.m2/repository/org/fusesource/leveldbjni/leveldbjni-all/1.8/leveldbjni-all-1.8.jar:/home/user/.m2/repository/org/apache/hadoop/hadoop-hdds-common/0.5.0-SNAPSHOT/hadoop-hdds-common-0.5.0-SNAPSHOT.jar:/home/user/.m2/repository/org/apache/hadoop/hadoop-hdds-config/0.5.0-SNAPSHOT/hadoop-hdds-config-0.5.0-SNAPSHOT.jar:/home/user/.m2/repository/javax/annotation/javax.annotation-api/1.2/javax.annotation-api-1.2.jar:/home/user/.m2/repository/org/apache/ratis/ratis-server/0.5.0-201fc85-SNAPSHOT/ratis-server-0.5.0-201fc85-SNAPSHOT.jar:/home/user/.m2/repository/org/apache/ratis/ratis-thirdparty-misc/0.2.0/ratis-thirdparty-misc-0.2.0.jar:/home/user/.m2/repository/org/apache/ratis/ratis-proto/0.5.0-201fc85-SNAPSHOT/ratis-proto-0.5.0-201fc85-SNAPSHOT.jar:/home/user/.m2/repository/org/apache/ratis/ratis-common/0.5.0-201fc85-SNAPSHOT/ratis-common-0.5.0-201fc85-SNAPSHOT.jar:/home/user/.m2/repository/org/apache/ratis/ratis-client/0.5.0-201fc85-SNAPSHOT/ratis-client-0.5.0-201fc85-SNAPSHOT.jar:/home/user/.m2/repository/org/apache/ratis/ratis-metrics/0.5.0-201fc85-SNAPSHOT/ratis-metrics-0.5.0-201fc85-SNAPSHOT.jar:/home/user/.m2/repository/com/github/joshelser/dropwizard-metrics-hadoop-metrics2-reporter/0.1.2/dropwizard-metrics-hadoop-metrics2-reporter-0.1.2.jar:/home/user/.m2/repository/io/dropwizard/metrics/metrics-jvm/3.2.5/metrics-jvm-3.2.5.jar:/home/user/.m2/repository/io/dropwizard/metrics/metrics-ganglia/3.2.5/metrics-ganglia-3.2.5.jar:/home/user/.m2/repository/info/ganglia/gmetric4j/gmetric4j/1.0.7/gmetric4j-1.0.7.jar:/home/user/.m2/repository/org/apache/ratis/ratis-netty/0.5.0-201fc85-SNAPSHOT/ratis-netty-0.5.0-201fc85-SNAPSHOT.jar:/home/user/.m2/repository/org/apache/ratis/ratis-grpc/0.5.0-201fc85-SNAPSHOT/ratis-grpc-0.5.0-201fc85-SNAPSHOT.jar:/home/user/.m2/repository/org/rocksdb/rocksdbjni/6.0.1/rocksdbjni-6.0.1.jar:/home/user/.m2/repository/org/apache/logging/log4j/log4j-api/2.11.0/log4j-api-2.11.0.jar:/home/user/.m2/repository/org/apache/logging/log4j/log4j-core/2.11.0/log4j-core-2.11.0.jar:/home/user/.m2/repository/com/lmax/disruptor/3.4.2/disruptor-3.4.2.jar:/home/user/.m2/repository/org/apache/commons/commons-pool2/2.6.0/commons-pool2-2.6.0.jar:/home/user/.m2/repository/org/bouncycastle/bcpkix-jdk15on/1.60/bcpkix-jdk15on-1.60.jar:/home/user/.m2/repository/commons-validator/commons-validator/1.6/commons-validator-1.6.jar:/home/user/.m2/repository/commons-digester/commons-digester/1.8.1/commons-digester-1.8.1.jar:/home/user/.m2/repository/io/jaegertracing/jaeger-client/0.34.0/jaeger-client-0.34.0.jar:/home/user/.m2/repository/io/jaegertracing/jaeger-thrift/0.34.0/jaeger-thrift-0.34.0.jar:/home/user/.m2/repository/org/apache/thrift/libthrift/0.12.0/libthrift-0.12.0.jar:/home/user/.m2/repository/com/squareup/okhttp3/okhttp/3.9.0/okhttp-3.9.0.jar:/home/user/.m2/repository/com/squareup/okio/okio/1.13.0/okio-1.13.0.jar:/home/user/.m2/repository/io/jaegertracing/jaeger-core/0.34.0/jaeger-core-0.34.0.jar:/home/user/.m2/repository/io/jaegertracing/jaeger-tracerresolver/0.34.0/jaeger-tracerresolver-0.34.0.jar:/home/user/.m2/repository/io/opentracing/contrib/opentracing-tracerresolver/0.1.5/opentracing-tracerresolver-0.1.5.jar:/home/user/.m2/repository/io/opentracing/opentracing-util/0.31.0/opentracing-util-0.31.0.jar:/home/user/.m2/repository/io/opentracing/opentracing-api/0.31.0/opentracing-api-0.31.0.jar:/home/user/.m2/repository/io/opentracing/opentracing-noop/0.31.0/opentracing-noop-0.31.0.jar:/home/user/.m2/repository/org/yaml/snakeyaml/1.16/snakeyaml-1.16.jar:/home/user/.m2/repository/org/apache/hadoop/hadoop-hdfs-client/3.2.0/hadoop-hdfs-client-3.2.0.jar:/home/user/.m2/repository/info/picocli/picocli/3.9.6/picocli-3.9.6.jar:/home/user/.m2/repository/org/apache/hadoop/hadoop-hdds-server-scm/0.5.0-SNAPSHOT/hadoop-hdds-server-scm-0.5.0-SNAPSHOT.jar:/home/user/.m2/repository/org/apache/hadoop/hadoop-hdds-docs/0.5.0-SNAPSHOT/hadoop-hdds-docs-0.5.0-SNAPSHOT.jar:/home/user/.m2/repository/io/dropwizard/metrics/metrics-core/3.2.4/metrics-core-3.2.4.jar:/home/user/.m2/repository/org/hamcrest/hamcrest-all/1.3/hamcrest-all-1.3.jar:/home/user/.m2/repository/org/bouncycastle/bcprov-jdk15on/1.60/bcprov-jdk15on-1.60.jar:/home/user/.m2/repository/org/apache/hadoop/hadoop-hdds-server-framework/0.5.0-SNAPSHOT/hadoop-hdds-server-framework-0.5.0-SNAPSHOT.jar:/home/user/.m2/repository/org/apache/hadoop/hadoop-ozone-ozone-manager/0.5.0-SNAPSHOT/hadoop-ozone-ozone-manager-0.5.0-SNAPSHOT.jar:/home/user/.m2/repository/org/apache/hadoop/hadoop-hdds-container-service/0.5.0-SNAPSHOT/hadoop-hdds-container-service-0.5.0-SNAPSHOT.jar:/home/user/.m2/repository/org/apache/hadoop/hadoop-hdds-client/0.5.0-SNAPSHOT/hadoop-hdds-client-0.5.0-SNAPSHOT.jar:/home/user/.m2/repository/org/apache/hadoop/hadoop-ozone-common/0.5.0-SNAPSHOT/hadoop-ozone-common-0.5.0-SNAPSHOT.jar:/home/user/.m2/repository/org/apache/hadoop/hadoop-hdds-tools/0.5.0-SNAPSHOT/hadoop-hdds-tools-0.5.0-SNAPSHOT.jar:/home/user/.m2/repository/org/xerial/sqlite-jdbc/3.25.2/sqlite-jdbc-3.25.2.jar:/home/user/.m2/repository/org/apache/httpcomponents/httpclient/4.5.2/httpclient-4.5.2.jar:/home/user/.m2/repository/org/apache/httpcomponents/httpcore/4.4.4/httpcore-4.4.4.jar:/home/user/.m2/repository/com/github/spotbugs/spotbugs/3.1.12/spotbugs-3.1.12.jar:/home/user/.m2/repository/org/ow2/asm/asm/5.0.4/asm-5.0.4.jar:/home/user/.m2/repository/org/ow2/asm/asm-analysis/7.0/asm-analysis-7.0.jar:/home/user/.m2/repository/org/ow2/asm/asm-commons/7.0/asm-commons-7.0.jar:/home/user/.m2/repository/org/ow2/asm/asm-tree/7.0/asm-tree-7.0.jar:/home/user/.m2/repository/org/ow2/asm/asm-util/7.0/asm-util-7.0.jar:/home/user/.m2/repository/org/apache/bcel/bcel/6.3/bcel-6.3.jar:/home/user/.m2/repository/net/jcip/jcip-annotations/1.0/jcip-annotations-1.0.jar:/home/user/.m2/repository/org/dom4j/dom4j/2.1.1/dom4j-2.1.1.jar:/home/user/.m2/repository/jaxen/jaxen/1.1.6/jaxen-1.1.6.jar:/home/user/.m2/repository/commons-lang/commons-lang/2.6/commons-lang-2.6.jar:/home/user/.m2/repository/com/github/spotbugs/spotbugs-annotations/3.1.12/spotbugs-annotations-3.1.12.jar:/home/user/.m2/repository/org/apache/hadoop/hadoop-common/3.2.0/hadoop-common-3.2.0-tests.jar:/home/user/.m2/repository/org/apache/hadoop/hadoop-ozone-client/0.5.0-SNAPSHOT/hadoop-ozone-client-0.5.0-SNAPSHOT.jar:/home/user/.m2/repository/org/apache/hadoop/hadoop-hdfs/3.2.0/hadoop-hdfs-3.2.0-tests.jar:/workdir/hadoop-ozone/integration-test/target/test-classes:/home/user/.m2/repository/org/apache/hadoop/hadoop-ozone-s3gateway/0.5.0-SNAPSHOT/hadoop-ozone-s3gateway-0.5.0-SNAPSHOT.jar:/home/user/.m2/repository/org/jboss/weld/servlet/weld-servlet/2.4.7.Final/weld-servlet-2.4.7.Final.jar:/home/user/.m2/repository/org/glassfish/jersey/containers/jersey-container-servlet-core/2.27/jersey-container-servlet-core-2.27.jar:/home/user/.m2/repository/org/glassfish/hk2/external/javax.inject/2.5.0-b42/javax.inject-2.5.0-b42.jar:/home/user/.m2/repository/org/glassfish/jersey/core/jersey-common/2.27/jersey-common-2.27.jar:/home/user/.m2/repository/org/glassfish/hk2/osgi-resource-locator/1.0.1/osgi-resource-locator-1.0.1.jar:/home/user/.m2/repository/javax/ws/rs/javax.ws.rs-api/2.1/javax.ws.rs-api-2.1.jar:/home/user/.m2/repository/org/glassfish/jersey/ext/cdi/jersey-cdi1x/2.27/jersey-cdi1x-2.27.jar:/home/user/.m2/repository/org/glassfish/jersey/inject/jersey-hk2/2.27/jersey-hk2-2.27.jar:/home/user/.m2/repository/org/glassfish/hk2/hk2-locator/2.5.0-b42/hk2-locator-2.5.0-b42.jar:/home/user/.m2/repository/org/javassist/javassist/3.22.0-CR2/javassist-3.22.0-CR2.jar:/home/user/.m2/repository/org/glassfish/hk2/hk2-api/2.5.0/hk2-api-2.5.0.jar:/home/user/.m2/repository/org/glassfish/hk2/external/jakarta.inject/2.5.0/jakarta.inject-2.5.0.jar:/home/user/.m2/repository/org/glassfish/hk2/hk2-utils/2.5.0/hk2-utils-2.5.0.jar:/home/user/.m2/repository/jakarta/annotation/jakarta.annotation-api/1.3.4/jakarta.annotation-api-1.3.4.jar:/home/user/.m2/repository/org/glassfish/hk2/external/aopalliance-repackaged/2.5.0/aopalliance-repackaged-2.5.0.jar:/home/user/.m2/repository/com/fasterxml/jackson/dataformat/jackson-dataformat-xml/2.9.0/jackson-dataformat-xml-2.9.0.jar:/home/user/.m2/repository/com/fasterxml/jackson/module/jackson-module-jaxb-annotations/2.9.9/jackson-module-jaxb-annotations-2.9.9.jar:/home/user/.m2/repository/javax/enterprise/cdi-api/1.2/cdi-api-1.2.jar:/home/user/.m2/repository/javax/el/javax.el-api/3.0.0/javax.el-api-3.0.0.jar:/home/user/.m2/repository/javax/interceptor/javax.interceptor-api/1.2/javax.interceptor-api-1.2.jar:/home/user/.m2/repository/javax/inject/javax.inject/1/javax.inject-1.jar:/home/user/.m2/repository/com/sun/xml/bind/jaxb-core/2.3.0.1/jaxb-core-2.3.0.1.jar:/home/user/.m2/repository/javax/xml/bind/jaxb-api/2.3.0/jaxb-api-2.3.0.jar:/home/user/.m2/repository/javax/activation/activation/1.1.1/activation-1.1.1.jar:/home/user/.m2/repository/org/apache/hadoop/hadoop-ozone-csi/0.5.0-SNAPSHOT/hadoop-ozone-csi-0.5.0-SNAPSHOT.jar:/home/user/.m2/repository/com/google/protobuf/protobuf-java-util/3.5.1/protobuf-java-util-3.5.1.jar:/home/user/.m2/repository/io/grpc/grpc-netty/1.17.1/grpc-netty-1.17.1.jar:/home/user/.m2/repository/io/grpc/grpc-core/1.17.1/grpc-core-1.17.1.jar:/home/user/.m2/repository/io/grpc/grpc-context/1.17.1/grpc-context-1.17.1.jar:/home/user/.m2/repository/com/google/errorprone/error_prone_annotations/2.2.0/error_prone_annotations-2.2.0.jar:/home/user/.m2/repository/org/codehaus/mojo/animal-sniffer-annotations/1.17/animal-sniffer-annotations-1.17.jar:/home/user/.m2/repository/io/opencensus/opencensus-api/0.17.0/opencensus-api-0.17.0.jar:/home/user/.m2/repository/io/opencensus/opencensus-contrib-grpc-metrics/0.17.0/opencensus-contrib-grpc-metrics-0.17.0.jar:/home/user/.m2/repository/io/netty/netty-codec-http2/4.1.30.Final/netty-codec-http2-4.1.30.Final.jar:/home/user/.m2/repository/io/netty/netty-codec-http/4.1.30.Final/netty-codec-http-4.1.30.Final.jar:/home/user/.m2/repository/io/netty/netty-codec/4.1.30.Final/netty-codec-4.1.30.Final.jar:/home/user/.m2/repository/io/netty/netty-handler/4.1.30.Final/netty-handler-4.1.30.Final.jar:/home/user/.m2/repository/io/netty/netty-handler-proxy/4.1.30.Final/netty-handler-proxy-4.1.30.Final.jar:/home/user/.m2/repository/io/netty/netty-codec-socks/4.1.30.Final/netty-codec-socks-4.1.30.Final.jar:/home/user/.m2/repository/io/netty/netty-transport-native-epoll/4.1.30.Final/netty-transport-native-epoll-4.1.30.Final.jar:/home/user/.m2/repository/io/netty/netty-common/4.1.30.Final/netty-common-4.1.30.Final.jar:/home/user/.m2/repository/io/netty/netty-buffer/4.1.30.Final/netty-buffer-4.1.30.Final.jar:/home/user/.m2/repository/io/netty/netty-transport/4.1.30.Final/netty-transport-4.1.30.Final.jar:/home/user/.m2/repository/io/netty/netty-resolver/4.1.30.Final/netty-resolver-4.1.30.Final.jar:/home/user/.m2/repository/io/netty/netty-transport-native-unix-common/4.1.30.Final/netty-transport-native-unix-common-4.1.30.Final.jar:/home/user/.m2/repository/io/grpc/grpc-protobuf/1.17.1/grpc-protobuf-1.17.1.jar:/home/user/.m2/repository/com/google/api/grpc/proto-google-common-protos/1.0.0/proto-google-common-protos-1.0.0.jar:/home/user/.m2/repository/io/grpc/grpc-protobuf-lite/1.17.1/grpc-protobuf-lite-1.17.1.jar:/home/user/.m2/repository/io/grpc/grpc-stub/1.17.1/grpc-stub-1.17.1.jar:/home/user/.m2/repository/org/apache/hadoop/hadoop-ozone-recon/0.5.0-SNAPSHOT/hadoop-ozone-recon-0.5.0-SNAPSHOT.jar:/home/user/.m2/repository/org/apache/hadoop/hadoop-ozone-reconcodegen/0.5.0-SNAPSHOT/hadoop-ozone-reconcodegen-0.5.0-SNAPSHOT.jar:/home/user/.m2/repository/com/google/inject/extensions/guice-multibindings/4.0/guice-multibindings-4.0.jar:/home/user/.m2/repository/com/google/inject/guice/4.0/guice-4.0.jar:/home/user/.m2/repository/aopalliance/aopalliance/1.0/aopalliance-1.0.jar:/home/user/.m2/repository/org/glassfish/jersey/containers/jersey-container-servlet/2.27/jersey-container-servlet-2.27.jar:/home/user/.m2/repository/org/glassfish/hk2/guice-bridge/2.5.0/guice-bridge-2.5.0.jar:/home/user/.m2/repository/org/glassfish/jersey/core/jersey-server/2.27/jersey-server-2.27.jar:/home/user/.m2/repository/org/glassfish/jersey/core/jersey-client/2.27/jersey-client-2.27.jar:/home/user/.m2/repository/org/glassfish/jersey/media/jersey-media-jaxb/2.27/jersey-media-jaxb-2.27.jar:/home/user/.m2/repository/javax/validation/validation-api/1.1.0.Final/validation-api-1.1.0.Final.jar:/home/user/.m2/repository/org/glassfish/jersey/media/jersey-media-json-jackson/2.27/jersey-media-json-jackson-2.27.jar:/home/user/.m2/repository/org/glassfish/jersey/ext/jersey-entity-filtering/2.27/jersey-entity-filtering-2.27.jar:/home/user/.m2/repository/com/google/inject/extensions/guice-assistedinject/4.0/guice-assistedinject-4.0.jar:/home/user/.m2/repository/org/jooq/jooq/3.11.10/jooq-3.11.10.jar:/home/user/.m2/repository/org/jooq/jooq-meta/3.11.10/jooq-meta-3.11.10.jar:/home/user/.m2/repository/org/jooq/jooq-codegen/3.11.10/jooq-codegen-3.11.10.jar:/home/user/.m2/repository/com/jolbox/bonecp/0.8.0.RELEASE/bonecp-0.8.0.RELEASE.jar:/home/user/.m2/repository/org/springframework/spring-jdbc/5.1.3.RELEASE/spring-jdbc-5.1.3.RELEASE.jar:/home/user/.m2/repository/org/springframework/spring-beans/5.1.3.RELEASE/spring-beans-5.1.3.RELEASE.jar:/home/user/.m2/repository/org/springframework/spring-core/5.1.3.RELEASE/spring-core-5.1.3.RELEASE.jar:/home/user/.m2/repository/org/springframework/spring-jcl/5.1.3.RELEASE/spring-jcl-5.1.3.RELEASE.jar:/home/user/.m2/repository/org/springframework/spring-tx/5.1.3.RELEASE/spring-tx-5.1.3.RELEASE.jar:/home/user/.m2/repository/org/mockito/mockito-all/1.10.19/mockito-all-1.10.19.jar:/home/user/.m2/repository/junit/junit/4.11/junit-4.11.jar:/home/user/.m2/repository/org/hamcrest/hamcrest-core/1.3/hamcrest-core-1.3.jar:/home/user/.m2/repository/org/apache/hadoop/hadoop-distcp/3.2.0/hadoop-distcp-3.2.0.jar:/home/user/.m2/repository/org/apache/hadoop/hadoop-distcp/3.2.0/hadoop-distcp-3.2.0-tests.jar:/home/user/.m2/repository/org/apache/hadoop/hadoop-mapreduce-client-jobclient/3.2.0/hadoop-mapreduce-client-jobclient-3.2.0.jar:/home/user/.m2/repository/org/apache/hadoop/hadoop-mapreduce-client-common/3.2.0/hadoop-mapreduce-client-common-3.2.0.jar:/home/user/.m2/repository/org/apache/hadoop/hadoop-yarn-common/3.2.0/hadoop-yarn-common-3.2.0.jar:/home/user/.m2/repository/org/apache/hadoop/hadoop-yarn-api/3.2.0/hadoop-yarn-api-3.2.0.jar:/home/user/.m2/repository/com/sun/jersey/jersey-client/1.19/jersey-client-1.19.jar:/home/user/.m2/repository/com/sun/jersey/contribs/jersey-guice/1.19/jersey-guice-1.19.jar:/home/user/.m2/repository/com/fasterxml/jackson/jaxrs/jackson-jaxrs-json-provider/2.9.9/jackson-jaxrs-json-provider-2.9.9.jar:/home/user/.m2/repository/com/fasterxml/jackson/jaxrs/jackson-jaxrs-base/2.9.9/jackson-jaxrs-base-2.9.9.jar:/home/user/.m2/repository/org/apache/hadoop/hadoop-yarn-client/3.2.0/hadoop-yarn-client-3.2.0.jar:/home/user/.m2/repository/org/apache/hadoop/hadoop-mapreduce-client-core/3.2.0/hadoop-mapreduce-client-core-3.2.0.jar:/home/user/.m2/repository/com/google/inject/extensions/guice-servlet/4.0/guice-servlet-4.0.jar:/home/user/.m2/repository/org/powermock/powermock-module-junit4/1.6.5/powermock-module-junit4-1.6.5.jar:/home/user/.m2/repository/org/powermock/powermock-module-junit4-common/1.6.5/powermock-module-junit4-common-1.6.5.jar:/home/user/.m2/repository/org/powermock/powermock-core/1.6.5/powermock-core-1.6.5.jar:/home/user/.m2/repository/org/powermock/powermock-reflect/1.6.5/powermock-reflect-1.6.5.jar:/home/user/.m2/repository/org/powermock/powermock-api-mockito/1.6.5/powermock-api-mockito-1.6.5.jar:/home/user/.m2/repository/org/mockito/mockito-core/1.10.19/mockito-core-1.10.19.jar:/home/user/.m2/repository/org/objenesis/objenesis/1.0/objenesis-1.0.jar:/home/user/.m2/repository/org/powermock/powermock-api-mockito-common/1.6.5/powermock-api-mockito-common-1.6.5.jar:/home/user/.m2/repository/org/powermock/powermock-api-support/1.6.5/powermock-api-support-1.6.5.jar:"/>
    <property name="sun.cpu.endian" value="little"/>
    <property name="user.home" value="/home/user"/>
    <property name="user.language" value="en"/>
    <property name="java.specification.vendor" value="Oracle Corporation"/>
    <property name="java.home" value="/usr/lib/jvm/java-1.8-openjdk/jre"/>
    <property name="java.security.krb5.conf" value="/workdir/hadoop-ozone/ozonefs/target/test-classes/krb5.conf"/>
    <property name="basedir" value="/workdir/hadoop-ozone/ozonefs"/>
    <property name="file.separator" value="/"/>
    <property name="line.separator" value="&#10;"/>
    <property name="java.vm.specification.vendor" value="Oracle Corporation"/>
    <property name="java.specification.name" value="Java Platform API Specification"/>
    <property name="java.awt.graphicsenv" value="sun.awt.X11GraphicsEnvironment"/>
    <property name="surefire.real.class.path" value="/workdir/hadoop-ozone/ozonefs/target/surefire/surefirebooter6162373333753974461.jar"/>
    <property name="hadoop.log.dir" value="/workdir/hadoop-ozone/ozonefs/target/log"/>
    <property name="sun.boot.class.path" value="/usr/lib/jvm/java-1.8-openjdk/jre/lib/resources.jar:/usr/lib/jvm/java-1.8-openjdk/jre/lib/rt.jar:/usr/lib/jvm/java-1.8-openjdk/jre/lib/sunrsasign.jar:/usr/lib/jvm/java-1.8-openjdk/jre/lib/jsse.jar:/usr/lib/jvm/java-1.8-openjdk/jre/lib/jce.jar:/usr/lib/jvm/java-1.8-openjdk/jre/lib/charsets.jar:/usr/lib/jvm/java-1.8-openjdk/jre/lib/jfr.jar:/usr/lib/jvm/java-1.8-openjdk/jre/classes"/>
    <property name="sun.management.compiler" value="HotSpot 64-Bit Tiered Compilers"/>
    <property name="java.runtime.version" value="1.8.0_212-b04"/>
    <property name="java.net.preferIPv4Stack" value="true"/>
    <property name="user.name" value="jenkins1000"/>
    <property name="path.separator" value=":"/>
    <property name="java.security.egd" value="file:///dev/urandom"/>
    <property name="os.version" value="3.10.0-957.12.2.el7.x86_64"/>
    <property name="java.endorsed.dirs" value="/usr/lib/jvm/java-1.8-openjdk/jre/lib/endorsed"/>
    <property name="java.runtime.name" value="OpenJDK Runtime Environment"/>
    <property name="file.encoding" value="UTF-8"/>
    <property name="java.vm.name" value="OpenJDK 64-Bit Server VM"/>
    <property name="test.build.webapps" value=""/>
    <property name="localRepository" value="/home/user/.m2/repository"/>
    <property name="java.vendor.url.bug" value="https://icedtea.classpath.org/bugzilla"/>
    <property name="java.io.tmpdir" value="/tmp"/>
    <property name="require.test.libhadoop" value=""/>
    <property name="java.version" value="1.8.0_212"/>
    <property name="user.dir" value="/workdir/hadoop-ozone/ozonefs"/>
    <property name="os.arch" value="amd64"/>
    <property name="java.vm.specification.name" value="Java Virtual Machine Specification"/>
    <property name="test.build.classes" value="/workdir/hadoop-ozone/ozonefs/target/test-classes"/>
    <property name="java.awt.printerjob" value="sun.print.PSPrinterJob"/>
    <property name="sun.os.patch.level" value="unknown"/>
    <property name="hadoop.tmp.dir" value="/workdir/hadoop-ozone/ozonefs/target/tmp"/>
    <property name="java.library.path" value="/usr/lib/jvm/java-1.8-openjdk/jre/lib/amd64/server:/usr/lib/jvm/java-1.8-openjdk/jre/lib/amd64:/usr/lib/jvm/java-1.8-openjdk/jre/../lib/amd64:/workdir/hadoop-ozone/ozonefs/target/native/target/usr/local/lib:/workdir/hadoop-ozone/ozonefs/../../hadoop-common-project/hadoop-common/target/native/target/usr/local/lib:/usr/java/packages/lib/amd64:/usr/lib64:/lib64:/lib:/usr/lib"/>
    <property name="java.vm.info" value="mixed mode"/>
    <property name="java.vendor" value="IcedTea"/>
    <property name="java.vm.version" value="25.212-b04"/>
    <property name="java.ext.dirs" value="/usr/lib/jvm/java-1.8-openjdk/jre/lib/ext:/usr/java/packages/lib/ext"/>
    <property name="sun.io.unicode.encoding" value="UnicodeLittle"/>
    <property name="java.class.version" value="52.0"/>
  </properties>
  <testcase name="testOzoneFsServiceLoader" classname="org.apache.hadoop.fs.ozone.TestOzoneFileSystem" time="21.835"/>
  <testcase name="testListStatusOnRoot" classname="org.apache.hadoop.fs.ozone.TestOzoneFileSystem" time="17.369">
    <error message="Volume not found volume85908" type="VOLUME_NOT_FOUND org.apache.hadoop.ozone.om.exceptions.OMException">VOLUME_NOT_FOUND org.apache.hadoop.ozone.om.exceptions.OMException: Volume not found volume85908
	at org.apache.hadoop.ozone.om.protocolPB.OzoneManagerProtocolClientSideTranslatorPB.handleError(OzoneManagerProtocolClientSideTranslatorPB.java:732)
	at org.apache.hadoop.ozone.om.protocolPB.OzoneManagerProtocolClientSideTranslatorPB.createDirectory(OzoneManagerProtocolClientSideTranslatorPB.java:1377)
	at sun.reflect.NativeMethodAccessorImpl.invoke0(Native Method)
	at sun.reflect.NativeMethodAccessorImpl.invoke(NativeMethodAccessorImpl.java:62)
	at sun.reflect.DelegatingMethodAccessorImpl.invoke(DelegatingMethodAccessorImpl.java:43)
	at java.lang.reflect.Method.invoke(Method.java:498)
	at org.apache.hadoop.hdds.tracing.TraceAllMethod.invoke(TraceAllMethod.java:66)
	at com.sun.proxy.$Proxy38.createDirectory(Unknown Source)
	at org.apache.hadoop.ozone.client.rpc.RpcClient.createDirectory(RpcClient.java:976)
	at org.apache.hadoop.ozone.client.OzoneBucket.createDirectory(OzoneBucket.java:503)
	at org.apache.hadoop.fs.ozone.BasicOzoneClientAdapterImpl.createDirectory(BasicOzoneClientAdapterImpl.java:236)
	at org.apache.hadoop.fs.ozone.BasicOzoneFileSystem.mkdir(BasicOzoneFileSystem.java:597)
	at org.apache.hadoop.fs.ozone.BasicOzoneFileSystem.mkdirs(BasicOzoneFileSystem.java:607)
	at org.apache.hadoop.fs.FileSystem.mkdirs(FileSystem.java:2275)
	at org.apache.hadoop.fs.ozone.TestOzoneFileSystem.testListStatusOnRoot(TestOzoneFileSystem.java:188)
	at sun.reflect.NativeMethodAccessorImpl.invoke0(Native Method)
	at sun.reflect.NativeMethodAccessorImpl.invoke(NativeMethodAccessorImpl.java:62)
	at sun.reflect.DelegatingMethodAccessorImpl.invoke(DelegatingMethodAccessorImpl.java:43)
	at java.lang.reflect.Method.invoke(Method.java:498)
	at org.junit.runners.model.FrameworkMethod$1.runReflectiveCall(FrameworkMethod.java:47)
	at org.junit.internal.runners.model.ReflectiveCallable.run(ReflectiveCallable.java:12)
	at org.junit.runners.model.FrameworkMethod.invokeExplosively(FrameworkMethod.java:44)
	at org.junit.internal.runners.statements.InvokeMethod.evaluate(InvokeMethod.java:17)
	at org.junit.internal.runners.statements.RunBefores.evaluate(RunBefores.java:26)
	at org.junit.internal.runners.statements.RunAfters.evaluate(RunAfters.java:27)
	at org.junit.internal.runners.statements.FailOnTimeout$StatementThread.run(FailOnTimeout.java:74)
</error>
    <system-out><![CDATA[2019-10-02 23:11:49,198 [Thread-226] WARN  server.ServerUtils (ServerUtils.java:getScmDbDir(145)) - ozone.scm.db.dirs is not configured. We recommend adding this setting. Falling back to ozone.metadata.dirs instead.
2019-10-02 23:11:49,222 [Thread-226] WARN  server.ServerUtils (ServerUtils.java:getScmDbDir(145)) - ozone.scm.db.dirs is not configured. We recommend adding this setting. Falling back to ozone.metadata.dirs instead.
2019-10-02 23:11:49,222 [Thread-226] WARN  server.ServerUtils (ServerUtils.java:getScmDbDir(145)) - ozone.scm.db.dirs is not configured. We recommend adding this setting. Falling back to ozone.metadata.dirs instead.
2019-10-02 23:11:49,223 [Thread-226] INFO  db.DBStoreBuilder (DBStoreBuilder.java:addTable(110)) - using custom profile for table: deletedBlocks
2019-10-02 23:11:49,223 [Thread-226] INFO  db.DBStoreBuilder (DBStoreBuilder.java:processTables(161)) - Using default column profile:DBProfile.DISK for Table:deletedBlocks
2019-10-02 23:11:49,223 [Thread-226] INFO  db.DBStoreBuilder (DBStoreBuilder.java:addTable(110)) - using custom profile for table: validCerts
2019-10-02 23:11:49,223 [Thread-226] INFO  db.DBStoreBuilder (DBStoreBuilder.java:processTables(161)) - Using default column profile:DBProfile.DISK for Table:validCerts
2019-10-02 23:11:49,224 [Thread-226] INFO  db.DBStoreBuilder (DBStoreBuilder.java:addTable(110)) - using custom profile for table: revokedCerts
2019-10-02 23:11:49,224 [Thread-226] INFO  db.DBStoreBuilder (DBStoreBuilder.java:processTables(161)) - Using default column profile:DBProfile.DISK for Table:revokedCerts
2019-10-02 23:11:49,224 [Thread-226] INFO  db.DBStoreBuilder (DBStoreBuilder.java:addTable(110)) - using custom profile for table: default
2019-10-02 23:11:49,224 [Thread-226] INFO  db.DBStoreBuilder (DBStoreBuilder.java:processTables(167)) - Using default column profile:DBProfile.DISK for Table:default
2019-10-02 23:11:49,224 [Thread-226] INFO  db.DBStoreBuilder (DBStoreBuilder.java:getDbProfile(198)) - Using default options. DBProfile.DISK
2019-10-02 23:11:49,528 [Thread-226] INFO  net.NodeSchemaLoader (NodeSchemaLoader.java:loadSchemaFromFile(125)) - Loading file from sun.misc.CompoundEnumeration@34bebfc7
2019-10-02 23:11:49,528 [Thread-226] INFO  net.NodeSchemaLoader (NodeSchemaLoader.java:loadSchema(171)) - Loading network topology layer schema file
2019-10-02 23:11:49,534 [Thread-226] WARN  server.ServerUtils (ServerUtils.java:sanitizeUserArgs(70)) - ozone.scm.stale.node.interval value = 300000 is larger than max = 100000 based on the key value of ozone.scm.heartbeat.thread.interval, reset to the max value 100000.
2019-10-02 23:11:49,534 [Thread-226] WARN  server.ServerUtils (ServerUtils.java:sanitizeUserArgs(70)) - ozone.scm.stale.node.interval value = 300000 is larger than max = 100000 based on the key value of ozone.scm.heartbeat.thread.interval, reset to the max value 100000.
2019-10-02 23:11:49,535 [Thread-226] INFO  node.SCMNodeManager (SCMNodeManager.java:<init>(114)) - Entering startup safe mode.
2019-10-02 23:11:49,536 [Thread-226] INFO  algorithms.ContainerPlacementPolicyFactory (ContainerPlacementPolicyFactory.java:getPolicy(57)) - Create container placement policy of type org.apache.hadoop.hdds.scm.container.placement.algorithms.SCMContainerPlacementRandom
2019-10-02 23:11:49,536 [Thread-226] WARN  server.ServerUtils (ServerUtils.java:getScmDbDir(145)) - ozone.scm.db.dirs is not configured. We recommend adding this setting. Falling back to ozone.metadata.dirs instead.
2019-10-02 23:11:49,638 [Thread-226] INFO  pipeline.SCMPipelineManager (SCMPipelineManager.java:initializePipelineState(132)) - No pipeline exists in current db
2019-10-02 23:11:49,639 [Thread-226] WARN  server.ServerUtils (ServerUtils.java:getScmDbDir(145)) - ozone.scm.db.dirs is not configured. We recommend adding this setting. Falling back to ozone.metadata.dirs instead.
2019-10-02 23:11:49,802 [Thread-226] WARN  events.EventQueue (EventQueue.java:fireEvent(183)) - No event handler registered for event TypedEvent{payloadType=SafeModeStatus, name='SafeModeStatus'}
2019-10-02 23:11:49,803 [Thread-226] INFO  ipc.CallQueueManager (CallQueueManager.java:<init>(84)) - Using callQueue: class java.util.concurrent.LinkedBlockingQueue, queueCapacity: 2000, scheduler: class org.apache.hadoop.ipc.DefaultRpcScheduler, ipcBackoff: false.
2019-10-02 23:11:49,804 [Socket Reader #1 for port 36434] INFO  ipc.Server (Server.java:run(1074)) - Starting Socket Reader #1 for port 36434
2019-10-02 23:11:49,806 [Thread-226] INFO  ipc.CallQueueManager (CallQueueManager.java:<init>(84)) - Using callQueue: class java.util.concurrent.LinkedBlockingQueue, queueCapacity: 2000, scheduler: class org.apache.hadoop.ipc.DefaultRpcScheduler, ipcBackoff: false.
2019-10-02 23:11:49,807 [Socket Reader #1 for port 37579] INFO  ipc.Server (Server.java:run(1074)) - Starting Socket Reader #1 for port 37579
2019-10-02 23:11:49,808 [Thread-226] INFO  ipc.CallQueueManager (CallQueueManager.java:<init>(84)) - Using callQueue: class java.util.concurrent.LinkedBlockingQueue, queueCapacity: 2000, scheduler: class org.apache.hadoop.ipc.DefaultRpcScheduler, ipcBackoff: false.
2019-10-02 23:11:49,808 [Socket Reader #1 for port 35331] INFO  ipc.Server (Server.java:run(1074)) - Starting Socket Reader #1 for port 35331
2019-10-02 23:11:49,811 [Thread-226] INFO  hdfs.DFSUtil (DFSUtil.java:httpServerTemplateForNNAndJN(1641)) - Starting Web-server for scm at: http://0.0.0.0:0
2019-10-02 23:11:49,814 [Thread-226] INFO  server.AuthenticationFilter (AuthenticationFilter.java:constructSecretProvider(240)) - Unable to initialize FileSignerSecretProvider, falling back to use random secrets.
2019-10-02 23:11:49,815 [Thread-226] WARN  http.HttpRequestLog (HttpRequestLog.java:getRequestLog(97)) - Jetty request log can only be enabled using Log4j
2019-10-02 23:11:49,819 [Thread-226] INFO  http.HttpServer2 (HttpServer2.java:addGlobalFilter(975)) - Added global filter 'safety' (class=org.apache.hadoop.http.HttpServer2$QuotingInputFilter)
2019-10-02 23:11:49,820 [Thread-226] INFO  http.HttpServer2 (HttpServer2.java:addFilter(948)) - Added filter static_user_filter (class=org.apache.hadoop.http.lib.StaticUserWebFilter$StaticUserFilter) to context scm
2019-10-02 23:11:49,820 [Thread-226] INFO  http.HttpServer2 (HttpServer2.java:addFilter(958)) - Added filter static_user_filter (class=org.apache.hadoop.http.lib.StaticUserWebFilter$StaticUserFilter) to context logs
2019-10-02 23:11:49,821 [Thread-226] INFO  http.HttpServer2 (HttpServer2.java:addFilter(958)) - Added filter static_user_filter (class=org.apache.hadoop.http.lib.StaticUserWebFilter$StaticUserFilter) to context static
2019-10-02 23:11:49,825 [Thread-226] INFO  server.StorageContainerManager (StorageContainerManager.java:start(770)) - StorageContainerLocationProtocol RPC server is listening at /0.0.0.0:35331
2019-10-02 23:11:49,827 [Thread-226] WARN  impl.MetricsConfig (MetricsConfig.java:loadFirst(134)) - Cannot locate configuration: tried hadoop-metrics2-storagecontainermanager.properties,hadoop-metrics2.properties
2019-10-02 23:11:49,829 [Thread-226] INFO  impl.MetricsSystemImpl (MetricsSystemImpl.java:startTimer(374)) - Scheduled Metric snapshot period at 10 second(s).
2019-10-02 23:11:49,829 [Thread-226] INFO  impl.MetricsSystemImpl (MetricsSystemImpl.java:start(191)) - StorageContainerManager metrics system started
2019-10-02 23:11:49,855 [Thread-226] WARN  impl.MetricsSystemImpl (MetricsSystemImpl.java:register(276)) - Sink prometheus already exists!
2019-10-02 23:11:49,864 [Thread-226] INFO  server.SCMClientProtocolServer (SCMClientProtocolServer.java:start(150)) - RPC server for Client  is listening at /0.0.0.0:35331
2019-10-02 23:11:49,864 [IPC Server Responder] INFO  ipc.Server (Server.java:run(1314)) - IPC Server Responder: starting
2019-10-02 23:11:49,864 [IPC Server listener on 35331] INFO  ipc.Server (Server.java:run(1153)) - IPC Server listener on 35331: starting
2019-10-02 23:11:49,868 [Thread-226] INFO  server.StorageContainerManager (StorageContainerManager.java:start(780)) - ScmBlockLocationProtocol RPC server is listening at /0.0.0.0:37579
2019-10-02 23:11:49,868 [Thread-226] INFO  server.SCMBlockProtocolServer (SCMBlockProtocolServer.java:start(146)) - RPC server for Block Protocol is listening at /0.0.0.0:37579
2019-10-02 23:11:49,868 [IPC Server Responder] INFO  ipc.Server (Server.java:run(1314)) - IPC Server Responder: starting
2019-10-02 23:11:49,868 [IPC Server listener on 37579] INFO  ipc.Server (Server.java:run(1153)) - IPC Server listener on 37579: starting
2019-10-02 23:11:49,872 [Thread-226] INFO  server.StorageContainerManager (StorageContainerManager.java:start(784)) - ScmDatanodeProtocl RPC server is listening at /0.0.0.0:36434
2019-10-02 23:11:49,872 [Thread-226] INFO  server.SCMDatanodeProtocolServer (SCMDatanodeProtocolServer.java:start(191)) - RPC server for DataNodes is listening at /0.0.0.0:36434
2019-10-02 23:11:49,872 [IPC Server Responder] INFO  ipc.Server (Server.java:run(1314)) - IPC Server Responder: starting
2019-10-02 23:11:49,873 [IPC Server listener on 36434] INFO  ipc.Server (Server.java:run(1153)) - IPC Server listener on 36434: starting
2019-10-02 23:11:49,876 [Thread-226] INFO  http.HttpServer2 (HttpServer2.java:bindListener(1191)) - Jetty bound to port 36168
2019-10-02 23:11:49,876 [Thread-226] INFO  server.Server (Server.java:doStart(351)) - jetty-9.3.25.v20180904, build timestamp: 2018-09-04T21:11:46Z, git hash: 3ce520221d0240229c862b122d2b06c12a625732
2019-10-02 23:11:49,877 [Thread-226] INFO  handler.ContextHandler (ContextHandler.java:doStart(781)) - Started o.e.j.s.ServletContextHandler@e2f220f{/logs,file:///workdir/hadoop-ozone/ozonefs/target/log,AVAILABLE}
2019-10-02 23:11:49,878 [Thread-226] INFO  handler.ContextHandler (ContextHandler.java:doStart(781)) - Started o.e.j.s.ServletContextHandler@7f03d6fb{/static,jar:file:/home/user/.m2/repository/org/apache/hadoop/hadoop-hdds-server-scm/0.5.0-SNAPSHOT/hadoop-hdds-server-scm-0.5.0-SNAPSHOT.jar!/webapps/static,AVAILABLE}
2019-10-02 23:11:49,927 [Thread-226] INFO  handler.ContextHandler (ContextHandler.java:doStart(781)) - Started o.e.j.w.WebAppContext@628c38e5{/,file:///tmp/jetty-0.0.0.0-36168-scm-_-any-3623676299340993206.dir/webapp/,AVAILABLE}{/scm}
2019-10-02 23:11:49,928 [Thread-226] INFO  server.AbstractConnector (AbstractConnector.java:doStart(278)) - Started ServerConnector@3ecfe45{HTTP/1.1,[http/1.1]}{0.0.0.0:36168}
2019-10-02 23:11:49,928 [Thread-226] INFO  server.Server (Server.java:doStart(419)) - Started @23032ms
2019-10-02 23:11:49,929 [Thread-226] WARN  impl.MetricsSystemImpl (MetricsSystemImpl.java:register(276)) - Sink prometheus already exists!
2019-10-02 23:11:49,929 [Thread-226] INFO  server.BaseHttpServer (BaseHttpServer.java:updateConnectorAddress(215)) - HTTP server of SCM is listening at http://0.0.0.0:36168
2019-10-02 23:11:49,930 [Thread-226] WARN  server.ServerUtils (ServerUtils.java:getDBPath(222)) - ozone.om.db.dirs is not configured. We recommend adding this setting. Falling back to ozone.metadata.dirs instead.
2019-10-02 23:11:49,931 [org.apache.hadoop.util.JvmPauseMonitor$Monitor@659fc283] INFO  util.JvmPauseMonitor (JvmPauseMonitor.java:run(188)) - Starting JVM pause monitor
2019-10-02 23:11:49,956 [Thread-226] WARN  server.ServerUtils (ServerUtils.java:getDBPath(222)) - ozone.om.db.dirs is not configured. We recommend adding this setting. Falling back to ozone.metadata.dirs instead.
2019-10-02 23:11:49,956 [Thread-226] WARN  server.ServerUtils (ServerUtils.java:getDBPath(222)) - ozone.om.db.dirs is not configured. We recommend adding this setting. Falling back to ozone.metadata.dirs instead.
2019-10-02 23:11:49,956 [Thread-226] INFO  om.OzoneManager (OzoneManager.java:setOMNodeDetails(652)) - OM Service ID is not set. Setting it to the default ID: omServiceIdDefault
2019-10-02 23:11:49,957 [Thread-226] INFO  om.OzoneManager (OzoneManager.java:setOMNodeDetails(658)) - OM Node ID is not set. Setting it to the OmStorage's OmID: 01ba3925-af80-4e67-94f1-094d751a81fc
2019-10-02 23:11:49,957 [Thread-226] INFO  om.OzoneManager (OzoneManager.java:loadOMHAConfigs(609)) - Found matching OM address with OMServiceId: null, OMNodeId: null, RPC Address: localhost:0 and Ratis port: 9872
2019-10-02 23:11:49,963 [Thread-226] WARN  server.ServerUtils (ServerUtils.java:getDBPath(222)) - ozone.om.db.dirs is not configured. We recommend adding this setting. Falling back to ozone.metadata.dirs instead.
2019-10-02 23:11:49,963 [Thread-226] INFO  db.DBStoreBuilder (DBStoreBuilder.java:addTable(110)) - using custom profile for table: userTable
2019-10-02 23:11:49,963 [Thread-226] INFO  db.DBStoreBuilder (DBStoreBuilder.java:processTables(161)) - Using default column profile:DBProfile.DISK for Table:userTable
2019-10-02 23:11:49,963 [Thread-226] INFO  db.DBStoreBuilder (DBStoreBuilder.java:addTable(110)) - using custom profile for table: volumeTable
2019-10-02 23:11:49,963 [Thread-226] INFO  db.DBStoreBuilder (DBStoreBuilder.java:processTables(161)) - Using default column profile:DBProfile.DISK for Table:volumeTable
2019-10-02 23:11:49,964 [Thread-226] INFO  db.DBStoreBuilder (DBStoreBuilder.java:addTable(110)) - using custom profile for table: bucketTable
2019-10-02 23:11:49,964 [Thread-226] INFO  db.DBStoreBuilder (DBStoreBuilder.java:processTables(161)) - Using default column profile:DBProfile.DISK for Table:bucketTable
2019-10-02 23:11:49,964 [Thread-226] INFO  db.DBStoreBuilder (DBStoreBuilder.java:addTable(110)) - using custom profile for table: keyTable
2019-10-02 23:11:49,964 [Thread-226] INFO  db.DBStoreBuilder (DBStoreBuilder.java:processTables(161)) - Using default column profile:DBProfile.DISK for Table:keyTable
2019-10-02 23:11:49,964 [Thread-226] INFO  db.DBStoreBuilder (DBStoreBuilder.java:addTable(110)) - using custom profile for table: deletedTable
2019-10-02 23:11:49,964 [Thread-226] INFO  db.DBStoreBuilder (DBStoreBuilder.java:processTables(161)) - Using default column profile:DBProfile.DISK for Table:deletedTable
2019-10-02 23:11:49,965 [Thread-226] INFO  db.DBStoreBuilder (DBStoreBuilder.java:addTable(110)) - using custom profile for table: openKeyTable
2019-10-02 23:11:49,965 [Thread-226] INFO  db.DBStoreBuilder (DBStoreBuilder.java:processTables(161)) - Using default column profile:DBProfile.DISK for Table:openKeyTable
2019-10-02 23:11:49,965 [Thread-226] INFO  db.DBStoreBuilder (DBStoreBuilder.java:addTable(110)) - using custom profile for table: s3Table
2019-10-02 23:11:49,965 [Thread-226] INFO  db.DBStoreBuilder (DBStoreBuilder.java:processTables(161)) - Using default column profile:DBProfile.DISK for Table:s3Table
2019-10-02 23:11:49,965 [Thread-226] INFO  db.DBStoreBuilder (DBStoreBuilder.java:addTable(110)) - using custom profile for table: multipartInfoTable
2019-10-02 23:11:49,965 [Thread-226] INFO  db.DBStoreBuilder (DBStoreBuilder.java:processTables(161)) - Using default column profile:DBProfile.DISK for Table:multipartInfoTable
2019-10-02 23:11:49,965 [Thread-226] INFO  db.DBStoreBuilder (DBStoreBuilder.java:addTable(110)) - using custom profile for table: dTokenTable
2019-10-02 23:11:49,966 [Thread-226] INFO  db.DBStoreBuilder (DBStoreBuilder.java:processTables(161)) - Using default column profile:DBProfile.DISK for Table:dTokenTable
2019-10-02 23:11:49,966 [Thread-226] INFO  db.DBStoreBuilder (DBStoreBuilder.java:addTable(110)) - using custom profile for table: s3SecretTable
2019-10-02 23:11:49,966 [Thread-226] INFO  db.DBStoreBuilder (DBStoreBuilder.java:processTables(161)) - Using default column profile:DBProfile.DISK for Table:s3SecretTable
2019-10-02 23:11:49,966 [Thread-226] INFO  db.DBStoreBuilder (DBStoreBuilder.java:addTable(110)) - using custom profile for table: prefixTable
2019-10-02 23:11:49,966 [Thread-226] INFO  db.DBStoreBuilder (DBStoreBuilder.java:processTables(161)) - Using default column profile:DBProfile.DISK for Table:prefixTable
2019-10-02 23:11:49,966 [Thread-226] INFO  db.DBStoreBuilder (DBStoreBuilder.java:addTable(110)) - using custom profile for table: default
2019-10-02 23:11:49,966 [Thread-226] INFO  db.DBStoreBuilder (DBStoreBuilder.java:processTables(167)) - Using default column profile:DBProfile.DISK for Table:default
2019-10-02 23:11:49,967 [Thread-226] INFO  db.DBStoreBuilder (DBStoreBuilder.java:getDbProfile(198)) - Using default options. DBProfile.DISK
2019-10-02 23:11:50,759 [Thread-226] INFO  ipc.CallQueueManager (CallQueueManager.java:<init>(84)) - Using callQueue: class java.util.concurrent.LinkedBlockingQueue, queueCapacity: 2000, scheduler: class org.apache.hadoop.ipc.DefaultRpcScheduler, ipcBackoff: false.
2019-10-02 23:11:50,760 [Socket Reader #1 for port 40412] INFO  ipc.Server (Server.java:run(1074)) - Starting Socket Reader #1 for port 40412
2019-10-02 23:11:50,780 [Thread-226] INFO  om.OzoneManager (OzoneManager.java:start(1243)) - OzoneManager RPC server is listening at localhost/127.0.0.1:40412
2019-10-02 23:11:50,780 [Thread-226] INFO  impl.MetricsSystemImpl (MetricsSystemImpl.java:init(158)) - OzoneManager metrics system started (again)
2019-10-02 23:11:50,781 [IPC Server Responder] INFO  ipc.Server (Server.java:run(1314)) - IPC Server Responder: starting
2019-10-02 23:11:50,781 [IPC Server listener on 40412] INFO  ipc.Server (Server.java:run(1153)) - IPC Server listener on 40412: starting
2019-10-02 23:11:50,785 [Thread-226] INFO  hdfs.DFSUtil (DFSUtil.java:httpServerTemplateForNNAndJN(1641)) - Starting Web-server for ozoneManager at: http://0.0.0.0:0
2019-10-02 23:11:50,787 [Thread-226] INFO  server.AuthenticationFilter (AuthenticationFilter.java:constructSecretProvider(240)) - Unable to initialize FileSignerSecretProvider, falling back to use random secrets.
2019-10-02 23:11:50,788 [Thread-226] WARN  http.HttpRequestLog (HttpRequestLog.java:getRequestLog(97)) - Jetty request log can only be enabled using Log4j
2019-10-02 23:11:50,789 [Thread-226] INFO  http.HttpServer2 (HttpServer2.java:addGlobalFilter(975)) - Added global filter 'safety' (class=org.apache.hadoop.http.HttpServer2$QuotingInputFilter)
2019-10-02 23:11:50,790 [Thread-226] INFO  http.HttpServer2 (HttpServer2.java:addFilter(948)) - Added filter static_user_filter (class=org.apache.hadoop.http.lib.StaticUserWebFilter$StaticUserFilter) to context ozoneManager
2019-10-02 23:11:50,790 [Thread-226] INFO  http.HttpServer2 (HttpServer2.java:addFilter(958)) - Added filter static_user_filter (class=org.apache.hadoop.http.lib.StaticUserWebFilter$StaticUserFilter) to context logs
2019-10-02 23:11:50,790 [Thread-226] INFO  http.HttpServer2 (HttpServer2.java:addFilter(958)) - Added filter static_user_filter (class=org.apache.hadoop.http.lib.StaticUserWebFilter$StaticUserFilter) to context static
2019-10-02 23:11:50,791 [Thread-226] INFO  http.HttpServer2 (HttpServer2.java:bindListener(1191)) - Jetty bound to port 32837
2019-10-02 23:11:50,791 [Thread-226] INFO  server.Server (Server.java:doStart(351)) - jetty-9.3.25.v20180904, build timestamp: 2018-09-04T21:11:46Z, git hash: 3ce520221d0240229c862b122d2b06c12a625732
2019-10-02 23:11:50,792 [Thread-226] INFO  handler.ContextHandler (ContextHandler.java:doStart(781)) - Started o.e.j.s.ServletContextHandler@11ed2a9c{/logs,file:///workdir/hadoop-ozone/ozonefs/target/log,AVAILABLE}
2019-10-02 23:11:50,793 [Thread-226] INFO  handler.ContextHandler (ContextHandler.java:doStart(781)) - Started o.e.j.s.ServletContextHandler@bc4eeb6{/static,jar:file:/home/user/.m2/repository/org/apache/hadoop/hadoop-ozone-ozone-manager/0.5.0-SNAPSHOT/hadoop-ozone-ozone-manager-0.5.0-SNAPSHOT.jar!/webapps/static,AVAILABLE}
2019-10-02 23:11:50,839 [Thread-226] INFO  handler.ContextHandler (ContextHandler.java:doStart(781)) - Started o.e.j.w.WebAppContext@57dcbc19{/,file:///tmp/jetty-0.0.0.0-32837-ozoneManager-_-any-6268905131783186664.dir/webapp/,AVAILABLE}{/ozoneManager}
2019-10-02 23:11:50,840 [Thread-226] INFO  server.AbstractConnector (AbstractConnector.java:doStart(278)) - Started ServerConnector@44d1685f{HTTP/1.1,[http/1.1]}{0.0.0.0:32837}
2019-10-02 23:11:50,840 [Thread-226] INFO  server.Server (Server.java:doStart(419)) - Started @23943ms
2019-10-02 23:11:50,841 [Thread-226] WARN  impl.MetricsSystemImpl (MetricsSystemImpl.java:register(276)) - Sink prometheus already exists!
2019-10-02 23:11:50,841 [Thread-226] INFO  server.BaseHttpServer (BaseHttpServer.java:updateConnectorAddress(215)) - HTTP server of OZONEMANAGER is listening at http://0.0.0.0:32837
2019-10-02 23:11:50,856 [Thread-226] INFO  impl.MetricsSystemImpl (MetricsSystemImpl.java:init(158)) - HddsDatanode metrics system started (again)
2019-10-02 23:11:50,858 [Thread-226] INFO  ozone.HddsDatanodeService (HddsDatanodeService.java:start(184)) - HddsDatanodeService host:pr-hdds1737-lts7z-2510321508 ip:192.168.30.30
2019-10-02 23:11:50,865 [Thread-226] INFO  volume.HddsVolume (HddsVolume.java:<init>(176)) - Creating Volume: /workdir/hadoop-ozone/ozonefs/target/test-dir/MiniOzoneClusterImpl-5b0a54b9-c324-4af2-b780-1a2df63a188d/datanode-0/data/containers/hdds of  storage type : DISK and capacity : 1482555576320
2019-10-02 23:11:50,865 [Thread-226] INFO  volume.VolumeSet (VolumeSet.java:initializeVolumeSet(170)) - Added Volume : /workdir/hadoop-ozone/ozonefs/target/test-dir/MiniOzoneClusterImpl-5b0a54b9-c324-4af2-b780-1a2df63a188d/datanode-0/data/containers/hdds to VolumeSet
2019-10-02 23:11:50,865 [Thread-226] INFO  volume.ThrottledAsyncChecker (ThrottledAsyncChecker.java:schedule(139)) - Scheduling a check for org.apache.hadoop.ozone.container.common.volume.HddsVolume@14202338
2019-10-02 23:11:50,866 [Thread-226] INFO  volume.HddsVolumeChecker (HddsVolumeChecker.java:checkAllVolumes(202)) - Scheduled health check for volume org.apache.hadoop.ozone.container.common.volume.HddsVolume@14202338
2019-10-02 23:11:50,893 [Thread-226] INFO  impl.RaftServerProxy (ConfUtils.java:logGet(43)) - raft.rpc.type = GRPC (default)
2019-10-02 23:11:50,893 [Thread-226] INFO  grpc.GrpcFactory (GrpcFactory.java:checkPooledByteBufAllocatorUseCacheForAllThreads(45)) - PERFORMANCE WARNING: useCacheForAllThreads is true that may cause Netty to create a lot garbage objects and, as a result, trigger GC.
	It is recommended to disable useCacheForAllThreads by setting -Dorg.apache.ratis.thirdparty.io.netty.allocator.useCacheForAllThreads=false in command line.
2019-10-02 23:11:50,894 [Thread-226] INFO  grpc.GrpcConfigKeys$Server (ConfUtils.java:logGet(43)) - raft.grpc.server.port = 0 (default)
2019-10-02 23:11:50,894 [Thread-226] INFO  server.GrpcService (ConfUtils.java:logGet(43)) - raft.grpc.message.size.max = 33570816 (custom)
2019-10-02 23:11:50,894 [Thread-226] INFO  server.RaftServerConfigKeys (ConfUtils.java:logGet(43)) - raft.server.log.appender.buffer.byte-limit = 33554432 (custom)
2019-10-02 23:11:50,894 [Thread-226] INFO  server.GrpcService (ConfUtils.java:logGet(43)) - raft.grpc.flow.control.window = 1MB (=1048576) (default)
2019-10-02 23:11:50,894 [Thread-226] INFO  server.RaftServerConfigKeys (ConfUtils.java:logGet(43)) - raft.server.rpc.request.timeout = 3000ms (default)
2019-10-02 23:11:50,895 [Thread-226] INFO  server.RaftServerConfigKeys (ConfUtils.java:logGet(43)) - raft.server.storage.dir = [/workdir/hadoop-ozone/ozonefs/target/test-dir/MiniOzoneClusterImpl-5b0a54b9-c324-4af2-b780-1a2df63a188d/datanode-0/data/ratis] (custom)
2019-10-02 23:11:50,897 [Thread-226] INFO  hdfs.DFSUtil (DFSUtil.java:httpServerTemplateForNNAndJN(1641)) - Starting Web-server for hddsDatanode at: http://0.0.0.0:0
2019-10-02 23:11:50,899 [Thread-226] INFO  server.AuthenticationFilter (AuthenticationFilter.java:constructSecretProvider(240)) - Unable to initialize FileSignerSecretProvider, falling back to use random secrets.
2019-10-02 23:11:50,900 [Thread-226] WARN  http.HttpRequestLog (HttpRequestLog.java:getRequestLog(97)) - Jetty request log can only be enabled using Log4j
2019-10-02 23:11:50,902 [Thread-226] INFO  http.HttpServer2 (HttpServer2.java:addGlobalFilter(975)) - Added global filter 'safety' (class=org.apache.hadoop.http.HttpServer2$QuotingInputFilter)
2019-10-02 23:11:50,903 [Thread-226] INFO  http.HttpServer2 (HttpServer2.java:addFilter(948)) - Added filter static_user_filter (class=org.apache.hadoop.http.lib.StaticUserWebFilter$StaticUserFilter) to context hddsDatanode
2019-10-02 23:11:50,903 [Thread-226] INFO  http.HttpServer2 (HttpServer2.java:addFilter(958)) - Added filter static_user_filter (class=org.apache.hadoop.http.lib.StaticUserWebFilter$StaticUserFilter) to context static
2019-10-02 23:11:50,904 [Thread-226] INFO  http.HttpServer2 (HttpServer2.java:addFilter(958)) - Added filter static_user_filter (class=org.apache.hadoop.http.lib.StaticUserWebFilter$StaticUserFilter) to context logs
2019-10-02 23:11:50,905 [Thread-226] INFO  http.HttpServer2 (HttpServer2.java:bindListener(1191)) - Jetty bound to port 46338
2019-10-02 23:11:50,905 [Thread-226] INFO  server.Server (Server.java:doStart(351)) - jetty-9.3.25.v20180904, build timestamp: 2018-09-04T21:11:46Z, git hash: 3ce520221d0240229c862b122d2b06c12a625732
2019-10-02 23:11:50,907 [Thread-226] INFO  handler.ContextHandler (ContextHandler.java:doStart(781)) - Started o.e.j.s.ServletContextHandler@83a5fad{/logs,file:///workdir/hadoop-ozone/ozonefs/target/log,AVAILABLE}
2019-10-02 23:11:50,907 [Thread-226] INFO  handler.ContextHandler (ContextHandler.java:doStart(781)) - Started o.e.j.s.ServletContextHandler@4b6e5cfa{/static,jar:file:/home/user/.m2/repository/org/apache/hadoop/hadoop-hdds-container-service/0.5.0-SNAPSHOT/hadoop-hdds-container-service-0.5.0-SNAPSHOT.jar!/webapps/static,AVAILABLE}
2019-10-02 23:11:50,953 [Thread-226] INFO  handler.ContextHandler (ContextHandler.java:doStart(781)) - Started o.e.j.w.WebAppContext@4ea1f27d{/,file:///tmp/jetty-0.0.0.0-46338-hddsDatanode-_-any-4517672258623038220.dir/webapp/,AVAILABLE}{/hddsDatanode}
2019-10-02 23:11:50,953 [Thread-226] INFO  server.AbstractConnector (AbstractConnector.java:doStart(278)) - Started ServerConnector@eb99a55{HTTP/1.1,[http/1.1]}{0.0.0.0:46338}
2019-10-02 23:11:50,954 [Thread-226] INFO  server.Server (Server.java:doStart(419)) - Started @24057ms
2019-10-02 23:11:50,954 [Thread-226] WARN  impl.MetricsSystemImpl (MetricsSystemImpl.java:register(276)) - Sink prometheus already exists!
2019-10-02 23:11:50,955 [Thread-226] INFO  server.BaseHttpServer (BaseHttpServer.java:updateConnectorAddress(215)) - HTTP server of HDDSDATANODE is listening at http://0.0.0.0:46338
2019-10-02 23:11:50,955 [Thread-226] INFO  impl.MetricsSystemImpl (MetricsSystemImpl.java:init(158)) - HddsDatanode metrics system started (again)
2019-10-02 23:11:50,958 [org.apache.hadoop.util.JvmPauseMonitor$Monitor@75874ee] INFO  util.JvmPauseMonitor (JvmPauseMonitor.java:run(188)) - Starting JVM pause monitor
2019-10-02 23:11:50,958 [Thread-226] INFO  ozone.HddsDatanodeService (HddsDatanodeService.java:start(184)) - HddsDatanodeService host:pr-hdds1737-lts7z-2510321508 ip:192.168.30.30
2019-10-02 23:11:50,961 [Datanode State Machine Thread - 0] INFO  datanode.InitDatanodeState (InitDatanodeState.java:persistContainerDatanodeDetails(140)) - DatanodeDetails is persisted to /workdir/hadoop-ozone/ozonefs/target/test-dir/MiniOzoneClusterImpl-5b0a54b9-c324-4af2-b780-1a2df63a188d/datanode-0/meta/datanode.id
2019-10-02 23:11:50,965 [Thread-226] INFO  volume.HddsVolume (HddsVolume.java:<init>(176)) - Creating Volume: /workdir/hadoop-ozone/ozonefs/target/test-dir/MiniOzoneClusterImpl-5b0a54b9-c324-4af2-b780-1a2df63a188d/datanode-1/data/containers/hdds of  storage type : DISK and capacity : 1482555576320
2019-10-02 23:11:50,966 [Thread-226] INFO  volume.VolumeSet (VolumeSet.java:initializeVolumeSet(170)) - Added Volume : /workdir/hadoop-ozone/ozonefs/target/test-dir/MiniOzoneClusterImpl-5b0a54b9-c324-4af2-b780-1a2df63a188d/datanode-1/data/containers/hdds to VolumeSet
2019-10-02 23:11:50,966 [Thread-226] INFO  volume.ThrottledAsyncChecker (ThrottledAsyncChecker.java:schedule(139)) - Scheduling a check for org.apache.hadoop.ozone.container.common.volume.HddsVolume@7e868970
2019-10-02 23:11:50,966 [Thread-226] INFO  volume.HddsVolumeChecker (HddsVolumeChecker.java:checkAllVolumes(202)) - Scheduled health check for volume org.apache.hadoop.ozone.container.common.volume.HddsVolume@7e868970
2019-10-02 23:11:51,006 [Thread-226] INFO  impl.RaftServerProxy (ConfUtils.java:logGet(43)) - raft.rpc.type = GRPC (default)
2019-10-02 23:11:51,006 [Thread-226] INFO  grpc.GrpcFactory (GrpcFactory.java:checkPooledByteBufAllocatorUseCacheForAllThreads(45)) - PERFORMANCE WARNING: useCacheForAllThreads is true that may cause Netty to create a lot garbage objects and, as a result, trigger GC.
	It is recommended to disable useCacheForAllThreads by setting -Dorg.apache.ratis.thirdparty.io.netty.allocator.useCacheForAllThreads=false in command line.
2019-10-02 23:11:51,007 [Thread-226] INFO  grpc.GrpcConfigKeys$Server (ConfUtils.java:logGet(43)) - raft.grpc.server.port = 0 (default)
2019-10-02 23:11:51,007 [Thread-226] INFO  server.GrpcService (ConfUtils.java:logGet(43)) - raft.grpc.message.size.max = 33570816 (custom)
2019-10-02 23:11:51,007 [Thread-226] INFO  server.RaftServerConfigKeys (ConfUtils.java:logGet(43)) - raft.server.log.appender.buffer.byte-limit = 33554432 (custom)
2019-10-02 23:11:51,007 [Thread-226] INFO  server.GrpcService (ConfUtils.java:logGet(43)) - raft.grpc.flow.control.window = 1MB (=1048576) (default)
2019-10-02 23:11:51,007 [Thread-226] INFO  server.RaftServerConfigKeys (ConfUtils.java:logGet(43)) - raft.server.rpc.request.timeout = 3000ms (default)
2019-10-02 23:11:51,008 [Thread-226] INFO  server.RaftServerConfigKeys (ConfUtils.java:logGet(43)) - raft.server.storage.dir = [/workdir/hadoop-ozone/ozonefs/target/test-dir/MiniOzoneClusterImpl-5b0a54b9-c324-4af2-b780-1a2df63a188d/datanode-1/data/ratis] (custom)
2019-10-02 23:11:51,009 [Thread-226] INFO  hdfs.DFSUtil (DFSUtil.java:httpServerTemplateForNNAndJN(1641)) - Starting Web-server for hddsDatanode at: http://0.0.0.0:0
2019-10-02 23:11:51,010 [Thread-226] INFO  server.AuthenticationFilter (AuthenticationFilter.java:constructSecretProvider(240)) - Unable to initialize FileSignerSecretProvider, falling back to use random secrets.
2019-10-02 23:11:51,011 [Thread-226] WARN  http.HttpRequestLog (HttpRequestLog.java:getRequestLog(97)) - Jetty request log can only be enabled using Log4j
2019-10-02 23:11:51,012 [Thread-226] INFO  http.HttpServer2 (HttpServer2.java:addGlobalFilter(975)) - Added global filter 'safety' (class=org.apache.hadoop.http.HttpServer2$QuotingInputFilter)
2019-10-02 23:11:51,013 [Thread-226] INFO  http.HttpServer2 (HttpServer2.java:addFilter(948)) - Added filter static_user_filter (class=org.apache.hadoop.http.lib.StaticUserWebFilter$StaticUserFilter) to context hddsDatanode
2019-10-02 23:11:51,013 [Thread-226] INFO  http.HttpServer2 (HttpServer2.java:addFilter(958)) - Added filter static_user_filter (class=org.apache.hadoop.http.lib.StaticUserWebFilter$StaticUserFilter) to context logs
2019-10-02 23:11:51,013 [Thread-226] INFO  http.HttpServer2 (HttpServer2.java:addFilter(958)) - Added filter static_user_filter (class=org.apache.hadoop.http.lib.StaticUserWebFilter$StaticUserFilter) to context static
2019-10-02 23:11:51,014 [Thread-226] INFO  http.HttpServer2 (HttpServer2.java:bindListener(1191)) - Jetty bound to port 39725
2019-10-02 23:11:51,014 [Thread-226] INFO  server.Server (Server.java:doStart(351)) - jetty-9.3.25.v20180904, build timestamp: 2018-09-04T21:11:46Z, git hash: 3ce520221d0240229c862b122d2b06c12a625732
2019-10-02 23:11:51,015 [Thread-226] INFO  handler.ContextHandler (ContextHandler.java:doStart(781)) - Started o.e.j.s.ServletContextHandler@5ea54576{/logs,file:///workdir/hadoop-ozone/ozonefs/target/log,AVAILABLE}
2019-10-02 23:11:51,016 [Thread-226] INFO  handler.ContextHandler (ContextHandler.java:doStart(781)) - Started o.e.j.s.ServletContextHandler@203ffb9c{/static,jar:file:/home/user/.m2/repository/org/apache/hadoop/hadoop-hdds-container-service/0.5.0-SNAPSHOT/hadoop-hdds-container-service-0.5.0-SNAPSHOT.jar!/webapps/static,AVAILABLE}
2019-10-02 23:11:51,043 [Thread-226] INFO  handler.ContextHandler (ContextHandler.java:doStart(781)) - Started o.e.j.w.WebAppContext@7aaed4e4{/,file:///tmp/jetty-0.0.0.0-39725-hddsDatanode-_-any-5629559719908979743.dir/webapp/,AVAILABLE}{/hddsDatanode}
2019-10-02 23:11:51,044 [Thread-226] INFO  server.AbstractConnector (AbstractConnector.java:doStart(278)) - Started ServerConnector@6880b089{HTTP/1.1,[http/1.1]}{0.0.0.0:39725}
2019-10-02 23:11:51,045 [Thread-226] INFO  server.Server (Server.java:doStart(419)) - Started @24148ms
2019-10-02 23:11:51,045 [Thread-226] WARN  impl.MetricsSystemImpl (MetricsSystemImpl.java:register(276)) - Sink prometheus already exists!
2019-10-02 23:11:51,045 [Thread-226] INFO  server.BaseHttpServer (BaseHttpServer.java:updateConnectorAddress(215)) - HTTP server of HDDSDATANODE is listening at http://0.0.0.0:39725
2019-10-02 23:11:51,046 [Thread-226] INFO  impl.MetricsSystemImpl (MetricsSystemImpl.java:init(158)) - HddsDatanode metrics system started (again)
2019-10-02 23:11:51,048 [org.apache.hadoop.util.JvmPauseMonitor$Monitor@1089c54a] INFO  util.JvmPauseMonitor (JvmPauseMonitor.java:run(188)) - Starting JVM pause monitor
2019-10-02 23:11:51,048 [Thread-226] INFO  ozone.HddsDatanodeService (HddsDatanodeService.java:start(184)) - HddsDatanodeService host:pr-hdds1737-lts7z-2510321508 ip:192.168.30.30
2019-10-02 23:11:51,049 [Datanode State Machine Thread - 0] INFO  datanode.InitDatanodeState (InitDatanodeState.java:persistContainerDatanodeDetails(140)) - DatanodeDetails is persisted to /workdir/hadoop-ozone/ozonefs/target/test-dir/MiniOzoneClusterImpl-5b0a54b9-c324-4af2-b780-1a2df63a188d/datanode-1/meta/datanode.id
2019-10-02 23:11:51,055 [Thread-226] INFO  volume.HddsVolume (HddsVolume.java:<init>(176)) - Creating Volume: /workdir/hadoop-ozone/ozonefs/target/test-dir/MiniOzoneClusterImpl-5b0a54b9-c324-4af2-b780-1a2df63a188d/datanode-2/data/containers/hdds of  storage type : DISK and capacity : 1482555576320
2019-10-02 23:11:51,055 [Thread-226] INFO  volume.VolumeSet (VolumeSet.java:initializeVolumeSet(170)) - Added Volume : /workdir/hadoop-ozone/ozonefs/target/test-dir/MiniOzoneClusterImpl-5b0a54b9-c324-4af2-b780-1a2df63a188d/datanode-2/data/containers/hdds to VolumeSet
2019-10-02 23:11:51,055 [Thread-226] INFO  volume.ThrottledAsyncChecker (ThrottledAsyncChecker.java:schedule(139)) - Scheduling a check for org.apache.hadoop.ozone.container.common.volume.HddsVolume@49c98639
2019-10-02 23:11:51,056 [Thread-226] INFO  volume.HddsVolumeChecker (HddsVolumeChecker.java:checkAllVolumes(202)) - Scheduled health check for volume org.apache.hadoop.ozone.container.common.volume.HddsVolume@49c98639
2019-10-02 23:11:51,073 [Thread-226] INFO  impl.RaftServerProxy (ConfUtils.java:logGet(43)) - raft.rpc.type = GRPC (default)
2019-10-02 23:11:51,073 [Thread-226] INFO  grpc.GrpcFactory (GrpcFactory.java:checkPooledByteBufAllocatorUseCacheForAllThreads(45)) - PERFORMANCE WARNING: useCacheForAllThreads is true that may cause Netty to create a lot garbage objects and, as a result, trigger GC.
	It is recommended to disable useCacheForAllThreads by setting -Dorg.apache.ratis.thirdparty.io.netty.allocator.useCacheForAllThreads=false in command line.
2019-10-02 23:11:51,074 [Thread-226] INFO  grpc.GrpcConfigKeys$Server (ConfUtils.java:logGet(43)) - raft.grpc.server.port = 0 (default)
2019-10-02 23:11:51,074 [Thread-226] INFO  server.GrpcService (ConfUtils.java:logGet(43)) - raft.grpc.message.size.max = 33570816 (custom)
2019-10-02 23:11:51,074 [Thread-226] INFO  server.RaftServerConfigKeys (ConfUtils.java:logGet(43)) - raft.server.log.appender.buffer.byte-limit = 33554432 (custom)
2019-10-02 23:11:51,074 [Thread-226] INFO  server.GrpcService (ConfUtils.java:logGet(43)) - raft.grpc.flow.control.window = 1MB (=1048576) (default)
2019-10-02 23:11:51,074 [Thread-226] INFO  server.RaftServerConfigKeys (ConfUtils.java:logGet(43)) - raft.server.rpc.request.timeout = 3000ms (default)
2019-10-02 23:11:51,075 [Thread-226] INFO  server.RaftServerConfigKeys (ConfUtils.java:logGet(43)) - raft.server.storage.dir = [/workdir/hadoop-ozone/ozonefs/target/test-dir/MiniOzoneClusterImpl-5b0a54b9-c324-4af2-b780-1a2df63a188d/datanode-2/data/ratis] (custom)
2019-10-02 23:11:51,076 [Thread-226] INFO  hdfs.DFSUtil (DFSUtil.java:httpServerTemplateForNNAndJN(1641)) - Starting Web-server for hddsDatanode at: http://0.0.0.0:0
2019-10-02 23:11:51,077 [Thread-226] INFO  server.AuthenticationFilter (AuthenticationFilter.java:constructSecretProvider(240)) - Unable to initialize FileSignerSecretProvider, falling back to use random secrets.
2019-10-02 23:11:51,079 [Thread-226] WARN  http.HttpRequestLog (HttpRequestLog.java:getRequestLog(97)) - Jetty request log can only be enabled using Log4j
2019-10-02 23:11:51,080 [Thread-226] INFO  http.HttpServer2 (HttpServer2.java:addGlobalFilter(975)) - Added global filter 'safety' (class=org.apache.hadoop.http.HttpServer2$QuotingInputFilter)
2019-10-02 23:11:51,081 [Thread-226] INFO  http.HttpServer2 (HttpServer2.java:addFilter(948)) - Added filter static_user_filter (class=org.apache.hadoop.http.lib.StaticUserWebFilter$StaticUserFilter) to context hddsDatanode
2019-10-02 23:11:51,081 [Thread-226] INFO  http.HttpServer2 (HttpServer2.java:addFilter(958)) - Added filter static_user_filter (class=org.apache.hadoop.http.lib.StaticUserWebFilter$StaticUserFilter) to context logs
2019-10-02 23:11:51,081 [Thread-226] INFO  http.HttpServer2 (HttpServer2.java:addFilter(958)) - Added filter static_user_filter (class=org.apache.hadoop.http.lib.StaticUserWebFilter$StaticUserFilter) to context static
2019-10-02 23:11:51,081 [Thread-226] INFO  http.HttpServer2 (HttpServer2.java:bindListener(1191)) - Jetty bound to port 37683
2019-10-02 23:11:51,082 [Thread-226] INFO  server.Server (Server.java:doStart(351)) - jetty-9.3.25.v20180904, build timestamp: 2018-09-04T21:11:46Z, git hash: 3ce520221d0240229c862b122d2b06c12a625732
2019-10-02 23:11:51,083 [Thread-226] INFO  handler.ContextHandler (ContextHandler.java:doStart(781)) - Started o.e.j.s.ServletContextHandler@3d665b6e{/logs,file:///workdir/hadoop-ozone/ozonefs/target/log,AVAILABLE}
2019-10-02 23:11:51,083 [Thread-226] INFO  handler.ContextHandler (ContextHandler.java:doStart(781)) - Started o.e.j.s.ServletContextHandler@7a200ee8{/static,jar:file:/home/user/.m2/repository/org/apache/hadoop/hadoop-hdds-container-service/0.5.0-SNAPSHOT/hadoop-hdds-container-service-0.5.0-SNAPSHOT.jar!/webapps/static,AVAILABLE}
2019-10-02 23:11:51,110 [Thread-226] INFO  handler.ContextHandler (ContextHandler.java:doStart(781)) - Started o.e.j.w.WebAppContext@36442f45{/,file:///tmp/jetty-0.0.0.0-37683-hddsDatanode-_-any-5674666290223899843.dir/webapp/,AVAILABLE}{/hddsDatanode}
2019-10-02 23:11:51,111 [Thread-226] INFO  server.AbstractConnector (AbstractConnector.java:doStart(278)) - Started ServerConnector@732b4d50{HTTP/1.1,[http/1.1]}{0.0.0.0:37683}
2019-10-02 23:11:51,112 [Thread-226] INFO  server.Server (Server.java:doStart(419)) - Started @24215ms
2019-10-02 23:11:51,112 [Thread-226] WARN  impl.MetricsSystemImpl (MetricsSystemImpl.java:register(276)) - Sink prometheus already exists!
2019-10-02 23:11:51,113 [Thread-226] INFO  server.BaseHttpServer (BaseHttpServer.java:updateConnectorAddress(215)) - HTTP server of HDDSDATANODE is listening at http://0.0.0.0:37683
2019-10-02 23:11:51,113 [Thread-226] INFO  ozone.MiniOzoneClusterImpl (MiniOzoneClusterImpl.java:lambda$waitForClusterToBeReady$0(147)) - Waiting for cluster to be ready. Got 0 of 3 DN Heartbeats.
2019-10-02 23:11:51,116 [org.apache.hadoop.util.JvmPauseMonitor$Monitor@5ac02b3] INFO  util.JvmPauseMonitor (JvmPauseMonitor.java:run(188)) - Starting JVM pause monitor
2019-10-02 23:11:51,119 [Datanode State Machine Thread - 0] INFO  datanode.InitDatanodeState (InitDatanodeState.java:persistContainerDatanodeDetails(140)) - DatanodeDetails is persisted to /workdir/hadoop-ozone/ozonefs/target/test-dir/MiniOzoneClusterImpl-5b0a54b9-c324-4af2-b780-1a2df63a188d/datanode-2/meta/datanode.id
2019-10-02 23:11:52,116 [Thread-226] INFO  ozone.MiniOzoneClusterImpl (MiniOzoneClusterImpl.java:lambda$waitForClusterToBeReady$0(147)) - Waiting for cluster to be ready. Got 0 of 3 DN Heartbeats.
2019-10-02 23:11:52,993 [Datanode State Machine Thread - 0] INFO  ozoneimpl.OzoneContainer (OzoneContainer.java:start(217)) - Attempting to start container services.
2019-10-02 23:11:52,993 [Datanode State Machine Thread - 0] INFO  ozoneimpl.OzoneContainer (OzoneContainer.java:startContainerScrub(179)) - Background container scanner has been disabled.
2019-10-02 23:11:52,993 [Datanode State Machine Thread - 0] INFO  ratis.XceiverServerRatis (XceiverServerRatis.java:start(417)) - Starting XceiverServerRatis ead5c062-1af1-4abd-8580-d63c759609aa at port 0
2019-10-02 23:11:52,998 [Datanode State Machine Thread - 0] INFO  impl.RaftServerProxy (RaftServerProxy.java:lambda$start$3(299)) - ead5c062-1af1-4abd-8580-d63c759609aa: start RPC server
2019-10-02 23:11:53,001 [Datanode State Machine Thread - 0] INFO  server.GrpcService (GrpcService.java:startImpl(158)) - ead5c062-1af1-4abd-8580-d63c759609aa: GrpcService started, listening on 0.0.0.0/0.0.0.0:37195
2019-10-02 23:11:53,001 [Datanode State Machine Thread - 0] INFO  ratis.XceiverServerRatis (XceiverServerRatis.java:start(427)) - XceiverServerRatis ead5c062-1af1-4abd-8580-d63c759609aa is started using port 37195
2019-10-02 23:11:53,003 [Datanode State Machine Thread - 0] INFO  server.XceiverServerGrpc (XceiverServerGrpc.java:start(149)) - XceiverServerGrpc ead5c062-1af1-4abd-8580-d63c759609aa is started using port 39844
2019-10-02 23:11:53,087 [Datanode State Machine Thread - 0] INFO  ozoneimpl.OzoneContainer (OzoneContainer.java:start(217)) - Attempting to start container services.
2019-10-02 23:11:53,089 [Datanode State Machine Thread - 0] INFO  ozoneimpl.OzoneContainer (OzoneContainer.java:startContainerScrub(179)) - Background container scanner has been disabled.
2019-10-02 23:11:53,089 [Datanode State Machine Thread - 0] INFO  ratis.XceiverServerRatis (XceiverServerRatis.java:start(417)) - Starting XceiverServerRatis d7057dcb-fe83-4c36-ae34-1ede2d89e705 at port 0
2019-10-02 23:11:53,094 [Datanode State Machine Thread - 0] INFO  impl.RaftServerProxy (RaftServerProxy.java:lambda$start$3(299)) - d7057dcb-fe83-4c36-ae34-1ede2d89e705: start RPC server
2019-10-02 23:11:53,095 [Datanode State Machine Thread - 0] INFO  server.GrpcService (GrpcService.java:startImpl(158)) - d7057dcb-fe83-4c36-ae34-1ede2d89e705: GrpcService started, listening on 0.0.0.0/0.0.0.0:46744
2019-10-02 23:11:53,095 [Datanode State Machine Thread - 0] INFO  ratis.XceiverServerRatis (XceiverServerRatis.java:start(427)) - XceiverServerRatis d7057dcb-fe83-4c36-ae34-1ede2d89e705 is started using port 46744
2019-10-02 23:11:53,097 [Datanode State Machine Thread - 0] INFO  server.XceiverServerGrpc (XceiverServerGrpc.java:start(149)) - XceiverServerGrpc d7057dcb-fe83-4c36-ae34-1ede2d89e705 is started using port 33893
2019-10-02 23:11:53,116 [Thread-226] INFO  ozone.MiniOzoneClusterImpl (MiniOzoneClusterImpl.java:lambda$waitForClusterToBeReady$0(147)) - Waiting for cluster to be ready. Got 0 of 3 DN Heartbeats.
2019-10-02 23:11:53,138 [Datanode State Machine Thread - 0] INFO  ozoneimpl.OzoneContainer (OzoneContainer.java:start(217)) - Attempting to start container services.
2019-10-02 23:11:53,140 [Datanode State Machine Thread - 0] INFO  ozoneimpl.OzoneContainer (OzoneContainer.java:startContainerScrub(179)) - Background container scanner has been disabled.
2019-10-02 23:11:53,141 [Datanode State Machine Thread - 0] INFO  ratis.XceiverServerRatis (XceiverServerRatis.java:start(417)) - Starting XceiverServerRatis 3b1055e0-aebc-43fb-9e9e-8851140c8ace at port 0
2019-10-02 23:11:53,147 [Datanode State Machine Thread - 0] INFO  impl.RaftServerProxy (RaftServerProxy.java:lambda$start$3(299)) - 3b1055e0-aebc-43fb-9e9e-8851140c8ace: start RPC server
2019-10-02 23:11:53,149 [Datanode State Machine Thread - 0] INFO  server.GrpcService (GrpcService.java:startImpl(158)) - 3b1055e0-aebc-43fb-9e9e-8851140c8ace: GrpcService started, listening on 0.0.0.0/0.0.0.0:45852
2019-10-02 23:11:53,150 [Datanode State Machine Thread - 0] INFO  ratis.XceiverServerRatis (XceiverServerRatis.java:start(427)) - XceiverServerRatis 3b1055e0-aebc-43fb-9e9e-8851140c8ace is started using port 45852
2019-10-02 23:11:53,151 [Datanode State Machine Thread - 0] INFO  server.XceiverServerGrpc (XceiverServerGrpc.java:start(149)) - XceiverServerGrpc 3b1055e0-aebc-43fb-9e9e-8851140c8ace is started using port 44773
2019-10-02 23:11:54,117 [Thread-226] INFO  ozone.MiniOzoneClusterImpl (MiniOzoneClusterImpl.java:lambda$waitForClusterToBeReady$0(147)) - Waiting for cluster to be ready. Got 0 of 3 DN Heartbeats.
2019-10-02 23:11:54,961 [IPC Server handler 0 on 36434] INFO  net.NetworkTopology (NetworkTopologyImpl.java:add(111)) - Added a new node: /default-rack/ead5c062-1af1-4abd-8580-d63c759609aa
2019-10-02 23:11:54,961 [IPC Server handler 0 on 36434] INFO  node.SCMNodeManager (SCMNodeManager.java:register(266)) - Registered Data node : ead5c062-1af1-4abd-8580-d63c759609aa{ip: 192.168.30.30, host: pr-hdds1737-lts7z-2510321508, networkLocation: /default-rack, certSerialId: null}
2019-10-02 23:11:54,963 [EventQueue-NodeRegistrationContainerReportForDataNodeSafeModeRule] INFO  safemode.SCMSafeModeManager (DataNodeSafeModeRule.java:process(71)) - SCM in safe mode. 1 DataNodes registered, 1 required.
2019-10-02 23:11:54,964 [EventQueue-NodeRegistrationContainerReportForContainerSafeModeRule] INFO  safemode.SCMSafeModeManager (SCMSafeModeManager.java:validateSafeModeExitRules(177)) - ScmSafeModeManager, all rules are successfully validated
2019-10-02 23:11:54,964 [EventQueue-NodeRegistrationContainerReportForContainerSafeModeRule] INFO  safemode.SCMSafeModeManager (SCMSafeModeManager.java:exitSafeMode(193)) - SCM exiting safe mode.
2019-10-02 23:11:54,997 [grpc-default-executor-0] INFO  impl.RaftServerProxy (RaftServerProxy.java:addNew(89)) - ead5c062-1af1-4abd-8580-d63c759609aa: addNew group-AEF9DE4916CB:[ead5c062-1af1-4abd-8580-d63c759609aa:192.168.30.30:37195] returns group-AEF9DE4916CB:java.util.concurrent.CompletableFuture@20bb2e7a[Not completed]
2019-10-02 23:11:55,001 [pool-77-thread-1] INFO  impl.RaftServerImpl (RaftServerImpl.java:<init>(95)) - ead5c062-1af1-4abd-8580-d63c759609aa: new RaftServerImpl for group-AEF9DE4916CB:[ead5c062-1af1-4abd-8580-d63c759609aa:192.168.30.30:37195] with ContainerStateMachine:uninitialized
2019-10-02 23:11:55,002 [pool-77-thread-1] INFO  server.RaftServerConfigKeys (ConfUtils.java:logGet(43)) - raft.server.rpc.timeout.min = 5s (custom)
2019-10-02 23:11:55,002 [pool-77-thread-1] INFO  server.RaftServerConfigKeys (ConfUtils.java:logGet(43)) - raft.server.rpc.timeout.max = 5200ms (custom)
2019-10-02 23:11:55,002 [pool-77-thread-1] INFO  server.RaftServerConfigKeys (ConfUtils.java:logGet(43)) - raft.server.rpcslowness.timeout = 120s (custom)
2019-10-02 23:11:55,002 [pool-77-thread-1] INFO  server.RaftServerConfigKeys (ConfUtils.java:logGet(43)) - raft.server.sleep.deviation.threshold = 300 (default)
2019-10-02 23:11:55,002 [pool-77-thread-1] INFO  server.RaftServerConfigKeys (ConfUtils.java:logGet(43)) - raft.server.log.appender.install.snapshot.enabled = false (custom)
2019-10-02 23:11:55,002 [pool-77-thread-1] INFO  impl.RaftServerImpl (ServerState.java:<init>(103)) - ead5c062-1af1-4abd-8580-d63c759609aa@group-AEF9DE4916CB: ConfigurationManager, init=-1: [ead5c062-1af1-4abd-8580-d63c759609aa:192.168.30.30:37195], old=null, confs=<EMPTY_MAP>
2019-10-02 23:11:55,002 [pool-77-thread-1] INFO  server.RaftServerConfigKeys (ConfUtils.java:logGet(43)) - raft.server.storage.dir = [/workdir/hadoop-ozone/ozonefs/target/test-dir/MiniOzoneClusterImpl-5b0a54b9-c324-4af2-b780-1a2df63a188d/datanode-0/data/ratis] (custom)
2019-10-02 23:11:55,003 [pool-77-thread-1] INFO  server.RaftServerConfigKeys (ConfUtils.java:logGet(43)) - raft.server.log.corruption.policy = EXCEPTION (default)
2019-10-02 23:11:55,003 [pool-77-thread-1] INFO  storage.RaftStorageDirectory (RaftStorageDirectory.java:analyzeStorage(246)) - The storage directory /workdir/hadoop-ozone/ozonefs/target/test-dir/MiniOzoneClusterImpl-5b0a54b9-c324-4af2-b780-1a2df63a188d/datanode-0/data/ratis/57b76e2c-7859-431c-8367-aef9de4916cb does not exist. Creating ...
2019-10-02 23:11:55,026 [pool-77-thread-1] INFO  storage.RaftStorageDirectory (RaftStorageDirectory.java:tryLock(328)) - Lock on /workdir/hadoop-ozone/ozonefs/target/test-dir/MiniOzoneClusterImpl-5b0a54b9-c324-4af2-b780-1a2df63a188d/datanode-0/data/ratis/57b76e2c-7859-431c-8367-aef9de4916cb/in_use.lock acquired by nodename 24005@pr-hdds1737-lts7z-2510321508
2019-10-02 23:11:55,050 [IPC Server handler 2 on 36434] INFO  net.NetworkTopology (NetworkTopologyImpl.java:add(111)) - Added a new node: /default-rack/d7057dcb-fe83-4c36-ae34-1ede2d89e705
2019-10-02 23:11:55,051 [IPC Server handler 2 on 36434] INFO  node.SCMNodeManager (SCMNodeManager.java:register(266)) - Registered Data node : d7057dcb-fe83-4c36-ae34-1ede2d89e705{ip: 192.168.30.30, host: pr-hdds1737-lts7z-2510321508, networkLocation: /default-rack, certSerialId: null}
2019-10-02 23:11:55,057 [pool-77-thread-1] INFO  storage.RaftStorage (RaftStorage.java:format(84)) - Storage directory /workdir/hadoop-ozone/ozonefs/target/test-dir/MiniOzoneClusterImpl-5b0a54b9-c324-4af2-b780-1a2df63a188d/datanode-0/data/ratis/57b76e2c-7859-431c-8367-aef9de4916cb has been successfully formatted.
2019-10-02 23:11:55,058 [pool-77-thread-1] INFO  ratis.ContainerStateMachine (ContainerStateMachine.java:loadSnapshot(230)) - group-AEF9DE4916CB: The snapshot info is null. Setting the last applied indexto:(t:0, i:~)
2019-10-02 23:11:55,058 [pool-77-thread-1] INFO  server.RaftServerConfigKeys (ConfUtils.java:logGet(43)) - raft.server.notification.no-leader.timeout = 120s (custom)
2019-10-02 23:11:55,058 [pool-77-thread-1] INFO  server.RaftServerConfigKeys (ConfUtils.java:logGet(43)) - raft.server.log.use.memory = false (default)
2019-10-02 23:11:55,058 [pool-77-thread-1] INFO  server.RaftServerConfigKeys (ConfUtils.java:logGet(43)) - raft.server.log.purge.gap = 1000000 (custom)
2019-10-02 23:11:55,058 [pool-77-thread-1] INFO  server.RaftServerConfigKeys (ConfUtils.java:logGet(43)) - raft.server.log.appender.buffer.byte-limit = 33554432 (custom)
2019-10-02 23:11:55,058 [pool-77-thread-1] INFO  server.RaftServerConfigKeys (ConfUtils.java:logGet(43)) - raft.server.log.segment.size.max = 1048576 (custom)
2019-10-02 23:11:55,062 [pool-77-thread-1] INFO  server.RaftServerConfigKeys (ConfUtils.java:logGet(43)) - raft.server.log.segment.cache.num.max = 2 (custom)
2019-10-02 23:11:55,062 [pool-77-thread-1] INFO  segmented.SegmentedRaftLogWorker (SegmentedRaftLogWorker.java:<init>(173)) - new ead5c062-1af1-4abd-8580-d63c759609aa@group-AEF9DE4916CB-SegmentedRaftLogWorker for RaftStorage:Storage Directory /workdir/hadoop-ozone/ozonefs/target/test-dir/MiniOzoneClusterImpl-5b0a54b9-c324-4af2-b780-1a2df63a188d/datanode-0/data/ratis/57b76e2c-7859-431c-8367-aef9de4916cb
2019-10-02 23:11:55,062 [pool-77-thread-1] INFO  server.RaftServerConfigKeys (ConfUtils.java:logGet(43)) - raft.server.log.queue.byte-limit = 2147483647 (custom)
2019-10-02 23:11:55,062 [pool-77-thread-1] INFO  server.RaftServerConfigKeys (ConfUtils.java:logGet(43)) - raft.server.log.queue.element-limit = 1024 (custom)
2019-10-02 23:11:55,063 [pool-77-thread-1] INFO  server.RaftServerConfigKeys (ConfUtils.java:logGet(43)) - raft.server.log.segment.size.max = 1048576 (custom)
2019-10-02 23:11:55,063 [pool-77-thread-1] INFO  server.RaftServerConfigKeys (ConfUtils.java:logGet(43)) - raft.server.log.preallocated.size = 16384 (custom)
2019-10-02 23:11:55,063 [pool-77-thread-1] INFO  server.RaftServerConfigKeys (ConfUtils.java:logGet(43)) - raft.server.log.write.buffer.size = 33554432 (custom)
2019-10-02 23:11:55,063 [pool-77-thread-1] INFO  server.RaftServerConfigKeys (ConfUtils.java:logGet(43)) - raft.server.log.force.sync.num = 128 (default)
2019-10-02 23:11:55,063 [pool-77-thread-1] INFO  server.RaftServerConfigKeys (ConfUtils.java:logGet(43)) - raft.server.log.statemachine.data.sync = true (default)
2019-10-02 23:11:55,063 [pool-77-thread-1] INFO  server.RaftServerConfigKeys (ConfUtils.java:logGet(43)) - raft.server.log.statemachine.data.sync.timeout = 10s (default)
2019-10-02 23:11:55,064 [pool-77-thread-1] INFO  server.RaftServerConfigKeys (ConfUtils.java:logGet(43)) - raft.server.log.statemachine.data.sync.timeout.retry = -1 (default)
2019-10-02 23:11:55,064 [pool-77-thread-1] INFO  server.RaftServerConfigKeys (ConfUtils.java:logGet(43)) - raft.server.log.statemachine.data.caching.enabled = true (custom)
2019-10-02 23:11:55,065 [pool-77-thread-1] INFO  segmented.SegmentedRaftLogWorker (SegmentedRaftLogWorker.java:lambda$new$0(128)) - ead5c062-1af1-4abd-8580-d63c759609aa@group-AEF9DE4916CB-SegmentedRaftLogWorker: flushIndex: setUnconditionally 0 -> -1
2019-10-02 23:11:55,065 [pool-77-thread-1] INFO  server.RaftServerConfigKeys (ConfUtils.java:logGet(43)) - raft.server.snapshot.auto.trigger.enabled = true (custom)
2019-10-02 23:11:55,065 [pool-77-thread-1] INFO  server.RaftServerConfigKeys (ConfUtils.java:logGet(43)) - raft.server.snapshot.auto.trigger.threshold = 10000 (custom)
2019-10-02 23:11:55,065 [pool-77-thread-1] INFO  server.RaftServerConfigKeys (ConfUtils.java:logGet(43)) - raft.server.snapshot.retention.file.num = 5 (custom)
2019-10-02 23:11:55,065 [pool-77-thread-1] INFO  server.RaftServerConfigKeys (ConfUtils.java:logGet(43)) - raft.server.retrycache.expirytime = 600000ms (custom)
2019-10-02 23:11:55,068 [pool-77-thread-1] INFO  impl.RaftServerImpl (RaftServerImpl.java:start(181)) - ead5c062-1af1-4abd-8580-d63c759609aa@group-AEF9DE4916CB: start as a follower, conf=-1: [ead5c062-1af1-4abd-8580-d63c759609aa:192.168.30.30:37195], old=null
2019-10-02 23:11:55,068 [pool-77-thread-1] INFO  impl.RaftServerImpl (RaftServerImpl.java:setRole(170)) - ead5c062-1af1-4abd-8580-d63c759609aa@group-AEF9DE4916CB: changes role from      null to FOLLOWER at term 0 for startAsFollower
2019-10-02 23:11:55,069 [pool-77-thread-1] INFO  impl.RoleInfo (RoleInfo.java:updateAndGet(143)) - ead5c062-1af1-4abd-8580-d63c759609aa: start FollowerState
2019-10-02 23:11:55,069 [pool-77-thread-1] INFO  util.JmxRegister (JmxRegister.java:tryRegister(44)) - Successfully registered JMX Bean with object name Ratis:service=RaftServer,group=group-AEF9DE4916CB,id=ead5c062-1af1-4abd-8580-d63c759609aa
2019-10-02 23:11:55,081 [RatisPipelineUtilsThread] INFO  pipeline.PipelineStateManager (PipelineStateManager.java:addPipeline(56)) - Created pipeline Pipeline[ Id: 57b76e2c-7859-431c-8367-aef9de4916cb, Nodes: ead5c062-1af1-4abd-8580-d63c759609aa{ip: 192.168.30.30, host: pr-hdds1737-lts7z-2510321508, networkLocation: /default-rack, certSerialId: null}, Type:RATIS, Factor:ONE, State:OPEN]
2019-10-02 23:11:55,092 [grpc-default-executor-0] INFO  impl.RaftServerProxy (RaftServerProxy.java:addNew(89)) - d7057dcb-fe83-4c36-ae34-1ede2d89e705: addNew group-F42DDAF427AC:[d7057dcb-fe83-4c36-ae34-1ede2d89e705:192.168.30.30:46744] returns group-F42DDAF427AC:java.util.concurrent.CompletableFuture@3798eeca[Not completed]
2019-10-02 23:11:55,093 [pool-87-thread-1] INFO  impl.RaftServerImpl (RaftServerImpl.java:<init>(95)) - d7057dcb-fe83-4c36-ae34-1ede2d89e705: new RaftServerImpl for group-F42DDAF427AC:[d7057dcb-fe83-4c36-ae34-1ede2d89e705:192.168.30.30:46744] with ContainerStateMachine:uninitialized
2019-10-02 23:11:55,094 [pool-87-thread-1] INFO  server.RaftServerConfigKeys (ConfUtils.java:logGet(43)) - raft.server.rpc.timeout.min = 5s (custom)
2019-10-02 23:11:55,094 [pool-87-thread-1] INFO  server.RaftServerConfigKeys (ConfUtils.java:logGet(43)) - raft.server.rpc.timeout.max = 5200ms (custom)
2019-10-02 23:11:55,094 [pool-87-thread-1] INFO  server.RaftServerConfigKeys (ConfUtils.java:logGet(43)) - raft.server.rpcslowness.timeout = 120s (custom)
2019-10-02 23:11:55,094 [pool-87-thread-1] INFO  server.RaftServerConfigKeys (ConfUtils.java:logGet(43)) - raft.server.sleep.deviation.threshold = 300 (default)
2019-10-02 23:11:55,094 [pool-87-thread-1] INFO  server.RaftServerConfigKeys (ConfUtils.java:logGet(43)) - raft.server.log.appender.install.snapshot.enabled = false (custom)
2019-10-02 23:11:55,094 [pool-87-thread-1] INFO  impl.RaftServerImpl (ServerState.java:<init>(103)) - d7057dcb-fe83-4c36-ae34-1ede2d89e705@group-F42DDAF427AC: ConfigurationManager, init=-1: [d7057dcb-fe83-4c36-ae34-1ede2d89e705:192.168.30.30:46744], old=null, confs=<EMPTY_MAP>
2019-10-02 23:11:55,094 [pool-87-thread-1] INFO  server.RaftServerConfigKeys (ConfUtils.java:logGet(43)) - raft.server.storage.dir = [/workdir/hadoop-ozone/ozonefs/target/test-dir/MiniOzoneClusterImpl-5b0a54b9-c324-4af2-b780-1a2df63a188d/datanode-1/data/ratis] (custom)
2019-10-02 23:11:55,095 [pool-87-thread-1] INFO  server.RaftServerConfigKeys (ConfUtils.java:logGet(43)) - raft.server.log.corruption.policy = EXCEPTION (default)
2019-10-02 23:11:55,095 [pool-87-thread-1] INFO  storage.RaftStorageDirectory (RaftStorageDirectory.java:analyzeStorage(246)) - The storage directory /workdir/hadoop-ozone/ozonefs/target/test-dir/MiniOzoneClusterImpl-5b0a54b9-c324-4af2-b780-1a2df63a188d/datanode-1/data/ratis/6162d707-cabb-499b-b5ee-f42ddaf427ac does not exist. Creating ...
2019-10-02 23:11:55,118 [Thread-226] INFO  ozone.MiniOzoneClusterImpl (MiniOzoneClusterImpl.java:lambda$waitForClusterToBeReady$0(147)) - Waiting for cluster to be ready. Got 2 of 3 DN Heartbeats.
2019-10-02 23:11:55,118 [IPC Server handler 4 on 36434] INFO  net.NetworkTopology (NetworkTopologyImpl.java:add(111)) - Added a new node: /default-rack/3b1055e0-aebc-43fb-9e9e-8851140c8ace
2019-10-02 23:11:55,118 [IPC Server handler 4 on 36434] INFO  node.SCMNodeManager (SCMNodeManager.java:register(266)) - Registered Data node : 3b1055e0-aebc-43fb-9e9e-8851140c8ace{ip: 192.168.30.30, host: pr-hdds1737-lts7z-2510321508, networkLocation: /default-rack, certSerialId: null}
2019-10-02 23:11:55,119 [pool-87-thread-1] INFO  storage.RaftStorageDirectory (RaftStorageDirectory.java:tryLock(328)) - Lock on /workdir/hadoop-ozone/ozonefs/target/test-dir/MiniOzoneClusterImpl-5b0a54b9-c324-4af2-b780-1a2df63a188d/datanode-1/data/ratis/6162d707-cabb-499b-b5ee-f42ddaf427ac/in_use.lock acquired by nodename 24005@pr-hdds1737-lts7z-2510321508
2019-10-02 23:11:55,139 [pool-87-thread-1] INFO  storage.RaftStorage (RaftStorage.java:format(84)) - Storage directory /workdir/hadoop-ozone/ozonefs/target/test-dir/MiniOzoneClusterImpl-5b0a54b9-c324-4af2-b780-1a2df63a188d/datanode-1/data/ratis/6162d707-cabb-499b-b5ee-f42ddaf427ac has been successfully formatted.
2019-10-02 23:11:55,140 [pool-87-thread-1] INFO  ratis.ContainerStateMachine (ContainerStateMachine.java:loadSnapshot(230)) - group-F42DDAF427AC: The snapshot info is null. Setting the last applied indexto:(t:0, i:~)
2019-10-02 23:11:55,140 [pool-87-thread-1] INFO  server.RaftServerConfigKeys (ConfUtils.java:logGet(43)) - raft.server.notification.no-leader.timeout = 120s (custom)
2019-10-02 23:11:55,140 [pool-87-thread-1] INFO  server.RaftServerConfigKeys (ConfUtils.java:logGet(43)) - raft.server.log.use.memory = false (default)
2019-10-02 23:11:55,140 [pool-87-thread-1] INFO  server.RaftServerConfigKeys (ConfUtils.java:logGet(43)) - raft.server.log.purge.gap = 1000000 (custom)
2019-10-02 23:11:55,141 [pool-87-thread-1] INFO  server.RaftServerConfigKeys (ConfUtils.java:logGet(43)) - raft.server.log.appender.buffer.byte-limit = 33554432 (custom)
2019-10-02 23:11:55,141 [pool-87-thread-1] INFO  server.RaftServerConfigKeys (ConfUtils.java:logGet(43)) - raft.server.log.segment.size.max = 1048576 (custom)
2019-10-02 23:11:55,143 [pool-87-thread-1] INFO  server.RaftServerConfigKeys (ConfUtils.java:logGet(43)) - raft.server.log.segment.cache.num.max = 2 (custom)
2019-10-02 23:11:55,143 [pool-87-thread-1] INFO  segmented.SegmentedRaftLogWorker (SegmentedRaftLogWorker.java:<init>(173)) - new d7057dcb-fe83-4c36-ae34-1ede2d89e705@group-F42DDAF427AC-SegmentedRaftLogWorker for RaftStorage:Storage Directory /workdir/hadoop-ozone/ozonefs/target/test-dir/MiniOzoneClusterImpl-5b0a54b9-c324-4af2-b780-1a2df63a188d/datanode-1/data/ratis/6162d707-cabb-499b-b5ee-f42ddaf427ac
2019-10-02 23:11:55,143 [pool-87-thread-1] INFO  server.RaftServerConfigKeys (ConfUtils.java:logGet(43)) - raft.server.log.queue.byte-limit = 2147483647 (custom)
2019-10-02 23:11:55,143 [pool-87-thread-1] INFO  server.RaftServerConfigKeys (ConfUtils.java:logGet(43)) - raft.server.log.queue.element-limit = 1024 (custom)
2019-10-02 23:11:55,143 [pool-87-thread-1] INFO  server.RaftServerConfigKeys (ConfUtils.java:logGet(43)) - raft.server.log.segment.size.max = 1048576 (custom)
2019-10-02 23:11:55,143 [pool-87-thread-1] INFO  server.RaftServerConfigKeys (ConfUtils.java:logGet(43)) - raft.server.log.preallocated.size = 16384 (custom)
2019-10-02 23:11:55,143 [pool-87-thread-1] INFO  server.RaftServerConfigKeys (ConfUtils.java:logGet(43)) - raft.server.log.write.buffer.size = 33554432 (custom)
2019-10-02 23:11:55,143 [pool-87-thread-1] INFO  server.RaftServerConfigKeys (ConfUtils.java:logGet(43)) - raft.server.log.force.sync.num = 128 (default)
2019-10-02 23:11:55,143 [pool-87-thread-1] INFO  server.RaftServerConfigKeys (ConfUtils.java:logGet(43)) - raft.server.log.statemachine.data.sync = true (default)
2019-10-02 23:11:55,144 [pool-87-thread-1] INFO  server.RaftServerConfigKeys (ConfUtils.java:logGet(43)) - raft.server.log.statemachine.data.sync.timeout = 10s (default)
2019-10-02 23:11:55,144 [pool-87-thread-1] INFO  server.RaftServerConfigKeys (ConfUtils.java:logGet(43)) - raft.server.log.statemachine.data.sync.timeout.retry = -1 (default)
2019-10-02 23:11:55,144 [pool-87-thread-1] INFO  server.RaftServerConfigKeys (ConfUtils.java:logGet(43)) - raft.server.log.statemachine.data.caching.enabled = true (custom)
2019-10-02 23:11:55,144 [pool-87-thread-1] INFO  segmented.SegmentedRaftLogWorker (SegmentedRaftLogWorker.java:lambda$new$0(128)) - d7057dcb-fe83-4c36-ae34-1ede2d89e705@group-F42DDAF427AC-SegmentedRaftLogWorker: flushIndex: setUnconditionally 0 -> -1
2019-10-02 23:11:55,145 [pool-87-thread-1] INFO  server.RaftServerConfigKeys (ConfUtils.java:logGet(43)) - raft.server.snapshot.auto.trigger.enabled = true (custom)
2019-10-02 23:11:55,145 [pool-87-thread-1] INFO  server.RaftServerConfigKeys (ConfUtils.java:logGet(43)) - raft.server.snapshot.auto.trigger.threshold = 10000 (custom)
2019-10-02 23:11:55,145 [pool-87-thread-1] INFO  server.RaftServerConfigKeys (ConfUtils.java:logGet(43)) - raft.server.snapshot.retention.file.num = 5 (custom)
2019-10-02 23:11:55,145 [pool-87-thread-1] INFO  server.RaftServerConfigKeys (ConfUtils.java:logGet(43)) - raft.server.retrycache.expirytime = 600000ms (custom)
2019-10-02 23:11:55,147 [pool-87-thread-1] INFO  impl.RaftServerImpl (RaftServerImpl.java:start(181)) - d7057dcb-fe83-4c36-ae34-1ede2d89e705@group-F42DDAF427AC: start as a follower, conf=-1: [d7057dcb-fe83-4c36-ae34-1ede2d89e705:192.168.30.30:46744], old=null
2019-10-02 23:11:55,147 [pool-87-thread-1] INFO  impl.RaftServerImpl (RaftServerImpl.java:setRole(170)) - d7057dcb-fe83-4c36-ae34-1ede2d89e705@group-F42DDAF427AC: changes role from      null to FOLLOWER at term 0 for startAsFollower
2019-10-02 23:11:55,147 [pool-87-thread-1] INFO  impl.RoleInfo (RoleInfo.java:updateAndGet(143)) - d7057dcb-fe83-4c36-ae34-1ede2d89e705: start FollowerState
2019-10-02 23:11:55,148 [pool-87-thread-1] INFO  util.JmxRegister (JmxRegister.java:tryRegister(44)) - Successfully registered JMX Bean with object name Ratis:service=RaftServer,group=group-F42DDAF427AC,id=d7057dcb-fe83-4c36-ae34-1ede2d89e705
2019-10-02 23:11:55,155 [RatisPipelineUtilsThread] INFO  pipeline.PipelineStateManager (PipelineStateManager.java:addPipeline(56)) - Created pipeline Pipeline[ Id: 6162d707-cabb-499b-b5ee-f42ddaf427ac, Nodes: d7057dcb-fe83-4c36-ae34-1ede2d89e705{ip: 192.168.30.30, host: pr-hdds1737-lts7z-2510321508, networkLocation: /default-rack, certSerialId: null}, Type:RATIS, Factor:ONE, State:OPEN]
2019-10-02 23:11:55,166 [grpc-default-executor-0] INFO  impl.RaftServerProxy (RaftServerProxy.java:addNew(89)) - 3b1055e0-aebc-43fb-9e9e-8851140c8ace: addNew group-AE90668B0045:[3b1055e0-aebc-43fb-9e9e-8851140c8ace:192.168.30.30:45852] returns group-AE90668B0045:java.util.concurrent.CompletableFuture@43486de6[Not completed]
2019-10-02 23:11:55,167 [pool-97-thread-1] INFO  impl.RaftServerImpl (RaftServerImpl.java:<init>(95)) - 3b1055e0-aebc-43fb-9e9e-8851140c8ace: new RaftServerImpl for group-AE90668B0045:[3b1055e0-aebc-43fb-9e9e-8851140c8ace:192.168.30.30:45852] with ContainerStateMachine:uninitialized
2019-10-02 23:11:55,168 [pool-97-thread-1] INFO  server.RaftServerConfigKeys (ConfUtils.java:logGet(43)) - raft.server.rpc.timeout.min = 5s (custom)
2019-10-02 23:11:55,169 [pool-97-thread-1] INFO  server.RaftServerConfigKeys (ConfUtils.java:logGet(43)) - raft.server.rpc.timeout.max = 5200ms (custom)
2019-10-02 23:11:55,169 [pool-97-thread-1] INFO  server.RaftServerConfigKeys (ConfUtils.java:logGet(43)) - raft.server.rpcslowness.timeout = 120s (custom)
2019-10-02 23:11:55,169 [pool-97-thread-1] INFO  server.RaftServerConfigKeys (ConfUtils.java:logGet(43)) - raft.server.sleep.deviation.threshold = 300 (default)
2019-10-02 23:11:55,169 [pool-97-thread-1] INFO  server.RaftServerConfigKeys (ConfUtils.java:logGet(43)) - raft.server.log.appender.install.snapshot.enabled = false (custom)
2019-10-02 23:11:55,169 [pool-97-thread-1] INFO  impl.RaftServerImpl (ServerState.java:<init>(103)) - 3b1055e0-aebc-43fb-9e9e-8851140c8ace@group-AE90668B0045: ConfigurationManager, init=-1: [3b1055e0-aebc-43fb-9e9e-8851140c8ace:192.168.30.30:45852], old=null, confs=<EMPTY_MAP>
2019-10-02 23:11:55,169 [pool-97-thread-1] INFO  server.RaftServerConfigKeys (ConfUtils.java:logGet(43)) - raft.server.storage.dir = [/workdir/hadoop-ozone/ozonefs/target/test-dir/MiniOzoneClusterImpl-5b0a54b9-c324-4af2-b780-1a2df63a188d/datanode-2/data/ratis] (custom)
2019-10-02 23:11:55,169 [pool-97-thread-1] INFO  server.RaftServerConfigKeys (ConfUtils.java:logGet(43)) - raft.server.log.corruption.policy = EXCEPTION (default)
2019-10-02 23:11:55,170 [pool-97-thread-1] INFO  storage.RaftStorageDirectory (RaftStorageDirectory.java:analyzeStorage(246)) - The storage directory /workdir/hadoop-ozone/ozonefs/target/test-dir/MiniOzoneClusterImpl-5b0a54b9-c324-4af2-b780-1a2df63a188d/datanode-2/data/ratis/6c68c19f-ed7e-4484-8bcc-ae90668b0045 does not exist. Creating ...
2019-10-02 23:11:55,192 [pool-97-thread-1] INFO  storage.RaftStorageDirectory (RaftStorageDirectory.java:tryLock(328)) - Lock on /workdir/hadoop-ozone/ozonefs/target/test-dir/MiniOzoneClusterImpl-5b0a54b9-c324-4af2-b780-1a2df63a188d/datanode-2/data/ratis/6c68c19f-ed7e-4484-8bcc-ae90668b0045/in_use.lock acquired by nodename 24005@pr-hdds1737-lts7z-2510321508
2019-10-02 23:11:55,216 [pool-97-thread-1] INFO  storage.RaftStorage (RaftStorage.java:format(84)) - Storage directory /workdir/hadoop-ozone/ozonefs/target/test-dir/MiniOzoneClusterImpl-5b0a54b9-c324-4af2-b780-1a2df63a188d/datanode-2/data/ratis/6c68c19f-ed7e-4484-8bcc-ae90668b0045 has been successfully formatted.
2019-10-02 23:11:55,217 [pool-97-thread-1] INFO  ratis.ContainerStateMachine (ContainerStateMachine.java:loadSnapshot(230)) - group-AE90668B0045: The snapshot info is null. Setting the last applied indexto:(t:0, i:~)
2019-10-02 23:11:55,217 [pool-97-thread-1] INFO  server.RaftServerConfigKeys (ConfUtils.java:logGet(43)) - raft.server.notification.no-leader.timeout = 120s (custom)
2019-10-02 23:11:55,217 [pool-97-thread-1] INFO  server.RaftServerConfigKeys (ConfUtils.java:logGet(43)) - raft.server.log.use.memory = false (default)
2019-10-02 23:11:55,217 [pool-97-thread-1] INFO  server.RaftServerConfigKeys (ConfUtils.java:logGet(43)) - raft.server.log.purge.gap = 1000000 (custom)
2019-10-02 23:11:55,217 [pool-97-thread-1] INFO  server.RaftServerConfigKeys (ConfUtils.java:logGet(43)) - raft.server.log.appender.buffer.byte-limit = 33554432 (custom)
2019-10-02 23:11:55,217 [pool-97-thread-1] INFO  server.RaftServerConfigKeys (ConfUtils.java:logGet(43)) - raft.server.log.segment.size.max = 1048576 (custom)
2019-10-02 23:11:55,219 [pool-97-thread-1] INFO  server.RaftServerConfigKeys (ConfUtils.java:logGet(43)) - raft.server.log.segment.cache.num.max = 2 (custom)
2019-10-02 23:11:55,219 [pool-97-thread-1] INFO  segmented.SegmentedRaftLogWorker (SegmentedRaftLogWorker.java:<init>(173)) - new 3b1055e0-aebc-43fb-9e9e-8851140c8ace@group-AE90668B0045-SegmentedRaftLogWorker for RaftStorage:Storage Directory /workdir/hadoop-ozone/ozonefs/target/test-dir/MiniOzoneClusterImpl-5b0a54b9-c324-4af2-b780-1a2df63a188d/datanode-2/data/ratis/6c68c19f-ed7e-4484-8bcc-ae90668b0045
2019-10-02 23:11:55,219 [pool-97-thread-1] INFO  server.RaftServerConfigKeys (ConfUtils.java:logGet(43)) - raft.server.log.queue.byte-limit = 2147483647 (custom)
2019-10-02 23:11:55,219 [pool-97-thread-1] INFO  server.RaftServerConfigKeys (ConfUtils.java:logGet(43)) - raft.server.log.queue.element-limit = 1024 (custom)
2019-10-02 23:11:55,220 [pool-97-thread-1] INFO  server.RaftServerConfigKeys (ConfUtils.java:logGet(43)) - raft.server.log.segment.size.max = 1048576 (custom)
2019-10-02 23:11:55,220 [pool-97-thread-1] INFO  server.RaftServerConfigKeys (ConfUtils.java:logGet(43)) - raft.server.log.preallocated.size = 16384 (custom)
2019-10-02 23:11:55,220 [pool-97-thread-1] INFO  server.RaftServerConfigKeys (ConfUtils.java:logGet(43)) - raft.server.log.write.buffer.size = 33554432 (custom)
2019-10-02 23:11:55,220 [pool-97-thread-1] INFO  server.RaftServerConfigKeys (ConfUtils.java:logGet(43)) - raft.server.log.force.sync.num = 128 (default)
2019-10-02 23:11:55,220 [pool-97-thread-1] INFO  server.RaftServerConfigKeys (ConfUtils.java:logGet(43)) - raft.server.log.statemachine.data.sync = true (default)
2019-10-02 23:11:55,220 [pool-97-thread-1] INFO  server.RaftServerConfigKeys (ConfUtils.java:logGet(43)) - raft.server.log.statemachine.data.sync.timeout = 10s (default)
2019-10-02 23:11:55,220 [pool-97-thread-1] INFO  server.RaftServerConfigKeys (ConfUtils.java:logGet(43)) - raft.server.log.statemachine.data.sync.timeout.retry = -1 (default)
2019-10-02 23:11:55,221 [pool-97-thread-1] INFO  server.RaftServerConfigKeys (ConfUtils.java:logGet(43)) - raft.server.log.statemachine.data.caching.enabled = true (custom)
2019-10-02 23:11:55,221 [pool-97-thread-1] INFO  segmented.SegmentedRaftLogWorker (SegmentedRaftLogWorker.java:lambda$new$0(128)) - 3b1055e0-aebc-43fb-9e9e-8851140c8ace@group-AE90668B0045-SegmentedRaftLogWorker: flushIndex: setUnconditionally 0 -> -1
2019-10-02 23:11:55,221 [pool-97-thread-1] INFO  server.RaftServerConfigKeys (ConfUtils.java:logGet(43)) - raft.server.snapshot.auto.trigger.enabled = true (custom)
2019-10-02 23:11:55,221 [pool-97-thread-1] INFO  server.RaftServerConfigKeys (ConfUtils.java:logGet(43)) - raft.server.snapshot.auto.trigger.threshold = 10000 (custom)
2019-10-02 23:11:55,221 [pool-97-thread-1] INFO  server.RaftServerConfigKeys (ConfUtils.java:logGet(43)) - raft.server.snapshot.retention.file.num = 5 (custom)
2019-10-02 23:11:55,221 [pool-97-thread-1] INFO  server.RaftServerConfigKeys (ConfUtils.java:logGet(43)) - raft.server.retrycache.expirytime = 600000ms (custom)
2019-10-02 23:11:55,223 [pool-97-thread-1] INFO  impl.RaftServerImpl (RaftServerImpl.java:start(181)) - 3b1055e0-aebc-43fb-9e9e-8851140c8ace@group-AE90668B0045: start as a follower, conf=-1: [3b1055e0-aebc-43fb-9e9e-8851140c8ace:192.168.30.30:45852], old=null
2019-10-02 23:11:55,223 [pool-97-thread-1] INFO  impl.RaftServerImpl (RaftServerImpl.java:setRole(170)) - 3b1055e0-aebc-43fb-9e9e-8851140c8ace@group-AE90668B0045: changes role from      null to FOLLOWER at term 0 for startAsFollower
2019-10-02 23:11:55,223 [pool-97-thread-1] INFO  impl.RoleInfo (RoleInfo.java:updateAndGet(143)) - 3b1055e0-aebc-43fb-9e9e-8851140c8ace: start FollowerState
2019-10-02 23:11:55,223 [pool-97-thread-1] INFO  util.JmxRegister (JmxRegister.java:tryRegister(44)) - Successfully registered JMX Bean with object name Ratis:service=RaftServer,group=group-AE90668B0045,id=3b1055e0-aebc-43fb-9e9e-8851140c8ace
2019-10-02 23:11:55,230 [RatisPipelineUtilsThread] INFO  pipeline.PipelineStateManager (PipelineStateManager.java:addPipeline(56)) - Created pipeline Pipeline[ Id: 6c68c19f-ed7e-4484-8bcc-ae90668b0045, Nodes: 3b1055e0-aebc-43fb-9e9e-8851140c8ace{ip: 192.168.30.30, host: pr-hdds1737-lts7z-2510321508, networkLocation: /default-rack, certSerialId: null}, Type:RATIS, Factor:ONE, State:OPEN]
2019-10-02 23:11:55,252 [grpc-default-executor-0] INFO  impl.RaftServerProxy (RaftServerProxy.java:addNew(89)) - d7057dcb-fe83-4c36-ae34-1ede2d89e705: addNew group-7EACEF6EF8F8:[ead5c062-1af1-4abd-8580-d63c759609aa:192.168.30.30:37195, 3b1055e0-aebc-43fb-9e9e-8851140c8ace:192.168.30.30:45852, d7057dcb-fe83-4c36-ae34-1ede2d89e705:192.168.30.30:46744] returns group-7EACEF6EF8F8:java.util.concurrent.CompletableFuture@330a491a[Not completed]
2019-10-02 23:11:55,252 [grpc-default-executor-1] INFO  impl.RaftServerProxy (RaftServerProxy.java:addNew(89)) - ead5c062-1af1-4abd-8580-d63c759609aa: addNew group-7EACEF6EF8F8:[ead5c062-1af1-4abd-8580-d63c759609aa:192.168.30.30:37195, 3b1055e0-aebc-43fb-9e9e-8851140c8ace:192.168.30.30:45852, d7057dcb-fe83-4c36-ae34-1ede2d89e705:192.168.30.30:46744] returns group-7EACEF6EF8F8:java.util.concurrent.CompletableFuture@de78d87[Not completed]
2019-10-02 23:11:55,253 [grpc-default-executor-2] INFO  impl.RaftServerProxy (RaftServerProxy.java:addNew(89)) - 3b1055e0-aebc-43fb-9e9e-8851140c8ace: addNew group-7EACEF6EF8F8:[ead5c062-1af1-4abd-8580-d63c759609aa:192.168.30.30:37195, 3b1055e0-aebc-43fb-9e9e-8851140c8ace:192.168.30.30:45852, d7057dcb-fe83-4c36-ae34-1ede2d89e705:192.168.30.30:46744] returns group-7EACEF6EF8F8:java.util.concurrent.CompletableFuture@66b7a513[Not completed]
2019-10-02 23:11:55,254 [pool-87-thread-1] INFO  impl.RaftServerImpl (RaftServerImpl.java:<init>(95)) - d7057dcb-fe83-4c36-ae34-1ede2d89e705: new RaftServerImpl for group-7EACEF6EF8F8:[ead5c062-1af1-4abd-8580-d63c759609aa:192.168.30.30:37195, 3b1055e0-aebc-43fb-9e9e-8851140c8ace:192.168.30.30:45852, d7057dcb-fe83-4c36-ae34-1ede2d89e705:192.168.30.30:46744] with ContainerStateMachine:uninitialized
2019-10-02 23:11:55,254 [pool-87-thread-1] INFO  server.RaftServerConfigKeys (ConfUtils.java:logGet(43)) - raft.server.rpc.timeout.min = 5s (custom)
2019-10-02 23:11:55,254 [pool-87-thread-1] INFO  server.RaftServerConfigKeys (ConfUtils.java:logGet(43)) - raft.server.rpc.timeout.max = 5200ms (custom)
2019-10-02 23:11:55,254 [pool-87-thread-1] INFO  server.RaftServerConfigKeys (ConfUtils.java:logGet(43)) - raft.server.rpcslowness.timeout = 120s (custom)
2019-10-02 23:11:55,254 [pool-87-thread-1] INFO  server.RaftServerConfigKeys (ConfUtils.java:logGet(43)) - raft.server.sleep.deviation.threshold = 300 (default)
2019-10-02 23:11:55,254 [pool-87-thread-1] INFO  server.RaftServerConfigKeys (ConfUtils.java:logGet(43)) - raft.server.log.appender.install.snapshot.enabled = false (custom)
2019-10-02 23:11:55,254 [pool-87-thread-1] INFO  impl.RaftServerImpl (ServerState.java:<init>(103)) - d7057dcb-fe83-4c36-ae34-1ede2d89e705@group-7EACEF6EF8F8: ConfigurationManager, init=-1: [ead5c062-1af1-4abd-8580-d63c759609aa:192.168.30.30:37195, 3b1055e0-aebc-43fb-9e9e-8851140c8ace:192.168.30.30:45852, d7057dcb-fe83-4c36-ae34-1ede2d89e705:192.168.30.30:46744], old=null, confs=<EMPTY_MAP>
2019-10-02 23:11:55,254 [pool-97-thread-1] INFO  impl.RaftServerImpl (RaftServerImpl.java:<init>(95)) - 3b1055e0-aebc-43fb-9e9e-8851140c8ace: new RaftServerImpl for group-7EACEF6EF8F8:[ead5c062-1af1-4abd-8580-d63c759609aa:192.168.30.30:37195, 3b1055e0-aebc-43fb-9e9e-8851140c8ace:192.168.30.30:45852, d7057dcb-fe83-4c36-ae34-1ede2d89e705:192.168.30.30:46744] with ContainerStateMachine:uninitialized
2019-10-02 23:11:55,255 [pool-87-thread-1] INFO  server.RaftServerConfigKeys (ConfUtils.java:logGet(43)) - raft.server.storage.dir = [/workdir/hadoop-ozone/ozonefs/target/test-dir/MiniOzoneClusterImpl-5b0a54b9-c324-4af2-b780-1a2df63a188d/datanode-1/data/ratis] (custom)
2019-10-02 23:11:55,255 [pool-97-thread-1] INFO  server.RaftServerConfigKeys (ConfUtils.java:logGet(43)) - raft.server.rpc.timeout.min = 5s (custom)
2019-10-02 23:11:55,255 [pool-97-thread-1] INFO  server.RaftServerConfigKeys (ConfUtils.java:logGet(43)) - raft.server.rpc.timeout.max = 5200ms (custom)
2019-10-02 23:11:55,255 [pool-87-thread-1] INFO  server.RaftServerConfigKeys (ConfUtils.java:logGet(43)) - raft.server.log.corruption.policy = EXCEPTION (default)
2019-10-02 23:11:55,255 [pool-97-thread-1] INFO  server.RaftServerConfigKeys (ConfUtils.java:logGet(43)) - raft.server.rpcslowness.timeout = 120s (custom)
2019-10-02 23:11:55,255 [pool-77-thread-1] INFO  impl.RaftServerImpl (RaftServerImpl.java:<init>(95)) - ead5c062-1af1-4abd-8580-d63c759609aa: new RaftServerImpl for group-7EACEF6EF8F8:[ead5c062-1af1-4abd-8580-d63c759609aa:192.168.30.30:37195, 3b1055e0-aebc-43fb-9e9e-8851140c8ace:192.168.30.30:45852, d7057dcb-fe83-4c36-ae34-1ede2d89e705:192.168.30.30:46744] with ContainerStateMachine:uninitialized
2019-10-02 23:11:55,255 [pool-87-thread-1] INFO  storage.RaftStorageDirectory (RaftStorageDirectory.java:analyzeStorage(246)) - The storage directory /workdir/hadoop-ozone/ozonefs/target/test-dir/MiniOzoneClusterImpl-5b0a54b9-c324-4af2-b780-1a2df63a188d/datanode-1/data/ratis/821f9f62-907d-47ad-96c4-7eacef6ef8f8 does not exist. Creating ...
2019-10-02 23:11:55,255 [pool-97-thread-1] INFO  server.RaftServerConfigKeys (ConfUtils.java:logGet(43)) - raft.server.sleep.deviation.threshold = 300 (default)
2019-10-02 23:11:55,255 [pool-77-thread-1] INFO  server.RaftServerConfigKeys (ConfUtils.java:logGet(43)) - raft.server.rpc.timeout.min = 5s (custom)
2019-10-02 23:11:55,255 [pool-97-thread-1] INFO  server.RaftServerConfigKeys (ConfUtils.java:logGet(43)) - raft.server.log.appender.install.snapshot.enabled = false (custom)
2019-10-02 23:11:55,256 [pool-77-thread-1] INFO  server.RaftServerConfigKeys (ConfUtils.java:logGet(43)) - raft.server.rpc.timeout.max = 5200ms (custom)
2019-10-02 23:11:55,256 [pool-97-thread-1] INFO  impl.RaftServerImpl (ServerState.java:<init>(103)) - 3b1055e0-aebc-43fb-9e9e-8851140c8ace@group-7EACEF6EF8F8: ConfigurationManager, init=-1: [ead5c062-1af1-4abd-8580-d63c759609aa:192.168.30.30:37195, 3b1055e0-aebc-43fb-9e9e-8851140c8ace:192.168.30.30:45852, d7057dcb-fe83-4c36-ae34-1ede2d89e705:192.168.30.30:46744], old=null, confs=<EMPTY_MAP>
2019-10-02 23:11:55,256 [pool-77-thread-1] INFO  server.RaftServerConfigKeys (ConfUtils.java:logGet(43)) - raft.server.rpcslowness.timeout = 120s (custom)
2019-10-02 23:11:55,256 [pool-97-thread-1] INFO  server.RaftServerConfigKeys (ConfUtils.java:logGet(43)) - raft.server.storage.dir = [/workdir/hadoop-ozone/ozonefs/target/test-dir/MiniOzoneClusterImpl-5b0a54b9-c324-4af2-b780-1a2df63a188d/datanode-2/data/ratis] (custom)
2019-10-02 23:11:55,256 [pool-77-thread-1] INFO  server.RaftServerConfigKeys (ConfUtils.java:logGet(43)) - raft.server.sleep.deviation.threshold = 300 (default)
2019-10-02 23:11:55,256 [pool-77-thread-1] INFO  server.RaftServerConfigKeys (ConfUtils.java:logGet(43)) - raft.server.log.appender.install.snapshot.enabled = false (custom)
2019-10-02 23:11:55,256 [pool-97-thread-1] INFO  server.RaftServerConfigKeys (ConfUtils.java:logGet(43)) - raft.server.log.corruption.policy = EXCEPTION (default)
2019-10-02 23:11:55,256 [pool-77-thread-1] INFO  impl.RaftServerImpl (ServerState.java:<init>(103)) - ead5c062-1af1-4abd-8580-d63c759609aa@group-7EACEF6EF8F8: ConfigurationManager, init=-1: [ead5c062-1af1-4abd-8580-d63c759609aa:192.168.30.30:37195, 3b1055e0-aebc-43fb-9e9e-8851140c8ace:192.168.30.30:45852, d7057dcb-fe83-4c36-ae34-1ede2d89e705:192.168.30.30:46744], old=null, confs=<EMPTY_MAP>
2019-10-02 23:11:55,256 [pool-97-thread-1] INFO  storage.RaftStorageDirectory (RaftStorageDirectory.java:analyzeStorage(246)) - The storage directory /workdir/hadoop-ozone/ozonefs/target/test-dir/MiniOzoneClusterImpl-5b0a54b9-c324-4af2-b780-1a2df63a188d/datanode-2/data/ratis/821f9f62-907d-47ad-96c4-7eacef6ef8f8 does not exist. Creating ...
2019-10-02 23:11:55,257 [pool-77-thread-1] INFO  server.RaftServerConfigKeys (ConfUtils.java:logGet(43)) - raft.server.storage.dir = [/workdir/hadoop-ozone/ozonefs/target/test-dir/MiniOzoneClusterImpl-5b0a54b9-c324-4af2-b780-1a2df63a188d/datanode-0/data/ratis] (custom)
2019-10-02 23:11:55,257 [pool-77-thread-1] INFO  server.RaftServerConfigKeys (ConfUtils.java:logGet(43)) - raft.server.log.corruption.policy = EXCEPTION (default)
2019-10-02 23:11:55,257 [pool-77-thread-1] INFO  storage.RaftStorageDirectory (RaftStorageDirectory.java:analyzeStorage(246)) - The storage directory /workdir/hadoop-ozone/ozonefs/target/test-dir/MiniOzoneClusterImpl-5b0a54b9-c324-4af2-b780-1a2df63a188d/datanode-0/data/ratis/821f9f62-907d-47ad-96c4-7eacef6ef8f8 does not exist. Creating ...
2019-10-02 23:11:55,278 [pool-77-thread-1] INFO  storage.RaftStorageDirectory (RaftStorageDirectory.java:tryLock(328)) - Lock on /workdir/hadoop-ozone/ozonefs/target/test-dir/MiniOzoneClusterImpl-5b0a54b9-c324-4af2-b780-1a2df63a188d/datanode-0/data/ratis/821f9f62-907d-47ad-96c4-7eacef6ef8f8/in_use.lock acquired by nodename 24005@pr-hdds1737-lts7z-2510321508
2019-10-02 23:11:55,278 [pool-87-thread-1] INFO  storage.RaftStorageDirectory (RaftStorageDirectory.java:tryLock(328)) - Lock on /workdir/hadoop-ozone/ozonefs/target/test-dir/MiniOzoneClusterImpl-5b0a54b9-c324-4af2-b780-1a2df63a188d/datanode-1/data/ratis/821f9f62-907d-47ad-96c4-7eacef6ef8f8/in_use.lock acquired by nodename 24005@pr-hdds1737-lts7z-2510321508
2019-10-02 23:11:55,278 [pool-97-thread-1] INFO  storage.RaftStorageDirectory (RaftStorageDirectory.java:tryLock(328)) - Lock on /workdir/hadoop-ozone/ozonefs/target/test-dir/MiniOzoneClusterImpl-5b0a54b9-c324-4af2-b780-1a2df63a188d/datanode-2/data/ratis/821f9f62-907d-47ad-96c4-7eacef6ef8f8/in_use.lock acquired by nodename 24005@pr-hdds1737-lts7z-2510321508
2019-10-02 23:11:55,303 [pool-97-thread-1] INFO  storage.RaftStorage (RaftStorage.java:format(84)) - Storage directory /workdir/hadoop-ozone/ozonefs/target/test-dir/MiniOzoneClusterImpl-5b0a54b9-c324-4af2-b780-1a2df63a188d/datanode-2/data/ratis/821f9f62-907d-47ad-96c4-7eacef6ef8f8 has been successfully formatted.
2019-10-02 23:11:55,303 [pool-87-thread-1] INFO  storage.RaftStorage (RaftStorage.java:format(84)) - Storage directory /workdir/hadoop-ozone/ozonefs/target/test-dir/MiniOzoneClusterImpl-5b0a54b9-c324-4af2-b780-1a2df63a188d/datanode-1/data/ratis/821f9f62-907d-47ad-96c4-7eacef6ef8f8 has been successfully formatted.
2019-10-02 23:11:55,303 [pool-77-thread-1] INFO  storage.RaftStorage (RaftStorage.java:format(84)) - Storage directory /workdir/hadoop-ozone/ozonefs/target/test-dir/MiniOzoneClusterImpl-5b0a54b9-c324-4af2-b780-1a2df63a188d/datanode-0/data/ratis/821f9f62-907d-47ad-96c4-7eacef6ef8f8 has been successfully formatted.
2019-10-02 23:11:55,303 [pool-97-thread-1] INFO  ratis.ContainerStateMachine (ContainerStateMachine.java:loadSnapshot(230)) - group-7EACEF6EF8F8: The snapshot info is null. Setting the last applied indexto:(t:0, i:~)
2019-10-02 23:11:55,303 [pool-87-thread-1] INFO  ratis.ContainerStateMachine (ContainerStateMachine.java:loadSnapshot(230)) - group-7EACEF6EF8F8: The snapshot info is null. Setting the last applied indexto:(t:0, i:~)
2019-10-02 23:11:55,303 [pool-97-thread-1] INFO  server.RaftServerConfigKeys (ConfUtils.java:logGet(43)) - raft.server.notification.no-leader.timeout = 120s (custom)
2019-10-02 23:11:55,303 [pool-77-thread-1] INFO  ratis.ContainerStateMachine (ContainerStateMachine.java:loadSnapshot(230)) - group-7EACEF6EF8F8: The snapshot info is null. Setting the last applied indexto:(t:0, i:~)
2019-10-02 23:11:55,304 [pool-97-thread-1] INFO  server.RaftServerConfigKeys (ConfUtils.java:logGet(43)) - raft.server.log.use.memory = false (default)
2019-10-02 23:11:55,304 [pool-87-thread-1] INFO  server.RaftServerConfigKeys (ConfUtils.java:logGet(43)) - raft.server.notification.no-leader.timeout = 120s (custom)
2019-10-02 23:11:55,304 [pool-97-thread-1] INFO  server.RaftServerConfigKeys (ConfUtils.java:logGet(43)) - raft.server.log.purge.gap = 1000000 (custom)
2019-10-02 23:11:55,304 [pool-77-thread-1] INFO  server.RaftServerConfigKeys (ConfUtils.java:logGet(43)) - raft.server.notification.no-leader.timeout = 120s (custom)
2019-10-02 23:11:55,304 [pool-97-thread-1] INFO  server.RaftServerConfigKeys (ConfUtils.java:logGet(43)) - raft.server.log.appender.buffer.byte-limit = 33554432 (custom)
2019-10-02 23:11:55,304 [pool-87-thread-1] INFO  server.RaftServerConfigKeys (ConfUtils.java:logGet(43)) - raft.server.log.use.memory = false (default)
2019-10-02 23:11:55,304 [pool-97-thread-1] INFO  server.RaftServerConfigKeys (ConfUtils.java:logGet(43)) - raft.server.log.segment.size.max = 1048576 (custom)
2019-10-02 23:11:55,304 [pool-77-thread-1] INFO  server.RaftServerConfigKeys (ConfUtils.java:logGet(43)) - raft.server.log.use.memory = false (default)
2019-10-02 23:11:55,305 [pool-97-thread-1] INFO  server.RaftServerConfigKeys (ConfUtils.java:logGet(43)) - raft.server.log.segment.cache.num.max = 2 (custom)
2019-10-02 23:11:55,304 [pool-87-thread-1] INFO  server.RaftServerConfigKeys (ConfUtils.java:logGet(43)) - raft.server.log.purge.gap = 1000000 (custom)
2019-10-02 23:11:55,305 [pool-97-thread-1] INFO  segmented.SegmentedRaftLogWorker (SegmentedRaftLogWorker.java:<init>(173)) - new 3b1055e0-aebc-43fb-9e9e-8851140c8ace@group-7EACEF6EF8F8-SegmentedRaftLogWorker for RaftStorage:Storage Directory /workdir/hadoop-ozone/ozonefs/target/test-dir/MiniOzoneClusterImpl-5b0a54b9-c324-4af2-b780-1a2df63a188d/datanode-2/data/ratis/821f9f62-907d-47ad-96c4-7eacef6ef8f8
2019-10-02 23:11:55,305 [pool-77-thread-1] INFO  server.RaftServerConfigKeys (ConfUtils.java:logGet(43)) - raft.server.log.purge.gap = 1000000 (custom)
2019-10-02 23:11:55,305 [pool-97-thread-1] INFO  server.RaftServerConfigKeys (ConfUtils.java:logGet(43)) - raft.server.log.queue.byte-limit = 2147483647 (custom)
2019-10-02 23:11:55,305 [pool-87-thread-1] INFO  server.RaftServerConfigKeys (ConfUtils.java:logGet(43)) - raft.server.log.appender.buffer.byte-limit = 33554432 (custom)
2019-10-02 23:11:55,305 [pool-97-thread-1] INFO  server.RaftServerConfigKeys (ConfUtils.java:logGet(43)) - raft.server.log.queue.element-limit = 1024 (custom)
2019-10-02 23:11:55,305 [pool-77-thread-1] INFO  server.RaftServerConfigKeys (ConfUtils.java:logGet(43)) - raft.server.log.appender.buffer.byte-limit = 33554432 (custom)
2019-10-02 23:11:55,305 [pool-97-thread-1] INFO  server.RaftServerConfigKeys (ConfUtils.java:logGet(43)) - raft.server.log.segment.size.max = 1048576 (custom)
2019-10-02 23:11:55,305 [pool-87-thread-1] INFO  server.RaftServerConfigKeys (ConfUtils.java:logGet(43)) - raft.server.log.segment.size.max = 1048576 (custom)
2019-10-02 23:11:55,306 [pool-97-thread-1] INFO  server.RaftServerConfigKeys (ConfUtils.java:logGet(43)) - raft.server.log.preallocated.size = 16384 (custom)
2019-10-02 23:11:55,305 [pool-77-thread-1] INFO  server.RaftServerConfigKeys (ConfUtils.java:logGet(43)) - raft.server.log.segment.size.max = 1048576 (custom)
2019-10-02 23:11:55,306 [pool-97-thread-1] INFO  server.RaftServerConfigKeys (ConfUtils.java:logGet(43)) - raft.server.log.write.buffer.size = 33554432 (custom)
2019-10-02 23:11:55,306 [pool-87-thread-1] INFO  server.RaftServerConfigKeys (ConfUtils.java:logGet(43)) - raft.server.log.segment.cache.num.max = 2 (custom)
2019-10-02 23:11:55,306 [pool-97-thread-1] INFO  server.RaftServerConfigKeys (ConfUtils.java:logGet(43)) - raft.server.log.force.sync.num = 128 (default)
2019-10-02 23:11:55,306 [pool-77-thread-1] INFO  server.RaftServerConfigKeys (ConfUtils.java:logGet(43)) - raft.server.log.segment.cache.num.max = 2 (custom)
2019-10-02 23:11:55,306 [pool-97-thread-1] INFO  server.RaftServerConfigKeys (ConfUtils.java:logGet(43)) - raft.server.log.statemachine.data.sync = true (default)
2019-10-02 23:11:55,306 [pool-87-thread-1] INFO  segmented.SegmentedRaftLogWorker (SegmentedRaftLogWorker.java:<init>(173)) - new d7057dcb-fe83-4c36-ae34-1ede2d89e705@group-7EACEF6EF8F8-SegmentedRaftLogWorker for RaftStorage:Storage Directory /workdir/hadoop-ozone/ozonefs/target/test-dir/MiniOzoneClusterImpl-5b0a54b9-c324-4af2-b780-1a2df63a188d/datanode-1/data/ratis/821f9f62-907d-47ad-96c4-7eacef6ef8f8
2019-10-02 23:11:55,307 [pool-97-thread-1] INFO  server.RaftServerConfigKeys (ConfUtils.java:logGet(43)) - raft.server.log.statemachine.data.sync.timeout = 10s (default)
2019-10-02 23:11:55,306 [pool-77-thread-1] INFO  segmented.SegmentedRaftLogWorker (SegmentedRaftLogWorker.java:<init>(173)) - new ead5c062-1af1-4abd-8580-d63c759609aa@group-7EACEF6EF8F8-SegmentedRaftLogWorker for RaftStorage:Storage Directory /workdir/hadoop-ozone/ozonefs/target/test-dir/MiniOzoneClusterImpl-5b0a54b9-c324-4af2-b780-1a2df63a188d/datanode-0/data/ratis/821f9f62-907d-47ad-96c4-7eacef6ef8f8
2019-10-02 23:11:55,307 [pool-97-thread-1] INFO  server.RaftServerConfigKeys (ConfUtils.java:logGet(43)) - raft.server.log.statemachine.data.sync.timeout.retry = -1 (default)
2019-10-02 23:11:55,307 [pool-87-thread-1] INFO  server.RaftServerConfigKeys (ConfUtils.java:logGet(43)) - raft.server.log.queue.byte-limit = 2147483647 (custom)
2019-10-02 23:11:55,307 [pool-77-thread-1] INFO  server.RaftServerConfigKeys (ConfUtils.java:logGet(43)) - raft.server.log.queue.byte-limit = 2147483647 (custom)
2019-10-02 23:11:55,307 [pool-97-thread-1] INFO  server.RaftServerConfigKeys (ConfUtils.java:logGet(43)) - raft.server.log.statemachine.data.caching.enabled = true (custom)
2019-10-02 23:11:55,307 [pool-87-thread-1] INFO  server.RaftServerConfigKeys (ConfUtils.java:logGet(43)) - raft.server.log.queue.element-limit = 1024 (custom)
2019-10-02 23:11:55,307 [pool-77-thread-1] INFO  server.RaftServerConfigKeys (ConfUtils.java:logGet(43)) - raft.server.log.queue.element-limit = 1024 (custom)
2019-10-02 23:11:55,307 [pool-87-thread-1] INFO  server.RaftServerConfigKeys (ConfUtils.java:logGet(43)) - raft.server.log.segment.size.max = 1048576 (custom)
2019-10-02 23:11:55,307 [pool-97-thread-1] INFO  segmented.SegmentedRaftLogWorker (SegmentedRaftLogWorker.java:lambda$new$0(128)) - 3b1055e0-aebc-43fb-9e9e-8851140c8ace@group-7EACEF6EF8F8-SegmentedRaftLogWorker: flushIndex: setUnconditionally 0 -> -1
2019-10-02 23:11:55,308 [pool-87-thread-1] INFO  server.RaftServerConfigKeys (ConfUtils.java:logGet(43)) - raft.server.log.preallocated.size = 16384 (custom)
2019-10-02 23:11:55,307 [pool-77-thread-1] INFO  server.RaftServerConfigKeys (ConfUtils.java:logGet(43)) - raft.server.log.segment.size.max = 1048576 (custom)
2019-10-02 23:11:55,308 [pool-97-thread-1] INFO  server.RaftServerConfigKeys (ConfUtils.java:logGet(43)) - raft.server.snapshot.auto.trigger.enabled = true (custom)
2019-10-02 23:11:55,308 [pool-87-thread-1] INFO  server.RaftServerConfigKeys (ConfUtils.java:logGet(43)) - raft.server.log.write.buffer.size = 33554432 (custom)
2019-10-02 23:11:55,308 [pool-97-thread-1] INFO  server.RaftServerConfigKeys (ConfUtils.java:logGet(43)) - raft.server.snapshot.auto.trigger.threshold = 10000 (custom)
2019-10-02 23:11:55,308 [pool-77-thread-1] INFO  server.RaftServerConfigKeys (ConfUtils.java:logGet(43)) - raft.server.log.preallocated.size = 16384 (custom)
2019-10-02 23:11:55,308 [pool-97-thread-1] INFO  server.RaftServerConfigKeys (ConfUtils.java:logGet(43)) - raft.server.snapshot.retention.file.num = 5 (custom)
2019-10-02 23:11:55,308 [pool-87-thread-1] INFO  server.RaftServerConfigKeys (ConfUtils.java:logGet(43)) - raft.server.log.force.sync.num = 128 (default)
2019-10-02 23:11:55,308 [pool-77-thread-1] INFO  server.RaftServerConfigKeys (ConfUtils.java:logGet(43)) - raft.server.log.write.buffer.size = 33554432 (custom)
2019-10-02 23:11:55,309 [pool-87-thread-1] INFO  server.RaftServerConfigKeys (ConfUtils.java:logGet(43)) - raft.server.log.statemachine.data.sync = true (default)
2019-10-02 23:11:55,309 [pool-97-thread-1] INFO  server.RaftServerConfigKeys (ConfUtils.java:logGet(43)) - raft.server.retrycache.expirytime = 600000ms (custom)
2019-10-02 23:11:55,309 [pool-87-thread-1] INFO  server.RaftServerConfigKeys (ConfUtils.java:logGet(43)) - raft.server.log.statemachine.data.sync.timeout = 10s (default)
2019-10-02 23:11:55,309 [pool-77-thread-1] INFO  server.RaftServerConfigKeys (ConfUtils.java:logGet(43)) - raft.server.log.force.sync.num = 128 (default)
2019-10-02 23:11:55,309 [pool-87-thread-1] INFO  server.RaftServerConfigKeys (ConfUtils.java:logGet(43)) - raft.server.log.statemachine.data.sync.timeout.retry = -1 (default)
2019-10-02 23:11:55,309 [pool-77-thread-1] INFO  server.RaftServerConfigKeys (ConfUtils.java:logGet(43)) - raft.server.log.statemachine.data.sync = true (default)
2019-10-02 23:11:55,309 [pool-77-thread-1] INFO  server.RaftServerConfigKeys (ConfUtils.java:logGet(43)) - raft.server.log.statemachine.data.sync.timeout = 10s (default)
2019-10-02 23:11:55,309 [pool-87-thread-1] INFO  server.RaftServerConfigKeys (ConfUtils.java:logGet(43)) - raft.server.log.statemachine.data.caching.enabled = true (custom)
2019-10-02 23:11:55,309 [pool-77-thread-1] INFO  server.RaftServerConfigKeys (ConfUtils.java:logGet(43)) - raft.server.log.statemachine.data.sync.timeout.retry = -1 (default)
2019-10-02 23:11:55,310 [pool-87-thread-1] INFO  segmented.SegmentedRaftLogWorker (SegmentedRaftLogWorker.java:lambda$new$0(128)) - d7057dcb-fe83-4c36-ae34-1ede2d89e705@group-7EACEF6EF8F8-SegmentedRaftLogWorker: flushIndex: setUnconditionally 0 -> -1
2019-10-02 23:11:55,310 [pool-77-thread-1] INFO  server.RaftServerConfigKeys (ConfUtils.java:logGet(43)) - raft.server.log.statemachine.data.caching.enabled = true (custom)
2019-10-02 23:11:55,310 [pool-87-thread-1] INFO  server.RaftServerConfigKeys (ConfUtils.java:logGet(43)) - raft.server.snapshot.auto.trigger.enabled = true (custom)
2019-10-02 23:11:55,310 [pool-87-thread-1] INFO  server.RaftServerConfigKeys (ConfUtils.java:logGet(43)) - raft.server.snapshot.auto.trigger.threshold = 10000 (custom)
2019-10-02 23:11:55,310 [pool-77-thread-1] INFO  segmented.SegmentedRaftLogWorker (SegmentedRaftLogWorker.java:lambda$new$0(128)) - ead5c062-1af1-4abd-8580-d63c759609aa@group-7EACEF6EF8F8-SegmentedRaftLogWorker: flushIndex: setUnconditionally 0 -> -1
2019-10-02 23:11:55,310 [pool-87-thread-1] INFO  server.RaftServerConfigKeys (ConfUtils.java:logGet(43)) - raft.server.snapshot.retention.file.num = 5 (custom)
2019-10-02 23:11:55,310 [pool-77-thread-1] INFO  server.RaftServerConfigKeys (ConfUtils.java:logGet(43)) - raft.server.snapshot.auto.trigger.enabled = true (custom)
2019-10-02 23:11:55,310 [pool-87-thread-1] INFO  server.RaftServerConfigKeys (ConfUtils.java:logGet(43)) - raft.server.retrycache.expirytime = 600000ms (custom)
2019-10-02 23:11:55,310 [pool-77-thread-1] INFO  server.RaftServerConfigKeys (ConfUtils.java:logGet(43)) - raft.server.snapshot.auto.trigger.threshold = 10000 (custom)
2019-10-02 23:11:55,311 [pool-77-thread-1] INFO  server.RaftServerConfigKeys (ConfUtils.java:logGet(43)) - raft.server.snapshot.retention.file.num = 5 (custom)
2019-10-02 23:11:55,311 [pool-77-thread-1] INFO  server.RaftServerConfigKeys (ConfUtils.java:logGet(43)) - raft.server.retrycache.expirytime = 600000ms (custom)
2019-10-02 23:11:55,311 [pool-97-thread-1] INFO  impl.RaftServerImpl (RaftServerImpl.java:start(181)) - 3b1055e0-aebc-43fb-9e9e-8851140c8ace@group-7EACEF6EF8F8: start as a follower, conf=-1: [ead5c062-1af1-4abd-8580-d63c759609aa:192.168.30.30:37195, 3b1055e0-aebc-43fb-9e9e-8851140c8ace:192.168.30.30:45852, d7057dcb-fe83-4c36-ae34-1ede2d89e705:192.168.30.30:46744], old=null
2019-10-02 23:11:55,312 [pool-97-thread-1] INFO  impl.RaftServerImpl (RaftServerImpl.java:setRole(170)) - 3b1055e0-aebc-43fb-9e9e-8851140c8ace@group-7EACEF6EF8F8: changes role from      null to FOLLOWER at term 0 for startAsFollower
2019-10-02 23:11:55,312 [pool-97-thread-1] INFO  impl.RoleInfo (RoleInfo.java:updateAndGet(143)) - 3b1055e0-aebc-43fb-9e9e-8851140c8ace: start FollowerState
2019-10-02 23:11:55,312 [pool-97-thread-1] INFO  util.JmxRegister (JmxRegister.java:tryRegister(44)) - Successfully registered JMX Bean with object name Ratis:service=RaftServer,group=group-7EACEF6EF8F8,id=3b1055e0-aebc-43fb-9e9e-8851140c8ace
2019-10-02 23:11:55,313 [pool-87-thread-1] INFO  impl.RaftServerImpl (RaftServerImpl.java:start(181)) - d7057dcb-fe83-4c36-ae34-1ede2d89e705@group-7EACEF6EF8F8: start as a follower, conf=-1: [ead5c062-1af1-4abd-8580-d63c759609aa:192.168.30.30:37195, 3b1055e0-aebc-43fb-9e9e-8851140c8ace:192.168.30.30:45852, d7057dcb-fe83-4c36-ae34-1ede2d89e705:192.168.30.30:46744], old=null
2019-10-02 23:11:55,313 [pool-87-thread-1] INFO  impl.RaftServerImpl (RaftServerImpl.java:setRole(170)) - d7057dcb-fe83-4c36-ae34-1ede2d89e705@group-7EACEF6EF8F8: changes role from      null to FOLLOWER at term 0 for startAsFollower
2019-10-02 23:11:55,313 [pool-87-thread-1] INFO  impl.RoleInfo (RoleInfo.java:updateAndGet(143)) - d7057dcb-fe83-4c36-ae34-1ede2d89e705: start FollowerState
2019-10-02 23:11:55,313 [pool-77-thread-1] INFO  impl.RaftServerImpl (RaftServerImpl.java:start(181)) - ead5c062-1af1-4abd-8580-d63c759609aa@group-7EACEF6EF8F8: start as a follower, conf=-1: [ead5c062-1af1-4abd-8580-d63c759609aa:192.168.30.30:37195, 3b1055e0-aebc-43fb-9e9e-8851140c8ace:192.168.30.30:45852, d7057dcb-fe83-4c36-ae34-1ede2d89e705:192.168.30.30:46744], old=null
2019-10-02 23:11:55,313 [pool-77-thread-1] INFO  impl.RaftServerImpl (RaftServerImpl.java:setRole(170)) - ead5c062-1af1-4abd-8580-d63c759609aa@group-7EACEF6EF8F8: changes role from      null to FOLLOWER at term 0 for startAsFollower
2019-10-02 23:11:55,313 [pool-87-thread-1] INFO  util.JmxRegister (JmxRegister.java:tryRegister(44)) - Successfully registered JMX Bean with object name Ratis:service=RaftServer,group=group-7EACEF6EF8F8,id=d7057dcb-fe83-4c36-ae34-1ede2d89e705
2019-10-02 23:11:55,314 [pool-77-thread-1] INFO  impl.RoleInfo (RoleInfo.java:updateAndGet(143)) - ead5c062-1af1-4abd-8580-d63c759609aa: start FollowerState
2019-10-02 23:11:55,314 [pool-77-thread-1] INFO  util.JmxRegister (JmxRegister.java:tryRegister(44)) - Successfully registered JMX Bean with object name Ratis:service=RaftServer,group=group-7EACEF6EF8F8,id=ead5c062-1af1-4abd-8580-d63c759609aa
2019-10-02 23:11:55,322 [RatisPipelineUtilsThread] INFO  pipeline.PipelineStateManager (PipelineStateManager.java:addPipeline(56)) - Created pipeline Pipeline[ Id: 821f9f62-907d-47ad-96c4-7eacef6ef8f8, Nodes: 3b1055e0-aebc-43fb-9e9e-8851140c8ace{ip: 192.168.30.30, host: pr-hdds1737-lts7z-2510321508, networkLocation: /default-rack, certSerialId: null}ead5c062-1af1-4abd-8580-d63c759609aa{ip: 192.168.30.30, host: pr-hdds1737-lts7z-2510321508, networkLocation: /default-rack, certSerialId: null}d7057dcb-fe83-4c36-ae34-1ede2d89e705{ip: 192.168.30.30, host: pr-hdds1737-lts7z-2510321508, networkLocation: /default-rack, certSerialId: null}, Type:RATIS, Factor:THREE, State:OPEN]
2019-10-02 23:11:56,118 [Thread-226] INFO  ozone.MiniOzoneClusterImpl (MiniOzoneClusterImpl.java:lambda$waitForClusterToBeReady$0(147)) - Cluster is ready. Got 3 of 3 DN Heartbeats.
2019-10-02 23:11:56,151 [Thread-226] INFO  rpc.RpcClient (RpcClient.java:createVolume(276)) - Creating Volume: volume85908, with user82883 as owner.
2019-10-02 23:11:56,155 [IPC Server handler 2 on 40412] INFO  volume.OMVolumeCreateRequest (OMVolumeCreateRequest.java:validateAndUpdateCache(194)) - created volume:volume85908 for user:user82883
2019-10-02 23:11:56,201 [Thread-226] INFO  rpc.RpcClient (RpcClient.java:createBucket(415)) - Creating Bucket: volume85908/bucket62430, with Versioning false and Storage Type set to DISK and Encryption set to false 
23:11:56.264 [IPC Server handler 4 on 40412] ERROR OMAudit - user=jenkins1000 | ip=127.0.0.1 | op=CREATE_DIRECTORY {volume=volume85908, bucket=bucket62430, key=dir1/dir12, dataSize=0, replicationType=RATIS, replicationFactor=ONE, keyLocationInfo=[]} | ret=FAILURE
org.apache.hadoop.ozone.om.exceptions.OMException: Volume not found volume85908
	at org.apache.hadoop.ozone.om.request.file.OMDirectoryCreateRequest.validateAndUpdateCache(OMDirectoryCreateRequest.java:146) ~[hadoop-ozone-ozone-manager-0.5.0-SNAPSHOT.jar:?]
	at org.apache.hadoop.ozone.protocolPB.OzoneManagerProtocolServerSideTranslatorPB.submitRequestDirectlyToOM(OzoneManagerProtocolServerSideTranslatorPB.java:219) ~[hadoop-ozone-ozone-manager-0.5.0-SNAPSHOT.jar:?]
	at org.apache.hadoop.ozone.protocolPB.OzoneManagerProtocolServerSideTranslatorPB.processRequest(OzoneManagerProtocolServerSideTranslatorPB.java:134) ~[hadoop-ozone-ozone-manager-0.5.0-SNAPSHOT.jar:?]
	at org.apache.hadoop.hdds.server.OzoneProtocolMessageDispatcher.processRequest(OzoneProtocolMessageDispatcher.java:72) [hadoop-hdds-server-framework-0.5.0-SNAPSHOT.jar:?]
	at org.apache.hadoop.ozone.protocolPB.OzoneManagerProtocolServerSideTranslatorPB.submitRequest(OzoneManagerProtocolServerSideTranslatorPB.java:100) [hadoop-ozone-ozone-manager-0.5.0-SNAPSHOT.jar:?]
	at org.apache.hadoop.ozone.protocol.proto.OzoneManagerProtocolProtos$OzoneManagerService$2.callBlockingMethod(OzoneManagerProtocolProtos.java) [hadoop-ozone-common-0.5.0-SNAPSHOT.jar:?]
	at org.apache.hadoop.ipc.ProtobufRpcEngine$Server$ProtoBufRpcInvoker.call(ProtobufRpcEngine.java:524) [hadoop-common-3.2.0.jar:?]
	at org.apache.hadoop.ipc.RPC$Server.call(RPC.java:1025) [hadoop-common-3.2.0.jar:?]
	at org.apache.hadoop.ipc.Server$RpcCall.run(Server.java:876) [hadoop-common-3.2.0.jar:?]
	at org.apache.hadoop.ipc.Server$RpcCall.run(Server.java:822) [hadoop-common-3.2.0.jar:?]
	at java.security.AccessController.doPrivileged(Native Method) [?:1.8.0_212]
	at javax.security.auth.Subject.doAs(Subject.java:422) [?:1.8.0_212]
	at org.apache.hadoop.security.UserGroupInformation.doAs(UserGroupInformation.java:1730) [hadoop-common-3.2.0.jar:?]
	at org.apache.hadoop.ipc.Server$Handler.run(Server.java:2682) [hadoop-common-3.2.0.jar:?]
2019-10-02 23:11:56,278 [IPC Server handler 4 on 40412] ERROR file.OMDirectoryCreateRequest (OMDirectoryCreateRequest.java:validateAndUpdateCache(212)) - CreateDirectory failed for Key: dir1/dir12 in volume/bucket:volume85908/bucket62430
VOLUME_NOT_FOUND org.apache.hadoop.ozone.om.exceptions.OMException: Volume not found volume85908
	at org.apache.hadoop.ozone.om.request.file.OMDirectoryCreateRequest.validateAndUpdateCache(OMDirectoryCreateRequest.java:146)
	at org.apache.hadoop.ozone.protocolPB.OzoneManagerProtocolServerSideTranslatorPB.submitRequestDirectlyToOM(OzoneManagerProtocolServerSideTranslatorPB.java:219)
	at org.apache.hadoop.ozone.protocolPB.OzoneManagerProtocolServerSideTranslatorPB.processRequest(OzoneManagerProtocolServerSideTranslatorPB.java:134)
	at org.apache.hadoop.hdds.server.OzoneProtocolMessageDispatcher.processRequest(OzoneProtocolMessageDispatcher.java:72)
	at org.apache.hadoop.ozone.protocolPB.OzoneManagerProtocolServerSideTranslatorPB.submitRequest(OzoneManagerProtocolServerSideTranslatorPB.java:100)
	at org.apache.hadoop.ozone.protocol.proto.OzoneManagerProtocolProtos$OzoneManagerService$2.callBlockingMethod(OzoneManagerProtocolProtos.java)
	at org.apache.hadoop.ipc.ProtobufRpcEngine$Server$ProtoBufRpcInvoker.call(ProtobufRpcEngine.java:524)
	at org.apache.hadoop.ipc.RPC$Server.call(RPC.java:1025)
	at org.apache.hadoop.ipc.Server$RpcCall.run(Server.java:876)
	at org.apache.hadoop.ipc.Server$RpcCall.run(Server.java:822)
	at java.security.AccessController.doPrivileged(Native Method)
	at javax.security.auth.Subject.doAs(Subject.java:422)
	at org.apache.hadoop.security.UserGroupInformation.doAs(UserGroupInformation.java:1730)
	at org.apache.hadoop.ipc.Server$Handler.run(Server.java:2682)
2019-10-02 23:11:56,280 [Thread-226] INFO  ozone.MiniOzoneClusterImpl (MiniOzoneClusterImpl.java:shutdown(314)) - Shutting down the Mini Ozone Cluster
2019-10-02 23:11:56,280 [Thread-226] INFO  ozone.MiniOzoneClusterImpl (MiniOzoneClusterImpl.java:stop(330)) - Stopping the Mini Ozone Cluster
2019-10-02 23:11:56,280 [Thread-226] INFO  ozone.MiniOzoneClusterImpl (MiniOzoneClusterImpl.java:stopOM(400)) - Stopping the OzoneManager
2019-10-02 23:11:56,280 [Thread-226] INFO  ipc.Server (Server.java:stop(3082)) - Stopping server on 40412
2019-10-02 23:11:56,286 [Thread-226] INFO  ratis.OzoneManagerDoubleBuffer (OzoneManagerDoubleBuffer.java:stop(248)) - Stopping OMDoubleBuffer flush thread
2019-10-02 23:11:56,287 [IPC Server Responder] INFO  ipc.Server (Server.java:run(1319)) - Stopping IPC Server Responder
2019-10-02 23:11:56,287 [IPC Server listener on 40412] INFO  ipc.Server (Server.java:run(1185)) - Stopping IPC Server listener on 40412
2019-10-02 23:11:56,292 [OMDoubleBufferFlushThread] INFO  ratis.OzoneManagerDoubleBuffer (OzoneManagerDoubleBuffer.java:flushTransactions(191)) - OMDoubleBuffer flush thread OMDoubleBufferFlushThread is interrupted and will exit. OMDoubleBufferFlushThread
2019-10-02 23:11:56,293 [Thread-226] INFO  utils.BackgroundService (BackgroundService.java:shutdown(148)) - Shutting down service KeyDeletingService
2019-10-02 23:11:56,295 [Thread-226] INFO  handler.ContextHandler (ContextHandler.java:doStop(910)) - Stopped o.e.j.w.WebAppContext@57dcbc19{/,null,UNAVAILABLE}{/ozoneManager}
2019-10-02 23:11:56,295 [Thread-226] INFO  server.AbstractConnector (AbstractConnector.java:doStop(318)) - Stopped ServerConnector@44d1685f{HTTP/1.1,[http/1.1]}{0.0.0.0:0}
2019-10-02 23:11:56,296 [Thread-226] INFO  handler.ContextHandler (ContextHandler.java:doStop(910)) - Stopped o.e.j.s.ServletContextHandler@bc4eeb6{/static,jar:file:/home/user/.m2/repository/org/apache/hadoop/hadoop-ozone-ozone-manager/0.5.0-SNAPSHOT/hadoop-ozone-ozone-manager-0.5.0-SNAPSHOT.jar!/webapps/static,UNAVAILABLE}
2019-10-02 23:11:56,296 [Thread-226] INFO  handler.ContextHandler (ContextHandler.java:doStop(910)) - Stopped o.e.j.s.ServletContextHandler@11ed2a9c{/logs,file:///workdir/hadoop-ozone/ozonefs/target/log,UNAVAILABLE}
2019-10-02 23:11:56,297 [Thread-226] INFO  ozone.MiniOzoneClusterImpl (MiniOzoneClusterImpl.java:stopDatanodes(377)) - Stopping the HddsDatanodes
2019-10-02 23:11:56,957 [Datanode State Machine Thread - 0] INFO  statemachine.DatanodeStateMachine (DatanodeStateMachine.java:lambda$startDaemon$0(350)) - Ozone container server started.
2019-10-02 23:11:57,048 [Datanode State Machine Thread - 0] INFO  statemachine.DatanodeStateMachine (DatanodeStateMachine.java:lambda$startDaemon$0(350)) - Ozone container server started.
2019-10-02 23:11:57,967 [Thread-398] INFO  container.ReplicationManager (ReplicationManager.java:start(162)) - Starting Replication Monitor Thread.
2019-10-02 23:11:57,970 [ReplicationMonitor] INFO  container.ReplicationManager (ReplicationManager.java:run(225)) - Replication Monitor Thread took 0 milliseconds for processing 0 containers.
2019-10-02 23:12:00,162 [Thread-400] INFO  impl.FollowerState (FollowerState.java:run(108)) - ead5c062-1af1-4abd-8580-d63c759609aa@group-AEF9DE4916CB-FollowerState: change to CANDIDATE, lastRpcTime:5093ms, electionTimeout:5093ms
2019-10-02 23:12:00,163 [Thread-400] INFO  impl.RoleInfo (RoleInfo.java:shutdownFollowerState(121)) - ead5c062-1af1-4abd-8580-d63c759609aa: shutdown FollowerState
2019-10-02 23:12:00,163 [Thread-400] INFO  impl.RaftServerImpl (RaftServerImpl.java:setRole(170)) - ead5c062-1af1-4abd-8580-d63c759609aa@group-AEF9DE4916CB: changes role from  FOLLOWER to CANDIDATE at term 0 for changeToCandidate
2019-10-02 23:12:00,163 [Thread-400] INFO  impl.RoleInfo (RoleInfo.java:updateAndGet(143)) - ead5c062-1af1-4abd-8580-d63c759609aa: start LeaderElection
2019-10-02 23:12:00,192 [ead5c062-1af1-4abd-8580-d63c759609aa@group-AEF9DE4916CB-LeaderElection8] INFO  impl.LeaderElection (LeaderElection.java:askForVotes(178)) - ead5c062-1af1-4abd-8580-d63c759609aa@group-AEF9DE4916CB-LeaderElection8: begin an election at term 1 for -1: [ead5c062-1af1-4abd-8580-d63c759609aa:192.168.30.30:37195], old=null
2019-10-02 23:12:00,192 [ead5c062-1af1-4abd-8580-d63c759609aa@group-AEF9DE4916CB-LeaderElection8] INFO  impl.RoleInfo (RoleInfo.java:shutdownLeaderElection(134)) - ead5c062-1af1-4abd-8580-d63c759609aa: shutdown LeaderElection
2019-10-02 23:12:00,192 [ead5c062-1af1-4abd-8580-d63c759609aa@group-AEF9DE4916CB-LeaderElection8] INFO  impl.RaftServerImpl (RaftServerImpl.java:setRole(170)) - ead5c062-1af1-4abd-8580-d63c759609aa@group-AEF9DE4916CB: changes role from CANDIDATE to LEADER at term 1 for changeToLeader
2019-10-02 23:12:00,192 [ead5c062-1af1-4abd-8580-d63c759609aa@group-AEF9DE4916CB-LeaderElection8] INFO  impl.RaftServerImpl (ServerState.java:setLeader(255)) - ead5c062-1af1-4abd-8580-d63c759609aa@group-AEF9DE4916CB: change Leader from null to ead5c062-1af1-4abd-8580-d63c759609aa at term 1 for becomeLeader, leader elected after 5134ms
2019-10-02 23:12:00,193 [ead5c062-1af1-4abd-8580-d63c759609aa@group-AEF9DE4916CB-LeaderElection8] INFO  server.RaftServerConfigKeys (ConfUtils.java:logGet(43)) - raft.server.staging.catchup.gap = 1000 (default)
2019-10-02 23:12:00,194 [ead5c062-1af1-4abd-8580-d63c759609aa@group-AEF9DE4916CB-LeaderElection8] INFO  server.RaftServerConfigKeys (ConfUtils.java:logGet(43)) - raft.server.rpc.sleep.time = 25ms (default)
2019-10-02 23:12:00,194 [ead5c062-1af1-4abd-8580-d63c759609aa@group-AEF9DE4916CB-LeaderElection8] INFO  server.RaftServerConfigKeys (ConfUtils.java:logGet(43)) - raft.server.write.element-limit = 4096 (default)
2019-10-02 23:12:00,194 [ead5c062-1af1-4abd-8580-d63c759609aa@group-AEF9DE4916CB-LeaderElection8] INFO  server.RaftServerConfigKeys (ConfUtils.java:logGet(43)) - raft.server.watch.timeout = 10s (default)
2019-10-02 23:12:00,194 [ead5c062-1af1-4abd-8580-d63c759609aa@group-AEF9DE4916CB-LeaderElection8] INFO  server.RaftServerConfigKeys (ConfUtils.java:logGet(43)) - raft.server.watch.timeout.denomination = 1s (default)
2019-10-02 23:12:00,194 [ead5c062-1af1-4abd-8580-d63c759609aa@group-AEF9DE4916CB-LeaderElection8] INFO  server.RaftServerConfigKeys (ConfUtils.java:logGet(43)) - raft.server.watch.element-limit = 65536 (default)
2019-10-02 23:12:00,197 [ead5c062-1af1-4abd-8580-d63c759609aa@group-AEF9DE4916CB-LeaderElection8] INFO  impl.RoleInfo (RoleInfo.java:updateAndGet(143)) - ead5c062-1af1-4abd-8580-d63c759609aa: start LeaderState
2019-10-02 23:12:00,198 [ead5c062-1af1-4abd-8580-d63c759609aa@group-AEF9DE4916CB-LeaderElection8] INFO  segmented.SegmentedRaftLogWorker (SegmentedRaftLogWorker.java:startLogSegment(385)) - ead5c062-1af1-4abd-8580-d63c759609aa@group-AEF9DE4916CB-SegmentedRaftLogWorker: Starting segment from index:0
2019-10-02 23:12:00,199 [ead5c062-1af1-4abd-8580-d63c759609aa@group-AEF9DE4916CB-LeaderElection8] INFO  impl.RaftServerImpl (ServerState.java:setRaftConf(356)) - ead5c062-1af1-4abd-8580-d63c759609aa@group-AEF9DE4916CB: set configuration 0: [ead5c062-1af1-4abd-8580-d63c759609aa:192.168.30.30:37195], old=null at 0
2019-10-02 23:12:00,252 [ead5c062-1af1-4abd-8580-d63c759609aa@group-AEF9DE4916CB-SegmentedRaftLogWorker] INFO  segmented.SegmentedRaftLogWorker (SegmentedRaftLogWorker.java:execute(574)) - ead5c062-1af1-4abd-8580-d63c759609aa@group-AEF9DE4916CB-SegmentedRaftLogWorker: created new log segment /workdir/hadoop-ozone/ozonefs/target/test-dir/MiniOzoneClusterImpl-5b0a54b9-c324-4af2-b780-1a2df63a188d/datanode-0/data/ratis/57b76e2c-7859-431c-8367-aef9de4916cb/current/log_inprogress_0
2019-10-02 23:12:00,342 [Thread-403] INFO  impl.FollowerState (FollowerState.java:run(108)) - d7057dcb-fe83-4c36-ae34-1ede2d89e705@group-F42DDAF427AC-FollowerState: change to CANDIDATE, lastRpcTime:5194ms, electionTimeout:5194ms
2019-10-02 23:12:00,342 [Thread-403] INFO  impl.RoleInfo (RoleInfo.java:shutdownFollowerState(121)) - d7057dcb-fe83-4c36-ae34-1ede2d89e705: shutdown FollowerState
2019-10-02 23:12:00,342 [Thread-403] INFO  impl.RaftServerImpl (RaftServerImpl.java:setRole(170)) - d7057dcb-fe83-4c36-ae34-1ede2d89e705@group-F42DDAF427AC: changes role from  FOLLOWER to CANDIDATE at term 0 for changeToCandidate
2019-10-02 23:12:00,343 [Thread-403] INFO  impl.RoleInfo (RoleInfo.java:updateAndGet(143)) - d7057dcb-fe83-4c36-ae34-1ede2d89e705: start LeaderElection
2019-10-02 23:12:00,344 [Thread-411] INFO  impl.FollowerState (FollowerState.java:run(108)) - 3b1055e0-aebc-43fb-9e9e-8851140c8ace@group-7EACEF6EF8F8-FollowerState: change to CANDIDATE, lastRpcTime:5032ms, electionTimeout:5031ms
2019-10-02 23:12:00,347 [Thread-411] INFO  impl.RoleInfo (RoleInfo.java:shutdownFollowerState(121)) - 3b1055e0-aebc-43fb-9e9e-8851140c8ace: shutdown FollowerState
2019-10-02 23:12:00,347 [Thread-411] INFO  impl.RaftServerImpl (RaftServerImpl.java:setRole(170)) - 3b1055e0-aebc-43fb-9e9e-8851140c8ace@group-7EACEF6EF8F8: changes role from  FOLLOWER to CANDIDATE at term 0 for changeToCandidate
2019-10-02 23:12:00,347 [Thread-411] INFO  impl.RoleInfo (RoleInfo.java:updateAndGet(143)) - 3b1055e0-aebc-43fb-9e9e-8851140c8ace: start LeaderElection
2019-10-02 23:12:00,370 [d7057dcb-fe83-4c36-ae34-1ede2d89e705@group-F42DDAF427AC-LeaderElection9] INFO  impl.LeaderElection (LeaderElection.java:askForVotes(178)) - d7057dcb-fe83-4c36-ae34-1ede2d89e705@group-F42DDAF427AC-LeaderElection9: begin an election at term 1 for -1: [d7057dcb-fe83-4c36-ae34-1ede2d89e705:192.168.30.30:46744], old=null
2019-10-02 23:12:00,370 [3b1055e0-aebc-43fb-9e9e-8851140c8ace@group-7EACEF6EF8F8-LeaderElection10] INFO  impl.LeaderElection (LeaderElection.java:askForVotes(178)) - 3b1055e0-aebc-43fb-9e9e-8851140c8ace@group-7EACEF6EF8F8-LeaderElection10: begin an election at term 1 for -1: [ead5c062-1af1-4abd-8580-d63c759609aa:192.168.30.30:37195, 3b1055e0-aebc-43fb-9e9e-8851140c8ace:192.168.30.30:45852, d7057dcb-fe83-4c36-ae34-1ede2d89e705:192.168.30.30:46744], old=null
2019-10-02 23:12:00,370 [d7057dcb-fe83-4c36-ae34-1ede2d89e705@group-F42DDAF427AC-LeaderElection9] INFO  impl.RoleInfo (RoleInfo.java:shutdownLeaderElection(134)) - d7057dcb-fe83-4c36-ae34-1ede2d89e705: shutdown LeaderElection
2019-10-02 23:12:00,370 [d7057dcb-fe83-4c36-ae34-1ede2d89e705@group-F42DDAF427AC-LeaderElection9] INFO  impl.RaftServerImpl (RaftServerImpl.java:setRole(170)) - d7057dcb-fe83-4c36-ae34-1ede2d89e705@group-F42DDAF427AC: changes role from CANDIDATE to LEADER at term 1 for changeToLeader
2019-10-02 23:12:00,371 [d7057dcb-fe83-4c36-ae34-1ede2d89e705@group-F42DDAF427AC-LeaderElection9] INFO  impl.RaftServerImpl (ServerState.java:setLeader(255)) - d7057dcb-fe83-4c36-ae34-1ede2d89e705@group-F42DDAF427AC: change Leader from null to d7057dcb-fe83-4c36-ae34-1ede2d89e705 at term 1 for becomeLeader, leader elected after 5230ms
2019-10-02 23:12:00,371 [d7057dcb-fe83-4c36-ae34-1ede2d89e705@group-F42DDAF427AC-LeaderElection9] INFO  server.RaftServerConfigKeys (ConfUtils.java:logGet(43)) - raft.server.staging.catchup.gap = 1000 (default)
2019-10-02 23:12:00,371 [d7057dcb-fe83-4c36-ae34-1ede2d89e705@group-F42DDAF427AC-LeaderElection9] INFO  server.RaftServerConfigKeys (ConfUtils.java:logGet(43)) - raft.server.rpc.sleep.time = 25ms (default)
2019-10-02 23:12:00,371 [d7057dcb-fe83-4c36-ae34-1ede2d89e705@group-F42DDAF427AC-LeaderElection9] INFO  server.RaftServerConfigKeys (ConfUtils.java:logGet(43)) - raft.server.write.element-limit = 4096 (default)
2019-10-02 23:12:00,371 [d7057dcb-fe83-4c36-ae34-1ede2d89e705@group-F42DDAF427AC-LeaderElection9] INFO  server.RaftServerConfigKeys (ConfUtils.java:logGet(43)) - raft.server.watch.timeout = 10s (default)
2019-10-02 23:12:00,371 [d7057dcb-fe83-4c36-ae34-1ede2d89e705@group-F42DDAF427AC-LeaderElection9] INFO  server.RaftServerConfigKeys (ConfUtils.java:logGet(43)) - raft.server.watch.timeout.denomination = 1s (default)
2019-10-02 23:12:00,371 [Thread-406] INFO  impl.FollowerState (FollowerState.java:run(108)) - 3b1055e0-aebc-43fb-9e9e-8851140c8ace@group-AE90668B0045-FollowerState: change to CANDIDATE, lastRpcTime:5148ms, electionTimeout:5148ms
2019-10-02 23:12:00,372 [d7057dcb-fe83-4c36-ae34-1ede2d89e705@group-F42DDAF427AC-LeaderElection9] INFO  server.RaftServerConfigKeys (ConfUtils.java:logGet(43)) - raft.server.watch.element-limit = 65536 (default)
2019-10-02 23:12:00,373 [Thread-406] INFO  impl.RoleInfo (RoleInfo.java:shutdownFollowerState(121)) - 3b1055e0-aebc-43fb-9e9e-8851140c8ace: shutdown FollowerState
2019-10-02 23:12:00,378 [Thread-406] INFO  impl.RaftServerImpl (RaftServerImpl.java:setRole(170)) - 3b1055e0-aebc-43fb-9e9e-8851140c8ace@group-AE90668B0045: changes role from  FOLLOWER to CANDIDATE at term 0 for changeToCandidate
2019-10-02 23:12:00,378 [Thread-406] INFO  impl.RoleInfo (RoleInfo.java:updateAndGet(143)) - 3b1055e0-aebc-43fb-9e9e-8851140c8ace: start LeaderElection
2019-10-02 23:12:00,386 [d7057dcb-fe83-4c36-ae34-1ede2d89e705@group-F42DDAF427AC-LeaderElection9] INFO  impl.RoleInfo (RoleInfo.java:updateAndGet(143)) - d7057dcb-fe83-4c36-ae34-1ede2d89e705: start LeaderState
2019-10-02 23:12:00,386 [d7057dcb-fe83-4c36-ae34-1ede2d89e705@group-F42DDAF427AC-LeaderElection9] INFO  segmented.SegmentedRaftLogWorker (SegmentedRaftLogWorker.java:startLogSegment(385)) - d7057dcb-fe83-4c36-ae34-1ede2d89e705@group-F42DDAF427AC-SegmentedRaftLogWorker: Starting segment from index:0
2019-10-02 23:12:00,387 [d7057dcb-fe83-4c36-ae34-1ede2d89e705@group-F42DDAF427AC-LeaderElection9] INFO  impl.RaftServerImpl (ServerState.java:setRaftConf(356)) - d7057dcb-fe83-4c36-ae34-1ede2d89e705@group-F42DDAF427AC: set configuration 0: [d7057dcb-fe83-4c36-ae34-1ede2d89e705:192.168.30.30:46744], old=null at 0
2019-10-02 23:12:00,413 [3b1055e0-aebc-43fb-9e9e-8851140c8ace@group-AE90668B0045-LeaderElection11] INFO  impl.LeaderElection (LeaderElection.java:askForVotes(178)) - 3b1055e0-aebc-43fb-9e9e-8851140c8ace@group-AE90668B0045-LeaderElection11: begin an election at term 1 for -1: [3b1055e0-aebc-43fb-9e9e-8851140c8ace:192.168.30.30:45852], old=null
2019-10-02 23:12:00,413 [3b1055e0-aebc-43fb-9e9e-8851140c8ace@group-AE90668B0045-LeaderElection11] INFO  impl.RoleInfo (RoleInfo.java:shutdownLeaderElection(134)) - 3b1055e0-aebc-43fb-9e9e-8851140c8ace: shutdown LeaderElection
2019-10-02 23:12:00,414 [3b1055e0-aebc-43fb-9e9e-8851140c8ace@group-AE90668B0045-LeaderElection11] INFO  impl.RaftServerImpl (RaftServerImpl.java:setRole(170)) - 3b1055e0-aebc-43fb-9e9e-8851140c8ace@group-AE90668B0045: changes role from CANDIDATE to LEADER at term 1 for changeToLeader
2019-10-02 23:12:00,414 [3b1055e0-aebc-43fb-9e9e-8851140c8ace@group-AE90668B0045-LeaderElection11] INFO  impl.RaftServerImpl (ServerState.java:setLeader(255)) - 3b1055e0-aebc-43fb-9e9e-8851140c8ace@group-AE90668B0045: change Leader from null to 3b1055e0-aebc-43fb-9e9e-8851140c8ace at term 1 for becomeLeader, leader elected after 5196ms
2019-10-02 23:12:00,414 [3b1055e0-aebc-43fb-9e9e-8851140c8ace@group-AE90668B0045-LeaderElection11] INFO  server.RaftServerConfigKeys (ConfUtils.java:logGet(43)) - raft.server.staging.catchup.gap = 1000 (default)
2019-10-02 23:12:00,414 [3b1055e0-aebc-43fb-9e9e-8851140c8ace@group-AE90668B0045-LeaderElection11] INFO  server.RaftServerConfigKeys (ConfUtils.java:logGet(43)) - raft.server.rpc.sleep.time = 25ms (default)
2019-10-02 23:12:00,416 [3b1055e0-aebc-43fb-9e9e-8851140c8ace@group-AE90668B0045-LeaderElection11] INFO  server.RaftServerConfigKeys (ConfUtils.java:logGet(43)) - raft.server.write.element-limit = 4096 (default)
2019-10-02 23:12:00,420 [3b1055e0-aebc-43fb-9e9e-8851140c8ace@group-AE90668B0045-LeaderElection11] INFO  server.RaftServerConfigKeys (ConfUtils.java:logGet(43)) - raft.server.watch.timeout = 10s (default)
2019-10-02 23:12:00,420 [3b1055e0-aebc-43fb-9e9e-8851140c8ace@group-AE90668B0045-LeaderElection11] INFO  server.RaftServerConfigKeys (ConfUtils.java:logGet(43)) - raft.server.watch.timeout.denomination = 1s (default)
2019-10-02 23:12:00,420 [3b1055e0-aebc-43fb-9e9e-8851140c8ace@group-AE90668B0045-LeaderElection11] INFO  server.RaftServerConfigKeys (ConfUtils.java:logGet(43)) - raft.server.watch.element-limit = 65536 (default)
2019-10-02 23:12:00,422 [grpc-default-executor-2] INFO  impl.RaftServerImpl (RaftServerImpl.java:setRole(170)) - d7057dcb-fe83-4c36-ae34-1ede2d89e705@group-7EACEF6EF8F8: changes role from  FOLLOWER to FOLLOWER at term 1 for recognizeCandidate:3b1055e0-aebc-43fb-9e9e-8851140c8ace
2019-10-02 23:12:00,422 [grpc-default-executor-1] INFO  impl.RaftServerImpl (RaftServerImpl.java:setRole(170)) - ead5c062-1af1-4abd-8580-d63c759609aa@group-7EACEF6EF8F8: changes role from  FOLLOWER to FOLLOWER at term 1 for recognizeCandidate:3b1055e0-aebc-43fb-9e9e-8851140c8ace
2019-10-02 23:12:00,422 [grpc-default-executor-2] INFO  impl.RoleInfo (RoleInfo.java:shutdownFollowerState(121)) - d7057dcb-fe83-4c36-ae34-1ede2d89e705: shutdown FollowerState
2019-10-02 23:12:00,422 [grpc-default-executor-1] INFO  impl.RoleInfo (RoleInfo.java:shutdownFollowerState(121)) - ead5c062-1af1-4abd-8580-d63c759609aa: shutdown FollowerState
2019-10-02 23:12:00,423 [Thread-412] INFO  impl.FollowerState (FollowerState.java:run(117)) - d7057dcb-fe83-4c36-ae34-1ede2d89e705@group-7EACEF6EF8F8-FollowerState was interrupted: java.lang.InterruptedException: sleep interrupted
2019-10-02 23:12:00,423 [grpc-default-executor-2] INFO  impl.RoleInfo (RoleInfo.java:updateAndGet(143)) - d7057dcb-fe83-4c36-ae34-1ede2d89e705: start FollowerState
2019-10-02 23:12:00,423 [grpc-default-executor-1] INFO  impl.RoleInfo (RoleInfo.java:updateAndGet(143)) - ead5c062-1af1-4abd-8580-d63c759609aa: start FollowerState
2019-10-02 23:12:00,423 [Thread-413] INFO  impl.FollowerState (FollowerState.java:run(117)) - ead5c062-1af1-4abd-8580-d63c759609aa@group-7EACEF6EF8F8-FollowerState was interrupted: java.lang.InterruptedException: sleep interrupted
2019-10-02 23:12:00,429 [3b1055e0-aebc-43fb-9e9e-8851140c8ace@group-AE90668B0045-LeaderElection11] INFO  impl.RoleInfo (RoleInfo.java:updateAndGet(143)) - 3b1055e0-aebc-43fb-9e9e-8851140c8ace: start LeaderState
2019-10-02 23:12:00,430 [3b1055e0-aebc-43fb-9e9e-8851140c8ace@group-AE90668B0045-LeaderElection11] INFO  segmented.SegmentedRaftLogWorker (SegmentedRaftLogWorker.java:startLogSegment(385)) - 3b1055e0-aebc-43fb-9e9e-8851140c8ace@group-AE90668B0045-SegmentedRaftLogWorker: Starting segment from index:0
2019-10-02 23:12:00,430 [3b1055e0-aebc-43fb-9e9e-8851140c8ace@group-AE90668B0045-LeaderElection11] INFO  impl.RaftServerImpl (ServerState.java:setRaftConf(356)) - 3b1055e0-aebc-43fb-9e9e-8851140c8ace@group-AE90668B0045: set configuration 0: [3b1055e0-aebc-43fb-9e9e-8851140c8ace:192.168.30.30:45852], old=null at 0
2019-10-02 23:12:00,438 [d7057dcb-fe83-4c36-ae34-1ede2d89e705@group-F42DDAF427AC-SegmentedRaftLogWorker] INFO  segmented.SegmentedRaftLogWorker (SegmentedRaftLogWorker.java:execute(574)) - d7057dcb-fe83-4c36-ae34-1ede2d89e705@group-F42DDAF427AC-SegmentedRaftLogWorker: created new log segment /workdir/hadoop-ozone/ozonefs/target/test-dir/MiniOzoneClusterImpl-5b0a54b9-c324-4af2-b780-1a2df63a188d/datanode-1/data/ratis/6162d707-cabb-499b-b5ee-f42ddaf427ac/current/log_inprogress_0
2019-10-02 23:12:00,467 [3b1055e0-aebc-43fb-9e9e-8851140c8ace@group-7EACEF6EF8F8-LeaderElection10] INFO  impl.LeaderElection (LeaderElection.java:logAndReturn(56)) - 3b1055e0-aebc-43fb-9e9e-8851140c8ace@group-7EACEF6EF8F8-LeaderElection10: Election PASSED; received 1 response(s) [3b1055e0-aebc-43fb-9e9e-8851140c8ace<-d7057dcb-fe83-4c36-ae34-1ede2d89e705#0:OK-t1] and 0 exception(s); 3b1055e0-aebc-43fb-9e9e-8851140c8ace@group-7EACEF6EF8F8:t1, leader=null, voted=3b1055e0-aebc-43fb-9e9e-8851140c8ace, raftlog=3b1055e0-aebc-43fb-9e9e-8851140c8ace@group-7EACEF6EF8F8-SegmentedRaftLog:OPENED:c-1,f-1,i0, conf=-1: [ead5c062-1af1-4abd-8580-d63c759609aa:192.168.30.30:37195, 3b1055e0-aebc-43fb-9e9e-8851140c8ace:192.168.30.30:45852, d7057dcb-fe83-4c36-ae34-1ede2d89e705:192.168.30.30:46744], old=null
2019-10-02 23:12:00,467 [3b1055e0-aebc-43fb-9e9e-8851140c8ace@group-7EACEF6EF8F8-LeaderElection10] INFO  impl.RoleInfo (RoleInfo.java:shutdownLeaderElection(134)) - 3b1055e0-aebc-43fb-9e9e-8851140c8ace: shutdown LeaderElection
2019-10-02 23:12:00,469 [3b1055e0-aebc-43fb-9e9e-8851140c8ace@group-7EACEF6EF8F8-LeaderElection10] INFO  impl.RaftServerImpl (RaftServerImpl.java:setRole(170)) - 3b1055e0-aebc-43fb-9e9e-8851140c8ace@group-7EACEF6EF8F8: changes role from CANDIDATE to LEADER at term 1 for changeToLeader
2019-10-02 23:12:00,469 [3b1055e0-aebc-43fb-9e9e-8851140c8ace@group-7EACEF6EF8F8-LeaderElection10] INFO  impl.RaftServerImpl (ServerState.java:setLeader(255)) - 3b1055e0-aebc-43fb-9e9e-8851140c8ace@group-7EACEF6EF8F8: change Leader from null to 3b1055e0-aebc-43fb-9e9e-8851140c8ace at term 1 for becomeLeader, leader elected after 5165ms
2019-10-02 23:12:00,469 [3b1055e0-aebc-43fb-9e9e-8851140c8ace@group-7EACEF6EF8F8-LeaderElection10] INFO  server.RaftServerConfigKeys (ConfUtils.java:logGet(43)) - raft.server.staging.catchup.gap = 1000 (default)
2019-10-02 23:12:00,469 [3b1055e0-aebc-43fb-9e9e-8851140c8ace@group-7EACEF6EF8F8-LeaderElection10] INFO  server.RaftServerConfigKeys (ConfUtils.java:logGet(43)) - raft.server.rpc.sleep.time = 25ms (default)
2019-10-02 23:12:00,470 [3b1055e0-aebc-43fb-9e9e-8851140c8ace@group-7EACEF6EF8F8-LeaderElection10] INFO  server.RaftServerConfigKeys (ConfUtils.java:logGet(43)) - raft.server.write.element-limit = 4096 (default)
2019-10-02 23:12:00,470 [3b1055e0-aebc-43fb-9e9e-8851140c8ace@group-7EACEF6EF8F8-LeaderElection10] INFO  server.RaftServerConfigKeys (ConfUtils.java:logGet(43)) - raft.server.watch.timeout = 10s (default)
2019-10-02 23:12:00,470 [3b1055e0-aebc-43fb-9e9e-8851140c8ace@group-7EACEF6EF8F8-LeaderElection10] INFO  server.RaftServerConfigKeys (ConfUtils.java:logGet(43)) - raft.server.watch.timeout.denomination = 1s (default)
2019-10-02 23:12:00,470 [3b1055e0-aebc-43fb-9e9e-8851140c8ace@group-7EACEF6EF8F8-LeaderElection10] INFO  server.RaftServerConfigKeys (ConfUtils.java:logGet(43)) - raft.server.watch.element-limit = 65536 (default)
2019-10-02 23:12:00,476 [3b1055e0-aebc-43fb-9e9e-8851140c8ace@group-7EACEF6EF8F8-LeaderElection10] INFO  server.RaftServerConfigKeys (ConfUtils.java:logGet(43)) - raft.server.log.appender.snapshot.chunk.size.max = 16MB (=16777216) (default)
2019-10-02 23:12:00,476 [3b1055e0-aebc-43fb-9e9e-8851140c8ace@group-7EACEF6EF8F8-LeaderElection10] INFO  server.RaftServerConfigKeys (ConfUtils.java:logGet(43)) - raft.server.log.appender.buffer.byte-limit = 33554432 (custom)
2019-10-02 23:12:00,477 [3b1055e0-aebc-43fb-9e9e-8851140c8ace@group-7EACEF6EF8F8-LeaderElection10] INFO  server.RaftServerConfigKeys (ConfUtils.java:logGet(43)) - raft.server.log.appender.buffer.element-limit = 1 (custom)
2019-10-02 23:12:00,477 [3b1055e0-aebc-43fb-9e9e-8851140c8ace@group-AE90668B0045-SegmentedRaftLogWorker] INFO  segmented.SegmentedRaftLogWorker (SegmentedRaftLogWorker.java:execute(574)) - 3b1055e0-aebc-43fb-9e9e-8851140c8ace@group-AE90668B0045-SegmentedRaftLogWorker: created new log segment /workdir/hadoop-ozone/ozonefs/target/test-dir/MiniOzoneClusterImpl-5b0a54b9-c324-4af2-b780-1a2df63a188d/datanode-2/data/ratis/6c68c19f-ed7e-4484-8bcc-ae90668b0045/current/log_inprogress_0
2019-10-02 23:12:00,481 [3b1055e0-aebc-43fb-9e9e-8851140c8ace@group-7EACEF6EF8F8-LeaderElection10] INFO  grpc.GrpcConfigKeys$Server (ConfUtils.java:logGet(43)) - raft.grpc.server.leader.outstanding.appends.max = 128 (default)
2019-10-02 23:12:00,483 [3b1055e0-aebc-43fb-9e9e-8851140c8ace@group-7EACEF6EF8F8-LeaderElection10] INFO  server.RaftServerConfigKeys (ConfUtils.java:logGet(43)) - raft.server.rpc.request.timeout = 3000ms (default)
2019-10-02 23:12:00,483 [3b1055e0-aebc-43fb-9e9e-8851140c8ace@group-7EACEF6EF8F8-LeaderElection10] INFO  server.RaftServerConfigKeys (ConfUtils.java:logGet(43)) - raft.server.log.appender.install.snapshot.enabled = false (custom)
2019-10-02 23:12:00,484 [3b1055e0-aebc-43fb-9e9e-8851140c8ace@group-7EACEF6EF8F8-LeaderElection10] INFO  server.RaftServerConfigKeys (ConfUtils.java:logGet(43)) - raft.server.log.appender.snapshot.chunk.size.max = 16MB (=16777216) (default)
2019-10-02 23:12:00,484 [3b1055e0-aebc-43fb-9e9e-8851140c8ace@group-7EACEF6EF8F8-LeaderElection10] INFO  server.RaftServerConfigKeys (ConfUtils.java:logGet(43)) - raft.server.log.appender.buffer.byte-limit = 33554432 (custom)
2019-10-02 23:12:00,484 [3b1055e0-aebc-43fb-9e9e-8851140c8ace@group-7EACEF6EF8F8-LeaderElection10] INFO  server.RaftServerConfigKeys (ConfUtils.java:logGet(43)) - raft.server.log.appender.buffer.element-limit = 1 (custom)
2019-10-02 23:12:00,484 [3b1055e0-aebc-43fb-9e9e-8851140c8ace@group-7EACEF6EF8F8-LeaderElection10] INFO  grpc.GrpcConfigKeys$Server (ConfUtils.java:logGet(43)) - raft.grpc.server.leader.outstanding.appends.max = 128 (default)
2019-10-02 23:12:00,485 [3b1055e0-aebc-43fb-9e9e-8851140c8ace@group-7EACEF6EF8F8-LeaderElection10] INFO  server.RaftServerConfigKeys (ConfUtils.java:logGet(43)) - raft.server.rpc.request.timeout = 3000ms (default)
2019-10-02 23:12:00,485 [3b1055e0-aebc-43fb-9e9e-8851140c8ace@group-7EACEF6EF8F8-LeaderElection10] INFO  server.RaftServerConfigKeys (ConfUtils.java:logGet(43)) - raft.server.log.appender.install.snapshot.enabled = false (custom)
2019-10-02 23:12:00,488 [3b1055e0-aebc-43fb-9e9e-8851140c8ace@group-7EACEF6EF8F8-LeaderElection10] INFO  impl.RoleInfo (RoleInfo.java:updateAndGet(143)) - 3b1055e0-aebc-43fb-9e9e-8851140c8ace: start LeaderState
2019-10-02 23:12:00,488 [3b1055e0-aebc-43fb-9e9e-8851140c8ace@group-7EACEF6EF8F8-LeaderElection10] INFO  segmented.SegmentedRaftLogWorker (SegmentedRaftLogWorker.java:startLogSegment(385)) - 3b1055e0-aebc-43fb-9e9e-8851140c8ace@group-7EACEF6EF8F8-SegmentedRaftLogWorker: Starting segment from index:0
2019-10-02 23:12:00,489 [3b1055e0-aebc-43fb-9e9e-8851140c8ace@group-7EACEF6EF8F8-LeaderElection10] INFO  impl.RaftServerImpl (ServerState.java:setRaftConf(356)) - 3b1055e0-aebc-43fb-9e9e-8851140c8ace@group-7EACEF6EF8F8: set configuration 0: [ead5c062-1af1-4abd-8580-d63c759609aa:192.168.30.30:37195, 3b1055e0-aebc-43fb-9e9e-8851140c8ace:192.168.30.30:45852, d7057dcb-fe83-4c36-ae34-1ede2d89e705:192.168.30.30:46744], old=null at 0
2019-10-02 23:12:00,545 [grpc-default-executor-1] INFO  impl.RaftServerImpl (ServerState.java:setLeader(255)) - d7057dcb-fe83-4c36-ae34-1ede2d89e705@group-7EACEF6EF8F8: change Leader from null to 3b1055e0-aebc-43fb-9e9e-8851140c8ace at term 1 for appendEntries, leader elected after 5241ms
2019-10-02 23:12:00,547 [grpc-default-executor-2] INFO  impl.RaftServerImpl (ServerState.java:setLeader(255)) - ead5c062-1af1-4abd-8580-d63c759609aa@group-7EACEF6EF8F8: change Leader from null to 3b1055e0-aebc-43fb-9e9e-8851140c8ace at term 1 for appendEntries, leader elected after 5242ms
2019-10-02 23:12:00,560 [3b1055e0-aebc-43fb-9e9e-8851140c8ace@group-7EACEF6EF8F8-SegmentedRaftLogWorker] INFO  segmented.SegmentedRaftLogWorker (SegmentedRaftLogWorker.java:execute(574)) - 3b1055e0-aebc-43fb-9e9e-8851140c8ace@group-7EACEF6EF8F8-SegmentedRaftLogWorker: created new log segment /workdir/hadoop-ozone/ozonefs/target/test-dir/MiniOzoneClusterImpl-5b0a54b9-c324-4af2-b780-1a2df63a188d/datanode-2/data/ratis/821f9f62-907d-47ad-96c4-7eacef6ef8f8/current/log_inprogress_0
2019-10-02 23:12:00,574 [grpc-default-executor-2] INFO  impl.RaftServerImpl (ServerState.java:setRaftConf(356)) - d7057dcb-fe83-4c36-ae34-1ede2d89e705@group-7EACEF6EF8F8: set configuration 0: [ead5c062-1af1-4abd-8580-d63c759609aa:192.168.30.30:37195, 3b1055e0-aebc-43fb-9e9e-8851140c8ace:192.168.30.30:45852, d7057dcb-fe83-4c36-ae34-1ede2d89e705:192.168.30.30:46744], old=null at 0
2019-10-02 23:12:00,574 [grpc-default-executor-1] INFO  impl.RaftServerImpl (ServerState.java:setRaftConf(356)) - ead5c062-1af1-4abd-8580-d63c759609aa@group-7EACEF6EF8F8: set configuration 0: [ead5c062-1af1-4abd-8580-d63c759609aa:192.168.30.30:37195, 3b1055e0-aebc-43fb-9e9e-8851140c8ace:192.168.30.30:45852, d7057dcb-fe83-4c36-ae34-1ede2d89e705:192.168.30.30:46744], old=null at 0
2019-10-02 23:12:00,574 [grpc-default-executor-2] INFO  segmented.SegmentedRaftLogWorker (SegmentedRaftLogWorker.java:startLogSegment(385)) - d7057dcb-fe83-4c36-ae34-1ede2d89e705@group-7EACEF6EF8F8-SegmentedRaftLogWorker: Starting segment from index:0
2019-10-02 23:12:00,575 [grpc-default-executor-1] INFO  segmented.SegmentedRaftLogWorker (SegmentedRaftLogWorker.java:startLogSegment(385)) - ead5c062-1af1-4abd-8580-d63c759609aa@group-7EACEF6EF8F8-SegmentedRaftLogWorker: Starting segment from index:0
2019-10-02 23:12:00,627 [d7057dcb-fe83-4c36-ae34-1ede2d89e705@group-7EACEF6EF8F8-SegmentedRaftLogWorker] INFO  segmented.SegmentedRaftLogWorker (SegmentedRaftLogWorker.java:execute(574)) - d7057dcb-fe83-4c36-ae34-1ede2d89e705@group-7EACEF6EF8F8-SegmentedRaftLogWorker: created new log segment /workdir/hadoop-ozone/ozonefs/target/test-dir/MiniOzoneClusterImpl-5b0a54b9-c324-4af2-b780-1a2df63a188d/datanode-1/data/ratis/821f9f62-907d-47ad-96c4-7eacef6ef8f8/current/log_inprogress_0
2019-10-02 23:12:00,652 [ead5c062-1af1-4abd-8580-d63c759609aa@group-7EACEF6EF8F8-SegmentedRaftLogWorker] INFO  segmented.SegmentedRaftLogWorker (SegmentedRaftLogWorker.java:execute(574)) - ead5c062-1af1-4abd-8580-d63c759609aa@group-7EACEF6EF8F8-SegmentedRaftLogWorker: created new log segment /workdir/hadoop-ozone/ozonefs/target/test-dir/MiniOzoneClusterImpl-5b0a54b9-c324-4af2-b780-1a2df63a188d/datanode-0/data/ratis/821f9f62-907d-47ad-96c4-7eacef6ef8f8/current/log_inprogress_0
2019-10-02 23:12:01,298 [ForkJoinPool.commonPool-worker-0] INFO  ozoneimpl.OzoneContainer (OzoneContainer.java:stop(231)) - Attempting to stop container services.
2019-10-02 23:12:01,298 [Thread-226] INFO  ozoneimpl.OzoneContainer (OzoneContainer.java:stop(231)) - Attempting to stop container services.
2019-10-02 23:12:01,298 [ForkJoinPool.commonPool-worker-0] INFO  impl.RaftServerProxy (RaftServerProxy.java:lambda$close$4(314)) - ead5c062-1af1-4abd-8580-d63c759609aa: close
2019-10-02 23:12:01,299 [Thread-226] INFO  impl.RaftServerProxy (RaftServerProxy.java:lambda$close$4(314)) - d7057dcb-fe83-4c36-ae34-1ede2d89e705: close
2019-10-02 23:12:01,299 [ForkJoinPool.commonPool-worker-0] INFO  impl.RaftServerImpl (RaftServerImpl.java:lambda$shutdown$3(247)) - ead5c062-1af1-4abd-8580-d63c759609aa@group-AEF9DE4916CB: shutdown
2019-10-02 23:12:01,299 [Thread-226] INFO  impl.RaftServerImpl (RaftServerImpl.java:lambda$shutdown$3(247)) - d7057dcb-fe83-4c36-ae34-1ede2d89e705@group-7EACEF6EF8F8: shutdown
2019-10-02 23:12:01,299 [ForkJoinPool.commonPool-worker-0] INFO  util.JmxRegister (JmxRegister.java:unregister(73)) - Successfully un-registered JMX Bean with object name Ratis:service=RaftServer,group=group-AEF9DE4916CB,id=ead5c062-1af1-4abd-8580-d63c759609aa
2019-10-02 23:12:01,300 [Thread-226] INFO  util.JmxRegister (JmxRegister.java:unregister(73)) - Successfully un-registered JMX Bean with object name Ratis:service=RaftServer,group=group-7EACEF6EF8F8,id=d7057dcb-fe83-4c36-ae34-1ede2d89e705
2019-10-02 23:12:01,300 [ForkJoinPool.commonPool-worker-0] INFO  impl.RoleInfo (RoleInfo.java:shutdownLeaderState(104)) - ead5c062-1af1-4abd-8580-d63c759609aa: shutdown LeaderState
2019-10-02 23:12:01,300 [Thread-226] INFO  impl.RoleInfo (RoleInfo.java:shutdownFollowerState(121)) - d7057dcb-fe83-4c36-ae34-1ede2d89e705: shutdown FollowerState
2019-10-02 23:12:01,300 [ForkJoinPool.commonPool-worker-0] INFO  impl.PendingRequests (PendingRequests.java:sendNotLeaderResponses(202)) - ead5c062-1af1-4abd-8580-d63c759609aa@group-AEF9DE4916CB-PendingRequests: sendNotLeaderResponses
2019-10-02 23:12:01,300 [Thread-430] INFO  impl.FollowerState (FollowerState.java:run(117)) - d7057dcb-fe83-4c36-ae34-1ede2d89e705@group-7EACEF6EF8F8-FollowerState was interrupted: java.lang.InterruptedException: sleep interrupted
2019-10-02 23:12:01,301 [ForkJoinPool.commonPool-worker-0] INFO  impl.StateMachineUpdater (StateMachineUpdater.java:stopAndJoin(136)) - ead5c062-1af1-4abd-8580-d63c759609aa@group-AEF9DE4916CB-StateMachineUpdater: set stopIndex = 0
2019-10-02 23:12:01,300 [Thread-226] INFO  impl.StateMachineUpdater (StateMachineUpdater.java:stopAndJoin(136)) - d7057dcb-fe83-4c36-ae34-1ede2d89e705@group-7EACEF6EF8F8-StateMachineUpdater: set stopIndex = -1
2019-10-02 23:12:01,304 [ForkJoinPool.commonPool-worker-0] INFO  impl.RaftServerImpl (ServerState.java:close(387)) - ead5c062-1af1-4abd-8580-d63c759609aa@group-AEF9DE4916CB: closes. applyIndex: 0
2019-10-02 23:12:01,304 [Thread-226] INFO  impl.RaftServerImpl (ServerState.java:close(387)) - d7057dcb-fe83-4c36-ae34-1ede2d89e705@group-7EACEF6EF8F8: closes. applyIndex: -1
2019-10-02 23:12:01,305 [ead5c062-1af1-4abd-8580-d63c759609aa@group-AEF9DE4916CB-SegmentedRaftLogWorker] INFO  segmented.SegmentedRaftLogWorker (SegmentedRaftLogWorker.java:run(316)) - ead5c062-1af1-4abd-8580-d63c759609aa@group-AEF9DE4916CB-SegmentedRaftLogWorker was interrupted, exiting. There are 0 tasks remaining in the queue.
2019-10-02 23:12:01,305 [d7057dcb-fe83-4c36-ae34-1ede2d89e705@group-7EACEF6EF8F8-SegmentedRaftLogWorker] INFO  segmented.SegmentedRaftLogWorker (SegmentedRaftLogWorker.java:run(316)) - d7057dcb-fe83-4c36-ae34-1ede2d89e705@group-7EACEF6EF8F8-SegmentedRaftLogWorker was interrupted, exiting. There are 0 tasks remaining in the queue.
2019-10-02 23:12:01,306 [ForkJoinPool.commonPool-worker-0] INFO  segmented.SegmentedRaftLogWorker (SegmentedRaftLogWorker.java:close(224)) - ead5c062-1af1-4abd-8580-d63c759609aa@group-AEF9DE4916CB-SegmentedRaftLogWorker close()
2019-10-02 23:12:01,307 [Thread-226] INFO  segmented.SegmentedRaftLogWorker (SegmentedRaftLogWorker.java:close(224)) - d7057dcb-fe83-4c36-ae34-1ede2d89e705@group-7EACEF6EF8F8-SegmentedRaftLogWorker close()
2019-10-02 23:12:01,310 [ForkJoinPool.commonPool-worker-0] INFO  impl.RaftServerImpl (RaftServerImpl.java:lambda$shutdown$3(247)) - ead5c062-1af1-4abd-8580-d63c759609aa@group-7EACEF6EF8F8: shutdown
2019-10-02 23:12:01,312 [Thread-226] INFO  impl.RaftServerImpl (RaftServerImpl.java:lambda$shutdown$3(247)) - d7057dcb-fe83-4c36-ae34-1ede2d89e705@group-F42DDAF427AC: shutdown
2019-10-02 23:12:01,312 [ForkJoinPool.commonPool-worker-0] INFO  util.JmxRegister (JmxRegister.java:unregister(73)) - Successfully un-registered JMX Bean with object name Ratis:service=RaftServer,group=group-7EACEF6EF8F8,id=ead5c062-1af1-4abd-8580-d63c759609aa
2019-10-02 23:12:01,312 [Thread-226] INFO  util.JmxRegister (JmxRegister.java:unregister(73)) - Successfully un-registered JMX Bean with object name Ratis:service=RaftServer,group=group-F42DDAF427AC,id=d7057dcb-fe83-4c36-ae34-1ede2d89e705
2019-10-02 23:12:01,313 [ForkJoinPool.commonPool-worker-0] INFO  impl.RoleInfo (RoleInfo.java:shutdownFollowerState(121)) - ead5c062-1af1-4abd-8580-d63c759609aa: shutdown FollowerState
2019-10-02 23:12:01,313 [Thread-226] INFO  impl.RoleInfo (RoleInfo.java:shutdownLeaderState(104)) - d7057dcb-fe83-4c36-ae34-1ede2d89e705: shutdown LeaderState
2019-10-02 23:12:01,313 [Thread-431] INFO  impl.FollowerState (FollowerState.java:run(117)) - ead5c062-1af1-4abd-8580-d63c759609aa@group-7EACEF6EF8F8-FollowerState was interrupted: java.lang.InterruptedException: sleep interrupted
2019-10-02 23:12:01,313 [ForkJoinPool.commonPool-worker-0] INFO  impl.StateMachineUpdater (StateMachineUpdater.java:stopAndJoin(136)) - ead5c062-1af1-4abd-8580-d63c759609aa@group-7EACEF6EF8F8-StateMachineUpdater: set stopIndex = -1
2019-10-02 23:12:01,313 [Thread-226] INFO  impl.PendingRequests (PendingRequests.java:sendNotLeaderResponses(202)) - d7057dcb-fe83-4c36-ae34-1ede2d89e705@group-F42DDAF427AC-PendingRequests: sendNotLeaderResponses
2019-10-02 23:12:01,316 [ForkJoinPool.commonPool-worker-0] INFO  impl.RaftServerImpl (ServerState.java:close(387)) - ead5c062-1af1-4abd-8580-d63c759609aa@group-7EACEF6EF8F8: closes. applyIndex: -1
2019-10-02 23:12:01,316 [Thread-226] INFO  impl.StateMachineUpdater (StateMachineUpdater.java:stopAndJoin(136)) - d7057dcb-fe83-4c36-ae34-1ede2d89e705@group-F42DDAF427AC-StateMachineUpdater: set stopIndex = 0
2019-10-02 23:12:01,317 [ead5c062-1af1-4abd-8580-d63c759609aa@group-7EACEF6EF8F8-SegmentedRaftLogWorker] INFO  segmented.SegmentedRaftLogWorker (SegmentedRaftLogWorker.java:run(316)) - ead5c062-1af1-4abd-8580-d63c759609aa@group-7EACEF6EF8F8-SegmentedRaftLogWorker was interrupted, exiting. There are 0 tasks remaining in the queue.
2019-10-02 23:12:01,318 [Thread-226] INFO  impl.RaftServerImpl (ServerState.java:close(387)) - d7057dcb-fe83-4c36-ae34-1ede2d89e705@group-F42DDAF427AC: closes. applyIndex: 0
2019-10-02 23:12:01,320 [ForkJoinPool.commonPool-worker-0] INFO  segmented.SegmentedRaftLogWorker (SegmentedRaftLogWorker.java:close(224)) - ead5c062-1af1-4abd-8580-d63c759609aa@group-7EACEF6EF8F8-SegmentedRaftLogWorker close()
2019-10-02 23:12:01,321 [d7057dcb-fe83-4c36-ae34-1ede2d89e705@group-F42DDAF427AC-SegmentedRaftLogWorker] INFO  segmented.SegmentedRaftLogWorker (SegmentedRaftLogWorker.java:run(316)) - d7057dcb-fe83-4c36-ae34-1ede2d89e705@group-F42DDAF427AC-SegmentedRaftLogWorker was interrupted, exiting. There are 0 tasks remaining in the queue.
2019-10-02 23:12:01,326 [ForkJoinPool.commonPool-worker-0] INFO  server.GrpcService (GrpcService.java:closeImpl(164)) - ead5c062-1af1-4abd-8580-d63c759609aa: shutdown server with port 37195 now
2019-10-02 23:12:01,326 [Thread-226] INFO  segmented.SegmentedRaftLogWorker (SegmentedRaftLogWorker.java:close(224)) - d7057dcb-fe83-4c36-ae34-1ede2d89e705@group-F42DDAF427AC-SegmentedRaftLogWorker close()
2019-10-02 23:12:01,329 [Thread-226] INFO  server.GrpcService (GrpcService.java:closeImpl(164)) - d7057dcb-fe83-4c36-ae34-1ede2d89e705: shutdown server with port 46744 now
2019-10-02 23:12:01,336 [Thread-226] INFO  server.GrpcService (GrpcService.java:closeImpl(172)) - d7057dcb-fe83-4c36-ae34-1ede2d89e705: shutdown server with port 46744 successfully
2019-10-02 23:12:01,336 [grpc-default-executor-3] WARN  server.GrpcServerProtocolService (LogUtils.java:warn(134)) - d7057dcb-fe83-4c36-ae34-1ede2d89e705: installSnapshot onError, lastRequest: 3b1055e0-aebc-43fb-9e9e-8851140c8ace->d7057dcb-fe83-4c36-ae34-1ede2d89e705#1-t1, previous=(t:0, i:0), leaderCommit=-1, initializing? false, entries: size=1, first=(t:1, i:0), CONFIGURATIONENTRY: org.apache.ratis.thirdparty.io.grpc.StatusRuntimeException: CANCELLED: cancelled before receiving half close
2019-10-02 23:12:01,336 [ForkJoinPool.commonPool-worker-0] INFO  server.GrpcService (GrpcService.java:closeImpl(172)) - ead5c062-1af1-4abd-8580-d63c759609aa: shutdown server with port 37195 successfully
2019-10-02 23:12:01,336 [grpc-default-executor-0] WARN  server.GrpcServerProtocolService (LogUtils.java:warn(134)) - ead5c062-1af1-4abd-8580-d63c759609aa: installSnapshot onError, lastRequest: 3b1055e0-aebc-43fb-9e9e-8851140c8ace->ead5c062-1af1-4abd-8580-d63c759609aa#1-t1, previous=(t:0, i:0), leaderCommit=-1, initializing? false, entries: size=1, first=(t:1, i:0), CONFIGURATIONENTRY: org.apache.ratis.thirdparty.io.grpc.StatusRuntimeException: CANCELLED: cancelled before receiving half close
2019-10-02 23:12:01,339 [grpc-default-executor-2] WARN  server.GrpcLogAppender (LogUtils.java:warn(134)) - 3b1055e0-aebc-43fb-9e9e-8851140c8ace@group-7EACEF6EF8F8->d7057dcb-fe83-4c36-ae34-1ede2d89e705-AppendLogResponseHandler: Failed appendEntries: org.apache.ratis.thirdparty.io.grpc.StatusRuntimeException: CANCELLED: HTTP/2 error code: CANCEL
Received Rst Stream
2019-10-02 23:12:01,339 [refreshUsed-/workdir/hadoop-ozone/ozonefs/target/test-dir/MiniOzoneClusterImpl-5b0a54b9-c324-4af2-b780-1a2df63a188d/datanode-1/data/containers] WARN  fs.CachingGetSpaceUsed (CachingGetSpaceUsed.java:run(183)) - Thread Interrupted waiting to refresh disk information: sleep interrupted
2019-10-02 23:12:01,339 [grpc-default-executor-1] WARN  server.GrpcLogAppender (LogUtils.java:warn(134)) - 3b1055e0-aebc-43fb-9e9e-8851140c8ace@group-7EACEF6EF8F8->ead5c062-1af1-4abd-8580-d63c759609aa-AppendLogResponseHandler: Failed appendEntries: org.apache.ratis.thirdparty.io.grpc.StatusRuntimeException: CANCELLED: HTTP/2 error code: CANCEL
Received Rst Stream
2019-10-02 23:12:01,348 [grpc-default-executor-1] INFO  impl.FollowerInfo (FollowerInfo.java:lambda$new$0(51)) - 3b1055e0-aebc-43fb-9e9e-8851140c8ace@group-7EACEF6EF8F8->ead5c062-1af1-4abd-8580-d63c759609aa: nextIndex: updateUnconditionally 1 -> 0
2019-10-02 23:12:01,348 [grpc-default-executor-2] INFO  impl.FollowerInfo (FollowerInfo.java:lambda$new$0(51)) - 3b1055e0-aebc-43fb-9e9e-8851140c8ace@group-7EACEF6EF8F8->d7057dcb-fe83-4c36-ae34-1ede2d89e705: nextIndex: updateUnconditionally 1 -> 0
2019-10-02 23:12:01,351 [refreshUsed-/workdir/hadoop-ozone/ozonefs/target/test-dir/MiniOzoneClusterImpl-5b0a54b9-c324-4af2-b780-1a2df63a188d/datanode-0/data/containers] WARN  fs.CachingGetSpaceUsed (CachingGetSpaceUsed.java:run(183)) - Thread Interrupted waiting to refresh disk information: sleep interrupted
2019-10-02 23:12:01,377 [Thread-226] INFO  utils.BackgroundService (BackgroundService.java:shutdown(148)) - Shutting down service BlockDeletingService
2019-10-02 23:12:01,377 [ForkJoinPool.commonPool-worker-0] INFO  utils.BackgroundService (BackgroundService.java:shutdown(148)) - Shutting down service BlockDeletingService
2019-10-02 23:12:01,381 [Thread-226] INFO  statemachine.DatanodeStateMachine (DatanodeStateMachine.java:stopDaemon(395)) - Ozone container server stopped.
2019-10-02 23:12:01,381 [ForkJoinPool.commonPool-worker-0] INFO  statemachine.DatanodeStateMachine (DatanodeStateMachine.java:stopDaemon(395)) - Ozone container server stopped.
2019-10-02 23:12:01,384 [Thread-226] INFO  handler.ContextHandler (ContextHandler.java:doStop(910)) - Stopped o.e.j.w.WebAppContext@7aaed4e4{/,null,UNAVAILABLE}{/hddsDatanode}
2019-10-02 23:12:01,384 [ForkJoinPool.commonPool-worker-0] INFO  handler.ContextHandler (ContextHandler.java:doStop(910)) - Stopped o.e.j.w.WebAppContext@4ea1f27d{/,null,UNAVAILABLE}{/hddsDatanode}
2019-10-02 23:12:01,385 [ForkJoinPool.commonPool-worker-0] INFO  server.AbstractConnector (AbstractConnector.java:doStop(318)) - Stopped ServerConnector@eb99a55{HTTP/1.1,[http/1.1]}{0.0.0.0:0}
2019-10-02 23:12:01,385 [Thread-226] INFO  server.AbstractConnector (AbstractConnector.java:doStop(318)) - Stopped ServerConnector@6880b089{HTTP/1.1,[http/1.1]}{0.0.0.0:0}
2019-10-02 23:12:01,386 [ForkJoinPool.commonPool-worker-0] INFO  handler.ContextHandler (ContextHandler.java:doStop(910)) - Stopped o.e.j.s.ServletContextHandler@4b6e5cfa{/static,jar:file:/home/user/.m2/repository/org/apache/hadoop/hadoop-hdds-container-service/0.5.0-SNAPSHOT/hadoop-hdds-container-service-0.5.0-SNAPSHOT.jar!/webapps/static,UNAVAILABLE}
2019-10-02 23:12:01,386 [Thread-226] INFO  handler.ContextHandler (ContextHandler.java:doStop(910)) - Stopped o.e.j.s.ServletContextHandler@203ffb9c{/static,jar:file:/home/user/.m2/repository/org/apache/hadoop/hadoop-hdds-container-service/0.5.0-SNAPSHOT/hadoop-hdds-container-service-0.5.0-SNAPSHOT.jar!/webapps/static,UNAVAILABLE}
2019-10-02 23:12:01,387 [ForkJoinPool.commonPool-worker-0] INFO  handler.ContextHandler (ContextHandler.java:doStop(910)) - Stopped o.e.j.s.ServletContextHandler@83a5fad{/logs,file:///workdir/hadoop-ozone/ozonefs/target/log,UNAVAILABLE}
2019-10-02 23:12:01,387 [Thread-226] INFO  handler.ContextHandler (ContextHandler.java:doStop(910)) - Stopped o.e.j.s.ServletContextHandler@5ea54576{/logs,file:///workdir/hadoop-ozone/ozonefs/target/log,UNAVAILABLE}
2019-10-02 23:12:02,117 [Datanode State Machine Thread - 0] INFO  statemachine.DatanodeStateMachine (DatanodeStateMachine.java:lambda$startDaemon$0(350)) - Ozone container server started.
2019-10-02 23:12:03,138 [grpc-default-executor-3] WARN  server.GrpcLogAppender (LogUtils.java:warn(134)) - 3b1055e0-aebc-43fb-9e9e-8851140c8ace@group-7EACEF6EF8F8->d7057dcb-fe83-4c36-ae34-1ede2d89e705-AppendLogResponseHandler: Failed appendEntries: org.apache.ratis.thirdparty.io.grpc.StatusRuntimeException: UNAVAILABLE: io exception
2019-10-02 23:12:03,139 [grpc-default-executor-3] INFO  impl.FollowerInfo (FollowerInfo.java:lambda$new$0(51)) - 3b1055e0-aebc-43fb-9e9e-8851140c8ace@group-7EACEF6EF8F8->d7057dcb-fe83-4c36-ae34-1ede2d89e705: nextIndex: updateUnconditionally 0 -> 0
2019-10-02 23:12:03,170 [grpc-default-executor-2] WARN  server.GrpcLogAppender (LogUtils.java:warn(134)) - 3b1055e0-aebc-43fb-9e9e-8851140c8ace@group-7EACEF6EF8F8->ead5c062-1af1-4abd-8580-d63c759609aa-AppendLogResponseHandler: Failed appendEntries: org.apache.ratis.thirdparty.io.grpc.StatusRuntimeException: UNAVAILABLE: io exception
2019-10-02 23:12:03,171 [grpc-default-executor-2] INFO  impl.FollowerInfo (FollowerInfo.java:lambda$new$0(51)) - 3b1055e0-aebc-43fb-9e9e-8851140c8ace@group-7EACEF6EF8F8->ead5c062-1af1-4abd-8580-d63c759609aa: nextIndex: updateUnconditionally 0 -> 0
2019-10-02 23:12:05,641 [grpc-default-executor-2] WARN  server.GrpcLogAppender (LogUtils.java:warn(134)) - 3b1055e0-aebc-43fb-9e9e-8851140c8ace@group-7EACEF6EF8F8->d7057dcb-fe83-4c36-ae34-1ede2d89e705-AppendLogResponseHandler: Failed appendEntries: org.apache.ratis.thirdparty.io.grpc.StatusRuntimeException: UNAVAILABLE: io exception
2019-10-02 23:12:05,642 [grpc-default-executor-2] INFO  impl.FollowerInfo (FollowerInfo.java:lambda$new$0(51)) - 3b1055e0-aebc-43fb-9e9e-8851140c8ace@group-7EACEF6EF8F8->d7057dcb-fe83-4c36-ae34-1ede2d89e705: nextIndex: updateUnconditionally 0 -> 0
2019-10-02 23:12:05,671 [grpc-default-executor-0] WARN  server.GrpcLogAppender (LogUtils.java:warn(134)) - 3b1055e0-aebc-43fb-9e9e-8851140c8ace@group-7EACEF6EF8F8->ead5c062-1af1-4abd-8580-d63c759609aa-AppendLogResponseHandler: Failed appendEntries: org.apache.ratis.thirdparty.io.grpc.StatusRuntimeException: UNAVAILABLE: io exception
2019-10-02 23:12:05,672 [grpc-default-executor-0] INFO  impl.FollowerInfo (FollowerInfo.java:lambda$new$0(51)) - 3b1055e0-aebc-43fb-9e9e-8851140c8ace@group-7EACEF6EF8F8->ead5c062-1af1-4abd-8580-d63c759609aa: nextIndex: updateUnconditionally 0 -> 0
2019-10-02 23:12:06,389 [ForkJoinPool.commonPool-worker-0] INFO  ozoneimpl.OzoneContainer (OzoneContainer.java:stop(231)) - Attempting to stop container services.
2019-10-02 23:12:06,390 [ForkJoinPool.commonPool-worker-0] INFO  impl.RaftServerProxy (RaftServerProxy.java:lambda$close$4(314)) - 3b1055e0-aebc-43fb-9e9e-8851140c8ace: close
2019-10-02 23:12:06,390 [ForkJoinPool.commonPool-worker-0] INFO  impl.RaftServerImpl (RaftServerImpl.java:lambda$shutdown$3(247)) - 3b1055e0-aebc-43fb-9e9e-8851140c8ace@group-7EACEF6EF8F8: shutdown
2019-10-02 23:12:06,390 [ForkJoinPool.commonPool-worker-0] INFO  util.JmxRegister (JmxRegister.java:unregister(73)) - Successfully un-registered JMX Bean with object name Ratis:service=RaftServer,group=group-7EACEF6EF8F8,id=3b1055e0-aebc-43fb-9e9e-8851140c8ace
2019-10-02 23:12:06,390 [ForkJoinPool.commonPool-worker-0] INFO  impl.RoleInfo (RoleInfo.java:shutdownLeaderState(104)) - 3b1055e0-aebc-43fb-9e9e-8851140c8ace: shutdown LeaderState
2019-10-02 23:12:06,393 [ForkJoinPool.commonPool-worker-0] INFO  impl.PendingRequests (PendingRequests.java:sendNotLeaderResponses(202)) - 3b1055e0-aebc-43fb-9e9e-8851140c8ace@group-7EACEF6EF8F8-PendingRequests: sendNotLeaderResponses
2019-10-02 23:12:06,393 [org.apache.ratis.server.impl.LogAppender$AppenderDaemon$$Lambda$464/544210430@47d7356f] WARN  server.GrpcLogAppender (GrpcLogAppender.java:mayWait(143)) - 3b1055e0-aebc-43fb-9e9e-8851140c8ace@group-7EACEF6EF8F8->ead5c062-1af1-4abd-8580-d63c759609aa-GrpcLogAppender: Wait interrupted by java.lang.InterruptedException
2019-10-02 23:12:06,393 [ForkJoinPool.commonPool-worker-0] INFO  impl.StateMachineUpdater (StateMachineUpdater.java:stopAndJoin(136)) - 3b1055e0-aebc-43fb-9e9e-8851140c8ace@group-7EACEF6EF8F8-StateMachineUpdater: set stopIndex = 0
2019-10-02 23:12:06,393 [org.apache.ratis.server.impl.LogAppender$AppenderDaemon$$Lambda$464/544210430@4e75b803] WARN  server.GrpcLogAppender (GrpcLogAppender.java:mayWait(143)) - 3b1055e0-aebc-43fb-9e9e-8851140c8ace@group-7EACEF6EF8F8->d7057dcb-fe83-4c36-ae34-1ede2d89e705-GrpcLogAppender: Wait interrupted by java.lang.InterruptedException
2019-10-02 23:12:06,394 [ForkJoinPool.commonPool-worker-0] INFO  impl.RaftServerImpl (ServerState.java:close(387)) - 3b1055e0-aebc-43fb-9e9e-8851140c8ace@group-7EACEF6EF8F8: closes. applyIndex: 0
2019-10-02 23:12:06,396 [3b1055e0-aebc-43fb-9e9e-8851140c8ace@group-7EACEF6EF8F8-SegmentedRaftLogWorker] INFO  segmented.SegmentedRaftLogWorker (SegmentedRaftLogWorker.java:run(316)) - 3b1055e0-aebc-43fb-9e9e-8851140c8ace@group-7EACEF6EF8F8-SegmentedRaftLogWorker was interrupted, exiting. There are 0 tasks remaining in the queue.
2019-10-02 23:12:06,397 [ForkJoinPool.commonPool-worker-0] INFO  segmented.SegmentedRaftLogWorker (SegmentedRaftLogWorker.java:close(224)) - 3b1055e0-aebc-43fb-9e9e-8851140c8ace@group-7EACEF6EF8F8-SegmentedRaftLogWorker close()
2019-10-02 23:12:06,399 [ForkJoinPool.commonPool-worker-0] INFO  impl.RaftServerImpl (RaftServerImpl.java:lambda$shutdown$3(247)) - 3b1055e0-aebc-43fb-9e9e-8851140c8ace@group-AE90668B0045: shutdown
2019-10-02 23:12:06,400 [ForkJoinPool.commonPool-worker-0] INFO  util.JmxRegister (JmxRegister.java:unregister(73)) - Successfully un-registered JMX Bean with object name Ratis:service=RaftServer,group=group-AE90668B0045,id=3b1055e0-aebc-43fb-9e9e-8851140c8ace
2019-10-02 23:12:06,400 [ForkJoinPool.commonPool-worker-0] INFO  impl.RoleInfo (RoleInfo.java:shutdownLeaderState(104)) - 3b1055e0-aebc-43fb-9e9e-8851140c8ace: shutdown LeaderState
2019-10-02 23:12:06,400 [ForkJoinPool.commonPool-worker-0] INFO  impl.PendingRequests (PendingRequests.java:sendNotLeaderResponses(202)) - 3b1055e0-aebc-43fb-9e9e-8851140c8ace@group-AE90668B0045-PendingRequests: sendNotLeaderResponses
2019-10-02 23:12:06,401 [ForkJoinPool.commonPool-worker-0] INFO  impl.StateMachineUpdater (StateMachineUpdater.java:stopAndJoin(136)) - 3b1055e0-aebc-43fb-9e9e-8851140c8ace@group-AE90668B0045-StateMachineUpdater: set stopIndex = 0
2019-10-02 23:12:06,402 [ForkJoinPool.commonPool-worker-0] INFO  impl.RaftServerImpl (ServerState.java:close(387)) - 3b1055e0-aebc-43fb-9e9e-8851140c8ace@group-AE90668B0045: closes. applyIndex: 0
2019-10-02 23:12:06,402 [3b1055e0-aebc-43fb-9e9e-8851140c8ace@group-AE90668B0045-SegmentedRaftLogWorker] INFO  segmented.SegmentedRaftLogWorker (SegmentedRaftLogWorker.java:run(316)) - 3b1055e0-aebc-43fb-9e9e-8851140c8ace@group-AE90668B0045-SegmentedRaftLogWorker was interrupted, exiting. There are 0 tasks remaining in the queue.
2019-10-02 23:12:06,405 [ForkJoinPool.commonPool-worker-0] INFO  segmented.SegmentedRaftLogWorker (SegmentedRaftLogWorker.java:close(224)) - 3b1055e0-aebc-43fb-9e9e-8851140c8ace@group-AE90668B0045-SegmentedRaftLogWorker close()
2019-10-02 23:12:06,406 [ForkJoinPool.commonPool-worker-0] INFO  server.GrpcService (GrpcService.java:closeImpl(164)) - 3b1055e0-aebc-43fb-9e9e-8851140c8ace: shutdown server with port 45852 now
2019-10-02 23:12:06,407 [ForkJoinPool.commonPool-worker-0] INFO  server.GrpcService (GrpcService.java:closeImpl(172)) - 3b1055e0-aebc-43fb-9e9e-8851140c8ace: shutdown server with port 45852 successfully
2019-10-02 23:12:06,412 [refreshUsed-/workdir/hadoop-ozone/ozonefs/target/test-dir/MiniOzoneClusterImpl-5b0a54b9-c324-4af2-b780-1a2df63a188d/datanode-2/data/containers] WARN  fs.CachingGetSpaceUsed (CachingGetSpaceUsed.java:run(183)) - Thread Interrupted waiting to refresh disk information: sleep interrupted
2019-10-02 23:12:06,432 [ForkJoinPool.commonPool-worker-0] INFO  utils.BackgroundService (BackgroundService.java:shutdown(148)) - Shutting down service BlockDeletingService
2019-10-02 23:12:06,434 [ForkJoinPool.commonPool-worker-0] INFO  statemachine.DatanodeStateMachine (DatanodeStateMachine.java:stopDaemon(395)) - Ozone container server stopped.
2019-10-02 23:12:06,437 [ForkJoinPool.commonPool-worker-0] INFO  handler.ContextHandler (ContextHandler.java:doStop(910)) - Stopped o.e.j.w.WebAppContext@36442f45{/,null,UNAVAILABLE}{/hddsDatanode}
2019-10-02 23:12:06,438 [ForkJoinPool.commonPool-worker-0] INFO  server.AbstractConnector (AbstractConnector.java:doStop(318)) - Stopped ServerConnector@732b4d50{HTTP/1.1,[http/1.1]}{0.0.0.0:0}
2019-10-02 23:12:06,439 [ForkJoinPool.commonPool-worker-0] INFO  handler.ContextHandler (ContextHandler.java:doStop(910)) - Stopped o.e.j.s.ServletContextHandler@7a200ee8{/static,jar:file:/home/user/.m2/repository/org/apache/hadoop/hadoop-hdds-container-service/0.5.0-SNAPSHOT/hadoop-hdds-container-service-0.5.0-SNAPSHOT.jar!/webapps/static,UNAVAILABLE}
2019-10-02 23:12:06,439 [ForkJoinPool.commonPool-worker-0] INFO  handler.ContextHandler (ContextHandler.java:doStop(910)) - Stopped o.e.j.s.ServletContextHandler@3d665b6e{/logs,file:///workdir/hadoop-ozone/ozonefs/target/log,UNAVAILABLE}
2019-10-02 23:12:06,440 [Thread-226] INFO  ozone.MiniOzoneClusterImpl (MiniOzoneClusterImpl.java:stopSCM(392)) - Stopping the StorageContainerManager
2019-10-02 23:12:06,440 [Thread-226] INFO  server.StorageContainerManager (StorageContainerManager.java:stop(808)) - Stopping Replication Manager Service.
2019-10-02 23:12:06,441 [Thread-226] INFO  container.ReplicationManager (ReplicationManager.java:stop(203)) - Stopping Replication Monitor Thread.
2019-10-02 23:12:06,441 [Thread-226] INFO  server.StorageContainerManager (StorageContainerManager.java:stop(815)) - Stopping Lease Manager of the command watchers
2019-10-02 23:12:06,441 [Thread-226] INFO  server.StorageContainerManager (StorageContainerManager.java:stop(822)) - Stopping datanode service RPC server
2019-10-02 23:12:06,441 [Thread-226] INFO  server.SCMDatanodeProtocolServer (SCMDatanodeProtocolServer.java:stop(367)) - Stopping the RPC server for DataNodes
2019-10-02 23:12:06,441 [Thread-226] INFO  ipc.Server (Server.java:stop(3082)) - Stopping server on 36434
2019-10-02 23:12:06,442 [IPC Server listener on 36434] INFO  ipc.Server (Server.java:run(1185)) - Stopping IPC Server listener on 36434
2019-10-02 23:12:06,443 [IPC Server Responder] INFO  ipc.Server (Server.java:run(1319)) - Stopping IPC Server Responder
2019-10-02 23:12:06,467 [SCM Heartbeat Processing Thread - 0] WARN  node.NodeStateManager (NodeStateManager.java:scheduleNextHealthCheck(646)) - Current Thread is interrupted, shutting down HB processing thread for Node Manager.
2019-10-02 23:12:06,467 [Thread-226] INFO  server.StorageContainerManager (StorageContainerManager.java:stop(830)) - Stopping block service RPC server
2019-10-02 23:12:06,467 [Thread-226] INFO  server.SCMBlockProtocolServer (SCMBlockProtocolServer.java:stop(155)) - Stopping the RPC server for Block Protocol
2019-10-02 23:12:06,467 [Thread-226] INFO  ipc.Server (Server.java:stop(3082)) - Stopping server on 37579
2019-10-02 23:12:06,469 [IPC Server listener on 37579] INFO  ipc.Server (Server.java:run(1185)) - Stopping IPC Server listener on 37579
2019-10-02 23:12:06,470 [IPC Server Responder] INFO  ipc.Server (Server.java:run(1319)) - Stopping IPC Server Responder
2019-10-02 23:12:06,471 [Thread-226] INFO  server.StorageContainerManager (StorageContainerManager.java:stop(837)) - Stopping the StorageContainerLocationProtocol RPC server
2019-10-02 23:12:06,471 [Thread-226] INFO  server.SCMClientProtocolServer (SCMClientProtocolServer.java:stop(158)) - Stopping the RPC server for Client Protocol
2019-10-02 23:12:06,471 [Thread-226] INFO  ipc.Server (Server.java:stop(3082)) - Stopping server on 35331
2019-10-02 23:12:06,472 [IPC Server listener on 35331] INFO  ipc.Server (Server.java:run(1185)) - Stopping IPC Server listener on 35331
2019-10-02 23:12:06,472 [IPC Server Responder] INFO  ipc.Server (Server.java:run(1319)) - Stopping IPC Server Responder
2019-10-02 23:12:06,472 [Thread-226] INFO  server.StorageContainerManager (StorageContainerManager.java:stop(844)) - Stopping Storage Container Manager HTTP server.
2019-10-02 23:12:06,486 [Thread-226] INFO  handler.ContextHandler (ContextHandler.java:doStop(910)) - Stopped o.e.j.w.WebAppContext@628c38e5{/,null,UNAVAILABLE}{/scm}
2019-10-02 23:12:06,487 [Thread-226] INFO  server.AbstractConnector (AbstractConnector.java:doStop(318)) - Stopped ServerConnector@3ecfe45{HTTP/1.1,[http/1.1]}{0.0.0.0:0}
2019-10-02 23:12:06,487 [Thread-226] INFO  handler.ContextHandler (ContextHandler.java:doStop(910)) - Stopped o.e.j.s.ServletContextHandler@7f03d6fb{/static,jar:file:/home/user/.m2/repository/org/apache/hadoop/hadoop-hdds-server-scm/0.5.0-SNAPSHOT/hadoop-hdds-server-scm-0.5.0-SNAPSHOT.jar!/webapps/static,UNAVAILABLE}
2019-10-02 23:12:06,488 [Thread-226] INFO  handler.ContextHandler (ContextHandler.java:doStop(910)) - Stopped o.e.j.s.ServletContextHandler@e2f220f{/logs,file:///workdir/hadoop-ozone/ozonefs/target/log,UNAVAILABLE}
2019-10-02 23:12:06,488 [Thread-226] INFO  server.StorageContainerManager (StorageContainerManager.java:stop(855)) - Stopping Block Manager Service.
2019-10-02 23:12:06,489 [Thread-226] INFO  utils.BackgroundService (BackgroundService.java:shutdown(148)) - Shutting down service SCMBlockDeletingService
2019-10-02 23:12:06,489 [Thread-226] INFO  utils.BackgroundService (BackgroundService.java:shutdown(148)) - Shutting down service SCMBlockDeletingService
2019-10-02 23:12:06,489 [Thread-226] INFO  server.StorageContainerManager (StorageContainerManager.java:stop(877)) - Stopping SCM Event Queue.
2019-10-02 23:12:06,493 [Thread-226] INFO  impl.MetricsSystemImpl (MetricsSystemImpl.java:stop(210)) - Stopping HddsDatanode metrics system...
2019-10-02 23:12:06,504 [Thread-226] INFO  impl.MetricsSystemImpl (MetricsSystemImpl.java:stop(216)) - HddsDatanode metrics system stopped.
]]></system-out>
    <system-err><![CDATA[Oct 02, 2019 11:12:01 PM org.apache.ratis.thirdparty.io.grpc.internal.SerializingExecutor run
SEVERE: Exception while executing runnable org.apache.ratis.thirdparty.io.grpc.internal.ServerImpl$JumpToApplicationThreadServerStreamListener$1Closed@175fb0d8
org.apache.ratis.thirdparty.io.grpc.StatusRuntimeException: CANCELLED: call already cancelled
	at org.apache.ratis.thirdparty.io.grpc.Status.asRuntimeException(Status.java:517)
	at org.apache.ratis.thirdparty.io.grpc.stub.ServerCalls$ServerCallStreamObserverImpl.onCompleted(ServerCalls.java:356)
	at org.apache.ratis.grpc.server.GrpcServerProtocolService$ServerRequestStreamObserver.onError(GrpcServerProtocolService.java:121)
	at org.apache.ratis.thirdparty.io.grpc.stub.ServerCalls$StreamingServerCallHandler$StreamingServerCallListener.onCancel(ServerCalls.java:269)
	at org.apache.ratis.thirdparty.io.grpc.internal.ServerCallImpl$ServerStreamListenerImpl.closed(ServerCallImpl.java:293)
	at org.apache.ratis.thirdparty.io.grpc.internal.ServerImpl$JumpToApplicationThreadServerStreamListener$1Closed.runInContext(ServerImpl.java:741)
	at org.apache.ratis.thirdparty.io.grpc.internal.ContextRunnable.run(ContextRunnable.java:37)
	at org.apache.ratis.thirdparty.io.grpc.internal.SerializingExecutor.run(SerializingExecutor.java:123)
	at java.util.concurrent.ThreadPoolExecutor.runWorker(ThreadPoolExecutor.java:1149)
	at java.util.concurrent.ThreadPoolExecutor$Worker.run(ThreadPoolExecutor.java:624)
	at java.lang.Thread.run(Thread.java:748)

Oct 02, 2019 11:12:01 PM org.apache.ratis.thirdparty.io.grpc.internal.SerializingExecutor run
SEVERE: Exception while executing runnable org.apache.ratis.thirdparty.io.grpc.internal.ServerImpl$JumpToApplicationThreadServerStreamListener$1Closed@2bcde632
org.apache.ratis.thirdparty.io.grpc.StatusRuntimeException: CANCELLED: call already cancelled
	at org.apache.ratis.thirdparty.io.grpc.Status.asRuntimeException(Status.java:517)
	at org.apache.ratis.thirdparty.io.grpc.stub.ServerCalls$ServerCallStreamObserverImpl.onCompleted(ServerCalls.java:356)
	at org.apache.ratis.grpc.server.GrpcServerProtocolService$ServerRequestStreamObserver.onError(GrpcServerProtocolService.java:121)
	at org.apache.ratis.thirdparty.io.grpc.stub.ServerCalls$StreamingServerCallHandler$StreamingServerCallListener.onCancel(ServerCalls.java:269)
	at org.apache.ratis.thirdparty.io.grpc.internal.ServerCallImpl$ServerStreamListenerImpl.closed(ServerCallImpl.java:293)
	at org.apache.ratis.thirdparty.io.grpc.internal.ServerImpl$JumpToApplicationThreadServerStreamListener$1Closed.runInContext(ServerImpl.java:741)
	at org.apache.ratis.thirdparty.io.grpc.internal.ContextRunnable.run(ContextRunnable.java:37)
	at org.apache.ratis.thirdparty.io.grpc.internal.SerializingExecutor.run(SerializingExecutor.java:123)
	at java.util.concurrent.ThreadPoolExecutor.runWorker(ThreadPoolExecutor.java:1149)
	at java.util.concurrent.ThreadPoolExecutor$Worker.run(ThreadPoolExecutor.java:624)
	at java.lang.Thread.run(Thread.java:748)

]]></system-err>
  </testcase>
  <testcase name="testListStatusOnSubDirs" classname="org.apache.hadoop.fs.ozone.TestOzoneFileSystem" time="17.365">
    <error message="Volume not found volume27627" type="VOLUME_NOT_FOUND org.apache.hadoop.ozone.om.exceptions.OMException">VOLUME_NOT_FOUND org.apache.hadoop.ozone.om.exceptions.OMException: Volume not found volume27627
	at org.apache.hadoop.ozone.om.protocolPB.OzoneManagerProtocolClientSideTranslatorPB.handleError(OzoneManagerProtocolClientSideTranslatorPB.java:732)
	at org.apache.hadoop.ozone.om.protocolPB.OzoneManagerProtocolClientSideTranslatorPB.createDirectory(OzoneManagerProtocolClientSideTranslatorPB.java:1377)
	at sun.reflect.NativeMethodAccessorImpl.invoke0(Native Method)
	at sun.reflect.NativeMethodAccessorImpl.invoke(NativeMethodAccessorImpl.java:62)
	at sun.reflect.DelegatingMethodAccessorImpl.invoke(DelegatingMethodAccessorImpl.java:43)
	at java.lang.reflect.Method.invoke(Method.java:498)
	at org.apache.hadoop.hdds.tracing.TraceAllMethod.invoke(TraceAllMethod.java:66)
	at com.sun.proxy.$Proxy38.createDirectory(Unknown Source)
	at org.apache.hadoop.ozone.client.rpc.RpcClient.createDirectory(RpcClient.java:976)
	at org.apache.hadoop.ozone.client.OzoneBucket.createDirectory(OzoneBucket.java:503)
	at org.apache.hadoop.fs.ozone.BasicOzoneClientAdapterImpl.createDirectory(BasicOzoneClientAdapterImpl.java:236)
	at org.apache.hadoop.fs.ozone.BasicOzoneFileSystem.mkdir(BasicOzoneFileSystem.java:597)
	at org.apache.hadoop.fs.ozone.BasicOzoneFileSystem.mkdirs(BasicOzoneFileSystem.java:607)
	at org.apache.hadoop.fs.FileSystem.mkdirs(FileSystem.java:2275)
	at org.apache.hadoop.fs.ozone.TestOzoneFileSystem.testListStatusOnSubDirs(TestOzoneFileSystem.java:249)
	at sun.reflect.NativeMethodAccessorImpl.invoke0(Native Method)
	at sun.reflect.NativeMethodAccessorImpl.invoke(NativeMethodAccessorImpl.java:62)
	at sun.reflect.DelegatingMethodAccessorImpl.invoke(DelegatingMethodAccessorImpl.java:43)
	at java.lang.reflect.Method.invoke(Method.java:498)
	at org.junit.runners.model.FrameworkMethod$1.runReflectiveCall(FrameworkMethod.java:47)
	at org.junit.internal.runners.model.ReflectiveCallable.run(ReflectiveCallable.java:12)
	at org.junit.runners.model.FrameworkMethod.invokeExplosively(FrameworkMethod.java:44)
	at org.junit.internal.runners.statements.InvokeMethod.evaluate(InvokeMethod.java:17)
	at org.junit.internal.runners.statements.RunBefores.evaluate(RunBefores.java:26)
	at org.junit.internal.runners.statements.RunAfters.evaluate(RunAfters.java:27)
	at org.junit.internal.runners.statements.FailOnTimeout$StatementThread.run(FailOnTimeout.java:74)
</error>
    <system-out><![CDATA[2019-10-02 23:12:06,559 [Thread-441] WARN  server.ServerUtils (ServerUtils.java:getScmDbDir(145)) - ozone.scm.db.dirs is not configured. We recommend adding this setting. Falling back to ozone.metadata.dirs instead.
2019-10-02 23:12:06,625 [Thread-441] WARN  server.ServerUtils (ServerUtils.java:getScmDbDir(145)) - ozone.scm.db.dirs is not configured. We recommend adding this setting. Falling back to ozone.metadata.dirs instead.
2019-10-02 23:12:06,626 [Thread-441] WARN  server.ServerUtils (ServerUtils.java:getScmDbDir(145)) - ozone.scm.db.dirs is not configured. We recommend adding this setting. Falling back to ozone.metadata.dirs instead.
2019-10-02 23:12:06,627 [Thread-441] INFO  db.DBStoreBuilder (DBStoreBuilder.java:addTable(110)) - using custom profile for table: deletedBlocks
2019-10-02 23:12:06,627 [Thread-441] INFO  db.DBStoreBuilder (DBStoreBuilder.java:processTables(161)) - Using default column profile:DBProfile.DISK for Table:deletedBlocks
2019-10-02 23:12:06,627 [Thread-441] INFO  db.DBStoreBuilder (DBStoreBuilder.java:addTable(110)) - using custom profile for table: validCerts
2019-10-02 23:12:06,627 [Thread-441] INFO  db.DBStoreBuilder (DBStoreBuilder.java:processTables(161)) - Using default column profile:DBProfile.DISK for Table:validCerts
2019-10-02 23:12:06,628 [Thread-441] INFO  db.DBStoreBuilder (DBStoreBuilder.java:addTable(110)) - using custom profile for table: revokedCerts
2019-10-02 23:12:06,628 [Thread-441] INFO  db.DBStoreBuilder (DBStoreBuilder.java:processTables(161)) - Using default column profile:DBProfile.DISK for Table:revokedCerts
2019-10-02 23:12:06,628 [Thread-441] INFO  db.DBStoreBuilder (DBStoreBuilder.java:addTable(110)) - using custom profile for table: default
2019-10-02 23:12:06,628 [Thread-441] INFO  db.DBStoreBuilder (DBStoreBuilder.java:processTables(167)) - Using default column profile:DBProfile.DISK for Table:default
2019-10-02 23:12:06,628 [Thread-441] INFO  db.DBStoreBuilder (DBStoreBuilder.java:getDbProfile(198)) - Using default options. DBProfile.DISK
2019-10-02 23:12:06,935 [Thread-441] INFO  net.NodeSchemaLoader (NodeSchemaLoader.java:loadSchemaFromFile(125)) - Loading file from sun.misc.CompoundEnumeration@10561637
2019-10-02 23:12:06,935 [Thread-441] INFO  net.NodeSchemaLoader (NodeSchemaLoader.java:loadSchema(171)) - Loading network topology layer schema file
2019-10-02 23:12:06,938 [Thread-441] WARN  server.ServerUtils (ServerUtils.java:sanitizeUserArgs(70)) - ozone.scm.stale.node.interval value = 300000 is larger than max = 100000 based on the key value of ozone.scm.heartbeat.thread.interval, reset to the max value 100000.
2019-10-02 23:12:06,938 [Thread-441] WARN  server.ServerUtils (ServerUtils.java:sanitizeUserArgs(70)) - ozone.scm.stale.node.interval value = 300000 is larger than max = 100000 based on the key value of ozone.scm.heartbeat.thread.interval, reset to the max value 100000.
2019-10-02 23:12:06,939 [Thread-441] INFO  node.SCMNodeManager (SCMNodeManager.java:<init>(114)) - Entering startup safe mode.
2019-10-02 23:12:06,939 [Thread-441] INFO  algorithms.ContainerPlacementPolicyFactory (ContainerPlacementPolicyFactory.java:getPolicy(57)) - Create container placement policy of type org.apache.hadoop.hdds.scm.container.placement.algorithms.SCMContainerPlacementRandom
2019-10-02 23:12:06,939 [Thread-441] WARN  server.ServerUtils (ServerUtils.java:getScmDbDir(145)) - ozone.scm.db.dirs is not configured. We recommend adding this setting. Falling back to ozone.metadata.dirs instead.
2019-10-02 23:12:07,057 [Thread-441] INFO  pipeline.SCMPipelineManager (SCMPipelineManager.java:initializePipelineState(132)) - No pipeline exists in current db
2019-10-02 23:12:07,057 [Thread-441] WARN  server.ServerUtils (ServerUtils.java:getScmDbDir(145)) - ozone.scm.db.dirs is not configured. We recommend adding this setting. Falling back to ozone.metadata.dirs instead.
2019-10-02 23:12:07,164 [Thread-441] WARN  events.EventQueue (EventQueue.java:fireEvent(183)) - No event handler registered for event TypedEvent{payloadType=SafeModeStatus, name='SafeModeStatus'}
2019-10-02 23:12:07,165 [Thread-441] INFO  ipc.CallQueueManager (CallQueueManager.java:<init>(84)) - Using callQueue: class java.util.concurrent.LinkedBlockingQueue, queueCapacity: 2000, scheduler: class org.apache.hadoop.ipc.DefaultRpcScheduler, ipcBackoff: false.
2019-10-02 23:12:07,166 [Socket Reader #1 for port 41394] INFO  ipc.Server (Server.java:run(1074)) - Starting Socket Reader #1 for port 41394
2019-10-02 23:12:07,167 [Thread-441] INFO  ipc.CallQueueManager (CallQueueManager.java:<init>(84)) - Using callQueue: class java.util.concurrent.LinkedBlockingQueue, queueCapacity: 2000, scheduler: class org.apache.hadoop.ipc.DefaultRpcScheduler, ipcBackoff: false.
2019-10-02 23:12:07,167 [Socket Reader #1 for port 37287] INFO  ipc.Server (Server.java:run(1074)) - Starting Socket Reader #1 for port 37287
2019-10-02 23:12:07,168 [Thread-441] INFO  ipc.CallQueueManager (CallQueueManager.java:<init>(84)) - Using callQueue: class java.util.concurrent.LinkedBlockingQueue, queueCapacity: 2000, scheduler: class org.apache.hadoop.ipc.DefaultRpcScheduler, ipcBackoff: false.
2019-10-02 23:12:07,169 [Socket Reader #1 for port 40002] INFO  ipc.Server (Server.java:run(1074)) - Starting Socket Reader #1 for port 40002
2019-10-02 23:12:07,170 [Thread-441] INFO  hdfs.DFSUtil (DFSUtil.java:httpServerTemplateForNNAndJN(1641)) - Starting Web-server for scm at: http://0.0.0.0:0
2019-10-02 23:12:07,172 [Thread-441] INFO  server.AuthenticationFilter (AuthenticationFilter.java:constructSecretProvider(240)) - Unable to initialize FileSignerSecretProvider, falling back to use random secrets.
2019-10-02 23:12:07,173 [Thread-441] WARN  http.HttpRequestLog (HttpRequestLog.java:getRequestLog(97)) - Jetty request log can only be enabled using Log4j
2019-10-02 23:12:07,174 [Thread-441] INFO  http.HttpServer2 (HttpServer2.java:addGlobalFilter(975)) - Added global filter 'safety' (class=org.apache.hadoop.http.HttpServer2$QuotingInputFilter)
2019-10-02 23:12:07,175 [Thread-441] INFO  http.HttpServer2 (HttpServer2.java:addFilter(948)) - Added filter static_user_filter (class=org.apache.hadoop.http.lib.StaticUserWebFilter$StaticUserFilter) to context scm
2019-10-02 23:12:07,175 [Thread-441] INFO  http.HttpServer2 (HttpServer2.java:addFilter(958)) - Added filter static_user_filter (class=org.apache.hadoop.http.lib.StaticUserWebFilter$StaticUserFilter) to context logs
2019-10-02 23:12:07,175 [Thread-441] INFO  http.HttpServer2 (HttpServer2.java:addFilter(958)) - Added filter static_user_filter (class=org.apache.hadoop.http.lib.StaticUserWebFilter$StaticUserFilter) to context static
2019-10-02 23:12:07,177 [Thread-441] INFO  server.StorageContainerManager (StorageContainerManager.java:start(770)) - StorageContainerLocationProtocol RPC server is listening at /0.0.0.0:40002
2019-10-02 23:12:07,179 [Thread-441] WARN  impl.MetricsConfig (MetricsConfig.java:loadFirst(134)) - Cannot locate configuration: tried hadoop-metrics2-storagecontainermanager.properties,hadoop-metrics2.properties
2019-10-02 23:12:07,179 [Thread-441] INFO  impl.MetricsSystemImpl (MetricsSystemImpl.java:startTimer(374)) - Scheduled Metric snapshot period at 10 second(s).
2019-10-02 23:12:07,179 [Thread-441] INFO  impl.MetricsSystemImpl (MetricsSystemImpl.java:start(191)) - StorageContainerManager metrics system started
2019-10-02 23:12:07,216 [Thread-441] WARN  impl.MetricsSystemImpl (MetricsSystemImpl.java:register(276)) - Sink prometheus already exists!
2019-10-02 23:12:07,222 [Thread-441] INFO  server.SCMClientProtocolServer (SCMClientProtocolServer.java:start(150)) - RPC server for Client  is listening at /0.0.0.0:40002
2019-10-02 23:12:07,222 [IPC Server Responder] INFO  ipc.Server (Server.java:run(1314)) - IPC Server Responder: starting
2019-10-02 23:12:07,222 [IPC Server listener on 40002] INFO  ipc.Server (Server.java:run(1153)) - IPC Server listener on 40002: starting
2019-10-02 23:12:07,229 [Thread-441] INFO  server.StorageContainerManager (StorageContainerManager.java:start(780)) - ScmBlockLocationProtocol RPC server is listening at /0.0.0.0:37287
2019-10-02 23:12:07,229 [Thread-441] INFO  server.SCMBlockProtocolServer (SCMBlockProtocolServer.java:start(146)) - RPC server for Block Protocol is listening at /0.0.0.0:37287
2019-10-02 23:12:07,232 [IPC Server Responder] INFO  ipc.Server (Server.java:run(1314)) - IPC Server Responder: starting
2019-10-02 23:12:07,232 [IPC Server listener on 37287] INFO  ipc.Server (Server.java:run(1153)) - IPC Server listener on 37287: starting
2019-10-02 23:12:07,246 [Thread-441] INFO  server.StorageContainerManager (StorageContainerManager.java:start(784)) - ScmDatanodeProtocl RPC server is listening at /0.0.0.0:41394
2019-10-02 23:12:07,246 [Thread-441] INFO  server.SCMDatanodeProtocolServer (SCMDatanodeProtocolServer.java:start(191)) - RPC server for DataNodes is listening at /0.0.0.0:41394
2019-10-02 23:12:07,247 [IPC Server Responder] INFO  ipc.Server (Server.java:run(1314)) - IPC Server Responder: starting
2019-10-02 23:12:07,247 [IPC Server listener on 41394] INFO  ipc.Server (Server.java:run(1153)) - IPC Server listener on 41394: starting
2019-10-02 23:12:07,254 [Thread-441] INFO  http.HttpServer2 (HttpServer2.java:bindListener(1191)) - Jetty bound to port 43666
2019-10-02 23:12:07,254 [Thread-441] INFO  server.Server (Server.java:doStart(351)) - jetty-9.3.25.v20180904, build timestamp: 2018-09-04T21:11:46Z, git hash: 3ce520221d0240229c862b122d2b06c12a625732
2019-10-02 23:12:07,256 [Thread-441] INFO  handler.ContextHandler (ContextHandler.java:doStart(781)) - Started o.e.j.s.ServletContextHandler@57b2515c{/logs,file:///workdir/hadoop-ozone/ozonefs/target/log,AVAILABLE}
2019-10-02 23:12:07,256 [Thread-441] INFO  handler.ContextHandler (ContextHandler.java:doStart(781)) - Started o.e.j.s.ServletContextHandler@2b575bb{/static,jar:file:/home/user/.m2/repository/org/apache/hadoop/hadoop-hdds-server-scm/0.5.0-SNAPSHOT/hadoop-hdds-server-scm-0.5.0-SNAPSHOT.jar!/webapps/static,AVAILABLE}
2019-10-02 23:12:07,301 [Thread-441] INFO  handler.ContextHandler (ContextHandler.java:doStart(781)) - Started o.e.j.w.WebAppContext@30e57e7a{/,file:///tmp/jetty-0.0.0.0-43666-scm-_-any-3430870789531075663.dir/webapp/,AVAILABLE}{/scm}
2019-10-02 23:12:07,301 [Thread-441] INFO  server.AbstractConnector (AbstractConnector.java:doStart(278)) - Started ServerConnector@62523e52{HTTP/1.1,[http/1.1]}{0.0.0.0:43666}
2019-10-02 23:12:07,302 [Thread-441] INFO  server.Server (Server.java:doStart(419)) - Started @40405ms
2019-10-02 23:12:07,302 [Thread-441] WARN  impl.MetricsSystemImpl (MetricsSystemImpl.java:register(276)) - Sink prometheus already exists!
2019-10-02 23:12:07,303 [Thread-441] INFO  server.BaseHttpServer (BaseHttpServer.java:updateConnectorAddress(215)) - HTTP server of SCM is listening at http://0.0.0.0:43666
2019-10-02 23:12:07,303 [Thread-441] WARN  server.ServerUtils (ServerUtils.java:getDBPath(222)) - ozone.om.db.dirs is not configured. We recommend adding this setting. Falling back to ozone.metadata.dirs instead.
2019-10-02 23:12:07,304 [org.apache.hadoop.util.JvmPauseMonitor$Monitor@427c0b39] INFO  util.JvmPauseMonitor (JvmPauseMonitor.java:run(188)) - Starting JVM pause monitor
2019-10-02 23:12:07,325 [Thread-441] WARN  server.ServerUtils (ServerUtils.java:getDBPath(222)) - ozone.om.db.dirs is not configured. We recommend adding this setting. Falling back to ozone.metadata.dirs instead.
2019-10-02 23:12:07,325 [Thread-441] WARN  server.ServerUtils (ServerUtils.java:getDBPath(222)) - ozone.om.db.dirs is not configured. We recommend adding this setting. Falling back to ozone.metadata.dirs instead.
2019-10-02 23:12:07,326 [Thread-441] INFO  om.OzoneManager (OzoneManager.java:setOMNodeDetails(652)) - OM Service ID is not set. Setting it to the default ID: omServiceIdDefault
2019-10-02 23:12:07,326 [Thread-441] INFO  om.OzoneManager (OzoneManager.java:setOMNodeDetails(658)) - OM Node ID is not set. Setting it to the OmStorage's OmID: 56b986bd-baae-4a6f-be5d-a110ca9b36a4
2019-10-02 23:12:07,326 [Thread-441] INFO  om.OzoneManager (OzoneManager.java:loadOMHAConfigs(609)) - Found matching OM address with OMServiceId: null, OMNodeId: null, RPC Address: localhost:0 and Ratis port: 9872
2019-10-02 23:12:07,333 [Thread-441] WARN  server.ServerUtils (ServerUtils.java:getDBPath(222)) - ozone.om.db.dirs is not configured. We recommend adding this setting. Falling back to ozone.metadata.dirs instead.
2019-10-02 23:12:07,334 [Thread-441] INFO  db.DBStoreBuilder (DBStoreBuilder.java:addTable(110)) - using custom profile for table: userTable
2019-10-02 23:12:07,334 [Thread-441] INFO  db.DBStoreBuilder (DBStoreBuilder.java:processTables(161)) - Using default column profile:DBProfile.DISK for Table:userTable
2019-10-02 23:12:07,334 [Thread-441] INFO  db.DBStoreBuilder (DBStoreBuilder.java:addTable(110)) - using custom profile for table: volumeTable
2019-10-02 23:12:07,334 [Thread-441] INFO  db.DBStoreBuilder (DBStoreBuilder.java:processTables(161)) - Using default column profile:DBProfile.DISK for Table:volumeTable
2019-10-02 23:12:07,335 [Thread-441] INFO  db.DBStoreBuilder (DBStoreBuilder.java:addTable(110)) - using custom profile for table: bucketTable
2019-10-02 23:12:07,335 [Thread-441] INFO  db.DBStoreBuilder (DBStoreBuilder.java:processTables(161)) - Using default column profile:DBProfile.DISK for Table:bucketTable
2019-10-02 23:12:07,335 [Thread-441] INFO  db.DBStoreBuilder (DBStoreBuilder.java:addTable(110)) - using custom profile for table: keyTable
2019-10-02 23:12:07,335 [Thread-441] INFO  db.DBStoreBuilder (DBStoreBuilder.java:processTables(161)) - Using default column profile:DBProfile.DISK for Table:keyTable
2019-10-02 23:12:07,335 [Thread-441] INFO  db.DBStoreBuilder (DBStoreBuilder.java:addTable(110)) - using custom profile for table: deletedTable
2019-10-02 23:12:07,336 [Thread-441] INFO  db.DBStoreBuilder (DBStoreBuilder.java:processTables(161)) - Using default column profile:DBProfile.DISK for Table:deletedTable
2019-10-02 23:12:07,336 [Thread-441] INFO  db.DBStoreBuilder (DBStoreBuilder.java:addTable(110)) - using custom profile for table: openKeyTable
2019-10-02 23:12:07,336 [Thread-441] INFO  db.DBStoreBuilder (DBStoreBuilder.java:processTables(161)) - Using default column profile:DBProfile.DISK for Table:openKeyTable
2019-10-02 23:12:07,336 [Thread-441] INFO  db.DBStoreBuilder (DBStoreBuilder.java:addTable(110)) - using custom profile for table: s3Table
2019-10-02 23:12:07,336 [Thread-441] INFO  db.DBStoreBuilder (DBStoreBuilder.java:processTables(161)) - Using default column profile:DBProfile.DISK for Table:s3Table
2019-10-02 23:12:07,337 [Thread-441] INFO  db.DBStoreBuilder (DBStoreBuilder.java:addTable(110)) - using custom profile for table: multipartInfoTable
2019-10-02 23:12:07,337 [Thread-441] INFO  db.DBStoreBuilder (DBStoreBuilder.java:processTables(161)) - Using default column profile:DBProfile.DISK for Table:multipartInfoTable
2019-10-02 23:12:07,337 [Thread-441] INFO  db.DBStoreBuilder (DBStoreBuilder.java:addTable(110)) - using custom profile for table: dTokenTable
2019-10-02 23:12:07,337 [Thread-441] INFO  db.DBStoreBuilder (DBStoreBuilder.java:processTables(161)) - Using default column profile:DBProfile.DISK for Table:dTokenTable
2019-10-02 23:12:07,337 [Thread-441] INFO  db.DBStoreBuilder (DBStoreBuilder.java:addTable(110)) - using custom profile for table: s3SecretTable
2019-10-02 23:12:07,338 [Thread-441] INFO  db.DBStoreBuilder (DBStoreBuilder.java:processTables(161)) - Using default column profile:DBProfile.DISK for Table:s3SecretTable
2019-10-02 23:12:07,338 [Thread-441] INFO  db.DBStoreBuilder (DBStoreBuilder.java:addTable(110)) - using custom profile for table: prefixTable
2019-10-02 23:12:07,338 [Thread-441] INFO  db.DBStoreBuilder (DBStoreBuilder.java:processTables(161)) - Using default column profile:DBProfile.DISK for Table:prefixTable
2019-10-02 23:12:07,338 [Thread-441] INFO  db.DBStoreBuilder (DBStoreBuilder.java:addTable(110)) - using custom profile for table: default
2019-10-02 23:12:07,338 [Thread-441] INFO  db.DBStoreBuilder (DBStoreBuilder.java:processTables(167)) - Using default column profile:DBProfile.DISK for Table:default
2019-10-02 23:12:07,339 [Thread-441] INFO  db.DBStoreBuilder (DBStoreBuilder.java:getDbProfile(198)) - Using default options. DBProfile.DISK
2019-10-02 23:12:08,164 [Thread-441] INFO  ipc.CallQueueManager (CallQueueManager.java:<init>(84)) - Using callQueue: class java.util.concurrent.LinkedBlockingQueue, queueCapacity: 2000, scheduler: class org.apache.hadoop.ipc.DefaultRpcScheduler, ipcBackoff: false.
2019-10-02 23:12:08,165 [Socket Reader #1 for port 37902] INFO  ipc.Server (Server.java:run(1074)) - Starting Socket Reader #1 for port 37902
2019-10-02 23:12:08,195 [Thread-441] INFO  om.OzoneManager (OzoneManager.java:start(1243)) - OzoneManager RPC server is listening at localhost/127.0.0.1:37902
2019-10-02 23:12:08,195 [Thread-441] INFO  impl.MetricsSystemImpl (MetricsSystemImpl.java:init(158)) - OzoneManager metrics system started (again)
2019-10-02 23:12:08,196 [IPC Server Responder] INFO  ipc.Server (Server.java:run(1314)) - IPC Server Responder: starting
2019-10-02 23:12:08,196 [IPC Server listener on 37902] INFO  ipc.Server (Server.java:run(1153)) - IPC Server listener on 37902: starting
2019-10-02 23:12:08,204 [Thread-441] INFO  hdfs.DFSUtil (DFSUtil.java:httpServerTemplateForNNAndJN(1641)) - Starting Web-server for ozoneManager at: http://0.0.0.0:0
2019-10-02 23:12:08,207 [Thread-441] INFO  server.AuthenticationFilter (AuthenticationFilter.java:constructSecretProvider(240)) - Unable to initialize FileSignerSecretProvider, falling back to use random secrets.
2019-10-02 23:12:08,207 [Thread-441] WARN  http.HttpRequestLog (HttpRequestLog.java:getRequestLog(97)) - Jetty request log can only be enabled using Log4j
2019-10-02 23:12:08,209 [Thread-441] INFO  http.HttpServer2 (HttpServer2.java:addGlobalFilter(975)) - Added global filter 'safety' (class=org.apache.hadoop.http.HttpServer2$QuotingInputFilter)
2019-10-02 23:12:08,210 [Thread-441] INFO  http.HttpServer2 (HttpServer2.java:addFilter(948)) - Added filter static_user_filter (class=org.apache.hadoop.http.lib.StaticUserWebFilter$StaticUserFilter) to context ozoneManager
2019-10-02 23:12:08,210 [Thread-441] INFO  http.HttpServer2 (HttpServer2.java:addFilter(958)) - Added filter static_user_filter (class=org.apache.hadoop.http.lib.StaticUserWebFilter$StaticUserFilter) to context logs
2019-10-02 23:12:08,210 [Thread-441] INFO  http.HttpServer2 (HttpServer2.java:addFilter(958)) - Added filter static_user_filter (class=org.apache.hadoop.http.lib.StaticUserWebFilter$StaticUserFilter) to context static
2019-10-02 23:12:08,211 [Thread-441] INFO  http.HttpServer2 (HttpServer2.java:bindListener(1191)) - Jetty bound to port 36756
2019-10-02 23:12:08,211 [Thread-441] INFO  server.Server (Server.java:doStart(351)) - jetty-9.3.25.v20180904, build timestamp: 2018-09-04T21:11:46Z, git hash: 3ce520221d0240229c862b122d2b06c12a625732
2019-10-02 23:12:08,213 [Thread-441] INFO  handler.ContextHandler (ContextHandler.java:doStart(781)) - Started o.e.j.s.ServletContextHandler@11aa2c10{/logs,file:///workdir/hadoop-ozone/ozonefs/target/log,AVAILABLE}
2019-10-02 23:12:08,213 [Thread-441] INFO  handler.ContextHandler (ContextHandler.java:doStart(781)) - Started o.e.j.s.ServletContextHandler@49706f8b{/static,jar:file:/home/user/.m2/repository/org/apache/hadoop/hadoop-ozone-ozone-manager/0.5.0-SNAPSHOT/hadoop-ozone-ozone-manager-0.5.0-SNAPSHOT.jar!/webapps/static,AVAILABLE}
2019-10-02 23:12:08,262 [Thread-441] INFO  handler.ContextHandler (ContextHandler.java:doStart(781)) - Started o.e.j.w.WebAppContext@7faaa44c{/,file:///tmp/jetty-0.0.0.0-36756-ozoneManager-_-any-1682722649827314799.dir/webapp/,AVAILABLE}{/ozoneManager}
2019-10-02 23:12:08,263 [Thread-441] INFO  server.AbstractConnector (AbstractConnector.java:doStart(278)) - Started ServerConnector@51b4347a{HTTP/1.1,[http/1.1]}{0.0.0.0:36756}
2019-10-02 23:12:08,263 [Thread-441] INFO  server.Server (Server.java:doStart(419)) - Started @41366ms
2019-10-02 23:12:08,264 [Thread-441] WARN  impl.MetricsSystemImpl (MetricsSystemImpl.java:register(276)) - Sink prometheus already exists!
2019-10-02 23:12:08,264 [Thread-441] INFO  server.BaseHttpServer (BaseHttpServer.java:updateConnectorAddress(215)) - HTTP server of OZONEMANAGER is listening at http://0.0.0.0:36756
2019-10-02 23:12:08,274 [Thread-441] INFO  impl.MetricsSystemImpl (MetricsSystemImpl.java:init(158)) - HddsDatanode metrics system started (again)
2019-10-02 23:12:08,276 [Thread-441] INFO  ozone.HddsDatanodeService (HddsDatanodeService.java:start(184)) - HddsDatanodeService host:pr-hdds1737-lts7z-2510321508 ip:192.168.30.30
2019-10-02 23:12:08,282 [Thread-441] INFO  volume.HddsVolume (HddsVolume.java:<init>(176)) - Creating Volume: /workdir/hadoop-ozone/ozonefs/target/test-dir/MiniOzoneClusterImpl-cc76194e-6653-40f0-95eb-7faba7038e3e/datanode-0/data/containers/hdds of  storage type : DISK and capacity : 1482555576320
2019-10-02 23:12:08,283 [Thread-441] INFO  volume.VolumeSet (VolumeSet.java:initializeVolumeSet(170)) - Added Volume : /workdir/hadoop-ozone/ozonefs/target/test-dir/MiniOzoneClusterImpl-cc76194e-6653-40f0-95eb-7faba7038e3e/datanode-0/data/containers/hdds to VolumeSet
2019-10-02 23:12:08,283 [Thread-441] INFO  volume.ThrottledAsyncChecker (ThrottledAsyncChecker.java:schedule(139)) - Scheduling a check for org.apache.hadoop.ozone.container.common.volume.HddsVolume@2a5b48a
2019-10-02 23:12:08,284 [Thread-441] INFO  volume.HddsVolumeChecker (HddsVolumeChecker.java:checkAllVolumes(202)) - Scheduled health check for volume org.apache.hadoop.ozone.container.common.volume.HddsVolume@2a5b48a
2019-10-02 23:12:08,303 [Thread-441] INFO  impl.RaftServerProxy (ConfUtils.java:logGet(43)) - raft.rpc.type = GRPC (default)
2019-10-02 23:12:08,303 [Thread-441] INFO  grpc.GrpcFactory (GrpcFactory.java:checkPooledByteBufAllocatorUseCacheForAllThreads(45)) - PERFORMANCE WARNING: useCacheForAllThreads is true that may cause Netty to create a lot garbage objects and, as a result, trigger GC.
	It is recommended to disable useCacheForAllThreads by setting -Dorg.apache.ratis.thirdparty.io.netty.allocator.useCacheForAllThreads=false in command line.
2019-10-02 23:12:08,304 [Thread-441] INFO  grpc.GrpcConfigKeys$Server (ConfUtils.java:logGet(43)) - raft.grpc.server.port = 0 (default)
2019-10-02 23:12:08,304 [Thread-441] INFO  server.GrpcService (ConfUtils.java:logGet(43)) - raft.grpc.message.size.max = 33570816 (custom)
2019-10-02 23:12:08,304 [Thread-441] INFO  server.RaftServerConfigKeys (ConfUtils.java:logGet(43)) - raft.server.log.appender.buffer.byte-limit = 33554432 (custom)
2019-10-02 23:12:08,304 [Thread-441] INFO  server.GrpcService (ConfUtils.java:logGet(43)) - raft.grpc.flow.control.window = 1MB (=1048576) (default)
2019-10-02 23:12:08,304 [Thread-441] INFO  server.RaftServerConfigKeys (ConfUtils.java:logGet(43)) - raft.server.rpc.request.timeout = 3000ms (default)
2019-10-02 23:12:08,305 [Thread-441] INFO  server.RaftServerConfigKeys (ConfUtils.java:logGet(43)) - raft.server.storage.dir = [/workdir/hadoop-ozone/ozonefs/target/test-dir/MiniOzoneClusterImpl-cc76194e-6653-40f0-95eb-7faba7038e3e/datanode-0/data/ratis] (custom)
2019-10-02 23:12:08,306 [Thread-441] INFO  hdfs.DFSUtil (DFSUtil.java:httpServerTemplateForNNAndJN(1641)) - Starting Web-server for hddsDatanode at: http://0.0.0.0:0
2019-10-02 23:12:08,308 [Thread-441] INFO  server.AuthenticationFilter (AuthenticationFilter.java:constructSecretProvider(240)) - Unable to initialize FileSignerSecretProvider, falling back to use random secrets.
2019-10-02 23:12:08,308 [Thread-441] WARN  http.HttpRequestLog (HttpRequestLog.java:getRequestLog(97)) - Jetty request log can only be enabled using Log4j
2019-10-02 23:12:08,310 [Thread-441] INFO  http.HttpServer2 (HttpServer2.java:addGlobalFilter(975)) - Added global filter 'safety' (class=org.apache.hadoop.http.HttpServer2$QuotingInputFilter)
2019-10-02 23:12:08,310 [Thread-441] INFO  http.HttpServer2 (HttpServer2.java:addFilter(948)) - Added filter static_user_filter (class=org.apache.hadoop.http.lib.StaticUserWebFilter$StaticUserFilter) to context hddsDatanode
2019-10-02 23:12:08,311 [Thread-441] INFO  http.HttpServer2 (HttpServer2.java:addFilter(958)) - Added filter static_user_filter (class=org.apache.hadoop.http.lib.StaticUserWebFilter$StaticUserFilter) to context static
2019-10-02 23:12:08,311 [Thread-441] INFO  http.HttpServer2 (HttpServer2.java:addFilter(958)) - Added filter static_user_filter (class=org.apache.hadoop.http.lib.StaticUserWebFilter$StaticUserFilter) to context logs
2019-10-02 23:12:08,311 [Thread-441] INFO  http.HttpServer2 (HttpServer2.java:bindListener(1191)) - Jetty bound to port 34635
2019-10-02 23:12:08,311 [Thread-441] INFO  server.Server (Server.java:doStart(351)) - jetty-9.3.25.v20180904, build timestamp: 2018-09-04T21:11:46Z, git hash: 3ce520221d0240229c862b122d2b06c12a625732
2019-10-02 23:12:08,313 [Thread-441] INFO  handler.ContextHandler (ContextHandler.java:doStart(781)) - Started o.e.j.s.ServletContextHandler@76c2465d{/logs,file:///workdir/hadoop-ozone/ozonefs/target/log,AVAILABLE}
2019-10-02 23:12:08,314 [Thread-441] INFO  handler.ContextHandler (ContextHandler.java:doStart(781)) - Started o.e.j.s.ServletContextHandler@325aca7b{/static,jar:file:/home/user/.m2/repository/org/apache/hadoop/hadoop-hdds-container-service/0.5.0-SNAPSHOT/hadoop-hdds-container-service-0.5.0-SNAPSHOT.jar!/webapps/static,AVAILABLE}
2019-10-02 23:12:08,353 [Thread-441] INFO  handler.ContextHandler (ContextHandler.java:doStart(781)) - Started o.e.j.w.WebAppContext@7ff5df8a{/,file:///tmp/jetty-0.0.0.0-34635-hddsDatanode-_-any-1485916318520135483.dir/webapp/,AVAILABLE}{/hddsDatanode}
2019-10-02 23:12:08,354 [Thread-441] INFO  server.AbstractConnector (AbstractConnector.java:doStart(278)) - Started ServerConnector@445bed89{HTTP/1.1,[http/1.1]}{0.0.0.0:34635}
2019-10-02 23:12:08,355 [Thread-441] INFO  server.Server (Server.java:doStart(419)) - Started @41458ms
2019-10-02 23:12:08,355 [Thread-441] WARN  impl.MetricsSystemImpl (MetricsSystemImpl.java:register(276)) - Sink prometheus already exists!
2019-10-02 23:12:08,356 [Thread-441] INFO  server.BaseHttpServer (BaseHttpServer.java:updateConnectorAddress(215)) - HTTP server of HDDSDATANODE is listening at http://0.0.0.0:34635
2019-10-02 23:12:08,356 [Thread-441] INFO  impl.MetricsSystemImpl (MetricsSystemImpl.java:init(158)) - HddsDatanode metrics system started (again)
2019-10-02 23:12:08,360 [org.apache.hadoop.util.JvmPauseMonitor$Monitor@2f2df017] INFO  util.JvmPauseMonitor (JvmPauseMonitor.java:run(188)) - Starting JVM pause monitor
2019-10-02 23:12:08,360 [Thread-441] INFO  ozone.HddsDatanodeService (HddsDatanodeService.java:start(184)) - HddsDatanodeService host:pr-hdds1737-lts7z-2510321508 ip:192.168.30.30
2019-10-02 23:12:08,361 [Datanode State Machine Thread - 0] INFO  datanode.InitDatanodeState (InitDatanodeState.java:persistContainerDatanodeDetails(140)) - DatanodeDetails is persisted to /workdir/hadoop-ozone/ozonefs/target/test-dir/MiniOzoneClusterImpl-cc76194e-6653-40f0-95eb-7faba7038e3e/datanode-0/meta/datanode.id
2019-10-02 23:12:08,367 [Thread-441] INFO  volume.HddsVolume (HddsVolume.java:<init>(176)) - Creating Volume: /workdir/hadoop-ozone/ozonefs/target/test-dir/MiniOzoneClusterImpl-cc76194e-6653-40f0-95eb-7faba7038e3e/datanode-1/data/containers/hdds of  storage type : DISK and capacity : 1482555576320
2019-10-02 23:12:08,367 [Thread-441] INFO  volume.VolumeSet (VolumeSet.java:initializeVolumeSet(170)) - Added Volume : /workdir/hadoop-ozone/ozonefs/target/test-dir/MiniOzoneClusterImpl-cc76194e-6653-40f0-95eb-7faba7038e3e/datanode-1/data/containers/hdds to VolumeSet
2019-10-02 23:12:08,367 [Thread-441] INFO  volume.ThrottledAsyncChecker (ThrottledAsyncChecker.java:schedule(139)) - Scheduling a check for org.apache.hadoop.ozone.container.common.volume.HddsVolume@317b9909
2019-10-02 23:12:08,368 [Thread-441] INFO  volume.HddsVolumeChecker (HddsVolumeChecker.java:checkAllVolumes(202)) - Scheduled health check for volume org.apache.hadoop.ozone.container.common.volume.HddsVolume@317b9909
2019-10-02 23:12:08,394 [Thread-441] INFO  impl.RaftServerProxy (ConfUtils.java:logGet(43)) - raft.rpc.type = GRPC (default)
2019-10-02 23:12:08,394 [Thread-441] INFO  grpc.GrpcFactory (GrpcFactory.java:checkPooledByteBufAllocatorUseCacheForAllThreads(45)) - PERFORMANCE WARNING: useCacheForAllThreads is true that may cause Netty to create a lot garbage objects and, as a result, trigger GC.
	It is recommended to disable useCacheForAllThreads by setting -Dorg.apache.ratis.thirdparty.io.netty.allocator.useCacheForAllThreads=false in command line.
2019-10-02 23:12:08,395 [Thread-441] INFO  grpc.GrpcConfigKeys$Server (ConfUtils.java:logGet(43)) - raft.grpc.server.port = 0 (default)
2019-10-02 23:12:08,395 [Thread-441] INFO  server.GrpcService (ConfUtils.java:logGet(43)) - raft.grpc.message.size.max = 33570816 (custom)
2019-10-02 23:12:08,395 [Thread-441] INFO  server.RaftServerConfigKeys (ConfUtils.java:logGet(43)) - raft.server.log.appender.buffer.byte-limit = 33554432 (custom)
2019-10-02 23:12:08,395 [Thread-441] INFO  server.GrpcService (ConfUtils.java:logGet(43)) - raft.grpc.flow.control.window = 1MB (=1048576) (default)
2019-10-02 23:12:08,395 [Thread-441] INFO  server.RaftServerConfigKeys (ConfUtils.java:logGet(43)) - raft.server.rpc.request.timeout = 3000ms (default)
2019-10-02 23:12:08,396 [Thread-441] INFO  server.RaftServerConfigKeys (ConfUtils.java:logGet(43)) - raft.server.storage.dir = [/workdir/hadoop-ozone/ozonefs/target/test-dir/MiniOzoneClusterImpl-cc76194e-6653-40f0-95eb-7faba7038e3e/datanode-1/data/ratis] (custom)
2019-10-02 23:12:08,397 [Thread-441] INFO  hdfs.DFSUtil (DFSUtil.java:httpServerTemplateForNNAndJN(1641)) - Starting Web-server for hddsDatanode at: http://0.0.0.0:0
2019-10-02 23:12:08,399 [Thread-441] INFO  server.AuthenticationFilter (AuthenticationFilter.java:constructSecretProvider(240)) - Unable to initialize FileSignerSecretProvider, falling back to use random secrets.
2019-10-02 23:12:08,400 [Thread-441] WARN  http.HttpRequestLog (HttpRequestLog.java:getRequestLog(97)) - Jetty request log can only be enabled using Log4j
2019-10-02 23:12:08,402 [Thread-441] INFO  http.HttpServer2 (HttpServer2.java:addGlobalFilter(975)) - Added global filter 'safety' (class=org.apache.hadoop.http.HttpServer2$QuotingInputFilter)
2019-10-02 23:12:08,403 [Thread-441] INFO  http.HttpServer2 (HttpServer2.java:addFilter(948)) - Added filter static_user_filter (class=org.apache.hadoop.http.lib.StaticUserWebFilter$StaticUserFilter) to context hddsDatanode
2019-10-02 23:12:08,403 [Thread-441] INFO  http.HttpServer2 (HttpServer2.java:addFilter(958)) - Added filter static_user_filter (class=org.apache.hadoop.http.lib.StaticUserWebFilter$StaticUserFilter) to context static
2019-10-02 23:12:08,403 [Thread-441] INFO  http.HttpServer2 (HttpServer2.java:addFilter(958)) - Added filter static_user_filter (class=org.apache.hadoop.http.lib.StaticUserWebFilter$StaticUserFilter) to context logs
2019-10-02 23:12:08,404 [Thread-441] INFO  http.HttpServer2 (HttpServer2.java:bindListener(1191)) - Jetty bound to port 46259
2019-10-02 23:12:08,404 [Thread-441] INFO  server.Server (Server.java:doStart(351)) - jetty-9.3.25.v20180904, build timestamp: 2018-09-04T21:11:46Z, git hash: 3ce520221d0240229c862b122d2b06c12a625732
2019-10-02 23:12:08,406 [Thread-441] INFO  handler.ContextHandler (ContextHandler.java:doStart(781)) - Started o.e.j.s.ServletContextHandler@efaec3f{/logs,file:///workdir/hadoop-ozone/ozonefs/target/log,AVAILABLE}
2019-10-02 23:12:08,406 [Thread-441] INFO  handler.ContextHandler (ContextHandler.java:doStart(781)) - Started o.e.j.s.ServletContextHandler@427a1568{/static,jar:file:/home/user/.m2/repository/org/apache/hadoop/hadoop-hdds-container-service/0.5.0-SNAPSHOT/hadoop-hdds-container-service-0.5.0-SNAPSHOT.jar!/webapps/static,AVAILABLE}
2019-10-02 23:12:08,438 [Thread-441] INFO  handler.ContextHandler (ContextHandler.java:doStart(781)) - Started o.e.j.w.WebAppContext@491f329f{/,file:///tmp/jetty-0.0.0.0-46259-hddsDatanode-_-any-9065486701826069255.dir/webapp/,AVAILABLE}{/hddsDatanode}
2019-10-02 23:12:08,439 [Thread-441] INFO  server.AbstractConnector (AbstractConnector.java:doStart(278)) - Started ServerConnector@5d478b85{HTTP/1.1,[http/1.1]}{0.0.0.0:46259}
2019-10-02 23:12:08,439 [Thread-441] INFO  server.Server (Server.java:doStart(419)) - Started @41542ms
2019-10-02 23:12:08,440 [Thread-441] WARN  impl.MetricsSystemImpl (MetricsSystemImpl.java:register(276)) - Sink prometheus already exists!
2019-10-02 23:12:08,440 [Thread-441] INFO  server.BaseHttpServer (BaseHttpServer.java:updateConnectorAddress(215)) - HTTP server of HDDSDATANODE is listening at http://0.0.0.0:46259
2019-10-02 23:12:08,441 [Thread-441] INFO  impl.MetricsSystemImpl (MetricsSystemImpl.java:init(158)) - HddsDatanode metrics system started (again)
2019-10-02 23:12:08,445 [org.apache.hadoop.util.JvmPauseMonitor$Monitor@6ac5238] INFO  util.JvmPauseMonitor (JvmPauseMonitor.java:run(188)) - Starting JVM pause monitor
2019-10-02 23:12:08,445 [Thread-441] INFO  ozone.HddsDatanodeService (HddsDatanodeService.java:start(184)) - HddsDatanodeService host:pr-hdds1737-lts7z-2510321508 ip:192.168.30.30
2019-10-02 23:12:08,448 [Datanode State Machine Thread - 0] INFO  datanode.InitDatanodeState (InitDatanodeState.java:persistContainerDatanodeDetails(140)) - DatanodeDetails is persisted to /workdir/hadoop-ozone/ozonefs/target/test-dir/MiniOzoneClusterImpl-cc76194e-6653-40f0-95eb-7faba7038e3e/datanode-1/meta/datanode.id
2019-10-02 23:12:08,453 [Thread-441] INFO  volume.HddsVolume (HddsVolume.java:<init>(176)) - Creating Volume: /workdir/hadoop-ozone/ozonefs/target/test-dir/MiniOzoneClusterImpl-cc76194e-6653-40f0-95eb-7faba7038e3e/datanode-2/data/containers/hdds of  storage type : DISK and capacity : 1482555576320
2019-10-02 23:12:08,453 [Thread-441] INFO  volume.VolumeSet (VolumeSet.java:initializeVolumeSet(170)) - Added Volume : /workdir/hadoop-ozone/ozonefs/target/test-dir/MiniOzoneClusterImpl-cc76194e-6653-40f0-95eb-7faba7038e3e/datanode-2/data/containers/hdds to VolumeSet
2019-10-02 23:12:08,453 [Thread-441] INFO  volume.ThrottledAsyncChecker (ThrottledAsyncChecker.java:schedule(139)) - Scheduling a check for org.apache.hadoop.ozone.container.common.volume.HddsVolume@77b2ffe1
2019-10-02 23:12:08,454 [Thread-441] INFO  volume.HddsVolumeChecker (HddsVolumeChecker.java:checkAllVolumes(202)) - Scheduled health check for volume org.apache.hadoop.ozone.container.common.volume.HddsVolume@77b2ffe1
2019-10-02 23:12:08,473 [Thread-441] INFO  impl.RaftServerProxy (ConfUtils.java:logGet(43)) - raft.rpc.type = GRPC (default)
2019-10-02 23:12:08,474 [Thread-441] INFO  grpc.GrpcFactory (GrpcFactory.java:checkPooledByteBufAllocatorUseCacheForAllThreads(45)) - PERFORMANCE WARNING: useCacheForAllThreads is true that may cause Netty to create a lot garbage objects and, as a result, trigger GC.
	It is recommended to disable useCacheForAllThreads by setting -Dorg.apache.ratis.thirdparty.io.netty.allocator.useCacheForAllThreads=false in command line.
2019-10-02 23:12:08,474 [Thread-441] INFO  grpc.GrpcConfigKeys$Server (ConfUtils.java:logGet(43)) - raft.grpc.server.port = 0 (default)
2019-10-02 23:12:08,474 [Thread-441] INFO  server.GrpcService (ConfUtils.java:logGet(43)) - raft.grpc.message.size.max = 33570816 (custom)
2019-10-02 23:12:08,474 [Thread-441] INFO  server.RaftServerConfigKeys (ConfUtils.java:logGet(43)) - raft.server.log.appender.buffer.byte-limit = 33554432 (custom)
2019-10-02 23:12:08,474 [Thread-441] INFO  server.GrpcService (ConfUtils.java:logGet(43)) - raft.grpc.flow.control.window = 1MB (=1048576) (default)
2019-10-02 23:12:08,474 [Thread-441] INFO  server.RaftServerConfigKeys (ConfUtils.java:logGet(43)) - raft.server.rpc.request.timeout = 3000ms (default)
2019-10-02 23:12:08,475 [Thread-441] INFO  server.RaftServerConfigKeys (ConfUtils.java:logGet(43)) - raft.server.storage.dir = [/workdir/hadoop-ozone/ozonefs/target/test-dir/MiniOzoneClusterImpl-cc76194e-6653-40f0-95eb-7faba7038e3e/datanode-2/data/ratis] (custom)
2019-10-02 23:12:08,476 [Thread-441] INFO  hdfs.DFSUtil (DFSUtil.java:httpServerTemplateForNNAndJN(1641)) - Starting Web-server for hddsDatanode at: http://0.0.0.0:0
2019-10-02 23:12:08,477 [Thread-441] INFO  server.AuthenticationFilter (AuthenticationFilter.java:constructSecretProvider(240)) - Unable to initialize FileSignerSecretProvider, falling back to use random secrets.
2019-10-02 23:12:08,478 [Thread-441] WARN  http.HttpRequestLog (HttpRequestLog.java:getRequestLog(97)) - Jetty request log can only be enabled using Log4j
2019-10-02 23:12:08,479 [Thread-441] INFO  http.HttpServer2 (HttpServer2.java:addGlobalFilter(975)) - Added global filter 'safety' (class=org.apache.hadoop.http.HttpServer2$QuotingInputFilter)
2019-10-02 23:12:08,480 [Thread-441] INFO  http.HttpServer2 (HttpServer2.java:addFilter(948)) - Added filter static_user_filter (class=org.apache.hadoop.http.lib.StaticUserWebFilter$StaticUserFilter) to context hddsDatanode
2019-10-02 23:12:08,480 [Thread-441] INFO  http.HttpServer2 (HttpServer2.java:addFilter(958)) - Added filter static_user_filter (class=org.apache.hadoop.http.lib.StaticUserWebFilter$StaticUserFilter) to context logs
2019-10-02 23:12:08,480 [Thread-441] INFO  http.HttpServer2 (HttpServer2.java:addFilter(958)) - Added filter static_user_filter (class=org.apache.hadoop.http.lib.StaticUserWebFilter$StaticUserFilter) to context static
2019-10-02 23:12:08,481 [Thread-441] INFO  http.HttpServer2 (HttpServer2.java:bindListener(1191)) - Jetty bound to port 46768
2019-10-02 23:12:08,481 [Thread-441] INFO  server.Server (Server.java:doStart(351)) - jetty-9.3.25.v20180904, build timestamp: 2018-09-04T21:11:46Z, git hash: 3ce520221d0240229c862b122d2b06c12a625732
2019-10-02 23:12:08,482 [Thread-441] INFO  handler.ContextHandler (ContextHandler.java:doStart(781)) - Started o.e.j.s.ServletContextHandler@de68d0d{/logs,file:///workdir/hadoop-ozone/ozonefs/target/log,AVAILABLE}
2019-10-02 23:12:08,483 [Thread-441] INFO  handler.ContextHandler (ContextHandler.java:doStart(781)) - Started o.e.j.s.ServletContextHandler@51426b19{/static,jar:file:/home/user/.m2/repository/org/apache/hadoop/hadoop-hdds-container-service/0.5.0-SNAPSHOT/hadoop-hdds-container-service-0.5.0-SNAPSHOT.jar!/webapps/static,AVAILABLE}
2019-10-02 23:12:08,511 [Thread-441] INFO  handler.ContextHandler (ContextHandler.java:doStart(781)) - Started o.e.j.w.WebAppContext@5c886a70{/,file:///tmp/jetty-0.0.0.0-46768-hddsDatanode-_-any-3182561060185412708.dir/webapp/,AVAILABLE}{/hddsDatanode}
2019-10-02 23:12:08,512 [Thread-441] INFO  server.AbstractConnector (AbstractConnector.java:doStart(278)) - Started ServerConnector@23cd527c{HTTP/1.1,[http/1.1]}{0.0.0.0:46768}
2019-10-02 23:12:08,513 [Thread-441] INFO  server.Server (Server.java:doStart(419)) - Started @41616ms
2019-10-02 23:12:08,513 [Thread-441] WARN  impl.MetricsSystemImpl (MetricsSystemImpl.java:register(276)) - Sink prometheus already exists!
2019-10-02 23:12:08,514 [Thread-441] INFO  server.BaseHttpServer (BaseHttpServer.java:updateConnectorAddress(215)) - HTTP server of HDDSDATANODE is listening at http://0.0.0.0:46768
2019-10-02 23:12:08,514 [Thread-441] INFO  ozone.MiniOzoneClusterImpl (MiniOzoneClusterImpl.java:lambda$waitForClusterToBeReady$0(147)) - Waiting for cluster to be ready. Got 0 of 3 DN Heartbeats.
2019-10-02 23:12:08,515 [org.apache.hadoop.util.JvmPauseMonitor$Monitor@5990f79e] INFO  util.JvmPauseMonitor (JvmPauseMonitor.java:run(188)) - Starting JVM pause monitor
2019-10-02 23:12:08,517 [Datanode State Machine Thread - 0] INFO  datanode.InitDatanodeState (InitDatanodeState.java:persistContainerDatanodeDetails(140)) - DatanodeDetails is persisted to /workdir/hadoop-ozone/ozonefs/target/test-dir/MiniOzoneClusterImpl-cc76194e-6653-40f0-95eb-7faba7038e3e/datanode-2/meta/datanode.id
2019-10-02 23:12:09,514 [Thread-441] INFO  ozone.MiniOzoneClusterImpl (MiniOzoneClusterImpl.java:lambda$waitForClusterToBeReady$0(147)) - Waiting for cluster to be ready. Got 0 of 3 DN Heartbeats.
2019-10-02 23:12:10,402 [Datanode State Machine Thread - 0] INFO  ozoneimpl.OzoneContainer (OzoneContainer.java:start(217)) - Attempting to start container services.
2019-10-02 23:12:10,402 [Datanode State Machine Thread - 0] INFO  ozoneimpl.OzoneContainer (OzoneContainer.java:startContainerScrub(179)) - Background container scanner has been disabled.
2019-10-02 23:12:10,402 [Datanode State Machine Thread - 0] INFO  ratis.XceiverServerRatis (XceiverServerRatis.java:start(417)) - Starting XceiverServerRatis 4aad1d00-506f-4b43-b685-3499a287d830 at port 0
2019-10-02 23:12:10,410 [Datanode State Machine Thread - 0] INFO  impl.RaftServerProxy (RaftServerProxy.java:lambda$start$3(299)) - 4aad1d00-506f-4b43-b685-3499a287d830: start RPC server
2019-10-02 23:12:10,413 [Datanode State Machine Thread - 0] INFO  server.GrpcService (GrpcService.java:startImpl(158)) - 4aad1d00-506f-4b43-b685-3499a287d830: GrpcService started, listening on 0.0.0.0/0.0.0.0:35402
2019-10-02 23:12:10,413 [Datanode State Machine Thread - 0] INFO  ratis.XceiverServerRatis (XceiverServerRatis.java:start(427)) - XceiverServerRatis 4aad1d00-506f-4b43-b685-3499a287d830 is started using port 35402
2019-10-02 23:12:10,414 [Datanode State Machine Thread - 0] INFO  server.XceiverServerGrpc (XceiverServerGrpc.java:start(149)) - XceiverServerGrpc 4aad1d00-506f-4b43-b685-3499a287d830 is started using port 35570
2019-10-02 23:12:10,470 [Datanode State Machine Thread - 0] INFO  ozoneimpl.OzoneContainer (OzoneContainer.java:start(217)) - Attempting to start container services.
2019-10-02 23:12:10,470 [Datanode State Machine Thread - 0] INFO  ozoneimpl.OzoneContainer (OzoneContainer.java:startContainerScrub(179)) - Background container scanner has been disabled.
2019-10-02 23:12:10,471 [Datanode State Machine Thread - 0] INFO  ratis.XceiverServerRatis (XceiverServerRatis.java:start(417)) - Starting XceiverServerRatis e3153cde-2886-4f8d-9def-d8edfebb5088 at port 0
2019-10-02 23:12:10,476 [Datanode State Machine Thread - 0] INFO  impl.RaftServerProxy (RaftServerProxy.java:lambda$start$3(299)) - e3153cde-2886-4f8d-9def-d8edfebb5088: start RPC server
2019-10-02 23:12:10,477 [Datanode State Machine Thread - 0] INFO  server.GrpcService (GrpcService.java:startImpl(158)) - e3153cde-2886-4f8d-9def-d8edfebb5088: GrpcService started, listening on 0.0.0.0/0.0.0.0:40623
2019-10-02 23:12:10,477 [Datanode State Machine Thread - 0] INFO  ratis.XceiverServerRatis (XceiverServerRatis.java:start(427)) - XceiverServerRatis e3153cde-2886-4f8d-9def-d8edfebb5088 is started using port 40623
2019-10-02 23:12:10,477 [Datanode State Machine Thread - 0] INFO  server.XceiverServerGrpc (XceiverServerGrpc.java:start(149)) - XceiverServerGrpc e3153cde-2886-4f8d-9def-d8edfebb5088 is started using port 44875
2019-10-02 23:12:10,515 [Thread-441] INFO  ozone.MiniOzoneClusterImpl (MiniOzoneClusterImpl.java:lambda$waitForClusterToBeReady$0(147)) - Waiting for cluster to be ready. Got 0 of 3 DN Heartbeats.
2019-10-02 23:12:10,532 [Datanode State Machine Thread - 0] INFO  ozoneimpl.OzoneContainer (OzoneContainer.java:start(217)) - Attempting to start container services.
2019-10-02 23:12:10,532 [Datanode State Machine Thread - 0] INFO  ozoneimpl.OzoneContainer (OzoneContainer.java:startContainerScrub(179)) - Background container scanner has been disabled.
2019-10-02 23:12:10,533 [Datanode State Machine Thread - 0] INFO  ratis.XceiverServerRatis (XceiverServerRatis.java:start(417)) - Starting XceiverServerRatis fda107cf-9dd0-4c6b-80eb-a289445583fd at port 0
2019-10-02 23:12:10,538 [Datanode State Machine Thread - 0] INFO  impl.RaftServerProxy (RaftServerProxy.java:lambda$start$3(299)) - fda107cf-9dd0-4c6b-80eb-a289445583fd: start RPC server
2019-10-02 23:12:10,542 [Datanode State Machine Thread - 0] INFO  server.GrpcService (GrpcService.java:startImpl(158)) - fda107cf-9dd0-4c6b-80eb-a289445583fd: GrpcService started, listening on 0.0.0.0/0.0.0.0:44572
2019-10-02 23:12:10,542 [Datanode State Machine Thread - 0] INFO  ratis.XceiverServerRatis (XceiverServerRatis.java:start(427)) - XceiverServerRatis fda107cf-9dd0-4c6b-80eb-a289445583fd is started using port 44572
2019-10-02 23:12:10,543 [Datanode State Machine Thread - 0] INFO  server.XceiverServerGrpc (XceiverServerGrpc.java:start(149)) - XceiverServerGrpc fda107cf-9dd0-4c6b-80eb-a289445583fd is started using port 37841
2019-10-02 23:12:11,515 [Thread-441] INFO  ozone.MiniOzoneClusterImpl (MiniOzoneClusterImpl.java:lambda$waitForClusterToBeReady$0(147)) - Waiting for cluster to be ready. Got 0 of 3 DN Heartbeats.
2019-10-02 23:12:12,363 [IPC Server handler 0 on 41394] INFO  net.NetworkTopology (NetworkTopologyImpl.java:add(111)) - Added a new node: /default-rack/4aad1d00-506f-4b43-b685-3499a287d830
2019-10-02 23:12:12,364 [IPC Server handler 0 on 41394] INFO  node.SCMNodeManager (SCMNodeManager.java:register(266)) - Registered Data node : 4aad1d00-506f-4b43-b685-3499a287d830{ip: 192.168.30.30, host: pr-hdds1737-lts7z-2510321508, networkLocation: /default-rack, certSerialId: null}
2019-10-02 23:12:12,365 [EventQueue-NodeRegistrationContainerReportForDataNodeSafeModeRule] INFO  safemode.SCMSafeModeManager (DataNodeSafeModeRule.java:process(71)) - SCM in safe mode. 1 DataNodes registered, 1 required.
2019-10-02 23:12:12,366 [EventQueue-NodeRegistrationContainerReportForContainerSafeModeRule] INFO  safemode.SCMSafeModeManager (SCMSafeModeManager.java:validateSafeModeExitRules(177)) - ScmSafeModeManager, all rules are successfully validated
2019-10-02 23:12:12,366 [EventQueue-NodeRegistrationContainerReportForContainerSafeModeRule] INFO  safemode.SCMSafeModeManager (SCMSafeModeManager.java:exitSafeMode(193)) - SCM exiting safe mode.
2019-10-02 23:12:12,386 [grpc-default-executor-0] INFO  impl.RaftServerProxy (RaftServerProxy.java:addNew(89)) - 4aad1d00-506f-4b43-b685-3499a287d830: addNew group-03CFDD571251:[4aad1d00-506f-4b43-b685-3499a287d830:192.168.30.30:35402] returns group-03CFDD571251:java.util.concurrent.CompletableFuture@538edf1[Not completed]
2019-10-02 23:12:12,405 [pool-127-thread-1] INFO  impl.RaftServerImpl (RaftServerImpl.java:<init>(95)) - 4aad1d00-506f-4b43-b685-3499a287d830: new RaftServerImpl for group-03CFDD571251:[4aad1d00-506f-4b43-b685-3499a287d830:192.168.30.30:35402] with ContainerStateMachine:uninitialized
2019-10-02 23:12:12,406 [pool-127-thread-1] INFO  server.RaftServerConfigKeys (ConfUtils.java:logGet(43)) - raft.server.rpc.timeout.min = 5s (custom)
2019-10-02 23:12:12,406 [pool-127-thread-1] INFO  server.RaftServerConfigKeys (ConfUtils.java:logGet(43)) - raft.server.rpc.timeout.max = 5200ms (custom)
2019-10-02 23:12:12,406 [pool-127-thread-1] INFO  server.RaftServerConfigKeys (ConfUtils.java:logGet(43)) - raft.server.rpcslowness.timeout = 120s (custom)
2019-10-02 23:12:12,406 [pool-127-thread-1] INFO  server.RaftServerConfigKeys (ConfUtils.java:logGet(43)) - raft.server.sleep.deviation.threshold = 300 (default)
2019-10-02 23:12:12,406 [pool-127-thread-1] INFO  server.RaftServerConfigKeys (ConfUtils.java:logGet(43)) - raft.server.log.appender.install.snapshot.enabled = false (custom)
2019-10-02 23:12:12,406 [pool-127-thread-1] INFO  impl.RaftServerImpl (ServerState.java:<init>(103)) - 4aad1d00-506f-4b43-b685-3499a287d830@group-03CFDD571251: ConfigurationManager, init=-1: [4aad1d00-506f-4b43-b685-3499a287d830:192.168.30.30:35402], old=null, confs=<EMPTY_MAP>
2019-10-02 23:12:12,407 [pool-127-thread-1] INFO  server.RaftServerConfigKeys (ConfUtils.java:logGet(43)) - raft.server.storage.dir = [/workdir/hadoop-ozone/ozonefs/target/test-dir/MiniOzoneClusterImpl-cc76194e-6653-40f0-95eb-7faba7038e3e/datanode-0/data/ratis] (custom)
2019-10-02 23:12:12,407 [pool-127-thread-1] INFO  server.RaftServerConfigKeys (ConfUtils.java:logGet(43)) - raft.server.log.corruption.policy = EXCEPTION (default)
2019-10-02 23:12:12,407 [pool-127-thread-1] INFO  storage.RaftStorageDirectory (RaftStorageDirectory.java:analyzeStorage(246)) - The storage directory /workdir/hadoop-ozone/ozonefs/target/test-dir/MiniOzoneClusterImpl-cc76194e-6653-40f0-95eb-7faba7038e3e/datanode-0/data/ratis/eb1e58d1-2dad-42dd-aea2-03cfdd571251 does not exist. Creating ...
2019-10-02 23:12:12,446 [IPC Server handler 1 on 41394] INFO  net.NetworkTopology (NetworkTopologyImpl.java:add(111)) - Added a new node: /default-rack/e3153cde-2886-4f8d-9def-d8edfebb5088
2019-10-02 23:12:12,446 [IPC Server handler 1 on 41394] INFO  node.SCMNodeManager (SCMNodeManager.java:register(266)) - Registered Data node : e3153cde-2886-4f8d-9def-d8edfebb5088{ip: 192.168.30.30, host: pr-hdds1737-lts7z-2510321508, networkLocation: /default-rack, certSerialId: null}
2019-10-02 23:12:12,477 [pool-127-thread-1] INFO  storage.RaftStorageDirectory (RaftStorageDirectory.java:tryLock(328)) - Lock on /workdir/hadoop-ozone/ozonefs/target/test-dir/MiniOzoneClusterImpl-cc76194e-6653-40f0-95eb-7faba7038e3e/datanode-0/data/ratis/eb1e58d1-2dad-42dd-aea2-03cfdd571251/in_use.lock acquired by nodename 24005@pr-hdds1737-lts7z-2510321508
2019-10-02 23:12:12,516 [Thread-441] INFO  ozone.MiniOzoneClusterImpl (MiniOzoneClusterImpl.java:lambda$waitForClusterToBeReady$0(147)) - Waiting for cluster to be ready. Got 2 of 3 DN Heartbeats.
2019-10-02 23:12:12,516 [IPC Server handler 2 on 41394] INFO  net.NetworkTopology (NetworkTopologyImpl.java:add(111)) - Added a new node: /default-rack/fda107cf-9dd0-4c6b-80eb-a289445583fd
2019-10-02 23:12:12,516 [IPC Server handler 2 on 41394] INFO  node.SCMNodeManager (SCMNodeManager.java:register(266)) - Registered Data node : fda107cf-9dd0-4c6b-80eb-a289445583fd{ip: 192.168.30.30, host: pr-hdds1737-lts7z-2510321508, networkLocation: /default-rack, certSerialId: null}
2019-10-02 23:12:12,546 [pool-127-thread-1] INFO  storage.RaftStorage (RaftStorage.java:format(84)) - Storage directory /workdir/hadoop-ozone/ozonefs/target/test-dir/MiniOzoneClusterImpl-cc76194e-6653-40f0-95eb-7faba7038e3e/datanode-0/data/ratis/eb1e58d1-2dad-42dd-aea2-03cfdd571251 has been successfully formatted.
2019-10-02 23:12:12,547 [pool-127-thread-1] INFO  ratis.ContainerStateMachine (ContainerStateMachine.java:loadSnapshot(230)) - group-03CFDD571251: The snapshot info is null. Setting the last applied indexto:(t:0, i:~)
2019-10-02 23:12:12,547 [pool-127-thread-1] INFO  server.RaftServerConfigKeys (ConfUtils.java:logGet(43)) - raft.server.notification.no-leader.timeout = 120s (custom)
2019-10-02 23:12:12,547 [pool-127-thread-1] INFO  server.RaftServerConfigKeys (ConfUtils.java:logGet(43)) - raft.server.log.use.memory = false (default)
2019-10-02 23:12:12,548 [pool-127-thread-1] INFO  server.RaftServerConfigKeys (ConfUtils.java:logGet(43)) - raft.server.log.purge.gap = 1000000 (custom)
2019-10-02 23:12:12,548 [pool-127-thread-1] INFO  server.RaftServerConfigKeys (ConfUtils.java:logGet(43)) - raft.server.log.appender.buffer.byte-limit = 33554432 (custom)
2019-10-02 23:12:12,548 [pool-127-thread-1] INFO  server.RaftServerConfigKeys (ConfUtils.java:logGet(43)) - raft.server.log.segment.size.max = 1048576 (custom)
2019-10-02 23:12:12,551 [pool-127-thread-1] INFO  server.RaftServerConfigKeys (ConfUtils.java:logGet(43)) - raft.server.log.segment.cache.num.max = 2 (custom)
2019-10-02 23:12:12,551 [pool-127-thread-1] INFO  segmented.SegmentedRaftLogWorker (SegmentedRaftLogWorker.java:<init>(173)) - new 4aad1d00-506f-4b43-b685-3499a287d830@group-03CFDD571251-SegmentedRaftLogWorker for RaftStorage:Storage Directory /workdir/hadoop-ozone/ozonefs/target/test-dir/MiniOzoneClusterImpl-cc76194e-6653-40f0-95eb-7faba7038e3e/datanode-0/data/ratis/eb1e58d1-2dad-42dd-aea2-03cfdd571251
2019-10-02 23:12:12,551 [pool-127-thread-1] INFO  server.RaftServerConfigKeys (ConfUtils.java:logGet(43)) - raft.server.log.queue.byte-limit = 2147483647 (custom)
2019-10-02 23:12:12,551 [pool-127-thread-1] INFO  server.RaftServerConfigKeys (ConfUtils.java:logGet(43)) - raft.server.log.queue.element-limit = 1024 (custom)
2019-10-02 23:12:12,551 [pool-127-thread-1] INFO  server.RaftServerConfigKeys (ConfUtils.java:logGet(43)) - raft.server.log.segment.size.max = 1048576 (custom)
2019-10-02 23:12:12,552 [pool-127-thread-1] INFO  server.RaftServerConfigKeys (ConfUtils.java:logGet(43)) - raft.server.log.preallocated.size = 16384 (custom)
2019-10-02 23:12:12,552 [pool-127-thread-1] INFO  server.RaftServerConfigKeys (ConfUtils.java:logGet(43)) - raft.server.log.write.buffer.size = 33554432 (custom)
2019-10-02 23:12:12,552 [pool-127-thread-1] INFO  server.RaftServerConfigKeys (ConfUtils.java:logGet(43)) - raft.server.log.force.sync.num = 128 (default)
2019-10-02 23:12:12,552 [pool-127-thread-1] INFO  server.RaftServerConfigKeys (ConfUtils.java:logGet(43)) - raft.server.log.statemachine.data.sync = true (default)
2019-10-02 23:12:12,553 [pool-127-thread-1] INFO  server.RaftServerConfigKeys (ConfUtils.java:logGet(43)) - raft.server.log.statemachine.data.sync.timeout = 10s (default)
2019-10-02 23:12:12,553 [pool-127-thread-1] INFO  server.RaftServerConfigKeys (ConfUtils.java:logGet(43)) - raft.server.log.statemachine.data.sync.timeout.retry = -1 (default)
2019-10-02 23:12:12,553 [pool-127-thread-1] INFO  server.RaftServerConfigKeys (ConfUtils.java:logGet(43)) - raft.server.log.statemachine.data.caching.enabled = true (custom)
2019-10-02 23:12:12,554 [pool-127-thread-1] INFO  segmented.SegmentedRaftLogWorker (SegmentedRaftLogWorker.java:lambda$new$0(128)) - 4aad1d00-506f-4b43-b685-3499a287d830@group-03CFDD571251-SegmentedRaftLogWorker: flushIndex: setUnconditionally 0 -> -1
2019-10-02 23:12:12,554 [pool-127-thread-1] INFO  server.RaftServerConfigKeys (ConfUtils.java:logGet(43)) - raft.server.snapshot.auto.trigger.enabled = true (custom)
2019-10-02 23:12:12,554 [pool-127-thread-1] INFO  server.RaftServerConfigKeys (ConfUtils.java:logGet(43)) - raft.server.snapshot.auto.trigger.threshold = 10000 (custom)
2019-10-02 23:12:12,555 [pool-127-thread-1] INFO  server.RaftServerConfigKeys (ConfUtils.java:logGet(43)) - raft.server.snapshot.retention.file.num = 5 (custom)
2019-10-02 23:12:12,555 [pool-127-thread-1] INFO  server.RaftServerConfigKeys (ConfUtils.java:logGet(43)) - raft.server.retrycache.expirytime = 600000ms (custom)
2019-10-02 23:12:12,557 [pool-127-thread-1] INFO  impl.RaftServerImpl (RaftServerImpl.java:start(181)) - 4aad1d00-506f-4b43-b685-3499a287d830@group-03CFDD571251: start as a follower, conf=-1: [4aad1d00-506f-4b43-b685-3499a287d830:192.168.30.30:35402], old=null
2019-10-02 23:12:12,557 [pool-127-thread-1] INFO  impl.RaftServerImpl (RaftServerImpl.java:setRole(170)) - 4aad1d00-506f-4b43-b685-3499a287d830@group-03CFDD571251: changes role from      null to FOLLOWER at term 0 for startAsFollower
2019-10-02 23:12:12,557 [pool-127-thread-1] INFO  impl.RoleInfo (RoleInfo.java:updateAndGet(143)) - 4aad1d00-506f-4b43-b685-3499a287d830: start FollowerState
2019-10-02 23:12:12,557 [pool-127-thread-1] INFO  util.JmxRegister (JmxRegister.java:tryRegister(44)) - Successfully registered JMX Bean with object name Ratis:service=RaftServer,group=group-03CFDD571251,id=4aad1d00-506f-4b43-b685-3499a287d830
2019-10-02 23:12:12,573 [RatisPipelineUtilsThread] INFO  pipeline.PipelineStateManager (PipelineStateManager.java:addPipeline(56)) - Created pipeline Pipeline[ Id: eb1e58d1-2dad-42dd-aea2-03cfdd571251, Nodes: 4aad1d00-506f-4b43-b685-3499a287d830{ip: 192.168.30.30, host: pr-hdds1737-lts7z-2510321508, networkLocation: /default-rack, certSerialId: null}, Type:RATIS, Factor:ONE, State:OPEN]
2019-10-02 23:12:12,591 [grpc-default-executor-0] INFO  impl.RaftServerProxy (RaftServerProxy.java:addNew(89)) - e3153cde-2886-4f8d-9def-d8edfebb5088: addNew group-D8541DDB642B:[e3153cde-2886-4f8d-9def-d8edfebb5088:192.168.30.30:40623] returns group-D8541DDB642B:java.util.concurrent.CompletableFuture@278224da[Not completed]
2019-10-02 23:12:12,593 [pool-137-thread-1] INFO  impl.RaftServerImpl (RaftServerImpl.java:<init>(95)) - e3153cde-2886-4f8d-9def-d8edfebb5088: new RaftServerImpl for group-D8541DDB642B:[e3153cde-2886-4f8d-9def-d8edfebb5088:192.168.30.30:40623] with ContainerStateMachine:uninitialized
2019-10-02 23:12:12,593 [pool-137-thread-1] INFO  server.RaftServerConfigKeys (ConfUtils.java:logGet(43)) - raft.server.rpc.timeout.min = 5s (custom)
2019-10-02 23:12:12,593 [pool-137-thread-1] INFO  server.RaftServerConfigKeys (ConfUtils.java:logGet(43)) - raft.server.rpc.timeout.max = 5200ms (custom)
2019-10-02 23:12:12,593 [pool-137-thread-1] INFO  server.RaftServerConfigKeys (ConfUtils.java:logGet(43)) - raft.server.rpcslowness.timeout = 120s (custom)
2019-10-02 23:12:12,593 [pool-137-thread-1] INFO  server.RaftServerConfigKeys (ConfUtils.java:logGet(43)) - raft.server.sleep.deviation.threshold = 300 (default)
2019-10-02 23:12:12,594 [pool-137-thread-1] INFO  server.RaftServerConfigKeys (ConfUtils.java:logGet(43)) - raft.server.log.appender.install.snapshot.enabled = false (custom)
2019-10-02 23:12:12,594 [pool-137-thread-1] INFO  impl.RaftServerImpl (ServerState.java:<init>(103)) - e3153cde-2886-4f8d-9def-d8edfebb5088@group-D8541DDB642B: ConfigurationManager, init=-1: [e3153cde-2886-4f8d-9def-d8edfebb5088:192.168.30.30:40623], old=null, confs=<EMPTY_MAP>
2019-10-02 23:12:12,594 [pool-137-thread-1] INFO  server.RaftServerConfigKeys (ConfUtils.java:logGet(43)) - raft.server.storage.dir = [/workdir/hadoop-ozone/ozonefs/target/test-dir/MiniOzoneClusterImpl-cc76194e-6653-40f0-95eb-7faba7038e3e/datanode-1/data/ratis] (custom)
2019-10-02 23:12:12,594 [pool-137-thread-1] INFO  server.RaftServerConfigKeys (ConfUtils.java:logGet(43)) - raft.server.log.corruption.policy = EXCEPTION (default)
2019-10-02 23:12:12,594 [pool-137-thread-1] INFO  storage.RaftStorageDirectory (RaftStorageDirectory.java:analyzeStorage(246)) - The storage directory /workdir/hadoop-ozone/ozonefs/target/test-dir/MiniOzoneClusterImpl-cc76194e-6653-40f0-95eb-7faba7038e3e/datanode-1/data/ratis/c3e5f579-56c0-4bb5-a749-d8541ddb642b does not exist. Creating ...
2019-10-02 23:12:12,615 [pool-137-thread-1] INFO  storage.RaftStorageDirectory (RaftStorageDirectory.java:tryLock(328)) - Lock on /workdir/hadoop-ozone/ozonefs/target/test-dir/MiniOzoneClusterImpl-cc76194e-6653-40f0-95eb-7faba7038e3e/datanode-1/data/ratis/c3e5f579-56c0-4bb5-a749-d8541ddb642b/in_use.lock acquired by nodename 24005@pr-hdds1737-lts7z-2510321508
2019-10-02 23:12:12,640 [pool-137-thread-1] INFO  storage.RaftStorage (RaftStorage.java:format(84)) - Storage directory /workdir/hadoop-ozone/ozonefs/target/test-dir/MiniOzoneClusterImpl-cc76194e-6653-40f0-95eb-7faba7038e3e/datanode-1/data/ratis/c3e5f579-56c0-4bb5-a749-d8541ddb642b has been successfully formatted.
2019-10-02 23:12:12,640 [pool-137-thread-1] INFO  ratis.ContainerStateMachine (ContainerStateMachine.java:loadSnapshot(230)) - group-D8541DDB642B: The snapshot info is null. Setting the last applied indexto:(t:0, i:~)
2019-10-02 23:12:12,640 [pool-137-thread-1] INFO  server.RaftServerConfigKeys (ConfUtils.java:logGet(43)) - raft.server.notification.no-leader.timeout = 120s (custom)
2019-10-02 23:12:12,641 [pool-137-thread-1] INFO  server.RaftServerConfigKeys (ConfUtils.java:logGet(43)) - raft.server.log.use.memory = false (default)
2019-10-02 23:12:12,641 [pool-137-thread-1] INFO  server.RaftServerConfigKeys (ConfUtils.java:logGet(43)) - raft.server.log.purge.gap = 1000000 (custom)
2019-10-02 23:12:12,641 [pool-137-thread-1] INFO  server.RaftServerConfigKeys (ConfUtils.java:logGet(43)) - raft.server.log.appender.buffer.byte-limit = 33554432 (custom)
2019-10-02 23:12:12,641 [pool-137-thread-1] INFO  server.RaftServerConfigKeys (ConfUtils.java:logGet(43)) - raft.server.log.segment.size.max = 1048576 (custom)
2019-10-02 23:12:12,643 [pool-137-thread-1] INFO  server.RaftServerConfigKeys (ConfUtils.java:logGet(43)) - raft.server.log.segment.cache.num.max = 2 (custom)
2019-10-02 23:12:12,644 [pool-137-thread-1] INFO  segmented.SegmentedRaftLogWorker (SegmentedRaftLogWorker.java:<init>(173)) - new e3153cde-2886-4f8d-9def-d8edfebb5088@group-D8541DDB642B-SegmentedRaftLogWorker for RaftStorage:Storage Directory /workdir/hadoop-ozone/ozonefs/target/test-dir/MiniOzoneClusterImpl-cc76194e-6653-40f0-95eb-7faba7038e3e/datanode-1/data/ratis/c3e5f579-56c0-4bb5-a749-d8541ddb642b
2019-10-02 23:12:12,644 [pool-137-thread-1] INFO  server.RaftServerConfigKeys (ConfUtils.java:logGet(43)) - raft.server.log.queue.byte-limit = 2147483647 (custom)
2019-10-02 23:12:12,644 [pool-137-thread-1] INFO  server.RaftServerConfigKeys (ConfUtils.java:logGet(43)) - raft.server.log.queue.element-limit = 1024 (custom)
2019-10-02 23:12:12,644 [pool-137-thread-1] INFO  server.RaftServerConfigKeys (ConfUtils.java:logGet(43)) - raft.server.log.segment.size.max = 1048576 (custom)
2019-10-02 23:12:12,644 [pool-137-thread-1] INFO  server.RaftServerConfigKeys (ConfUtils.java:logGet(43)) - raft.server.log.preallocated.size = 16384 (custom)
2019-10-02 23:12:12,644 [pool-137-thread-1] INFO  server.RaftServerConfigKeys (ConfUtils.java:logGet(43)) - raft.server.log.write.buffer.size = 33554432 (custom)
2019-10-02 23:12:12,644 [pool-137-thread-1] INFO  server.RaftServerConfigKeys (ConfUtils.java:logGet(43)) - raft.server.log.force.sync.num = 128 (default)
2019-10-02 23:12:12,644 [pool-137-thread-1] INFO  server.RaftServerConfigKeys (ConfUtils.java:logGet(43)) - raft.server.log.statemachine.data.sync = true (default)
2019-10-02 23:12:12,645 [pool-137-thread-1] INFO  server.RaftServerConfigKeys (ConfUtils.java:logGet(43)) - raft.server.log.statemachine.data.sync.timeout = 10s (default)
2019-10-02 23:12:12,645 [pool-137-thread-1] INFO  server.RaftServerConfigKeys (ConfUtils.java:logGet(43)) - raft.server.log.statemachine.data.sync.timeout.retry = -1 (default)
2019-10-02 23:12:12,645 [pool-137-thread-1] INFO  server.RaftServerConfigKeys (ConfUtils.java:logGet(43)) - raft.server.log.statemachine.data.caching.enabled = true (custom)
2019-10-02 23:12:12,646 [pool-137-thread-1] INFO  segmented.SegmentedRaftLogWorker (SegmentedRaftLogWorker.java:lambda$new$0(128)) - e3153cde-2886-4f8d-9def-d8edfebb5088@group-D8541DDB642B-SegmentedRaftLogWorker: flushIndex: setUnconditionally 0 -> -1
2019-10-02 23:12:12,646 [pool-137-thread-1] INFO  server.RaftServerConfigKeys (ConfUtils.java:logGet(43)) - raft.server.snapshot.auto.trigger.enabled = true (custom)
2019-10-02 23:12:12,646 [pool-137-thread-1] INFO  server.RaftServerConfigKeys (ConfUtils.java:logGet(43)) - raft.server.snapshot.auto.trigger.threshold = 10000 (custom)
2019-10-02 23:12:12,646 [pool-137-thread-1] INFO  server.RaftServerConfigKeys (ConfUtils.java:logGet(43)) - raft.server.snapshot.retention.file.num = 5 (custom)
2019-10-02 23:12:12,647 [pool-137-thread-1] INFO  server.RaftServerConfigKeys (ConfUtils.java:logGet(43)) - raft.server.retrycache.expirytime = 600000ms (custom)
2019-10-02 23:12:12,649 [pool-137-thread-1] INFO  impl.RaftServerImpl (RaftServerImpl.java:start(181)) - e3153cde-2886-4f8d-9def-d8edfebb5088@group-D8541DDB642B: start as a follower, conf=-1: [e3153cde-2886-4f8d-9def-d8edfebb5088:192.168.30.30:40623], old=null
2019-10-02 23:12:12,649 [pool-137-thread-1] INFO  impl.RaftServerImpl (RaftServerImpl.java:setRole(170)) - e3153cde-2886-4f8d-9def-d8edfebb5088@group-D8541DDB642B: changes role from      null to FOLLOWER at term 0 for startAsFollower
2019-10-02 23:12:12,649 [pool-137-thread-1] INFO  impl.RoleInfo (RoleInfo.java:updateAndGet(143)) - e3153cde-2886-4f8d-9def-d8edfebb5088: start FollowerState
2019-10-02 23:12:12,649 [pool-137-thread-1] INFO  util.JmxRegister (JmxRegister.java:tryRegister(44)) - Successfully registered JMX Bean with object name Ratis:service=RaftServer,group=group-D8541DDB642B,id=e3153cde-2886-4f8d-9def-d8edfebb5088
2019-10-02 23:12:12,658 [RatisPipelineUtilsThread] INFO  pipeline.PipelineStateManager (PipelineStateManager.java:addPipeline(56)) - Created pipeline Pipeline[ Id: c3e5f579-56c0-4bb5-a749-d8541ddb642b, Nodes: e3153cde-2886-4f8d-9def-d8edfebb5088{ip: 192.168.30.30, host: pr-hdds1737-lts7z-2510321508, networkLocation: /default-rack, certSerialId: null}, Type:RATIS, Factor:ONE, State:OPEN]
2019-10-02 23:12:12,671 [grpc-default-executor-0] INFO  impl.RaftServerProxy (RaftServerProxy.java:addNew(89)) - fda107cf-9dd0-4c6b-80eb-a289445583fd: addNew group-E856C060D8AC:[fda107cf-9dd0-4c6b-80eb-a289445583fd:192.168.30.30:44572] returns group-E856C060D8AC:java.util.concurrent.CompletableFuture@a14bdb8[Not completed]
2019-10-02 23:12:12,673 [pool-147-thread-1] INFO  impl.RaftServerImpl (RaftServerImpl.java:<init>(95)) - fda107cf-9dd0-4c6b-80eb-a289445583fd: new RaftServerImpl for group-E856C060D8AC:[fda107cf-9dd0-4c6b-80eb-a289445583fd:192.168.30.30:44572] with ContainerStateMachine:uninitialized
2019-10-02 23:12:12,673 [pool-147-thread-1] INFO  server.RaftServerConfigKeys (ConfUtils.java:logGet(43)) - raft.server.rpc.timeout.min = 5s (custom)
2019-10-02 23:12:12,673 [pool-147-thread-1] INFO  server.RaftServerConfigKeys (ConfUtils.java:logGet(43)) - raft.server.rpc.timeout.max = 5200ms (custom)
2019-10-02 23:12:12,673 [pool-147-thread-1] INFO  server.RaftServerConfigKeys (ConfUtils.java:logGet(43)) - raft.server.rpcslowness.timeout = 120s (custom)
2019-10-02 23:12:12,673 [pool-147-thread-1] INFO  server.RaftServerConfigKeys (ConfUtils.java:logGet(43)) - raft.server.sleep.deviation.threshold = 300 (default)
2019-10-02 23:12:12,673 [pool-147-thread-1] INFO  server.RaftServerConfigKeys (ConfUtils.java:logGet(43)) - raft.server.log.appender.install.snapshot.enabled = false (custom)
2019-10-02 23:12:12,673 [pool-147-thread-1] INFO  impl.RaftServerImpl (ServerState.java:<init>(103)) - fda107cf-9dd0-4c6b-80eb-a289445583fd@group-E856C060D8AC: ConfigurationManager, init=-1: [fda107cf-9dd0-4c6b-80eb-a289445583fd:192.168.30.30:44572], old=null, confs=<EMPTY_MAP>
2019-10-02 23:12:12,673 [pool-147-thread-1] INFO  server.RaftServerConfigKeys (ConfUtils.java:logGet(43)) - raft.server.storage.dir = [/workdir/hadoop-ozone/ozonefs/target/test-dir/MiniOzoneClusterImpl-cc76194e-6653-40f0-95eb-7faba7038e3e/datanode-2/data/ratis] (custom)
2019-10-02 23:12:12,674 [pool-147-thread-1] INFO  server.RaftServerConfigKeys (ConfUtils.java:logGet(43)) - raft.server.log.corruption.policy = EXCEPTION (default)
2019-10-02 23:12:12,674 [pool-147-thread-1] INFO  storage.RaftStorageDirectory (RaftStorageDirectory.java:analyzeStorage(246)) - The storage directory /workdir/hadoop-ozone/ozonefs/target/test-dir/MiniOzoneClusterImpl-cc76194e-6653-40f0-95eb-7faba7038e3e/datanode-2/data/ratis/584ff165-b90c-4dd1-8481-e856c060d8ac does not exist. Creating ...
2019-10-02 23:12:12,697 [pool-147-thread-1] INFO  storage.RaftStorageDirectory (RaftStorageDirectory.java:tryLock(328)) - Lock on /workdir/hadoop-ozone/ozonefs/target/test-dir/MiniOzoneClusterImpl-cc76194e-6653-40f0-95eb-7faba7038e3e/datanode-2/data/ratis/584ff165-b90c-4dd1-8481-e856c060d8ac/in_use.lock acquired by nodename 24005@pr-hdds1737-lts7z-2510321508
2019-10-02 23:12:12,716 [pool-147-thread-1] INFO  storage.RaftStorage (RaftStorage.java:format(84)) - Storage directory /workdir/hadoop-ozone/ozonefs/target/test-dir/MiniOzoneClusterImpl-cc76194e-6653-40f0-95eb-7faba7038e3e/datanode-2/data/ratis/584ff165-b90c-4dd1-8481-e856c060d8ac has been successfully formatted.
2019-10-02 23:12:12,717 [pool-147-thread-1] INFO  ratis.ContainerStateMachine (ContainerStateMachine.java:loadSnapshot(230)) - group-E856C060D8AC: The snapshot info is null. Setting the last applied indexto:(t:0, i:~)
2019-10-02 23:12:12,717 [pool-147-thread-1] INFO  server.RaftServerConfigKeys (ConfUtils.java:logGet(43)) - raft.server.notification.no-leader.timeout = 120s (custom)
2019-10-02 23:12:12,717 [pool-147-thread-1] INFO  server.RaftServerConfigKeys (ConfUtils.java:logGet(43)) - raft.server.log.use.memory = false (default)
2019-10-02 23:12:12,718 [pool-147-thread-1] INFO  server.RaftServerConfigKeys (ConfUtils.java:logGet(43)) - raft.server.log.purge.gap = 1000000 (custom)
2019-10-02 23:12:12,718 [pool-147-thread-1] INFO  server.RaftServerConfigKeys (ConfUtils.java:logGet(43)) - raft.server.log.appender.buffer.byte-limit = 33554432 (custom)
2019-10-02 23:12:12,718 [pool-147-thread-1] INFO  server.RaftServerConfigKeys (ConfUtils.java:logGet(43)) - raft.server.log.segment.size.max = 1048576 (custom)
2019-10-02 23:12:12,721 [pool-147-thread-1] INFO  server.RaftServerConfigKeys (ConfUtils.java:logGet(43)) - raft.server.log.segment.cache.num.max = 2 (custom)
2019-10-02 23:12:12,721 [pool-147-thread-1] INFO  segmented.SegmentedRaftLogWorker (SegmentedRaftLogWorker.java:<init>(173)) - new fda107cf-9dd0-4c6b-80eb-a289445583fd@group-E856C060D8AC-SegmentedRaftLogWorker for RaftStorage:Storage Directory /workdir/hadoop-ozone/ozonefs/target/test-dir/MiniOzoneClusterImpl-cc76194e-6653-40f0-95eb-7faba7038e3e/datanode-2/data/ratis/584ff165-b90c-4dd1-8481-e856c060d8ac
2019-10-02 23:12:12,721 [pool-147-thread-1] INFO  server.RaftServerConfigKeys (ConfUtils.java:logGet(43)) - raft.server.log.queue.byte-limit = 2147483647 (custom)
2019-10-02 23:12:12,721 [pool-147-thread-1] INFO  server.RaftServerConfigKeys (ConfUtils.java:logGet(43)) - raft.server.log.queue.element-limit = 1024 (custom)
2019-10-02 23:12:12,722 [pool-147-thread-1] INFO  server.RaftServerConfigKeys (ConfUtils.java:logGet(43)) - raft.server.log.segment.size.max = 1048576 (custom)
2019-10-02 23:12:12,722 [pool-147-thread-1] INFO  server.RaftServerConfigKeys (ConfUtils.java:logGet(43)) - raft.server.log.preallocated.size = 16384 (custom)
2019-10-02 23:12:12,722 [pool-147-thread-1] INFO  server.RaftServerConfigKeys (ConfUtils.java:logGet(43)) - raft.server.log.write.buffer.size = 33554432 (custom)
2019-10-02 23:12:12,722 [pool-147-thread-1] INFO  server.RaftServerConfigKeys (ConfUtils.java:logGet(43)) - raft.server.log.force.sync.num = 128 (default)
2019-10-02 23:12:12,722 [pool-147-thread-1] INFO  server.RaftServerConfigKeys (ConfUtils.java:logGet(43)) - raft.server.log.statemachine.data.sync = true (default)
2019-10-02 23:12:12,723 [pool-147-thread-1] INFO  server.RaftServerConfigKeys (ConfUtils.java:logGet(43)) - raft.server.log.statemachine.data.sync.timeout = 10s (default)
2019-10-02 23:12:12,723 [pool-147-thread-1] INFO  server.RaftServerConfigKeys (ConfUtils.java:logGet(43)) - raft.server.log.statemachine.data.sync.timeout.retry = -1 (default)
2019-10-02 23:12:12,723 [pool-147-thread-1] INFO  server.RaftServerConfigKeys (ConfUtils.java:logGet(43)) - raft.server.log.statemachine.data.caching.enabled = true (custom)
2019-10-02 23:12:12,724 [pool-147-thread-1] INFO  segmented.SegmentedRaftLogWorker (SegmentedRaftLogWorker.java:lambda$new$0(128)) - fda107cf-9dd0-4c6b-80eb-a289445583fd@group-E856C060D8AC-SegmentedRaftLogWorker: flushIndex: setUnconditionally 0 -> -1
2019-10-02 23:12:12,724 [pool-147-thread-1] INFO  server.RaftServerConfigKeys (ConfUtils.java:logGet(43)) - raft.server.snapshot.auto.trigger.enabled = true (custom)
2019-10-02 23:12:12,724 [pool-147-thread-1] INFO  server.RaftServerConfigKeys (ConfUtils.java:logGet(43)) - raft.server.snapshot.auto.trigger.threshold = 10000 (custom)
2019-10-02 23:12:12,724 [pool-147-thread-1] INFO  server.RaftServerConfigKeys (ConfUtils.java:logGet(43)) - raft.server.snapshot.retention.file.num = 5 (custom)
2019-10-02 23:12:12,725 [pool-147-thread-1] INFO  server.RaftServerConfigKeys (ConfUtils.java:logGet(43)) - raft.server.retrycache.expirytime = 600000ms (custom)
2019-10-02 23:12:12,727 [pool-147-thread-1] INFO  impl.RaftServerImpl (RaftServerImpl.java:start(181)) - fda107cf-9dd0-4c6b-80eb-a289445583fd@group-E856C060D8AC: start as a follower, conf=-1: [fda107cf-9dd0-4c6b-80eb-a289445583fd:192.168.30.30:44572], old=null
2019-10-02 23:12:12,727 [pool-147-thread-1] INFO  impl.RaftServerImpl (RaftServerImpl.java:setRole(170)) - fda107cf-9dd0-4c6b-80eb-a289445583fd@group-E856C060D8AC: changes role from      null to FOLLOWER at term 0 for startAsFollower
2019-10-02 23:12:12,727 [pool-147-thread-1] INFO  impl.RoleInfo (RoleInfo.java:updateAndGet(143)) - fda107cf-9dd0-4c6b-80eb-a289445583fd: start FollowerState
2019-10-02 23:12:12,728 [pool-147-thread-1] INFO  util.JmxRegister (JmxRegister.java:tryRegister(44)) - Successfully registered JMX Bean with object name Ratis:service=RaftServer,group=group-E856C060D8AC,id=fda107cf-9dd0-4c6b-80eb-a289445583fd
2019-10-02 23:12:12,737 [RatisPipelineUtilsThread] INFO  pipeline.PipelineStateManager (PipelineStateManager.java:addPipeline(56)) - Created pipeline Pipeline[ Id: 584ff165-b90c-4dd1-8481-e856c060d8ac, Nodes: fda107cf-9dd0-4c6b-80eb-a289445583fd{ip: 192.168.30.30, host: pr-hdds1737-lts7z-2510321508, networkLocation: /default-rack, certSerialId: null}, Type:RATIS, Factor:ONE, State:OPEN]
2019-10-02 23:12:12,769 [grpc-default-executor-1] INFO  impl.RaftServerProxy (RaftServerProxy.java:addNew(89)) - e3153cde-2886-4f8d-9def-d8edfebb5088: addNew group-D939DD13EBD3:[4aad1d00-506f-4b43-b685-3499a287d830:192.168.30.30:35402, fda107cf-9dd0-4c6b-80eb-a289445583fd:192.168.30.30:44572, e3153cde-2886-4f8d-9def-d8edfebb5088:192.168.30.30:40623] returns group-D939DD13EBD3:java.util.concurrent.CompletableFuture@20f5d025[Not completed]
2019-10-02 23:12:12,769 [grpc-default-executor-0] INFO  impl.RaftServerProxy (RaftServerProxy.java:addNew(89)) - fda107cf-9dd0-4c6b-80eb-a289445583fd: addNew group-D939DD13EBD3:[4aad1d00-506f-4b43-b685-3499a287d830:192.168.30.30:35402, fda107cf-9dd0-4c6b-80eb-a289445583fd:192.168.30.30:44572, e3153cde-2886-4f8d-9def-d8edfebb5088:192.168.30.30:40623] returns group-D939DD13EBD3:java.util.concurrent.CompletableFuture@61598b18[Not completed]
2019-10-02 23:12:12,770 [pool-137-thread-1] INFO  impl.RaftServerImpl (RaftServerImpl.java:<init>(95)) - e3153cde-2886-4f8d-9def-d8edfebb5088: new RaftServerImpl for group-D939DD13EBD3:[4aad1d00-506f-4b43-b685-3499a287d830:192.168.30.30:35402, fda107cf-9dd0-4c6b-80eb-a289445583fd:192.168.30.30:44572, e3153cde-2886-4f8d-9def-d8edfebb5088:192.168.30.30:40623] with ContainerStateMachine:uninitialized
2019-10-02 23:12:12,771 [pool-137-thread-1] INFO  server.RaftServerConfigKeys (ConfUtils.java:logGet(43)) - raft.server.rpc.timeout.min = 5s (custom)
2019-10-02 23:12:12,771 [pool-137-thread-1] INFO  server.RaftServerConfigKeys (ConfUtils.java:logGet(43)) - raft.server.rpc.timeout.max = 5200ms (custom)
2019-10-02 23:12:12,771 [pool-137-thread-1] INFO  server.RaftServerConfigKeys (ConfUtils.java:logGet(43)) - raft.server.rpcslowness.timeout = 120s (custom)
2019-10-02 23:12:12,771 [pool-137-thread-1] INFO  server.RaftServerConfigKeys (ConfUtils.java:logGet(43)) - raft.server.sleep.deviation.threshold = 300 (default)
2019-10-02 23:12:12,771 [pool-137-thread-1] INFO  server.RaftServerConfigKeys (ConfUtils.java:logGet(43)) - raft.server.log.appender.install.snapshot.enabled = false (custom)
2019-10-02 23:12:12,771 [pool-137-thread-1] INFO  impl.RaftServerImpl (ServerState.java:<init>(103)) - e3153cde-2886-4f8d-9def-d8edfebb5088@group-D939DD13EBD3: ConfigurationManager, init=-1: [4aad1d00-506f-4b43-b685-3499a287d830:192.168.30.30:35402, fda107cf-9dd0-4c6b-80eb-a289445583fd:192.168.30.30:44572, e3153cde-2886-4f8d-9def-d8edfebb5088:192.168.30.30:40623], old=null, confs=<EMPTY_MAP>
2019-10-02 23:12:12,769 [grpc-default-executor-2] INFO  impl.RaftServerProxy (RaftServerProxy.java:addNew(89)) - 4aad1d00-506f-4b43-b685-3499a287d830: addNew group-D939DD13EBD3:[4aad1d00-506f-4b43-b685-3499a287d830:192.168.30.30:35402, fda107cf-9dd0-4c6b-80eb-a289445583fd:192.168.30.30:44572, e3153cde-2886-4f8d-9def-d8edfebb5088:192.168.30.30:40623] returns group-D939DD13EBD3:java.util.concurrent.CompletableFuture@6e00685e[Not completed]
2019-10-02 23:12:12,772 [pool-137-thread-1] INFO  server.RaftServerConfigKeys (ConfUtils.java:logGet(43)) - raft.server.storage.dir = [/workdir/hadoop-ozone/ozonefs/target/test-dir/MiniOzoneClusterImpl-cc76194e-6653-40f0-95eb-7faba7038e3e/datanode-1/data/ratis] (custom)
2019-10-02 23:12:12,771 [pool-147-thread-1] INFO  impl.RaftServerImpl (RaftServerImpl.java:<init>(95)) - fda107cf-9dd0-4c6b-80eb-a289445583fd: new RaftServerImpl for group-D939DD13EBD3:[4aad1d00-506f-4b43-b685-3499a287d830:192.168.30.30:35402, fda107cf-9dd0-4c6b-80eb-a289445583fd:192.168.30.30:44572, e3153cde-2886-4f8d-9def-d8edfebb5088:192.168.30.30:40623] with ContainerStateMachine:uninitialized
2019-10-02 23:12:12,772 [pool-147-thread-1] INFO  server.RaftServerConfigKeys (ConfUtils.java:logGet(43)) - raft.server.rpc.timeout.min = 5s (custom)
2019-10-02 23:12:12,772 [pool-147-thread-1] INFO  server.RaftServerConfigKeys (ConfUtils.java:logGet(43)) - raft.server.rpc.timeout.max = 5200ms (custom)
2019-10-02 23:12:12,772 [pool-137-thread-1] INFO  server.RaftServerConfigKeys (ConfUtils.java:logGet(43)) - raft.server.log.corruption.policy = EXCEPTION (default)
2019-10-02 23:12:12,772 [pool-147-thread-1] INFO  server.RaftServerConfigKeys (ConfUtils.java:logGet(43)) - raft.server.rpcslowness.timeout = 120s (custom)
2019-10-02 23:12:12,772 [pool-147-thread-1] INFO  server.RaftServerConfigKeys (ConfUtils.java:logGet(43)) - raft.server.sleep.deviation.threshold = 300 (default)
2019-10-02 23:12:12,772 [pool-137-thread-1] INFO  storage.RaftStorageDirectory (RaftStorageDirectory.java:analyzeStorage(246)) - The storage directory /workdir/hadoop-ozone/ozonefs/target/test-dir/MiniOzoneClusterImpl-cc76194e-6653-40f0-95eb-7faba7038e3e/datanode-1/data/ratis/5ce198f2-b32a-43fa-9514-d939dd13ebd3 does not exist. Creating ...
2019-10-02 23:12:12,772 [pool-127-thread-1] INFO  impl.RaftServerImpl (RaftServerImpl.java:<init>(95)) - 4aad1d00-506f-4b43-b685-3499a287d830: new RaftServerImpl for group-D939DD13EBD3:[4aad1d00-506f-4b43-b685-3499a287d830:192.168.30.30:35402, fda107cf-9dd0-4c6b-80eb-a289445583fd:192.168.30.30:44572, e3153cde-2886-4f8d-9def-d8edfebb5088:192.168.30.30:40623] with ContainerStateMachine:uninitialized
2019-10-02 23:12:12,773 [pool-147-thread-1] INFO  server.RaftServerConfigKeys (ConfUtils.java:logGet(43)) - raft.server.log.appender.install.snapshot.enabled = false (custom)
2019-10-02 23:12:12,773 [pool-127-thread-1] INFO  server.RaftServerConfigKeys (ConfUtils.java:logGet(43)) - raft.server.rpc.timeout.min = 5s (custom)
2019-10-02 23:12:12,773 [pool-147-thread-1] INFO  impl.RaftServerImpl (ServerState.java:<init>(103)) - fda107cf-9dd0-4c6b-80eb-a289445583fd@group-D939DD13EBD3: ConfigurationManager, init=-1: [4aad1d00-506f-4b43-b685-3499a287d830:192.168.30.30:35402, fda107cf-9dd0-4c6b-80eb-a289445583fd:192.168.30.30:44572, e3153cde-2886-4f8d-9def-d8edfebb5088:192.168.30.30:40623], old=null, confs=<EMPTY_MAP>
2019-10-02 23:12:12,773 [pool-127-thread-1] INFO  server.RaftServerConfigKeys (ConfUtils.java:logGet(43)) - raft.server.rpc.timeout.max = 5200ms (custom)
2019-10-02 23:12:12,773 [pool-147-thread-1] INFO  server.RaftServerConfigKeys (ConfUtils.java:logGet(43)) - raft.server.storage.dir = [/workdir/hadoop-ozone/ozonefs/target/test-dir/MiniOzoneClusterImpl-cc76194e-6653-40f0-95eb-7faba7038e3e/datanode-2/data/ratis] (custom)
2019-10-02 23:12:12,773 [pool-127-thread-1] INFO  server.RaftServerConfigKeys (ConfUtils.java:logGet(43)) - raft.server.rpcslowness.timeout = 120s (custom)
2019-10-02 23:12:12,773 [pool-127-thread-1] INFO  server.RaftServerConfigKeys (ConfUtils.java:logGet(43)) - raft.server.sleep.deviation.threshold = 300 (default)
2019-10-02 23:12:12,774 [pool-127-thread-1] INFO  server.RaftServerConfigKeys (ConfUtils.java:logGet(43)) - raft.server.log.appender.install.snapshot.enabled = false (custom)
2019-10-02 23:12:12,774 [pool-127-thread-1] INFO  impl.RaftServerImpl (ServerState.java:<init>(103)) - 4aad1d00-506f-4b43-b685-3499a287d830@group-D939DD13EBD3: ConfigurationManager, init=-1: [4aad1d00-506f-4b43-b685-3499a287d830:192.168.30.30:35402, fda107cf-9dd0-4c6b-80eb-a289445583fd:192.168.30.30:44572, e3153cde-2886-4f8d-9def-d8edfebb5088:192.168.30.30:40623], old=null, confs=<EMPTY_MAP>
2019-10-02 23:12:12,774 [pool-127-thread-1] INFO  server.RaftServerConfigKeys (ConfUtils.java:logGet(43)) - raft.server.storage.dir = [/workdir/hadoop-ozone/ozonefs/target/test-dir/MiniOzoneClusterImpl-cc76194e-6653-40f0-95eb-7faba7038e3e/datanode-0/data/ratis] (custom)
2019-10-02 23:12:12,774 [pool-127-thread-1] INFO  server.RaftServerConfigKeys (ConfUtils.java:logGet(43)) - raft.server.log.corruption.policy = EXCEPTION (default)
2019-10-02 23:12:12,774 [pool-127-thread-1] INFO  storage.RaftStorageDirectory (RaftStorageDirectory.java:analyzeStorage(246)) - The storage directory /workdir/hadoop-ozone/ozonefs/target/test-dir/MiniOzoneClusterImpl-cc76194e-6653-40f0-95eb-7faba7038e3e/datanode-0/data/ratis/5ce198f2-b32a-43fa-9514-d939dd13ebd3 does not exist. Creating ...
2019-10-02 23:12:12,774 [pool-147-thread-1] INFO  server.RaftServerConfigKeys (ConfUtils.java:logGet(43)) - raft.server.log.corruption.policy = EXCEPTION (default)
2019-10-02 23:12:12,775 [pool-147-thread-1] INFO  storage.RaftStorageDirectory (RaftStorageDirectory.java:analyzeStorage(246)) - The storage directory /workdir/hadoop-ozone/ozonefs/target/test-dir/MiniOzoneClusterImpl-cc76194e-6653-40f0-95eb-7faba7038e3e/datanode-2/data/ratis/5ce198f2-b32a-43fa-9514-d939dd13ebd3 does not exist. Creating ...
2019-10-02 23:12:12,795 [pool-147-thread-1] INFO  storage.RaftStorageDirectory (RaftStorageDirectory.java:tryLock(328)) - Lock on /workdir/hadoop-ozone/ozonefs/target/test-dir/MiniOzoneClusterImpl-cc76194e-6653-40f0-95eb-7faba7038e3e/datanode-2/data/ratis/5ce198f2-b32a-43fa-9514-d939dd13ebd3/in_use.lock acquired by nodename 24005@pr-hdds1737-lts7z-2510321508
2019-10-02 23:12:12,795 [pool-127-thread-1] INFO  storage.RaftStorageDirectory (RaftStorageDirectory.java:tryLock(328)) - Lock on /workdir/hadoop-ozone/ozonefs/target/test-dir/MiniOzoneClusterImpl-cc76194e-6653-40f0-95eb-7faba7038e3e/datanode-0/data/ratis/5ce198f2-b32a-43fa-9514-d939dd13ebd3/in_use.lock acquired by nodename 24005@pr-hdds1737-lts7z-2510321508
2019-10-02 23:12:12,797 [pool-137-thread-1] INFO  storage.RaftStorageDirectory (RaftStorageDirectory.java:tryLock(328)) - Lock on /workdir/hadoop-ozone/ozonefs/target/test-dir/MiniOzoneClusterImpl-cc76194e-6653-40f0-95eb-7faba7038e3e/datanode-1/data/ratis/5ce198f2-b32a-43fa-9514-d939dd13ebd3/in_use.lock acquired by nodename 24005@pr-hdds1737-lts7z-2510321508
2019-10-02 23:12:12,820 [pool-127-thread-1] INFO  storage.RaftStorage (RaftStorage.java:format(84)) - Storage directory /workdir/hadoop-ozone/ozonefs/target/test-dir/MiniOzoneClusterImpl-cc76194e-6653-40f0-95eb-7faba7038e3e/datanode-0/data/ratis/5ce198f2-b32a-43fa-9514-d939dd13ebd3 has been successfully formatted.
2019-10-02 23:12:12,820 [pool-137-thread-1] INFO  storage.RaftStorage (RaftStorage.java:format(84)) - Storage directory /workdir/hadoop-ozone/ozonefs/target/test-dir/MiniOzoneClusterImpl-cc76194e-6653-40f0-95eb-7faba7038e3e/datanode-1/data/ratis/5ce198f2-b32a-43fa-9514-d939dd13ebd3 has been successfully formatted.
2019-10-02 23:12:12,820 [pool-127-thread-1] INFO  ratis.ContainerStateMachine (ContainerStateMachine.java:loadSnapshot(230)) - group-D939DD13EBD3: The snapshot info is null. Setting the last applied indexto:(t:0, i:~)
2019-10-02 23:12:12,820 [pool-137-thread-1] INFO  ratis.ContainerStateMachine (ContainerStateMachine.java:loadSnapshot(230)) - group-D939DD13EBD3: The snapshot info is null. Setting the last applied indexto:(t:0, i:~)
2019-10-02 23:12:12,820 [pool-137-thread-1] INFO  server.RaftServerConfigKeys (ConfUtils.java:logGet(43)) - raft.server.notification.no-leader.timeout = 120s (custom)
2019-10-02 23:12:12,820 [pool-147-thread-1] INFO  storage.RaftStorage (RaftStorage.java:format(84)) - Storage directory /workdir/hadoop-ozone/ozonefs/target/test-dir/MiniOzoneClusterImpl-cc76194e-6653-40f0-95eb-7faba7038e3e/datanode-2/data/ratis/5ce198f2-b32a-43fa-9514-d939dd13ebd3 has been successfully formatted.
2019-10-02 23:12:12,821 [pool-137-thread-1] INFO  server.RaftServerConfigKeys (ConfUtils.java:logGet(43)) - raft.server.log.use.memory = false (default)
2019-10-02 23:12:12,820 [pool-127-thread-1] INFO  server.RaftServerConfigKeys (ConfUtils.java:logGet(43)) - raft.server.notification.no-leader.timeout = 120s (custom)
2019-10-02 23:12:12,821 [pool-127-thread-1] INFO  server.RaftServerConfigKeys (ConfUtils.java:logGet(43)) - raft.server.log.use.memory = false (default)
2019-10-02 23:12:12,821 [pool-127-thread-1] INFO  server.RaftServerConfigKeys (ConfUtils.java:logGet(43)) - raft.server.log.purge.gap = 1000000 (custom)
2019-10-02 23:12:12,821 [pool-127-thread-1] INFO  server.RaftServerConfigKeys (ConfUtils.java:logGet(43)) - raft.server.log.appender.buffer.byte-limit = 33554432 (custom)
2019-10-02 23:12:12,822 [pool-127-thread-1] INFO  server.RaftServerConfigKeys (ConfUtils.java:logGet(43)) - raft.server.log.segment.size.max = 1048576 (custom)
2019-10-02 23:12:12,822 [pool-127-thread-1] INFO  server.RaftServerConfigKeys (ConfUtils.java:logGet(43)) - raft.server.log.segment.cache.num.max = 2 (custom)
2019-10-02 23:12:12,822 [pool-127-thread-1] INFO  segmented.SegmentedRaftLogWorker (SegmentedRaftLogWorker.java:<init>(173)) - new 4aad1d00-506f-4b43-b685-3499a287d830@group-D939DD13EBD3-SegmentedRaftLogWorker for RaftStorage:Storage Directory /workdir/hadoop-ozone/ozonefs/target/test-dir/MiniOzoneClusterImpl-cc76194e-6653-40f0-95eb-7faba7038e3e/datanode-0/data/ratis/5ce198f2-b32a-43fa-9514-d939dd13ebd3
2019-10-02 23:12:12,822 [pool-127-thread-1] INFO  server.RaftServerConfigKeys (ConfUtils.java:logGet(43)) - raft.server.log.queue.byte-limit = 2147483647 (custom)
2019-10-02 23:12:12,822 [pool-127-thread-1] INFO  server.RaftServerConfigKeys (ConfUtils.java:logGet(43)) - raft.server.log.queue.element-limit = 1024 (custom)
2019-10-02 23:12:12,823 [pool-127-thread-1] INFO  server.RaftServerConfigKeys (ConfUtils.java:logGet(43)) - raft.server.log.segment.size.max = 1048576 (custom)
2019-10-02 23:12:12,821 [pool-137-thread-1] INFO  server.RaftServerConfigKeys (ConfUtils.java:logGet(43)) - raft.server.log.purge.gap = 1000000 (custom)
2019-10-02 23:12:12,821 [pool-147-thread-1] INFO  ratis.ContainerStateMachine (ContainerStateMachine.java:loadSnapshot(230)) - group-D939DD13EBD3: The snapshot info is null. Setting the last applied indexto:(t:0, i:~)
2019-10-02 23:12:12,823 [pool-147-thread-1] INFO  server.RaftServerConfigKeys (ConfUtils.java:logGet(43)) - raft.server.notification.no-leader.timeout = 120s (custom)
2019-10-02 23:12:12,823 [pool-147-thread-1] INFO  server.RaftServerConfigKeys (ConfUtils.java:logGet(43)) - raft.server.log.use.memory = false (default)
2019-10-02 23:12:12,823 [pool-147-thread-1] INFO  server.RaftServerConfigKeys (ConfUtils.java:logGet(43)) - raft.server.log.purge.gap = 1000000 (custom)
2019-10-02 23:12:12,823 [pool-147-thread-1] INFO  server.RaftServerConfigKeys (ConfUtils.java:logGet(43)) - raft.server.log.appender.buffer.byte-limit = 33554432 (custom)
2019-10-02 23:12:12,824 [pool-147-thread-1] INFO  server.RaftServerConfigKeys (ConfUtils.java:logGet(43)) - raft.server.log.segment.size.max = 1048576 (custom)
2019-10-02 23:12:12,824 [pool-147-thread-1] INFO  server.RaftServerConfigKeys (ConfUtils.java:logGet(43)) - raft.server.log.segment.cache.num.max = 2 (custom)
2019-10-02 23:12:12,824 [pool-147-thread-1] INFO  segmented.SegmentedRaftLogWorker (SegmentedRaftLogWorker.java:<init>(173)) - new fda107cf-9dd0-4c6b-80eb-a289445583fd@group-D939DD13EBD3-SegmentedRaftLogWorker for RaftStorage:Storage Directory /workdir/hadoop-ozone/ozonefs/target/test-dir/MiniOzoneClusterImpl-cc76194e-6653-40f0-95eb-7faba7038e3e/datanode-2/data/ratis/5ce198f2-b32a-43fa-9514-d939dd13ebd3
2019-10-02 23:12:12,824 [pool-147-thread-1] INFO  server.RaftServerConfigKeys (ConfUtils.java:logGet(43)) - raft.server.log.queue.byte-limit = 2147483647 (custom)
2019-10-02 23:12:12,824 [pool-147-thread-1] INFO  server.RaftServerConfigKeys (ConfUtils.java:logGet(43)) - raft.server.log.queue.element-limit = 1024 (custom)
2019-10-02 23:12:12,824 [pool-147-thread-1] INFO  server.RaftServerConfigKeys (ConfUtils.java:logGet(43)) - raft.server.log.segment.size.max = 1048576 (custom)
2019-10-02 23:12:12,824 [pool-147-thread-1] INFO  server.RaftServerConfigKeys (ConfUtils.java:logGet(43)) - raft.server.log.preallocated.size = 16384 (custom)
2019-10-02 23:12:12,825 [pool-147-thread-1] INFO  server.RaftServerConfigKeys (ConfUtils.java:logGet(43)) - raft.server.log.write.buffer.size = 33554432 (custom)
2019-10-02 23:12:12,825 [pool-147-thread-1] INFO  server.RaftServerConfigKeys (ConfUtils.java:logGet(43)) - raft.server.log.force.sync.num = 128 (default)
2019-10-02 23:12:12,825 [pool-147-thread-1] INFO  server.RaftServerConfigKeys (ConfUtils.java:logGet(43)) - raft.server.log.statemachine.data.sync = true (default)
2019-10-02 23:12:12,825 [pool-147-thread-1] INFO  server.RaftServerConfigKeys (ConfUtils.java:logGet(43)) - raft.server.log.statemachine.data.sync.timeout = 10s (default)
2019-10-02 23:12:12,825 [pool-147-thread-1] INFO  server.RaftServerConfigKeys (ConfUtils.java:logGet(43)) - raft.server.log.statemachine.data.sync.timeout.retry = -1 (default)
2019-10-02 23:12:12,825 [pool-147-thread-1] INFO  server.RaftServerConfigKeys (ConfUtils.java:logGet(43)) - raft.server.log.statemachine.data.caching.enabled = true (custom)
2019-10-02 23:12:12,826 [pool-147-thread-1] INFO  segmented.SegmentedRaftLogWorker (SegmentedRaftLogWorker.java:lambda$new$0(128)) - fda107cf-9dd0-4c6b-80eb-a289445583fd@group-D939DD13EBD3-SegmentedRaftLogWorker: flushIndex: setUnconditionally 0 -> -1
2019-10-02 23:12:12,823 [pool-137-thread-1] INFO  server.RaftServerConfigKeys (ConfUtils.java:logGet(43)) - raft.server.log.appender.buffer.byte-limit = 33554432 (custom)
2019-10-02 23:12:12,823 [pool-127-thread-1] INFO  server.RaftServerConfigKeys (ConfUtils.java:logGet(43)) - raft.server.log.preallocated.size = 16384 (custom)
2019-10-02 23:12:12,826 [pool-147-thread-1] INFO  server.RaftServerConfigKeys (ConfUtils.java:logGet(43)) - raft.server.snapshot.auto.trigger.enabled = true (custom)
2019-10-02 23:12:12,827 [pool-147-thread-1] INFO  server.RaftServerConfigKeys (ConfUtils.java:logGet(43)) - raft.server.snapshot.auto.trigger.threshold = 10000 (custom)
2019-10-02 23:12:12,827 [pool-147-thread-1] INFO  server.RaftServerConfigKeys (ConfUtils.java:logGet(43)) - raft.server.snapshot.retention.file.num = 5 (custom)
2019-10-02 23:12:12,827 [pool-147-thread-1] INFO  server.RaftServerConfigKeys (ConfUtils.java:logGet(43)) - raft.server.retrycache.expirytime = 600000ms (custom)
2019-10-02 23:12:12,826 [pool-137-thread-1] INFO  server.RaftServerConfigKeys (ConfUtils.java:logGet(43)) - raft.server.log.segment.size.max = 1048576 (custom)
2019-10-02 23:12:12,826 [pool-127-thread-1] INFO  server.RaftServerConfigKeys (ConfUtils.java:logGet(43)) - raft.server.log.write.buffer.size = 33554432 (custom)
2019-10-02 23:12:12,828 [pool-127-thread-1] INFO  server.RaftServerConfigKeys (ConfUtils.java:logGet(43)) - raft.server.log.force.sync.num = 128 (default)
2019-10-02 23:12:12,828 [pool-127-thread-1] INFO  server.RaftServerConfigKeys (ConfUtils.java:logGet(43)) - raft.server.log.statemachine.data.sync = true (default)
2019-10-02 23:12:12,828 [pool-127-thread-1] INFO  server.RaftServerConfigKeys (ConfUtils.java:logGet(43)) - raft.server.log.statemachine.data.sync.timeout = 10s (default)
2019-10-02 23:12:12,829 [pool-127-thread-1] INFO  server.RaftServerConfigKeys (ConfUtils.java:logGet(43)) - raft.server.log.statemachine.data.sync.timeout.retry = -1 (default)
2019-10-02 23:12:12,829 [pool-127-thread-1] INFO  server.RaftServerConfigKeys (ConfUtils.java:logGet(43)) - raft.server.log.statemachine.data.caching.enabled = true (custom)
2019-10-02 23:12:12,829 [pool-127-thread-1] INFO  segmented.SegmentedRaftLogWorker (SegmentedRaftLogWorker.java:lambda$new$0(128)) - 4aad1d00-506f-4b43-b685-3499a287d830@group-D939DD13EBD3-SegmentedRaftLogWorker: flushIndex: setUnconditionally 0 -> -1
2019-10-02 23:12:12,830 [pool-127-thread-1] INFO  server.RaftServerConfigKeys (ConfUtils.java:logGet(43)) - raft.server.snapshot.auto.trigger.enabled = true (custom)
2019-10-02 23:12:12,830 [pool-127-thread-1] INFO  server.RaftServerConfigKeys (ConfUtils.java:logGet(43)) - raft.server.snapshot.auto.trigger.threshold = 10000 (custom)
2019-10-02 23:12:12,830 [pool-147-thread-1] INFO  impl.RaftServerImpl (RaftServerImpl.java:start(181)) - fda107cf-9dd0-4c6b-80eb-a289445583fd@group-D939DD13EBD3: start as a follower, conf=-1: [4aad1d00-506f-4b43-b685-3499a287d830:192.168.30.30:35402, fda107cf-9dd0-4c6b-80eb-a289445583fd:192.168.30.30:44572, e3153cde-2886-4f8d-9def-d8edfebb5088:192.168.30.30:40623], old=null
2019-10-02 23:12:12,830 [pool-147-thread-1] INFO  impl.RaftServerImpl (RaftServerImpl.java:setRole(170)) - fda107cf-9dd0-4c6b-80eb-a289445583fd@group-D939DD13EBD3: changes role from      null to FOLLOWER at term 0 for startAsFollower
2019-10-02 23:12:12,830 [pool-147-thread-1] INFO  impl.RoleInfo (RoleInfo.java:updateAndGet(143)) - fda107cf-9dd0-4c6b-80eb-a289445583fd: start FollowerState
2019-10-02 23:12:12,828 [pool-137-thread-1] INFO  server.RaftServerConfigKeys (ConfUtils.java:logGet(43)) - raft.server.log.segment.cache.num.max = 2 (custom)
2019-10-02 23:12:12,830 [pool-127-thread-1] INFO  server.RaftServerConfigKeys (ConfUtils.java:logGet(43)) - raft.server.snapshot.retention.file.num = 5 (custom)
2019-10-02 23:12:12,831 [pool-137-thread-1] INFO  segmented.SegmentedRaftLogWorker (SegmentedRaftLogWorker.java:<init>(173)) - new e3153cde-2886-4f8d-9def-d8edfebb5088@group-D939DD13EBD3-SegmentedRaftLogWorker for RaftStorage:Storage Directory /workdir/hadoop-ozone/ozonefs/target/test-dir/MiniOzoneClusterImpl-cc76194e-6653-40f0-95eb-7faba7038e3e/datanode-1/data/ratis/5ce198f2-b32a-43fa-9514-d939dd13ebd3
2019-10-02 23:12:12,831 [pool-127-thread-1] INFO  server.RaftServerConfigKeys (ConfUtils.java:logGet(43)) - raft.server.retrycache.expirytime = 600000ms (custom)
2019-10-02 23:12:12,831 [pool-137-thread-1] INFO  server.RaftServerConfigKeys (ConfUtils.java:logGet(43)) - raft.server.log.queue.byte-limit = 2147483647 (custom)
2019-10-02 23:12:12,831 [pool-137-thread-1] INFO  server.RaftServerConfigKeys (ConfUtils.java:logGet(43)) - raft.server.log.queue.element-limit = 1024 (custom)
2019-10-02 23:12:12,831 [pool-137-thread-1] INFO  server.RaftServerConfigKeys (ConfUtils.java:logGet(43)) - raft.server.log.segment.size.max = 1048576 (custom)
2019-10-02 23:12:12,831 [pool-137-thread-1] INFO  server.RaftServerConfigKeys (ConfUtils.java:logGet(43)) - raft.server.log.preallocated.size = 16384 (custom)
2019-10-02 23:12:12,831 [pool-137-thread-1] INFO  server.RaftServerConfigKeys (ConfUtils.java:logGet(43)) - raft.server.log.write.buffer.size = 33554432 (custom)
2019-10-02 23:12:12,832 [pool-137-thread-1] INFO  server.RaftServerConfigKeys (ConfUtils.java:logGet(43)) - raft.server.log.force.sync.num = 128 (default)
2019-10-02 23:12:12,832 [pool-137-thread-1] INFO  server.RaftServerConfigKeys (ConfUtils.java:logGet(43)) - raft.server.log.statemachine.data.sync = true (default)
2019-10-02 23:12:12,832 [pool-137-thread-1] INFO  server.RaftServerConfigKeys (ConfUtils.java:logGet(43)) - raft.server.log.statemachine.data.sync.timeout = 10s (default)
2019-10-02 23:12:12,832 [pool-137-thread-1] INFO  server.RaftServerConfigKeys (ConfUtils.java:logGet(43)) - raft.server.log.statemachine.data.sync.timeout.retry = -1 (default)
2019-10-02 23:12:12,833 [pool-137-thread-1] INFO  server.RaftServerConfigKeys (ConfUtils.java:logGet(43)) - raft.server.log.statemachine.data.caching.enabled = true (custom)
2019-10-02 23:12:12,833 [pool-137-thread-1] INFO  segmented.SegmentedRaftLogWorker (SegmentedRaftLogWorker.java:lambda$new$0(128)) - e3153cde-2886-4f8d-9def-d8edfebb5088@group-D939DD13EBD3-SegmentedRaftLogWorker: flushIndex: setUnconditionally 0 -> -1
2019-10-02 23:12:12,833 [pool-147-thread-1] INFO  util.JmxRegister (JmxRegister.java:tryRegister(44)) - Successfully registered JMX Bean with object name Ratis:service=RaftServer,group=group-D939DD13EBD3,id=fda107cf-9dd0-4c6b-80eb-a289445583fd
2019-10-02 23:12:12,834 [pool-137-thread-1] INFO  server.RaftServerConfigKeys (ConfUtils.java:logGet(43)) - raft.server.snapshot.auto.trigger.enabled = true (custom)
2019-10-02 23:12:12,834 [pool-137-thread-1] INFO  server.RaftServerConfigKeys (ConfUtils.java:logGet(43)) - raft.server.snapshot.auto.trigger.threshold = 10000 (custom)
2019-10-02 23:12:12,834 [pool-137-thread-1] INFO  server.RaftServerConfigKeys (ConfUtils.java:logGet(43)) - raft.server.snapshot.retention.file.num = 5 (custom)
2019-10-02 23:12:12,835 [pool-137-thread-1] INFO  server.RaftServerConfigKeys (ConfUtils.java:logGet(43)) - raft.server.retrycache.expirytime = 600000ms (custom)
2019-10-02 23:12:12,835 [pool-127-thread-1] INFO  impl.RaftServerImpl (RaftServerImpl.java:start(181)) - 4aad1d00-506f-4b43-b685-3499a287d830@group-D939DD13EBD3: start as a follower, conf=-1: [4aad1d00-506f-4b43-b685-3499a287d830:192.168.30.30:35402, fda107cf-9dd0-4c6b-80eb-a289445583fd:192.168.30.30:44572, e3153cde-2886-4f8d-9def-d8edfebb5088:192.168.30.30:40623], old=null
2019-10-02 23:12:12,835 [pool-127-thread-1] INFO  impl.RaftServerImpl (RaftServerImpl.java:setRole(170)) - 4aad1d00-506f-4b43-b685-3499a287d830@group-D939DD13EBD3: changes role from      null to FOLLOWER at term 0 for startAsFollower
2019-10-02 23:12:12,835 [pool-127-thread-1] INFO  impl.RoleInfo (RoleInfo.java:updateAndGet(143)) - 4aad1d00-506f-4b43-b685-3499a287d830: start FollowerState
2019-10-02 23:12:12,836 [pool-127-thread-1] INFO  util.JmxRegister (JmxRegister.java:tryRegister(44)) - Successfully registered JMX Bean with object name Ratis:service=RaftServer,group=group-D939DD13EBD3,id=4aad1d00-506f-4b43-b685-3499a287d830
2019-10-02 23:12:12,843 [pool-137-thread-1] INFO  impl.RaftServerImpl (RaftServerImpl.java:start(181)) - e3153cde-2886-4f8d-9def-d8edfebb5088@group-D939DD13EBD3: start as a follower, conf=-1: [4aad1d00-506f-4b43-b685-3499a287d830:192.168.30.30:35402, fda107cf-9dd0-4c6b-80eb-a289445583fd:192.168.30.30:44572, e3153cde-2886-4f8d-9def-d8edfebb5088:192.168.30.30:40623], old=null
2019-10-02 23:12:12,843 [pool-137-thread-1] INFO  impl.RaftServerImpl (RaftServerImpl.java:setRole(170)) - e3153cde-2886-4f8d-9def-d8edfebb5088@group-D939DD13EBD3: changes role from      null to FOLLOWER at term 0 for startAsFollower
2019-10-02 23:12:12,844 [pool-137-thread-1] INFO  impl.RoleInfo (RoleInfo.java:updateAndGet(143)) - e3153cde-2886-4f8d-9def-d8edfebb5088: start FollowerState
2019-10-02 23:12:12,844 [pool-137-thread-1] INFO  util.JmxRegister (JmxRegister.java:tryRegister(44)) - Successfully registered JMX Bean with object name Ratis:service=RaftServer,group=group-D939DD13EBD3,id=e3153cde-2886-4f8d-9def-d8edfebb5088
2019-10-02 23:12:12,856 [RatisPipelineUtilsThread] INFO  pipeline.PipelineStateManager (PipelineStateManager.java:addPipeline(56)) - Created pipeline Pipeline[ Id: 5ce198f2-b32a-43fa-9514-d939dd13ebd3, Nodes: e3153cde-2886-4f8d-9def-d8edfebb5088{ip: 192.168.30.30, host: pr-hdds1737-lts7z-2510321508, networkLocation: /default-rack, certSerialId: null}4aad1d00-506f-4b43-b685-3499a287d830{ip: 192.168.30.30, host: pr-hdds1737-lts7z-2510321508, networkLocation: /default-rack, certSerialId: null}fda107cf-9dd0-4c6b-80eb-a289445583fd{ip: 192.168.30.30, host: pr-hdds1737-lts7z-2510321508, networkLocation: /default-rack, certSerialId: null}, Type:RATIS, Factor:THREE, State:OPEN]
2019-10-02 23:12:13,516 [Thread-441] INFO  ozone.MiniOzoneClusterImpl (MiniOzoneClusterImpl.java:lambda$waitForClusterToBeReady$0(147)) - Cluster is ready. Got 3 of 3 DN Heartbeats.
2019-10-02 23:12:13,567 [Thread-441] INFO  rpc.RpcClient (RpcClient.java:createVolume(276)) - Creating Volume: volume27627, with user99603 as owner.
2019-10-02 23:12:13,572 [IPC Server handler 1 on 37902] INFO  volume.OMVolumeCreateRequest (OMVolumeCreateRequest.java:validateAndUpdateCache(194)) - created volume:volume27627 for user:user99603
2019-10-02 23:12:13,595 [Thread-441] INFO  rpc.RpcClient (RpcClient.java:createBucket(415)) - Creating Bucket: volume27627/bucket99382, with Versioning false and Storage Type set to DISK and Encryption set to false 
23:12:13.644 [IPC Server handler 8 on 37902] ERROR OMAudit - user=jenkins1000 | ip=127.0.0.1 | op=CREATE_DIRECTORY {volume=volume27627, bucket=bucket99382, key=dir1/dir11/dir111, dataSize=0, replicationType=RATIS, replicationFactor=ONE, keyLocationInfo=[]} | ret=FAILURE
org.apache.hadoop.ozone.om.exceptions.OMException: Volume not found volume27627
	at org.apache.hadoop.ozone.om.request.file.OMDirectoryCreateRequest.validateAndUpdateCache(OMDirectoryCreateRequest.java:146) ~[hadoop-ozone-ozone-manager-0.5.0-SNAPSHOT.jar:?]
	at org.apache.hadoop.ozone.protocolPB.OzoneManagerProtocolServerSideTranslatorPB.submitRequestDirectlyToOM(OzoneManagerProtocolServerSideTranslatorPB.java:219) ~[hadoop-ozone-ozone-manager-0.5.0-SNAPSHOT.jar:?]
	at org.apache.hadoop.ozone.protocolPB.OzoneManagerProtocolServerSideTranslatorPB.processRequest(OzoneManagerProtocolServerSideTranslatorPB.java:134) ~[hadoop-ozone-ozone-manager-0.5.0-SNAPSHOT.jar:?]
	at org.apache.hadoop.hdds.server.OzoneProtocolMessageDispatcher.processRequest(OzoneProtocolMessageDispatcher.java:72) [hadoop-hdds-server-framework-0.5.0-SNAPSHOT.jar:?]
	at org.apache.hadoop.ozone.protocolPB.OzoneManagerProtocolServerSideTranslatorPB.submitRequest(OzoneManagerProtocolServerSideTranslatorPB.java:100) [hadoop-ozone-ozone-manager-0.5.0-SNAPSHOT.jar:?]
	at org.apache.hadoop.ozone.protocol.proto.OzoneManagerProtocolProtos$OzoneManagerService$2.callBlockingMethod(OzoneManagerProtocolProtos.java) [hadoop-ozone-common-0.5.0-SNAPSHOT.jar:?]
	at org.apache.hadoop.ipc.ProtobufRpcEngine$Server$ProtoBufRpcInvoker.call(ProtobufRpcEngine.java:524) [hadoop-common-3.2.0.jar:?]
	at org.apache.hadoop.ipc.RPC$Server.call(RPC.java:1025) [hadoop-common-3.2.0.jar:?]
	at org.apache.hadoop.ipc.Server$RpcCall.run(Server.java:876) [hadoop-common-3.2.0.jar:?]
	at org.apache.hadoop.ipc.Server$RpcCall.run(Server.java:822) [hadoop-common-3.2.0.jar:?]
	at java.security.AccessController.doPrivileged(Native Method) [?:1.8.0_212]
	at javax.security.auth.Subject.doAs(Subject.java:422) [?:1.8.0_212]
	at org.apache.hadoop.security.UserGroupInformation.doAs(UserGroupInformation.java:1730) [hadoop-common-3.2.0.jar:?]
	at org.apache.hadoop.ipc.Server$Handler.run(Server.java:2682) [hadoop-common-3.2.0.jar:?]
2019-10-02 23:12:13,645 [IPC Server handler 8 on 37902] ERROR file.OMDirectoryCreateRequest (OMDirectoryCreateRequest.java:validateAndUpdateCache(212)) - CreateDirectory failed for Key: dir1/dir11/dir111 in volume/bucket:volume27627/bucket99382
VOLUME_NOT_FOUND org.apache.hadoop.ozone.om.exceptions.OMException: Volume not found volume27627
	at org.apache.hadoop.ozone.om.request.file.OMDirectoryCreateRequest.validateAndUpdateCache(OMDirectoryCreateRequest.java:146)
	at org.apache.hadoop.ozone.protocolPB.OzoneManagerProtocolServerSideTranslatorPB.submitRequestDirectlyToOM(OzoneManagerProtocolServerSideTranslatorPB.java:219)
	at org.apache.hadoop.ozone.protocolPB.OzoneManagerProtocolServerSideTranslatorPB.processRequest(OzoneManagerProtocolServerSideTranslatorPB.java:134)
	at org.apache.hadoop.hdds.server.OzoneProtocolMessageDispatcher.processRequest(OzoneProtocolMessageDispatcher.java:72)
	at org.apache.hadoop.ozone.protocolPB.OzoneManagerProtocolServerSideTranslatorPB.submitRequest(OzoneManagerProtocolServerSideTranslatorPB.java:100)
	at org.apache.hadoop.ozone.protocol.proto.OzoneManagerProtocolProtos$OzoneManagerService$2.callBlockingMethod(OzoneManagerProtocolProtos.java)
	at org.apache.hadoop.ipc.ProtobufRpcEngine$Server$ProtoBufRpcInvoker.call(ProtobufRpcEngine.java:524)
	at org.apache.hadoop.ipc.RPC$Server.call(RPC.java:1025)
	at org.apache.hadoop.ipc.Server$RpcCall.run(Server.java:876)
	at org.apache.hadoop.ipc.Server$RpcCall.run(Server.java:822)
	at java.security.AccessController.doPrivileged(Native Method)
	at javax.security.auth.Subject.doAs(Subject.java:422)
	at org.apache.hadoop.security.UserGroupInformation.doAs(UserGroupInformation.java:1730)
	at org.apache.hadoop.ipc.Server$Handler.run(Server.java:2682)
2019-10-02 23:12:13,649 [Thread-441] INFO  ozone.MiniOzoneClusterImpl (MiniOzoneClusterImpl.java:shutdown(314)) - Shutting down the Mini Ozone Cluster
2019-10-02 23:12:13,649 [Thread-441] INFO  ozone.MiniOzoneClusterImpl (MiniOzoneClusterImpl.java:stop(330)) - Stopping the Mini Ozone Cluster
2019-10-02 23:12:13,649 [Thread-441] INFO  ozone.MiniOzoneClusterImpl (MiniOzoneClusterImpl.java:stopOM(400)) - Stopping the OzoneManager
2019-10-02 23:12:13,649 [Thread-441] INFO  ipc.Server (Server.java:stop(3082)) - Stopping server on 37902
2019-10-02 23:12:13,653 [IPC Server listener on 37902] INFO  ipc.Server (Server.java:run(1185)) - Stopping IPC Server listener on 37902
2019-10-02 23:12:13,657 [Thread-441] INFO  ratis.OzoneManagerDoubleBuffer (OzoneManagerDoubleBuffer.java:stop(248)) - Stopping OMDoubleBuffer flush thread
2019-10-02 23:12:13,657 [IPC Server Responder] INFO  ipc.Server (Server.java:run(1319)) - Stopping IPC Server Responder
2019-10-02 23:12:13,658 [OMDoubleBufferFlushThread] INFO  ratis.OzoneManagerDoubleBuffer (OzoneManagerDoubleBuffer.java:flushTransactions(191)) - OMDoubleBuffer flush thread OMDoubleBufferFlushThread is interrupted and will exit. OMDoubleBufferFlushThread
2019-10-02 23:12:13,658 [Thread-441] INFO  utils.BackgroundService (BackgroundService.java:shutdown(148)) - Shutting down service KeyDeletingService
2019-10-02 23:12:13,663 [Thread-441] INFO  handler.ContextHandler (ContextHandler.java:doStop(910)) - Stopped o.e.j.w.WebAppContext@7faaa44c{/,null,UNAVAILABLE}{/ozoneManager}
2019-10-02 23:12:13,664 [Thread-441] INFO  server.AbstractConnector (AbstractConnector.java:doStop(318)) - Stopped ServerConnector@51b4347a{HTTP/1.1,[http/1.1]}{0.0.0.0:0}
2019-10-02 23:12:13,664 [Thread-441] INFO  handler.ContextHandler (ContextHandler.java:doStop(910)) - Stopped o.e.j.s.ServletContextHandler@49706f8b{/static,jar:file:/home/user/.m2/repository/org/apache/hadoop/hadoop-ozone-ozone-manager/0.5.0-SNAPSHOT/hadoop-ozone-ozone-manager-0.5.0-SNAPSHOT.jar!/webapps/static,UNAVAILABLE}
2019-10-02 23:12:13,664 [Thread-441] INFO  handler.ContextHandler (ContextHandler.java:doStop(910)) - Stopped o.e.j.s.ServletContextHandler@11aa2c10{/logs,file:///workdir/hadoop-ozone/ozonefs/target/log,UNAVAILABLE}
2019-10-02 23:12:13,666 [Thread-441] INFO  ozone.MiniOzoneClusterImpl (MiniOzoneClusterImpl.java:stopDatanodes(377)) - Stopping the HddsDatanodes
2019-10-02 23:12:14,360 [Datanode State Machine Thread - 0] INFO  statemachine.DatanodeStateMachine (DatanodeStateMachine.java:lambda$startDaemon$0(350)) - Ozone container server started.
2019-10-02 23:12:14,445 [Datanode State Machine Thread - 0] INFO  statemachine.DatanodeStateMachine (DatanodeStateMachine.java:lambda$startDaemon$0(350)) - Ozone container server started.
2019-10-02 23:12:15,367 [Thread-613] INFO  container.ReplicationManager (ReplicationManager.java:start(162)) - Starting Replication Monitor Thread.
2019-10-02 23:12:15,370 [ReplicationMonitor] INFO  container.ReplicationManager (ReplicationManager.java:run(225)) - Replication Monitor Thread took 0 milliseconds for processing 0 containers.
2019-10-02 23:12:17,571 [Thread-615] INFO  impl.FollowerState (FollowerState.java:run(108)) - 4aad1d00-506f-4b43-b685-3499a287d830@group-03CFDD571251-FollowerState: change to CANDIDATE, lastRpcTime:5013ms, electionTimeout:5013ms
2019-10-02 23:12:17,571 [Thread-615] INFO  impl.RoleInfo (RoleInfo.java:shutdownFollowerState(121)) - 4aad1d00-506f-4b43-b685-3499a287d830: shutdown FollowerState
2019-10-02 23:12:17,571 [Thread-615] INFO  impl.RaftServerImpl (RaftServerImpl.java:setRole(170)) - 4aad1d00-506f-4b43-b685-3499a287d830@group-03CFDD571251: changes role from  FOLLOWER to CANDIDATE at term 0 for changeToCandidate
2019-10-02 23:12:17,571 [Thread-615] INFO  impl.RoleInfo (RoleInfo.java:updateAndGet(143)) - 4aad1d00-506f-4b43-b685-3499a287d830: start LeaderElection
2019-10-02 23:12:17,596 [4aad1d00-506f-4b43-b685-3499a287d830@group-03CFDD571251-LeaderElection12] INFO  impl.LeaderElection (LeaderElection.java:askForVotes(178)) - 4aad1d00-506f-4b43-b685-3499a287d830@group-03CFDD571251-LeaderElection12: begin an election at term 1 for -1: [4aad1d00-506f-4b43-b685-3499a287d830:192.168.30.30:35402], old=null
2019-10-02 23:12:17,597 [4aad1d00-506f-4b43-b685-3499a287d830@group-03CFDD571251-LeaderElection12] INFO  impl.RoleInfo (RoleInfo.java:shutdownLeaderElection(134)) - 4aad1d00-506f-4b43-b685-3499a287d830: shutdown LeaderElection
2019-10-02 23:12:17,597 [4aad1d00-506f-4b43-b685-3499a287d830@group-03CFDD571251-LeaderElection12] INFO  impl.RaftServerImpl (RaftServerImpl.java:setRole(170)) - 4aad1d00-506f-4b43-b685-3499a287d830@group-03CFDD571251: changes role from CANDIDATE to LEADER at term 1 for changeToLeader
2019-10-02 23:12:17,597 [4aad1d00-506f-4b43-b685-3499a287d830@group-03CFDD571251-LeaderElection12] INFO  impl.RaftServerImpl (ServerState.java:setLeader(255)) - 4aad1d00-506f-4b43-b685-3499a287d830@group-03CFDD571251: change Leader from null to 4aad1d00-506f-4b43-b685-3499a287d830 at term 1 for becomeLeader, leader elected after 5049ms
2019-10-02 23:12:17,597 [4aad1d00-506f-4b43-b685-3499a287d830@group-03CFDD571251-LeaderElection12] INFO  server.RaftServerConfigKeys (ConfUtils.java:logGet(43)) - raft.server.staging.catchup.gap = 1000 (default)
2019-10-02 23:12:17,597 [4aad1d00-506f-4b43-b685-3499a287d830@group-03CFDD571251-LeaderElection12] INFO  server.RaftServerConfigKeys (ConfUtils.java:logGet(43)) - raft.server.rpc.sleep.time = 25ms (default)
2019-10-02 23:12:17,598 [4aad1d00-506f-4b43-b685-3499a287d830@group-03CFDD571251-LeaderElection12] INFO  server.RaftServerConfigKeys (ConfUtils.java:logGet(43)) - raft.server.write.element-limit = 4096 (default)
2019-10-02 23:12:17,598 [4aad1d00-506f-4b43-b685-3499a287d830@group-03CFDD571251-LeaderElection12] INFO  server.RaftServerConfigKeys (ConfUtils.java:logGet(43)) - raft.server.watch.timeout = 10s (default)
2019-10-02 23:12:17,598 [4aad1d00-506f-4b43-b685-3499a287d830@group-03CFDD571251-LeaderElection12] INFO  server.RaftServerConfigKeys (ConfUtils.java:logGet(43)) - raft.server.watch.timeout.denomination = 1s (default)
2019-10-02 23:12:17,598 [4aad1d00-506f-4b43-b685-3499a287d830@group-03CFDD571251-LeaderElection12] INFO  server.RaftServerConfigKeys (ConfUtils.java:logGet(43)) - raft.server.watch.element-limit = 65536 (default)
2019-10-02 23:12:17,601 [4aad1d00-506f-4b43-b685-3499a287d830@group-03CFDD571251-LeaderElection12] INFO  impl.RoleInfo (RoleInfo.java:updateAndGet(143)) - 4aad1d00-506f-4b43-b685-3499a287d830: start LeaderState
2019-10-02 23:12:17,602 [4aad1d00-506f-4b43-b685-3499a287d830@group-03CFDD571251-LeaderElection12] INFO  segmented.SegmentedRaftLogWorker (SegmentedRaftLogWorker.java:startLogSegment(385)) - 4aad1d00-506f-4b43-b685-3499a287d830@group-03CFDD571251-SegmentedRaftLogWorker: Starting segment from index:0
2019-10-02 23:12:17,602 [4aad1d00-506f-4b43-b685-3499a287d830@group-03CFDD571251-LeaderElection12] INFO  impl.RaftServerImpl (ServerState.java:setRaftConf(356)) - 4aad1d00-506f-4b43-b685-3499a287d830@group-03CFDD571251: set configuration 0: [4aad1d00-506f-4b43-b685-3499a287d830:192.168.30.30:35402], old=null at 0
2019-10-02 23:12:17,676 [Thread-618] INFO  impl.FollowerState (FollowerState.java:run(108)) - e3153cde-2886-4f8d-9def-d8edfebb5088@group-D8541DDB642B-FollowerState: change to CANDIDATE, lastRpcTime:5027ms, electionTimeout:5027ms
2019-10-02 23:12:17,677 [Thread-618] INFO  impl.RoleInfo (RoleInfo.java:shutdownFollowerState(121)) - e3153cde-2886-4f8d-9def-d8edfebb5088: shutdown FollowerState
2019-10-02 23:12:17,677 [Thread-618] INFO  impl.RaftServerImpl (RaftServerImpl.java:setRole(170)) - e3153cde-2886-4f8d-9def-d8edfebb5088@group-D8541DDB642B: changes role from  FOLLOWER to CANDIDATE at term 0 for changeToCandidate
2019-10-02 23:12:17,677 [Thread-618] INFO  impl.RoleInfo (RoleInfo.java:updateAndGet(143)) - e3153cde-2886-4f8d-9def-d8edfebb5088: start LeaderElection
2019-10-02 23:12:17,728 [Thread-621] INFO  impl.FollowerState (FollowerState.java:run(108)) - fda107cf-9dd0-4c6b-80eb-a289445583fd@group-E856C060D8AC-FollowerState: change to CANDIDATE, lastRpcTime:5000ms, electionTimeout:5000ms
2019-10-02 23:12:17,728 [Thread-621] INFO  impl.RoleInfo (RoleInfo.java:shutdownFollowerState(121)) - fda107cf-9dd0-4c6b-80eb-a289445583fd: shutdown FollowerState
2019-10-02 23:12:17,728 [Thread-621] INFO  impl.RaftServerImpl (RaftServerImpl.java:setRole(170)) - fda107cf-9dd0-4c6b-80eb-a289445583fd@group-E856C060D8AC: changes role from  FOLLOWER to CANDIDATE at term 0 for changeToCandidate
2019-10-02 23:12:17,728 [Thread-621] INFO  impl.RoleInfo (RoleInfo.java:updateAndGet(143)) - fda107cf-9dd0-4c6b-80eb-a289445583fd: start LeaderElection
2019-10-02 23:12:17,793 [4aad1d00-506f-4b43-b685-3499a287d830@group-03CFDD571251-SegmentedRaftLogWorker] INFO  segmented.SegmentedRaftLogWorker (SegmentedRaftLogWorker.java:execute(574)) - 4aad1d00-506f-4b43-b685-3499a287d830@group-03CFDD571251-SegmentedRaftLogWorker: created new log segment /workdir/hadoop-ozone/ozonefs/target/test-dir/MiniOzoneClusterImpl-cc76194e-6653-40f0-95eb-7faba7038e3e/datanode-0/data/ratis/eb1e58d1-2dad-42dd-aea2-03cfdd571251/current/log_inprogress_0
2019-10-02 23:12:17,809 [fda107cf-9dd0-4c6b-80eb-a289445583fd@group-E856C060D8AC-LeaderElection14] INFO  impl.LeaderElection (LeaderElection.java:askForVotes(178)) - fda107cf-9dd0-4c6b-80eb-a289445583fd@group-E856C060D8AC-LeaderElection14: begin an election at term 1 for -1: [fda107cf-9dd0-4c6b-80eb-a289445583fd:192.168.30.30:44572], old=null
2019-10-02 23:12:17,809 [e3153cde-2886-4f8d-9def-d8edfebb5088@group-D8541DDB642B-LeaderElection13] INFO  impl.LeaderElection (LeaderElection.java:askForVotes(178)) - e3153cde-2886-4f8d-9def-d8edfebb5088@group-D8541DDB642B-LeaderElection13: begin an election at term 1 for -1: [e3153cde-2886-4f8d-9def-d8edfebb5088:192.168.30.30:40623], old=null
2019-10-02 23:12:17,809 [fda107cf-9dd0-4c6b-80eb-a289445583fd@group-E856C060D8AC-LeaderElection14] INFO  impl.RoleInfo (RoleInfo.java:shutdownLeaderElection(134)) - fda107cf-9dd0-4c6b-80eb-a289445583fd: shutdown LeaderElection
2019-10-02 23:12:17,809 [e3153cde-2886-4f8d-9def-d8edfebb5088@group-D8541DDB642B-LeaderElection13] INFO  impl.RoleInfo (RoleInfo.java:shutdownLeaderElection(134)) - e3153cde-2886-4f8d-9def-d8edfebb5088: shutdown LeaderElection
2019-10-02 23:12:17,809 [fda107cf-9dd0-4c6b-80eb-a289445583fd@group-E856C060D8AC-LeaderElection14] INFO  impl.RaftServerImpl (RaftServerImpl.java:setRole(170)) - fda107cf-9dd0-4c6b-80eb-a289445583fd@group-E856C060D8AC: changes role from CANDIDATE to LEADER at term 1 for changeToLeader
2019-10-02 23:12:17,810 [e3153cde-2886-4f8d-9def-d8edfebb5088@group-D8541DDB642B-LeaderElection13] INFO  impl.RaftServerImpl (RaftServerImpl.java:setRole(170)) - e3153cde-2886-4f8d-9def-d8edfebb5088@group-D8541DDB642B: changes role from CANDIDATE to LEADER at term 1 for changeToLeader
2019-10-02 23:12:17,810 [fda107cf-9dd0-4c6b-80eb-a289445583fd@group-E856C060D8AC-LeaderElection14] INFO  impl.RaftServerImpl (ServerState.java:setLeader(255)) - fda107cf-9dd0-4c6b-80eb-a289445583fd@group-E856C060D8AC: change Leader from null to fda107cf-9dd0-4c6b-80eb-a289445583fd at term 1 for becomeLeader, leader elected after 5092ms
2019-10-02 23:12:17,810 [e3153cde-2886-4f8d-9def-d8edfebb5088@group-D8541DDB642B-LeaderElection13] INFO  impl.RaftServerImpl (ServerState.java:setLeader(255)) - e3153cde-2886-4f8d-9def-d8edfebb5088@group-D8541DDB642B: change Leader from null to e3153cde-2886-4f8d-9def-d8edfebb5088 at term 1 for becomeLeader, leader elected after 5169ms
2019-10-02 23:12:17,810 [fda107cf-9dd0-4c6b-80eb-a289445583fd@group-E856C060D8AC-LeaderElection14] INFO  server.RaftServerConfigKeys (ConfUtils.java:logGet(43)) - raft.server.staging.catchup.gap = 1000 (default)
2019-10-02 23:12:17,810 [e3153cde-2886-4f8d-9def-d8edfebb5088@group-D8541DDB642B-LeaderElection13] INFO  server.RaftServerConfigKeys (ConfUtils.java:logGet(43)) - raft.server.staging.catchup.gap = 1000 (default)
2019-10-02 23:12:17,810 [fda107cf-9dd0-4c6b-80eb-a289445583fd@group-E856C060D8AC-LeaderElection14] INFO  server.RaftServerConfigKeys (ConfUtils.java:logGet(43)) - raft.server.rpc.sleep.time = 25ms (default)
2019-10-02 23:12:17,810 [e3153cde-2886-4f8d-9def-d8edfebb5088@group-D8541DDB642B-LeaderElection13] INFO  server.RaftServerConfigKeys (ConfUtils.java:logGet(43)) - raft.server.rpc.sleep.time = 25ms (default)
2019-10-02 23:12:17,811 [fda107cf-9dd0-4c6b-80eb-a289445583fd@group-E856C060D8AC-LeaderElection14] INFO  server.RaftServerConfigKeys (ConfUtils.java:logGet(43)) - raft.server.write.element-limit = 4096 (default)
2019-10-02 23:12:17,811 [e3153cde-2886-4f8d-9def-d8edfebb5088@group-D8541DDB642B-LeaderElection13] INFO  server.RaftServerConfigKeys (ConfUtils.java:logGet(43)) - raft.server.write.element-limit = 4096 (default)
2019-10-02 23:12:17,811 [fda107cf-9dd0-4c6b-80eb-a289445583fd@group-E856C060D8AC-LeaderElection14] INFO  server.RaftServerConfigKeys (ConfUtils.java:logGet(43)) - raft.server.watch.timeout = 10s (default)
2019-10-02 23:12:17,811 [e3153cde-2886-4f8d-9def-d8edfebb5088@group-D8541DDB642B-LeaderElection13] INFO  server.RaftServerConfigKeys (ConfUtils.java:logGet(43)) - raft.server.watch.timeout = 10s (default)
2019-10-02 23:12:17,811 [fda107cf-9dd0-4c6b-80eb-a289445583fd@group-E856C060D8AC-LeaderElection14] INFO  server.RaftServerConfigKeys (ConfUtils.java:logGet(43)) - raft.server.watch.timeout.denomination = 1s (default)
2019-10-02 23:12:17,811 [e3153cde-2886-4f8d-9def-d8edfebb5088@group-D8541DDB642B-LeaderElection13] INFO  server.RaftServerConfigKeys (ConfUtils.java:logGet(43)) - raft.server.watch.timeout.denomination = 1s (default)
2019-10-02 23:12:17,811 [fda107cf-9dd0-4c6b-80eb-a289445583fd@group-E856C060D8AC-LeaderElection14] INFO  server.RaftServerConfigKeys (ConfUtils.java:logGet(43)) - raft.server.watch.element-limit = 65536 (default)
2019-10-02 23:12:17,812 [e3153cde-2886-4f8d-9def-d8edfebb5088@group-D8541DDB642B-LeaderElection13] INFO  server.RaftServerConfigKeys (ConfUtils.java:logGet(43)) - raft.server.watch.element-limit = 65536 (default)
2019-10-02 23:12:17,815 [fda107cf-9dd0-4c6b-80eb-a289445583fd@group-E856C060D8AC-LeaderElection14] INFO  impl.RoleInfo (RoleInfo.java:updateAndGet(143)) - fda107cf-9dd0-4c6b-80eb-a289445583fd: start LeaderState
2019-10-02 23:12:17,815 [e3153cde-2886-4f8d-9def-d8edfebb5088@group-D8541DDB642B-LeaderElection13] INFO  impl.RoleInfo (RoleInfo.java:updateAndGet(143)) - e3153cde-2886-4f8d-9def-d8edfebb5088: start LeaderState
2019-10-02 23:12:17,815 [fda107cf-9dd0-4c6b-80eb-a289445583fd@group-E856C060D8AC-LeaderElection14] INFO  segmented.SegmentedRaftLogWorker (SegmentedRaftLogWorker.java:startLogSegment(385)) - fda107cf-9dd0-4c6b-80eb-a289445583fd@group-E856C060D8AC-SegmentedRaftLogWorker: Starting segment from index:0
2019-10-02 23:12:17,816 [fda107cf-9dd0-4c6b-80eb-a289445583fd@group-E856C060D8AC-LeaderElection14] INFO  impl.RaftServerImpl (ServerState.java:setRaftConf(356)) - fda107cf-9dd0-4c6b-80eb-a289445583fd@group-E856C060D8AC: set configuration 0: [fda107cf-9dd0-4c6b-80eb-a289445583fd:192.168.30.30:44572], old=null at 0
2019-10-02 23:12:17,816 [e3153cde-2886-4f8d-9def-d8edfebb5088@group-D8541DDB642B-LeaderElection13] INFO  segmented.SegmentedRaftLogWorker (SegmentedRaftLogWorker.java:startLogSegment(385)) - e3153cde-2886-4f8d-9def-d8edfebb5088@group-D8541DDB642B-SegmentedRaftLogWorker: Starting segment from index:0
2019-10-02 23:12:17,818 [e3153cde-2886-4f8d-9def-d8edfebb5088@group-D8541DDB642B-LeaderElection13] INFO  impl.RaftServerImpl (ServerState.java:setRaftConf(356)) - e3153cde-2886-4f8d-9def-d8edfebb5088@group-D8541DDB642B: set configuration 0: [e3153cde-2886-4f8d-9def-d8edfebb5088:192.168.30.30:40623], old=null at 0
2019-10-02 23:12:17,855 [Thread-624] INFO  impl.FollowerState (FollowerState.java:run(108)) - fda107cf-9dd0-4c6b-80eb-a289445583fd@group-D939DD13EBD3-FollowerState: change to CANDIDATE, lastRpcTime:5024ms, electionTimeout:5009ms
2019-10-02 23:12:17,855 [Thread-624] INFO  impl.RoleInfo (RoleInfo.java:shutdownFollowerState(121)) - fda107cf-9dd0-4c6b-80eb-a289445583fd: shutdown FollowerState
2019-10-02 23:12:17,855 [Thread-624] INFO  impl.RaftServerImpl (RaftServerImpl.java:setRole(170)) - fda107cf-9dd0-4c6b-80eb-a289445583fd@group-D939DD13EBD3: changes role from  FOLLOWER to CANDIDATE at term 0 for changeToCandidate
2019-10-02 23:12:17,856 [Thread-624] INFO  impl.RoleInfo (RoleInfo.java:updateAndGet(143)) - fda107cf-9dd0-4c6b-80eb-a289445583fd: start LeaderElection
2019-10-02 23:12:17,872 [fda107cf-9dd0-4c6b-80eb-a289445583fd@group-E856C060D8AC-SegmentedRaftLogWorker] INFO  segmented.SegmentedRaftLogWorker (SegmentedRaftLogWorker.java:execute(574)) - fda107cf-9dd0-4c6b-80eb-a289445583fd@group-E856C060D8AC-SegmentedRaftLogWorker: created new log segment /workdir/hadoop-ozone/ozonefs/target/test-dir/MiniOzoneClusterImpl-cc76194e-6653-40f0-95eb-7faba7038e3e/datanode-2/data/ratis/584ff165-b90c-4dd1-8481-e856c060d8ac/current/log_inprogress_0
2019-10-02 23:12:17,872 [Thread-630] INFO  impl.FollowerState (FollowerState.java:run(108)) - e3153cde-2886-4f8d-9def-d8edfebb5088@group-D939DD13EBD3-FollowerState: change to CANDIDATE, lastRpcTime:5028ms, electionTimeout:5028ms
2019-10-02 23:12:17,872 [fda107cf-9dd0-4c6b-80eb-a289445583fd@group-D939DD13EBD3-LeaderElection15] INFO  impl.LeaderElection (LeaderElection.java:askForVotes(178)) - fda107cf-9dd0-4c6b-80eb-a289445583fd@group-D939DD13EBD3-LeaderElection15: begin an election at term 1 for -1: [4aad1d00-506f-4b43-b685-3499a287d830:192.168.30.30:35402, fda107cf-9dd0-4c6b-80eb-a289445583fd:192.168.30.30:44572, e3153cde-2886-4f8d-9def-d8edfebb5088:192.168.30.30:40623], old=null
2019-10-02 23:12:17,872 [Thread-630] INFO  impl.RoleInfo (RoleInfo.java:shutdownFollowerState(121)) - e3153cde-2886-4f8d-9def-d8edfebb5088: shutdown FollowerState
2019-10-02 23:12:17,872 [e3153cde-2886-4f8d-9def-d8edfebb5088@group-D8541DDB642B-SegmentedRaftLogWorker] INFO  segmented.SegmentedRaftLogWorker (SegmentedRaftLogWorker.java:execute(574)) - e3153cde-2886-4f8d-9def-d8edfebb5088@group-D8541DDB642B-SegmentedRaftLogWorker: created new log segment /workdir/hadoop-ozone/ozonefs/target/test-dir/MiniOzoneClusterImpl-cc76194e-6653-40f0-95eb-7faba7038e3e/datanode-1/data/ratis/c3e5f579-56c0-4bb5-a749-d8541ddb642b/current/log_inprogress_0
2019-10-02 23:12:17,873 [Thread-630] INFO  impl.RaftServerImpl (RaftServerImpl.java:setRole(170)) - e3153cde-2886-4f8d-9def-d8edfebb5088@group-D939DD13EBD3: changes role from  FOLLOWER to CANDIDATE at term 0 for changeToCandidate
2019-10-02 23:12:17,873 [Thread-630] INFO  impl.RoleInfo (RoleInfo.java:updateAndGet(143)) - e3153cde-2886-4f8d-9def-d8edfebb5088: start LeaderElection
2019-10-02 23:12:17,891 [grpc-default-executor-2] INFO  impl.RaftServerImpl (RaftServerImpl.java:setRole(170)) - 4aad1d00-506f-4b43-b685-3499a287d830@group-D939DD13EBD3: changes role from  FOLLOWER to FOLLOWER at term 1 for recognizeCandidate:fda107cf-9dd0-4c6b-80eb-a289445583fd
2019-10-02 23:12:17,891 [grpc-default-executor-2] INFO  impl.RoleInfo (RoleInfo.java:shutdownFollowerState(121)) - 4aad1d00-506f-4b43-b685-3499a287d830: shutdown FollowerState
2019-10-02 23:12:17,891 [grpc-default-executor-2] INFO  impl.RoleInfo (RoleInfo.java:updateAndGet(143)) - 4aad1d00-506f-4b43-b685-3499a287d830: start FollowerState
2019-10-02 23:12:17,891 [Thread-627] INFO  impl.FollowerState (FollowerState.java:run(117)) - 4aad1d00-506f-4b43-b685-3499a287d830@group-D939DD13EBD3-FollowerState was interrupted: java.lang.InterruptedException: sleep interrupted
2019-10-02 23:12:17,901 [e3153cde-2886-4f8d-9def-d8edfebb5088@group-D939DD13EBD3-LeaderElection16] INFO  impl.LeaderElection (LeaderElection.java:askForVotes(178)) - e3153cde-2886-4f8d-9def-d8edfebb5088@group-D939DD13EBD3-LeaderElection16: begin an election at term 1 for -1: [4aad1d00-506f-4b43-b685-3499a287d830:192.168.30.30:35402, fda107cf-9dd0-4c6b-80eb-a289445583fd:192.168.30.30:44572, e3153cde-2886-4f8d-9def-d8edfebb5088:192.168.30.30:40623], old=null
2019-10-02 23:12:17,926 [e3153cde-2886-4f8d-9def-d8edfebb5088@group-D939DD13EBD3-LeaderElection16] INFO  impl.LeaderElection (LeaderElection.java:logAndReturn(56)) - e3153cde-2886-4f8d-9def-d8edfebb5088@group-D939DD13EBD3-LeaderElection16: Election REJECTED; received 2 response(s) [e3153cde-2886-4f8d-9def-d8edfebb5088<-4aad1d00-506f-4b43-b685-3499a287d830#0:FAIL-t1, e3153cde-2886-4f8d-9def-d8edfebb5088<-fda107cf-9dd0-4c6b-80eb-a289445583fd#0:FAIL-t1] and 0 exception(s); e3153cde-2886-4f8d-9def-d8edfebb5088@group-D939DD13EBD3:t1, leader=null, voted=e3153cde-2886-4f8d-9def-d8edfebb5088, raftlog=e3153cde-2886-4f8d-9def-d8edfebb5088@group-D939DD13EBD3-SegmentedRaftLog:OPENED:c-1,f-1,i0, conf=-1: [4aad1d00-506f-4b43-b685-3499a287d830:192.168.30.30:35402, fda107cf-9dd0-4c6b-80eb-a289445583fd:192.168.30.30:44572, e3153cde-2886-4f8d-9def-d8edfebb5088:192.168.30.30:40623], old=null
2019-10-02 23:12:17,926 [e3153cde-2886-4f8d-9def-d8edfebb5088@group-D939DD13EBD3-LeaderElection16] INFO  impl.RaftServerImpl (RaftServerImpl.java:setRole(170)) - e3153cde-2886-4f8d-9def-d8edfebb5088@group-D939DD13EBD3: changes role from CANDIDATE to FOLLOWER at term 1 for DISCOVERED_A_NEW_TERM
2019-10-02 23:12:17,928 [e3153cde-2886-4f8d-9def-d8edfebb5088@group-D939DD13EBD3-LeaderElection16] INFO  impl.RoleInfo (RoleInfo.java:shutdownLeaderElection(134)) - e3153cde-2886-4f8d-9def-d8edfebb5088: shutdown LeaderElection
2019-10-02 23:12:17,928 [fda107cf-9dd0-4c6b-80eb-a289445583fd@group-D939DD13EBD3-LeaderElection15] INFO  impl.LeaderElection (LeaderElection.java:logAndReturn(56)) - fda107cf-9dd0-4c6b-80eb-a289445583fd@group-D939DD13EBD3-LeaderElection15: Election PASSED; received 2 response(s) [fda107cf-9dd0-4c6b-80eb-a289445583fd<-4aad1d00-506f-4b43-b685-3499a287d830#0:OK-t1, fda107cf-9dd0-4c6b-80eb-a289445583fd<-e3153cde-2886-4f8d-9def-d8edfebb5088#0:FAIL-t1] and 0 exception(s); fda107cf-9dd0-4c6b-80eb-a289445583fd@group-D939DD13EBD3:t1, leader=null, voted=fda107cf-9dd0-4c6b-80eb-a289445583fd, raftlog=fda107cf-9dd0-4c6b-80eb-a289445583fd@group-D939DD13EBD3-SegmentedRaftLog:OPENED:c-1,f-1,i0, conf=-1: [4aad1d00-506f-4b43-b685-3499a287d830:192.168.30.30:35402, fda107cf-9dd0-4c6b-80eb-a289445583fd:192.168.30.30:44572, e3153cde-2886-4f8d-9def-d8edfebb5088:192.168.30.30:40623], old=null
2019-10-02 23:12:17,928 [e3153cde-2886-4f8d-9def-d8edfebb5088@group-D939DD13EBD3-LeaderElection16] INFO  impl.RoleInfo (RoleInfo.java:updateAndGet(143)) - e3153cde-2886-4f8d-9def-d8edfebb5088: start FollowerState
2019-10-02 23:12:17,929 [fda107cf-9dd0-4c6b-80eb-a289445583fd@group-D939DD13EBD3-LeaderElection15] INFO  impl.RoleInfo (RoleInfo.java:shutdownLeaderElection(134)) - fda107cf-9dd0-4c6b-80eb-a289445583fd: shutdown LeaderElection
2019-10-02 23:12:17,932 [fda107cf-9dd0-4c6b-80eb-a289445583fd@group-D939DD13EBD3-LeaderElection15] INFO  impl.RaftServerImpl (RaftServerImpl.java:setRole(170)) - fda107cf-9dd0-4c6b-80eb-a289445583fd@group-D939DD13EBD3: changes role from CANDIDATE to LEADER at term 1 for changeToLeader
2019-10-02 23:12:17,932 [fda107cf-9dd0-4c6b-80eb-a289445583fd@group-D939DD13EBD3-LeaderElection15] INFO  impl.RaftServerImpl (ServerState.java:setLeader(255)) - fda107cf-9dd0-4c6b-80eb-a289445583fd@group-D939DD13EBD3: change Leader from null to fda107cf-9dd0-4c6b-80eb-a289445583fd at term 1 for becomeLeader, leader elected after 5109ms
2019-10-02 23:12:17,932 [fda107cf-9dd0-4c6b-80eb-a289445583fd@group-D939DD13EBD3-LeaderElection15] INFO  server.RaftServerConfigKeys (ConfUtils.java:logGet(43)) - raft.server.staging.catchup.gap = 1000 (default)
2019-10-02 23:12:17,932 [fda107cf-9dd0-4c6b-80eb-a289445583fd@group-D939DD13EBD3-LeaderElection15] INFO  server.RaftServerConfigKeys (ConfUtils.java:logGet(43)) - raft.server.rpc.sleep.time = 25ms (default)
2019-10-02 23:12:17,933 [fda107cf-9dd0-4c6b-80eb-a289445583fd@group-D939DD13EBD3-LeaderElection15] INFO  server.RaftServerConfigKeys (ConfUtils.java:logGet(43)) - raft.server.write.element-limit = 4096 (default)
2019-10-02 23:12:17,933 [fda107cf-9dd0-4c6b-80eb-a289445583fd@group-D939DD13EBD3-LeaderElection15] INFO  server.RaftServerConfigKeys (ConfUtils.java:logGet(43)) - raft.server.watch.timeout = 10s (default)
2019-10-02 23:12:17,933 [fda107cf-9dd0-4c6b-80eb-a289445583fd@group-D939DD13EBD3-LeaderElection15] INFO  server.RaftServerConfigKeys (ConfUtils.java:logGet(43)) - raft.server.watch.timeout.denomination = 1s (default)
2019-10-02 23:12:17,933 [fda107cf-9dd0-4c6b-80eb-a289445583fd@group-D939DD13EBD3-LeaderElection15] INFO  server.RaftServerConfigKeys (ConfUtils.java:logGet(43)) - raft.server.watch.element-limit = 65536 (default)
2019-10-02 23:12:17,935 [fda107cf-9dd0-4c6b-80eb-a289445583fd@group-D939DD13EBD3-LeaderElection15] INFO  server.RaftServerConfigKeys (ConfUtils.java:logGet(43)) - raft.server.log.appender.snapshot.chunk.size.max = 16MB (=16777216) (default)
2019-10-02 23:12:17,935 [fda107cf-9dd0-4c6b-80eb-a289445583fd@group-D939DD13EBD3-LeaderElection15] INFO  server.RaftServerConfigKeys (ConfUtils.java:logGet(43)) - raft.server.log.appender.buffer.byte-limit = 33554432 (custom)
2019-10-02 23:12:17,935 [fda107cf-9dd0-4c6b-80eb-a289445583fd@group-D939DD13EBD3-LeaderElection15] INFO  server.RaftServerConfigKeys (ConfUtils.java:logGet(43)) - raft.server.log.appender.buffer.element-limit = 1 (custom)
2019-10-02 23:12:17,935 [fda107cf-9dd0-4c6b-80eb-a289445583fd@group-D939DD13EBD3-LeaderElection15] INFO  grpc.GrpcConfigKeys$Server (ConfUtils.java:logGet(43)) - raft.grpc.server.leader.outstanding.appends.max = 128 (default)
2019-10-02 23:12:17,935 [fda107cf-9dd0-4c6b-80eb-a289445583fd@group-D939DD13EBD3-LeaderElection15] INFO  server.RaftServerConfigKeys (ConfUtils.java:logGet(43)) - raft.server.rpc.request.timeout = 3000ms (default)
2019-10-02 23:12:17,936 [fda107cf-9dd0-4c6b-80eb-a289445583fd@group-D939DD13EBD3-LeaderElection15] INFO  server.RaftServerConfigKeys (ConfUtils.java:logGet(43)) - raft.server.log.appender.install.snapshot.enabled = false (custom)
2019-10-02 23:12:17,936 [fda107cf-9dd0-4c6b-80eb-a289445583fd@group-D939DD13EBD3-LeaderElection15] INFO  server.RaftServerConfigKeys (ConfUtils.java:logGet(43)) - raft.server.log.appender.snapshot.chunk.size.max = 16MB (=16777216) (default)
2019-10-02 23:12:17,936 [fda107cf-9dd0-4c6b-80eb-a289445583fd@group-D939DD13EBD3-LeaderElection15] INFO  server.RaftServerConfigKeys (ConfUtils.java:logGet(43)) - raft.server.log.appender.buffer.byte-limit = 33554432 (custom)
2019-10-02 23:12:17,936 [fda107cf-9dd0-4c6b-80eb-a289445583fd@group-D939DD13EBD3-LeaderElection15] INFO  server.RaftServerConfigKeys (ConfUtils.java:logGet(43)) - raft.server.log.appender.buffer.element-limit = 1 (custom)
2019-10-02 23:12:17,936 [fda107cf-9dd0-4c6b-80eb-a289445583fd@group-D939DD13EBD3-LeaderElection15] INFO  grpc.GrpcConfigKeys$Server (ConfUtils.java:logGet(43)) - raft.grpc.server.leader.outstanding.appends.max = 128 (default)
2019-10-02 23:12:17,936 [fda107cf-9dd0-4c6b-80eb-a289445583fd@group-D939DD13EBD3-LeaderElection15] INFO  server.RaftServerConfigKeys (ConfUtils.java:logGet(43)) - raft.server.rpc.request.timeout = 3000ms (default)
2019-10-02 23:12:17,936 [fda107cf-9dd0-4c6b-80eb-a289445583fd@group-D939DD13EBD3-LeaderElection15] INFO  server.RaftServerConfigKeys (ConfUtils.java:logGet(43)) - raft.server.log.appender.install.snapshot.enabled = false (custom)
2019-10-02 23:12:17,937 [fda107cf-9dd0-4c6b-80eb-a289445583fd@group-D939DD13EBD3-LeaderElection15] INFO  impl.RoleInfo (RoleInfo.java:updateAndGet(143)) - fda107cf-9dd0-4c6b-80eb-a289445583fd: start LeaderState
2019-10-02 23:12:17,937 [fda107cf-9dd0-4c6b-80eb-a289445583fd@group-D939DD13EBD3-LeaderElection15] INFO  segmented.SegmentedRaftLogWorker (SegmentedRaftLogWorker.java:startLogSegment(385)) - fda107cf-9dd0-4c6b-80eb-a289445583fd@group-D939DD13EBD3-SegmentedRaftLogWorker: Starting segment from index:0
2019-10-02 23:12:17,938 [fda107cf-9dd0-4c6b-80eb-a289445583fd@group-D939DD13EBD3-LeaderElection15] INFO  impl.RaftServerImpl (ServerState.java:setRaftConf(356)) - fda107cf-9dd0-4c6b-80eb-a289445583fd@group-D939DD13EBD3: set configuration 0: [4aad1d00-506f-4b43-b685-3499a287d830:192.168.30.30:35402, fda107cf-9dd0-4c6b-80eb-a289445583fd:192.168.30.30:44572, e3153cde-2886-4f8d-9def-d8edfebb5088:192.168.30.30:40623], old=null at 0
2019-10-02 23:12:17,971 [grpc-default-executor-2] INFO  impl.RaftServerImpl (ServerState.java:setLeader(255)) - 4aad1d00-506f-4b43-b685-3499a287d830@group-D939DD13EBD3: change Leader from null to fda107cf-9dd0-4c6b-80eb-a289445583fd at term 1 for appendEntries, leader elected after 5150ms
2019-10-02 23:12:17,971 [grpc-default-executor-0] INFO  impl.RaftServerImpl (ServerState.java:setLeader(255)) - e3153cde-2886-4f8d-9def-d8edfebb5088@group-D939DD13EBD3: change Leader from null to fda107cf-9dd0-4c6b-80eb-a289445583fd at term 1 for appendEntries, leader elected after 5150ms
2019-10-02 23:12:17,976 [grpc-default-executor-0] INFO  impl.RaftServerImpl (ServerState.java:setRaftConf(356)) - e3153cde-2886-4f8d-9def-d8edfebb5088@group-D939DD13EBD3: set configuration 0: [4aad1d00-506f-4b43-b685-3499a287d830:192.168.30.30:35402, fda107cf-9dd0-4c6b-80eb-a289445583fd:192.168.30.30:44572, e3153cde-2886-4f8d-9def-d8edfebb5088:192.168.30.30:40623], old=null at 0
2019-10-02 23:12:17,977 [grpc-default-executor-2] INFO  impl.RaftServerImpl (ServerState.java:setRaftConf(356)) - 4aad1d00-506f-4b43-b685-3499a287d830@group-D939DD13EBD3: set configuration 0: [4aad1d00-506f-4b43-b685-3499a287d830:192.168.30.30:35402, fda107cf-9dd0-4c6b-80eb-a289445583fd:192.168.30.30:44572, e3153cde-2886-4f8d-9def-d8edfebb5088:192.168.30.30:40623], old=null at 0
2019-10-02 23:12:17,977 [grpc-default-executor-0] INFO  segmented.SegmentedRaftLogWorker (SegmentedRaftLogWorker.java:startLogSegment(385)) - e3153cde-2886-4f8d-9def-d8edfebb5088@group-D939DD13EBD3-SegmentedRaftLogWorker: Starting segment from index:0
2019-10-02 23:12:17,977 [grpc-default-executor-2] INFO  segmented.SegmentedRaftLogWorker (SegmentedRaftLogWorker.java:startLogSegment(385)) - 4aad1d00-506f-4b43-b685-3499a287d830@group-D939DD13EBD3-SegmentedRaftLogWorker: Starting segment from index:0
2019-10-02 23:12:17,985 [fda107cf-9dd0-4c6b-80eb-a289445583fd@group-D939DD13EBD3-SegmentedRaftLogWorker] INFO  segmented.SegmentedRaftLogWorker (SegmentedRaftLogWorker.java:execute(574)) - fda107cf-9dd0-4c6b-80eb-a289445583fd@group-D939DD13EBD3-SegmentedRaftLogWorker: created new log segment /workdir/hadoop-ozone/ozonefs/target/test-dir/MiniOzoneClusterImpl-cc76194e-6653-40f0-95eb-7faba7038e3e/datanode-2/data/ratis/5ce198f2-b32a-43fa-9514-d939dd13ebd3/current/log_inprogress_0
2019-10-02 23:12:18,038 [e3153cde-2886-4f8d-9def-d8edfebb5088@group-D939DD13EBD3-SegmentedRaftLogWorker] INFO  segmented.SegmentedRaftLogWorker (SegmentedRaftLogWorker.java:execute(574)) - e3153cde-2886-4f8d-9def-d8edfebb5088@group-D939DD13EBD3-SegmentedRaftLogWorker: created new log segment /workdir/hadoop-ozone/ozonefs/target/test-dir/MiniOzoneClusterImpl-cc76194e-6653-40f0-95eb-7faba7038e3e/datanode-1/data/ratis/5ce198f2-b32a-43fa-9514-d939dd13ebd3/current/log_inprogress_0
2019-10-02 23:12:18,038 [4aad1d00-506f-4b43-b685-3499a287d830@group-D939DD13EBD3-SegmentedRaftLogWorker] INFO  segmented.SegmentedRaftLogWorker (SegmentedRaftLogWorker.java:execute(574)) - 4aad1d00-506f-4b43-b685-3499a287d830@group-D939DD13EBD3-SegmentedRaftLogWorker: created new log segment /workdir/hadoop-ozone/ozonefs/target/test-dir/MiniOzoneClusterImpl-cc76194e-6653-40f0-95eb-7faba7038e3e/datanode-0/data/ratis/5ce198f2-b32a-43fa-9514-d939dd13ebd3/current/log_inprogress_0
2019-10-02 23:12:18,667 [Thread-441] INFO  ozoneimpl.OzoneContainer (OzoneContainer.java:stop(231)) - Attempting to stop container services.
2019-10-02 23:12:18,667 [ForkJoinPool.commonPool-worker-1] INFO  ozoneimpl.OzoneContainer (OzoneContainer.java:stop(231)) - Attempting to stop container services.
2019-10-02 23:12:18,668 [Thread-441] INFO  impl.RaftServerProxy (RaftServerProxy.java:lambda$close$4(314)) - e3153cde-2886-4f8d-9def-d8edfebb5088: close
2019-10-02 23:12:18,668 [ForkJoinPool.commonPool-worker-1] INFO  impl.RaftServerProxy (RaftServerProxy.java:lambda$close$4(314)) - 4aad1d00-506f-4b43-b685-3499a287d830: close
2019-10-02 23:12:18,668 [Thread-441] INFO  impl.RaftServerImpl (RaftServerImpl.java:lambda$shutdown$3(247)) - e3153cde-2886-4f8d-9def-d8edfebb5088@group-D8541DDB642B: shutdown
2019-10-02 23:12:18,668 [ForkJoinPool.commonPool-worker-1] INFO  impl.RaftServerImpl (RaftServerImpl.java:lambda$shutdown$3(247)) - 4aad1d00-506f-4b43-b685-3499a287d830@group-03CFDD571251: shutdown
2019-10-02 23:12:18,668 [Thread-441] INFO  util.JmxRegister (JmxRegister.java:unregister(73)) - Successfully un-registered JMX Bean with object name Ratis:service=RaftServer,group=group-D8541DDB642B,id=e3153cde-2886-4f8d-9def-d8edfebb5088
2019-10-02 23:12:18,669 [ForkJoinPool.commonPool-worker-1] INFO  util.JmxRegister (JmxRegister.java:unregister(73)) - Successfully un-registered JMX Bean with object name Ratis:service=RaftServer,group=group-03CFDD571251,id=4aad1d00-506f-4b43-b685-3499a287d830
2019-10-02 23:12:18,669 [Thread-441] INFO  impl.RoleInfo (RoleInfo.java:shutdownLeaderState(104)) - e3153cde-2886-4f8d-9def-d8edfebb5088: shutdown LeaderState
2019-10-02 23:12:18,669 [ForkJoinPool.commonPool-worker-1] INFO  impl.RoleInfo (RoleInfo.java:shutdownLeaderState(104)) - 4aad1d00-506f-4b43-b685-3499a287d830: shutdown LeaderState
2019-10-02 23:12:18,669 [Thread-441] INFO  impl.PendingRequests (PendingRequests.java:sendNotLeaderResponses(202)) - e3153cde-2886-4f8d-9def-d8edfebb5088@group-D8541DDB642B-PendingRequests: sendNotLeaderResponses
2019-10-02 23:12:18,670 [ForkJoinPool.commonPool-worker-1] INFO  impl.PendingRequests (PendingRequests.java:sendNotLeaderResponses(202)) - 4aad1d00-506f-4b43-b685-3499a287d830@group-03CFDD571251-PendingRequests: sendNotLeaderResponses
2019-10-02 23:12:18,670 [Thread-441] INFO  impl.StateMachineUpdater (StateMachineUpdater.java:stopAndJoin(136)) - e3153cde-2886-4f8d-9def-d8edfebb5088@group-D8541DDB642B-StateMachineUpdater: set stopIndex = 0
2019-10-02 23:12:18,672 [Thread-441] INFO  impl.RaftServerImpl (ServerState.java:close(387)) - e3153cde-2886-4f8d-9def-d8edfebb5088@group-D8541DDB642B: closes. applyIndex: 0
2019-10-02 23:12:18,670 [ForkJoinPool.commonPool-worker-1] INFO  impl.StateMachineUpdater (StateMachineUpdater.java:stopAndJoin(136)) - 4aad1d00-506f-4b43-b685-3499a287d830@group-03CFDD571251-StateMachineUpdater: set stopIndex = 0
2019-10-02 23:12:18,674 [e3153cde-2886-4f8d-9def-d8edfebb5088@group-D8541DDB642B-SegmentedRaftLogWorker] INFO  segmented.SegmentedRaftLogWorker (SegmentedRaftLogWorker.java:run(316)) - e3153cde-2886-4f8d-9def-d8edfebb5088@group-D8541DDB642B-SegmentedRaftLogWorker was interrupted, exiting. There are 0 tasks remaining in the queue.
2019-10-02 23:12:18,674 [ForkJoinPool.commonPool-worker-1] INFO  impl.RaftServerImpl (ServerState.java:close(387)) - 4aad1d00-506f-4b43-b685-3499a287d830@group-03CFDD571251: closes. applyIndex: 0
2019-10-02 23:12:18,676 [Thread-441] INFO  segmented.SegmentedRaftLogWorker (SegmentedRaftLogWorker.java:close(224)) - e3153cde-2886-4f8d-9def-d8edfebb5088@group-D8541DDB642B-SegmentedRaftLogWorker close()
2019-10-02 23:12:18,676 [4aad1d00-506f-4b43-b685-3499a287d830@group-03CFDD571251-SegmentedRaftLogWorker] INFO  segmented.SegmentedRaftLogWorker (SegmentedRaftLogWorker.java:run(316)) - 4aad1d00-506f-4b43-b685-3499a287d830@group-03CFDD571251-SegmentedRaftLogWorker was interrupted, exiting. There are 0 tasks remaining in the queue.
2019-10-02 23:12:18,679 [Thread-441] INFO  impl.RaftServerImpl (RaftServerImpl.java:lambda$shutdown$3(247)) - e3153cde-2886-4f8d-9def-d8edfebb5088@group-D939DD13EBD3: shutdown
2019-10-02 23:12:18,680 [ForkJoinPool.commonPool-worker-1] INFO  segmented.SegmentedRaftLogWorker (SegmentedRaftLogWorker.java:close(224)) - 4aad1d00-506f-4b43-b685-3499a287d830@group-03CFDD571251-SegmentedRaftLogWorker close()
2019-10-02 23:12:18,680 [Thread-441] INFO  util.JmxRegister (JmxRegister.java:unregister(73)) - Successfully un-registered JMX Bean with object name Ratis:service=RaftServer,group=group-D939DD13EBD3,id=e3153cde-2886-4f8d-9def-d8edfebb5088
2019-10-02 23:12:18,683 [ForkJoinPool.commonPool-worker-1] INFO  impl.RaftServerImpl (RaftServerImpl.java:lambda$shutdown$3(247)) - 4aad1d00-506f-4b43-b685-3499a287d830@group-D939DD13EBD3: shutdown
2019-10-02 23:12:18,683 [Thread-441] INFO  impl.RoleInfo (RoleInfo.java:shutdownFollowerState(121)) - e3153cde-2886-4f8d-9def-d8edfebb5088: shutdown FollowerState
2019-10-02 23:12:18,684 [ForkJoinPool.commonPool-worker-1] INFO  util.JmxRegister (JmxRegister.java:unregister(73)) - Successfully un-registered JMX Bean with object name Ratis:service=RaftServer,group=group-D939DD13EBD3,id=4aad1d00-506f-4b43-b685-3499a287d830
2019-10-02 23:12:18,684 [Thread-649] INFO  impl.FollowerState (FollowerState.java:run(117)) - e3153cde-2886-4f8d-9def-d8edfebb5088@group-D939DD13EBD3-FollowerState was interrupted: java.lang.InterruptedException: sleep interrupted
2019-10-02 23:12:18,684 [Thread-441] INFO  impl.StateMachineUpdater (StateMachineUpdater.java:stopAndJoin(136)) - e3153cde-2886-4f8d-9def-d8edfebb5088@group-D939DD13EBD3-StateMachineUpdater: set stopIndex = -1
2019-10-02 23:12:18,687 [Thread-441] INFO  impl.RaftServerImpl (ServerState.java:close(387)) - e3153cde-2886-4f8d-9def-d8edfebb5088@group-D939DD13EBD3: closes. applyIndex: -1
2019-10-02 23:12:18,685 [ForkJoinPool.commonPool-worker-1] INFO  impl.RoleInfo (RoleInfo.java:shutdownFollowerState(121)) - 4aad1d00-506f-4b43-b685-3499a287d830: shutdown FollowerState
2019-10-02 23:12:18,687 [e3153cde-2886-4f8d-9def-d8edfebb5088@group-D939DD13EBD3-SegmentedRaftLogWorker] INFO  segmented.SegmentedRaftLogWorker (SegmentedRaftLogWorker.java:run(316)) - e3153cde-2886-4f8d-9def-d8edfebb5088@group-D939DD13EBD3-SegmentedRaftLogWorker was interrupted, exiting. There are 0 tasks remaining in the queue.
2019-10-02 23:12:18,687 [ForkJoinPool.commonPool-worker-1] INFO  impl.StateMachineUpdater (StateMachineUpdater.java:stopAndJoin(136)) - 4aad1d00-506f-4b43-b685-3499a287d830@group-D939DD13EBD3-StateMachineUpdater: set stopIndex = -1
2019-10-02 23:12:18,690 [Thread-441] INFO  segmented.SegmentedRaftLogWorker (SegmentedRaftLogWorker.java:close(224)) - e3153cde-2886-4f8d-9def-d8edfebb5088@group-D939DD13EBD3-SegmentedRaftLogWorker close()
2019-10-02 23:12:18,687 [Thread-646] INFO  impl.FollowerState (FollowerState.java:run(117)) - 4aad1d00-506f-4b43-b685-3499a287d830@group-D939DD13EBD3-FollowerState was interrupted: java.lang.InterruptedException: sleep interrupted
2019-10-02 23:12:18,693 [Thread-441] INFO  server.GrpcService (GrpcService.java:closeImpl(164)) - e3153cde-2886-4f8d-9def-d8edfebb5088: shutdown server with port 40623 now
2019-10-02 23:12:18,690 [ForkJoinPool.commonPool-worker-1] INFO  impl.RaftServerImpl (ServerState.java:close(387)) - 4aad1d00-506f-4b43-b685-3499a287d830@group-D939DD13EBD3: closes. applyIndex: -1
2019-10-02 23:12:18,696 [4aad1d00-506f-4b43-b685-3499a287d830@group-D939DD13EBD3-SegmentedRaftLogWorker] INFO  segmented.SegmentedRaftLogWorker (SegmentedRaftLogWorker.java:run(316)) - 4aad1d00-506f-4b43-b685-3499a287d830@group-D939DD13EBD3-SegmentedRaftLogWorker was interrupted, exiting. There are 0 tasks remaining in the queue.
2019-10-02 23:12:18,697 [ForkJoinPool.commonPool-worker-1] INFO  segmented.SegmentedRaftLogWorker (SegmentedRaftLogWorker.java:close(224)) - 4aad1d00-506f-4b43-b685-3499a287d830@group-D939DD13EBD3-SegmentedRaftLogWorker close()
2019-10-02 23:12:18,699 [grpc-default-executor-2] WARN  server.GrpcServerProtocolService (LogUtils.java:warn(134)) - e3153cde-2886-4f8d-9def-d8edfebb5088: installSnapshot onError, lastRequest: fda107cf-9dd0-4c6b-80eb-a289445583fd->e3153cde-2886-4f8d-9def-d8edfebb5088#1-t1, previous=(t:0, i:0), leaderCommit=-1, initializing? false, entries: size=1, first=(t:1, i:0), CONFIGURATIONENTRY: org.apache.ratis.thirdparty.io.grpc.StatusRuntimeException: CANCELLED: cancelled before receiving half close
2019-10-02 23:12:18,700 [ForkJoinPool.commonPool-worker-1] INFO  server.GrpcService (GrpcService.java:closeImpl(164)) - 4aad1d00-506f-4b43-b685-3499a287d830: shutdown server with port 35402 now
2019-10-02 23:12:18,702 [Thread-441] INFO  server.GrpcService (GrpcService.java:closeImpl(172)) - e3153cde-2886-4f8d-9def-d8edfebb5088: shutdown server with port 40623 successfully
2019-10-02 23:12:18,702 [grpc-default-executor-0] WARN  server.GrpcLogAppender (LogUtils.java:warn(134)) - fda107cf-9dd0-4c6b-80eb-a289445583fd@group-D939DD13EBD3->e3153cde-2886-4f8d-9def-d8edfebb5088-AppendLogResponseHandler: Failed appendEntries: org.apache.ratis.thirdparty.io.grpc.StatusRuntimeException: CANCELLED: HTTP/2 error code: CANCEL
Received Rst Stream
2019-10-02 23:12:18,703 [grpc-default-executor-3] WARN  server.GrpcServerProtocolService (LogUtils.java:warn(134)) - 4aad1d00-506f-4b43-b685-3499a287d830: installSnapshot onError, lastRequest: fda107cf-9dd0-4c6b-80eb-a289445583fd->4aad1d00-506f-4b43-b685-3499a287d830#1-t1, previous=(t:0, i:0), leaderCommit=-1, initializing? false, entries: size=1, first=(t:1, i:0), CONFIGURATIONENTRY: org.apache.ratis.thirdparty.io.grpc.StatusRuntimeException: CANCELLED: cancelled before receiving half close
2019-10-02 23:12:18,705 [grpc-default-executor-0] INFO  impl.FollowerInfo (FollowerInfo.java:lambda$new$0(51)) - fda107cf-9dd0-4c6b-80eb-a289445583fd@group-D939DD13EBD3->e3153cde-2886-4f8d-9def-d8edfebb5088: nextIndex: updateUnconditionally 1 -> 0
2019-10-02 23:12:18,705 [grpc-default-executor-1] WARN  server.GrpcLogAppender (LogUtils.java:warn(134)) - fda107cf-9dd0-4c6b-80eb-a289445583fd@group-D939DD13EBD3->4aad1d00-506f-4b43-b685-3499a287d830-AppendLogResponseHandler: Failed appendEntries: org.apache.ratis.thirdparty.io.grpc.StatusRuntimeException: CANCELLED: HTTP/2 error code: CANCEL
Received Rst Stream
2019-10-02 23:12:18,707 [ForkJoinPool.commonPool-worker-1] INFO  server.GrpcService (GrpcService.java:closeImpl(172)) - 4aad1d00-506f-4b43-b685-3499a287d830: shutdown server with port 35402 successfully
2019-10-02 23:12:18,707 [grpc-default-executor-1] INFO  impl.FollowerInfo (FollowerInfo.java:lambda$new$0(51)) - fda107cf-9dd0-4c6b-80eb-a289445583fd@group-D939DD13EBD3->4aad1d00-506f-4b43-b685-3499a287d830: nextIndex: updateUnconditionally 1 -> 0
2019-10-02 23:12:18,708 [refreshUsed-/workdir/hadoop-ozone/ozonefs/target/test-dir/MiniOzoneClusterImpl-cc76194e-6653-40f0-95eb-7faba7038e3e/datanode-1/data/containers] WARN  fs.CachingGetSpaceUsed (CachingGetSpaceUsed.java:run(183)) - Thread Interrupted waiting to refresh disk information: sleep interrupted
2019-10-02 23:12:18,710 [refreshUsed-/workdir/hadoop-ozone/ozonefs/target/test-dir/MiniOzoneClusterImpl-cc76194e-6653-40f0-95eb-7faba7038e3e/datanode-0/data/containers] WARN  fs.CachingGetSpaceUsed (CachingGetSpaceUsed.java:run(183)) - Thread Interrupted waiting to refresh disk information: sleep interrupted
2019-10-02 23:12:18,737 [ForkJoinPool.commonPool-worker-1] INFO  utils.BackgroundService (BackgroundService.java:shutdown(148)) - Shutting down service BlockDeletingService
2019-10-02 23:12:18,738 [Thread-441] INFO  utils.BackgroundService (BackgroundService.java:shutdown(148)) - Shutting down service BlockDeletingService
2019-10-02 23:12:18,741 [ForkJoinPool.commonPool-worker-1] INFO  statemachine.DatanodeStateMachine (DatanodeStateMachine.java:stopDaemon(395)) - Ozone container server stopped.
2019-10-02 23:12:18,743 [Thread-441] INFO  statemachine.DatanodeStateMachine (DatanodeStateMachine.java:stopDaemon(395)) - Ozone container server stopped.
2019-10-02 23:12:18,745 [ForkJoinPool.commonPool-worker-1] INFO  handler.ContextHandler (ContextHandler.java:doStop(910)) - Stopped o.e.j.w.WebAppContext@7ff5df8a{/,null,UNAVAILABLE}{/hddsDatanode}
2019-10-02 23:12:18,745 [Thread-441] INFO  handler.ContextHandler (ContextHandler.java:doStop(910)) - Stopped o.e.j.w.WebAppContext@491f329f{/,null,UNAVAILABLE}{/hddsDatanode}
2019-10-02 23:12:18,745 [ForkJoinPool.commonPool-worker-1] INFO  server.AbstractConnector (AbstractConnector.java:doStop(318)) - Stopped ServerConnector@445bed89{HTTP/1.1,[http/1.1]}{0.0.0.0:0}
2019-10-02 23:12:18,746 [Thread-441] INFO  server.AbstractConnector (AbstractConnector.java:doStop(318)) - Stopped ServerConnector@5d478b85{HTTP/1.1,[http/1.1]}{0.0.0.0:0}
2019-10-02 23:12:18,747 [ForkJoinPool.commonPool-worker-1] INFO  handler.ContextHandler (ContextHandler.java:doStop(910)) - Stopped o.e.j.s.ServletContextHandler@325aca7b{/static,jar:file:/home/user/.m2/repository/org/apache/hadoop/hadoop-hdds-container-service/0.5.0-SNAPSHOT/hadoop-hdds-container-service-0.5.0-SNAPSHOT.jar!/webapps/static,UNAVAILABLE}
2019-10-02 23:12:18,747 [Thread-441] INFO  handler.ContextHandler (ContextHandler.java:doStop(910)) - Stopped o.e.j.s.ServletContextHandler@427a1568{/static,jar:file:/home/user/.m2/repository/org/apache/hadoop/hadoop-hdds-container-service/0.5.0-SNAPSHOT/hadoop-hdds-container-service-0.5.0-SNAPSHOT.jar!/webapps/static,UNAVAILABLE}
2019-10-02 23:12:18,748 [ForkJoinPool.commonPool-worker-1] INFO  handler.ContextHandler (ContextHandler.java:doStop(910)) - Stopped o.e.j.s.ServletContextHandler@76c2465d{/logs,file:///workdir/hadoop-ozone/ozonefs/target/log,UNAVAILABLE}
2019-10-02 23:12:18,748 [Thread-441] INFO  handler.ContextHandler (ContextHandler.java:doStop(910)) - Stopped o.e.j.s.ServletContextHandler@efaec3f{/logs,file:///workdir/hadoop-ozone/ozonefs/target/log,UNAVAILABLE}
2019-10-02 23:12:19,515 [Datanode State Machine Thread - 0] INFO  statemachine.DatanodeStateMachine (DatanodeStateMachine.java:lambda$startDaemon$0(350)) - Ozone container server started.
2019-10-02 23:12:20,560 [grpc-default-executor-4] WARN  server.GrpcLogAppender (LogUtils.java:warn(134)) - fda107cf-9dd0-4c6b-80eb-a289445583fd@group-D939DD13EBD3->4aad1d00-506f-4b43-b685-3499a287d830-AppendLogResponseHandler: Failed appendEntries: org.apache.ratis.thirdparty.io.grpc.StatusRuntimeException: UNAVAILABLE: io exception
2019-10-02 23:12:20,560 [grpc-default-executor-5] WARN  server.GrpcLogAppender (LogUtils.java:warn(134)) - fda107cf-9dd0-4c6b-80eb-a289445583fd@group-D939DD13EBD3->e3153cde-2886-4f8d-9def-d8edfebb5088-AppendLogResponseHandler: Failed appendEntries: org.apache.ratis.thirdparty.io.grpc.StatusRuntimeException: UNAVAILABLE: io exception
2019-10-02 23:12:20,561 [grpc-default-executor-4] INFO  impl.FollowerInfo (FollowerInfo.java:lambda$new$0(51)) - fda107cf-9dd0-4c6b-80eb-a289445583fd@group-D939DD13EBD3->4aad1d00-506f-4b43-b685-3499a287d830: nextIndex: updateUnconditionally 0 -> 0
2019-10-02 23:12:20,562 [grpc-default-executor-5] INFO  impl.FollowerInfo (FollowerInfo.java:lambda$new$0(51)) - fda107cf-9dd0-4c6b-80eb-a289445583fd@group-D939DD13EBD3->e3153cde-2886-4f8d-9def-d8edfebb5088: nextIndex: updateUnconditionally 0 -> 0
2019-10-02 23:12:23,061 [grpc-default-executor-2] WARN  server.GrpcLogAppender (LogUtils.java:warn(134)) - fda107cf-9dd0-4c6b-80eb-a289445583fd@group-D939DD13EBD3->4aad1d00-506f-4b43-b685-3499a287d830-AppendLogResponseHandler: Failed appendEntries: org.apache.ratis.thirdparty.io.grpc.StatusRuntimeException: UNAVAILABLE: io exception
2019-10-02 23:12:23,062 [grpc-default-executor-0] WARN  server.GrpcLogAppender (LogUtils.java:warn(134)) - fda107cf-9dd0-4c6b-80eb-a289445583fd@group-D939DD13EBD3->e3153cde-2886-4f8d-9def-d8edfebb5088-AppendLogResponseHandler: Failed appendEntries: org.apache.ratis.thirdparty.io.grpc.StatusRuntimeException: UNAVAILABLE: io exception
2019-10-02 23:12:23,065 [grpc-default-executor-2] INFO  impl.FollowerInfo (FollowerInfo.java:lambda$new$0(51)) - fda107cf-9dd0-4c6b-80eb-a289445583fd@group-D939DD13EBD3->4aad1d00-506f-4b43-b685-3499a287d830: nextIndex: updateUnconditionally 0 -> 0
2019-10-02 23:12:23,066 [grpc-default-executor-0] INFO  impl.FollowerInfo (FollowerInfo.java:lambda$new$0(51)) - fda107cf-9dd0-4c6b-80eb-a289445583fd@group-D939DD13EBD3->e3153cde-2886-4f8d-9def-d8edfebb5088: nextIndex: updateUnconditionally 0 -> 0
2019-10-02 23:12:23,750 [ForkJoinPool.commonPool-worker-1] INFO  ozoneimpl.OzoneContainer (OzoneContainer.java:stop(231)) - Attempting to stop container services.
2019-10-02 23:12:23,750 [ForkJoinPool.commonPool-worker-1] INFO  impl.RaftServerProxy (RaftServerProxy.java:lambda$close$4(314)) - fda107cf-9dd0-4c6b-80eb-a289445583fd: close
2019-10-02 23:12:23,750 [ForkJoinPool.commonPool-worker-1] INFO  impl.RaftServerImpl (RaftServerImpl.java:lambda$shutdown$3(247)) - fda107cf-9dd0-4c6b-80eb-a289445583fd@group-E856C060D8AC: shutdown
2019-10-02 23:12:23,750 [ForkJoinPool.commonPool-worker-1] INFO  util.JmxRegister (JmxRegister.java:unregister(73)) - Successfully un-registered JMX Bean with object name Ratis:service=RaftServer,group=group-E856C060D8AC,id=fda107cf-9dd0-4c6b-80eb-a289445583fd
2019-10-02 23:12:23,751 [ForkJoinPool.commonPool-worker-1] INFO  impl.RoleInfo (RoleInfo.java:shutdownLeaderState(104)) - fda107cf-9dd0-4c6b-80eb-a289445583fd: shutdown LeaderState
2019-10-02 23:12:23,751 [ForkJoinPool.commonPool-worker-1] INFO  impl.PendingRequests (PendingRequests.java:sendNotLeaderResponses(202)) - fda107cf-9dd0-4c6b-80eb-a289445583fd@group-E856C060D8AC-PendingRequests: sendNotLeaderResponses
2019-10-02 23:12:23,751 [ForkJoinPool.commonPool-worker-1] INFO  impl.StateMachineUpdater (StateMachineUpdater.java:stopAndJoin(136)) - fda107cf-9dd0-4c6b-80eb-a289445583fd@group-E856C060D8AC-StateMachineUpdater: set stopIndex = 0
2019-10-02 23:12:23,752 [ForkJoinPool.commonPool-worker-1] INFO  impl.RaftServerImpl (ServerState.java:close(387)) - fda107cf-9dd0-4c6b-80eb-a289445583fd@group-E856C060D8AC: closes. applyIndex: 0
2019-10-02 23:12:23,753 [fda107cf-9dd0-4c6b-80eb-a289445583fd@group-E856C060D8AC-SegmentedRaftLogWorker] INFO  segmented.SegmentedRaftLogWorker (SegmentedRaftLogWorker.java:run(316)) - fda107cf-9dd0-4c6b-80eb-a289445583fd@group-E856C060D8AC-SegmentedRaftLogWorker was interrupted, exiting. There are 0 tasks remaining in the queue.
2019-10-02 23:12:23,753 [ForkJoinPool.commonPool-worker-1] INFO  segmented.SegmentedRaftLogWorker (SegmentedRaftLogWorker.java:close(224)) - fda107cf-9dd0-4c6b-80eb-a289445583fd@group-E856C060D8AC-SegmentedRaftLogWorker close()
2019-10-02 23:12:23,754 [ForkJoinPool.commonPool-worker-1] INFO  impl.RaftServerImpl (RaftServerImpl.java:lambda$shutdown$3(247)) - fda107cf-9dd0-4c6b-80eb-a289445583fd@group-D939DD13EBD3: shutdown
2019-10-02 23:12:23,755 [ForkJoinPool.commonPool-worker-1] INFO  util.JmxRegister (JmxRegister.java:unregister(73)) - Successfully un-registered JMX Bean with object name Ratis:service=RaftServer,group=group-D939DD13EBD3,id=fda107cf-9dd0-4c6b-80eb-a289445583fd
2019-10-02 23:12:23,755 [ForkJoinPool.commonPool-worker-1] INFO  impl.RoleInfo (RoleInfo.java:shutdownLeaderState(104)) - fda107cf-9dd0-4c6b-80eb-a289445583fd: shutdown LeaderState
2019-10-02 23:12:23,756 [org.apache.ratis.server.impl.LogAppender$AppenderDaemon$$Lambda$464/544210430@4136a002] WARN  server.GrpcLogAppender (GrpcLogAppender.java:mayWait(143)) - fda107cf-9dd0-4c6b-80eb-a289445583fd@group-D939DD13EBD3->4aad1d00-506f-4b43-b685-3499a287d830-GrpcLogAppender: Wait interrupted by java.lang.InterruptedException
2019-10-02 23:12:23,756 [org.apache.ratis.server.impl.LogAppender$AppenderDaemon$$Lambda$464/544210430@2d3a0d61] WARN  server.GrpcLogAppender (GrpcLogAppender.java:mayWait(143)) - fda107cf-9dd0-4c6b-80eb-a289445583fd@group-D939DD13EBD3->e3153cde-2886-4f8d-9def-d8edfebb5088-GrpcLogAppender: Wait interrupted by java.lang.InterruptedException
2019-10-02 23:12:23,756 [ForkJoinPool.commonPool-worker-1] INFO  impl.PendingRequests (PendingRequests.java:sendNotLeaderResponses(202)) - fda107cf-9dd0-4c6b-80eb-a289445583fd@group-D939DD13EBD3-PendingRequests: sendNotLeaderResponses
2019-10-02 23:12:23,757 [ForkJoinPool.commonPool-worker-1] INFO  impl.StateMachineUpdater (StateMachineUpdater.java:stopAndJoin(136)) - fda107cf-9dd0-4c6b-80eb-a289445583fd@group-D939DD13EBD3-StateMachineUpdater: set stopIndex = 0
2019-10-02 23:12:23,758 [ForkJoinPool.commonPool-worker-1] INFO  impl.RaftServerImpl (ServerState.java:close(387)) - fda107cf-9dd0-4c6b-80eb-a289445583fd@group-D939DD13EBD3: closes. applyIndex: 0
2019-10-02 23:12:23,758 [fda107cf-9dd0-4c6b-80eb-a289445583fd@group-D939DD13EBD3-SegmentedRaftLogWorker] INFO  segmented.SegmentedRaftLogWorker (SegmentedRaftLogWorker.java:run(316)) - fda107cf-9dd0-4c6b-80eb-a289445583fd@group-D939DD13EBD3-SegmentedRaftLogWorker was interrupted, exiting. There are 0 tasks remaining in the queue.
2019-10-02 23:12:23,759 [ForkJoinPool.commonPool-worker-1] INFO  segmented.SegmentedRaftLogWorker (SegmentedRaftLogWorker.java:close(224)) - fda107cf-9dd0-4c6b-80eb-a289445583fd@group-D939DD13EBD3-SegmentedRaftLogWorker close()
2019-10-02 23:12:23,760 [ForkJoinPool.commonPool-worker-1] INFO  server.GrpcService (GrpcService.java:closeImpl(164)) - fda107cf-9dd0-4c6b-80eb-a289445583fd: shutdown server with port 44572 now
2019-10-02 23:12:23,761 [ForkJoinPool.commonPool-worker-1] INFO  server.GrpcService (GrpcService.java:closeImpl(172)) - fda107cf-9dd0-4c6b-80eb-a289445583fd: shutdown server with port 44572 successfully
2019-10-02 23:12:23,762 [refreshUsed-/workdir/hadoop-ozone/ozonefs/target/test-dir/MiniOzoneClusterImpl-cc76194e-6653-40f0-95eb-7faba7038e3e/datanode-2/data/containers] WARN  fs.CachingGetSpaceUsed (CachingGetSpaceUsed.java:run(183)) - Thread Interrupted waiting to refresh disk information: sleep interrupted
2019-10-02 23:12:23,779 [ForkJoinPool.commonPool-worker-1] INFO  utils.BackgroundService (BackgroundService.java:shutdown(148)) - Shutting down service BlockDeletingService
2019-10-02 23:12:23,781 [ForkJoinPool.commonPool-worker-1] INFO  statemachine.DatanodeStateMachine (DatanodeStateMachine.java:stopDaemon(395)) - Ozone container server stopped.
2019-10-02 23:12:23,783 [ForkJoinPool.commonPool-worker-1] INFO  handler.ContextHandler (ContextHandler.java:doStop(910)) - Stopped o.e.j.w.WebAppContext@5c886a70{/,null,UNAVAILABLE}{/hddsDatanode}
2019-10-02 23:12:23,784 [ForkJoinPool.commonPool-worker-1] INFO  server.AbstractConnector (AbstractConnector.java:doStop(318)) - Stopped ServerConnector@23cd527c{HTTP/1.1,[http/1.1]}{0.0.0.0:0}
2019-10-02 23:12:23,785 [ForkJoinPool.commonPool-worker-1] INFO  handler.ContextHandler (ContextHandler.java:doStop(910)) - Stopped o.e.j.s.ServletContextHandler@51426b19{/static,jar:file:/home/user/.m2/repository/org/apache/hadoop/hadoop-hdds-container-service/0.5.0-SNAPSHOT/hadoop-hdds-container-service-0.5.0-SNAPSHOT.jar!/webapps/static,UNAVAILABLE}
2019-10-02 23:12:23,785 [ForkJoinPool.commonPool-worker-1] INFO  handler.ContextHandler (ContextHandler.java:doStop(910)) - Stopped o.e.j.s.ServletContextHandler@de68d0d{/logs,file:///workdir/hadoop-ozone/ozonefs/target/log,UNAVAILABLE}
2019-10-02 23:12:23,786 [Thread-441] INFO  ozone.MiniOzoneClusterImpl (MiniOzoneClusterImpl.java:stopSCM(392)) - Stopping the StorageContainerManager
2019-10-02 23:12:23,786 [Thread-441] INFO  server.StorageContainerManager (StorageContainerManager.java:stop(808)) - Stopping Replication Manager Service.
2019-10-02 23:12:23,787 [Thread-441] INFO  container.ReplicationManager (ReplicationManager.java:stop(203)) - Stopping Replication Monitor Thread.
2019-10-02 23:12:23,787 [Thread-441] INFO  server.StorageContainerManager (StorageContainerManager.java:stop(815)) - Stopping Lease Manager of the command watchers
2019-10-02 23:12:23,787 [Thread-441] INFO  server.StorageContainerManager (StorageContainerManager.java:stop(822)) - Stopping datanode service RPC server
2019-10-02 23:12:23,787 [Thread-441] INFO  server.SCMDatanodeProtocolServer (SCMDatanodeProtocolServer.java:stop(367)) - Stopping the RPC server for DataNodes
2019-10-02 23:12:23,787 [Thread-441] INFO  ipc.Server (Server.java:stop(3082)) - Stopping server on 41394
2019-10-02 23:12:23,788 [IPC Server listener on 41394] INFO  ipc.Server (Server.java:run(1185)) - Stopping IPC Server listener on 41394
2019-10-02 23:12:23,788 [IPC Server Responder] INFO  ipc.Server (Server.java:run(1319)) - Stopping IPC Server Responder
2019-10-02 23:12:23,876 [SCM Heartbeat Processing Thread - 0] WARN  node.NodeStateManager (NodeStateManager.java:scheduleNextHealthCheck(646)) - Current Thread is interrupted, shutting down HB processing thread for Node Manager.
2019-10-02 23:12:23,877 [Thread-441] INFO  server.StorageContainerManager (StorageContainerManager.java:stop(830)) - Stopping block service RPC server
2019-10-02 23:12:23,877 [Thread-441] INFO  server.SCMBlockProtocolServer (SCMBlockProtocolServer.java:stop(155)) - Stopping the RPC server for Block Protocol
2019-10-02 23:12:23,877 [Thread-441] INFO  ipc.Server (Server.java:stop(3082)) - Stopping server on 37287
2019-10-02 23:12:23,878 [IPC Server listener on 37287] INFO  ipc.Server (Server.java:run(1185)) - Stopping IPC Server listener on 37287
2019-10-02 23:12:23,879 [IPC Server Responder] INFO  ipc.Server (Server.java:run(1319)) - Stopping IPC Server Responder
2019-10-02 23:12:23,878 [Thread-441] INFO  server.StorageContainerManager (StorageContainerManager.java:stop(837)) - Stopping the StorageContainerLocationProtocol RPC server
2019-10-02 23:12:23,879 [Thread-441] INFO  server.SCMClientProtocolServer (SCMClientProtocolServer.java:stop(158)) - Stopping the RPC server for Client Protocol
2019-10-02 23:12:23,880 [Thread-441] INFO  ipc.Server (Server.java:stop(3082)) - Stopping server on 40002
2019-10-02 23:12:23,881 [IPC Server listener on 40002] INFO  ipc.Server (Server.java:run(1185)) - Stopping IPC Server listener on 40002
2019-10-02 23:12:23,881 [IPC Server Responder] INFO  ipc.Server (Server.java:run(1319)) - Stopping IPC Server Responder
2019-10-02 23:12:23,881 [Thread-441] INFO  server.StorageContainerManager (StorageContainerManager.java:stop(844)) - Stopping Storage Container Manager HTTP server.
2019-10-02 23:12:23,883 [Thread-441] INFO  handler.ContextHandler (ContextHandler.java:doStop(910)) - Stopped o.e.j.w.WebAppContext@30e57e7a{/,null,UNAVAILABLE}{/scm}
2019-10-02 23:12:23,883 [Thread-441] INFO  server.AbstractConnector (AbstractConnector.java:doStop(318)) - Stopped ServerConnector@62523e52{HTTP/1.1,[http/1.1]}{0.0.0.0:0}
2019-10-02 23:12:23,884 [Thread-441] INFO  handler.ContextHandler (ContextHandler.java:doStop(910)) - Stopped o.e.j.s.ServletContextHandler@2b575bb{/static,jar:file:/home/user/.m2/repository/org/apache/hadoop/hadoop-hdds-server-scm/0.5.0-SNAPSHOT/hadoop-hdds-server-scm-0.5.0-SNAPSHOT.jar!/webapps/static,UNAVAILABLE}
2019-10-02 23:12:23,884 [Thread-441] INFO  handler.ContextHandler (ContextHandler.java:doStop(910)) - Stopped o.e.j.s.ServletContextHandler@57b2515c{/logs,file:///workdir/hadoop-ozone/ozonefs/target/log,UNAVAILABLE}
2019-10-02 23:12:23,884 [Thread-441] INFO  server.StorageContainerManager (StorageContainerManager.java:stop(855)) - Stopping Block Manager Service.
2019-10-02 23:12:23,885 [Thread-441] INFO  utils.BackgroundService (BackgroundService.java:shutdown(148)) - Shutting down service SCMBlockDeletingService
2019-10-02 23:12:23,885 [Thread-441] INFO  utils.BackgroundService (BackgroundService.java:shutdown(148)) - Shutting down service SCMBlockDeletingService
2019-10-02 23:12:23,885 [Thread-441] INFO  server.StorageContainerManager (StorageContainerManager.java:stop(877)) - Stopping SCM Event Queue.
2019-10-02 23:12:23,888 [Thread-441] INFO  impl.MetricsSystemImpl (MetricsSystemImpl.java:stop(210)) - Stopping HddsDatanode metrics system...
2019-10-02 23:12:23,891 [Thread-441] INFO  impl.MetricsSystemImpl (MetricsSystemImpl.java:stop(216)) - HddsDatanode metrics system stopped.
]]></system-out>
    <system-err><![CDATA[Oct 02, 2019 11:12:18 PM org.apache.ratis.thirdparty.io.grpc.internal.SerializingExecutor run
SEVERE: Exception while executing runnable org.apache.ratis.thirdparty.io.grpc.internal.ServerImpl$JumpToApplicationThreadServerStreamListener$1Closed@7377cb8e
org.apache.ratis.thirdparty.io.grpc.StatusRuntimeException: CANCELLED: call already cancelled
	at org.apache.ratis.thirdparty.io.grpc.Status.asRuntimeException(Status.java:517)
	at org.apache.ratis.thirdparty.io.grpc.stub.ServerCalls$ServerCallStreamObserverImpl.onCompleted(ServerCalls.java:356)
	at org.apache.ratis.grpc.server.GrpcServerProtocolService$ServerRequestStreamObserver.onError(GrpcServerProtocolService.java:121)
	at org.apache.ratis.thirdparty.io.grpc.stub.ServerCalls$StreamingServerCallHandler$StreamingServerCallListener.onCancel(ServerCalls.java:269)
	at org.apache.ratis.thirdparty.io.grpc.internal.ServerCallImpl$ServerStreamListenerImpl.closed(ServerCallImpl.java:293)
	at org.apache.ratis.thirdparty.io.grpc.internal.ServerImpl$JumpToApplicationThreadServerStreamListener$1Closed.runInContext(ServerImpl.java:741)
	at org.apache.ratis.thirdparty.io.grpc.internal.ContextRunnable.run(ContextRunnable.java:37)
	at org.apache.ratis.thirdparty.io.grpc.internal.SerializingExecutor.run(SerializingExecutor.java:123)
	at java.util.concurrent.ThreadPoolExecutor.runWorker(ThreadPoolExecutor.java:1149)
	at java.util.concurrent.ThreadPoolExecutor$Worker.run(ThreadPoolExecutor.java:624)
	at java.lang.Thread.run(Thread.java:748)

Oct 02, 2019 11:12:18 PM org.apache.ratis.thirdparty.io.grpc.internal.SerializingExecutor run
SEVERE: Exception while executing runnable org.apache.ratis.thirdparty.io.grpc.internal.ServerImpl$JumpToApplicationThreadServerStreamListener$1Closed@1ac4bfb6
org.apache.ratis.thirdparty.io.grpc.StatusRuntimeException: CANCELLED: call already cancelled
	at org.apache.ratis.thirdparty.io.grpc.Status.asRuntimeException(Status.java:517)
	at org.apache.ratis.thirdparty.io.grpc.stub.ServerCalls$ServerCallStreamObserverImpl.onCompleted(ServerCalls.java:356)
	at org.apache.ratis.grpc.server.GrpcServerProtocolService$ServerRequestStreamObserver.onError(GrpcServerProtocolService.java:121)
	at org.apache.ratis.thirdparty.io.grpc.stub.ServerCalls$StreamingServerCallHandler$StreamingServerCallListener.onCancel(ServerCalls.java:269)
	at org.apache.ratis.thirdparty.io.grpc.internal.ServerCallImpl$ServerStreamListenerImpl.closed(ServerCallImpl.java:293)
	at org.apache.ratis.thirdparty.io.grpc.internal.ServerImpl$JumpToApplicationThreadServerStreamListener$1Closed.runInContext(ServerImpl.java:741)
	at org.apache.ratis.thirdparty.io.grpc.internal.ContextRunnable.run(ContextRunnable.java:37)
	at org.apache.ratis.thirdparty.io.grpc.internal.SerializingExecutor.run(SerializingExecutor.java:123)
	at java.util.concurrent.ThreadPoolExecutor.runWorker(ThreadPoolExecutor.java:1149)
	at java.util.concurrent.ThreadPoolExecutor$Worker.run(ThreadPoolExecutor.java:624)
	at java.lang.Thread.run(Thread.java:748)

]]></system-err>
  </testcase>
  <testcase name="testListStatus" classname="org.apache.hadoop.fs.ozone.TestOzoneFileSystem" time="17.272"/>
  <testcase name="testCreateDoesNotAddParentDirKeys" classname="org.apache.hadoop.fs.ozone.TestOzoneFileSystem" time="17.148"/>
  <testcase name="testDeleteCreatesFakeParentDir" classname="org.apache.hadoop.fs.ozone.TestOzoneFileSystem" time="17.177">
    <error message="Key not found" type="KEY_NOT_FOUND org.apache.hadoop.ozone.om.exceptions.OMException">KEY_NOT_FOUND org.apache.hadoop.ozone.om.exceptions.OMException: Key not found
	at org.apache.hadoop.ozone.om.protocolPB.OzoneManagerProtocolClientSideTranslatorPB.handleError(OzoneManagerProtocolClientSideTranslatorPB.java:732)
	at org.apache.hadoop.ozone.om.protocolPB.OzoneManagerProtocolClientSideTranslatorPB.lookupKey(OzoneManagerProtocolClientSideTranslatorPB.java:812)
	at sun.reflect.NativeMethodAccessorImpl.invoke0(Native Method)
	at sun.reflect.NativeMethodAccessorImpl.invoke(NativeMethodAccessorImpl.java:62)
	at sun.reflect.DelegatingMethodAccessorImpl.invoke(DelegatingMethodAccessorImpl.java:43)
	at java.lang.reflect.Method.invoke(Method.java:498)
	at org.apache.hadoop.hdds.tracing.TraceAllMethod.invoke(TraceAllMethod.java:66)
	at com.sun.proxy.$Proxy38.lookupKey(Unknown Source)
	at org.apache.hadoop.ozone.client.rpc.RpcClient.getKeyDetails(RpcClient.java:706)
	at org.apache.hadoop.ozone.client.OzoneBucket.getKey(OzoneBucket.java:345)
	at org.apache.hadoop.fs.ozone.TestOzoneFileSystem.getKey(TestOzoneFileSystem.java:299)
	at org.apache.hadoop.fs.ozone.TestOzoneFileSystem.testDeleteCreatesFakeParentDir(TestOzoneFileSystem.java:150)
	at sun.reflect.NativeMethodAccessorImpl.invoke0(Native Method)
	at sun.reflect.NativeMethodAccessorImpl.invoke(NativeMethodAccessorImpl.java:62)
	at sun.reflect.DelegatingMethodAccessorImpl.invoke(DelegatingMethodAccessorImpl.java:43)
	at java.lang.reflect.Method.invoke(Method.java:498)
	at org.junit.runners.model.FrameworkMethod$1.runReflectiveCall(FrameworkMethod.java:47)
	at org.junit.internal.runners.model.ReflectiveCallable.run(ReflectiveCallable.java:12)
	at org.junit.runners.model.FrameworkMethod.invokeExplosively(FrameworkMethod.java:44)
	at org.junit.internal.runners.statements.InvokeMethod.evaluate(InvokeMethod.java:17)
	at org.junit.internal.runners.statements.RunBefores.evaluate(RunBefores.java:26)
	at org.junit.internal.runners.statements.RunAfters.evaluate(RunAfters.java:27)
	at org.junit.internal.runners.statements.FailOnTimeout$StatementThread.run(FailOnTimeout.java:74)
</error>
    <system-out><![CDATA[2019-10-02 23:12:58,352 [Thread-1092] WARN  server.ServerUtils (ServerUtils.java:getScmDbDir(145)) - ozone.scm.db.dirs is not configured. We recommend adding this setting. Falling back to ozone.metadata.dirs instead.
2019-10-02 23:12:58,375 [Thread-1092] WARN  server.ServerUtils (ServerUtils.java:getScmDbDir(145)) - ozone.scm.db.dirs is not configured. We recommend adding this setting. Falling back to ozone.metadata.dirs instead.
2019-10-02 23:12:58,375 [Thread-1092] WARN  server.ServerUtils (ServerUtils.java:getScmDbDir(145)) - ozone.scm.db.dirs is not configured. We recommend adding this setting. Falling back to ozone.metadata.dirs instead.
2019-10-02 23:12:58,376 [Thread-1092] INFO  db.DBStoreBuilder (DBStoreBuilder.java:addTable(110)) - using custom profile for table: deletedBlocks
2019-10-02 23:12:58,376 [Thread-1092] INFO  db.DBStoreBuilder (DBStoreBuilder.java:processTables(161)) - Using default column profile:DBProfile.DISK for Table:deletedBlocks
2019-10-02 23:12:58,376 [Thread-1092] INFO  db.DBStoreBuilder (DBStoreBuilder.java:addTable(110)) - using custom profile for table: validCerts
2019-10-02 23:12:58,376 [Thread-1092] INFO  db.DBStoreBuilder (DBStoreBuilder.java:processTables(161)) - Using default column profile:DBProfile.DISK for Table:validCerts
2019-10-02 23:12:58,376 [Thread-1092] INFO  db.DBStoreBuilder (DBStoreBuilder.java:addTable(110)) - using custom profile for table: revokedCerts
2019-10-02 23:12:58,376 [Thread-1092] INFO  db.DBStoreBuilder (DBStoreBuilder.java:processTables(161)) - Using default column profile:DBProfile.DISK for Table:revokedCerts
2019-10-02 23:12:58,377 [Thread-1092] INFO  db.DBStoreBuilder (DBStoreBuilder.java:addTable(110)) - using custom profile for table: default
2019-10-02 23:12:58,377 [Thread-1092] INFO  db.DBStoreBuilder (DBStoreBuilder.java:processTables(167)) - Using default column profile:DBProfile.DISK for Table:default
2019-10-02 23:12:58,377 [Thread-1092] INFO  db.DBStoreBuilder (DBStoreBuilder.java:getDbProfile(198)) - Using default options. DBProfile.DISK
2019-10-02 23:12:58,647 [Thread-1092] INFO  net.NodeSchemaLoader (NodeSchemaLoader.java:loadSchemaFromFile(125)) - Loading file from sun.misc.CompoundEnumeration@40c0889b
2019-10-02 23:12:58,648 [Thread-1092] INFO  net.NodeSchemaLoader (NodeSchemaLoader.java:loadSchema(171)) - Loading network topology layer schema file
2019-10-02 23:12:58,652 [Thread-1092] WARN  server.ServerUtils (ServerUtils.java:sanitizeUserArgs(70)) - ozone.scm.stale.node.interval value = 300000 is larger than max = 100000 based on the key value of ozone.scm.heartbeat.thread.interval, reset to the max value 100000.
2019-10-02 23:12:58,653 [Thread-1092] WARN  server.ServerUtils (ServerUtils.java:sanitizeUserArgs(70)) - ozone.scm.stale.node.interval value = 300000 is larger than max = 100000 based on the key value of ozone.scm.heartbeat.thread.interval, reset to the max value 100000.
2019-10-02 23:12:58,653 [Thread-1092] INFO  node.SCMNodeManager (SCMNodeManager.java:<init>(114)) - Entering startup safe mode.
2019-10-02 23:12:58,654 [Thread-1092] INFO  algorithms.ContainerPlacementPolicyFactory (ContainerPlacementPolicyFactory.java:getPolicy(57)) - Create container placement policy of type org.apache.hadoop.hdds.scm.container.placement.algorithms.SCMContainerPlacementRandom
2019-10-02 23:12:58,654 [Thread-1092] WARN  server.ServerUtils (ServerUtils.java:getScmDbDir(145)) - ozone.scm.db.dirs is not configured. We recommend adding this setting. Falling back to ozone.metadata.dirs instead.
2019-10-02 23:12:58,755 [Thread-1092] INFO  pipeline.SCMPipelineManager (SCMPipelineManager.java:initializePipelineState(132)) - No pipeline exists in current db
2019-10-02 23:12:58,755 [Thread-1092] WARN  server.ServerUtils (ServerUtils.java:getScmDbDir(145)) - ozone.scm.db.dirs is not configured. We recommend adding this setting. Falling back to ozone.metadata.dirs instead.
2019-10-02 23:12:58,852 [Thread-1092] WARN  events.EventQueue (EventQueue.java:fireEvent(183)) - No event handler registered for event TypedEvent{payloadType=SafeModeStatus, name='SafeModeStatus'}
2019-10-02 23:12:58,852 [Thread-1092] INFO  ipc.CallQueueManager (CallQueueManager.java:<init>(84)) - Using callQueue: class java.util.concurrent.LinkedBlockingQueue, queueCapacity: 2000, scheduler: class org.apache.hadoop.ipc.DefaultRpcScheduler, ipcBackoff: false.
2019-10-02 23:12:58,853 [Socket Reader #1 for port 40647] INFO  ipc.Server (Server.java:run(1074)) - Starting Socket Reader #1 for port 40647
2019-10-02 23:12:58,855 [Thread-1092] INFO  ipc.CallQueueManager (CallQueueManager.java:<init>(84)) - Using callQueue: class java.util.concurrent.LinkedBlockingQueue, queueCapacity: 2000, scheduler: class org.apache.hadoop.ipc.DefaultRpcScheduler, ipcBackoff: false.
2019-10-02 23:12:58,856 [Socket Reader #1 for port 32871] INFO  ipc.Server (Server.java:run(1074)) - Starting Socket Reader #1 for port 32871
2019-10-02 23:12:58,857 [Thread-1092] INFO  ipc.CallQueueManager (CallQueueManager.java:<init>(84)) - Using callQueue: class java.util.concurrent.LinkedBlockingQueue, queueCapacity: 2000, scheduler: class org.apache.hadoop.ipc.DefaultRpcScheduler, ipcBackoff: false.
2019-10-02 23:12:58,858 [Socket Reader #1 for port 36283] INFO  ipc.Server (Server.java:run(1074)) - Starting Socket Reader #1 for port 36283
2019-10-02 23:12:58,861 [Thread-1092] INFO  hdfs.DFSUtil (DFSUtil.java:httpServerTemplateForNNAndJN(1641)) - Starting Web-server for scm at: http://0.0.0.0:0
2019-10-02 23:12:58,863 [Thread-1092] INFO  server.AuthenticationFilter (AuthenticationFilter.java:constructSecretProvider(240)) - Unable to initialize FileSignerSecretProvider, falling back to use random secrets.
2019-10-02 23:12:58,864 [Thread-1092] WARN  http.HttpRequestLog (HttpRequestLog.java:getRequestLog(97)) - Jetty request log can only be enabled using Log4j
2019-10-02 23:12:58,866 [Thread-1092] INFO  http.HttpServer2 (HttpServer2.java:addGlobalFilter(975)) - Added global filter 'safety' (class=org.apache.hadoop.http.HttpServer2$QuotingInputFilter)
2019-10-02 23:12:58,867 [Thread-1092] INFO  http.HttpServer2 (HttpServer2.java:addFilter(948)) - Added filter static_user_filter (class=org.apache.hadoop.http.lib.StaticUserWebFilter$StaticUserFilter) to context scm
2019-10-02 23:12:58,867 [Thread-1092] INFO  http.HttpServer2 (HttpServer2.java:addFilter(958)) - Added filter static_user_filter (class=org.apache.hadoop.http.lib.StaticUserWebFilter$StaticUserFilter) to context static
2019-10-02 23:12:58,867 [Thread-1092] INFO  http.HttpServer2 (HttpServer2.java:addFilter(958)) - Added filter static_user_filter (class=org.apache.hadoop.http.lib.StaticUserWebFilter$StaticUserFilter) to context logs
2019-10-02 23:12:58,869 [Thread-1092] INFO  server.StorageContainerManager (StorageContainerManager.java:start(770)) - StorageContainerLocationProtocol RPC server is listening at /0.0.0.0:36283
2019-10-02 23:12:58,870 [Thread-1092] WARN  impl.MetricsConfig (MetricsConfig.java:loadFirst(134)) - Cannot locate configuration: tried hadoop-metrics2-storagecontainermanager.properties,hadoop-metrics2.properties
2019-10-02 23:12:58,871 [Thread-1092] INFO  impl.MetricsSystemImpl (MetricsSystemImpl.java:startTimer(374)) - Scheduled Metric snapshot period at 10 second(s).
2019-10-02 23:12:58,871 [Thread-1092] INFO  impl.MetricsSystemImpl (MetricsSystemImpl.java:start(191)) - StorageContainerManager metrics system started
2019-10-02 23:12:58,895 [Thread-1092] WARN  impl.MetricsSystemImpl (MetricsSystemImpl.java:register(276)) - Sink prometheus already exists!
2019-10-02 23:12:58,974 [Thread-1092] INFO  server.SCMClientProtocolServer (SCMClientProtocolServer.java:start(150)) - RPC server for Client  is listening at /0.0.0.0:36283
2019-10-02 23:12:58,974 [IPC Server Responder] INFO  ipc.Server (Server.java:run(1314)) - IPC Server Responder: starting
2019-10-02 23:12:58,975 [IPC Server listener on 36283] INFO  ipc.Server (Server.java:run(1153)) - IPC Server listener on 36283: starting
2019-10-02 23:12:58,980 [Thread-1092] INFO  server.StorageContainerManager (StorageContainerManager.java:start(780)) - ScmBlockLocationProtocol RPC server is listening at /0.0.0.0:32871
2019-10-02 23:12:58,981 [Thread-1092] INFO  server.SCMBlockProtocolServer (SCMBlockProtocolServer.java:start(146)) - RPC server for Block Protocol is listening at /0.0.0.0:32871
2019-10-02 23:12:58,981 [IPC Server Responder] INFO  ipc.Server (Server.java:run(1314)) - IPC Server Responder: starting
2019-10-02 23:12:58,982 [IPC Server listener on 32871] INFO  ipc.Server (Server.java:run(1153)) - IPC Server listener on 32871: starting
2019-10-02 23:12:58,985 [Thread-1092] INFO  server.StorageContainerManager (StorageContainerManager.java:start(784)) - ScmDatanodeProtocl RPC server is listening at /0.0.0.0:40647
2019-10-02 23:12:58,985 [Thread-1092] INFO  server.SCMDatanodeProtocolServer (SCMDatanodeProtocolServer.java:start(191)) - RPC server for DataNodes is listening at /0.0.0.0:40647
2019-10-02 23:12:58,985 [IPC Server Responder] INFO  ipc.Server (Server.java:run(1314)) - IPC Server Responder: starting
2019-10-02 23:12:58,985 [IPC Server listener on 40647] INFO  ipc.Server (Server.java:run(1153)) - IPC Server listener on 40647: starting
2019-10-02 23:12:58,992 [Thread-1092] INFO  http.HttpServer2 (HttpServer2.java:bindListener(1191)) - Jetty bound to port 36135
2019-10-02 23:12:58,992 [Thread-1092] INFO  server.Server (Server.java:doStart(351)) - jetty-9.3.25.v20180904, build timestamp: 2018-09-04T21:11:46Z, git hash: 3ce520221d0240229c862b122d2b06c12a625732
2019-10-02 23:12:58,994 [Thread-1092] INFO  handler.ContextHandler (ContextHandler.java:doStart(781)) - Started o.e.j.s.ServletContextHandler@64b266b8{/logs,file:///workdir/hadoop-ozone/ozonefs/target/log,AVAILABLE}
2019-10-02 23:12:58,994 [Thread-1092] INFO  handler.ContextHandler (ContextHandler.java:doStart(781)) - Started o.e.j.s.ServletContextHandler@80edf4e{/static,jar:file:/home/user/.m2/repository/org/apache/hadoop/hadoop-hdds-server-scm/0.5.0-SNAPSHOT/hadoop-hdds-server-scm-0.5.0-SNAPSHOT.jar!/webapps/static,AVAILABLE}
2019-10-02 23:12:59,035 [Thread-1092] INFO  handler.ContextHandler (ContextHandler.java:doStart(781)) - Started o.e.j.w.WebAppContext@5fc976d6{/,file:///tmp/jetty-0.0.0.0-36135-scm-_-any-1348755586447763042.dir/webapp/,AVAILABLE}{/scm}
2019-10-02 23:12:59,036 [Thread-1092] INFO  server.AbstractConnector (AbstractConnector.java:doStart(278)) - Started ServerConnector@4c67a839{HTTP/1.1,[http/1.1]}{0.0.0.0:36135}
2019-10-02 23:12:59,037 [Thread-1092] INFO  server.Server (Server.java:doStart(419)) - Started @92140ms
2019-10-02 23:12:59,037 [Thread-1092] WARN  impl.MetricsSystemImpl (MetricsSystemImpl.java:register(276)) - Sink prometheus already exists!
2019-10-02 23:12:59,038 [Thread-1092] INFO  server.BaseHttpServer (BaseHttpServer.java:updateConnectorAddress(215)) - HTTP server of SCM is listening at http://0.0.0.0:36135
2019-10-02 23:12:59,039 [Thread-1092] WARN  server.ServerUtils (ServerUtils.java:getDBPath(222)) - ozone.om.db.dirs is not configured. We recommend adding this setting. Falling back to ozone.metadata.dirs instead.
2019-10-02 23:12:59,040 [org.apache.hadoop.util.JvmPauseMonitor$Monitor@473adc34] INFO  util.JvmPauseMonitor (JvmPauseMonitor.java:run(188)) - Starting JVM pause monitor
2019-10-02 23:12:59,064 [Thread-1092] WARN  server.ServerUtils (ServerUtils.java:getDBPath(222)) - ozone.om.db.dirs is not configured. We recommend adding this setting. Falling back to ozone.metadata.dirs instead.
2019-10-02 23:12:59,064 [Thread-1092] WARN  server.ServerUtils (ServerUtils.java:getDBPath(222)) - ozone.om.db.dirs is not configured. We recommend adding this setting. Falling back to ozone.metadata.dirs instead.
2019-10-02 23:12:59,065 [Thread-1092] INFO  om.OzoneManager (OzoneManager.java:setOMNodeDetails(652)) - OM Service ID is not set. Setting it to the default ID: omServiceIdDefault
2019-10-02 23:12:59,065 [Thread-1092] INFO  om.OzoneManager (OzoneManager.java:setOMNodeDetails(658)) - OM Node ID is not set. Setting it to the OmStorage's OmID: 633c97ff-772d-4d14-8b16-97e1db93fb70
2019-10-02 23:12:59,065 [Thread-1092] INFO  om.OzoneManager (OzoneManager.java:loadOMHAConfigs(609)) - Found matching OM address with OMServiceId: null, OMNodeId: null, RPC Address: localhost:0 and Ratis port: 9872
2019-10-02 23:12:59,082 [Thread-1092] WARN  server.ServerUtils (ServerUtils.java:getDBPath(222)) - ozone.om.db.dirs is not configured. We recommend adding this setting. Falling back to ozone.metadata.dirs instead.
2019-10-02 23:12:59,082 [Thread-1092] INFO  db.DBStoreBuilder (DBStoreBuilder.java:addTable(110)) - using custom profile for table: userTable
2019-10-02 23:12:59,083 [Thread-1092] INFO  db.DBStoreBuilder (DBStoreBuilder.java:processTables(161)) - Using default column profile:DBProfile.DISK for Table:userTable
2019-10-02 23:12:59,083 [Thread-1092] INFO  db.DBStoreBuilder (DBStoreBuilder.java:addTable(110)) - using custom profile for table: volumeTable
2019-10-02 23:12:59,083 [Thread-1092] INFO  db.DBStoreBuilder (DBStoreBuilder.java:processTables(161)) - Using default column profile:DBProfile.DISK for Table:volumeTable
2019-10-02 23:12:59,083 [Thread-1092] INFO  db.DBStoreBuilder (DBStoreBuilder.java:addTable(110)) - using custom profile for table: bucketTable
2019-10-02 23:12:59,083 [Thread-1092] INFO  db.DBStoreBuilder (DBStoreBuilder.java:processTables(161)) - Using default column profile:DBProfile.DISK for Table:bucketTable
2019-10-02 23:12:59,084 [Thread-1092] INFO  db.DBStoreBuilder (DBStoreBuilder.java:addTable(110)) - using custom profile for table: keyTable
2019-10-02 23:12:59,084 [Thread-1092] INFO  db.DBStoreBuilder (DBStoreBuilder.java:processTables(161)) - Using default column profile:DBProfile.DISK for Table:keyTable
2019-10-02 23:12:59,084 [Thread-1092] INFO  db.DBStoreBuilder (DBStoreBuilder.java:addTable(110)) - using custom profile for table: deletedTable
2019-10-02 23:12:59,084 [Thread-1092] INFO  db.DBStoreBuilder (DBStoreBuilder.java:processTables(161)) - Using default column profile:DBProfile.DISK for Table:deletedTable
2019-10-02 23:12:59,084 [Thread-1092] INFO  db.DBStoreBuilder (DBStoreBuilder.java:addTable(110)) - using custom profile for table: openKeyTable
2019-10-02 23:12:59,084 [Thread-1092] INFO  db.DBStoreBuilder (DBStoreBuilder.java:processTables(161)) - Using default column profile:DBProfile.DISK for Table:openKeyTable
2019-10-02 23:12:59,085 [Thread-1092] INFO  db.DBStoreBuilder (DBStoreBuilder.java:addTable(110)) - using custom profile for table: s3Table
2019-10-02 23:12:59,085 [Thread-1092] INFO  db.DBStoreBuilder (DBStoreBuilder.java:processTables(161)) - Using default column profile:DBProfile.DISK for Table:s3Table
2019-10-02 23:12:59,085 [Thread-1092] INFO  db.DBStoreBuilder (DBStoreBuilder.java:addTable(110)) - using custom profile for table: multipartInfoTable
2019-10-02 23:12:59,085 [Thread-1092] INFO  db.DBStoreBuilder (DBStoreBuilder.java:processTables(161)) - Using default column profile:DBProfile.DISK for Table:multipartInfoTable
2019-10-02 23:12:59,085 [Thread-1092] INFO  db.DBStoreBuilder (DBStoreBuilder.java:addTable(110)) - using custom profile for table: dTokenTable
2019-10-02 23:12:59,086 [Thread-1092] INFO  db.DBStoreBuilder (DBStoreBuilder.java:processTables(161)) - Using default column profile:DBProfile.DISK for Table:dTokenTable
2019-10-02 23:12:59,086 [Thread-1092] INFO  db.DBStoreBuilder (DBStoreBuilder.java:addTable(110)) - using custom profile for table: s3SecretTable
2019-10-02 23:12:59,086 [Thread-1092] INFO  db.DBStoreBuilder (DBStoreBuilder.java:processTables(161)) - Using default column profile:DBProfile.DISK for Table:s3SecretTable
2019-10-02 23:12:59,086 [Thread-1092] INFO  db.DBStoreBuilder (DBStoreBuilder.java:addTable(110)) - using custom profile for table: prefixTable
2019-10-02 23:12:59,086 [Thread-1092] INFO  db.DBStoreBuilder (DBStoreBuilder.java:processTables(161)) - Using default column profile:DBProfile.DISK for Table:prefixTable
2019-10-02 23:12:59,086 [Thread-1092] INFO  db.DBStoreBuilder (DBStoreBuilder.java:addTable(110)) - using custom profile for table: default
2019-10-02 23:12:59,087 [Thread-1092] INFO  db.DBStoreBuilder (DBStoreBuilder.java:processTables(167)) - Using default column profile:DBProfile.DISK for Table:default
2019-10-02 23:12:59,087 [Thread-1092] INFO  db.DBStoreBuilder (DBStoreBuilder.java:getDbProfile(198)) - Using default options. DBProfile.DISK
2019-10-02 23:12:59,818 [Thread-1092] INFO  ipc.CallQueueManager (CallQueueManager.java:<init>(84)) - Using callQueue: class java.util.concurrent.LinkedBlockingQueue, queueCapacity: 2000, scheduler: class org.apache.hadoop.ipc.DefaultRpcScheduler, ipcBackoff: false.
2019-10-02 23:12:59,819 [Socket Reader #1 for port 39418] INFO  ipc.Server (Server.java:run(1074)) - Starting Socket Reader #1 for port 39418
2019-10-02 23:12:59,837 [Thread-1092] INFO  om.OzoneManager (OzoneManager.java:start(1243)) - OzoneManager RPC server is listening at localhost/127.0.0.1:39418
2019-10-02 23:12:59,837 [Thread-1092] INFO  impl.MetricsSystemImpl (MetricsSystemImpl.java:init(158)) - OzoneManager metrics system started (again)
2019-10-02 23:12:59,837 [IPC Server listener on 39418] INFO  ipc.Server (Server.java:run(1153)) - IPC Server listener on 39418: starting
2019-10-02 23:12:59,837 [IPC Server Responder] INFO  ipc.Server (Server.java:run(1314)) - IPC Server Responder: starting
2019-10-02 23:12:59,842 [Thread-1092] INFO  hdfs.DFSUtil (DFSUtil.java:httpServerTemplateForNNAndJN(1641)) - Starting Web-server for ozoneManager at: http://0.0.0.0:0
2019-10-02 23:12:59,844 [Thread-1092] INFO  server.AuthenticationFilter (AuthenticationFilter.java:constructSecretProvider(240)) - Unable to initialize FileSignerSecretProvider, falling back to use random secrets.
2019-10-02 23:12:59,844 [Thread-1092] WARN  http.HttpRequestLog (HttpRequestLog.java:getRequestLog(97)) - Jetty request log can only be enabled using Log4j
2019-10-02 23:12:59,846 [Thread-1092] INFO  http.HttpServer2 (HttpServer2.java:addGlobalFilter(975)) - Added global filter 'safety' (class=org.apache.hadoop.http.HttpServer2$QuotingInputFilter)
2019-10-02 23:12:59,846 [Thread-1092] INFO  http.HttpServer2 (HttpServer2.java:addFilter(948)) - Added filter static_user_filter (class=org.apache.hadoop.http.lib.StaticUserWebFilter$StaticUserFilter) to context ozoneManager
2019-10-02 23:12:59,846 [Thread-1092] INFO  http.HttpServer2 (HttpServer2.java:addFilter(958)) - Added filter static_user_filter (class=org.apache.hadoop.http.lib.StaticUserWebFilter$StaticUserFilter) to context logs
2019-10-02 23:12:59,846 [Thread-1092] INFO  http.HttpServer2 (HttpServer2.java:addFilter(958)) - Added filter static_user_filter (class=org.apache.hadoop.http.lib.StaticUserWebFilter$StaticUserFilter) to context static
2019-10-02 23:12:59,847 [Thread-1092] INFO  http.HttpServer2 (HttpServer2.java:bindListener(1191)) - Jetty bound to port 37600
2019-10-02 23:12:59,847 [Thread-1092] INFO  server.Server (Server.java:doStart(351)) - jetty-9.3.25.v20180904, build timestamp: 2018-09-04T21:11:46Z, git hash: 3ce520221d0240229c862b122d2b06c12a625732
2019-10-02 23:12:59,849 [Thread-1092] INFO  handler.ContextHandler (ContextHandler.java:doStart(781)) - Started o.e.j.s.ServletContextHandler@16abac78{/logs,file:///workdir/hadoop-ozone/ozonefs/target/log,AVAILABLE}
2019-10-02 23:12:59,849 [Thread-1092] INFO  handler.ContextHandler (ContextHandler.java:doStart(781)) - Started o.e.j.s.ServletContextHandler@b630c46{/static,jar:file:/home/user/.m2/repository/org/apache/hadoop/hadoop-ozone-ozone-manager/0.5.0-SNAPSHOT/hadoop-ozone-ozone-manager-0.5.0-SNAPSHOT.jar!/webapps/static,AVAILABLE}
2019-10-02 23:12:59,893 [Thread-1092] INFO  handler.ContextHandler (ContextHandler.java:doStart(781)) - Started o.e.j.w.WebAppContext@278c4c88{/,file:///tmp/jetty-0.0.0.0-37600-ozoneManager-_-any-977335030506131929.dir/webapp/,AVAILABLE}{/ozoneManager}
2019-10-02 23:12:59,893 [Thread-1092] INFO  server.AbstractConnector (AbstractConnector.java:doStart(278)) - Started ServerConnector@645a62da{HTTP/1.1,[http/1.1]}{0.0.0.0:37600}
2019-10-02 23:12:59,895 [Thread-1092] INFO  server.Server (Server.java:doStart(419)) - Started @92998ms
2019-10-02 23:12:59,895 [Thread-1092] WARN  impl.MetricsSystemImpl (MetricsSystemImpl.java:register(276)) - Sink prometheus already exists!
2019-10-02 23:12:59,895 [Thread-1092] INFO  server.BaseHttpServer (BaseHttpServer.java:updateConnectorAddress(215)) - HTTP server of OZONEMANAGER is listening at http://0.0.0.0:37600
2019-10-02 23:12:59,903 [Thread-1092] INFO  impl.MetricsSystemImpl (MetricsSystemImpl.java:init(158)) - HddsDatanode metrics system started (again)
2019-10-02 23:12:59,905 [Thread-1092] INFO  ozone.HddsDatanodeService (HddsDatanodeService.java:start(184)) - HddsDatanodeService host:pr-hdds1737-lts7z-2510321508 ip:192.168.30.30
2019-10-02 23:12:59,911 [Thread-1092] INFO  volume.HddsVolume (HddsVolume.java:<init>(176)) - Creating Volume: /workdir/hadoop-ozone/ozonefs/target/test-dir/MiniOzoneClusterImpl-64fee748-2d2b-4f43-a479-4042c9b36b54/datanode-0/data/containers/hdds of  storage type : DISK and capacity : 1482555576320
2019-10-02 23:12:59,912 [Thread-1092] INFO  volume.VolumeSet (VolumeSet.java:initializeVolumeSet(170)) - Added Volume : /workdir/hadoop-ozone/ozonefs/target/test-dir/MiniOzoneClusterImpl-64fee748-2d2b-4f43-a479-4042c9b36b54/datanode-0/data/containers/hdds to VolumeSet
2019-10-02 23:12:59,912 [Thread-1092] INFO  volume.ThrottledAsyncChecker (ThrottledAsyncChecker.java:schedule(139)) - Scheduling a check for org.apache.hadoop.ozone.container.common.volume.HddsVolume@337f811a
2019-10-02 23:12:59,912 [Thread-1092] INFO  volume.HddsVolumeChecker (HddsVolumeChecker.java:checkAllVolumes(202)) - Scheduled health check for volume org.apache.hadoop.ozone.container.common.volume.HddsVolume@337f811a
2019-10-02 23:12:59,932 [Thread-1092] INFO  impl.RaftServerProxy (ConfUtils.java:logGet(43)) - raft.rpc.type = GRPC (default)
2019-10-02 23:12:59,933 [Thread-1092] INFO  grpc.GrpcFactory (GrpcFactory.java:checkPooledByteBufAllocatorUseCacheForAllThreads(45)) - PERFORMANCE WARNING: useCacheForAllThreads is true that may cause Netty to create a lot garbage objects and, as a result, trigger GC.
	It is recommended to disable useCacheForAllThreads by setting -Dorg.apache.ratis.thirdparty.io.netty.allocator.useCacheForAllThreads=false in command line.
2019-10-02 23:12:59,933 [Thread-1092] INFO  grpc.GrpcConfigKeys$Server (ConfUtils.java:logGet(43)) - raft.grpc.server.port = 0 (default)
2019-10-02 23:12:59,933 [Thread-1092] INFO  server.GrpcService (ConfUtils.java:logGet(43)) - raft.grpc.message.size.max = 33570816 (custom)
2019-10-02 23:12:59,933 [Thread-1092] INFO  server.RaftServerConfigKeys (ConfUtils.java:logGet(43)) - raft.server.log.appender.buffer.byte-limit = 33554432 (custom)
2019-10-02 23:12:59,933 [Thread-1092] INFO  server.GrpcService (ConfUtils.java:logGet(43)) - raft.grpc.flow.control.window = 1MB (=1048576) (default)
2019-10-02 23:12:59,933 [Thread-1092] INFO  server.RaftServerConfigKeys (ConfUtils.java:logGet(43)) - raft.server.rpc.request.timeout = 3000ms (default)
2019-10-02 23:12:59,934 [Thread-1092] INFO  server.RaftServerConfigKeys (ConfUtils.java:logGet(43)) - raft.server.storage.dir = [/workdir/hadoop-ozone/ozonefs/target/test-dir/MiniOzoneClusterImpl-64fee748-2d2b-4f43-a479-4042c9b36b54/datanode-0/data/ratis] (custom)
2019-10-02 23:12:59,936 [Thread-1092] INFO  hdfs.DFSUtil (DFSUtil.java:httpServerTemplateForNNAndJN(1641)) - Starting Web-server for hddsDatanode at: http://0.0.0.0:0
2019-10-02 23:12:59,939 [Thread-1092] INFO  server.AuthenticationFilter (AuthenticationFilter.java:constructSecretProvider(240)) - Unable to initialize FileSignerSecretProvider, falling back to use random secrets.
2019-10-02 23:12:59,940 [Thread-1092] WARN  http.HttpRequestLog (HttpRequestLog.java:getRequestLog(97)) - Jetty request log can only be enabled using Log4j
2019-10-02 23:12:59,942 [Thread-1092] INFO  http.HttpServer2 (HttpServer2.java:addGlobalFilter(975)) - Added global filter 'safety' (class=org.apache.hadoop.http.HttpServer2$QuotingInputFilter)
2019-10-02 23:12:59,943 [Thread-1092] INFO  http.HttpServer2 (HttpServer2.java:addFilter(948)) - Added filter static_user_filter (class=org.apache.hadoop.http.lib.StaticUserWebFilter$StaticUserFilter) to context hddsDatanode
2019-10-02 23:12:59,944 [Thread-1092] INFO  http.HttpServer2 (HttpServer2.java:addFilter(958)) - Added filter static_user_filter (class=org.apache.hadoop.http.lib.StaticUserWebFilter$StaticUserFilter) to context static
2019-10-02 23:12:59,944 [Thread-1092] INFO  http.HttpServer2 (HttpServer2.java:addFilter(958)) - Added filter static_user_filter (class=org.apache.hadoop.http.lib.StaticUserWebFilter$StaticUserFilter) to context logs
2019-10-02 23:12:59,945 [Thread-1092] INFO  http.HttpServer2 (HttpServer2.java:bindListener(1191)) - Jetty bound to port 38397
2019-10-02 23:12:59,945 [Thread-1092] INFO  server.Server (Server.java:doStart(351)) - jetty-9.3.25.v20180904, build timestamp: 2018-09-04T21:11:46Z, git hash: 3ce520221d0240229c862b122d2b06c12a625732
2019-10-02 23:12:59,947 [Thread-1092] INFO  handler.ContextHandler (ContextHandler.java:doStart(781)) - Started o.e.j.s.ServletContextHandler@1a644d9b{/logs,file:///workdir/hadoop-ozone/ozonefs/target/log,AVAILABLE}
2019-10-02 23:12:59,948 [Thread-1092] INFO  handler.ContextHandler (ContextHandler.java:doStart(781)) - Started o.e.j.s.ServletContextHandler@edc4e75{/static,jar:file:/home/user/.m2/repository/org/apache/hadoop/hadoop-hdds-container-service/0.5.0-SNAPSHOT/hadoop-hdds-container-service-0.5.0-SNAPSHOT.jar!/webapps/static,AVAILABLE}
2019-10-02 23:12:59,990 [Thread-1092] INFO  handler.ContextHandler (ContextHandler.java:doStart(781)) - Started o.e.j.w.WebAppContext@34c9f829{/,file:///tmp/jetty-0.0.0.0-38397-hddsDatanode-_-any-8526849822514924290.dir/webapp/,AVAILABLE}{/hddsDatanode}
2019-10-02 23:12:59,990 [Thread-1092] INFO  server.AbstractConnector (AbstractConnector.java:doStart(278)) - Started ServerConnector@48590405{HTTP/1.1,[http/1.1]}{0.0.0.0:38397}
2019-10-02 23:12:59,992 [Thread-1092] INFO  server.Server (Server.java:doStart(419)) - Started @93095ms
2019-10-02 23:12:59,992 [Thread-1092] WARN  impl.MetricsSystemImpl (MetricsSystemImpl.java:register(276)) - Sink prometheus already exists!
2019-10-02 23:12:59,993 [Thread-1092] INFO  server.BaseHttpServer (BaseHttpServer.java:updateConnectorAddress(215)) - HTTP server of HDDSDATANODE is listening at http://0.0.0.0:38397
2019-10-02 23:12:59,993 [Thread-1092] INFO  impl.MetricsSystemImpl (MetricsSystemImpl.java:init(158)) - HddsDatanode metrics system started (again)
2019-10-02 23:12:59,997 [org.apache.hadoop.util.JvmPauseMonitor$Monitor@1c925d5] INFO  util.JvmPauseMonitor (JvmPauseMonitor.java:run(188)) - Starting JVM pause monitor
2019-10-02 23:12:59,997 [Thread-1092] INFO  ozone.HddsDatanodeService (HddsDatanodeService.java:start(184)) - HddsDatanodeService host:pr-hdds1737-lts7z-2510321508 ip:192.168.30.30
2019-10-02 23:12:59,999 [Datanode State Machine Thread - 0] INFO  datanode.InitDatanodeState (InitDatanodeState.java:persistContainerDatanodeDetails(140)) - DatanodeDetails is persisted to /workdir/hadoop-ozone/ozonefs/target/test-dir/MiniOzoneClusterImpl-64fee748-2d2b-4f43-a479-4042c9b36b54/datanode-0/meta/datanode.id
2019-10-02 23:13:00,003 [Thread-1092] INFO  volume.HddsVolume (HddsVolume.java:<init>(176)) - Creating Volume: /workdir/hadoop-ozone/ozonefs/target/test-dir/MiniOzoneClusterImpl-64fee748-2d2b-4f43-a479-4042c9b36b54/datanode-1/data/containers/hdds of  storage type : DISK and capacity : 1482555576320
2019-10-02 23:13:00,004 [Thread-1092] INFO  volume.VolumeSet (VolumeSet.java:initializeVolumeSet(170)) - Added Volume : /workdir/hadoop-ozone/ozonefs/target/test-dir/MiniOzoneClusterImpl-64fee748-2d2b-4f43-a479-4042c9b36b54/datanode-1/data/containers/hdds to VolumeSet
2019-10-02 23:13:00,004 [Thread-1092] INFO  volume.ThrottledAsyncChecker (ThrottledAsyncChecker.java:schedule(139)) - Scheduling a check for org.apache.hadoop.ozone.container.common.volume.HddsVolume@3e5df4fa
2019-10-02 23:13:00,005 [Thread-1092] INFO  volume.HddsVolumeChecker (HddsVolumeChecker.java:checkAllVolumes(202)) - Scheduled health check for volume org.apache.hadoop.ozone.container.common.volume.HddsVolume@3e5df4fa
2019-10-02 23:13:00,027 [Thread-1092] INFO  impl.RaftServerProxy (ConfUtils.java:logGet(43)) - raft.rpc.type = GRPC (default)
2019-10-02 23:13:00,027 [Thread-1092] INFO  grpc.GrpcFactory (GrpcFactory.java:checkPooledByteBufAllocatorUseCacheForAllThreads(45)) - PERFORMANCE WARNING: useCacheForAllThreads is true that may cause Netty to create a lot garbage objects and, as a result, trigger GC.
	It is recommended to disable useCacheForAllThreads by setting -Dorg.apache.ratis.thirdparty.io.netty.allocator.useCacheForAllThreads=false in command line.
2019-10-02 23:13:00,027 [Thread-1092] INFO  grpc.GrpcConfigKeys$Server (ConfUtils.java:logGet(43)) - raft.grpc.server.port = 0 (default)
2019-10-02 23:13:00,028 [Thread-1092] INFO  server.GrpcService (ConfUtils.java:logGet(43)) - raft.grpc.message.size.max = 33570816 (custom)
2019-10-02 23:13:00,028 [Thread-1092] INFO  server.RaftServerConfigKeys (ConfUtils.java:logGet(43)) - raft.server.log.appender.buffer.byte-limit = 33554432 (custom)
2019-10-02 23:13:00,028 [Thread-1092] INFO  server.GrpcService (ConfUtils.java:logGet(43)) - raft.grpc.flow.control.window = 1MB (=1048576) (default)
2019-10-02 23:13:00,028 [Thread-1092] INFO  server.RaftServerConfigKeys (ConfUtils.java:logGet(43)) - raft.server.rpc.request.timeout = 3000ms (default)
2019-10-02 23:13:00,029 [Thread-1092] INFO  server.RaftServerConfigKeys (ConfUtils.java:logGet(43)) - raft.server.storage.dir = [/workdir/hadoop-ozone/ozonefs/target/test-dir/MiniOzoneClusterImpl-64fee748-2d2b-4f43-a479-4042c9b36b54/datanode-1/data/ratis] (custom)
2019-10-02 23:13:00,030 [Thread-1092] INFO  hdfs.DFSUtil (DFSUtil.java:httpServerTemplateForNNAndJN(1641)) - Starting Web-server for hddsDatanode at: http://0.0.0.0:0
2019-10-02 23:13:00,032 [Thread-1092] INFO  server.AuthenticationFilter (AuthenticationFilter.java:constructSecretProvider(240)) - Unable to initialize FileSignerSecretProvider, falling back to use random secrets.
2019-10-02 23:13:00,033 [Thread-1092] WARN  http.HttpRequestLog (HttpRequestLog.java:getRequestLog(97)) - Jetty request log can only be enabled using Log4j
2019-10-02 23:13:00,035 [Thread-1092] INFO  http.HttpServer2 (HttpServer2.java:addGlobalFilter(975)) - Added global filter 'safety' (class=org.apache.hadoop.http.HttpServer2$QuotingInputFilter)
2019-10-02 23:13:00,036 [Thread-1092] INFO  http.HttpServer2 (HttpServer2.java:addFilter(948)) - Added filter static_user_filter (class=org.apache.hadoop.http.lib.StaticUserWebFilter$StaticUserFilter) to context hddsDatanode
2019-10-02 23:13:00,036 [Thread-1092] INFO  http.HttpServer2 (HttpServer2.java:addFilter(958)) - Added filter static_user_filter (class=org.apache.hadoop.http.lib.StaticUserWebFilter$StaticUserFilter) to context logs
2019-10-02 23:13:00,036 [Thread-1092] INFO  http.HttpServer2 (HttpServer2.java:addFilter(958)) - Added filter static_user_filter (class=org.apache.hadoop.http.lib.StaticUserWebFilter$StaticUserFilter) to context static
2019-10-02 23:13:00,036 [Thread-1092] INFO  http.HttpServer2 (HttpServer2.java:bindListener(1191)) - Jetty bound to port 36470
2019-10-02 23:13:00,037 [Thread-1092] INFO  server.Server (Server.java:doStart(351)) - jetty-9.3.25.v20180904, build timestamp: 2018-09-04T21:11:46Z, git hash: 3ce520221d0240229c862b122d2b06c12a625732
2019-10-02 23:13:00,038 [Thread-1092] INFO  handler.ContextHandler (ContextHandler.java:doStart(781)) - Started o.e.j.s.ServletContextHandler@5996e057{/logs,file:///workdir/hadoop-ozone/ozonefs/target/log,AVAILABLE}
2019-10-02 23:13:00,039 [Thread-1092] INFO  handler.ContextHandler (ContextHandler.java:doStart(781)) - Started o.e.j.s.ServletContextHandler@23eff8ea{/static,jar:file:/home/user/.m2/repository/org/apache/hadoop/hadoop-hdds-container-service/0.5.0-SNAPSHOT/hadoop-hdds-container-service-0.5.0-SNAPSHOT.jar!/webapps/static,AVAILABLE}
2019-10-02 23:13:00,067 [Thread-1092] INFO  handler.ContextHandler (ContextHandler.java:doStart(781)) - Started o.e.j.w.WebAppContext@56e2599a{/,file:///tmp/jetty-0.0.0.0-36470-hddsDatanode-_-any-8271830359339390192.dir/webapp/,AVAILABLE}{/hddsDatanode}
2019-10-02 23:13:00,068 [Thread-1092] INFO  server.AbstractConnector (AbstractConnector.java:doStart(278)) - Started ServerConnector@228ad498{HTTP/1.1,[http/1.1]}{0.0.0.0:36470}
2019-10-02 23:13:00,069 [Thread-1092] INFO  server.Server (Server.java:doStart(419)) - Started @93172ms
2019-10-02 23:13:00,069 [Thread-1092] WARN  impl.MetricsSystemImpl (MetricsSystemImpl.java:register(276)) - Sink prometheus already exists!
2019-10-02 23:13:00,070 [Thread-1092] INFO  server.BaseHttpServer (BaseHttpServer.java:updateConnectorAddress(215)) - HTTP server of HDDSDATANODE is listening at http://0.0.0.0:36470
2019-10-02 23:13:00,070 [Thread-1092] INFO  impl.MetricsSystemImpl (MetricsSystemImpl.java:init(158)) - HddsDatanode metrics system started (again)
2019-10-02 23:13:00,074 [org.apache.hadoop.util.JvmPauseMonitor$Monitor@3cb302e1] INFO  util.JvmPauseMonitor (JvmPauseMonitor.java:run(188)) - Starting JVM pause monitor
2019-10-02 23:13:00,075 [Thread-1092] INFO  ozone.HddsDatanodeService (HddsDatanodeService.java:start(184)) - HddsDatanodeService host:pr-hdds1737-lts7z-2510321508 ip:192.168.30.30
2019-10-02 23:13:00,076 [Datanode State Machine Thread - 0] INFO  datanode.InitDatanodeState (InitDatanodeState.java:persistContainerDatanodeDetails(140)) - DatanodeDetails is persisted to /workdir/hadoop-ozone/ozonefs/target/test-dir/MiniOzoneClusterImpl-64fee748-2d2b-4f43-a479-4042c9b36b54/datanode-1/meta/datanode.id
2019-10-02 23:13:00,082 [Thread-1092] INFO  volume.HddsVolume (HddsVolume.java:<init>(176)) - Creating Volume: /workdir/hadoop-ozone/ozonefs/target/test-dir/MiniOzoneClusterImpl-64fee748-2d2b-4f43-a479-4042c9b36b54/datanode-2/data/containers/hdds of  storage type : DISK and capacity : 1482555576320
2019-10-02 23:13:00,082 [Thread-1092] INFO  volume.VolumeSet (VolumeSet.java:initializeVolumeSet(170)) - Added Volume : /workdir/hadoop-ozone/ozonefs/target/test-dir/MiniOzoneClusterImpl-64fee748-2d2b-4f43-a479-4042c9b36b54/datanode-2/data/containers/hdds to VolumeSet
2019-10-02 23:13:00,082 [Thread-1092] INFO  volume.ThrottledAsyncChecker (ThrottledAsyncChecker.java:schedule(139)) - Scheduling a check for org.apache.hadoop.ozone.container.common.volume.HddsVolume@5f8e3e6
2019-10-02 23:13:00,083 [Thread-1092] INFO  volume.HddsVolumeChecker (HddsVolumeChecker.java:checkAllVolumes(202)) - Scheduled health check for volume org.apache.hadoop.ozone.container.common.volume.HddsVolume@5f8e3e6
2019-10-02 23:13:00,108 [Thread-1092] INFO  impl.RaftServerProxy (ConfUtils.java:logGet(43)) - raft.rpc.type = GRPC (default)
2019-10-02 23:13:00,109 [Thread-1092] INFO  grpc.GrpcFactory (GrpcFactory.java:checkPooledByteBufAllocatorUseCacheForAllThreads(45)) - PERFORMANCE WARNING: useCacheForAllThreads is true that may cause Netty to create a lot garbage objects and, as a result, trigger GC.
	It is recommended to disable useCacheForAllThreads by setting -Dorg.apache.ratis.thirdparty.io.netty.allocator.useCacheForAllThreads=false in command line.
2019-10-02 23:13:00,109 [Thread-1092] INFO  grpc.GrpcConfigKeys$Server (ConfUtils.java:logGet(43)) - raft.grpc.server.port = 0 (default)
2019-10-02 23:13:00,109 [Thread-1092] INFO  server.GrpcService (ConfUtils.java:logGet(43)) - raft.grpc.message.size.max = 33570816 (custom)
2019-10-02 23:13:00,109 [Thread-1092] INFO  server.RaftServerConfigKeys (ConfUtils.java:logGet(43)) - raft.server.log.appender.buffer.byte-limit = 33554432 (custom)
2019-10-02 23:13:00,109 [Thread-1092] INFO  server.GrpcService (ConfUtils.java:logGet(43)) - raft.grpc.flow.control.window = 1MB (=1048576) (default)
2019-10-02 23:13:00,110 [Thread-1092] INFO  server.RaftServerConfigKeys (ConfUtils.java:logGet(43)) - raft.server.rpc.request.timeout = 3000ms (default)
2019-10-02 23:13:00,110 [Thread-1092] INFO  server.RaftServerConfigKeys (ConfUtils.java:logGet(43)) - raft.server.storage.dir = [/workdir/hadoop-ozone/ozonefs/target/test-dir/MiniOzoneClusterImpl-64fee748-2d2b-4f43-a479-4042c9b36b54/datanode-2/data/ratis] (custom)
2019-10-02 23:13:00,112 [Thread-1092] INFO  hdfs.DFSUtil (DFSUtil.java:httpServerTemplateForNNAndJN(1641)) - Starting Web-server for hddsDatanode at: http://0.0.0.0:0
2019-10-02 23:13:00,115 [Thread-1092] INFO  server.AuthenticationFilter (AuthenticationFilter.java:constructSecretProvider(240)) - Unable to initialize FileSignerSecretProvider, falling back to use random secrets.
2019-10-02 23:13:00,115 [Thread-1092] WARN  http.HttpRequestLog (HttpRequestLog.java:getRequestLog(97)) - Jetty request log can only be enabled using Log4j
2019-10-02 23:13:00,118 [Thread-1092] INFO  http.HttpServer2 (HttpServer2.java:addGlobalFilter(975)) - Added global filter 'safety' (class=org.apache.hadoop.http.HttpServer2$QuotingInputFilter)
2019-10-02 23:13:00,119 [Thread-1092] INFO  http.HttpServer2 (HttpServer2.java:addFilter(948)) - Added filter static_user_filter (class=org.apache.hadoop.http.lib.StaticUserWebFilter$StaticUserFilter) to context hddsDatanode
2019-10-02 23:13:00,120 [Thread-1092] INFO  http.HttpServer2 (HttpServer2.java:addFilter(958)) - Added filter static_user_filter (class=org.apache.hadoop.http.lib.StaticUserWebFilter$StaticUserFilter) to context logs
2019-10-02 23:13:00,120 [Thread-1092] INFO  http.HttpServer2 (HttpServer2.java:addFilter(958)) - Added filter static_user_filter (class=org.apache.hadoop.http.lib.StaticUserWebFilter$StaticUserFilter) to context static
2019-10-02 23:13:00,121 [Thread-1092] INFO  http.HttpServer2 (HttpServer2.java:bindListener(1191)) - Jetty bound to port 35671
2019-10-02 23:13:00,121 [Thread-1092] INFO  server.Server (Server.java:doStart(351)) - jetty-9.3.25.v20180904, build timestamp: 2018-09-04T21:11:46Z, git hash: 3ce520221d0240229c862b122d2b06c12a625732
2019-10-02 23:13:00,123 [Thread-1092] INFO  handler.ContextHandler (ContextHandler.java:doStart(781)) - Started o.e.j.s.ServletContextHandler@4828182d{/logs,file:///workdir/hadoop-ozone/ozonefs/target/log,AVAILABLE}
2019-10-02 23:13:00,124 [Thread-1092] INFO  handler.ContextHandler (ContextHandler.java:doStart(781)) - Started o.e.j.s.ServletContextHandler@70e9a6f1{/static,jar:file:/home/user/.m2/repository/org/apache/hadoop/hadoop-hdds-container-service/0.5.0-SNAPSHOT/hadoop-hdds-container-service-0.5.0-SNAPSHOT.jar!/webapps/static,AVAILABLE}
2019-10-02 23:13:00,163 [Thread-1092] INFO  handler.ContextHandler (ContextHandler.java:doStart(781)) - Started o.e.j.w.WebAppContext@39f5bdf{/,file:///tmp/jetty-0.0.0.0-35671-hddsDatanode-_-any-7407198287947031746.dir/webapp/,AVAILABLE}{/hddsDatanode}
2019-10-02 23:13:00,164 [Thread-1092] INFO  server.AbstractConnector (AbstractConnector.java:doStart(278)) - Started ServerConnector@6cc9f62e{HTTP/1.1,[http/1.1]}{0.0.0.0:35671}
2019-10-02 23:13:00,165 [Thread-1092] INFO  server.Server (Server.java:doStart(419)) - Started @93268ms
2019-10-02 23:13:00,166 [Thread-1092] WARN  impl.MetricsSystemImpl (MetricsSystemImpl.java:register(276)) - Sink prometheus already exists!
2019-10-02 23:13:00,166 [Thread-1092] INFO  server.BaseHttpServer (BaseHttpServer.java:updateConnectorAddress(215)) - HTTP server of HDDSDATANODE is listening at http://0.0.0.0:35671
2019-10-02 23:13:00,167 [Thread-1092] INFO  ozone.MiniOzoneClusterImpl (MiniOzoneClusterImpl.java:lambda$waitForClusterToBeReady$0(147)) - Waiting for cluster to be ready. Got 0 of 3 DN Heartbeats.
2019-10-02 23:13:00,168 [org.apache.hadoop.util.JvmPauseMonitor$Monitor@32418b7a] INFO  util.JvmPauseMonitor (JvmPauseMonitor.java:run(188)) - Starting JVM pause monitor
2019-10-02 23:13:00,169 [Datanode State Machine Thread - 0] INFO  datanode.InitDatanodeState (InitDatanodeState.java:persistContainerDatanodeDetails(140)) - DatanodeDetails is persisted to /workdir/hadoop-ozone/ozonefs/target/test-dir/MiniOzoneClusterImpl-64fee748-2d2b-4f43-a479-4042c9b36b54/datanode-2/meta/datanode.id
2019-10-02 23:13:01,167 [Thread-1092] INFO  ozone.MiniOzoneClusterImpl (MiniOzoneClusterImpl.java:lambda$waitForClusterToBeReady$0(147)) - Waiting for cluster to be ready. Got 0 of 3 DN Heartbeats.
2019-10-02 23:13:02,028 [Datanode State Machine Thread - 0] INFO  ozoneimpl.OzoneContainer (OzoneContainer.java:start(217)) - Attempting to start container services.
2019-10-02 23:13:02,030 [Datanode State Machine Thread - 0] INFO  ozoneimpl.OzoneContainer (OzoneContainer.java:startContainerScrub(179)) - Background container scanner has been disabled.
2019-10-02 23:13:02,030 [Datanode State Machine Thread - 0] INFO  ratis.XceiverServerRatis (XceiverServerRatis.java:start(417)) - Starting XceiverServerRatis feb6dbc3-55d3-4d19-9fcb-2f7bd345ee4a at port 0
2019-10-02 23:13:02,037 [Datanode State Machine Thread - 0] INFO  impl.RaftServerProxy (RaftServerProxy.java:lambda$start$3(299)) - feb6dbc3-55d3-4d19-9fcb-2f7bd345ee4a: start RPC server
2019-10-02 23:13:02,039 [Datanode State Machine Thread - 0] INFO  server.GrpcService (GrpcService.java:startImpl(158)) - feb6dbc3-55d3-4d19-9fcb-2f7bd345ee4a: GrpcService started, listening on 0.0.0.0/0.0.0.0:45515
2019-10-02 23:13:02,039 [Datanode State Machine Thread - 0] INFO  ratis.XceiverServerRatis (XceiverServerRatis.java:start(427)) - XceiverServerRatis feb6dbc3-55d3-4d19-9fcb-2f7bd345ee4a is started using port 45515
2019-10-02 23:13:02,040 [Datanode State Machine Thread - 0] INFO  server.XceiverServerGrpc (XceiverServerGrpc.java:start(149)) - XceiverServerGrpc feb6dbc3-55d3-4d19-9fcb-2f7bd345ee4a is started using port 46581
2019-10-02 23:13:02,101 [Datanode State Machine Thread - 0] INFO  ozoneimpl.OzoneContainer (OzoneContainer.java:start(217)) - Attempting to start container services.
2019-10-02 23:13:02,101 [Datanode State Machine Thread - 0] INFO  ozoneimpl.OzoneContainer (OzoneContainer.java:startContainerScrub(179)) - Background container scanner has been disabled.
2019-10-02 23:13:02,102 [Datanode State Machine Thread - 0] INFO  ratis.XceiverServerRatis (XceiverServerRatis.java:start(417)) - Starting XceiverServerRatis a2100240-d100-4d43-bc15-2f8e6d4468dd at port 0
2019-10-02 23:13:02,107 [Datanode State Machine Thread - 0] INFO  impl.RaftServerProxy (RaftServerProxy.java:lambda$start$3(299)) - a2100240-d100-4d43-bc15-2f8e6d4468dd: start RPC server
2019-10-02 23:13:02,107 [Datanode State Machine Thread - 0] INFO  server.GrpcService (GrpcService.java:startImpl(158)) - a2100240-d100-4d43-bc15-2f8e6d4468dd: GrpcService started, listening on 0.0.0.0/0.0.0.0:40411
2019-10-02 23:13:02,108 [Datanode State Machine Thread - 0] INFO  ratis.XceiverServerRatis (XceiverServerRatis.java:start(427)) - XceiverServerRatis a2100240-d100-4d43-bc15-2f8e6d4468dd is started using port 40411
2019-10-02 23:13:02,108 [Datanode State Machine Thread - 0] INFO  server.XceiverServerGrpc (XceiverServerGrpc.java:start(149)) - XceiverServerGrpc a2100240-d100-4d43-bc15-2f8e6d4468dd is started using port 34720
2019-10-02 23:13:02,168 [Thread-1092] INFO  ozone.MiniOzoneClusterImpl (MiniOzoneClusterImpl.java:lambda$waitForClusterToBeReady$0(147)) - Waiting for cluster to be ready. Got 0 of 3 DN Heartbeats.
2019-10-02 23:13:02,193 [Datanode State Machine Thread - 0] INFO  ozoneimpl.OzoneContainer (OzoneContainer.java:start(217)) - Attempting to start container services.
2019-10-02 23:13:02,193 [Datanode State Machine Thread - 0] INFO  ozoneimpl.OzoneContainer (OzoneContainer.java:startContainerScrub(179)) - Background container scanner has been disabled.
2019-10-02 23:13:02,194 [Datanode State Machine Thread - 0] INFO  ratis.XceiverServerRatis (XceiverServerRatis.java:start(417)) - Starting XceiverServerRatis 0fcb4e6a-f616-4af8-b696-caf0a4e2cd1c at port 0
2019-10-02 23:13:02,200 [Datanode State Machine Thread - 0] INFO  impl.RaftServerProxy (RaftServerProxy.java:lambda$start$3(299)) - 0fcb4e6a-f616-4af8-b696-caf0a4e2cd1c: start RPC server
2019-10-02 23:13:02,201 [Datanode State Machine Thread - 0] INFO  server.GrpcService (GrpcService.java:startImpl(158)) - 0fcb4e6a-f616-4af8-b696-caf0a4e2cd1c: GrpcService started, listening on 0.0.0.0/0.0.0.0:37761
2019-10-02 23:13:02,201 [Datanode State Machine Thread - 0] INFO  ratis.XceiverServerRatis (XceiverServerRatis.java:start(427)) - XceiverServerRatis 0fcb4e6a-f616-4af8-b696-caf0a4e2cd1c is started using port 37761
2019-10-02 23:13:02,204 [Datanode State Machine Thread - 0] INFO  server.XceiverServerGrpc (XceiverServerGrpc.java:start(149)) - XceiverServerGrpc 0fcb4e6a-f616-4af8-b696-caf0a4e2cd1c is started using port 43663
2019-10-02 23:13:03,168 [Thread-1092] INFO  ozone.MiniOzoneClusterImpl (MiniOzoneClusterImpl.java:lambda$waitForClusterToBeReady$0(147)) - Waiting for cluster to be ready. Got 0 of 3 DN Heartbeats.
2019-10-02 23:13:04,001 [IPC Server handler 0 on 40647] INFO  net.NetworkTopology (NetworkTopologyImpl.java:add(111)) - Added a new node: /default-rack/feb6dbc3-55d3-4d19-9fcb-2f7bd345ee4a
2019-10-02 23:13:04,003 [IPC Server handler 0 on 40647] INFO  node.SCMNodeManager (SCMNodeManager.java:register(266)) - Registered Data node : feb6dbc3-55d3-4d19-9fcb-2f7bd345ee4a{ip: 192.168.30.30, host: pr-hdds1737-lts7z-2510321508, networkLocation: /default-rack, certSerialId: null}
2019-10-02 23:13:04,004 [EventQueue-NodeRegistrationContainerReportForDataNodeSafeModeRule] INFO  safemode.SCMSafeModeManager (DataNodeSafeModeRule.java:process(71)) - SCM in safe mode. 1 DataNodes registered, 1 required.
2019-10-02 23:13:04,006 [EventQueue-NodeRegistrationContainerReportForDataNodeSafeModeRule] INFO  safemode.SCMSafeModeManager (SCMSafeModeManager.java:validateSafeModeExitRules(177)) - ScmSafeModeManager, all rules are successfully validated
2019-10-02 23:13:04,006 [EventQueue-NodeRegistrationContainerReportForDataNodeSafeModeRule] INFO  safemode.SCMSafeModeManager (SCMSafeModeManager.java:exitSafeMode(193)) - SCM exiting safe mode.
2019-10-02 23:13:04,027 [grpc-default-executor-0] INFO  impl.RaftServerProxy (RaftServerProxy.java:addNew(89)) - feb6dbc3-55d3-4d19-9fcb-2f7bd345ee4a: addNew group-9EB8FA8C1B8E:[feb6dbc3-55d3-4d19-9fcb-2f7bd345ee4a:192.168.30.30:45515] returns group-9EB8FA8C1B8E:java.util.concurrent.CompletableFuture@6163bd48[Not completed]
2019-10-02 23:13:04,029 [pool-277-thread-1] INFO  impl.RaftServerImpl (RaftServerImpl.java:<init>(95)) - feb6dbc3-55d3-4d19-9fcb-2f7bd345ee4a: new RaftServerImpl for group-9EB8FA8C1B8E:[feb6dbc3-55d3-4d19-9fcb-2f7bd345ee4a:192.168.30.30:45515] with ContainerStateMachine:uninitialized
2019-10-02 23:13:04,029 [pool-277-thread-1] INFO  server.RaftServerConfigKeys (ConfUtils.java:logGet(43)) - raft.server.rpc.timeout.min = 5s (custom)
2019-10-02 23:13:04,029 [pool-277-thread-1] INFO  server.RaftServerConfigKeys (ConfUtils.java:logGet(43)) - raft.server.rpc.timeout.max = 5200ms (custom)
2019-10-02 23:13:04,029 [pool-277-thread-1] INFO  server.RaftServerConfigKeys (ConfUtils.java:logGet(43)) - raft.server.rpcslowness.timeout = 120s (custom)
2019-10-02 23:13:04,029 [pool-277-thread-1] INFO  server.RaftServerConfigKeys (ConfUtils.java:logGet(43)) - raft.server.sleep.deviation.threshold = 300 (default)
2019-10-02 23:13:04,029 [pool-277-thread-1] INFO  server.RaftServerConfigKeys (ConfUtils.java:logGet(43)) - raft.server.log.appender.install.snapshot.enabled = false (custom)
2019-10-02 23:13:04,030 [pool-277-thread-1] INFO  impl.RaftServerImpl (ServerState.java:<init>(103)) - feb6dbc3-55d3-4d19-9fcb-2f7bd345ee4a@group-9EB8FA8C1B8E: ConfigurationManager, init=-1: [feb6dbc3-55d3-4d19-9fcb-2f7bd345ee4a:192.168.30.30:45515], old=null, confs=<EMPTY_MAP>
2019-10-02 23:13:04,030 [pool-277-thread-1] INFO  server.RaftServerConfigKeys (ConfUtils.java:logGet(43)) - raft.server.storage.dir = [/workdir/hadoop-ozone/ozonefs/target/test-dir/MiniOzoneClusterImpl-64fee748-2d2b-4f43-a479-4042c9b36b54/datanode-0/data/ratis] (custom)
2019-10-02 23:13:04,030 [pool-277-thread-1] INFO  server.RaftServerConfigKeys (ConfUtils.java:logGet(43)) - raft.server.log.corruption.policy = EXCEPTION (default)
2019-10-02 23:13:04,031 [pool-277-thread-1] INFO  storage.RaftStorageDirectory (RaftStorageDirectory.java:analyzeStorage(246)) - The storage directory /workdir/hadoop-ozone/ozonefs/target/test-dir/MiniOzoneClusterImpl-64fee748-2d2b-4f43-a479-4042c9b36b54/datanode-0/data/ratis/b0e4e1d2-0c3b-4a3c-ab54-9eb8fa8c1b8e does not exist. Creating ...
2019-10-02 23:13:04,054 [pool-277-thread-1] INFO  storage.RaftStorageDirectory (RaftStorageDirectory.java:tryLock(328)) - Lock on /workdir/hadoop-ozone/ozonefs/target/test-dir/MiniOzoneClusterImpl-64fee748-2d2b-4f43-a479-4042c9b36b54/datanode-0/data/ratis/b0e4e1d2-0c3b-4a3c-ab54-9eb8fa8c1b8e/in_use.lock acquired by nodename 24005@pr-hdds1737-lts7z-2510321508
2019-10-02 23:13:04,077 [IPC Server handler 1 on 40647] INFO  net.NetworkTopology (NetworkTopologyImpl.java:add(111)) - Added a new node: /default-rack/a2100240-d100-4d43-bc15-2f8e6d4468dd
2019-10-02 23:13:04,077 [pool-277-thread-1] INFO  storage.RaftStorage (RaftStorage.java:format(84)) - Storage directory /workdir/hadoop-ozone/ozonefs/target/test-dir/MiniOzoneClusterImpl-64fee748-2d2b-4f43-a479-4042c9b36b54/datanode-0/data/ratis/b0e4e1d2-0c3b-4a3c-ab54-9eb8fa8c1b8e has been successfully formatted.
2019-10-02 23:13:04,077 [IPC Server handler 1 on 40647] INFO  node.SCMNodeManager (SCMNodeManager.java:register(266)) - Registered Data node : a2100240-d100-4d43-bc15-2f8e6d4468dd{ip: 192.168.30.30, host: pr-hdds1737-lts7z-2510321508, networkLocation: /default-rack, certSerialId: null}
2019-10-02 23:13:04,078 [pool-277-thread-1] INFO  ratis.ContainerStateMachine (ContainerStateMachine.java:loadSnapshot(230)) - group-9EB8FA8C1B8E: The snapshot info is null. Setting the last applied indexto:(t:0, i:~)
2019-10-02 23:13:04,078 [pool-277-thread-1] INFO  server.RaftServerConfigKeys (ConfUtils.java:logGet(43)) - raft.server.notification.no-leader.timeout = 120s (custom)
2019-10-02 23:13:04,078 [pool-277-thread-1] INFO  server.RaftServerConfigKeys (ConfUtils.java:logGet(43)) - raft.server.log.use.memory = false (default)
2019-10-02 23:13:04,078 [pool-277-thread-1] INFO  server.RaftServerConfigKeys (ConfUtils.java:logGet(43)) - raft.server.log.purge.gap = 1000000 (custom)
2019-10-02 23:13:04,078 [pool-277-thread-1] INFO  server.RaftServerConfigKeys (ConfUtils.java:logGet(43)) - raft.server.log.appender.buffer.byte-limit = 33554432 (custom)
2019-10-02 23:13:04,079 [pool-277-thread-1] INFO  server.RaftServerConfigKeys (ConfUtils.java:logGet(43)) - raft.server.log.segment.size.max = 1048576 (custom)
2019-10-02 23:13:04,082 [pool-277-thread-1] INFO  server.RaftServerConfigKeys (ConfUtils.java:logGet(43)) - raft.server.log.segment.cache.num.max = 2 (custom)
2019-10-02 23:13:04,082 [pool-277-thread-1] INFO  segmented.SegmentedRaftLogWorker (SegmentedRaftLogWorker.java:<init>(173)) - new feb6dbc3-55d3-4d19-9fcb-2f7bd345ee4a@group-9EB8FA8C1B8E-SegmentedRaftLogWorker for RaftStorage:Storage Directory /workdir/hadoop-ozone/ozonefs/target/test-dir/MiniOzoneClusterImpl-64fee748-2d2b-4f43-a479-4042c9b36b54/datanode-0/data/ratis/b0e4e1d2-0c3b-4a3c-ab54-9eb8fa8c1b8e
2019-10-02 23:13:04,082 [pool-277-thread-1] INFO  server.RaftServerConfigKeys (ConfUtils.java:logGet(43)) - raft.server.log.queue.byte-limit = 2147483647 (custom)
2019-10-02 23:13:04,082 [pool-277-thread-1] INFO  server.RaftServerConfigKeys (ConfUtils.java:logGet(43)) - raft.server.log.queue.element-limit = 1024 (custom)
2019-10-02 23:13:04,082 [pool-277-thread-1] INFO  server.RaftServerConfigKeys (ConfUtils.java:logGet(43)) - raft.server.log.segment.size.max = 1048576 (custom)
2019-10-02 23:13:04,083 [pool-277-thread-1] INFO  server.RaftServerConfigKeys (ConfUtils.java:logGet(43)) - raft.server.log.preallocated.size = 16384 (custom)
2019-10-02 23:13:04,083 [pool-277-thread-1] INFO  server.RaftServerConfigKeys (ConfUtils.java:logGet(43)) - raft.server.log.write.buffer.size = 33554432 (custom)
2019-10-02 23:13:04,083 [pool-277-thread-1] INFO  server.RaftServerConfigKeys (ConfUtils.java:logGet(43)) - raft.server.log.force.sync.num = 128 (default)
2019-10-02 23:13:04,083 [pool-277-thread-1] INFO  server.RaftServerConfigKeys (ConfUtils.java:logGet(43)) - raft.server.log.statemachine.data.sync = true (default)
2019-10-02 23:13:04,083 [pool-277-thread-1] INFO  server.RaftServerConfigKeys (ConfUtils.java:logGet(43)) - raft.server.log.statemachine.data.sync.timeout = 10s (default)
2019-10-02 23:13:04,084 [pool-277-thread-1] INFO  server.RaftServerConfigKeys (ConfUtils.java:logGet(43)) - raft.server.log.statemachine.data.sync.timeout.retry = -1 (default)
2019-10-02 23:13:04,084 [pool-277-thread-1] INFO  server.RaftServerConfigKeys (ConfUtils.java:logGet(43)) - raft.server.log.statemachine.data.caching.enabled = true (custom)
2019-10-02 23:13:04,084 [pool-277-thread-1] INFO  segmented.SegmentedRaftLogWorker (SegmentedRaftLogWorker.java:lambda$new$0(128)) - feb6dbc3-55d3-4d19-9fcb-2f7bd345ee4a@group-9EB8FA8C1B8E-SegmentedRaftLogWorker: flushIndex: setUnconditionally 0 -> -1
2019-10-02 23:13:04,085 [pool-277-thread-1] INFO  server.RaftServerConfigKeys (ConfUtils.java:logGet(43)) - raft.server.snapshot.auto.trigger.enabled = true (custom)
2019-10-02 23:13:04,085 [pool-277-thread-1] INFO  server.RaftServerConfigKeys (ConfUtils.java:logGet(43)) - raft.server.snapshot.auto.trigger.threshold = 10000 (custom)
2019-10-02 23:13:04,085 [pool-277-thread-1] INFO  server.RaftServerConfigKeys (ConfUtils.java:logGet(43)) - raft.server.snapshot.retention.file.num = 5 (custom)
2019-10-02 23:13:04,086 [pool-277-thread-1] INFO  server.RaftServerConfigKeys (ConfUtils.java:logGet(43)) - raft.server.retrycache.expirytime = 600000ms (custom)
2019-10-02 23:13:04,088 [pool-277-thread-1] INFO  impl.RaftServerImpl (RaftServerImpl.java:start(181)) - feb6dbc3-55d3-4d19-9fcb-2f7bd345ee4a@group-9EB8FA8C1B8E: start as a follower, conf=-1: [feb6dbc3-55d3-4d19-9fcb-2f7bd345ee4a:192.168.30.30:45515], old=null
2019-10-02 23:13:04,088 [pool-277-thread-1] INFO  impl.RaftServerImpl (RaftServerImpl.java:setRole(170)) - feb6dbc3-55d3-4d19-9fcb-2f7bd345ee4a@group-9EB8FA8C1B8E: changes role from      null to FOLLOWER at term 0 for startAsFollower
2019-10-02 23:13:04,088 [pool-277-thread-1] INFO  impl.RoleInfo (RoleInfo.java:updateAndGet(143)) - feb6dbc3-55d3-4d19-9fcb-2f7bd345ee4a: start FollowerState
2019-10-02 23:13:04,089 [pool-277-thread-1] INFO  util.JmxRegister (JmxRegister.java:tryRegister(44)) - Successfully registered JMX Bean with object name Ratis:service=RaftServer,group=group-9EB8FA8C1B8E,id=feb6dbc3-55d3-4d19-9fcb-2f7bd345ee4a
2019-10-02 23:13:04,098 [RatisPipelineUtilsThread] INFO  pipeline.PipelineStateManager (PipelineStateManager.java:addPipeline(56)) - Created pipeline Pipeline[ Id: b0e4e1d2-0c3b-4a3c-ab54-9eb8fa8c1b8e, Nodes: feb6dbc3-55d3-4d19-9fcb-2f7bd345ee4a{ip: 192.168.30.30, host: pr-hdds1737-lts7z-2510321508, networkLocation: /default-rack, certSerialId: null}, Type:RATIS, Factor:ONE, State:OPEN]
2019-10-02 23:13:04,121 [grpc-default-executor-0] INFO  impl.RaftServerProxy (RaftServerProxy.java:addNew(89)) - a2100240-d100-4d43-bc15-2f8e6d4468dd: addNew group-82713FD08D05:[a2100240-d100-4d43-bc15-2f8e6d4468dd:192.168.30.30:40411] returns group-82713FD08D05:java.util.concurrent.CompletableFuture@7db92905[Not completed]
2019-10-02 23:13:04,122 [pool-287-thread-1] INFO  impl.RaftServerImpl (RaftServerImpl.java:<init>(95)) - a2100240-d100-4d43-bc15-2f8e6d4468dd: new RaftServerImpl for group-82713FD08D05:[a2100240-d100-4d43-bc15-2f8e6d4468dd:192.168.30.30:40411] with ContainerStateMachine:uninitialized
2019-10-02 23:13:04,122 [pool-287-thread-1] INFO  server.RaftServerConfigKeys (ConfUtils.java:logGet(43)) - raft.server.rpc.timeout.min = 5s (custom)
2019-10-02 23:13:04,122 [pool-287-thread-1] INFO  server.RaftServerConfigKeys (ConfUtils.java:logGet(43)) - raft.server.rpc.timeout.max = 5200ms (custom)
2019-10-02 23:13:04,123 [pool-287-thread-1] INFO  server.RaftServerConfigKeys (ConfUtils.java:logGet(43)) - raft.server.rpcslowness.timeout = 120s (custom)
2019-10-02 23:13:04,123 [pool-287-thread-1] INFO  server.RaftServerConfigKeys (ConfUtils.java:logGet(43)) - raft.server.sleep.deviation.threshold = 300 (default)
2019-10-02 23:13:04,123 [pool-287-thread-1] INFO  server.RaftServerConfigKeys (ConfUtils.java:logGet(43)) - raft.server.log.appender.install.snapshot.enabled = false (custom)
2019-10-02 23:13:04,123 [pool-287-thread-1] INFO  impl.RaftServerImpl (ServerState.java:<init>(103)) - a2100240-d100-4d43-bc15-2f8e6d4468dd@group-82713FD08D05: ConfigurationManager, init=-1: [a2100240-d100-4d43-bc15-2f8e6d4468dd:192.168.30.30:40411], old=null, confs=<EMPTY_MAP>
2019-10-02 23:13:04,123 [pool-287-thread-1] INFO  server.RaftServerConfigKeys (ConfUtils.java:logGet(43)) - raft.server.storage.dir = [/workdir/hadoop-ozone/ozonefs/target/test-dir/MiniOzoneClusterImpl-64fee748-2d2b-4f43-a479-4042c9b36b54/datanode-1/data/ratis] (custom)
2019-10-02 23:13:04,124 [pool-287-thread-1] INFO  server.RaftServerConfigKeys (ConfUtils.java:logGet(43)) - raft.server.log.corruption.policy = EXCEPTION (default)
2019-10-02 23:13:04,124 [pool-287-thread-1] INFO  storage.RaftStorageDirectory (RaftStorageDirectory.java:analyzeStorage(246)) - The storage directory /workdir/hadoop-ozone/ozonefs/target/test-dir/MiniOzoneClusterImpl-64fee748-2d2b-4f43-a479-4042c9b36b54/datanode-1/data/ratis/5102f951-ca53-4518-a4a9-82713fd08d05 does not exist. Creating ...
2019-10-02 23:13:04,147 [pool-287-thread-1] INFO  storage.RaftStorageDirectory (RaftStorageDirectory.java:tryLock(328)) - Lock on /workdir/hadoop-ozone/ozonefs/target/test-dir/MiniOzoneClusterImpl-64fee748-2d2b-4f43-a479-4042c9b36b54/datanode-1/data/ratis/5102f951-ca53-4518-a4a9-82713fd08d05/in_use.lock acquired by nodename 24005@pr-hdds1737-lts7z-2510321508
2019-10-02 23:13:04,168 [Thread-1092] INFO  ozone.MiniOzoneClusterImpl (MiniOzoneClusterImpl.java:lambda$waitForClusterToBeReady$0(147)) - Waiting for cluster to be ready. Got 2 of 3 DN Heartbeats.
2019-10-02 23:13:04,170 [pool-287-thread-1] INFO  storage.RaftStorage (RaftStorage.java:format(84)) - Storage directory /workdir/hadoop-ozone/ozonefs/target/test-dir/MiniOzoneClusterImpl-64fee748-2d2b-4f43-a479-4042c9b36b54/datanode-1/data/ratis/5102f951-ca53-4518-a4a9-82713fd08d05 has been successfully formatted.
2019-10-02 23:13:04,170 [IPC Server handler 2 on 40647] INFO  net.NetworkTopology (NetworkTopologyImpl.java:add(111)) - Added a new node: /default-rack/0fcb4e6a-f616-4af8-b696-caf0a4e2cd1c
2019-10-02 23:13:04,170 [pool-287-thread-1] INFO  ratis.ContainerStateMachine (ContainerStateMachine.java:loadSnapshot(230)) - group-82713FD08D05: The snapshot info is null. Setting the last applied indexto:(t:0, i:~)
2019-10-02 23:13:04,171 [IPC Server handler 2 on 40647] INFO  node.SCMNodeManager (SCMNodeManager.java:register(266)) - Registered Data node : 0fcb4e6a-f616-4af8-b696-caf0a4e2cd1c{ip: 192.168.30.30, host: pr-hdds1737-lts7z-2510321508, networkLocation: /default-rack, certSerialId: null}
2019-10-02 23:13:04,171 [pool-287-thread-1] INFO  server.RaftServerConfigKeys (ConfUtils.java:logGet(43)) - raft.server.notification.no-leader.timeout = 120s (custom)
2019-10-02 23:13:04,171 [pool-287-thread-1] INFO  server.RaftServerConfigKeys (ConfUtils.java:logGet(43)) - raft.server.log.use.memory = false (default)
2019-10-02 23:13:04,171 [pool-287-thread-1] INFO  server.RaftServerConfigKeys (ConfUtils.java:logGet(43)) - raft.server.log.purge.gap = 1000000 (custom)
2019-10-02 23:13:04,171 [pool-287-thread-1] INFO  server.RaftServerConfigKeys (ConfUtils.java:logGet(43)) - raft.server.log.appender.buffer.byte-limit = 33554432 (custom)
2019-10-02 23:13:04,172 [pool-287-thread-1] INFO  server.RaftServerConfigKeys (ConfUtils.java:logGet(43)) - raft.server.log.segment.size.max = 1048576 (custom)
2019-10-02 23:13:04,174 [pool-287-thread-1] INFO  server.RaftServerConfigKeys (ConfUtils.java:logGet(43)) - raft.server.log.segment.cache.num.max = 2 (custom)
2019-10-02 23:13:04,174 [pool-287-thread-1] INFO  segmented.SegmentedRaftLogWorker (SegmentedRaftLogWorker.java:<init>(173)) - new a2100240-d100-4d43-bc15-2f8e6d4468dd@group-82713FD08D05-SegmentedRaftLogWorker for RaftStorage:Storage Directory /workdir/hadoop-ozone/ozonefs/target/test-dir/MiniOzoneClusterImpl-64fee748-2d2b-4f43-a479-4042c9b36b54/datanode-1/data/ratis/5102f951-ca53-4518-a4a9-82713fd08d05
2019-10-02 23:13:04,174 [pool-287-thread-1] INFO  server.RaftServerConfigKeys (ConfUtils.java:logGet(43)) - raft.server.log.queue.byte-limit = 2147483647 (custom)
2019-10-02 23:13:04,174 [pool-287-thread-1] INFO  server.RaftServerConfigKeys (ConfUtils.java:logGet(43)) - raft.server.log.queue.element-limit = 1024 (custom)
2019-10-02 23:13:04,174 [pool-287-thread-1] INFO  server.RaftServerConfigKeys (ConfUtils.java:logGet(43)) - raft.server.log.segment.size.max = 1048576 (custom)
2019-10-02 23:13:04,174 [pool-287-thread-1] INFO  server.RaftServerConfigKeys (ConfUtils.java:logGet(43)) - raft.server.log.preallocated.size = 16384 (custom)
2019-10-02 23:13:04,175 [pool-287-thread-1] INFO  server.RaftServerConfigKeys (ConfUtils.java:logGet(43)) - raft.server.log.write.buffer.size = 33554432 (custom)
2019-10-02 23:13:04,175 [pool-287-thread-1] INFO  server.RaftServerConfigKeys (ConfUtils.java:logGet(43)) - raft.server.log.force.sync.num = 128 (default)
2019-10-02 23:13:04,175 [pool-287-thread-1] INFO  server.RaftServerConfigKeys (ConfUtils.java:logGet(43)) - raft.server.log.statemachine.data.sync = true (default)
2019-10-02 23:13:04,175 [pool-287-thread-1] INFO  server.RaftServerConfigKeys (ConfUtils.java:logGet(43)) - raft.server.log.statemachine.data.sync.timeout = 10s (default)
2019-10-02 23:13:04,175 [pool-287-thread-1] INFO  server.RaftServerConfigKeys (ConfUtils.java:logGet(43)) - raft.server.log.statemachine.data.sync.timeout.retry = -1 (default)
2019-10-02 23:13:04,175 [pool-287-thread-1] INFO  server.RaftServerConfigKeys (ConfUtils.java:logGet(43)) - raft.server.log.statemachine.data.caching.enabled = true (custom)
2019-10-02 23:13:04,176 [pool-287-thread-1] INFO  segmented.SegmentedRaftLogWorker (SegmentedRaftLogWorker.java:lambda$new$0(128)) - a2100240-d100-4d43-bc15-2f8e6d4468dd@group-82713FD08D05-SegmentedRaftLogWorker: flushIndex: setUnconditionally 0 -> -1
2019-10-02 23:13:04,176 [pool-287-thread-1] INFO  server.RaftServerConfigKeys (ConfUtils.java:logGet(43)) - raft.server.snapshot.auto.trigger.enabled = true (custom)
2019-10-02 23:13:04,176 [pool-287-thread-1] INFO  server.RaftServerConfigKeys (ConfUtils.java:logGet(43)) - raft.server.snapshot.auto.trigger.threshold = 10000 (custom)
2019-10-02 23:13:04,176 [pool-287-thread-1] INFO  server.RaftServerConfigKeys (ConfUtils.java:logGet(43)) - raft.server.snapshot.retention.file.num = 5 (custom)
2019-10-02 23:13:04,177 [pool-287-thread-1] INFO  server.RaftServerConfigKeys (ConfUtils.java:logGet(43)) - raft.server.retrycache.expirytime = 600000ms (custom)
2019-10-02 23:13:04,178 [pool-287-thread-1] INFO  impl.RaftServerImpl (RaftServerImpl.java:start(181)) - a2100240-d100-4d43-bc15-2f8e6d4468dd@group-82713FD08D05: start as a follower, conf=-1: [a2100240-d100-4d43-bc15-2f8e6d4468dd:192.168.30.30:40411], old=null
2019-10-02 23:13:04,179 [pool-287-thread-1] INFO  impl.RaftServerImpl (RaftServerImpl.java:setRole(170)) - a2100240-d100-4d43-bc15-2f8e6d4468dd@group-82713FD08D05: changes role from      null to FOLLOWER at term 0 for startAsFollower
2019-10-02 23:13:04,179 [pool-287-thread-1] INFO  impl.RoleInfo (RoleInfo.java:updateAndGet(143)) - a2100240-d100-4d43-bc15-2f8e6d4468dd: start FollowerState
2019-10-02 23:13:04,179 [pool-287-thread-1] INFO  util.JmxRegister (JmxRegister.java:tryRegister(44)) - Successfully registered JMX Bean with object name Ratis:service=RaftServer,group=group-82713FD08D05,id=a2100240-d100-4d43-bc15-2f8e6d4468dd
2019-10-02 23:13:04,195 [RatisPipelineUtilsThread] INFO  pipeline.PipelineStateManager (PipelineStateManager.java:addPipeline(56)) - Created pipeline Pipeline[ Id: 5102f951-ca53-4518-a4a9-82713fd08d05, Nodes: a2100240-d100-4d43-bc15-2f8e6d4468dd{ip: 192.168.30.30, host: pr-hdds1737-lts7z-2510321508, networkLocation: /default-rack, certSerialId: null}, Type:RATIS, Factor:ONE, State:OPEN]
2019-10-02 23:13:04,206 [grpc-default-executor-0] INFO  impl.RaftServerProxy (RaftServerProxy.java:addNew(89)) - 0fcb4e6a-f616-4af8-b696-caf0a4e2cd1c: addNew group-2B5BFFDBCE3C:[0fcb4e6a-f616-4af8-b696-caf0a4e2cd1c:192.168.30.30:37761] returns group-2B5BFFDBCE3C:java.util.concurrent.CompletableFuture@52786f03[Not completed]
2019-10-02 23:13:04,207 [pool-297-thread-1] INFO  impl.RaftServerImpl (RaftServerImpl.java:<init>(95)) - 0fcb4e6a-f616-4af8-b696-caf0a4e2cd1c: new RaftServerImpl for group-2B5BFFDBCE3C:[0fcb4e6a-f616-4af8-b696-caf0a4e2cd1c:192.168.30.30:37761] with ContainerStateMachine:uninitialized
2019-10-02 23:13:04,208 [pool-297-thread-1] INFO  server.RaftServerConfigKeys (ConfUtils.java:logGet(43)) - raft.server.rpc.timeout.min = 5s (custom)
2019-10-02 23:13:04,208 [pool-297-thread-1] INFO  server.RaftServerConfigKeys (ConfUtils.java:logGet(43)) - raft.server.rpc.timeout.max = 5200ms (custom)
2019-10-02 23:13:04,208 [pool-297-thread-1] INFO  server.RaftServerConfigKeys (ConfUtils.java:logGet(43)) - raft.server.rpcslowness.timeout = 120s (custom)
2019-10-02 23:13:04,208 [pool-297-thread-1] INFO  server.RaftServerConfigKeys (ConfUtils.java:logGet(43)) - raft.server.sleep.deviation.threshold = 300 (default)
2019-10-02 23:13:04,208 [pool-297-thread-1] INFO  server.RaftServerConfigKeys (ConfUtils.java:logGet(43)) - raft.server.log.appender.install.snapshot.enabled = false (custom)
2019-10-02 23:13:04,208 [pool-297-thread-1] INFO  impl.RaftServerImpl (ServerState.java:<init>(103)) - 0fcb4e6a-f616-4af8-b696-caf0a4e2cd1c@group-2B5BFFDBCE3C: ConfigurationManager, init=-1: [0fcb4e6a-f616-4af8-b696-caf0a4e2cd1c:192.168.30.30:37761], old=null, confs=<EMPTY_MAP>
2019-10-02 23:13:04,208 [pool-297-thread-1] INFO  server.RaftServerConfigKeys (ConfUtils.java:logGet(43)) - raft.server.storage.dir = [/workdir/hadoop-ozone/ozonefs/target/test-dir/MiniOzoneClusterImpl-64fee748-2d2b-4f43-a479-4042c9b36b54/datanode-2/data/ratis] (custom)
2019-10-02 23:13:04,209 [pool-297-thread-1] INFO  server.RaftServerConfigKeys (ConfUtils.java:logGet(43)) - raft.server.log.corruption.policy = EXCEPTION (default)
2019-10-02 23:13:04,209 [pool-297-thread-1] INFO  storage.RaftStorageDirectory (RaftStorageDirectory.java:analyzeStorage(246)) - The storage directory /workdir/hadoop-ozone/ozonefs/target/test-dir/MiniOzoneClusterImpl-64fee748-2d2b-4f43-a479-4042c9b36b54/datanode-2/data/ratis/b492a018-d50f-46fa-8943-2b5bffdbce3c does not exist. Creating ...
2019-10-02 23:13:04,232 [pool-297-thread-1] INFO  storage.RaftStorageDirectory (RaftStorageDirectory.java:tryLock(328)) - Lock on /workdir/hadoop-ozone/ozonefs/target/test-dir/MiniOzoneClusterImpl-64fee748-2d2b-4f43-a479-4042c9b36b54/datanode-2/data/ratis/b492a018-d50f-46fa-8943-2b5bffdbce3c/in_use.lock acquired by nodename 24005@pr-hdds1737-lts7z-2510321508
2019-10-02 23:13:04,254 [pool-297-thread-1] INFO  storage.RaftStorage (RaftStorage.java:format(84)) - Storage directory /workdir/hadoop-ozone/ozonefs/target/test-dir/MiniOzoneClusterImpl-64fee748-2d2b-4f43-a479-4042c9b36b54/datanode-2/data/ratis/b492a018-d50f-46fa-8943-2b5bffdbce3c has been successfully formatted.
2019-10-02 23:13:04,254 [pool-297-thread-1] INFO  ratis.ContainerStateMachine (ContainerStateMachine.java:loadSnapshot(230)) - group-2B5BFFDBCE3C: The snapshot info is null. Setting the last applied indexto:(t:0, i:~)
2019-10-02 23:13:04,254 [pool-297-thread-1] INFO  server.RaftServerConfigKeys (ConfUtils.java:logGet(43)) - raft.server.notification.no-leader.timeout = 120s (custom)
2019-10-02 23:13:04,254 [pool-297-thread-1] INFO  server.RaftServerConfigKeys (ConfUtils.java:logGet(43)) - raft.server.log.use.memory = false (default)
2019-10-02 23:13:04,254 [pool-297-thread-1] INFO  server.RaftServerConfigKeys (ConfUtils.java:logGet(43)) - raft.server.log.purge.gap = 1000000 (custom)
2019-10-02 23:13:04,254 [pool-297-thread-1] INFO  server.RaftServerConfigKeys (ConfUtils.java:logGet(43)) - raft.server.log.appender.buffer.byte-limit = 33554432 (custom)
2019-10-02 23:13:04,254 [pool-297-thread-1] INFO  server.RaftServerConfigKeys (ConfUtils.java:logGet(43)) - raft.server.log.segment.size.max = 1048576 (custom)
2019-10-02 23:13:04,256 [pool-297-thread-1] INFO  server.RaftServerConfigKeys (ConfUtils.java:logGet(43)) - raft.server.log.segment.cache.num.max = 2 (custom)
2019-10-02 23:13:04,256 [pool-297-thread-1] INFO  segmented.SegmentedRaftLogWorker (SegmentedRaftLogWorker.java:<init>(173)) - new 0fcb4e6a-f616-4af8-b696-caf0a4e2cd1c@group-2B5BFFDBCE3C-SegmentedRaftLogWorker for RaftStorage:Storage Directory /workdir/hadoop-ozone/ozonefs/target/test-dir/MiniOzoneClusterImpl-64fee748-2d2b-4f43-a479-4042c9b36b54/datanode-2/data/ratis/b492a018-d50f-46fa-8943-2b5bffdbce3c
2019-10-02 23:13:04,256 [pool-297-thread-1] INFO  server.RaftServerConfigKeys (ConfUtils.java:logGet(43)) - raft.server.log.queue.byte-limit = 2147483647 (custom)
2019-10-02 23:13:04,256 [pool-297-thread-1] INFO  server.RaftServerConfigKeys (ConfUtils.java:logGet(43)) - raft.server.log.queue.element-limit = 1024 (custom)
2019-10-02 23:13:04,257 [pool-297-thread-1] INFO  server.RaftServerConfigKeys (ConfUtils.java:logGet(43)) - raft.server.log.segment.size.max = 1048576 (custom)
2019-10-02 23:13:04,257 [pool-297-thread-1] INFO  server.RaftServerConfigKeys (ConfUtils.java:logGet(43)) - raft.server.log.preallocated.size = 16384 (custom)
2019-10-02 23:13:04,257 [pool-297-thread-1] INFO  server.RaftServerConfigKeys (ConfUtils.java:logGet(43)) - raft.server.log.write.buffer.size = 33554432 (custom)
2019-10-02 23:13:04,257 [pool-297-thread-1] INFO  server.RaftServerConfigKeys (ConfUtils.java:logGet(43)) - raft.server.log.force.sync.num = 128 (default)
2019-10-02 23:13:04,257 [pool-297-thread-1] INFO  server.RaftServerConfigKeys (ConfUtils.java:logGet(43)) - raft.server.log.statemachine.data.sync = true (default)
2019-10-02 23:13:04,257 [pool-297-thread-1] INFO  server.RaftServerConfigKeys (ConfUtils.java:logGet(43)) - raft.server.log.statemachine.data.sync.timeout = 10s (default)
2019-10-02 23:13:04,257 [pool-297-thread-1] INFO  server.RaftServerConfigKeys (ConfUtils.java:logGet(43)) - raft.server.log.statemachine.data.sync.timeout.retry = -1 (default)
2019-10-02 23:13:04,258 [pool-297-thread-1] INFO  server.RaftServerConfigKeys (ConfUtils.java:logGet(43)) - raft.server.log.statemachine.data.caching.enabled = true (custom)
2019-10-02 23:13:04,258 [pool-297-thread-1] INFO  segmented.SegmentedRaftLogWorker (SegmentedRaftLogWorker.java:lambda$new$0(128)) - 0fcb4e6a-f616-4af8-b696-caf0a4e2cd1c@group-2B5BFFDBCE3C-SegmentedRaftLogWorker: flushIndex: setUnconditionally 0 -> -1
2019-10-02 23:13:04,258 [pool-297-thread-1] INFO  server.RaftServerConfigKeys (ConfUtils.java:logGet(43)) - raft.server.snapshot.auto.trigger.enabled = true (custom)
2019-10-02 23:13:04,258 [pool-297-thread-1] INFO  server.RaftServerConfigKeys (ConfUtils.java:logGet(43)) - raft.server.snapshot.auto.trigger.threshold = 10000 (custom)
2019-10-02 23:13:04,259 [pool-297-thread-1] INFO  server.RaftServerConfigKeys (ConfUtils.java:logGet(43)) - raft.server.snapshot.retention.file.num = 5 (custom)
2019-10-02 23:13:04,259 [pool-297-thread-1] INFO  server.RaftServerConfigKeys (ConfUtils.java:logGet(43)) - raft.server.retrycache.expirytime = 600000ms (custom)
2019-10-02 23:13:04,260 [pool-297-thread-1] INFO  impl.RaftServerImpl (RaftServerImpl.java:start(181)) - 0fcb4e6a-f616-4af8-b696-caf0a4e2cd1c@group-2B5BFFDBCE3C: start as a follower, conf=-1: [0fcb4e6a-f616-4af8-b696-caf0a4e2cd1c:192.168.30.30:37761], old=null
2019-10-02 23:13:04,260 [pool-297-thread-1] INFO  impl.RaftServerImpl (RaftServerImpl.java:setRole(170)) - 0fcb4e6a-f616-4af8-b696-caf0a4e2cd1c@group-2B5BFFDBCE3C: changes role from      null to FOLLOWER at term 0 for startAsFollower
2019-10-02 23:13:04,260 [pool-297-thread-1] INFO  impl.RoleInfo (RoleInfo.java:updateAndGet(143)) - 0fcb4e6a-f616-4af8-b696-caf0a4e2cd1c: start FollowerState
2019-10-02 23:13:04,261 [pool-297-thread-1] INFO  util.JmxRegister (JmxRegister.java:tryRegister(44)) - Successfully registered JMX Bean with object name Ratis:service=RaftServer,group=group-2B5BFFDBCE3C,id=0fcb4e6a-f616-4af8-b696-caf0a4e2cd1c
2019-10-02 23:13:04,269 [RatisPipelineUtilsThread] INFO  pipeline.PipelineStateManager (PipelineStateManager.java:addPipeline(56)) - Created pipeline Pipeline[ Id: b492a018-d50f-46fa-8943-2b5bffdbce3c, Nodes: 0fcb4e6a-f616-4af8-b696-caf0a4e2cd1c{ip: 192.168.30.30, host: pr-hdds1737-lts7z-2510321508, networkLocation: /default-rack, certSerialId: null}, Type:RATIS, Factor:ONE, State:OPEN]
2019-10-02 23:13:04,292 [grpc-default-executor-2] INFO  impl.RaftServerProxy (RaftServerProxy.java:addNew(89)) - a2100240-d100-4d43-bc15-2f8e6d4468dd: addNew group-201ACCCCF913:[0fcb4e6a-f616-4af8-b696-caf0a4e2cd1c:192.168.30.30:37761, a2100240-d100-4d43-bc15-2f8e6d4468dd:192.168.30.30:40411, feb6dbc3-55d3-4d19-9fcb-2f7bd345ee4a:192.168.30.30:45515] returns group-201ACCCCF913:java.util.concurrent.CompletableFuture@69e490a6[Not completed]
2019-10-02 23:13:04,295 [grpc-default-executor-2] INFO  impl.RaftServerProxy (RaftServerProxy.java:addNew(89)) - feb6dbc3-55d3-4d19-9fcb-2f7bd345ee4a: addNew group-201ACCCCF913:[0fcb4e6a-f616-4af8-b696-caf0a4e2cd1c:192.168.30.30:37761, a2100240-d100-4d43-bc15-2f8e6d4468dd:192.168.30.30:40411, feb6dbc3-55d3-4d19-9fcb-2f7bd345ee4a:192.168.30.30:45515] returns group-201ACCCCF913:java.util.concurrent.CompletableFuture@28a09fff[Not completed]
2019-10-02 23:13:04,297 [pool-287-thread-1] INFO  impl.RaftServerImpl (RaftServerImpl.java:<init>(95)) - a2100240-d100-4d43-bc15-2f8e6d4468dd: new RaftServerImpl for group-201ACCCCF913:[0fcb4e6a-f616-4af8-b696-caf0a4e2cd1c:192.168.30.30:37761, a2100240-d100-4d43-bc15-2f8e6d4468dd:192.168.30.30:40411, feb6dbc3-55d3-4d19-9fcb-2f7bd345ee4a:192.168.30.30:45515] with ContainerStateMachine:uninitialized
2019-10-02 23:13:04,297 [pool-287-thread-1] INFO  server.RaftServerConfigKeys (ConfUtils.java:logGet(43)) - raft.server.rpc.timeout.min = 5s (custom)
2019-10-02 23:13:04,297 [grpc-default-executor-1] INFO  impl.RaftServerProxy (RaftServerProxy.java:addNew(89)) - 0fcb4e6a-f616-4af8-b696-caf0a4e2cd1c: addNew group-201ACCCCF913:[0fcb4e6a-f616-4af8-b696-caf0a4e2cd1c:192.168.30.30:37761, a2100240-d100-4d43-bc15-2f8e6d4468dd:192.168.30.30:40411, feb6dbc3-55d3-4d19-9fcb-2f7bd345ee4a:192.168.30.30:45515] returns group-201ACCCCF913:java.util.concurrent.CompletableFuture@3a1a5eac[Not completed]
2019-10-02 23:13:04,297 [pool-287-thread-1] INFO  server.RaftServerConfigKeys (ConfUtils.java:logGet(43)) - raft.server.rpc.timeout.max = 5200ms (custom)
2019-10-02 23:13:04,298 [pool-287-thread-1] INFO  server.RaftServerConfigKeys (ConfUtils.java:logGet(43)) - raft.server.rpcslowness.timeout = 120s (custom)
2019-10-02 23:13:04,298 [pool-277-thread-1] INFO  impl.RaftServerImpl (RaftServerImpl.java:<init>(95)) - feb6dbc3-55d3-4d19-9fcb-2f7bd345ee4a: new RaftServerImpl for group-201ACCCCF913:[0fcb4e6a-f616-4af8-b696-caf0a4e2cd1c:192.168.30.30:37761, a2100240-d100-4d43-bc15-2f8e6d4468dd:192.168.30.30:40411, feb6dbc3-55d3-4d19-9fcb-2f7bd345ee4a:192.168.30.30:45515] with ContainerStateMachine:uninitialized
2019-10-02 23:13:04,298 [pool-287-thread-1] INFO  server.RaftServerConfigKeys (ConfUtils.java:logGet(43)) - raft.server.sleep.deviation.threshold = 300 (default)
2019-10-02 23:13:04,298 [pool-277-thread-1] INFO  server.RaftServerConfigKeys (ConfUtils.java:logGet(43)) - raft.server.rpc.timeout.min = 5s (custom)
2019-10-02 23:13:04,298 [pool-287-thread-1] INFO  server.RaftServerConfigKeys (ConfUtils.java:logGet(43)) - raft.server.log.appender.install.snapshot.enabled = false (custom)
2019-10-02 23:13:04,298 [pool-277-thread-1] INFO  server.RaftServerConfigKeys (ConfUtils.java:logGet(43)) - raft.server.rpc.timeout.max = 5200ms (custom)
2019-10-02 23:13:04,298 [pool-297-thread-1] INFO  impl.RaftServerImpl (RaftServerImpl.java:<init>(95)) - 0fcb4e6a-f616-4af8-b696-caf0a4e2cd1c: new RaftServerImpl for group-201ACCCCF913:[0fcb4e6a-f616-4af8-b696-caf0a4e2cd1c:192.168.30.30:37761, a2100240-d100-4d43-bc15-2f8e6d4468dd:192.168.30.30:40411, feb6dbc3-55d3-4d19-9fcb-2f7bd345ee4a:192.168.30.30:45515] with ContainerStateMachine:uninitialized
2019-10-02 23:13:04,298 [pool-287-thread-1] INFO  impl.RaftServerImpl (ServerState.java:<init>(103)) - a2100240-d100-4d43-bc15-2f8e6d4468dd@group-201ACCCCF913: ConfigurationManager, init=-1: [0fcb4e6a-f616-4af8-b696-caf0a4e2cd1c:192.168.30.30:37761, a2100240-d100-4d43-bc15-2f8e6d4468dd:192.168.30.30:40411, feb6dbc3-55d3-4d19-9fcb-2f7bd345ee4a:192.168.30.30:45515], old=null, confs=<EMPTY_MAP>
2019-10-02 23:13:04,299 [pool-297-thread-1] INFO  server.RaftServerConfigKeys (ConfUtils.java:logGet(43)) - raft.server.rpc.timeout.min = 5s (custom)
2019-10-02 23:13:04,298 [pool-277-thread-1] INFO  server.RaftServerConfigKeys (ConfUtils.java:logGet(43)) - raft.server.rpcslowness.timeout = 120s (custom)
2019-10-02 23:13:04,299 [pool-297-thread-1] INFO  server.RaftServerConfigKeys (ConfUtils.java:logGet(43)) - raft.server.rpc.timeout.max = 5200ms (custom)
2019-10-02 23:13:04,299 [pool-287-thread-1] INFO  server.RaftServerConfigKeys (ConfUtils.java:logGet(43)) - raft.server.storage.dir = [/workdir/hadoop-ozone/ozonefs/target/test-dir/MiniOzoneClusterImpl-64fee748-2d2b-4f43-a479-4042c9b36b54/datanode-1/data/ratis] (custom)
2019-10-02 23:13:04,299 [pool-297-thread-1] INFO  server.RaftServerConfigKeys (ConfUtils.java:logGet(43)) - raft.server.rpcslowness.timeout = 120s (custom)
2019-10-02 23:13:04,299 [pool-297-thread-1] INFO  server.RaftServerConfigKeys (ConfUtils.java:logGet(43)) - raft.server.sleep.deviation.threshold = 300 (default)
2019-10-02 23:13:04,299 [pool-277-thread-1] INFO  server.RaftServerConfigKeys (ConfUtils.java:logGet(43)) - raft.server.sleep.deviation.threshold = 300 (default)
2019-10-02 23:13:04,300 [pool-297-thread-1] INFO  server.RaftServerConfigKeys (ConfUtils.java:logGet(43)) - raft.server.log.appender.install.snapshot.enabled = false (custom)
2019-10-02 23:13:04,299 [pool-287-thread-1] INFO  server.RaftServerConfigKeys (ConfUtils.java:logGet(43)) - raft.server.log.corruption.policy = EXCEPTION (default)
2019-10-02 23:13:04,300 [pool-297-thread-1] INFO  impl.RaftServerImpl (ServerState.java:<init>(103)) - 0fcb4e6a-f616-4af8-b696-caf0a4e2cd1c@group-201ACCCCF913: ConfigurationManager, init=-1: [0fcb4e6a-f616-4af8-b696-caf0a4e2cd1c:192.168.30.30:37761, a2100240-d100-4d43-bc15-2f8e6d4468dd:192.168.30.30:40411, feb6dbc3-55d3-4d19-9fcb-2f7bd345ee4a:192.168.30.30:45515], old=null, confs=<EMPTY_MAP>
2019-10-02 23:13:04,300 [pool-277-thread-1] INFO  server.RaftServerConfigKeys (ConfUtils.java:logGet(43)) - raft.server.log.appender.install.snapshot.enabled = false (custom)
2019-10-02 23:13:04,300 [pool-297-thread-1] INFO  server.RaftServerConfigKeys (ConfUtils.java:logGet(43)) - raft.server.storage.dir = [/workdir/hadoop-ozone/ozonefs/target/test-dir/MiniOzoneClusterImpl-64fee748-2d2b-4f43-a479-4042c9b36b54/datanode-2/data/ratis] (custom)
2019-10-02 23:13:04,300 [pool-287-thread-1] INFO  storage.RaftStorageDirectory (RaftStorageDirectory.java:analyzeStorage(246)) - The storage directory /workdir/hadoop-ozone/ozonefs/target/test-dir/MiniOzoneClusterImpl-64fee748-2d2b-4f43-a479-4042c9b36b54/datanode-1/data/ratis/8e64093d-85d8-4ef6-952f-201accccf913 does not exist. Creating ...
2019-10-02 23:13:04,300 [pool-277-thread-1] INFO  impl.RaftServerImpl (ServerState.java:<init>(103)) - feb6dbc3-55d3-4d19-9fcb-2f7bd345ee4a@group-201ACCCCF913: ConfigurationManager, init=-1: [0fcb4e6a-f616-4af8-b696-caf0a4e2cd1c:192.168.30.30:37761, a2100240-d100-4d43-bc15-2f8e6d4468dd:192.168.30.30:40411, feb6dbc3-55d3-4d19-9fcb-2f7bd345ee4a:192.168.30.30:45515], old=null, confs=<EMPTY_MAP>
2019-10-02 23:13:04,301 [pool-297-thread-1] INFO  server.RaftServerConfigKeys (ConfUtils.java:logGet(43)) - raft.server.log.corruption.policy = EXCEPTION (default)
2019-10-02 23:13:04,301 [pool-277-thread-1] INFO  server.RaftServerConfigKeys (ConfUtils.java:logGet(43)) - raft.server.storage.dir = [/workdir/hadoop-ozone/ozonefs/target/test-dir/MiniOzoneClusterImpl-64fee748-2d2b-4f43-a479-4042c9b36b54/datanode-0/data/ratis] (custom)
2019-10-02 23:13:04,301 [pool-297-thread-1] INFO  storage.RaftStorageDirectory (RaftStorageDirectory.java:analyzeStorage(246)) - The storage directory /workdir/hadoop-ozone/ozonefs/target/test-dir/MiniOzoneClusterImpl-64fee748-2d2b-4f43-a479-4042c9b36b54/datanode-2/data/ratis/8e64093d-85d8-4ef6-952f-201accccf913 does not exist. Creating ...
2019-10-02 23:13:04,301 [pool-277-thread-1] INFO  server.RaftServerConfigKeys (ConfUtils.java:logGet(43)) - raft.server.log.corruption.policy = EXCEPTION (default)
2019-10-02 23:13:04,301 [pool-277-thread-1] INFO  storage.RaftStorageDirectory (RaftStorageDirectory.java:analyzeStorage(246)) - The storage directory /workdir/hadoop-ozone/ozonefs/target/test-dir/MiniOzoneClusterImpl-64fee748-2d2b-4f43-a479-4042c9b36b54/datanode-0/data/ratis/8e64093d-85d8-4ef6-952f-201accccf913 does not exist. Creating ...
2019-10-02 23:13:04,322 [pool-287-thread-1] INFO  storage.RaftStorageDirectory (RaftStorageDirectory.java:tryLock(328)) - Lock on /workdir/hadoop-ozone/ozonefs/target/test-dir/MiniOzoneClusterImpl-64fee748-2d2b-4f43-a479-4042c9b36b54/datanode-1/data/ratis/8e64093d-85d8-4ef6-952f-201accccf913/in_use.lock acquired by nodename 24005@pr-hdds1737-lts7z-2510321508
2019-10-02 23:13:04,322 [pool-277-thread-1] INFO  storage.RaftStorageDirectory (RaftStorageDirectory.java:tryLock(328)) - Lock on /workdir/hadoop-ozone/ozonefs/target/test-dir/MiniOzoneClusterImpl-64fee748-2d2b-4f43-a479-4042c9b36b54/datanode-0/data/ratis/8e64093d-85d8-4ef6-952f-201accccf913/in_use.lock acquired by nodename 24005@pr-hdds1737-lts7z-2510321508
2019-10-02 23:13:04,322 [pool-297-thread-1] INFO  storage.RaftStorageDirectory (RaftStorageDirectory.java:tryLock(328)) - Lock on /workdir/hadoop-ozone/ozonefs/target/test-dir/MiniOzoneClusterImpl-64fee748-2d2b-4f43-a479-4042c9b36b54/datanode-2/data/ratis/8e64093d-85d8-4ef6-952f-201accccf913/in_use.lock acquired by nodename 24005@pr-hdds1737-lts7z-2510321508
2019-10-02 23:13:04,359 [pool-277-thread-1] INFO  storage.RaftStorage (RaftStorage.java:format(84)) - Storage directory /workdir/hadoop-ozone/ozonefs/target/test-dir/MiniOzoneClusterImpl-64fee748-2d2b-4f43-a479-4042c9b36b54/datanode-0/data/ratis/8e64093d-85d8-4ef6-952f-201accccf913 has been successfully formatted.
2019-10-02 23:13:04,359 [pool-287-thread-1] INFO  storage.RaftStorage (RaftStorage.java:format(84)) - Storage directory /workdir/hadoop-ozone/ozonefs/target/test-dir/MiniOzoneClusterImpl-64fee748-2d2b-4f43-a479-4042c9b36b54/datanode-1/data/ratis/8e64093d-85d8-4ef6-952f-201accccf913 has been successfully formatted.
2019-10-02 23:13:04,359 [pool-297-thread-1] INFO  storage.RaftStorage (RaftStorage.java:format(84)) - Storage directory /workdir/hadoop-ozone/ozonefs/target/test-dir/MiniOzoneClusterImpl-64fee748-2d2b-4f43-a479-4042c9b36b54/datanode-2/data/ratis/8e64093d-85d8-4ef6-952f-201accccf913 has been successfully formatted.
2019-10-02 23:13:04,360 [pool-277-thread-1] INFO  ratis.ContainerStateMachine (ContainerStateMachine.java:loadSnapshot(230)) - group-201ACCCCF913: The snapshot info is null. Setting the last applied indexto:(t:0, i:~)
2019-10-02 23:13:04,360 [pool-297-thread-1] INFO  ratis.ContainerStateMachine (ContainerStateMachine.java:loadSnapshot(230)) - group-201ACCCCF913: The snapshot info is null. Setting the last applied indexto:(t:0, i:~)
2019-10-02 23:13:04,360 [pool-277-thread-1] INFO  server.RaftServerConfigKeys (ConfUtils.java:logGet(43)) - raft.server.notification.no-leader.timeout = 120s (custom)
2019-10-02 23:13:04,360 [pool-297-thread-1] INFO  server.RaftServerConfigKeys (ConfUtils.java:logGet(43)) - raft.server.notification.no-leader.timeout = 120s (custom)
2019-10-02 23:13:04,360 [pool-277-thread-1] INFO  server.RaftServerConfigKeys (ConfUtils.java:logGet(43)) - raft.server.log.use.memory = false (default)
2019-10-02 23:13:04,360 [pool-297-thread-1] INFO  server.RaftServerConfigKeys (ConfUtils.java:logGet(43)) - raft.server.log.use.memory = false (default)
2019-10-02 23:13:04,360 [pool-277-thread-1] INFO  server.RaftServerConfigKeys (ConfUtils.java:logGet(43)) - raft.server.log.purge.gap = 1000000 (custom)
2019-10-02 23:13:04,360 [pool-287-thread-1] INFO  ratis.ContainerStateMachine (ContainerStateMachine.java:loadSnapshot(230)) - group-201ACCCCF913: The snapshot info is null. Setting the last applied indexto:(t:0, i:~)
2019-10-02 23:13:04,360 [pool-297-thread-1] INFO  server.RaftServerConfigKeys (ConfUtils.java:logGet(43)) - raft.server.log.purge.gap = 1000000 (custom)
2019-10-02 23:13:04,361 [pool-287-thread-1] INFO  server.RaftServerConfigKeys (ConfUtils.java:logGet(43)) - raft.server.notification.no-leader.timeout = 120s (custom)
2019-10-02 23:13:04,361 [pool-277-thread-1] INFO  server.RaftServerConfigKeys (ConfUtils.java:logGet(43)) - raft.server.log.appender.buffer.byte-limit = 33554432 (custom)
2019-10-02 23:13:04,361 [pool-287-thread-1] INFO  server.RaftServerConfigKeys (ConfUtils.java:logGet(43)) - raft.server.log.use.memory = false (default)
2019-10-02 23:13:04,361 [pool-297-thread-1] INFO  server.RaftServerConfigKeys (ConfUtils.java:logGet(43)) - raft.server.log.appender.buffer.byte-limit = 33554432 (custom)
2019-10-02 23:13:04,361 [pool-287-thread-1] INFO  server.RaftServerConfigKeys (ConfUtils.java:logGet(43)) - raft.server.log.purge.gap = 1000000 (custom)
2019-10-02 23:13:04,361 [pool-277-thread-1] INFO  server.RaftServerConfigKeys (ConfUtils.java:logGet(43)) - raft.server.log.segment.size.max = 1048576 (custom)
2019-10-02 23:13:04,362 [pool-287-thread-1] INFO  server.RaftServerConfigKeys (ConfUtils.java:logGet(43)) - raft.server.log.appender.buffer.byte-limit = 33554432 (custom)
2019-10-02 23:13:04,361 [pool-297-thread-1] INFO  server.RaftServerConfigKeys (ConfUtils.java:logGet(43)) - raft.server.log.segment.size.max = 1048576 (custom)
2019-10-02 23:13:04,362 [pool-287-thread-1] INFO  server.RaftServerConfigKeys (ConfUtils.java:logGet(43)) - raft.server.log.segment.size.max = 1048576 (custom)
2019-10-02 23:13:04,362 [pool-277-thread-1] INFO  server.RaftServerConfigKeys (ConfUtils.java:logGet(43)) - raft.server.log.segment.cache.num.max = 2 (custom)
2019-10-02 23:13:04,362 [pool-287-thread-1] INFO  server.RaftServerConfigKeys (ConfUtils.java:logGet(43)) - raft.server.log.segment.cache.num.max = 2 (custom)
2019-10-02 23:13:04,362 [pool-297-thread-1] INFO  server.RaftServerConfigKeys (ConfUtils.java:logGet(43)) - raft.server.log.segment.cache.num.max = 2 (custom)
2019-10-02 23:13:04,363 [pool-287-thread-1] INFO  segmented.SegmentedRaftLogWorker (SegmentedRaftLogWorker.java:<init>(173)) - new a2100240-d100-4d43-bc15-2f8e6d4468dd@group-201ACCCCF913-SegmentedRaftLogWorker for RaftStorage:Storage Directory /workdir/hadoop-ozone/ozonefs/target/test-dir/MiniOzoneClusterImpl-64fee748-2d2b-4f43-a479-4042c9b36b54/datanode-1/data/ratis/8e64093d-85d8-4ef6-952f-201accccf913
2019-10-02 23:13:04,362 [pool-277-thread-1] INFO  segmented.SegmentedRaftLogWorker (SegmentedRaftLogWorker.java:<init>(173)) - new feb6dbc3-55d3-4d19-9fcb-2f7bd345ee4a@group-201ACCCCF913-SegmentedRaftLogWorker for RaftStorage:Storage Directory /workdir/hadoop-ozone/ozonefs/target/test-dir/MiniOzoneClusterImpl-64fee748-2d2b-4f43-a479-4042c9b36b54/datanode-0/data/ratis/8e64093d-85d8-4ef6-952f-201accccf913
2019-10-02 23:13:04,363 [pool-287-thread-1] INFO  server.RaftServerConfigKeys (ConfUtils.java:logGet(43)) - raft.server.log.queue.byte-limit = 2147483647 (custom)
2019-10-02 23:13:04,363 [pool-297-thread-1] INFO  segmented.SegmentedRaftLogWorker (SegmentedRaftLogWorker.java:<init>(173)) - new 0fcb4e6a-f616-4af8-b696-caf0a4e2cd1c@group-201ACCCCF913-SegmentedRaftLogWorker for RaftStorage:Storage Directory /workdir/hadoop-ozone/ozonefs/target/test-dir/MiniOzoneClusterImpl-64fee748-2d2b-4f43-a479-4042c9b36b54/datanode-2/data/ratis/8e64093d-85d8-4ef6-952f-201accccf913
2019-10-02 23:13:04,363 [pool-287-thread-1] INFO  server.RaftServerConfigKeys (ConfUtils.java:logGet(43)) - raft.server.log.queue.element-limit = 1024 (custom)
2019-10-02 23:13:04,363 [pool-277-thread-1] INFO  server.RaftServerConfigKeys (ConfUtils.java:logGet(43)) - raft.server.log.queue.byte-limit = 2147483647 (custom)
2019-10-02 23:13:04,363 [pool-287-thread-1] INFO  server.RaftServerConfigKeys (ConfUtils.java:logGet(43)) - raft.server.log.segment.size.max = 1048576 (custom)
2019-10-02 23:13:04,363 [pool-297-thread-1] INFO  server.RaftServerConfigKeys (ConfUtils.java:logGet(43)) - raft.server.log.queue.byte-limit = 2147483647 (custom)
2019-10-02 23:13:04,364 [pool-287-thread-1] INFO  server.RaftServerConfigKeys (ConfUtils.java:logGet(43)) - raft.server.log.preallocated.size = 16384 (custom)
2019-10-02 23:13:04,364 [pool-287-thread-1] INFO  server.RaftServerConfigKeys (ConfUtils.java:logGet(43)) - raft.server.log.write.buffer.size = 33554432 (custom)
2019-10-02 23:13:04,364 [pool-277-thread-1] INFO  server.RaftServerConfigKeys (ConfUtils.java:logGet(43)) - raft.server.log.queue.element-limit = 1024 (custom)
2019-10-02 23:13:04,364 [pool-287-thread-1] INFO  server.RaftServerConfigKeys (ConfUtils.java:logGet(43)) - raft.server.log.force.sync.num = 128 (default)
2019-10-02 23:13:04,364 [pool-297-thread-1] INFO  server.RaftServerConfigKeys (ConfUtils.java:logGet(43)) - raft.server.log.queue.element-limit = 1024 (custom)
2019-10-02 23:13:04,365 [pool-287-thread-1] INFO  server.RaftServerConfigKeys (ConfUtils.java:logGet(43)) - raft.server.log.statemachine.data.sync = true (default)
2019-10-02 23:13:04,364 [pool-277-thread-1] INFO  server.RaftServerConfigKeys (ConfUtils.java:logGet(43)) - raft.server.log.segment.size.max = 1048576 (custom)
2019-10-02 23:13:04,365 [pool-287-thread-1] INFO  server.RaftServerConfigKeys (ConfUtils.java:logGet(43)) - raft.server.log.statemachine.data.sync.timeout = 10s (default)
2019-10-02 23:13:04,365 [pool-297-thread-1] INFO  server.RaftServerConfigKeys (ConfUtils.java:logGet(43)) - raft.server.log.segment.size.max = 1048576 (custom)
2019-10-02 23:13:04,365 [pool-287-thread-1] INFO  server.RaftServerConfigKeys (ConfUtils.java:logGet(43)) - raft.server.log.statemachine.data.sync.timeout.retry = -1 (default)
2019-10-02 23:13:04,365 [pool-277-thread-1] INFO  server.RaftServerConfigKeys (ConfUtils.java:logGet(43)) - raft.server.log.preallocated.size = 16384 (custom)
2019-10-02 23:13:04,366 [pool-287-thread-1] INFO  server.RaftServerConfigKeys (ConfUtils.java:logGet(43)) - raft.server.log.statemachine.data.caching.enabled = true (custom)
2019-10-02 23:13:04,365 [pool-297-thread-1] INFO  server.RaftServerConfigKeys (ConfUtils.java:logGet(43)) - raft.server.log.preallocated.size = 16384 (custom)
2019-10-02 23:13:04,366 [pool-277-thread-1] INFO  server.RaftServerConfigKeys (ConfUtils.java:logGet(43)) - raft.server.log.write.buffer.size = 33554432 (custom)
2019-10-02 23:13:04,366 [pool-287-thread-1] INFO  segmented.SegmentedRaftLogWorker (SegmentedRaftLogWorker.java:lambda$new$0(128)) - a2100240-d100-4d43-bc15-2f8e6d4468dd@group-201ACCCCF913-SegmentedRaftLogWorker: flushIndex: setUnconditionally 0 -> -1
2019-10-02 23:13:04,366 [pool-297-thread-1] INFO  server.RaftServerConfigKeys (ConfUtils.java:logGet(43)) - raft.server.log.write.buffer.size = 33554432 (custom)
2019-10-02 23:13:04,366 [pool-277-thread-1] INFO  server.RaftServerConfigKeys (ConfUtils.java:logGet(43)) - raft.server.log.force.sync.num = 128 (default)
2019-10-02 23:13:04,366 [pool-287-thread-1] INFO  server.RaftServerConfigKeys (ConfUtils.java:logGet(43)) - raft.server.snapshot.auto.trigger.enabled = true (custom)
2019-10-02 23:13:04,366 [pool-297-thread-1] INFO  server.RaftServerConfigKeys (ConfUtils.java:logGet(43)) - raft.server.log.force.sync.num = 128 (default)
2019-10-02 23:13:04,367 [pool-287-thread-1] INFO  server.RaftServerConfigKeys (ConfUtils.java:logGet(43)) - raft.server.snapshot.auto.trigger.threshold = 10000 (custom)
2019-10-02 23:13:04,367 [pool-277-thread-1] INFO  server.RaftServerConfigKeys (ConfUtils.java:logGet(43)) - raft.server.log.statemachine.data.sync = true (default)
2019-10-02 23:13:04,367 [pool-287-thread-1] INFO  server.RaftServerConfigKeys (ConfUtils.java:logGet(43)) - raft.server.snapshot.retention.file.num = 5 (custom)
2019-10-02 23:13:04,367 [pool-297-thread-1] INFO  server.RaftServerConfigKeys (ConfUtils.java:logGet(43)) - raft.server.log.statemachine.data.sync = true (default)
2019-10-02 23:13:04,368 [pool-287-thread-1] INFO  server.RaftServerConfigKeys (ConfUtils.java:logGet(43)) - raft.server.retrycache.expirytime = 600000ms (custom)
2019-10-02 23:13:04,368 [pool-297-thread-1] INFO  server.RaftServerConfigKeys (ConfUtils.java:logGet(43)) - raft.server.log.statemachine.data.sync.timeout = 10s (default)
2019-10-02 23:13:04,368 [pool-297-thread-1] INFO  server.RaftServerConfigKeys (ConfUtils.java:logGet(43)) - raft.server.log.statemachine.data.sync.timeout.retry = -1 (default)
2019-10-02 23:13:04,368 [pool-277-thread-1] INFO  server.RaftServerConfigKeys (ConfUtils.java:logGet(43)) - raft.server.log.statemachine.data.sync.timeout = 10s (default)
2019-10-02 23:13:04,368 [pool-297-thread-1] INFO  server.RaftServerConfigKeys (ConfUtils.java:logGet(43)) - raft.server.log.statemachine.data.caching.enabled = true (custom)
2019-10-02 23:13:04,368 [pool-277-thread-1] INFO  server.RaftServerConfigKeys (ConfUtils.java:logGet(43)) - raft.server.log.statemachine.data.sync.timeout.retry = -1 (default)
2019-10-02 23:13:04,369 [pool-297-thread-1] INFO  segmented.SegmentedRaftLogWorker (SegmentedRaftLogWorker.java:lambda$new$0(128)) - 0fcb4e6a-f616-4af8-b696-caf0a4e2cd1c@group-201ACCCCF913-SegmentedRaftLogWorker: flushIndex: setUnconditionally 0 -> -1
2019-10-02 23:13:04,369 [pool-297-thread-1] INFO  server.RaftServerConfigKeys (ConfUtils.java:logGet(43)) - raft.server.snapshot.auto.trigger.enabled = true (custom)
2019-10-02 23:13:04,369 [pool-277-thread-1] INFO  server.RaftServerConfigKeys (ConfUtils.java:logGet(43)) - raft.server.log.statemachine.data.caching.enabled = true (custom)
2019-10-02 23:13:04,369 [pool-297-thread-1] INFO  server.RaftServerConfigKeys (ConfUtils.java:logGet(43)) - raft.server.snapshot.auto.trigger.threshold = 10000 (custom)
2019-10-02 23:13:04,369 [pool-297-thread-1] INFO  server.RaftServerConfigKeys (ConfUtils.java:logGet(43)) - raft.server.snapshot.retention.file.num = 5 (custom)
2019-10-02 23:13:04,369 [pool-297-thread-1] INFO  server.RaftServerConfigKeys (ConfUtils.java:logGet(43)) - raft.server.retrycache.expirytime = 600000ms (custom)
2019-10-02 23:13:04,369 [pool-277-thread-1] INFO  segmented.SegmentedRaftLogWorker (SegmentedRaftLogWorker.java:lambda$new$0(128)) - feb6dbc3-55d3-4d19-9fcb-2f7bd345ee4a@group-201ACCCCF913-SegmentedRaftLogWorker: flushIndex: setUnconditionally 0 -> -1
2019-10-02 23:13:04,370 [pool-277-thread-1] INFO  server.RaftServerConfigKeys (ConfUtils.java:logGet(43)) - raft.server.snapshot.auto.trigger.enabled = true (custom)
2019-10-02 23:13:04,370 [pool-277-thread-1] INFO  server.RaftServerConfigKeys (ConfUtils.java:logGet(43)) - raft.server.snapshot.auto.trigger.threshold = 10000 (custom)
2019-10-02 23:13:04,370 [pool-277-thread-1] INFO  server.RaftServerConfigKeys (ConfUtils.java:logGet(43)) - raft.server.snapshot.retention.file.num = 5 (custom)
2019-10-02 23:13:04,370 [pool-277-thread-1] INFO  server.RaftServerConfigKeys (ConfUtils.java:logGet(43)) - raft.server.retrycache.expirytime = 600000ms (custom)
2019-10-02 23:13:04,371 [pool-287-thread-1] INFO  impl.RaftServerImpl (RaftServerImpl.java:start(181)) - a2100240-d100-4d43-bc15-2f8e6d4468dd@group-201ACCCCF913: start as a follower, conf=-1: [0fcb4e6a-f616-4af8-b696-caf0a4e2cd1c:192.168.30.30:37761, a2100240-d100-4d43-bc15-2f8e6d4468dd:192.168.30.30:40411, feb6dbc3-55d3-4d19-9fcb-2f7bd345ee4a:192.168.30.30:45515], old=null
2019-10-02 23:13:04,371 [pool-287-thread-1] INFO  impl.RaftServerImpl (RaftServerImpl.java:setRole(170)) - a2100240-d100-4d43-bc15-2f8e6d4468dd@group-201ACCCCF913: changes role from      null to FOLLOWER at term 0 for startAsFollower
2019-10-02 23:13:04,371 [pool-287-thread-1] INFO  impl.RoleInfo (RoleInfo.java:updateAndGet(143)) - a2100240-d100-4d43-bc15-2f8e6d4468dd: start FollowerState
2019-10-02 23:13:04,371 [pool-297-thread-1] INFO  impl.RaftServerImpl (RaftServerImpl.java:start(181)) - 0fcb4e6a-f616-4af8-b696-caf0a4e2cd1c@group-201ACCCCF913: start as a follower, conf=-1: [0fcb4e6a-f616-4af8-b696-caf0a4e2cd1c:192.168.30.30:37761, a2100240-d100-4d43-bc15-2f8e6d4468dd:192.168.30.30:40411, feb6dbc3-55d3-4d19-9fcb-2f7bd345ee4a:192.168.30.30:45515], old=null
2019-10-02 23:13:04,372 [pool-297-thread-1] INFO  impl.RaftServerImpl (RaftServerImpl.java:setRole(170)) - 0fcb4e6a-f616-4af8-b696-caf0a4e2cd1c@group-201ACCCCF913: changes role from      null to FOLLOWER at term 0 for startAsFollower
2019-10-02 23:13:04,372 [pool-297-thread-1] INFO  impl.RoleInfo (RoleInfo.java:updateAndGet(143)) - 0fcb4e6a-f616-4af8-b696-caf0a4e2cd1c: start FollowerState
2019-10-02 23:13:04,372 [pool-287-thread-1] INFO  util.JmxRegister (JmxRegister.java:tryRegister(44)) - Successfully registered JMX Bean with object name Ratis:service=RaftServer,group=group-201ACCCCF913,id=a2100240-d100-4d43-bc15-2f8e6d4468dd
2019-10-02 23:13:04,372 [pool-297-thread-1] INFO  util.JmxRegister (JmxRegister.java:tryRegister(44)) - Successfully registered JMX Bean with object name Ratis:service=RaftServer,group=group-201ACCCCF913,id=0fcb4e6a-f616-4af8-b696-caf0a4e2cd1c
2019-10-02 23:13:04,373 [pool-277-thread-1] INFO  impl.RaftServerImpl (RaftServerImpl.java:start(181)) - feb6dbc3-55d3-4d19-9fcb-2f7bd345ee4a@group-201ACCCCF913: start as a follower, conf=-1: [0fcb4e6a-f616-4af8-b696-caf0a4e2cd1c:192.168.30.30:37761, a2100240-d100-4d43-bc15-2f8e6d4468dd:192.168.30.30:40411, feb6dbc3-55d3-4d19-9fcb-2f7bd345ee4a:192.168.30.30:45515], old=null
2019-10-02 23:13:04,373 [pool-277-thread-1] INFO  impl.RaftServerImpl (RaftServerImpl.java:setRole(170)) - feb6dbc3-55d3-4d19-9fcb-2f7bd345ee4a@group-201ACCCCF913: changes role from      null to FOLLOWER at term 0 for startAsFollower
2019-10-02 23:13:04,374 [pool-277-thread-1] INFO  impl.RoleInfo (RoleInfo.java:updateAndGet(143)) - feb6dbc3-55d3-4d19-9fcb-2f7bd345ee4a: start FollowerState
2019-10-02 23:13:04,374 [pool-277-thread-1] INFO  util.JmxRegister (JmxRegister.java:tryRegister(44)) - Successfully registered JMX Bean with object name Ratis:service=RaftServer,group=group-201ACCCCF913,id=feb6dbc3-55d3-4d19-9fcb-2f7bd345ee4a
2019-10-02 23:13:04,385 [RatisPipelineUtilsThread] INFO  pipeline.PipelineStateManager (PipelineStateManager.java:addPipeline(56)) - Created pipeline Pipeline[ Id: 8e64093d-85d8-4ef6-952f-201accccf913, Nodes: feb6dbc3-55d3-4d19-9fcb-2f7bd345ee4a{ip: 192.168.30.30, host: pr-hdds1737-lts7z-2510321508, networkLocation: /default-rack, certSerialId: null}a2100240-d100-4d43-bc15-2f8e6d4468dd{ip: 192.168.30.30, host: pr-hdds1737-lts7z-2510321508, networkLocation: /default-rack, certSerialId: null}0fcb4e6a-f616-4af8-b696-caf0a4e2cd1c{ip: 192.168.30.30, host: pr-hdds1737-lts7z-2510321508, networkLocation: /default-rack, certSerialId: null}, Type:RATIS, Factor:THREE, State:OPEN]
2019-10-02 23:13:05,169 [Thread-1092] INFO  ozone.MiniOzoneClusterImpl (MiniOzoneClusterImpl.java:lambda$waitForClusterToBeReady$0(147)) - Cluster is ready. Got 3 of 3 DN Heartbeats.
2019-10-02 23:13:05,211 [Thread-1092] INFO  rpc.RpcClient (RpcClient.java:createVolume(276)) - Creating Volume: volume18006, with user52181 as owner.
2019-10-02 23:13:05,214 [IPC Server handler 1 on 39418] INFO  volume.OMVolumeCreateRequest (OMVolumeCreateRequest.java:validateAndUpdateCache(194)) - created volume:volume18006 for user:user52181
2019-10-02 23:13:05,224 [Thread-1092] INFO  rpc.RpcClient (RpcClient.java:createBucket(415)) - Creating Bucket: volume18006/bucket51814, with Versioning false and Storage Type set to DISK and Encryption set to false 
23:13:05.280 [IPC Server handler 13 on 39418] ERROR OMAudit - user=jenkins1000 | ip=127.0.0.1 | op=READ_KEY {volume=volume18006, bucket=bucket51814, key=testDeleteCreatesFakeParentDir/parent/, dataSize=0, replicationType=null, replicationFactor=null, keyLocationInfo=null} | ret=FAILURE
org.apache.hadoop.ozone.om.exceptions.OMException: Key not found
	at org.apache.hadoop.ozone.om.KeyManagerImpl.lookupKey(KeyManagerImpl.java:683) ~[hadoop-ozone-ozone-manager-0.5.0-SNAPSHOT.jar:?]
	at org.apache.hadoop.ozone.om.OzoneManager.lookupKey(OzoneManager.java:2312) ~[hadoop-ozone-ozone-manager-0.5.0-SNAPSHOT.jar:?]
	at org.apache.hadoop.ozone.protocolPB.OzoneManagerRequestHandler.lookupKey(OzoneManagerRequestHandler.java:621) ~[hadoop-ozone-ozone-manager-0.5.0-SNAPSHOT.jar:?]
	at org.apache.hadoop.ozone.protocolPB.OzoneManagerRequestHandler.handle(OzoneManagerRequestHandler.java:220) ~[hadoop-ozone-ozone-manager-0.5.0-SNAPSHOT.jar:?]
	at org.apache.hadoop.ozone.protocolPB.OzoneManagerProtocolServerSideTranslatorPB.submitRequestDirectlyToOM(OzoneManagerProtocolServerSideTranslatorPB.java:210) ~[hadoop-ozone-ozone-manager-0.5.0-SNAPSHOT.jar:?]
	at org.apache.hadoop.ozone.protocolPB.OzoneManagerProtocolServerSideTranslatorPB.processRequest(OzoneManagerProtocolServerSideTranslatorPB.java:134) ~[hadoop-ozone-ozone-manager-0.5.0-SNAPSHOT.jar:?]
	at org.apache.hadoop.hdds.server.OzoneProtocolMessageDispatcher.processRequest(OzoneProtocolMessageDispatcher.java:72) [hadoop-hdds-server-framework-0.5.0-SNAPSHOT.jar:?]
	at org.apache.hadoop.ozone.protocolPB.OzoneManagerProtocolServerSideTranslatorPB.submitRequest(OzoneManagerProtocolServerSideTranslatorPB.java:100) [hadoop-ozone-ozone-manager-0.5.0-SNAPSHOT.jar:?]
	at org.apache.hadoop.ozone.protocol.proto.OzoneManagerProtocolProtos$OzoneManagerService$2.callBlockingMethod(OzoneManagerProtocolProtos.java) [hadoop-ozone-common-0.5.0-SNAPSHOT.jar:?]
	at org.apache.hadoop.ipc.ProtobufRpcEngine$Server$ProtoBufRpcInvoker.call(ProtobufRpcEngine.java:524) [hadoop-common-3.2.0.jar:?]
	at org.apache.hadoop.ipc.RPC$Server.call(RPC.java:1025) [hadoop-common-3.2.0.jar:?]
	at org.apache.hadoop.ipc.Server$RpcCall.run(Server.java:876) [hadoop-common-3.2.0.jar:?]
	at org.apache.hadoop.ipc.Server$RpcCall.run(Server.java:822) [hadoop-common-3.2.0.jar:?]
	at java.security.AccessController.doPrivileged(Native Method) [?:1.8.0_212]
	at javax.security.auth.Subject.doAs(Subject.java:422) [?:1.8.0_212]
	at org.apache.hadoop.security.UserGroupInformation.doAs(UserGroupInformation.java:1730) [hadoop-common-3.2.0.jar:?]
	at org.apache.hadoop.ipc.Server$Handler.run(Server.java:2682) [hadoop-common-3.2.0.jar:?]
23:13:05.288 [IPC Server handler 15 on 39418] ERROR OMAudit - user=jenkins1000 | ip=127.0.0.1 | op=DELETE_KEY {volume=volume18006, bucket=bucket51814, key=testDeleteCreatesFakeParentDir/parent/child, dataSize=0, replicationType=RATIS, replicationFactor=ONE, keyLocationInfo=[]} | ret=FAILURE
org.apache.hadoop.ozone.om.exceptions.OMException: Volume not found volume18006
	at org.apache.hadoop.ozone.om.request.key.OMKeyDeleteRequest.validateAndUpdateCache(OMKeyDeleteRequest.java:127) ~[hadoop-ozone-ozone-manager-0.5.0-SNAPSHOT.jar:?]
	at org.apache.hadoop.ozone.protocolPB.OzoneManagerProtocolServerSideTranslatorPB.submitRequestDirectlyToOM(OzoneManagerProtocolServerSideTranslatorPB.java:219) ~[hadoop-ozone-ozone-manager-0.5.0-SNAPSHOT.jar:?]
	at org.apache.hadoop.ozone.protocolPB.OzoneManagerProtocolServerSideTranslatorPB.processRequest(OzoneManagerProtocolServerSideTranslatorPB.java:134) ~[hadoop-ozone-ozone-manager-0.5.0-SNAPSHOT.jar:?]
	at org.apache.hadoop.hdds.server.OzoneProtocolMessageDispatcher.processRequest(OzoneProtocolMessageDispatcher.java:72) [hadoop-hdds-server-framework-0.5.0-SNAPSHOT.jar:?]
	at org.apache.hadoop.ozone.protocolPB.OzoneManagerProtocolServerSideTranslatorPB.submitRequest(OzoneManagerProtocolServerSideTranslatorPB.java:100) [hadoop-ozone-ozone-manager-0.5.0-SNAPSHOT.jar:?]
	at org.apache.hadoop.ozone.protocol.proto.OzoneManagerProtocolProtos$OzoneManagerService$2.callBlockingMethod(OzoneManagerProtocolProtos.java) [hadoop-ozone-common-0.5.0-SNAPSHOT.jar:?]
	at org.apache.hadoop.ipc.ProtobufRpcEngine$Server$ProtoBufRpcInvoker.call(ProtobufRpcEngine.java:524) [hadoop-common-3.2.0.jar:?]
	at org.apache.hadoop.ipc.RPC$Server.call(RPC.java:1025) [hadoop-common-3.2.0.jar:?]
	at org.apache.hadoop.ipc.Server$RpcCall.run(Server.java:876) [hadoop-common-3.2.0.jar:?]
	at org.apache.hadoop.ipc.Server$RpcCall.run(Server.java:822) [hadoop-common-3.2.0.jar:?]
	at java.security.AccessController.doPrivileged(Native Method) [?:1.8.0_212]
	at javax.security.auth.Subject.doAs(Subject.java:422) [?:1.8.0_212]
	at org.apache.hadoop.security.UserGroupInformation.doAs(UserGroupInformation.java:1730) [hadoop-common-3.2.0.jar:?]
	at org.apache.hadoop.ipc.Server$Handler.run(Server.java:2682) [hadoop-common-3.2.0.jar:?]
2019-10-02 23:13:05,290 [Thread-1092] ERROR ozone.BasicOzoneClientAdapterImpl (BasicOzoneClientAdapterImpl.java:deleteObject(260)) - delete key failed Volume not found volume18006
23:13:05.304 [IPC Server handler 18 on 39418] ERROR OMAudit - user=jenkins1000 | ip=127.0.0.1 | op=READ_KEY {volume=volume18006, bucket=bucket51814, key=testDeleteCreatesFakeParentDir/parent/, dataSize=0, replicationType=null, replicationFactor=null, keyLocationInfo=null} | ret=FAILURE
org.apache.hadoop.ozone.om.exceptions.OMException: Key not found
	at org.apache.hadoop.ozone.om.KeyManagerImpl.lookupKey(KeyManagerImpl.java:683) ~[hadoop-ozone-ozone-manager-0.5.0-SNAPSHOT.jar:?]
	at org.apache.hadoop.ozone.om.OzoneManager.lookupKey(OzoneManager.java:2312) ~[hadoop-ozone-ozone-manager-0.5.0-SNAPSHOT.jar:?]
	at org.apache.hadoop.ozone.protocolPB.OzoneManagerRequestHandler.lookupKey(OzoneManagerRequestHandler.java:621) ~[hadoop-ozone-ozone-manager-0.5.0-SNAPSHOT.jar:?]
	at org.apache.hadoop.ozone.protocolPB.OzoneManagerRequestHandler.handle(OzoneManagerRequestHandler.java:220) ~[hadoop-ozone-ozone-manager-0.5.0-SNAPSHOT.jar:?]
	at org.apache.hadoop.ozone.protocolPB.OzoneManagerProtocolServerSideTranslatorPB.submitRequestDirectlyToOM(OzoneManagerProtocolServerSideTranslatorPB.java:210) ~[hadoop-ozone-ozone-manager-0.5.0-SNAPSHOT.jar:?]
	at org.apache.hadoop.ozone.protocolPB.OzoneManagerProtocolServerSideTranslatorPB.processRequest(OzoneManagerProtocolServerSideTranslatorPB.java:134) ~[hadoop-ozone-ozone-manager-0.5.0-SNAPSHOT.jar:?]
	at org.apache.hadoop.hdds.server.OzoneProtocolMessageDispatcher.processRequest(OzoneProtocolMessageDispatcher.java:72) [hadoop-hdds-server-framework-0.5.0-SNAPSHOT.jar:?]
	at org.apache.hadoop.ozone.protocolPB.OzoneManagerProtocolServerSideTranslatorPB.submitRequest(OzoneManagerProtocolServerSideTranslatorPB.java:100) [hadoop-ozone-ozone-manager-0.5.0-SNAPSHOT.jar:?]
	at org.apache.hadoop.ozone.protocol.proto.OzoneManagerProtocolProtos$OzoneManagerService$2.callBlockingMethod(OzoneManagerProtocolProtos.java) [hadoop-ozone-common-0.5.0-SNAPSHOT.jar:?]
	at org.apache.hadoop.ipc.ProtobufRpcEngine$Server$ProtoBufRpcInvoker.call(ProtobufRpcEngine.java:524) [hadoop-common-3.2.0.jar:?]
	at org.apache.hadoop.ipc.RPC$Server.call(RPC.java:1025) [hadoop-common-3.2.0.jar:?]
	at org.apache.hadoop.ipc.Server$RpcCall.run(Server.java:876) [hadoop-common-3.2.0.jar:?]
	at org.apache.hadoop.ipc.Server$RpcCall.run(Server.java:822) [hadoop-common-3.2.0.jar:?]
	at java.security.AccessController.doPrivileged(Native Method) [?:1.8.0_212]
	at javax.security.auth.Subject.doAs(Subject.java:422) [?:1.8.0_212]
	at org.apache.hadoop.security.UserGroupInformation.doAs(UserGroupInformation.java:1730) [hadoop-common-3.2.0.jar:?]
	at org.apache.hadoop.ipc.Server$Handler.run(Server.java:2682) [hadoop-common-3.2.0.jar:?]
2019-10-02 23:13:05,305 [Thread-1092] INFO  ozone.MiniOzoneClusterImpl (MiniOzoneClusterImpl.java:shutdown(314)) - Shutting down the Mini Ozone Cluster
2019-10-02 23:13:05,305 [Thread-1092] INFO  ozone.MiniOzoneClusterImpl (MiniOzoneClusterImpl.java:stop(330)) - Stopping the Mini Ozone Cluster
2019-10-02 23:13:05,305 [Thread-1092] INFO  ozone.MiniOzoneClusterImpl (MiniOzoneClusterImpl.java:stopOM(400)) - Stopping the OzoneManager
2019-10-02 23:13:05,305 [Thread-1092] INFO  ipc.Server (Server.java:stop(3082)) - Stopping server on 39418
2019-10-02 23:13:05,309 [IPC Server listener on 39418] INFO  ipc.Server (Server.java:run(1185)) - Stopping IPC Server listener on 39418
2019-10-02 23:13:05,309 [Thread-1092] INFO  ratis.OzoneManagerDoubleBuffer (OzoneManagerDoubleBuffer.java:stop(248)) - Stopping OMDoubleBuffer flush thread
2019-10-02 23:13:05,310 [IPC Server Responder] INFO  ipc.Server (Server.java:run(1319)) - Stopping IPC Server Responder
2019-10-02 23:13:05,310 [OMDoubleBufferFlushThread] INFO  ratis.OzoneManagerDoubleBuffer (OzoneManagerDoubleBuffer.java:flushTransactions(191)) - OMDoubleBuffer flush thread OMDoubleBufferFlushThread is interrupted and will exit. OMDoubleBufferFlushThread
2019-10-02 23:13:05,312 [Thread-1092] INFO  utils.BackgroundService (BackgroundService.java:shutdown(148)) - Shutting down service KeyDeletingService
2019-10-02 23:13:05,313 [Thread-1092] INFO  handler.ContextHandler (ContextHandler.java:doStop(910)) - Stopped o.e.j.w.WebAppContext@278c4c88{/,null,UNAVAILABLE}{/ozoneManager}
2019-10-02 23:13:05,313 [Thread-1092] INFO  server.AbstractConnector (AbstractConnector.java:doStop(318)) - Stopped ServerConnector@645a62da{HTTP/1.1,[http/1.1]}{0.0.0.0:0}
2019-10-02 23:13:05,313 [Thread-1092] INFO  handler.ContextHandler (ContextHandler.java:doStop(910)) - Stopped o.e.j.s.ServletContextHandler@b630c46{/static,jar:file:/home/user/.m2/repository/org/apache/hadoop/hadoop-ozone-ozone-manager/0.5.0-SNAPSHOT/hadoop-ozone-ozone-manager-0.5.0-SNAPSHOT.jar!/webapps/static,UNAVAILABLE}
2019-10-02 23:13:05,314 [Thread-1092] INFO  handler.ContextHandler (ContextHandler.java:doStop(910)) - Stopped o.e.j.s.ServletContextHandler@16abac78{/logs,file:///workdir/hadoop-ozone/ozonefs/target/log,UNAVAILABLE}
2019-10-02 23:13:05,315 [Thread-1092] INFO  ozone.MiniOzoneClusterImpl (MiniOzoneClusterImpl.java:stopDatanodes(377)) - Stopping the HddsDatanodes
2019-10-02 23:13:05,999 [Datanode State Machine Thread - 0] INFO  statemachine.DatanodeStateMachine (DatanodeStateMachine.java:lambda$startDaemon$0(350)) - Ozone container server started.
2019-10-02 23:13:06,075 [Datanode State Machine Thread - 0] INFO  statemachine.DatanodeStateMachine (DatanodeStateMachine.java:lambda$startDaemon$0(350)) - Ozone container server started.
2019-10-02 23:13:07,007 [Thread-1264] INFO  container.ReplicationManager (ReplicationManager.java:start(162)) - Starting Replication Monitor Thread.
2019-10-02 23:13:07,009 [ReplicationMonitor] INFO  container.ReplicationManager (ReplicationManager.java:run(225)) - Replication Monitor Thread took 0 milliseconds for processing 1 containers.
2019-10-02 23:13:09,182 [Thread-1269] INFO  impl.FollowerState (FollowerState.java:run(108)) - a2100240-d100-4d43-bc15-2f8e6d4468dd@group-82713FD08D05-FollowerState: change to CANDIDATE, lastRpcTime:5003ms, electionTimeout:5003ms
2019-10-02 23:13:09,183 [Thread-1269] INFO  impl.RoleInfo (RoleInfo.java:shutdownFollowerState(121)) - a2100240-d100-4d43-bc15-2f8e6d4468dd: shutdown FollowerState
2019-10-02 23:13:09,183 [Thread-1269] INFO  impl.RaftServerImpl (RaftServerImpl.java:setRole(170)) - a2100240-d100-4d43-bc15-2f8e6d4468dd@group-82713FD08D05: changes role from  FOLLOWER to CANDIDATE at term 0 for changeToCandidate
2019-10-02 23:13:09,183 [Thread-1269] INFO  impl.RoleInfo (RoleInfo.java:updateAndGet(143)) - a2100240-d100-4d43-bc15-2f8e6d4468dd: start LeaderElection
2019-10-02 23:13:09,209 [Thread-1266] INFO  impl.FollowerState (FollowerState.java:run(108)) - feb6dbc3-55d3-4d19-9fcb-2f7bd345ee4a@group-9EB8FA8C1B8E-FollowerState: change to CANDIDATE, lastRpcTime:5120ms, electionTimeout:5120ms
2019-10-02 23:13:09,209 [Thread-1266] INFO  impl.RoleInfo (RoleInfo.java:shutdownFollowerState(121)) - feb6dbc3-55d3-4d19-9fcb-2f7bd345ee4a: shutdown FollowerState
2019-10-02 23:13:09,209 [Thread-1266] INFO  impl.RaftServerImpl (RaftServerImpl.java:setRole(170)) - feb6dbc3-55d3-4d19-9fcb-2f7bd345ee4a@group-9EB8FA8C1B8E: changes role from  FOLLOWER to CANDIDATE at term 0 for changeToCandidate
2019-10-02 23:13:09,209 [Thread-1266] INFO  impl.RoleInfo (RoleInfo.java:updateAndGet(143)) - feb6dbc3-55d3-4d19-9fcb-2f7bd345ee4a: start LeaderElection
2019-10-02 23:13:09,213 [a2100240-d100-4d43-bc15-2f8e6d4468dd@group-82713FD08D05-LeaderElection26] INFO  impl.LeaderElection (LeaderElection.java:askForVotes(178)) - a2100240-d100-4d43-bc15-2f8e6d4468dd@group-82713FD08D05-LeaderElection26: begin an election at term 1 for -1: [a2100240-d100-4d43-bc15-2f8e6d4468dd:192.168.30.30:40411], old=null
2019-10-02 23:13:09,213 [a2100240-d100-4d43-bc15-2f8e6d4468dd@group-82713FD08D05-LeaderElection26] INFO  impl.RoleInfo (RoleInfo.java:shutdownLeaderElection(134)) - a2100240-d100-4d43-bc15-2f8e6d4468dd: shutdown LeaderElection
2019-10-02 23:13:09,213 [a2100240-d100-4d43-bc15-2f8e6d4468dd@group-82713FD08D05-LeaderElection26] INFO  impl.RaftServerImpl (RaftServerImpl.java:setRole(170)) - a2100240-d100-4d43-bc15-2f8e6d4468dd@group-82713FD08D05: changes role from CANDIDATE to LEADER at term 1 for changeToLeader
2019-10-02 23:13:09,213 [a2100240-d100-4d43-bc15-2f8e6d4468dd@group-82713FD08D05-LeaderElection26] INFO  impl.RaftServerImpl (ServerState.java:setLeader(255)) - a2100240-d100-4d43-bc15-2f8e6d4468dd@group-82713FD08D05: change Leader from null to a2100240-d100-4d43-bc15-2f8e6d4468dd at term 1 for becomeLeader, leader elected after 5042ms
2019-10-02 23:13:09,213 [a2100240-d100-4d43-bc15-2f8e6d4468dd@group-82713FD08D05-LeaderElection26] INFO  server.RaftServerConfigKeys (ConfUtils.java:logGet(43)) - raft.server.staging.catchup.gap = 1000 (default)
2019-10-02 23:13:09,213 [a2100240-d100-4d43-bc15-2f8e6d4468dd@group-82713FD08D05-LeaderElection26] INFO  server.RaftServerConfigKeys (ConfUtils.java:logGet(43)) - raft.server.rpc.sleep.time = 25ms (default)
2019-10-02 23:13:09,213 [a2100240-d100-4d43-bc15-2f8e6d4468dd@group-82713FD08D05-LeaderElection26] INFO  server.RaftServerConfigKeys (ConfUtils.java:logGet(43)) - raft.server.write.element-limit = 4096 (default)
2019-10-02 23:13:09,214 [a2100240-d100-4d43-bc15-2f8e6d4468dd@group-82713FD08D05-LeaderElection26] INFO  server.RaftServerConfigKeys (ConfUtils.java:logGet(43)) - raft.server.watch.timeout = 10s (default)
2019-10-02 23:13:09,214 [a2100240-d100-4d43-bc15-2f8e6d4468dd@group-82713FD08D05-LeaderElection26] INFO  server.RaftServerConfigKeys (ConfUtils.java:logGet(43)) - raft.server.watch.timeout.denomination = 1s (default)
2019-10-02 23:13:09,214 [a2100240-d100-4d43-bc15-2f8e6d4468dd@group-82713FD08D05-LeaderElection26] INFO  server.RaftServerConfigKeys (ConfUtils.java:logGet(43)) - raft.server.watch.element-limit = 65536 (default)
2019-10-02 23:13:09,215 [a2100240-d100-4d43-bc15-2f8e6d4468dd@group-82713FD08D05-LeaderElection26] INFO  impl.RoleInfo (RoleInfo.java:updateAndGet(143)) - a2100240-d100-4d43-bc15-2f8e6d4468dd: start LeaderState
2019-10-02 23:13:09,216 [a2100240-d100-4d43-bc15-2f8e6d4468dd@group-82713FD08D05-LeaderElection26] INFO  segmented.SegmentedRaftLogWorker (SegmentedRaftLogWorker.java:startLogSegment(385)) - a2100240-d100-4d43-bc15-2f8e6d4468dd@group-82713FD08D05-SegmentedRaftLogWorker: Starting segment from index:0
2019-10-02 23:13:09,216 [a2100240-d100-4d43-bc15-2f8e6d4468dd@group-82713FD08D05-LeaderElection26] INFO  impl.RaftServerImpl (ServerState.java:setRaftConf(356)) - a2100240-d100-4d43-bc15-2f8e6d4468dd@group-82713FD08D05: set configuration 0: [a2100240-d100-4d43-bc15-2f8e6d4468dd:192.168.30.30:40411], old=null at 0
2019-10-02 23:13:09,235 [feb6dbc3-55d3-4d19-9fcb-2f7bd345ee4a@group-9EB8FA8C1B8E-LeaderElection27] INFO  impl.LeaderElection (LeaderElection.java:askForVotes(178)) - feb6dbc3-55d3-4d19-9fcb-2f7bd345ee4a@group-9EB8FA8C1B8E-LeaderElection27: begin an election at term 1 for -1: [feb6dbc3-55d3-4d19-9fcb-2f7bd345ee4a:192.168.30.30:45515], old=null
2019-10-02 23:13:09,235 [feb6dbc3-55d3-4d19-9fcb-2f7bd345ee4a@group-9EB8FA8C1B8E-LeaderElection27] INFO  impl.RoleInfo (RoleInfo.java:shutdownLeaderElection(134)) - feb6dbc3-55d3-4d19-9fcb-2f7bd345ee4a: shutdown LeaderElection
2019-10-02 23:13:09,235 [feb6dbc3-55d3-4d19-9fcb-2f7bd345ee4a@group-9EB8FA8C1B8E-LeaderElection27] INFO  impl.RaftServerImpl (RaftServerImpl.java:setRole(170)) - feb6dbc3-55d3-4d19-9fcb-2f7bd345ee4a@group-9EB8FA8C1B8E: changes role from CANDIDATE to LEADER at term 1 for changeToLeader
2019-10-02 23:13:09,235 [feb6dbc3-55d3-4d19-9fcb-2f7bd345ee4a@group-9EB8FA8C1B8E-LeaderElection27] INFO  impl.RaftServerImpl (ServerState.java:setLeader(255)) - feb6dbc3-55d3-4d19-9fcb-2f7bd345ee4a@group-9EB8FA8C1B8E: change Leader from null to feb6dbc3-55d3-4d19-9fcb-2f7bd345ee4a at term 1 for becomeLeader, leader elected after 5157ms
2019-10-02 23:13:09,235 [feb6dbc3-55d3-4d19-9fcb-2f7bd345ee4a@group-9EB8FA8C1B8E-LeaderElection27] INFO  server.RaftServerConfigKeys (ConfUtils.java:logGet(43)) - raft.server.staging.catchup.gap = 1000 (default)
2019-10-02 23:13:09,235 [feb6dbc3-55d3-4d19-9fcb-2f7bd345ee4a@group-9EB8FA8C1B8E-LeaderElection27] INFO  server.RaftServerConfigKeys (ConfUtils.java:logGet(43)) - raft.server.rpc.sleep.time = 25ms (default)
2019-10-02 23:13:09,235 [feb6dbc3-55d3-4d19-9fcb-2f7bd345ee4a@group-9EB8FA8C1B8E-LeaderElection27] INFO  server.RaftServerConfigKeys (ConfUtils.java:logGet(43)) - raft.server.write.element-limit = 4096 (default)
2019-10-02 23:13:09,236 [feb6dbc3-55d3-4d19-9fcb-2f7bd345ee4a@group-9EB8FA8C1B8E-LeaderElection27] INFO  server.RaftServerConfigKeys (ConfUtils.java:logGet(43)) - raft.server.watch.timeout = 10s (default)
2019-10-02 23:13:09,236 [feb6dbc3-55d3-4d19-9fcb-2f7bd345ee4a@group-9EB8FA8C1B8E-LeaderElection27] INFO  server.RaftServerConfigKeys (ConfUtils.java:logGet(43)) - raft.server.watch.timeout.denomination = 1s (default)
2019-10-02 23:13:09,236 [feb6dbc3-55d3-4d19-9fcb-2f7bd345ee4a@group-9EB8FA8C1B8E-LeaderElection27] INFO  server.RaftServerConfigKeys (ConfUtils.java:logGet(43)) - raft.server.watch.element-limit = 65536 (default)
2019-10-02 23:13:09,238 [feb6dbc3-55d3-4d19-9fcb-2f7bd345ee4a@group-9EB8FA8C1B8E-LeaderElection27] INFO  impl.RoleInfo (RoleInfo.java:updateAndGet(143)) - feb6dbc3-55d3-4d19-9fcb-2f7bd345ee4a: start LeaderState
2019-10-02 23:13:09,238 [feb6dbc3-55d3-4d19-9fcb-2f7bd345ee4a@group-9EB8FA8C1B8E-LeaderElection27] INFO  segmented.SegmentedRaftLogWorker (SegmentedRaftLogWorker.java:startLogSegment(385)) - feb6dbc3-55d3-4d19-9fcb-2f7bd345ee4a@group-9EB8FA8C1B8E-SegmentedRaftLogWorker: Starting segment from index:0
2019-10-02 23:13:09,238 [feb6dbc3-55d3-4d19-9fcb-2f7bd345ee4a@group-9EB8FA8C1B8E-LeaderElection27] INFO  impl.RaftServerImpl (ServerState.java:setRaftConf(356)) - feb6dbc3-55d3-4d19-9fcb-2f7bd345ee4a@group-9EB8FA8C1B8E: set configuration 0: [feb6dbc3-55d3-4d19-9fcb-2f7bd345ee4a:192.168.30.30:45515], old=null at 0
2019-10-02 23:13:09,262 [a2100240-d100-4d43-bc15-2f8e6d4468dd@group-82713FD08D05-SegmentedRaftLogWorker] INFO  segmented.SegmentedRaftLogWorker (SegmentedRaftLogWorker.java:execute(574)) - a2100240-d100-4d43-bc15-2f8e6d4468dd@group-82713FD08D05-SegmentedRaftLogWorker: created new log segment /workdir/hadoop-ozone/ozonefs/target/test-dir/MiniOzoneClusterImpl-64fee748-2d2b-4f43-a479-4042c9b36b54/datanode-1/data/ratis/5102f951-ca53-4518-a4a9-82713fd08d05/current/log_inprogress_0
2019-10-02 23:13:09,285 [feb6dbc3-55d3-4d19-9fcb-2f7bd345ee4a@group-9EB8FA8C1B8E-SegmentedRaftLogWorker] INFO  segmented.SegmentedRaftLogWorker (SegmentedRaftLogWorker.java:execute(574)) - feb6dbc3-55d3-4d19-9fcb-2f7bd345ee4a@group-9EB8FA8C1B8E-SegmentedRaftLogWorker: created new log segment /workdir/hadoop-ozone/ozonefs/target/test-dir/MiniOzoneClusterImpl-64fee748-2d2b-4f43-a479-4042c9b36b54/datanode-0/data/ratis/b0e4e1d2-0c3b-4a3c-ab54-9eb8fa8c1b8e/current/log_inprogress_0
2019-10-02 23:13:09,384 [Thread-1272] INFO  impl.FollowerState (FollowerState.java:run(108)) - 0fcb4e6a-f616-4af8-b696-caf0a4e2cd1c@group-2B5BFFDBCE3C-FollowerState: change to CANDIDATE, lastRpcTime:5123ms, electionTimeout:5123ms
2019-10-02 23:13:09,384 [Thread-1272] INFO  impl.RoleInfo (RoleInfo.java:shutdownFollowerState(121)) - 0fcb4e6a-f616-4af8-b696-caf0a4e2cd1c: shutdown FollowerState
2019-10-02 23:13:09,384 [Thread-1272] INFO  impl.RaftServerImpl (RaftServerImpl.java:setRole(170)) - 0fcb4e6a-f616-4af8-b696-caf0a4e2cd1c@group-2B5BFFDBCE3C: changes role from  FOLLOWER to CANDIDATE at term 0 for changeToCandidate
2019-10-02 23:13:09,384 [Thread-1272] INFO  impl.RoleInfo (RoleInfo.java:updateAndGet(143)) - 0fcb4e6a-f616-4af8-b696-caf0a4e2cd1c: start LeaderElection
2019-10-02 23:13:09,386 [Thread-1277] INFO  impl.FollowerState (FollowerState.java:run(108)) - a2100240-d100-4d43-bc15-2f8e6d4468dd@group-201ACCCCF913-FollowerState: change to CANDIDATE, lastRpcTime:5015ms, electionTimeout:5014ms
2019-10-02 23:13:09,387 [Thread-1277] INFO  impl.RoleInfo (RoleInfo.java:shutdownFollowerState(121)) - a2100240-d100-4d43-bc15-2f8e6d4468dd: shutdown FollowerState
2019-10-02 23:13:09,388 [Thread-1277] INFO  impl.RaftServerImpl (RaftServerImpl.java:setRole(170)) - a2100240-d100-4d43-bc15-2f8e6d4468dd@group-201ACCCCF913: changes role from  FOLLOWER to CANDIDATE at term 0 for changeToCandidate
2019-10-02 23:13:09,389 [Thread-1277] INFO  impl.RoleInfo (RoleInfo.java:updateAndGet(143)) - a2100240-d100-4d43-bc15-2f8e6d4468dd: start LeaderElection
2019-10-02 23:13:09,410 [a2100240-d100-4d43-bc15-2f8e6d4468dd@group-201ACCCCF913-LeaderElection29] INFO  impl.LeaderElection (LeaderElection.java:askForVotes(178)) - a2100240-d100-4d43-bc15-2f8e6d4468dd@group-201ACCCCF913-LeaderElection29: begin an election at term 1 for -1: [0fcb4e6a-f616-4af8-b696-caf0a4e2cd1c:192.168.30.30:37761, a2100240-d100-4d43-bc15-2f8e6d4468dd:192.168.30.30:40411, feb6dbc3-55d3-4d19-9fcb-2f7bd345ee4a:192.168.30.30:45515], old=null
2019-10-02 23:13:09,411 [0fcb4e6a-f616-4af8-b696-caf0a4e2cd1c@group-2B5BFFDBCE3C-LeaderElection28] INFO  impl.LeaderElection (LeaderElection.java:askForVotes(178)) - 0fcb4e6a-f616-4af8-b696-caf0a4e2cd1c@group-2B5BFFDBCE3C-LeaderElection28: begin an election at term 1 for -1: [0fcb4e6a-f616-4af8-b696-caf0a4e2cd1c:192.168.30.30:37761], old=null
2019-10-02 23:13:09,411 [0fcb4e6a-f616-4af8-b696-caf0a4e2cd1c@group-2B5BFFDBCE3C-LeaderElection28] INFO  impl.RoleInfo (RoleInfo.java:shutdownLeaderElection(134)) - 0fcb4e6a-f616-4af8-b696-caf0a4e2cd1c: shutdown LeaderElection
2019-10-02 23:13:09,411 [0fcb4e6a-f616-4af8-b696-caf0a4e2cd1c@group-2B5BFFDBCE3C-LeaderElection28] INFO  impl.RaftServerImpl (RaftServerImpl.java:setRole(170)) - 0fcb4e6a-f616-4af8-b696-caf0a4e2cd1c@group-2B5BFFDBCE3C: changes role from CANDIDATE to LEADER at term 1 for changeToLeader
2019-10-02 23:13:09,411 [0fcb4e6a-f616-4af8-b696-caf0a4e2cd1c@group-2B5BFFDBCE3C-LeaderElection28] INFO  impl.RaftServerImpl (ServerState.java:setLeader(255)) - 0fcb4e6a-f616-4af8-b696-caf0a4e2cd1c@group-2B5BFFDBCE3C: change Leader from null to 0fcb4e6a-f616-4af8-b696-caf0a4e2cd1c at term 1 for becomeLeader, leader elected after 5157ms
2019-10-02 23:13:09,411 [0fcb4e6a-f616-4af8-b696-caf0a4e2cd1c@group-2B5BFFDBCE3C-LeaderElection28] INFO  server.RaftServerConfigKeys (ConfUtils.java:logGet(43)) - raft.server.staging.catchup.gap = 1000 (default)
2019-10-02 23:13:09,412 [0fcb4e6a-f616-4af8-b696-caf0a4e2cd1c@group-2B5BFFDBCE3C-LeaderElection28] INFO  server.RaftServerConfigKeys (ConfUtils.java:logGet(43)) - raft.server.rpc.sleep.time = 25ms (default)
2019-10-02 23:13:09,413 [0fcb4e6a-f616-4af8-b696-caf0a4e2cd1c@group-2B5BFFDBCE3C-LeaderElection28] INFO  server.RaftServerConfigKeys (ConfUtils.java:logGet(43)) - raft.server.write.element-limit = 4096 (default)
2019-10-02 23:13:09,413 [0fcb4e6a-f616-4af8-b696-caf0a4e2cd1c@group-2B5BFFDBCE3C-LeaderElection28] INFO  server.RaftServerConfigKeys (ConfUtils.java:logGet(43)) - raft.server.watch.timeout = 10s (default)
2019-10-02 23:13:09,413 [0fcb4e6a-f616-4af8-b696-caf0a4e2cd1c@group-2B5BFFDBCE3C-LeaderElection28] INFO  server.RaftServerConfigKeys (ConfUtils.java:logGet(43)) - raft.server.watch.timeout.denomination = 1s (default)
2019-10-02 23:13:09,414 [0fcb4e6a-f616-4af8-b696-caf0a4e2cd1c@group-2B5BFFDBCE3C-LeaderElection28] INFO  server.RaftServerConfigKeys (ConfUtils.java:logGet(43)) - raft.server.watch.element-limit = 65536 (default)
2019-10-02 23:13:09,418 [0fcb4e6a-f616-4af8-b696-caf0a4e2cd1c@group-2B5BFFDBCE3C-LeaderElection28] INFO  impl.RoleInfo (RoleInfo.java:updateAndGet(143)) - 0fcb4e6a-f616-4af8-b696-caf0a4e2cd1c: start LeaderState
2019-10-02 23:13:09,418 [0fcb4e6a-f616-4af8-b696-caf0a4e2cd1c@group-2B5BFFDBCE3C-LeaderElection28] INFO  segmented.SegmentedRaftLogWorker (SegmentedRaftLogWorker.java:startLogSegment(385)) - 0fcb4e6a-f616-4af8-b696-caf0a4e2cd1c@group-2B5BFFDBCE3C-SegmentedRaftLogWorker: Starting segment from index:0
2019-10-02 23:13:09,422 [grpc-default-executor-1] INFO  impl.RaftServerImpl (RaftServerImpl.java:setRole(170)) - feb6dbc3-55d3-4d19-9fcb-2f7bd345ee4a@group-201ACCCCF913: changes role from  FOLLOWER to FOLLOWER at term 1 for recognizeCandidate:a2100240-d100-4d43-bc15-2f8e6d4468dd
2019-10-02 23:13:09,422 [grpc-default-executor-2] INFO  impl.RaftServerImpl (RaftServerImpl.java:setRole(170)) - 0fcb4e6a-f616-4af8-b696-caf0a4e2cd1c@group-201ACCCCF913: changes role from  FOLLOWER to FOLLOWER at term 1 for recognizeCandidate:a2100240-d100-4d43-bc15-2f8e6d4468dd
2019-10-02 23:13:09,422 [0fcb4e6a-f616-4af8-b696-caf0a4e2cd1c@group-2B5BFFDBCE3C-LeaderElection28] INFO  impl.RaftServerImpl (ServerState.java:setRaftConf(356)) - 0fcb4e6a-f616-4af8-b696-caf0a4e2cd1c@group-2B5BFFDBCE3C: set configuration 0: [0fcb4e6a-f616-4af8-b696-caf0a4e2cd1c:192.168.30.30:37761], old=null at 0
2019-10-02 23:13:09,422 [grpc-default-executor-1] INFO  impl.RoleInfo (RoleInfo.java:shutdownFollowerState(121)) - feb6dbc3-55d3-4d19-9fcb-2f7bd345ee4a: shutdown FollowerState
2019-10-02 23:13:09,422 [grpc-default-executor-2] INFO  impl.RoleInfo (RoleInfo.java:shutdownFollowerState(121)) - 0fcb4e6a-f616-4af8-b696-caf0a4e2cd1c: shutdown FollowerState
2019-10-02 23:13:09,422 [grpc-default-executor-1] INFO  impl.RoleInfo (RoleInfo.java:updateAndGet(143)) - feb6dbc3-55d3-4d19-9fcb-2f7bd345ee4a: start FollowerState
2019-10-02 23:13:09,422 [Thread-1279] INFO  impl.FollowerState (FollowerState.java:run(117)) - feb6dbc3-55d3-4d19-9fcb-2f7bd345ee4a@group-201ACCCCF913-FollowerState was interrupted: java.lang.InterruptedException: sleep interrupted
2019-10-02 23:13:09,423 [Thread-1278] INFO  impl.FollowerState (FollowerState.java:run(117)) - 0fcb4e6a-f616-4af8-b696-caf0a4e2cd1c@group-201ACCCCF913-FollowerState was interrupted: java.lang.InterruptedException: sleep interrupted
2019-10-02 23:13:09,423 [grpc-default-executor-2] INFO  impl.RoleInfo (RoleInfo.java:updateAndGet(143)) - 0fcb4e6a-f616-4af8-b696-caf0a4e2cd1c: start FollowerState
2019-10-02 23:13:09,470 [0fcb4e6a-f616-4af8-b696-caf0a4e2cd1c@group-2B5BFFDBCE3C-SegmentedRaftLogWorker] INFO  segmented.SegmentedRaftLogWorker (SegmentedRaftLogWorker.java:execute(574)) - 0fcb4e6a-f616-4af8-b696-caf0a4e2cd1c@group-2B5BFFDBCE3C-SegmentedRaftLogWorker: created new log segment /workdir/hadoop-ozone/ozonefs/target/test-dir/MiniOzoneClusterImpl-64fee748-2d2b-4f43-a479-4042c9b36b54/datanode-2/data/ratis/b492a018-d50f-46fa-8943-2b5bffdbce3c/current/log_inprogress_0
2019-10-02 23:13:09,474 [a2100240-d100-4d43-bc15-2f8e6d4468dd@group-201ACCCCF913-LeaderElection29] INFO  impl.LeaderElection (LeaderElection.java:logAndReturn(56)) - a2100240-d100-4d43-bc15-2f8e6d4468dd@group-201ACCCCF913-LeaderElection29: Election PASSED; received 1 response(s) [a2100240-d100-4d43-bc15-2f8e6d4468dd<-0fcb4e6a-f616-4af8-b696-caf0a4e2cd1c#0:OK-t1] and 0 exception(s); a2100240-d100-4d43-bc15-2f8e6d4468dd@group-201ACCCCF913:t1, leader=null, voted=a2100240-d100-4d43-bc15-2f8e6d4468dd, raftlog=a2100240-d100-4d43-bc15-2f8e6d4468dd@group-201ACCCCF913-SegmentedRaftLog:OPENED:c-1,f-1,i0, conf=-1: [0fcb4e6a-f616-4af8-b696-caf0a4e2cd1c:192.168.30.30:37761, a2100240-d100-4d43-bc15-2f8e6d4468dd:192.168.30.30:40411, feb6dbc3-55d3-4d19-9fcb-2f7bd345ee4a:192.168.30.30:45515], old=null
2019-10-02 23:13:09,474 [a2100240-d100-4d43-bc15-2f8e6d4468dd@group-201ACCCCF913-LeaderElection29] INFO  impl.RoleInfo (RoleInfo.java:shutdownLeaderElection(134)) - a2100240-d100-4d43-bc15-2f8e6d4468dd: shutdown LeaderElection
2019-10-02 23:13:09,474 [a2100240-d100-4d43-bc15-2f8e6d4468dd@group-201ACCCCF913-LeaderElection29] INFO  impl.RaftServerImpl (RaftServerImpl.java:setRole(170)) - a2100240-d100-4d43-bc15-2f8e6d4468dd@group-201ACCCCF913: changes role from CANDIDATE to LEADER at term 1 for changeToLeader
2019-10-02 23:13:09,474 [a2100240-d100-4d43-bc15-2f8e6d4468dd@group-201ACCCCF913-LeaderElection29] INFO  impl.RaftServerImpl (ServerState.java:setLeader(255)) - a2100240-d100-4d43-bc15-2f8e6d4468dd@group-201ACCCCF913: change Leader from null to a2100240-d100-4d43-bc15-2f8e6d4468dd at term 1 for becomeLeader, leader elected after 5113ms
2019-10-02 23:13:09,474 [a2100240-d100-4d43-bc15-2f8e6d4468dd@group-201ACCCCF913-LeaderElection29] INFO  server.RaftServerConfigKeys (ConfUtils.java:logGet(43)) - raft.server.staging.catchup.gap = 1000 (default)
2019-10-02 23:13:09,474 [a2100240-d100-4d43-bc15-2f8e6d4468dd@group-201ACCCCF913-LeaderElection29] INFO  server.RaftServerConfigKeys (ConfUtils.java:logGet(43)) - raft.server.rpc.sleep.time = 25ms (default)
2019-10-02 23:13:09,474 [a2100240-d100-4d43-bc15-2f8e6d4468dd@group-201ACCCCF913-LeaderElection29] INFO  server.RaftServerConfigKeys (ConfUtils.java:logGet(43)) - raft.server.write.element-limit = 4096 (default)
2019-10-02 23:13:09,475 [a2100240-d100-4d43-bc15-2f8e6d4468dd@group-201ACCCCF913-LeaderElection29] INFO  server.RaftServerConfigKeys (ConfUtils.java:logGet(43)) - raft.server.watch.timeout = 10s (default)
2019-10-02 23:13:09,475 [a2100240-d100-4d43-bc15-2f8e6d4468dd@group-201ACCCCF913-LeaderElection29] INFO  server.RaftServerConfigKeys (ConfUtils.java:logGet(43)) - raft.server.watch.timeout.denomination = 1s (default)
2019-10-02 23:13:09,475 [a2100240-d100-4d43-bc15-2f8e6d4468dd@group-201ACCCCF913-LeaderElection29] INFO  server.RaftServerConfigKeys (ConfUtils.java:logGet(43)) - raft.server.watch.element-limit = 65536 (default)
2019-10-02 23:13:09,477 [a2100240-d100-4d43-bc15-2f8e6d4468dd@group-201ACCCCF913-LeaderElection29] INFO  server.RaftServerConfigKeys (ConfUtils.java:logGet(43)) - raft.server.log.appender.snapshot.chunk.size.max = 16MB (=16777216) (default)
2019-10-02 23:13:09,477 [a2100240-d100-4d43-bc15-2f8e6d4468dd@group-201ACCCCF913-LeaderElection29] INFO  server.RaftServerConfigKeys (ConfUtils.java:logGet(43)) - raft.server.log.appender.buffer.byte-limit = 33554432 (custom)
2019-10-02 23:13:09,477 [a2100240-d100-4d43-bc15-2f8e6d4468dd@group-201ACCCCF913-LeaderElection29] INFO  server.RaftServerConfigKeys (ConfUtils.java:logGet(43)) - raft.server.log.appender.buffer.element-limit = 1 (custom)
2019-10-02 23:13:09,477 [a2100240-d100-4d43-bc15-2f8e6d4468dd@group-201ACCCCF913-LeaderElection29] INFO  grpc.GrpcConfigKeys$Server (ConfUtils.java:logGet(43)) - raft.grpc.server.leader.outstanding.appends.max = 128 (default)
2019-10-02 23:13:09,478 [a2100240-d100-4d43-bc15-2f8e6d4468dd@group-201ACCCCF913-LeaderElection29] INFO  server.RaftServerConfigKeys (ConfUtils.java:logGet(43)) - raft.server.rpc.request.timeout = 3000ms (default)
2019-10-02 23:13:09,478 [a2100240-d100-4d43-bc15-2f8e6d4468dd@group-201ACCCCF913-LeaderElection29] INFO  server.RaftServerConfigKeys (ConfUtils.java:logGet(43)) - raft.server.log.appender.install.snapshot.enabled = false (custom)
2019-10-02 23:13:09,478 [a2100240-d100-4d43-bc15-2f8e6d4468dd@group-201ACCCCF913-LeaderElection29] INFO  server.RaftServerConfigKeys (ConfUtils.java:logGet(43)) - raft.server.log.appender.snapshot.chunk.size.max = 16MB (=16777216) (default)
2019-10-02 23:13:09,478 [a2100240-d100-4d43-bc15-2f8e6d4468dd@group-201ACCCCF913-LeaderElection29] INFO  server.RaftServerConfigKeys (ConfUtils.java:logGet(43)) - raft.server.log.appender.buffer.byte-limit = 33554432 (custom)
2019-10-02 23:13:09,478 [a2100240-d100-4d43-bc15-2f8e6d4468dd@group-201ACCCCF913-LeaderElection29] INFO  server.RaftServerConfigKeys (ConfUtils.java:logGet(43)) - raft.server.log.appender.buffer.element-limit = 1 (custom)
2019-10-02 23:13:09,479 [a2100240-d100-4d43-bc15-2f8e6d4468dd@group-201ACCCCF913-LeaderElection29] INFO  grpc.GrpcConfigKeys$Server (ConfUtils.java:logGet(43)) - raft.grpc.server.leader.outstanding.appends.max = 128 (default)
2019-10-02 23:13:09,479 [a2100240-d100-4d43-bc15-2f8e6d4468dd@group-201ACCCCF913-LeaderElection29] INFO  server.RaftServerConfigKeys (ConfUtils.java:logGet(43)) - raft.server.rpc.request.timeout = 3000ms (default)
2019-10-02 23:13:09,479 [a2100240-d100-4d43-bc15-2f8e6d4468dd@group-201ACCCCF913-LeaderElection29] INFO  server.RaftServerConfigKeys (ConfUtils.java:logGet(43)) - raft.server.log.appender.install.snapshot.enabled = false (custom)
2019-10-02 23:13:09,479 [a2100240-d100-4d43-bc15-2f8e6d4468dd@group-201ACCCCF913-LeaderElection29] INFO  impl.RoleInfo (RoleInfo.java:updateAndGet(143)) - a2100240-d100-4d43-bc15-2f8e6d4468dd: start LeaderState
2019-10-02 23:13:09,479 [a2100240-d100-4d43-bc15-2f8e6d4468dd@group-201ACCCCF913-LeaderElection29] INFO  segmented.SegmentedRaftLogWorker (SegmentedRaftLogWorker.java:startLogSegment(385)) - a2100240-d100-4d43-bc15-2f8e6d4468dd@group-201ACCCCF913-SegmentedRaftLogWorker: Starting segment from index:0
2019-10-02 23:13:09,480 [a2100240-d100-4d43-bc15-2f8e6d4468dd@group-201ACCCCF913-LeaderElection29] INFO  impl.RaftServerImpl (ServerState.java:setRaftConf(356)) - a2100240-d100-4d43-bc15-2f8e6d4468dd@group-201ACCCCF913: set configuration 0: [0fcb4e6a-f616-4af8-b696-caf0a4e2cd1c:192.168.30.30:37761, a2100240-d100-4d43-bc15-2f8e6d4468dd:192.168.30.30:40411, feb6dbc3-55d3-4d19-9fcb-2f7bd345ee4a:192.168.30.30:45515], old=null at 0
2019-10-02 23:13:09,483 [grpc-default-executor-2] INFO  impl.RaftServerImpl (ServerState.java:setLeader(255)) - 0fcb4e6a-f616-4af8-b696-caf0a4e2cd1c@group-201ACCCCF913: change Leader from null to a2100240-d100-4d43-bc15-2f8e6d4468dd at term 1 for appendEntries, leader elected after 5122ms
2019-10-02 23:13:09,485 [grpc-default-executor-1] INFO  impl.RaftServerImpl (ServerState.java:setLeader(255)) - feb6dbc3-55d3-4d19-9fcb-2f7bd345ee4a@group-201ACCCCF913: change Leader from null to a2100240-d100-4d43-bc15-2f8e6d4468dd at term 1 for appendEntries, leader elected after 5125ms
2019-10-02 23:13:09,491 [grpc-default-executor-1] INFO  impl.RaftServerImpl (ServerState.java:setRaftConf(356)) - 0fcb4e6a-f616-4af8-b696-caf0a4e2cd1c@group-201ACCCCF913: set configuration 0: [0fcb4e6a-f616-4af8-b696-caf0a4e2cd1c:192.168.30.30:37761, a2100240-d100-4d43-bc15-2f8e6d4468dd:192.168.30.30:40411, feb6dbc3-55d3-4d19-9fcb-2f7bd345ee4a:192.168.30.30:45515], old=null at 0
2019-10-02 23:13:09,492 [grpc-default-executor-2] INFO  impl.RaftServerImpl (ServerState.java:setRaftConf(356)) - feb6dbc3-55d3-4d19-9fcb-2f7bd345ee4a@group-201ACCCCF913: set configuration 0: [0fcb4e6a-f616-4af8-b696-caf0a4e2cd1c:192.168.30.30:37761, a2100240-d100-4d43-bc15-2f8e6d4468dd:192.168.30.30:40411, feb6dbc3-55d3-4d19-9fcb-2f7bd345ee4a:192.168.30.30:45515], old=null at 0
2019-10-02 23:13:09,492 [grpc-default-executor-1] INFO  segmented.SegmentedRaftLogWorker (SegmentedRaftLogWorker.java:startLogSegment(385)) - 0fcb4e6a-f616-4af8-b696-caf0a4e2cd1c@group-201ACCCCF913-SegmentedRaftLogWorker: Starting segment from index:0
2019-10-02 23:13:09,492 [grpc-default-executor-2] INFO  segmented.SegmentedRaftLogWorker (SegmentedRaftLogWorker.java:startLogSegment(385)) - feb6dbc3-55d3-4d19-9fcb-2f7bd345ee4a@group-201ACCCCF913-SegmentedRaftLogWorker: Starting segment from index:0
2019-10-02 23:13:09,534 [feb6dbc3-55d3-4d19-9fcb-2f7bd345ee4a@group-201ACCCCF913-SegmentedRaftLogWorker] INFO  segmented.SegmentedRaftLogWorker (SegmentedRaftLogWorker.java:execute(574)) - feb6dbc3-55d3-4d19-9fcb-2f7bd345ee4a@group-201ACCCCF913-SegmentedRaftLogWorker: created new log segment /workdir/hadoop-ozone/ozonefs/target/test-dir/MiniOzoneClusterImpl-64fee748-2d2b-4f43-a479-4042c9b36b54/datanode-0/data/ratis/8e64093d-85d8-4ef6-952f-201accccf913/current/log_inprogress_0
2019-10-02 23:13:09,534 [0fcb4e6a-f616-4af8-b696-caf0a4e2cd1c@group-201ACCCCF913-SegmentedRaftLogWorker] INFO  segmented.SegmentedRaftLogWorker (SegmentedRaftLogWorker.java:execute(574)) - 0fcb4e6a-f616-4af8-b696-caf0a4e2cd1c@group-201ACCCCF913-SegmentedRaftLogWorker: created new log segment /workdir/hadoop-ozone/ozonefs/target/test-dir/MiniOzoneClusterImpl-64fee748-2d2b-4f43-a479-4042c9b36b54/datanode-2/data/ratis/8e64093d-85d8-4ef6-952f-201accccf913/current/log_inprogress_0
2019-10-02 23:13:09,534 [a2100240-d100-4d43-bc15-2f8e6d4468dd@group-201ACCCCF913-SegmentedRaftLogWorker] INFO  segmented.SegmentedRaftLogWorker (SegmentedRaftLogWorker.java:execute(574)) - a2100240-d100-4d43-bc15-2f8e6d4468dd@group-201ACCCCF913-SegmentedRaftLogWorker: created new log segment /workdir/hadoop-ozone/ozonefs/target/test-dir/MiniOzoneClusterImpl-64fee748-2d2b-4f43-a479-4042c9b36b54/datanode-1/data/ratis/8e64093d-85d8-4ef6-952f-201accccf913/current/log_inprogress_0
2019-10-02 23:13:10,316 [Thread-1092] INFO  ozoneimpl.OzoneContainer (OzoneContainer.java:stop(231)) - Attempting to stop container services.
2019-10-02 23:13:10,316 [ForkJoinPool.commonPool-worker-1] INFO  ozoneimpl.OzoneContainer (OzoneContainer.java:stop(231)) - Attempting to stop container services.
2019-10-02 23:13:10,316 [Thread-1092] INFO  impl.RaftServerProxy (RaftServerProxy.java:lambda$close$4(314)) - a2100240-d100-4d43-bc15-2f8e6d4468dd: close
2019-10-02 23:13:10,316 [ForkJoinPool.commonPool-worker-1] INFO  impl.RaftServerProxy (RaftServerProxy.java:lambda$close$4(314)) - feb6dbc3-55d3-4d19-9fcb-2f7bd345ee4a: close
2019-10-02 23:13:10,317 [Thread-1092] INFO  impl.RaftServerImpl (RaftServerImpl.java:lambda$shutdown$3(247)) - a2100240-d100-4d43-bc15-2f8e6d4468dd@group-82713FD08D05: shutdown
2019-10-02 23:13:10,317 [ForkJoinPool.commonPool-worker-1] INFO  impl.RaftServerImpl (RaftServerImpl.java:lambda$shutdown$3(247)) - feb6dbc3-55d3-4d19-9fcb-2f7bd345ee4a@group-201ACCCCF913: shutdown
2019-10-02 23:13:10,317 [Thread-1092] INFO  util.JmxRegister (JmxRegister.java:unregister(73)) - Successfully un-registered JMX Bean with object name Ratis:service=RaftServer,group=group-82713FD08D05,id=a2100240-d100-4d43-bc15-2f8e6d4468dd
2019-10-02 23:13:10,317 [ForkJoinPool.commonPool-worker-1] INFO  util.JmxRegister (JmxRegister.java:unregister(73)) - Successfully un-registered JMX Bean with object name Ratis:service=RaftServer,group=group-201ACCCCF913,id=feb6dbc3-55d3-4d19-9fcb-2f7bd345ee4a
2019-10-02 23:13:10,317 [Thread-1092] INFO  impl.RoleInfo (RoleInfo.java:shutdownLeaderState(104)) - a2100240-d100-4d43-bc15-2f8e6d4468dd: shutdown LeaderState
2019-10-02 23:13:10,318 [ForkJoinPool.commonPool-worker-1] INFO  impl.RoleInfo (RoleInfo.java:shutdownFollowerState(121)) - feb6dbc3-55d3-4d19-9fcb-2f7bd345ee4a: shutdown FollowerState
2019-10-02 23:13:10,318 [Thread-1092] INFO  impl.PendingRequests (PendingRequests.java:sendNotLeaderResponses(202)) - a2100240-d100-4d43-bc15-2f8e6d4468dd@group-82713FD08D05-PendingRequests: sendNotLeaderResponses
2019-10-02 23:13:10,318 [Thread-1296] INFO  impl.FollowerState (FollowerState.java:run(117)) - feb6dbc3-55d3-4d19-9fcb-2f7bd345ee4a@group-201ACCCCF913-FollowerState was interrupted: java.lang.InterruptedException: sleep interrupted
2019-10-02 23:13:10,318 [ForkJoinPool.commonPool-worker-1] INFO  impl.StateMachineUpdater (StateMachineUpdater.java:stopAndJoin(136)) - feb6dbc3-55d3-4d19-9fcb-2f7bd345ee4a@group-201ACCCCF913-StateMachineUpdater: set stopIndex = -1
2019-10-02 23:13:10,319 [Thread-1092] INFO  impl.StateMachineUpdater (StateMachineUpdater.java:stopAndJoin(136)) - a2100240-d100-4d43-bc15-2f8e6d4468dd@group-82713FD08D05-StateMachineUpdater: set stopIndex = 0
2019-10-02 23:13:10,321 [ForkJoinPool.commonPool-worker-1] INFO  impl.RaftServerImpl (ServerState.java:close(387)) - feb6dbc3-55d3-4d19-9fcb-2f7bd345ee4a@group-201ACCCCF913: closes. applyIndex: -1
2019-10-02 23:13:10,321 [Thread-1092] INFO  impl.RaftServerImpl (ServerState.java:close(387)) - a2100240-d100-4d43-bc15-2f8e6d4468dd@group-82713FD08D05: closes. applyIndex: 0
2019-10-02 23:13:10,322 [feb6dbc3-55d3-4d19-9fcb-2f7bd345ee4a@group-201ACCCCF913-SegmentedRaftLogWorker] INFO  segmented.SegmentedRaftLogWorker (SegmentedRaftLogWorker.java:run(316)) - feb6dbc3-55d3-4d19-9fcb-2f7bd345ee4a@group-201ACCCCF913-SegmentedRaftLogWorker was interrupted, exiting. There are 0 tasks remaining in the queue.
2019-10-02 23:13:10,322 [a2100240-d100-4d43-bc15-2f8e6d4468dd@group-82713FD08D05-SegmentedRaftLogWorker] INFO  segmented.SegmentedRaftLogWorker (SegmentedRaftLogWorker.java:run(316)) - a2100240-d100-4d43-bc15-2f8e6d4468dd@group-82713FD08D05-SegmentedRaftLogWorker was interrupted, exiting. There are 0 tasks remaining in the queue.
2019-10-02 23:13:10,326 [Thread-1092] INFO  segmented.SegmentedRaftLogWorker (SegmentedRaftLogWorker.java:close(224)) - a2100240-d100-4d43-bc15-2f8e6d4468dd@group-82713FD08D05-SegmentedRaftLogWorker close()
2019-10-02 23:13:10,326 [ForkJoinPool.commonPool-worker-1] INFO  segmented.SegmentedRaftLogWorker (SegmentedRaftLogWorker.java:close(224)) - feb6dbc3-55d3-4d19-9fcb-2f7bd345ee4a@group-201ACCCCF913-SegmentedRaftLogWorker close()
2019-10-02 23:13:10,330 [Thread-1092] INFO  impl.RaftServerImpl (RaftServerImpl.java:lambda$shutdown$3(247)) - a2100240-d100-4d43-bc15-2f8e6d4468dd@group-201ACCCCF913: shutdown
2019-10-02 23:13:10,333 [ForkJoinPool.commonPool-worker-1] INFO  impl.RaftServerImpl (RaftServerImpl.java:lambda$shutdown$3(247)) - feb6dbc3-55d3-4d19-9fcb-2f7bd345ee4a@group-9EB8FA8C1B8E: shutdown
2019-10-02 23:13:10,333 [Thread-1092] INFO  util.JmxRegister (JmxRegister.java:unregister(73)) - Successfully un-registered JMX Bean with object name Ratis:service=RaftServer,group=group-201ACCCCF913,id=a2100240-d100-4d43-bc15-2f8e6d4468dd
2019-10-02 23:13:10,334 [ForkJoinPool.commonPool-worker-1] INFO  util.JmxRegister (JmxRegister.java:unregister(73)) - Successfully un-registered JMX Bean with object name Ratis:service=RaftServer,group=group-9EB8FA8C1B8E,id=feb6dbc3-55d3-4d19-9fcb-2f7bd345ee4a
2019-10-02 23:13:10,334 [Thread-1092] INFO  impl.RoleInfo (RoleInfo.java:shutdownLeaderState(104)) - a2100240-d100-4d43-bc15-2f8e6d4468dd: shutdown LeaderState
2019-10-02 23:13:10,334 [ForkJoinPool.commonPool-worker-1] INFO  impl.RoleInfo (RoleInfo.java:shutdownLeaderState(104)) - feb6dbc3-55d3-4d19-9fcb-2f7bd345ee4a: shutdown LeaderState
2019-10-02 23:13:10,338 [org.apache.ratis.server.impl.LogAppender$AppenderDaemon$$Lambda$464/544210430@3494f5f7] WARN  server.GrpcLogAppender (GrpcLogAppender.java:mayWait(143)) - a2100240-d100-4d43-bc15-2f8e6d4468dd@group-201ACCCCF913->feb6dbc3-55d3-4d19-9fcb-2f7bd345ee4a-GrpcLogAppender: Wait interrupted by java.lang.InterruptedException
2019-10-02 23:13:10,338 [ForkJoinPool.commonPool-worker-1] INFO  impl.PendingRequests (PendingRequests.java:sendNotLeaderResponses(202)) - feb6dbc3-55d3-4d19-9fcb-2f7bd345ee4a@group-9EB8FA8C1B8E-PendingRequests: sendNotLeaderResponses
2019-10-02 23:13:10,338 [org.apache.ratis.server.impl.LogAppender$AppenderDaemon$$Lambda$464/544210430@59596e3] WARN  server.GrpcLogAppender (GrpcLogAppender.java:mayWait(143)) - a2100240-d100-4d43-bc15-2f8e6d4468dd@group-201ACCCCF913->0fcb4e6a-f616-4af8-b696-caf0a4e2cd1c-GrpcLogAppender: Wait interrupted by java.lang.InterruptedException
2019-10-02 23:13:10,338 [Thread-1092] INFO  impl.PendingRequests (PendingRequests.java:sendNotLeaderResponses(202)) - a2100240-d100-4d43-bc15-2f8e6d4468dd@group-201ACCCCF913-PendingRequests: sendNotLeaderResponses
2019-10-02 23:13:10,338 [ForkJoinPool.commonPool-worker-1] INFO  impl.StateMachineUpdater (StateMachineUpdater.java:stopAndJoin(136)) - feb6dbc3-55d3-4d19-9fcb-2f7bd345ee4a@group-9EB8FA8C1B8E-StateMachineUpdater: set stopIndex = 0
2019-10-02 23:13:10,339 [Thread-1092] INFO  impl.StateMachineUpdater (StateMachineUpdater.java:stopAndJoin(136)) - a2100240-d100-4d43-bc15-2f8e6d4468dd@group-201ACCCCF913-StateMachineUpdater: set stopIndex = 0
2019-10-02 23:13:10,339 [Thread-1092] INFO  impl.RaftServerImpl (ServerState.java:close(387)) - a2100240-d100-4d43-bc15-2f8e6d4468dd@group-201ACCCCF913: closes. applyIndex: 0
2019-10-02 23:13:10,339 [grpc-default-executor-2] INFO  server.GrpcServerProtocolService (GrpcServerProtocolService.java:onCompleted(113)) - 0fcb4e6a-f616-4af8-b696-caf0a4e2cd1c: Completed APPEND_ENTRIES, lastRequest: a2100240-d100-4d43-bc15-2f8e6d4468dd->0fcb4e6a-f616-4af8-b696-caf0a4e2cd1c#1-t1, previous=(t:0, i:0), leaderCommit=-1, initializing? false, entries: size=1, first=(t:1, i:0), CONFIGURATIONENTRY
2019-10-02 23:13:10,339 [grpc-default-executor-1] INFO  server.GrpcServerProtocolService (GrpcServerProtocolService.java:onCompleted(113)) - feb6dbc3-55d3-4d19-9fcb-2f7bd345ee4a: Completed APPEND_ENTRIES, lastRequest: a2100240-d100-4d43-bc15-2f8e6d4468dd->feb6dbc3-55d3-4d19-9fcb-2f7bd345ee4a#1-t1, previous=(t:0, i:0), leaderCommit=-1, initializing? false, entries: size=1, first=(t:1, i:0), CONFIGURATIONENTRY
2019-10-02 23:13:10,339 [ForkJoinPool.commonPool-worker-1] INFO  impl.RaftServerImpl (ServerState.java:close(387)) - feb6dbc3-55d3-4d19-9fcb-2f7bd345ee4a@group-9EB8FA8C1B8E: closes. applyIndex: 0
2019-10-02 23:13:10,340 [a2100240-d100-4d43-bc15-2f8e6d4468dd@group-201ACCCCF913-SegmentedRaftLogWorker] INFO  segmented.SegmentedRaftLogWorker (SegmentedRaftLogWorker.java:run(316)) - a2100240-d100-4d43-bc15-2f8e6d4468dd@group-201ACCCCF913-SegmentedRaftLogWorker was interrupted, exiting. There are 0 tasks remaining in the queue.
2019-10-02 23:13:10,340 [grpc-default-executor-1] INFO  server.GrpcLogAppender (GrpcLogAppender.java:onCompleted(293)) - a2100240-d100-4d43-bc15-2f8e6d4468dd@group-201ACCCCF913->0fcb4e6a-f616-4af8-b696-caf0a4e2cd1c-AppendLogResponseHandler: follower responses appendEntries COMPLETED
2019-10-02 23:13:10,340 [feb6dbc3-55d3-4d19-9fcb-2f7bd345ee4a@group-9EB8FA8C1B8E-SegmentedRaftLogWorker] INFO  segmented.SegmentedRaftLogWorker (SegmentedRaftLogWorker.java:run(316)) - feb6dbc3-55d3-4d19-9fcb-2f7bd345ee4a@group-9EB8FA8C1B8E-SegmentedRaftLogWorker was interrupted, exiting. There are 0 tasks remaining in the queue.
2019-10-02 23:13:10,344 [Thread-1092] INFO  segmented.SegmentedRaftLogWorker (SegmentedRaftLogWorker.java:close(224)) - a2100240-d100-4d43-bc15-2f8e6d4468dd@group-201ACCCCF913-SegmentedRaftLogWorker close()
2019-10-02 23:13:10,344 [grpc-default-executor-2] INFO  server.GrpcLogAppender (GrpcLogAppender.java:onCompleted(293)) - a2100240-d100-4d43-bc15-2f8e6d4468dd@group-201ACCCCF913->feb6dbc3-55d3-4d19-9fcb-2f7bd345ee4a-AppendLogResponseHandler: follower responses appendEntries COMPLETED
2019-10-02 23:13:10,349 [ForkJoinPool.commonPool-worker-1] INFO  segmented.SegmentedRaftLogWorker (SegmentedRaftLogWorker.java:close(224)) - feb6dbc3-55d3-4d19-9fcb-2f7bd345ee4a@group-9EB8FA8C1B8E-SegmentedRaftLogWorker close()
2019-10-02 23:13:10,350 [grpc-default-executor-1] INFO  impl.FollowerInfo (FollowerInfo.java:lambda$new$0(51)) - a2100240-d100-4d43-bc15-2f8e6d4468dd@group-201ACCCCF913->0fcb4e6a-f616-4af8-b696-caf0a4e2cd1c: nextIndex: updateUnconditionally 1 -> 0
2019-10-02 23:13:10,349 [Thread-1092] INFO  server.GrpcService (GrpcService.java:closeImpl(164)) - a2100240-d100-4d43-bc15-2f8e6d4468dd: shutdown server with port 40411 now
2019-10-02 23:13:10,353 [grpc-default-executor-2] INFO  impl.FollowerInfo (FollowerInfo.java:lambda$new$0(51)) - a2100240-d100-4d43-bc15-2f8e6d4468dd@group-201ACCCCF913->feb6dbc3-55d3-4d19-9fcb-2f7bd345ee4a: nextIndex: updateUnconditionally 1 -> 0
2019-10-02 23:13:10,352 [ForkJoinPool.commonPool-worker-1] INFO  server.GrpcService (GrpcService.java:closeImpl(164)) - feb6dbc3-55d3-4d19-9fcb-2f7bd345ee4a: shutdown server with port 45515 now
2019-10-02 23:13:10,353 [Thread-1092] INFO  server.GrpcService (GrpcService.java:closeImpl(172)) - a2100240-d100-4d43-bc15-2f8e6d4468dd: shutdown server with port 40411 successfully
2019-10-02 23:13:10,354 [ForkJoinPool.commonPool-worker-1] INFO  server.GrpcService (GrpcService.java:closeImpl(172)) - feb6dbc3-55d3-4d19-9fcb-2f7bd345ee4a: shutdown server with port 45515 successfully
2019-10-02 23:13:10,356 [refreshUsed-/workdir/hadoop-ozone/ozonefs/target/test-dir/MiniOzoneClusterImpl-64fee748-2d2b-4f43-a479-4042c9b36b54/datanode-0/data/containers] WARN  fs.CachingGetSpaceUsed (CachingGetSpaceUsed.java:run(183)) - Thread Interrupted waiting to refresh disk information: sleep interrupted
2019-10-02 23:13:10,357 [refreshUsed-/workdir/hadoop-ozone/ozonefs/target/test-dir/MiniOzoneClusterImpl-64fee748-2d2b-4f43-a479-4042c9b36b54/datanode-1/data/containers] WARN  fs.CachingGetSpaceUsed (CachingGetSpaceUsed.java:run(183)) - Thread Interrupted waiting to refresh disk information: sleep interrupted
2019-10-02 23:13:10,384 [Thread-1092] INFO  utils.BackgroundService (BackgroundService.java:shutdown(148)) - Shutting down service BlockDeletingService
2019-10-02 23:13:10,384 [ForkJoinPool.commonPool-worker-1] INFO  utils.BackgroundService (BackgroundService.java:shutdown(148)) - Shutting down service BlockDeletingService
2019-10-02 23:13:10,393 [Thread-1092] INFO  statemachine.DatanodeStateMachine (DatanodeStateMachine.java:stopDaemon(395)) - Ozone container server stopped.
2019-10-02 23:13:10,394 [ForkJoinPool.commonPool-worker-1] INFO  statemachine.DatanodeStateMachine (DatanodeStateMachine.java:stopDaemon(395)) - Ozone container server stopped.
2019-10-02 23:13:10,396 [Thread-1092] INFO  handler.ContextHandler (ContextHandler.java:doStop(910)) - Stopped o.e.j.w.WebAppContext@56e2599a{/,null,UNAVAILABLE}{/hddsDatanode}
2019-10-02 23:13:10,398 [Thread-1092] INFO  server.AbstractConnector (AbstractConnector.java:doStop(318)) - Stopped ServerConnector@228ad498{HTTP/1.1,[http/1.1]}{0.0.0.0:0}
2019-10-02 23:13:10,398 [ForkJoinPool.commonPool-worker-1] INFO  handler.ContextHandler (ContextHandler.java:doStop(910)) - Stopped o.e.j.w.WebAppContext@34c9f829{/,null,UNAVAILABLE}{/hddsDatanode}
2019-10-02 23:13:10,398 [Thread-1092] INFO  handler.ContextHandler (ContextHandler.java:doStop(910)) - Stopped o.e.j.s.ServletContextHandler@23eff8ea{/static,jar:file:/home/user/.m2/repository/org/apache/hadoop/hadoop-hdds-container-service/0.5.0-SNAPSHOT/hadoop-hdds-container-service-0.5.0-SNAPSHOT.jar!/webapps/static,UNAVAILABLE}
2019-10-02 23:13:10,398 [Thread-1092] INFO  handler.ContextHandler (ContextHandler.java:doStop(910)) - Stopped o.e.j.s.ServletContextHandler@5996e057{/logs,file:///workdir/hadoop-ozone/ozonefs/target/log,UNAVAILABLE}
2019-10-02 23:13:10,398 [ForkJoinPool.commonPool-worker-1] INFO  server.AbstractConnector (AbstractConnector.java:doStop(318)) - Stopped ServerConnector@48590405{HTTP/1.1,[http/1.1]}{0.0.0.0:0}
2019-10-02 23:13:10,400 [ForkJoinPool.commonPool-worker-1] INFO  handler.ContextHandler (ContextHandler.java:doStop(910)) - Stopped o.e.j.s.ServletContextHandler@edc4e75{/static,jar:file:/home/user/.m2/repository/org/apache/hadoop/hadoop-hdds-container-service/0.5.0-SNAPSHOT/hadoop-hdds-container-service-0.5.0-SNAPSHOT.jar!/webapps/static,UNAVAILABLE}
2019-10-02 23:13:10,401 [ForkJoinPool.commonPool-worker-1] INFO  handler.ContextHandler (ContextHandler.java:doStop(910)) - Stopped o.e.j.s.ServletContextHandler@1a644d9b{/logs,file:///workdir/hadoop-ozone/ozonefs/target/log,UNAVAILABLE}
2019-10-02 23:13:11,168 [Datanode State Machine Thread - 0] INFO  statemachine.DatanodeStateMachine (DatanodeStateMachine.java:lambda$startDaemon$0(350)) - Ozone container server started.
2019-10-02 23:13:15,400 [Thread-1092] INFO  ozoneimpl.OzoneContainer (OzoneContainer.java:stop(231)) - Attempting to stop container services.
2019-10-02 23:13:15,401 [Thread-1092] INFO  impl.RaftServerProxy (RaftServerProxy.java:lambda$close$4(314)) - 0fcb4e6a-f616-4af8-b696-caf0a4e2cd1c: close
2019-10-02 23:13:15,401 [Thread-1092] INFO  impl.RaftServerImpl (RaftServerImpl.java:lambda$shutdown$3(247)) - 0fcb4e6a-f616-4af8-b696-caf0a4e2cd1c@group-2B5BFFDBCE3C: shutdown
2019-10-02 23:13:15,401 [Thread-1092] INFO  util.JmxRegister (JmxRegister.java:unregister(73)) - Successfully un-registered JMX Bean with object name Ratis:service=RaftServer,group=group-2B5BFFDBCE3C,id=0fcb4e6a-f616-4af8-b696-caf0a4e2cd1c
2019-10-02 23:13:15,401 [ForkJoinPool.commonPool-worker-0] INFO  impl.RaftServerImpl (RaftServerImpl.java:lambda$shutdown$3(247)) - 0fcb4e6a-f616-4af8-b696-caf0a4e2cd1c@group-201ACCCCF913: shutdown
2019-10-02 23:13:15,402 [Thread-1092] INFO  impl.RoleInfo (RoleInfo.java:shutdownLeaderState(104)) - 0fcb4e6a-f616-4af8-b696-caf0a4e2cd1c: shutdown LeaderState
2019-10-02 23:13:15,402 [ForkJoinPool.commonPool-worker-0] INFO  util.JmxRegister (JmxRegister.java:unregister(73)) - Successfully un-registered JMX Bean with object name Ratis:service=RaftServer,group=group-201ACCCCF913,id=0fcb4e6a-f616-4af8-b696-caf0a4e2cd1c
2019-10-02 23:13:15,402 [Thread-1092] INFO  impl.PendingRequests (PendingRequests.java:sendNotLeaderResponses(202)) - 0fcb4e6a-f616-4af8-b696-caf0a4e2cd1c@group-2B5BFFDBCE3C-PendingRequests: sendNotLeaderResponses
2019-10-02 23:13:15,402 [ForkJoinPool.commonPool-worker-0] INFO  impl.RoleInfo (RoleInfo.java:shutdownFollowerState(121)) - 0fcb4e6a-f616-4af8-b696-caf0a4e2cd1c: shutdown FollowerState
2019-10-02 23:13:15,403 [Thread-1092] INFO  impl.StateMachineUpdater (StateMachineUpdater.java:stopAndJoin(136)) - 0fcb4e6a-f616-4af8-b696-caf0a4e2cd1c@group-2B5BFFDBCE3C-StateMachineUpdater: set stopIndex = 0
2019-10-02 23:13:15,403 [Thread-1297] INFO  impl.FollowerState (FollowerState.java:run(117)) - 0fcb4e6a-f616-4af8-b696-caf0a4e2cd1c@group-201ACCCCF913-FollowerState was interrupted: java.lang.InterruptedException: sleep interrupted
2019-10-02 23:13:15,403 [ForkJoinPool.commonPool-worker-0] INFO  impl.StateMachineUpdater (StateMachineUpdater.java:stopAndJoin(136)) - 0fcb4e6a-f616-4af8-b696-caf0a4e2cd1c@group-201ACCCCF913-StateMachineUpdater: set stopIndex = -1
2019-10-02 23:13:15,404 [Thread-1092] INFO  impl.RaftServerImpl (ServerState.java:close(387)) - 0fcb4e6a-f616-4af8-b696-caf0a4e2cd1c@group-2B5BFFDBCE3C: closes. applyIndex: 0
2019-10-02 23:13:15,405 [ForkJoinPool.commonPool-worker-0] INFO  impl.RaftServerImpl (ServerState.java:close(387)) - 0fcb4e6a-f616-4af8-b696-caf0a4e2cd1c@group-201ACCCCF913: closes. applyIndex: -1
2019-10-02 23:13:15,405 [0fcb4e6a-f616-4af8-b696-caf0a4e2cd1c@group-2B5BFFDBCE3C-SegmentedRaftLogWorker] INFO  segmented.SegmentedRaftLogWorker (SegmentedRaftLogWorker.java:run(316)) - 0fcb4e6a-f616-4af8-b696-caf0a4e2cd1c@group-2B5BFFDBCE3C-SegmentedRaftLogWorker was interrupted, exiting. There are 0 tasks remaining in the queue.
2019-10-02 23:13:15,405 [0fcb4e6a-f616-4af8-b696-caf0a4e2cd1c@group-201ACCCCF913-SegmentedRaftLogWorker] INFO  segmented.SegmentedRaftLogWorker (SegmentedRaftLogWorker.java:run(316)) - 0fcb4e6a-f616-4af8-b696-caf0a4e2cd1c@group-201ACCCCF913-SegmentedRaftLogWorker was interrupted, exiting. There are 0 tasks remaining in the queue.
2019-10-02 23:13:15,407 [Thread-1092] INFO  segmented.SegmentedRaftLogWorker (SegmentedRaftLogWorker.java:close(224)) - 0fcb4e6a-f616-4af8-b696-caf0a4e2cd1c@group-2B5BFFDBCE3C-SegmentedRaftLogWorker close()
2019-10-02 23:13:15,409 [ForkJoinPool.commonPool-worker-0] INFO  segmented.SegmentedRaftLogWorker (SegmentedRaftLogWorker.java:close(224)) - 0fcb4e6a-f616-4af8-b696-caf0a4e2cd1c@group-201ACCCCF913-SegmentedRaftLogWorker close()
2019-10-02 23:13:15,416 [Thread-1092] INFO  server.GrpcService (GrpcService.java:closeImpl(164)) - 0fcb4e6a-f616-4af8-b696-caf0a4e2cd1c: shutdown server with port 37761 now
2019-10-02 23:13:15,416 [Thread-1092] INFO  server.GrpcService (GrpcService.java:closeImpl(172)) - 0fcb4e6a-f616-4af8-b696-caf0a4e2cd1c: shutdown server with port 37761 successfully
2019-10-02 23:13:15,419 [refreshUsed-/workdir/hadoop-ozone/ozonefs/target/test-dir/MiniOzoneClusterImpl-64fee748-2d2b-4f43-a479-4042c9b36b54/datanode-2/data/containers] WARN  fs.CachingGetSpaceUsed (CachingGetSpaceUsed.java:run(183)) - Thread Interrupted waiting to refresh disk information: sleep interrupted
2019-10-02 23:13:15,444 [Thread-1092] INFO  utils.BackgroundService (BackgroundService.java:shutdown(148)) - Shutting down service BlockDeletingService
2019-10-02 23:13:15,449 [Thread-1092] INFO  statemachine.DatanodeStateMachine (DatanodeStateMachine.java:stopDaemon(395)) - Ozone container server stopped.
2019-10-02 23:13:15,451 [Thread-1092] INFO  handler.ContextHandler (ContextHandler.java:doStop(910)) - Stopped o.e.j.w.WebAppContext@39f5bdf{/,null,UNAVAILABLE}{/hddsDatanode}
2019-10-02 23:13:15,452 [Thread-1092] INFO  server.AbstractConnector (AbstractConnector.java:doStop(318)) - Stopped ServerConnector@6cc9f62e{HTTP/1.1,[http/1.1]}{0.0.0.0:0}
2019-10-02 23:13:15,452 [Thread-1092] INFO  handler.ContextHandler (ContextHandler.java:doStop(910)) - Stopped o.e.j.s.ServletContextHandler@70e9a6f1{/static,jar:file:/home/user/.m2/repository/org/apache/hadoop/hadoop-hdds-container-service/0.5.0-SNAPSHOT/hadoop-hdds-container-service-0.5.0-SNAPSHOT.jar!/webapps/static,UNAVAILABLE}
2019-10-02 23:13:15,453 [Thread-1092] INFO  handler.ContextHandler (ContextHandler.java:doStop(910)) - Stopped o.e.j.s.ServletContextHandler@4828182d{/logs,file:///workdir/hadoop-ozone/ozonefs/target/log,UNAVAILABLE}
2019-10-02 23:13:15,454 [Thread-1092] INFO  ozone.MiniOzoneClusterImpl (MiniOzoneClusterImpl.java:stopSCM(392)) - Stopping the StorageContainerManager
2019-10-02 23:13:15,454 [Thread-1092] INFO  server.StorageContainerManager (StorageContainerManager.java:stop(808)) - Stopping Replication Manager Service.
2019-10-02 23:13:15,454 [Thread-1092] INFO  container.ReplicationManager (ReplicationManager.java:stop(203)) - Stopping Replication Monitor Thread.
2019-10-02 23:13:15,454 [Thread-1092] INFO  server.StorageContainerManager (StorageContainerManager.java:stop(815)) - Stopping Lease Manager of the command watchers
2019-10-02 23:13:15,454 [Thread-1092] INFO  server.StorageContainerManager (StorageContainerManager.java:stop(822)) - Stopping datanode service RPC server
2019-10-02 23:13:15,454 [Thread-1092] INFO  server.SCMDatanodeProtocolServer (SCMDatanodeProtocolServer.java:stop(367)) - Stopping the RPC server for DataNodes
2019-10-02 23:13:15,454 [Thread-1092] INFO  ipc.Server (Server.java:stop(3082)) - Stopping server on 40647
2019-10-02 23:13:15,459 [IPC Server listener on 40647] INFO  ipc.Server (Server.java:run(1185)) - Stopping IPC Server listener on 40647
2019-10-02 23:13:15,459 [IPC Server Responder] INFO  ipc.Server (Server.java:run(1319)) - Stopping IPC Server Responder
2019-10-02 23:13:15,475 [SCM Heartbeat Processing Thread - 0] WARN  node.NodeStateManager (NodeStateManager.java:scheduleNextHealthCheck(646)) - Current Thread is interrupted, shutting down HB processing thread for Node Manager.
2019-10-02 23:13:15,475 [Thread-1092] INFO  server.StorageContainerManager (StorageContainerManager.java:stop(830)) - Stopping block service RPC server
2019-10-02 23:13:15,475 [Thread-1092] INFO  server.SCMBlockProtocolServer (SCMBlockProtocolServer.java:stop(155)) - Stopping the RPC server for Block Protocol
2019-10-02 23:13:15,475 [Thread-1092] INFO  ipc.Server (Server.java:stop(3082)) - Stopping server on 32871
2019-10-02 23:13:15,480 [Thread-1092] INFO  server.StorageContainerManager (StorageContainerManager.java:stop(837)) - Stopping the StorageContainerLocationProtocol RPC server
2019-10-02 23:13:15,480 [IPC Server Responder] INFO  ipc.Server (Server.java:run(1319)) - Stopping IPC Server Responder
2019-10-02 23:13:15,480 [Thread-1092] INFO  server.SCMClientProtocolServer (SCMClientProtocolServer.java:stop(158)) - Stopping the RPC server for Client Protocol
2019-10-02 23:13:15,480 [Thread-1092] INFO  ipc.Server (Server.java:stop(3082)) - Stopping server on 36283
2019-10-02 23:13:15,480 [IPC Server listener on 32871] INFO  ipc.Server (Server.java:run(1185)) - Stopping IPC Server listener on 32871
2019-10-02 23:13:15,482 [IPC Server listener on 36283] INFO  ipc.Server (Server.java:run(1185)) - Stopping IPC Server listener on 36283
2019-10-02 23:13:15,482 [Thread-1092] INFO  server.StorageContainerManager (StorageContainerManager.java:stop(844)) - Stopping Storage Container Manager HTTP server.
2019-10-02 23:13:15,485 [IPC Server Responder] INFO  ipc.Server (Server.java:run(1319)) - Stopping IPC Server Responder
2019-10-02 23:13:15,485 [Thread-1092] INFO  handler.ContextHandler (ContextHandler.java:doStop(910)) - Stopped o.e.j.w.WebAppContext@5fc976d6{/,null,UNAVAILABLE}{/scm}
2019-10-02 23:13:15,486 [Thread-1092] INFO  server.AbstractConnector (AbstractConnector.java:doStop(318)) - Stopped ServerConnector@4c67a839{HTTP/1.1,[http/1.1]}{0.0.0.0:0}
2019-10-02 23:13:15,486 [Thread-1092] INFO  handler.ContextHandler (ContextHandler.java:doStop(910)) - Stopped o.e.j.s.ServletContextHandler@80edf4e{/static,jar:file:/home/user/.m2/repository/org/apache/hadoop/hadoop-hdds-server-scm/0.5.0-SNAPSHOT/hadoop-hdds-server-scm-0.5.0-SNAPSHOT.jar!/webapps/static,UNAVAILABLE}
2019-10-02 23:13:15,486 [Thread-1092] INFO  handler.ContextHandler (ContextHandler.java:doStop(910)) - Stopped o.e.j.s.ServletContextHandler@64b266b8{/logs,file:///workdir/hadoop-ozone/ozonefs/target/log,UNAVAILABLE}
2019-10-02 23:13:15,487 [Thread-1092] INFO  server.StorageContainerManager (StorageContainerManager.java:stop(855)) - Stopping Block Manager Service.
2019-10-02 23:13:15,488 [Thread-1092] INFO  utils.BackgroundService (BackgroundService.java:shutdown(148)) - Shutting down service SCMBlockDeletingService
2019-10-02 23:13:15,488 [Thread-1092] INFO  utils.BackgroundService (BackgroundService.java:shutdown(148)) - Shutting down service SCMBlockDeletingService
2019-10-02 23:13:15,488 [Thread-1092] INFO  server.StorageContainerManager (StorageContainerManager.java:stop(877)) - Stopping SCM Event Queue.
2019-10-02 23:13:15,492 [Thread-1092] INFO  impl.MetricsSystemImpl (MetricsSystemImpl.java:stop(210)) - Stopping HddsDatanode metrics system...
2019-10-02 23:13:15,495 [Thread-1092] INFO  impl.MetricsSystemImpl (MetricsSystemImpl.java:stop(216)) - HddsDatanode metrics system stopped.
]]></system-out>
  </testcase>
  <testcase name="testNonExplicitlyCreatedPathExistsAfterItsLeafsWereRemoved" classname="org.apache.hadoop.fs.ozone.TestOzoneFileSystem" time="17.105">
    <error message="Volume not found volume58781" type="VOLUME_NOT_FOUND org.apache.hadoop.ozone.om.exceptions.OMException">VOLUME_NOT_FOUND org.apache.hadoop.ozone.om.exceptions.OMException: Volume not found volume58781
	at org.apache.hadoop.ozone.om.protocolPB.OzoneManagerProtocolClientSideTranslatorPB.handleError(OzoneManagerProtocolClientSideTranslatorPB.java:732)
	at org.apache.hadoop.ozone.om.protocolPB.OzoneManagerProtocolClientSideTranslatorPB.createDirectory(OzoneManagerProtocolClientSideTranslatorPB.java:1377)
	at sun.reflect.NativeMethodAccessorImpl.invoke0(Native Method)
	at sun.reflect.NativeMethodAccessorImpl.invoke(NativeMethodAccessorImpl.java:62)
	at sun.reflect.DelegatingMethodAccessorImpl.invoke(DelegatingMethodAccessorImpl.java:43)
	at java.lang.reflect.Method.invoke(Method.java:498)
	at org.apache.hadoop.hdds.tracing.TraceAllMethod.invoke(TraceAllMethod.java:66)
	at com.sun.proxy.$Proxy38.createDirectory(Unknown Source)
	at org.apache.hadoop.ozone.client.rpc.RpcClient.createDirectory(RpcClient.java:976)
	at org.apache.hadoop.ozone.client.OzoneBucket.createDirectory(OzoneBucket.java:503)
	at org.apache.hadoop.fs.ozone.BasicOzoneClientAdapterImpl.createDirectory(BasicOzoneClientAdapterImpl.java:236)
	at org.apache.hadoop.fs.ozone.BasicOzoneFileSystem.mkdir(BasicOzoneFileSystem.java:597)
	at org.apache.hadoop.fs.ozone.BasicOzoneFileSystem.mkdirs(BasicOzoneFileSystem.java:607)
	at org.apache.hadoop.fs.FileSystem.mkdirs(FileSystem.java:2275)
	at org.apache.hadoop.fs.ozone.TestOzoneFileSystem.testNonExplicitlyCreatedPathExistsAfterItsLeafsWereRemoved(TestOzoneFileSystem.java:277)
	at sun.reflect.NativeMethodAccessorImpl.invoke0(Native Method)
	at sun.reflect.NativeMethodAccessorImpl.invoke(NativeMethodAccessorImpl.java:62)
	at sun.reflect.DelegatingMethodAccessorImpl.invoke(DelegatingMethodAccessorImpl.java:43)
	at java.lang.reflect.Method.invoke(Method.java:498)
	at org.junit.runners.model.FrameworkMethod$1.runReflectiveCall(FrameworkMethod.java:47)
	at org.junit.internal.runners.model.ReflectiveCallable.run(ReflectiveCallable.java:12)
	at org.junit.runners.model.FrameworkMethod.invokeExplosively(FrameworkMethod.java:44)
	at org.junit.internal.runners.statements.InvokeMethod.evaluate(InvokeMethod.java:17)
	at org.junit.internal.runners.statements.RunBefores.evaluate(RunBefores.java:26)
	at org.junit.internal.runners.statements.RunAfters.evaluate(RunAfters.java:27)
	at org.junit.internal.runners.statements.FailOnTimeout$StatementThread.run(FailOnTimeout.java:74)
</error>
    <system-out><![CDATA[2019-10-02 23:13:15,529 [Thread-1307] WARN  server.ServerUtils (ServerUtils.java:getScmDbDir(145)) - ozone.scm.db.dirs is not configured. We recommend adding this setting. Falling back to ozone.metadata.dirs instead.
2019-10-02 23:13:15,553 [Thread-1307] WARN  server.ServerUtils (ServerUtils.java:getScmDbDir(145)) - ozone.scm.db.dirs is not configured. We recommend adding this setting. Falling back to ozone.metadata.dirs instead.
2019-10-02 23:13:15,554 [Thread-1307] WARN  server.ServerUtils (ServerUtils.java:getScmDbDir(145)) - ozone.scm.db.dirs is not configured. We recommend adding this setting. Falling back to ozone.metadata.dirs instead.
2019-10-02 23:13:15,554 [Thread-1307] INFO  db.DBStoreBuilder (DBStoreBuilder.java:addTable(110)) - using custom profile for table: deletedBlocks
2019-10-02 23:13:15,554 [Thread-1307] INFO  db.DBStoreBuilder (DBStoreBuilder.java:processTables(161)) - Using default column profile:DBProfile.DISK for Table:deletedBlocks
2019-10-02 23:13:15,555 [Thread-1307] INFO  db.DBStoreBuilder (DBStoreBuilder.java:addTable(110)) - using custom profile for table: validCerts
2019-10-02 23:13:15,555 [Thread-1307] INFO  db.DBStoreBuilder (DBStoreBuilder.java:processTables(161)) - Using default column profile:DBProfile.DISK for Table:validCerts
2019-10-02 23:13:15,555 [Thread-1307] INFO  db.DBStoreBuilder (DBStoreBuilder.java:addTable(110)) - using custom profile for table: revokedCerts
2019-10-02 23:13:15,555 [Thread-1307] INFO  db.DBStoreBuilder (DBStoreBuilder.java:processTables(161)) - Using default column profile:DBProfile.DISK for Table:revokedCerts
2019-10-02 23:13:15,555 [Thread-1307] INFO  db.DBStoreBuilder (DBStoreBuilder.java:addTable(110)) - using custom profile for table: default
2019-10-02 23:13:15,555 [Thread-1307] INFO  db.DBStoreBuilder (DBStoreBuilder.java:processTables(167)) - Using default column profile:DBProfile.DISK for Table:default
2019-10-02 23:13:15,555 [Thread-1307] INFO  db.DBStoreBuilder (DBStoreBuilder.java:getDbProfile(198)) - Using default options. DBProfile.DISK
2019-10-02 23:13:15,848 [Thread-1307] INFO  net.NodeSchemaLoader (NodeSchemaLoader.java:loadSchemaFromFile(125)) - Loading file from sun.misc.CompoundEnumeration@43dffe18
2019-10-02 23:13:15,848 [Thread-1307] INFO  net.NodeSchemaLoader (NodeSchemaLoader.java:loadSchema(171)) - Loading network topology layer schema file
2019-10-02 23:13:15,852 [Thread-1307] WARN  server.ServerUtils (ServerUtils.java:sanitizeUserArgs(70)) - ozone.scm.stale.node.interval value = 300000 is larger than max = 100000 based on the key value of ozone.scm.heartbeat.thread.interval, reset to the max value 100000.
2019-10-02 23:13:15,852 [Thread-1307] WARN  server.ServerUtils (ServerUtils.java:sanitizeUserArgs(70)) - ozone.scm.stale.node.interval value = 300000 is larger than max = 100000 based on the key value of ozone.scm.heartbeat.thread.interval, reset to the max value 100000.
2019-10-02 23:13:15,853 [Thread-1307] INFO  node.SCMNodeManager (SCMNodeManager.java:<init>(114)) - Entering startup safe mode.
2019-10-02 23:13:15,853 [Thread-1307] INFO  algorithms.ContainerPlacementPolicyFactory (ContainerPlacementPolicyFactory.java:getPolicy(57)) - Create container placement policy of type org.apache.hadoop.hdds.scm.container.placement.algorithms.SCMContainerPlacementRandom
2019-10-02 23:13:15,853 [Thread-1307] WARN  server.ServerUtils (ServerUtils.java:getScmDbDir(145)) - ozone.scm.db.dirs is not configured. We recommend adding this setting. Falling back to ozone.metadata.dirs instead.
2019-10-02 23:13:15,954 [Thread-1307] INFO  pipeline.SCMPipelineManager (SCMPipelineManager.java:initializePipelineState(132)) - No pipeline exists in current db
2019-10-02 23:13:15,955 [Thread-1307] WARN  server.ServerUtils (ServerUtils.java:getScmDbDir(145)) - ozone.scm.db.dirs is not configured. We recommend adding this setting. Falling back to ozone.metadata.dirs instead.
2019-10-02 23:13:16,067 [Thread-1307] WARN  events.EventQueue (EventQueue.java:fireEvent(183)) - No event handler registered for event TypedEvent{payloadType=SafeModeStatus, name='SafeModeStatus'}
2019-10-02 23:13:16,068 [Thread-1307] INFO  ipc.CallQueueManager (CallQueueManager.java:<init>(84)) - Using callQueue: class java.util.concurrent.LinkedBlockingQueue, queueCapacity: 2000, scheduler: class org.apache.hadoop.ipc.DefaultRpcScheduler, ipcBackoff: false.
2019-10-02 23:13:16,069 [Socket Reader #1 for port 43141] INFO  ipc.Server (Server.java:run(1074)) - Starting Socket Reader #1 for port 43141
2019-10-02 23:13:16,071 [Thread-1307] INFO  ipc.CallQueueManager (CallQueueManager.java:<init>(84)) - Using callQueue: class java.util.concurrent.LinkedBlockingQueue, queueCapacity: 2000, scheduler: class org.apache.hadoop.ipc.DefaultRpcScheduler, ipcBackoff: false.
2019-10-02 23:13:16,072 [Socket Reader #1 for port 34802] INFO  ipc.Server (Server.java:run(1074)) - Starting Socket Reader #1 for port 34802
2019-10-02 23:13:16,073 [Thread-1307] INFO  ipc.CallQueueManager (CallQueueManager.java:<init>(84)) - Using callQueue: class java.util.concurrent.LinkedBlockingQueue, queueCapacity: 2000, scheduler: class org.apache.hadoop.ipc.DefaultRpcScheduler, ipcBackoff: false.
2019-10-02 23:13:16,074 [Socket Reader #1 for port 41876] INFO  ipc.Server (Server.java:run(1074)) - Starting Socket Reader #1 for port 41876
2019-10-02 23:13:16,076 [Thread-1307] INFO  hdfs.DFSUtil (DFSUtil.java:httpServerTemplateForNNAndJN(1641)) - Starting Web-server for scm at: http://0.0.0.0:0
2019-10-02 23:13:16,078 [Thread-1307] INFO  server.AuthenticationFilter (AuthenticationFilter.java:constructSecretProvider(240)) - Unable to initialize FileSignerSecretProvider, falling back to use random secrets.
2019-10-02 23:13:16,079 [Thread-1307] WARN  http.HttpRequestLog (HttpRequestLog.java:getRequestLog(97)) - Jetty request log can only be enabled using Log4j
2019-10-02 23:13:16,080 [Thread-1307] INFO  http.HttpServer2 (HttpServer2.java:addGlobalFilter(975)) - Added global filter 'safety' (class=org.apache.hadoop.http.HttpServer2$QuotingInputFilter)
2019-10-02 23:13:16,081 [Thread-1307] INFO  http.HttpServer2 (HttpServer2.java:addFilter(948)) - Added filter static_user_filter (class=org.apache.hadoop.http.lib.StaticUserWebFilter$StaticUserFilter) to context scm
2019-10-02 23:13:16,081 [Thread-1307] INFO  http.HttpServer2 (HttpServer2.java:addFilter(958)) - Added filter static_user_filter (class=org.apache.hadoop.http.lib.StaticUserWebFilter$StaticUserFilter) to context static
2019-10-02 23:13:16,081 [Thread-1307] INFO  http.HttpServer2 (HttpServer2.java:addFilter(958)) - Added filter static_user_filter (class=org.apache.hadoop.http.lib.StaticUserWebFilter$StaticUserFilter) to context logs
2019-10-02 23:13:16,083 [Thread-1307] INFO  server.StorageContainerManager (StorageContainerManager.java:start(770)) - StorageContainerLocationProtocol RPC server is listening at /0.0.0.0:41876
2019-10-02 23:13:16,085 [Thread-1307] WARN  impl.MetricsConfig (MetricsConfig.java:loadFirst(134)) - Cannot locate configuration: tried hadoop-metrics2-storagecontainermanager.properties,hadoop-metrics2.properties
2019-10-02 23:13:16,085 [Thread-1307] INFO  impl.MetricsSystemImpl (MetricsSystemImpl.java:startTimer(374)) - Scheduled Metric snapshot period at 10 second(s).
2019-10-02 23:13:16,085 [Thread-1307] INFO  impl.MetricsSystemImpl (MetricsSystemImpl.java:start(191)) - StorageContainerManager metrics system started
2019-10-02 23:13:16,109 [Thread-1307] WARN  impl.MetricsSystemImpl (MetricsSystemImpl.java:register(276)) - Sink prometheus already exists!
2019-10-02 23:13:16,175 [Thread-1307] INFO  server.SCMClientProtocolServer (SCMClientProtocolServer.java:start(150)) - RPC server for Client  is listening at /0.0.0.0:41876
2019-10-02 23:13:16,176 [IPC Server listener on 41876] INFO  ipc.Server (Server.java:run(1153)) - IPC Server listener on 41876: starting
2019-10-02 23:13:16,176 [IPC Server Responder] INFO  ipc.Server (Server.java:run(1314)) - IPC Server Responder: starting
2019-10-02 23:13:16,180 [Thread-1307] INFO  server.StorageContainerManager (StorageContainerManager.java:start(780)) - ScmBlockLocationProtocol RPC server is listening at /0.0.0.0:34802
2019-10-02 23:13:16,181 [Thread-1307] INFO  server.SCMBlockProtocolServer (SCMBlockProtocolServer.java:start(146)) - RPC server for Block Protocol is listening at /0.0.0.0:34802
2019-10-02 23:13:16,181 [IPC Server Responder] INFO  ipc.Server (Server.java:run(1314)) - IPC Server Responder: starting
2019-10-02 23:13:16,181 [IPC Server listener on 34802] INFO  ipc.Server (Server.java:run(1153)) - IPC Server listener on 34802: starting
2019-10-02 23:13:16,185 [Thread-1307] INFO  server.StorageContainerManager (StorageContainerManager.java:start(784)) - ScmDatanodeProtocl RPC server is listening at /0.0.0.0:43141
2019-10-02 23:13:16,185 [Thread-1307] INFO  server.SCMDatanodeProtocolServer (SCMDatanodeProtocolServer.java:start(191)) - RPC server for DataNodes is listening at /0.0.0.0:43141
2019-10-02 23:13:16,186 [IPC Server Responder] INFO  ipc.Server (Server.java:run(1314)) - IPC Server Responder: starting
2019-10-02 23:13:16,186 [IPC Server listener on 43141] INFO  ipc.Server (Server.java:run(1153)) - IPC Server listener on 43141: starting
2019-10-02 23:13:16,190 [Thread-1307] INFO  http.HttpServer2 (HttpServer2.java:bindListener(1191)) - Jetty bound to port 45483
2019-10-02 23:13:16,190 [Thread-1307] INFO  server.Server (Server.java:doStart(351)) - jetty-9.3.25.v20180904, build timestamp: 2018-09-04T21:11:46Z, git hash: 3ce520221d0240229c862b122d2b06c12a625732
2019-10-02 23:13:16,191 [Thread-1307] INFO  handler.ContextHandler (ContextHandler.java:doStart(781)) - Started o.e.j.s.ServletContextHandler@74181ca5{/logs,file:///workdir/hadoop-ozone/ozonefs/target/log,AVAILABLE}
2019-10-02 23:13:16,192 [Thread-1307] INFO  handler.ContextHandler (ContextHandler.java:doStart(781)) - Started o.e.j.s.ServletContextHandler@6a62da57{/static,jar:file:/home/user/.m2/repository/org/apache/hadoop/hadoop-hdds-server-scm/0.5.0-SNAPSHOT/hadoop-hdds-server-scm-0.5.0-SNAPSHOT.jar!/webapps/static,AVAILABLE}
2019-10-02 23:13:16,231 [Thread-1307] INFO  handler.ContextHandler (ContextHandler.java:doStart(781)) - Started o.e.j.w.WebAppContext@48c7509d{/,file:///tmp/jetty-0.0.0.0-45483-scm-_-any-8474257787894706425.dir/webapp/,AVAILABLE}{/scm}
2019-10-02 23:13:16,232 [Thread-1307] INFO  server.AbstractConnector (AbstractConnector.java:doStart(278)) - Started ServerConnector@6aa5d64d{HTTP/1.1,[http/1.1]}{0.0.0.0:45483}
2019-10-02 23:13:16,233 [Thread-1307] INFO  server.Server (Server.java:doStart(419)) - Started @109336ms
2019-10-02 23:13:16,233 [Thread-1307] WARN  impl.MetricsSystemImpl (MetricsSystemImpl.java:register(276)) - Sink prometheus already exists!
2019-10-02 23:13:16,234 [Thread-1307] INFO  server.BaseHttpServer (BaseHttpServer.java:updateConnectorAddress(215)) - HTTP server of SCM is listening at http://0.0.0.0:45483
2019-10-02 23:13:16,234 [Thread-1307] WARN  server.ServerUtils (ServerUtils.java:getDBPath(222)) - ozone.om.db.dirs is not configured. We recommend adding this setting. Falling back to ozone.metadata.dirs instead.
2019-10-02 23:13:16,235 [org.apache.hadoop.util.JvmPauseMonitor$Monitor@39385a05] INFO  util.JvmPauseMonitor (JvmPauseMonitor.java:run(188)) - Starting JVM pause monitor
2019-10-02 23:13:16,259 [Thread-1307] WARN  server.ServerUtils (ServerUtils.java:getDBPath(222)) - ozone.om.db.dirs is not configured. We recommend adding this setting. Falling back to ozone.metadata.dirs instead.
2019-10-02 23:13:16,260 [Thread-1307] WARN  server.ServerUtils (ServerUtils.java:getDBPath(222)) - ozone.om.db.dirs is not configured. We recommend adding this setting. Falling back to ozone.metadata.dirs instead.
2019-10-02 23:13:16,260 [Thread-1307] INFO  om.OzoneManager (OzoneManager.java:setOMNodeDetails(652)) - OM Service ID is not set. Setting it to the default ID: omServiceIdDefault
2019-10-02 23:13:16,261 [Thread-1307] INFO  om.OzoneManager (OzoneManager.java:setOMNodeDetails(658)) - OM Node ID is not set. Setting it to the OmStorage's OmID: afc390af-ae27-419a-9806-5bcc243926ab
2019-10-02 23:13:16,261 [Thread-1307] INFO  om.OzoneManager (OzoneManager.java:loadOMHAConfigs(609)) - Found matching OM address with OMServiceId: null, OMNodeId: null, RPC Address: localhost:0 and Ratis port: 9872
2019-10-02 23:13:16,268 [Thread-1307] WARN  server.ServerUtils (ServerUtils.java:getDBPath(222)) - ozone.om.db.dirs is not configured. We recommend adding this setting. Falling back to ozone.metadata.dirs instead.
2019-10-02 23:13:16,269 [Thread-1307] INFO  db.DBStoreBuilder (DBStoreBuilder.java:addTable(110)) - using custom profile for table: userTable
2019-10-02 23:13:16,269 [Thread-1307] INFO  db.DBStoreBuilder (DBStoreBuilder.java:processTables(161)) - Using default column profile:DBProfile.DISK for Table:userTable
2019-10-02 23:13:16,270 [Thread-1307] INFO  db.DBStoreBuilder (DBStoreBuilder.java:addTable(110)) - using custom profile for table: volumeTable
2019-10-02 23:13:16,270 [Thread-1307] INFO  db.DBStoreBuilder (DBStoreBuilder.java:processTables(161)) - Using default column profile:DBProfile.DISK for Table:volumeTable
2019-10-02 23:13:16,270 [Thread-1307] INFO  db.DBStoreBuilder (DBStoreBuilder.java:addTable(110)) - using custom profile for table: bucketTable
2019-10-02 23:13:16,270 [Thread-1307] INFO  db.DBStoreBuilder (DBStoreBuilder.java:processTables(161)) - Using default column profile:DBProfile.DISK for Table:bucketTable
2019-10-02 23:13:16,270 [Thread-1307] INFO  db.DBStoreBuilder (DBStoreBuilder.java:addTable(110)) - using custom profile for table: keyTable
2019-10-02 23:13:16,271 [Thread-1307] INFO  db.DBStoreBuilder (DBStoreBuilder.java:processTables(161)) - Using default column profile:DBProfile.DISK for Table:keyTable
2019-10-02 23:13:16,271 [Thread-1307] INFO  db.DBStoreBuilder (DBStoreBuilder.java:addTable(110)) - using custom profile for table: deletedTable
2019-10-02 23:13:16,271 [Thread-1307] INFO  db.DBStoreBuilder (DBStoreBuilder.java:processTables(161)) - Using default column profile:DBProfile.DISK for Table:deletedTable
2019-10-02 23:13:16,271 [Thread-1307] INFO  db.DBStoreBuilder (DBStoreBuilder.java:addTable(110)) - using custom profile for table: openKeyTable
2019-10-02 23:13:16,271 [Thread-1307] INFO  db.DBStoreBuilder (DBStoreBuilder.java:processTables(161)) - Using default column profile:DBProfile.DISK for Table:openKeyTable
2019-10-02 23:13:16,272 [Thread-1307] INFO  db.DBStoreBuilder (DBStoreBuilder.java:addTable(110)) - using custom profile for table: s3Table
2019-10-02 23:13:16,272 [Thread-1307] INFO  db.DBStoreBuilder (DBStoreBuilder.java:processTables(161)) - Using default column profile:DBProfile.DISK for Table:s3Table
2019-10-02 23:13:16,272 [Thread-1307] INFO  db.DBStoreBuilder (DBStoreBuilder.java:addTable(110)) - using custom profile for table: multipartInfoTable
2019-10-02 23:13:16,272 [Thread-1307] INFO  db.DBStoreBuilder (DBStoreBuilder.java:processTables(161)) - Using default column profile:DBProfile.DISK for Table:multipartInfoTable
2019-10-02 23:13:16,273 [Thread-1307] INFO  db.DBStoreBuilder (DBStoreBuilder.java:addTable(110)) - using custom profile for table: dTokenTable
2019-10-02 23:13:16,273 [Thread-1307] INFO  db.DBStoreBuilder (DBStoreBuilder.java:processTables(161)) - Using default column profile:DBProfile.DISK for Table:dTokenTable
2019-10-02 23:13:16,273 [Thread-1307] INFO  db.DBStoreBuilder (DBStoreBuilder.java:addTable(110)) - using custom profile for table: s3SecretTable
2019-10-02 23:13:16,273 [Thread-1307] INFO  db.DBStoreBuilder (DBStoreBuilder.java:processTables(161)) - Using default column profile:DBProfile.DISK for Table:s3SecretTable
2019-10-02 23:13:16,273 [Thread-1307] INFO  db.DBStoreBuilder (DBStoreBuilder.java:addTable(110)) - using custom profile for table: prefixTable
2019-10-02 23:13:16,274 [Thread-1307] INFO  db.DBStoreBuilder (DBStoreBuilder.java:processTables(161)) - Using default column profile:DBProfile.DISK for Table:prefixTable
2019-10-02 23:13:16,274 [Thread-1307] INFO  db.DBStoreBuilder (DBStoreBuilder.java:addTable(110)) - using custom profile for table: default
2019-10-02 23:13:16,274 [Thread-1307] INFO  db.DBStoreBuilder (DBStoreBuilder.java:processTables(167)) - Using default column profile:DBProfile.DISK for Table:default
2019-10-02 23:13:16,274 [Thread-1307] INFO  db.DBStoreBuilder (DBStoreBuilder.java:getDbProfile(198)) - Using default options. DBProfile.DISK
2019-10-02 23:13:17,000 [Thread-1307] INFO  ipc.CallQueueManager (CallQueueManager.java:<init>(84)) - Using callQueue: class java.util.concurrent.LinkedBlockingQueue, queueCapacity: 2000, scheduler: class org.apache.hadoop.ipc.DefaultRpcScheduler, ipcBackoff: false.
2019-10-02 23:13:17,001 [Socket Reader #1 for port 38306] INFO  ipc.Server (Server.java:run(1074)) - Starting Socket Reader #1 for port 38306
2019-10-02 23:13:17,024 [Thread-1307] INFO  om.OzoneManager (OzoneManager.java:start(1243)) - OzoneManager RPC server is listening at localhost/127.0.0.1:38306
2019-10-02 23:13:17,025 [Thread-1307] INFO  impl.MetricsSystemImpl (MetricsSystemImpl.java:init(158)) - OzoneManager metrics system started (again)
2019-10-02 23:13:17,025 [IPC Server Responder] INFO  ipc.Server (Server.java:run(1314)) - IPC Server Responder: starting
2019-10-02 23:13:17,026 [IPC Server listener on 38306] INFO  ipc.Server (Server.java:run(1153)) - IPC Server listener on 38306: starting
2019-10-02 23:13:17,030 [Thread-1307] INFO  hdfs.DFSUtil (DFSUtil.java:httpServerTemplateForNNAndJN(1641)) - Starting Web-server for ozoneManager at: http://0.0.0.0:0
2019-10-02 23:13:17,032 [Thread-1307] INFO  server.AuthenticationFilter (AuthenticationFilter.java:constructSecretProvider(240)) - Unable to initialize FileSignerSecretProvider, falling back to use random secrets.
2019-10-02 23:13:17,032 [Thread-1307] WARN  http.HttpRequestLog (HttpRequestLog.java:getRequestLog(97)) - Jetty request log can only be enabled using Log4j
2019-10-02 23:13:17,034 [Thread-1307] INFO  http.HttpServer2 (HttpServer2.java:addGlobalFilter(975)) - Added global filter 'safety' (class=org.apache.hadoop.http.HttpServer2$QuotingInputFilter)
2019-10-02 23:13:17,034 [Thread-1307] INFO  http.HttpServer2 (HttpServer2.java:addFilter(948)) - Added filter static_user_filter (class=org.apache.hadoop.http.lib.StaticUserWebFilter$StaticUserFilter) to context ozoneManager
2019-10-02 23:13:17,034 [Thread-1307] INFO  http.HttpServer2 (HttpServer2.java:addFilter(958)) - Added filter static_user_filter (class=org.apache.hadoop.http.lib.StaticUserWebFilter$StaticUserFilter) to context logs
2019-10-02 23:13:17,035 [Thread-1307] INFO  http.HttpServer2 (HttpServer2.java:addFilter(958)) - Added filter static_user_filter (class=org.apache.hadoop.http.lib.StaticUserWebFilter$StaticUserFilter) to context static
2019-10-02 23:13:17,035 [Thread-1307] INFO  http.HttpServer2 (HttpServer2.java:bindListener(1191)) - Jetty bound to port 34548
2019-10-02 23:13:17,035 [Thread-1307] INFO  server.Server (Server.java:doStart(351)) - jetty-9.3.25.v20180904, build timestamp: 2018-09-04T21:11:46Z, git hash: 3ce520221d0240229c862b122d2b06c12a625732
2019-10-02 23:13:17,037 [Thread-1307] INFO  handler.ContextHandler (ContextHandler.java:doStart(781)) - Started o.e.j.s.ServletContextHandler@a6b41cd{/logs,file:///workdir/hadoop-ozone/ozonefs/target/log,AVAILABLE}
2019-10-02 23:13:17,037 [Thread-1307] INFO  handler.ContextHandler (ContextHandler.java:doStart(781)) - Started o.e.j.s.ServletContextHandler@be218d9{/static,jar:file:/home/user/.m2/repository/org/apache/hadoop/hadoop-ozone-ozone-manager/0.5.0-SNAPSHOT/hadoop-ozone-ozone-manager-0.5.0-SNAPSHOT.jar!/webapps/static,AVAILABLE}
2019-10-02 23:13:17,082 [Thread-1307] INFO  handler.ContextHandler (ContextHandler.java:doStart(781)) - Started o.e.j.w.WebAppContext@2b9ec545{/,file:///tmp/jetty-0.0.0.0-34548-ozoneManager-_-any-7989032418354162555.dir/webapp/,AVAILABLE}{/ozoneManager}
2019-10-02 23:13:17,082 [Thread-1307] INFO  server.AbstractConnector (AbstractConnector.java:doStart(278)) - Started ServerConnector@7ea852c6{HTTP/1.1,[http/1.1]}{0.0.0.0:34548}
2019-10-02 23:13:17,084 [Thread-1307] INFO  server.Server (Server.java:doStart(419)) - Started @110187ms
2019-10-02 23:13:17,084 [Thread-1307] WARN  impl.MetricsSystemImpl (MetricsSystemImpl.java:register(276)) - Sink prometheus already exists!
2019-10-02 23:13:17,085 [Thread-1307] INFO  server.BaseHttpServer (BaseHttpServer.java:updateConnectorAddress(215)) - HTTP server of OZONEMANAGER is listening at http://0.0.0.0:34548
2019-10-02 23:13:17,092 [Thread-1307] INFO  impl.MetricsSystemImpl (MetricsSystemImpl.java:init(158)) - HddsDatanode metrics system started (again)
2019-10-02 23:13:17,095 [Thread-1307] INFO  ozone.HddsDatanodeService (HddsDatanodeService.java:start(184)) - HddsDatanodeService host:pr-hdds1737-lts7z-2510321508 ip:192.168.30.30
2019-10-02 23:13:17,100 [Thread-1307] INFO  volume.HddsVolume (HddsVolume.java:<init>(176)) - Creating Volume: /workdir/hadoop-ozone/ozonefs/target/test-dir/MiniOzoneClusterImpl-3fb00ef8-a0a3-4fb6-a20c-a26d05563970/datanode-0/data/containers/hdds of  storage type : DISK and capacity : 1482555576320
2019-10-02 23:13:17,101 [Thread-1307] INFO  volume.VolumeSet (VolumeSet.java:initializeVolumeSet(170)) - Added Volume : /workdir/hadoop-ozone/ozonefs/target/test-dir/MiniOzoneClusterImpl-3fb00ef8-a0a3-4fb6-a20c-a26d05563970/datanode-0/data/containers/hdds to VolumeSet
2019-10-02 23:13:17,101 [Thread-1307] INFO  volume.ThrottledAsyncChecker (ThrottledAsyncChecker.java:schedule(139)) - Scheduling a check for org.apache.hadoop.ozone.container.common.volume.HddsVolume@662133d1
2019-10-02 23:13:17,102 [Thread-1307] INFO  volume.HddsVolumeChecker (HddsVolumeChecker.java:checkAllVolumes(202)) - Scheduled health check for volume org.apache.hadoop.ozone.container.common.volume.HddsVolume@662133d1
2019-10-02 23:13:17,119 [Thread-1307] INFO  impl.RaftServerProxy (ConfUtils.java:logGet(43)) - raft.rpc.type = GRPC (default)
2019-10-02 23:13:17,120 [Thread-1307] INFO  grpc.GrpcFactory (GrpcFactory.java:checkPooledByteBufAllocatorUseCacheForAllThreads(45)) - PERFORMANCE WARNING: useCacheForAllThreads is true that may cause Netty to create a lot garbage objects and, as a result, trigger GC.
	It is recommended to disable useCacheForAllThreads by setting -Dorg.apache.ratis.thirdparty.io.netty.allocator.useCacheForAllThreads=false in command line.
2019-10-02 23:13:17,120 [Thread-1307] INFO  grpc.GrpcConfigKeys$Server (ConfUtils.java:logGet(43)) - raft.grpc.server.port = 0 (default)
2019-10-02 23:13:17,120 [Thread-1307] INFO  server.GrpcService (ConfUtils.java:logGet(43)) - raft.grpc.message.size.max = 33570816 (custom)
2019-10-02 23:13:17,120 [Thread-1307] INFO  server.RaftServerConfigKeys (ConfUtils.java:logGet(43)) - raft.server.log.appender.buffer.byte-limit = 33554432 (custom)
2019-10-02 23:13:17,120 [Thread-1307] INFO  server.GrpcService (ConfUtils.java:logGet(43)) - raft.grpc.flow.control.window = 1MB (=1048576) (default)
2019-10-02 23:13:17,120 [Thread-1307] INFO  server.RaftServerConfigKeys (ConfUtils.java:logGet(43)) - raft.server.rpc.request.timeout = 3000ms (default)
2019-10-02 23:13:17,121 [Thread-1307] INFO  server.RaftServerConfigKeys (ConfUtils.java:logGet(43)) - raft.server.storage.dir = [/workdir/hadoop-ozone/ozonefs/target/test-dir/MiniOzoneClusterImpl-3fb00ef8-a0a3-4fb6-a20c-a26d05563970/datanode-0/data/ratis] (custom)
2019-10-02 23:13:17,122 [Thread-1307] INFO  hdfs.DFSUtil (DFSUtil.java:httpServerTemplateForNNAndJN(1641)) - Starting Web-server for hddsDatanode at: http://0.0.0.0:0
2019-10-02 23:13:17,124 [Thread-1307] INFO  server.AuthenticationFilter (AuthenticationFilter.java:constructSecretProvider(240)) - Unable to initialize FileSignerSecretProvider, falling back to use random secrets.
2019-10-02 23:13:17,124 [Thread-1307] WARN  http.HttpRequestLog (HttpRequestLog.java:getRequestLog(97)) - Jetty request log can only be enabled using Log4j
2019-10-02 23:13:17,126 [Thread-1307] INFO  http.HttpServer2 (HttpServer2.java:addGlobalFilter(975)) - Added global filter 'safety' (class=org.apache.hadoop.http.HttpServer2$QuotingInputFilter)
2019-10-02 23:13:17,126 [Thread-1307] INFO  http.HttpServer2 (HttpServer2.java:addFilter(948)) - Added filter static_user_filter (class=org.apache.hadoop.http.lib.StaticUserWebFilter$StaticUserFilter) to context hddsDatanode
2019-10-02 23:13:17,126 [Thread-1307] INFO  http.HttpServer2 (HttpServer2.java:addFilter(958)) - Added filter static_user_filter (class=org.apache.hadoop.http.lib.StaticUserWebFilter$StaticUserFilter) to context static
2019-10-02 23:13:17,126 [Thread-1307] INFO  http.HttpServer2 (HttpServer2.java:addFilter(958)) - Added filter static_user_filter (class=org.apache.hadoop.http.lib.StaticUserWebFilter$StaticUserFilter) to context logs
2019-10-02 23:13:17,127 [Thread-1307] INFO  http.HttpServer2 (HttpServer2.java:bindListener(1191)) - Jetty bound to port 36333
2019-10-02 23:13:17,127 [Thread-1307] INFO  server.Server (Server.java:doStart(351)) - jetty-9.3.25.v20180904, build timestamp: 2018-09-04T21:11:46Z, git hash: 3ce520221d0240229c862b122d2b06c12a625732
2019-10-02 23:13:17,128 [Thread-1307] INFO  handler.ContextHandler (ContextHandler.java:doStart(781)) - Started o.e.j.s.ServletContextHandler@3d6fed20{/logs,file:///workdir/hadoop-ozone/ozonefs/target/log,AVAILABLE}
2019-10-02 23:13:17,129 [Thread-1307] INFO  handler.ContextHandler (ContextHandler.java:doStart(781)) - Started o.e.j.s.ServletContextHandler@7e9b1333{/static,jar:file:/home/user/.m2/repository/org/apache/hadoop/hadoop-hdds-container-service/0.5.0-SNAPSHOT/hadoop-hdds-container-service-0.5.0-SNAPSHOT.jar!/webapps/static,AVAILABLE}
2019-10-02 23:13:17,155 [Thread-1307] INFO  handler.ContextHandler (ContextHandler.java:doStart(781)) - Started o.e.j.w.WebAppContext@7c8e8d95{/,file:///tmp/jetty-0.0.0.0-36333-hddsDatanode-_-any-6305312638118753153.dir/webapp/,AVAILABLE}{/hddsDatanode}
2019-10-02 23:13:17,156 [Thread-1307] INFO  server.AbstractConnector (AbstractConnector.java:doStart(278)) - Started ServerConnector@27aacad{HTTP/1.1,[http/1.1]}{0.0.0.0:36333}
2019-10-02 23:13:17,157 [Thread-1307] INFO  server.Server (Server.java:doStart(419)) - Started @110260ms
2019-10-02 23:13:17,157 [Thread-1307] WARN  impl.MetricsSystemImpl (MetricsSystemImpl.java:register(276)) - Sink prometheus already exists!
2019-10-02 23:13:17,157 [Thread-1307] INFO  server.BaseHttpServer (BaseHttpServer.java:updateConnectorAddress(215)) - HTTP server of HDDSDATANODE is listening at http://0.0.0.0:36333
2019-10-02 23:13:17,158 [Thread-1307] INFO  impl.MetricsSystemImpl (MetricsSystemImpl.java:init(158)) - HddsDatanode metrics system started (again)
2019-10-02 23:13:17,162 [org.apache.hadoop.util.JvmPauseMonitor$Monitor@76d85db0] INFO  util.JvmPauseMonitor (JvmPauseMonitor.java:run(188)) - Starting JVM pause monitor
2019-10-02 23:13:17,163 [Thread-1307] INFO  ozone.HddsDatanodeService (HddsDatanodeService.java:start(184)) - HddsDatanodeService host:pr-hdds1737-lts7z-2510321508 ip:192.168.30.30
2019-10-02 23:13:17,163 [Datanode State Machine Thread - 0] INFO  datanode.InitDatanodeState (InitDatanodeState.java:persistContainerDatanodeDetails(140)) - DatanodeDetails is persisted to /workdir/hadoop-ozone/ozonefs/target/test-dir/MiniOzoneClusterImpl-3fb00ef8-a0a3-4fb6-a20c-a26d05563970/datanode-0/meta/datanode.id
2019-10-02 23:13:17,169 [Thread-1307] INFO  volume.HddsVolume (HddsVolume.java:<init>(176)) - Creating Volume: /workdir/hadoop-ozone/ozonefs/target/test-dir/MiniOzoneClusterImpl-3fb00ef8-a0a3-4fb6-a20c-a26d05563970/datanode-1/data/containers/hdds of  storage type : DISK and capacity : 1482555576320
2019-10-02 23:13:17,169 [Thread-1307] INFO  volume.VolumeSet (VolumeSet.java:initializeVolumeSet(170)) - Added Volume : /workdir/hadoop-ozone/ozonefs/target/test-dir/MiniOzoneClusterImpl-3fb00ef8-a0a3-4fb6-a20c-a26d05563970/datanode-1/data/containers/hdds to VolumeSet
2019-10-02 23:13:17,170 [Thread-1307] INFO  volume.ThrottledAsyncChecker (ThrottledAsyncChecker.java:schedule(139)) - Scheduling a check for org.apache.hadoop.ozone.container.common.volume.HddsVolume@dc7c875
2019-10-02 23:13:17,170 [Thread-1307] INFO  volume.HddsVolumeChecker (HddsVolumeChecker.java:checkAllVolumes(202)) - Scheduled health check for volume org.apache.hadoop.ozone.container.common.volume.HddsVolume@dc7c875
2019-10-02 23:13:17,195 [Thread-1307] INFO  impl.RaftServerProxy (ConfUtils.java:logGet(43)) - raft.rpc.type = GRPC (default)
2019-10-02 23:13:17,195 [Thread-1307] INFO  grpc.GrpcFactory (GrpcFactory.java:checkPooledByteBufAllocatorUseCacheForAllThreads(45)) - PERFORMANCE WARNING: useCacheForAllThreads is true that may cause Netty to create a lot garbage objects and, as a result, trigger GC.
	It is recommended to disable useCacheForAllThreads by setting -Dorg.apache.ratis.thirdparty.io.netty.allocator.useCacheForAllThreads=false in command line.
2019-10-02 23:13:17,196 [Thread-1307] INFO  grpc.GrpcConfigKeys$Server (ConfUtils.java:logGet(43)) - raft.grpc.server.port = 0 (default)
2019-10-02 23:13:17,196 [Thread-1307] INFO  server.GrpcService (ConfUtils.java:logGet(43)) - raft.grpc.message.size.max = 33570816 (custom)
2019-10-02 23:13:17,196 [Thread-1307] INFO  server.RaftServerConfigKeys (ConfUtils.java:logGet(43)) - raft.server.log.appender.buffer.byte-limit = 33554432 (custom)
2019-10-02 23:13:17,196 [Thread-1307] INFO  server.GrpcService (ConfUtils.java:logGet(43)) - raft.grpc.flow.control.window = 1MB (=1048576) (default)
2019-10-02 23:13:17,197 [Thread-1307] INFO  server.RaftServerConfigKeys (ConfUtils.java:logGet(43)) - raft.server.rpc.request.timeout = 3000ms (default)
2019-10-02 23:13:17,197 [Thread-1307] INFO  server.RaftServerConfigKeys (ConfUtils.java:logGet(43)) - raft.server.storage.dir = [/workdir/hadoop-ozone/ozonefs/target/test-dir/MiniOzoneClusterImpl-3fb00ef8-a0a3-4fb6-a20c-a26d05563970/datanode-1/data/ratis] (custom)
2019-10-02 23:13:17,199 [Thread-1307] INFO  hdfs.DFSUtil (DFSUtil.java:httpServerTemplateForNNAndJN(1641)) - Starting Web-server for hddsDatanode at: http://0.0.0.0:0
2019-10-02 23:13:17,203 [Thread-1307] INFO  server.AuthenticationFilter (AuthenticationFilter.java:constructSecretProvider(240)) - Unable to initialize FileSignerSecretProvider, falling back to use random secrets.
2019-10-02 23:13:17,203 [Thread-1307] WARN  http.HttpRequestLog (HttpRequestLog.java:getRequestLog(97)) - Jetty request log can only be enabled using Log4j
2019-10-02 23:13:17,207 [Thread-1307] INFO  http.HttpServer2 (HttpServer2.java:addGlobalFilter(975)) - Added global filter 'safety' (class=org.apache.hadoop.http.HttpServer2$QuotingInputFilter)
2019-10-02 23:13:17,209 [Thread-1307] INFO  http.HttpServer2 (HttpServer2.java:addFilter(948)) - Added filter static_user_filter (class=org.apache.hadoop.http.lib.StaticUserWebFilter$StaticUserFilter) to context hddsDatanode
2019-10-02 23:13:17,209 [Thread-1307] INFO  http.HttpServer2 (HttpServer2.java:addFilter(958)) - Added filter static_user_filter (class=org.apache.hadoop.http.lib.StaticUserWebFilter$StaticUserFilter) to context logs
2019-10-02 23:13:17,209 [Thread-1307] INFO  http.HttpServer2 (HttpServer2.java:addFilter(958)) - Added filter static_user_filter (class=org.apache.hadoop.http.lib.StaticUserWebFilter$StaticUserFilter) to context static
2019-10-02 23:13:17,210 [Thread-1307] INFO  http.HttpServer2 (HttpServer2.java:bindListener(1191)) - Jetty bound to port 45754
2019-10-02 23:13:17,211 [Thread-1307] INFO  server.Server (Server.java:doStart(351)) - jetty-9.3.25.v20180904, build timestamp: 2018-09-04T21:11:46Z, git hash: 3ce520221d0240229c862b122d2b06c12a625732
2019-10-02 23:13:17,213 [Thread-1307] INFO  handler.ContextHandler (ContextHandler.java:doStart(781)) - Started o.e.j.s.ServletContextHandler@12b42efe{/logs,file:///workdir/hadoop-ozone/ozonefs/target/log,AVAILABLE}
2019-10-02 23:13:17,214 [Thread-1307] INFO  handler.ContextHandler (ContextHandler.java:doStart(781)) - Started o.e.j.s.ServletContextHandler@35fda481{/static,jar:file:/home/user/.m2/repository/org/apache/hadoop/hadoop-hdds-container-service/0.5.0-SNAPSHOT/hadoop-hdds-container-service-0.5.0-SNAPSHOT.jar!/webapps/static,AVAILABLE}
2019-10-02 23:13:17,254 [Thread-1307] INFO  handler.ContextHandler (ContextHandler.java:doStart(781)) - Started o.e.j.w.WebAppContext@7398d566{/,file:///tmp/jetty-0.0.0.0-45754-hddsDatanode-_-any-6318754248252972860.dir/webapp/,AVAILABLE}{/hddsDatanode}
2019-10-02 23:13:17,255 [Thread-1307] INFO  server.AbstractConnector (AbstractConnector.java:doStart(278)) - Started ServerConnector@1291fd68{HTTP/1.1,[http/1.1]}{0.0.0.0:45754}
2019-10-02 23:13:17,257 [Thread-1307] INFO  server.Server (Server.java:doStart(419)) - Started @110360ms
2019-10-02 23:13:17,257 [Thread-1307] WARN  impl.MetricsSystemImpl (MetricsSystemImpl.java:register(276)) - Sink prometheus already exists!
2019-10-02 23:13:17,258 [Thread-1307] INFO  server.BaseHttpServer (BaseHttpServer.java:updateConnectorAddress(215)) - HTTP server of HDDSDATANODE is listening at http://0.0.0.0:45754
2019-10-02 23:13:17,258 [Thread-1307] INFO  impl.MetricsSystemImpl (MetricsSystemImpl.java:init(158)) - HddsDatanode metrics system started (again)
2019-10-02 23:13:17,261 [org.apache.hadoop.util.JvmPauseMonitor$Monitor@2d691b0b] INFO  util.JvmPauseMonitor (JvmPauseMonitor.java:run(188)) - Starting JVM pause monitor
2019-10-02 23:13:17,262 [Thread-1307] INFO  ozone.HddsDatanodeService (HddsDatanodeService.java:start(184)) - HddsDatanodeService host:pr-hdds1737-lts7z-2510321508 ip:192.168.30.30
2019-10-02 23:13:17,263 [Datanode State Machine Thread - 0] INFO  datanode.InitDatanodeState (InitDatanodeState.java:persistContainerDatanodeDetails(140)) - DatanodeDetails is persisted to /workdir/hadoop-ozone/ozonefs/target/test-dir/MiniOzoneClusterImpl-3fb00ef8-a0a3-4fb6-a20c-a26d05563970/datanode-1/meta/datanode.id
2019-10-02 23:13:17,268 [Thread-1307] INFO  volume.HddsVolume (HddsVolume.java:<init>(176)) - Creating Volume: /workdir/hadoop-ozone/ozonefs/target/test-dir/MiniOzoneClusterImpl-3fb00ef8-a0a3-4fb6-a20c-a26d05563970/datanode-2/data/containers/hdds of  storage type : DISK and capacity : 1482555576320
2019-10-02 23:13:17,269 [Thread-1307] INFO  volume.VolumeSet (VolumeSet.java:initializeVolumeSet(170)) - Added Volume : /workdir/hadoop-ozone/ozonefs/target/test-dir/MiniOzoneClusterImpl-3fb00ef8-a0a3-4fb6-a20c-a26d05563970/datanode-2/data/containers/hdds to VolumeSet
2019-10-02 23:13:17,269 [Thread-1307] INFO  volume.ThrottledAsyncChecker (ThrottledAsyncChecker.java:schedule(139)) - Scheduling a check for org.apache.hadoop.ozone.container.common.volume.HddsVolume@1c9c1aea
2019-10-02 23:13:17,269 [Thread-1307] INFO  volume.HddsVolumeChecker (HddsVolumeChecker.java:checkAllVolumes(202)) - Scheduled health check for volume org.apache.hadoop.ozone.container.common.volume.HddsVolume@1c9c1aea
2019-10-02 23:13:17,288 [Thread-1307] INFO  impl.RaftServerProxy (ConfUtils.java:logGet(43)) - raft.rpc.type = GRPC (default)
2019-10-02 23:13:17,289 [Thread-1307] INFO  grpc.GrpcFactory (GrpcFactory.java:checkPooledByteBufAllocatorUseCacheForAllThreads(45)) - PERFORMANCE WARNING: useCacheForAllThreads is true that may cause Netty to create a lot garbage objects and, as a result, trigger GC.
	It is recommended to disable useCacheForAllThreads by setting -Dorg.apache.ratis.thirdparty.io.netty.allocator.useCacheForAllThreads=false in command line.
2019-10-02 23:13:17,289 [Thread-1307] INFO  grpc.GrpcConfigKeys$Server (ConfUtils.java:logGet(43)) - raft.grpc.server.port = 0 (default)
2019-10-02 23:13:17,289 [Thread-1307] INFO  server.GrpcService (ConfUtils.java:logGet(43)) - raft.grpc.message.size.max = 33570816 (custom)
2019-10-02 23:13:17,289 [Thread-1307] INFO  server.RaftServerConfigKeys (ConfUtils.java:logGet(43)) - raft.server.log.appender.buffer.byte-limit = 33554432 (custom)
2019-10-02 23:13:17,289 [Thread-1307] INFO  server.GrpcService (ConfUtils.java:logGet(43)) - raft.grpc.flow.control.window = 1MB (=1048576) (default)
2019-10-02 23:13:17,290 [Thread-1307] INFO  server.RaftServerConfigKeys (ConfUtils.java:logGet(43)) - raft.server.rpc.request.timeout = 3000ms (default)
2019-10-02 23:13:17,290 [Thread-1307] INFO  server.RaftServerConfigKeys (ConfUtils.java:logGet(43)) - raft.server.storage.dir = [/workdir/hadoop-ozone/ozonefs/target/test-dir/MiniOzoneClusterImpl-3fb00ef8-a0a3-4fb6-a20c-a26d05563970/datanode-2/data/ratis] (custom)
2019-10-02 23:13:17,291 [Thread-1307] INFO  hdfs.DFSUtil (DFSUtil.java:httpServerTemplateForNNAndJN(1641)) - Starting Web-server for hddsDatanode at: http://0.0.0.0:0
2019-10-02 23:13:17,293 [Thread-1307] INFO  server.AuthenticationFilter (AuthenticationFilter.java:constructSecretProvider(240)) - Unable to initialize FileSignerSecretProvider, falling back to use random secrets.
2019-10-02 23:13:17,293 [Thread-1307] WARN  http.HttpRequestLog (HttpRequestLog.java:getRequestLog(97)) - Jetty request log can only be enabled using Log4j
2019-10-02 23:13:17,295 [Thread-1307] INFO  http.HttpServer2 (HttpServer2.java:addGlobalFilter(975)) - Added global filter 'safety' (class=org.apache.hadoop.http.HttpServer2$QuotingInputFilter)
2019-10-02 23:13:17,295 [Thread-1307] INFO  http.HttpServer2 (HttpServer2.java:addFilter(948)) - Added filter static_user_filter (class=org.apache.hadoop.http.lib.StaticUserWebFilter$StaticUserFilter) to context hddsDatanode
2019-10-02 23:13:17,295 [Thread-1307] INFO  http.HttpServer2 (HttpServer2.java:addFilter(958)) - Added filter static_user_filter (class=org.apache.hadoop.http.lib.StaticUserWebFilter$StaticUserFilter) to context logs
2019-10-02 23:13:17,296 [Thread-1307] INFO  http.HttpServer2 (HttpServer2.java:addFilter(958)) - Added filter static_user_filter (class=org.apache.hadoop.http.lib.StaticUserWebFilter$StaticUserFilter) to context static
2019-10-02 23:13:17,296 [Thread-1307] INFO  http.HttpServer2 (HttpServer2.java:bindListener(1191)) - Jetty bound to port 40740
2019-10-02 23:13:17,296 [Thread-1307] INFO  server.Server (Server.java:doStart(351)) - jetty-9.3.25.v20180904, build timestamp: 2018-09-04T21:11:46Z, git hash: 3ce520221d0240229c862b122d2b06c12a625732
2019-10-02 23:13:17,302 [Thread-1307] INFO  handler.ContextHandler (ContextHandler.java:doStart(781)) - Started o.e.j.s.ServletContextHandler@1a4d6709{/logs,file:///workdir/hadoop-ozone/ozonefs/target/log,AVAILABLE}
2019-10-02 23:13:17,303 [Thread-1307] INFO  handler.ContextHandler (ContextHandler.java:doStart(781)) - Started o.e.j.s.ServletContextHandler@87ecc5a{/static,jar:file:/home/user/.m2/repository/org/apache/hadoop/hadoop-hdds-container-service/0.5.0-SNAPSHOT/hadoop-hdds-container-service-0.5.0-SNAPSHOT.jar!/webapps/static,AVAILABLE}
2019-10-02 23:13:17,330 [Thread-1307] INFO  handler.ContextHandler (ContextHandler.java:doStart(781)) - Started o.e.j.w.WebAppContext@55a1df89{/,file:///tmp/jetty-0.0.0.0-40740-hddsDatanode-_-any-8770316543961121871.dir/webapp/,AVAILABLE}{/hddsDatanode}
2019-10-02 23:13:17,331 [Thread-1307] INFO  server.AbstractConnector (AbstractConnector.java:doStart(278)) - Started ServerConnector@59c8d953{HTTP/1.1,[http/1.1]}{0.0.0.0:40740}
2019-10-02 23:13:17,332 [Thread-1307] INFO  server.Server (Server.java:doStart(419)) - Started @110435ms
2019-10-02 23:13:17,332 [Thread-1307] WARN  impl.MetricsSystemImpl (MetricsSystemImpl.java:register(276)) - Sink prometheus already exists!
2019-10-02 23:13:17,333 [Thread-1307] INFO  server.BaseHttpServer (BaseHttpServer.java:updateConnectorAddress(215)) - HTTP server of HDDSDATANODE is listening at http://0.0.0.0:40740
2019-10-02 23:13:17,333 [Thread-1307] INFO  ozone.MiniOzoneClusterImpl (MiniOzoneClusterImpl.java:lambda$waitForClusterToBeReady$0(147)) - Waiting for cluster to be ready. Got 0 of 3 DN Heartbeats.
2019-10-02 23:13:17,334 [org.apache.hadoop.util.JvmPauseMonitor$Monitor@56c6b89d] INFO  util.JvmPauseMonitor (JvmPauseMonitor.java:run(188)) - Starting JVM pause monitor
2019-10-02 23:13:17,336 [Datanode State Machine Thread - 0] INFO  datanode.InitDatanodeState (InitDatanodeState.java:persistContainerDatanodeDetails(140)) - DatanodeDetails is persisted to /workdir/hadoop-ozone/ozonefs/target/test-dir/MiniOzoneClusterImpl-3fb00ef8-a0a3-4fb6-a20c-a26d05563970/datanode-2/meta/datanode.id
2019-10-02 23:13:18,333 [Thread-1307] INFO  ozone.MiniOzoneClusterImpl (MiniOzoneClusterImpl.java:lambda$waitForClusterToBeReady$0(147)) - Waiting for cluster to be ready. Got 0 of 3 DN Heartbeats.
2019-10-02 23:13:19,202 [Datanode State Machine Thread - 0] INFO  ozoneimpl.OzoneContainer (OzoneContainer.java:start(217)) - Attempting to start container services.
2019-10-02 23:13:19,203 [Datanode State Machine Thread - 0] INFO  ozoneimpl.OzoneContainer (OzoneContainer.java:startContainerScrub(179)) - Background container scanner has been disabled.
2019-10-02 23:13:19,203 [Datanode State Machine Thread - 0] INFO  ratis.XceiverServerRatis (XceiverServerRatis.java:start(417)) - Starting XceiverServerRatis c35d8cd1-3635-4921-9686-149083e4c1af at port 0
2019-10-02 23:13:19,207 [Datanode State Machine Thread - 0] INFO  impl.RaftServerProxy (RaftServerProxy.java:lambda$start$3(299)) - c35d8cd1-3635-4921-9686-149083e4c1af: start RPC server
2019-10-02 23:13:19,209 [Datanode State Machine Thread - 0] INFO  server.GrpcService (GrpcService.java:startImpl(158)) - c35d8cd1-3635-4921-9686-149083e4c1af: GrpcService started, listening on 0.0.0.0/0.0.0.0:37198
2019-10-02 23:13:19,210 [Datanode State Machine Thread - 0] INFO  ratis.XceiverServerRatis (XceiverServerRatis.java:start(427)) - XceiverServerRatis c35d8cd1-3635-4921-9686-149083e4c1af is started using port 37198
2019-10-02 23:13:19,210 [Datanode State Machine Thread - 0] INFO  server.XceiverServerGrpc (XceiverServerGrpc.java:start(149)) - XceiverServerGrpc c35d8cd1-3635-4921-9686-149083e4c1af is started using port 45020
2019-10-02 23:13:19,285 [Datanode State Machine Thread - 0] INFO  ozoneimpl.OzoneContainer (OzoneContainer.java:start(217)) - Attempting to start container services.
2019-10-02 23:13:19,285 [Datanode State Machine Thread - 0] INFO  ozoneimpl.OzoneContainer (OzoneContainer.java:startContainerScrub(179)) - Background container scanner has been disabled.
2019-10-02 23:13:19,285 [Datanode State Machine Thread - 0] INFO  ratis.XceiverServerRatis (XceiverServerRatis.java:start(417)) - Starting XceiverServerRatis 1eef2e5e-6457-47fa-9745-df7de0df6ab5 at port 0
2019-10-02 23:13:19,290 [Datanode State Machine Thread - 0] INFO  impl.RaftServerProxy (RaftServerProxy.java:lambda$start$3(299)) - 1eef2e5e-6457-47fa-9745-df7de0df6ab5: start RPC server
2019-10-02 23:13:19,292 [Datanode State Machine Thread - 0] INFO  server.GrpcService (GrpcService.java:startImpl(158)) - 1eef2e5e-6457-47fa-9745-df7de0df6ab5: GrpcService started, listening on 0.0.0.0/0.0.0.0:43964
2019-10-02 23:13:19,292 [Datanode State Machine Thread - 0] INFO  ratis.XceiverServerRatis (XceiverServerRatis.java:start(427)) - XceiverServerRatis 1eef2e5e-6457-47fa-9745-df7de0df6ab5 is started using port 43964
2019-10-02 23:13:19,297 [Datanode State Machine Thread - 0] INFO  server.XceiverServerGrpc (XceiverServerGrpc.java:start(149)) - XceiverServerGrpc 1eef2e5e-6457-47fa-9745-df7de0df6ab5 is started using port 34328
2019-10-02 23:13:19,334 [Thread-1307] INFO  ozone.MiniOzoneClusterImpl (MiniOzoneClusterImpl.java:lambda$waitForClusterToBeReady$0(147)) - Waiting for cluster to be ready. Got 0 of 3 DN Heartbeats.
2019-10-02 23:13:19,354 [Datanode State Machine Thread - 0] INFO  ozoneimpl.OzoneContainer (OzoneContainer.java:start(217)) - Attempting to start container services.
2019-10-02 23:13:19,355 [Datanode State Machine Thread - 0] INFO  ozoneimpl.OzoneContainer (OzoneContainer.java:startContainerScrub(179)) - Background container scanner has been disabled.
2019-10-02 23:13:19,355 [Datanode State Machine Thread - 0] INFO  ratis.XceiverServerRatis (XceiverServerRatis.java:start(417)) - Starting XceiverServerRatis 34f87d13-3e7e-44e9-ab8f-6fdf7b1d4938 at port 0
2019-10-02 23:13:19,359 [Datanode State Machine Thread - 0] INFO  impl.RaftServerProxy (RaftServerProxy.java:lambda$start$3(299)) - 34f87d13-3e7e-44e9-ab8f-6fdf7b1d4938: start RPC server
2019-10-02 23:13:19,361 [Datanode State Machine Thread - 0] INFO  server.GrpcService (GrpcService.java:startImpl(158)) - 34f87d13-3e7e-44e9-ab8f-6fdf7b1d4938: GrpcService started, listening on 0.0.0.0/0.0.0.0:38716
2019-10-02 23:13:19,362 [Datanode State Machine Thread - 0] INFO  ratis.XceiverServerRatis (XceiverServerRatis.java:start(427)) - XceiverServerRatis 34f87d13-3e7e-44e9-ab8f-6fdf7b1d4938 is started using port 38716
2019-10-02 23:13:19,362 [Datanode State Machine Thread - 0] INFO  server.XceiverServerGrpc (XceiverServerGrpc.java:start(149)) - XceiverServerGrpc 34f87d13-3e7e-44e9-ab8f-6fdf7b1d4938 is started using port 46612
2019-10-02 23:13:20,334 [Thread-1307] INFO  ozone.MiniOzoneClusterImpl (MiniOzoneClusterImpl.java:lambda$waitForClusterToBeReady$0(147)) - Waiting for cluster to be ready. Got 0 of 3 DN Heartbeats.
2019-10-02 23:13:21,166 [IPC Server handler 2 on 43141] INFO  net.NetworkTopology (NetworkTopologyImpl.java:add(111)) - Added a new node: /default-rack/c35d8cd1-3635-4921-9686-149083e4c1af
2019-10-02 23:13:21,168 [IPC Server handler 2 on 43141] INFO  node.SCMNodeManager (SCMNodeManager.java:register(266)) - Registered Data node : c35d8cd1-3635-4921-9686-149083e4c1af{ip: 192.168.30.30, host: pr-hdds1737-lts7z-2510321508, networkLocation: /default-rack, certSerialId: null}
2019-10-02 23:13:21,169 [EventQueue-NodeRegistrationContainerReportForDataNodeSafeModeRule] INFO  safemode.SCMSafeModeManager (DataNodeSafeModeRule.java:process(71)) - SCM in safe mode. 1 DataNodes registered, 1 required.
2019-10-02 23:13:21,171 [EventQueue-NodeRegistrationContainerReportForDataNodeSafeModeRule] INFO  safemode.SCMSafeModeManager (SCMSafeModeManager.java:validateSafeModeExitRules(177)) - ScmSafeModeManager, all rules are successfully validated
2019-10-02 23:13:21,171 [EventQueue-NodeRegistrationContainerReportForDataNodeSafeModeRule] INFO  safemode.SCMSafeModeManager (SCMSafeModeManager.java:exitSafeMode(193)) - SCM exiting safe mode.
2019-10-02 23:13:21,187 [grpc-default-executor-0] INFO  impl.RaftServerProxy (RaftServerProxy.java:addNew(89)) - c35d8cd1-3635-4921-9686-149083e4c1af: addNew group-CB24F68ACB6B:[c35d8cd1-3635-4921-9686-149083e4c1af:192.168.30.30:37198] returns group-CB24F68ACB6B:java.util.concurrent.CompletableFuture@7b2b39d7[Not completed]
2019-10-02 23:13:21,189 [pool-327-thread-1] INFO  impl.RaftServerImpl (RaftServerImpl.java:<init>(95)) - c35d8cd1-3635-4921-9686-149083e4c1af: new RaftServerImpl for group-CB24F68ACB6B:[c35d8cd1-3635-4921-9686-149083e4c1af:192.168.30.30:37198] with ContainerStateMachine:uninitialized
2019-10-02 23:13:21,189 [pool-327-thread-1] INFO  server.RaftServerConfigKeys (ConfUtils.java:logGet(43)) - raft.server.rpc.timeout.min = 5s (custom)
2019-10-02 23:13:21,189 [pool-327-thread-1] INFO  server.RaftServerConfigKeys (ConfUtils.java:logGet(43)) - raft.server.rpc.timeout.max = 5200ms (custom)
2019-10-02 23:13:21,190 [pool-327-thread-1] INFO  server.RaftServerConfigKeys (ConfUtils.java:logGet(43)) - raft.server.rpcslowness.timeout = 120s (custom)
2019-10-02 23:13:21,190 [pool-327-thread-1] INFO  server.RaftServerConfigKeys (ConfUtils.java:logGet(43)) - raft.server.sleep.deviation.threshold = 300 (default)
2019-10-02 23:13:21,190 [pool-327-thread-1] INFO  server.RaftServerConfigKeys (ConfUtils.java:logGet(43)) - raft.server.log.appender.install.snapshot.enabled = false (custom)
2019-10-02 23:13:21,190 [pool-327-thread-1] INFO  impl.RaftServerImpl (ServerState.java:<init>(103)) - c35d8cd1-3635-4921-9686-149083e4c1af@group-CB24F68ACB6B: ConfigurationManager, init=-1: [c35d8cd1-3635-4921-9686-149083e4c1af:192.168.30.30:37198], old=null, confs=<EMPTY_MAP>
2019-10-02 23:13:21,190 [pool-327-thread-1] INFO  server.RaftServerConfigKeys (ConfUtils.java:logGet(43)) - raft.server.storage.dir = [/workdir/hadoop-ozone/ozonefs/target/test-dir/MiniOzoneClusterImpl-3fb00ef8-a0a3-4fb6-a20c-a26d05563970/datanode-0/data/ratis] (custom)
2019-10-02 23:13:21,191 [pool-327-thread-1] INFO  server.RaftServerConfigKeys (ConfUtils.java:logGet(43)) - raft.server.log.corruption.policy = EXCEPTION (default)
2019-10-02 23:13:21,191 [pool-327-thread-1] INFO  storage.RaftStorageDirectory (RaftStorageDirectory.java:analyzeStorage(246)) - The storage directory /workdir/hadoop-ozone/ozonefs/target/test-dir/MiniOzoneClusterImpl-3fb00ef8-a0a3-4fb6-a20c-a26d05563970/datanode-0/data/ratis/6cc69996-f642-424e-90de-cb24f68acb6b does not exist. Creating ...
2019-10-02 23:13:21,214 [pool-327-thread-1] INFO  storage.RaftStorageDirectory (RaftStorageDirectory.java:tryLock(328)) - Lock on /workdir/hadoop-ozone/ozonefs/target/test-dir/MiniOzoneClusterImpl-3fb00ef8-a0a3-4fb6-a20c-a26d05563970/datanode-0/data/ratis/6cc69996-f642-424e-90de-cb24f68acb6b/in_use.lock acquired by nodename 24005@pr-hdds1737-lts7z-2510321508
2019-10-02 23:13:21,227 [pool-327-thread-1] INFO  storage.RaftStorage (RaftStorage.java:format(84)) - Storage directory /workdir/hadoop-ozone/ozonefs/target/test-dir/MiniOzoneClusterImpl-3fb00ef8-a0a3-4fb6-a20c-a26d05563970/datanode-0/data/ratis/6cc69996-f642-424e-90de-cb24f68acb6b has been successfully formatted.
2019-10-02 23:13:21,228 [pool-327-thread-1] INFO  ratis.ContainerStateMachine (ContainerStateMachine.java:loadSnapshot(230)) - group-CB24F68ACB6B: The snapshot info is null. Setting the last applied indexto:(t:0, i:~)
2019-10-02 23:13:21,228 [pool-327-thread-1] INFO  server.RaftServerConfigKeys (ConfUtils.java:logGet(43)) - raft.server.notification.no-leader.timeout = 120s (custom)
2019-10-02 23:13:21,228 [pool-327-thread-1] INFO  server.RaftServerConfigKeys (ConfUtils.java:logGet(43)) - raft.server.log.use.memory = false (default)
2019-10-02 23:13:21,228 [pool-327-thread-1] INFO  server.RaftServerConfigKeys (ConfUtils.java:logGet(43)) - raft.server.log.purge.gap = 1000000 (custom)
2019-10-02 23:13:21,228 [pool-327-thread-1] INFO  server.RaftServerConfigKeys (ConfUtils.java:logGet(43)) - raft.server.log.appender.buffer.byte-limit = 33554432 (custom)
2019-10-02 23:13:21,228 [pool-327-thread-1] INFO  server.RaftServerConfigKeys (ConfUtils.java:logGet(43)) - raft.server.log.segment.size.max = 1048576 (custom)
2019-10-02 23:13:21,230 [pool-327-thread-1] INFO  server.RaftServerConfigKeys (ConfUtils.java:logGet(43)) - raft.server.log.segment.cache.num.max = 2 (custom)
2019-10-02 23:13:21,230 [pool-327-thread-1] INFO  segmented.SegmentedRaftLogWorker (SegmentedRaftLogWorker.java:<init>(173)) - new c35d8cd1-3635-4921-9686-149083e4c1af@group-CB24F68ACB6B-SegmentedRaftLogWorker for RaftStorage:Storage Directory /workdir/hadoop-ozone/ozonefs/target/test-dir/MiniOzoneClusterImpl-3fb00ef8-a0a3-4fb6-a20c-a26d05563970/datanode-0/data/ratis/6cc69996-f642-424e-90de-cb24f68acb6b
2019-10-02 23:13:21,230 [pool-327-thread-1] INFO  server.RaftServerConfigKeys (ConfUtils.java:logGet(43)) - raft.server.log.queue.byte-limit = 2147483647 (custom)
2019-10-02 23:13:21,230 [pool-327-thread-1] INFO  server.RaftServerConfigKeys (ConfUtils.java:logGet(43)) - raft.server.log.queue.element-limit = 1024 (custom)
2019-10-02 23:13:21,230 [pool-327-thread-1] INFO  server.RaftServerConfigKeys (ConfUtils.java:logGet(43)) - raft.server.log.segment.size.max = 1048576 (custom)
2019-10-02 23:13:21,230 [pool-327-thread-1] INFO  server.RaftServerConfigKeys (ConfUtils.java:logGet(43)) - raft.server.log.preallocated.size = 16384 (custom)
2019-10-02 23:13:21,230 [pool-327-thread-1] INFO  server.RaftServerConfigKeys (ConfUtils.java:logGet(43)) - raft.server.log.write.buffer.size = 33554432 (custom)
2019-10-02 23:13:21,230 [pool-327-thread-1] INFO  server.RaftServerConfigKeys (ConfUtils.java:logGet(43)) - raft.server.log.force.sync.num = 128 (default)
2019-10-02 23:13:21,231 [pool-327-thread-1] INFO  server.RaftServerConfigKeys (ConfUtils.java:logGet(43)) - raft.server.log.statemachine.data.sync = true (default)
2019-10-02 23:13:21,231 [pool-327-thread-1] INFO  server.RaftServerConfigKeys (ConfUtils.java:logGet(43)) - raft.server.log.statemachine.data.sync.timeout = 10s (default)
2019-10-02 23:13:21,231 [pool-327-thread-1] INFO  server.RaftServerConfigKeys (ConfUtils.java:logGet(43)) - raft.server.log.statemachine.data.sync.timeout.retry = -1 (default)
2019-10-02 23:13:21,231 [pool-327-thread-1] INFO  server.RaftServerConfigKeys (ConfUtils.java:logGet(43)) - raft.server.log.statemachine.data.caching.enabled = true (custom)
2019-10-02 23:13:21,231 [pool-327-thread-1] INFO  segmented.SegmentedRaftLogWorker (SegmentedRaftLogWorker.java:lambda$new$0(128)) - c35d8cd1-3635-4921-9686-149083e4c1af@group-CB24F68ACB6B-SegmentedRaftLogWorker: flushIndex: setUnconditionally 0 -> -1
2019-10-02 23:13:21,231 [pool-327-thread-1] INFO  server.RaftServerConfigKeys (ConfUtils.java:logGet(43)) - raft.server.snapshot.auto.trigger.enabled = true (custom)
2019-10-02 23:13:21,232 [pool-327-thread-1] INFO  server.RaftServerConfigKeys (ConfUtils.java:logGet(43)) - raft.server.snapshot.auto.trigger.threshold = 10000 (custom)
2019-10-02 23:13:21,232 [pool-327-thread-1] INFO  server.RaftServerConfigKeys (ConfUtils.java:logGet(43)) - raft.server.snapshot.retention.file.num = 5 (custom)
2019-10-02 23:13:21,232 [pool-327-thread-1] INFO  server.RaftServerConfigKeys (ConfUtils.java:logGet(43)) - raft.server.retrycache.expirytime = 600000ms (custom)
2019-10-02 23:13:21,233 [pool-327-thread-1] INFO  impl.RaftServerImpl (RaftServerImpl.java:start(181)) - c35d8cd1-3635-4921-9686-149083e4c1af@group-CB24F68ACB6B: start as a follower, conf=-1: [c35d8cd1-3635-4921-9686-149083e4c1af:192.168.30.30:37198], old=null
2019-10-02 23:13:21,233 [pool-327-thread-1] INFO  impl.RaftServerImpl (RaftServerImpl.java:setRole(170)) - c35d8cd1-3635-4921-9686-149083e4c1af@group-CB24F68ACB6B: changes role from      null to FOLLOWER at term 0 for startAsFollower
2019-10-02 23:13:21,233 [pool-327-thread-1] INFO  impl.RoleInfo (RoleInfo.java:updateAndGet(143)) - c35d8cd1-3635-4921-9686-149083e4c1af: start FollowerState
2019-10-02 23:13:21,234 [pool-327-thread-1] INFO  util.JmxRegister (JmxRegister.java:tryRegister(44)) - Successfully registered JMX Bean with object name Ratis:service=RaftServer,group=group-CB24F68ACB6B,id=c35d8cd1-3635-4921-9686-149083e4c1af
2019-10-02 23:13:21,240 [RatisPipelineUtilsThread] INFO  pipeline.PipelineStateManager (PipelineStateManager.java:addPipeline(56)) - Created pipeline Pipeline[ Id: 6cc69996-f642-424e-90de-cb24f68acb6b, Nodes: c35d8cd1-3635-4921-9686-149083e4c1af{ip: 192.168.30.30, host: pr-hdds1737-lts7z-2510321508, networkLocation: /default-rack, certSerialId: null}, Type:RATIS, Factor:ONE, State:OPEN]
2019-10-02 23:13:21,263 [IPC Server handler 1 on 43141] INFO  net.NetworkTopology (NetworkTopologyImpl.java:add(111)) - Added a new node: /default-rack/1eef2e5e-6457-47fa-9745-df7de0df6ab5
2019-10-02 23:13:21,263 [IPC Server handler 1 on 43141] INFO  node.SCMNodeManager (SCMNodeManager.java:register(266)) - Registered Data node : 1eef2e5e-6457-47fa-9745-df7de0df6ab5{ip: 192.168.30.30, host: pr-hdds1737-lts7z-2510321508, networkLocation: /default-rack, certSerialId: null}
2019-10-02 23:13:21,278 [grpc-default-executor-0] INFO  impl.RaftServerProxy (RaftServerProxy.java:addNew(89)) - 1eef2e5e-6457-47fa-9745-df7de0df6ab5: addNew group-DCC870F78A54:[1eef2e5e-6457-47fa-9745-df7de0df6ab5:192.168.30.30:43964] returns group-DCC870F78A54:java.util.concurrent.CompletableFuture@3943b5e6[Not completed]
2019-10-02 23:13:21,280 [pool-337-thread-1] INFO  impl.RaftServerImpl (RaftServerImpl.java:<init>(95)) - 1eef2e5e-6457-47fa-9745-df7de0df6ab5: new RaftServerImpl for group-DCC870F78A54:[1eef2e5e-6457-47fa-9745-df7de0df6ab5:192.168.30.30:43964] with ContainerStateMachine:uninitialized
2019-10-02 23:13:21,280 [pool-337-thread-1] INFO  server.RaftServerConfigKeys (ConfUtils.java:logGet(43)) - raft.server.rpc.timeout.min = 5s (custom)
2019-10-02 23:13:21,280 [pool-337-thread-1] INFO  server.RaftServerConfigKeys (ConfUtils.java:logGet(43)) - raft.server.rpc.timeout.max = 5200ms (custom)
2019-10-02 23:13:21,280 [pool-337-thread-1] INFO  server.RaftServerConfigKeys (ConfUtils.java:logGet(43)) - raft.server.rpcslowness.timeout = 120s (custom)
2019-10-02 23:13:21,280 [pool-337-thread-1] INFO  server.RaftServerConfigKeys (ConfUtils.java:logGet(43)) - raft.server.sleep.deviation.threshold = 300 (default)
2019-10-02 23:13:21,280 [pool-337-thread-1] INFO  server.RaftServerConfigKeys (ConfUtils.java:logGet(43)) - raft.server.log.appender.install.snapshot.enabled = false (custom)
2019-10-02 23:13:21,281 [pool-337-thread-1] INFO  impl.RaftServerImpl (ServerState.java:<init>(103)) - 1eef2e5e-6457-47fa-9745-df7de0df6ab5@group-DCC870F78A54: ConfigurationManager, init=-1: [1eef2e5e-6457-47fa-9745-df7de0df6ab5:192.168.30.30:43964], old=null, confs=<EMPTY_MAP>
2019-10-02 23:13:21,281 [pool-337-thread-1] INFO  server.RaftServerConfigKeys (ConfUtils.java:logGet(43)) - raft.server.storage.dir = [/workdir/hadoop-ozone/ozonefs/target/test-dir/MiniOzoneClusterImpl-3fb00ef8-a0a3-4fb6-a20c-a26d05563970/datanode-1/data/ratis] (custom)
2019-10-02 23:13:21,281 [pool-337-thread-1] INFO  server.RaftServerConfigKeys (ConfUtils.java:logGet(43)) - raft.server.log.corruption.policy = EXCEPTION (default)
2019-10-02 23:13:21,282 [pool-337-thread-1] INFO  storage.RaftStorageDirectory (RaftStorageDirectory.java:analyzeStorage(246)) - The storage directory /workdir/hadoop-ozone/ozonefs/target/test-dir/MiniOzoneClusterImpl-3fb00ef8-a0a3-4fb6-a20c-a26d05563970/datanode-1/data/ratis/a608ea81-fd50-4b40-8980-dcc870f78a54 does not exist. Creating ...
2019-10-02 23:13:21,294 [pool-337-thread-1] INFO  storage.RaftStorageDirectory (RaftStorageDirectory.java:tryLock(328)) - Lock on /workdir/hadoop-ozone/ozonefs/target/test-dir/MiniOzoneClusterImpl-3fb00ef8-a0a3-4fb6-a20c-a26d05563970/datanode-1/data/ratis/a608ea81-fd50-4b40-8980-dcc870f78a54/in_use.lock acquired by nodename 24005@pr-hdds1737-lts7z-2510321508
2019-10-02 23:13:21,318 [pool-337-thread-1] INFO  storage.RaftStorage (RaftStorage.java:format(84)) - Storage directory /workdir/hadoop-ozone/ozonefs/target/test-dir/MiniOzoneClusterImpl-3fb00ef8-a0a3-4fb6-a20c-a26d05563970/datanode-1/data/ratis/a608ea81-fd50-4b40-8980-dcc870f78a54 has been successfully formatted.
2019-10-02 23:13:21,318 [pool-337-thread-1] INFO  ratis.ContainerStateMachine (ContainerStateMachine.java:loadSnapshot(230)) - group-DCC870F78A54: The snapshot info is null. Setting the last applied indexto:(t:0, i:~)
2019-10-02 23:13:21,318 [pool-337-thread-1] INFO  server.RaftServerConfigKeys (ConfUtils.java:logGet(43)) - raft.server.notification.no-leader.timeout = 120s (custom)
2019-10-02 23:13:21,318 [pool-337-thread-1] INFO  server.RaftServerConfigKeys (ConfUtils.java:logGet(43)) - raft.server.log.use.memory = false (default)
2019-10-02 23:13:21,318 [pool-337-thread-1] INFO  server.RaftServerConfigKeys (ConfUtils.java:logGet(43)) - raft.server.log.purge.gap = 1000000 (custom)
2019-10-02 23:13:21,318 [pool-337-thread-1] INFO  server.RaftServerConfigKeys (ConfUtils.java:logGet(43)) - raft.server.log.appender.buffer.byte-limit = 33554432 (custom)
2019-10-02 23:13:21,318 [pool-337-thread-1] INFO  server.RaftServerConfigKeys (ConfUtils.java:logGet(43)) - raft.server.log.segment.size.max = 1048576 (custom)
2019-10-02 23:13:21,320 [pool-337-thread-1] INFO  server.RaftServerConfigKeys (ConfUtils.java:logGet(43)) - raft.server.log.segment.cache.num.max = 2 (custom)
2019-10-02 23:13:21,320 [pool-337-thread-1] INFO  segmented.SegmentedRaftLogWorker (SegmentedRaftLogWorker.java:<init>(173)) - new 1eef2e5e-6457-47fa-9745-df7de0df6ab5@group-DCC870F78A54-SegmentedRaftLogWorker for RaftStorage:Storage Directory /workdir/hadoop-ozone/ozonefs/target/test-dir/MiniOzoneClusterImpl-3fb00ef8-a0a3-4fb6-a20c-a26d05563970/datanode-1/data/ratis/a608ea81-fd50-4b40-8980-dcc870f78a54
2019-10-02 23:13:21,320 [pool-337-thread-1] INFO  server.RaftServerConfigKeys (ConfUtils.java:logGet(43)) - raft.server.log.queue.byte-limit = 2147483647 (custom)
2019-10-02 23:13:21,320 [pool-337-thread-1] INFO  server.RaftServerConfigKeys (ConfUtils.java:logGet(43)) - raft.server.log.queue.element-limit = 1024 (custom)
2019-10-02 23:13:21,320 [pool-337-thread-1] INFO  server.RaftServerConfigKeys (ConfUtils.java:logGet(43)) - raft.server.log.segment.size.max = 1048576 (custom)
2019-10-02 23:13:21,320 [pool-337-thread-1] INFO  server.RaftServerConfigKeys (ConfUtils.java:logGet(43)) - raft.server.log.preallocated.size = 16384 (custom)
2019-10-02 23:13:21,320 [pool-337-thread-1] INFO  server.RaftServerConfigKeys (ConfUtils.java:logGet(43)) - raft.server.log.write.buffer.size = 33554432 (custom)
2019-10-02 23:13:21,320 [pool-337-thread-1] INFO  server.RaftServerConfigKeys (ConfUtils.java:logGet(43)) - raft.server.log.force.sync.num = 128 (default)
2019-10-02 23:13:21,320 [pool-337-thread-1] INFO  server.RaftServerConfigKeys (ConfUtils.java:logGet(43)) - raft.server.log.statemachine.data.sync = true (default)
2019-10-02 23:13:21,320 [pool-337-thread-1] INFO  server.RaftServerConfigKeys (ConfUtils.java:logGet(43)) - raft.server.log.statemachine.data.sync.timeout = 10s (default)
2019-10-02 23:13:21,320 [pool-337-thread-1] INFO  server.RaftServerConfigKeys (ConfUtils.java:logGet(43)) - raft.server.log.statemachine.data.sync.timeout.retry = -1 (default)
2019-10-02 23:13:21,321 [pool-337-thread-1] INFO  server.RaftServerConfigKeys (ConfUtils.java:logGet(43)) - raft.server.log.statemachine.data.caching.enabled = true (custom)
2019-10-02 23:13:21,321 [pool-337-thread-1] INFO  segmented.SegmentedRaftLogWorker (SegmentedRaftLogWorker.java:lambda$new$0(128)) - 1eef2e5e-6457-47fa-9745-df7de0df6ab5@group-DCC870F78A54-SegmentedRaftLogWorker: flushIndex: setUnconditionally 0 -> -1
2019-10-02 23:13:21,322 [pool-337-thread-1] INFO  server.RaftServerConfigKeys (ConfUtils.java:logGet(43)) - raft.server.snapshot.auto.trigger.enabled = true (custom)
2019-10-02 23:13:21,322 [pool-337-thread-1] INFO  server.RaftServerConfigKeys (ConfUtils.java:logGet(43)) - raft.server.snapshot.auto.trigger.threshold = 10000 (custom)
2019-10-02 23:13:21,322 [pool-337-thread-1] INFO  server.RaftServerConfigKeys (ConfUtils.java:logGet(43)) - raft.server.snapshot.retention.file.num = 5 (custom)
2019-10-02 23:13:21,322 [pool-337-thread-1] INFO  server.RaftServerConfigKeys (ConfUtils.java:logGet(43)) - raft.server.retrycache.expirytime = 600000ms (custom)
2019-10-02 23:13:21,323 [pool-337-thread-1] INFO  impl.RaftServerImpl (RaftServerImpl.java:start(181)) - 1eef2e5e-6457-47fa-9745-df7de0df6ab5@group-DCC870F78A54: start as a follower, conf=-1: [1eef2e5e-6457-47fa-9745-df7de0df6ab5:192.168.30.30:43964], old=null
2019-10-02 23:13:21,323 [pool-337-thread-1] INFO  impl.RaftServerImpl (RaftServerImpl.java:setRole(170)) - 1eef2e5e-6457-47fa-9745-df7de0df6ab5@group-DCC870F78A54: changes role from      null to FOLLOWER at term 0 for startAsFollower
2019-10-02 23:13:21,323 [pool-337-thread-1] INFO  impl.RoleInfo (RoleInfo.java:updateAndGet(143)) - 1eef2e5e-6457-47fa-9745-df7de0df6ab5: start FollowerState
2019-10-02 23:13:21,324 [pool-337-thread-1] INFO  util.JmxRegister (JmxRegister.java:tryRegister(44)) - Successfully registered JMX Bean with object name Ratis:service=RaftServer,group=group-DCC870F78A54,id=1eef2e5e-6457-47fa-9745-df7de0df6ab5
2019-10-02 23:13:21,329 [RatisPipelineUtilsThread] INFO  pipeline.PipelineStateManager (PipelineStateManager.java:addPipeline(56)) - Created pipeline Pipeline[ Id: a608ea81-fd50-4b40-8980-dcc870f78a54, Nodes: 1eef2e5e-6457-47fa-9745-df7de0df6ab5{ip: 192.168.30.30, host: pr-hdds1737-lts7z-2510321508, networkLocation: /default-rack, certSerialId: null}, Type:RATIS, Factor:ONE, State:OPEN]
2019-10-02 23:13:21,334 [Thread-1307] INFO  ozone.MiniOzoneClusterImpl (MiniOzoneClusterImpl.java:lambda$waitForClusterToBeReady$0(147)) - Waiting for cluster to be ready. Got 2 of 3 DN Heartbeats.
2019-10-02 23:13:21,338 [IPC Server handler 2 on 43141] INFO  net.NetworkTopology (NetworkTopologyImpl.java:add(111)) - Added a new node: /default-rack/34f87d13-3e7e-44e9-ab8f-6fdf7b1d4938
2019-10-02 23:13:21,339 [IPC Server handler 2 on 43141] INFO  node.SCMNodeManager (SCMNodeManager.java:register(266)) - Registered Data node : 34f87d13-3e7e-44e9-ab8f-6fdf7b1d4938{ip: 192.168.30.30, host: pr-hdds1737-lts7z-2510321508, networkLocation: /default-rack, certSerialId: null}
2019-10-02 23:13:21,348 [grpc-default-executor-0] INFO  impl.RaftServerProxy (RaftServerProxy.java:addNew(89)) - 34f87d13-3e7e-44e9-ab8f-6fdf7b1d4938: addNew group-6A7A8B4A0920:[34f87d13-3e7e-44e9-ab8f-6fdf7b1d4938:192.168.30.30:38716] returns group-6A7A8B4A0920:java.util.concurrent.CompletableFuture@60ff251[Not completed]
2019-10-02 23:13:21,349 [pool-347-thread-1] INFO  impl.RaftServerImpl (RaftServerImpl.java:<init>(95)) - 34f87d13-3e7e-44e9-ab8f-6fdf7b1d4938: new RaftServerImpl for group-6A7A8B4A0920:[34f87d13-3e7e-44e9-ab8f-6fdf7b1d4938:192.168.30.30:38716] with ContainerStateMachine:uninitialized
2019-10-02 23:13:21,349 [pool-347-thread-1] INFO  server.RaftServerConfigKeys (ConfUtils.java:logGet(43)) - raft.server.rpc.timeout.min = 5s (custom)
2019-10-02 23:13:21,349 [pool-347-thread-1] INFO  server.RaftServerConfigKeys (ConfUtils.java:logGet(43)) - raft.server.rpc.timeout.max = 5200ms (custom)
2019-10-02 23:13:21,349 [pool-347-thread-1] INFO  server.RaftServerConfigKeys (ConfUtils.java:logGet(43)) - raft.server.rpcslowness.timeout = 120s (custom)
2019-10-02 23:13:21,349 [pool-347-thread-1] INFO  server.RaftServerConfigKeys (ConfUtils.java:logGet(43)) - raft.server.sleep.deviation.threshold = 300 (default)
2019-10-02 23:13:21,349 [pool-347-thread-1] INFO  server.RaftServerConfigKeys (ConfUtils.java:logGet(43)) - raft.server.log.appender.install.snapshot.enabled = false (custom)
2019-10-02 23:13:21,349 [pool-347-thread-1] INFO  impl.RaftServerImpl (ServerState.java:<init>(103)) - 34f87d13-3e7e-44e9-ab8f-6fdf7b1d4938@group-6A7A8B4A0920: ConfigurationManager, init=-1: [34f87d13-3e7e-44e9-ab8f-6fdf7b1d4938:192.168.30.30:38716], old=null, confs=<EMPTY_MAP>
2019-10-02 23:13:21,349 [pool-347-thread-1] INFO  server.RaftServerConfigKeys (ConfUtils.java:logGet(43)) - raft.server.storage.dir = [/workdir/hadoop-ozone/ozonefs/target/test-dir/MiniOzoneClusterImpl-3fb00ef8-a0a3-4fb6-a20c-a26d05563970/datanode-2/data/ratis] (custom)
2019-10-02 23:13:21,350 [pool-347-thread-1] INFO  server.RaftServerConfigKeys (ConfUtils.java:logGet(43)) - raft.server.log.corruption.policy = EXCEPTION (default)
2019-10-02 23:13:21,350 [pool-347-thread-1] INFO  storage.RaftStorageDirectory (RaftStorageDirectory.java:analyzeStorage(246)) - The storage directory /workdir/hadoop-ozone/ozonefs/target/test-dir/MiniOzoneClusterImpl-3fb00ef8-a0a3-4fb6-a20c-a26d05563970/datanode-2/data/ratis/e20025d7-af3c-4d16-9265-6a7a8b4a0920 does not exist. Creating ...
2019-10-02 23:13:21,375 [pool-347-thread-1] INFO  storage.RaftStorageDirectory (RaftStorageDirectory.java:tryLock(328)) - Lock on /workdir/hadoop-ozone/ozonefs/target/test-dir/MiniOzoneClusterImpl-3fb00ef8-a0a3-4fb6-a20c-a26d05563970/datanode-2/data/ratis/e20025d7-af3c-4d16-9265-6a7a8b4a0920/in_use.lock acquired by nodename 24005@pr-hdds1737-lts7z-2510321508
2019-10-02 23:13:21,392 [pool-347-thread-1] INFO  storage.RaftStorage (RaftStorage.java:format(84)) - Storage directory /workdir/hadoop-ozone/ozonefs/target/test-dir/MiniOzoneClusterImpl-3fb00ef8-a0a3-4fb6-a20c-a26d05563970/datanode-2/data/ratis/e20025d7-af3c-4d16-9265-6a7a8b4a0920 has been successfully formatted.
2019-10-02 23:13:21,392 [pool-347-thread-1] INFO  ratis.ContainerStateMachine (ContainerStateMachine.java:loadSnapshot(230)) - group-6A7A8B4A0920: The snapshot info is null. Setting the last applied indexto:(t:0, i:~)
2019-10-02 23:13:21,392 [pool-347-thread-1] INFO  server.RaftServerConfigKeys (ConfUtils.java:logGet(43)) - raft.server.notification.no-leader.timeout = 120s (custom)
2019-10-02 23:13:21,392 [pool-347-thread-1] INFO  server.RaftServerConfigKeys (ConfUtils.java:logGet(43)) - raft.server.log.use.memory = false (default)
2019-10-02 23:13:21,393 [pool-347-thread-1] INFO  server.RaftServerConfigKeys (ConfUtils.java:logGet(43)) - raft.server.log.purge.gap = 1000000 (custom)
2019-10-02 23:13:21,393 [pool-347-thread-1] INFO  server.RaftServerConfigKeys (ConfUtils.java:logGet(43)) - raft.server.log.appender.buffer.byte-limit = 33554432 (custom)
2019-10-02 23:13:21,393 [pool-347-thread-1] INFO  server.RaftServerConfigKeys (ConfUtils.java:logGet(43)) - raft.server.log.segment.size.max = 1048576 (custom)
2019-10-02 23:13:21,394 [pool-347-thread-1] INFO  server.RaftServerConfigKeys (ConfUtils.java:logGet(43)) - raft.server.log.segment.cache.num.max = 2 (custom)
2019-10-02 23:13:21,394 [pool-347-thread-1] INFO  segmented.SegmentedRaftLogWorker (SegmentedRaftLogWorker.java:<init>(173)) - new 34f87d13-3e7e-44e9-ab8f-6fdf7b1d4938@group-6A7A8B4A0920-SegmentedRaftLogWorker for RaftStorage:Storage Directory /workdir/hadoop-ozone/ozonefs/target/test-dir/MiniOzoneClusterImpl-3fb00ef8-a0a3-4fb6-a20c-a26d05563970/datanode-2/data/ratis/e20025d7-af3c-4d16-9265-6a7a8b4a0920
2019-10-02 23:13:21,394 [pool-347-thread-1] INFO  server.RaftServerConfigKeys (ConfUtils.java:logGet(43)) - raft.server.log.queue.byte-limit = 2147483647 (custom)
2019-10-02 23:13:21,394 [pool-347-thread-1] INFO  server.RaftServerConfigKeys (ConfUtils.java:logGet(43)) - raft.server.log.queue.element-limit = 1024 (custom)
2019-10-02 23:13:21,394 [pool-347-thread-1] INFO  server.RaftServerConfigKeys (ConfUtils.java:logGet(43)) - raft.server.log.segment.size.max = 1048576 (custom)
2019-10-02 23:13:21,395 [pool-347-thread-1] INFO  server.RaftServerConfigKeys (ConfUtils.java:logGet(43)) - raft.server.log.preallocated.size = 16384 (custom)
2019-10-02 23:13:21,395 [pool-347-thread-1] INFO  server.RaftServerConfigKeys (ConfUtils.java:logGet(43)) - raft.server.log.write.buffer.size = 33554432 (custom)
2019-10-02 23:13:21,395 [pool-347-thread-1] INFO  server.RaftServerConfigKeys (ConfUtils.java:logGet(43)) - raft.server.log.force.sync.num = 128 (default)
2019-10-02 23:13:21,395 [pool-347-thread-1] INFO  server.RaftServerConfigKeys (ConfUtils.java:logGet(43)) - raft.server.log.statemachine.data.sync = true (default)
2019-10-02 23:13:21,395 [pool-347-thread-1] INFO  server.RaftServerConfigKeys (ConfUtils.java:logGet(43)) - raft.server.log.statemachine.data.sync.timeout = 10s (default)
2019-10-02 23:13:21,395 [pool-347-thread-1] INFO  server.RaftServerConfigKeys (ConfUtils.java:logGet(43)) - raft.server.log.statemachine.data.sync.timeout.retry = -1 (default)
2019-10-02 23:13:21,395 [pool-347-thread-1] INFO  server.RaftServerConfigKeys (ConfUtils.java:logGet(43)) - raft.server.log.statemachine.data.caching.enabled = true (custom)
2019-10-02 23:13:21,395 [pool-347-thread-1] INFO  segmented.SegmentedRaftLogWorker (SegmentedRaftLogWorker.java:lambda$new$0(128)) - 34f87d13-3e7e-44e9-ab8f-6fdf7b1d4938@group-6A7A8B4A0920-SegmentedRaftLogWorker: flushIndex: setUnconditionally 0 -> -1
2019-10-02 23:13:21,396 [pool-347-thread-1] INFO  server.RaftServerConfigKeys (ConfUtils.java:logGet(43)) - raft.server.snapshot.auto.trigger.enabled = true (custom)
2019-10-02 23:13:21,396 [pool-347-thread-1] INFO  server.RaftServerConfigKeys (ConfUtils.java:logGet(43)) - raft.server.snapshot.auto.trigger.threshold = 10000 (custom)
2019-10-02 23:13:21,396 [pool-347-thread-1] INFO  server.RaftServerConfigKeys (ConfUtils.java:logGet(43)) - raft.server.snapshot.retention.file.num = 5 (custom)
2019-10-02 23:13:21,396 [pool-347-thread-1] INFO  server.RaftServerConfigKeys (ConfUtils.java:logGet(43)) - raft.server.retrycache.expirytime = 600000ms (custom)
2019-10-02 23:13:21,397 [pool-347-thread-1] INFO  impl.RaftServerImpl (RaftServerImpl.java:start(181)) - 34f87d13-3e7e-44e9-ab8f-6fdf7b1d4938@group-6A7A8B4A0920: start as a follower, conf=-1: [34f87d13-3e7e-44e9-ab8f-6fdf7b1d4938:192.168.30.30:38716], old=null
2019-10-02 23:13:21,397 [pool-347-thread-1] INFO  impl.RaftServerImpl (RaftServerImpl.java:setRole(170)) - 34f87d13-3e7e-44e9-ab8f-6fdf7b1d4938@group-6A7A8B4A0920: changes role from      null to FOLLOWER at term 0 for startAsFollower
2019-10-02 23:13:21,397 [pool-347-thread-1] INFO  impl.RoleInfo (RoleInfo.java:updateAndGet(143)) - 34f87d13-3e7e-44e9-ab8f-6fdf7b1d4938: start FollowerState
2019-10-02 23:13:21,398 [pool-347-thread-1] INFO  util.JmxRegister (JmxRegister.java:tryRegister(44)) - Successfully registered JMX Bean with object name Ratis:service=RaftServer,group=group-6A7A8B4A0920,id=34f87d13-3e7e-44e9-ab8f-6fdf7b1d4938
2019-10-02 23:13:21,403 [RatisPipelineUtilsThread] INFO  pipeline.PipelineStateManager (PipelineStateManager.java:addPipeline(56)) - Created pipeline Pipeline[ Id: e20025d7-af3c-4d16-9265-6a7a8b4a0920, Nodes: 34f87d13-3e7e-44e9-ab8f-6fdf7b1d4938{ip: 192.168.30.30, host: pr-hdds1737-lts7z-2510321508, networkLocation: /default-rack, certSerialId: null}, Type:RATIS, Factor:ONE, State:OPEN]
2019-10-02 23:13:21,427 [grpc-default-executor-1] INFO  impl.RaftServerProxy (RaftServerProxy.java:addNew(89)) - c35d8cd1-3635-4921-9686-149083e4c1af: addNew group-BE13C00D2BDC:[1eef2e5e-6457-47fa-9745-df7de0df6ab5:192.168.30.30:43964, c35d8cd1-3635-4921-9686-149083e4c1af:192.168.30.30:37198, 34f87d13-3e7e-44e9-ab8f-6fdf7b1d4938:192.168.30.30:38716] returns group-BE13C00D2BDC:java.util.concurrent.CompletableFuture@65067965[Not completed]
2019-10-02 23:13:21,429 [grpc-default-executor-2] INFO  impl.RaftServerProxy (RaftServerProxy.java:addNew(89)) - 34f87d13-3e7e-44e9-ab8f-6fdf7b1d4938: addNew group-BE13C00D2BDC:[1eef2e5e-6457-47fa-9745-df7de0df6ab5:192.168.30.30:43964, c35d8cd1-3635-4921-9686-149083e4c1af:192.168.30.30:37198, 34f87d13-3e7e-44e9-ab8f-6fdf7b1d4938:192.168.30.30:38716] returns group-BE13C00D2BDC:java.util.concurrent.CompletableFuture@240d24b2[Not completed]
2019-10-02 23:13:21,432 [grpc-default-executor-2] INFO  impl.RaftServerProxy (RaftServerProxy.java:addNew(89)) - 1eef2e5e-6457-47fa-9745-df7de0df6ab5: addNew group-BE13C00D2BDC:[1eef2e5e-6457-47fa-9745-df7de0df6ab5:192.168.30.30:43964, c35d8cd1-3635-4921-9686-149083e4c1af:192.168.30.30:37198, 34f87d13-3e7e-44e9-ab8f-6fdf7b1d4938:192.168.30.30:38716] returns group-BE13C00D2BDC:java.util.concurrent.CompletableFuture@610fbe57[Not completed]
2019-10-02 23:13:21,432 [pool-347-thread-1] INFO  impl.RaftServerImpl (RaftServerImpl.java:<init>(95)) - 34f87d13-3e7e-44e9-ab8f-6fdf7b1d4938: new RaftServerImpl for group-BE13C00D2BDC:[1eef2e5e-6457-47fa-9745-df7de0df6ab5:192.168.30.30:43964, c35d8cd1-3635-4921-9686-149083e4c1af:192.168.30.30:37198, 34f87d13-3e7e-44e9-ab8f-6fdf7b1d4938:192.168.30.30:38716] with ContainerStateMachine:uninitialized
2019-10-02 23:13:21,432 [pool-347-thread-1] INFO  server.RaftServerConfigKeys (ConfUtils.java:logGet(43)) - raft.server.rpc.timeout.min = 5s (custom)
2019-10-02 23:13:21,432 [pool-347-thread-1] INFO  server.RaftServerConfigKeys (ConfUtils.java:logGet(43)) - raft.server.rpc.timeout.max = 5200ms (custom)
2019-10-02 23:13:21,432 [pool-347-thread-1] INFO  server.RaftServerConfigKeys (ConfUtils.java:logGet(43)) - raft.server.rpcslowness.timeout = 120s (custom)
2019-10-02 23:13:21,432 [pool-347-thread-1] INFO  server.RaftServerConfigKeys (ConfUtils.java:logGet(43)) - raft.server.sleep.deviation.threshold = 300 (default)
2019-10-02 23:13:21,432 [pool-347-thread-1] INFO  server.RaftServerConfigKeys (ConfUtils.java:logGet(43)) - raft.server.log.appender.install.snapshot.enabled = false (custom)
2019-10-02 23:13:21,433 [pool-347-thread-1] INFO  impl.RaftServerImpl (ServerState.java:<init>(103)) - 34f87d13-3e7e-44e9-ab8f-6fdf7b1d4938@group-BE13C00D2BDC: ConfigurationManager, init=-1: [1eef2e5e-6457-47fa-9745-df7de0df6ab5:192.168.30.30:43964, c35d8cd1-3635-4921-9686-149083e4c1af:192.168.30.30:37198, 34f87d13-3e7e-44e9-ab8f-6fdf7b1d4938:192.168.30.30:38716], old=null, confs=<EMPTY_MAP>
2019-10-02 23:13:21,433 [pool-347-thread-1] INFO  server.RaftServerConfigKeys (ConfUtils.java:logGet(43)) - raft.server.storage.dir = [/workdir/hadoop-ozone/ozonefs/target/test-dir/MiniOzoneClusterImpl-3fb00ef8-a0a3-4fb6-a20c-a26d05563970/datanode-2/data/ratis] (custom)
2019-10-02 23:13:21,433 [pool-347-thread-1] INFO  server.RaftServerConfigKeys (ConfUtils.java:logGet(43)) - raft.server.log.corruption.policy = EXCEPTION (default)
2019-10-02 23:13:21,433 [pool-327-thread-1] INFO  impl.RaftServerImpl (RaftServerImpl.java:<init>(95)) - c35d8cd1-3635-4921-9686-149083e4c1af: new RaftServerImpl for group-BE13C00D2BDC:[1eef2e5e-6457-47fa-9745-df7de0df6ab5:192.168.30.30:43964, c35d8cd1-3635-4921-9686-149083e4c1af:192.168.30.30:37198, 34f87d13-3e7e-44e9-ab8f-6fdf7b1d4938:192.168.30.30:38716] with ContainerStateMachine:uninitialized
2019-10-02 23:13:21,433 [pool-347-thread-1] INFO  storage.RaftStorageDirectory (RaftStorageDirectory.java:analyzeStorage(246)) - The storage directory /workdir/hadoop-ozone/ozonefs/target/test-dir/MiniOzoneClusterImpl-3fb00ef8-a0a3-4fb6-a20c-a26d05563970/datanode-2/data/ratis/d03dffd5-3a7f-4efe-8bb7-be13c00d2bdc does not exist. Creating ...
2019-10-02 23:13:21,433 [pool-327-thread-1] INFO  server.RaftServerConfigKeys (ConfUtils.java:logGet(43)) - raft.server.rpc.timeout.min = 5s (custom)
2019-10-02 23:13:21,434 [pool-337-thread-1] INFO  impl.RaftServerImpl (RaftServerImpl.java:<init>(95)) - 1eef2e5e-6457-47fa-9745-df7de0df6ab5: new RaftServerImpl for group-BE13C00D2BDC:[1eef2e5e-6457-47fa-9745-df7de0df6ab5:192.168.30.30:43964, c35d8cd1-3635-4921-9686-149083e4c1af:192.168.30.30:37198, 34f87d13-3e7e-44e9-ab8f-6fdf7b1d4938:192.168.30.30:38716] with ContainerStateMachine:uninitialized
2019-10-02 23:13:21,434 [pool-327-thread-1] INFO  server.RaftServerConfigKeys (ConfUtils.java:logGet(43)) - raft.server.rpc.timeout.max = 5200ms (custom)
2019-10-02 23:13:21,434 [pool-337-thread-1] INFO  server.RaftServerConfigKeys (ConfUtils.java:logGet(43)) - raft.server.rpc.timeout.min = 5s (custom)
2019-10-02 23:13:21,434 [pool-327-thread-1] INFO  server.RaftServerConfigKeys (ConfUtils.java:logGet(43)) - raft.server.rpcslowness.timeout = 120s (custom)
2019-10-02 23:13:21,434 [pool-337-thread-1] INFO  server.RaftServerConfigKeys (ConfUtils.java:logGet(43)) - raft.server.rpc.timeout.max = 5200ms (custom)
2019-10-02 23:13:21,434 [pool-327-thread-1] INFO  server.RaftServerConfigKeys (ConfUtils.java:logGet(43)) - raft.server.sleep.deviation.threshold = 300 (default)
2019-10-02 23:13:21,434 [pool-337-thread-1] INFO  server.RaftServerConfigKeys (ConfUtils.java:logGet(43)) - raft.server.rpcslowness.timeout = 120s (custom)
2019-10-02 23:13:21,434 [pool-327-thread-1] INFO  server.RaftServerConfigKeys (ConfUtils.java:logGet(43)) - raft.server.log.appender.install.snapshot.enabled = false (custom)
2019-10-02 23:13:21,435 [pool-337-thread-1] INFO  server.RaftServerConfigKeys (ConfUtils.java:logGet(43)) - raft.server.sleep.deviation.threshold = 300 (default)
2019-10-02 23:13:21,435 [pool-327-thread-1] INFO  impl.RaftServerImpl (ServerState.java:<init>(103)) - c35d8cd1-3635-4921-9686-149083e4c1af@group-BE13C00D2BDC: ConfigurationManager, init=-1: [1eef2e5e-6457-47fa-9745-df7de0df6ab5:192.168.30.30:43964, c35d8cd1-3635-4921-9686-149083e4c1af:192.168.30.30:37198, 34f87d13-3e7e-44e9-ab8f-6fdf7b1d4938:192.168.30.30:38716], old=null, confs=<EMPTY_MAP>
2019-10-02 23:13:21,435 [pool-337-thread-1] INFO  server.RaftServerConfigKeys (ConfUtils.java:logGet(43)) - raft.server.log.appender.install.snapshot.enabled = false (custom)
2019-10-02 23:13:21,435 [pool-327-thread-1] INFO  server.RaftServerConfigKeys (ConfUtils.java:logGet(43)) - raft.server.storage.dir = [/workdir/hadoop-ozone/ozonefs/target/test-dir/MiniOzoneClusterImpl-3fb00ef8-a0a3-4fb6-a20c-a26d05563970/datanode-0/data/ratis] (custom)
2019-10-02 23:13:21,435 [pool-337-thread-1] INFO  impl.RaftServerImpl (ServerState.java:<init>(103)) - 1eef2e5e-6457-47fa-9745-df7de0df6ab5@group-BE13C00D2BDC: ConfigurationManager, init=-1: [1eef2e5e-6457-47fa-9745-df7de0df6ab5:192.168.30.30:43964, c35d8cd1-3635-4921-9686-149083e4c1af:192.168.30.30:37198, 34f87d13-3e7e-44e9-ab8f-6fdf7b1d4938:192.168.30.30:38716], old=null, confs=<EMPTY_MAP>
2019-10-02 23:13:21,435 [pool-337-thread-1] INFO  server.RaftServerConfigKeys (ConfUtils.java:logGet(43)) - raft.server.storage.dir = [/workdir/hadoop-ozone/ozonefs/target/test-dir/MiniOzoneClusterImpl-3fb00ef8-a0a3-4fb6-a20c-a26d05563970/datanode-1/data/ratis] (custom)
2019-10-02 23:13:21,435 [pool-327-thread-1] INFO  server.RaftServerConfigKeys (ConfUtils.java:logGet(43)) - raft.server.log.corruption.policy = EXCEPTION (default)
2019-10-02 23:13:21,436 [pool-337-thread-1] INFO  server.RaftServerConfigKeys (ConfUtils.java:logGet(43)) - raft.server.log.corruption.policy = EXCEPTION (default)
2019-10-02 23:13:21,436 [pool-327-thread-1] INFO  storage.RaftStorageDirectory (RaftStorageDirectory.java:analyzeStorage(246)) - The storage directory /workdir/hadoop-ozone/ozonefs/target/test-dir/MiniOzoneClusterImpl-3fb00ef8-a0a3-4fb6-a20c-a26d05563970/datanode-0/data/ratis/d03dffd5-3a7f-4efe-8bb7-be13c00d2bdc does not exist. Creating ...
2019-10-02 23:13:21,436 [pool-337-thread-1] INFO  storage.RaftStorageDirectory (RaftStorageDirectory.java:analyzeStorage(246)) - The storage directory /workdir/hadoop-ozone/ozonefs/target/test-dir/MiniOzoneClusterImpl-3fb00ef8-a0a3-4fb6-a20c-a26d05563970/datanode-1/data/ratis/d03dffd5-3a7f-4efe-8bb7-be13c00d2bdc does not exist. Creating ...
2019-10-02 23:13:21,438 [pool-347-thread-1] INFO  storage.RaftStorageDirectory (RaftStorageDirectory.java:tryLock(328)) - Lock on /workdir/hadoop-ozone/ozonefs/target/test-dir/MiniOzoneClusterImpl-3fb00ef8-a0a3-4fb6-a20c-a26d05563970/datanode-2/data/ratis/d03dffd5-3a7f-4efe-8bb7-be13c00d2bdc/in_use.lock acquired by nodename 24005@pr-hdds1737-lts7z-2510321508
2019-10-02 23:13:21,476 [pool-337-thread-1] INFO  storage.RaftStorageDirectory (RaftStorageDirectory.java:tryLock(328)) - Lock on /workdir/hadoop-ozone/ozonefs/target/test-dir/MiniOzoneClusterImpl-3fb00ef8-a0a3-4fb6-a20c-a26d05563970/datanode-1/data/ratis/d03dffd5-3a7f-4efe-8bb7-be13c00d2bdc/in_use.lock acquired by nodename 24005@pr-hdds1737-lts7z-2510321508
2019-10-02 23:13:21,476 [pool-327-thread-1] INFO  storage.RaftStorageDirectory (RaftStorageDirectory.java:tryLock(328)) - Lock on /workdir/hadoop-ozone/ozonefs/target/test-dir/MiniOzoneClusterImpl-3fb00ef8-a0a3-4fb6-a20c-a26d05563970/datanode-0/data/ratis/d03dffd5-3a7f-4efe-8bb7-be13c00d2bdc/in_use.lock acquired by nodename 24005@pr-hdds1737-lts7z-2510321508
2019-10-02 23:13:21,479 [pool-347-thread-1] INFO  storage.RaftStorage (RaftStorage.java:format(84)) - Storage directory /workdir/hadoop-ozone/ozonefs/target/test-dir/MiniOzoneClusterImpl-3fb00ef8-a0a3-4fb6-a20c-a26d05563970/datanode-2/data/ratis/d03dffd5-3a7f-4efe-8bb7-be13c00d2bdc has been successfully formatted.
2019-10-02 23:13:21,480 [pool-347-thread-1] INFO  ratis.ContainerStateMachine (ContainerStateMachine.java:loadSnapshot(230)) - group-BE13C00D2BDC: The snapshot info is null. Setting the last applied indexto:(t:0, i:~)
2019-10-02 23:13:21,480 [pool-347-thread-1] INFO  server.RaftServerConfigKeys (ConfUtils.java:logGet(43)) - raft.server.notification.no-leader.timeout = 120s (custom)
2019-10-02 23:13:21,480 [pool-347-thread-1] INFO  server.RaftServerConfigKeys (ConfUtils.java:logGet(43)) - raft.server.log.use.memory = false (default)
2019-10-02 23:13:21,480 [pool-347-thread-1] INFO  server.RaftServerConfigKeys (ConfUtils.java:logGet(43)) - raft.server.log.purge.gap = 1000000 (custom)
2019-10-02 23:13:21,480 [pool-347-thread-1] INFO  server.RaftServerConfigKeys (ConfUtils.java:logGet(43)) - raft.server.log.appender.buffer.byte-limit = 33554432 (custom)
2019-10-02 23:13:21,480 [pool-347-thread-1] INFO  server.RaftServerConfigKeys (ConfUtils.java:logGet(43)) - raft.server.log.segment.size.max = 1048576 (custom)
2019-10-02 23:13:21,480 [pool-347-thread-1] INFO  server.RaftServerConfigKeys (ConfUtils.java:logGet(43)) - raft.server.log.segment.cache.num.max = 2 (custom)
2019-10-02 23:13:21,480 [pool-347-thread-1] INFO  segmented.SegmentedRaftLogWorker (SegmentedRaftLogWorker.java:<init>(173)) - new 34f87d13-3e7e-44e9-ab8f-6fdf7b1d4938@group-BE13C00D2BDC-SegmentedRaftLogWorker for RaftStorage:Storage Directory /workdir/hadoop-ozone/ozonefs/target/test-dir/MiniOzoneClusterImpl-3fb00ef8-a0a3-4fb6-a20c-a26d05563970/datanode-2/data/ratis/d03dffd5-3a7f-4efe-8bb7-be13c00d2bdc
2019-10-02 23:13:21,480 [pool-347-thread-1] INFO  server.RaftServerConfigKeys (ConfUtils.java:logGet(43)) - raft.server.log.queue.byte-limit = 2147483647 (custom)
2019-10-02 23:13:21,481 [pool-347-thread-1] INFO  server.RaftServerConfigKeys (ConfUtils.java:logGet(43)) - raft.server.log.queue.element-limit = 1024 (custom)
2019-10-02 23:13:21,481 [pool-347-thread-1] INFO  server.RaftServerConfigKeys (ConfUtils.java:logGet(43)) - raft.server.log.segment.size.max = 1048576 (custom)
2019-10-02 23:13:21,481 [pool-347-thread-1] INFO  server.RaftServerConfigKeys (ConfUtils.java:logGet(43)) - raft.server.log.preallocated.size = 16384 (custom)
2019-10-02 23:13:21,481 [pool-347-thread-1] INFO  server.RaftServerConfigKeys (ConfUtils.java:logGet(43)) - raft.server.log.write.buffer.size = 33554432 (custom)
2019-10-02 23:13:21,481 [pool-347-thread-1] INFO  server.RaftServerConfigKeys (ConfUtils.java:logGet(43)) - raft.server.log.force.sync.num = 128 (default)
2019-10-02 23:13:21,481 [pool-347-thread-1] INFO  server.RaftServerConfigKeys (ConfUtils.java:logGet(43)) - raft.server.log.statemachine.data.sync = true (default)
2019-10-02 23:13:21,481 [pool-347-thread-1] INFO  server.RaftServerConfigKeys (ConfUtils.java:logGet(43)) - raft.server.log.statemachine.data.sync.timeout = 10s (default)
2019-10-02 23:13:21,481 [pool-347-thread-1] INFO  server.RaftServerConfigKeys (ConfUtils.java:logGet(43)) - raft.server.log.statemachine.data.sync.timeout.retry = -1 (default)
2019-10-02 23:13:21,481 [pool-347-thread-1] INFO  server.RaftServerConfigKeys (ConfUtils.java:logGet(43)) - raft.server.log.statemachine.data.caching.enabled = true (custom)
2019-10-02 23:13:21,482 [pool-347-thread-1] INFO  segmented.SegmentedRaftLogWorker (SegmentedRaftLogWorker.java:lambda$new$0(128)) - 34f87d13-3e7e-44e9-ab8f-6fdf7b1d4938@group-BE13C00D2BDC-SegmentedRaftLogWorker: flushIndex: setUnconditionally 0 -> -1
2019-10-02 23:13:21,482 [pool-347-thread-1] INFO  server.RaftServerConfigKeys (ConfUtils.java:logGet(43)) - raft.server.snapshot.auto.trigger.enabled = true (custom)
2019-10-02 23:13:21,482 [pool-347-thread-1] INFO  server.RaftServerConfigKeys (ConfUtils.java:logGet(43)) - raft.server.snapshot.auto.trigger.threshold = 10000 (custom)
2019-10-02 23:13:21,482 [pool-347-thread-1] INFO  server.RaftServerConfigKeys (ConfUtils.java:logGet(43)) - raft.server.snapshot.retention.file.num = 5 (custom)
2019-10-02 23:13:21,482 [pool-347-thread-1] INFO  server.RaftServerConfigKeys (ConfUtils.java:logGet(43)) - raft.server.retrycache.expirytime = 600000ms (custom)
2019-10-02 23:13:21,484 [pool-347-thread-1] INFO  impl.RaftServerImpl (RaftServerImpl.java:start(181)) - 34f87d13-3e7e-44e9-ab8f-6fdf7b1d4938@group-BE13C00D2BDC: start as a follower, conf=-1: [1eef2e5e-6457-47fa-9745-df7de0df6ab5:192.168.30.30:43964, c35d8cd1-3635-4921-9686-149083e4c1af:192.168.30.30:37198, 34f87d13-3e7e-44e9-ab8f-6fdf7b1d4938:192.168.30.30:38716], old=null
2019-10-02 23:13:21,484 [pool-347-thread-1] INFO  impl.RaftServerImpl (RaftServerImpl.java:setRole(170)) - 34f87d13-3e7e-44e9-ab8f-6fdf7b1d4938@group-BE13C00D2BDC: changes role from      null to FOLLOWER at term 0 for startAsFollower
2019-10-02 23:13:21,484 [pool-347-thread-1] INFO  impl.RoleInfo (RoleInfo.java:updateAndGet(143)) - 34f87d13-3e7e-44e9-ab8f-6fdf7b1d4938: start FollowerState
2019-10-02 23:13:21,484 [pool-347-thread-1] INFO  util.JmxRegister (JmxRegister.java:tryRegister(44)) - Successfully registered JMX Bean with object name Ratis:service=RaftServer,group=group-BE13C00D2BDC,id=34f87d13-3e7e-44e9-ab8f-6fdf7b1d4938
2019-10-02 23:13:21,501 [pool-337-thread-1] INFO  storage.RaftStorage (RaftStorage.java:format(84)) - Storage directory /workdir/hadoop-ozone/ozonefs/target/test-dir/MiniOzoneClusterImpl-3fb00ef8-a0a3-4fb6-a20c-a26d05563970/datanode-1/data/ratis/d03dffd5-3a7f-4efe-8bb7-be13c00d2bdc has been successfully formatted.
2019-10-02 23:13:21,501 [pool-327-thread-1] INFO  storage.RaftStorage (RaftStorage.java:format(84)) - Storage directory /workdir/hadoop-ozone/ozonefs/target/test-dir/MiniOzoneClusterImpl-3fb00ef8-a0a3-4fb6-a20c-a26d05563970/datanode-0/data/ratis/d03dffd5-3a7f-4efe-8bb7-be13c00d2bdc has been successfully formatted.
2019-10-02 23:13:21,501 [pool-337-thread-1] INFO  ratis.ContainerStateMachine (ContainerStateMachine.java:loadSnapshot(230)) - group-BE13C00D2BDC: The snapshot info is null. Setting the last applied indexto:(t:0, i:~)
2019-10-02 23:13:21,501 [pool-327-thread-1] INFO  ratis.ContainerStateMachine (ContainerStateMachine.java:loadSnapshot(230)) - group-BE13C00D2BDC: The snapshot info is null. Setting the last applied indexto:(t:0, i:~)
2019-10-02 23:13:21,501 [pool-337-thread-1] INFO  server.RaftServerConfigKeys (ConfUtils.java:logGet(43)) - raft.server.notification.no-leader.timeout = 120s (custom)
2019-10-02 23:13:21,501 [pool-327-thread-1] INFO  server.RaftServerConfigKeys (ConfUtils.java:logGet(43)) - raft.server.notification.no-leader.timeout = 120s (custom)
2019-10-02 23:13:21,502 [pool-337-thread-1] INFO  server.RaftServerConfigKeys (ConfUtils.java:logGet(43)) - raft.server.log.use.memory = false (default)
2019-10-02 23:13:21,502 [pool-327-thread-1] INFO  server.RaftServerConfigKeys (ConfUtils.java:logGet(43)) - raft.server.log.use.memory = false (default)
2019-10-02 23:13:21,502 [pool-337-thread-1] INFO  server.RaftServerConfigKeys (ConfUtils.java:logGet(43)) - raft.server.log.purge.gap = 1000000 (custom)
2019-10-02 23:13:21,502 [pool-327-thread-1] INFO  server.RaftServerConfigKeys (ConfUtils.java:logGet(43)) - raft.server.log.purge.gap = 1000000 (custom)
2019-10-02 23:13:21,502 [pool-337-thread-1] INFO  server.RaftServerConfigKeys (ConfUtils.java:logGet(43)) - raft.server.log.appender.buffer.byte-limit = 33554432 (custom)
2019-10-02 23:13:21,502 [pool-327-thread-1] INFO  server.RaftServerConfigKeys (ConfUtils.java:logGet(43)) - raft.server.log.appender.buffer.byte-limit = 33554432 (custom)
2019-10-02 23:13:21,502 [pool-337-thread-1] INFO  server.RaftServerConfigKeys (ConfUtils.java:logGet(43)) - raft.server.log.segment.size.max = 1048576 (custom)
2019-10-02 23:13:21,502 [pool-327-thread-1] INFO  server.RaftServerConfigKeys (ConfUtils.java:logGet(43)) - raft.server.log.segment.size.max = 1048576 (custom)
2019-10-02 23:13:21,502 [pool-337-thread-1] INFO  server.RaftServerConfigKeys (ConfUtils.java:logGet(43)) - raft.server.log.segment.cache.num.max = 2 (custom)
2019-10-02 23:13:21,503 [pool-327-thread-1] INFO  server.RaftServerConfigKeys (ConfUtils.java:logGet(43)) - raft.server.log.segment.cache.num.max = 2 (custom)
2019-10-02 23:13:21,503 [pool-337-thread-1] INFO  segmented.SegmentedRaftLogWorker (SegmentedRaftLogWorker.java:<init>(173)) - new 1eef2e5e-6457-47fa-9745-df7de0df6ab5@group-BE13C00D2BDC-SegmentedRaftLogWorker for RaftStorage:Storage Directory /workdir/hadoop-ozone/ozonefs/target/test-dir/MiniOzoneClusterImpl-3fb00ef8-a0a3-4fb6-a20c-a26d05563970/datanode-1/data/ratis/d03dffd5-3a7f-4efe-8bb7-be13c00d2bdc
2019-10-02 23:13:21,503 [pool-327-thread-1] INFO  segmented.SegmentedRaftLogWorker (SegmentedRaftLogWorker.java:<init>(173)) - new c35d8cd1-3635-4921-9686-149083e4c1af@group-BE13C00D2BDC-SegmentedRaftLogWorker for RaftStorage:Storage Directory /workdir/hadoop-ozone/ozonefs/target/test-dir/MiniOzoneClusterImpl-3fb00ef8-a0a3-4fb6-a20c-a26d05563970/datanode-0/data/ratis/d03dffd5-3a7f-4efe-8bb7-be13c00d2bdc
2019-10-02 23:13:21,503 [pool-337-thread-1] INFO  server.RaftServerConfigKeys (ConfUtils.java:logGet(43)) - raft.server.log.queue.byte-limit = 2147483647 (custom)
2019-10-02 23:13:21,503 [pool-327-thread-1] INFO  server.RaftServerConfigKeys (ConfUtils.java:logGet(43)) - raft.server.log.queue.byte-limit = 2147483647 (custom)
2019-10-02 23:13:21,503 [pool-337-thread-1] INFO  server.RaftServerConfigKeys (ConfUtils.java:logGet(43)) - raft.server.log.queue.element-limit = 1024 (custom)
2019-10-02 23:13:21,503 [pool-327-thread-1] INFO  server.RaftServerConfigKeys (ConfUtils.java:logGet(43)) - raft.server.log.queue.element-limit = 1024 (custom)
2019-10-02 23:13:21,503 [pool-337-thread-1] INFO  server.RaftServerConfigKeys (ConfUtils.java:logGet(43)) - raft.server.log.segment.size.max = 1048576 (custom)
2019-10-02 23:13:21,503 [pool-327-thread-1] INFO  server.RaftServerConfigKeys (ConfUtils.java:logGet(43)) - raft.server.log.segment.size.max = 1048576 (custom)
2019-10-02 23:13:21,503 [pool-337-thread-1] INFO  server.RaftServerConfigKeys (ConfUtils.java:logGet(43)) - raft.server.log.preallocated.size = 16384 (custom)
2019-10-02 23:13:21,504 [pool-327-thread-1] INFO  server.RaftServerConfigKeys (ConfUtils.java:logGet(43)) - raft.server.log.preallocated.size = 16384 (custom)
2019-10-02 23:13:21,504 [pool-337-thread-1] INFO  server.RaftServerConfigKeys (ConfUtils.java:logGet(43)) - raft.server.log.write.buffer.size = 33554432 (custom)
2019-10-02 23:13:21,504 [pool-327-thread-1] INFO  server.RaftServerConfigKeys (ConfUtils.java:logGet(43)) - raft.server.log.write.buffer.size = 33554432 (custom)
2019-10-02 23:13:21,504 [pool-337-thread-1] INFO  server.RaftServerConfigKeys (ConfUtils.java:logGet(43)) - raft.server.log.force.sync.num = 128 (default)
2019-10-02 23:13:21,504 [pool-327-thread-1] INFO  server.RaftServerConfigKeys (ConfUtils.java:logGet(43)) - raft.server.log.force.sync.num = 128 (default)
2019-10-02 23:13:21,504 [pool-337-thread-1] INFO  server.RaftServerConfigKeys (ConfUtils.java:logGet(43)) - raft.server.log.statemachine.data.sync = true (default)
2019-10-02 23:13:21,504 [pool-327-thread-1] INFO  server.RaftServerConfigKeys (ConfUtils.java:logGet(43)) - raft.server.log.statemachine.data.sync = true (default)
2019-10-02 23:13:21,504 [pool-337-thread-1] INFO  server.RaftServerConfigKeys (ConfUtils.java:logGet(43)) - raft.server.log.statemachine.data.sync.timeout = 10s (default)
2019-10-02 23:13:21,504 [pool-327-thread-1] INFO  server.RaftServerConfigKeys (ConfUtils.java:logGet(43)) - raft.server.log.statemachine.data.sync.timeout = 10s (default)
2019-10-02 23:13:21,504 [pool-337-thread-1] INFO  server.RaftServerConfigKeys (ConfUtils.java:logGet(43)) - raft.server.log.statemachine.data.sync.timeout.retry = -1 (default)
2019-10-02 23:13:21,504 [pool-327-thread-1] INFO  server.RaftServerConfigKeys (ConfUtils.java:logGet(43)) - raft.server.log.statemachine.data.sync.timeout.retry = -1 (default)
2019-10-02 23:13:21,505 [pool-337-thread-1] INFO  server.RaftServerConfigKeys (ConfUtils.java:logGet(43)) - raft.server.log.statemachine.data.caching.enabled = true (custom)
2019-10-02 23:13:21,505 [pool-327-thread-1] INFO  server.RaftServerConfigKeys (ConfUtils.java:logGet(43)) - raft.server.log.statemachine.data.caching.enabled = true (custom)
2019-10-02 23:13:21,505 [pool-337-thread-1] INFO  segmented.SegmentedRaftLogWorker (SegmentedRaftLogWorker.java:lambda$new$0(128)) - 1eef2e5e-6457-47fa-9745-df7de0df6ab5@group-BE13C00D2BDC-SegmentedRaftLogWorker: flushIndex: setUnconditionally 0 -> -1
2019-10-02 23:13:21,505 [pool-327-thread-1] INFO  segmented.SegmentedRaftLogWorker (SegmentedRaftLogWorker.java:lambda$new$0(128)) - c35d8cd1-3635-4921-9686-149083e4c1af@group-BE13C00D2BDC-SegmentedRaftLogWorker: flushIndex: setUnconditionally 0 -> -1
2019-10-02 23:13:21,505 [pool-337-thread-1] INFO  server.RaftServerConfigKeys (ConfUtils.java:logGet(43)) - raft.server.snapshot.auto.trigger.enabled = true (custom)
2019-10-02 23:13:21,505 [pool-337-thread-1] INFO  server.RaftServerConfigKeys (ConfUtils.java:logGet(43)) - raft.server.snapshot.auto.trigger.threshold = 10000 (custom)
2019-10-02 23:13:21,505 [pool-327-thread-1] INFO  server.RaftServerConfigKeys (ConfUtils.java:logGet(43)) - raft.server.snapshot.auto.trigger.enabled = true (custom)
2019-10-02 23:13:21,505 [pool-337-thread-1] INFO  server.RaftServerConfigKeys (ConfUtils.java:logGet(43)) - raft.server.snapshot.retention.file.num = 5 (custom)
2019-10-02 23:13:21,505 [pool-327-thread-1] INFO  server.RaftServerConfigKeys (ConfUtils.java:logGet(43)) - raft.server.snapshot.auto.trigger.threshold = 10000 (custom)
2019-10-02 23:13:21,506 [pool-337-thread-1] INFO  server.RaftServerConfigKeys (ConfUtils.java:logGet(43)) - raft.server.retrycache.expirytime = 600000ms (custom)
2019-10-02 23:13:21,506 [pool-327-thread-1] INFO  server.RaftServerConfigKeys (ConfUtils.java:logGet(43)) - raft.server.snapshot.retention.file.num = 5 (custom)
2019-10-02 23:13:21,506 [pool-327-thread-1] INFO  server.RaftServerConfigKeys (ConfUtils.java:logGet(43)) - raft.server.retrycache.expirytime = 600000ms (custom)
2019-10-02 23:13:21,508 [pool-337-thread-1] INFO  impl.RaftServerImpl (RaftServerImpl.java:start(181)) - 1eef2e5e-6457-47fa-9745-df7de0df6ab5@group-BE13C00D2BDC: start as a follower, conf=-1: [1eef2e5e-6457-47fa-9745-df7de0df6ab5:192.168.30.30:43964, c35d8cd1-3635-4921-9686-149083e4c1af:192.168.30.30:37198, 34f87d13-3e7e-44e9-ab8f-6fdf7b1d4938:192.168.30.30:38716], old=null
2019-10-02 23:13:21,508 [pool-337-thread-1] INFO  impl.RaftServerImpl (RaftServerImpl.java:setRole(170)) - 1eef2e5e-6457-47fa-9745-df7de0df6ab5@group-BE13C00D2BDC: changes role from      null to FOLLOWER at term 0 for startAsFollower
2019-10-02 23:13:21,508 [pool-327-thread-1] INFO  impl.RaftServerImpl (RaftServerImpl.java:start(181)) - c35d8cd1-3635-4921-9686-149083e4c1af@group-BE13C00D2BDC: start as a follower, conf=-1: [1eef2e5e-6457-47fa-9745-df7de0df6ab5:192.168.30.30:43964, c35d8cd1-3635-4921-9686-149083e4c1af:192.168.30.30:37198, 34f87d13-3e7e-44e9-ab8f-6fdf7b1d4938:192.168.30.30:38716], old=null
2019-10-02 23:13:21,508 [pool-337-thread-1] INFO  impl.RoleInfo (RoleInfo.java:updateAndGet(143)) - 1eef2e5e-6457-47fa-9745-df7de0df6ab5: start FollowerState
2019-10-02 23:13:21,508 [pool-327-thread-1] INFO  impl.RaftServerImpl (RaftServerImpl.java:setRole(170)) - c35d8cd1-3635-4921-9686-149083e4c1af@group-BE13C00D2BDC: changes role from      null to FOLLOWER at term 0 for startAsFollower
2019-10-02 23:13:21,508 [pool-327-thread-1] INFO  impl.RoleInfo (RoleInfo.java:updateAndGet(143)) - c35d8cd1-3635-4921-9686-149083e4c1af: start FollowerState
2019-10-02 23:13:21,508 [pool-337-thread-1] INFO  util.JmxRegister (JmxRegister.java:tryRegister(44)) - Successfully registered JMX Bean with object name Ratis:service=RaftServer,group=group-BE13C00D2BDC,id=1eef2e5e-6457-47fa-9745-df7de0df6ab5
2019-10-02 23:13:21,509 [pool-327-thread-1] INFO  util.JmxRegister (JmxRegister.java:tryRegister(44)) - Successfully registered JMX Bean with object name Ratis:service=RaftServer,group=group-BE13C00D2BDC,id=c35d8cd1-3635-4921-9686-149083e4c1af
2019-10-02 23:13:21,516 [RatisPipelineUtilsThread] INFO  pipeline.PipelineStateManager (PipelineStateManager.java:addPipeline(56)) - Created pipeline Pipeline[ Id: d03dffd5-3a7f-4efe-8bb7-be13c00d2bdc, Nodes: c35d8cd1-3635-4921-9686-149083e4c1af{ip: 192.168.30.30, host: pr-hdds1737-lts7z-2510321508, networkLocation: /default-rack, certSerialId: null}34f87d13-3e7e-44e9-ab8f-6fdf7b1d4938{ip: 192.168.30.30, host: pr-hdds1737-lts7z-2510321508, networkLocation: /default-rack, certSerialId: null}1eef2e5e-6457-47fa-9745-df7de0df6ab5{ip: 192.168.30.30, host: pr-hdds1737-lts7z-2510321508, networkLocation: /default-rack, certSerialId: null}, Type:RATIS, Factor:THREE, State:OPEN]
2019-10-02 23:13:22,335 [Thread-1307] INFO  ozone.MiniOzoneClusterImpl (MiniOzoneClusterImpl.java:lambda$waitForClusterToBeReady$0(147)) - Cluster is ready. Got 3 of 3 DN Heartbeats.
2019-10-02 23:13:22,369 [Thread-1307] INFO  rpc.RpcClient (RpcClient.java:createVolume(276)) - Creating Volume: volume58781, with user68788 as owner.
2019-10-02 23:13:22,371 [IPC Server handler 2 on 38306] INFO  volume.OMVolumeCreateRequest (OMVolumeCreateRequest.java:validateAndUpdateCache(194)) - created volume:volume58781 for user:user68788
2019-10-02 23:13:22,380 [Thread-1307] INFO  rpc.RpcClient (RpcClient.java:createBucket(415)) - Creating Bucket: volume58781/bucket09056, with Versioning false and Storage Type set to DISK and Encryption set to false 
23:13:22.416 [IPC Server handler 8 on 38306] ERROR OMAudit - user=jenkins1000 | ip=127.0.0.1 | op=CREATE_DIRECTORY {volume=volume58781, bucket=bucket09056, key=source, dataSize=0, replicationType=RATIS, replicationFactor=ONE, keyLocationInfo=[]} | ret=FAILURE
org.apache.hadoop.ozone.om.exceptions.OMException: Volume not found volume58781
	at org.apache.hadoop.ozone.om.request.file.OMDirectoryCreateRequest.validateAndUpdateCache(OMDirectoryCreateRequest.java:146) ~[hadoop-ozone-ozone-manager-0.5.0-SNAPSHOT.jar:?]
	at org.apache.hadoop.ozone.protocolPB.OzoneManagerProtocolServerSideTranslatorPB.submitRequestDirectlyToOM(OzoneManagerProtocolServerSideTranslatorPB.java:219) ~[hadoop-ozone-ozone-manager-0.5.0-SNAPSHOT.jar:?]
	at org.apache.hadoop.ozone.protocolPB.OzoneManagerProtocolServerSideTranslatorPB.processRequest(OzoneManagerProtocolServerSideTranslatorPB.java:134) ~[hadoop-ozone-ozone-manager-0.5.0-SNAPSHOT.jar:?]
	at org.apache.hadoop.hdds.server.OzoneProtocolMessageDispatcher.processRequest(OzoneProtocolMessageDispatcher.java:72) [hadoop-hdds-server-framework-0.5.0-SNAPSHOT.jar:?]
	at org.apache.hadoop.ozone.protocolPB.OzoneManagerProtocolServerSideTranslatorPB.submitRequest(OzoneManagerProtocolServerSideTranslatorPB.java:100) [hadoop-ozone-ozone-manager-0.5.0-SNAPSHOT.jar:?]
	at org.apache.hadoop.ozone.protocol.proto.OzoneManagerProtocolProtos$OzoneManagerService$2.callBlockingMethod(OzoneManagerProtocolProtos.java) [hadoop-ozone-common-0.5.0-SNAPSHOT.jar:?]
	at org.apache.hadoop.ipc.ProtobufRpcEngine$Server$ProtoBufRpcInvoker.call(ProtobufRpcEngine.java:524) [hadoop-common-3.2.0.jar:?]
	at org.apache.hadoop.ipc.RPC$Server.call(RPC.java:1025) [hadoop-common-3.2.0.jar:?]
	at org.apache.hadoop.ipc.Server$RpcCall.run(Server.java:876) [hadoop-common-3.2.0.jar:?]
	at org.apache.hadoop.ipc.Server$RpcCall.run(Server.java:822) [hadoop-common-3.2.0.jar:?]
	at java.security.AccessController.doPrivileged(Native Method) [?:1.8.0_212]
	at javax.security.auth.Subject.doAs(Subject.java:422) [?:1.8.0_212]
	at org.apache.hadoop.security.UserGroupInformation.doAs(UserGroupInformation.java:1730) [hadoop-common-3.2.0.jar:?]
	at org.apache.hadoop.ipc.Server$Handler.run(Server.java:2682) [hadoop-common-3.2.0.jar:?]
2019-10-02 23:13:22,417 [IPC Server handler 8 on 38306] ERROR file.OMDirectoryCreateRequest (OMDirectoryCreateRequest.java:validateAndUpdateCache(212)) - CreateDirectory failed for Key: source in volume/bucket:volume58781/bucket09056
VOLUME_NOT_FOUND org.apache.hadoop.ozone.om.exceptions.OMException: Volume not found volume58781
	at org.apache.hadoop.ozone.om.request.file.OMDirectoryCreateRequest.validateAndUpdateCache(OMDirectoryCreateRequest.java:146)
	at org.apache.hadoop.ozone.protocolPB.OzoneManagerProtocolServerSideTranslatorPB.submitRequestDirectlyToOM(OzoneManagerProtocolServerSideTranslatorPB.java:219)
	at org.apache.hadoop.ozone.protocolPB.OzoneManagerProtocolServerSideTranslatorPB.processRequest(OzoneManagerProtocolServerSideTranslatorPB.java:134)
	at org.apache.hadoop.hdds.server.OzoneProtocolMessageDispatcher.processRequest(OzoneProtocolMessageDispatcher.java:72)
	at org.apache.hadoop.ozone.protocolPB.OzoneManagerProtocolServerSideTranslatorPB.submitRequest(OzoneManagerProtocolServerSideTranslatorPB.java:100)
	at org.apache.hadoop.ozone.protocol.proto.OzoneManagerProtocolProtos$OzoneManagerService$2.callBlockingMethod(OzoneManagerProtocolProtos.java)
	at org.apache.hadoop.ipc.ProtobufRpcEngine$Server$ProtoBufRpcInvoker.call(ProtobufRpcEngine.java:524)
	at org.apache.hadoop.ipc.RPC$Server.call(RPC.java:1025)
	at org.apache.hadoop.ipc.Server$RpcCall.run(Server.java:876)
	at org.apache.hadoop.ipc.Server$RpcCall.run(Server.java:822)
	at java.security.AccessController.doPrivileged(Native Method)
	at javax.security.auth.Subject.doAs(Subject.java:422)
	at org.apache.hadoop.security.UserGroupInformation.doAs(UserGroupInformation.java:1730)
	at org.apache.hadoop.ipc.Server$Handler.run(Server.java:2682)
2019-10-02 23:13:22,417 [Thread-1307] INFO  ozone.MiniOzoneClusterImpl (MiniOzoneClusterImpl.java:shutdown(314)) - Shutting down the Mini Ozone Cluster
2019-10-02 23:13:22,417 [Thread-1307] INFO  ozone.MiniOzoneClusterImpl (MiniOzoneClusterImpl.java:stop(330)) - Stopping the Mini Ozone Cluster
2019-10-02 23:13:22,418 [Thread-1307] INFO  ozone.MiniOzoneClusterImpl (MiniOzoneClusterImpl.java:stopOM(400)) - Stopping the OzoneManager
2019-10-02 23:13:22,418 [Thread-1307] INFO  ipc.Server (Server.java:stop(3082)) - Stopping server on 38306
2019-10-02 23:13:22,423 [IPC Server listener on 38306] INFO  ipc.Server (Server.java:run(1185)) - Stopping IPC Server listener on 38306
2019-10-02 23:13:22,423 [IPC Server Responder] INFO  ipc.Server (Server.java:run(1319)) - Stopping IPC Server Responder
2019-10-02 23:13:22,423 [Thread-1307] INFO  ratis.OzoneManagerDoubleBuffer (OzoneManagerDoubleBuffer.java:stop(248)) - Stopping OMDoubleBuffer flush thread
2019-10-02 23:13:22,424 [OMDoubleBufferFlushThread] INFO  ratis.OzoneManagerDoubleBuffer (OzoneManagerDoubleBuffer.java:flushTransactions(191)) - OMDoubleBuffer flush thread OMDoubleBufferFlushThread is interrupted and will exit. OMDoubleBufferFlushThread
2019-10-02 23:13:22,424 [Thread-1307] INFO  utils.BackgroundService (BackgroundService.java:shutdown(148)) - Shutting down service KeyDeletingService
2019-10-02 23:13:22,425 [Thread-1307] INFO  handler.ContextHandler (ContextHandler.java:doStop(910)) - Stopped o.e.j.w.WebAppContext@2b9ec545{/,null,UNAVAILABLE}{/ozoneManager}
2019-10-02 23:13:22,426 [Thread-1307] INFO  server.AbstractConnector (AbstractConnector.java:doStop(318)) - Stopped ServerConnector@7ea852c6{HTTP/1.1,[http/1.1]}{0.0.0.0:0}
2019-10-02 23:13:22,426 [Thread-1307] INFO  handler.ContextHandler (ContextHandler.java:doStop(910)) - Stopped o.e.j.s.ServletContextHandler@be218d9{/static,jar:file:/home/user/.m2/repository/org/apache/hadoop/hadoop-ozone-ozone-manager/0.5.0-SNAPSHOT/hadoop-ozone-ozone-manager-0.5.0-SNAPSHOT.jar!/webapps/static,UNAVAILABLE}
2019-10-02 23:13:22,426 [Thread-1307] INFO  handler.ContextHandler (ContextHandler.java:doStop(910)) - Stopped o.e.j.s.ServletContextHandler@a6b41cd{/logs,file:///workdir/hadoop-ozone/ozonefs/target/log,UNAVAILABLE}
2019-10-02 23:13:22,427 [Thread-1307] INFO  ozone.MiniOzoneClusterImpl (MiniOzoneClusterImpl.java:stopDatanodes(377)) - Stopping the HddsDatanodes
2019-10-02 23:13:23,162 [Datanode State Machine Thread - 0] INFO  statemachine.DatanodeStateMachine (DatanodeStateMachine.java:lambda$startDaemon$0(350)) - Ozone container server started.
2019-10-02 23:13:23,262 [Datanode State Machine Thread - 0] INFO  statemachine.DatanodeStateMachine (DatanodeStateMachine.java:lambda$startDaemon$0(350)) - Ozone container server started.
2019-10-02 23:13:24,172 [Thread-1479] INFO  container.ReplicationManager (ReplicationManager.java:start(162)) - Starting Replication Monitor Thread.
2019-10-02 23:13:24,175 [ReplicationMonitor] INFO  container.ReplicationManager (ReplicationManager.java:run(225)) - Replication Monitor Thread took 0 milliseconds for processing 0 containers.
2019-10-02 23:13:26,378 [Thread-1484] INFO  impl.FollowerState (FollowerState.java:run(108)) - 1eef2e5e-6457-47fa-9745-df7de0df6ab5@group-DCC870F78A54-FollowerState: change to CANDIDATE, lastRpcTime:5054ms, electionTimeout:5054ms
2019-10-02 23:13:26,378 [Thread-1484] INFO  impl.RoleInfo (RoleInfo.java:shutdownFollowerState(121)) - 1eef2e5e-6457-47fa-9745-df7de0df6ab5: shutdown FollowerState
2019-10-02 23:13:26,378 [Thread-1484] INFO  impl.RaftServerImpl (RaftServerImpl.java:setRole(170)) - 1eef2e5e-6457-47fa-9745-df7de0df6ab5@group-DCC870F78A54: changes role from  FOLLOWER to CANDIDATE at term 0 for changeToCandidate
2019-10-02 23:13:26,379 [Thread-1484] INFO  impl.RoleInfo (RoleInfo.java:updateAndGet(143)) - 1eef2e5e-6457-47fa-9745-df7de0df6ab5: start LeaderElection
2019-10-02 23:13:26,407 [Thread-1481] INFO  impl.FollowerState (FollowerState.java:run(108)) - c35d8cd1-3635-4921-9686-149083e4c1af@group-CB24F68ACB6B-FollowerState: change to CANDIDATE, lastRpcTime:5173ms, electionTimeout:5173ms
2019-10-02 23:13:26,407 [Thread-1481] INFO  impl.RoleInfo (RoleInfo.java:shutdownFollowerState(121)) - c35d8cd1-3635-4921-9686-149083e4c1af: shutdown FollowerState
2019-10-02 23:13:26,407 [Thread-1481] INFO  impl.RaftServerImpl (RaftServerImpl.java:setRole(170)) - c35d8cd1-3635-4921-9686-149083e4c1af@group-CB24F68ACB6B: changes role from  FOLLOWER to CANDIDATE at term 0 for changeToCandidate
2019-10-02 23:13:26,407 [Thread-1481] INFO  impl.RoleInfo (RoleInfo.java:updateAndGet(143)) - c35d8cd1-3635-4921-9686-149083e4c1af: start LeaderElection
2019-10-02 23:13:26,415 [1eef2e5e-6457-47fa-9745-df7de0df6ab5@group-DCC870F78A54-LeaderElection30] INFO  impl.LeaderElection (LeaderElection.java:askForVotes(178)) - 1eef2e5e-6457-47fa-9745-df7de0df6ab5@group-DCC870F78A54-LeaderElection30: begin an election at term 1 for -1: [1eef2e5e-6457-47fa-9745-df7de0df6ab5:192.168.30.30:43964], old=null
2019-10-02 23:13:26,415 [1eef2e5e-6457-47fa-9745-df7de0df6ab5@group-DCC870F78A54-LeaderElection30] INFO  impl.RoleInfo (RoleInfo.java:shutdownLeaderElection(134)) - 1eef2e5e-6457-47fa-9745-df7de0df6ab5: shutdown LeaderElection
2019-10-02 23:13:26,415 [1eef2e5e-6457-47fa-9745-df7de0df6ab5@group-DCC870F78A54-LeaderElection30] INFO  impl.RaftServerImpl (RaftServerImpl.java:setRole(170)) - 1eef2e5e-6457-47fa-9745-df7de0df6ab5@group-DCC870F78A54: changes role from CANDIDATE to LEADER at term 1 for changeToLeader
2019-10-02 23:13:26,416 [1eef2e5e-6457-47fa-9745-df7de0df6ab5@group-DCC870F78A54-LeaderElection30] INFO  impl.RaftServerImpl (ServerState.java:setLeader(255)) - 1eef2e5e-6457-47fa-9745-df7de0df6ab5@group-DCC870F78A54: change Leader from null to 1eef2e5e-6457-47fa-9745-df7de0df6ab5 at term 1 for becomeLeader, leader elected after 5097ms
2019-10-02 23:13:26,416 [1eef2e5e-6457-47fa-9745-df7de0df6ab5@group-DCC870F78A54-LeaderElection30] INFO  server.RaftServerConfigKeys (ConfUtils.java:logGet(43)) - raft.server.staging.catchup.gap = 1000 (default)
2019-10-02 23:13:26,416 [1eef2e5e-6457-47fa-9745-df7de0df6ab5@group-DCC870F78A54-LeaderElection30] INFO  server.RaftServerConfigKeys (ConfUtils.java:logGet(43)) - raft.server.rpc.sleep.time = 25ms (default)
2019-10-02 23:13:26,417 [1eef2e5e-6457-47fa-9745-df7de0df6ab5@group-DCC870F78A54-LeaderElection30] INFO  server.RaftServerConfigKeys (ConfUtils.java:logGet(43)) - raft.server.write.element-limit = 4096 (default)
2019-10-02 23:13:26,417 [1eef2e5e-6457-47fa-9745-df7de0df6ab5@group-DCC870F78A54-LeaderElection30] INFO  server.RaftServerConfigKeys (ConfUtils.java:logGet(43)) - raft.server.watch.timeout = 10s (default)
2019-10-02 23:13:26,417 [1eef2e5e-6457-47fa-9745-df7de0df6ab5@group-DCC870F78A54-LeaderElection30] INFO  server.RaftServerConfigKeys (ConfUtils.java:logGet(43)) - raft.server.watch.timeout.denomination = 1s (default)
2019-10-02 23:13:26,417 [1eef2e5e-6457-47fa-9745-df7de0df6ab5@group-DCC870F78A54-LeaderElection30] INFO  server.RaftServerConfigKeys (ConfUtils.java:logGet(43)) - raft.server.watch.element-limit = 65536 (default)
2019-10-02 23:13:26,420 [1eef2e5e-6457-47fa-9745-df7de0df6ab5@group-DCC870F78A54-LeaderElection30] INFO  impl.RoleInfo (RoleInfo.java:updateAndGet(143)) - 1eef2e5e-6457-47fa-9745-df7de0df6ab5: start LeaderState
2019-10-02 23:13:26,420 [1eef2e5e-6457-47fa-9745-df7de0df6ab5@group-DCC870F78A54-LeaderElection30] INFO  segmented.SegmentedRaftLogWorker (SegmentedRaftLogWorker.java:startLogSegment(385)) - 1eef2e5e-6457-47fa-9745-df7de0df6ab5@group-DCC870F78A54-SegmentedRaftLogWorker: Starting segment from index:0
2019-10-02 23:13:26,421 [1eef2e5e-6457-47fa-9745-df7de0df6ab5@group-DCC870F78A54-LeaderElection30] INFO  impl.RaftServerImpl (ServerState.java:setRaftConf(356)) - 1eef2e5e-6457-47fa-9745-df7de0df6ab5@group-DCC870F78A54: set configuration 0: [1eef2e5e-6457-47fa-9745-df7de0df6ab5:192.168.30.30:43964], old=null at 0
2019-10-02 23:13:26,426 [c35d8cd1-3635-4921-9686-149083e4c1af@group-CB24F68ACB6B-LeaderElection31] INFO  impl.LeaderElection (LeaderElection.java:askForVotes(178)) - c35d8cd1-3635-4921-9686-149083e4c1af@group-CB24F68ACB6B-LeaderElection31: begin an election at term 1 for -1: [c35d8cd1-3635-4921-9686-149083e4c1af:192.168.30.30:37198], old=null
2019-10-02 23:13:26,426 [c35d8cd1-3635-4921-9686-149083e4c1af@group-CB24F68ACB6B-LeaderElection31] INFO  impl.RoleInfo (RoleInfo.java:shutdownLeaderElection(134)) - c35d8cd1-3635-4921-9686-149083e4c1af: shutdown LeaderElection
2019-10-02 23:13:26,426 [c35d8cd1-3635-4921-9686-149083e4c1af@group-CB24F68ACB6B-LeaderElection31] INFO  impl.RaftServerImpl (RaftServerImpl.java:setRole(170)) - c35d8cd1-3635-4921-9686-149083e4c1af@group-CB24F68ACB6B: changes role from CANDIDATE to LEADER at term 1 for changeToLeader
2019-10-02 23:13:26,426 [c35d8cd1-3635-4921-9686-149083e4c1af@group-CB24F68ACB6B-LeaderElection31] INFO  impl.RaftServerImpl (ServerState.java:setLeader(255)) - c35d8cd1-3635-4921-9686-149083e4c1af@group-CB24F68ACB6B: change Leader from null to c35d8cd1-3635-4921-9686-149083e4c1af at term 1 for becomeLeader, leader elected after 5198ms
2019-10-02 23:13:26,426 [c35d8cd1-3635-4921-9686-149083e4c1af@group-CB24F68ACB6B-LeaderElection31] INFO  server.RaftServerConfigKeys (ConfUtils.java:logGet(43)) - raft.server.staging.catchup.gap = 1000 (default)
2019-10-02 23:13:26,426 [c35d8cd1-3635-4921-9686-149083e4c1af@group-CB24F68ACB6B-LeaderElection31] INFO  server.RaftServerConfigKeys (ConfUtils.java:logGet(43)) - raft.server.rpc.sleep.time = 25ms (default)
2019-10-02 23:13:26,427 [c35d8cd1-3635-4921-9686-149083e4c1af@group-CB24F68ACB6B-LeaderElection31] INFO  server.RaftServerConfigKeys (ConfUtils.java:logGet(43)) - raft.server.write.element-limit = 4096 (default)
2019-10-02 23:13:26,427 [c35d8cd1-3635-4921-9686-149083e4c1af@group-CB24F68ACB6B-LeaderElection31] INFO  server.RaftServerConfigKeys (ConfUtils.java:logGet(43)) - raft.server.watch.timeout = 10s (default)
2019-10-02 23:13:26,427 [c35d8cd1-3635-4921-9686-149083e4c1af@group-CB24F68ACB6B-LeaderElection31] INFO  server.RaftServerConfigKeys (ConfUtils.java:logGet(43)) - raft.server.watch.timeout.denomination = 1s (default)
2019-10-02 23:13:26,427 [c35d8cd1-3635-4921-9686-149083e4c1af@group-CB24F68ACB6B-LeaderElection31] INFO  server.RaftServerConfigKeys (ConfUtils.java:logGet(43)) - raft.server.watch.element-limit = 65536 (default)
2019-10-02 23:13:26,429 [c35d8cd1-3635-4921-9686-149083e4c1af@group-CB24F68ACB6B-LeaderElection31] INFO  impl.RoleInfo (RoleInfo.java:updateAndGet(143)) - c35d8cd1-3635-4921-9686-149083e4c1af: start LeaderState
2019-10-02 23:13:26,429 [c35d8cd1-3635-4921-9686-149083e4c1af@group-CB24F68ACB6B-LeaderElection31] INFO  segmented.SegmentedRaftLogWorker (SegmentedRaftLogWorker.java:startLogSegment(385)) - c35d8cd1-3635-4921-9686-149083e4c1af@group-CB24F68ACB6B-SegmentedRaftLogWorker: Starting segment from index:0
2019-10-02 23:13:26,430 [c35d8cd1-3635-4921-9686-149083e4c1af@group-CB24F68ACB6B-LeaderElection31] INFO  impl.RaftServerImpl (ServerState.java:setRaftConf(356)) - c35d8cd1-3635-4921-9686-149083e4c1af@group-CB24F68ACB6B: set configuration 0: [c35d8cd1-3635-4921-9686-149083e4c1af:192.168.30.30:37198], old=null at 0
2019-10-02 23:13:26,461 [1eef2e5e-6457-47fa-9745-df7de0df6ab5@group-DCC870F78A54-SegmentedRaftLogWorker] INFO  segmented.SegmentedRaftLogWorker (SegmentedRaftLogWorker.java:execute(574)) - 1eef2e5e-6457-47fa-9745-df7de0df6ab5@group-DCC870F78A54-SegmentedRaftLogWorker: created new log segment /workdir/hadoop-ozone/ozonefs/target/test-dir/MiniOzoneClusterImpl-3fb00ef8-a0a3-4fb6-a20c-a26d05563970/datanode-1/data/ratis/a608ea81-fd50-4b40-8980-dcc870f78a54/current/log_inprogress_0
2019-10-02 23:13:26,462 [c35d8cd1-3635-4921-9686-149083e4c1af@group-CB24F68ACB6B-SegmentedRaftLogWorker] INFO  segmented.SegmentedRaftLogWorker (SegmentedRaftLogWorker.java:execute(574)) - c35d8cd1-3635-4921-9686-149083e4c1af@group-CB24F68ACB6B-SegmentedRaftLogWorker: created new log segment /workdir/hadoop-ozone/ozonefs/target/test-dir/MiniOzoneClusterImpl-3fb00ef8-a0a3-4fb6-a20c-a26d05563970/datanode-0/data/ratis/6cc69996-f642-424e-90de-cb24f68acb6b/current/log_inprogress_0
2019-10-02 23:13:26,559 [Thread-1490] INFO  impl.FollowerState (FollowerState.java:run(108)) - 34f87d13-3e7e-44e9-ab8f-6fdf7b1d4938@group-BE13C00D2BDC-FollowerState: change to CANDIDATE, lastRpcTime:5075ms, electionTimeout:5075ms
2019-10-02 23:13:26,560 [Thread-1490] INFO  impl.RoleInfo (RoleInfo.java:shutdownFollowerState(121)) - 34f87d13-3e7e-44e9-ab8f-6fdf7b1d4938: shutdown FollowerState
2019-10-02 23:13:26,560 [Thread-1490] INFO  impl.RaftServerImpl (RaftServerImpl.java:setRole(170)) - 34f87d13-3e7e-44e9-ab8f-6fdf7b1d4938@group-BE13C00D2BDC: changes role from  FOLLOWER to CANDIDATE at term 0 for changeToCandidate
2019-10-02 23:13:26,560 [Thread-1490] INFO  impl.RoleInfo (RoleInfo.java:updateAndGet(143)) - 34f87d13-3e7e-44e9-ab8f-6fdf7b1d4938: start LeaderElection
2019-10-02 23:13:26,562 [Thread-1487] INFO  impl.FollowerState (FollowerState.java:run(108)) - 34f87d13-3e7e-44e9-ab8f-6fdf7b1d4938@group-6A7A8B4A0920-FollowerState: change to CANDIDATE, lastRpcTime:5164ms, electionTimeout:5163ms
2019-10-02 23:13:26,564 [Thread-1487] INFO  impl.RoleInfo (RoleInfo.java:shutdownFollowerState(121)) - 34f87d13-3e7e-44e9-ab8f-6fdf7b1d4938: shutdown FollowerState
2019-10-02 23:13:26,564 [Thread-1487] INFO  impl.RaftServerImpl (RaftServerImpl.java:setRole(170)) - 34f87d13-3e7e-44e9-ab8f-6fdf7b1d4938@group-6A7A8B4A0920: changes role from  FOLLOWER to CANDIDATE at term 0 for changeToCandidate
2019-10-02 23:13:26,565 [Thread-1487] INFO  impl.RoleInfo (RoleInfo.java:updateAndGet(143)) - 34f87d13-3e7e-44e9-ab8f-6fdf7b1d4938: start LeaderElection
2019-10-02 23:13:26,596 [34f87d13-3e7e-44e9-ab8f-6fdf7b1d4938@group-6A7A8B4A0920-LeaderElection33] INFO  impl.LeaderElection (LeaderElection.java:askForVotes(178)) - 34f87d13-3e7e-44e9-ab8f-6fdf7b1d4938@group-6A7A8B4A0920-LeaderElection33: begin an election at term 1 for -1: [34f87d13-3e7e-44e9-ab8f-6fdf7b1d4938:192.168.30.30:38716], old=null
2019-10-02 23:13:26,596 [34f87d13-3e7e-44e9-ab8f-6fdf7b1d4938@group-BE13C00D2BDC-LeaderElection32] INFO  impl.LeaderElection (LeaderElection.java:askForVotes(178)) - 34f87d13-3e7e-44e9-ab8f-6fdf7b1d4938@group-BE13C00D2BDC-LeaderElection32: begin an election at term 1 for -1: [1eef2e5e-6457-47fa-9745-df7de0df6ab5:192.168.30.30:43964, c35d8cd1-3635-4921-9686-149083e4c1af:192.168.30.30:37198, 34f87d13-3e7e-44e9-ab8f-6fdf7b1d4938:192.168.30.30:38716], old=null
2019-10-02 23:13:26,596 [34f87d13-3e7e-44e9-ab8f-6fdf7b1d4938@group-6A7A8B4A0920-LeaderElection33] INFO  impl.RoleInfo (RoleInfo.java:shutdownLeaderElection(134)) - 34f87d13-3e7e-44e9-ab8f-6fdf7b1d4938: shutdown LeaderElection
2019-10-02 23:13:26,596 [34f87d13-3e7e-44e9-ab8f-6fdf7b1d4938@group-6A7A8B4A0920-LeaderElection33] INFO  impl.RaftServerImpl (RaftServerImpl.java:setRole(170)) - 34f87d13-3e7e-44e9-ab8f-6fdf7b1d4938@group-6A7A8B4A0920: changes role from CANDIDATE to LEADER at term 1 for changeToLeader
2019-10-02 23:13:26,597 [34f87d13-3e7e-44e9-ab8f-6fdf7b1d4938@group-6A7A8B4A0920-LeaderElection33] INFO  impl.RaftServerImpl (ServerState.java:setLeader(255)) - 34f87d13-3e7e-44e9-ab8f-6fdf7b1d4938@group-6A7A8B4A0920: change Leader from null to 34f87d13-3e7e-44e9-ab8f-6fdf7b1d4938 at term 1 for becomeLeader, leader elected after 5204ms
2019-10-02 23:13:26,597 [34f87d13-3e7e-44e9-ab8f-6fdf7b1d4938@group-6A7A8B4A0920-LeaderElection33] INFO  server.RaftServerConfigKeys (ConfUtils.java:logGet(43)) - raft.server.staging.catchup.gap = 1000 (default)
2019-10-02 23:13:26,597 [34f87d13-3e7e-44e9-ab8f-6fdf7b1d4938@group-6A7A8B4A0920-LeaderElection33] INFO  server.RaftServerConfigKeys (ConfUtils.java:logGet(43)) - raft.server.rpc.sleep.time = 25ms (default)
2019-10-02 23:13:26,597 [34f87d13-3e7e-44e9-ab8f-6fdf7b1d4938@group-6A7A8B4A0920-LeaderElection33] INFO  server.RaftServerConfigKeys (ConfUtils.java:logGet(43)) - raft.server.write.element-limit = 4096 (default)
2019-10-02 23:13:26,597 [34f87d13-3e7e-44e9-ab8f-6fdf7b1d4938@group-6A7A8B4A0920-LeaderElection33] INFO  server.RaftServerConfigKeys (ConfUtils.java:logGet(43)) - raft.server.watch.timeout = 10s (default)
2019-10-02 23:13:26,597 [34f87d13-3e7e-44e9-ab8f-6fdf7b1d4938@group-6A7A8B4A0920-LeaderElection33] INFO  server.RaftServerConfigKeys (ConfUtils.java:logGet(43)) - raft.server.watch.timeout.denomination = 1s (default)
2019-10-02 23:13:26,597 [34f87d13-3e7e-44e9-ab8f-6fdf7b1d4938@group-6A7A8B4A0920-LeaderElection33] INFO  server.RaftServerConfigKeys (ConfUtils.java:logGet(43)) - raft.server.watch.element-limit = 65536 (default)
2019-10-02 23:13:26,602 [34f87d13-3e7e-44e9-ab8f-6fdf7b1d4938@group-6A7A8B4A0920-LeaderElection33] INFO  impl.RoleInfo (RoleInfo.java:updateAndGet(143)) - 34f87d13-3e7e-44e9-ab8f-6fdf7b1d4938: start LeaderState
2019-10-02 23:13:26,602 [34f87d13-3e7e-44e9-ab8f-6fdf7b1d4938@group-6A7A8B4A0920-LeaderElection33] INFO  segmented.SegmentedRaftLogWorker (SegmentedRaftLogWorker.java:startLogSegment(385)) - 34f87d13-3e7e-44e9-ab8f-6fdf7b1d4938@group-6A7A8B4A0920-SegmentedRaftLogWorker: Starting segment from index:0
2019-10-02 23:13:26,603 [34f87d13-3e7e-44e9-ab8f-6fdf7b1d4938@group-6A7A8B4A0920-LeaderElection33] INFO  impl.RaftServerImpl (ServerState.java:setRaftConf(356)) - 34f87d13-3e7e-44e9-ab8f-6fdf7b1d4938@group-6A7A8B4A0920: set configuration 0: [34f87d13-3e7e-44e9-ab8f-6fdf7b1d4938:192.168.30.30:38716], old=null at 0
2019-10-02 23:13:26,607 [grpc-default-executor-2] INFO  impl.RaftServerImpl (RaftServerImpl.java:setRole(170)) - c35d8cd1-3635-4921-9686-149083e4c1af@group-BE13C00D2BDC: changes role from  FOLLOWER to FOLLOWER at term 1 for recognizeCandidate:34f87d13-3e7e-44e9-ab8f-6fdf7b1d4938
2019-10-02 23:13:26,607 [grpc-default-executor-1] INFO  impl.RaftServerImpl (RaftServerImpl.java:setRole(170)) - 1eef2e5e-6457-47fa-9745-df7de0df6ab5@group-BE13C00D2BDC: changes role from  FOLLOWER to FOLLOWER at term 1 for recognizeCandidate:34f87d13-3e7e-44e9-ab8f-6fdf7b1d4938
2019-10-02 23:13:26,607 [grpc-default-executor-2] INFO  impl.RoleInfo (RoleInfo.java:shutdownFollowerState(121)) - c35d8cd1-3635-4921-9686-149083e4c1af: shutdown FollowerState
2019-10-02 23:13:26,607 [grpc-default-executor-1] INFO  impl.RoleInfo (RoleInfo.java:shutdownFollowerState(121)) - 1eef2e5e-6457-47fa-9745-df7de0df6ab5: shutdown FollowerState
2019-10-02 23:13:26,607 [grpc-default-executor-2] INFO  impl.RoleInfo (RoleInfo.java:updateAndGet(143)) - c35d8cd1-3635-4921-9686-149083e4c1af: start FollowerState
2019-10-02 23:13:26,607 [Thread-1494] INFO  impl.FollowerState (FollowerState.java:run(117)) - 1eef2e5e-6457-47fa-9745-df7de0df6ab5@group-BE13C00D2BDC-FollowerState was interrupted: java.lang.InterruptedException: sleep interrupted
2019-10-02 23:13:26,607 [Thread-1495] INFO  impl.FollowerState (FollowerState.java:run(117)) - c35d8cd1-3635-4921-9686-149083e4c1af@group-BE13C00D2BDC-FollowerState was interrupted: java.lang.InterruptedException: sleep interrupted
2019-10-02 23:13:26,607 [grpc-default-executor-1] INFO  impl.RoleInfo (RoleInfo.java:updateAndGet(143)) - 1eef2e5e-6457-47fa-9745-df7de0df6ab5: start FollowerState
2019-10-02 23:13:26,637 [34f87d13-3e7e-44e9-ab8f-6fdf7b1d4938@group-BE13C00D2BDC-LeaderElection32] INFO  impl.LeaderElection (LeaderElection.java:logAndReturn(56)) - 34f87d13-3e7e-44e9-ab8f-6fdf7b1d4938@group-BE13C00D2BDC-LeaderElection32: Election PASSED; received 1 response(s) [34f87d13-3e7e-44e9-ab8f-6fdf7b1d4938<-1eef2e5e-6457-47fa-9745-df7de0df6ab5#0:OK-t1] and 0 exception(s); 34f87d13-3e7e-44e9-ab8f-6fdf7b1d4938@group-BE13C00D2BDC:t1, leader=null, voted=34f87d13-3e7e-44e9-ab8f-6fdf7b1d4938, raftlog=34f87d13-3e7e-44e9-ab8f-6fdf7b1d4938@group-BE13C00D2BDC-SegmentedRaftLog:OPENED:c-1,f-1,i0, conf=-1: [1eef2e5e-6457-47fa-9745-df7de0df6ab5:192.168.30.30:43964, c35d8cd1-3635-4921-9686-149083e4c1af:192.168.30.30:37198, 34f87d13-3e7e-44e9-ab8f-6fdf7b1d4938:192.168.30.30:38716], old=null
2019-10-02 23:13:26,637 [34f87d13-3e7e-44e9-ab8f-6fdf7b1d4938@group-BE13C00D2BDC-LeaderElection32] INFO  impl.RoleInfo (RoleInfo.java:shutdownLeaderElection(134)) - 34f87d13-3e7e-44e9-ab8f-6fdf7b1d4938: shutdown LeaderElection
2019-10-02 23:13:26,638 [34f87d13-3e7e-44e9-ab8f-6fdf7b1d4938@group-BE13C00D2BDC-LeaderElection32] INFO  impl.RaftServerImpl (RaftServerImpl.java:setRole(170)) - 34f87d13-3e7e-44e9-ab8f-6fdf7b1d4938@group-BE13C00D2BDC: changes role from CANDIDATE to LEADER at term 1 for changeToLeader
2019-10-02 23:13:26,638 [34f87d13-3e7e-44e9-ab8f-6fdf7b1d4938@group-BE13C00D2BDC-LeaderElection32] INFO  impl.RaftServerImpl (ServerState.java:setLeader(255)) - 34f87d13-3e7e-44e9-ab8f-6fdf7b1d4938@group-BE13C00D2BDC: change Leader from null to 34f87d13-3e7e-44e9-ab8f-6fdf7b1d4938 at term 1 for becomeLeader, leader elected after 5157ms
2019-10-02 23:13:26,638 [34f87d13-3e7e-44e9-ab8f-6fdf7b1d4938@group-BE13C00D2BDC-LeaderElection32] INFO  server.RaftServerConfigKeys (ConfUtils.java:logGet(43)) - raft.server.staging.catchup.gap = 1000 (default)
2019-10-02 23:13:26,638 [34f87d13-3e7e-44e9-ab8f-6fdf7b1d4938@group-BE13C00D2BDC-LeaderElection32] INFO  server.RaftServerConfigKeys (ConfUtils.java:logGet(43)) - raft.server.rpc.sleep.time = 25ms (default)
2019-10-02 23:13:26,638 [34f87d13-3e7e-44e9-ab8f-6fdf7b1d4938@group-BE13C00D2BDC-LeaderElection32] INFO  server.RaftServerConfigKeys (ConfUtils.java:logGet(43)) - raft.server.write.element-limit = 4096 (default)
2019-10-02 23:13:26,638 [34f87d13-3e7e-44e9-ab8f-6fdf7b1d4938@group-BE13C00D2BDC-LeaderElection32] INFO  server.RaftServerConfigKeys (ConfUtils.java:logGet(43)) - raft.server.watch.timeout = 10s (default)
2019-10-02 23:13:26,638 [34f87d13-3e7e-44e9-ab8f-6fdf7b1d4938@group-BE13C00D2BDC-LeaderElection32] INFO  server.RaftServerConfigKeys (ConfUtils.java:logGet(43)) - raft.server.watch.timeout.denomination = 1s (default)
2019-10-02 23:13:26,638 [34f87d13-3e7e-44e9-ab8f-6fdf7b1d4938@group-BE13C00D2BDC-LeaderElection32] INFO  server.RaftServerConfigKeys (ConfUtils.java:logGet(43)) - raft.server.watch.element-limit = 65536 (default)
2019-10-02 23:13:26,639 [34f87d13-3e7e-44e9-ab8f-6fdf7b1d4938@group-BE13C00D2BDC-LeaderElection32] INFO  server.RaftServerConfigKeys (ConfUtils.java:logGet(43)) - raft.server.log.appender.snapshot.chunk.size.max = 16MB (=16777216) (default)
2019-10-02 23:13:26,640 [34f87d13-3e7e-44e9-ab8f-6fdf7b1d4938@group-BE13C00D2BDC-LeaderElection32] INFO  server.RaftServerConfigKeys (ConfUtils.java:logGet(43)) - raft.server.log.appender.buffer.byte-limit = 33554432 (custom)
2019-10-02 23:13:26,640 [34f87d13-3e7e-44e9-ab8f-6fdf7b1d4938@group-BE13C00D2BDC-LeaderElection32] INFO  server.RaftServerConfigKeys (ConfUtils.java:logGet(43)) - raft.server.log.appender.buffer.element-limit = 1 (custom)
2019-10-02 23:13:26,640 [34f87d13-3e7e-44e9-ab8f-6fdf7b1d4938@group-BE13C00D2BDC-LeaderElection32] INFO  grpc.GrpcConfigKeys$Server (ConfUtils.java:logGet(43)) - raft.grpc.server.leader.outstanding.appends.max = 128 (default)
2019-10-02 23:13:26,640 [34f87d13-3e7e-44e9-ab8f-6fdf7b1d4938@group-BE13C00D2BDC-LeaderElection32] INFO  server.RaftServerConfigKeys (ConfUtils.java:logGet(43)) - raft.server.rpc.request.timeout = 3000ms (default)
2019-10-02 23:13:26,640 [34f87d13-3e7e-44e9-ab8f-6fdf7b1d4938@group-BE13C00D2BDC-LeaderElection32] INFO  server.RaftServerConfigKeys (ConfUtils.java:logGet(43)) - raft.server.log.appender.install.snapshot.enabled = false (custom)
2019-10-02 23:13:26,640 [34f87d13-3e7e-44e9-ab8f-6fdf7b1d4938@group-BE13C00D2BDC-LeaderElection32] INFO  server.RaftServerConfigKeys (ConfUtils.java:logGet(43)) - raft.server.log.appender.snapshot.chunk.size.max = 16MB (=16777216) (default)
2019-10-02 23:13:26,640 [34f87d13-3e7e-44e9-ab8f-6fdf7b1d4938@group-BE13C00D2BDC-LeaderElection32] INFO  server.RaftServerConfigKeys (ConfUtils.java:logGet(43)) - raft.server.log.appender.buffer.byte-limit = 33554432 (custom)
2019-10-02 23:13:26,640 [34f87d13-3e7e-44e9-ab8f-6fdf7b1d4938@group-BE13C00D2BDC-LeaderElection32] INFO  server.RaftServerConfigKeys (ConfUtils.java:logGet(43)) - raft.server.log.appender.buffer.element-limit = 1 (custom)
2019-10-02 23:13:26,641 [34f87d13-3e7e-44e9-ab8f-6fdf7b1d4938@group-BE13C00D2BDC-LeaderElection32] INFO  grpc.GrpcConfigKeys$Server (ConfUtils.java:logGet(43)) - raft.grpc.server.leader.outstanding.appends.max = 128 (default)
2019-10-02 23:13:26,641 [34f87d13-3e7e-44e9-ab8f-6fdf7b1d4938@group-BE13C00D2BDC-LeaderElection32] INFO  server.RaftServerConfigKeys (ConfUtils.java:logGet(43)) - raft.server.rpc.request.timeout = 3000ms (default)
2019-10-02 23:13:26,641 [34f87d13-3e7e-44e9-ab8f-6fdf7b1d4938@group-BE13C00D2BDC-LeaderElection32] INFO  server.RaftServerConfigKeys (ConfUtils.java:logGet(43)) - raft.server.log.appender.install.snapshot.enabled = false (custom)
2019-10-02 23:13:26,641 [34f87d13-3e7e-44e9-ab8f-6fdf7b1d4938@group-BE13C00D2BDC-LeaderElection32] INFO  impl.RoleInfo (RoleInfo.java:updateAndGet(143)) - 34f87d13-3e7e-44e9-ab8f-6fdf7b1d4938: start LeaderState
2019-10-02 23:13:26,641 [34f87d13-3e7e-44e9-ab8f-6fdf7b1d4938@group-BE13C00D2BDC-LeaderElection32] INFO  segmented.SegmentedRaftLogWorker (SegmentedRaftLogWorker.java:startLogSegment(385)) - 34f87d13-3e7e-44e9-ab8f-6fdf7b1d4938@group-BE13C00D2BDC-SegmentedRaftLogWorker: Starting segment from index:0
2019-10-02 23:13:26,642 [34f87d13-3e7e-44e9-ab8f-6fdf7b1d4938@group-BE13C00D2BDC-LeaderElection32] INFO  impl.RaftServerImpl (ServerState.java:setRaftConf(356)) - 34f87d13-3e7e-44e9-ab8f-6fdf7b1d4938@group-BE13C00D2BDC: set configuration 0: [1eef2e5e-6457-47fa-9745-df7de0df6ab5:192.168.30.30:43964, c35d8cd1-3635-4921-9686-149083e4c1af:192.168.30.30:37198, 34f87d13-3e7e-44e9-ab8f-6fdf7b1d4938:192.168.30.30:38716], old=null at 0
2019-10-02 23:13:26,645 [grpc-default-executor-2] INFO  impl.RaftServerImpl (ServerState.java:setLeader(255)) - c35d8cd1-3635-4921-9686-149083e4c1af@group-BE13C00D2BDC: change Leader from null to 34f87d13-3e7e-44e9-ab8f-6fdf7b1d4938 at term 1 for appendEntries, leader elected after 5143ms
2019-10-02 23:13:26,672 [34f87d13-3e7e-44e9-ab8f-6fdf7b1d4938@group-6A7A8B4A0920-SegmentedRaftLogWorker] INFO  segmented.SegmentedRaftLogWorker (SegmentedRaftLogWorker.java:execute(574)) - 34f87d13-3e7e-44e9-ab8f-6fdf7b1d4938@group-6A7A8B4A0920-SegmentedRaftLogWorker: created new log segment /workdir/hadoop-ozone/ozonefs/target/test-dir/MiniOzoneClusterImpl-3fb00ef8-a0a3-4fb6-a20c-a26d05563970/datanode-2/data/ratis/e20025d7-af3c-4d16-9265-6a7a8b4a0920/current/log_inprogress_0
2019-10-02 23:13:26,672 [grpc-default-executor-0] INFO  impl.RaftServerImpl (ServerState.java:setLeader(255)) - 1eef2e5e-6457-47fa-9745-df7de0df6ab5@group-BE13C00D2BDC: change Leader from null to 34f87d13-3e7e-44e9-ab8f-6fdf7b1d4938 at term 1 for appendEntries, leader elected after 5171ms
2019-10-02 23:13:26,676 [grpc-default-executor-0] INFO  impl.RaftServerImpl (ServerState.java:setRaftConf(356)) - 1eef2e5e-6457-47fa-9745-df7de0df6ab5@group-BE13C00D2BDC: set configuration 0: [1eef2e5e-6457-47fa-9745-df7de0df6ab5:192.168.30.30:43964, c35d8cd1-3635-4921-9686-149083e4c1af:192.168.30.30:37198, 34f87d13-3e7e-44e9-ab8f-6fdf7b1d4938:192.168.30.30:38716], old=null at 0
2019-10-02 23:13:26,676 [grpc-default-executor-2] INFO  impl.RaftServerImpl (ServerState.java:setRaftConf(356)) - c35d8cd1-3635-4921-9686-149083e4c1af@group-BE13C00D2BDC: set configuration 0: [1eef2e5e-6457-47fa-9745-df7de0df6ab5:192.168.30.30:43964, c35d8cd1-3635-4921-9686-149083e4c1af:192.168.30.30:37198, 34f87d13-3e7e-44e9-ab8f-6fdf7b1d4938:192.168.30.30:38716], old=null at 0
2019-10-02 23:13:26,677 [grpc-default-executor-0] INFO  segmented.SegmentedRaftLogWorker (SegmentedRaftLogWorker.java:startLogSegment(385)) - 1eef2e5e-6457-47fa-9745-df7de0df6ab5@group-BE13C00D2BDC-SegmentedRaftLogWorker: Starting segment from index:0
2019-10-02 23:13:26,677 [grpc-default-executor-2] INFO  segmented.SegmentedRaftLogWorker (SegmentedRaftLogWorker.java:startLogSegment(385)) - c35d8cd1-3635-4921-9686-149083e4c1af@group-BE13C00D2BDC-SegmentedRaftLogWorker: Starting segment from index:0
2019-10-02 23:13:26,711 [34f87d13-3e7e-44e9-ab8f-6fdf7b1d4938@group-BE13C00D2BDC-SegmentedRaftLogWorker] INFO  segmented.SegmentedRaftLogWorker (SegmentedRaftLogWorker.java:execute(574)) - 34f87d13-3e7e-44e9-ab8f-6fdf7b1d4938@group-BE13C00D2BDC-SegmentedRaftLogWorker: created new log segment /workdir/hadoop-ozone/ozonefs/target/test-dir/MiniOzoneClusterImpl-3fb00ef8-a0a3-4fb6-a20c-a26d05563970/datanode-2/data/ratis/d03dffd5-3a7f-4efe-8bb7-be13c00d2bdc/current/log_inprogress_0
2019-10-02 23:13:26,731 [1eef2e5e-6457-47fa-9745-df7de0df6ab5@group-BE13C00D2BDC-SegmentedRaftLogWorker] INFO  segmented.SegmentedRaftLogWorker (SegmentedRaftLogWorker.java:execute(574)) - 1eef2e5e-6457-47fa-9745-df7de0df6ab5@group-BE13C00D2BDC-SegmentedRaftLogWorker: created new log segment /workdir/hadoop-ozone/ozonefs/target/test-dir/MiniOzoneClusterImpl-3fb00ef8-a0a3-4fb6-a20c-a26d05563970/datanode-1/data/ratis/d03dffd5-3a7f-4efe-8bb7-be13c00d2bdc/current/log_inprogress_0
2019-10-02 23:13:26,731 [c35d8cd1-3635-4921-9686-149083e4c1af@group-BE13C00D2BDC-SegmentedRaftLogWorker] INFO  segmented.SegmentedRaftLogWorker (SegmentedRaftLogWorker.java:execute(574)) - c35d8cd1-3635-4921-9686-149083e4c1af@group-BE13C00D2BDC-SegmentedRaftLogWorker: created new log segment /workdir/hadoop-ozone/ozonefs/target/test-dir/MiniOzoneClusterImpl-3fb00ef8-a0a3-4fb6-a20c-a26d05563970/datanode-0/data/ratis/d03dffd5-3a7f-4efe-8bb7-be13c00d2bdc/current/log_inprogress_0
2019-10-02 23:13:27,428 [ForkJoinPool.commonPool-worker-1] INFO  ozoneimpl.OzoneContainer (OzoneContainer.java:stop(231)) - Attempting to stop container services.
2019-10-02 23:13:27,428 [Thread-1307] INFO  ozoneimpl.OzoneContainer (OzoneContainer.java:stop(231)) - Attempting to stop container services.
2019-10-02 23:13:27,428 [ForkJoinPool.commonPool-worker-1] INFO  impl.RaftServerProxy (RaftServerProxy.java:lambda$close$4(314)) - c35d8cd1-3635-4921-9686-149083e4c1af: close
2019-10-02 23:13:27,428 [Thread-1307] INFO  impl.RaftServerProxy (RaftServerProxy.java:lambda$close$4(314)) - 1eef2e5e-6457-47fa-9745-df7de0df6ab5: close
2019-10-02 23:13:27,428 [ForkJoinPool.commonPool-worker-1] INFO  impl.RaftServerImpl (RaftServerImpl.java:lambda$shutdown$3(247)) - c35d8cd1-3635-4921-9686-149083e4c1af@group-CB24F68ACB6B: shutdown
2019-10-02 23:13:27,428 [Thread-1307] INFO  impl.RaftServerImpl (RaftServerImpl.java:lambda$shutdown$3(247)) - 1eef2e5e-6457-47fa-9745-df7de0df6ab5@group-DCC870F78A54: shutdown
2019-10-02 23:13:27,428 [ForkJoinPool.commonPool-worker-1] INFO  util.JmxRegister (JmxRegister.java:unregister(73)) - Successfully un-registered JMX Bean with object name Ratis:service=RaftServer,group=group-CB24F68ACB6B,id=c35d8cd1-3635-4921-9686-149083e4c1af
2019-10-02 23:13:27,429 [Thread-1307] INFO  util.JmxRegister (JmxRegister.java:unregister(73)) - Successfully un-registered JMX Bean with object name Ratis:service=RaftServer,group=group-DCC870F78A54,id=1eef2e5e-6457-47fa-9745-df7de0df6ab5
2019-10-02 23:13:27,429 [ForkJoinPool.commonPool-worker-1] INFO  impl.RoleInfo (RoleInfo.java:shutdownLeaderState(104)) - c35d8cd1-3635-4921-9686-149083e4c1af: shutdown LeaderState
2019-10-02 23:13:27,429 [Thread-1307] INFO  impl.RoleInfo (RoleInfo.java:shutdownLeaderState(104)) - 1eef2e5e-6457-47fa-9745-df7de0df6ab5: shutdown LeaderState
2019-10-02 23:13:27,429 [ForkJoinPool.commonPool-worker-1] INFO  impl.PendingRequests (PendingRequests.java:sendNotLeaderResponses(202)) - c35d8cd1-3635-4921-9686-149083e4c1af@group-CB24F68ACB6B-PendingRequests: sendNotLeaderResponses
2019-10-02 23:13:27,429 [Thread-1307] INFO  impl.PendingRequests (PendingRequests.java:sendNotLeaderResponses(202)) - 1eef2e5e-6457-47fa-9745-df7de0df6ab5@group-DCC870F78A54-PendingRequests: sendNotLeaderResponses
2019-10-02 23:13:27,430 [ForkJoinPool.commonPool-worker-1] INFO  impl.StateMachineUpdater (StateMachineUpdater.java:stopAndJoin(136)) - c35d8cd1-3635-4921-9686-149083e4c1af@group-CB24F68ACB6B-StateMachineUpdater: set stopIndex = 0
2019-10-02 23:13:27,430 [Thread-1307] INFO  impl.StateMachineUpdater (StateMachineUpdater.java:stopAndJoin(136)) - 1eef2e5e-6457-47fa-9745-df7de0df6ab5@group-DCC870F78A54-StateMachineUpdater: set stopIndex = 0
2019-10-02 23:13:27,430 [ForkJoinPool.commonPool-worker-1] INFO  impl.RaftServerImpl (ServerState.java:close(387)) - c35d8cd1-3635-4921-9686-149083e4c1af@group-CB24F68ACB6B: closes. applyIndex: 0
2019-10-02 23:13:27,430 [Thread-1307] INFO  impl.RaftServerImpl (ServerState.java:close(387)) - 1eef2e5e-6457-47fa-9745-df7de0df6ab5@group-DCC870F78A54: closes. applyIndex: 0
2019-10-02 23:13:27,430 [c35d8cd1-3635-4921-9686-149083e4c1af@group-CB24F68ACB6B-SegmentedRaftLogWorker] INFO  segmented.SegmentedRaftLogWorker (SegmentedRaftLogWorker.java:run(316)) - c35d8cd1-3635-4921-9686-149083e4c1af@group-CB24F68ACB6B-SegmentedRaftLogWorker was interrupted, exiting. There are 0 tasks remaining in the queue.
2019-10-02 23:13:27,430 [1eef2e5e-6457-47fa-9745-df7de0df6ab5@group-DCC870F78A54-SegmentedRaftLogWorker] INFO  segmented.SegmentedRaftLogWorker (SegmentedRaftLogWorker.java:run(316)) - 1eef2e5e-6457-47fa-9745-df7de0df6ab5@group-DCC870F78A54-SegmentedRaftLogWorker was interrupted, exiting. There are 0 tasks remaining in the queue.
2019-10-02 23:13:27,435 [ForkJoinPool.commonPool-worker-1] INFO  segmented.SegmentedRaftLogWorker (SegmentedRaftLogWorker.java:close(224)) - c35d8cd1-3635-4921-9686-149083e4c1af@group-CB24F68ACB6B-SegmentedRaftLogWorker close()
2019-10-02 23:13:27,435 [Thread-1307] INFO  segmented.SegmentedRaftLogWorker (SegmentedRaftLogWorker.java:close(224)) - 1eef2e5e-6457-47fa-9745-df7de0df6ab5@group-DCC870F78A54-SegmentedRaftLogWorker close()
2019-10-02 23:13:27,438 [ForkJoinPool.commonPool-worker-1] INFO  impl.RaftServerImpl (RaftServerImpl.java:lambda$shutdown$3(247)) - c35d8cd1-3635-4921-9686-149083e4c1af@group-BE13C00D2BDC: shutdown
2019-10-02 23:13:27,441 [Thread-1307] INFO  impl.RaftServerImpl (RaftServerImpl.java:lambda$shutdown$3(247)) - 1eef2e5e-6457-47fa-9745-df7de0df6ab5@group-BE13C00D2BDC: shutdown
2019-10-02 23:13:27,441 [ForkJoinPool.commonPool-worker-1] INFO  util.JmxRegister (JmxRegister.java:unregister(73)) - Successfully un-registered JMX Bean with object name Ratis:service=RaftServer,group=group-BE13C00D2BDC,id=c35d8cd1-3635-4921-9686-149083e4c1af
2019-10-02 23:13:27,442 [Thread-1307] INFO  util.JmxRegister (JmxRegister.java:unregister(73)) - Successfully un-registered JMX Bean with object name Ratis:service=RaftServer,group=group-BE13C00D2BDC,id=1eef2e5e-6457-47fa-9745-df7de0df6ab5
2019-10-02 23:13:27,442 [ForkJoinPool.commonPool-worker-1] INFO  impl.RoleInfo (RoleInfo.java:shutdownFollowerState(121)) - c35d8cd1-3635-4921-9686-149083e4c1af: shutdown FollowerState
2019-10-02 23:13:27,442 [Thread-1307] INFO  impl.RoleInfo (RoleInfo.java:shutdownFollowerState(121)) - 1eef2e5e-6457-47fa-9745-df7de0df6ab5: shutdown FollowerState
2019-10-02 23:13:27,442 [Thread-1511] INFO  impl.FollowerState (FollowerState.java:run(117)) - c35d8cd1-3635-4921-9686-149083e4c1af@group-BE13C00D2BDC-FollowerState was interrupted: java.lang.InterruptedException: sleep interrupted
2019-10-02 23:13:27,442 [Thread-1512] INFO  impl.FollowerState (FollowerState.java:run(117)) - 1eef2e5e-6457-47fa-9745-df7de0df6ab5@group-BE13C00D2BDC-FollowerState was interrupted: java.lang.InterruptedException: sleep interrupted
2019-10-02 23:13:27,442 [ForkJoinPool.commonPool-worker-1] INFO  impl.StateMachineUpdater (StateMachineUpdater.java:stopAndJoin(136)) - c35d8cd1-3635-4921-9686-149083e4c1af@group-BE13C00D2BDC-StateMachineUpdater: set stopIndex = -1
2019-10-02 23:13:27,442 [Thread-1307] INFO  impl.StateMachineUpdater (StateMachineUpdater.java:stopAndJoin(136)) - 1eef2e5e-6457-47fa-9745-df7de0df6ab5@group-BE13C00D2BDC-StateMachineUpdater: set stopIndex = -1
2019-10-02 23:13:27,446 [ForkJoinPool.commonPool-worker-1] INFO  impl.RaftServerImpl (ServerState.java:close(387)) - c35d8cd1-3635-4921-9686-149083e4c1af@group-BE13C00D2BDC: closes. applyIndex: -1
2019-10-02 23:13:27,446 [Thread-1307] INFO  impl.RaftServerImpl (ServerState.java:close(387)) - 1eef2e5e-6457-47fa-9745-df7de0df6ab5@group-BE13C00D2BDC: closes. applyIndex: -1
2019-10-02 23:13:27,446 [c35d8cd1-3635-4921-9686-149083e4c1af@group-BE13C00D2BDC-SegmentedRaftLogWorker] INFO  segmented.SegmentedRaftLogWorker (SegmentedRaftLogWorker.java:run(316)) - c35d8cd1-3635-4921-9686-149083e4c1af@group-BE13C00D2BDC-SegmentedRaftLogWorker was interrupted, exiting. There are 0 tasks remaining in the queue.
2019-10-02 23:13:27,446 [1eef2e5e-6457-47fa-9745-df7de0df6ab5@group-BE13C00D2BDC-SegmentedRaftLogWorker] INFO  segmented.SegmentedRaftLogWorker (SegmentedRaftLogWorker.java:run(316)) - 1eef2e5e-6457-47fa-9745-df7de0df6ab5@group-BE13C00D2BDC-SegmentedRaftLogWorker was interrupted, exiting. There are 0 tasks remaining in the queue.
2019-10-02 23:13:27,449 [ForkJoinPool.commonPool-worker-1] INFO  segmented.SegmentedRaftLogWorker (SegmentedRaftLogWorker.java:close(224)) - c35d8cd1-3635-4921-9686-149083e4c1af@group-BE13C00D2BDC-SegmentedRaftLogWorker close()
2019-10-02 23:13:27,449 [Thread-1307] INFO  segmented.SegmentedRaftLogWorker (SegmentedRaftLogWorker.java:close(224)) - 1eef2e5e-6457-47fa-9745-df7de0df6ab5@group-BE13C00D2BDC-SegmentedRaftLogWorker close()
2019-10-02 23:13:27,452 [ForkJoinPool.commonPool-worker-1] INFO  server.GrpcService (GrpcService.java:closeImpl(164)) - c35d8cd1-3635-4921-9686-149083e4c1af: shutdown server with port 37198 now
2019-10-02 23:13:27,454 [Thread-1307] INFO  server.GrpcService (GrpcService.java:closeImpl(164)) - 1eef2e5e-6457-47fa-9745-df7de0df6ab5: shutdown server with port 43964 now
2019-10-02 23:13:27,459 [grpc-default-executor-1] WARN  server.GrpcServerProtocolService (LogUtils.java:warn(134)) - c35d8cd1-3635-4921-9686-149083e4c1af: installSnapshot onError, lastRequest: 34f87d13-3e7e-44e9-ab8f-6fdf7b1d4938->c35d8cd1-3635-4921-9686-149083e4c1af#1-t1, previous=(t:0, i:0), leaderCommit=-1, initializing? false, entries: size=1, first=(t:1, i:0), CONFIGURATIONENTRY: org.apache.ratis.thirdparty.io.grpc.StatusRuntimeException: CANCELLED: cancelled before receiving half close
2019-10-02 23:13:27,461 [ForkJoinPool.commonPool-worker-1] INFO  server.GrpcService (GrpcService.java:closeImpl(172)) - c35d8cd1-3635-4921-9686-149083e4c1af: shutdown server with port 37198 successfully
2019-10-02 23:13:27,461 [Thread-1307] INFO  server.GrpcService (GrpcService.java:closeImpl(172)) - 1eef2e5e-6457-47fa-9745-df7de0df6ab5: shutdown server with port 43964 successfully
2019-10-02 23:13:27,461 [grpc-default-executor-2] WARN  server.GrpcLogAppender (LogUtils.java:warn(134)) - 34f87d13-3e7e-44e9-ab8f-6fdf7b1d4938@group-BE13C00D2BDC->1eef2e5e-6457-47fa-9745-df7de0df6ab5-AppendLogResponseHandler: Failed appendEntries: org.apache.ratis.thirdparty.io.grpc.StatusRuntimeException: CANCELLED: HTTP/2 error code: CANCEL
Received Rst Stream
2019-10-02 23:13:27,461 [grpc-default-executor-0] WARN  server.GrpcLogAppender (LogUtils.java:warn(134)) - 34f87d13-3e7e-44e9-ab8f-6fdf7b1d4938@group-BE13C00D2BDC->c35d8cd1-3635-4921-9686-149083e4c1af-AppendLogResponseHandler: Failed appendEntries: org.apache.ratis.thirdparty.io.grpc.StatusRuntimeException: CANCELLED: HTTP/2 error code: CANCEL
Received Rst Stream
2019-10-02 23:13:27,461 [grpc-default-executor-3] WARN  server.GrpcServerProtocolService (LogUtils.java:warn(134)) - 1eef2e5e-6457-47fa-9745-df7de0df6ab5: installSnapshot onError, lastRequest: 34f87d13-3e7e-44e9-ab8f-6fdf7b1d4938->1eef2e5e-6457-47fa-9745-df7de0df6ab5#1-t1, previous=(t:0, i:0), leaderCommit=-1, initializing? false, entries: size=1, first=(t:1, i:0), CONFIGURATIONENTRY: org.apache.ratis.thirdparty.io.grpc.StatusRuntimeException: CANCELLED: cancelled before receiving half close
2019-10-02 23:13:27,463 [grpc-default-executor-2] INFO  impl.FollowerInfo (FollowerInfo.java:lambda$new$0(51)) - 34f87d13-3e7e-44e9-ab8f-6fdf7b1d4938@group-BE13C00D2BDC->1eef2e5e-6457-47fa-9745-df7de0df6ab5: nextIndex: updateUnconditionally 1 -> 0
2019-10-02 23:13:27,464 [grpc-default-executor-0] INFO  impl.FollowerInfo (FollowerInfo.java:lambda$new$0(51)) - 34f87d13-3e7e-44e9-ab8f-6fdf7b1d4938@group-BE13C00D2BDC->c35d8cd1-3635-4921-9686-149083e4c1af: nextIndex: updateUnconditionally 1 -> 0
2019-10-02 23:13:27,465 [refreshUsed-/workdir/hadoop-ozone/ozonefs/target/test-dir/MiniOzoneClusterImpl-3fb00ef8-a0a3-4fb6-a20c-a26d05563970/datanode-1/data/containers] WARN  fs.CachingGetSpaceUsed (CachingGetSpaceUsed.java:run(183)) - Thread Interrupted waiting to refresh disk information: sleep interrupted
2019-10-02 23:13:27,465 [refreshUsed-/workdir/hadoop-ozone/ozonefs/target/test-dir/MiniOzoneClusterImpl-3fb00ef8-a0a3-4fb6-a20c-a26d05563970/datanode-0/data/containers] WARN  fs.CachingGetSpaceUsed (CachingGetSpaceUsed.java:run(183)) - Thread Interrupted waiting to refresh disk information: sleep interrupted
2019-10-02 23:13:27,483 [Thread-1307] INFO  utils.BackgroundService (BackgroundService.java:shutdown(148)) - Shutting down service BlockDeletingService
2019-10-02 23:13:27,486 [ForkJoinPool.commonPool-worker-1] INFO  utils.BackgroundService (BackgroundService.java:shutdown(148)) - Shutting down service BlockDeletingService
2019-10-02 23:13:27,486 [Thread-1307] INFO  statemachine.DatanodeStateMachine (DatanodeStateMachine.java:stopDaemon(395)) - Ozone container server stopped.
2019-10-02 23:13:27,494 [ForkJoinPool.commonPool-worker-1] INFO  statemachine.DatanodeStateMachine (DatanodeStateMachine.java:stopDaemon(395)) - Ozone container server stopped.
2019-10-02 23:13:27,496 [Thread-1307] INFO  handler.ContextHandler (ContextHandler.java:doStop(910)) - Stopped o.e.j.w.WebAppContext@7398d566{/,null,UNAVAILABLE}{/hddsDatanode}
2019-10-02 23:13:27,497 [ForkJoinPool.commonPool-worker-1] INFO  handler.ContextHandler (ContextHandler.java:doStop(910)) - Stopped o.e.j.w.WebAppContext@7c8e8d95{/,null,UNAVAILABLE}{/hddsDatanode}
2019-10-02 23:13:27,497 [Thread-1307] INFO  server.AbstractConnector (AbstractConnector.java:doStop(318)) - Stopped ServerConnector@1291fd68{HTTP/1.1,[http/1.1]}{0.0.0.0:0}
2019-10-02 23:13:27,497 [ForkJoinPool.commonPool-worker-1] INFO  server.AbstractConnector (AbstractConnector.java:doStop(318)) - Stopped ServerConnector@27aacad{HTTP/1.1,[http/1.1]}{0.0.0.0:0}
2019-10-02 23:13:27,497 [Thread-1307] INFO  handler.ContextHandler (ContextHandler.java:doStop(910)) - Stopped o.e.j.s.ServletContextHandler@35fda481{/static,jar:file:/home/user/.m2/repository/org/apache/hadoop/hadoop-hdds-container-service/0.5.0-SNAPSHOT/hadoop-hdds-container-service-0.5.0-SNAPSHOT.jar!/webapps/static,UNAVAILABLE}
2019-10-02 23:13:27,498 [ForkJoinPool.commonPool-worker-1] INFO  handler.ContextHandler (ContextHandler.java:doStop(910)) - Stopped o.e.j.s.ServletContextHandler@7e9b1333{/static,jar:file:/home/user/.m2/repository/org/apache/hadoop/hadoop-hdds-container-service/0.5.0-SNAPSHOT/hadoop-hdds-container-service-0.5.0-SNAPSHOT.jar!/webapps/static,UNAVAILABLE}
2019-10-02 23:13:27,498 [Thread-1307] INFO  handler.ContextHandler (ContextHandler.java:doStop(910)) - Stopped o.e.j.s.ServletContextHandler@12b42efe{/logs,file:///workdir/hadoop-ozone/ozonefs/target/log,UNAVAILABLE}
2019-10-02 23:13:27,499 [ForkJoinPool.commonPool-worker-1] INFO  handler.ContextHandler (ContextHandler.java:doStop(910)) - Stopped o.e.j.s.ServletContextHandler@3d6fed20{/logs,file:///workdir/hadoop-ozone/ozonefs/target/log,UNAVAILABLE}
2019-10-02 23:13:28,335 [Datanode State Machine Thread - 0] INFO  statemachine.DatanodeStateMachine (DatanodeStateMachine.java:lambda$startDaemon$0(350)) - Ozone container server started.
2019-10-02 23:13:29,248 [grpc-default-executor-1] WARN  server.GrpcLogAppender (LogUtils.java:warn(134)) - 34f87d13-3e7e-44e9-ab8f-6fdf7b1d4938@group-BE13C00D2BDC->1eef2e5e-6457-47fa-9745-df7de0df6ab5-AppendLogResponseHandler: Failed appendEntries: org.apache.ratis.thirdparty.io.grpc.StatusRuntimeException: UNAVAILABLE: io exception
2019-10-02 23:13:29,249 [grpc-default-executor-4] WARN  server.GrpcLogAppender (LogUtils.java:warn(134)) - 34f87d13-3e7e-44e9-ab8f-6fdf7b1d4938@group-BE13C00D2BDC->c35d8cd1-3635-4921-9686-149083e4c1af-AppendLogResponseHandler: Failed appendEntries: org.apache.ratis.thirdparty.io.grpc.StatusRuntimeException: UNAVAILABLE: io exception
2019-10-02 23:13:29,249 [grpc-default-executor-1] INFO  impl.FollowerInfo (FollowerInfo.java:lambda$new$0(51)) - 34f87d13-3e7e-44e9-ab8f-6fdf7b1d4938@group-BE13C00D2BDC->1eef2e5e-6457-47fa-9745-df7de0df6ab5: nextIndex: updateUnconditionally 0 -> 0
2019-10-02 23:13:29,250 [grpc-default-executor-4] INFO  impl.FollowerInfo (FollowerInfo.java:lambda$new$0(51)) - 34f87d13-3e7e-44e9-ab8f-6fdf7b1d4938@group-BE13C00D2BDC->c35d8cd1-3635-4921-9686-149083e4c1af: nextIndex: updateUnconditionally 0 -> 0
2019-10-02 23:13:31,751 [grpc-default-executor-2] WARN  server.GrpcLogAppender (LogUtils.java:warn(134)) - 34f87d13-3e7e-44e9-ab8f-6fdf7b1d4938@group-BE13C00D2BDC->c35d8cd1-3635-4921-9686-149083e4c1af-AppendLogResponseHandler: Failed appendEntries: org.apache.ratis.thirdparty.io.grpc.StatusRuntimeException: UNAVAILABLE: io exception
2019-10-02 23:13:31,751 [grpc-default-executor-3] WARN  server.GrpcLogAppender (LogUtils.java:warn(134)) - 34f87d13-3e7e-44e9-ab8f-6fdf7b1d4938@group-BE13C00D2BDC->1eef2e5e-6457-47fa-9745-df7de0df6ab5-AppendLogResponseHandler: Failed appendEntries: org.apache.ratis.thirdparty.io.grpc.StatusRuntimeException: UNAVAILABLE: io exception
2019-10-02 23:13:31,752 [grpc-default-executor-2] INFO  impl.FollowerInfo (FollowerInfo.java:lambda$new$0(51)) - 34f87d13-3e7e-44e9-ab8f-6fdf7b1d4938@group-BE13C00D2BDC->c35d8cd1-3635-4921-9686-149083e4c1af: nextIndex: updateUnconditionally 0 -> 0
2019-10-02 23:13:31,753 [grpc-default-executor-3] INFO  impl.FollowerInfo (FollowerInfo.java:lambda$new$0(51)) - 34f87d13-3e7e-44e9-ab8f-6fdf7b1d4938@group-BE13C00D2BDC->1eef2e5e-6457-47fa-9745-df7de0df6ab5: nextIndex: updateUnconditionally 0 -> 0
2019-10-02 23:13:32,500 [Thread-1307] INFO  ozoneimpl.OzoneContainer (OzoneContainer.java:stop(231)) - Attempting to stop container services.
2019-10-02 23:13:32,501 [Thread-1307] INFO  impl.RaftServerProxy (RaftServerProxy.java:lambda$close$4(314)) - 34f87d13-3e7e-44e9-ab8f-6fdf7b1d4938: close
2019-10-02 23:13:32,501 [Thread-1307] INFO  impl.RaftServerImpl (RaftServerImpl.java:lambda$shutdown$3(247)) - 34f87d13-3e7e-44e9-ab8f-6fdf7b1d4938@group-6A7A8B4A0920: shutdown
2019-10-02 23:13:32,501 [Thread-1307] INFO  util.JmxRegister (JmxRegister.java:unregister(73)) - Successfully un-registered JMX Bean with object name Ratis:service=RaftServer,group=group-6A7A8B4A0920,id=34f87d13-3e7e-44e9-ab8f-6fdf7b1d4938
2019-10-02 23:13:32,501 [Thread-1307] INFO  impl.RoleInfo (RoleInfo.java:shutdownLeaderState(104)) - 34f87d13-3e7e-44e9-ab8f-6fdf7b1d4938: shutdown LeaderState
2019-10-02 23:13:32,502 [Thread-1307] INFO  impl.PendingRequests (PendingRequests.java:sendNotLeaderResponses(202)) - 34f87d13-3e7e-44e9-ab8f-6fdf7b1d4938@group-6A7A8B4A0920-PendingRequests: sendNotLeaderResponses
2019-10-02 23:13:32,502 [Thread-1307] INFO  impl.StateMachineUpdater (StateMachineUpdater.java:stopAndJoin(136)) - 34f87d13-3e7e-44e9-ab8f-6fdf7b1d4938@group-6A7A8B4A0920-StateMachineUpdater: set stopIndex = 0
2019-10-02 23:13:32,502 [Thread-1307] INFO  impl.RaftServerImpl (ServerState.java:close(387)) - 34f87d13-3e7e-44e9-ab8f-6fdf7b1d4938@group-6A7A8B4A0920: closes. applyIndex: 0
2019-10-02 23:13:32,503 [34f87d13-3e7e-44e9-ab8f-6fdf7b1d4938@group-6A7A8B4A0920-SegmentedRaftLogWorker] INFO  segmented.SegmentedRaftLogWorker (SegmentedRaftLogWorker.java:run(316)) - 34f87d13-3e7e-44e9-ab8f-6fdf7b1d4938@group-6A7A8B4A0920-SegmentedRaftLogWorker was interrupted, exiting. There are 0 tasks remaining in the queue.
2019-10-02 23:13:32,505 [Thread-1307] INFO  segmented.SegmentedRaftLogWorker (SegmentedRaftLogWorker.java:close(224)) - 34f87d13-3e7e-44e9-ab8f-6fdf7b1d4938@group-6A7A8B4A0920-SegmentedRaftLogWorker close()
2019-10-02 23:13:32,506 [Thread-1307] INFO  impl.RaftServerImpl (RaftServerImpl.java:lambda$shutdown$3(247)) - 34f87d13-3e7e-44e9-ab8f-6fdf7b1d4938@group-BE13C00D2BDC: shutdown
2019-10-02 23:13:32,507 [Thread-1307] INFO  util.JmxRegister (JmxRegister.java:unregister(73)) - Successfully un-registered JMX Bean with object name Ratis:service=RaftServer,group=group-BE13C00D2BDC,id=34f87d13-3e7e-44e9-ab8f-6fdf7b1d4938
2019-10-02 23:13:32,507 [Thread-1307] INFO  impl.RoleInfo (RoleInfo.java:shutdownLeaderState(104)) - 34f87d13-3e7e-44e9-ab8f-6fdf7b1d4938: shutdown LeaderState
2019-10-02 23:13:32,509 [org.apache.ratis.server.impl.LogAppender$AppenderDaemon$$Lambda$464/544210430@59b3c957] WARN  server.GrpcLogAppender (GrpcLogAppender.java:mayWait(143)) - 34f87d13-3e7e-44e9-ab8f-6fdf7b1d4938@group-BE13C00D2BDC->1eef2e5e-6457-47fa-9745-df7de0df6ab5-GrpcLogAppender: Wait interrupted by java.lang.InterruptedException
2019-10-02 23:13:32,509 [Thread-1307] INFO  impl.PendingRequests (PendingRequests.java:sendNotLeaderResponses(202)) - 34f87d13-3e7e-44e9-ab8f-6fdf7b1d4938@group-BE13C00D2BDC-PendingRequests: sendNotLeaderResponses
2019-10-02 23:13:32,509 [org.apache.ratis.server.impl.LogAppender$AppenderDaemon$$Lambda$464/544210430@65bf223] WARN  server.GrpcLogAppender (GrpcLogAppender.java:mayWait(143)) - 34f87d13-3e7e-44e9-ab8f-6fdf7b1d4938@group-BE13C00D2BDC->c35d8cd1-3635-4921-9686-149083e4c1af-GrpcLogAppender: Wait interrupted by java.lang.InterruptedException
2019-10-02 23:13:32,509 [Thread-1307] INFO  impl.StateMachineUpdater (StateMachineUpdater.java:stopAndJoin(136)) - 34f87d13-3e7e-44e9-ab8f-6fdf7b1d4938@group-BE13C00D2BDC-StateMachineUpdater: set stopIndex = 0
2019-10-02 23:13:32,510 [Thread-1307] INFO  impl.RaftServerImpl (ServerState.java:close(387)) - 34f87d13-3e7e-44e9-ab8f-6fdf7b1d4938@group-BE13C00D2BDC: closes. applyIndex: 0
2019-10-02 23:13:32,510 [34f87d13-3e7e-44e9-ab8f-6fdf7b1d4938@group-BE13C00D2BDC-SegmentedRaftLogWorker] INFO  segmented.SegmentedRaftLogWorker (SegmentedRaftLogWorker.java:run(316)) - 34f87d13-3e7e-44e9-ab8f-6fdf7b1d4938@group-BE13C00D2BDC-SegmentedRaftLogWorker was interrupted, exiting. There are 0 tasks remaining in the queue.
2019-10-02 23:13:32,511 [Thread-1307] INFO  segmented.SegmentedRaftLogWorker (SegmentedRaftLogWorker.java:close(224)) - 34f87d13-3e7e-44e9-ab8f-6fdf7b1d4938@group-BE13C00D2BDC-SegmentedRaftLogWorker close()
2019-10-02 23:13:32,513 [Thread-1307] INFO  server.GrpcService (GrpcService.java:closeImpl(164)) - 34f87d13-3e7e-44e9-ab8f-6fdf7b1d4938: shutdown server with port 38716 now
2019-10-02 23:13:32,514 [Thread-1307] INFO  server.GrpcService (GrpcService.java:closeImpl(172)) - 34f87d13-3e7e-44e9-ab8f-6fdf7b1d4938: shutdown server with port 38716 successfully
2019-10-02 23:13:32,518 [refreshUsed-/workdir/hadoop-ozone/ozonefs/target/test-dir/MiniOzoneClusterImpl-3fb00ef8-a0a3-4fb6-a20c-a26d05563970/datanode-2/data/containers] WARN  fs.CachingGetSpaceUsed (CachingGetSpaceUsed.java:run(183)) - Thread Interrupted waiting to refresh disk information: sleep interrupted
2019-10-02 23:13:32,546 [Thread-1307] INFO  utils.BackgroundService (BackgroundService.java:shutdown(148)) - Shutting down service BlockDeletingService
2019-10-02 23:13:32,548 [Thread-1307] INFO  statemachine.DatanodeStateMachine (DatanodeStateMachine.java:stopDaemon(395)) - Ozone container server stopped.
2019-10-02 23:13:32,549 [Thread-1307] INFO  handler.ContextHandler (ContextHandler.java:doStop(910)) - Stopped o.e.j.w.WebAppContext@55a1df89{/,null,UNAVAILABLE}{/hddsDatanode}
2019-10-02 23:13:32,550 [Thread-1307] INFO  server.AbstractConnector (AbstractConnector.java:doStop(318)) - Stopped ServerConnector@59c8d953{HTTP/1.1,[http/1.1]}{0.0.0.0:0}
2019-10-02 23:13:32,550 [Thread-1307] INFO  handler.ContextHandler (ContextHandler.java:doStop(910)) - Stopped o.e.j.s.ServletContextHandler@87ecc5a{/static,jar:file:/home/user/.m2/repository/org/apache/hadoop/hadoop-hdds-container-service/0.5.0-SNAPSHOT/hadoop-hdds-container-service-0.5.0-SNAPSHOT.jar!/webapps/static,UNAVAILABLE}
2019-10-02 23:13:32,550 [Thread-1307] INFO  handler.ContextHandler (ContextHandler.java:doStop(910)) - Stopped o.e.j.s.ServletContextHandler@1a4d6709{/logs,file:///workdir/hadoop-ozone/ozonefs/target/log,UNAVAILABLE}
2019-10-02 23:13:32,551 [Thread-1307] INFO  ozone.MiniOzoneClusterImpl (MiniOzoneClusterImpl.java:stopSCM(392)) - Stopping the StorageContainerManager
2019-10-02 23:13:32,551 [Thread-1307] INFO  server.StorageContainerManager (StorageContainerManager.java:stop(808)) - Stopping Replication Manager Service.
2019-10-02 23:13:32,551 [Thread-1307] INFO  container.ReplicationManager (ReplicationManager.java:stop(203)) - Stopping Replication Monitor Thread.
2019-10-02 23:13:32,552 [Thread-1307] INFO  server.StorageContainerManager (StorageContainerManager.java:stop(815)) - Stopping Lease Manager of the command watchers
2019-10-02 23:13:32,552 [Thread-1307] INFO  server.StorageContainerManager (StorageContainerManager.java:stop(822)) - Stopping datanode service RPC server
2019-10-02 23:13:32,552 [Thread-1307] INFO  server.SCMDatanodeProtocolServer (SCMDatanodeProtocolServer.java:stop(367)) - Stopping the RPC server for DataNodes
2019-10-02 23:13:32,552 [Thread-1307] INFO  ipc.Server (Server.java:stop(3082)) - Stopping server on 43141
2019-10-02 23:13:32,553 [IPC Server listener on 43141] INFO  ipc.Server (Server.java:run(1185)) - Stopping IPC Server listener on 43141
2019-10-02 23:13:32,553 [IPC Server Responder] INFO  ipc.Server (Server.java:run(1319)) - Stopping IPC Server Responder
2019-10-02 23:13:32,579 [SCM Heartbeat Processing Thread - 0] WARN  node.NodeStateManager (NodeStateManager.java:scheduleNextHealthCheck(646)) - Current Thread is interrupted, shutting down HB processing thread for Node Manager.
2019-10-02 23:13:32,579 [Thread-1307] INFO  server.StorageContainerManager (StorageContainerManager.java:stop(830)) - Stopping block service RPC server
2019-10-02 23:13:32,580 [Thread-1307] INFO  server.SCMBlockProtocolServer (SCMBlockProtocolServer.java:stop(155)) - Stopping the RPC server for Block Protocol
2019-10-02 23:13:32,580 [Thread-1307] INFO  ipc.Server (Server.java:stop(3082)) - Stopping server on 34802
2019-10-02 23:13:32,581 [IPC Server listener on 34802] INFO  ipc.Server (Server.java:run(1185)) - Stopping IPC Server listener on 34802
2019-10-02 23:13:32,581 [IPC Server Responder] INFO  ipc.Server (Server.java:run(1319)) - Stopping IPC Server Responder
2019-10-02 23:13:32,581 [Thread-1307] INFO  server.StorageContainerManager (StorageContainerManager.java:stop(837)) - Stopping the StorageContainerLocationProtocol RPC server
2019-10-02 23:13:32,583 [Thread-1307] INFO  server.SCMClientProtocolServer (SCMClientProtocolServer.java:stop(158)) - Stopping the RPC server for Client Protocol
2019-10-02 23:13:32,583 [Thread-1307] INFO  ipc.Server (Server.java:stop(3082)) - Stopping server on 41876
2019-10-02 23:13:32,584 [IPC Server listener on 41876] INFO  ipc.Server (Server.java:run(1185)) - Stopping IPC Server listener on 41876
2019-10-02 23:13:32,584 [IPC Server Responder] INFO  ipc.Server (Server.java:run(1319)) - Stopping IPC Server Responder
2019-10-02 23:13:32,584 [Thread-1307] INFO  server.StorageContainerManager (StorageContainerManager.java:stop(844)) - Stopping Storage Container Manager HTTP server.
2019-10-02 23:13:32,587 [Thread-1307] INFO  handler.ContextHandler (ContextHandler.java:doStop(910)) - Stopped o.e.j.w.WebAppContext@48c7509d{/,null,UNAVAILABLE}{/scm}
2019-10-02 23:13:32,587 [Thread-1307] INFO  server.AbstractConnector (AbstractConnector.java:doStop(318)) - Stopped ServerConnector@6aa5d64d{HTTP/1.1,[http/1.1]}{0.0.0.0:0}
2019-10-02 23:13:32,588 [Thread-1307] INFO  handler.ContextHandler (ContextHandler.java:doStop(910)) - Stopped o.e.j.s.ServletContextHandler@6a62da57{/static,jar:file:/home/user/.m2/repository/org/apache/hadoop/hadoop-hdds-server-scm/0.5.0-SNAPSHOT/hadoop-hdds-server-scm-0.5.0-SNAPSHOT.jar!/webapps/static,UNAVAILABLE}
2019-10-02 23:13:32,588 [Thread-1307] INFO  handler.ContextHandler (ContextHandler.java:doStop(910)) - Stopped o.e.j.s.ServletContextHandler@74181ca5{/logs,file:///workdir/hadoop-ozone/ozonefs/target/log,UNAVAILABLE}
2019-10-02 23:13:32,588 [Thread-1307] INFO  server.StorageContainerManager (StorageContainerManager.java:stop(855)) - Stopping Block Manager Service.
2019-10-02 23:13:32,589 [Thread-1307] INFO  utils.BackgroundService (BackgroundService.java:shutdown(148)) - Shutting down service SCMBlockDeletingService
2019-10-02 23:13:32,589 [Thread-1307] INFO  utils.BackgroundService (BackgroundService.java:shutdown(148)) - Shutting down service SCMBlockDeletingService
2019-10-02 23:13:32,589 [Thread-1307] INFO  server.StorageContainerManager (StorageContainerManager.java:stop(877)) - Stopping SCM Event Queue.
2019-10-02 23:13:32,592 [Thread-1307] INFO  impl.MetricsSystemImpl (MetricsSystemImpl.java:stop(210)) - Stopping HddsDatanode metrics system...
2019-10-02 23:13:32,598 [Thread-1307] INFO  impl.MetricsSystemImpl (MetricsSystemImpl.java:stop(216)) - HddsDatanode metrics system stopped.
]]></system-out>
    <system-err><![CDATA[Oct 02, 2019 11:13:27 PM org.apache.ratis.thirdparty.io.grpc.internal.SerializingExecutor run
SEVERE: Exception while executing runnable org.apache.ratis.thirdparty.io.grpc.internal.ServerImpl$JumpToApplicationThreadServerStreamListener$1Closed@3f752b0e
org.apache.ratis.thirdparty.io.grpc.StatusRuntimeException: CANCELLED: call already cancelled
	at org.apache.ratis.thirdparty.io.grpc.Status.asRuntimeException(Status.java:517)
	at org.apache.ratis.thirdparty.io.grpc.stub.ServerCalls$ServerCallStreamObserverImpl.onCompleted(ServerCalls.java:356)
	at org.apache.ratis.grpc.server.GrpcServerProtocolService$ServerRequestStreamObserver.onError(GrpcServerProtocolService.java:121)
	at org.apache.ratis.thirdparty.io.grpc.stub.ServerCalls$StreamingServerCallHandler$StreamingServerCallListener.onCancel(ServerCalls.java:269)
	at org.apache.ratis.thirdparty.io.grpc.internal.ServerCallImpl$ServerStreamListenerImpl.closed(ServerCallImpl.java:293)
	at org.apache.ratis.thirdparty.io.grpc.internal.ServerImpl$JumpToApplicationThreadServerStreamListener$1Closed.runInContext(ServerImpl.java:741)
	at org.apache.ratis.thirdparty.io.grpc.internal.ContextRunnable.run(ContextRunnable.java:37)
	at org.apache.ratis.thirdparty.io.grpc.internal.SerializingExecutor.run(SerializingExecutor.java:123)
	at java.util.concurrent.ThreadPoolExecutor.runWorker(ThreadPoolExecutor.java:1149)
	at java.util.concurrent.ThreadPoolExecutor$Worker.run(ThreadPoolExecutor.java:624)
	at java.lang.Thread.run(Thread.java:748)

Oct 02, 2019 11:13:27 PM org.apache.ratis.thirdparty.io.grpc.internal.SerializingExecutor run
SEVERE: Exception while executing runnable org.apache.ratis.thirdparty.io.grpc.internal.ServerImpl$JumpToApplicationThreadServerStreamListener$1Closed@2d9c8c0c
org.apache.ratis.thirdparty.io.grpc.StatusRuntimeException: CANCELLED: call already cancelled
	at org.apache.ratis.thirdparty.io.grpc.Status.asRuntimeException(Status.java:517)
	at org.apache.ratis.thirdparty.io.grpc.stub.ServerCalls$ServerCallStreamObserverImpl.onCompleted(ServerCalls.java:356)
	at org.apache.ratis.grpc.server.GrpcServerProtocolService$ServerRequestStreamObserver.onError(GrpcServerProtocolService.java:121)
	at org.apache.ratis.thirdparty.io.grpc.stub.ServerCalls$StreamingServerCallHandler$StreamingServerCallListener.onCancel(ServerCalls.java:269)
	at org.apache.ratis.thirdparty.io.grpc.internal.ServerCallImpl$ServerStreamListenerImpl.closed(ServerCallImpl.java:293)
	at org.apache.ratis.thirdparty.io.grpc.internal.ServerImpl$JumpToApplicationThreadServerStreamListener$1Closed.runInContext(ServerImpl.java:741)
	at org.apache.ratis.thirdparty.io.grpc.internal.ContextRunnable.run(ContextRunnable.java:37)
	at org.apache.ratis.thirdparty.io.grpc.internal.SerializingExecutor.run(SerializingExecutor.java:123)
	at java.util.concurrent.ThreadPoolExecutor.runWorker(ThreadPoolExecutor.java:1149)
	at java.util.concurrent.ThreadPoolExecutor$Worker.run(ThreadPoolExecutor.java:624)
	at java.lang.Thread.run(Thread.java:748)

]]></system-err>
  </testcase>
  <testcase name="testListStatusOnLargeDirectory" classname="org.apache.hadoop.fs.ozone.TestOzoneFileSystem" time="17.168">
    <error message="Volume not found volume82213" type="VOLUME_NOT_FOUND org.apache.hadoop.ozone.om.exceptions.OMException">VOLUME_NOT_FOUND org.apache.hadoop.ozone.om.exceptions.OMException: Volume not found volume82213
	at org.apache.hadoop.ozone.om.protocolPB.OzoneManagerProtocolClientSideTranslatorPB.handleError(OzoneManagerProtocolClientSideTranslatorPB.java:732)
	at org.apache.hadoop.ozone.om.protocolPB.OzoneManagerProtocolClientSideTranslatorPB.createDirectory(OzoneManagerProtocolClientSideTranslatorPB.java:1377)
	at sun.reflect.NativeMethodAccessorImpl.invoke0(Native Method)
	at sun.reflect.NativeMethodAccessorImpl.invoke(NativeMethodAccessorImpl.java:62)
	at sun.reflect.DelegatingMethodAccessorImpl.invoke(DelegatingMethodAccessorImpl.java:43)
	at java.lang.reflect.Method.invoke(Method.java:498)
	at org.apache.hadoop.hdds.tracing.TraceAllMethod.invoke(TraceAllMethod.java:66)
	at com.sun.proxy.$Proxy38.createDirectory(Unknown Source)
	at org.apache.hadoop.ozone.client.rpc.RpcClient.createDirectory(RpcClient.java:976)
	at org.apache.hadoop.ozone.client.OzoneBucket.createDirectory(OzoneBucket.java:503)
	at org.apache.hadoop.fs.ozone.BasicOzoneClientAdapterImpl.createDirectory(BasicOzoneClientAdapterImpl.java:236)
	at org.apache.hadoop.fs.ozone.BasicOzoneFileSystem.mkdir(BasicOzoneFileSystem.java:597)
	at org.apache.hadoop.fs.ozone.BasicOzoneFileSystem.mkdirs(BasicOzoneFileSystem.java:607)
	at org.apache.hadoop.fs.FileSystem.mkdirs(FileSystem.java:2275)
	at org.apache.hadoop.fs.ozone.TestOzoneFileSystem.testListStatusOnLargeDirectory(TestOzoneFileSystem.java:215)
	at sun.reflect.NativeMethodAccessorImpl.invoke0(Native Method)
	at sun.reflect.NativeMethodAccessorImpl.invoke(NativeMethodAccessorImpl.java:62)
	at sun.reflect.DelegatingMethodAccessorImpl.invoke(DelegatingMethodAccessorImpl.java:43)
	at java.lang.reflect.Method.invoke(Method.java:498)
	at org.junit.runners.model.FrameworkMethod$1.runReflectiveCall(FrameworkMethod.java:47)
	at org.junit.internal.runners.model.ReflectiveCallable.run(ReflectiveCallable.java:12)
	at org.junit.runners.model.FrameworkMethod.invokeExplosively(FrameworkMethod.java:44)
	at org.junit.internal.runners.statements.InvokeMethod.evaluate(InvokeMethod.java:17)
	at org.junit.internal.runners.statements.RunBefores.evaluate(RunBefores.java:26)
	at org.junit.internal.runners.statements.RunAfters.evaluate(RunAfters.java:27)
	at org.junit.internal.runners.statements.FailOnTimeout$StatementThread.run(FailOnTimeout.java:74)
</error>
    <system-out><![CDATA[2019-10-02 23:13:32,634 [Thread-1522] WARN  server.ServerUtils (ServerUtils.java:getScmDbDir(145)) - ozone.scm.db.dirs is not configured. We recommend adding this setting. Falling back to ozone.metadata.dirs instead.
2019-10-02 23:13:32,659 [Thread-1522] WARN  server.ServerUtils (ServerUtils.java:getScmDbDir(145)) - ozone.scm.db.dirs is not configured. We recommend adding this setting. Falling back to ozone.metadata.dirs instead.
2019-10-02 23:13:32,659 [Thread-1522] WARN  server.ServerUtils (ServerUtils.java:getScmDbDir(145)) - ozone.scm.db.dirs is not configured. We recommend adding this setting. Falling back to ozone.metadata.dirs instead.
2019-10-02 23:13:32,660 [Thread-1522] INFO  db.DBStoreBuilder (DBStoreBuilder.java:addTable(110)) - using custom profile for table: deletedBlocks
2019-10-02 23:13:32,660 [Thread-1522] INFO  db.DBStoreBuilder (DBStoreBuilder.java:processTables(161)) - Using default column profile:DBProfile.DISK for Table:deletedBlocks
2019-10-02 23:13:32,660 [Thread-1522] INFO  db.DBStoreBuilder (DBStoreBuilder.java:addTable(110)) - using custom profile for table: validCerts
2019-10-02 23:13:32,660 [Thread-1522] INFO  db.DBStoreBuilder (DBStoreBuilder.java:processTables(161)) - Using default column profile:DBProfile.DISK for Table:validCerts
2019-10-02 23:13:32,661 [Thread-1522] INFO  db.DBStoreBuilder (DBStoreBuilder.java:addTable(110)) - using custom profile for table: revokedCerts
2019-10-02 23:13:32,661 [Thread-1522] INFO  db.DBStoreBuilder (DBStoreBuilder.java:processTables(161)) - Using default column profile:DBProfile.DISK for Table:revokedCerts
2019-10-02 23:13:32,661 [Thread-1522] INFO  db.DBStoreBuilder (DBStoreBuilder.java:addTable(110)) - using custom profile for table: default
2019-10-02 23:13:32,661 [Thread-1522] INFO  db.DBStoreBuilder (DBStoreBuilder.java:processTables(167)) - Using default column profile:DBProfile.DISK for Table:default
2019-10-02 23:13:32,661 [Thread-1522] INFO  db.DBStoreBuilder (DBStoreBuilder.java:getDbProfile(198)) - Using default options. DBProfile.DISK
2019-10-02 23:13:32,918 [Thread-1522] INFO  net.NodeSchemaLoader (NodeSchemaLoader.java:loadSchemaFromFile(125)) - Loading file from sun.misc.CompoundEnumeration@12800f77
2019-10-02 23:13:32,919 [Thread-1522] INFO  net.NodeSchemaLoader (NodeSchemaLoader.java:loadSchema(171)) - Loading network topology layer schema file
2019-10-02 23:13:32,922 [Thread-1522] WARN  server.ServerUtils (ServerUtils.java:sanitizeUserArgs(70)) - ozone.scm.stale.node.interval value = 300000 is larger than max = 100000 based on the key value of ozone.scm.heartbeat.thread.interval, reset to the max value 100000.
2019-10-02 23:13:32,922 [Thread-1522] WARN  server.ServerUtils (ServerUtils.java:sanitizeUserArgs(70)) - ozone.scm.stale.node.interval value = 300000 is larger than max = 100000 based on the key value of ozone.scm.heartbeat.thread.interval, reset to the max value 100000.
2019-10-02 23:13:32,922 [Thread-1522] INFO  node.SCMNodeManager (SCMNodeManager.java:<init>(114)) - Entering startup safe mode.
2019-10-02 23:13:32,922 [Thread-1522] INFO  algorithms.ContainerPlacementPolicyFactory (ContainerPlacementPolicyFactory.java:getPolicy(57)) - Create container placement policy of type org.apache.hadoop.hdds.scm.container.placement.algorithms.SCMContainerPlacementRandom
2019-10-02 23:13:32,923 [Thread-1522] WARN  server.ServerUtils (ServerUtils.java:getScmDbDir(145)) - ozone.scm.db.dirs is not configured. We recommend adding this setting. Falling back to ozone.metadata.dirs instead.
2019-10-02 23:13:33,022 [Thread-1522] INFO  pipeline.SCMPipelineManager (SCMPipelineManager.java:initializePipelineState(132)) - No pipeline exists in current db
2019-10-02 23:13:33,022 [Thread-1522] WARN  server.ServerUtils (ServerUtils.java:getScmDbDir(145)) - ozone.scm.db.dirs is not configured. We recommend adding this setting. Falling back to ozone.metadata.dirs instead.
2019-10-02 23:13:33,109 [Thread-1522] WARN  events.EventQueue (EventQueue.java:fireEvent(183)) - No event handler registered for event TypedEvent{payloadType=SafeModeStatus, name='SafeModeStatus'}
2019-10-02 23:13:33,110 [Thread-1522] INFO  ipc.CallQueueManager (CallQueueManager.java:<init>(84)) - Using callQueue: class java.util.concurrent.LinkedBlockingQueue, queueCapacity: 2000, scheduler: class org.apache.hadoop.ipc.DefaultRpcScheduler, ipcBackoff: false.
2019-10-02 23:13:33,111 [Socket Reader #1 for port 44804] INFO  ipc.Server (Server.java:run(1074)) - Starting Socket Reader #1 for port 44804
2019-10-02 23:13:33,113 [Thread-1522] INFO  ipc.CallQueueManager (CallQueueManager.java:<init>(84)) - Using callQueue: class java.util.concurrent.LinkedBlockingQueue, queueCapacity: 2000, scheduler: class org.apache.hadoop.ipc.DefaultRpcScheduler, ipcBackoff: false.
2019-10-02 23:13:33,113 [Socket Reader #1 for port 40747] INFO  ipc.Server (Server.java:run(1074)) - Starting Socket Reader #1 for port 40747
2019-10-02 23:13:33,115 [Thread-1522] INFO  ipc.CallQueueManager (CallQueueManager.java:<init>(84)) - Using callQueue: class java.util.concurrent.LinkedBlockingQueue, queueCapacity: 2000, scheduler: class org.apache.hadoop.ipc.DefaultRpcScheduler, ipcBackoff: false.
2019-10-02 23:13:33,115 [Socket Reader #1 for port 43732] INFO  ipc.Server (Server.java:run(1074)) - Starting Socket Reader #1 for port 43732
2019-10-02 23:13:33,119 [Thread-1522] INFO  hdfs.DFSUtil (DFSUtil.java:httpServerTemplateForNNAndJN(1641)) - Starting Web-server for scm at: http://0.0.0.0:0
2019-10-02 23:13:33,122 [Thread-1522] INFO  server.AuthenticationFilter (AuthenticationFilter.java:constructSecretProvider(240)) - Unable to initialize FileSignerSecretProvider, falling back to use random secrets.
2019-10-02 23:13:33,123 [Thread-1522] WARN  http.HttpRequestLog (HttpRequestLog.java:getRequestLog(97)) - Jetty request log can only be enabled using Log4j
2019-10-02 23:13:33,125 [Thread-1522] INFO  http.HttpServer2 (HttpServer2.java:addGlobalFilter(975)) - Added global filter 'safety' (class=org.apache.hadoop.http.HttpServer2$QuotingInputFilter)
2019-10-02 23:13:33,126 [Thread-1522] INFO  http.HttpServer2 (HttpServer2.java:addFilter(948)) - Added filter static_user_filter (class=org.apache.hadoop.http.lib.StaticUserWebFilter$StaticUserFilter) to context scm
2019-10-02 23:13:33,126 [Thread-1522] INFO  http.HttpServer2 (HttpServer2.java:addFilter(958)) - Added filter static_user_filter (class=org.apache.hadoop.http.lib.StaticUserWebFilter$StaticUserFilter) to context logs
2019-10-02 23:13:33,127 [Thread-1522] INFO  http.HttpServer2 (HttpServer2.java:addFilter(958)) - Added filter static_user_filter (class=org.apache.hadoop.http.lib.StaticUserWebFilter$StaticUserFilter) to context static
2019-10-02 23:13:33,129 [Thread-1522] INFO  server.StorageContainerManager (StorageContainerManager.java:start(770)) - StorageContainerLocationProtocol RPC server is listening at /0.0.0.0:43732
2019-10-02 23:13:33,132 [Thread-1522] WARN  impl.MetricsConfig (MetricsConfig.java:loadFirst(134)) - Cannot locate configuration: tried hadoop-metrics2-storagecontainermanager.properties,hadoop-metrics2.properties
2019-10-02 23:13:33,133 [Thread-1522] INFO  impl.MetricsSystemImpl (MetricsSystemImpl.java:startTimer(374)) - Scheduled Metric snapshot period at 10 second(s).
2019-10-02 23:13:33,133 [Thread-1522] INFO  impl.MetricsSystemImpl (MetricsSystemImpl.java:start(191)) - StorageContainerManager metrics system started
2019-10-02 23:13:33,169 [Thread-1522] WARN  impl.MetricsSystemImpl (MetricsSystemImpl.java:register(276)) - Sink prometheus already exists!
2019-10-02 23:13:33,249 [Thread-1522] INFO  server.SCMClientProtocolServer (SCMClientProtocolServer.java:start(150)) - RPC server for Client  is listening at /0.0.0.0:43732
2019-10-02 23:13:33,249 [IPC Server Responder] INFO  ipc.Server (Server.java:run(1314)) - IPC Server Responder: starting
2019-10-02 23:13:33,249 [IPC Server listener on 43732] INFO  ipc.Server (Server.java:run(1153)) - IPC Server listener on 43732: starting
2019-10-02 23:13:33,252 [Thread-1522] INFO  server.StorageContainerManager (StorageContainerManager.java:start(780)) - ScmBlockLocationProtocol RPC server is listening at /0.0.0.0:40747
2019-10-02 23:13:33,252 [Thread-1522] INFO  server.SCMBlockProtocolServer (SCMBlockProtocolServer.java:start(146)) - RPC server for Block Protocol is listening at /0.0.0.0:40747
2019-10-02 23:13:33,253 [IPC Server Responder] INFO  ipc.Server (Server.java:run(1314)) - IPC Server Responder: starting
2019-10-02 23:13:33,253 [IPC Server listener on 40747] INFO  ipc.Server (Server.java:run(1153)) - IPC Server listener on 40747: starting
2019-10-02 23:13:33,256 [Thread-1522] INFO  server.StorageContainerManager (StorageContainerManager.java:start(784)) - ScmDatanodeProtocl RPC server is listening at /0.0.0.0:44804
2019-10-02 23:13:33,256 [Thread-1522] INFO  server.SCMDatanodeProtocolServer (SCMDatanodeProtocolServer.java:start(191)) - RPC server for DataNodes is listening at /0.0.0.0:44804
2019-10-02 23:13:33,256 [IPC Server Responder] INFO  ipc.Server (Server.java:run(1314)) - IPC Server Responder: starting
2019-10-02 23:13:33,256 [IPC Server listener on 44804] INFO  ipc.Server (Server.java:run(1153)) - IPC Server listener on 44804: starting
2019-10-02 23:13:33,259 [Thread-1522] INFO  http.HttpServer2 (HttpServer2.java:bindListener(1191)) - Jetty bound to port 35425
2019-10-02 23:13:33,259 [Thread-1522] INFO  server.Server (Server.java:doStart(351)) - jetty-9.3.25.v20180904, build timestamp: 2018-09-04T21:11:46Z, git hash: 3ce520221d0240229c862b122d2b06c12a625732
2019-10-02 23:13:33,260 [Thread-1522] INFO  handler.ContextHandler (ContextHandler.java:doStart(781)) - Started o.e.j.s.ServletContextHandler@7e5124bd{/logs,file:///workdir/hadoop-ozone/ozonefs/target/log,AVAILABLE}
2019-10-02 23:13:33,261 [Thread-1522] INFO  handler.ContextHandler (ContextHandler.java:doStart(781)) - Started o.e.j.s.ServletContextHandler@2d646859{/static,jar:file:/home/user/.m2/repository/org/apache/hadoop/hadoop-hdds-server-scm/0.5.0-SNAPSHOT/hadoop-hdds-server-scm-0.5.0-SNAPSHOT.jar!/webapps/static,AVAILABLE}
2019-10-02 23:13:33,300 [Thread-1522] INFO  handler.ContextHandler (ContextHandler.java:doStart(781)) - Started o.e.j.w.WebAppContext@2dc85a62{/,file:///tmp/jetty-0.0.0.0-35425-scm-_-any-8795092307348788539.dir/webapp/,AVAILABLE}{/scm}
2019-10-02 23:13:33,301 [Thread-1522] INFO  server.AbstractConnector (AbstractConnector.java:doStart(278)) - Started ServerConnector@13e10ce8{HTTP/1.1,[http/1.1]}{0.0.0.0:35425}
2019-10-02 23:13:33,302 [Thread-1522] INFO  server.Server (Server.java:doStart(419)) - Started @126405ms
2019-10-02 23:13:33,302 [Thread-1522] WARN  impl.MetricsSystemImpl (MetricsSystemImpl.java:register(276)) - Sink prometheus already exists!
2019-10-02 23:13:33,303 [Thread-1522] INFO  server.BaseHttpServer (BaseHttpServer.java:updateConnectorAddress(215)) - HTTP server of SCM is listening at http://0.0.0.0:35425
2019-10-02 23:13:33,304 [Thread-1522] WARN  server.ServerUtils (ServerUtils.java:getDBPath(222)) - ozone.om.db.dirs is not configured. We recommend adding this setting. Falling back to ozone.metadata.dirs instead.
2019-10-02 23:13:33,304 [org.apache.hadoop.util.JvmPauseMonitor$Monitor@2cf3abc6] INFO  util.JvmPauseMonitor (JvmPauseMonitor.java:run(188)) - Starting JVM pause monitor
2019-10-02 23:13:33,327 [Thread-1522] WARN  server.ServerUtils (ServerUtils.java:getDBPath(222)) - ozone.om.db.dirs is not configured. We recommend adding this setting. Falling back to ozone.metadata.dirs instead.
2019-10-02 23:13:33,328 [Thread-1522] WARN  server.ServerUtils (ServerUtils.java:getDBPath(222)) - ozone.om.db.dirs is not configured. We recommend adding this setting. Falling back to ozone.metadata.dirs instead.
2019-10-02 23:13:33,328 [Thread-1522] INFO  om.OzoneManager (OzoneManager.java:setOMNodeDetails(652)) - OM Service ID is not set. Setting it to the default ID: omServiceIdDefault
2019-10-02 23:13:33,328 [Thread-1522] INFO  om.OzoneManager (OzoneManager.java:setOMNodeDetails(658)) - OM Node ID is not set. Setting it to the OmStorage's OmID: b202e519-654c-47e9-b1f4-a5e2bbb0342d
2019-10-02 23:13:33,328 [Thread-1522] INFO  om.OzoneManager (OzoneManager.java:loadOMHAConfigs(609)) - Found matching OM address with OMServiceId: null, OMNodeId: null, RPC Address: localhost:0 and Ratis port: 9872
2019-10-02 23:13:33,335 [Thread-1522] WARN  server.ServerUtils (ServerUtils.java:getDBPath(222)) - ozone.om.db.dirs is not configured. We recommend adding this setting. Falling back to ozone.metadata.dirs instead.
2019-10-02 23:13:33,335 [Thread-1522] INFO  db.DBStoreBuilder (DBStoreBuilder.java:addTable(110)) - using custom profile for table: userTable
2019-10-02 23:13:33,335 [Thread-1522] INFO  db.DBStoreBuilder (DBStoreBuilder.java:processTables(161)) - Using default column profile:DBProfile.DISK for Table:userTable
2019-10-02 23:13:33,335 [Thread-1522] INFO  db.DBStoreBuilder (DBStoreBuilder.java:addTable(110)) - using custom profile for table: volumeTable
2019-10-02 23:13:33,335 [Thread-1522] INFO  db.DBStoreBuilder (DBStoreBuilder.java:processTables(161)) - Using default column profile:DBProfile.DISK for Table:volumeTable
2019-10-02 23:13:33,335 [Thread-1522] INFO  db.DBStoreBuilder (DBStoreBuilder.java:addTable(110)) - using custom profile for table: bucketTable
2019-10-02 23:13:33,336 [Thread-1522] INFO  db.DBStoreBuilder (DBStoreBuilder.java:processTables(161)) - Using default column profile:DBProfile.DISK for Table:bucketTable
2019-10-02 23:13:33,336 [Thread-1522] INFO  db.DBStoreBuilder (DBStoreBuilder.java:addTable(110)) - using custom profile for table: keyTable
2019-10-02 23:13:33,336 [Thread-1522] INFO  db.DBStoreBuilder (DBStoreBuilder.java:processTables(161)) - Using default column profile:DBProfile.DISK for Table:keyTable
2019-10-02 23:13:33,336 [Thread-1522] INFO  db.DBStoreBuilder (DBStoreBuilder.java:addTable(110)) - using custom profile for table: deletedTable
2019-10-02 23:13:33,336 [Thread-1522] INFO  db.DBStoreBuilder (DBStoreBuilder.java:processTables(161)) - Using default column profile:DBProfile.DISK for Table:deletedTable
2019-10-02 23:13:33,336 [Thread-1522] INFO  db.DBStoreBuilder (DBStoreBuilder.java:addTable(110)) - using custom profile for table: openKeyTable
2019-10-02 23:13:33,336 [Thread-1522] INFO  db.DBStoreBuilder (DBStoreBuilder.java:processTables(161)) - Using default column profile:DBProfile.DISK for Table:openKeyTable
2019-10-02 23:13:33,336 [Thread-1522] INFO  db.DBStoreBuilder (DBStoreBuilder.java:addTable(110)) - using custom profile for table: s3Table
2019-10-02 23:13:33,336 [Thread-1522] INFO  db.DBStoreBuilder (DBStoreBuilder.java:processTables(161)) - Using default column profile:DBProfile.DISK for Table:s3Table
2019-10-02 23:13:33,337 [Thread-1522] INFO  db.DBStoreBuilder (DBStoreBuilder.java:addTable(110)) - using custom profile for table: multipartInfoTable
2019-10-02 23:13:33,337 [Thread-1522] INFO  db.DBStoreBuilder (DBStoreBuilder.java:processTables(161)) - Using default column profile:DBProfile.DISK for Table:multipartInfoTable
2019-10-02 23:13:33,337 [Thread-1522] INFO  db.DBStoreBuilder (DBStoreBuilder.java:addTable(110)) - using custom profile for table: dTokenTable
2019-10-02 23:13:33,337 [Thread-1522] INFO  db.DBStoreBuilder (DBStoreBuilder.java:processTables(161)) - Using default column profile:DBProfile.DISK for Table:dTokenTable
2019-10-02 23:13:33,337 [Thread-1522] INFO  db.DBStoreBuilder (DBStoreBuilder.java:addTable(110)) - using custom profile for table: s3SecretTable
2019-10-02 23:13:33,337 [Thread-1522] INFO  db.DBStoreBuilder (DBStoreBuilder.java:processTables(161)) - Using default column profile:DBProfile.DISK for Table:s3SecretTable
2019-10-02 23:13:33,337 [Thread-1522] INFO  db.DBStoreBuilder (DBStoreBuilder.java:addTable(110)) - using custom profile for table: prefixTable
2019-10-02 23:13:33,337 [Thread-1522] INFO  db.DBStoreBuilder (DBStoreBuilder.java:processTables(161)) - Using default column profile:DBProfile.DISK for Table:prefixTable
2019-10-02 23:13:33,338 [Thread-1522] INFO  db.DBStoreBuilder (DBStoreBuilder.java:addTable(110)) - using custom profile for table: default
2019-10-02 23:13:33,338 [Thread-1522] INFO  db.DBStoreBuilder (DBStoreBuilder.java:processTables(167)) - Using default column profile:DBProfile.DISK for Table:default
2019-10-02 23:13:33,338 [Thread-1522] INFO  db.DBStoreBuilder (DBStoreBuilder.java:getDbProfile(198)) - Using default options. DBProfile.DISK
2019-10-02 23:13:34,034 [Thread-1522] INFO  ipc.CallQueueManager (CallQueueManager.java:<init>(84)) - Using callQueue: class java.util.concurrent.LinkedBlockingQueue, queueCapacity: 2000, scheduler: class org.apache.hadoop.ipc.DefaultRpcScheduler, ipcBackoff: false.
2019-10-02 23:13:34,035 [Socket Reader #1 for port 46625] INFO  ipc.Server (Server.java:run(1074)) - Starting Socket Reader #1 for port 46625
2019-10-02 23:13:34,066 [Thread-1522] INFO  om.OzoneManager (OzoneManager.java:start(1243)) - OzoneManager RPC server is listening at localhost/127.0.0.1:46625
2019-10-02 23:13:34,066 [Thread-1522] INFO  impl.MetricsSystemImpl (MetricsSystemImpl.java:init(158)) - OzoneManager metrics system started (again)
2019-10-02 23:13:34,067 [IPC Server Responder] INFO  ipc.Server (Server.java:run(1314)) - IPC Server Responder: starting
2019-10-02 23:13:34,067 [IPC Server listener on 46625] INFO  ipc.Server (Server.java:run(1153)) - IPC Server listener on 46625: starting
2019-10-02 23:13:34,072 [Thread-1522] INFO  hdfs.DFSUtil (DFSUtil.java:httpServerTemplateForNNAndJN(1641)) - Starting Web-server for ozoneManager at: http://0.0.0.0:0
2019-10-02 23:13:34,074 [Thread-1522] INFO  server.AuthenticationFilter (AuthenticationFilter.java:constructSecretProvider(240)) - Unable to initialize FileSignerSecretProvider, falling back to use random secrets.
2019-10-02 23:13:34,074 [Thread-1522] WARN  http.HttpRequestLog (HttpRequestLog.java:getRequestLog(97)) - Jetty request log can only be enabled using Log4j
2019-10-02 23:13:34,076 [Thread-1522] INFO  http.HttpServer2 (HttpServer2.java:addGlobalFilter(975)) - Added global filter 'safety' (class=org.apache.hadoop.http.HttpServer2$QuotingInputFilter)
2019-10-02 23:13:34,077 [Thread-1522] INFO  http.HttpServer2 (HttpServer2.java:addFilter(948)) - Added filter static_user_filter (class=org.apache.hadoop.http.lib.StaticUserWebFilter$StaticUserFilter) to context ozoneManager
2019-10-02 23:13:34,077 [Thread-1522] INFO  http.HttpServer2 (HttpServer2.java:addFilter(958)) - Added filter static_user_filter (class=org.apache.hadoop.http.lib.StaticUserWebFilter$StaticUserFilter) to context static
2019-10-02 23:13:34,077 [Thread-1522] INFO  http.HttpServer2 (HttpServer2.java:addFilter(958)) - Added filter static_user_filter (class=org.apache.hadoop.http.lib.StaticUserWebFilter$StaticUserFilter) to context logs
2019-10-02 23:13:34,078 [Thread-1522] INFO  http.HttpServer2 (HttpServer2.java:bindListener(1191)) - Jetty bound to port 40648
2019-10-02 23:13:34,078 [Thread-1522] INFO  server.Server (Server.java:doStart(351)) - jetty-9.3.25.v20180904, build timestamp: 2018-09-04T21:11:46Z, git hash: 3ce520221d0240229c862b122d2b06c12a625732
2019-10-02 23:13:34,079 [Thread-1522] INFO  handler.ContextHandler (ContextHandler.java:doStart(781)) - Started o.e.j.s.ServletContextHandler@6e5cde1a{/logs,file:///workdir/hadoop-ozone/ozonefs/target/log,AVAILABLE}
2019-10-02 23:13:34,080 [Thread-1522] INFO  handler.ContextHandler (ContextHandler.java:doStart(781)) - Started o.e.j.s.ServletContextHandler@61b35097{/static,jar:file:/home/user/.m2/repository/org/apache/hadoop/hadoop-ozone-ozone-manager/0.5.0-SNAPSHOT/hadoop-ozone-ozone-manager-0.5.0-SNAPSHOT.jar!/webapps/static,AVAILABLE}
2019-10-02 23:13:34,129 [Thread-1522] INFO  handler.ContextHandler (ContextHandler.java:doStart(781)) - Started o.e.j.w.WebAppContext@1dd1be11{/,file:///tmp/jetty-0.0.0.0-40648-ozoneManager-_-any-1665584311250210702.dir/webapp/,AVAILABLE}{/ozoneManager}
2019-10-02 23:13:34,130 [Thread-1522] INFO  server.AbstractConnector (AbstractConnector.java:doStart(278)) - Started ServerConnector@181a1612{HTTP/1.1,[http/1.1]}{0.0.0.0:40648}
2019-10-02 23:13:34,131 [Thread-1522] INFO  server.Server (Server.java:doStart(419)) - Started @127234ms
2019-10-02 23:13:34,131 [Thread-1522] WARN  impl.MetricsSystemImpl (MetricsSystemImpl.java:register(276)) - Sink prometheus already exists!
2019-10-02 23:13:34,132 [Thread-1522] INFO  server.BaseHttpServer (BaseHttpServer.java:updateConnectorAddress(215)) - HTTP server of OZONEMANAGER is listening at http://0.0.0.0:40648
2019-10-02 23:13:34,138 [Thread-1522] INFO  impl.MetricsSystemImpl (MetricsSystemImpl.java:init(158)) - HddsDatanode metrics system started (again)
2019-10-02 23:13:34,141 [Thread-1522] INFO  ozone.HddsDatanodeService (HddsDatanodeService.java:start(184)) - HddsDatanodeService host:pr-hdds1737-lts7z-2510321508 ip:192.168.30.30
2019-10-02 23:13:34,166 [Thread-1522] INFO  volume.HddsVolume (HddsVolume.java:<init>(176)) - Creating Volume: /workdir/hadoop-ozone/ozonefs/target/test-dir/MiniOzoneClusterImpl-1be30765-89d3-47dd-8aff-300c033769b0/datanode-0/data/containers/hdds of  storage type : DISK and capacity : 1482555576320
2019-10-02 23:13:34,166 [Thread-1522] INFO  volume.VolumeSet (VolumeSet.java:initializeVolumeSet(170)) - Added Volume : /workdir/hadoop-ozone/ozonefs/target/test-dir/MiniOzoneClusterImpl-1be30765-89d3-47dd-8aff-300c033769b0/datanode-0/data/containers/hdds to VolumeSet
2019-10-02 23:13:34,167 [Thread-1522] INFO  volume.ThrottledAsyncChecker (ThrottledAsyncChecker.java:schedule(139)) - Scheduling a check for org.apache.hadoop.ozone.container.common.volume.HddsVolume@100ae3e8
2019-10-02 23:13:34,167 [Thread-1522] INFO  volume.HddsVolumeChecker (HddsVolumeChecker.java:checkAllVolumes(202)) - Scheduled health check for volume org.apache.hadoop.ozone.container.common.volume.HddsVolume@100ae3e8
2019-10-02 23:13:34,186 [Thread-1522] INFO  impl.RaftServerProxy (ConfUtils.java:logGet(43)) - raft.rpc.type = GRPC (default)
2019-10-02 23:13:34,186 [Thread-1522] INFO  grpc.GrpcFactory (GrpcFactory.java:checkPooledByteBufAllocatorUseCacheForAllThreads(45)) - PERFORMANCE WARNING: useCacheForAllThreads is true that may cause Netty to create a lot garbage objects and, as a result, trigger GC.
	It is recommended to disable useCacheForAllThreads by setting -Dorg.apache.ratis.thirdparty.io.netty.allocator.useCacheForAllThreads=false in command line.
2019-10-02 23:13:34,186 [Thread-1522] INFO  grpc.GrpcConfigKeys$Server (ConfUtils.java:logGet(43)) - raft.grpc.server.port = 0 (default)
2019-10-02 23:13:34,186 [Thread-1522] INFO  server.GrpcService (ConfUtils.java:logGet(43)) - raft.grpc.message.size.max = 33570816 (custom)
2019-10-02 23:13:34,187 [Thread-1522] INFO  server.RaftServerConfigKeys (ConfUtils.java:logGet(43)) - raft.server.log.appender.buffer.byte-limit = 33554432 (custom)
2019-10-02 23:13:34,187 [Thread-1522] INFO  server.GrpcService (ConfUtils.java:logGet(43)) - raft.grpc.flow.control.window = 1MB (=1048576) (default)
2019-10-02 23:13:34,187 [Thread-1522] INFO  server.RaftServerConfigKeys (ConfUtils.java:logGet(43)) - raft.server.rpc.request.timeout = 3000ms (default)
2019-10-02 23:13:34,187 [Thread-1522] INFO  server.RaftServerConfigKeys (ConfUtils.java:logGet(43)) - raft.server.storage.dir = [/workdir/hadoop-ozone/ozonefs/target/test-dir/MiniOzoneClusterImpl-1be30765-89d3-47dd-8aff-300c033769b0/datanode-0/data/ratis] (custom)
2019-10-02 23:13:34,189 [Thread-1522] INFO  hdfs.DFSUtil (DFSUtil.java:httpServerTemplateForNNAndJN(1641)) - Starting Web-server for hddsDatanode at: http://0.0.0.0:0
2019-10-02 23:13:34,190 [Thread-1522] INFO  server.AuthenticationFilter (AuthenticationFilter.java:constructSecretProvider(240)) - Unable to initialize FileSignerSecretProvider, falling back to use random secrets.
2019-10-02 23:13:34,190 [Thread-1522] WARN  http.HttpRequestLog (HttpRequestLog.java:getRequestLog(97)) - Jetty request log can only be enabled using Log4j
2019-10-02 23:13:34,192 [Thread-1522] INFO  http.HttpServer2 (HttpServer2.java:addGlobalFilter(975)) - Added global filter 'safety' (class=org.apache.hadoop.http.HttpServer2$QuotingInputFilter)
2019-10-02 23:13:34,192 [Thread-1522] INFO  http.HttpServer2 (HttpServer2.java:addFilter(948)) - Added filter static_user_filter (class=org.apache.hadoop.http.lib.StaticUserWebFilter$StaticUserFilter) to context hddsDatanode
2019-10-02 23:13:34,193 [Thread-1522] INFO  http.HttpServer2 (HttpServer2.java:addFilter(958)) - Added filter static_user_filter (class=org.apache.hadoop.http.lib.StaticUserWebFilter$StaticUserFilter) to context logs
2019-10-02 23:13:34,193 [Thread-1522] INFO  http.HttpServer2 (HttpServer2.java:addFilter(958)) - Added filter static_user_filter (class=org.apache.hadoop.http.lib.StaticUserWebFilter$StaticUserFilter) to context static
2019-10-02 23:13:34,193 [Thread-1522] INFO  http.HttpServer2 (HttpServer2.java:bindListener(1191)) - Jetty bound to port 46853
2019-10-02 23:13:34,193 [Thread-1522] INFO  server.Server (Server.java:doStart(351)) - jetty-9.3.25.v20180904, build timestamp: 2018-09-04T21:11:46Z, git hash: 3ce520221d0240229c862b122d2b06c12a625732
2019-10-02 23:13:34,195 [Thread-1522] INFO  handler.ContextHandler (ContextHandler.java:doStart(781)) - Started o.e.j.s.ServletContextHandler@3b2815c8{/logs,file:///workdir/hadoop-ozone/ozonefs/target/log,AVAILABLE}
2019-10-02 23:13:34,195 [Thread-1522] INFO  handler.ContextHandler (ContextHandler.java:doStart(781)) - Started o.e.j.s.ServletContextHandler@6a0632e1{/static,jar:file:/home/user/.m2/repository/org/apache/hadoop/hadoop-hdds-container-service/0.5.0-SNAPSHOT/hadoop-hdds-container-service-0.5.0-SNAPSHOT.jar!/webapps/static,AVAILABLE}
2019-10-02 23:13:34,222 [Thread-1522] INFO  handler.ContextHandler (ContextHandler.java:doStart(781)) - Started o.e.j.w.WebAppContext@c69a0d6{/,file:///tmp/jetty-0.0.0.0-46853-hddsDatanode-_-any-5881600337674309080.dir/webapp/,AVAILABLE}{/hddsDatanode}
2019-10-02 23:13:34,222 [Thread-1522] INFO  server.AbstractConnector (AbstractConnector.java:doStart(278)) - Started ServerConnector@28ec8e87{HTTP/1.1,[http/1.1]}{0.0.0.0:46853}
2019-10-02 23:13:34,223 [Thread-1522] INFO  server.Server (Server.java:doStart(419)) - Started @127326ms
2019-10-02 23:13:34,223 [Thread-1522] WARN  impl.MetricsSystemImpl (MetricsSystemImpl.java:register(276)) - Sink prometheus already exists!
2019-10-02 23:13:34,224 [Thread-1522] INFO  server.BaseHttpServer (BaseHttpServer.java:updateConnectorAddress(215)) - HTTP server of HDDSDATANODE is listening at http://0.0.0.0:46853
2019-10-02 23:13:34,224 [Thread-1522] INFO  impl.MetricsSystemImpl (MetricsSystemImpl.java:init(158)) - HddsDatanode metrics system started (again)
2019-10-02 23:13:34,228 [org.apache.hadoop.util.JvmPauseMonitor$Monitor@3b7eaca] INFO  util.JvmPauseMonitor (JvmPauseMonitor.java:run(188)) - Starting JVM pause monitor
2019-10-02 23:13:34,228 [Thread-1522] INFO  ozone.HddsDatanodeService (HddsDatanodeService.java:start(184)) - HddsDatanodeService host:pr-hdds1737-lts7z-2510321508 ip:192.168.30.30
2019-10-02 23:13:34,229 [Datanode State Machine Thread - 0] INFO  datanode.InitDatanodeState (InitDatanodeState.java:persistContainerDatanodeDetails(140)) - DatanodeDetails is persisted to /workdir/hadoop-ozone/ozonefs/target/test-dir/MiniOzoneClusterImpl-1be30765-89d3-47dd-8aff-300c033769b0/datanode-0/meta/datanode.id
2019-10-02 23:13:34,233 [Thread-1522] INFO  volume.HddsVolume (HddsVolume.java:<init>(176)) - Creating Volume: /workdir/hadoop-ozone/ozonefs/target/test-dir/MiniOzoneClusterImpl-1be30765-89d3-47dd-8aff-300c033769b0/datanode-1/data/containers/hdds of  storage type : DISK and capacity : 1482555576320
2019-10-02 23:13:34,233 [Thread-1522] INFO  volume.VolumeSet (VolumeSet.java:initializeVolumeSet(170)) - Added Volume : /workdir/hadoop-ozone/ozonefs/target/test-dir/MiniOzoneClusterImpl-1be30765-89d3-47dd-8aff-300c033769b0/datanode-1/data/containers/hdds to VolumeSet
2019-10-02 23:13:34,234 [Thread-1522] INFO  volume.ThrottledAsyncChecker (ThrottledAsyncChecker.java:schedule(139)) - Scheduling a check for org.apache.hadoop.ozone.container.common.volume.HddsVolume@6d25e13a
2019-10-02 23:13:34,234 [Thread-1522] INFO  volume.HddsVolumeChecker (HddsVolumeChecker.java:checkAllVolumes(202)) - Scheduled health check for volume org.apache.hadoop.ozone.container.common.volume.HddsVolume@6d25e13a
2019-10-02 23:13:34,251 [Thread-1522] INFO  impl.RaftServerProxy (ConfUtils.java:logGet(43)) - raft.rpc.type = GRPC (default)
2019-10-02 23:13:34,251 [Thread-1522] INFO  grpc.GrpcFactory (GrpcFactory.java:checkPooledByteBufAllocatorUseCacheForAllThreads(45)) - PERFORMANCE WARNING: useCacheForAllThreads is true that may cause Netty to create a lot garbage objects and, as a result, trigger GC.
	It is recommended to disable useCacheForAllThreads by setting -Dorg.apache.ratis.thirdparty.io.netty.allocator.useCacheForAllThreads=false in command line.
2019-10-02 23:13:34,252 [Thread-1522] INFO  grpc.GrpcConfigKeys$Server (ConfUtils.java:logGet(43)) - raft.grpc.server.port = 0 (default)
2019-10-02 23:13:34,252 [Thread-1522] INFO  server.GrpcService (ConfUtils.java:logGet(43)) - raft.grpc.message.size.max = 33570816 (custom)
2019-10-02 23:13:34,252 [Thread-1522] INFO  server.RaftServerConfigKeys (ConfUtils.java:logGet(43)) - raft.server.log.appender.buffer.byte-limit = 33554432 (custom)
2019-10-02 23:13:34,252 [Thread-1522] INFO  server.GrpcService (ConfUtils.java:logGet(43)) - raft.grpc.flow.control.window = 1MB (=1048576) (default)
2019-10-02 23:13:34,252 [Thread-1522] INFO  server.RaftServerConfigKeys (ConfUtils.java:logGet(43)) - raft.server.rpc.request.timeout = 3000ms (default)
2019-10-02 23:13:34,253 [Thread-1522] INFO  server.RaftServerConfigKeys (ConfUtils.java:logGet(43)) - raft.server.storage.dir = [/workdir/hadoop-ozone/ozonefs/target/test-dir/MiniOzoneClusterImpl-1be30765-89d3-47dd-8aff-300c033769b0/datanode-1/data/ratis] (custom)
2019-10-02 23:13:34,254 [Thread-1522] INFO  hdfs.DFSUtil (DFSUtil.java:httpServerTemplateForNNAndJN(1641)) - Starting Web-server for hddsDatanode at: http://0.0.0.0:0
2019-10-02 23:13:34,256 [Thread-1522] INFO  server.AuthenticationFilter (AuthenticationFilter.java:constructSecretProvider(240)) - Unable to initialize FileSignerSecretProvider, falling back to use random secrets.
2019-10-02 23:13:34,256 [Thread-1522] WARN  http.HttpRequestLog (HttpRequestLog.java:getRequestLog(97)) - Jetty request log can only be enabled using Log4j
2019-10-02 23:13:34,257 [Thread-1522] INFO  http.HttpServer2 (HttpServer2.java:addGlobalFilter(975)) - Added global filter 'safety' (class=org.apache.hadoop.http.HttpServer2$QuotingInputFilter)
2019-10-02 23:13:34,258 [Thread-1522] INFO  http.HttpServer2 (HttpServer2.java:addFilter(948)) - Added filter static_user_filter (class=org.apache.hadoop.http.lib.StaticUserWebFilter$StaticUserFilter) to context hddsDatanode
2019-10-02 23:13:34,258 [Thread-1522] INFO  http.HttpServer2 (HttpServer2.java:addFilter(958)) - Added filter static_user_filter (class=org.apache.hadoop.http.lib.StaticUserWebFilter$StaticUserFilter) to context logs
2019-10-02 23:13:34,258 [Thread-1522] INFO  http.HttpServer2 (HttpServer2.java:addFilter(958)) - Added filter static_user_filter (class=org.apache.hadoop.http.lib.StaticUserWebFilter$StaticUserFilter) to context static
2019-10-02 23:13:34,259 [Thread-1522] INFO  http.HttpServer2 (HttpServer2.java:bindListener(1191)) - Jetty bound to port 43110
2019-10-02 23:13:34,259 [Thread-1522] INFO  server.Server (Server.java:doStart(351)) - jetty-9.3.25.v20180904, build timestamp: 2018-09-04T21:11:46Z, git hash: 3ce520221d0240229c862b122d2b06c12a625732
2019-10-02 23:13:34,260 [Thread-1522] INFO  handler.ContextHandler (ContextHandler.java:doStart(781)) - Started o.e.j.s.ServletContextHandler@949deef{/logs,file:///workdir/hadoop-ozone/ozonefs/target/log,AVAILABLE}
2019-10-02 23:13:34,261 [Thread-1522] INFO  handler.ContextHandler (ContextHandler.java:doStart(781)) - Started o.e.j.s.ServletContextHandler@48662faa{/static,jar:file:/home/user/.m2/repository/org/apache/hadoop/hadoop-hdds-container-service/0.5.0-SNAPSHOT/hadoop-hdds-container-service-0.5.0-SNAPSHOT.jar!/webapps/static,AVAILABLE}
2019-10-02 23:13:34,290 [Thread-1522] INFO  handler.ContextHandler (ContextHandler.java:doStart(781)) - Started o.e.j.w.WebAppContext@57193872{/,file:///tmp/jetty-0.0.0.0-43110-hddsDatanode-_-any-8848660211180926420.dir/webapp/,AVAILABLE}{/hddsDatanode}
2019-10-02 23:13:34,291 [Thread-1522] INFO  server.AbstractConnector (AbstractConnector.java:doStart(278)) - Started ServerConnector@61eb957d{HTTP/1.1,[http/1.1]}{0.0.0.0:43110}
2019-10-02 23:13:34,292 [Thread-1522] INFO  server.Server (Server.java:doStart(419)) - Started @127395ms
2019-10-02 23:13:34,292 [Thread-1522] WARN  impl.MetricsSystemImpl (MetricsSystemImpl.java:register(276)) - Sink prometheus already exists!
2019-10-02 23:13:34,293 [Thread-1522] INFO  server.BaseHttpServer (BaseHttpServer.java:updateConnectorAddress(215)) - HTTP server of HDDSDATANODE is listening at http://0.0.0.0:43110
2019-10-02 23:13:34,294 [Thread-1522] INFO  impl.MetricsSystemImpl (MetricsSystemImpl.java:init(158)) - HddsDatanode metrics system started (again)
2019-10-02 23:13:34,298 [org.apache.hadoop.util.JvmPauseMonitor$Monitor@7d98bad0] INFO  util.JvmPauseMonitor (JvmPauseMonitor.java:run(188)) - Starting JVM pause monitor
2019-10-02 23:13:34,299 [Thread-1522] INFO  ozone.HddsDatanodeService (HddsDatanodeService.java:start(184)) - HddsDatanodeService host:pr-hdds1737-lts7z-2510321508 ip:192.168.30.30
2019-10-02 23:13:34,300 [Datanode State Machine Thread - 0] INFO  datanode.InitDatanodeState (InitDatanodeState.java:persistContainerDatanodeDetails(140)) - DatanodeDetails is persisted to /workdir/hadoop-ozone/ozonefs/target/test-dir/MiniOzoneClusterImpl-1be30765-89d3-47dd-8aff-300c033769b0/datanode-1/meta/datanode.id
2019-10-02 23:13:34,305 [Thread-1522] INFO  volume.HddsVolume (HddsVolume.java:<init>(176)) - Creating Volume: /workdir/hadoop-ozone/ozonefs/target/test-dir/MiniOzoneClusterImpl-1be30765-89d3-47dd-8aff-300c033769b0/datanode-2/data/containers/hdds of  storage type : DISK and capacity : 1482555576320
2019-10-02 23:13:34,306 [Thread-1522] INFO  volume.VolumeSet (VolumeSet.java:initializeVolumeSet(170)) - Added Volume : /workdir/hadoop-ozone/ozonefs/target/test-dir/MiniOzoneClusterImpl-1be30765-89d3-47dd-8aff-300c033769b0/datanode-2/data/containers/hdds to VolumeSet
2019-10-02 23:13:34,306 [Thread-1522] INFO  volume.ThrottledAsyncChecker (ThrottledAsyncChecker.java:schedule(139)) - Scheduling a check for org.apache.hadoop.ozone.container.common.volume.HddsVolume@3a131373
2019-10-02 23:13:34,306 [Thread-1522] INFO  volume.HddsVolumeChecker (HddsVolumeChecker.java:checkAllVolumes(202)) - Scheduled health check for volume org.apache.hadoop.ozone.container.common.volume.HddsVolume@3a131373
2019-10-02 23:13:34,326 [Thread-1522] INFO  impl.RaftServerProxy (ConfUtils.java:logGet(43)) - raft.rpc.type = GRPC (default)
2019-10-02 23:13:34,326 [Thread-1522] INFO  grpc.GrpcFactory (GrpcFactory.java:checkPooledByteBufAllocatorUseCacheForAllThreads(45)) - PERFORMANCE WARNING: useCacheForAllThreads is true that may cause Netty to create a lot garbage objects and, as a result, trigger GC.
	It is recommended to disable useCacheForAllThreads by setting -Dorg.apache.ratis.thirdparty.io.netty.allocator.useCacheForAllThreads=false in command line.
2019-10-02 23:13:34,326 [Thread-1522] INFO  grpc.GrpcConfigKeys$Server (ConfUtils.java:logGet(43)) - raft.grpc.server.port = 0 (default)
2019-10-02 23:13:34,326 [Thread-1522] INFO  server.GrpcService (ConfUtils.java:logGet(43)) - raft.grpc.message.size.max = 33570816 (custom)
2019-10-02 23:13:34,327 [Thread-1522] INFO  server.RaftServerConfigKeys (ConfUtils.java:logGet(43)) - raft.server.log.appender.buffer.byte-limit = 33554432 (custom)
2019-10-02 23:13:34,327 [Thread-1522] INFO  server.GrpcService (ConfUtils.java:logGet(43)) - raft.grpc.flow.control.window = 1MB (=1048576) (default)
2019-10-02 23:13:34,327 [Thread-1522] INFO  server.RaftServerConfigKeys (ConfUtils.java:logGet(43)) - raft.server.rpc.request.timeout = 3000ms (default)
2019-10-02 23:13:34,327 [Thread-1522] INFO  server.RaftServerConfigKeys (ConfUtils.java:logGet(43)) - raft.server.storage.dir = [/workdir/hadoop-ozone/ozonefs/target/test-dir/MiniOzoneClusterImpl-1be30765-89d3-47dd-8aff-300c033769b0/datanode-2/data/ratis] (custom)
2019-10-02 23:13:34,329 [Thread-1522] INFO  hdfs.DFSUtil (DFSUtil.java:httpServerTemplateForNNAndJN(1641)) - Starting Web-server for hddsDatanode at: http://0.0.0.0:0
2019-10-02 23:13:34,330 [Thread-1522] INFO  server.AuthenticationFilter (AuthenticationFilter.java:constructSecretProvider(240)) - Unable to initialize FileSignerSecretProvider, falling back to use random secrets.
2019-10-02 23:13:34,331 [Thread-1522] WARN  http.HttpRequestLog (HttpRequestLog.java:getRequestLog(97)) - Jetty request log can only be enabled using Log4j
2019-10-02 23:13:34,332 [Thread-1522] INFO  http.HttpServer2 (HttpServer2.java:addGlobalFilter(975)) - Added global filter 'safety' (class=org.apache.hadoop.http.HttpServer2$QuotingInputFilter)
2019-10-02 23:13:34,333 [Thread-1522] INFO  http.HttpServer2 (HttpServer2.java:addFilter(948)) - Added filter static_user_filter (class=org.apache.hadoop.http.lib.StaticUserWebFilter$StaticUserFilter) to context hddsDatanode
2019-10-02 23:13:34,333 [Thread-1522] INFO  http.HttpServer2 (HttpServer2.java:addFilter(958)) - Added filter static_user_filter (class=org.apache.hadoop.http.lib.StaticUserWebFilter$StaticUserFilter) to context static
2019-10-02 23:13:34,333 [Thread-1522] INFO  http.HttpServer2 (HttpServer2.java:addFilter(958)) - Added filter static_user_filter (class=org.apache.hadoop.http.lib.StaticUserWebFilter$StaticUserFilter) to context logs
2019-10-02 23:13:34,334 [Thread-1522] INFO  http.HttpServer2 (HttpServer2.java:bindListener(1191)) - Jetty bound to port 34567
2019-10-02 23:13:34,334 [Thread-1522] INFO  server.Server (Server.java:doStart(351)) - jetty-9.3.25.v20180904, build timestamp: 2018-09-04T21:11:46Z, git hash: 3ce520221d0240229c862b122d2b06c12a625732
2019-10-02 23:13:34,335 [Thread-1522] INFO  handler.ContextHandler (ContextHandler.java:doStart(781)) - Started o.e.j.s.ServletContextHandler@5647401b{/logs,file:///workdir/hadoop-ozone/ozonefs/target/log,AVAILABLE}
2019-10-02 23:13:34,336 [Thread-1522] INFO  handler.ContextHandler (ContextHandler.java:doStart(781)) - Started o.e.j.s.ServletContextHandler@811a781{/static,jar:file:/home/user/.m2/repository/org/apache/hadoop/hadoop-hdds-container-service/0.5.0-SNAPSHOT/hadoop-hdds-container-service-0.5.0-SNAPSHOT.jar!/webapps/static,AVAILABLE}
2019-10-02 23:13:34,370 [Thread-1522] INFO  handler.ContextHandler (ContextHandler.java:doStart(781)) - Started o.e.j.w.WebAppContext@1b182b89{/,file:///tmp/jetty-0.0.0.0-34567-hddsDatanode-_-any-2045259709608026298.dir/webapp/,AVAILABLE}{/hddsDatanode}
2019-10-02 23:13:34,371 [Thread-1522] INFO  server.AbstractConnector (AbstractConnector.java:doStart(278)) - Started ServerConnector@3d5008af{HTTP/1.1,[http/1.1]}{0.0.0.0:34567}
2019-10-02 23:13:34,373 [Thread-1522] INFO  server.Server (Server.java:doStart(419)) - Started @127476ms
2019-10-02 23:13:34,373 [Thread-1522] WARN  impl.MetricsSystemImpl (MetricsSystemImpl.java:register(276)) - Sink prometheus already exists!
2019-10-02 23:13:34,373 [Thread-1522] INFO  server.BaseHttpServer (BaseHttpServer.java:updateConnectorAddress(215)) - HTTP server of HDDSDATANODE is listening at http://0.0.0.0:34567
2019-10-02 23:13:34,374 [Thread-1522] INFO  ozone.MiniOzoneClusterImpl (MiniOzoneClusterImpl.java:lambda$waitForClusterToBeReady$0(147)) - Waiting for cluster to be ready. Got 0 of 3 DN Heartbeats.
2019-10-02 23:13:34,375 [org.apache.hadoop.util.JvmPauseMonitor$Monitor@36b2f005] INFO  util.JvmPauseMonitor (JvmPauseMonitor.java:run(188)) - Starting JVM pause monitor
2019-10-02 23:13:34,376 [Datanode State Machine Thread - 0] INFO  datanode.InitDatanodeState (InitDatanodeState.java:persistContainerDatanodeDetails(140)) - DatanodeDetails is persisted to /workdir/hadoop-ozone/ozonefs/target/test-dir/MiniOzoneClusterImpl-1be30765-89d3-47dd-8aff-300c033769b0/datanode-2/meta/datanode.id
2019-10-02 23:13:35,374 [Thread-1522] INFO  ozone.MiniOzoneClusterImpl (MiniOzoneClusterImpl.java:lambda$waitForClusterToBeReady$0(147)) - Waiting for cluster to be ready. Got 0 of 3 DN Heartbeats.
2019-10-02 23:13:36,255 [Datanode State Machine Thread - 0] INFO  ozoneimpl.OzoneContainer (OzoneContainer.java:start(217)) - Attempting to start container services.
2019-10-02 23:13:36,255 [Datanode State Machine Thread - 0] INFO  ozoneimpl.OzoneContainer (OzoneContainer.java:startContainerScrub(179)) - Background container scanner has been disabled.
2019-10-02 23:13:36,256 [Datanode State Machine Thread - 0] INFO  ratis.XceiverServerRatis (XceiverServerRatis.java:start(417)) - Starting XceiverServerRatis ed779cf0-ba52-4052-9ea2-23e91d6f7be8 at port 0
2019-10-02 23:13:36,260 [Datanode State Machine Thread - 0] INFO  impl.RaftServerProxy (RaftServerProxy.java:lambda$start$3(299)) - ed779cf0-ba52-4052-9ea2-23e91d6f7be8: start RPC server
2019-10-02 23:13:36,261 [Datanode State Machine Thread - 0] INFO  server.GrpcService (GrpcService.java:startImpl(158)) - ed779cf0-ba52-4052-9ea2-23e91d6f7be8: GrpcService started, listening on 0.0.0.0/0.0.0.0:34150
2019-10-02 23:13:36,262 [Datanode State Machine Thread - 0] INFO  ratis.XceiverServerRatis (XceiverServerRatis.java:start(427)) - XceiverServerRatis ed779cf0-ba52-4052-9ea2-23e91d6f7be8 is started using port 34150
2019-10-02 23:13:36,262 [Datanode State Machine Thread - 0] INFO  server.XceiverServerGrpc (XceiverServerGrpc.java:start(149)) - XceiverServerGrpc ed779cf0-ba52-4052-9ea2-23e91d6f7be8 is started using port 45417
2019-10-02 23:13:36,321 [Datanode State Machine Thread - 0] INFO  ozoneimpl.OzoneContainer (OzoneContainer.java:start(217)) - Attempting to start container services.
2019-10-02 23:13:36,321 [Datanode State Machine Thread - 0] INFO  ozoneimpl.OzoneContainer (OzoneContainer.java:startContainerScrub(179)) - Background container scanner has been disabled.
2019-10-02 23:13:36,322 [Datanode State Machine Thread - 0] INFO  ratis.XceiverServerRatis (XceiverServerRatis.java:start(417)) - Starting XceiverServerRatis 8d2c2f7c-a831-41df-8b1e-77d0c4a223c5 at port 0
2019-10-02 23:13:36,325 [Datanode State Machine Thread - 0] INFO  impl.RaftServerProxy (RaftServerProxy.java:lambda$start$3(299)) - 8d2c2f7c-a831-41df-8b1e-77d0c4a223c5: start RPC server
2019-10-02 23:13:36,326 [Datanode State Machine Thread - 0] INFO  server.GrpcService (GrpcService.java:startImpl(158)) - 8d2c2f7c-a831-41df-8b1e-77d0c4a223c5: GrpcService started, listening on 0.0.0.0/0.0.0.0:41787
2019-10-02 23:13:36,326 [Datanode State Machine Thread - 0] INFO  ratis.XceiverServerRatis (XceiverServerRatis.java:start(427)) - XceiverServerRatis 8d2c2f7c-a831-41df-8b1e-77d0c4a223c5 is started using port 41787
2019-10-02 23:13:36,326 [Datanode State Machine Thread - 0] INFO  server.XceiverServerGrpc (XceiverServerGrpc.java:start(149)) - XceiverServerGrpc 8d2c2f7c-a831-41df-8b1e-77d0c4a223c5 is started using port 33027
2019-10-02 23:13:36,374 [Thread-1522] INFO  ozone.MiniOzoneClusterImpl (MiniOzoneClusterImpl.java:lambda$waitForClusterToBeReady$0(147)) - Waiting for cluster to be ready. Got 0 of 3 DN Heartbeats.
2019-10-02 23:13:36,400 [Datanode State Machine Thread - 0] INFO  ozoneimpl.OzoneContainer (OzoneContainer.java:start(217)) - Attempting to start container services.
2019-10-02 23:13:36,400 [Datanode State Machine Thread - 0] INFO  ozoneimpl.OzoneContainer (OzoneContainer.java:startContainerScrub(179)) - Background container scanner has been disabled.
2019-10-02 23:13:36,400 [Datanode State Machine Thread - 0] INFO  ratis.XceiverServerRatis (XceiverServerRatis.java:start(417)) - Starting XceiverServerRatis b344a52e-7f0f-40c4-856a-c53f50c33b91 at port 0
2019-10-02 23:13:36,405 [Datanode State Machine Thread - 0] INFO  impl.RaftServerProxy (RaftServerProxy.java:lambda$start$3(299)) - b344a52e-7f0f-40c4-856a-c53f50c33b91: start RPC server
2019-10-02 23:13:36,407 [Datanode State Machine Thread - 0] INFO  server.GrpcService (GrpcService.java:startImpl(158)) - b344a52e-7f0f-40c4-856a-c53f50c33b91: GrpcService started, listening on 0.0.0.0/0.0.0.0:42944
2019-10-02 23:13:36,407 [Datanode State Machine Thread - 0] INFO  ratis.XceiverServerRatis (XceiverServerRatis.java:start(427)) - XceiverServerRatis b344a52e-7f0f-40c4-856a-c53f50c33b91 is started using port 42944
2019-10-02 23:13:36,408 [Datanode State Machine Thread - 0] INFO  server.XceiverServerGrpc (XceiverServerGrpc.java:start(149)) - XceiverServerGrpc b344a52e-7f0f-40c4-856a-c53f50c33b91 is started using port 46398
2019-10-02 23:13:37,375 [Thread-1522] INFO  ozone.MiniOzoneClusterImpl (MiniOzoneClusterImpl.java:lambda$waitForClusterToBeReady$0(147)) - Waiting for cluster to be ready. Got 0 of 3 DN Heartbeats.
2019-10-02 23:13:38,231 [IPC Server handler 1 on 44804] INFO  net.NetworkTopology (NetworkTopologyImpl.java:add(111)) - Added a new node: /default-rack/ed779cf0-ba52-4052-9ea2-23e91d6f7be8
2019-10-02 23:13:38,233 [IPC Server handler 1 on 44804] INFO  node.SCMNodeManager (SCMNodeManager.java:register(266)) - Registered Data node : ed779cf0-ba52-4052-9ea2-23e91d6f7be8{ip: 192.168.30.30, host: pr-hdds1737-lts7z-2510321508, networkLocation: /default-rack, certSerialId: null}
2019-10-02 23:13:38,234 [EventQueue-NodeRegistrationContainerReportForDataNodeSafeModeRule] INFO  safemode.SCMSafeModeManager (DataNodeSafeModeRule.java:process(71)) - SCM in safe mode. 1 DataNodes registered, 1 required.
2019-10-02 23:13:38,236 [EventQueue-NodeRegistrationContainerReportForDataNodeSafeModeRule] INFO  safemode.SCMSafeModeManager (SCMSafeModeManager.java:validateSafeModeExitRules(177)) - ScmSafeModeManager, all rules are successfully validated
2019-10-02 23:13:38,236 [EventQueue-NodeRegistrationContainerReportForDataNodeSafeModeRule] INFO  safemode.SCMSafeModeManager (SCMSafeModeManager.java:exitSafeMode(193)) - SCM exiting safe mode.
2019-10-02 23:13:38,246 [grpc-default-executor-0] INFO  impl.RaftServerProxy (RaftServerProxy.java:addNew(89)) - ed779cf0-ba52-4052-9ea2-23e91d6f7be8: addNew group-92F00E486939:[ed779cf0-ba52-4052-9ea2-23e91d6f7be8:192.168.30.30:34150] returns group-92F00E486939:java.util.concurrent.CompletableFuture@5418ba83[Not completed]
2019-10-02 23:13:38,248 [pool-377-thread-1] INFO  impl.RaftServerImpl (RaftServerImpl.java:<init>(95)) - ed779cf0-ba52-4052-9ea2-23e91d6f7be8: new RaftServerImpl for group-92F00E486939:[ed779cf0-ba52-4052-9ea2-23e91d6f7be8:192.168.30.30:34150] with ContainerStateMachine:uninitialized
2019-10-02 23:13:38,248 [pool-377-thread-1] INFO  server.RaftServerConfigKeys (ConfUtils.java:logGet(43)) - raft.server.rpc.timeout.min = 5s (custom)
2019-10-02 23:13:38,248 [pool-377-thread-1] INFO  server.RaftServerConfigKeys (ConfUtils.java:logGet(43)) - raft.server.rpc.timeout.max = 5200ms (custom)
2019-10-02 23:13:38,249 [pool-377-thread-1] INFO  server.RaftServerConfigKeys (ConfUtils.java:logGet(43)) - raft.server.rpcslowness.timeout = 120s (custom)
2019-10-02 23:13:38,249 [pool-377-thread-1] INFO  server.RaftServerConfigKeys (ConfUtils.java:logGet(43)) - raft.server.sleep.deviation.threshold = 300 (default)
2019-10-02 23:13:38,249 [pool-377-thread-1] INFO  server.RaftServerConfigKeys (ConfUtils.java:logGet(43)) - raft.server.log.appender.install.snapshot.enabled = false (custom)
2019-10-02 23:13:38,249 [pool-377-thread-1] INFO  impl.RaftServerImpl (ServerState.java:<init>(103)) - ed779cf0-ba52-4052-9ea2-23e91d6f7be8@group-92F00E486939: ConfigurationManager, init=-1: [ed779cf0-ba52-4052-9ea2-23e91d6f7be8:192.168.30.30:34150], old=null, confs=<EMPTY_MAP>
2019-10-02 23:13:38,249 [pool-377-thread-1] INFO  server.RaftServerConfigKeys (ConfUtils.java:logGet(43)) - raft.server.storage.dir = [/workdir/hadoop-ozone/ozonefs/target/test-dir/MiniOzoneClusterImpl-1be30765-89d3-47dd-8aff-300c033769b0/datanode-0/data/ratis] (custom)
2019-10-02 23:13:38,249 [pool-377-thread-1] INFO  server.RaftServerConfigKeys (ConfUtils.java:logGet(43)) - raft.server.log.corruption.policy = EXCEPTION (default)
2019-10-02 23:13:38,249 [pool-377-thread-1] INFO  storage.RaftStorageDirectory (RaftStorageDirectory.java:analyzeStorage(246)) - The storage directory /workdir/hadoop-ozone/ozonefs/target/test-dir/MiniOzoneClusterImpl-1be30765-89d3-47dd-8aff-300c033769b0/datanode-0/data/ratis/90459524-7b12-4e28-8240-92f00e486939 does not exist. Creating ...
2019-10-02 23:13:38,298 [IPC Server handler 0 on 44804] INFO  net.NetworkTopology (NetworkTopologyImpl.java:add(111)) - Added a new node: /default-rack/8d2c2f7c-a831-41df-8b1e-77d0c4a223c5
2019-10-02 23:13:38,298 [IPC Server handler 0 on 44804] INFO  node.SCMNodeManager (SCMNodeManager.java:register(266)) - Registered Data node : 8d2c2f7c-a831-41df-8b1e-77d0c4a223c5{ip: 192.168.30.30, host: pr-hdds1737-lts7z-2510321508, networkLocation: /default-rack, certSerialId: null}
2019-10-02 23:13:38,364 [pool-377-thread-1] INFO  storage.RaftStorageDirectory (RaftStorageDirectory.java:tryLock(328)) - Lock on /workdir/hadoop-ozone/ozonefs/target/test-dir/MiniOzoneClusterImpl-1be30765-89d3-47dd-8aff-300c033769b0/datanode-0/data/ratis/90459524-7b12-4e28-8240-92f00e486939/in_use.lock acquired by nodename 24005@pr-hdds1737-lts7z-2510321508
2019-10-02 23:13:38,375 [Thread-1522] INFO  ozone.MiniOzoneClusterImpl (MiniOzoneClusterImpl.java:lambda$waitForClusterToBeReady$0(147)) - Waiting for cluster to be ready. Got 2 of 3 DN Heartbeats.
2019-10-02 23:13:38,377 [IPC Server handler 2 on 44804] INFO  net.NetworkTopology (NetworkTopologyImpl.java:add(111)) - Added a new node: /default-rack/b344a52e-7f0f-40c4-856a-c53f50c33b91
2019-10-02 23:13:38,377 [IPC Server handler 2 on 44804] INFO  node.SCMNodeManager (SCMNodeManager.java:register(266)) - Registered Data node : b344a52e-7f0f-40c4-856a-c53f50c33b91{ip: 192.168.30.30, host: pr-hdds1737-lts7z-2510321508, networkLocation: /default-rack, certSerialId: null}
2019-10-02 23:13:38,379 [pool-377-thread-1] INFO  storage.RaftStorage (RaftStorage.java:format(84)) - Storage directory /workdir/hadoop-ozone/ozonefs/target/test-dir/MiniOzoneClusterImpl-1be30765-89d3-47dd-8aff-300c033769b0/datanode-0/data/ratis/90459524-7b12-4e28-8240-92f00e486939 has been successfully formatted.
2019-10-02 23:13:38,379 [pool-377-thread-1] INFO  ratis.ContainerStateMachine (ContainerStateMachine.java:loadSnapshot(230)) - group-92F00E486939: The snapshot info is null. Setting the last applied indexto:(t:0, i:~)
2019-10-02 23:13:38,379 [pool-377-thread-1] INFO  server.RaftServerConfigKeys (ConfUtils.java:logGet(43)) - raft.server.notification.no-leader.timeout = 120s (custom)
2019-10-02 23:13:38,379 [pool-377-thread-1] INFO  server.RaftServerConfigKeys (ConfUtils.java:logGet(43)) - raft.server.log.use.memory = false (default)
2019-10-02 23:13:38,380 [pool-377-thread-1] INFO  server.RaftServerConfigKeys (ConfUtils.java:logGet(43)) - raft.server.log.purge.gap = 1000000 (custom)
2019-10-02 23:13:38,380 [pool-377-thread-1] INFO  server.RaftServerConfigKeys (ConfUtils.java:logGet(43)) - raft.server.log.appender.buffer.byte-limit = 33554432 (custom)
2019-10-02 23:13:38,380 [pool-377-thread-1] INFO  server.RaftServerConfigKeys (ConfUtils.java:logGet(43)) - raft.server.log.segment.size.max = 1048576 (custom)
2019-10-02 23:13:38,382 [pool-377-thread-1] INFO  server.RaftServerConfigKeys (ConfUtils.java:logGet(43)) - raft.server.log.segment.cache.num.max = 2 (custom)
2019-10-02 23:13:38,382 [pool-377-thread-1] INFO  segmented.SegmentedRaftLogWorker (SegmentedRaftLogWorker.java:<init>(173)) - new ed779cf0-ba52-4052-9ea2-23e91d6f7be8@group-92F00E486939-SegmentedRaftLogWorker for RaftStorage:Storage Directory /workdir/hadoop-ozone/ozonefs/target/test-dir/MiniOzoneClusterImpl-1be30765-89d3-47dd-8aff-300c033769b0/datanode-0/data/ratis/90459524-7b12-4e28-8240-92f00e486939
2019-10-02 23:13:38,383 [pool-377-thread-1] INFO  server.RaftServerConfigKeys (ConfUtils.java:logGet(43)) - raft.server.log.queue.byte-limit = 2147483647 (custom)
2019-10-02 23:13:38,383 [pool-377-thread-1] INFO  server.RaftServerConfigKeys (ConfUtils.java:logGet(43)) - raft.server.log.queue.element-limit = 1024 (custom)
2019-10-02 23:13:38,383 [pool-377-thread-1] INFO  server.RaftServerConfigKeys (ConfUtils.java:logGet(43)) - raft.server.log.segment.size.max = 1048576 (custom)
2019-10-02 23:13:38,383 [pool-377-thread-1] INFO  server.RaftServerConfigKeys (ConfUtils.java:logGet(43)) - raft.server.log.preallocated.size = 16384 (custom)
2019-10-02 23:13:38,383 [pool-377-thread-1] INFO  server.RaftServerConfigKeys (ConfUtils.java:logGet(43)) - raft.server.log.write.buffer.size = 33554432 (custom)
2019-10-02 23:13:38,383 [pool-377-thread-1] INFO  server.RaftServerConfigKeys (ConfUtils.java:logGet(43)) - raft.server.log.force.sync.num = 128 (default)
2019-10-02 23:13:38,384 [pool-377-thread-1] INFO  server.RaftServerConfigKeys (ConfUtils.java:logGet(43)) - raft.server.log.statemachine.data.sync = true (default)
2019-10-02 23:13:38,384 [pool-377-thread-1] INFO  server.RaftServerConfigKeys (ConfUtils.java:logGet(43)) - raft.server.log.statemachine.data.sync.timeout = 10s (default)
2019-10-02 23:13:38,384 [pool-377-thread-1] INFO  server.RaftServerConfigKeys (ConfUtils.java:logGet(43)) - raft.server.log.statemachine.data.sync.timeout.retry = -1 (default)
2019-10-02 23:13:38,384 [pool-377-thread-1] INFO  server.RaftServerConfigKeys (ConfUtils.java:logGet(43)) - raft.server.log.statemachine.data.caching.enabled = true (custom)
2019-10-02 23:13:38,385 [pool-377-thread-1] INFO  segmented.SegmentedRaftLogWorker (SegmentedRaftLogWorker.java:lambda$new$0(128)) - ed779cf0-ba52-4052-9ea2-23e91d6f7be8@group-92F00E486939-SegmentedRaftLogWorker: flushIndex: setUnconditionally 0 -> -1
2019-10-02 23:13:38,385 [pool-377-thread-1] INFO  server.RaftServerConfigKeys (ConfUtils.java:logGet(43)) - raft.server.snapshot.auto.trigger.enabled = true (custom)
2019-10-02 23:13:38,385 [pool-377-thread-1] INFO  server.RaftServerConfigKeys (ConfUtils.java:logGet(43)) - raft.server.snapshot.auto.trigger.threshold = 10000 (custom)
2019-10-02 23:13:38,386 [pool-377-thread-1] INFO  server.RaftServerConfigKeys (ConfUtils.java:logGet(43)) - raft.server.snapshot.retention.file.num = 5 (custom)
2019-10-02 23:13:38,386 [pool-377-thread-1] INFO  server.RaftServerConfigKeys (ConfUtils.java:logGet(43)) - raft.server.retrycache.expirytime = 600000ms (custom)
2019-10-02 23:13:38,388 [pool-377-thread-1] INFO  impl.RaftServerImpl (RaftServerImpl.java:start(181)) - ed779cf0-ba52-4052-9ea2-23e91d6f7be8@group-92F00E486939: start as a follower, conf=-1: [ed779cf0-ba52-4052-9ea2-23e91d6f7be8:192.168.30.30:34150], old=null
2019-10-02 23:13:38,388 [pool-377-thread-1] INFO  impl.RaftServerImpl (RaftServerImpl.java:setRole(170)) - ed779cf0-ba52-4052-9ea2-23e91d6f7be8@group-92F00E486939: changes role from      null to FOLLOWER at term 0 for startAsFollower
2019-10-02 23:13:38,388 [pool-377-thread-1] INFO  impl.RoleInfo (RoleInfo.java:updateAndGet(143)) - ed779cf0-ba52-4052-9ea2-23e91d6f7be8: start FollowerState
2019-10-02 23:13:38,389 [pool-377-thread-1] INFO  util.JmxRegister (JmxRegister.java:tryRegister(44)) - Successfully registered JMX Bean with object name Ratis:service=RaftServer,group=group-92F00E486939,id=ed779cf0-ba52-4052-9ea2-23e91d6f7be8
2019-10-02 23:13:38,396 [RatisPipelineUtilsThread] INFO  pipeline.PipelineStateManager (PipelineStateManager.java:addPipeline(56)) - Created pipeline Pipeline[ Id: 90459524-7b12-4e28-8240-92f00e486939, Nodes: ed779cf0-ba52-4052-9ea2-23e91d6f7be8{ip: 192.168.30.30, host: pr-hdds1737-lts7z-2510321508, networkLocation: /default-rack, certSerialId: null}, Type:RATIS, Factor:ONE, State:OPEN]
2019-10-02 23:13:38,407 [grpc-default-executor-0] INFO  impl.RaftServerProxy (RaftServerProxy.java:addNew(89)) - b344a52e-7f0f-40c4-856a-c53f50c33b91: addNew group-BF1A14E821F8:[b344a52e-7f0f-40c4-856a-c53f50c33b91:192.168.30.30:42944] returns group-BF1A14E821F8:java.util.concurrent.CompletableFuture@25ea2f50[Not completed]
2019-10-02 23:13:38,407 [pool-397-thread-1] INFO  impl.RaftServerImpl (RaftServerImpl.java:<init>(95)) - b344a52e-7f0f-40c4-856a-c53f50c33b91: new RaftServerImpl for group-BF1A14E821F8:[b344a52e-7f0f-40c4-856a-c53f50c33b91:192.168.30.30:42944] with ContainerStateMachine:uninitialized
2019-10-02 23:13:38,408 [pool-397-thread-1] INFO  server.RaftServerConfigKeys (ConfUtils.java:logGet(43)) - raft.server.rpc.timeout.min = 5s (custom)
2019-10-02 23:13:38,408 [pool-397-thread-1] INFO  server.RaftServerConfigKeys (ConfUtils.java:logGet(43)) - raft.server.rpc.timeout.max = 5200ms (custom)
2019-10-02 23:13:38,408 [pool-397-thread-1] INFO  server.RaftServerConfigKeys (ConfUtils.java:logGet(43)) - raft.server.rpcslowness.timeout = 120s (custom)
2019-10-02 23:13:38,408 [pool-397-thread-1] INFO  server.RaftServerConfigKeys (ConfUtils.java:logGet(43)) - raft.server.sleep.deviation.threshold = 300 (default)
2019-10-02 23:13:38,408 [pool-397-thread-1] INFO  server.RaftServerConfigKeys (ConfUtils.java:logGet(43)) - raft.server.log.appender.install.snapshot.enabled = false (custom)
2019-10-02 23:13:38,408 [pool-397-thread-1] INFO  impl.RaftServerImpl (ServerState.java:<init>(103)) - b344a52e-7f0f-40c4-856a-c53f50c33b91@group-BF1A14E821F8: ConfigurationManager, init=-1: [b344a52e-7f0f-40c4-856a-c53f50c33b91:192.168.30.30:42944], old=null, confs=<EMPTY_MAP>
2019-10-02 23:13:38,408 [pool-397-thread-1] INFO  server.RaftServerConfigKeys (ConfUtils.java:logGet(43)) - raft.server.storage.dir = [/workdir/hadoop-ozone/ozonefs/target/test-dir/MiniOzoneClusterImpl-1be30765-89d3-47dd-8aff-300c033769b0/datanode-2/data/ratis] (custom)
2019-10-02 23:13:38,408 [pool-397-thread-1] INFO  server.RaftServerConfigKeys (ConfUtils.java:logGet(43)) - raft.server.log.corruption.policy = EXCEPTION (default)
2019-10-02 23:13:38,408 [pool-397-thread-1] INFO  storage.RaftStorageDirectory (RaftStorageDirectory.java:analyzeStorage(246)) - The storage directory /workdir/hadoop-ozone/ozonefs/target/test-dir/MiniOzoneClusterImpl-1be30765-89d3-47dd-8aff-300c033769b0/datanode-2/data/ratis/e7f00bf7-2eea-4d56-8927-bf1a14e821f8 does not exist. Creating ...
2019-10-02 23:13:38,425 [pool-397-thread-1] INFO  storage.RaftStorageDirectory (RaftStorageDirectory.java:tryLock(328)) - Lock on /workdir/hadoop-ozone/ozonefs/target/test-dir/MiniOzoneClusterImpl-1be30765-89d3-47dd-8aff-300c033769b0/datanode-2/data/ratis/e7f00bf7-2eea-4d56-8927-bf1a14e821f8/in_use.lock acquired by nodename 24005@pr-hdds1737-lts7z-2510321508
2019-10-02 23:13:38,441 [pool-397-thread-1] INFO  storage.RaftStorage (RaftStorage.java:format(84)) - Storage directory /workdir/hadoop-ozone/ozonefs/target/test-dir/MiniOzoneClusterImpl-1be30765-89d3-47dd-8aff-300c033769b0/datanode-2/data/ratis/e7f00bf7-2eea-4d56-8927-bf1a14e821f8 has been successfully formatted.
2019-10-02 23:13:38,441 [pool-397-thread-1] INFO  ratis.ContainerStateMachine (ContainerStateMachine.java:loadSnapshot(230)) - group-BF1A14E821F8: The snapshot info is null. Setting the last applied indexto:(t:0, i:~)
2019-10-02 23:13:38,441 [pool-397-thread-1] INFO  server.RaftServerConfigKeys (ConfUtils.java:logGet(43)) - raft.server.notification.no-leader.timeout = 120s (custom)
2019-10-02 23:13:38,441 [pool-397-thread-1] INFO  server.RaftServerConfigKeys (ConfUtils.java:logGet(43)) - raft.server.log.use.memory = false (default)
2019-10-02 23:13:38,441 [pool-397-thread-1] INFO  server.RaftServerConfigKeys (ConfUtils.java:logGet(43)) - raft.server.log.purge.gap = 1000000 (custom)
2019-10-02 23:13:38,441 [pool-397-thread-1] INFO  server.RaftServerConfigKeys (ConfUtils.java:logGet(43)) - raft.server.log.appender.buffer.byte-limit = 33554432 (custom)
2019-10-02 23:13:38,441 [pool-397-thread-1] INFO  server.RaftServerConfigKeys (ConfUtils.java:logGet(43)) - raft.server.log.segment.size.max = 1048576 (custom)
2019-10-02 23:13:38,443 [pool-397-thread-1] INFO  server.RaftServerConfigKeys (ConfUtils.java:logGet(43)) - raft.server.log.segment.cache.num.max = 2 (custom)
2019-10-02 23:13:38,443 [pool-397-thread-1] INFO  segmented.SegmentedRaftLogWorker (SegmentedRaftLogWorker.java:<init>(173)) - new b344a52e-7f0f-40c4-856a-c53f50c33b91@group-BF1A14E821F8-SegmentedRaftLogWorker for RaftStorage:Storage Directory /workdir/hadoop-ozone/ozonefs/target/test-dir/MiniOzoneClusterImpl-1be30765-89d3-47dd-8aff-300c033769b0/datanode-2/data/ratis/e7f00bf7-2eea-4d56-8927-bf1a14e821f8
2019-10-02 23:13:38,443 [pool-397-thread-1] INFO  server.RaftServerConfigKeys (ConfUtils.java:logGet(43)) - raft.server.log.queue.byte-limit = 2147483647 (custom)
2019-10-02 23:13:38,443 [pool-397-thread-1] INFO  server.RaftServerConfigKeys (ConfUtils.java:logGet(43)) - raft.server.log.queue.element-limit = 1024 (custom)
2019-10-02 23:13:38,443 [pool-397-thread-1] INFO  server.RaftServerConfigKeys (ConfUtils.java:logGet(43)) - raft.server.log.segment.size.max = 1048576 (custom)
2019-10-02 23:13:38,443 [pool-397-thread-1] INFO  server.RaftServerConfigKeys (ConfUtils.java:logGet(43)) - raft.server.log.preallocated.size = 16384 (custom)
2019-10-02 23:13:38,443 [pool-397-thread-1] INFO  server.RaftServerConfigKeys (ConfUtils.java:logGet(43)) - raft.server.log.write.buffer.size = 33554432 (custom)
2019-10-02 23:13:38,443 [pool-397-thread-1] INFO  server.RaftServerConfigKeys (ConfUtils.java:logGet(43)) - raft.server.log.force.sync.num = 128 (default)
2019-10-02 23:13:38,443 [pool-397-thread-1] INFO  server.RaftServerConfigKeys (ConfUtils.java:logGet(43)) - raft.server.log.statemachine.data.sync = true (default)
2019-10-02 23:13:38,443 [pool-397-thread-1] INFO  server.RaftServerConfigKeys (ConfUtils.java:logGet(43)) - raft.server.log.statemachine.data.sync.timeout = 10s (default)
2019-10-02 23:13:38,443 [pool-397-thread-1] INFO  server.RaftServerConfigKeys (ConfUtils.java:logGet(43)) - raft.server.log.statemachine.data.sync.timeout.retry = -1 (default)
2019-10-02 23:13:38,444 [pool-397-thread-1] INFO  server.RaftServerConfigKeys (ConfUtils.java:logGet(43)) - raft.server.log.statemachine.data.caching.enabled = true (custom)
2019-10-02 23:13:38,444 [pool-397-thread-1] INFO  segmented.SegmentedRaftLogWorker (SegmentedRaftLogWorker.java:lambda$new$0(128)) - b344a52e-7f0f-40c4-856a-c53f50c33b91@group-BF1A14E821F8-SegmentedRaftLogWorker: flushIndex: setUnconditionally 0 -> -1
2019-10-02 23:13:38,444 [pool-397-thread-1] INFO  server.RaftServerConfigKeys (ConfUtils.java:logGet(43)) - raft.server.snapshot.auto.trigger.enabled = true (custom)
2019-10-02 23:13:38,444 [pool-397-thread-1] INFO  server.RaftServerConfigKeys (ConfUtils.java:logGet(43)) - raft.server.snapshot.auto.trigger.threshold = 10000 (custom)
2019-10-02 23:13:38,444 [pool-397-thread-1] INFO  server.RaftServerConfigKeys (ConfUtils.java:logGet(43)) - raft.server.snapshot.retention.file.num = 5 (custom)
2019-10-02 23:13:38,444 [pool-397-thread-1] INFO  server.RaftServerConfigKeys (ConfUtils.java:logGet(43)) - raft.server.retrycache.expirytime = 600000ms (custom)
2019-10-02 23:13:38,446 [pool-397-thread-1] INFO  impl.RaftServerImpl (RaftServerImpl.java:start(181)) - b344a52e-7f0f-40c4-856a-c53f50c33b91@group-BF1A14E821F8: start as a follower, conf=-1: [b344a52e-7f0f-40c4-856a-c53f50c33b91:192.168.30.30:42944], old=null
2019-10-02 23:13:38,446 [pool-397-thread-1] INFO  impl.RaftServerImpl (RaftServerImpl.java:setRole(170)) - b344a52e-7f0f-40c4-856a-c53f50c33b91@group-BF1A14E821F8: changes role from      null to FOLLOWER at term 0 for startAsFollower
2019-10-02 23:13:38,446 [pool-397-thread-1] INFO  impl.RoleInfo (RoleInfo.java:updateAndGet(143)) - b344a52e-7f0f-40c4-856a-c53f50c33b91: start FollowerState
2019-10-02 23:13:38,446 [pool-397-thread-1] INFO  util.JmxRegister (JmxRegister.java:tryRegister(44)) - Successfully registered JMX Bean with object name Ratis:service=RaftServer,group=group-BF1A14E821F8,id=b344a52e-7f0f-40c4-856a-c53f50c33b91
2019-10-02 23:13:38,451 [RatisPipelineUtilsThread] INFO  pipeline.PipelineStateManager (PipelineStateManager.java:addPipeline(56)) - Created pipeline Pipeline[ Id: e7f00bf7-2eea-4d56-8927-bf1a14e821f8, Nodes: b344a52e-7f0f-40c4-856a-c53f50c33b91{ip: 192.168.30.30, host: pr-hdds1737-lts7z-2510321508, networkLocation: /default-rack, certSerialId: null}, Type:RATIS, Factor:ONE, State:OPEN]
2019-10-02 23:13:38,460 [grpc-default-executor-0] INFO  impl.RaftServerProxy (RaftServerProxy.java:addNew(89)) - 8d2c2f7c-a831-41df-8b1e-77d0c4a223c5: addNew group-87C0720A2BD8:[8d2c2f7c-a831-41df-8b1e-77d0c4a223c5:192.168.30.30:41787] returns group-87C0720A2BD8:java.util.concurrent.CompletableFuture@4a0a10d0[Not completed]
2019-10-02 23:13:38,460 [pool-387-thread-1] INFO  impl.RaftServerImpl (RaftServerImpl.java:<init>(95)) - 8d2c2f7c-a831-41df-8b1e-77d0c4a223c5: new RaftServerImpl for group-87C0720A2BD8:[8d2c2f7c-a831-41df-8b1e-77d0c4a223c5:192.168.30.30:41787] with ContainerStateMachine:uninitialized
2019-10-02 23:13:38,461 [pool-387-thread-1] INFO  server.RaftServerConfigKeys (ConfUtils.java:logGet(43)) - raft.server.rpc.timeout.min = 5s (custom)
2019-10-02 23:13:38,461 [pool-387-thread-1] INFO  server.RaftServerConfigKeys (ConfUtils.java:logGet(43)) - raft.server.rpc.timeout.max = 5200ms (custom)
2019-10-02 23:13:38,461 [pool-387-thread-1] INFO  server.RaftServerConfigKeys (ConfUtils.java:logGet(43)) - raft.server.rpcslowness.timeout = 120s (custom)
2019-10-02 23:13:38,461 [pool-387-thread-1] INFO  server.RaftServerConfigKeys (ConfUtils.java:logGet(43)) - raft.server.sleep.deviation.threshold = 300 (default)
2019-10-02 23:13:38,461 [pool-387-thread-1] INFO  server.RaftServerConfigKeys (ConfUtils.java:logGet(43)) - raft.server.log.appender.install.snapshot.enabled = false (custom)
2019-10-02 23:13:38,461 [pool-387-thread-1] INFO  impl.RaftServerImpl (ServerState.java:<init>(103)) - 8d2c2f7c-a831-41df-8b1e-77d0c4a223c5@group-87C0720A2BD8: ConfigurationManager, init=-1: [8d2c2f7c-a831-41df-8b1e-77d0c4a223c5:192.168.30.30:41787], old=null, confs=<EMPTY_MAP>
2019-10-02 23:13:38,461 [pool-387-thread-1] INFO  server.RaftServerConfigKeys (ConfUtils.java:logGet(43)) - raft.server.storage.dir = [/workdir/hadoop-ozone/ozonefs/target/test-dir/MiniOzoneClusterImpl-1be30765-89d3-47dd-8aff-300c033769b0/datanode-1/data/ratis] (custom)
2019-10-02 23:13:38,461 [pool-387-thread-1] INFO  server.RaftServerConfigKeys (ConfUtils.java:logGet(43)) - raft.server.log.corruption.policy = EXCEPTION (default)
2019-10-02 23:13:38,462 [pool-387-thread-1] INFO  storage.RaftStorageDirectory (RaftStorageDirectory.java:analyzeStorage(246)) - The storage directory /workdir/hadoop-ozone/ozonefs/target/test-dir/MiniOzoneClusterImpl-1be30765-89d3-47dd-8aff-300c033769b0/datanode-1/data/ratis/e883a670-6b83-4465-be73-87c0720a2bd8 does not exist. Creating ...
2019-10-02 23:13:38,478 [pool-387-thread-1] INFO  storage.RaftStorageDirectory (RaftStorageDirectory.java:tryLock(328)) - Lock on /workdir/hadoop-ozone/ozonefs/target/test-dir/MiniOzoneClusterImpl-1be30765-89d3-47dd-8aff-300c033769b0/datanode-1/data/ratis/e883a670-6b83-4465-be73-87c0720a2bd8/in_use.lock acquired by nodename 24005@pr-hdds1737-lts7z-2510321508
2019-10-02 23:13:38,499 [pool-387-thread-1] INFO  storage.RaftStorage (RaftStorage.java:format(84)) - Storage directory /workdir/hadoop-ozone/ozonefs/target/test-dir/MiniOzoneClusterImpl-1be30765-89d3-47dd-8aff-300c033769b0/datanode-1/data/ratis/e883a670-6b83-4465-be73-87c0720a2bd8 has been successfully formatted.
2019-10-02 23:13:38,499 [pool-387-thread-1] INFO  ratis.ContainerStateMachine (ContainerStateMachine.java:loadSnapshot(230)) - group-87C0720A2BD8: The snapshot info is null. Setting the last applied indexto:(t:0, i:~)
2019-10-02 23:13:38,499 [pool-387-thread-1] INFO  server.RaftServerConfigKeys (ConfUtils.java:logGet(43)) - raft.server.notification.no-leader.timeout = 120s (custom)
2019-10-02 23:13:38,499 [pool-387-thread-1] INFO  server.RaftServerConfigKeys (ConfUtils.java:logGet(43)) - raft.server.log.use.memory = false (default)
2019-10-02 23:13:38,500 [pool-387-thread-1] INFO  server.RaftServerConfigKeys (ConfUtils.java:logGet(43)) - raft.server.log.purge.gap = 1000000 (custom)
2019-10-02 23:13:38,500 [pool-387-thread-1] INFO  server.RaftServerConfigKeys (ConfUtils.java:logGet(43)) - raft.server.log.appender.buffer.byte-limit = 33554432 (custom)
2019-10-02 23:13:38,500 [pool-387-thread-1] INFO  server.RaftServerConfigKeys (ConfUtils.java:logGet(43)) - raft.server.log.segment.size.max = 1048576 (custom)
2019-10-02 23:13:38,501 [pool-387-thread-1] INFO  server.RaftServerConfigKeys (ConfUtils.java:logGet(43)) - raft.server.log.segment.cache.num.max = 2 (custom)
2019-10-02 23:13:38,502 [pool-387-thread-1] INFO  segmented.SegmentedRaftLogWorker (SegmentedRaftLogWorker.java:<init>(173)) - new 8d2c2f7c-a831-41df-8b1e-77d0c4a223c5@group-87C0720A2BD8-SegmentedRaftLogWorker for RaftStorage:Storage Directory /workdir/hadoop-ozone/ozonefs/target/test-dir/MiniOzoneClusterImpl-1be30765-89d3-47dd-8aff-300c033769b0/datanode-1/data/ratis/e883a670-6b83-4465-be73-87c0720a2bd8
2019-10-02 23:13:38,502 [pool-387-thread-1] INFO  server.RaftServerConfigKeys (ConfUtils.java:logGet(43)) - raft.server.log.queue.byte-limit = 2147483647 (custom)
2019-10-02 23:13:38,502 [pool-387-thread-1] INFO  server.RaftServerConfigKeys (ConfUtils.java:logGet(43)) - raft.server.log.queue.element-limit = 1024 (custom)
2019-10-02 23:13:38,502 [pool-387-thread-1] INFO  server.RaftServerConfigKeys (ConfUtils.java:logGet(43)) - raft.server.log.segment.size.max = 1048576 (custom)
2019-10-02 23:13:38,502 [pool-387-thread-1] INFO  server.RaftServerConfigKeys (ConfUtils.java:logGet(43)) - raft.server.log.preallocated.size = 16384 (custom)
2019-10-02 23:13:38,502 [pool-387-thread-1] INFO  server.RaftServerConfigKeys (ConfUtils.java:logGet(43)) - raft.server.log.write.buffer.size = 33554432 (custom)
2019-10-02 23:13:38,503 [pool-387-thread-1] INFO  server.RaftServerConfigKeys (ConfUtils.java:logGet(43)) - raft.server.log.force.sync.num = 128 (default)
2019-10-02 23:13:38,503 [pool-387-thread-1] INFO  server.RaftServerConfigKeys (ConfUtils.java:logGet(43)) - raft.server.log.statemachine.data.sync = true (default)
2019-10-02 23:13:38,503 [pool-387-thread-1] INFO  server.RaftServerConfigKeys (ConfUtils.java:logGet(43)) - raft.server.log.statemachine.data.sync.timeout = 10s (default)
2019-10-02 23:13:38,503 [pool-387-thread-1] INFO  server.RaftServerConfigKeys (ConfUtils.java:logGet(43)) - raft.server.log.statemachine.data.sync.timeout.retry = -1 (default)
2019-10-02 23:13:38,504 [pool-387-thread-1] INFO  server.RaftServerConfigKeys (ConfUtils.java:logGet(43)) - raft.server.log.statemachine.data.caching.enabled = true (custom)
2019-10-02 23:13:38,504 [pool-387-thread-1] INFO  segmented.SegmentedRaftLogWorker (SegmentedRaftLogWorker.java:lambda$new$0(128)) - 8d2c2f7c-a831-41df-8b1e-77d0c4a223c5@group-87C0720A2BD8-SegmentedRaftLogWorker: flushIndex: setUnconditionally 0 -> -1
2019-10-02 23:13:38,504 [pool-387-thread-1] INFO  server.RaftServerConfigKeys (ConfUtils.java:logGet(43)) - raft.server.snapshot.auto.trigger.enabled = true (custom)
2019-10-02 23:13:38,504 [pool-387-thread-1] INFO  server.RaftServerConfigKeys (ConfUtils.java:logGet(43)) - raft.server.snapshot.auto.trigger.threshold = 10000 (custom)
2019-10-02 23:13:38,504 [pool-387-thread-1] INFO  server.RaftServerConfigKeys (ConfUtils.java:logGet(43)) - raft.server.snapshot.retention.file.num = 5 (custom)
2019-10-02 23:13:38,505 [pool-387-thread-1] INFO  server.RaftServerConfigKeys (ConfUtils.java:logGet(43)) - raft.server.retrycache.expirytime = 600000ms (custom)
2019-10-02 23:13:38,506 [pool-387-thread-1] INFO  impl.RaftServerImpl (RaftServerImpl.java:start(181)) - 8d2c2f7c-a831-41df-8b1e-77d0c4a223c5@group-87C0720A2BD8: start as a follower, conf=-1: [8d2c2f7c-a831-41df-8b1e-77d0c4a223c5:192.168.30.30:41787], old=null
2019-10-02 23:13:38,507 [pool-387-thread-1] INFO  impl.RaftServerImpl (RaftServerImpl.java:setRole(170)) - 8d2c2f7c-a831-41df-8b1e-77d0c4a223c5@group-87C0720A2BD8: changes role from      null to FOLLOWER at term 0 for startAsFollower
2019-10-02 23:13:38,507 [pool-387-thread-1] INFO  impl.RoleInfo (RoleInfo.java:updateAndGet(143)) - 8d2c2f7c-a831-41df-8b1e-77d0c4a223c5: start FollowerState
2019-10-02 23:13:38,507 [pool-387-thread-1] INFO  util.JmxRegister (JmxRegister.java:tryRegister(44)) - Successfully registered JMX Bean with object name Ratis:service=RaftServer,group=group-87C0720A2BD8,id=8d2c2f7c-a831-41df-8b1e-77d0c4a223c5
2019-10-02 23:13:38,513 [RatisPipelineUtilsThread] INFO  pipeline.PipelineStateManager (PipelineStateManager.java:addPipeline(56)) - Created pipeline Pipeline[ Id: e883a670-6b83-4465-be73-87c0720a2bd8, Nodes: 8d2c2f7c-a831-41df-8b1e-77d0c4a223c5{ip: 192.168.30.30, host: pr-hdds1737-lts7z-2510321508, networkLocation: /default-rack, certSerialId: null}, Type:RATIS, Factor:ONE, State:OPEN]
2019-10-02 23:13:38,528 [grpc-default-executor-2] INFO  impl.RaftServerProxy (RaftServerProxy.java:addNew(89)) - b344a52e-7f0f-40c4-856a-c53f50c33b91: addNew group-7E20A4E1F684:[b344a52e-7f0f-40c4-856a-c53f50c33b91:192.168.30.30:42944, 8d2c2f7c-a831-41df-8b1e-77d0c4a223c5:192.168.30.30:41787, ed779cf0-ba52-4052-9ea2-23e91d6f7be8:192.168.30.30:34150] returns group-7E20A4E1F684:java.util.concurrent.CompletableFuture@2d098a4[Not completed]
2019-10-02 23:13:38,528 [grpc-default-executor-1] INFO  impl.RaftServerProxy (RaftServerProxy.java:addNew(89)) - 8d2c2f7c-a831-41df-8b1e-77d0c4a223c5: addNew group-7E20A4E1F684:[b344a52e-7f0f-40c4-856a-c53f50c33b91:192.168.30.30:42944, 8d2c2f7c-a831-41df-8b1e-77d0c4a223c5:192.168.30.30:41787, ed779cf0-ba52-4052-9ea2-23e91d6f7be8:192.168.30.30:34150] returns group-7E20A4E1F684:java.util.concurrent.CompletableFuture@2bfd2da7[Not completed]
2019-10-02 23:13:38,530 [grpc-default-executor-0] INFO  impl.RaftServerProxy (RaftServerProxy.java:addNew(89)) - ed779cf0-ba52-4052-9ea2-23e91d6f7be8: addNew group-7E20A4E1F684:[b344a52e-7f0f-40c4-856a-c53f50c33b91:192.168.30.30:42944, 8d2c2f7c-a831-41df-8b1e-77d0c4a223c5:192.168.30.30:41787, ed779cf0-ba52-4052-9ea2-23e91d6f7be8:192.168.30.30:34150] returns group-7E20A4E1F684:java.util.concurrent.CompletableFuture@2958be41[Not completed]
2019-10-02 23:13:38,531 [pool-387-thread-1] INFO  impl.RaftServerImpl (RaftServerImpl.java:<init>(95)) - 8d2c2f7c-a831-41df-8b1e-77d0c4a223c5: new RaftServerImpl for group-7E20A4E1F684:[b344a52e-7f0f-40c4-856a-c53f50c33b91:192.168.30.30:42944, 8d2c2f7c-a831-41df-8b1e-77d0c4a223c5:192.168.30.30:41787, ed779cf0-ba52-4052-9ea2-23e91d6f7be8:192.168.30.30:34150] with ContainerStateMachine:uninitialized
2019-10-02 23:13:38,531 [pool-387-thread-1] INFO  server.RaftServerConfigKeys (ConfUtils.java:logGet(43)) - raft.server.rpc.timeout.min = 5s (custom)
2019-10-02 23:13:38,531 [pool-387-thread-1] INFO  server.RaftServerConfigKeys (ConfUtils.java:logGet(43)) - raft.server.rpc.timeout.max = 5200ms (custom)
2019-10-02 23:13:38,531 [pool-387-thread-1] INFO  server.RaftServerConfigKeys (ConfUtils.java:logGet(43)) - raft.server.rpcslowness.timeout = 120s (custom)
2019-10-02 23:13:38,531 [pool-387-thread-1] INFO  server.RaftServerConfigKeys (ConfUtils.java:logGet(43)) - raft.server.sleep.deviation.threshold = 300 (default)
2019-10-02 23:13:38,531 [pool-377-thread-1] INFO  impl.RaftServerImpl (RaftServerImpl.java:<init>(95)) - ed779cf0-ba52-4052-9ea2-23e91d6f7be8: new RaftServerImpl for group-7E20A4E1F684:[b344a52e-7f0f-40c4-856a-c53f50c33b91:192.168.30.30:42944, 8d2c2f7c-a831-41df-8b1e-77d0c4a223c5:192.168.30.30:41787, ed779cf0-ba52-4052-9ea2-23e91d6f7be8:192.168.30.30:34150] with ContainerStateMachine:uninitialized
2019-10-02 23:13:38,531 [pool-387-thread-1] INFO  server.RaftServerConfigKeys (ConfUtils.java:logGet(43)) - raft.server.log.appender.install.snapshot.enabled = false (custom)
2019-10-02 23:13:38,531 [pool-377-thread-1] INFO  server.RaftServerConfigKeys (ConfUtils.java:logGet(43)) - raft.server.rpc.timeout.min = 5s (custom)
2019-10-02 23:13:38,531 [pool-387-thread-1] INFO  impl.RaftServerImpl (ServerState.java:<init>(103)) - 8d2c2f7c-a831-41df-8b1e-77d0c4a223c5@group-7E20A4E1F684: ConfigurationManager, init=-1: [b344a52e-7f0f-40c4-856a-c53f50c33b91:192.168.30.30:42944, 8d2c2f7c-a831-41df-8b1e-77d0c4a223c5:192.168.30.30:41787, ed779cf0-ba52-4052-9ea2-23e91d6f7be8:192.168.30.30:34150], old=null, confs=<EMPTY_MAP>
2019-10-02 23:13:38,531 [pool-377-thread-1] INFO  server.RaftServerConfigKeys (ConfUtils.java:logGet(43)) - raft.server.rpc.timeout.max = 5200ms (custom)
2019-10-02 23:13:38,532 [pool-387-thread-1] INFO  server.RaftServerConfigKeys (ConfUtils.java:logGet(43)) - raft.server.storage.dir = [/workdir/hadoop-ozone/ozonefs/target/test-dir/MiniOzoneClusterImpl-1be30765-89d3-47dd-8aff-300c033769b0/datanode-1/data/ratis] (custom)
2019-10-02 23:13:38,532 [pool-397-thread-1] INFO  impl.RaftServerImpl (RaftServerImpl.java:<init>(95)) - b344a52e-7f0f-40c4-856a-c53f50c33b91: new RaftServerImpl for group-7E20A4E1F684:[b344a52e-7f0f-40c4-856a-c53f50c33b91:192.168.30.30:42944, 8d2c2f7c-a831-41df-8b1e-77d0c4a223c5:192.168.30.30:41787, ed779cf0-ba52-4052-9ea2-23e91d6f7be8:192.168.30.30:34150] with ContainerStateMachine:uninitialized
2019-10-02 23:13:38,532 [pool-377-thread-1] INFO  server.RaftServerConfigKeys (ConfUtils.java:logGet(43)) - raft.server.rpcslowness.timeout = 120s (custom)
2019-10-02 23:13:38,532 [pool-397-thread-1] INFO  server.RaftServerConfigKeys (ConfUtils.java:logGet(43)) - raft.server.rpc.timeout.min = 5s (custom)
2019-10-02 23:13:38,532 [pool-387-thread-1] INFO  server.RaftServerConfigKeys (ConfUtils.java:logGet(43)) - raft.server.log.corruption.policy = EXCEPTION (default)
2019-10-02 23:13:38,532 [pool-397-thread-1] INFO  server.RaftServerConfigKeys (ConfUtils.java:logGet(43)) - raft.server.rpc.timeout.max = 5200ms (custom)
2019-10-02 23:13:38,532 [pool-377-thread-1] INFO  server.RaftServerConfigKeys (ConfUtils.java:logGet(43)) - raft.server.sleep.deviation.threshold = 300 (default)
2019-10-02 23:13:38,532 [pool-397-thread-1] INFO  server.RaftServerConfigKeys (ConfUtils.java:logGet(43)) - raft.server.rpcslowness.timeout = 120s (custom)
2019-10-02 23:13:38,532 [pool-387-thread-1] INFO  storage.RaftStorageDirectory (RaftStorageDirectory.java:analyzeStorage(246)) - The storage directory /workdir/hadoop-ozone/ozonefs/target/test-dir/MiniOzoneClusterImpl-1be30765-89d3-47dd-8aff-300c033769b0/datanode-1/data/ratis/c733bb4b-c50c-451d-8678-7e20a4e1f684 does not exist. Creating ...
2019-10-02 23:13:38,532 [pool-397-thread-1] INFO  server.RaftServerConfigKeys (ConfUtils.java:logGet(43)) - raft.server.sleep.deviation.threshold = 300 (default)
2019-10-02 23:13:38,532 [pool-377-thread-1] INFO  server.RaftServerConfigKeys (ConfUtils.java:logGet(43)) - raft.server.log.appender.install.snapshot.enabled = false (custom)
2019-10-02 23:13:38,533 [pool-397-thread-1] INFO  server.RaftServerConfigKeys (ConfUtils.java:logGet(43)) - raft.server.log.appender.install.snapshot.enabled = false (custom)
2019-10-02 23:13:38,533 [pool-377-thread-1] INFO  impl.RaftServerImpl (ServerState.java:<init>(103)) - ed779cf0-ba52-4052-9ea2-23e91d6f7be8@group-7E20A4E1F684: ConfigurationManager, init=-1: [b344a52e-7f0f-40c4-856a-c53f50c33b91:192.168.30.30:42944, 8d2c2f7c-a831-41df-8b1e-77d0c4a223c5:192.168.30.30:41787, ed779cf0-ba52-4052-9ea2-23e91d6f7be8:192.168.30.30:34150], old=null, confs=<EMPTY_MAP>
2019-10-02 23:13:38,533 [pool-397-thread-1] INFO  impl.RaftServerImpl (ServerState.java:<init>(103)) - b344a52e-7f0f-40c4-856a-c53f50c33b91@group-7E20A4E1F684: ConfigurationManager, init=-1: [b344a52e-7f0f-40c4-856a-c53f50c33b91:192.168.30.30:42944, 8d2c2f7c-a831-41df-8b1e-77d0c4a223c5:192.168.30.30:41787, ed779cf0-ba52-4052-9ea2-23e91d6f7be8:192.168.30.30:34150], old=null, confs=<EMPTY_MAP>
2019-10-02 23:13:38,533 [pool-377-thread-1] INFO  server.RaftServerConfigKeys (ConfUtils.java:logGet(43)) - raft.server.storage.dir = [/workdir/hadoop-ozone/ozonefs/target/test-dir/MiniOzoneClusterImpl-1be30765-89d3-47dd-8aff-300c033769b0/datanode-0/data/ratis] (custom)
2019-10-02 23:13:38,533 [pool-397-thread-1] INFO  server.RaftServerConfigKeys (ConfUtils.java:logGet(43)) - raft.server.storage.dir = [/workdir/hadoop-ozone/ozonefs/target/test-dir/MiniOzoneClusterImpl-1be30765-89d3-47dd-8aff-300c033769b0/datanode-2/data/ratis] (custom)
2019-10-02 23:13:38,533 [pool-377-thread-1] INFO  server.RaftServerConfigKeys (ConfUtils.java:logGet(43)) - raft.server.log.corruption.policy = EXCEPTION (default)
2019-10-02 23:13:38,533 [pool-397-thread-1] INFO  server.RaftServerConfigKeys (ConfUtils.java:logGet(43)) - raft.server.log.corruption.policy = EXCEPTION (default)
2019-10-02 23:13:38,533 [pool-377-thread-1] INFO  storage.RaftStorageDirectory (RaftStorageDirectory.java:analyzeStorage(246)) - The storage directory /workdir/hadoop-ozone/ozonefs/target/test-dir/MiniOzoneClusterImpl-1be30765-89d3-47dd-8aff-300c033769b0/datanode-0/data/ratis/c733bb4b-c50c-451d-8678-7e20a4e1f684 does not exist. Creating ...
2019-10-02 23:13:38,533 [pool-397-thread-1] INFO  storage.RaftStorageDirectory (RaftStorageDirectory.java:analyzeStorage(246)) - The storage directory /workdir/hadoop-ozone/ozonefs/target/test-dir/MiniOzoneClusterImpl-1be30765-89d3-47dd-8aff-300c033769b0/datanode-2/data/ratis/c733bb4b-c50c-451d-8678-7e20a4e1f684 does not exist. Creating ...
2019-10-02 23:13:38,548 [pool-377-thread-1] INFO  storage.RaftStorageDirectory (RaftStorageDirectory.java:tryLock(328)) - Lock on /workdir/hadoop-ozone/ozonefs/target/test-dir/MiniOzoneClusterImpl-1be30765-89d3-47dd-8aff-300c033769b0/datanode-0/data/ratis/c733bb4b-c50c-451d-8678-7e20a4e1f684/in_use.lock acquired by nodename 24005@pr-hdds1737-lts7z-2510321508
2019-10-02 23:13:38,548 [pool-387-thread-1] INFO  storage.RaftStorageDirectory (RaftStorageDirectory.java:tryLock(328)) - Lock on /workdir/hadoop-ozone/ozonefs/target/test-dir/MiniOzoneClusterImpl-1be30765-89d3-47dd-8aff-300c033769b0/datanode-1/data/ratis/c733bb4b-c50c-451d-8678-7e20a4e1f684/in_use.lock acquired by nodename 24005@pr-hdds1737-lts7z-2510321508
2019-10-02 23:13:38,548 [pool-397-thread-1] INFO  storage.RaftStorageDirectory (RaftStorageDirectory.java:tryLock(328)) - Lock on /workdir/hadoop-ozone/ozonefs/target/test-dir/MiniOzoneClusterImpl-1be30765-89d3-47dd-8aff-300c033769b0/datanode-2/data/ratis/c733bb4b-c50c-451d-8678-7e20a4e1f684/in_use.lock acquired by nodename 24005@pr-hdds1737-lts7z-2510321508
2019-10-02 23:13:38,569 [pool-397-thread-1] INFO  storage.RaftStorage (RaftStorage.java:format(84)) - Storage directory /workdir/hadoop-ozone/ozonefs/target/test-dir/MiniOzoneClusterImpl-1be30765-89d3-47dd-8aff-300c033769b0/datanode-2/data/ratis/c733bb4b-c50c-451d-8678-7e20a4e1f684 has been successfully formatted.
2019-10-02 23:13:38,569 [pool-377-thread-1] INFO  storage.RaftStorage (RaftStorage.java:format(84)) - Storage directory /workdir/hadoop-ozone/ozonefs/target/test-dir/MiniOzoneClusterImpl-1be30765-89d3-47dd-8aff-300c033769b0/datanode-0/data/ratis/c733bb4b-c50c-451d-8678-7e20a4e1f684 has been successfully formatted.
2019-10-02 23:13:38,569 [pool-387-thread-1] INFO  storage.RaftStorage (RaftStorage.java:format(84)) - Storage directory /workdir/hadoop-ozone/ozonefs/target/test-dir/MiniOzoneClusterImpl-1be30765-89d3-47dd-8aff-300c033769b0/datanode-1/data/ratis/c733bb4b-c50c-451d-8678-7e20a4e1f684 has been successfully formatted.
2019-10-02 23:13:38,569 [pool-377-thread-1] INFO  ratis.ContainerStateMachine (ContainerStateMachine.java:loadSnapshot(230)) - group-7E20A4E1F684: The snapshot info is null. Setting the last applied indexto:(t:0, i:~)
2019-10-02 23:13:38,569 [pool-387-thread-1] INFO  ratis.ContainerStateMachine (ContainerStateMachine.java:loadSnapshot(230)) - group-7E20A4E1F684: The snapshot info is null. Setting the last applied indexto:(t:0, i:~)
2019-10-02 23:13:38,569 [pool-397-thread-1] INFO  ratis.ContainerStateMachine (ContainerStateMachine.java:loadSnapshot(230)) - group-7E20A4E1F684: The snapshot info is null. Setting the last applied indexto:(t:0, i:~)
2019-10-02 23:13:38,570 [pool-387-thread-1] INFO  server.RaftServerConfigKeys (ConfUtils.java:logGet(43)) - raft.server.notification.no-leader.timeout = 120s (custom)
2019-10-02 23:13:38,570 [pool-377-thread-1] INFO  server.RaftServerConfigKeys (ConfUtils.java:logGet(43)) - raft.server.notification.no-leader.timeout = 120s (custom)
2019-10-02 23:13:38,570 [pool-387-thread-1] INFO  server.RaftServerConfigKeys (ConfUtils.java:logGet(43)) - raft.server.log.use.memory = false (default)
2019-10-02 23:13:38,570 [pool-397-thread-1] INFO  server.RaftServerConfigKeys (ConfUtils.java:logGet(43)) - raft.server.notification.no-leader.timeout = 120s (custom)
2019-10-02 23:13:38,570 [pool-387-thread-1] INFO  server.RaftServerConfigKeys (ConfUtils.java:logGet(43)) - raft.server.log.purge.gap = 1000000 (custom)
2019-10-02 23:13:38,570 [pool-377-thread-1] INFO  server.RaftServerConfigKeys (ConfUtils.java:logGet(43)) - raft.server.log.use.memory = false (default)
2019-10-02 23:13:38,570 [pool-387-thread-1] INFO  server.RaftServerConfigKeys (ConfUtils.java:logGet(43)) - raft.server.log.appender.buffer.byte-limit = 33554432 (custom)
2019-10-02 23:13:38,570 [pool-397-thread-1] INFO  server.RaftServerConfigKeys (ConfUtils.java:logGet(43)) - raft.server.log.use.memory = false (default)
2019-10-02 23:13:38,571 [pool-387-thread-1] INFO  server.RaftServerConfigKeys (ConfUtils.java:logGet(43)) - raft.server.log.segment.size.max = 1048576 (custom)
2019-10-02 23:13:38,571 [pool-377-thread-1] INFO  server.RaftServerConfigKeys (ConfUtils.java:logGet(43)) - raft.server.log.purge.gap = 1000000 (custom)
2019-10-02 23:13:38,571 [pool-387-thread-1] INFO  server.RaftServerConfigKeys (ConfUtils.java:logGet(43)) - raft.server.log.segment.cache.num.max = 2 (custom)
2019-10-02 23:13:38,571 [pool-397-thread-1] INFO  server.RaftServerConfigKeys (ConfUtils.java:logGet(43)) - raft.server.log.purge.gap = 1000000 (custom)
2019-10-02 23:13:38,571 [pool-387-thread-1] INFO  segmented.SegmentedRaftLogWorker (SegmentedRaftLogWorker.java:<init>(173)) - new 8d2c2f7c-a831-41df-8b1e-77d0c4a223c5@group-7E20A4E1F684-SegmentedRaftLogWorker for RaftStorage:Storage Directory /workdir/hadoop-ozone/ozonefs/target/test-dir/MiniOzoneClusterImpl-1be30765-89d3-47dd-8aff-300c033769b0/datanode-1/data/ratis/c733bb4b-c50c-451d-8678-7e20a4e1f684
2019-10-02 23:13:38,571 [pool-377-thread-1] INFO  server.RaftServerConfigKeys (ConfUtils.java:logGet(43)) - raft.server.log.appender.buffer.byte-limit = 33554432 (custom)
2019-10-02 23:13:38,572 [pool-387-thread-1] INFO  server.RaftServerConfigKeys (ConfUtils.java:logGet(43)) - raft.server.log.queue.byte-limit = 2147483647 (custom)
2019-10-02 23:13:38,571 [pool-397-thread-1] INFO  server.RaftServerConfigKeys (ConfUtils.java:logGet(43)) - raft.server.log.appender.buffer.byte-limit = 33554432 (custom)
2019-10-02 23:13:38,572 [pool-387-thread-1] INFO  server.RaftServerConfigKeys (ConfUtils.java:logGet(43)) - raft.server.log.queue.element-limit = 1024 (custom)
2019-10-02 23:13:38,572 [pool-377-thread-1] INFO  server.RaftServerConfigKeys (ConfUtils.java:logGet(43)) - raft.server.log.segment.size.max = 1048576 (custom)
2019-10-02 23:13:38,572 [pool-387-thread-1] INFO  server.RaftServerConfigKeys (ConfUtils.java:logGet(43)) - raft.server.log.segment.size.max = 1048576 (custom)
2019-10-02 23:13:38,572 [pool-397-thread-1] INFO  server.RaftServerConfigKeys (ConfUtils.java:logGet(43)) - raft.server.log.segment.size.max = 1048576 (custom)
2019-10-02 23:13:38,572 [pool-387-thread-1] INFO  server.RaftServerConfigKeys (ConfUtils.java:logGet(43)) - raft.server.log.preallocated.size = 16384 (custom)
2019-10-02 23:13:38,572 [pool-377-thread-1] INFO  server.RaftServerConfigKeys (ConfUtils.java:logGet(43)) - raft.server.log.segment.cache.num.max = 2 (custom)
2019-10-02 23:13:38,573 [pool-387-thread-1] INFO  server.RaftServerConfigKeys (ConfUtils.java:logGet(43)) - raft.server.log.write.buffer.size = 33554432 (custom)
2019-10-02 23:13:38,573 [pool-397-thread-1] INFO  server.RaftServerConfigKeys (ConfUtils.java:logGet(43)) - raft.server.log.segment.cache.num.max = 2 (custom)
2019-10-02 23:13:38,573 [pool-387-thread-1] INFO  server.RaftServerConfigKeys (ConfUtils.java:logGet(43)) - raft.server.log.force.sync.num = 128 (default)
2019-10-02 23:13:38,573 [pool-377-thread-1] INFO  segmented.SegmentedRaftLogWorker (SegmentedRaftLogWorker.java:<init>(173)) - new ed779cf0-ba52-4052-9ea2-23e91d6f7be8@group-7E20A4E1F684-SegmentedRaftLogWorker for RaftStorage:Storage Directory /workdir/hadoop-ozone/ozonefs/target/test-dir/MiniOzoneClusterImpl-1be30765-89d3-47dd-8aff-300c033769b0/datanode-0/data/ratis/c733bb4b-c50c-451d-8678-7e20a4e1f684
2019-10-02 23:13:38,573 [pool-387-thread-1] INFO  server.RaftServerConfigKeys (ConfUtils.java:logGet(43)) - raft.server.log.statemachine.data.sync = true (default)
2019-10-02 23:13:38,573 [pool-397-thread-1] INFO  segmented.SegmentedRaftLogWorker (SegmentedRaftLogWorker.java:<init>(173)) - new b344a52e-7f0f-40c4-856a-c53f50c33b91@group-7E20A4E1F684-SegmentedRaftLogWorker for RaftStorage:Storage Directory /workdir/hadoop-ozone/ozonefs/target/test-dir/MiniOzoneClusterImpl-1be30765-89d3-47dd-8aff-300c033769b0/datanode-2/data/ratis/c733bb4b-c50c-451d-8678-7e20a4e1f684
2019-10-02 23:13:38,574 [pool-387-thread-1] INFO  server.RaftServerConfigKeys (ConfUtils.java:logGet(43)) - raft.server.log.statemachine.data.sync.timeout = 10s (default)
2019-10-02 23:13:38,573 [pool-377-thread-1] INFO  server.RaftServerConfigKeys (ConfUtils.java:logGet(43)) - raft.server.log.queue.byte-limit = 2147483647 (custom)
2019-10-02 23:13:38,574 [pool-387-thread-1] INFO  server.RaftServerConfigKeys (ConfUtils.java:logGet(43)) - raft.server.log.statemachine.data.sync.timeout.retry = -1 (default)
2019-10-02 23:13:38,574 [pool-397-thread-1] INFO  server.RaftServerConfigKeys (ConfUtils.java:logGet(43)) - raft.server.log.queue.byte-limit = 2147483647 (custom)
2019-10-02 23:13:38,574 [pool-387-thread-1] INFO  server.RaftServerConfigKeys (ConfUtils.java:logGet(43)) - raft.server.log.statemachine.data.caching.enabled = true (custom)
2019-10-02 23:13:38,574 [pool-377-thread-1] INFO  server.RaftServerConfigKeys (ConfUtils.java:logGet(43)) - raft.server.log.queue.element-limit = 1024 (custom)
2019-10-02 23:13:38,574 [pool-397-thread-1] INFO  server.RaftServerConfigKeys (ConfUtils.java:logGet(43)) - raft.server.log.queue.element-limit = 1024 (custom)
2019-10-02 23:13:38,575 [pool-387-thread-1] INFO  segmented.SegmentedRaftLogWorker (SegmentedRaftLogWorker.java:lambda$new$0(128)) - 8d2c2f7c-a831-41df-8b1e-77d0c4a223c5@group-7E20A4E1F684-SegmentedRaftLogWorker: flushIndex: setUnconditionally 0 -> -1
2019-10-02 23:13:38,575 [pool-377-thread-1] INFO  server.RaftServerConfigKeys (ConfUtils.java:logGet(43)) - raft.server.log.segment.size.max = 1048576 (custom)
2019-10-02 23:13:38,575 [pool-397-thread-1] INFO  server.RaftServerConfigKeys (ConfUtils.java:logGet(43)) - raft.server.log.segment.size.max = 1048576 (custom)
2019-10-02 23:13:38,575 [pool-387-thread-1] INFO  server.RaftServerConfigKeys (ConfUtils.java:logGet(43)) - raft.server.snapshot.auto.trigger.enabled = true (custom)
2019-10-02 23:13:38,575 [pool-377-thread-1] INFO  server.RaftServerConfigKeys (ConfUtils.java:logGet(43)) - raft.server.log.preallocated.size = 16384 (custom)
2019-10-02 23:13:38,575 [pool-387-thread-1] INFO  server.RaftServerConfigKeys (ConfUtils.java:logGet(43)) - raft.server.snapshot.auto.trigger.threshold = 10000 (custom)
2019-10-02 23:13:38,575 [pool-397-thread-1] INFO  server.RaftServerConfigKeys (ConfUtils.java:logGet(43)) - raft.server.log.preallocated.size = 16384 (custom)
2019-10-02 23:13:38,575 [pool-387-thread-1] INFO  server.RaftServerConfigKeys (ConfUtils.java:logGet(43)) - raft.server.snapshot.retention.file.num = 5 (custom)
2019-10-02 23:13:38,575 [pool-377-thread-1] INFO  server.RaftServerConfigKeys (ConfUtils.java:logGet(43)) - raft.server.log.write.buffer.size = 33554432 (custom)
2019-10-02 23:13:38,576 [pool-387-thread-1] INFO  server.RaftServerConfigKeys (ConfUtils.java:logGet(43)) - raft.server.retrycache.expirytime = 600000ms (custom)
2019-10-02 23:13:38,576 [pool-397-thread-1] INFO  server.RaftServerConfigKeys (ConfUtils.java:logGet(43)) - raft.server.log.write.buffer.size = 33554432 (custom)
2019-10-02 23:13:38,576 [pool-377-thread-1] INFO  server.RaftServerConfigKeys (ConfUtils.java:logGet(43)) - raft.server.log.force.sync.num = 128 (default)
2019-10-02 23:13:38,576 [pool-397-thread-1] INFO  server.RaftServerConfigKeys (ConfUtils.java:logGet(43)) - raft.server.log.force.sync.num = 128 (default)
2019-10-02 23:13:38,576 [pool-377-thread-1] INFO  server.RaftServerConfigKeys (ConfUtils.java:logGet(43)) - raft.server.log.statemachine.data.sync = true (default)
2019-10-02 23:13:38,576 [pool-397-thread-1] INFO  server.RaftServerConfigKeys (ConfUtils.java:logGet(43)) - raft.server.log.statemachine.data.sync = true (default)
2019-10-02 23:13:38,576 [pool-377-thread-1] INFO  server.RaftServerConfigKeys (ConfUtils.java:logGet(43)) - raft.server.log.statemachine.data.sync.timeout = 10s (default)
2019-10-02 23:13:38,576 [pool-397-thread-1] INFO  server.RaftServerConfigKeys (ConfUtils.java:logGet(43)) - raft.server.log.statemachine.data.sync.timeout = 10s (default)
2019-10-02 23:13:38,577 [pool-377-thread-1] INFO  server.RaftServerConfigKeys (ConfUtils.java:logGet(43)) - raft.server.log.statemachine.data.sync.timeout.retry = -1 (default)
2019-10-02 23:13:38,577 [pool-397-thread-1] INFO  server.RaftServerConfigKeys (ConfUtils.java:logGet(43)) - raft.server.log.statemachine.data.sync.timeout.retry = -1 (default)
2019-10-02 23:13:38,577 [pool-377-thread-1] INFO  server.RaftServerConfigKeys (ConfUtils.java:logGet(43)) - raft.server.log.statemachine.data.caching.enabled = true (custom)
2019-10-02 23:13:38,577 [pool-397-thread-1] INFO  server.RaftServerConfigKeys (ConfUtils.java:logGet(43)) - raft.server.log.statemachine.data.caching.enabled = true (custom)
2019-10-02 23:13:38,577 [pool-377-thread-1] INFO  segmented.SegmentedRaftLogWorker (SegmentedRaftLogWorker.java:lambda$new$0(128)) - ed779cf0-ba52-4052-9ea2-23e91d6f7be8@group-7E20A4E1F684-SegmentedRaftLogWorker: flushIndex: setUnconditionally 0 -> -1
2019-10-02 23:13:38,577 [pool-397-thread-1] INFO  segmented.SegmentedRaftLogWorker (SegmentedRaftLogWorker.java:lambda$new$0(128)) - b344a52e-7f0f-40c4-856a-c53f50c33b91@group-7E20A4E1F684-SegmentedRaftLogWorker: flushIndex: setUnconditionally 0 -> -1
2019-10-02 23:13:38,577 [pool-377-thread-1] INFO  server.RaftServerConfigKeys (ConfUtils.java:logGet(43)) - raft.server.snapshot.auto.trigger.enabled = true (custom)
2019-10-02 23:13:38,578 [pool-397-thread-1] INFO  server.RaftServerConfigKeys (ConfUtils.java:logGet(43)) - raft.server.snapshot.auto.trigger.enabled = true (custom)
2019-10-02 23:13:38,578 [pool-377-thread-1] INFO  server.RaftServerConfigKeys (ConfUtils.java:logGet(43)) - raft.server.snapshot.auto.trigger.threshold = 10000 (custom)
2019-10-02 23:13:38,578 [pool-397-thread-1] INFO  server.RaftServerConfigKeys (ConfUtils.java:logGet(43)) - raft.server.snapshot.auto.trigger.threshold = 10000 (custom)
2019-10-02 23:13:38,578 [pool-387-thread-1] INFO  impl.RaftServerImpl (RaftServerImpl.java:start(181)) - 8d2c2f7c-a831-41df-8b1e-77d0c4a223c5@group-7E20A4E1F684: start as a follower, conf=-1: [b344a52e-7f0f-40c4-856a-c53f50c33b91:192.168.30.30:42944, 8d2c2f7c-a831-41df-8b1e-77d0c4a223c5:192.168.30.30:41787, ed779cf0-ba52-4052-9ea2-23e91d6f7be8:192.168.30.30:34150], old=null
2019-10-02 23:13:38,578 [pool-377-thread-1] INFO  server.RaftServerConfigKeys (ConfUtils.java:logGet(43)) - raft.server.snapshot.retention.file.num = 5 (custom)
2019-10-02 23:13:38,578 [pool-387-thread-1] INFO  impl.RaftServerImpl (RaftServerImpl.java:setRole(170)) - 8d2c2f7c-a831-41df-8b1e-77d0c4a223c5@group-7E20A4E1F684: changes role from      null to FOLLOWER at term 0 for startAsFollower
2019-10-02 23:13:38,578 [pool-397-thread-1] INFO  server.RaftServerConfigKeys (ConfUtils.java:logGet(43)) - raft.server.snapshot.retention.file.num = 5 (custom)
2019-10-02 23:13:38,578 [pool-387-thread-1] INFO  impl.RoleInfo (RoleInfo.java:updateAndGet(143)) - 8d2c2f7c-a831-41df-8b1e-77d0c4a223c5: start FollowerState
2019-10-02 23:13:38,578 [pool-377-thread-1] INFO  server.RaftServerConfigKeys (ConfUtils.java:logGet(43)) - raft.server.retrycache.expirytime = 600000ms (custom)
2019-10-02 23:13:38,578 [pool-397-thread-1] INFO  server.RaftServerConfigKeys (ConfUtils.java:logGet(43)) - raft.server.retrycache.expirytime = 600000ms (custom)
2019-10-02 23:13:38,579 [pool-387-thread-1] INFO  util.JmxRegister (JmxRegister.java:tryRegister(44)) - Successfully registered JMX Bean with object name Ratis:service=RaftServer,group=group-7E20A4E1F684,id=8d2c2f7c-a831-41df-8b1e-77d0c4a223c5
2019-10-02 23:13:38,582 [pool-377-thread-1] INFO  impl.RaftServerImpl (RaftServerImpl.java:start(181)) - ed779cf0-ba52-4052-9ea2-23e91d6f7be8@group-7E20A4E1F684: start as a follower, conf=-1: [b344a52e-7f0f-40c4-856a-c53f50c33b91:192.168.30.30:42944, 8d2c2f7c-a831-41df-8b1e-77d0c4a223c5:192.168.30.30:41787, ed779cf0-ba52-4052-9ea2-23e91d6f7be8:192.168.30.30:34150], old=null
2019-10-02 23:13:38,582 [pool-377-thread-1] INFO  impl.RaftServerImpl (RaftServerImpl.java:setRole(170)) - ed779cf0-ba52-4052-9ea2-23e91d6f7be8@group-7E20A4E1F684: changes role from      null to FOLLOWER at term 0 for startAsFollower
2019-10-02 23:13:38,583 [pool-397-thread-1] INFO  impl.RaftServerImpl (RaftServerImpl.java:start(181)) - b344a52e-7f0f-40c4-856a-c53f50c33b91@group-7E20A4E1F684: start as a follower, conf=-1: [b344a52e-7f0f-40c4-856a-c53f50c33b91:192.168.30.30:42944, 8d2c2f7c-a831-41df-8b1e-77d0c4a223c5:192.168.30.30:41787, ed779cf0-ba52-4052-9ea2-23e91d6f7be8:192.168.30.30:34150], old=null
2019-10-02 23:13:38,583 [pool-377-thread-1] INFO  impl.RoleInfo (RoleInfo.java:updateAndGet(143)) - ed779cf0-ba52-4052-9ea2-23e91d6f7be8: start FollowerState
2019-10-02 23:13:38,583 [pool-397-thread-1] INFO  impl.RaftServerImpl (RaftServerImpl.java:setRole(170)) - b344a52e-7f0f-40c4-856a-c53f50c33b91@group-7E20A4E1F684: changes role from      null to FOLLOWER at term 0 for startAsFollower
2019-10-02 23:13:38,583 [pool-397-thread-1] INFO  impl.RoleInfo (RoleInfo.java:updateAndGet(143)) - b344a52e-7f0f-40c4-856a-c53f50c33b91: start FollowerState
2019-10-02 23:13:38,583 [pool-377-thread-1] INFO  util.JmxRegister (JmxRegister.java:tryRegister(44)) - Successfully registered JMX Bean with object name Ratis:service=RaftServer,group=group-7E20A4E1F684,id=ed779cf0-ba52-4052-9ea2-23e91d6f7be8
2019-10-02 23:13:38,583 [pool-397-thread-1] INFO  util.JmxRegister (JmxRegister.java:tryRegister(44)) - Successfully registered JMX Bean with object name Ratis:service=RaftServer,group=group-7E20A4E1F684,id=b344a52e-7f0f-40c4-856a-c53f50c33b91
2019-10-02 23:13:38,592 [RatisPipelineUtilsThread] INFO  pipeline.PipelineStateManager (PipelineStateManager.java:addPipeline(56)) - Created pipeline Pipeline[ Id: c733bb4b-c50c-451d-8678-7e20a4e1f684, Nodes: b344a52e-7f0f-40c4-856a-c53f50c33b91{ip: 192.168.30.30, host: pr-hdds1737-lts7z-2510321508, networkLocation: /default-rack, certSerialId: null}8d2c2f7c-a831-41df-8b1e-77d0c4a223c5{ip: 192.168.30.30, host: pr-hdds1737-lts7z-2510321508, networkLocation: /default-rack, certSerialId: null}ed779cf0-ba52-4052-9ea2-23e91d6f7be8{ip: 192.168.30.30, host: pr-hdds1737-lts7z-2510321508, networkLocation: /default-rack, certSerialId: null}, Type:RATIS, Factor:THREE, State:OPEN]
2019-10-02 23:13:39,375 [Thread-1522] INFO  ozone.MiniOzoneClusterImpl (MiniOzoneClusterImpl.java:lambda$waitForClusterToBeReady$0(147)) - Cluster is ready. Got 3 of 3 DN Heartbeats.
2019-10-02 23:13:39,418 [Thread-1522] INFO  rpc.RpcClient (RpcClient.java:createVolume(276)) - Creating Volume: volume82213, with user75073 as owner.
2019-10-02 23:13:39,421 [IPC Server handler 1 on 46625] INFO  volume.OMVolumeCreateRequest (OMVolumeCreateRequest.java:validateAndUpdateCache(194)) - created volume:volume82213 for user:user75073
2019-10-02 23:13:39,438 [Thread-1522] INFO  rpc.RpcClient (RpcClient.java:createBucket(415)) - Creating Bucket: volume82213/bucket24170, with Versioning false and Storage Type set to DISK and Encryption set to false 
23:13:39.479 [IPC Server handler 9 on 46625] ERROR OMAudit - user=jenkins1000 | ip=127.0.0.1 | op=CREATE_DIRECTORY {volume=volume82213, bucket=bucket24170, key=0, dataSize=0, replicationType=RATIS, replicationFactor=ONE, keyLocationInfo=[]} | ret=FAILURE
org.apache.hadoop.ozone.om.exceptions.OMException: Volume not found volume82213
	at org.apache.hadoop.ozone.om.request.file.OMDirectoryCreateRequest.validateAndUpdateCache(OMDirectoryCreateRequest.java:146) ~[hadoop-ozone-ozone-manager-0.5.0-SNAPSHOT.jar:?]
	at org.apache.hadoop.ozone.protocolPB.OzoneManagerProtocolServerSideTranslatorPB.submitRequestDirectlyToOM(OzoneManagerProtocolServerSideTranslatorPB.java:219) ~[hadoop-ozone-ozone-manager-0.5.0-SNAPSHOT.jar:?]
	at org.apache.hadoop.ozone.protocolPB.OzoneManagerProtocolServerSideTranslatorPB.processRequest(OzoneManagerProtocolServerSideTranslatorPB.java:134) ~[hadoop-ozone-ozone-manager-0.5.0-SNAPSHOT.jar:?]
	at org.apache.hadoop.hdds.server.OzoneProtocolMessageDispatcher.processRequest(OzoneProtocolMessageDispatcher.java:72) [hadoop-hdds-server-framework-0.5.0-SNAPSHOT.jar:?]
	at org.apache.hadoop.ozone.protocolPB.OzoneManagerProtocolServerSideTranslatorPB.submitRequest(OzoneManagerProtocolServerSideTranslatorPB.java:100) [hadoop-ozone-ozone-manager-0.5.0-SNAPSHOT.jar:?]
	at org.apache.hadoop.ozone.protocol.proto.OzoneManagerProtocolProtos$OzoneManagerService$2.callBlockingMethod(OzoneManagerProtocolProtos.java) [hadoop-ozone-common-0.5.0-SNAPSHOT.jar:?]
	at org.apache.hadoop.ipc.ProtobufRpcEngine$Server$ProtoBufRpcInvoker.call(ProtobufRpcEngine.java:524) [hadoop-common-3.2.0.jar:?]
	at org.apache.hadoop.ipc.RPC$Server.call(RPC.java:1025) [hadoop-common-3.2.0.jar:?]
	at org.apache.hadoop.ipc.Server$RpcCall.run(Server.java:876) [hadoop-common-3.2.0.jar:?]
	at org.apache.hadoop.ipc.Server$RpcCall.run(Server.java:822) [hadoop-common-3.2.0.jar:?]
	at java.security.AccessController.doPrivileged(Native Method) [?:1.8.0_212]
	at javax.security.auth.Subject.doAs(Subject.java:422) [?:1.8.0_212]
	at org.apache.hadoop.security.UserGroupInformation.doAs(UserGroupInformation.java:1730) [hadoop-common-3.2.0.jar:?]
	at org.apache.hadoop.ipc.Server$Handler.run(Server.java:2682) [hadoop-common-3.2.0.jar:?]
2019-10-02 23:13:39,479 [IPC Server handler 9 on 46625] ERROR file.OMDirectoryCreateRequest (OMDirectoryCreateRequest.java:validateAndUpdateCache(212)) - CreateDirectory failed for Key: 0 in volume/bucket:volume82213/bucket24170
VOLUME_NOT_FOUND org.apache.hadoop.ozone.om.exceptions.OMException: Volume not found volume82213
	at org.apache.hadoop.ozone.om.request.file.OMDirectoryCreateRequest.validateAndUpdateCache(OMDirectoryCreateRequest.java:146)
	at org.apache.hadoop.ozone.protocolPB.OzoneManagerProtocolServerSideTranslatorPB.submitRequestDirectlyToOM(OzoneManagerProtocolServerSideTranslatorPB.java:219)
	at org.apache.hadoop.ozone.protocolPB.OzoneManagerProtocolServerSideTranslatorPB.processRequest(OzoneManagerProtocolServerSideTranslatorPB.java:134)
	at org.apache.hadoop.hdds.server.OzoneProtocolMessageDispatcher.processRequest(OzoneProtocolMessageDispatcher.java:72)
	at org.apache.hadoop.ozone.protocolPB.OzoneManagerProtocolServerSideTranslatorPB.submitRequest(OzoneManagerProtocolServerSideTranslatorPB.java:100)
	at org.apache.hadoop.ozone.protocol.proto.OzoneManagerProtocolProtos$OzoneManagerService$2.callBlockingMethod(OzoneManagerProtocolProtos.java)
	at org.apache.hadoop.ipc.ProtobufRpcEngine$Server$ProtoBufRpcInvoker.call(ProtobufRpcEngine.java:524)
	at org.apache.hadoop.ipc.RPC$Server.call(RPC.java:1025)
	at org.apache.hadoop.ipc.Server$RpcCall.run(Server.java:876)
	at org.apache.hadoop.ipc.Server$RpcCall.run(Server.java:822)
	at java.security.AccessController.doPrivileged(Native Method)
	at javax.security.auth.Subject.doAs(Subject.java:422)
	at org.apache.hadoop.security.UserGroupInformation.doAs(UserGroupInformation.java:1730)
	at org.apache.hadoop.ipc.Server$Handler.run(Server.java:2682)
2019-10-02 23:13:39,480 [Thread-1522] INFO  ozone.MiniOzoneClusterImpl (MiniOzoneClusterImpl.java:shutdown(314)) - Shutting down the Mini Ozone Cluster
2019-10-02 23:13:39,480 [Thread-1522] INFO  ozone.MiniOzoneClusterImpl (MiniOzoneClusterImpl.java:stop(330)) - Stopping the Mini Ozone Cluster
2019-10-02 23:13:39,481 [Thread-1522] INFO  ozone.MiniOzoneClusterImpl (MiniOzoneClusterImpl.java:stopOM(400)) - Stopping the OzoneManager
2019-10-02 23:13:39,481 [Thread-1522] INFO  ipc.Server (Server.java:stop(3082)) - Stopping server on 46625
2019-10-02 23:13:39,484 [IPC Server listener on 46625] INFO  ipc.Server (Server.java:run(1185)) - Stopping IPC Server listener on 46625
2019-10-02 23:13:39,484 [Thread-1522] INFO  ratis.OzoneManagerDoubleBuffer (OzoneManagerDoubleBuffer.java:stop(248)) - Stopping OMDoubleBuffer flush thread
2019-10-02 23:13:39,484 [IPC Server Responder] INFO  ipc.Server (Server.java:run(1319)) - Stopping IPC Server Responder
2019-10-02 23:13:39,486 [OMDoubleBufferFlushThread] INFO  ratis.OzoneManagerDoubleBuffer (OzoneManagerDoubleBuffer.java:flushTransactions(191)) - OMDoubleBuffer flush thread OMDoubleBufferFlushThread is interrupted and will exit. OMDoubleBufferFlushThread
2019-10-02 23:13:39,487 [Thread-1522] INFO  utils.BackgroundService (BackgroundService.java:shutdown(148)) - Shutting down service KeyDeletingService
2019-10-02 23:13:39,488 [Thread-1522] INFO  handler.ContextHandler (ContextHandler.java:doStop(910)) - Stopped o.e.j.w.WebAppContext@1dd1be11{/,null,UNAVAILABLE}{/ozoneManager}
2019-10-02 23:13:39,489 [Thread-1522] INFO  server.AbstractConnector (AbstractConnector.java:doStop(318)) - Stopped ServerConnector@181a1612{HTTP/1.1,[http/1.1]}{0.0.0.0:0}
2019-10-02 23:13:39,489 [Thread-1522] INFO  handler.ContextHandler (ContextHandler.java:doStop(910)) - Stopped o.e.j.s.ServletContextHandler@61b35097{/static,jar:file:/home/user/.m2/repository/org/apache/hadoop/hadoop-ozone-ozone-manager/0.5.0-SNAPSHOT/hadoop-ozone-ozone-manager-0.5.0-SNAPSHOT.jar!/webapps/static,UNAVAILABLE}
2019-10-02 23:13:39,489 [Thread-1522] INFO  handler.ContextHandler (ContextHandler.java:doStop(910)) - Stopped o.e.j.s.ServletContextHandler@6e5cde1a{/logs,file:///workdir/hadoop-ozone/ozonefs/target/log,UNAVAILABLE}
2019-10-02 23:13:39,490 [Thread-1522] INFO  ozone.MiniOzoneClusterImpl (MiniOzoneClusterImpl.java:stopDatanodes(377)) - Stopping the HddsDatanodes
2019-10-02 23:13:40,227 [Datanode State Machine Thread - 0] INFO  statemachine.DatanodeStateMachine (DatanodeStateMachine.java:lambda$startDaemon$0(350)) - Ozone container server started.
2019-10-02 23:13:40,297 [Datanode State Machine Thread - 0] INFO  statemachine.DatanodeStateMachine (DatanodeStateMachine.java:lambda$startDaemon$0(350)) - Ozone container server started.
2019-10-02 23:13:41,237 [Thread-1694] INFO  container.ReplicationManager (ReplicationManager.java:start(162)) - Starting Replication Monitor Thread.
2019-10-02 23:13:41,239 [ReplicationMonitor] INFO  container.ReplicationManager (ReplicationManager.java:run(225)) - Replication Monitor Thread took 0 milliseconds for processing 0 containers.
2019-10-02 23:13:43,391 [Thread-1696] INFO  impl.FollowerState (FollowerState.java:run(108)) - ed779cf0-ba52-4052-9ea2-23e91d6f7be8@group-92F00E486939-FollowerState: change to CANDIDATE, lastRpcTime:5002ms, electionTimeout:5002ms
2019-10-02 23:13:43,391 [Thread-1696] INFO  impl.RoleInfo (RoleInfo.java:shutdownFollowerState(121)) - ed779cf0-ba52-4052-9ea2-23e91d6f7be8: shutdown FollowerState
2019-10-02 23:13:43,391 [Thread-1696] INFO  impl.RaftServerImpl (RaftServerImpl.java:setRole(170)) - ed779cf0-ba52-4052-9ea2-23e91d6f7be8@group-92F00E486939: changes role from  FOLLOWER to CANDIDATE at term 0 for changeToCandidate
2019-10-02 23:13:43,391 [Thread-1696] INFO  impl.RoleInfo (RoleInfo.java:updateAndGet(143)) - ed779cf0-ba52-4052-9ea2-23e91d6f7be8: start LeaderElection
2019-10-02 23:13:43,412 [ed779cf0-ba52-4052-9ea2-23e91d6f7be8@group-92F00E486939-LeaderElection34] INFO  impl.LeaderElection (LeaderElection.java:askForVotes(178)) - ed779cf0-ba52-4052-9ea2-23e91d6f7be8@group-92F00E486939-LeaderElection34: begin an election at term 1 for -1: [ed779cf0-ba52-4052-9ea2-23e91d6f7be8:192.168.30.30:34150], old=null
2019-10-02 23:13:43,412 [ed779cf0-ba52-4052-9ea2-23e91d6f7be8@group-92F00E486939-LeaderElection34] INFO  impl.RoleInfo (RoleInfo.java:shutdownLeaderElection(134)) - ed779cf0-ba52-4052-9ea2-23e91d6f7be8: shutdown LeaderElection
2019-10-02 23:13:43,412 [ed779cf0-ba52-4052-9ea2-23e91d6f7be8@group-92F00E486939-LeaderElection34] INFO  impl.RaftServerImpl (RaftServerImpl.java:setRole(170)) - ed779cf0-ba52-4052-9ea2-23e91d6f7be8@group-92F00E486939: changes role from CANDIDATE to LEADER at term 1 for changeToLeader
2019-10-02 23:13:43,413 [ed779cf0-ba52-4052-9ea2-23e91d6f7be8@group-92F00E486939-LeaderElection34] INFO  impl.RaftServerImpl (ServerState.java:setLeader(255)) - ed779cf0-ba52-4052-9ea2-23e91d6f7be8@group-92F00E486939: change Leader from null to ed779cf0-ba52-4052-9ea2-23e91d6f7be8 at term 1 for becomeLeader, leader elected after 5033ms
2019-10-02 23:13:43,413 [ed779cf0-ba52-4052-9ea2-23e91d6f7be8@group-92F00E486939-LeaderElection34] INFO  server.RaftServerConfigKeys (ConfUtils.java:logGet(43)) - raft.server.staging.catchup.gap = 1000 (default)
2019-10-02 23:13:43,413 [ed779cf0-ba52-4052-9ea2-23e91d6f7be8@group-92F00E486939-LeaderElection34] INFO  server.RaftServerConfigKeys (ConfUtils.java:logGet(43)) - raft.server.rpc.sleep.time = 25ms (default)
2019-10-02 23:13:43,413 [ed779cf0-ba52-4052-9ea2-23e91d6f7be8@group-92F00E486939-LeaderElection34] INFO  server.RaftServerConfigKeys (ConfUtils.java:logGet(43)) - raft.server.write.element-limit = 4096 (default)
2019-10-02 23:13:43,413 [ed779cf0-ba52-4052-9ea2-23e91d6f7be8@group-92F00E486939-LeaderElection34] INFO  server.RaftServerConfigKeys (ConfUtils.java:logGet(43)) - raft.server.watch.timeout = 10s (default)
2019-10-02 23:13:43,414 [ed779cf0-ba52-4052-9ea2-23e91d6f7be8@group-92F00E486939-LeaderElection34] INFO  server.RaftServerConfigKeys (ConfUtils.java:logGet(43)) - raft.server.watch.timeout.denomination = 1s (default)
2019-10-02 23:13:43,414 [ed779cf0-ba52-4052-9ea2-23e91d6f7be8@group-92F00E486939-LeaderElection34] INFO  server.RaftServerConfigKeys (ConfUtils.java:logGet(43)) - raft.server.watch.element-limit = 65536 (default)
2019-10-02 23:13:43,416 [ed779cf0-ba52-4052-9ea2-23e91d6f7be8@group-92F00E486939-LeaderElection34] INFO  impl.RoleInfo (RoleInfo.java:updateAndGet(143)) - ed779cf0-ba52-4052-9ea2-23e91d6f7be8: start LeaderState
2019-10-02 23:13:43,416 [ed779cf0-ba52-4052-9ea2-23e91d6f7be8@group-92F00E486939-LeaderElection34] INFO  segmented.SegmentedRaftLogWorker (SegmentedRaftLogWorker.java:startLogSegment(385)) - ed779cf0-ba52-4052-9ea2-23e91d6f7be8@group-92F00E486939-SegmentedRaftLogWorker: Starting segment from index:0
2019-10-02 23:13:43,417 [ed779cf0-ba52-4052-9ea2-23e91d6f7be8@group-92F00E486939-LeaderElection34] INFO  impl.RaftServerImpl (ServerState.java:setRaftConf(356)) - ed779cf0-ba52-4052-9ea2-23e91d6f7be8@group-92F00E486939: set configuration 0: [ed779cf0-ba52-4052-9ea2-23e91d6f7be8:192.168.30.30:34150], old=null at 0
2019-10-02 23:13:43,460 [ed779cf0-ba52-4052-9ea2-23e91d6f7be8@group-92F00E486939-SegmentedRaftLogWorker] INFO  segmented.SegmentedRaftLogWorker (SegmentedRaftLogWorker.java:execute(574)) - ed779cf0-ba52-4052-9ea2-23e91d6f7be8@group-92F00E486939-SegmentedRaftLogWorker: created new log segment /workdir/hadoop-ozone/ozonefs/target/test-dir/MiniOzoneClusterImpl-1be30765-89d3-47dd-8aff-300c033769b0/datanode-0/data/ratis/90459524-7b12-4e28-8240-92f00e486939/current/log_inprogress_0
2019-10-02 23:13:43,502 [Thread-1699] INFO  impl.FollowerState (FollowerState.java:run(108)) - b344a52e-7f0f-40c4-856a-c53f50c33b91@group-BF1A14E821F8-FollowerState: change to CANDIDATE, lastRpcTime:5056ms, electionTimeout:5056ms
2019-10-02 23:13:43,502 [Thread-1699] INFO  impl.RoleInfo (RoleInfo.java:shutdownFollowerState(121)) - b344a52e-7f0f-40c4-856a-c53f50c33b91: shutdown FollowerState
2019-10-02 23:13:43,502 [Thread-1699] INFO  impl.RaftServerImpl (RaftServerImpl.java:setRole(170)) - b344a52e-7f0f-40c4-856a-c53f50c33b91@group-BF1A14E821F8: changes role from  FOLLOWER to CANDIDATE at term 0 for changeToCandidate
2019-10-02 23:13:43,503 [Thread-1699] INFO  impl.RoleInfo (RoleInfo.java:updateAndGet(143)) - b344a52e-7f0f-40c4-856a-c53f50c33b91: start LeaderElection
2019-10-02 23:13:43,528 [b344a52e-7f0f-40c4-856a-c53f50c33b91@group-BF1A14E821F8-LeaderElection35] INFO  impl.LeaderElection (LeaderElection.java:askForVotes(178)) - b344a52e-7f0f-40c4-856a-c53f50c33b91@group-BF1A14E821F8-LeaderElection35: begin an election at term 1 for -1: [b344a52e-7f0f-40c4-856a-c53f50c33b91:192.168.30.30:42944], old=null
2019-10-02 23:13:43,529 [b344a52e-7f0f-40c4-856a-c53f50c33b91@group-BF1A14E821F8-LeaderElection35] INFO  impl.RoleInfo (RoleInfo.java:shutdownLeaderElection(134)) - b344a52e-7f0f-40c4-856a-c53f50c33b91: shutdown LeaderElection
2019-10-02 23:13:43,529 [b344a52e-7f0f-40c4-856a-c53f50c33b91@group-BF1A14E821F8-LeaderElection35] INFO  impl.RaftServerImpl (RaftServerImpl.java:setRole(170)) - b344a52e-7f0f-40c4-856a-c53f50c33b91@group-BF1A14E821F8: changes role from CANDIDATE to LEADER at term 1 for changeToLeader
2019-10-02 23:13:43,529 [b344a52e-7f0f-40c4-856a-c53f50c33b91@group-BF1A14E821F8-LeaderElection35] INFO  impl.RaftServerImpl (ServerState.java:setLeader(255)) - b344a52e-7f0f-40c4-856a-c53f50c33b91@group-BF1A14E821F8: change Leader from null to b344a52e-7f0f-40c4-856a-c53f50c33b91 at term 1 for becomeLeader, leader elected after 5087ms
2019-10-02 23:13:43,529 [b344a52e-7f0f-40c4-856a-c53f50c33b91@group-BF1A14E821F8-LeaderElection35] INFO  server.RaftServerConfigKeys (ConfUtils.java:logGet(43)) - raft.server.staging.catchup.gap = 1000 (default)
2019-10-02 23:13:43,529 [b344a52e-7f0f-40c4-856a-c53f50c33b91@group-BF1A14E821F8-LeaderElection35] INFO  server.RaftServerConfigKeys (ConfUtils.java:logGet(43)) - raft.server.rpc.sleep.time = 25ms (default)
2019-10-02 23:13:43,529 [b344a52e-7f0f-40c4-856a-c53f50c33b91@group-BF1A14E821F8-LeaderElection35] INFO  server.RaftServerConfigKeys (ConfUtils.java:logGet(43)) - raft.server.write.element-limit = 4096 (default)
2019-10-02 23:13:43,529 [b344a52e-7f0f-40c4-856a-c53f50c33b91@group-BF1A14E821F8-LeaderElection35] INFO  server.RaftServerConfigKeys (ConfUtils.java:logGet(43)) - raft.server.watch.timeout = 10s (default)
2019-10-02 23:13:43,529 [b344a52e-7f0f-40c4-856a-c53f50c33b91@group-BF1A14E821F8-LeaderElection35] INFO  server.RaftServerConfigKeys (ConfUtils.java:logGet(43)) - raft.server.watch.timeout.denomination = 1s (default)
2019-10-02 23:13:43,529 [b344a52e-7f0f-40c4-856a-c53f50c33b91@group-BF1A14E821F8-LeaderElection35] INFO  server.RaftServerConfigKeys (ConfUtils.java:logGet(43)) - raft.server.watch.element-limit = 65536 (default)
2019-10-02 23:13:43,531 [b344a52e-7f0f-40c4-856a-c53f50c33b91@group-BF1A14E821F8-LeaderElection35] INFO  impl.RoleInfo (RoleInfo.java:updateAndGet(143)) - b344a52e-7f0f-40c4-856a-c53f50c33b91: start LeaderState
2019-10-02 23:13:43,531 [b344a52e-7f0f-40c4-856a-c53f50c33b91@group-BF1A14E821F8-LeaderElection35] INFO  segmented.SegmentedRaftLogWorker (SegmentedRaftLogWorker.java:startLogSegment(385)) - b344a52e-7f0f-40c4-856a-c53f50c33b91@group-BF1A14E821F8-SegmentedRaftLogWorker: Starting segment from index:0
2019-10-02 23:13:43,531 [b344a52e-7f0f-40c4-856a-c53f50c33b91@group-BF1A14E821F8-LeaderElection35] INFO  impl.RaftServerImpl (ServerState.java:setRaftConf(356)) - b344a52e-7f0f-40c4-856a-c53f50c33b91@group-BF1A14E821F8: set configuration 0: [b344a52e-7f0f-40c4-856a-c53f50c33b91:192.168.30.30:42944], old=null at 0
2019-10-02 23:13:43,577 [b344a52e-7f0f-40c4-856a-c53f50c33b91@group-BF1A14E821F8-SegmentedRaftLogWorker] INFO  segmented.SegmentedRaftLogWorker (SegmentedRaftLogWorker.java:execute(574)) - b344a52e-7f0f-40c4-856a-c53f50c33b91@group-BF1A14E821F8-SegmentedRaftLogWorker: created new log segment /workdir/hadoop-ozone/ozonefs/target/test-dir/MiniOzoneClusterImpl-1be30765-89d3-47dd-8aff-300c033769b0/datanode-2/data/ratis/e7f00bf7-2eea-4d56-8927-bf1a14e821f8/current/log_inprogress_0
2019-10-02 23:13:43,587 [Thread-1710] INFO  impl.FollowerState (FollowerState.java:run(108)) - b344a52e-7f0f-40c4-856a-c53f50c33b91@group-7E20A4E1F684-FollowerState: change to CANDIDATE, lastRpcTime:5004ms, electionTimeout:5004ms
2019-10-02 23:13:43,588 [Thread-1710] INFO  impl.RoleInfo (RoleInfo.java:shutdownFollowerState(121)) - b344a52e-7f0f-40c4-856a-c53f50c33b91: shutdown FollowerState
2019-10-02 23:13:43,588 [Thread-1710] INFO  impl.RaftServerImpl (RaftServerImpl.java:setRole(170)) - b344a52e-7f0f-40c4-856a-c53f50c33b91@group-7E20A4E1F684: changes role from  FOLLOWER to CANDIDATE at term 0 for changeToCandidate
2019-10-02 23:13:43,588 [Thread-1710] INFO  impl.RoleInfo (RoleInfo.java:updateAndGet(143)) - b344a52e-7f0f-40c4-856a-c53f50c33b91: start LeaderElection
2019-10-02 23:13:43,612 [b344a52e-7f0f-40c4-856a-c53f50c33b91@group-7E20A4E1F684-LeaderElection36] INFO  impl.LeaderElection (LeaderElection.java:askForVotes(178)) - b344a52e-7f0f-40c4-856a-c53f50c33b91@group-7E20A4E1F684-LeaderElection36: begin an election at term 1 for -1: [b344a52e-7f0f-40c4-856a-c53f50c33b91:192.168.30.30:42944, 8d2c2f7c-a831-41df-8b1e-77d0c4a223c5:192.168.30.30:41787, ed779cf0-ba52-4052-9ea2-23e91d6f7be8:192.168.30.30:34150], old=null
2019-10-02 23:13:43,621 [Thread-1702] INFO  impl.FollowerState (FollowerState.java:run(108)) - 8d2c2f7c-a831-41df-8b1e-77d0c4a223c5@group-87C0720A2BD8-FollowerState: change to CANDIDATE, lastRpcTime:5114ms, electionTimeout:5114ms
2019-10-02 23:13:43,623 [Thread-1702] INFO  impl.RoleInfo (RoleInfo.java:shutdownFollowerState(121)) - 8d2c2f7c-a831-41df-8b1e-77d0c4a223c5: shutdown FollowerState
2019-10-02 23:13:43,626 [Thread-1702] INFO  impl.RaftServerImpl (RaftServerImpl.java:setRole(170)) - 8d2c2f7c-a831-41df-8b1e-77d0c4a223c5@group-87C0720A2BD8: changes role from  FOLLOWER to CANDIDATE at term 0 for changeToCandidate
2019-10-02 23:13:43,626 [grpc-default-executor-0] INFO  impl.RaftServerImpl (RaftServerImpl.java:setRole(170)) - 8d2c2f7c-a831-41df-8b1e-77d0c4a223c5@group-7E20A4E1F684: changes role from  FOLLOWER to FOLLOWER at term 1 for recognizeCandidate:b344a52e-7f0f-40c4-856a-c53f50c33b91
2019-10-02 23:13:43,628 [Thread-1702] INFO  impl.RoleInfo (RoleInfo.java:updateAndGet(143)) - 8d2c2f7c-a831-41df-8b1e-77d0c4a223c5: start LeaderElection
2019-10-02 23:13:43,628 [grpc-default-executor-1] INFO  impl.RaftServerImpl (RaftServerImpl.java:setRole(170)) - ed779cf0-ba52-4052-9ea2-23e91d6f7be8@group-7E20A4E1F684: changes role from  FOLLOWER to FOLLOWER at term 1 for recognizeCandidate:b344a52e-7f0f-40c4-856a-c53f50c33b91
2019-10-02 23:13:43,628 [grpc-default-executor-0] INFO  impl.RoleInfo (RoleInfo.java:shutdownFollowerState(121)) - 8d2c2f7c-a831-41df-8b1e-77d0c4a223c5: shutdown FollowerState
2019-10-02 23:13:43,628 [grpc-default-executor-1] INFO  impl.RoleInfo (RoleInfo.java:shutdownFollowerState(121)) - ed779cf0-ba52-4052-9ea2-23e91d6f7be8: shutdown FollowerState
2019-10-02 23:13:43,629 [grpc-default-executor-0] INFO  impl.RoleInfo (RoleInfo.java:updateAndGet(143)) - 8d2c2f7c-a831-41df-8b1e-77d0c4a223c5: start FollowerState
2019-10-02 23:13:43,632 [Thread-1708] INFO  impl.FollowerState (FollowerState.java:run(117)) - ed779cf0-ba52-4052-9ea2-23e91d6f7be8@group-7E20A4E1F684-FollowerState was interrupted: java.lang.InterruptedException: sleep interrupted
2019-10-02 23:13:43,632 [grpc-default-executor-1] INFO  impl.RoleInfo (RoleInfo.java:updateAndGet(143)) - ed779cf0-ba52-4052-9ea2-23e91d6f7be8: start FollowerState
2019-10-02 23:13:43,656 [8d2c2f7c-a831-41df-8b1e-77d0c4a223c5@group-87C0720A2BD8-LeaderElection37] INFO  impl.LeaderElection (LeaderElection.java:askForVotes(178)) - 8d2c2f7c-a831-41df-8b1e-77d0c4a223c5@group-87C0720A2BD8-LeaderElection37: begin an election at term 1 for -1: [8d2c2f7c-a831-41df-8b1e-77d0c4a223c5:192.168.30.30:41787], old=null
2019-10-02 23:13:43,659 [8d2c2f7c-a831-41df-8b1e-77d0c4a223c5@group-87C0720A2BD8-LeaderElection37] INFO  impl.RoleInfo (RoleInfo.java:shutdownLeaderElection(134)) - 8d2c2f7c-a831-41df-8b1e-77d0c4a223c5: shutdown LeaderElection
2019-10-02 23:13:43,659 [8d2c2f7c-a831-41df-8b1e-77d0c4a223c5@group-87C0720A2BD8-LeaderElection37] INFO  impl.RaftServerImpl (RaftServerImpl.java:setRole(170)) - 8d2c2f7c-a831-41df-8b1e-77d0c4a223c5@group-87C0720A2BD8: changes role from CANDIDATE to LEADER at term 1 for changeToLeader
2019-10-02 23:13:43,659 [8d2c2f7c-a831-41df-8b1e-77d0c4a223c5@group-87C0720A2BD8-LeaderElection37] INFO  impl.RaftServerImpl (ServerState.java:setLeader(255)) - 8d2c2f7c-a831-41df-8b1e-77d0c4a223c5@group-87C0720A2BD8: change Leader from null to 8d2c2f7c-a831-41df-8b1e-77d0c4a223c5 at term 1 for becomeLeader, leader elected after 5159ms
2019-10-02 23:13:43,661 [8d2c2f7c-a831-41df-8b1e-77d0c4a223c5@group-87C0720A2BD8-LeaderElection37] INFO  server.RaftServerConfigKeys (ConfUtils.java:logGet(43)) - raft.server.staging.catchup.gap = 1000 (default)
2019-10-02 23:13:43,661 [8d2c2f7c-a831-41df-8b1e-77d0c4a223c5@group-87C0720A2BD8-LeaderElection37] INFO  server.RaftServerConfigKeys (ConfUtils.java:logGet(43)) - raft.server.rpc.sleep.time = 25ms (default)
2019-10-02 23:13:43,661 [8d2c2f7c-a831-41df-8b1e-77d0c4a223c5@group-87C0720A2BD8-LeaderElection37] INFO  server.RaftServerConfigKeys (ConfUtils.java:logGet(43)) - raft.server.write.element-limit = 4096 (default)
2019-10-02 23:13:43,662 [8d2c2f7c-a831-41df-8b1e-77d0c4a223c5@group-87C0720A2BD8-LeaderElection37] INFO  server.RaftServerConfigKeys (ConfUtils.java:logGet(43)) - raft.server.watch.timeout = 10s (default)
2019-10-02 23:13:43,662 [8d2c2f7c-a831-41df-8b1e-77d0c4a223c5@group-87C0720A2BD8-LeaderElection37] INFO  server.RaftServerConfigKeys (ConfUtils.java:logGet(43)) - raft.server.watch.timeout.denomination = 1s (default)
2019-10-02 23:13:43,662 [8d2c2f7c-a831-41df-8b1e-77d0c4a223c5@group-87C0720A2BD8-LeaderElection37] INFO  server.RaftServerConfigKeys (ConfUtils.java:logGet(43)) - raft.server.watch.element-limit = 65536 (default)
2019-10-02 23:13:43,662 [b344a52e-7f0f-40c4-856a-c53f50c33b91@group-7E20A4E1F684-LeaderElection36] INFO  impl.LeaderElection (LeaderElection.java:logAndReturn(56)) - b344a52e-7f0f-40c4-856a-c53f50c33b91@group-7E20A4E1F684-LeaderElection36: Election PASSED; received 1 response(s) [b344a52e-7f0f-40c4-856a-c53f50c33b91<-8d2c2f7c-a831-41df-8b1e-77d0c4a223c5#0:OK-t1] and 0 exception(s); b344a52e-7f0f-40c4-856a-c53f50c33b91@group-7E20A4E1F684:t1, leader=null, voted=b344a52e-7f0f-40c4-856a-c53f50c33b91, raftlog=b344a52e-7f0f-40c4-856a-c53f50c33b91@group-7E20A4E1F684-SegmentedRaftLog:OPENED:c-1,f-1,i0, conf=-1: [b344a52e-7f0f-40c4-856a-c53f50c33b91:192.168.30.30:42944, 8d2c2f7c-a831-41df-8b1e-77d0c4a223c5:192.168.30.30:41787, ed779cf0-ba52-4052-9ea2-23e91d6f7be8:192.168.30.30:34150], old=null
2019-10-02 23:13:43,662 [b344a52e-7f0f-40c4-856a-c53f50c33b91@group-7E20A4E1F684-LeaderElection36] INFO  impl.RoleInfo (RoleInfo.java:shutdownLeaderElection(134)) - b344a52e-7f0f-40c4-856a-c53f50c33b91: shutdown LeaderElection
2019-10-02 23:13:43,663 [b344a52e-7f0f-40c4-856a-c53f50c33b91@group-7E20A4E1F684-LeaderElection36] INFO  impl.RaftServerImpl (RaftServerImpl.java:setRole(170)) - b344a52e-7f0f-40c4-856a-c53f50c33b91@group-7E20A4E1F684: changes role from CANDIDATE to LEADER at term 1 for changeToLeader
2019-10-02 23:13:43,663 [b344a52e-7f0f-40c4-856a-c53f50c33b91@group-7E20A4E1F684-LeaderElection36] INFO  impl.RaftServerImpl (ServerState.java:setLeader(255)) - b344a52e-7f0f-40c4-856a-c53f50c33b91@group-7E20A4E1F684: change Leader from null to b344a52e-7f0f-40c4-856a-c53f50c33b91 at term 1 for becomeLeader, leader elected after 5093ms
2019-10-02 23:13:43,663 [b344a52e-7f0f-40c4-856a-c53f50c33b91@group-7E20A4E1F684-LeaderElection36] INFO  server.RaftServerConfigKeys (ConfUtils.java:logGet(43)) - raft.server.staging.catchup.gap = 1000 (default)
2019-10-02 23:13:43,663 [b344a52e-7f0f-40c4-856a-c53f50c33b91@group-7E20A4E1F684-LeaderElection36] INFO  server.RaftServerConfigKeys (ConfUtils.java:logGet(43)) - raft.server.rpc.sleep.time = 25ms (default)
2019-10-02 23:13:43,664 [b344a52e-7f0f-40c4-856a-c53f50c33b91@group-7E20A4E1F684-LeaderElection36] INFO  server.RaftServerConfigKeys (ConfUtils.java:logGet(43)) - raft.server.write.element-limit = 4096 (default)
2019-10-02 23:13:43,664 [b344a52e-7f0f-40c4-856a-c53f50c33b91@group-7E20A4E1F684-LeaderElection36] INFO  server.RaftServerConfigKeys (ConfUtils.java:logGet(43)) - raft.server.watch.timeout = 10s (default)
2019-10-02 23:13:43,664 [8d2c2f7c-a831-41df-8b1e-77d0c4a223c5@group-87C0720A2BD8-LeaderElection37] INFO  impl.RoleInfo (RoleInfo.java:updateAndGet(143)) - 8d2c2f7c-a831-41df-8b1e-77d0c4a223c5: start LeaderState
2019-10-02 23:13:43,664 [b344a52e-7f0f-40c4-856a-c53f50c33b91@group-7E20A4E1F684-LeaderElection36] INFO  server.RaftServerConfigKeys (ConfUtils.java:logGet(43)) - raft.server.watch.timeout.denomination = 1s (default)
2019-10-02 23:13:43,666 [b344a52e-7f0f-40c4-856a-c53f50c33b91@group-7E20A4E1F684-LeaderElection36] INFO  server.RaftServerConfigKeys (ConfUtils.java:logGet(43)) - raft.server.watch.element-limit = 65536 (default)
2019-10-02 23:13:43,666 [8d2c2f7c-a831-41df-8b1e-77d0c4a223c5@group-87C0720A2BD8-LeaderElection37] INFO  segmented.SegmentedRaftLogWorker (SegmentedRaftLogWorker.java:startLogSegment(385)) - 8d2c2f7c-a831-41df-8b1e-77d0c4a223c5@group-87C0720A2BD8-SegmentedRaftLogWorker: Starting segment from index:0
2019-10-02 23:13:43,667 [8d2c2f7c-a831-41df-8b1e-77d0c4a223c5@group-87C0720A2BD8-LeaderElection37] INFO  impl.RaftServerImpl (ServerState.java:setRaftConf(356)) - 8d2c2f7c-a831-41df-8b1e-77d0c4a223c5@group-87C0720A2BD8: set configuration 0: [8d2c2f7c-a831-41df-8b1e-77d0c4a223c5:192.168.30.30:41787], old=null at 0
2019-10-02 23:13:43,668 [b344a52e-7f0f-40c4-856a-c53f50c33b91@group-7E20A4E1F684-LeaderElection36] INFO  server.RaftServerConfigKeys (ConfUtils.java:logGet(43)) - raft.server.log.appender.snapshot.chunk.size.max = 16MB (=16777216) (default)
2019-10-02 23:13:43,668 [b344a52e-7f0f-40c4-856a-c53f50c33b91@group-7E20A4E1F684-LeaderElection36] INFO  server.RaftServerConfigKeys (ConfUtils.java:logGet(43)) - raft.server.log.appender.buffer.byte-limit = 33554432 (custom)
2019-10-02 23:13:43,668 [b344a52e-7f0f-40c4-856a-c53f50c33b91@group-7E20A4E1F684-LeaderElection36] INFO  server.RaftServerConfigKeys (ConfUtils.java:logGet(43)) - raft.server.log.appender.buffer.element-limit = 1 (custom)
2019-10-02 23:13:43,669 [b344a52e-7f0f-40c4-856a-c53f50c33b91@group-7E20A4E1F684-LeaderElection36] INFO  grpc.GrpcConfigKeys$Server (ConfUtils.java:logGet(43)) - raft.grpc.server.leader.outstanding.appends.max = 128 (default)
2019-10-02 23:13:43,669 [b344a52e-7f0f-40c4-856a-c53f50c33b91@group-7E20A4E1F684-LeaderElection36] INFO  server.RaftServerConfigKeys (ConfUtils.java:logGet(43)) - raft.server.rpc.request.timeout = 3000ms (default)
2019-10-02 23:13:43,669 [b344a52e-7f0f-40c4-856a-c53f50c33b91@group-7E20A4E1F684-LeaderElection36] INFO  server.RaftServerConfigKeys (ConfUtils.java:logGet(43)) - raft.server.log.appender.install.snapshot.enabled = false (custom)
2019-10-02 23:13:43,669 [b344a52e-7f0f-40c4-856a-c53f50c33b91@group-7E20A4E1F684-LeaderElection36] INFO  server.RaftServerConfigKeys (ConfUtils.java:logGet(43)) - raft.server.log.appender.snapshot.chunk.size.max = 16MB (=16777216) (default)
2019-10-02 23:13:43,669 [b344a52e-7f0f-40c4-856a-c53f50c33b91@group-7E20A4E1F684-LeaderElection36] INFO  server.RaftServerConfigKeys (ConfUtils.java:logGet(43)) - raft.server.log.appender.buffer.byte-limit = 33554432 (custom)
2019-10-02 23:13:43,669 [b344a52e-7f0f-40c4-856a-c53f50c33b91@group-7E20A4E1F684-LeaderElection36] INFO  server.RaftServerConfigKeys (ConfUtils.java:logGet(43)) - raft.server.log.appender.buffer.element-limit = 1 (custom)
2019-10-02 23:13:43,669 [b344a52e-7f0f-40c4-856a-c53f50c33b91@group-7E20A4E1F684-LeaderElection36] INFO  grpc.GrpcConfigKeys$Server (ConfUtils.java:logGet(43)) - raft.grpc.server.leader.outstanding.appends.max = 128 (default)
2019-10-02 23:13:43,670 [b344a52e-7f0f-40c4-856a-c53f50c33b91@group-7E20A4E1F684-LeaderElection36] INFO  server.RaftServerConfigKeys (ConfUtils.java:logGet(43)) - raft.server.rpc.request.timeout = 3000ms (default)
2019-10-02 23:13:43,670 [b344a52e-7f0f-40c4-856a-c53f50c33b91@group-7E20A4E1F684-LeaderElection36] INFO  server.RaftServerConfigKeys (ConfUtils.java:logGet(43)) - raft.server.log.appender.install.snapshot.enabled = false (custom)
2019-10-02 23:13:43,670 [b344a52e-7f0f-40c4-856a-c53f50c33b91@group-7E20A4E1F684-LeaderElection36] INFO  impl.RoleInfo (RoleInfo.java:updateAndGet(143)) - b344a52e-7f0f-40c4-856a-c53f50c33b91: start LeaderState
2019-10-02 23:13:43,670 [b344a52e-7f0f-40c4-856a-c53f50c33b91@group-7E20A4E1F684-LeaderElection36] INFO  segmented.SegmentedRaftLogWorker (SegmentedRaftLogWorker.java:startLogSegment(385)) - b344a52e-7f0f-40c4-856a-c53f50c33b91@group-7E20A4E1F684-SegmentedRaftLogWorker: Starting segment from index:0
2019-10-02 23:13:43,671 [b344a52e-7f0f-40c4-856a-c53f50c33b91@group-7E20A4E1F684-LeaderElection36] INFO  impl.RaftServerImpl (ServerState.java:setRaftConf(356)) - b344a52e-7f0f-40c4-856a-c53f50c33b91@group-7E20A4E1F684: set configuration 0: [b344a52e-7f0f-40c4-856a-c53f50c33b91:192.168.30.30:42944, 8d2c2f7c-a831-41df-8b1e-77d0c4a223c5:192.168.30.30:41787, ed779cf0-ba52-4052-9ea2-23e91d6f7be8:192.168.30.30:34150], old=null at 0
2019-10-02 23:13:43,701 [grpc-default-executor-0] INFO  impl.RaftServerImpl (ServerState.java:setLeader(255)) - ed779cf0-ba52-4052-9ea2-23e91d6f7be8@group-7E20A4E1F684: change Leader from null to b344a52e-7f0f-40c4-856a-c53f50c33b91 at term 1 for appendEntries, leader elected after 5131ms
2019-10-02 23:13:43,702 [grpc-default-executor-1] INFO  impl.RaftServerImpl (ServerState.java:setLeader(255)) - 8d2c2f7c-a831-41df-8b1e-77d0c4a223c5@group-7E20A4E1F684: change Leader from null to b344a52e-7f0f-40c4-856a-c53f50c33b91 at term 1 for appendEntries, leader elected after 5132ms
2019-10-02 23:13:43,707 [grpc-default-executor-0] INFO  impl.RaftServerImpl (ServerState.java:setRaftConf(356)) - 8d2c2f7c-a831-41df-8b1e-77d0c4a223c5@group-7E20A4E1F684: set configuration 0: [b344a52e-7f0f-40c4-856a-c53f50c33b91:192.168.30.30:42944, 8d2c2f7c-a831-41df-8b1e-77d0c4a223c5:192.168.30.30:41787, ed779cf0-ba52-4052-9ea2-23e91d6f7be8:192.168.30.30:34150], old=null at 0
2019-10-02 23:13:43,707 [grpc-default-executor-0] INFO  segmented.SegmentedRaftLogWorker (SegmentedRaftLogWorker.java:startLogSegment(385)) - 8d2c2f7c-a831-41df-8b1e-77d0c4a223c5@group-7E20A4E1F684-SegmentedRaftLogWorker: Starting segment from index:0
2019-10-02 23:13:43,709 [grpc-default-executor-0] INFO  impl.RaftServerImpl (ServerState.java:setRaftConf(356)) - ed779cf0-ba52-4052-9ea2-23e91d6f7be8@group-7E20A4E1F684: set configuration 0: [b344a52e-7f0f-40c4-856a-c53f50c33b91:192.168.30.30:42944, 8d2c2f7c-a831-41df-8b1e-77d0c4a223c5:192.168.30.30:41787, ed779cf0-ba52-4052-9ea2-23e91d6f7be8:192.168.30.30:34150], old=null at 0
2019-10-02 23:13:43,709 [grpc-default-executor-0] INFO  segmented.SegmentedRaftLogWorker (SegmentedRaftLogWorker.java:startLogSegment(385)) - ed779cf0-ba52-4052-9ea2-23e91d6f7be8@group-7E20A4E1F684-SegmentedRaftLogWorker: Starting segment from index:0
2019-10-02 23:13:43,724 [b344a52e-7f0f-40c4-856a-c53f50c33b91@group-7E20A4E1F684-SegmentedRaftLogWorker] INFO  segmented.SegmentedRaftLogWorker (SegmentedRaftLogWorker.java:execute(574)) - b344a52e-7f0f-40c4-856a-c53f50c33b91@group-7E20A4E1F684-SegmentedRaftLogWorker: created new log segment /workdir/hadoop-ozone/ozonefs/target/test-dir/MiniOzoneClusterImpl-1be30765-89d3-47dd-8aff-300c033769b0/datanode-2/data/ratis/c733bb4b-c50c-451d-8678-7e20a4e1f684/current/log_inprogress_0
2019-10-02 23:13:43,725 [8d2c2f7c-a831-41df-8b1e-77d0c4a223c5@group-87C0720A2BD8-SegmentedRaftLogWorker] INFO  segmented.SegmentedRaftLogWorker (SegmentedRaftLogWorker.java:execute(574)) - 8d2c2f7c-a831-41df-8b1e-77d0c4a223c5@group-87C0720A2BD8-SegmentedRaftLogWorker: created new log segment /workdir/hadoop-ozone/ozonefs/target/test-dir/MiniOzoneClusterImpl-1be30765-89d3-47dd-8aff-300c033769b0/datanode-1/data/ratis/e883a670-6b83-4465-be73-87c0720a2bd8/current/log_inprogress_0
2019-10-02 23:13:43,745 [ed779cf0-ba52-4052-9ea2-23e91d6f7be8@group-7E20A4E1F684-SegmentedRaftLogWorker] INFO  segmented.SegmentedRaftLogWorker (SegmentedRaftLogWorker.java:execute(574)) - ed779cf0-ba52-4052-9ea2-23e91d6f7be8@group-7E20A4E1F684-SegmentedRaftLogWorker: created new log segment /workdir/hadoop-ozone/ozonefs/target/test-dir/MiniOzoneClusterImpl-1be30765-89d3-47dd-8aff-300c033769b0/datanode-0/data/ratis/c733bb4b-c50c-451d-8678-7e20a4e1f684/current/log_inprogress_0
2019-10-02 23:13:43,745 [8d2c2f7c-a831-41df-8b1e-77d0c4a223c5@group-7E20A4E1F684-SegmentedRaftLogWorker] INFO  segmented.SegmentedRaftLogWorker (SegmentedRaftLogWorker.java:execute(574)) - 8d2c2f7c-a831-41df-8b1e-77d0c4a223c5@group-7E20A4E1F684-SegmentedRaftLogWorker: created new log segment /workdir/hadoop-ozone/ozonefs/target/test-dir/MiniOzoneClusterImpl-1be30765-89d3-47dd-8aff-300c033769b0/datanode-1/data/ratis/c733bb4b-c50c-451d-8678-7e20a4e1f684/current/log_inprogress_0
2019-10-02 23:13:44,491 [Thread-1522] INFO  ozoneimpl.OzoneContainer (OzoneContainer.java:stop(231)) - Attempting to stop container services.
2019-10-02 23:13:44,492 [ForkJoinPool.commonPool-worker-1] INFO  ozoneimpl.OzoneContainer (OzoneContainer.java:stop(231)) - Attempting to stop container services.
2019-10-02 23:13:44,492 [ForkJoinPool.commonPool-worker-1] INFO  impl.RaftServerProxy (RaftServerProxy.java:lambda$close$4(314)) - ed779cf0-ba52-4052-9ea2-23e91d6f7be8: close
2019-10-02 23:13:44,492 [ForkJoinPool.commonPool-worker-1] INFO  impl.RaftServerImpl (RaftServerImpl.java:lambda$shutdown$3(247)) - ed779cf0-ba52-4052-9ea2-23e91d6f7be8@group-7E20A4E1F684: shutdown
2019-10-02 23:13:44,493 [ForkJoinPool.commonPool-worker-1] INFO  util.JmxRegister (JmxRegister.java:unregister(73)) - Successfully un-registered JMX Bean with object name Ratis:service=RaftServer,group=group-7E20A4E1F684,id=ed779cf0-ba52-4052-9ea2-23e91d6f7be8
2019-10-02 23:13:44,493 [ForkJoinPool.commonPool-worker-1] INFO  impl.RoleInfo (RoleInfo.java:shutdownFollowerState(121)) - ed779cf0-ba52-4052-9ea2-23e91d6f7be8: shutdown FollowerState
2019-10-02 23:13:44,493 [ForkJoinPool.commonPool-worker-1] INFO  impl.StateMachineUpdater (StateMachineUpdater.java:stopAndJoin(136)) - ed779cf0-ba52-4052-9ea2-23e91d6f7be8@group-7E20A4E1F684-StateMachineUpdater: set stopIndex = -1
2019-10-02 23:13:44,493 [ForkJoinPool.commonPool-worker-1] INFO  impl.RaftServerImpl (ServerState.java:close(387)) - ed779cf0-ba52-4052-9ea2-23e91d6f7be8@group-7E20A4E1F684: closes. applyIndex: -1
2019-10-02 23:13:44,492 [Thread-1522] INFO  impl.RaftServerProxy (RaftServerProxy.java:lambda$close$4(314)) - 8d2c2f7c-a831-41df-8b1e-77d0c4a223c5: close
2019-10-02 23:13:44,494 [Thread-1522] INFO  impl.RaftServerImpl (RaftServerImpl.java:lambda$shutdown$3(247)) - 8d2c2f7c-a831-41df-8b1e-77d0c4a223c5@group-87C0720A2BD8: shutdown
2019-10-02 23:13:44,494 [Thread-1522] INFO  util.JmxRegister (JmxRegister.java:unregister(73)) - Successfully un-registered JMX Bean with object name Ratis:service=RaftServer,group=group-87C0720A2BD8,id=8d2c2f7c-a831-41df-8b1e-77d0c4a223c5
2019-10-02 23:13:44,495 [Thread-1522] INFO  impl.RoleInfo (RoleInfo.java:shutdownLeaderState(104)) - 8d2c2f7c-a831-41df-8b1e-77d0c4a223c5: shutdown LeaderState
2019-10-02 23:13:44,495 [Thread-1522] INFO  impl.PendingRequests (PendingRequests.java:sendNotLeaderResponses(202)) - 8d2c2f7c-a831-41df-8b1e-77d0c4a223c5@group-87C0720A2BD8-PendingRequests: sendNotLeaderResponses
2019-10-02 23:13:44,495 [Thread-1522] INFO  impl.StateMachineUpdater (StateMachineUpdater.java:stopAndJoin(136)) - 8d2c2f7c-a831-41df-8b1e-77d0c4a223c5@group-87C0720A2BD8-StateMachineUpdater: set stopIndex = 0
2019-10-02 23:13:44,496 [Thread-1522] INFO  impl.RaftServerImpl (ServerState.java:close(387)) - 8d2c2f7c-a831-41df-8b1e-77d0c4a223c5@group-87C0720A2BD8: closes. applyIndex: 0
2019-10-02 23:13:44,494 [ed779cf0-ba52-4052-9ea2-23e91d6f7be8@group-7E20A4E1F684-SegmentedRaftLogWorker] INFO  segmented.SegmentedRaftLogWorker (SegmentedRaftLogWorker.java:run(316)) - ed779cf0-ba52-4052-9ea2-23e91d6f7be8@group-7E20A4E1F684-SegmentedRaftLogWorker was interrupted, exiting. There are 0 tasks remaining in the queue.
2019-10-02 23:13:44,493 [Thread-1726] INFO  impl.FollowerState (FollowerState.java:run(117)) - ed779cf0-ba52-4052-9ea2-23e91d6f7be8@group-7E20A4E1F684-FollowerState was interrupted: java.lang.InterruptedException: sleep interrupted
2019-10-02 23:13:44,496 [8d2c2f7c-a831-41df-8b1e-77d0c4a223c5@group-87C0720A2BD8-SegmentedRaftLogWorker] INFO  segmented.SegmentedRaftLogWorker (SegmentedRaftLogWorker.java:run(316)) - 8d2c2f7c-a831-41df-8b1e-77d0c4a223c5@group-87C0720A2BD8-SegmentedRaftLogWorker was interrupted, exiting. There are 0 tasks remaining in the queue.
2019-10-02 23:13:44,499 [ForkJoinPool.commonPool-worker-1] INFO  segmented.SegmentedRaftLogWorker (SegmentedRaftLogWorker.java:close(224)) - ed779cf0-ba52-4052-9ea2-23e91d6f7be8@group-7E20A4E1F684-SegmentedRaftLogWorker close()
2019-10-02 23:13:44,504 [ForkJoinPool.commonPool-worker-1] INFO  impl.RaftServerImpl (RaftServerImpl.java:lambda$shutdown$3(247)) - ed779cf0-ba52-4052-9ea2-23e91d6f7be8@group-92F00E486939: shutdown
2019-10-02 23:13:44,505 [ForkJoinPool.commonPool-worker-1] INFO  util.JmxRegister (JmxRegister.java:unregister(73)) - Successfully un-registered JMX Bean with object name Ratis:service=RaftServer,group=group-92F00E486939,id=ed779cf0-ba52-4052-9ea2-23e91d6f7be8
2019-10-02 23:13:44,505 [ForkJoinPool.commonPool-worker-1] INFO  impl.RoleInfo (RoleInfo.java:shutdownLeaderState(104)) - ed779cf0-ba52-4052-9ea2-23e91d6f7be8: shutdown LeaderState
2019-10-02 23:13:44,505 [ForkJoinPool.commonPool-worker-1] INFO  impl.PendingRequests (PendingRequests.java:sendNotLeaderResponses(202)) - ed779cf0-ba52-4052-9ea2-23e91d6f7be8@group-92F00E486939-PendingRequests: sendNotLeaderResponses
2019-10-02 23:13:44,506 [ForkJoinPool.commonPool-worker-1] INFO  impl.StateMachineUpdater (StateMachineUpdater.java:stopAndJoin(136)) - ed779cf0-ba52-4052-9ea2-23e91d6f7be8@group-92F00E486939-StateMachineUpdater: set stopIndex = 0
2019-10-02 23:13:44,508 [Thread-1522] INFO  segmented.SegmentedRaftLogWorker (SegmentedRaftLogWorker.java:close(224)) - 8d2c2f7c-a831-41df-8b1e-77d0c4a223c5@group-87C0720A2BD8-SegmentedRaftLogWorker close()
2019-10-02 23:13:44,508 [ForkJoinPool.commonPool-worker-1] INFO  impl.RaftServerImpl (ServerState.java:close(387)) - ed779cf0-ba52-4052-9ea2-23e91d6f7be8@group-92F00E486939: closes. applyIndex: 0
2019-10-02 23:13:44,510 [ed779cf0-ba52-4052-9ea2-23e91d6f7be8@group-92F00E486939-SegmentedRaftLogWorker] INFO  segmented.SegmentedRaftLogWorker (SegmentedRaftLogWorker.java:run(316)) - ed779cf0-ba52-4052-9ea2-23e91d6f7be8@group-92F00E486939-SegmentedRaftLogWorker was interrupted, exiting. There are 0 tasks remaining in the queue.
2019-10-02 23:13:44,511 [Thread-1522] INFO  impl.RaftServerImpl (RaftServerImpl.java:lambda$shutdown$3(247)) - 8d2c2f7c-a831-41df-8b1e-77d0c4a223c5@group-7E20A4E1F684: shutdown
2019-10-02 23:13:44,514 [Thread-1522] INFO  util.JmxRegister (JmxRegister.java:unregister(73)) - Successfully un-registered JMX Bean with object name Ratis:service=RaftServer,group=group-7E20A4E1F684,id=8d2c2f7c-a831-41df-8b1e-77d0c4a223c5
2019-10-02 23:13:44,514 [Thread-1522] INFO  impl.RoleInfo (RoleInfo.java:shutdownFollowerState(121)) - 8d2c2f7c-a831-41df-8b1e-77d0c4a223c5: shutdown FollowerState
2019-10-02 23:13:44,513 [ForkJoinPool.commonPool-worker-1] INFO  segmented.SegmentedRaftLogWorker (SegmentedRaftLogWorker.java:close(224)) - ed779cf0-ba52-4052-9ea2-23e91d6f7be8@group-92F00E486939-SegmentedRaftLogWorker close()
2019-10-02 23:13:44,515 [Thread-1725] INFO  impl.FollowerState (FollowerState.java:run(117)) - 8d2c2f7c-a831-41df-8b1e-77d0c4a223c5@group-7E20A4E1F684-FollowerState was interrupted: java.lang.InterruptedException: sleep interrupted
2019-10-02 23:13:44,517 [Thread-1522] INFO  impl.StateMachineUpdater (StateMachineUpdater.java:stopAndJoin(136)) - 8d2c2f7c-a831-41df-8b1e-77d0c4a223c5@group-7E20A4E1F684-StateMachineUpdater: set stopIndex = -1
2019-10-02 23:13:44,517 [Thread-1522] INFO  impl.RaftServerImpl (ServerState.java:close(387)) - 8d2c2f7c-a831-41df-8b1e-77d0c4a223c5@group-7E20A4E1F684: closes. applyIndex: -1
2019-10-02 23:13:44,519 [ForkJoinPool.commonPool-worker-1] INFO  server.GrpcService (GrpcService.java:closeImpl(164)) - ed779cf0-ba52-4052-9ea2-23e91d6f7be8: shutdown server with port 34150 now
2019-10-02 23:13:44,519 [8d2c2f7c-a831-41df-8b1e-77d0c4a223c5@group-7E20A4E1F684-SegmentedRaftLogWorker] INFO  segmented.SegmentedRaftLogWorker (SegmentedRaftLogWorker.java:run(316)) - 8d2c2f7c-a831-41df-8b1e-77d0c4a223c5@group-7E20A4E1F684-SegmentedRaftLogWorker was interrupted, exiting. There are 0 tasks remaining in the queue.
2019-10-02 23:13:44,523 [grpc-default-executor-1] WARN  server.GrpcServerProtocolService (LogUtils.java:warn(134)) - ed779cf0-ba52-4052-9ea2-23e91d6f7be8: installSnapshot onError, lastRequest: b344a52e-7f0f-40c4-856a-c53f50c33b91->ed779cf0-ba52-4052-9ea2-23e91d6f7be8#1-t1, previous=(t:0, i:0), leaderCommit=-1, initializing? false, entries: size=1, first=(t:1, i:0), CONFIGURATIONENTRY: org.apache.ratis.thirdparty.io.grpc.StatusRuntimeException: CANCELLED: cancelled before receiving half close
2019-10-02 23:13:44,523 [Thread-1522] INFO  segmented.SegmentedRaftLogWorker (SegmentedRaftLogWorker.java:close(224)) - 8d2c2f7c-a831-41df-8b1e-77d0c4a223c5@group-7E20A4E1F684-SegmentedRaftLogWorker close()
2019-10-02 23:13:44,535 [Thread-1522] INFO  server.GrpcService (GrpcService.java:closeImpl(164)) - 8d2c2f7c-a831-41df-8b1e-77d0c4a223c5: shutdown server with port 41787 now
2019-10-02 23:13:44,536 [ForkJoinPool.commonPool-worker-1] INFO  server.GrpcService (GrpcService.java:closeImpl(172)) - ed779cf0-ba52-4052-9ea2-23e91d6f7be8: shutdown server with port 34150 successfully
2019-10-02 23:13:44,536 [grpc-default-executor-2] WARN  server.GrpcServerProtocolService (LogUtils.java:warn(134)) - 8d2c2f7c-a831-41df-8b1e-77d0c4a223c5: installSnapshot onError, lastRequest: b344a52e-7f0f-40c4-856a-c53f50c33b91->8d2c2f7c-a831-41df-8b1e-77d0c4a223c5#1-t1, previous=(t:0, i:0), leaderCommit=-1, initializing? false, entries: size=1, first=(t:1, i:0), CONFIGURATIONENTRY: org.apache.ratis.thirdparty.io.grpc.StatusRuntimeException: CANCELLED: cancelled before receiving half close
2019-10-02 23:13:44,543 [grpc-default-executor-0] WARN  server.GrpcLogAppender (LogUtils.java:warn(134)) - b344a52e-7f0f-40c4-856a-c53f50c33b91@group-7E20A4E1F684->8d2c2f7c-a831-41df-8b1e-77d0c4a223c5-AppendLogResponseHandler: Failed appendEntries: org.apache.ratis.thirdparty.io.grpc.StatusRuntimeException: CANCELLED: HTTP/2 error code: CANCEL
Received Rst Stream
2019-10-02 23:13:44,545 [Thread-1522] INFO  server.GrpcService (GrpcService.java:closeImpl(172)) - 8d2c2f7c-a831-41df-8b1e-77d0c4a223c5: shutdown server with port 41787 successfully
2019-10-02 23:13:44,545 [grpc-default-executor-0] INFO  impl.FollowerInfo (FollowerInfo.java:lambda$new$0(51)) - b344a52e-7f0f-40c4-856a-c53f50c33b91@group-7E20A4E1F684->8d2c2f7c-a831-41df-8b1e-77d0c4a223c5: nextIndex: updateUnconditionally 1 -> 0
2019-10-02 23:13:44,546 [refreshUsed-/workdir/hadoop-ozone/ozonefs/target/test-dir/MiniOzoneClusterImpl-1be30765-89d3-47dd-8aff-300c033769b0/datanode-0/data/containers] WARN  fs.CachingGetSpaceUsed (CachingGetSpaceUsed.java:run(183)) - Thread Interrupted waiting to refresh disk information: sleep interrupted
2019-10-02 23:13:44,546 [grpc-default-executor-0] WARN  server.GrpcLogAppender (LogUtils.java:warn(134)) - b344a52e-7f0f-40c4-856a-c53f50c33b91@group-7E20A4E1F684->ed779cf0-ba52-4052-9ea2-23e91d6f7be8-AppendLogResponseHandler: Failed appendEntries: org.apache.ratis.thirdparty.io.grpc.StatusRuntimeException: CANCELLED: HTTP/2 error code: CANCEL
Received Rst Stream
2019-10-02 23:13:44,549 [refreshUsed-/workdir/hadoop-ozone/ozonefs/target/test-dir/MiniOzoneClusterImpl-1be30765-89d3-47dd-8aff-300c033769b0/datanode-1/data/containers] WARN  fs.CachingGetSpaceUsed (CachingGetSpaceUsed.java:run(183)) - Thread Interrupted waiting to refresh disk information: sleep interrupted
2019-10-02 23:13:44,549 [grpc-default-executor-0] INFO  impl.FollowerInfo (FollowerInfo.java:lambda$new$0(51)) - b344a52e-7f0f-40c4-856a-c53f50c33b91@group-7E20A4E1F684->ed779cf0-ba52-4052-9ea2-23e91d6f7be8: nextIndex: updateUnconditionally 1 -> 0
2019-10-02 23:13:44,569 [ForkJoinPool.commonPool-worker-1] INFO  utils.BackgroundService (BackgroundService.java:shutdown(148)) - Shutting down service BlockDeletingService
2019-10-02 23:13:44,569 [Thread-1522] INFO  utils.BackgroundService (BackgroundService.java:shutdown(148)) - Shutting down service BlockDeletingService
2019-10-02 23:13:44,575 [ForkJoinPool.commonPool-worker-1] INFO  statemachine.DatanodeStateMachine (DatanodeStateMachine.java:stopDaemon(395)) - Ozone container server stopped.
2019-10-02 23:13:44,575 [Thread-1522] INFO  statemachine.DatanodeStateMachine (DatanodeStateMachine.java:stopDaemon(395)) - Ozone container server stopped.
2019-10-02 23:13:44,591 [Thread-1522] INFO  handler.ContextHandler (ContextHandler.java:doStop(910)) - Stopped o.e.j.w.WebAppContext@57193872{/,null,UNAVAILABLE}{/hddsDatanode}
2019-10-02 23:13:44,591 [ForkJoinPool.commonPool-worker-1] INFO  handler.ContextHandler (ContextHandler.java:doStop(910)) - Stopped o.e.j.w.WebAppContext@c69a0d6{/,null,UNAVAILABLE}{/hddsDatanode}
2019-10-02 23:13:44,591 [Thread-1522] INFO  server.AbstractConnector (AbstractConnector.java:doStop(318)) - Stopped ServerConnector@61eb957d{HTTP/1.1,[http/1.1]}{0.0.0.0:0}
2019-10-02 23:13:44,592 [ForkJoinPool.commonPool-worker-1] INFO  server.AbstractConnector (AbstractConnector.java:doStop(318)) - Stopped ServerConnector@28ec8e87{HTTP/1.1,[http/1.1]}{0.0.0.0:0}
2019-10-02 23:13:44,594 [Thread-1522] INFO  handler.ContextHandler (ContextHandler.java:doStop(910)) - Stopped o.e.j.s.ServletContextHandler@48662faa{/static,jar:file:/home/user/.m2/repository/org/apache/hadoop/hadoop-hdds-container-service/0.5.0-SNAPSHOT/hadoop-hdds-container-service-0.5.0-SNAPSHOT.jar!/webapps/static,UNAVAILABLE}
2019-10-02 23:13:44,596 [ForkJoinPool.commonPool-worker-1] INFO  handler.ContextHandler (ContextHandler.java:doStop(910)) - Stopped o.e.j.s.ServletContextHandler@6a0632e1{/static,jar:file:/home/user/.m2/repository/org/apache/hadoop/hadoop-hdds-container-service/0.5.0-SNAPSHOT/hadoop-hdds-container-service-0.5.0-SNAPSHOT.jar!/webapps/static,UNAVAILABLE}
2019-10-02 23:13:44,597 [Thread-1522] INFO  handler.ContextHandler (ContextHandler.java:doStop(910)) - Stopped o.e.j.s.ServletContextHandler@949deef{/logs,file:///workdir/hadoop-ozone/ozonefs/target/log,UNAVAILABLE}
2019-10-02 23:13:44,598 [ForkJoinPool.commonPool-worker-1] INFO  handler.ContextHandler (ContextHandler.java:doStop(910)) - Stopped o.e.j.s.ServletContextHandler@3b2815c8{/logs,file:///workdir/hadoop-ozone/ozonefs/target/log,UNAVAILABLE}
2019-10-02 23:13:45,376 [Datanode State Machine Thread - 0] INFO  statemachine.DatanodeStateMachine (DatanodeStateMachine.java:lambda$startDaemon$0(350)) - Ozone container server started.
2019-10-02 23:13:46,266 [grpc-default-executor-2] WARN  server.GrpcLogAppender (LogUtils.java:warn(134)) - b344a52e-7f0f-40c4-856a-c53f50c33b91@group-7E20A4E1F684->8d2c2f7c-a831-41df-8b1e-77d0c4a223c5-AppendLogResponseHandler: Failed appendEntries: org.apache.ratis.thirdparty.io.grpc.StatusRuntimeException: UNAVAILABLE: io exception
2019-10-02 23:13:46,267 [grpc-default-executor-4] WARN  server.GrpcLogAppender (LogUtils.java:warn(134)) - b344a52e-7f0f-40c4-856a-c53f50c33b91@group-7E20A4E1F684->ed779cf0-ba52-4052-9ea2-23e91d6f7be8-AppendLogResponseHandler: Failed appendEntries: org.apache.ratis.thirdparty.io.grpc.StatusRuntimeException: UNAVAILABLE: io exception
2019-10-02 23:13:46,274 [grpc-default-executor-2] INFO  impl.FollowerInfo (FollowerInfo.java:lambda$new$0(51)) - b344a52e-7f0f-40c4-856a-c53f50c33b91@group-7E20A4E1F684->8d2c2f7c-a831-41df-8b1e-77d0c4a223c5: nextIndex: updateUnconditionally 0 -> 0
2019-10-02 23:13:46,276 [grpc-default-executor-4] INFO  impl.FollowerInfo (FollowerInfo.java:lambda$new$0(51)) - b344a52e-7f0f-40c4-856a-c53f50c33b91@group-7E20A4E1F684->ed779cf0-ba52-4052-9ea2-23e91d6f7be8: nextIndex: updateUnconditionally 0 -> 0
2019-10-02 23:13:48,767 [grpc-default-executor-4] WARN  server.GrpcLogAppender (LogUtils.java:warn(134)) - b344a52e-7f0f-40c4-856a-c53f50c33b91@group-7E20A4E1F684->8d2c2f7c-a831-41df-8b1e-77d0c4a223c5-AppendLogResponseHandler: Failed appendEntries: org.apache.ratis.thirdparty.io.grpc.StatusRuntimeException: UNAVAILABLE: io exception
2019-10-02 23:13:48,769 [grpc-default-executor-4] INFO  impl.FollowerInfo (FollowerInfo.java:lambda$new$0(51)) - b344a52e-7f0f-40c4-856a-c53f50c33b91@group-7E20A4E1F684->8d2c2f7c-a831-41df-8b1e-77d0c4a223c5: nextIndex: updateUnconditionally 0 -> 0
2019-10-02 23:13:48,770 [grpc-default-executor-0] WARN  server.GrpcLogAppender (LogUtils.java:warn(134)) - b344a52e-7f0f-40c4-856a-c53f50c33b91@group-7E20A4E1F684->ed779cf0-ba52-4052-9ea2-23e91d6f7be8-AppendLogResponseHandler: Failed appendEntries: org.apache.ratis.thirdparty.io.grpc.StatusRuntimeException: UNAVAILABLE: io exception
2019-10-02 23:13:48,771 [grpc-default-executor-0] INFO  impl.FollowerInfo (FollowerInfo.java:lambda$new$0(51)) - b344a52e-7f0f-40c4-856a-c53f50c33b91@group-7E20A4E1F684->ed779cf0-ba52-4052-9ea2-23e91d6f7be8: nextIndex: updateUnconditionally 0 -> 0
2019-10-02 23:13:49,599 [Thread-1522] INFO  ozoneimpl.OzoneContainer (OzoneContainer.java:stop(231)) - Attempting to stop container services.
2019-10-02 23:13:49,600 [Thread-1522] INFO  impl.RaftServerProxy (RaftServerProxy.java:lambda$close$4(314)) - b344a52e-7f0f-40c4-856a-c53f50c33b91: close
2019-10-02 23:13:49,601 [Thread-1522] INFO  impl.RaftServerImpl (RaftServerImpl.java:lambda$shutdown$3(247)) - b344a52e-7f0f-40c4-856a-c53f50c33b91@group-7E20A4E1F684: shutdown
2019-10-02 23:13:49,601 [Thread-1522] INFO  util.JmxRegister (JmxRegister.java:unregister(73)) - Successfully un-registered JMX Bean with object name Ratis:service=RaftServer,group=group-7E20A4E1F684,id=b344a52e-7f0f-40c4-856a-c53f50c33b91
2019-10-02 23:13:49,601 [Thread-1522] INFO  impl.RoleInfo (RoleInfo.java:shutdownLeaderState(104)) - b344a52e-7f0f-40c4-856a-c53f50c33b91: shutdown LeaderState
2019-10-02 23:13:49,604 [org.apache.ratis.server.impl.LogAppender$AppenderDaemon$$Lambda$464/544210430@112aeb65] WARN  server.GrpcLogAppender (GrpcLogAppender.java:mayWait(143)) - b344a52e-7f0f-40c4-856a-c53f50c33b91@group-7E20A4E1F684->8d2c2f7c-a831-41df-8b1e-77d0c4a223c5-GrpcLogAppender: Wait interrupted by java.lang.InterruptedException
2019-10-02 23:13:49,604 [org.apache.ratis.server.impl.LogAppender$AppenderDaemon$$Lambda$464/544210430@4f833a00] WARN  server.GrpcLogAppender (GrpcLogAppender.java:mayWait(143)) - b344a52e-7f0f-40c4-856a-c53f50c33b91@group-7E20A4E1F684->ed779cf0-ba52-4052-9ea2-23e91d6f7be8-GrpcLogAppender: Wait interrupted by java.lang.InterruptedException
2019-10-02 23:13:49,604 [Thread-1522] INFO  impl.PendingRequests (PendingRequests.java:sendNotLeaderResponses(202)) - b344a52e-7f0f-40c4-856a-c53f50c33b91@group-7E20A4E1F684-PendingRequests: sendNotLeaderResponses
2019-10-02 23:13:49,604 [Thread-1522] INFO  impl.StateMachineUpdater (StateMachineUpdater.java:stopAndJoin(136)) - b344a52e-7f0f-40c4-856a-c53f50c33b91@group-7E20A4E1F684-StateMachineUpdater: set stopIndex = 0
2019-10-02 23:13:49,605 [Thread-1522] INFO  impl.RaftServerImpl (ServerState.java:close(387)) - b344a52e-7f0f-40c4-856a-c53f50c33b91@group-7E20A4E1F684: closes. applyIndex: 0
2019-10-02 23:13:49,605 [b344a52e-7f0f-40c4-856a-c53f50c33b91@group-7E20A4E1F684-SegmentedRaftLogWorker] INFO  segmented.SegmentedRaftLogWorker (SegmentedRaftLogWorker.java:run(316)) - b344a52e-7f0f-40c4-856a-c53f50c33b91@group-7E20A4E1F684-SegmentedRaftLogWorker was interrupted, exiting. There are 0 tasks remaining in the queue.
2019-10-02 23:13:49,605 [Thread-1522] INFO  segmented.SegmentedRaftLogWorker (SegmentedRaftLogWorker.java:close(224)) - b344a52e-7f0f-40c4-856a-c53f50c33b91@group-7E20A4E1F684-SegmentedRaftLogWorker close()
2019-10-02 23:13:49,607 [Thread-1522] INFO  impl.RaftServerImpl (RaftServerImpl.java:lambda$shutdown$3(247)) - b344a52e-7f0f-40c4-856a-c53f50c33b91@group-BF1A14E821F8: shutdown
2019-10-02 23:13:49,607 [Thread-1522] INFO  util.JmxRegister (JmxRegister.java:unregister(73)) - Successfully un-registered JMX Bean with object name Ratis:service=RaftServer,group=group-BF1A14E821F8,id=b344a52e-7f0f-40c4-856a-c53f50c33b91
2019-10-02 23:13:49,607 [Thread-1522] INFO  impl.RoleInfo (RoleInfo.java:shutdownLeaderState(104)) - b344a52e-7f0f-40c4-856a-c53f50c33b91: shutdown LeaderState
2019-10-02 23:13:49,608 [Thread-1522] INFO  impl.PendingRequests (PendingRequests.java:sendNotLeaderResponses(202)) - b344a52e-7f0f-40c4-856a-c53f50c33b91@group-BF1A14E821F8-PendingRequests: sendNotLeaderResponses
2019-10-02 23:13:49,608 [Thread-1522] INFO  impl.StateMachineUpdater (StateMachineUpdater.java:stopAndJoin(136)) - b344a52e-7f0f-40c4-856a-c53f50c33b91@group-BF1A14E821F8-StateMachineUpdater: set stopIndex = 0
2019-10-02 23:13:49,609 [Thread-1522] INFO  impl.RaftServerImpl (ServerState.java:close(387)) - b344a52e-7f0f-40c4-856a-c53f50c33b91@group-BF1A14E821F8: closes. applyIndex: 0
2019-10-02 23:13:49,609 [b344a52e-7f0f-40c4-856a-c53f50c33b91@group-BF1A14E821F8-SegmentedRaftLogWorker] INFO  segmented.SegmentedRaftLogWorker (SegmentedRaftLogWorker.java:run(316)) - b344a52e-7f0f-40c4-856a-c53f50c33b91@group-BF1A14E821F8-SegmentedRaftLogWorker was interrupted, exiting. There are 0 tasks remaining in the queue.
2019-10-02 23:13:49,609 [Thread-1522] INFO  segmented.SegmentedRaftLogWorker (SegmentedRaftLogWorker.java:close(224)) - b344a52e-7f0f-40c4-856a-c53f50c33b91@group-BF1A14E821F8-SegmentedRaftLogWorker close()
2019-10-02 23:13:49,610 [Thread-1522] INFO  server.GrpcService (GrpcService.java:closeImpl(164)) - b344a52e-7f0f-40c4-856a-c53f50c33b91: shutdown server with port 42944 now
2019-10-02 23:13:49,611 [Thread-1522] INFO  server.GrpcService (GrpcService.java:closeImpl(172)) - b344a52e-7f0f-40c4-856a-c53f50c33b91: shutdown server with port 42944 successfully
2019-10-02 23:13:49,614 [refreshUsed-/workdir/hadoop-ozone/ozonefs/target/test-dir/MiniOzoneClusterImpl-1be30765-89d3-47dd-8aff-300c033769b0/datanode-2/data/containers] WARN  fs.CachingGetSpaceUsed (CachingGetSpaceUsed.java:run(183)) - Thread Interrupted waiting to refresh disk information: sleep interrupted
2019-10-02 23:13:49,643 [Thread-1522] INFO  utils.BackgroundService (BackgroundService.java:shutdown(148)) - Shutting down service BlockDeletingService
2019-10-02 23:13:49,647 [Thread-1522] INFO  statemachine.DatanodeStateMachine (DatanodeStateMachine.java:stopDaemon(395)) - Ozone container server stopped.
2019-10-02 23:13:49,649 [Thread-1522] INFO  handler.ContextHandler (ContextHandler.java:doStop(910)) - Stopped o.e.j.w.WebAppContext@1b182b89{/,null,UNAVAILABLE}{/hddsDatanode}
2019-10-02 23:13:49,650 [Thread-1522] INFO  server.AbstractConnector (AbstractConnector.java:doStop(318)) - Stopped ServerConnector@3d5008af{HTTP/1.1,[http/1.1]}{0.0.0.0:0}
2019-10-02 23:13:49,650 [Thread-1522] INFO  handler.ContextHandler (ContextHandler.java:doStop(910)) - Stopped o.e.j.s.ServletContextHandler@811a781{/static,jar:file:/home/user/.m2/repository/org/apache/hadoop/hadoop-hdds-container-service/0.5.0-SNAPSHOT/hadoop-hdds-container-service-0.5.0-SNAPSHOT.jar!/webapps/static,UNAVAILABLE}
2019-10-02 23:13:49,650 [Thread-1522] INFO  handler.ContextHandler (ContextHandler.java:doStop(910)) - Stopped o.e.j.s.ServletContextHandler@5647401b{/logs,file:///workdir/hadoop-ozone/ozonefs/target/log,UNAVAILABLE}
2019-10-02 23:13:49,652 [Thread-1522] INFO  ozone.MiniOzoneClusterImpl (MiniOzoneClusterImpl.java:stopSCM(392)) - Stopping the StorageContainerManager
2019-10-02 23:13:49,652 [Thread-1522] INFO  server.StorageContainerManager (StorageContainerManager.java:stop(808)) - Stopping Replication Manager Service.
2019-10-02 23:13:49,652 [Thread-1522] INFO  container.ReplicationManager (ReplicationManager.java:stop(203)) - Stopping Replication Monitor Thread.
2019-10-02 23:13:49,652 [Thread-1522] INFO  server.StorageContainerManager (StorageContainerManager.java:stop(815)) - Stopping Lease Manager of the command watchers
2019-10-02 23:13:49,652 [Thread-1522] INFO  server.StorageContainerManager (StorageContainerManager.java:stop(822)) - Stopping datanode service RPC server
2019-10-02 23:13:49,652 [Thread-1522] INFO  server.SCMDatanodeProtocolServer (SCMDatanodeProtocolServer.java:stop(367)) - Stopping the RPC server for DataNodes
2019-10-02 23:13:49,652 [Thread-1522] INFO  ipc.Server (Server.java:stop(3082)) - Stopping server on 44804
2019-10-02 23:13:49,655 [IPC Server listener on 44804] INFO  ipc.Server (Server.java:run(1185)) - Stopping IPC Server listener on 44804
2019-10-02 23:13:49,655 [IPC Server Responder] INFO  ipc.Server (Server.java:run(1319)) - Stopping IPC Server Responder
2019-10-02 23:13:49,746 [SCM Heartbeat Processing Thread - 0] WARN  node.NodeStateManager (NodeStateManager.java:scheduleNextHealthCheck(646)) - Current Thread is interrupted, shutting down HB processing thread for Node Manager.
2019-10-02 23:13:49,747 [Thread-1522] INFO  server.StorageContainerManager (StorageContainerManager.java:stop(830)) - Stopping block service RPC server
2019-10-02 23:13:49,747 [Thread-1522] INFO  server.SCMBlockProtocolServer (SCMBlockProtocolServer.java:stop(155)) - Stopping the RPC server for Block Protocol
2019-10-02 23:13:49,747 [Thread-1522] INFO  ipc.Server (Server.java:stop(3082)) - Stopping server on 40747
2019-10-02 23:13:49,749 [IPC Server listener on 40747] INFO  ipc.Server (Server.java:run(1185)) - Stopping IPC Server listener on 40747
2019-10-02 23:13:49,749 [IPC Server Responder] INFO  ipc.Server (Server.java:run(1319)) - Stopping IPC Server Responder
2019-10-02 23:13:49,749 [Thread-1522] INFO  server.StorageContainerManager (StorageContainerManager.java:stop(837)) - Stopping the StorageContainerLocationProtocol RPC server
2019-10-02 23:13:49,749 [Thread-1522] INFO  server.SCMClientProtocolServer (SCMClientProtocolServer.java:stop(158)) - Stopping the RPC server for Client Protocol
2019-10-02 23:13:49,750 [Thread-1522] INFO  ipc.Server (Server.java:stop(3082)) - Stopping server on 43732
2019-10-02 23:13:49,752 [IPC Server listener on 43732] INFO  ipc.Server (Server.java:run(1185)) - Stopping IPC Server listener on 43732
2019-10-02 23:13:49,752 [Thread-1522] INFO  server.StorageContainerManager (StorageContainerManager.java:stop(844)) - Stopping Storage Container Manager HTTP server.
2019-10-02 23:13:49,753 [IPC Server Responder] INFO  ipc.Server (Server.java:run(1319)) - Stopping IPC Server Responder
2019-10-02 23:13:49,754 [Thread-1522] INFO  handler.ContextHandler (ContextHandler.java:doStop(910)) - Stopped o.e.j.w.WebAppContext@2dc85a62{/,null,UNAVAILABLE}{/scm}
2019-10-02 23:13:49,755 [Thread-1522] INFO  server.AbstractConnector (AbstractConnector.java:doStop(318)) - Stopped ServerConnector@13e10ce8{HTTP/1.1,[http/1.1]}{0.0.0.0:0}
2019-10-02 23:13:49,755 [Thread-1522] INFO  handler.ContextHandler (ContextHandler.java:doStop(910)) - Stopped o.e.j.s.ServletContextHandler@2d646859{/static,jar:file:/home/user/.m2/repository/org/apache/hadoop/hadoop-hdds-server-scm/0.5.0-SNAPSHOT/hadoop-hdds-server-scm-0.5.0-SNAPSHOT.jar!/webapps/static,UNAVAILABLE}
2019-10-02 23:13:49,756 [Thread-1522] INFO  handler.ContextHandler (ContextHandler.java:doStop(910)) - Stopped o.e.j.s.ServletContextHandler@7e5124bd{/logs,file:///workdir/hadoop-ozone/ozonefs/target/log,UNAVAILABLE}
2019-10-02 23:13:49,756 [Thread-1522] INFO  server.StorageContainerManager (StorageContainerManager.java:stop(855)) - Stopping Block Manager Service.
2019-10-02 23:13:49,756 [Thread-1522] INFO  utils.BackgroundService (BackgroundService.java:shutdown(148)) - Shutting down service SCMBlockDeletingService
2019-10-02 23:13:49,757 [Thread-1522] INFO  utils.BackgroundService (BackgroundService.java:shutdown(148)) - Shutting down service SCMBlockDeletingService
2019-10-02 23:13:49,757 [Thread-1522] INFO  server.StorageContainerManager (StorageContainerManager.java:stop(877)) - Stopping SCM Event Queue.
2019-10-02 23:13:49,762 [Thread-1522] INFO  impl.MetricsSystemImpl (MetricsSystemImpl.java:stop(210)) - Stopping HddsDatanode metrics system...
2019-10-02 23:13:49,768 [Thread-1522] INFO  impl.MetricsSystemImpl (MetricsSystemImpl.java:stop(216)) - HddsDatanode metrics system stopped.
]]></system-out>
    <system-err><![CDATA[Oct 02, 2019 11:13:44 PM org.apache.ratis.thirdparty.io.grpc.internal.SerializingExecutor run
SEVERE: Exception while executing runnable org.apache.ratis.thirdparty.io.grpc.internal.ServerImpl$JumpToApplicationThreadServerStreamListener$1Closed@6ac0279c
org.apache.ratis.thirdparty.io.grpc.StatusRuntimeException: CANCELLED: call already cancelled
	at org.apache.ratis.thirdparty.io.grpc.Status.asRuntimeException(Status.java:517)
	at org.apache.ratis.thirdparty.io.grpc.stub.ServerCalls$ServerCallStreamObserverImpl.onCompleted(ServerCalls.java:356)
	at org.apache.ratis.grpc.server.GrpcServerProtocolService$ServerRequestStreamObserver.onError(GrpcServerProtocolService.java:121)
	at org.apache.ratis.thirdparty.io.grpc.stub.ServerCalls$StreamingServerCallHandler$StreamingServerCallListener.onCancel(ServerCalls.java:269)
	at org.apache.ratis.thirdparty.io.grpc.internal.ServerCallImpl$ServerStreamListenerImpl.closed(ServerCallImpl.java:293)
	at org.apache.ratis.thirdparty.io.grpc.internal.ServerImpl$JumpToApplicationThreadServerStreamListener$1Closed.runInContext(ServerImpl.java:741)
	at org.apache.ratis.thirdparty.io.grpc.internal.ContextRunnable.run(ContextRunnable.java:37)
	at org.apache.ratis.thirdparty.io.grpc.internal.SerializingExecutor.run(SerializingExecutor.java:123)
	at java.util.concurrent.ThreadPoolExecutor.runWorker(ThreadPoolExecutor.java:1149)
	at java.util.concurrent.ThreadPoolExecutor$Worker.run(ThreadPoolExecutor.java:624)
	at java.lang.Thread.run(Thread.java:748)

Oct 02, 2019 11:13:44 PM org.apache.ratis.thirdparty.io.grpc.internal.SerializingExecutor run
SEVERE: Exception while executing runnable org.apache.ratis.thirdparty.io.grpc.internal.ServerImpl$JumpToApplicationThreadServerStreamListener$1Closed@6ef0c26
org.apache.ratis.thirdparty.io.grpc.StatusRuntimeException: CANCELLED: call already cancelled
	at org.apache.ratis.thirdparty.io.grpc.Status.asRuntimeException(Status.java:517)
	at org.apache.ratis.thirdparty.io.grpc.stub.ServerCalls$ServerCallStreamObserverImpl.onCompleted(ServerCalls.java:356)
	at org.apache.ratis.grpc.server.GrpcServerProtocolService$ServerRequestStreamObserver.onError(GrpcServerProtocolService.java:121)
	at org.apache.ratis.thirdparty.io.grpc.stub.ServerCalls$StreamingServerCallHandler$StreamingServerCallListener.onCancel(ServerCalls.java:269)
	at org.apache.ratis.thirdparty.io.grpc.internal.ServerCallImpl$ServerStreamListenerImpl.closed(ServerCallImpl.java:293)
	at org.apache.ratis.thirdparty.io.grpc.internal.ServerImpl$JumpToApplicationThreadServerStreamListener$1Closed.runInContext(ServerImpl.java:741)
	at org.apache.ratis.thirdparty.io.grpc.internal.ContextRunnable.run(ContextRunnable.java:37)
	at org.apache.ratis.thirdparty.io.grpc.internal.SerializingExecutor.run(SerializingExecutor.java:123)
	at java.util.concurrent.ThreadPoolExecutor.runWorker(ThreadPoolExecutor.java:1149)
	at java.util.concurrent.ThreadPoolExecutor$Worker.run(ThreadPoolExecutor.java:624)
	at java.lang.Thread.run(Thread.java:748)

]]></system-err>
  </testcase>
</testsuite>