<?xml version="1.0" encoding="UTF-8"?>
<testsuite xmlns:xsi="http://www.w3.org/2001/XMLSchema-instance" xsi:noNamespaceSchemaLocation="https://maven.apache.org/surefire/maven-surefire-plugin/xsd/surefire-test-report.xsd" name="org.apache.hadoop.fs.ozone.TestOzoneFileInterfaces" time="231.976" tests="12" errors="6" skipped="0" failures="0">
  <properties>
    <property name="awt.toolkit" value="sun.awt.X11.XToolkit"/>
    <property name="file.encoding.pkg" value="sun.io"/>
    <property name="java.specification.version" value="1.8"/>
    <property name="sun.cpu.isalist" value=""/>
    <property name="sun.jnu.encoding" value="UTF-8"/>
    <property name="java.class.path" value="/workdir/hadoop-ozone/ozonefs/target/test-classes:/workdir/hadoop-ozone/ozonefs/target/classes:/home/user/.m2/repository/org/apache/hadoop/hadoop-common/3.2.0/hadoop-common-3.2.0.jar:/home/user/.m2/repository/org/apache/hadoop/hadoop-annotations/3.2.0/hadoop-annotations-3.2.0.jar:/usr/lib/jvm/java-1.8-openjdk/jre/../lib/tools.jar:/home/user/.m2/repository/com/google/guava/guava/11.0.2/guava-11.0.2.jar:/home/user/.m2/repository/commons-cli/commons-cli/1.2/commons-cli-1.2.jar:/home/user/.m2/repository/org/apache/commons/commons-math3/3.1.1/commons-math3-3.1.1.jar:/home/user/.m2/repository/commons-codec/commons-codec/1.11/commons-codec-1.11.jar:/home/user/.m2/repository/commons-io/commons-io/2.5/commons-io-2.5.jar:/home/user/.m2/repository/commons-net/commons-net/3.6/commons-net-3.6.jar:/home/user/.m2/repository/commons-collections/commons-collections/3.2.2/commons-collections-3.2.2.jar:/home/user/.m2/repository/javax/servlet/javax.servlet-api/3.1.0/javax.servlet-api-3.1.0.jar:/home/user/.m2/repository/org/eclipse/jetty/jetty-server/9.3.25.v20180904/jetty-server-9.3.25.v20180904.jar:/home/user/.m2/repository/org/eclipse/jetty/jetty-http/9.3.25.v20180904/jetty-http-9.3.25.v20180904.jar:/home/user/.m2/repository/org/eclipse/jetty/jetty-io/9.3.25.v20180904/jetty-io-9.3.25.v20180904.jar:/home/user/.m2/repository/org/eclipse/jetty/jetty-util/9.3.25.v20180904/jetty-util-9.3.25.v20180904.jar:/home/user/.m2/repository/org/eclipse/jetty/jetty-servlet/9.3.25.v20180904/jetty-servlet-9.3.25.v20180904.jar:/home/user/.m2/repository/org/eclipse/jetty/jetty-security/9.3.25.v20180904/jetty-security-9.3.25.v20180904.jar:/home/user/.m2/repository/org/eclipse/jetty/jetty-webapp/9.3.25.v20180904/jetty-webapp-9.3.25.v20180904.jar:/home/user/.m2/repository/org/eclipse/jetty/jetty-xml/9.3.25.v20180904/jetty-xml-9.3.25.v20180904.jar:/home/user/.m2/repository/javax/servlet/jsp/jsp-api/2.1/jsp-api-2.1.jar:/home/user/.m2/repository/com/sun/jersey/jersey-core/1.19/jersey-core-1.19.jar:/home/user/.m2/repository/javax/ws/rs/jsr311-api/1.1.1/jsr311-api-1.1.1.jar:/home/user/.m2/repository/com/sun/jersey/jersey-servlet/1.19/jersey-servlet-1.19.jar:/home/user/.m2/repository/com/sun/jersey/jersey-json/1.19/jersey-json-1.19.jar:/home/user/.m2/repository/org/codehaus/jettison/jettison/1.1/jettison-1.1.jar:/home/user/.m2/repository/com/sun/xml/bind/jaxb-impl/2.3.0.1/jaxb-impl-2.3.0.1.jar:/home/user/.m2/repository/org/codehaus/jackson/jackson-core-asl/1.9.13/jackson-core-asl-1.9.13.jar:/home/user/.m2/repository/org/codehaus/jackson/jackson-mapper-asl/1.9.13/jackson-mapper-asl-1.9.13.jar:/home/user/.m2/repository/org/codehaus/jackson/jackson-jaxrs/1.9.13/jackson-jaxrs-1.9.13.jar:/home/user/.m2/repository/org/codehaus/jackson/jackson-xc/1.9.13/jackson-xc-1.9.13.jar:/home/user/.m2/repository/com/sun/jersey/jersey-server/1.19/jersey-server-1.19.jar:/home/user/.m2/repository/commons-logging/commons-logging/1.1.3/commons-logging-1.1.3.jar:/home/user/.m2/repository/log4j/log4j/1.2.17/log4j-1.2.17.jar:/home/user/.m2/repository/commons-beanutils/commons-beanutils/1.9.4/commons-beanutils-1.9.4.jar:/home/user/.m2/repository/org/apache/commons/commons-configuration2/2.1.1/commons-configuration2-2.1.1.jar:/home/user/.m2/repository/org/apache/commons/commons-lang3/3.7/commons-lang3-3.7.jar:/home/user/.m2/repository/org/apache/commons/commons-text/1.4/commons-text-1.4.jar:/home/user/.m2/repository/org/slf4j/slf4j-api/1.7.25/slf4j-api-1.7.25.jar:/home/user/.m2/repository/org/slf4j/slf4j-log4j12/1.7.25/slf4j-log4j12-1.7.25.jar:/home/user/.m2/repository/org/apache/avro/avro/1.7.7/avro-1.7.7.jar:/home/user/.m2/repository/com/thoughtworks/paranamer/paranamer/2.3/paranamer-2.3.jar:/home/user/.m2/repository/org/xerial/snappy/snappy-java/1.0.5/snappy-java-1.0.5.jar:/home/user/.m2/repository/com/google/re2j/re2j/1.1/re2j-1.1.jar:/home/user/.m2/repository/com/google/protobuf/protobuf-java/2.5.0/protobuf-java-2.5.0.jar:/home/user/.m2/repository/com/google/code/gson/gson/2.2.4/gson-2.2.4.jar:/home/user/.m2/repository/org/apache/hadoop/hadoop-auth/3.2.0/hadoop-auth-3.2.0.jar:/home/user/.m2/repository/com/nimbusds/nimbus-jose-jwt/4.41.1/nimbus-jose-jwt-4.41.1.jar:/home/user/.m2/repository/com/github/stephenc/jcip/jcip-annotations/1.0-1/jcip-annotations-1.0-1.jar:/home/user/.m2/repository/net/minidev/json-smart/2.3/json-smart-2.3.jar:/home/user/.m2/repository/net/minidev/accessors-smart/1.2/accessors-smart-1.2.jar:/home/user/.m2/repository/org/apache/curator/curator-framework/2.12.0/curator-framework-2.12.0.jar:/home/user/.m2/repository/com/jcraft/jsch/0.1.54/jsch-0.1.54.jar:/home/user/.m2/repository/org/apache/curator/curator-client/2.12.0/curator-client-2.12.0.jar:/home/user/.m2/repository/org/apache/curator/curator-recipes/2.12.0/curator-recipes-2.12.0.jar:/home/user/.m2/repository/com/google/code/findbugs/jsr305/3.0.0/jsr305-3.0.0.jar:/home/user/.m2/repository/org/apache/htrace/htrace-core4/4.1.0-incubating/htrace-core4-4.1.0-incubating.jar:/home/user/.m2/repository/org/apache/zookeeper/zookeeper/3.4.13/zookeeper-3.4.13.jar:/home/user/.m2/repository/jline/jline/0.9.94/jline-0.9.94.jar:/home/user/.m2/repository/org/apache/yetus/audience-annotations/0.5.0/audience-annotations-0.5.0.jar:/home/user/.m2/repository/org/apache/commons/commons-compress/1.4.1/commons-compress-1.4.1.jar:/home/user/.m2/repository/org/tukaani/xz/1.0/xz-1.0.jar:/home/user/.m2/repository/org/apache/kerby/kerb-simplekdc/1.0.1/kerb-simplekdc-1.0.1.jar:/home/user/.m2/repository/org/apache/kerby/kerb-client/1.0.1/kerb-client-1.0.1.jar:/home/user/.m2/repository/org/apache/kerby/kerby-config/1.0.1/kerby-config-1.0.1.jar:/home/user/.m2/repository/org/apache/kerby/kerb-core/1.0.1/kerb-core-1.0.1.jar:/home/user/.m2/repository/org/apache/kerby/kerby-pkix/1.0.1/kerby-pkix-1.0.1.jar:/home/user/.m2/repository/org/apache/kerby/kerby-asn1/1.0.1/kerby-asn1-1.0.1.jar:/home/user/.m2/repository/org/apache/kerby/kerby-util/1.0.1/kerby-util-1.0.1.jar:/home/user/.m2/repository/org/apache/kerby/kerb-common/1.0.1/kerb-common-1.0.1.jar:/home/user/.m2/repository/org/apache/kerby/kerb-crypto/1.0.1/kerb-crypto-1.0.1.jar:/home/user/.m2/repository/org/apache/kerby/kerb-util/1.0.1/kerb-util-1.0.1.jar:/home/user/.m2/repository/org/apache/kerby/token-provider/1.0.1/token-provider-1.0.1.jar:/home/user/.m2/repository/org/apache/kerby/kerb-admin/1.0.1/kerb-admin-1.0.1.jar:/home/user/.m2/repository/org/apache/kerby/kerb-server/1.0.1/kerb-server-1.0.1.jar:/home/user/.m2/repository/org/apache/kerby/kerb-identity/1.0.1/kerb-identity-1.0.1.jar:/home/user/.m2/repository/org/apache/kerby/kerby-xdr/1.0.1/kerby-xdr-1.0.1.jar:/home/user/.m2/repository/com/fasterxml/jackson/core/jackson-databind/2.9.9/jackson-databind-2.9.9.jar:/home/user/.m2/repository/com/fasterxml/jackson/core/jackson-annotations/2.9.9/jackson-annotations-2.9.9.jar:/home/user/.m2/repository/com/fasterxml/jackson/core/jackson-core/2.9.9/jackson-core-2.9.9.jar:/home/user/.m2/repository/org/codehaus/woodstox/stax2-api/3.1.4/stax2-api-3.1.4.jar:/home/user/.m2/repository/com/fasterxml/woodstox/woodstox-core/5.0.3/woodstox-core-5.0.3.jar:/home/user/.m2/repository/dnsjava/dnsjava/2.1.7/dnsjava-2.1.7.jar:/home/user/.m2/repository/org/apache/hadoop/hadoop-hdfs/3.2.0/hadoop-hdfs-3.2.0.jar:/home/user/.m2/repository/org/eclipse/jetty/jetty-util-ajax/9.3.25.v20180904/jetty-util-ajax-9.3.25.v20180904.jar:/home/user/.m2/repository/commons-daemon/commons-daemon/1.0.13/commons-daemon-1.0.13.jar:/home/user/.m2/repository/io/netty/netty/3.10.5.Final/netty-3.10.5.Final.jar:/home/user/.m2/repository/io/netty/netty-all/4.0.52.Final/netty-all-4.0.52.Final.jar:/home/user/.m2/repository/org/fusesource/leveldbjni/leveldbjni-all/1.8/leveldbjni-all-1.8.jar:/home/user/.m2/repository/org/apache/hadoop/hadoop-hdds-common/0.5.0-SNAPSHOT/hadoop-hdds-common-0.5.0-SNAPSHOT.jar:/home/user/.m2/repository/org/apache/hadoop/hadoop-hdds-config/0.5.0-SNAPSHOT/hadoop-hdds-config-0.5.0-SNAPSHOT.jar:/home/user/.m2/repository/javax/annotation/javax.annotation-api/1.2/javax.annotation-api-1.2.jar:/home/user/.m2/repository/org/apache/ratis/ratis-server/0.5.0-201fc85-SNAPSHOT/ratis-server-0.5.0-201fc85-SNAPSHOT.jar:/home/user/.m2/repository/org/apache/ratis/ratis-thirdparty-misc/0.2.0/ratis-thirdparty-misc-0.2.0.jar:/home/user/.m2/repository/org/apache/ratis/ratis-proto/0.5.0-201fc85-SNAPSHOT/ratis-proto-0.5.0-201fc85-SNAPSHOT.jar:/home/user/.m2/repository/org/apache/ratis/ratis-common/0.5.0-201fc85-SNAPSHOT/ratis-common-0.5.0-201fc85-SNAPSHOT.jar:/home/user/.m2/repository/org/apache/ratis/ratis-client/0.5.0-201fc85-SNAPSHOT/ratis-client-0.5.0-201fc85-SNAPSHOT.jar:/home/user/.m2/repository/org/apache/ratis/ratis-metrics/0.5.0-201fc85-SNAPSHOT/ratis-metrics-0.5.0-201fc85-SNAPSHOT.jar:/home/user/.m2/repository/com/github/joshelser/dropwizard-metrics-hadoop-metrics2-reporter/0.1.2/dropwizard-metrics-hadoop-metrics2-reporter-0.1.2.jar:/home/user/.m2/repository/io/dropwizard/metrics/metrics-jvm/3.2.5/metrics-jvm-3.2.5.jar:/home/user/.m2/repository/io/dropwizard/metrics/metrics-ganglia/3.2.5/metrics-ganglia-3.2.5.jar:/home/user/.m2/repository/info/ganglia/gmetric4j/gmetric4j/1.0.7/gmetric4j-1.0.7.jar:/home/user/.m2/repository/org/apache/ratis/ratis-netty/0.5.0-201fc85-SNAPSHOT/ratis-netty-0.5.0-201fc85-SNAPSHOT.jar:/home/user/.m2/repository/org/apache/ratis/ratis-grpc/0.5.0-201fc85-SNAPSHOT/ratis-grpc-0.5.0-201fc85-SNAPSHOT.jar:/home/user/.m2/repository/org/rocksdb/rocksdbjni/6.0.1/rocksdbjni-6.0.1.jar:/home/user/.m2/repository/org/apache/logging/log4j/log4j-api/2.11.0/log4j-api-2.11.0.jar:/home/user/.m2/repository/org/apache/logging/log4j/log4j-core/2.11.0/log4j-core-2.11.0.jar:/home/user/.m2/repository/com/lmax/disruptor/3.4.2/disruptor-3.4.2.jar:/home/user/.m2/repository/org/apache/commons/commons-pool2/2.6.0/commons-pool2-2.6.0.jar:/home/user/.m2/repository/org/bouncycastle/bcpkix-jdk15on/1.60/bcpkix-jdk15on-1.60.jar:/home/user/.m2/repository/commons-validator/commons-validator/1.6/commons-validator-1.6.jar:/home/user/.m2/repository/commons-digester/commons-digester/1.8.1/commons-digester-1.8.1.jar:/home/user/.m2/repository/io/jaegertracing/jaeger-client/0.34.0/jaeger-client-0.34.0.jar:/home/user/.m2/repository/io/jaegertracing/jaeger-thrift/0.34.0/jaeger-thrift-0.34.0.jar:/home/user/.m2/repository/org/apache/thrift/libthrift/0.12.0/libthrift-0.12.0.jar:/home/user/.m2/repository/com/squareup/okhttp3/okhttp/3.9.0/okhttp-3.9.0.jar:/home/user/.m2/repository/com/squareup/okio/okio/1.13.0/okio-1.13.0.jar:/home/user/.m2/repository/io/jaegertracing/jaeger-core/0.34.0/jaeger-core-0.34.0.jar:/home/user/.m2/repository/io/jaegertracing/jaeger-tracerresolver/0.34.0/jaeger-tracerresolver-0.34.0.jar:/home/user/.m2/repository/io/opentracing/contrib/opentracing-tracerresolver/0.1.5/opentracing-tracerresolver-0.1.5.jar:/home/user/.m2/repository/io/opentracing/opentracing-util/0.31.0/opentracing-util-0.31.0.jar:/home/user/.m2/repository/io/opentracing/opentracing-api/0.31.0/opentracing-api-0.31.0.jar:/home/user/.m2/repository/io/opentracing/opentracing-noop/0.31.0/opentracing-noop-0.31.0.jar:/home/user/.m2/repository/org/yaml/snakeyaml/1.16/snakeyaml-1.16.jar:/home/user/.m2/repository/org/apache/hadoop/hadoop-hdfs-client/3.2.0/hadoop-hdfs-client-3.2.0.jar:/home/user/.m2/repository/info/picocli/picocli/3.9.6/picocli-3.9.6.jar:/home/user/.m2/repository/org/apache/hadoop/hadoop-hdds-server-scm/0.5.0-SNAPSHOT/hadoop-hdds-server-scm-0.5.0-SNAPSHOT.jar:/home/user/.m2/repository/org/apache/hadoop/hadoop-hdds-docs/0.5.0-SNAPSHOT/hadoop-hdds-docs-0.5.0-SNAPSHOT.jar:/home/user/.m2/repository/io/dropwizard/metrics/metrics-core/3.2.4/metrics-core-3.2.4.jar:/home/user/.m2/repository/org/hamcrest/hamcrest-all/1.3/hamcrest-all-1.3.jar:/home/user/.m2/repository/org/bouncycastle/bcprov-jdk15on/1.60/bcprov-jdk15on-1.60.jar:/home/user/.m2/repository/org/apache/hadoop/hadoop-hdds-server-framework/0.5.0-SNAPSHOT/hadoop-hdds-server-framework-0.5.0-SNAPSHOT.jar:/home/user/.m2/repository/org/apache/hadoop/hadoop-ozone-ozone-manager/0.5.0-SNAPSHOT/hadoop-ozone-ozone-manager-0.5.0-SNAPSHOT.jar:/home/user/.m2/repository/org/apache/hadoop/hadoop-hdds-container-service/0.5.0-SNAPSHOT/hadoop-hdds-container-service-0.5.0-SNAPSHOT.jar:/home/user/.m2/repository/org/apache/hadoop/hadoop-hdds-client/0.5.0-SNAPSHOT/hadoop-hdds-client-0.5.0-SNAPSHOT.jar:/home/user/.m2/repository/org/apache/hadoop/hadoop-ozone-common/0.5.0-SNAPSHOT/hadoop-ozone-common-0.5.0-SNAPSHOT.jar:/home/user/.m2/repository/org/apache/hadoop/hadoop-hdds-tools/0.5.0-SNAPSHOT/hadoop-hdds-tools-0.5.0-SNAPSHOT.jar:/home/user/.m2/repository/org/xerial/sqlite-jdbc/3.25.2/sqlite-jdbc-3.25.2.jar:/home/user/.m2/repository/org/apache/httpcomponents/httpclient/4.5.2/httpclient-4.5.2.jar:/home/user/.m2/repository/org/apache/httpcomponents/httpcore/4.4.4/httpcore-4.4.4.jar:/home/user/.m2/repository/com/github/spotbugs/spotbugs/3.1.12/spotbugs-3.1.12.jar:/home/user/.m2/repository/org/ow2/asm/asm/5.0.4/asm-5.0.4.jar:/home/user/.m2/repository/org/ow2/asm/asm-analysis/7.0/asm-analysis-7.0.jar:/home/user/.m2/repository/org/ow2/asm/asm-commons/7.0/asm-commons-7.0.jar:/home/user/.m2/repository/org/ow2/asm/asm-tree/7.0/asm-tree-7.0.jar:/home/user/.m2/repository/org/ow2/asm/asm-util/7.0/asm-util-7.0.jar:/home/user/.m2/repository/org/apache/bcel/bcel/6.3/bcel-6.3.jar:/home/user/.m2/repository/net/jcip/jcip-annotations/1.0/jcip-annotations-1.0.jar:/home/user/.m2/repository/org/dom4j/dom4j/2.1.1/dom4j-2.1.1.jar:/home/user/.m2/repository/jaxen/jaxen/1.1.6/jaxen-1.1.6.jar:/home/user/.m2/repository/commons-lang/commons-lang/2.6/commons-lang-2.6.jar:/home/user/.m2/repository/com/github/spotbugs/spotbugs-annotations/3.1.12/spotbugs-annotations-3.1.12.jar:/home/user/.m2/repository/org/apache/hadoop/hadoop-common/3.2.0/hadoop-common-3.2.0-tests.jar:/home/user/.m2/repository/org/apache/hadoop/hadoop-ozone-client/0.5.0-SNAPSHOT/hadoop-ozone-client-0.5.0-SNAPSHOT.jar:/home/user/.m2/repository/org/apache/hadoop/hadoop-hdfs/3.2.0/hadoop-hdfs-3.2.0-tests.jar:/workdir/hadoop-ozone/integration-test/target/test-classes:/home/user/.m2/repository/org/apache/hadoop/hadoop-ozone-s3gateway/0.5.0-SNAPSHOT/hadoop-ozone-s3gateway-0.5.0-SNAPSHOT.jar:/home/user/.m2/repository/org/jboss/weld/servlet/weld-servlet/2.4.7.Final/weld-servlet-2.4.7.Final.jar:/home/user/.m2/repository/org/glassfish/jersey/containers/jersey-container-servlet-core/2.27/jersey-container-servlet-core-2.27.jar:/home/user/.m2/repository/org/glassfish/hk2/external/javax.inject/2.5.0-b42/javax.inject-2.5.0-b42.jar:/home/user/.m2/repository/org/glassfish/jersey/core/jersey-common/2.27/jersey-common-2.27.jar:/home/user/.m2/repository/org/glassfish/hk2/osgi-resource-locator/1.0.1/osgi-resource-locator-1.0.1.jar:/home/user/.m2/repository/javax/ws/rs/javax.ws.rs-api/2.1/javax.ws.rs-api-2.1.jar:/home/user/.m2/repository/org/glassfish/jersey/ext/cdi/jersey-cdi1x/2.27/jersey-cdi1x-2.27.jar:/home/user/.m2/repository/org/glassfish/jersey/inject/jersey-hk2/2.27/jersey-hk2-2.27.jar:/home/user/.m2/repository/org/glassfish/hk2/hk2-locator/2.5.0-b42/hk2-locator-2.5.0-b42.jar:/home/user/.m2/repository/org/javassist/javassist/3.22.0-CR2/javassist-3.22.0-CR2.jar:/home/user/.m2/repository/org/glassfish/hk2/hk2-api/2.5.0/hk2-api-2.5.0.jar:/home/user/.m2/repository/org/glassfish/hk2/external/jakarta.inject/2.5.0/jakarta.inject-2.5.0.jar:/home/user/.m2/repository/org/glassfish/hk2/hk2-utils/2.5.0/hk2-utils-2.5.0.jar:/home/user/.m2/repository/jakarta/annotation/jakarta.annotation-api/1.3.4/jakarta.annotation-api-1.3.4.jar:/home/user/.m2/repository/org/glassfish/hk2/external/aopalliance-repackaged/2.5.0/aopalliance-repackaged-2.5.0.jar:/home/user/.m2/repository/com/fasterxml/jackson/dataformat/jackson-dataformat-xml/2.9.0/jackson-dataformat-xml-2.9.0.jar:/home/user/.m2/repository/com/fasterxml/jackson/module/jackson-module-jaxb-annotations/2.9.9/jackson-module-jaxb-annotations-2.9.9.jar:/home/user/.m2/repository/javax/enterprise/cdi-api/1.2/cdi-api-1.2.jar:/home/user/.m2/repository/javax/el/javax.el-api/3.0.0/javax.el-api-3.0.0.jar:/home/user/.m2/repository/javax/interceptor/javax.interceptor-api/1.2/javax.interceptor-api-1.2.jar:/home/user/.m2/repository/javax/inject/javax.inject/1/javax.inject-1.jar:/home/user/.m2/repository/com/sun/xml/bind/jaxb-core/2.3.0.1/jaxb-core-2.3.0.1.jar:/home/user/.m2/repository/javax/xml/bind/jaxb-api/2.3.0/jaxb-api-2.3.0.jar:/home/user/.m2/repository/javax/activation/activation/1.1.1/activation-1.1.1.jar:/home/user/.m2/repository/org/apache/hadoop/hadoop-ozone-csi/0.5.0-SNAPSHOT/hadoop-ozone-csi-0.5.0-SNAPSHOT.jar:/home/user/.m2/repository/com/google/protobuf/protobuf-java-util/3.5.1/protobuf-java-util-3.5.1.jar:/home/user/.m2/repository/io/grpc/grpc-netty/1.17.1/grpc-netty-1.17.1.jar:/home/user/.m2/repository/io/grpc/grpc-core/1.17.1/grpc-core-1.17.1.jar:/home/user/.m2/repository/io/grpc/grpc-context/1.17.1/grpc-context-1.17.1.jar:/home/user/.m2/repository/com/google/errorprone/error_prone_annotations/2.2.0/error_prone_annotations-2.2.0.jar:/home/user/.m2/repository/org/codehaus/mojo/animal-sniffer-annotations/1.17/animal-sniffer-annotations-1.17.jar:/home/user/.m2/repository/io/opencensus/opencensus-api/0.17.0/opencensus-api-0.17.0.jar:/home/user/.m2/repository/io/opencensus/opencensus-contrib-grpc-metrics/0.17.0/opencensus-contrib-grpc-metrics-0.17.0.jar:/home/user/.m2/repository/io/netty/netty-codec-http2/4.1.30.Final/netty-codec-http2-4.1.30.Final.jar:/home/user/.m2/repository/io/netty/netty-codec-http/4.1.30.Final/netty-codec-http-4.1.30.Final.jar:/home/user/.m2/repository/io/netty/netty-codec/4.1.30.Final/netty-codec-4.1.30.Final.jar:/home/user/.m2/repository/io/netty/netty-handler/4.1.30.Final/netty-handler-4.1.30.Final.jar:/home/user/.m2/repository/io/netty/netty-handler-proxy/4.1.30.Final/netty-handler-proxy-4.1.30.Final.jar:/home/user/.m2/repository/io/netty/netty-codec-socks/4.1.30.Final/netty-codec-socks-4.1.30.Final.jar:/home/user/.m2/repository/io/netty/netty-transport-native-epoll/4.1.30.Final/netty-transport-native-epoll-4.1.30.Final.jar:/home/user/.m2/repository/io/netty/netty-common/4.1.30.Final/netty-common-4.1.30.Final.jar:/home/user/.m2/repository/io/netty/netty-buffer/4.1.30.Final/netty-buffer-4.1.30.Final.jar:/home/user/.m2/repository/io/netty/netty-transport/4.1.30.Final/netty-transport-4.1.30.Final.jar:/home/user/.m2/repository/io/netty/netty-resolver/4.1.30.Final/netty-resolver-4.1.30.Final.jar:/home/user/.m2/repository/io/netty/netty-transport-native-unix-common/4.1.30.Final/netty-transport-native-unix-common-4.1.30.Final.jar:/home/user/.m2/repository/io/grpc/grpc-protobuf/1.17.1/grpc-protobuf-1.17.1.jar:/home/user/.m2/repository/com/google/api/grpc/proto-google-common-protos/1.0.0/proto-google-common-protos-1.0.0.jar:/home/user/.m2/repository/io/grpc/grpc-protobuf-lite/1.17.1/grpc-protobuf-lite-1.17.1.jar:/home/user/.m2/repository/io/grpc/grpc-stub/1.17.1/grpc-stub-1.17.1.jar:/home/user/.m2/repository/org/apache/hadoop/hadoop-ozone-recon/0.5.0-SNAPSHOT/hadoop-ozone-recon-0.5.0-SNAPSHOT.jar:/home/user/.m2/repository/org/apache/hadoop/hadoop-ozone-reconcodegen/0.5.0-SNAPSHOT/hadoop-ozone-reconcodegen-0.5.0-SNAPSHOT.jar:/home/user/.m2/repository/com/google/inject/extensions/guice-multibindings/4.0/guice-multibindings-4.0.jar:/home/user/.m2/repository/com/google/inject/guice/4.0/guice-4.0.jar:/home/user/.m2/repository/aopalliance/aopalliance/1.0/aopalliance-1.0.jar:/home/user/.m2/repository/org/glassfish/jersey/containers/jersey-container-servlet/2.27/jersey-container-servlet-2.27.jar:/home/user/.m2/repository/org/glassfish/hk2/guice-bridge/2.5.0/guice-bridge-2.5.0.jar:/home/user/.m2/repository/org/glassfish/jersey/core/jersey-server/2.27/jersey-server-2.27.jar:/home/user/.m2/repository/org/glassfish/jersey/core/jersey-client/2.27/jersey-client-2.27.jar:/home/user/.m2/repository/org/glassfish/jersey/media/jersey-media-jaxb/2.27/jersey-media-jaxb-2.27.jar:/home/user/.m2/repository/javax/validation/validation-api/1.1.0.Final/validation-api-1.1.0.Final.jar:/home/user/.m2/repository/org/glassfish/jersey/media/jersey-media-json-jackson/2.27/jersey-media-json-jackson-2.27.jar:/home/user/.m2/repository/org/glassfish/jersey/ext/jersey-entity-filtering/2.27/jersey-entity-filtering-2.27.jar:/home/user/.m2/repository/com/google/inject/extensions/guice-assistedinject/4.0/guice-assistedinject-4.0.jar:/home/user/.m2/repository/org/jooq/jooq/3.11.10/jooq-3.11.10.jar:/home/user/.m2/repository/org/jooq/jooq-meta/3.11.10/jooq-meta-3.11.10.jar:/home/user/.m2/repository/org/jooq/jooq-codegen/3.11.10/jooq-codegen-3.11.10.jar:/home/user/.m2/repository/com/jolbox/bonecp/0.8.0.RELEASE/bonecp-0.8.0.RELEASE.jar:/home/user/.m2/repository/org/springframework/spring-jdbc/5.1.3.RELEASE/spring-jdbc-5.1.3.RELEASE.jar:/home/user/.m2/repository/org/springframework/spring-beans/5.1.3.RELEASE/spring-beans-5.1.3.RELEASE.jar:/home/user/.m2/repository/org/springframework/spring-core/5.1.3.RELEASE/spring-core-5.1.3.RELEASE.jar:/home/user/.m2/repository/org/springframework/spring-jcl/5.1.3.RELEASE/spring-jcl-5.1.3.RELEASE.jar:/home/user/.m2/repository/org/springframework/spring-tx/5.1.3.RELEASE/spring-tx-5.1.3.RELEASE.jar:/home/user/.m2/repository/org/mockito/mockito-all/1.10.19/mockito-all-1.10.19.jar:/home/user/.m2/repository/junit/junit/4.11/junit-4.11.jar:/home/user/.m2/repository/org/hamcrest/hamcrest-core/1.3/hamcrest-core-1.3.jar:/home/user/.m2/repository/org/apache/hadoop/hadoop-distcp/3.2.0/hadoop-distcp-3.2.0.jar:/home/user/.m2/repository/org/apache/hadoop/hadoop-distcp/3.2.0/hadoop-distcp-3.2.0-tests.jar:/home/user/.m2/repository/org/apache/hadoop/hadoop-mapreduce-client-jobclient/3.2.0/hadoop-mapreduce-client-jobclient-3.2.0.jar:/home/user/.m2/repository/org/apache/hadoop/hadoop-mapreduce-client-common/3.2.0/hadoop-mapreduce-client-common-3.2.0.jar:/home/user/.m2/repository/org/apache/hadoop/hadoop-yarn-common/3.2.0/hadoop-yarn-common-3.2.0.jar:/home/user/.m2/repository/org/apache/hadoop/hadoop-yarn-api/3.2.0/hadoop-yarn-api-3.2.0.jar:/home/user/.m2/repository/com/sun/jersey/jersey-client/1.19/jersey-client-1.19.jar:/home/user/.m2/repository/com/sun/jersey/contribs/jersey-guice/1.19/jersey-guice-1.19.jar:/home/user/.m2/repository/com/fasterxml/jackson/jaxrs/jackson-jaxrs-json-provider/2.9.9/jackson-jaxrs-json-provider-2.9.9.jar:/home/user/.m2/repository/com/fasterxml/jackson/jaxrs/jackson-jaxrs-base/2.9.9/jackson-jaxrs-base-2.9.9.jar:/home/user/.m2/repository/org/apache/hadoop/hadoop-yarn-client/3.2.0/hadoop-yarn-client-3.2.0.jar:/home/user/.m2/repository/org/apache/hadoop/hadoop-mapreduce-client-core/3.2.0/hadoop-mapreduce-client-core-3.2.0.jar:/home/user/.m2/repository/com/google/inject/extensions/guice-servlet/4.0/guice-servlet-4.0.jar:/home/user/.m2/repository/org/powermock/powermock-module-junit4/1.6.5/powermock-module-junit4-1.6.5.jar:/home/user/.m2/repository/org/powermock/powermock-module-junit4-common/1.6.5/powermock-module-junit4-common-1.6.5.jar:/home/user/.m2/repository/org/powermock/powermock-core/1.6.5/powermock-core-1.6.5.jar:/home/user/.m2/repository/org/powermock/powermock-reflect/1.6.5/powermock-reflect-1.6.5.jar:/home/user/.m2/repository/org/powermock/powermock-api-mockito/1.6.5/powermock-api-mockito-1.6.5.jar:/home/user/.m2/repository/org/mockito/mockito-core/1.10.19/mockito-core-1.10.19.jar:/home/user/.m2/repository/org/objenesis/objenesis/1.0/objenesis-1.0.jar:/home/user/.m2/repository/org/powermock/powermock-api-mockito-common/1.6.5/powermock-api-mockito-common-1.6.5.jar:/home/user/.m2/repository/org/powermock/powermock-api-support/1.6.5/powermock-api-support-1.6.5.jar:"/>
    <property name="java.vm.vendor" value="IcedTea"/>
    <property name="sun.arch.data.model" value="64"/>
    <property name="test.build.dir" value="/workdir/hadoop-ozone/ozonefs/target/test-dir"/>
    <property name="test.cache.data" value=""/>
    <property name="java.vendor.url" value="https://icedtea.classpath.org"/>
    <property name="user.timezone" value=""/>
    <property name="java.vm.specification.version" value="1.8"/>
    <property name="os.name" value="Linux"/>
    <property name="test.build.data" value="/workdir/hadoop-ozone/ozonefs/target/test-dir"/>
    <property name="user.country" value="US"/>
    <property name="sun.java.launcher" value="SUN_STANDARD"/>
    <property name="sun.boot.library.path" value="/usr/lib/jvm/java-1.8-openjdk/jre/lib/amd64"/>
    <property name="sun.java.command" value="/workdir/hadoop-ozone/ozonefs/target/surefire/surefirebooter374768490510842509.jar /workdir/hadoop-ozone/ozonefs/target/surefire 2019-10-02T21-38-28_196-jvmRun1 surefire6456519126002922625tmp surefire_946083395511518108816tmp"/>
    <property name="test" value="!TestMiniChaosOzoneCluster"/>
    <property name="surefire.test.class.path" value="/workdir/hadoop-ozone/ozonefs/target/test-classes:/workdir/hadoop-ozone/ozonefs/target/classes:/home/user/.m2/repository/org/apache/hadoop/hadoop-common/3.2.0/hadoop-common-3.2.0.jar:/home/user/.m2/repository/org/apache/hadoop/hadoop-annotations/3.2.0/hadoop-annotations-3.2.0.jar:/usr/lib/jvm/java-1.8-openjdk/jre/../lib/tools.jar:/home/user/.m2/repository/com/google/guava/guava/11.0.2/guava-11.0.2.jar:/home/user/.m2/repository/commons-cli/commons-cli/1.2/commons-cli-1.2.jar:/home/user/.m2/repository/org/apache/commons/commons-math3/3.1.1/commons-math3-3.1.1.jar:/home/user/.m2/repository/commons-codec/commons-codec/1.11/commons-codec-1.11.jar:/home/user/.m2/repository/commons-io/commons-io/2.5/commons-io-2.5.jar:/home/user/.m2/repository/commons-net/commons-net/3.6/commons-net-3.6.jar:/home/user/.m2/repository/commons-collections/commons-collections/3.2.2/commons-collections-3.2.2.jar:/home/user/.m2/repository/javax/servlet/javax.servlet-api/3.1.0/javax.servlet-api-3.1.0.jar:/home/user/.m2/repository/org/eclipse/jetty/jetty-server/9.3.25.v20180904/jetty-server-9.3.25.v20180904.jar:/home/user/.m2/repository/org/eclipse/jetty/jetty-http/9.3.25.v20180904/jetty-http-9.3.25.v20180904.jar:/home/user/.m2/repository/org/eclipse/jetty/jetty-io/9.3.25.v20180904/jetty-io-9.3.25.v20180904.jar:/home/user/.m2/repository/org/eclipse/jetty/jetty-util/9.3.25.v20180904/jetty-util-9.3.25.v20180904.jar:/home/user/.m2/repository/org/eclipse/jetty/jetty-servlet/9.3.25.v20180904/jetty-servlet-9.3.25.v20180904.jar:/home/user/.m2/repository/org/eclipse/jetty/jetty-security/9.3.25.v20180904/jetty-security-9.3.25.v20180904.jar:/home/user/.m2/repository/org/eclipse/jetty/jetty-webapp/9.3.25.v20180904/jetty-webapp-9.3.25.v20180904.jar:/home/user/.m2/repository/org/eclipse/jetty/jetty-xml/9.3.25.v20180904/jetty-xml-9.3.25.v20180904.jar:/home/user/.m2/repository/javax/servlet/jsp/jsp-api/2.1/jsp-api-2.1.jar:/home/user/.m2/repository/com/sun/jersey/jersey-core/1.19/jersey-core-1.19.jar:/home/user/.m2/repository/javax/ws/rs/jsr311-api/1.1.1/jsr311-api-1.1.1.jar:/home/user/.m2/repository/com/sun/jersey/jersey-servlet/1.19/jersey-servlet-1.19.jar:/home/user/.m2/repository/com/sun/jersey/jersey-json/1.19/jersey-json-1.19.jar:/home/user/.m2/repository/org/codehaus/jettison/jettison/1.1/jettison-1.1.jar:/home/user/.m2/repository/com/sun/xml/bind/jaxb-impl/2.3.0.1/jaxb-impl-2.3.0.1.jar:/home/user/.m2/repository/org/codehaus/jackson/jackson-core-asl/1.9.13/jackson-core-asl-1.9.13.jar:/home/user/.m2/repository/org/codehaus/jackson/jackson-mapper-asl/1.9.13/jackson-mapper-asl-1.9.13.jar:/home/user/.m2/repository/org/codehaus/jackson/jackson-jaxrs/1.9.13/jackson-jaxrs-1.9.13.jar:/home/user/.m2/repository/org/codehaus/jackson/jackson-xc/1.9.13/jackson-xc-1.9.13.jar:/home/user/.m2/repository/com/sun/jersey/jersey-server/1.19/jersey-server-1.19.jar:/home/user/.m2/repository/commons-logging/commons-logging/1.1.3/commons-logging-1.1.3.jar:/home/user/.m2/repository/log4j/log4j/1.2.17/log4j-1.2.17.jar:/home/user/.m2/repository/commons-beanutils/commons-beanutils/1.9.4/commons-beanutils-1.9.4.jar:/home/user/.m2/repository/org/apache/commons/commons-configuration2/2.1.1/commons-configuration2-2.1.1.jar:/home/user/.m2/repository/org/apache/commons/commons-lang3/3.7/commons-lang3-3.7.jar:/home/user/.m2/repository/org/apache/commons/commons-text/1.4/commons-text-1.4.jar:/home/user/.m2/repository/org/slf4j/slf4j-api/1.7.25/slf4j-api-1.7.25.jar:/home/user/.m2/repository/org/slf4j/slf4j-log4j12/1.7.25/slf4j-log4j12-1.7.25.jar:/home/user/.m2/repository/org/apache/avro/avro/1.7.7/avro-1.7.7.jar:/home/user/.m2/repository/com/thoughtworks/paranamer/paranamer/2.3/paranamer-2.3.jar:/home/user/.m2/repository/org/xerial/snappy/snappy-java/1.0.5/snappy-java-1.0.5.jar:/home/user/.m2/repository/com/google/re2j/re2j/1.1/re2j-1.1.jar:/home/user/.m2/repository/com/google/protobuf/protobuf-java/2.5.0/protobuf-java-2.5.0.jar:/home/user/.m2/repository/com/google/code/gson/gson/2.2.4/gson-2.2.4.jar:/home/user/.m2/repository/org/apache/hadoop/hadoop-auth/3.2.0/hadoop-auth-3.2.0.jar:/home/user/.m2/repository/com/nimbusds/nimbus-jose-jwt/4.41.1/nimbus-jose-jwt-4.41.1.jar:/home/user/.m2/repository/com/github/stephenc/jcip/jcip-annotations/1.0-1/jcip-annotations-1.0-1.jar:/home/user/.m2/repository/net/minidev/json-smart/2.3/json-smart-2.3.jar:/home/user/.m2/repository/net/minidev/accessors-smart/1.2/accessors-smart-1.2.jar:/home/user/.m2/repository/org/apache/curator/curator-framework/2.12.0/curator-framework-2.12.0.jar:/home/user/.m2/repository/com/jcraft/jsch/0.1.54/jsch-0.1.54.jar:/home/user/.m2/repository/org/apache/curator/curator-client/2.12.0/curator-client-2.12.0.jar:/home/user/.m2/repository/org/apache/curator/curator-recipes/2.12.0/curator-recipes-2.12.0.jar:/home/user/.m2/repository/com/google/code/findbugs/jsr305/3.0.0/jsr305-3.0.0.jar:/home/user/.m2/repository/org/apache/htrace/htrace-core4/4.1.0-incubating/htrace-core4-4.1.0-incubating.jar:/home/user/.m2/repository/org/apache/zookeeper/zookeeper/3.4.13/zookeeper-3.4.13.jar:/home/user/.m2/repository/jline/jline/0.9.94/jline-0.9.94.jar:/home/user/.m2/repository/org/apache/yetus/audience-annotations/0.5.0/audience-annotations-0.5.0.jar:/home/user/.m2/repository/org/apache/commons/commons-compress/1.4.1/commons-compress-1.4.1.jar:/home/user/.m2/repository/org/tukaani/xz/1.0/xz-1.0.jar:/home/user/.m2/repository/org/apache/kerby/kerb-simplekdc/1.0.1/kerb-simplekdc-1.0.1.jar:/home/user/.m2/repository/org/apache/kerby/kerb-client/1.0.1/kerb-client-1.0.1.jar:/home/user/.m2/repository/org/apache/kerby/kerby-config/1.0.1/kerby-config-1.0.1.jar:/home/user/.m2/repository/org/apache/kerby/kerb-core/1.0.1/kerb-core-1.0.1.jar:/home/user/.m2/repository/org/apache/kerby/kerby-pkix/1.0.1/kerby-pkix-1.0.1.jar:/home/user/.m2/repository/org/apache/kerby/kerby-asn1/1.0.1/kerby-asn1-1.0.1.jar:/home/user/.m2/repository/org/apache/kerby/kerby-util/1.0.1/kerby-util-1.0.1.jar:/home/user/.m2/repository/org/apache/kerby/kerb-common/1.0.1/kerb-common-1.0.1.jar:/home/user/.m2/repository/org/apache/kerby/kerb-crypto/1.0.1/kerb-crypto-1.0.1.jar:/home/user/.m2/repository/org/apache/kerby/kerb-util/1.0.1/kerb-util-1.0.1.jar:/home/user/.m2/repository/org/apache/kerby/token-provider/1.0.1/token-provider-1.0.1.jar:/home/user/.m2/repository/org/apache/kerby/kerb-admin/1.0.1/kerb-admin-1.0.1.jar:/home/user/.m2/repository/org/apache/kerby/kerb-server/1.0.1/kerb-server-1.0.1.jar:/home/user/.m2/repository/org/apache/kerby/kerb-identity/1.0.1/kerb-identity-1.0.1.jar:/home/user/.m2/repository/org/apache/kerby/kerby-xdr/1.0.1/kerby-xdr-1.0.1.jar:/home/user/.m2/repository/com/fasterxml/jackson/core/jackson-databind/2.9.9/jackson-databind-2.9.9.jar:/home/user/.m2/repository/com/fasterxml/jackson/core/jackson-annotations/2.9.9/jackson-annotations-2.9.9.jar:/home/user/.m2/repository/com/fasterxml/jackson/core/jackson-core/2.9.9/jackson-core-2.9.9.jar:/home/user/.m2/repository/org/codehaus/woodstox/stax2-api/3.1.4/stax2-api-3.1.4.jar:/home/user/.m2/repository/com/fasterxml/woodstox/woodstox-core/5.0.3/woodstox-core-5.0.3.jar:/home/user/.m2/repository/dnsjava/dnsjava/2.1.7/dnsjava-2.1.7.jar:/home/user/.m2/repository/org/apache/hadoop/hadoop-hdfs/3.2.0/hadoop-hdfs-3.2.0.jar:/home/user/.m2/repository/org/eclipse/jetty/jetty-util-ajax/9.3.25.v20180904/jetty-util-ajax-9.3.25.v20180904.jar:/home/user/.m2/repository/commons-daemon/commons-daemon/1.0.13/commons-daemon-1.0.13.jar:/home/user/.m2/repository/io/netty/netty/3.10.5.Final/netty-3.10.5.Final.jar:/home/user/.m2/repository/io/netty/netty-all/4.0.52.Final/netty-all-4.0.52.Final.jar:/home/user/.m2/repository/org/fusesource/leveldbjni/leveldbjni-all/1.8/leveldbjni-all-1.8.jar:/home/user/.m2/repository/org/apache/hadoop/hadoop-hdds-common/0.5.0-SNAPSHOT/hadoop-hdds-common-0.5.0-SNAPSHOT.jar:/home/user/.m2/repository/org/apache/hadoop/hadoop-hdds-config/0.5.0-SNAPSHOT/hadoop-hdds-config-0.5.0-SNAPSHOT.jar:/home/user/.m2/repository/javax/annotation/javax.annotation-api/1.2/javax.annotation-api-1.2.jar:/home/user/.m2/repository/org/apache/ratis/ratis-server/0.5.0-201fc85-SNAPSHOT/ratis-server-0.5.0-201fc85-SNAPSHOT.jar:/home/user/.m2/repository/org/apache/ratis/ratis-thirdparty-misc/0.2.0/ratis-thirdparty-misc-0.2.0.jar:/home/user/.m2/repository/org/apache/ratis/ratis-proto/0.5.0-201fc85-SNAPSHOT/ratis-proto-0.5.0-201fc85-SNAPSHOT.jar:/home/user/.m2/repository/org/apache/ratis/ratis-common/0.5.0-201fc85-SNAPSHOT/ratis-common-0.5.0-201fc85-SNAPSHOT.jar:/home/user/.m2/repository/org/apache/ratis/ratis-client/0.5.0-201fc85-SNAPSHOT/ratis-client-0.5.0-201fc85-SNAPSHOT.jar:/home/user/.m2/repository/org/apache/ratis/ratis-metrics/0.5.0-201fc85-SNAPSHOT/ratis-metrics-0.5.0-201fc85-SNAPSHOT.jar:/home/user/.m2/repository/com/github/joshelser/dropwizard-metrics-hadoop-metrics2-reporter/0.1.2/dropwizard-metrics-hadoop-metrics2-reporter-0.1.2.jar:/home/user/.m2/repository/io/dropwizard/metrics/metrics-jvm/3.2.5/metrics-jvm-3.2.5.jar:/home/user/.m2/repository/io/dropwizard/metrics/metrics-ganglia/3.2.5/metrics-ganglia-3.2.5.jar:/home/user/.m2/repository/info/ganglia/gmetric4j/gmetric4j/1.0.7/gmetric4j-1.0.7.jar:/home/user/.m2/repository/org/apache/ratis/ratis-netty/0.5.0-201fc85-SNAPSHOT/ratis-netty-0.5.0-201fc85-SNAPSHOT.jar:/home/user/.m2/repository/org/apache/ratis/ratis-grpc/0.5.0-201fc85-SNAPSHOT/ratis-grpc-0.5.0-201fc85-SNAPSHOT.jar:/home/user/.m2/repository/org/rocksdb/rocksdbjni/6.0.1/rocksdbjni-6.0.1.jar:/home/user/.m2/repository/org/apache/logging/log4j/log4j-api/2.11.0/log4j-api-2.11.0.jar:/home/user/.m2/repository/org/apache/logging/log4j/log4j-core/2.11.0/log4j-core-2.11.0.jar:/home/user/.m2/repository/com/lmax/disruptor/3.4.2/disruptor-3.4.2.jar:/home/user/.m2/repository/org/apache/commons/commons-pool2/2.6.0/commons-pool2-2.6.0.jar:/home/user/.m2/repository/org/bouncycastle/bcpkix-jdk15on/1.60/bcpkix-jdk15on-1.60.jar:/home/user/.m2/repository/commons-validator/commons-validator/1.6/commons-validator-1.6.jar:/home/user/.m2/repository/commons-digester/commons-digester/1.8.1/commons-digester-1.8.1.jar:/home/user/.m2/repository/io/jaegertracing/jaeger-client/0.34.0/jaeger-client-0.34.0.jar:/home/user/.m2/repository/io/jaegertracing/jaeger-thrift/0.34.0/jaeger-thrift-0.34.0.jar:/home/user/.m2/repository/org/apache/thrift/libthrift/0.12.0/libthrift-0.12.0.jar:/home/user/.m2/repository/com/squareup/okhttp3/okhttp/3.9.0/okhttp-3.9.0.jar:/home/user/.m2/repository/com/squareup/okio/okio/1.13.0/okio-1.13.0.jar:/home/user/.m2/repository/io/jaegertracing/jaeger-core/0.34.0/jaeger-core-0.34.0.jar:/home/user/.m2/repository/io/jaegertracing/jaeger-tracerresolver/0.34.0/jaeger-tracerresolver-0.34.0.jar:/home/user/.m2/repository/io/opentracing/contrib/opentracing-tracerresolver/0.1.5/opentracing-tracerresolver-0.1.5.jar:/home/user/.m2/repository/io/opentracing/opentracing-util/0.31.0/opentracing-util-0.31.0.jar:/home/user/.m2/repository/io/opentracing/opentracing-api/0.31.0/opentracing-api-0.31.0.jar:/home/user/.m2/repository/io/opentracing/opentracing-noop/0.31.0/opentracing-noop-0.31.0.jar:/home/user/.m2/repository/org/yaml/snakeyaml/1.16/snakeyaml-1.16.jar:/home/user/.m2/repository/org/apache/hadoop/hadoop-hdfs-client/3.2.0/hadoop-hdfs-client-3.2.0.jar:/home/user/.m2/repository/info/picocli/picocli/3.9.6/picocli-3.9.6.jar:/home/user/.m2/repository/org/apache/hadoop/hadoop-hdds-server-scm/0.5.0-SNAPSHOT/hadoop-hdds-server-scm-0.5.0-SNAPSHOT.jar:/home/user/.m2/repository/org/apache/hadoop/hadoop-hdds-docs/0.5.0-SNAPSHOT/hadoop-hdds-docs-0.5.0-SNAPSHOT.jar:/home/user/.m2/repository/io/dropwizard/metrics/metrics-core/3.2.4/metrics-core-3.2.4.jar:/home/user/.m2/repository/org/hamcrest/hamcrest-all/1.3/hamcrest-all-1.3.jar:/home/user/.m2/repository/org/bouncycastle/bcprov-jdk15on/1.60/bcprov-jdk15on-1.60.jar:/home/user/.m2/repository/org/apache/hadoop/hadoop-hdds-server-framework/0.5.0-SNAPSHOT/hadoop-hdds-server-framework-0.5.0-SNAPSHOT.jar:/home/user/.m2/repository/org/apache/hadoop/hadoop-ozone-ozone-manager/0.5.0-SNAPSHOT/hadoop-ozone-ozone-manager-0.5.0-SNAPSHOT.jar:/home/user/.m2/repository/org/apache/hadoop/hadoop-hdds-container-service/0.5.0-SNAPSHOT/hadoop-hdds-container-service-0.5.0-SNAPSHOT.jar:/home/user/.m2/repository/org/apache/hadoop/hadoop-hdds-client/0.5.0-SNAPSHOT/hadoop-hdds-client-0.5.0-SNAPSHOT.jar:/home/user/.m2/repository/org/apache/hadoop/hadoop-ozone-common/0.5.0-SNAPSHOT/hadoop-ozone-common-0.5.0-SNAPSHOT.jar:/home/user/.m2/repository/org/apache/hadoop/hadoop-hdds-tools/0.5.0-SNAPSHOT/hadoop-hdds-tools-0.5.0-SNAPSHOT.jar:/home/user/.m2/repository/org/xerial/sqlite-jdbc/3.25.2/sqlite-jdbc-3.25.2.jar:/home/user/.m2/repository/org/apache/httpcomponents/httpclient/4.5.2/httpclient-4.5.2.jar:/home/user/.m2/repository/org/apache/httpcomponents/httpcore/4.4.4/httpcore-4.4.4.jar:/home/user/.m2/repository/com/github/spotbugs/spotbugs/3.1.12/spotbugs-3.1.12.jar:/home/user/.m2/repository/org/ow2/asm/asm/5.0.4/asm-5.0.4.jar:/home/user/.m2/repository/org/ow2/asm/asm-analysis/7.0/asm-analysis-7.0.jar:/home/user/.m2/repository/org/ow2/asm/asm-commons/7.0/asm-commons-7.0.jar:/home/user/.m2/repository/org/ow2/asm/asm-tree/7.0/asm-tree-7.0.jar:/home/user/.m2/repository/org/ow2/asm/asm-util/7.0/asm-util-7.0.jar:/home/user/.m2/repository/org/apache/bcel/bcel/6.3/bcel-6.3.jar:/home/user/.m2/repository/net/jcip/jcip-annotations/1.0/jcip-annotations-1.0.jar:/home/user/.m2/repository/org/dom4j/dom4j/2.1.1/dom4j-2.1.1.jar:/home/user/.m2/repository/jaxen/jaxen/1.1.6/jaxen-1.1.6.jar:/home/user/.m2/repository/commons-lang/commons-lang/2.6/commons-lang-2.6.jar:/home/user/.m2/repository/com/github/spotbugs/spotbugs-annotations/3.1.12/spotbugs-annotations-3.1.12.jar:/home/user/.m2/repository/org/apache/hadoop/hadoop-common/3.2.0/hadoop-common-3.2.0-tests.jar:/home/user/.m2/repository/org/apache/hadoop/hadoop-ozone-client/0.5.0-SNAPSHOT/hadoop-ozone-client-0.5.0-SNAPSHOT.jar:/home/user/.m2/repository/org/apache/hadoop/hadoop-hdfs/3.2.0/hadoop-hdfs-3.2.0-tests.jar:/workdir/hadoop-ozone/integration-test/target/test-classes:/home/user/.m2/repository/org/apache/hadoop/hadoop-ozone-s3gateway/0.5.0-SNAPSHOT/hadoop-ozone-s3gateway-0.5.0-SNAPSHOT.jar:/home/user/.m2/repository/org/jboss/weld/servlet/weld-servlet/2.4.7.Final/weld-servlet-2.4.7.Final.jar:/home/user/.m2/repository/org/glassfish/jersey/containers/jersey-container-servlet-core/2.27/jersey-container-servlet-core-2.27.jar:/home/user/.m2/repository/org/glassfish/hk2/external/javax.inject/2.5.0-b42/javax.inject-2.5.0-b42.jar:/home/user/.m2/repository/org/glassfish/jersey/core/jersey-common/2.27/jersey-common-2.27.jar:/home/user/.m2/repository/org/glassfish/hk2/osgi-resource-locator/1.0.1/osgi-resource-locator-1.0.1.jar:/home/user/.m2/repository/javax/ws/rs/javax.ws.rs-api/2.1/javax.ws.rs-api-2.1.jar:/home/user/.m2/repository/org/glassfish/jersey/ext/cdi/jersey-cdi1x/2.27/jersey-cdi1x-2.27.jar:/home/user/.m2/repository/org/glassfish/jersey/inject/jersey-hk2/2.27/jersey-hk2-2.27.jar:/home/user/.m2/repository/org/glassfish/hk2/hk2-locator/2.5.0-b42/hk2-locator-2.5.0-b42.jar:/home/user/.m2/repository/org/javassist/javassist/3.22.0-CR2/javassist-3.22.0-CR2.jar:/home/user/.m2/repository/org/glassfish/hk2/hk2-api/2.5.0/hk2-api-2.5.0.jar:/home/user/.m2/repository/org/glassfish/hk2/external/jakarta.inject/2.5.0/jakarta.inject-2.5.0.jar:/home/user/.m2/repository/org/glassfish/hk2/hk2-utils/2.5.0/hk2-utils-2.5.0.jar:/home/user/.m2/repository/jakarta/annotation/jakarta.annotation-api/1.3.4/jakarta.annotation-api-1.3.4.jar:/home/user/.m2/repository/org/glassfish/hk2/external/aopalliance-repackaged/2.5.0/aopalliance-repackaged-2.5.0.jar:/home/user/.m2/repository/com/fasterxml/jackson/dataformat/jackson-dataformat-xml/2.9.0/jackson-dataformat-xml-2.9.0.jar:/home/user/.m2/repository/com/fasterxml/jackson/module/jackson-module-jaxb-annotations/2.9.9/jackson-module-jaxb-annotations-2.9.9.jar:/home/user/.m2/repository/javax/enterprise/cdi-api/1.2/cdi-api-1.2.jar:/home/user/.m2/repository/javax/el/javax.el-api/3.0.0/javax.el-api-3.0.0.jar:/home/user/.m2/repository/javax/interceptor/javax.interceptor-api/1.2/javax.interceptor-api-1.2.jar:/home/user/.m2/repository/javax/inject/javax.inject/1/javax.inject-1.jar:/home/user/.m2/repository/com/sun/xml/bind/jaxb-core/2.3.0.1/jaxb-core-2.3.0.1.jar:/home/user/.m2/repository/javax/xml/bind/jaxb-api/2.3.0/jaxb-api-2.3.0.jar:/home/user/.m2/repository/javax/activation/activation/1.1.1/activation-1.1.1.jar:/home/user/.m2/repository/org/apache/hadoop/hadoop-ozone-csi/0.5.0-SNAPSHOT/hadoop-ozone-csi-0.5.0-SNAPSHOT.jar:/home/user/.m2/repository/com/google/protobuf/protobuf-java-util/3.5.1/protobuf-java-util-3.5.1.jar:/home/user/.m2/repository/io/grpc/grpc-netty/1.17.1/grpc-netty-1.17.1.jar:/home/user/.m2/repository/io/grpc/grpc-core/1.17.1/grpc-core-1.17.1.jar:/home/user/.m2/repository/io/grpc/grpc-context/1.17.1/grpc-context-1.17.1.jar:/home/user/.m2/repository/com/google/errorprone/error_prone_annotations/2.2.0/error_prone_annotations-2.2.0.jar:/home/user/.m2/repository/org/codehaus/mojo/animal-sniffer-annotations/1.17/animal-sniffer-annotations-1.17.jar:/home/user/.m2/repository/io/opencensus/opencensus-api/0.17.0/opencensus-api-0.17.0.jar:/home/user/.m2/repository/io/opencensus/opencensus-contrib-grpc-metrics/0.17.0/opencensus-contrib-grpc-metrics-0.17.0.jar:/home/user/.m2/repository/io/netty/netty-codec-http2/4.1.30.Final/netty-codec-http2-4.1.30.Final.jar:/home/user/.m2/repository/io/netty/netty-codec-http/4.1.30.Final/netty-codec-http-4.1.30.Final.jar:/home/user/.m2/repository/io/netty/netty-codec/4.1.30.Final/netty-codec-4.1.30.Final.jar:/home/user/.m2/repository/io/netty/netty-handler/4.1.30.Final/netty-handler-4.1.30.Final.jar:/home/user/.m2/repository/io/netty/netty-handler-proxy/4.1.30.Final/netty-handler-proxy-4.1.30.Final.jar:/home/user/.m2/repository/io/netty/netty-codec-socks/4.1.30.Final/netty-codec-socks-4.1.30.Final.jar:/home/user/.m2/repository/io/netty/netty-transport-native-epoll/4.1.30.Final/netty-transport-native-epoll-4.1.30.Final.jar:/home/user/.m2/repository/io/netty/netty-common/4.1.30.Final/netty-common-4.1.30.Final.jar:/home/user/.m2/repository/io/netty/netty-buffer/4.1.30.Final/netty-buffer-4.1.30.Final.jar:/home/user/.m2/repository/io/netty/netty-transport/4.1.30.Final/netty-transport-4.1.30.Final.jar:/home/user/.m2/repository/io/netty/netty-resolver/4.1.30.Final/netty-resolver-4.1.30.Final.jar:/home/user/.m2/repository/io/netty/netty-transport-native-unix-common/4.1.30.Final/netty-transport-native-unix-common-4.1.30.Final.jar:/home/user/.m2/repository/io/grpc/grpc-protobuf/1.17.1/grpc-protobuf-1.17.1.jar:/home/user/.m2/repository/com/google/api/grpc/proto-google-common-protos/1.0.0/proto-google-common-protos-1.0.0.jar:/home/user/.m2/repository/io/grpc/grpc-protobuf-lite/1.17.1/grpc-protobuf-lite-1.17.1.jar:/home/user/.m2/repository/io/grpc/grpc-stub/1.17.1/grpc-stub-1.17.1.jar:/home/user/.m2/repository/org/apache/hadoop/hadoop-ozone-recon/0.5.0-SNAPSHOT/hadoop-ozone-recon-0.5.0-SNAPSHOT.jar:/home/user/.m2/repository/org/apache/hadoop/hadoop-ozone-reconcodegen/0.5.0-SNAPSHOT/hadoop-ozone-reconcodegen-0.5.0-SNAPSHOT.jar:/home/user/.m2/repository/com/google/inject/extensions/guice-multibindings/4.0/guice-multibindings-4.0.jar:/home/user/.m2/repository/com/google/inject/guice/4.0/guice-4.0.jar:/home/user/.m2/repository/aopalliance/aopalliance/1.0/aopalliance-1.0.jar:/home/user/.m2/repository/org/glassfish/jersey/containers/jersey-container-servlet/2.27/jersey-container-servlet-2.27.jar:/home/user/.m2/repository/org/glassfish/hk2/guice-bridge/2.5.0/guice-bridge-2.5.0.jar:/home/user/.m2/repository/org/glassfish/jersey/core/jersey-server/2.27/jersey-server-2.27.jar:/home/user/.m2/repository/org/glassfish/jersey/core/jersey-client/2.27/jersey-client-2.27.jar:/home/user/.m2/repository/org/glassfish/jersey/media/jersey-media-jaxb/2.27/jersey-media-jaxb-2.27.jar:/home/user/.m2/repository/javax/validation/validation-api/1.1.0.Final/validation-api-1.1.0.Final.jar:/home/user/.m2/repository/org/glassfish/jersey/media/jersey-media-json-jackson/2.27/jersey-media-json-jackson-2.27.jar:/home/user/.m2/repository/org/glassfish/jersey/ext/jersey-entity-filtering/2.27/jersey-entity-filtering-2.27.jar:/home/user/.m2/repository/com/google/inject/extensions/guice-assistedinject/4.0/guice-assistedinject-4.0.jar:/home/user/.m2/repository/org/jooq/jooq/3.11.10/jooq-3.11.10.jar:/home/user/.m2/repository/org/jooq/jooq-meta/3.11.10/jooq-meta-3.11.10.jar:/home/user/.m2/repository/org/jooq/jooq-codegen/3.11.10/jooq-codegen-3.11.10.jar:/home/user/.m2/repository/com/jolbox/bonecp/0.8.0.RELEASE/bonecp-0.8.0.RELEASE.jar:/home/user/.m2/repository/org/springframework/spring-jdbc/5.1.3.RELEASE/spring-jdbc-5.1.3.RELEASE.jar:/home/user/.m2/repository/org/springframework/spring-beans/5.1.3.RELEASE/spring-beans-5.1.3.RELEASE.jar:/home/user/.m2/repository/org/springframework/spring-core/5.1.3.RELEASE/spring-core-5.1.3.RELEASE.jar:/home/user/.m2/repository/org/springframework/spring-jcl/5.1.3.RELEASE/spring-jcl-5.1.3.RELEASE.jar:/home/user/.m2/repository/org/springframework/spring-tx/5.1.3.RELEASE/spring-tx-5.1.3.RELEASE.jar:/home/user/.m2/repository/org/mockito/mockito-all/1.10.19/mockito-all-1.10.19.jar:/home/user/.m2/repository/junit/junit/4.11/junit-4.11.jar:/home/user/.m2/repository/org/hamcrest/hamcrest-core/1.3/hamcrest-core-1.3.jar:/home/user/.m2/repository/org/apache/hadoop/hadoop-distcp/3.2.0/hadoop-distcp-3.2.0.jar:/home/user/.m2/repository/org/apache/hadoop/hadoop-distcp/3.2.0/hadoop-distcp-3.2.0-tests.jar:/home/user/.m2/repository/org/apache/hadoop/hadoop-mapreduce-client-jobclient/3.2.0/hadoop-mapreduce-client-jobclient-3.2.0.jar:/home/user/.m2/repository/org/apache/hadoop/hadoop-mapreduce-client-common/3.2.0/hadoop-mapreduce-client-common-3.2.0.jar:/home/user/.m2/repository/org/apache/hadoop/hadoop-yarn-common/3.2.0/hadoop-yarn-common-3.2.0.jar:/home/user/.m2/repository/org/apache/hadoop/hadoop-yarn-api/3.2.0/hadoop-yarn-api-3.2.0.jar:/home/user/.m2/repository/com/sun/jersey/jersey-client/1.19/jersey-client-1.19.jar:/home/user/.m2/repository/com/sun/jersey/contribs/jersey-guice/1.19/jersey-guice-1.19.jar:/home/user/.m2/repository/com/fasterxml/jackson/jaxrs/jackson-jaxrs-json-provider/2.9.9/jackson-jaxrs-json-provider-2.9.9.jar:/home/user/.m2/repository/com/fasterxml/jackson/jaxrs/jackson-jaxrs-base/2.9.9/jackson-jaxrs-base-2.9.9.jar:/home/user/.m2/repository/org/apache/hadoop/hadoop-yarn-client/3.2.0/hadoop-yarn-client-3.2.0.jar:/home/user/.m2/repository/org/apache/hadoop/hadoop-mapreduce-client-core/3.2.0/hadoop-mapreduce-client-core-3.2.0.jar:/home/user/.m2/repository/com/google/inject/extensions/guice-servlet/4.0/guice-servlet-4.0.jar:/home/user/.m2/repository/org/powermock/powermock-module-junit4/1.6.5/powermock-module-junit4-1.6.5.jar:/home/user/.m2/repository/org/powermock/powermock-module-junit4-common/1.6.5/powermock-module-junit4-common-1.6.5.jar:/home/user/.m2/repository/org/powermock/powermock-core/1.6.5/powermock-core-1.6.5.jar:/home/user/.m2/repository/org/powermock/powermock-reflect/1.6.5/powermock-reflect-1.6.5.jar:/home/user/.m2/repository/org/powermock/powermock-api-mockito/1.6.5/powermock-api-mockito-1.6.5.jar:/home/user/.m2/repository/org/mockito/mockito-core/1.10.19/mockito-core-1.10.19.jar:/home/user/.m2/repository/org/objenesis/objenesis/1.0/objenesis-1.0.jar:/home/user/.m2/repository/org/powermock/powermock-api-mockito-common/1.6.5/powermock-api-mockito-common-1.6.5.jar:/home/user/.m2/repository/org/powermock/powermock-api-support/1.6.5/powermock-api-support-1.6.5.jar:"/>
    <property name="sun.cpu.endian" value="little"/>
    <property name="user.home" value="/home/user"/>
    <property name="user.language" value="en"/>
    <property name="java.specification.vendor" value="Oracle Corporation"/>
    <property name="java.home" value="/usr/lib/jvm/java-1.8-openjdk/jre"/>
    <property name="java.security.krb5.conf" value="/workdir/hadoop-ozone/ozonefs/target/test-classes/krb5.conf"/>
    <property name="basedir" value="/workdir/hadoop-ozone/ozonefs"/>
    <property name="file.separator" value="/"/>
    <property name="line.separator" value="&#10;"/>
    <property name="java.vm.specification.vendor" value="Oracle Corporation"/>
    <property name="java.specification.name" value="Java Platform API Specification"/>
    <property name="java.awt.graphicsenv" value="sun.awt.X11GraphicsEnvironment"/>
    <property name="surefire.real.class.path" value="/workdir/hadoop-ozone/ozonefs/target/surefire/surefirebooter374768490510842509.jar"/>
    <property name="hadoop.log.dir" value="/workdir/hadoop-ozone/ozonefs/target/log"/>
    <property name="sun.boot.class.path" value="/usr/lib/jvm/java-1.8-openjdk/jre/lib/resources.jar:/usr/lib/jvm/java-1.8-openjdk/jre/lib/rt.jar:/usr/lib/jvm/java-1.8-openjdk/jre/lib/sunrsasign.jar:/usr/lib/jvm/java-1.8-openjdk/jre/lib/jsse.jar:/usr/lib/jvm/java-1.8-openjdk/jre/lib/jce.jar:/usr/lib/jvm/java-1.8-openjdk/jre/lib/charsets.jar:/usr/lib/jvm/java-1.8-openjdk/jre/lib/jfr.jar:/usr/lib/jvm/java-1.8-openjdk/jre/classes"/>
    <property name="sun.management.compiler" value="HotSpot 64-Bit Tiered Compilers"/>
    <property name="java.runtime.version" value="1.8.0_212-b04"/>
    <property name="java.net.preferIPv4Stack" value="true"/>
    <property name="user.name" value="jenkins1000"/>
    <property name="path.separator" value=":"/>
    <property name="java.security.egd" value="file:///dev/urandom"/>
    <property name="os.version" value="3.10.0-957.12.2.el7.x86_64"/>
    <property name="java.endorsed.dirs" value="/usr/lib/jvm/java-1.8-openjdk/jre/lib/endorsed"/>
    <property name="java.runtime.name" value="OpenJDK Runtime Environment"/>
    <property name="file.encoding" value="UTF-8"/>
    <property name="java.vm.name" value="OpenJDK 64-Bit Server VM"/>
    <property name="test.build.webapps" value=""/>
    <property name="localRepository" value="/home/user/.m2/repository"/>
    <property name="java.vendor.url.bug" value="https://icedtea.classpath.org/bugzilla"/>
    <property name="java.io.tmpdir" value="/tmp"/>
    <property name="require.test.libhadoop" value=""/>
    <property name="java.version" value="1.8.0_212"/>
    <property name="user.dir" value="/workdir/hadoop-ozone/ozonefs"/>
    <property name="os.arch" value="amd64"/>
    <property name="java.vm.specification.name" value="Java Virtual Machine Specification"/>
    <property name="test.build.classes" value="/workdir/hadoop-ozone/ozonefs/target/test-classes"/>
    <property name="java.awt.printerjob" value="sun.print.PSPrinterJob"/>
    <property name="sun.os.patch.level" value="unknown"/>
    <property name="hadoop.tmp.dir" value="/workdir/hadoop-ozone/ozonefs/target/tmp"/>
    <property name="java.library.path" value="/usr/lib/jvm/java-1.8-openjdk/jre/lib/amd64/server:/usr/lib/jvm/java-1.8-openjdk/jre/lib/amd64:/usr/lib/jvm/java-1.8-openjdk/jre/../lib/amd64:/workdir/hadoop-ozone/ozonefs/target/native/target/usr/local/lib:/workdir/hadoop-ozone/ozonefs/../../hadoop-common-project/hadoop-common/target/native/target/usr/local/lib:/usr/java/packages/lib/amd64:/usr/lib64:/lib64:/lib:/usr/lib"/>
    <property name="java.vm.info" value="mixed mode"/>
    <property name="java.vendor" value="IcedTea"/>
    <property name="java.vm.version" value="25.212-b04"/>
    <property name="java.ext.dirs" value="/usr/lib/jvm/java-1.8-openjdk/jre/lib/ext:/usr/java/packages/lib/ext"/>
    <property name="sun.io.unicode.encoding" value="UnicodeLittle"/>
    <property name="java.class.version" value="52.0"/>
  </properties>
  <testcase name="testOzoneManagerFileSystemInterface[0]" classname="org.apache.hadoop.fs.ozone.TestOzoneFileInterfaces" time="21.891">
    <error message="Volume not found qkrcbmfprs" type="VOLUME_NOT_FOUND org.apache.hadoop.ozone.om.exceptions.OMException">VOLUME_NOT_FOUND org.apache.hadoop.ozone.om.exceptions.OMException: Volume not found qkrcbmfprs
	at org.apache.hadoop.ozone.om.protocolPB.OzoneManagerProtocolClientSideTranslatorPB.handleError(OzoneManagerProtocolClientSideTranslatorPB.java:732)
	at org.apache.hadoop.ozone.om.protocolPB.OzoneManagerProtocolClientSideTranslatorPB.createDirectory(OzoneManagerProtocolClientSideTranslatorPB.java:1377)
	at sun.reflect.NativeMethodAccessorImpl.invoke0(Native Method)
	at sun.reflect.NativeMethodAccessorImpl.invoke(NativeMethodAccessorImpl.java:62)
	at sun.reflect.DelegatingMethodAccessorImpl.invoke(DelegatingMethodAccessorImpl.java:43)
	at java.lang.reflect.Method.invoke(Method.java:498)
	at org.apache.hadoop.hdds.tracing.TraceAllMethod.invoke(TraceAllMethod.java:66)
	at com.sun.proxy.$Proxy39.createDirectory(Unknown Source)
	at org.apache.hadoop.ozone.client.rpc.RpcClient.createDirectory(RpcClient.java:976)
	at org.apache.hadoop.ozone.client.OzoneBucket.createDirectory(OzoneBucket.java:503)
	at org.apache.hadoop.fs.ozone.BasicOzoneClientAdapterImpl.createDirectory(BasicOzoneClientAdapterImpl.java:236)
	at org.apache.hadoop.fs.ozone.BasicOzoneFileSystem.mkdir(BasicOzoneFileSystem.java:597)
	at org.apache.hadoop.fs.ozone.BasicOzoneFileSystem.mkdirs(BasicOzoneFileSystem.java:607)
	at org.apache.hadoop.fs.FileSystem.mkdirs(FileSystem.java:2275)
	at org.apache.hadoop.fs.ozone.TestOzoneFileInterfaces.testOzoneManagerFileSystemInterface(TestOzoneFileInterfaces.java:283)
	at sun.reflect.NativeMethodAccessorImpl.invoke0(Native Method)
	at sun.reflect.NativeMethodAccessorImpl.invoke(NativeMethodAccessorImpl.java:62)
	at sun.reflect.DelegatingMethodAccessorImpl.invoke(DelegatingMethodAccessorImpl.java:43)
	at java.lang.reflect.Method.invoke(Method.java:498)
	at org.junit.runners.model.FrameworkMethod$1.runReflectiveCall(FrameworkMethod.java:47)
	at org.junit.internal.runners.model.ReflectiveCallable.run(ReflectiveCallable.java:12)
	at org.junit.runners.model.FrameworkMethod.invokeExplosively(FrameworkMethod.java:44)
	at org.junit.internal.runners.statements.InvokeMethod.evaluate(InvokeMethod.java:17)
	at org.junit.internal.runners.statements.RunBefores.evaluate(RunBefores.java:26)
	at org.junit.internal.runners.statements.RunAfters.evaluate(RunAfters.java:27)
	at org.junit.runners.ParentRunner.runLeaf(ParentRunner.java:271)
	at org.junit.runners.BlockJUnit4ClassRunner.runChild(BlockJUnit4ClassRunner.java:70)
	at org.junit.runners.BlockJUnit4ClassRunner.runChild(BlockJUnit4ClassRunner.java:50)
	at org.junit.runners.ParentRunner$3.run(ParentRunner.java:238)
	at org.junit.runners.ParentRunner$1.schedule(ParentRunner.java:63)
	at org.junit.runners.ParentRunner.runChildren(ParentRunner.java:236)
	at org.junit.runners.ParentRunner.access$000(ParentRunner.java:53)
	at org.junit.runners.ParentRunner$2.evaluate(ParentRunner.java:229)
	at org.junit.runners.ParentRunner.run(ParentRunner.java:309)
	at org.junit.runners.Suite.runChild(Suite.java:127)
	at org.junit.runners.Suite.runChild(Suite.java:26)
	at org.junit.runners.ParentRunner$3.run(ParentRunner.java:238)
	at org.junit.runners.ParentRunner$1.schedule(ParentRunner.java:63)
	at org.junit.runners.ParentRunner.runChildren(ParentRunner.java:236)
	at org.junit.runners.ParentRunner.access$000(ParentRunner.java:53)
	at org.junit.runners.ParentRunner$2.evaluate(ParentRunner.java:229)
	at org.junit.runners.ParentRunner.run(ParentRunner.java:309)
	at org.apache.maven.surefire.junit4.JUnit4Provider.execute(JUnit4Provider.java:365)
	at org.apache.maven.surefire.junit4.JUnit4Provider.executeWithRerun(JUnit4Provider.java:273)
	at org.apache.maven.surefire.junit4.JUnit4Provider.executeTestSet(JUnit4Provider.java:238)
	at org.apache.maven.surefire.junit4.JUnit4Provider.invoke(JUnit4Provider.java:159)
	at org.apache.maven.surefire.booter.ForkedBooter.invokeProviderInSameClassLoader(ForkedBooter.java:384)
	at org.apache.maven.surefire.booter.ForkedBooter.runSuitesInProcess(ForkedBooter.java:345)
	at org.apache.maven.surefire.booter.ForkedBooter.execute(ForkedBooter.java:126)
	at org.apache.maven.surefire.booter.ForkedBooter.main(ForkedBooter.java:418)
</error>
    <system-out><![CDATA[2019-10-02 23:07:17,415 [main] WARN  server.ServerUtils (ServerUtils.java:getScmDbDir(145)) - ozone.scm.db.dirs is not configured. We recommend adding this setting. Falling back to ozone.metadata.dirs instead.
2019-10-02 23:07:17,547 [main] WARN  server.ServerUtils (ServerUtils.java:getScmDbDir(145)) - ozone.scm.db.dirs is not configured. We recommend adding this setting. Falling back to ozone.metadata.dirs instead.
2019-10-02 23:07:17,554 [main] WARN  server.ServerUtils (ServerUtils.java:getScmDbDir(145)) - ozone.scm.db.dirs is not configured. We recommend adding this setting. Falling back to ozone.metadata.dirs instead.
2019-10-02 23:07:17,578 [main] INFO  util.log (Log.java:initialized(192)) - Logging initialized @938ms
2019-10-02 23:07:17,684 [main] INFO  db.DBStoreBuilder (DBStoreBuilder.java:addTable(110)) - using custom profile for table: deletedBlocks
2019-10-02 23:07:17,685 [main] INFO  db.DBStoreBuilder (DBStoreBuilder.java:processTables(161)) - Using default column profile:DBProfile.DISK for Table:deletedBlocks
2019-10-02 23:07:17,685 [main] INFO  db.DBStoreBuilder (DBStoreBuilder.java:addTable(110)) - using custom profile for table: validCerts
2019-10-02 23:07:17,686 [main] INFO  db.DBStoreBuilder (DBStoreBuilder.java:processTables(161)) - Using default column profile:DBProfile.DISK for Table:validCerts
2019-10-02 23:07:17,686 [main] INFO  db.DBStoreBuilder (DBStoreBuilder.java:addTable(110)) - using custom profile for table: revokedCerts
2019-10-02 23:07:17,688 [main] INFO  db.DBStoreBuilder (DBStoreBuilder.java:processTables(161)) - Using default column profile:DBProfile.DISK for Table:revokedCerts
2019-10-02 23:07:17,705 [main] INFO  db.DBStoreBuilder (DBStoreBuilder.java:addTable(110)) - using custom profile for table: default
2019-10-02 23:07:17,705 [main] INFO  db.DBStoreBuilder (DBStoreBuilder.java:processTables(167)) - Using default column profile:DBProfile.DISK for Table:default
2019-10-02 23:07:17,707 [main] INFO  db.DBStoreBuilder (DBStoreBuilder.java:getDbProfile(198)) - Using default options. DBProfile.DISK
2019-10-02 23:07:18,047 [main] INFO  net.NodeSchemaLoader (NodeSchemaLoader.java:loadSchemaFromFile(125)) - Loading file from sun.misc.CompoundEnumeration@2d1ef81a
2019-10-02 23:07:18,049 [main] INFO  net.NodeSchemaLoader (NodeSchemaLoader.java:loadSchema(171)) - Loading network topology layer schema file
2019-10-02 23:07:18,131 [main] WARN  server.ServerUtils (ServerUtils.java:sanitizeUserArgs(70)) - ozone.scm.stale.node.interval value = 300000 is larger than max = 100000 based on the key value of ozone.scm.heartbeat.thread.interval, reset to the max value 100000.
2019-10-02 23:07:18,133 [main] WARN  server.ServerUtils (ServerUtils.java:sanitizeUserArgs(70)) - ozone.scm.stale.node.interval value = 300000 is larger than max = 100000 based on the key value of ozone.scm.heartbeat.thread.interval, reset to the max value 100000.
2019-10-02 23:07:18,136 [main] INFO  node.SCMNodeManager (SCMNodeManager.java:<init>(114)) - Entering startup safe mode.
2019-10-02 23:07:18,281 [main] INFO  algorithms.ContainerPlacementPolicyFactory (ContainerPlacementPolicyFactory.java:getPolicy(57)) - Create container placement policy of type org.apache.hadoop.hdds.scm.container.placement.algorithms.SCMContainerPlacementRandom
2019-10-02 23:07:18,297 [main] WARN  server.ServerUtils (ServerUtils.java:getScmDbDir(145)) - ozone.scm.db.dirs is not configured. We recommend adding this setting. Falling back to ozone.metadata.dirs instead.
2019-10-02 23:07:18,410 [main] INFO  pipeline.SCMPipelineManager (SCMPipelineManager.java:initializePipelineState(132)) - No pipeline exists in current db
2019-10-02 23:07:18,412 [main] WARN  server.ServerUtils (ServerUtils.java:getScmDbDir(145)) - ozone.scm.db.dirs is not configured. We recommend adding this setting. Falling back to ozone.metadata.dirs instead.
2019-10-02 23:07:18,580 [main] WARN  events.EventQueue (EventQueue.java:fireEvent(183)) - No event handler registered for event TypedEvent{payloadType=SafeModeStatus, name='SafeModeStatus'}
2019-10-02 23:07:19,015 [main] INFO  ipc.CallQueueManager (CallQueueManager.java:<init>(84)) - Using callQueue: class java.util.concurrent.LinkedBlockingQueue, queueCapacity: 2000, scheduler: class org.apache.hadoop.ipc.DefaultRpcScheduler, ipcBackoff: false.
2019-10-02 23:07:19,160 [Socket Reader #1 for port 34248] INFO  ipc.Server (Server.java:run(1074)) - Starting Socket Reader #1 for port 34248
2019-10-02 23:07:19,184 [main] INFO  ipc.CallQueueManager (CallQueueManager.java:<init>(84)) - Using callQueue: class java.util.concurrent.LinkedBlockingQueue, queueCapacity: 2000, scheduler: class org.apache.hadoop.ipc.DefaultRpcScheduler, ipcBackoff: false.
2019-10-02 23:07:19,185 [Socket Reader #1 for port 38140] INFO  ipc.Server (Server.java:run(1074)) - Starting Socket Reader #1 for port 38140
2019-10-02 23:07:19,193 [main] INFO  ipc.CallQueueManager (CallQueueManager.java:<init>(84)) - Using callQueue: class java.util.concurrent.LinkedBlockingQueue, queueCapacity: 2000, scheduler: class org.apache.hadoop.ipc.DefaultRpcScheduler, ipcBackoff: false.
2019-10-02 23:07:19,194 [Socket Reader #1 for port 40346] INFO  ipc.Server (Server.java:run(1074)) - Starting Socket Reader #1 for port 40346
2019-10-02 23:07:19,215 [main] INFO  hdfs.DFSUtil (DFSUtil.java:httpServerTemplateForNNAndJN(1641)) - Starting Web-server for scm at: http://0.0.0.0:0
2019-10-02 23:07:19,334 [main] INFO  server.AuthenticationFilter (AuthenticationFilter.java:constructSecretProvider(240)) - Unable to initialize FileSignerSecretProvider, falling back to use random secrets.
2019-10-02 23:07:19,348 [main] WARN  http.HttpRequestLog (HttpRequestLog.java:getRequestLog(97)) - Jetty request log can only be enabled using Log4j
2019-10-02 23:07:19,358 [main] INFO  http.HttpServer2 (HttpServer2.java:addGlobalFilter(975)) - Added global filter 'safety' (class=org.apache.hadoop.http.HttpServer2$QuotingInputFilter)
2019-10-02 23:07:19,360 [main] INFO  http.HttpServer2 (HttpServer2.java:addFilter(948)) - Added filter static_user_filter (class=org.apache.hadoop.http.lib.StaticUserWebFilter$StaticUserFilter) to context scm
2019-10-02 23:07:19,360 [main] INFO  http.HttpServer2 (HttpServer2.java:addFilter(958)) - Added filter static_user_filter (class=org.apache.hadoop.http.lib.StaticUserWebFilter$StaticUserFilter) to context logs
2019-10-02 23:07:19,361 [main] INFO  http.HttpServer2 (HttpServer2.java:addFilter(958)) - Added filter static_user_filter (class=org.apache.hadoop.http.lib.StaticUserWebFilter$StaticUserFilter) to context static
2019-10-02 23:07:19,385 [main] INFO  server.StorageContainerManager (StorageContainerManager.java:start(770)) - StorageContainerLocationProtocol RPC server is listening at /0.0.0.0:40346
2019-10-02 23:07:19,433 [main] WARN  impl.MetricsConfig (MetricsConfig.java:loadFirst(134)) - Cannot locate configuration: tried hadoop-metrics2-storagecontainermanager.properties,hadoop-metrics2.properties
2019-10-02 23:07:19,444 [main] INFO  impl.MetricsSystemImpl (MetricsSystemImpl.java:startTimer(374)) - Scheduled Metric snapshot period at 10 second(s).
2019-10-02 23:07:19,444 [main] INFO  impl.MetricsSystemImpl (MetricsSystemImpl.java:start(191)) - StorageContainerManager metrics system started
2019-10-02 23:07:19,662 [main] INFO  server.SCMClientProtocolServer (SCMClientProtocolServer.java:start(150)) - RPC server for Client  is listening at /0.0.0.0:40346
2019-10-02 23:07:19,662 [IPC Server Responder] INFO  ipc.Server (Server.java:run(1314)) - IPC Server Responder: starting
2019-10-02 23:07:19,662 [IPC Server listener on 40346] INFO  ipc.Server (Server.java:run(1153)) - IPC Server listener on 40346: starting
2019-10-02 23:07:19,665 [main] INFO  server.StorageContainerManager (StorageContainerManager.java:start(780)) - ScmBlockLocationProtocol RPC server is listening at /0.0.0.0:38140
2019-10-02 23:07:19,668 [main] INFO  server.SCMBlockProtocolServer (SCMBlockProtocolServer.java:start(146)) - RPC server for Block Protocol is listening at /0.0.0.0:38140
2019-10-02 23:07:19,668 [IPC Server Responder] INFO  ipc.Server (Server.java:run(1314)) - IPC Server Responder: starting
2019-10-02 23:07:19,668 [IPC Server listener on 38140] INFO  ipc.Server (Server.java:run(1153)) - IPC Server listener on 38140: starting
2019-10-02 23:07:19,670 [main] INFO  server.StorageContainerManager (StorageContainerManager.java:start(784)) - ScmDatanodeProtocl RPC server is listening at /0.0.0.0:34248
2019-10-02 23:07:19,670 [main] INFO  server.SCMDatanodeProtocolServer (SCMDatanodeProtocolServer.java:start(191)) - RPC server for DataNodes is listening at /0.0.0.0:34248
2019-10-02 23:07:19,671 [IPC Server Responder] INFO  ipc.Server (Server.java:run(1314)) - IPC Server Responder: starting
2019-10-02 23:07:19,671 [IPC Server listener on 34248] INFO  ipc.Server (Server.java:run(1153)) - IPC Server listener on 34248: starting
2019-10-02 23:07:19,674 [main] INFO  http.HttpServer2 (HttpServer2.java:bindListener(1191)) - Jetty bound to port 45815
2019-10-02 23:07:19,676 [main] INFO  server.Server (Server.java:doStart(351)) - jetty-9.3.25.v20180904, build timestamp: 2018-09-04T21:11:46Z, git hash: 3ce520221d0240229c862b122d2b06c12a625732
2019-10-02 23:07:19,709 [main] INFO  handler.ContextHandler (ContextHandler.java:doStart(781)) - Started o.e.j.s.ServletContextHandler@c5ee75e{/logs,file:///workdir/hadoop-ozone/ozonefs/target/log,AVAILABLE}
2019-10-02 23:07:19,710 [main] INFO  handler.ContextHandler (ContextHandler.java:doStart(781)) - Started o.e.j.s.ServletContextHandler@b70da4c{/static,jar:file:/home/user/.m2/repository/org/apache/hadoop/hadoop-hdds-server-scm/0.5.0-SNAPSHOT/hadoop-hdds-server-scm-0.5.0-SNAPSHOT.jar!/webapps/static,AVAILABLE}
2019-10-02 23:07:19,799 [main] INFO  handler.ContextHandler (ContextHandler.java:doStart(781)) - Started o.e.j.w.WebAppContext@324c64cd{/,file:///tmp/jetty-0.0.0.0-45815-scm-_-any-9169311775178139398.dir/webapp/,AVAILABLE}{/scm}
2019-10-02 23:07:19,806 [main] INFO  server.AbstractConnector (AbstractConnector.java:doStart(278)) - Started ServerConnector@5a4bef8{HTTP/1.1,[http/1.1]}{0.0.0.0:45815}
2019-10-02 23:07:19,806 [main] INFO  server.Server (Server.java:doStart(419)) - Started @3166ms
2019-10-02 23:07:19,808 [main] INFO  impl.MetricsSinkAdapter (MetricsSinkAdapter.java:start(204)) - Sink prometheus started
2019-10-02 23:07:19,809 [main] INFO  impl.MetricsSystemImpl (MetricsSystemImpl.java:registerSink(301)) - Registered sink prometheus
2019-10-02 23:07:19,810 [main] INFO  server.BaseHttpServer (BaseHttpServer.java:updateConnectorAddress(215)) - HTTP server of SCM is listening at http://0.0.0.0:45815
2019-10-02 23:07:19,820 [main] WARN  server.ServerUtils (ServerUtils.java:getDBPath(222)) - ozone.om.db.dirs is not configured. We recommend adding this setting. Falling back to ozone.metadata.dirs instead.
2019-10-02 23:07:19,821 [org.apache.hadoop.util.JvmPauseMonitor$Monitor@5bd1ceca] INFO  util.JvmPauseMonitor (JvmPauseMonitor.java:run(188)) - Starting JVM pause monitor
2019-10-02 23:07:19,935 [main] WARN  server.ServerUtils (ServerUtils.java:getDBPath(222)) - ozone.om.db.dirs is not configured. We recommend adding this setting. Falling back to ozone.metadata.dirs instead.
2019-10-02 23:07:19,936 [main] WARN  server.ServerUtils (ServerUtils.java:getDBPath(222)) - ozone.om.db.dirs is not configured. We recommend adding this setting. Falling back to ozone.metadata.dirs instead.
2019-10-02 23:07:19,937 [main] INFO  om.OzoneManager (OzoneManager.java:setOMNodeDetails(652)) - OM Service ID is not set. Setting it to the default ID: omServiceIdDefault
2019-10-02 23:07:19,937 [main] INFO  om.OzoneManager (OzoneManager.java:setOMNodeDetails(658)) - OM Node ID is not set. Setting it to the OmStorage's OmID: d2b6bd84-8a9c-498e-b47e-a02c99e5bb39
2019-10-02 23:07:19,939 [main] INFO  om.OzoneManager (OzoneManager.java:loadOMHAConfigs(609)) - Found matching OM address with OMServiceId: null, OMNodeId: null, RPC Address: localhost:0 and Ratis port: 9872
2019-10-02 23:07:20,669 [main] WARN  server.ServerUtils (ServerUtils.java:getDBPath(222)) - ozone.om.db.dirs is not configured. We recommend adding this setting. Falling back to ozone.metadata.dirs instead.
2019-10-02 23:07:20,683 [main] INFO  db.DBStoreBuilder (DBStoreBuilder.java:addTable(110)) - using custom profile for table: userTable
2019-10-02 23:07:20,683 [main] INFO  db.DBStoreBuilder (DBStoreBuilder.java:processTables(161)) - Using default column profile:DBProfile.DISK for Table:userTable
2019-10-02 23:07:20,683 [main] INFO  db.DBStoreBuilder (DBStoreBuilder.java:addTable(110)) - using custom profile for table: volumeTable
2019-10-02 23:07:20,684 [main] INFO  db.DBStoreBuilder (DBStoreBuilder.java:processTables(161)) - Using default column profile:DBProfile.DISK for Table:volumeTable
2019-10-02 23:07:20,684 [main] INFO  db.DBStoreBuilder (DBStoreBuilder.java:addTable(110)) - using custom profile for table: bucketTable
2019-10-02 23:07:20,684 [main] INFO  db.DBStoreBuilder (DBStoreBuilder.java:processTables(161)) - Using default column profile:DBProfile.DISK for Table:bucketTable
2019-10-02 23:07:20,685 [main] INFO  db.DBStoreBuilder (DBStoreBuilder.java:addTable(110)) - using custom profile for table: keyTable
2019-10-02 23:07:20,685 [main] INFO  db.DBStoreBuilder (DBStoreBuilder.java:processTables(161)) - Using default column profile:DBProfile.DISK for Table:keyTable
2019-10-02 23:07:20,685 [main] INFO  db.DBStoreBuilder (DBStoreBuilder.java:addTable(110)) - using custom profile for table: deletedTable
2019-10-02 23:07:20,685 [main] INFO  db.DBStoreBuilder (DBStoreBuilder.java:processTables(161)) - Using default column profile:DBProfile.DISK for Table:deletedTable
2019-10-02 23:07:20,686 [main] INFO  db.DBStoreBuilder (DBStoreBuilder.java:addTable(110)) - using custom profile for table: openKeyTable
2019-10-02 23:07:20,686 [main] INFO  db.DBStoreBuilder (DBStoreBuilder.java:processTables(161)) - Using default column profile:DBProfile.DISK for Table:openKeyTable
2019-10-02 23:07:20,686 [main] INFO  db.DBStoreBuilder (DBStoreBuilder.java:addTable(110)) - using custom profile for table: s3Table
2019-10-02 23:07:20,686 [main] INFO  db.DBStoreBuilder (DBStoreBuilder.java:processTables(161)) - Using default column profile:DBProfile.DISK for Table:s3Table
2019-10-02 23:07:20,687 [main] INFO  db.DBStoreBuilder (DBStoreBuilder.java:addTable(110)) - using custom profile for table: multipartInfoTable
2019-10-02 23:07:20,687 [main] INFO  db.DBStoreBuilder (DBStoreBuilder.java:processTables(161)) - Using default column profile:DBProfile.DISK for Table:multipartInfoTable
2019-10-02 23:07:20,687 [main] INFO  db.DBStoreBuilder (DBStoreBuilder.java:addTable(110)) - using custom profile for table: dTokenTable
2019-10-02 23:07:20,687 [main] INFO  db.DBStoreBuilder (DBStoreBuilder.java:processTables(161)) - Using default column profile:DBProfile.DISK for Table:dTokenTable
2019-10-02 23:07:20,688 [main] INFO  db.DBStoreBuilder (DBStoreBuilder.java:addTable(110)) - using custom profile for table: s3SecretTable
2019-10-02 23:07:20,688 [main] INFO  db.DBStoreBuilder (DBStoreBuilder.java:processTables(161)) - Using default column profile:DBProfile.DISK for Table:s3SecretTable
2019-10-02 23:07:20,688 [main] INFO  db.DBStoreBuilder (DBStoreBuilder.java:addTable(110)) - using custom profile for table: prefixTable
2019-10-02 23:07:20,688 [main] INFO  db.DBStoreBuilder (DBStoreBuilder.java:processTables(161)) - Using default column profile:DBProfile.DISK for Table:prefixTable
2019-10-02 23:07:20,689 [main] INFO  db.DBStoreBuilder (DBStoreBuilder.java:addTable(110)) - using custom profile for table: default
2019-10-02 23:07:20,689 [main] INFO  db.DBStoreBuilder (DBStoreBuilder.java:processTables(167)) - Using default column profile:DBProfile.DISK for Table:default
2019-10-02 23:07:20,689 [main] INFO  db.DBStoreBuilder (DBStoreBuilder.java:getDbProfile(198)) - Using default options. DBProfile.DISK
2019-10-02 23:07:21,375 [main] INFO  ipc.CallQueueManager (CallQueueManager.java:<init>(84)) - Using callQueue: class java.util.concurrent.LinkedBlockingQueue, queueCapacity: 2000, scheduler: class org.apache.hadoop.ipc.DefaultRpcScheduler, ipcBackoff: false.
2019-10-02 23:07:21,376 [Socket Reader #1 for port 37639] INFO  ipc.Server (Server.java:run(1074)) - Starting Socket Reader #1 for port 37639
2019-10-02 23:07:21,406 [main] INFO  om.OzoneManager (OzoneManager.java:start(1243)) - OzoneManager RPC server is listening at localhost/127.0.0.1:37639
2019-10-02 23:07:21,407 [main] INFO  impl.MetricsSystemImpl (MetricsSystemImpl.java:init(158)) - OzoneManager metrics system started (again)
2019-10-02 23:07:21,408 [IPC Server Responder] INFO  ipc.Server (Server.java:run(1314)) - IPC Server Responder: starting
2019-10-02 23:07:21,408 [IPC Server listener on 37639] INFO  ipc.Server (Server.java:run(1153)) - IPC Server listener on 37639: starting
2019-10-02 23:07:21,412 [main] INFO  hdfs.DFSUtil (DFSUtil.java:httpServerTemplateForNNAndJN(1641)) - Starting Web-server for ozoneManager at: http://0.0.0.0:0
2019-10-02 23:07:21,414 [main] INFO  server.AuthenticationFilter (AuthenticationFilter.java:constructSecretProvider(240)) - Unable to initialize FileSignerSecretProvider, falling back to use random secrets.
2019-10-02 23:07:21,415 [main] WARN  http.HttpRequestLog (HttpRequestLog.java:getRequestLog(97)) - Jetty request log can only be enabled using Log4j
2019-10-02 23:07:21,417 [main] INFO  http.HttpServer2 (HttpServer2.java:addGlobalFilter(975)) - Added global filter 'safety' (class=org.apache.hadoop.http.HttpServer2$QuotingInputFilter)
2019-10-02 23:07:21,418 [main] INFO  http.HttpServer2 (HttpServer2.java:addFilter(948)) - Added filter static_user_filter (class=org.apache.hadoop.http.lib.StaticUserWebFilter$StaticUserFilter) to context ozoneManager
2019-10-02 23:07:21,418 [main] INFO  http.HttpServer2 (HttpServer2.java:addFilter(958)) - Added filter static_user_filter (class=org.apache.hadoop.http.lib.StaticUserWebFilter$StaticUserFilter) to context logs
2019-10-02 23:07:21,418 [main] INFO  http.HttpServer2 (HttpServer2.java:addFilter(958)) - Added filter static_user_filter (class=org.apache.hadoop.http.lib.StaticUserWebFilter$StaticUserFilter) to context static
2019-10-02 23:07:21,420 [main] INFO  http.HttpServer2 (HttpServer2.java:bindListener(1191)) - Jetty bound to port 39368
2019-10-02 23:07:21,421 [main] INFO  server.Server (Server.java:doStart(351)) - jetty-9.3.25.v20180904, build timestamp: 2018-09-04T21:11:46Z, git hash: 3ce520221d0240229c862b122d2b06c12a625732
2019-10-02 23:07:21,422 [main] INFO  handler.ContextHandler (ContextHandler.java:doStart(781)) - Started o.e.j.s.ServletContextHandler@58399d82{/logs,file:///workdir/hadoop-ozone/ozonefs/target/log,AVAILABLE}
2019-10-02 23:07:21,423 [main] INFO  handler.ContextHandler (ContextHandler.java:doStart(781)) - Started o.e.j.s.ServletContextHandler@46d8f407{/static,jar:file:/home/user/.m2/repository/org/apache/hadoop/hadoop-ozone-ozone-manager/0.5.0-SNAPSHOT/hadoop-ozone-ozone-manager-0.5.0-SNAPSHOT.jar!/webapps/static,AVAILABLE}
2019-10-02 23:07:21,477 [main] INFO  handler.ContextHandler (ContextHandler.java:doStart(781)) - Started o.e.j.w.WebAppContext@5cd61783{/,file:///tmp/jetty-0.0.0.0-39368-ozoneManager-_-any-3683942830792304145.dir/webapp/,AVAILABLE}{/ozoneManager}
2019-10-02 23:07:21,478 [main] INFO  server.AbstractConnector (AbstractConnector.java:doStart(278)) - Started ServerConnector@59429fac{HTTP/1.1,[http/1.1]}{0.0.0.0:39368}
2019-10-02 23:07:21,479 [main] INFO  server.Server (Server.java:doStart(419)) - Started @4838ms
2019-10-02 23:07:21,479 [main] WARN  impl.MetricsSystemImpl (MetricsSystemImpl.java:register(276)) - Sink prometheus already exists!
2019-10-02 23:07:21,480 [main] INFO  server.BaseHttpServer (BaseHttpServer.java:updateConnectorAddress(215)) - HTTP server of OZONEMANAGER is listening at http://0.0.0.0:39368
2019-10-02 23:07:21,733 [main] INFO  impl.MetricsSystemImpl (MetricsSystemImpl.java:init(158)) - HddsDatanode metrics system started (again)
2019-10-02 23:07:21,788 [main] INFO  ozone.HddsDatanodeService (HddsDatanodeService.java:start(184)) - HddsDatanodeService host:pr-hdds1737-lts7z-2510321508 ip:192.168.30.30
2019-10-02 23:07:21,826 [main] INFO  volume.HddsVolume (HddsVolume.java:<init>(176)) - Creating Volume: /workdir/hadoop-ozone/ozonefs/target/test-dir/MiniOzoneClusterImpl-db40e1f5-9590-48f4-9ed0-cc05ceb932c2/datanode-0/data/containers/hdds of  storage type : DISK and capacity : 1482555576320
2019-10-02 23:07:21,828 [main] INFO  volume.VolumeSet (VolumeSet.java:initializeVolumeSet(170)) - Added Volume : /workdir/hadoop-ozone/ozonefs/target/test-dir/MiniOzoneClusterImpl-db40e1f5-9590-48f4-9ed0-cc05ceb932c2/datanode-0/data/containers/hdds to VolumeSet
2019-10-02 23:07:21,831 [main] INFO  volume.ThrottledAsyncChecker (ThrottledAsyncChecker.java:schedule(139)) - Scheduling a check for org.apache.hadoop.ozone.container.common.volume.HddsVolume@2fc2a205
2019-10-02 23:07:21,847 [main] INFO  volume.HddsVolumeChecker (HddsVolumeChecker.java:checkAllVolumes(202)) - Scheduled health check for volume org.apache.hadoop.ozone.container.common.volume.HddsVolume@2fc2a205
2019-10-02 23:07:21,972 [main] INFO  impl.RaftServerProxy (ConfUtils.java:logGet(43)) - raft.rpc.type = GRPC (default)
2019-10-02 23:07:22,041 [main] INFO  grpc.GrpcFactory (GrpcFactory.java:checkPooledByteBufAllocatorUseCacheForAllThreads(45)) - PERFORMANCE WARNING: useCacheForAllThreads is true that may cause Netty to create a lot garbage objects and, as a result, trigger GC.
	It is recommended to disable useCacheForAllThreads by setting -Dorg.apache.ratis.thirdparty.io.netty.allocator.useCacheForAllThreads=false in command line.
2019-10-02 23:07:22,046 [main] INFO  grpc.GrpcConfigKeys$Server (ConfUtils.java:logGet(43)) - raft.grpc.server.port = 0 (default)
2019-10-02 23:07:22,047 [main] INFO  server.GrpcService (ConfUtils.java:logGet(43)) - raft.grpc.message.size.max = 33570816 (custom)
2019-10-02 23:07:22,048 [main] INFO  server.RaftServerConfigKeys (ConfUtils.java:logGet(43)) - raft.server.log.appender.buffer.byte-limit = 33554432 (custom)
2019-10-02 23:07:22,049 [main] INFO  server.GrpcService (ConfUtils.java:logGet(43)) - raft.grpc.flow.control.window = 1MB (=1048576) (default)
2019-10-02 23:07:22,049 [main] INFO  server.RaftServerConfigKeys (ConfUtils.java:logGet(43)) - raft.server.rpc.request.timeout = 3000ms (default)
2019-10-02 23:07:22,232 [main] INFO  server.RaftServerConfigKeys (ConfUtils.java:logGet(43)) - raft.server.storage.dir = [/workdir/hadoop-ozone/ozonefs/target/test-dir/MiniOzoneClusterImpl-db40e1f5-9590-48f4-9ed0-cc05ceb932c2/datanode-0/data/ratis] (custom)
2019-10-02 23:07:22,287 [main] INFO  hdfs.DFSUtil (DFSUtil.java:httpServerTemplateForNNAndJN(1641)) - Starting Web-server for hddsDatanode at: http://0.0.0.0:0
2019-10-02 23:07:22,289 [main] INFO  server.AuthenticationFilter (AuthenticationFilter.java:constructSecretProvider(240)) - Unable to initialize FileSignerSecretProvider, falling back to use random secrets.
2019-10-02 23:07:22,290 [main] WARN  http.HttpRequestLog (HttpRequestLog.java:getRequestLog(97)) - Jetty request log can only be enabled using Log4j
2019-10-02 23:07:22,293 [main] INFO  http.HttpServer2 (HttpServer2.java:addGlobalFilter(975)) - Added global filter 'safety' (class=org.apache.hadoop.http.HttpServer2$QuotingInputFilter)
2019-10-02 23:07:22,294 [main] INFO  http.HttpServer2 (HttpServer2.java:addFilter(948)) - Added filter static_user_filter (class=org.apache.hadoop.http.lib.StaticUserWebFilter$StaticUserFilter) to context hddsDatanode
2019-10-02 23:07:22,294 [main] INFO  http.HttpServer2 (HttpServer2.java:addFilter(958)) - Added filter static_user_filter (class=org.apache.hadoop.http.lib.StaticUserWebFilter$StaticUserFilter) to context static
2019-10-02 23:07:22,294 [main] INFO  http.HttpServer2 (HttpServer2.java:addFilter(958)) - Added filter static_user_filter (class=org.apache.hadoop.http.lib.StaticUserWebFilter$StaticUserFilter) to context logs
2019-10-02 23:07:22,295 [main] INFO  http.HttpServer2 (HttpServer2.java:bindListener(1191)) - Jetty bound to port 37353
2019-10-02 23:07:22,296 [main] INFO  server.Server (Server.java:doStart(351)) - jetty-9.3.25.v20180904, build timestamp: 2018-09-04T21:11:46Z, git hash: 3ce520221d0240229c862b122d2b06c12a625732
2019-10-02 23:07:22,298 [main] INFO  handler.ContextHandler (ContextHandler.java:doStart(781)) - Started o.e.j.s.ServletContextHandler@762637be{/logs,file:///workdir/hadoop-ozone/ozonefs/target/log,AVAILABLE}
2019-10-02 23:07:22,299 [main] INFO  handler.ContextHandler (ContextHandler.java:doStart(781)) - Started o.e.j.s.ServletContextHandler@7640a5b1{/static,jar:file:/home/user/.m2/repository/org/apache/hadoop/hadoop-hdds-container-service/0.5.0-SNAPSHOT/hadoop-hdds-container-service-0.5.0-SNAPSHOT.jar!/webapps/static,AVAILABLE}
2019-10-02 23:07:22,331 [main] INFO  handler.ContextHandler (ContextHandler.java:doStart(781)) - Started o.e.j.w.WebAppContext@350d3f4d{/,file:///tmp/jetty-0.0.0.0-37353-hddsDatanode-_-any-33163812032147695.dir/webapp/,AVAILABLE}{/hddsDatanode}
2019-10-02 23:07:22,332 [main] INFO  server.AbstractConnector (AbstractConnector.java:doStart(278)) - Started ServerConnector@18b8d173{HTTP/1.1,[http/1.1]}{0.0.0.0:37353}
2019-10-02 23:07:22,333 [main] INFO  server.Server (Server.java:doStart(419)) - Started @5692ms
2019-10-02 23:07:22,334 [main] WARN  impl.MetricsSystemImpl (MetricsSystemImpl.java:register(276)) - Sink prometheus already exists!
2019-10-02 23:07:22,334 [main] INFO  server.BaseHttpServer (BaseHttpServer.java:updateConnectorAddress(215)) - HTTP server of HDDSDATANODE is listening at http://0.0.0.0:37353
2019-10-02 23:07:22,335 [main] INFO  impl.MetricsSystemImpl (MetricsSystemImpl.java:init(158)) - HddsDatanode metrics system started (again)
2019-10-02 23:07:22,338 [main] INFO  ozone.HddsDatanodeService (HddsDatanodeService.java:start(184)) - HddsDatanodeService host:pr-hdds1737-lts7z-2510321508 ip:192.168.30.30
2019-10-02 23:07:22,341 [org.apache.hadoop.util.JvmPauseMonitor$Monitor@16dcd8b3] INFO  util.JvmPauseMonitor (JvmPauseMonitor.java:run(188)) - Starting JVM pause monitor
2019-10-02 23:07:22,346 [main] INFO  volume.HddsVolume (HddsVolume.java:<init>(176)) - Creating Volume: /workdir/hadoop-ozone/ozonefs/target/test-dir/MiniOzoneClusterImpl-db40e1f5-9590-48f4-9ed0-cc05ceb932c2/datanode-1/data/containers/hdds of  storage type : DISK and capacity : 1482555576320
2019-10-02 23:07:22,346 [main] INFO  volume.VolumeSet (VolumeSet.java:initializeVolumeSet(170)) - Added Volume : /workdir/hadoop-ozone/ozonefs/target/test-dir/MiniOzoneClusterImpl-db40e1f5-9590-48f4-9ed0-cc05ceb932c2/datanode-1/data/containers/hdds to VolumeSet
2019-10-02 23:07:22,346 [main] INFO  volume.ThrottledAsyncChecker (ThrottledAsyncChecker.java:schedule(139)) - Scheduling a check for org.apache.hadoop.ozone.container.common.volume.HddsVolume@7b948f3e
2019-10-02 23:07:22,347 [main] INFO  volume.HddsVolumeChecker (HddsVolumeChecker.java:checkAllVolumes(202)) - Scheduled health check for volume org.apache.hadoop.ozone.container.common.volume.HddsVolume@7b948f3e
2019-10-02 23:07:22,377 [main] INFO  impl.RaftServerProxy (ConfUtils.java:logGet(43)) - raft.rpc.type = GRPC (default)
2019-10-02 23:07:22,378 [main] INFO  grpc.GrpcFactory (GrpcFactory.java:checkPooledByteBufAllocatorUseCacheForAllThreads(45)) - PERFORMANCE WARNING: useCacheForAllThreads is true that may cause Netty to create a lot garbage objects and, as a result, trigger GC.
	It is recommended to disable useCacheForAllThreads by setting -Dorg.apache.ratis.thirdparty.io.netty.allocator.useCacheForAllThreads=false in command line.
2019-10-02 23:07:22,378 [main] INFO  grpc.GrpcConfigKeys$Server (ConfUtils.java:logGet(43)) - raft.grpc.server.port = 0 (default)
2019-10-02 23:07:22,378 [main] INFO  server.GrpcService (ConfUtils.java:logGet(43)) - raft.grpc.message.size.max = 33570816 (custom)
2019-10-02 23:07:22,379 [main] INFO  server.RaftServerConfigKeys (ConfUtils.java:logGet(43)) - raft.server.log.appender.buffer.byte-limit = 33554432 (custom)
2019-10-02 23:07:22,379 [main] INFO  server.GrpcService (ConfUtils.java:logGet(43)) - raft.grpc.flow.control.window = 1MB (=1048576) (default)
2019-10-02 23:07:22,379 [main] INFO  server.RaftServerConfigKeys (ConfUtils.java:logGet(43)) - raft.server.rpc.request.timeout = 3000ms (default)
2019-10-02 23:07:22,381 [main] INFO  server.RaftServerConfigKeys (ConfUtils.java:logGet(43)) - raft.server.storage.dir = [/workdir/hadoop-ozone/ozonefs/target/test-dir/MiniOzoneClusterImpl-db40e1f5-9590-48f4-9ed0-cc05ceb932c2/datanode-1/data/ratis] (custom)
2019-10-02 23:07:22,383 [main] INFO  hdfs.DFSUtil (DFSUtil.java:httpServerTemplateForNNAndJN(1641)) - Starting Web-server for hddsDatanode at: http://0.0.0.0:0
2019-10-02 23:07:22,385 [main] INFO  server.AuthenticationFilter (AuthenticationFilter.java:constructSecretProvider(240)) - Unable to initialize FileSignerSecretProvider, falling back to use random secrets.
2019-10-02 23:07:22,386 [main] WARN  http.HttpRequestLog (HttpRequestLog.java:getRequestLog(97)) - Jetty request log can only be enabled using Log4j
2019-10-02 23:07:22,389 [main] INFO  http.HttpServer2 (HttpServer2.java:addGlobalFilter(975)) - Added global filter 'safety' (class=org.apache.hadoop.http.HttpServer2$QuotingInputFilter)
2019-10-02 23:07:22,390 [main] INFO  http.HttpServer2 (HttpServer2.java:addFilter(948)) - Added filter static_user_filter (class=org.apache.hadoop.http.lib.StaticUserWebFilter$StaticUserFilter) to context hddsDatanode
2019-10-02 23:07:22,390 [main] INFO  http.HttpServer2 (HttpServer2.java:addFilter(958)) - Added filter static_user_filter (class=org.apache.hadoop.http.lib.StaticUserWebFilter$StaticUserFilter) to context logs
2019-10-02 23:07:22,390 [main] INFO  http.HttpServer2 (HttpServer2.java:addFilter(958)) - Added filter static_user_filter (class=org.apache.hadoop.http.lib.StaticUserWebFilter$StaticUserFilter) to context static
2019-10-02 23:07:22,391 [main] INFO  http.HttpServer2 (HttpServer2.java:bindListener(1191)) - Jetty bound to port 38194
2019-10-02 23:07:22,392 [main] INFO  server.Server (Server.java:doStart(351)) - jetty-9.3.25.v20180904, build timestamp: 2018-09-04T21:11:46Z, git hash: 3ce520221d0240229c862b122d2b06c12a625732
2019-10-02 23:07:22,396 [main] INFO  handler.ContextHandler (ContextHandler.java:doStart(781)) - Started o.e.j.s.ServletContextHandler@75d982d3{/logs,file:///workdir/hadoop-ozone/ozonefs/target/log,AVAILABLE}
2019-10-02 23:07:22,397 [main] INFO  handler.ContextHandler (ContextHandler.java:doStart(781)) - Started o.e.j.s.ServletContextHandler@618ff5c2{/static,jar:file:/home/user/.m2/repository/org/apache/hadoop/hadoop-hdds-container-service/0.5.0-SNAPSHOT/hadoop-hdds-container-service-0.5.0-SNAPSHOT.jar!/webapps/static,AVAILABLE}
2019-10-02 23:07:22,434 [main] INFO  handler.ContextHandler (ContextHandler.java:doStart(781)) - Started o.e.j.w.WebAppContext@6f911326{/,file:///tmp/jetty-0.0.0.0-38194-hddsDatanode-_-any-4060115125765498117.dir/webapp/,AVAILABLE}{/hddsDatanode}
2019-10-02 23:07:22,435 [main] INFO  server.AbstractConnector (AbstractConnector.java:doStart(278)) - Started ServerConnector@f1d0004{HTTP/1.1,[http/1.1]}{0.0.0.0:38194}
2019-10-02 23:07:22,436 [main] INFO  server.Server (Server.java:doStart(419)) - Started @5796ms
2019-10-02 23:07:22,437 [main] WARN  impl.MetricsSystemImpl (MetricsSystemImpl.java:register(276)) - Sink prometheus already exists!
2019-10-02 23:07:22,438 [main] INFO  server.BaseHttpServer (BaseHttpServer.java:updateConnectorAddress(215)) - HTTP server of HDDSDATANODE is listening at http://0.0.0.0:38194
2019-10-02 23:07:22,438 [main] INFO  impl.MetricsSystemImpl (MetricsSystemImpl.java:init(158)) - HddsDatanode metrics system started (again)
2019-10-02 23:07:22,441 [org.apache.hadoop.util.JvmPauseMonitor$Monitor@40b4f621] INFO  util.JvmPauseMonitor (JvmPauseMonitor.java:run(188)) - Starting JVM pause monitor
2019-10-02 23:07:22,442 [main] INFO  ozone.HddsDatanodeService (HddsDatanodeService.java:start(184)) - HddsDatanodeService host:pr-hdds1737-lts7z-2510321508 ip:192.168.30.30
2019-10-02 23:07:22,450 [main] INFO  volume.HddsVolume (HddsVolume.java:<init>(176)) - Creating Volume: /workdir/hadoop-ozone/ozonefs/target/test-dir/MiniOzoneClusterImpl-db40e1f5-9590-48f4-9ed0-cc05ceb932c2/datanode-2/data/containers/hdds of  storage type : DISK and capacity : 1482555576320
2019-10-02 23:07:22,450 [main] INFO  volume.VolumeSet (VolumeSet.java:initializeVolumeSet(170)) - Added Volume : /workdir/hadoop-ozone/ozonefs/target/test-dir/MiniOzoneClusterImpl-db40e1f5-9590-48f4-9ed0-cc05ceb932c2/datanode-2/data/containers/hdds to VolumeSet
2019-10-02 23:07:22,451 [main] INFO  volume.ThrottledAsyncChecker (ThrottledAsyncChecker.java:schedule(139)) - Scheduling a check for org.apache.hadoop.ozone.container.common.volume.HddsVolume@2370ac7a
2019-10-02 23:07:22,451 [main] INFO  volume.HddsVolumeChecker (HddsVolumeChecker.java:checkAllVolumes(202)) - Scheduled health check for volume org.apache.hadoop.ozone.container.common.volume.HddsVolume@2370ac7a
2019-10-02 23:07:22,454 [Datanode State Machine Thread - 0] INFO  datanode.InitDatanodeState (InitDatanodeState.java:persistContainerDatanodeDetails(140)) - DatanodeDetails is persisted to /workdir/hadoop-ozone/ozonefs/target/test-dir/MiniOzoneClusterImpl-db40e1f5-9590-48f4-9ed0-cc05ceb932c2/datanode-0/meta/datanode.id
2019-10-02 23:07:22,458 [Datanode State Machine Thread - 0] INFO  datanode.InitDatanodeState (InitDatanodeState.java:persistContainerDatanodeDetails(140)) - DatanodeDetails is persisted to /workdir/hadoop-ozone/ozonefs/target/test-dir/MiniOzoneClusterImpl-db40e1f5-9590-48f4-9ed0-cc05ceb932c2/datanode-1/meta/datanode.id
2019-10-02 23:07:22,480 [main] INFO  impl.RaftServerProxy (ConfUtils.java:logGet(43)) - raft.rpc.type = GRPC (default)
2019-10-02 23:07:22,480 [main] INFO  grpc.GrpcFactory (GrpcFactory.java:checkPooledByteBufAllocatorUseCacheForAllThreads(45)) - PERFORMANCE WARNING: useCacheForAllThreads is true that may cause Netty to create a lot garbage objects and, as a result, trigger GC.
	It is recommended to disable useCacheForAllThreads by setting -Dorg.apache.ratis.thirdparty.io.netty.allocator.useCacheForAllThreads=false in command line.
2019-10-02 23:07:22,481 [main] INFO  grpc.GrpcConfigKeys$Server (ConfUtils.java:logGet(43)) - raft.grpc.server.port = 0 (default)
2019-10-02 23:07:22,481 [main] INFO  server.GrpcService (ConfUtils.java:logGet(43)) - raft.grpc.message.size.max = 33570816 (custom)
2019-10-02 23:07:22,481 [main] INFO  server.RaftServerConfigKeys (ConfUtils.java:logGet(43)) - raft.server.log.appender.buffer.byte-limit = 33554432 (custom)
2019-10-02 23:07:22,482 [main] INFO  server.GrpcService (ConfUtils.java:logGet(43)) - raft.grpc.flow.control.window = 1MB (=1048576) (default)
2019-10-02 23:07:22,482 [main] INFO  server.RaftServerConfigKeys (ConfUtils.java:logGet(43)) - raft.server.rpc.request.timeout = 3000ms (default)
2019-10-02 23:07:22,483 [main] INFO  server.RaftServerConfigKeys (ConfUtils.java:logGet(43)) - raft.server.storage.dir = [/workdir/hadoop-ozone/ozonefs/target/test-dir/MiniOzoneClusterImpl-db40e1f5-9590-48f4-9ed0-cc05ceb932c2/datanode-2/data/ratis] (custom)
2019-10-02 23:07:22,485 [main] INFO  hdfs.DFSUtil (DFSUtil.java:httpServerTemplateForNNAndJN(1641)) - Starting Web-server for hddsDatanode at: http://0.0.0.0:0
2019-10-02 23:07:22,487 [main] INFO  server.AuthenticationFilter (AuthenticationFilter.java:constructSecretProvider(240)) - Unable to initialize FileSignerSecretProvider, falling back to use random secrets.
2019-10-02 23:07:22,488 [main] WARN  http.HttpRequestLog (HttpRequestLog.java:getRequestLog(97)) - Jetty request log can only be enabled using Log4j
2019-10-02 23:07:22,490 [main] INFO  http.HttpServer2 (HttpServer2.java:addGlobalFilter(975)) - Added global filter 'safety' (class=org.apache.hadoop.http.HttpServer2$QuotingInputFilter)
2019-10-02 23:07:22,491 [main] INFO  http.HttpServer2 (HttpServer2.java:addFilter(948)) - Added filter static_user_filter (class=org.apache.hadoop.http.lib.StaticUserWebFilter$StaticUserFilter) to context hddsDatanode
2019-10-02 23:07:22,491 [main] INFO  http.HttpServer2 (HttpServer2.java:addFilter(958)) - Added filter static_user_filter (class=org.apache.hadoop.http.lib.StaticUserWebFilter$StaticUserFilter) to context logs
2019-10-02 23:07:22,492 [main] INFO  http.HttpServer2 (HttpServer2.java:addFilter(958)) - Added filter static_user_filter (class=org.apache.hadoop.http.lib.StaticUserWebFilter$StaticUserFilter) to context static
2019-10-02 23:07:22,492 [main] INFO  http.HttpServer2 (HttpServer2.java:bindListener(1191)) - Jetty bound to port 44869
2019-10-02 23:07:22,493 [main] INFO  server.Server (Server.java:doStart(351)) - jetty-9.3.25.v20180904, build timestamp: 2018-09-04T21:11:46Z, git hash: 3ce520221d0240229c862b122d2b06c12a625732
2019-10-02 23:07:22,495 [main] INFO  handler.ContextHandler (ContextHandler.java:doStart(781)) - Started o.e.j.s.ServletContextHandler@74fab04a{/logs,file:///workdir/hadoop-ozone/ozonefs/target/log,AVAILABLE}
2019-10-02 23:07:22,496 [main] INFO  handler.ContextHandler (ContextHandler.java:doStart(781)) - Started o.e.j.s.ServletContextHandler@272ce069{/static,jar:file:/home/user/.m2/repository/org/apache/hadoop/hadoop-hdds-container-service/0.5.0-SNAPSHOT/hadoop-hdds-container-service-0.5.0-SNAPSHOT.jar!/webapps/static,AVAILABLE}
2019-10-02 23:07:22,527 [main] INFO  handler.ContextHandler (ContextHandler.java:doStart(781)) - Started o.e.j.w.WebAppContext@2a4f5433{/,file:///tmp/jetty-0.0.0.0-44869-hddsDatanode-_-any-2229256825413178980.dir/webapp/,AVAILABLE}{/hddsDatanode}
2019-10-02 23:07:22,529 [main] INFO  server.AbstractConnector (AbstractConnector.java:doStart(278)) - Started ServerConnector@6812fa3a{HTTP/1.1,[http/1.1]}{0.0.0.0:44869}
2019-10-02 23:07:22,530 [main] INFO  server.Server (Server.java:doStart(419)) - Started @5889ms
2019-10-02 23:07:22,530 [main] WARN  impl.MetricsSystemImpl (MetricsSystemImpl.java:register(276)) - Sink prometheus already exists!
2019-10-02 23:07:22,531 [main] INFO  server.BaseHttpServer (BaseHttpServer.java:updateConnectorAddress(215)) - HTTP server of HDDSDATANODE is listening at http://0.0.0.0:44869
2019-10-02 23:07:22,532 [main] INFO  ozone.MiniOzoneClusterImpl (MiniOzoneClusterImpl.java:lambda$waitForClusterToBeReady$0(147)) - Waiting for cluster to be ready. Got 0 of 3 DN Heartbeats.
2019-10-02 23:07:22,533 [org.apache.hadoop.util.JvmPauseMonitor$Monitor@141e3d0c] INFO  util.JvmPauseMonitor (JvmPauseMonitor.java:run(188)) - Starting JVM pause monitor
2019-10-02 23:07:22,535 [Datanode State Machine Thread - 0] INFO  datanode.InitDatanodeState (InitDatanodeState.java:persistContainerDatanodeDetails(140)) - DatanodeDetails is persisted to /workdir/hadoop-ozone/ozonefs/target/test-dir/MiniOzoneClusterImpl-db40e1f5-9590-48f4-9ed0-cc05ceb932c2/datanode-2/meta/datanode.id
2019-10-02 23:07:23,533 [main] INFO  ozone.MiniOzoneClusterImpl (MiniOzoneClusterImpl.java:lambda$waitForClusterToBeReady$0(147)) - Waiting for cluster to be ready. Got 0 of 3 DN Heartbeats.
2019-10-02 23:07:24,396 [Datanode State Machine Thread - 0] INFO  ozoneimpl.OzoneContainer (OzoneContainer.java:start(217)) - Attempting to start container services.
2019-10-02 23:07:24,398 [Datanode State Machine Thread - 0] INFO  ozoneimpl.OzoneContainer (OzoneContainer.java:startContainerScrub(179)) - Background container scanner has been disabled.
2019-10-02 23:07:24,398 [Datanode State Machine Thread - 0] INFO  ratis.XceiverServerRatis (XceiverServerRatis.java:start(417)) - Starting XceiverServerRatis 88546497-27f0-407e-9bbb-2c62d71194d1 at port 0
2019-10-02 23:07:24,415 [Datanode State Machine Thread - 0] INFO  impl.RaftServerProxy (RaftServerProxy.java:lambda$start$3(299)) - 88546497-27f0-407e-9bbb-2c62d71194d1: start RPC server
2019-10-02 23:07:24,468 [Datanode State Machine Thread - 0] INFO  ozoneimpl.OzoneContainer (OzoneContainer.java:start(217)) - Attempting to start container services.
2019-10-02 23:07:24,472 [Datanode State Machine Thread - 0] INFO  ozoneimpl.OzoneContainer (OzoneContainer.java:startContainerScrub(179)) - Background container scanner has been disabled.
2019-10-02 23:07:24,472 [Datanode State Machine Thread - 0] INFO  ratis.XceiverServerRatis (XceiverServerRatis.java:start(417)) - Starting XceiverServerRatis 4a07b8bd-1810-4004-a0cf-fe480705ee0c at port 0
2019-10-02 23:07:24,480 [Datanode State Machine Thread - 0] INFO  impl.RaftServerProxy (RaftServerProxy.java:lambda$start$3(299)) - 4a07b8bd-1810-4004-a0cf-fe480705ee0c: start RPC server
2019-10-02 23:07:24,533 [main] INFO  ozone.MiniOzoneClusterImpl (MiniOzoneClusterImpl.java:lambda$waitForClusterToBeReady$0(147)) - Waiting for cluster to be ready. Got 0 of 3 DN Heartbeats.
2019-10-02 23:07:24,560 [Datanode State Machine Thread - 0] INFO  ozoneimpl.OzoneContainer (OzoneContainer.java:start(217)) - Attempting to start container services.
2019-10-02 23:07:24,561 [Datanode State Machine Thread - 0] INFO  ozoneimpl.OzoneContainer (OzoneContainer.java:startContainerScrub(179)) - Background container scanner has been disabled.
2019-10-02 23:07:24,561 [Datanode State Machine Thread - 0] INFO  ratis.XceiverServerRatis (XceiverServerRatis.java:start(417)) - Starting XceiverServerRatis 2a20c779-9c13-4fc2-94e6-2994d1b044c3 at port 0
2019-10-02 23:07:24,577 [Datanode State Machine Thread - 0] INFO  impl.RaftServerProxy (RaftServerProxy.java:lambda$start$3(299)) - 2a20c779-9c13-4fc2-94e6-2994d1b044c3: start RPC server
2019-10-02 23:07:24,580 [Datanode State Machine Thread - 0] INFO  server.GrpcService (GrpcService.java:startImpl(158)) - 88546497-27f0-407e-9bbb-2c62d71194d1: GrpcService started, listening on 0.0.0.0/0.0.0.0:40294
2019-10-02 23:07:24,580 [Datanode State Machine Thread - 0] INFO  server.GrpcService (GrpcService.java:startImpl(158)) - 2a20c779-9c13-4fc2-94e6-2994d1b044c3: GrpcService started, listening on 0.0.0.0/0.0.0.0:38393
2019-10-02 23:07:24,580 [Datanode State Machine Thread - 0] INFO  server.GrpcService (GrpcService.java:startImpl(158)) - 4a07b8bd-1810-4004-a0cf-fe480705ee0c: GrpcService started, listening on 0.0.0.0/0.0.0.0:40240
2019-10-02 23:07:24,580 [Datanode State Machine Thread - 0] INFO  ratis.XceiverServerRatis (XceiverServerRatis.java:start(427)) - XceiverServerRatis 2a20c779-9c13-4fc2-94e6-2994d1b044c3 is started using port 38393
2019-10-02 23:07:24,580 [Datanode State Machine Thread - 0] INFO  ratis.XceiverServerRatis (XceiverServerRatis.java:start(427)) - XceiverServerRatis 88546497-27f0-407e-9bbb-2c62d71194d1 is started using port 40294
2019-10-02 23:07:24,581 [Datanode State Machine Thread - 0] INFO  ratis.XceiverServerRatis (XceiverServerRatis.java:start(427)) - XceiverServerRatis 4a07b8bd-1810-4004-a0cf-fe480705ee0c is started using port 40240
2019-10-02 23:07:24,586 [Datanode State Machine Thread - 0] INFO  server.XceiverServerGrpc (XceiverServerGrpc.java:start(149)) - XceiverServerGrpc 2a20c779-9c13-4fc2-94e6-2994d1b044c3 is started using port 33587
2019-10-02 23:07:24,586 [Datanode State Machine Thread - 0] INFO  server.XceiverServerGrpc (XceiverServerGrpc.java:start(149)) - XceiverServerGrpc 4a07b8bd-1810-4004-a0cf-fe480705ee0c is started using port 43396
2019-10-02 23:07:24,586 [Datanode State Machine Thread - 0] INFO  server.XceiverServerGrpc (XceiverServerGrpc.java:start(149)) - XceiverServerGrpc 88546497-27f0-407e-9bbb-2c62d71194d1 is started using port 39645
2019-10-02 23:07:25,534 [main] INFO  ozone.MiniOzoneClusterImpl (MiniOzoneClusterImpl.java:lambda$waitForClusterToBeReady$0(147)) - Waiting for cluster to be ready. Got 0 of 3 DN Heartbeats.
2019-10-02 23:07:26,372 [IPC Server handler 0 on 34248] INFO  net.NetworkTopology (NetworkTopologyImpl.java:add(111)) - Added a new node: /default-rack/88546497-27f0-407e-9bbb-2c62d71194d1
2019-10-02 23:07:26,373 [IPC Server handler 0 on 34248] INFO  node.SCMNodeManager (SCMNodeManager.java:register(266)) - Registered Data node : 88546497-27f0-407e-9bbb-2c62d71194d1{ip: 192.168.30.30, host: pr-hdds1737-lts7z-2510321508, networkLocation: /default-rack, certSerialId: null}
2019-10-02 23:07:26,377 [EventQueue-NodeRegistrationContainerReportForDataNodeSafeModeRule] INFO  safemode.SCMSafeModeManager (DataNodeSafeModeRule.java:process(71)) - SCM in safe mode. 1 DataNodes registered, 1 required.
2019-10-02 23:07:26,377 [EventQueue-NodeRegistrationContainerReportForDataNodeSafeModeRule] INFO  safemode.SCMSafeModeManager (SCMSafeModeManager.java:validateSafeModeExitRules(177)) - ScmSafeModeManager, all rules are successfully validated
2019-10-02 23:07:26,377 [EventQueue-NodeRegistrationContainerReportForDataNodeSafeModeRule] INFO  safemode.SCMSafeModeManager (SCMSafeModeManager.java:exitSafeMode(193)) - SCM exiting safe mode.
2019-10-02 23:07:26,444 [IPC Server handler 2 on 34248] INFO  net.NetworkTopology (NetworkTopologyImpl.java:add(111)) - Added a new node: /default-rack/4a07b8bd-1810-4004-a0cf-fe480705ee0c
2019-10-02 23:07:26,444 [IPC Server handler 2 on 34248] INFO  node.SCMNodeManager (SCMNodeManager.java:register(266)) - Registered Data node : 4a07b8bd-1810-4004-a0cf-fe480705ee0c{ip: 192.168.30.30, host: pr-hdds1737-lts7z-2510321508, networkLocation: /default-rack, certSerialId: null}
2019-10-02 23:07:26,535 [main] INFO  ozone.MiniOzoneClusterImpl (MiniOzoneClusterImpl.java:lambda$waitForClusterToBeReady$0(147)) - Waiting for cluster to be ready. Got 2 of 3 DN Heartbeats.
2019-10-02 23:07:26,536 [IPC Server handler 3 on 34248] INFO  net.NetworkTopology (NetworkTopologyImpl.java:add(111)) - Added a new node: /default-rack/2a20c779-9c13-4fc2-94e6-2994d1b044c3
2019-10-02 23:07:26,536 [IPC Server handler 3 on 34248] INFO  node.SCMNodeManager (SCMNodeManager.java:register(266)) - Registered Data node : 2a20c779-9c13-4fc2-94e6-2994d1b044c3{ip: 192.168.30.30, host: pr-hdds1737-lts7z-2510321508, networkLocation: /default-rack, certSerialId: null}
2019-10-02 23:07:26,936 [grpc-default-executor-0] INFO  impl.RaftServerProxy (RaftServerProxy.java:addNew(89)) - 88546497-27f0-407e-9bbb-2c62d71194d1: addNew group-812DA4EF8428:[88546497-27f0-407e-9bbb-2c62d71194d1:192.168.30.30:40294] returns group-812DA4EF8428:java.util.concurrent.CompletableFuture@743a39ec[Not completed]
2019-10-02 23:07:26,954 [pool-27-thread-1] INFO  impl.RaftServerImpl (RaftServerImpl.java:<init>(95)) - 88546497-27f0-407e-9bbb-2c62d71194d1: new RaftServerImpl for group-812DA4EF8428:[88546497-27f0-407e-9bbb-2c62d71194d1:192.168.30.30:40294] with ContainerStateMachine:uninitialized
2019-10-02 23:07:26,957 [pool-27-thread-1] INFO  server.RaftServerConfigKeys (ConfUtils.java:logGet(43)) - raft.server.rpc.timeout.min = 5s (custom)
2019-10-02 23:07:26,958 [pool-27-thread-1] INFO  server.RaftServerConfigKeys (ConfUtils.java:logGet(43)) - raft.server.rpc.timeout.max = 5200ms (custom)
2019-10-02 23:07:26,958 [pool-27-thread-1] INFO  server.RaftServerConfigKeys (ConfUtils.java:logGet(43)) - raft.server.rpcslowness.timeout = 120s (custom)
2019-10-02 23:07:26,958 [pool-27-thread-1] INFO  server.RaftServerConfigKeys (ConfUtils.java:logGet(43)) - raft.server.sleep.deviation.threshold = 300 (default)
2019-10-02 23:07:26,959 [pool-27-thread-1] INFO  server.RaftServerConfigKeys (ConfUtils.java:logGet(43)) - raft.server.log.appender.install.snapshot.enabled = false (custom)
2019-10-02 23:07:26,968 [pool-27-thread-1] INFO  impl.RaftServerImpl (ServerState.java:<init>(103)) - 88546497-27f0-407e-9bbb-2c62d71194d1@group-812DA4EF8428: ConfigurationManager, init=-1: [88546497-27f0-407e-9bbb-2c62d71194d1:192.168.30.30:40294], old=null, confs=<EMPTY_MAP>
2019-10-02 23:07:26,968 [pool-27-thread-1] INFO  server.RaftServerConfigKeys (ConfUtils.java:logGet(43)) - raft.server.storage.dir = [/workdir/hadoop-ozone/ozonefs/target/test-dir/MiniOzoneClusterImpl-db40e1f5-9590-48f4-9ed0-cc05ceb932c2/datanode-0/data/ratis] (custom)
2019-10-02 23:07:26,973 [pool-27-thread-1] INFO  server.RaftServerConfigKeys (ConfUtils.java:logGet(43)) - raft.server.log.corruption.policy = EXCEPTION (default)
2019-10-02 23:07:26,975 [pool-27-thread-1] INFO  storage.RaftStorageDirectory (RaftStorageDirectory.java:analyzeStorage(246)) - The storage directory /workdir/hadoop-ozone/ozonefs/target/test-dir/MiniOzoneClusterImpl-db40e1f5-9590-48f4-9ed0-cc05ceb932c2/datanode-0/data/ratis/34e95ae6-6d8c-4f9e-8ce1-812da4ef8428 does not exist. Creating ...
2019-10-02 23:07:27,259 [pool-27-thread-1] INFO  storage.RaftStorageDirectory (RaftStorageDirectory.java:tryLock(328)) - Lock on /workdir/hadoop-ozone/ozonefs/target/test-dir/MiniOzoneClusterImpl-db40e1f5-9590-48f4-9ed0-cc05ceb932c2/datanode-0/data/ratis/34e95ae6-6d8c-4f9e-8ce1-812da4ef8428/in_use.lock acquired by nodename 16001@pr-hdds1737-lts7z-2510321508
2019-10-02 23:07:27,280 [pool-27-thread-1] INFO  storage.RaftStorage (RaftStorage.java:format(84)) - Storage directory /workdir/hadoop-ozone/ozonefs/target/test-dir/MiniOzoneClusterImpl-db40e1f5-9590-48f4-9ed0-cc05ceb932c2/datanode-0/data/ratis/34e95ae6-6d8c-4f9e-8ce1-812da4ef8428 has been successfully formatted.
2019-10-02 23:07:27,284 [pool-27-thread-1] INFO  ratis.ContainerStateMachine (ContainerStateMachine.java:loadSnapshot(230)) - group-812DA4EF8428: The snapshot info is null. Setting the last applied indexto:(t:0, i:~)
2019-10-02 23:07:27,284 [pool-27-thread-1] INFO  server.RaftServerConfigKeys (ConfUtils.java:logGet(43)) - raft.server.notification.no-leader.timeout = 120s (custom)
2019-10-02 23:07:27,287 [pool-27-thread-1] INFO  server.RaftServerConfigKeys (ConfUtils.java:logGet(43)) - raft.server.log.use.memory = false (default)
2019-10-02 23:07:27,294 [pool-27-thread-1] INFO  server.RaftServerConfigKeys (ConfUtils.java:logGet(43)) - raft.server.log.purge.gap = 1000000 (custom)
2019-10-02 23:07:27,294 [pool-27-thread-1] INFO  server.RaftServerConfigKeys (ConfUtils.java:logGet(43)) - raft.server.log.appender.buffer.byte-limit = 33554432 (custom)
2019-10-02 23:07:27,297 [pool-27-thread-1] INFO  server.RaftServerConfigKeys (ConfUtils.java:logGet(43)) - raft.server.log.segment.size.max = 1048576 (custom)
2019-10-02 23:07:27,299 [pool-27-thread-1] INFO  impl.MetricsSystemImpl (MetricsSystemImpl.java:init(158)) - ratis metrics system started (again)
2019-10-02 23:07:27,304 [pool-27-thread-1] INFO  metrics.MetricRegistries (MetricRegistriesLoader.java:load(64)) - Loaded MetricRegistries class org.apache.ratis.metrics.impl.MetricRegistriesImpl
2019-10-02 23:07:27,345 [pool-27-thread-1] INFO  server.RaftServerConfigKeys (ConfUtils.java:logGet(43)) - raft.server.log.segment.cache.num.max = 2 (custom)
2019-10-02 23:07:27,351 [pool-27-thread-1] INFO  segmented.SegmentedRaftLogWorker (SegmentedRaftLogWorker.java:<init>(173)) - new 88546497-27f0-407e-9bbb-2c62d71194d1@group-812DA4EF8428-SegmentedRaftLogWorker for RaftStorage:Storage Directory /workdir/hadoop-ozone/ozonefs/target/test-dir/MiniOzoneClusterImpl-db40e1f5-9590-48f4-9ed0-cc05ceb932c2/datanode-0/data/ratis/34e95ae6-6d8c-4f9e-8ce1-812da4ef8428
2019-10-02 23:07:27,352 [pool-27-thread-1] INFO  server.RaftServerConfigKeys (ConfUtils.java:logGet(43)) - raft.server.log.queue.byte-limit = 2147483647 (custom)
2019-10-02 23:07:27,352 [pool-27-thread-1] INFO  server.RaftServerConfigKeys (ConfUtils.java:logGet(43)) - raft.server.log.queue.element-limit = 1024 (custom)
2019-10-02 23:07:27,354 [pool-27-thread-1] INFO  server.RaftServerConfigKeys (ConfUtils.java:logGet(43)) - raft.server.log.segment.size.max = 1048576 (custom)
2019-10-02 23:07:27,354 [pool-27-thread-1] INFO  server.RaftServerConfigKeys (ConfUtils.java:logGet(43)) - raft.server.log.preallocated.size = 16384 (custom)
2019-10-02 23:07:27,354 [pool-27-thread-1] INFO  server.RaftServerConfigKeys (ConfUtils.java:logGet(43)) - raft.server.log.write.buffer.size = 33554432 (custom)
2019-10-02 23:07:27,355 [pool-27-thread-1] INFO  server.RaftServerConfigKeys (ConfUtils.java:logGet(43)) - raft.server.log.force.sync.num = 128 (default)
2019-10-02 23:07:27,356 [pool-27-thread-1] INFO  server.RaftServerConfigKeys (ConfUtils.java:logGet(43)) - raft.server.log.statemachine.data.sync = true (default)
2019-10-02 23:07:27,356 [pool-27-thread-1] INFO  server.RaftServerConfigKeys (ConfUtils.java:logGet(43)) - raft.server.log.statemachine.data.sync.timeout = 10s (default)
2019-10-02 23:07:27,357 [pool-27-thread-1] INFO  server.RaftServerConfigKeys (ConfUtils.java:logGet(43)) - raft.server.log.statemachine.data.sync.timeout.retry = -1 (default)
2019-10-02 23:07:27,369 [pool-27-thread-1] INFO  server.RaftServerConfigKeys (ConfUtils.java:logGet(43)) - raft.server.log.statemachine.data.caching.enabled = true (custom)
2019-10-02 23:07:27,374 [pool-27-thread-1] INFO  segmented.SegmentedRaftLogWorker (SegmentedRaftLogWorker.java:lambda$new$0(128)) - 88546497-27f0-407e-9bbb-2c62d71194d1@group-812DA4EF8428-SegmentedRaftLogWorker: flushIndex: setUnconditionally 0 -> -1
2019-10-02 23:07:27,378 [pool-27-thread-1] INFO  server.RaftServerConfigKeys (ConfUtils.java:logGet(43)) - raft.server.snapshot.auto.trigger.enabled = true (custom)
2019-10-02 23:07:27,379 [pool-27-thread-1] INFO  server.RaftServerConfigKeys (ConfUtils.java:logGet(43)) - raft.server.snapshot.auto.trigger.threshold = 10000 (custom)
2019-10-02 23:07:27,379 [pool-27-thread-1] INFO  server.RaftServerConfigKeys (ConfUtils.java:logGet(43)) - raft.server.snapshot.retention.file.num = 5 (custom)
2019-10-02 23:07:27,380 [pool-27-thread-1] INFO  server.RaftServerConfigKeys (ConfUtils.java:logGet(43)) - raft.server.retrycache.expirytime = 600000ms (custom)
2019-10-02 23:07:27,408 [pool-27-thread-1] INFO  impl.RaftServerImpl (RaftServerImpl.java:start(181)) - 88546497-27f0-407e-9bbb-2c62d71194d1@group-812DA4EF8428: start as a follower, conf=-1: [88546497-27f0-407e-9bbb-2c62d71194d1:192.168.30.30:40294], old=null
2019-10-02 23:07:27,409 [pool-27-thread-1] INFO  impl.RaftServerImpl (RaftServerImpl.java:setRole(170)) - 88546497-27f0-407e-9bbb-2c62d71194d1@group-812DA4EF8428: changes role from      null to FOLLOWER at term 0 for startAsFollower
2019-10-02 23:07:27,411 [pool-27-thread-1] INFO  impl.RoleInfo (RoleInfo.java:updateAndGet(143)) - 88546497-27f0-407e-9bbb-2c62d71194d1: start FollowerState
2019-10-02 23:07:27,412 [pool-27-thread-1] INFO  util.JmxRegister (JmxRegister.java:tryRegister(44)) - Successfully registered JMX Bean with object name Ratis:service=RaftServer,group=group-812DA4EF8428,id=88546497-27f0-407e-9bbb-2c62d71194d1
2019-10-02 23:07:27,484 [RatisPipelineUtilsThread] INFO  pipeline.PipelineStateManager (PipelineStateManager.java:addPipeline(56)) - Created pipeline Pipeline[ Id: 34e95ae6-6d8c-4f9e-8ce1-812da4ef8428, Nodes: 88546497-27f0-407e-9bbb-2c62d71194d1{ip: 192.168.30.30, host: pr-hdds1737-lts7z-2510321508, networkLocation: /default-rack, certSerialId: null}, Type:RATIS, Factor:ONE, State:OPEN]
2019-10-02 23:07:27,501 [grpc-default-executor-0] INFO  impl.RaftServerProxy (RaftServerProxy.java:addNew(89)) - 4a07b8bd-1810-4004-a0cf-fe480705ee0c: addNew group-1C82AC497B44:[4a07b8bd-1810-4004-a0cf-fe480705ee0c:192.168.30.30:40240] returns group-1C82AC497B44:java.util.concurrent.CompletableFuture@12f7cf1c[Not completed]
2019-10-02 23:07:27,533 [pool-37-thread-1] INFO  impl.RaftServerImpl (RaftServerImpl.java:<init>(95)) - 4a07b8bd-1810-4004-a0cf-fe480705ee0c: new RaftServerImpl for group-1C82AC497B44:[4a07b8bd-1810-4004-a0cf-fe480705ee0c:192.168.30.30:40240] with ContainerStateMachine:uninitialized
2019-10-02 23:07:27,535 [pool-37-thread-1] INFO  server.RaftServerConfigKeys (ConfUtils.java:logGet(43)) - raft.server.rpc.timeout.min = 5s (custom)
2019-10-02 23:07:27,535 [pool-37-thread-1] INFO  server.RaftServerConfigKeys (ConfUtils.java:logGet(43)) - raft.server.rpc.timeout.max = 5200ms (custom)
2019-10-02 23:07:27,535 [pool-37-thread-1] INFO  server.RaftServerConfigKeys (ConfUtils.java:logGet(43)) - raft.server.rpcslowness.timeout = 120s (custom)
2019-10-02 23:07:27,535 [pool-37-thread-1] INFO  server.RaftServerConfigKeys (ConfUtils.java:logGet(43)) - raft.server.sleep.deviation.threshold = 300 (default)
2019-10-02 23:07:27,536 [pool-37-thread-1] INFO  server.RaftServerConfigKeys (ConfUtils.java:logGet(43)) - raft.server.log.appender.install.snapshot.enabled = false (custom)
2019-10-02 23:07:27,536 [main] INFO  ozone.MiniOzoneClusterImpl (MiniOzoneClusterImpl.java:lambda$waitForClusterToBeReady$0(147)) - Cluster is ready. Got 3 of 3 DN Heartbeats.
2019-10-02 23:07:27,536 [pool-37-thread-1] INFO  impl.RaftServerImpl (ServerState.java:<init>(103)) - 4a07b8bd-1810-4004-a0cf-fe480705ee0c@group-1C82AC497B44: ConfigurationManager, init=-1: [4a07b8bd-1810-4004-a0cf-fe480705ee0c:192.168.30.30:40240], old=null, confs=<EMPTY_MAP>
2019-10-02 23:07:27,536 [pool-37-thread-1] INFO  server.RaftServerConfigKeys (ConfUtils.java:logGet(43)) - raft.server.storage.dir = [/workdir/hadoop-ozone/ozonefs/target/test-dir/MiniOzoneClusterImpl-db40e1f5-9590-48f4-9ed0-cc05ceb932c2/datanode-1/data/ratis] (custom)
2019-10-02 23:07:27,537 [pool-37-thread-1] INFO  server.RaftServerConfigKeys (ConfUtils.java:logGet(43)) - raft.server.log.corruption.policy = EXCEPTION (default)
2019-10-02 23:07:27,537 [pool-37-thread-1] INFO  storage.RaftStorageDirectory (RaftStorageDirectory.java:analyzeStorage(246)) - The storage directory /workdir/hadoop-ozone/ozonefs/target/test-dir/MiniOzoneClusterImpl-db40e1f5-9590-48f4-9ed0-cc05ceb932c2/datanode-1/data/ratis/4fd9b10a-6197-44a7-a77a-1c82ac497b44 does not exist. Creating ...
2019-10-02 23:07:27,569 [pool-37-thread-1] INFO  storage.RaftStorageDirectory (RaftStorageDirectory.java:tryLock(328)) - Lock on /workdir/hadoop-ozone/ozonefs/target/test-dir/MiniOzoneClusterImpl-db40e1f5-9590-48f4-9ed0-cc05ceb932c2/datanode-1/data/ratis/4fd9b10a-6197-44a7-a77a-1c82ac497b44/in_use.lock acquired by nodename 16001@pr-hdds1737-lts7z-2510321508
2019-10-02 23:07:27,594 [pool-37-thread-1] INFO  storage.RaftStorage (RaftStorage.java:format(84)) - Storage directory /workdir/hadoop-ozone/ozonefs/target/test-dir/MiniOzoneClusterImpl-db40e1f5-9590-48f4-9ed0-cc05ceb932c2/datanode-1/data/ratis/4fd9b10a-6197-44a7-a77a-1c82ac497b44 has been successfully formatted.
2019-10-02 23:07:27,596 [pool-37-thread-1] INFO  ratis.ContainerStateMachine (ContainerStateMachine.java:loadSnapshot(230)) - group-1C82AC497B44: The snapshot info is null. Setting the last applied indexto:(t:0, i:~)
2019-10-02 23:07:27,600 [pool-37-thread-1] INFO  server.RaftServerConfigKeys (ConfUtils.java:logGet(43)) - raft.server.notification.no-leader.timeout = 120s (custom)
2019-10-02 23:07:27,600 [pool-37-thread-1] INFO  server.RaftServerConfigKeys (ConfUtils.java:logGet(43)) - raft.server.log.use.memory = false (default)
2019-10-02 23:07:27,600 [pool-37-thread-1] INFO  server.RaftServerConfigKeys (ConfUtils.java:logGet(43)) - raft.server.log.purge.gap = 1000000 (custom)
2019-10-02 23:07:27,600 [pool-37-thread-1] INFO  server.RaftServerConfigKeys (ConfUtils.java:logGet(43)) - raft.server.log.appender.buffer.byte-limit = 33554432 (custom)
2019-10-02 23:07:27,600 [pool-37-thread-1] INFO  server.RaftServerConfigKeys (ConfUtils.java:logGet(43)) - raft.server.log.segment.size.max = 1048576 (custom)
2019-10-02 23:07:27,604 [pool-37-thread-1] INFO  server.RaftServerConfigKeys (ConfUtils.java:logGet(43)) - raft.server.log.segment.cache.num.max = 2 (custom)
2019-10-02 23:07:27,604 [pool-37-thread-1] INFO  segmented.SegmentedRaftLogWorker (SegmentedRaftLogWorker.java:<init>(173)) - new 4a07b8bd-1810-4004-a0cf-fe480705ee0c@group-1C82AC497B44-SegmentedRaftLogWorker for RaftStorage:Storage Directory /workdir/hadoop-ozone/ozonefs/target/test-dir/MiniOzoneClusterImpl-db40e1f5-9590-48f4-9ed0-cc05ceb932c2/datanode-1/data/ratis/4fd9b10a-6197-44a7-a77a-1c82ac497b44
2019-10-02 23:07:27,605 [pool-37-thread-1] INFO  server.RaftServerConfigKeys (ConfUtils.java:logGet(43)) - raft.server.log.queue.byte-limit = 2147483647 (custom)
2019-10-02 23:07:27,605 [pool-37-thread-1] INFO  server.RaftServerConfigKeys (ConfUtils.java:logGet(43)) - raft.server.log.queue.element-limit = 1024 (custom)
2019-10-02 23:07:27,605 [pool-37-thread-1] INFO  server.RaftServerConfigKeys (ConfUtils.java:logGet(43)) - raft.server.log.segment.size.max = 1048576 (custom)
2019-10-02 23:07:27,605 [pool-37-thread-1] INFO  server.RaftServerConfigKeys (ConfUtils.java:logGet(43)) - raft.server.log.preallocated.size = 16384 (custom)
2019-10-02 23:07:27,606 [pool-37-thread-1] INFO  server.RaftServerConfigKeys (ConfUtils.java:logGet(43)) - raft.server.log.write.buffer.size = 33554432 (custom)
2019-10-02 23:07:27,606 [pool-37-thread-1] INFO  server.RaftServerConfigKeys (ConfUtils.java:logGet(43)) - raft.server.log.force.sync.num = 128 (default)
2019-10-02 23:07:27,606 [pool-37-thread-1] INFO  server.RaftServerConfigKeys (ConfUtils.java:logGet(43)) - raft.server.log.statemachine.data.sync = true (default)
2019-10-02 23:07:27,606 [pool-37-thread-1] INFO  server.RaftServerConfigKeys (ConfUtils.java:logGet(43)) - raft.server.log.statemachine.data.sync.timeout = 10s (default)
2019-10-02 23:07:27,606 [pool-37-thread-1] INFO  server.RaftServerConfigKeys (ConfUtils.java:logGet(43)) - raft.server.log.statemachine.data.sync.timeout.retry = -1 (default)
2019-10-02 23:07:27,607 [pool-37-thread-1] INFO  server.RaftServerConfigKeys (ConfUtils.java:logGet(43)) - raft.server.log.statemachine.data.caching.enabled = true (custom)
2019-10-02 23:07:27,607 [pool-37-thread-1] INFO  segmented.SegmentedRaftLogWorker (SegmentedRaftLogWorker.java:lambda$new$0(128)) - 4a07b8bd-1810-4004-a0cf-fe480705ee0c@group-1C82AC497B44-SegmentedRaftLogWorker: flushIndex: setUnconditionally 0 -> -1
2019-10-02 23:07:27,607 [pool-37-thread-1] INFO  server.RaftServerConfigKeys (ConfUtils.java:logGet(43)) - raft.server.snapshot.auto.trigger.enabled = true (custom)
2019-10-02 23:07:27,607 [pool-37-thread-1] INFO  server.RaftServerConfigKeys (ConfUtils.java:logGet(43)) - raft.server.snapshot.auto.trigger.threshold = 10000 (custom)
2019-10-02 23:07:27,608 [pool-37-thread-1] INFO  server.RaftServerConfigKeys (ConfUtils.java:logGet(43)) - raft.server.snapshot.retention.file.num = 5 (custom)
2019-10-02 23:07:27,608 [pool-37-thread-1] INFO  server.RaftServerConfigKeys (ConfUtils.java:logGet(43)) - raft.server.retrycache.expirytime = 600000ms (custom)
2019-10-02 23:07:27,611 [pool-37-thread-1] INFO  impl.RaftServerImpl (RaftServerImpl.java:start(181)) - 4a07b8bd-1810-4004-a0cf-fe480705ee0c@group-1C82AC497B44: start as a follower, conf=-1: [4a07b8bd-1810-4004-a0cf-fe480705ee0c:192.168.30.30:40240], old=null
2019-10-02 23:07:27,611 [pool-37-thread-1] INFO  impl.RaftServerImpl (RaftServerImpl.java:setRole(170)) - 4a07b8bd-1810-4004-a0cf-fe480705ee0c@group-1C82AC497B44: changes role from      null to FOLLOWER at term 0 for startAsFollower
2019-10-02 23:07:27,611 [pool-37-thread-1] INFO  impl.RoleInfo (RoleInfo.java:updateAndGet(143)) - 4a07b8bd-1810-4004-a0cf-fe480705ee0c: start FollowerState
2019-10-02 23:07:27,612 [pool-37-thread-1] INFO  util.JmxRegister (JmxRegister.java:tryRegister(44)) - Successfully registered JMX Bean with object name Ratis:service=RaftServer,group=group-1C82AC497B44,id=4a07b8bd-1810-4004-a0cf-fe480705ee0c
2019-10-02 23:07:27,655 [RatisPipelineUtilsThread] INFO  pipeline.PipelineStateManager (PipelineStateManager.java:addPipeline(56)) - Created pipeline Pipeline[ Id: 4fd9b10a-6197-44a7-a77a-1c82ac497b44, Nodes: 4a07b8bd-1810-4004-a0cf-fe480705ee0c{ip: 192.168.30.30, host: pr-hdds1737-lts7z-2510321508, networkLocation: /default-rack, certSerialId: null}, Type:RATIS, Factor:ONE, State:OPEN]
2019-10-02 23:07:27,674 [grpc-default-executor-0] INFO  impl.RaftServerProxy (RaftServerProxy.java:addNew(89)) - 2a20c779-9c13-4fc2-94e6-2994d1b044c3: addNew group-34760671A583:[2a20c779-9c13-4fc2-94e6-2994d1b044c3:192.168.30.30:38393] returns group-34760671A583:java.util.concurrent.CompletableFuture@1f190fba[Not completed]
2019-10-02 23:07:27,692 [pool-47-thread-1] INFO  impl.RaftServerImpl (RaftServerImpl.java:<init>(95)) - 2a20c779-9c13-4fc2-94e6-2994d1b044c3: new RaftServerImpl for group-34760671A583:[2a20c779-9c13-4fc2-94e6-2994d1b044c3:192.168.30.30:38393] with ContainerStateMachine:uninitialized
2019-10-02 23:07:27,693 [pool-47-thread-1] INFO  server.RaftServerConfigKeys (ConfUtils.java:logGet(43)) - raft.server.rpc.timeout.min = 5s (custom)
2019-10-02 23:07:27,694 [pool-47-thread-1] INFO  server.RaftServerConfigKeys (ConfUtils.java:logGet(43)) - raft.server.rpc.timeout.max = 5200ms (custom)
2019-10-02 23:07:27,694 [pool-47-thread-1] INFO  server.RaftServerConfigKeys (ConfUtils.java:logGet(43)) - raft.server.rpcslowness.timeout = 120s (custom)
2019-10-02 23:07:27,694 [pool-47-thread-1] INFO  server.RaftServerConfigKeys (ConfUtils.java:logGet(43)) - raft.server.sleep.deviation.threshold = 300 (default)
2019-10-02 23:07:27,694 [pool-47-thread-1] INFO  server.RaftServerConfigKeys (ConfUtils.java:logGet(43)) - raft.server.log.appender.install.snapshot.enabled = false (custom)
2019-10-02 23:07:27,694 [pool-47-thread-1] INFO  impl.RaftServerImpl (ServerState.java:<init>(103)) - 2a20c779-9c13-4fc2-94e6-2994d1b044c3@group-34760671A583: ConfigurationManager, init=-1: [2a20c779-9c13-4fc2-94e6-2994d1b044c3:192.168.30.30:38393], old=null, confs=<EMPTY_MAP>
2019-10-02 23:07:27,695 [pool-47-thread-1] INFO  server.RaftServerConfigKeys (ConfUtils.java:logGet(43)) - raft.server.storage.dir = [/workdir/hadoop-ozone/ozonefs/target/test-dir/MiniOzoneClusterImpl-db40e1f5-9590-48f4-9ed0-cc05ceb932c2/datanode-2/data/ratis] (custom)
2019-10-02 23:07:27,695 [pool-47-thread-1] INFO  server.RaftServerConfigKeys (ConfUtils.java:logGet(43)) - raft.server.log.corruption.policy = EXCEPTION (default)
2019-10-02 23:07:27,695 [pool-47-thread-1] INFO  storage.RaftStorageDirectory (RaftStorageDirectory.java:analyzeStorage(246)) - The storage directory /workdir/hadoop-ozone/ozonefs/target/test-dir/MiniOzoneClusterImpl-db40e1f5-9590-48f4-9ed0-cc05ceb932c2/datanode-2/data/ratis/ef1746af-36cc-48ff-a545-34760671a583 does not exist. Creating ...
2019-10-02 23:07:27,720 [pool-47-thread-1] INFO  storage.RaftStorageDirectory (RaftStorageDirectory.java:tryLock(328)) - Lock on /workdir/hadoop-ozone/ozonefs/target/test-dir/MiniOzoneClusterImpl-db40e1f5-9590-48f4-9ed0-cc05ceb932c2/datanode-2/data/ratis/ef1746af-36cc-48ff-a545-34760671a583/in_use.lock acquired by nodename 16001@pr-hdds1737-lts7z-2510321508
2019-10-02 23:07:27,745 [pool-47-thread-1] INFO  storage.RaftStorage (RaftStorage.java:format(84)) - Storage directory /workdir/hadoop-ozone/ozonefs/target/test-dir/MiniOzoneClusterImpl-db40e1f5-9590-48f4-9ed0-cc05ceb932c2/datanode-2/data/ratis/ef1746af-36cc-48ff-a545-34760671a583 has been successfully formatted.
2019-10-02 23:07:27,747 [pool-47-thread-1] INFO  ratis.ContainerStateMachine (ContainerStateMachine.java:loadSnapshot(230)) - group-34760671A583: The snapshot info is null. Setting the last applied indexto:(t:0, i:~)
2019-10-02 23:07:27,747 [pool-47-thread-1] INFO  server.RaftServerConfigKeys (ConfUtils.java:logGet(43)) - raft.server.notification.no-leader.timeout = 120s (custom)
2019-10-02 23:07:27,747 [pool-47-thread-1] INFO  server.RaftServerConfigKeys (ConfUtils.java:logGet(43)) - raft.server.log.use.memory = false (default)
2019-10-02 23:07:27,748 [pool-47-thread-1] INFO  server.RaftServerConfigKeys (ConfUtils.java:logGet(43)) - raft.server.log.purge.gap = 1000000 (custom)
2019-10-02 23:07:27,748 [pool-47-thread-1] INFO  server.RaftServerConfigKeys (ConfUtils.java:logGet(43)) - raft.server.log.appender.buffer.byte-limit = 33554432 (custom)
2019-10-02 23:07:27,749 [pool-47-thread-1] INFO  server.RaftServerConfigKeys (ConfUtils.java:logGet(43)) - raft.server.log.segment.size.max = 1048576 (custom)
2019-10-02 23:07:27,774 [pool-47-thread-1] INFO  server.RaftServerConfigKeys (ConfUtils.java:logGet(43)) - raft.server.log.segment.cache.num.max = 2 (custom)
2019-10-02 23:07:27,774 [pool-47-thread-1] INFO  segmented.SegmentedRaftLogWorker (SegmentedRaftLogWorker.java:<init>(173)) - new 2a20c779-9c13-4fc2-94e6-2994d1b044c3@group-34760671A583-SegmentedRaftLogWorker for RaftStorage:Storage Directory /workdir/hadoop-ozone/ozonefs/target/test-dir/MiniOzoneClusterImpl-db40e1f5-9590-48f4-9ed0-cc05ceb932c2/datanode-2/data/ratis/ef1746af-36cc-48ff-a545-34760671a583
2019-10-02 23:07:27,775 [pool-47-thread-1] INFO  server.RaftServerConfigKeys (ConfUtils.java:logGet(43)) - raft.server.log.queue.byte-limit = 2147483647 (custom)
2019-10-02 23:07:27,775 [pool-47-thread-1] INFO  server.RaftServerConfigKeys (ConfUtils.java:logGet(43)) - raft.server.log.queue.element-limit = 1024 (custom)
2019-10-02 23:07:27,775 [pool-47-thread-1] INFO  server.RaftServerConfigKeys (ConfUtils.java:logGet(43)) - raft.server.log.segment.size.max = 1048576 (custom)
2019-10-02 23:07:27,775 [pool-47-thread-1] INFO  server.RaftServerConfigKeys (ConfUtils.java:logGet(43)) - raft.server.log.preallocated.size = 16384 (custom)
2019-10-02 23:07:27,775 [pool-47-thread-1] INFO  server.RaftServerConfigKeys (ConfUtils.java:logGet(43)) - raft.server.log.write.buffer.size = 33554432 (custom)
2019-10-02 23:07:27,776 [pool-47-thread-1] INFO  server.RaftServerConfigKeys (ConfUtils.java:logGet(43)) - raft.server.log.force.sync.num = 128 (default)
2019-10-02 23:07:27,776 [pool-47-thread-1] INFO  server.RaftServerConfigKeys (ConfUtils.java:logGet(43)) - raft.server.log.statemachine.data.sync = true (default)
2019-10-02 23:07:27,776 [pool-47-thread-1] INFO  server.RaftServerConfigKeys (ConfUtils.java:logGet(43)) - raft.server.log.statemachine.data.sync.timeout = 10s (default)
2019-10-02 23:07:27,776 [pool-47-thread-1] INFO  server.RaftServerConfigKeys (ConfUtils.java:logGet(43)) - raft.server.log.statemachine.data.sync.timeout.retry = -1 (default)
2019-10-02 23:07:27,778 [pool-47-thread-1] INFO  server.RaftServerConfigKeys (ConfUtils.java:logGet(43)) - raft.server.log.statemachine.data.caching.enabled = true (custom)
2019-10-02 23:07:27,778 [pool-47-thread-1] INFO  segmented.SegmentedRaftLogWorker (SegmentedRaftLogWorker.java:lambda$new$0(128)) - 2a20c779-9c13-4fc2-94e6-2994d1b044c3@group-34760671A583-SegmentedRaftLogWorker: flushIndex: setUnconditionally 0 -> -1
2019-10-02 23:07:27,779 [pool-47-thread-1] INFO  server.RaftServerConfigKeys (ConfUtils.java:logGet(43)) - raft.server.snapshot.auto.trigger.enabled = true (custom)
2019-10-02 23:07:27,779 [pool-47-thread-1] INFO  server.RaftServerConfigKeys (ConfUtils.java:logGet(43)) - raft.server.snapshot.auto.trigger.threshold = 10000 (custom)
2019-10-02 23:07:27,779 [pool-47-thread-1] INFO  server.RaftServerConfigKeys (ConfUtils.java:logGet(43)) - raft.server.snapshot.retention.file.num = 5 (custom)
2019-10-02 23:07:27,780 [pool-47-thread-1] INFO  server.RaftServerConfigKeys (ConfUtils.java:logGet(43)) - raft.server.retrycache.expirytime = 600000ms (custom)
2019-10-02 23:07:27,786 [pool-47-thread-1] INFO  impl.RaftServerImpl (RaftServerImpl.java:start(181)) - 2a20c779-9c13-4fc2-94e6-2994d1b044c3@group-34760671A583: start as a follower, conf=-1: [2a20c779-9c13-4fc2-94e6-2994d1b044c3:192.168.30.30:38393], old=null
2019-10-02 23:07:27,786 [pool-47-thread-1] INFO  impl.RaftServerImpl (RaftServerImpl.java:setRole(170)) - 2a20c779-9c13-4fc2-94e6-2994d1b044c3@group-34760671A583: changes role from      null to FOLLOWER at term 0 for startAsFollower
2019-10-02 23:07:27,787 [pool-47-thread-1] INFO  impl.RoleInfo (RoleInfo.java:updateAndGet(143)) - 2a20c779-9c13-4fc2-94e6-2994d1b044c3: start FollowerState
2019-10-02 23:07:27,787 [pool-47-thread-1] INFO  util.JmxRegister (JmxRegister.java:tryRegister(44)) - Successfully registered JMX Bean with object name Ratis:service=RaftServer,group=group-34760671A583,id=2a20c779-9c13-4fc2-94e6-2994d1b044c3
2019-10-02 23:07:27,805 [RatisPipelineUtilsThread] INFO  pipeline.PipelineStateManager (PipelineStateManager.java:addPipeline(56)) - Created pipeline Pipeline[ Id: ef1746af-36cc-48ff-a545-34760671a583, Nodes: 2a20c779-9c13-4fc2-94e6-2994d1b044c3{ip: 192.168.30.30, host: pr-hdds1737-lts7z-2510321508, networkLocation: /default-rack, certSerialId: null}, Type:RATIS, Factor:ONE, State:OPEN]
2019-10-02 23:07:27,836 [grpc-default-executor-0] INFO  impl.RaftServerProxy (RaftServerProxy.java:addNew(89)) - 4a07b8bd-1810-4004-a0cf-fe480705ee0c: addNew group-3C34DBB419C6:[4a07b8bd-1810-4004-a0cf-fe480705ee0c:192.168.30.30:40240, 2a20c779-9c13-4fc2-94e6-2994d1b044c3:192.168.30.30:38393, 88546497-27f0-407e-9bbb-2c62d71194d1:192.168.30.30:40294] returns group-3C34DBB419C6:java.util.concurrent.CompletableFuture@52219bbc[Not completed]
2019-10-02 23:07:27,838 [grpc-default-executor-1] INFO  impl.RaftServerProxy (RaftServerProxy.java:addNew(89)) - 2a20c779-9c13-4fc2-94e6-2994d1b044c3: addNew group-3C34DBB419C6:[4a07b8bd-1810-4004-a0cf-fe480705ee0c:192.168.30.30:40240, 2a20c779-9c13-4fc2-94e6-2994d1b044c3:192.168.30.30:38393, 88546497-27f0-407e-9bbb-2c62d71194d1:192.168.30.30:40294] returns group-3C34DBB419C6:java.util.concurrent.CompletableFuture@138e282b[Not completed]
2019-10-02 23:07:27,839 [grpc-default-executor-2] INFO  impl.RaftServerProxy (RaftServerProxy.java:addNew(89)) - 88546497-27f0-407e-9bbb-2c62d71194d1: addNew group-3C34DBB419C6:[4a07b8bd-1810-4004-a0cf-fe480705ee0c:192.168.30.30:40240, 2a20c779-9c13-4fc2-94e6-2994d1b044c3:192.168.30.30:38393, 88546497-27f0-407e-9bbb-2c62d71194d1:192.168.30.30:40294] returns group-3C34DBB419C6:java.util.concurrent.CompletableFuture@63a15fb2[Not completed]
2019-10-02 23:07:27,840 [pool-37-thread-1] INFO  impl.RaftServerImpl (RaftServerImpl.java:<init>(95)) - 4a07b8bd-1810-4004-a0cf-fe480705ee0c: new RaftServerImpl for group-3C34DBB419C6:[4a07b8bd-1810-4004-a0cf-fe480705ee0c:192.168.30.30:40240, 2a20c779-9c13-4fc2-94e6-2994d1b044c3:192.168.30.30:38393, 88546497-27f0-407e-9bbb-2c62d71194d1:192.168.30.30:40294] with ContainerStateMachine:uninitialized
2019-10-02 23:07:27,841 [pool-37-thread-1] INFO  server.RaftServerConfigKeys (ConfUtils.java:logGet(43)) - raft.server.rpc.timeout.min = 5s (custom)
2019-10-02 23:07:27,841 [pool-37-thread-1] INFO  server.RaftServerConfigKeys (ConfUtils.java:logGet(43)) - raft.server.rpc.timeout.max = 5200ms (custom)
2019-10-02 23:07:27,841 [pool-37-thread-1] INFO  server.RaftServerConfigKeys (ConfUtils.java:logGet(43)) - raft.server.rpcslowness.timeout = 120s (custom)
2019-10-02 23:07:27,841 [pool-37-thread-1] INFO  server.RaftServerConfigKeys (ConfUtils.java:logGet(43)) - raft.server.sleep.deviation.threshold = 300 (default)
2019-10-02 23:07:27,841 [pool-27-thread-1] INFO  impl.RaftServerImpl (RaftServerImpl.java:<init>(95)) - 88546497-27f0-407e-9bbb-2c62d71194d1: new RaftServerImpl for group-3C34DBB419C6:[4a07b8bd-1810-4004-a0cf-fe480705ee0c:192.168.30.30:40240, 2a20c779-9c13-4fc2-94e6-2994d1b044c3:192.168.30.30:38393, 88546497-27f0-407e-9bbb-2c62d71194d1:192.168.30.30:40294] with ContainerStateMachine:uninitialized
2019-10-02 23:07:27,841 [pool-37-thread-1] INFO  server.RaftServerConfigKeys (ConfUtils.java:logGet(43)) - raft.server.log.appender.install.snapshot.enabled = false (custom)
2019-10-02 23:07:27,842 [pool-27-thread-1] INFO  server.RaftServerConfigKeys (ConfUtils.java:logGet(43)) - raft.server.rpc.timeout.min = 5s (custom)
2019-10-02 23:07:27,842 [pool-37-thread-1] INFO  impl.RaftServerImpl (ServerState.java:<init>(103)) - 4a07b8bd-1810-4004-a0cf-fe480705ee0c@group-3C34DBB419C6: ConfigurationManager, init=-1: [4a07b8bd-1810-4004-a0cf-fe480705ee0c:192.168.30.30:40240, 2a20c779-9c13-4fc2-94e6-2994d1b044c3:192.168.30.30:38393, 88546497-27f0-407e-9bbb-2c62d71194d1:192.168.30.30:40294], old=null, confs=<EMPTY_MAP>
2019-10-02 23:07:27,842 [pool-27-thread-1] INFO  server.RaftServerConfigKeys (ConfUtils.java:logGet(43)) - raft.server.rpc.timeout.max = 5200ms (custom)
2019-10-02 23:07:27,842 [pool-27-thread-1] INFO  server.RaftServerConfigKeys (ConfUtils.java:logGet(43)) - raft.server.rpcslowness.timeout = 120s (custom)
2019-10-02 23:07:27,842 [pool-37-thread-1] INFO  server.RaftServerConfigKeys (ConfUtils.java:logGet(43)) - raft.server.storage.dir = [/workdir/hadoop-ozone/ozonefs/target/test-dir/MiniOzoneClusterImpl-db40e1f5-9590-48f4-9ed0-cc05ceb932c2/datanode-1/data/ratis] (custom)
2019-10-02 23:07:27,842 [pool-27-thread-1] INFO  server.RaftServerConfigKeys (ConfUtils.java:logGet(43)) - raft.server.sleep.deviation.threshold = 300 (default)
2019-10-02 23:07:27,842 [pool-27-thread-1] INFO  server.RaftServerConfigKeys (ConfUtils.java:logGet(43)) - raft.server.log.appender.install.snapshot.enabled = false (custom)
2019-10-02 23:07:27,842 [pool-27-thread-1] INFO  impl.RaftServerImpl (ServerState.java:<init>(103)) - 88546497-27f0-407e-9bbb-2c62d71194d1@group-3C34DBB419C6: ConfigurationManager, init=-1: [4a07b8bd-1810-4004-a0cf-fe480705ee0c:192.168.30.30:40240, 2a20c779-9c13-4fc2-94e6-2994d1b044c3:192.168.30.30:38393, 88546497-27f0-407e-9bbb-2c62d71194d1:192.168.30.30:40294], old=null, confs=<EMPTY_MAP>
2019-10-02 23:07:27,843 [pool-37-thread-1] INFO  server.RaftServerConfigKeys (ConfUtils.java:logGet(43)) - raft.server.log.corruption.policy = EXCEPTION (default)
2019-10-02 23:07:27,843 [pool-47-thread-1] INFO  impl.RaftServerImpl (RaftServerImpl.java:<init>(95)) - 2a20c779-9c13-4fc2-94e6-2994d1b044c3: new RaftServerImpl for group-3C34DBB419C6:[4a07b8bd-1810-4004-a0cf-fe480705ee0c:192.168.30.30:40240, 2a20c779-9c13-4fc2-94e6-2994d1b044c3:192.168.30.30:38393, 88546497-27f0-407e-9bbb-2c62d71194d1:192.168.30.30:40294] with ContainerStateMachine:uninitialized
2019-10-02 23:07:27,843 [pool-27-thread-1] INFO  server.RaftServerConfigKeys (ConfUtils.java:logGet(43)) - raft.server.storage.dir = [/workdir/hadoop-ozone/ozonefs/target/test-dir/MiniOzoneClusterImpl-db40e1f5-9590-48f4-9ed0-cc05ceb932c2/datanode-0/data/ratis] (custom)
2019-10-02 23:07:27,843 [pool-47-thread-1] INFO  server.RaftServerConfigKeys (ConfUtils.java:logGet(43)) - raft.server.rpc.timeout.min = 5s (custom)
2019-10-02 23:07:27,843 [pool-27-thread-1] INFO  server.RaftServerConfigKeys (ConfUtils.java:logGet(43)) - raft.server.log.corruption.policy = EXCEPTION (default)
2019-10-02 23:07:27,843 [pool-37-thread-1] INFO  storage.RaftStorageDirectory (RaftStorageDirectory.java:analyzeStorage(246)) - The storage directory /workdir/hadoop-ozone/ozonefs/target/test-dir/MiniOzoneClusterImpl-db40e1f5-9590-48f4-9ed0-cc05ceb932c2/datanode-1/data/ratis/f41227e9-08f0-4e4a-be06-3c34dbb419c6 does not exist. Creating ...
2019-10-02 23:07:27,843 [pool-27-thread-1] INFO  storage.RaftStorageDirectory (RaftStorageDirectory.java:analyzeStorage(246)) - The storage directory /workdir/hadoop-ozone/ozonefs/target/test-dir/MiniOzoneClusterImpl-db40e1f5-9590-48f4-9ed0-cc05ceb932c2/datanode-0/data/ratis/f41227e9-08f0-4e4a-be06-3c34dbb419c6 does not exist. Creating ...
2019-10-02 23:07:27,843 [pool-47-thread-1] INFO  server.RaftServerConfigKeys (ConfUtils.java:logGet(43)) - raft.server.rpc.timeout.max = 5200ms (custom)
2019-10-02 23:07:27,844 [pool-47-thread-1] INFO  server.RaftServerConfigKeys (ConfUtils.java:logGet(43)) - raft.server.rpcslowness.timeout = 120s (custom)
2019-10-02 23:07:27,844 [pool-47-thread-1] INFO  server.RaftServerConfigKeys (ConfUtils.java:logGet(43)) - raft.server.sleep.deviation.threshold = 300 (default)
2019-10-02 23:07:27,844 [pool-47-thread-1] INFO  server.RaftServerConfigKeys (ConfUtils.java:logGet(43)) - raft.server.log.appender.install.snapshot.enabled = false (custom)
2019-10-02 23:07:27,844 [pool-47-thread-1] INFO  impl.RaftServerImpl (ServerState.java:<init>(103)) - 2a20c779-9c13-4fc2-94e6-2994d1b044c3@group-3C34DBB419C6: ConfigurationManager, init=-1: [4a07b8bd-1810-4004-a0cf-fe480705ee0c:192.168.30.30:40240, 2a20c779-9c13-4fc2-94e6-2994d1b044c3:192.168.30.30:38393, 88546497-27f0-407e-9bbb-2c62d71194d1:192.168.30.30:40294], old=null, confs=<EMPTY_MAP>
2019-10-02 23:07:27,845 [pool-47-thread-1] INFO  server.RaftServerConfigKeys (ConfUtils.java:logGet(43)) - raft.server.storage.dir = [/workdir/hadoop-ozone/ozonefs/target/test-dir/MiniOzoneClusterImpl-db40e1f5-9590-48f4-9ed0-cc05ceb932c2/datanode-2/data/ratis] (custom)
2019-10-02 23:07:27,845 [pool-47-thread-1] INFO  server.RaftServerConfigKeys (ConfUtils.java:logGet(43)) - raft.server.log.corruption.policy = EXCEPTION (default)
2019-10-02 23:07:27,845 [pool-47-thread-1] INFO  storage.RaftStorageDirectory (RaftStorageDirectory.java:analyzeStorage(246)) - The storage directory /workdir/hadoop-ozone/ozonefs/target/test-dir/MiniOzoneClusterImpl-db40e1f5-9590-48f4-9ed0-cc05ceb932c2/datanode-2/data/ratis/f41227e9-08f0-4e4a-be06-3c34dbb419c6 does not exist. Creating ...
2019-10-02 23:07:27,870 [pool-27-thread-1] INFO  storage.RaftStorageDirectory (RaftStorageDirectory.java:tryLock(328)) - Lock on /workdir/hadoop-ozone/ozonefs/target/test-dir/MiniOzoneClusterImpl-db40e1f5-9590-48f4-9ed0-cc05ceb932c2/datanode-0/data/ratis/f41227e9-08f0-4e4a-be06-3c34dbb419c6/in_use.lock acquired by nodename 16001@pr-hdds1737-lts7z-2510321508
2019-10-02 23:07:27,870 [pool-37-thread-1] INFO  storage.RaftStorageDirectory (RaftStorageDirectory.java:tryLock(328)) - Lock on /workdir/hadoop-ozone/ozonefs/target/test-dir/MiniOzoneClusterImpl-db40e1f5-9590-48f4-9ed0-cc05ceb932c2/datanode-1/data/ratis/f41227e9-08f0-4e4a-be06-3c34dbb419c6/in_use.lock acquired by nodename 16001@pr-hdds1737-lts7z-2510321508
2019-10-02 23:07:27,870 [pool-47-thread-1] INFO  storage.RaftStorageDirectory (RaftStorageDirectory.java:tryLock(328)) - Lock on /workdir/hadoop-ozone/ozonefs/target/test-dir/MiniOzoneClusterImpl-db40e1f5-9590-48f4-9ed0-cc05ceb932c2/datanode-2/data/ratis/f41227e9-08f0-4e4a-be06-3c34dbb419c6/in_use.lock acquired by nodename 16001@pr-hdds1737-lts7z-2510321508
2019-10-02 23:07:27,896 [pool-27-thread-1] INFO  storage.RaftStorage (RaftStorage.java:format(84)) - Storage directory /workdir/hadoop-ozone/ozonefs/target/test-dir/MiniOzoneClusterImpl-db40e1f5-9590-48f4-9ed0-cc05ceb932c2/datanode-0/data/ratis/f41227e9-08f0-4e4a-be06-3c34dbb419c6 has been successfully formatted.
2019-10-02 23:07:27,896 [pool-37-thread-1] INFO  storage.RaftStorage (RaftStorage.java:format(84)) - Storage directory /workdir/hadoop-ozone/ozonefs/target/test-dir/MiniOzoneClusterImpl-db40e1f5-9590-48f4-9ed0-cc05ceb932c2/datanode-1/data/ratis/f41227e9-08f0-4e4a-be06-3c34dbb419c6 has been successfully formatted.
2019-10-02 23:07:27,896 [pool-47-thread-1] INFO  storage.RaftStorage (RaftStorage.java:format(84)) - Storage directory /workdir/hadoop-ozone/ozonefs/target/test-dir/MiniOzoneClusterImpl-db40e1f5-9590-48f4-9ed0-cc05ceb932c2/datanode-2/data/ratis/f41227e9-08f0-4e4a-be06-3c34dbb419c6 has been successfully formatted.
2019-10-02 23:07:27,897 [pool-27-thread-1] INFO  ratis.ContainerStateMachine (ContainerStateMachine.java:loadSnapshot(230)) - group-3C34DBB419C6: The snapshot info is null. Setting the last applied indexto:(t:0, i:~)
2019-10-02 23:07:27,897 [pool-47-thread-1] INFO  ratis.ContainerStateMachine (ContainerStateMachine.java:loadSnapshot(230)) - group-3C34DBB419C6: The snapshot info is null. Setting the last applied indexto:(t:0, i:~)
2019-10-02 23:07:27,897 [pool-37-thread-1] INFO  ratis.ContainerStateMachine (ContainerStateMachine.java:loadSnapshot(230)) - group-3C34DBB419C6: The snapshot info is null. Setting the last applied indexto:(t:0, i:~)
2019-10-02 23:07:27,897 [pool-47-thread-1] INFO  server.RaftServerConfigKeys (ConfUtils.java:logGet(43)) - raft.server.notification.no-leader.timeout = 120s (custom)
2019-10-02 23:07:27,897 [pool-27-thread-1] INFO  server.RaftServerConfigKeys (ConfUtils.java:logGet(43)) - raft.server.notification.no-leader.timeout = 120s (custom)
2019-10-02 23:07:27,897 [pool-47-thread-1] INFO  server.RaftServerConfigKeys (ConfUtils.java:logGet(43)) - raft.server.log.use.memory = false (default)
2019-10-02 23:07:27,897 [pool-37-thread-1] INFO  server.RaftServerConfigKeys (ConfUtils.java:logGet(43)) - raft.server.notification.no-leader.timeout = 120s (custom)
2019-10-02 23:07:27,898 [pool-47-thread-1] INFO  server.RaftServerConfigKeys (ConfUtils.java:logGet(43)) - raft.server.log.purge.gap = 1000000 (custom)
2019-10-02 23:07:27,898 [pool-27-thread-1] INFO  server.RaftServerConfigKeys (ConfUtils.java:logGet(43)) - raft.server.log.use.memory = false (default)
2019-10-02 23:07:27,898 [pool-47-thread-1] INFO  server.RaftServerConfigKeys (ConfUtils.java:logGet(43)) - raft.server.log.appender.buffer.byte-limit = 33554432 (custom)
2019-10-02 23:07:27,898 [pool-37-thread-1] INFO  server.RaftServerConfigKeys (ConfUtils.java:logGet(43)) - raft.server.log.use.memory = false (default)
2019-10-02 23:07:27,898 [pool-47-thread-1] INFO  server.RaftServerConfigKeys (ConfUtils.java:logGet(43)) - raft.server.log.segment.size.max = 1048576 (custom)
2019-10-02 23:07:27,898 [pool-27-thread-1] INFO  server.RaftServerConfigKeys (ConfUtils.java:logGet(43)) - raft.server.log.purge.gap = 1000000 (custom)
2019-10-02 23:07:27,899 [pool-47-thread-1] INFO  server.RaftServerConfigKeys (ConfUtils.java:logGet(43)) - raft.server.log.segment.cache.num.max = 2 (custom)
2019-10-02 23:07:27,898 [pool-37-thread-1] INFO  server.RaftServerConfigKeys (ConfUtils.java:logGet(43)) - raft.server.log.purge.gap = 1000000 (custom)
2019-10-02 23:07:27,899 [pool-47-thread-1] INFO  segmented.SegmentedRaftLogWorker (SegmentedRaftLogWorker.java:<init>(173)) - new 2a20c779-9c13-4fc2-94e6-2994d1b044c3@group-3C34DBB419C6-SegmentedRaftLogWorker for RaftStorage:Storage Directory /workdir/hadoop-ozone/ozonefs/target/test-dir/MiniOzoneClusterImpl-db40e1f5-9590-48f4-9ed0-cc05ceb932c2/datanode-2/data/ratis/f41227e9-08f0-4e4a-be06-3c34dbb419c6
2019-10-02 23:07:27,899 [pool-27-thread-1] INFO  server.RaftServerConfigKeys (ConfUtils.java:logGet(43)) - raft.server.log.appender.buffer.byte-limit = 33554432 (custom)
2019-10-02 23:07:27,899 [pool-47-thread-1] INFO  server.RaftServerConfigKeys (ConfUtils.java:logGet(43)) - raft.server.log.queue.byte-limit = 2147483647 (custom)
2019-10-02 23:07:27,899 [pool-37-thread-1] INFO  server.RaftServerConfigKeys (ConfUtils.java:logGet(43)) - raft.server.log.appender.buffer.byte-limit = 33554432 (custom)
2019-10-02 23:07:27,900 [pool-47-thread-1] INFO  server.RaftServerConfigKeys (ConfUtils.java:logGet(43)) - raft.server.log.queue.element-limit = 1024 (custom)
2019-10-02 23:07:27,899 [pool-27-thread-1] INFO  server.RaftServerConfigKeys (ConfUtils.java:logGet(43)) - raft.server.log.segment.size.max = 1048576 (custom)
2019-10-02 23:07:27,900 [pool-47-thread-1] INFO  server.RaftServerConfigKeys (ConfUtils.java:logGet(43)) - raft.server.log.segment.size.max = 1048576 (custom)
2019-10-02 23:07:27,900 [pool-37-thread-1] INFO  server.RaftServerConfigKeys (ConfUtils.java:logGet(43)) - raft.server.log.segment.size.max = 1048576 (custom)
2019-10-02 23:07:27,900 [pool-47-thread-1] INFO  server.RaftServerConfigKeys (ConfUtils.java:logGet(43)) - raft.server.log.preallocated.size = 16384 (custom)
2019-10-02 23:07:27,900 [pool-27-thread-1] INFO  server.RaftServerConfigKeys (ConfUtils.java:logGet(43)) - raft.server.log.segment.cache.num.max = 2 (custom)
2019-10-02 23:07:27,901 [pool-47-thread-1] INFO  server.RaftServerConfigKeys (ConfUtils.java:logGet(43)) - raft.server.log.write.buffer.size = 33554432 (custom)
2019-10-02 23:07:27,900 [pool-37-thread-1] INFO  server.RaftServerConfigKeys (ConfUtils.java:logGet(43)) - raft.server.log.segment.cache.num.max = 2 (custom)
2019-10-02 23:07:27,901 [pool-47-thread-1] INFO  server.RaftServerConfigKeys (ConfUtils.java:logGet(43)) - raft.server.log.force.sync.num = 128 (default)
2019-10-02 23:07:27,901 [pool-27-thread-1] INFO  segmented.SegmentedRaftLogWorker (SegmentedRaftLogWorker.java:<init>(173)) - new 88546497-27f0-407e-9bbb-2c62d71194d1@group-3C34DBB419C6-SegmentedRaftLogWorker for RaftStorage:Storage Directory /workdir/hadoop-ozone/ozonefs/target/test-dir/MiniOzoneClusterImpl-db40e1f5-9590-48f4-9ed0-cc05ceb932c2/datanode-0/data/ratis/f41227e9-08f0-4e4a-be06-3c34dbb419c6
2019-10-02 23:07:27,901 [pool-47-thread-1] INFO  server.RaftServerConfigKeys (ConfUtils.java:logGet(43)) - raft.server.log.statemachine.data.sync = true (default)
2019-10-02 23:07:27,901 [pool-37-thread-1] INFO  segmented.SegmentedRaftLogWorker (SegmentedRaftLogWorker.java:<init>(173)) - new 4a07b8bd-1810-4004-a0cf-fe480705ee0c@group-3C34DBB419C6-SegmentedRaftLogWorker for RaftStorage:Storage Directory /workdir/hadoop-ozone/ozonefs/target/test-dir/MiniOzoneClusterImpl-db40e1f5-9590-48f4-9ed0-cc05ceb932c2/datanode-1/data/ratis/f41227e9-08f0-4e4a-be06-3c34dbb419c6
2019-10-02 23:07:27,901 [pool-47-thread-1] INFO  server.RaftServerConfigKeys (ConfUtils.java:logGet(43)) - raft.server.log.statemachine.data.sync.timeout = 10s (default)
2019-10-02 23:07:27,901 [pool-27-thread-1] INFO  server.RaftServerConfigKeys (ConfUtils.java:logGet(43)) - raft.server.log.queue.byte-limit = 2147483647 (custom)
2019-10-02 23:07:27,902 [pool-47-thread-1] INFO  server.RaftServerConfigKeys (ConfUtils.java:logGet(43)) - raft.server.log.statemachine.data.sync.timeout.retry = -1 (default)
2019-10-02 23:07:27,902 [pool-37-thread-1] INFO  server.RaftServerConfigKeys (ConfUtils.java:logGet(43)) - raft.server.log.queue.byte-limit = 2147483647 (custom)
2019-10-02 23:07:27,902 [pool-47-thread-1] INFO  server.RaftServerConfigKeys (ConfUtils.java:logGet(43)) - raft.server.log.statemachine.data.caching.enabled = true (custom)
2019-10-02 23:07:27,902 [pool-27-thread-1] INFO  server.RaftServerConfigKeys (ConfUtils.java:logGet(43)) - raft.server.log.queue.element-limit = 1024 (custom)
2019-10-02 23:07:27,902 [pool-37-thread-1] INFO  server.RaftServerConfigKeys (ConfUtils.java:logGet(43)) - raft.server.log.queue.element-limit = 1024 (custom)
2019-10-02 23:07:27,902 [pool-47-thread-1] INFO  segmented.SegmentedRaftLogWorker (SegmentedRaftLogWorker.java:lambda$new$0(128)) - 2a20c779-9c13-4fc2-94e6-2994d1b044c3@group-3C34DBB419C6-SegmentedRaftLogWorker: flushIndex: setUnconditionally 0 -> -1
2019-10-02 23:07:27,902 [pool-27-thread-1] INFO  server.RaftServerConfigKeys (ConfUtils.java:logGet(43)) - raft.server.log.segment.size.max = 1048576 (custom)
2019-10-02 23:07:27,903 [pool-47-thread-1] INFO  server.RaftServerConfigKeys (ConfUtils.java:logGet(43)) - raft.server.snapshot.auto.trigger.enabled = true (custom)
2019-10-02 23:07:27,903 [pool-37-thread-1] INFO  server.RaftServerConfigKeys (ConfUtils.java:logGet(43)) - raft.server.log.segment.size.max = 1048576 (custom)
2019-10-02 23:07:27,903 [pool-47-thread-1] INFO  server.RaftServerConfigKeys (ConfUtils.java:logGet(43)) - raft.server.snapshot.auto.trigger.threshold = 10000 (custom)
2019-10-02 23:07:27,903 [pool-27-thread-1] INFO  server.RaftServerConfigKeys (ConfUtils.java:logGet(43)) - raft.server.log.preallocated.size = 16384 (custom)
2019-10-02 23:07:27,903 [pool-47-thread-1] INFO  server.RaftServerConfigKeys (ConfUtils.java:logGet(43)) - raft.server.snapshot.retention.file.num = 5 (custom)
2019-10-02 23:07:27,903 [pool-37-thread-1] INFO  server.RaftServerConfigKeys (ConfUtils.java:logGet(43)) - raft.server.log.preallocated.size = 16384 (custom)
2019-10-02 23:07:27,904 [pool-47-thread-1] INFO  server.RaftServerConfigKeys (ConfUtils.java:logGet(43)) - raft.server.retrycache.expirytime = 600000ms (custom)
2019-10-02 23:07:27,903 [pool-27-thread-1] INFO  server.RaftServerConfigKeys (ConfUtils.java:logGet(43)) - raft.server.log.write.buffer.size = 33554432 (custom)
2019-10-02 23:07:27,905 [pool-37-thread-1] INFO  server.RaftServerConfigKeys (ConfUtils.java:logGet(43)) - raft.server.log.write.buffer.size = 33554432 (custom)
2019-10-02 23:07:27,905 [pool-27-thread-1] INFO  server.RaftServerConfigKeys (ConfUtils.java:logGet(43)) - raft.server.log.force.sync.num = 128 (default)
2019-10-02 23:07:27,906 [pool-27-thread-1] INFO  server.RaftServerConfigKeys (ConfUtils.java:logGet(43)) - raft.server.log.statemachine.data.sync = true (default)
2019-10-02 23:07:27,906 [pool-27-thread-1] INFO  server.RaftServerConfigKeys (ConfUtils.java:logGet(43)) - raft.server.log.statemachine.data.sync.timeout = 10s (default)
2019-10-02 23:07:27,906 [pool-27-thread-1] INFO  server.RaftServerConfigKeys (ConfUtils.java:logGet(43)) - raft.server.log.statemachine.data.sync.timeout.retry = -1 (default)
2019-10-02 23:07:27,906 [pool-27-thread-1] INFO  server.RaftServerConfigKeys (ConfUtils.java:logGet(43)) - raft.server.log.statemachine.data.caching.enabled = true (custom)
2019-10-02 23:07:27,905 [pool-37-thread-1] INFO  server.RaftServerConfigKeys (ConfUtils.java:logGet(43)) - raft.server.log.force.sync.num = 128 (default)
2019-10-02 23:07:27,907 [pool-27-thread-1] INFO  segmented.SegmentedRaftLogWorker (SegmentedRaftLogWorker.java:lambda$new$0(128)) - 88546497-27f0-407e-9bbb-2c62d71194d1@group-3C34DBB419C6-SegmentedRaftLogWorker: flushIndex: setUnconditionally 0 -> -1
2019-10-02 23:07:27,907 [pool-37-thread-1] INFO  server.RaftServerConfigKeys (ConfUtils.java:logGet(43)) - raft.server.log.statemachine.data.sync = true (default)
2019-10-02 23:07:27,907 [pool-37-thread-1] INFO  server.RaftServerConfigKeys (ConfUtils.java:logGet(43)) - raft.server.log.statemachine.data.sync.timeout = 10s (default)
2019-10-02 23:07:27,907 [pool-27-thread-1] INFO  server.RaftServerConfigKeys (ConfUtils.java:logGet(43)) - raft.server.snapshot.auto.trigger.enabled = true (custom)
2019-10-02 23:07:27,907 [pool-37-thread-1] INFO  server.RaftServerConfigKeys (ConfUtils.java:logGet(43)) - raft.server.log.statemachine.data.sync.timeout.retry = -1 (default)
2019-10-02 23:07:27,907 [pool-27-thread-1] INFO  server.RaftServerConfigKeys (ConfUtils.java:logGet(43)) - raft.server.snapshot.auto.trigger.threshold = 10000 (custom)
2019-10-02 23:07:27,908 [pool-37-thread-1] INFO  server.RaftServerConfigKeys (ConfUtils.java:logGet(43)) - raft.server.log.statemachine.data.caching.enabled = true (custom)
2019-10-02 23:07:27,908 [pool-27-thread-1] INFO  server.RaftServerConfigKeys (ConfUtils.java:logGet(43)) - raft.server.snapshot.retention.file.num = 5 (custom)
2019-10-02 23:07:27,908 [pool-27-thread-1] INFO  server.RaftServerConfigKeys (ConfUtils.java:logGet(43)) - raft.server.retrycache.expirytime = 600000ms (custom)
2019-10-02 23:07:27,908 [pool-37-thread-1] INFO  segmented.SegmentedRaftLogWorker (SegmentedRaftLogWorker.java:lambda$new$0(128)) - 4a07b8bd-1810-4004-a0cf-fe480705ee0c@group-3C34DBB419C6-SegmentedRaftLogWorker: flushIndex: setUnconditionally 0 -> -1
2019-10-02 23:07:27,909 [pool-37-thread-1] INFO  server.RaftServerConfigKeys (ConfUtils.java:logGet(43)) - raft.server.snapshot.auto.trigger.enabled = true (custom)
2019-10-02 23:07:27,909 [pool-37-thread-1] INFO  server.RaftServerConfigKeys (ConfUtils.java:logGet(43)) - raft.server.snapshot.auto.trigger.threshold = 10000 (custom)
2019-10-02 23:07:27,909 [pool-47-thread-1] INFO  impl.RaftServerImpl (RaftServerImpl.java:start(181)) - 2a20c779-9c13-4fc2-94e6-2994d1b044c3@group-3C34DBB419C6: start as a follower, conf=-1: [4a07b8bd-1810-4004-a0cf-fe480705ee0c:192.168.30.30:40240, 2a20c779-9c13-4fc2-94e6-2994d1b044c3:192.168.30.30:38393, 88546497-27f0-407e-9bbb-2c62d71194d1:192.168.30.30:40294], old=null
2019-10-02 23:07:27,909 [pool-37-thread-1] INFO  server.RaftServerConfigKeys (ConfUtils.java:logGet(43)) - raft.server.snapshot.retention.file.num = 5 (custom)
2019-10-02 23:07:27,909 [pool-47-thread-1] INFO  impl.RaftServerImpl (RaftServerImpl.java:setRole(170)) - 2a20c779-9c13-4fc2-94e6-2994d1b044c3@group-3C34DBB419C6: changes role from      null to FOLLOWER at term 0 for startAsFollower
2019-10-02 23:07:27,909 [pool-47-thread-1] INFO  impl.RoleInfo (RoleInfo.java:updateAndGet(143)) - 2a20c779-9c13-4fc2-94e6-2994d1b044c3: start FollowerState
2019-10-02 23:07:27,909 [pool-37-thread-1] INFO  server.RaftServerConfigKeys (ConfUtils.java:logGet(43)) - raft.server.retrycache.expirytime = 600000ms (custom)
2019-10-02 23:07:27,910 [pool-47-thread-1] INFO  util.JmxRegister (JmxRegister.java:tryRegister(44)) - Successfully registered JMX Bean with object name Ratis:service=RaftServer,group=group-3C34DBB419C6,id=2a20c779-9c13-4fc2-94e6-2994d1b044c3
2019-10-02 23:07:27,913 [pool-27-thread-1] INFO  impl.RaftServerImpl (RaftServerImpl.java:start(181)) - 88546497-27f0-407e-9bbb-2c62d71194d1@group-3C34DBB419C6: start as a follower, conf=-1: [4a07b8bd-1810-4004-a0cf-fe480705ee0c:192.168.30.30:40240, 2a20c779-9c13-4fc2-94e6-2994d1b044c3:192.168.30.30:38393, 88546497-27f0-407e-9bbb-2c62d71194d1:192.168.30.30:40294], old=null
2019-10-02 23:07:27,914 [pool-27-thread-1] INFO  impl.RaftServerImpl (RaftServerImpl.java:setRole(170)) - 88546497-27f0-407e-9bbb-2c62d71194d1@group-3C34DBB419C6: changes role from      null to FOLLOWER at term 0 for startAsFollower
2019-10-02 23:07:27,914 [pool-27-thread-1] INFO  impl.RoleInfo (RoleInfo.java:updateAndGet(143)) - 88546497-27f0-407e-9bbb-2c62d71194d1: start FollowerState
2019-10-02 23:07:27,915 [pool-37-thread-1] INFO  impl.RaftServerImpl (RaftServerImpl.java:start(181)) - 4a07b8bd-1810-4004-a0cf-fe480705ee0c@group-3C34DBB419C6: start as a follower, conf=-1: [4a07b8bd-1810-4004-a0cf-fe480705ee0c:192.168.30.30:40240, 2a20c779-9c13-4fc2-94e6-2994d1b044c3:192.168.30.30:38393, 88546497-27f0-407e-9bbb-2c62d71194d1:192.168.30.30:40294], old=null
2019-10-02 23:07:27,915 [pool-37-thread-1] INFO  impl.RaftServerImpl (RaftServerImpl.java:setRole(170)) - 4a07b8bd-1810-4004-a0cf-fe480705ee0c@group-3C34DBB419C6: changes role from      null to FOLLOWER at term 0 for startAsFollower
2019-10-02 23:07:27,915 [pool-37-thread-1] INFO  impl.RoleInfo (RoleInfo.java:updateAndGet(143)) - 4a07b8bd-1810-4004-a0cf-fe480705ee0c: start FollowerState
2019-10-02 23:07:27,915 [pool-27-thread-1] INFO  util.JmxRegister (JmxRegister.java:tryRegister(44)) - Successfully registered JMX Bean with object name Ratis:service=RaftServer,group=group-3C34DBB419C6,id=88546497-27f0-407e-9bbb-2c62d71194d1
2019-10-02 23:07:27,917 [pool-37-thread-1] INFO  util.JmxRegister (JmxRegister.java:tryRegister(44)) - Successfully registered JMX Bean with object name Ratis:service=RaftServer,group=group-3C34DBB419C6,id=4a07b8bd-1810-4004-a0cf-fe480705ee0c
2019-10-02 23:07:27,952 [RatisPipelineUtilsThread] INFO  pipeline.PipelineStateManager (PipelineStateManager.java:addPipeline(56)) - Created pipeline Pipeline[ Id: f41227e9-08f0-4e4a-be06-3c34dbb419c6, Nodes: 4a07b8bd-1810-4004-a0cf-fe480705ee0c{ip: 192.168.30.30, host: pr-hdds1737-lts7z-2510321508, networkLocation: /default-rack, certSerialId: null}88546497-27f0-407e-9bbb-2c62d71194d1{ip: 192.168.30.30, host: pr-hdds1737-lts7z-2510321508, networkLocation: /default-rack, certSerialId: null}2a20c779-9c13-4fc2-94e6-2994d1b044c3{ip: 192.168.30.30, host: pr-hdds1737-lts7z-2510321508, networkLocation: /default-rack, certSerialId: null}, Type:RATIS, Factor:THREE, State:OPEN]
2019-10-02 23:07:28,163 [main] INFO  rpc.RpcClient (RpcClient.java:createVolume(276)) - Creating Volume: qkrcbmfprs, with user46257 as owner.
2019-10-02 23:07:28,339 [IPC Server handler 2 on 37639] INFO  volume.OMVolumeCreateRequest (OMVolumeCreateRequest.java:validateAndUpdateCache(194)) - created volume:qkrcbmfprs for user:user46257
2019-10-02 23:07:28,374 [main] INFO  rpc.RpcClient (RpcClient.java:createBucket(415)) - Creating Bucket: qkrcbmfprs/azyfsgtdjb, with Versioning false and Storage Type set to DISK and Encryption set to false 
23:07:28.713 [IPC Server handler 18 on 37639] ERROR OMAudit - user=jenkins1000 | ip=127.0.0.1 | op=CREATE_DIRECTORY {volume=qkrcbmfprs, bucket=azyfsgtdjb, key=RYw6D, dataSize=0, replicationType=RATIS, replicationFactor=ONE, keyLocationInfo=[]} | ret=FAILURE
org.apache.hadoop.ozone.om.exceptions.OMException: Volume not found qkrcbmfprs
	at org.apache.hadoop.ozone.om.request.file.OMDirectoryCreateRequest.validateAndUpdateCache(OMDirectoryCreateRequest.java:146) ~[hadoop-ozone-ozone-manager-0.5.0-SNAPSHOT.jar:?]
	at org.apache.hadoop.ozone.protocolPB.OzoneManagerProtocolServerSideTranslatorPB.submitRequestDirectlyToOM(OzoneManagerProtocolServerSideTranslatorPB.java:219) ~[hadoop-ozone-ozone-manager-0.5.0-SNAPSHOT.jar:?]
	at org.apache.hadoop.ozone.protocolPB.OzoneManagerProtocolServerSideTranslatorPB.processRequest(OzoneManagerProtocolServerSideTranslatorPB.java:134) ~[hadoop-ozone-ozone-manager-0.5.0-SNAPSHOT.jar:?]
	at org.apache.hadoop.hdds.server.OzoneProtocolMessageDispatcher.processRequest(OzoneProtocolMessageDispatcher.java:72) [hadoop-hdds-server-framework-0.5.0-SNAPSHOT.jar:?]
	at org.apache.hadoop.ozone.protocolPB.OzoneManagerProtocolServerSideTranslatorPB.submitRequest(OzoneManagerProtocolServerSideTranslatorPB.java:100) [hadoop-ozone-ozone-manager-0.5.0-SNAPSHOT.jar:?]
	at org.apache.hadoop.ozone.protocol.proto.OzoneManagerProtocolProtos$OzoneManagerService$2.callBlockingMethod(OzoneManagerProtocolProtos.java) [hadoop-ozone-common-0.5.0-SNAPSHOT.jar:?]
	at org.apache.hadoop.ipc.ProtobufRpcEngine$Server$ProtoBufRpcInvoker.call(ProtobufRpcEngine.java:524) [hadoop-common-3.2.0.jar:?]
	at org.apache.hadoop.ipc.RPC$Server.call(RPC.java:1025) [hadoop-common-3.2.0.jar:?]
	at org.apache.hadoop.ipc.Server$RpcCall.run(Server.java:876) [hadoop-common-3.2.0.jar:?]
	at org.apache.hadoop.ipc.Server$RpcCall.run(Server.java:822) [hadoop-common-3.2.0.jar:?]
	at java.security.AccessController.doPrivileged(Native Method) [?:1.8.0_212]
	at javax.security.auth.Subject.doAs(Subject.java:422) [?:1.8.0_212]
	at org.apache.hadoop.security.UserGroupInformation.doAs(UserGroupInformation.java:1730) [hadoop-common-3.2.0.jar:?]
	at org.apache.hadoop.ipc.Server$Handler.run(Server.java:2682) [hadoop-common-3.2.0.jar:?]
2019-10-02 23:07:28,726 [IPC Server handler 18 on 37639] ERROR file.OMDirectoryCreateRequest (OMDirectoryCreateRequest.java:validateAndUpdateCache(212)) - CreateDirectory failed for Key: RYw6D in volume/bucket:qkrcbmfprs/azyfsgtdjb
VOLUME_NOT_FOUND org.apache.hadoop.ozone.om.exceptions.OMException: Volume not found qkrcbmfprs
	at org.apache.hadoop.ozone.om.request.file.OMDirectoryCreateRequest.validateAndUpdateCache(OMDirectoryCreateRequest.java:146)
	at org.apache.hadoop.ozone.protocolPB.OzoneManagerProtocolServerSideTranslatorPB.submitRequestDirectlyToOM(OzoneManagerProtocolServerSideTranslatorPB.java:219)
	at org.apache.hadoop.ozone.protocolPB.OzoneManagerProtocolServerSideTranslatorPB.processRequest(OzoneManagerProtocolServerSideTranslatorPB.java:134)
	at org.apache.hadoop.hdds.server.OzoneProtocolMessageDispatcher.processRequest(OzoneProtocolMessageDispatcher.java:72)
	at org.apache.hadoop.ozone.protocolPB.OzoneManagerProtocolServerSideTranslatorPB.submitRequest(OzoneManagerProtocolServerSideTranslatorPB.java:100)
	at org.apache.hadoop.ozone.protocol.proto.OzoneManagerProtocolProtos$OzoneManagerService$2.callBlockingMethod(OzoneManagerProtocolProtos.java)
	at org.apache.hadoop.ipc.ProtobufRpcEngine$Server$ProtoBufRpcInvoker.call(ProtobufRpcEngine.java:524)
	at org.apache.hadoop.ipc.RPC$Server.call(RPC.java:1025)
	at org.apache.hadoop.ipc.Server$RpcCall.run(Server.java:876)
	at org.apache.hadoop.ipc.Server$RpcCall.run(Server.java:822)
	at java.security.AccessController.doPrivileged(Native Method)
	at javax.security.auth.Subject.doAs(Subject.java:422)
	at org.apache.hadoop.security.UserGroupInformation.doAs(UserGroupInformation.java:1730)
	at org.apache.hadoop.ipc.Server$Handler.run(Server.java:2682)
2019-10-02 23:07:28,728 [main] INFO  ozone.MiniOzoneClusterImpl (MiniOzoneClusterImpl.java:shutdown(314)) - Shutting down the Mini Ozone Cluster
2019-10-02 23:07:28,729 [main] INFO  ozone.MiniOzoneClusterImpl (MiniOzoneClusterImpl.java:stop(330)) - Stopping the Mini Ozone Cluster
2019-10-02 23:07:28,729 [main] INFO  ozone.MiniOzoneClusterImpl (MiniOzoneClusterImpl.java:stopOM(400)) - Stopping the OzoneManager
2019-10-02 23:07:28,729 [main] INFO  ipc.Server (Server.java:stop(3082)) - Stopping server on 37639
2019-10-02 23:07:28,735 [IPC Server listener on 37639] INFO  ipc.Server (Server.java:run(1185)) - Stopping IPC Server listener on 37639
2019-10-02 23:07:28,737 [main] INFO  ratis.OzoneManagerDoubleBuffer (OzoneManagerDoubleBuffer.java:stop(248)) - Stopping OMDoubleBuffer flush thread
2019-10-02 23:07:28,737 [IPC Server Responder] INFO  ipc.Server (Server.java:run(1319)) - Stopping IPC Server Responder
2019-10-02 23:07:28,740 [OMDoubleBufferFlushThread] INFO  ratis.OzoneManagerDoubleBuffer (OzoneManagerDoubleBuffer.java:flushTransactions(191)) - OMDoubleBuffer flush thread OMDoubleBufferFlushThread is interrupted and will exit. OMDoubleBufferFlushThread
2019-10-02 23:07:28,741 [main] INFO  utils.BackgroundService (BackgroundService.java:shutdown(148)) - Shutting down service KeyDeletingService
2019-10-02 23:07:28,744 [main] INFO  handler.ContextHandler (ContextHandler.java:doStop(910)) - Stopped o.e.j.w.WebAppContext@5cd61783{/,null,UNAVAILABLE}{/ozoneManager}
2019-10-02 23:07:28,747 [main] INFO  server.AbstractConnector (AbstractConnector.java:doStop(318)) - Stopped ServerConnector@59429fac{HTTP/1.1,[http/1.1]}{0.0.0.0:0}
2019-10-02 23:07:28,747 [main] INFO  handler.ContextHandler (ContextHandler.java:doStop(910)) - Stopped o.e.j.s.ServletContextHandler@46d8f407{/static,jar:file:/home/user/.m2/repository/org/apache/hadoop/hadoop-ozone-ozone-manager/0.5.0-SNAPSHOT/hadoop-ozone-ozone-manager-0.5.0-SNAPSHOT.jar!/webapps/static,UNAVAILABLE}
2019-10-02 23:07:28,747 [main] INFO  handler.ContextHandler (ContextHandler.java:doStop(910)) - Stopped o.e.j.s.ServletContextHandler@58399d82{/logs,file:///workdir/hadoop-ozone/ozonefs/target/log,UNAVAILABLE}
2019-10-02 23:07:28,750 [main] INFO  ozone.MiniOzoneClusterImpl (MiniOzoneClusterImpl.java:stopDatanodes(377)) - Stopping the HddsDatanodes
2019-10-02 23:07:29,341 [Datanode State Machine Thread - 0] INFO  statemachine.DatanodeStateMachine (DatanodeStateMachine.java:lambda$startDaemon$0(350)) - Ozone container server started.
2019-10-02 23:07:29,381 [Thread-178] INFO  container.ReplicationManager (ReplicationManager.java:start(162)) - Starting Replication Monitor Thread.
2019-10-02 23:07:29,382 [ReplicationMonitor] INFO  container.ReplicationManager (ReplicationManager.java:run(225)) - Replication Monitor Thread took 0 milliseconds for processing 0 containers.
2019-10-02 23:07:29,587 [Datanode State Machine Thread - 0] INFO  statemachine.DatanodeStateMachine (DatanodeStateMachine.java:lambda$startDaemon$0(350)) - Ozone container server started.
2019-10-02 23:07:32,593 [Thread-180] INFO  impl.FollowerState (FollowerState.java:run(108)) - 88546497-27f0-407e-9bbb-2c62d71194d1@group-812DA4EF8428-FollowerState: change to CANDIDATE, lastRpcTime:5183ms, electionTimeout:5182ms
2019-10-02 23:07:32,596 [Thread-180] INFO  impl.RoleInfo (RoleInfo.java:shutdownFollowerState(121)) - 88546497-27f0-407e-9bbb-2c62d71194d1: shutdown FollowerState
2019-10-02 23:07:32,596 [Thread-180] INFO  impl.RaftServerImpl (RaftServerImpl.java:setRole(170)) - 88546497-27f0-407e-9bbb-2c62d71194d1@group-812DA4EF8428: changes role from  FOLLOWER to CANDIDATE at term 0 for changeToCandidate
2019-10-02 23:07:32,599 [Thread-180] INFO  impl.RoleInfo (RoleInfo.java:updateAndGet(143)) - 88546497-27f0-407e-9bbb-2c62d71194d1: start LeaderElection
2019-10-02 23:07:32,627 [88546497-27f0-407e-9bbb-2c62d71194d1@group-812DA4EF8428-LeaderElection1] INFO  impl.LeaderElection (LeaderElection.java:askForVotes(178)) - 88546497-27f0-407e-9bbb-2c62d71194d1@group-812DA4EF8428-LeaderElection1: begin an election at term 1 for -1: [88546497-27f0-407e-9bbb-2c62d71194d1:192.168.30.30:40294], old=null
2019-10-02 23:07:32,631 [88546497-27f0-407e-9bbb-2c62d71194d1@group-812DA4EF8428-LeaderElection1] INFO  impl.RoleInfo (RoleInfo.java:shutdownLeaderElection(134)) - 88546497-27f0-407e-9bbb-2c62d71194d1: shutdown LeaderElection
2019-10-02 23:07:32,633 [88546497-27f0-407e-9bbb-2c62d71194d1@group-812DA4EF8428-LeaderElection1] INFO  impl.RaftServerImpl (RaftServerImpl.java:setRole(170)) - 88546497-27f0-407e-9bbb-2c62d71194d1@group-812DA4EF8428: changes role from CANDIDATE to LEADER at term 1 for changeToLeader
2019-10-02 23:07:32,633 [88546497-27f0-407e-9bbb-2c62d71194d1@group-812DA4EF8428-LeaderElection1] INFO  impl.RaftServerImpl (ServerState.java:setLeader(255)) - 88546497-27f0-407e-9bbb-2c62d71194d1@group-812DA4EF8428: change Leader from null to 88546497-27f0-407e-9bbb-2c62d71194d1 at term 1 for becomeLeader, leader elected after 5348ms
2019-10-02 23:07:32,641 [88546497-27f0-407e-9bbb-2c62d71194d1@group-812DA4EF8428-LeaderElection1] INFO  server.RaftServerConfigKeys (ConfUtils.java:logGet(43)) - raft.server.staging.catchup.gap = 1000 (default)
2019-10-02 23:07:32,641 [88546497-27f0-407e-9bbb-2c62d71194d1@group-812DA4EF8428-LeaderElection1] INFO  server.RaftServerConfigKeys (ConfUtils.java:logGet(43)) - raft.server.rpc.sleep.time = 25ms (default)
2019-10-02 23:07:32,647 [88546497-27f0-407e-9bbb-2c62d71194d1@group-812DA4EF8428-LeaderElection1] INFO  server.RaftServerConfigKeys (ConfUtils.java:logGet(43)) - raft.server.write.element-limit = 4096 (default)
2019-10-02 23:07:32,651 [88546497-27f0-407e-9bbb-2c62d71194d1@group-812DA4EF8428-LeaderElection1] INFO  server.RaftServerConfigKeys (ConfUtils.java:logGet(43)) - raft.server.watch.timeout = 10s (default)
2019-10-02 23:07:32,651 [88546497-27f0-407e-9bbb-2c62d71194d1@group-812DA4EF8428-LeaderElection1] INFO  server.RaftServerConfigKeys (ConfUtils.java:logGet(43)) - raft.server.watch.timeout.denomination = 1s (default)
2019-10-02 23:07:32,652 [88546497-27f0-407e-9bbb-2c62d71194d1@group-812DA4EF8428-LeaderElection1] INFO  server.RaftServerConfigKeys (ConfUtils.java:logGet(43)) - raft.server.watch.element-limit = 65536 (default)
2019-10-02 23:07:32,667 [88546497-27f0-407e-9bbb-2c62d71194d1@group-812DA4EF8428-LeaderElection1] INFO  impl.RoleInfo (RoleInfo.java:updateAndGet(143)) - 88546497-27f0-407e-9bbb-2c62d71194d1: start LeaderState
2019-10-02 23:07:32,667 [Thread-183] INFO  impl.FollowerState (FollowerState.java:run(108)) - 4a07b8bd-1810-4004-a0cf-fe480705ee0c@group-1C82AC497B44-FollowerState: change to CANDIDATE, lastRpcTime:5056ms, electionTimeout:5055ms
2019-10-02 23:07:32,669 [Thread-183] INFO  impl.RoleInfo (RoleInfo.java:shutdownFollowerState(121)) - 4a07b8bd-1810-4004-a0cf-fe480705ee0c: shutdown FollowerState
2019-10-02 23:07:32,669 [Thread-183] INFO  impl.RaftServerImpl (RaftServerImpl.java:setRole(170)) - 4a07b8bd-1810-4004-a0cf-fe480705ee0c@group-1C82AC497B44: changes role from  FOLLOWER to CANDIDATE at term 0 for changeToCandidate
2019-10-02 23:07:32,669 [Thread-183] INFO  impl.RoleInfo (RoleInfo.java:updateAndGet(143)) - 4a07b8bd-1810-4004-a0cf-fe480705ee0c: start LeaderElection
2019-10-02 23:07:32,689 [88546497-27f0-407e-9bbb-2c62d71194d1@group-812DA4EF8428-LeaderElection1] INFO  segmented.SegmentedRaftLogWorker (SegmentedRaftLogWorker.java:startLogSegment(385)) - 88546497-27f0-407e-9bbb-2c62d71194d1@group-812DA4EF8428-SegmentedRaftLogWorker: Starting segment from index:0
2019-10-02 23:07:32,694 [4a07b8bd-1810-4004-a0cf-fe480705ee0c@group-1C82AC497B44-LeaderElection2] INFO  impl.LeaderElection (LeaderElection.java:askForVotes(178)) - 4a07b8bd-1810-4004-a0cf-fe480705ee0c@group-1C82AC497B44-LeaderElection2: begin an election at term 1 for -1: [4a07b8bd-1810-4004-a0cf-fe480705ee0c:192.168.30.30:40240], old=null
2019-10-02 23:07:32,695 [4a07b8bd-1810-4004-a0cf-fe480705ee0c@group-1C82AC497B44-LeaderElection2] INFO  impl.RoleInfo (RoleInfo.java:shutdownLeaderElection(134)) - 4a07b8bd-1810-4004-a0cf-fe480705ee0c: shutdown LeaderElection
2019-10-02 23:07:32,695 [4a07b8bd-1810-4004-a0cf-fe480705ee0c@group-1C82AC497B44-LeaderElection2] INFO  impl.RaftServerImpl (RaftServerImpl.java:setRole(170)) - 4a07b8bd-1810-4004-a0cf-fe480705ee0c@group-1C82AC497B44: changes role from CANDIDATE to LEADER at term 1 for changeToLeader
2019-10-02 23:07:32,695 [4a07b8bd-1810-4004-a0cf-fe480705ee0c@group-1C82AC497B44-LeaderElection2] INFO  impl.RaftServerImpl (ServerState.java:setLeader(255)) - 4a07b8bd-1810-4004-a0cf-fe480705ee0c@group-1C82AC497B44: change Leader from null to 4a07b8bd-1810-4004-a0cf-fe480705ee0c at term 1 for becomeLeader, leader elected after 5095ms
2019-10-02 23:07:32,696 [4a07b8bd-1810-4004-a0cf-fe480705ee0c@group-1C82AC497B44-LeaderElection2] INFO  server.RaftServerConfigKeys (ConfUtils.java:logGet(43)) - raft.server.staging.catchup.gap = 1000 (default)
2019-10-02 23:07:32,696 [4a07b8bd-1810-4004-a0cf-fe480705ee0c@group-1C82AC497B44-LeaderElection2] INFO  server.RaftServerConfigKeys (ConfUtils.java:logGet(43)) - raft.server.rpc.sleep.time = 25ms (default)
2019-10-02 23:07:32,696 [4a07b8bd-1810-4004-a0cf-fe480705ee0c@group-1C82AC497B44-LeaderElection2] INFO  server.RaftServerConfigKeys (ConfUtils.java:logGet(43)) - raft.server.write.element-limit = 4096 (default)
2019-10-02 23:07:32,696 [4a07b8bd-1810-4004-a0cf-fe480705ee0c@group-1C82AC497B44-LeaderElection2] INFO  server.RaftServerConfigKeys (ConfUtils.java:logGet(43)) - raft.server.watch.timeout = 10s (default)
2019-10-02 23:07:32,696 [4a07b8bd-1810-4004-a0cf-fe480705ee0c@group-1C82AC497B44-LeaderElection2] INFO  server.RaftServerConfigKeys (ConfUtils.java:logGet(43)) - raft.server.watch.timeout.denomination = 1s (default)
2019-10-02 23:07:32,696 [4a07b8bd-1810-4004-a0cf-fe480705ee0c@group-1C82AC497B44-LeaderElection2] INFO  server.RaftServerConfigKeys (ConfUtils.java:logGet(43)) - raft.server.watch.element-limit = 65536 (default)
2019-10-02 23:07:32,698 [4a07b8bd-1810-4004-a0cf-fe480705ee0c@group-1C82AC497B44-LeaderElection2] INFO  impl.RoleInfo (RoleInfo.java:updateAndGet(143)) - 4a07b8bd-1810-4004-a0cf-fe480705ee0c: start LeaderState
2019-10-02 23:07:32,698 [88546497-27f0-407e-9bbb-2c62d71194d1@group-812DA4EF8428-LeaderElection1] INFO  impl.RaftServerImpl (ServerState.java:setRaftConf(356)) - 88546497-27f0-407e-9bbb-2c62d71194d1@group-812DA4EF8428: set configuration 0: [88546497-27f0-407e-9bbb-2c62d71194d1:192.168.30.30:40294], old=null at 0
2019-10-02 23:07:32,699 [4a07b8bd-1810-4004-a0cf-fe480705ee0c@group-1C82AC497B44-LeaderElection2] INFO  segmented.SegmentedRaftLogWorker (SegmentedRaftLogWorker.java:startLogSegment(385)) - 4a07b8bd-1810-4004-a0cf-fe480705ee0c@group-1C82AC497B44-SegmentedRaftLogWorker: Starting segment from index:0
2019-10-02 23:07:32,700 [4a07b8bd-1810-4004-a0cf-fe480705ee0c@group-1C82AC497B44-LeaderElection2] INFO  impl.RaftServerImpl (ServerState.java:setRaftConf(356)) - 4a07b8bd-1810-4004-a0cf-fe480705ee0c@group-1C82AC497B44: set configuration 0: [4a07b8bd-1810-4004-a0cf-fe480705ee0c:192.168.30.30:40240], old=null at 0
2019-10-02 23:07:32,869 [88546497-27f0-407e-9bbb-2c62d71194d1@group-812DA4EF8428-SegmentedRaftLogWorker] INFO  segmented.SegmentedRaftLogWorker (SegmentedRaftLogWorker.java:execute(574)) - 88546497-27f0-407e-9bbb-2c62d71194d1@group-812DA4EF8428-SegmentedRaftLogWorker: created new log segment /workdir/hadoop-ozone/ozonefs/target/test-dir/MiniOzoneClusterImpl-db40e1f5-9590-48f4-9ed0-cc05ceb932c2/datanode-0/data/ratis/34e95ae6-6d8c-4f9e-8ce1-812da4ef8428/current/log_inprogress_0
2019-10-02 23:07:32,869 [4a07b8bd-1810-4004-a0cf-fe480705ee0c@group-1C82AC497B44-SegmentedRaftLogWorker] INFO  segmented.SegmentedRaftLogWorker (SegmentedRaftLogWorker.java:execute(574)) - 4a07b8bd-1810-4004-a0cf-fe480705ee0c@group-1C82AC497B44-SegmentedRaftLogWorker: created new log segment /workdir/hadoop-ozone/ozonefs/target/test-dir/MiniOzoneClusterImpl-db40e1f5-9590-48f4-9ed0-cc05ceb932c2/datanode-1/data/ratis/4fd9b10a-6197-44a7-a77a-1c82ac497b44/current/log_inprogress_0
2019-10-02 23:07:32,974 [Thread-186] INFO  impl.FollowerState (FollowerState.java:run(108)) - 2a20c779-9c13-4fc2-94e6-2994d1b044c3@group-34760671A583-FollowerState: change to CANDIDATE, lastRpcTime:5187ms, electionTimeout:5187ms
2019-10-02 23:07:32,975 [Thread-186] INFO  impl.RoleInfo (RoleInfo.java:shutdownFollowerState(121)) - 2a20c779-9c13-4fc2-94e6-2994d1b044c3: shutdown FollowerState
2019-10-02 23:07:32,975 [Thread-186] INFO  impl.RaftServerImpl (RaftServerImpl.java:setRole(170)) - 2a20c779-9c13-4fc2-94e6-2994d1b044c3@group-34760671A583: changes role from  FOLLOWER to CANDIDATE at term 0 for changeToCandidate
2019-10-02 23:07:32,975 [Thread-186] INFO  impl.RoleInfo (RoleInfo.java:updateAndGet(143)) - 2a20c779-9c13-4fc2-94e6-2994d1b044c3: start LeaderElection
2019-10-02 23:07:32,988 [Thread-193] INFO  impl.FollowerState (FollowerState.java:run(108)) - 88546497-27f0-407e-9bbb-2c62d71194d1@group-3C34DBB419C6-FollowerState: change to CANDIDATE, lastRpcTime:5074ms, electionTimeout:5073ms
2019-10-02 23:07:32,988 [Thread-193] INFO  impl.RoleInfo (RoleInfo.java:shutdownFollowerState(121)) - 88546497-27f0-407e-9bbb-2c62d71194d1: shutdown FollowerState
2019-10-02 23:07:32,989 [Thread-193] INFO  impl.RaftServerImpl (RaftServerImpl.java:setRole(170)) - 88546497-27f0-407e-9bbb-2c62d71194d1@group-3C34DBB419C6: changes role from  FOLLOWER to CANDIDATE at term 0 for changeToCandidate
2019-10-02 23:07:32,989 [Thread-193] INFO  impl.RoleInfo (RoleInfo.java:updateAndGet(143)) - 88546497-27f0-407e-9bbb-2c62d71194d1: start LeaderElection
2019-10-02 23:07:33,003 [2a20c779-9c13-4fc2-94e6-2994d1b044c3@group-34760671A583-LeaderElection3] INFO  impl.LeaderElection (LeaderElection.java:askForVotes(178)) - 2a20c779-9c13-4fc2-94e6-2994d1b044c3@group-34760671A583-LeaderElection3: begin an election at term 1 for -1: [2a20c779-9c13-4fc2-94e6-2994d1b044c3:192.168.30.30:38393], old=null
2019-10-02 23:07:33,003 [2a20c779-9c13-4fc2-94e6-2994d1b044c3@group-34760671A583-LeaderElection3] INFO  impl.RoleInfo (RoleInfo.java:shutdownLeaderElection(134)) - 2a20c779-9c13-4fc2-94e6-2994d1b044c3: shutdown LeaderElection
2019-10-02 23:07:33,003 [2a20c779-9c13-4fc2-94e6-2994d1b044c3@group-34760671A583-LeaderElection3] INFO  impl.RaftServerImpl (RaftServerImpl.java:setRole(170)) - 2a20c779-9c13-4fc2-94e6-2994d1b044c3@group-34760671A583: changes role from CANDIDATE to LEADER at term 1 for changeToLeader
2019-10-02 23:07:33,004 [2a20c779-9c13-4fc2-94e6-2994d1b044c3@group-34760671A583-LeaderElection3] INFO  impl.RaftServerImpl (ServerState.java:setLeader(255)) - 2a20c779-9c13-4fc2-94e6-2994d1b044c3@group-34760671A583: change Leader from null to 2a20c779-9c13-4fc2-94e6-2994d1b044c3 at term 1 for becomeLeader, leader elected after 5256ms
2019-10-02 23:07:33,004 [2a20c779-9c13-4fc2-94e6-2994d1b044c3@group-34760671A583-LeaderElection3] INFO  server.RaftServerConfigKeys (ConfUtils.java:logGet(43)) - raft.server.staging.catchup.gap = 1000 (default)
2019-10-02 23:07:33,004 [2a20c779-9c13-4fc2-94e6-2994d1b044c3@group-34760671A583-LeaderElection3] INFO  server.RaftServerConfigKeys (ConfUtils.java:logGet(43)) - raft.server.rpc.sleep.time = 25ms (default)
2019-10-02 23:07:33,004 [2a20c779-9c13-4fc2-94e6-2994d1b044c3@group-34760671A583-LeaderElection3] INFO  server.RaftServerConfigKeys (ConfUtils.java:logGet(43)) - raft.server.write.element-limit = 4096 (default)
2019-10-02 23:07:33,004 [2a20c779-9c13-4fc2-94e6-2994d1b044c3@group-34760671A583-LeaderElection3] INFO  server.RaftServerConfigKeys (ConfUtils.java:logGet(43)) - raft.server.watch.timeout = 10s (default)
2019-10-02 23:07:33,004 [2a20c779-9c13-4fc2-94e6-2994d1b044c3@group-34760671A583-LeaderElection3] INFO  server.RaftServerConfigKeys (ConfUtils.java:logGet(43)) - raft.server.watch.timeout.denomination = 1s (default)
2019-10-02 23:07:33,005 [2a20c779-9c13-4fc2-94e6-2994d1b044c3@group-34760671A583-LeaderElection3] INFO  server.RaftServerConfigKeys (ConfUtils.java:logGet(43)) - raft.server.watch.element-limit = 65536 (default)
2019-10-02 23:07:33,008 [2a20c779-9c13-4fc2-94e6-2994d1b044c3@group-34760671A583-LeaderElection3] INFO  impl.RoleInfo (RoleInfo.java:updateAndGet(143)) - 2a20c779-9c13-4fc2-94e6-2994d1b044c3: start LeaderState
2019-10-02 23:07:33,008 [2a20c779-9c13-4fc2-94e6-2994d1b044c3@group-34760671A583-LeaderElection3] INFO  segmented.SegmentedRaftLogWorker (SegmentedRaftLogWorker.java:startLogSegment(385)) - 2a20c779-9c13-4fc2-94e6-2994d1b044c3@group-34760671A583-SegmentedRaftLogWorker: Starting segment from index:0
2019-10-02 23:07:33,009 [2a20c779-9c13-4fc2-94e6-2994d1b044c3@group-34760671A583-LeaderElection3] INFO  impl.RaftServerImpl (ServerState.java:setRaftConf(356)) - 2a20c779-9c13-4fc2-94e6-2994d1b044c3@group-34760671A583: set configuration 0: [2a20c779-9c13-4fc2-94e6-2994d1b044c3:192.168.30.30:38393], old=null at 0
2019-10-02 23:07:33,020 [88546497-27f0-407e-9bbb-2c62d71194d1@group-3C34DBB419C6-LeaderElection4] INFO  impl.LeaderElection (LeaderElection.java:askForVotes(178)) - 88546497-27f0-407e-9bbb-2c62d71194d1@group-3C34DBB419C6-LeaderElection4: begin an election at term 1 for -1: [4a07b8bd-1810-4004-a0cf-fe480705ee0c:192.168.30.30:40240, 2a20c779-9c13-4fc2-94e6-2994d1b044c3:192.168.30.30:38393, 88546497-27f0-407e-9bbb-2c62d71194d1:192.168.30.30:40294], old=null
2019-10-02 23:07:33,026 [Thread-192] INFO  impl.FollowerState (FollowerState.java:run(108)) - 2a20c779-9c13-4fc2-94e6-2994d1b044c3@group-3C34DBB419C6-FollowerState: change to CANDIDATE, lastRpcTime:5116ms, electionTimeout:5116ms
2019-10-02 23:07:33,026 [Thread-192] INFO  impl.RoleInfo (RoleInfo.java:shutdownFollowerState(121)) - 2a20c779-9c13-4fc2-94e6-2994d1b044c3: shutdown FollowerState
2019-10-02 23:07:33,026 [Thread-192] INFO  impl.RaftServerImpl (RaftServerImpl.java:setRole(170)) - 2a20c779-9c13-4fc2-94e6-2994d1b044c3@group-3C34DBB419C6: changes role from  FOLLOWER to CANDIDATE at term 0 for changeToCandidate
2019-10-02 23:07:33,027 [Thread-192] INFO  impl.RoleInfo (RoleInfo.java:updateAndGet(143)) - 2a20c779-9c13-4fc2-94e6-2994d1b044c3: start LeaderElection
2019-10-02 23:07:33,057 [Thread-194] INFO  impl.FollowerState (FollowerState.java:run(108)) - 4a07b8bd-1810-4004-a0cf-fe480705ee0c@group-3C34DBB419C6-FollowerState: change to CANDIDATE, lastRpcTime:5142ms, electionTimeout:5140ms
2019-10-02 23:07:33,058 [Thread-194] INFO  impl.RoleInfo (RoleInfo.java:shutdownFollowerState(121)) - 4a07b8bd-1810-4004-a0cf-fe480705ee0c: shutdown FollowerState
2019-10-02 23:07:33,058 [Thread-194] INFO  impl.RaftServerImpl (RaftServerImpl.java:setRole(170)) - 4a07b8bd-1810-4004-a0cf-fe480705ee0c@group-3C34DBB419C6: changes role from  FOLLOWER to CANDIDATE at term 0 for changeToCandidate
2019-10-02 23:07:33,058 [Thread-194] INFO  impl.RoleInfo (RoleInfo.java:updateAndGet(143)) - 4a07b8bd-1810-4004-a0cf-fe480705ee0c: start LeaderElection
2019-10-02 23:07:33,062 [2a20c779-9c13-4fc2-94e6-2994d1b044c3@group-34760671A583-SegmentedRaftLogWorker] INFO  segmented.SegmentedRaftLogWorker (SegmentedRaftLogWorker.java:execute(574)) - 2a20c779-9c13-4fc2-94e6-2994d1b044c3@group-34760671A583-SegmentedRaftLogWorker: created new log segment /workdir/hadoop-ozone/ozonefs/target/test-dir/MiniOzoneClusterImpl-db40e1f5-9590-48f4-9ed0-cc05ceb932c2/datanode-2/data/ratis/ef1746af-36cc-48ff-a545-34760671a583/current/log_inprogress_0
2019-10-02 23:07:33,062 [2a20c779-9c13-4fc2-94e6-2994d1b044c3@group-3C34DBB419C6-LeaderElection5] INFO  impl.LeaderElection (LeaderElection.java:askForVotes(178)) - 2a20c779-9c13-4fc2-94e6-2994d1b044c3@group-3C34DBB419C6-LeaderElection5: begin an election at term 1 for -1: [4a07b8bd-1810-4004-a0cf-fe480705ee0c:192.168.30.30:40240, 2a20c779-9c13-4fc2-94e6-2994d1b044c3:192.168.30.30:38393, 88546497-27f0-407e-9bbb-2c62d71194d1:192.168.30.30:40294], old=null
2019-10-02 23:07:33,088 [4a07b8bd-1810-4004-a0cf-fe480705ee0c@group-3C34DBB419C6-LeaderElection6] INFO  impl.LeaderElection (LeaderElection.java:askForVotes(178)) - 4a07b8bd-1810-4004-a0cf-fe480705ee0c@group-3C34DBB419C6-LeaderElection6: begin an election at term 1 for -1: [4a07b8bd-1810-4004-a0cf-fe480705ee0c:192.168.30.30:40240, 2a20c779-9c13-4fc2-94e6-2994d1b044c3:192.168.30.30:38393, 88546497-27f0-407e-9bbb-2c62d71194d1:192.168.30.30:40294], old=null
2019-10-02 23:07:33,099 [2a20c779-9c13-4fc2-94e6-2994d1b044c3@group-3C34DBB419C6-LeaderElection5] INFO  impl.LeaderElection (LeaderElection.java:logAndReturn(56)) - 2a20c779-9c13-4fc2-94e6-2994d1b044c3@group-3C34DBB419C6-LeaderElection5: Election REJECTED; received 2 response(s) [2a20c779-9c13-4fc2-94e6-2994d1b044c3<-4a07b8bd-1810-4004-a0cf-fe480705ee0c#0:FAIL-t1, 2a20c779-9c13-4fc2-94e6-2994d1b044c3<-88546497-27f0-407e-9bbb-2c62d71194d1#0:FAIL-t1] and 0 exception(s); 2a20c779-9c13-4fc2-94e6-2994d1b044c3@group-3C34DBB419C6:t1, leader=null, voted=2a20c779-9c13-4fc2-94e6-2994d1b044c3, raftlog=2a20c779-9c13-4fc2-94e6-2994d1b044c3@group-3C34DBB419C6-SegmentedRaftLog:OPENED:c-1,f-1,i0, conf=-1: [4a07b8bd-1810-4004-a0cf-fe480705ee0c:192.168.30.30:40240, 2a20c779-9c13-4fc2-94e6-2994d1b044c3:192.168.30.30:38393, 88546497-27f0-407e-9bbb-2c62d71194d1:192.168.30.30:40294], old=null
2019-10-02 23:07:33,099 [88546497-27f0-407e-9bbb-2c62d71194d1@group-3C34DBB419C6-LeaderElection4] INFO  impl.LeaderElection (LeaderElection.java:logAndReturn(56)) - 88546497-27f0-407e-9bbb-2c62d71194d1@group-3C34DBB419C6-LeaderElection4: Election REJECTED; received 2 response(s) [88546497-27f0-407e-9bbb-2c62d71194d1<-4a07b8bd-1810-4004-a0cf-fe480705ee0c#0:FAIL-t1, 88546497-27f0-407e-9bbb-2c62d71194d1<-2a20c779-9c13-4fc2-94e6-2994d1b044c3#0:FAIL-t1] and 0 exception(s); 88546497-27f0-407e-9bbb-2c62d71194d1@group-3C34DBB419C6:t1, leader=null, voted=88546497-27f0-407e-9bbb-2c62d71194d1, raftlog=88546497-27f0-407e-9bbb-2c62d71194d1@group-3C34DBB419C6-SegmentedRaftLog:OPENED:c-1,f-1,i0, conf=-1: [4a07b8bd-1810-4004-a0cf-fe480705ee0c:192.168.30.30:40240, 2a20c779-9c13-4fc2-94e6-2994d1b044c3:192.168.30.30:38393, 88546497-27f0-407e-9bbb-2c62d71194d1:192.168.30.30:40294], old=null
2019-10-02 23:07:33,101 [2a20c779-9c13-4fc2-94e6-2994d1b044c3@group-3C34DBB419C6-LeaderElection5] INFO  impl.RaftServerImpl (RaftServerImpl.java:setRole(170)) - 2a20c779-9c13-4fc2-94e6-2994d1b044c3@group-3C34DBB419C6: changes role from CANDIDATE to FOLLOWER at term 1 for DISCOVERED_A_NEW_TERM
2019-10-02 23:07:33,102 [2a20c779-9c13-4fc2-94e6-2994d1b044c3@group-3C34DBB419C6-LeaderElection5] INFO  impl.RoleInfo (RoleInfo.java:shutdownLeaderElection(134)) - 2a20c779-9c13-4fc2-94e6-2994d1b044c3: shutdown LeaderElection
2019-10-02 23:07:33,102 [88546497-27f0-407e-9bbb-2c62d71194d1@group-3C34DBB419C6-LeaderElection4] INFO  impl.RaftServerImpl (RaftServerImpl.java:setRole(170)) - 88546497-27f0-407e-9bbb-2c62d71194d1@group-3C34DBB419C6: changes role from CANDIDATE to FOLLOWER at term 1 for DISCOVERED_A_NEW_TERM
2019-10-02 23:07:33,104 [2a20c779-9c13-4fc2-94e6-2994d1b044c3@group-3C34DBB419C6-LeaderElection5] INFO  impl.RoleInfo (RoleInfo.java:updateAndGet(143)) - 2a20c779-9c13-4fc2-94e6-2994d1b044c3: start FollowerState
2019-10-02 23:07:33,104 [88546497-27f0-407e-9bbb-2c62d71194d1@group-3C34DBB419C6-LeaderElection4] INFO  impl.RoleInfo (RoleInfo.java:shutdownLeaderElection(134)) - 88546497-27f0-407e-9bbb-2c62d71194d1: shutdown LeaderElection
2019-10-02 23:07:33,105 [88546497-27f0-407e-9bbb-2c62d71194d1@group-3C34DBB419C6-LeaderElection4] INFO  impl.RoleInfo (RoleInfo.java:updateAndGet(143)) - 88546497-27f0-407e-9bbb-2c62d71194d1: start FollowerState
2019-10-02 23:07:33,114 [4a07b8bd-1810-4004-a0cf-fe480705ee0c@group-3C34DBB419C6-LeaderElection6] INFO  impl.LeaderElection (LeaderElection.java:logAndReturn(56)) - 4a07b8bd-1810-4004-a0cf-fe480705ee0c@group-3C34DBB419C6-LeaderElection6: Election REJECTED; received 2 response(s) [4a07b8bd-1810-4004-a0cf-fe480705ee0c<-2a20c779-9c13-4fc2-94e6-2994d1b044c3#0:FAIL-t1, 4a07b8bd-1810-4004-a0cf-fe480705ee0c<-88546497-27f0-407e-9bbb-2c62d71194d1#0:FAIL-t1] and 0 exception(s); 4a07b8bd-1810-4004-a0cf-fe480705ee0c@group-3C34DBB419C6:t1, leader=null, voted=4a07b8bd-1810-4004-a0cf-fe480705ee0c, raftlog=4a07b8bd-1810-4004-a0cf-fe480705ee0c@group-3C34DBB419C6-SegmentedRaftLog:OPENED:c-1,f-1,i0, conf=-1: [4a07b8bd-1810-4004-a0cf-fe480705ee0c:192.168.30.30:40240, 2a20c779-9c13-4fc2-94e6-2994d1b044c3:192.168.30.30:38393, 88546497-27f0-407e-9bbb-2c62d71194d1:192.168.30.30:40294], old=null
2019-10-02 23:07:33,115 [4a07b8bd-1810-4004-a0cf-fe480705ee0c@group-3C34DBB419C6-LeaderElection6] INFO  impl.RaftServerImpl (RaftServerImpl.java:setRole(170)) - 4a07b8bd-1810-4004-a0cf-fe480705ee0c@group-3C34DBB419C6: changes role from CANDIDATE to FOLLOWER at term 1 for DISCOVERED_A_NEW_TERM
2019-10-02 23:07:33,115 [4a07b8bd-1810-4004-a0cf-fe480705ee0c@group-3C34DBB419C6-LeaderElection6] INFO  impl.RoleInfo (RoleInfo.java:shutdownLeaderElection(134)) - 4a07b8bd-1810-4004-a0cf-fe480705ee0c: shutdown LeaderElection
2019-10-02 23:07:33,115 [4a07b8bd-1810-4004-a0cf-fe480705ee0c@group-3C34DBB419C6-LeaderElection6] INFO  impl.RoleInfo (RoleInfo.java:updateAndGet(143)) - 4a07b8bd-1810-4004-a0cf-fe480705ee0c: start FollowerState
2019-10-02 23:07:33,752 [ForkJoinPool.commonPool-worker-1] INFO  ozoneimpl.OzoneContainer (OzoneContainer.java:stop(231)) - Attempting to stop container services.
2019-10-02 23:07:33,753 [main] INFO  ozoneimpl.OzoneContainer (OzoneContainer.java:stop(231)) - Attempting to stop container services.
2019-10-02 23:07:33,754 [main] INFO  impl.RaftServerProxy (RaftServerProxy.java:lambda$close$4(314)) - 4a07b8bd-1810-4004-a0cf-fe480705ee0c: close
2019-10-02 23:07:33,754 [ForkJoinPool.commonPool-worker-1] INFO  impl.RaftServerProxy (RaftServerProxy.java:lambda$close$4(314)) - 88546497-27f0-407e-9bbb-2c62d71194d1: close
2019-10-02 23:07:33,756 [ForkJoinPool.commonPool-worker-1] INFO  impl.RaftServerImpl (RaftServerImpl.java:lambda$shutdown$3(247)) - 88546497-27f0-407e-9bbb-2c62d71194d1@group-3C34DBB419C6: shutdown
2019-10-02 23:07:33,756 [main] INFO  impl.RaftServerImpl (RaftServerImpl.java:lambda$shutdown$3(247)) - 4a07b8bd-1810-4004-a0cf-fe480705ee0c@group-3C34DBB419C6: shutdown
2019-10-02 23:07:33,756 [ForkJoinPool.commonPool-worker-1] INFO  util.JmxRegister (JmxRegister.java:unregister(73)) - Successfully un-registered JMX Bean with object name Ratis:service=RaftServer,group=group-3C34DBB419C6,id=88546497-27f0-407e-9bbb-2c62d71194d1
2019-10-02 23:07:33,757 [main] INFO  util.JmxRegister (JmxRegister.java:unregister(73)) - Successfully un-registered JMX Bean with object name Ratis:service=RaftServer,group=group-3C34DBB419C6,id=4a07b8bd-1810-4004-a0cf-fe480705ee0c
2019-10-02 23:07:33,757 [ForkJoinPool.commonPool-worker-1] INFO  impl.RoleInfo (RoleInfo.java:shutdownFollowerState(121)) - 88546497-27f0-407e-9bbb-2c62d71194d1: shutdown FollowerState
2019-10-02 23:07:33,757 [main] INFO  impl.RoleInfo (RoleInfo.java:shutdownFollowerState(121)) - 4a07b8bd-1810-4004-a0cf-fe480705ee0c: shutdown FollowerState
2019-10-02 23:07:33,757 [Thread-219] INFO  impl.FollowerState (FollowerState.java:run(117)) - 88546497-27f0-407e-9bbb-2c62d71194d1@group-3C34DBB419C6-FollowerState was interrupted: java.lang.InterruptedException: sleep interrupted
2019-10-02 23:07:33,757 [ForkJoinPool.commonPool-worker-1] INFO  impl.StateMachineUpdater (StateMachineUpdater.java:stopAndJoin(136)) - 88546497-27f0-407e-9bbb-2c62d71194d1@group-3C34DBB419C6-StateMachineUpdater: set stopIndex = -1
2019-10-02 23:07:33,760 [Thread-220] INFO  impl.FollowerState (FollowerState.java:run(117)) - 4a07b8bd-1810-4004-a0cf-fe480705ee0c@group-3C34DBB419C6-FollowerState was interrupted: java.lang.InterruptedException: sleep interrupted
2019-10-02 23:07:33,757 [main] INFO  impl.StateMachineUpdater (StateMachineUpdater.java:stopAndJoin(136)) - 4a07b8bd-1810-4004-a0cf-fe480705ee0c@group-3C34DBB419C6-StateMachineUpdater: set stopIndex = -1
2019-10-02 23:07:33,762 [ForkJoinPool.commonPool-worker-1] INFO  impl.RaftServerImpl (ServerState.java:close(387)) - 88546497-27f0-407e-9bbb-2c62d71194d1@group-3C34DBB419C6: closes. applyIndex: -1
2019-10-02 23:07:33,763 [main] INFO  impl.RaftServerImpl (ServerState.java:close(387)) - 4a07b8bd-1810-4004-a0cf-fe480705ee0c@group-3C34DBB419C6: closes. applyIndex: -1
2019-10-02 23:07:33,765 [4a07b8bd-1810-4004-a0cf-fe480705ee0c@group-3C34DBB419C6-SegmentedRaftLogWorker] INFO  segmented.SegmentedRaftLogWorker (SegmentedRaftLogWorker.java:run(316)) - 4a07b8bd-1810-4004-a0cf-fe480705ee0c@group-3C34DBB419C6-SegmentedRaftLogWorker was interrupted, exiting. There are 0 tasks remaining in the queue.
2019-10-02 23:07:33,765 [88546497-27f0-407e-9bbb-2c62d71194d1@group-3C34DBB419C6-SegmentedRaftLogWorker] INFO  segmented.SegmentedRaftLogWorker (SegmentedRaftLogWorker.java:run(316)) - 88546497-27f0-407e-9bbb-2c62d71194d1@group-3C34DBB419C6-SegmentedRaftLogWorker was interrupted, exiting. There are 0 tasks remaining in the queue.
2019-10-02 23:07:33,765 [main] INFO  segmented.SegmentedRaftLogWorker (SegmentedRaftLogWorker.java:close(224)) - 4a07b8bd-1810-4004-a0cf-fe480705ee0c@group-3C34DBB419C6-SegmentedRaftLogWorker close()
2019-10-02 23:07:33,765 [ForkJoinPool.commonPool-worker-1] INFO  segmented.SegmentedRaftLogWorker (SegmentedRaftLogWorker.java:close(224)) - 88546497-27f0-407e-9bbb-2c62d71194d1@group-3C34DBB419C6-SegmentedRaftLogWorker close()
2019-10-02 23:07:33,768 [main] INFO  impl.RaftServerImpl (RaftServerImpl.java:lambda$shutdown$3(247)) - 4a07b8bd-1810-4004-a0cf-fe480705ee0c@group-1C82AC497B44: shutdown
2019-10-02 23:07:33,768 [ForkJoinPool.commonPool-worker-1] INFO  impl.RaftServerImpl (RaftServerImpl.java:lambda$shutdown$3(247)) - 88546497-27f0-407e-9bbb-2c62d71194d1@group-812DA4EF8428: shutdown
2019-10-02 23:07:33,768 [main] INFO  util.JmxRegister (JmxRegister.java:unregister(73)) - Successfully un-registered JMX Bean with object name Ratis:service=RaftServer,group=group-1C82AC497B44,id=4a07b8bd-1810-4004-a0cf-fe480705ee0c
2019-10-02 23:07:33,768 [ForkJoinPool.commonPool-worker-1] INFO  util.JmxRegister (JmxRegister.java:unregister(73)) - Successfully un-registered JMX Bean with object name Ratis:service=RaftServer,group=group-812DA4EF8428,id=88546497-27f0-407e-9bbb-2c62d71194d1
2019-10-02 23:07:33,769 [main] INFO  impl.RoleInfo (RoleInfo.java:shutdownLeaderState(104)) - 4a07b8bd-1810-4004-a0cf-fe480705ee0c: shutdown LeaderState
2019-10-02 23:07:33,769 [ForkJoinPool.commonPool-worker-1] INFO  impl.RoleInfo (RoleInfo.java:shutdownLeaderState(104)) - 88546497-27f0-407e-9bbb-2c62d71194d1: shutdown LeaderState
2019-10-02 23:07:33,770 [main] INFO  impl.PendingRequests (PendingRequests.java:sendNotLeaderResponses(202)) - 4a07b8bd-1810-4004-a0cf-fe480705ee0c@group-1C82AC497B44-PendingRequests: sendNotLeaderResponses
2019-10-02 23:07:33,770 [ForkJoinPool.commonPool-worker-1] INFO  impl.PendingRequests (PendingRequests.java:sendNotLeaderResponses(202)) - 88546497-27f0-407e-9bbb-2c62d71194d1@group-812DA4EF8428-PendingRequests: sendNotLeaderResponses
2019-10-02 23:07:33,772 [main] INFO  impl.StateMachineUpdater (StateMachineUpdater.java:stopAndJoin(136)) - 4a07b8bd-1810-4004-a0cf-fe480705ee0c@group-1C82AC497B44-StateMachineUpdater: set stopIndex = 0
2019-10-02 23:07:33,772 [ForkJoinPool.commonPool-worker-1] INFO  impl.StateMachineUpdater (StateMachineUpdater.java:stopAndJoin(136)) - 88546497-27f0-407e-9bbb-2c62d71194d1@group-812DA4EF8428-StateMachineUpdater: set stopIndex = 0
2019-10-02 23:07:33,774 [main] INFO  impl.RaftServerImpl (ServerState.java:close(387)) - 4a07b8bd-1810-4004-a0cf-fe480705ee0c@group-1C82AC497B44: closes. applyIndex: 0
2019-10-02 23:07:33,774 [ForkJoinPool.commonPool-worker-1] INFO  impl.RaftServerImpl (ServerState.java:close(387)) - 88546497-27f0-407e-9bbb-2c62d71194d1@group-812DA4EF8428: closes. applyIndex: 0
2019-10-02 23:07:33,774 [4a07b8bd-1810-4004-a0cf-fe480705ee0c@group-1C82AC497B44-SegmentedRaftLogWorker] INFO  segmented.SegmentedRaftLogWorker (SegmentedRaftLogWorker.java:run(316)) - 4a07b8bd-1810-4004-a0cf-fe480705ee0c@group-1C82AC497B44-SegmentedRaftLogWorker was interrupted, exiting. There are 0 tasks remaining in the queue.
2019-10-02 23:07:33,774 [88546497-27f0-407e-9bbb-2c62d71194d1@group-812DA4EF8428-SegmentedRaftLogWorker] INFO  segmented.SegmentedRaftLogWorker (SegmentedRaftLogWorker.java:run(316)) - 88546497-27f0-407e-9bbb-2c62d71194d1@group-812DA4EF8428-SegmentedRaftLogWorker was interrupted, exiting. There are 0 tasks remaining in the queue.
2019-10-02 23:07:33,776 [main] INFO  segmented.SegmentedRaftLogWorker (SegmentedRaftLogWorker.java:close(224)) - 4a07b8bd-1810-4004-a0cf-fe480705ee0c@group-1C82AC497B44-SegmentedRaftLogWorker close()
2019-10-02 23:07:33,776 [ForkJoinPool.commonPool-worker-1] INFO  segmented.SegmentedRaftLogWorker (SegmentedRaftLogWorker.java:close(224)) - 88546497-27f0-407e-9bbb-2c62d71194d1@group-812DA4EF8428-SegmentedRaftLogWorker close()
2019-10-02 23:07:33,779 [main] INFO  server.GrpcService (GrpcService.java:closeImpl(164)) - 4a07b8bd-1810-4004-a0cf-fe480705ee0c: shutdown server with port 40240 now
2019-10-02 23:07:33,779 [ForkJoinPool.commonPool-worker-1] INFO  server.GrpcService (GrpcService.java:closeImpl(164)) - 88546497-27f0-407e-9bbb-2c62d71194d1: shutdown server with port 40294 now
2019-10-02 23:07:33,793 [ForkJoinPool.commonPool-worker-1] INFO  server.GrpcService (GrpcService.java:closeImpl(172)) - 88546497-27f0-407e-9bbb-2c62d71194d1: shutdown server with port 40294 successfully
2019-10-02 23:07:33,793 [main] INFO  server.GrpcService (GrpcService.java:closeImpl(172)) - 4a07b8bd-1810-4004-a0cf-fe480705ee0c: shutdown server with port 40240 successfully
2019-10-02 23:07:33,796 [refreshUsed-/workdir/hadoop-ozone/ozonefs/target/test-dir/MiniOzoneClusterImpl-db40e1f5-9590-48f4-9ed0-cc05ceb932c2/datanode-1/data/containers] WARN  fs.CachingGetSpaceUsed (CachingGetSpaceUsed.java:run(183)) - Thread Interrupted waiting to refresh disk information: sleep interrupted
2019-10-02 23:07:33,796 [refreshUsed-/workdir/hadoop-ozone/ozonefs/target/test-dir/MiniOzoneClusterImpl-db40e1f5-9590-48f4-9ed0-cc05ceb932c2/datanode-0/data/containers] WARN  fs.CachingGetSpaceUsed (CachingGetSpaceUsed.java:run(183)) - Thread Interrupted waiting to refresh disk information: sleep interrupted
2019-10-02 23:07:33,822 [ForkJoinPool.commonPool-worker-1] INFO  utils.BackgroundService (BackgroundService.java:shutdown(148)) - Shutting down service BlockDeletingService
2019-10-02 23:07:33,824 [ForkJoinPool.commonPool-worker-1] INFO  statemachine.DatanodeStateMachine (DatanodeStateMachine.java:stopDaemon(395)) - Ozone container server stopped.
2019-10-02 23:07:33,826 [ForkJoinPool.commonPool-worker-1] INFO  handler.ContextHandler (ContextHandler.java:doStop(910)) - Stopped o.e.j.w.WebAppContext@350d3f4d{/,null,UNAVAILABLE}{/hddsDatanode}
2019-10-02 23:07:33,829 [main] INFO  utils.BackgroundService (BackgroundService.java:shutdown(148)) - Shutting down service BlockDeletingService
2019-10-02 23:07:33,831 [main] INFO  statemachine.DatanodeStateMachine (DatanodeStateMachine.java:stopDaemon(395)) - Ozone container server stopped.
2019-10-02 23:07:33,832 [main] INFO  handler.ContextHandler (ContextHandler.java:doStop(910)) - Stopped o.e.j.w.WebAppContext@6f911326{/,null,UNAVAILABLE}{/hddsDatanode}
2019-10-02 23:07:33,833 [main] INFO  server.AbstractConnector (AbstractConnector.java:doStop(318)) - Stopped ServerConnector@f1d0004{HTTP/1.1,[http/1.1]}{0.0.0.0:0}
2019-10-02 23:07:33,833 [main] INFO  handler.ContextHandler (ContextHandler.java:doStop(910)) - Stopped o.e.j.s.ServletContextHandler@618ff5c2{/static,jar:file:/home/user/.m2/repository/org/apache/hadoop/hadoop-hdds-container-service/0.5.0-SNAPSHOT/hadoop-hdds-container-service-0.5.0-SNAPSHOT.jar!/webapps/static,UNAVAILABLE}
2019-10-02 23:07:33,834 [main] INFO  handler.ContextHandler (ContextHandler.java:doStop(910)) - Stopped o.e.j.s.ServletContextHandler@75d982d3{/logs,file:///workdir/hadoop-ozone/ozonefs/target/log,UNAVAILABLE}
2019-10-02 23:07:33,843 [ForkJoinPool.commonPool-worker-1] INFO  server.AbstractConnector (AbstractConnector.java:doStop(318)) - Stopped ServerConnector@18b8d173{HTTP/1.1,[http/1.1]}{0.0.0.0:0}
2019-10-02 23:07:33,844 [ForkJoinPool.commonPool-worker-1] INFO  handler.ContextHandler (ContextHandler.java:doStop(910)) - Stopped o.e.j.s.ServletContextHandler@7640a5b1{/static,jar:file:/home/user/.m2/repository/org/apache/hadoop/hadoop-hdds-container-service/0.5.0-SNAPSHOT/hadoop-hdds-container-service-0.5.0-SNAPSHOT.jar!/webapps/static,UNAVAILABLE}
2019-10-02 23:07:33,844 [ForkJoinPool.commonPool-worker-1] INFO  handler.ContextHandler (ContextHandler.java:doStop(910)) - Stopped o.e.j.s.ServletContextHandler@762637be{/logs,file:///workdir/hadoop-ozone/ozonefs/target/log,UNAVAILABLE}
2019-10-02 23:07:34,589 [Datanode State Machine Thread - 0] INFO  statemachine.DatanodeStateMachine (DatanodeStateMachine.java:lambda$startDaemon$0(350)) - Ozone container server started.
2019-10-02 23:07:38,137 [Thread-218] INFO  impl.FollowerState (FollowerState.java:run(108)) - 2a20c779-9c13-4fc2-94e6-2994d1b044c3@group-3C34DBB419C6-FollowerState: change to CANDIDATE, lastRpcTime:5033ms, electionTimeout:5032ms
2019-10-02 23:07:38,137 [Thread-218] INFO  impl.RoleInfo (RoleInfo.java:shutdownFollowerState(121)) - 2a20c779-9c13-4fc2-94e6-2994d1b044c3: shutdown FollowerState
2019-10-02 23:07:38,137 [Thread-218] INFO  impl.RaftServerImpl (RaftServerImpl.java:setRole(170)) - 2a20c779-9c13-4fc2-94e6-2994d1b044c3@group-3C34DBB419C6: changes role from  FOLLOWER to CANDIDATE at term 1 for changeToCandidate
2019-10-02 23:07:38,138 [Thread-218] INFO  impl.RoleInfo (RoleInfo.java:updateAndGet(143)) - 2a20c779-9c13-4fc2-94e6-2994d1b044c3: start LeaderElection
2019-10-02 23:07:38,163 [2a20c779-9c13-4fc2-94e6-2994d1b044c3@group-3C34DBB419C6-LeaderElection7] INFO  impl.LeaderElection (LeaderElection.java:askForVotes(178)) - 2a20c779-9c13-4fc2-94e6-2994d1b044c3@group-3C34DBB419C6-LeaderElection7: begin an election at term 2 for -1: [4a07b8bd-1810-4004-a0cf-fe480705ee0c:192.168.30.30:40240, 2a20c779-9c13-4fc2-94e6-2994d1b044c3:192.168.30.30:38393, 88546497-27f0-407e-9bbb-2c62d71194d1:192.168.30.30:40294], old=null
2019-10-02 23:07:38,181 [2a20c779-9c13-4fc2-94e6-2994d1b044c3@group-3C34DBB419C6-LeaderElection7] INFO  impl.LeaderElection (LogUtils.java:infoOrTrace(149)) - 2a20c779-9c13-4fc2-94e6-2994d1b044c3@group-3C34DBB419C6-LeaderElection7 got exception when requesting votes: {}
java.util.concurrent.ExecutionException: org.apache.ratis.thirdparty.io.grpc.StatusRuntimeException: UNAVAILABLE: io exception
	at java.util.concurrent.FutureTask.report(FutureTask.java:122)
	at java.util.concurrent.FutureTask.get(FutureTask.java:192)
	at org.apache.ratis.server.impl.LeaderElection.waitForResults(LeaderElection.java:259)
	at org.apache.ratis.server.impl.LeaderElection.askForVotes(LeaderElection.java:197)
	at org.apache.ratis.server.impl.LeaderElection.run(LeaderElection.java:133)
	at java.lang.Thread.run(Thread.java:748)
Caused by: org.apache.ratis.thirdparty.io.grpc.StatusRuntimeException: UNAVAILABLE: io exception
	at org.apache.ratis.thirdparty.io.grpc.stub.ClientCalls.toStatusRuntimeException(ClientCalls.java:233)
	at org.apache.ratis.thirdparty.io.grpc.stub.ClientCalls.getUnchecked(ClientCalls.java:214)
	at org.apache.ratis.thirdparty.io.grpc.stub.ClientCalls.blockingUnaryCall(ClientCalls.java:139)
	at org.apache.ratis.proto.grpc.RaftServerProtocolServiceGrpc$RaftServerProtocolServiceBlockingStub.requestVote(RaftServerProtocolServiceGrpc.java:265)
	at org.apache.ratis.grpc.server.GrpcServerProtocolClient.requestVote(GrpcServerProtocolClient.java:99)
	at org.apache.ratis.grpc.server.GrpcService.requestVote(GrpcService.java:204)
	at org.apache.ratis.server.impl.LeaderElection.lambda$submitRequests$1(LeaderElection.java:234)
	at java.util.concurrent.FutureTask.run(FutureTask.java:266)
	at java.util.concurrent.Executors$RunnableAdapter.call(Executors.java:511)
	at java.util.concurrent.FutureTask.run(FutureTask.java:266)
	at java.util.concurrent.ThreadPoolExecutor.runWorker(ThreadPoolExecutor.java:1149)
	at java.util.concurrent.ThreadPoolExecutor$Worker.run(ThreadPoolExecutor.java:624)
	... 1 more
Caused by: org.apache.ratis.thirdparty.io.netty.channel.AbstractChannel$AnnotatedConnectException: Connection refused: /192.168.30.30:40240
	at sun.nio.ch.SocketChannelImpl.checkConnect(Native Method)
	at sun.nio.ch.SocketChannelImpl.finishConnect(SocketChannelImpl.java:717)
	at org.apache.ratis.thirdparty.io.netty.channel.socket.nio.NioSocketChannel.doFinishConnect(NioSocketChannel.java:327)
	at org.apache.ratis.thirdparty.io.netty.channel.nio.AbstractNioChannel$AbstractNioUnsafe.finishConnect(AbstractNioChannel.java:340)
	at org.apache.ratis.thirdparty.io.netty.channel.nio.NioEventLoop.processSelectedKey(NioEventLoop.java:632)
	at org.apache.ratis.thirdparty.io.netty.channel.nio.NioEventLoop.processSelectedKeysOptimized(NioEventLoop.java:579)
	at org.apache.ratis.thirdparty.io.netty.channel.nio.NioEventLoop.processSelectedKeys(NioEventLoop.java:496)
	at org.apache.ratis.thirdparty.io.netty.channel.nio.NioEventLoop.run(NioEventLoop.java:458)
	at org.apache.ratis.thirdparty.io.netty.util.concurrent.SingleThreadEventExecutor$5.run(SingleThreadEventExecutor.java:897)
	at org.apache.ratis.thirdparty.io.netty.util.concurrent.FastThreadLocalRunnable.run(FastThreadLocalRunnable.java:30)
	... 1 more
Caused by: java.net.ConnectException: Connection refused
	... 11 more
2019-10-02 23:07:38,182 [2a20c779-9c13-4fc2-94e6-2994d1b044c3@group-3C34DBB419C6-LeaderElection7] INFO  impl.LeaderElection (LogUtils.java:infoOrTrace(149)) - 2a20c779-9c13-4fc2-94e6-2994d1b044c3@group-3C34DBB419C6-LeaderElection7 got exception when requesting votes: {}
java.util.concurrent.ExecutionException: org.apache.ratis.thirdparty.io.grpc.StatusRuntimeException: UNAVAILABLE: io exception
	at java.util.concurrent.FutureTask.report(FutureTask.java:122)
	at java.util.concurrent.FutureTask.get(FutureTask.java:192)
	at org.apache.ratis.server.impl.LeaderElection.waitForResults(LeaderElection.java:259)
	at org.apache.ratis.server.impl.LeaderElection.askForVotes(LeaderElection.java:197)
	at org.apache.ratis.server.impl.LeaderElection.run(LeaderElection.java:133)
	at java.lang.Thread.run(Thread.java:748)
Caused by: org.apache.ratis.thirdparty.io.grpc.StatusRuntimeException: UNAVAILABLE: io exception
	at org.apache.ratis.thirdparty.io.grpc.stub.ClientCalls.toStatusRuntimeException(ClientCalls.java:233)
	at org.apache.ratis.thirdparty.io.grpc.stub.ClientCalls.getUnchecked(ClientCalls.java:214)
	at org.apache.ratis.thirdparty.io.grpc.stub.ClientCalls.blockingUnaryCall(ClientCalls.java:139)
	at org.apache.ratis.proto.grpc.RaftServerProtocolServiceGrpc$RaftServerProtocolServiceBlockingStub.requestVote(RaftServerProtocolServiceGrpc.java:265)
	at org.apache.ratis.grpc.server.GrpcServerProtocolClient.requestVote(GrpcServerProtocolClient.java:99)
	at org.apache.ratis.grpc.server.GrpcService.requestVote(GrpcService.java:204)
	at org.apache.ratis.server.impl.LeaderElection.lambda$submitRequests$1(LeaderElection.java:234)
	at java.util.concurrent.FutureTask.run(FutureTask.java:266)
	at java.util.concurrent.Executors$RunnableAdapter.call(Executors.java:511)
	at java.util.concurrent.FutureTask.run(FutureTask.java:266)
	at java.util.concurrent.ThreadPoolExecutor.runWorker(ThreadPoolExecutor.java:1149)
	at java.util.concurrent.ThreadPoolExecutor$Worker.run(ThreadPoolExecutor.java:624)
	... 1 more
Caused by: org.apache.ratis.thirdparty.io.netty.channel.AbstractChannel$AnnotatedConnectException: Connection refused: /192.168.30.30:40294
	at sun.nio.ch.SocketChannelImpl.checkConnect(Native Method)
	at sun.nio.ch.SocketChannelImpl.finishConnect(SocketChannelImpl.java:717)
	at org.apache.ratis.thirdparty.io.netty.channel.socket.nio.NioSocketChannel.doFinishConnect(NioSocketChannel.java:327)
	at org.apache.ratis.thirdparty.io.netty.channel.nio.AbstractNioChannel$AbstractNioUnsafe.finishConnect(AbstractNioChannel.java:340)
	at org.apache.ratis.thirdparty.io.netty.channel.nio.NioEventLoop.processSelectedKey(NioEventLoop.java:632)
	at org.apache.ratis.thirdparty.io.netty.channel.nio.NioEventLoop.processSelectedKeysOptimized(NioEventLoop.java:579)
	at org.apache.ratis.thirdparty.io.netty.channel.nio.NioEventLoop.processSelectedKeys(NioEventLoop.java:496)
	at org.apache.ratis.thirdparty.io.netty.channel.nio.NioEventLoop.run(NioEventLoop.java:458)
	at org.apache.ratis.thirdparty.io.netty.util.concurrent.SingleThreadEventExecutor$5.run(SingleThreadEventExecutor.java:897)
	at org.apache.ratis.thirdparty.io.netty.util.concurrent.FastThreadLocalRunnable.run(FastThreadLocalRunnable.java:30)
	... 1 more
Caused by: java.net.ConnectException: Connection refused
	... 11 more
2019-10-02 23:07:38,183 [2a20c779-9c13-4fc2-94e6-2994d1b044c3@group-3C34DBB419C6-LeaderElection7] INFO  impl.LeaderElection (LeaderElection.java:logAndReturn(56)) - 2a20c779-9c13-4fc2-94e6-2994d1b044c3@group-3C34DBB419C6-LeaderElection7: Election REJECTED; received 0 response(s) [] and 2 exception(s); 2a20c779-9c13-4fc2-94e6-2994d1b044c3@group-3C34DBB419C6:t2, leader=null, voted=2a20c779-9c13-4fc2-94e6-2994d1b044c3, raftlog=2a20c779-9c13-4fc2-94e6-2994d1b044c3@group-3C34DBB419C6-SegmentedRaftLog:OPENED:c-1,f-1,i0, conf=-1: [4a07b8bd-1810-4004-a0cf-fe480705ee0c:192.168.30.30:40240, 2a20c779-9c13-4fc2-94e6-2994d1b044c3:192.168.30.30:38393, 88546497-27f0-407e-9bbb-2c62d71194d1:192.168.30.30:40294], old=null
2019-10-02 23:07:38,183 [2a20c779-9c13-4fc2-94e6-2994d1b044c3@group-3C34DBB419C6-LeaderElection7] INFO  impl.LeaderElection (LogUtils.java:infoOrTrace(149)) -   Exception 0: {}
java.util.concurrent.ExecutionException: org.apache.ratis.thirdparty.io.grpc.StatusRuntimeException: UNAVAILABLE: io exception
	at java.util.concurrent.FutureTask.report(FutureTask.java:122)
	at java.util.concurrent.FutureTask.get(FutureTask.java:192)
	at org.apache.ratis.server.impl.LeaderElection.waitForResults(LeaderElection.java:259)
	at org.apache.ratis.server.impl.LeaderElection.askForVotes(LeaderElection.java:197)
	at org.apache.ratis.server.impl.LeaderElection.run(LeaderElection.java:133)
	at java.lang.Thread.run(Thread.java:748)
Caused by: org.apache.ratis.thirdparty.io.grpc.StatusRuntimeException: UNAVAILABLE: io exception
	at org.apache.ratis.thirdparty.io.grpc.stub.ClientCalls.toStatusRuntimeException(ClientCalls.java:233)
	at org.apache.ratis.thirdparty.io.grpc.stub.ClientCalls.getUnchecked(ClientCalls.java:214)
	at org.apache.ratis.thirdparty.io.grpc.stub.ClientCalls.blockingUnaryCall(ClientCalls.java:139)
	at org.apache.ratis.proto.grpc.RaftServerProtocolServiceGrpc$RaftServerProtocolServiceBlockingStub.requestVote(RaftServerProtocolServiceGrpc.java:265)
	at org.apache.ratis.grpc.server.GrpcServerProtocolClient.requestVote(GrpcServerProtocolClient.java:99)
	at org.apache.ratis.grpc.server.GrpcService.requestVote(GrpcService.java:204)
	at org.apache.ratis.server.impl.LeaderElection.lambda$submitRequests$1(LeaderElection.java:234)
	at java.util.concurrent.FutureTask.run(FutureTask.java:266)
	at java.util.concurrent.Executors$RunnableAdapter.call(Executors.java:511)
	at java.util.concurrent.FutureTask.run(FutureTask.java:266)
	at java.util.concurrent.ThreadPoolExecutor.runWorker(ThreadPoolExecutor.java:1149)
	at java.util.concurrent.ThreadPoolExecutor$Worker.run(ThreadPoolExecutor.java:624)
	... 1 more
Caused by: org.apache.ratis.thirdparty.io.netty.channel.AbstractChannel$AnnotatedConnectException: Connection refused: /192.168.30.30:40240
	at sun.nio.ch.SocketChannelImpl.checkConnect(Native Method)
	at sun.nio.ch.SocketChannelImpl.finishConnect(SocketChannelImpl.java:717)
	at org.apache.ratis.thirdparty.io.netty.channel.socket.nio.NioSocketChannel.doFinishConnect(NioSocketChannel.java:327)
	at org.apache.ratis.thirdparty.io.netty.channel.nio.AbstractNioChannel$AbstractNioUnsafe.finishConnect(AbstractNioChannel.java:340)
	at org.apache.ratis.thirdparty.io.netty.channel.nio.NioEventLoop.processSelectedKey(NioEventLoop.java:632)
	at org.apache.ratis.thirdparty.io.netty.channel.nio.NioEventLoop.processSelectedKeysOptimized(NioEventLoop.java:579)
	at org.apache.ratis.thirdparty.io.netty.channel.nio.NioEventLoop.processSelectedKeys(NioEventLoop.java:496)
	at org.apache.ratis.thirdparty.io.netty.channel.nio.NioEventLoop.run(NioEventLoop.java:458)
	at org.apache.ratis.thirdparty.io.netty.util.concurrent.SingleThreadEventExecutor$5.run(SingleThreadEventExecutor.java:897)
	at org.apache.ratis.thirdparty.io.netty.util.concurrent.FastThreadLocalRunnable.run(FastThreadLocalRunnable.java:30)
	... 1 more
Caused by: java.net.ConnectException: Connection refused
	... 11 more
2019-10-02 23:07:38,184 [2a20c779-9c13-4fc2-94e6-2994d1b044c3@group-3C34DBB419C6-LeaderElection7] INFO  impl.LeaderElection (LogUtils.java:infoOrTrace(149)) -   Exception 1: {}
java.util.concurrent.ExecutionException: org.apache.ratis.thirdparty.io.grpc.StatusRuntimeException: UNAVAILABLE: io exception
	at java.util.concurrent.FutureTask.report(FutureTask.java:122)
	at java.util.concurrent.FutureTask.get(FutureTask.java:192)
	at org.apache.ratis.server.impl.LeaderElection.waitForResults(LeaderElection.java:259)
	at org.apache.ratis.server.impl.LeaderElection.askForVotes(LeaderElection.java:197)
	at org.apache.ratis.server.impl.LeaderElection.run(LeaderElection.java:133)
	at java.lang.Thread.run(Thread.java:748)
Caused by: org.apache.ratis.thirdparty.io.grpc.StatusRuntimeException: UNAVAILABLE: io exception
	at org.apache.ratis.thirdparty.io.grpc.stub.ClientCalls.toStatusRuntimeException(ClientCalls.java:233)
	at org.apache.ratis.thirdparty.io.grpc.stub.ClientCalls.getUnchecked(ClientCalls.java:214)
	at org.apache.ratis.thirdparty.io.grpc.stub.ClientCalls.blockingUnaryCall(ClientCalls.java:139)
	at org.apache.ratis.proto.grpc.RaftServerProtocolServiceGrpc$RaftServerProtocolServiceBlockingStub.requestVote(RaftServerProtocolServiceGrpc.java:265)
	at org.apache.ratis.grpc.server.GrpcServerProtocolClient.requestVote(GrpcServerProtocolClient.java:99)
	at org.apache.ratis.grpc.server.GrpcService.requestVote(GrpcService.java:204)
	at org.apache.ratis.server.impl.LeaderElection.lambda$submitRequests$1(LeaderElection.java:234)
	at java.util.concurrent.FutureTask.run(FutureTask.java:266)
	at java.util.concurrent.Executors$RunnableAdapter.call(Executors.java:511)
	at java.util.concurrent.FutureTask.run(FutureTask.java:266)
	at java.util.concurrent.ThreadPoolExecutor.runWorker(ThreadPoolExecutor.java:1149)
	at java.util.concurrent.ThreadPoolExecutor$Worker.run(ThreadPoolExecutor.java:624)
	... 1 more
Caused by: org.apache.ratis.thirdparty.io.netty.channel.AbstractChannel$AnnotatedConnectException: Connection refused: /192.168.30.30:40294
	at sun.nio.ch.SocketChannelImpl.checkConnect(Native Method)
	at sun.nio.ch.SocketChannelImpl.finishConnect(SocketChannelImpl.java:717)
	at org.apache.ratis.thirdparty.io.netty.channel.socket.nio.NioSocketChannel.doFinishConnect(NioSocketChannel.java:327)
	at org.apache.ratis.thirdparty.io.netty.channel.nio.AbstractNioChannel$AbstractNioUnsafe.finishConnect(AbstractNioChannel.java:340)
	at org.apache.ratis.thirdparty.io.netty.channel.nio.NioEventLoop.processSelectedKey(NioEventLoop.java:632)
	at org.apache.ratis.thirdparty.io.netty.channel.nio.NioEventLoop.processSelectedKeysOptimized(NioEventLoop.java:579)
	at org.apache.ratis.thirdparty.io.netty.channel.nio.NioEventLoop.processSelectedKeys(NioEventLoop.java:496)
	at org.apache.ratis.thirdparty.io.netty.channel.nio.NioEventLoop.run(NioEventLoop.java:458)
	at org.apache.ratis.thirdparty.io.netty.util.concurrent.SingleThreadEventExecutor$5.run(SingleThreadEventExecutor.java:897)
	at org.apache.ratis.thirdparty.io.netty.util.concurrent.FastThreadLocalRunnable.run(FastThreadLocalRunnable.java:30)
	... 1 more
Caused by: java.net.ConnectException: Connection refused
	... 11 more
2019-10-02 23:07:38,184 [2a20c779-9c13-4fc2-94e6-2994d1b044c3@group-3C34DBB419C6-LeaderElection7] INFO  impl.RaftServerImpl (RaftServerImpl.java:setRole(170)) - 2a20c779-9c13-4fc2-94e6-2994d1b044c3@group-3C34DBB419C6: changes role from CANDIDATE to FOLLOWER at term 2 for DISCOVERED_A_NEW_TERM
2019-10-02 23:07:38,184 [2a20c779-9c13-4fc2-94e6-2994d1b044c3@group-3C34DBB419C6-LeaderElection7] INFO  impl.RoleInfo (RoleInfo.java:shutdownLeaderElection(134)) - 2a20c779-9c13-4fc2-94e6-2994d1b044c3: shutdown LeaderElection
2019-10-02 23:07:38,185 [2a20c779-9c13-4fc2-94e6-2994d1b044c3@group-3C34DBB419C6-LeaderElection7] INFO  impl.RoleInfo (RoleInfo.java:updateAndGet(143)) - 2a20c779-9c13-4fc2-94e6-2994d1b044c3: start FollowerState
2019-10-02 23:07:38,835 [main] INFO  ozoneimpl.OzoneContainer (OzoneContainer.java:stop(231)) - Attempting to stop container services.
2019-10-02 23:07:38,837 [main] INFO  impl.RaftServerProxy (RaftServerProxy.java:lambda$close$4(314)) - 2a20c779-9c13-4fc2-94e6-2994d1b044c3: close
2019-10-02 23:07:38,837 [main] INFO  impl.RaftServerImpl (RaftServerImpl.java:lambda$shutdown$3(247)) - 2a20c779-9c13-4fc2-94e6-2994d1b044c3@group-3C34DBB419C6: shutdown
2019-10-02 23:07:38,838 [ForkJoinPool.commonPool-worker-0] INFO  impl.RaftServerImpl (RaftServerImpl.java:lambda$shutdown$3(247)) - 2a20c779-9c13-4fc2-94e6-2994d1b044c3@group-34760671A583: shutdown
2019-10-02 23:07:38,838 [main] INFO  util.JmxRegister (JmxRegister.java:unregister(73)) - Successfully un-registered JMX Bean with object name Ratis:service=RaftServer,group=group-3C34DBB419C6,id=2a20c779-9c13-4fc2-94e6-2994d1b044c3
2019-10-02 23:07:38,838 [ForkJoinPool.commonPool-worker-0] INFO  util.JmxRegister (JmxRegister.java:unregister(73)) - Successfully un-registered JMX Bean with object name Ratis:service=RaftServer,group=group-34760671A583,id=2a20c779-9c13-4fc2-94e6-2994d1b044c3
2019-10-02 23:07:38,838 [main] INFO  impl.RoleInfo (RoleInfo.java:shutdownFollowerState(121)) - 2a20c779-9c13-4fc2-94e6-2994d1b044c3: shutdown FollowerState
2019-10-02 23:07:38,838 [ForkJoinPool.commonPool-worker-0] INFO  impl.RoleInfo (RoleInfo.java:shutdownLeaderState(104)) - 2a20c779-9c13-4fc2-94e6-2994d1b044c3: shutdown LeaderState
2019-10-02 23:07:38,839 [Thread-224] INFO  impl.FollowerState (FollowerState.java:run(117)) - 2a20c779-9c13-4fc2-94e6-2994d1b044c3@group-3C34DBB419C6-FollowerState was interrupted: java.lang.InterruptedException: sleep interrupted
2019-10-02 23:07:38,839 [main] INFO  impl.StateMachineUpdater (StateMachineUpdater.java:stopAndJoin(136)) - 2a20c779-9c13-4fc2-94e6-2994d1b044c3@group-3C34DBB419C6-StateMachineUpdater: set stopIndex = -1
2019-10-02 23:07:38,839 [ForkJoinPool.commonPool-worker-0] INFO  impl.PendingRequests (PendingRequests.java:sendNotLeaderResponses(202)) - 2a20c779-9c13-4fc2-94e6-2994d1b044c3@group-34760671A583-PendingRequests: sendNotLeaderResponses
2019-10-02 23:07:38,842 [main] INFO  impl.RaftServerImpl (ServerState.java:close(387)) - 2a20c779-9c13-4fc2-94e6-2994d1b044c3@group-3C34DBB419C6: closes. applyIndex: -1
2019-10-02 23:07:38,842 [ForkJoinPool.commonPool-worker-0] INFO  impl.StateMachineUpdater (StateMachineUpdater.java:stopAndJoin(136)) - 2a20c779-9c13-4fc2-94e6-2994d1b044c3@group-34760671A583-StateMachineUpdater: set stopIndex = 0
2019-10-02 23:07:38,842 [2a20c779-9c13-4fc2-94e6-2994d1b044c3@group-3C34DBB419C6-SegmentedRaftLogWorker] INFO  segmented.SegmentedRaftLogWorker (SegmentedRaftLogWorker.java:run(316)) - 2a20c779-9c13-4fc2-94e6-2994d1b044c3@group-3C34DBB419C6-SegmentedRaftLogWorker was interrupted, exiting. There are 0 tasks remaining in the queue.
2019-10-02 23:07:38,842 [main] INFO  segmented.SegmentedRaftLogWorker (SegmentedRaftLogWorker.java:close(224)) - 2a20c779-9c13-4fc2-94e6-2994d1b044c3@group-3C34DBB419C6-SegmentedRaftLogWorker close()
2019-10-02 23:07:38,842 [ForkJoinPool.commonPool-worker-0] INFO  impl.RaftServerImpl (ServerState.java:close(387)) - 2a20c779-9c13-4fc2-94e6-2994d1b044c3@group-34760671A583: closes. applyIndex: 0
2019-10-02 23:07:38,844 [2a20c779-9c13-4fc2-94e6-2994d1b044c3@group-34760671A583-SegmentedRaftLogWorker] INFO  segmented.SegmentedRaftLogWorker (SegmentedRaftLogWorker.java:run(316)) - 2a20c779-9c13-4fc2-94e6-2994d1b044c3@group-34760671A583-SegmentedRaftLogWorker was interrupted, exiting. There are 0 tasks remaining in the queue.
2019-10-02 23:07:38,844 [ForkJoinPool.commonPool-worker-0] INFO  segmented.SegmentedRaftLogWorker (SegmentedRaftLogWorker.java:close(224)) - 2a20c779-9c13-4fc2-94e6-2994d1b044c3@group-34760671A583-SegmentedRaftLogWorker close()
2019-10-02 23:07:38,845 [main] INFO  server.GrpcService (GrpcService.java:closeImpl(164)) - 2a20c779-9c13-4fc2-94e6-2994d1b044c3: shutdown server with port 38393 now
2019-10-02 23:07:38,848 [main] INFO  server.GrpcService (GrpcService.java:closeImpl(172)) - 2a20c779-9c13-4fc2-94e6-2994d1b044c3: shutdown server with port 38393 successfully
2019-10-02 23:07:38,863 [refreshUsed-/workdir/hadoop-ozone/ozonefs/target/test-dir/MiniOzoneClusterImpl-db40e1f5-9590-48f4-9ed0-cc05ceb932c2/datanode-2/data/containers] WARN  fs.CachingGetSpaceUsed (CachingGetSpaceUsed.java:run(183)) - Thread Interrupted waiting to refresh disk information: sleep interrupted
2019-10-02 23:07:38,887 [main] INFO  utils.BackgroundService (BackgroundService.java:shutdown(148)) - Shutting down service BlockDeletingService
2019-10-02 23:07:38,889 [main] INFO  statemachine.DatanodeStateMachine (DatanodeStateMachine.java:stopDaemon(395)) - Ozone container server stopped.
2019-10-02 23:07:38,890 [main] INFO  handler.ContextHandler (ContextHandler.java:doStop(910)) - Stopped o.e.j.w.WebAppContext@2a4f5433{/,null,UNAVAILABLE}{/hddsDatanode}
2019-10-02 23:07:38,891 [main] INFO  server.AbstractConnector (AbstractConnector.java:doStop(318)) - Stopped ServerConnector@6812fa3a{HTTP/1.1,[http/1.1]}{0.0.0.0:0}
2019-10-02 23:07:38,891 [main] INFO  handler.ContextHandler (ContextHandler.java:doStop(910)) - Stopped o.e.j.s.ServletContextHandler@272ce069{/static,jar:file:/home/user/.m2/repository/org/apache/hadoop/hadoop-hdds-container-service/0.5.0-SNAPSHOT/hadoop-hdds-container-service-0.5.0-SNAPSHOT.jar!/webapps/static,UNAVAILABLE}
2019-10-02 23:07:38,892 [main] INFO  handler.ContextHandler (ContextHandler.java:doStop(910)) - Stopped o.e.j.s.ServletContextHandler@74fab04a{/logs,file:///workdir/hadoop-ozone/ozonefs/target/log,UNAVAILABLE}
2019-10-02 23:07:38,893 [main] INFO  ozone.MiniOzoneClusterImpl (MiniOzoneClusterImpl.java:stopSCM(392)) - Stopping the StorageContainerManager
2019-10-02 23:07:38,893 [main] INFO  server.StorageContainerManager (StorageContainerManager.java:stop(808)) - Stopping Replication Manager Service.
2019-10-02 23:07:38,893 [main] INFO  container.ReplicationManager (ReplicationManager.java:stop(203)) - Stopping Replication Monitor Thread.
2019-10-02 23:07:38,893 [main] INFO  server.StorageContainerManager (StorageContainerManager.java:stop(815)) - Stopping Lease Manager of the command watchers
2019-10-02 23:07:38,894 [main] INFO  server.StorageContainerManager (StorageContainerManager.java:stop(822)) - Stopping datanode service RPC server
2019-10-02 23:07:38,894 [main] INFO  server.SCMDatanodeProtocolServer (SCMDatanodeProtocolServer.java:stop(367)) - Stopping the RPC server for DataNodes
2019-10-02 23:07:38,894 [main] INFO  ipc.Server (Server.java:stop(3082)) - Stopping server on 34248
2019-10-02 23:07:38,894 [IPC Server listener on 34248] INFO  ipc.Server (Server.java:run(1185)) - Stopping IPC Server listener on 34248
2019-10-02 23:07:38,895 [IPC Server Responder] INFO  ipc.Server (Server.java:run(1319)) - Stopping IPC Server Responder
2019-10-02 23:07:38,906 [SCM Heartbeat Processing Thread - 0] WARN  node.NodeStateManager (NodeStateManager.java:scheduleNextHealthCheck(646)) - Current Thread is interrupted, shutting down HB processing thread for Node Manager.
2019-10-02 23:07:38,907 [main] INFO  server.StorageContainerManager (StorageContainerManager.java:stop(830)) - Stopping block service RPC server
2019-10-02 23:07:38,907 [main] INFO  server.SCMBlockProtocolServer (SCMBlockProtocolServer.java:stop(155)) - Stopping the RPC server for Block Protocol
2019-10-02 23:07:38,907 [main] INFO  ipc.Server (Server.java:stop(3082)) - Stopping server on 38140
2019-10-02 23:07:38,908 [IPC Server listener on 38140] INFO  ipc.Server (Server.java:run(1185)) - Stopping IPC Server listener on 38140
2019-10-02 23:07:38,908 [main] INFO  server.StorageContainerManager (StorageContainerManager.java:stop(837)) - Stopping the StorageContainerLocationProtocol RPC server
2019-10-02 23:07:38,908 [IPC Server Responder] INFO  ipc.Server (Server.java:run(1319)) - Stopping IPC Server Responder
2019-10-02 23:07:38,908 [main] INFO  server.SCMClientProtocolServer (SCMClientProtocolServer.java:stop(158)) - Stopping the RPC server for Client Protocol
2019-10-02 23:07:38,908 [main] INFO  ipc.Server (Server.java:stop(3082)) - Stopping server on 40346
2019-10-02 23:07:38,910 [main] INFO  server.StorageContainerManager (StorageContainerManager.java:stop(844)) - Stopping Storage Container Manager HTTP server.
2019-10-02 23:07:38,910 [IPC Server listener on 40346] INFO  ipc.Server (Server.java:run(1185)) - Stopping IPC Server listener on 40346
2019-10-02 23:07:38,910 [IPC Server Responder] INFO  ipc.Server (Server.java:run(1319)) - Stopping IPC Server Responder
2019-10-02 23:07:38,911 [main] INFO  handler.ContextHandler (ContextHandler.java:doStop(910)) - Stopped o.e.j.w.WebAppContext@324c64cd{/,null,UNAVAILABLE}{/scm}
2019-10-02 23:07:38,912 [main] INFO  server.AbstractConnector (AbstractConnector.java:doStop(318)) - Stopped ServerConnector@5a4bef8{HTTP/1.1,[http/1.1]}{0.0.0.0:0}
2019-10-02 23:07:38,912 [main] INFO  handler.ContextHandler (ContextHandler.java:doStop(910)) - Stopped o.e.j.s.ServletContextHandler@b70da4c{/static,jar:file:/home/user/.m2/repository/org/apache/hadoop/hadoop-hdds-server-scm/0.5.0-SNAPSHOT/hadoop-hdds-server-scm-0.5.0-SNAPSHOT.jar!/webapps/static,UNAVAILABLE}
2019-10-02 23:07:38,913 [main] INFO  handler.ContextHandler (ContextHandler.java:doStop(910)) - Stopped o.e.j.s.ServletContextHandler@c5ee75e{/logs,file:///workdir/hadoop-ozone/ozonefs/target/log,UNAVAILABLE}
2019-10-02 23:07:38,914 [main] INFO  server.StorageContainerManager (StorageContainerManager.java:stop(855)) - Stopping Block Manager Service.
2019-10-02 23:07:38,914 [main] INFO  utils.BackgroundService (BackgroundService.java:shutdown(148)) - Shutting down service SCMBlockDeletingService
2019-10-02 23:07:38,915 [main] INFO  utils.BackgroundService (BackgroundService.java:shutdown(148)) - Shutting down service SCMBlockDeletingService
2019-10-02 23:07:38,915 [main] INFO  server.StorageContainerManager (StorageContainerManager.java:stop(877)) - Stopping SCM Event Queue.
2019-10-02 23:07:38,920 [main] INFO  impl.MetricsSystemImpl (MetricsSystemImpl.java:stop(210)) - Stopping ratis metrics system...
2019-10-02 23:07:38,925 [prometheus] INFO  impl.MetricsSinkAdapter (MetricsSinkAdapter.java:publishMetricsFromQueue(141)) - prometheus thread interrupted.
2019-10-02 23:07:38,925 [main] INFO  impl.MetricsSystemImpl (MetricsSystemImpl.java:stop(216)) - ratis metrics system stopped.
]]></system-out>
    <system-err><![CDATA[ERROR StatusLogger No Log4j 2 configuration file found. Using default configuration (logging only errors to the console), or user programmatically provided configurations. Set system property 'log4j2.debug' to show Log4j 2 internal initialization logging. See https://logging.apache.org/log4j/2.x/manual/configuration.html for instructions on how to configure Log4j 2
]]></system-err>
  </testcase>
  <testcase name="testListStatus[0]" classname="org.apache.hadoop.fs.ozone.TestOzoneFileInterfaces" time="17.074">
    <error message="Volume not found qkaxfjxwem" type="VOLUME_NOT_FOUND org.apache.hadoop.ozone.om.exceptions.OMException">VOLUME_NOT_FOUND org.apache.hadoop.ozone.om.exceptions.OMException: Volume not found qkaxfjxwem
	at org.apache.hadoop.ozone.om.protocolPB.OzoneManagerProtocolClientSideTranslatorPB.handleError(OzoneManagerProtocolClientSideTranslatorPB.java:732)
	at org.apache.hadoop.ozone.om.protocolPB.OzoneManagerProtocolClientSideTranslatorPB.createDirectory(OzoneManagerProtocolClientSideTranslatorPB.java:1377)
	at sun.reflect.NativeMethodAccessorImpl.invoke0(Native Method)
	at sun.reflect.NativeMethodAccessorImpl.invoke(NativeMethodAccessorImpl.java:62)
	at sun.reflect.DelegatingMethodAccessorImpl.invoke(DelegatingMethodAccessorImpl.java:43)
	at java.lang.reflect.Method.invoke(Method.java:498)
	at org.apache.hadoop.hdds.tracing.TraceAllMethod.invoke(TraceAllMethod.java:66)
	at com.sun.proxy.$Proxy39.createDirectory(Unknown Source)
	at org.apache.hadoop.ozone.client.rpc.RpcClient.createDirectory(RpcClient.java:976)
	at org.apache.hadoop.ozone.client.OzoneBucket.createDirectory(OzoneBucket.java:503)
	at org.apache.hadoop.fs.ozone.BasicOzoneClientAdapterImpl.createDirectory(BasicOzoneClientAdapterImpl.java:236)
	at org.apache.hadoop.fs.ozone.BasicOzoneFileSystem.mkdir(BasicOzoneFileSystem.java:597)
	at org.apache.hadoop.fs.ozone.BasicOzoneFileSystem.mkdirs(BasicOzoneFileSystem.java:607)
	at org.apache.hadoop.fs.FileSystem.mkdirs(FileSystem.java:2275)
	at org.apache.hadoop.fs.ozone.TestOzoneFileInterfaces.testListStatus(TestOzoneFileInterfaces.java:250)
	at sun.reflect.NativeMethodAccessorImpl.invoke0(Native Method)
	at sun.reflect.NativeMethodAccessorImpl.invoke(NativeMethodAccessorImpl.java:62)
	at sun.reflect.DelegatingMethodAccessorImpl.invoke(DelegatingMethodAccessorImpl.java:43)
	at java.lang.reflect.Method.invoke(Method.java:498)
	at org.junit.runners.model.FrameworkMethod$1.runReflectiveCall(FrameworkMethod.java:47)
	at org.junit.internal.runners.model.ReflectiveCallable.run(ReflectiveCallable.java:12)
	at org.junit.runners.model.FrameworkMethod.invokeExplosively(FrameworkMethod.java:44)
	at org.junit.internal.runners.statements.InvokeMethod.evaluate(InvokeMethod.java:17)
	at org.junit.internal.runners.statements.RunBefores.evaluate(RunBefores.java:26)
	at org.junit.internal.runners.statements.RunAfters.evaluate(RunAfters.java:27)
	at org.junit.runners.ParentRunner.runLeaf(ParentRunner.java:271)
	at org.junit.runners.BlockJUnit4ClassRunner.runChild(BlockJUnit4ClassRunner.java:70)
	at org.junit.runners.BlockJUnit4ClassRunner.runChild(BlockJUnit4ClassRunner.java:50)
	at org.junit.runners.ParentRunner$3.run(ParentRunner.java:238)
	at org.junit.runners.ParentRunner$1.schedule(ParentRunner.java:63)
	at org.junit.runners.ParentRunner.runChildren(ParentRunner.java:236)
	at org.junit.runners.ParentRunner.access$000(ParentRunner.java:53)
	at org.junit.runners.ParentRunner$2.evaluate(ParentRunner.java:229)
	at org.junit.runners.ParentRunner.run(ParentRunner.java:309)
	at org.junit.runners.Suite.runChild(Suite.java:127)
	at org.junit.runners.Suite.runChild(Suite.java:26)
	at org.junit.runners.ParentRunner$3.run(ParentRunner.java:238)
	at org.junit.runners.ParentRunner$1.schedule(ParentRunner.java:63)
	at org.junit.runners.ParentRunner.runChildren(ParentRunner.java:236)
	at org.junit.runners.ParentRunner.access$000(ParentRunner.java:53)
	at org.junit.runners.ParentRunner$2.evaluate(ParentRunner.java:229)
	at org.junit.runners.ParentRunner.run(ParentRunner.java:309)
	at org.apache.maven.surefire.junit4.JUnit4Provider.execute(JUnit4Provider.java:365)
	at org.apache.maven.surefire.junit4.JUnit4Provider.executeWithRerun(JUnit4Provider.java:273)
	at org.apache.maven.surefire.junit4.JUnit4Provider.executeTestSet(JUnit4Provider.java:238)
	at org.apache.maven.surefire.junit4.JUnit4Provider.invoke(JUnit4Provider.java:159)
	at org.apache.maven.surefire.booter.ForkedBooter.invokeProviderInSameClassLoader(ForkedBooter.java:384)
	at org.apache.maven.surefire.booter.ForkedBooter.runSuitesInProcess(ForkedBooter.java:345)
	at org.apache.maven.surefire.booter.ForkedBooter.execute(ForkedBooter.java:126)
	at org.apache.maven.surefire.booter.ForkedBooter.main(ForkedBooter.java:418)
</error>
    <system-out><![CDATA[2019-10-02 23:07:38,984 [main] WARN  server.ServerUtils (ServerUtils.java:getScmDbDir(145)) - ozone.scm.db.dirs is not configured. We recommend adding this setting. Falling back to ozone.metadata.dirs instead.
2019-10-02 23:07:39,038 [main] WARN  server.ServerUtils (ServerUtils.java:getScmDbDir(145)) - ozone.scm.db.dirs is not configured. We recommend adding this setting. Falling back to ozone.metadata.dirs instead.
2019-10-02 23:07:39,038 [main] WARN  server.ServerUtils (ServerUtils.java:getScmDbDir(145)) - ozone.scm.db.dirs is not configured. We recommend adding this setting. Falling back to ozone.metadata.dirs instead.
2019-10-02 23:07:39,039 [main] INFO  db.DBStoreBuilder (DBStoreBuilder.java:addTable(110)) - using custom profile for table: deletedBlocks
2019-10-02 23:07:39,039 [main] INFO  db.DBStoreBuilder (DBStoreBuilder.java:processTables(161)) - Using default column profile:DBProfile.DISK for Table:deletedBlocks
2019-10-02 23:07:39,040 [main] INFO  db.DBStoreBuilder (DBStoreBuilder.java:addTable(110)) - using custom profile for table: validCerts
2019-10-02 23:07:39,040 [main] INFO  db.DBStoreBuilder (DBStoreBuilder.java:processTables(161)) - Using default column profile:DBProfile.DISK for Table:validCerts
2019-10-02 23:07:39,040 [main] INFO  db.DBStoreBuilder (DBStoreBuilder.java:addTable(110)) - using custom profile for table: revokedCerts
2019-10-02 23:07:39,041 [main] INFO  db.DBStoreBuilder (DBStoreBuilder.java:processTables(161)) - Using default column profile:DBProfile.DISK for Table:revokedCerts
2019-10-02 23:07:39,041 [main] INFO  db.DBStoreBuilder (DBStoreBuilder.java:addTable(110)) - using custom profile for table: default
2019-10-02 23:07:39,041 [main] INFO  db.DBStoreBuilder (DBStoreBuilder.java:processTables(167)) - Using default column profile:DBProfile.DISK for Table:default
2019-10-02 23:07:39,042 [main] INFO  db.DBStoreBuilder (DBStoreBuilder.java:getDbProfile(198)) - Using default options. DBProfile.DISK
2019-10-02 23:07:39,342 [main] INFO  net.NodeSchemaLoader (NodeSchemaLoader.java:loadSchemaFromFile(125)) - Loading file from sun.misc.CompoundEnumeration@3382cf68
2019-10-02 23:07:39,342 [main] INFO  net.NodeSchemaLoader (NodeSchemaLoader.java:loadSchema(171)) - Loading network topology layer schema file
2019-10-02 23:07:39,348 [main] WARN  server.ServerUtils (ServerUtils.java:sanitizeUserArgs(70)) - ozone.scm.stale.node.interval value = 300000 is larger than max = 100000 based on the key value of ozone.scm.heartbeat.thread.interval, reset to the max value 100000.
2019-10-02 23:07:39,349 [main] WARN  server.ServerUtils (ServerUtils.java:sanitizeUserArgs(70)) - ozone.scm.stale.node.interval value = 300000 is larger than max = 100000 based on the key value of ozone.scm.heartbeat.thread.interval, reset to the max value 100000.
2019-10-02 23:07:39,349 [main] INFO  node.SCMNodeManager (SCMNodeManager.java:<init>(114)) - Entering startup safe mode.
2019-10-02 23:07:39,350 [main] INFO  algorithms.ContainerPlacementPolicyFactory (ContainerPlacementPolicyFactory.java:getPolicy(57)) - Create container placement policy of type org.apache.hadoop.hdds.scm.container.placement.algorithms.SCMContainerPlacementRandom
2019-10-02 23:07:39,351 [main] WARN  server.ServerUtils (ServerUtils.java:getScmDbDir(145)) - ozone.scm.db.dirs is not configured. We recommend adding this setting. Falling back to ozone.metadata.dirs instead.
2019-10-02 23:07:39,449 [main] INFO  pipeline.SCMPipelineManager (SCMPipelineManager.java:initializePipelineState(132)) - No pipeline exists in current db
2019-10-02 23:07:39,449 [main] WARN  server.ServerUtils (ServerUtils.java:getScmDbDir(145)) - ozone.scm.db.dirs is not configured. We recommend adding this setting. Falling back to ozone.metadata.dirs instead.
2019-10-02 23:07:39,543 [main] WARN  events.EventQueue (EventQueue.java:fireEvent(183)) - No event handler registered for event TypedEvent{payloadType=SafeModeStatus, name='SafeModeStatus'}
2019-10-02 23:07:39,544 [main] INFO  ipc.CallQueueManager (CallQueueManager.java:<init>(84)) - Using callQueue: class java.util.concurrent.LinkedBlockingQueue, queueCapacity: 2000, scheduler: class org.apache.hadoop.ipc.DefaultRpcScheduler, ipcBackoff: false.
2019-10-02 23:07:39,544 [Socket Reader #1 for port 43508] INFO  ipc.Server (Server.java:run(1074)) - Starting Socket Reader #1 for port 43508
2019-10-02 23:07:39,546 [main] INFO  ipc.CallQueueManager (CallQueueManager.java:<init>(84)) - Using callQueue: class java.util.concurrent.LinkedBlockingQueue, queueCapacity: 2000, scheduler: class org.apache.hadoop.ipc.DefaultRpcScheduler, ipcBackoff: false.
2019-10-02 23:07:39,546 [Socket Reader #1 for port 40579] INFO  ipc.Server (Server.java:run(1074)) - Starting Socket Reader #1 for port 40579
2019-10-02 23:07:39,547 [main] INFO  ipc.CallQueueManager (CallQueueManager.java:<init>(84)) - Using callQueue: class java.util.concurrent.LinkedBlockingQueue, queueCapacity: 2000, scheduler: class org.apache.hadoop.ipc.DefaultRpcScheduler, ipcBackoff: false.
2019-10-02 23:07:39,548 [Socket Reader #1 for port 39247] INFO  ipc.Server (Server.java:run(1074)) - Starting Socket Reader #1 for port 39247
2019-10-02 23:07:39,550 [main] INFO  hdfs.DFSUtil (DFSUtil.java:httpServerTemplateForNNAndJN(1641)) - Starting Web-server for scm at: http://0.0.0.0:0
2019-10-02 23:07:39,553 [main] INFO  server.AuthenticationFilter (AuthenticationFilter.java:constructSecretProvider(240)) - Unable to initialize FileSignerSecretProvider, falling back to use random secrets.
2019-10-02 23:07:39,554 [main] WARN  http.HttpRequestLog (HttpRequestLog.java:getRequestLog(97)) - Jetty request log can only be enabled using Log4j
2019-10-02 23:07:39,556 [main] INFO  http.HttpServer2 (HttpServer2.java:addGlobalFilter(975)) - Added global filter 'safety' (class=org.apache.hadoop.http.HttpServer2$QuotingInputFilter)
2019-10-02 23:07:39,557 [main] INFO  http.HttpServer2 (HttpServer2.java:addFilter(948)) - Added filter static_user_filter (class=org.apache.hadoop.http.lib.StaticUserWebFilter$StaticUserFilter) to context scm
2019-10-02 23:07:39,558 [main] INFO  http.HttpServer2 (HttpServer2.java:addFilter(958)) - Added filter static_user_filter (class=org.apache.hadoop.http.lib.StaticUserWebFilter$StaticUserFilter) to context static
2019-10-02 23:07:39,558 [main] INFO  http.HttpServer2 (HttpServer2.java:addFilter(958)) - Added filter static_user_filter (class=org.apache.hadoop.http.lib.StaticUserWebFilter$StaticUserFilter) to context logs
2019-10-02 23:07:39,561 [main] INFO  server.StorageContainerManager (StorageContainerManager.java:start(770)) - StorageContainerLocationProtocol RPC server is listening at /0.0.0.0:39247
2019-10-02 23:07:39,563 [main] WARN  impl.MetricsConfig (MetricsConfig.java:loadFirst(134)) - Cannot locate configuration: tried hadoop-metrics2-storagecontainermanager.properties,hadoop-metrics2.properties
2019-10-02 23:07:39,564 [main] INFO  impl.MetricsSystemImpl (MetricsSystemImpl.java:startTimer(374)) - Scheduled Metric snapshot period at 10 second(s).
2019-10-02 23:07:39,564 [main] INFO  impl.MetricsSystemImpl (MetricsSystemImpl.java:start(191)) - StorageContainerManager metrics system started
2019-10-02 23:07:39,597 [main] WARN  impl.MetricsSystemImpl (MetricsSystemImpl.java:register(276)) - Sink prometheus already exists!
2019-10-02 23:07:39,607 [main] INFO  server.SCMClientProtocolServer (SCMClientProtocolServer.java:start(150)) - RPC server for Client  is listening at /0.0.0.0:39247
2019-10-02 23:07:39,607 [IPC Server Responder] INFO  ipc.Server (Server.java:run(1314)) - IPC Server Responder: starting
2019-10-02 23:07:39,607 [IPC Server listener on 39247] INFO  ipc.Server (Server.java:run(1153)) - IPC Server listener on 39247: starting
2019-10-02 23:07:39,610 [main] INFO  server.StorageContainerManager (StorageContainerManager.java:start(780)) - ScmBlockLocationProtocol RPC server is listening at /0.0.0.0:40579
2019-10-02 23:07:39,610 [main] INFO  server.SCMBlockProtocolServer (SCMBlockProtocolServer.java:start(146)) - RPC server for Block Protocol is listening at /0.0.0.0:40579
2019-10-02 23:07:39,611 [IPC Server Responder] INFO  ipc.Server (Server.java:run(1314)) - IPC Server Responder: starting
2019-10-02 23:07:39,611 [IPC Server listener on 40579] INFO  ipc.Server (Server.java:run(1153)) - IPC Server listener on 40579: starting
2019-10-02 23:07:39,613 [main] INFO  server.StorageContainerManager (StorageContainerManager.java:start(784)) - ScmDatanodeProtocl RPC server is listening at /0.0.0.0:43508
2019-10-02 23:07:39,613 [main] INFO  server.SCMDatanodeProtocolServer (SCMDatanodeProtocolServer.java:start(191)) - RPC server for DataNodes is listening at /0.0.0.0:43508
2019-10-02 23:07:39,613 [IPC Server Responder] INFO  ipc.Server (Server.java:run(1314)) - IPC Server Responder: starting
2019-10-02 23:07:39,614 [IPC Server listener on 43508] INFO  ipc.Server (Server.java:run(1153)) - IPC Server listener on 43508: starting
2019-10-02 23:07:39,616 [main] INFO  http.HttpServer2 (HttpServer2.java:bindListener(1191)) - Jetty bound to port 45893
2019-10-02 23:07:39,616 [main] INFO  server.Server (Server.java:doStart(351)) - jetty-9.3.25.v20180904, build timestamp: 2018-09-04T21:11:46Z, git hash: 3ce520221d0240229c862b122d2b06c12a625732
2019-10-02 23:07:39,618 [main] INFO  handler.ContextHandler (ContextHandler.java:doStart(781)) - Started o.e.j.s.ServletContextHandler@2c2a027c{/logs,file:///workdir/hadoop-ozone/ozonefs/target/log,AVAILABLE}
2019-10-02 23:07:39,618 [main] INFO  handler.ContextHandler (ContextHandler.java:doStart(781)) - Started o.e.j.s.ServletContextHandler@7d979d34{/static,jar:file:/home/user/.m2/repository/org/apache/hadoop/hadoop-hdds-server-scm/0.5.0-SNAPSHOT/hadoop-hdds-server-scm-0.5.0-SNAPSHOT.jar!/webapps/static,AVAILABLE}
2019-10-02 23:07:39,658 [main] INFO  handler.ContextHandler (ContextHandler.java:doStart(781)) - Started o.e.j.w.WebAppContext@2fd64b11{/,file:///tmp/jetty-0.0.0.0-45893-scm-_-any-1418514405542277129.dir/webapp/,AVAILABLE}{/scm}
2019-10-02 23:07:39,659 [main] INFO  server.AbstractConnector (AbstractConnector.java:doStart(278)) - Started ServerConnector@949c598{HTTP/1.1,[http/1.1]}{0.0.0.0:45893}
2019-10-02 23:07:39,659 [main] INFO  server.Server (Server.java:doStart(419)) - Started @23019ms
2019-10-02 23:07:39,660 [main] WARN  impl.MetricsSystemImpl (MetricsSystemImpl.java:register(276)) - Sink prometheus already exists!
2019-10-02 23:07:39,660 [main] INFO  server.BaseHttpServer (BaseHttpServer.java:updateConnectorAddress(215)) - HTTP server of SCM is listening at http://0.0.0.0:45893
2019-10-02 23:07:39,661 [main] WARN  server.ServerUtils (ServerUtils.java:getDBPath(222)) - ozone.om.db.dirs is not configured. We recommend adding this setting. Falling back to ozone.metadata.dirs instead.
2019-10-02 23:07:39,661 [org.apache.hadoop.util.JvmPauseMonitor$Monitor@6bfaa0a6] INFO  util.JvmPauseMonitor (JvmPauseMonitor.java:run(188)) - Starting JVM pause monitor
2019-10-02 23:07:39,678 [main] WARN  server.ServerUtils (ServerUtils.java:getDBPath(222)) - ozone.om.db.dirs is not configured. We recommend adding this setting. Falling back to ozone.metadata.dirs instead.
2019-10-02 23:07:39,679 [main] WARN  server.ServerUtils (ServerUtils.java:getDBPath(222)) - ozone.om.db.dirs is not configured. We recommend adding this setting. Falling back to ozone.metadata.dirs instead.
2019-10-02 23:07:39,679 [main] INFO  om.OzoneManager (OzoneManager.java:setOMNodeDetails(652)) - OM Service ID is not set. Setting it to the default ID: omServiceIdDefault
2019-10-02 23:07:39,679 [main] INFO  om.OzoneManager (OzoneManager.java:setOMNodeDetails(658)) - OM Node ID is not set. Setting it to the OmStorage's OmID: 3901c303-84fa-4336-8e9d-393f720c985f
2019-10-02 23:07:39,679 [main] INFO  om.OzoneManager (OzoneManager.java:loadOMHAConfigs(609)) - Found matching OM address with OMServiceId: null, OMNodeId: null, RPC Address: localhost:0 and Ratis port: 9872
2019-10-02 23:07:39,686 [main] WARN  server.ServerUtils (ServerUtils.java:getDBPath(222)) - ozone.om.db.dirs is not configured. We recommend adding this setting. Falling back to ozone.metadata.dirs instead.
2019-10-02 23:07:39,686 [main] INFO  db.DBStoreBuilder (DBStoreBuilder.java:addTable(110)) - using custom profile for table: userTable
2019-10-02 23:07:39,687 [main] INFO  db.DBStoreBuilder (DBStoreBuilder.java:processTables(161)) - Using default column profile:DBProfile.DISK for Table:userTable
2019-10-02 23:07:39,687 [main] INFO  db.DBStoreBuilder (DBStoreBuilder.java:addTable(110)) - using custom profile for table: volumeTable
2019-10-02 23:07:39,687 [main] INFO  db.DBStoreBuilder (DBStoreBuilder.java:processTables(161)) - Using default column profile:DBProfile.DISK for Table:volumeTable
2019-10-02 23:07:39,687 [main] INFO  db.DBStoreBuilder (DBStoreBuilder.java:addTable(110)) - using custom profile for table: bucketTable
2019-10-02 23:07:39,687 [main] INFO  db.DBStoreBuilder (DBStoreBuilder.java:processTables(161)) - Using default column profile:DBProfile.DISK for Table:bucketTable
2019-10-02 23:07:39,688 [main] INFO  db.DBStoreBuilder (DBStoreBuilder.java:addTable(110)) - using custom profile for table: keyTable
2019-10-02 23:07:39,688 [main] INFO  db.DBStoreBuilder (DBStoreBuilder.java:processTables(161)) - Using default column profile:DBProfile.DISK for Table:keyTable
2019-10-02 23:07:39,688 [main] INFO  db.DBStoreBuilder (DBStoreBuilder.java:addTable(110)) - using custom profile for table: deletedTable
2019-10-02 23:07:39,688 [main] INFO  db.DBStoreBuilder (DBStoreBuilder.java:processTables(161)) - Using default column profile:DBProfile.DISK for Table:deletedTable
2019-10-02 23:07:39,688 [main] INFO  db.DBStoreBuilder (DBStoreBuilder.java:addTable(110)) - using custom profile for table: openKeyTable
2019-10-02 23:07:39,689 [main] INFO  db.DBStoreBuilder (DBStoreBuilder.java:processTables(161)) - Using default column profile:DBProfile.DISK for Table:openKeyTable
2019-10-02 23:07:39,689 [main] INFO  db.DBStoreBuilder (DBStoreBuilder.java:addTable(110)) - using custom profile for table: s3Table
2019-10-02 23:07:39,689 [main] INFO  db.DBStoreBuilder (DBStoreBuilder.java:processTables(161)) - Using default column profile:DBProfile.DISK for Table:s3Table
2019-10-02 23:07:39,689 [main] INFO  db.DBStoreBuilder (DBStoreBuilder.java:addTable(110)) - using custom profile for table: multipartInfoTable
2019-10-02 23:07:39,689 [main] INFO  db.DBStoreBuilder (DBStoreBuilder.java:processTables(161)) - Using default column profile:DBProfile.DISK for Table:multipartInfoTable
2019-10-02 23:07:39,690 [main] INFO  db.DBStoreBuilder (DBStoreBuilder.java:addTable(110)) - using custom profile for table: dTokenTable
2019-10-02 23:07:39,690 [main] INFO  db.DBStoreBuilder (DBStoreBuilder.java:processTables(161)) - Using default column profile:DBProfile.DISK for Table:dTokenTable
2019-10-02 23:07:39,690 [main] INFO  db.DBStoreBuilder (DBStoreBuilder.java:addTable(110)) - using custom profile for table: s3SecretTable
2019-10-02 23:07:39,690 [main] INFO  db.DBStoreBuilder (DBStoreBuilder.java:processTables(161)) - Using default column profile:DBProfile.DISK for Table:s3SecretTable
2019-10-02 23:07:39,691 [main] INFO  db.DBStoreBuilder (DBStoreBuilder.java:addTable(110)) - using custom profile for table: prefixTable
2019-10-02 23:07:39,691 [main] INFO  db.DBStoreBuilder (DBStoreBuilder.java:processTables(161)) - Using default column profile:DBProfile.DISK for Table:prefixTable
2019-10-02 23:07:39,691 [main] INFO  db.DBStoreBuilder (DBStoreBuilder.java:addTable(110)) - using custom profile for table: default
2019-10-02 23:07:39,691 [main] INFO  db.DBStoreBuilder (DBStoreBuilder.java:processTables(167)) - Using default column profile:DBProfile.DISK for Table:default
2019-10-02 23:07:39,691 [main] INFO  db.DBStoreBuilder (DBStoreBuilder.java:getDbProfile(198)) - Using default options. DBProfile.DISK
2019-10-02 23:07:40,350 [main] INFO  ipc.CallQueueManager (CallQueueManager.java:<init>(84)) - Using callQueue: class java.util.concurrent.LinkedBlockingQueue, queueCapacity: 2000, scheduler: class org.apache.hadoop.ipc.DefaultRpcScheduler, ipcBackoff: false.
2019-10-02 23:07:40,351 [Socket Reader #1 for port 37139] INFO  ipc.Server (Server.java:run(1074)) - Starting Socket Reader #1 for port 37139
2019-10-02 23:07:40,394 [main] INFO  om.OzoneManager (OzoneManager.java:start(1243)) - OzoneManager RPC server is listening at localhost/127.0.0.1:37139
2019-10-02 23:07:40,394 [main] INFO  impl.MetricsSystemImpl (MetricsSystemImpl.java:init(158)) - OzoneManager metrics system started (again)
2019-10-02 23:07:40,395 [IPC Server Responder] INFO  ipc.Server (Server.java:run(1314)) - IPC Server Responder: starting
2019-10-02 23:07:40,395 [IPC Server listener on 37139] INFO  ipc.Server (Server.java:run(1153)) - IPC Server listener on 37139: starting
2019-10-02 23:07:40,400 [main] INFO  hdfs.DFSUtil (DFSUtil.java:httpServerTemplateForNNAndJN(1641)) - Starting Web-server for ozoneManager at: http://0.0.0.0:0
2019-10-02 23:07:40,403 [main] INFO  server.AuthenticationFilter (AuthenticationFilter.java:constructSecretProvider(240)) - Unable to initialize FileSignerSecretProvider, falling back to use random secrets.
2019-10-02 23:07:40,404 [main] WARN  http.HttpRequestLog (HttpRequestLog.java:getRequestLog(97)) - Jetty request log can only be enabled using Log4j
2019-10-02 23:07:40,406 [main] INFO  http.HttpServer2 (HttpServer2.java:addGlobalFilter(975)) - Added global filter 'safety' (class=org.apache.hadoop.http.HttpServer2$QuotingInputFilter)
2019-10-02 23:07:40,407 [main] INFO  http.HttpServer2 (HttpServer2.java:addFilter(948)) - Added filter static_user_filter (class=org.apache.hadoop.http.lib.StaticUserWebFilter$StaticUserFilter) to context ozoneManager
2019-10-02 23:07:40,407 [main] INFO  http.HttpServer2 (HttpServer2.java:addFilter(958)) - Added filter static_user_filter (class=org.apache.hadoop.http.lib.StaticUserWebFilter$StaticUserFilter) to context logs
2019-10-02 23:07:40,407 [main] INFO  http.HttpServer2 (HttpServer2.java:addFilter(958)) - Added filter static_user_filter (class=org.apache.hadoop.http.lib.StaticUserWebFilter$StaticUserFilter) to context static
2019-10-02 23:07:40,408 [main] INFO  http.HttpServer2 (HttpServer2.java:bindListener(1191)) - Jetty bound to port 37127
2019-10-02 23:07:40,408 [main] INFO  server.Server (Server.java:doStart(351)) - jetty-9.3.25.v20180904, build timestamp: 2018-09-04T21:11:46Z, git hash: 3ce520221d0240229c862b122d2b06c12a625732
2019-10-02 23:07:40,410 [main] INFO  handler.ContextHandler (ContextHandler.java:doStart(781)) - Started o.e.j.s.ServletContextHandler@3d0cac1f{/logs,file:///workdir/hadoop-ozone/ozonefs/target/log,AVAILABLE}
2019-10-02 23:07:40,410 [main] INFO  handler.ContextHandler (ContextHandler.java:doStart(781)) - Started o.e.j.s.ServletContextHandler@d257579{/static,jar:file:/home/user/.m2/repository/org/apache/hadoop/hadoop-ozone-ozone-manager/0.5.0-SNAPSHOT/hadoop-ozone-ozone-manager-0.5.0-SNAPSHOT.jar!/webapps/static,AVAILABLE}
2019-10-02 23:07:40,454 [main] INFO  handler.ContextHandler (ContextHandler.java:doStart(781)) - Started o.e.j.w.WebAppContext@1d901f20{/,file:///tmp/jetty-0.0.0.0-37127-ozoneManager-_-any-12757615834109585.dir/webapp/,AVAILABLE}{/ozoneManager}
2019-10-02 23:07:40,456 [main] INFO  server.AbstractConnector (AbstractConnector.java:doStart(278)) - Started ServerConnector@6d08b4e6{HTTP/1.1,[http/1.1]}{0.0.0.0:37127}
2019-10-02 23:07:40,456 [main] INFO  server.Server (Server.java:doStart(419)) - Started @23815ms
2019-10-02 23:07:40,456 [main] WARN  impl.MetricsSystemImpl (MetricsSystemImpl.java:register(276)) - Sink prometheus already exists!
2019-10-02 23:07:40,458 [main] INFO  server.BaseHttpServer (BaseHttpServer.java:updateConnectorAddress(215)) - HTTP server of OZONEMANAGER is listening at http://0.0.0.0:37127
2019-10-02 23:07:40,468 [main] INFO  impl.MetricsSystemImpl (MetricsSystemImpl.java:init(158)) - HddsDatanode metrics system started (again)
2019-10-02 23:07:40,471 [main] INFO  ozone.HddsDatanodeService (HddsDatanodeService.java:start(184)) - HddsDatanodeService host:pr-hdds1737-lts7z-2510321508 ip:192.168.30.30
2019-10-02 23:07:40,487 [main] INFO  volume.HddsVolume (HddsVolume.java:<init>(176)) - Creating Volume: /workdir/hadoop-ozone/ozonefs/target/test-dir/MiniOzoneClusterImpl-4e9c8d26-6cdc-4b5a-a9ff-e65f0db60a86/datanode-0/data/containers/hdds of  storage type : DISK and capacity : 1482555576320
2019-10-02 23:07:40,487 [main] INFO  volume.VolumeSet (VolumeSet.java:initializeVolumeSet(170)) - Added Volume : /workdir/hadoop-ozone/ozonefs/target/test-dir/MiniOzoneClusterImpl-4e9c8d26-6cdc-4b5a-a9ff-e65f0db60a86/datanode-0/data/containers/hdds to VolumeSet
2019-10-02 23:07:40,487 [main] INFO  volume.ThrottledAsyncChecker (ThrottledAsyncChecker.java:schedule(139)) - Scheduling a check for org.apache.hadoop.ozone.container.common.volume.HddsVolume@75b6dd5b
2019-10-02 23:07:40,488 [main] INFO  volume.HddsVolumeChecker (HddsVolumeChecker.java:checkAllVolumes(202)) - Scheduled health check for volume org.apache.hadoop.ozone.container.common.volume.HddsVolume@75b6dd5b
2019-10-02 23:07:40,508 [main] INFO  impl.RaftServerProxy (ConfUtils.java:logGet(43)) - raft.rpc.type = GRPC (default)
2019-10-02 23:07:40,508 [main] INFO  grpc.GrpcFactory (GrpcFactory.java:checkPooledByteBufAllocatorUseCacheForAllThreads(45)) - PERFORMANCE WARNING: useCacheForAllThreads is true that may cause Netty to create a lot garbage objects and, as a result, trigger GC.
	It is recommended to disable useCacheForAllThreads by setting -Dorg.apache.ratis.thirdparty.io.netty.allocator.useCacheForAllThreads=false in command line.
2019-10-02 23:07:40,508 [main] INFO  grpc.GrpcConfigKeys$Server (ConfUtils.java:logGet(43)) - raft.grpc.server.port = 0 (default)
2019-10-02 23:07:40,509 [main] INFO  server.GrpcService (ConfUtils.java:logGet(43)) - raft.grpc.message.size.max = 33570816 (custom)
2019-10-02 23:07:40,509 [main] INFO  server.RaftServerConfigKeys (ConfUtils.java:logGet(43)) - raft.server.log.appender.buffer.byte-limit = 33554432 (custom)
2019-10-02 23:07:40,509 [main] INFO  server.GrpcService (ConfUtils.java:logGet(43)) - raft.grpc.flow.control.window = 1MB (=1048576) (default)
2019-10-02 23:07:40,510 [main] INFO  server.RaftServerConfigKeys (ConfUtils.java:logGet(43)) - raft.server.rpc.request.timeout = 3000ms (default)
2019-10-02 23:07:40,510 [main] INFO  server.RaftServerConfigKeys (ConfUtils.java:logGet(43)) - raft.server.storage.dir = [/workdir/hadoop-ozone/ozonefs/target/test-dir/MiniOzoneClusterImpl-4e9c8d26-6cdc-4b5a-a9ff-e65f0db60a86/datanode-0/data/ratis] (custom)
2019-10-02 23:07:40,512 [main] INFO  hdfs.DFSUtil (DFSUtil.java:httpServerTemplateForNNAndJN(1641)) - Starting Web-server for hddsDatanode at: http://0.0.0.0:0
2019-10-02 23:07:40,514 [main] INFO  server.AuthenticationFilter (AuthenticationFilter.java:constructSecretProvider(240)) - Unable to initialize FileSignerSecretProvider, falling back to use random secrets.
2019-10-02 23:07:40,514 [main] WARN  http.HttpRequestLog (HttpRequestLog.java:getRequestLog(97)) - Jetty request log can only be enabled using Log4j
2019-10-02 23:07:40,516 [main] INFO  http.HttpServer2 (HttpServer2.java:addGlobalFilter(975)) - Added global filter 'safety' (class=org.apache.hadoop.http.HttpServer2$QuotingInputFilter)
2019-10-02 23:07:40,517 [main] INFO  http.HttpServer2 (HttpServer2.java:addFilter(948)) - Added filter static_user_filter (class=org.apache.hadoop.http.lib.StaticUserWebFilter$StaticUserFilter) to context hddsDatanode
2019-10-02 23:07:40,517 [main] INFO  http.HttpServer2 (HttpServer2.java:addFilter(958)) - Added filter static_user_filter (class=org.apache.hadoop.http.lib.StaticUserWebFilter$StaticUserFilter) to context logs
2019-10-02 23:07:40,517 [main] INFO  http.HttpServer2 (HttpServer2.java:addFilter(958)) - Added filter static_user_filter (class=org.apache.hadoop.http.lib.StaticUserWebFilter$StaticUserFilter) to context static
2019-10-02 23:07:40,518 [main] INFO  http.HttpServer2 (HttpServer2.java:bindListener(1191)) - Jetty bound to port 35561
2019-10-02 23:07:40,518 [main] INFO  server.Server (Server.java:doStart(351)) - jetty-9.3.25.v20180904, build timestamp: 2018-09-04T21:11:46Z, git hash: 3ce520221d0240229c862b122d2b06c12a625732
2019-10-02 23:07:40,519 [main] INFO  handler.ContextHandler (ContextHandler.java:doStart(781)) - Started o.e.j.s.ServletContextHandler@3f5156a6{/logs,file:///workdir/hadoop-ozone/ozonefs/target/log,AVAILABLE}
2019-10-02 23:07:40,520 [main] INFO  handler.ContextHandler (ContextHandler.java:doStart(781)) - Started o.e.j.s.ServletContextHandler@7d17ee50{/static,jar:file:/home/user/.m2/repository/org/apache/hadoop/hadoop-hdds-container-service/0.5.0-SNAPSHOT/hadoop-hdds-container-service-0.5.0-SNAPSHOT.jar!/webapps/static,AVAILABLE}
2019-10-02 23:07:40,547 [main] INFO  handler.ContextHandler (ContextHandler.java:doStart(781)) - Started o.e.j.w.WebAppContext@68699afc{/,file:///tmp/jetty-0.0.0.0-35561-hddsDatanode-_-any-2644177979856804827.dir/webapp/,AVAILABLE}{/hddsDatanode}
2019-10-02 23:07:40,547 [main] INFO  server.AbstractConnector (AbstractConnector.java:doStart(278)) - Started ServerConnector@273a5a8a{HTTP/1.1,[http/1.1]}{0.0.0.0:35561}
2019-10-02 23:07:40,548 [main] INFO  server.Server (Server.java:doStart(419)) - Started @23908ms
2019-10-02 23:07:40,548 [main] WARN  impl.MetricsSystemImpl (MetricsSystemImpl.java:register(276)) - Sink prometheus already exists!
2019-10-02 23:07:40,549 [main] INFO  server.BaseHttpServer (BaseHttpServer.java:updateConnectorAddress(215)) - HTTP server of HDDSDATANODE is listening at http://0.0.0.0:35561
2019-10-02 23:07:40,549 [main] INFO  impl.MetricsSystemImpl (MetricsSystemImpl.java:init(158)) - HddsDatanode metrics system started (again)
2019-10-02 23:07:40,551 [org.apache.hadoop.util.JvmPauseMonitor$Monitor@41f84a5a] INFO  util.JvmPauseMonitor (JvmPauseMonitor.java:run(188)) - Starting JVM pause monitor
2019-10-02 23:07:40,552 [main] INFO  ozone.HddsDatanodeService (HddsDatanodeService.java:start(184)) - HddsDatanodeService host:pr-hdds1737-lts7z-2510321508 ip:192.168.30.30
2019-10-02 23:07:40,554 [Datanode State Machine Thread - 0] INFO  datanode.InitDatanodeState (InitDatanodeState.java:persistContainerDatanodeDetails(140)) - DatanodeDetails is persisted to /workdir/hadoop-ozone/ozonefs/target/test-dir/MiniOzoneClusterImpl-4e9c8d26-6cdc-4b5a-a9ff-e65f0db60a86/datanode-0/meta/datanode.id
2019-10-02 23:07:40,557 [main] INFO  volume.HddsVolume (HddsVolume.java:<init>(176)) - Creating Volume: /workdir/hadoop-ozone/ozonefs/target/test-dir/MiniOzoneClusterImpl-4e9c8d26-6cdc-4b5a-a9ff-e65f0db60a86/datanode-1/data/containers/hdds of  storage type : DISK and capacity : 1482555576320
2019-10-02 23:07:40,558 [main] INFO  volume.VolumeSet (VolumeSet.java:initializeVolumeSet(170)) - Added Volume : /workdir/hadoop-ozone/ozonefs/target/test-dir/MiniOzoneClusterImpl-4e9c8d26-6cdc-4b5a-a9ff-e65f0db60a86/datanode-1/data/containers/hdds to VolumeSet
2019-10-02 23:07:40,558 [main] INFO  volume.ThrottledAsyncChecker (ThrottledAsyncChecker.java:schedule(139)) - Scheduling a check for org.apache.hadoop.ozone.container.common.volume.HddsVolume@3bf54172
2019-10-02 23:07:40,558 [main] INFO  volume.HddsVolumeChecker (HddsVolumeChecker.java:checkAllVolumes(202)) - Scheduled health check for volume org.apache.hadoop.ozone.container.common.volume.HddsVolume@3bf54172
2019-10-02 23:07:40,584 [main] INFO  impl.RaftServerProxy (ConfUtils.java:logGet(43)) - raft.rpc.type = GRPC (default)
2019-10-02 23:07:40,584 [main] INFO  grpc.GrpcFactory (GrpcFactory.java:checkPooledByteBufAllocatorUseCacheForAllThreads(45)) - PERFORMANCE WARNING: useCacheForAllThreads is true that may cause Netty to create a lot garbage objects and, as a result, trigger GC.
	It is recommended to disable useCacheForAllThreads by setting -Dorg.apache.ratis.thirdparty.io.netty.allocator.useCacheForAllThreads=false in command line.
2019-10-02 23:07:40,584 [main] INFO  grpc.GrpcConfigKeys$Server (ConfUtils.java:logGet(43)) - raft.grpc.server.port = 0 (default)
2019-10-02 23:07:40,585 [main] INFO  server.GrpcService (ConfUtils.java:logGet(43)) - raft.grpc.message.size.max = 33570816 (custom)
2019-10-02 23:07:40,585 [main] INFO  server.RaftServerConfigKeys (ConfUtils.java:logGet(43)) - raft.server.log.appender.buffer.byte-limit = 33554432 (custom)
2019-10-02 23:07:40,585 [main] INFO  server.GrpcService (ConfUtils.java:logGet(43)) - raft.grpc.flow.control.window = 1MB (=1048576) (default)
2019-10-02 23:07:40,586 [main] INFO  server.RaftServerConfigKeys (ConfUtils.java:logGet(43)) - raft.server.rpc.request.timeout = 3000ms (default)
2019-10-02 23:07:40,586 [main] INFO  server.RaftServerConfigKeys (ConfUtils.java:logGet(43)) - raft.server.storage.dir = [/workdir/hadoop-ozone/ozonefs/target/test-dir/MiniOzoneClusterImpl-4e9c8d26-6cdc-4b5a-a9ff-e65f0db60a86/datanode-1/data/ratis] (custom)
2019-10-02 23:07:40,588 [main] INFO  hdfs.DFSUtil (DFSUtil.java:httpServerTemplateForNNAndJN(1641)) - Starting Web-server for hddsDatanode at: http://0.0.0.0:0
2019-10-02 23:07:40,589 [main] INFO  server.AuthenticationFilter (AuthenticationFilter.java:constructSecretProvider(240)) - Unable to initialize FileSignerSecretProvider, falling back to use random secrets.
2019-10-02 23:07:40,590 [main] WARN  http.HttpRequestLog (HttpRequestLog.java:getRequestLog(97)) - Jetty request log can only be enabled using Log4j
2019-10-02 23:07:40,591 [main] INFO  http.HttpServer2 (HttpServer2.java:addGlobalFilter(975)) - Added global filter 'safety' (class=org.apache.hadoop.http.HttpServer2$QuotingInputFilter)
2019-10-02 23:07:40,594 [main] INFO  http.HttpServer2 (HttpServer2.java:addFilter(948)) - Added filter static_user_filter (class=org.apache.hadoop.http.lib.StaticUserWebFilter$StaticUserFilter) to context hddsDatanode
2019-10-02 23:07:40,595 [main] INFO  http.HttpServer2 (HttpServer2.java:addFilter(958)) - Added filter static_user_filter (class=org.apache.hadoop.http.lib.StaticUserWebFilter$StaticUserFilter) to context logs
2019-10-02 23:07:40,595 [main] INFO  http.HttpServer2 (HttpServer2.java:addFilter(958)) - Added filter static_user_filter (class=org.apache.hadoop.http.lib.StaticUserWebFilter$StaticUserFilter) to context static
2019-10-02 23:07:40,595 [main] INFO  http.HttpServer2 (HttpServer2.java:bindListener(1191)) - Jetty bound to port 43763
2019-10-02 23:07:40,596 [main] INFO  server.Server (Server.java:doStart(351)) - jetty-9.3.25.v20180904, build timestamp: 2018-09-04T21:11:46Z, git hash: 3ce520221d0240229c862b122d2b06c12a625732
2019-10-02 23:07:40,597 [main] INFO  handler.ContextHandler (ContextHandler.java:doStart(781)) - Started o.e.j.s.ServletContextHandler@631cb129{/logs,file:///workdir/hadoop-ozone/ozonefs/target/log,AVAILABLE}
2019-10-02 23:07:40,598 [main] INFO  handler.ContextHandler (ContextHandler.java:doStart(781)) - Started o.e.j.s.ServletContextHandler@3252747e{/static,jar:file:/home/user/.m2/repository/org/apache/hadoop/hadoop-hdds-container-service/0.5.0-SNAPSHOT/hadoop-hdds-container-service-0.5.0-SNAPSHOT.jar!/webapps/static,AVAILABLE}
2019-10-02 23:07:40,625 [main] INFO  handler.ContextHandler (ContextHandler.java:doStart(781)) - Started o.e.j.w.WebAppContext@3eb292cd{/,file:///tmp/jetty-0.0.0.0-43763-hddsDatanode-_-any-7058998428888276196.dir/webapp/,AVAILABLE}{/hddsDatanode}
2019-10-02 23:07:40,625 [main] INFO  server.AbstractConnector (AbstractConnector.java:doStart(278)) - Started ServerConnector@7fd987ef{HTTP/1.1,[http/1.1]}{0.0.0.0:43763}
2019-10-02 23:07:40,626 [main] INFO  server.Server (Server.java:doStart(419)) - Started @23985ms
2019-10-02 23:07:40,626 [main] WARN  impl.MetricsSystemImpl (MetricsSystemImpl.java:register(276)) - Sink prometheus already exists!
2019-10-02 23:07:40,627 [main] INFO  server.BaseHttpServer (BaseHttpServer.java:updateConnectorAddress(215)) - HTTP server of HDDSDATANODE is listening at http://0.0.0.0:43763
2019-10-02 23:07:40,627 [main] INFO  impl.MetricsSystemImpl (MetricsSystemImpl.java:init(158)) - HddsDatanode metrics system started (again)
2019-10-02 23:07:40,629 [org.apache.hadoop.util.JvmPauseMonitor$Monitor@12395ffb] INFO  util.JvmPauseMonitor (JvmPauseMonitor.java:run(188)) - Starting JVM pause monitor
2019-10-02 23:07:40,629 [main] INFO  ozone.HddsDatanodeService (HddsDatanodeService.java:start(184)) - HddsDatanodeService host:pr-hdds1737-lts7z-2510321508 ip:192.168.30.30
2019-10-02 23:07:40,630 [Datanode State Machine Thread - 0] INFO  datanode.InitDatanodeState (InitDatanodeState.java:persistContainerDatanodeDetails(140)) - DatanodeDetails is persisted to /workdir/hadoop-ozone/ozonefs/target/test-dir/MiniOzoneClusterImpl-4e9c8d26-6cdc-4b5a-a9ff-e65f0db60a86/datanode-1/meta/datanode.id
2019-10-02 23:07:40,636 [main] INFO  volume.HddsVolume (HddsVolume.java:<init>(176)) - Creating Volume: /workdir/hadoop-ozone/ozonefs/target/test-dir/MiniOzoneClusterImpl-4e9c8d26-6cdc-4b5a-a9ff-e65f0db60a86/datanode-2/data/containers/hdds of  storage type : DISK and capacity : 1482555576320
2019-10-02 23:07:40,637 [main] INFO  volume.VolumeSet (VolumeSet.java:initializeVolumeSet(170)) - Added Volume : /workdir/hadoop-ozone/ozonefs/target/test-dir/MiniOzoneClusterImpl-4e9c8d26-6cdc-4b5a-a9ff-e65f0db60a86/datanode-2/data/containers/hdds to VolumeSet
2019-10-02 23:07:40,637 [main] INFO  volume.ThrottledAsyncChecker (ThrottledAsyncChecker.java:schedule(139)) - Scheduling a check for org.apache.hadoop.ozone.container.common.volume.HddsVolume@52b46d52
2019-10-02 23:07:40,637 [main] INFO  volume.HddsVolumeChecker (HddsVolumeChecker.java:checkAllVolumes(202)) - Scheduled health check for volume org.apache.hadoop.ozone.container.common.volume.HddsVolume@52b46d52
2019-10-02 23:07:40,665 [main] INFO  impl.RaftServerProxy (ConfUtils.java:logGet(43)) - raft.rpc.type = GRPC (default)
2019-10-02 23:07:40,665 [main] INFO  grpc.GrpcFactory (GrpcFactory.java:checkPooledByteBufAllocatorUseCacheForAllThreads(45)) - PERFORMANCE WARNING: useCacheForAllThreads is true that may cause Netty to create a lot garbage objects and, as a result, trigger GC.
	It is recommended to disable useCacheForAllThreads by setting -Dorg.apache.ratis.thirdparty.io.netty.allocator.useCacheForAllThreads=false in command line.
2019-10-02 23:07:40,666 [main] INFO  grpc.GrpcConfigKeys$Server (ConfUtils.java:logGet(43)) - raft.grpc.server.port = 0 (default)
2019-10-02 23:07:40,666 [main] INFO  server.GrpcService (ConfUtils.java:logGet(43)) - raft.grpc.message.size.max = 33570816 (custom)
2019-10-02 23:07:40,666 [main] INFO  server.RaftServerConfigKeys (ConfUtils.java:logGet(43)) - raft.server.log.appender.buffer.byte-limit = 33554432 (custom)
2019-10-02 23:07:40,666 [main] INFO  server.GrpcService (ConfUtils.java:logGet(43)) - raft.grpc.flow.control.window = 1MB (=1048576) (default)
2019-10-02 23:07:40,666 [main] INFO  server.RaftServerConfigKeys (ConfUtils.java:logGet(43)) - raft.server.rpc.request.timeout = 3000ms (default)
2019-10-02 23:07:40,667 [main] INFO  server.RaftServerConfigKeys (ConfUtils.java:logGet(43)) - raft.server.storage.dir = [/workdir/hadoop-ozone/ozonefs/target/test-dir/MiniOzoneClusterImpl-4e9c8d26-6cdc-4b5a-a9ff-e65f0db60a86/datanode-2/data/ratis] (custom)
2019-10-02 23:07:40,669 [main] INFO  hdfs.DFSUtil (DFSUtil.java:httpServerTemplateForNNAndJN(1641)) - Starting Web-server for hddsDatanode at: http://0.0.0.0:0
2019-10-02 23:07:40,670 [main] INFO  server.AuthenticationFilter (AuthenticationFilter.java:constructSecretProvider(240)) - Unable to initialize FileSignerSecretProvider, falling back to use random secrets.
2019-10-02 23:07:40,671 [main] WARN  http.HttpRequestLog (HttpRequestLog.java:getRequestLog(97)) - Jetty request log can only be enabled using Log4j
2019-10-02 23:07:40,673 [main] INFO  http.HttpServer2 (HttpServer2.java:addGlobalFilter(975)) - Added global filter 'safety' (class=org.apache.hadoop.http.HttpServer2$QuotingInputFilter)
2019-10-02 23:07:40,673 [main] INFO  http.HttpServer2 (HttpServer2.java:addFilter(948)) - Added filter static_user_filter (class=org.apache.hadoop.http.lib.StaticUserWebFilter$StaticUserFilter) to context hddsDatanode
2019-10-02 23:07:40,673 [main] INFO  http.HttpServer2 (HttpServer2.java:addFilter(958)) - Added filter static_user_filter (class=org.apache.hadoop.http.lib.StaticUserWebFilter$StaticUserFilter) to context static
2019-10-02 23:07:40,674 [main] INFO  http.HttpServer2 (HttpServer2.java:addFilter(958)) - Added filter static_user_filter (class=org.apache.hadoop.http.lib.StaticUserWebFilter$StaticUserFilter) to context logs
2019-10-02 23:07:40,674 [main] INFO  http.HttpServer2 (HttpServer2.java:bindListener(1191)) - Jetty bound to port 46255
2019-10-02 23:07:40,675 [main] INFO  server.Server (Server.java:doStart(351)) - jetty-9.3.25.v20180904, build timestamp: 2018-09-04T21:11:46Z, git hash: 3ce520221d0240229c862b122d2b06c12a625732
2019-10-02 23:07:40,676 [main] INFO  handler.ContextHandler (ContextHandler.java:doStart(781)) - Started o.e.j.s.ServletContextHandler@46911148{/logs,file:///workdir/hadoop-ozone/ozonefs/target/log,AVAILABLE}
2019-10-02 23:07:40,677 [main] INFO  handler.ContextHandler (ContextHandler.java:doStart(781)) - Started o.e.j.s.ServletContextHandler@7e351d7{/static,jar:file:/home/user/.m2/repository/org/apache/hadoop/hadoop-hdds-container-service/0.5.0-SNAPSHOT/hadoop-hdds-container-service-0.5.0-SNAPSHOT.jar!/webapps/static,AVAILABLE}
2019-10-02 23:07:40,704 [main] INFO  handler.ContextHandler (ContextHandler.java:doStart(781)) - Started o.e.j.w.WebAppContext@3ff54f3d{/,file:///tmp/jetty-0.0.0.0-46255-hddsDatanode-_-any-4754200721961211407.dir/webapp/,AVAILABLE}{/hddsDatanode}
2019-10-02 23:07:40,704 [main] INFO  server.AbstractConnector (AbstractConnector.java:doStart(278)) - Started ServerConnector@14c93774{HTTP/1.1,[http/1.1]}{0.0.0.0:46255}
2019-10-02 23:07:40,705 [main] INFO  server.Server (Server.java:doStart(419)) - Started @24065ms
2019-10-02 23:07:40,706 [main] WARN  impl.MetricsSystemImpl (MetricsSystemImpl.java:register(276)) - Sink prometheus already exists!
2019-10-02 23:07:40,706 [main] INFO  server.BaseHttpServer (BaseHttpServer.java:updateConnectorAddress(215)) - HTTP server of HDDSDATANODE is listening at http://0.0.0.0:46255
2019-10-02 23:07:40,707 [main] INFO  ozone.MiniOzoneClusterImpl (MiniOzoneClusterImpl.java:lambda$waitForClusterToBeReady$0(147)) - Waiting for cluster to be ready. Got 0 of 3 DN Heartbeats.
2019-10-02 23:07:40,709 [org.apache.hadoop.util.JvmPauseMonitor$Monitor@6dab9887] INFO  util.JvmPauseMonitor (JvmPauseMonitor.java:run(188)) - Starting JVM pause monitor
2019-10-02 23:07:40,718 [Datanode State Machine Thread - 0] INFO  datanode.InitDatanodeState (InitDatanodeState.java:persistContainerDatanodeDetails(140)) - DatanodeDetails is persisted to /workdir/hadoop-ozone/ozonefs/target/test-dir/MiniOzoneClusterImpl-4e9c8d26-6cdc-4b5a-a9ff-e65f0db60a86/datanode-2/meta/datanode.id
2019-10-02 23:07:41,708 [main] INFO  ozone.MiniOzoneClusterImpl (MiniOzoneClusterImpl.java:lambda$waitForClusterToBeReady$0(147)) - Waiting for cluster to be ready. Got 0 of 3 DN Heartbeats.
2019-10-02 23:07:42,580 [Datanode State Machine Thread - 0] INFO  ozoneimpl.OzoneContainer (OzoneContainer.java:start(217)) - Attempting to start container services.
2019-10-02 23:07:42,581 [Datanode State Machine Thread - 0] INFO  ozoneimpl.OzoneContainer (OzoneContainer.java:startContainerScrub(179)) - Background container scanner has been disabled.
2019-10-02 23:07:42,581 [Datanode State Machine Thread - 0] INFO  ratis.XceiverServerRatis (XceiverServerRatis.java:start(417)) - Starting XceiverServerRatis 5c318f09-d9bf-4936-bb07-c3e48985fd03 at port 0
2019-10-02 23:07:42,585 [Datanode State Machine Thread - 0] INFO  impl.RaftServerProxy (RaftServerProxy.java:lambda$start$3(299)) - 5c318f09-d9bf-4936-bb07-c3e48985fd03: start RPC server
2019-10-02 23:07:42,587 [Datanode State Machine Thread - 0] INFO  server.GrpcService (GrpcService.java:startImpl(158)) - 5c318f09-d9bf-4936-bb07-c3e48985fd03: GrpcService started, listening on 0.0.0.0/0.0.0.0:35413
2019-10-02 23:07:42,587 [Datanode State Machine Thread - 0] INFO  ratis.XceiverServerRatis (XceiverServerRatis.java:start(427)) - XceiverServerRatis 5c318f09-d9bf-4936-bb07-c3e48985fd03 is started using port 35413
2019-10-02 23:07:42,589 [Datanode State Machine Thread - 0] INFO  server.XceiverServerGrpc (XceiverServerGrpc.java:start(149)) - XceiverServerGrpc 5c318f09-d9bf-4936-bb07-c3e48985fd03 is started using port 45060
2019-10-02 23:07:42,654 [Datanode State Machine Thread - 0] INFO  ozoneimpl.OzoneContainer (OzoneContainer.java:start(217)) - Attempting to start container services.
2019-10-02 23:07:42,655 [Datanode State Machine Thread - 0] INFO  ozoneimpl.OzoneContainer (OzoneContainer.java:startContainerScrub(179)) - Background container scanner has been disabled.
2019-10-02 23:07:42,655 [Datanode State Machine Thread - 0] INFO  ratis.XceiverServerRatis (XceiverServerRatis.java:start(417)) - Starting XceiverServerRatis 2b7ae62d-8532-4844-9319-c39bd6e647a8 at port 0
2019-10-02 23:07:42,658 [Datanode State Machine Thread - 0] INFO  impl.RaftServerProxy (RaftServerProxy.java:lambda$start$3(299)) - 2b7ae62d-8532-4844-9319-c39bd6e647a8: start RPC server
2019-10-02 23:07:42,660 [Datanode State Machine Thread - 0] INFO  server.GrpcService (GrpcService.java:startImpl(158)) - 2b7ae62d-8532-4844-9319-c39bd6e647a8: GrpcService started, listening on 0.0.0.0/0.0.0.0:41486
2019-10-02 23:07:42,660 [Datanode State Machine Thread - 0] INFO  ratis.XceiverServerRatis (XceiverServerRatis.java:start(427)) - XceiverServerRatis 2b7ae62d-8532-4844-9319-c39bd6e647a8 is started using port 41486
2019-10-02 23:07:42,661 [Datanode State Machine Thread - 0] INFO  server.XceiverServerGrpc (XceiverServerGrpc.java:start(149)) - XceiverServerGrpc 2b7ae62d-8532-4844-9319-c39bd6e647a8 is started using port 36417
2019-10-02 23:07:42,709 [main] INFO  ozone.MiniOzoneClusterImpl (MiniOzoneClusterImpl.java:lambda$waitForClusterToBeReady$0(147)) - Waiting for cluster to be ready. Got 0 of 3 DN Heartbeats.
2019-10-02 23:07:42,736 [Datanode State Machine Thread - 0] INFO  ozoneimpl.OzoneContainer (OzoneContainer.java:start(217)) - Attempting to start container services.
2019-10-02 23:07:42,738 [Datanode State Machine Thread - 0] INFO  ozoneimpl.OzoneContainer (OzoneContainer.java:startContainerScrub(179)) - Background container scanner has been disabled.
2019-10-02 23:07:42,738 [Datanode State Machine Thread - 0] INFO  ratis.XceiverServerRatis (XceiverServerRatis.java:start(417)) - Starting XceiverServerRatis 12640581-7733-41aa-b510-7d6e19a5f881 at port 0
2019-10-02 23:07:42,743 [Datanode State Machine Thread - 0] INFO  impl.RaftServerProxy (RaftServerProxy.java:lambda$start$3(299)) - 12640581-7733-41aa-b510-7d6e19a5f881: start RPC server
2019-10-02 23:07:42,745 [Datanode State Machine Thread - 0] INFO  server.GrpcService (GrpcService.java:startImpl(158)) - 12640581-7733-41aa-b510-7d6e19a5f881: GrpcService started, listening on 0.0.0.0/0.0.0.0:36100
2019-10-02 23:07:42,745 [Datanode State Machine Thread - 0] INFO  ratis.XceiverServerRatis (XceiverServerRatis.java:start(427)) - XceiverServerRatis 12640581-7733-41aa-b510-7d6e19a5f881 is started using port 36100
2019-10-02 23:07:42,747 [Datanode State Machine Thread - 0] INFO  server.XceiverServerGrpc (XceiverServerGrpc.java:start(149)) - XceiverServerGrpc 12640581-7733-41aa-b510-7d6e19a5f881 is started using port 35348
2019-10-02 23:07:43,709 [main] INFO  ozone.MiniOzoneClusterImpl (MiniOzoneClusterImpl.java:lambda$waitForClusterToBeReady$0(147)) - Waiting for cluster to be ready. Got 0 of 3 DN Heartbeats.
2019-10-02 23:07:44,555 [IPC Server handler 2 on 43508] INFO  net.NetworkTopology (NetworkTopologyImpl.java:add(111)) - Added a new node: /default-rack/5c318f09-d9bf-4936-bb07-c3e48985fd03
2019-10-02 23:07:44,556 [IPC Server handler 2 on 43508] INFO  node.SCMNodeManager (SCMNodeManager.java:register(266)) - Registered Data node : 5c318f09-d9bf-4936-bb07-c3e48985fd03{ip: 192.168.30.30, host: pr-hdds1737-lts7z-2510321508, networkLocation: /default-rack, certSerialId: null}
2019-10-02 23:07:44,556 [EventQueue-NodeRegistrationContainerReportForDataNodeSafeModeRule] INFO  safemode.SCMSafeModeManager (DataNodeSafeModeRule.java:process(71)) - SCM in safe mode. 1 DataNodes registered, 1 required.
2019-10-02 23:07:44,557 [EventQueue-NodeRegistrationContainerReportForContainerSafeModeRule] INFO  safemode.SCMSafeModeManager (SCMSafeModeManager.java:validateSafeModeExitRules(177)) - ScmSafeModeManager, all rules are successfully validated
2019-10-02 23:07:44,557 [EventQueue-NodeRegistrationContainerReportForContainerSafeModeRule] INFO  safemode.SCMSafeModeManager (SCMSafeModeManager.java:exitSafeMode(193)) - SCM exiting safe mode.
2019-10-02 23:07:44,578 [grpc-default-executor-0] INFO  impl.RaftServerProxy (RaftServerProxy.java:addNew(89)) - 5c318f09-d9bf-4936-bb07-c3e48985fd03: addNew group-0D20B1E6E2FB:[5c318f09-d9bf-4936-bb07-c3e48985fd03:192.168.30.30:35413] returns group-0D20B1E6E2FB:java.util.concurrent.CompletableFuture@5e191992[Not completed]
2019-10-02 23:07:44,582 [pool-77-thread-1] INFO  impl.RaftServerImpl (RaftServerImpl.java:<init>(95)) - 5c318f09-d9bf-4936-bb07-c3e48985fd03: new RaftServerImpl for group-0D20B1E6E2FB:[5c318f09-d9bf-4936-bb07-c3e48985fd03:192.168.30.30:35413] with ContainerStateMachine:uninitialized
2019-10-02 23:07:44,582 [pool-77-thread-1] INFO  server.RaftServerConfigKeys (ConfUtils.java:logGet(43)) - raft.server.rpc.timeout.min = 5s (custom)
2019-10-02 23:07:44,582 [pool-77-thread-1] INFO  server.RaftServerConfigKeys (ConfUtils.java:logGet(43)) - raft.server.rpc.timeout.max = 5200ms (custom)
2019-10-02 23:07:44,582 [pool-77-thread-1] INFO  server.RaftServerConfigKeys (ConfUtils.java:logGet(43)) - raft.server.rpcslowness.timeout = 120s (custom)
2019-10-02 23:07:44,582 [pool-77-thread-1] INFO  server.RaftServerConfigKeys (ConfUtils.java:logGet(43)) - raft.server.sleep.deviation.threshold = 300 (default)
2019-10-02 23:07:44,582 [pool-77-thread-1] INFO  server.RaftServerConfigKeys (ConfUtils.java:logGet(43)) - raft.server.log.appender.install.snapshot.enabled = false (custom)
2019-10-02 23:07:44,582 [pool-77-thread-1] INFO  impl.RaftServerImpl (ServerState.java:<init>(103)) - 5c318f09-d9bf-4936-bb07-c3e48985fd03@group-0D20B1E6E2FB: ConfigurationManager, init=-1: [5c318f09-d9bf-4936-bb07-c3e48985fd03:192.168.30.30:35413], old=null, confs=<EMPTY_MAP>
2019-10-02 23:07:44,582 [pool-77-thread-1] INFO  server.RaftServerConfigKeys (ConfUtils.java:logGet(43)) - raft.server.storage.dir = [/workdir/hadoop-ozone/ozonefs/target/test-dir/MiniOzoneClusterImpl-4e9c8d26-6cdc-4b5a-a9ff-e65f0db60a86/datanode-0/data/ratis] (custom)
2019-10-02 23:07:44,583 [pool-77-thread-1] INFO  server.RaftServerConfigKeys (ConfUtils.java:logGet(43)) - raft.server.log.corruption.policy = EXCEPTION (default)
2019-10-02 23:07:44,583 [pool-77-thread-1] INFO  storage.RaftStorageDirectory (RaftStorageDirectory.java:analyzeStorage(246)) - The storage directory /workdir/hadoop-ozone/ozonefs/target/test-dir/MiniOzoneClusterImpl-4e9c8d26-6cdc-4b5a-a9ff-e65f0db60a86/datanode-0/data/ratis/0b03740e-5f32-4901-a07e-0d20b1e6e2fb does not exist. Creating ...
2019-10-02 23:07:44,606 [pool-77-thread-1] INFO  storage.RaftStorageDirectory (RaftStorageDirectory.java:tryLock(328)) - Lock on /workdir/hadoop-ozone/ozonefs/target/test-dir/MiniOzoneClusterImpl-4e9c8d26-6cdc-4b5a-a9ff-e65f0db60a86/datanode-0/data/ratis/0b03740e-5f32-4901-a07e-0d20b1e6e2fb/in_use.lock acquired by nodename 16001@pr-hdds1737-lts7z-2510321508
2019-10-02 23:07:44,630 [pool-77-thread-1] INFO  storage.RaftStorage (RaftStorage.java:format(84)) - Storage directory /workdir/hadoop-ozone/ozonefs/target/test-dir/MiniOzoneClusterImpl-4e9c8d26-6cdc-4b5a-a9ff-e65f0db60a86/datanode-0/data/ratis/0b03740e-5f32-4901-a07e-0d20b1e6e2fb has been successfully formatted.
2019-10-02 23:07:44,631 [pool-77-thread-1] INFO  ratis.ContainerStateMachine (ContainerStateMachine.java:loadSnapshot(230)) - group-0D20B1E6E2FB: The snapshot info is null. Setting the last applied indexto:(t:0, i:~)
2019-10-02 23:07:44,631 [pool-77-thread-1] INFO  server.RaftServerConfigKeys (ConfUtils.java:logGet(43)) - raft.server.notification.no-leader.timeout = 120s (custom)
2019-10-02 23:07:44,631 [pool-77-thread-1] INFO  server.RaftServerConfigKeys (ConfUtils.java:logGet(43)) - raft.server.log.use.memory = false (default)
2019-10-02 23:07:44,631 [IPC Server handler 0 on 43508] INFO  net.NetworkTopology (NetworkTopologyImpl.java:add(111)) - Added a new node: /default-rack/2b7ae62d-8532-4844-9319-c39bd6e647a8
2019-10-02 23:07:44,631 [pool-77-thread-1] INFO  server.RaftServerConfigKeys (ConfUtils.java:logGet(43)) - raft.server.log.purge.gap = 1000000 (custom)
2019-10-02 23:07:44,631 [IPC Server handler 0 on 43508] INFO  node.SCMNodeManager (SCMNodeManager.java:register(266)) - Registered Data node : 2b7ae62d-8532-4844-9319-c39bd6e647a8{ip: 192.168.30.30, host: pr-hdds1737-lts7z-2510321508, networkLocation: /default-rack, certSerialId: null}
2019-10-02 23:07:44,632 [pool-77-thread-1] INFO  server.RaftServerConfigKeys (ConfUtils.java:logGet(43)) - raft.server.log.appender.buffer.byte-limit = 33554432 (custom)
2019-10-02 23:07:44,632 [pool-77-thread-1] INFO  server.RaftServerConfigKeys (ConfUtils.java:logGet(43)) - raft.server.log.segment.size.max = 1048576 (custom)
2019-10-02 23:07:44,634 [pool-77-thread-1] INFO  server.RaftServerConfigKeys (ConfUtils.java:logGet(43)) - raft.server.log.segment.cache.num.max = 2 (custom)
2019-10-02 23:07:44,634 [pool-77-thread-1] INFO  segmented.SegmentedRaftLogWorker (SegmentedRaftLogWorker.java:<init>(173)) - new 5c318f09-d9bf-4936-bb07-c3e48985fd03@group-0D20B1E6E2FB-SegmentedRaftLogWorker for RaftStorage:Storage Directory /workdir/hadoop-ozone/ozonefs/target/test-dir/MiniOzoneClusterImpl-4e9c8d26-6cdc-4b5a-a9ff-e65f0db60a86/datanode-0/data/ratis/0b03740e-5f32-4901-a07e-0d20b1e6e2fb
2019-10-02 23:07:44,634 [pool-77-thread-1] INFO  server.RaftServerConfigKeys (ConfUtils.java:logGet(43)) - raft.server.log.queue.byte-limit = 2147483647 (custom)
2019-10-02 23:07:44,634 [pool-77-thread-1] INFO  server.RaftServerConfigKeys (ConfUtils.java:logGet(43)) - raft.server.log.queue.element-limit = 1024 (custom)
2019-10-02 23:07:44,634 [pool-77-thread-1] INFO  server.RaftServerConfigKeys (ConfUtils.java:logGet(43)) - raft.server.log.segment.size.max = 1048576 (custom)
2019-10-02 23:07:44,635 [pool-77-thread-1] INFO  server.RaftServerConfigKeys (ConfUtils.java:logGet(43)) - raft.server.log.preallocated.size = 16384 (custom)
2019-10-02 23:07:44,635 [pool-77-thread-1] INFO  server.RaftServerConfigKeys (ConfUtils.java:logGet(43)) - raft.server.log.write.buffer.size = 33554432 (custom)
2019-10-02 23:07:44,635 [pool-77-thread-1] INFO  server.RaftServerConfigKeys (ConfUtils.java:logGet(43)) - raft.server.log.force.sync.num = 128 (default)
2019-10-02 23:07:44,635 [pool-77-thread-1] INFO  server.RaftServerConfigKeys (ConfUtils.java:logGet(43)) - raft.server.log.statemachine.data.sync = true (default)
2019-10-02 23:07:44,635 [pool-77-thread-1] INFO  server.RaftServerConfigKeys (ConfUtils.java:logGet(43)) - raft.server.log.statemachine.data.sync.timeout = 10s (default)
2019-10-02 23:07:44,635 [pool-77-thread-1] INFO  server.RaftServerConfigKeys (ConfUtils.java:logGet(43)) - raft.server.log.statemachine.data.sync.timeout.retry = -1 (default)
2019-10-02 23:07:44,636 [pool-77-thread-1] INFO  server.RaftServerConfigKeys (ConfUtils.java:logGet(43)) - raft.server.log.statemachine.data.caching.enabled = true (custom)
2019-10-02 23:07:44,636 [pool-77-thread-1] INFO  segmented.SegmentedRaftLogWorker (SegmentedRaftLogWorker.java:lambda$new$0(128)) - 5c318f09-d9bf-4936-bb07-c3e48985fd03@group-0D20B1E6E2FB-SegmentedRaftLogWorker: flushIndex: setUnconditionally 0 -> -1
2019-10-02 23:07:44,636 [pool-77-thread-1] INFO  server.RaftServerConfigKeys (ConfUtils.java:logGet(43)) - raft.server.snapshot.auto.trigger.enabled = true (custom)
2019-10-02 23:07:44,636 [pool-77-thread-1] INFO  server.RaftServerConfigKeys (ConfUtils.java:logGet(43)) - raft.server.snapshot.auto.trigger.threshold = 10000 (custom)
2019-10-02 23:07:44,637 [pool-77-thread-1] INFO  server.RaftServerConfigKeys (ConfUtils.java:logGet(43)) - raft.server.snapshot.retention.file.num = 5 (custom)
2019-10-02 23:07:44,637 [pool-77-thread-1] INFO  server.RaftServerConfigKeys (ConfUtils.java:logGet(43)) - raft.server.retrycache.expirytime = 600000ms (custom)
2019-10-02 23:07:44,639 [pool-77-thread-1] INFO  impl.RaftServerImpl (RaftServerImpl.java:start(181)) - 5c318f09-d9bf-4936-bb07-c3e48985fd03@group-0D20B1E6E2FB: start as a follower, conf=-1: [5c318f09-d9bf-4936-bb07-c3e48985fd03:192.168.30.30:35413], old=null
2019-10-02 23:07:44,639 [pool-77-thread-1] INFO  impl.RaftServerImpl (RaftServerImpl.java:setRole(170)) - 5c318f09-d9bf-4936-bb07-c3e48985fd03@group-0D20B1E6E2FB: changes role from      null to FOLLOWER at term 0 for startAsFollower
2019-10-02 23:07:44,639 [pool-77-thread-1] INFO  impl.RoleInfo (RoleInfo.java:updateAndGet(143)) - 5c318f09-d9bf-4936-bb07-c3e48985fd03: start FollowerState
2019-10-02 23:07:44,640 [pool-77-thread-1] INFO  util.JmxRegister (JmxRegister.java:tryRegister(44)) - Successfully registered JMX Bean with object name Ratis:service=RaftServer,group=group-0D20B1E6E2FB,id=5c318f09-d9bf-4936-bb07-c3e48985fd03
2019-10-02 23:07:44,652 [RatisPipelineUtilsThread] INFO  pipeline.PipelineStateManager (PipelineStateManager.java:addPipeline(56)) - Created pipeline Pipeline[ Id: 0b03740e-5f32-4901-a07e-0d20b1e6e2fb, Nodes: 5c318f09-d9bf-4936-bb07-c3e48985fd03{ip: 192.168.30.30, host: pr-hdds1737-lts7z-2510321508, networkLocation: /default-rack, certSerialId: null}, Type:RATIS, Factor:ONE, State:OPEN]
2019-10-02 23:07:44,664 [grpc-default-executor-0] INFO  impl.RaftServerProxy (RaftServerProxy.java:addNew(89)) - 2b7ae62d-8532-4844-9319-c39bd6e647a8: addNew group-B4354E60EEAF:[2b7ae62d-8532-4844-9319-c39bd6e647a8:192.168.30.30:41486] returns group-B4354E60EEAF:java.util.concurrent.CompletableFuture@3e36e6dd[Not completed]
2019-10-02 23:07:44,668 [pool-87-thread-1] INFO  impl.RaftServerImpl (RaftServerImpl.java:<init>(95)) - 2b7ae62d-8532-4844-9319-c39bd6e647a8: new RaftServerImpl for group-B4354E60EEAF:[2b7ae62d-8532-4844-9319-c39bd6e647a8:192.168.30.30:41486] with ContainerStateMachine:uninitialized
2019-10-02 23:07:44,668 [pool-87-thread-1] INFO  server.RaftServerConfigKeys (ConfUtils.java:logGet(43)) - raft.server.rpc.timeout.min = 5s (custom)
2019-10-02 23:07:44,668 [pool-87-thread-1] INFO  server.RaftServerConfigKeys (ConfUtils.java:logGet(43)) - raft.server.rpc.timeout.max = 5200ms (custom)
2019-10-02 23:07:44,668 [pool-87-thread-1] INFO  server.RaftServerConfigKeys (ConfUtils.java:logGet(43)) - raft.server.rpcslowness.timeout = 120s (custom)
2019-10-02 23:07:44,668 [pool-87-thread-1] INFO  server.RaftServerConfigKeys (ConfUtils.java:logGet(43)) - raft.server.sleep.deviation.threshold = 300 (default)
2019-10-02 23:07:44,668 [pool-87-thread-1] INFO  server.RaftServerConfigKeys (ConfUtils.java:logGet(43)) - raft.server.log.appender.install.snapshot.enabled = false (custom)
2019-10-02 23:07:44,669 [pool-87-thread-1] INFO  impl.RaftServerImpl (ServerState.java:<init>(103)) - 2b7ae62d-8532-4844-9319-c39bd6e647a8@group-B4354E60EEAF: ConfigurationManager, init=-1: [2b7ae62d-8532-4844-9319-c39bd6e647a8:192.168.30.30:41486], old=null, confs=<EMPTY_MAP>
2019-10-02 23:07:44,669 [pool-87-thread-1] INFO  server.RaftServerConfigKeys (ConfUtils.java:logGet(43)) - raft.server.storage.dir = [/workdir/hadoop-ozone/ozonefs/target/test-dir/MiniOzoneClusterImpl-4e9c8d26-6cdc-4b5a-a9ff-e65f0db60a86/datanode-1/data/ratis] (custom)
2019-10-02 23:07:44,669 [pool-87-thread-1] INFO  server.RaftServerConfigKeys (ConfUtils.java:logGet(43)) - raft.server.log.corruption.policy = EXCEPTION (default)
2019-10-02 23:07:44,669 [pool-87-thread-1] INFO  storage.RaftStorageDirectory (RaftStorageDirectory.java:analyzeStorage(246)) - The storage directory /workdir/hadoop-ozone/ozonefs/target/test-dir/MiniOzoneClusterImpl-4e9c8d26-6cdc-4b5a-a9ff-e65f0db60a86/datanode-1/data/ratis/2412ba47-802a-4ae6-8f53-b4354e60eeaf does not exist. Creating ...
2019-10-02 23:07:44,692 [pool-87-thread-1] INFO  storage.RaftStorageDirectory (RaftStorageDirectory.java:tryLock(328)) - Lock on /workdir/hadoop-ozone/ozonefs/target/test-dir/MiniOzoneClusterImpl-4e9c8d26-6cdc-4b5a-a9ff-e65f0db60a86/datanode-1/data/ratis/2412ba47-802a-4ae6-8f53-b4354e60eeaf/in_use.lock acquired by nodename 16001@pr-hdds1737-lts7z-2510321508
2019-10-02 23:07:44,708 [pool-87-thread-1] INFO  storage.RaftStorage (RaftStorage.java:format(84)) - Storage directory /workdir/hadoop-ozone/ozonefs/target/test-dir/MiniOzoneClusterImpl-4e9c8d26-6cdc-4b5a-a9ff-e65f0db60a86/datanode-1/data/ratis/2412ba47-802a-4ae6-8f53-b4354e60eeaf has been successfully formatted.
2019-10-02 23:07:44,709 [pool-87-thread-1] INFO  ratis.ContainerStateMachine (ContainerStateMachine.java:loadSnapshot(230)) - group-B4354E60EEAF: The snapshot info is null. Setting the last applied indexto:(t:0, i:~)
2019-10-02 23:07:44,709 [pool-87-thread-1] INFO  server.RaftServerConfigKeys (ConfUtils.java:logGet(43)) - raft.server.notification.no-leader.timeout = 120s (custom)
2019-10-02 23:07:44,709 [pool-87-thread-1] INFO  server.RaftServerConfigKeys (ConfUtils.java:logGet(43)) - raft.server.log.use.memory = false (default)
2019-10-02 23:07:44,709 [pool-87-thread-1] INFO  server.RaftServerConfigKeys (ConfUtils.java:logGet(43)) - raft.server.log.purge.gap = 1000000 (custom)
2019-10-02 23:07:44,709 [pool-87-thread-1] INFO  server.RaftServerConfigKeys (ConfUtils.java:logGet(43)) - raft.server.log.appender.buffer.byte-limit = 33554432 (custom)
2019-10-02 23:07:44,709 [pool-87-thread-1] INFO  server.RaftServerConfigKeys (ConfUtils.java:logGet(43)) - raft.server.log.segment.size.max = 1048576 (custom)
2019-10-02 23:07:44,709 [main] INFO  ozone.MiniOzoneClusterImpl (MiniOzoneClusterImpl.java:lambda$waitForClusterToBeReady$0(147)) - Waiting for cluster to be ready. Got 2 of 3 DN Heartbeats.
2019-10-02 23:07:44,713 [IPC Server handler 1 on 43508] INFO  net.NetworkTopology (NetworkTopologyImpl.java:add(111)) - Added a new node: /default-rack/12640581-7733-41aa-b510-7d6e19a5f881
2019-10-02 23:07:44,713 [pool-87-thread-1] INFO  server.RaftServerConfigKeys (ConfUtils.java:logGet(43)) - raft.server.log.segment.cache.num.max = 2 (custom)
2019-10-02 23:07:44,713 [IPC Server handler 1 on 43508] INFO  node.SCMNodeManager (SCMNodeManager.java:register(266)) - Registered Data node : 12640581-7733-41aa-b510-7d6e19a5f881{ip: 192.168.30.30, host: pr-hdds1737-lts7z-2510321508, networkLocation: /default-rack, certSerialId: null}
2019-10-02 23:07:44,713 [pool-87-thread-1] INFO  segmented.SegmentedRaftLogWorker (SegmentedRaftLogWorker.java:<init>(173)) - new 2b7ae62d-8532-4844-9319-c39bd6e647a8@group-B4354E60EEAF-SegmentedRaftLogWorker for RaftStorage:Storage Directory /workdir/hadoop-ozone/ozonefs/target/test-dir/MiniOzoneClusterImpl-4e9c8d26-6cdc-4b5a-a9ff-e65f0db60a86/datanode-1/data/ratis/2412ba47-802a-4ae6-8f53-b4354e60eeaf
2019-10-02 23:07:44,713 [pool-87-thread-1] INFO  server.RaftServerConfigKeys (ConfUtils.java:logGet(43)) - raft.server.log.queue.byte-limit = 2147483647 (custom)
2019-10-02 23:07:44,713 [pool-87-thread-1] INFO  server.RaftServerConfigKeys (ConfUtils.java:logGet(43)) - raft.server.log.queue.element-limit = 1024 (custom)
2019-10-02 23:07:44,713 [pool-87-thread-1] INFO  server.RaftServerConfigKeys (ConfUtils.java:logGet(43)) - raft.server.log.segment.size.max = 1048576 (custom)
2019-10-02 23:07:44,713 [pool-87-thread-1] INFO  server.RaftServerConfigKeys (ConfUtils.java:logGet(43)) - raft.server.log.preallocated.size = 16384 (custom)
2019-10-02 23:07:44,714 [pool-87-thread-1] INFO  server.RaftServerConfigKeys (ConfUtils.java:logGet(43)) - raft.server.log.write.buffer.size = 33554432 (custom)
2019-10-02 23:07:44,714 [pool-87-thread-1] INFO  server.RaftServerConfigKeys (ConfUtils.java:logGet(43)) - raft.server.log.force.sync.num = 128 (default)
2019-10-02 23:07:44,714 [pool-87-thread-1] INFO  server.RaftServerConfigKeys (ConfUtils.java:logGet(43)) - raft.server.log.statemachine.data.sync = true (default)
2019-10-02 23:07:44,714 [pool-87-thread-1] INFO  server.RaftServerConfigKeys (ConfUtils.java:logGet(43)) - raft.server.log.statemachine.data.sync.timeout = 10s (default)
2019-10-02 23:07:44,714 [pool-87-thread-1] INFO  server.RaftServerConfigKeys (ConfUtils.java:logGet(43)) - raft.server.log.statemachine.data.sync.timeout.retry = -1 (default)
2019-10-02 23:07:44,714 [pool-87-thread-1] INFO  server.RaftServerConfigKeys (ConfUtils.java:logGet(43)) - raft.server.log.statemachine.data.caching.enabled = true (custom)
2019-10-02 23:07:44,715 [pool-87-thread-1] INFO  segmented.SegmentedRaftLogWorker (SegmentedRaftLogWorker.java:lambda$new$0(128)) - 2b7ae62d-8532-4844-9319-c39bd6e647a8@group-B4354E60EEAF-SegmentedRaftLogWorker: flushIndex: setUnconditionally 0 -> -1
2019-10-02 23:07:44,715 [pool-87-thread-1] INFO  server.RaftServerConfigKeys (ConfUtils.java:logGet(43)) - raft.server.snapshot.auto.trigger.enabled = true (custom)
2019-10-02 23:07:44,715 [pool-87-thread-1] INFO  server.RaftServerConfigKeys (ConfUtils.java:logGet(43)) - raft.server.snapshot.auto.trigger.threshold = 10000 (custom)
2019-10-02 23:07:44,715 [pool-87-thread-1] INFO  server.RaftServerConfigKeys (ConfUtils.java:logGet(43)) - raft.server.snapshot.retention.file.num = 5 (custom)
2019-10-02 23:07:44,715 [pool-87-thread-1] INFO  server.RaftServerConfigKeys (ConfUtils.java:logGet(43)) - raft.server.retrycache.expirytime = 600000ms (custom)
2019-10-02 23:07:44,717 [pool-87-thread-1] INFO  impl.RaftServerImpl (RaftServerImpl.java:start(181)) - 2b7ae62d-8532-4844-9319-c39bd6e647a8@group-B4354E60EEAF: start as a follower, conf=-1: [2b7ae62d-8532-4844-9319-c39bd6e647a8:192.168.30.30:41486], old=null
2019-10-02 23:07:44,718 [pool-87-thread-1] INFO  impl.RaftServerImpl (RaftServerImpl.java:setRole(170)) - 2b7ae62d-8532-4844-9319-c39bd6e647a8@group-B4354E60EEAF: changes role from      null to FOLLOWER at term 0 for startAsFollower
2019-10-02 23:07:44,718 [pool-87-thread-1] INFO  impl.RoleInfo (RoleInfo.java:updateAndGet(143)) - 2b7ae62d-8532-4844-9319-c39bd6e647a8: start FollowerState
2019-10-02 23:07:44,718 [pool-87-thread-1] INFO  util.JmxRegister (JmxRegister.java:tryRegister(44)) - Successfully registered JMX Bean with object name Ratis:service=RaftServer,group=group-B4354E60EEAF,id=2b7ae62d-8532-4844-9319-c39bd6e647a8
2019-10-02 23:07:44,726 [RatisPipelineUtilsThread] INFO  pipeline.PipelineStateManager (PipelineStateManager.java:addPipeline(56)) - Created pipeline Pipeline[ Id: 2412ba47-802a-4ae6-8f53-b4354e60eeaf, Nodes: 2b7ae62d-8532-4844-9319-c39bd6e647a8{ip: 192.168.30.30, host: pr-hdds1737-lts7z-2510321508, networkLocation: /default-rack, certSerialId: null}, Type:RATIS, Factor:ONE, State:OPEN]
2019-10-02 23:07:44,736 [grpc-default-executor-0] INFO  impl.RaftServerProxy (RaftServerProxy.java:addNew(89)) - 12640581-7733-41aa-b510-7d6e19a5f881: addNew group-558F2951BB2E:[12640581-7733-41aa-b510-7d6e19a5f881:192.168.30.30:36100] returns group-558F2951BB2E:java.util.concurrent.CompletableFuture@33f1b4ef[Not completed]
2019-10-02 23:07:44,737 [pool-97-thread-1] INFO  impl.RaftServerImpl (RaftServerImpl.java:<init>(95)) - 12640581-7733-41aa-b510-7d6e19a5f881: new RaftServerImpl for group-558F2951BB2E:[12640581-7733-41aa-b510-7d6e19a5f881:192.168.30.30:36100] with ContainerStateMachine:uninitialized
2019-10-02 23:07:44,738 [pool-97-thread-1] INFO  server.RaftServerConfigKeys (ConfUtils.java:logGet(43)) - raft.server.rpc.timeout.min = 5s (custom)
2019-10-02 23:07:44,738 [pool-97-thread-1] INFO  server.RaftServerConfigKeys (ConfUtils.java:logGet(43)) - raft.server.rpc.timeout.max = 5200ms (custom)
2019-10-02 23:07:44,739 [pool-97-thread-1] INFO  server.RaftServerConfigKeys (ConfUtils.java:logGet(43)) - raft.server.rpcslowness.timeout = 120s (custom)
2019-10-02 23:07:44,739 [pool-97-thread-1] INFO  server.RaftServerConfigKeys (ConfUtils.java:logGet(43)) - raft.server.sleep.deviation.threshold = 300 (default)
2019-10-02 23:07:44,739 [pool-97-thread-1] INFO  server.RaftServerConfigKeys (ConfUtils.java:logGet(43)) - raft.server.log.appender.install.snapshot.enabled = false (custom)
2019-10-02 23:07:44,739 [pool-97-thread-1] INFO  impl.RaftServerImpl (ServerState.java:<init>(103)) - 12640581-7733-41aa-b510-7d6e19a5f881@group-558F2951BB2E: ConfigurationManager, init=-1: [12640581-7733-41aa-b510-7d6e19a5f881:192.168.30.30:36100], old=null, confs=<EMPTY_MAP>
2019-10-02 23:07:44,739 [pool-97-thread-1] INFO  server.RaftServerConfigKeys (ConfUtils.java:logGet(43)) - raft.server.storage.dir = [/workdir/hadoop-ozone/ozonefs/target/test-dir/MiniOzoneClusterImpl-4e9c8d26-6cdc-4b5a-a9ff-e65f0db60a86/datanode-2/data/ratis] (custom)
2019-10-02 23:07:44,739 [pool-97-thread-1] INFO  server.RaftServerConfigKeys (ConfUtils.java:logGet(43)) - raft.server.log.corruption.policy = EXCEPTION (default)
2019-10-02 23:07:44,739 [pool-97-thread-1] INFO  storage.RaftStorageDirectory (RaftStorageDirectory.java:analyzeStorage(246)) - The storage directory /workdir/hadoop-ozone/ozonefs/target/test-dir/MiniOzoneClusterImpl-4e9c8d26-6cdc-4b5a-a9ff-e65f0db60a86/datanode-2/data/ratis/2c7ec3bb-db94-4cb2-8c50-558f2951bb2e does not exist. Creating ...
2019-10-02 23:07:44,762 [pool-97-thread-1] INFO  storage.RaftStorageDirectory (RaftStorageDirectory.java:tryLock(328)) - Lock on /workdir/hadoop-ozone/ozonefs/target/test-dir/MiniOzoneClusterImpl-4e9c8d26-6cdc-4b5a-a9ff-e65f0db60a86/datanode-2/data/ratis/2c7ec3bb-db94-4cb2-8c50-558f2951bb2e/in_use.lock acquired by nodename 16001@pr-hdds1737-lts7z-2510321508
2019-10-02 23:07:44,785 [pool-97-thread-1] INFO  storage.RaftStorage (RaftStorage.java:format(84)) - Storage directory /workdir/hadoop-ozone/ozonefs/target/test-dir/MiniOzoneClusterImpl-4e9c8d26-6cdc-4b5a-a9ff-e65f0db60a86/datanode-2/data/ratis/2c7ec3bb-db94-4cb2-8c50-558f2951bb2e has been successfully formatted.
2019-10-02 23:07:44,786 [pool-97-thread-1] INFO  ratis.ContainerStateMachine (ContainerStateMachine.java:loadSnapshot(230)) - group-558F2951BB2E: The snapshot info is null. Setting the last applied indexto:(t:0, i:~)
2019-10-02 23:07:44,786 [pool-97-thread-1] INFO  server.RaftServerConfigKeys (ConfUtils.java:logGet(43)) - raft.server.notification.no-leader.timeout = 120s (custom)
2019-10-02 23:07:44,786 [pool-97-thread-1] INFO  server.RaftServerConfigKeys (ConfUtils.java:logGet(43)) - raft.server.log.use.memory = false (default)
2019-10-02 23:07:44,786 [pool-97-thread-1] INFO  server.RaftServerConfigKeys (ConfUtils.java:logGet(43)) - raft.server.log.purge.gap = 1000000 (custom)
2019-10-02 23:07:44,786 [pool-97-thread-1] INFO  server.RaftServerConfigKeys (ConfUtils.java:logGet(43)) - raft.server.log.appender.buffer.byte-limit = 33554432 (custom)
2019-10-02 23:07:44,786 [pool-97-thread-1] INFO  server.RaftServerConfigKeys (ConfUtils.java:logGet(43)) - raft.server.log.segment.size.max = 1048576 (custom)
2019-10-02 23:07:44,788 [pool-97-thread-1] INFO  server.RaftServerConfigKeys (ConfUtils.java:logGet(43)) - raft.server.log.segment.cache.num.max = 2 (custom)
2019-10-02 23:07:44,788 [pool-97-thread-1] INFO  segmented.SegmentedRaftLogWorker (SegmentedRaftLogWorker.java:<init>(173)) - new 12640581-7733-41aa-b510-7d6e19a5f881@group-558F2951BB2E-SegmentedRaftLogWorker for RaftStorage:Storage Directory /workdir/hadoop-ozone/ozonefs/target/test-dir/MiniOzoneClusterImpl-4e9c8d26-6cdc-4b5a-a9ff-e65f0db60a86/datanode-2/data/ratis/2c7ec3bb-db94-4cb2-8c50-558f2951bb2e
2019-10-02 23:07:44,788 [pool-97-thread-1] INFO  server.RaftServerConfigKeys (ConfUtils.java:logGet(43)) - raft.server.log.queue.byte-limit = 2147483647 (custom)
2019-10-02 23:07:44,789 [pool-97-thread-1] INFO  server.RaftServerConfigKeys (ConfUtils.java:logGet(43)) - raft.server.log.queue.element-limit = 1024 (custom)
2019-10-02 23:07:44,789 [pool-97-thread-1] INFO  server.RaftServerConfigKeys (ConfUtils.java:logGet(43)) - raft.server.log.segment.size.max = 1048576 (custom)
2019-10-02 23:07:44,789 [pool-97-thread-1] INFO  server.RaftServerConfigKeys (ConfUtils.java:logGet(43)) - raft.server.log.preallocated.size = 16384 (custom)
2019-10-02 23:07:44,789 [pool-97-thread-1] INFO  server.RaftServerConfigKeys (ConfUtils.java:logGet(43)) - raft.server.log.write.buffer.size = 33554432 (custom)
2019-10-02 23:07:44,789 [pool-97-thread-1] INFO  server.RaftServerConfigKeys (ConfUtils.java:logGet(43)) - raft.server.log.force.sync.num = 128 (default)
2019-10-02 23:07:44,789 [pool-97-thread-1] INFO  server.RaftServerConfigKeys (ConfUtils.java:logGet(43)) - raft.server.log.statemachine.data.sync = true (default)
2019-10-02 23:07:44,789 [pool-97-thread-1] INFO  server.RaftServerConfigKeys (ConfUtils.java:logGet(43)) - raft.server.log.statemachine.data.sync.timeout = 10s (default)
2019-10-02 23:07:44,789 [pool-97-thread-1] INFO  server.RaftServerConfigKeys (ConfUtils.java:logGet(43)) - raft.server.log.statemachine.data.sync.timeout.retry = -1 (default)
2019-10-02 23:07:44,790 [pool-97-thread-1] INFO  server.RaftServerConfigKeys (ConfUtils.java:logGet(43)) - raft.server.log.statemachine.data.caching.enabled = true (custom)
2019-10-02 23:07:44,790 [pool-97-thread-1] INFO  segmented.SegmentedRaftLogWorker (SegmentedRaftLogWorker.java:lambda$new$0(128)) - 12640581-7733-41aa-b510-7d6e19a5f881@group-558F2951BB2E-SegmentedRaftLogWorker: flushIndex: setUnconditionally 0 -> -1
2019-10-02 23:07:44,790 [pool-97-thread-1] INFO  server.RaftServerConfigKeys (ConfUtils.java:logGet(43)) - raft.server.snapshot.auto.trigger.enabled = true (custom)
2019-10-02 23:07:44,790 [pool-97-thread-1] INFO  server.RaftServerConfigKeys (ConfUtils.java:logGet(43)) - raft.server.snapshot.auto.trigger.threshold = 10000 (custom)
2019-10-02 23:07:44,790 [pool-97-thread-1] INFO  server.RaftServerConfigKeys (ConfUtils.java:logGet(43)) - raft.server.snapshot.retention.file.num = 5 (custom)
2019-10-02 23:07:44,791 [pool-97-thread-1] INFO  server.RaftServerConfigKeys (ConfUtils.java:logGet(43)) - raft.server.retrycache.expirytime = 600000ms (custom)
2019-10-02 23:07:44,792 [pool-97-thread-1] INFO  impl.RaftServerImpl (RaftServerImpl.java:start(181)) - 12640581-7733-41aa-b510-7d6e19a5f881@group-558F2951BB2E: start as a follower, conf=-1: [12640581-7733-41aa-b510-7d6e19a5f881:192.168.30.30:36100], old=null
2019-10-02 23:07:44,792 [pool-97-thread-1] INFO  impl.RaftServerImpl (RaftServerImpl.java:setRole(170)) - 12640581-7733-41aa-b510-7d6e19a5f881@group-558F2951BB2E: changes role from      null to FOLLOWER at term 0 for startAsFollower
2019-10-02 23:07:44,793 [pool-97-thread-1] INFO  impl.RoleInfo (RoleInfo.java:updateAndGet(143)) - 12640581-7733-41aa-b510-7d6e19a5f881: start FollowerState
2019-10-02 23:07:44,793 [pool-97-thread-1] INFO  util.JmxRegister (JmxRegister.java:tryRegister(44)) - Successfully registered JMX Bean with object name Ratis:service=RaftServer,group=group-558F2951BB2E,id=12640581-7733-41aa-b510-7d6e19a5f881
2019-10-02 23:07:44,800 [RatisPipelineUtilsThread] INFO  pipeline.PipelineStateManager (PipelineStateManager.java:addPipeline(56)) - Created pipeline Pipeline[ Id: 2c7ec3bb-db94-4cb2-8c50-558f2951bb2e, Nodes: 12640581-7733-41aa-b510-7d6e19a5f881{ip: 192.168.30.30, host: pr-hdds1737-lts7z-2510321508, networkLocation: /default-rack, certSerialId: null}, Type:RATIS, Factor:ONE, State:OPEN]
2019-10-02 23:07:44,821 [grpc-default-executor-2] INFO  impl.RaftServerProxy (RaftServerProxy.java:addNew(89)) - 2b7ae62d-8532-4844-9319-c39bd6e647a8: addNew group-C16411F6BFC6:[5c318f09-d9bf-4936-bb07-c3e48985fd03:192.168.30.30:35413, 12640581-7733-41aa-b510-7d6e19a5f881:192.168.30.30:36100, 2b7ae62d-8532-4844-9319-c39bd6e647a8:192.168.30.30:41486] returns group-C16411F6BFC6:java.util.concurrent.CompletableFuture@6f0751a3[Not completed]
2019-10-02 23:07:44,822 [grpc-default-executor-1] INFO  impl.RaftServerProxy (RaftServerProxy.java:addNew(89)) - 12640581-7733-41aa-b510-7d6e19a5f881: addNew group-C16411F6BFC6:[5c318f09-d9bf-4936-bb07-c3e48985fd03:192.168.30.30:35413, 12640581-7733-41aa-b510-7d6e19a5f881:192.168.30.30:36100, 2b7ae62d-8532-4844-9319-c39bd6e647a8:192.168.30.30:41486] returns group-C16411F6BFC6:java.util.concurrent.CompletableFuture@64c48049[Not completed]
2019-10-02 23:07:44,822 [grpc-default-executor-2] INFO  impl.RaftServerProxy (RaftServerProxy.java:addNew(89)) - 5c318f09-d9bf-4936-bb07-c3e48985fd03: addNew group-C16411F6BFC6:[5c318f09-d9bf-4936-bb07-c3e48985fd03:192.168.30.30:35413, 12640581-7733-41aa-b510-7d6e19a5f881:192.168.30.30:36100, 2b7ae62d-8532-4844-9319-c39bd6e647a8:192.168.30.30:41486] returns group-C16411F6BFC6:java.util.concurrent.CompletableFuture@2e3a5b98[Not completed]
2019-10-02 23:07:44,823 [pool-87-thread-1] INFO  impl.RaftServerImpl (RaftServerImpl.java:<init>(95)) - 2b7ae62d-8532-4844-9319-c39bd6e647a8: new RaftServerImpl for group-C16411F6BFC6:[5c318f09-d9bf-4936-bb07-c3e48985fd03:192.168.30.30:35413, 12640581-7733-41aa-b510-7d6e19a5f881:192.168.30.30:36100, 2b7ae62d-8532-4844-9319-c39bd6e647a8:192.168.30.30:41486] with ContainerStateMachine:uninitialized
2019-10-02 23:07:44,824 [pool-87-thread-1] INFO  server.RaftServerConfigKeys (ConfUtils.java:logGet(43)) - raft.server.rpc.timeout.min = 5s (custom)
2019-10-02 23:07:44,824 [pool-87-thread-1] INFO  server.RaftServerConfigKeys (ConfUtils.java:logGet(43)) - raft.server.rpc.timeout.max = 5200ms (custom)
2019-10-02 23:07:44,824 [pool-87-thread-1] INFO  server.RaftServerConfigKeys (ConfUtils.java:logGet(43)) - raft.server.rpcslowness.timeout = 120s (custom)
2019-10-02 23:07:44,824 [pool-87-thread-1] INFO  server.RaftServerConfigKeys (ConfUtils.java:logGet(43)) - raft.server.sleep.deviation.threshold = 300 (default)
2019-10-02 23:07:44,824 [pool-87-thread-1] INFO  server.RaftServerConfigKeys (ConfUtils.java:logGet(43)) - raft.server.log.appender.install.snapshot.enabled = false (custom)
2019-10-02 23:07:44,824 [pool-97-thread-1] INFO  impl.RaftServerImpl (RaftServerImpl.java:<init>(95)) - 12640581-7733-41aa-b510-7d6e19a5f881: new RaftServerImpl for group-C16411F6BFC6:[5c318f09-d9bf-4936-bb07-c3e48985fd03:192.168.30.30:35413, 12640581-7733-41aa-b510-7d6e19a5f881:192.168.30.30:36100, 2b7ae62d-8532-4844-9319-c39bd6e647a8:192.168.30.30:41486] with ContainerStateMachine:uninitialized
2019-10-02 23:07:44,824 [pool-87-thread-1] INFO  impl.RaftServerImpl (ServerState.java:<init>(103)) - 2b7ae62d-8532-4844-9319-c39bd6e647a8@group-C16411F6BFC6: ConfigurationManager, init=-1: [5c318f09-d9bf-4936-bb07-c3e48985fd03:192.168.30.30:35413, 12640581-7733-41aa-b510-7d6e19a5f881:192.168.30.30:36100, 2b7ae62d-8532-4844-9319-c39bd6e647a8:192.168.30.30:41486], old=null, confs=<EMPTY_MAP>
2019-10-02 23:07:44,825 [pool-97-thread-1] INFO  server.RaftServerConfigKeys (ConfUtils.java:logGet(43)) - raft.server.rpc.timeout.min = 5s (custom)
2019-10-02 23:07:44,825 [pool-87-thread-1] INFO  server.RaftServerConfigKeys (ConfUtils.java:logGet(43)) - raft.server.storage.dir = [/workdir/hadoop-ozone/ozonefs/target/test-dir/MiniOzoneClusterImpl-4e9c8d26-6cdc-4b5a-a9ff-e65f0db60a86/datanode-1/data/ratis] (custom)
2019-10-02 23:07:44,825 [pool-97-thread-1] INFO  server.RaftServerConfigKeys (ConfUtils.java:logGet(43)) - raft.server.rpc.timeout.max = 5200ms (custom)
2019-10-02 23:07:44,825 [pool-77-thread-1] INFO  impl.RaftServerImpl (RaftServerImpl.java:<init>(95)) - 5c318f09-d9bf-4936-bb07-c3e48985fd03: new RaftServerImpl for group-C16411F6BFC6:[5c318f09-d9bf-4936-bb07-c3e48985fd03:192.168.30.30:35413, 12640581-7733-41aa-b510-7d6e19a5f881:192.168.30.30:36100, 2b7ae62d-8532-4844-9319-c39bd6e647a8:192.168.30.30:41486] with ContainerStateMachine:uninitialized
2019-10-02 23:07:44,825 [pool-87-thread-1] INFO  server.RaftServerConfigKeys (ConfUtils.java:logGet(43)) - raft.server.log.corruption.policy = EXCEPTION (default)
2019-10-02 23:07:44,825 [pool-97-thread-1] INFO  server.RaftServerConfigKeys (ConfUtils.java:logGet(43)) - raft.server.rpcslowness.timeout = 120s (custom)
2019-10-02 23:07:44,825 [pool-77-thread-1] INFO  server.RaftServerConfigKeys (ConfUtils.java:logGet(43)) - raft.server.rpc.timeout.min = 5s (custom)
2019-10-02 23:07:44,825 [pool-97-thread-1] INFO  server.RaftServerConfigKeys (ConfUtils.java:logGet(43)) - raft.server.sleep.deviation.threshold = 300 (default)
2019-10-02 23:07:44,825 [pool-87-thread-1] INFO  storage.RaftStorageDirectory (RaftStorageDirectory.java:analyzeStorage(246)) - The storage directory /workdir/hadoop-ozone/ozonefs/target/test-dir/MiniOzoneClusterImpl-4e9c8d26-6cdc-4b5a-a9ff-e65f0db60a86/datanode-1/data/ratis/b5f6497c-f238-496e-9a49-c16411f6bfc6 does not exist. Creating ...
2019-10-02 23:07:44,825 [pool-97-thread-1] INFO  server.RaftServerConfigKeys (ConfUtils.java:logGet(43)) - raft.server.log.appender.install.snapshot.enabled = false (custom)
2019-10-02 23:07:44,825 [pool-77-thread-1] INFO  server.RaftServerConfigKeys (ConfUtils.java:logGet(43)) - raft.server.rpc.timeout.max = 5200ms (custom)
2019-10-02 23:07:44,826 [pool-97-thread-1] INFO  impl.RaftServerImpl (ServerState.java:<init>(103)) - 12640581-7733-41aa-b510-7d6e19a5f881@group-C16411F6BFC6: ConfigurationManager, init=-1: [5c318f09-d9bf-4936-bb07-c3e48985fd03:192.168.30.30:35413, 12640581-7733-41aa-b510-7d6e19a5f881:192.168.30.30:36100, 2b7ae62d-8532-4844-9319-c39bd6e647a8:192.168.30.30:41486], old=null, confs=<EMPTY_MAP>
2019-10-02 23:07:44,826 [pool-77-thread-1] INFO  server.RaftServerConfigKeys (ConfUtils.java:logGet(43)) - raft.server.rpcslowness.timeout = 120s (custom)
2019-10-02 23:07:44,826 [pool-77-thread-1] INFO  server.RaftServerConfigKeys (ConfUtils.java:logGet(43)) - raft.server.sleep.deviation.threshold = 300 (default)
2019-10-02 23:07:44,826 [pool-97-thread-1] INFO  server.RaftServerConfigKeys (ConfUtils.java:logGet(43)) - raft.server.storage.dir = [/workdir/hadoop-ozone/ozonefs/target/test-dir/MiniOzoneClusterImpl-4e9c8d26-6cdc-4b5a-a9ff-e65f0db60a86/datanode-2/data/ratis] (custom)
2019-10-02 23:07:44,826 [pool-77-thread-1] INFO  server.RaftServerConfigKeys (ConfUtils.java:logGet(43)) - raft.server.log.appender.install.snapshot.enabled = false (custom)
2019-10-02 23:07:44,826 [pool-77-thread-1] INFO  impl.RaftServerImpl (ServerState.java:<init>(103)) - 5c318f09-d9bf-4936-bb07-c3e48985fd03@group-C16411F6BFC6: ConfigurationManager, init=-1: [5c318f09-d9bf-4936-bb07-c3e48985fd03:192.168.30.30:35413, 12640581-7733-41aa-b510-7d6e19a5f881:192.168.30.30:36100, 2b7ae62d-8532-4844-9319-c39bd6e647a8:192.168.30.30:41486], old=null, confs=<EMPTY_MAP>
2019-10-02 23:07:44,826 [pool-97-thread-1] INFO  server.RaftServerConfigKeys (ConfUtils.java:logGet(43)) - raft.server.log.corruption.policy = EXCEPTION (default)
2019-10-02 23:07:44,826 [pool-77-thread-1] INFO  server.RaftServerConfigKeys (ConfUtils.java:logGet(43)) - raft.server.storage.dir = [/workdir/hadoop-ozone/ozonefs/target/test-dir/MiniOzoneClusterImpl-4e9c8d26-6cdc-4b5a-a9ff-e65f0db60a86/datanode-0/data/ratis] (custom)
2019-10-02 23:07:44,827 [pool-97-thread-1] INFO  storage.RaftStorageDirectory (RaftStorageDirectory.java:analyzeStorage(246)) - The storage directory /workdir/hadoop-ozone/ozonefs/target/test-dir/MiniOzoneClusterImpl-4e9c8d26-6cdc-4b5a-a9ff-e65f0db60a86/datanode-2/data/ratis/b5f6497c-f238-496e-9a49-c16411f6bfc6 does not exist. Creating ...
2019-10-02 23:07:44,827 [pool-77-thread-1] INFO  server.RaftServerConfigKeys (ConfUtils.java:logGet(43)) - raft.server.log.corruption.policy = EXCEPTION (default)
2019-10-02 23:07:44,827 [pool-77-thread-1] INFO  storage.RaftStorageDirectory (RaftStorageDirectory.java:analyzeStorage(246)) - The storage directory /workdir/hadoop-ozone/ozonefs/target/test-dir/MiniOzoneClusterImpl-4e9c8d26-6cdc-4b5a-a9ff-e65f0db60a86/datanode-0/data/ratis/b5f6497c-f238-496e-9a49-c16411f6bfc6 does not exist. Creating ...
2019-10-02 23:07:44,848 [pool-97-thread-1] INFO  storage.RaftStorageDirectory (RaftStorageDirectory.java:tryLock(328)) - Lock on /workdir/hadoop-ozone/ozonefs/target/test-dir/MiniOzoneClusterImpl-4e9c8d26-6cdc-4b5a-a9ff-e65f0db60a86/datanode-2/data/ratis/b5f6497c-f238-496e-9a49-c16411f6bfc6/in_use.lock acquired by nodename 16001@pr-hdds1737-lts7z-2510321508
2019-10-02 23:07:44,848 [pool-77-thread-1] INFO  storage.RaftStorageDirectory (RaftStorageDirectory.java:tryLock(328)) - Lock on /workdir/hadoop-ozone/ozonefs/target/test-dir/MiniOzoneClusterImpl-4e9c8d26-6cdc-4b5a-a9ff-e65f0db60a86/datanode-0/data/ratis/b5f6497c-f238-496e-9a49-c16411f6bfc6/in_use.lock acquired by nodename 16001@pr-hdds1737-lts7z-2510321508
2019-10-02 23:07:44,848 [pool-87-thread-1] INFO  storage.RaftStorageDirectory (RaftStorageDirectory.java:tryLock(328)) - Lock on /workdir/hadoop-ozone/ozonefs/target/test-dir/MiniOzoneClusterImpl-4e9c8d26-6cdc-4b5a-a9ff-e65f0db60a86/datanode-1/data/ratis/b5f6497c-f238-496e-9a49-c16411f6bfc6/in_use.lock acquired by nodename 16001@pr-hdds1737-lts7z-2510321508
2019-10-02 23:07:44,896 [pool-77-thread-1] INFO  storage.RaftStorage (RaftStorage.java:format(84)) - Storage directory /workdir/hadoop-ozone/ozonefs/target/test-dir/MiniOzoneClusterImpl-4e9c8d26-6cdc-4b5a-a9ff-e65f0db60a86/datanode-0/data/ratis/b5f6497c-f238-496e-9a49-c16411f6bfc6 has been successfully formatted.
2019-10-02 23:07:44,896 [pool-97-thread-1] INFO  storage.RaftStorage (RaftStorage.java:format(84)) - Storage directory /workdir/hadoop-ozone/ozonefs/target/test-dir/MiniOzoneClusterImpl-4e9c8d26-6cdc-4b5a-a9ff-e65f0db60a86/datanode-2/data/ratis/b5f6497c-f238-496e-9a49-c16411f6bfc6 has been successfully formatted.
2019-10-02 23:07:44,896 [pool-87-thread-1] INFO  storage.RaftStorage (RaftStorage.java:format(84)) - Storage directory /workdir/hadoop-ozone/ozonefs/target/test-dir/MiniOzoneClusterImpl-4e9c8d26-6cdc-4b5a-a9ff-e65f0db60a86/datanode-1/data/ratis/b5f6497c-f238-496e-9a49-c16411f6bfc6 has been successfully formatted.
2019-10-02 23:07:44,897 [pool-77-thread-1] INFO  ratis.ContainerStateMachine (ContainerStateMachine.java:loadSnapshot(230)) - group-C16411F6BFC6: The snapshot info is null. Setting the last applied indexto:(t:0, i:~)
2019-10-02 23:07:44,897 [pool-97-thread-1] INFO  ratis.ContainerStateMachine (ContainerStateMachine.java:loadSnapshot(230)) - group-C16411F6BFC6: The snapshot info is null. Setting the last applied indexto:(t:0, i:~)
2019-10-02 23:07:44,897 [pool-77-thread-1] INFO  server.RaftServerConfigKeys (ConfUtils.java:logGet(43)) - raft.server.notification.no-leader.timeout = 120s (custom)
2019-10-02 23:07:44,897 [pool-97-thread-1] INFO  server.RaftServerConfigKeys (ConfUtils.java:logGet(43)) - raft.server.notification.no-leader.timeout = 120s (custom)
2019-10-02 23:07:44,897 [pool-87-thread-1] INFO  ratis.ContainerStateMachine (ContainerStateMachine.java:loadSnapshot(230)) - group-C16411F6BFC6: The snapshot info is null. Setting the last applied indexto:(t:0, i:~)
2019-10-02 23:07:44,897 [pool-97-thread-1] INFO  server.RaftServerConfigKeys (ConfUtils.java:logGet(43)) - raft.server.log.use.memory = false (default)
2019-10-02 23:07:44,897 [pool-87-thread-1] INFO  server.RaftServerConfigKeys (ConfUtils.java:logGet(43)) - raft.server.notification.no-leader.timeout = 120s (custom)
2019-10-02 23:07:44,897 [pool-77-thread-1] INFO  server.RaftServerConfigKeys (ConfUtils.java:logGet(43)) - raft.server.log.use.memory = false (default)
2019-10-02 23:07:44,897 [pool-87-thread-1] INFO  server.RaftServerConfigKeys (ConfUtils.java:logGet(43)) - raft.server.log.use.memory = false (default)
2019-10-02 23:07:44,897 [pool-97-thread-1] INFO  server.RaftServerConfigKeys (ConfUtils.java:logGet(43)) - raft.server.log.purge.gap = 1000000 (custom)
2019-10-02 23:07:44,898 [pool-87-thread-1] INFO  server.RaftServerConfigKeys (ConfUtils.java:logGet(43)) - raft.server.log.purge.gap = 1000000 (custom)
2019-10-02 23:07:44,897 [pool-77-thread-1] INFO  server.RaftServerConfigKeys (ConfUtils.java:logGet(43)) - raft.server.log.purge.gap = 1000000 (custom)
2019-10-02 23:07:44,898 [pool-87-thread-1] INFO  server.RaftServerConfigKeys (ConfUtils.java:logGet(43)) - raft.server.log.appender.buffer.byte-limit = 33554432 (custom)
2019-10-02 23:07:44,898 [pool-97-thread-1] INFO  server.RaftServerConfigKeys (ConfUtils.java:logGet(43)) - raft.server.log.appender.buffer.byte-limit = 33554432 (custom)
2019-10-02 23:07:44,898 [pool-77-thread-1] INFO  server.RaftServerConfigKeys (ConfUtils.java:logGet(43)) - raft.server.log.appender.buffer.byte-limit = 33554432 (custom)
2019-10-02 23:07:44,898 [pool-97-thread-1] INFO  server.RaftServerConfigKeys (ConfUtils.java:logGet(43)) - raft.server.log.segment.size.max = 1048576 (custom)
2019-10-02 23:07:44,898 [pool-87-thread-1] INFO  server.RaftServerConfigKeys (ConfUtils.java:logGet(43)) - raft.server.log.segment.size.max = 1048576 (custom)
2019-10-02 23:07:44,898 [pool-97-thread-1] INFO  server.RaftServerConfigKeys (ConfUtils.java:logGet(43)) - raft.server.log.segment.cache.num.max = 2 (custom)
2019-10-02 23:07:44,898 [pool-77-thread-1] INFO  server.RaftServerConfigKeys (ConfUtils.java:logGet(43)) - raft.server.log.segment.size.max = 1048576 (custom)
2019-10-02 23:07:44,899 [pool-97-thread-1] INFO  segmented.SegmentedRaftLogWorker (SegmentedRaftLogWorker.java:<init>(173)) - new 12640581-7733-41aa-b510-7d6e19a5f881@group-C16411F6BFC6-SegmentedRaftLogWorker for RaftStorage:Storage Directory /workdir/hadoop-ozone/ozonefs/target/test-dir/MiniOzoneClusterImpl-4e9c8d26-6cdc-4b5a-a9ff-e65f0db60a86/datanode-2/data/ratis/b5f6497c-f238-496e-9a49-c16411f6bfc6
2019-10-02 23:07:44,898 [pool-87-thread-1] INFO  server.RaftServerConfigKeys (ConfUtils.java:logGet(43)) - raft.server.log.segment.cache.num.max = 2 (custom)
2019-10-02 23:07:44,899 [pool-97-thread-1] INFO  server.RaftServerConfigKeys (ConfUtils.java:logGet(43)) - raft.server.log.queue.byte-limit = 2147483647 (custom)
2019-10-02 23:07:44,899 [pool-77-thread-1] INFO  server.RaftServerConfigKeys (ConfUtils.java:logGet(43)) - raft.server.log.segment.cache.num.max = 2 (custom)
2019-10-02 23:07:44,899 [pool-97-thread-1] INFO  server.RaftServerConfigKeys (ConfUtils.java:logGet(43)) - raft.server.log.queue.element-limit = 1024 (custom)
2019-10-02 23:07:44,899 [pool-87-thread-1] INFO  segmented.SegmentedRaftLogWorker (SegmentedRaftLogWorker.java:<init>(173)) - new 2b7ae62d-8532-4844-9319-c39bd6e647a8@group-C16411F6BFC6-SegmentedRaftLogWorker for RaftStorage:Storage Directory /workdir/hadoop-ozone/ozonefs/target/test-dir/MiniOzoneClusterImpl-4e9c8d26-6cdc-4b5a-a9ff-e65f0db60a86/datanode-1/data/ratis/b5f6497c-f238-496e-9a49-c16411f6bfc6
2019-10-02 23:07:44,899 [pool-97-thread-1] INFO  server.RaftServerConfigKeys (ConfUtils.java:logGet(43)) - raft.server.log.segment.size.max = 1048576 (custom)
2019-10-02 23:07:44,899 [pool-77-thread-1] INFO  segmented.SegmentedRaftLogWorker (SegmentedRaftLogWorker.java:<init>(173)) - new 5c318f09-d9bf-4936-bb07-c3e48985fd03@group-C16411F6BFC6-SegmentedRaftLogWorker for RaftStorage:Storage Directory /workdir/hadoop-ozone/ozonefs/target/test-dir/MiniOzoneClusterImpl-4e9c8d26-6cdc-4b5a-a9ff-e65f0db60a86/datanode-0/data/ratis/b5f6497c-f238-496e-9a49-c16411f6bfc6
2019-10-02 23:07:44,899 [pool-97-thread-1] INFO  server.RaftServerConfigKeys (ConfUtils.java:logGet(43)) - raft.server.log.preallocated.size = 16384 (custom)
2019-10-02 23:07:44,899 [pool-87-thread-1] INFO  server.RaftServerConfigKeys (ConfUtils.java:logGet(43)) - raft.server.log.queue.byte-limit = 2147483647 (custom)
2019-10-02 23:07:44,900 [pool-97-thread-1] INFO  server.RaftServerConfigKeys (ConfUtils.java:logGet(43)) - raft.server.log.write.buffer.size = 33554432 (custom)
2019-10-02 23:07:44,900 [pool-77-thread-1] INFO  server.RaftServerConfigKeys (ConfUtils.java:logGet(43)) - raft.server.log.queue.byte-limit = 2147483647 (custom)
2019-10-02 23:07:44,900 [pool-97-thread-1] INFO  server.RaftServerConfigKeys (ConfUtils.java:logGet(43)) - raft.server.log.force.sync.num = 128 (default)
2019-10-02 23:07:44,900 [pool-87-thread-1] INFO  server.RaftServerConfigKeys (ConfUtils.java:logGet(43)) - raft.server.log.queue.element-limit = 1024 (custom)
2019-10-02 23:07:44,900 [pool-97-thread-1] INFO  server.RaftServerConfigKeys (ConfUtils.java:logGet(43)) - raft.server.log.statemachine.data.sync = true (default)
2019-10-02 23:07:44,900 [pool-77-thread-1] INFO  server.RaftServerConfigKeys (ConfUtils.java:logGet(43)) - raft.server.log.queue.element-limit = 1024 (custom)
2019-10-02 23:07:44,900 [pool-97-thread-1] INFO  server.RaftServerConfigKeys (ConfUtils.java:logGet(43)) - raft.server.log.statemachine.data.sync.timeout = 10s (default)
2019-10-02 23:07:44,900 [pool-87-thread-1] INFO  server.RaftServerConfigKeys (ConfUtils.java:logGet(43)) - raft.server.log.segment.size.max = 1048576 (custom)
2019-10-02 23:07:44,900 [pool-97-thread-1] INFO  server.RaftServerConfigKeys (ConfUtils.java:logGet(43)) - raft.server.log.statemachine.data.sync.timeout.retry = -1 (default)
2019-10-02 23:07:44,900 [pool-77-thread-1] INFO  server.RaftServerConfigKeys (ConfUtils.java:logGet(43)) - raft.server.log.segment.size.max = 1048576 (custom)
2019-10-02 23:07:44,901 [pool-87-thread-1] INFO  server.RaftServerConfigKeys (ConfUtils.java:logGet(43)) - raft.server.log.preallocated.size = 16384 (custom)
2019-10-02 23:07:44,901 [pool-97-thread-1] INFO  server.RaftServerConfigKeys (ConfUtils.java:logGet(43)) - raft.server.log.statemachine.data.caching.enabled = true (custom)
2019-10-02 23:07:44,901 [pool-77-thread-1] INFO  server.RaftServerConfigKeys (ConfUtils.java:logGet(43)) - raft.server.log.preallocated.size = 16384 (custom)
2019-10-02 23:07:44,901 [pool-87-thread-1] INFO  server.RaftServerConfigKeys (ConfUtils.java:logGet(43)) - raft.server.log.write.buffer.size = 33554432 (custom)
2019-10-02 23:07:44,901 [pool-97-thread-1] INFO  segmented.SegmentedRaftLogWorker (SegmentedRaftLogWorker.java:lambda$new$0(128)) - 12640581-7733-41aa-b510-7d6e19a5f881@group-C16411F6BFC6-SegmentedRaftLogWorker: flushIndex: setUnconditionally 0 -> -1
2019-10-02 23:07:44,901 [pool-77-thread-1] INFO  server.RaftServerConfigKeys (ConfUtils.java:logGet(43)) - raft.server.log.write.buffer.size = 33554432 (custom)
2019-10-02 23:07:44,901 [pool-87-thread-1] INFO  server.RaftServerConfigKeys (ConfUtils.java:logGet(43)) - raft.server.log.force.sync.num = 128 (default)
2019-10-02 23:07:44,902 [pool-97-thread-1] INFO  server.RaftServerConfigKeys (ConfUtils.java:logGet(43)) - raft.server.snapshot.auto.trigger.enabled = true (custom)
2019-10-02 23:07:44,901 [pool-77-thread-1] INFO  server.RaftServerConfigKeys (ConfUtils.java:logGet(43)) - raft.server.log.force.sync.num = 128 (default)
2019-10-02 23:07:44,902 [pool-97-thread-1] INFO  server.RaftServerConfigKeys (ConfUtils.java:logGet(43)) - raft.server.snapshot.auto.trigger.threshold = 10000 (custom)
2019-10-02 23:07:44,902 [pool-87-thread-1] INFO  server.RaftServerConfigKeys (ConfUtils.java:logGet(43)) - raft.server.log.statemachine.data.sync = true (default)
2019-10-02 23:07:44,902 [pool-97-thread-1] INFO  server.RaftServerConfigKeys (ConfUtils.java:logGet(43)) - raft.server.snapshot.retention.file.num = 5 (custom)
2019-10-02 23:07:44,902 [pool-77-thread-1] INFO  server.RaftServerConfigKeys (ConfUtils.java:logGet(43)) - raft.server.log.statemachine.data.sync = true (default)
2019-10-02 23:07:44,902 [pool-97-thread-1] INFO  server.RaftServerConfigKeys (ConfUtils.java:logGet(43)) - raft.server.retrycache.expirytime = 600000ms (custom)
2019-10-02 23:07:44,902 [pool-87-thread-1] INFO  server.RaftServerConfigKeys (ConfUtils.java:logGet(43)) - raft.server.log.statemachine.data.sync.timeout = 10s (default)
2019-10-02 23:07:44,902 [pool-77-thread-1] INFO  server.RaftServerConfigKeys (ConfUtils.java:logGet(43)) - raft.server.log.statemachine.data.sync.timeout = 10s (default)
2019-10-02 23:07:44,902 [pool-87-thread-1] INFO  server.RaftServerConfigKeys (ConfUtils.java:logGet(43)) - raft.server.log.statemachine.data.sync.timeout.retry = -1 (default)
2019-10-02 23:07:44,903 [pool-77-thread-1] INFO  server.RaftServerConfigKeys (ConfUtils.java:logGet(43)) - raft.server.log.statemachine.data.sync.timeout.retry = -1 (default)
2019-10-02 23:07:44,903 [pool-87-thread-1] INFO  server.RaftServerConfigKeys (ConfUtils.java:logGet(43)) - raft.server.log.statemachine.data.caching.enabled = true (custom)
2019-10-02 23:07:44,903 [pool-77-thread-1] INFO  server.RaftServerConfigKeys (ConfUtils.java:logGet(43)) - raft.server.log.statemachine.data.caching.enabled = true (custom)
2019-10-02 23:07:44,903 [pool-87-thread-1] INFO  segmented.SegmentedRaftLogWorker (SegmentedRaftLogWorker.java:lambda$new$0(128)) - 2b7ae62d-8532-4844-9319-c39bd6e647a8@group-C16411F6BFC6-SegmentedRaftLogWorker: flushIndex: setUnconditionally 0 -> -1
2019-10-02 23:07:44,903 [pool-77-thread-1] INFO  segmented.SegmentedRaftLogWorker (SegmentedRaftLogWorker.java:lambda$new$0(128)) - 5c318f09-d9bf-4936-bb07-c3e48985fd03@group-C16411F6BFC6-SegmentedRaftLogWorker: flushIndex: setUnconditionally 0 -> -1
2019-10-02 23:07:44,904 [pool-87-thread-1] INFO  server.RaftServerConfigKeys (ConfUtils.java:logGet(43)) - raft.server.snapshot.auto.trigger.enabled = true (custom)
2019-10-02 23:07:44,904 [pool-77-thread-1] INFO  server.RaftServerConfigKeys (ConfUtils.java:logGet(43)) - raft.server.snapshot.auto.trigger.enabled = true (custom)
2019-10-02 23:07:44,904 [pool-87-thread-1] INFO  server.RaftServerConfigKeys (ConfUtils.java:logGet(43)) - raft.server.snapshot.auto.trigger.threshold = 10000 (custom)
2019-10-02 23:07:44,904 [pool-87-thread-1] INFO  server.RaftServerConfigKeys (ConfUtils.java:logGet(43)) - raft.server.snapshot.retention.file.num = 5 (custom)
2019-10-02 23:07:44,904 [pool-77-thread-1] INFO  server.RaftServerConfigKeys (ConfUtils.java:logGet(43)) - raft.server.snapshot.auto.trigger.threshold = 10000 (custom)
2019-10-02 23:07:44,904 [pool-87-thread-1] INFO  server.RaftServerConfigKeys (ConfUtils.java:logGet(43)) - raft.server.retrycache.expirytime = 600000ms (custom)
2019-10-02 23:07:44,904 [pool-97-thread-1] INFO  impl.RaftServerImpl (RaftServerImpl.java:start(181)) - 12640581-7733-41aa-b510-7d6e19a5f881@group-C16411F6BFC6: start as a follower, conf=-1: [5c318f09-d9bf-4936-bb07-c3e48985fd03:192.168.30.30:35413, 12640581-7733-41aa-b510-7d6e19a5f881:192.168.30.30:36100, 2b7ae62d-8532-4844-9319-c39bd6e647a8:192.168.30.30:41486], old=null
2019-10-02 23:07:44,904 [pool-77-thread-1] INFO  server.RaftServerConfigKeys (ConfUtils.java:logGet(43)) - raft.server.snapshot.retention.file.num = 5 (custom)
2019-10-02 23:07:44,904 [pool-97-thread-1] INFO  impl.RaftServerImpl (RaftServerImpl.java:setRole(170)) - 12640581-7733-41aa-b510-7d6e19a5f881@group-C16411F6BFC6: changes role from      null to FOLLOWER at term 0 for startAsFollower
2019-10-02 23:07:44,904 [pool-77-thread-1] INFO  server.RaftServerConfigKeys (ConfUtils.java:logGet(43)) - raft.server.retrycache.expirytime = 600000ms (custom)
2019-10-02 23:07:44,905 [pool-97-thread-1] INFO  impl.RoleInfo (RoleInfo.java:updateAndGet(143)) - 12640581-7733-41aa-b510-7d6e19a5f881: start FollowerState
2019-10-02 23:07:44,905 [pool-97-thread-1] INFO  util.JmxRegister (JmxRegister.java:tryRegister(44)) - Successfully registered JMX Bean with object name Ratis:service=RaftServer,group=group-C16411F6BFC6,id=12640581-7733-41aa-b510-7d6e19a5f881
2019-10-02 23:07:44,909 [pool-87-thread-1] INFO  impl.RaftServerImpl (RaftServerImpl.java:start(181)) - 2b7ae62d-8532-4844-9319-c39bd6e647a8@group-C16411F6BFC6: start as a follower, conf=-1: [5c318f09-d9bf-4936-bb07-c3e48985fd03:192.168.30.30:35413, 12640581-7733-41aa-b510-7d6e19a5f881:192.168.30.30:36100, 2b7ae62d-8532-4844-9319-c39bd6e647a8:192.168.30.30:41486], old=null
2019-10-02 23:07:44,909 [pool-87-thread-1] INFO  impl.RaftServerImpl (RaftServerImpl.java:setRole(170)) - 2b7ae62d-8532-4844-9319-c39bd6e647a8@group-C16411F6BFC6: changes role from      null to FOLLOWER at term 0 for startAsFollower
2019-10-02 23:07:44,909 [pool-87-thread-1] INFO  impl.RoleInfo (RoleInfo.java:updateAndGet(143)) - 2b7ae62d-8532-4844-9319-c39bd6e647a8: start FollowerState
2019-10-02 23:07:44,910 [pool-77-thread-1] INFO  impl.RaftServerImpl (RaftServerImpl.java:start(181)) - 5c318f09-d9bf-4936-bb07-c3e48985fd03@group-C16411F6BFC6: start as a follower, conf=-1: [5c318f09-d9bf-4936-bb07-c3e48985fd03:192.168.30.30:35413, 12640581-7733-41aa-b510-7d6e19a5f881:192.168.30.30:36100, 2b7ae62d-8532-4844-9319-c39bd6e647a8:192.168.30.30:41486], old=null
2019-10-02 23:07:44,910 [pool-87-thread-1] INFO  util.JmxRegister (JmxRegister.java:tryRegister(44)) - Successfully registered JMX Bean with object name Ratis:service=RaftServer,group=group-C16411F6BFC6,id=2b7ae62d-8532-4844-9319-c39bd6e647a8
2019-10-02 23:07:44,910 [pool-77-thread-1] INFO  impl.RaftServerImpl (RaftServerImpl.java:setRole(170)) - 5c318f09-d9bf-4936-bb07-c3e48985fd03@group-C16411F6BFC6: changes role from      null to FOLLOWER at term 0 for startAsFollower
2019-10-02 23:07:44,910 [pool-77-thread-1] INFO  impl.RoleInfo (RoleInfo.java:updateAndGet(143)) - 5c318f09-d9bf-4936-bb07-c3e48985fd03: start FollowerState
2019-10-02 23:07:44,911 [pool-77-thread-1] INFO  util.JmxRegister (JmxRegister.java:tryRegister(44)) - Successfully registered JMX Bean with object name Ratis:service=RaftServer,group=group-C16411F6BFC6,id=5c318f09-d9bf-4936-bb07-c3e48985fd03
2019-10-02 23:07:44,920 [RatisPipelineUtilsThread] INFO  pipeline.PipelineStateManager (PipelineStateManager.java:addPipeline(56)) - Created pipeline Pipeline[ Id: b5f6497c-f238-496e-9a49-c16411f6bfc6, Nodes: 5c318f09-d9bf-4936-bb07-c3e48985fd03{ip: 192.168.30.30, host: pr-hdds1737-lts7z-2510321508, networkLocation: /default-rack, certSerialId: null}12640581-7733-41aa-b510-7d6e19a5f881{ip: 192.168.30.30, host: pr-hdds1737-lts7z-2510321508, networkLocation: /default-rack, certSerialId: null}2b7ae62d-8532-4844-9319-c39bd6e647a8{ip: 192.168.30.30, host: pr-hdds1737-lts7z-2510321508, networkLocation: /default-rack, certSerialId: null}, Type:RATIS, Factor:THREE, State:OPEN]
2019-10-02 23:07:45,710 [main] INFO  ozone.MiniOzoneClusterImpl (MiniOzoneClusterImpl.java:lambda$waitForClusterToBeReady$0(147)) - Cluster is ready. Got 3 of 3 DN Heartbeats.
2019-10-02 23:07:45,743 [main] INFO  rpc.RpcClient (RpcClient.java:createVolume(276)) - Creating Volume: qkaxfjxwem, with user67707 as owner.
2019-10-02 23:07:45,746 [IPC Server handler 0 on 37139] INFO  volume.OMVolumeCreateRequest (OMVolumeCreateRequest.java:validateAndUpdateCache(194)) - created volume:qkaxfjxwem for user:user67707
2019-10-02 23:07:45,754 [main] INFO  rpc.RpcClient (RpcClient.java:createBucket(415)) - Creating Bucket: qkaxfjxwem/fphlwhbitk, with Versioning false and Storage Type set to DISK and Encryption set to false 
23:07:45.794 [IPC Server handler 8 on 37139] ERROR OMAudit - user=jenkins1000 | ip=127.0.0.1 | op=CREATE_DIRECTORY {volume=qkaxfjxwem, bucket=fphlwhbitk, key=IgHWA, dataSize=0, replicationType=RATIS, replicationFactor=ONE, keyLocationInfo=[]} | ret=FAILURE
org.apache.hadoop.ozone.om.exceptions.OMException: Volume not found qkaxfjxwem
	at org.apache.hadoop.ozone.om.request.file.OMDirectoryCreateRequest.validateAndUpdateCache(OMDirectoryCreateRequest.java:146) ~[hadoop-ozone-ozone-manager-0.5.0-SNAPSHOT.jar:?]
	at org.apache.hadoop.ozone.protocolPB.OzoneManagerProtocolServerSideTranslatorPB.submitRequestDirectlyToOM(OzoneManagerProtocolServerSideTranslatorPB.java:219) ~[hadoop-ozone-ozone-manager-0.5.0-SNAPSHOT.jar:?]
	at org.apache.hadoop.ozone.protocolPB.OzoneManagerProtocolServerSideTranslatorPB.processRequest(OzoneManagerProtocolServerSideTranslatorPB.java:134) ~[hadoop-ozone-ozone-manager-0.5.0-SNAPSHOT.jar:?]
	at org.apache.hadoop.hdds.server.OzoneProtocolMessageDispatcher.processRequest(OzoneProtocolMessageDispatcher.java:72) [hadoop-hdds-server-framework-0.5.0-SNAPSHOT.jar:?]
	at org.apache.hadoop.ozone.protocolPB.OzoneManagerProtocolServerSideTranslatorPB.submitRequest(OzoneManagerProtocolServerSideTranslatorPB.java:100) [hadoop-ozone-ozone-manager-0.5.0-SNAPSHOT.jar:?]
	at org.apache.hadoop.ozone.protocol.proto.OzoneManagerProtocolProtos$OzoneManagerService$2.callBlockingMethod(OzoneManagerProtocolProtos.java) [hadoop-ozone-common-0.5.0-SNAPSHOT.jar:?]
	at org.apache.hadoop.ipc.ProtobufRpcEngine$Server$ProtoBufRpcInvoker.call(ProtobufRpcEngine.java:524) [hadoop-common-3.2.0.jar:?]
	at org.apache.hadoop.ipc.RPC$Server.call(RPC.java:1025) [hadoop-common-3.2.0.jar:?]
	at org.apache.hadoop.ipc.Server$RpcCall.run(Server.java:876) [hadoop-common-3.2.0.jar:?]
	at org.apache.hadoop.ipc.Server$RpcCall.run(Server.java:822) [hadoop-common-3.2.0.jar:?]
	at java.security.AccessController.doPrivileged(Native Method) [?:1.8.0_212]
	at javax.security.auth.Subject.doAs(Subject.java:422) [?:1.8.0_212]
	at org.apache.hadoop.security.UserGroupInformation.doAs(UserGroupInformation.java:1730) [hadoop-common-3.2.0.jar:?]
	at org.apache.hadoop.ipc.Server$Handler.run(Server.java:2682) [hadoop-common-3.2.0.jar:?]
2019-10-02 23:07:45,795 [IPC Server handler 8 on 37139] ERROR file.OMDirectoryCreateRequest (OMDirectoryCreateRequest.java:validateAndUpdateCache(212)) - CreateDirectory failed for Key: IgHWA in volume/bucket:qkaxfjxwem/fphlwhbitk
VOLUME_NOT_FOUND org.apache.hadoop.ozone.om.exceptions.OMException: Volume not found qkaxfjxwem
	at org.apache.hadoop.ozone.om.request.file.OMDirectoryCreateRequest.validateAndUpdateCache(OMDirectoryCreateRequest.java:146)
	at org.apache.hadoop.ozone.protocolPB.OzoneManagerProtocolServerSideTranslatorPB.submitRequestDirectlyToOM(OzoneManagerProtocolServerSideTranslatorPB.java:219)
	at org.apache.hadoop.ozone.protocolPB.OzoneManagerProtocolServerSideTranslatorPB.processRequest(OzoneManagerProtocolServerSideTranslatorPB.java:134)
	at org.apache.hadoop.hdds.server.OzoneProtocolMessageDispatcher.processRequest(OzoneProtocolMessageDispatcher.java:72)
	at org.apache.hadoop.ozone.protocolPB.OzoneManagerProtocolServerSideTranslatorPB.submitRequest(OzoneManagerProtocolServerSideTranslatorPB.java:100)
	at org.apache.hadoop.ozone.protocol.proto.OzoneManagerProtocolProtos$OzoneManagerService$2.callBlockingMethod(OzoneManagerProtocolProtos.java)
	at org.apache.hadoop.ipc.ProtobufRpcEngine$Server$ProtoBufRpcInvoker.call(ProtobufRpcEngine.java:524)
	at org.apache.hadoop.ipc.RPC$Server.call(RPC.java:1025)
	at org.apache.hadoop.ipc.Server$RpcCall.run(Server.java:876)
	at org.apache.hadoop.ipc.Server$RpcCall.run(Server.java:822)
	at java.security.AccessController.doPrivileged(Native Method)
	at javax.security.auth.Subject.doAs(Subject.java:422)
	at org.apache.hadoop.security.UserGroupInformation.doAs(UserGroupInformation.java:1730)
	at org.apache.hadoop.ipc.Server$Handler.run(Server.java:2682)
2019-10-02 23:07:45,796 [main] INFO  ozone.MiniOzoneClusterImpl (MiniOzoneClusterImpl.java:shutdown(314)) - Shutting down the Mini Ozone Cluster
2019-10-02 23:07:45,796 [main] INFO  ozone.MiniOzoneClusterImpl (MiniOzoneClusterImpl.java:stop(330)) - Stopping the Mini Ozone Cluster
2019-10-02 23:07:45,797 [main] INFO  ozone.MiniOzoneClusterImpl (MiniOzoneClusterImpl.java:stopOM(400)) - Stopping the OzoneManager
2019-10-02 23:07:45,797 [main] INFO  ipc.Server (Server.java:stop(3082)) - Stopping server on 37139
2019-10-02 23:07:45,805 [IPC Server listener on 37139] INFO  ipc.Server (Server.java:run(1185)) - Stopping IPC Server listener on 37139
2019-10-02 23:07:45,806 [main] INFO  ratis.OzoneManagerDoubleBuffer (OzoneManagerDoubleBuffer.java:stop(248)) - Stopping OMDoubleBuffer flush thread
2019-10-02 23:07:45,807 [IPC Server Responder] INFO  ipc.Server (Server.java:run(1319)) - Stopping IPC Server Responder
2019-10-02 23:07:45,813 [OMDoubleBufferFlushThread] INFO  ratis.OzoneManagerDoubleBuffer (OzoneManagerDoubleBuffer.java:flushTransactions(191)) - OMDoubleBuffer flush thread OMDoubleBufferFlushThread is interrupted and will exit. OMDoubleBufferFlushThread
2019-10-02 23:07:45,814 [main] INFO  utils.BackgroundService (BackgroundService.java:shutdown(148)) - Shutting down service KeyDeletingService
2019-10-02 23:07:45,815 [main] INFO  handler.ContextHandler (ContextHandler.java:doStop(910)) - Stopped o.e.j.w.WebAppContext@1d901f20{/,null,UNAVAILABLE}{/ozoneManager}
2019-10-02 23:07:45,816 [main] INFO  server.AbstractConnector (AbstractConnector.java:doStop(318)) - Stopped ServerConnector@6d08b4e6{HTTP/1.1,[http/1.1]}{0.0.0.0:0}
2019-10-02 23:07:45,816 [main] INFO  handler.ContextHandler (ContextHandler.java:doStop(910)) - Stopped o.e.j.s.ServletContextHandler@d257579{/static,jar:file:/home/user/.m2/repository/org/apache/hadoop/hadoop-ozone-ozone-manager/0.5.0-SNAPSHOT/hadoop-ozone-ozone-manager-0.5.0-SNAPSHOT.jar!/webapps/static,UNAVAILABLE}
2019-10-02 23:07:45,816 [main] INFO  handler.ContextHandler (ContextHandler.java:doStop(910)) - Stopped o.e.j.s.ServletContextHandler@3d0cac1f{/logs,file:///workdir/hadoop-ozone/ozonefs/target/log,UNAVAILABLE}
2019-10-02 23:07:45,818 [main] INFO  ozone.MiniOzoneClusterImpl (MiniOzoneClusterImpl.java:stopDatanodes(377)) - Stopping the HddsDatanodes
2019-10-02 23:07:46,551 [Datanode State Machine Thread - 0] INFO  statemachine.DatanodeStateMachine (DatanodeStateMachine.java:lambda$startDaemon$0(350)) - Ozone container server started.
2019-10-02 23:07:46,629 [Datanode State Machine Thread - 0] INFO  statemachine.DatanodeStateMachine (DatanodeStateMachine.java:lambda$startDaemon$0(350)) - Ozone container server started.
2019-10-02 23:07:47,560 [Thread-396] INFO  container.ReplicationManager (ReplicationManager.java:start(162)) - Starting Replication Monitor Thread.
2019-10-02 23:07:47,562 [ReplicationMonitor] INFO  container.ReplicationManager (ReplicationManager.java:run(225)) - Replication Monitor Thread took 0 milliseconds for processing 0 containers.
2019-10-02 23:07:49,750 [Thread-401] INFO  impl.FollowerState (FollowerState.java:run(108)) - 2b7ae62d-8532-4844-9319-c39bd6e647a8@group-B4354E60EEAF-FollowerState: change to CANDIDATE, lastRpcTime:5031ms, electionTimeout:5027ms
2019-10-02 23:07:49,750 [Thread-401] INFO  impl.RoleInfo (RoleInfo.java:shutdownFollowerState(121)) - 2b7ae62d-8532-4844-9319-c39bd6e647a8: shutdown FollowerState
2019-10-02 23:07:49,750 [Thread-401] INFO  impl.RaftServerImpl (RaftServerImpl.java:setRole(170)) - 2b7ae62d-8532-4844-9319-c39bd6e647a8@group-B4354E60EEAF: changes role from  FOLLOWER to CANDIDATE at term 0 for changeToCandidate
2019-10-02 23:07:49,750 [Thread-401] INFO  impl.RoleInfo (RoleInfo.java:updateAndGet(143)) - 2b7ae62d-8532-4844-9319-c39bd6e647a8: start LeaderElection
2019-10-02 23:07:49,768 [2b7ae62d-8532-4844-9319-c39bd6e647a8@group-B4354E60EEAF-LeaderElection8] INFO  impl.LeaderElection (LeaderElection.java:askForVotes(178)) - 2b7ae62d-8532-4844-9319-c39bd6e647a8@group-B4354E60EEAF-LeaderElection8: begin an election at term 1 for -1: [2b7ae62d-8532-4844-9319-c39bd6e647a8:192.168.30.30:41486], old=null
2019-10-02 23:07:49,769 [2b7ae62d-8532-4844-9319-c39bd6e647a8@group-B4354E60EEAF-LeaderElection8] INFO  impl.RoleInfo (RoleInfo.java:shutdownLeaderElection(134)) - 2b7ae62d-8532-4844-9319-c39bd6e647a8: shutdown LeaderElection
2019-10-02 23:07:49,769 [2b7ae62d-8532-4844-9319-c39bd6e647a8@group-B4354E60EEAF-LeaderElection8] INFO  impl.RaftServerImpl (RaftServerImpl.java:setRole(170)) - 2b7ae62d-8532-4844-9319-c39bd6e647a8@group-B4354E60EEAF: changes role from CANDIDATE to LEADER at term 1 for changeToLeader
2019-10-02 23:07:49,769 [2b7ae62d-8532-4844-9319-c39bd6e647a8@group-B4354E60EEAF-LeaderElection8] INFO  impl.RaftServerImpl (ServerState.java:setLeader(255)) - 2b7ae62d-8532-4844-9319-c39bd6e647a8@group-B4354E60EEAF: change Leader from null to 2b7ae62d-8532-4844-9319-c39bd6e647a8 at term 1 for becomeLeader, leader elected after 5060ms
2019-10-02 23:07:49,771 [2b7ae62d-8532-4844-9319-c39bd6e647a8@group-B4354E60EEAF-LeaderElection8] INFO  server.RaftServerConfigKeys (ConfUtils.java:logGet(43)) - raft.server.staging.catchup.gap = 1000 (default)
2019-10-02 23:07:49,771 [2b7ae62d-8532-4844-9319-c39bd6e647a8@group-B4354E60EEAF-LeaderElection8] INFO  server.RaftServerConfigKeys (ConfUtils.java:logGet(43)) - raft.server.rpc.sleep.time = 25ms (default)
2019-10-02 23:07:49,771 [2b7ae62d-8532-4844-9319-c39bd6e647a8@group-B4354E60EEAF-LeaderElection8] INFO  server.RaftServerConfigKeys (ConfUtils.java:logGet(43)) - raft.server.write.element-limit = 4096 (default)
2019-10-02 23:07:49,771 [2b7ae62d-8532-4844-9319-c39bd6e647a8@group-B4354E60EEAF-LeaderElection8] INFO  server.RaftServerConfigKeys (ConfUtils.java:logGet(43)) - raft.server.watch.timeout = 10s (default)
2019-10-02 23:07:49,771 [2b7ae62d-8532-4844-9319-c39bd6e647a8@group-B4354E60EEAF-LeaderElection8] INFO  server.RaftServerConfigKeys (ConfUtils.java:logGet(43)) - raft.server.watch.timeout.denomination = 1s (default)
2019-10-02 23:07:49,771 [2b7ae62d-8532-4844-9319-c39bd6e647a8@group-B4354E60EEAF-LeaderElection8] INFO  server.RaftServerConfigKeys (ConfUtils.java:logGet(43)) - raft.server.watch.element-limit = 65536 (default)
2019-10-02 23:07:49,773 [2b7ae62d-8532-4844-9319-c39bd6e647a8@group-B4354E60EEAF-LeaderElection8] INFO  impl.RoleInfo (RoleInfo.java:updateAndGet(143)) - 2b7ae62d-8532-4844-9319-c39bd6e647a8: start LeaderState
2019-10-02 23:07:49,774 [2b7ae62d-8532-4844-9319-c39bd6e647a8@group-B4354E60EEAF-LeaderElection8] INFO  segmented.SegmentedRaftLogWorker (SegmentedRaftLogWorker.java:startLogSegment(385)) - 2b7ae62d-8532-4844-9319-c39bd6e647a8@group-B4354E60EEAF-SegmentedRaftLogWorker: Starting segment from index:0
2019-10-02 23:07:49,774 [2b7ae62d-8532-4844-9319-c39bd6e647a8@group-B4354E60EEAF-LeaderElection8] INFO  impl.RaftServerImpl (ServerState.java:setRaftConf(356)) - 2b7ae62d-8532-4844-9319-c39bd6e647a8@group-B4354E60EEAF: set configuration 0: [2b7ae62d-8532-4844-9319-c39bd6e647a8:192.168.30.30:41486], old=null at 0
2019-10-02 23:07:49,810 [Thread-398] INFO  impl.FollowerState (FollowerState.java:run(108)) - 5c318f09-d9bf-4936-bb07-c3e48985fd03@group-0D20B1E6E2FB-FollowerState: change to CANDIDATE, lastRpcTime:5170ms, electionTimeout:5170ms
2019-10-02 23:07:49,810 [Thread-398] INFO  impl.RoleInfo (RoleInfo.java:shutdownFollowerState(121)) - 5c318f09-d9bf-4936-bb07-c3e48985fd03: shutdown FollowerState
2019-10-02 23:07:49,810 [Thread-398] INFO  impl.RaftServerImpl (RaftServerImpl.java:setRole(170)) - 5c318f09-d9bf-4936-bb07-c3e48985fd03@group-0D20B1E6E2FB: changes role from  FOLLOWER to CANDIDATE at term 0 for changeToCandidate
2019-10-02 23:07:49,810 [Thread-398] INFO  impl.RoleInfo (RoleInfo.java:updateAndGet(143)) - 5c318f09-d9bf-4936-bb07-c3e48985fd03: start LeaderElection
2019-10-02 23:07:49,821 [2b7ae62d-8532-4844-9319-c39bd6e647a8@group-B4354E60EEAF-SegmentedRaftLogWorker] INFO  segmented.SegmentedRaftLogWorker (SegmentedRaftLogWorker.java:execute(574)) - 2b7ae62d-8532-4844-9319-c39bd6e647a8@group-B4354E60EEAF-SegmentedRaftLogWorker: created new log segment /workdir/hadoop-ozone/ozonefs/target/test-dir/MiniOzoneClusterImpl-4e9c8d26-6cdc-4b5a-a9ff-e65f0db60a86/datanode-1/data/ratis/2412ba47-802a-4ae6-8f53-b4354e60eeaf/current/log_inprogress_0
2019-10-02 23:07:49,839 [5c318f09-d9bf-4936-bb07-c3e48985fd03@group-0D20B1E6E2FB-LeaderElection9] INFO  impl.LeaderElection (LeaderElection.java:askForVotes(178)) - 5c318f09-d9bf-4936-bb07-c3e48985fd03@group-0D20B1E6E2FB-LeaderElection9: begin an election at term 1 for -1: [5c318f09-d9bf-4936-bb07-c3e48985fd03:192.168.30.30:35413], old=null
2019-10-02 23:07:49,840 [5c318f09-d9bf-4936-bb07-c3e48985fd03@group-0D20B1E6E2FB-LeaderElection9] INFO  impl.RoleInfo (RoleInfo.java:shutdownLeaderElection(134)) - 5c318f09-d9bf-4936-bb07-c3e48985fd03: shutdown LeaderElection
2019-10-02 23:07:49,840 [5c318f09-d9bf-4936-bb07-c3e48985fd03@group-0D20B1E6E2FB-LeaderElection9] INFO  impl.RaftServerImpl (RaftServerImpl.java:setRole(170)) - 5c318f09-d9bf-4936-bb07-c3e48985fd03@group-0D20B1E6E2FB: changes role from CANDIDATE to LEADER at term 1 for changeToLeader
2019-10-02 23:07:49,840 [5c318f09-d9bf-4936-bb07-c3e48985fd03@group-0D20B1E6E2FB-LeaderElection9] INFO  impl.RaftServerImpl (ServerState.java:setLeader(255)) - 5c318f09-d9bf-4936-bb07-c3e48985fd03@group-0D20B1E6E2FB: change Leader from null to 5c318f09-d9bf-4936-bb07-c3e48985fd03 at term 1 for becomeLeader, leader elected after 5209ms
2019-10-02 23:07:49,842 [5c318f09-d9bf-4936-bb07-c3e48985fd03@group-0D20B1E6E2FB-LeaderElection9] INFO  server.RaftServerConfigKeys (ConfUtils.java:logGet(43)) - raft.server.staging.catchup.gap = 1000 (default)
2019-10-02 23:07:49,842 [5c318f09-d9bf-4936-bb07-c3e48985fd03@group-0D20B1E6E2FB-LeaderElection9] INFO  server.RaftServerConfigKeys (ConfUtils.java:logGet(43)) - raft.server.rpc.sleep.time = 25ms (default)
2019-10-02 23:07:49,843 [5c318f09-d9bf-4936-bb07-c3e48985fd03@group-0D20B1E6E2FB-LeaderElection9] INFO  server.RaftServerConfigKeys (ConfUtils.java:logGet(43)) - raft.server.write.element-limit = 4096 (default)
2019-10-02 23:07:49,843 [5c318f09-d9bf-4936-bb07-c3e48985fd03@group-0D20B1E6E2FB-LeaderElection9] INFO  server.RaftServerConfigKeys (ConfUtils.java:logGet(43)) - raft.server.watch.timeout = 10s (default)
2019-10-02 23:07:49,843 [5c318f09-d9bf-4936-bb07-c3e48985fd03@group-0D20B1E6E2FB-LeaderElection9] INFO  server.RaftServerConfigKeys (ConfUtils.java:logGet(43)) - raft.server.watch.timeout.denomination = 1s (default)
2019-10-02 23:07:49,843 [5c318f09-d9bf-4936-bb07-c3e48985fd03@group-0D20B1E6E2FB-LeaderElection9] INFO  server.RaftServerConfigKeys (ConfUtils.java:logGet(43)) - raft.server.watch.element-limit = 65536 (default)
2019-10-02 23:07:49,846 [5c318f09-d9bf-4936-bb07-c3e48985fd03@group-0D20B1E6E2FB-LeaderElection9] INFO  impl.RoleInfo (RoleInfo.java:updateAndGet(143)) - 5c318f09-d9bf-4936-bb07-c3e48985fd03: start LeaderState
2019-10-02 23:07:49,846 [5c318f09-d9bf-4936-bb07-c3e48985fd03@group-0D20B1E6E2FB-LeaderElection9] INFO  segmented.SegmentedRaftLogWorker (SegmentedRaftLogWorker.java:startLogSegment(385)) - 5c318f09-d9bf-4936-bb07-c3e48985fd03@group-0D20B1E6E2FB-SegmentedRaftLogWorker: Starting segment from index:0
2019-10-02 23:07:49,847 [5c318f09-d9bf-4936-bb07-c3e48985fd03@group-0D20B1E6E2FB-LeaderElection9] INFO  impl.RaftServerImpl (ServerState.java:setRaftConf(356)) - 5c318f09-d9bf-4936-bb07-c3e48985fd03@group-0D20B1E6E2FB: set configuration 0: [5c318f09-d9bf-4936-bb07-c3e48985fd03:192.168.30.30:35413], old=null at 0
2019-10-02 23:07:49,880 [Thread-404] INFO  impl.FollowerState (FollowerState.java:run(108)) - 12640581-7733-41aa-b510-7d6e19a5f881@group-558F2951BB2E-FollowerState: change to CANDIDATE, lastRpcTime:5087ms, electionTimeout:5087ms
2019-10-02 23:07:49,880 [Thread-404] INFO  impl.RoleInfo (RoleInfo.java:shutdownFollowerState(121)) - 12640581-7733-41aa-b510-7d6e19a5f881: shutdown FollowerState
2019-10-02 23:07:49,880 [Thread-404] INFO  impl.RaftServerImpl (RaftServerImpl.java:setRole(170)) - 12640581-7733-41aa-b510-7d6e19a5f881@group-558F2951BB2E: changes role from  FOLLOWER to CANDIDATE at term 0 for changeToCandidate
2019-10-02 23:07:49,881 [Thread-404] INFO  impl.RoleInfo (RoleInfo.java:updateAndGet(143)) - 12640581-7733-41aa-b510-7d6e19a5f881: start LeaderElection
2019-10-02 23:07:49,887 [5c318f09-d9bf-4936-bb07-c3e48985fd03@group-0D20B1E6E2FB-SegmentedRaftLogWorker] INFO  segmented.SegmentedRaftLogWorker (SegmentedRaftLogWorker.java:execute(574)) - 5c318f09-d9bf-4936-bb07-c3e48985fd03@group-0D20B1E6E2FB-SegmentedRaftLogWorker: created new log segment /workdir/hadoop-ozone/ozonefs/target/test-dir/MiniOzoneClusterImpl-4e9c8d26-6cdc-4b5a-a9ff-e65f0db60a86/datanode-0/data/ratis/0b03740e-5f32-4901-a07e-0d20b1e6e2fb/current/log_inprogress_0
2019-10-02 23:07:49,920 [12640581-7733-41aa-b510-7d6e19a5f881@group-558F2951BB2E-LeaderElection10] INFO  impl.LeaderElection (LeaderElection.java:askForVotes(178)) - 12640581-7733-41aa-b510-7d6e19a5f881@group-558F2951BB2E-LeaderElection10: begin an election at term 1 for -1: [12640581-7733-41aa-b510-7d6e19a5f881:192.168.30.30:36100], old=null
2019-10-02 23:07:49,920 [12640581-7733-41aa-b510-7d6e19a5f881@group-558F2951BB2E-LeaderElection10] INFO  impl.RoleInfo (RoleInfo.java:shutdownLeaderElection(134)) - 12640581-7733-41aa-b510-7d6e19a5f881: shutdown LeaderElection
2019-10-02 23:07:49,920 [12640581-7733-41aa-b510-7d6e19a5f881@group-558F2951BB2E-LeaderElection10] INFO  impl.RaftServerImpl (RaftServerImpl.java:setRole(170)) - 12640581-7733-41aa-b510-7d6e19a5f881@group-558F2951BB2E: changes role from CANDIDATE to LEADER at term 1 for changeToLeader
2019-10-02 23:07:49,920 [12640581-7733-41aa-b510-7d6e19a5f881@group-558F2951BB2E-LeaderElection10] INFO  impl.RaftServerImpl (ServerState.java:setLeader(255)) - 12640581-7733-41aa-b510-7d6e19a5f881@group-558F2951BB2E: change Leader from null to 12640581-7733-41aa-b510-7d6e19a5f881 at term 1 for becomeLeader, leader elected after 5134ms
2019-10-02 23:07:49,920 [12640581-7733-41aa-b510-7d6e19a5f881@group-558F2951BB2E-LeaderElection10] INFO  server.RaftServerConfigKeys (ConfUtils.java:logGet(43)) - raft.server.staging.catchup.gap = 1000 (default)
2019-10-02 23:07:49,921 [12640581-7733-41aa-b510-7d6e19a5f881@group-558F2951BB2E-LeaderElection10] INFO  server.RaftServerConfigKeys (ConfUtils.java:logGet(43)) - raft.server.rpc.sleep.time = 25ms (default)
2019-10-02 23:07:49,921 [12640581-7733-41aa-b510-7d6e19a5f881@group-558F2951BB2E-LeaderElection10] INFO  server.RaftServerConfigKeys (ConfUtils.java:logGet(43)) - raft.server.write.element-limit = 4096 (default)
2019-10-02 23:07:49,921 [12640581-7733-41aa-b510-7d6e19a5f881@group-558F2951BB2E-LeaderElection10] INFO  server.RaftServerConfigKeys (ConfUtils.java:logGet(43)) - raft.server.watch.timeout = 10s (default)
2019-10-02 23:07:49,921 [12640581-7733-41aa-b510-7d6e19a5f881@group-558F2951BB2E-LeaderElection10] INFO  server.RaftServerConfigKeys (ConfUtils.java:logGet(43)) - raft.server.watch.timeout.denomination = 1s (default)
2019-10-02 23:07:49,921 [12640581-7733-41aa-b510-7d6e19a5f881@group-558F2951BB2E-LeaderElection10] INFO  server.RaftServerConfigKeys (ConfUtils.java:logGet(43)) - raft.server.watch.element-limit = 65536 (default)
2019-10-02 23:07:49,924 [12640581-7733-41aa-b510-7d6e19a5f881@group-558F2951BB2E-LeaderElection10] INFO  impl.RoleInfo (RoleInfo.java:updateAndGet(143)) - 12640581-7733-41aa-b510-7d6e19a5f881: start LeaderState
2019-10-02 23:07:49,924 [12640581-7733-41aa-b510-7d6e19a5f881@group-558F2951BB2E-LeaderElection10] INFO  segmented.SegmentedRaftLogWorker (SegmentedRaftLogWorker.java:startLogSegment(385)) - 12640581-7733-41aa-b510-7d6e19a5f881@group-558F2951BB2E-SegmentedRaftLogWorker: Starting segment from index:0
2019-10-02 23:07:49,924 [12640581-7733-41aa-b510-7d6e19a5f881@group-558F2951BB2E-LeaderElection10] INFO  impl.RaftServerImpl (ServerState.java:setRaftConf(356)) - 12640581-7733-41aa-b510-7d6e19a5f881@group-558F2951BB2E: set configuration 0: [12640581-7733-41aa-b510-7d6e19a5f881:192.168.30.30:36100], old=null at 0
2019-10-02 23:07:49,952 [Thread-412] INFO  impl.FollowerState (FollowerState.java:run(108)) - 5c318f09-d9bf-4936-bb07-c3e48985fd03@group-C16411F6BFC6-FollowerState: change to CANDIDATE, lastRpcTime:5041ms, electionTimeout:5032ms
2019-10-02 23:07:49,952 [Thread-412] INFO  impl.RoleInfo (RoleInfo.java:shutdownFollowerState(121)) - 5c318f09-d9bf-4936-bb07-c3e48985fd03: shutdown FollowerState
2019-10-02 23:07:49,952 [Thread-412] INFO  impl.RaftServerImpl (RaftServerImpl.java:setRole(170)) - 5c318f09-d9bf-4936-bb07-c3e48985fd03@group-C16411F6BFC6: changes role from  FOLLOWER to CANDIDATE at term 0 for changeToCandidate
2019-10-02 23:07:49,952 [Thread-412] INFO  impl.RoleInfo (RoleInfo.java:updateAndGet(143)) - 5c318f09-d9bf-4936-bb07-c3e48985fd03: start LeaderElection
2019-10-02 23:07:49,966 [12640581-7733-41aa-b510-7d6e19a5f881@group-558F2951BB2E-SegmentedRaftLogWorker] INFO  segmented.SegmentedRaftLogWorker (SegmentedRaftLogWorker.java:execute(574)) - 12640581-7733-41aa-b510-7d6e19a5f881@group-558F2951BB2E-SegmentedRaftLogWorker: created new log segment /workdir/hadoop-ozone/ozonefs/target/test-dir/MiniOzoneClusterImpl-4e9c8d26-6cdc-4b5a-a9ff-e65f0db60a86/datanode-2/data/ratis/2c7ec3bb-db94-4cb2-8c50-558f2951bb2e/current/log_inprogress_0
2019-10-02 23:07:49,981 [5c318f09-d9bf-4936-bb07-c3e48985fd03@group-C16411F6BFC6-LeaderElection11] INFO  impl.LeaderElection (LeaderElection.java:askForVotes(178)) - 5c318f09-d9bf-4936-bb07-c3e48985fd03@group-C16411F6BFC6-LeaderElection11: begin an election at term 1 for -1: [5c318f09-d9bf-4936-bb07-c3e48985fd03:192.168.30.30:35413, 12640581-7733-41aa-b510-7d6e19a5f881:192.168.30.30:36100, 2b7ae62d-8532-4844-9319-c39bd6e647a8:192.168.30.30:41486], old=null
2019-10-02 23:07:50,004 [grpc-default-executor-2] INFO  impl.RaftServerImpl (RaftServerImpl.java:setRole(170)) - 2b7ae62d-8532-4844-9319-c39bd6e647a8@group-C16411F6BFC6: changes role from  FOLLOWER to FOLLOWER at term 1 for recognizeCandidate:5c318f09-d9bf-4936-bb07-c3e48985fd03
2019-10-02 23:07:50,004 [grpc-default-executor-1] INFO  impl.RaftServerImpl (RaftServerImpl.java:setRole(170)) - 12640581-7733-41aa-b510-7d6e19a5f881@group-C16411F6BFC6: changes role from  FOLLOWER to FOLLOWER at term 1 for recognizeCandidate:5c318f09-d9bf-4936-bb07-c3e48985fd03
2019-10-02 23:07:50,004 [grpc-default-executor-2] INFO  impl.RoleInfo (RoleInfo.java:shutdownFollowerState(121)) - 2b7ae62d-8532-4844-9319-c39bd6e647a8: shutdown FollowerState
2019-10-02 23:07:50,004 [grpc-default-executor-1] INFO  impl.RoleInfo (RoleInfo.java:shutdownFollowerState(121)) - 12640581-7733-41aa-b510-7d6e19a5f881: shutdown FollowerState
2019-10-02 23:07:50,005 [grpc-default-executor-2] INFO  impl.RoleInfo (RoleInfo.java:updateAndGet(143)) - 2b7ae62d-8532-4844-9319-c39bd6e647a8: start FollowerState
2019-10-02 23:07:50,005 [Thread-410] INFO  impl.FollowerState (FollowerState.java:run(117)) - 2b7ae62d-8532-4844-9319-c39bd6e647a8@group-C16411F6BFC6-FollowerState was interrupted: java.lang.InterruptedException: sleep interrupted
2019-10-02 23:07:50,005 [grpc-default-executor-1] INFO  impl.RoleInfo (RoleInfo.java:updateAndGet(143)) - 12640581-7733-41aa-b510-7d6e19a5f881: start FollowerState
2019-10-02 23:07:50,006 [Thread-409] INFO  impl.FollowerState (FollowerState.java:run(117)) - 12640581-7733-41aa-b510-7d6e19a5f881@group-C16411F6BFC6-FollowerState was interrupted: java.lang.InterruptedException: sleep interrupted
2019-10-02 23:07:50,038 [5c318f09-d9bf-4936-bb07-c3e48985fd03@group-C16411F6BFC6-LeaderElection11] INFO  impl.LeaderElection (LeaderElection.java:logAndReturn(56)) - 5c318f09-d9bf-4936-bb07-c3e48985fd03@group-C16411F6BFC6-LeaderElection11: Election PASSED; received 1 response(s) [5c318f09-d9bf-4936-bb07-c3e48985fd03<-12640581-7733-41aa-b510-7d6e19a5f881#0:OK-t1] and 0 exception(s); 5c318f09-d9bf-4936-bb07-c3e48985fd03@group-C16411F6BFC6:t1, leader=null, voted=5c318f09-d9bf-4936-bb07-c3e48985fd03, raftlog=5c318f09-d9bf-4936-bb07-c3e48985fd03@group-C16411F6BFC6-SegmentedRaftLog:OPENED:c-1,f-1,i0, conf=-1: [5c318f09-d9bf-4936-bb07-c3e48985fd03:192.168.30.30:35413, 12640581-7733-41aa-b510-7d6e19a5f881:192.168.30.30:36100, 2b7ae62d-8532-4844-9319-c39bd6e647a8:192.168.30.30:41486], old=null
2019-10-02 23:07:50,043 [5c318f09-d9bf-4936-bb07-c3e48985fd03@group-C16411F6BFC6-LeaderElection11] INFO  impl.RoleInfo (RoleInfo.java:shutdownLeaderElection(134)) - 5c318f09-d9bf-4936-bb07-c3e48985fd03: shutdown LeaderElection
2019-10-02 23:07:50,045 [5c318f09-d9bf-4936-bb07-c3e48985fd03@group-C16411F6BFC6-LeaderElection11] INFO  impl.RaftServerImpl (RaftServerImpl.java:setRole(170)) - 5c318f09-d9bf-4936-bb07-c3e48985fd03@group-C16411F6BFC6: changes role from CANDIDATE to LEADER at term 1 for changeToLeader
2019-10-02 23:07:50,045 [5c318f09-d9bf-4936-bb07-c3e48985fd03@group-C16411F6BFC6-LeaderElection11] INFO  impl.RaftServerImpl (ServerState.java:setLeader(255)) - 5c318f09-d9bf-4936-bb07-c3e48985fd03@group-C16411F6BFC6: change Leader from null to 5c318f09-d9bf-4936-bb07-c3e48985fd03 at term 1 for becomeLeader, leader elected after 5148ms
2019-10-02 23:07:50,045 [5c318f09-d9bf-4936-bb07-c3e48985fd03@group-C16411F6BFC6-LeaderElection11] INFO  server.RaftServerConfigKeys (ConfUtils.java:logGet(43)) - raft.server.staging.catchup.gap = 1000 (default)
2019-10-02 23:07:50,045 [5c318f09-d9bf-4936-bb07-c3e48985fd03@group-C16411F6BFC6-LeaderElection11] INFO  server.RaftServerConfigKeys (ConfUtils.java:logGet(43)) - raft.server.rpc.sleep.time = 25ms (default)
2019-10-02 23:07:50,046 [5c318f09-d9bf-4936-bb07-c3e48985fd03@group-C16411F6BFC6-LeaderElection11] INFO  server.RaftServerConfigKeys (ConfUtils.java:logGet(43)) - raft.server.write.element-limit = 4096 (default)
2019-10-02 23:07:50,046 [5c318f09-d9bf-4936-bb07-c3e48985fd03@group-C16411F6BFC6-LeaderElection11] INFO  server.RaftServerConfigKeys (ConfUtils.java:logGet(43)) - raft.server.watch.timeout = 10s (default)
2019-10-02 23:07:50,046 [5c318f09-d9bf-4936-bb07-c3e48985fd03@group-C16411F6BFC6-LeaderElection11] INFO  server.RaftServerConfigKeys (ConfUtils.java:logGet(43)) - raft.server.watch.timeout.denomination = 1s (default)
2019-10-02 23:07:50,046 [5c318f09-d9bf-4936-bb07-c3e48985fd03@group-C16411F6BFC6-LeaderElection11] INFO  server.RaftServerConfigKeys (ConfUtils.java:logGet(43)) - raft.server.watch.element-limit = 65536 (default)
2019-10-02 23:07:50,052 [5c318f09-d9bf-4936-bb07-c3e48985fd03@group-C16411F6BFC6-LeaderElection11] INFO  server.RaftServerConfigKeys (ConfUtils.java:logGet(43)) - raft.server.log.appender.snapshot.chunk.size.max = 16MB (=16777216) (default)
2019-10-02 23:07:50,052 [5c318f09-d9bf-4936-bb07-c3e48985fd03@group-C16411F6BFC6-LeaderElection11] INFO  server.RaftServerConfigKeys (ConfUtils.java:logGet(43)) - raft.server.log.appender.buffer.byte-limit = 33554432 (custom)
2019-10-02 23:07:50,053 [5c318f09-d9bf-4936-bb07-c3e48985fd03@group-C16411F6BFC6-LeaderElection11] INFO  server.RaftServerConfigKeys (ConfUtils.java:logGet(43)) - raft.server.log.appender.buffer.element-limit = 1 (custom)
2019-10-02 23:07:50,056 [5c318f09-d9bf-4936-bb07-c3e48985fd03@group-C16411F6BFC6-LeaderElection11] INFO  grpc.GrpcConfigKeys$Server (ConfUtils.java:logGet(43)) - raft.grpc.server.leader.outstanding.appends.max = 128 (default)
2019-10-02 23:07:50,058 [5c318f09-d9bf-4936-bb07-c3e48985fd03@group-C16411F6BFC6-LeaderElection11] INFO  server.RaftServerConfigKeys (ConfUtils.java:logGet(43)) - raft.server.rpc.request.timeout = 3000ms (default)
2019-10-02 23:07:50,058 [5c318f09-d9bf-4936-bb07-c3e48985fd03@group-C16411F6BFC6-LeaderElection11] INFO  server.RaftServerConfigKeys (ConfUtils.java:logGet(43)) - raft.server.log.appender.install.snapshot.enabled = false (custom)
2019-10-02 23:07:50,059 [5c318f09-d9bf-4936-bb07-c3e48985fd03@group-C16411F6BFC6-LeaderElection11] INFO  server.RaftServerConfigKeys (ConfUtils.java:logGet(43)) - raft.server.log.appender.snapshot.chunk.size.max = 16MB (=16777216) (default)
2019-10-02 23:07:50,059 [5c318f09-d9bf-4936-bb07-c3e48985fd03@group-C16411F6BFC6-LeaderElection11] INFO  server.RaftServerConfigKeys (ConfUtils.java:logGet(43)) - raft.server.log.appender.buffer.byte-limit = 33554432 (custom)
2019-10-02 23:07:50,059 [5c318f09-d9bf-4936-bb07-c3e48985fd03@group-C16411F6BFC6-LeaderElection11] INFO  server.RaftServerConfigKeys (ConfUtils.java:logGet(43)) - raft.server.log.appender.buffer.element-limit = 1 (custom)
2019-10-02 23:07:50,060 [5c318f09-d9bf-4936-bb07-c3e48985fd03@group-C16411F6BFC6-LeaderElection11] INFO  grpc.GrpcConfigKeys$Server (ConfUtils.java:logGet(43)) - raft.grpc.server.leader.outstanding.appends.max = 128 (default)
2019-10-02 23:07:50,060 [5c318f09-d9bf-4936-bb07-c3e48985fd03@group-C16411F6BFC6-LeaderElection11] INFO  server.RaftServerConfigKeys (ConfUtils.java:logGet(43)) - raft.server.rpc.request.timeout = 3000ms (default)
2019-10-02 23:07:50,060 [5c318f09-d9bf-4936-bb07-c3e48985fd03@group-C16411F6BFC6-LeaderElection11] INFO  server.RaftServerConfigKeys (ConfUtils.java:logGet(43)) - raft.server.log.appender.install.snapshot.enabled = false (custom)
2019-10-02 23:07:50,063 [5c318f09-d9bf-4936-bb07-c3e48985fd03@group-C16411F6BFC6-LeaderElection11] INFO  impl.RoleInfo (RoleInfo.java:updateAndGet(143)) - 5c318f09-d9bf-4936-bb07-c3e48985fd03: start LeaderState
2019-10-02 23:07:50,063 [5c318f09-d9bf-4936-bb07-c3e48985fd03@group-C16411F6BFC6-LeaderElection11] INFO  segmented.SegmentedRaftLogWorker (SegmentedRaftLogWorker.java:startLogSegment(385)) - 5c318f09-d9bf-4936-bb07-c3e48985fd03@group-C16411F6BFC6-SegmentedRaftLogWorker: Starting segment from index:0
2019-10-02 23:07:50,065 [5c318f09-d9bf-4936-bb07-c3e48985fd03@group-C16411F6BFC6-LeaderElection11] INFO  impl.RaftServerImpl (ServerState.java:setRaftConf(356)) - 5c318f09-d9bf-4936-bb07-c3e48985fd03@group-C16411F6BFC6: set configuration 0: [5c318f09-d9bf-4936-bb07-c3e48985fd03:192.168.30.30:35413, 12640581-7733-41aa-b510-7d6e19a5f881:192.168.30.30:36100, 2b7ae62d-8532-4844-9319-c39bd6e647a8:192.168.30.30:41486], old=null at 0
2019-10-02 23:07:50,107 [5c318f09-d9bf-4936-bb07-c3e48985fd03@group-C16411F6BFC6-SegmentedRaftLogWorker] INFO  segmented.SegmentedRaftLogWorker (SegmentedRaftLogWorker.java:execute(574)) - 5c318f09-d9bf-4936-bb07-c3e48985fd03@group-C16411F6BFC6-SegmentedRaftLogWorker: created new log segment /workdir/hadoop-ozone/ozonefs/target/test-dir/MiniOzoneClusterImpl-4e9c8d26-6cdc-4b5a-a9ff-e65f0db60a86/datanode-0/data/ratis/b5f6497c-f238-496e-9a49-c16411f6bfc6/current/log_inprogress_0
2019-10-02 23:07:50,113 [grpc-default-executor-2] INFO  impl.RaftServerImpl (ServerState.java:setLeader(255)) - 2b7ae62d-8532-4844-9319-c39bd6e647a8@group-C16411F6BFC6: change Leader from null to 5c318f09-d9bf-4936-bb07-c3e48985fd03 at term 1 for appendEntries, leader elected after 5215ms
2019-10-02 23:07:50,113 [grpc-default-executor-1] INFO  impl.RaftServerImpl (ServerState.java:setLeader(255)) - 12640581-7733-41aa-b510-7d6e19a5f881@group-C16411F6BFC6: change Leader from null to 5c318f09-d9bf-4936-bb07-c3e48985fd03 at term 1 for appendEntries, leader elected after 5216ms
2019-10-02 23:07:50,146 [grpc-default-executor-1] INFO  impl.RaftServerImpl (ServerState.java:setRaftConf(356)) - 12640581-7733-41aa-b510-7d6e19a5f881@group-C16411F6BFC6: set configuration 0: [5c318f09-d9bf-4936-bb07-c3e48985fd03:192.168.30.30:35413, 12640581-7733-41aa-b510-7d6e19a5f881:192.168.30.30:36100, 2b7ae62d-8532-4844-9319-c39bd6e647a8:192.168.30.30:41486], old=null at 0
2019-10-02 23:07:50,146 [grpc-default-executor-1] INFO  segmented.SegmentedRaftLogWorker (SegmentedRaftLogWorker.java:startLogSegment(385)) - 12640581-7733-41aa-b510-7d6e19a5f881@group-C16411F6BFC6-SegmentedRaftLogWorker: Starting segment from index:0
2019-10-02 23:07:50,147 [grpc-default-executor-2] INFO  impl.RaftServerImpl (ServerState.java:setRaftConf(356)) - 2b7ae62d-8532-4844-9319-c39bd6e647a8@group-C16411F6BFC6: set configuration 0: [5c318f09-d9bf-4936-bb07-c3e48985fd03:192.168.30.30:35413, 12640581-7733-41aa-b510-7d6e19a5f881:192.168.30.30:36100, 2b7ae62d-8532-4844-9319-c39bd6e647a8:192.168.30.30:41486], old=null at 0
2019-10-02 23:07:50,147 [grpc-default-executor-2] INFO  segmented.SegmentedRaftLogWorker (SegmentedRaftLogWorker.java:startLogSegment(385)) - 2b7ae62d-8532-4844-9319-c39bd6e647a8@group-C16411F6BFC6-SegmentedRaftLogWorker: Starting segment from index:0
2019-10-02 23:07:50,189 [12640581-7733-41aa-b510-7d6e19a5f881@group-C16411F6BFC6-SegmentedRaftLogWorker] INFO  segmented.SegmentedRaftLogWorker (SegmentedRaftLogWorker.java:execute(574)) - 12640581-7733-41aa-b510-7d6e19a5f881@group-C16411F6BFC6-SegmentedRaftLogWorker: created new log segment /workdir/hadoop-ozone/ozonefs/target/test-dir/MiniOzoneClusterImpl-4e9c8d26-6cdc-4b5a-a9ff-e65f0db60a86/datanode-2/data/ratis/b5f6497c-f238-496e-9a49-c16411f6bfc6/current/log_inprogress_0
2019-10-02 23:07:50,189 [2b7ae62d-8532-4844-9319-c39bd6e647a8@group-C16411F6BFC6-SegmentedRaftLogWorker] INFO  segmented.SegmentedRaftLogWorker (SegmentedRaftLogWorker.java:execute(574)) - 2b7ae62d-8532-4844-9319-c39bd6e647a8@group-C16411F6BFC6-SegmentedRaftLogWorker: created new log segment /workdir/hadoop-ozone/ozonefs/target/test-dir/MiniOzoneClusterImpl-4e9c8d26-6cdc-4b5a-a9ff-e65f0db60a86/datanode-1/data/ratis/b5f6497c-f238-496e-9a49-c16411f6bfc6/current/log_inprogress_0
2019-10-02 23:07:50,819 [ForkJoinPool.commonPool-worker-1] INFO  ozoneimpl.OzoneContainer (OzoneContainer.java:stop(231)) - Attempting to stop container services.
2019-10-02 23:07:50,819 [ForkJoinPool.commonPool-worker-1] INFO  impl.RaftServerProxy (RaftServerProxy.java:lambda$close$4(314)) - 5c318f09-d9bf-4936-bb07-c3e48985fd03: close
2019-10-02 23:07:50,819 [ForkJoinPool.commonPool-worker-1] INFO  impl.RaftServerImpl (RaftServerImpl.java:lambda$shutdown$3(247)) - 5c318f09-d9bf-4936-bb07-c3e48985fd03@group-C16411F6BFC6: shutdown
2019-10-02 23:07:50,820 [ForkJoinPool.commonPool-worker-1] INFO  util.JmxRegister (JmxRegister.java:unregister(73)) - Successfully un-registered JMX Bean with object name Ratis:service=RaftServer,group=group-C16411F6BFC6,id=5c318f09-d9bf-4936-bb07-c3e48985fd03
2019-10-02 23:07:50,819 [main] INFO  ozoneimpl.OzoneContainer (OzoneContainer.java:stop(231)) - Attempting to stop container services.
2019-10-02 23:07:50,820 [ForkJoinPool.commonPool-worker-1] INFO  impl.RoleInfo (RoleInfo.java:shutdownLeaderState(104)) - 5c318f09-d9bf-4936-bb07-c3e48985fd03: shutdown LeaderState
2019-10-02 23:07:50,823 [org.apache.ratis.server.impl.LogAppender$AppenderDaemon$$Lambda$470/1572914781@70e0254c] WARN  server.GrpcLogAppender (GrpcLogAppender.java:mayWait(143)) - 5c318f09-d9bf-4936-bb07-c3e48985fd03@group-C16411F6BFC6->2b7ae62d-8532-4844-9319-c39bd6e647a8-GrpcLogAppender: Wait interrupted by java.lang.InterruptedException
2019-10-02 23:07:50,823 [ForkJoinPool.commonPool-worker-1] INFO  impl.PendingRequests (PendingRequests.java:sendNotLeaderResponses(202)) - 5c318f09-d9bf-4936-bb07-c3e48985fd03@group-C16411F6BFC6-PendingRequests: sendNotLeaderResponses
2019-10-02 23:07:50,824 [ForkJoinPool.commonPool-worker-1] INFO  impl.StateMachineUpdater (StateMachineUpdater.java:stopAndJoin(136)) - 5c318f09-d9bf-4936-bb07-c3e48985fd03@group-C16411F6BFC6-StateMachineUpdater: set stopIndex = 0
2019-10-02 23:07:50,828 [ForkJoinPool.commonPool-worker-1] INFO  impl.RaftServerImpl (ServerState.java:close(387)) - 5c318f09-d9bf-4936-bb07-c3e48985fd03@group-C16411F6BFC6: closes. applyIndex: 0
2019-10-02 23:07:50,828 [main] INFO  impl.RaftServerProxy (RaftServerProxy.java:lambda$close$4(314)) - 2b7ae62d-8532-4844-9319-c39bd6e647a8: close
2019-10-02 23:07:50,828 [org.apache.ratis.server.impl.LogAppender$AppenderDaemon$$Lambda$470/1572914781@9eb5def] WARN  server.GrpcLogAppender (GrpcLogAppender.java:mayWait(143)) - 5c318f09-d9bf-4936-bb07-c3e48985fd03@group-C16411F6BFC6->12640581-7733-41aa-b510-7d6e19a5f881-GrpcLogAppender: Wait interrupted by java.lang.InterruptedException
2019-10-02 23:07:50,828 [5c318f09-d9bf-4936-bb07-c3e48985fd03@group-C16411F6BFC6-SegmentedRaftLogWorker] INFO  segmented.SegmentedRaftLogWorker (SegmentedRaftLogWorker.java:run(316)) - 5c318f09-d9bf-4936-bb07-c3e48985fd03@group-C16411F6BFC6-SegmentedRaftLogWorker was interrupted, exiting. There are 0 tasks remaining in the queue.
2019-10-02 23:07:50,830 [main] INFO  impl.RaftServerImpl (RaftServerImpl.java:lambda$shutdown$3(247)) - 2b7ae62d-8532-4844-9319-c39bd6e647a8@group-B4354E60EEAF: shutdown
2019-10-02 23:07:50,832 [ForkJoinPool.commonPool-worker-1] INFO  segmented.SegmentedRaftLogWorker (SegmentedRaftLogWorker.java:close(224)) - 5c318f09-d9bf-4936-bb07-c3e48985fd03@group-C16411F6BFC6-SegmentedRaftLogWorker close()
2019-10-02 23:07:50,832 [main] INFO  util.JmxRegister (JmxRegister.java:unregister(73)) - Successfully un-registered JMX Bean with object name Ratis:service=RaftServer,group=group-B4354E60EEAF,id=2b7ae62d-8532-4844-9319-c39bd6e647a8
2019-10-02 23:07:50,834 [ForkJoinPool.commonPool-worker-1] INFO  impl.RaftServerImpl (RaftServerImpl.java:lambda$shutdown$3(247)) - 5c318f09-d9bf-4936-bb07-c3e48985fd03@group-0D20B1E6E2FB: shutdown
2019-10-02 23:07:50,834 [ForkJoinPool.commonPool-worker-1] INFO  util.JmxRegister (JmxRegister.java:unregister(73)) - Successfully un-registered JMX Bean with object name Ratis:service=RaftServer,group=group-0D20B1E6E2FB,id=5c318f09-d9bf-4936-bb07-c3e48985fd03
2019-10-02 23:07:50,834 [main] INFO  impl.RoleInfo (RoleInfo.java:shutdownLeaderState(104)) - 2b7ae62d-8532-4844-9319-c39bd6e647a8: shutdown LeaderState
2019-10-02 23:07:50,836 [main] INFO  impl.PendingRequests (PendingRequests.java:sendNotLeaderResponses(202)) - 2b7ae62d-8532-4844-9319-c39bd6e647a8@group-B4354E60EEAF-PendingRequests: sendNotLeaderResponses
2019-10-02 23:07:50,835 [ForkJoinPool.commonPool-worker-1] INFO  impl.RoleInfo (RoleInfo.java:shutdownLeaderState(104)) - 5c318f09-d9bf-4936-bb07-c3e48985fd03: shutdown LeaderState
2019-10-02 23:07:50,834 [grpc-default-executor-2] INFO  server.GrpcServerProtocolService (GrpcServerProtocolService.java:onCompleted(113)) - 2b7ae62d-8532-4844-9319-c39bd6e647a8: Completed APPEND_ENTRIES, lastRequest: 5c318f09-d9bf-4936-bb07-c3e48985fd03->2b7ae62d-8532-4844-9319-c39bd6e647a8#1-t1, previous=(t:0, i:0), leaderCommit=0, initializing? false, entries: size=1, first=(t:1, i:0), CONFIGURATIONENTRY
2019-10-02 23:07:50,834 [grpc-default-executor-1] INFO  server.GrpcServerProtocolService (GrpcServerProtocolService.java:onCompleted(113)) - 12640581-7733-41aa-b510-7d6e19a5f881: Completed APPEND_ENTRIES, lastRequest: 5c318f09-d9bf-4936-bb07-c3e48985fd03->12640581-7733-41aa-b510-7d6e19a5f881#1-t1, previous=(t:0, i:0), leaderCommit=0, initializing? false, entries: size=1, first=(t:1, i:0), CONFIGURATIONENTRY
2019-10-02 23:07:50,837 [ForkJoinPool.commonPool-worker-1] INFO  impl.PendingRequests (PendingRequests.java:sendNotLeaderResponses(202)) - 5c318f09-d9bf-4936-bb07-c3e48985fd03@group-0D20B1E6E2FB-PendingRequests: sendNotLeaderResponses
2019-10-02 23:07:50,837 [ForkJoinPool.commonPool-worker-1] INFO  impl.StateMachineUpdater (StateMachineUpdater.java:stopAndJoin(136)) - 5c318f09-d9bf-4936-bb07-c3e48985fd03@group-0D20B1E6E2FB-StateMachineUpdater: set stopIndex = 0
2019-10-02 23:07:50,838 [main] INFO  impl.StateMachineUpdater (StateMachineUpdater.java:stopAndJoin(136)) - 2b7ae62d-8532-4844-9319-c39bd6e647a8@group-B4354E60EEAF-StateMachineUpdater: set stopIndex = 0
2019-10-02 23:07:50,838 [grpc-default-executor-2] INFO  server.GrpcLogAppender (GrpcLogAppender.java:onCompleted(293)) - 5c318f09-d9bf-4936-bb07-c3e48985fd03@group-C16411F6BFC6->2b7ae62d-8532-4844-9319-c39bd6e647a8-AppendLogResponseHandler: follower responses appendEntries COMPLETED
2019-10-02 23:07:50,841 [grpc-default-executor-3] INFO  server.GrpcLogAppender (GrpcLogAppender.java:onCompleted(293)) - 5c318f09-d9bf-4936-bb07-c3e48985fd03@group-C16411F6BFC6->12640581-7733-41aa-b510-7d6e19a5f881-AppendLogResponseHandler: follower responses appendEntries COMPLETED
2019-10-02 23:07:50,841 [main] INFO  impl.RaftServerImpl (ServerState.java:close(387)) - 2b7ae62d-8532-4844-9319-c39bd6e647a8@group-B4354E60EEAF: closes. applyIndex: 0
2019-10-02 23:07:50,841 [ForkJoinPool.commonPool-worker-1] INFO  impl.RaftServerImpl (ServerState.java:close(387)) - 5c318f09-d9bf-4936-bb07-c3e48985fd03@group-0D20B1E6E2FB: closes. applyIndex: 0
2019-10-02 23:07:50,841 [2b7ae62d-8532-4844-9319-c39bd6e647a8@group-B4354E60EEAF-SegmentedRaftLogWorker] INFO  segmented.SegmentedRaftLogWorker (SegmentedRaftLogWorker.java:run(316)) - 2b7ae62d-8532-4844-9319-c39bd6e647a8@group-B4354E60EEAF-SegmentedRaftLogWorker was interrupted, exiting. There are 0 tasks remaining in the queue.
2019-10-02 23:07:50,844 [5c318f09-d9bf-4936-bb07-c3e48985fd03@group-0D20B1E6E2FB-SegmentedRaftLogWorker] INFO  segmented.SegmentedRaftLogWorker (SegmentedRaftLogWorker.java:run(316)) - 5c318f09-d9bf-4936-bb07-c3e48985fd03@group-0D20B1E6E2FB-SegmentedRaftLogWorker was interrupted, exiting. There are 0 tasks remaining in the queue.
2019-10-02 23:07:50,844 [main] INFO  segmented.SegmentedRaftLogWorker (SegmentedRaftLogWorker.java:close(224)) - 2b7ae62d-8532-4844-9319-c39bd6e647a8@group-B4354E60EEAF-SegmentedRaftLogWorker close()
2019-10-02 23:07:50,844 [grpc-default-executor-2] INFO  impl.FollowerInfo (FollowerInfo.java:lambda$new$0(51)) - 5c318f09-d9bf-4936-bb07-c3e48985fd03@group-C16411F6BFC6->2b7ae62d-8532-4844-9319-c39bd6e647a8: nextIndex: updateUnconditionally 1 -> 0
2019-10-02 23:07:50,846 [ForkJoinPool.commonPool-worker-1] INFO  segmented.SegmentedRaftLogWorker (SegmentedRaftLogWorker.java:close(224)) - 5c318f09-d9bf-4936-bb07-c3e48985fd03@group-0D20B1E6E2FB-SegmentedRaftLogWorker close()
2019-10-02 23:07:50,846 [main] INFO  impl.RaftServerImpl (RaftServerImpl.java:lambda$shutdown$3(247)) - 2b7ae62d-8532-4844-9319-c39bd6e647a8@group-C16411F6BFC6: shutdown
2019-10-02 23:07:50,848 [main] INFO  util.JmxRegister (JmxRegister.java:unregister(73)) - Successfully un-registered JMX Bean with object name Ratis:service=RaftServer,group=group-C16411F6BFC6,id=2b7ae62d-8532-4844-9319-c39bd6e647a8
2019-10-02 23:07:50,850 [main] INFO  impl.RoleInfo (RoleInfo.java:shutdownFollowerState(121)) - 2b7ae62d-8532-4844-9319-c39bd6e647a8: shutdown FollowerState
2019-10-02 23:07:50,850 [main] INFO  impl.StateMachineUpdater (StateMachineUpdater.java:stopAndJoin(136)) - 2b7ae62d-8532-4844-9319-c39bd6e647a8@group-C16411F6BFC6-StateMachineUpdater: set stopIndex = 0
2019-10-02 23:07:50,850 [Thread-428] INFO  impl.FollowerState (FollowerState.java:run(117)) - 2b7ae62d-8532-4844-9319-c39bd6e647a8@group-C16411F6BFC6-FollowerState was interrupted: java.lang.InterruptedException: sleep interrupted
2019-10-02 23:07:50,854 [ForkJoinPool.commonPool-worker-1] INFO  server.GrpcService (GrpcService.java:closeImpl(164)) - 5c318f09-d9bf-4936-bb07-c3e48985fd03: shutdown server with port 35413 now
2019-10-02 23:07:50,856 [ForkJoinPool.commonPool-worker-1] INFO  server.GrpcService (GrpcService.java:closeImpl(172)) - 5c318f09-d9bf-4936-bb07-c3e48985fd03: shutdown server with port 35413 successfully
2019-10-02 23:07:50,851 [grpc-default-executor-3] INFO  impl.FollowerInfo (FollowerInfo.java:lambda$new$0(51)) - 5c318f09-d9bf-4936-bb07-c3e48985fd03@group-C16411F6BFC6->12640581-7733-41aa-b510-7d6e19a5f881: nextIndex: updateUnconditionally 1 -> 0
2019-10-02 23:07:50,857 [main] INFO  impl.RaftServerImpl (ServerState.java:close(387)) - 2b7ae62d-8532-4844-9319-c39bd6e647a8@group-C16411F6BFC6: closes. applyIndex: 0
2019-10-02 23:07:50,857 [2b7ae62d-8532-4844-9319-c39bd6e647a8@group-C16411F6BFC6-SegmentedRaftLogWorker] INFO  segmented.SegmentedRaftLogWorker (SegmentedRaftLogWorker.java:run(316)) - 2b7ae62d-8532-4844-9319-c39bd6e647a8@group-C16411F6BFC6-SegmentedRaftLogWorker was interrupted, exiting. There are 0 tasks remaining in the queue.
2019-10-02 23:07:50,857 [refreshUsed-/workdir/hadoop-ozone/ozonefs/target/test-dir/MiniOzoneClusterImpl-4e9c8d26-6cdc-4b5a-a9ff-e65f0db60a86/datanode-0/data/containers] WARN  fs.CachingGetSpaceUsed (CachingGetSpaceUsed.java:run(183)) - Thread Interrupted waiting to refresh disk information: sleep interrupted
2019-10-02 23:07:50,859 [main] INFO  segmented.SegmentedRaftLogWorker (SegmentedRaftLogWorker.java:close(224)) - 2b7ae62d-8532-4844-9319-c39bd6e647a8@group-C16411F6BFC6-SegmentedRaftLogWorker close()
2019-10-02 23:07:50,865 [main] INFO  server.GrpcService (GrpcService.java:closeImpl(164)) - 2b7ae62d-8532-4844-9319-c39bd6e647a8: shutdown server with port 41486 now
2019-10-02 23:07:50,865 [main] INFO  server.GrpcService (GrpcService.java:closeImpl(172)) - 2b7ae62d-8532-4844-9319-c39bd6e647a8: shutdown server with port 41486 successfully
2019-10-02 23:07:50,867 [refreshUsed-/workdir/hadoop-ozone/ozonefs/target/test-dir/MiniOzoneClusterImpl-4e9c8d26-6cdc-4b5a-a9ff-e65f0db60a86/datanode-1/data/containers] WARN  fs.CachingGetSpaceUsed (CachingGetSpaceUsed.java:run(183)) - Thread Interrupted waiting to refresh disk information: sleep interrupted
2019-10-02 23:07:50,883 [ForkJoinPool.commonPool-worker-1] INFO  utils.BackgroundService (BackgroundService.java:shutdown(148)) - Shutting down service BlockDeletingService
2019-10-02 23:07:50,895 [ForkJoinPool.commonPool-worker-1] INFO  statemachine.DatanodeStateMachine (DatanodeStateMachine.java:stopDaemon(395)) - Ozone container server stopped.
2019-10-02 23:07:50,899 [ForkJoinPool.commonPool-worker-1] INFO  handler.ContextHandler (ContextHandler.java:doStop(910)) - Stopped o.e.j.w.WebAppContext@68699afc{/,null,UNAVAILABLE}{/hddsDatanode}
2019-10-02 23:07:50,900 [ForkJoinPool.commonPool-worker-1] INFO  server.AbstractConnector (AbstractConnector.java:doStop(318)) - Stopped ServerConnector@273a5a8a{HTTP/1.1,[http/1.1]}{0.0.0.0:0}
2019-10-02 23:07:50,901 [ForkJoinPool.commonPool-worker-1] INFO  handler.ContextHandler (ContextHandler.java:doStop(910)) - Stopped o.e.j.s.ServletContextHandler@7d17ee50{/static,jar:file:/home/user/.m2/repository/org/apache/hadoop/hadoop-hdds-container-service/0.5.0-SNAPSHOT/hadoop-hdds-container-service-0.5.0-SNAPSHOT.jar!/webapps/static,UNAVAILABLE}
2019-10-02 23:07:50,902 [ForkJoinPool.commonPool-worker-1] INFO  handler.ContextHandler (ContextHandler.java:doStop(910)) - Stopped o.e.j.s.ServletContextHandler@3f5156a6{/logs,file:///workdir/hadoop-ozone/ozonefs/target/log,UNAVAILABLE}
2019-10-02 23:07:50,902 [main] INFO  utils.BackgroundService (BackgroundService.java:shutdown(148)) - Shutting down service BlockDeletingService
2019-10-02 23:07:50,905 [main] INFO  statemachine.DatanodeStateMachine (DatanodeStateMachine.java:stopDaemon(395)) - Ozone container server stopped.
2019-10-02 23:07:50,906 [main] INFO  handler.ContextHandler (ContextHandler.java:doStop(910)) - Stopped o.e.j.w.WebAppContext@3eb292cd{/,null,UNAVAILABLE}{/hddsDatanode}
2019-10-02 23:07:50,907 [main] INFO  server.AbstractConnector (AbstractConnector.java:doStop(318)) - Stopped ServerConnector@7fd987ef{HTTP/1.1,[http/1.1]}{0.0.0.0:0}
2019-10-02 23:07:50,907 [main] INFO  handler.ContextHandler (ContextHandler.java:doStop(910)) - Stopped o.e.j.s.ServletContextHandler@3252747e{/static,jar:file:/home/user/.m2/repository/org/apache/hadoop/hadoop-hdds-container-service/0.5.0-SNAPSHOT/hadoop-hdds-container-service-0.5.0-SNAPSHOT.jar!/webapps/static,UNAVAILABLE}
2019-10-02 23:07:50,908 [main] INFO  handler.ContextHandler (ContextHandler.java:doStop(910)) - Stopped o.e.j.s.ServletContextHandler@631cb129{/logs,file:///workdir/hadoop-ozone/ozonefs/target/log,UNAVAILABLE}
2019-10-02 23:07:51,710 [Datanode State Machine Thread - 0] INFO  statemachine.DatanodeStateMachine (DatanodeStateMachine.java:lambda$startDaemon$0(350)) - Ozone container server started.
2019-10-02 23:07:55,903 [ForkJoinPool.commonPool-worker-1] INFO  ozoneimpl.OzoneContainer (OzoneContainer.java:stop(231)) - Attempting to stop container services.
2019-10-02 23:07:55,904 [ForkJoinPool.commonPool-worker-1] INFO  impl.RaftServerProxy (RaftServerProxy.java:lambda$close$4(314)) - 12640581-7733-41aa-b510-7d6e19a5f881: close
2019-10-02 23:07:55,904 [ForkJoinPool.commonPool-worker-1] INFO  impl.RaftServerImpl (RaftServerImpl.java:lambda$shutdown$3(247)) - 12640581-7733-41aa-b510-7d6e19a5f881@group-C16411F6BFC6: shutdown
2019-10-02 23:07:55,904 [ForkJoinPool.commonPool-worker-1] INFO  util.JmxRegister (JmxRegister.java:unregister(73)) - Successfully un-registered JMX Bean with object name Ratis:service=RaftServer,group=group-C16411F6BFC6,id=12640581-7733-41aa-b510-7d6e19a5f881
2019-10-02 23:07:55,904 [ForkJoinPool.commonPool-worker-1] INFO  impl.RoleInfo (RoleInfo.java:shutdownFollowerState(121)) - 12640581-7733-41aa-b510-7d6e19a5f881: shutdown FollowerState
2019-10-02 23:07:55,904 [ForkJoinPool.commonPool-worker-1] INFO  impl.StateMachineUpdater (StateMachineUpdater.java:stopAndJoin(136)) - 12640581-7733-41aa-b510-7d6e19a5f881@group-C16411F6BFC6-StateMachineUpdater: set stopIndex = 0
2019-10-02 23:07:55,904 [Thread-429] INFO  impl.FollowerState (FollowerState.java:run(117)) - 12640581-7733-41aa-b510-7d6e19a5f881@group-C16411F6BFC6-FollowerState was interrupted: java.lang.InterruptedException: sleep interrupted
2019-10-02 23:07:55,906 [ForkJoinPool.commonPool-worker-1] INFO  impl.RaftServerImpl (ServerState.java:close(387)) - 12640581-7733-41aa-b510-7d6e19a5f881@group-C16411F6BFC6: closes. applyIndex: 0
2019-10-02 23:07:55,907 [12640581-7733-41aa-b510-7d6e19a5f881@group-C16411F6BFC6-SegmentedRaftLogWorker] INFO  segmented.SegmentedRaftLogWorker (SegmentedRaftLogWorker.java:run(316)) - 12640581-7733-41aa-b510-7d6e19a5f881@group-C16411F6BFC6-SegmentedRaftLogWorker was interrupted, exiting. There are 0 tasks remaining in the queue.
2019-10-02 23:07:55,908 [ForkJoinPool.commonPool-worker-1] INFO  segmented.SegmentedRaftLogWorker (SegmentedRaftLogWorker.java:close(224)) - 12640581-7733-41aa-b510-7d6e19a5f881@group-C16411F6BFC6-SegmentedRaftLogWorker close()
2019-10-02 23:07:55,909 [ForkJoinPool.commonPool-worker-1] INFO  impl.RaftServerImpl (RaftServerImpl.java:lambda$shutdown$3(247)) - 12640581-7733-41aa-b510-7d6e19a5f881@group-558F2951BB2E: shutdown
2019-10-02 23:07:55,909 [ForkJoinPool.commonPool-worker-1] INFO  util.JmxRegister (JmxRegister.java:unregister(73)) - Successfully un-registered JMX Bean with object name Ratis:service=RaftServer,group=group-558F2951BB2E,id=12640581-7733-41aa-b510-7d6e19a5f881
2019-10-02 23:07:55,909 [ForkJoinPool.commonPool-worker-1] INFO  impl.RoleInfo (RoleInfo.java:shutdownLeaderState(104)) - 12640581-7733-41aa-b510-7d6e19a5f881: shutdown LeaderState
2019-10-02 23:07:55,910 [ForkJoinPool.commonPool-worker-1] INFO  impl.PendingRequests (PendingRequests.java:sendNotLeaderResponses(202)) - 12640581-7733-41aa-b510-7d6e19a5f881@group-558F2951BB2E-PendingRequests: sendNotLeaderResponses
2019-10-02 23:07:55,910 [ForkJoinPool.commonPool-worker-1] INFO  impl.StateMachineUpdater (StateMachineUpdater.java:stopAndJoin(136)) - 12640581-7733-41aa-b510-7d6e19a5f881@group-558F2951BB2E-StateMachineUpdater: set stopIndex = 0
2019-10-02 23:07:55,913 [ForkJoinPool.commonPool-worker-1] INFO  impl.RaftServerImpl (ServerState.java:close(387)) - 12640581-7733-41aa-b510-7d6e19a5f881@group-558F2951BB2E: closes. applyIndex: 0
2019-10-02 23:07:55,914 [12640581-7733-41aa-b510-7d6e19a5f881@group-558F2951BB2E-SegmentedRaftLogWorker] INFO  segmented.SegmentedRaftLogWorker (SegmentedRaftLogWorker.java:run(316)) - 12640581-7733-41aa-b510-7d6e19a5f881@group-558F2951BB2E-SegmentedRaftLogWorker was interrupted, exiting. There are 0 tasks remaining in the queue.
2019-10-02 23:07:55,917 [ForkJoinPool.commonPool-worker-1] INFO  segmented.SegmentedRaftLogWorker (SegmentedRaftLogWorker.java:close(224)) - 12640581-7733-41aa-b510-7d6e19a5f881@group-558F2951BB2E-SegmentedRaftLogWorker close()
2019-10-02 23:07:55,918 [ForkJoinPool.commonPool-worker-1] INFO  server.GrpcService (GrpcService.java:closeImpl(164)) - 12640581-7733-41aa-b510-7d6e19a5f881: shutdown server with port 36100 now
2019-10-02 23:07:55,918 [ForkJoinPool.commonPool-worker-1] INFO  server.GrpcService (GrpcService.java:closeImpl(172)) - 12640581-7733-41aa-b510-7d6e19a5f881: shutdown server with port 36100 successfully
2019-10-02 23:07:55,920 [refreshUsed-/workdir/hadoop-ozone/ozonefs/target/test-dir/MiniOzoneClusterImpl-4e9c8d26-6cdc-4b5a-a9ff-e65f0db60a86/datanode-2/data/containers] WARN  fs.CachingGetSpaceUsed (CachingGetSpaceUsed.java:run(183)) - Thread Interrupted waiting to refresh disk information: sleep interrupted
2019-10-02 23:07:55,949 [ForkJoinPool.commonPool-worker-1] INFO  utils.BackgroundService (BackgroundService.java:shutdown(148)) - Shutting down service BlockDeletingService
2019-10-02 23:07:55,952 [ForkJoinPool.commonPool-worker-1] INFO  statemachine.DatanodeStateMachine (DatanodeStateMachine.java:stopDaemon(395)) - Ozone container server stopped.
2019-10-02 23:07:55,955 [ForkJoinPool.commonPool-worker-1] INFO  handler.ContextHandler (ContextHandler.java:doStop(910)) - Stopped o.e.j.w.WebAppContext@3ff54f3d{/,null,UNAVAILABLE}{/hddsDatanode}
2019-10-02 23:07:55,955 [ForkJoinPool.commonPool-worker-1] INFO  server.AbstractConnector (AbstractConnector.java:doStop(318)) - Stopped ServerConnector@14c93774{HTTP/1.1,[http/1.1]}{0.0.0.0:0}
2019-10-02 23:07:55,956 [ForkJoinPool.commonPool-worker-1] INFO  handler.ContextHandler (ContextHandler.java:doStop(910)) - Stopped o.e.j.s.ServletContextHandler@7e351d7{/static,jar:file:/home/user/.m2/repository/org/apache/hadoop/hadoop-hdds-container-service/0.5.0-SNAPSHOT/hadoop-hdds-container-service-0.5.0-SNAPSHOT.jar!/webapps/static,UNAVAILABLE}
2019-10-02 23:07:55,957 [ForkJoinPool.commonPool-worker-1] INFO  handler.ContextHandler (ContextHandler.java:doStop(910)) - Stopped o.e.j.s.ServletContextHandler@46911148{/logs,file:///workdir/hadoop-ozone/ozonefs/target/log,UNAVAILABLE}
2019-10-02 23:07:55,958 [main] INFO  ozone.MiniOzoneClusterImpl (MiniOzoneClusterImpl.java:stopSCM(392)) - Stopping the StorageContainerManager
2019-10-02 23:07:55,958 [main] INFO  server.StorageContainerManager (StorageContainerManager.java:stop(808)) - Stopping Replication Manager Service.
2019-10-02 23:07:55,959 [main] INFO  container.ReplicationManager (ReplicationManager.java:stop(203)) - Stopping Replication Monitor Thread.
2019-10-02 23:07:55,959 [main] INFO  server.StorageContainerManager (StorageContainerManager.java:stop(815)) - Stopping Lease Manager of the command watchers
2019-10-02 23:07:55,959 [main] INFO  server.StorageContainerManager (StorageContainerManager.java:stop(822)) - Stopping datanode service RPC server
2019-10-02 23:07:55,959 [main] INFO  server.SCMDatanodeProtocolServer (SCMDatanodeProtocolServer.java:stop(367)) - Stopping the RPC server for DataNodes
2019-10-02 23:07:55,959 [main] INFO  ipc.Server (Server.java:stop(3082)) - Stopping server on 43508
2019-10-02 23:07:55,961 [IPC Server listener on 43508] INFO  ipc.Server (Server.java:run(1185)) - Stopping IPC Server listener on 43508
2019-10-02 23:07:55,961 [IPC Server Responder] INFO  ipc.Server (Server.java:run(1319)) - Stopping IPC Server Responder
2019-10-02 23:07:56,002 [SCM Heartbeat Processing Thread - 0] WARN  node.NodeStateManager (NodeStateManager.java:scheduleNextHealthCheck(646)) - Current Thread is interrupted, shutting down HB processing thread for Node Manager.
2019-10-02 23:07:56,002 [main] INFO  server.StorageContainerManager (StorageContainerManager.java:stop(830)) - Stopping block service RPC server
2019-10-02 23:07:56,002 [main] INFO  server.SCMBlockProtocolServer (SCMBlockProtocolServer.java:stop(155)) - Stopping the RPC server for Block Protocol
2019-10-02 23:07:56,003 [main] INFO  ipc.Server (Server.java:stop(3082)) - Stopping server on 40579
2019-10-02 23:07:56,004 [IPC Server listener on 40579] INFO  ipc.Server (Server.java:run(1185)) - Stopping IPC Server listener on 40579
2019-10-02 23:07:56,004 [IPC Server Responder] INFO  ipc.Server (Server.java:run(1319)) - Stopping IPC Server Responder
2019-10-02 23:07:56,004 [main] INFO  server.StorageContainerManager (StorageContainerManager.java:stop(837)) - Stopping the StorageContainerLocationProtocol RPC server
2019-10-02 23:07:56,006 [main] INFO  server.SCMClientProtocolServer (SCMClientProtocolServer.java:stop(158)) - Stopping the RPC server for Client Protocol
2019-10-02 23:07:56,007 [main] INFO  ipc.Server (Server.java:stop(3082)) - Stopping server on 39247
2019-10-02 23:07:56,008 [IPC Server listener on 39247] INFO  ipc.Server (Server.java:run(1185)) - Stopping IPC Server listener on 39247
2019-10-02 23:07:56,008 [main] INFO  server.StorageContainerManager (StorageContainerManager.java:stop(844)) - Stopping Storage Container Manager HTTP server.
2019-10-02 23:07:56,009 [IPC Server Responder] INFO  ipc.Server (Server.java:run(1319)) - Stopping IPC Server Responder
2019-10-02 23:07:56,011 [main] INFO  handler.ContextHandler (ContextHandler.java:doStop(910)) - Stopped o.e.j.w.WebAppContext@2fd64b11{/,null,UNAVAILABLE}{/scm}
2019-10-02 23:07:56,012 [main] INFO  server.AbstractConnector (AbstractConnector.java:doStop(318)) - Stopped ServerConnector@949c598{HTTP/1.1,[http/1.1]}{0.0.0.0:0}
2019-10-02 23:07:56,012 [main] INFO  handler.ContextHandler (ContextHandler.java:doStop(910)) - Stopped o.e.j.s.ServletContextHandler@7d979d34{/static,jar:file:/home/user/.m2/repository/org/apache/hadoop/hadoop-hdds-server-scm/0.5.0-SNAPSHOT/hadoop-hdds-server-scm-0.5.0-SNAPSHOT.jar!/webapps/static,UNAVAILABLE}
2019-10-02 23:07:56,013 [main] INFO  handler.ContextHandler (ContextHandler.java:doStop(910)) - Stopped o.e.j.s.ServletContextHandler@2c2a027c{/logs,file:///workdir/hadoop-ozone/ozonefs/target/log,UNAVAILABLE}
2019-10-02 23:07:56,013 [main] INFO  server.StorageContainerManager (StorageContainerManager.java:stop(855)) - Stopping Block Manager Service.
2019-10-02 23:07:56,014 [main] INFO  utils.BackgroundService (BackgroundService.java:shutdown(148)) - Shutting down service SCMBlockDeletingService
2019-10-02 23:07:56,014 [main] INFO  utils.BackgroundService (BackgroundService.java:shutdown(148)) - Shutting down service SCMBlockDeletingService
2019-10-02 23:07:56,015 [main] INFO  server.StorageContainerManager (StorageContainerManager.java:stop(877)) - Stopping SCM Event Queue.
2019-10-02 23:07:56,018 [main] INFO  impl.MetricsSystemImpl (MetricsSystemImpl.java:stop(210)) - Stopping HddsDatanode metrics system...
2019-10-02 23:07:56,027 [main] INFO  impl.MetricsSystemImpl (MetricsSystemImpl.java:stop(216)) - HddsDatanode metrics system stopped.
]]></system-out>
  </testcase>
  <testcase name="testDirectory[0]" classname="org.apache.hadoop.fs.ozone.TestOzoneFileInterfaces" time="15.966">
    <error message="Volume not found umaftafaqf" type="VOLUME_NOT_FOUND org.apache.hadoop.ozone.om.exceptions.OMException">VOLUME_NOT_FOUND org.apache.hadoop.ozone.om.exceptions.OMException: Volume not found umaftafaqf
	at org.apache.hadoop.ozone.om.protocolPB.OzoneManagerProtocolClientSideTranslatorPB.handleError(OzoneManagerProtocolClientSideTranslatorPB.java:732)
	at org.apache.hadoop.ozone.om.protocolPB.OzoneManagerProtocolClientSideTranslatorPB.createDirectory(OzoneManagerProtocolClientSideTranslatorPB.java:1377)
	at sun.reflect.NativeMethodAccessorImpl.invoke0(Native Method)
	at sun.reflect.NativeMethodAccessorImpl.invoke(NativeMethodAccessorImpl.java:62)
	at sun.reflect.DelegatingMethodAccessorImpl.invoke(DelegatingMethodAccessorImpl.java:43)
	at java.lang.reflect.Method.invoke(Method.java:498)
	at org.apache.hadoop.hdds.tracing.TraceAllMethod.invoke(TraceAllMethod.java:66)
	at com.sun.proxy.$Proxy39.createDirectory(Unknown Source)
	at org.apache.hadoop.ozone.client.rpc.RpcClient.createDirectory(RpcClient.java:976)
	at org.apache.hadoop.ozone.client.OzoneBucket.createDirectory(OzoneBucket.java:503)
	at org.apache.hadoop.fs.ozone.BasicOzoneClientAdapterImpl.createDirectory(BasicOzoneClientAdapterImpl.java:236)
	at org.apache.hadoop.fs.ozone.BasicOzoneFileSystem.mkdir(BasicOzoneFileSystem.java:597)
	at org.apache.hadoop.fs.ozone.BasicOzoneFileSystem.mkdirs(BasicOzoneFileSystem.java:607)
	at org.apache.hadoop.fs.FileSystem.mkdirs(FileSystem.java:2275)
	at org.apache.hadoop.fs.ozone.TestOzoneFileInterfaces.testDirectory(TestOzoneFileInterfaces.java:223)
	at sun.reflect.NativeMethodAccessorImpl.invoke0(Native Method)
	at sun.reflect.NativeMethodAccessorImpl.invoke(NativeMethodAccessorImpl.java:62)
	at sun.reflect.DelegatingMethodAccessorImpl.invoke(DelegatingMethodAccessorImpl.java:43)
	at java.lang.reflect.Method.invoke(Method.java:498)
	at org.junit.runners.model.FrameworkMethod$1.runReflectiveCall(FrameworkMethod.java:47)
	at org.junit.internal.runners.model.ReflectiveCallable.run(ReflectiveCallable.java:12)
	at org.junit.runners.model.FrameworkMethod.invokeExplosively(FrameworkMethod.java:44)
	at org.junit.internal.runners.statements.InvokeMethod.evaluate(InvokeMethod.java:17)
	at org.junit.internal.runners.statements.RunBefores.evaluate(RunBefores.java:26)
	at org.junit.internal.runners.statements.RunAfters.evaluate(RunAfters.java:27)
	at org.junit.runners.ParentRunner.runLeaf(ParentRunner.java:271)
	at org.junit.runners.BlockJUnit4ClassRunner.runChild(BlockJUnit4ClassRunner.java:70)
	at org.junit.runners.BlockJUnit4ClassRunner.runChild(BlockJUnit4ClassRunner.java:50)
	at org.junit.runners.ParentRunner$3.run(ParentRunner.java:238)
	at org.junit.runners.ParentRunner$1.schedule(ParentRunner.java:63)
	at org.junit.runners.ParentRunner.runChildren(ParentRunner.java:236)
	at org.junit.runners.ParentRunner.access$000(ParentRunner.java:53)
	at org.junit.runners.ParentRunner$2.evaluate(ParentRunner.java:229)
	at org.junit.runners.ParentRunner.run(ParentRunner.java:309)
	at org.junit.runners.Suite.runChild(Suite.java:127)
	at org.junit.runners.Suite.runChild(Suite.java:26)
	at org.junit.runners.ParentRunner$3.run(ParentRunner.java:238)
	at org.junit.runners.ParentRunner$1.schedule(ParentRunner.java:63)
	at org.junit.runners.ParentRunner.runChildren(ParentRunner.java:236)
	at org.junit.runners.ParentRunner.access$000(ParentRunner.java:53)
	at org.junit.runners.ParentRunner$2.evaluate(ParentRunner.java:229)
	at org.junit.runners.ParentRunner.run(ParentRunner.java:309)
	at org.apache.maven.surefire.junit4.JUnit4Provider.execute(JUnit4Provider.java:365)
	at org.apache.maven.surefire.junit4.JUnit4Provider.executeWithRerun(JUnit4Provider.java:273)
	at org.apache.maven.surefire.junit4.JUnit4Provider.executeTestSet(JUnit4Provider.java:238)
	at org.apache.maven.surefire.junit4.JUnit4Provider.invoke(JUnit4Provider.java:159)
	at org.apache.maven.surefire.booter.ForkedBooter.invokeProviderInSameClassLoader(ForkedBooter.java:384)
	at org.apache.maven.surefire.booter.ForkedBooter.runSuitesInProcess(ForkedBooter.java:345)
	at org.apache.maven.surefire.booter.ForkedBooter.execute(ForkedBooter.java:126)
	at org.apache.maven.surefire.booter.ForkedBooter.main(ForkedBooter.java:418)
</error>
    <system-out><![CDATA[2019-10-02 23:07:56,062 [main] WARN  server.ServerUtils (ServerUtils.java:getScmDbDir(145)) - ozone.scm.db.dirs is not configured. We recommend adding this setting. Falling back to ozone.metadata.dirs instead.
2019-10-02 23:07:56,088 [main] WARN  server.ServerUtils (ServerUtils.java:getScmDbDir(145)) - ozone.scm.db.dirs is not configured. We recommend adding this setting. Falling back to ozone.metadata.dirs instead.
2019-10-02 23:07:56,088 [main] WARN  server.ServerUtils (ServerUtils.java:getScmDbDir(145)) - ozone.scm.db.dirs is not configured. We recommend adding this setting. Falling back to ozone.metadata.dirs instead.
2019-10-02 23:07:56,089 [main] INFO  db.DBStoreBuilder (DBStoreBuilder.java:addTable(110)) - using custom profile for table: deletedBlocks
2019-10-02 23:07:56,089 [main] INFO  db.DBStoreBuilder (DBStoreBuilder.java:processTables(161)) - Using default column profile:DBProfile.DISK for Table:deletedBlocks
2019-10-02 23:07:56,089 [main] INFO  db.DBStoreBuilder (DBStoreBuilder.java:addTable(110)) - using custom profile for table: validCerts
2019-10-02 23:07:56,090 [main] INFO  db.DBStoreBuilder (DBStoreBuilder.java:processTables(161)) - Using default column profile:DBProfile.DISK for Table:validCerts
2019-10-02 23:07:56,090 [main] INFO  db.DBStoreBuilder (DBStoreBuilder.java:addTable(110)) - using custom profile for table: revokedCerts
2019-10-02 23:07:56,090 [main] INFO  db.DBStoreBuilder (DBStoreBuilder.java:processTables(161)) - Using default column profile:DBProfile.DISK for Table:revokedCerts
2019-10-02 23:07:56,091 [main] INFO  db.DBStoreBuilder (DBStoreBuilder.java:addTable(110)) - using custom profile for table: default
2019-10-02 23:07:56,091 [main] INFO  db.DBStoreBuilder (DBStoreBuilder.java:processTables(167)) - Using default column profile:DBProfile.DISK for Table:default
2019-10-02 23:07:56,091 [main] INFO  db.DBStoreBuilder (DBStoreBuilder.java:getDbProfile(198)) - Using default options. DBProfile.DISK
2019-10-02 23:07:56,342 [main] INFO  net.NodeSchemaLoader (NodeSchemaLoader.java:loadSchemaFromFile(125)) - Loading file from sun.misc.CompoundEnumeration@16a2ed51
2019-10-02 23:07:56,343 [main] INFO  net.NodeSchemaLoader (NodeSchemaLoader.java:loadSchema(171)) - Loading network topology layer schema file
2019-10-02 23:07:56,346 [main] WARN  server.ServerUtils (ServerUtils.java:sanitizeUserArgs(70)) - ozone.scm.stale.node.interval value = 300000 is larger than max = 100000 based on the key value of ozone.scm.heartbeat.thread.interval, reset to the max value 100000.
2019-10-02 23:07:56,346 [main] WARN  server.ServerUtils (ServerUtils.java:sanitizeUserArgs(70)) - ozone.scm.stale.node.interval value = 300000 is larger than max = 100000 based on the key value of ozone.scm.heartbeat.thread.interval, reset to the max value 100000.
2019-10-02 23:07:56,347 [main] INFO  node.SCMNodeManager (SCMNodeManager.java:<init>(114)) - Entering startup safe mode.
2019-10-02 23:07:56,347 [main] INFO  algorithms.ContainerPlacementPolicyFactory (ContainerPlacementPolicyFactory.java:getPolicy(57)) - Create container placement policy of type org.apache.hadoop.hdds.scm.container.placement.algorithms.SCMContainerPlacementRandom
2019-10-02 23:07:56,347 [main] WARN  server.ServerUtils (ServerUtils.java:getScmDbDir(145)) - ozone.scm.db.dirs is not configured. We recommend adding this setting. Falling back to ozone.metadata.dirs instead.
2019-10-02 23:07:56,448 [main] INFO  pipeline.SCMPipelineManager (SCMPipelineManager.java:initializePipelineState(132)) - No pipeline exists in current db
2019-10-02 23:07:56,449 [main] WARN  server.ServerUtils (ServerUtils.java:getScmDbDir(145)) - ozone.scm.db.dirs is not configured. We recommend adding this setting. Falling back to ozone.metadata.dirs instead.
2019-10-02 23:07:56,538 [main] WARN  events.EventQueue (EventQueue.java:fireEvent(183)) - No event handler registered for event TypedEvent{payloadType=SafeModeStatus, name='SafeModeStatus'}
2019-10-02 23:07:56,539 [main] INFO  ipc.CallQueueManager (CallQueueManager.java:<init>(84)) - Using callQueue: class java.util.concurrent.LinkedBlockingQueue, queueCapacity: 2000, scheduler: class org.apache.hadoop.ipc.DefaultRpcScheduler, ipcBackoff: false.
2019-10-02 23:07:56,540 [Socket Reader #1 for port 41649] INFO  ipc.Server (Server.java:run(1074)) - Starting Socket Reader #1 for port 41649
2019-10-02 23:07:56,542 [main] INFO  ipc.CallQueueManager (CallQueueManager.java:<init>(84)) - Using callQueue: class java.util.concurrent.LinkedBlockingQueue, queueCapacity: 2000, scheduler: class org.apache.hadoop.ipc.DefaultRpcScheduler, ipcBackoff: false.
2019-10-02 23:07:56,543 [Socket Reader #1 for port 44606] INFO  ipc.Server (Server.java:run(1074)) - Starting Socket Reader #1 for port 44606
2019-10-02 23:07:56,544 [main] INFO  ipc.CallQueueManager (CallQueueManager.java:<init>(84)) - Using callQueue: class java.util.concurrent.LinkedBlockingQueue, queueCapacity: 2000, scheduler: class org.apache.hadoop.ipc.DefaultRpcScheduler, ipcBackoff: false.
2019-10-02 23:07:56,545 [Socket Reader #1 for port 43567] INFO  ipc.Server (Server.java:run(1074)) - Starting Socket Reader #1 for port 43567
2019-10-02 23:07:56,547 [main] INFO  hdfs.DFSUtil (DFSUtil.java:httpServerTemplateForNNAndJN(1641)) - Starting Web-server for scm at: http://0.0.0.0:0
2019-10-02 23:07:56,550 [main] INFO  server.AuthenticationFilter (AuthenticationFilter.java:constructSecretProvider(240)) - Unable to initialize FileSignerSecretProvider, falling back to use random secrets.
2019-10-02 23:07:56,551 [main] WARN  http.HttpRequestLog (HttpRequestLog.java:getRequestLog(97)) - Jetty request log can only be enabled using Log4j
2019-10-02 23:07:56,554 [main] INFO  http.HttpServer2 (HttpServer2.java:addGlobalFilter(975)) - Added global filter 'safety' (class=org.apache.hadoop.http.HttpServer2$QuotingInputFilter)
2019-10-02 23:07:56,555 [main] INFO  http.HttpServer2 (HttpServer2.java:addFilter(948)) - Added filter static_user_filter (class=org.apache.hadoop.http.lib.StaticUserWebFilter$StaticUserFilter) to context scm
2019-10-02 23:07:56,555 [main] INFO  http.HttpServer2 (HttpServer2.java:addFilter(958)) - Added filter static_user_filter (class=org.apache.hadoop.http.lib.StaticUserWebFilter$StaticUserFilter) to context static
2019-10-02 23:07:56,555 [main] INFO  http.HttpServer2 (HttpServer2.java:addFilter(958)) - Added filter static_user_filter (class=org.apache.hadoop.http.lib.StaticUserWebFilter$StaticUserFilter) to context logs
2019-10-02 23:07:56,558 [main] INFO  server.StorageContainerManager (StorageContainerManager.java:start(770)) - StorageContainerLocationProtocol RPC server is listening at /0.0.0.0:43567
2019-10-02 23:07:56,561 [main] WARN  impl.MetricsConfig (MetricsConfig.java:loadFirst(134)) - Cannot locate configuration: tried hadoop-metrics2-storagecontainermanager.properties,hadoop-metrics2.properties
2019-10-02 23:07:56,562 [main] INFO  impl.MetricsSystemImpl (MetricsSystemImpl.java:startTimer(374)) - Scheduled Metric snapshot period at 10 second(s).
2019-10-02 23:07:56,562 [main] INFO  impl.MetricsSystemImpl (MetricsSystemImpl.java:start(191)) - StorageContainerManager metrics system started
2019-10-02 23:07:56,616 [main] WARN  impl.MetricsSystemImpl (MetricsSystemImpl.java:register(276)) - Sink prometheus already exists!
2019-10-02 23:07:56,619 [main] INFO  server.SCMClientProtocolServer (SCMClientProtocolServer.java:start(150)) - RPC server for Client  is listening at /0.0.0.0:43567
2019-10-02 23:07:56,620 [IPC Server Responder] INFO  ipc.Server (Server.java:run(1314)) - IPC Server Responder: starting
2019-10-02 23:07:56,620 [IPC Server listener on 43567] INFO  ipc.Server (Server.java:run(1153)) - IPC Server listener on 43567: starting
2019-10-02 23:07:56,623 [main] INFO  server.StorageContainerManager (StorageContainerManager.java:start(780)) - ScmBlockLocationProtocol RPC server is listening at /0.0.0.0:44606
2019-10-02 23:07:56,624 [main] INFO  server.SCMBlockProtocolServer (SCMBlockProtocolServer.java:start(146)) - RPC server for Block Protocol is listening at /0.0.0.0:44606
2019-10-02 23:07:56,624 [IPC Server Responder] INFO  ipc.Server (Server.java:run(1314)) - IPC Server Responder: starting
2019-10-02 23:07:56,624 [IPC Server listener on 44606] INFO  ipc.Server (Server.java:run(1153)) - IPC Server listener on 44606: starting
2019-10-02 23:07:56,627 [main] INFO  server.StorageContainerManager (StorageContainerManager.java:start(784)) - ScmDatanodeProtocl RPC server is listening at /0.0.0.0:41649
2019-10-02 23:07:56,627 [main] INFO  server.SCMDatanodeProtocolServer (SCMDatanodeProtocolServer.java:start(191)) - RPC server for DataNodes is listening at /0.0.0.0:41649
2019-10-02 23:07:56,627 [IPC Server Responder] INFO  ipc.Server (Server.java:run(1314)) - IPC Server Responder: starting
2019-10-02 23:07:56,627 [IPC Server listener on 41649] INFO  ipc.Server (Server.java:run(1153)) - IPC Server listener on 41649: starting
2019-10-02 23:07:56,631 [main] INFO  http.HttpServer2 (HttpServer2.java:bindListener(1191)) - Jetty bound to port 34515
2019-10-02 23:07:56,631 [main] INFO  server.Server (Server.java:doStart(351)) - jetty-9.3.25.v20180904, build timestamp: 2018-09-04T21:11:46Z, git hash: 3ce520221d0240229c862b122d2b06c12a625732
2019-10-02 23:07:56,633 [main] INFO  handler.ContextHandler (ContextHandler.java:doStart(781)) - Started o.e.j.s.ServletContextHandler@58a2d9f9{/logs,file:///workdir/hadoop-ozone/ozonefs/target/log,AVAILABLE}
2019-10-02 23:07:56,633 [main] INFO  handler.ContextHandler (ContextHandler.java:doStart(781)) - Started o.e.j.s.ServletContextHandler@1d02af26{/static,jar:file:/home/user/.m2/repository/org/apache/hadoop/hadoop-hdds-server-scm/0.5.0-SNAPSHOT/hadoop-hdds-server-scm-0.5.0-SNAPSHOT.jar!/webapps/static,AVAILABLE}
2019-10-02 23:07:56,677 [main] INFO  handler.ContextHandler (ContextHandler.java:doStart(781)) - Started o.e.j.w.WebAppContext@76536c53{/,file:///tmp/jetty-0.0.0.0-34515-scm-_-any-9173682418601950170.dir/webapp/,AVAILABLE}{/scm}
2019-10-02 23:07:56,678 [main] INFO  server.AbstractConnector (AbstractConnector.java:doStart(278)) - Started ServerConnector@38d08cb5{HTTP/1.1,[http/1.1]}{0.0.0.0:34515}
2019-10-02 23:07:56,679 [main] INFO  server.Server (Server.java:doStart(419)) - Started @40038ms
2019-10-02 23:07:56,679 [main] WARN  impl.MetricsSystemImpl (MetricsSystemImpl.java:register(276)) - Sink prometheus already exists!
2019-10-02 23:07:56,680 [main] INFO  server.BaseHttpServer (BaseHttpServer.java:updateConnectorAddress(215)) - HTTP server of SCM is listening at http://0.0.0.0:34515
2019-10-02 23:07:56,681 [main] WARN  server.ServerUtils (ServerUtils.java:getDBPath(222)) - ozone.om.db.dirs is not configured. We recommend adding this setting. Falling back to ozone.metadata.dirs instead.
2019-10-02 23:07:56,681 [org.apache.hadoop.util.JvmPauseMonitor$Monitor@6f3f0ae] INFO  util.JvmPauseMonitor (JvmPauseMonitor.java:run(188)) - Starting JVM pause monitor
2019-10-02 23:07:56,705 [main] WARN  server.ServerUtils (ServerUtils.java:getDBPath(222)) - ozone.om.db.dirs is not configured. We recommend adding this setting. Falling back to ozone.metadata.dirs instead.
2019-10-02 23:07:56,705 [main] WARN  server.ServerUtils (ServerUtils.java:getDBPath(222)) - ozone.om.db.dirs is not configured. We recommend adding this setting. Falling back to ozone.metadata.dirs instead.
2019-10-02 23:07:56,706 [main] INFO  om.OzoneManager (OzoneManager.java:setOMNodeDetails(652)) - OM Service ID is not set. Setting it to the default ID: omServiceIdDefault
2019-10-02 23:07:56,706 [main] INFO  om.OzoneManager (OzoneManager.java:setOMNodeDetails(658)) - OM Node ID is not set. Setting it to the OmStorage's OmID: 7cc59265-c4c8-49a0-977e-9b559501de1e
2019-10-02 23:07:56,706 [main] INFO  om.OzoneManager (OzoneManager.java:loadOMHAConfigs(609)) - Found matching OM address with OMServiceId: null, OMNodeId: null, RPC Address: localhost:0 and Ratis port: 9872
2019-10-02 23:07:56,714 [main] WARN  server.ServerUtils (ServerUtils.java:getDBPath(222)) - ozone.om.db.dirs is not configured. We recommend adding this setting. Falling back to ozone.metadata.dirs instead.
2019-10-02 23:07:56,714 [main] INFO  db.DBStoreBuilder (DBStoreBuilder.java:addTable(110)) - using custom profile for table: userTable
2019-10-02 23:07:56,714 [main] INFO  db.DBStoreBuilder (DBStoreBuilder.java:processTables(161)) - Using default column profile:DBProfile.DISK for Table:userTable
2019-10-02 23:07:56,714 [main] INFO  db.DBStoreBuilder (DBStoreBuilder.java:addTable(110)) - using custom profile for table: volumeTable
2019-10-02 23:07:56,715 [main] INFO  db.DBStoreBuilder (DBStoreBuilder.java:processTables(161)) - Using default column profile:DBProfile.DISK for Table:volumeTable
2019-10-02 23:07:56,715 [main] INFO  db.DBStoreBuilder (DBStoreBuilder.java:addTable(110)) - using custom profile for table: bucketTable
2019-10-02 23:07:56,715 [main] INFO  db.DBStoreBuilder (DBStoreBuilder.java:processTables(161)) - Using default column profile:DBProfile.DISK for Table:bucketTable
2019-10-02 23:07:56,715 [main] INFO  db.DBStoreBuilder (DBStoreBuilder.java:addTable(110)) - using custom profile for table: keyTable
2019-10-02 23:07:56,715 [main] INFO  db.DBStoreBuilder (DBStoreBuilder.java:processTables(161)) - Using default column profile:DBProfile.DISK for Table:keyTable
2019-10-02 23:07:56,716 [main] INFO  db.DBStoreBuilder (DBStoreBuilder.java:addTable(110)) - using custom profile for table: deletedTable
2019-10-02 23:07:56,716 [main] INFO  db.DBStoreBuilder (DBStoreBuilder.java:processTables(161)) - Using default column profile:DBProfile.DISK for Table:deletedTable
2019-10-02 23:07:56,716 [main] INFO  db.DBStoreBuilder (DBStoreBuilder.java:addTable(110)) - using custom profile for table: openKeyTable
2019-10-02 23:07:56,716 [main] INFO  db.DBStoreBuilder (DBStoreBuilder.java:processTables(161)) - Using default column profile:DBProfile.DISK for Table:openKeyTable
2019-10-02 23:07:56,716 [main] INFO  db.DBStoreBuilder (DBStoreBuilder.java:addTable(110)) - using custom profile for table: s3Table
2019-10-02 23:07:56,717 [main] INFO  db.DBStoreBuilder (DBStoreBuilder.java:processTables(161)) - Using default column profile:DBProfile.DISK for Table:s3Table
2019-10-02 23:07:56,717 [main] INFO  db.DBStoreBuilder (DBStoreBuilder.java:addTable(110)) - using custom profile for table: multipartInfoTable
2019-10-02 23:07:56,717 [main] INFO  db.DBStoreBuilder (DBStoreBuilder.java:processTables(161)) - Using default column profile:DBProfile.DISK for Table:multipartInfoTable
2019-10-02 23:07:56,718 [main] INFO  db.DBStoreBuilder (DBStoreBuilder.java:addTable(110)) - using custom profile for table: dTokenTable
2019-10-02 23:07:56,718 [main] INFO  db.DBStoreBuilder (DBStoreBuilder.java:processTables(161)) - Using default column profile:DBProfile.DISK for Table:dTokenTable
2019-10-02 23:07:56,718 [main] INFO  db.DBStoreBuilder (DBStoreBuilder.java:addTable(110)) - using custom profile for table: s3SecretTable
2019-10-02 23:07:56,718 [main] INFO  db.DBStoreBuilder (DBStoreBuilder.java:processTables(161)) - Using default column profile:DBProfile.DISK for Table:s3SecretTable
2019-10-02 23:07:56,718 [main] INFO  db.DBStoreBuilder (DBStoreBuilder.java:addTable(110)) - using custom profile for table: prefixTable
2019-10-02 23:07:56,718 [main] INFO  db.DBStoreBuilder (DBStoreBuilder.java:processTables(161)) - Using default column profile:DBProfile.DISK for Table:prefixTable
2019-10-02 23:07:56,719 [main] INFO  db.DBStoreBuilder (DBStoreBuilder.java:addTable(110)) - using custom profile for table: default
2019-10-02 23:07:56,719 [main] INFO  db.DBStoreBuilder (DBStoreBuilder.java:processTables(167)) - Using default column profile:DBProfile.DISK for Table:default
2019-10-02 23:07:56,719 [main] INFO  db.DBStoreBuilder (DBStoreBuilder.java:getDbProfile(198)) - Using default options. DBProfile.DISK
2019-10-02 23:07:57,379 [main] INFO  ipc.CallQueueManager (CallQueueManager.java:<init>(84)) - Using callQueue: class java.util.concurrent.LinkedBlockingQueue, queueCapacity: 2000, scheduler: class org.apache.hadoop.ipc.DefaultRpcScheduler, ipcBackoff: false.
2019-10-02 23:07:57,380 [Socket Reader #1 for port 44053] INFO  ipc.Server (Server.java:run(1074)) - Starting Socket Reader #1 for port 44053
2019-10-02 23:07:57,398 [main] INFO  om.OzoneManager (OzoneManager.java:start(1243)) - OzoneManager RPC server is listening at localhost/127.0.0.1:44053
2019-10-02 23:07:57,398 [main] INFO  impl.MetricsSystemImpl (MetricsSystemImpl.java:init(158)) - OzoneManager metrics system started (again)
2019-10-02 23:07:57,399 [IPC Server Responder] INFO  ipc.Server (Server.java:run(1314)) - IPC Server Responder: starting
2019-10-02 23:07:57,400 [IPC Server listener on 44053] INFO  ipc.Server (Server.java:run(1153)) - IPC Server listener on 44053: starting
2019-10-02 23:07:57,404 [main] INFO  hdfs.DFSUtil (DFSUtil.java:httpServerTemplateForNNAndJN(1641)) - Starting Web-server for ozoneManager at: http://0.0.0.0:0
2019-10-02 23:07:57,405 [main] INFO  server.AuthenticationFilter (AuthenticationFilter.java:constructSecretProvider(240)) - Unable to initialize FileSignerSecretProvider, falling back to use random secrets.
2019-10-02 23:07:57,406 [main] WARN  http.HttpRequestLog (HttpRequestLog.java:getRequestLog(97)) - Jetty request log can only be enabled using Log4j
2019-10-02 23:07:57,407 [main] INFO  http.HttpServer2 (HttpServer2.java:addGlobalFilter(975)) - Added global filter 'safety' (class=org.apache.hadoop.http.HttpServer2$QuotingInputFilter)
2019-10-02 23:07:57,408 [main] INFO  http.HttpServer2 (HttpServer2.java:addFilter(948)) - Added filter static_user_filter (class=org.apache.hadoop.http.lib.StaticUserWebFilter$StaticUserFilter) to context ozoneManager
2019-10-02 23:07:57,408 [main] INFO  http.HttpServer2 (HttpServer2.java:addFilter(958)) - Added filter static_user_filter (class=org.apache.hadoop.http.lib.StaticUserWebFilter$StaticUserFilter) to context static
2019-10-02 23:07:57,408 [main] INFO  http.HttpServer2 (HttpServer2.java:addFilter(958)) - Added filter static_user_filter (class=org.apache.hadoop.http.lib.StaticUserWebFilter$StaticUserFilter) to context logs
2019-10-02 23:07:57,409 [main] INFO  http.HttpServer2 (HttpServer2.java:bindListener(1191)) - Jetty bound to port 44037
2019-10-02 23:07:57,409 [main] INFO  server.Server (Server.java:doStart(351)) - jetty-9.3.25.v20180904, build timestamp: 2018-09-04T21:11:46Z, git hash: 3ce520221d0240229c862b122d2b06c12a625732
2019-10-02 23:07:57,411 [main] INFO  handler.ContextHandler (ContextHandler.java:doStart(781)) - Started o.e.j.s.ServletContextHandler@55b5cd2b{/logs,file:///workdir/hadoop-ozone/ozonefs/target/log,AVAILABLE}
2019-10-02 23:07:57,411 [main] INFO  handler.ContextHandler (ContextHandler.java:doStart(781)) - Started o.e.j.s.ServletContextHandler@51a651c1{/static,jar:file:/home/user/.m2/repository/org/apache/hadoop/hadoop-ozone-ozone-manager/0.5.0-SNAPSHOT/hadoop-ozone-ozone-manager-0.5.0-SNAPSHOT.jar!/webapps/static,AVAILABLE}
2019-10-02 23:07:57,456 [main] INFO  handler.ContextHandler (ContextHandler.java:doStart(781)) - Started o.e.j.w.WebAppContext@49ca94a9{/,file:///tmp/jetty-0.0.0.0-44037-ozoneManager-_-any-6339245753849612749.dir/webapp/,AVAILABLE}{/ozoneManager}
2019-10-02 23:07:57,456 [main] INFO  server.AbstractConnector (AbstractConnector.java:doStart(278)) - Started ServerConnector@9ab310b{HTTP/1.1,[http/1.1]}{0.0.0.0:44037}
2019-10-02 23:07:57,457 [main] INFO  server.Server (Server.java:doStart(419)) - Started @40817ms
2019-10-02 23:07:57,457 [main] WARN  impl.MetricsSystemImpl (MetricsSystemImpl.java:register(276)) - Sink prometheus already exists!
2019-10-02 23:07:57,458 [main] INFO  server.BaseHttpServer (BaseHttpServer.java:updateConnectorAddress(215)) - HTTP server of OZONEMANAGER is listening at http://0.0.0.0:44037
2019-10-02 23:07:57,467 [main] INFO  impl.MetricsSystemImpl (MetricsSystemImpl.java:init(158)) - HddsDatanode metrics system started (again)
2019-10-02 23:07:57,470 [main] INFO  ozone.HddsDatanodeService (HddsDatanodeService.java:start(184)) - HddsDatanodeService host:pr-hdds1737-lts7z-2510321508 ip:192.168.30.30
2019-10-02 23:07:57,475 [main] INFO  volume.HddsVolume (HddsVolume.java:<init>(176)) - Creating Volume: /workdir/hadoop-ozone/ozonefs/target/test-dir/MiniOzoneClusterImpl-e2d57ef1-065c-4335-89db-5132b7515c6c/datanode-0/data/containers/hdds of  storage type : DISK and capacity : 1482555576320
2019-10-02 23:07:57,475 [main] INFO  volume.VolumeSet (VolumeSet.java:initializeVolumeSet(170)) - Added Volume : /workdir/hadoop-ozone/ozonefs/target/test-dir/MiniOzoneClusterImpl-e2d57ef1-065c-4335-89db-5132b7515c6c/datanode-0/data/containers/hdds to VolumeSet
2019-10-02 23:07:57,476 [main] INFO  volume.ThrottledAsyncChecker (ThrottledAsyncChecker.java:schedule(139)) - Scheduling a check for org.apache.hadoop.ozone.container.common.volume.HddsVolume@64387c17
2019-10-02 23:07:57,476 [main] INFO  volume.HddsVolumeChecker (HddsVolumeChecker.java:checkAllVolumes(202)) - Scheduled health check for volume org.apache.hadoop.ozone.container.common.volume.HddsVolume@64387c17
2019-10-02 23:07:57,496 [main] INFO  impl.RaftServerProxy (ConfUtils.java:logGet(43)) - raft.rpc.type = GRPC (default)
2019-10-02 23:07:57,496 [main] INFO  grpc.GrpcFactory (GrpcFactory.java:checkPooledByteBufAllocatorUseCacheForAllThreads(45)) - PERFORMANCE WARNING: useCacheForAllThreads is true that may cause Netty to create a lot garbage objects and, as a result, trigger GC.
	It is recommended to disable useCacheForAllThreads by setting -Dorg.apache.ratis.thirdparty.io.netty.allocator.useCacheForAllThreads=false in command line.
2019-10-02 23:07:57,497 [main] INFO  grpc.GrpcConfigKeys$Server (ConfUtils.java:logGet(43)) - raft.grpc.server.port = 0 (default)
2019-10-02 23:07:57,497 [main] INFO  server.GrpcService (ConfUtils.java:logGet(43)) - raft.grpc.message.size.max = 33570816 (custom)
2019-10-02 23:07:57,497 [main] INFO  server.RaftServerConfigKeys (ConfUtils.java:logGet(43)) - raft.server.log.appender.buffer.byte-limit = 33554432 (custom)
2019-10-02 23:07:57,497 [main] INFO  server.GrpcService (ConfUtils.java:logGet(43)) - raft.grpc.flow.control.window = 1MB (=1048576) (default)
2019-10-02 23:07:57,497 [main] INFO  server.RaftServerConfigKeys (ConfUtils.java:logGet(43)) - raft.server.rpc.request.timeout = 3000ms (default)
2019-10-02 23:07:57,498 [main] INFO  server.RaftServerConfigKeys (ConfUtils.java:logGet(43)) - raft.server.storage.dir = [/workdir/hadoop-ozone/ozonefs/target/test-dir/MiniOzoneClusterImpl-e2d57ef1-065c-4335-89db-5132b7515c6c/datanode-0/data/ratis] (custom)
2019-10-02 23:07:57,499 [main] INFO  hdfs.DFSUtil (DFSUtil.java:httpServerTemplateForNNAndJN(1641)) - Starting Web-server for hddsDatanode at: http://0.0.0.0:0
2019-10-02 23:07:57,501 [main] INFO  server.AuthenticationFilter (AuthenticationFilter.java:constructSecretProvider(240)) - Unable to initialize FileSignerSecretProvider, falling back to use random secrets.
2019-10-02 23:07:57,501 [main] WARN  http.HttpRequestLog (HttpRequestLog.java:getRequestLog(97)) - Jetty request log can only be enabled using Log4j
2019-10-02 23:07:57,503 [main] INFO  http.HttpServer2 (HttpServer2.java:addGlobalFilter(975)) - Added global filter 'safety' (class=org.apache.hadoop.http.HttpServer2$QuotingInputFilter)
2019-10-02 23:07:57,504 [main] INFO  http.HttpServer2 (HttpServer2.java:addFilter(948)) - Added filter static_user_filter (class=org.apache.hadoop.http.lib.StaticUserWebFilter$StaticUserFilter) to context hddsDatanode
2019-10-02 23:07:57,504 [main] INFO  http.HttpServer2 (HttpServer2.java:addFilter(958)) - Added filter static_user_filter (class=org.apache.hadoop.http.lib.StaticUserWebFilter$StaticUserFilter) to context logs
2019-10-02 23:07:57,504 [main] INFO  http.HttpServer2 (HttpServer2.java:addFilter(958)) - Added filter static_user_filter (class=org.apache.hadoop.http.lib.StaticUserWebFilter$StaticUserFilter) to context static
2019-10-02 23:07:57,505 [main] INFO  http.HttpServer2 (HttpServer2.java:bindListener(1191)) - Jetty bound to port 41445
2019-10-02 23:07:57,505 [main] INFO  server.Server (Server.java:doStart(351)) - jetty-9.3.25.v20180904, build timestamp: 2018-09-04T21:11:46Z, git hash: 3ce520221d0240229c862b122d2b06c12a625732
2019-10-02 23:07:57,506 [main] INFO  handler.ContextHandler (ContextHandler.java:doStart(781)) - Started o.e.j.s.ServletContextHandler@5a13fcf3{/logs,file:///workdir/hadoop-ozone/ozonefs/target/log,AVAILABLE}
2019-10-02 23:07:57,507 [main] INFO  handler.ContextHandler (ContextHandler.java:doStart(781)) - Started o.e.j.s.ServletContextHandler@4ef2ab73{/static,jar:file:/home/user/.m2/repository/org/apache/hadoop/hadoop-hdds-container-service/0.5.0-SNAPSHOT/hadoop-hdds-container-service-0.5.0-SNAPSHOT.jar!/webapps/static,AVAILABLE}
2019-10-02 23:07:57,535 [main] INFO  handler.ContextHandler (ContextHandler.java:doStart(781)) - Started o.e.j.w.WebAppContext@2792b416{/,file:///tmp/jetty-0.0.0.0-41445-hddsDatanode-_-any-7412601962857318580.dir/webapp/,AVAILABLE}{/hddsDatanode}
2019-10-02 23:07:57,535 [main] INFO  server.AbstractConnector (AbstractConnector.java:doStart(278)) - Started ServerConnector@4735d6e5{HTTP/1.1,[http/1.1]}{0.0.0.0:41445}
2019-10-02 23:07:57,536 [main] INFO  server.Server (Server.java:doStart(419)) - Started @40896ms
2019-10-02 23:07:57,536 [main] WARN  impl.MetricsSystemImpl (MetricsSystemImpl.java:register(276)) - Sink prometheus already exists!
2019-10-02 23:07:57,537 [main] INFO  server.BaseHttpServer (BaseHttpServer.java:updateConnectorAddress(215)) - HTTP server of HDDSDATANODE is listening at http://0.0.0.0:41445
2019-10-02 23:07:57,538 [main] INFO  impl.MetricsSystemImpl (MetricsSystemImpl.java:init(158)) - HddsDatanode metrics system started (again)
2019-10-02 23:07:57,542 [org.apache.hadoop.util.JvmPauseMonitor$Monitor@74da336] INFO  util.JvmPauseMonitor (JvmPauseMonitor.java:run(188)) - Starting JVM pause monitor
2019-10-02 23:07:57,543 [main] INFO  ozone.HddsDatanodeService (HddsDatanodeService.java:start(184)) - HddsDatanodeService host:pr-hdds1737-lts7z-2510321508 ip:192.168.30.30
2019-10-02 23:07:57,544 [Datanode State Machine Thread - 0] INFO  datanode.InitDatanodeState (InitDatanodeState.java:persistContainerDatanodeDetails(140)) - DatanodeDetails is persisted to /workdir/hadoop-ozone/ozonefs/target/test-dir/MiniOzoneClusterImpl-e2d57ef1-065c-4335-89db-5132b7515c6c/datanode-0/meta/datanode.id
2019-10-02 23:07:57,551 [main] INFO  volume.HddsVolume (HddsVolume.java:<init>(176)) - Creating Volume: /workdir/hadoop-ozone/ozonefs/target/test-dir/MiniOzoneClusterImpl-e2d57ef1-065c-4335-89db-5132b7515c6c/datanode-1/data/containers/hdds of  storage type : DISK and capacity : 1482555576320
2019-10-02 23:07:57,551 [main] INFO  volume.VolumeSet (VolumeSet.java:initializeVolumeSet(170)) - Added Volume : /workdir/hadoop-ozone/ozonefs/target/test-dir/MiniOzoneClusterImpl-e2d57ef1-065c-4335-89db-5132b7515c6c/datanode-1/data/containers/hdds to VolumeSet
2019-10-02 23:07:57,552 [main] INFO  volume.ThrottledAsyncChecker (ThrottledAsyncChecker.java:schedule(139)) - Scheduling a check for org.apache.hadoop.ozone.container.common.volume.HddsVolume@4640195a
2019-10-02 23:07:57,552 [main] INFO  volume.HddsVolumeChecker (HddsVolumeChecker.java:checkAllVolumes(202)) - Scheduled health check for volume org.apache.hadoop.ozone.container.common.volume.HddsVolume@4640195a
2019-10-02 23:07:57,589 [main] INFO  impl.RaftServerProxy (ConfUtils.java:logGet(43)) - raft.rpc.type = GRPC (default)
2019-10-02 23:07:57,589 [main] INFO  grpc.GrpcFactory (GrpcFactory.java:checkPooledByteBufAllocatorUseCacheForAllThreads(45)) - PERFORMANCE WARNING: useCacheForAllThreads is true that may cause Netty to create a lot garbage objects and, as a result, trigger GC.
	It is recommended to disable useCacheForAllThreads by setting -Dorg.apache.ratis.thirdparty.io.netty.allocator.useCacheForAllThreads=false in command line.
2019-10-02 23:07:57,590 [main] INFO  grpc.GrpcConfigKeys$Server (ConfUtils.java:logGet(43)) - raft.grpc.server.port = 0 (default)
2019-10-02 23:07:57,590 [main] INFO  server.GrpcService (ConfUtils.java:logGet(43)) - raft.grpc.message.size.max = 33570816 (custom)
2019-10-02 23:07:57,591 [main] INFO  server.RaftServerConfigKeys (ConfUtils.java:logGet(43)) - raft.server.log.appender.buffer.byte-limit = 33554432 (custom)
2019-10-02 23:07:57,591 [main] INFO  server.GrpcService (ConfUtils.java:logGet(43)) - raft.grpc.flow.control.window = 1MB (=1048576) (default)
2019-10-02 23:07:57,591 [main] INFO  server.RaftServerConfigKeys (ConfUtils.java:logGet(43)) - raft.server.rpc.request.timeout = 3000ms (default)
2019-10-02 23:07:57,592 [main] INFO  server.RaftServerConfigKeys (ConfUtils.java:logGet(43)) - raft.server.storage.dir = [/workdir/hadoop-ozone/ozonefs/target/test-dir/MiniOzoneClusterImpl-e2d57ef1-065c-4335-89db-5132b7515c6c/datanode-1/data/ratis] (custom)
2019-10-02 23:07:57,594 [main] INFO  hdfs.DFSUtil (DFSUtil.java:httpServerTemplateForNNAndJN(1641)) - Starting Web-server for hddsDatanode at: http://0.0.0.0:0
2019-10-02 23:07:57,596 [main] INFO  server.AuthenticationFilter (AuthenticationFilter.java:constructSecretProvider(240)) - Unable to initialize FileSignerSecretProvider, falling back to use random secrets.
2019-10-02 23:07:57,597 [main] WARN  http.HttpRequestLog (HttpRequestLog.java:getRequestLog(97)) - Jetty request log can only be enabled using Log4j
2019-10-02 23:07:57,600 [main] INFO  http.HttpServer2 (HttpServer2.java:addGlobalFilter(975)) - Added global filter 'safety' (class=org.apache.hadoop.http.HttpServer2$QuotingInputFilter)
2019-10-02 23:07:57,601 [main] INFO  http.HttpServer2 (HttpServer2.java:addFilter(948)) - Added filter static_user_filter (class=org.apache.hadoop.http.lib.StaticUserWebFilter$StaticUserFilter) to context hddsDatanode
2019-10-02 23:07:57,601 [main] INFO  http.HttpServer2 (HttpServer2.java:addFilter(958)) - Added filter static_user_filter (class=org.apache.hadoop.http.lib.StaticUserWebFilter$StaticUserFilter) to context static
2019-10-02 23:07:57,602 [main] INFO  http.HttpServer2 (HttpServer2.java:addFilter(958)) - Added filter static_user_filter (class=org.apache.hadoop.http.lib.StaticUserWebFilter$StaticUserFilter) to context logs
2019-10-02 23:07:57,603 [main] INFO  http.HttpServer2 (HttpServer2.java:bindListener(1191)) - Jetty bound to port 43458
2019-10-02 23:07:57,603 [main] INFO  server.Server (Server.java:doStart(351)) - jetty-9.3.25.v20180904, build timestamp: 2018-09-04T21:11:46Z, git hash: 3ce520221d0240229c862b122d2b06c12a625732
2019-10-02 23:07:57,605 [main] INFO  handler.ContextHandler (ContextHandler.java:doStart(781)) - Started o.e.j.s.ServletContextHandler@e829999{/logs,file:///workdir/hadoop-ozone/ozonefs/target/log,AVAILABLE}
2019-10-02 23:07:57,606 [main] INFO  handler.ContextHandler (ContextHandler.java:doStart(781)) - Started o.e.j.s.ServletContextHandler@6cbe68e9{/static,jar:file:/home/user/.m2/repository/org/apache/hadoop/hadoop-hdds-container-service/0.5.0-SNAPSHOT/hadoop-hdds-container-service-0.5.0-SNAPSHOT.jar!/webapps/static,AVAILABLE}
2019-10-02 23:07:57,650 [main] INFO  handler.ContextHandler (ContextHandler.java:doStart(781)) - Started o.e.j.w.WebAppContext@429aeac1{/,file:///tmp/jetty-0.0.0.0-43458-hddsDatanode-_-any-5731624658078750959.dir/webapp/,AVAILABLE}{/hddsDatanode}
2019-10-02 23:07:57,651 [main] INFO  server.AbstractConnector (AbstractConnector.java:doStart(278)) - Started ServerConnector@79eeff87{HTTP/1.1,[http/1.1]}{0.0.0.0:43458}
2019-10-02 23:07:57,652 [main] INFO  server.Server (Server.java:doStart(419)) - Started @41011ms
2019-10-02 23:07:57,652 [main] WARN  impl.MetricsSystemImpl (MetricsSystemImpl.java:register(276)) - Sink prometheus already exists!
2019-10-02 23:07:57,653 [main] INFO  server.BaseHttpServer (BaseHttpServer.java:updateConnectorAddress(215)) - HTTP server of HDDSDATANODE is listening at http://0.0.0.0:43458
2019-10-02 23:07:57,653 [main] INFO  impl.MetricsSystemImpl (MetricsSystemImpl.java:init(158)) - HddsDatanode metrics system started (again)
2019-10-02 23:07:57,657 [org.apache.hadoop.util.JvmPauseMonitor$Monitor@2cfc2f4e] INFO  util.JvmPauseMonitor (JvmPauseMonitor.java:run(188)) - Starting JVM pause monitor
2019-10-02 23:07:57,657 [main] INFO  ozone.HddsDatanodeService (HddsDatanodeService.java:start(184)) - HddsDatanodeService host:pr-hdds1737-lts7z-2510321508 ip:192.168.30.30
2019-10-02 23:07:57,659 [Datanode State Machine Thread - 0] INFO  datanode.InitDatanodeState (InitDatanodeState.java:persistContainerDatanodeDetails(140)) - DatanodeDetails is persisted to /workdir/hadoop-ozone/ozonefs/target/test-dir/MiniOzoneClusterImpl-e2d57ef1-065c-4335-89db-5132b7515c6c/datanode-1/meta/datanode.id
2019-10-02 23:07:57,664 [main] INFO  volume.HddsVolume (HddsVolume.java:<init>(176)) - Creating Volume: /workdir/hadoop-ozone/ozonefs/target/test-dir/MiniOzoneClusterImpl-e2d57ef1-065c-4335-89db-5132b7515c6c/datanode-2/data/containers/hdds of  storage type : DISK and capacity : 1482555576320
2019-10-02 23:07:57,664 [main] INFO  volume.VolumeSet (VolumeSet.java:initializeVolumeSet(170)) - Added Volume : /workdir/hadoop-ozone/ozonefs/target/test-dir/MiniOzoneClusterImpl-e2d57ef1-065c-4335-89db-5132b7515c6c/datanode-2/data/containers/hdds to VolumeSet
2019-10-02 23:07:57,665 [main] INFO  volume.ThrottledAsyncChecker (ThrottledAsyncChecker.java:schedule(139)) - Scheduling a check for org.apache.hadoop.ozone.container.common.volume.HddsVolume@1de0641b
2019-10-02 23:07:57,665 [main] INFO  volume.HddsVolumeChecker (HddsVolumeChecker.java:checkAllVolumes(202)) - Scheduled health check for volume org.apache.hadoop.ozone.container.common.volume.HddsVolume@1de0641b
2019-10-02 23:07:57,684 [main] INFO  impl.RaftServerProxy (ConfUtils.java:logGet(43)) - raft.rpc.type = GRPC (default)
2019-10-02 23:07:57,684 [main] INFO  grpc.GrpcFactory (GrpcFactory.java:checkPooledByteBufAllocatorUseCacheForAllThreads(45)) - PERFORMANCE WARNING: useCacheForAllThreads is true that may cause Netty to create a lot garbage objects and, as a result, trigger GC.
	It is recommended to disable useCacheForAllThreads by setting -Dorg.apache.ratis.thirdparty.io.netty.allocator.useCacheForAllThreads=false in command line.
2019-10-02 23:07:57,684 [main] INFO  grpc.GrpcConfigKeys$Server (ConfUtils.java:logGet(43)) - raft.grpc.server.port = 0 (default)
2019-10-02 23:07:57,684 [main] INFO  server.GrpcService (ConfUtils.java:logGet(43)) - raft.grpc.message.size.max = 33570816 (custom)
2019-10-02 23:07:57,685 [main] INFO  server.RaftServerConfigKeys (ConfUtils.java:logGet(43)) - raft.server.log.appender.buffer.byte-limit = 33554432 (custom)
2019-10-02 23:07:57,685 [main] INFO  server.GrpcService (ConfUtils.java:logGet(43)) - raft.grpc.flow.control.window = 1MB (=1048576) (default)
2019-10-02 23:07:57,685 [main] INFO  server.RaftServerConfigKeys (ConfUtils.java:logGet(43)) - raft.server.rpc.request.timeout = 3000ms (default)
2019-10-02 23:07:57,685 [main] INFO  server.RaftServerConfigKeys (ConfUtils.java:logGet(43)) - raft.server.storage.dir = [/workdir/hadoop-ozone/ozonefs/target/test-dir/MiniOzoneClusterImpl-e2d57ef1-065c-4335-89db-5132b7515c6c/datanode-2/data/ratis] (custom)
2019-10-02 23:07:57,687 [main] INFO  hdfs.DFSUtil (DFSUtil.java:httpServerTemplateForNNAndJN(1641)) - Starting Web-server for hddsDatanode at: http://0.0.0.0:0
2019-10-02 23:07:57,688 [main] INFO  server.AuthenticationFilter (AuthenticationFilter.java:constructSecretProvider(240)) - Unable to initialize FileSignerSecretProvider, falling back to use random secrets.
2019-10-02 23:07:57,689 [main] WARN  http.HttpRequestLog (HttpRequestLog.java:getRequestLog(97)) - Jetty request log can only be enabled using Log4j
2019-10-02 23:07:57,691 [main] INFO  http.HttpServer2 (HttpServer2.java:addGlobalFilter(975)) - Added global filter 'safety' (class=org.apache.hadoop.http.HttpServer2$QuotingInputFilter)
2019-10-02 23:07:57,694 [main] INFO  http.HttpServer2 (HttpServer2.java:addFilter(948)) - Added filter static_user_filter (class=org.apache.hadoop.http.lib.StaticUserWebFilter$StaticUserFilter) to context hddsDatanode
2019-10-02 23:07:57,694 [main] INFO  http.HttpServer2 (HttpServer2.java:addFilter(958)) - Added filter static_user_filter (class=org.apache.hadoop.http.lib.StaticUserWebFilter$StaticUserFilter) to context static
2019-10-02 23:07:57,694 [main] INFO  http.HttpServer2 (HttpServer2.java:addFilter(958)) - Added filter static_user_filter (class=org.apache.hadoop.http.lib.StaticUserWebFilter$StaticUserFilter) to context logs
2019-10-02 23:07:57,695 [main] INFO  http.HttpServer2 (HttpServer2.java:bindListener(1191)) - Jetty bound to port 32872
2019-10-02 23:07:57,695 [main] INFO  server.Server (Server.java:doStart(351)) - jetty-9.3.25.v20180904, build timestamp: 2018-09-04T21:11:46Z, git hash: 3ce520221d0240229c862b122d2b06c12a625732
2019-10-02 23:07:57,696 [main] INFO  handler.ContextHandler (ContextHandler.java:doStart(781)) - Started o.e.j.s.ServletContextHandler@5e230fc6{/logs,file:///workdir/hadoop-ozone/ozonefs/target/log,AVAILABLE}
2019-10-02 23:07:57,697 [main] INFO  handler.ContextHandler (ContextHandler.java:doStart(781)) - Started o.e.j.s.ServletContextHandler@ca8ef3a{/static,jar:file:/home/user/.m2/repository/org/apache/hadoop/hadoop-hdds-container-service/0.5.0-SNAPSHOT/hadoop-hdds-container-service-0.5.0-SNAPSHOT.jar!/webapps/static,AVAILABLE}
2019-10-02 23:07:57,725 [main] INFO  handler.ContextHandler (ContextHandler.java:doStart(781)) - Started o.e.j.w.WebAppContext@1084ac45{/,file:///tmp/jetty-0.0.0.0-32872-hddsDatanode-_-any-1574636980471997050.dir/webapp/,AVAILABLE}{/hddsDatanode}
2019-10-02 23:07:57,725 [main] INFO  server.AbstractConnector (AbstractConnector.java:doStart(278)) - Started ServerConnector@566f1852{HTTP/1.1,[http/1.1]}{0.0.0.0:32872}
2019-10-02 23:07:57,727 [main] INFO  server.Server (Server.java:doStart(419)) - Started @41086ms
2019-10-02 23:07:57,727 [main] WARN  impl.MetricsSystemImpl (MetricsSystemImpl.java:register(276)) - Sink prometheus already exists!
2019-10-02 23:07:57,728 [main] INFO  server.BaseHttpServer (BaseHttpServer.java:updateConnectorAddress(215)) - HTTP server of HDDSDATANODE is listening at http://0.0.0.0:32872
2019-10-02 23:07:57,728 [main] INFO  ozone.MiniOzoneClusterImpl (MiniOzoneClusterImpl.java:lambda$waitForClusterToBeReady$0(147)) - Waiting for cluster to be ready. Got 0 of 3 DN Heartbeats.
2019-10-02 23:07:57,729 [org.apache.hadoop.util.JvmPauseMonitor$Monitor@26dd3eb2] INFO  util.JvmPauseMonitor (JvmPauseMonitor.java:run(188)) - Starting JVM pause monitor
2019-10-02 23:07:57,731 [Datanode State Machine Thread - 0] INFO  datanode.InitDatanodeState (InitDatanodeState.java:persistContainerDatanodeDetails(140)) - DatanodeDetails is persisted to /workdir/hadoop-ozone/ozonefs/target/test-dir/MiniOzoneClusterImpl-e2d57ef1-065c-4335-89db-5132b7515c6c/datanode-2/meta/datanode.id
2019-10-02 23:07:58,729 [main] INFO  ozone.MiniOzoneClusterImpl (MiniOzoneClusterImpl.java:lambda$waitForClusterToBeReady$0(147)) - Waiting for cluster to be ready. Got 0 of 3 DN Heartbeats.
2019-10-02 23:07:59,571 [Datanode State Machine Thread - 0] INFO  ozoneimpl.OzoneContainer (OzoneContainer.java:start(217)) - Attempting to start container services.
2019-10-02 23:07:59,571 [Datanode State Machine Thread - 0] INFO  ozoneimpl.OzoneContainer (OzoneContainer.java:startContainerScrub(179)) - Background container scanner has been disabled.
2019-10-02 23:07:59,571 [Datanode State Machine Thread - 0] INFO  ratis.XceiverServerRatis (XceiverServerRatis.java:start(417)) - Starting XceiverServerRatis 274b30cf-bfbe-44f7-9954-c15457e9cee2 at port 0
2019-10-02 23:07:59,576 [Datanode State Machine Thread - 0] INFO  impl.RaftServerProxy (RaftServerProxy.java:lambda$start$3(299)) - 274b30cf-bfbe-44f7-9954-c15457e9cee2: start RPC server
2019-10-02 23:07:59,578 [Datanode State Machine Thread - 0] INFO  server.GrpcService (GrpcService.java:startImpl(158)) - 274b30cf-bfbe-44f7-9954-c15457e9cee2: GrpcService started, listening on 0.0.0.0/0.0.0.0:40538
2019-10-02 23:07:59,578 [Datanode State Machine Thread - 0] INFO  ratis.XceiverServerRatis (XceiverServerRatis.java:start(427)) - XceiverServerRatis 274b30cf-bfbe-44f7-9954-c15457e9cee2 is started using port 40538
2019-10-02 23:07:59,579 [Datanode State Machine Thread - 0] INFO  server.XceiverServerGrpc (XceiverServerGrpc.java:start(149)) - XceiverServerGrpc 274b30cf-bfbe-44f7-9954-c15457e9cee2 is started using port 35259
2019-10-02 23:07:59,682 [Datanode State Machine Thread - 0] INFO  ozoneimpl.OzoneContainer (OzoneContainer.java:start(217)) - Attempting to start container services.
2019-10-02 23:07:59,683 [Datanode State Machine Thread - 0] INFO  ozoneimpl.OzoneContainer (OzoneContainer.java:startContainerScrub(179)) - Background container scanner has been disabled.
2019-10-02 23:07:59,683 [Datanode State Machine Thread - 0] INFO  ratis.XceiverServerRatis (XceiverServerRatis.java:start(417)) - Starting XceiverServerRatis e36a444f-26c5-4e8e-9443-e27acfdd66fc at port 0
2019-10-02 23:07:59,687 [Datanode State Machine Thread - 0] INFO  impl.RaftServerProxy (RaftServerProxy.java:lambda$start$3(299)) - e36a444f-26c5-4e8e-9443-e27acfdd66fc: start RPC server
2019-10-02 23:07:59,688 [Datanode State Machine Thread - 0] INFO  server.GrpcService (GrpcService.java:startImpl(158)) - e36a444f-26c5-4e8e-9443-e27acfdd66fc: GrpcService started, listening on 0.0.0.0/0.0.0.0:33544
2019-10-02 23:07:59,688 [Datanode State Machine Thread - 0] INFO  ratis.XceiverServerRatis (XceiverServerRatis.java:start(427)) - XceiverServerRatis e36a444f-26c5-4e8e-9443-e27acfdd66fc is started using port 33544
2019-10-02 23:07:59,689 [Datanode State Machine Thread - 0] INFO  server.XceiverServerGrpc (XceiverServerGrpc.java:start(149)) - XceiverServerGrpc e36a444f-26c5-4e8e-9443-e27acfdd66fc is started using port 33450
2019-10-02 23:07:59,729 [main] INFO  ozone.MiniOzoneClusterImpl (MiniOzoneClusterImpl.java:lambda$waitForClusterToBeReady$0(147)) - Waiting for cluster to be ready. Got 0 of 3 DN Heartbeats.
2019-10-02 23:07:59,755 [Datanode State Machine Thread - 0] INFO  ozoneimpl.OzoneContainer (OzoneContainer.java:start(217)) - Attempting to start container services.
2019-10-02 23:07:59,755 [Datanode State Machine Thread - 0] INFO  ozoneimpl.OzoneContainer (OzoneContainer.java:startContainerScrub(179)) - Background container scanner has been disabled.
2019-10-02 23:07:59,755 [Datanode State Machine Thread - 0] INFO  ratis.XceiverServerRatis (XceiverServerRatis.java:start(417)) - Starting XceiverServerRatis 779ca28a-ed2b-4206-a579-04299fcd0d34 at port 0
2019-10-02 23:07:59,760 [Datanode State Machine Thread - 0] INFO  impl.RaftServerProxy (RaftServerProxy.java:lambda$start$3(299)) - 779ca28a-ed2b-4206-a579-04299fcd0d34: start RPC server
2019-10-02 23:07:59,761 [Datanode State Machine Thread - 0] INFO  server.GrpcService (GrpcService.java:startImpl(158)) - 779ca28a-ed2b-4206-a579-04299fcd0d34: GrpcService started, listening on 0.0.0.0/0.0.0.0:46568
2019-10-02 23:07:59,761 [Datanode State Machine Thread - 0] INFO  ratis.XceiverServerRatis (XceiverServerRatis.java:start(427)) - XceiverServerRatis 779ca28a-ed2b-4206-a579-04299fcd0d34 is started using port 46568
2019-10-02 23:07:59,767 [Datanode State Machine Thread - 0] INFO  server.XceiverServerGrpc (XceiverServerGrpc.java:start(149)) - XceiverServerGrpc 779ca28a-ed2b-4206-a579-04299fcd0d34 is started using port 44105
2019-10-02 23:08:00,730 [main] INFO  ozone.MiniOzoneClusterImpl (MiniOzoneClusterImpl.java:lambda$waitForClusterToBeReady$0(147)) - Waiting for cluster to be ready. Got 0 of 3 DN Heartbeats.
2019-10-02 23:08:01,544 [IPC Server handler 3 on 41649] INFO  net.NetworkTopology (NetworkTopologyImpl.java:add(111)) - Added a new node: /default-rack/274b30cf-bfbe-44f7-9954-c15457e9cee2
2019-10-02 23:08:01,546 [IPC Server handler 3 on 41649] INFO  node.SCMNodeManager (SCMNodeManager.java:register(266)) - Registered Data node : 274b30cf-bfbe-44f7-9954-c15457e9cee2{ip: 192.168.30.30, host: pr-hdds1737-lts7z-2510321508, networkLocation: /default-rack, certSerialId: null}
2019-10-02 23:08:01,546 [EventQueue-NodeRegistrationContainerReportForDataNodeSafeModeRule] INFO  safemode.SCMSafeModeManager (DataNodeSafeModeRule.java:process(71)) - SCM in safe mode. 1 DataNodes registered, 1 required.
2019-10-02 23:08:01,548 [EventQueue-NodeRegistrationContainerReportForDataNodeSafeModeRule] INFO  safemode.SCMSafeModeManager (SCMSafeModeManager.java:validateSafeModeExitRules(177)) - ScmSafeModeManager, all rules are successfully validated
2019-10-02 23:08:01,548 [EventQueue-NodeRegistrationContainerReportForDataNodeSafeModeRule] INFO  safemode.SCMSafeModeManager (SCMSafeModeManager.java:exitSafeMode(193)) - SCM exiting safe mode.
2019-10-02 23:08:01,564 [grpc-default-executor-0] INFO  impl.RaftServerProxy (RaftServerProxy.java:addNew(89)) - 274b30cf-bfbe-44f7-9954-c15457e9cee2: addNew group-9C69CDCA108C:[274b30cf-bfbe-44f7-9954-c15457e9cee2:192.168.30.30:40538] returns group-9C69CDCA108C:java.util.concurrent.CompletableFuture@59ac1ebb[Not completed]
2019-10-02 23:08:01,566 [pool-127-thread-1] INFO  impl.RaftServerImpl (RaftServerImpl.java:<init>(95)) - 274b30cf-bfbe-44f7-9954-c15457e9cee2: new RaftServerImpl for group-9C69CDCA108C:[274b30cf-bfbe-44f7-9954-c15457e9cee2:192.168.30.30:40538] with ContainerStateMachine:uninitialized
2019-10-02 23:08:01,566 [pool-127-thread-1] INFO  server.RaftServerConfigKeys (ConfUtils.java:logGet(43)) - raft.server.rpc.timeout.min = 5s (custom)
2019-10-02 23:08:01,566 [pool-127-thread-1] INFO  server.RaftServerConfigKeys (ConfUtils.java:logGet(43)) - raft.server.rpc.timeout.max = 5200ms (custom)
2019-10-02 23:08:01,566 [pool-127-thread-1] INFO  server.RaftServerConfigKeys (ConfUtils.java:logGet(43)) - raft.server.rpcslowness.timeout = 120s (custom)
2019-10-02 23:08:01,567 [pool-127-thread-1] INFO  server.RaftServerConfigKeys (ConfUtils.java:logGet(43)) - raft.server.sleep.deviation.threshold = 300 (default)
2019-10-02 23:08:01,567 [pool-127-thread-1] INFO  server.RaftServerConfigKeys (ConfUtils.java:logGet(43)) - raft.server.log.appender.install.snapshot.enabled = false (custom)
2019-10-02 23:08:01,567 [pool-127-thread-1] INFO  impl.RaftServerImpl (ServerState.java:<init>(103)) - 274b30cf-bfbe-44f7-9954-c15457e9cee2@group-9C69CDCA108C: ConfigurationManager, init=-1: [274b30cf-bfbe-44f7-9954-c15457e9cee2:192.168.30.30:40538], old=null, confs=<EMPTY_MAP>
2019-10-02 23:08:01,567 [pool-127-thread-1] INFO  server.RaftServerConfigKeys (ConfUtils.java:logGet(43)) - raft.server.storage.dir = [/workdir/hadoop-ozone/ozonefs/target/test-dir/MiniOzoneClusterImpl-e2d57ef1-065c-4335-89db-5132b7515c6c/datanode-0/data/ratis] (custom)
2019-10-02 23:08:01,567 [pool-127-thread-1] INFO  server.RaftServerConfigKeys (ConfUtils.java:logGet(43)) - raft.server.log.corruption.policy = EXCEPTION (default)
2019-10-02 23:08:01,568 [pool-127-thread-1] INFO  storage.RaftStorageDirectory (RaftStorageDirectory.java:analyzeStorage(246)) - The storage directory /workdir/hadoop-ozone/ozonefs/target/test-dir/MiniOzoneClusterImpl-e2d57ef1-065c-4335-89db-5132b7515c6c/datanode-0/data/ratis/f51852e0-dc3a-4d8b-82dc-9c69cdca108c does not exist. Creating ...
2019-10-02 23:08:01,591 [pool-127-thread-1] INFO  storage.RaftStorageDirectory (RaftStorageDirectory.java:tryLock(328)) - Lock on /workdir/hadoop-ozone/ozonefs/target/test-dir/MiniOzoneClusterImpl-e2d57ef1-065c-4335-89db-5132b7515c6c/datanode-0/data/ratis/f51852e0-dc3a-4d8b-82dc-9c69cdca108c/in_use.lock acquired by nodename 16001@pr-hdds1737-lts7z-2510321508
2019-10-02 23:08:01,614 [pool-127-thread-1] INFO  storage.RaftStorage (RaftStorage.java:format(84)) - Storage directory /workdir/hadoop-ozone/ozonefs/target/test-dir/MiniOzoneClusterImpl-e2d57ef1-065c-4335-89db-5132b7515c6c/datanode-0/data/ratis/f51852e0-dc3a-4d8b-82dc-9c69cdca108c has been successfully formatted.
2019-10-02 23:08:01,614 [pool-127-thread-1] INFO  ratis.ContainerStateMachine (ContainerStateMachine.java:loadSnapshot(230)) - group-9C69CDCA108C: The snapshot info is null. Setting the last applied indexto:(t:0, i:~)
2019-10-02 23:08:01,614 [pool-127-thread-1] INFO  server.RaftServerConfigKeys (ConfUtils.java:logGet(43)) - raft.server.notification.no-leader.timeout = 120s (custom)
2019-10-02 23:08:01,615 [pool-127-thread-1] INFO  server.RaftServerConfigKeys (ConfUtils.java:logGet(43)) - raft.server.log.use.memory = false (default)
2019-10-02 23:08:01,615 [pool-127-thread-1] INFO  server.RaftServerConfigKeys (ConfUtils.java:logGet(43)) - raft.server.log.purge.gap = 1000000 (custom)
2019-10-02 23:08:01,615 [pool-127-thread-1] INFO  server.RaftServerConfigKeys (ConfUtils.java:logGet(43)) - raft.server.log.appender.buffer.byte-limit = 33554432 (custom)
2019-10-02 23:08:01,615 [pool-127-thread-1] INFO  server.RaftServerConfigKeys (ConfUtils.java:logGet(43)) - raft.server.log.segment.size.max = 1048576 (custom)
2019-10-02 23:08:01,617 [pool-127-thread-1] INFO  server.RaftServerConfigKeys (ConfUtils.java:logGet(43)) - raft.server.log.segment.cache.num.max = 2 (custom)
2019-10-02 23:08:01,617 [pool-127-thread-1] INFO  segmented.SegmentedRaftLogWorker (SegmentedRaftLogWorker.java:<init>(173)) - new 274b30cf-bfbe-44f7-9954-c15457e9cee2@group-9C69CDCA108C-SegmentedRaftLogWorker for RaftStorage:Storage Directory /workdir/hadoop-ozone/ozonefs/target/test-dir/MiniOzoneClusterImpl-e2d57ef1-065c-4335-89db-5132b7515c6c/datanode-0/data/ratis/f51852e0-dc3a-4d8b-82dc-9c69cdca108c
2019-10-02 23:08:01,617 [pool-127-thread-1] INFO  server.RaftServerConfigKeys (ConfUtils.java:logGet(43)) - raft.server.log.queue.byte-limit = 2147483647 (custom)
2019-10-02 23:08:01,617 [pool-127-thread-1] INFO  server.RaftServerConfigKeys (ConfUtils.java:logGet(43)) - raft.server.log.queue.element-limit = 1024 (custom)
2019-10-02 23:08:01,617 [pool-127-thread-1] INFO  server.RaftServerConfigKeys (ConfUtils.java:logGet(43)) - raft.server.log.segment.size.max = 1048576 (custom)
2019-10-02 23:08:01,617 [pool-127-thread-1] INFO  server.RaftServerConfigKeys (ConfUtils.java:logGet(43)) - raft.server.log.preallocated.size = 16384 (custom)
2019-10-02 23:08:01,618 [pool-127-thread-1] INFO  server.RaftServerConfigKeys (ConfUtils.java:logGet(43)) - raft.server.log.write.buffer.size = 33554432 (custom)
2019-10-02 23:08:01,618 [pool-127-thread-1] INFO  server.RaftServerConfigKeys (ConfUtils.java:logGet(43)) - raft.server.log.force.sync.num = 128 (default)
2019-10-02 23:08:01,618 [pool-127-thread-1] INFO  server.RaftServerConfigKeys (ConfUtils.java:logGet(43)) - raft.server.log.statemachine.data.sync = true (default)
2019-10-02 23:08:01,618 [pool-127-thread-1] INFO  server.RaftServerConfigKeys (ConfUtils.java:logGet(43)) - raft.server.log.statemachine.data.sync.timeout = 10s (default)
2019-10-02 23:08:01,618 [pool-127-thread-1] INFO  server.RaftServerConfigKeys (ConfUtils.java:logGet(43)) - raft.server.log.statemachine.data.sync.timeout.retry = -1 (default)
2019-10-02 23:08:01,618 [pool-127-thread-1] INFO  server.RaftServerConfigKeys (ConfUtils.java:logGet(43)) - raft.server.log.statemachine.data.caching.enabled = true (custom)
2019-10-02 23:08:01,619 [pool-127-thread-1] INFO  segmented.SegmentedRaftLogWorker (SegmentedRaftLogWorker.java:lambda$new$0(128)) - 274b30cf-bfbe-44f7-9954-c15457e9cee2@group-9C69CDCA108C-SegmentedRaftLogWorker: flushIndex: setUnconditionally 0 -> -1
2019-10-02 23:08:01,619 [pool-127-thread-1] INFO  server.RaftServerConfigKeys (ConfUtils.java:logGet(43)) - raft.server.snapshot.auto.trigger.enabled = true (custom)
2019-10-02 23:08:01,619 [pool-127-thread-1] INFO  server.RaftServerConfigKeys (ConfUtils.java:logGet(43)) - raft.server.snapshot.auto.trigger.threshold = 10000 (custom)
2019-10-02 23:08:01,619 [pool-127-thread-1] INFO  server.RaftServerConfigKeys (ConfUtils.java:logGet(43)) - raft.server.snapshot.retention.file.num = 5 (custom)
2019-10-02 23:08:01,619 [pool-127-thread-1] INFO  server.RaftServerConfigKeys (ConfUtils.java:logGet(43)) - raft.server.retrycache.expirytime = 600000ms (custom)
2019-10-02 23:08:01,621 [pool-127-thread-1] INFO  impl.RaftServerImpl (RaftServerImpl.java:start(181)) - 274b30cf-bfbe-44f7-9954-c15457e9cee2@group-9C69CDCA108C: start as a follower, conf=-1: [274b30cf-bfbe-44f7-9954-c15457e9cee2:192.168.30.30:40538], old=null
2019-10-02 23:08:01,621 [pool-127-thread-1] INFO  impl.RaftServerImpl (RaftServerImpl.java:setRole(170)) - 274b30cf-bfbe-44f7-9954-c15457e9cee2@group-9C69CDCA108C: changes role from      null to FOLLOWER at term 0 for startAsFollower
2019-10-02 23:08:01,621 [pool-127-thread-1] INFO  impl.RoleInfo (RoleInfo.java:updateAndGet(143)) - 274b30cf-bfbe-44f7-9954-c15457e9cee2: start FollowerState
2019-10-02 23:08:01,621 [pool-127-thread-1] INFO  util.JmxRegister (JmxRegister.java:tryRegister(44)) - Successfully registered JMX Bean with object name Ratis:service=RaftServer,group=group-9C69CDCA108C,id=274b30cf-bfbe-44f7-9954-c15457e9cee2
2019-10-02 23:08:01,629 [RatisPipelineUtilsThread] INFO  pipeline.PipelineStateManager (PipelineStateManager.java:addPipeline(56)) - Created pipeline Pipeline[ Id: f51852e0-dc3a-4d8b-82dc-9c69cdca108c, Nodes: 274b30cf-bfbe-44f7-9954-c15457e9cee2{ip: 192.168.30.30, host: pr-hdds1737-lts7z-2510321508, networkLocation: /default-rack, certSerialId: null}, Type:RATIS, Factor:ONE, State:OPEN]
2019-10-02 23:08:01,658 [IPC Server handler 0 on 41649] INFO  net.NetworkTopology (NetworkTopologyImpl.java:add(111)) - Added a new node: /default-rack/e36a444f-26c5-4e8e-9443-e27acfdd66fc
2019-10-02 23:08:01,659 [IPC Server handler 0 on 41649] INFO  node.SCMNodeManager (SCMNodeManager.java:register(266)) - Registered Data node : e36a444f-26c5-4e8e-9443-e27acfdd66fc{ip: 192.168.30.30, host: pr-hdds1737-lts7z-2510321508, networkLocation: /default-rack, certSerialId: null}
2019-10-02 23:08:01,679 [grpc-default-executor-0] INFO  impl.RaftServerProxy (RaftServerProxy.java:addNew(89)) - e36a444f-26c5-4e8e-9443-e27acfdd66fc: addNew group-AFCAD8F51901:[e36a444f-26c5-4e8e-9443-e27acfdd66fc:192.168.30.30:33544] returns group-AFCAD8F51901:java.util.concurrent.CompletableFuture@e36e95[Not completed]
2019-10-02 23:08:01,680 [pool-137-thread-1] INFO  impl.RaftServerImpl (RaftServerImpl.java:<init>(95)) - e36a444f-26c5-4e8e-9443-e27acfdd66fc: new RaftServerImpl for group-AFCAD8F51901:[e36a444f-26c5-4e8e-9443-e27acfdd66fc:192.168.30.30:33544] with ContainerStateMachine:uninitialized
2019-10-02 23:08:01,681 [pool-137-thread-1] INFO  server.RaftServerConfigKeys (ConfUtils.java:logGet(43)) - raft.server.rpc.timeout.min = 5s (custom)
2019-10-02 23:08:01,681 [pool-137-thread-1] INFO  server.RaftServerConfigKeys (ConfUtils.java:logGet(43)) - raft.server.rpc.timeout.max = 5200ms (custom)
2019-10-02 23:08:01,681 [pool-137-thread-1] INFO  server.RaftServerConfigKeys (ConfUtils.java:logGet(43)) - raft.server.rpcslowness.timeout = 120s (custom)
2019-10-02 23:08:01,681 [pool-137-thread-1] INFO  server.RaftServerConfigKeys (ConfUtils.java:logGet(43)) - raft.server.sleep.deviation.threshold = 300 (default)
2019-10-02 23:08:01,681 [pool-137-thread-1] INFO  server.RaftServerConfigKeys (ConfUtils.java:logGet(43)) - raft.server.log.appender.install.snapshot.enabled = false (custom)
2019-10-02 23:08:01,681 [pool-137-thread-1] INFO  impl.RaftServerImpl (ServerState.java:<init>(103)) - e36a444f-26c5-4e8e-9443-e27acfdd66fc@group-AFCAD8F51901: ConfigurationManager, init=-1: [e36a444f-26c5-4e8e-9443-e27acfdd66fc:192.168.30.30:33544], old=null, confs=<EMPTY_MAP>
2019-10-02 23:08:01,681 [pool-137-thread-1] INFO  server.RaftServerConfigKeys (ConfUtils.java:logGet(43)) - raft.server.storage.dir = [/workdir/hadoop-ozone/ozonefs/target/test-dir/MiniOzoneClusterImpl-e2d57ef1-065c-4335-89db-5132b7515c6c/datanode-1/data/ratis] (custom)
2019-10-02 23:08:01,682 [pool-137-thread-1] INFO  server.RaftServerConfigKeys (ConfUtils.java:logGet(43)) - raft.server.log.corruption.policy = EXCEPTION (default)
2019-10-02 23:08:01,682 [pool-137-thread-1] INFO  storage.RaftStorageDirectory (RaftStorageDirectory.java:analyzeStorage(246)) - The storage directory /workdir/hadoop-ozone/ozonefs/target/test-dir/MiniOzoneClusterImpl-e2d57ef1-065c-4335-89db-5132b7515c6c/datanode-1/data/ratis/35224621-8e6d-48ca-a56a-afcad8f51901 does not exist. Creating ...
2019-10-02 23:08:01,705 [pool-137-thread-1] INFO  storage.RaftStorageDirectory (RaftStorageDirectory.java:tryLock(328)) - Lock on /workdir/hadoop-ozone/ozonefs/target/test-dir/MiniOzoneClusterImpl-e2d57ef1-065c-4335-89db-5132b7515c6c/datanode-1/data/ratis/35224621-8e6d-48ca-a56a-afcad8f51901/in_use.lock acquired by nodename 16001@pr-hdds1737-lts7z-2510321508
2019-10-02 23:08:01,728 [pool-137-thread-1] INFO  storage.RaftStorage (RaftStorage.java:format(84)) - Storage directory /workdir/hadoop-ozone/ozonefs/target/test-dir/MiniOzoneClusterImpl-e2d57ef1-065c-4335-89db-5132b7515c6c/datanode-1/data/ratis/35224621-8e6d-48ca-a56a-afcad8f51901 has been successfully formatted.
2019-10-02 23:08:01,728 [pool-137-thread-1] INFO  ratis.ContainerStateMachine (ContainerStateMachine.java:loadSnapshot(230)) - group-AFCAD8F51901: The snapshot info is null. Setting the last applied indexto:(t:0, i:~)
2019-10-02 23:08:01,728 [pool-137-thread-1] INFO  server.RaftServerConfigKeys (ConfUtils.java:logGet(43)) - raft.server.notification.no-leader.timeout = 120s (custom)
2019-10-02 23:08:01,729 [pool-137-thread-1] INFO  server.RaftServerConfigKeys (ConfUtils.java:logGet(43)) - raft.server.log.use.memory = false (default)
2019-10-02 23:08:01,729 [pool-137-thread-1] INFO  server.RaftServerConfigKeys (ConfUtils.java:logGet(43)) - raft.server.log.purge.gap = 1000000 (custom)
2019-10-02 23:08:01,729 [pool-137-thread-1] INFO  server.RaftServerConfigKeys (ConfUtils.java:logGet(43)) - raft.server.log.appender.buffer.byte-limit = 33554432 (custom)
2019-10-02 23:08:01,729 [pool-137-thread-1] INFO  server.RaftServerConfigKeys (ConfUtils.java:logGet(43)) - raft.server.log.segment.size.max = 1048576 (custom)
2019-10-02 23:08:01,730 [IPC Server handler 2 on 41649] INFO  net.NetworkTopology (NetworkTopologyImpl.java:add(111)) - Added a new node: /default-rack/779ca28a-ed2b-4206-a579-04299fcd0d34
2019-10-02 23:08:01,730 [IPC Server handler 2 on 41649] INFO  node.SCMNodeManager (SCMNodeManager.java:register(266)) - Registered Data node : 779ca28a-ed2b-4206-a579-04299fcd0d34{ip: 192.168.30.30, host: pr-hdds1737-lts7z-2510321508, networkLocation: /default-rack, certSerialId: null}
2019-10-02 23:08:01,730 [main] INFO  ozone.MiniOzoneClusterImpl (MiniOzoneClusterImpl.java:lambda$waitForClusterToBeReady$0(147)) - Cluster is ready. Got 3 of 3 DN Heartbeats.
2019-10-02 23:08:01,732 [pool-137-thread-1] INFO  server.RaftServerConfigKeys (ConfUtils.java:logGet(43)) - raft.server.log.segment.cache.num.max = 2 (custom)
2019-10-02 23:08:01,732 [pool-137-thread-1] INFO  segmented.SegmentedRaftLogWorker (SegmentedRaftLogWorker.java:<init>(173)) - new e36a444f-26c5-4e8e-9443-e27acfdd66fc@group-AFCAD8F51901-SegmentedRaftLogWorker for RaftStorage:Storage Directory /workdir/hadoop-ozone/ozonefs/target/test-dir/MiniOzoneClusterImpl-e2d57ef1-065c-4335-89db-5132b7515c6c/datanode-1/data/ratis/35224621-8e6d-48ca-a56a-afcad8f51901
2019-10-02 23:08:01,732 [pool-137-thread-1] INFO  server.RaftServerConfigKeys (ConfUtils.java:logGet(43)) - raft.server.log.queue.byte-limit = 2147483647 (custom)
2019-10-02 23:08:01,732 [pool-137-thread-1] INFO  server.RaftServerConfigKeys (ConfUtils.java:logGet(43)) - raft.server.log.queue.element-limit = 1024 (custom)
2019-10-02 23:08:01,733 [pool-137-thread-1] INFO  server.RaftServerConfigKeys (ConfUtils.java:logGet(43)) - raft.server.log.segment.size.max = 1048576 (custom)
2019-10-02 23:08:01,733 [pool-137-thread-1] INFO  server.RaftServerConfigKeys (ConfUtils.java:logGet(43)) - raft.server.log.preallocated.size = 16384 (custom)
2019-10-02 23:08:01,733 [pool-137-thread-1] INFO  server.RaftServerConfigKeys (ConfUtils.java:logGet(43)) - raft.server.log.write.buffer.size = 33554432 (custom)
2019-10-02 23:08:01,733 [pool-137-thread-1] INFO  server.RaftServerConfigKeys (ConfUtils.java:logGet(43)) - raft.server.log.force.sync.num = 128 (default)
2019-10-02 23:08:01,733 [pool-137-thread-1] INFO  server.RaftServerConfigKeys (ConfUtils.java:logGet(43)) - raft.server.log.statemachine.data.sync = true (default)
2019-10-02 23:08:01,734 [pool-137-thread-1] INFO  server.RaftServerConfigKeys (ConfUtils.java:logGet(43)) - raft.server.log.statemachine.data.sync.timeout = 10s (default)
2019-10-02 23:08:01,734 [pool-137-thread-1] INFO  server.RaftServerConfigKeys (ConfUtils.java:logGet(43)) - raft.server.log.statemachine.data.sync.timeout.retry = -1 (default)
2019-10-02 23:08:01,737 [pool-137-thread-1] INFO  server.RaftServerConfigKeys (ConfUtils.java:logGet(43)) - raft.server.log.statemachine.data.caching.enabled = true (custom)
2019-10-02 23:08:01,737 [pool-137-thread-1] INFO  segmented.SegmentedRaftLogWorker (SegmentedRaftLogWorker.java:lambda$new$0(128)) - e36a444f-26c5-4e8e-9443-e27acfdd66fc@group-AFCAD8F51901-SegmentedRaftLogWorker: flushIndex: setUnconditionally 0 -> -1
2019-10-02 23:08:01,738 [pool-137-thread-1] INFO  server.RaftServerConfigKeys (ConfUtils.java:logGet(43)) - raft.server.snapshot.auto.trigger.enabled = true (custom)
2019-10-02 23:08:01,738 [pool-137-thread-1] INFO  server.RaftServerConfigKeys (ConfUtils.java:logGet(43)) - raft.server.snapshot.auto.trigger.threshold = 10000 (custom)
2019-10-02 23:08:01,738 [pool-137-thread-1] INFO  server.RaftServerConfigKeys (ConfUtils.java:logGet(43)) - raft.server.snapshot.retention.file.num = 5 (custom)
2019-10-02 23:08:01,739 [pool-137-thread-1] INFO  server.RaftServerConfigKeys (ConfUtils.java:logGet(43)) - raft.server.retrycache.expirytime = 600000ms (custom)
2019-10-02 23:08:01,748 [pool-137-thread-1] INFO  impl.RaftServerImpl (RaftServerImpl.java:start(181)) - e36a444f-26c5-4e8e-9443-e27acfdd66fc@group-AFCAD8F51901: start as a follower, conf=-1: [e36a444f-26c5-4e8e-9443-e27acfdd66fc:192.168.30.30:33544], old=null
2019-10-02 23:08:01,748 [pool-137-thread-1] INFO  impl.RaftServerImpl (RaftServerImpl.java:setRole(170)) - e36a444f-26c5-4e8e-9443-e27acfdd66fc@group-AFCAD8F51901: changes role from      null to FOLLOWER at term 0 for startAsFollower
2019-10-02 23:08:01,748 [pool-137-thread-1] INFO  impl.RoleInfo (RoleInfo.java:updateAndGet(143)) - e36a444f-26c5-4e8e-9443-e27acfdd66fc: start FollowerState
2019-10-02 23:08:01,748 [pool-137-thread-1] INFO  util.JmxRegister (JmxRegister.java:tryRegister(44)) - Successfully registered JMX Bean with object name Ratis:service=RaftServer,group=group-AFCAD8F51901,id=e36a444f-26c5-4e8e-9443-e27acfdd66fc
2019-10-02 23:08:01,758 [RatisPipelineUtilsThread] INFO  pipeline.PipelineStateManager (PipelineStateManager.java:addPipeline(56)) - Created pipeline Pipeline[ Id: 35224621-8e6d-48ca-a56a-afcad8f51901, Nodes: e36a444f-26c5-4e8e-9443-e27acfdd66fc{ip: 192.168.30.30, host: pr-hdds1737-lts7z-2510321508, networkLocation: /default-rack, certSerialId: null}, Type:RATIS, Factor:ONE, State:OPEN]
2019-10-02 23:08:01,763 [main] INFO  rpc.RpcClient (RpcClient.java:createVolume(276)) - Creating Volume: umaftafaqf, with user42900 as owner.
2019-10-02 23:08:01,767 [IPC Server handler 2 on 44053] INFO  volume.OMVolumeCreateRequest (OMVolumeCreateRequest.java:validateAndUpdateCache(194)) - created volume:umaftafaqf for user:user42900
2019-10-02 23:08:01,777 [main] INFO  rpc.RpcClient (RpcClient.java:createBucket(415)) - Creating Bucket: umaftafaqf/hlwrzveddd, with Versioning false and Storage Type set to DISK and Encryption set to false 
2019-10-02 23:08:01,778 [grpc-default-executor-0] INFO  impl.RaftServerProxy (RaftServerProxy.java:addNew(89)) - 779ca28a-ed2b-4206-a579-04299fcd0d34: addNew group-BD7B964B0E5A:[779ca28a-ed2b-4206-a579-04299fcd0d34:192.168.30.30:46568] returns group-BD7B964B0E5A:java.util.concurrent.CompletableFuture@ebb349[Not completed]
2019-10-02 23:08:01,779 [pool-147-thread-1] INFO  impl.RaftServerImpl (RaftServerImpl.java:<init>(95)) - 779ca28a-ed2b-4206-a579-04299fcd0d34: new RaftServerImpl for group-BD7B964B0E5A:[779ca28a-ed2b-4206-a579-04299fcd0d34:192.168.30.30:46568] with ContainerStateMachine:uninitialized
2019-10-02 23:08:01,780 [pool-147-thread-1] INFO  server.RaftServerConfigKeys (ConfUtils.java:logGet(43)) - raft.server.rpc.timeout.min = 5s (custom)
2019-10-02 23:08:01,780 [pool-147-thread-1] INFO  server.RaftServerConfigKeys (ConfUtils.java:logGet(43)) - raft.server.rpc.timeout.max = 5200ms (custom)
2019-10-02 23:08:01,780 [pool-147-thread-1] INFO  server.RaftServerConfigKeys (ConfUtils.java:logGet(43)) - raft.server.rpcslowness.timeout = 120s (custom)
2019-10-02 23:08:01,781 [pool-147-thread-1] INFO  server.RaftServerConfigKeys (ConfUtils.java:logGet(43)) - raft.server.sleep.deviation.threshold = 300 (default)
2019-10-02 23:08:01,781 [pool-147-thread-1] INFO  server.RaftServerConfigKeys (ConfUtils.java:logGet(43)) - raft.server.log.appender.install.snapshot.enabled = false (custom)
2019-10-02 23:08:01,781 [pool-147-thread-1] INFO  impl.RaftServerImpl (ServerState.java:<init>(103)) - 779ca28a-ed2b-4206-a579-04299fcd0d34@group-BD7B964B0E5A: ConfigurationManager, init=-1: [779ca28a-ed2b-4206-a579-04299fcd0d34:192.168.30.30:46568], old=null, confs=<EMPTY_MAP>
2019-10-02 23:08:01,781 [pool-147-thread-1] INFO  server.RaftServerConfigKeys (ConfUtils.java:logGet(43)) - raft.server.storage.dir = [/workdir/hadoop-ozone/ozonefs/target/test-dir/MiniOzoneClusterImpl-e2d57ef1-065c-4335-89db-5132b7515c6c/datanode-2/data/ratis] (custom)
2019-10-02 23:08:01,781 [pool-147-thread-1] INFO  server.RaftServerConfigKeys (ConfUtils.java:logGet(43)) - raft.server.log.corruption.policy = EXCEPTION (default)
2019-10-02 23:08:01,781 [pool-147-thread-1] INFO  storage.RaftStorageDirectory (RaftStorageDirectory.java:analyzeStorage(246)) - The storage directory /workdir/hadoop-ozone/ozonefs/target/test-dir/MiniOzoneClusterImpl-e2d57ef1-065c-4335-89db-5132b7515c6c/datanode-2/data/ratis/b5e7557f-ab1a-424b-a1fc-bd7b964b0e5a does not exist. Creating ...
23:08:01.814 [IPC Server handler 8 on 44053] ERROR OMAudit - user=jenkins1000 | ip=127.0.0.1 | op=CREATE_DIRECTORY {volume=umaftafaqf, bucket=hlwrzveddd, key=1plq6, dataSize=0, replicationType=RATIS, replicationFactor=ONE, keyLocationInfo=[]} | ret=FAILURE
org.apache.hadoop.ozone.om.exceptions.OMException: Volume not found umaftafaqf
	at org.apache.hadoop.ozone.om.request.file.OMDirectoryCreateRequest.validateAndUpdateCache(OMDirectoryCreateRequest.java:146) ~[hadoop-ozone-ozone-manager-0.5.0-SNAPSHOT.jar:?]
	at org.apache.hadoop.ozone.protocolPB.OzoneManagerProtocolServerSideTranslatorPB.submitRequestDirectlyToOM(OzoneManagerProtocolServerSideTranslatorPB.java:219) ~[hadoop-ozone-ozone-manager-0.5.0-SNAPSHOT.jar:?]
	at org.apache.hadoop.ozone.protocolPB.OzoneManagerProtocolServerSideTranslatorPB.processRequest(OzoneManagerProtocolServerSideTranslatorPB.java:134) ~[hadoop-ozone-ozone-manager-0.5.0-SNAPSHOT.jar:?]
	at org.apache.hadoop.hdds.server.OzoneProtocolMessageDispatcher.processRequest(OzoneProtocolMessageDispatcher.java:72) [hadoop-hdds-server-framework-0.5.0-SNAPSHOT.jar:?]
	at org.apache.hadoop.ozone.protocolPB.OzoneManagerProtocolServerSideTranslatorPB.submitRequest(OzoneManagerProtocolServerSideTranslatorPB.java:100) [hadoop-ozone-ozone-manager-0.5.0-SNAPSHOT.jar:?]
	at org.apache.hadoop.ozone.protocol.proto.OzoneManagerProtocolProtos$OzoneManagerService$2.callBlockingMethod(OzoneManagerProtocolProtos.java) [hadoop-ozone-common-0.5.0-SNAPSHOT.jar:?]
	at org.apache.hadoop.ipc.ProtobufRpcEngine$Server$ProtoBufRpcInvoker.call(ProtobufRpcEngine.java:524) [hadoop-common-3.2.0.jar:?]
	at org.apache.hadoop.ipc.RPC$Server.call(RPC.java:1025) [hadoop-common-3.2.0.jar:?]
	at org.apache.hadoop.ipc.Server$RpcCall.run(Server.java:876) [hadoop-common-3.2.0.jar:?]
	at org.apache.hadoop.ipc.Server$RpcCall.run(Server.java:822) [hadoop-common-3.2.0.jar:?]
	at java.security.AccessController.doPrivileged(Native Method) [?:1.8.0_212]
	at javax.security.auth.Subject.doAs(Subject.java:422) [?:1.8.0_212]
	at org.apache.hadoop.security.UserGroupInformation.doAs(UserGroupInformation.java:1730) [hadoop-common-3.2.0.jar:?]
	at org.apache.hadoop.ipc.Server$Handler.run(Server.java:2682) [hadoop-common-3.2.0.jar:?]
2019-10-02 23:08:01,815 [IPC Server handler 8 on 44053] ERROR file.OMDirectoryCreateRequest (OMDirectoryCreateRequest.java:validateAndUpdateCache(212)) - CreateDirectory failed for Key: 1plq6 in volume/bucket:umaftafaqf/hlwrzveddd
VOLUME_NOT_FOUND org.apache.hadoop.ozone.om.exceptions.OMException: Volume not found umaftafaqf
	at org.apache.hadoop.ozone.om.request.file.OMDirectoryCreateRequest.validateAndUpdateCache(OMDirectoryCreateRequest.java:146)
	at org.apache.hadoop.ozone.protocolPB.OzoneManagerProtocolServerSideTranslatorPB.submitRequestDirectlyToOM(OzoneManagerProtocolServerSideTranslatorPB.java:219)
	at org.apache.hadoop.ozone.protocolPB.OzoneManagerProtocolServerSideTranslatorPB.processRequest(OzoneManagerProtocolServerSideTranslatorPB.java:134)
	at org.apache.hadoop.hdds.server.OzoneProtocolMessageDispatcher.processRequest(OzoneProtocolMessageDispatcher.java:72)
	at org.apache.hadoop.ozone.protocolPB.OzoneManagerProtocolServerSideTranslatorPB.submitRequest(OzoneManagerProtocolServerSideTranslatorPB.java:100)
	at org.apache.hadoop.ozone.protocol.proto.OzoneManagerProtocolProtos$OzoneManagerService$2.callBlockingMethod(OzoneManagerProtocolProtos.java)
	at org.apache.hadoop.ipc.ProtobufRpcEngine$Server$ProtoBufRpcInvoker.call(ProtobufRpcEngine.java:524)
	at org.apache.hadoop.ipc.RPC$Server.call(RPC.java:1025)
	at org.apache.hadoop.ipc.Server$RpcCall.run(Server.java:876)
	at org.apache.hadoop.ipc.Server$RpcCall.run(Server.java:822)
	at java.security.AccessController.doPrivileged(Native Method)
	at javax.security.auth.Subject.doAs(Subject.java:422)
	at org.apache.hadoop.security.UserGroupInformation.doAs(UserGroupInformation.java:1730)
	at org.apache.hadoop.ipc.Server$Handler.run(Server.java:2682)
2019-10-02 23:08:01,816 [pool-147-thread-1] INFO  storage.RaftStorageDirectory (RaftStorageDirectory.java:tryLock(328)) - Lock on /workdir/hadoop-ozone/ozonefs/target/test-dir/MiniOzoneClusterImpl-e2d57ef1-065c-4335-89db-5132b7515c6c/datanode-2/data/ratis/b5e7557f-ab1a-424b-a1fc-bd7b964b0e5a/in_use.lock acquired by nodename 16001@pr-hdds1737-lts7z-2510321508
2019-10-02 23:08:01,817 [main] INFO  ozone.MiniOzoneClusterImpl (MiniOzoneClusterImpl.java:shutdown(314)) - Shutting down the Mini Ozone Cluster
2019-10-02 23:08:01,817 [main] INFO  ozone.MiniOzoneClusterImpl (MiniOzoneClusterImpl.java:stop(330)) - Stopping the Mini Ozone Cluster
2019-10-02 23:08:01,817 [main] INFO  ozone.MiniOzoneClusterImpl (MiniOzoneClusterImpl.java:stopOM(400)) - Stopping the OzoneManager
2019-10-02 23:08:01,817 [main] INFO  ipc.Server (Server.java:stop(3082)) - Stopping server on 44053
2019-10-02 23:08:01,820 [IPC Server listener on 44053] INFO  ipc.Server (Server.java:run(1185)) - Stopping IPC Server listener on 44053
2019-10-02 23:08:01,820 [IPC Server Responder] INFO  ipc.Server (Server.java:run(1319)) - Stopping IPC Server Responder
2019-10-02 23:08:01,820 [main] INFO  ratis.OzoneManagerDoubleBuffer (OzoneManagerDoubleBuffer.java:stop(248)) - Stopping OMDoubleBuffer flush thread
2019-10-02 23:08:01,821 [OMDoubleBufferFlushThread] INFO  ratis.OzoneManagerDoubleBuffer (OzoneManagerDoubleBuffer.java:flushTransactions(191)) - OMDoubleBuffer flush thread OMDoubleBufferFlushThread is interrupted and will exit. OMDoubleBufferFlushThread
2019-10-02 23:08:01,821 [main] INFO  utils.BackgroundService (BackgroundService.java:shutdown(148)) - Shutting down service KeyDeletingService
2019-10-02 23:08:01,823 [main] INFO  handler.ContextHandler (ContextHandler.java:doStop(910)) - Stopped o.e.j.w.WebAppContext@49ca94a9{/,null,UNAVAILABLE}{/ozoneManager}
2019-10-02 23:08:01,823 [main] INFO  server.AbstractConnector (AbstractConnector.java:doStop(318)) - Stopped ServerConnector@9ab310b{HTTP/1.1,[http/1.1]}{0.0.0.0:0}
2019-10-02 23:08:01,823 [main] INFO  handler.ContextHandler (ContextHandler.java:doStop(910)) - Stopped o.e.j.s.ServletContextHandler@51a651c1{/static,jar:file:/home/user/.m2/repository/org/apache/hadoop/hadoop-ozone-ozone-manager/0.5.0-SNAPSHOT/hadoop-ozone-ozone-manager-0.5.0-SNAPSHOT.jar!/webapps/static,UNAVAILABLE}
2019-10-02 23:08:01,824 [main] INFO  handler.ContextHandler (ContextHandler.java:doStop(910)) - Stopped o.e.j.s.ServletContextHandler@55b5cd2b{/logs,file:///workdir/hadoop-ozone/ozonefs/target/log,UNAVAILABLE}
2019-10-02 23:08:01,825 [main] INFO  ozone.MiniOzoneClusterImpl (MiniOzoneClusterImpl.java:stopDatanodes(377)) - Stopping the HddsDatanodes
2019-10-02 23:08:01,839 [pool-147-thread-1] INFO  storage.RaftStorage (RaftStorage.java:format(84)) - Storage directory /workdir/hadoop-ozone/ozonefs/target/test-dir/MiniOzoneClusterImpl-e2d57ef1-065c-4335-89db-5132b7515c6c/datanode-2/data/ratis/b5e7557f-ab1a-424b-a1fc-bd7b964b0e5a has been successfully formatted.
2019-10-02 23:08:01,840 [pool-147-thread-1] INFO  ratis.ContainerStateMachine (ContainerStateMachine.java:loadSnapshot(230)) - group-BD7B964B0E5A: The snapshot info is null. Setting the last applied indexto:(t:0, i:~)
2019-10-02 23:08:01,840 [pool-147-thread-1] INFO  server.RaftServerConfigKeys (ConfUtils.java:logGet(43)) - raft.server.notification.no-leader.timeout = 120s (custom)
2019-10-02 23:08:01,840 [pool-147-thread-1] INFO  server.RaftServerConfigKeys (ConfUtils.java:logGet(43)) - raft.server.log.use.memory = false (default)
2019-10-02 23:08:01,840 [pool-147-thread-1] INFO  server.RaftServerConfigKeys (ConfUtils.java:logGet(43)) - raft.server.log.purge.gap = 1000000 (custom)
2019-10-02 23:08:01,840 [pool-147-thread-1] INFO  server.RaftServerConfigKeys (ConfUtils.java:logGet(43)) - raft.server.log.appender.buffer.byte-limit = 33554432 (custom)
2019-10-02 23:08:01,840 [pool-147-thread-1] INFO  server.RaftServerConfigKeys (ConfUtils.java:logGet(43)) - raft.server.log.segment.size.max = 1048576 (custom)
2019-10-02 23:08:01,842 [pool-147-thread-1] INFO  server.RaftServerConfigKeys (ConfUtils.java:logGet(43)) - raft.server.log.segment.cache.num.max = 2 (custom)
2019-10-02 23:08:01,842 [pool-147-thread-1] INFO  segmented.SegmentedRaftLogWorker (SegmentedRaftLogWorker.java:<init>(173)) - new 779ca28a-ed2b-4206-a579-04299fcd0d34@group-BD7B964B0E5A-SegmentedRaftLogWorker for RaftStorage:Storage Directory /workdir/hadoop-ozone/ozonefs/target/test-dir/MiniOzoneClusterImpl-e2d57ef1-065c-4335-89db-5132b7515c6c/datanode-2/data/ratis/b5e7557f-ab1a-424b-a1fc-bd7b964b0e5a
2019-10-02 23:08:01,842 [pool-147-thread-1] INFO  server.RaftServerConfigKeys (ConfUtils.java:logGet(43)) - raft.server.log.queue.byte-limit = 2147483647 (custom)
2019-10-02 23:08:01,843 [pool-147-thread-1] INFO  server.RaftServerConfigKeys (ConfUtils.java:logGet(43)) - raft.server.log.queue.element-limit = 1024 (custom)
2019-10-02 23:08:01,843 [pool-147-thread-1] INFO  server.RaftServerConfigKeys (ConfUtils.java:logGet(43)) - raft.server.log.segment.size.max = 1048576 (custom)
2019-10-02 23:08:01,843 [pool-147-thread-1] INFO  server.RaftServerConfigKeys (ConfUtils.java:logGet(43)) - raft.server.log.preallocated.size = 16384 (custom)
2019-10-02 23:08:01,843 [pool-147-thread-1] INFO  server.RaftServerConfigKeys (ConfUtils.java:logGet(43)) - raft.server.log.write.buffer.size = 33554432 (custom)
2019-10-02 23:08:01,843 [pool-147-thread-1] INFO  server.RaftServerConfigKeys (ConfUtils.java:logGet(43)) - raft.server.log.force.sync.num = 128 (default)
2019-10-02 23:08:01,843 [pool-147-thread-1] INFO  server.RaftServerConfigKeys (ConfUtils.java:logGet(43)) - raft.server.log.statemachine.data.sync = true (default)
2019-10-02 23:08:01,843 [pool-147-thread-1] INFO  server.RaftServerConfigKeys (ConfUtils.java:logGet(43)) - raft.server.log.statemachine.data.sync.timeout = 10s (default)
2019-10-02 23:08:01,843 [pool-147-thread-1] INFO  server.RaftServerConfigKeys (ConfUtils.java:logGet(43)) - raft.server.log.statemachine.data.sync.timeout.retry = -1 (default)
2019-10-02 23:08:01,844 [pool-147-thread-1] INFO  server.RaftServerConfigKeys (ConfUtils.java:logGet(43)) - raft.server.log.statemachine.data.caching.enabled = true (custom)
2019-10-02 23:08:01,844 [pool-147-thread-1] INFO  segmented.SegmentedRaftLogWorker (SegmentedRaftLogWorker.java:lambda$new$0(128)) - 779ca28a-ed2b-4206-a579-04299fcd0d34@group-BD7B964B0E5A-SegmentedRaftLogWorker: flushIndex: setUnconditionally 0 -> -1
2019-10-02 23:08:01,844 [pool-147-thread-1] INFO  server.RaftServerConfigKeys (ConfUtils.java:logGet(43)) - raft.server.snapshot.auto.trigger.enabled = true (custom)
2019-10-02 23:08:01,844 [pool-147-thread-1] INFO  server.RaftServerConfigKeys (ConfUtils.java:logGet(43)) - raft.server.snapshot.auto.trigger.threshold = 10000 (custom)
2019-10-02 23:08:01,844 [pool-147-thread-1] INFO  server.RaftServerConfigKeys (ConfUtils.java:logGet(43)) - raft.server.snapshot.retention.file.num = 5 (custom)
2019-10-02 23:08:01,844 [pool-147-thread-1] INFO  server.RaftServerConfigKeys (ConfUtils.java:logGet(43)) - raft.server.retrycache.expirytime = 600000ms (custom)
2019-10-02 23:08:01,846 [pool-147-thread-1] INFO  impl.RaftServerImpl (RaftServerImpl.java:start(181)) - 779ca28a-ed2b-4206-a579-04299fcd0d34@group-BD7B964B0E5A: start as a follower, conf=-1: [779ca28a-ed2b-4206-a579-04299fcd0d34:192.168.30.30:46568], old=null
2019-10-02 23:08:01,846 [pool-147-thread-1] INFO  impl.RaftServerImpl (RaftServerImpl.java:setRole(170)) - 779ca28a-ed2b-4206-a579-04299fcd0d34@group-BD7B964B0E5A: changes role from      null to FOLLOWER at term 0 for startAsFollower
2019-10-02 23:08:01,846 [pool-147-thread-1] INFO  impl.RoleInfo (RoleInfo.java:updateAndGet(143)) - 779ca28a-ed2b-4206-a579-04299fcd0d34: start FollowerState
2019-10-02 23:08:01,847 [pool-147-thread-1] INFO  util.JmxRegister (JmxRegister.java:tryRegister(44)) - Successfully registered JMX Bean with object name Ratis:service=RaftServer,group=group-BD7B964B0E5A,id=779ca28a-ed2b-4206-a579-04299fcd0d34
2019-10-02 23:08:01,853 [RatisPipelineUtilsThread] INFO  pipeline.PipelineStateManager (PipelineStateManager.java:addPipeline(56)) - Created pipeline Pipeline[ Id: b5e7557f-ab1a-424b-a1fc-bd7b964b0e5a, Nodes: 779ca28a-ed2b-4206-a579-04299fcd0d34{ip: 192.168.30.30, host: pr-hdds1737-lts7z-2510321508, networkLocation: /default-rack, certSerialId: null}, Type:RATIS, Factor:ONE, State:OPEN]
2019-10-02 23:08:01,869 [grpc-default-executor-0] INFO  impl.RaftServerProxy (RaftServerProxy.java:addNew(89)) - 779ca28a-ed2b-4206-a579-04299fcd0d34: addNew group-3CDFC1365CCF:[779ca28a-ed2b-4206-a579-04299fcd0d34:192.168.30.30:46568, e36a444f-26c5-4e8e-9443-e27acfdd66fc:192.168.30.30:33544, 274b30cf-bfbe-44f7-9954-c15457e9cee2:192.168.30.30:40538] returns group-3CDFC1365CCF:java.util.concurrent.CompletableFuture@2e2ea907[Not completed]
2019-10-02 23:08:01,872 [grpc-default-executor-0] INFO  impl.RaftServerProxy (RaftServerProxy.java:addNew(89)) - e36a444f-26c5-4e8e-9443-e27acfdd66fc: addNew group-3CDFC1365CCF:[779ca28a-ed2b-4206-a579-04299fcd0d34:192.168.30.30:46568, e36a444f-26c5-4e8e-9443-e27acfdd66fc:192.168.30.30:33544, 274b30cf-bfbe-44f7-9954-c15457e9cee2:192.168.30.30:40538] returns group-3CDFC1365CCF:java.util.concurrent.CompletableFuture@575105cd[Not completed]
2019-10-02 23:08:01,872 [pool-147-thread-1] INFO  impl.RaftServerImpl (RaftServerImpl.java:<init>(95)) - 779ca28a-ed2b-4206-a579-04299fcd0d34: new RaftServerImpl for group-3CDFC1365CCF:[779ca28a-ed2b-4206-a579-04299fcd0d34:192.168.30.30:46568, e36a444f-26c5-4e8e-9443-e27acfdd66fc:192.168.30.30:33544, 274b30cf-bfbe-44f7-9954-c15457e9cee2:192.168.30.30:40538] with ContainerStateMachine:uninitialized
2019-10-02 23:08:01,872 [grpc-default-executor-1] INFO  impl.RaftServerProxy (RaftServerProxy.java:addNew(89)) - 274b30cf-bfbe-44f7-9954-c15457e9cee2: addNew group-3CDFC1365CCF:[779ca28a-ed2b-4206-a579-04299fcd0d34:192.168.30.30:46568, e36a444f-26c5-4e8e-9443-e27acfdd66fc:192.168.30.30:33544, 274b30cf-bfbe-44f7-9954-c15457e9cee2:192.168.30.30:40538] returns group-3CDFC1365CCF:java.util.concurrent.CompletableFuture@363df4ef[Not completed]
2019-10-02 23:08:01,872 [pool-147-thread-1] INFO  server.RaftServerConfigKeys (ConfUtils.java:logGet(43)) - raft.server.rpc.timeout.min = 5s (custom)
2019-10-02 23:08:01,872 [pool-147-thread-1] INFO  server.RaftServerConfigKeys (ConfUtils.java:logGet(43)) - raft.server.rpc.timeout.max = 5200ms (custom)
2019-10-02 23:08:01,872 [pool-147-thread-1] INFO  server.RaftServerConfigKeys (ConfUtils.java:logGet(43)) - raft.server.rpcslowness.timeout = 120s (custom)
2019-10-02 23:08:01,872 [pool-147-thread-1] INFO  server.RaftServerConfigKeys (ConfUtils.java:logGet(43)) - raft.server.sleep.deviation.threshold = 300 (default)
2019-10-02 23:08:01,873 [pool-147-thread-1] INFO  server.RaftServerConfigKeys (ConfUtils.java:logGet(43)) - raft.server.log.appender.install.snapshot.enabled = false (custom)
2019-10-02 23:08:01,873 [pool-137-thread-1] INFO  impl.RaftServerImpl (RaftServerImpl.java:<init>(95)) - e36a444f-26c5-4e8e-9443-e27acfdd66fc: new RaftServerImpl for group-3CDFC1365CCF:[779ca28a-ed2b-4206-a579-04299fcd0d34:192.168.30.30:46568, e36a444f-26c5-4e8e-9443-e27acfdd66fc:192.168.30.30:33544, 274b30cf-bfbe-44f7-9954-c15457e9cee2:192.168.30.30:40538] with ContainerStateMachine:uninitialized
2019-10-02 23:08:01,873 [pool-147-thread-1] INFO  impl.RaftServerImpl (ServerState.java:<init>(103)) - 779ca28a-ed2b-4206-a579-04299fcd0d34@group-3CDFC1365CCF: ConfigurationManager, init=-1: [779ca28a-ed2b-4206-a579-04299fcd0d34:192.168.30.30:46568, e36a444f-26c5-4e8e-9443-e27acfdd66fc:192.168.30.30:33544, 274b30cf-bfbe-44f7-9954-c15457e9cee2:192.168.30.30:40538], old=null, confs=<EMPTY_MAP>
2019-10-02 23:08:01,873 [pool-137-thread-1] INFO  server.RaftServerConfigKeys (ConfUtils.java:logGet(43)) - raft.server.rpc.timeout.min = 5s (custom)
2019-10-02 23:08:01,873 [pool-147-thread-1] INFO  server.RaftServerConfigKeys (ConfUtils.java:logGet(43)) - raft.server.storage.dir = [/workdir/hadoop-ozone/ozonefs/target/test-dir/MiniOzoneClusterImpl-e2d57ef1-065c-4335-89db-5132b7515c6c/datanode-2/data/ratis] (custom)
2019-10-02 23:08:01,873 [pool-137-thread-1] INFO  server.RaftServerConfigKeys (ConfUtils.java:logGet(43)) - raft.server.rpc.timeout.max = 5200ms (custom)
2019-10-02 23:08:01,873 [pool-127-thread-1] INFO  impl.RaftServerImpl (RaftServerImpl.java:<init>(95)) - 274b30cf-bfbe-44f7-9954-c15457e9cee2: new RaftServerImpl for group-3CDFC1365CCF:[779ca28a-ed2b-4206-a579-04299fcd0d34:192.168.30.30:46568, e36a444f-26c5-4e8e-9443-e27acfdd66fc:192.168.30.30:33544, 274b30cf-bfbe-44f7-9954-c15457e9cee2:192.168.30.30:40538] with ContainerStateMachine:uninitialized
2019-10-02 23:08:01,873 [pool-147-thread-1] INFO  server.RaftServerConfigKeys (ConfUtils.java:logGet(43)) - raft.server.log.corruption.policy = EXCEPTION (default)
2019-10-02 23:08:01,873 [pool-137-thread-1] INFO  server.RaftServerConfigKeys (ConfUtils.java:logGet(43)) - raft.server.rpcslowness.timeout = 120s (custom)
2019-10-02 23:08:01,873 [pool-147-thread-1] INFO  storage.RaftStorageDirectory (RaftStorageDirectory.java:analyzeStorage(246)) - The storage directory /workdir/hadoop-ozone/ozonefs/target/test-dir/MiniOzoneClusterImpl-e2d57ef1-065c-4335-89db-5132b7515c6c/datanode-2/data/ratis/5a144fb1-e0be-4061-b9d6-3cdfc1365ccf does not exist. Creating ...
2019-10-02 23:08:01,873 [pool-127-thread-1] INFO  server.RaftServerConfigKeys (ConfUtils.java:logGet(43)) - raft.server.rpc.timeout.min = 5s (custom)
2019-10-02 23:08:01,873 [pool-137-thread-1] INFO  server.RaftServerConfigKeys (ConfUtils.java:logGet(43)) - raft.server.sleep.deviation.threshold = 300 (default)
2019-10-02 23:08:01,874 [pool-127-thread-1] INFO  server.RaftServerConfigKeys (ConfUtils.java:logGet(43)) - raft.server.rpc.timeout.max = 5200ms (custom)
2019-10-02 23:08:01,874 [pool-137-thread-1] INFO  server.RaftServerConfigKeys (ConfUtils.java:logGet(43)) - raft.server.log.appender.install.snapshot.enabled = false (custom)
2019-10-02 23:08:01,874 [pool-127-thread-1] INFO  server.RaftServerConfigKeys (ConfUtils.java:logGet(43)) - raft.server.rpcslowness.timeout = 120s (custom)
2019-10-02 23:08:01,874 [pool-137-thread-1] INFO  impl.RaftServerImpl (ServerState.java:<init>(103)) - e36a444f-26c5-4e8e-9443-e27acfdd66fc@group-3CDFC1365CCF: ConfigurationManager, init=-1: [779ca28a-ed2b-4206-a579-04299fcd0d34:192.168.30.30:46568, e36a444f-26c5-4e8e-9443-e27acfdd66fc:192.168.30.30:33544, 274b30cf-bfbe-44f7-9954-c15457e9cee2:192.168.30.30:40538], old=null, confs=<EMPTY_MAP>
2019-10-02 23:08:01,874 [pool-127-thread-1] INFO  server.RaftServerConfigKeys (ConfUtils.java:logGet(43)) - raft.server.sleep.deviation.threshold = 300 (default)
2019-10-02 23:08:01,874 [pool-137-thread-1] INFO  server.RaftServerConfigKeys (ConfUtils.java:logGet(43)) - raft.server.storage.dir = [/workdir/hadoop-ozone/ozonefs/target/test-dir/MiniOzoneClusterImpl-e2d57ef1-065c-4335-89db-5132b7515c6c/datanode-1/data/ratis] (custom)
2019-10-02 23:08:01,874 [pool-127-thread-1] INFO  server.RaftServerConfigKeys (ConfUtils.java:logGet(43)) - raft.server.log.appender.install.snapshot.enabled = false (custom)
2019-10-02 23:08:01,874 [pool-127-thread-1] INFO  impl.RaftServerImpl (ServerState.java:<init>(103)) - 274b30cf-bfbe-44f7-9954-c15457e9cee2@group-3CDFC1365CCF: ConfigurationManager, init=-1: [779ca28a-ed2b-4206-a579-04299fcd0d34:192.168.30.30:46568, e36a444f-26c5-4e8e-9443-e27acfdd66fc:192.168.30.30:33544, 274b30cf-bfbe-44f7-9954-c15457e9cee2:192.168.30.30:40538], old=null, confs=<EMPTY_MAP>
2019-10-02 23:08:01,874 [pool-137-thread-1] INFO  server.RaftServerConfigKeys (ConfUtils.java:logGet(43)) - raft.server.log.corruption.policy = EXCEPTION (default)
2019-10-02 23:08:01,874 [pool-127-thread-1] INFO  server.RaftServerConfigKeys (ConfUtils.java:logGet(43)) - raft.server.storage.dir = [/workdir/hadoop-ozone/ozonefs/target/test-dir/MiniOzoneClusterImpl-e2d57ef1-065c-4335-89db-5132b7515c6c/datanode-0/data/ratis] (custom)
2019-10-02 23:08:01,875 [pool-137-thread-1] INFO  storage.RaftStorageDirectory (RaftStorageDirectory.java:analyzeStorage(246)) - The storage directory /workdir/hadoop-ozone/ozonefs/target/test-dir/MiniOzoneClusterImpl-e2d57ef1-065c-4335-89db-5132b7515c6c/datanode-1/data/ratis/5a144fb1-e0be-4061-b9d6-3cdfc1365ccf does not exist. Creating ...
2019-10-02 23:08:01,875 [pool-127-thread-1] INFO  server.RaftServerConfigKeys (ConfUtils.java:logGet(43)) - raft.server.log.corruption.policy = EXCEPTION (default)
2019-10-02 23:08:01,875 [pool-127-thread-1] INFO  storage.RaftStorageDirectory (RaftStorageDirectory.java:analyzeStorage(246)) - The storage directory /workdir/hadoop-ozone/ozonefs/target/test-dir/MiniOzoneClusterImpl-e2d57ef1-065c-4335-89db-5132b7515c6c/datanode-0/data/ratis/5a144fb1-e0be-4061-b9d6-3cdfc1365ccf does not exist. Creating ...
2019-10-02 23:08:01,900 [pool-137-thread-1] INFO  storage.RaftStorageDirectory (RaftStorageDirectory.java:tryLock(328)) - Lock on /workdir/hadoop-ozone/ozonefs/target/test-dir/MiniOzoneClusterImpl-e2d57ef1-065c-4335-89db-5132b7515c6c/datanode-1/data/ratis/5a144fb1-e0be-4061-b9d6-3cdfc1365ccf/in_use.lock acquired by nodename 16001@pr-hdds1737-lts7z-2510321508
2019-10-02 23:08:01,900 [pool-147-thread-1] INFO  storage.RaftStorageDirectory (RaftStorageDirectory.java:tryLock(328)) - Lock on /workdir/hadoop-ozone/ozonefs/target/test-dir/MiniOzoneClusterImpl-e2d57ef1-065c-4335-89db-5132b7515c6c/datanode-2/data/ratis/5a144fb1-e0be-4061-b9d6-3cdfc1365ccf/in_use.lock acquired by nodename 16001@pr-hdds1737-lts7z-2510321508
2019-10-02 23:08:01,900 [pool-127-thread-1] INFO  storage.RaftStorageDirectory (RaftStorageDirectory.java:tryLock(328)) - Lock on /workdir/hadoop-ozone/ozonefs/target/test-dir/MiniOzoneClusterImpl-e2d57ef1-065c-4335-89db-5132b7515c6c/datanode-0/data/ratis/5a144fb1-e0be-4061-b9d6-3cdfc1365ccf/in_use.lock acquired by nodename 16001@pr-hdds1737-lts7z-2510321508
2019-10-02 23:08:01,923 [pool-127-thread-1] INFO  storage.RaftStorage (RaftStorage.java:format(84)) - Storage directory /workdir/hadoop-ozone/ozonefs/target/test-dir/MiniOzoneClusterImpl-e2d57ef1-065c-4335-89db-5132b7515c6c/datanode-0/data/ratis/5a144fb1-e0be-4061-b9d6-3cdfc1365ccf has been successfully formatted.
2019-10-02 23:08:01,923 [pool-137-thread-1] INFO  storage.RaftStorage (RaftStorage.java:format(84)) - Storage directory /workdir/hadoop-ozone/ozonefs/target/test-dir/MiniOzoneClusterImpl-e2d57ef1-065c-4335-89db-5132b7515c6c/datanode-1/data/ratis/5a144fb1-e0be-4061-b9d6-3cdfc1365ccf has been successfully formatted.
2019-10-02 23:08:01,923 [pool-147-thread-1] INFO  storage.RaftStorage (RaftStorage.java:format(84)) - Storage directory /workdir/hadoop-ozone/ozonefs/target/test-dir/MiniOzoneClusterImpl-e2d57ef1-065c-4335-89db-5132b7515c6c/datanode-2/data/ratis/5a144fb1-e0be-4061-b9d6-3cdfc1365ccf has been successfully formatted.
2019-10-02 23:08:01,924 [pool-137-thread-1] INFO  ratis.ContainerStateMachine (ContainerStateMachine.java:loadSnapshot(230)) - group-3CDFC1365CCF: The snapshot info is null. Setting the last applied indexto:(t:0, i:~)
2019-10-02 23:08:01,923 [pool-127-thread-1] INFO  ratis.ContainerStateMachine (ContainerStateMachine.java:loadSnapshot(230)) - group-3CDFC1365CCF: The snapshot info is null. Setting the last applied indexto:(t:0, i:~)
2019-10-02 23:08:01,924 [pool-137-thread-1] INFO  server.RaftServerConfigKeys (ConfUtils.java:logGet(43)) - raft.server.notification.no-leader.timeout = 120s (custom)
2019-10-02 23:08:01,924 [pool-147-thread-1] INFO  ratis.ContainerStateMachine (ContainerStateMachine.java:loadSnapshot(230)) - group-3CDFC1365CCF: The snapshot info is null. Setting the last applied indexto:(t:0, i:~)
2019-10-02 23:08:01,924 [pool-137-thread-1] INFO  server.RaftServerConfigKeys (ConfUtils.java:logGet(43)) - raft.server.log.use.memory = false (default)
2019-10-02 23:08:01,924 [pool-127-thread-1] INFO  server.RaftServerConfigKeys (ConfUtils.java:logGet(43)) - raft.server.notification.no-leader.timeout = 120s (custom)
2019-10-02 23:08:01,924 [pool-137-thread-1] INFO  server.RaftServerConfigKeys (ConfUtils.java:logGet(43)) - raft.server.log.purge.gap = 1000000 (custom)
2019-10-02 23:08:01,924 [pool-147-thread-1] INFO  server.RaftServerConfigKeys (ConfUtils.java:logGet(43)) - raft.server.notification.no-leader.timeout = 120s (custom)
2019-10-02 23:08:01,925 [pool-137-thread-1] INFO  server.RaftServerConfigKeys (ConfUtils.java:logGet(43)) - raft.server.log.appender.buffer.byte-limit = 33554432 (custom)
2019-10-02 23:08:01,924 [pool-127-thread-1] INFO  server.RaftServerConfigKeys (ConfUtils.java:logGet(43)) - raft.server.log.use.memory = false (default)
2019-10-02 23:08:01,925 [pool-137-thread-1] INFO  server.RaftServerConfigKeys (ConfUtils.java:logGet(43)) - raft.server.log.segment.size.max = 1048576 (custom)
2019-10-02 23:08:01,925 [pool-147-thread-1] INFO  server.RaftServerConfigKeys (ConfUtils.java:logGet(43)) - raft.server.log.use.memory = false (default)
2019-10-02 23:08:01,925 [pool-137-thread-1] INFO  server.RaftServerConfigKeys (ConfUtils.java:logGet(43)) - raft.server.log.segment.cache.num.max = 2 (custom)
2019-10-02 23:08:01,925 [pool-127-thread-1] INFO  server.RaftServerConfigKeys (ConfUtils.java:logGet(43)) - raft.server.log.purge.gap = 1000000 (custom)
2019-10-02 23:08:01,926 [pool-137-thread-1] INFO  segmented.SegmentedRaftLogWorker (SegmentedRaftLogWorker.java:<init>(173)) - new e36a444f-26c5-4e8e-9443-e27acfdd66fc@group-3CDFC1365CCF-SegmentedRaftLogWorker for RaftStorage:Storage Directory /workdir/hadoop-ozone/ozonefs/target/test-dir/MiniOzoneClusterImpl-e2d57ef1-065c-4335-89db-5132b7515c6c/datanode-1/data/ratis/5a144fb1-e0be-4061-b9d6-3cdfc1365ccf
2019-10-02 23:08:01,925 [pool-147-thread-1] INFO  server.RaftServerConfigKeys (ConfUtils.java:logGet(43)) - raft.server.log.purge.gap = 1000000 (custom)
2019-10-02 23:08:01,926 [pool-137-thread-1] INFO  server.RaftServerConfigKeys (ConfUtils.java:logGet(43)) - raft.server.log.queue.byte-limit = 2147483647 (custom)
2019-10-02 23:08:01,926 [pool-127-thread-1] INFO  server.RaftServerConfigKeys (ConfUtils.java:logGet(43)) - raft.server.log.appender.buffer.byte-limit = 33554432 (custom)
2019-10-02 23:08:01,926 [pool-137-thread-1] INFO  server.RaftServerConfigKeys (ConfUtils.java:logGet(43)) - raft.server.log.queue.element-limit = 1024 (custom)
2019-10-02 23:08:01,926 [pool-147-thread-1] INFO  server.RaftServerConfigKeys (ConfUtils.java:logGet(43)) - raft.server.log.appender.buffer.byte-limit = 33554432 (custom)
2019-10-02 23:08:01,926 [pool-137-thread-1] INFO  server.RaftServerConfigKeys (ConfUtils.java:logGet(43)) - raft.server.log.segment.size.max = 1048576 (custom)
2019-10-02 23:08:01,926 [pool-127-thread-1] INFO  server.RaftServerConfigKeys (ConfUtils.java:logGet(43)) - raft.server.log.segment.size.max = 1048576 (custom)
2019-10-02 23:08:01,927 [pool-137-thread-1] INFO  server.RaftServerConfigKeys (ConfUtils.java:logGet(43)) - raft.server.log.preallocated.size = 16384 (custom)
2019-10-02 23:08:01,927 [pool-147-thread-1] INFO  server.RaftServerConfigKeys (ConfUtils.java:logGet(43)) - raft.server.log.segment.size.max = 1048576 (custom)
2019-10-02 23:08:01,927 [pool-137-thread-1] INFO  server.RaftServerConfigKeys (ConfUtils.java:logGet(43)) - raft.server.log.write.buffer.size = 33554432 (custom)
2019-10-02 23:08:01,927 [pool-127-thread-1] INFO  server.RaftServerConfigKeys (ConfUtils.java:logGet(43)) - raft.server.log.segment.cache.num.max = 2 (custom)
2019-10-02 23:08:01,927 [pool-137-thread-1] INFO  server.RaftServerConfigKeys (ConfUtils.java:logGet(43)) - raft.server.log.force.sync.num = 128 (default)
2019-10-02 23:08:01,927 [pool-147-thread-1] INFO  server.RaftServerConfigKeys (ConfUtils.java:logGet(43)) - raft.server.log.segment.cache.num.max = 2 (custom)
2019-10-02 23:08:01,928 [pool-137-thread-1] INFO  server.RaftServerConfigKeys (ConfUtils.java:logGet(43)) - raft.server.log.statemachine.data.sync = true (default)
2019-10-02 23:08:01,927 [pool-127-thread-1] INFO  segmented.SegmentedRaftLogWorker (SegmentedRaftLogWorker.java:<init>(173)) - new 274b30cf-bfbe-44f7-9954-c15457e9cee2@group-3CDFC1365CCF-SegmentedRaftLogWorker for RaftStorage:Storage Directory /workdir/hadoop-ozone/ozonefs/target/test-dir/MiniOzoneClusterImpl-e2d57ef1-065c-4335-89db-5132b7515c6c/datanode-0/data/ratis/5a144fb1-e0be-4061-b9d6-3cdfc1365ccf
2019-10-02 23:08:01,928 [pool-137-thread-1] INFO  server.RaftServerConfigKeys (ConfUtils.java:logGet(43)) - raft.server.log.statemachine.data.sync.timeout = 10s (default)
2019-10-02 23:08:01,928 [pool-147-thread-1] INFO  segmented.SegmentedRaftLogWorker (SegmentedRaftLogWorker.java:<init>(173)) - new 779ca28a-ed2b-4206-a579-04299fcd0d34@group-3CDFC1365CCF-SegmentedRaftLogWorker for RaftStorage:Storage Directory /workdir/hadoop-ozone/ozonefs/target/test-dir/MiniOzoneClusterImpl-e2d57ef1-065c-4335-89db-5132b7515c6c/datanode-2/data/ratis/5a144fb1-e0be-4061-b9d6-3cdfc1365ccf
2019-10-02 23:08:01,928 [pool-137-thread-1] INFO  server.RaftServerConfigKeys (ConfUtils.java:logGet(43)) - raft.server.log.statemachine.data.sync.timeout.retry = -1 (default)
2019-10-02 23:08:01,928 [pool-127-thread-1] INFO  server.RaftServerConfigKeys (ConfUtils.java:logGet(43)) - raft.server.log.queue.byte-limit = 2147483647 (custom)
2019-10-02 23:08:01,928 [pool-147-thread-1] INFO  server.RaftServerConfigKeys (ConfUtils.java:logGet(43)) - raft.server.log.queue.byte-limit = 2147483647 (custom)
2019-10-02 23:08:01,929 [pool-127-thread-1] INFO  server.RaftServerConfigKeys (ConfUtils.java:logGet(43)) - raft.server.log.queue.element-limit = 1024 (custom)
2019-10-02 23:08:01,929 [pool-137-thread-1] INFO  server.RaftServerConfigKeys (ConfUtils.java:logGet(43)) - raft.server.log.statemachine.data.caching.enabled = true (custom)
2019-10-02 23:08:01,929 [pool-127-thread-1] INFO  server.RaftServerConfigKeys (ConfUtils.java:logGet(43)) - raft.server.log.segment.size.max = 1048576 (custom)
2019-10-02 23:08:01,929 [pool-147-thread-1] INFO  server.RaftServerConfigKeys (ConfUtils.java:logGet(43)) - raft.server.log.queue.element-limit = 1024 (custom)
2019-10-02 23:08:01,929 [pool-137-thread-1] INFO  segmented.SegmentedRaftLogWorker (SegmentedRaftLogWorker.java:lambda$new$0(128)) - e36a444f-26c5-4e8e-9443-e27acfdd66fc@group-3CDFC1365CCF-SegmentedRaftLogWorker: flushIndex: setUnconditionally 0 -> -1
2019-10-02 23:08:01,929 [pool-127-thread-1] INFO  server.RaftServerConfigKeys (ConfUtils.java:logGet(43)) - raft.server.log.preallocated.size = 16384 (custom)
2019-10-02 23:08:01,929 [pool-147-thread-1] INFO  server.RaftServerConfigKeys (ConfUtils.java:logGet(43)) - raft.server.log.segment.size.max = 1048576 (custom)
2019-10-02 23:08:01,930 [pool-127-thread-1] INFO  server.RaftServerConfigKeys (ConfUtils.java:logGet(43)) - raft.server.log.write.buffer.size = 33554432 (custom)
2019-10-02 23:08:01,930 [pool-137-thread-1] INFO  server.RaftServerConfigKeys (ConfUtils.java:logGet(43)) - raft.server.snapshot.auto.trigger.enabled = true (custom)
2019-10-02 23:08:01,930 [pool-127-thread-1] INFO  server.RaftServerConfigKeys (ConfUtils.java:logGet(43)) - raft.server.log.force.sync.num = 128 (default)
2019-10-02 23:08:01,930 [pool-147-thread-1] INFO  server.RaftServerConfigKeys (ConfUtils.java:logGet(43)) - raft.server.log.preallocated.size = 16384 (custom)
2019-10-02 23:08:01,930 [pool-127-thread-1] INFO  server.RaftServerConfigKeys (ConfUtils.java:logGet(43)) - raft.server.log.statemachine.data.sync = true (default)
2019-10-02 23:08:01,930 [pool-137-thread-1] INFO  server.RaftServerConfigKeys (ConfUtils.java:logGet(43)) - raft.server.snapshot.auto.trigger.threshold = 10000 (custom)
2019-10-02 23:08:01,931 [pool-127-thread-1] INFO  server.RaftServerConfigKeys (ConfUtils.java:logGet(43)) - raft.server.log.statemachine.data.sync.timeout = 10s (default)
2019-10-02 23:08:01,930 [pool-147-thread-1] INFO  server.RaftServerConfigKeys (ConfUtils.java:logGet(43)) - raft.server.log.write.buffer.size = 33554432 (custom)
2019-10-02 23:08:01,931 [pool-127-thread-1] INFO  server.RaftServerConfigKeys (ConfUtils.java:logGet(43)) - raft.server.log.statemachine.data.sync.timeout.retry = -1 (default)
2019-10-02 23:08:01,931 [pool-147-thread-1] INFO  server.RaftServerConfigKeys (ConfUtils.java:logGet(43)) - raft.server.log.force.sync.num = 128 (default)
2019-10-02 23:08:01,931 [pool-137-thread-1] INFO  server.RaftServerConfigKeys (ConfUtils.java:logGet(43)) - raft.server.snapshot.retention.file.num = 5 (custom)
2019-10-02 23:08:01,931 [pool-147-thread-1] INFO  server.RaftServerConfigKeys (ConfUtils.java:logGet(43)) - raft.server.log.statemachine.data.sync = true (default)
2019-10-02 23:08:01,931 [pool-127-thread-1] INFO  server.RaftServerConfigKeys (ConfUtils.java:logGet(43)) - raft.server.log.statemachine.data.caching.enabled = true (custom)
2019-10-02 23:08:01,932 [pool-147-thread-1] INFO  server.RaftServerConfigKeys (ConfUtils.java:logGet(43)) - raft.server.log.statemachine.data.sync.timeout = 10s (default)
2019-10-02 23:08:01,932 [pool-137-thread-1] INFO  server.RaftServerConfigKeys (ConfUtils.java:logGet(43)) - raft.server.retrycache.expirytime = 600000ms (custom)
2019-10-02 23:08:01,932 [pool-127-thread-1] INFO  segmented.SegmentedRaftLogWorker (SegmentedRaftLogWorker.java:lambda$new$0(128)) - 274b30cf-bfbe-44f7-9954-c15457e9cee2@group-3CDFC1365CCF-SegmentedRaftLogWorker: flushIndex: setUnconditionally 0 -> -1
2019-10-02 23:08:01,932 [pool-147-thread-1] INFO  server.RaftServerConfigKeys (ConfUtils.java:logGet(43)) - raft.server.log.statemachine.data.sync.timeout.retry = -1 (default)
2019-10-02 23:08:01,933 [pool-127-thread-1] INFO  server.RaftServerConfigKeys (ConfUtils.java:logGet(43)) - raft.server.snapshot.auto.trigger.enabled = true (custom)
2019-10-02 23:08:01,933 [pool-147-thread-1] INFO  server.RaftServerConfigKeys (ConfUtils.java:logGet(43)) - raft.server.log.statemachine.data.caching.enabled = true (custom)
2019-10-02 23:08:01,933 [pool-127-thread-1] INFO  server.RaftServerConfigKeys (ConfUtils.java:logGet(43)) - raft.server.snapshot.auto.trigger.threshold = 10000 (custom)
2019-10-02 23:08:01,933 [pool-127-thread-1] INFO  server.RaftServerConfigKeys (ConfUtils.java:logGet(43)) - raft.server.snapshot.retention.file.num = 5 (custom)
2019-10-02 23:08:01,933 [pool-147-thread-1] INFO  segmented.SegmentedRaftLogWorker (SegmentedRaftLogWorker.java:lambda$new$0(128)) - 779ca28a-ed2b-4206-a579-04299fcd0d34@group-3CDFC1365CCF-SegmentedRaftLogWorker: flushIndex: setUnconditionally 0 -> -1
2019-10-02 23:08:01,933 [pool-127-thread-1] INFO  server.RaftServerConfigKeys (ConfUtils.java:logGet(43)) - raft.server.retrycache.expirytime = 600000ms (custom)
2019-10-02 23:08:01,934 [pool-147-thread-1] INFO  server.RaftServerConfigKeys (ConfUtils.java:logGet(43)) - raft.server.snapshot.auto.trigger.enabled = true (custom)
2019-10-02 23:08:01,934 [pool-147-thread-1] INFO  server.RaftServerConfigKeys (ConfUtils.java:logGet(43)) - raft.server.snapshot.auto.trigger.threshold = 10000 (custom)
2019-10-02 23:08:01,934 [pool-147-thread-1] INFO  server.RaftServerConfigKeys (ConfUtils.java:logGet(43)) - raft.server.snapshot.retention.file.num = 5 (custom)
2019-10-02 23:08:01,934 [pool-147-thread-1] INFO  server.RaftServerConfigKeys (ConfUtils.java:logGet(43)) - raft.server.retrycache.expirytime = 600000ms (custom)
2019-10-02 23:08:01,935 [pool-137-thread-1] INFO  impl.RaftServerImpl (RaftServerImpl.java:start(181)) - e36a444f-26c5-4e8e-9443-e27acfdd66fc@group-3CDFC1365CCF: start as a follower, conf=-1: [779ca28a-ed2b-4206-a579-04299fcd0d34:192.168.30.30:46568, e36a444f-26c5-4e8e-9443-e27acfdd66fc:192.168.30.30:33544, 274b30cf-bfbe-44f7-9954-c15457e9cee2:192.168.30.30:40538], old=null
2019-10-02 23:08:01,935 [pool-137-thread-1] INFO  impl.RaftServerImpl (RaftServerImpl.java:setRole(170)) - e36a444f-26c5-4e8e-9443-e27acfdd66fc@group-3CDFC1365CCF: changes role from      null to FOLLOWER at term 0 for startAsFollower
2019-10-02 23:08:01,935 [pool-137-thread-1] INFO  impl.RoleInfo (RoleInfo.java:updateAndGet(143)) - e36a444f-26c5-4e8e-9443-e27acfdd66fc: start FollowerState
2019-10-02 23:08:01,936 [pool-137-thread-1] INFO  util.JmxRegister (JmxRegister.java:tryRegister(44)) - Successfully registered JMX Bean with object name Ratis:service=RaftServer,group=group-3CDFC1365CCF,id=e36a444f-26c5-4e8e-9443-e27acfdd66fc
2019-10-02 23:08:01,938 [pool-127-thread-1] INFO  impl.RaftServerImpl (RaftServerImpl.java:start(181)) - 274b30cf-bfbe-44f7-9954-c15457e9cee2@group-3CDFC1365CCF: start as a follower, conf=-1: [779ca28a-ed2b-4206-a579-04299fcd0d34:192.168.30.30:46568, e36a444f-26c5-4e8e-9443-e27acfdd66fc:192.168.30.30:33544, 274b30cf-bfbe-44f7-9954-c15457e9cee2:192.168.30.30:40538], old=null
2019-10-02 23:08:01,938 [pool-127-thread-1] INFO  impl.RaftServerImpl (RaftServerImpl.java:setRole(170)) - 274b30cf-bfbe-44f7-9954-c15457e9cee2@group-3CDFC1365CCF: changes role from      null to FOLLOWER at term 0 for startAsFollower
2019-10-02 23:08:01,938 [pool-147-thread-1] INFO  impl.RaftServerImpl (RaftServerImpl.java:start(181)) - 779ca28a-ed2b-4206-a579-04299fcd0d34@group-3CDFC1365CCF: start as a follower, conf=-1: [779ca28a-ed2b-4206-a579-04299fcd0d34:192.168.30.30:46568, e36a444f-26c5-4e8e-9443-e27acfdd66fc:192.168.30.30:33544, 274b30cf-bfbe-44f7-9954-c15457e9cee2:192.168.30.30:40538], old=null
2019-10-02 23:08:01,938 [pool-127-thread-1] INFO  impl.RoleInfo (RoleInfo.java:updateAndGet(143)) - 274b30cf-bfbe-44f7-9954-c15457e9cee2: start FollowerState
2019-10-02 23:08:01,939 [pool-147-thread-1] INFO  impl.RaftServerImpl (RaftServerImpl.java:setRole(170)) - 779ca28a-ed2b-4206-a579-04299fcd0d34@group-3CDFC1365CCF: changes role from      null to FOLLOWER at term 0 for startAsFollower
2019-10-02 23:08:01,939 [pool-147-thread-1] INFO  impl.RoleInfo (RoleInfo.java:updateAndGet(143)) - 779ca28a-ed2b-4206-a579-04299fcd0d34: start FollowerState
2019-10-02 23:08:01,939 [pool-127-thread-1] INFO  util.JmxRegister (JmxRegister.java:tryRegister(44)) - Successfully registered JMX Bean with object name Ratis:service=RaftServer,group=group-3CDFC1365CCF,id=274b30cf-bfbe-44f7-9954-c15457e9cee2
2019-10-02 23:08:01,939 [pool-147-thread-1] INFO  util.JmxRegister (JmxRegister.java:tryRegister(44)) - Successfully registered JMX Bean with object name Ratis:service=RaftServer,group=group-3CDFC1365CCF,id=779ca28a-ed2b-4206-a579-04299fcd0d34
2019-10-02 23:08:01,955 [RatisPipelineUtilsThread] INFO  pipeline.PipelineStateManager (PipelineStateManager.java:addPipeline(56)) - Created pipeline Pipeline[ Id: 5a144fb1-e0be-4061-b9d6-3cdfc1365ccf, Nodes: 779ca28a-ed2b-4206-a579-04299fcd0d34{ip: 192.168.30.30, host: pr-hdds1737-lts7z-2510321508, networkLocation: /default-rack, certSerialId: null}274b30cf-bfbe-44f7-9954-c15457e9cee2{ip: 192.168.30.30, host: pr-hdds1737-lts7z-2510321508, networkLocation: /default-rack, certSerialId: null}e36a444f-26c5-4e8e-9443-e27acfdd66fc{ip: 192.168.30.30, host: pr-hdds1737-lts7z-2510321508, networkLocation: /default-rack, certSerialId: null}, Type:RATIS, Factor:THREE, State:OPEN]
2019-10-02 23:08:03,541 [Datanode State Machine Thread - 0] INFO  statemachine.DatanodeStateMachine (DatanodeStateMachine.java:lambda$startDaemon$0(350)) - Ozone container server started.
2019-10-02 23:08:03,658 [Datanode State Machine Thread - 0] INFO  statemachine.DatanodeStateMachine (DatanodeStateMachine.java:lambda$startDaemon$0(350)) - Ozone container server started.
2019-10-02 23:08:04,549 [Thread-610] INFO  container.ReplicationManager (ReplicationManager.java:start(162)) - Starting Replication Monitor Thread.
2019-10-02 23:08:04,552 [ReplicationMonitor] INFO  container.ReplicationManager (ReplicationManager.java:run(225)) - Replication Monitor Thread took 0 milliseconds for processing 0 containers.
2019-10-02 23:08:06,768 [Thread-612] INFO  impl.FollowerState (FollowerState.java:run(108)) - 274b30cf-bfbe-44f7-9954-c15457e9cee2@group-9C69CDCA108C-FollowerState: change to CANDIDATE, lastRpcTime:5146ms, electionTimeout:5146ms
2019-10-02 23:08:06,768 [Thread-612] INFO  impl.RoleInfo (RoleInfo.java:shutdownFollowerState(121)) - 274b30cf-bfbe-44f7-9954-c15457e9cee2: shutdown FollowerState
2019-10-02 23:08:06,768 [Thread-612] INFO  impl.RaftServerImpl (RaftServerImpl.java:setRole(170)) - 274b30cf-bfbe-44f7-9954-c15457e9cee2@group-9C69CDCA108C: changes role from  FOLLOWER to CANDIDATE at term 0 for changeToCandidate
2019-10-02 23:08:06,769 [Thread-612] INFO  impl.RoleInfo (RoleInfo.java:updateAndGet(143)) - 274b30cf-bfbe-44f7-9954-c15457e9cee2: start LeaderElection
2019-10-02 23:08:06,798 [274b30cf-bfbe-44f7-9954-c15457e9cee2@group-9C69CDCA108C-LeaderElection12] INFO  impl.LeaderElection (LeaderElection.java:askForVotes(178)) - 274b30cf-bfbe-44f7-9954-c15457e9cee2@group-9C69CDCA108C-LeaderElection12: begin an election at term 1 for -1: [274b30cf-bfbe-44f7-9954-c15457e9cee2:192.168.30.30:40538], old=null
2019-10-02 23:08:06,798 [274b30cf-bfbe-44f7-9954-c15457e9cee2@group-9C69CDCA108C-LeaderElection12] INFO  impl.RoleInfo (RoleInfo.java:shutdownLeaderElection(134)) - 274b30cf-bfbe-44f7-9954-c15457e9cee2: shutdown LeaderElection
2019-10-02 23:08:06,798 [274b30cf-bfbe-44f7-9954-c15457e9cee2@group-9C69CDCA108C-LeaderElection12] INFO  impl.RaftServerImpl (RaftServerImpl.java:setRole(170)) - 274b30cf-bfbe-44f7-9954-c15457e9cee2@group-9C69CDCA108C: changes role from CANDIDATE to LEADER at term 1 for changeToLeader
2019-10-02 23:08:06,799 [274b30cf-bfbe-44f7-9954-c15457e9cee2@group-9C69CDCA108C-LeaderElection12] INFO  impl.RaftServerImpl (ServerState.java:setLeader(255)) - 274b30cf-bfbe-44f7-9954-c15457e9cee2@group-9C69CDCA108C: change Leader from null to 274b30cf-bfbe-44f7-9954-c15457e9cee2 at term 1 for becomeLeader, leader elected after 5184ms
2019-10-02 23:08:06,799 [274b30cf-bfbe-44f7-9954-c15457e9cee2@group-9C69CDCA108C-LeaderElection12] INFO  server.RaftServerConfigKeys (ConfUtils.java:logGet(43)) - raft.server.staging.catchup.gap = 1000 (default)
2019-10-02 23:08:06,799 [274b30cf-bfbe-44f7-9954-c15457e9cee2@group-9C69CDCA108C-LeaderElection12] INFO  server.RaftServerConfigKeys (ConfUtils.java:logGet(43)) - raft.server.rpc.sleep.time = 25ms (default)
2019-10-02 23:08:06,799 [274b30cf-bfbe-44f7-9954-c15457e9cee2@group-9C69CDCA108C-LeaderElection12] INFO  server.RaftServerConfigKeys (ConfUtils.java:logGet(43)) - raft.server.write.element-limit = 4096 (default)
2019-10-02 23:08:06,800 [274b30cf-bfbe-44f7-9954-c15457e9cee2@group-9C69CDCA108C-LeaderElection12] INFO  server.RaftServerConfigKeys (ConfUtils.java:logGet(43)) - raft.server.watch.timeout = 10s (default)
2019-10-02 23:08:06,800 [274b30cf-bfbe-44f7-9954-c15457e9cee2@group-9C69CDCA108C-LeaderElection12] INFO  server.RaftServerConfigKeys (ConfUtils.java:logGet(43)) - raft.server.watch.timeout.denomination = 1s (default)
2019-10-02 23:08:06,800 [274b30cf-bfbe-44f7-9954-c15457e9cee2@group-9C69CDCA108C-LeaderElection12] INFO  server.RaftServerConfigKeys (ConfUtils.java:logGet(43)) - raft.server.watch.element-limit = 65536 (default)
2019-10-02 23:08:06,803 [274b30cf-bfbe-44f7-9954-c15457e9cee2@group-9C69CDCA108C-LeaderElection12] INFO  impl.RoleInfo (RoleInfo.java:updateAndGet(143)) - 274b30cf-bfbe-44f7-9954-c15457e9cee2: start LeaderState
2019-10-02 23:08:06,804 [274b30cf-bfbe-44f7-9954-c15457e9cee2@group-9C69CDCA108C-LeaderElection12] INFO  segmented.SegmentedRaftLogWorker (SegmentedRaftLogWorker.java:startLogSegment(385)) - 274b30cf-bfbe-44f7-9954-c15457e9cee2@group-9C69CDCA108C-SegmentedRaftLogWorker: Starting segment from index:0
2019-10-02 23:08:06,805 [274b30cf-bfbe-44f7-9954-c15457e9cee2@group-9C69CDCA108C-LeaderElection12] INFO  impl.RaftServerImpl (ServerState.java:setRaftConf(356)) - 274b30cf-bfbe-44f7-9954-c15457e9cee2@group-9C69CDCA108C: set configuration 0: [274b30cf-bfbe-44f7-9954-c15457e9cee2:192.168.30.30:40538], old=null at 0
2019-10-02 23:08:06,841 [ForkJoinPool.commonPool-worker-0] INFO  ozoneimpl.OzoneContainer (OzoneContainer.java:stop(231)) - Attempting to stop container services.
2019-10-02 23:08:06,842 [main] INFO  ozoneimpl.OzoneContainer (OzoneContainer.java:stop(231)) - Attempting to stop container services.
2019-10-02 23:08:06,842 [ForkJoinPool.commonPool-worker-0] INFO  impl.RaftServerProxy (RaftServerProxy.java:lambda$close$4(314)) - 274b30cf-bfbe-44f7-9954-c15457e9cee2: close
2019-10-02 23:08:06,842 [main] INFO  impl.RaftServerProxy (RaftServerProxy.java:lambda$close$4(314)) - e36a444f-26c5-4e8e-9443-e27acfdd66fc: close
2019-10-02 23:08:06,843 [ForkJoinPool.commonPool-worker-0] INFO  impl.RaftServerImpl (RaftServerImpl.java:lambda$shutdown$3(247)) - 274b30cf-bfbe-44f7-9954-c15457e9cee2@group-9C69CDCA108C: shutdown
2019-10-02 23:08:06,843 [main] INFO  impl.RaftServerImpl (RaftServerImpl.java:lambda$shutdown$3(247)) - e36a444f-26c5-4e8e-9443-e27acfdd66fc@group-AFCAD8F51901: shutdown
2019-10-02 23:08:06,843 [ForkJoinPool.commonPool-worker-0] INFO  util.JmxRegister (JmxRegister.java:unregister(73)) - Successfully un-registered JMX Bean with object name Ratis:service=RaftServer,group=group-9C69CDCA108C,id=274b30cf-bfbe-44f7-9954-c15457e9cee2
2019-10-02 23:08:06,843 [main] INFO  util.JmxRegister (JmxRegister.java:unregister(73)) - Successfully un-registered JMX Bean with object name Ratis:service=RaftServer,group=group-AFCAD8F51901,id=e36a444f-26c5-4e8e-9443-e27acfdd66fc
2019-10-02 23:08:06,844 [ForkJoinPool.commonPool-worker-0] INFO  impl.RoleInfo (RoleInfo.java:shutdownLeaderState(104)) - 274b30cf-bfbe-44f7-9954-c15457e9cee2: shutdown LeaderState
2019-10-02 23:08:06,844 [main] INFO  impl.RoleInfo (RoleInfo.java:shutdownFollowerState(121)) - e36a444f-26c5-4e8e-9443-e27acfdd66fc: shutdown FollowerState
2019-10-02 23:08:06,844 [ForkJoinPool.commonPool-worker-0] INFO  impl.PendingRequests (PendingRequests.java:sendNotLeaderResponses(202)) - 274b30cf-bfbe-44f7-9954-c15457e9cee2@group-9C69CDCA108C-PendingRequests: sendNotLeaderResponses
2019-10-02 23:08:06,845 [Thread-617] INFO  impl.FollowerState (FollowerState.java:run(117)) - e36a444f-26c5-4e8e-9443-e27acfdd66fc@group-AFCAD8F51901-FollowerState was interrupted: java.lang.InterruptedException: sleep interrupted
2019-10-02 23:08:06,845 [main] INFO  impl.StateMachineUpdater (StateMachineUpdater.java:stopAndJoin(136)) - e36a444f-26c5-4e8e-9443-e27acfdd66fc@group-AFCAD8F51901-StateMachineUpdater: set stopIndex = -1
2019-10-02 23:08:06,851 [ForkJoinPool.commonPool-worker-0] INFO  impl.StateMachineUpdater (StateMachineUpdater.java:stopAndJoin(136)) - 274b30cf-bfbe-44f7-9954-c15457e9cee2@group-9C69CDCA108C-StateMachineUpdater: set stopIndex = -1
2019-10-02 23:08:06,852 [main] INFO  impl.RaftServerImpl (ServerState.java:close(387)) - e36a444f-26c5-4e8e-9443-e27acfdd66fc@group-AFCAD8F51901: closes. applyIndex: -1
2019-10-02 23:08:06,853 [ForkJoinPool.commonPool-worker-0] INFO  impl.RaftServerImpl (ServerState.java:close(387)) - 274b30cf-bfbe-44f7-9954-c15457e9cee2@group-9C69CDCA108C: closes. applyIndex: -1
2019-10-02 23:08:06,853 [e36a444f-26c5-4e8e-9443-e27acfdd66fc@group-AFCAD8F51901-SegmentedRaftLogWorker] INFO  segmented.SegmentedRaftLogWorker (SegmentedRaftLogWorker.java:run(316)) - e36a444f-26c5-4e8e-9443-e27acfdd66fc@group-AFCAD8F51901-SegmentedRaftLogWorker was interrupted, exiting. There are 0 tasks remaining in the queue.
2019-10-02 23:08:06,853 [main] INFO  segmented.SegmentedRaftLogWorker (SegmentedRaftLogWorker.java:close(224)) - e36a444f-26c5-4e8e-9443-e27acfdd66fc@group-AFCAD8F51901-SegmentedRaftLogWorker close()
2019-10-02 23:08:06,857 [main] INFO  impl.RaftServerImpl (RaftServerImpl.java:lambda$shutdown$3(247)) - e36a444f-26c5-4e8e-9443-e27acfdd66fc@group-3CDFC1365CCF: shutdown
2019-10-02 23:08:06,857 [main] INFO  util.JmxRegister (JmxRegister.java:unregister(73)) - Successfully un-registered JMX Bean with object name Ratis:service=RaftServer,group=group-3CDFC1365CCF,id=e36a444f-26c5-4e8e-9443-e27acfdd66fc
2019-10-02 23:08:06,857 [main] INFO  impl.RoleInfo (RoleInfo.java:shutdownFollowerState(121)) - e36a444f-26c5-4e8e-9443-e27acfdd66fc: shutdown FollowerState
2019-10-02 23:08:06,858 [main] INFO  impl.StateMachineUpdater (StateMachineUpdater.java:stopAndJoin(136)) - e36a444f-26c5-4e8e-9443-e27acfdd66fc@group-3CDFC1365CCF-StateMachineUpdater: set stopIndex = -1
2019-10-02 23:08:06,858 [Thread-626] INFO  impl.FollowerState (FollowerState.java:run(117)) - e36a444f-26c5-4e8e-9443-e27acfdd66fc@group-3CDFC1365CCF-FollowerState was interrupted: java.lang.InterruptedException: sleep interrupted
2019-10-02 23:08:06,859 [main] INFO  impl.RaftServerImpl (ServerState.java:close(387)) - e36a444f-26c5-4e8e-9443-e27acfdd66fc@group-3CDFC1365CCF: closes. applyIndex: -1
2019-10-02 23:08:06,860 [e36a444f-26c5-4e8e-9443-e27acfdd66fc@group-3CDFC1365CCF-SegmentedRaftLogWorker] INFO  segmented.SegmentedRaftLogWorker (SegmentedRaftLogWorker.java:run(316)) - e36a444f-26c5-4e8e-9443-e27acfdd66fc@group-3CDFC1365CCF-SegmentedRaftLogWorker was interrupted, exiting. There are 0 tasks remaining in the queue.
2019-10-02 23:08:06,860 [main] INFO  segmented.SegmentedRaftLogWorker (SegmentedRaftLogWorker.java:close(224)) - e36a444f-26c5-4e8e-9443-e27acfdd66fc@group-3CDFC1365CCF-SegmentedRaftLogWorker close()
2019-10-02 23:08:06,862 [main] INFO  server.GrpcService (GrpcService.java:closeImpl(164)) - e36a444f-26c5-4e8e-9443-e27acfdd66fc: shutdown server with port 33544 now
2019-10-02 23:08:06,862 [main] INFO  server.GrpcService (GrpcService.java:closeImpl(172)) - e36a444f-26c5-4e8e-9443-e27acfdd66fc: shutdown server with port 33544 successfully
2019-10-02 23:08:06,865 [refreshUsed-/workdir/hadoop-ozone/ozonefs/target/test-dir/MiniOzoneClusterImpl-e2d57ef1-065c-4335-89db-5132b7515c6c/datanode-1/data/containers] WARN  fs.CachingGetSpaceUsed (CachingGetSpaceUsed.java:run(183)) - Thread Interrupted waiting to refresh disk information: sleep interrupted
2019-10-02 23:08:06,865 [274b30cf-bfbe-44f7-9954-c15457e9cee2@group-9C69CDCA108C-SegmentedRaftLogWorker] WARN  segmented.SegmentedRaftLogOutputStream (SegmentedRaftLogOutputStream.java:<init>(77)) - Hit IOException while creating log segment /workdir/hadoop-ozone/ozonefs/target/test-dir/MiniOzoneClusterImpl-e2d57ef1-065c-4335-89db-5132b7515c6c/datanode-0/data/ratis/f51852e0-dc3a-4d8b-82dc-9c69cdca108c/current/log_inprogress_0, delete the partial file.
2019-10-02 23:08:06,871 [ForkJoinPool.commonPool-worker-0] INFO  segmented.SegmentedRaftLogWorker (SegmentedRaftLogWorker.java:close(224)) - 274b30cf-bfbe-44f7-9954-c15457e9cee2@group-9C69CDCA108C-SegmentedRaftLogWorker close()
2019-10-02 23:08:06,874 [ForkJoinPool.commonPool-worker-0] INFO  impl.RaftServerImpl (RaftServerImpl.java:lambda$shutdown$3(247)) - 274b30cf-bfbe-44f7-9954-c15457e9cee2@group-3CDFC1365CCF: shutdown
2019-10-02 23:08:06,874 [ForkJoinPool.commonPool-worker-0] INFO  util.JmxRegister (JmxRegister.java:unregister(73)) - Successfully un-registered JMX Bean with object name Ratis:service=RaftServer,group=group-3CDFC1365CCF,id=274b30cf-bfbe-44f7-9954-c15457e9cee2
2019-10-02 23:08:06,874 [ForkJoinPool.commonPool-worker-0] INFO  impl.RoleInfo (RoleInfo.java:shutdownFollowerState(121)) - 274b30cf-bfbe-44f7-9954-c15457e9cee2: shutdown FollowerState
2019-10-02 23:08:06,875 [ForkJoinPool.commonPool-worker-0] INFO  impl.StateMachineUpdater (StateMachineUpdater.java:stopAndJoin(136)) - 274b30cf-bfbe-44f7-9954-c15457e9cee2@group-3CDFC1365CCF-StateMachineUpdater: set stopIndex = -1
2019-10-02 23:08:06,875 [Thread-627] INFO  impl.FollowerState (FollowerState.java:run(117)) - 274b30cf-bfbe-44f7-9954-c15457e9cee2@group-3CDFC1365CCF-FollowerState was interrupted: java.lang.InterruptedException: sleep interrupted
2019-10-02 23:08:06,876 [ForkJoinPool.commonPool-worker-0] INFO  impl.RaftServerImpl (ServerState.java:close(387)) - 274b30cf-bfbe-44f7-9954-c15457e9cee2@group-3CDFC1365CCF: closes. applyIndex: -1
2019-10-02 23:08:06,876 [274b30cf-bfbe-44f7-9954-c15457e9cee2@group-3CDFC1365CCF-SegmentedRaftLogWorker] INFO  segmented.SegmentedRaftLogWorker (SegmentedRaftLogWorker.java:run(316)) - 274b30cf-bfbe-44f7-9954-c15457e9cee2@group-3CDFC1365CCF-SegmentedRaftLogWorker was interrupted, exiting. There are 0 tasks remaining in the queue.
2019-10-02 23:08:06,876 [ForkJoinPool.commonPool-worker-0] INFO  segmented.SegmentedRaftLogWorker (SegmentedRaftLogWorker.java:close(224)) - 274b30cf-bfbe-44f7-9954-c15457e9cee2@group-3CDFC1365CCF-SegmentedRaftLogWorker close()
2019-10-02 23:08:06,878 [ForkJoinPool.commonPool-worker-0] INFO  server.GrpcService (GrpcService.java:closeImpl(164)) - 274b30cf-bfbe-44f7-9954-c15457e9cee2: shutdown server with port 40538 now
2019-10-02 23:08:06,879 [ForkJoinPool.commonPool-worker-0] INFO  server.GrpcService (GrpcService.java:closeImpl(172)) - 274b30cf-bfbe-44f7-9954-c15457e9cee2: shutdown server with port 40538 successfully
2019-10-02 23:08:06,881 [refreshUsed-/workdir/hadoop-ozone/ozonefs/target/test-dir/MiniOzoneClusterImpl-e2d57ef1-065c-4335-89db-5132b7515c6c/datanode-0/data/containers] WARN  fs.CachingGetSpaceUsed (CachingGetSpaceUsed.java:run(183)) - Thread Interrupted waiting to refresh disk information: sleep interrupted
2019-10-02 23:08:06,894 [main] INFO  utils.BackgroundService (BackgroundService.java:shutdown(148)) - Shutting down service BlockDeletingService
2019-10-02 23:08:06,896 [main] INFO  statemachine.DatanodeStateMachine (DatanodeStateMachine.java:stopDaemon(395)) - Ozone container server stopped.
2019-10-02 23:08:06,897 [main] INFO  handler.ContextHandler (ContextHandler.java:doStop(910)) - Stopped o.e.j.w.WebAppContext@429aeac1{/,null,UNAVAILABLE}{/hddsDatanode}
2019-10-02 23:08:06,898 [main] INFO  server.AbstractConnector (AbstractConnector.java:doStop(318)) - Stopped ServerConnector@79eeff87{HTTP/1.1,[http/1.1]}{0.0.0.0:0}
2019-10-02 23:08:06,898 [main] INFO  handler.ContextHandler (ContextHandler.java:doStop(910)) - Stopped o.e.j.s.ServletContextHandler@6cbe68e9{/static,jar:file:/home/user/.m2/repository/org/apache/hadoop/hadoop-hdds-container-service/0.5.0-SNAPSHOT/hadoop-hdds-container-service-0.5.0-SNAPSHOT.jar!/webapps/static,UNAVAILABLE}
2019-10-02 23:08:06,899 [main] INFO  handler.ContextHandler (ContextHandler.java:doStop(910)) - Stopped o.e.j.s.ServletContextHandler@e829999{/logs,file:///workdir/hadoop-ozone/ozonefs/target/log,UNAVAILABLE}
2019-10-02 23:08:06,906 [Thread-621] INFO  impl.FollowerState (FollowerState.java:run(108)) - 779ca28a-ed2b-4206-a579-04299fcd0d34@group-BD7B964B0E5A-FollowerState: change to CANDIDATE, lastRpcTime:5059ms, electionTimeout:5059ms
2019-10-02 23:08:06,906 [Thread-621] INFO  impl.RoleInfo (RoleInfo.java:shutdownFollowerState(121)) - 779ca28a-ed2b-4206-a579-04299fcd0d34: shutdown FollowerState
2019-10-02 23:08:06,906 [Thread-621] INFO  impl.RaftServerImpl (RaftServerImpl.java:setRole(170)) - 779ca28a-ed2b-4206-a579-04299fcd0d34@group-BD7B964B0E5A: changes role from  FOLLOWER to CANDIDATE at term 0 for changeToCandidate
2019-10-02 23:08:06,906 [Thread-621] INFO  impl.RoleInfo (RoleInfo.java:updateAndGet(143)) - 779ca28a-ed2b-4206-a579-04299fcd0d34: start LeaderElection
2019-10-02 23:08:06,909 [ForkJoinPool.commonPool-worker-0] INFO  utils.BackgroundService (BackgroundService.java:shutdown(148)) - Shutting down service BlockDeletingService
2019-10-02 23:08:06,911 [ForkJoinPool.commonPool-worker-0] INFO  statemachine.DatanodeStateMachine (DatanodeStateMachine.java:stopDaemon(395)) - Ozone container server stopped.
2019-10-02 23:08:06,913 [ForkJoinPool.commonPool-worker-0] INFO  handler.ContextHandler (ContextHandler.java:doStop(910)) - Stopped o.e.j.w.WebAppContext@2792b416{/,null,UNAVAILABLE}{/hddsDatanode}
2019-10-02 23:08:06,913 [ForkJoinPool.commonPool-worker-0] INFO  server.AbstractConnector (AbstractConnector.java:doStop(318)) - Stopped ServerConnector@4735d6e5{HTTP/1.1,[http/1.1]}{0.0.0.0:0}
2019-10-02 23:08:06,914 [ForkJoinPool.commonPool-worker-0] INFO  handler.ContextHandler (ContextHandler.java:doStop(910)) - Stopped o.e.j.s.ServletContextHandler@4ef2ab73{/static,jar:file:/home/user/.m2/repository/org/apache/hadoop/hadoop-hdds-container-service/0.5.0-SNAPSHOT/hadoop-hdds-container-service-0.5.0-SNAPSHOT.jar!/webapps/static,UNAVAILABLE}
2019-10-02 23:08:06,915 [ForkJoinPool.commonPool-worker-0] INFO  handler.ContextHandler (ContextHandler.java:doStop(910)) - Stopped o.e.j.s.ServletContextHandler@5a13fcf3{/logs,file:///workdir/hadoop-ozone/ozonefs/target/log,UNAVAILABLE}
2019-10-02 23:08:06,931 [779ca28a-ed2b-4206-a579-04299fcd0d34@group-BD7B964B0E5A-LeaderElection13] INFO  impl.LeaderElection (LeaderElection.java:askForVotes(178)) - 779ca28a-ed2b-4206-a579-04299fcd0d34@group-BD7B964B0E5A-LeaderElection13: begin an election at term 1 for -1: [779ca28a-ed2b-4206-a579-04299fcd0d34:192.168.30.30:46568], old=null
2019-10-02 23:08:06,932 [779ca28a-ed2b-4206-a579-04299fcd0d34@group-BD7B964B0E5A-LeaderElection13] INFO  impl.RoleInfo (RoleInfo.java:shutdownLeaderElection(134)) - 779ca28a-ed2b-4206-a579-04299fcd0d34: shutdown LeaderElection
2019-10-02 23:08:06,932 [779ca28a-ed2b-4206-a579-04299fcd0d34@group-BD7B964B0E5A-LeaderElection13] INFO  impl.RaftServerImpl (RaftServerImpl.java:setRole(170)) - 779ca28a-ed2b-4206-a579-04299fcd0d34@group-BD7B964B0E5A: changes role from CANDIDATE to LEADER at term 1 for changeToLeader
2019-10-02 23:08:06,932 [779ca28a-ed2b-4206-a579-04299fcd0d34@group-BD7B964B0E5A-LeaderElection13] INFO  impl.RaftServerImpl (ServerState.java:setLeader(255)) - 779ca28a-ed2b-4206-a579-04299fcd0d34@group-BD7B964B0E5A: change Leader from null to 779ca28a-ed2b-4206-a579-04299fcd0d34 at term 1 for becomeLeader, leader elected after 5091ms
2019-10-02 23:08:06,932 [779ca28a-ed2b-4206-a579-04299fcd0d34@group-BD7B964B0E5A-LeaderElection13] INFO  server.RaftServerConfigKeys (ConfUtils.java:logGet(43)) - raft.server.staging.catchup.gap = 1000 (default)
2019-10-02 23:08:06,932 [779ca28a-ed2b-4206-a579-04299fcd0d34@group-BD7B964B0E5A-LeaderElection13] INFO  server.RaftServerConfigKeys (ConfUtils.java:logGet(43)) - raft.server.rpc.sleep.time = 25ms (default)
2019-10-02 23:08:06,932 [779ca28a-ed2b-4206-a579-04299fcd0d34@group-BD7B964B0E5A-LeaderElection13] INFO  server.RaftServerConfigKeys (ConfUtils.java:logGet(43)) - raft.server.write.element-limit = 4096 (default)
2019-10-02 23:08:06,933 [779ca28a-ed2b-4206-a579-04299fcd0d34@group-BD7B964B0E5A-LeaderElection13] INFO  server.RaftServerConfigKeys (ConfUtils.java:logGet(43)) - raft.server.watch.timeout = 10s (default)
2019-10-02 23:08:06,933 [779ca28a-ed2b-4206-a579-04299fcd0d34@group-BD7B964B0E5A-LeaderElection13] INFO  server.RaftServerConfigKeys (ConfUtils.java:logGet(43)) - raft.server.watch.timeout.denomination = 1s (default)
2019-10-02 23:08:06,933 [779ca28a-ed2b-4206-a579-04299fcd0d34@group-BD7B964B0E5A-LeaderElection13] INFO  server.RaftServerConfigKeys (ConfUtils.java:logGet(43)) - raft.server.watch.element-limit = 65536 (default)
2019-10-02 23:08:06,935 [779ca28a-ed2b-4206-a579-04299fcd0d34@group-BD7B964B0E5A-LeaderElection13] INFO  impl.RoleInfo (RoleInfo.java:updateAndGet(143)) - 779ca28a-ed2b-4206-a579-04299fcd0d34: start LeaderState
2019-10-02 23:08:06,935 [779ca28a-ed2b-4206-a579-04299fcd0d34@group-BD7B964B0E5A-LeaderElection13] INFO  segmented.SegmentedRaftLogWorker (SegmentedRaftLogWorker.java:startLogSegment(385)) - 779ca28a-ed2b-4206-a579-04299fcd0d34@group-BD7B964B0E5A-SegmentedRaftLogWorker: Starting segment from index:0
2019-10-02 23:08:06,936 [779ca28a-ed2b-4206-a579-04299fcd0d34@group-BD7B964B0E5A-LeaderElection13] INFO  impl.RaftServerImpl (ServerState.java:setRaftConf(356)) - 779ca28a-ed2b-4206-a579-04299fcd0d34@group-BD7B964B0E5A: set configuration 0: [779ca28a-ed2b-4206-a579-04299fcd0d34:192.168.30.30:46568], old=null at 0
2019-10-02 23:08:06,981 [779ca28a-ed2b-4206-a579-04299fcd0d34@group-BD7B964B0E5A-SegmentedRaftLogWorker] INFO  segmented.SegmentedRaftLogWorker (SegmentedRaftLogWorker.java:execute(574)) - 779ca28a-ed2b-4206-a579-04299fcd0d34@group-BD7B964B0E5A-SegmentedRaftLogWorker: created new log segment /workdir/hadoop-ozone/ozonefs/target/test-dir/MiniOzoneClusterImpl-e2d57ef1-065c-4335-89db-5132b7515c6c/datanode-2/data/ratis/b5e7557f-ab1a-424b-a1fc-bd7b964b0e5a/current/log_inprogress_0
2019-10-02 23:08:07,024 [Thread-628] INFO  impl.FollowerState (FollowerState.java:run(108)) - 779ca28a-ed2b-4206-a579-04299fcd0d34@group-3CDFC1365CCF-FollowerState: change to CANDIDATE, lastRpcTime:5085ms, electionTimeout:5085ms
2019-10-02 23:08:07,025 [Thread-628] INFO  impl.RoleInfo (RoleInfo.java:shutdownFollowerState(121)) - 779ca28a-ed2b-4206-a579-04299fcd0d34: shutdown FollowerState
2019-10-02 23:08:07,025 [Thread-628] INFO  impl.RaftServerImpl (RaftServerImpl.java:setRole(170)) - 779ca28a-ed2b-4206-a579-04299fcd0d34@group-3CDFC1365CCF: changes role from  FOLLOWER to CANDIDATE at term 0 for changeToCandidate
2019-10-02 23:08:07,025 [Thread-628] INFO  impl.RoleInfo (RoleInfo.java:updateAndGet(143)) - 779ca28a-ed2b-4206-a579-04299fcd0d34: start LeaderElection
2019-10-02 23:08:07,051 [779ca28a-ed2b-4206-a579-04299fcd0d34@group-3CDFC1365CCF-LeaderElection14] INFO  impl.LeaderElection (LeaderElection.java:askForVotes(178)) - 779ca28a-ed2b-4206-a579-04299fcd0d34@group-3CDFC1365CCF-LeaderElection14: begin an election at term 1 for -1: [779ca28a-ed2b-4206-a579-04299fcd0d34:192.168.30.30:46568, e36a444f-26c5-4e8e-9443-e27acfdd66fc:192.168.30.30:33544, 274b30cf-bfbe-44f7-9954-c15457e9cee2:192.168.30.30:40538], old=null
2019-10-02 23:08:07,056 [779ca28a-ed2b-4206-a579-04299fcd0d34@group-3CDFC1365CCF-LeaderElection14] INFO  impl.LeaderElection (LogUtils.java:infoOrTrace(149)) - 779ca28a-ed2b-4206-a579-04299fcd0d34@group-3CDFC1365CCF-LeaderElection14 got exception when requesting votes: {}
java.util.concurrent.ExecutionException: org.apache.ratis.thirdparty.io.grpc.StatusRuntimeException: UNAVAILABLE: io exception
	at java.util.concurrent.FutureTask.report(FutureTask.java:122)
	at java.util.concurrent.FutureTask.get(FutureTask.java:192)
	at org.apache.ratis.server.impl.LeaderElection.waitForResults(LeaderElection.java:259)
	at org.apache.ratis.server.impl.LeaderElection.askForVotes(LeaderElection.java:197)
	at org.apache.ratis.server.impl.LeaderElection.run(LeaderElection.java:133)
	at java.lang.Thread.run(Thread.java:748)
Caused by: org.apache.ratis.thirdparty.io.grpc.StatusRuntimeException: UNAVAILABLE: io exception
	at org.apache.ratis.thirdparty.io.grpc.stub.ClientCalls.toStatusRuntimeException(ClientCalls.java:233)
	at org.apache.ratis.thirdparty.io.grpc.stub.ClientCalls.getUnchecked(ClientCalls.java:214)
	at org.apache.ratis.thirdparty.io.grpc.stub.ClientCalls.blockingUnaryCall(ClientCalls.java:139)
	at org.apache.ratis.proto.grpc.RaftServerProtocolServiceGrpc$RaftServerProtocolServiceBlockingStub.requestVote(RaftServerProtocolServiceGrpc.java:265)
	at org.apache.ratis.grpc.server.GrpcServerProtocolClient.requestVote(GrpcServerProtocolClient.java:99)
	at org.apache.ratis.grpc.server.GrpcService.requestVote(GrpcService.java:204)
	at org.apache.ratis.server.impl.LeaderElection.lambda$submitRequests$1(LeaderElection.java:234)
	at java.util.concurrent.FutureTask.run(FutureTask.java:266)
	at java.util.concurrent.Executors$RunnableAdapter.call(Executors.java:511)
	at java.util.concurrent.FutureTask.run(FutureTask.java:266)
	at java.util.concurrent.ThreadPoolExecutor.runWorker(ThreadPoolExecutor.java:1149)
	at java.util.concurrent.ThreadPoolExecutor$Worker.run(ThreadPoolExecutor.java:624)
	... 1 more
Caused by: org.apache.ratis.thirdparty.io.netty.channel.AbstractChannel$AnnotatedConnectException: Connection refused: /192.168.30.30:40538
	at sun.nio.ch.SocketChannelImpl.checkConnect(Native Method)
	at sun.nio.ch.SocketChannelImpl.finishConnect(SocketChannelImpl.java:717)
	at org.apache.ratis.thirdparty.io.netty.channel.socket.nio.NioSocketChannel.doFinishConnect(NioSocketChannel.java:327)
	at org.apache.ratis.thirdparty.io.netty.channel.nio.AbstractNioChannel$AbstractNioUnsafe.finishConnect(AbstractNioChannel.java:340)
	at org.apache.ratis.thirdparty.io.netty.channel.nio.NioEventLoop.processSelectedKey(NioEventLoop.java:632)
	at org.apache.ratis.thirdparty.io.netty.channel.nio.NioEventLoop.processSelectedKeysOptimized(NioEventLoop.java:579)
	at org.apache.ratis.thirdparty.io.netty.channel.nio.NioEventLoop.processSelectedKeys(NioEventLoop.java:496)
	at org.apache.ratis.thirdparty.io.netty.channel.nio.NioEventLoop.run(NioEventLoop.java:458)
	at org.apache.ratis.thirdparty.io.netty.util.concurrent.SingleThreadEventExecutor$5.run(SingleThreadEventExecutor.java:897)
	at org.apache.ratis.thirdparty.io.netty.util.concurrent.FastThreadLocalRunnable.run(FastThreadLocalRunnable.java:30)
	... 1 more
Caused by: java.net.ConnectException: Connection refused
	... 11 more
2019-10-02 23:08:07,057 [779ca28a-ed2b-4206-a579-04299fcd0d34@group-3CDFC1365CCF-LeaderElection14] INFO  impl.LeaderElection (LogUtils.java:infoOrTrace(149)) - 779ca28a-ed2b-4206-a579-04299fcd0d34@group-3CDFC1365CCF-LeaderElection14 got exception when requesting votes: {}
java.util.concurrent.ExecutionException: org.apache.ratis.thirdparty.io.grpc.StatusRuntimeException: UNAVAILABLE: io exception
	at java.util.concurrent.FutureTask.report(FutureTask.java:122)
	at java.util.concurrent.FutureTask.get(FutureTask.java:192)
	at org.apache.ratis.server.impl.LeaderElection.waitForResults(LeaderElection.java:259)
	at org.apache.ratis.server.impl.LeaderElection.askForVotes(LeaderElection.java:197)
	at org.apache.ratis.server.impl.LeaderElection.run(LeaderElection.java:133)
	at java.lang.Thread.run(Thread.java:748)
Caused by: org.apache.ratis.thirdparty.io.grpc.StatusRuntimeException: UNAVAILABLE: io exception
	at org.apache.ratis.thirdparty.io.grpc.stub.ClientCalls.toStatusRuntimeException(ClientCalls.java:233)
	at org.apache.ratis.thirdparty.io.grpc.stub.ClientCalls.getUnchecked(ClientCalls.java:214)
	at org.apache.ratis.thirdparty.io.grpc.stub.ClientCalls.blockingUnaryCall(ClientCalls.java:139)
	at org.apache.ratis.proto.grpc.RaftServerProtocolServiceGrpc$RaftServerProtocolServiceBlockingStub.requestVote(RaftServerProtocolServiceGrpc.java:265)
	at org.apache.ratis.grpc.server.GrpcServerProtocolClient.requestVote(GrpcServerProtocolClient.java:99)
	at org.apache.ratis.grpc.server.GrpcService.requestVote(GrpcService.java:204)
	at org.apache.ratis.server.impl.LeaderElection.lambda$submitRequests$1(LeaderElection.java:234)
	at java.util.concurrent.FutureTask.run(FutureTask.java:266)
	at java.util.concurrent.Executors$RunnableAdapter.call(Executors.java:511)
	at java.util.concurrent.FutureTask.run(FutureTask.java:266)
	at java.util.concurrent.ThreadPoolExecutor.runWorker(ThreadPoolExecutor.java:1149)
	at java.util.concurrent.ThreadPoolExecutor$Worker.run(ThreadPoolExecutor.java:624)
	... 1 more
Caused by: org.apache.ratis.thirdparty.io.netty.channel.AbstractChannel$AnnotatedConnectException: Connection refused: /192.168.30.30:33544
	at sun.nio.ch.SocketChannelImpl.checkConnect(Native Method)
	at sun.nio.ch.SocketChannelImpl.finishConnect(SocketChannelImpl.java:717)
	at org.apache.ratis.thirdparty.io.netty.channel.socket.nio.NioSocketChannel.doFinishConnect(NioSocketChannel.java:327)
	at org.apache.ratis.thirdparty.io.netty.channel.nio.AbstractNioChannel$AbstractNioUnsafe.finishConnect(AbstractNioChannel.java:340)
	at org.apache.ratis.thirdparty.io.netty.channel.nio.NioEventLoop.processSelectedKey(NioEventLoop.java:632)
	at org.apache.ratis.thirdparty.io.netty.channel.nio.NioEventLoop.processSelectedKeysOptimized(NioEventLoop.java:579)
	at org.apache.ratis.thirdparty.io.netty.channel.nio.NioEventLoop.processSelectedKeys(NioEventLoop.java:496)
	at org.apache.ratis.thirdparty.io.netty.channel.nio.NioEventLoop.run(NioEventLoop.java:458)
	at org.apache.ratis.thirdparty.io.netty.util.concurrent.SingleThreadEventExecutor$5.run(SingleThreadEventExecutor.java:897)
	at org.apache.ratis.thirdparty.io.netty.util.concurrent.FastThreadLocalRunnable.run(FastThreadLocalRunnable.java:30)
	... 1 more
Caused by: java.net.ConnectException: Connection refused
	... 11 more
2019-10-02 23:08:07,059 [779ca28a-ed2b-4206-a579-04299fcd0d34@group-3CDFC1365CCF-LeaderElection14] INFO  impl.LeaderElection (LeaderElection.java:logAndReturn(56)) - 779ca28a-ed2b-4206-a579-04299fcd0d34@group-3CDFC1365CCF-LeaderElection14: Election REJECTED; received 0 response(s) [] and 2 exception(s); 779ca28a-ed2b-4206-a579-04299fcd0d34@group-3CDFC1365CCF:t1, leader=null, voted=779ca28a-ed2b-4206-a579-04299fcd0d34, raftlog=779ca28a-ed2b-4206-a579-04299fcd0d34@group-3CDFC1365CCF-SegmentedRaftLog:OPENED:c-1,f-1,i0, conf=-1: [779ca28a-ed2b-4206-a579-04299fcd0d34:192.168.30.30:46568, e36a444f-26c5-4e8e-9443-e27acfdd66fc:192.168.30.30:33544, 274b30cf-bfbe-44f7-9954-c15457e9cee2:192.168.30.30:40538], old=null
2019-10-02 23:08:07,059 [779ca28a-ed2b-4206-a579-04299fcd0d34@group-3CDFC1365CCF-LeaderElection14] INFO  impl.LeaderElection (LogUtils.java:infoOrTrace(149)) -   Exception 0: {}
java.util.concurrent.ExecutionException: org.apache.ratis.thirdparty.io.grpc.StatusRuntimeException: UNAVAILABLE: io exception
	at java.util.concurrent.FutureTask.report(FutureTask.java:122)
	at java.util.concurrent.FutureTask.get(FutureTask.java:192)
	at org.apache.ratis.server.impl.LeaderElection.waitForResults(LeaderElection.java:259)
	at org.apache.ratis.server.impl.LeaderElection.askForVotes(LeaderElection.java:197)
	at org.apache.ratis.server.impl.LeaderElection.run(LeaderElection.java:133)
	at java.lang.Thread.run(Thread.java:748)
Caused by: org.apache.ratis.thirdparty.io.grpc.StatusRuntimeException: UNAVAILABLE: io exception
	at org.apache.ratis.thirdparty.io.grpc.stub.ClientCalls.toStatusRuntimeException(ClientCalls.java:233)
	at org.apache.ratis.thirdparty.io.grpc.stub.ClientCalls.getUnchecked(ClientCalls.java:214)
	at org.apache.ratis.thirdparty.io.grpc.stub.ClientCalls.blockingUnaryCall(ClientCalls.java:139)
	at org.apache.ratis.proto.grpc.RaftServerProtocolServiceGrpc$RaftServerProtocolServiceBlockingStub.requestVote(RaftServerProtocolServiceGrpc.java:265)
	at org.apache.ratis.grpc.server.GrpcServerProtocolClient.requestVote(GrpcServerProtocolClient.java:99)
	at org.apache.ratis.grpc.server.GrpcService.requestVote(GrpcService.java:204)
	at org.apache.ratis.server.impl.LeaderElection.lambda$submitRequests$1(LeaderElection.java:234)
	at java.util.concurrent.FutureTask.run(FutureTask.java:266)
	at java.util.concurrent.Executors$RunnableAdapter.call(Executors.java:511)
	at java.util.concurrent.FutureTask.run(FutureTask.java:266)
	at java.util.concurrent.ThreadPoolExecutor.runWorker(ThreadPoolExecutor.java:1149)
	at java.util.concurrent.ThreadPoolExecutor$Worker.run(ThreadPoolExecutor.java:624)
	... 1 more
Caused by: org.apache.ratis.thirdparty.io.netty.channel.AbstractChannel$AnnotatedConnectException: Connection refused: /192.168.30.30:40538
	at sun.nio.ch.SocketChannelImpl.checkConnect(Native Method)
	at sun.nio.ch.SocketChannelImpl.finishConnect(SocketChannelImpl.java:717)
	at org.apache.ratis.thirdparty.io.netty.channel.socket.nio.NioSocketChannel.doFinishConnect(NioSocketChannel.java:327)
	at org.apache.ratis.thirdparty.io.netty.channel.nio.AbstractNioChannel$AbstractNioUnsafe.finishConnect(AbstractNioChannel.java:340)
	at org.apache.ratis.thirdparty.io.netty.channel.nio.NioEventLoop.processSelectedKey(NioEventLoop.java:632)
	at org.apache.ratis.thirdparty.io.netty.channel.nio.NioEventLoop.processSelectedKeysOptimized(NioEventLoop.java:579)
	at org.apache.ratis.thirdparty.io.netty.channel.nio.NioEventLoop.processSelectedKeys(NioEventLoop.java:496)
	at org.apache.ratis.thirdparty.io.netty.channel.nio.NioEventLoop.run(NioEventLoop.java:458)
	at org.apache.ratis.thirdparty.io.netty.util.concurrent.SingleThreadEventExecutor$5.run(SingleThreadEventExecutor.java:897)
	at org.apache.ratis.thirdparty.io.netty.util.concurrent.FastThreadLocalRunnable.run(FastThreadLocalRunnable.java:30)
	... 1 more
Caused by: java.net.ConnectException: Connection refused
	... 11 more
2019-10-02 23:08:07,059 [779ca28a-ed2b-4206-a579-04299fcd0d34@group-3CDFC1365CCF-LeaderElection14] INFO  impl.LeaderElection (LogUtils.java:infoOrTrace(149)) -   Exception 1: {}
java.util.concurrent.ExecutionException: org.apache.ratis.thirdparty.io.grpc.StatusRuntimeException: UNAVAILABLE: io exception
	at java.util.concurrent.FutureTask.report(FutureTask.java:122)
	at java.util.concurrent.FutureTask.get(FutureTask.java:192)
	at org.apache.ratis.server.impl.LeaderElection.waitForResults(LeaderElection.java:259)
	at org.apache.ratis.server.impl.LeaderElection.askForVotes(LeaderElection.java:197)
	at org.apache.ratis.server.impl.LeaderElection.run(LeaderElection.java:133)
	at java.lang.Thread.run(Thread.java:748)
Caused by: org.apache.ratis.thirdparty.io.grpc.StatusRuntimeException: UNAVAILABLE: io exception
	at org.apache.ratis.thirdparty.io.grpc.stub.ClientCalls.toStatusRuntimeException(ClientCalls.java:233)
	at org.apache.ratis.thirdparty.io.grpc.stub.ClientCalls.getUnchecked(ClientCalls.java:214)
	at org.apache.ratis.thirdparty.io.grpc.stub.ClientCalls.blockingUnaryCall(ClientCalls.java:139)
	at org.apache.ratis.proto.grpc.RaftServerProtocolServiceGrpc$RaftServerProtocolServiceBlockingStub.requestVote(RaftServerProtocolServiceGrpc.java:265)
	at org.apache.ratis.grpc.server.GrpcServerProtocolClient.requestVote(GrpcServerProtocolClient.java:99)
	at org.apache.ratis.grpc.server.GrpcService.requestVote(GrpcService.java:204)
	at org.apache.ratis.server.impl.LeaderElection.lambda$submitRequests$1(LeaderElection.java:234)
	at java.util.concurrent.FutureTask.run(FutureTask.java:266)
	at java.util.concurrent.Executors$RunnableAdapter.call(Executors.java:511)
	at java.util.concurrent.FutureTask.run(FutureTask.java:266)
	at java.util.concurrent.ThreadPoolExecutor.runWorker(ThreadPoolExecutor.java:1149)
	at java.util.concurrent.ThreadPoolExecutor$Worker.run(ThreadPoolExecutor.java:624)
	... 1 more
Caused by: org.apache.ratis.thirdparty.io.netty.channel.AbstractChannel$AnnotatedConnectException: Connection refused: /192.168.30.30:33544
	at sun.nio.ch.SocketChannelImpl.checkConnect(Native Method)
	at sun.nio.ch.SocketChannelImpl.finishConnect(SocketChannelImpl.java:717)
	at org.apache.ratis.thirdparty.io.netty.channel.socket.nio.NioSocketChannel.doFinishConnect(NioSocketChannel.java:327)
	at org.apache.ratis.thirdparty.io.netty.channel.nio.AbstractNioChannel$AbstractNioUnsafe.finishConnect(AbstractNioChannel.java:340)
	at org.apache.ratis.thirdparty.io.netty.channel.nio.NioEventLoop.processSelectedKey(NioEventLoop.java:632)
	at org.apache.ratis.thirdparty.io.netty.channel.nio.NioEventLoop.processSelectedKeysOptimized(NioEventLoop.java:579)
	at org.apache.ratis.thirdparty.io.netty.channel.nio.NioEventLoop.processSelectedKeys(NioEventLoop.java:496)
	at org.apache.ratis.thirdparty.io.netty.channel.nio.NioEventLoop.run(NioEventLoop.java:458)
	at org.apache.ratis.thirdparty.io.netty.util.concurrent.SingleThreadEventExecutor$5.run(SingleThreadEventExecutor.java:897)
	at org.apache.ratis.thirdparty.io.netty.util.concurrent.FastThreadLocalRunnable.run(FastThreadLocalRunnable.java:30)
	... 1 more
Caused by: java.net.ConnectException: Connection refused
	... 11 more
2019-10-02 23:08:07,060 [779ca28a-ed2b-4206-a579-04299fcd0d34@group-3CDFC1365CCF-LeaderElection14] INFO  impl.RaftServerImpl (RaftServerImpl.java:setRole(170)) - 779ca28a-ed2b-4206-a579-04299fcd0d34@group-3CDFC1365CCF: changes role from CANDIDATE to FOLLOWER at term 1 for DISCOVERED_A_NEW_TERM
2019-10-02 23:08:07,061 [779ca28a-ed2b-4206-a579-04299fcd0d34@group-3CDFC1365CCF-LeaderElection14] INFO  impl.RoleInfo (RoleInfo.java:shutdownLeaderElection(134)) - 779ca28a-ed2b-4206-a579-04299fcd0d34: shutdown LeaderElection
2019-10-02 23:08:07,062 [779ca28a-ed2b-4206-a579-04299fcd0d34@group-3CDFC1365CCF-LeaderElection14] INFO  impl.RoleInfo (RoleInfo.java:updateAndGet(143)) - 779ca28a-ed2b-4206-a579-04299fcd0d34: start FollowerState
2019-10-02 23:08:07,730 [Datanode State Machine Thread - 0] INFO  statemachine.DatanodeStateMachine (DatanodeStateMachine.java:lambda$startDaemon$0(350)) - Ozone container server started.
2019-10-02 23:08:11,900 [main] INFO  ozoneimpl.OzoneContainer (OzoneContainer.java:stop(231)) - Attempting to stop container services.
2019-10-02 23:08:11,901 [main] INFO  impl.RaftServerProxy (RaftServerProxy.java:lambda$close$4(314)) - 779ca28a-ed2b-4206-a579-04299fcd0d34: close
2019-10-02 23:08:11,901 [main] INFO  impl.RaftServerImpl (RaftServerImpl.java:lambda$shutdown$3(247)) - 779ca28a-ed2b-4206-a579-04299fcd0d34@group-3CDFC1365CCF: shutdown
2019-10-02 23:08:11,901 [main] INFO  util.JmxRegister (JmxRegister.java:unregister(73)) - Successfully un-registered JMX Bean with object name Ratis:service=RaftServer,group=group-3CDFC1365CCF,id=779ca28a-ed2b-4206-a579-04299fcd0d34
2019-10-02 23:08:11,902 [main] INFO  impl.RoleInfo (RoleInfo.java:shutdownFollowerState(121)) - 779ca28a-ed2b-4206-a579-04299fcd0d34: shutdown FollowerState
2019-10-02 23:08:11,902 [main] INFO  impl.StateMachineUpdater (StateMachineUpdater.java:stopAndJoin(136)) - 779ca28a-ed2b-4206-a579-04299fcd0d34@group-3CDFC1365CCF-StateMachineUpdater: set stopIndex = -1
2019-10-02 23:08:11,902 [Thread-640] INFO  impl.FollowerState (FollowerState.java:run(117)) - 779ca28a-ed2b-4206-a579-04299fcd0d34@group-3CDFC1365CCF-FollowerState was interrupted: java.lang.InterruptedException: sleep interrupted
2019-10-02 23:08:11,904 [main] INFO  impl.RaftServerImpl (ServerState.java:close(387)) - 779ca28a-ed2b-4206-a579-04299fcd0d34@group-3CDFC1365CCF: closes. applyIndex: -1
2019-10-02 23:08:11,905 [779ca28a-ed2b-4206-a579-04299fcd0d34@group-3CDFC1365CCF-SegmentedRaftLogWorker] INFO  segmented.SegmentedRaftLogWorker (SegmentedRaftLogWorker.java:run(316)) - 779ca28a-ed2b-4206-a579-04299fcd0d34@group-3CDFC1365CCF-SegmentedRaftLogWorker was interrupted, exiting. There are 0 tasks remaining in the queue.
2019-10-02 23:08:11,905 [main] INFO  segmented.SegmentedRaftLogWorker (SegmentedRaftLogWorker.java:close(224)) - 779ca28a-ed2b-4206-a579-04299fcd0d34@group-3CDFC1365CCF-SegmentedRaftLogWorker close()
2019-10-02 23:08:11,907 [main] INFO  impl.RaftServerImpl (RaftServerImpl.java:lambda$shutdown$3(247)) - 779ca28a-ed2b-4206-a579-04299fcd0d34@group-BD7B964B0E5A: shutdown
2019-10-02 23:08:11,907 [main] INFO  util.JmxRegister (JmxRegister.java:unregister(73)) - Successfully un-registered JMX Bean with object name Ratis:service=RaftServer,group=group-BD7B964B0E5A,id=779ca28a-ed2b-4206-a579-04299fcd0d34
2019-10-02 23:08:11,907 [main] INFO  impl.RoleInfo (RoleInfo.java:shutdownLeaderState(104)) - 779ca28a-ed2b-4206-a579-04299fcd0d34: shutdown LeaderState
2019-10-02 23:08:11,908 [main] INFO  impl.PendingRequests (PendingRequests.java:sendNotLeaderResponses(202)) - 779ca28a-ed2b-4206-a579-04299fcd0d34@group-BD7B964B0E5A-PendingRequests: sendNotLeaderResponses
2019-10-02 23:08:11,908 [main] INFO  impl.StateMachineUpdater (StateMachineUpdater.java:stopAndJoin(136)) - 779ca28a-ed2b-4206-a579-04299fcd0d34@group-BD7B964B0E5A-StateMachineUpdater: set stopIndex = 0
2019-10-02 23:08:11,909 [main] INFO  impl.RaftServerImpl (ServerState.java:close(387)) - 779ca28a-ed2b-4206-a579-04299fcd0d34@group-BD7B964B0E5A: closes. applyIndex: 0
2019-10-02 23:08:11,909 [779ca28a-ed2b-4206-a579-04299fcd0d34@group-BD7B964B0E5A-SegmentedRaftLogWorker] INFO  segmented.SegmentedRaftLogWorker (SegmentedRaftLogWorker.java:run(316)) - 779ca28a-ed2b-4206-a579-04299fcd0d34@group-BD7B964B0E5A-SegmentedRaftLogWorker was interrupted, exiting. There are 0 tasks remaining in the queue.
2019-10-02 23:08:11,910 [main] INFO  segmented.SegmentedRaftLogWorker (SegmentedRaftLogWorker.java:close(224)) - 779ca28a-ed2b-4206-a579-04299fcd0d34@group-BD7B964B0E5A-SegmentedRaftLogWorker close()
2019-10-02 23:08:11,911 [main] INFO  server.GrpcService (GrpcService.java:closeImpl(164)) - 779ca28a-ed2b-4206-a579-04299fcd0d34: shutdown server with port 46568 now
2019-10-02 23:08:11,913 [main] INFO  server.GrpcService (GrpcService.java:closeImpl(172)) - 779ca28a-ed2b-4206-a579-04299fcd0d34: shutdown server with port 46568 successfully
2019-10-02 23:08:11,915 [refreshUsed-/workdir/hadoop-ozone/ozonefs/target/test-dir/MiniOzoneClusterImpl-e2d57ef1-065c-4335-89db-5132b7515c6c/datanode-2/data/containers] WARN  fs.CachingGetSpaceUsed (CachingGetSpaceUsed.java:run(183)) - Thread Interrupted waiting to refresh disk information: sleep interrupted
2019-10-02 23:08:11,935 [main] INFO  utils.BackgroundService (BackgroundService.java:shutdown(148)) - Shutting down service BlockDeletingService
2019-10-02 23:08:11,938 [main] INFO  statemachine.DatanodeStateMachine (DatanodeStateMachine.java:stopDaemon(395)) - Ozone container server stopped.
2019-10-02 23:08:11,939 [main] INFO  handler.ContextHandler (ContextHandler.java:doStop(910)) - Stopped o.e.j.w.WebAppContext@1084ac45{/,null,UNAVAILABLE}{/hddsDatanode}
2019-10-02 23:08:11,940 [main] INFO  server.AbstractConnector (AbstractConnector.java:doStop(318)) - Stopped ServerConnector@566f1852{HTTP/1.1,[http/1.1]}{0.0.0.0:0}
2019-10-02 23:08:11,940 [main] INFO  handler.ContextHandler (ContextHandler.java:doStop(910)) - Stopped o.e.j.s.ServletContextHandler@ca8ef3a{/static,jar:file:/home/user/.m2/repository/org/apache/hadoop/hadoop-hdds-container-service/0.5.0-SNAPSHOT/hadoop-hdds-container-service-0.5.0-SNAPSHOT.jar!/webapps/static,UNAVAILABLE}
2019-10-02 23:08:11,941 [main] INFO  handler.ContextHandler (ContextHandler.java:doStop(910)) - Stopped o.e.j.s.ServletContextHandler@5e230fc6{/logs,file:///workdir/hadoop-ozone/ozonefs/target/log,UNAVAILABLE}
2019-10-02 23:08:11,942 [main] INFO  ozone.MiniOzoneClusterImpl (MiniOzoneClusterImpl.java:stopSCM(392)) - Stopping the StorageContainerManager
2019-10-02 23:08:11,942 [main] INFO  server.StorageContainerManager (StorageContainerManager.java:stop(808)) - Stopping Replication Manager Service.
2019-10-02 23:08:11,942 [main] INFO  container.ReplicationManager (ReplicationManager.java:stop(203)) - Stopping Replication Monitor Thread.
2019-10-02 23:08:11,942 [main] INFO  server.StorageContainerManager (StorageContainerManager.java:stop(815)) - Stopping Lease Manager of the command watchers
2019-10-02 23:08:11,942 [main] INFO  server.StorageContainerManager (StorageContainerManager.java:stop(822)) - Stopping datanode service RPC server
2019-10-02 23:08:11,942 [main] INFO  server.SCMDatanodeProtocolServer (SCMDatanodeProtocolServer.java:stop(367)) - Stopping the RPC server for DataNodes
2019-10-02 23:08:11,943 [main] INFO  ipc.Server (Server.java:stop(3082)) - Stopping server on 41649
2019-10-02 23:08:11,944 [IPC Server listener on 41649] INFO  ipc.Server (Server.java:run(1185)) - Stopping IPC Server listener on 41649
2019-10-02 23:08:11,944 [IPC Server Responder] INFO  ipc.Server (Server.java:run(1319)) - Stopping IPC Server Responder
2019-10-02 23:08:11,971 [SCM Heartbeat Processing Thread - 0] WARN  node.NodeStateManager (NodeStateManager.java:scheduleNextHealthCheck(646)) - Current Thread is interrupted, shutting down HB processing thread for Node Manager.
2019-10-02 23:08:11,972 [main] INFO  server.StorageContainerManager (StorageContainerManager.java:stop(830)) - Stopping block service RPC server
2019-10-02 23:08:11,972 [main] INFO  server.SCMBlockProtocolServer (SCMBlockProtocolServer.java:stop(155)) - Stopping the RPC server for Block Protocol
2019-10-02 23:08:11,972 [main] INFO  ipc.Server (Server.java:stop(3082)) - Stopping server on 44606
2019-10-02 23:08:11,974 [IPC Server listener on 44606] INFO  ipc.Server (Server.java:run(1185)) - Stopping IPC Server listener on 44606
2019-10-02 23:08:11,974 [main] INFO  server.StorageContainerManager (StorageContainerManager.java:stop(837)) - Stopping the StorageContainerLocationProtocol RPC server
2019-10-02 23:08:11,974 [IPC Server Responder] INFO  ipc.Server (Server.java:run(1319)) - Stopping IPC Server Responder
2019-10-02 23:08:11,975 [main] INFO  server.SCMClientProtocolServer (SCMClientProtocolServer.java:stop(158)) - Stopping the RPC server for Client Protocol
2019-10-02 23:08:11,976 [main] INFO  ipc.Server (Server.java:stop(3082)) - Stopping server on 43567
2019-10-02 23:08:11,977 [IPC Server listener on 43567] INFO  ipc.Server (Server.java:run(1185)) - Stopping IPC Server listener on 43567
2019-10-02 23:08:11,977 [main] INFO  server.StorageContainerManager (StorageContainerManager.java:stop(844)) - Stopping Storage Container Manager HTTP server.
2019-10-02 23:08:11,978 [IPC Server Responder] INFO  ipc.Server (Server.java:run(1319)) - Stopping IPC Server Responder
2019-10-02 23:08:11,980 [main] INFO  handler.ContextHandler (ContextHandler.java:doStop(910)) - Stopped o.e.j.w.WebAppContext@76536c53{/,null,UNAVAILABLE}{/scm}
2019-10-02 23:08:11,980 [main] INFO  server.AbstractConnector (AbstractConnector.java:doStop(318)) - Stopped ServerConnector@38d08cb5{HTTP/1.1,[http/1.1]}{0.0.0.0:0}
2019-10-02 23:08:11,981 [main] INFO  handler.ContextHandler (ContextHandler.java:doStop(910)) - Stopped o.e.j.s.ServletContextHandler@1d02af26{/static,jar:file:/home/user/.m2/repository/org/apache/hadoop/hadoop-hdds-server-scm/0.5.0-SNAPSHOT/hadoop-hdds-server-scm-0.5.0-SNAPSHOT.jar!/webapps/static,UNAVAILABLE}
2019-10-02 23:08:11,981 [main] INFO  handler.ContextHandler (ContextHandler.java:doStop(910)) - Stopped o.e.j.s.ServletContextHandler@58a2d9f9{/logs,file:///workdir/hadoop-ozone/ozonefs/target/log,UNAVAILABLE}
2019-10-02 23:08:11,982 [main] INFO  server.StorageContainerManager (StorageContainerManager.java:stop(855)) - Stopping Block Manager Service.
2019-10-02 23:08:11,982 [main] INFO  utils.BackgroundService (BackgroundService.java:shutdown(148)) - Shutting down service SCMBlockDeletingService
2019-10-02 23:08:11,983 [main] INFO  utils.BackgroundService (BackgroundService.java:shutdown(148)) - Shutting down service SCMBlockDeletingService
2019-10-02 23:08:11,983 [main] INFO  server.StorageContainerManager (StorageContainerManager.java:stop(877)) - Stopping SCM Event Queue.
2019-10-02 23:08:11,987 [main] INFO  impl.MetricsSystemImpl (MetricsSystemImpl.java:stop(210)) - Stopping HddsDatanode metrics system...
2019-10-02 23:08:11,993 [main] INFO  impl.MetricsSystemImpl (MetricsSystemImpl.java:stop(216)) - HddsDatanode metrics system stopped.
]]></system-out>
  </testcase>
  <testcase name="testPathToKey[0]" classname="org.apache.hadoop.fs.ozone.TestOzoneFileInterfaces" time="17.17"/>
  <testcase name="testFileSystemInit[0]" classname="org.apache.hadoop.fs.ozone.TestOzoneFileInterfaces" time="17.196"/>
  <testcase name="testOzFsReadWrite[0]" classname="org.apache.hadoop.fs.ozone.TestOzoneFileInterfaces" time="34.465"/>
  <testcase name="testOzoneManagerFileSystemInterface[1]" classname="org.apache.hadoop.fs.ozone.TestOzoneFileInterfaces" time="17.183">
    <error message="Volume not found ijwearjpng" type="VOLUME_NOT_FOUND org.apache.hadoop.ozone.om.exceptions.OMException">VOLUME_NOT_FOUND org.apache.hadoop.ozone.om.exceptions.OMException: Volume not found ijwearjpng
	at org.apache.hadoop.ozone.om.protocolPB.OzoneManagerProtocolClientSideTranslatorPB.handleError(OzoneManagerProtocolClientSideTranslatorPB.java:732)
	at org.apache.hadoop.ozone.om.protocolPB.OzoneManagerProtocolClientSideTranslatorPB.createDirectory(OzoneManagerProtocolClientSideTranslatorPB.java:1377)
	at sun.reflect.NativeMethodAccessorImpl.invoke0(Native Method)
	at sun.reflect.NativeMethodAccessorImpl.invoke(NativeMethodAccessorImpl.java:62)
	at sun.reflect.DelegatingMethodAccessorImpl.invoke(DelegatingMethodAccessorImpl.java:43)
	at java.lang.reflect.Method.invoke(Method.java:498)
	at org.apache.hadoop.hdds.tracing.TraceAllMethod.invoke(TraceAllMethod.java:66)
	at com.sun.proxy.$Proxy39.createDirectory(Unknown Source)
	at org.apache.hadoop.ozone.client.rpc.RpcClient.createDirectory(RpcClient.java:976)
	at org.apache.hadoop.ozone.client.OzoneBucket.createDirectory(OzoneBucket.java:503)
	at org.apache.hadoop.fs.ozone.BasicOzoneClientAdapterImpl.createDirectory(BasicOzoneClientAdapterImpl.java:236)
	at org.apache.hadoop.fs.ozone.BasicOzoneFileSystem.mkdir(BasicOzoneFileSystem.java:597)
	at org.apache.hadoop.fs.ozone.BasicOzoneFileSystem.mkdirs(BasicOzoneFileSystem.java:607)
	at org.apache.hadoop.fs.FileSystem.mkdirs(FileSystem.java:2275)
	at org.apache.hadoop.fs.ozone.TestOzoneFileInterfaces.testOzoneManagerFileSystemInterface(TestOzoneFileInterfaces.java:283)
	at sun.reflect.NativeMethodAccessorImpl.invoke0(Native Method)
	at sun.reflect.NativeMethodAccessorImpl.invoke(NativeMethodAccessorImpl.java:62)
	at sun.reflect.DelegatingMethodAccessorImpl.invoke(DelegatingMethodAccessorImpl.java:43)
	at java.lang.reflect.Method.invoke(Method.java:498)
	at org.junit.runners.model.FrameworkMethod$1.runReflectiveCall(FrameworkMethod.java:47)
	at org.junit.internal.runners.model.ReflectiveCallable.run(ReflectiveCallable.java:12)
	at org.junit.runners.model.FrameworkMethod.invokeExplosively(FrameworkMethod.java:44)
	at org.junit.internal.runners.statements.InvokeMethod.evaluate(InvokeMethod.java:17)
	at org.junit.internal.runners.statements.RunBefores.evaluate(RunBefores.java:26)
	at org.junit.internal.runners.statements.RunAfters.evaluate(RunAfters.java:27)
	at org.junit.runners.ParentRunner.runLeaf(ParentRunner.java:271)
	at org.junit.runners.BlockJUnit4ClassRunner.runChild(BlockJUnit4ClassRunner.java:70)
	at org.junit.runners.BlockJUnit4ClassRunner.runChild(BlockJUnit4ClassRunner.java:50)
	at org.junit.runners.ParentRunner$3.run(ParentRunner.java:238)
	at org.junit.runners.ParentRunner$1.schedule(ParentRunner.java:63)
	at org.junit.runners.ParentRunner.runChildren(ParentRunner.java:236)
	at org.junit.runners.ParentRunner.access$000(ParentRunner.java:53)
	at org.junit.runners.ParentRunner$2.evaluate(ParentRunner.java:229)
	at org.junit.runners.ParentRunner.run(ParentRunner.java:309)
	at org.junit.runners.Suite.runChild(Suite.java:127)
	at org.junit.runners.Suite.runChild(Suite.java:26)
	at org.junit.runners.ParentRunner$3.run(ParentRunner.java:238)
	at org.junit.runners.ParentRunner$1.schedule(ParentRunner.java:63)
	at org.junit.runners.ParentRunner.runChildren(ParentRunner.java:236)
	at org.junit.runners.ParentRunner.access$000(ParentRunner.java:53)
	at org.junit.runners.ParentRunner$2.evaluate(ParentRunner.java:229)
	at org.junit.runners.ParentRunner.run(ParentRunner.java:309)
	at org.apache.maven.surefire.junit4.JUnit4Provider.execute(JUnit4Provider.java:365)
	at org.apache.maven.surefire.junit4.JUnit4Provider.executeWithRerun(JUnit4Provider.java:273)
	at org.apache.maven.surefire.junit4.JUnit4Provider.executeTestSet(JUnit4Provider.java:238)
	at org.apache.maven.surefire.junit4.JUnit4Provider.invoke(JUnit4Provider.java:159)
	at org.apache.maven.surefire.booter.ForkedBooter.invokeProviderInSameClassLoader(ForkedBooter.java:384)
	at org.apache.maven.surefire.booter.ForkedBooter.runSuitesInProcess(ForkedBooter.java:345)
	at org.apache.maven.surefire.booter.ForkedBooter.execute(ForkedBooter.java:126)
	at org.apache.maven.surefire.booter.ForkedBooter.main(ForkedBooter.java:418)
</error>
    <system-out><![CDATA[2019-10-02 23:09:20,861 [main] WARN  server.ServerUtils (ServerUtils.java:getScmDbDir(145)) - ozone.scm.db.dirs is not configured. We recommend adding this setting. Falling back to ozone.metadata.dirs instead.
2019-10-02 23:09:20,877 [main] WARN  server.ServerUtils (ServerUtils.java:getScmDbDir(145)) - ozone.scm.db.dirs is not configured. We recommend adding this setting. Falling back to ozone.metadata.dirs instead.
2019-10-02 23:09:20,878 [main] WARN  server.ServerUtils (ServerUtils.java:getScmDbDir(145)) - ozone.scm.db.dirs is not configured. We recommend adding this setting. Falling back to ozone.metadata.dirs instead.
2019-10-02 23:09:20,879 [main] INFO  db.DBStoreBuilder (DBStoreBuilder.java:addTable(110)) - using custom profile for table: deletedBlocks
2019-10-02 23:09:20,879 [main] INFO  db.DBStoreBuilder (DBStoreBuilder.java:processTables(161)) - Using default column profile:DBProfile.DISK for Table:deletedBlocks
2019-10-02 23:09:20,879 [main] INFO  db.DBStoreBuilder (DBStoreBuilder.java:addTable(110)) - using custom profile for table: validCerts
2019-10-02 23:09:20,879 [main] INFO  db.DBStoreBuilder (DBStoreBuilder.java:processTables(161)) - Using default column profile:DBProfile.DISK for Table:validCerts
2019-10-02 23:09:20,880 [main] INFO  db.DBStoreBuilder (DBStoreBuilder.java:addTable(110)) - using custom profile for table: revokedCerts
2019-10-02 23:09:20,880 [main] INFO  db.DBStoreBuilder (DBStoreBuilder.java:processTables(161)) - Using default column profile:DBProfile.DISK for Table:revokedCerts
2019-10-02 23:09:20,880 [main] INFO  db.DBStoreBuilder (DBStoreBuilder.java:addTable(110)) - using custom profile for table: default
2019-10-02 23:09:20,881 [main] INFO  db.DBStoreBuilder (DBStoreBuilder.java:processTables(167)) - Using default column profile:DBProfile.DISK for Table:default
2019-10-02 23:09:20,881 [main] INFO  db.DBStoreBuilder (DBStoreBuilder.java:getDbProfile(198)) - Using default options. DBProfile.DISK
2019-10-02 23:09:21,163 [main] INFO  net.NodeSchemaLoader (NodeSchemaLoader.java:loadSchemaFromFile(125)) - Loading file from sun.misc.CompoundEnumeration@27c53c32
2019-10-02 23:09:21,164 [main] INFO  net.NodeSchemaLoader (NodeSchemaLoader.java:loadSchema(171)) - Loading network topology layer schema file
2019-10-02 23:09:21,170 [main] WARN  server.ServerUtils (ServerUtils.java:sanitizeUserArgs(70)) - ozone.scm.stale.node.interval value = 300000 is larger than max = 100000 based on the key value of ozone.scm.heartbeat.thread.interval, reset to the max value 100000.
2019-10-02 23:09:21,170 [main] WARN  server.ServerUtils (ServerUtils.java:sanitizeUserArgs(70)) - ozone.scm.stale.node.interval value = 300000 is larger than max = 100000 based on the key value of ozone.scm.heartbeat.thread.interval, reset to the max value 100000.
2019-10-02 23:09:21,171 [main] INFO  node.SCMNodeManager (SCMNodeManager.java:<init>(114)) - Entering startup safe mode.
2019-10-02 23:09:21,171 [main] INFO  algorithms.ContainerPlacementPolicyFactory (ContainerPlacementPolicyFactory.java:getPolicy(57)) - Create container placement policy of type org.apache.hadoop.hdds.scm.container.placement.algorithms.SCMContainerPlacementRandom
2019-10-02 23:09:21,172 [main] WARN  server.ServerUtils (ServerUtils.java:getScmDbDir(145)) - ozone.scm.db.dirs is not configured. We recommend adding this setting. Falling back to ozone.metadata.dirs instead.
2019-10-02 23:09:21,265 [main] INFO  pipeline.SCMPipelineManager (SCMPipelineManager.java:initializePipelineState(132)) - No pipeline exists in current db
2019-10-02 23:09:21,266 [main] WARN  server.ServerUtils (ServerUtils.java:getScmDbDir(145)) - ozone.scm.db.dirs is not configured. We recommend adding this setting. Falling back to ozone.metadata.dirs instead.
2019-10-02 23:09:21,369 [main] WARN  events.EventQueue (EventQueue.java:fireEvent(183)) - No event handler registered for event TypedEvent{payloadType=SafeModeStatus, name='SafeModeStatus'}
2019-10-02 23:09:21,370 [main] INFO  ipc.CallQueueManager (CallQueueManager.java:<init>(84)) - Using callQueue: class java.util.concurrent.LinkedBlockingQueue, queueCapacity: 2000, scheduler: class org.apache.hadoop.ipc.DefaultRpcScheduler, ipcBackoff: false.
2019-10-02 23:09:21,371 [Socket Reader #1 for port 45676] INFO  ipc.Server (Server.java:run(1074)) - Starting Socket Reader #1 for port 45676
2019-10-02 23:09:21,373 [main] INFO  ipc.CallQueueManager (CallQueueManager.java:<init>(84)) - Using callQueue: class java.util.concurrent.LinkedBlockingQueue, queueCapacity: 2000, scheduler: class org.apache.hadoop.ipc.DefaultRpcScheduler, ipcBackoff: false.
2019-10-02 23:09:21,374 [Socket Reader #1 for port 35027] INFO  ipc.Server (Server.java:run(1074)) - Starting Socket Reader #1 for port 35027
2019-10-02 23:09:21,375 [main] INFO  ipc.CallQueueManager (CallQueueManager.java:<init>(84)) - Using callQueue: class java.util.concurrent.LinkedBlockingQueue, queueCapacity: 2000, scheduler: class org.apache.hadoop.ipc.DefaultRpcScheduler, ipcBackoff: false.
2019-10-02 23:09:21,376 [Socket Reader #1 for port 39040] INFO  ipc.Server (Server.java:run(1074)) - Starting Socket Reader #1 for port 39040
2019-10-02 23:09:21,378 [main] INFO  hdfs.DFSUtil (DFSUtil.java:httpServerTemplateForNNAndJN(1641)) - Starting Web-server for scm at: http://0.0.0.0:0
2019-10-02 23:09:21,380 [main] INFO  server.AuthenticationFilter (AuthenticationFilter.java:constructSecretProvider(240)) - Unable to initialize FileSignerSecretProvider, falling back to use random secrets.
2019-10-02 23:09:21,381 [main] WARN  http.HttpRequestLog (HttpRequestLog.java:getRequestLog(97)) - Jetty request log can only be enabled using Log4j
2019-10-02 23:09:21,384 [main] INFO  http.HttpServer2 (HttpServer2.java:addGlobalFilter(975)) - Added global filter 'safety' (class=org.apache.hadoop.http.HttpServer2$QuotingInputFilter)
2019-10-02 23:09:21,385 [main] INFO  http.HttpServer2 (HttpServer2.java:addFilter(948)) - Added filter static_user_filter (class=org.apache.hadoop.http.lib.StaticUserWebFilter$StaticUserFilter) to context scm
2019-10-02 23:09:21,385 [main] INFO  http.HttpServer2 (HttpServer2.java:addFilter(958)) - Added filter static_user_filter (class=org.apache.hadoop.http.lib.StaticUserWebFilter$StaticUserFilter) to context static
2019-10-02 23:09:21,385 [main] INFO  http.HttpServer2 (HttpServer2.java:addFilter(958)) - Added filter static_user_filter (class=org.apache.hadoop.http.lib.StaticUserWebFilter$StaticUserFilter) to context logs
2019-10-02 23:09:21,388 [main] INFO  server.StorageContainerManager (StorageContainerManager.java:start(770)) - StorageContainerLocationProtocol RPC server is listening at /0.0.0.0:39040
2019-10-02 23:09:21,390 [main] WARN  impl.MetricsConfig (MetricsConfig.java:loadFirst(134)) - Cannot locate configuration: tried hadoop-metrics2-storagecontainermanager.properties,hadoop-metrics2.properties
2019-10-02 23:09:21,391 [main] INFO  impl.MetricsSystemImpl (MetricsSystemImpl.java:startTimer(374)) - Scheduled Metric snapshot period at 10 second(s).
2019-10-02 23:09:21,392 [main] INFO  impl.MetricsSystemImpl (MetricsSystemImpl.java:start(191)) - StorageContainerManager metrics system started
2019-10-02 23:09:21,430 [main] WARN  impl.MetricsSystemImpl (MetricsSystemImpl.java:register(276)) - Sink prometheus already exists!
2019-10-02 23:09:21,495 [main] INFO  server.SCMClientProtocolServer (SCMClientProtocolServer.java:start(150)) - RPC server for Client  is listening at /0.0.0.0:39040
2019-10-02 23:09:21,495 [IPC Server Responder] INFO  ipc.Server (Server.java:run(1314)) - IPC Server Responder: starting
2019-10-02 23:09:21,495 [IPC Server listener on 39040] INFO  ipc.Server (Server.java:run(1153)) - IPC Server listener on 39040: starting
2019-10-02 23:09:21,499 [main] INFO  server.StorageContainerManager (StorageContainerManager.java:start(780)) - ScmBlockLocationProtocol RPC server is listening at /0.0.0.0:35027
2019-10-02 23:09:21,499 [main] INFO  server.SCMBlockProtocolServer (SCMBlockProtocolServer.java:start(146)) - RPC server for Block Protocol is listening at /0.0.0.0:35027
2019-10-02 23:09:21,500 [IPC Server listener on 35027] INFO  ipc.Server (Server.java:run(1153)) - IPC Server listener on 35027: starting
2019-10-02 23:09:21,500 [IPC Server Responder] INFO  ipc.Server (Server.java:run(1314)) - IPC Server Responder: starting
2019-10-02 23:09:21,503 [main] INFO  server.StorageContainerManager (StorageContainerManager.java:start(784)) - ScmDatanodeProtocl RPC server is listening at /0.0.0.0:45676
2019-10-02 23:09:21,503 [main] INFO  server.SCMDatanodeProtocolServer (SCMDatanodeProtocolServer.java:start(191)) - RPC server for DataNodes is listening at /0.0.0.0:45676
2019-10-02 23:09:21,503 [IPC Server Responder] INFO  ipc.Server (Server.java:run(1314)) - IPC Server Responder: starting
2019-10-02 23:09:21,503 [IPC Server listener on 45676] INFO  ipc.Server (Server.java:run(1153)) - IPC Server listener on 45676: starting
2019-10-02 23:09:21,507 [main] INFO  http.HttpServer2 (HttpServer2.java:bindListener(1191)) - Jetty bound to port 35697
2019-10-02 23:09:21,507 [main] INFO  server.Server (Server.java:doStart(351)) - jetty-9.3.25.v20180904, build timestamp: 2018-09-04T21:11:46Z, git hash: 3ce520221d0240229c862b122d2b06c12a625732
2019-10-02 23:09:21,509 [main] INFO  handler.ContextHandler (ContextHandler.java:doStart(781)) - Started o.e.j.s.ServletContextHandler@66451058{/logs,file:///workdir/hadoop-ozone/ozonefs/target/log,AVAILABLE}
2019-10-02 23:09:21,509 [main] INFO  handler.ContextHandler (ContextHandler.java:doStart(781)) - Started o.e.j.s.ServletContextHandler@1e92c3b6{/static,jar:file:/home/user/.m2/repository/org/apache/hadoop/hadoop-hdds-server-scm/0.5.0-SNAPSHOT/hadoop-hdds-server-scm-0.5.0-SNAPSHOT.jar!/webapps/static,AVAILABLE}
2019-10-02 23:09:21,561 [main] INFO  handler.ContextHandler (ContextHandler.java:doStart(781)) - Started o.e.j.w.WebAppContext@4f213a2{/,file:///tmp/jetty-0.0.0.0-35697-scm-_-any-8254686563250351869.dir/webapp/,AVAILABLE}{/scm}
2019-10-02 23:09:21,561 [main] INFO  server.AbstractConnector (AbstractConnector.java:doStart(278)) - Started ServerConnector@25699aa7{HTTP/1.1,[http/1.1]}{0.0.0.0:35697}
2019-10-02 23:09:21,563 [main] INFO  server.Server (Server.java:doStart(419)) - Started @124922ms
2019-10-02 23:09:21,563 [main] WARN  impl.MetricsSystemImpl (MetricsSystemImpl.java:register(276)) - Sink prometheus already exists!
2019-10-02 23:09:21,564 [main] INFO  server.BaseHttpServer (BaseHttpServer.java:updateConnectorAddress(215)) - HTTP server of SCM is listening at http://0.0.0.0:35697
2019-10-02 23:09:21,564 [main] WARN  server.ServerUtils (ServerUtils.java:getDBPath(222)) - ozone.om.db.dirs is not configured. We recommend adding this setting. Falling back to ozone.metadata.dirs instead.
2019-10-02 23:09:21,564 [org.apache.hadoop.util.JvmPauseMonitor$Monitor@15369d73] INFO  util.JvmPauseMonitor (JvmPauseMonitor.java:run(188)) - Starting JVM pause monitor
2019-10-02 23:09:21,588 [main] WARN  server.ServerUtils (ServerUtils.java:getDBPath(222)) - ozone.om.db.dirs is not configured. We recommend adding this setting. Falling back to ozone.metadata.dirs instead.
2019-10-02 23:09:21,588 [main] WARN  server.ServerUtils (ServerUtils.java:getDBPath(222)) - ozone.om.db.dirs is not configured. We recommend adding this setting. Falling back to ozone.metadata.dirs instead.
2019-10-02 23:09:21,589 [main] INFO  om.OzoneManager (OzoneManager.java:setOMNodeDetails(652)) - OM Service ID is not set. Setting it to the default ID: omServiceIdDefault
2019-10-02 23:09:21,589 [main] INFO  om.OzoneManager (OzoneManager.java:setOMNodeDetails(658)) - OM Node ID is not set. Setting it to the OmStorage's OmID: 1033f87e-c845-45d0-908f-0390d94a6fc1
2019-10-02 23:09:21,589 [main] INFO  om.OzoneManager (OzoneManager.java:loadOMHAConfigs(609)) - Found matching OM address with OMServiceId: null, OMNodeId: null, RPC Address: localhost:0 and Ratis port: 9872
2019-10-02 23:09:21,597 [main] WARN  server.ServerUtils (ServerUtils.java:getDBPath(222)) - ozone.om.db.dirs is not configured. We recommend adding this setting. Falling back to ozone.metadata.dirs instead.
2019-10-02 23:09:21,597 [main] INFO  db.DBStoreBuilder (DBStoreBuilder.java:addTable(110)) - using custom profile for table: userTable
2019-10-02 23:09:21,598 [main] INFO  db.DBStoreBuilder (DBStoreBuilder.java:processTables(161)) - Using default column profile:DBProfile.DISK for Table:userTable
2019-10-02 23:09:21,598 [main] INFO  db.DBStoreBuilder (DBStoreBuilder.java:addTable(110)) - using custom profile for table: volumeTable
2019-10-02 23:09:21,598 [main] INFO  db.DBStoreBuilder (DBStoreBuilder.java:processTables(161)) - Using default column profile:DBProfile.DISK for Table:volumeTable
2019-10-02 23:09:21,598 [main] INFO  db.DBStoreBuilder (DBStoreBuilder.java:addTable(110)) - using custom profile for table: bucketTable
2019-10-02 23:09:21,599 [main] INFO  db.DBStoreBuilder (DBStoreBuilder.java:processTables(161)) - Using default column profile:DBProfile.DISK for Table:bucketTable
2019-10-02 23:09:21,599 [main] INFO  db.DBStoreBuilder (DBStoreBuilder.java:addTable(110)) - using custom profile for table: keyTable
2019-10-02 23:09:21,599 [main] INFO  db.DBStoreBuilder (DBStoreBuilder.java:processTables(161)) - Using default column profile:DBProfile.DISK for Table:keyTable
2019-10-02 23:09:21,599 [main] INFO  db.DBStoreBuilder (DBStoreBuilder.java:addTable(110)) - using custom profile for table: deletedTable
2019-10-02 23:09:21,600 [main] INFO  db.DBStoreBuilder (DBStoreBuilder.java:processTables(161)) - Using default column profile:DBProfile.DISK for Table:deletedTable
2019-10-02 23:09:21,600 [main] INFO  db.DBStoreBuilder (DBStoreBuilder.java:addTable(110)) - using custom profile for table: openKeyTable
2019-10-02 23:09:21,600 [main] INFO  db.DBStoreBuilder (DBStoreBuilder.java:processTables(161)) - Using default column profile:DBProfile.DISK for Table:openKeyTable
2019-10-02 23:09:21,600 [main] INFO  db.DBStoreBuilder (DBStoreBuilder.java:addTable(110)) - using custom profile for table: s3Table
2019-10-02 23:09:21,601 [main] INFO  db.DBStoreBuilder (DBStoreBuilder.java:processTables(161)) - Using default column profile:DBProfile.DISK for Table:s3Table
2019-10-02 23:09:21,601 [main] INFO  db.DBStoreBuilder (DBStoreBuilder.java:addTable(110)) - using custom profile for table: multipartInfoTable
2019-10-02 23:09:21,601 [main] INFO  db.DBStoreBuilder (DBStoreBuilder.java:processTables(161)) - Using default column profile:DBProfile.DISK for Table:multipartInfoTable
2019-10-02 23:09:21,601 [main] INFO  db.DBStoreBuilder (DBStoreBuilder.java:addTable(110)) - using custom profile for table: dTokenTable
2019-10-02 23:09:21,602 [main] INFO  db.DBStoreBuilder (DBStoreBuilder.java:processTables(161)) - Using default column profile:DBProfile.DISK for Table:dTokenTable
2019-10-02 23:09:21,602 [main] INFO  db.DBStoreBuilder (DBStoreBuilder.java:addTable(110)) - using custom profile for table: s3SecretTable
2019-10-02 23:09:21,602 [main] INFO  db.DBStoreBuilder (DBStoreBuilder.java:processTables(161)) - Using default column profile:DBProfile.DISK for Table:s3SecretTable
2019-10-02 23:09:21,602 [main] INFO  db.DBStoreBuilder (DBStoreBuilder.java:addTable(110)) - using custom profile for table: prefixTable
2019-10-02 23:09:21,603 [main] INFO  db.DBStoreBuilder (DBStoreBuilder.java:processTables(161)) - Using default column profile:DBProfile.DISK for Table:prefixTable
2019-10-02 23:09:21,603 [main] INFO  db.DBStoreBuilder (DBStoreBuilder.java:addTable(110)) - using custom profile for table: default
2019-10-02 23:09:21,603 [main] INFO  db.DBStoreBuilder (DBStoreBuilder.java:processTables(167)) - Using default column profile:DBProfile.DISK for Table:default
2019-10-02 23:09:21,603 [main] INFO  db.DBStoreBuilder (DBStoreBuilder.java:getDbProfile(198)) - Using default options. DBProfile.DISK
2019-10-02 23:09:22,405 [main] INFO  ipc.CallQueueManager (CallQueueManager.java:<init>(84)) - Using callQueue: class java.util.concurrent.LinkedBlockingQueue, queueCapacity: 2000, scheduler: class org.apache.hadoop.ipc.DefaultRpcScheduler, ipcBackoff: false.
2019-10-02 23:09:22,407 [Socket Reader #1 for port 40081] INFO  ipc.Server (Server.java:run(1074)) - Starting Socket Reader #1 for port 40081
2019-10-02 23:09:22,432 [main] INFO  om.OzoneManager (OzoneManager.java:start(1243)) - OzoneManager RPC server is listening at localhost/127.0.0.1:40081
2019-10-02 23:09:22,433 [main] INFO  impl.MetricsSystemImpl (MetricsSystemImpl.java:init(158)) - OzoneManager metrics system started (again)
2019-10-02 23:09:22,434 [IPC Server Responder] INFO  ipc.Server (Server.java:run(1314)) - IPC Server Responder: starting
2019-10-02 23:09:22,434 [IPC Server listener on 40081] INFO  ipc.Server (Server.java:run(1153)) - IPC Server listener on 40081: starting
2019-10-02 23:09:22,440 [main] INFO  hdfs.DFSUtil (DFSUtil.java:httpServerTemplateForNNAndJN(1641)) - Starting Web-server for ozoneManager at: http://0.0.0.0:0
2019-10-02 23:09:22,442 [main] INFO  server.AuthenticationFilter (AuthenticationFilter.java:constructSecretProvider(240)) - Unable to initialize FileSignerSecretProvider, falling back to use random secrets.
2019-10-02 23:09:22,442 [main] WARN  http.HttpRequestLog (HttpRequestLog.java:getRequestLog(97)) - Jetty request log can only be enabled using Log4j
2019-10-02 23:09:22,444 [main] INFO  http.HttpServer2 (HttpServer2.java:addGlobalFilter(975)) - Added global filter 'safety' (class=org.apache.hadoop.http.HttpServer2$QuotingInputFilter)
2019-10-02 23:09:22,445 [main] INFO  http.HttpServer2 (HttpServer2.java:addFilter(948)) - Added filter static_user_filter (class=org.apache.hadoop.http.lib.StaticUserWebFilter$StaticUserFilter) to context ozoneManager
2019-10-02 23:09:22,445 [main] INFO  http.HttpServer2 (HttpServer2.java:addFilter(958)) - Added filter static_user_filter (class=org.apache.hadoop.http.lib.StaticUserWebFilter$StaticUserFilter) to context static
2019-10-02 23:09:22,446 [main] INFO  http.HttpServer2 (HttpServer2.java:addFilter(958)) - Added filter static_user_filter (class=org.apache.hadoop.http.lib.StaticUserWebFilter$StaticUserFilter) to context logs
2019-10-02 23:09:22,446 [main] INFO  http.HttpServer2 (HttpServer2.java:bindListener(1191)) - Jetty bound to port 36267
2019-10-02 23:09:22,447 [main] INFO  server.Server (Server.java:doStart(351)) - jetty-9.3.25.v20180904, build timestamp: 2018-09-04T21:11:46Z, git hash: 3ce520221d0240229c862b122d2b06c12a625732
2019-10-02 23:09:22,448 [main] INFO  handler.ContextHandler (ContextHandler.java:doStart(781)) - Started o.e.j.s.ServletContextHandler@5c82031b{/logs,file:///workdir/hadoop-ozone/ozonefs/target/log,AVAILABLE}
2019-10-02 23:09:22,449 [main] INFO  handler.ContextHandler (ContextHandler.java:doStart(781)) - Started o.e.j.s.ServletContextHandler@74c121d4{/static,jar:file:/home/user/.m2/repository/org/apache/hadoop/hadoop-ozone-ozone-manager/0.5.0-SNAPSHOT/hadoop-ozone-ozone-manager-0.5.0-SNAPSHOT.jar!/webapps/static,AVAILABLE}
2019-10-02 23:09:22,500 [main] INFO  handler.ContextHandler (ContextHandler.java:doStart(781)) - Started o.e.j.w.WebAppContext@589fb74d{/,file:///tmp/jetty-0.0.0.0-36267-ozoneManager-_-any-3529890921250139740.dir/webapp/,AVAILABLE}{/ozoneManager}
2019-10-02 23:09:22,501 [main] INFO  server.AbstractConnector (AbstractConnector.java:doStart(278)) - Started ServerConnector@200d1a3d{HTTP/1.1,[http/1.1]}{0.0.0.0:36267}
2019-10-02 23:09:22,502 [main] INFO  server.Server (Server.java:doStart(419)) - Started @125861ms
2019-10-02 23:09:22,502 [main] WARN  impl.MetricsSystemImpl (MetricsSystemImpl.java:register(276)) - Sink prometheus already exists!
2019-10-02 23:09:22,503 [main] INFO  server.BaseHttpServer (BaseHttpServer.java:updateConnectorAddress(215)) - HTTP server of OZONEMANAGER is listening at http://0.0.0.0:36267
2019-10-02 23:09:22,510 [main] INFO  impl.MetricsSystemImpl (MetricsSystemImpl.java:init(158)) - HddsDatanode metrics system started (again)
2019-10-02 23:09:22,512 [main] INFO  ozone.HddsDatanodeService (HddsDatanodeService.java:start(184)) - HddsDatanodeService host:pr-hdds1737-lts7z-2510321508 ip:192.168.30.30
2019-10-02 23:09:22,520 [main] INFO  volume.HddsVolume (HddsVolume.java:<init>(176)) - Creating Volume: /workdir/hadoop-ozone/ozonefs/target/test-dir/MiniOzoneClusterImpl-20bf308f-88d0-472f-a51e-1d14548a68f6/datanode-0/data/containers/hdds of  storage type : DISK and capacity : 1482555576320
2019-10-02 23:09:22,520 [main] INFO  volume.VolumeSet (VolumeSet.java:initializeVolumeSet(170)) - Added Volume : /workdir/hadoop-ozone/ozonefs/target/test-dir/MiniOzoneClusterImpl-20bf308f-88d0-472f-a51e-1d14548a68f6/datanode-0/data/containers/hdds to VolumeSet
2019-10-02 23:09:22,520 [main] INFO  volume.ThrottledAsyncChecker (ThrottledAsyncChecker.java:schedule(139)) - Scheduling a check for org.apache.hadoop.ozone.container.common.volume.HddsVolume@7d66a126
2019-10-02 23:09:22,521 [main] INFO  volume.HddsVolumeChecker (HddsVolumeChecker.java:checkAllVolumes(202)) - Scheduled health check for volume org.apache.hadoop.ozone.container.common.volume.HddsVolume@7d66a126
2019-10-02 23:09:22,540 [main] INFO  impl.RaftServerProxy (ConfUtils.java:logGet(43)) - raft.rpc.type = GRPC (default)
2019-10-02 23:09:22,541 [main] INFO  grpc.GrpcFactory (GrpcFactory.java:checkPooledByteBufAllocatorUseCacheForAllThreads(45)) - PERFORMANCE WARNING: useCacheForAllThreads is true that may cause Netty to create a lot garbage objects and, as a result, trigger GC.
	It is recommended to disable useCacheForAllThreads by setting -Dorg.apache.ratis.thirdparty.io.netty.allocator.useCacheForAllThreads=false in command line.
2019-10-02 23:09:22,541 [main] INFO  grpc.GrpcConfigKeys$Server (ConfUtils.java:logGet(43)) - raft.grpc.server.port = 0 (default)
2019-10-02 23:09:22,541 [main] INFO  server.GrpcService (ConfUtils.java:logGet(43)) - raft.grpc.message.size.max = 33570816 (custom)
2019-10-02 23:09:22,541 [main] INFO  server.RaftServerConfigKeys (ConfUtils.java:logGet(43)) - raft.server.log.appender.buffer.byte-limit = 33554432 (custom)
2019-10-02 23:09:22,541 [main] INFO  server.GrpcService (ConfUtils.java:logGet(43)) - raft.grpc.flow.control.window = 1MB (=1048576) (default)
2019-10-02 23:09:22,542 [main] INFO  server.RaftServerConfigKeys (ConfUtils.java:logGet(43)) - raft.server.rpc.request.timeout = 3000ms (default)
2019-10-02 23:09:22,542 [main] INFO  server.RaftServerConfigKeys (ConfUtils.java:logGet(43)) - raft.server.storage.dir = [/workdir/hadoop-ozone/ozonefs/target/test-dir/MiniOzoneClusterImpl-20bf308f-88d0-472f-a51e-1d14548a68f6/datanode-0/data/ratis] (custom)
2019-10-02 23:09:22,544 [main] INFO  hdfs.DFSUtil (DFSUtil.java:httpServerTemplateForNNAndJN(1641)) - Starting Web-server for hddsDatanode at: http://0.0.0.0:0
2019-10-02 23:09:22,546 [main] INFO  server.AuthenticationFilter (AuthenticationFilter.java:constructSecretProvider(240)) - Unable to initialize FileSignerSecretProvider, falling back to use random secrets.
2019-10-02 23:09:22,547 [main] WARN  http.HttpRequestLog (HttpRequestLog.java:getRequestLog(97)) - Jetty request log can only be enabled using Log4j
2019-10-02 23:09:22,549 [main] INFO  http.HttpServer2 (HttpServer2.java:addGlobalFilter(975)) - Added global filter 'safety' (class=org.apache.hadoop.http.HttpServer2$QuotingInputFilter)
2019-10-02 23:09:22,550 [main] INFO  http.HttpServer2 (HttpServer2.java:addFilter(948)) - Added filter static_user_filter (class=org.apache.hadoop.http.lib.StaticUserWebFilter$StaticUserFilter) to context hddsDatanode
2019-10-02 23:09:22,550 [main] INFO  http.HttpServer2 (HttpServer2.java:addFilter(958)) - Added filter static_user_filter (class=org.apache.hadoop.http.lib.StaticUserWebFilter$StaticUserFilter) to context logs
2019-10-02 23:09:22,551 [main] INFO  http.HttpServer2 (HttpServer2.java:addFilter(958)) - Added filter static_user_filter (class=org.apache.hadoop.http.lib.StaticUserWebFilter$StaticUserFilter) to context static
2019-10-02 23:09:22,551 [main] INFO  http.HttpServer2 (HttpServer2.java:bindListener(1191)) - Jetty bound to port 33564
2019-10-02 23:09:22,552 [main] INFO  server.Server (Server.java:doStart(351)) - jetty-9.3.25.v20180904, build timestamp: 2018-09-04T21:11:46Z, git hash: 3ce520221d0240229c862b122d2b06c12a625732
2019-10-02 23:09:22,554 [main] INFO  handler.ContextHandler (ContextHandler.java:doStart(781)) - Started o.e.j.s.ServletContextHandler@150d6eaf{/logs,file:///workdir/hadoop-ozone/ozonefs/target/log,AVAILABLE}
2019-10-02 23:09:22,554 [main] INFO  handler.ContextHandler (ContextHandler.java:doStart(781)) - Started o.e.j.s.ServletContextHandler@591f6f83{/static,jar:file:/home/user/.m2/repository/org/apache/hadoop/hadoop-hdds-container-service/0.5.0-SNAPSHOT/hadoop-hdds-container-service-0.5.0-SNAPSHOT.jar!/webapps/static,AVAILABLE}
2019-10-02 23:09:22,593 [main] INFO  handler.ContextHandler (ContextHandler.java:doStart(781)) - Started o.e.j.w.WebAppContext@1aedf08d{/,file:///tmp/jetty-0.0.0.0-33564-hddsDatanode-_-any-4540028990531219094.dir/webapp/,AVAILABLE}{/hddsDatanode}
2019-10-02 23:09:22,593 [main] INFO  server.AbstractConnector (AbstractConnector.java:doStart(278)) - Started ServerConnector@113dcaf8{HTTP/1.1,[http/1.1]}{0.0.0.0:33564}
2019-10-02 23:09:22,594 [main] INFO  server.Server (Server.java:doStart(419)) - Started @125954ms
2019-10-02 23:09:22,595 [main] WARN  impl.MetricsSystemImpl (MetricsSystemImpl.java:register(276)) - Sink prometheus already exists!
2019-10-02 23:09:22,595 [main] INFO  server.BaseHttpServer (BaseHttpServer.java:updateConnectorAddress(215)) - HTTP server of HDDSDATANODE is listening at http://0.0.0.0:33564
2019-10-02 23:09:22,596 [main] INFO  impl.MetricsSystemImpl (MetricsSystemImpl.java:init(158)) - HddsDatanode metrics system started (again)
2019-10-02 23:09:22,599 [org.apache.hadoop.util.JvmPauseMonitor$Monitor@76fe60e0] INFO  util.JvmPauseMonitor (JvmPauseMonitor.java:run(188)) - Starting JVM pause monitor
2019-10-02 23:09:22,599 [main] INFO  ozone.HddsDatanodeService (HddsDatanodeService.java:start(184)) - HddsDatanodeService host:pr-hdds1737-lts7z-2510321508 ip:192.168.30.30
2019-10-02 23:09:22,601 [Datanode State Machine Thread - 0] INFO  datanode.InitDatanodeState (InitDatanodeState.java:persistContainerDatanodeDetails(140)) - DatanodeDetails is persisted to /workdir/hadoop-ozone/ozonefs/target/test-dir/MiniOzoneClusterImpl-20bf308f-88d0-472f-a51e-1d14548a68f6/datanode-0/meta/datanode.id
2019-10-02 23:09:22,605 [main] INFO  volume.HddsVolume (HddsVolume.java:<init>(176)) - Creating Volume: /workdir/hadoop-ozone/ozonefs/target/test-dir/MiniOzoneClusterImpl-20bf308f-88d0-472f-a51e-1d14548a68f6/datanode-1/data/containers/hdds of  storage type : DISK and capacity : 1482555576320
2019-10-02 23:09:22,605 [main] INFO  volume.VolumeSet (VolumeSet.java:initializeVolumeSet(170)) - Added Volume : /workdir/hadoop-ozone/ozonefs/target/test-dir/MiniOzoneClusterImpl-20bf308f-88d0-472f-a51e-1d14548a68f6/datanode-1/data/containers/hdds to VolumeSet
2019-10-02 23:09:22,605 [main] INFO  volume.ThrottledAsyncChecker (ThrottledAsyncChecker.java:schedule(139)) - Scheduling a check for org.apache.hadoop.ozone.container.common.volume.HddsVolume@60b1ff3b
2019-10-02 23:09:22,606 [main] INFO  volume.HddsVolumeChecker (HddsVolumeChecker.java:checkAllVolumes(202)) - Scheduled health check for volume org.apache.hadoop.ozone.container.common.volume.HddsVolume@60b1ff3b
2019-10-02 23:09:22,626 [main] INFO  impl.RaftServerProxy (ConfUtils.java:logGet(43)) - raft.rpc.type = GRPC (default)
2019-10-02 23:09:22,626 [main] INFO  grpc.GrpcFactory (GrpcFactory.java:checkPooledByteBufAllocatorUseCacheForAllThreads(45)) - PERFORMANCE WARNING: useCacheForAllThreads is true that may cause Netty to create a lot garbage objects and, as a result, trigger GC.
	It is recommended to disable useCacheForAllThreads by setting -Dorg.apache.ratis.thirdparty.io.netty.allocator.useCacheForAllThreads=false in command line.
2019-10-02 23:09:22,626 [main] INFO  grpc.GrpcConfigKeys$Server (ConfUtils.java:logGet(43)) - raft.grpc.server.port = 0 (default)
2019-10-02 23:09:22,627 [main] INFO  server.GrpcService (ConfUtils.java:logGet(43)) - raft.grpc.message.size.max = 33570816 (custom)
2019-10-02 23:09:22,627 [main] INFO  server.RaftServerConfigKeys (ConfUtils.java:logGet(43)) - raft.server.log.appender.buffer.byte-limit = 33554432 (custom)
2019-10-02 23:09:22,627 [main] INFO  server.GrpcService (ConfUtils.java:logGet(43)) - raft.grpc.flow.control.window = 1MB (=1048576) (default)
2019-10-02 23:09:22,627 [main] INFO  server.RaftServerConfigKeys (ConfUtils.java:logGet(43)) - raft.server.rpc.request.timeout = 3000ms (default)
2019-10-02 23:09:22,628 [main] INFO  server.RaftServerConfigKeys (ConfUtils.java:logGet(43)) - raft.server.storage.dir = [/workdir/hadoop-ozone/ozonefs/target/test-dir/MiniOzoneClusterImpl-20bf308f-88d0-472f-a51e-1d14548a68f6/datanode-1/data/ratis] (custom)
2019-10-02 23:09:22,629 [main] INFO  hdfs.DFSUtil (DFSUtil.java:httpServerTemplateForNNAndJN(1641)) - Starting Web-server for hddsDatanode at: http://0.0.0.0:0
2019-10-02 23:09:22,631 [main] INFO  server.AuthenticationFilter (AuthenticationFilter.java:constructSecretProvider(240)) - Unable to initialize FileSignerSecretProvider, falling back to use random secrets.
2019-10-02 23:09:22,631 [main] WARN  http.HttpRequestLog (HttpRequestLog.java:getRequestLog(97)) - Jetty request log can only be enabled using Log4j
2019-10-02 23:09:22,633 [main] INFO  http.HttpServer2 (HttpServer2.java:addGlobalFilter(975)) - Added global filter 'safety' (class=org.apache.hadoop.http.HttpServer2$QuotingInputFilter)
2019-10-02 23:09:22,633 [main] INFO  http.HttpServer2 (HttpServer2.java:addFilter(948)) - Added filter static_user_filter (class=org.apache.hadoop.http.lib.StaticUserWebFilter$StaticUserFilter) to context hddsDatanode
2019-10-02 23:09:22,634 [main] INFO  http.HttpServer2 (HttpServer2.java:addFilter(958)) - Added filter static_user_filter (class=org.apache.hadoop.http.lib.StaticUserWebFilter$StaticUserFilter) to context logs
2019-10-02 23:09:22,634 [main] INFO  http.HttpServer2 (HttpServer2.java:addFilter(958)) - Added filter static_user_filter (class=org.apache.hadoop.http.lib.StaticUserWebFilter$StaticUserFilter) to context static
2019-10-02 23:09:22,634 [main] INFO  http.HttpServer2 (HttpServer2.java:bindListener(1191)) - Jetty bound to port 33088
2019-10-02 23:09:22,634 [main] INFO  server.Server (Server.java:doStart(351)) - jetty-9.3.25.v20180904, build timestamp: 2018-09-04T21:11:46Z, git hash: 3ce520221d0240229c862b122d2b06c12a625732
2019-10-02 23:09:22,636 [main] INFO  handler.ContextHandler (ContextHandler.java:doStart(781)) - Started o.e.j.s.ServletContextHandler@bd93bc3{/logs,file:///workdir/hadoop-ozone/ozonefs/target/log,AVAILABLE}
2019-10-02 23:09:22,636 [main] INFO  handler.ContextHandler (ContextHandler.java:doStart(781)) - Started o.e.j.s.ServletContextHandler@b01cb8d{/static,jar:file:/home/user/.m2/repository/org/apache/hadoop/hadoop-hdds-container-service/0.5.0-SNAPSHOT/hadoop-hdds-container-service-0.5.0-SNAPSHOT.jar!/webapps/static,AVAILABLE}
2019-10-02 23:09:22,664 [main] INFO  handler.ContextHandler (ContextHandler.java:doStart(781)) - Started o.e.j.w.WebAppContext@35ac9ebd{/,file:///tmp/jetty-0.0.0.0-33088-hddsDatanode-_-any-1433199857439575188.dir/webapp/,AVAILABLE}{/hddsDatanode}
2019-10-02 23:09:22,664 [main] INFO  server.AbstractConnector (AbstractConnector.java:doStart(278)) - Started ServerConnector@56c0a61e{HTTP/1.1,[http/1.1]}{0.0.0.0:33088}
2019-10-02 23:09:22,666 [main] INFO  server.Server (Server.java:doStart(419)) - Started @126025ms
2019-10-02 23:09:22,666 [main] WARN  impl.MetricsSystemImpl (MetricsSystemImpl.java:register(276)) - Sink prometheus already exists!
2019-10-02 23:09:22,666 [main] INFO  server.BaseHttpServer (BaseHttpServer.java:updateConnectorAddress(215)) - HTTP server of HDDSDATANODE is listening at http://0.0.0.0:33088
2019-10-02 23:09:22,667 [main] INFO  impl.MetricsSystemImpl (MetricsSystemImpl.java:init(158)) - HddsDatanode metrics system started (again)
2019-10-02 23:09:22,670 [org.apache.hadoop.util.JvmPauseMonitor$Monitor@4bace253] INFO  util.JvmPauseMonitor (JvmPauseMonitor.java:run(188)) - Starting JVM pause monitor
2019-10-02 23:09:22,670 [main] INFO  ozone.HddsDatanodeService (HddsDatanodeService.java:start(184)) - HddsDatanodeService host:pr-hdds1737-lts7z-2510321508 ip:192.168.30.30
2019-10-02 23:09:22,672 [Datanode State Machine Thread - 0] INFO  datanode.InitDatanodeState (InitDatanodeState.java:persistContainerDatanodeDetails(140)) - DatanodeDetails is persisted to /workdir/hadoop-ozone/ozonefs/target/test-dir/MiniOzoneClusterImpl-20bf308f-88d0-472f-a51e-1d14548a68f6/datanode-1/meta/datanode.id
2019-10-02 23:09:22,676 [main] INFO  volume.HddsVolume (HddsVolume.java:<init>(176)) - Creating Volume: /workdir/hadoop-ozone/ozonefs/target/test-dir/MiniOzoneClusterImpl-20bf308f-88d0-472f-a51e-1d14548a68f6/datanode-2/data/containers/hdds of  storage type : DISK and capacity : 1482555576320
2019-10-02 23:09:22,676 [main] INFO  volume.VolumeSet (VolumeSet.java:initializeVolumeSet(170)) - Added Volume : /workdir/hadoop-ozone/ozonefs/target/test-dir/MiniOzoneClusterImpl-20bf308f-88d0-472f-a51e-1d14548a68f6/datanode-2/data/containers/hdds to VolumeSet
2019-10-02 23:09:22,676 [main] INFO  volume.ThrottledAsyncChecker (ThrottledAsyncChecker.java:schedule(139)) - Scheduling a check for org.apache.hadoop.ozone.container.common.volume.HddsVolume@5d66ae3a
2019-10-02 23:09:22,677 [main] INFO  volume.HddsVolumeChecker (HddsVolumeChecker.java:checkAllVolumes(202)) - Scheduled health check for volume org.apache.hadoop.ozone.container.common.volume.HddsVolume@5d66ae3a
2019-10-02 23:09:22,694 [main] INFO  impl.RaftServerProxy (ConfUtils.java:logGet(43)) - raft.rpc.type = GRPC (default)
2019-10-02 23:09:22,695 [main] INFO  grpc.GrpcFactory (GrpcFactory.java:checkPooledByteBufAllocatorUseCacheForAllThreads(45)) - PERFORMANCE WARNING: useCacheForAllThreads is true that may cause Netty to create a lot garbage objects and, as a result, trigger GC.
	It is recommended to disable useCacheForAllThreads by setting -Dorg.apache.ratis.thirdparty.io.netty.allocator.useCacheForAllThreads=false in command line.
2019-10-02 23:09:22,695 [main] INFO  grpc.GrpcConfigKeys$Server (ConfUtils.java:logGet(43)) - raft.grpc.server.port = 0 (default)
2019-10-02 23:09:22,695 [main] INFO  server.GrpcService (ConfUtils.java:logGet(43)) - raft.grpc.message.size.max = 33570816 (custom)
2019-10-02 23:09:22,695 [main] INFO  server.RaftServerConfigKeys (ConfUtils.java:logGet(43)) - raft.server.log.appender.buffer.byte-limit = 33554432 (custom)
2019-10-02 23:09:22,695 [main] INFO  server.GrpcService (ConfUtils.java:logGet(43)) - raft.grpc.flow.control.window = 1MB (=1048576) (default)
2019-10-02 23:09:22,696 [main] INFO  server.RaftServerConfigKeys (ConfUtils.java:logGet(43)) - raft.server.rpc.request.timeout = 3000ms (default)
2019-10-02 23:09:22,696 [main] INFO  server.RaftServerConfigKeys (ConfUtils.java:logGet(43)) - raft.server.storage.dir = [/workdir/hadoop-ozone/ozonefs/target/test-dir/MiniOzoneClusterImpl-20bf308f-88d0-472f-a51e-1d14548a68f6/datanode-2/data/ratis] (custom)
2019-10-02 23:09:22,697 [main] INFO  hdfs.DFSUtil (DFSUtil.java:httpServerTemplateForNNAndJN(1641)) - Starting Web-server for hddsDatanode at: http://0.0.0.0:0
2019-10-02 23:09:22,699 [main] INFO  server.AuthenticationFilter (AuthenticationFilter.java:constructSecretProvider(240)) - Unable to initialize FileSignerSecretProvider, falling back to use random secrets.
2019-10-02 23:09:22,699 [main] WARN  http.HttpRequestLog (HttpRequestLog.java:getRequestLog(97)) - Jetty request log can only be enabled using Log4j
2019-10-02 23:09:22,701 [main] INFO  http.HttpServer2 (HttpServer2.java:addGlobalFilter(975)) - Added global filter 'safety' (class=org.apache.hadoop.http.HttpServer2$QuotingInputFilter)
2019-10-02 23:09:22,702 [main] INFO  http.HttpServer2 (HttpServer2.java:addFilter(948)) - Added filter static_user_filter (class=org.apache.hadoop.http.lib.StaticUserWebFilter$StaticUserFilter) to context hddsDatanode
2019-10-02 23:09:22,702 [main] INFO  http.HttpServer2 (HttpServer2.java:addFilter(958)) - Added filter static_user_filter (class=org.apache.hadoop.http.lib.StaticUserWebFilter$StaticUserFilter) to context static
2019-10-02 23:09:22,702 [main] INFO  http.HttpServer2 (HttpServer2.java:addFilter(958)) - Added filter static_user_filter (class=org.apache.hadoop.http.lib.StaticUserWebFilter$StaticUserFilter) to context logs
2019-10-02 23:09:22,703 [main] INFO  http.HttpServer2 (HttpServer2.java:bindListener(1191)) - Jetty bound to port 46594
2019-10-02 23:09:22,703 [main] INFO  server.Server (Server.java:doStart(351)) - jetty-9.3.25.v20180904, build timestamp: 2018-09-04T21:11:46Z, git hash: 3ce520221d0240229c862b122d2b06c12a625732
2019-10-02 23:09:22,705 [main] INFO  handler.ContextHandler (ContextHandler.java:doStart(781)) - Started o.e.j.s.ServletContextHandler@3a38e4dc{/logs,file:///workdir/hadoop-ozone/ozonefs/target/log,AVAILABLE}
2019-10-02 23:09:22,705 [main] INFO  handler.ContextHandler (ContextHandler.java:doStart(781)) - Started o.e.j.s.ServletContextHandler@401788d5{/static,jar:file:/home/user/.m2/repository/org/apache/hadoop/hadoop-hdds-container-service/0.5.0-SNAPSHOT/hadoop-hdds-container-service-0.5.0-SNAPSHOT.jar!/webapps/static,AVAILABLE}
2019-10-02 23:09:22,736 [main] INFO  handler.ContextHandler (ContextHandler.java:doStart(781)) - Started o.e.j.w.WebAppContext@270d5060{/,file:///tmp/jetty-0.0.0.0-46594-hddsDatanode-_-any-338589429730247133.dir/webapp/,AVAILABLE}{/hddsDatanode}
2019-10-02 23:09:22,736 [main] INFO  server.AbstractConnector (AbstractConnector.java:doStart(278)) - Started ServerConnector@1815577b{HTTP/1.1,[http/1.1]}{0.0.0.0:46594}
2019-10-02 23:09:22,737 [main] INFO  server.Server (Server.java:doStart(419)) - Started @126097ms
2019-10-02 23:09:22,738 [main] WARN  impl.MetricsSystemImpl (MetricsSystemImpl.java:register(276)) - Sink prometheus already exists!
2019-10-02 23:09:22,738 [main] INFO  server.BaseHttpServer (BaseHttpServer.java:updateConnectorAddress(215)) - HTTP server of HDDSDATANODE is listening at http://0.0.0.0:46594
2019-10-02 23:09:22,739 [main] INFO  ozone.MiniOzoneClusterImpl (MiniOzoneClusterImpl.java:lambda$waitForClusterToBeReady$0(147)) - Waiting for cluster to be ready. Got 0 of 3 DN Heartbeats.
2019-10-02 23:09:22,740 [org.apache.hadoop.util.JvmPauseMonitor$Monitor@6dabd22d] INFO  util.JvmPauseMonitor (JvmPauseMonitor.java:run(188)) - Starting JVM pause monitor
2019-10-02 23:09:22,741 [Datanode State Machine Thread - 0] INFO  datanode.InitDatanodeState (InitDatanodeState.java:persistContainerDatanodeDetails(140)) - DatanodeDetails is persisted to /workdir/hadoop-ozone/ozonefs/target/test-dir/MiniOzoneClusterImpl-20bf308f-88d0-472f-a51e-1d14548a68f6/datanode-2/meta/datanode.id
2019-10-02 23:09:23,739 [main] INFO  ozone.MiniOzoneClusterImpl (MiniOzoneClusterImpl.java:lambda$waitForClusterToBeReady$0(147)) - Waiting for cluster to be ready. Got 0 of 3 DN Heartbeats.
2019-10-02 23:09:24,664 [Datanode State Machine Thread - 0] INFO  ozoneimpl.OzoneContainer (OzoneContainer.java:start(217)) - Attempting to start container services.
2019-10-02 23:09:24,664 [Datanode State Machine Thread - 0] INFO  ozoneimpl.OzoneContainer (OzoneContainer.java:startContainerScrub(179)) - Background container scanner has been disabled.
2019-10-02 23:09:24,665 [Datanode State Machine Thread - 0] INFO  ratis.XceiverServerRatis (XceiverServerRatis.java:start(417)) - Starting XceiverServerRatis ab4cfbc2-b250-4924-b53e-3f09d0af461b at port 0
2019-10-02 23:09:24,670 [Datanode State Machine Thread - 0] INFO  impl.RaftServerProxy (RaftServerProxy.java:lambda$start$3(299)) - ab4cfbc2-b250-4924-b53e-3f09d0af461b: start RPC server
2019-10-02 23:09:24,674 [Datanode State Machine Thread - 0] INFO  server.GrpcService (GrpcService.java:startImpl(158)) - ab4cfbc2-b250-4924-b53e-3f09d0af461b: GrpcService started, listening on 0.0.0.0/0.0.0.0:42255
2019-10-02 23:09:24,674 [Datanode State Machine Thread - 0] INFO  ratis.XceiverServerRatis (XceiverServerRatis.java:start(427)) - XceiverServerRatis ab4cfbc2-b250-4924-b53e-3f09d0af461b is started using port 42255
2019-10-02 23:09:24,675 [Datanode State Machine Thread - 0] INFO  server.XceiverServerGrpc (XceiverServerGrpc.java:start(149)) - XceiverServerGrpc ab4cfbc2-b250-4924-b53e-3f09d0af461b is started using port 44393
2019-10-02 23:09:24,699 [Datanode State Machine Thread - 0] INFO  ozoneimpl.OzoneContainer (OzoneContainer.java:start(217)) - Attempting to start container services.
2019-10-02 23:09:24,699 [Datanode State Machine Thread - 0] INFO  ozoneimpl.OzoneContainer (OzoneContainer.java:startContainerScrub(179)) - Background container scanner has been disabled.
2019-10-02 23:09:24,699 [Datanode State Machine Thread - 0] INFO  ratis.XceiverServerRatis (XceiverServerRatis.java:start(417)) - Starting XceiverServerRatis 642304c3-fdfb-43fe-91e3-2a44f3a103e1 at port 0
2019-10-02 23:09:24,705 [Datanode State Machine Thread - 0] INFO  impl.RaftServerProxy (RaftServerProxy.java:lambda$start$3(299)) - 642304c3-fdfb-43fe-91e3-2a44f3a103e1: start RPC server
2019-10-02 23:09:24,706 [Datanode State Machine Thread - 0] INFO  server.GrpcService (GrpcService.java:startImpl(158)) - 642304c3-fdfb-43fe-91e3-2a44f3a103e1: GrpcService started, listening on 0.0.0.0/0.0.0.0:37948
2019-10-02 23:09:24,706 [Datanode State Machine Thread - 0] INFO  ratis.XceiverServerRatis (XceiverServerRatis.java:start(427)) - XceiverServerRatis 642304c3-fdfb-43fe-91e3-2a44f3a103e1 is started using port 37948
2019-10-02 23:09:24,714 [Datanode State Machine Thread - 0] INFO  server.XceiverServerGrpc (XceiverServerGrpc.java:start(149)) - XceiverServerGrpc 642304c3-fdfb-43fe-91e3-2a44f3a103e1 is started using port 43307
2019-10-02 23:09:24,739 [main] INFO  ozone.MiniOzoneClusterImpl (MiniOzoneClusterImpl.java:lambda$waitForClusterToBeReady$0(147)) - Waiting for cluster to be ready. Got 0 of 3 DN Heartbeats.
2019-10-02 23:09:24,765 [Datanode State Machine Thread - 0] INFO  ozoneimpl.OzoneContainer (OzoneContainer.java:start(217)) - Attempting to start container services.
2019-10-02 23:09:24,766 [Datanode State Machine Thread - 0] INFO  ozoneimpl.OzoneContainer (OzoneContainer.java:startContainerScrub(179)) - Background container scanner has been disabled.
2019-10-02 23:09:24,766 [Datanode State Machine Thread - 0] INFO  ratis.XceiverServerRatis (XceiverServerRatis.java:start(417)) - Starting XceiverServerRatis 97a6056f-0558-4808-8843-16f64064d5d6 at port 0
2019-10-02 23:09:24,771 [Datanode State Machine Thread - 0] INFO  impl.RaftServerProxy (RaftServerProxy.java:lambda$start$3(299)) - 97a6056f-0558-4808-8843-16f64064d5d6: start RPC server
2019-10-02 23:09:24,772 [Datanode State Machine Thread - 0] INFO  server.GrpcService (GrpcService.java:startImpl(158)) - 97a6056f-0558-4808-8843-16f64064d5d6: GrpcService started, listening on 0.0.0.0/0.0.0.0:41245
2019-10-02 23:09:24,772 [Datanode State Machine Thread - 0] INFO  ratis.XceiverServerRatis (XceiverServerRatis.java:start(427)) - XceiverServerRatis 97a6056f-0558-4808-8843-16f64064d5d6 is started using port 41245
2019-10-02 23:09:24,772 [Datanode State Machine Thread - 0] INFO  server.XceiverServerGrpc (XceiverServerGrpc.java:start(149)) - XceiverServerGrpc 97a6056f-0558-4808-8843-16f64064d5d6 is started using port 38387
2019-10-02 23:09:25,740 [main] INFO  ozone.MiniOzoneClusterImpl (MiniOzoneClusterImpl.java:lambda$waitForClusterToBeReady$0(147)) - Waiting for cluster to be ready. Got 0 of 3 DN Heartbeats.
2019-10-02 23:09:26,603 [IPC Server handler 0 on 45676] INFO  net.NetworkTopology (NetworkTopologyImpl.java:add(111)) - Added a new node: /default-rack/ab4cfbc2-b250-4924-b53e-3f09d0af461b
2019-10-02 23:09:26,605 [IPC Server handler 0 on 45676] INFO  node.SCMNodeManager (SCMNodeManager.java:register(266)) - Registered Data node : ab4cfbc2-b250-4924-b53e-3f09d0af461b{ip: 192.168.30.30, host: pr-hdds1737-lts7z-2510321508, networkLocation: /default-rack, certSerialId: null}
2019-10-02 23:09:26,605 [EventQueue-NodeRegistrationContainerReportForDataNodeSafeModeRule] INFO  safemode.SCMSafeModeManager (DataNodeSafeModeRule.java:process(71)) - SCM in safe mode. 1 DataNodes registered, 1 required.
2019-10-02 23:09:26,607 [EventQueue-NodeRegistrationContainerReportForDataNodeSafeModeRule] INFO  safemode.SCMSafeModeManager (SCMSafeModeManager.java:validateSafeModeExitRules(177)) - ScmSafeModeManager, all rules are successfully validated
2019-10-02 23:09:26,607 [EventQueue-NodeRegistrationContainerReportForDataNodeSafeModeRule] INFO  safemode.SCMSafeModeManager (SCMSafeModeManager.java:exitSafeMode(193)) - SCM exiting safe mode.
2019-10-02 23:09:26,613 [grpc-default-executor-0] INFO  impl.RaftServerProxy (RaftServerProxy.java:addNew(89)) - ab4cfbc2-b250-4924-b53e-3f09d0af461b: addNew group-CAEDF24F0C96:[ab4cfbc2-b250-4924-b53e-3f09d0af461b:192.168.30.30:42255] returns group-CAEDF24F0C96:java.util.concurrent.CompletableFuture@56a11817[Not completed]
2019-10-02 23:09:26,614 [pool-328-thread-1] INFO  impl.RaftServerImpl (RaftServerImpl.java:<init>(95)) - ab4cfbc2-b250-4924-b53e-3f09d0af461b: new RaftServerImpl for group-CAEDF24F0C96:[ab4cfbc2-b250-4924-b53e-3f09d0af461b:192.168.30.30:42255] with ContainerStateMachine:uninitialized
2019-10-02 23:09:26,614 [pool-328-thread-1] INFO  server.RaftServerConfigKeys (ConfUtils.java:logGet(43)) - raft.server.rpc.timeout.min = 5s (custom)
2019-10-02 23:09:26,615 [pool-328-thread-1] INFO  server.RaftServerConfigKeys (ConfUtils.java:logGet(43)) - raft.server.rpc.timeout.max = 5200ms (custom)
2019-10-02 23:09:26,615 [pool-328-thread-1] INFO  server.RaftServerConfigKeys (ConfUtils.java:logGet(43)) - raft.server.rpcslowness.timeout = 120s (custom)
2019-10-02 23:09:26,615 [pool-328-thread-1] INFO  server.RaftServerConfigKeys (ConfUtils.java:logGet(43)) - raft.server.sleep.deviation.threshold = 300 (default)
2019-10-02 23:09:26,615 [pool-328-thread-1] INFO  server.RaftServerConfigKeys (ConfUtils.java:logGet(43)) - raft.server.log.appender.install.snapshot.enabled = false (custom)
2019-10-02 23:09:26,615 [pool-328-thread-1] INFO  impl.RaftServerImpl (ServerState.java:<init>(103)) - ab4cfbc2-b250-4924-b53e-3f09d0af461b@group-CAEDF24F0C96: ConfigurationManager, init=-1: [ab4cfbc2-b250-4924-b53e-3f09d0af461b:192.168.30.30:42255], old=null, confs=<EMPTY_MAP>
2019-10-02 23:09:26,615 [pool-328-thread-1] INFO  server.RaftServerConfigKeys (ConfUtils.java:logGet(43)) - raft.server.storage.dir = [/workdir/hadoop-ozone/ozonefs/target/test-dir/MiniOzoneClusterImpl-20bf308f-88d0-472f-a51e-1d14548a68f6/datanode-0/data/ratis] (custom)
2019-10-02 23:09:26,615 [pool-328-thread-1] INFO  server.RaftServerConfigKeys (ConfUtils.java:logGet(43)) - raft.server.log.corruption.policy = EXCEPTION (default)
2019-10-02 23:09:26,615 [pool-328-thread-1] INFO  storage.RaftStorageDirectory (RaftStorageDirectory.java:analyzeStorage(246)) - The storage directory /workdir/hadoop-ozone/ozonefs/target/test-dir/MiniOzoneClusterImpl-20bf308f-88d0-472f-a51e-1d14548a68f6/datanode-0/data/ratis/327ca8c1-88f1-4558-9b40-caedf24f0c96 does not exist. Creating ...
2019-10-02 23:09:26,646 [pool-328-thread-1] INFO  storage.RaftStorageDirectory (RaftStorageDirectory.java:tryLock(328)) - Lock on /workdir/hadoop-ozone/ozonefs/target/test-dir/MiniOzoneClusterImpl-20bf308f-88d0-472f-a51e-1d14548a68f6/datanode-0/data/ratis/327ca8c1-88f1-4558-9b40-caedf24f0c96/in_use.lock acquired by nodename 16001@pr-hdds1737-lts7z-2510321508
2019-10-02 23:09:26,671 [IPC Server handler 1 on 45676] INFO  net.NetworkTopology (NetworkTopologyImpl.java:add(111)) - Added a new node: /default-rack/642304c3-fdfb-43fe-91e3-2a44f3a103e1
2019-10-02 23:09:26,671 [IPC Server handler 1 on 45676] INFO  node.SCMNodeManager (SCMNodeManager.java:register(266)) - Registered Data node : 642304c3-fdfb-43fe-91e3-2a44f3a103e1{ip: 192.168.30.30, host: pr-hdds1737-lts7z-2510321508, networkLocation: /default-rack, certSerialId: null}
2019-10-02 23:09:26,689 [pool-328-thread-1] INFO  storage.RaftStorage (RaftStorage.java:format(84)) - Storage directory /workdir/hadoop-ozone/ozonefs/target/test-dir/MiniOzoneClusterImpl-20bf308f-88d0-472f-a51e-1d14548a68f6/datanode-0/data/ratis/327ca8c1-88f1-4558-9b40-caedf24f0c96 has been successfully formatted.
2019-10-02 23:09:26,689 [pool-328-thread-1] INFO  ratis.ContainerStateMachine (ContainerStateMachine.java:loadSnapshot(230)) - group-CAEDF24F0C96: The snapshot info is null. Setting the last applied indexto:(t:0, i:~)
2019-10-02 23:09:26,689 [pool-328-thread-1] INFO  server.RaftServerConfigKeys (ConfUtils.java:logGet(43)) - raft.server.notification.no-leader.timeout = 120s (custom)
2019-10-02 23:09:26,690 [pool-328-thread-1] INFO  server.RaftServerConfigKeys (ConfUtils.java:logGet(43)) - raft.server.log.use.memory = false (default)
2019-10-02 23:09:26,690 [pool-328-thread-1] INFO  server.RaftServerConfigKeys (ConfUtils.java:logGet(43)) - raft.server.log.purge.gap = 1000000 (custom)
2019-10-02 23:09:26,690 [pool-328-thread-1] INFO  server.RaftServerConfigKeys (ConfUtils.java:logGet(43)) - raft.server.log.appender.buffer.byte-limit = 33554432 (custom)
2019-10-02 23:09:26,690 [pool-328-thread-1] INFO  server.RaftServerConfigKeys (ConfUtils.java:logGet(43)) - raft.server.log.segment.size.max = 1048576 (custom)
2019-10-02 23:09:26,693 [pool-328-thread-1] INFO  server.RaftServerConfigKeys (ConfUtils.java:logGet(43)) - raft.server.log.segment.cache.num.max = 2 (custom)
2019-10-02 23:09:26,693 [pool-328-thread-1] INFO  segmented.SegmentedRaftLogWorker (SegmentedRaftLogWorker.java:<init>(173)) - new ab4cfbc2-b250-4924-b53e-3f09d0af461b@group-CAEDF24F0C96-SegmentedRaftLogWorker for RaftStorage:Storage Directory /workdir/hadoop-ozone/ozonefs/target/test-dir/MiniOzoneClusterImpl-20bf308f-88d0-472f-a51e-1d14548a68f6/datanode-0/data/ratis/327ca8c1-88f1-4558-9b40-caedf24f0c96
2019-10-02 23:09:26,693 [pool-328-thread-1] INFO  server.RaftServerConfigKeys (ConfUtils.java:logGet(43)) - raft.server.log.queue.byte-limit = 2147483647 (custom)
2019-10-02 23:09:26,693 [pool-328-thread-1] INFO  server.RaftServerConfigKeys (ConfUtils.java:logGet(43)) - raft.server.log.queue.element-limit = 1024 (custom)
2019-10-02 23:09:26,693 [pool-328-thread-1] INFO  server.RaftServerConfigKeys (ConfUtils.java:logGet(43)) - raft.server.log.segment.size.max = 1048576 (custom)
2019-10-02 23:09:26,693 [pool-328-thread-1] INFO  server.RaftServerConfigKeys (ConfUtils.java:logGet(43)) - raft.server.log.preallocated.size = 16384 (custom)
2019-10-02 23:09:26,694 [pool-328-thread-1] INFO  server.RaftServerConfigKeys (ConfUtils.java:logGet(43)) - raft.server.log.write.buffer.size = 33554432 (custom)
2019-10-02 23:09:26,694 [pool-328-thread-1] INFO  server.RaftServerConfigKeys (ConfUtils.java:logGet(43)) - raft.server.log.force.sync.num = 128 (default)
2019-10-02 23:09:26,694 [pool-328-thread-1] INFO  server.RaftServerConfigKeys (ConfUtils.java:logGet(43)) - raft.server.log.statemachine.data.sync = true (default)
2019-10-02 23:09:26,694 [pool-328-thread-1] INFO  server.RaftServerConfigKeys (ConfUtils.java:logGet(43)) - raft.server.log.statemachine.data.sync.timeout = 10s (default)
2019-10-02 23:09:26,694 [pool-328-thread-1] INFO  server.RaftServerConfigKeys (ConfUtils.java:logGet(43)) - raft.server.log.statemachine.data.sync.timeout.retry = -1 (default)
2019-10-02 23:09:26,695 [pool-328-thread-1] INFO  server.RaftServerConfigKeys (ConfUtils.java:logGet(43)) - raft.server.log.statemachine.data.caching.enabled = true (custom)
2019-10-02 23:09:26,695 [pool-328-thread-1] INFO  segmented.SegmentedRaftLogWorker (SegmentedRaftLogWorker.java:lambda$new$0(128)) - ab4cfbc2-b250-4924-b53e-3f09d0af461b@group-CAEDF24F0C96-SegmentedRaftLogWorker: flushIndex: setUnconditionally 0 -> -1
2019-10-02 23:09:26,696 [pool-328-thread-1] INFO  server.RaftServerConfigKeys (ConfUtils.java:logGet(43)) - raft.server.snapshot.auto.trigger.enabled = true (custom)
2019-10-02 23:09:26,696 [pool-328-thread-1] INFO  server.RaftServerConfigKeys (ConfUtils.java:logGet(43)) - raft.server.snapshot.auto.trigger.threshold = 10000 (custom)
2019-10-02 23:09:26,696 [pool-328-thread-1] INFO  server.RaftServerConfigKeys (ConfUtils.java:logGet(43)) - raft.server.snapshot.retention.file.num = 5 (custom)
2019-10-02 23:09:26,696 [pool-328-thread-1] INFO  server.RaftServerConfigKeys (ConfUtils.java:logGet(43)) - raft.server.retrycache.expirytime = 600000ms (custom)
2019-10-02 23:09:26,698 [pool-328-thread-1] INFO  impl.RaftServerImpl (RaftServerImpl.java:start(181)) - ab4cfbc2-b250-4924-b53e-3f09d0af461b@group-CAEDF24F0C96: start as a follower, conf=-1: [ab4cfbc2-b250-4924-b53e-3f09d0af461b:192.168.30.30:42255], old=null
2019-10-02 23:09:26,698 [pool-328-thread-1] INFO  impl.RaftServerImpl (RaftServerImpl.java:setRole(170)) - ab4cfbc2-b250-4924-b53e-3f09d0af461b@group-CAEDF24F0C96: changes role from      null to FOLLOWER at term 0 for startAsFollower
2019-10-02 23:09:26,699 [pool-328-thread-1] INFO  impl.RoleInfo (RoleInfo.java:updateAndGet(143)) - ab4cfbc2-b250-4924-b53e-3f09d0af461b: start FollowerState
2019-10-02 23:09:26,699 [pool-328-thread-1] INFO  util.JmxRegister (JmxRegister.java:tryRegister(44)) - Successfully registered JMX Bean with object name Ratis:service=RaftServer,group=group-CAEDF24F0C96,id=ab4cfbc2-b250-4924-b53e-3f09d0af461b
2019-10-02 23:09:26,704 [RatisPipelineUtilsThread] INFO  pipeline.PipelineStateManager (PipelineStateManager.java:addPipeline(56)) - Created pipeline Pipeline[ Id: 327ca8c1-88f1-4558-9b40-caedf24f0c96, Nodes: ab4cfbc2-b250-4924-b53e-3f09d0af461b{ip: 192.168.30.30, host: pr-hdds1737-lts7z-2510321508, networkLocation: /default-rack, certSerialId: null}, Type:RATIS, Factor:ONE, State:OPEN]
2019-10-02 23:09:26,713 [grpc-default-executor-0] INFO  impl.RaftServerProxy (RaftServerProxy.java:addNew(89)) - 642304c3-fdfb-43fe-91e3-2a44f3a103e1: addNew group-41F1D7DC9709:[642304c3-fdfb-43fe-91e3-2a44f3a103e1:192.168.30.30:37948] returns group-41F1D7DC9709:java.util.concurrent.CompletableFuture@68b13bf9[Not completed]
2019-10-02 23:09:26,714 [pool-338-thread-1] INFO  impl.RaftServerImpl (RaftServerImpl.java:<init>(95)) - 642304c3-fdfb-43fe-91e3-2a44f3a103e1: new RaftServerImpl for group-41F1D7DC9709:[642304c3-fdfb-43fe-91e3-2a44f3a103e1:192.168.30.30:37948] with ContainerStateMachine:uninitialized
2019-10-02 23:09:26,715 [pool-338-thread-1] INFO  server.RaftServerConfigKeys (ConfUtils.java:logGet(43)) - raft.server.rpc.timeout.min = 5s (custom)
2019-10-02 23:09:26,715 [pool-338-thread-1] INFO  server.RaftServerConfigKeys (ConfUtils.java:logGet(43)) - raft.server.rpc.timeout.max = 5200ms (custom)
2019-10-02 23:09:26,715 [pool-338-thread-1] INFO  server.RaftServerConfigKeys (ConfUtils.java:logGet(43)) - raft.server.rpcslowness.timeout = 120s (custom)
2019-10-02 23:09:26,715 [pool-338-thread-1] INFO  server.RaftServerConfigKeys (ConfUtils.java:logGet(43)) - raft.server.sleep.deviation.threshold = 300 (default)
2019-10-02 23:09:26,715 [pool-338-thread-1] INFO  server.RaftServerConfigKeys (ConfUtils.java:logGet(43)) - raft.server.log.appender.install.snapshot.enabled = false (custom)
2019-10-02 23:09:26,715 [pool-338-thread-1] INFO  impl.RaftServerImpl (ServerState.java:<init>(103)) - 642304c3-fdfb-43fe-91e3-2a44f3a103e1@group-41F1D7DC9709: ConfigurationManager, init=-1: [642304c3-fdfb-43fe-91e3-2a44f3a103e1:192.168.30.30:37948], old=null, confs=<EMPTY_MAP>
2019-10-02 23:09:26,715 [pool-338-thread-1] INFO  server.RaftServerConfigKeys (ConfUtils.java:logGet(43)) - raft.server.storage.dir = [/workdir/hadoop-ozone/ozonefs/target/test-dir/MiniOzoneClusterImpl-20bf308f-88d0-472f-a51e-1d14548a68f6/datanode-1/data/ratis] (custom)
2019-10-02 23:09:26,715 [pool-338-thread-1] INFO  server.RaftServerConfigKeys (ConfUtils.java:logGet(43)) - raft.server.log.corruption.policy = EXCEPTION (default)
2019-10-02 23:09:26,716 [pool-338-thread-1] INFO  storage.RaftStorageDirectory (RaftStorageDirectory.java:analyzeStorage(246)) - The storage directory /workdir/hadoop-ozone/ozonefs/target/test-dir/MiniOzoneClusterImpl-20bf308f-88d0-472f-a51e-1d14548a68f6/datanode-1/data/ratis/da61c7e9-6515-4004-90da-41f1d7dc9709 does not exist. Creating ...
2019-10-02 23:09:26,739 [pool-338-thread-1] INFO  storage.RaftStorageDirectory (RaftStorageDirectory.java:tryLock(328)) - Lock on /workdir/hadoop-ozone/ozonefs/target/test-dir/MiniOzoneClusterImpl-20bf308f-88d0-472f-a51e-1d14548a68f6/datanode-1/data/ratis/da61c7e9-6515-4004-90da-41f1d7dc9709/in_use.lock acquired by nodename 16001@pr-hdds1737-lts7z-2510321508
2019-10-02 23:09:26,740 [main] INFO  ozone.MiniOzoneClusterImpl (MiniOzoneClusterImpl.java:lambda$waitForClusterToBeReady$0(147)) - Waiting for cluster to be ready. Got 2 of 3 DN Heartbeats.
2019-10-02 23:09:26,741 [IPC Server handler 4 on 45676] INFO  net.NetworkTopology (NetworkTopologyImpl.java:add(111)) - Added a new node: /default-rack/97a6056f-0558-4808-8843-16f64064d5d6
2019-10-02 23:09:26,741 [IPC Server handler 4 on 45676] INFO  node.SCMNodeManager (SCMNodeManager.java:register(266)) - Registered Data node : 97a6056f-0558-4808-8843-16f64064d5d6{ip: 192.168.30.30, host: pr-hdds1737-lts7z-2510321508, networkLocation: /default-rack, certSerialId: null}
2019-10-02 23:09:26,765 [pool-338-thread-1] INFO  storage.RaftStorage (RaftStorage.java:format(84)) - Storage directory /workdir/hadoop-ozone/ozonefs/target/test-dir/MiniOzoneClusterImpl-20bf308f-88d0-472f-a51e-1d14548a68f6/datanode-1/data/ratis/da61c7e9-6515-4004-90da-41f1d7dc9709 has been successfully formatted.
2019-10-02 23:09:26,766 [pool-338-thread-1] INFO  ratis.ContainerStateMachine (ContainerStateMachine.java:loadSnapshot(230)) - group-41F1D7DC9709: The snapshot info is null. Setting the last applied indexto:(t:0, i:~)
2019-10-02 23:09:26,766 [pool-338-thread-1] INFO  server.RaftServerConfigKeys (ConfUtils.java:logGet(43)) - raft.server.notification.no-leader.timeout = 120s (custom)
2019-10-02 23:09:26,766 [pool-338-thread-1] INFO  server.RaftServerConfigKeys (ConfUtils.java:logGet(43)) - raft.server.log.use.memory = false (default)
2019-10-02 23:09:26,766 [pool-338-thread-1] INFO  server.RaftServerConfigKeys (ConfUtils.java:logGet(43)) - raft.server.log.purge.gap = 1000000 (custom)
2019-10-02 23:09:26,766 [pool-338-thread-1] INFO  server.RaftServerConfigKeys (ConfUtils.java:logGet(43)) - raft.server.log.appender.buffer.byte-limit = 33554432 (custom)
2019-10-02 23:09:26,766 [pool-338-thread-1] INFO  server.RaftServerConfigKeys (ConfUtils.java:logGet(43)) - raft.server.log.segment.size.max = 1048576 (custom)
2019-10-02 23:09:26,769 [pool-338-thread-1] INFO  server.RaftServerConfigKeys (ConfUtils.java:logGet(43)) - raft.server.log.segment.cache.num.max = 2 (custom)
2019-10-02 23:09:26,769 [pool-338-thread-1] INFO  segmented.SegmentedRaftLogWorker (SegmentedRaftLogWorker.java:<init>(173)) - new 642304c3-fdfb-43fe-91e3-2a44f3a103e1@group-41F1D7DC9709-SegmentedRaftLogWorker for RaftStorage:Storage Directory /workdir/hadoop-ozone/ozonefs/target/test-dir/MiniOzoneClusterImpl-20bf308f-88d0-472f-a51e-1d14548a68f6/datanode-1/data/ratis/da61c7e9-6515-4004-90da-41f1d7dc9709
2019-10-02 23:09:26,769 [pool-338-thread-1] INFO  server.RaftServerConfigKeys (ConfUtils.java:logGet(43)) - raft.server.log.queue.byte-limit = 2147483647 (custom)
2019-10-02 23:09:26,769 [pool-338-thread-1] INFO  server.RaftServerConfigKeys (ConfUtils.java:logGet(43)) - raft.server.log.queue.element-limit = 1024 (custom)
2019-10-02 23:09:26,769 [pool-338-thread-1] INFO  server.RaftServerConfigKeys (ConfUtils.java:logGet(43)) - raft.server.log.segment.size.max = 1048576 (custom)
2019-10-02 23:09:26,769 [pool-338-thread-1] INFO  server.RaftServerConfigKeys (ConfUtils.java:logGet(43)) - raft.server.log.preallocated.size = 16384 (custom)
2019-10-02 23:09:26,770 [pool-338-thread-1] INFO  server.RaftServerConfigKeys (ConfUtils.java:logGet(43)) - raft.server.log.write.buffer.size = 33554432 (custom)
2019-10-02 23:09:26,770 [pool-338-thread-1] INFO  server.RaftServerConfigKeys (ConfUtils.java:logGet(43)) - raft.server.log.force.sync.num = 128 (default)
2019-10-02 23:09:26,770 [pool-338-thread-1] INFO  server.RaftServerConfigKeys (ConfUtils.java:logGet(43)) - raft.server.log.statemachine.data.sync = true (default)
2019-10-02 23:09:26,770 [pool-338-thread-1] INFO  server.RaftServerConfigKeys (ConfUtils.java:logGet(43)) - raft.server.log.statemachine.data.sync.timeout = 10s (default)
2019-10-02 23:09:26,770 [pool-338-thread-1] INFO  server.RaftServerConfigKeys (ConfUtils.java:logGet(43)) - raft.server.log.statemachine.data.sync.timeout.retry = -1 (default)
2019-10-02 23:09:26,771 [pool-338-thread-1] INFO  server.RaftServerConfigKeys (ConfUtils.java:logGet(43)) - raft.server.log.statemachine.data.caching.enabled = true (custom)
2019-10-02 23:09:26,771 [pool-338-thread-1] INFO  segmented.SegmentedRaftLogWorker (SegmentedRaftLogWorker.java:lambda$new$0(128)) - 642304c3-fdfb-43fe-91e3-2a44f3a103e1@group-41F1D7DC9709-SegmentedRaftLogWorker: flushIndex: setUnconditionally 0 -> -1
2019-10-02 23:09:26,771 [pool-338-thread-1] INFO  server.RaftServerConfigKeys (ConfUtils.java:logGet(43)) - raft.server.snapshot.auto.trigger.enabled = true (custom)
2019-10-02 23:09:26,771 [pool-338-thread-1] INFO  server.RaftServerConfigKeys (ConfUtils.java:logGet(43)) - raft.server.snapshot.auto.trigger.threshold = 10000 (custom)
2019-10-02 23:09:26,772 [pool-338-thread-1] INFO  server.RaftServerConfigKeys (ConfUtils.java:logGet(43)) - raft.server.snapshot.retention.file.num = 5 (custom)
2019-10-02 23:09:26,772 [pool-338-thread-1] INFO  server.RaftServerConfigKeys (ConfUtils.java:logGet(43)) - raft.server.retrycache.expirytime = 600000ms (custom)
2019-10-02 23:09:26,774 [pool-338-thread-1] INFO  impl.RaftServerImpl (RaftServerImpl.java:start(181)) - 642304c3-fdfb-43fe-91e3-2a44f3a103e1@group-41F1D7DC9709: start as a follower, conf=-1: [642304c3-fdfb-43fe-91e3-2a44f3a103e1:192.168.30.30:37948], old=null
2019-10-02 23:09:26,774 [pool-338-thread-1] INFO  impl.RaftServerImpl (RaftServerImpl.java:setRole(170)) - 642304c3-fdfb-43fe-91e3-2a44f3a103e1@group-41F1D7DC9709: changes role from      null to FOLLOWER at term 0 for startAsFollower
2019-10-02 23:09:26,774 [pool-338-thread-1] INFO  impl.RoleInfo (RoleInfo.java:updateAndGet(143)) - 642304c3-fdfb-43fe-91e3-2a44f3a103e1: start FollowerState
2019-10-02 23:09:26,774 [pool-338-thread-1] INFO  util.JmxRegister (JmxRegister.java:tryRegister(44)) - Successfully registered JMX Bean with object name Ratis:service=RaftServer,group=group-41F1D7DC9709,id=642304c3-fdfb-43fe-91e3-2a44f3a103e1
2019-10-02 23:09:26,778 [RatisPipelineUtilsThread] INFO  pipeline.PipelineStateManager (PipelineStateManager.java:addPipeline(56)) - Created pipeline Pipeline[ Id: da61c7e9-6515-4004-90da-41f1d7dc9709, Nodes: 642304c3-fdfb-43fe-91e3-2a44f3a103e1{ip: 192.168.30.30, host: pr-hdds1737-lts7z-2510321508, networkLocation: /default-rack, certSerialId: null}, Type:RATIS, Factor:ONE, State:OPEN]
2019-10-02 23:09:26,785 [grpc-default-executor-0] INFO  impl.RaftServerProxy (RaftServerProxy.java:addNew(89)) - 97a6056f-0558-4808-8843-16f64064d5d6: addNew group-D3CDB64A2318:[97a6056f-0558-4808-8843-16f64064d5d6:192.168.30.30:41245] returns group-D3CDB64A2318:java.util.concurrent.CompletableFuture@12ba3f3b[Not completed]
2019-10-02 23:09:26,787 [pool-348-thread-1] INFO  impl.RaftServerImpl (RaftServerImpl.java:<init>(95)) - 97a6056f-0558-4808-8843-16f64064d5d6: new RaftServerImpl for group-D3CDB64A2318:[97a6056f-0558-4808-8843-16f64064d5d6:192.168.30.30:41245] with ContainerStateMachine:uninitialized
2019-10-02 23:09:26,787 [pool-348-thread-1] INFO  server.RaftServerConfigKeys (ConfUtils.java:logGet(43)) - raft.server.rpc.timeout.min = 5s (custom)
2019-10-02 23:09:26,787 [pool-348-thread-1] INFO  server.RaftServerConfigKeys (ConfUtils.java:logGet(43)) - raft.server.rpc.timeout.max = 5200ms (custom)
2019-10-02 23:09:26,787 [pool-348-thread-1] INFO  server.RaftServerConfigKeys (ConfUtils.java:logGet(43)) - raft.server.rpcslowness.timeout = 120s (custom)
2019-10-02 23:09:26,788 [pool-348-thread-1] INFO  server.RaftServerConfigKeys (ConfUtils.java:logGet(43)) - raft.server.sleep.deviation.threshold = 300 (default)
2019-10-02 23:09:26,788 [pool-348-thread-1] INFO  server.RaftServerConfigKeys (ConfUtils.java:logGet(43)) - raft.server.log.appender.install.snapshot.enabled = false (custom)
2019-10-02 23:09:26,788 [pool-348-thread-1] INFO  impl.RaftServerImpl (ServerState.java:<init>(103)) - 97a6056f-0558-4808-8843-16f64064d5d6@group-D3CDB64A2318: ConfigurationManager, init=-1: [97a6056f-0558-4808-8843-16f64064d5d6:192.168.30.30:41245], old=null, confs=<EMPTY_MAP>
2019-10-02 23:09:26,788 [pool-348-thread-1] INFO  server.RaftServerConfigKeys (ConfUtils.java:logGet(43)) - raft.server.storage.dir = [/workdir/hadoop-ozone/ozonefs/target/test-dir/MiniOzoneClusterImpl-20bf308f-88d0-472f-a51e-1d14548a68f6/datanode-2/data/ratis] (custom)
2019-10-02 23:09:26,788 [pool-348-thread-1] INFO  server.RaftServerConfigKeys (ConfUtils.java:logGet(43)) - raft.server.log.corruption.policy = EXCEPTION (default)
2019-10-02 23:09:26,789 [pool-348-thread-1] INFO  storage.RaftStorageDirectory (RaftStorageDirectory.java:analyzeStorage(246)) - The storage directory /workdir/hadoop-ozone/ozonefs/target/test-dir/MiniOzoneClusterImpl-20bf308f-88d0-472f-a51e-1d14548a68f6/datanode-2/data/ratis/38579069-4432-4bf2-a777-d3cdb64a2318 does not exist. Creating ...
2019-10-02 23:09:26,816 [pool-348-thread-1] INFO  storage.RaftStorageDirectory (RaftStorageDirectory.java:tryLock(328)) - Lock on /workdir/hadoop-ozone/ozonefs/target/test-dir/MiniOzoneClusterImpl-20bf308f-88d0-472f-a51e-1d14548a68f6/datanode-2/data/ratis/38579069-4432-4bf2-a777-d3cdb64a2318/in_use.lock acquired by nodename 16001@pr-hdds1737-lts7z-2510321508
2019-10-02 23:09:26,842 [pool-348-thread-1] INFO  storage.RaftStorage (RaftStorage.java:format(84)) - Storage directory /workdir/hadoop-ozone/ozonefs/target/test-dir/MiniOzoneClusterImpl-20bf308f-88d0-472f-a51e-1d14548a68f6/datanode-2/data/ratis/38579069-4432-4bf2-a777-d3cdb64a2318 has been successfully formatted.
2019-10-02 23:09:26,842 [pool-348-thread-1] INFO  ratis.ContainerStateMachine (ContainerStateMachine.java:loadSnapshot(230)) - group-D3CDB64A2318: The snapshot info is null. Setting the last applied indexto:(t:0, i:~)
2019-10-02 23:09:26,843 [pool-348-thread-1] INFO  server.RaftServerConfigKeys (ConfUtils.java:logGet(43)) - raft.server.notification.no-leader.timeout = 120s (custom)
2019-10-02 23:09:26,843 [pool-348-thread-1] INFO  server.RaftServerConfigKeys (ConfUtils.java:logGet(43)) - raft.server.log.use.memory = false (default)
2019-10-02 23:09:26,843 [pool-348-thread-1] INFO  server.RaftServerConfigKeys (ConfUtils.java:logGet(43)) - raft.server.log.purge.gap = 1000000 (custom)
2019-10-02 23:09:26,843 [pool-348-thread-1] INFO  server.RaftServerConfigKeys (ConfUtils.java:logGet(43)) - raft.server.log.appender.buffer.byte-limit = 33554432 (custom)
2019-10-02 23:09:26,844 [pool-348-thread-1] INFO  server.RaftServerConfigKeys (ConfUtils.java:logGet(43)) - raft.server.log.segment.size.max = 1048576 (custom)
2019-10-02 23:09:26,846 [pool-348-thread-1] INFO  server.RaftServerConfigKeys (ConfUtils.java:logGet(43)) - raft.server.log.segment.cache.num.max = 2 (custom)
2019-10-02 23:09:26,847 [pool-348-thread-1] INFO  segmented.SegmentedRaftLogWorker (SegmentedRaftLogWorker.java:<init>(173)) - new 97a6056f-0558-4808-8843-16f64064d5d6@group-D3CDB64A2318-SegmentedRaftLogWorker for RaftStorage:Storage Directory /workdir/hadoop-ozone/ozonefs/target/test-dir/MiniOzoneClusterImpl-20bf308f-88d0-472f-a51e-1d14548a68f6/datanode-2/data/ratis/38579069-4432-4bf2-a777-d3cdb64a2318
2019-10-02 23:09:26,847 [pool-348-thread-1] INFO  server.RaftServerConfigKeys (ConfUtils.java:logGet(43)) - raft.server.log.queue.byte-limit = 2147483647 (custom)
2019-10-02 23:09:26,847 [pool-348-thread-1] INFO  server.RaftServerConfigKeys (ConfUtils.java:logGet(43)) - raft.server.log.queue.element-limit = 1024 (custom)
2019-10-02 23:09:26,847 [pool-348-thread-1] INFO  server.RaftServerConfigKeys (ConfUtils.java:logGet(43)) - raft.server.log.segment.size.max = 1048576 (custom)
2019-10-02 23:09:26,848 [pool-348-thread-1] INFO  server.RaftServerConfigKeys (ConfUtils.java:logGet(43)) - raft.server.log.preallocated.size = 16384 (custom)
2019-10-02 23:09:26,848 [pool-348-thread-1] INFO  server.RaftServerConfigKeys (ConfUtils.java:logGet(43)) - raft.server.log.write.buffer.size = 33554432 (custom)
2019-10-02 23:09:26,848 [pool-348-thread-1] INFO  server.RaftServerConfigKeys (ConfUtils.java:logGet(43)) - raft.server.log.force.sync.num = 128 (default)
2019-10-02 23:09:26,848 [pool-348-thread-1] INFO  server.RaftServerConfigKeys (ConfUtils.java:logGet(43)) - raft.server.log.statemachine.data.sync = true (default)
2019-10-02 23:09:26,849 [pool-348-thread-1] INFO  server.RaftServerConfigKeys (ConfUtils.java:logGet(43)) - raft.server.log.statemachine.data.sync.timeout = 10s (default)
2019-10-02 23:09:26,849 [pool-348-thread-1] INFO  server.RaftServerConfigKeys (ConfUtils.java:logGet(43)) - raft.server.log.statemachine.data.sync.timeout.retry = -1 (default)
2019-10-02 23:09:26,849 [pool-348-thread-1] INFO  server.RaftServerConfigKeys (ConfUtils.java:logGet(43)) - raft.server.log.statemachine.data.caching.enabled = true (custom)
2019-10-02 23:09:26,850 [pool-348-thread-1] INFO  segmented.SegmentedRaftLogWorker (SegmentedRaftLogWorker.java:lambda$new$0(128)) - 97a6056f-0558-4808-8843-16f64064d5d6@group-D3CDB64A2318-SegmentedRaftLogWorker: flushIndex: setUnconditionally 0 -> -1
2019-10-02 23:09:26,850 [pool-348-thread-1] INFO  server.RaftServerConfigKeys (ConfUtils.java:logGet(43)) - raft.server.snapshot.auto.trigger.enabled = true (custom)
2019-10-02 23:09:26,850 [pool-348-thread-1] INFO  server.RaftServerConfigKeys (ConfUtils.java:logGet(43)) - raft.server.snapshot.auto.trigger.threshold = 10000 (custom)
2019-10-02 23:09:26,850 [pool-348-thread-1] INFO  server.RaftServerConfigKeys (ConfUtils.java:logGet(43)) - raft.server.snapshot.retention.file.num = 5 (custom)
2019-10-02 23:09:26,851 [pool-348-thread-1] INFO  server.RaftServerConfigKeys (ConfUtils.java:logGet(43)) - raft.server.retrycache.expirytime = 600000ms (custom)
2019-10-02 23:09:26,853 [pool-348-thread-1] INFO  impl.RaftServerImpl (RaftServerImpl.java:start(181)) - 97a6056f-0558-4808-8843-16f64064d5d6@group-D3CDB64A2318: start as a follower, conf=-1: [97a6056f-0558-4808-8843-16f64064d5d6:192.168.30.30:41245], old=null
2019-10-02 23:09:26,853 [pool-348-thread-1] INFO  impl.RaftServerImpl (RaftServerImpl.java:setRole(170)) - 97a6056f-0558-4808-8843-16f64064d5d6@group-D3CDB64A2318: changes role from      null to FOLLOWER at term 0 for startAsFollower
2019-10-02 23:09:26,853 [pool-348-thread-1] INFO  impl.RoleInfo (RoleInfo.java:updateAndGet(143)) - 97a6056f-0558-4808-8843-16f64064d5d6: start FollowerState
2019-10-02 23:09:26,854 [pool-348-thread-1] INFO  util.JmxRegister (JmxRegister.java:tryRegister(44)) - Successfully registered JMX Bean with object name Ratis:service=RaftServer,group=group-D3CDB64A2318,id=97a6056f-0558-4808-8843-16f64064d5d6
2019-10-02 23:09:26,858 [RatisPipelineUtilsThread] INFO  pipeline.PipelineStateManager (PipelineStateManager.java:addPipeline(56)) - Created pipeline Pipeline[ Id: 38579069-4432-4bf2-a777-d3cdb64a2318, Nodes: 97a6056f-0558-4808-8843-16f64064d5d6{ip: 192.168.30.30, host: pr-hdds1737-lts7z-2510321508, networkLocation: /default-rack, certSerialId: null}, Type:RATIS, Factor:ONE, State:OPEN]
2019-10-02 23:09:26,871 [grpc-default-executor-2] INFO  impl.RaftServerProxy (RaftServerProxy.java:addNew(89)) - 642304c3-fdfb-43fe-91e3-2a44f3a103e1: addNew group-EC5EE570AE48:[ab4cfbc2-b250-4924-b53e-3f09d0af461b:192.168.30.30:42255, 97a6056f-0558-4808-8843-16f64064d5d6:192.168.30.30:41245, 642304c3-fdfb-43fe-91e3-2a44f3a103e1:192.168.30.30:37948] returns group-EC5EE570AE48:java.util.concurrent.CompletableFuture@2a40735a[Not completed]
2019-10-02 23:09:26,871 [grpc-default-executor-0] INFO  impl.RaftServerProxy (RaftServerProxy.java:addNew(89)) - 97a6056f-0558-4808-8843-16f64064d5d6: addNew group-EC5EE570AE48:[ab4cfbc2-b250-4924-b53e-3f09d0af461b:192.168.30.30:42255, 97a6056f-0558-4808-8843-16f64064d5d6:192.168.30.30:41245, 642304c3-fdfb-43fe-91e3-2a44f3a103e1:192.168.30.30:37948] returns group-EC5EE570AE48:java.util.concurrent.CompletableFuture@60fb1eec[Not completed]
2019-10-02 23:09:26,871 [grpc-default-executor-1] INFO  impl.RaftServerProxy (RaftServerProxy.java:addNew(89)) - ab4cfbc2-b250-4924-b53e-3f09d0af461b: addNew group-EC5EE570AE48:[ab4cfbc2-b250-4924-b53e-3f09d0af461b:192.168.30.30:42255, 97a6056f-0558-4808-8843-16f64064d5d6:192.168.30.30:41245, 642304c3-fdfb-43fe-91e3-2a44f3a103e1:192.168.30.30:37948] returns group-EC5EE570AE48:java.util.concurrent.CompletableFuture@af4a86[Not completed]
2019-10-02 23:09:26,873 [pool-338-thread-1] INFO  impl.RaftServerImpl (RaftServerImpl.java:<init>(95)) - 642304c3-fdfb-43fe-91e3-2a44f3a103e1: new RaftServerImpl for group-EC5EE570AE48:[ab4cfbc2-b250-4924-b53e-3f09d0af461b:192.168.30.30:42255, 97a6056f-0558-4808-8843-16f64064d5d6:192.168.30.30:41245, 642304c3-fdfb-43fe-91e3-2a44f3a103e1:192.168.30.30:37948] with ContainerStateMachine:uninitialized
2019-10-02 23:09:26,873 [pool-338-thread-1] INFO  server.RaftServerConfigKeys (ConfUtils.java:logGet(43)) - raft.server.rpc.timeout.min = 5s (custom)
2019-10-02 23:09:26,873 [pool-338-thread-1] INFO  server.RaftServerConfigKeys (ConfUtils.java:logGet(43)) - raft.server.rpc.timeout.max = 5200ms (custom)
2019-10-02 23:09:26,873 [pool-338-thread-1] INFO  server.RaftServerConfigKeys (ConfUtils.java:logGet(43)) - raft.server.rpcslowness.timeout = 120s (custom)
2019-10-02 23:09:26,873 [pool-338-thread-1] INFO  server.RaftServerConfigKeys (ConfUtils.java:logGet(43)) - raft.server.sleep.deviation.threshold = 300 (default)
2019-10-02 23:09:26,873 [pool-338-thread-1] INFO  server.RaftServerConfigKeys (ConfUtils.java:logGet(43)) - raft.server.log.appender.install.snapshot.enabled = false (custom)
2019-10-02 23:09:26,873 [pool-338-thread-1] INFO  impl.RaftServerImpl (ServerState.java:<init>(103)) - 642304c3-fdfb-43fe-91e3-2a44f3a103e1@group-EC5EE570AE48: ConfigurationManager, init=-1: [ab4cfbc2-b250-4924-b53e-3f09d0af461b:192.168.30.30:42255, 97a6056f-0558-4808-8843-16f64064d5d6:192.168.30.30:41245, 642304c3-fdfb-43fe-91e3-2a44f3a103e1:192.168.30.30:37948], old=null, confs=<EMPTY_MAP>
2019-10-02 23:09:26,873 [pool-338-thread-1] INFO  server.RaftServerConfigKeys (ConfUtils.java:logGet(43)) - raft.server.storage.dir = [/workdir/hadoop-ozone/ozonefs/target/test-dir/MiniOzoneClusterImpl-20bf308f-88d0-472f-a51e-1d14548a68f6/datanode-1/data/ratis] (custom)
2019-10-02 23:09:26,873 [pool-328-thread-1] INFO  impl.RaftServerImpl (RaftServerImpl.java:<init>(95)) - ab4cfbc2-b250-4924-b53e-3f09d0af461b: new RaftServerImpl for group-EC5EE570AE48:[ab4cfbc2-b250-4924-b53e-3f09d0af461b:192.168.30.30:42255, 97a6056f-0558-4808-8843-16f64064d5d6:192.168.30.30:41245, 642304c3-fdfb-43fe-91e3-2a44f3a103e1:192.168.30.30:37948] with ContainerStateMachine:uninitialized
2019-10-02 23:09:26,873 [pool-338-thread-1] INFO  server.RaftServerConfigKeys (ConfUtils.java:logGet(43)) - raft.server.log.corruption.policy = EXCEPTION (default)
2019-10-02 23:09:26,874 [pool-328-thread-1] INFO  server.RaftServerConfigKeys (ConfUtils.java:logGet(43)) - raft.server.rpc.timeout.min = 5s (custom)
2019-10-02 23:09:26,874 [pool-348-thread-1] INFO  impl.RaftServerImpl (RaftServerImpl.java:<init>(95)) - 97a6056f-0558-4808-8843-16f64064d5d6: new RaftServerImpl for group-EC5EE570AE48:[ab4cfbc2-b250-4924-b53e-3f09d0af461b:192.168.30.30:42255, 97a6056f-0558-4808-8843-16f64064d5d6:192.168.30.30:41245, 642304c3-fdfb-43fe-91e3-2a44f3a103e1:192.168.30.30:37948] with ContainerStateMachine:uninitialized
2019-10-02 23:09:26,874 [pool-338-thread-1] INFO  storage.RaftStorageDirectory (RaftStorageDirectory.java:analyzeStorage(246)) - The storage directory /workdir/hadoop-ozone/ozonefs/target/test-dir/MiniOzoneClusterImpl-20bf308f-88d0-472f-a51e-1d14548a68f6/datanode-1/data/ratis/ddad4b48-f804-4467-ab64-ec5ee570ae48 does not exist. Creating ...
2019-10-02 23:09:26,874 [pool-348-thread-1] INFO  server.RaftServerConfigKeys (ConfUtils.java:logGet(43)) - raft.server.rpc.timeout.min = 5s (custom)
2019-10-02 23:09:26,874 [pool-328-thread-1] INFO  server.RaftServerConfigKeys (ConfUtils.java:logGet(43)) - raft.server.rpc.timeout.max = 5200ms (custom)
2019-10-02 23:09:26,874 [pool-348-thread-1] INFO  server.RaftServerConfigKeys (ConfUtils.java:logGet(43)) - raft.server.rpc.timeout.max = 5200ms (custom)
2019-10-02 23:09:26,874 [pool-328-thread-1] INFO  server.RaftServerConfigKeys (ConfUtils.java:logGet(43)) - raft.server.rpcslowness.timeout = 120s (custom)
2019-10-02 23:09:26,874 [pool-348-thread-1] INFO  server.RaftServerConfigKeys (ConfUtils.java:logGet(43)) - raft.server.rpcslowness.timeout = 120s (custom)
2019-10-02 23:09:26,875 [pool-328-thread-1] INFO  server.RaftServerConfigKeys (ConfUtils.java:logGet(43)) - raft.server.sleep.deviation.threshold = 300 (default)
2019-10-02 23:09:26,875 [pool-348-thread-1] INFO  server.RaftServerConfigKeys (ConfUtils.java:logGet(43)) - raft.server.sleep.deviation.threshold = 300 (default)
2019-10-02 23:09:26,875 [pool-328-thread-1] INFO  server.RaftServerConfigKeys (ConfUtils.java:logGet(43)) - raft.server.log.appender.install.snapshot.enabled = false (custom)
2019-10-02 23:09:26,875 [pool-348-thread-1] INFO  server.RaftServerConfigKeys (ConfUtils.java:logGet(43)) - raft.server.log.appender.install.snapshot.enabled = false (custom)
2019-10-02 23:09:26,875 [pool-328-thread-1] INFO  impl.RaftServerImpl (ServerState.java:<init>(103)) - ab4cfbc2-b250-4924-b53e-3f09d0af461b@group-EC5EE570AE48: ConfigurationManager, init=-1: [ab4cfbc2-b250-4924-b53e-3f09d0af461b:192.168.30.30:42255, 97a6056f-0558-4808-8843-16f64064d5d6:192.168.30.30:41245, 642304c3-fdfb-43fe-91e3-2a44f3a103e1:192.168.30.30:37948], old=null, confs=<EMPTY_MAP>
2019-10-02 23:09:26,875 [pool-348-thread-1] INFO  impl.RaftServerImpl (ServerState.java:<init>(103)) - 97a6056f-0558-4808-8843-16f64064d5d6@group-EC5EE570AE48: ConfigurationManager, init=-1: [ab4cfbc2-b250-4924-b53e-3f09d0af461b:192.168.30.30:42255, 97a6056f-0558-4808-8843-16f64064d5d6:192.168.30.30:41245, 642304c3-fdfb-43fe-91e3-2a44f3a103e1:192.168.30.30:37948], old=null, confs=<EMPTY_MAP>
2019-10-02 23:09:26,876 [pool-328-thread-1] INFO  server.RaftServerConfigKeys (ConfUtils.java:logGet(43)) - raft.server.storage.dir = [/workdir/hadoop-ozone/ozonefs/target/test-dir/MiniOzoneClusterImpl-20bf308f-88d0-472f-a51e-1d14548a68f6/datanode-0/data/ratis] (custom)
2019-10-02 23:09:26,876 [pool-348-thread-1] INFO  server.RaftServerConfigKeys (ConfUtils.java:logGet(43)) - raft.server.storage.dir = [/workdir/hadoop-ozone/ozonefs/target/test-dir/MiniOzoneClusterImpl-20bf308f-88d0-472f-a51e-1d14548a68f6/datanode-2/data/ratis] (custom)
2019-10-02 23:09:26,876 [pool-328-thread-1] INFO  server.RaftServerConfigKeys (ConfUtils.java:logGet(43)) - raft.server.log.corruption.policy = EXCEPTION (default)
2019-10-02 23:09:26,876 [pool-348-thread-1] INFO  server.RaftServerConfigKeys (ConfUtils.java:logGet(43)) - raft.server.log.corruption.policy = EXCEPTION (default)
2019-10-02 23:09:26,876 [pool-328-thread-1] INFO  storage.RaftStorageDirectory (RaftStorageDirectory.java:analyzeStorage(246)) - The storage directory /workdir/hadoop-ozone/ozonefs/target/test-dir/MiniOzoneClusterImpl-20bf308f-88d0-472f-a51e-1d14548a68f6/datanode-0/data/ratis/ddad4b48-f804-4467-ab64-ec5ee570ae48 does not exist. Creating ...
2019-10-02 23:09:26,876 [pool-348-thread-1] INFO  storage.RaftStorageDirectory (RaftStorageDirectory.java:analyzeStorage(246)) - The storage directory /workdir/hadoop-ozone/ozonefs/target/test-dir/MiniOzoneClusterImpl-20bf308f-88d0-472f-a51e-1d14548a68f6/datanode-2/data/ratis/ddad4b48-f804-4467-ab64-ec5ee570ae48 does not exist. Creating ...
2019-10-02 23:09:26,901 [pool-328-thread-1] INFO  storage.RaftStorageDirectory (RaftStorageDirectory.java:tryLock(328)) - Lock on /workdir/hadoop-ozone/ozonefs/target/test-dir/MiniOzoneClusterImpl-20bf308f-88d0-472f-a51e-1d14548a68f6/datanode-0/data/ratis/ddad4b48-f804-4467-ab64-ec5ee570ae48/in_use.lock acquired by nodename 16001@pr-hdds1737-lts7z-2510321508
2019-10-02 23:09:26,901 [pool-338-thread-1] INFO  storage.RaftStorageDirectory (RaftStorageDirectory.java:tryLock(328)) - Lock on /workdir/hadoop-ozone/ozonefs/target/test-dir/MiniOzoneClusterImpl-20bf308f-88d0-472f-a51e-1d14548a68f6/datanode-1/data/ratis/ddad4b48-f804-4467-ab64-ec5ee570ae48/in_use.lock acquired by nodename 16001@pr-hdds1737-lts7z-2510321508
2019-10-02 23:09:26,901 [pool-348-thread-1] INFO  storage.RaftStorageDirectory (RaftStorageDirectory.java:tryLock(328)) - Lock on /workdir/hadoop-ozone/ozonefs/target/test-dir/MiniOzoneClusterImpl-20bf308f-88d0-472f-a51e-1d14548a68f6/datanode-2/data/ratis/ddad4b48-f804-4467-ab64-ec5ee570ae48/in_use.lock acquired by nodename 16001@pr-hdds1737-lts7z-2510321508
2019-10-02 23:09:26,947 [pool-328-thread-1] INFO  storage.RaftStorage (RaftStorage.java:format(84)) - Storage directory /workdir/hadoop-ozone/ozonefs/target/test-dir/MiniOzoneClusterImpl-20bf308f-88d0-472f-a51e-1d14548a68f6/datanode-0/data/ratis/ddad4b48-f804-4467-ab64-ec5ee570ae48 has been successfully formatted.
2019-10-02 23:09:26,947 [pool-348-thread-1] INFO  storage.RaftStorage (RaftStorage.java:format(84)) - Storage directory /workdir/hadoop-ozone/ozonefs/target/test-dir/MiniOzoneClusterImpl-20bf308f-88d0-472f-a51e-1d14548a68f6/datanode-2/data/ratis/ddad4b48-f804-4467-ab64-ec5ee570ae48 has been successfully formatted.
2019-10-02 23:09:26,947 [pool-338-thread-1] INFO  storage.RaftStorage (RaftStorage.java:format(84)) - Storage directory /workdir/hadoop-ozone/ozonefs/target/test-dir/MiniOzoneClusterImpl-20bf308f-88d0-472f-a51e-1d14548a68f6/datanode-1/data/ratis/ddad4b48-f804-4467-ab64-ec5ee570ae48 has been successfully formatted.
2019-10-02 23:09:26,947 [pool-328-thread-1] INFO  ratis.ContainerStateMachine (ContainerStateMachine.java:loadSnapshot(230)) - group-EC5EE570AE48: The snapshot info is null. Setting the last applied indexto:(t:0, i:~)
2019-10-02 23:09:26,948 [pool-328-thread-1] INFO  server.RaftServerConfigKeys (ConfUtils.java:logGet(43)) - raft.server.notification.no-leader.timeout = 120s (custom)
2019-10-02 23:09:26,948 [pool-338-thread-1] INFO  ratis.ContainerStateMachine (ContainerStateMachine.java:loadSnapshot(230)) - group-EC5EE570AE48: The snapshot info is null. Setting the last applied indexto:(t:0, i:~)
2019-10-02 23:09:26,948 [pool-328-thread-1] INFO  server.RaftServerConfigKeys (ConfUtils.java:logGet(43)) - raft.server.log.use.memory = false (default)
2019-10-02 23:09:26,948 [pool-338-thread-1] INFO  server.RaftServerConfigKeys (ConfUtils.java:logGet(43)) - raft.server.notification.no-leader.timeout = 120s (custom)
2019-10-02 23:09:26,948 [pool-348-thread-1] INFO  ratis.ContainerStateMachine (ContainerStateMachine.java:loadSnapshot(230)) - group-EC5EE570AE48: The snapshot info is null. Setting the last applied indexto:(t:0, i:~)
2019-10-02 23:09:26,948 [pool-328-thread-1] INFO  server.RaftServerConfigKeys (ConfUtils.java:logGet(43)) - raft.server.log.purge.gap = 1000000 (custom)
2019-10-02 23:09:26,948 [pool-348-thread-1] INFO  server.RaftServerConfigKeys (ConfUtils.java:logGet(43)) - raft.server.notification.no-leader.timeout = 120s (custom)
2019-10-02 23:09:26,948 [pool-338-thread-1] INFO  server.RaftServerConfigKeys (ConfUtils.java:logGet(43)) - raft.server.log.use.memory = false (default)
2019-10-02 23:09:26,948 [pool-348-thread-1] INFO  server.RaftServerConfigKeys (ConfUtils.java:logGet(43)) - raft.server.log.use.memory = false (default)
2019-10-02 23:09:26,948 [pool-328-thread-1] INFO  server.RaftServerConfigKeys (ConfUtils.java:logGet(43)) - raft.server.log.appender.buffer.byte-limit = 33554432 (custom)
2019-10-02 23:09:26,949 [pool-348-thread-1] INFO  server.RaftServerConfigKeys (ConfUtils.java:logGet(43)) - raft.server.log.purge.gap = 1000000 (custom)
2019-10-02 23:09:26,949 [pool-338-thread-1] INFO  server.RaftServerConfigKeys (ConfUtils.java:logGet(43)) - raft.server.log.purge.gap = 1000000 (custom)
2019-10-02 23:09:26,949 [pool-348-thread-1] INFO  server.RaftServerConfigKeys (ConfUtils.java:logGet(43)) - raft.server.log.appender.buffer.byte-limit = 33554432 (custom)
2019-10-02 23:09:26,949 [pool-328-thread-1] INFO  server.RaftServerConfigKeys (ConfUtils.java:logGet(43)) - raft.server.log.segment.size.max = 1048576 (custom)
2019-10-02 23:09:26,949 [pool-348-thread-1] INFO  server.RaftServerConfigKeys (ConfUtils.java:logGet(43)) - raft.server.log.segment.size.max = 1048576 (custom)
2019-10-02 23:09:26,949 [pool-338-thread-1] INFO  server.RaftServerConfigKeys (ConfUtils.java:logGet(43)) - raft.server.log.appender.buffer.byte-limit = 33554432 (custom)
2019-10-02 23:09:26,949 [pool-348-thread-1] INFO  server.RaftServerConfigKeys (ConfUtils.java:logGet(43)) - raft.server.log.segment.cache.num.max = 2 (custom)
2019-10-02 23:09:26,949 [pool-328-thread-1] INFO  server.RaftServerConfigKeys (ConfUtils.java:logGet(43)) - raft.server.log.segment.cache.num.max = 2 (custom)
2019-10-02 23:09:26,949 [pool-348-thread-1] INFO  segmented.SegmentedRaftLogWorker (SegmentedRaftLogWorker.java:<init>(173)) - new 97a6056f-0558-4808-8843-16f64064d5d6@group-EC5EE570AE48-SegmentedRaftLogWorker for RaftStorage:Storage Directory /workdir/hadoop-ozone/ozonefs/target/test-dir/MiniOzoneClusterImpl-20bf308f-88d0-472f-a51e-1d14548a68f6/datanode-2/data/ratis/ddad4b48-f804-4467-ab64-ec5ee570ae48
2019-10-02 23:09:26,949 [pool-338-thread-1] INFO  server.RaftServerConfigKeys (ConfUtils.java:logGet(43)) - raft.server.log.segment.size.max = 1048576 (custom)
2019-10-02 23:09:26,950 [pool-348-thread-1] INFO  server.RaftServerConfigKeys (ConfUtils.java:logGet(43)) - raft.server.log.queue.byte-limit = 2147483647 (custom)
2019-10-02 23:09:26,949 [pool-328-thread-1] INFO  segmented.SegmentedRaftLogWorker (SegmentedRaftLogWorker.java:<init>(173)) - new ab4cfbc2-b250-4924-b53e-3f09d0af461b@group-EC5EE570AE48-SegmentedRaftLogWorker for RaftStorage:Storage Directory /workdir/hadoop-ozone/ozonefs/target/test-dir/MiniOzoneClusterImpl-20bf308f-88d0-472f-a51e-1d14548a68f6/datanode-0/data/ratis/ddad4b48-f804-4467-ab64-ec5ee570ae48
2019-10-02 23:09:26,950 [pool-348-thread-1] INFO  server.RaftServerConfigKeys (ConfUtils.java:logGet(43)) - raft.server.log.queue.element-limit = 1024 (custom)
2019-10-02 23:09:26,950 [pool-338-thread-1] INFO  server.RaftServerConfigKeys (ConfUtils.java:logGet(43)) - raft.server.log.segment.cache.num.max = 2 (custom)
2019-10-02 23:09:26,950 [pool-348-thread-1] INFO  server.RaftServerConfigKeys (ConfUtils.java:logGet(43)) - raft.server.log.segment.size.max = 1048576 (custom)
2019-10-02 23:09:26,950 [pool-328-thread-1] INFO  server.RaftServerConfigKeys (ConfUtils.java:logGet(43)) - raft.server.log.queue.byte-limit = 2147483647 (custom)
2019-10-02 23:09:26,950 [pool-348-thread-1] INFO  server.RaftServerConfigKeys (ConfUtils.java:logGet(43)) - raft.server.log.preallocated.size = 16384 (custom)
2019-10-02 23:09:26,950 [pool-338-thread-1] INFO  segmented.SegmentedRaftLogWorker (SegmentedRaftLogWorker.java:<init>(173)) - new 642304c3-fdfb-43fe-91e3-2a44f3a103e1@group-EC5EE570AE48-SegmentedRaftLogWorker for RaftStorage:Storage Directory /workdir/hadoop-ozone/ozonefs/target/test-dir/MiniOzoneClusterImpl-20bf308f-88d0-472f-a51e-1d14548a68f6/datanode-1/data/ratis/ddad4b48-f804-4467-ab64-ec5ee570ae48
2019-10-02 23:09:26,950 [pool-348-thread-1] INFO  server.RaftServerConfigKeys (ConfUtils.java:logGet(43)) - raft.server.log.write.buffer.size = 33554432 (custom)
2019-10-02 23:09:26,950 [pool-328-thread-1] INFO  server.RaftServerConfigKeys (ConfUtils.java:logGet(43)) - raft.server.log.queue.element-limit = 1024 (custom)
2019-10-02 23:09:26,951 [pool-348-thread-1] INFO  server.RaftServerConfigKeys (ConfUtils.java:logGet(43)) - raft.server.log.force.sync.num = 128 (default)
2019-10-02 23:09:26,950 [pool-338-thread-1] INFO  server.RaftServerConfigKeys (ConfUtils.java:logGet(43)) - raft.server.log.queue.byte-limit = 2147483647 (custom)
2019-10-02 23:09:26,951 [pool-348-thread-1] INFO  server.RaftServerConfigKeys (ConfUtils.java:logGet(43)) - raft.server.log.statemachine.data.sync = true (default)
2019-10-02 23:09:26,951 [pool-328-thread-1] INFO  server.RaftServerConfigKeys (ConfUtils.java:logGet(43)) - raft.server.log.segment.size.max = 1048576 (custom)
2019-10-02 23:09:26,951 [pool-348-thread-1] INFO  server.RaftServerConfigKeys (ConfUtils.java:logGet(43)) - raft.server.log.statemachine.data.sync.timeout = 10s (default)
2019-10-02 23:09:26,951 [pool-338-thread-1] INFO  server.RaftServerConfigKeys (ConfUtils.java:logGet(43)) - raft.server.log.queue.element-limit = 1024 (custom)
2019-10-02 23:09:26,951 [pool-348-thread-1] INFO  server.RaftServerConfigKeys (ConfUtils.java:logGet(43)) - raft.server.log.statemachine.data.sync.timeout.retry = -1 (default)
2019-10-02 23:09:26,951 [pool-328-thread-1] INFO  server.RaftServerConfigKeys (ConfUtils.java:logGet(43)) - raft.server.log.preallocated.size = 16384 (custom)
2019-10-02 23:09:26,951 [pool-348-thread-1] INFO  server.RaftServerConfigKeys (ConfUtils.java:logGet(43)) - raft.server.log.statemachine.data.caching.enabled = true (custom)
2019-10-02 23:09:26,951 [pool-338-thread-1] INFO  server.RaftServerConfigKeys (ConfUtils.java:logGet(43)) - raft.server.log.segment.size.max = 1048576 (custom)
2019-10-02 23:09:26,951 [pool-328-thread-1] INFO  server.RaftServerConfigKeys (ConfUtils.java:logGet(43)) - raft.server.log.write.buffer.size = 33554432 (custom)
2019-10-02 23:09:26,952 [pool-338-thread-1] INFO  server.RaftServerConfigKeys (ConfUtils.java:logGet(43)) - raft.server.log.preallocated.size = 16384 (custom)
2019-10-02 23:09:26,952 [pool-328-thread-1] INFO  server.RaftServerConfigKeys (ConfUtils.java:logGet(43)) - raft.server.log.force.sync.num = 128 (default)
2019-10-02 23:09:26,952 [pool-348-thread-1] INFO  segmented.SegmentedRaftLogWorker (SegmentedRaftLogWorker.java:lambda$new$0(128)) - 97a6056f-0558-4808-8843-16f64064d5d6@group-EC5EE570AE48-SegmentedRaftLogWorker: flushIndex: setUnconditionally 0 -> -1
2019-10-02 23:09:26,952 [pool-328-thread-1] INFO  server.RaftServerConfigKeys (ConfUtils.java:logGet(43)) - raft.server.log.statemachine.data.sync = true (default)
2019-10-02 23:09:26,952 [pool-338-thread-1] INFO  server.RaftServerConfigKeys (ConfUtils.java:logGet(43)) - raft.server.log.write.buffer.size = 33554432 (custom)
2019-10-02 23:09:26,952 [pool-328-thread-1] INFO  server.RaftServerConfigKeys (ConfUtils.java:logGet(43)) - raft.server.log.statemachine.data.sync.timeout = 10s (default)
2019-10-02 23:09:26,952 [pool-348-thread-1] INFO  server.RaftServerConfigKeys (ConfUtils.java:logGet(43)) - raft.server.snapshot.auto.trigger.enabled = true (custom)
2019-10-02 23:09:26,952 [pool-328-thread-1] INFO  server.RaftServerConfigKeys (ConfUtils.java:logGet(43)) - raft.server.log.statemachine.data.sync.timeout.retry = -1 (default)
2019-10-02 23:09:26,952 [pool-338-thread-1] INFO  server.RaftServerConfigKeys (ConfUtils.java:logGet(43)) - raft.server.log.force.sync.num = 128 (default)
2019-10-02 23:09:26,952 [pool-348-thread-1] INFO  server.RaftServerConfigKeys (ConfUtils.java:logGet(43)) - raft.server.snapshot.auto.trigger.threshold = 10000 (custom)
2019-10-02 23:09:26,953 [pool-338-thread-1] INFO  server.RaftServerConfigKeys (ConfUtils.java:logGet(43)) - raft.server.log.statemachine.data.sync = true (default)
2019-10-02 23:09:26,953 [pool-328-thread-1] INFO  server.RaftServerConfigKeys (ConfUtils.java:logGet(43)) - raft.server.log.statemachine.data.caching.enabled = true (custom)
2019-10-02 23:09:26,953 [pool-338-thread-1] INFO  server.RaftServerConfigKeys (ConfUtils.java:logGet(43)) - raft.server.log.statemachine.data.sync.timeout = 10s (default)
2019-10-02 23:09:26,953 [pool-338-thread-1] INFO  server.RaftServerConfigKeys (ConfUtils.java:logGet(43)) - raft.server.log.statemachine.data.sync.timeout.retry = -1 (default)
2019-10-02 23:09:26,953 [pool-348-thread-1] INFO  server.RaftServerConfigKeys (ConfUtils.java:logGet(43)) - raft.server.snapshot.retention.file.num = 5 (custom)
2019-10-02 23:09:26,953 [pool-338-thread-1] INFO  server.RaftServerConfigKeys (ConfUtils.java:logGet(43)) - raft.server.log.statemachine.data.caching.enabled = true (custom)
2019-10-02 23:09:26,953 [pool-328-thread-1] INFO  segmented.SegmentedRaftLogWorker (SegmentedRaftLogWorker.java:lambda$new$0(128)) - ab4cfbc2-b250-4924-b53e-3f09d0af461b@group-EC5EE570AE48-SegmentedRaftLogWorker: flushIndex: setUnconditionally 0 -> -1
2019-10-02 23:09:26,953 [pool-348-thread-1] INFO  server.RaftServerConfigKeys (ConfUtils.java:logGet(43)) - raft.server.retrycache.expirytime = 600000ms (custom)
2019-10-02 23:09:26,953 [pool-338-thread-1] INFO  segmented.SegmentedRaftLogWorker (SegmentedRaftLogWorker.java:lambda$new$0(128)) - 642304c3-fdfb-43fe-91e3-2a44f3a103e1@group-EC5EE570AE48-SegmentedRaftLogWorker: flushIndex: setUnconditionally 0 -> -1
2019-10-02 23:09:26,954 [pool-328-thread-1] INFO  server.RaftServerConfigKeys (ConfUtils.java:logGet(43)) - raft.server.snapshot.auto.trigger.enabled = true (custom)
2019-10-02 23:09:26,954 [pool-338-thread-1] INFO  server.RaftServerConfigKeys (ConfUtils.java:logGet(43)) - raft.server.snapshot.auto.trigger.enabled = true (custom)
2019-10-02 23:09:26,954 [pool-328-thread-1] INFO  server.RaftServerConfigKeys (ConfUtils.java:logGet(43)) - raft.server.snapshot.auto.trigger.threshold = 10000 (custom)
2019-10-02 23:09:26,954 [pool-338-thread-1] INFO  server.RaftServerConfigKeys (ConfUtils.java:logGet(43)) - raft.server.snapshot.auto.trigger.threshold = 10000 (custom)
2019-10-02 23:09:26,954 [pool-328-thread-1] INFO  server.RaftServerConfigKeys (ConfUtils.java:logGet(43)) - raft.server.snapshot.retention.file.num = 5 (custom)
2019-10-02 23:09:26,954 [pool-338-thread-1] INFO  server.RaftServerConfigKeys (ConfUtils.java:logGet(43)) - raft.server.snapshot.retention.file.num = 5 (custom)
2019-10-02 23:09:26,954 [pool-328-thread-1] INFO  server.RaftServerConfigKeys (ConfUtils.java:logGet(43)) - raft.server.retrycache.expirytime = 600000ms (custom)
2019-10-02 23:09:26,954 [pool-338-thread-1] INFO  server.RaftServerConfigKeys (ConfUtils.java:logGet(43)) - raft.server.retrycache.expirytime = 600000ms (custom)
2019-10-02 23:09:26,955 [pool-348-thread-1] INFO  impl.RaftServerImpl (RaftServerImpl.java:start(181)) - 97a6056f-0558-4808-8843-16f64064d5d6@group-EC5EE570AE48: start as a follower, conf=-1: [ab4cfbc2-b250-4924-b53e-3f09d0af461b:192.168.30.30:42255, 97a6056f-0558-4808-8843-16f64064d5d6:192.168.30.30:41245, 642304c3-fdfb-43fe-91e3-2a44f3a103e1:192.168.30.30:37948], old=null
2019-10-02 23:09:26,955 [pool-348-thread-1] INFO  impl.RaftServerImpl (RaftServerImpl.java:setRole(170)) - 97a6056f-0558-4808-8843-16f64064d5d6@group-EC5EE570AE48: changes role from      null to FOLLOWER at term 0 for startAsFollower
2019-10-02 23:09:26,955 [pool-348-thread-1] INFO  impl.RoleInfo (RoleInfo.java:updateAndGet(143)) - 97a6056f-0558-4808-8843-16f64064d5d6: start FollowerState
2019-10-02 23:09:26,955 [pool-348-thread-1] INFO  util.JmxRegister (JmxRegister.java:tryRegister(44)) - Successfully registered JMX Bean with object name Ratis:service=RaftServer,group=group-EC5EE570AE48,id=97a6056f-0558-4808-8843-16f64064d5d6
2019-10-02 23:09:26,957 [pool-328-thread-1] INFO  impl.RaftServerImpl (RaftServerImpl.java:start(181)) - ab4cfbc2-b250-4924-b53e-3f09d0af461b@group-EC5EE570AE48: start as a follower, conf=-1: [ab4cfbc2-b250-4924-b53e-3f09d0af461b:192.168.30.30:42255, 97a6056f-0558-4808-8843-16f64064d5d6:192.168.30.30:41245, 642304c3-fdfb-43fe-91e3-2a44f3a103e1:192.168.30.30:37948], old=null
2019-10-02 23:09:26,957 [pool-328-thread-1] INFO  impl.RaftServerImpl (RaftServerImpl.java:setRole(170)) - ab4cfbc2-b250-4924-b53e-3f09d0af461b@group-EC5EE570AE48: changes role from      null to FOLLOWER at term 0 for startAsFollower
2019-10-02 23:09:26,958 [pool-338-thread-1] INFO  impl.RaftServerImpl (RaftServerImpl.java:start(181)) - 642304c3-fdfb-43fe-91e3-2a44f3a103e1@group-EC5EE570AE48: start as a follower, conf=-1: [ab4cfbc2-b250-4924-b53e-3f09d0af461b:192.168.30.30:42255, 97a6056f-0558-4808-8843-16f64064d5d6:192.168.30.30:41245, 642304c3-fdfb-43fe-91e3-2a44f3a103e1:192.168.30.30:37948], old=null
2019-10-02 23:09:26,958 [pool-328-thread-1] INFO  impl.RoleInfo (RoleInfo.java:updateAndGet(143)) - ab4cfbc2-b250-4924-b53e-3f09d0af461b: start FollowerState
2019-10-02 23:09:26,958 [pool-338-thread-1] INFO  impl.RaftServerImpl (RaftServerImpl.java:setRole(170)) - 642304c3-fdfb-43fe-91e3-2a44f3a103e1@group-EC5EE570AE48: changes role from      null to FOLLOWER at term 0 for startAsFollower
2019-10-02 23:09:26,958 [pool-338-thread-1] INFO  impl.RoleInfo (RoleInfo.java:updateAndGet(143)) - 642304c3-fdfb-43fe-91e3-2a44f3a103e1: start FollowerState
2019-10-02 23:09:26,958 [pool-328-thread-1] INFO  util.JmxRegister (JmxRegister.java:tryRegister(44)) - Successfully registered JMX Bean with object name Ratis:service=RaftServer,group=group-EC5EE570AE48,id=ab4cfbc2-b250-4924-b53e-3f09d0af461b
2019-10-02 23:09:26,958 [pool-338-thread-1] INFO  util.JmxRegister (JmxRegister.java:tryRegister(44)) - Successfully registered JMX Bean with object name Ratis:service=RaftServer,group=group-EC5EE570AE48,id=642304c3-fdfb-43fe-91e3-2a44f3a103e1
2019-10-02 23:09:26,963 [RatisPipelineUtilsThread] INFO  pipeline.PipelineStateManager (PipelineStateManager.java:addPipeline(56)) - Created pipeline Pipeline[ Id: ddad4b48-f804-4467-ab64-ec5ee570ae48, Nodes: 642304c3-fdfb-43fe-91e3-2a44f3a103e1{ip: 192.168.30.30, host: pr-hdds1737-lts7z-2510321508, networkLocation: /default-rack, certSerialId: null}ab4cfbc2-b250-4924-b53e-3f09d0af461b{ip: 192.168.30.30, host: pr-hdds1737-lts7z-2510321508, networkLocation: /default-rack, certSerialId: null}97a6056f-0558-4808-8843-16f64064d5d6{ip: 192.168.30.30, host: pr-hdds1737-lts7z-2510321508, networkLocation: /default-rack, certSerialId: null}, Type:RATIS, Factor:THREE, State:OPEN]
2019-10-02 23:09:27,741 [main] INFO  ozone.MiniOzoneClusterImpl (MiniOzoneClusterImpl.java:lambda$waitForClusterToBeReady$0(147)) - Cluster is ready. Got 3 of 3 DN Heartbeats.
2019-10-02 23:09:27,774 [main] INFO  rpc.RpcClient (RpcClient.java:createVolume(276)) - Creating Volume: ijwearjpng, with user56905 as owner.
2019-10-02 23:09:27,778 [IPC Server handler 2 on 40081] INFO  volume.OMVolumeCreateRequest (OMVolumeCreateRequest.java:validateAndUpdateCache(194)) - created volume:ijwearjpng for user:user56905
2019-10-02 23:09:27,794 [main] INFO  rpc.RpcClient (RpcClient.java:createBucket(415)) - Creating Bucket: ijwearjpng/ozbjonqatg, with Versioning false and Storage Type set to DISK and Encryption set to false 
23:09:27.838 [IPC Server handler 9 on 40081] ERROR OMAudit - user=jenkins1000 | ip=127.0.0.1 | op=CREATE_DIRECTORY {volume=ijwearjpng, bucket=ozbjonqatg, key=v0XEQ, dataSize=0, replicationType=RATIS, replicationFactor=ONE, keyLocationInfo=[]} | ret=FAILURE
org.apache.hadoop.ozone.om.exceptions.OMException: Volume not found ijwearjpng
	at org.apache.hadoop.ozone.om.request.file.OMDirectoryCreateRequest.validateAndUpdateCache(OMDirectoryCreateRequest.java:146) ~[hadoop-ozone-ozone-manager-0.5.0-SNAPSHOT.jar:?]
	at org.apache.hadoop.ozone.protocolPB.OzoneManagerProtocolServerSideTranslatorPB.submitRequestDirectlyToOM(OzoneManagerProtocolServerSideTranslatorPB.java:219) ~[hadoop-ozone-ozone-manager-0.5.0-SNAPSHOT.jar:?]
	at org.apache.hadoop.ozone.protocolPB.OzoneManagerProtocolServerSideTranslatorPB.processRequest(OzoneManagerProtocolServerSideTranslatorPB.java:134) ~[hadoop-ozone-ozone-manager-0.5.0-SNAPSHOT.jar:?]
	at org.apache.hadoop.hdds.server.OzoneProtocolMessageDispatcher.processRequest(OzoneProtocolMessageDispatcher.java:72) [hadoop-hdds-server-framework-0.5.0-SNAPSHOT.jar:?]
	at org.apache.hadoop.ozone.protocolPB.OzoneManagerProtocolServerSideTranslatorPB.submitRequest(OzoneManagerProtocolServerSideTranslatorPB.java:100) [hadoop-ozone-ozone-manager-0.5.0-SNAPSHOT.jar:?]
	at org.apache.hadoop.ozone.protocol.proto.OzoneManagerProtocolProtos$OzoneManagerService$2.callBlockingMethod(OzoneManagerProtocolProtos.java) [hadoop-ozone-common-0.5.0-SNAPSHOT.jar:?]
	at org.apache.hadoop.ipc.ProtobufRpcEngine$Server$ProtoBufRpcInvoker.call(ProtobufRpcEngine.java:524) [hadoop-common-3.2.0.jar:?]
	at org.apache.hadoop.ipc.RPC$Server.call(RPC.java:1025) [hadoop-common-3.2.0.jar:?]
	at org.apache.hadoop.ipc.Server$RpcCall.run(Server.java:876) [hadoop-common-3.2.0.jar:?]
	at org.apache.hadoop.ipc.Server$RpcCall.run(Server.java:822) [hadoop-common-3.2.0.jar:?]
	at java.security.AccessController.doPrivileged(Native Method) [?:1.8.0_212]
	at javax.security.auth.Subject.doAs(Subject.java:422) [?:1.8.0_212]
	at org.apache.hadoop.security.UserGroupInformation.doAs(UserGroupInformation.java:1730) [hadoop-common-3.2.0.jar:?]
	at org.apache.hadoop.ipc.Server$Handler.run(Server.java:2682) [hadoop-common-3.2.0.jar:?]
2019-10-02 23:09:27,839 [IPC Server handler 9 on 40081] ERROR file.OMDirectoryCreateRequest (OMDirectoryCreateRequest.java:validateAndUpdateCache(212)) - CreateDirectory failed for Key: v0XEQ in volume/bucket:ijwearjpng/ozbjonqatg
VOLUME_NOT_FOUND org.apache.hadoop.ozone.om.exceptions.OMException: Volume not found ijwearjpng
	at org.apache.hadoop.ozone.om.request.file.OMDirectoryCreateRequest.validateAndUpdateCache(OMDirectoryCreateRequest.java:146)
	at org.apache.hadoop.ozone.protocolPB.OzoneManagerProtocolServerSideTranslatorPB.submitRequestDirectlyToOM(OzoneManagerProtocolServerSideTranslatorPB.java:219)
	at org.apache.hadoop.ozone.protocolPB.OzoneManagerProtocolServerSideTranslatorPB.processRequest(OzoneManagerProtocolServerSideTranslatorPB.java:134)
	at org.apache.hadoop.hdds.server.OzoneProtocolMessageDispatcher.processRequest(OzoneProtocolMessageDispatcher.java:72)
	at org.apache.hadoop.ozone.protocolPB.OzoneManagerProtocolServerSideTranslatorPB.submitRequest(OzoneManagerProtocolServerSideTranslatorPB.java:100)
	at org.apache.hadoop.ozone.protocol.proto.OzoneManagerProtocolProtos$OzoneManagerService$2.callBlockingMethod(OzoneManagerProtocolProtos.java)
	at org.apache.hadoop.ipc.ProtobufRpcEngine$Server$ProtoBufRpcInvoker.call(ProtobufRpcEngine.java:524)
	at org.apache.hadoop.ipc.RPC$Server.call(RPC.java:1025)
	at org.apache.hadoop.ipc.Server$RpcCall.run(Server.java:876)
	at org.apache.hadoop.ipc.Server$RpcCall.run(Server.java:822)
	at java.security.AccessController.doPrivileged(Native Method)
	at javax.security.auth.Subject.doAs(Subject.java:422)
	at org.apache.hadoop.security.UserGroupInformation.doAs(UserGroupInformation.java:1730)
	at org.apache.hadoop.ipc.Server$Handler.run(Server.java:2682)
2019-10-02 23:09:27,840 [main] INFO  ozone.MiniOzoneClusterImpl (MiniOzoneClusterImpl.java:shutdown(314)) - Shutting down the Mini Ozone Cluster
2019-10-02 23:09:27,840 [main] INFO  ozone.MiniOzoneClusterImpl (MiniOzoneClusterImpl.java:stop(330)) - Stopping the Mini Ozone Cluster
2019-10-02 23:09:27,840 [main] INFO  ozone.MiniOzoneClusterImpl (MiniOzoneClusterImpl.java:stopOM(400)) - Stopping the OzoneManager
2019-10-02 23:09:27,840 [main] INFO  ipc.Server (Server.java:stop(3082)) - Stopping server on 40081
2019-10-02 23:09:27,843 [IPC Server listener on 40081] INFO  ipc.Server (Server.java:run(1185)) - Stopping IPC Server listener on 40081
2019-10-02 23:09:27,843 [IPC Server Responder] INFO  ipc.Server (Server.java:run(1319)) - Stopping IPC Server Responder
2019-10-02 23:09:27,843 [main] INFO  ratis.OzoneManagerDoubleBuffer (OzoneManagerDoubleBuffer.java:stop(248)) - Stopping OMDoubleBuffer flush thread
2019-10-02 23:09:27,845 [OMDoubleBufferFlushThread] INFO  ratis.OzoneManagerDoubleBuffer (OzoneManagerDoubleBuffer.java:flushTransactions(191)) - OMDoubleBuffer flush thread OMDoubleBufferFlushThread is interrupted and will exit. OMDoubleBufferFlushThread
2019-10-02 23:09:27,845 [main] INFO  utils.BackgroundService (BackgroundService.java:shutdown(148)) - Shutting down service KeyDeletingService
2019-10-02 23:09:27,846 [main] INFO  handler.ContextHandler (ContextHandler.java:doStop(910)) - Stopped o.e.j.w.WebAppContext@589fb74d{/,null,UNAVAILABLE}{/ozoneManager}
2019-10-02 23:09:27,847 [main] INFO  server.AbstractConnector (AbstractConnector.java:doStop(318)) - Stopped ServerConnector@200d1a3d{HTTP/1.1,[http/1.1]}{0.0.0.0:0}
2019-10-02 23:09:27,847 [main] INFO  handler.ContextHandler (ContextHandler.java:doStop(910)) - Stopped o.e.j.s.ServletContextHandler@74c121d4{/static,jar:file:/home/user/.m2/repository/org/apache/hadoop/hadoop-ozone-ozone-manager/0.5.0-SNAPSHOT/hadoop-ozone-ozone-manager-0.5.0-SNAPSHOT.jar!/webapps/static,UNAVAILABLE}
2019-10-02 23:09:27,847 [main] INFO  handler.ContextHandler (ContextHandler.java:doStop(910)) - Stopped o.e.j.s.ServletContextHandler@5c82031b{/logs,file:///workdir/hadoop-ozone/ozonefs/target/log,UNAVAILABLE}
2019-10-02 23:09:27,849 [main] INFO  ozone.MiniOzoneClusterImpl (MiniOzoneClusterImpl.java:stopDatanodes(377)) - Stopping the HddsDatanodes
2019-10-02 23:09:28,600 [Datanode State Machine Thread - 0] INFO  statemachine.DatanodeStateMachine (DatanodeStateMachine.java:lambda$startDaemon$0(350)) - Ozone container server started.
2019-10-02 23:09:28,670 [Datanode State Machine Thread - 0] INFO  statemachine.DatanodeStateMachine (DatanodeStateMachine.java:lambda$startDaemon$0(350)) - Ozone container server started.
2019-10-02 23:09:29,608 [Thread-1547] INFO  container.ReplicationManager (ReplicationManager.java:start(162)) - Starting Replication Monitor Thread.
2019-10-02 23:09:29,612 [ReplicationMonitor] INFO  container.ReplicationManager (ReplicationManager.java:run(225)) - Replication Monitor Thread took 0 milliseconds for processing 0 containers.
2019-10-02 23:09:31,894 [Thread-1549] INFO  impl.FollowerState (FollowerState.java:run(108)) - ab4cfbc2-b250-4924-b53e-3f09d0af461b@group-CAEDF24F0C96-FollowerState: change to CANDIDATE, lastRpcTime:5195ms, electionTimeout:5195ms
2019-10-02 23:09:31,894 [Thread-1549] INFO  impl.RoleInfo (RoleInfo.java:shutdownFollowerState(121)) - ab4cfbc2-b250-4924-b53e-3f09d0af461b: shutdown FollowerState
2019-10-02 23:09:31,894 [Thread-1549] INFO  impl.RaftServerImpl (RaftServerImpl.java:setRole(170)) - ab4cfbc2-b250-4924-b53e-3f09d0af461b@group-CAEDF24F0C96: changes role from  FOLLOWER to CANDIDATE at term 0 for changeToCandidate
2019-10-02 23:09:31,895 [Thread-1549] INFO  impl.RoleInfo (RoleInfo.java:updateAndGet(143)) - ab4cfbc2-b250-4924-b53e-3f09d0af461b: start LeaderElection
2019-10-02 23:09:31,903 [Thread-1552] INFO  impl.FollowerState (FollowerState.java:run(108)) - 642304c3-fdfb-43fe-91e3-2a44f3a103e1@group-41F1D7DC9709-FollowerState: change to CANDIDATE, lastRpcTime:5129ms, electionTimeout:5129ms
2019-10-02 23:09:31,904 [Thread-1552] INFO  impl.RoleInfo (RoleInfo.java:shutdownFollowerState(121)) - 642304c3-fdfb-43fe-91e3-2a44f3a103e1: shutdown FollowerState
2019-10-02 23:09:31,904 [Thread-1552] INFO  impl.RaftServerImpl (RaftServerImpl.java:setRole(170)) - 642304c3-fdfb-43fe-91e3-2a44f3a103e1@group-41F1D7DC9709: changes role from  FOLLOWER to CANDIDATE at term 0 for changeToCandidate
2019-10-02 23:09:31,904 [Thread-1552] INFO  impl.RoleInfo (RoleInfo.java:updateAndGet(143)) - 642304c3-fdfb-43fe-91e3-2a44f3a103e1: start LeaderElection
2019-10-02 23:09:31,939 [ab4cfbc2-b250-4924-b53e-3f09d0af461b@group-CAEDF24F0C96-LeaderElection35] INFO  impl.LeaderElection (LeaderElection.java:askForVotes(178)) - ab4cfbc2-b250-4924-b53e-3f09d0af461b@group-CAEDF24F0C96-LeaderElection35: begin an election at term 1 for -1: [ab4cfbc2-b250-4924-b53e-3f09d0af461b:192.168.30.30:42255], old=null
2019-10-02 23:09:31,939 [642304c3-fdfb-43fe-91e3-2a44f3a103e1@group-41F1D7DC9709-LeaderElection36] INFO  impl.LeaderElection (LeaderElection.java:askForVotes(178)) - 642304c3-fdfb-43fe-91e3-2a44f3a103e1@group-41F1D7DC9709-LeaderElection36: begin an election at term 1 for -1: [642304c3-fdfb-43fe-91e3-2a44f3a103e1:192.168.30.30:37948], old=null
2019-10-02 23:09:31,940 [ab4cfbc2-b250-4924-b53e-3f09d0af461b@group-CAEDF24F0C96-LeaderElection35] INFO  impl.RoleInfo (RoleInfo.java:shutdownLeaderElection(134)) - ab4cfbc2-b250-4924-b53e-3f09d0af461b: shutdown LeaderElection
2019-10-02 23:09:31,940 [642304c3-fdfb-43fe-91e3-2a44f3a103e1@group-41F1D7DC9709-LeaderElection36] INFO  impl.RoleInfo (RoleInfo.java:shutdownLeaderElection(134)) - 642304c3-fdfb-43fe-91e3-2a44f3a103e1: shutdown LeaderElection
2019-10-02 23:09:31,940 [ab4cfbc2-b250-4924-b53e-3f09d0af461b@group-CAEDF24F0C96-LeaderElection35] INFO  impl.RaftServerImpl (RaftServerImpl.java:setRole(170)) - ab4cfbc2-b250-4924-b53e-3f09d0af461b@group-CAEDF24F0C96: changes role from CANDIDATE to LEADER at term 1 for changeToLeader
2019-10-02 23:09:31,940 [642304c3-fdfb-43fe-91e3-2a44f3a103e1@group-41F1D7DC9709-LeaderElection36] INFO  impl.RaftServerImpl (RaftServerImpl.java:setRole(170)) - 642304c3-fdfb-43fe-91e3-2a44f3a103e1@group-41F1D7DC9709: changes role from CANDIDATE to LEADER at term 1 for changeToLeader
2019-10-02 23:09:31,940 [ab4cfbc2-b250-4924-b53e-3f09d0af461b@group-CAEDF24F0C96-LeaderElection35] INFO  impl.RaftServerImpl (ServerState.java:setLeader(255)) - ab4cfbc2-b250-4924-b53e-3f09d0af461b@group-CAEDF24F0C96: change Leader from null to ab4cfbc2-b250-4924-b53e-3f09d0af461b at term 1 for becomeLeader, leader elected after 5250ms
2019-10-02 23:09:31,940 [642304c3-fdfb-43fe-91e3-2a44f3a103e1@group-41F1D7DC9709-LeaderElection36] INFO  impl.RaftServerImpl (ServerState.java:setLeader(255)) - 642304c3-fdfb-43fe-91e3-2a44f3a103e1@group-41F1D7DC9709: change Leader from null to 642304c3-fdfb-43fe-91e3-2a44f3a103e1 at term 1 for becomeLeader, leader elected after 5174ms
2019-10-02 23:09:31,940 [ab4cfbc2-b250-4924-b53e-3f09d0af461b@group-CAEDF24F0C96-LeaderElection35] INFO  server.RaftServerConfigKeys (ConfUtils.java:logGet(43)) - raft.server.staging.catchup.gap = 1000 (default)
2019-10-02 23:09:31,940 [642304c3-fdfb-43fe-91e3-2a44f3a103e1@group-41F1D7DC9709-LeaderElection36] INFO  server.RaftServerConfigKeys (ConfUtils.java:logGet(43)) - raft.server.staging.catchup.gap = 1000 (default)
2019-10-02 23:09:31,941 [ab4cfbc2-b250-4924-b53e-3f09d0af461b@group-CAEDF24F0C96-LeaderElection35] INFO  server.RaftServerConfigKeys (ConfUtils.java:logGet(43)) - raft.server.rpc.sleep.time = 25ms (default)
2019-10-02 23:09:31,941 [642304c3-fdfb-43fe-91e3-2a44f3a103e1@group-41F1D7DC9709-LeaderElection36] INFO  server.RaftServerConfigKeys (ConfUtils.java:logGet(43)) - raft.server.rpc.sleep.time = 25ms (default)
2019-10-02 23:09:31,941 [ab4cfbc2-b250-4924-b53e-3f09d0af461b@group-CAEDF24F0C96-LeaderElection35] INFO  server.RaftServerConfigKeys (ConfUtils.java:logGet(43)) - raft.server.write.element-limit = 4096 (default)
2019-10-02 23:09:31,941 [642304c3-fdfb-43fe-91e3-2a44f3a103e1@group-41F1D7DC9709-LeaderElection36] INFO  server.RaftServerConfigKeys (ConfUtils.java:logGet(43)) - raft.server.write.element-limit = 4096 (default)
2019-10-02 23:09:31,941 [ab4cfbc2-b250-4924-b53e-3f09d0af461b@group-CAEDF24F0C96-LeaderElection35] INFO  server.RaftServerConfigKeys (ConfUtils.java:logGet(43)) - raft.server.watch.timeout = 10s (default)
2019-10-02 23:09:31,941 [642304c3-fdfb-43fe-91e3-2a44f3a103e1@group-41F1D7DC9709-LeaderElection36] INFO  server.RaftServerConfigKeys (ConfUtils.java:logGet(43)) - raft.server.watch.timeout = 10s (default)
2019-10-02 23:09:31,941 [ab4cfbc2-b250-4924-b53e-3f09d0af461b@group-CAEDF24F0C96-LeaderElection35] INFO  server.RaftServerConfigKeys (ConfUtils.java:logGet(43)) - raft.server.watch.timeout.denomination = 1s (default)
2019-10-02 23:09:31,941 [642304c3-fdfb-43fe-91e3-2a44f3a103e1@group-41F1D7DC9709-LeaderElection36] INFO  server.RaftServerConfigKeys (ConfUtils.java:logGet(43)) - raft.server.watch.timeout.denomination = 1s (default)
2019-10-02 23:09:31,942 [ab4cfbc2-b250-4924-b53e-3f09d0af461b@group-CAEDF24F0C96-LeaderElection35] INFO  server.RaftServerConfigKeys (ConfUtils.java:logGet(43)) - raft.server.watch.element-limit = 65536 (default)
2019-10-02 23:09:31,942 [642304c3-fdfb-43fe-91e3-2a44f3a103e1@group-41F1D7DC9709-LeaderElection36] INFO  server.RaftServerConfigKeys (ConfUtils.java:logGet(43)) - raft.server.watch.element-limit = 65536 (default)
2019-10-02 23:09:31,945 [642304c3-fdfb-43fe-91e3-2a44f3a103e1@group-41F1D7DC9709-LeaderElection36] INFO  impl.RoleInfo (RoleInfo.java:updateAndGet(143)) - 642304c3-fdfb-43fe-91e3-2a44f3a103e1: start LeaderState
2019-10-02 23:09:31,945 [ab4cfbc2-b250-4924-b53e-3f09d0af461b@group-CAEDF24F0C96-LeaderElection35] INFO  impl.RoleInfo (RoleInfo.java:updateAndGet(143)) - ab4cfbc2-b250-4924-b53e-3f09d0af461b: start LeaderState
2019-10-02 23:09:31,945 [642304c3-fdfb-43fe-91e3-2a44f3a103e1@group-41F1D7DC9709-LeaderElection36] INFO  segmented.SegmentedRaftLogWorker (SegmentedRaftLogWorker.java:startLogSegment(385)) - 642304c3-fdfb-43fe-91e3-2a44f3a103e1@group-41F1D7DC9709-SegmentedRaftLogWorker: Starting segment from index:0
2019-10-02 23:09:31,946 [ab4cfbc2-b250-4924-b53e-3f09d0af461b@group-CAEDF24F0C96-LeaderElection35] INFO  segmented.SegmentedRaftLogWorker (SegmentedRaftLogWorker.java:startLogSegment(385)) - ab4cfbc2-b250-4924-b53e-3f09d0af461b@group-CAEDF24F0C96-SegmentedRaftLogWorker: Starting segment from index:0
2019-10-02 23:09:31,946 [642304c3-fdfb-43fe-91e3-2a44f3a103e1@group-41F1D7DC9709-LeaderElection36] INFO  impl.RaftServerImpl (ServerState.java:setRaftConf(356)) - 642304c3-fdfb-43fe-91e3-2a44f3a103e1@group-41F1D7DC9709: set configuration 0: [642304c3-fdfb-43fe-91e3-2a44f3a103e1:192.168.30.30:37948], old=null at 0
2019-10-02 23:09:31,946 [ab4cfbc2-b250-4924-b53e-3f09d0af461b@group-CAEDF24F0C96-LeaderElection35] INFO  impl.RaftServerImpl (ServerState.java:setRaftConf(356)) - ab4cfbc2-b250-4924-b53e-3f09d0af461b@group-CAEDF24F0C96: set configuration 0: [ab4cfbc2-b250-4924-b53e-3f09d0af461b:192.168.30.30:42255], old=null at 0
2019-10-02 23:09:31,964 [Thread-1562] INFO  impl.FollowerState (FollowerState.java:run(108)) - 642304c3-fdfb-43fe-91e3-2a44f3a103e1@group-EC5EE570AE48-FollowerState: change to CANDIDATE, lastRpcTime:5006ms, electionTimeout:5006ms
2019-10-02 23:09:31,965 [Thread-1562] INFO  impl.RoleInfo (RoleInfo.java:shutdownFollowerState(121)) - 642304c3-fdfb-43fe-91e3-2a44f3a103e1: shutdown FollowerState
2019-10-02 23:09:31,965 [Thread-1562] INFO  impl.RaftServerImpl (RaftServerImpl.java:setRole(170)) - 642304c3-fdfb-43fe-91e3-2a44f3a103e1@group-EC5EE570AE48: changes role from  FOLLOWER to CANDIDATE at term 0 for changeToCandidate
2019-10-02 23:09:31,965 [Thread-1562] INFO  impl.RoleInfo (RoleInfo.java:updateAndGet(143)) - 642304c3-fdfb-43fe-91e3-2a44f3a103e1: start LeaderElection
2019-10-02 23:09:31,995 [Thread-1555] INFO  impl.FollowerState (FollowerState.java:run(108)) - 97a6056f-0558-4808-8843-16f64064d5d6@group-D3CDB64A2318-FollowerState: change to CANDIDATE, lastRpcTime:5141ms, electionTimeout:5141ms
2019-10-02 23:09:31,995 [Thread-1555] INFO  impl.RoleInfo (RoleInfo.java:shutdownFollowerState(121)) - 97a6056f-0558-4808-8843-16f64064d5d6: shutdown FollowerState
2019-10-02 23:09:31,995 [Thread-1555] INFO  impl.RaftServerImpl (RaftServerImpl.java:setRole(170)) - 97a6056f-0558-4808-8843-16f64064d5d6@group-D3CDB64A2318: changes role from  FOLLOWER to CANDIDATE at term 0 for changeToCandidate
2019-10-02 23:09:31,995 [Thread-1555] INFO  impl.RoleInfo (RoleInfo.java:updateAndGet(143)) - 97a6056f-0558-4808-8843-16f64064d5d6: start LeaderElection
2019-10-02 23:09:32,019 [Thread-1560] INFO  impl.FollowerState (FollowerState.java:run(108)) - 97a6056f-0558-4808-8843-16f64064d5d6@group-EC5EE570AE48-FollowerState: change to CANDIDATE, lastRpcTime:5064ms, electionTimeout:5064ms
2019-10-02 23:09:32,020 [Thread-1560] INFO  impl.RoleInfo (RoleInfo.java:shutdownFollowerState(121)) - 97a6056f-0558-4808-8843-16f64064d5d6: shutdown FollowerState
2019-10-02 23:09:32,020 [Thread-1560] INFO  impl.RaftServerImpl (RaftServerImpl.java:setRole(170)) - 97a6056f-0558-4808-8843-16f64064d5d6@group-EC5EE570AE48: changes role from  FOLLOWER to CANDIDATE at term 0 for changeToCandidate
2019-10-02 23:09:32,020 [Thread-1560] INFO  impl.RoleInfo (RoleInfo.java:updateAndGet(143)) - 97a6056f-0558-4808-8843-16f64064d5d6: start LeaderElection
2019-10-02 23:09:32,052 [Thread-1561] INFO  impl.FollowerState (FollowerState.java:run(108)) - ab4cfbc2-b250-4924-b53e-3f09d0af461b@group-EC5EE570AE48-FollowerState: change to CANDIDATE, lastRpcTime:5094ms, electionTimeout:5094ms
2019-10-02 23:09:32,052 [Thread-1561] INFO  impl.RoleInfo (RoleInfo.java:shutdownFollowerState(121)) - ab4cfbc2-b250-4924-b53e-3f09d0af461b: shutdown FollowerState
2019-10-02 23:09:32,052 [Thread-1561] INFO  impl.RaftServerImpl (RaftServerImpl.java:setRole(170)) - ab4cfbc2-b250-4924-b53e-3f09d0af461b@group-EC5EE570AE48: changes role from  FOLLOWER to CANDIDATE at term 0 for changeToCandidate
2019-10-02 23:09:32,052 [Thread-1561] INFO  impl.RoleInfo (RoleInfo.java:updateAndGet(143)) - ab4cfbc2-b250-4924-b53e-3f09d0af461b: start LeaderElection
2019-10-02 23:09:32,059 [ab4cfbc2-b250-4924-b53e-3f09d0af461b@group-CAEDF24F0C96-SegmentedRaftLogWorker] INFO  segmented.SegmentedRaftLogWorker (SegmentedRaftLogWorker.java:execute(574)) - ab4cfbc2-b250-4924-b53e-3f09d0af461b@group-CAEDF24F0C96-SegmentedRaftLogWorker: created new log segment /workdir/hadoop-ozone/ozonefs/target/test-dir/MiniOzoneClusterImpl-20bf308f-88d0-472f-a51e-1d14548a68f6/datanode-0/data/ratis/327ca8c1-88f1-4558-9b40-caedf24f0c96/current/log_inprogress_0
2019-10-02 23:09:32,059 [642304c3-fdfb-43fe-91e3-2a44f3a103e1@group-41F1D7DC9709-SegmentedRaftLogWorker] INFO  segmented.SegmentedRaftLogWorker (SegmentedRaftLogWorker.java:execute(574)) - 642304c3-fdfb-43fe-91e3-2a44f3a103e1@group-41F1D7DC9709-SegmentedRaftLogWorker: created new log segment /workdir/hadoop-ozone/ozonefs/target/test-dir/MiniOzoneClusterImpl-20bf308f-88d0-472f-a51e-1d14548a68f6/datanode-1/data/ratis/da61c7e9-6515-4004-90da-41f1d7dc9709/current/log_inprogress_0
2019-10-02 23:09:32,060 [97a6056f-0558-4808-8843-16f64064d5d6@group-D3CDB64A2318-LeaderElection38] INFO  impl.LeaderElection (LeaderElection.java:askForVotes(178)) - 97a6056f-0558-4808-8843-16f64064d5d6@group-D3CDB64A2318-LeaderElection38: begin an election at term 1 for -1: [97a6056f-0558-4808-8843-16f64064d5d6:192.168.30.30:41245], old=null
2019-10-02 23:09:32,060 [642304c3-fdfb-43fe-91e3-2a44f3a103e1@group-EC5EE570AE48-LeaderElection37] INFO  impl.LeaderElection (LeaderElection.java:askForVotes(178)) - 642304c3-fdfb-43fe-91e3-2a44f3a103e1@group-EC5EE570AE48-LeaderElection37: begin an election at term 1 for -1: [ab4cfbc2-b250-4924-b53e-3f09d0af461b:192.168.30.30:42255, 97a6056f-0558-4808-8843-16f64064d5d6:192.168.30.30:41245, 642304c3-fdfb-43fe-91e3-2a44f3a103e1:192.168.30.30:37948], old=null
2019-10-02 23:09:32,060 [97a6056f-0558-4808-8843-16f64064d5d6@group-D3CDB64A2318-LeaderElection38] INFO  impl.RoleInfo (RoleInfo.java:shutdownLeaderElection(134)) - 97a6056f-0558-4808-8843-16f64064d5d6: shutdown LeaderElection
2019-10-02 23:09:32,060 [97a6056f-0558-4808-8843-16f64064d5d6@group-D3CDB64A2318-LeaderElection38] INFO  impl.RaftServerImpl (RaftServerImpl.java:setRole(170)) - 97a6056f-0558-4808-8843-16f64064d5d6@group-D3CDB64A2318: changes role from CANDIDATE to LEADER at term 1 for changeToLeader
2019-10-02 23:09:32,060 [97a6056f-0558-4808-8843-16f64064d5d6@group-D3CDB64A2318-LeaderElection38] INFO  impl.RaftServerImpl (ServerState.java:setLeader(255)) - 97a6056f-0558-4808-8843-16f64064d5d6@group-D3CDB64A2318: change Leader from null to 97a6056f-0558-4808-8843-16f64064d5d6 at term 1 for becomeLeader, leader elected after 5217ms
2019-10-02 23:09:32,061 [97a6056f-0558-4808-8843-16f64064d5d6@group-D3CDB64A2318-LeaderElection38] INFO  server.RaftServerConfigKeys (ConfUtils.java:logGet(43)) - raft.server.staging.catchup.gap = 1000 (default)
2019-10-02 23:09:32,061 [97a6056f-0558-4808-8843-16f64064d5d6@group-D3CDB64A2318-LeaderElection38] INFO  server.RaftServerConfigKeys (ConfUtils.java:logGet(43)) - raft.server.rpc.sleep.time = 25ms (default)
2019-10-02 23:09:32,061 [97a6056f-0558-4808-8843-16f64064d5d6@group-D3CDB64A2318-LeaderElection38] INFO  server.RaftServerConfigKeys (ConfUtils.java:logGet(43)) - raft.server.write.element-limit = 4096 (default)
2019-10-02 23:09:32,061 [97a6056f-0558-4808-8843-16f64064d5d6@group-D3CDB64A2318-LeaderElection38] INFO  server.RaftServerConfigKeys (ConfUtils.java:logGet(43)) - raft.server.watch.timeout = 10s (default)
2019-10-02 23:09:32,061 [97a6056f-0558-4808-8843-16f64064d5d6@group-D3CDB64A2318-LeaderElection38] INFO  server.RaftServerConfigKeys (ConfUtils.java:logGet(43)) - raft.server.watch.timeout.denomination = 1s (default)
2019-10-02 23:09:32,062 [97a6056f-0558-4808-8843-16f64064d5d6@group-D3CDB64A2318-LeaderElection38] INFO  server.RaftServerConfigKeys (ConfUtils.java:logGet(43)) - raft.server.watch.element-limit = 65536 (default)
2019-10-02 23:09:32,065 [97a6056f-0558-4808-8843-16f64064d5d6@group-D3CDB64A2318-LeaderElection38] INFO  impl.RoleInfo (RoleInfo.java:updateAndGet(143)) - 97a6056f-0558-4808-8843-16f64064d5d6: start LeaderState
2019-10-02 23:09:32,065 [97a6056f-0558-4808-8843-16f64064d5d6@group-D3CDB64A2318-LeaderElection38] INFO  segmented.SegmentedRaftLogWorker (SegmentedRaftLogWorker.java:startLogSegment(385)) - 97a6056f-0558-4808-8843-16f64064d5d6@group-D3CDB64A2318-SegmentedRaftLogWorker: Starting segment from index:0
2019-10-02 23:09:32,066 [97a6056f-0558-4808-8843-16f64064d5d6@group-D3CDB64A2318-LeaderElection38] INFO  impl.RaftServerImpl (ServerState.java:setRaftConf(356)) - 97a6056f-0558-4808-8843-16f64064d5d6@group-D3CDB64A2318: set configuration 0: [97a6056f-0558-4808-8843-16f64064d5d6:192.168.30.30:41245], old=null at 0
2019-10-02 23:09:32,079 [97a6056f-0558-4808-8843-16f64064d5d6@group-EC5EE570AE48-LeaderElection39] INFO  impl.LeaderElection (LeaderElection.java:askForVotes(178)) - 97a6056f-0558-4808-8843-16f64064d5d6@group-EC5EE570AE48-LeaderElection39: begin an election at term 1 for -1: [ab4cfbc2-b250-4924-b53e-3f09d0af461b:192.168.30.30:42255, 97a6056f-0558-4808-8843-16f64064d5d6:192.168.30.30:41245, 642304c3-fdfb-43fe-91e3-2a44f3a103e1:192.168.30.30:37948], old=null
2019-10-02 23:09:32,079 [ab4cfbc2-b250-4924-b53e-3f09d0af461b@group-EC5EE570AE48-LeaderElection40] INFO  impl.LeaderElection (LeaderElection.java:askForVotes(178)) - ab4cfbc2-b250-4924-b53e-3f09d0af461b@group-EC5EE570AE48-LeaderElection40: begin an election at term 1 for -1: [ab4cfbc2-b250-4924-b53e-3f09d0af461b:192.168.30.30:42255, 97a6056f-0558-4808-8843-16f64064d5d6:192.168.30.30:41245, 642304c3-fdfb-43fe-91e3-2a44f3a103e1:192.168.30.30:37948], old=null
2019-10-02 23:09:32,092 [642304c3-fdfb-43fe-91e3-2a44f3a103e1@group-EC5EE570AE48-LeaderElection37] INFO  impl.LeaderElection (LeaderElection.java:logAndReturn(56)) - 642304c3-fdfb-43fe-91e3-2a44f3a103e1@group-EC5EE570AE48-LeaderElection37: Election REJECTED; received 2 response(s) [642304c3-fdfb-43fe-91e3-2a44f3a103e1<-ab4cfbc2-b250-4924-b53e-3f09d0af461b#0:FAIL-t1, 642304c3-fdfb-43fe-91e3-2a44f3a103e1<-97a6056f-0558-4808-8843-16f64064d5d6#0:FAIL-t1] and 0 exception(s); 642304c3-fdfb-43fe-91e3-2a44f3a103e1@group-EC5EE570AE48:t1, leader=null, voted=642304c3-fdfb-43fe-91e3-2a44f3a103e1, raftlog=642304c3-fdfb-43fe-91e3-2a44f3a103e1@group-EC5EE570AE48-SegmentedRaftLog:OPENED:c-1,f-1,i0, conf=-1: [ab4cfbc2-b250-4924-b53e-3f09d0af461b:192.168.30.30:42255, 97a6056f-0558-4808-8843-16f64064d5d6:192.168.30.30:41245, 642304c3-fdfb-43fe-91e3-2a44f3a103e1:192.168.30.30:37948], old=null
2019-10-02 23:09:32,092 [642304c3-fdfb-43fe-91e3-2a44f3a103e1@group-EC5EE570AE48-LeaderElection37] INFO  impl.RaftServerImpl (RaftServerImpl.java:setRole(170)) - 642304c3-fdfb-43fe-91e3-2a44f3a103e1@group-EC5EE570AE48: changes role from CANDIDATE to FOLLOWER at term 1 for DISCOVERED_A_NEW_TERM
2019-10-02 23:09:32,092 [642304c3-fdfb-43fe-91e3-2a44f3a103e1@group-EC5EE570AE48-LeaderElection37] INFO  impl.RoleInfo (RoleInfo.java:shutdownLeaderElection(134)) - 642304c3-fdfb-43fe-91e3-2a44f3a103e1: shutdown LeaderElection
2019-10-02 23:09:32,092 [642304c3-fdfb-43fe-91e3-2a44f3a103e1@group-EC5EE570AE48-LeaderElection37] INFO  impl.RoleInfo (RoleInfo.java:updateAndGet(143)) - 642304c3-fdfb-43fe-91e3-2a44f3a103e1: start FollowerState
2019-10-02 23:09:32,096 [97a6056f-0558-4808-8843-16f64064d5d6@group-EC5EE570AE48-LeaderElection39] INFO  impl.LeaderElection (LeaderElection.java:logAndReturn(56)) - 97a6056f-0558-4808-8843-16f64064d5d6@group-EC5EE570AE48-LeaderElection39: Election REJECTED; received 2 response(s) [97a6056f-0558-4808-8843-16f64064d5d6<-ab4cfbc2-b250-4924-b53e-3f09d0af461b#0:FAIL-t1, 97a6056f-0558-4808-8843-16f64064d5d6<-642304c3-fdfb-43fe-91e3-2a44f3a103e1#0:FAIL-t1] and 0 exception(s); 97a6056f-0558-4808-8843-16f64064d5d6@group-EC5EE570AE48:t1, leader=null, voted=97a6056f-0558-4808-8843-16f64064d5d6, raftlog=97a6056f-0558-4808-8843-16f64064d5d6@group-EC5EE570AE48-SegmentedRaftLog:OPENED:c-1,f-1,i0, conf=-1: [ab4cfbc2-b250-4924-b53e-3f09d0af461b:192.168.30.30:42255, 97a6056f-0558-4808-8843-16f64064d5d6:192.168.30.30:41245, 642304c3-fdfb-43fe-91e3-2a44f3a103e1:192.168.30.30:37948], old=null
2019-10-02 23:09:32,097 [97a6056f-0558-4808-8843-16f64064d5d6@group-EC5EE570AE48-LeaderElection39] INFO  impl.RaftServerImpl (RaftServerImpl.java:setRole(170)) - 97a6056f-0558-4808-8843-16f64064d5d6@group-EC5EE570AE48: changes role from CANDIDATE to FOLLOWER at term 1 for DISCOVERED_A_NEW_TERM
2019-10-02 23:09:32,097 [97a6056f-0558-4808-8843-16f64064d5d6@group-EC5EE570AE48-LeaderElection39] INFO  impl.RoleInfo (RoleInfo.java:shutdownLeaderElection(134)) - 97a6056f-0558-4808-8843-16f64064d5d6: shutdown LeaderElection
2019-10-02 23:09:32,097 [97a6056f-0558-4808-8843-16f64064d5d6@group-EC5EE570AE48-LeaderElection39] INFO  impl.RoleInfo (RoleInfo.java:updateAndGet(143)) - 97a6056f-0558-4808-8843-16f64064d5d6: start FollowerState
2019-10-02 23:09:32,098 [ab4cfbc2-b250-4924-b53e-3f09d0af461b@group-EC5EE570AE48-LeaderElection40] INFO  impl.LeaderElection (LeaderElection.java:logAndReturn(56)) - ab4cfbc2-b250-4924-b53e-3f09d0af461b@group-EC5EE570AE48-LeaderElection40: Election REJECTED; received 2 response(s) [ab4cfbc2-b250-4924-b53e-3f09d0af461b<-97a6056f-0558-4808-8843-16f64064d5d6#0:FAIL-t1, ab4cfbc2-b250-4924-b53e-3f09d0af461b<-642304c3-fdfb-43fe-91e3-2a44f3a103e1#0:FAIL-t1] and 0 exception(s); ab4cfbc2-b250-4924-b53e-3f09d0af461b@group-EC5EE570AE48:t1, leader=null, voted=ab4cfbc2-b250-4924-b53e-3f09d0af461b, raftlog=ab4cfbc2-b250-4924-b53e-3f09d0af461b@group-EC5EE570AE48-SegmentedRaftLog:OPENED:c-1,f-1,i0, conf=-1: [ab4cfbc2-b250-4924-b53e-3f09d0af461b:192.168.30.30:42255, 97a6056f-0558-4808-8843-16f64064d5d6:192.168.30.30:41245, 642304c3-fdfb-43fe-91e3-2a44f3a103e1:192.168.30.30:37948], old=null
2019-10-02 23:09:32,099 [ab4cfbc2-b250-4924-b53e-3f09d0af461b@group-EC5EE570AE48-LeaderElection40] INFO  impl.RaftServerImpl (RaftServerImpl.java:setRole(170)) - ab4cfbc2-b250-4924-b53e-3f09d0af461b@group-EC5EE570AE48: changes role from CANDIDATE to FOLLOWER at term 1 for DISCOVERED_A_NEW_TERM
2019-10-02 23:09:32,099 [ab4cfbc2-b250-4924-b53e-3f09d0af461b@group-EC5EE570AE48-LeaderElection40] INFO  impl.RoleInfo (RoleInfo.java:shutdownLeaderElection(134)) - ab4cfbc2-b250-4924-b53e-3f09d0af461b: shutdown LeaderElection
2019-10-02 23:09:32,099 [ab4cfbc2-b250-4924-b53e-3f09d0af461b@group-EC5EE570AE48-LeaderElection40] INFO  impl.RoleInfo (RoleInfo.java:updateAndGet(143)) - ab4cfbc2-b250-4924-b53e-3f09d0af461b: start FollowerState
2019-10-02 23:09:32,114 [97a6056f-0558-4808-8843-16f64064d5d6@group-D3CDB64A2318-SegmentedRaftLogWorker] INFO  segmented.SegmentedRaftLogWorker (SegmentedRaftLogWorker.java:execute(574)) - 97a6056f-0558-4808-8843-16f64064d5d6@group-D3CDB64A2318-SegmentedRaftLogWorker: created new log segment /workdir/hadoop-ozone/ozonefs/target/test-dir/MiniOzoneClusterImpl-20bf308f-88d0-472f-a51e-1d14548a68f6/datanode-2/data/ratis/38579069-4432-4bf2-a777-d3cdb64a2318/current/log_inprogress_0
2019-10-02 23:09:32,849 [ForkJoinPool.commonPool-worker-1] INFO  ozoneimpl.OzoneContainer (OzoneContainer.java:stop(231)) - Attempting to stop container services.
2019-10-02 23:09:32,849 [main] INFO  ozoneimpl.OzoneContainer (OzoneContainer.java:stop(231)) - Attempting to stop container services.
2019-10-02 23:09:32,850 [ForkJoinPool.commonPool-worker-1] INFO  impl.RaftServerProxy (RaftServerProxy.java:lambda$close$4(314)) - ab4cfbc2-b250-4924-b53e-3f09d0af461b: close
2019-10-02 23:09:32,850 [main] INFO  impl.RaftServerProxy (RaftServerProxy.java:lambda$close$4(314)) - 642304c3-fdfb-43fe-91e3-2a44f3a103e1: close
2019-10-02 23:09:32,850 [ForkJoinPool.commonPool-worker-1] INFO  impl.RaftServerImpl (RaftServerImpl.java:lambda$shutdown$3(247)) - ab4cfbc2-b250-4924-b53e-3f09d0af461b@group-CAEDF24F0C96: shutdown
2019-10-02 23:09:32,850 [main] INFO  impl.RaftServerImpl (RaftServerImpl.java:lambda$shutdown$3(247)) - 642304c3-fdfb-43fe-91e3-2a44f3a103e1@group-EC5EE570AE48: shutdown
2019-10-02 23:09:32,851 [ForkJoinPool.commonPool-worker-1] INFO  util.JmxRegister (JmxRegister.java:unregister(73)) - Successfully un-registered JMX Bean with object name Ratis:service=RaftServer,group=group-CAEDF24F0C96,id=ab4cfbc2-b250-4924-b53e-3f09d0af461b
2019-10-02 23:09:32,851 [main] INFO  util.JmxRegister (JmxRegister.java:unregister(73)) - Successfully un-registered JMX Bean with object name Ratis:service=RaftServer,group=group-EC5EE570AE48,id=642304c3-fdfb-43fe-91e3-2a44f3a103e1
2019-10-02 23:09:32,851 [ForkJoinPool.commonPool-worker-1] INFO  impl.RoleInfo (RoleInfo.java:shutdownLeaderState(104)) - ab4cfbc2-b250-4924-b53e-3f09d0af461b: shutdown LeaderState
2019-10-02 23:09:32,852 [main] INFO  impl.RoleInfo (RoleInfo.java:shutdownFollowerState(121)) - 642304c3-fdfb-43fe-91e3-2a44f3a103e1: shutdown FollowerState
2019-10-02 23:09:32,852 [ForkJoinPool.commonPool-worker-1] INFO  impl.PendingRequests (PendingRequests.java:sendNotLeaderResponses(202)) - ab4cfbc2-b250-4924-b53e-3f09d0af461b@group-CAEDF24F0C96-PendingRequests: sendNotLeaderResponses
2019-10-02 23:09:32,853 [Thread-1585] INFO  impl.FollowerState (FollowerState.java:run(117)) - 642304c3-fdfb-43fe-91e3-2a44f3a103e1@group-EC5EE570AE48-FollowerState was interrupted: java.lang.InterruptedException: sleep interrupted
2019-10-02 23:09:32,852 [main] INFO  impl.StateMachineUpdater (StateMachineUpdater.java:stopAndJoin(136)) - 642304c3-fdfb-43fe-91e3-2a44f3a103e1@group-EC5EE570AE48-StateMachineUpdater: set stopIndex = -1
2019-10-02 23:09:32,853 [ForkJoinPool.commonPool-worker-1] INFO  impl.StateMachineUpdater (StateMachineUpdater.java:stopAndJoin(136)) - ab4cfbc2-b250-4924-b53e-3f09d0af461b@group-CAEDF24F0C96-StateMachineUpdater: set stopIndex = 0
2019-10-02 23:09:32,855 [ForkJoinPool.commonPool-worker-1] INFO  impl.RaftServerImpl (ServerState.java:close(387)) - ab4cfbc2-b250-4924-b53e-3f09d0af461b@group-CAEDF24F0C96: closes. applyIndex: 0
2019-10-02 23:09:32,855 [main] INFO  impl.RaftServerImpl (ServerState.java:close(387)) - 642304c3-fdfb-43fe-91e3-2a44f3a103e1@group-EC5EE570AE48: closes. applyIndex: -1
2019-10-02 23:09:32,856 [ab4cfbc2-b250-4924-b53e-3f09d0af461b@group-CAEDF24F0C96-SegmentedRaftLogWorker] INFO  segmented.SegmentedRaftLogWorker (SegmentedRaftLogWorker.java:run(316)) - ab4cfbc2-b250-4924-b53e-3f09d0af461b@group-CAEDF24F0C96-SegmentedRaftLogWorker was interrupted, exiting. There are 0 tasks remaining in the queue.
2019-10-02 23:09:32,856 [642304c3-fdfb-43fe-91e3-2a44f3a103e1@group-EC5EE570AE48-SegmentedRaftLogWorker] INFO  segmented.SegmentedRaftLogWorker (SegmentedRaftLogWorker.java:run(316)) - 642304c3-fdfb-43fe-91e3-2a44f3a103e1@group-EC5EE570AE48-SegmentedRaftLogWorker was interrupted, exiting. There are 0 tasks remaining in the queue.
2019-10-02 23:09:32,858 [ForkJoinPool.commonPool-worker-1] INFO  segmented.SegmentedRaftLogWorker (SegmentedRaftLogWorker.java:close(224)) - ab4cfbc2-b250-4924-b53e-3f09d0af461b@group-CAEDF24F0C96-SegmentedRaftLogWorker close()
2019-10-02 23:09:32,858 [main] INFO  segmented.SegmentedRaftLogWorker (SegmentedRaftLogWorker.java:close(224)) - 642304c3-fdfb-43fe-91e3-2a44f3a103e1@group-EC5EE570AE48-SegmentedRaftLogWorker close()
2019-10-02 23:09:32,860 [ForkJoinPool.commonPool-worker-1] INFO  impl.RaftServerImpl (RaftServerImpl.java:lambda$shutdown$3(247)) - ab4cfbc2-b250-4924-b53e-3f09d0af461b@group-EC5EE570AE48: shutdown
2019-10-02 23:09:32,863 [main] INFO  impl.RaftServerImpl (RaftServerImpl.java:lambda$shutdown$3(247)) - 642304c3-fdfb-43fe-91e3-2a44f3a103e1@group-41F1D7DC9709: shutdown
2019-10-02 23:09:32,863 [ForkJoinPool.commonPool-worker-1] INFO  util.JmxRegister (JmxRegister.java:unregister(73)) - Successfully un-registered JMX Bean with object name Ratis:service=RaftServer,group=group-EC5EE570AE48,id=ab4cfbc2-b250-4924-b53e-3f09d0af461b
2019-10-02 23:09:32,864 [main] INFO  util.JmxRegister (JmxRegister.java:unregister(73)) - Successfully un-registered JMX Bean with object name Ratis:service=RaftServer,group=group-41F1D7DC9709,id=642304c3-fdfb-43fe-91e3-2a44f3a103e1
2019-10-02 23:09:32,864 [ForkJoinPool.commonPool-worker-1] INFO  impl.RoleInfo (RoleInfo.java:shutdownFollowerState(121)) - ab4cfbc2-b250-4924-b53e-3f09d0af461b: shutdown FollowerState
2019-10-02 23:09:32,864 [main] INFO  impl.RoleInfo (RoleInfo.java:shutdownLeaderState(104)) - 642304c3-fdfb-43fe-91e3-2a44f3a103e1: shutdown LeaderState
2019-10-02 23:09:32,865 [Thread-1587] INFO  impl.FollowerState (FollowerState.java:run(117)) - ab4cfbc2-b250-4924-b53e-3f09d0af461b@group-EC5EE570AE48-FollowerState was interrupted: java.lang.InterruptedException: sleep interrupted
2019-10-02 23:09:32,864 [ForkJoinPool.commonPool-worker-1] INFO  impl.StateMachineUpdater (StateMachineUpdater.java:stopAndJoin(136)) - ab4cfbc2-b250-4924-b53e-3f09d0af461b@group-EC5EE570AE48-StateMachineUpdater: set stopIndex = -1
2019-10-02 23:09:32,866 [ForkJoinPool.commonPool-worker-1] INFO  impl.RaftServerImpl (ServerState.java:close(387)) - ab4cfbc2-b250-4924-b53e-3f09d0af461b@group-EC5EE570AE48: closes. applyIndex: -1
2019-10-02 23:09:32,865 [main] INFO  impl.PendingRequests (PendingRequests.java:sendNotLeaderResponses(202)) - 642304c3-fdfb-43fe-91e3-2a44f3a103e1@group-41F1D7DC9709-PendingRequests: sendNotLeaderResponses
2019-10-02 23:09:32,866 [ab4cfbc2-b250-4924-b53e-3f09d0af461b@group-EC5EE570AE48-SegmentedRaftLogWorker] INFO  segmented.SegmentedRaftLogWorker (SegmentedRaftLogWorker.java:run(316)) - ab4cfbc2-b250-4924-b53e-3f09d0af461b@group-EC5EE570AE48-SegmentedRaftLogWorker was interrupted, exiting. There are 0 tasks remaining in the queue.
2019-10-02 23:09:32,867 [main] INFO  impl.StateMachineUpdater (StateMachineUpdater.java:stopAndJoin(136)) - 642304c3-fdfb-43fe-91e3-2a44f3a103e1@group-41F1D7DC9709-StateMachineUpdater: set stopIndex = 0
2019-10-02 23:09:32,867 [ForkJoinPool.commonPool-worker-1] INFO  segmented.SegmentedRaftLogWorker (SegmentedRaftLogWorker.java:close(224)) - ab4cfbc2-b250-4924-b53e-3f09d0af461b@group-EC5EE570AE48-SegmentedRaftLogWorker close()
2019-10-02 23:09:32,868 [main] INFO  impl.RaftServerImpl (ServerState.java:close(387)) - 642304c3-fdfb-43fe-91e3-2a44f3a103e1@group-41F1D7DC9709: closes. applyIndex: 0
2019-10-02 23:09:32,870 [ForkJoinPool.commonPool-worker-1] INFO  server.GrpcService (GrpcService.java:closeImpl(164)) - ab4cfbc2-b250-4924-b53e-3f09d0af461b: shutdown server with port 42255 now
2019-10-02 23:09:32,870 [642304c3-fdfb-43fe-91e3-2a44f3a103e1@group-41F1D7DC9709-SegmentedRaftLogWorker] INFO  segmented.SegmentedRaftLogWorker (SegmentedRaftLogWorker.java:run(316)) - 642304c3-fdfb-43fe-91e3-2a44f3a103e1@group-41F1D7DC9709-SegmentedRaftLogWorker was interrupted, exiting. There are 0 tasks remaining in the queue.
2019-10-02 23:09:32,873 [main] INFO  segmented.SegmentedRaftLogWorker (SegmentedRaftLogWorker.java:close(224)) - 642304c3-fdfb-43fe-91e3-2a44f3a103e1@group-41F1D7DC9709-SegmentedRaftLogWorker close()
2019-10-02 23:09:32,878 [main] INFO  server.GrpcService (GrpcService.java:closeImpl(164)) - 642304c3-fdfb-43fe-91e3-2a44f3a103e1: shutdown server with port 37948 now
2019-10-02 23:09:32,878 [ForkJoinPool.commonPool-worker-1] INFO  server.GrpcService (GrpcService.java:closeImpl(172)) - ab4cfbc2-b250-4924-b53e-3f09d0af461b: shutdown server with port 42255 successfully
2019-10-02 23:09:32,882 [main] INFO  server.GrpcService (GrpcService.java:closeImpl(172)) - 642304c3-fdfb-43fe-91e3-2a44f3a103e1: shutdown server with port 37948 successfully
2019-10-02 23:09:32,882 [refreshUsed-/workdir/hadoop-ozone/ozonefs/target/test-dir/MiniOzoneClusterImpl-20bf308f-88d0-472f-a51e-1d14548a68f6/datanode-0/data/containers] WARN  fs.CachingGetSpaceUsed (CachingGetSpaceUsed.java:run(183)) - Thread Interrupted waiting to refresh disk information: sleep interrupted
2019-10-02 23:09:32,884 [refreshUsed-/workdir/hadoop-ozone/ozonefs/target/test-dir/MiniOzoneClusterImpl-20bf308f-88d0-472f-a51e-1d14548a68f6/datanode-1/data/containers] WARN  fs.CachingGetSpaceUsed (CachingGetSpaceUsed.java:run(183)) - Thread Interrupted waiting to refresh disk information: sleep interrupted
2019-10-02 23:09:32,904 [ForkJoinPool.commonPool-worker-1] INFO  utils.BackgroundService (BackgroundService.java:shutdown(148)) - Shutting down service BlockDeletingService
2019-10-02 23:09:32,908 [ForkJoinPool.commonPool-worker-1] INFO  statemachine.DatanodeStateMachine (DatanodeStateMachine.java:stopDaemon(395)) - Ozone container server stopped.
2019-10-02 23:09:32,912 [ForkJoinPool.commonPool-worker-1] INFO  handler.ContextHandler (ContextHandler.java:doStop(910)) - Stopped o.e.j.w.WebAppContext@1aedf08d{/,null,UNAVAILABLE}{/hddsDatanode}
2019-10-02 23:09:32,912 [ForkJoinPool.commonPool-worker-1] INFO  server.AbstractConnector (AbstractConnector.java:doStop(318)) - Stopped ServerConnector@113dcaf8{HTTP/1.1,[http/1.1]}{0.0.0.0:0}
2019-10-02 23:09:32,913 [ForkJoinPool.commonPool-worker-1] INFO  handler.ContextHandler (ContextHandler.java:doStop(910)) - Stopped o.e.j.s.ServletContextHandler@591f6f83{/static,jar:file:/home/user/.m2/repository/org/apache/hadoop/hadoop-hdds-container-service/0.5.0-SNAPSHOT/hadoop-hdds-container-service-0.5.0-SNAPSHOT.jar!/webapps/static,UNAVAILABLE}
2019-10-02 23:09:32,914 [ForkJoinPool.commonPool-worker-1] INFO  handler.ContextHandler (ContextHandler.java:doStop(910)) - Stopped o.e.j.s.ServletContextHandler@150d6eaf{/logs,file:///workdir/hadoop-ozone/ozonefs/target/log,UNAVAILABLE}
2019-10-02 23:09:32,919 [main] INFO  utils.BackgroundService (BackgroundService.java:shutdown(148)) - Shutting down service BlockDeletingService
2019-10-02 23:09:32,928 [main] INFO  statemachine.DatanodeStateMachine (DatanodeStateMachine.java:stopDaemon(395)) - Ozone container server stopped.
2019-10-02 23:09:32,930 [main] INFO  handler.ContextHandler (ContextHandler.java:doStop(910)) - Stopped o.e.j.w.WebAppContext@35ac9ebd{/,null,UNAVAILABLE}{/hddsDatanode}
2019-10-02 23:09:32,931 [main] INFO  server.AbstractConnector (AbstractConnector.java:doStop(318)) - Stopped ServerConnector@56c0a61e{HTTP/1.1,[http/1.1]}{0.0.0.0:0}
2019-10-02 23:09:32,931 [main] INFO  handler.ContextHandler (ContextHandler.java:doStop(910)) - Stopped o.e.j.s.ServletContextHandler@b01cb8d{/static,jar:file:/home/user/.m2/repository/org/apache/hadoop/hadoop-hdds-container-service/0.5.0-SNAPSHOT/hadoop-hdds-container-service-0.5.0-SNAPSHOT.jar!/webapps/static,UNAVAILABLE}
2019-10-02 23:09:32,932 [main] INFO  handler.ContextHandler (ContextHandler.java:doStop(910)) - Stopped o.e.j.s.ServletContextHandler@bd93bc3{/logs,file:///workdir/hadoop-ozone/ozonefs/target/log,UNAVAILABLE}
2019-10-02 23:09:33,739 [Datanode State Machine Thread - 0] INFO  statemachine.DatanodeStateMachine (DatanodeStateMachine.java:lambda$startDaemon$0(350)) - Ozone container server started.
2019-10-02 23:09:37,152 [Thread-1586] INFO  impl.FollowerState (FollowerState.java:run(108)) - 97a6056f-0558-4808-8843-16f64064d5d6@group-EC5EE570AE48-FollowerState: change to CANDIDATE, lastRpcTime:5054ms, electionTimeout:5054ms
2019-10-02 23:09:37,152 [Thread-1586] INFO  impl.RoleInfo (RoleInfo.java:shutdownFollowerState(121)) - 97a6056f-0558-4808-8843-16f64064d5d6: shutdown FollowerState
2019-10-02 23:09:37,152 [Thread-1586] INFO  impl.RaftServerImpl (RaftServerImpl.java:setRole(170)) - 97a6056f-0558-4808-8843-16f64064d5d6@group-EC5EE570AE48: changes role from  FOLLOWER to CANDIDATE at term 1 for changeToCandidate
2019-10-02 23:09:37,152 [Thread-1586] INFO  impl.RoleInfo (RoleInfo.java:updateAndGet(143)) - 97a6056f-0558-4808-8843-16f64064d5d6: start LeaderElection
2019-10-02 23:09:37,178 [97a6056f-0558-4808-8843-16f64064d5d6@group-EC5EE570AE48-LeaderElection41] INFO  impl.LeaderElection (LeaderElection.java:askForVotes(178)) - 97a6056f-0558-4808-8843-16f64064d5d6@group-EC5EE570AE48-LeaderElection41: begin an election at term 2 for -1: [ab4cfbc2-b250-4924-b53e-3f09d0af461b:192.168.30.30:42255, 97a6056f-0558-4808-8843-16f64064d5d6:192.168.30.30:41245, 642304c3-fdfb-43fe-91e3-2a44f3a103e1:192.168.30.30:37948], old=null
2019-10-02 23:09:37,182 [97a6056f-0558-4808-8843-16f64064d5d6@group-EC5EE570AE48-LeaderElection41] INFO  impl.LeaderElection (LogUtils.java:infoOrTrace(149)) - 97a6056f-0558-4808-8843-16f64064d5d6@group-EC5EE570AE48-LeaderElection41 got exception when requesting votes: {}
java.util.concurrent.ExecutionException: org.apache.ratis.thirdparty.io.grpc.StatusRuntimeException: UNAVAILABLE: io exception
	at java.util.concurrent.FutureTask.report(FutureTask.java:122)
	at java.util.concurrent.FutureTask.get(FutureTask.java:192)
	at org.apache.ratis.server.impl.LeaderElection.waitForResults(LeaderElection.java:259)
	at org.apache.ratis.server.impl.LeaderElection.askForVotes(LeaderElection.java:197)
	at org.apache.ratis.server.impl.LeaderElection.run(LeaderElection.java:133)
	at java.lang.Thread.run(Thread.java:748)
Caused by: org.apache.ratis.thirdparty.io.grpc.StatusRuntimeException: UNAVAILABLE: io exception
	at org.apache.ratis.thirdparty.io.grpc.stub.ClientCalls.toStatusRuntimeException(ClientCalls.java:233)
	at org.apache.ratis.thirdparty.io.grpc.stub.ClientCalls.getUnchecked(ClientCalls.java:214)
	at org.apache.ratis.thirdparty.io.grpc.stub.ClientCalls.blockingUnaryCall(ClientCalls.java:139)
	at org.apache.ratis.proto.grpc.RaftServerProtocolServiceGrpc$RaftServerProtocolServiceBlockingStub.requestVote(RaftServerProtocolServiceGrpc.java:265)
	at org.apache.ratis.grpc.server.GrpcServerProtocolClient.requestVote(GrpcServerProtocolClient.java:99)
	at org.apache.ratis.grpc.server.GrpcService.requestVote(GrpcService.java:204)
	at org.apache.ratis.server.impl.LeaderElection.lambda$submitRequests$1(LeaderElection.java:234)
	at java.util.concurrent.FutureTask.run(FutureTask.java:266)
	at java.util.concurrent.Executors$RunnableAdapter.call(Executors.java:511)
	at java.util.concurrent.FutureTask.run(FutureTask.java:266)
	at java.util.concurrent.ThreadPoolExecutor.runWorker(ThreadPoolExecutor.java:1149)
	at java.util.concurrent.ThreadPoolExecutor$Worker.run(ThreadPoolExecutor.java:624)
	... 1 more
Caused by: org.apache.ratis.thirdparty.io.netty.channel.AbstractChannel$AnnotatedConnectException: Connection refused: /192.168.30.30:37948
	at sun.nio.ch.SocketChannelImpl.checkConnect(Native Method)
	at sun.nio.ch.SocketChannelImpl.finishConnect(SocketChannelImpl.java:717)
	at org.apache.ratis.thirdparty.io.netty.channel.socket.nio.NioSocketChannel.doFinishConnect(NioSocketChannel.java:327)
	at org.apache.ratis.thirdparty.io.netty.channel.nio.AbstractNioChannel$AbstractNioUnsafe.finishConnect(AbstractNioChannel.java:340)
	at org.apache.ratis.thirdparty.io.netty.channel.nio.NioEventLoop.processSelectedKey(NioEventLoop.java:632)
	at org.apache.ratis.thirdparty.io.netty.channel.nio.NioEventLoop.processSelectedKeysOptimized(NioEventLoop.java:579)
	at org.apache.ratis.thirdparty.io.netty.channel.nio.NioEventLoop.processSelectedKeys(NioEventLoop.java:496)
	at org.apache.ratis.thirdparty.io.netty.channel.nio.NioEventLoop.run(NioEventLoop.java:458)
	at org.apache.ratis.thirdparty.io.netty.util.concurrent.SingleThreadEventExecutor$5.run(SingleThreadEventExecutor.java:897)
	at org.apache.ratis.thirdparty.io.netty.util.concurrent.FastThreadLocalRunnable.run(FastThreadLocalRunnable.java:30)
	... 1 more
Caused by: java.net.ConnectException: Connection refused
	... 11 more
2019-10-02 23:09:37,185 [97a6056f-0558-4808-8843-16f64064d5d6@group-EC5EE570AE48-LeaderElection41] INFO  impl.LeaderElection (LogUtils.java:infoOrTrace(149)) - 97a6056f-0558-4808-8843-16f64064d5d6@group-EC5EE570AE48-LeaderElection41 got exception when requesting votes: {}
java.util.concurrent.ExecutionException: org.apache.ratis.thirdparty.io.grpc.StatusRuntimeException: UNAVAILABLE: io exception
	at java.util.concurrent.FutureTask.report(FutureTask.java:122)
	at java.util.concurrent.FutureTask.get(FutureTask.java:192)
	at org.apache.ratis.server.impl.LeaderElection.waitForResults(LeaderElection.java:259)
	at org.apache.ratis.server.impl.LeaderElection.askForVotes(LeaderElection.java:197)
	at org.apache.ratis.server.impl.LeaderElection.run(LeaderElection.java:133)
	at java.lang.Thread.run(Thread.java:748)
Caused by: org.apache.ratis.thirdparty.io.grpc.StatusRuntimeException: UNAVAILABLE: io exception
	at org.apache.ratis.thirdparty.io.grpc.stub.ClientCalls.toStatusRuntimeException(ClientCalls.java:233)
	at org.apache.ratis.thirdparty.io.grpc.stub.ClientCalls.getUnchecked(ClientCalls.java:214)
	at org.apache.ratis.thirdparty.io.grpc.stub.ClientCalls.blockingUnaryCall(ClientCalls.java:139)
	at org.apache.ratis.proto.grpc.RaftServerProtocolServiceGrpc$RaftServerProtocolServiceBlockingStub.requestVote(RaftServerProtocolServiceGrpc.java:265)
	at org.apache.ratis.grpc.server.GrpcServerProtocolClient.requestVote(GrpcServerProtocolClient.java:99)
	at org.apache.ratis.grpc.server.GrpcService.requestVote(GrpcService.java:204)
	at org.apache.ratis.server.impl.LeaderElection.lambda$submitRequests$1(LeaderElection.java:234)
	at java.util.concurrent.FutureTask.run(FutureTask.java:266)
	at java.util.concurrent.Executors$RunnableAdapter.call(Executors.java:511)
	at java.util.concurrent.FutureTask.run(FutureTask.java:266)
	at java.util.concurrent.ThreadPoolExecutor.runWorker(ThreadPoolExecutor.java:1149)
	at java.util.concurrent.ThreadPoolExecutor$Worker.run(ThreadPoolExecutor.java:624)
	... 1 more
Caused by: org.apache.ratis.thirdparty.io.netty.channel.AbstractChannel$AnnotatedConnectException: Connection refused: /192.168.30.30:42255
	at sun.nio.ch.SocketChannelImpl.checkConnect(Native Method)
	at sun.nio.ch.SocketChannelImpl.finishConnect(SocketChannelImpl.java:717)
	at org.apache.ratis.thirdparty.io.netty.channel.socket.nio.NioSocketChannel.doFinishConnect(NioSocketChannel.java:327)
	at org.apache.ratis.thirdparty.io.netty.channel.nio.AbstractNioChannel$AbstractNioUnsafe.finishConnect(AbstractNioChannel.java:340)
	at org.apache.ratis.thirdparty.io.netty.channel.nio.NioEventLoop.processSelectedKey(NioEventLoop.java:632)
	at org.apache.ratis.thirdparty.io.netty.channel.nio.NioEventLoop.processSelectedKeysOptimized(NioEventLoop.java:579)
	at org.apache.ratis.thirdparty.io.netty.channel.nio.NioEventLoop.processSelectedKeys(NioEventLoop.java:496)
	at org.apache.ratis.thirdparty.io.netty.channel.nio.NioEventLoop.run(NioEventLoop.java:458)
	at org.apache.ratis.thirdparty.io.netty.util.concurrent.SingleThreadEventExecutor$5.run(SingleThreadEventExecutor.java:897)
	at org.apache.ratis.thirdparty.io.netty.util.concurrent.FastThreadLocalRunnable.run(FastThreadLocalRunnable.java:30)
	... 1 more
Caused by: java.net.ConnectException: Connection refused
	... 11 more
2019-10-02 23:09:37,186 [97a6056f-0558-4808-8843-16f64064d5d6@group-EC5EE570AE48-LeaderElection41] INFO  impl.LeaderElection (LeaderElection.java:logAndReturn(56)) - 97a6056f-0558-4808-8843-16f64064d5d6@group-EC5EE570AE48-LeaderElection41: Election REJECTED; received 0 response(s) [] and 2 exception(s); 97a6056f-0558-4808-8843-16f64064d5d6@group-EC5EE570AE48:t2, leader=null, voted=97a6056f-0558-4808-8843-16f64064d5d6, raftlog=97a6056f-0558-4808-8843-16f64064d5d6@group-EC5EE570AE48-SegmentedRaftLog:OPENED:c-1,f-1,i0, conf=-1: [ab4cfbc2-b250-4924-b53e-3f09d0af461b:192.168.30.30:42255, 97a6056f-0558-4808-8843-16f64064d5d6:192.168.30.30:41245, 642304c3-fdfb-43fe-91e3-2a44f3a103e1:192.168.30.30:37948], old=null
2019-10-02 23:09:37,186 [97a6056f-0558-4808-8843-16f64064d5d6@group-EC5EE570AE48-LeaderElection41] INFO  impl.LeaderElection (LogUtils.java:infoOrTrace(149)) -   Exception 0: {}
java.util.concurrent.ExecutionException: org.apache.ratis.thirdparty.io.grpc.StatusRuntimeException: UNAVAILABLE: io exception
	at java.util.concurrent.FutureTask.report(FutureTask.java:122)
	at java.util.concurrent.FutureTask.get(FutureTask.java:192)
	at org.apache.ratis.server.impl.LeaderElection.waitForResults(LeaderElection.java:259)
	at org.apache.ratis.server.impl.LeaderElection.askForVotes(LeaderElection.java:197)
	at org.apache.ratis.server.impl.LeaderElection.run(LeaderElection.java:133)
	at java.lang.Thread.run(Thread.java:748)
Caused by: org.apache.ratis.thirdparty.io.grpc.StatusRuntimeException: UNAVAILABLE: io exception
	at org.apache.ratis.thirdparty.io.grpc.stub.ClientCalls.toStatusRuntimeException(ClientCalls.java:233)
	at org.apache.ratis.thirdparty.io.grpc.stub.ClientCalls.getUnchecked(ClientCalls.java:214)
	at org.apache.ratis.thirdparty.io.grpc.stub.ClientCalls.blockingUnaryCall(ClientCalls.java:139)
	at org.apache.ratis.proto.grpc.RaftServerProtocolServiceGrpc$RaftServerProtocolServiceBlockingStub.requestVote(RaftServerProtocolServiceGrpc.java:265)
	at org.apache.ratis.grpc.server.GrpcServerProtocolClient.requestVote(GrpcServerProtocolClient.java:99)
	at org.apache.ratis.grpc.server.GrpcService.requestVote(GrpcService.java:204)
	at org.apache.ratis.server.impl.LeaderElection.lambda$submitRequests$1(LeaderElection.java:234)
	at java.util.concurrent.FutureTask.run(FutureTask.java:266)
	at java.util.concurrent.Executors$RunnableAdapter.call(Executors.java:511)
	at java.util.concurrent.FutureTask.run(FutureTask.java:266)
	at java.util.concurrent.ThreadPoolExecutor.runWorker(ThreadPoolExecutor.java:1149)
	at java.util.concurrent.ThreadPoolExecutor$Worker.run(ThreadPoolExecutor.java:624)
	... 1 more
Caused by: org.apache.ratis.thirdparty.io.netty.channel.AbstractChannel$AnnotatedConnectException: Connection refused: /192.168.30.30:37948
	at sun.nio.ch.SocketChannelImpl.checkConnect(Native Method)
	at sun.nio.ch.SocketChannelImpl.finishConnect(SocketChannelImpl.java:717)
	at org.apache.ratis.thirdparty.io.netty.channel.socket.nio.NioSocketChannel.doFinishConnect(NioSocketChannel.java:327)
	at org.apache.ratis.thirdparty.io.netty.channel.nio.AbstractNioChannel$AbstractNioUnsafe.finishConnect(AbstractNioChannel.java:340)
	at org.apache.ratis.thirdparty.io.netty.channel.nio.NioEventLoop.processSelectedKey(NioEventLoop.java:632)
	at org.apache.ratis.thirdparty.io.netty.channel.nio.NioEventLoop.processSelectedKeysOptimized(NioEventLoop.java:579)
	at org.apache.ratis.thirdparty.io.netty.channel.nio.NioEventLoop.processSelectedKeys(NioEventLoop.java:496)
	at org.apache.ratis.thirdparty.io.netty.channel.nio.NioEventLoop.run(NioEventLoop.java:458)
	at org.apache.ratis.thirdparty.io.netty.util.concurrent.SingleThreadEventExecutor$5.run(SingleThreadEventExecutor.java:897)
	at org.apache.ratis.thirdparty.io.netty.util.concurrent.FastThreadLocalRunnable.run(FastThreadLocalRunnable.java:30)
	... 1 more
Caused by: java.net.ConnectException: Connection refused
	... 11 more
2019-10-02 23:09:37,187 [97a6056f-0558-4808-8843-16f64064d5d6@group-EC5EE570AE48-LeaderElection41] INFO  impl.LeaderElection (LogUtils.java:infoOrTrace(149)) -   Exception 1: {}
java.util.concurrent.ExecutionException: org.apache.ratis.thirdparty.io.grpc.StatusRuntimeException: UNAVAILABLE: io exception
	at java.util.concurrent.FutureTask.report(FutureTask.java:122)
	at java.util.concurrent.FutureTask.get(FutureTask.java:192)
	at org.apache.ratis.server.impl.LeaderElection.waitForResults(LeaderElection.java:259)
	at org.apache.ratis.server.impl.LeaderElection.askForVotes(LeaderElection.java:197)
	at org.apache.ratis.server.impl.LeaderElection.run(LeaderElection.java:133)
	at java.lang.Thread.run(Thread.java:748)
Caused by: org.apache.ratis.thirdparty.io.grpc.StatusRuntimeException: UNAVAILABLE: io exception
	at org.apache.ratis.thirdparty.io.grpc.stub.ClientCalls.toStatusRuntimeException(ClientCalls.java:233)
	at org.apache.ratis.thirdparty.io.grpc.stub.ClientCalls.getUnchecked(ClientCalls.java:214)
	at org.apache.ratis.thirdparty.io.grpc.stub.ClientCalls.blockingUnaryCall(ClientCalls.java:139)
	at org.apache.ratis.proto.grpc.RaftServerProtocolServiceGrpc$RaftServerProtocolServiceBlockingStub.requestVote(RaftServerProtocolServiceGrpc.java:265)
	at org.apache.ratis.grpc.server.GrpcServerProtocolClient.requestVote(GrpcServerProtocolClient.java:99)
	at org.apache.ratis.grpc.server.GrpcService.requestVote(GrpcService.java:204)
	at org.apache.ratis.server.impl.LeaderElection.lambda$submitRequests$1(LeaderElection.java:234)
	at java.util.concurrent.FutureTask.run(FutureTask.java:266)
	at java.util.concurrent.Executors$RunnableAdapter.call(Executors.java:511)
	at java.util.concurrent.FutureTask.run(FutureTask.java:266)
	at java.util.concurrent.ThreadPoolExecutor.runWorker(ThreadPoolExecutor.java:1149)
	at java.util.concurrent.ThreadPoolExecutor$Worker.run(ThreadPoolExecutor.java:624)
	... 1 more
Caused by: org.apache.ratis.thirdparty.io.netty.channel.AbstractChannel$AnnotatedConnectException: Connection refused: /192.168.30.30:42255
	at sun.nio.ch.SocketChannelImpl.checkConnect(Native Method)
	at sun.nio.ch.SocketChannelImpl.finishConnect(SocketChannelImpl.java:717)
	at org.apache.ratis.thirdparty.io.netty.channel.socket.nio.NioSocketChannel.doFinishConnect(NioSocketChannel.java:327)
	at org.apache.ratis.thirdparty.io.netty.channel.nio.AbstractNioChannel$AbstractNioUnsafe.finishConnect(AbstractNioChannel.java:340)
	at org.apache.ratis.thirdparty.io.netty.channel.nio.NioEventLoop.processSelectedKey(NioEventLoop.java:632)
	at org.apache.ratis.thirdparty.io.netty.channel.nio.NioEventLoop.processSelectedKeysOptimized(NioEventLoop.java:579)
	at org.apache.ratis.thirdparty.io.netty.channel.nio.NioEventLoop.processSelectedKeys(NioEventLoop.java:496)
	at org.apache.ratis.thirdparty.io.netty.channel.nio.NioEventLoop.run(NioEventLoop.java:458)
	at org.apache.ratis.thirdparty.io.netty.util.concurrent.SingleThreadEventExecutor$5.run(SingleThreadEventExecutor.java:897)
	at org.apache.ratis.thirdparty.io.netty.util.concurrent.FastThreadLocalRunnable.run(FastThreadLocalRunnable.java:30)
	... 1 more
Caused by: java.net.ConnectException: Connection refused
	... 11 more
2019-10-02 23:09:37,187 [97a6056f-0558-4808-8843-16f64064d5d6@group-EC5EE570AE48-LeaderElection41] INFO  impl.RaftServerImpl (RaftServerImpl.java:setRole(170)) - 97a6056f-0558-4808-8843-16f64064d5d6@group-EC5EE570AE48: changes role from CANDIDATE to FOLLOWER at term 2 for DISCOVERED_A_NEW_TERM
2019-10-02 23:09:37,187 [97a6056f-0558-4808-8843-16f64064d5d6@group-EC5EE570AE48-LeaderElection41] INFO  impl.RoleInfo (RoleInfo.java:shutdownLeaderElection(134)) - 97a6056f-0558-4808-8843-16f64064d5d6: shutdown LeaderElection
2019-10-02 23:09:37,187 [97a6056f-0558-4808-8843-16f64064d5d6@group-EC5EE570AE48-LeaderElection41] INFO  impl.RoleInfo (RoleInfo.java:updateAndGet(143)) - 97a6056f-0558-4808-8843-16f64064d5d6: start FollowerState
2019-10-02 23:09:37,915 [ForkJoinPool.commonPool-worker-1] INFO  ozoneimpl.OzoneContainer (OzoneContainer.java:stop(231)) - Attempting to stop container services.
2019-10-02 23:09:37,917 [ForkJoinPool.commonPool-worker-1] INFO  impl.RaftServerProxy (RaftServerProxy.java:lambda$close$4(314)) - 97a6056f-0558-4808-8843-16f64064d5d6: close
2019-10-02 23:09:37,917 [ForkJoinPool.commonPool-worker-1] INFO  impl.RaftServerImpl (RaftServerImpl.java:lambda$shutdown$3(247)) - 97a6056f-0558-4808-8843-16f64064d5d6@group-EC5EE570AE48: shutdown
2019-10-02 23:09:37,917 [ForkJoinPool.commonPool-worker-1] INFO  util.JmxRegister (JmxRegister.java:unregister(73)) - Successfully un-registered JMX Bean with object name Ratis:service=RaftServer,group=group-EC5EE570AE48,id=97a6056f-0558-4808-8843-16f64064d5d6
2019-10-02 23:09:37,917 [ForkJoinPool.commonPool-worker-1] INFO  impl.RoleInfo (RoleInfo.java:shutdownFollowerState(121)) - 97a6056f-0558-4808-8843-16f64064d5d6: shutdown FollowerState
2019-10-02 23:09:37,918 [ForkJoinPool.commonPool-worker-1] INFO  impl.StateMachineUpdater (StateMachineUpdater.java:stopAndJoin(136)) - 97a6056f-0558-4808-8843-16f64064d5d6@group-EC5EE570AE48-StateMachineUpdater: set stopIndex = -1
2019-10-02 23:09:37,918 [Thread-1591] INFO  impl.FollowerState (FollowerState.java:run(117)) - 97a6056f-0558-4808-8843-16f64064d5d6@group-EC5EE570AE48-FollowerState was interrupted: java.lang.InterruptedException: sleep interrupted
2019-10-02 23:09:37,918 [ForkJoinPool.commonPool-worker-1] INFO  impl.RaftServerImpl (ServerState.java:close(387)) - 97a6056f-0558-4808-8843-16f64064d5d6@group-EC5EE570AE48: closes. applyIndex: -1
2019-10-02 23:09:37,919 [97a6056f-0558-4808-8843-16f64064d5d6@group-EC5EE570AE48-SegmentedRaftLogWorker] INFO  segmented.SegmentedRaftLogWorker (SegmentedRaftLogWorker.java:run(316)) - 97a6056f-0558-4808-8843-16f64064d5d6@group-EC5EE570AE48-SegmentedRaftLogWorker was interrupted, exiting. There are 0 tasks remaining in the queue.
2019-10-02 23:09:37,919 [ForkJoinPool.commonPool-worker-1] INFO  segmented.SegmentedRaftLogWorker (SegmentedRaftLogWorker.java:close(224)) - 97a6056f-0558-4808-8843-16f64064d5d6@group-EC5EE570AE48-SegmentedRaftLogWorker close()
2019-10-02 23:09:37,920 [ForkJoinPool.commonPool-worker-1] INFO  impl.RaftServerImpl (RaftServerImpl.java:lambda$shutdown$3(247)) - 97a6056f-0558-4808-8843-16f64064d5d6@group-D3CDB64A2318: shutdown
2019-10-02 23:09:37,921 [ForkJoinPool.commonPool-worker-1] INFO  util.JmxRegister (JmxRegister.java:unregister(73)) - Successfully un-registered JMX Bean with object name Ratis:service=RaftServer,group=group-D3CDB64A2318,id=97a6056f-0558-4808-8843-16f64064d5d6
2019-10-02 23:09:37,921 [ForkJoinPool.commonPool-worker-1] INFO  impl.RoleInfo (RoleInfo.java:shutdownLeaderState(104)) - 97a6056f-0558-4808-8843-16f64064d5d6: shutdown LeaderState
2019-10-02 23:09:37,921 [ForkJoinPool.commonPool-worker-1] INFO  impl.PendingRequests (PendingRequests.java:sendNotLeaderResponses(202)) - 97a6056f-0558-4808-8843-16f64064d5d6@group-D3CDB64A2318-PendingRequests: sendNotLeaderResponses
2019-10-02 23:09:37,921 [ForkJoinPool.commonPool-worker-1] INFO  impl.StateMachineUpdater (StateMachineUpdater.java:stopAndJoin(136)) - 97a6056f-0558-4808-8843-16f64064d5d6@group-D3CDB64A2318-StateMachineUpdater: set stopIndex = 0
2019-10-02 23:09:37,921 [ForkJoinPool.commonPool-worker-1] INFO  impl.RaftServerImpl (ServerState.java:close(387)) - 97a6056f-0558-4808-8843-16f64064d5d6@group-D3CDB64A2318: closes. applyIndex: 0
2019-10-02 23:09:37,922 [97a6056f-0558-4808-8843-16f64064d5d6@group-D3CDB64A2318-SegmentedRaftLogWorker] INFO  segmented.SegmentedRaftLogWorker (SegmentedRaftLogWorker.java:run(316)) - 97a6056f-0558-4808-8843-16f64064d5d6@group-D3CDB64A2318-SegmentedRaftLogWorker was interrupted, exiting. There are 0 tasks remaining in the queue.
2019-10-02 23:09:37,927 [ForkJoinPool.commonPool-worker-1] INFO  segmented.SegmentedRaftLogWorker (SegmentedRaftLogWorker.java:close(224)) - 97a6056f-0558-4808-8843-16f64064d5d6@group-D3CDB64A2318-SegmentedRaftLogWorker close()
2019-10-02 23:09:37,928 [ForkJoinPool.commonPool-worker-1] INFO  server.GrpcService (GrpcService.java:closeImpl(164)) - 97a6056f-0558-4808-8843-16f64064d5d6: shutdown server with port 41245 now
2019-10-02 23:09:37,930 [ForkJoinPool.commonPool-worker-1] INFO  server.GrpcService (GrpcService.java:closeImpl(172)) - 97a6056f-0558-4808-8843-16f64064d5d6: shutdown server with port 41245 successfully
2019-10-02 23:09:37,933 [refreshUsed-/workdir/hadoop-ozone/ozonefs/target/test-dir/MiniOzoneClusterImpl-20bf308f-88d0-472f-a51e-1d14548a68f6/datanode-2/data/containers] WARN  fs.CachingGetSpaceUsed (CachingGetSpaceUsed.java:run(183)) - Thread Interrupted waiting to refresh disk information: sleep interrupted
2019-10-02 23:09:37,950 [ForkJoinPool.commonPool-worker-1] INFO  utils.BackgroundService (BackgroundService.java:shutdown(148)) - Shutting down service BlockDeletingService
2019-10-02 23:09:37,951 [ForkJoinPool.commonPool-worker-1] INFO  statemachine.DatanodeStateMachine (DatanodeStateMachine.java:stopDaemon(395)) - Ozone container server stopped.
2019-10-02 23:09:37,970 [ForkJoinPool.commonPool-worker-1] INFO  handler.ContextHandler (ContextHandler.java:doStop(910)) - Stopped o.e.j.w.WebAppContext@270d5060{/,null,UNAVAILABLE}{/hddsDatanode}
2019-10-02 23:09:37,971 [ForkJoinPool.commonPool-worker-1] INFO  server.AbstractConnector (AbstractConnector.java:doStop(318)) - Stopped ServerConnector@1815577b{HTTP/1.1,[http/1.1]}{0.0.0.0:0}
2019-10-02 23:09:37,972 [ForkJoinPool.commonPool-worker-1] INFO  handler.ContextHandler (ContextHandler.java:doStop(910)) - Stopped o.e.j.s.ServletContextHandler@401788d5{/static,jar:file:/home/user/.m2/repository/org/apache/hadoop/hadoop-hdds-container-service/0.5.0-SNAPSHOT/hadoop-hdds-container-service-0.5.0-SNAPSHOT.jar!/webapps/static,UNAVAILABLE}
2019-10-02 23:09:37,973 [ForkJoinPool.commonPool-worker-1] INFO  handler.ContextHandler (ContextHandler.java:doStop(910)) - Stopped o.e.j.s.ServletContextHandler@3a38e4dc{/logs,file:///workdir/hadoop-ozone/ozonefs/target/log,UNAVAILABLE}
2019-10-02 23:09:37,974 [main] INFO  ozone.MiniOzoneClusterImpl (MiniOzoneClusterImpl.java:stopSCM(392)) - Stopping the StorageContainerManager
2019-10-02 23:09:37,974 [main] INFO  server.StorageContainerManager (StorageContainerManager.java:stop(808)) - Stopping Replication Manager Service.
2019-10-02 23:09:37,974 [main] INFO  container.ReplicationManager (ReplicationManager.java:stop(203)) - Stopping Replication Monitor Thread.
2019-10-02 23:09:37,974 [main] INFO  server.StorageContainerManager (StorageContainerManager.java:stop(815)) - Stopping Lease Manager of the command watchers
2019-10-02 23:09:37,974 [main] INFO  server.StorageContainerManager (StorageContainerManager.java:stop(822)) - Stopping datanode service RPC server
2019-10-02 23:09:37,974 [main] INFO  server.SCMDatanodeProtocolServer (SCMDatanodeProtocolServer.java:stop(367)) - Stopping the RPC server for DataNodes
2019-10-02 23:09:37,974 [main] INFO  ipc.Server (Server.java:stop(3082)) - Stopping server on 45676
2019-10-02 23:09:37,975 [IPC Server listener on 45676] INFO  ipc.Server (Server.java:run(1185)) - Stopping IPC Server listener on 45676
2019-10-02 23:09:37,975 [IPC Server Responder] INFO  ipc.Server (Server.java:run(1319)) - Stopping IPC Server Responder
2019-10-02 23:09:37,998 [SCM Heartbeat Processing Thread - 0] WARN  node.NodeStateManager (NodeStateManager.java:scheduleNextHealthCheck(646)) - Current Thread is interrupted, shutting down HB processing thread for Node Manager.
2019-10-02 23:09:37,999 [main] INFO  server.StorageContainerManager (StorageContainerManager.java:stop(830)) - Stopping block service RPC server
2019-10-02 23:09:37,999 [main] INFO  server.SCMBlockProtocolServer (SCMBlockProtocolServer.java:stop(155)) - Stopping the RPC server for Block Protocol
2019-10-02 23:09:37,999 [main] INFO  ipc.Server (Server.java:stop(3082)) - Stopping server on 35027
2019-10-02 23:09:38,000 [IPC Server listener on 35027] INFO  ipc.Server (Server.java:run(1185)) - Stopping IPC Server listener on 35027
2019-10-02 23:09:38,000 [IPC Server Responder] INFO  ipc.Server (Server.java:run(1319)) - Stopping IPC Server Responder
2019-10-02 23:09:38,000 [main] INFO  server.StorageContainerManager (StorageContainerManager.java:stop(837)) - Stopping the StorageContainerLocationProtocol RPC server
2019-10-02 23:09:38,001 [main] INFO  server.SCMClientProtocolServer (SCMClientProtocolServer.java:stop(158)) - Stopping the RPC server for Client Protocol
2019-10-02 23:09:38,001 [main] INFO  ipc.Server (Server.java:stop(3082)) - Stopping server on 39040
2019-10-02 23:09:38,002 [IPC Server listener on 39040] INFO  ipc.Server (Server.java:run(1185)) - Stopping IPC Server listener on 39040
2019-10-02 23:09:38,002 [IPC Server Responder] INFO  ipc.Server (Server.java:run(1319)) - Stopping IPC Server Responder
2019-10-02 23:09:38,002 [main] INFO  server.StorageContainerManager (StorageContainerManager.java:stop(844)) - Stopping Storage Container Manager HTTP server.
2019-10-02 23:09:38,004 [main] INFO  handler.ContextHandler (ContextHandler.java:doStop(910)) - Stopped o.e.j.w.WebAppContext@4f213a2{/,null,UNAVAILABLE}{/scm}
2019-10-02 23:09:38,004 [main] INFO  server.AbstractConnector (AbstractConnector.java:doStop(318)) - Stopped ServerConnector@25699aa7{HTTP/1.1,[http/1.1]}{0.0.0.0:0}
2019-10-02 23:09:38,005 [main] INFO  handler.ContextHandler (ContextHandler.java:doStop(910)) - Stopped o.e.j.s.ServletContextHandler@1e92c3b6{/static,jar:file:/home/user/.m2/repository/org/apache/hadoop/hadoop-hdds-server-scm/0.5.0-SNAPSHOT/hadoop-hdds-server-scm-0.5.0-SNAPSHOT.jar!/webapps/static,UNAVAILABLE}
2019-10-02 23:09:38,005 [main] INFO  handler.ContextHandler (ContextHandler.java:doStop(910)) - Stopped o.e.j.s.ServletContextHandler@66451058{/logs,file:///workdir/hadoop-ozone/ozonefs/target/log,UNAVAILABLE}
2019-10-02 23:09:38,005 [main] INFO  server.StorageContainerManager (StorageContainerManager.java:stop(855)) - Stopping Block Manager Service.
2019-10-02 23:09:38,006 [main] INFO  utils.BackgroundService (BackgroundService.java:shutdown(148)) - Shutting down service SCMBlockDeletingService
2019-10-02 23:09:38,006 [main] INFO  utils.BackgroundService (BackgroundService.java:shutdown(148)) - Shutting down service SCMBlockDeletingService
2019-10-02 23:09:38,006 [main] INFO  server.StorageContainerManager (StorageContainerManager.java:stop(877)) - Stopping SCM Event Queue.
2019-10-02 23:09:38,009 [main] INFO  impl.MetricsSystemImpl (MetricsSystemImpl.java:stop(210)) - Stopping HddsDatanode metrics system...
2019-10-02 23:09:38,012 [main] INFO  impl.MetricsSystemImpl (MetricsSystemImpl.java:stop(216)) - HddsDatanode metrics system stopped.
]]></system-out>
  </testcase>
  <testcase name="testListStatus[1]" classname="org.apache.hadoop.fs.ozone.TestOzoneFileInterfaces" time="17.462">
    <error message="Volume not found wmqnndsvot" type="VOLUME_NOT_FOUND org.apache.hadoop.ozone.om.exceptions.OMException">VOLUME_NOT_FOUND org.apache.hadoop.ozone.om.exceptions.OMException: Volume not found wmqnndsvot
	at org.apache.hadoop.ozone.om.protocolPB.OzoneManagerProtocolClientSideTranslatorPB.handleError(OzoneManagerProtocolClientSideTranslatorPB.java:732)
	at org.apache.hadoop.ozone.om.protocolPB.OzoneManagerProtocolClientSideTranslatorPB.createDirectory(OzoneManagerProtocolClientSideTranslatorPB.java:1377)
	at sun.reflect.NativeMethodAccessorImpl.invoke0(Native Method)
	at sun.reflect.NativeMethodAccessorImpl.invoke(NativeMethodAccessorImpl.java:62)
	at sun.reflect.DelegatingMethodAccessorImpl.invoke(DelegatingMethodAccessorImpl.java:43)
	at java.lang.reflect.Method.invoke(Method.java:498)
	at org.apache.hadoop.hdds.tracing.TraceAllMethod.invoke(TraceAllMethod.java:66)
	at com.sun.proxy.$Proxy39.createDirectory(Unknown Source)
	at org.apache.hadoop.ozone.client.rpc.RpcClient.createDirectory(RpcClient.java:976)
	at org.apache.hadoop.ozone.client.OzoneBucket.createDirectory(OzoneBucket.java:503)
	at org.apache.hadoop.fs.ozone.BasicOzoneClientAdapterImpl.createDirectory(BasicOzoneClientAdapterImpl.java:236)
	at org.apache.hadoop.fs.ozone.BasicOzoneFileSystem.mkdir(BasicOzoneFileSystem.java:597)
	at org.apache.hadoop.fs.ozone.BasicOzoneFileSystem.mkdirs(BasicOzoneFileSystem.java:607)
	at org.apache.hadoop.fs.FileSystem.mkdirs(FileSystem.java:2275)
	at org.apache.hadoop.fs.ozone.TestOzoneFileInterfaces.testListStatus(TestOzoneFileInterfaces.java:250)
	at sun.reflect.NativeMethodAccessorImpl.invoke0(Native Method)
	at sun.reflect.NativeMethodAccessorImpl.invoke(NativeMethodAccessorImpl.java:62)
	at sun.reflect.DelegatingMethodAccessorImpl.invoke(DelegatingMethodAccessorImpl.java:43)
	at java.lang.reflect.Method.invoke(Method.java:498)
	at org.junit.runners.model.FrameworkMethod$1.runReflectiveCall(FrameworkMethod.java:47)
	at org.junit.internal.runners.model.ReflectiveCallable.run(ReflectiveCallable.java:12)
	at org.junit.runners.model.FrameworkMethod.invokeExplosively(FrameworkMethod.java:44)
	at org.junit.internal.runners.statements.InvokeMethod.evaluate(InvokeMethod.java:17)
	at org.junit.internal.runners.statements.RunBefores.evaluate(RunBefores.java:26)
	at org.junit.internal.runners.statements.RunAfters.evaluate(RunAfters.java:27)
	at org.junit.runners.ParentRunner.runLeaf(ParentRunner.java:271)
	at org.junit.runners.BlockJUnit4ClassRunner.runChild(BlockJUnit4ClassRunner.java:70)
	at org.junit.runners.BlockJUnit4ClassRunner.runChild(BlockJUnit4ClassRunner.java:50)
	at org.junit.runners.ParentRunner$3.run(ParentRunner.java:238)
	at org.junit.runners.ParentRunner$1.schedule(ParentRunner.java:63)
	at org.junit.runners.ParentRunner.runChildren(ParentRunner.java:236)
	at org.junit.runners.ParentRunner.access$000(ParentRunner.java:53)
	at org.junit.runners.ParentRunner$2.evaluate(ParentRunner.java:229)
	at org.junit.runners.ParentRunner.run(ParentRunner.java:309)
	at org.junit.runners.Suite.runChild(Suite.java:127)
	at org.junit.runners.Suite.runChild(Suite.java:26)
	at org.junit.runners.ParentRunner$3.run(ParentRunner.java:238)
	at org.junit.runners.ParentRunner$1.schedule(ParentRunner.java:63)
	at org.junit.runners.ParentRunner.runChildren(ParentRunner.java:236)
	at org.junit.runners.ParentRunner.access$000(ParentRunner.java:53)
	at org.junit.runners.ParentRunner$2.evaluate(ParentRunner.java:229)
	at org.junit.runners.ParentRunner.run(ParentRunner.java:309)
	at org.apache.maven.surefire.junit4.JUnit4Provider.execute(JUnit4Provider.java:365)
	at org.apache.maven.surefire.junit4.JUnit4Provider.executeWithRerun(JUnit4Provider.java:273)
	at org.apache.maven.surefire.junit4.JUnit4Provider.executeTestSet(JUnit4Provider.java:238)
	at org.apache.maven.surefire.junit4.JUnit4Provider.invoke(JUnit4Provider.java:159)
	at org.apache.maven.surefire.booter.ForkedBooter.invokeProviderInSameClassLoader(ForkedBooter.java:384)
	at org.apache.maven.surefire.booter.ForkedBooter.runSuitesInProcess(ForkedBooter.java:345)
	at org.apache.maven.surefire.booter.ForkedBooter.execute(ForkedBooter.java:126)
	at org.apache.maven.surefire.booter.ForkedBooter.main(ForkedBooter.java:418)
</error>
    <system-out><![CDATA[2019-10-02 23:09:38,040 [main] WARN  server.ServerUtils (ServerUtils.java:getScmDbDir(145)) - ozone.scm.db.dirs is not configured. We recommend adding this setting. Falling back to ozone.metadata.dirs instead.
2019-10-02 23:09:38,068 [main] WARN  server.ServerUtils (ServerUtils.java:getScmDbDir(145)) - ozone.scm.db.dirs is not configured. We recommend adding this setting. Falling back to ozone.metadata.dirs instead.
2019-10-02 23:09:38,069 [main] WARN  server.ServerUtils (ServerUtils.java:getScmDbDir(145)) - ozone.scm.db.dirs is not configured. We recommend adding this setting. Falling back to ozone.metadata.dirs instead.
2019-10-02 23:09:38,069 [main] INFO  db.DBStoreBuilder (DBStoreBuilder.java:addTable(110)) - using custom profile for table: deletedBlocks
2019-10-02 23:09:38,069 [main] INFO  db.DBStoreBuilder (DBStoreBuilder.java:processTables(161)) - Using default column profile:DBProfile.DISK for Table:deletedBlocks
2019-10-02 23:09:38,069 [main] INFO  db.DBStoreBuilder (DBStoreBuilder.java:addTable(110)) - using custom profile for table: validCerts
2019-10-02 23:09:38,069 [main] INFO  db.DBStoreBuilder (DBStoreBuilder.java:processTables(161)) - Using default column profile:DBProfile.DISK for Table:validCerts
2019-10-02 23:09:38,070 [main] INFO  db.DBStoreBuilder (DBStoreBuilder.java:addTable(110)) - using custom profile for table: revokedCerts
2019-10-02 23:09:38,070 [main] INFO  db.DBStoreBuilder (DBStoreBuilder.java:processTables(161)) - Using default column profile:DBProfile.DISK for Table:revokedCerts
2019-10-02 23:09:38,070 [main] INFO  db.DBStoreBuilder (DBStoreBuilder.java:addTable(110)) - using custom profile for table: default
2019-10-02 23:09:38,070 [main] INFO  db.DBStoreBuilder (DBStoreBuilder.java:processTables(167)) - Using default column profile:DBProfile.DISK for Table:default
2019-10-02 23:09:38,070 [main] INFO  db.DBStoreBuilder (DBStoreBuilder.java:getDbProfile(198)) - Using default options. DBProfile.DISK
2019-10-02 23:09:38,345 [main] INFO  net.NodeSchemaLoader (NodeSchemaLoader.java:loadSchemaFromFile(125)) - Loading file from sun.misc.CompoundEnumeration@7e2c6702
2019-10-02 23:09:38,345 [main] INFO  net.NodeSchemaLoader (NodeSchemaLoader.java:loadSchema(171)) - Loading network topology layer schema file
2019-10-02 23:09:38,349 [main] WARN  server.ServerUtils (ServerUtils.java:sanitizeUserArgs(70)) - ozone.scm.stale.node.interval value = 300000 is larger than max = 100000 based on the key value of ozone.scm.heartbeat.thread.interval, reset to the max value 100000.
2019-10-02 23:09:38,350 [main] WARN  server.ServerUtils (ServerUtils.java:sanitizeUserArgs(70)) - ozone.scm.stale.node.interval value = 300000 is larger than max = 100000 based on the key value of ozone.scm.heartbeat.thread.interval, reset to the max value 100000.
2019-10-02 23:09:38,350 [main] INFO  node.SCMNodeManager (SCMNodeManager.java:<init>(114)) - Entering startup safe mode.
2019-10-02 23:09:38,351 [main] INFO  algorithms.ContainerPlacementPolicyFactory (ContainerPlacementPolicyFactory.java:getPolicy(57)) - Create container placement policy of type org.apache.hadoop.hdds.scm.container.placement.algorithms.SCMContainerPlacementRandom
2019-10-02 23:09:38,351 [main] WARN  server.ServerUtils (ServerUtils.java:getScmDbDir(145)) - ozone.scm.db.dirs is not configured. We recommend adding this setting. Falling back to ozone.metadata.dirs instead.
2019-10-02 23:09:38,446 [main] INFO  pipeline.SCMPipelineManager (SCMPipelineManager.java:initializePipelineState(132)) - No pipeline exists in current db
2019-10-02 23:09:38,446 [main] WARN  server.ServerUtils (ServerUtils.java:getScmDbDir(145)) - ozone.scm.db.dirs is not configured. We recommend adding this setting. Falling back to ozone.metadata.dirs instead.
2019-10-02 23:09:38,540 [main] WARN  events.EventQueue (EventQueue.java:fireEvent(183)) - No event handler registered for event TypedEvent{payloadType=SafeModeStatus, name='SafeModeStatus'}
2019-10-02 23:09:38,541 [main] INFO  ipc.CallQueueManager (CallQueueManager.java:<init>(84)) - Using callQueue: class java.util.concurrent.LinkedBlockingQueue, queueCapacity: 2000, scheduler: class org.apache.hadoop.ipc.DefaultRpcScheduler, ipcBackoff: false.
2019-10-02 23:09:38,542 [Socket Reader #1 for port 39173] INFO  ipc.Server (Server.java:run(1074)) - Starting Socket Reader #1 for port 39173
2019-10-02 23:09:38,543 [main] INFO  ipc.CallQueueManager (CallQueueManager.java:<init>(84)) - Using callQueue: class java.util.concurrent.LinkedBlockingQueue, queueCapacity: 2000, scheduler: class org.apache.hadoop.ipc.DefaultRpcScheduler, ipcBackoff: false.
2019-10-02 23:09:38,544 [Socket Reader #1 for port 36955] INFO  ipc.Server (Server.java:run(1074)) - Starting Socket Reader #1 for port 36955
2019-10-02 23:09:38,545 [main] INFO  ipc.CallQueueManager (CallQueueManager.java:<init>(84)) - Using callQueue: class java.util.concurrent.LinkedBlockingQueue, queueCapacity: 2000, scheduler: class org.apache.hadoop.ipc.DefaultRpcScheduler, ipcBackoff: false.
2019-10-02 23:09:38,545 [Socket Reader #1 for port 45213] INFO  ipc.Server (Server.java:run(1074)) - Starting Socket Reader #1 for port 45213
2019-10-02 23:09:38,547 [main] INFO  hdfs.DFSUtil (DFSUtil.java:httpServerTemplateForNNAndJN(1641)) - Starting Web-server for scm at: http://0.0.0.0:0
2019-10-02 23:09:38,549 [main] INFO  server.AuthenticationFilter (AuthenticationFilter.java:constructSecretProvider(240)) - Unable to initialize FileSignerSecretProvider, falling back to use random secrets.
2019-10-02 23:09:38,549 [main] WARN  http.HttpRequestLog (HttpRequestLog.java:getRequestLog(97)) - Jetty request log can only be enabled using Log4j
2019-10-02 23:09:38,551 [main] INFO  http.HttpServer2 (HttpServer2.java:addGlobalFilter(975)) - Added global filter 'safety' (class=org.apache.hadoop.http.HttpServer2$QuotingInputFilter)
2019-10-02 23:09:38,552 [main] INFO  http.HttpServer2 (HttpServer2.java:addFilter(948)) - Added filter static_user_filter (class=org.apache.hadoop.http.lib.StaticUserWebFilter$StaticUserFilter) to context scm
2019-10-02 23:09:38,552 [main] INFO  http.HttpServer2 (HttpServer2.java:addFilter(958)) - Added filter static_user_filter (class=org.apache.hadoop.http.lib.StaticUserWebFilter$StaticUserFilter) to context logs
2019-10-02 23:09:38,552 [main] INFO  http.HttpServer2 (HttpServer2.java:addFilter(958)) - Added filter static_user_filter (class=org.apache.hadoop.http.lib.StaticUserWebFilter$StaticUserFilter) to context static
2019-10-02 23:09:38,553 [main] INFO  server.StorageContainerManager (StorageContainerManager.java:start(770)) - StorageContainerLocationProtocol RPC server is listening at /0.0.0.0:45213
2019-10-02 23:09:38,555 [main] WARN  impl.MetricsConfig (MetricsConfig.java:loadFirst(134)) - Cannot locate configuration: tried hadoop-metrics2-storagecontainermanager.properties,hadoop-metrics2.properties
2019-10-02 23:09:38,556 [main] INFO  impl.MetricsSystemImpl (MetricsSystemImpl.java:startTimer(374)) - Scheduled Metric snapshot period at 10 second(s).
2019-10-02 23:09:38,556 [main] INFO  impl.MetricsSystemImpl (MetricsSystemImpl.java:start(191)) - StorageContainerManager metrics system started
2019-10-02 23:09:38,581 [main] WARN  impl.MetricsSystemImpl (MetricsSystemImpl.java:register(276)) - Sink prometheus already exists!
2019-10-02 23:09:38,858 [main] INFO  server.SCMClientProtocolServer (SCMClientProtocolServer.java:start(150)) - RPC server for Client  is listening at /0.0.0.0:45213
2019-10-02 23:09:38,858 [IPC Server Responder] INFO  ipc.Server (Server.java:run(1314)) - IPC Server Responder: starting
2019-10-02 23:09:38,858 [IPC Server listener on 45213] INFO  ipc.Server (Server.java:run(1153)) - IPC Server listener on 45213: starting
2019-10-02 23:09:38,862 [main] INFO  server.StorageContainerManager (StorageContainerManager.java:start(780)) - ScmBlockLocationProtocol RPC server is listening at /0.0.0.0:36955
2019-10-02 23:09:38,862 [main] INFO  server.SCMBlockProtocolServer (SCMBlockProtocolServer.java:start(146)) - RPC server for Block Protocol is listening at /0.0.0.0:36955
2019-10-02 23:09:38,862 [IPC Server Responder] INFO  ipc.Server (Server.java:run(1314)) - IPC Server Responder: starting
2019-10-02 23:09:38,863 [IPC Server listener on 36955] INFO  ipc.Server (Server.java:run(1153)) - IPC Server listener on 36955: starting
2019-10-02 23:09:38,876 [main] INFO  server.StorageContainerManager (StorageContainerManager.java:start(784)) - ScmDatanodeProtocl RPC server is listening at /0.0.0.0:39173
2019-10-02 23:09:38,876 [main] INFO  server.SCMDatanodeProtocolServer (SCMDatanodeProtocolServer.java:start(191)) - RPC server for DataNodes is listening at /0.0.0.0:39173
2019-10-02 23:09:38,877 [IPC Server Responder] INFO  ipc.Server (Server.java:run(1314)) - IPC Server Responder: starting
2019-10-02 23:09:38,879 [IPC Server listener on 39173] INFO  ipc.Server (Server.java:run(1153)) - IPC Server listener on 39173: starting
2019-10-02 23:09:38,886 [main] INFO  http.HttpServer2 (HttpServer2.java:bindListener(1191)) - Jetty bound to port 43806
2019-10-02 23:09:38,886 [main] INFO  server.Server (Server.java:doStart(351)) - jetty-9.3.25.v20180904, build timestamp: 2018-09-04T21:11:46Z, git hash: 3ce520221d0240229c862b122d2b06c12a625732
2019-10-02 23:09:38,888 [main] INFO  handler.ContextHandler (ContextHandler.java:doStart(781)) - Started o.e.j.s.ServletContextHandler@12cd129c{/logs,file:///workdir/hadoop-ozone/ozonefs/target/log,AVAILABLE}
2019-10-02 23:09:38,889 [main] INFO  handler.ContextHandler (ContextHandler.java:doStart(781)) - Started o.e.j.s.ServletContextHandler@4cb00fa5{/static,jar:file:/home/user/.m2/repository/org/apache/hadoop/hadoop-hdds-server-scm/0.5.0-SNAPSHOT/hadoop-hdds-server-scm-0.5.0-SNAPSHOT.jar!/webapps/static,AVAILABLE}
2019-10-02 23:09:38,928 [main] INFO  handler.ContextHandler (ContextHandler.java:doStart(781)) - Started o.e.j.w.WebAppContext@1fc0d9b4{/,file:///tmp/jetty-0.0.0.0-43806-scm-_-any-6181025989296223188.dir/webapp/,AVAILABLE}{/scm}
2019-10-02 23:09:38,928 [main] INFO  server.AbstractConnector (AbstractConnector.java:doStart(278)) - Started ServerConnector@42107318{HTTP/1.1,[http/1.1]}{0.0.0.0:43806}
2019-10-02 23:09:38,930 [main] INFO  server.Server (Server.java:doStart(419)) - Started @142289ms
2019-10-02 23:09:38,930 [main] WARN  impl.MetricsSystemImpl (MetricsSystemImpl.java:register(276)) - Sink prometheus already exists!
2019-10-02 23:09:38,931 [main] INFO  server.BaseHttpServer (BaseHttpServer.java:updateConnectorAddress(215)) - HTTP server of SCM is listening at http://0.0.0.0:43806
2019-10-02 23:09:38,931 [main] WARN  server.ServerUtils (ServerUtils.java:getDBPath(222)) - ozone.om.db.dirs is not configured. We recommend adding this setting. Falling back to ozone.metadata.dirs instead.
2019-10-02 23:09:38,932 [org.apache.hadoop.util.JvmPauseMonitor$Monitor@5d829ef0] INFO  util.JvmPauseMonitor (JvmPauseMonitor.java:run(188)) - Starting JVM pause monitor
2019-10-02 23:09:38,958 [main] WARN  server.ServerUtils (ServerUtils.java:getDBPath(222)) - ozone.om.db.dirs is not configured. We recommend adding this setting. Falling back to ozone.metadata.dirs instead.
2019-10-02 23:09:38,959 [main] WARN  server.ServerUtils (ServerUtils.java:getDBPath(222)) - ozone.om.db.dirs is not configured. We recommend adding this setting. Falling back to ozone.metadata.dirs instead.
2019-10-02 23:09:38,959 [main] INFO  om.OzoneManager (OzoneManager.java:setOMNodeDetails(652)) - OM Service ID is not set. Setting it to the default ID: omServiceIdDefault
2019-10-02 23:09:38,959 [main] INFO  om.OzoneManager (OzoneManager.java:setOMNodeDetails(658)) - OM Node ID is not set. Setting it to the OmStorage's OmID: 6b8c5bff-dc6d-499c-b856-ad7894bbbe5e
2019-10-02 23:09:38,959 [main] INFO  om.OzoneManager (OzoneManager.java:loadOMHAConfigs(609)) - Found matching OM address with OMServiceId: null, OMNodeId: null, RPC Address: localhost:0 and Ratis port: 9872
2019-10-02 23:09:38,967 [main] WARN  server.ServerUtils (ServerUtils.java:getDBPath(222)) - ozone.om.db.dirs is not configured. We recommend adding this setting. Falling back to ozone.metadata.dirs instead.
2019-10-02 23:09:38,968 [main] INFO  db.DBStoreBuilder (DBStoreBuilder.java:addTable(110)) - using custom profile for table: userTable
2019-10-02 23:09:38,968 [main] INFO  db.DBStoreBuilder (DBStoreBuilder.java:processTables(161)) - Using default column profile:DBProfile.DISK for Table:userTable
2019-10-02 23:09:38,968 [main] INFO  db.DBStoreBuilder (DBStoreBuilder.java:addTable(110)) - using custom profile for table: volumeTable
2019-10-02 23:09:38,969 [main] INFO  db.DBStoreBuilder (DBStoreBuilder.java:processTables(161)) - Using default column profile:DBProfile.DISK for Table:volumeTable
2019-10-02 23:09:38,969 [main] INFO  db.DBStoreBuilder (DBStoreBuilder.java:addTable(110)) - using custom profile for table: bucketTable
2019-10-02 23:09:38,969 [main] INFO  db.DBStoreBuilder (DBStoreBuilder.java:processTables(161)) - Using default column profile:DBProfile.DISK for Table:bucketTable
2019-10-02 23:09:38,969 [main] INFO  db.DBStoreBuilder (DBStoreBuilder.java:addTable(110)) - using custom profile for table: keyTable
2019-10-02 23:09:38,970 [main] INFO  db.DBStoreBuilder (DBStoreBuilder.java:processTables(161)) - Using default column profile:DBProfile.DISK for Table:keyTable
2019-10-02 23:09:38,970 [main] INFO  db.DBStoreBuilder (DBStoreBuilder.java:addTable(110)) - using custom profile for table: deletedTable
2019-10-02 23:09:38,970 [main] INFO  db.DBStoreBuilder (DBStoreBuilder.java:processTables(161)) - Using default column profile:DBProfile.DISK for Table:deletedTable
2019-10-02 23:09:38,970 [main] INFO  db.DBStoreBuilder (DBStoreBuilder.java:addTable(110)) - using custom profile for table: openKeyTable
2019-10-02 23:09:38,971 [main] INFO  db.DBStoreBuilder (DBStoreBuilder.java:processTables(161)) - Using default column profile:DBProfile.DISK for Table:openKeyTable
2019-10-02 23:09:38,971 [main] INFO  db.DBStoreBuilder (DBStoreBuilder.java:addTable(110)) - using custom profile for table: s3Table
2019-10-02 23:09:38,971 [main] INFO  db.DBStoreBuilder (DBStoreBuilder.java:processTables(161)) - Using default column profile:DBProfile.DISK for Table:s3Table
2019-10-02 23:09:38,971 [main] INFO  db.DBStoreBuilder (DBStoreBuilder.java:addTable(110)) - using custom profile for table: multipartInfoTable
2019-10-02 23:09:38,971 [main] INFO  db.DBStoreBuilder (DBStoreBuilder.java:processTables(161)) - Using default column profile:DBProfile.DISK for Table:multipartInfoTable
2019-10-02 23:09:38,972 [main] INFO  db.DBStoreBuilder (DBStoreBuilder.java:addTable(110)) - using custom profile for table: dTokenTable
2019-10-02 23:09:38,972 [main] INFO  db.DBStoreBuilder (DBStoreBuilder.java:processTables(161)) - Using default column profile:DBProfile.DISK for Table:dTokenTable
2019-10-02 23:09:38,972 [main] INFO  db.DBStoreBuilder (DBStoreBuilder.java:addTable(110)) - using custom profile for table: s3SecretTable
2019-10-02 23:09:38,972 [main] INFO  db.DBStoreBuilder (DBStoreBuilder.java:processTables(161)) - Using default column profile:DBProfile.DISK for Table:s3SecretTable
2019-10-02 23:09:38,972 [main] INFO  db.DBStoreBuilder (DBStoreBuilder.java:addTable(110)) - using custom profile for table: prefixTable
2019-10-02 23:09:38,972 [main] INFO  db.DBStoreBuilder (DBStoreBuilder.java:processTables(161)) - Using default column profile:DBProfile.DISK for Table:prefixTable
2019-10-02 23:09:38,973 [main] INFO  db.DBStoreBuilder (DBStoreBuilder.java:addTable(110)) - using custom profile for table: default
2019-10-02 23:09:38,973 [main] INFO  db.DBStoreBuilder (DBStoreBuilder.java:processTables(167)) - Using default column profile:DBProfile.DISK for Table:default
2019-10-02 23:09:38,973 [main] INFO  db.DBStoreBuilder (DBStoreBuilder.java:getDbProfile(198)) - Using default options. DBProfile.DISK
2019-10-02 23:09:39,667 [main] INFO  ipc.CallQueueManager (CallQueueManager.java:<init>(84)) - Using callQueue: class java.util.concurrent.LinkedBlockingQueue, queueCapacity: 2000, scheduler: class org.apache.hadoop.ipc.DefaultRpcScheduler, ipcBackoff: false.
2019-10-02 23:09:39,671 [Socket Reader #1 for port 42576] INFO  ipc.Server (Server.java:run(1074)) - Starting Socket Reader #1 for port 42576
2019-10-02 23:09:39,697 [main] INFO  om.OzoneManager (OzoneManager.java:start(1243)) - OzoneManager RPC server is listening at localhost/127.0.0.1:42576
2019-10-02 23:09:39,697 [main] INFO  impl.MetricsSystemImpl (MetricsSystemImpl.java:init(158)) - OzoneManager metrics system started (again)
2019-10-02 23:09:39,698 [IPC Server Responder] INFO  ipc.Server (Server.java:run(1314)) - IPC Server Responder: starting
2019-10-02 23:09:39,698 [IPC Server listener on 42576] INFO  ipc.Server (Server.java:run(1153)) - IPC Server listener on 42576: starting
2019-10-02 23:09:39,703 [main] INFO  hdfs.DFSUtil (DFSUtil.java:httpServerTemplateForNNAndJN(1641)) - Starting Web-server for ozoneManager at: http://0.0.0.0:0
2019-10-02 23:09:39,706 [main] INFO  server.AuthenticationFilter (AuthenticationFilter.java:constructSecretProvider(240)) - Unable to initialize FileSignerSecretProvider, falling back to use random secrets.
2019-10-02 23:09:39,707 [main] WARN  http.HttpRequestLog (HttpRequestLog.java:getRequestLog(97)) - Jetty request log can only be enabled using Log4j
2019-10-02 23:09:39,709 [main] INFO  http.HttpServer2 (HttpServer2.java:addGlobalFilter(975)) - Added global filter 'safety' (class=org.apache.hadoop.http.HttpServer2$QuotingInputFilter)
2019-10-02 23:09:39,710 [main] INFO  http.HttpServer2 (HttpServer2.java:addFilter(948)) - Added filter static_user_filter (class=org.apache.hadoop.http.lib.StaticUserWebFilter$StaticUserFilter) to context ozoneManager
2019-10-02 23:09:39,710 [main] INFO  http.HttpServer2 (HttpServer2.java:addFilter(958)) - Added filter static_user_filter (class=org.apache.hadoop.http.lib.StaticUserWebFilter$StaticUserFilter) to context static
2019-10-02 23:09:39,710 [main] INFO  http.HttpServer2 (HttpServer2.java:addFilter(958)) - Added filter static_user_filter (class=org.apache.hadoop.http.lib.StaticUserWebFilter$StaticUserFilter) to context logs
2019-10-02 23:09:39,711 [main] INFO  http.HttpServer2 (HttpServer2.java:bindListener(1191)) - Jetty bound to port 46383
2019-10-02 23:09:39,711 [main] INFO  server.Server (Server.java:doStart(351)) - jetty-9.3.25.v20180904, build timestamp: 2018-09-04T21:11:46Z, git hash: 3ce520221d0240229c862b122d2b06c12a625732
2019-10-02 23:09:39,714 [main] INFO  handler.ContextHandler (ContextHandler.java:doStart(781)) - Started o.e.j.s.ServletContextHandler@2296127{/logs,file:///workdir/hadoop-ozone/ozonefs/target/log,AVAILABLE}
2019-10-02 23:09:39,715 [main] INFO  handler.ContextHandler (ContextHandler.java:doStart(781)) - Started o.e.j.s.ServletContextHandler@1d283d1{/static,jar:file:/home/user/.m2/repository/org/apache/hadoop/hadoop-ozone-ozone-manager/0.5.0-SNAPSHOT/hadoop-ozone-ozone-manager-0.5.0-SNAPSHOT.jar!/webapps/static,AVAILABLE}
2019-10-02 23:09:39,768 [main] INFO  handler.ContextHandler (ContextHandler.java:doStart(781)) - Started o.e.j.w.WebAppContext@19105a87{/,file:///tmp/jetty-0.0.0.0-46383-ozoneManager-_-any-2284060442783838202.dir/webapp/,AVAILABLE}{/ozoneManager}
2019-10-02 23:09:39,771 [main] INFO  server.AbstractConnector (AbstractConnector.java:doStart(278)) - Started ServerConnector@7cf0ad3f{HTTP/1.1,[http/1.1]}{0.0.0.0:46383}
2019-10-02 23:09:39,771 [main] INFO  server.Server (Server.java:doStart(419)) - Started @143131ms
2019-10-02 23:09:39,771 [main] WARN  impl.MetricsSystemImpl (MetricsSystemImpl.java:register(276)) - Sink prometheus already exists!
2019-10-02 23:09:39,772 [main] INFO  server.BaseHttpServer (BaseHttpServer.java:updateConnectorAddress(215)) - HTTP server of OZONEMANAGER is listening at http://0.0.0.0:46383
2019-10-02 23:09:39,783 [main] INFO  impl.MetricsSystemImpl (MetricsSystemImpl.java:init(158)) - HddsDatanode metrics system started (again)
2019-10-02 23:09:39,787 [main] INFO  ozone.HddsDatanodeService (HddsDatanodeService.java:start(184)) - HddsDatanodeService host:pr-hdds1737-lts7z-2510321508 ip:192.168.30.30
2019-10-02 23:09:39,794 [main] INFO  volume.HddsVolume (HddsVolume.java:<init>(176)) - Creating Volume: /workdir/hadoop-ozone/ozonefs/target/test-dir/MiniOzoneClusterImpl-33bb1b6f-08a7-4827-87f7-192ae60b9681/datanode-0/data/containers/hdds of  storage type : DISK and capacity : 1482555576320
2019-10-02 23:09:39,794 [main] INFO  volume.VolumeSet (VolumeSet.java:initializeVolumeSet(170)) - Added Volume : /workdir/hadoop-ozone/ozonefs/target/test-dir/MiniOzoneClusterImpl-33bb1b6f-08a7-4827-87f7-192ae60b9681/datanode-0/data/containers/hdds to VolumeSet
2019-10-02 23:09:39,795 [main] INFO  volume.ThrottledAsyncChecker (ThrottledAsyncChecker.java:schedule(139)) - Scheduling a check for org.apache.hadoop.ozone.container.common.volume.HddsVolume@57e4b86c
2019-10-02 23:09:39,795 [main] INFO  volume.HddsVolumeChecker (HddsVolumeChecker.java:checkAllVolumes(202)) - Scheduled health check for volume org.apache.hadoop.ozone.container.common.volume.HddsVolume@57e4b86c
2019-10-02 23:09:39,826 [main] INFO  impl.RaftServerProxy (ConfUtils.java:logGet(43)) - raft.rpc.type = GRPC (default)
2019-10-02 23:09:39,826 [main] INFO  grpc.GrpcFactory (GrpcFactory.java:checkPooledByteBufAllocatorUseCacheForAllThreads(45)) - PERFORMANCE WARNING: useCacheForAllThreads is true that may cause Netty to create a lot garbage objects and, as a result, trigger GC.
	It is recommended to disable useCacheForAllThreads by setting -Dorg.apache.ratis.thirdparty.io.netty.allocator.useCacheForAllThreads=false in command line.
2019-10-02 23:09:39,826 [main] INFO  grpc.GrpcConfigKeys$Server (ConfUtils.java:logGet(43)) - raft.grpc.server.port = 0 (default)
2019-10-02 23:09:39,826 [main] INFO  server.GrpcService (ConfUtils.java:logGet(43)) - raft.grpc.message.size.max = 33570816 (custom)
2019-10-02 23:09:39,827 [main] INFO  server.RaftServerConfigKeys (ConfUtils.java:logGet(43)) - raft.server.log.appender.buffer.byte-limit = 33554432 (custom)
2019-10-02 23:09:39,827 [main] INFO  server.GrpcService (ConfUtils.java:logGet(43)) - raft.grpc.flow.control.window = 1MB (=1048576) (default)
2019-10-02 23:09:39,827 [main] INFO  server.RaftServerConfigKeys (ConfUtils.java:logGet(43)) - raft.server.rpc.request.timeout = 3000ms (default)
2019-10-02 23:09:39,828 [main] INFO  server.RaftServerConfigKeys (ConfUtils.java:logGet(43)) - raft.server.storage.dir = [/workdir/hadoop-ozone/ozonefs/target/test-dir/MiniOzoneClusterImpl-33bb1b6f-08a7-4827-87f7-192ae60b9681/datanode-0/data/ratis] (custom)
2019-10-02 23:09:39,829 [main] INFO  hdfs.DFSUtil (DFSUtil.java:httpServerTemplateForNNAndJN(1641)) - Starting Web-server for hddsDatanode at: http://0.0.0.0:0
2019-10-02 23:09:39,830 [main] INFO  server.AuthenticationFilter (AuthenticationFilter.java:constructSecretProvider(240)) - Unable to initialize FileSignerSecretProvider, falling back to use random secrets.
2019-10-02 23:09:39,831 [main] WARN  http.HttpRequestLog (HttpRequestLog.java:getRequestLog(97)) - Jetty request log can only be enabled using Log4j
2019-10-02 23:09:39,832 [main] INFO  http.HttpServer2 (HttpServer2.java:addGlobalFilter(975)) - Added global filter 'safety' (class=org.apache.hadoop.http.HttpServer2$QuotingInputFilter)
2019-10-02 23:09:39,833 [main] INFO  http.HttpServer2 (HttpServer2.java:addFilter(948)) - Added filter static_user_filter (class=org.apache.hadoop.http.lib.StaticUserWebFilter$StaticUserFilter) to context hddsDatanode
2019-10-02 23:09:39,833 [main] INFO  http.HttpServer2 (HttpServer2.java:addFilter(958)) - Added filter static_user_filter (class=org.apache.hadoop.http.lib.StaticUserWebFilter$StaticUserFilter) to context logs
2019-10-02 23:09:39,834 [main] INFO  http.HttpServer2 (HttpServer2.java:addFilter(958)) - Added filter static_user_filter (class=org.apache.hadoop.http.lib.StaticUserWebFilter$StaticUserFilter) to context static
2019-10-02 23:09:39,834 [main] INFO  http.HttpServer2 (HttpServer2.java:bindListener(1191)) - Jetty bound to port 35101
2019-10-02 23:09:39,834 [main] INFO  server.Server (Server.java:doStart(351)) - jetty-9.3.25.v20180904, build timestamp: 2018-09-04T21:11:46Z, git hash: 3ce520221d0240229c862b122d2b06c12a625732
2019-10-02 23:09:39,838 [main] INFO  handler.ContextHandler (ContextHandler.java:doStart(781)) - Started o.e.j.s.ServletContextHandler@68fc9167{/logs,file:///workdir/hadoop-ozone/ozonefs/target/log,AVAILABLE}
2019-10-02 23:09:39,839 [main] INFO  handler.ContextHandler (ContextHandler.java:doStart(781)) - Started o.e.j.s.ServletContextHandler@12fccff0{/static,jar:file:/home/user/.m2/repository/org/apache/hadoop/hadoop-hdds-container-service/0.5.0-SNAPSHOT/hadoop-hdds-container-service-0.5.0-SNAPSHOT.jar!/webapps/static,AVAILABLE}
2019-10-02 23:09:39,872 [main] INFO  handler.ContextHandler (ContextHandler.java:doStart(781)) - Started o.e.j.w.WebAppContext@7ef8e623{/,file:///tmp/jetty-0.0.0.0-35101-hddsDatanode-_-any-7403548334316804334.dir/webapp/,AVAILABLE}{/hddsDatanode}
2019-10-02 23:09:39,873 [main] INFO  server.AbstractConnector (AbstractConnector.java:doStart(278)) - Started ServerConnector@3d8d970e{HTTP/1.1,[http/1.1]}{0.0.0.0:35101}
2019-10-02 23:09:39,874 [main] INFO  server.Server (Server.java:doStart(419)) - Started @143234ms
2019-10-02 23:09:39,875 [main] WARN  impl.MetricsSystemImpl (MetricsSystemImpl.java:register(276)) - Sink prometheus already exists!
2019-10-02 23:09:39,884 [main] INFO  server.BaseHttpServer (BaseHttpServer.java:updateConnectorAddress(215)) - HTTP server of HDDSDATANODE is listening at http://0.0.0.0:35101
2019-10-02 23:09:39,884 [main] INFO  impl.MetricsSystemImpl (MetricsSystemImpl.java:init(158)) - HddsDatanode metrics system started (again)
2019-10-02 23:09:39,889 [main] INFO  ozone.HddsDatanodeService (HddsDatanodeService.java:start(184)) - HddsDatanodeService host:pr-hdds1737-lts7z-2510321508 ip:192.168.30.30
2019-10-02 23:09:39,894 [org.apache.hadoop.util.JvmPauseMonitor$Monitor@6c6a0731] INFO  util.JvmPauseMonitor (JvmPauseMonitor.java:run(188)) - Starting JVM pause monitor
2019-10-02 23:09:39,898 [main] INFO  volume.HddsVolume (HddsVolume.java:<init>(176)) - Creating Volume: /workdir/hadoop-ozone/ozonefs/target/test-dir/MiniOzoneClusterImpl-33bb1b6f-08a7-4827-87f7-192ae60b9681/datanode-1/data/containers/hdds of  storage type : DISK and capacity : 1482555576320
2019-10-02 23:09:39,898 [main] INFO  volume.VolumeSet (VolumeSet.java:initializeVolumeSet(170)) - Added Volume : /workdir/hadoop-ozone/ozonefs/target/test-dir/MiniOzoneClusterImpl-33bb1b6f-08a7-4827-87f7-192ae60b9681/datanode-1/data/containers/hdds to VolumeSet
2019-10-02 23:09:39,898 [Datanode State Machine Thread - 0] INFO  datanode.InitDatanodeState (InitDatanodeState.java:persistContainerDatanodeDetails(140)) - DatanodeDetails is persisted to /workdir/hadoop-ozone/ozonefs/target/test-dir/MiniOzoneClusterImpl-33bb1b6f-08a7-4827-87f7-192ae60b9681/datanode-0/meta/datanode.id
2019-10-02 23:09:39,898 [main] INFO  volume.ThrottledAsyncChecker (ThrottledAsyncChecker.java:schedule(139)) - Scheduling a check for org.apache.hadoop.ozone.container.common.volume.HddsVolume@22b7ef2b
2019-10-02 23:09:39,899 [main] INFO  volume.HddsVolumeChecker (HddsVolumeChecker.java:checkAllVolumes(202)) - Scheduled health check for volume org.apache.hadoop.ozone.container.common.volume.HddsVolume@22b7ef2b
2019-10-02 23:09:39,917 [main] INFO  impl.RaftServerProxy (ConfUtils.java:logGet(43)) - raft.rpc.type = GRPC (default)
2019-10-02 23:09:39,917 [main] INFO  grpc.GrpcFactory (GrpcFactory.java:checkPooledByteBufAllocatorUseCacheForAllThreads(45)) - PERFORMANCE WARNING: useCacheForAllThreads is true that may cause Netty to create a lot garbage objects and, as a result, trigger GC.
	It is recommended to disable useCacheForAllThreads by setting -Dorg.apache.ratis.thirdparty.io.netty.allocator.useCacheForAllThreads=false in command line.
2019-10-02 23:09:39,917 [main] INFO  grpc.GrpcConfigKeys$Server (ConfUtils.java:logGet(43)) - raft.grpc.server.port = 0 (default)
2019-10-02 23:09:39,917 [main] INFO  server.GrpcService (ConfUtils.java:logGet(43)) - raft.grpc.message.size.max = 33570816 (custom)
2019-10-02 23:09:39,918 [main] INFO  server.RaftServerConfigKeys (ConfUtils.java:logGet(43)) - raft.server.log.appender.buffer.byte-limit = 33554432 (custom)
2019-10-02 23:09:39,918 [main] INFO  server.GrpcService (ConfUtils.java:logGet(43)) - raft.grpc.flow.control.window = 1MB (=1048576) (default)
2019-10-02 23:09:39,918 [main] INFO  server.RaftServerConfigKeys (ConfUtils.java:logGet(43)) - raft.server.rpc.request.timeout = 3000ms (default)
2019-10-02 23:09:39,918 [main] INFO  server.RaftServerConfigKeys (ConfUtils.java:logGet(43)) - raft.server.storage.dir = [/workdir/hadoop-ozone/ozonefs/target/test-dir/MiniOzoneClusterImpl-33bb1b6f-08a7-4827-87f7-192ae60b9681/datanode-1/data/ratis] (custom)
2019-10-02 23:09:39,920 [main] INFO  hdfs.DFSUtil (DFSUtil.java:httpServerTemplateForNNAndJN(1641)) - Starting Web-server for hddsDatanode at: http://0.0.0.0:0
2019-10-02 23:09:39,922 [main] INFO  server.AuthenticationFilter (AuthenticationFilter.java:constructSecretProvider(240)) - Unable to initialize FileSignerSecretProvider, falling back to use random secrets.
2019-10-02 23:09:39,922 [main] WARN  http.HttpRequestLog (HttpRequestLog.java:getRequestLog(97)) - Jetty request log can only be enabled using Log4j
2019-10-02 23:09:39,924 [main] INFO  http.HttpServer2 (HttpServer2.java:addGlobalFilter(975)) - Added global filter 'safety' (class=org.apache.hadoop.http.HttpServer2$QuotingInputFilter)
2019-10-02 23:09:39,924 [main] INFO  http.HttpServer2 (HttpServer2.java:addFilter(948)) - Added filter static_user_filter (class=org.apache.hadoop.http.lib.StaticUserWebFilter$StaticUserFilter) to context hddsDatanode
2019-10-02 23:09:39,925 [main] INFO  http.HttpServer2 (HttpServer2.java:addFilter(958)) - Added filter static_user_filter (class=org.apache.hadoop.http.lib.StaticUserWebFilter$StaticUserFilter) to context static
2019-10-02 23:09:39,925 [main] INFO  http.HttpServer2 (HttpServer2.java:addFilter(958)) - Added filter static_user_filter (class=org.apache.hadoop.http.lib.StaticUserWebFilter$StaticUserFilter) to context logs
2019-10-02 23:09:39,925 [main] INFO  http.HttpServer2 (HttpServer2.java:bindListener(1191)) - Jetty bound to port 42445
2019-10-02 23:09:39,925 [main] INFO  server.Server (Server.java:doStart(351)) - jetty-9.3.25.v20180904, build timestamp: 2018-09-04T21:11:46Z, git hash: 3ce520221d0240229c862b122d2b06c12a625732
2019-10-02 23:09:39,927 [main] INFO  handler.ContextHandler (ContextHandler.java:doStart(781)) - Started o.e.j.s.ServletContextHandler@446c8c72{/logs,file:///workdir/hadoop-ozone/ozonefs/target/log,AVAILABLE}
2019-10-02 23:09:39,927 [main] INFO  handler.ContextHandler (ContextHandler.java:doStart(781)) - Started o.e.j.s.ServletContextHandler@11d2714a{/static,jar:file:/home/user/.m2/repository/org/apache/hadoop/hadoop-hdds-container-service/0.5.0-SNAPSHOT/hadoop-hdds-container-service-0.5.0-SNAPSHOT.jar!/webapps/static,AVAILABLE}
2019-10-02 23:09:39,960 [main] INFO  handler.ContextHandler (ContextHandler.java:doStart(781)) - Started o.e.j.w.WebAppContext@590013c7{/,file:///tmp/jetty-0.0.0.0-42445-hddsDatanode-_-any-5292696182236331446.dir/webapp/,AVAILABLE}{/hddsDatanode}
2019-10-02 23:09:39,962 [main] INFO  server.AbstractConnector (AbstractConnector.java:doStart(278)) - Started ServerConnector@64f32e9e{HTTP/1.1,[http/1.1]}{0.0.0.0:42445}
2019-10-02 23:09:39,963 [main] INFO  server.Server (Server.java:doStart(419)) - Started @143322ms
2019-10-02 23:09:39,963 [main] WARN  impl.MetricsSystemImpl (MetricsSystemImpl.java:register(276)) - Sink prometheus already exists!
2019-10-02 23:09:39,964 [main] INFO  server.BaseHttpServer (BaseHttpServer.java:updateConnectorAddress(215)) - HTTP server of HDDSDATANODE is listening at http://0.0.0.0:42445
2019-10-02 23:09:39,964 [main] INFO  impl.MetricsSystemImpl (MetricsSystemImpl.java:init(158)) - HddsDatanode metrics system started (again)
2019-10-02 23:09:39,968 [main] INFO  ozone.HddsDatanodeService (HddsDatanodeService.java:start(184)) - HddsDatanodeService host:pr-hdds1737-lts7z-2510321508 ip:192.168.30.30
2019-10-02 23:09:39,970 [org.apache.hadoop.util.JvmPauseMonitor$Monitor@5111e05f] INFO  util.JvmPauseMonitor (JvmPauseMonitor.java:run(188)) - Starting JVM pause monitor
2019-10-02 23:09:39,971 [Datanode State Machine Thread - 0] INFO  datanode.InitDatanodeState (InitDatanodeState.java:persistContainerDatanodeDetails(140)) - DatanodeDetails is persisted to /workdir/hadoop-ozone/ozonefs/target/test-dir/MiniOzoneClusterImpl-33bb1b6f-08a7-4827-87f7-192ae60b9681/datanode-1/meta/datanode.id
2019-10-02 23:09:39,975 [main] INFO  volume.HddsVolume (HddsVolume.java:<init>(176)) - Creating Volume: /workdir/hadoop-ozone/ozonefs/target/test-dir/MiniOzoneClusterImpl-33bb1b6f-08a7-4827-87f7-192ae60b9681/datanode-2/data/containers/hdds of  storage type : DISK and capacity : 1482555576320
2019-10-02 23:09:39,976 [main] INFO  volume.VolumeSet (VolumeSet.java:initializeVolumeSet(170)) - Added Volume : /workdir/hadoop-ozone/ozonefs/target/test-dir/MiniOzoneClusterImpl-33bb1b6f-08a7-4827-87f7-192ae60b9681/datanode-2/data/containers/hdds to VolumeSet
2019-10-02 23:09:39,976 [main] INFO  volume.ThrottledAsyncChecker (ThrottledAsyncChecker.java:schedule(139)) - Scheduling a check for org.apache.hadoop.ozone.container.common.volume.HddsVolume@68e47e7
2019-10-02 23:09:39,977 [main] INFO  volume.HddsVolumeChecker (HddsVolumeChecker.java:checkAllVolumes(202)) - Scheduled health check for volume org.apache.hadoop.ozone.container.common.volume.HddsVolume@68e47e7
2019-10-02 23:09:40,003 [main] INFO  impl.RaftServerProxy (ConfUtils.java:logGet(43)) - raft.rpc.type = GRPC (default)
2019-10-02 23:09:40,004 [main] INFO  grpc.GrpcFactory (GrpcFactory.java:checkPooledByteBufAllocatorUseCacheForAllThreads(45)) - PERFORMANCE WARNING: useCacheForAllThreads is true that may cause Netty to create a lot garbage objects and, as a result, trigger GC.
	It is recommended to disable useCacheForAllThreads by setting -Dorg.apache.ratis.thirdparty.io.netty.allocator.useCacheForAllThreads=false in command line.
2019-10-02 23:09:40,004 [main] INFO  grpc.GrpcConfigKeys$Server (ConfUtils.java:logGet(43)) - raft.grpc.server.port = 0 (default)
2019-10-02 23:09:40,004 [main] INFO  server.GrpcService (ConfUtils.java:logGet(43)) - raft.grpc.message.size.max = 33570816 (custom)
2019-10-02 23:09:40,004 [main] INFO  server.RaftServerConfigKeys (ConfUtils.java:logGet(43)) - raft.server.log.appender.buffer.byte-limit = 33554432 (custom)
2019-10-02 23:09:40,005 [main] INFO  server.GrpcService (ConfUtils.java:logGet(43)) - raft.grpc.flow.control.window = 1MB (=1048576) (default)
2019-10-02 23:09:40,005 [main] INFO  server.RaftServerConfigKeys (ConfUtils.java:logGet(43)) - raft.server.rpc.request.timeout = 3000ms (default)
2019-10-02 23:09:40,006 [main] INFO  server.RaftServerConfigKeys (ConfUtils.java:logGet(43)) - raft.server.storage.dir = [/workdir/hadoop-ozone/ozonefs/target/test-dir/MiniOzoneClusterImpl-33bb1b6f-08a7-4827-87f7-192ae60b9681/datanode-2/data/ratis] (custom)
2019-10-02 23:09:40,007 [main] INFO  hdfs.DFSUtil (DFSUtil.java:httpServerTemplateForNNAndJN(1641)) - Starting Web-server for hddsDatanode at: http://0.0.0.0:0
2019-10-02 23:09:40,009 [main] INFO  server.AuthenticationFilter (AuthenticationFilter.java:constructSecretProvider(240)) - Unable to initialize FileSignerSecretProvider, falling back to use random secrets.
2019-10-02 23:09:40,009 [main] WARN  http.HttpRequestLog (HttpRequestLog.java:getRequestLog(97)) - Jetty request log can only be enabled using Log4j
2019-10-02 23:09:40,012 [main] INFO  http.HttpServer2 (HttpServer2.java:addGlobalFilter(975)) - Added global filter 'safety' (class=org.apache.hadoop.http.HttpServer2$QuotingInputFilter)
2019-10-02 23:09:40,013 [main] INFO  http.HttpServer2 (HttpServer2.java:addFilter(948)) - Added filter static_user_filter (class=org.apache.hadoop.http.lib.StaticUserWebFilter$StaticUserFilter) to context hddsDatanode
2019-10-02 23:09:40,013 [main] INFO  http.HttpServer2 (HttpServer2.java:addFilter(958)) - Added filter static_user_filter (class=org.apache.hadoop.http.lib.StaticUserWebFilter$StaticUserFilter) to context static
2019-10-02 23:09:40,013 [main] INFO  http.HttpServer2 (HttpServer2.java:addFilter(958)) - Added filter static_user_filter (class=org.apache.hadoop.http.lib.StaticUserWebFilter$StaticUserFilter) to context logs
2019-10-02 23:09:40,014 [main] INFO  http.HttpServer2 (HttpServer2.java:bindListener(1191)) - Jetty bound to port 42961
2019-10-02 23:09:40,014 [main] INFO  server.Server (Server.java:doStart(351)) - jetty-9.3.25.v20180904, build timestamp: 2018-09-04T21:11:46Z, git hash: 3ce520221d0240229c862b122d2b06c12a625732
2019-10-02 23:09:40,019 [main] INFO  handler.ContextHandler (ContextHandler.java:doStart(781)) - Started o.e.j.s.ServletContextHandler@9e33a6a{/logs,file:///workdir/hadoop-ozone/ozonefs/target/log,AVAILABLE}
2019-10-02 23:09:40,020 [main] INFO  handler.ContextHandler (ContextHandler.java:doStart(781)) - Started o.e.j.s.ServletContextHandler@7493d937{/static,jar:file:/home/user/.m2/repository/org/apache/hadoop/hadoop-hdds-container-service/0.5.0-SNAPSHOT/hadoop-hdds-container-service-0.5.0-SNAPSHOT.jar!/webapps/static,AVAILABLE}
2019-10-02 23:09:40,093 [main] INFO  handler.ContextHandler (ContextHandler.java:doStart(781)) - Started o.e.j.w.WebAppContext@e2b3026{/,file:///tmp/jetty-0.0.0.0-42961-hddsDatanode-_-any-2161486306609481080.dir/webapp/,AVAILABLE}{/hddsDatanode}
2019-10-02 23:09:40,093 [main] INFO  server.AbstractConnector (AbstractConnector.java:doStart(278)) - Started ServerConnector@38bc5ac0{HTTP/1.1,[http/1.1]}{0.0.0.0:42961}
2019-10-02 23:09:40,095 [main] INFO  server.Server (Server.java:doStart(419)) - Started @143454ms
2019-10-02 23:09:40,095 [main] WARN  impl.MetricsSystemImpl (MetricsSystemImpl.java:register(276)) - Sink prometheus already exists!
2019-10-02 23:09:40,096 [main] INFO  server.BaseHttpServer (BaseHttpServer.java:updateConnectorAddress(215)) - HTTP server of HDDSDATANODE is listening at http://0.0.0.0:42961
2019-10-02 23:09:40,096 [main] INFO  ozone.MiniOzoneClusterImpl (MiniOzoneClusterImpl.java:lambda$waitForClusterToBeReady$0(147)) - Waiting for cluster to be ready. Got 0 of 3 DN Heartbeats.
2019-10-02 23:09:40,097 [org.apache.hadoop.util.JvmPauseMonitor$Monitor@52afd42f] INFO  util.JvmPauseMonitor (JvmPauseMonitor.java:run(188)) - Starting JVM pause monitor
2019-10-02 23:09:40,098 [Datanode State Machine Thread - 0] INFO  datanode.InitDatanodeState (InitDatanodeState.java:persistContainerDatanodeDetails(140)) - DatanodeDetails is persisted to /workdir/hadoop-ozone/ozonefs/target/test-dir/MiniOzoneClusterImpl-33bb1b6f-08a7-4827-87f7-192ae60b9681/datanode-2/meta/datanode.id
2019-10-02 23:09:41,096 [main] INFO  ozone.MiniOzoneClusterImpl (MiniOzoneClusterImpl.java:lambda$waitForClusterToBeReady$0(147)) - Waiting for cluster to be ready. Got 0 of 3 DN Heartbeats.
2019-10-02 23:09:41,913 [Datanode State Machine Thread - 0] INFO  ozoneimpl.OzoneContainer (OzoneContainer.java:start(217)) - Attempting to start container services.
2019-10-02 23:09:41,913 [Datanode State Machine Thread - 0] INFO  ozoneimpl.OzoneContainer (OzoneContainer.java:startContainerScrub(179)) - Background container scanner has been disabled.
2019-10-02 23:09:41,913 [Datanode State Machine Thread - 0] INFO  ratis.XceiverServerRatis (XceiverServerRatis.java:start(417)) - Starting XceiverServerRatis c9842f36-1c61-4897-b49f-cfcf607c5fa5 at port 0
2019-10-02 23:09:41,919 [Datanode State Machine Thread - 0] INFO  impl.RaftServerProxy (RaftServerProxy.java:lambda$start$3(299)) - c9842f36-1c61-4897-b49f-cfcf607c5fa5: start RPC server
2019-10-02 23:09:41,922 [Datanode State Machine Thread - 0] INFO  server.GrpcService (GrpcService.java:startImpl(158)) - c9842f36-1c61-4897-b49f-cfcf607c5fa5: GrpcService started, listening on 0.0.0.0/0.0.0.0:42767
2019-10-02 23:09:41,922 [Datanode State Machine Thread - 0] INFO  ratis.XceiverServerRatis (XceiverServerRatis.java:start(427)) - XceiverServerRatis c9842f36-1c61-4897-b49f-cfcf607c5fa5 is started using port 42767
2019-10-02 23:09:41,922 [Datanode State Machine Thread - 0] INFO  server.XceiverServerGrpc (XceiverServerGrpc.java:start(149)) - XceiverServerGrpc c9842f36-1c61-4897-b49f-cfcf607c5fa5 is started using port 39137
2019-10-02 23:09:41,997 [Datanode State Machine Thread - 0] INFO  ozoneimpl.OzoneContainer (OzoneContainer.java:start(217)) - Attempting to start container services.
2019-10-02 23:09:41,997 [Datanode State Machine Thread - 0] INFO  ozoneimpl.OzoneContainer (OzoneContainer.java:startContainerScrub(179)) - Background container scanner has been disabled.
2019-10-02 23:09:41,997 [Datanode State Machine Thread - 0] INFO  ratis.XceiverServerRatis (XceiverServerRatis.java:start(417)) - Starting XceiverServerRatis 446100de-9ab5-4f28-b23e-9bbdfe40fdf4 at port 0
2019-10-02 23:09:42,004 [Datanode State Machine Thread - 0] INFO  impl.RaftServerProxy (RaftServerProxy.java:lambda$start$3(299)) - 446100de-9ab5-4f28-b23e-9bbdfe40fdf4: start RPC server
2019-10-02 23:09:42,005 [Datanode State Machine Thread - 0] INFO  server.GrpcService (GrpcService.java:startImpl(158)) - 446100de-9ab5-4f28-b23e-9bbdfe40fdf4: GrpcService started, listening on 0.0.0.0/0.0.0.0:45972
2019-10-02 23:09:42,005 [Datanode State Machine Thread - 0] INFO  ratis.XceiverServerRatis (XceiverServerRatis.java:start(427)) - XceiverServerRatis 446100de-9ab5-4f28-b23e-9bbdfe40fdf4 is started using port 45972
2019-10-02 23:09:42,005 [Datanode State Machine Thread - 0] INFO  server.XceiverServerGrpc (XceiverServerGrpc.java:start(149)) - XceiverServerGrpc 446100de-9ab5-4f28-b23e-9bbdfe40fdf4 is started using port 45600
2019-10-02 23:09:42,097 [main] INFO  ozone.MiniOzoneClusterImpl (MiniOzoneClusterImpl.java:lambda$waitForClusterToBeReady$0(147)) - Waiting for cluster to be ready. Got 0 of 3 DN Heartbeats.
2019-10-02 23:09:42,121 [Datanode State Machine Thread - 0] INFO  ozoneimpl.OzoneContainer (OzoneContainer.java:start(217)) - Attempting to start container services.
2019-10-02 23:09:42,121 [Datanode State Machine Thread - 0] INFO  ozoneimpl.OzoneContainer (OzoneContainer.java:startContainerScrub(179)) - Background container scanner has been disabled.
2019-10-02 23:09:42,121 [Datanode State Machine Thread - 0] INFO  ratis.XceiverServerRatis (XceiverServerRatis.java:start(417)) - Starting XceiverServerRatis a64a6e34-3a76-43da-acee-764200680ed3 at port 0
2019-10-02 23:09:42,129 [Datanode State Machine Thread - 0] INFO  impl.RaftServerProxy (RaftServerProxy.java:lambda$start$3(299)) - a64a6e34-3a76-43da-acee-764200680ed3: start RPC server
2019-10-02 23:09:42,130 [Datanode State Machine Thread - 0] INFO  server.GrpcService (GrpcService.java:startImpl(158)) - a64a6e34-3a76-43da-acee-764200680ed3: GrpcService started, listening on 0.0.0.0/0.0.0.0:45392
2019-10-02 23:09:42,130 [Datanode State Machine Thread - 0] INFO  ratis.XceiverServerRatis (XceiverServerRatis.java:start(427)) - XceiverServerRatis a64a6e34-3a76-43da-acee-764200680ed3 is started using port 45392
2019-10-02 23:09:42,130 [Datanode State Machine Thread - 0] INFO  server.XceiverServerGrpc (XceiverServerGrpc.java:start(149)) - XceiverServerGrpc a64a6e34-3a76-43da-acee-764200680ed3 is started using port 45841
2019-10-02 23:09:43,098 [main] INFO  ozone.MiniOzoneClusterImpl (MiniOzoneClusterImpl.java:lambda$waitForClusterToBeReady$0(147)) - Waiting for cluster to be ready. Got 0 of 3 DN Heartbeats.
2019-10-02 23:09:43,899 [IPC Server handler 0 on 39173] INFO  net.NetworkTopology (NetworkTopologyImpl.java:add(111)) - Added a new node: /default-rack/c9842f36-1c61-4897-b49f-cfcf607c5fa5
2019-10-02 23:09:43,899 [IPC Server handler 0 on 39173] INFO  node.SCMNodeManager (SCMNodeManager.java:register(266)) - Registered Data node : c9842f36-1c61-4897-b49f-cfcf607c5fa5{ip: 192.168.30.30, host: pr-hdds1737-lts7z-2510321508, networkLocation: /default-rack, certSerialId: null}
2019-10-02 23:09:43,902 [EventQueue-NodeRegistrationContainerReportForDataNodeSafeModeRule] INFO  safemode.SCMSafeModeManager (DataNodeSafeModeRule.java:process(71)) - SCM in safe mode. 1 DataNodes registered, 1 required.
2019-10-02 23:09:43,904 [EventQueue-NodeRegistrationContainerReportForDataNodeSafeModeRule] INFO  safemode.SCMSafeModeManager (SCMSafeModeManager.java:validateSafeModeExitRules(177)) - ScmSafeModeManager, all rules are successfully validated
2019-10-02 23:09:43,904 [EventQueue-NodeRegistrationContainerReportForDataNodeSafeModeRule] INFO  safemode.SCMSafeModeManager (SCMSafeModeManager.java:exitSafeMode(193)) - SCM exiting safe mode.
2019-10-02 23:09:43,919 [grpc-default-executor-0] INFO  impl.RaftServerProxy (RaftServerProxy.java:addNew(89)) - c9842f36-1c61-4897-b49f-cfcf607c5fa5: addNew group-F2777DD628C6:[c9842f36-1c61-4897-b49f-cfcf607c5fa5:192.168.30.30:42767] returns group-F2777DD628C6:java.util.concurrent.CompletableFuture@3a1dc241[Not completed]
2019-10-02 23:09:43,921 [pool-378-thread-1] INFO  impl.RaftServerImpl (RaftServerImpl.java:<init>(95)) - c9842f36-1c61-4897-b49f-cfcf607c5fa5: new RaftServerImpl for group-F2777DD628C6:[c9842f36-1c61-4897-b49f-cfcf607c5fa5:192.168.30.30:42767] with ContainerStateMachine:uninitialized
2019-10-02 23:09:43,921 [pool-378-thread-1] INFO  server.RaftServerConfigKeys (ConfUtils.java:logGet(43)) - raft.server.rpc.timeout.min = 5s (custom)
2019-10-02 23:09:43,921 [pool-378-thread-1] INFO  server.RaftServerConfigKeys (ConfUtils.java:logGet(43)) - raft.server.rpc.timeout.max = 5200ms (custom)
2019-10-02 23:09:43,921 [pool-378-thread-1] INFO  server.RaftServerConfigKeys (ConfUtils.java:logGet(43)) - raft.server.rpcslowness.timeout = 120s (custom)
2019-10-02 23:09:43,921 [pool-378-thread-1] INFO  server.RaftServerConfigKeys (ConfUtils.java:logGet(43)) - raft.server.sleep.deviation.threshold = 300 (default)
2019-10-02 23:09:43,921 [pool-378-thread-1] INFO  server.RaftServerConfigKeys (ConfUtils.java:logGet(43)) - raft.server.log.appender.install.snapshot.enabled = false (custom)
2019-10-02 23:09:43,922 [pool-378-thread-1] INFO  impl.RaftServerImpl (ServerState.java:<init>(103)) - c9842f36-1c61-4897-b49f-cfcf607c5fa5@group-F2777DD628C6: ConfigurationManager, init=-1: [c9842f36-1c61-4897-b49f-cfcf607c5fa5:192.168.30.30:42767], old=null, confs=<EMPTY_MAP>
2019-10-02 23:09:43,922 [pool-378-thread-1] INFO  server.RaftServerConfigKeys (ConfUtils.java:logGet(43)) - raft.server.storage.dir = [/workdir/hadoop-ozone/ozonefs/target/test-dir/MiniOzoneClusterImpl-33bb1b6f-08a7-4827-87f7-192ae60b9681/datanode-0/data/ratis] (custom)
2019-10-02 23:09:43,922 [pool-378-thread-1] INFO  server.RaftServerConfigKeys (ConfUtils.java:logGet(43)) - raft.server.log.corruption.policy = EXCEPTION (default)
2019-10-02 23:09:43,922 [pool-378-thread-1] INFO  storage.RaftStorageDirectory (RaftStorageDirectory.java:analyzeStorage(246)) - The storage directory /workdir/hadoop-ozone/ozonefs/target/test-dir/MiniOzoneClusterImpl-33bb1b6f-08a7-4827-87f7-192ae60b9681/datanode-0/data/ratis/ffc049c6-8f17-4d94-acc1-f2777dd628c6 does not exist. Creating ...
2019-10-02 23:09:43,954 [pool-378-thread-1] INFO  storage.RaftStorageDirectory (RaftStorageDirectory.java:tryLock(328)) - Lock on /workdir/hadoop-ozone/ozonefs/target/test-dir/MiniOzoneClusterImpl-33bb1b6f-08a7-4827-87f7-192ae60b9681/datanode-0/data/ratis/ffc049c6-8f17-4d94-acc1-f2777dd628c6/in_use.lock acquired by nodename 16001@pr-hdds1737-lts7z-2510321508
2019-10-02 23:09:43,970 [IPC Server handler 1 on 39173] INFO  net.NetworkTopology (NetworkTopologyImpl.java:add(111)) - Added a new node: /default-rack/446100de-9ab5-4f28-b23e-9bbdfe40fdf4
2019-10-02 23:09:43,970 [IPC Server handler 1 on 39173] INFO  node.SCMNodeManager (SCMNodeManager.java:register(266)) - Registered Data node : 446100de-9ab5-4f28-b23e-9bbdfe40fdf4{ip: 192.168.30.30, host: pr-hdds1737-lts7z-2510321508, networkLocation: /default-rack, certSerialId: null}
2019-10-02 23:09:43,975 [pool-378-thread-1] INFO  storage.RaftStorage (RaftStorage.java:format(84)) - Storage directory /workdir/hadoop-ozone/ozonefs/target/test-dir/MiniOzoneClusterImpl-33bb1b6f-08a7-4827-87f7-192ae60b9681/datanode-0/data/ratis/ffc049c6-8f17-4d94-acc1-f2777dd628c6 has been successfully formatted.
2019-10-02 23:09:43,976 [pool-378-thread-1] INFO  ratis.ContainerStateMachine (ContainerStateMachine.java:loadSnapshot(230)) - group-F2777DD628C6: The snapshot info is null. Setting the last applied indexto:(t:0, i:~)
2019-10-02 23:09:43,976 [pool-378-thread-1] INFO  server.RaftServerConfigKeys (ConfUtils.java:logGet(43)) - raft.server.notification.no-leader.timeout = 120s (custom)
2019-10-02 23:09:43,976 [pool-378-thread-1] INFO  server.RaftServerConfigKeys (ConfUtils.java:logGet(43)) - raft.server.log.use.memory = false (default)
2019-10-02 23:09:43,976 [pool-378-thread-1] INFO  server.RaftServerConfigKeys (ConfUtils.java:logGet(43)) - raft.server.log.purge.gap = 1000000 (custom)
2019-10-02 23:09:43,976 [pool-378-thread-1] INFO  server.RaftServerConfigKeys (ConfUtils.java:logGet(43)) - raft.server.log.appender.buffer.byte-limit = 33554432 (custom)
2019-10-02 23:09:43,977 [pool-378-thread-1] INFO  server.RaftServerConfigKeys (ConfUtils.java:logGet(43)) - raft.server.log.segment.size.max = 1048576 (custom)
2019-10-02 23:09:43,978 [pool-378-thread-1] INFO  server.RaftServerConfigKeys (ConfUtils.java:logGet(43)) - raft.server.log.segment.cache.num.max = 2 (custom)
2019-10-02 23:09:43,979 [pool-378-thread-1] INFO  segmented.SegmentedRaftLogWorker (SegmentedRaftLogWorker.java:<init>(173)) - new c9842f36-1c61-4897-b49f-cfcf607c5fa5@group-F2777DD628C6-SegmentedRaftLogWorker for RaftStorage:Storage Directory /workdir/hadoop-ozone/ozonefs/target/test-dir/MiniOzoneClusterImpl-33bb1b6f-08a7-4827-87f7-192ae60b9681/datanode-0/data/ratis/ffc049c6-8f17-4d94-acc1-f2777dd628c6
2019-10-02 23:09:43,979 [pool-378-thread-1] INFO  server.RaftServerConfigKeys (ConfUtils.java:logGet(43)) - raft.server.log.queue.byte-limit = 2147483647 (custom)
2019-10-02 23:09:43,979 [pool-378-thread-1] INFO  server.RaftServerConfigKeys (ConfUtils.java:logGet(43)) - raft.server.log.queue.element-limit = 1024 (custom)
2019-10-02 23:09:43,979 [pool-378-thread-1] INFO  server.RaftServerConfigKeys (ConfUtils.java:logGet(43)) - raft.server.log.segment.size.max = 1048576 (custom)
2019-10-02 23:09:43,979 [pool-378-thread-1] INFO  server.RaftServerConfigKeys (ConfUtils.java:logGet(43)) - raft.server.log.preallocated.size = 16384 (custom)
2019-10-02 23:09:43,979 [pool-378-thread-1] INFO  server.RaftServerConfigKeys (ConfUtils.java:logGet(43)) - raft.server.log.write.buffer.size = 33554432 (custom)
2019-10-02 23:09:43,980 [pool-378-thread-1] INFO  server.RaftServerConfigKeys (ConfUtils.java:logGet(43)) - raft.server.log.force.sync.num = 128 (default)
2019-10-02 23:09:43,980 [pool-378-thread-1] INFO  server.RaftServerConfigKeys (ConfUtils.java:logGet(43)) - raft.server.log.statemachine.data.sync = true (default)
2019-10-02 23:09:43,980 [pool-378-thread-1] INFO  server.RaftServerConfigKeys (ConfUtils.java:logGet(43)) - raft.server.log.statemachine.data.sync.timeout = 10s (default)
2019-10-02 23:09:43,980 [pool-378-thread-1] INFO  server.RaftServerConfigKeys (ConfUtils.java:logGet(43)) - raft.server.log.statemachine.data.sync.timeout.retry = -1 (default)
2019-10-02 23:09:43,981 [pool-378-thread-1] INFO  server.RaftServerConfigKeys (ConfUtils.java:logGet(43)) - raft.server.log.statemachine.data.caching.enabled = true (custom)
2019-10-02 23:09:43,981 [pool-378-thread-1] INFO  segmented.SegmentedRaftLogWorker (SegmentedRaftLogWorker.java:lambda$new$0(128)) - c9842f36-1c61-4897-b49f-cfcf607c5fa5@group-F2777DD628C6-SegmentedRaftLogWorker: flushIndex: setUnconditionally 0 -> -1
2019-10-02 23:09:43,981 [pool-378-thread-1] INFO  server.RaftServerConfigKeys (ConfUtils.java:logGet(43)) - raft.server.snapshot.auto.trigger.enabled = true (custom)
2019-10-02 23:09:43,981 [pool-378-thread-1] INFO  server.RaftServerConfigKeys (ConfUtils.java:logGet(43)) - raft.server.snapshot.auto.trigger.threshold = 10000 (custom)
2019-10-02 23:09:43,982 [pool-378-thread-1] INFO  server.RaftServerConfigKeys (ConfUtils.java:logGet(43)) - raft.server.snapshot.retention.file.num = 5 (custom)
2019-10-02 23:09:43,982 [pool-378-thread-1] INFO  server.RaftServerConfigKeys (ConfUtils.java:logGet(43)) - raft.server.retrycache.expirytime = 600000ms (custom)
2019-10-02 23:09:43,983 [pool-378-thread-1] INFO  impl.RaftServerImpl (RaftServerImpl.java:start(181)) - c9842f36-1c61-4897-b49f-cfcf607c5fa5@group-F2777DD628C6: start as a follower, conf=-1: [c9842f36-1c61-4897-b49f-cfcf607c5fa5:192.168.30.30:42767], old=null
2019-10-02 23:09:43,983 [pool-378-thread-1] INFO  impl.RaftServerImpl (RaftServerImpl.java:setRole(170)) - c9842f36-1c61-4897-b49f-cfcf607c5fa5@group-F2777DD628C6: changes role from      null to FOLLOWER at term 0 for startAsFollower
2019-10-02 23:09:43,983 [pool-378-thread-1] INFO  impl.RoleInfo (RoleInfo.java:updateAndGet(143)) - c9842f36-1c61-4897-b49f-cfcf607c5fa5: start FollowerState
2019-10-02 23:09:43,984 [pool-378-thread-1] INFO  util.JmxRegister (JmxRegister.java:tryRegister(44)) - Successfully registered JMX Bean with object name Ratis:service=RaftServer,group=group-F2777DD628C6,id=c9842f36-1c61-4897-b49f-cfcf607c5fa5
2019-10-02 23:09:43,992 [RatisPipelineUtilsThread] INFO  pipeline.PipelineStateManager (PipelineStateManager.java:addPipeline(56)) - Created pipeline Pipeline[ Id: ffc049c6-8f17-4d94-acc1-f2777dd628c6, Nodes: c9842f36-1c61-4897-b49f-cfcf607c5fa5{ip: 192.168.30.30, host: pr-hdds1737-lts7z-2510321508, networkLocation: /default-rack, certSerialId: null}, Type:RATIS, Factor:ONE, State:OPEN]
2019-10-02 23:09:44,004 [grpc-default-executor-0] INFO  impl.RaftServerProxy (RaftServerProxy.java:addNew(89)) - 446100de-9ab5-4f28-b23e-9bbdfe40fdf4: addNew group-7354D64687B1:[446100de-9ab5-4f28-b23e-9bbdfe40fdf4:192.168.30.30:45972] returns group-7354D64687B1:java.util.concurrent.CompletableFuture@ee9f958[Not completed]
2019-10-02 23:09:44,007 [pool-388-thread-1] INFO  impl.RaftServerImpl (RaftServerImpl.java:<init>(95)) - 446100de-9ab5-4f28-b23e-9bbdfe40fdf4: new RaftServerImpl for group-7354D64687B1:[446100de-9ab5-4f28-b23e-9bbdfe40fdf4:192.168.30.30:45972] with ContainerStateMachine:uninitialized
2019-10-02 23:09:44,007 [pool-388-thread-1] INFO  server.RaftServerConfigKeys (ConfUtils.java:logGet(43)) - raft.server.rpc.timeout.min = 5s (custom)
2019-10-02 23:09:44,007 [pool-388-thread-1] INFO  server.RaftServerConfigKeys (ConfUtils.java:logGet(43)) - raft.server.rpc.timeout.max = 5200ms (custom)
2019-10-02 23:09:44,008 [pool-388-thread-1] INFO  server.RaftServerConfigKeys (ConfUtils.java:logGet(43)) - raft.server.rpcslowness.timeout = 120s (custom)
2019-10-02 23:09:44,008 [pool-388-thread-1] INFO  server.RaftServerConfigKeys (ConfUtils.java:logGet(43)) - raft.server.sleep.deviation.threshold = 300 (default)
2019-10-02 23:09:44,008 [pool-388-thread-1] INFO  server.RaftServerConfigKeys (ConfUtils.java:logGet(43)) - raft.server.log.appender.install.snapshot.enabled = false (custom)
2019-10-02 23:09:44,008 [pool-388-thread-1] INFO  impl.RaftServerImpl (ServerState.java:<init>(103)) - 446100de-9ab5-4f28-b23e-9bbdfe40fdf4@group-7354D64687B1: ConfigurationManager, init=-1: [446100de-9ab5-4f28-b23e-9bbdfe40fdf4:192.168.30.30:45972], old=null, confs=<EMPTY_MAP>
2019-10-02 23:09:44,008 [pool-388-thread-1] INFO  server.RaftServerConfigKeys (ConfUtils.java:logGet(43)) - raft.server.storage.dir = [/workdir/hadoop-ozone/ozonefs/target/test-dir/MiniOzoneClusterImpl-33bb1b6f-08a7-4827-87f7-192ae60b9681/datanode-1/data/ratis] (custom)
2019-10-02 23:09:44,008 [pool-388-thread-1] INFO  server.RaftServerConfigKeys (ConfUtils.java:logGet(43)) - raft.server.log.corruption.policy = EXCEPTION (default)
2019-10-02 23:09:44,009 [pool-388-thread-1] INFO  storage.RaftStorageDirectory (RaftStorageDirectory.java:analyzeStorage(246)) - The storage directory /workdir/hadoop-ozone/ozonefs/target/test-dir/MiniOzoneClusterImpl-33bb1b6f-08a7-4827-87f7-192ae60b9681/datanode-1/data/ratis/e364bf0a-2092-4ecd-b484-7354d64687b1 does not exist. Creating ...
2019-10-02 23:09:44,027 [pool-388-thread-1] INFO  storage.RaftStorageDirectory (RaftStorageDirectory.java:tryLock(328)) - Lock on /workdir/hadoop-ozone/ozonefs/target/test-dir/MiniOzoneClusterImpl-33bb1b6f-08a7-4827-87f7-192ae60b9681/datanode-1/data/ratis/e364bf0a-2092-4ecd-b484-7354d64687b1/in_use.lock acquired by nodename 16001@pr-hdds1737-lts7z-2510321508
2019-10-02 23:09:44,064 [pool-388-thread-1] INFO  storage.RaftStorage (RaftStorage.java:format(84)) - Storage directory /workdir/hadoop-ozone/ozonefs/target/test-dir/MiniOzoneClusterImpl-33bb1b6f-08a7-4827-87f7-192ae60b9681/datanode-1/data/ratis/e364bf0a-2092-4ecd-b484-7354d64687b1 has been successfully formatted.
2019-10-02 23:09:44,064 [pool-388-thread-1] INFO  ratis.ContainerStateMachine (ContainerStateMachine.java:loadSnapshot(230)) - group-7354D64687B1: The snapshot info is null. Setting the last applied indexto:(t:0, i:~)
2019-10-02 23:09:44,065 [pool-388-thread-1] INFO  server.RaftServerConfigKeys (ConfUtils.java:logGet(43)) - raft.server.notification.no-leader.timeout = 120s (custom)
2019-10-02 23:09:44,065 [pool-388-thread-1] INFO  server.RaftServerConfigKeys (ConfUtils.java:logGet(43)) - raft.server.log.use.memory = false (default)
2019-10-02 23:09:44,065 [pool-388-thread-1] INFO  server.RaftServerConfigKeys (ConfUtils.java:logGet(43)) - raft.server.log.purge.gap = 1000000 (custom)
2019-10-02 23:09:44,065 [pool-388-thread-1] INFO  server.RaftServerConfigKeys (ConfUtils.java:logGet(43)) - raft.server.log.appender.buffer.byte-limit = 33554432 (custom)
2019-10-02 23:09:44,065 [pool-388-thread-1] INFO  server.RaftServerConfigKeys (ConfUtils.java:logGet(43)) - raft.server.log.segment.size.max = 1048576 (custom)
2019-10-02 23:09:44,067 [pool-388-thread-1] INFO  server.RaftServerConfigKeys (ConfUtils.java:logGet(43)) - raft.server.log.segment.cache.num.max = 2 (custom)
2019-10-02 23:09:44,067 [pool-388-thread-1] INFO  segmented.SegmentedRaftLogWorker (SegmentedRaftLogWorker.java:<init>(173)) - new 446100de-9ab5-4f28-b23e-9bbdfe40fdf4@group-7354D64687B1-SegmentedRaftLogWorker for RaftStorage:Storage Directory /workdir/hadoop-ozone/ozonefs/target/test-dir/MiniOzoneClusterImpl-33bb1b6f-08a7-4827-87f7-192ae60b9681/datanode-1/data/ratis/e364bf0a-2092-4ecd-b484-7354d64687b1
2019-10-02 23:09:44,067 [pool-388-thread-1] INFO  server.RaftServerConfigKeys (ConfUtils.java:logGet(43)) - raft.server.log.queue.byte-limit = 2147483647 (custom)
2019-10-02 23:09:44,067 [pool-388-thread-1] INFO  server.RaftServerConfigKeys (ConfUtils.java:logGet(43)) - raft.server.log.queue.element-limit = 1024 (custom)
2019-10-02 23:09:44,068 [pool-388-thread-1] INFO  server.RaftServerConfigKeys (ConfUtils.java:logGet(43)) - raft.server.log.segment.size.max = 1048576 (custom)
2019-10-02 23:09:44,068 [pool-388-thread-1] INFO  server.RaftServerConfigKeys (ConfUtils.java:logGet(43)) - raft.server.log.preallocated.size = 16384 (custom)
2019-10-02 23:09:44,068 [pool-388-thread-1] INFO  server.RaftServerConfigKeys (ConfUtils.java:logGet(43)) - raft.server.log.write.buffer.size = 33554432 (custom)
2019-10-02 23:09:44,068 [pool-388-thread-1] INFO  server.RaftServerConfigKeys (ConfUtils.java:logGet(43)) - raft.server.log.force.sync.num = 128 (default)
2019-10-02 23:09:44,068 [pool-388-thread-1] INFO  server.RaftServerConfigKeys (ConfUtils.java:logGet(43)) - raft.server.log.statemachine.data.sync = true (default)
2019-10-02 23:09:44,068 [pool-388-thread-1] INFO  server.RaftServerConfigKeys (ConfUtils.java:logGet(43)) - raft.server.log.statemachine.data.sync.timeout = 10s (default)
2019-10-02 23:09:44,068 [pool-388-thread-1] INFO  server.RaftServerConfigKeys (ConfUtils.java:logGet(43)) - raft.server.log.statemachine.data.sync.timeout.retry = -1 (default)
2019-10-02 23:09:44,069 [pool-388-thread-1] INFO  server.RaftServerConfigKeys (ConfUtils.java:logGet(43)) - raft.server.log.statemachine.data.caching.enabled = true (custom)
2019-10-02 23:09:44,069 [pool-388-thread-1] INFO  segmented.SegmentedRaftLogWorker (SegmentedRaftLogWorker.java:lambda$new$0(128)) - 446100de-9ab5-4f28-b23e-9bbdfe40fdf4@group-7354D64687B1-SegmentedRaftLogWorker: flushIndex: setUnconditionally 0 -> -1
2019-10-02 23:09:44,069 [pool-388-thread-1] INFO  server.RaftServerConfigKeys (ConfUtils.java:logGet(43)) - raft.server.snapshot.auto.trigger.enabled = true (custom)
2019-10-02 23:09:44,070 [pool-388-thread-1] INFO  server.RaftServerConfigKeys (ConfUtils.java:logGet(43)) - raft.server.snapshot.auto.trigger.threshold = 10000 (custom)
2019-10-02 23:09:44,070 [pool-388-thread-1] INFO  server.RaftServerConfigKeys (ConfUtils.java:logGet(43)) - raft.server.snapshot.retention.file.num = 5 (custom)
2019-10-02 23:09:44,070 [pool-388-thread-1] INFO  server.RaftServerConfigKeys (ConfUtils.java:logGet(43)) - raft.server.retrycache.expirytime = 600000ms (custom)
2019-10-02 23:09:44,071 [pool-388-thread-1] INFO  impl.RaftServerImpl (RaftServerImpl.java:start(181)) - 446100de-9ab5-4f28-b23e-9bbdfe40fdf4@group-7354D64687B1: start as a follower, conf=-1: [446100de-9ab5-4f28-b23e-9bbdfe40fdf4:192.168.30.30:45972], old=null
2019-10-02 23:09:44,072 [pool-388-thread-1] INFO  impl.RaftServerImpl (RaftServerImpl.java:setRole(170)) - 446100de-9ab5-4f28-b23e-9bbdfe40fdf4@group-7354D64687B1: changes role from      null to FOLLOWER at term 0 for startAsFollower
2019-10-02 23:09:44,072 [pool-388-thread-1] INFO  impl.RoleInfo (RoleInfo.java:updateAndGet(143)) - 446100de-9ab5-4f28-b23e-9bbdfe40fdf4: start FollowerState
2019-10-02 23:09:44,072 [pool-388-thread-1] INFO  util.JmxRegister (JmxRegister.java:tryRegister(44)) - Successfully registered JMX Bean with object name Ratis:service=RaftServer,group=group-7354D64687B1,id=446100de-9ab5-4f28-b23e-9bbdfe40fdf4
2019-10-02 23:09:44,079 [RatisPipelineUtilsThread] INFO  pipeline.PipelineStateManager (PipelineStateManager.java:addPipeline(56)) - Created pipeline Pipeline[ Id: e364bf0a-2092-4ecd-b484-7354d64687b1, Nodes: 446100de-9ab5-4f28-b23e-9bbdfe40fdf4{ip: 192.168.30.30, host: pr-hdds1737-lts7z-2510321508, networkLocation: /default-rack, certSerialId: null}, Type:RATIS, Factor:ONE, State:OPEN]
2019-10-02 23:09:44,098 [main] INFO  ozone.MiniOzoneClusterImpl (MiniOzoneClusterImpl.java:lambda$waitForClusterToBeReady$0(147)) - Waiting for cluster to be ready. Got 2 of 3 DN Heartbeats.
2019-10-02 23:09:44,098 [IPC Server handler 2 on 39173] INFO  net.NetworkTopology (NetworkTopologyImpl.java:add(111)) - Added a new node: /default-rack/a64a6e34-3a76-43da-acee-764200680ed3
2019-10-02 23:09:44,099 [IPC Server handler 2 on 39173] INFO  node.SCMNodeManager (SCMNodeManager.java:register(266)) - Registered Data node : a64a6e34-3a76-43da-acee-764200680ed3{ip: 192.168.30.30, host: pr-hdds1737-lts7z-2510321508, networkLocation: /default-rack, certSerialId: null}
2019-10-02 23:09:44,111 [grpc-default-executor-0] INFO  impl.RaftServerProxy (RaftServerProxy.java:addNew(89)) - a64a6e34-3a76-43da-acee-764200680ed3: addNew group-0A4A698AA234:[a64a6e34-3a76-43da-acee-764200680ed3:192.168.30.30:45392] returns group-0A4A698AA234:java.util.concurrent.CompletableFuture@548f069b[Not completed]
2019-10-02 23:09:44,112 [pool-398-thread-1] INFO  impl.RaftServerImpl (RaftServerImpl.java:<init>(95)) - a64a6e34-3a76-43da-acee-764200680ed3: new RaftServerImpl for group-0A4A698AA234:[a64a6e34-3a76-43da-acee-764200680ed3:192.168.30.30:45392] with ContainerStateMachine:uninitialized
2019-10-02 23:09:44,112 [pool-398-thread-1] INFO  server.RaftServerConfigKeys (ConfUtils.java:logGet(43)) - raft.server.rpc.timeout.min = 5s (custom)
2019-10-02 23:09:44,112 [pool-398-thread-1] INFO  server.RaftServerConfigKeys (ConfUtils.java:logGet(43)) - raft.server.rpc.timeout.max = 5200ms (custom)
2019-10-02 23:09:44,113 [pool-398-thread-1] INFO  server.RaftServerConfigKeys (ConfUtils.java:logGet(43)) - raft.server.rpcslowness.timeout = 120s (custom)
2019-10-02 23:09:44,113 [pool-398-thread-1] INFO  server.RaftServerConfigKeys (ConfUtils.java:logGet(43)) - raft.server.sleep.deviation.threshold = 300 (default)
2019-10-02 23:09:44,113 [pool-398-thread-1] INFO  server.RaftServerConfigKeys (ConfUtils.java:logGet(43)) - raft.server.log.appender.install.snapshot.enabled = false (custom)
2019-10-02 23:09:44,113 [pool-398-thread-1] INFO  impl.RaftServerImpl (ServerState.java:<init>(103)) - a64a6e34-3a76-43da-acee-764200680ed3@group-0A4A698AA234: ConfigurationManager, init=-1: [a64a6e34-3a76-43da-acee-764200680ed3:192.168.30.30:45392], old=null, confs=<EMPTY_MAP>
2019-10-02 23:09:44,113 [pool-398-thread-1] INFO  server.RaftServerConfigKeys (ConfUtils.java:logGet(43)) - raft.server.storage.dir = [/workdir/hadoop-ozone/ozonefs/target/test-dir/MiniOzoneClusterImpl-33bb1b6f-08a7-4827-87f7-192ae60b9681/datanode-2/data/ratis] (custom)
2019-10-02 23:09:44,113 [pool-398-thread-1] INFO  server.RaftServerConfigKeys (ConfUtils.java:logGet(43)) - raft.server.log.corruption.policy = EXCEPTION (default)
2019-10-02 23:09:44,114 [pool-398-thread-1] INFO  storage.RaftStorageDirectory (RaftStorageDirectory.java:analyzeStorage(246)) - The storage directory /workdir/hadoop-ozone/ozonefs/target/test-dir/MiniOzoneClusterImpl-33bb1b6f-08a7-4827-87f7-192ae60b9681/datanode-2/data/ratis/425a7a10-1b50-4178-96b9-0a4a698aa234 does not exist. Creating ...
2019-10-02 23:09:44,139 [pool-398-thread-1] INFO  storage.RaftStorageDirectory (RaftStorageDirectory.java:tryLock(328)) - Lock on /workdir/hadoop-ozone/ozonefs/target/test-dir/MiniOzoneClusterImpl-33bb1b6f-08a7-4827-87f7-192ae60b9681/datanode-2/data/ratis/425a7a10-1b50-4178-96b9-0a4a698aa234/in_use.lock acquired by nodename 16001@pr-hdds1737-lts7z-2510321508
2019-10-02 23:09:44,190 [pool-398-thread-1] INFO  storage.RaftStorage (RaftStorage.java:format(84)) - Storage directory /workdir/hadoop-ozone/ozonefs/target/test-dir/MiniOzoneClusterImpl-33bb1b6f-08a7-4827-87f7-192ae60b9681/datanode-2/data/ratis/425a7a10-1b50-4178-96b9-0a4a698aa234 has been successfully formatted.
2019-10-02 23:09:44,190 [pool-398-thread-1] INFO  ratis.ContainerStateMachine (ContainerStateMachine.java:loadSnapshot(230)) - group-0A4A698AA234: The snapshot info is null. Setting the last applied indexto:(t:0, i:~)
2019-10-02 23:09:44,190 [pool-398-thread-1] INFO  server.RaftServerConfigKeys (ConfUtils.java:logGet(43)) - raft.server.notification.no-leader.timeout = 120s (custom)
2019-10-02 23:09:44,190 [pool-398-thread-1] INFO  server.RaftServerConfigKeys (ConfUtils.java:logGet(43)) - raft.server.log.use.memory = false (default)
2019-10-02 23:09:44,191 [pool-398-thread-1] INFO  server.RaftServerConfigKeys (ConfUtils.java:logGet(43)) - raft.server.log.purge.gap = 1000000 (custom)
2019-10-02 23:09:44,191 [pool-398-thread-1] INFO  server.RaftServerConfigKeys (ConfUtils.java:logGet(43)) - raft.server.log.appender.buffer.byte-limit = 33554432 (custom)
2019-10-02 23:09:44,191 [pool-398-thread-1] INFO  server.RaftServerConfigKeys (ConfUtils.java:logGet(43)) - raft.server.log.segment.size.max = 1048576 (custom)
2019-10-02 23:09:44,192 [pool-398-thread-1] INFO  server.RaftServerConfigKeys (ConfUtils.java:logGet(43)) - raft.server.log.segment.cache.num.max = 2 (custom)
2019-10-02 23:09:44,192 [pool-398-thread-1] INFO  segmented.SegmentedRaftLogWorker (SegmentedRaftLogWorker.java:<init>(173)) - new a64a6e34-3a76-43da-acee-764200680ed3@group-0A4A698AA234-SegmentedRaftLogWorker for RaftStorage:Storage Directory /workdir/hadoop-ozone/ozonefs/target/test-dir/MiniOzoneClusterImpl-33bb1b6f-08a7-4827-87f7-192ae60b9681/datanode-2/data/ratis/425a7a10-1b50-4178-96b9-0a4a698aa234
2019-10-02 23:09:44,192 [pool-398-thread-1] INFO  server.RaftServerConfigKeys (ConfUtils.java:logGet(43)) - raft.server.log.queue.byte-limit = 2147483647 (custom)
2019-10-02 23:09:44,192 [pool-398-thread-1] INFO  server.RaftServerConfigKeys (ConfUtils.java:logGet(43)) - raft.server.log.queue.element-limit = 1024 (custom)
2019-10-02 23:09:44,192 [pool-398-thread-1] INFO  server.RaftServerConfigKeys (ConfUtils.java:logGet(43)) - raft.server.log.segment.size.max = 1048576 (custom)
2019-10-02 23:09:44,193 [pool-398-thread-1] INFO  server.RaftServerConfigKeys (ConfUtils.java:logGet(43)) - raft.server.log.preallocated.size = 16384 (custom)
2019-10-02 23:09:44,193 [pool-398-thread-1] INFO  server.RaftServerConfigKeys (ConfUtils.java:logGet(43)) - raft.server.log.write.buffer.size = 33554432 (custom)
2019-10-02 23:09:44,193 [pool-398-thread-1] INFO  server.RaftServerConfigKeys (ConfUtils.java:logGet(43)) - raft.server.log.force.sync.num = 128 (default)
2019-10-02 23:09:44,193 [pool-398-thread-1] INFO  server.RaftServerConfigKeys (ConfUtils.java:logGet(43)) - raft.server.log.statemachine.data.sync = true (default)
2019-10-02 23:09:44,193 [pool-398-thread-1] INFO  server.RaftServerConfigKeys (ConfUtils.java:logGet(43)) - raft.server.log.statemachine.data.sync.timeout = 10s (default)
2019-10-02 23:09:44,193 [pool-398-thread-1] INFO  server.RaftServerConfigKeys (ConfUtils.java:logGet(43)) - raft.server.log.statemachine.data.sync.timeout.retry = -1 (default)
2019-10-02 23:09:44,193 [pool-398-thread-1] INFO  server.RaftServerConfigKeys (ConfUtils.java:logGet(43)) - raft.server.log.statemachine.data.caching.enabled = true (custom)
2019-10-02 23:09:44,194 [pool-398-thread-1] INFO  segmented.SegmentedRaftLogWorker (SegmentedRaftLogWorker.java:lambda$new$0(128)) - a64a6e34-3a76-43da-acee-764200680ed3@group-0A4A698AA234-SegmentedRaftLogWorker: flushIndex: setUnconditionally 0 -> -1
2019-10-02 23:09:44,194 [pool-398-thread-1] INFO  server.RaftServerConfigKeys (ConfUtils.java:logGet(43)) - raft.server.snapshot.auto.trigger.enabled = true (custom)
2019-10-02 23:09:44,194 [pool-398-thread-1] INFO  server.RaftServerConfigKeys (ConfUtils.java:logGet(43)) - raft.server.snapshot.auto.trigger.threshold = 10000 (custom)
2019-10-02 23:09:44,194 [pool-398-thread-1] INFO  server.RaftServerConfigKeys (ConfUtils.java:logGet(43)) - raft.server.snapshot.retention.file.num = 5 (custom)
2019-10-02 23:09:44,194 [pool-398-thread-1] INFO  server.RaftServerConfigKeys (ConfUtils.java:logGet(43)) - raft.server.retrycache.expirytime = 600000ms (custom)
2019-10-02 23:09:44,195 [pool-398-thread-1] INFO  impl.RaftServerImpl (RaftServerImpl.java:start(181)) - a64a6e34-3a76-43da-acee-764200680ed3@group-0A4A698AA234: start as a follower, conf=-1: [a64a6e34-3a76-43da-acee-764200680ed3:192.168.30.30:45392], old=null
2019-10-02 23:09:44,195 [pool-398-thread-1] INFO  impl.RaftServerImpl (RaftServerImpl.java:setRole(170)) - a64a6e34-3a76-43da-acee-764200680ed3@group-0A4A698AA234: changes role from      null to FOLLOWER at term 0 for startAsFollower
2019-10-02 23:09:44,196 [pool-398-thread-1] INFO  impl.RoleInfo (RoleInfo.java:updateAndGet(143)) - a64a6e34-3a76-43da-acee-764200680ed3: start FollowerState
2019-10-02 23:09:44,196 [pool-398-thread-1] INFO  util.JmxRegister (JmxRegister.java:tryRegister(44)) - Successfully registered JMX Bean with object name Ratis:service=RaftServer,group=group-0A4A698AA234,id=a64a6e34-3a76-43da-acee-764200680ed3
2019-10-02 23:09:44,200 [RatisPipelineUtilsThread] INFO  pipeline.PipelineStateManager (PipelineStateManager.java:addPipeline(56)) - Created pipeline Pipeline[ Id: 425a7a10-1b50-4178-96b9-0a4a698aa234, Nodes: a64a6e34-3a76-43da-acee-764200680ed3{ip: 192.168.30.30, host: pr-hdds1737-lts7z-2510321508, networkLocation: /default-rack, certSerialId: null}, Type:RATIS, Factor:ONE, State:OPEN]
2019-10-02 23:09:44,234 [grpc-default-executor-1] INFO  impl.RaftServerProxy (RaftServerProxy.java:addNew(89)) - a64a6e34-3a76-43da-acee-764200680ed3: addNew group-D7D299F24BF1:[a64a6e34-3a76-43da-acee-764200680ed3:192.168.30.30:45392, c9842f36-1c61-4897-b49f-cfcf607c5fa5:192.168.30.30:42767, 446100de-9ab5-4f28-b23e-9bbdfe40fdf4:192.168.30.30:45972] returns group-D7D299F24BF1:java.util.concurrent.CompletableFuture@36a38048[Not completed]
2019-10-02 23:09:44,235 [grpc-default-executor-1] INFO  impl.RaftServerProxy (RaftServerProxy.java:addNew(89)) - 446100de-9ab5-4f28-b23e-9bbdfe40fdf4: addNew group-D7D299F24BF1:[a64a6e34-3a76-43da-acee-764200680ed3:192.168.30.30:45392, c9842f36-1c61-4897-b49f-cfcf607c5fa5:192.168.30.30:42767, 446100de-9ab5-4f28-b23e-9bbdfe40fdf4:192.168.30.30:45972] returns group-D7D299F24BF1:java.util.concurrent.CompletableFuture@779e8a73[Not completed]
2019-10-02 23:09:44,235 [pool-398-thread-1] INFO  impl.RaftServerImpl (RaftServerImpl.java:<init>(95)) - a64a6e34-3a76-43da-acee-764200680ed3: new RaftServerImpl for group-D7D299F24BF1:[a64a6e34-3a76-43da-acee-764200680ed3:192.168.30.30:45392, c9842f36-1c61-4897-b49f-cfcf607c5fa5:192.168.30.30:42767, 446100de-9ab5-4f28-b23e-9bbdfe40fdf4:192.168.30.30:45972] with ContainerStateMachine:uninitialized
2019-10-02 23:09:44,236 [pool-398-thread-1] INFO  server.RaftServerConfigKeys (ConfUtils.java:logGet(43)) - raft.server.rpc.timeout.min = 5s (custom)
2019-10-02 23:09:44,236 [pool-398-thread-1] INFO  server.RaftServerConfigKeys (ConfUtils.java:logGet(43)) - raft.server.rpc.timeout.max = 5200ms (custom)
2019-10-02 23:09:44,236 [pool-398-thread-1] INFO  server.RaftServerConfigKeys (ConfUtils.java:logGet(43)) - raft.server.rpcslowness.timeout = 120s (custom)
2019-10-02 23:09:44,236 [pool-398-thread-1] INFO  server.RaftServerConfigKeys (ConfUtils.java:logGet(43)) - raft.server.sleep.deviation.threshold = 300 (default)
2019-10-02 23:09:44,236 [pool-398-thread-1] INFO  server.RaftServerConfigKeys (ConfUtils.java:logGet(43)) - raft.server.log.appender.install.snapshot.enabled = false (custom)
2019-10-02 23:09:44,236 [pool-398-thread-1] INFO  impl.RaftServerImpl (ServerState.java:<init>(103)) - a64a6e34-3a76-43da-acee-764200680ed3@group-D7D299F24BF1: ConfigurationManager, init=-1: [a64a6e34-3a76-43da-acee-764200680ed3:192.168.30.30:45392, c9842f36-1c61-4897-b49f-cfcf607c5fa5:192.168.30.30:42767, 446100de-9ab5-4f28-b23e-9bbdfe40fdf4:192.168.30.30:45972], old=null, confs=<EMPTY_MAP>
2019-10-02 23:09:44,237 [grpc-default-executor-1] INFO  impl.RaftServerProxy (RaftServerProxy.java:addNew(89)) - c9842f36-1c61-4897-b49f-cfcf607c5fa5: addNew group-D7D299F24BF1:[a64a6e34-3a76-43da-acee-764200680ed3:192.168.30.30:45392, c9842f36-1c61-4897-b49f-cfcf607c5fa5:192.168.30.30:42767, 446100de-9ab5-4f28-b23e-9bbdfe40fdf4:192.168.30.30:45972] returns group-D7D299F24BF1:java.util.concurrent.CompletableFuture@6c28e06d[Not completed]
2019-10-02 23:09:44,238 [pool-378-thread-1] INFO  impl.RaftServerImpl (RaftServerImpl.java:<init>(95)) - c9842f36-1c61-4897-b49f-cfcf607c5fa5: new RaftServerImpl for group-D7D299F24BF1:[a64a6e34-3a76-43da-acee-764200680ed3:192.168.30.30:45392, c9842f36-1c61-4897-b49f-cfcf607c5fa5:192.168.30.30:42767, 446100de-9ab5-4f28-b23e-9bbdfe40fdf4:192.168.30.30:45972] with ContainerStateMachine:uninitialized
2019-10-02 23:09:44,238 [pool-378-thread-1] INFO  server.RaftServerConfigKeys (ConfUtils.java:logGet(43)) - raft.server.rpc.timeout.min = 5s (custom)
2019-10-02 23:09:44,239 [pool-378-thread-1] INFO  server.RaftServerConfigKeys (ConfUtils.java:logGet(43)) - raft.server.rpc.timeout.max = 5200ms (custom)
2019-10-02 23:09:44,237 [pool-398-thread-1] INFO  server.RaftServerConfigKeys (ConfUtils.java:logGet(43)) - raft.server.storage.dir = [/workdir/hadoop-ozone/ozonefs/target/test-dir/MiniOzoneClusterImpl-33bb1b6f-08a7-4827-87f7-192ae60b9681/datanode-2/data/ratis] (custom)
2019-10-02 23:09:44,239 [pool-378-thread-1] INFO  server.RaftServerConfigKeys (ConfUtils.java:logGet(43)) - raft.server.rpcslowness.timeout = 120s (custom)
2019-10-02 23:09:44,239 [pool-388-thread-1] INFO  impl.RaftServerImpl (RaftServerImpl.java:<init>(95)) - 446100de-9ab5-4f28-b23e-9bbdfe40fdf4: new RaftServerImpl for group-D7D299F24BF1:[a64a6e34-3a76-43da-acee-764200680ed3:192.168.30.30:45392, c9842f36-1c61-4897-b49f-cfcf607c5fa5:192.168.30.30:42767, 446100de-9ab5-4f28-b23e-9bbdfe40fdf4:192.168.30.30:45972] with ContainerStateMachine:uninitialized
2019-10-02 23:09:44,239 [pool-378-thread-1] INFO  server.RaftServerConfigKeys (ConfUtils.java:logGet(43)) - raft.server.sleep.deviation.threshold = 300 (default)
2019-10-02 23:09:44,239 [pool-388-thread-1] INFO  server.RaftServerConfigKeys (ConfUtils.java:logGet(43)) - raft.server.rpc.timeout.min = 5s (custom)
2019-10-02 23:09:44,239 [pool-378-thread-1] INFO  server.RaftServerConfigKeys (ConfUtils.java:logGet(43)) - raft.server.log.appender.install.snapshot.enabled = false (custom)
2019-10-02 23:09:44,240 [pool-398-thread-1] INFO  server.RaftServerConfigKeys (ConfUtils.java:logGet(43)) - raft.server.log.corruption.policy = EXCEPTION (default)
2019-10-02 23:09:44,240 [pool-388-thread-1] INFO  server.RaftServerConfigKeys (ConfUtils.java:logGet(43)) - raft.server.rpc.timeout.max = 5200ms (custom)
2019-10-02 23:09:44,240 [pool-378-thread-1] INFO  impl.RaftServerImpl (ServerState.java:<init>(103)) - c9842f36-1c61-4897-b49f-cfcf607c5fa5@group-D7D299F24BF1: ConfigurationManager, init=-1: [a64a6e34-3a76-43da-acee-764200680ed3:192.168.30.30:45392, c9842f36-1c61-4897-b49f-cfcf607c5fa5:192.168.30.30:42767, 446100de-9ab5-4f28-b23e-9bbdfe40fdf4:192.168.30.30:45972], old=null, confs=<EMPTY_MAP>
2019-10-02 23:09:44,240 [pool-388-thread-1] INFO  server.RaftServerConfigKeys (ConfUtils.java:logGet(43)) - raft.server.rpcslowness.timeout = 120s (custom)
2019-10-02 23:09:44,240 [pool-378-thread-1] INFO  server.RaftServerConfigKeys (ConfUtils.java:logGet(43)) - raft.server.storage.dir = [/workdir/hadoop-ozone/ozonefs/target/test-dir/MiniOzoneClusterImpl-33bb1b6f-08a7-4827-87f7-192ae60b9681/datanode-0/data/ratis] (custom)
2019-10-02 23:09:44,240 [pool-388-thread-1] INFO  server.RaftServerConfigKeys (ConfUtils.java:logGet(43)) - raft.server.sleep.deviation.threshold = 300 (default)
2019-10-02 23:09:44,241 [pool-388-thread-1] INFO  server.RaftServerConfigKeys (ConfUtils.java:logGet(43)) - raft.server.log.appender.install.snapshot.enabled = false (custom)
2019-10-02 23:09:44,241 [pool-378-thread-1] INFO  server.RaftServerConfigKeys (ConfUtils.java:logGet(43)) - raft.server.log.corruption.policy = EXCEPTION (default)
2019-10-02 23:09:44,241 [pool-388-thread-1] INFO  impl.RaftServerImpl (ServerState.java:<init>(103)) - 446100de-9ab5-4f28-b23e-9bbdfe40fdf4@group-D7D299F24BF1: ConfigurationManager, init=-1: [a64a6e34-3a76-43da-acee-764200680ed3:192.168.30.30:45392, c9842f36-1c61-4897-b49f-cfcf607c5fa5:192.168.30.30:42767, 446100de-9ab5-4f28-b23e-9bbdfe40fdf4:192.168.30.30:45972], old=null, confs=<EMPTY_MAP>
2019-10-02 23:09:44,241 [pool-378-thread-1] INFO  storage.RaftStorageDirectory (RaftStorageDirectory.java:analyzeStorage(246)) - The storage directory /workdir/hadoop-ozone/ozonefs/target/test-dir/MiniOzoneClusterImpl-33bb1b6f-08a7-4827-87f7-192ae60b9681/datanode-0/data/ratis/3c8b001c-dd87-4a44-9e09-d7d299f24bf1 does not exist. Creating ...
2019-10-02 23:09:44,241 [pool-388-thread-1] INFO  server.RaftServerConfigKeys (ConfUtils.java:logGet(43)) - raft.server.storage.dir = [/workdir/hadoop-ozone/ozonefs/target/test-dir/MiniOzoneClusterImpl-33bb1b6f-08a7-4827-87f7-192ae60b9681/datanode-1/data/ratis] (custom)
2019-10-02 23:09:44,241 [pool-388-thread-1] INFO  server.RaftServerConfigKeys (ConfUtils.java:logGet(43)) - raft.server.log.corruption.policy = EXCEPTION (default)
2019-10-02 23:09:44,242 [pool-388-thread-1] INFO  storage.RaftStorageDirectory (RaftStorageDirectory.java:analyzeStorage(246)) - The storage directory /workdir/hadoop-ozone/ozonefs/target/test-dir/MiniOzoneClusterImpl-33bb1b6f-08a7-4827-87f7-192ae60b9681/datanode-1/data/ratis/3c8b001c-dd87-4a44-9e09-d7d299f24bf1 does not exist. Creating ...
2019-10-02 23:09:44,242 [pool-398-thread-1] INFO  storage.RaftStorageDirectory (RaftStorageDirectory.java:analyzeStorage(246)) - The storage directory /workdir/hadoop-ozone/ozonefs/target/test-dir/MiniOzoneClusterImpl-33bb1b6f-08a7-4827-87f7-192ae60b9681/datanode-2/data/ratis/3c8b001c-dd87-4a44-9e09-d7d299f24bf1 does not exist. Creating ...
2019-10-02 23:09:44,274 [pool-388-thread-1] INFO  storage.RaftStorageDirectory (RaftStorageDirectory.java:tryLock(328)) - Lock on /workdir/hadoop-ozone/ozonefs/target/test-dir/MiniOzoneClusterImpl-33bb1b6f-08a7-4827-87f7-192ae60b9681/datanode-1/data/ratis/3c8b001c-dd87-4a44-9e09-d7d299f24bf1/in_use.lock acquired by nodename 16001@pr-hdds1737-lts7z-2510321508
2019-10-02 23:09:44,274 [pool-378-thread-1] INFO  storage.RaftStorageDirectory (RaftStorageDirectory.java:tryLock(328)) - Lock on /workdir/hadoop-ozone/ozonefs/target/test-dir/MiniOzoneClusterImpl-33bb1b6f-08a7-4827-87f7-192ae60b9681/datanode-0/data/ratis/3c8b001c-dd87-4a44-9e09-d7d299f24bf1/in_use.lock acquired by nodename 16001@pr-hdds1737-lts7z-2510321508
2019-10-02 23:09:44,274 [pool-398-thread-1] INFO  storage.RaftStorageDirectory (RaftStorageDirectory.java:tryLock(328)) - Lock on /workdir/hadoop-ozone/ozonefs/target/test-dir/MiniOzoneClusterImpl-33bb1b6f-08a7-4827-87f7-192ae60b9681/datanode-2/data/ratis/3c8b001c-dd87-4a44-9e09-d7d299f24bf1/in_use.lock acquired by nodename 16001@pr-hdds1737-lts7z-2510321508
2019-10-02 23:09:44,300 [pool-388-thread-1] INFO  storage.RaftStorage (RaftStorage.java:format(84)) - Storage directory /workdir/hadoop-ozone/ozonefs/target/test-dir/MiniOzoneClusterImpl-33bb1b6f-08a7-4827-87f7-192ae60b9681/datanode-1/data/ratis/3c8b001c-dd87-4a44-9e09-d7d299f24bf1 has been successfully formatted.
2019-10-02 23:09:44,300 [pool-378-thread-1] INFO  storage.RaftStorage (RaftStorage.java:format(84)) - Storage directory /workdir/hadoop-ozone/ozonefs/target/test-dir/MiniOzoneClusterImpl-33bb1b6f-08a7-4827-87f7-192ae60b9681/datanode-0/data/ratis/3c8b001c-dd87-4a44-9e09-d7d299f24bf1 has been successfully formatted.
2019-10-02 23:09:44,300 [pool-388-thread-1] INFO  ratis.ContainerStateMachine (ContainerStateMachine.java:loadSnapshot(230)) - group-D7D299F24BF1: The snapshot info is null. Setting the last applied indexto:(t:0, i:~)
2019-10-02 23:09:44,300 [pool-378-thread-1] INFO  ratis.ContainerStateMachine (ContainerStateMachine.java:loadSnapshot(230)) - group-D7D299F24BF1: The snapshot info is null. Setting the last applied indexto:(t:0, i:~)
2019-10-02 23:09:44,300 [pool-388-thread-1] INFO  server.RaftServerConfigKeys (ConfUtils.java:logGet(43)) - raft.server.notification.no-leader.timeout = 120s (custom)
2019-10-02 23:09:44,301 [pool-398-thread-1] INFO  storage.RaftStorage (RaftStorage.java:format(84)) - Storage directory /workdir/hadoop-ozone/ozonefs/target/test-dir/MiniOzoneClusterImpl-33bb1b6f-08a7-4827-87f7-192ae60b9681/datanode-2/data/ratis/3c8b001c-dd87-4a44-9e09-d7d299f24bf1 has been successfully formatted.
2019-10-02 23:09:44,301 [pool-378-thread-1] INFO  server.RaftServerConfigKeys (ConfUtils.java:logGet(43)) - raft.server.notification.no-leader.timeout = 120s (custom)
2019-10-02 23:09:44,301 [pool-398-thread-1] INFO  ratis.ContainerStateMachine (ContainerStateMachine.java:loadSnapshot(230)) - group-D7D299F24BF1: The snapshot info is null. Setting the last applied indexto:(t:0, i:~)
2019-10-02 23:09:44,301 [pool-388-thread-1] INFO  server.RaftServerConfigKeys (ConfUtils.java:logGet(43)) - raft.server.log.use.memory = false (default)
2019-10-02 23:09:44,301 [pool-398-thread-1] INFO  server.RaftServerConfigKeys (ConfUtils.java:logGet(43)) - raft.server.notification.no-leader.timeout = 120s (custom)
2019-10-02 23:09:44,301 [pool-398-thread-1] INFO  server.RaftServerConfigKeys (ConfUtils.java:logGet(43)) - raft.server.log.use.memory = false (default)
2019-10-02 23:09:44,301 [pool-378-thread-1] INFO  server.RaftServerConfigKeys (ConfUtils.java:logGet(43)) - raft.server.log.use.memory = false (default)
2019-10-02 23:09:44,302 [pool-398-thread-1] INFO  server.RaftServerConfigKeys (ConfUtils.java:logGet(43)) - raft.server.log.purge.gap = 1000000 (custom)
2019-10-02 23:09:44,301 [pool-388-thread-1] INFO  server.RaftServerConfigKeys (ConfUtils.java:logGet(43)) - raft.server.log.purge.gap = 1000000 (custom)
2019-10-02 23:09:44,302 [pool-398-thread-1] INFO  server.RaftServerConfigKeys (ConfUtils.java:logGet(43)) - raft.server.log.appender.buffer.byte-limit = 33554432 (custom)
2019-10-02 23:09:44,302 [pool-378-thread-1] INFO  server.RaftServerConfigKeys (ConfUtils.java:logGet(43)) - raft.server.log.purge.gap = 1000000 (custom)
2019-10-02 23:09:44,302 [pool-398-thread-1] INFO  server.RaftServerConfigKeys (ConfUtils.java:logGet(43)) - raft.server.log.segment.size.max = 1048576 (custom)
2019-10-02 23:09:44,302 [pool-388-thread-1] INFO  server.RaftServerConfigKeys (ConfUtils.java:logGet(43)) - raft.server.log.appender.buffer.byte-limit = 33554432 (custom)
2019-10-02 23:09:44,303 [pool-398-thread-1] INFO  server.RaftServerConfigKeys (ConfUtils.java:logGet(43)) - raft.server.log.segment.cache.num.max = 2 (custom)
2019-10-02 23:09:44,303 [pool-378-thread-1] INFO  server.RaftServerConfigKeys (ConfUtils.java:logGet(43)) - raft.server.log.appender.buffer.byte-limit = 33554432 (custom)
2019-10-02 23:09:44,303 [pool-378-thread-1] INFO  server.RaftServerConfigKeys (ConfUtils.java:logGet(43)) - raft.server.log.segment.size.max = 1048576 (custom)
2019-10-02 23:09:44,304 [pool-378-thread-1] INFO  server.RaftServerConfigKeys (ConfUtils.java:logGet(43)) - raft.server.log.segment.cache.num.max = 2 (custom)
2019-10-02 23:09:44,304 [pool-378-thread-1] INFO  segmented.SegmentedRaftLogWorker (SegmentedRaftLogWorker.java:<init>(173)) - new c9842f36-1c61-4897-b49f-cfcf607c5fa5@group-D7D299F24BF1-SegmentedRaftLogWorker for RaftStorage:Storage Directory /workdir/hadoop-ozone/ozonefs/target/test-dir/MiniOzoneClusterImpl-33bb1b6f-08a7-4827-87f7-192ae60b9681/datanode-0/data/ratis/3c8b001c-dd87-4a44-9e09-d7d299f24bf1
2019-10-02 23:09:44,304 [pool-378-thread-1] INFO  server.RaftServerConfigKeys (ConfUtils.java:logGet(43)) - raft.server.log.queue.byte-limit = 2147483647 (custom)
2019-10-02 23:09:44,304 [pool-378-thread-1] INFO  server.RaftServerConfigKeys (ConfUtils.java:logGet(43)) - raft.server.log.queue.element-limit = 1024 (custom)
2019-10-02 23:09:44,304 [pool-378-thread-1] INFO  server.RaftServerConfigKeys (ConfUtils.java:logGet(43)) - raft.server.log.segment.size.max = 1048576 (custom)
2019-10-02 23:09:44,304 [pool-378-thread-1] INFO  server.RaftServerConfigKeys (ConfUtils.java:logGet(43)) - raft.server.log.preallocated.size = 16384 (custom)
2019-10-02 23:09:44,304 [pool-378-thread-1] INFO  server.RaftServerConfigKeys (ConfUtils.java:logGet(43)) - raft.server.log.write.buffer.size = 33554432 (custom)
2019-10-02 23:09:44,305 [pool-378-thread-1] INFO  server.RaftServerConfigKeys (ConfUtils.java:logGet(43)) - raft.server.log.force.sync.num = 128 (default)
2019-10-02 23:09:44,305 [pool-378-thread-1] INFO  server.RaftServerConfigKeys (ConfUtils.java:logGet(43)) - raft.server.log.statemachine.data.sync = true (default)
2019-10-02 23:09:44,305 [pool-378-thread-1] INFO  server.RaftServerConfigKeys (ConfUtils.java:logGet(43)) - raft.server.log.statemachine.data.sync.timeout = 10s (default)
2019-10-02 23:09:44,305 [pool-378-thread-1] INFO  server.RaftServerConfigKeys (ConfUtils.java:logGet(43)) - raft.server.log.statemachine.data.sync.timeout.retry = -1 (default)
2019-10-02 23:09:44,305 [pool-378-thread-1] INFO  server.RaftServerConfigKeys (ConfUtils.java:logGet(43)) - raft.server.log.statemachine.data.caching.enabled = true (custom)
2019-10-02 23:09:44,306 [pool-378-thread-1] INFO  segmented.SegmentedRaftLogWorker (SegmentedRaftLogWorker.java:lambda$new$0(128)) - c9842f36-1c61-4897-b49f-cfcf607c5fa5@group-D7D299F24BF1-SegmentedRaftLogWorker: flushIndex: setUnconditionally 0 -> -1
2019-10-02 23:09:44,306 [pool-378-thread-1] INFO  server.RaftServerConfigKeys (ConfUtils.java:logGet(43)) - raft.server.snapshot.auto.trigger.enabled = true (custom)
2019-10-02 23:09:44,306 [pool-378-thread-1] INFO  server.RaftServerConfigKeys (ConfUtils.java:logGet(43)) - raft.server.snapshot.auto.trigger.threshold = 10000 (custom)
2019-10-02 23:09:44,307 [pool-378-thread-1] INFO  server.RaftServerConfigKeys (ConfUtils.java:logGet(43)) - raft.server.snapshot.retention.file.num = 5 (custom)
2019-10-02 23:09:44,307 [pool-378-thread-1] INFO  server.RaftServerConfigKeys (ConfUtils.java:logGet(43)) - raft.server.retrycache.expirytime = 600000ms (custom)
2019-10-02 23:09:44,303 [pool-398-thread-1] INFO  segmented.SegmentedRaftLogWorker (SegmentedRaftLogWorker.java:<init>(173)) - new a64a6e34-3a76-43da-acee-764200680ed3@group-D7D299F24BF1-SegmentedRaftLogWorker for RaftStorage:Storage Directory /workdir/hadoop-ozone/ozonefs/target/test-dir/MiniOzoneClusterImpl-33bb1b6f-08a7-4827-87f7-192ae60b9681/datanode-2/data/ratis/3c8b001c-dd87-4a44-9e09-d7d299f24bf1
2019-10-02 23:09:44,308 [pool-398-thread-1] INFO  server.RaftServerConfigKeys (ConfUtils.java:logGet(43)) - raft.server.log.queue.byte-limit = 2147483647 (custom)
2019-10-02 23:09:44,308 [pool-398-thread-1] INFO  server.RaftServerConfigKeys (ConfUtils.java:logGet(43)) - raft.server.log.queue.element-limit = 1024 (custom)
2019-10-02 23:09:44,308 [pool-398-thread-1] INFO  server.RaftServerConfigKeys (ConfUtils.java:logGet(43)) - raft.server.log.segment.size.max = 1048576 (custom)
2019-10-02 23:09:44,308 [pool-398-thread-1] INFO  server.RaftServerConfigKeys (ConfUtils.java:logGet(43)) - raft.server.log.preallocated.size = 16384 (custom)
2019-10-02 23:09:44,308 [pool-398-thread-1] INFO  server.RaftServerConfigKeys (ConfUtils.java:logGet(43)) - raft.server.log.write.buffer.size = 33554432 (custom)
2019-10-02 23:09:44,308 [pool-398-thread-1] INFO  server.RaftServerConfigKeys (ConfUtils.java:logGet(43)) - raft.server.log.force.sync.num = 128 (default)
2019-10-02 23:09:44,309 [pool-398-thread-1] INFO  server.RaftServerConfigKeys (ConfUtils.java:logGet(43)) - raft.server.log.statemachine.data.sync = true (default)
2019-10-02 23:09:44,309 [pool-398-thread-1] INFO  server.RaftServerConfigKeys (ConfUtils.java:logGet(43)) - raft.server.log.statemachine.data.sync.timeout = 10s (default)
2019-10-02 23:09:44,309 [pool-398-thread-1] INFO  server.RaftServerConfigKeys (ConfUtils.java:logGet(43)) - raft.server.log.statemachine.data.sync.timeout.retry = -1 (default)
2019-10-02 23:09:44,309 [pool-398-thread-1] INFO  server.RaftServerConfigKeys (ConfUtils.java:logGet(43)) - raft.server.log.statemachine.data.caching.enabled = true (custom)
2019-10-02 23:09:44,309 [pool-398-thread-1] INFO  segmented.SegmentedRaftLogWorker (SegmentedRaftLogWorker.java:lambda$new$0(128)) - a64a6e34-3a76-43da-acee-764200680ed3@group-D7D299F24BF1-SegmentedRaftLogWorker: flushIndex: setUnconditionally 0 -> -1
2019-10-02 23:09:44,303 [pool-388-thread-1] INFO  server.RaftServerConfigKeys (ConfUtils.java:logGet(43)) - raft.server.log.segment.size.max = 1048576 (custom)
2019-10-02 23:09:44,309 [pool-378-thread-1] INFO  impl.RaftServerImpl (RaftServerImpl.java:start(181)) - c9842f36-1c61-4897-b49f-cfcf607c5fa5@group-D7D299F24BF1: start as a follower, conf=-1: [a64a6e34-3a76-43da-acee-764200680ed3:192.168.30.30:45392, c9842f36-1c61-4897-b49f-cfcf607c5fa5:192.168.30.30:42767, 446100de-9ab5-4f28-b23e-9bbdfe40fdf4:192.168.30.30:45972], old=null
2019-10-02 23:09:44,310 [pool-388-thread-1] INFO  server.RaftServerConfigKeys (ConfUtils.java:logGet(43)) - raft.server.log.segment.cache.num.max = 2 (custom)
2019-10-02 23:09:44,312 [pool-378-thread-1] INFO  impl.RaftServerImpl (RaftServerImpl.java:setRole(170)) - c9842f36-1c61-4897-b49f-cfcf607c5fa5@group-D7D299F24BF1: changes role from      null to FOLLOWER at term 0 for startAsFollower
2019-10-02 23:09:44,312 [pool-378-thread-1] INFO  impl.RoleInfo (RoleInfo.java:updateAndGet(143)) - c9842f36-1c61-4897-b49f-cfcf607c5fa5: start FollowerState
2019-10-02 23:09:44,312 [pool-378-thread-1] INFO  util.JmxRegister (JmxRegister.java:tryRegister(44)) - Successfully registered JMX Bean with object name Ratis:service=RaftServer,group=group-D7D299F24BF1,id=c9842f36-1c61-4897-b49f-cfcf607c5fa5
2019-10-02 23:09:44,312 [pool-398-thread-1] INFO  server.RaftServerConfigKeys (ConfUtils.java:logGet(43)) - raft.server.snapshot.auto.trigger.enabled = true (custom)
2019-10-02 23:09:44,312 [pool-388-thread-1] INFO  segmented.SegmentedRaftLogWorker (SegmentedRaftLogWorker.java:<init>(173)) - new 446100de-9ab5-4f28-b23e-9bbdfe40fdf4@group-D7D299F24BF1-SegmentedRaftLogWorker for RaftStorage:Storage Directory /workdir/hadoop-ozone/ozonefs/target/test-dir/MiniOzoneClusterImpl-33bb1b6f-08a7-4827-87f7-192ae60b9681/datanode-1/data/ratis/3c8b001c-dd87-4a44-9e09-d7d299f24bf1
2019-10-02 23:09:44,314 [pool-388-thread-1] INFO  server.RaftServerConfigKeys (ConfUtils.java:logGet(43)) - raft.server.log.queue.byte-limit = 2147483647 (custom)
2019-10-02 23:09:44,314 [pool-388-thread-1] INFO  server.RaftServerConfigKeys (ConfUtils.java:logGet(43)) - raft.server.log.queue.element-limit = 1024 (custom)
2019-10-02 23:09:44,314 [pool-388-thread-1] INFO  server.RaftServerConfigKeys (ConfUtils.java:logGet(43)) - raft.server.log.segment.size.max = 1048576 (custom)
2019-10-02 23:09:44,314 [pool-388-thread-1] INFO  server.RaftServerConfigKeys (ConfUtils.java:logGet(43)) - raft.server.log.preallocated.size = 16384 (custom)
2019-10-02 23:09:44,314 [pool-388-thread-1] INFO  server.RaftServerConfigKeys (ConfUtils.java:logGet(43)) - raft.server.log.write.buffer.size = 33554432 (custom)
2019-10-02 23:09:44,314 [pool-388-thread-1] INFO  server.RaftServerConfigKeys (ConfUtils.java:logGet(43)) - raft.server.log.force.sync.num = 128 (default)
2019-10-02 23:09:44,314 [pool-388-thread-1] INFO  server.RaftServerConfigKeys (ConfUtils.java:logGet(43)) - raft.server.log.statemachine.data.sync = true (default)
2019-10-02 23:09:44,314 [pool-388-thread-1] INFO  server.RaftServerConfigKeys (ConfUtils.java:logGet(43)) - raft.server.log.statemachine.data.sync.timeout = 10s (default)
2019-10-02 23:09:44,315 [pool-388-thread-1] INFO  server.RaftServerConfigKeys (ConfUtils.java:logGet(43)) - raft.server.log.statemachine.data.sync.timeout.retry = -1 (default)
2019-10-02 23:09:44,315 [pool-388-thread-1] INFO  server.RaftServerConfigKeys (ConfUtils.java:logGet(43)) - raft.server.log.statemachine.data.caching.enabled = true (custom)
2019-10-02 23:09:44,315 [pool-388-thread-1] INFO  segmented.SegmentedRaftLogWorker (SegmentedRaftLogWorker.java:lambda$new$0(128)) - 446100de-9ab5-4f28-b23e-9bbdfe40fdf4@group-D7D299F24BF1-SegmentedRaftLogWorker: flushIndex: setUnconditionally 0 -> -1
2019-10-02 23:09:44,315 [pool-388-thread-1] INFO  server.RaftServerConfigKeys (ConfUtils.java:logGet(43)) - raft.server.snapshot.auto.trigger.enabled = true (custom)
2019-10-02 23:09:44,316 [pool-388-thread-1] INFO  server.RaftServerConfigKeys (ConfUtils.java:logGet(43)) - raft.server.snapshot.auto.trigger.threshold = 10000 (custom)
2019-10-02 23:09:44,316 [pool-388-thread-1] INFO  server.RaftServerConfigKeys (ConfUtils.java:logGet(43)) - raft.server.snapshot.retention.file.num = 5 (custom)
2019-10-02 23:09:44,316 [pool-388-thread-1] INFO  server.RaftServerConfigKeys (ConfUtils.java:logGet(43)) - raft.server.retrycache.expirytime = 600000ms (custom)
2019-10-02 23:09:44,313 [pool-398-thread-1] INFO  server.RaftServerConfigKeys (ConfUtils.java:logGet(43)) - raft.server.snapshot.auto.trigger.threshold = 10000 (custom)
2019-10-02 23:09:44,317 [pool-398-thread-1] INFO  server.RaftServerConfigKeys (ConfUtils.java:logGet(43)) - raft.server.snapshot.retention.file.num = 5 (custom)
2019-10-02 23:09:44,317 [pool-398-thread-1] INFO  server.RaftServerConfigKeys (ConfUtils.java:logGet(43)) - raft.server.retrycache.expirytime = 600000ms (custom)
2019-10-02 23:09:44,318 [pool-388-thread-1] INFO  impl.RaftServerImpl (RaftServerImpl.java:start(181)) - 446100de-9ab5-4f28-b23e-9bbdfe40fdf4@group-D7D299F24BF1: start as a follower, conf=-1: [a64a6e34-3a76-43da-acee-764200680ed3:192.168.30.30:45392, c9842f36-1c61-4897-b49f-cfcf607c5fa5:192.168.30.30:42767, 446100de-9ab5-4f28-b23e-9bbdfe40fdf4:192.168.30.30:45972], old=null
2019-10-02 23:09:44,318 [pool-388-thread-1] INFO  impl.RaftServerImpl (RaftServerImpl.java:setRole(170)) - 446100de-9ab5-4f28-b23e-9bbdfe40fdf4@group-D7D299F24BF1: changes role from      null to FOLLOWER at term 0 for startAsFollower
2019-10-02 23:09:44,318 [pool-388-thread-1] INFO  impl.RoleInfo (RoleInfo.java:updateAndGet(143)) - 446100de-9ab5-4f28-b23e-9bbdfe40fdf4: start FollowerState
2019-10-02 23:09:44,318 [pool-398-thread-1] INFO  impl.RaftServerImpl (RaftServerImpl.java:start(181)) - a64a6e34-3a76-43da-acee-764200680ed3@group-D7D299F24BF1: start as a follower, conf=-1: [a64a6e34-3a76-43da-acee-764200680ed3:192.168.30.30:45392, c9842f36-1c61-4897-b49f-cfcf607c5fa5:192.168.30.30:42767, 446100de-9ab5-4f28-b23e-9bbdfe40fdf4:192.168.30.30:45972], old=null
2019-10-02 23:09:44,319 [pool-398-thread-1] INFO  impl.RaftServerImpl (RaftServerImpl.java:setRole(170)) - a64a6e34-3a76-43da-acee-764200680ed3@group-D7D299F24BF1: changes role from      null to FOLLOWER at term 0 for startAsFollower
2019-10-02 23:09:44,319 [pool-388-thread-1] INFO  util.JmxRegister (JmxRegister.java:tryRegister(44)) - Successfully registered JMX Bean with object name Ratis:service=RaftServer,group=group-D7D299F24BF1,id=446100de-9ab5-4f28-b23e-9bbdfe40fdf4
2019-10-02 23:09:44,319 [pool-398-thread-1] INFO  impl.RoleInfo (RoleInfo.java:updateAndGet(143)) - a64a6e34-3a76-43da-acee-764200680ed3: start FollowerState
2019-10-02 23:09:44,319 [pool-398-thread-1] INFO  util.JmxRegister (JmxRegister.java:tryRegister(44)) - Successfully registered JMX Bean with object name Ratis:service=RaftServer,group=group-D7D299F24BF1,id=a64a6e34-3a76-43da-acee-764200680ed3
2019-10-02 23:09:44,330 [RatisPipelineUtilsThread] INFO  pipeline.PipelineStateManager (PipelineStateManager.java:addPipeline(56)) - Created pipeline Pipeline[ Id: 3c8b001c-dd87-4a44-9e09-d7d299f24bf1, Nodes: 446100de-9ab5-4f28-b23e-9bbdfe40fdf4{ip: 192.168.30.30, host: pr-hdds1737-lts7z-2510321508, networkLocation: /default-rack, certSerialId: null}a64a6e34-3a76-43da-acee-764200680ed3{ip: 192.168.30.30, host: pr-hdds1737-lts7z-2510321508, networkLocation: /default-rack, certSerialId: null}c9842f36-1c61-4897-b49f-cfcf607c5fa5{ip: 192.168.30.30, host: pr-hdds1737-lts7z-2510321508, networkLocation: /default-rack, certSerialId: null}, Type:RATIS, Factor:THREE, State:OPEN]
2019-10-02 23:09:45,099 [main] INFO  ozone.MiniOzoneClusterImpl (MiniOzoneClusterImpl.java:lambda$waitForClusterToBeReady$0(147)) - Cluster is ready. Got 3 of 3 DN Heartbeats.
2019-10-02 23:09:45,159 [main] INFO  rpc.RpcClient (RpcClient.java:createVolume(276)) - Creating Volume: wmqnndsvot, with user77264 as owner.
2019-10-02 23:09:45,162 [IPC Server handler 1 on 42576] INFO  volume.OMVolumeCreateRequest (OMVolumeCreateRequest.java:validateAndUpdateCache(194)) - created volume:wmqnndsvot for user:user77264
2019-10-02 23:09:45,190 [main] INFO  rpc.RpcClient (RpcClient.java:createBucket(415)) - Creating Bucket: wmqnndsvot/ibooyggotp, with Versioning false and Storage Type set to DISK and Encryption set to false 
23:09:45.231 [IPC Server handler 8 on 42576] ERROR OMAudit - user=jenkins1000 | ip=127.0.0.1 | op=CREATE_DIRECTORY {volume=wmqnndsvot, bucket=ibooyggotp, key=TXw5M, dataSize=0, replicationType=RATIS, replicationFactor=ONE, keyLocationInfo=[]} | ret=FAILURE
org.apache.hadoop.ozone.om.exceptions.OMException: Volume not found wmqnndsvot
	at org.apache.hadoop.ozone.om.request.file.OMDirectoryCreateRequest.validateAndUpdateCache(OMDirectoryCreateRequest.java:146) ~[hadoop-ozone-ozone-manager-0.5.0-SNAPSHOT.jar:?]
	at org.apache.hadoop.ozone.protocolPB.OzoneManagerProtocolServerSideTranslatorPB.submitRequestDirectlyToOM(OzoneManagerProtocolServerSideTranslatorPB.java:219) ~[hadoop-ozone-ozone-manager-0.5.0-SNAPSHOT.jar:?]
	at org.apache.hadoop.ozone.protocolPB.OzoneManagerProtocolServerSideTranslatorPB.processRequest(OzoneManagerProtocolServerSideTranslatorPB.java:134) ~[hadoop-ozone-ozone-manager-0.5.0-SNAPSHOT.jar:?]
	at org.apache.hadoop.hdds.server.OzoneProtocolMessageDispatcher.processRequest(OzoneProtocolMessageDispatcher.java:72) [hadoop-hdds-server-framework-0.5.0-SNAPSHOT.jar:?]
	at org.apache.hadoop.ozone.protocolPB.OzoneManagerProtocolServerSideTranslatorPB.submitRequest(OzoneManagerProtocolServerSideTranslatorPB.java:100) [hadoop-ozone-ozone-manager-0.5.0-SNAPSHOT.jar:?]
	at org.apache.hadoop.ozone.protocol.proto.OzoneManagerProtocolProtos$OzoneManagerService$2.callBlockingMethod(OzoneManagerProtocolProtos.java) [hadoop-ozone-common-0.5.0-SNAPSHOT.jar:?]
	at org.apache.hadoop.ipc.ProtobufRpcEngine$Server$ProtoBufRpcInvoker.call(ProtobufRpcEngine.java:524) [hadoop-common-3.2.0.jar:?]
	at org.apache.hadoop.ipc.RPC$Server.call(RPC.java:1025) [hadoop-common-3.2.0.jar:?]
	at org.apache.hadoop.ipc.Server$RpcCall.run(Server.java:876) [hadoop-common-3.2.0.jar:?]
	at org.apache.hadoop.ipc.Server$RpcCall.run(Server.java:822) [hadoop-common-3.2.0.jar:?]
	at java.security.AccessController.doPrivileged(Native Method) [?:1.8.0_212]
	at javax.security.auth.Subject.doAs(Subject.java:422) [?:1.8.0_212]
	at org.apache.hadoop.security.UserGroupInformation.doAs(UserGroupInformation.java:1730) [hadoop-common-3.2.0.jar:?]
	at org.apache.hadoop.ipc.Server$Handler.run(Server.java:2682) [hadoop-common-3.2.0.jar:?]
2019-10-02 23:09:45,232 [IPC Server handler 8 on 42576] ERROR file.OMDirectoryCreateRequest (OMDirectoryCreateRequest.java:validateAndUpdateCache(212)) - CreateDirectory failed for Key: TXw5M in volume/bucket:wmqnndsvot/ibooyggotp
VOLUME_NOT_FOUND org.apache.hadoop.ozone.om.exceptions.OMException: Volume not found wmqnndsvot
	at org.apache.hadoop.ozone.om.request.file.OMDirectoryCreateRequest.validateAndUpdateCache(OMDirectoryCreateRequest.java:146)
	at org.apache.hadoop.ozone.protocolPB.OzoneManagerProtocolServerSideTranslatorPB.submitRequestDirectlyToOM(OzoneManagerProtocolServerSideTranslatorPB.java:219)
	at org.apache.hadoop.ozone.protocolPB.OzoneManagerProtocolServerSideTranslatorPB.processRequest(OzoneManagerProtocolServerSideTranslatorPB.java:134)
	at org.apache.hadoop.hdds.server.OzoneProtocolMessageDispatcher.processRequest(OzoneProtocolMessageDispatcher.java:72)
	at org.apache.hadoop.ozone.protocolPB.OzoneManagerProtocolServerSideTranslatorPB.submitRequest(OzoneManagerProtocolServerSideTranslatorPB.java:100)
	at org.apache.hadoop.ozone.protocol.proto.OzoneManagerProtocolProtos$OzoneManagerService$2.callBlockingMethod(OzoneManagerProtocolProtos.java)
	at org.apache.hadoop.ipc.ProtobufRpcEngine$Server$ProtoBufRpcInvoker.call(ProtobufRpcEngine.java:524)
	at org.apache.hadoop.ipc.RPC$Server.call(RPC.java:1025)
	at org.apache.hadoop.ipc.Server$RpcCall.run(Server.java:876)
	at org.apache.hadoop.ipc.Server$RpcCall.run(Server.java:822)
	at java.security.AccessController.doPrivileged(Native Method)
	at javax.security.auth.Subject.doAs(Subject.java:422)
	at org.apache.hadoop.security.UserGroupInformation.doAs(UserGroupInformation.java:1730)
	at org.apache.hadoop.ipc.Server$Handler.run(Server.java:2682)
2019-10-02 23:09:45,233 [main] INFO  ozone.MiniOzoneClusterImpl (MiniOzoneClusterImpl.java:shutdown(314)) - Shutting down the Mini Ozone Cluster
2019-10-02 23:09:45,233 [main] INFO  ozone.MiniOzoneClusterImpl (MiniOzoneClusterImpl.java:stop(330)) - Stopping the Mini Ozone Cluster
2019-10-02 23:09:45,233 [main] INFO  ozone.MiniOzoneClusterImpl (MiniOzoneClusterImpl.java:stopOM(400)) - Stopping the OzoneManager
2019-10-02 23:09:45,234 [main] INFO  ipc.Server (Server.java:stop(3082)) - Stopping server on 42576
2019-10-02 23:09:45,239 [IPC Server listener on 42576] INFO  ipc.Server (Server.java:run(1185)) - Stopping IPC Server listener on 42576
2019-10-02 23:09:45,239 [main] INFO  ratis.OzoneManagerDoubleBuffer (OzoneManagerDoubleBuffer.java:stop(248)) - Stopping OMDoubleBuffer flush thread
2019-10-02 23:09:45,239 [IPC Server Responder] INFO  ipc.Server (Server.java:run(1319)) - Stopping IPC Server Responder
2019-10-02 23:09:45,241 [OMDoubleBufferFlushThread] INFO  ratis.OzoneManagerDoubleBuffer (OzoneManagerDoubleBuffer.java:flushTransactions(191)) - OMDoubleBuffer flush thread OMDoubleBufferFlushThread is interrupted and will exit. OMDoubleBufferFlushThread
2019-10-02 23:09:45,242 [main] INFO  utils.BackgroundService (BackgroundService.java:shutdown(148)) - Shutting down service KeyDeletingService
2019-10-02 23:09:45,243 [main] INFO  handler.ContextHandler (ContextHandler.java:doStop(910)) - Stopped o.e.j.w.WebAppContext@19105a87{/,null,UNAVAILABLE}{/ozoneManager}
2019-10-02 23:09:45,244 [main] INFO  server.AbstractConnector (AbstractConnector.java:doStop(318)) - Stopped ServerConnector@7cf0ad3f{HTTP/1.1,[http/1.1]}{0.0.0.0:0}
2019-10-02 23:09:45,244 [main] INFO  handler.ContextHandler (ContextHandler.java:doStop(910)) - Stopped o.e.j.s.ServletContextHandler@1d283d1{/static,jar:file:/home/user/.m2/repository/org/apache/hadoop/hadoop-ozone-ozone-manager/0.5.0-SNAPSHOT/hadoop-ozone-ozone-manager-0.5.0-SNAPSHOT.jar!/webapps/static,UNAVAILABLE}
2019-10-02 23:09:45,244 [main] INFO  handler.ContextHandler (ContextHandler.java:doStop(910)) - Stopped o.e.j.s.ServletContextHandler@2296127{/logs,file:///workdir/hadoop-ozone/ozonefs/target/log,UNAVAILABLE}
2019-10-02 23:09:45,249 [main] INFO  ozone.MiniOzoneClusterImpl (MiniOzoneClusterImpl.java:stopDatanodes(377)) - Stopping the HddsDatanodes
2019-10-02 23:09:45,895 [Datanode State Machine Thread - 0] INFO  statemachine.DatanodeStateMachine (DatanodeStateMachine.java:lambda$startDaemon$0(350)) - Ozone container server started.
2019-10-02 23:09:45,969 [Datanode State Machine Thread - 0] INFO  statemachine.DatanodeStateMachine (DatanodeStateMachine.java:lambda$startDaemon$0(350)) - Ozone container server started.
2019-10-02 23:09:46,906 [Thread-1763] INFO  container.ReplicationManager (ReplicationManager.java:start(162)) - Starting Replication Monitor Thread.
2019-10-02 23:09:46,909 [ReplicationMonitor] INFO  container.ReplicationManager (ReplicationManager.java:run(225)) - Replication Monitor Thread took 0 milliseconds for processing 0 containers.
2019-10-02 23:09:49,009 [Thread-1765] INFO  impl.FollowerState (FollowerState.java:run(108)) - c9842f36-1c61-4897-b49f-cfcf607c5fa5@group-F2777DD628C6-FollowerState: change to CANDIDATE, lastRpcTime:5025ms, electionTimeout:5025ms
2019-10-02 23:09:49,009 [Thread-1765] INFO  impl.RoleInfo (RoleInfo.java:shutdownFollowerState(121)) - c9842f36-1c61-4897-b49f-cfcf607c5fa5: shutdown FollowerState
2019-10-02 23:09:49,009 [Thread-1765] INFO  impl.RaftServerImpl (RaftServerImpl.java:setRole(170)) - c9842f36-1c61-4897-b49f-cfcf607c5fa5@group-F2777DD628C6: changes role from  FOLLOWER to CANDIDATE at term 0 for changeToCandidate
2019-10-02 23:09:49,009 [Thread-1765] INFO  impl.RoleInfo (RoleInfo.java:updateAndGet(143)) - c9842f36-1c61-4897-b49f-cfcf607c5fa5: start LeaderElection
2019-10-02 23:09:49,049 [c9842f36-1c61-4897-b49f-cfcf607c5fa5@group-F2777DD628C6-LeaderElection42] INFO  impl.LeaderElection (LeaderElection.java:askForVotes(178)) - c9842f36-1c61-4897-b49f-cfcf607c5fa5@group-F2777DD628C6-LeaderElection42: begin an election at term 1 for -1: [c9842f36-1c61-4897-b49f-cfcf607c5fa5:192.168.30.30:42767], old=null
2019-10-02 23:09:49,050 [c9842f36-1c61-4897-b49f-cfcf607c5fa5@group-F2777DD628C6-LeaderElection42] INFO  impl.RoleInfo (RoleInfo.java:shutdownLeaderElection(134)) - c9842f36-1c61-4897-b49f-cfcf607c5fa5: shutdown LeaderElection
2019-10-02 23:09:49,050 [c9842f36-1c61-4897-b49f-cfcf607c5fa5@group-F2777DD628C6-LeaderElection42] INFO  impl.RaftServerImpl (RaftServerImpl.java:setRole(170)) - c9842f36-1c61-4897-b49f-cfcf607c5fa5@group-F2777DD628C6: changes role from CANDIDATE to LEADER at term 1 for changeToLeader
2019-10-02 23:09:49,050 [c9842f36-1c61-4897-b49f-cfcf607c5fa5@group-F2777DD628C6-LeaderElection42] INFO  impl.RaftServerImpl (ServerState.java:setLeader(255)) - c9842f36-1c61-4897-b49f-cfcf607c5fa5@group-F2777DD628C6: change Leader from null to c9842f36-1c61-4897-b49f-cfcf607c5fa5 at term 1 for becomeLeader, leader elected after 5074ms
2019-10-02 23:09:49,050 [c9842f36-1c61-4897-b49f-cfcf607c5fa5@group-F2777DD628C6-LeaderElection42] INFO  server.RaftServerConfigKeys (ConfUtils.java:logGet(43)) - raft.server.staging.catchup.gap = 1000 (default)
2019-10-02 23:09:49,051 [c9842f36-1c61-4897-b49f-cfcf607c5fa5@group-F2777DD628C6-LeaderElection42] INFO  server.RaftServerConfigKeys (ConfUtils.java:logGet(43)) - raft.server.rpc.sleep.time = 25ms (default)
2019-10-02 23:09:49,051 [c9842f36-1c61-4897-b49f-cfcf607c5fa5@group-F2777DD628C6-LeaderElection42] INFO  server.RaftServerConfigKeys (ConfUtils.java:logGet(43)) - raft.server.write.element-limit = 4096 (default)
2019-10-02 23:09:49,051 [c9842f36-1c61-4897-b49f-cfcf607c5fa5@group-F2777DD628C6-LeaderElection42] INFO  server.RaftServerConfigKeys (ConfUtils.java:logGet(43)) - raft.server.watch.timeout = 10s (default)
2019-10-02 23:09:49,051 [c9842f36-1c61-4897-b49f-cfcf607c5fa5@group-F2777DD628C6-LeaderElection42] INFO  server.RaftServerConfigKeys (ConfUtils.java:logGet(43)) - raft.server.watch.timeout.denomination = 1s (default)
2019-10-02 23:09:49,051 [c9842f36-1c61-4897-b49f-cfcf607c5fa5@group-F2777DD628C6-LeaderElection42] INFO  server.RaftServerConfigKeys (ConfUtils.java:logGet(43)) - raft.server.watch.element-limit = 65536 (default)
2019-10-02 23:09:49,053 [c9842f36-1c61-4897-b49f-cfcf607c5fa5@group-F2777DD628C6-LeaderElection42] INFO  impl.RoleInfo (RoleInfo.java:updateAndGet(143)) - c9842f36-1c61-4897-b49f-cfcf607c5fa5: start LeaderState
2019-10-02 23:09:49,054 [c9842f36-1c61-4897-b49f-cfcf607c5fa5@group-F2777DD628C6-LeaderElection42] INFO  segmented.SegmentedRaftLogWorker (SegmentedRaftLogWorker.java:startLogSegment(385)) - c9842f36-1c61-4897-b49f-cfcf607c5fa5@group-F2777DD628C6-SegmentedRaftLogWorker: Starting segment from index:0
2019-10-02 23:09:49,054 [c9842f36-1c61-4897-b49f-cfcf607c5fa5@group-F2777DD628C6-LeaderElection42] INFO  impl.RaftServerImpl (ServerState.java:setRaftConf(356)) - c9842f36-1c61-4897-b49f-cfcf607c5fa5@group-F2777DD628C6: set configuration 0: [c9842f36-1c61-4897-b49f-cfcf607c5fa5:192.168.30.30:42767], old=null at 0
2019-10-02 23:09:49,111 [c9842f36-1c61-4897-b49f-cfcf607c5fa5@group-F2777DD628C6-SegmentedRaftLogWorker] INFO  segmented.SegmentedRaftLogWorker (SegmentedRaftLogWorker.java:execute(574)) - c9842f36-1c61-4897-b49f-cfcf607c5fa5@group-F2777DD628C6-SegmentedRaftLogWorker: created new log segment /workdir/hadoop-ozone/ozonefs/target/test-dir/MiniOzoneClusterImpl-33bb1b6f-08a7-4827-87f7-192ae60b9681/datanode-0/data/ratis/ffc049c6-8f17-4d94-acc1-f2777dd628c6/current/log_inprogress_0
2019-10-02 23:09:49,181 [Thread-1768] INFO  impl.FollowerState (FollowerState.java:run(108)) - 446100de-9ab5-4f28-b23e-9bbdfe40fdf4@group-7354D64687B1-FollowerState: change to CANDIDATE, lastRpcTime:5109ms, electionTimeout:5109ms
2019-10-02 23:09:49,182 [Thread-1768] INFO  impl.RoleInfo (RoleInfo.java:shutdownFollowerState(121)) - 446100de-9ab5-4f28-b23e-9bbdfe40fdf4: shutdown FollowerState
2019-10-02 23:09:49,182 [Thread-1768] INFO  impl.RaftServerImpl (RaftServerImpl.java:setRole(170)) - 446100de-9ab5-4f28-b23e-9bbdfe40fdf4@group-7354D64687B1: changes role from  FOLLOWER to CANDIDATE at term 0 for changeToCandidate
2019-10-02 23:09:49,182 [Thread-1768] INFO  impl.RoleInfo (RoleInfo.java:updateAndGet(143)) - 446100de-9ab5-4f28-b23e-9bbdfe40fdf4: start LeaderElection
2019-10-02 23:09:49,221 [446100de-9ab5-4f28-b23e-9bbdfe40fdf4@group-7354D64687B1-LeaderElection43] INFO  impl.LeaderElection (LeaderElection.java:askForVotes(178)) - 446100de-9ab5-4f28-b23e-9bbdfe40fdf4@group-7354D64687B1-LeaderElection43: begin an election at term 1 for -1: [446100de-9ab5-4f28-b23e-9bbdfe40fdf4:192.168.30.30:45972], old=null
2019-10-02 23:09:49,222 [446100de-9ab5-4f28-b23e-9bbdfe40fdf4@group-7354D64687B1-LeaderElection43] INFO  impl.RoleInfo (RoleInfo.java:shutdownLeaderElection(134)) - 446100de-9ab5-4f28-b23e-9bbdfe40fdf4: shutdown LeaderElection
2019-10-02 23:09:49,222 [446100de-9ab5-4f28-b23e-9bbdfe40fdf4@group-7354D64687B1-LeaderElection43] INFO  impl.RaftServerImpl (RaftServerImpl.java:setRole(170)) - 446100de-9ab5-4f28-b23e-9bbdfe40fdf4@group-7354D64687B1: changes role from CANDIDATE to LEADER at term 1 for changeToLeader
2019-10-02 23:09:49,222 [446100de-9ab5-4f28-b23e-9bbdfe40fdf4@group-7354D64687B1-LeaderElection43] INFO  impl.RaftServerImpl (ServerState.java:setLeader(255)) - 446100de-9ab5-4f28-b23e-9bbdfe40fdf4@group-7354D64687B1: change Leader from null to 446100de-9ab5-4f28-b23e-9bbdfe40fdf4 at term 1 for becomeLeader, leader elected after 5157ms
2019-10-02 23:09:49,222 [446100de-9ab5-4f28-b23e-9bbdfe40fdf4@group-7354D64687B1-LeaderElection43] INFO  server.RaftServerConfigKeys (ConfUtils.java:logGet(43)) - raft.server.staging.catchup.gap = 1000 (default)
2019-10-02 23:09:49,222 [446100de-9ab5-4f28-b23e-9bbdfe40fdf4@group-7354D64687B1-LeaderElection43] INFO  server.RaftServerConfigKeys (ConfUtils.java:logGet(43)) - raft.server.rpc.sleep.time = 25ms (default)
2019-10-02 23:09:49,222 [446100de-9ab5-4f28-b23e-9bbdfe40fdf4@group-7354D64687B1-LeaderElection43] INFO  server.RaftServerConfigKeys (ConfUtils.java:logGet(43)) - raft.server.write.element-limit = 4096 (default)
2019-10-02 23:09:49,222 [446100de-9ab5-4f28-b23e-9bbdfe40fdf4@group-7354D64687B1-LeaderElection43] INFO  server.RaftServerConfigKeys (ConfUtils.java:logGet(43)) - raft.server.watch.timeout = 10s (default)
2019-10-02 23:09:49,222 [446100de-9ab5-4f28-b23e-9bbdfe40fdf4@group-7354D64687B1-LeaderElection43] INFO  server.RaftServerConfigKeys (ConfUtils.java:logGet(43)) - raft.server.watch.timeout.denomination = 1s (default)
2019-10-02 23:09:49,222 [446100de-9ab5-4f28-b23e-9bbdfe40fdf4@group-7354D64687B1-LeaderElection43] INFO  server.RaftServerConfigKeys (ConfUtils.java:logGet(43)) - raft.server.watch.element-limit = 65536 (default)
2019-10-02 23:09:49,224 [446100de-9ab5-4f28-b23e-9bbdfe40fdf4@group-7354D64687B1-LeaderElection43] INFO  impl.RoleInfo (RoleInfo.java:updateAndGet(143)) - 446100de-9ab5-4f28-b23e-9bbdfe40fdf4: start LeaderState
2019-10-02 23:09:49,224 [446100de-9ab5-4f28-b23e-9bbdfe40fdf4@group-7354D64687B1-LeaderElection43] INFO  segmented.SegmentedRaftLogWorker (SegmentedRaftLogWorker.java:startLogSegment(385)) - 446100de-9ab5-4f28-b23e-9bbdfe40fdf4@group-7354D64687B1-SegmentedRaftLogWorker: Starting segment from index:0
2019-10-02 23:09:49,225 [446100de-9ab5-4f28-b23e-9bbdfe40fdf4@group-7354D64687B1-LeaderElection43] INFO  impl.RaftServerImpl (ServerState.java:setRaftConf(356)) - 446100de-9ab5-4f28-b23e-9bbdfe40fdf4@group-7354D64687B1: set configuration 0: [446100de-9ab5-4f28-b23e-9bbdfe40fdf4:192.168.30.30:45972], old=null at 0
2019-10-02 23:09:49,263 [Thread-1771] INFO  impl.FollowerState (FollowerState.java:run(108)) - a64a6e34-3a76-43da-acee-764200680ed3@group-0A4A698AA234-FollowerState: change to CANDIDATE, lastRpcTime:5067ms, electionTimeout:5067ms
2019-10-02 23:09:49,263 [Thread-1771] INFO  impl.RoleInfo (RoleInfo.java:shutdownFollowerState(121)) - a64a6e34-3a76-43da-acee-764200680ed3: shutdown FollowerState
2019-10-02 23:09:49,264 [Thread-1771] INFO  impl.RaftServerImpl (RaftServerImpl.java:setRole(170)) - a64a6e34-3a76-43da-acee-764200680ed3@group-0A4A698AA234: changes role from  FOLLOWER to CANDIDATE at term 0 for changeToCandidate
2019-10-02 23:09:49,264 [Thread-1771] INFO  impl.RoleInfo (RoleInfo.java:updateAndGet(143)) - a64a6e34-3a76-43da-acee-764200680ed3: start LeaderElection
2019-10-02 23:09:49,280 [446100de-9ab5-4f28-b23e-9bbdfe40fdf4@group-7354D64687B1-SegmentedRaftLogWorker] INFO  segmented.SegmentedRaftLogWorker (SegmentedRaftLogWorker.java:execute(574)) - 446100de-9ab5-4f28-b23e-9bbdfe40fdf4@group-7354D64687B1-SegmentedRaftLogWorker: created new log segment /workdir/hadoop-ozone/ozonefs/target/test-dir/MiniOzoneClusterImpl-33bb1b6f-08a7-4827-87f7-192ae60b9681/datanode-1/data/ratis/e364bf0a-2092-4ecd-b484-7354d64687b1/current/log_inprogress_0
2019-10-02 23:09:49,297 [a64a6e34-3a76-43da-acee-764200680ed3@group-0A4A698AA234-LeaderElection44] INFO  impl.LeaderElection (LeaderElection.java:askForVotes(178)) - a64a6e34-3a76-43da-acee-764200680ed3@group-0A4A698AA234-LeaderElection44: begin an election at term 1 for -1: [a64a6e34-3a76-43da-acee-764200680ed3:192.168.30.30:45392], old=null
2019-10-02 23:09:49,297 [a64a6e34-3a76-43da-acee-764200680ed3@group-0A4A698AA234-LeaderElection44] INFO  impl.RoleInfo (RoleInfo.java:shutdownLeaderElection(134)) - a64a6e34-3a76-43da-acee-764200680ed3: shutdown LeaderElection
2019-10-02 23:09:49,297 [a64a6e34-3a76-43da-acee-764200680ed3@group-0A4A698AA234-LeaderElection44] INFO  impl.RaftServerImpl (RaftServerImpl.java:setRole(170)) - a64a6e34-3a76-43da-acee-764200680ed3@group-0A4A698AA234: changes role from CANDIDATE to LEADER at term 1 for changeToLeader
2019-10-02 23:09:49,298 [a64a6e34-3a76-43da-acee-764200680ed3@group-0A4A698AA234-LeaderElection44] INFO  impl.RaftServerImpl (ServerState.java:setLeader(255)) - a64a6e34-3a76-43da-acee-764200680ed3@group-0A4A698AA234: change Leader from null to a64a6e34-3a76-43da-acee-764200680ed3 at term 1 for becomeLeader, leader elected after 5107ms
2019-10-02 23:09:49,298 [a64a6e34-3a76-43da-acee-764200680ed3@group-0A4A698AA234-LeaderElection44] INFO  server.RaftServerConfigKeys (ConfUtils.java:logGet(43)) - raft.server.staging.catchup.gap = 1000 (default)
2019-10-02 23:09:49,298 [a64a6e34-3a76-43da-acee-764200680ed3@group-0A4A698AA234-LeaderElection44] INFO  server.RaftServerConfigKeys (ConfUtils.java:logGet(43)) - raft.server.rpc.sleep.time = 25ms (default)
2019-10-02 23:09:49,298 [a64a6e34-3a76-43da-acee-764200680ed3@group-0A4A698AA234-LeaderElection44] INFO  server.RaftServerConfigKeys (ConfUtils.java:logGet(43)) - raft.server.write.element-limit = 4096 (default)
2019-10-02 23:09:49,298 [a64a6e34-3a76-43da-acee-764200680ed3@group-0A4A698AA234-LeaderElection44] INFO  server.RaftServerConfigKeys (ConfUtils.java:logGet(43)) - raft.server.watch.timeout = 10s (default)
2019-10-02 23:09:49,299 [a64a6e34-3a76-43da-acee-764200680ed3@group-0A4A698AA234-LeaderElection44] INFO  server.RaftServerConfigKeys (ConfUtils.java:logGet(43)) - raft.server.watch.timeout.denomination = 1s (default)
2019-10-02 23:09:49,299 [a64a6e34-3a76-43da-acee-764200680ed3@group-0A4A698AA234-LeaderElection44] INFO  server.RaftServerConfigKeys (ConfUtils.java:logGet(43)) - raft.server.watch.element-limit = 65536 (default)
2019-10-02 23:09:49,304 [a64a6e34-3a76-43da-acee-764200680ed3@group-0A4A698AA234-LeaderElection44] INFO  impl.RoleInfo (RoleInfo.java:updateAndGet(143)) - a64a6e34-3a76-43da-acee-764200680ed3: start LeaderState
2019-10-02 23:09:49,305 [a64a6e34-3a76-43da-acee-764200680ed3@group-0A4A698AA234-LeaderElection44] INFO  segmented.SegmentedRaftLogWorker (SegmentedRaftLogWorker.java:startLogSegment(385)) - a64a6e34-3a76-43da-acee-764200680ed3@group-0A4A698AA234-SegmentedRaftLogWorker: Starting segment from index:0
2019-10-02 23:09:49,308 [a64a6e34-3a76-43da-acee-764200680ed3@group-0A4A698AA234-LeaderElection44] INFO  impl.RaftServerImpl (ServerState.java:setRaftConf(356)) - a64a6e34-3a76-43da-acee-764200680ed3@group-0A4A698AA234: set configuration 0: [a64a6e34-3a76-43da-acee-764200680ed3:192.168.30.30:45392], old=null at 0
2019-10-02 23:09:49,327 [Thread-1774] INFO  impl.FollowerState (FollowerState.java:run(108)) - c9842f36-1c61-4897-b49f-cfcf607c5fa5@group-D7D299F24BF1-FollowerState: change to CANDIDATE, lastRpcTime:5014ms, electionTimeout:5014ms
2019-10-02 23:09:49,327 [Thread-1774] INFO  impl.RoleInfo (RoleInfo.java:shutdownFollowerState(121)) - c9842f36-1c61-4897-b49f-cfcf607c5fa5: shutdown FollowerState
2019-10-02 23:09:49,327 [Thread-1774] INFO  impl.RaftServerImpl (RaftServerImpl.java:setRole(170)) - c9842f36-1c61-4897-b49f-cfcf607c5fa5@group-D7D299F24BF1: changes role from  FOLLOWER to CANDIDATE at term 0 for changeToCandidate
2019-10-02 23:09:49,327 [Thread-1774] INFO  impl.RoleInfo (RoleInfo.java:updateAndGet(143)) - c9842f36-1c61-4897-b49f-cfcf607c5fa5: start LeaderElection
2019-10-02 23:09:49,351 [a64a6e34-3a76-43da-acee-764200680ed3@group-0A4A698AA234-SegmentedRaftLogWorker] INFO  segmented.SegmentedRaftLogWorker (SegmentedRaftLogWorker.java:execute(574)) - a64a6e34-3a76-43da-acee-764200680ed3@group-0A4A698AA234-SegmentedRaftLogWorker: created new log segment /workdir/hadoop-ozone/ozonefs/target/test-dir/MiniOzoneClusterImpl-33bb1b6f-08a7-4827-87f7-192ae60b9681/datanode-2/data/ratis/425a7a10-1b50-4178-96b9-0a4a698aa234/current/log_inprogress_0
2019-10-02 23:09:49,364 [c9842f36-1c61-4897-b49f-cfcf607c5fa5@group-D7D299F24BF1-LeaderElection45] INFO  impl.LeaderElection (LeaderElection.java:askForVotes(178)) - c9842f36-1c61-4897-b49f-cfcf607c5fa5@group-D7D299F24BF1-LeaderElection45: begin an election at term 1 for -1: [a64a6e34-3a76-43da-acee-764200680ed3:192.168.30.30:45392, c9842f36-1c61-4897-b49f-cfcf607c5fa5:192.168.30.30:42767, 446100de-9ab5-4f28-b23e-9bbdfe40fdf4:192.168.30.30:45972], old=null
2019-10-02 23:09:49,371 [grpc-default-executor-1] INFO  impl.RaftServerImpl (RaftServerImpl.java:setRole(170)) - a64a6e34-3a76-43da-acee-764200680ed3@group-D7D299F24BF1: changes role from  FOLLOWER to FOLLOWER at term 1 for recognizeCandidate:c9842f36-1c61-4897-b49f-cfcf607c5fa5
2019-10-02 23:09:49,372 [grpc-default-executor-0] INFO  impl.RaftServerImpl (RaftServerImpl.java:setRole(170)) - 446100de-9ab5-4f28-b23e-9bbdfe40fdf4@group-D7D299F24BF1: changes role from  FOLLOWER to FOLLOWER at term 1 for recognizeCandidate:c9842f36-1c61-4897-b49f-cfcf607c5fa5
2019-10-02 23:09:49,373 [grpc-default-executor-1] INFO  impl.RoleInfo (RoleInfo.java:shutdownFollowerState(121)) - a64a6e34-3a76-43da-acee-764200680ed3: shutdown FollowerState
2019-10-02 23:09:49,373 [grpc-default-executor-0] INFO  impl.RoleInfo (RoleInfo.java:shutdownFollowerState(121)) - 446100de-9ab5-4f28-b23e-9bbdfe40fdf4: shutdown FollowerState
2019-10-02 23:09:49,373 [grpc-default-executor-1] INFO  impl.RoleInfo (RoleInfo.java:updateAndGet(143)) - a64a6e34-3a76-43da-acee-764200680ed3: start FollowerState
2019-10-02 23:09:49,373 [Thread-1779] INFO  impl.FollowerState (FollowerState.java:run(117)) - a64a6e34-3a76-43da-acee-764200680ed3@group-D7D299F24BF1-FollowerState was interrupted: java.lang.InterruptedException: sleep interrupted
2019-10-02 23:09:49,373 [grpc-default-executor-0] INFO  impl.RoleInfo (RoleInfo.java:updateAndGet(143)) - 446100de-9ab5-4f28-b23e-9bbdfe40fdf4: start FollowerState
2019-10-02 23:09:49,373 [Thread-1778] INFO  impl.FollowerState (FollowerState.java:run(117)) - 446100de-9ab5-4f28-b23e-9bbdfe40fdf4@group-D7D299F24BF1-FollowerState was interrupted: java.lang.InterruptedException: sleep interrupted
2019-10-02 23:09:49,398 [c9842f36-1c61-4897-b49f-cfcf607c5fa5@group-D7D299F24BF1-LeaderElection45] INFO  impl.LeaderElection (LeaderElection.java:logAndReturn(56)) - c9842f36-1c61-4897-b49f-cfcf607c5fa5@group-D7D299F24BF1-LeaderElection45: Election PASSED; received 1 response(s) [c9842f36-1c61-4897-b49f-cfcf607c5fa5<-446100de-9ab5-4f28-b23e-9bbdfe40fdf4#0:OK-t1] and 0 exception(s); c9842f36-1c61-4897-b49f-cfcf607c5fa5@group-D7D299F24BF1:t1, leader=null, voted=c9842f36-1c61-4897-b49f-cfcf607c5fa5, raftlog=c9842f36-1c61-4897-b49f-cfcf607c5fa5@group-D7D299F24BF1-SegmentedRaftLog:OPENED:c-1,f-1,i0, conf=-1: [a64a6e34-3a76-43da-acee-764200680ed3:192.168.30.30:45392, c9842f36-1c61-4897-b49f-cfcf607c5fa5:192.168.30.30:42767, 446100de-9ab5-4f28-b23e-9bbdfe40fdf4:192.168.30.30:45972], old=null
2019-10-02 23:09:49,398 [c9842f36-1c61-4897-b49f-cfcf607c5fa5@group-D7D299F24BF1-LeaderElection45] INFO  impl.RoleInfo (RoleInfo.java:shutdownLeaderElection(134)) - c9842f36-1c61-4897-b49f-cfcf607c5fa5: shutdown LeaderElection
2019-10-02 23:09:49,399 [c9842f36-1c61-4897-b49f-cfcf607c5fa5@group-D7D299F24BF1-LeaderElection45] INFO  impl.RaftServerImpl (RaftServerImpl.java:setRole(170)) - c9842f36-1c61-4897-b49f-cfcf607c5fa5@group-D7D299F24BF1: changes role from CANDIDATE to LEADER at term 1 for changeToLeader
2019-10-02 23:09:49,399 [c9842f36-1c61-4897-b49f-cfcf607c5fa5@group-D7D299F24BF1-LeaderElection45] INFO  impl.RaftServerImpl (ServerState.java:setLeader(255)) - c9842f36-1c61-4897-b49f-cfcf607c5fa5@group-D7D299F24BF1: change Leader from null to c9842f36-1c61-4897-b49f-cfcf607c5fa5 at term 1 for becomeLeader, leader elected after 5098ms
2019-10-02 23:09:49,399 [c9842f36-1c61-4897-b49f-cfcf607c5fa5@group-D7D299F24BF1-LeaderElection45] INFO  server.RaftServerConfigKeys (ConfUtils.java:logGet(43)) - raft.server.staging.catchup.gap = 1000 (default)
2019-10-02 23:09:49,399 [c9842f36-1c61-4897-b49f-cfcf607c5fa5@group-D7D299F24BF1-LeaderElection45] INFO  server.RaftServerConfigKeys (ConfUtils.java:logGet(43)) - raft.server.rpc.sleep.time = 25ms (default)
2019-10-02 23:09:49,399 [c9842f36-1c61-4897-b49f-cfcf607c5fa5@group-D7D299F24BF1-LeaderElection45] INFO  server.RaftServerConfigKeys (ConfUtils.java:logGet(43)) - raft.server.write.element-limit = 4096 (default)
2019-10-02 23:09:49,400 [c9842f36-1c61-4897-b49f-cfcf607c5fa5@group-D7D299F24BF1-LeaderElection45] INFO  server.RaftServerConfigKeys (ConfUtils.java:logGet(43)) - raft.server.watch.timeout = 10s (default)
2019-10-02 23:09:49,400 [c9842f36-1c61-4897-b49f-cfcf607c5fa5@group-D7D299F24BF1-LeaderElection45] INFO  server.RaftServerConfigKeys (ConfUtils.java:logGet(43)) - raft.server.watch.timeout.denomination = 1s (default)
2019-10-02 23:09:49,400 [c9842f36-1c61-4897-b49f-cfcf607c5fa5@group-D7D299F24BF1-LeaderElection45] INFO  server.RaftServerConfigKeys (ConfUtils.java:logGet(43)) - raft.server.watch.element-limit = 65536 (default)
2019-10-02 23:09:49,402 [c9842f36-1c61-4897-b49f-cfcf607c5fa5@group-D7D299F24BF1-LeaderElection45] INFO  server.RaftServerConfigKeys (ConfUtils.java:logGet(43)) - raft.server.log.appender.snapshot.chunk.size.max = 16MB (=16777216) (default)
2019-10-02 23:09:49,402 [c9842f36-1c61-4897-b49f-cfcf607c5fa5@group-D7D299F24BF1-LeaderElection45] INFO  server.RaftServerConfigKeys (ConfUtils.java:logGet(43)) - raft.server.log.appender.buffer.byte-limit = 33554432 (custom)
2019-10-02 23:09:49,402 [c9842f36-1c61-4897-b49f-cfcf607c5fa5@group-D7D299F24BF1-LeaderElection45] INFO  server.RaftServerConfigKeys (ConfUtils.java:logGet(43)) - raft.server.log.appender.buffer.element-limit = 1 (custom)
2019-10-02 23:09:49,402 [c9842f36-1c61-4897-b49f-cfcf607c5fa5@group-D7D299F24BF1-LeaderElection45] INFO  grpc.GrpcConfigKeys$Server (ConfUtils.java:logGet(43)) - raft.grpc.server.leader.outstanding.appends.max = 128 (default)
2019-10-02 23:09:49,402 [c9842f36-1c61-4897-b49f-cfcf607c5fa5@group-D7D299F24BF1-LeaderElection45] INFO  server.RaftServerConfigKeys (ConfUtils.java:logGet(43)) - raft.server.rpc.request.timeout = 3000ms (default)
2019-10-02 23:09:49,403 [c9842f36-1c61-4897-b49f-cfcf607c5fa5@group-D7D299F24BF1-LeaderElection45] INFO  server.RaftServerConfigKeys (ConfUtils.java:logGet(43)) - raft.server.log.appender.install.snapshot.enabled = false (custom)
2019-10-02 23:09:49,403 [c9842f36-1c61-4897-b49f-cfcf607c5fa5@group-D7D299F24BF1-LeaderElection45] INFO  server.RaftServerConfigKeys (ConfUtils.java:logGet(43)) - raft.server.log.appender.snapshot.chunk.size.max = 16MB (=16777216) (default)
2019-10-02 23:09:49,403 [c9842f36-1c61-4897-b49f-cfcf607c5fa5@group-D7D299F24BF1-LeaderElection45] INFO  server.RaftServerConfigKeys (ConfUtils.java:logGet(43)) - raft.server.log.appender.buffer.byte-limit = 33554432 (custom)
2019-10-02 23:09:49,403 [c9842f36-1c61-4897-b49f-cfcf607c5fa5@group-D7D299F24BF1-LeaderElection45] INFO  server.RaftServerConfigKeys (ConfUtils.java:logGet(43)) - raft.server.log.appender.buffer.element-limit = 1 (custom)
2019-10-02 23:09:49,403 [c9842f36-1c61-4897-b49f-cfcf607c5fa5@group-D7D299F24BF1-LeaderElection45] INFO  grpc.GrpcConfigKeys$Server (ConfUtils.java:logGet(43)) - raft.grpc.server.leader.outstanding.appends.max = 128 (default)
2019-10-02 23:09:49,403 [c9842f36-1c61-4897-b49f-cfcf607c5fa5@group-D7D299F24BF1-LeaderElection45] INFO  server.RaftServerConfigKeys (ConfUtils.java:logGet(43)) - raft.server.rpc.request.timeout = 3000ms (default)
2019-10-02 23:09:49,404 [c9842f36-1c61-4897-b49f-cfcf607c5fa5@group-D7D299F24BF1-LeaderElection45] INFO  server.RaftServerConfigKeys (ConfUtils.java:logGet(43)) - raft.server.log.appender.install.snapshot.enabled = false (custom)
2019-10-02 23:09:49,404 [c9842f36-1c61-4897-b49f-cfcf607c5fa5@group-D7D299F24BF1-LeaderElection45] INFO  impl.RoleInfo (RoleInfo.java:updateAndGet(143)) - c9842f36-1c61-4897-b49f-cfcf607c5fa5: start LeaderState
2019-10-02 23:09:49,404 [c9842f36-1c61-4897-b49f-cfcf607c5fa5@group-D7D299F24BF1-LeaderElection45] INFO  segmented.SegmentedRaftLogWorker (SegmentedRaftLogWorker.java:startLogSegment(385)) - c9842f36-1c61-4897-b49f-cfcf607c5fa5@group-D7D299F24BF1-SegmentedRaftLogWorker: Starting segment from index:0
2019-10-02 23:09:49,405 [c9842f36-1c61-4897-b49f-cfcf607c5fa5@group-D7D299F24BF1-LeaderElection45] INFO  impl.RaftServerImpl (ServerState.java:setRaftConf(356)) - c9842f36-1c61-4897-b49f-cfcf607c5fa5@group-D7D299F24BF1: set configuration 0: [a64a6e34-3a76-43da-acee-764200680ed3:192.168.30.30:45392, c9842f36-1c61-4897-b49f-cfcf607c5fa5:192.168.30.30:42767, 446100de-9ab5-4f28-b23e-9bbdfe40fdf4:192.168.30.30:45972], old=null at 0
2019-10-02 23:09:49,437 [grpc-default-executor-1] INFO  impl.RaftServerImpl (ServerState.java:setLeader(255)) - 446100de-9ab5-4f28-b23e-9bbdfe40fdf4@group-D7D299F24BF1: change Leader from null to c9842f36-1c61-4897-b49f-cfcf607c5fa5 at term 1 for appendEntries, leader elected after 5136ms
2019-10-02 23:09:49,437 [grpc-default-executor-0] INFO  impl.RaftServerImpl (ServerState.java:setLeader(255)) - a64a6e34-3a76-43da-acee-764200680ed3@group-D7D299F24BF1: change Leader from null to c9842f36-1c61-4897-b49f-cfcf607c5fa5 at term 1 for appendEntries, leader elected after 5135ms
2019-10-02 23:09:49,441 [grpc-default-executor-0] INFO  impl.RaftServerImpl (ServerState.java:setRaftConf(356)) - 446100de-9ab5-4f28-b23e-9bbdfe40fdf4@group-D7D299F24BF1: set configuration 0: [a64a6e34-3a76-43da-acee-764200680ed3:192.168.30.30:45392, c9842f36-1c61-4897-b49f-cfcf607c5fa5:192.168.30.30:42767, 446100de-9ab5-4f28-b23e-9bbdfe40fdf4:192.168.30.30:45972], old=null at 0
2019-10-02 23:09:49,441 [grpc-default-executor-0] INFO  segmented.SegmentedRaftLogWorker (SegmentedRaftLogWorker.java:startLogSegment(385)) - 446100de-9ab5-4f28-b23e-9bbdfe40fdf4@group-D7D299F24BF1-SegmentedRaftLogWorker: Starting segment from index:0
2019-10-02 23:09:49,442 [grpc-default-executor-0] INFO  impl.RaftServerImpl (ServerState.java:setRaftConf(356)) - a64a6e34-3a76-43da-acee-764200680ed3@group-D7D299F24BF1: set configuration 0: [a64a6e34-3a76-43da-acee-764200680ed3:192.168.30.30:45392, c9842f36-1c61-4897-b49f-cfcf607c5fa5:192.168.30.30:42767, 446100de-9ab5-4f28-b23e-9bbdfe40fdf4:192.168.30.30:45972], old=null at 0
2019-10-02 23:09:49,442 [grpc-default-executor-0] INFO  segmented.SegmentedRaftLogWorker (SegmentedRaftLogWorker.java:startLogSegment(385)) - a64a6e34-3a76-43da-acee-764200680ed3@group-D7D299F24BF1-SegmentedRaftLogWorker: Starting segment from index:0
2019-10-02 23:09:49,450 [c9842f36-1c61-4897-b49f-cfcf607c5fa5@group-D7D299F24BF1-SegmentedRaftLogWorker] INFO  segmented.SegmentedRaftLogWorker (SegmentedRaftLogWorker.java:execute(574)) - c9842f36-1c61-4897-b49f-cfcf607c5fa5@group-D7D299F24BF1-SegmentedRaftLogWorker: created new log segment /workdir/hadoop-ozone/ozonefs/target/test-dir/MiniOzoneClusterImpl-33bb1b6f-08a7-4827-87f7-192ae60b9681/datanode-0/data/ratis/3c8b001c-dd87-4a44-9e09-d7d299f24bf1/current/log_inprogress_0
2019-10-02 23:09:49,493 [a64a6e34-3a76-43da-acee-764200680ed3@group-D7D299F24BF1-SegmentedRaftLogWorker] INFO  segmented.SegmentedRaftLogWorker (SegmentedRaftLogWorker.java:execute(574)) - a64a6e34-3a76-43da-acee-764200680ed3@group-D7D299F24BF1-SegmentedRaftLogWorker: created new log segment /workdir/hadoop-ozone/ozonefs/target/test-dir/MiniOzoneClusterImpl-33bb1b6f-08a7-4827-87f7-192ae60b9681/datanode-2/data/ratis/3c8b001c-dd87-4a44-9e09-d7d299f24bf1/current/log_inprogress_0
2019-10-02 23:09:49,493 [446100de-9ab5-4f28-b23e-9bbdfe40fdf4@group-D7D299F24BF1-SegmentedRaftLogWorker] INFO  segmented.SegmentedRaftLogWorker (SegmentedRaftLogWorker.java:execute(574)) - 446100de-9ab5-4f28-b23e-9bbdfe40fdf4@group-D7D299F24BF1-SegmentedRaftLogWorker: created new log segment /workdir/hadoop-ozone/ozonefs/target/test-dir/MiniOzoneClusterImpl-33bb1b6f-08a7-4827-87f7-192ae60b9681/datanode-1/data/ratis/3c8b001c-dd87-4a44-9e09-d7d299f24bf1/current/log_inprogress_0
2019-10-02 23:09:50,250 [main] INFO  ozoneimpl.OzoneContainer (OzoneContainer.java:stop(231)) - Attempting to stop container services.
2019-10-02 23:09:50,250 [ForkJoinPool.commonPool-worker-0] INFO  ozoneimpl.OzoneContainer (OzoneContainer.java:stop(231)) - Attempting to stop container services.
2019-10-02 23:09:50,250 [main] INFO  impl.RaftServerProxy (RaftServerProxy.java:lambda$close$4(314)) - 446100de-9ab5-4f28-b23e-9bbdfe40fdf4: close
2019-10-02 23:09:50,251 [ForkJoinPool.commonPool-worker-0] INFO  impl.RaftServerProxy (RaftServerProxy.java:lambda$close$4(314)) - c9842f36-1c61-4897-b49f-cfcf607c5fa5: close
2019-10-02 23:09:50,251 [main] INFO  impl.RaftServerImpl (RaftServerImpl.java:lambda$shutdown$3(247)) - 446100de-9ab5-4f28-b23e-9bbdfe40fdf4@group-7354D64687B1: shutdown
2019-10-02 23:09:50,251 [ForkJoinPool.commonPool-worker-0] INFO  impl.RaftServerImpl (RaftServerImpl.java:lambda$shutdown$3(247)) - c9842f36-1c61-4897-b49f-cfcf607c5fa5@group-F2777DD628C6: shutdown
2019-10-02 23:09:50,252 [main] INFO  util.JmxRegister (JmxRegister.java:unregister(73)) - Successfully un-registered JMX Bean with object name Ratis:service=RaftServer,group=group-7354D64687B1,id=446100de-9ab5-4f28-b23e-9bbdfe40fdf4
2019-10-02 23:09:50,252 [ForkJoinPool.commonPool-worker-0] INFO  util.JmxRegister (JmxRegister.java:unregister(73)) - Successfully un-registered JMX Bean with object name Ratis:service=RaftServer,group=group-F2777DD628C6,id=c9842f36-1c61-4897-b49f-cfcf607c5fa5
2019-10-02 23:09:50,252 [main] INFO  impl.RoleInfo (RoleInfo.java:shutdownLeaderState(104)) - 446100de-9ab5-4f28-b23e-9bbdfe40fdf4: shutdown LeaderState
2019-10-02 23:09:50,252 [ForkJoinPool.commonPool-worker-0] INFO  impl.RoleInfo (RoleInfo.java:shutdownLeaderState(104)) - c9842f36-1c61-4897-b49f-cfcf607c5fa5: shutdown LeaderState
2019-10-02 23:09:50,253 [main] INFO  impl.PendingRequests (PendingRequests.java:sendNotLeaderResponses(202)) - 446100de-9ab5-4f28-b23e-9bbdfe40fdf4@group-7354D64687B1-PendingRequests: sendNotLeaderResponses
2019-10-02 23:09:50,253 [ForkJoinPool.commonPool-worker-0] INFO  impl.PendingRequests (PendingRequests.java:sendNotLeaderResponses(202)) - c9842f36-1c61-4897-b49f-cfcf607c5fa5@group-F2777DD628C6-PendingRequests: sendNotLeaderResponses
2019-10-02 23:09:50,253 [main] INFO  impl.StateMachineUpdater (StateMachineUpdater.java:stopAndJoin(136)) - 446100de-9ab5-4f28-b23e-9bbdfe40fdf4@group-7354D64687B1-StateMachineUpdater: set stopIndex = 0
2019-10-02 23:09:50,254 [ForkJoinPool.commonPool-worker-0] INFO  impl.StateMachineUpdater (StateMachineUpdater.java:stopAndJoin(136)) - c9842f36-1c61-4897-b49f-cfcf607c5fa5@group-F2777DD628C6-StateMachineUpdater: set stopIndex = 0
2019-10-02 23:09:50,254 [main] INFO  impl.RaftServerImpl (ServerState.java:close(387)) - 446100de-9ab5-4f28-b23e-9bbdfe40fdf4@group-7354D64687B1: closes. applyIndex: 0
2019-10-02 23:09:50,254 [ForkJoinPool.commonPool-worker-0] INFO  impl.RaftServerImpl (ServerState.java:close(387)) - c9842f36-1c61-4897-b49f-cfcf607c5fa5@group-F2777DD628C6: closes. applyIndex: 0
2019-10-02 23:09:50,255 [446100de-9ab5-4f28-b23e-9bbdfe40fdf4@group-7354D64687B1-SegmentedRaftLogWorker] INFO  segmented.SegmentedRaftLogWorker (SegmentedRaftLogWorker.java:run(316)) - 446100de-9ab5-4f28-b23e-9bbdfe40fdf4@group-7354D64687B1-SegmentedRaftLogWorker was interrupted, exiting. There are 0 tasks remaining in the queue.
2019-10-02 23:09:50,255 [c9842f36-1c61-4897-b49f-cfcf607c5fa5@group-F2777DD628C6-SegmentedRaftLogWorker] INFO  segmented.SegmentedRaftLogWorker (SegmentedRaftLogWorker.java:run(316)) - c9842f36-1c61-4897-b49f-cfcf607c5fa5@group-F2777DD628C6-SegmentedRaftLogWorker was interrupted, exiting. There are 0 tasks remaining in the queue.
2019-10-02 23:09:50,258 [main] INFO  segmented.SegmentedRaftLogWorker (SegmentedRaftLogWorker.java:close(224)) - 446100de-9ab5-4f28-b23e-9bbdfe40fdf4@group-7354D64687B1-SegmentedRaftLogWorker close()
2019-10-02 23:09:50,258 [ForkJoinPool.commonPool-worker-0] INFO  segmented.SegmentedRaftLogWorker (SegmentedRaftLogWorker.java:close(224)) - c9842f36-1c61-4897-b49f-cfcf607c5fa5@group-F2777DD628C6-SegmentedRaftLogWorker close()
2019-10-02 23:09:50,262 [main] INFO  impl.RaftServerImpl (RaftServerImpl.java:lambda$shutdown$3(247)) - 446100de-9ab5-4f28-b23e-9bbdfe40fdf4@group-D7D299F24BF1: shutdown
2019-10-02 23:09:50,265 [ForkJoinPool.commonPool-worker-0] INFO  impl.RaftServerImpl (RaftServerImpl.java:lambda$shutdown$3(247)) - c9842f36-1c61-4897-b49f-cfcf607c5fa5@group-D7D299F24BF1: shutdown
2019-10-02 23:09:50,265 [main] INFO  util.JmxRegister (JmxRegister.java:unregister(73)) - Successfully un-registered JMX Bean with object name Ratis:service=RaftServer,group=group-D7D299F24BF1,id=446100de-9ab5-4f28-b23e-9bbdfe40fdf4
2019-10-02 23:09:50,265 [ForkJoinPool.commonPool-worker-0] INFO  util.JmxRegister (JmxRegister.java:unregister(73)) - Successfully un-registered JMX Bean with object name Ratis:service=RaftServer,group=group-D7D299F24BF1,id=c9842f36-1c61-4897-b49f-cfcf607c5fa5
2019-10-02 23:09:50,265 [main] INFO  impl.RoleInfo (RoleInfo.java:shutdownFollowerState(121)) - 446100de-9ab5-4f28-b23e-9bbdfe40fdf4: shutdown FollowerState
2019-10-02 23:09:50,266 [ForkJoinPool.commonPool-worker-0] INFO  impl.RoleInfo (RoleInfo.java:shutdownLeaderState(104)) - c9842f36-1c61-4897-b49f-cfcf607c5fa5: shutdown LeaderState
2019-10-02 23:09:50,266 [Thread-1796] INFO  impl.FollowerState (FollowerState.java:run(117)) - 446100de-9ab5-4f28-b23e-9bbdfe40fdf4@group-D7D299F24BF1-FollowerState was interrupted: java.lang.InterruptedException: sleep interrupted
2019-10-02 23:09:50,266 [main] INFO  impl.StateMachineUpdater (StateMachineUpdater.java:stopAndJoin(136)) - 446100de-9ab5-4f28-b23e-9bbdfe40fdf4@group-D7D299F24BF1-StateMachineUpdater: set stopIndex = -1
2019-10-02 23:09:50,270 [ForkJoinPool.commonPool-worker-0] INFO  impl.PendingRequests (PendingRequests.java:sendNotLeaderResponses(202)) - c9842f36-1c61-4897-b49f-cfcf607c5fa5@group-D7D299F24BF1-PendingRequests: sendNotLeaderResponses
2019-10-02 23:09:50,270 [org.apache.ratis.server.impl.LogAppender$AppenderDaemon$$Lambda$470/1572914781@42e149bd] WARN  server.GrpcLogAppender (GrpcLogAppender.java:mayWait(143)) - c9842f36-1c61-4897-b49f-cfcf607c5fa5@group-D7D299F24BF1->446100de-9ab5-4f28-b23e-9bbdfe40fdf4-GrpcLogAppender: Wait interrupted by java.lang.InterruptedException
2019-10-02 23:09:50,269 [org.apache.ratis.server.impl.LogAppender$AppenderDaemon$$Lambda$470/1572914781@546b468e] WARN  server.GrpcLogAppender (GrpcLogAppender.java:mayWait(143)) - c9842f36-1c61-4897-b49f-cfcf607c5fa5@group-D7D299F24BF1->a64a6e34-3a76-43da-acee-764200680ed3-GrpcLogAppender: Wait interrupted by java.lang.InterruptedException
2019-10-02 23:09:50,271 [main] INFO  impl.RaftServerImpl (ServerState.java:close(387)) - 446100de-9ab5-4f28-b23e-9bbdfe40fdf4@group-D7D299F24BF1: closes. applyIndex: -1
2019-10-02 23:09:50,271 [ForkJoinPool.commonPool-worker-0] INFO  impl.StateMachineUpdater (StateMachineUpdater.java:stopAndJoin(136)) - c9842f36-1c61-4897-b49f-cfcf607c5fa5@group-D7D299F24BF1-StateMachineUpdater: set stopIndex = 0
2019-10-02 23:09:50,272 [ForkJoinPool.commonPool-worker-0] INFO  impl.RaftServerImpl (ServerState.java:close(387)) - c9842f36-1c61-4897-b49f-cfcf607c5fa5@group-D7D299F24BF1: closes. applyIndex: 0
2019-10-02 23:09:50,272 [446100de-9ab5-4f28-b23e-9bbdfe40fdf4@group-D7D299F24BF1-SegmentedRaftLogWorker] INFO  segmented.SegmentedRaftLogWorker (SegmentedRaftLogWorker.java:run(316)) - 446100de-9ab5-4f28-b23e-9bbdfe40fdf4@group-D7D299F24BF1-SegmentedRaftLogWorker was interrupted, exiting. There are 0 tasks remaining in the queue.
2019-10-02 23:09:50,272 [c9842f36-1c61-4897-b49f-cfcf607c5fa5@group-D7D299F24BF1-SegmentedRaftLogWorker] INFO  segmented.SegmentedRaftLogWorker (SegmentedRaftLogWorker.java:run(316)) - c9842f36-1c61-4897-b49f-cfcf607c5fa5@group-D7D299F24BF1-SegmentedRaftLogWorker was interrupted, exiting. There are 0 tasks remaining in the queue.
2019-10-02 23:09:50,272 [grpc-default-executor-0] INFO  server.GrpcServerProtocolService (GrpcServerProtocolService.java:onCompleted(113)) - a64a6e34-3a76-43da-acee-764200680ed3: Completed APPEND_ENTRIES, lastRequest: c9842f36-1c61-4897-b49f-cfcf607c5fa5->a64a6e34-3a76-43da-acee-764200680ed3#1-t1, previous=(t:0, i:0), leaderCommit=-1, initializing? false, entries: size=1, first=(t:1, i:0), CONFIGURATIONENTRY
2019-10-02 23:09:50,272 [grpc-default-executor-1] INFO  server.GrpcServerProtocolService (GrpcServerProtocolService.java:onCompleted(113)) - 446100de-9ab5-4f28-b23e-9bbdfe40fdf4: Completed APPEND_ENTRIES, lastRequest: c9842f36-1c61-4897-b49f-cfcf607c5fa5->446100de-9ab5-4f28-b23e-9bbdfe40fdf4#1-t1, previous=(t:0, i:0), leaderCommit=-1, initializing? false, entries: size=1, first=(t:1, i:0), CONFIGURATIONENTRY
2019-10-02 23:09:50,275 [ForkJoinPool.commonPool-worker-0] INFO  segmented.SegmentedRaftLogWorker (SegmentedRaftLogWorker.java:close(224)) - c9842f36-1c61-4897-b49f-cfcf607c5fa5@group-D7D299F24BF1-SegmentedRaftLogWorker close()
2019-10-02 23:09:50,275 [main] INFO  segmented.SegmentedRaftLogWorker (SegmentedRaftLogWorker.java:close(224)) - 446100de-9ab5-4f28-b23e-9bbdfe40fdf4@group-D7D299F24BF1-SegmentedRaftLogWorker close()
2019-10-02 23:09:50,278 [ForkJoinPool.commonPool-worker-0] INFO  server.GrpcService (GrpcService.java:closeImpl(164)) - c9842f36-1c61-4897-b49f-cfcf607c5fa5: shutdown server with port 42767 now
2019-10-02 23:09:50,278 [grpc-default-executor-1] INFO  server.GrpcLogAppender (GrpcLogAppender.java:onCompleted(293)) - c9842f36-1c61-4897-b49f-cfcf607c5fa5@group-D7D299F24BF1->446100de-9ab5-4f28-b23e-9bbdfe40fdf4-AppendLogResponseHandler: follower responses appendEntries COMPLETED
2019-10-02 23:09:50,275 [grpc-default-executor-0] INFO  server.GrpcLogAppender (GrpcLogAppender.java:onCompleted(293)) - c9842f36-1c61-4897-b49f-cfcf607c5fa5@group-D7D299F24BF1->a64a6e34-3a76-43da-acee-764200680ed3-AppendLogResponseHandler: follower responses appendEntries COMPLETED
2019-10-02 23:09:50,280 [main] INFO  server.GrpcService (GrpcService.java:closeImpl(164)) - 446100de-9ab5-4f28-b23e-9bbdfe40fdf4: shutdown server with port 45972 now
2019-10-02 23:09:50,285 [grpc-default-executor-0] INFO  impl.FollowerInfo (FollowerInfo.java:lambda$new$0(51)) - c9842f36-1c61-4897-b49f-cfcf607c5fa5@group-D7D299F24BF1->a64a6e34-3a76-43da-acee-764200680ed3: nextIndex: updateUnconditionally 1 -> 0
2019-10-02 23:09:50,285 [grpc-default-executor-1] INFO  impl.FollowerInfo (FollowerInfo.java:lambda$new$0(51)) - c9842f36-1c61-4897-b49f-cfcf607c5fa5@group-D7D299F24BF1->446100de-9ab5-4f28-b23e-9bbdfe40fdf4: nextIndex: updateUnconditionally 1 -> 0
2019-10-02 23:09:50,285 [ForkJoinPool.commonPool-worker-0] INFO  server.GrpcService (GrpcService.java:closeImpl(172)) - c9842f36-1c61-4897-b49f-cfcf607c5fa5: shutdown server with port 42767 successfully
2019-10-02 23:09:50,285 [main] INFO  server.GrpcService (GrpcService.java:closeImpl(172)) - 446100de-9ab5-4f28-b23e-9bbdfe40fdf4: shutdown server with port 45972 successfully
2019-10-02 23:09:50,288 [refreshUsed-/workdir/hadoop-ozone/ozonefs/target/test-dir/MiniOzoneClusterImpl-33bb1b6f-08a7-4827-87f7-192ae60b9681/datanode-0/data/containers] WARN  fs.CachingGetSpaceUsed (CachingGetSpaceUsed.java:run(183)) - Thread Interrupted waiting to refresh disk information: sleep interrupted
2019-10-02 23:09:50,288 [refreshUsed-/workdir/hadoop-ozone/ozonefs/target/test-dir/MiniOzoneClusterImpl-33bb1b6f-08a7-4827-87f7-192ae60b9681/datanode-1/data/containers] WARN  fs.CachingGetSpaceUsed (CachingGetSpaceUsed.java:run(183)) - Thread Interrupted waiting to refresh disk information: sleep interrupted
2019-10-02 23:09:50,308 [main] INFO  utils.BackgroundService (BackgroundService.java:shutdown(148)) - Shutting down service BlockDeletingService
2019-10-02 23:09:50,311 [main] INFO  statemachine.DatanodeStateMachine (DatanodeStateMachine.java:stopDaemon(395)) - Ozone container server stopped.
2019-10-02 23:09:50,312 [main] INFO  handler.ContextHandler (ContextHandler.java:doStop(910)) - Stopped o.e.j.w.WebAppContext@590013c7{/,null,UNAVAILABLE}{/hddsDatanode}
2019-10-02 23:09:50,312 [main] INFO  server.AbstractConnector (AbstractConnector.java:doStop(318)) - Stopped ServerConnector@64f32e9e{HTTP/1.1,[http/1.1]}{0.0.0.0:0}
2019-10-02 23:09:50,312 [main] INFO  handler.ContextHandler (ContextHandler.java:doStop(910)) - Stopped o.e.j.s.ServletContextHandler@11d2714a{/static,jar:file:/home/user/.m2/repository/org/apache/hadoop/hadoop-hdds-container-service/0.5.0-SNAPSHOT/hadoop-hdds-container-service-0.5.0-SNAPSHOT.jar!/webapps/static,UNAVAILABLE}
2019-10-02 23:09:50,313 [main] INFO  handler.ContextHandler (ContextHandler.java:doStop(910)) - Stopped o.e.j.s.ServletContextHandler@446c8c72{/logs,file:///workdir/hadoop-ozone/ozonefs/target/log,UNAVAILABLE}
2019-10-02 23:09:50,323 [ForkJoinPool.commonPool-worker-0] INFO  utils.BackgroundService (BackgroundService.java:shutdown(148)) - Shutting down service BlockDeletingService
2019-10-02 23:09:50,326 [ForkJoinPool.commonPool-worker-0] INFO  statemachine.DatanodeStateMachine (DatanodeStateMachine.java:stopDaemon(395)) - Ozone container server stopped.
2019-10-02 23:09:50,329 [ForkJoinPool.commonPool-worker-0] INFO  handler.ContextHandler (ContextHandler.java:doStop(910)) - Stopped o.e.j.w.WebAppContext@7ef8e623{/,null,UNAVAILABLE}{/hddsDatanode}
2019-10-02 23:09:50,329 [ForkJoinPool.commonPool-worker-0] INFO  server.AbstractConnector (AbstractConnector.java:doStop(318)) - Stopped ServerConnector@3d8d970e{HTTP/1.1,[http/1.1]}{0.0.0.0:0}
2019-10-02 23:09:50,331 [ForkJoinPool.commonPool-worker-0] INFO  handler.ContextHandler (ContextHandler.java:doStop(910)) - Stopped o.e.j.s.ServletContextHandler@12fccff0{/static,jar:file:/home/user/.m2/repository/org/apache/hadoop/hadoop-hdds-container-service/0.5.0-SNAPSHOT/hadoop-hdds-container-service-0.5.0-SNAPSHOT.jar!/webapps/static,UNAVAILABLE}
2019-10-02 23:09:50,332 [ForkJoinPool.commonPool-worker-0] INFO  handler.ContextHandler (ContextHandler.java:doStop(910)) - Stopped o.e.j.s.ServletContextHandler@68fc9167{/logs,file:///workdir/hadoop-ozone/ozonefs/target/log,UNAVAILABLE}
2019-10-02 23:09:51,097 [Datanode State Machine Thread - 0] INFO  statemachine.DatanodeStateMachine (DatanodeStateMachine.java:lambda$startDaemon$0(350)) - Ozone container server started.
2019-10-02 23:09:55,314 [main] INFO  ozoneimpl.OzoneContainer (OzoneContainer.java:stop(231)) - Attempting to stop container services.
2019-10-02 23:09:55,314 [main] INFO  impl.RaftServerProxy (RaftServerProxy.java:lambda$close$4(314)) - a64a6e34-3a76-43da-acee-764200680ed3: close
2019-10-02 23:09:55,315 [main] INFO  impl.RaftServerImpl (RaftServerImpl.java:lambda$shutdown$3(247)) - a64a6e34-3a76-43da-acee-764200680ed3@group-D7D299F24BF1: shutdown
2019-10-02 23:09:55,315 [main] INFO  util.JmxRegister (JmxRegister.java:unregister(73)) - Successfully un-registered JMX Bean with object name Ratis:service=RaftServer,group=group-D7D299F24BF1,id=a64a6e34-3a76-43da-acee-764200680ed3
2019-10-02 23:09:55,315 [main] INFO  impl.RoleInfo (RoleInfo.java:shutdownFollowerState(121)) - a64a6e34-3a76-43da-acee-764200680ed3: shutdown FollowerState
2019-10-02 23:09:55,315 [main] INFO  impl.StateMachineUpdater (StateMachineUpdater.java:stopAndJoin(136)) - a64a6e34-3a76-43da-acee-764200680ed3@group-D7D299F24BF1-StateMachineUpdater: set stopIndex = -1
2019-10-02 23:09:55,316 [Thread-1795] INFO  impl.FollowerState (FollowerState.java:run(117)) - a64a6e34-3a76-43da-acee-764200680ed3@group-D7D299F24BF1-FollowerState was interrupted: java.lang.InterruptedException: sleep interrupted
2019-10-02 23:09:55,316 [main] INFO  impl.RaftServerImpl (ServerState.java:close(387)) - a64a6e34-3a76-43da-acee-764200680ed3@group-D7D299F24BF1: closes. applyIndex: -1
2019-10-02 23:09:55,318 [a64a6e34-3a76-43da-acee-764200680ed3@group-D7D299F24BF1-SegmentedRaftLogWorker] INFO  segmented.SegmentedRaftLogWorker (SegmentedRaftLogWorker.java:run(316)) - a64a6e34-3a76-43da-acee-764200680ed3@group-D7D299F24BF1-SegmentedRaftLogWorker was interrupted, exiting. There are 0 tasks remaining in the queue.
2019-10-02 23:09:55,323 [main] INFO  segmented.SegmentedRaftLogWorker (SegmentedRaftLogWorker.java:close(224)) - a64a6e34-3a76-43da-acee-764200680ed3@group-D7D299F24BF1-SegmentedRaftLogWorker close()
2019-10-02 23:09:55,326 [main] INFO  impl.RaftServerImpl (RaftServerImpl.java:lambda$shutdown$3(247)) - a64a6e34-3a76-43da-acee-764200680ed3@group-0A4A698AA234: shutdown
2019-10-02 23:09:55,326 [main] INFO  util.JmxRegister (JmxRegister.java:unregister(73)) - Successfully un-registered JMX Bean with object name Ratis:service=RaftServer,group=group-0A4A698AA234,id=a64a6e34-3a76-43da-acee-764200680ed3
2019-10-02 23:09:55,326 [main] INFO  impl.RoleInfo (RoleInfo.java:shutdownLeaderState(104)) - a64a6e34-3a76-43da-acee-764200680ed3: shutdown LeaderState
2019-10-02 23:09:55,327 [main] INFO  impl.PendingRequests (PendingRequests.java:sendNotLeaderResponses(202)) - a64a6e34-3a76-43da-acee-764200680ed3@group-0A4A698AA234-PendingRequests: sendNotLeaderResponses
2019-10-02 23:09:55,327 [main] INFO  impl.StateMachineUpdater (StateMachineUpdater.java:stopAndJoin(136)) - a64a6e34-3a76-43da-acee-764200680ed3@group-0A4A698AA234-StateMachineUpdater: set stopIndex = 0
2019-10-02 23:09:55,327 [main] INFO  impl.RaftServerImpl (ServerState.java:close(387)) - a64a6e34-3a76-43da-acee-764200680ed3@group-0A4A698AA234: closes. applyIndex: 0
2019-10-02 23:09:55,328 [a64a6e34-3a76-43da-acee-764200680ed3@group-0A4A698AA234-SegmentedRaftLogWorker] INFO  segmented.SegmentedRaftLogWorker (SegmentedRaftLogWorker.java:run(316)) - a64a6e34-3a76-43da-acee-764200680ed3@group-0A4A698AA234-SegmentedRaftLogWorker was interrupted, exiting. There are 0 tasks remaining in the queue.
2019-10-02 23:09:55,330 [main] INFO  segmented.SegmentedRaftLogWorker (SegmentedRaftLogWorker.java:close(224)) - a64a6e34-3a76-43da-acee-764200680ed3@group-0A4A698AA234-SegmentedRaftLogWorker close()
2019-10-02 23:09:55,332 [main] INFO  server.GrpcService (GrpcService.java:closeImpl(164)) - a64a6e34-3a76-43da-acee-764200680ed3: shutdown server with port 45392 now
2019-10-02 23:09:55,333 [main] INFO  server.GrpcService (GrpcService.java:closeImpl(172)) - a64a6e34-3a76-43da-acee-764200680ed3: shutdown server with port 45392 successfully
2019-10-02 23:09:55,335 [refreshUsed-/workdir/hadoop-ozone/ozonefs/target/test-dir/MiniOzoneClusterImpl-33bb1b6f-08a7-4827-87f7-192ae60b9681/datanode-2/data/containers] WARN  fs.CachingGetSpaceUsed (CachingGetSpaceUsed.java:run(183)) - Thread Interrupted waiting to refresh disk information: sleep interrupted
2019-10-02 23:09:55,355 [main] INFO  utils.BackgroundService (BackgroundService.java:shutdown(148)) - Shutting down service BlockDeletingService
2019-10-02 23:09:55,358 [main] INFO  statemachine.DatanodeStateMachine (DatanodeStateMachine.java:stopDaemon(395)) - Ozone container server stopped.
2019-10-02 23:09:55,359 [main] INFO  handler.ContextHandler (ContextHandler.java:doStop(910)) - Stopped o.e.j.w.WebAppContext@e2b3026{/,null,UNAVAILABLE}{/hddsDatanode}
2019-10-02 23:09:55,364 [main] INFO  server.AbstractConnector (AbstractConnector.java:doStop(318)) - Stopped ServerConnector@38bc5ac0{HTTP/1.1,[http/1.1]}{0.0.0.0:0}
2019-10-02 23:09:55,365 [main] INFO  handler.ContextHandler (ContextHandler.java:doStop(910)) - Stopped o.e.j.s.ServletContextHandler@7493d937{/static,jar:file:/home/user/.m2/repository/org/apache/hadoop/hadoop-hdds-container-service/0.5.0-SNAPSHOT/hadoop-hdds-container-service-0.5.0-SNAPSHOT.jar!/webapps/static,UNAVAILABLE}
2019-10-02 23:09:55,365 [main] INFO  handler.ContextHandler (ContextHandler.java:doStop(910)) - Stopped o.e.j.s.ServletContextHandler@9e33a6a{/logs,file:///workdir/hadoop-ozone/ozonefs/target/log,UNAVAILABLE}
2019-10-02 23:09:55,366 [main] INFO  ozone.MiniOzoneClusterImpl (MiniOzoneClusterImpl.java:stopSCM(392)) - Stopping the StorageContainerManager
2019-10-02 23:09:55,366 [main] INFO  server.StorageContainerManager (StorageContainerManager.java:stop(808)) - Stopping Replication Manager Service.
2019-10-02 23:09:55,366 [main] INFO  container.ReplicationManager (ReplicationManager.java:stop(203)) - Stopping Replication Monitor Thread.
2019-10-02 23:09:55,366 [main] INFO  server.StorageContainerManager (StorageContainerManager.java:stop(815)) - Stopping Lease Manager of the command watchers
2019-10-02 23:09:55,366 [main] INFO  server.StorageContainerManager (StorageContainerManager.java:stop(822)) - Stopping datanode service RPC server
2019-10-02 23:09:55,367 [main] INFO  server.SCMDatanodeProtocolServer (SCMDatanodeProtocolServer.java:stop(367)) - Stopping the RPC server for DataNodes
2019-10-02 23:09:55,367 [main] INFO  ipc.Server (Server.java:stop(3082)) - Stopping server on 39173
2019-10-02 23:09:55,369 [IPC Server listener on 39173] INFO  ipc.Server (Server.java:run(1185)) - Stopping IPC Server listener on 39173
2019-10-02 23:09:55,369 [IPC Server Responder] INFO  ipc.Server (Server.java:run(1319)) - Stopping IPC Server Responder
2019-10-02 23:09:55,439 [SCM Heartbeat Processing Thread - 0] WARN  node.NodeStateManager (NodeStateManager.java:scheduleNextHealthCheck(646)) - Current Thread is interrupted, shutting down HB processing thread for Node Manager.
2019-10-02 23:09:55,439 [main] INFO  server.StorageContainerManager (StorageContainerManager.java:stop(830)) - Stopping block service RPC server
2019-10-02 23:09:55,439 [main] INFO  server.SCMBlockProtocolServer (SCMBlockProtocolServer.java:stop(155)) - Stopping the RPC server for Block Protocol
2019-10-02 23:09:55,439 [main] INFO  ipc.Server (Server.java:stop(3082)) - Stopping server on 36955
2019-10-02 23:09:55,441 [IPC Server listener on 36955] INFO  ipc.Server (Server.java:run(1185)) - Stopping IPC Server listener on 36955
2019-10-02 23:09:55,441 [IPC Server Responder] INFO  ipc.Server (Server.java:run(1319)) - Stopping IPC Server Responder
2019-10-02 23:09:55,441 [main] INFO  server.StorageContainerManager (StorageContainerManager.java:stop(837)) - Stopping the StorageContainerLocationProtocol RPC server
2019-10-02 23:09:55,443 [main] INFO  server.SCMClientProtocolServer (SCMClientProtocolServer.java:stop(158)) - Stopping the RPC server for Client Protocol
2019-10-02 23:09:55,443 [main] INFO  ipc.Server (Server.java:stop(3082)) - Stopping server on 45213
2019-10-02 23:09:55,445 [IPC Server listener on 45213] INFO  ipc.Server (Server.java:run(1185)) - Stopping IPC Server listener on 45213
2019-10-02 23:09:55,449 [IPC Server Responder] INFO  ipc.Server (Server.java:run(1319)) - Stopping IPC Server Responder
2019-10-02 23:09:55,449 [main] INFO  server.StorageContainerManager (StorageContainerManager.java:stop(844)) - Stopping Storage Container Manager HTTP server.
2019-10-02 23:09:55,454 [main] INFO  handler.ContextHandler (ContextHandler.java:doStop(910)) - Stopped o.e.j.w.WebAppContext@1fc0d9b4{/,null,UNAVAILABLE}{/scm}
2019-10-02 23:09:55,455 [main] INFO  server.AbstractConnector (AbstractConnector.java:doStop(318)) - Stopped ServerConnector@42107318{HTTP/1.1,[http/1.1]}{0.0.0.0:0}
2019-10-02 23:09:55,455 [main] INFO  handler.ContextHandler (ContextHandler.java:doStop(910)) - Stopped o.e.j.s.ServletContextHandler@4cb00fa5{/static,jar:file:/home/user/.m2/repository/org/apache/hadoop/hadoop-hdds-server-scm/0.5.0-SNAPSHOT/hadoop-hdds-server-scm-0.5.0-SNAPSHOT.jar!/webapps/static,UNAVAILABLE}
2019-10-02 23:09:55,456 [main] INFO  handler.ContextHandler (ContextHandler.java:doStop(910)) - Stopped o.e.j.s.ServletContextHandler@12cd129c{/logs,file:///workdir/hadoop-ozone/ozonefs/target/log,UNAVAILABLE}
2019-10-02 23:09:55,457 [main] INFO  server.StorageContainerManager (StorageContainerManager.java:stop(855)) - Stopping Block Manager Service.
2019-10-02 23:09:55,457 [main] INFO  utils.BackgroundService (BackgroundService.java:shutdown(148)) - Shutting down service SCMBlockDeletingService
2019-10-02 23:09:55,458 [main] INFO  utils.BackgroundService (BackgroundService.java:shutdown(148)) - Shutting down service SCMBlockDeletingService
2019-10-02 23:09:55,458 [main] INFO  server.StorageContainerManager (StorageContainerManager.java:stop(877)) - Stopping SCM Event Queue.
2019-10-02 23:09:55,464 [main] INFO  impl.MetricsSystemImpl (MetricsSystemImpl.java:stop(210)) - Stopping HddsDatanode metrics system...
2019-10-02 23:09:55,471 [main] INFO  impl.MetricsSystemImpl (MetricsSystemImpl.java:stop(216)) - HddsDatanode metrics system stopped.
]]></system-out>
  </testcase>
  <testcase name="testDirectory[1]" classname="org.apache.hadoop.fs.ozone.TestOzoneFileInterfaces" time="17.169">
    <error message="Volume not found llhfwpfqib" type="VOLUME_NOT_FOUND org.apache.hadoop.ozone.om.exceptions.OMException">VOLUME_NOT_FOUND org.apache.hadoop.ozone.om.exceptions.OMException: Volume not found llhfwpfqib
	at org.apache.hadoop.ozone.om.protocolPB.OzoneManagerProtocolClientSideTranslatorPB.handleError(OzoneManagerProtocolClientSideTranslatorPB.java:732)
	at org.apache.hadoop.ozone.om.protocolPB.OzoneManagerProtocolClientSideTranslatorPB.createDirectory(OzoneManagerProtocolClientSideTranslatorPB.java:1377)
	at sun.reflect.NativeMethodAccessorImpl.invoke0(Native Method)
	at sun.reflect.NativeMethodAccessorImpl.invoke(NativeMethodAccessorImpl.java:62)
	at sun.reflect.DelegatingMethodAccessorImpl.invoke(DelegatingMethodAccessorImpl.java:43)
	at java.lang.reflect.Method.invoke(Method.java:498)
	at org.apache.hadoop.hdds.tracing.TraceAllMethod.invoke(TraceAllMethod.java:66)
	at com.sun.proxy.$Proxy39.createDirectory(Unknown Source)
	at org.apache.hadoop.ozone.client.rpc.RpcClient.createDirectory(RpcClient.java:976)
	at org.apache.hadoop.ozone.client.OzoneBucket.createDirectory(OzoneBucket.java:503)
	at org.apache.hadoop.fs.ozone.BasicOzoneClientAdapterImpl.createDirectory(BasicOzoneClientAdapterImpl.java:236)
	at org.apache.hadoop.fs.ozone.BasicOzoneFileSystem.mkdir(BasicOzoneFileSystem.java:597)
	at org.apache.hadoop.fs.ozone.BasicOzoneFileSystem.mkdirs(BasicOzoneFileSystem.java:607)
	at org.apache.hadoop.fs.FileSystem.mkdirs(FileSystem.java:2275)
	at org.apache.hadoop.fs.ozone.TestOzoneFileInterfaces.testDirectory(TestOzoneFileInterfaces.java:223)
	at sun.reflect.NativeMethodAccessorImpl.invoke0(Native Method)
	at sun.reflect.NativeMethodAccessorImpl.invoke(NativeMethodAccessorImpl.java:62)
	at sun.reflect.DelegatingMethodAccessorImpl.invoke(DelegatingMethodAccessorImpl.java:43)
	at java.lang.reflect.Method.invoke(Method.java:498)
	at org.junit.runners.model.FrameworkMethod$1.runReflectiveCall(FrameworkMethod.java:47)
	at org.junit.internal.runners.model.ReflectiveCallable.run(ReflectiveCallable.java:12)
	at org.junit.runners.model.FrameworkMethod.invokeExplosively(FrameworkMethod.java:44)
	at org.junit.internal.runners.statements.InvokeMethod.evaluate(InvokeMethod.java:17)
	at org.junit.internal.runners.statements.RunBefores.evaluate(RunBefores.java:26)
	at org.junit.internal.runners.statements.RunAfters.evaluate(RunAfters.java:27)
	at org.junit.runners.ParentRunner.runLeaf(ParentRunner.java:271)
	at org.junit.runners.BlockJUnit4ClassRunner.runChild(BlockJUnit4ClassRunner.java:70)
	at org.junit.runners.BlockJUnit4ClassRunner.runChild(BlockJUnit4ClassRunner.java:50)
	at org.junit.runners.ParentRunner$3.run(ParentRunner.java:238)
	at org.junit.runners.ParentRunner$1.schedule(ParentRunner.java:63)
	at org.junit.runners.ParentRunner.runChildren(ParentRunner.java:236)
	at org.junit.runners.ParentRunner.access$000(ParentRunner.java:53)
	at org.junit.runners.ParentRunner$2.evaluate(ParentRunner.java:229)
	at org.junit.runners.ParentRunner.run(ParentRunner.java:309)
	at org.junit.runners.Suite.runChild(Suite.java:127)
	at org.junit.runners.Suite.runChild(Suite.java:26)
	at org.junit.runners.ParentRunner$3.run(ParentRunner.java:238)
	at org.junit.runners.ParentRunner$1.schedule(ParentRunner.java:63)
	at org.junit.runners.ParentRunner.runChildren(ParentRunner.java:236)
	at org.junit.runners.ParentRunner.access$000(ParentRunner.java:53)
	at org.junit.runners.ParentRunner$2.evaluate(ParentRunner.java:229)
	at org.junit.runners.ParentRunner.run(ParentRunner.java:309)
	at org.apache.maven.surefire.junit4.JUnit4Provider.execute(JUnit4Provider.java:365)
	at org.apache.maven.surefire.junit4.JUnit4Provider.executeWithRerun(JUnit4Provider.java:273)
	at org.apache.maven.surefire.junit4.JUnit4Provider.executeTestSet(JUnit4Provider.java:238)
	at org.apache.maven.surefire.junit4.JUnit4Provider.invoke(JUnit4Provider.java:159)
	at org.apache.maven.surefire.booter.ForkedBooter.invokeProviderInSameClassLoader(ForkedBooter.java:384)
	at org.apache.maven.surefire.booter.ForkedBooter.runSuitesInProcess(ForkedBooter.java:345)
	at org.apache.maven.surefire.booter.ForkedBooter.execute(ForkedBooter.java:126)
	at org.apache.maven.surefire.booter.ForkedBooter.main(ForkedBooter.java:418)
</error>
    <system-out><![CDATA[2019-10-02 23:09:55,505 [main] WARN  server.ServerUtils (ServerUtils.java:getScmDbDir(145)) - ozone.scm.db.dirs is not configured. We recommend adding this setting. Falling back to ozone.metadata.dirs instead.
2019-10-02 23:09:55,541 [main] WARN  server.ServerUtils (ServerUtils.java:getScmDbDir(145)) - ozone.scm.db.dirs is not configured. We recommend adding this setting. Falling back to ozone.metadata.dirs instead.
2019-10-02 23:09:55,541 [main] WARN  server.ServerUtils (ServerUtils.java:getScmDbDir(145)) - ozone.scm.db.dirs is not configured. We recommend adding this setting. Falling back to ozone.metadata.dirs instead.
2019-10-02 23:09:55,542 [main] INFO  db.DBStoreBuilder (DBStoreBuilder.java:addTable(110)) - using custom profile for table: deletedBlocks
2019-10-02 23:09:55,542 [main] INFO  db.DBStoreBuilder (DBStoreBuilder.java:processTables(161)) - Using default column profile:DBProfile.DISK for Table:deletedBlocks
2019-10-02 23:09:55,542 [main] INFO  db.DBStoreBuilder (DBStoreBuilder.java:addTable(110)) - using custom profile for table: validCerts
2019-10-02 23:09:55,542 [main] INFO  db.DBStoreBuilder (DBStoreBuilder.java:processTables(161)) - Using default column profile:DBProfile.DISK for Table:validCerts
2019-10-02 23:09:55,542 [main] INFO  db.DBStoreBuilder (DBStoreBuilder.java:addTable(110)) - using custom profile for table: revokedCerts
2019-10-02 23:09:55,543 [main] INFO  db.DBStoreBuilder (DBStoreBuilder.java:processTables(161)) - Using default column profile:DBProfile.DISK for Table:revokedCerts
2019-10-02 23:09:55,543 [main] INFO  db.DBStoreBuilder (DBStoreBuilder.java:addTable(110)) - using custom profile for table: default
2019-10-02 23:09:55,543 [main] INFO  db.DBStoreBuilder (DBStoreBuilder.java:processTables(167)) - Using default column profile:DBProfile.DISK for Table:default
2019-10-02 23:09:55,543 [main] INFO  db.DBStoreBuilder (DBStoreBuilder.java:getDbProfile(198)) - Using default options. DBProfile.DISK
2019-10-02 23:09:55,793 [main] INFO  net.NodeSchemaLoader (NodeSchemaLoader.java:loadSchemaFromFile(125)) - Loading file from sun.misc.CompoundEnumeration@1cc41b77
2019-10-02 23:09:55,793 [main] INFO  net.NodeSchemaLoader (NodeSchemaLoader.java:loadSchema(171)) - Loading network topology layer schema file
2019-10-02 23:09:55,797 [main] WARN  server.ServerUtils (ServerUtils.java:sanitizeUserArgs(70)) - ozone.scm.stale.node.interval value = 300000 is larger than max = 100000 based on the key value of ozone.scm.heartbeat.thread.interval, reset to the max value 100000.
2019-10-02 23:09:55,797 [main] WARN  server.ServerUtils (ServerUtils.java:sanitizeUserArgs(70)) - ozone.scm.stale.node.interval value = 300000 is larger than max = 100000 based on the key value of ozone.scm.heartbeat.thread.interval, reset to the max value 100000.
2019-10-02 23:09:55,797 [main] INFO  node.SCMNodeManager (SCMNodeManager.java:<init>(114)) - Entering startup safe mode.
2019-10-02 23:09:55,798 [main] INFO  algorithms.ContainerPlacementPolicyFactory (ContainerPlacementPolicyFactory.java:getPolicy(57)) - Create container placement policy of type org.apache.hadoop.hdds.scm.container.placement.algorithms.SCMContainerPlacementRandom
2019-10-02 23:09:55,798 [main] WARN  server.ServerUtils (ServerUtils.java:getScmDbDir(145)) - ozone.scm.db.dirs is not configured. We recommend adding this setting. Falling back to ozone.metadata.dirs instead.
2019-10-02 23:09:55,895 [main] INFO  pipeline.SCMPipelineManager (SCMPipelineManager.java:initializePipelineState(132)) - No pipeline exists in current db
2019-10-02 23:09:55,896 [main] WARN  server.ServerUtils (ServerUtils.java:getScmDbDir(145)) - ozone.scm.db.dirs is not configured. We recommend adding this setting. Falling back to ozone.metadata.dirs instead.
2019-10-02 23:09:55,998 [main] WARN  events.EventQueue (EventQueue.java:fireEvent(183)) - No event handler registered for event TypedEvent{payloadType=SafeModeStatus, name='SafeModeStatus'}
2019-10-02 23:09:55,999 [main] INFO  ipc.CallQueueManager (CallQueueManager.java:<init>(84)) - Using callQueue: class java.util.concurrent.LinkedBlockingQueue, queueCapacity: 2000, scheduler: class org.apache.hadoop.ipc.DefaultRpcScheduler, ipcBackoff: false.
2019-10-02 23:09:55,999 [Socket Reader #1 for port 44114] INFO  ipc.Server (Server.java:run(1074)) - Starting Socket Reader #1 for port 44114
2019-10-02 23:09:56,001 [main] INFO  ipc.CallQueueManager (CallQueueManager.java:<init>(84)) - Using callQueue: class java.util.concurrent.LinkedBlockingQueue, queueCapacity: 2000, scheduler: class org.apache.hadoop.ipc.DefaultRpcScheduler, ipcBackoff: false.
2019-10-02 23:09:56,002 [Socket Reader #1 for port 34359] INFO  ipc.Server (Server.java:run(1074)) - Starting Socket Reader #1 for port 34359
2019-10-02 23:09:56,006 [main] INFO  ipc.CallQueueManager (CallQueueManager.java:<init>(84)) - Using callQueue: class java.util.concurrent.LinkedBlockingQueue, queueCapacity: 2000, scheduler: class org.apache.hadoop.ipc.DefaultRpcScheduler, ipcBackoff: false.
2019-10-02 23:09:56,007 [Socket Reader #1 for port 36938] INFO  ipc.Server (Server.java:run(1074)) - Starting Socket Reader #1 for port 36938
2019-10-02 23:09:56,010 [main] INFO  hdfs.DFSUtil (DFSUtil.java:httpServerTemplateForNNAndJN(1641)) - Starting Web-server for scm at: http://0.0.0.0:0
2019-10-02 23:09:56,013 [main] INFO  server.AuthenticationFilter (AuthenticationFilter.java:constructSecretProvider(240)) - Unable to initialize FileSignerSecretProvider, falling back to use random secrets.
2019-10-02 23:09:56,013 [main] WARN  http.HttpRequestLog (HttpRequestLog.java:getRequestLog(97)) - Jetty request log can only be enabled using Log4j
2019-10-02 23:09:56,016 [main] INFO  http.HttpServer2 (HttpServer2.java:addGlobalFilter(975)) - Added global filter 'safety' (class=org.apache.hadoop.http.HttpServer2$QuotingInputFilter)
2019-10-02 23:09:56,017 [main] INFO  http.HttpServer2 (HttpServer2.java:addFilter(948)) - Added filter static_user_filter (class=org.apache.hadoop.http.lib.StaticUserWebFilter$StaticUserFilter) to context scm
2019-10-02 23:09:56,017 [main] INFO  http.HttpServer2 (HttpServer2.java:addFilter(958)) - Added filter static_user_filter (class=org.apache.hadoop.http.lib.StaticUserWebFilter$StaticUserFilter) to context static
2019-10-02 23:09:56,017 [main] INFO  http.HttpServer2 (HttpServer2.java:addFilter(958)) - Added filter static_user_filter (class=org.apache.hadoop.http.lib.StaticUserWebFilter$StaticUserFilter) to context logs
2019-10-02 23:09:56,019 [main] INFO  server.StorageContainerManager (StorageContainerManager.java:start(770)) - StorageContainerLocationProtocol RPC server is listening at /0.0.0.0:36938
2019-10-02 23:09:56,021 [main] WARN  impl.MetricsConfig (MetricsConfig.java:loadFirst(134)) - Cannot locate configuration: tried hadoop-metrics2-storagecontainermanager.properties,hadoop-metrics2.properties
2019-10-02 23:09:56,022 [main] INFO  impl.MetricsSystemImpl (MetricsSystemImpl.java:startTimer(374)) - Scheduled Metric snapshot period at 10 second(s).
2019-10-02 23:09:56,023 [main] INFO  impl.MetricsSystemImpl (MetricsSystemImpl.java:start(191)) - StorageContainerManager metrics system started
2019-10-02 23:09:56,056 [main] WARN  impl.MetricsSystemImpl (MetricsSystemImpl.java:register(276)) - Sink prometheus already exists!
2019-10-02 23:09:56,139 [main] INFO  server.SCMClientProtocolServer (SCMClientProtocolServer.java:start(150)) - RPC server for Client  is listening at /0.0.0.0:36938
2019-10-02 23:09:56,139 [IPC Server Responder] INFO  ipc.Server (Server.java:run(1314)) - IPC Server Responder: starting
2019-10-02 23:09:56,139 [IPC Server listener on 36938] INFO  ipc.Server (Server.java:run(1153)) - IPC Server listener on 36938: starting
2019-10-02 23:09:56,145 [main] INFO  server.StorageContainerManager (StorageContainerManager.java:start(780)) - ScmBlockLocationProtocol RPC server is listening at /0.0.0.0:34359
2019-10-02 23:09:56,145 [main] INFO  server.SCMBlockProtocolServer (SCMBlockProtocolServer.java:start(146)) - RPC server for Block Protocol is listening at /0.0.0.0:34359
2019-10-02 23:09:56,146 [IPC Server Responder] INFO  ipc.Server (Server.java:run(1314)) - IPC Server Responder: starting
2019-10-02 23:09:56,147 [IPC Server listener on 34359] INFO  ipc.Server (Server.java:run(1153)) - IPC Server listener on 34359: starting
2019-10-02 23:09:56,151 [main] INFO  server.StorageContainerManager (StorageContainerManager.java:start(784)) - ScmDatanodeProtocl RPC server is listening at /0.0.0.0:44114
2019-10-02 23:09:56,151 [main] INFO  server.SCMDatanodeProtocolServer (SCMDatanodeProtocolServer.java:start(191)) - RPC server for DataNodes is listening at /0.0.0.0:44114
2019-10-02 23:09:56,151 [IPC Server Responder] INFO  ipc.Server (Server.java:run(1314)) - IPC Server Responder: starting
2019-10-02 23:09:56,152 [IPC Server listener on 44114] INFO  ipc.Server (Server.java:run(1153)) - IPC Server listener on 44114: starting
2019-10-02 23:09:56,156 [main] INFO  http.HttpServer2 (HttpServer2.java:bindListener(1191)) - Jetty bound to port 44732
2019-10-02 23:09:56,156 [main] INFO  server.Server (Server.java:doStart(351)) - jetty-9.3.25.v20180904, build timestamp: 2018-09-04T21:11:46Z, git hash: 3ce520221d0240229c862b122d2b06c12a625732
2019-10-02 23:09:56,158 [main] INFO  handler.ContextHandler (ContextHandler.java:doStart(781)) - Started o.e.j.s.ServletContextHandler@4fad51a3{/logs,file:///workdir/hadoop-ozone/ozonefs/target/log,AVAILABLE}
2019-10-02 23:09:56,159 [main] INFO  handler.ContextHandler (ContextHandler.java:doStart(781)) - Started o.e.j.s.ServletContextHandler@acb5508{/static,jar:file:/home/user/.m2/repository/org/apache/hadoop/hadoop-hdds-server-scm/0.5.0-SNAPSHOT/hadoop-hdds-server-scm-0.5.0-SNAPSHOT.jar!/webapps/static,AVAILABLE}
2019-10-02 23:09:56,211 [main] INFO  handler.ContextHandler (ContextHandler.java:doStart(781)) - Started o.e.j.w.WebAppContext@7d522180{/,file:///tmp/jetty-0.0.0.0-44732-scm-_-any-5313171338912409571.dir/webapp/,AVAILABLE}{/scm}
2019-10-02 23:09:56,212 [main] INFO  server.AbstractConnector (AbstractConnector.java:doStart(278)) - Started ServerConnector@ff03361{HTTP/1.1,[http/1.1]}{0.0.0.0:44732}
2019-10-02 23:09:56,213 [main] INFO  server.Server (Server.java:doStart(419)) - Started @159573ms
2019-10-02 23:09:56,213 [main] WARN  impl.MetricsSystemImpl (MetricsSystemImpl.java:register(276)) - Sink prometheus already exists!
2019-10-02 23:09:56,214 [main] INFO  server.BaseHttpServer (BaseHttpServer.java:updateConnectorAddress(215)) - HTTP server of SCM is listening at http://0.0.0.0:44732
2019-10-02 23:09:56,216 [main] WARN  server.ServerUtils (ServerUtils.java:getDBPath(222)) - ozone.om.db.dirs is not configured. We recommend adding this setting. Falling back to ozone.metadata.dirs instead.
2019-10-02 23:09:56,217 [org.apache.hadoop.util.JvmPauseMonitor$Monitor@5f935d49] INFO  util.JvmPauseMonitor (JvmPauseMonitor.java:run(188)) - Starting JVM pause monitor
2019-10-02 23:09:56,242 [main] WARN  server.ServerUtils (ServerUtils.java:getDBPath(222)) - ozone.om.db.dirs is not configured. We recommend adding this setting. Falling back to ozone.metadata.dirs instead.
2019-10-02 23:09:56,243 [main] WARN  server.ServerUtils (ServerUtils.java:getDBPath(222)) - ozone.om.db.dirs is not configured. We recommend adding this setting. Falling back to ozone.metadata.dirs instead.
2019-10-02 23:09:56,243 [main] INFO  om.OzoneManager (OzoneManager.java:setOMNodeDetails(652)) - OM Service ID is not set. Setting it to the default ID: omServiceIdDefault
2019-10-02 23:09:56,243 [main] INFO  om.OzoneManager (OzoneManager.java:setOMNodeDetails(658)) - OM Node ID is not set. Setting it to the OmStorage's OmID: 70601fda-81a6-4d0f-8754-5c9eb88bec33
2019-10-02 23:09:56,243 [main] INFO  om.OzoneManager (OzoneManager.java:loadOMHAConfigs(609)) - Found matching OM address with OMServiceId: null, OMNodeId: null, RPC Address: localhost:0 and Ratis port: 9872
2019-10-02 23:09:56,251 [main] WARN  server.ServerUtils (ServerUtils.java:getDBPath(222)) - ozone.om.db.dirs is not configured. We recommend adding this setting. Falling back to ozone.metadata.dirs instead.
2019-10-02 23:09:56,251 [main] INFO  db.DBStoreBuilder (DBStoreBuilder.java:addTable(110)) - using custom profile for table: userTable
2019-10-02 23:09:56,251 [main] INFO  db.DBStoreBuilder (DBStoreBuilder.java:processTables(161)) - Using default column profile:DBProfile.DISK for Table:userTable
2019-10-02 23:09:56,251 [main] INFO  db.DBStoreBuilder (DBStoreBuilder.java:addTable(110)) - using custom profile for table: volumeTable
2019-10-02 23:09:56,251 [main] INFO  db.DBStoreBuilder (DBStoreBuilder.java:processTables(161)) - Using default column profile:DBProfile.DISK for Table:volumeTable
2019-10-02 23:09:56,252 [main] INFO  db.DBStoreBuilder (DBStoreBuilder.java:addTable(110)) - using custom profile for table: bucketTable
2019-10-02 23:09:56,252 [main] INFO  db.DBStoreBuilder (DBStoreBuilder.java:processTables(161)) - Using default column profile:DBProfile.DISK for Table:bucketTable
2019-10-02 23:09:56,252 [main] INFO  db.DBStoreBuilder (DBStoreBuilder.java:addTable(110)) - using custom profile for table: keyTable
2019-10-02 23:09:56,252 [main] INFO  db.DBStoreBuilder (DBStoreBuilder.java:processTables(161)) - Using default column profile:DBProfile.DISK for Table:keyTable
2019-10-02 23:09:56,252 [main] INFO  db.DBStoreBuilder (DBStoreBuilder.java:addTable(110)) - using custom profile for table: deletedTable
2019-10-02 23:09:56,253 [main] INFO  db.DBStoreBuilder (DBStoreBuilder.java:processTables(161)) - Using default column profile:DBProfile.DISK for Table:deletedTable
2019-10-02 23:09:56,253 [main] INFO  db.DBStoreBuilder (DBStoreBuilder.java:addTable(110)) - using custom profile for table: openKeyTable
2019-10-02 23:09:56,253 [main] INFO  db.DBStoreBuilder (DBStoreBuilder.java:processTables(161)) - Using default column profile:DBProfile.DISK for Table:openKeyTable
2019-10-02 23:09:56,253 [main] INFO  db.DBStoreBuilder (DBStoreBuilder.java:addTable(110)) - using custom profile for table: s3Table
2019-10-02 23:09:56,253 [main] INFO  db.DBStoreBuilder (DBStoreBuilder.java:processTables(161)) - Using default column profile:DBProfile.DISK for Table:s3Table
2019-10-02 23:09:56,253 [main] INFO  db.DBStoreBuilder (DBStoreBuilder.java:addTable(110)) - using custom profile for table: multipartInfoTable
2019-10-02 23:09:56,254 [main] INFO  db.DBStoreBuilder (DBStoreBuilder.java:processTables(161)) - Using default column profile:DBProfile.DISK for Table:multipartInfoTable
2019-10-02 23:09:56,254 [main] INFO  db.DBStoreBuilder (DBStoreBuilder.java:addTable(110)) - using custom profile for table: dTokenTable
2019-10-02 23:09:56,254 [main] INFO  db.DBStoreBuilder (DBStoreBuilder.java:processTables(161)) - Using default column profile:DBProfile.DISK for Table:dTokenTable
2019-10-02 23:09:56,254 [main] INFO  db.DBStoreBuilder (DBStoreBuilder.java:addTable(110)) - using custom profile for table: s3SecretTable
2019-10-02 23:09:56,254 [main] INFO  db.DBStoreBuilder (DBStoreBuilder.java:processTables(161)) - Using default column profile:DBProfile.DISK for Table:s3SecretTable
2019-10-02 23:09:56,254 [main] INFO  db.DBStoreBuilder (DBStoreBuilder.java:addTable(110)) - using custom profile for table: prefixTable
2019-10-02 23:09:56,255 [main] INFO  db.DBStoreBuilder (DBStoreBuilder.java:processTables(161)) - Using default column profile:DBProfile.DISK for Table:prefixTable
2019-10-02 23:09:56,255 [main] INFO  db.DBStoreBuilder (DBStoreBuilder.java:addTable(110)) - using custom profile for table: default
2019-10-02 23:09:56,255 [main] INFO  db.DBStoreBuilder (DBStoreBuilder.java:processTables(167)) - Using default column profile:DBProfile.DISK for Table:default
2019-10-02 23:09:56,255 [main] INFO  db.DBStoreBuilder (DBStoreBuilder.java:getDbProfile(198)) - Using default options. DBProfile.DISK
2019-10-02 23:09:56,991 [main] INFO  ipc.CallQueueManager (CallQueueManager.java:<init>(84)) - Using callQueue: class java.util.concurrent.LinkedBlockingQueue, queueCapacity: 2000, scheduler: class org.apache.hadoop.ipc.DefaultRpcScheduler, ipcBackoff: false.
2019-10-02 23:09:56,991 [Socket Reader #1 for port 38971] INFO  ipc.Server (Server.java:run(1074)) - Starting Socket Reader #1 for port 38971
2019-10-02 23:09:57,010 [main] INFO  om.OzoneManager (OzoneManager.java:start(1243)) - OzoneManager RPC server is listening at localhost/127.0.0.1:38971
2019-10-02 23:09:57,010 [main] INFO  impl.MetricsSystemImpl (MetricsSystemImpl.java:init(158)) - OzoneManager metrics system started (again)
2019-10-02 23:09:57,011 [IPC Server Responder] INFO  ipc.Server (Server.java:run(1314)) - IPC Server Responder: starting
2019-10-02 23:09:57,011 [IPC Server listener on 38971] INFO  ipc.Server (Server.java:run(1153)) - IPC Server listener on 38971: starting
2019-10-02 23:09:57,016 [main] INFO  hdfs.DFSUtil (DFSUtil.java:httpServerTemplateForNNAndJN(1641)) - Starting Web-server for ozoneManager at: http://0.0.0.0:0
2019-10-02 23:09:57,017 [main] INFO  server.AuthenticationFilter (AuthenticationFilter.java:constructSecretProvider(240)) - Unable to initialize FileSignerSecretProvider, falling back to use random secrets.
2019-10-02 23:09:57,018 [main] WARN  http.HttpRequestLog (HttpRequestLog.java:getRequestLog(97)) - Jetty request log can only be enabled using Log4j
2019-10-02 23:09:57,019 [main] INFO  http.HttpServer2 (HttpServer2.java:addGlobalFilter(975)) - Added global filter 'safety' (class=org.apache.hadoop.http.HttpServer2$QuotingInputFilter)
2019-10-02 23:09:57,020 [main] INFO  http.HttpServer2 (HttpServer2.java:addFilter(948)) - Added filter static_user_filter (class=org.apache.hadoop.http.lib.StaticUserWebFilter$StaticUserFilter) to context ozoneManager
2019-10-02 23:09:57,020 [main] INFO  http.HttpServer2 (HttpServer2.java:addFilter(958)) - Added filter static_user_filter (class=org.apache.hadoop.http.lib.StaticUserWebFilter$StaticUserFilter) to context static
2019-10-02 23:09:57,020 [main] INFO  http.HttpServer2 (HttpServer2.java:addFilter(958)) - Added filter static_user_filter (class=org.apache.hadoop.http.lib.StaticUserWebFilter$StaticUserFilter) to context logs
2019-10-02 23:09:57,020 [main] INFO  http.HttpServer2 (HttpServer2.java:bindListener(1191)) - Jetty bound to port 43278
2019-10-02 23:09:57,021 [main] INFO  server.Server (Server.java:doStart(351)) - jetty-9.3.25.v20180904, build timestamp: 2018-09-04T21:11:46Z, git hash: 3ce520221d0240229c862b122d2b06c12a625732
2019-10-02 23:09:57,022 [main] INFO  handler.ContextHandler (ContextHandler.java:doStart(781)) - Started o.e.j.s.ServletContextHandler@1182d1df{/logs,file:///workdir/hadoop-ozone/ozonefs/target/log,AVAILABLE}
2019-10-02 23:09:57,023 [main] INFO  handler.ContextHandler (ContextHandler.java:doStart(781)) - Started o.e.j.s.ServletContextHandler@31f31b20{/static,jar:file:/home/user/.m2/repository/org/apache/hadoop/hadoop-ozone-ozone-manager/0.5.0-SNAPSHOT/hadoop-ozone-ozone-manager-0.5.0-SNAPSHOT.jar!/webapps/static,AVAILABLE}
2019-10-02 23:09:57,067 [main] INFO  handler.ContextHandler (ContextHandler.java:doStart(781)) - Started o.e.j.w.WebAppContext@6eabe718{/,file:///tmp/jetty-0.0.0.0-43278-ozoneManager-_-any-3260885381664461824.dir/webapp/,AVAILABLE}{/ozoneManager}
2019-10-02 23:09:57,067 [main] INFO  server.AbstractConnector (AbstractConnector.java:doStart(278)) - Started ServerConnector@38d525aa{HTTP/1.1,[http/1.1]}{0.0.0.0:43278}
2019-10-02 23:09:57,068 [main] INFO  server.Server (Server.java:doStart(419)) - Started @160427ms
2019-10-02 23:09:57,069 [main] WARN  impl.MetricsSystemImpl (MetricsSystemImpl.java:register(276)) - Sink prometheus already exists!
2019-10-02 23:09:57,069 [main] INFO  server.BaseHttpServer (BaseHttpServer.java:updateConnectorAddress(215)) - HTTP server of OZONEMANAGER is listening at http://0.0.0.0:43278
2019-10-02 23:09:57,075 [main] INFO  impl.MetricsSystemImpl (MetricsSystemImpl.java:init(158)) - HddsDatanode metrics system started (again)
2019-10-02 23:09:57,079 [main] INFO  ozone.HddsDatanodeService (HddsDatanodeService.java:start(184)) - HddsDatanodeService host:pr-hdds1737-lts7z-2510321508 ip:192.168.30.30
2019-10-02 23:09:57,087 [main] INFO  volume.HddsVolume (HddsVolume.java:<init>(176)) - Creating Volume: /workdir/hadoop-ozone/ozonefs/target/test-dir/MiniOzoneClusterImpl-6a72a465-6c93-4baa-ad8a-1bc5d074397d/datanode-0/data/containers/hdds of  storage type : DISK and capacity : 1482555576320
2019-10-02 23:09:57,088 [main] INFO  volume.VolumeSet (VolumeSet.java:initializeVolumeSet(170)) - Added Volume : /workdir/hadoop-ozone/ozonefs/target/test-dir/MiniOzoneClusterImpl-6a72a465-6c93-4baa-ad8a-1bc5d074397d/datanode-0/data/containers/hdds to VolumeSet
2019-10-02 23:09:57,088 [main] INFO  volume.ThrottledAsyncChecker (ThrottledAsyncChecker.java:schedule(139)) - Scheduling a check for org.apache.hadoop.ozone.container.common.volume.HddsVolume@53ba1175
2019-10-02 23:09:57,088 [main] INFO  volume.HddsVolumeChecker (HddsVolumeChecker.java:checkAllVolumes(202)) - Scheduled health check for volume org.apache.hadoop.ozone.container.common.volume.HddsVolume@53ba1175
2019-10-02 23:09:57,107 [main] INFO  impl.RaftServerProxy (ConfUtils.java:logGet(43)) - raft.rpc.type = GRPC (default)
2019-10-02 23:09:57,107 [main] INFO  grpc.GrpcFactory (GrpcFactory.java:checkPooledByteBufAllocatorUseCacheForAllThreads(45)) - PERFORMANCE WARNING: useCacheForAllThreads is true that may cause Netty to create a lot garbage objects and, as a result, trigger GC.
	It is recommended to disable useCacheForAllThreads by setting -Dorg.apache.ratis.thirdparty.io.netty.allocator.useCacheForAllThreads=false in command line.
2019-10-02 23:09:57,107 [main] INFO  grpc.GrpcConfigKeys$Server (ConfUtils.java:logGet(43)) - raft.grpc.server.port = 0 (default)
2019-10-02 23:09:57,108 [main] INFO  server.GrpcService (ConfUtils.java:logGet(43)) - raft.grpc.message.size.max = 33570816 (custom)
2019-10-02 23:09:57,108 [main] INFO  server.RaftServerConfigKeys (ConfUtils.java:logGet(43)) - raft.server.log.appender.buffer.byte-limit = 33554432 (custom)
2019-10-02 23:09:57,108 [main] INFO  server.GrpcService (ConfUtils.java:logGet(43)) - raft.grpc.flow.control.window = 1MB (=1048576) (default)
2019-10-02 23:09:57,108 [main] INFO  server.RaftServerConfigKeys (ConfUtils.java:logGet(43)) - raft.server.rpc.request.timeout = 3000ms (default)
2019-10-02 23:09:57,109 [main] INFO  server.RaftServerConfigKeys (ConfUtils.java:logGet(43)) - raft.server.storage.dir = [/workdir/hadoop-ozone/ozonefs/target/test-dir/MiniOzoneClusterImpl-6a72a465-6c93-4baa-ad8a-1bc5d074397d/datanode-0/data/ratis] (custom)
2019-10-02 23:09:57,110 [main] INFO  hdfs.DFSUtil (DFSUtil.java:httpServerTemplateForNNAndJN(1641)) - Starting Web-server for hddsDatanode at: http://0.0.0.0:0
2019-10-02 23:09:57,112 [main] INFO  server.AuthenticationFilter (AuthenticationFilter.java:constructSecretProvider(240)) - Unable to initialize FileSignerSecretProvider, falling back to use random secrets.
2019-10-02 23:09:57,112 [main] WARN  http.HttpRequestLog (HttpRequestLog.java:getRequestLog(97)) - Jetty request log can only be enabled using Log4j
2019-10-02 23:09:57,114 [main] INFO  http.HttpServer2 (HttpServer2.java:addGlobalFilter(975)) - Added global filter 'safety' (class=org.apache.hadoop.http.HttpServer2$QuotingInputFilter)
2019-10-02 23:09:57,114 [main] INFO  http.HttpServer2 (HttpServer2.java:addFilter(948)) - Added filter static_user_filter (class=org.apache.hadoop.http.lib.StaticUserWebFilter$StaticUserFilter) to context hddsDatanode
2019-10-02 23:09:57,115 [main] INFO  http.HttpServer2 (HttpServer2.java:addFilter(958)) - Added filter static_user_filter (class=org.apache.hadoop.http.lib.StaticUserWebFilter$StaticUserFilter) to context static
2019-10-02 23:09:57,115 [main] INFO  http.HttpServer2 (HttpServer2.java:addFilter(958)) - Added filter static_user_filter (class=org.apache.hadoop.http.lib.StaticUserWebFilter$StaticUserFilter) to context logs
2019-10-02 23:09:57,115 [main] INFO  http.HttpServer2 (HttpServer2.java:bindListener(1191)) - Jetty bound to port 34024
2019-10-02 23:09:57,116 [main] INFO  server.Server (Server.java:doStart(351)) - jetty-9.3.25.v20180904, build timestamp: 2018-09-04T21:11:46Z, git hash: 3ce520221d0240229c862b122d2b06c12a625732
2019-10-02 23:09:57,117 [main] INFO  handler.ContextHandler (ContextHandler.java:doStart(781)) - Started o.e.j.s.ServletContextHandler@18dd7767{/logs,file:///workdir/hadoop-ozone/ozonefs/target/log,AVAILABLE}
2019-10-02 23:09:57,118 [main] INFO  handler.ContextHandler (ContextHandler.java:doStart(781)) - Started o.e.j.s.ServletContextHandler@bfe47a8{/static,jar:file:/home/user/.m2/repository/org/apache/hadoop/hadoop-hdds-container-service/0.5.0-SNAPSHOT/hadoop-hdds-container-service-0.5.0-SNAPSHOT.jar!/webapps/static,AVAILABLE}
2019-10-02 23:09:57,145 [main] INFO  handler.ContextHandler (ContextHandler.java:doStart(781)) - Started o.e.j.w.WebAppContext@59baf2c7{/,file:///tmp/jetty-0.0.0.0-34024-hddsDatanode-_-any-235295662985458875.dir/webapp/,AVAILABLE}{/hddsDatanode}
2019-10-02 23:09:57,145 [main] INFO  server.AbstractConnector (AbstractConnector.java:doStart(278)) - Started ServerConnector@ce655b9{HTTP/1.1,[http/1.1]}{0.0.0.0:34024}
2019-10-02 23:09:57,145 [main] INFO  server.Server (Server.java:doStart(419)) - Started @160505ms
2019-10-02 23:09:57,147 [main] WARN  impl.MetricsSystemImpl (MetricsSystemImpl.java:register(276)) - Sink prometheus already exists!
2019-10-02 23:09:57,148 [main] INFO  server.BaseHttpServer (BaseHttpServer.java:updateConnectorAddress(215)) - HTTP server of HDDSDATANODE is listening at http://0.0.0.0:34024
2019-10-02 23:09:57,148 [main] INFO  impl.MetricsSystemImpl (MetricsSystemImpl.java:init(158)) - HddsDatanode metrics system started (again)
2019-10-02 23:09:57,151 [org.apache.hadoop.util.JvmPauseMonitor$Monitor@1dcb7651] INFO  util.JvmPauseMonitor (JvmPauseMonitor.java:run(188)) - Starting JVM pause monitor
2019-10-02 23:09:57,152 [main] INFO  ozone.HddsDatanodeService (HddsDatanodeService.java:start(184)) - HddsDatanodeService host:pr-hdds1737-lts7z-2510321508 ip:192.168.30.30
2019-10-02 23:09:57,153 [Datanode State Machine Thread - 0] INFO  datanode.InitDatanodeState (InitDatanodeState.java:persistContainerDatanodeDetails(140)) - DatanodeDetails is persisted to /workdir/hadoop-ozone/ozonefs/target/test-dir/MiniOzoneClusterImpl-6a72a465-6c93-4baa-ad8a-1bc5d074397d/datanode-0/meta/datanode.id
2019-10-02 23:09:57,158 [main] INFO  volume.HddsVolume (HddsVolume.java:<init>(176)) - Creating Volume: /workdir/hadoop-ozone/ozonefs/target/test-dir/MiniOzoneClusterImpl-6a72a465-6c93-4baa-ad8a-1bc5d074397d/datanode-1/data/containers/hdds of  storage type : DISK and capacity : 1482555576320
2019-10-02 23:09:57,158 [main] INFO  volume.VolumeSet (VolumeSet.java:initializeVolumeSet(170)) - Added Volume : /workdir/hadoop-ozone/ozonefs/target/test-dir/MiniOzoneClusterImpl-6a72a465-6c93-4baa-ad8a-1bc5d074397d/datanode-1/data/containers/hdds to VolumeSet
2019-10-02 23:09:57,158 [main] INFO  volume.ThrottledAsyncChecker (ThrottledAsyncChecker.java:schedule(139)) - Scheduling a check for org.apache.hadoop.ozone.container.common.volume.HddsVolume@32e697ac
2019-10-02 23:09:57,159 [main] INFO  volume.HddsVolumeChecker (HddsVolumeChecker.java:checkAllVolumes(202)) - Scheduled health check for volume org.apache.hadoop.ozone.container.common.volume.HddsVolume@32e697ac
2019-10-02 23:09:57,176 [main] INFO  impl.RaftServerProxy (ConfUtils.java:logGet(43)) - raft.rpc.type = GRPC (default)
2019-10-02 23:09:57,177 [main] INFO  grpc.GrpcFactory (GrpcFactory.java:checkPooledByteBufAllocatorUseCacheForAllThreads(45)) - PERFORMANCE WARNING: useCacheForAllThreads is true that may cause Netty to create a lot garbage objects and, as a result, trigger GC.
	It is recommended to disable useCacheForAllThreads by setting -Dorg.apache.ratis.thirdparty.io.netty.allocator.useCacheForAllThreads=false in command line.
2019-10-02 23:09:57,177 [main] INFO  grpc.GrpcConfigKeys$Server (ConfUtils.java:logGet(43)) - raft.grpc.server.port = 0 (default)
2019-10-02 23:09:57,177 [main] INFO  server.GrpcService (ConfUtils.java:logGet(43)) - raft.grpc.message.size.max = 33570816 (custom)
2019-10-02 23:09:57,177 [main] INFO  server.RaftServerConfigKeys (ConfUtils.java:logGet(43)) - raft.server.log.appender.buffer.byte-limit = 33554432 (custom)
2019-10-02 23:09:57,177 [main] INFO  server.GrpcService (ConfUtils.java:logGet(43)) - raft.grpc.flow.control.window = 1MB (=1048576) (default)
2019-10-02 23:09:57,177 [main] INFO  server.RaftServerConfigKeys (ConfUtils.java:logGet(43)) - raft.server.rpc.request.timeout = 3000ms (default)
2019-10-02 23:09:57,178 [main] INFO  server.RaftServerConfigKeys (ConfUtils.java:logGet(43)) - raft.server.storage.dir = [/workdir/hadoop-ozone/ozonefs/target/test-dir/MiniOzoneClusterImpl-6a72a465-6c93-4baa-ad8a-1bc5d074397d/datanode-1/data/ratis] (custom)
2019-10-02 23:09:57,179 [main] INFO  hdfs.DFSUtil (DFSUtil.java:httpServerTemplateForNNAndJN(1641)) - Starting Web-server for hddsDatanode at: http://0.0.0.0:0
2019-10-02 23:09:57,180 [main] INFO  server.AuthenticationFilter (AuthenticationFilter.java:constructSecretProvider(240)) - Unable to initialize FileSignerSecretProvider, falling back to use random secrets.
2019-10-02 23:09:57,181 [main] WARN  http.HttpRequestLog (HttpRequestLog.java:getRequestLog(97)) - Jetty request log can only be enabled using Log4j
2019-10-02 23:09:57,182 [main] INFO  http.HttpServer2 (HttpServer2.java:addGlobalFilter(975)) - Added global filter 'safety' (class=org.apache.hadoop.http.HttpServer2$QuotingInputFilter)
2019-10-02 23:09:57,183 [main] INFO  http.HttpServer2 (HttpServer2.java:addFilter(948)) - Added filter static_user_filter (class=org.apache.hadoop.http.lib.StaticUserWebFilter$StaticUserFilter) to context hddsDatanode
2019-10-02 23:09:57,183 [main] INFO  http.HttpServer2 (HttpServer2.java:addFilter(958)) - Added filter static_user_filter (class=org.apache.hadoop.http.lib.StaticUserWebFilter$StaticUserFilter) to context logs
2019-10-02 23:09:57,183 [main] INFO  http.HttpServer2 (HttpServer2.java:addFilter(958)) - Added filter static_user_filter (class=org.apache.hadoop.http.lib.StaticUserWebFilter$StaticUserFilter) to context static
2019-10-02 23:09:57,184 [main] INFO  http.HttpServer2 (HttpServer2.java:bindListener(1191)) - Jetty bound to port 36628
2019-10-02 23:09:57,184 [main] INFO  server.Server (Server.java:doStart(351)) - jetty-9.3.25.v20180904, build timestamp: 2018-09-04T21:11:46Z, git hash: 3ce520221d0240229c862b122d2b06c12a625732
2019-10-02 23:09:57,185 [main] INFO  handler.ContextHandler (ContextHandler.java:doStart(781)) - Started o.e.j.s.ServletContextHandler@6f24ce45{/logs,file:///workdir/hadoop-ozone/ozonefs/target/log,AVAILABLE}
2019-10-02 23:09:57,185 [main] INFO  handler.ContextHandler (ContextHandler.java:doStart(781)) - Started o.e.j.s.ServletContextHandler@657b3b{/static,jar:file:/home/user/.m2/repository/org/apache/hadoop/hadoop-hdds-container-service/0.5.0-SNAPSHOT/hadoop-hdds-container-service-0.5.0-SNAPSHOT.jar!/webapps/static,AVAILABLE}
2019-10-02 23:09:57,212 [main] INFO  handler.ContextHandler (ContextHandler.java:doStart(781)) - Started o.e.j.w.WebAppContext@30afb481{/,file:///tmp/jetty-0.0.0.0-36628-hddsDatanode-_-any-3167022135044150256.dir/webapp/,AVAILABLE}{/hddsDatanode}
2019-10-02 23:09:57,212 [main] INFO  server.AbstractConnector (AbstractConnector.java:doStart(278)) - Started ServerConnector@5c573229{HTTP/1.1,[http/1.1]}{0.0.0.0:36628}
2019-10-02 23:09:57,214 [main] INFO  server.Server (Server.java:doStart(419)) - Started @160573ms
2019-10-02 23:09:57,214 [main] WARN  impl.MetricsSystemImpl (MetricsSystemImpl.java:register(276)) - Sink prometheus already exists!
2019-10-02 23:09:57,215 [main] INFO  server.BaseHttpServer (BaseHttpServer.java:updateConnectorAddress(215)) - HTTP server of HDDSDATANODE is listening at http://0.0.0.0:36628
2019-10-02 23:09:57,215 [main] INFO  impl.MetricsSystemImpl (MetricsSystemImpl.java:init(158)) - HddsDatanode metrics system started (again)
2019-10-02 23:09:57,219 [org.apache.hadoop.util.JvmPauseMonitor$Monitor@51e1ff12] INFO  util.JvmPauseMonitor (JvmPauseMonitor.java:run(188)) - Starting JVM pause monitor
2019-10-02 23:09:57,220 [main] INFO  ozone.HddsDatanodeService (HddsDatanodeService.java:start(184)) - HddsDatanodeService host:pr-hdds1737-lts7z-2510321508 ip:192.168.30.30
2019-10-02 23:09:57,221 [Datanode State Machine Thread - 0] INFO  datanode.InitDatanodeState (InitDatanodeState.java:persistContainerDatanodeDetails(140)) - DatanodeDetails is persisted to /workdir/hadoop-ozone/ozonefs/target/test-dir/MiniOzoneClusterImpl-6a72a465-6c93-4baa-ad8a-1bc5d074397d/datanode-1/meta/datanode.id
2019-10-02 23:09:57,225 [main] INFO  volume.HddsVolume (HddsVolume.java:<init>(176)) - Creating Volume: /workdir/hadoop-ozone/ozonefs/target/test-dir/MiniOzoneClusterImpl-6a72a465-6c93-4baa-ad8a-1bc5d074397d/datanode-2/data/containers/hdds of  storage type : DISK and capacity : 1482555576320
2019-10-02 23:09:57,226 [main] INFO  volume.VolumeSet (VolumeSet.java:initializeVolumeSet(170)) - Added Volume : /workdir/hadoop-ozone/ozonefs/target/test-dir/MiniOzoneClusterImpl-6a72a465-6c93-4baa-ad8a-1bc5d074397d/datanode-2/data/containers/hdds to VolumeSet
2019-10-02 23:09:57,226 [main] INFO  volume.ThrottledAsyncChecker (ThrottledAsyncChecker.java:schedule(139)) - Scheduling a check for org.apache.hadoop.ozone.container.common.volume.HddsVolume@58aa5c94
2019-10-02 23:09:57,226 [main] INFO  volume.HddsVolumeChecker (HddsVolumeChecker.java:checkAllVolumes(202)) - Scheduled health check for volume org.apache.hadoop.ozone.container.common.volume.HddsVolume@58aa5c94
2019-10-02 23:09:57,244 [main] INFO  impl.RaftServerProxy (ConfUtils.java:logGet(43)) - raft.rpc.type = GRPC (default)
2019-10-02 23:09:57,245 [main] INFO  grpc.GrpcFactory (GrpcFactory.java:checkPooledByteBufAllocatorUseCacheForAllThreads(45)) - PERFORMANCE WARNING: useCacheForAllThreads is true that may cause Netty to create a lot garbage objects and, as a result, trigger GC.
	It is recommended to disable useCacheForAllThreads by setting -Dorg.apache.ratis.thirdparty.io.netty.allocator.useCacheForAllThreads=false in command line.
2019-10-02 23:09:57,245 [main] INFO  grpc.GrpcConfigKeys$Server (ConfUtils.java:logGet(43)) - raft.grpc.server.port = 0 (default)
2019-10-02 23:09:57,245 [main] INFO  server.GrpcService (ConfUtils.java:logGet(43)) - raft.grpc.message.size.max = 33570816 (custom)
2019-10-02 23:09:57,245 [main] INFO  server.RaftServerConfigKeys (ConfUtils.java:logGet(43)) - raft.server.log.appender.buffer.byte-limit = 33554432 (custom)
2019-10-02 23:09:57,245 [main] INFO  server.GrpcService (ConfUtils.java:logGet(43)) - raft.grpc.flow.control.window = 1MB (=1048576) (default)
2019-10-02 23:09:57,246 [main] INFO  server.RaftServerConfigKeys (ConfUtils.java:logGet(43)) - raft.server.rpc.request.timeout = 3000ms (default)
2019-10-02 23:09:57,246 [main] INFO  server.RaftServerConfigKeys (ConfUtils.java:logGet(43)) - raft.server.storage.dir = [/workdir/hadoop-ozone/ozonefs/target/test-dir/MiniOzoneClusterImpl-6a72a465-6c93-4baa-ad8a-1bc5d074397d/datanode-2/data/ratis] (custom)
2019-10-02 23:09:57,247 [main] INFO  hdfs.DFSUtil (DFSUtil.java:httpServerTemplateForNNAndJN(1641)) - Starting Web-server for hddsDatanode at: http://0.0.0.0:0
2019-10-02 23:09:57,248 [main] INFO  server.AuthenticationFilter (AuthenticationFilter.java:constructSecretProvider(240)) - Unable to initialize FileSignerSecretProvider, falling back to use random secrets.
2019-10-02 23:09:57,248 [main] WARN  http.HttpRequestLog (HttpRequestLog.java:getRequestLog(97)) - Jetty request log can only be enabled using Log4j
2019-10-02 23:09:57,250 [main] INFO  http.HttpServer2 (HttpServer2.java:addGlobalFilter(975)) - Added global filter 'safety' (class=org.apache.hadoop.http.HttpServer2$QuotingInputFilter)
2019-10-02 23:09:57,251 [main] INFO  http.HttpServer2 (HttpServer2.java:addFilter(948)) - Added filter static_user_filter (class=org.apache.hadoop.http.lib.StaticUserWebFilter$StaticUserFilter) to context hddsDatanode
2019-10-02 23:09:57,251 [main] INFO  http.HttpServer2 (HttpServer2.java:addFilter(958)) - Added filter static_user_filter (class=org.apache.hadoop.http.lib.StaticUserWebFilter$StaticUserFilter) to context logs
2019-10-02 23:09:57,251 [main] INFO  http.HttpServer2 (HttpServer2.java:addFilter(958)) - Added filter static_user_filter (class=org.apache.hadoop.http.lib.StaticUserWebFilter$StaticUserFilter) to context static
2019-10-02 23:09:57,251 [main] INFO  http.HttpServer2 (HttpServer2.java:bindListener(1191)) - Jetty bound to port 45169
2019-10-02 23:09:57,252 [main] INFO  server.Server (Server.java:doStart(351)) - jetty-9.3.25.v20180904, build timestamp: 2018-09-04T21:11:46Z, git hash: 3ce520221d0240229c862b122d2b06c12a625732
2019-10-02 23:09:57,253 [main] INFO  handler.ContextHandler (ContextHandler.java:doStart(781)) - Started o.e.j.s.ServletContextHandler@697a92af{/logs,file:///workdir/hadoop-ozone/ozonefs/target/log,AVAILABLE}
2019-10-02 23:09:57,253 [main] INFO  handler.ContextHandler (ContextHandler.java:doStart(781)) - Started o.e.j.s.ServletContextHandler@16b76858{/static,jar:file:/home/user/.m2/repository/org/apache/hadoop/hadoop-hdds-container-service/0.5.0-SNAPSHOT/hadoop-hdds-container-service-0.5.0-SNAPSHOT.jar!/webapps/static,AVAILABLE}
2019-10-02 23:09:57,281 [main] INFO  handler.ContextHandler (ContextHandler.java:doStart(781)) - Started o.e.j.w.WebAppContext@7afb9c93{/,file:///tmp/jetty-0.0.0.0-45169-hddsDatanode-_-any-67066377419863544.dir/webapp/,AVAILABLE}{/hddsDatanode}
2019-10-02 23:09:57,281 [main] INFO  server.AbstractConnector (AbstractConnector.java:doStart(278)) - Started ServerConnector@30d15e4a{HTTP/1.1,[http/1.1]}{0.0.0.0:45169}
2019-10-02 23:09:57,284 [main] INFO  server.Server (Server.java:doStart(419)) - Started @160644ms
2019-10-02 23:09:57,285 [main] WARN  impl.MetricsSystemImpl (MetricsSystemImpl.java:register(276)) - Sink prometheus already exists!
2019-10-02 23:09:57,285 [main] INFO  server.BaseHttpServer (BaseHttpServer.java:updateConnectorAddress(215)) - HTTP server of HDDSDATANODE is listening at http://0.0.0.0:45169
2019-10-02 23:09:57,286 [main] INFO  ozone.MiniOzoneClusterImpl (MiniOzoneClusterImpl.java:lambda$waitForClusterToBeReady$0(147)) - Waiting for cluster to be ready. Got 0 of 3 DN Heartbeats.
2019-10-02 23:09:57,287 [org.apache.hadoop.util.JvmPauseMonitor$Monitor@ebab2e6] INFO  util.JvmPauseMonitor (JvmPauseMonitor.java:run(188)) - Starting JVM pause monitor
2019-10-02 23:09:57,288 [Datanode State Machine Thread - 0] INFO  datanode.InitDatanodeState (InitDatanodeState.java:persistContainerDatanodeDetails(140)) - DatanodeDetails is persisted to /workdir/hadoop-ozone/ozonefs/target/test-dir/MiniOzoneClusterImpl-6a72a465-6c93-4baa-ad8a-1bc5d074397d/datanode-2/meta/datanode.id
2019-10-02 23:09:58,286 [main] INFO  ozone.MiniOzoneClusterImpl (MiniOzoneClusterImpl.java:lambda$waitForClusterToBeReady$0(147)) - Waiting for cluster to be ready. Got 0 of 3 DN Heartbeats.
2019-10-02 23:09:59,169 [Datanode State Machine Thread - 0] INFO  ozoneimpl.OzoneContainer (OzoneContainer.java:start(217)) - Attempting to start container services.
2019-10-02 23:09:59,169 [Datanode State Machine Thread - 0] INFO  ozoneimpl.OzoneContainer (OzoneContainer.java:startContainerScrub(179)) - Background container scanner has been disabled.
2019-10-02 23:09:59,169 [Datanode State Machine Thread - 0] INFO  ratis.XceiverServerRatis (XceiverServerRatis.java:start(417)) - Starting XceiverServerRatis 12beac55-0773-4b67-9ccc-0a2315756aba at port 0
2019-10-02 23:09:59,174 [Datanode State Machine Thread - 0] INFO  impl.RaftServerProxy (RaftServerProxy.java:lambda$start$3(299)) - 12beac55-0773-4b67-9ccc-0a2315756aba: start RPC server
2019-10-02 23:09:59,176 [Datanode State Machine Thread - 0] INFO  server.GrpcService (GrpcService.java:startImpl(158)) - 12beac55-0773-4b67-9ccc-0a2315756aba: GrpcService started, listening on 0.0.0.0/0.0.0.0:40084
2019-10-02 23:09:59,176 [Datanode State Machine Thread - 0] INFO  ratis.XceiverServerRatis (XceiverServerRatis.java:start(427)) - XceiverServerRatis 12beac55-0773-4b67-9ccc-0a2315756aba is started using port 40084
2019-10-02 23:09:59,185 [Datanode State Machine Thread - 0] INFO  server.XceiverServerGrpc (XceiverServerGrpc.java:start(149)) - XceiverServerGrpc 12beac55-0773-4b67-9ccc-0a2315756aba is started using port 34733
2019-10-02 23:09:59,240 [Datanode State Machine Thread - 0] INFO  ozoneimpl.OzoneContainer (OzoneContainer.java:start(217)) - Attempting to start container services.
2019-10-02 23:09:59,241 [Datanode State Machine Thread - 0] INFO  ozoneimpl.OzoneContainer (OzoneContainer.java:startContainerScrub(179)) - Background container scanner has been disabled.
2019-10-02 23:09:59,241 [Datanode State Machine Thread - 0] INFO  ratis.XceiverServerRatis (XceiverServerRatis.java:start(417)) - Starting XceiverServerRatis 30dcc1bd-8983-425b-be63-9a3f45c28216 at port 0
2019-10-02 23:09:59,246 [Datanode State Machine Thread - 0] INFO  impl.RaftServerProxy (RaftServerProxy.java:lambda$start$3(299)) - 30dcc1bd-8983-425b-be63-9a3f45c28216: start RPC server
2019-10-02 23:09:59,248 [Datanode State Machine Thread - 0] INFO  server.GrpcService (GrpcService.java:startImpl(158)) - 30dcc1bd-8983-425b-be63-9a3f45c28216: GrpcService started, listening on 0.0.0.0/0.0.0.0:45271
2019-10-02 23:09:59,248 [Datanode State Machine Thread - 0] INFO  ratis.XceiverServerRatis (XceiverServerRatis.java:start(427)) - XceiverServerRatis 30dcc1bd-8983-425b-be63-9a3f45c28216 is started using port 45271
2019-10-02 23:09:59,248 [Datanode State Machine Thread - 0] INFO  server.XceiverServerGrpc (XceiverServerGrpc.java:start(149)) - XceiverServerGrpc 30dcc1bd-8983-425b-be63-9a3f45c28216 is started using port 36857
2019-10-02 23:09:59,287 [main] INFO  ozone.MiniOzoneClusterImpl (MiniOzoneClusterImpl.java:lambda$waitForClusterToBeReady$0(147)) - Waiting for cluster to be ready. Got 0 of 3 DN Heartbeats.
2019-10-02 23:09:59,328 [Datanode State Machine Thread - 0] INFO  ozoneimpl.OzoneContainer (OzoneContainer.java:start(217)) - Attempting to start container services.
2019-10-02 23:09:59,328 [Datanode State Machine Thread - 0] INFO  ozoneimpl.OzoneContainer (OzoneContainer.java:startContainerScrub(179)) - Background container scanner has been disabled.
2019-10-02 23:09:59,328 [Datanode State Machine Thread - 0] INFO  ratis.XceiverServerRatis (XceiverServerRatis.java:start(417)) - Starting XceiverServerRatis 742df0bb-8627-4cfd-8bd6-9b7bcc7eeaa4 at port 0
2019-10-02 23:09:59,334 [Datanode State Machine Thread - 0] INFO  impl.RaftServerProxy (RaftServerProxy.java:lambda$start$3(299)) - 742df0bb-8627-4cfd-8bd6-9b7bcc7eeaa4: start RPC server
2019-10-02 23:09:59,335 [Datanode State Machine Thread - 0] INFO  server.GrpcService (GrpcService.java:startImpl(158)) - 742df0bb-8627-4cfd-8bd6-9b7bcc7eeaa4: GrpcService started, listening on 0.0.0.0/0.0.0.0:38262
2019-10-02 23:09:59,335 [Datanode State Machine Thread - 0] INFO  ratis.XceiverServerRatis (XceiverServerRatis.java:start(427)) - XceiverServerRatis 742df0bb-8627-4cfd-8bd6-9b7bcc7eeaa4 is started using port 38262
2019-10-02 23:09:59,335 [Datanode State Machine Thread - 0] INFO  server.XceiverServerGrpc (XceiverServerGrpc.java:start(149)) - XceiverServerGrpc 742df0bb-8627-4cfd-8bd6-9b7bcc7eeaa4 is started using port 36056
2019-10-02 23:10:00,287 [main] INFO  ozone.MiniOzoneClusterImpl (MiniOzoneClusterImpl.java:lambda$waitForClusterToBeReady$0(147)) - Waiting for cluster to be ready. Got 0 of 3 DN Heartbeats.
2019-10-02 23:10:01,154 [IPC Server handler 4 on 44114] INFO  net.NetworkTopology (NetworkTopologyImpl.java:add(111)) - Added a new node: /default-rack/12beac55-0773-4b67-9ccc-0a2315756aba
2019-10-02 23:10:01,156 [IPC Server handler 4 on 44114] INFO  node.SCMNodeManager (SCMNodeManager.java:register(266)) - Registered Data node : 12beac55-0773-4b67-9ccc-0a2315756aba{ip: 192.168.30.30, host: pr-hdds1737-lts7z-2510321508, networkLocation: /default-rack, certSerialId: null}
2019-10-02 23:10:01,156 [EventQueue-NodeRegistrationContainerReportForDataNodeSafeModeRule] INFO  safemode.SCMSafeModeManager (DataNodeSafeModeRule.java:process(71)) - SCM in safe mode. 1 DataNodes registered, 1 required.
2019-10-02 23:10:01,158 [EventQueue-NodeRegistrationContainerReportForDataNodeSafeModeRule] INFO  safemode.SCMSafeModeManager (SCMSafeModeManager.java:validateSafeModeExitRules(177)) - ScmSafeModeManager, all rules are successfully validated
2019-10-02 23:10:01,158 [EventQueue-NodeRegistrationContainerReportForDataNodeSafeModeRule] INFO  safemode.SCMSafeModeManager (SCMSafeModeManager.java:exitSafeMode(193)) - SCM exiting safe mode.
2019-10-02 23:10:01,172 [grpc-default-executor-0] INFO  impl.RaftServerProxy (RaftServerProxy.java:addNew(89)) - 12beac55-0773-4b67-9ccc-0a2315756aba: addNew group-64F54E139875:[12beac55-0773-4b67-9ccc-0a2315756aba:192.168.30.30:40084] returns group-64F54E139875:java.util.concurrent.CompletableFuture@40165085[Not completed]
2019-10-02 23:10:01,174 [pool-428-thread-1] INFO  impl.RaftServerImpl (RaftServerImpl.java:<init>(95)) - 12beac55-0773-4b67-9ccc-0a2315756aba: new RaftServerImpl for group-64F54E139875:[12beac55-0773-4b67-9ccc-0a2315756aba:192.168.30.30:40084] with ContainerStateMachine:uninitialized
2019-10-02 23:10:01,174 [pool-428-thread-1] INFO  server.RaftServerConfigKeys (ConfUtils.java:logGet(43)) - raft.server.rpc.timeout.min = 5s (custom)
2019-10-02 23:10:01,175 [pool-428-thread-1] INFO  server.RaftServerConfigKeys (ConfUtils.java:logGet(43)) - raft.server.rpc.timeout.max = 5200ms (custom)
2019-10-02 23:10:01,175 [pool-428-thread-1] INFO  server.RaftServerConfigKeys (ConfUtils.java:logGet(43)) - raft.server.rpcslowness.timeout = 120s (custom)
2019-10-02 23:10:01,175 [pool-428-thread-1] INFO  server.RaftServerConfigKeys (ConfUtils.java:logGet(43)) - raft.server.sleep.deviation.threshold = 300 (default)
2019-10-02 23:10:01,175 [pool-428-thread-1] INFO  server.RaftServerConfigKeys (ConfUtils.java:logGet(43)) - raft.server.log.appender.install.snapshot.enabled = false (custom)
2019-10-02 23:10:01,175 [pool-428-thread-1] INFO  impl.RaftServerImpl (ServerState.java:<init>(103)) - 12beac55-0773-4b67-9ccc-0a2315756aba@group-64F54E139875: ConfigurationManager, init=-1: [12beac55-0773-4b67-9ccc-0a2315756aba:192.168.30.30:40084], old=null, confs=<EMPTY_MAP>
2019-10-02 23:10:01,175 [pool-428-thread-1] INFO  server.RaftServerConfigKeys (ConfUtils.java:logGet(43)) - raft.server.storage.dir = [/workdir/hadoop-ozone/ozonefs/target/test-dir/MiniOzoneClusterImpl-6a72a465-6c93-4baa-ad8a-1bc5d074397d/datanode-0/data/ratis] (custom)
2019-10-02 23:10:01,176 [pool-428-thread-1] INFO  server.RaftServerConfigKeys (ConfUtils.java:logGet(43)) - raft.server.log.corruption.policy = EXCEPTION (default)
2019-10-02 23:10:01,176 [pool-428-thread-1] INFO  storage.RaftStorageDirectory (RaftStorageDirectory.java:analyzeStorage(246)) - The storage directory /workdir/hadoop-ozone/ozonefs/target/test-dir/MiniOzoneClusterImpl-6a72a465-6c93-4baa-ad8a-1bc5d074397d/datanode-0/data/ratis/f7db8218-7945-4f9f-a652-64f54e139875 does not exist. Creating ...
2019-10-02 23:10:01,221 [IPC Server handler 0 on 44114] INFO  net.NetworkTopology (NetworkTopologyImpl.java:add(111)) - Added a new node: /default-rack/30dcc1bd-8983-425b-be63-9a3f45c28216
2019-10-02 23:10:01,221 [IPC Server handler 0 on 44114] INFO  node.SCMNodeManager (SCMNodeManager.java:register(266)) - Registered Data node : 30dcc1bd-8983-425b-be63-9a3f45c28216{ip: 192.168.30.30, host: pr-hdds1737-lts7z-2510321508, networkLocation: /default-rack, certSerialId: null}
2019-10-02 23:10:01,284 [pool-428-thread-1] INFO  storage.RaftStorageDirectory (RaftStorageDirectory.java:tryLock(328)) - Lock on /workdir/hadoop-ozone/ozonefs/target/test-dir/MiniOzoneClusterImpl-6a72a465-6c93-4baa-ad8a-1bc5d074397d/datanode-0/data/ratis/f7db8218-7945-4f9f-a652-64f54e139875/in_use.lock acquired by nodename 16001@pr-hdds1737-lts7z-2510321508
2019-10-02 23:10:01,287 [main] INFO  ozone.MiniOzoneClusterImpl (MiniOzoneClusterImpl.java:lambda$waitForClusterToBeReady$0(147)) - Waiting for cluster to be ready. Got 2 of 3 DN Heartbeats.
2019-10-02 23:10:01,288 [IPC Server handler 5 on 44114] INFO  net.NetworkTopology (NetworkTopologyImpl.java:add(111)) - Added a new node: /default-rack/742df0bb-8627-4cfd-8bd6-9b7bcc7eeaa4
2019-10-02 23:10:01,288 [IPC Server handler 5 on 44114] INFO  node.SCMNodeManager (SCMNodeManager.java:register(266)) - Registered Data node : 742df0bb-8627-4cfd-8bd6-9b7bcc7eeaa4{ip: 192.168.30.30, host: pr-hdds1737-lts7z-2510321508, networkLocation: /default-rack, certSerialId: null}
2019-10-02 23:10:01,309 [pool-428-thread-1] INFO  storage.RaftStorage (RaftStorage.java:format(84)) - Storage directory /workdir/hadoop-ozone/ozonefs/target/test-dir/MiniOzoneClusterImpl-6a72a465-6c93-4baa-ad8a-1bc5d074397d/datanode-0/data/ratis/f7db8218-7945-4f9f-a652-64f54e139875 has been successfully formatted.
2019-10-02 23:10:01,309 [pool-428-thread-1] INFO  ratis.ContainerStateMachine (ContainerStateMachine.java:loadSnapshot(230)) - group-64F54E139875: The snapshot info is null. Setting the last applied indexto:(t:0, i:~)
2019-10-02 23:10:01,309 [pool-428-thread-1] INFO  server.RaftServerConfigKeys (ConfUtils.java:logGet(43)) - raft.server.notification.no-leader.timeout = 120s (custom)
2019-10-02 23:10:01,310 [pool-428-thread-1] INFO  server.RaftServerConfigKeys (ConfUtils.java:logGet(43)) - raft.server.log.use.memory = false (default)
2019-10-02 23:10:01,310 [pool-428-thread-1] INFO  server.RaftServerConfigKeys (ConfUtils.java:logGet(43)) - raft.server.log.purge.gap = 1000000 (custom)
2019-10-02 23:10:01,310 [pool-428-thread-1] INFO  server.RaftServerConfigKeys (ConfUtils.java:logGet(43)) - raft.server.log.appender.buffer.byte-limit = 33554432 (custom)
2019-10-02 23:10:01,310 [pool-428-thread-1] INFO  server.RaftServerConfigKeys (ConfUtils.java:logGet(43)) - raft.server.log.segment.size.max = 1048576 (custom)
2019-10-02 23:10:01,311 [pool-428-thread-1] INFO  server.RaftServerConfigKeys (ConfUtils.java:logGet(43)) - raft.server.log.segment.cache.num.max = 2 (custom)
2019-10-02 23:10:01,312 [pool-428-thread-1] INFO  segmented.SegmentedRaftLogWorker (SegmentedRaftLogWorker.java:<init>(173)) - new 12beac55-0773-4b67-9ccc-0a2315756aba@group-64F54E139875-SegmentedRaftLogWorker for RaftStorage:Storage Directory /workdir/hadoop-ozone/ozonefs/target/test-dir/MiniOzoneClusterImpl-6a72a465-6c93-4baa-ad8a-1bc5d074397d/datanode-0/data/ratis/f7db8218-7945-4f9f-a652-64f54e139875
2019-10-02 23:10:01,312 [pool-428-thread-1] INFO  server.RaftServerConfigKeys (ConfUtils.java:logGet(43)) - raft.server.log.queue.byte-limit = 2147483647 (custom)
2019-10-02 23:10:01,312 [pool-428-thread-1] INFO  server.RaftServerConfigKeys (ConfUtils.java:logGet(43)) - raft.server.log.queue.element-limit = 1024 (custom)
2019-10-02 23:10:01,312 [pool-428-thread-1] INFO  server.RaftServerConfigKeys (ConfUtils.java:logGet(43)) - raft.server.log.segment.size.max = 1048576 (custom)
2019-10-02 23:10:01,312 [pool-428-thread-1] INFO  server.RaftServerConfigKeys (ConfUtils.java:logGet(43)) - raft.server.log.preallocated.size = 16384 (custom)
2019-10-02 23:10:01,312 [pool-428-thread-1] INFO  server.RaftServerConfigKeys (ConfUtils.java:logGet(43)) - raft.server.log.write.buffer.size = 33554432 (custom)
2019-10-02 23:10:01,312 [pool-428-thread-1] INFO  server.RaftServerConfigKeys (ConfUtils.java:logGet(43)) - raft.server.log.force.sync.num = 128 (default)
2019-10-02 23:10:01,312 [pool-428-thread-1] INFO  server.RaftServerConfigKeys (ConfUtils.java:logGet(43)) - raft.server.log.statemachine.data.sync = true (default)
2019-10-02 23:10:01,312 [pool-428-thread-1] INFO  server.RaftServerConfigKeys (ConfUtils.java:logGet(43)) - raft.server.log.statemachine.data.sync.timeout = 10s (default)
2019-10-02 23:10:01,312 [pool-428-thread-1] INFO  server.RaftServerConfigKeys (ConfUtils.java:logGet(43)) - raft.server.log.statemachine.data.sync.timeout.retry = -1 (default)
2019-10-02 23:10:01,313 [pool-428-thread-1] INFO  server.RaftServerConfigKeys (ConfUtils.java:logGet(43)) - raft.server.log.statemachine.data.caching.enabled = true (custom)
2019-10-02 23:10:01,313 [pool-428-thread-1] INFO  segmented.SegmentedRaftLogWorker (SegmentedRaftLogWorker.java:lambda$new$0(128)) - 12beac55-0773-4b67-9ccc-0a2315756aba@group-64F54E139875-SegmentedRaftLogWorker: flushIndex: setUnconditionally 0 -> -1
2019-10-02 23:10:01,313 [pool-428-thread-1] INFO  server.RaftServerConfigKeys (ConfUtils.java:logGet(43)) - raft.server.snapshot.auto.trigger.enabled = true (custom)
2019-10-02 23:10:01,314 [pool-428-thread-1] INFO  server.RaftServerConfigKeys (ConfUtils.java:logGet(43)) - raft.server.snapshot.auto.trigger.threshold = 10000 (custom)
2019-10-02 23:10:01,314 [pool-428-thread-1] INFO  server.RaftServerConfigKeys (ConfUtils.java:logGet(43)) - raft.server.snapshot.retention.file.num = 5 (custom)
2019-10-02 23:10:01,314 [pool-428-thread-1] INFO  server.RaftServerConfigKeys (ConfUtils.java:logGet(43)) - raft.server.retrycache.expirytime = 600000ms (custom)
2019-10-02 23:10:01,315 [pool-428-thread-1] INFO  impl.RaftServerImpl (RaftServerImpl.java:start(181)) - 12beac55-0773-4b67-9ccc-0a2315756aba@group-64F54E139875: start as a follower, conf=-1: [12beac55-0773-4b67-9ccc-0a2315756aba:192.168.30.30:40084], old=null
2019-10-02 23:10:01,315 [pool-428-thread-1] INFO  impl.RaftServerImpl (RaftServerImpl.java:setRole(170)) - 12beac55-0773-4b67-9ccc-0a2315756aba@group-64F54E139875: changes role from      null to FOLLOWER at term 0 for startAsFollower
2019-10-02 23:10:01,315 [pool-428-thread-1] INFO  impl.RoleInfo (RoleInfo.java:updateAndGet(143)) - 12beac55-0773-4b67-9ccc-0a2315756aba: start FollowerState
2019-10-02 23:10:01,316 [pool-428-thread-1] INFO  util.JmxRegister (JmxRegister.java:tryRegister(44)) - Successfully registered JMX Bean with object name Ratis:service=RaftServer,group=group-64F54E139875,id=12beac55-0773-4b67-9ccc-0a2315756aba
2019-10-02 23:10:01,321 [RatisPipelineUtilsThread] INFO  pipeline.PipelineStateManager (PipelineStateManager.java:addPipeline(56)) - Created pipeline Pipeline[ Id: f7db8218-7945-4f9f-a652-64f54e139875, Nodes: 12beac55-0773-4b67-9ccc-0a2315756aba{ip: 192.168.30.30, host: pr-hdds1737-lts7z-2510321508, networkLocation: /default-rack, certSerialId: null}, Type:RATIS, Factor:ONE, State:OPEN]
2019-10-02 23:10:01,327 [grpc-default-executor-0] INFO  impl.RaftServerProxy (RaftServerProxy.java:addNew(89)) - 30dcc1bd-8983-425b-be63-9a3f45c28216: addNew group-11E438EF06A9:[30dcc1bd-8983-425b-be63-9a3f45c28216:192.168.30.30:45271] returns group-11E438EF06A9:java.util.concurrent.CompletableFuture@52d94f6c[Not completed]
2019-10-02 23:10:01,329 [pool-438-thread-1] INFO  impl.RaftServerImpl (RaftServerImpl.java:<init>(95)) - 30dcc1bd-8983-425b-be63-9a3f45c28216: new RaftServerImpl for group-11E438EF06A9:[30dcc1bd-8983-425b-be63-9a3f45c28216:192.168.30.30:45271] with ContainerStateMachine:uninitialized
2019-10-02 23:10:01,329 [pool-438-thread-1] INFO  server.RaftServerConfigKeys (ConfUtils.java:logGet(43)) - raft.server.rpc.timeout.min = 5s (custom)
2019-10-02 23:10:01,329 [pool-438-thread-1] INFO  server.RaftServerConfigKeys (ConfUtils.java:logGet(43)) - raft.server.rpc.timeout.max = 5200ms (custom)
2019-10-02 23:10:01,329 [pool-438-thread-1] INFO  server.RaftServerConfigKeys (ConfUtils.java:logGet(43)) - raft.server.rpcslowness.timeout = 120s (custom)
2019-10-02 23:10:01,329 [pool-438-thread-1] INFO  server.RaftServerConfigKeys (ConfUtils.java:logGet(43)) - raft.server.sleep.deviation.threshold = 300 (default)
2019-10-02 23:10:01,329 [pool-438-thread-1] INFO  server.RaftServerConfigKeys (ConfUtils.java:logGet(43)) - raft.server.log.appender.install.snapshot.enabled = false (custom)
2019-10-02 23:10:01,330 [pool-438-thread-1] INFO  impl.RaftServerImpl (ServerState.java:<init>(103)) - 30dcc1bd-8983-425b-be63-9a3f45c28216@group-11E438EF06A9: ConfigurationManager, init=-1: [30dcc1bd-8983-425b-be63-9a3f45c28216:192.168.30.30:45271], old=null, confs=<EMPTY_MAP>
2019-10-02 23:10:01,330 [pool-438-thread-1] INFO  server.RaftServerConfigKeys (ConfUtils.java:logGet(43)) - raft.server.storage.dir = [/workdir/hadoop-ozone/ozonefs/target/test-dir/MiniOzoneClusterImpl-6a72a465-6c93-4baa-ad8a-1bc5d074397d/datanode-1/data/ratis] (custom)
2019-10-02 23:10:01,330 [pool-438-thread-1] INFO  server.RaftServerConfigKeys (ConfUtils.java:logGet(43)) - raft.server.log.corruption.policy = EXCEPTION (default)
2019-10-02 23:10:01,330 [pool-438-thread-1] INFO  storage.RaftStorageDirectory (RaftStorageDirectory.java:analyzeStorage(246)) - The storage directory /workdir/hadoop-ozone/ozonefs/target/test-dir/MiniOzoneClusterImpl-6a72a465-6c93-4baa-ad8a-1bc5d074397d/datanode-1/data/ratis/3d645821-d491-4e52-97ff-11e438ef06a9 does not exist. Creating ...
2019-10-02 23:10:01,360 [pool-438-thread-1] INFO  storage.RaftStorageDirectory (RaftStorageDirectory.java:tryLock(328)) - Lock on /workdir/hadoop-ozone/ozonefs/target/test-dir/MiniOzoneClusterImpl-6a72a465-6c93-4baa-ad8a-1bc5d074397d/datanode-1/data/ratis/3d645821-d491-4e52-97ff-11e438ef06a9/in_use.lock acquired by nodename 16001@pr-hdds1737-lts7z-2510321508
2019-10-02 23:10:01,385 [pool-438-thread-1] INFO  storage.RaftStorage (RaftStorage.java:format(84)) - Storage directory /workdir/hadoop-ozone/ozonefs/target/test-dir/MiniOzoneClusterImpl-6a72a465-6c93-4baa-ad8a-1bc5d074397d/datanode-1/data/ratis/3d645821-d491-4e52-97ff-11e438ef06a9 has been successfully formatted.
2019-10-02 23:10:01,385 [pool-438-thread-1] INFO  ratis.ContainerStateMachine (ContainerStateMachine.java:loadSnapshot(230)) - group-11E438EF06A9: The snapshot info is null. Setting the last applied indexto:(t:0, i:~)
2019-10-02 23:10:01,386 [pool-438-thread-1] INFO  server.RaftServerConfigKeys (ConfUtils.java:logGet(43)) - raft.server.notification.no-leader.timeout = 120s (custom)
2019-10-02 23:10:01,386 [pool-438-thread-1] INFO  server.RaftServerConfigKeys (ConfUtils.java:logGet(43)) - raft.server.log.use.memory = false (default)
2019-10-02 23:10:01,386 [pool-438-thread-1] INFO  server.RaftServerConfigKeys (ConfUtils.java:logGet(43)) - raft.server.log.purge.gap = 1000000 (custom)
2019-10-02 23:10:01,386 [pool-438-thread-1] INFO  server.RaftServerConfigKeys (ConfUtils.java:logGet(43)) - raft.server.log.appender.buffer.byte-limit = 33554432 (custom)
2019-10-02 23:10:01,386 [pool-438-thread-1] INFO  server.RaftServerConfigKeys (ConfUtils.java:logGet(43)) - raft.server.log.segment.size.max = 1048576 (custom)
2019-10-02 23:10:01,388 [pool-438-thread-1] INFO  server.RaftServerConfigKeys (ConfUtils.java:logGet(43)) - raft.server.log.segment.cache.num.max = 2 (custom)
2019-10-02 23:10:01,388 [pool-438-thread-1] INFO  segmented.SegmentedRaftLogWorker (SegmentedRaftLogWorker.java:<init>(173)) - new 30dcc1bd-8983-425b-be63-9a3f45c28216@group-11E438EF06A9-SegmentedRaftLogWorker for RaftStorage:Storage Directory /workdir/hadoop-ozone/ozonefs/target/test-dir/MiniOzoneClusterImpl-6a72a465-6c93-4baa-ad8a-1bc5d074397d/datanode-1/data/ratis/3d645821-d491-4e52-97ff-11e438ef06a9
2019-10-02 23:10:01,389 [pool-438-thread-1] INFO  server.RaftServerConfigKeys (ConfUtils.java:logGet(43)) - raft.server.log.queue.byte-limit = 2147483647 (custom)
2019-10-02 23:10:01,389 [pool-438-thread-1] INFO  server.RaftServerConfigKeys (ConfUtils.java:logGet(43)) - raft.server.log.queue.element-limit = 1024 (custom)
2019-10-02 23:10:01,389 [pool-438-thread-1] INFO  server.RaftServerConfigKeys (ConfUtils.java:logGet(43)) - raft.server.log.segment.size.max = 1048576 (custom)
2019-10-02 23:10:01,389 [pool-438-thread-1] INFO  server.RaftServerConfigKeys (ConfUtils.java:logGet(43)) - raft.server.log.preallocated.size = 16384 (custom)
2019-10-02 23:10:01,389 [pool-438-thread-1] INFO  server.RaftServerConfigKeys (ConfUtils.java:logGet(43)) - raft.server.log.write.buffer.size = 33554432 (custom)
2019-10-02 23:10:01,389 [pool-438-thread-1] INFO  server.RaftServerConfigKeys (ConfUtils.java:logGet(43)) - raft.server.log.force.sync.num = 128 (default)
2019-10-02 23:10:01,389 [pool-438-thread-1] INFO  server.RaftServerConfigKeys (ConfUtils.java:logGet(43)) - raft.server.log.statemachine.data.sync = true (default)
2019-10-02 23:10:01,390 [pool-438-thread-1] INFO  server.RaftServerConfigKeys (ConfUtils.java:logGet(43)) - raft.server.log.statemachine.data.sync.timeout = 10s (default)
2019-10-02 23:10:01,390 [pool-438-thread-1] INFO  server.RaftServerConfigKeys (ConfUtils.java:logGet(43)) - raft.server.log.statemachine.data.sync.timeout.retry = -1 (default)
2019-10-02 23:10:01,390 [pool-438-thread-1] INFO  server.RaftServerConfigKeys (ConfUtils.java:logGet(43)) - raft.server.log.statemachine.data.caching.enabled = true (custom)
2019-10-02 23:10:01,390 [pool-438-thread-1] INFO  segmented.SegmentedRaftLogWorker (SegmentedRaftLogWorker.java:lambda$new$0(128)) - 30dcc1bd-8983-425b-be63-9a3f45c28216@group-11E438EF06A9-SegmentedRaftLogWorker: flushIndex: setUnconditionally 0 -> -1
2019-10-02 23:10:01,391 [pool-438-thread-1] INFO  server.RaftServerConfigKeys (ConfUtils.java:logGet(43)) - raft.server.snapshot.auto.trigger.enabled = true (custom)
2019-10-02 23:10:01,391 [pool-438-thread-1] INFO  server.RaftServerConfigKeys (ConfUtils.java:logGet(43)) - raft.server.snapshot.auto.trigger.threshold = 10000 (custom)
2019-10-02 23:10:01,391 [pool-438-thread-1] INFO  server.RaftServerConfigKeys (ConfUtils.java:logGet(43)) - raft.server.snapshot.retention.file.num = 5 (custom)
2019-10-02 23:10:01,391 [pool-438-thread-1] INFO  server.RaftServerConfigKeys (ConfUtils.java:logGet(43)) - raft.server.retrycache.expirytime = 600000ms (custom)
2019-10-02 23:10:01,393 [pool-438-thread-1] INFO  impl.RaftServerImpl (RaftServerImpl.java:start(181)) - 30dcc1bd-8983-425b-be63-9a3f45c28216@group-11E438EF06A9: start as a follower, conf=-1: [30dcc1bd-8983-425b-be63-9a3f45c28216:192.168.30.30:45271], old=null
2019-10-02 23:10:01,393 [pool-438-thread-1] INFO  impl.RaftServerImpl (RaftServerImpl.java:setRole(170)) - 30dcc1bd-8983-425b-be63-9a3f45c28216@group-11E438EF06A9: changes role from      null to FOLLOWER at term 0 for startAsFollower
2019-10-02 23:10:01,393 [pool-438-thread-1] INFO  impl.RoleInfo (RoleInfo.java:updateAndGet(143)) - 30dcc1bd-8983-425b-be63-9a3f45c28216: start FollowerState
2019-10-02 23:10:01,402 [pool-438-thread-1] INFO  util.JmxRegister (JmxRegister.java:tryRegister(44)) - Successfully registered JMX Bean with object name Ratis:service=RaftServer,group=group-11E438EF06A9,id=30dcc1bd-8983-425b-be63-9a3f45c28216
2019-10-02 23:10:01,413 [RatisPipelineUtilsThread] INFO  pipeline.PipelineStateManager (PipelineStateManager.java:addPipeline(56)) - Created pipeline Pipeline[ Id: 3d645821-d491-4e52-97ff-11e438ef06a9, Nodes: 30dcc1bd-8983-425b-be63-9a3f45c28216{ip: 192.168.30.30, host: pr-hdds1737-lts7z-2510321508, networkLocation: /default-rack, certSerialId: null}, Type:RATIS, Factor:ONE, State:OPEN]
2019-10-02 23:10:01,419 [grpc-default-executor-0] INFO  impl.RaftServerProxy (RaftServerProxy.java:addNew(89)) - 742df0bb-8627-4cfd-8bd6-9b7bcc7eeaa4: addNew group-A3D6FD583142:[742df0bb-8627-4cfd-8bd6-9b7bcc7eeaa4:192.168.30.30:38262] returns group-A3D6FD583142:java.util.concurrent.CompletableFuture@51e7d53b[Not completed]
2019-10-02 23:10:01,421 [pool-448-thread-1] INFO  impl.RaftServerImpl (RaftServerImpl.java:<init>(95)) - 742df0bb-8627-4cfd-8bd6-9b7bcc7eeaa4: new RaftServerImpl for group-A3D6FD583142:[742df0bb-8627-4cfd-8bd6-9b7bcc7eeaa4:192.168.30.30:38262] with ContainerStateMachine:uninitialized
2019-10-02 23:10:01,421 [pool-448-thread-1] INFO  server.RaftServerConfigKeys (ConfUtils.java:logGet(43)) - raft.server.rpc.timeout.min = 5s (custom)
2019-10-02 23:10:01,421 [pool-448-thread-1] INFO  server.RaftServerConfigKeys (ConfUtils.java:logGet(43)) - raft.server.rpc.timeout.max = 5200ms (custom)
2019-10-02 23:10:01,421 [pool-448-thread-1] INFO  server.RaftServerConfigKeys (ConfUtils.java:logGet(43)) - raft.server.rpcslowness.timeout = 120s (custom)
2019-10-02 23:10:01,421 [pool-448-thread-1] INFO  server.RaftServerConfigKeys (ConfUtils.java:logGet(43)) - raft.server.sleep.deviation.threshold = 300 (default)
2019-10-02 23:10:01,422 [pool-448-thread-1] INFO  server.RaftServerConfigKeys (ConfUtils.java:logGet(43)) - raft.server.log.appender.install.snapshot.enabled = false (custom)
2019-10-02 23:10:01,422 [pool-448-thread-1] INFO  impl.RaftServerImpl (ServerState.java:<init>(103)) - 742df0bb-8627-4cfd-8bd6-9b7bcc7eeaa4@group-A3D6FD583142: ConfigurationManager, init=-1: [742df0bb-8627-4cfd-8bd6-9b7bcc7eeaa4:192.168.30.30:38262], old=null, confs=<EMPTY_MAP>
2019-10-02 23:10:01,422 [pool-448-thread-1] INFO  server.RaftServerConfigKeys (ConfUtils.java:logGet(43)) - raft.server.storage.dir = [/workdir/hadoop-ozone/ozonefs/target/test-dir/MiniOzoneClusterImpl-6a72a465-6c93-4baa-ad8a-1bc5d074397d/datanode-2/data/ratis] (custom)
2019-10-02 23:10:01,422 [pool-448-thread-1] INFO  server.RaftServerConfigKeys (ConfUtils.java:logGet(43)) - raft.server.log.corruption.policy = EXCEPTION (default)
2019-10-02 23:10:01,422 [pool-448-thread-1] INFO  storage.RaftStorageDirectory (RaftStorageDirectory.java:analyzeStorage(246)) - The storage directory /workdir/hadoop-ozone/ozonefs/target/test-dir/MiniOzoneClusterImpl-6a72a465-6c93-4baa-ad8a-1bc5d074397d/datanode-2/data/ratis/b41832d9-c58a-4dcd-af6a-a3d6fd583142 does not exist. Creating ...
2019-10-02 23:10:01,452 [pool-448-thread-1] INFO  storage.RaftStorageDirectory (RaftStorageDirectory.java:tryLock(328)) - Lock on /workdir/hadoop-ozone/ozonefs/target/test-dir/MiniOzoneClusterImpl-6a72a465-6c93-4baa-ad8a-1bc5d074397d/datanode-2/data/ratis/b41832d9-c58a-4dcd-af6a-a3d6fd583142/in_use.lock acquired by nodename 16001@pr-hdds1737-lts7z-2510321508
2019-10-02 23:10:01,478 [pool-448-thread-1] INFO  storage.RaftStorage (RaftStorage.java:format(84)) - Storage directory /workdir/hadoop-ozone/ozonefs/target/test-dir/MiniOzoneClusterImpl-6a72a465-6c93-4baa-ad8a-1bc5d074397d/datanode-2/data/ratis/b41832d9-c58a-4dcd-af6a-a3d6fd583142 has been successfully formatted.
2019-10-02 23:10:01,478 [pool-448-thread-1] INFO  ratis.ContainerStateMachine (ContainerStateMachine.java:loadSnapshot(230)) - group-A3D6FD583142: The snapshot info is null. Setting the last applied indexto:(t:0, i:~)
2019-10-02 23:10:01,478 [pool-448-thread-1] INFO  server.RaftServerConfigKeys (ConfUtils.java:logGet(43)) - raft.server.notification.no-leader.timeout = 120s (custom)
2019-10-02 23:10:01,478 [pool-448-thread-1] INFO  server.RaftServerConfigKeys (ConfUtils.java:logGet(43)) - raft.server.log.use.memory = false (default)
2019-10-02 23:10:01,478 [pool-448-thread-1] INFO  server.RaftServerConfigKeys (ConfUtils.java:logGet(43)) - raft.server.log.purge.gap = 1000000 (custom)
2019-10-02 23:10:01,478 [pool-448-thread-1] INFO  server.RaftServerConfigKeys (ConfUtils.java:logGet(43)) - raft.server.log.appender.buffer.byte-limit = 33554432 (custom)
2019-10-02 23:10:01,479 [pool-448-thread-1] INFO  server.RaftServerConfigKeys (ConfUtils.java:logGet(43)) - raft.server.log.segment.size.max = 1048576 (custom)
2019-10-02 23:10:01,480 [pool-448-thread-1] INFO  server.RaftServerConfigKeys (ConfUtils.java:logGet(43)) - raft.server.log.segment.cache.num.max = 2 (custom)
2019-10-02 23:10:01,480 [pool-448-thread-1] INFO  segmented.SegmentedRaftLogWorker (SegmentedRaftLogWorker.java:<init>(173)) - new 742df0bb-8627-4cfd-8bd6-9b7bcc7eeaa4@group-A3D6FD583142-SegmentedRaftLogWorker for RaftStorage:Storage Directory /workdir/hadoop-ozone/ozonefs/target/test-dir/MiniOzoneClusterImpl-6a72a465-6c93-4baa-ad8a-1bc5d074397d/datanode-2/data/ratis/b41832d9-c58a-4dcd-af6a-a3d6fd583142
2019-10-02 23:10:01,480 [pool-448-thread-1] INFO  server.RaftServerConfigKeys (ConfUtils.java:logGet(43)) - raft.server.log.queue.byte-limit = 2147483647 (custom)
2019-10-02 23:10:01,480 [pool-448-thread-1] INFO  server.RaftServerConfigKeys (ConfUtils.java:logGet(43)) - raft.server.log.queue.element-limit = 1024 (custom)
2019-10-02 23:10:01,481 [pool-448-thread-1] INFO  server.RaftServerConfigKeys (ConfUtils.java:logGet(43)) - raft.server.log.segment.size.max = 1048576 (custom)
2019-10-02 23:10:01,481 [pool-448-thread-1] INFO  server.RaftServerConfigKeys (ConfUtils.java:logGet(43)) - raft.server.log.preallocated.size = 16384 (custom)
2019-10-02 23:10:01,481 [pool-448-thread-1] INFO  server.RaftServerConfigKeys (ConfUtils.java:logGet(43)) - raft.server.log.write.buffer.size = 33554432 (custom)
2019-10-02 23:10:01,481 [pool-448-thread-1] INFO  server.RaftServerConfigKeys (ConfUtils.java:logGet(43)) - raft.server.log.force.sync.num = 128 (default)
2019-10-02 23:10:01,481 [pool-448-thread-1] INFO  server.RaftServerConfigKeys (ConfUtils.java:logGet(43)) - raft.server.log.statemachine.data.sync = true (default)
2019-10-02 23:10:01,481 [pool-448-thread-1] INFO  server.RaftServerConfigKeys (ConfUtils.java:logGet(43)) - raft.server.log.statemachine.data.sync.timeout = 10s (default)
2019-10-02 23:10:01,481 [pool-448-thread-1] INFO  server.RaftServerConfigKeys (ConfUtils.java:logGet(43)) - raft.server.log.statemachine.data.sync.timeout.retry = -1 (default)
2019-10-02 23:10:01,482 [pool-448-thread-1] INFO  server.RaftServerConfigKeys (ConfUtils.java:logGet(43)) - raft.server.log.statemachine.data.caching.enabled = true (custom)
2019-10-02 23:10:01,482 [pool-448-thread-1] INFO  segmented.SegmentedRaftLogWorker (SegmentedRaftLogWorker.java:lambda$new$0(128)) - 742df0bb-8627-4cfd-8bd6-9b7bcc7eeaa4@group-A3D6FD583142-SegmentedRaftLogWorker: flushIndex: setUnconditionally 0 -> -1
2019-10-02 23:10:01,482 [pool-448-thread-1] INFO  server.RaftServerConfigKeys (ConfUtils.java:logGet(43)) - raft.server.snapshot.auto.trigger.enabled = true (custom)
2019-10-02 23:10:01,482 [pool-448-thread-1] INFO  server.RaftServerConfigKeys (ConfUtils.java:logGet(43)) - raft.server.snapshot.auto.trigger.threshold = 10000 (custom)
2019-10-02 23:10:01,482 [pool-448-thread-1] INFO  server.RaftServerConfigKeys (ConfUtils.java:logGet(43)) - raft.server.snapshot.retention.file.num = 5 (custom)
2019-10-02 23:10:01,483 [pool-448-thread-1] INFO  server.RaftServerConfigKeys (ConfUtils.java:logGet(43)) - raft.server.retrycache.expirytime = 600000ms (custom)
2019-10-02 23:10:01,484 [pool-448-thread-1] INFO  impl.RaftServerImpl (RaftServerImpl.java:start(181)) - 742df0bb-8627-4cfd-8bd6-9b7bcc7eeaa4@group-A3D6FD583142: start as a follower, conf=-1: [742df0bb-8627-4cfd-8bd6-9b7bcc7eeaa4:192.168.30.30:38262], old=null
2019-10-02 23:10:01,484 [pool-448-thread-1] INFO  impl.RaftServerImpl (RaftServerImpl.java:setRole(170)) - 742df0bb-8627-4cfd-8bd6-9b7bcc7eeaa4@group-A3D6FD583142: changes role from      null to FOLLOWER at term 0 for startAsFollower
2019-10-02 23:10:01,485 [pool-448-thread-1] INFO  impl.RoleInfo (RoleInfo.java:updateAndGet(143)) - 742df0bb-8627-4cfd-8bd6-9b7bcc7eeaa4: start FollowerState
2019-10-02 23:10:01,485 [pool-448-thread-1] INFO  util.JmxRegister (JmxRegister.java:tryRegister(44)) - Successfully registered JMX Bean with object name Ratis:service=RaftServer,group=group-A3D6FD583142,id=742df0bb-8627-4cfd-8bd6-9b7bcc7eeaa4
2019-10-02 23:10:01,489 [RatisPipelineUtilsThread] INFO  pipeline.PipelineStateManager (PipelineStateManager.java:addPipeline(56)) - Created pipeline Pipeline[ Id: b41832d9-c58a-4dcd-af6a-a3d6fd583142, Nodes: 742df0bb-8627-4cfd-8bd6-9b7bcc7eeaa4{ip: 192.168.30.30, host: pr-hdds1737-lts7z-2510321508, networkLocation: /default-rack, certSerialId: null}, Type:RATIS, Factor:ONE, State:OPEN]
2019-10-02 23:10:01,502 [grpc-default-executor-2] INFO  impl.RaftServerProxy (RaftServerProxy.java:addNew(89)) - 742df0bb-8627-4cfd-8bd6-9b7bcc7eeaa4: addNew group-42A7875494CC:[742df0bb-8627-4cfd-8bd6-9b7bcc7eeaa4:192.168.30.30:38262, 30dcc1bd-8983-425b-be63-9a3f45c28216:192.168.30.30:45271, 12beac55-0773-4b67-9ccc-0a2315756aba:192.168.30.30:40084] returns group-42A7875494CC:java.util.concurrent.CompletableFuture@53ea6825[Not completed]
2019-10-02 23:10:01,502 [grpc-default-executor-1] INFO  impl.RaftServerProxy (RaftServerProxy.java:addNew(89)) - 30dcc1bd-8983-425b-be63-9a3f45c28216: addNew group-42A7875494CC:[742df0bb-8627-4cfd-8bd6-9b7bcc7eeaa4:192.168.30.30:38262, 30dcc1bd-8983-425b-be63-9a3f45c28216:192.168.30.30:45271, 12beac55-0773-4b67-9ccc-0a2315756aba:192.168.30.30:40084] returns group-42A7875494CC:java.util.concurrent.CompletableFuture@fbb6806[Not completed]
2019-10-02 23:10:01,503 [grpc-default-executor-1] INFO  impl.RaftServerProxy (RaftServerProxy.java:addNew(89)) - 12beac55-0773-4b67-9ccc-0a2315756aba: addNew group-42A7875494CC:[742df0bb-8627-4cfd-8bd6-9b7bcc7eeaa4:192.168.30.30:38262, 30dcc1bd-8983-425b-be63-9a3f45c28216:192.168.30.30:45271, 12beac55-0773-4b67-9ccc-0a2315756aba:192.168.30.30:40084] returns group-42A7875494CC:java.util.concurrent.CompletableFuture@4ab9e795[Not completed]
2019-10-02 23:10:01,503 [pool-448-thread-1] INFO  impl.RaftServerImpl (RaftServerImpl.java:<init>(95)) - 742df0bb-8627-4cfd-8bd6-9b7bcc7eeaa4: new RaftServerImpl for group-42A7875494CC:[742df0bb-8627-4cfd-8bd6-9b7bcc7eeaa4:192.168.30.30:38262, 30dcc1bd-8983-425b-be63-9a3f45c28216:192.168.30.30:45271, 12beac55-0773-4b67-9ccc-0a2315756aba:192.168.30.30:40084] with ContainerStateMachine:uninitialized
2019-10-02 23:10:01,503 [pool-448-thread-1] INFO  server.RaftServerConfigKeys (ConfUtils.java:logGet(43)) - raft.server.rpc.timeout.min = 5s (custom)
2019-10-02 23:10:01,503 [pool-448-thread-1] INFO  server.RaftServerConfigKeys (ConfUtils.java:logGet(43)) - raft.server.rpc.timeout.max = 5200ms (custom)
2019-10-02 23:10:01,504 [pool-448-thread-1] INFO  server.RaftServerConfigKeys (ConfUtils.java:logGet(43)) - raft.server.rpcslowness.timeout = 120s (custom)
2019-10-02 23:10:01,504 [pool-448-thread-1] INFO  server.RaftServerConfigKeys (ConfUtils.java:logGet(43)) - raft.server.sleep.deviation.threshold = 300 (default)
2019-10-02 23:10:01,504 [pool-448-thread-1] INFO  server.RaftServerConfigKeys (ConfUtils.java:logGet(43)) - raft.server.log.appender.install.snapshot.enabled = false (custom)
2019-10-02 23:10:01,504 [pool-448-thread-1] INFO  impl.RaftServerImpl (ServerState.java:<init>(103)) - 742df0bb-8627-4cfd-8bd6-9b7bcc7eeaa4@group-42A7875494CC: ConfigurationManager, init=-1: [742df0bb-8627-4cfd-8bd6-9b7bcc7eeaa4:192.168.30.30:38262, 30dcc1bd-8983-425b-be63-9a3f45c28216:192.168.30.30:45271, 12beac55-0773-4b67-9ccc-0a2315756aba:192.168.30.30:40084], old=null, confs=<EMPTY_MAP>
2019-10-02 23:10:01,504 [pool-428-thread-1] INFO  impl.RaftServerImpl (RaftServerImpl.java:<init>(95)) - 12beac55-0773-4b67-9ccc-0a2315756aba: new RaftServerImpl for group-42A7875494CC:[742df0bb-8627-4cfd-8bd6-9b7bcc7eeaa4:192.168.30.30:38262, 30dcc1bd-8983-425b-be63-9a3f45c28216:192.168.30.30:45271, 12beac55-0773-4b67-9ccc-0a2315756aba:192.168.30.30:40084] with ContainerStateMachine:uninitialized
2019-10-02 23:10:01,504 [pool-448-thread-1] INFO  server.RaftServerConfigKeys (ConfUtils.java:logGet(43)) - raft.server.storage.dir = [/workdir/hadoop-ozone/ozonefs/target/test-dir/MiniOzoneClusterImpl-6a72a465-6c93-4baa-ad8a-1bc5d074397d/datanode-2/data/ratis] (custom)
2019-10-02 23:10:01,504 [pool-428-thread-1] INFO  server.RaftServerConfigKeys (ConfUtils.java:logGet(43)) - raft.server.rpc.timeout.min = 5s (custom)
2019-10-02 23:10:01,504 [pool-428-thread-1] INFO  server.RaftServerConfigKeys (ConfUtils.java:logGet(43)) - raft.server.rpc.timeout.max = 5200ms (custom)
2019-10-02 23:10:01,505 [pool-448-thread-1] INFO  server.RaftServerConfigKeys (ConfUtils.java:logGet(43)) - raft.server.log.corruption.policy = EXCEPTION (default)
2019-10-02 23:10:01,505 [pool-438-thread-1] INFO  impl.RaftServerImpl (RaftServerImpl.java:<init>(95)) - 30dcc1bd-8983-425b-be63-9a3f45c28216: new RaftServerImpl for group-42A7875494CC:[742df0bb-8627-4cfd-8bd6-9b7bcc7eeaa4:192.168.30.30:38262, 30dcc1bd-8983-425b-be63-9a3f45c28216:192.168.30.30:45271, 12beac55-0773-4b67-9ccc-0a2315756aba:192.168.30.30:40084] with ContainerStateMachine:uninitialized
2019-10-02 23:10:01,505 [pool-448-thread-1] INFO  storage.RaftStorageDirectory (RaftStorageDirectory.java:analyzeStorage(246)) - The storage directory /workdir/hadoop-ozone/ozonefs/target/test-dir/MiniOzoneClusterImpl-6a72a465-6c93-4baa-ad8a-1bc5d074397d/datanode-2/data/ratis/74db13e6-bc71-4b09-a843-42a7875494cc does not exist. Creating ...
2019-10-02 23:10:01,505 [pool-428-thread-1] INFO  server.RaftServerConfigKeys (ConfUtils.java:logGet(43)) - raft.server.rpcslowness.timeout = 120s (custom)
2019-10-02 23:10:01,505 [pool-438-thread-1] INFO  server.RaftServerConfigKeys (ConfUtils.java:logGet(43)) - raft.server.rpc.timeout.min = 5s (custom)
2019-10-02 23:10:01,505 [pool-428-thread-1] INFO  server.RaftServerConfigKeys (ConfUtils.java:logGet(43)) - raft.server.sleep.deviation.threshold = 300 (default)
2019-10-02 23:10:01,505 [pool-438-thread-1] INFO  server.RaftServerConfigKeys (ConfUtils.java:logGet(43)) - raft.server.rpc.timeout.max = 5200ms (custom)
2019-10-02 23:10:01,505 [pool-428-thread-1] INFO  server.RaftServerConfigKeys (ConfUtils.java:logGet(43)) - raft.server.log.appender.install.snapshot.enabled = false (custom)
2019-10-02 23:10:01,506 [pool-438-thread-1] INFO  server.RaftServerConfigKeys (ConfUtils.java:logGet(43)) - raft.server.rpcslowness.timeout = 120s (custom)
2019-10-02 23:10:01,506 [pool-428-thread-1] INFO  impl.RaftServerImpl (ServerState.java:<init>(103)) - 12beac55-0773-4b67-9ccc-0a2315756aba@group-42A7875494CC: ConfigurationManager, init=-1: [742df0bb-8627-4cfd-8bd6-9b7bcc7eeaa4:192.168.30.30:38262, 30dcc1bd-8983-425b-be63-9a3f45c28216:192.168.30.30:45271, 12beac55-0773-4b67-9ccc-0a2315756aba:192.168.30.30:40084], old=null, confs=<EMPTY_MAP>
2019-10-02 23:10:01,506 [pool-438-thread-1] INFO  server.RaftServerConfigKeys (ConfUtils.java:logGet(43)) - raft.server.sleep.deviation.threshold = 300 (default)
2019-10-02 23:10:01,506 [pool-438-thread-1] INFO  server.RaftServerConfigKeys (ConfUtils.java:logGet(43)) - raft.server.log.appender.install.snapshot.enabled = false (custom)
2019-10-02 23:10:01,506 [pool-428-thread-1] INFO  server.RaftServerConfigKeys (ConfUtils.java:logGet(43)) - raft.server.storage.dir = [/workdir/hadoop-ozone/ozonefs/target/test-dir/MiniOzoneClusterImpl-6a72a465-6c93-4baa-ad8a-1bc5d074397d/datanode-0/data/ratis] (custom)
2019-10-02 23:10:01,506 [pool-438-thread-1] INFO  impl.RaftServerImpl (ServerState.java:<init>(103)) - 30dcc1bd-8983-425b-be63-9a3f45c28216@group-42A7875494CC: ConfigurationManager, init=-1: [742df0bb-8627-4cfd-8bd6-9b7bcc7eeaa4:192.168.30.30:38262, 30dcc1bd-8983-425b-be63-9a3f45c28216:192.168.30.30:45271, 12beac55-0773-4b67-9ccc-0a2315756aba:192.168.30.30:40084], old=null, confs=<EMPTY_MAP>
2019-10-02 23:10:01,506 [pool-438-thread-1] INFO  server.RaftServerConfigKeys (ConfUtils.java:logGet(43)) - raft.server.storage.dir = [/workdir/hadoop-ozone/ozonefs/target/test-dir/MiniOzoneClusterImpl-6a72a465-6c93-4baa-ad8a-1bc5d074397d/datanode-1/data/ratis] (custom)
2019-10-02 23:10:01,506 [pool-428-thread-1] INFO  server.RaftServerConfigKeys (ConfUtils.java:logGet(43)) - raft.server.log.corruption.policy = EXCEPTION (default)
2019-10-02 23:10:01,507 [pool-438-thread-1] INFO  server.RaftServerConfigKeys (ConfUtils.java:logGet(43)) - raft.server.log.corruption.policy = EXCEPTION (default)
2019-10-02 23:10:01,507 [pool-428-thread-1] INFO  storage.RaftStorageDirectory (RaftStorageDirectory.java:analyzeStorage(246)) - The storage directory /workdir/hadoop-ozone/ozonefs/target/test-dir/MiniOzoneClusterImpl-6a72a465-6c93-4baa-ad8a-1bc5d074397d/datanode-0/data/ratis/74db13e6-bc71-4b09-a843-42a7875494cc does not exist. Creating ...
2019-10-02 23:10:01,507 [pool-438-thread-1] INFO  storage.RaftStorageDirectory (RaftStorageDirectory.java:analyzeStorage(246)) - The storage directory /workdir/hadoop-ozone/ozonefs/target/test-dir/MiniOzoneClusterImpl-6a72a465-6c93-4baa-ad8a-1bc5d074397d/datanode-1/data/ratis/74db13e6-bc71-4b09-a843-42a7875494cc does not exist. Creating ...
2019-10-02 23:10:01,528 [pool-428-thread-1] INFO  storage.RaftStorageDirectory (RaftStorageDirectory.java:tryLock(328)) - Lock on /workdir/hadoop-ozone/ozonefs/target/test-dir/MiniOzoneClusterImpl-6a72a465-6c93-4baa-ad8a-1bc5d074397d/datanode-0/data/ratis/74db13e6-bc71-4b09-a843-42a7875494cc/in_use.lock acquired by nodename 16001@pr-hdds1737-lts7z-2510321508
2019-10-02 23:10:01,528 [pool-438-thread-1] INFO  storage.RaftStorageDirectory (RaftStorageDirectory.java:tryLock(328)) - Lock on /workdir/hadoop-ozone/ozonefs/target/test-dir/MiniOzoneClusterImpl-6a72a465-6c93-4baa-ad8a-1bc5d074397d/datanode-1/data/ratis/74db13e6-bc71-4b09-a843-42a7875494cc/in_use.lock acquired by nodename 16001@pr-hdds1737-lts7z-2510321508
2019-10-02 23:10:01,528 [pool-448-thread-1] INFO  storage.RaftStorageDirectory (RaftStorageDirectory.java:tryLock(328)) - Lock on /workdir/hadoop-ozone/ozonefs/target/test-dir/MiniOzoneClusterImpl-6a72a465-6c93-4baa-ad8a-1bc5d074397d/datanode-2/data/ratis/74db13e6-bc71-4b09-a843-42a7875494cc/in_use.lock acquired by nodename 16001@pr-hdds1737-lts7z-2510321508
2019-10-02 23:10:01,554 [pool-428-thread-1] INFO  storage.RaftStorage (RaftStorage.java:format(84)) - Storage directory /workdir/hadoop-ozone/ozonefs/target/test-dir/MiniOzoneClusterImpl-6a72a465-6c93-4baa-ad8a-1bc5d074397d/datanode-0/data/ratis/74db13e6-bc71-4b09-a843-42a7875494cc has been successfully formatted.
2019-10-02 23:10:01,554 [pool-438-thread-1] INFO  storage.RaftStorage (RaftStorage.java:format(84)) - Storage directory /workdir/hadoop-ozone/ozonefs/target/test-dir/MiniOzoneClusterImpl-6a72a465-6c93-4baa-ad8a-1bc5d074397d/datanode-1/data/ratis/74db13e6-bc71-4b09-a843-42a7875494cc has been successfully formatted.
2019-10-02 23:10:01,554 [pool-448-thread-1] INFO  storage.RaftStorage (RaftStorage.java:format(84)) - Storage directory /workdir/hadoop-ozone/ozonefs/target/test-dir/MiniOzoneClusterImpl-6a72a465-6c93-4baa-ad8a-1bc5d074397d/datanode-2/data/ratis/74db13e6-bc71-4b09-a843-42a7875494cc has been successfully formatted.
2019-10-02 23:10:01,555 [pool-438-thread-1] INFO  ratis.ContainerStateMachine (ContainerStateMachine.java:loadSnapshot(230)) - group-42A7875494CC: The snapshot info is null. Setting the last applied indexto:(t:0, i:~)
2019-10-02 23:10:01,554 [pool-428-thread-1] INFO  ratis.ContainerStateMachine (ContainerStateMachine.java:loadSnapshot(230)) - group-42A7875494CC: The snapshot info is null. Setting the last applied indexto:(t:0, i:~)
2019-10-02 23:10:01,555 [pool-438-thread-1] INFO  server.RaftServerConfigKeys (ConfUtils.java:logGet(43)) - raft.server.notification.no-leader.timeout = 120s (custom)
2019-10-02 23:10:01,555 [pool-448-thread-1] INFO  ratis.ContainerStateMachine (ContainerStateMachine.java:loadSnapshot(230)) - group-42A7875494CC: The snapshot info is null. Setting the last applied indexto:(t:0, i:~)
2019-10-02 23:10:01,555 [pool-438-thread-1] INFO  server.RaftServerConfigKeys (ConfUtils.java:logGet(43)) - raft.server.log.use.memory = false (default)
2019-10-02 23:10:01,555 [pool-428-thread-1] INFO  server.RaftServerConfigKeys (ConfUtils.java:logGet(43)) - raft.server.notification.no-leader.timeout = 120s (custom)
2019-10-02 23:10:01,555 [pool-438-thread-1] INFO  server.RaftServerConfigKeys (ConfUtils.java:logGet(43)) - raft.server.log.purge.gap = 1000000 (custom)
2019-10-02 23:10:01,555 [pool-448-thread-1] INFO  server.RaftServerConfigKeys (ConfUtils.java:logGet(43)) - raft.server.notification.no-leader.timeout = 120s (custom)
2019-10-02 23:10:01,556 [pool-438-thread-1] INFO  server.RaftServerConfigKeys (ConfUtils.java:logGet(43)) - raft.server.log.appender.buffer.byte-limit = 33554432 (custom)
2019-10-02 23:10:01,556 [pool-428-thread-1] INFO  server.RaftServerConfigKeys (ConfUtils.java:logGet(43)) - raft.server.log.use.memory = false (default)
2019-10-02 23:10:01,556 [pool-438-thread-1] INFO  server.RaftServerConfigKeys (ConfUtils.java:logGet(43)) - raft.server.log.segment.size.max = 1048576 (custom)
2019-10-02 23:10:01,556 [pool-448-thread-1] INFO  server.RaftServerConfigKeys (ConfUtils.java:logGet(43)) - raft.server.log.use.memory = false (default)
2019-10-02 23:10:01,556 [pool-438-thread-1] INFO  server.RaftServerConfigKeys (ConfUtils.java:logGet(43)) - raft.server.log.segment.cache.num.max = 2 (custom)
2019-10-02 23:10:01,556 [pool-428-thread-1] INFO  server.RaftServerConfigKeys (ConfUtils.java:logGet(43)) - raft.server.log.purge.gap = 1000000 (custom)
2019-10-02 23:10:01,557 [pool-438-thread-1] INFO  segmented.SegmentedRaftLogWorker (SegmentedRaftLogWorker.java:<init>(173)) - new 30dcc1bd-8983-425b-be63-9a3f45c28216@group-42A7875494CC-SegmentedRaftLogWorker for RaftStorage:Storage Directory /workdir/hadoop-ozone/ozonefs/target/test-dir/MiniOzoneClusterImpl-6a72a465-6c93-4baa-ad8a-1bc5d074397d/datanode-1/data/ratis/74db13e6-bc71-4b09-a843-42a7875494cc
2019-10-02 23:10:01,557 [pool-438-thread-1] INFO  server.RaftServerConfigKeys (ConfUtils.java:logGet(43)) - raft.server.log.queue.byte-limit = 2147483647 (custom)
2019-10-02 23:10:01,556 [pool-448-thread-1] INFO  server.RaftServerConfigKeys (ConfUtils.java:logGet(43)) - raft.server.log.purge.gap = 1000000 (custom)
2019-10-02 23:10:01,557 [pool-438-thread-1] INFO  server.RaftServerConfigKeys (ConfUtils.java:logGet(43)) - raft.server.log.queue.element-limit = 1024 (custom)
2019-10-02 23:10:01,557 [pool-428-thread-1] INFO  server.RaftServerConfigKeys (ConfUtils.java:logGet(43)) - raft.server.log.appender.buffer.byte-limit = 33554432 (custom)
2019-10-02 23:10:01,557 [pool-438-thread-1] INFO  server.RaftServerConfigKeys (ConfUtils.java:logGet(43)) - raft.server.log.segment.size.max = 1048576 (custom)
2019-10-02 23:10:01,558 [pool-438-thread-1] INFO  server.RaftServerConfigKeys (ConfUtils.java:logGet(43)) - raft.server.log.preallocated.size = 16384 (custom)
2019-10-02 23:10:01,557 [pool-448-thread-1] INFO  server.RaftServerConfigKeys (ConfUtils.java:logGet(43)) - raft.server.log.appender.buffer.byte-limit = 33554432 (custom)
2019-10-02 23:10:01,558 [pool-438-thread-1] INFO  server.RaftServerConfigKeys (ConfUtils.java:logGet(43)) - raft.server.log.write.buffer.size = 33554432 (custom)
2019-10-02 23:10:01,558 [pool-428-thread-1] INFO  server.RaftServerConfigKeys (ConfUtils.java:logGet(43)) - raft.server.log.segment.size.max = 1048576 (custom)
2019-10-02 23:10:01,558 [pool-438-thread-1] INFO  server.RaftServerConfigKeys (ConfUtils.java:logGet(43)) - raft.server.log.force.sync.num = 128 (default)
2019-10-02 23:10:01,558 [pool-448-thread-1] INFO  server.RaftServerConfigKeys (ConfUtils.java:logGet(43)) - raft.server.log.segment.size.max = 1048576 (custom)
2019-10-02 23:10:01,559 [pool-438-thread-1] INFO  server.RaftServerConfigKeys (ConfUtils.java:logGet(43)) - raft.server.log.statemachine.data.sync = true (default)
2019-10-02 23:10:01,559 [pool-428-thread-1] INFO  server.RaftServerConfigKeys (ConfUtils.java:logGet(43)) - raft.server.log.segment.cache.num.max = 2 (custom)
2019-10-02 23:10:01,559 [pool-438-thread-1] INFO  server.RaftServerConfigKeys (ConfUtils.java:logGet(43)) - raft.server.log.statemachine.data.sync.timeout = 10s (default)
2019-10-02 23:10:01,559 [pool-448-thread-1] INFO  server.RaftServerConfigKeys (ConfUtils.java:logGet(43)) - raft.server.log.segment.cache.num.max = 2 (custom)
2019-10-02 23:10:01,559 [pool-438-thread-1] INFO  server.RaftServerConfigKeys (ConfUtils.java:logGet(43)) - raft.server.log.statemachine.data.sync.timeout.retry = -1 (default)
2019-10-02 23:10:01,559 [pool-428-thread-1] INFO  segmented.SegmentedRaftLogWorker (SegmentedRaftLogWorker.java:<init>(173)) - new 12beac55-0773-4b67-9ccc-0a2315756aba@group-42A7875494CC-SegmentedRaftLogWorker for RaftStorage:Storage Directory /workdir/hadoop-ozone/ozonefs/target/test-dir/MiniOzoneClusterImpl-6a72a465-6c93-4baa-ad8a-1bc5d074397d/datanode-0/data/ratis/74db13e6-bc71-4b09-a843-42a7875494cc
2019-10-02 23:10:01,560 [pool-438-thread-1] INFO  server.RaftServerConfigKeys (ConfUtils.java:logGet(43)) - raft.server.log.statemachine.data.caching.enabled = true (custom)
2019-10-02 23:10:01,559 [pool-448-thread-1] INFO  segmented.SegmentedRaftLogWorker (SegmentedRaftLogWorker.java:<init>(173)) - new 742df0bb-8627-4cfd-8bd6-9b7bcc7eeaa4@group-42A7875494CC-SegmentedRaftLogWorker for RaftStorage:Storage Directory /workdir/hadoop-ozone/ozonefs/target/test-dir/MiniOzoneClusterImpl-6a72a465-6c93-4baa-ad8a-1bc5d074397d/datanode-2/data/ratis/74db13e6-bc71-4b09-a843-42a7875494cc
2019-10-02 23:10:01,560 [pool-428-thread-1] INFO  server.RaftServerConfigKeys (ConfUtils.java:logGet(43)) - raft.server.log.queue.byte-limit = 2147483647 (custom)
2019-10-02 23:10:01,560 [pool-438-thread-1] INFO  segmented.SegmentedRaftLogWorker (SegmentedRaftLogWorker.java:lambda$new$0(128)) - 30dcc1bd-8983-425b-be63-9a3f45c28216@group-42A7875494CC-SegmentedRaftLogWorker: flushIndex: setUnconditionally 0 -> -1
2019-10-02 23:10:01,560 [pool-448-thread-1] INFO  server.RaftServerConfigKeys (ConfUtils.java:logGet(43)) - raft.server.log.queue.byte-limit = 2147483647 (custom)
2019-10-02 23:10:01,560 [pool-428-thread-1] INFO  server.RaftServerConfigKeys (ConfUtils.java:logGet(43)) - raft.server.log.queue.element-limit = 1024 (custom)
2019-10-02 23:10:01,561 [pool-448-thread-1] INFO  server.RaftServerConfigKeys (ConfUtils.java:logGet(43)) - raft.server.log.queue.element-limit = 1024 (custom)
2019-10-02 23:10:01,561 [pool-438-thread-1] INFO  server.RaftServerConfigKeys (ConfUtils.java:logGet(43)) - raft.server.snapshot.auto.trigger.enabled = true (custom)
2019-10-02 23:10:01,561 [pool-448-thread-1] INFO  server.RaftServerConfigKeys (ConfUtils.java:logGet(43)) - raft.server.log.segment.size.max = 1048576 (custom)
2019-10-02 23:10:01,561 [pool-448-thread-1] INFO  server.RaftServerConfigKeys (ConfUtils.java:logGet(43)) - raft.server.log.preallocated.size = 16384 (custom)
2019-10-02 23:10:01,561 [pool-428-thread-1] INFO  server.RaftServerConfigKeys (ConfUtils.java:logGet(43)) - raft.server.log.segment.size.max = 1048576 (custom)
2019-10-02 23:10:01,561 [pool-448-thread-1] INFO  server.RaftServerConfigKeys (ConfUtils.java:logGet(43)) - raft.server.log.write.buffer.size = 33554432 (custom)
2019-10-02 23:10:01,561 [pool-438-thread-1] INFO  server.RaftServerConfigKeys (ConfUtils.java:logGet(43)) - raft.server.snapshot.auto.trigger.threshold = 10000 (custom)
2019-10-02 23:10:01,561 [pool-448-thread-1] INFO  server.RaftServerConfigKeys (ConfUtils.java:logGet(43)) - raft.server.log.force.sync.num = 128 (default)
2019-10-02 23:10:01,561 [pool-428-thread-1] INFO  server.RaftServerConfigKeys (ConfUtils.java:logGet(43)) - raft.server.log.preallocated.size = 16384 (custom)
2019-10-02 23:10:01,562 [pool-448-thread-1] INFO  server.RaftServerConfigKeys (ConfUtils.java:logGet(43)) - raft.server.log.statemachine.data.sync = true (default)
2019-10-02 23:10:01,562 [pool-438-thread-1] INFO  server.RaftServerConfigKeys (ConfUtils.java:logGet(43)) - raft.server.snapshot.retention.file.num = 5 (custom)
2019-10-02 23:10:01,562 [pool-448-thread-1] INFO  server.RaftServerConfigKeys (ConfUtils.java:logGet(43)) - raft.server.log.statemachine.data.sync.timeout = 10s (default)
2019-10-02 23:10:01,562 [pool-428-thread-1] INFO  server.RaftServerConfigKeys (ConfUtils.java:logGet(43)) - raft.server.log.write.buffer.size = 33554432 (custom)
2019-10-02 23:10:01,562 [pool-448-thread-1] INFO  server.RaftServerConfigKeys (ConfUtils.java:logGet(43)) - raft.server.log.statemachine.data.sync.timeout.retry = -1 (default)
2019-10-02 23:10:01,562 [pool-438-thread-1] INFO  server.RaftServerConfigKeys (ConfUtils.java:logGet(43)) - raft.server.retrycache.expirytime = 600000ms (custom)
2019-10-02 23:10:01,563 [pool-448-thread-1] INFO  server.RaftServerConfigKeys (ConfUtils.java:logGet(43)) - raft.server.log.statemachine.data.caching.enabled = true (custom)
2019-10-02 23:10:01,562 [pool-428-thread-1] INFO  server.RaftServerConfigKeys (ConfUtils.java:logGet(43)) - raft.server.log.force.sync.num = 128 (default)
2019-10-02 23:10:01,563 [pool-448-thread-1] INFO  segmented.SegmentedRaftLogWorker (SegmentedRaftLogWorker.java:lambda$new$0(128)) - 742df0bb-8627-4cfd-8bd6-9b7bcc7eeaa4@group-42A7875494CC-SegmentedRaftLogWorker: flushIndex: setUnconditionally 0 -> -1
2019-10-02 23:10:01,563 [pool-428-thread-1] INFO  server.RaftServerConfigKeys (ConfUtils.java:logGet(43)) - raft.server.log.statemachine.data.sync = true (default)
2019-10-02 23:10:01,563 [pool-448-thread-1] INFO  server.RaftServerConfigKeys (ConfUtils.java:logGet(43)) - raft.server.snapshot.auto.trigger.enabled = true (custom)
2019-10-02 23:10:01,563 [pool-428-thread-1] INFO  server.RaftServerConfigKeys (ConfUtils.java:logGet(43)) - raft.server.log.statemachine.data.sync.timeout = 10s (default)
2019-10-02 23:10:01,563 [pool-448-thread-1] INFO  server.RaftServerConfigKeys (ConfUtils.java:logGet(43)) - raft.server.snapshot.auto.trigger.threshold = 10000 (custom)
2019-10-02 23:10:01,564 [pool-428-thread-1] INFO  server.RaftServerConfigKeys (ConfUtils.java:logGet(43)) - raft.server.log.statemachine.data.sync.timeout.retry = -1 (default)
2019-10-02 23:10:01,564 [pool-448-thread-1] INFO  server.RaftServerConfigKeys (ConfUtils.java:logGet(43)) - raft.server.snapshot.retention.file.num = 5 (custom)
2019-10-02 23:10:01,564 [pool-428-thread-1] INFO  server.RaftServerConfigKeys (ConfUtils.java:logGet(43)) - raft.server.log.statemachine.data.caching.enabled = true (custom)
2019-10-02 23:10:01,564 [pool-448-thread-1] INFO  server.RaftServerConfigKeys (ConfUtils.java:logGet(43)) - raft.server.retrycache.expirytime = 600000ms (custom)
2019-10-02 23:10:01,564 [pool-438-thread-1] INFO  impl.RaftServerImpl (RaftServerImpl.java:start(181)) - 30dcc1bd-8983-425b-be63-9a3f45c28216@group-42A7875494CC: start as a follower, conf=-1: [742df0bb-8627-4cfd-8bd6-9b7bcc7eeaa4:192.168.30.30:38262, 30dcc1bd-8983-425b-be63-9a3f45c28216:192.168.30.30:45271, 12beac55-0773-4b67-9ccc-0a2315756aba:192.168.30.30:40084], old=null
2019-10-02 23:10:01,564 [pool-428-thread-1] INFO  segmented.SegmentedRaftLogWorker (SegmentedRaftLogWorker.java:lambda$new$0(128)) - 12beac55-0773-4b67-9ccc-0a2315756aba@group-42A7875494CC-SegmentedRaftLogWorker: flushIndex: setUnconditionally 0 -> -1
2019-10-02 23:10:01,564 [pool-438-thread-1] INFO  impl.RaftServerImpl (RaftServerImpl.java:setRole(170)) - 30dcc1bd-8983-425b-be63-9a3f45c28216@group-42A7875494CC: changes role from      null to FOLLOWER at term 0 for startAsFollower
2019-10-02 23:10:01,565 [pool-438-thread-1] INFO  impl.RoleInfo (RoleInfo.java:updateAndGet(143)) - 30dcc1bd-8983-425b-be63-9a3f45c28216: start FollowerState
2019-10-02 23:10:01,565 [pool-428-thread-1] INFO  server.RaftServerConfigKeys (ConfUtils.java:logGet(43)) - raft.server.snapshot.auto.trigger.enabled = true (custom)
2019-10-02 23:10:01,565 [pool-428-thread-1] INFO  server.RaftServerConfigKeys (ConfUtils.java:logGet(43)) - raft.server.snapshot.auto.trigger.threshold = 10000 (custom)
2019-10-02 23:10:01,565 [pool-438-thread-1] INFO  util.JmxRegister (JmxRegister.java:tryRegister(44)) - Successfully registered JMX Bean with object name Ratis:service=RaftServer,group=group-42A7875494CC,id=30dcc1bd-8983-425b-be63-9a3f45c28216
2019-10-02 23:10:01,565 [pool-428-thread-1] INFO  server.RaftServerConfigKeys (ConfUtils.java:logGet(43)) - raft.server.snapshot.retention.file.num = 5 (custom)
2019-10-02 23:10:01,566 [pool-428-thread-1] INFO  server.RaftServerConfigKeys (ConfUtils.java:logGet(43)) - raft.server.retrycache.expirytime = 600000ms (custom)
2019-10-02 23:10:01,566 [pool-448-thread-1] INFO  impl.RaftServerImpl (RaftServerImpl.java:start(181)) - 742df0bb-8627-4cfd-8bd6-9b7bcc7eeaa4@group-42A7875494CC: start as a follower, conf=-1: [742df0bb-8627-4cfd-8bd6-9b7bcc7eeaa4:192.168.30.30:38262, 30dcc1bd-8983-425b-be63-9a3f45c28216:192.168.30.30:45271, 12beac55-0773-4b67-9ccc-0a2315756aba:192.168.30.30:40084], old=null
2019-10-02 23:10:01,566 [pool-448-thread-1] INFO  impl.RaftServerImpl (RaftServerImpl.java:setRole(170)) - 742df0bb-8627-4cfd-8bd6-9b7bcc7eeaa4@group-42A7875494CC: changes role from      null to FOLLOWER at term 0 for startAsFollower
2019-10-02 23:10:01,566 [pool-448-thread-1] INFO  impl.RoleInfo (RoleInfo.java:updateAndGet(143)) - 742df0bb-8627-4cfd-8bd6-9b7bcc7eeaa4: start FollowerState
2019-10-02 23:10:01,567 [pool-448-thread-1] INFO  util.JmxRegister (JmxRegister.java:tryRegister(44)) - Successfully registered JMX Bean with object name Ratis:service=RaftServer,group=group-42A7875494CC,id=742df0bb-8627-4cfd-8bd6-9b7bcc7eeaa4
2019-10-02 23:10:01,569 [pool-428-thread-1] INFO  impl.RaftServerImpl (RaftServerImpl.java:start(181)) - 12beac55-0773-4b67-9ccc-0a2315756aba@group-42A7875494CC: start as a follower, conf=-1: [742df0bb-8627-4cfd-8bd6-9b7bcc7eeaa4:192.168.30.30:38262, 30dcc1bd-8983-425b-be63-9a3f45c28216:192.168.30.30:45271, 12beac55-0773-4b67-9ccc-0a2315756aba:192.168.30.30:40084], old=null
2019-10-02 23:10:01,569 [pool-428-thread-1] INFO  impl.RaftServerImpl (RaftServerImpl.java:setRole(170)) - 12beac55-0773-4b67-9ccc-0a2315756aba@group-42A7875494CC: changes role from      null to FOLLOWER at term 0 for startAsFollower
2019-10-02 23:10:01,569 [pool-428-thread-1] INFO  impl.RoleInfo (RoleInfo.java:updateAndGet(143)) - 12beac55-0773-4b67-9ccc-0a2315756aba: start FollowerState
2019-10-02 23:10:01,570 [pool-428-thread-1] INFO  util.JmxRegister (JmxRegister.java:tryRegister(44)) - Successfully registered JMX Bean with object name Ratis:service=RaftServer,group=group-42A7875494CC,id=12beac55-0773-4b67-9ccc-0a2315756aba
2019-10-02 23:10:01,573 [RatisPipelineUtilsThread] INFO  pipeline.PipelineStateManager (PipelineStateManager.java:addPipeline(56)) - Created pipeline Pipeline[ Id: 74db13e6-bc71-4b09-a843-42a7875494cc, Nodes: 30dcc1bd-8983-425b-be63-9a3f45c28216{ip: 192.168.30.30, host: pr-hdds1737-lts7z-2510321508, networkLocation: /default-rack, certSerialId: null}742df0bb-8627-4cfd-8bd6-9b7bcc7eeaa4{ip: 192.168.30.30, host: pr-hdds1737-lts7z-2510321508, networkLocation: /default-rack, certSerialId: null}12beac55-0773-4b67-9ccc-0a2315756aba{ip: 192.168.30.30, host: pr-hdds1737-lts7z-2510321508, networkLocation: /default-rack, certSerialId: null}, Type:RATIS, Factor:THREE, State:OPEN]
2019-10-02 23:10:02,288 [main] INFO  ozone.MiniOzoneClusterImpl (MiniOzoneClusterImpl.java:lambda$waitForClusterToBeReady$0(147)) - Cluster is ready. Got 3 of 3 DN Heartbeats.
2019-10-02 23:10:02,332 [main] INFO  rpc.RpcClient (RpcClient.java:createVolume(276)) - Creating Volume: llhfwpfqib, with user54927 as owner.
2019-10-02 23:10:02,335 [IPC Server handler 1 on 38971] INFO  volume.OMVolumeCreateRequest (OMVolumeCreateRequest.java:validateAndUpdateCache(194)) - created volume:llhfwpfqib for user:user54927
2019-10-02 23:10:02,344 [main] INFO  rpc.RpcClient (RpcClient.java:createBucket(415)) - Creating Bucket: llhfwpfqib/wycsgawqtv, with Versioning false and Storage Type set to DISK and Encryption set to false 
23:10:02.375 [IPC Server handler 8 on 38971] ERROR OMAudit - user=jenkins1000 | ip=127.0.0.1 | op=CREATE_DIRECTORY {volume=llhfwpfqib, bucket=wycsgawqtv, key=MVFlN, dataSize=0, replicationType=RATIS, replicationFactor=ONE, keyLocationInfo=[]} | ret=FAILURE
org.apache.hadoop.ozone.om.exceptions.OMException: Volume not found llhfwpfqib
	at org.apache.hadoop.ozone.om.request.file.OMDirectoryCreateRequest.validateAndUpdateCache(OMDirectoryCreateRequest.java:146) ~[hadoop-ozone-ozone-manager-0.5.0-SNAPSHOT.jar:?]
	at org.apache.hadoop.ozone.protocolPB.OzoneManagerProtocolServerSideTranslatorPB.submitRequestDirectlyToOM(OzoneManagerProtocolServerSideTranslatorPB.java:219) ~[hadoop-ozone-ozone-manager-0.5.0-SNAPSHOT.jar:?]
	at org.apache.hadoop.ozone.protocolPB.OzoneManagerProtocolServerSideTranslatorPB.processRequest(OzoneManagerProtocolServerSideTranslatorPB.java:134) ~[hadoop-ozone-ozone-manager-0.5.0-SNAPSHOT.jar:?]
	at org.apache.hadoop.hdds.server.OzoneProtocolMessageDispatcher.processRequest(OzoneProtocolMessageDispatcher.java:72) [hadoop-hdds-server-framework-0.5.0-SNAPSHOT.jar:?]
	at org.apache.hadoop.ozone.protocolPB.OzoneManagerProtocolServerSideTranslatorPB.submitRequest(OzoneManagerProtocolServerSideTranslatorPB.java:100) [hadoop-ozone-ozone-manager-0.5.0-SNAPSHOT.jar:?]
	at org.apache.hadoop.ozone.protocol.proto.OzoneManagerProtocolProtos$OzoneManagerService$2.callBlockingMethod(OzoneManagerProtocolProtos.java) [hadoop-ozone-common-0.5.0-SNAPSHOT.jar:?]
	at org.apache.hadoop.ipc.ProtobufRpcEngine$Server$ProtoBufRpcInvoker.call(ProtobufRpcEngine.java:524) [hadoop-common-3.2.0.jar:?]
	at org.apache.hadoop.ipc.RPC$Server.call(RPC.java:1025) [hadoop-common-3.2.0.jar:?]
	at org.apache.hadoop.ipc.Server$RpcCall.run(Server.java:876) [hadoop-common-3.2.0.jar:?]
	at org.apache.hadoop.ipc.Server$RpcCall.run(Server.java:822) [hadoop-common-3.2.0.jar:?]
	at java.security.AccessController.doPrivileged(Native Method) [?:1.8.0_212]
	at javax.security.auth.Subject.doAs(Subject.java:422) [?:1.8.0_212]
	at org.apache.hadoop.security.UserGroupInformation.doAs(UserGroupInformation.java:1730) [hadoop-common-3.2.0.jar:?]
	at org.apache.hadoop.ipc.Server$Handler.run(Server.java:2682) [hadoop-common-3.2.0.jar:?]
2019-10-02 23:10:02,376 [IPC Server handler 8 on 38971] ERROR file.OMDirectoryCreateRequest (OMDirectoryCreateRequest.java:validateAndUpdateCache(212)) - CreateDirectory failed for Key: MVFlN in volume/bucket:llhfwpfqib/wycsgawqtv
VOLUME_NOT_FOUND org.apache.hadoop.ozone.om.exceptions.OMException: Volume not found llhfwpfqib
	at org.apache.hadoop.ozone.om.request.file.OMDirectoryCreateRequest.validateAndUpdateCache(OMDirectoryCreateRequest.java:146)
	at org.apache.hadoop.ozone.protocolPB.OzoneManagerProtocolServerSideTranslatorPB.submitRequestDirectlyToOM(OzoneManagerProtocolServerSideTranslatorPB.java:219)
	at org.apache.hadoop.ozone.protocolPB.OzoneManagerProtocolServerSideTranslatorPB.processRequest(OzoneManagerProtocolServerSideTranslatorPB.java:134)
	at org.apache.hadoop.hdds.server.OzoneProtocolMessageDispatcher.processRequest(OzoneProtocolMessageDispatcher.java:72)
	at org.apache.hadoop.ozone.protocolPB.OzoneManagerProtocolServerSideTranslatorPB.submitRequest(OzoneManagerProtocolServerSideTranslatorPB.java:100)
	at org.apache.hadoop.ozone.protocol.proto.OzoneManagerProtocolProtos$OzoneManagerService$2.callBlockingMethod(OzoneManagerProtocolProtos.java)
	at org.apache.hadoop.ipc.ProtobufRpcEngine$Server$ProtoBufRpcInvoker.call(ProtobufRpcEngine.java:524)
	at org.apache.hadoop.ipc.RPC$Server.call(RPC.java:1025)
	at org.apache.hadoop.ipc.Server$RpcCall.run(Server.java:876)
	at org.apache.hadoop.ipc.Server$RpcCall.run(Server.java:822)
	at java.security.AccessController.doPrivileged(Native Method)
	at javax.security.auth.Subject.doAs(Subject.java:422)
	at org.apache.hadoop.security.UserGroupInformation.doAs(UserGroupInformation.java:1730)
	at org.apache.hadoop.ipc.Server$Handler.run(Server.java:2682)
2019-10-02 23:10:02,383 [main] INFO  ozone.MiniOzoneClusterImpl (MiniOzoneClusterImpl.java:shutdown(314)) - Shutting down the Mini Ozone Cluster
2019-10-02 23:10:02,383 [main] INFO  ozone.MiniOzoneClusterImpl (MiniOzoneClusterImpl.java:stop(330)) - Stopping the Mini Ozone Cluster
2019-10-02 23:10:02,383 [main] INFO  ozone.MiniOzoneClusterImpl (MiniOzoneClusterImpl.java:stopOM(400)) - Stopping the OzoneManager
2019-10-02 23:10:02,384 [main] INFO  ipc.Server (Server.java:stop(3082)) - Stopping server on 38971
2019-10-02 23:10:02,387 [IPC Server listener on 38971] INFO  ipc.Server (Server.java:run(1185)) - Stopping IPC Server listener on 38971
2019-10-02 23:10:02,387 [main] INFO  ratis.OzoneManagerDoubleBuffer (OzoneManagerDoubleBuffer.java:stop(248)) - Stopping OMDoubleBuffer flush thread
2019-10-02 23:10:02,387 [IPC Server Responder] INFO  ipc.Server (Server.java:run(1319)) - Stopping IPC Server Responder
2019-10-02 23:10:02,387 [OMDoubleBufferFlushThread] INFO  ratis.OzoneManagerDoubleBuffer (OzoneManagerDoubleBuffer.java:flushTransactions(191)) - OMDoubleBuffer flush thread OMDoubleBufferFlushThread is interrupted and will exit. OMDoubleBufferFlushThread
2019-10-02 23:10:02,394 [main] INFO  utils.BackgroundService (BackgroundService.java:shutdown(148)) - Shutting down service KeyDeletingService
2019-10-02 23:10:02,396 [main] INFO  handler.ContextHandler (ContextHandler.java:doStop(910)) - Stopped o.e.j.w.WebAppContext@6eabe718{/,null,UNAVAILABLE}{/ozoneManager}
2019-10-02 23:10:02,396 [main] INFO  server.AbstractConnector (AbstractConnector.java:doStop(318)) - Stopped ServerConnector@38d525aa{HTTP/1.1,[http/1.1]}{0.0.0.0:0}
2019-10-02 23:10:02,396 [main] INFO  handler.ContextHandler (ContextHandler.java:doStop(910)) - Stopped o.e.j.s.ServletContextHandler@31f31b20{/static,jar:file:/home/user/.m2/repository/org/apache/hadoop/hadoop-ozone-ozone-manager/0.5.0-SNAPSHOT/hadoop-ozone-ozone-manager-0.5.0-SNAPSHOT.jar!/webapps/static,UNAVAILABLE}
2019-10-02 23:10:02,397 [main] INFO  handler.ContextHandler (ContextHandler.java:doStop(910)) - Stopped o.e.j.s.ServletContextHandler@1182d1df{/logs,file:///workdir/hadoop-ozone/ozonefs/target/log,UNAVAILABLE}
2019-10-02 23:10:02,398 [main] INFO  ozone.MiniOzoneClusterImpl (MiniOzoneClusterImpl.java:stopDatanodes(377)) - Stopping the HddsDatanodes
2019-10-02 23:10:03,151 [Datanode State Machine Thread - 0] INFO  statemachine.DatanodeStateMachine (DatanodeStateMachine.java:lambda$startDaemon$0(350)) - Ozone container server started.
2019-10-02 23:10:03,220 [Datanode State Machine Thread - 0] INFO  statemachine.DatanodeStateMachine (DatanodeStateMachine.java:lambda$startDaemon$0(350)) - Ozone container server started.
2019-10-02 23:10:04,159 [Thread-1977] INFO  container.ReplicationManager (ReplicationManager.java:start(162)) - Starting Replication Monitor Thread.
2019-10-02 23:10:04,162 [ReplicationMonitor] INFO  container.ReplicationManager (ReplicationManager.java:run(225)) - Replication Monitor Thread took 0 milliseconds for processing 0 containers.
2019-10-02 23:10:06,476 [Thread-1979] INFO  impl.FollowerState (FollowerState.java:run(108)) - 12beac55-0773-4b67-9ccc-0a2315756aba@group-64F54E139875-FollowerState: change to CANDIDATE, lastRpcTime:5160ms, electionTimeout:5160ms
2019-10-02 23:10:06,476 [Thread-1979] INFO  impl.RoleInfo (RoleInfo.java:shutdownFollowerState(121)) - 12beac55-0773-4b67-9ccc-0a2315756aba: shutdown FollowerState
2019-10-02 23:10:06,476 [Thread-1979] INFO  impl.RaftServerImpl (RaftServerImpl.java:setRole(170)) - 12beac55-0773-4b67-9ccc-0a2315756aba@group-64F54E139875: changes role from  FOLLOWER to CANDIDATE at term 0 for changeToCandidate
2019-10-02 23:10:06,476 [Thread-1979] INFO  impl.RoleInfo (RoleInfo.java:updateAndGet(143)) - 12beac55-0773-4b67-9ccc-0a2315756aba: start LeaderElection
2019-10-02 23:10:06,492 [Thread-1985] INFO  impl.FollowerState (FollowerState.java:run(108)) - 742df0bb-8627-4cfd-8bd6-9b7bcc7eeaa4@group-A3D6FD583142-FollowerState: change to CANDIDATE, lastRpcTime:5007ms, electionTimeout:5007ms
2019-10-02 23:10:06,492 [Thread-1985] INFO  impl.RoleInfo (RoleInfo.java:shutdownFollowerState(121)) - 742df0bb-8627-4cfd-8bd6-9b7bcc7eeaa4: shutdown FollowerState
2019-10-02 23:10:06,493 [Thread-1985] INFO  impl.RaftServerImpl (RaftServerImpl.java:setRole(170)) - 742df0bb-8627-4cfd-8bd6-9b7bcc7eeaa4@group-A3D6FD583142: changes role from  FOLLOWER to CANDIDATE at term 0 for changeToCandidate
2019-10-02 23:10:06,493 [Thread-1985] INFO  impl.RoleInfo (RoleInfo.java:updateAndGet(143)) - 742df0bb-8627-4cfd-8bd6-9b7bcc7eeaa4: start LeaderElection
2019-10-02 23:10:06,507 [12beac55-0773-4b67-9ccc-0a2315756aba@group-64F54E139875-LeaderElection46] INFO  impl.LeaderElection (LeaderElection.java:askForVotes(178)) - 12beac55-0773-4b67-9ccc-0a2315756aba@group-64F54E139875-LeaderElection46: begin an election at term 1 for -1: [12beac55-0773-4b67-9ccc-0a2315756aba:192.168.30.30:40084], old=null
2019-10-02 23:10:06,507 [12beac55-0773-4b67-9ccc-0a2315756aba@group-64F54E139875-LeaderElection46] INFO  impl.RoleInfo (RoleInfo.java:shutdownLeaderElection(134)) - 12beac55-0773-4b67-9ccc-0a2315756aba: shutdown LeaderElection
2019-10-02 23:10:06,507 [12beac55-0773-4b67-9ccc-0a2315756aba@group-64F54E139875-LeaderElection46] INFO  impl.RaftServerImpl (RaftServerImpl.java:setRole(170)) - 12beac55-0773-4b67-9ccc-0a2315756aba@group-64F54E139875: changes role from CANDIDATE to LEADER at term 1 for changeToLeader
2019-10-02 23:10:06,507 [12beac55-0773-4b67-9ccc-0a2315756aba@group-64F54E139875-LeaderElection46] INFO  impl.RaftServerImpl (ServerState.java:setLeader(255)) - 12beac55-0773-4b67-9ccc-0a2315756aba@group-64F54E139875: change Leader from null to 12beac55-0773-4b67-9ccc-0a2315756aba at term 1 for becomeLeader, leader elected after 5197ms
2019-10-02 23:10:06,507 [12beac55-0773-4b67-9ccc-0a2315756aba@group-64F54E139875-LeaderElection46] INFO  server.RaftServerConfigKeys (ConfUtils.java:logGet(43)) - raft.server.staging.catchup.gap = 1000 (default)
2019-10-02 23:10:06,508 [12beac55-0773-4b67-9ccc-0a2315756aba@group-64F54E139875-LeaderElection46] INFO  server.RaftServerConfigKeys (ConfUtils.java:logGet(43)) - raft.server.rpc.sleep.time = 25ms (default)
2019-10-02 23:10:06,508 [12beac55-0773-4b67-9ccc-0a2315756aba@group-64F54E139875-LeaderElection46] INFO  server.RaftServerConfigKeys (ConfUtils.java:logGet(43)) - raft.server.write.element-limit = 4096 (default)
2019-10-02 23:10:06,508 [12beac55-0773-4b67-9ccc-0a2315756aba@group-64F54E139875-LeaderElection46] INFO  server.RaftServerConfigKeys (ConfUtils.java:logGet(43)) - raft.server.watch.timeout = 10s (default)
2019-10-02 23:10:06,508 [12beac55-0773-4b67-9ccc-0a2315756aba@group-64F54E139875-LeaderElection46] INFO  server.RaftServerConfigKeys (ConfUtils.java:logGet(43)) - raft.server.watch.timeout.denomination = 1s (default)
2019-10-02 23:10:06,508 [12beac55-0773-4b67-9ccc-0a2315756aba@group-64F54E139875-LeaderElection46] INFO  server.RaftServerConfigKeys (ConfUtils.java:logGet(43)) - raft.server.watch.element-limit = 65536 (default)
2019-10-02 23:10:06,510 [12beac55-0773-4b67-9ccc-0a2315756aba@group-64F54E139875-LeaderElection46] INFO  impl.RoleInfo (RoleInfo.java:updateAndGet(143)) - 12beac55-0773-4b67-9ccc-0a2315756aba: start LeaderState
2019-10-02 23:10:06,511 [12beac55-0773-4b67-9ccc-0a2315756aba@group-64F54E139875-LeaderElection46] INFO  segmented.SegmentedRaftLogWorker (SegmentedRaftLogWorker.java:startLogSegment(385)) - 12beac55-0773-4b67-9ccc-0a2315756aba@group-64F54E139875-SegmentedRaftLogWorker: Starting segment from index:0
2019-10-02 23:10:06,512 [12beac55-0773-4b67-9ccc-0a2315756aba@group-64F54E139875-LeaderElection46] INFO  impl.RaftServerImpl (ServerState.java:setRaftConf(356)) - 12beac55-0773-4b67-9ccc-0a2315756aba@group-64F54E139875: set configuration 0: [12beac55-0773-4b67-9ccc-0a2315756aba:192.168.30.30:40084], old=null at 0
2019-10-02 23:10:06,530 [742df0bb-8627-4cfd-8bd6-9b7bcc7eeaa4@group-A3D6FD583142-LeaderElection47] INFO  impl.LeaderElection (LeaderElection.java:askForVotes(178)) - 742df0bb-8627-4cfd-8bd6-9b7bcc7eeaa4@group-A3D6FD583142-LeaderElection47: begin an election at term 1 for -1: [742df0bb-8627-4cfd-8bd6-9b7bcc7eeaa4:192.168.30.30:38262], old=null
2019-10-02 23:10:06,530 [742df0bb-8627-4cfd-8bd6-9b7bcc7eeaa4@group-A3D6FD583142-LeaderElection47] INFO  impl.RoleInfo (RoleInfo.java:shutdownLeaderElection(134)) - 742df0bb-8627-4cfd-8bd6-9b7bcc7eeaa4: shutdown LeaderElection
2019-10-02 23:10:06,530 [742df0bb-8627-4cfd-8bd6-9b7bcc7eeaa4@group-A3D6FD583142-LeaderElection47] INFO  impl.RaftServerImpl (RaftServerImpl.java:setRole(170)) - 742df0bb-8627-4cfd-8bd6-9b7bcc7eeaa4@group-A3D6FD583142: changes role from CANDIDATE to LEADER at term 1 for changeToLeader
2019-10-02 23:10:06,531 [742df0bb-8627-4cfd-8bd6-9b7bcc7eeaa4@group-A3D6FD583142-LeaderElection47] INFO  impl.RaftServerImpl (ServerState.java:setLeader(255)) - 742df0bb-8627-4cfd-8bd6-9b7bcc7eeaa4@group-A3D6FD583142: change Leader from null to 742df0bb-8627-4cfd-8bd6-9b7bcc7eeaa4 at term 1 for becomeLeader, leader elected after 5052ms
2019-10-02 23:10:06,531 [742df0bb-8627-4cfd-8bd6-9b7bcc7eeaa4@group-A3D6FD583142-LeaderElection47] INFO  server.RaftServerConfigKeys (ConfUtils.java:logGet(43)) - raft.server.staging.catchup.gap = 1000 (default)
2019-10-02 23:10:06,531 [742df0bb-8627-4cfd-8bd6-9b7bcc7eeaa4@group-A3D6FD583142-LeaderElection47] INFO  server.RaftServerConfigKeys (ConfUtils.java:logGet(43)) - raft.server.rpc.sleep.time = 25ms (default)
2019-10-02 23:10:06,531 [742df0bb-8627-4cfd-8bd6-9b7bcc7eeaa4@group-A3D6FD583142-LeaderElection47] INFO  server.RaftServerConfigKeys (ConfUtils.java:logGet(43)) - raft.server.write.element-limit = 4096 (default)
2019-10-02 23:10:06,531 [742df0bb-8627-4cfd-8bd6-9b7bcc7eeaa4@group-A3D6FD583142-LeaderElection47] INFO  server.RaftServerConfigKeys (ConfUtils.java:logGet(43)) - raft.server.watch.timeout = 10s (default)
2019-10-02 23:10:06,531 [742df0bb-8627-4cfd-8bd6-9b7bcc7eeaa4@group-A3D6FD583142-LeaderElection47] INFO  server.RaftServerConfigKeys (ConfUtils.java:logGet(43)) - raft.server.watch.timeout.denomination = 1s (default)
2019-10-02 23:10:06,531 [742df0bb-8627-4cfd-8bd6-9b7bcc7eeaa4@group-A3D6FD583142-LeaderElection47] INFO  server.RaftServerConfigKeys (ConfUtils.java:logGet(43)) - raft.server.watch.element-limit = 65536 (default)
2019-10-02 23:10:06,533 [742df0bb-8627-4cfd-8bd6-9b7bcc7eeaa4@group-A3D6FD583142-LeaderElection47] INFO  impl.RoleInfo (RoleInfo.java:updateAndGet(143)) - 742df0bb-8627-4cfd-8bd6-9b7bcc7eeaa4: start LeaderState
2019-10-02 23:10:06,534 [742df0bb-8627-4cfd-8bd6-9b7bcc7eeaa4@group-A3D6FD583142-LeaderElection47] INFO  segmented.SegmentedRaftLogWorker (SegmentedRaftLogWorker.java:startLogSegment(385)) - 742df0bb-8627-4cfd-8bd6-9b7bcc7eeaa4@group-A3D6FD583142-SegmentedRaftLogWorker: Starting segment from index:0
2019-10-02 23:10:06,534 [742df0bb-8627-4cfd-8bd6-9b7bcc7eeaa4@group-A3D6FD583142-LeaderElection47] INFO  impl.RaftServerImpl (ServerState.java:setRaftConf(356)) - 742df0bb-8627-4cfd-8bd6-9b7bcc7eeaa4@group-A3D6FD583142: set configuration 0: [742df0bb-8627-4cfd-8bd6-9b7bcc7eeaa4:192.168.30.30:38262], old=null at 0
2019-10-02 23:10:06,583 [Thread-1982] INFO  impl.FollowerState (FollowerState.java:run(108)) - 30dcc1bd-8983-425b-be63-9a3f45c28216@group-11E438EF06A9-FollowerState: change to CANDIDATE, lastRpcTime:5189ms, electionTimeout:5181ms
2019-10-02 23:10:06,583 [Thread-1982] INFO  impl.RoleInfo (RoleInfo.java:shutdownFollowerState(121)) - 30dcc1bd-8983-425b-be63-9a3f45c28216: shutdown FollowerState
2019-10-02 23:10:06,584 [Thread-1982] INFO  impl.RaftServerImpl (RaftServerImpl.java:setRole(170)) - 30dcc1bd-8983-425b-be63-9a3f45c28216@group-11E438EF06A9: changes role from  FOLLOWER to CANDIDATE at term 0 for changeToCandidate
2019-10-02 23:10:06,584 [Thread-1982] INFO  impl.RoleInfo (RoleInfo.java:updateAndGet(143)) - 30dcc1bd-8983-425b-be63-9a3f45c28216: start LeaderElection
2019-10-02 23:10:06,595 [12beac55-0773-4b67-9ccc-0a2315756aba@group-64F54E139875-SegmentedRaftLogWorker] INFO  segmented.SegmentedRaftLogWorker (SegmentedRaftLogWorker.java:execute(574)) - 12beac55-0773-4b67-9ccc-0a2315756aba@group-64F54E139875-SegmentedRaftLogWorker: created new log segment /workdir/hadoop-ozone/ozonefs/target/test-dir/MiniOzoneClusterImpl-6a72a465-6c93-4baa-ad8a-1bc5d074397d/datanode-0/data/ratis/f7db8218-7945-4f9f-a652-64f54e139875/current/log_inprogress_0
2019-10-02 23:10:06,595 [742df0bb-8627-4cfd-8bd6-9b7bcc7eeaa4@group-A3D6FD583142-SegmentedRaftLogWorker] INFO  segmented.SegmentedRaftLogWorker (SegmentedRaftLogWorker.java:execute(574)) - 742df0bb-8627-4cfd-8bd6-9b7bcc7eeaa4@group-A3D6FD583142-SegmentedRaftLogWorker: created new log segment /workdir/hadoop-ozone/ozonefs/target/test-dir/MiniOzoneClusterImpl-6a72a465-6c93-4baa-ad8a-1bc5d074397d/datanode-2/data/ratis/b41832d9-c58a-4dcd-af6a-a3d6fd583142/current/log_inprogress_0
2019-10-02 23:10:06,599 [Thread-1993] INFO  impl.FollowerState (FollowerState.java:run(108)) - 12beac55-0773-4b67-9ccc-0a2315756aba@group-42A7875494CC-FollowerState: change to CANDIDATE, lastRpcTime:5029ms, electionTimeout:5029ms
2019-10-02 23:10:06,599 [Thread-1993] INFO  impl.RoleInfo (RoleInfo.java:shutdownFollowerState(121)) - 12beac55-0773-4b67-9ccc-0a2315756aba: shutdown FollowerState
2019-10-02 23:10:06,599 [Thread-1993] INFO  impl.RaftServerImpl (RaftServerImpl.java:setRole(170)) - 12beac55-0773-4b67-9ccc-0a2315756aba@group-42A7875494CC: changes role from  FOLLOWER to CANDIDATE at term 0 for changeToCandidate
2019-10-02 23:10:06,599 [Thread-1993] INFO  impl.RoleInfo (RoleInfo.java:updateAndGet(143)) - 12beac55-0773-4b67-9ccc-0a2315756aba: start LeaderElection
2019-10-02 23:10:06,617 [30dcc1bd-8983-425b-be63-9a3f45c28216@group-11E438EF06A9-LeaderElection48] INFO  impl.LeaderElection (LeaderElection.java:askForVotes(178)) - 30dcc1bd-8983-425b-be63-9a3f45c28216@group-11E438EF06A9-LeaderElection48: begin an election at term 1 for -1: [30dcc1bd-8983-425b-be63-9a3f45c28216:192.168.30.30:45271], old=null
2019-10-02 23:10:06,617 [12beac55-0773-4b67-9ccc-0a2315756aba@group-42A7875494CC-LeaderElection49] INFO  impl.LeaderElection (LeaderElection.java:askForVotes(178)) - 12beac55-0773-4b67-9ccc-0a2315756aba@group-42A7875494CC-LeaderElection49: begin an election at term 1 for -1: [742df0bb-8627-4cfd-8bd6-9b7bcc7eeaa4:192.168.30.30:38262, 30dcc1bd-8983-425b-be63-9a3f45c28216:192.168.30.30:45271, 12beac55-0773-4b67-9ccc-0a2315756aba:192.168.30.30:40084], old=null
2019-10-02 23:10:06,617 [30dcc1bd-8983-425b-be63-9a3f45c28216@group-11E438EF06A9-LeaderElection48] INFO  impl.RoleInfo (RoleInfo.java:shutdownLeaderElection(134)) - 30dcc1bd-8983-425b-be63-9a3f45c28216: shutdown LeaderElection
2019-10-02 23:10:06,617 [30dcc1bd-8983-425b-be63-9a3f45c28216@group-11E438EF06A9-LeaderElection48] INFO  impl.RaftServerImpl (RaftServerImpl.java:setRole(170)) - 30dcc1bd-8983-425b-be63-9a3f45c28216@group-11E438EF06A9: changes role from CANDIDATE to LEADER at term 1 for changeToLeader
2019-10-02 23:10:06,618 [30dcc1bd-8983-425b-be63-9a3f45c28216@group-11E438EF06A9-LeaderElection48] INFO  impl.RaftServerImpl (ServerState.java:setLeader(255)) - 30dcc1bd-8983-425b-be63-9a3f45c28216@group-11E438EF06A9: change Leader from null to 30dcc1bd-8983-425b-be63-9a3f45c28216 at term 1 for becomeLeader, leader elected after 5231ms
2019-10-02 23:10:06,618 [30dcc1bd-8983-425b-be63-9a3f45c28216@group-11E438EF06A9-LeaderElection48] INFO  server.RaftServerConfigKeys (ConfUtils.java:logGet(43)) - raft.server.staging.catchup.gap = 1000 (default)
2019-10-02 23:10:06,618 [30dcc1bd-8983-425b-be63-9a3f45c28216@group-11E438EF06A9-LeaderElection48] INFO  server.RaftServerConfigKeys (ConfUtils.java:logGet(43)) - raft.server.rpc.sleep.time = 25ms (default)
2019-10-02 23:10:06,618 [30dcc1bd-8983-425b-be63-9a3f45c28216@group-11E438EF06A9-LeaderElection48] INFO  server.RaftServerConfigKeys (ConfUtils.java:logGet(43)) - raft.server.write.element-limit = 4096 (default)
2019-10-02 23:10:06,618 [30dcc1bd-8983-425b-be63-9a3f45c28216@group-11E438EF06A9-LeaderElection48] INFO  server.RaftServerConfigKeys (ConfUtils.java:logGet(43)) - raft.server.watch.timeout = 10s (default)
2019-10-02 23:10:06,618 [30dcc1bd-8983-425b-be63-9a3f45c28216@group-11E438EF06A9-LeaderElection48] INFO  server.RaftServerConfigKeys (ConfUtils.java:logGet(43)) - raft.server.watch.timeout.denomination = 1s (default)
2019-10-02 23:10:06,618 [30dcc1bd-8983-425b-be63-9a3f45c28216@group-11E438EF06A9-LeaderElection48] INFO  server.RaftServerConfigKeys (ConfUtils.java:logGet(43)) - raft.server.watch.element-limit = 65536 (default)
2019-10-02 23:10:06,620 [30dcc1bd-8983-425b-be63-9a3f45c28216@group-11E438EF06A9-LeaderElection48] INFO  impl.RoleInfo (RoleInfo.java:updateAndGet(143)) - 30dcc1bd-8983-425b-be63-9a3f45c28216: start LeaderState
2019-10-02 23:10:06,620 [30dcc1bd-8983-425b-be63-9a3f45c28216@group-11E438EF06A9-LeaderElection48] INFO  segmented.SegmentedRaftLogWorker (SegmentedRaftLogWorker.java:startLogSegment(385)) - 30dcc1bd-8983-425b-be63-9a3f45c28216@group-11E438EF06A9-SegmentedRaftLogWorker: Starting segment from index:0
2019-10-02 23:10:06,620 [30dcc1bd-8983-425b-be63-9a3f45c28216@group-11E438EF06A9-LeaderElection48] INFO  impl.RaftServerImpl (ServerState.java:setRaftConf(356)) - 30dcc1bd-8983-425b-be63-9a3f45c28216@group-11E438EF06A9: set configuration 0: [30dcc1bd-8983-425b-be63-9a3f45c28216:192.168.30.30:45271], old=null at 0
2019-10-02 23:10:06,654 [grpc-default-executor-1] INFO  impl.RaftServerImpl (RaftServerImpl.java:setRole(170)) - 30dcc1bd-8983-425b-be63-9a3f45c28216@group-42A7875494CC: changes role from  FOLLOWER to FOLLOWER at term 1 for recognizeCandidate:12beac55-0773-4b67-9ccc-0a2315756aba
2019-10-02 23:10:06,654 [grpc-default-executor-2] INFO  impl.RaftServerImpl (RaftServerImpl.java:setRole(170)) - 742df0bb-8627-4cfd-8bd6-9b7bcc7eeaa4@group-42A7875494CC: changes role from  FOLLOWER to FOLLOWER at term 1 for recognizeCandidate:12beac55-0773-4b67-9ccc-0a2315756aba
2019-10-02 23:10:06,654 [grpc-default-executor-1] INFO  impl.RoleInfo (RoleInfo.java:shutdownFollowerState(121)) - 30dcc1bd-8983-425b-be63-9a3f45c28216: shutdown FollowerState
2019-10-02 23:10:06,654 [grpc-default-executor-2] INFO  impl.RoleInfo (RoleInfo.java:shutdownFollowerState(121)) - 742df0bb-8627-4cfd-8bd6-9b7bcc7eeaa4: shutdown FollowerState
2019-10-02 23:10:06,655 [Thread-1989] INFO  impl.FollowerState (FollowerState.java:run(117)) - 30dcc1bd-8983-425b-be63-9a3f45c28216@group-42A7875494CC-FollowerState was interrupted: java.lang.InterruptedException: sleep interrupted
2019-10-02 23:10:06,655 [grpc-default-executor-1] INFO  impl.RoleInfo (RoleInfo.java:updateAndGet(143)) - 30dcc1bd-8983-425b-be63-9a3f45c28216: start FollowerState
2019-10-02 23:10:06,655 [Thread-1991] INFO  impl.FollowerState (FollowerState.java:run(117)) - 742df0bb-8627-4cfd-8bd6-9b7bcc7eeaa4@group-42A7875494CC-FollowerState was interrupted: java.lang.InterruptedException: sleep interrupted
2019-10-02 23:10:06,655 [grpc-default-executor-2] INFO  impl.RoleInfo (RoleInfo.java:updateAndGet(143)) - 742df0bb-8627-4cfd-8bd6-9b7bcc7eeaa4: start FollowerState
2019-10-02 23:10:06,675 [30dcc1bd-8983-425b-be63-9a3f45c28216@group-11E438EF06A9-SegmentedRaftLogWorker] INFO  segmented.SegmentedRaftLogWorker (SegmentedRaftLogWorker.java:execute(574)) - 30dcc1bd-8983-425b-be63-9a3f45c28216@group-11E438EF06A9-SegmentedRaftLogWorker: created new log segment /workdir/hadoop-ozone/ozonefs/target/test-dir/MiniOzoneClusterImpl-6a72a465-6c93-4baa-ad8a-1bc5d074397d/datanode-1/data/ratis/3d645821-d491-4e52-97ff-11e438ef06a9/current/log_inprogress_0
2019-10-02 23:10:06,677 [12beac55-0773-4b67-9ccc-0a2315756aba@group-42A7875494CC-LeaderElection49] INFO  impl.LeaderElection (LeaderElection.java:logAndReturn(56)) - 12beac55-0773-4b67-9ccc-0a2315756aba@group-42A7875494CC-LeaderElection49: Election PASSED; received 1 response(s) [12beac55-0773-4b67-9ccc-0a2315756aba<-742df0bb-8627-4cfd-8bd6-9b7bcc7eeaa4#0:OK-t1] and 0 exception(s); 12beac55-0773-4b67-9ccc-0a2315756aba@group-42A7875494CC:t1, leader=null, voted=12beac55-0773-4b67-9ccc-0a2315756aba, raftlog=12beac55-0773-4b67-9ccc-0a2315756aba@group-42A7875494CC-SegmentedRaftLog:OPENED:c-1,f-1,i0, conf=-1: [742df0bb-8627-4cfd-8bd6-9b7bcc7eeaa4:192.168.30.30:38262, 30dcc1bd-8983-425b-be63-9a3f45c28216:192.168.30.30:45271, 12beac55-0773-4b67-9ccc-0a2315756aba:192.168.30.30:40084], old=null
2019-10-02 23:10:06,677 [12beac55-0773-4b67-9ccc-0a2315756aba@group-42A7875494CC-LeaderElection49] INFO  impl.RoleInfo (RoleInfo.java:shutdownLeaderElection(134)) - 12beac55-0773-4b67-9ccc-0a2315756aba: shutdown LeaderElection
2019-10-02 23:10:06,677 [12beac55-0773-4b67-9ccc-0a2315756aba@group-42A7875494CC-LeaderElection49] INFO  impl.RaftServerImpl (RaftServerImpl.java:setRole(170)) - 12beac55-0773-4b67-9ccc-0a2315756aba@group-42A7875494CC: changes role from CANDIDATE to LEADER at term 1 for changeToLeader
2019-10-02 23:10:06,677 [12beac55-0773-4b67-9ccc-0a2315756aba@group-42A7875494CC-LeaderElection49] INFO  impl.RaftServerImpl (ServerState.java:setLeader(255)) - 12beac55-0773-4b67-9ccc-0a2315756aba@group-42A7875494CC: change Leader from null to 12beac55-0773-4b67-9ccc-0a2315756aba at term 1 for becomeLeader, leader elected after 5122ms
2019-10-02 23:10:06,677 [12beac55-0773-4b67-9ccc-0a2315756aba@group-42A7875494CC-LeaderElection49] INFO  server.RaftServerConfigKeys (ConfUtils.java:logGet(43)) - raft.server.staging.catchup.gap = 1000 (default)
2019-10-02 23:10:06,678 [12beac55-0773-4b67-9ccc-0a2315756aba@group-42A7875494CC-LeaderElection49] INFO  server.RaftServerConfigKeys (ConfUtils.java:logGet(43)) - raft.server.rpc.sleep.time = 25ms (default)
2019-10-02 23:10:06,678 [12beac55-0773-4b67-9ccc-0a2315756aba@group-42A7875494CC-LeaderElection49] INFO  server.RaftServerConfigKeys (ConfUtils.java:logGet(43)) - raft.server.write.element-limit = 4096 (default)
2019-10-02 23:10:06,678 [12beac55-0773-4b67-9ccc-0a2315756aba@group-42A7875494CC-LeaderElection49] INFO  server.RaftServerConfigKeys (ConfUtils.java:logGet(43)) - raft.server.watch.timeout = 10s (default)
2019-10-02 23:10:06,678 [12beac55-0773-4b67-9ccc-0a2315756aba@group-42A7875494CC-LeaderElection49] INFO  server.RaftServerConfigKeys (ConfUtils.java:logGet(43)) - raft.server.watch.timeout.denomination = 1s (default)
2019-10-02 23:10:06,678 [12beac55-0773-4b67-9ccc-0a2315756aba@group-42A7875494CC-LeaderElection49] INFO  server.RaftServerConfigKeys (ConfUtils.java:logGet(43)) - raft.server.watch.element-limit = 65536 (default)
2019-10-02 23:10:06,680 [12beac55-0773-4b67-9ccc-0a2315756aba@group-42A7875494CC-LeaderElection49] INFO  server.RaftServerConfigKeys (ConfUtils.java:logGet(43)) - raft.server.log.appender.snapshot.chunk.size.max = 16MB (=16777216) (default)
2019-10-02 23:10:06,680 [12beac55-0773-4b67-9ccc-0a2315756aba@group-42A7875494CC-LeaderElection49] INFO  server.RaftServerConfigKeys (ConfUtils.java:logGet(43)) - raft.server.log.appender.buffer.byte-limit = 33554432 (custom)
2019-10-02 23:10:06,680 [12beac55-0773-4b67-9ccc-0a2315756aba@group-42A7875494CC-LeaderElection49] INFO  server.RaftServerConfigKeys (ConfUtils.java:logGet(43)) - raft.server.log.appender.buffer.element-limit = 1 (custom)
2019-10-02 23:10:06,680 [12beac55-0773-4b67-9ccc-0a2315756aba@group-42A7875494CC-LeaderElection49] INFO  grpc.GrpcConfigKeys$Server (ConfUtils.java:logGet(43)) - raft.grpc.server.leader.outstanding.appends.max = 128 (default)
2019-10-02 23:10:06,680 [12beac55-0773-4b67-9ccc-0a2315756aba@group-42A7875494CC-LeaderElection49] INFO  server.RaftServerConfigKeys (ConfUtils.java:logGet(43)) - raft.server.rpc.request.timeout = 3000ms (default)
2019-10-02 23:10:06,680 [12beac55-0773-4b67-9ccc-0a2315756aba@group-42A7875494CC-LeaderElection49] INFO  server.RaftServerConfigKeys (ConfUtils.java:logGet(43)) - raft.server.log.appender.install.snapshot.enabled = false (custom)
2019-10-02 23:10:06,680 [12beac55-0773-4b67-9ccc-0a2315756aba@group-42A7875494CC-LeaderElection49] INFO  server.RaftServerConfigKeys (ConfUtils.java:logGet(43)) - raft.server.log.appender.snapshot.chunk.size.max = 16MB (=16777216) (default)
2019-10-02 23:10:06,681 [12beac55-0773-4b67-9ccc-0a2315756aba@group-42A7875494CC-LeaderElection49] INFO  server.RaftServerConfigKeys (ConfUtils.java:logGet(43)) - raft.server.log.appender.buffer.byte-limit = 33554432 (custom)
2019-10-02 23:10:06,681 [12beac55-0773-4b67-9ccc-0a2315756aba@group-42A7875494CC-LeaderElection49] INFO  server.RaftServerConfigKeys (ConfUtils.java:logGet(43)) - raft.server.log.appender.buffer.element-limit = 1 (custom)
2019-10-02 23:10:06,681 [12beac55-0773-4b67-9ccc-0a2315756aba@group-42A7875494CC-LeaderElection49] INFO  grpc.GrpcConfigKeys$Server (ConfUtils.java:logGet(43)) - raft.grpc.server.leader.outstanding.appends.max = 128 (default)
2019-10-02 23:10:06,681 [12beac55-0773-4b67-9ccc-0a2315756aba@group-42A7875494CC-LeaderElection49] INFO  server.RaftServerConfigKeys (ConfUtils.java:logGet(43)) - raft.server.rpc.request.timeout = 3000ms (default)
2019-10-02 23:10:06,681 [12beac55-0773-4b67-9ccc-0a2315756aba@group-42A7875494CC-LeaderElection49] INFO  server.RaftServerConfigKeys (ConfUtils.java:logGet(43)) - raft.server.log.appender.install.snapshot.enabled = false (custom)
2019-10-02 23:10:06,681 [12beac55-0773-4b67-9ccc-0a2315756aba@group-42A7875494CC-LeaderElection49] INFO  impl.RoleInfo (RoleInfo.java:updateAndGet(143)) - 12beac55-0773-4b67-9ccc-0a2315756aba: start LeaderState
2019-10-02 23:10:06,682 [12beac55-0773-4b67-9ccc-0a2315756aba@group-42A7875494CC-LeaderElection49] INFO  segmented.SegmentedRaftLogWorker (SegmentedRaftLogWorker.java:startLogSegment(385)) - 12beac55-0773-4b67-9ccc-0a2315756aba@group-42A7875494CC-SegmentedRaftLogWorker: Starting segment from index:0
2019-10-02 23:10:06,682 [12beac55-0773-4b67-9ccc-0a2315756aba@group-42A7875494CC-LeaderElection49] INFO  impl.RaftServerImpl (ServerState.java:setRaftConf(356)) - 12beac55-0773-4b67-9ccc-0a2315756aba@group-42A7875494CC: set configuration 0: [742df0bb-8627-4cfd-8bd6-9b7bcc7eeaa4:192.168.30.30:38262, 30dcc1bd-8983-425b-be63-9a3f45c28216:192.168.30.30:45271, 12beac55-0773-4b67-9ccc-0a2315756aba:192.168.30.30:40084], old=null at 0
2019-10-02 23:10:06,712 [grpc-default-executor-1] INFO  impl.RaftServerImpl (ServerState.java:setLeader(255)) - 30dcc1bd-8983-425b-be63-9a3f45c28216@group-42A7875494CC: change Leader from null to 12beac55-0773-4b67-9ccc-0a2315756aba at term 1 for appendEntries, leader elected after 5157ms
2019-10-02 23:10:06,713 [grpc-default-executor-2] INFO  impl.RaftServerImpl (ServerState.java:setLeader(255)) - 742df0bb-8627-4cfd-8bd6-9b7bcc7eeaa4@group-42A7875494CC: change Leader from null to 12beac55-0773-4b67-9ccc-0a2315756aba at term 1 for appendEntries, leader elected after 5158ms
2019-10-02 23:10:06,720 [grpc-default-executor-2] INFO  impl.RaftServerImpl (ServerState.java:setRaftConf(356)) - 30dcc1bd-8983-425b-be63-9a3f45c28216@group-42A7875494CC: set configuration 0: [742df0bb-8627-4cfd-8bd6-9b7bcc7eeaa4:192.168.30.30:38262, 30dcc1bd-8983-425b-be63-9a3f45c28216:192.168.30.30:45271, 12beac55-0773-4b67-9ccc-0a2315756aba:192.168.30.30:40084], old=null at 0
2019-10-02 23:10:06,721 [grpc-default-executor-1] INFO  impl.RaftServerImpl (ServerState.java:setRaftConf(356)) - 742df0bb-8627-4cfd-8bd6-9b7bcc7eeaa4@group-42A7875494CC: set configuration 0: [742df0bb-8627-4cfd-8bd6-9b7bcc7eeaa4:192.168.30.30:38262, 30dcc1bd-8983-425b-be63-9a3f45c28216:192.168.30.30:45271, 12beac55-0773-4b67-9ccc-0a2315756aba:192.168.30.30:40084], old=null at 0
2019-10-02 23:10:06,721 [grpc-default-executor-2] INFO  segmented.SegmentedRaftLogWorker (SegmentedRaftLogWorker.java:startLogSegment(385)) - 30dcc1bd-8983-425b-be63-9a3f45c28216@group-42A7875494CC-SegmentedRaftLogWorker: Starting segment from index:0
2019-10-02 23:10:06,721 [grpc-default-executor-1] INFO  segmented.SegmentedRaftLogWorker (SegmentedRaftLogWorker.java:startLogSegment(385)) - 742df0bb-8627-4cfd-8bd6-9b7bcc7eeaa4@group-42A7875494CC-SegmentedRaftLogWorker: Starting segment from index:0
2019-10-02 23:10:06,732 [12beac55-0773-4b67-9ccc-0a2315756aba@group-42A7875494CC-SegmentedRaftLogWorker] INFO  segmented.SegmentedRaftLogWorker (SegmentedRaftLogWorker.java:execute(574)) - 12beac55-0773-4b67-9ccc-0a2315756aba@group-42A7875494CC-SegmentedRaftLogWorker: created new log segment /workdir/hadoop-ozone/ozonefs/target/test-dir/MiniOzoneClusterImpl-6a72a465-6c93-4baa-ad8a-1bc5d074397d/datanode-0/data/ratis/74db13e6-bc71-4b09-a843-42a7875494cc/current/log_inprogress_0
2019-10-02 23:10:06,778 [30dcc1bd-8983-425b-be63-9a3f45c28216@group-42A7875494CC-SegmentedRaftLogWorker] INFO  segmented.SegmentedRaftLogWorker (SegmentedRaftLogWorker.java:execute(574)) - 30dcc1bd-8983-425b-be63-9a3f45c28216@group-42A7875494CC-SegmentedRaftLogWorker: created new log segment /workdir/hadoop-ozone/ozonefs/target/test-dir/MiniOzoneClusterImpl-6a72a465-6c93-4baa-ad8a-1bc5d074397d/datanode-1/data/ratis/74db13e6-bc71-4b09-a843-42a7875494cc/current/log_inprogress_0
2019-10-02 23:10:06,778 [742df0bb-8627-4cfd-8bd6-9b7bcc7eeaa4@group-42A7875494CC-SegmentedRaftLogWorker] INFO  segmented.SegmentedRaftLogWorker (SegmentedRaftLogWorker.java:execute(574)) - 742df0bb-8627-4cfd-8bd6-9b7bcc7eeaa4@group-42A7875494CC-SegmentedRaftLogWorker: created new log segment /workdir/hadoop-ozone/ozonefs/target/test-dir/MiniOzoneClusterImpl-6a72a465-6c93-4baa-ad8a-1bc5d074397d/datanode-2/data/ratis/74db13e6-bc71-4b09-a843-42a7875494cc/current/log_inprogress_0
2019-10-02 23:10:07,399 [main] INFO  ozoneimpl.OzoneContainer (OzoneContainer.java:stop(231)) - Attempting to stop container services.
2019-10-02 23:10:07,399 [ForkJoinPool.commonPool-worker-0] INFO  ozoneimpl.OzoneContainer (OzoneContainer.java:stop(231)) - Attempting to stop container services.
2019-10-02 23:10:07,400 [ForkJoinPool.commonPool-worker-0] INFO  impl.RaftServerProxy (RaftServerProxy.java:lambda$close$4(314)) - 12beac55-0773-4b67-9ccc-0a2315756aba: close
2019-10-02 23:10:07,400 [main] INFO  impl.RaftServerProxy (RaftServerProxy.java:lambda$close$4(314)) - 30dcc1bd-8983-425b-be63-9a3f45c28216: close
2019-10-02 23:10:07,400 [ForkJoinPool.commonPool-worker-0] INFO  impl.RaftServerImpl (RaftServerImpl.java:lambda$shutdown$3(247)) - 12beac55-0773-4b67-9ccc-0a2315756aba@group-64F54E139875: shutdown
2019-10-02 23:10:07,401 [main] INFO  impl.RaftServerImpl (RaftServerImpl.java:lambda$shutdown$3(247)) - 30dcc1bd-8983-425b-be63-9a3f45c28216@group-42A7875494CC: shutdown
2019-10-02 23:10:07,401 [ForkJoinPool.commonPool-worker-0] INFO  util.JmxRegister (JmxRegister.java:unregister(73)) - Successfully un-registered JMX Bean with object name Ratis:service=RaftServer,group=group-64F54E139875,id=12beac55-0773-4b67-9ccc-0a2315756aba
2019-10-02 23:10:07,401 [main] INFO  util.JmxRegister (JmxRegister.java:unregister(73)) - Successfully un-registered JMX Bean with object name Ratis:service=RaftServer,group=group-42A7875494CC,id=30dcc1bd-8983-425b-be63-9a3f45c28216
2019-10-02 23:10:07,401 [ForkJoinPool.commonPool-worker-0] INFO  impl.RoleInfo (RoleInfo.java:shutdownLeaderState(104)) - 12beac55-0773-4b67-9ccc-0a2315756aba: shutdown LeaderState
2019-10-02 23:10:07,402 [main] INFO  impl.RoleInfo (RoleInfo.java:shutdownFollowerState(121)) - 30dcc1bd-8983-425b-be63-9a3f45c28216: shutdown FollowerState
2019-10-02 23:10:07,402 [ForkJoinPool.commonPool-worker-0] INFO  impl.PendingRequests (PendingRequests.java:sendNotLeaderResponses(202)) - 12beac55-0773-4b67-9ccc-0a2315756aba@group-64F54E139875-PendingRequests: sendNotLeaderResponses
2019-10-02 23:10:07,403 [main] INFO  impl.StateMachineUpdater (StateMachineUpdater.java:stopAndJoin(136)) - 30dcc1bd-8983-425b-be63-9a3f45c28216@group-42A7875494CC-StateMachineUpdater: set stopIndex = -1
2019-10-02 23:10:07,403 [Thread-2009] INFO  impl.FollowerState (FollowerState.java:run(117)) - 30dcc1bd-8983-425b-be63-9a3f45c28216@group-42A7875494CC-FollowerState was interrupted: java.lang.InterruptedException: sleep interrupted
2019-10-02 23:10:07,403 [main] INFO  impl.RaftServerImpl (ServerState.java:close(387)) - 30dcc1bd-8983-425b-be63-9a3f45c28216@group-42A7875494CC: closes. applyIndex: -1
2019-10-02 23:10:07,403 [ForkJoinPool.commonPool-worker-0] INFO  impl.StateMachineUpdater (StateMachineUpdater.java:stopAndJoin(136)) - 12beac55-0773-4b67-9ccc-0a2315756aba@group-64F54E139875-StateMachineUpdater: set stopIndex = 0
2019-10-02 23:10:07,407 [ForkJoinPool.commonPool-worker-0] INFO  impl.RaftServerImpl (ServerState.java:close(387)) - 12beac55-0773-4b67-9ccc-0a2315756aba@group-64F54E139875: closes. applyIndex: 0
2019-10-02 23:10:07,407 [12beac55-0773-4b67-9ccc-0a2315756aba@group-64F54E139875-SegmentedRaftLogWorker] INFO  segmented.SegmentedRaftLogWorker (SegmentedRaftLogWorker.java:run(316)) - 12beac55-0773-4b67-9ccc-0a2315756aba@group-64F54E139875-SegmentedRaftLogWorker was interrupted, exiting. There are 0 tasks remaining in the queue.
2019-10-02 23:10:07,407 [30dcc1bd-8983-425b-be63-9a3f45c28216@group-42A7875494CC-SegmentedRaftLogWorker] INFO  segmented.SegmentedRaftLogWorker (SegmentedRaftLogWorker.java:run(316)) - 30dcc1bd-8983-425b-be63-9a3f45c28216@group-42A7875494CC-SegmentedRaftLogWorker was interrupted, exiting. There are 0 tasks remaining in the queue.
2019-10-02 23:10:07,410 [ForkJoinPool.commonPool-worker-0] INFO  segmented.SegmentedRaftLogWorker (SegmentedRaftLogWorker.java:close(224)) - 12beac55-0773-4b67-9ccc-0a2315756aba@group-64F54E139875-SegmentedRaftLogWorker close()
2019-10-02 23:10:07,412 [main] INFO  segmented.SegmentedRaftLogWorker (SegmentedRaftLogWorker.java:close(224)) - 30dcc1bd-8983-425b-be63-9a3f45c28216@group-42A7875494CC-SegmentedRaftLogWorker close()
2019-10-02 23:10:07,415 [ForkJoinPool.commonPool-worker-0] INFO  impl.RaftServerImpl (RaftServerImpl.java:lambda$shutdown$3(247)) - 12beac55-0773-4b67-9ccc-0a2315756aba@group-42A7875494CC: shutdown
2019-10-02 23:10:07,425 [main] INFO  impl.RaftServerImpl (RaftServerImpl.java:lambda$shutdown$3(247)) - 30dcc1bd-8983-425b-be63-9a3f45c28216@group-11E438EF06A9: shutdown
2019-10-02 23:10:07,425 [ForkJoinPool.commonPool-worker-0] INFO  util.JmxRegister (JmxRegister.java:unregister(73)) - Successfully un-registered JMX Bean with object name Ratis:service=RaftServer,group=group-42A7875494CC,id=12beac55-0773-4b67-9ccc-0a2315756aba
2019-10-02 23:10:07,425 [main] INFO  util.JmxRegister (JmxRegister.java:unregister(73)) - Successfully un-registered JMX Bean with object name Ratis:service=RaftServer,group=group-11E438EF06A9,id=30dcc1bd-8983-425b-be63-9a3f45c28216
2019-10-02 23:10:07,425 [ForkJoinPool.commonPool-worker-0] INFO  impl.RoleInfo (RoleInfo.java:shutdownLeaderState(104)) - 12beac55-0773-4b67-9ccc-0a2315756aba: shutdown LeaderState
2019-10-02 23:10:07,426 [main] INFO  impl.RoleInfo (RoleInfo.java:shutdownLeaderState(104)) - 30dcc1bd-8983-425b-be63-9a3f45c28216: shutdown LeaderState
2019-10-02 23:10:07,429 [org.apache.ratis.server.impl.LogAppender$AppenderDaemon$$Lambda$470/1572914781@457acfe6] WARN  server.GrpcLogAppender (GrpcLogAppender.java:mayWait(143)) - 12beac55-0773-4b67-9ccc-0a2315756aba@group-42A7875494CC->742df0bb-8627-4cfd-8bd6-9b7bcc7eeaa4-GrpcLogAppender: Wait interrupted by java.lang.InterruptedException
2019-10-02 23:10:07,429 [org.apache.ratis.server.impl.LogAppender$AppenderDaemon$$Lambda$470/1572914781@4e26d276] WARN  server.GrpcLogAppender (GrpcLogAppender.java:mayWait(143)) - 12beac55-0773-4b67-9ccc-0a2315756aba@group-42A7875494CC->30dcc1bd-8983-425b-be63-9a3f45c28216-GrpcLogAppender: Wait interrupted by java.lang.InterruptedException
2019-10-02 23:10:07,429 [ForkJoinPool.commonPool-worker-0] INFO  impl.PendingRequests (PendingRequests.java:sendNotLeaderResponses(202)) - 12beac55-0773-4b67-9ccc-0a2315756aba@group-42A7875494CC-PendingRequests: sendNotLeaderResponses
2019-10-02 23:10:07,429 [main] INFO  impl.PendingRequests (PendingRequests.java:sendNotLeaderResponses(202)) - 30dcc1bd-8983-425b-be63-9a3f45c28216@group-11E438EF06A9-PendingRequests: sendNotLeaderResponses
2019-10-02 23:10:07,429 [ForkJoinPool.commonPool-worker-0] INFO  impl.StateMachineUpdater (StateMachineUpdater.java:stopAndJoin(136)) - 12beac55-0773-4b67-9ccc-0a2315756aba@group-42A7875494CC-StateMachineUpdater: set stopIndex = 0
2019-10-02 23:10:07,430 [grpc-default-executor-1] INFO  server.GrpcServerProtocolService (GrpcServerProtocolService.java:onCompleted(113)) - 742df0bb-8627-4cfd-8bd6-9b7bcc7eeaa4: Completed APPEND_ENTRIES, lastRequest: 12beac55-0773-4b67-9ccc-0a2315756aba->742df0bb-8627-4cfd-8bd6-9b7bcc7eeaa4#1-t1, previous=(t:0, i:0), leaderCommit=-1, initializing? false, entries: size=1, first=(t:1, i:0), CONFIGURATIONENTRY
2019-10-02 23:10:07,430 [main] INFO  impl.StateMachineUpdater (StateMachineUpdater.java:stopAndJoin(136)) - 30dcc1bd-8983-425b-be63-9a3f45c28216@group-11E438EF06A9-StateMachineUpdater: set stopIndex = 0
2019-10-02 23:10:07,429 [grpc-default-executor-2] INFO  server.GrpcServerProtocolService (GrpcServerProtocolService.java:onCompleted(113)) - 30dcc1bd-8983-425b-be63-9a3f45c28216: Completed APPEND_ENTRIES, lastRequest: 12beac55-0773-4b67-9ccc-0a2315756aba->30dcc1bd-8983-425b-be63-9a3f45c28216#1-t1, previous=(t:0, i:0), leaderCommit=-1, initializing? false, entries: size=1, first=(t:1, i:0), CONFIGURATIONENTRY
2019-10-02 23:10:07,430 [main] INFO  impl.RaftServerImpl (ServerState.java:close(387)) - 30dcc1bd-8983-425b-be63-9a3f45c28216@group-11E438EF06A9: closes. applyIndex: 0
2019-10-02 23:10:07,430 [ForkJoinPool.commonPool-worker-0] INFO  impl.RaftServerImpl (ServerState.java:close(387)) - 12beac55-0773-4b67-9ccc-0a2315756aba@group-42A7875494CC: closes. applyIndex: 0
2019-10-02 23:10:07,431 [30dcc1bd-8983-425b-be63-9a3f45c28216@group-11E438EF06A9-SegmentedRaftLogWorker] INFO  segmented.SegmentedRaftLogWorker (SegmentedRaftLogWorker.java:run(316)) - 30dcc1bd-8983-425b-be63-9a3f45c28216@group-11E438EF06A9-SegmentedRaftLogWorker was interrupted, exiting. There are 0 tasks remaining in the queue.
2019-10-02 23:10:07,431 [12beac55-0773-4b67-9ccc-0a2315756aba@group-42A7875494CC-SegmentedRaftLogWorker] INFO  segmented.SegmentedRaftLogWorker (SegmentedRaftLogWorker.java:run(316)) - 12beac55-0773-4b67-9ccc-0a2315756aba@group-42A7875494CC-SegmentedRaftLogWorker was interrupted, exiting. There are 0 tasks remaining in the queue.
2019-10-02 23:10:07,430 [grpc-default-executor-1] INFO  server.GrpcLogAppender (GrpcLogAppender.java:onCompleted(293)) - 12beac55-0773-4b67-9ccc-0a2315756aba@group-42A7875494CC->742df0bb-8627-4cfd-8bd6-9b7bcc7eeaa4-AppendLogResponseHandler: follower responses appendEntries COMPLETED
2019-10-02 23:10:07,433 [ForkJoinPool.commonPool-worker-0] INFO  segmented.SegmentedRaftLogWorker (SegmentedRaftLogWorker.java:close(224)) - 12beac55-0773-4b67-9ccc-0a2315756aba@group-42A7875494CC-SegmentedRaftLogWorker close()
2019-10-02 23:10:07,433 [main] INFO  segmented.SegmentedRaftLogWorker (SegmentedRaftLogWorker.java:close(224)) - 30dcc1bd-8983-425b-be63-9a3f45c28216@group-11E438EF06A9-SegmentedRaftLogWorker close()
2019-10-02 23:10:07,431 [grpc-default-executor-0] INFO  server.GrpcLogAppender (GrpcLogAppender.java:onCompleted(293)) - 12beac55-0773-4b67-9ccc-0a2315756aba@group-42A7875494CC->30dcc1bd-8983-425b-be63-9a3f45c28216-AppendLogResponseHandler: follower responses appendEntries COMPLETED
2019-10-02 23:10:07,438 [grpc-default-executor-1] INFO  impl.FollowerInfo (FollowerInfo.java:lambda$new$0(51)) - 12beac55-0773-4b67-9ccc-0a2315756aba@group-42A7875494CC->742df0bb-8627-4cfd-8bd6-9b7bcc7eeaa4: nextIndex: updateUnconditionally 1 -> 0
2019-10-02 23:10:07,438 [main] INFO  server.GrpcService (GrpcService.java:closeImpl(164)) - 30dcc1bd-8983-425b-be63-9a3f45c28216: shutdown server with port 45271 now
2019-10-02 23:10:07,436 [ForkJoinPool.commonPool-worker-0] INFO  server.GrpcService (GrpcService.java:closeImpl(164)) - 12beac55-0773-4b67-9ccc-0a2315756aba: shutdown server with port 40084 now
2019-10-02 23:10:07,439 [grpc-default-executor-0] INFO  impl.FollowerInfo (FollowerInfo.java:lambda$new$0(51)) - 12beac55-0773-4b67-9ccc-0a2315756aba@group-42A7875494CC->30dcc1bd-8983-425b-be63-9a3f45c28216: nextIndex: updateUnconditionally 1 -> 0
2019-10-02 23:10:07,440 [ForkJoinPool.commonPool-worker-0] INFO  server.GrpcService (GrpcService.java:closeImpl(172)) - 12beac55-0773-4b67-9ccc-0a2315756aba: shutdown server with port 40084 successfully
2019-10-02 23:10:07,439 [main] INFO  server.GrpcService (GrpcService.java:closeImpl(172)) - 30dcc1bd-8983-425b-be63-9a3f45c28216: shutdown server with port 45271 successfully
2019-10-02 23:10:07,442 [refreshUsed-/workdir/hadoop-ozone/ozonefs/target/test-dir/MiniOzoneClusterImpl-6a72a465-6c93-4baa-ad8a-1bc5d074397d/datanode-0/data/containers] WARN  fs.CachingGetSpaceUsed (CachingGetSpaceUsed.java:run(183)) - Thread Interrupted waiting to refresh disk information: sleep interrupted
2019-10-02 23:10:07,443 [refreshUsed-/workdir/hadoop-ozone/ozonefs/target/test-dir/MiniOzoneClusterImpl-6a72a465-6c93-4baa-ad8a-1bc5d074397d/datanode-1/data/containers] WARN  fs.CachingGetSpaceUsed (CachingGetSpaceUsed.java:run(183)) - Thread Interrupted waiting to refresh disk information: sleep interrupted
2019-10-02 23:10:07,462 [main] INFO  utils.BackgroundService (BackgroundService.java:shutdown(148)) - Shutting down service BlockDeletingService
2019-10-02 23:10:07,465 [main] INFO  statemachine.DatanodeStateMachine (DatanodeStateMachine.java:stopDaemon(395)) - Ozone container server stopped.
2019-10-02 23:10:07,466 [main] INFO  handler.ContextHandler (ContextHandler.java:doStop(910)) - Stopped o.e.j.w.WebAppContext@30afb481{/,null,UNAVAILABLE}{/hddsDatanode}
2019-10-02 23:10:07,466 [main] INFO  server.AbstractConnector (AbstractConnector.java:doStop(318)) - Stopped ServerConnector@5c573229{HTTP/1.1,[http/1.1]}{0.0.0.0:0}
2019-10-02 23:10:07,467 [main] INFO  handler.ContextHandler (ContextHandler.java:doStop(910)) - Stopped o.e.j.s.ServletContextHandler@657b3b{/static,jar:file:/home/user/.m2/repository/org/apache/hadoop/hadoop-hdds-container-service/0.5.0-SNAPSHOT/hadoop-hdds-container-service-0.5.0-SNAPSHOT.jar!/webapps/static,UNAVAILABLE}
2019-10-02 23:10:07,467 [ForkJoinPool.commonPool-worker-0] INFO  utils.BackgroundService (BackgroundService.java:shutdown(148)) - Shutting down service BlockDeletingService
2019-10-02 23:10:07,467 [main] INFO  handler.ContextHandler (ContextHandler.java:doStop(910)) - Stopped o.e.j.s.ServletContextHandler@6f24ce45{/logs,file:///workdir/hadoop-ozone/ozonefs/target/log,UNAVAILABLE}
2019-10-02 23:10:07,470 [ForkJoinPool.commonPool-worker-0] INFO  statemachine.DatanodeStateMachine (DatanodeStateMachine.java:stopDaemon(395)) - Ozone container server stopped.
2019-10-02 23:10:07,473 [ForkJoinPool.commonPool-worker-0] INFO  handler.ContextHandler (ContextHandler.java:doStop(910)) - Stopped o.e.j.w.WebAppContext@59baf2c7{/,null,UNAVAILABLE}{/hddsDatanode}
2019-10-02 23:10:07,473 [ForkJoinPool.commonPool-worker-0] INFO  server.AbstractConnector (AbstractConnector.java:doStop(318)) - Stopped ServerConnector@ce655b9{HTTP/1.1,[http/1.1]}{0.0.0.0:0}
2019-10-02 23:10:07,474 [ForkJoinPool.commonPool-worker-0] INFO  handler.ContextHandler (ContextHandler.java:doStop(910)) - Stopped o.e.j.s.ServletContextHandler@bfe47a8{/static,jar:file:/home/user/.m2/repository/org/apache/hadoop/hadoop-hdds-container-service/0.5.0-SNAPSHOT/hadoop-hdds-container-service-0.5.0-SNAPSHOT.jar!/webapps/static,UNAVAILABLE}
2019-10-02 23:10:07,475 [ForkJoinPool.commonPool-worker-0] INFO  handler.ContextHandler (ContextHandler.java:doStop(910)) - Stopped o.e.j.s.ServletContextHandler@18dd7767{/logs,file:///workdir/hadoop-ozone/ozonefs/target/log,UNAVAILABLE}
2019-10-02 23:10:08,288 [Datanode State Machine Thread - 0] INFO  statemachine.DatanodeStateMachine (DatanodeStateMachine.java:lambda$startDaemon$0(350)) - Ozone container server started.
2019-10-02 23:10:12,472 [main] INFO  ozoneimpl.OzoneContainer (OzoneContainer.java:stop(231)) - Attempting to stop container services.
2019-10-02 23:10:12,472 [main] INFO  impl.RaftServerProxy (RaftServerProxy.java:lambda$close$4(314)) - 742df0bb-8627-4cfd-8bd6-9b7bcc7eeaa4: close
2019-10-02 23:10:12,473 [main] INFO  impl.RaftServerImpl (RaftServerImpl.java:lambda$shutdown$3(247)) - 742df0bb-8627-4cfd-8bd6-9b7bcc7eeaa4@group-A3D6FD583142: shutdown
2019-10-02 23:10:12,473 [ForkJoinPool.commonPool-worker-1] INFO  impl.RaftServerImpl (RaftServerImpl.java:lambda$shutdown$3(247)) - 742df0bb-8627-4cfd-8bd6-9b7bcc7eeaa4@group-42A7875494CC: shutdown
2019-10-02 23:10:12,474 [main] INFO  util.JmxRegister (JmxRegister.java:unregister(73)) - Successfully un-registered JMX Bean with object name Ratis:service=RaftServer,group=group-A3D6FD583142,id=742df0bb-8627-4cfd-8bd6-9b7bcc7eeaa4
2019-10-02 23:10:12,474 [ForkJoinPool.commonPool-worker-1] INFO  util.JmxRegister (JmxRegister.java:unregister(73)) - Successfully un-registered JMX Bean with object name Ratis:service=RaftServer,group=group-42A7875494CC,id=742df0bb-8627-4cfd-8bd6-9b7bcc7eeaa4
2019-10-02 23:10:12,474 [main] INFO  impl.RoleInfo (RoleInfo.java:shutdownLeaderState(104)) - 742df0bb-8627-4cfd-8bd6-9b7bcc7eeaa4: shutdown LeaderState
2019-10-02 23:10:12,474 [ForkJoinPool.commonPool-worker-1] INFO  impl.RoleInfo (RoleInfo.java:shutdownFollowerState(121)) - 742df0bb-8627-4cfd-8bd6-9b7bcc7eeaa4: shutdown FollowerState
2019-10-02 23:10:12,475 [main] INFO  impl.PendingRequests (PendingRequests.java:sendNotLeaderResponses(202)) - 742df0bb-8627-4cfd-8bd6-9b7bcc7eeaa4@group-A3D6FD583142-PendingRequests: sendNotLeaderResponses
2019-10-02 23:10:12,475 [Thread-2010] INFO  impl.FollowerState (FollowerState.java:run(117)) - 742df0bb-8627-4cfd-8bd6-9b7bcc7eeaa4@group-42A7875494CC-FollowerState was interrupted: java.lang.InterruptedException: sleep interrupted
2019-10-02 23:10:12,475 [ForkJoinPool.commonPool-worker-1] INFO  impl.StateMachineUpdater (StateMachineUpdater.java:stopAndJoin(136)) - 742df0bb-8627-4cfd-8bd6-9b7bcc7eeaa4@group-42A7875494CC-StateMachineUpdater: set stopIndex = -1
2019-10-02 23:10:12,480 [ForkJoinPool.commonPool-worker-1] INFO  impl.RaftServerImpl (ServerState.java:close(387)) - 742df0bb-8627-4cfd-8bd6-9b7bcc7eeaa4@group-42A7875494CC: closes. applyIndex: -1
2019-10-02 23:10:12,475 [main] INFO  impl.StateMachineUpdater (StateMachineUpdater.java:stopAndJoin(136)) - 742df0bb-8627-4cfd-8bd6-9b7bcc7eeaa4@group-A3D6FD583142-StateMachineUpdater: set stopIndex = 0
2019-10-02 23:10:12,481 [742df0bb-8627-4cfd-8bd6-9b7bcc7eeaa4@group-42A7875494CC-SegmentedRaftLogWorker] INFO  segmented.SegmentedRaftLogWorker (SegmentedRaftLogWorker.java:run(316)) - 742df0bb-8627-4cfd-8bd6-9b7bcc7eeaa4@group-42A7875494CC-SegmentedRaftLogWorker was interrupted, exiting. There are 0 tasks remaining in the queue.
2019-10-02 23:10:12,481 [main] INFO  impl.RaftServerImpl (ServerState.java:close(387)) - 742df0bb-8627-4cfd-8bd6-9b7bcc7eeaa4@group-A3D6FD583142: closes. applyIndex: 0
2019-10-02 23:10:12,482 [ForkJoinPool.commonPool-worker-1] INFO  segmented.SegmentedRaftLogWorker (SegmentedRaftLogWorker.java:close(224)) - 742df0bb-8627-4cfd-8bd6-9b7bcc7eeaa4@group-42A7875494CC-SegmentedRaftLogWorker close()
2019-10-02 23:10:12,482 [742df0bb-8627-4cfd-8bd6-9b7bcc7eeaa4@group-A3D6FD583142-SegmentedRaftLogWorker] INFO  segmented.SegmentedRaftLogWorker (SegmentedRaftLogWorker.java:run(316)) - 742df0bb-8627-4cfd-8bd6-9b7bcc7eeaa4@group-A3D6FD583142-SegmentedRaftLogWorker was interrupted, exiting. There are 0 tasks remaining in the queue.
2019-10-02 23:10:12,494 [main] INFO  segmented.SegmentedRaftLogWorker (SegmentedRaftLogWorker.java:close(224)) - 742df0bb-8627-4cfd-8bd6-9b7bcc7eeaa4@group-A3D6FD583142-SegmentedRaftLogWorker close()
2019-10-02 23:10:12,495 [main] INFO  server.GrpcService (GrpcService.java:closeImpl(164)) - 742df0bb-8627-4cfd-8bd6-9b7bcc7eeaa4: shutdown server with port 38262 now
2019-10-02 23:10:12,495 [main] INFO  server.GrpcService (GrpcService.java:closeImpl(172)) - 742df0bb-8627-4cfd-8bd6-9b7bcc7eeaa4: shutdown server with port 38262 successfully
2019-10-02 23:10:12,499 [refreshUsed-/workdir/hadoop-ozone/ozonefs/target/test-dir/MiniOzoneClusterImpl-6a72a465-6c93-4baa-ad8a-1bc5d074397d/datanode-2/data/containers] WARN  fs.CachingGetSpaceUsed (CachingGetSpaceUsed.java:run(183)) - Thread Interrupted waiting to refresh disk information: sleep interrupted
2019-10-02 23:10:12,522 [main] INFO  utils.BackgroundService (BackgroundService.java:shutdown(148)) - Shutting down service BlockDeletingService
2019-10-02 23:10:12,525 [main] INFO  statemachine.DatanodeStateMachine (DatanodeStateMachine.java:stopDaemon(395)) - Ozone container server stopped.
2019-10-02 23:10:12,526 [main] INFO  handler.ContextHandler (ContextHandler.java:doStop(910)) - Stopped o.e.j.w.WebAppContext@7afb9c93{/,null,UNAVAILABLE}{/hddsDatanode}
2019-10-02 23:10:12,527 [main] INFO  server.AbstractConnector (AbstractConnector.java:doStop(318)) - Stopped ServerConnector@30d15e4a{HTTP/1.1,[http/1.1]}{0.0.0.0:0}
2019-10-02 23:10:12,527 [main] INFO  handler.ContextHandler (ContextHandler.java:doStop(910)) - Stopped o.e.j.s.ServletContextHandler@16b76858{/static,jar:file:/home/user/.m2/repository/org/apache/hadoop/hadoop-hdds-container-service/0.5.0-SNAPSHOT/hadoop-hdds-container-service-0.5.0-SNAPSHOT.jar!/webapps/static,UNAVAILABLE}
2019-10-02 23:10:12,528 [main] INFO  handler.ContextHandler (ContextHandler.java:doStop(910)) - Stopped o.e.j.s.ServletContextHandler@697a92af{/logs,file:///workdir/hadoop-ozone/ozonefs/target/log,UNAVAILABLE}
2019-10-02 23:10:12,528 [main] INFO  ozone.MiniOzoneClusterImpl (MiniOzoneClusterImpl.java:stopSCM(392)) - Stopping the StorageContainerManager
2019-10-02 23:10:12,528 [main] INFO  server.StorageContainerManager (StorageContainerManager.java:stop(808)) - Stopping Replication Manager Service.
2019-10-02 23:10:12,529 [main] INFO  container.ReplicationManager (ReplicationManager.java:stop(203)) - Stopping Replication Monitor Thread.
2019-10-02 23:10:12,529 [main] INFO  server.StorageContainerManager (StorageContainerManager.java:stop(815)) - Stopping Lease Manager of the command watchers
2019-10-02 23:10:12,529 [main] INFO  server.StorageContainerManager (StorageContainerManager.java:stop(822)) - Stopping datanode service RPC server
2019-10-02 23:10:12,529 [main] INFO  server.SCMDatanodeProtocolServer (SCMDatanodeProtocolServer.java:stop(367)) - Stopping the RPC server for DataNodes
2019-10-02 23:10:12,529 [main] INFO  ipc.Server (Server.java:stop(3082)) - Stopping server on 44114
2019-10-02 23:10:12,531 [IPC Server listener on 44114] INFO  ipc.Server (Server.java:run(1185)) - Stopping IPC Server listener on 44114
2019-10-02 23:10:12,532 [IPC Server Responder] INFO  ipc.Server (Server.java:run(1319)) - Stopping IPC Server Responder
2019-10-02 23:10:12,618 [SCM Heartbeat Processing Thread - 0] WARN  node.NodeStateManager (NodeStateManager.java:scheduleNextHealthCheck(646)) - Current Thread is interrupted, shutting down HB processing thread for Node Manager.
2019-10-02 23:10:12,618 [main] INFO  server.StorageContainerManager (StorageContainerManager.java:stop(830)) - Stopping block service RPC server
2019-10-02 23:10:12,618 [main] INFO  server.SCMBlockProtocolServer (SCMBlockProtocolServer.java:stop(155)) - Stopping the RPC server for Block Protocol
2019-10-02 23:10:12,619 [main] INFO  ipc.Server (Server.java:stop(3082)) - Stopping server on 34359
2019-10-02 23:10:12,621 [IPC Server listener on 34359] INFO  ipc.Server (Server.java:run(1185)) - Stopping IPC Server listener on 34359
2019-10-02 23:10:12,621 [main] INFO  server.StorageContainerManager (StorageContainerManager.java:stop(837)) - Stopping the StorageContainerLocationProtocol RPC server
2019-10-02 23:10:12,621 [main] INFO  server.SCMClientProtocolServer (SCMClientProtocolServer.java:stop(158)) - Stopping the RPC server for Client Protocol
2019-10-02 23:10:12,622 [main] INFO  ipc.Server (Server.java:stop(3082)) - Stopping server on 36938
2019-10-02 23:10:12,621 [IPC Server Responder] INFO  ipc.Server (Server.java:run(1319)) - Stopping IPC Server Responder
2019-10-02 23:10:12,623 [IPC Server listener on 36938] INFO  ipc.Server (Server.java:run(1185)) - Stopping IPC Server listener on 36938
2019-10-02 23:10:12,624 [main] INFO  server.StorageContainerManager (StorageContainerManager.java:stop(844)) - Stopping Storage Container Manager HTTP server.
2019-10-02 23:10:12,624 [IPC Server Responder] INFO  ipc.Server (Server.java:run(1319)) - Stopping IPC Server Responder
2019-10-02 23:10:12,625 [main] INFO  handler.ContextHandler (ContextHandler.java:doStop(910)) - Stopped o.e.j.w.WebAppContext@7d522180{/,null,UNAVAILABLE}{/scm}
2019-10-02 23:10:12,626 [main] INFO  server.AbstractConnector (AbstractConnector.java:doStop(318)) - Stopped ServerConnector@ff03361{HTTP/1.1,[http/1.1]}{0.0.0.0:0}
2019-10-02 23:10:12,626 [main] INFO  handler.ContextHandler (ContextHandler.java:doStop(910)) - Stopped o.e.j.s.ServletContextHandler@acb5508{/static,jar:file:/home/user/.m2/repository/org/apache/hadoop/hadoop-hdds-server-scm/0.5.0-SNAPSHOT/hadoop-hdds-server-scm-0.5.0-SNAPSHOT.jar!/webapps/static,UNAVAILABLE}
2019-10-02 23:10:12,626 [main] INFO  handler.ContextHandler (ContextHandler.java:doStop(910)) - Stopped o.e.j.s.ServletContextHandler@4fad51a3{/logs,file:///workdir/hadoop-ozone/ozonefs/target/log,UNAVAILABLE}
2019-10-02 23:10:12,627 [main] INFO  server.StorageContainerManager (StorageContainerManager.java:stop(855)) - Stopping Block Manager Service.
2019-10-02 23:10:12,627 [main] INFO  utils.BackgroundService (BackgroundService.java:shutdown(148)) - Shutting down service SCMBlockDeletingService
2019-10-02 23:10:12,627 [main] INFO  utils.BackgroundService (BackgroundService.java:shutdown(148)) - Shutting down service SCMBlockDeletingService
2019-10-02 23:10:12,628 [main] INFO  server.StorageContainerManager (StorageContainerManager.java:stop(877)) - Stopping SCM Event Queue.
2019-10-02 23:10:12,634 [main] INFO  impl.MetricsSystemImpl (MetricsSystemImpl.java:stop(210)) - Stopping HddsDatanode metrics system...
2019-10-02 23:10:12,639 [main] INFO  impl.MetricsSystemImpl (MetricsSystemImpl.java:stop(216)) - HddsDatanode metrics system stopped.
]]></system-out>
  </testcase>
  <testcase name="testPathToKey[1]" classname="org.apache.hadoop.fs.ozone.TestOzoneFileInterfaces" time="16.07"/>
  <testcase name="testFileSystemInit[1]" classname="org.apache.hadoop.fs.ozone.TestOzoneFileInterfaces" time="17.287"/>
  <testcase name="testOzFsReadWrite[1]" classname="org.apache.hadoop.fs.ozone.TestOzoneFileInterfaces" time="22.934"/>
</testsuite>