<?xml version="1.0" encoding="UTF-8"?>
<testsuite xmlns:xsi="http://www.w3.org/2001/XMLSchema-instance" xsi:noNamespaceSchemaLocation="https://maven.apache.org/surefire/maven-surefire-plugin/xsd/surefire-test-report.xsd" name="org.apache.hadoop.ozone.client.rpc.TestBlockOutputStreamWithFailures" time="746.714" tests="8" errors="0" skipped="0" failures="1">
  <properties>
    <property name="awt.toolkit" value="sun.awt.X11.XToolkit"/>
    <property name="file.encoding.pkg" value="sun.io"/>
    <property name="java.specification.version" value="1.8"/>
    <property name="sun.cpu.isalist" value=""/>
    <property name="sun.jnu.encoding" value="UTF-8"/>
    <property name="java.class.path" value="/workdir/hadoop-ozone/integration-test/target/test-classes:/workdir/hadoop-ozone/integration-test/target/classes:/home/user/.m2/repository/org/apache/hadoop/hadoop-ozone-common/0.5.0-SNAPSHOT/hadoop-ozone-common-0.5.0-SNAPSHOT.jar:/home/user/.m2/repository/org/apache/commons/commons-compress/1.4.1/commons-compress-1.4.1.jar:/home/user/.m2/repository/org/tukaani/xz/1.0/xz-1.0.jar:/home/user/.m2/repository/org/apache/hadoop/hadoop-common/3.2.0/hadoop-common-3.2.0.jar:/home/user/.m2/repository/org/apache/hadoop/hadoop-hdfs/3.2.0/hadoop-hdfs-3.2.0.jar:/home/user/.m2/repository/org/apache/hadoop/hadoop-hdfs-client/3.2.0/hadoop-hdfs-client-3.2.0.jar:/home/user/.m2/repository/com/fasterxml/jackson/core/jackson-annotations/2.9.9/jackson-annotations-2.9.9.jar:/home/user/.m2/repository/org/apache/hadoop/hadoop-hdds-common/0.5.0-SNAPSHOT/hadoop-hdds-common-0.5.0-SNAPSHOT.jar:/home/user/.m2/repository/javax/annotation/javax.annotation-api/1.2/javax.annotation-api-1.2.jar:/home/user/.m2/repository/org/apache/ratis/ratis-server/0.5.0-201fc85-SNAPSHOT/ratis-server-0.5.0-201fc85-SNAPSHOT.jar:/home/user/.m2/repository/org/apache/ratis/ratis-thirdparty-misc/0.2.0/ratis-thirdparty-misc-0.2.0.jar:/home/user/.m2/repository/org/apache/ratis/ratis-proto/0.5.0-201fc85-SNAPSHOT/ratis-proto-0.5.0-201fc85-SNAPSHOT.jar:/home/user/.m2/repository/org/apache/ratis/ratis-common/0.5.0-201fc85-SNAPSHOT/ratis-common-0.5.0-201fc85-SNAPSHOT.jar:/home/user/.m2/repository/org/apache/ratis/ratis-client/0.5.0-201fc85-SNAPSHOT/ratis-client-0.5.0-201fc85-SNAPSHOT.jar:/home/user/.m2/repository/org/apache/ratis/ratis-metrics/0.5.0-201fc85-SNAPSHOT/ratis-metrics-0.5.0-201fc85-SNAPSHOT.jar:/home/user/.m2/repository/com/github/joshelser/dropwizard-metrics-hadoop-metrics2-reporter/0.1.2/dropwizard-metrics-hadoop-metrics2-reporter-0.1.2.jar:/home/user/.m2/repository/io/dropwizard/metrics/metrics-jvm/3.2.5/metrics-jvm-3.2.5.jar:/home/user/.m2/repository/io/dropwizard/metrics/metrics-ganglia/3.2.5/metrics-ganglia-3.2.5.jar:/home/user/.m2/repository/info/ganglia/gmetric4j/gmetric4j/1.0.7/gmetric4j-1.0.7.jar:/home/user/.m2/repository/org/apache/ratis/ratis-netty/0.5.0-201fc85-SNAPSHOT/ratis-netty-0.5.0-201fc85-SNAPSHOT.jar:/home/user/.m2/repository/org/apache/ratis/ratis-grpc/0.5.0-201fc85-SNAPSHOT/ratis-grpc-0.5.0-201fc85-SNAPSHOT.jar:/home/user/.m2/repository/org/rocksdb/rocksdbjni/6.0.1/rocksdbjni-6.0.1.jar:/home/user/.m2/repository/org/apache/logging/log4j/log4j-api/2.11.0/log4j-api-2.11.0.jar:/home/user/.m2/repository/org/apache/logging/log4j/log4j-core/2.11.0/log4j-core-2.11.0.jar:/home/user/.m2/repository/com/lmax/disruptor/3.4.2/disruptor-3.4.2.jar:/home/user/.m2/repository/org/apache/commons/commons-pool2/2.6.0/commons-pool2-2.6.0.jar:/home/user/.m2/repository/org/bouncycastle/bcpkix-jdk15on/1.60/bcpkix-jdk15on-1.60.jar:/home/user/.m2/repository/commons-validator/commons-validator/1.6/commons-validator-1.6.jar:/home/user/.m2/repository/commons-digester/commons-digester/1.8.1/commons-digester-1.8.1.jar:/home/user/.m2/repository/io/jaegertracing/jaeger-client/0.34.0/jaeger-client-0.34.0.jar:/home/user/.m2/repository/io/jaegertracing/jaeger-thrift/0.34.0/jaeger-thrift-0.34.0.jar:/home/user/.m2/repository/org/apache/thrift/libthrift/0.12.0/libthrift-0.12.0.jar:/home/user/.m2/repository/com/squareup/okhttp3/okhttp/3.9.0/okhttp-3.9.0.jar:/home/user/.m2/repository/com/squareup/okio/okio/1.13.0/okio-1.13.0.jar:/home/user/.m2/repository/io/jaegertracing/jaeger-core/0.34.0/jaeger-core-0.34.0.jar:/home/user/.m2/repository/io/jaegertracing/jaeger-tracerresolver/0.34.0/jaeger-tracerresolver-0.34.0.jar:/home/user/.m2/repository/io/opentracing/contrib/opentracing-tracerresolver/0.1.5/opentracing-tracerresolver-0.1.5.jar:/home/user/.m2/repository/io/opentracing/opentracing-util/0.31.0/opentracing-util-0.31.0.jar:/home/user/.m2/repository/io/opentracing/opentracing-api/0.31.0/opentracing-api-0.31.0.jar:/home/user/.m2/repository/io/opentracing/opentracing-noop/0.31.0/opentracing-noop-0.31.0.jar:/home/user/.m2/repository/org/apache/hadoop/hadoop-hdds-server-framework/0.5.0-SNAPSHOT/hadoop-hdds-server-framework-0.5.0-SNAPSHOT.jar:/home/user/.m2/repository/org/apache/hadoop/hadoop-hdds-container-service/0.5.0-SNAPSHOT/hadoop-hdds-container-service-0.5.0-SNAPSHOT.jar:/home/user/.m2/repository/org/apache/hadoop/hadoop-hdds-client/0.5.0-SNAPSHOT/hadoop-hdds-client-0.5.0-SNAPSHOT.jar:/home/user/.m2/repository/org/apache/hadoop/hadoop-hdds-tools/0.5.0-SNAPSHOT/hadoop-hdds-tools-0.5.0-SNAPSHOT.jar:/home/user/.m2/repository/org/apache/hadoop/hadoop-hdds-server-scm/0.5.0-SNAPSHOT/hadoop-hdds-server-scm-0.5.0-SNAPSHOT.jar:/home/user/.m2/repository/org/apache/hadoop/hadoop-hdds-docs/0.5.0-SNAPSHOT/hadoop-hdds-docs-0.5.0-SNAPSHOT.jar:/home/user/.m2/repository/io/dropwizard/metrics/metrics-core/3.2.4/metrics-core-3.2.4.jar:/home/user/.m2/repository/org/hamcrest/hamcrest-all/1.3/hamcrest-all-1.3.jar:/home/user/.m2/repository/org/bouncycastle/bcprov-jdk15on/1.60/bcprov-jdk15on-1.60.jar:/home/user/.m2/repository/info/picocli/picocli/3.9.6/picocli-3.9.6.jar:/home/user/.m2/repository/com/google/protobuf/protobuf-java/2.5.0/protobuf-java-2.5.0.jar:/home/user/.m2/repository/com/google/guava/guava/11.0.2/guava-11.0.2.jar:/home/user/.m2/repository/org/apache/hadoop/hadoop-ozone-ozone-manager/0.5.0-SNAPSHOT/hadoop-ozone-ozone-manager-0.5.0-SNAPSHOT.jar:/home/user/.m2/repository/org/apache/hadoop/hadoop-minikdc/3.2.0/hadoop-minikdc-3.2.0.jar:/home/user/.m2/repository/commons-io/commons-io/2.5/commons-io-2.5.jar:/home/user/.m2/repository/org/apache/kerby/kerb-simplekdc/1.0.1/kerb-simplekdc-1.0.1.jar:/home/user/.m2/repository/org/apache/kerby/kerb-client/1.0.1/kerb-client-1.0.1.jar:/home/user/.m2/repository/org/apache/kerby/kerby-config/1.0.1/kerby-config-1.0.1.jar:/home/user/.m2/repository/org/apache/kerby/kerb-core/1.0.1/kerb-core-1.0.1.jar:/home/user/.m2/repository/org/apache/kerby/kerby-pkix/1.0.1/kerby-pkix-1.0.1.jar:/home/user/.m2/repository/org/apache/kerby/kerby-asn1/1.0.1/kerby-asn1-1.0.1.jar:/home/user/.m2/repository/org/apache/kerby/kerby-util/1.0.1/kerby-util-1.0.1.jar:/home/user/.m2/repository/org/apache/kerby/kerb-common/1.0.1/kerb-common-1.0.1.jar:/home/user/.m2/repository/org/apache/kerby/kerb-crypto/1.0.1/kerb-crypto-1.0.1.jar:/home/user/.m2/repository/org/apache/kerby/kerb-util/1.0.1/kerb-util-1.0.1.jar:/home/user/.m2/repository/org/apache/kerby/token-provider/1.0.1/token-provider-1.0.1.jar:/home/user/.m2/repository/org/apache/kerby/kerb-admin/1.0.1/kerb-admin-1.0.1.jar:/home/user/.m2/repository/org/apache/kerby/kerb-server/1.0.1/kerb-server-1.0.1.jar:/home/user/.m2/repository/org/apache/kerby/kerb-identity/1.0.1/kerb-identity-1.0.1.jar:/home/user/.m2/repository/org/apache/kerby/kerby-xdr/1.0.1/kerby-xdr-1.0.1.jar:/home/user/.m2/repository/org/slf4j/slf4j-log4j12/1.7.25/slf4j-log4j12-1.7.25.jar:/home/user/.m2/repository/org/apache/hadoop/hadoop-ozone-s3gateway/0.5.0-SNAPSHOT/hadoop-ozone-s3gateway-0.5.0-SNAPSHOT.jar:/home/user/.m2/repository/org/jboss/weld/servlet/weld-servlet/2.4.7.Final/weld-servlet-2.4.7.Final.jar:/home/user/.m2/repository/org/glassfish/jersey/containers/jersey-container-servlet-core/2.27/jersey-container-servlet-core-2.27.jar:/home/user/.m2/repository/org/glassfish/hk2/external/javax.inject/2.5.0-b42/javax.inject-2.5.0-b42.jar:/home/user/.m2/repository/org/glassfish/jersey/core/jersey-common/2.27/jersey-common-2.27.jar:/home/user/.m2/repository/org/glassfish/hk2/osgi-resource-locator/1.0.1/osgi-resource-locator-1.0.1.jar:/home/user/.m2/repository/javax/ws/rs/javax.ws.rs-api/2.1/javax.ws.rs-api-2.1.jar:/home/user/.m2/repository/org/glassfish/jersey/ext/cdi/jersey-cdi1x/2.27/jersey-cdi1x-2.27.jar:/home/user/.m2/repository/org/glassfish/jersey/inject/jersey-hk2/2.27/jersey-hk2-2.27.jar:/home/user/.m2/repository/org/glassfish/hk2/hk2-locator/2.5.0-b42/hk2-locator-2.5.0-b42.jar:/home/user/.m2/repository/org/javassist/javassist/3.22.0-CR2/javassist-3.22.0-CR2.jar:/home/user/.m2/repository/org/glassfish/hk2/hk2-api/2.5.0/hk2-api-2.5.0.jar:/home/user/.m2/repository/org/glassfish/hk2/external/jakarta.inject/2.5.0/jakarta.inject-2.5.0.jar:/home/user/.m2/repository/org/glassfish/hk2/hk2-utils/2.5.0/hk2-utils-2.5.0.jar:/home/user/.m2/repository/jakarta/annotation/jakarta.annotation-api/1.3.4/jakarta.annotation-api-1.3.4.jar:/home/user/.m2/repository/org/glassfish/hk2/external/aopalliance-repackaged/2.5.0/aopalliance-repackaged-2.5.0.jar:/home/user/.m2/repository/com/fasterxml/jackson/dataformat/jackson-dataformat-xml/2.9.0/jackson-dataformat-xml-2.9.0.jar:/home/user/.m2/repository/com/fasterxml/jackson/core/jackson-core/2.9.9/jackson-core-2.9.9.jar:/home/user/.m2/repository/com/fasterxml/jackson/module/jackson-module-jaxb-annotations/2.9.9/jackson-module-jaxb-annotations-2.9.9.jar:/home/user/.m2/repository/javax/enterprise/cdi-api/1.2/cdi-api-1.2.jar:/home/user/.m2/repository/javax/el/javax.el-api/3.0.0/javax.el-api-3.0.0.jar:/home/user/.m2/repository/javax/interceptor/javax.interceptor-api/1.2/javax.interceptor-api-1.2.jar:/home/user/.m2/repository/javax/inject/javax.inject/1/javax.inject-1.jar:/home/user/.m2/repository/com/sun/xml/bind/jaxb-impl/2.3.0.1/jaxb-impl-2.3.0.1.jar:/home/user/.m2/repository/com/sun/xml/bind/jaxb-core/2.3.0.1/jaxb-core-2.3.0.1.jar:/home/user/.m2/repository/javax/xml/bind/jaxb-api/2.3.0/jaxb-api-2.3.0.jar:/home/user/.m2/repository/javax/activation/activation/1.1.1/activation-1.1.1.jar:/home/user/.m2/repository/org/apache/hadoop/hadoop-ozone-csi/0.5.0-SNAPSHOT/hadoop-ozone-csi-0.5.0-SNAPSHOT.jar:/home/user/.m2/repository/com/google/protobuf/protobuf-java-util/3.5.1/protobuf-java-util-3.5.1.jar:/home/user/.m2/repository/org/apache/hadoop/hadoop-hdds-config/0.5.0-SNAPSHOT/hadoop-hdds-config-0.5.0-SNAPSHOT.jar:/home/user/.m2/repository/io/grpc/grpc-netty/1.17.1/grpc-netty-1.17.1.jar:/home/user/.m2/repository/io/grpc/grpc-core/1.17.1/grpc-core-1.17.1.jar:/home/user/.m2/repository/io/grpc/grpc-context/1.17.1/grpc-context-1.17.1.jar:/home/user/.m2/repository/com/google/errorprone/error_prone_annotations/2.2.0/error_prone_annotations-2.2.0.jar:/home/user/.m2/repository/org/codehaus/mojo/animal-sniffer-annotations/1.17/animal-sniffer-annotations-1.17.jar:/home/user/.m2/repository/io/opencensus/opencensus-api/0.17.0/opencensus-api-0.17.0.jar:/home/user/.m2/repository/io/opencensus/opencensus-contrib-grpc-metrics/0.17.0/opencensus-contrib-grpc-metrics-0.17.0.jar:/home/user/.m2/repository/io/netty/netty-codec-http2/4.1.30.Final/netty-codec-http2-4.1.30.Final.jar:/home/user/.m2/repository/io/netty/netty-codec-http/4.1.30.Final/netty-codec-http-4.1.30.Final.jar:/home/user/.m2/repository/io/netty/netty-codec/4.1.30.Final/netty-codec-4.1.30.Final.jar:/home/user/.m2/repository/io/netty/netty-handler/4.1.30.Final/netty-handler-4.1.30.Final.jar:/home/user/.m2/repository/io/netty/netty-handler-proxy/4.1.30.Final/netty-handler-proxy-4.1.30.Final.jar:/home/user/.m2/repository/io/netty/netty-codec-socks/4.1.30.Final/netty-codec-socks-4.1.30.Final.jar:/home/user/.m2/repository/io/netty/netty-transport-native-epoll/4.1.30.Final/netty-transport-native-epoll-4.1.30.Final.jar:/home/user/.m2/repository/io/netty/netty-common/4.1.30.Final/netty-common-4.1.30.Final.jar:/home/user/.m2/repository/io/netty/netty-buffer/4.1.30.Final/netty-buffer-4.1.30.Final.jar:/home/user/.m2/repository/io/netty/netty-transport/4.1.30.Final/netty-transport-4.1.30.Final.jar:/home/user/.m2/repository/io/netty/netty-resolver/4.1.30.Final/netty-resolver-4.1.30.Final.jar:/home/user/.m2/repository/io/netty/netty-transport-native-unix-common/4.1.30.Final/netty-transport-native-unix-common-4.1.30.Final.jar:/home/user/.m2/repository/io/grpc/grpc-protobuf/1.17.1/grpc-protobuf-1.17.1.jar:/home/user/.m2/repository/com/google/api/grpc/proto-google-common-protos/1.0.0/proto-google-common-protos-1.0.0.jar:/home/user/.m2/repository/io/grpc/grpc-protobuf-lite/1.17.1/grpc-protobuf-lite-1.17.1.jar:/home/user/.m2/repository/io/grpc/grpc-stub/1.17.1/grpc-stub-1.17.1.jar:/home/user/.m2/repository/org/apache/hadoop/hadoop-ozone-recon/0.5.0-SNAPSHOT/hadoop-ozone-recon-0.5.0-SNAPSHOT.jar:/home/user/.m2/repository/org/apache/hadoop/hadoop-ozone-reconcodegen/0.5.0-SNAPSHOT/hadoop-ozone-reconcodegen-0.5.0-SNAPSHOT.jar:/home/user/.m2/repository/com/google/inject/extensions/guice-multibindings/4.0/guice-multibindings-4.0.jar:/home/user/.m2/repository/com/google/inject/guice/4.0/guice-4.0.jar:/home/user/.m2/repository/aopalliance/aopalliance/1.0/aopalliance-1.0.jar:/home/user/.m2/repository/com/google/inject/extensions/guice-servlet/4.0/guice-servlet-4.0.jar:/home/user/.m2/repository/org/glassfish/jersey/containers/jersey-container-servlet/2.27/jersey-container-servlet-2.27.jar:/home/user/.m2/repository/org/glassfish/hk2/guice-bridge/2.5.0/guice-bridge-2.5.0.jar:/home/user/.m2/repository/org/glassfish/jersey/core/jersey-server/2.27/jersey-server-2.27.jar:/home/user/.m2/repository/org/glassfish/jersey/core/jersey-client/2.27/jersey-client-2.27.jar:/home/user/.m2/repository/org/glassfish/jersey/media/jersey-media-jaxb/2.27/jersey-media-jaxb-2.27.jar:/home/user/.m2/repository/javax/validation/validation-api/1.1.0.Final/validation-api-1.1.0.Final.jar:/home/user/.m2/repository/org/glassfish/jersey/media/jersey-media-json-jackson/2.27/jersey-media-json-jackson-2.27.jar:/home/user/.m2/repository/org/glassfish/jersey/ext/jersey-entity-filtering/2.27/jersey-entity-filtering-2.27.jar:/home/user/.m2/repository/com/google/inject/extensions/guice-assistedinject/4.0/guice-assistedinject-4.0.jar:/home/user/.m2/repository/org/jooq/jooq/3.11.10/jooq-3.11.10.jar:/home/user/.m2/repository/org/jooq/jooq-meta/3.11.10/jooq-meta-3.11.10.jar:/home/user/.m2/repository/org/jooq/jooq-codegen/3.11.10/jooq-codegen-3.11.10.jar:/home/user/.m2/repository/com/jolbox/bonecp/0.8.0.RELEASE/bonecp-0.8.0.RELEASE.jar:/home/user/.m2/repository/org/xerial/sqlite-jdbc/3.25.2/sqlite-jdbc-3.25.2.jar:/home/user/.m2/repository/org/springframework/spring-jdbc/5.1.3.RELEASE/spring-jdbc-5.1.3.RELEASE.jar:/home/user/.m2/repository/org/springframework/spring-beans/5.1.3.RELEASE/spring-beans-5.1.3.RELEASE.jar:/home/user/.m2/repository/org/springframework/spring-core/5.1.3.RELEASE/spring-core-5.1.3.RELEASE.jar:/home/user/.m2/repository/org/springframework/spring-jcl/5.1.3.RELEASE/spring-jcl-5.1.3.RELEASE.jar:/home/user/.m2/repository/org/springframework/spring-tx/5.1.3.RELEASE/spring-tx-5.1.3.RELEASE.jar:/home/user/.m2/repository/org/apache/hadoop/hadoop-ozone-client/0.5.0-SNAPSHOT/hadoop-ozone-client-0.5.0-SNAPSHOT.jar:/home/user/.m2/repository/commons-lang/commons-lang/2.6/commons-lang-2.6.jar:/home/user/.m2/repository/org/apache/hadoop/hadoop-ozone-ozone-manager/0.5.0-SNAPSHOT/hadoop-ozone-ozone-manager-0.5.0-SNAPSHOT-tests.jar:/home/user/.m2/repository/junit/junit/4.11/junit-4.11.jar:/home/user/.m2/repository/org/hamcrest/hamcrest-core/1.3/hamcrest-core-1.3.jar:/home/user/.m2/repository/org/openjdk/jmh/jmh-core/1.19/jmh-core-1.19.jar:/home/user/.m2/repository/net/sf/jopt-simple/jopt-simple/4.6/jopt-simple-4.6.jar:/home/user/.m2/repository/org/apache/commons/commons-math3/3.1.1/commons-math3-3.1.1.jar:/home/user/.m2/repository/org/openjdk/jmh/jmh-generator-annprocess/1.19/jmh-generator-annprocess-1.19.jar:/home/user/.m2/repository/org/mockito/mockito-all/1.8.5/mockito-all-1.8.5.jar:/home/user/.m2/repository/org/apache/hadoop/hadoop-kms/3.2.0/hadoop-kms-3.2.0.jar:/home/user/.m2/repository/org/apache/hadoop/hadoop-auth/3.2.0/hadoop-auth-3.2.0.jar:/home/user/.m2/repository/com/nimbusds/nimbus-jose-jwt/4.41.1/nimbus-jose-jwt-4.41.1.jar:/home/user/.m2/repository/com/github/stephenc/jcip/jcip-annotations/1.0-1/jcip-annotations-1.0-1.jar:/home/user/.m2/repository/net/minidev/json-smart/2.3/json-smart-2.3.jar:/home/user/.m2/repository/net/minidev/accessors-smart/1.2/accessors-smart-1.2.jar:/home/user/.m2/repository/org/ow2/asm/asm/5.0.4/asm-5.0.4.jar:/home/user/.m2/repository/org/apache/curator/curator-framework/2.12.0/curator-framework-2.12.0.jar:/home/user/.m2/repository/com/sun/jersey/jersey-core/1.19/jersey-core-1.19.jar:/home/user/.m2/repository/javax/ws/rs/jsr311-api/1.1.1/jsr311-api-1.1.1.jar:/home/user/.m2/repository/com/sun/jersey/jersey-server/1.19/jersey-server-1.19.jar:/home/user/.m2/repository/javax/servlet/javax.servlet-api/3.1.0/javax.servlet-api-3.1.0.jar:/home/user/.m2/repository/org/eclipse/jetty/jetty-server/9.3.25.v20180904/jetty-server-9.3.25.v20180904.jar:/home/user/.m2/repository/org/eclipse/jetty/jetty-http/9.3.25.v20180904/jetty-http-9.3.25.v20180904.jar:/home/user/.m2/repository/org/eclipse/jetty/jetty-io/9.3.25.v20180904/jetty-io-9.3.25.v20180904.jar:/home/user/.m2/repository/org/eclipse/jetty/jetty-webapp/9.3.25.v20180904/jetty-webapp-9.3.25.v20180904.jar:/home/user/.m2/repository/org/eclipse/jetty/jetty-xml/9.3.25.v20180904/jetty-xml-9.3.25.v20180904.jar:/home/user/.m2/repository/log4j/log4j/1.2.17/log4j-1.2.17.jar:/home/user/.m2/repository/org/slf4j/slf4j-api/1.7.25/slf4j-api-1.7.25.jar:/home/user/.m2/repository/org/slf4j/jul-to-slf4j/1.7.25/jul-to-slf4j-1.7.25.jar:/home/user/.m2/repository/org/eclipse/jetty/jetty-util/9.3.25.v20180904/jetty-util-9.3.25.v20180904.jar:/home/user/.m2/repository/com/fasterxml/jackson/core/jackson-databind/2.9.9/jackson-databind-2.9.9.jar:/home/user/.m2/repository/org/apache/hadoop/hadoop-kms/3.2.0/hadoop-kms-3.2.0-tests.jar:/home/user/.m2/repository/org/apache/hadoop/hadoop-hdds-server-scm/0.5.0-SNAPSHOT/hadoop-hdds-server-scm-0.5.0-SNAPSHOT-tests.jar:/home/user/.m2/repository/org/apache/hadoop/hadoop-hdds-container-service/0.5.0-SNAPSHOT/hadoop-hdds-container-service-0.5.0-SNAPSHOT-tests.jar:/home/user/.m2/repository/org/yaml/snakeyaml/1.16/snakeyaml-1.16.jar:/home/user/.m2/repository/org/apache/hadoop/hadoop-common/3.2.0/hadoop-common-3.2.0-tests.jar:/home/user/.m2/repository/org/apache/hadoop/hadoop-annotations/3.2.0/hadoop-annotations-3.2.0.jar:/usr/lib/jvm/java-1.8-openjdk/jre/../lib/tools.jar:/home/user/.m2/repository/commons-cli/commons-cli/1.2/commons-cli-1.2.jar:/home/user/.m2/repository/org/apache/httpcomponents/httpclient/4.5.2/httpclient-4.5.2.jar:/home/user/.m2/repository/org/apache/httpcomponents/httpcore/4.4.4/httpcore-4.4.4.jar:/home/user/.m2/repository/commons-codec/commons-codec/1.11/commons-codec-1.11.jar:/home/user/.m2/repository/commons-net/commons-net/3.6/commons-net-3.6.jar:/home/user/.m2/repository/commons-collections/commons-collections/3.2.2/commons-collections-3.2.2.jar:/home/user/.m2/repository/org/eclipse/jetty/jetty-servlet/9.3.25.v20180904/jetty-servlet-9.3.25.v20180904.jar:/home/user/.m2/repository/org/eclipse/jetty/jetty-security/9.3.25.v20180904/jetty-security-9.3.25.v20180904.jar:/home/user/.m2/repository/javax/servlet/jsp/jsp-api/2.1/jsp-api-2.1.jar:/home/user/.m2/repository/com/sun/jersey/jersey-servlet/1.19/jersey-servlet-1.19.jar:/home/user/.m2/repository/com/sun/jersey/jersey-json/1.19/jersey-json-1.19.jar:/home/user/.m2/repository/org/codehaus/jettison/jettison/1.1/jettison-1.1.jar:/home/user/.m2/repository/org/codehaus/jackson/jackson-core-asl/1.9.13/jackson-core-asl-1.9.13.jar:/home/user/.m2/repository/org/codehaus/jackson/jackson-mapper-asl/1.9.13/jackson-mapper-asl-1.9.13.jar:/home/user/.m2/repository/org/codehaus/jackson/jackson-jaxrs/1.9.13/jackson-jaxrs-1.9.13.jar:/home/user/.m2/repository/org/codehaus/jackson/jackson-xc/1.9.13/jackson-xc-1.9.13.jar:/home/user/.m2/repository/commons-logging/commons-logging/1.1.3/commons-logging-1.1.3.jar:/home/user/.m2/repository/commons-beanutils/commons-beanutils/1.9.4/commons-beanutils-1.9.4.jar:/home/user/.m2/repository/org/apache/commons/commons-configuration2/2.1.1/commons-configuration2-2.1.1.jar:/home/user/.m2/repository/org/apache/commons/commons-lang3/3.7/commons-lang3-3.7.jar:/home/user/.m2/repository/org/apache/commons/commons-text/1.4/commons-text-1.4.jar:/home/user/.m2/repository/org/apache/avro/avro/1.7.7/avro-1.7.7.jar:/home/user/.m2/repository/com/thoughtworks/paranamer/paranamer/2.3/paranamer-2.3.jar:/home/user/.m2/repository/org/xerial/snappy/snappy-java/1.0.5/snappy-java-1.0.5.jar:/home/user/.m2/repository/com/google/re2j/re2j/1.1/re2j-1.1.jar:/home/user/.m2/repository/com/google/code/gson/gson/2.2.4/gson-2.2.4.jar:/home/user/.m2/repository/com/jcraft/jsch/0.1.54/jsch-0.1.54.jar:/home/user/.m2/repository/org/apache/curator/curator-client/2.12.0/curator-client-2.12.0.jar:/home/user/.m2/repository/org/apache/curator/curator-recipes/2.12.0/curator-recipes-2.12.0.jar:/home/user/.m2/repository/com/google/code/findbugs/jsr305/3.0.0/jsr305-3.0.0.jar:/home/user/.m2/repository/org/apache/htrace/htrace-core4/4.1.0-incubating/htrace-core4-4.1.0-incubating.jar:/home/user/.m2/repository/org/apache/zookeeper/zookeeper/3.4.13/zookeeper-3.4.13.jar:/home/user/.m2/repository/jline/jline/0.9.94/jline-0.9.94.jar:/home/user/.m2/repository/org/apache/yetus/audience-annotations/0.5.0/audience-annotations-0.5.0.jar:/home/user/.m2/repository/org/codehaus/woodstox/stax2-api/3.1.4/stax2-api-3.1.4.jar:/home/user/.m2/repository/com/fasterxml/woodstox/woodstox-core/5.0.3/woodstox-core-5.0.3.jar:/home/user/.m2/repository/dnsjava/dnsjava/2.1.7/dnsjava-2.1.7.jar:/home/user/.m2/repository/org/apache/hadoop/hadoop-hdfs/3.2.0/hadoop-hdfs-3.2.0-tests.jar:/home/user/.m2/repository/org/eclipse/jetty/jetty-util-ajax/9.3.25.v20180904/jetty-util-ajax-9.3.25.v20180904.jar:/home/user/.m2/repository/commons-daemon/commons-daemon/1.0.13/commons-daemon-1.0.13.jar:/home/user/.m2/repository/io/netty/netty/3.10.5.Final/netty-3.10.5.Final.jar:/home/user/.m2/repository/io/netty/netty-all/4.0.52.Final/netty-all-4.0.52.Final.jar:/home/user/.m2/repository/org/fusesource/leveldbjni/leveldbjni-all/1.8/leveldbjni-all-1.8.jar:"/>
    <property name="java.vm.vendor" value="IcedTea"/>
    <property name="sun.arch.data.model" value="64"/>
    <property name="test.build.dir" value="/workdir/hadoop-ozone/integration-test/target/test-dir"/>
    <property name="test.cache.data" value=""/>
    <property name="java.vendor.url" value="https://icedtea.classpath.org"/>
    <property name="user.timezone" value=""/>
    <property name="java.vm.specification.version" value="1.8"/>
    <property name="os.name" value="Linux"/>
    <property name="test.build.data" value="/workdir/hadoop-ozone/integration-test/target/test-dir"/>
    <property name="user.country" value="US"/>
    <property name="sun.java.launcher" value="SUN_STANDARD"/>
    <property name="sun.boot.library.path" value="/usr/lib/jvm/java-1.8-openjdk/jre/lib/amd64"/>
    <property name="sun.java.command" value="/workdir/hadoop-ozone/integration-test/target/surefire/surefirebooter3255993342655838235.jar /workdir/hadoop-ozone/integration-test/target/surefire 2019-10-04T22-22-40_877-jvmRun1 surefire2269970957684067463tmp surefire_664762953544406515478tmp"/>
    <property name="test" value="!TestMiniChaosOzoneCluster"/>
    <property name="surefire.test.class.path" value="/workdir/hadoop-ozone/integration-test/target/test-classes:/workdir/hadoop-ozone/integration-test/target/classes:/home/user/.m2/repository/org/apache/hadoop/hadoop-ozone-common/0.5.0-SNAPSHOT/hadoop-ozone-common-0.5.0-SNAPSHOT.jar:/home/user/.m2/repository/org/apache/commons/commons-compress/1.4.1/commons-compress-1.4.1.jar:/home/user/.m2/repository/org/tukaani/xz/1.0/xz-1.0.jar:/home/user/.m2/repository/org/apache/hadoop/hadoop-common/3.2.0/hadoop-common-3.2.0.jar:/home/user/.m2/repository/org/apache/hadoop/hadoop-hdfs/3.2.0/hadoop-hdfs-3.2.0.jar:/home/user/.m2/repository/org/apache/hadoop/hadoop-hdfs-client/3.2.0/hadoop-hdfs-client-3.2.0.jar:/home/user/.m2/repository/com/fasterxml/jackson/core/jackson-annotations/2.9.9/jackson-annotations-2.9.9.jar:/home/user/.m2/repository/org/apache/hadoop/hadoop-hdds-common/0.5.0-SNAPSHOT/hadoop-hdds-common-0.5.0-SNAPSHOT.jar:/home/user/.m2/repository/javax/annotation/javax.annotation-api/1.2/javax.annotation-api-1.2.jar:/home/user/.m2/repository/org/apache/ratis/ratis-server/0.5.0-201fc85-SNAPSHOT/ratis-server-0.5.0-201fc85-SNAPSHOT.jar:/home/user/.m2/repository/org/apache/ratis/ratis-thirdparty-misc/0.2.0/ratis-thirdparty-misc-0.2.0.jar:/home/user/.m2/repository/org/apache/ratis/ratis-proto/0.5.0-201fc85-SNAPSHOT/ratis-proto-0.5.0-201fc85-SNAPSHOT.jar:/home/user/.m2/repository/org/apache/ratis/ratis-common/0.5.0-201fc85-SNAPSHOT/ratis-common-0.5.0-201fc85-SNAPSHOT.jar:/home/user/.m2/repository/org/apache/ratis/ratis-client/0.5.0-201fc85-SNAPSHOT/ratis-client-0.5.0-201fc85-SNAPSHOT.jar:/home/user/.m2/repository/org/apache/ratis/ratis-metrics/0.5.0-201fc85-SNAPSHOT/ratis-metrics-0.5.0-201fc85-SNAPSHOT.jar:/home/user/.m2/repository/com/github/joshelser/dropwizard-metrics-hadoop-metrics2-reporter/0.1.2/dropwizard-metrics-hadoop-metrics2-reporter-0.1.2.jar:/home/user/.m2/repository/io/dropwizard/metrics/metrics-jvm/3.2.5/metrics-jvm-3.2.5.jar:/home/user/.m2/repository/io/dropwizard/metrics/metrics-ganglia/3.2.5/metrics-ganglia-3.2.5.jar:/home/user/.m2/repository/info/ganglia/gmetric4j/gmetric4j/1.0.7/gmetric4j-1.0.7.jar:/home/user/.m2/repository/org/apache/ratis/ratis-netty/0.5.0-201fc85-SNAPSHOT/ratis-netty-0.5.0-201fc85-SNAPSHOT.jar:/home/user/.m2/repository/org/apache/ratis/ratis-grpc/0.5.0-201fc85-SNAPSHOT/ratis-grpc-0.5.0-201fc85-SNAPSHOT.jar:/home/user/.m2/repository/org/rocksdb/rocksdbjni/6.0.1/rocksdbjni-6.0.1.jar:/home/user/.m2/repository/org/apache/logging/log4j/log4j-api/2.11.0/log4j-api-2.11.0.jar:/home/user/.m2/repository/org/apache/logging/log4j/log4j-core/2.11.0/log4j-core-2.11.0.jar:/home/user/.m2/repository/com/lmax/disruptor/3.4.2/disruptor-3.4.2.jar:/home/user/.m2/repository/org/apache/commons/commons-pool2/2.6.0/commons-pool2-2.6.0.jar:/home/user/.m2/repository/org/bouncycastle/bcpkix-jdk15on/1.60/bcpkix-jdk15on-1.60.jar:/home/user/.m2/repository/commons-validator/commons-validator/1.6/commons-validator-1.6.jar:/home/user/.m2/repository/commons-digester/commons-digester/1.8.1/commons-digester-1.8.1.jar:/home/user/.m2/repository/io/jaegertracing/jaeger-client/0.34.0/jaeger-client-0.34.0.jar:/home/user/.m2/repository/io/jaegertracing/jaeger-thrift/0.34.0/jaeger-thrift-0.34.0.jar:/home/user/.m2/repository/org/apache/thrift/libthrift/0.12.0/libthrift-0.12.0.jar:/home/user/.m2/repository/com/squareup/okhttp3/okhttp/3.9.0/okhttp-3.9.0.jar:/home/user/.m2/repository/com/squareup/okio/okio/1.13.0/okio-1.13.0.jar:/home/user/.m2/repository/io/jaegertracing/jaeger-core/0.34.0/jaeger-core-0.34.0.jar:/home/user/.m2/repository/io/jaegertracing/jaeger-tracerresolver/0.34.0/jaeger-tracerresolver-0.34.0.jar:/home/user/.m2/repository/io/opentracing/contrib/opentracing-tracerresolver/0.1.5/opentracing-tracerresolver-0.1.5.jar:/home/user/.m2/repository/io/opentracing/opentracing-util/0.31.0/opentracing-util-0.31.0.jar:/home/user/.m2/repository/io/opentracing/opentracing-api/0.31.0/opentracing-api-0.31.0.jar:/home/user/.m2/repository/io/opentracing/opentracing-noop/0.31.0/opentracing-noop-0.31.0.jar:/home/user/.m2/repository/org/apache/hadoop/hadoop-hdds-server-framework/0.5.0-SNAPSHOT/hadoop-hdds-server-framework-0.5.0-SNAPSHOT.jar:/home/user/.m2/repository/org/apache/hadoop/hadoop-hdds-container-service/0.5.0-SNAPSHOT/hadoop-hdds-container-service-0.5.0-SNAPSHOT.jar:/home/user/.m2/repository/org/apache/hadoop/hadoop-hdds-client/0.5.0-SNAPSHOT/hadoop-hdds-client-0.5.0-SNAPSHOT.jar:/home/user/.m2/repository/org/apache/hadoop/hadoop-hdds-tools/0.5.0-SNAPSHOT/hadoop-hdds-tools-0.5.0-SNAPSHOT.jar:/home/user/.m2/repository/org/apache/hadoop/hadoop-hdds-server-scm/0.5.0-SNAPSHOT/hadoop-hdds-server-scm-0.5.0-SNAPSHOT.jar:/home/user/.m2/repository/org/apache/hadoop/hadoop-hdds-docs/0.5.0-SNAPSHOT/hadoop-hdds-docs-0.5.0-SNAPSHOT.jar:/home/user/.m2/repository/io/dropwizard/metrics/metrics-core/3.2.4/metrics-core-3.2.4.jar:/home/user/.m2/repository/org/hamcrest/hamcrest-all/1.3/hamcrest-all-1.3.jar:/home/user/.m2/repository/org/bouncycastle/bcprov-jdk15on/1.60/bcprov-jdk15on-1.60.jar:/home/user/.m2/repository/info/picocli/picocli/3.9.6/picocli-3.9.6.jar:/home/user/.m2/repository/com/google/protobuf/protobuf-java/2.5.0/protobuf-java-2.5.0.jar:/home/user/.m2/repository/com/google/guava/guava/11.0.2/guava-11.0.2.jar:/home/user/.m2/repository/org/apache/hadoop/hadoop-ozone-ozone-manager/0.5.0-SNAPSHOT/hadoop-ozone-ozone-manager-0.5.0-SNAPSHOT.jar:/home/user/.m2/repository/org/apache/hadoop/hadoop-minikdc/3.2.0/hadoop-minikdc-3.2.0.jar:/home/user/.m2/repository/commons-io/commons-io/2.5/commons-io-2.5.jar:/home/user/.m2/repository/org/apache/kerby/kerb-simplekdc/1.0.1/kerb-simplekdc-1.0.1.jar:/home/user/.m2/repository/org/apache/kerby/kerb-client/1.0.1/kerb-client-1.0.1.jar:/home/user/.m2/repository/org/apache/kerby/kerby-config/1.0.1/kerby-config-1.0.1.jar:/home/user/.m2/repository/org/apache/kerby/kerb-core/1.0.1/kerb-core-1.0.1.jar:/home/user/.m2/repository/org/apache/kerby/kerby-pkix/1.0.1/kerby-pkix-1.0.1.jar:/home/user/.m2/repository/org/apache/kerby/kerby-asn1/1.0.1/kerby-asn1-1.0.1.jar:/home/user/.m2/repository/org/apache/kerby/kerby-util/1.0.1/kerby-util-1.0.1.jar:/home/user/.m2/repository/org/apache/kerby/kerb-common/1.0.1/kerb-common-1.0.1.jar:/home/user/.m2/repository/org/apache/kerby/kerb-crypto/1.0.1/kerb-crypto-1.0.1.jar:/home/user/.m2/repository/org/apache/kerby/kerb-util/1.0.1/kerb-util-1.0.1.jar:/home/user/.m2/repository/org/apache/kerby/token-provider/1.0.1/token-provider-1.0.1.jar:/home/user/.m2/repository/org/apache/kerby/kerb-admin/1.0.1/kerb-admin-1.0.1.jar:/home/user/.m2/repository/org/apache/kerby/kerb-server/1.0.1/kerb-server-1.0.1.jar:/home/user/.m2/repository/org/apache/kerby/kerb-identity/1.0.1/kerb-identity-1.0.1.jar:/home/user/.m2/repository/org/apache/kerby/kerby-xdr/1.0.1/kerby-xdr-1.0.1.jar:/home/user/.m2/repository/org/slf4j/slf4j-log4j12/1.7.25/slf4j-log4j12-1.7.25.jar:/home/user/.m2/repository/org/apache/hadoop/hadoop-ozone-s3gateway/0.5.0-SNAPSHOT/hadoop-ozone-s3gateway-0.5.0-SNAPSHOT.jar:/home/user/.m2/repository/org/jboss/weld/servlet/weld-servlet/2.4.7.Final/weld-servlet-2.4.7.Final.jar:/home/user/.m2/repository/org/glassfish/jersey/containers/jersey-container-servlet-core/2.27/jersey-container-servlet-core-2.27.jar:/home/user/.m2/repository/org/glassfish/hk2/external/javax.inject/2.5.0-b42/javax.inject-2.5.0-b42.jar:/home/user/.m2/repository/org/glassfish/jersey/core/jersey-common/2.27/jersey-common-2.27.jar:/home/user/.m2/repository/org/glassfish/hk2/osgi-resource-locator/1.0.1/osgi-resource-locator-1.0.1.jar:/home/user/.m2/repository/javax/ws/rs/javax.ws.rs-api/2.1/javax.ws.rs-api-2.1.jar:/home/user/.m2/repository/org/glassfish/jersey/ext/cdi/jersey-cdi1x/2.27/jersey-cdi1x-2.27.jar:/home/user/.m2/repository/org/glassfish/jersey/inject/jersey-hk2/2.27/jersey-hk2-2.27.jar:/home/user/.m2/repository/org/glassfish/hk2/hk2-locator/2.5.0-b42/hk2-locator-2.5.0-b42.jar:/home/user/.m2/repository/org/javassist/javassist/3.22.0-CR2/javassist-3.22.0-CR2.jar:/home/user/.m2/repository/org/glassfish/hk2/hk2-api/2.5.0/hk2-api-2.5.0.jar:/home/user/.m2/repository/org/glassfish/hk2/external/jakarta.inject/2.5.0/jakarta.inject-2.5.0.jar:/home/user/.m2/repository/org/glassfish/hk2/hk2-utils/2.5.0/hk2-utils-2.5.0.jar:/home/user/.m2/repository/jakarta/annotation/jakarta.annotation-api/1.3.4/jakarta.annotation-api-1.3.4.jar:/home/user/.m2/repository/org/glassfish/hk2/external/aopalliance-repackaged/2.5.0/aopalliance-repackaged-2.5.0.jar:/home/user/.m2/repository/com/fasterxml/jackson/dataformat/jackson-dataformat-xml/2.9.0/jackson-dataformat-xml-2.9.0.jar:/home/user/.m2/repository/com/fasterxml/jackson/core/jackson-core/2.9.9/jackson-core-2.9.9.jar:/home/user/.m2/repository/com/fasterxml/jackson/module/jackson-module-jaxb-annotations/2.9.9/jackson-module-jaxb-annotations-2.9.9.jar:/home/user/.m2/repository/javax/enterprise/cdi-api/1.2/cdi-api-1.2.jar:/home/user/.m2/repository/javax/el/javax.el-api/3.0.0/javax.el-api-3.0.0.jar:/home/user/.m2/repository/javax/interceptor/javax.interceptor-api/1.2/javax.interceptor-api-1.2.jar:/home/user/.m2/repository/javax/inject/javax.inject/1/javax.inject-1.jar:/home/user/.m2/repository/com/sun/xml/bind/jaxb-impl/2.3.0.1/jaxb-impl-2.3.0.1.jar:/home/user/.m2/repository/com/sun/xml/bind/jaxb-core/2.3.0.1/jaxb-core-2.3.0.1.jar:/home/user/.m2/repository/javax/xml/bind/jaxb-api/2.3.0/jaxb-api-2.3.0.jar:/home/user/.m2/repository/javax/activation/activation/1.1.1/activation-1.1.1.jar:/home/user/.m2/repository/org/apache/hadoop/hadoop-ozone-csi/0.5.0-SNAPSHOT/hadoop-ozone-csi-0.5.0-SNAPSHOT.jar:/home/user/.m2/repository/com/google/protobuf/protobuf-java-util/3.5.1/protobuf-java-util-3.5.1.jar:/home/user/.m2/repository/org/apache/hadoop/hadoop-hdds-config/0.5.0-SNAPSHOT/hadoop-hdds-config-0.5.0-SNAPSHOT.jar:/home/user/.m2/repository/io/grpc/grpc-netty/1.17.1/grpc-netty-1.17.1.jar:/home/user/.m2/repository/io/grpc/grpc-core/1.17.1/grpc-core-1.17.1.jar:/home/user/.m2/repository/io/grpc/grpc-context/1.17.1/grpc-context-1.17.1.jar:/home/user/.m2/repository/com/google/errorprone/error_prone_annotations/2.2.0/error_prone_annotations-2.2.0.jar:/home/user/.m2/repository/org/codehaus/mojo/animal-sniffer-annotations/1.17/animal-sniffer-annotations-1.17.jar:/home/user/.m2/repository/io/opencensus/opencensus-api/0.17.0/opencensus-api-0.17.0.jar:/home/user/.m2/repository/io/opencensus/opencensus-contrib-grpc-metrics/0.17.0/opencensus-contrib-grpc-metrics-0.17.0.jar:/home/user/.m2/repository/io/netty/netty-codec-http2/4.1.30.Final/netty-codec-http2-4.1.30.Final.jar:/home/user/.m2/repository/io/netty/netty-codec-http/4.1.30.Final/netty-codec-http-4.1.30.Final.jar:/home/user/.m2/repository/io/netty/netty-codec/4.1.30.Final/netty-codec-4.1.30.Final.jar:/home/user/.m2/repository/io/netty/netty-handler/4.1.30.Final/netty-handler-4.1.30.Final.jar:/home/user/.m2/repository/io/netty/netty-handler-proxy/4.1.30.Final/netty-handler-proxy-4.1.30.Final.jar:/home/user/.m2/repository/io/netty/netty-codec-socks/4.1.30.Final/netty-codec-socks-4.1.30.Final.jar:/home/user/.m2/repository/io/netty/netty-transport-native-epoll/4.1.30.Final/netty-transport-native-epoll-4.1.30.Final.jar:/home/user/.m2/repository/io/netty/netty-common/4.1.30.Final/netty-common-4.1.30.Final.jar:/home/user/.m2/repository/io/netty/netty-buffer/4.1.30.Final/netty-buffer-4.1.30.Final.jar:/home/user/.m2/repository/io/netty/netty-transport/4.1.30.Final/netty-transport-4.1.30.Final.jar:/home/user/.m2/repository/io/netty/netty-resolver/4.1.30.Final/netty-resolver-4.1.30.Final.jar:/home/user/.m2/repository/io/netty/netty-transport-native-unix-common/4.1.30.Final/netty-transport-native-unix-common-4.1.30.Final.jar:/home/user/.m2/repository/io/grpc/grpc-protobuf/1.17.1/grpc-protobuf-1.17.1.jar:/home/user/.m2/repository/com/google/api/grpc/proto-google-common-protos/1.0.0/proto-google-common-protos-1.0.0.jar:/home/user/.m2/repository/io/grpc/grpc-protobuf-lite/1.17.1/grpc-protobuf-lite-1.17.1.jar:/home/user/.m2/repository/io/grpc/grpc-stub/1.17.1/grpc-stub-1.17.1.jar:/home/user/.m2/repository/org/apache/hadoop/hadoop-ozone-recon/0.5.0-SNAPSHOT/hadoop-ozone-recon-0.5.0-SNAPSHOT.jar:/home/user/.m2/repository/org/apache/hadoop/hadoop-ozone-reconcodegen/0.5.0-SNAPSHOT/hadoop-ozone-reconcodegen-0.5.0-SNAPSHOT.jar:/home/user/.m2/repository/com/google/inject/extensions/guice-multibindings/4.0/guice-multibindings-4.0.jar:/home/user/.m2/repository/com/google/inject/guice/4.0/guice-4.0.jar:/home/user/.m2/repository/aopalliance/aopalliance/1.0/aopalliance-1.0.jar:/home/user/.m2/repository/com/google/inject/extensions/guice-servlet/4.0/guice-servlet-4.0.jar:/home/user/.m2/repository/org/glassfish/jersey/containers/jersey-container-servlet/2.27/jersey-container-servlet-2.27.jar:/home/user/.m2/repository/org/glassfish/hk2/guice-bridge/2.5.0/guice-bridge-2.5.0.jar:/home/user/.m2/repository/org/glassfish/jersey/core/jersey-server/2.27/jersey-server-2.27.jar:/home/user/.m2/repository/org/glassfish/jersey/core/jersey-client/2.27/jersey-client-2.27.jar:/home/user/.m2/repository/org/glassfish/jersey/media/jersey-media-jaxb/2.27/jersey-media-jaxb-2.27.jar:/home/user/.m2/repository/javax/validation/validation-api/1.1.0.Final/validation-api-1.1.0.Final.jar:/home/user/.m2/repository/org/glassfish/jersey/media/jersey-media-json-jackson/2.27/jersey-media-json-jackson-2.27.jar:/home/user/.m2/repository/org/glassfish/jersey/ext/jersey-entity-filtering/2.27/jersey-entity-filtering-2.27.jar:/home/user/.m2/repository/com/google/inject/extensions/guice-assistedinject/4.0/guice-assistedinject-4.0.jar:/home/user/.m2/repository/org/jooq/jooq/3.11.10/jooq-3.11.10.jar:/home/user/.m2/repository/org/jooq/jooq-meta/3.11.10/jooq-meta-3.11.10.jar:/home/user/.m2/repository/org/jooq/jooq-codegen/3.11.10/jooq-codegen-3.11.10.jar:/home/user/.m2/repository/com/jolbox/bonecp/0.8.0.RELEASE/bonecp-0.8.0.RELEASE.jar:/home/user/.m2/repository/org/xerial/sqlite-jdbc/3.25.2/sqlite-jdbc-3.25.2.jar:/home/user/.m2/repository/org/springframework/spring-jdbc/5.1.3.RELEASE/spring-jdbc-5.1.3.RELEASE.jar:/home/user/.m2/repository/org/springframework/spring-beans/5.1.3.RELEASE/spring-beans-5.1.3.RELEASE.jar:/home/user/.m2/repository/org/springframework/spring-core/5.1.3.RELEASE/spring-core-5.1.3.RELEASE.jar:/home/user/.m2/repository/org/springframework/spring-jcl/5.1.3.RELEASE/spring-jcl-5.1.3.RELEASE.jar:/home/user/.m2/repository/org/springframework/spring-tx/5.1.3.RELEASE/spring-tx-5.1.3.RELEASE.jar:/home/user/.m2/repository/org/apache/hadoop/hadoop-ozone-client/0.5.0-SNAPSHOT/hadoop-ozone-client-0.5.0-SNAPSHOT.jar:/home/user/.m2/repository/commons-lang/commons-lang/2.6/commons-lang-2.6.jar:/home/user/.m2/repository/org/apache/hadoop/hadoop-ozone-ozone-manager/0.5.0-SNAPSHOT/hadoop-ozone-ozone-manager-0.5.0-SNAPSHOT-tests.jar:/home/user/.m2/repository/junit/junit/4.11/junit-4.11.jar:/home/user/.m2/repository/org/hamcrest/hamcrest-core/1.3/hamcrest-core-1.3.jar:/home/user/.m2/repository/org/openjdk/jmh/jmh-core/1.19/jmh-core-1.19.jar:/home/user/.m2/repository/net/sf/jopt-simple/jopt-simple/4.6/jopt-simple-4.6.jar:/home/user/.m2/repository/org/apache/commons/commons-math3/3.1.1/commons-math3-3.1.1.jar:/home/user/.m2/repository/org/openjdk/jmh/jmh-generator-annprocess/1.19/jmh-generator-annprocess-1.19.jar:/home/user/.m2/repository/org/mockito/mockito-all/1.8.5/mockito-all-1.8.5.jar:/home/user/.m2/repository/org/apache/hadoop/hadoop-kms/3.2.0/hadoop-kms-3.2.0.jar:/home/user/.m2/repository/org/apache/hadoop/hadoop-auth/3.2.0/hadoop-auth-3.2.0.jar:/home/user/.m2/repository/com/nimbusds/nimbus-jose-jwt/4.41.1/nimbus-jose-jwt-4.41.1.jar:/home/user/.m2/repository/com/github/stephenc/jcip/jcip-annotations/1.0-1/jcip-annotations-1.0-1.jar:/home/user/.m2/repository/net/minidev/json-smart/2.3/json-smart-2.3.jar:/home/user/.m2/repository/net/minidev/accessors-smart/1.2/accessors-smart-1.2.jar:/home/user/.m2/repository/org/ow2/asm/asm/5.0.4/asm-5.0.4.jar:/home/user/.m2/repository/org/apache/curator/curator-framework/2.12.0/curator-framework-2.12.0.jar:/home/user/.m2/repository/com/sun/jersey/jersey-core/1.19/jersey-core-1.19.jar:/home/user/.m2/repository/javax/ws/rs/jsr311-api/1.1.1/jsr311-api-1.1.1.jar:/home/user/.m2/repository/com/sun/jersey/jersey-server/1.19/jersey-server-1.19.jar:/home/user/.m2/repository/javax/servlet/javax.servlet-api/3.1.0/javax.servlet-api-3.1.0.jar:/home/user/.m2/repository/org/eclipse/jetty/jetty-server/9.3.25.v20180904/jetty-server-9.3.25.v20180904.jar:/home/user/.m2/repository/org/eclipse/jetty/jetty-http/9.3.25.v20180904/jetty-http-9.3.25.v20180904.jar:/home/user/.m2/repository/org/eclipse/jetty/jetty-io/9.3.25.v20180904/jetty-io-9.3.25.v20180904.jar:/home/user/.m2/repository/org/eclipse/jetty/jetty-webapp/9.3.25.v20180904/jetty-webapp-9.3.25.v20180904.jar:/home/user/.m2/repository/org/eclipse/jetty/jetty-xml/9.3.25.v20180904/jetty-xml-9.3.25.v20180904.jar:/home/user/.m2/repository/log4j/log4j/1.2.17/log4j-1.2.17.jar:/home/user/.m2/repository/org/slf4j/slf4j-api/1.7.25/slf4j-api-1.7.25.jar:/home/user/.m2/repository/org/slf4j/jul-to-slf4j/1.7.25/jul-to-slf4j-1.7.25.jar:/home/user/.m2/repository/org/eclipse/jetty/jetty-util/9.3.25.v20180904/jetty-util-9.3.25.v20180904.jar:/home/user/.m2/repository/com/fasterxml/jackson/core/jackson-databind/2.9.9/jackson-databind-2.9.9.jar:/home/user/.m2/repository/org/apache/hadoop/hadoop-kms/3.2.0/hadoop-kms-3.2.0-tests.jar:/home/user/.m2/repository/org/apache/hadoop/hadoop-hdds-server-scm/0.5.0-SNAPSHOT/hadoop-hdds-server-scm-0.5.0-SNAPSHOT-tests.jar:/home/user/.m2/repository/org/apache/hadoop/hadoop-hdds-container-service/0.5.0-SNAPSHOT/hadoop-hdds-container-service-0.5.0-SNAPSHOT-tests.jar:/home/user/.m2/repository/org/yaml/snakeyaml/1.16/snakeyaml-1.16.jar:/home/user/.m2/repository/org/apache/hadoop/hadoop-common/3.2.0/hadoop-common-3.2.0-tests.jar:/home/user/.m2/repository/org/apache/hadoop/hadoop-annotations/3.2.0/hadoop-annotations-3.2.0.jar:/usr/lib/jvm/java-1.8-openjdk/jre/../lib/tools.jar:/home/user/.m2/repository/commons-cli/commons-cli/1.2/commons-cli-1.2.jar:/home/user/.m2/repository/org/apache/httpcomponents/httpclient/4.5.2/httpclient-4.5.2.jar:/home/user/.m2/repository/org/apache/httpcomponents/httpcore/4.4.4/httpcore-4.4.4.jar:/home/user/.m2/repository/commons-codec/commons-codec/1.11/commons-codec-1.11.jar:/home/user/.m2/repository/commons-net/commons-net/3.6/commons-net-3.6.jar:/home/user/.m2/repository/commons-collections/commons-collections/3.2.2/commons-collections-3.2.2.jar:/home/user/.m2/repository/org/eclipse/jetty/jetty-servlet/9.3.25.v20180904/jetty-servlet-9.3.25.v20180904.jar:/home/user/.m2/repository/org/eclipse/jetty/jetty-security/9.3.25.v20180904/jetty-security-9.3.25.v20180904.jar:/home/user/.m2/repository/javax/servlet/jsp/jsp-api/2.1/jsp-api-2.1.jar:/home/user/.m2/repository/com/sun/jersey/jersey-servlet/1.19/jersey-servlet-1.19.jar:/home/user/.m2/repository/com/sun/jersey/jersey-json/1.19/jersey-json-1.19.jar:/home/user/.m2/repository/org/codehaus/jettison/jettison/1.1/jettison-1.1.jar:/home/user/.m2/repository/org/codehaus/jackson/jackson-core-asl/1.9.13/jackson-core-asl-1.9.13.jar:/home/user/.m2/repository/org/codehaus/jackson/jackson-mapper-asl/1.9.13/jackson-mapper-asl-1.9.13.jar:/home/user/.m2/repository/org/codehaus/jackson/jackson-jaxrs/1.9.13/jackson-jaxrs-1.9.13.jar:/home/user/.m2/repository/org/codehaus/jackson/jackson-xc/1.9.13/jackson-xc-1.9.13.jar:/home/user/.m2/repository/commons-logging/commons-logging/1.1.3/commons-logging-1.1.3.jar:/home/user/.m2/repository/commons-beanutils/commons-beanutils/1.9.4/commons-beanutils-1.9.4.jar:/home/user/.m2/repository/org/apache/commons/commons-configuration2/2.1.1/commons-configuration2-2.1.1.jar:/home/user/.m2/repository/org/apache/commons/commons-lang3/3.7/commons-lang3-3.7.jar:/home/user/.m2/repository/org/apache/commons/commons-text/1.4/commons-text-1.4.jar:/home/user/.m2/repository/org/apache/avro/avro/1.7.7/avro-1.7.7.jar:/home/user/.m2/repository/com/thoughtworks/paranamer/paranamer/2.3/paranamer-2.3.jar:/home/user/.m2/repository/org/xerial/snappy/snappy-java/1.0.5/snappy-java-1.0.5.jar:/home/user/.m2/repository/com/google/re2j/re2j/1.1/re2j-1.1.jar:/home/user/.m2/repository/com/google/code/gson/gson/2.2.4/gson-2.2.4.jar:/home/user/.m2/repository/com/jcraft/jsch/0.1.54/jsch-0.1.54.jar:/home/user/.m2/repository/org/apache/curator/curator-client/2.12.0/curator-client-2.12.0.jar:/home/user/.m2/repository/org/apache/curator/curator-recipes/2.12.0/curator-recipes-2.12.0.jar:/home/user/.m2/repository/com/google/code/findbugs/jsr305/3.0.0/jsr305-3.0.0.jar:/home/user/.m2/repository/org/apache/htrace/htrace-core4/4.1.0-incubating/htrace-core4-4.1.0-incubating.jar:/home/user/.m2/repository/org/apache/zookeeper/zookeeper/3.4.13/zookeeper-3.4.13.jar:/home/user/.m2/repository/jline/jline/0.9.94/jline-0.9.94.jar:/home/user/.m2/repository/org/apache/yetus/audience-annotations/0.5.0/audience-annotations-0.5.0.jar:/home/user/.m2/repository/org/codehaus/woodstox/stax2-api/3.1.4/stax2-api-3.1.4.jar:/home/user/.m2/repository/com/fasterxml/woodstox/woodstox-core/5.0.3/woodstox-core-5.0.3.jar:/home/user/.m2/repository/dnsjava/dnsjava/2.1.7/dnsjava-2.1.7.jar:/home/user/.m2/repository/org/apache/hadoop/hadoop-hdfs/3.2.0/hadoop-hdfs-3.2.0-tests.jar:/home/user/.m2/repository/org/eclipse/jetty/jetty-util-ajax/9.3.25.v20180904/jetty-util-ajax-9.3.25.v20180904.jar:/home/user/.m2/repository/commons-daemon/commons-daemon/1.0.13/commons-daemon-1.0.13.jar:/home/user/.m2/repository/io/netty/netty/3.10.5.Final/netty-3.10.5.Final.jar:/home/user/.m2/repository/io/netty/netty-all/4.0.52.Final/netty-all-4.0.52.Final.jar:/home/user/.m2/repository/org/fusesource/leveldbjni/leveldbjni-all/1.8/leveldbjni-all-1.8.jar:"/>
    <property name="sun.cpu.endian" value="little"/>
    <property name="user.home" value="/home/user"/>
    <property name="user.language" value="en"/>
    <property name="java.specification.vendor" value="Oracle Corporation"/>
    <property name="java.home" value="/usr/lib/jvm/java-1.8-openjdk/jre"/>
    <property name="java.security.krb5.conf" value="/workdir/hadoop-ozone/integration-test/target/test-classes/krb5.conf"/>
    <property name="basedir" value="/workdir/hadoop-ozone/integration-test"/>
    <property name="file.separator" value="/"/>
    <property name="line.separator" value="&#10;"/>
    <property name="java.vm.specification.vendor" value="Oracle Corporation"/>
    <property name="java.specification.name" value="Java Platform API Specification"/>
    <property name="java.awt.graphicsenv" value="sun.awt.X11GraphicsEnvironment"/>
    <property name="surefire.real.class.path" value="/workdir/hadoop-ozone/integration-test/target/surefire/surefirebooter3255993342655838235.jar"/>
    <property name="hadoop.log.dir" value="/workdir/hadoop-ozone/integration-test/target/log"/>
    <property name="sun.boot.class.path" value="/usr/lib/jvm/java-1.8-openjdk/jre/lib/resources.jar:/usr/lib/jvm/java-1.8-openjdk/jre/lib/rt.jar:/usr/lib/jvm/java-1.8-openjdk/jre/lib/sunrsasign.jar:/usr/lib/jvm/java-1.8-openjdk/jre/lib/jsse.jar:/usr/lib/jvm/java-1.8-openjdk/jre/lib/jce.jar:/usr/lib/jvm/java-1.8-openjdk/jre/lib/charsets.jar:/usr/lib/jvm/java-1.8-openjdk/jre/lib/jfr.jar:/usr/lib/jvm/java-1.8-openjdk/jre/classes"/>
    <property name="sun.management.compiler" value="HotSpot 64-Bit Tiered Compilers"/>
    <property name="java.runtime.version" value="1.8.0_212-b04"/>
    <property name="java.net.preferIPv4Stack" value="true"/>
    <property name="user.name" value="jenkins1000"/>
    <property name="path.separator" value=":"/>
    <property name="java.security.egd" value="file:///dev/urandom"/>
    <property name="os.version" value="3.10.0-957.12.2.el7.x86_64"/>
    <property name="java.endorsed.dirs" value="/usr/lib/jvm/java-1.8-openjdk/jre/lib/endorsed"/>
    <property name="java.runtime.name" value="OpenJDK Runtime Environment"/>
    <property name="file.encoding" value="UTF-8"/>
    <property name="java.vm.name" value="OpenJDK 64-Bit Server VM"/>
    <property name="test.build.webapps" value=""/>
    <property name="localRepository" value="/home/user/.m2/repository"/>
    <property name="java.vendor.url.bug" value="https://icedtea.classpath.org/bugzilla"/>
    <property name="java.io.tmpdir" value="/tmp"/>
    <property name="require.test.libhadoop" value=""/>
    <property name="java.version" value="1.8.0_212"/>
    <property name="user.dir" value="/workdir/hadoop-ozone/integration-test"/>
    <property name="os.arch" value="amd64"/>
    <property name="java.vm.specification.name" value="Java Virtual Machine Specification"/>
    <property name="test.build.classes" value="/workdir/hadoop-ozone/integration-test/target/test-classes"/>
    <property name="java.awt.printerjob" value="sun.print.PSPrinterJob"/>
    <property name="sun.os.patch.level" value="unknown"/>
    <property name="hadoop.tmp.dir" value="/workdir/hadoop-ozone/integration-test/target/tmp"/>
    <property name="java.library.path" value="/usr/lib/jvm/java-1.8-openjdk/jre/lib/amd64/server:/usr/lib/jvm/java-1.8-openjdk/jre/lib/amd64:/usr/lib/jvm/java-1.8-openjdk/jre/../lib/amd64:/workdir/hadoop-ozone/integration-test/target/native/target/usr/local/lib:/workdir/hadoop-ozone/integration-test/../../hadoop-common-project/hadoop-common/target/native/target/usr/local/lib:/usr/java/packages/lib/amd64:/usr/lib64:/lib64:/lib:/usr/lib"/>
    <property name="java.vm.info" value="mixed mode"/>
    <property name="java.vendor" value="IcedTea"/>
    <property name="java.vm.version" value="25.212-b04"/>
    <property name="java.ext.dirs" value="/usr/lib/jvm/java-1.8-openjdk/jre/lib/ext:/usr/java/packages/lib/ext"/>
    <property name="sun.io.unicode.encoding" value="UnicodeLittle"/>
    <property name="java.class.version" value="52.0"/>
  </properties>
  <testcase name="test2DatanodesFailure" classname="org.apache.hadoop.ozone.client.rpc.TestBlockOutputStreamWithFailures" time="108.785"/>
  <testcase name="testDatanodeFailureWithPreAllocation" classname="org.apache.hadoop.ozone.client.rpc.TestBlockOutputStreamWithFailures" time="222.551"/>
  <testcase name="testDatanodeFailureWithSingleNodeRatis" classname="org.apache.hadoop.ozone.client.rpc.TestBlockOutputStreamWithFailures" time="221.746"/>
  <testcase name="testWatchForCommitWithSingleNodeRatis" classname="org.apache.hadoop.ozone.client.rpc.TestBlockOutputStreamWithFailures" time="35.116"/>
  <testcase name="testWatchForCommitDatanodeFailure" classname="org.apache.hadoop.ozone.client.rpc.TestBlockOutputStreamWithFailures" time="47.36">
    <failure message="expected:&lt;2&gt; but was:&lt;3&gt;" type="java.lang.AssertionError"><![CDATA[java.lang.AssertionError: expected:<2> but was:<3>
	at org.junit.Assert.fail(Assert.java:88)
	at org.junit.Assert.failNotEquals(Assert.java:743)
	at org.junit.Assert.assertEquals(Assert.java:118)
	at org.junit.Assert.assertEquals(Assert.java:555)
	at org.junit.Assert.assertEquals(Assert.java:542)
	at org.apache.hadoop.ozone.client.rpc.TestBlockOutputStreamWithFailures.testWatchForCommitDatanodeFailure(TestBlockOutputStreamWithFailures.java:366)
	at sun.reflect.NativeMethodAccessorImpl.invoke0(Native Method)
	at sun.reflect.NativeMethodAccessorImpl.invoke(NativeMethodAccessorImpl.java:62)
	at sun.reflect.DelegatingMethodAccessorImpl.invoke(DelegatingMethodAccessorImpl.java:43)
	at java.lang.reflect.Method.invoke(Method.java:498)
	at org.junit.runners.model.FrameworkMethod$1.runReflectiveCall(FrameworkMethod.java:47)
	at org.junit.internal.runners.model.ReflectiveCallable.run(ReflectiveCallable.java:12)
	at org.junit.runners.model.FrameworkMethod.invokeExplosively(FrameworkMethod.java:44)
	at org.junit.internal.runners.statements.InvokeMethod.evaluate(InvokeMethod.java:17)
	at org.junit.internal.runners.statements.RunBefores.evaluate(RunBefores.java:26)
	at org.junit.internal.runners.statements.RunAfters.evaluate(RunAfters.java:27)
	at org.junit.runners.ParentRunner.runLeaf(ParentRunner.java:271)
	at org.junit.runners.BlockJUnit4ClassRunner.runChild(BlockJUnit4ClassRunner.java:70)
	at org.junit.runners.BlockJUnit4ClassRunner.runChild(BlockJUnit4ClassRunner.java:50)
	at org.junit.runners.ParentRunner$3.run(ParentRunner.java:238)
	at org.junit.runners.ParentRunner$1.schedule(ParentRunner.java:63)
	at org.junit.runners.ParentRunner.runChildren(ParentRunner.java:236)
	at org.junit.runners.ParentRunner.access$000(ParentRunner.java:53)
	at org.junit.runners.ParentRunner$2.evaluate(ParentRunner.java:229)
	at org.junit.runners.ParentRunner.run(ParentRunner.java:309)
	at org.apache.maven.surefire.junit4.JUnit4Provider.execute(JUnit4Provider.java:365)
	at org.apache.maven.surefire.junit4.JUnit4Provider.executeWithRerun(JUnit4Provider.java:273)
	at org.apache.maven.surefire.junit4.JUnit4Provider.executeTestSet(JUnit4Provider.java:238)
	at org.apache.maven.surefire.junit4.JUnit4Provider.invoke(JUnit4Provider.java:159)
	at org.apache.maven.surefire.booter.ForkedBooter.invokeProviderInSameClassLoader(ForkedBooter.java:384)
	at org.apache.maven.surefire.booter.ForkedBooter.runSuitesInProcess(ForkedBooter.java:345)
	at org.apache.maven.surefire.booter.ForkedBooter.execute(ForkedBooter.java:126)
	at org.apache.maven.surefire.booter.ForkedBooter.main(ForkedBooter.java:418)
]]></failure>
    <system-out><![CDATA[2019-10-04 23:31:46,667 [main] WARN  server.ServerUtils (ServerUtils.java:getScmDbDir(145)) - ozone.scm.db.dirs is not configured. We recommend adding this setting. Falling back to ozone.metadata.dirs instead.
2019-10-04 23:31:46,683 [main] WARN  server.ServerUtils (ServerUtils.java:getScmDbDir(145)) - ozone.scm.db.dirs is not configured. We recommend adding this setting. Falling back to ozone.metadata.dirs instead.
2019-10-04 23:31:46,683 [main] WARN  server.ServerUtils (ServerUtils.java:getScmDbDir(145)) - ozone.scm.db.dirs is not configured. We recommend adding this setting. Falling back to ozone.metadata.dirs instead.
2019-10-04 23:31:46,684 [main] INFO  db.DBStoreBuilder (DBStoreBuilder.java:addTable(117)) - using custom profile for table: deletedBlocks
2019-10-04 23:31:46,684 [main] INFO  db.DBStoreBuilder (DBStoreBuilder.java:processTables(168)) - Using default column profile:DBProfile.DISK for Table:deletedBlocks
2019-10-04 23:31:46,685 [main] INFO  db.DBStoreBuilder (DBStoreBuilder.java:addTable(117)) - using custom profile for table: validCerts
2019-10-04 23:31:46,685 [main] INFO  db.DBStoreBuilder (DBStoreBuilder.java:processTables(168)) - Using default column profile:DBProfile.DISK for Table:validCerts
2019-10-04 23:31:46,685 [main] INFO  db.DBStoreBuilder (DBStoreBuilder.java:addTable(117)) - using custom profile for table: revokedCerts
2019-10-04 23:31:46,685 [main] INFO  db.DBStoreBuilder (DBStoreBuilder.java:processTables(168)) - Using default column profile:DBProfile.DISK for Table:revokedCerts
2019-10-04 23:31:46,685 [main] INFO  db.DBStoreBuilder (DBStoreBuilder.java:addTable(117)) - using custom profile for table: default
2019-10-04 23:31:46,685 [main] INFO  db.DBStoreBuilder (DBStoreBuilder.java:processTables(174)) - Using default column profile:DBProfile.DISK for Table:default
2019-10-04 23:31:46,686 [main] INFO  db.DBStoreBuilder (DBStoreBuilder.java:getDbProfile(205)) - Using default options. DBProfile.DISK
2019-10-04 23:31:46,833 [main] INFO  net.NodeSchemaLoader (NodeSchemaLoader.java:loadSchemaFromFile(125)) - Loading file from sun.misc.CompoundEnumeration@3fb450d7
2019-10-04 23:31:46,834 [main] INFO  net.NodeSchemaLoader (NodeSchemaLoader.java:loadSchema(171)) - Loading network topology layer schema file
2019-10-04 23:31:46,839 [main] INFO  node.SCMNodeManager (SCMNodeManager.java:<init>(116)) - Entering startup safe mode.
2019-10-04 23:31:46,840 [main] INFO  algorithms.ContainerPlacementPolicyFactory (ContainerPlacementPolicyFactory.java:getPolicy(57)) - Create container placement policy of type org.apache.hadoop.hdds.scm.container.placement.algorithms.SCMContainerPlacementRandom
2019-10-04 23:31:46,841 [main] WARN  server.ServerUtils (ServerUtils.java:getScmDbDir(145)) - ozone.scm.db.dirs is not configured. We recommend adding this setting. Falling back to ozone.metadata.dirs instead.
2019-10-04 23:31:46,891 [main] INFO  pipeline.SCMPipelineManager (SCMPipelineManager.java:initializePipelineState(132)) - No pipeline exists in current db
2019-10-04 23:31:46,891 [main] WARN  server.ServerUtils (ServerUtils.java:getScmDbDir(145)) - ozone.scm.db.dirs is not configured. We recommend adding this setting. Falling back to ozone.metadata.dirs instead.
2019-10-04 23:31:46,943 [main] WARN  events.EventQueue (EventQueue.java:fireEvent(183)) - No event handler registered for event TypedEvent{payloadType=SafeModeStatus, name='SafeModeStatus'}
2019-10-04 23:31:46,945 [main] INFO  ipc.CallQueueManager (CallQueueManager.java:<init>(84)) - Using callQueue: class java.util.concurrent.LinkedBlockingQueue, queueCapacity: 2000, scheduler: class org.apache.hadoop.ipc.DefaultRpcScheduler, ipcBackoff: false.
2019-10-04 23:31:46,946 [Socket Reader #1 for port 45145] INFO  ipc.Server (Server.java:run(1074)) - Starting Socket Reader #1 for port 45145
2019-10-04 23:31:46,949 [main] INFO  ipc.CallQueueManager (CallQueueManager.java:<init>(84)) - Using callQueue: class java.util.concurrent.LinkedBlockingQueue, queueCapacity: 2000, scheduler: class org.apache.hadoop.ipc.DefaultRpcScheduler, ipcBackoff: false.
2019-10-04 23:31:46,949 [Socket Reader #1 for port 34901] INFO  ipc.Server (Server.java:run(1074)) - Starting Socket Reader #1 for port 34901
2019-10-04 23:31:46,952 [main] INFO  ipc.CallQueueManager (CallQueueManager.java:<init>(84)) - Using callQueue: class java.util.concurrent.LinkedBlockingQueue, queueCapacity: 2000, scheduler: class org.apache.hadoop.ipc.DefaultRpcScheduler, ipcBackoff: false.
2019-10-04 23:31:46,953 [Socket Reader #1 for port 34746] INFO  ipc.Server (Server.java:run(1074)) - Starting Socket Reader #1 for port 34746
2019-10-04 23:31:46,956 [main] INFO  hdfs.DFSUtil (DFSUtil.java:httpServerTemplateForNNAndJN(1641)) - Starting Web-server for scm at: http://0.0.0.0:0
2019-10-04 23:31:46,958 [main] INFO  server.AuthenticationFilter (AuthenticationFilter.java:constructSecretProvider(240)) - Unable to initialize FileSignerSecretProvider, falling back to use random secrets.
2019-10-04 23:31:46,959 [main] WARN  http.HttpRequestLog (HttpRequestLog.java:getRequestLog(97)) - Jetty request log can only be enabled using Log4j
2019-10-04 23:31:46,962 [main] INFO  http.HttpServer2 (HttpServer2.java:addGlobalFilter(975)) - Added global filter 'safety' (class=org.apache.hadoop.http.HttpServer2$QuotingInputFilter)
2019-10-04 23:31:46,963 [main] INFO  http.HttpServer2 (HttpServer2.java:addFilter(948)) - Added filter static_user_filter (class=org.apache.hadoop.http.lib.StaticUserWebFilter$StaticUserFilter) to context scm
2019-10-04 23:31:46,963 [main] INFO  http.HttpServer2 (HttpServer2.java:addFilter(958)) - Added filter static_user_filter (class=org.apache.hadoop.http.lib.StaticUserWebFilter$StaticUserFilter) to context static
2019-10-04 23:31:46,963 [main] INFO  http.HttpServer2 (HttpServer2.java:addFilter(958)) - Added filter static_user_filter (class=org.apache.hadoop.http.lib.StaticUserWebFilter$StaticUserFilter) to context logs
2019-10-04 23:31:46,966 [main] INFO  server.StorageContainerManager (StorageContainerManager.java:start(770)) - StorageContainerLocationProtocol RPC server is listening at /0.0.0.0:34746
2019-10-04 23:31:46,970 [main] WARN  impl.MetricsConfig (MetricsConfig.java:loadFirst(134)) - Cannot locate configuration: tried hadoop-metrics2-storagecontainermanager.properties,hadoop-metrics2.properties
2019-10-04 23:31:46,971 [main] INFO  impl.MetricsSystemImpl (MetricsSystemImpl.java:startTimer(374)) - Scheduled Metric snapshot period at 10 second(s).
2019-10-04 23:31:46,972 [main] INFO  impl.MetricsSystemImpl (MetricsSystemImpl.java:start(191)) - StorageContainerManager metrics system started
2019-10-04 23:31:47,037 [main] WARN  impl.MetricsSystemImpl (MetricsSystemImpl.java:register(276)) - Sink prometheus already exists!
2019-10-04 23:31:47,133 [main] INFO  server.SCMClientProtocolServer (SCMClientProtocolServer.java:start(159)) - RPC server for Client  is listening at /0.0.0.0:34746
2019-10-04 23:31:47,134 [IPC Server Responder] INFO  ipc.Server (Server.java:run(1314)) - IPC Server Responder: starting
2019-10-04 23:31:47,136 [IPC Server listener on 34746] INFO  ipc.Server (Server.java:run(1153)) - IPC Server listener on 34746: starting
2019-10-04 23:31:47,143 [main] INFO  server.StorageContainerManager (StorageContainerManager.java:start(780)) - ScmBlockLocationProtocol RPC server is listening at /0.0.0.0:34901
2019-10-04 23:31:47,143 [main] INFO  server.SCMBlockProtocolServer (SCMBlockProtocolServer.java:start(146)) - RPC server for Block Protocol is listening at /0.0.0.0:34901
2019-10-04 23:31:47,144 [IPC Server listener on 34901] INFO  ipc.Server (Server.java:run(1153)) - IPC Server listener on 34901: starting
2019-10-04 23:31:47,144 [IPC Server Responder] INFO  ipc.Server (Server.java:run(1314)) - IPC Server Responder: starting
2019-10-04 23:31:47,148 [main] INFO  server.StorageContainerManager (StorageContainerManager.java:start(784)) - ScmDatanodeProtocl RPC server is listening at /0.0.0.0:45145
2019-10-04 23:31:47,148 [main] INFO  server.SCMDatanodeProtocolServer (SCMDatanodeProtocolServer.java:start(169)) - RPC server for DataNodes is listening at /0.0.0.0:45145
2019-10-04 23:31:47,149 [IPC Server listener on 45145] INFO  ipc.Server (Server.java:run(1153)) - IPC Server listener on 45145: starting
2019-10-04 23:31:47,149 [IPC Server Responder] INFO  ipc.Server (Server.java:run(1314)) - IPC Server Responder: starting
2019-10-04 23:31:47,152 [main] INFO  http.HttpServer2 (HttpServer2.java:bindListener(1191)) - Jetty bound to port 44199
2019-10-04 23:31:47,152 [main] INFO  server.Server (Server.java:doStart(351)) - jetty-9.3.25.v20180904, build timestamp: 2018-09-04T21:11:46Z, git hash: 3ce520221d0240229c862b122d2b06c12a625732
2019-10-04 23:31:47,154 [main] INFO  handler.ContextHandler (ContextHandler.java:doStart(781)) - Started o.e.j.s.ServletContextHandler@64656b9e{/logs,file:///workdir/hadoop-ozone/integration-test/target/log,AVAILABLE}
2019-10-04 23:31:47,154 [main] INFO  handler.ContextHandler (ContextHandler.java:doStart(781)) - Started o.e.j.s.ServletContextHandler@45554613{/static,file:///workdir/hadoop-ozone/integration-test/target/test-classes/webapps/static,AVAILABLE}
2019-10-04 23:31:47,158 [main] INFO  handler.ContextHandler (ContextHandler.java:doStart(781)) - Started o.e.j.w.WebAppContext@530ee28b{/,file:///workdir/hadoop-ozone/integration-test/target/test-classes/webapps/scm/,AVAILABLE}{/scm}
2019-10-04 23:31:47,159 [main] INFO  server.AbstractConnector (AbstractConnector.java:doStart(278)) - Started ServerConnector@3a3f96ab{HTTP/1.1,[http/1.1]}{0.0.0.0:44199}
2019-10-04 23:31:47,160 [main] INFO  server.Server (Server.java:doStart(419)) - Started @589275ms
2019-10-04 23:31:47,161 [main] WARN  impl.MetricsSystemImpl (MetricsSystemImpl.java:register(276)) - Sink prometheus already exists!
2019-10-04 23:31:47,162 [main] INFO  server.BaseHttpServer (BaseHttpServer.java:updateConnectorAddress(215)) - HTTP server of SCM is listening at http://0.0.0.0:44199
2019-10-04 23:31:47,162 [main] WARN  server.ServerUtils (ServerUtils.java:getDBPath(222)) - ozone.om.db.dirs is not configured. We recommend adding this setting. Falling back to ozone.metadata.dirs instead.
2019-10-04 23:31:47,163 [org.apache.hadoop.util.JvmPauseMonitor$Monitor@43c7fe8a] INFO  util.JvmPauseMonitor (JvmPauseMonitor.java:run(188)) - Starting JVM pause monitor
2019-10-04 23:31:47,177 [main] INFO  ha.OMHANodeDetails (OMHANodeDetails.java:loadOMHAConfig(190)) - Configuration either no ozone.om.address set. Falling back to the default OM address /127.0.0.1:0
2019-10-04 23:31:47,178 [main] INFO  ha.OMHANodeDetails (OMHANodeDetails.java:getOMNodeDetails(220)) - OM Service ID is not set. Setting it to the default ID: omServiceIdDefault
2019-10-04 23:31:47,178 [main] WARN  server.ServerUtils (ServerUtils.java:getDBPath(222)) - ozone.om.db.dirs is not configured. We recommend adding this setting. Falling back to ozone.metadata.dirs instead.
2019-10-04 23:31:47,178 [main] WARN  server.ServerUtils (ServerUtils.java:getDBPath(222)) - ozone.om.db.dirs is not configured. We recommend adding this setting. Falling back to ozone.metadata.dirs instead.
2019-10-04 23:31:47,186 [main] WARN  server.ServerUtils (ServerUtils.java:getDBPath(222)) - ozone.om.db.dirs is not configured. We recommend adding this setting. Falling back to ozone.metadata.dirs instead.
2019-10-04 23:31:47,186 [main] INFO  db.DBStoreBuilder (DBStoreBuilder.java:addTable(117)) - using custom profile for table: userTable
2019-10-04 23:31:47,186 [main] INFO  db.DBStoreBuilder (DBStoreBuilder.java:processTables(168)) - Using default column profile:DBProfile.DISK for Table:userTable
2019-10-04 23:31:47,187 [main] INFO  db.DBStoreBuilder (DBStoreBuilder.java:addTable(117)) - using custom profile for table: volumeTable
2019-10-04 23:31:47,187 [main] INFO  db.DBStoreBuilder (DBStoreBuilder.java:processTables(168)) - Using default column profile:DBProfile.DISK for Table:volumeTable
2019-10-04 23:31:47,187 [main] INFO  db.DBStoreBuilder (DBStoreBuilder.java:addTable(117)) - using custom profile for table: bucketTable
2019-10-04 23:31:47,187 [main] INFO  db.DBStoreBuilder (DBStoreBuilder.java:processTables(168)) - Using default column profile:DBProfile.DISK for Table:bucketTable
2019-10-04 23:31:47,187 [main] INFO  db.DBStoreBuilder (DBStoreBuilder.java:addTable(117)) - using custom profile for table: keyTable
2019-10-04 23:31:47,187 [main] INFO  db.DBStoreBuilder (DBStoreBuilder.java:processTables(168)) - Using default column profile:DBProfile.DISK for Table:keyTable
2019-10-04 23:31:47,188 [main] INFO  db.DBStoreBuilder (DBStoreBuilder.java:addTable(117)) - using custom profile for table: deletedTable
2019-10-04 23:31:47,188 [main] INFO  db.DBStoreBuilder (DBStoreBuilder.java:processTables(168)) - Using default column profile:DBProfile.DISK for Table:deletedTable
2019-10-04 23:31:47,188 [main] INFO  db.DBStoreBuilder (DBStoreBuilder.java:addTable(117)) - using custom profile for table: openKeyTable
2019-10-04 23:31:47,188 [main] INFO  db.DBStoreBuilder (DBStoreBuilder.java:processTables(168)) - Using default column profile:DBProfile.DISK for Table:openKeyTable
2019-10-04 23:31:47,188 [main] INFO  db.DBStoreBuilder (DBStoreBuilder.java:addTable(117)) - using custom profile for table: s3Table
2019-10-04 23:31:47,188 [main] INFO  db.DBStoreBuilder (DBStoreBuilder.java:processTables(168)) - Using default column profile:DBProfile.DISK for Table:s3Table
2019-10-04 23:31:47,189 [main] INFO  db.DBStoreBuilder (DBStoreBuilder.java:addTable(117)) - using custom profile for table: multipartInfoTable
2019-10-04 23:31:47,189 [main] INFO  db.DBStoreBuilder (DBStoreBuilder.java:processTables(168)) - Using default column profile:DBProfile.DISK for Table:multipartInfoTable
2019-10-04 23:31:47,189 [main] INFO  db.DBStoreBuilder (DBStoreBuilder.java:addTable(117)) - using custom profile for table: dTokenTable
2019-10-04 23:31:47,189 [main] INFO  db.DBStoreBuilder (DBStoreBuilder.java:processTables(168)) - Using default column profile:DBProfile.DISK for Table:dTokenTable
2019-10-04 23:31:47,189 [main] INFO  db.DBStoreBuilder (DBStoreBuilder.java:addTable(117)) - using custom profile for table: s3SecretTable
2019-10-04 23:31:47,190 [main] INFO  db.DBStoreBuilder (DBStoreBuilder.java:processTables(168)) - Using default column profile:DBProfile.DISK for Table:s3SecretTable
2019-10-04 23:31:47,190 [main] INFO  db.DBStoreBuilder (DBStoreBuilder.java:addTable(117)) - using custom profile for table: prefixTable
2019-10-04 23:31:47,190 [main] INFO  db.DBStoreBuilder (DBStoreBuilder.java:processTables(168)) - Using default column profile:DBProfile.DISK for Table:prefixTable
2019-10-04 23:31:47,190 [main] INFO  db.DBStoreBuilder (DBStoreBuilder.java:addTable(117)) - using custom profile for table: default
2019-10-04 23:31:47,190 [main] INFO  db.DBStoreBuilder (DBStoreBuilder.java:processTables(174)) - Using default column profile:DBProfile.DISK for Table:default
2019-10-04 23:31:47,190 [main] INFO  db.DBStoreBuilder (DBStoreBuilder.java:getDbProfile(205)) - Using default options. DBProfile.DISK
2019-10-04 23:31:47,579 [main] INFO  ipc.CallQueueManager (CallQueueManager.java:<init>(84)) - Using callQueue: class java.util.concurrent.LinkedBlockingQueue, queueCapacity: 2000, scheduler: class org.apache.hadoop.ipc.DefaultRpcScheduler, ipcBackoff: false.
2019-10-04 23:31:47,580 [Socket Reader #1 for port 42753] INFO  ipc.Server (Server.java:run(1074)) - Starting Socket Reader #1 for port 42753
2019-10-04 23:31:47,594 [main] INFO  om.OzoneManager (OzoneManager.java:start(1069)) - OzoneManager RPC server is listening at localhost/127.0.0.1:42753
2019-10-04 23:31:47,594 [main] INFO  impl.MetricsSystemImpl (MetricsSystemImpl.java:init(158)) - OzoneManager metrics system started (again)
2019-10-04 23:31:47,595 [IPC Server Responder] INFO  ipc.Server (Server.java:run(1314)) - IPC Server Responder: starting
2019-10-04 23:31:47,597 [IPC Server listener on 42753] INFO  ipc.Server (Server.java:run(1153)) - IPC Server listener on 42753: starting
2019-10-04 23:31:47,602 [main] INFO  hdfs.DFSUtil (DFSUtil.java:httpServerTemplateForNNAndJN(1641)) - Starting Web-server for ozoneManager at: http://0.0.0.0:0
2019-10-04 23:31:47,603 [main] INFO  server.AuthenticationFilter (AuthenticationFilter.java:constructSecretProvider(240)) - Unable to initialize FileSignerSecretProvider, falling back to use random secrets.
2019-10-04 23:31:47,603 [main] WARN  http.HttpRequestLog (HttpRequestLog.java:getRequestLog(97)) - Jetty request log can only be enabled using Log4j
2019-10-04 23:31:47,604 [main] INFO  http.HttpServer2 (HttpServer2.java:addGlobalFilter(975)) - Added global filter 'safety' (class=org.apache.hadoop.http.HttpServer2$QuotingInputFilter)
2019-10-04 23:31:47,605 [main] INFO  http.HttpServer2 (HttpServer2.java:addFilter(948)) - Added filter static_user_filter (class=org.apache.hadoop.http.lib.StaticUserWebFilter$StaticUserFilter) to context ozoneManager
2019-10-04 23:31:47,605 [main] INFO  http.HttpServer2 (HttpServer2.java:addFilter(958)) - Added filter static_user_filter (class=org.apache.hadoop.http.lib.StaticUserWebFilter$StaticUserFilter) to context static
2019-10-04 23:31:47,605 [main] INFO  http.HttpServer2 (HttpServer2.java:addFilter(958)) - Added filter static_user_filter (class=org.apache.hadoop.http.lib.StaticUserWebFilter$StaticUserFilter) to context logs
2019-10-04 23:31:47,606 [main] INFO  http.HttpServer2 (HttpServer2.java:bindListener(1191)) - Jetty bound to port 40674
2019-10-04 23:31:47,606 [main] INFO  server.Server (Server.java:doStart(351)) - jetty-9.3.25.v20180904, build timestamp: 2018-09-04T21:11:46Z, git hash: 3ce520221d0240229c862b122d2b06c12a625732
2019-10-04 23:31:47,607 [main] INFO  handler.ContextHandler (ContextHandler.java:doStart(781)) - Started o.e.j.s.ServletContextHandler@4652c74d{/logs,file:///workdir/hadoop-ozone/integration-test/target/log,AVAILABLE}
2019-10-04 23:31:47,608 [main] INFO  handler.ContextHandler (ContextHandler.java:doStart(781)) - Started o.e.j.s.ServletContextHandler@5ea7bc4{/static,file:///workdir/hadoop-ozone/integration-test/target/test-classes/webapps/static,AVAILABLE}
2019-10-04 23:31:47,611 [main] INFO  handler.ContextHandler (ContextHandler.java:doStart(781)) - Started o.e.j.w.WebAppContext@497ed877{/,file:///workdir/hadoop-ozone/integration-test/target/test-classes/webapps/ozoneManager/,AVAILABLE}{/ozoneManager}
2019-10-04 23:31:47,611 [main] INFO  server.AbstractConnector (AbstractConnector.java:doStart(278)) - Started ServerConnector@3cb6e0ee{HTTP/1.1,[http/1.1]}{0.0.0.0:40674}
2019-10-04 23:31:47,612 [main] INFO  server.Server (Server.java:doStart(419)) - Started @589727ms
2019-10-04 23:31:47,613 [main] WARN  impl.MetricsSystemImpl (MetricsSystemImpl.java:register(276)) - Sink prometheus already exists!
2019-10-04 23:31:47,615 [main] INFO  server.BaseHttpServer (BaseHttpServer.java:updateConnectorAddress(215)) - HTTP server of OZONEMANAGER is listening at http://0.0.0.0:40674
2019-10-04 23:31:47,631 [main] INFO  impl.MetricsSystemImpl (MetricsSystemImpl.java:init(158)) - HddsDatanode metrics system started (again)
2019-10-04 23:31:47,635 [main] INFO  ozone.HddsDatanodeService (HddsDatanodeService.java:start(184)) - HddsDatanodeService host:pr-hdds-2181-c9q8w-3494937983 ip:192.168.164.255
2019-10-04 23:31:47,643 [main] INFO  volume.HddsVolume (HddsVolume.java:<init>(176)) - Creating Volume: /workdir/hadoop-ozone/integration-test/target/test-dir/MiniOzoneClusterImpl-77a65601-66c2-44da-9914-8a9405cf73ea/datanode-0/data/containers/hdds of  storage type : DISK and capacity : 1482555576320
2019-10-04 23:31:47,643 [main] INFO  volume.VolumeSet (VolumeSet.java:initializeVolumeSet(170)) - Added Volume : /workdir/hadoop-ozone/integration-test/target/test-dir/MiniOzoneClusterImpl-77a65601-66c2-44da-9914-8a9405cf73ea/datanode-0/data/containers/hdds to VolumeSet
2019-10-04 23:31:47,644 [main] INFO  volume.ThrottledAsyncChecker (ThrottledAsyncChecker.java:schedule(139)) - Scheduling a check for org.apache.hadoop.ozone.container.common.volume.HddsVolume@5fd43e58
2019-10-04 23:31:47,646 [main] INFO  volume.HddsVolumeChecker (HddsVolumeChecker.java:checkAllVolumes(202)) - Scheduled health check for volume org.apache.hadoop.ozone.container.common.volume.HddsVolume@5fd43e58
2019-10-04 23:31:47,664 [main] INFO  impl.RaftServerProxy (ConfUtils.java:logGet(43)) - raft.rpc.type = GRPC (default)
2019-10-04 23:31:47,664 [main] INFO  grpc.GrpcFactory (GrpcFactory.java:checkPooledByteBufAllocatorUseCacheForAllThreads(45)) - PERFORMANCE WARNING: useCacheForAllThreads is true that may cause Netty to create a lot garbage objects and, as a result, trigger GC.
	It is recommended to disable useCacheForAllThreads by setting -Dorg.apache.ratis.thirdparty.io.netty.allocator.useCacheForAllThreads=false in command line.
2019-10-04 23:31:47,665 [main] INFO  grpc.GrpcConfigKeys$Server (ConfUtils.java:logGet(43)) - raft.grpc.server.port = 0 (default)
2019-10-04 23:31:47,665 [main] INFO  server.GrpcService (ConfUtils.java:logGet(43)) - raft.grpc.message.size.max = 33570816 (custom)
2019-10-04 23:31:47,665 [main] INFO  server.RaftServerConfigKeys (ConfUtils.java:logGet(43)) - raft.server.log.appender.buffer.byte-limit = 33554432 (custom)
2019-10-04 23:31:47,666 [main] INFO  server.GrpcService (ConfUtils.java:logGet(43)) - raft.grpc.flow.control.window = 1MB (=1048576) (default)
2019-10-04 23:31:47,666 [main] INFO  server.RaftServerConfigKeys (ConfUtils.java:logGet(43)) - raft.server.rpc.request.timeout = 3000ms (default)
2019-10-04 23:31:47,667 [main] INFO  server.RaftServerConfigKeys (ConfUtils.java:logGet(43)) - raft.server.storage.dir = [/workdir/hadoop-ozone/integration-test/target/test-dir/MiniOzoneClusterImpl-77a65601-66c2-44da-9914-8a9405cf73ea/datanode-0/data/ratis] (custom)
2019-10-04 23:31:47,669 [main] INFO  hdfs.DFSUtil (DFSUtil.java:httpServerTemplateForNNAndJN(1641)) - Starting Web-server for hddsDatanode at: http://0.0.0.0:0
2019-10-04 23:31:47,670 [main] INFO  server.AuthenticationFilter (AuthenticationFilter.java:constructSecretProvider(240)) - Unable to initialize FileSignerSecretProvider, falling back to use random secrets.
2019-10-04 23:31:47,671 [main] WARN  http.HttpRequestLog (HttpRequestLog.java:getRequestLog(97)) - Jetty request log can only be enabled using Log4j
2019-10-04 23:31:47,673 [main] INFO  http.HttpServer2 (HttpServer2.java:addGlobalFilter(975)) - Added global filter 'safety' (class=org.apache.hadoop.http.HttpServer2$QuotingInputFilter)
2019-10-04 23:31:47,673 [main] INFO  http.HttpServer2 (HttpServer2.java:addFilter(948)) - Added filter static_user_filter (class=org.apache.hadoop.http.lib.StaticUserWebFilter$StaticUserFilter) to context hddsDatanode
2019-10-04 23:31:47,674 [main] INFO  http.HttpServer2 (HttpServer2.java:addFilter(958)) - Added filter static_user_filter (class=org.apache.hadoop.http.lib.StaticUserWebFilter$StaticUserFilter) to context logs
2019-10-04 23:31:47,674 [main] INFO  http.HttpServer2 (HttpServer2.java:addFilter(958)) - Added filter static_user_filter (class=org.apache.hadoop.http.lib.StaticUserWebFilter$StaticUserFilter) to context static
2019-10-04 23:31:47,675 [main] INFO  http.HttpServer2 (HttpServer2.java:bindListener(1191)) - Jetty bound to port 37282
2019-10-04 23:31:47,675 [main] INFO  server.Server (Server.java:doStart(351)) - jetty-9.3.25.v20180904, build timestamp: 2018-09-04T21:11:46Z, git hash: 3ce520221d0240229c862b122d2b06c12a625732
2019-10-04 23:31:47,677 [main] INFO  handler.ContextHandler (ContextHandler.java:doStart(781)) - Started o.e.j.s.ServletContextHandler@279126f5{/logs,file:///workdir/hadoop-ozone/integration-test/target/log,AVAILABLE}
2019-10-04 23:31:47,677 [main] INFO  handler.ContextHandler (ContextHandler.java:doStart(781)) - Started o.e.j.s.ServletContextHandler@5fdd97c1{/static,jar:file:/home/user/.m2/repository/org/apache/hadoop/hadoop-hdds-container-service/0.5.0-SNAPSHOT/hadoop-hdds-container-service-0.5.0-SNAPSHOT.jar!/webapps/static,AVAILABLE}
2019-10-04 23:31:47,715 [main] INFO  handler.ContextHandler (ContextHandler.java:doStart(781)) - Started o.e.j.w.WebAppContext@10817f46{/,file:///tmp/jetty-0.0.0.0-37282-hddsDatanode-_-any-3393718004181595124.dir/webapp/,AVAILABLE}{/hddsDatanode}
2019-10-04 23:31:47,715 [main] INFO  server.AbstractConnector (AbstractConnector.java:doStart(278)) - Started ServerConnector@2d4a3e13{HTTP/1.1,[http/1.1]}{0.0.0.0:37282}
2019-10-04 23:31:47,717 [main] INFO  server.Server (Server.java:doStart(419)) - Started @589832ms
2019-10-04 23:31:47,717 [main] WARN  impl.MetricsSystemImpl (MetricsSystemImpl.java:register(276)) - Sink prometheus already exists!
2019-10-04 23:31:47,718 [main] INFO  server.BaseHttpServer (BaseHttpServer.java:updateConnectorAddress(215)) - HTTP server of HDDSDATANODE is listening at http://0.0.0.0:37282
2019-10-04 23:31:47,718 [main] INFO  impl.MetricsSystemImpl (MetricsSystemImpl.java:init(158)) - HddsDatanode metrics system started (again)
2019-10-04 23:31:47,723 [org.apache.hadoop.util.JvmPauseMonitor$Monitor@5dbdd75a] INFO  util.JvmPauseMonitor (JvmPauseMonitor.java:run(188)) - Starting JVM pause monitor
2019-10-04 23:31:47,724 [main] INFO  ozone.HddsDatanodeService (HddsDatanodeService.java:start(184)) - HddsDatanodeService host:pr-hdds-2181-c9q8w-3494937983 ip:192.168.164.255
2019-10-04 23:31:47,725 [Datanode State Machine Thread - 0] INFO  datanode.InitDatanodeState (InitDatanodeState.java:persistContainerDatanodeDetails(140)) - DatanodeDetails is persisted to /workdir/hadoop-ozone/integration-test/target/test-dir/MiniOzoneClusterImpl-77a65601-66c2-44da-9914-8a9405cf73ea/datanode-0/meta/datanode.id
2019-10-04 23:31:47,731 [main] INFO  volume.HddsVolume (HddsVolume.java:<init>(176)) - Creating Volume: /workdir/hadoop-ozone/integration-test/target/test-dir/MiniOzoneClusterImpl-77a65601-66c2-44da-9914-8a9405cf73ea/datanode-1/data/containers/hdds of  storage type : DISK and capacity : 1482555576320
2019-10-04 23:31:47,732 [main] INFO  volume.VolumeSet (VolumeSet.java:initializeVolumeSet(170)) - Added Volume : /workdir/hadoop-ozone/integration-test/target/test-dir/MiniOzoneClusterImpl-77a65601-66c2-44da-9914-8a9405cf73ea/datanode-1/data/containers/hdds to VolumeSet
2019-10-04 23:31:47,732 [main] INFO  volume.ThrottledAsyncChecker (ThrottledAsyncChecker.java:schedule(139)) - Scheduling a check for org.apache.hadoop.ozone.container.common.volume.HddsVolume@6aea99e7
2019-10-04 23:31:47,732 [main] INFO  volume.HddsVolumeChecker (HddsVolumeChecker.java:checkAllVolumes(202)) - Scheduled health check for volume org.apache.hadoop.ozone.container.common.volume.HddsVolume@6aea99e7
2019-10-04 23:31:47,750 [main] INFO  impl.RaftServerProxy (ConfUtils.java:logGet(43)) - raft.rpc.type = GRPC (default)
2019-10-04 23:31:47,751 [main] INFO  grpc.GrpcFactory (GrpcFactory.java:checkPooledByteBufAllocatorUseCacheForAllThreads(45)) - PERFORMANCE WARNING: useCacheForAllThreads is true that may cause Netty to create a lot garbage objects and, as a result, trigger GC.
	It is recommended to disable useCacheForAllThreads by setting -Dorg.apache.ratis.thirdparty.io.netty.allocator.useCacheForAllThreads=false in command line.
2019-10-04 23:31:47,751 [main] INFO  grpc.GrpcConfigKeys$Server (ConfUtils.java:logGet(43)) - raft.grpc.server.port = 0 (default)
2019-10-04 23:31:47,751 [main] INFO  server.GrpcService (ConfUtils.java:logGet(43)) - raft.grpc.message.size.max = 33570816 (custom)
2019-10-04 23:31:47,751 [main] INFO  server.RaftServerConfigKeys (ConfUtils.java:logGet(43)) - raft.server.log.appender.buffer.byte-limit = 33554432 (custom)
2019-10-04 23:31:47,752 [main] INFO  server.GrpcService (ConfUtils.java:logGet(43)) - raft.grpc.flow.control.window = 1MB (=1048576) (default)
2019-10-04 23:31:47,752 [main] INFO  server.RaftServerConfigKeys (ConfUtils.java:logGet(43)) - raft.server.rpc.request.timeout = 3000ms (default)
2019-10-04 23:31:47,753 [main] INFO  server.RaftServerConfigKeys (ConfUtils.java:logGet(43)) - raft.server.storage.dir = [/workdir/hadoop-ozone/integration-test/target/test-dir/MiniOzoneClusterImpl-77a65601-66c2-44da-9914-8a9405cf73ea/datanode-1/data/ratis] (custom)
2019-10-04 23:31:47,754 [main] INFO  hdfs.DFSUtil (DFSUtil.java:httpServerTemplateForNNAndJN(1641)) - Starting Web-server for hddsDatanode at: http://0.0.0.0:0
2019-10-04 23:31:47,755 [main] INFO  server.AuthenticationFilter (AuthenticationFilter.java:constructSecretProvider(240)) - Unable to initialize FileSignerSecretProvider, falling back to use random secrets.
2019-10-04 23:31:47,756 [main] WARN  http.HttpRequestLog (HttpRequestLog.java:getRequestLog(97)) - Jetty request log can only be enabled using Log4j
2019-10-04 23:31:47,757 [main] INFO  http.HttpServer2 (HttpServer2.java:addGlobalFilter(975)) - Added global filter 'safety' (class=org.apache.hadoop.http.HttpServer2$QuotingInputFilter)
2019-10-04 23:31:47,758 [main] INFO  http.HttpServer2 (HttpServer2.java:addFilter(948)) - Added filter static_user_filter (class=org.apache.hadoop.http.lib.StaticUserWebFilter$StaticUserFilter) to context hddsDatanode
2019-10-04 23:31:47,758 [main] INFO  http.HttpServer2 (HttpServer2.java:addFilter(958)) - Added filter static_user_filter (class=org.apache.hadoop.http.lib.StaticUserWebFilter$StaticUserFilter) to context static
2019-10-04 23:31:47,758 [main] INFO  http.HttpServer2 (HttpServer2.java:addFilter(958)) - Added filter static_user_filter (class=org.apache.hadoop.http.lib.StaticUserWebFilter$StaticUserFilter) to context logs
2019-10-04 23:31:47,759 [main] INFO  http.HttpServer2 (HttpServer2.java:bindListener(1191)) - Jetty bound to port 36993
2019-10-04 23:31:47,759 [main] INFO  server.Server (Server.java:doStart(351)) - jetty-9.3.25.v20180904, build timestamp: 2018-09-04T21:11:46Z, git hash: 3ce520221d0240229c862b122d2b06c12a625732
2019-10-04 23:31:47,761 [main] INFO  handler.ContextHandler (ContextHandler.java:doStart(781)) - Started o.e.j.s.ServletContextHandler@559991f5{/logs,file:///workdir/hadoop-ozone/integration-test/target/log,AVAILABLE}
2019-10-04 23:31:47,761 [main] INFO  handler.ContextHandler (ContextHandler.java:doStart(781)) - Started o.e.j.s.ServletContextHandler@30b3d899{/static,jar:file:/home/user/.m2/repository/org/apache/hadoop/hadoop-hdds-container-service/0.5.0-SNAPSHOT/hadoop-hdds-container-service-0.5.0-SNAPSHOT.jar!/webapps/static,AVAILABLE}
2019-10-04 23:31:47,804 [main] INFO  handler.ContextHandler (ContextHandler.java:doStart(781)) - Started o.e.j.w.WebAppContext@147cc940{/,file:///tmp/jetty-0.0.0.0-36993-hddsDatanode-_-any-1602795182940646608.dir/webapp/,AVAILABLE}{/hddsDatanode}
2019-10-04 23:31:47,805 [main] INFO  server.AbstractConnector (AbstractConnector.java:doStart(278)) - Started ServerConnector@755a7218{HTTP/1.1,[http/1.1]}{0.0.0.0:36993}
2019-10-04 23:31:47,807 [main] INFO  server.Server (Server.java:doStart(419)) - Started @589922ms
2019-10-04 23:31:47,807 [main] WARN  impl.MetricsSystemImpl (MetricsSystemImpl.java:register(276)) - Sink prometheus already exists!
2019-10-04 23:31:47,808 [main] INFO  server.BaseHttpServer (BaseHttpServer.java:updateConnectorAddress(215)) - HTTP server of HDDSDATANODE is listening at http://0.0.0.0:36993
2019-10-04 23:31:47,809 [main] INFO  impl.MetricsSystemImpl (MetricsSystemImpl.java:init(158)) - HddsDatanode metrics system started (again)
2019-10-04 23:31:47,815 [org.apache.hadoop.util.JvmPauseMonitor$Monitor@6544cf9b] INFO  util.JvmPauseMonitor (JvmPauseMonitor.java:run(188)) - Starting JVM pause monitor
2019-10-04 23:31:47,816 [main] INFO  ozone.HddsDatanodeService (HddsDatanodeService.java:start(184)) - HddsDatanodeService host:pr-hdds-2181-c9q8w-3494937983 ip:192.168.164.255
2019-10-04 23:31:47,817 [Datanode State Machine Thread - 0] INFO  datanode.InitDatanodeState (InitDatanodeState.java:persistContainerDatanodeDetails(140)) - DatanodeDetails is persisted to /workdir/hadoop-ozone/integration-test/target/test-dir/MiniOzoneClusterImpl-77a65601-66c2-44da-9914-8a9405cf73ea/datanode-1/meta/datanode.id
2019-10-04 23:31:47,826 [main] INFO  volume.HddsVolume (HddsVolume.java:<init>(176)) - Creating Volume: /workdir/hadoop-ozone/integration-test/target/test-dir/MiniOzoneClusterImpl-77a65601-66c2-44da-9914-8a9405cf73ea/datanode-2/data/containers/hdds of  storage type : DISK and capacity : 1482555576320
2019-10-04 23:31:47,826 [main] INFO  volume.VolumeSet (VolumeSet.java:initializeVolumeSet(170)) - Added Volume : /workdir/hadoop-ozone/integration-test/target/test-dir/MiniOzoneClusterImpl-77a65601-66c2-44da-9914-8a9405cf73ea/datanode-2/data/containers/hdds to VolumeSet
2019-10-04 23:31:47,826 [main] INFO  volume.ThrottledAsyncChecker (ThrottledAsyncChecker.java:schedule(139)) - Scheduling a check for org.apache.hadoop.ozone.container.common.volume.HddsVolume@6c2a95d5
2019-10-04 23:31:47,827 [main] INFO  volume.HddsVolumeChecker (HddsVolumeChecker.java:checkAllVolumes(202)) - Scheduled health check for volume org.apache.hadoop.ozone.container.common.volume.HddsVolume@6c2a95d5
2019-10-04 23:31:47,847 [main] INFO  impl.RaftServerProxy (ConfUtils.java:logGet(43)) - raft.rpc.type = GRPC (default)
2019-10-04 23:31:47,847 [main] INFO  grpc.GrpcFactory (GrpcFactory.java:checkPooledByteBufAllocatorUseCacheForAllThreads(45)) - PERFORMANCE WARNING: useCacheForAllThreads is true that may cause Netty to create a lot garbage objects and, as a result, trigger GC.
	It is recommended to disable useCacheForAllThreads by setting -Dorg.apache.ratis.thirdparty.io.netty.allocator.useCacheForAllThreads=false in command line.
2019-10-04 23:31:47,847 [main] INFO  grpc.GrpcConfigKeys$Server (ConfUtils.java:logGet(43)) - raft.grpc.server.port = 0 (default)
2019-10-04 23:31:47,847 [main] INFO  server.GrpcService (ConfUtils.java:logGet(43)) - raft.grpc.message.size.max = 33570816 (custom)
2019-10-04 23:31:47,848 [main] INFO  server.RaftServerConfigKeys (ConfUtils.java:logGet(43)) - raft.server.log.appender.buffer.byte-limit = 33554432 (custom)
2019-10-04 23:31:47,848 [main] INFO  server.GrpcService (ConfUtils.java:logGet(43)) - raft.grpc.flow.control.window = 1MB (=1048576) (default)
2019-10-04 23:31:47,848 [main] INFO  server.RaftServerConfigKeys (ConfUtils.java:logGet(43)) - raft.server.rpc.request.timeout = 3000ms (default)
2019-10-04 23:31:47,849 [main] INFO  server.RaftServerConfigKeys (ConfUtils.java:logGet(43)) - raft.server.storage.dir = [/workdir/hadoop-ozone/integration-test/target/test-dir/MiniOzoneClusterImpl-77a65601-66c2-44da-9914-8a9405cf73ea/datanode-2/data/ratis] (custom)
2019-10-04 23:31:47,850 [main] INFO  hdfs.DFSUtil (DFSUtil.java:httpServerTemplateForNNAndJN(1641)) - Starting Web-server for hddsDatanode at: http://0.0.0.0:0
2019-10-04 23:31:47,852 [main] INFO  server.AuthenticationFilter (AuthenticationFilter.java:constructSecretProvider(240)) - Unable to initialize FileSignerSecretProvider, falling back to use random secrets.
2019-10-04 23:31:47,853 [main] WARN  http.HttpRequestLog (HttpRequestLog.java:getRequestLog(97)) - Jetty request log can only be enabled using Log4j
2019-10-04 23:31:47,854 [main] INFO  http.HttpServer2 (HttpServer2.java:addGlobalFilter(975)) - Added global filter 'safety' (class=org.apache.hadoop.http.HttpServer2$QuotingInputFilter)
2019-10-04 23:31:47,855 [main] INFO  http.HttpServer2 (HttpServer2.java:addFilter(948)) - Added filter static_user_filter (class=org.apache.hadoop.http.lib.StaticUserWebFilter$StaticUserFilter) to context hddsDatanode
2019-10-04 23:31:47,855 [main] INFO  http.HttpServer2 (HttpServer2.java:addFilter(958)) - Added filter static_user_filter (class=org.apache.hadoop.http.lib.StaticUserWebFilter$StaticUserFilter) to context static
2019-10-04 23:31:47,855 [main] INFO  http.HttpServer2 (HttpServer2.java:addFilter(958)) - Added filter static_user_filter (class=org.apache.hadoop.http.lib.StaticUserWebFilter$StaticUserFilter) to context logs
2019-10-04 23:31:47,856 [main] INFO  http.HttpServer2 (HttpServer2.java:bindListener(1191)) - Jetty bound to port 36852
2019-10-04 23:31:47,857 [main] INFO  server.Server (Server.java:doStart(351)) - jetty-9.3.25.v20180904, build timestamp: 2018-09-04T21:11:46Z, git hash: 3ce520221d0240229c862b122d2b06c12a625732
2019-10-04 23:31:47,858 [main] INFO  handler.ContextHandler (ContextHandler.java:doStart(781)) - Started o.e.j.s.ServletContextHandler@241b971f{/logs,file:///workdir/hadoop-ozone/integration-test/target/log,AVAILABLE}
2019-10-04 23:31:47,859 [main] INFO  handler.ContextHandler (ContextHandler.java:doStart(781)) - Started o.e.j.s.ServletContextHandler@5384ce66{/static,jar:file:/home/user/.m2/repository/org/apache/hadoop/hadoop-hdds-container-service/0.5.0-SNAPSHOT/hadoop-hdds-container-service-0.5.0-SNAPSHOT.jar!/webapps/static,AVAILABLE}
2019-10-04 23:31:47,892 [main] INFO  handler.ContextHandler (ContextHandler.java:doStart(781)) - Started o.e.j.w.WebAppContext@7f0766ef{/,file:///tmp/jetty-0.0.0.0-36852-hddsDatanode-_-any-1270477947177119652.dir/webapp/,AVAILABLE}{/hddsDatanode}
2019-10-04 23:31:47,892 [main] INFO  server.AbstractConnector (AbstractConnector.java:doStart(278)) - Started ServerConnector@1e56bc9b{HTTP/1.1,[http/1.1]}{0.0.0.0:36852}
2019-10-04 23:31:47,893 [main] INFO  server.Server (Server.java:doStart(419)) - Started @590008ms
2019-10-04 23:31:47,894 [main] WARN  impl.MetricsSystemImpl (MetricsSystemImpl.java:register(276)) - Sink prometheus already exists!
2019-10-04 23:31:47,895 [main] INFO  server.BaseHttpServer (BaseHttpServer.java:updateConnectorAddress(215)) - HTTP server of HDDSDATANODE is listening at http://0.0.0.0:36852
2019-10-04 23:31:47,895 [main] INFO  impl.MetricsSystemImpl (MetricsSystemImpl.java:init(158)) - HddsDatanode metrics system started (again)
2019-10-04 23:31:47,900 [org.apache.hadoop.util.JvmPauseMonitor$Monitor@4039698d] INFO  util.JvmPauseMonitor (JvmPauseMonitor.java:run(188)) - Starting JVM pause monitor
2019-10-04 23:31:47,900 [main] INFO  ozone.HddsDatanodeService (HddsDatanodeService.java:start(184)) - HddsDatanodeService host:pr-hdds-2181-c9q8w-3494937983 ip:192.168.164.255
2019-10-04 23:31:47,902 [Datanode State Machine Thread - 0] INFO  datanode.InitDatanodeState (InitDatanodeState.java:persistContainerDatanodeDetails(140)) - DatanodeDetails is persisted to /workdir/hadoop-ozone/integration-test/target/test-dir/MiniOzoneClusterImpl-77a65601-66c2-44da-9914-8a9405cf73ea/datanode-2/meta/datanode.id
2019-10-04 23:31:47,907 [main] INFO  volume.HddsVolume (HddsVolume.java:<init>(176)) - Creating Volume: /workdir/hadoop-ozone/integration-test/target/test-dir/MiniOzoneClusterImpl-77a65601-66c2-44da-9914-8a9405cf73ea/datanode-3/data/containers/hdds of  storage type : DISK and capacity : 1482555576320
2019-10-04 23:31:47,907 [main] INFO  volume.VolumeSet (VolumeSet.java:initializeVolumeSet(170)) - Added Volume : /workdir/hadoop-ozone/integration-test/target/test-dir/MiniOzoneClusterImpl-77a65601-66c2-44da-9914-8a9405cf73ea/datanode-3/data/containers/hdds to VolumeSet
2019-10-04 23:31:47,907 [main] INFO  volume.ThrottledAsyncChecker (ThrottledAsyncChecker.java:schedule(139)) - Scheduling a check for org.apache.hadoop.ozone.container.common.volume.HddsVolume@22a4ca4a
2019-10-04 23:31:47,908 [main] INFO  volume.HddsVolumeChecker (HddsVolumeChecker.java:checkAllVolumes(202)) - Scheduled health check for volume org.apache.hadoop.ozone.container.common.volume.HddsVolume@22a4ca4a
2019-10-04 23:31:47,923 [main] INFO  impl.RaftServerProxy (ConfUtils.java:logGet(43)) - raft.rpc.type = GRPC (default)
2019-10-04 23:31:47,923 [main] INFO  grpc.GrpcFactory (GrpcFactory.java:checkPooledByteBufAllocatorUseCacheForAllThreads(45)) - PERFORMANCE WARNING: useCacheForAllThreads is true that may cause Netty to create a lot garbage objects and, as a result, trigger GC.
	It is recommended to disable useCacheForAllThreads by setting -Dorg.apache.ratis.thirdparty.io.netty.allocator.useCacheForAllThreads=false in command line.
2019-10-04 23:31:47,923 [main] INFO  grpc.GrpcConfigKeys$Server (ConfUtils.java:logGet(43)) - raft.grpc.server.port = 0 (default)
2019-10-04 23:31:47,923 [main] INFO  server.GrpcService (ConfUtils.java:logGet(43)) - raft.grpc.message.size.max = 33570816 (custom)
2019-10-04 23:31:47,923 [main] INFO  server.RaftServerConfigKeys (ConfUtils.java:logGet(43)) - raft.server.log.appender.buffer.byte-limit = 33554432 (custom)
2019-10-04 23:31:47,924 [main] INFO  server.GrpcService (ConfUtils.java:logGet(43)) - raft.grpc.flow.control.window = 1MB (=1048576) (default)
2019-10-04 23:31:47,924 [main] INFO  server.RaftServerConfigKeys (ConfUtils.java:logGet(43)) - raft.server.rpc.request.timeout = 3000ms (default)
2019-10-04 23:31:47,924 [main] INFO  server.RaftServerConfigKeys (ConfUtils.java:logGet(43)) - raft.server.storage.dir = [/workdir/hadoop-ozone/integration-test/target/test-dir/MiniOzoneClusterImpl-77a65601-66c2-44da-9914-8a9405cf73ea/datanode-3/data/ratis] (custom)
2019-10-04 23:31:47,925 [main] INFO  hdfs.DFSUtil (DFSUtil.java:httpServerTemplateForNNAndJN(1641)) - Starting Web-server for hddsDatanode at: http://0.0.0.0:0
2019-10-04 23:31:47,926 [main] INFO  server.AuthenticationFilter (AuthenticationFilter.java:constructSecretProvider(240)) - Unable to initialize FileSignerSecretProvider, falling back to use random secrets.
2019-10-04 23:31:47,927 [main] WARN  http.HttpRequestLog (HttpRequestLog.java:getRequestLog(97)) - Jetty request log can only be enabled using Log4j
2019-10-04 23:31:47,928 [main] INFO  http.HttpServer2 (HttpServer2.java:addGlobalFilter(975)) - Added global filter 'safety' (class=org.apache.hadoop.http.HttpServer2$QuotingInputFilter)
2019-10-04 23:31:47,928 [main] INFO  http.HttpServer2 (HttpServer2.java:addFilter(948)) - Added filter static_user_filter (class=org.apache.hadoop.http.lib.StaticUserWebFilter$StaticUserFilter) to context hddsDatanode
2019-10-04 23:31:47,928 [main] INFO  http.HttpServer2 (HttpServer2.java:addFilter(958)) - Added filter static_user_filter (class=org.apache.hadoop.http.lib.StaticUserWebFilter$StaticUserFilter) to context logs
2019-10-04 23:31:47,928 [main] INFO  http.HttpServer2 (HttpServer2.java:addFilter(958)) - Added filter static_user_filter (class=org.apache.hadoop.http.lib.StaticUserWebFilter$StaticUserFilter) to context static
2019-10-04 23:31:47,929 [main] INFO  http.HttpServer2 (HttpServer2.java:bindListener(1191)) - Jetty bound to port 32859
2019-10-04 23:31:47,929 [main] INFO  server.Server (Server.java:doStart(351)) - jetty-9.3.25.v20180904, build timestamp: 2018-09-04T21:11:46Z, git hash: 3ce520221d0240229c862b122d2b06c12a625732
2019-10-04 23:31:47,930 [main] INFO  handler.ContextHandler (ContextHandler.java:doStart(781)) - Started o.e.j.s.ServletContextHandler@25a5c8e{/logs,file:///workdir/hadoop-ozone/integration-test/target/log,AVAILABLE}
2019-10-04 23:31:47,931 [main] INFO  handler.ContextHandler (ContextHandler.java:doStart(781)) - Started o.e.j.s.ServletContextHandler@7911cc15{/static,jar:file:/home/user/.m2/repository/org/apache/hadoop/hadoop-hdds-container-service/0.5.0-SNAPSHOT/hadoop-hdds-container-service-0.5.0-SNAPSHOT.jar!/webapps/static,AVAILABLE}
2019-10-04 23:31:47,958 [main] INFO  handler.ContextHandler (ContextHandler.java:doStart(781)) - Started o.e.j.w.WebAppContext@53125718{/,file:///tmp/jetty-0.0.0.0-32859-hddsDatanode-_-any-8895807467314240736.dir/webapp/,AVAILABLE}{/hddsDatanode}
2019-10-04 23:31:47,959 [main] INFO  server.AbstractConnector (AbstractConnector.java:doStart(278)) - Started ServerConnector@53016b11{HTTP/1.1,[http/1.1]}{0.0.0.0:32859}
2019-10-04 23:31:47,960 [main] INFO  server.Server (Server.java:doStart(419)) - Started @590074ms
2019-10-04 23:31:47,960 [main] WARN  impl.MetricsSystemImpl (MetricsSystemImpl.java:register(276)) - Sink prometheus already exists!
2019-10-04 23:31:47,961 [main] INFO  server.BaseHttpServer (BaseHttpServer.java:updateConnectorAddress(215)) - HTTP server of HDDSDATANODE is listening at http://0.0.0.0:32859
2019-10-04 23:31:47,961 [main] INFO  impl.MetricsSystemImpl (MetricsSystemImpl.java:init(158)) - HddsDatanode metrics system started (again)
2019-10-04 23:31:47,965 [org.apache.hadoop.util.JvmPauseMonitor$Monitor@39678998] INFO  util.JvmPauseMonitor (JvmPauseMonitor.java:run(188)) - Starting JVM pause monitor
2019-10-04 23:31:47,966 [main] INFO  ozone.HddsDatanodeService (HddsDatanodeService.java:start(184)) - HddsDatanodeService host:pr-hdds-2181-c9q8w-3494937983 ip:192.168.164.255
2019-10-04 23:31:47,967 [Datanode State Machine Thread - 0] INFO  datanode.InitDatanodeState (InitDatanodeState.java:persistContainerDatanodeDetails(140)) - DatanodeDetails is persisted to /workdir/hadoop-ozone/integration-test/target/test-dir/MiniOzoneClusterImpl-77a65601-66c2-44da-9914-8a9405cf73ea/datanode-3/meta/datanode.id
2019-10-04 23:31:47,971 [main] INFO  volume.HddsVolume (HddsVolume.java:<init>(176)) - Creating Volume: /workdir/hadoop-ozone/integration-test/target/test-dir/MiniOzoneClusterImpl-77a65601-66c2-44da-9914-8a9405cf73ea/datanode-4/data/containers/hdds of  storage type : DISK and capacity : 1482555576320
2019-10-04 23:31:47,972 [main] INFO  volume.VolumeSet (VolumeSet.java:initializeVolumeSet(170)) - Added Volume : /workdir/hadoop-ozone/integration-test/target/test-dir/MiniOzoneClusterImpl-77a65601-66c2-44da-9914-8a9405cf73ea/datanode-4/data/containers/hdds to VolumeSet
2019-10-04 23:31:47,972 [main] INFO  volume.ThrottledAsyncChecker (ThrottledAsyncChecker.java:schedule(139)) - Scheduling a check for org.apache.hadoop.ozone.container.common.volume.HddsVolume@5520f675
2019-10-04 23:31:47,972 [main] INFO  volume.HddsVolumeChecker (HddsVolumeChecker.java:checkAllVolumes(202)) - Scheduled health check for volume org.apache.hadoop.ozone.container.common.volume.HddsVolume@5520f675
2019-10-04 23:31:47,985 [main] INFO  impl.RaftServerProxy (ConfUtils.java:logGet(43)) - raft.rpc.type = GRPC (default)
2019-10-04 23:31:47,985 [main] INFO  grpc.GrpcFactory (GrpcFactory.java:checkPooledByteBufAllocatorUseCacheForAllThreads(45)) - PERFORMANCE WARNING: useCacheForAllThreads is true that may cause Netty to create a lot garbage objects and, as a result, trigger GC.
	It is recommended to disable useCacheForAllThreads by setting -Dorg.apache.ratis.thirdparty.io.netty.allocator.useCacheForAllThreads=false in command line.
2019-10-04 23:31:47,985 [main] INFO  grpc.GrpcConfigKeys$Server (ConfUtils.java:logGet(43)) - raft.grpc.server.port = 0 (default)
2019-10-04 23:31:47,985 [main] INFO  server.GrpcService (ConfUtils.java:logGet(43)) - raft.grpc.message.size.max = 33570816 (custom)
2019-10-04 23:31:47,986 [main] INFO  server.RaftServerConfigKeys (ConfUtils.java:logGet(43)) - raft.server.log.appender.buffer.byte-limit = 33554432 (custom)
2019-10-04 23:31:47,986 [main] INFO  server.GrpcService (ConfUtils.java:logGet(43)) - raft.grpc.flow.control.window = 1MB (=1048576) (default)
2019-10-04 23:31:47,986 [main] INFO  server.RaftServerConfigKeys (ConfUtils.java:logGet(43)) - raft.server.rpc.request.timeout = 3000ms (default)
2019-10-04 23:31:47,986 [main] INFO  server.RaftServerConfigKeys (ConfUtils.java:logGet(43)) - raft.server.storage.dir = [/workdir/hadoop-ozone/integration-test/target/test-dir/MiniOzoneClusterImpl-77a65601-66c2-44da-9914-8a9405cf73ea/datanode-4/data/ratis] (custom)
2019-10-04 23:31:47,988 [main] INFO  hdfs.DFSUtil (DFSUtil.java:httpServerTemplateForNNAndJN(1641)) - Starting Web-server for hddsDatanode at: http://0.0.0.0:0
2019-10-04 23:31:47,989 [main] INFO  server.AuthenticationFilter (AuthenticationFilter.java:constructSecretProvider(240)) - Unable to initialize FileSignerSecretProvider, falling back to use random secrets.
2019-10-04 23:31:47,989 [main] WARN  http.HttpRequestLog (HttpRequestLog.java:getRequestLog(97)) - Jetty request log can only be enabled using Log4j
2019-10-04 23:31:47,990 [main] INFO  http.HttpServer2 (HttpServer2.java:addGlobalFilter(975)) - Added global filter 'safety' (class=org.apache.hadoop.http.HttpServer2$QuotingInputFilter)
2019-10-04 23:31:47,991 [main] INFO  http.HttpServer2 (HttpServer2.java:addFilter(948)) - Added filter static_user_filter (class=org.apache.hadoop.http.lib.StaticUserWebFilter$StaticUserFilter) to context hddsDatanode
2019-10-04 23:31:47,991 [main] INFO  http.HttpServer2 (HttpServer2.java:addFilter(958)) - Added filter static_user_filter (class=org.apache.hadoop.http.lib.StaticUserWebFilter$StaticUserFilter) to context static
2019-10-04 23:31:47,991 [main] INFO  http.HttpServer2 (HttpServer2.java:addFilter(958)) - Added filter static_user_filter (class=org.apache.hadoop.http.lib.StaticUserWebFilter$StaticUserFilter) to context logs
2019-10-04 23:31:47,992 [main] INFO  http.HttpServer2 (HttpServer2.java:bindListener(1191)) - Jetty bound to port 43238
2019-10-04 23:31:47,992 [main] INFO  server.Server (Server.java:doStart(351)) - jetty-9.3.25.v20180904, build timestamp: 2018-09-04T21:11:46Z, git hash: 3ce520221d0240229c862b122d2b06c12a625732
2019-10-04 23:31:47,993 [main] INFO  handler.ContextHandler (ContextHandler.java:doStart(781)) - Started o.e.j.s.ServletContextHandler@342beaf6{/logs,file:///workdir/hadoop-ozone/integration-test/target/log,AVAILABLE}
2019-10-04 23:31:47,993 [main] INFO  handler.ContextHandler (ContextHandler.java:doStart(781)) - Started o.e.j.s.ServletContextHandler@56cfe6be{/static,jar:file:/home/user/.m2/repository/org/apache/hadoop/hadoop-hdds-container-service/0.5.0-SNAPSHOT/hadoop-hdds-container-service-0.5.0-SNAPSHOT.jar!/webapps/static,AVAILABLE}
2019-10-04 23:31:48,022 [main] INFO  handler.ContextHandler (ContextHandler.java:doStart(781)) - Started o.e.j.w.WebAppContext@4703c998{/,file:///tmp/jetty-0.0.0.0-43238-hddsDatanode-_-any-4057771186116133543.dir/webapp/,AVAILABLE}{/hddsDatanode}
2019-10-04 23:31:48,022 [main] INFO  server.AbstractConnector (AbstractConnector.java:doStart(278)) - Started ServerConnector@71166348{HTTP/1.1,[http/1.1]}{0.0.0.0:43238}
2019-10-04 23:31:48,023 [main] INFO  server.Server (Server.java:doStart(419)) - Started @590138ms
2019-10-04 23:31:48,023 [main] WARN  impl.MetricsSystemImpl (MetricsSystemImpl.java:register(276)) - Sink prometheus already exists!
2019-10-04 23:31:48,024 [main] INFO  server.BaseHttpServer (BaseHttpServer.java:updateConnectorAddress(215)) - HTTP server of HDDSDATANODE is listening at http://0.0.0.0:43238
2019-10-04 23:31:48,025 [main] INFO  impl.MetricsSystemImpl (MetricsSystemImpl.java:init(158)) - HddsDatanode metrics system started (again)
2019-10-04 23:31:48,031 [org.apache.hadoop.util.JvmPauseMonitor$Monitor@778612cc] INFO  util.JvmPauseMonitor (JvmPauseMonitor.java:run(188)) - Starting JVM pause monitor
2019-10-04 23:31:48,032 [main] INFO  ozone.HddsDatanodeService (HddsDatanodeService.java:start(184)) - HddsDatanodeService host:pr-hdds-2181-c9q8w-3494937983 ip:192.168.164.255
2019-10-04 23:31:48,032 [Datanode State Machine Thread - 0] INFO  datanode.InitDatanodeState (InitDatanodeState.java:persistContainerDatanodeDetails(140)) - DatanodeDetails is persisted to /workdir/hadoop-ozone/integration-test/target/test-dir/MiniOzoneClusterImpl-77a65601-66c2-44da-9914-8a9405cf73ea/datanode-4/meta/datanode.id
2019-10-04 23:31:48,038 [main] INFO  volume.HddsVolume (HddsVolume.java:<init>(176)) - Creating Volume: /workdir/hadoop-ozone/integration-test/target/test-dir/MiniOzoneClusterImpl-77a65601-66c2-44da-9914-8a9405cf73ea/datanode-5/data/containers/hdds of  storage type : DISK and capacity : 1482555576320
2019-10-04 23:31:48,038 [main] INFO  volume.VolumeSet (VolumeSet.java:initializeVolumeSet(170)) - Added Volume : /workdir/hadoop-ozone/integration-test/target/test-dir/MiniOzoneClusterImpl-77a65601-66c2-44da-9914-8a9405cf73ea/datanode-5/data/containers/hdds to VolumeSet
2019-10-04 23:31:48,039 [main] INFO  volume.ThrottledAsyncChecker (ThrottledAsyncChecker.java:schedule(139)) - Scheduling a check for org.apache.hadoop.ozone.container.common.volume.HddsVolume@3cc9632d
2019-10-04 23:31:48,039 [main] INFO  volume.HddsVolumeChecker (HddsVolumeChecker.java:checkAllVolumes(202)) - Scheduled health check for volume org.apache.hadoop.ozone.container.common.volume.HddsVolume@3cc9632d
2019-10-04 23:31:48,053 [main] INFO  impl.RaftServerProxy (ConfUtils.java:logGet(43)) - raft.rpc.type = GRPC (default)
2019-10-04 23:31:48,053 [main] INFO  grpc.GrpcFactory (GrpcFactory.java:checkPooledByteBufAllocatorUseCacheForAllThreads(45)) - PERFORMANCE WARNING: useCacheForAllThreads is true that may cause Netty to create a lot garbage objects and, as a result, trigger GC.
	It is recommended to disable useCacheForAllThreads by setting -Dorg.apache.ratis.thirdparty.io.netty.allocator.useCacheForAllThreads=false in command line.
2019-10-04 23:31:48,054 [main] INFO  grpc.GrpcConfigKeys$Server (ConfUtils.java:logGet(43)) - raft.grpc.server.port = 0 (default)
2019-10-04 23:31:48,054 [main] INFO  server.GrpcService (ConfUtils.java:logGet(43)) - raft.grpc.message.size.max = 33570816 (custom)
2019-10-04 23:31:48,054 [main] INFO  server.RaftServerConfigKeys (ConfUtils.java:logGet(43)) - raft.server.log.appender.buffer.byte-limit = 33554432 (custom)
2019-10-04 23:31:48,054 [main] INFO  server.GrpcService (ConfUtils.java:logGet(43)) - raft.grpc.flow.control.window = 1MB (=1048576) (default)
2019-10-04 23:31:48,054 [main] INFO  server.RaftServerConfigKeys (ConfUtils.java:logGet(43)) - raft.server.rpc.request.timeout = 3000ms (default)
2019-10-04 23:31:48,055 [main] INFO  server.RaftServerConfigKeys (ConfUtils.java:logGet(43)) - raft.server.storage.dir = [/workdir/hadoop-ozone/integration-test/target/test-dir/MiniOzoneClusterImpl-77a65601-66c2-44da-9914-8a9405cf73ea/datanode-5/data/ratis] (custom)
2019-10-04 23:31:48,056 [main] INFO  hdfs.DFSUtil (DFSUtil.java:httpServerTemplateForNNAndJN(1641)) - Starting Web-server for hddsDatanode at: http://0.0.0.0:0
2019-10-04 23:31:48,057 [main] INFO  server.AuthenticationFilter (AuthenticationFilter.java:constructSecretProvider(240)) - Unable to initialize FileSignerSecretProvider, falling back to use random secrets.
2019-10-04 23:31:48,058 [main] WARN  http.HttpRequestLog (HttpRequestLog.java:getRequestLog(97)) - Jetty request log can only be enabled using Log4j
2019-10-04 23:31:48,059 [main] INFO  http.HttpServer2 (HttpServer2.java:addGlobalFilter(975)) - Added global filter 'safety' (class=org.apache.hadoop.http.HttpServer2$QuotingInputFilter)
2019-10-04 23:31:48,059 [main] INFO  http.HttpServer2 (HttpServer2.java:addFilter(948)) - Added filter static_user_filter (class=org.apache.hadoop.http.lib.StaticUserWebFilter$StaticUserFilter) to context hddsDatanode
2019-10-04 23:31:48,059 [main] INFO  http.HttpServer2 (HttpServer2.java:addFilter(958)) - Added filter static_user_filter (class=org.apache.hadoop.http.lib.StaticUserWebFilter$StaticUserFilter) to context static
2019-10-04 23:31:48,060 [main] INFO  http.HttpServer2 (HttpServer2.java:addFilter(958)) - Added filter static_user_filter (class=org.apache.hadoop.http.lib.StaticUserWebFilter$StaticUserFilter) to context logs
2019-10-04 23:31:48,060 [main] INFO  http.HttpServer2 (HttpServer2.java:bindListener(1191)) - Jetty bound to port 44678
2019-10-04 23:31:48,060 [main] INFO  server.Server (Server.java:doStart(351)) - jetty-9.3.25.v20180904, build timestamp: 2018-09-04T21:11:46Z, git hash: 3ce520221d0240229c862b122d2b06c12a625732
2019-10-04 23:31:48,062 [main] INFO  handler.ContextHandler (ContextHandler.java:doStart(781)) - Started o.e.j.s.ServletContextHandler@751d7425{/logs,file:///workdir/hadoop-ozone/integration-test/target/log,AVAILABLE}
2019-10-04 23:31:48,062 [main] INFO  handler.ContextHandler (ContextHandler.java:doStart(781)) - Started o.e.j.s.ServletContextHandler@6dae70f9{/static,jar:file:/home/user/.m2/repository/org/apache/hadoop/hadoop-hdds-container-service/0.5.0-SNAPSHOT/hadoop-hdds-container-service-0.5.0-SNAPSHOT.jar!/webapps/static,AVAILABLE}
2019-10-04 23:31:48,091 [main] INFO  handler.ContextHandler (ContextHandler.java:doStart(781)) - Started o.e.j.w.WebAppContext@38811103{/,file:///tmp/jetty-0.0.0.0-44678-hddsDatanode-_-any-7046875596779210504.dir/webapp/,AVAILABLE}{/hddsDatanode}
2019-10-04 23:31:48,091 [main] INFO  server.AbstractConnector (AbstractConnector.java:doStart(278)) - Started ServerConnector@787d1f9c{HTTP/1.1,[http/1.1]}{0.0.0.0:44678}
2019-10-04 23:31:48,091 [main] INFO  server.Server (Server.java:doStart(419)) - Started @590206ms
2019-10-04 23:31:48,093 [main] WARN  impl.MetricsSystemImpl (MetricsSystemImpl.java:register(276)) - Sink prometheus already exists!
2019-10-04 23:31:48,093 [main] INFO  server.BaseHttpServer (BaseHttpServer.java:updateConnectorAddress(215)) - HTTP server of HDDSDATANODE is listening at http://0.0.0.0:44678
2019-10-04 23:31:48,093 [main] INFO  impl.MetricsSystemImpl (MetricsSystemImpl.java:init(158)) - HddsDatanode metrics system started (again)
2019-10-04 23:31:48,099 [org.apache.hadoop.util.JvmPauseMonitor$Monitor@1bff6770] INFO  util.JvmPauseMonitor (JvmPauseMonitor.java:run(188)) - Starting JVM pause monitor
2019-10-04 23:31:48,099 [main] INFO  ozone.HddsDatanodeService (HddsDatanodeService.java:start(184)) - HddsDatanodeService host:pr-hdds-2181-c9q8w-3494937983 ip:192.168.164.255
2019-10-04 23:31:48,100 [Datanode State Machine Thread - 0] INFO  datanode.InitDatanodeState (InitDatanodeState.java:persistContainerDatanodeDetails(140)) - DatanodeDetails is persisted to /workdir/hadoop-ozone/integration-test/target/test-dir/MiniOzoneClusterImpl-77a65601-66c2-44da-9914-8a9405cf73ea/datanode-5/meta/datanode.id
2019-10-04 23:31:48,105 [main] INFO  volume.HddsVolume (HddsVolume.java:<init>(176)) - Creating Volume: /workdir/hadoop-ozone/integration-test/target/test-dir/MiniOzoneClusterImpl-77a65601-66c2-44da-9914-8a9405cf73ea/datanode-6/data/containers/hdds of  storage type : DISK and capacity : 1482555576320
2019-10-04 23:31:48,106 [main] INFO  volume.VolumeSet (VolumeSet.java:initializeVolumeSet(170)) - Added Volume : /workdir/hadoop-ozone/integration-test/target/test-dir/MiniOzoneClusterImpl-77a65601-66c2-44da-9914-8a9405cf73ea/datanode-6/data/containers/hdds to VolumeSet
2019-10-04 23:31:48,106 [main] INFO  volume.ThrottledAsyncChecker (ThrottledAsyncChecker.java:schedule(139)) - Scheduling a check for org.apache.hadoop.ozone.container.common.volume.HddsVolume@7d7ceca8
2019-10-04 23:31:48,106 [main] INFO  volume.HddsVolumeChecker (HddsVolumeChecker.java:checkAllVolumes(202)) - Scheduled health check for volume org.apache.hadoop.ozone.container.common.volume.HddsVolume@7d7ceca8
2019-10-04 23:31:48,118 [main] INFO  impl.RaftServerProxy (ConfUtils.java:logGet(43)) - raft.rpc.type = GRPC (default)
2019-10-04 23:31:48,118 [main] INFO  grpc.GrpcFactory (GrpcFactory.java:checkPooledByteBufAllocatorUseCacheForAllThreads(45)) - PERFORMANCE WARNING: useCacheForAllThreads is true that may cause Netty to create a lot garbage objects and, as a result, trigger GC.
	It is recommended to disable useCacheForAllThreads by setting -Dorg.apache.ratis.thirdparty.io.netty.allocator.useCacheForAllThreads=false in command line.
2019-10-04 23:31:48,119 [main] INFO  grpc.GrpcConfigKeys$Server (ConfUtils.java:logGet(43)) - raft.grpc.server.port = 0 (default)
2019-10-04 23:31:48,119 [main] INFO  server.GrpcService (ConfUtils.java:logGet(43)) - raft.grpc.message.size.max = 33570816 (custom)
2019-10-04 23:31:48,119 [main] INFO  server.RaftServerConfigKeys (ConfUtils.java:logGet(43)) - raft.server.log.appender.buffer.byte-limit = 33554432 (custom)
2019-10-04 23:31:48,119 [main] INFO  server.GrpcService (ConfUtils.java:logGet(43)) - raft.grpc.flow.control.window = 1MB (=1048576) (default)
2019-10-04 23:31:48,119 [main] INFO  server.RaftServerConfigKeys (ConfUtils.java:logGet(43)) - raft.server.rpc.request.timeout = 3000ms (default)
2019-10-04 23:31:48,120 [main] INFO  server.RaftServerConfigKeys (ConfUtils.java:logGet(43)) - raft.server.storage.dir = [/workdir/hadoop-ozone/integration-test/target/test-dir/MiniOzoneClusterImpl-77a65601-66c2-44da-9914-8a9405cf73ea/datanode-6/data/ratis] (custom)
2019-10-04 23:31:48,121 [main] INFO  hdfs.DFSUtil (DFSUtil.java:httpServerTemplateForNNAndJN(1641)) - Starting Web-server for hddsDatanode at: http://0.0.0.0:0
2019-10-04 23:31:48,122 [main] INFO  server.AuthenticationFilter (AuthenticationFilter.java:constructSecretProvider(240)) - Unable to initialize FileSignerSecretProvider, falling back to use random secrets.
2019-10-04 23:31:48,122 [main] WARN  http.HttpRequestLog (HttpRequestLog.java:getRequestLog(97)) - Jetty request log can only be enabled using Log4j
2019-10-04 23:31:48,123 [main] INFO  http.HttpServer2 (HttpServer2.java:addGlobalFilter(975)) - Added global filter 'safety' (class=org.apache.hadoop.http.HttpServer2$QuotingInputFilter)
2019-10-04 23:31:48,124 [main] INFO  http.HttpServer2 (HttpServer2.java:addFilter(948)) - Added filter static_user_filter (class=org.apache.hadoop.http.lib.StaticUserWebFilter$StaticUserFilter) to context hddsDatanode
2019-10-04 23:31:48,124 [main] INFO  http.HttpServer2 (HttpServer2.java:addFilter(958)) - Added filter static_user_filter (class=org.apache.hadoop.http.lib.StaticUserWebFilter$StaticUserFilter) to context logs
2019-10-04 23:31:48,124 [main] INFO  http.HttpServer2 (HttpServer2.java:addFilter(958)) - Added filter static_user_filter (class=org.apache.hadoop.http.lib.StaticUserWebFilter$StaticUserFilter) to context static
2019-10-04 23:31:48,124 [main] INFO  http.HttpServer2 (HttpServer2.java:bindListener(1191)) - Jetty bound to port 43360
2019-10-04 23:31:48,125 [main] INFO  server.Server (Server.java:doStart(351)) - jetty-9.3.25.v20180904, build timestamp: 2018-09-04T21:11:46Z, git hash: 3ce520221d0240229c862b122d2b06c12a625732
2019-10-04 23:31:48,126 [main] INFO  handler.ContextHandler (ContextHandler.java:doStart(781)) - Started o.e.j.s.ServletContextHandler@70f148dc{/logs,file:///workdir/hadoop-ozone/integration-test/target/log,AVAILABLE}
2019-10-04 23:31:48,126 [main] INFO  handler.ContextHandler (ContextHandler.java:doStart(781)) - Started o.e.j.s.ServletContextHandler@77aea{/static,jar:file:/home/user/.m2/repository/org/apache/hadoop/hadoop-hdds-container-service/0.5.0-SNAPSHOT/hadoop-hdds-container-service-0.5.0-SNAPSHOT.jar!/webapps/static,AVAILABLE}
2019-10-04 23:31:48,155 [main] INFO  handler.ContextHandler (ContextHandler.java:doStart(781)) - Started o.e.j.w.WebAppContext@5c1b89ac{/,file:///tmp/jetty-0.0.0.0-43360-hddsDatanode-_-any-984150056809521000.dir/webapp/,AVAILABLE}{/hddsDatanode}
2019-10-04 23:31:48,155 [main] INFO  server.AbstractConnector (AbstractConnector.java:doStart(278)) - Started ServerConnector@40a1b6d4{HTTP/1.1,[http/1.1]}{0.0.0.0:43360}
2019-10-04 23:31:48,161 [main] INFO  server.Server (Server.java:doStart(419)) - Started @590276ms
2019-10-04 23:31:48,161 [main] WARN  impl.MetricsSystemImpl (MetricsSystemImpl.java:register(276)) - Sink prometheus already exists!
2019-10-04 23:31:48,162 [main] INFO  server.BaseHttpServer (BaseHttpServer.java:updateConnectorAddress(215)) - HTTP server of HDDSDATANODE is listening at http://0.0.0.0:43360
2019-10-04 23:31:48,162 [main] INFO  ozone.MiniOzoneClusterImpl (MiniOzoneClusterImpl.java:lambda$waitForClusterToBeReady$0(147)) - Waiting for cluster to be ready. Got 0 of 7 DN Heartbeats.
2019-10-04 23:31:48,163 [org.apache.hadoop.util.JvmPauseMonitor$Monitor@650e94c8] INFO  util.JvmPauseMonitor (JvmPauseMonitor.java:run(188)) - Starting JVM pause monitor
2019-10-04 23:31:48,164 [Datanode State Machine Thread - 0] INFO  datanode.InitDatanodeState (InitDatanodeState.java:persistContainerDatanodeDetails(140)) - DatanodeDetails is persisted to /workdir/hadoop-ozone/integration-test/target/test-dir/MiniOzoneClusterImpl-77a65601-66c2-44da-9914-8a9405cf73ea/datanode-6/meta/datanode.id
2019-10-04 23:31:49,162 [main] INFO  ozone.MiniOzoneClusterImpl (MiniOzoneClusterImpl.java:lambda$waitForClusterToBeReady$0(147)) - Waiting for cluster to be ready. Got 0 of 7 DN Heartbeats.
2019-10-04 23:31:49,767 [Datanode State Machine Thread - 0] INFO  ozoneimpl.OzoneContainer (OzoneContainer.java:start(217)) - Attempting to start container services.
2019-10-04 23:31:49,768 [Datanode State Machine Thread - 0] INFO  ozoneimpl.OzoneContainer (OzoneContainer.java:startContainerScrub(179)) - Background container scanner has been disabled.
2019-10-04 23:31:49,768 [Datanode State Machine Thread - 0] INFO  ratis.XceiverServerRatis (XceiverServerRatis.java:start(417)) - Starting XceiverServerRatis 8080f05d-3e78-47ef-93cd-5617c0c0c969 at port 0
2019-10-04 23:31:49,776 [Datanode State Machine Thread - 0] INFO  impl.RaftServerProxy (RaftServerProxy.java:lambda$start$3(299)) - 8080f05d-3e78-47ef-93cd-5617c0c0c969: start RPC server
2019-10-04 23:31:49,779 [Datanode State Machine Thread - 0] INFO  server.GrpcService (GrpcService.java:startImpl(158)) - 8080f05d-3e78-47ef-93cd-5617c0c0c969: GrpcService started, listening on 0.0.0.0/0.0.0.0:39016
2019-10-04 23:31:49,779 [Datanode State Machine Thread - 0] INFO  ratis.XceiverServerRatis (XceiverServerRatis.java:start(427)) - XceiverServerRatis 8080f05d-3e78-47ef-93cd-5617c0c0c969 is started using port 39016
2019-10-04 23:31:49,779 [Datanode State Machine Thread - 0] INFO  server.XceiverServerGrpc (XceiverServerGrpc.java:start(149)) - XceiverServerGrpc 8080f05d-3e78-47ef-93cd-5617c0c0c969 is started using port 37406
2019-10-04 23:31:49,831 [Datanode State Machine Thread - 0] INFO  ozoneimpl.OzoneContainer (OzoneContainer.java:start(217)) - Attempting to start container services.
2019-10-04 23:31:49,831 [Datanode State Machine Thread - 0] INFO  ozoneimpl.OzoneContainer (OzoneContainer.java:startContainerScrub(179)) - Background container scanner has been disabled.
2019-10-04 23:31:49,832 [Datanode State Machine Thread - 0] INFO  ratis.XceiverServerRatis (XceiverServerRatis.java:start(417)) - Starting XceiverServerRatis 34aca736-5790-4375-a983-d44100e393ad at port 0
2019-10-04 23:31:49,840 [Datanode State Machine Thread - 0] INFO  impl.RaftServerProxy (RaftServerProxy.java:lambda$start$3(299)) - 34aca736-5790-4375-a983-d44100e393ad: start RPC server
2019-10-04 23:31:49,840 [Datanode State Machine Thread - 0] INFO  server.GrpcService (GrpcService.java:startImpl(158)) - 34aca736-5790-4375-a983-d44100e393ad: GrpcService started, listening on 0.0.0.0/0.0.0.0:41148
2019-10-04 23:31:49,841 [Datanode State Machine Thread - 0] INFO  ratis.XceiverServerRatis (XceiverServerRatis.java:start(427)) - XceiverServerRatis 34aca736-5790-4375-a983-d44100e393ad is started using port 41148
2019-10-04 23:31:49,841 [Datanode State Machine Thread - 0] INFO  server.XceiverServerGrpc (XceiverServerGrpc.java:start(149)) - XceiverServerGrpc 34aca736-5790-4375-a983-d44100e393ad is started using port 36853
2019-10-04 23:31:49,920 [Datanode State Machine Thread - 0] INFO  ozoneimpl.OzoneContainer (OzoneContainer.java:start(217)) - Attempting to start container services.
2019-10-04 23:31:49,921 [Datanode State Machine Thread - 0] INFO  ozoneimpl.OzoneContainer (OzoneContainer.java:startContainerScrub(179)) - Background container scanner has been disabled.
2019-10-04 23:31:49,921 [Datanode State Machine Thread - 0] INFO  ratis.XceiverServerRatis (XceiverServerRatis.java:start(417)) - Starting XceiverServerRatis 3238339d-f75b-4989-8592-0599a7f80724 at port 0
2019-10-04 23:31:49,929 [Datanode State Machine Thread - 0] INFO  impl.RaftServerProxy (RaftServerProxy.java:lambda$start$3(299)) - 3238339d-f75b-4989-8592-0599a7f80724: start RPC server
2019-10-04 23:31:49,931 [Datanode State Machine Thread - 0] INFO  server.GrpcService (GrpcService.java:startImpl(158)) - 3238339d-f75b-4989-8592-0599a7f80724: GrpcService started, listening on 0.0.0.0/0.0.0.0:34549
2019-10-04 23:31:49,931 [Datanode State Machine Thread - 0] INFO  ratis.XceiverServerRatis (XceiverServerRatis.java:start(427)) - XceiverServerRatis 3238339d-f75b-4989-8592-0599a7f80724 is started using port 34549
2019-10-04 23:31:49,931 [Datanode State Machine Thread - 0] INFO  server.XceiverServerGrpc (XceiverServerGrpc.java:start(149)) - XceiverServerGrpc 3238339d-f75b-4989-8592-0599a7f80724 is started using port 45834
2019-10-04 23:31:49,980 [Datanode State Machine Thread - 0] INFO  ozoneimpl.OzoneContainer (OzoneContainer.java:start(217)) - Attempting to start container services.
2019-10-04 23:31:49,980 [Datanode State Machine Thread - 0] INFO  ozoneimpl.OzoneContainer (OzoneContainer.java:startContainerScrub(179)) - Background container scanner has been disabled.
2019-10-04 23:31:49,981 [Datanode State Machine Thread - 0] INFO  ratis.XceiverServerRatis (XceiverServerRatis.java:start(417)) - Starting XceiverServerRatis 02a1544b-ccb9-470b-bb2f-bdb12f5ecb22 at port 0
2019-10-04 23:31:49,988 [Datanode State Machine Thread - 0] INFO  impl.RaftServerProxy (RaftServerProxy.java:lambda$start$3(299)) - 02a1544b-ccb9-470b-bb2f-bdb12f5ecb22: start RPC server
2019-10-04 23:31:49,991 [Datanode State Machine Thread - 0] INFO  server.GrpcService (GrpcService.java:startImpl(158)) - 02a1544b-ccb9-470b-bb2f-bdb12f5ecb22: GrpcService started, listening on 0.0.0.0/0.0.0.0:46236
2019-10-04 23:31:49,992 [Datanode State Machine Thread - 0] INFO  ratis.XceiverServerRatis (XceiverServerRatis.java:start(427)) - XceiverServerRatis 02a1544b-ccb9-470b-bb2f-bdb12f5ecb22 is started using port 46236
2019-10-04 23:31:49,992 [Datanode State Machine Thread - 0] INFO  server.XceiverServerGrpc (XceiverServerGrpc.java:start(149)) - XceiverServerGrpc 02a1544b-ccb9-470b-bb2f-bdb12f5ecb22 is started using port 41613
2019-10-04 23:31:50,046 [Datanode State Machine Thread - 0] INFO  ozoneimpl.OzoneContainer (OzoneContainer.java:start(217)) - Attempting to start container services.
2019-10-04 23:31:50,046 [Datanode State Machine Thread - 0] INFO  ozoneimpl.OzoneContainer (OzoneContainer.java:startContainerScrub(179)) - Background container scanner has been disabled.
2019-10-04 23:31:50,046 [Datanode State Machine Thread - 0] INFO  ratis.XceiverServerRatis (XceiverServerRatis.java:start(417)) - Starting XceiverServerRatis f81be186-6bea-41b7-b784-bd173854311d at port 0
2019-10-04 23:31:50,054 [Datanode State Machine Thread - 0] INFO  impl.RaftServerProxy (RaftServerProxy.java:lambda$start$3(299)) - f81be186-6bea-41b7-b784-bd173854311d: start RPC server
2019-10-04 23:31:50,058 [Datanode State Machine Thread - 0] INFO  server.GrpcService (GrpcService.java:startImpl(158)) - f81be186-6bea-41b7-b784-bd173854311d: GrpcService started, listening on 0.0.0.0/0.0.0.0:35621
2019-10-04 23:31:50,058 [Datanode State Machine Thread - 0] INFO  ratis.XceiverServerRatis (XceiverServerRatis.java:start(427)) - XceiverServerRatis f81be186-6bea-41b7-b784-bd173854311d is started using port 35621
2019-10-04 23:31:50,061 [Datanode State Machine Thread - 0] INFO  server.XceiverServerGrpc (XceiverServerGrpc.java:start(149)) - XceiverServerGrpc f81be186-6bea-41b7-b784-bd173854311d is started using port 34242
2019-10-04 23:31:50,138 [Datanode State Machine Thread - 0] INFO  ozoneimpl.OzoneContainer (OzoneContainer.java:start(217)) - Attempting to start container services.
2019-10-04 23:31:50,138 [Datanode State Machine Thread - 0] INFO  ozoneimpl.OzoneContainer (OzoneContainer.java:startContainerScrub(179)) - Background container scanner has been disabled.
2019-10-04 23:31:50,139 [Datanode State Machine Thread - 0] INFO  ratis.XceiverServerRatis (XceiverServerRatis.java:start(417)) - Starting XceiverServerRatis 17fbe8f6-6b6a-4ab8-b8eb-a39a650135ba at port 0
2019-10-04 23:31:50,147 [Datanode State Machine Thread - 0] INFO  impl.RaftServerProxy (RaftServerProxy.java:lambda$start$3(299)) - 17fbe8f6-6b6a-4ab8-b8eb-a39a650135ba: start RPC server
2019-10-04 23:31:50,147 [Datanode State Machine Thread - 0] INFO  server.GrpcService (GrpcService.java:startImpl(158)) - 17fbe8f6-6b6a-4ab8-b8eb-a39a650135ba: GrpcService started, listening on 0.0.0.0/0.0.0.0:37535
2019-10-04 23:31:50,147 [Datanode State Machine Thread - 0] INFO  ratis.XceiverServerRatis (XceiverServerRatis.java:start(427)) - XceiverServerRatis 17fbe8f6-6b6a-4ab8-b8eb-a39a650135ba is started using port 37535
2019-10-04 23:31:50,160 [Datanode State Machine Thread - 0] INFO  server.XceiverServerGrpc (XceiverServerGrpc.java:start(149)) - XceiverServerGrpc 17fbe8f6-6b6a-4ab8-b8eb-a39a650135ba is started using port 43431
2019-10-04 23:31:50,165 [main] INFO  ozone.MiniOzoneClusterImpl (MiniOzoneClusterImpl.java:lambda$waitForClusterToBeReady$0(147)) - Waiting for cluster to be ready. Got 0 of 7 DN Heartbeats.
2019-10-04 23:31:50,178 [Datanode State Machine Thread - 0] INFO  ozoneimpl.OzoneContainer (OzoneContainer.java:start(217)) - Attempting to start container services.
2019-10-04 23:31:50,178 [Datanode State Machine Thread - 0] INFO  ozoneimpl.OzoneContainer (OzoneContainer.java:startContainerScrub(179)) - Background container scanner has been disabled.
2019-10-04 23:31:50,178 [Datanode State Machine Thread - 0] INFO  ratis.XceiverServerRatis (XceiverServerRatis.java:start(417)) - Starting XceiverServerRatis 9a2fad00-014f-467f-9958-2d1098537ab3 at port 0
2019-10-04 23:31:50,185 [Datanode State Machine Thread - 0] INFO  impl.RaftServerProxy (RaftServerProxy.java:lambda$start$3(299)) - 9a2fad00-014f-467f-9958-2d1098537ab3: start RPC server
2019-10-04 23:31:50,187 [Datanode State Machine Thread - 0] INFO  server.GrpcService (GrpcService.java:startImpl(158)) - 9a2fad00-014f-467f-9958-2d1098537ab3: GrpcService started, listening on 0.0.0.0/0.0.0.0:42860
2019-10-04 23:31:50,188 [Datanode State Machine Thread - 0] INFO  ratis.XceiverServerRatis (XceiverServerRatis.java:start(427)) - XceiverServerRatis 9a2fad00-014f-467f-9958-2d1098537ab3 is started using port 42860
2019-10-04 23:31:50,188 [Datanode State Machine Thread - 0] INFO  server.XceiverServerGrpc (XceiverServerGrpc.java:start(149)) - XceiverServerGrpc 9a2fad00-014f-467f-9958-2d1098537ab3 is started using port 34842
2019-10-04 23:31:51,166 [main] INFO  ozone.MiniOzoneClusterImpl (MiniOzoneClusterImpl.java:lambda$waitForClusterToBeReady$0(147)) - Waiting for cluster to be ready. Got 0 of 7 DN Heartbeats.
2019-10-04 23:31:51,730 [IPC Server handler 1 on 45145] INFO  net.NetworkTopology (NetworkTopologyImpl.java:add(111)) - Added a new node: /default-rack/8080f05d-3e78-47ef-93cd-5617c0c0c969
2019-10-04 23:31:51,733 [IPC Server handler 1 on 45145] INFO  node.SCMNodeManager (SCMNodeManager.java:register(268)) - Registered Data node : 8080f05d-3e78-47ef-93cd-5617c0c0c969{ip: 192.168.164.255, host: pr-hdds-2181-c9q8w-3494937983, networkLocation: /default-rack, certSerialId: null}
2019-10-04 23:31:51,734 [EventQueue-NodeRegistrationContainerReportForDataNodeSafeModeRule] INFO  safemode.SCMSafeModeManager (DataNodeSafeModeRule.java:process(71)) - SCM in safe mode. 1 DataNodes registered, 1 required.
2019-10-04 23:31:51,736 [EventQueue-NodeRegistrationContainerReportForDataNodeSafeModeRule] INFO  safemode.SCMSafeModeManager (SCMSafeModeManager.java:validateSafeModeExitRules(177)) - ScmSafeModeManager, all rules are successfully validated
2019-10-04 23:31:51,737 [EventQueue-NodeRegistrationContainerReportForDataNodeSafeModeRule] INFO  safemode.SCMSafeModeManager (SCMSafeModeManager.java:exitSafeMode(193)) - SCM exiting safe mode.
2019-10-04 23:31:51,751 [grpc-default-executor-7] INFO  impl.RaftServerProxy (RaftServerProxy.java:addNew(89)) - 8080f05d-3e78-47ef-93cd-5617c0c0c969: addNew group-14355648759F:[8080f05d-3e78-47ef-93cd-5617c0c0c969:192.168.164.255:39016] returns group-14355648759F:java.util.concurrent.CompletableFuture@d19d9bb[Not completed]
2019-10-04 23:31:51,752 [pool-409-thread-1] INFO  impl.RaftServerImpl (RaftServerImpl.java:<init>(95)) - 8080f05d-3e78-47ef-93cd-5617c0c0c969: new RaftServerImpl for group-14355648759F:[8080f05d-3e78-47ef-93cd-5617c0c0c969:192.168.164.255:39016] with ContainerStateMachine:uninitialized
2019-10-04 23:31:51,752 [pool-409-thread-1] INFO  server.RaftServerConfigKeys (ConfUtils.java:logGet(43)) - raft.server.rpc.timeout.min = 5s (custom)
2019-10-04 23:31:51,752 [pool-409-thread-1] INFO  server.RaftServerConfigKeys (ConfUtils.java:logGet(43)) - raft.server.rpc.timeout.max = 5200ms (custom)
2019-10-04 23:31:51,753 [pool-409-thread-1] INFO  server.RaftServerConfigKeys (ConfUtils.java:logGet(43)) - raft.server.rpcslowness.timeout = 120s (custom)
2019-10-04 23:31:51,753 [pool-409-thread-1] INFO  server.RaftServerConfigKeys (ConfUtils.java:logGet(43)) - raft.server.sleep.deviation.threshold = 300 (default)
2019-10-04 23:31:51,753 [pool-409-thread-1] INFO  server.RaftServerConfigKeys (ConfUtils.java:logGet(43)) - raft.server.log.appender.install.snapshot.enabled = false (custom)
2019-10-04 23:31:51,753 [pool-409-thread-1] INFO  impl.RaftServerImpl (ServerState.java:<init>(103)) - 8080f05d-3e78-47ef-93cd-5617c0c0c969@group-14355648759F: ConfigurationManager, init=-1: [8080f05d-3e78-47ef-93cd-5617c0c0c969:192.168.164.255:39016], old=null, confs=<EMPTY_MAP>
2019-10-04 23:31:51,753 [pool-409-thread-1] INFO  server.RaftServerConfigKeys (ConfUtils.java:logGet(43)) - raft.server.storage.dir = [/workdir/hadoop-ozone/integration-test/target/test-dir/MiniOzoneClusterImpl-77a65601-66c2-44da-9914-8a9405cf73ea/datanode-0/data/ratis] (custom)
2019-10-04 23:31:51,753 [pool-409-thread-1] INFO  server.RaftServerConfigKeys (ConfUtils.java:logGet(43)) - raft.server.log.corruption.policy = EXCEPTION (default)
2019-10-04 23:31:51,754 [pool-409-thread-1] INFO  storage.RaftStorageDirectory (RaftStorageDirectory.java:analyzeStorage(246)) - The storage directory /workdir/hadoop-ozone/integration-test/target/test-dir/MiniOzoneClusterImpl-77a65601-66c2-44da-9914-8a9405cf73ea/datanode-0/data/ratis/23f69e66-482c-4e38-891e-14355648759f does not exist. Creating ...
2019-10-04 23:31:51,767 [pool-409-thread-1] INFO  storage.RaftStorageDirectory (RaftStorageDirectory.java:tryLock(328)) - Lock on /workdir/hadoop-ozone/integration-test/target/test-dir/MiniOzoneClusterImpl-77a65601-66c2-44da-9914-8a9405cf73ea/datanode-0/data/ratis/23f69e66-482c-4e38-891e-14355648759f/in_use.lock acquired by nodename 12688@pr-hdds-2181-c9q8w-3494937983
2019-10-04 23:31:51,780 [pool-409-thread-1] INFO  storage.RaftStorage (RaftStorage.java:format(84)) - Storage directory /workdir/hadoop-ozone/integration-test/target/test-dir/MiniOzoneClusterImpl-77a65601-66c2-44da-9914-8a9405cf73ea/datanode-0/data/ratis/23f69e66-482c-4e38-891e-14355648759f has been successfully formatted.
2019-10-04 23:31:51,781 [pool-409-thread-1] INFO  ratis.ContainerStateMachine (ContainerStateMachine.java:loadSnapshot(230)) - group-14355648759F: The snapshot info is null. Setting the last applied indexto:(t:0, i:~)
2019-10-04 23:31:51,781 [pool-409-thread-1] INFO  server.RaftServerConfigKeys (ConfUtils.java:logGet(43)) - raft.server.notification.no-leader.timeout = 120s (custom)
2019-10-04 23:31:51,781 [pool-409-thread-1] INFO  server.RaftServerConfigKeys (ConfUtils.java:logGet(43)) - raft.server.log.use.memory = false (default)
2019-10-04 23:31:51,781 [pool-409-thread-1] INFO  server.RaftServerConfigKeys (ConfUtils.java:logGet(43)) - raft.server.log.purge.gap = 1000000 (custom)
2019-10-04 23:31:51,781 [pool-409-thread-1] INFO  server.RaftServerConfigKeys (ConfUtils.java:logGet(43)) - raft.server.log.appender.buffer.byte-limit = 33554432 (custom)
2019-10-04 23:31:51,781 [pool-409-thread-1] INFO  server.RaftServerConfigKeys (ConfUtils.java:logGet(43)) - raft.server.log.segment.size.max = 1048576 (custom)
2019-10-04 23:31:51,783 [pool-409-thread-1] INFO  server.RaftServerConfigKeys (ConfUtils.java:logGet(43)) - raft.server.log.segment.cache.num.max = 2 (custom)
2019-10-04 23:31:51,783 [pool-409-thread-1] INFO  segmented.SegmentedRaftLogWorker (SegmentedRaftLogWorker.java:<init>(173)) - new 8080f05d-3e78-47ef-93cd-5617c0c0c969@group-14355648759F-SegmentedRaftLogWorker for RaftStorage:Storage Directory /workdir/hadoop-ozone/integration-test/target/test-dir/MiniOzoneClusterImpl-77a65601-66c2-44da-9914-8a9405cf73ea/datanode-0/data/ratis/23f69e66-482c-4e38-891e-14355648759f
2019-10-04 23:31:51,783 [pool-409-thread-1] INFO  server.RaftServerConfigKeys (ConfUtils.java:logGet(43)) - raft.server.log.queue.byte-limit = 2147483647 (custom)
2019-10-04 23:31:51,783 [pool-409-thread-1] INFO  server.RaftServerConfigKeys (ConfUtils.java:logGet(43)) - raft.server.log.queue.element-limit = 1024 (custom)
2019-10-04 23:31:51,783 [pool-409-thread-1] INFO  server.RaftServerConfigKeys (ConfUtils.java:logGet(43)) - raft.server.log.segment.size.max = 1048576 (custom)
2019-10-04 23:31:51,783 [pool-409-thread-1] INFO  server.RaftServerConfigKeys (ConfUtils.java:logGet(43)) - raft.server.log.preallocated.size = 16384 (custom)
2019-10-04 23:31:51,783 [pool-409-thread-1] INFO  server.RaftServerConfigKeys (ConfUtils.java:logGet(43)) - raft.server.log.write.buffer.size = 33554432 (custom)
2019-10-04 23:31:51,784 [pool-409-thread-1] INFO  server.RaftServerConfigKeys (ConfUtils.java:logGet(43)) - raft.server.log.force.sync.num = 128 (default)
2019-10-04 23:31:51,784 [pool-409-thread-1] INFO  server.RaftServerConfigKeys (ConfUtils.java:logGet(43)) - raft.server.log.statemachine.data.sync = true (default)
2019-10-04 23:31:51,784 [pool-409-thread-1] INFO  server.RaftServerConfigKeys (ConfUtils.java:logGet(43)) - raft.server.log.statemachine.data.sync.timeout = 10s (default)
2019-10-04 23:31:51,784 [pool-409-thread-1] INFO  server.RaftServerConfigKeys (ConfUtils.java:logGet(43)) - raft.server.log.statemachine.data.sync.timeout.retry = -1 (default)
2019-10-04 23:31:51,784 [pool-409-thread-1] INFO  server.RaftServerConfigKeys (ConfUtils.java:logGet(43)) - raft.server.log.statemachine.data.caching.enabled = true (custom)
2019-10-04 23:31:51,784 [pool-409-thread-1] INFO  segmented.SegmentedRaftLogWorker (SegmentedRaftLogWorker.java:lambda$new$0(128)) - 8080f05d-3e78-47ef-93cd-5617c0c0c969@group-14355648759F-SegmentedRaftLogWorker: flushIndex: setUnconditionally 0 -> -1
2019-10-04 23:31:51,785 [pool-409-thread-1] INFO  server.RaftServerConfigKeys (ConfUtils.java:logGet(43)) - raft.server.snapshot.auto.trigger.enabled = true (custom)
2019-10-04 23:31:51,785 [pool-409-thread-1] INFO  server.RaftServerConfigKeys (ConfUtils.java:logGet(43)) - raft.server.snapshot.auto.trigger.threshold = 10000 (custom)
2019-10-04 23:31:51,785 [pool-409-thread-1] INFO  server.RaftServerConfigKeys (ConfUtils.java:logGet(43)) - raft.server.snapshot.retention.file.num = 5 (custom)
2019-10-04 23:31:51,785 [pool-409-thread-1] INFO  server.RaftServerConfigKeys (ConfUtils.java:logGet(43)) - raft.server.retrycache.expirytime = 600000ms (custom)
2019-10-04 23:31:51,786 [pool-409-thread-1] INFO  impl.RaftServerImpl (RaftServerImpl.java:start(181)) - 8080f05d-3e78-47ef-93cd-5617c0c0c969@group-14355648759F: start as a follower, conf=-1: [8080f05d-3e78-47ef-93cd-5617c0c0c969:192.168.164.255:39016], old=null
2019-10-04 23:31:51,786 [pool-409-thread-1] INFO  impl.RaftServerImpl (RaftServerImpl.java:setRole(170)) - 8080f05d-3e78-47ef-93cd-5617c0c0c969@group-14355648759F: changes role from      null to FOLLOWER at term 0 for startAsFollower
2019-10-04 23:31:51,786 [pool-409-thread-1] INFO  impl.RoleInfo (RoleInfo.java:updateAndGet(143)) - 8080f05d-3e78-47ef-93cd-5617c0c0c969: start FollowerState
2019-10-04 23:31:51,787 [pool-409-thread-1] INFO  util.JmxRegister (JmxRegister.java:tryRegister(44)) - Successfully registered JMX Bean with object name Ratis:service=RaftServer,group=group-14355648759F,id=8080f05d-3e78-47ef-93cd-5617c0c0c969
2019-10-04 23:31:51,792 [RatisPipelineUtilsThread] INFO  pipeline.PipelineStateManager (PipelineStateManager.java:addPipeline(56)) - Created pipeline Pipeline[ Id: 23f69e66-482c-4e38-891e-14355648759f, Nodes: 8080f05d-3e78-47ef-93cd-5617c0c0c969{ip: 192.168.164.255, host: pr-hdds-2181-c9q8w-3494937983, networkLocation: /default-rack, certSerialId: null}, Type:RATIS, Factor:ONE, State:OPEN]
2019-10-04 23:31:51,816 [IPC Server handler 2 on 45145] INFO  net.NetworkTopology (NetworkTopologyImpl.java:add(111)) - Added a new node: /default-rack/34aca736-5790-4375-a983-d44100e393ad
2019-10-04 23:31:51,816 [IPC Server handler 2 on 45145] INFO  node.SCMNodeManager (SCMNodeManager.java:register(268)) - Registered Data node : 34aca736-5790-4375-a983-d44100e393ad{ip: 192.168.164.255, host: pr-hdds-2181-c9q8w-3494937983, networkLocation: /default-rack, certSerialId: null}
2019-10-04 23:31:51,823 [grpc-default-executor-7] INFO  impl.RaftServerProxy (RaftServerProxy.java:addNew(89)) - 34aca736-5790-4375-a983-d44100e393ad: addNew group-7AA739548096:[34aca736-5790-4375-a983-d44100e393ad:192.168.164.255:41148] returns group-7AA739548096:java.util.concurrent.CompletableFuture@84e2ed4[Not completed]
2019-10-04 23:31:51,825 [pool-419-thread-1] INFO  impl.RaftServerImpl (RaftServerImpl.java:<init>(95)) - 34aca736-5790-4375-a983-d44100e393ad: new RaftServerImpl for group-7AA739548096:[34aca736-5790-4375-a983-d44100e393ad:192.168.164.255:41148] with ContainerStateMachine:uninitialized
2019-10-04 23:31:51,825 [pool-419-thread-1] INFO  server.RaftServerConfigKeys (ConfUtils.java:logGet(43)) - raft.server.rpc.timeout.min = 5s (custom)
2019-10-04 23:31:51,825 [pool-419-thread-1] INFO  server.RaftServerConfigKeys (ConfUtils.java:logGet(43)) - raft.server.rpc.timeout.max = 5200ms (custom)
2019-10-04 23:31:51,825 [pool-419-thread-1] INFO  server.RaftServerConfigKeys (ConfUtils.java:logGet(43)) - raft.server.rpcslowness.timeout = 120s (custom)
2019-10-04 23:31:51,826 [pool-419-thread-1] INFO  server.RaftServerConfigKeys (ConfUtils.java:logGet(43)) - raft.server.sleep.deviation.threshold = 300 (default)
2019-10-04 23:31:51,826 [pool-419-thread-1] INFO  server.RaftServerConfigKeys (ConfUtils.java:logGet(43)) - raft.server.log.appender.install.snapshot.enabled = false (custom)
2019-10-04 23:31:51,826 [pool-419-thread-1] INFO  impl.RaftServerImpl (ServerState.java:<init>(103)) - 34aca736-5790-4375-a983-d44100e393ad@group-7AA739548096: ConfigurationManager, init=-1: [34aca736-5790-4375-a983-d44100e393ad:192.168.164.255:41148], old=null, confs=<EMPTY_MAP>
2019-10-04 23:31:51,826 [pool-419-thread-1] INFO  server.RaftServerConfigKeys (ConfUtils.java:logGet(43)) - raft.server.storage.dir = [/workdir/hadoop-ozone/integration-test/target/test-dir/MiniOzoneClusterImpl-77a65601-66c2-44da-9914-8a9405cf73ea/datanode-1/data/ratis] (custom)
2019-10-04 23:31:51,826 [pool-419-thread-1] INFO  server.RaftServerConfigKeys (ConfUtils.java:logGet(43)) - raft.server.log.corruption.policy = EXCEPTION (default)
2019-10-04 23:31:51,827 [pool-419-thread-1] INFO  storage.RaftStorageDirectory (RaftStorageDirectory.java:analyzeStorage(246)) - The storage directory /workdir/hadoop-ozone/integration-test/target/test-dir/MiniOzoneClusterImpl-77a65601-66c2-44da-9914-8a9405cf73ea/datanode-1/data/ratis/2b4901ef-892d-40f4-837a-7aa739548096 does not exist. Creating ...
2019-10-04 23:31:51,840 [pool-419-thread-1] INFO  storage.RaftStorageDirectory (RaftStorageDirectory.java:tryLock(328)) - Lock on /workdir/hadoop-ozone/integration-test/target/test-dir/MiniOzoneClusterImpl-77a65601-66c2-44da-9914-8a9405cf73ea/datanode-1/data/ratis/2b4901ef-892d-40f4-837a-7aa739548096/in_use.lock acquired by nodename 12688@pr-hdds-2181-c9q8w-3494937983
2019-10-04 23:31:51,853 [pool-419-thread-1] INFO  storage.RaftStorage (RaftStorage.java:format(84)) - Storage directory /workdir/hadoop-ozone/integration-test/target/test-dir/MiniOzoneClusterImpl-77a65601-66c2-44da-9914-8a9405cf73ea/datanode-1/data/ratis/2b4901ef-892d-40f4-837a-7aa739548096 has been successfully formatted.
2019-10-04 23:31:51,853 [pool-419-thread-1] INFO  ratis.ContainerStateMachine (ContainerStateMachine.java:loadSnapshot(230)) - group-7AA739548096: The snapshot info is null. Setting the last applied indexto:(t:0, i:~)
2019-10-04 23:31:51,853 [pool-419-thread-1] INFO  server.RaftServerConfigKeys (ConfUtils.java:logGet(43)) - raft.server.notification.no-leader.timeout = 120s (custom)
2019-10-04 23:31:51,853 [pool-419-thread-1] INFO  server.RaftServerConfigKeys (ConfUtils.java:logGet(43)) - raft.server.log.use.memory = false (default)
2019-10-04 23:31:51,854 [pool-419-thread-1] INFO  server.RaftServerConfigKeys (ConfUtils.java:logGet(43)) - raft.server.log.purge.gap = 1000000 (custom)
2019-10-04 23:31:51,854 [pool-419-thread-1] INFO  server.RaftServerConfigKeys (ConfUtils.java:logGet(43)) - raft.server.log.appender.buffer.byte-limit = 33554432 (custom)
2019-10-04 23:31:51,854 [pool-419-thread-1] INFO  server.RaftServerConfigKeys (ConfUtils.java:logGet(43)) - raft.server.log.segment.size.max = 1048576 (custom)
2019-10-04 23:31:51,856 [pool-419-thread-1] INFO  server.RaftServerConfigKeys (ConfUtils.java:logGet(43)) - raft.server.log.segment.cache.num.max = 2 (custom)
2019-10-04 23:31:51,856 [pool-419-thread-1] INFO  segmented.SegmentedRaftLogWorker (SegmentedRaftLogWorker.java:<init>(173)) - new 34aca736-5790-4375-a983-d44100e393ad@group-7AA739548096-SegmentedRaftLogWorker for RaftStorage:Storage Directory /workdir/hadoop-ozone/integration-test/target/test-dir/MiniOzoneClusterImpl-77a65601-66c2-44da-9914-8a9405cf73ea/datanode-1/data/ratis/2b4901ef-892d-40f4-837a-7aa739548096
2019-10-04 23:31:51,856 [pool-419-thread-1] INFO  server.RaftServerConfigKeys (ConfUtils.java:logGet(43)) - raft.server.log.queue.byte-limit = 2147483647 (custom)
2019-10-04 23:31:51,856 [pool-419-thread-1] INFO  server.RaftServerConfigKeys (ConfUtils.java:logGet(43)) - raft.server.log.queue.element-limit = 1024 (custom)
2019-10-04 23:31:51,856 [pool-419-thread-1] INFO  server.RaftServerConfigKeys (ConfUtils.java:logGet(43)) - raft.server.log.segment.size.max = 1048576 (custom)
2019-10-04 23:31:51,856 [pool-419-thread-1] INFO  server.RaftServerConfigKeys (ConfUtils.java:logGet(43)) - raft.server.log.preallocated.size = 16384 (custom)
2019-10-04 23:31:51,857 [pool-419-thread-1] INFO  server.RaftServerConfigKeys (ConfUtils.java:logGet(43)) - raft.server.log.write.buffer.size = 33554432 (custom)
2019-10-04 23:31:51,857 [pool-419-thread-1] INFO  server.RaftServerConfigKeys (ConfUtils.java:logGet(43)) - raft.server.log.force.sync.num = 128 (default)
2019-10-04 23:31:51,857 [pool-419-thread-1] INFO  server.RaftServerConfigKeys (ConfUtils.java:logGet(43)) - raft.server.log.statemachine.data.sync = true (default)
2019-10-04 23:31:51,857 [pool-419-thread-1] INFO  server.RaftServerConfigKeys (ConfUtils.java:logGet(43)) - raft.server.log.statemachine.data.sync.timeout = 10s (default)
2019-10-04 23:31:51,857 [pool-419-thread-1] INFO  server.RaftServerConfigKeys (ConfUtils.java:logGet(43)) - raft.server.log.statemachine.data.sync.timeout.retry = -1 (default)
2019-10-04 23:31:51,857 [pool-419-thread-1] INFO  server.RaftServerConfigKeys (ConfUtils.java:logGet(43)) - raft.server.log.statemachine.data.caching.enabled = true (custom)
2019-10-04 23:31:51,858 [pool-419-thread-1] INFO  segmented.SegmentedRaftLogWorker (SegmentedRaftLogWorker.java:lambda$new$0(128)) - 34aca736-5790-4375-a983-d44100e393ad@group-7AA739548096-SegmentedRaftLogWorker: flushIndex: setUnconditionally 0 -> -1
2019-10-04 23:31:51,858 [pool-419-thread-1] INFO  server.RaftServerConfigKeys (ConfUtils.java:logGet(43)) - raft.server.snapshot.auto.trigger.enabled = true (custom)
2019-10-04 23:31:51,858 [pool-419-thread-1] INFO  server.RaftServerConfigKeys (ConfUtils.java:logGet(43)) - raft.server.snapshot.auto.trigger.threshold = 10000 (custom)
2019-10-04 23:31:51,858 [pool-419-thread-1] INFO  server.RaftServerConfigKeys (ConfUtils.java:logGet(43)) - raft.server.snapshot.retention.file.num = 5 (custom)
2019-10-04 23:31:51,859 [pool-419-thread-1] INFO  server.RaftServerConfigKeys (ConfUtils.java:logGet(43)) - raft.server.retrycache.expirytime = 600000ms (custom)
2019-10-04 23:31:51,860 [pool-419-thread-1] INFO  impl.RaftServerImpl (RaftServerImpl.java:start(181)) - 34aca736-5790-4375-a983-d44100e393ad@group-7AA739548096: start as a follower, conf=-1: [34aca736-5790-4375-a983-d44100e393ad:192.168.164.255:41148], old=null
2019-10-04 23:31:51,861 [pool-419-thread-1] INFO  impl.RaftServerImpl (RaftServerImpl.java:setRole(170)) - 34aca736-5790-4375-a983-d44100e393ad@group-7AA739548096: changes role from      null to FOLLOWER at term 0 for startAsFollower
2019-10-04 23:31:51,861 [pool-419-thread-1] INFO  impl.RoleInfo (RoleInfo.java:updateAndGet(143)) - 34aca736-5790-4375-a983-d44100e393ad: start FollowerState
2019-10-04 23:31:51,861 [pool-419-thread-1] INFO  util.JmxRegister (JmxRegister.java:tryRegister(44)) - Successfully registered JMX Bean with object name Ratis:service=RaftServer,group=group-7AA739548096,id=34aca736-5790-4375-a983-d44100e393ad
2019-10-04 23:31:51,866 [RatisPipelineUtilsThread] INFO  pipeline.PipelineStateManager (PipelineStateManager.java:addPipeline(56)) - Created pipeline Pipeline[ Id: 2b4901ef-892d-40f4-837a-7aa739548096, Nodes: 34aca736-5790-4375-a983-d44100e393ad{ip: 192.168.164.255, host: pr-hdds-2181-c9q8w-3494937983, networkLocation: /default-rack, certSerialId: null}, Type:RATIS, Factor:ONE, State:OPEN]
2019-10-04 23:31:51,901 [IPC Server handler 4 on 45145] INFO  net.NetworkTopology (NetworkTopologyImpl.java:add(111)) - Added a new node: /default-rack/3238339d-f75b-4989-8592-0599a7f80724
2019-10-04 23:31:51,902 [IPC Server handler 4 on 45145] INFO  node.SCMNodeManager (SCMNodeManager.java:register(268)) - Registered Data node : 3238339d-f75b-4989-8592-0599a7f80724{ip: 192.168.164.255, host: pr-hdds-2181-c9q8w-3494937983, networkLocation: /default-rack, certSerialId: null}
2019-10-04 23:31:51,918 [grpc-default-executor-7] INFO  impl.RaftServerProxy (RaftServerProxy.java:addNew(89)) - 3238339d-f75b-4989-8592-0599a7f80724: addNew group-D16D89DA4772:[3238339d-f75b-4989-8592-0599a7f80724:192.168.164.255:34549] returns group-D16D89DA4772:java.util.concurrent.CompletableFuture@2dbd3eb0[Not completed]
2019-10-04 23:31:51,919 [pool-429-thread-1] INFO  impl.RaftServerImpl (RaftServerImpl.java:<init>(95)) - 3238339d-f75b-4989-8592-0599a7f80724: new RaftServerImpl for group-D16D89DA4772:[3238339d-f75b-4989-8592-0599a7f80724:192.168.164.255:34549] with ContainerStateMachine:uninitialized
2019-10-04 23:31:51,919 [pool-429-thread-1] INFO  server.RaftServerConfigKeys (ConfUtils.java:logGet(43)) - raft.server.rpc.timeout.min = 5s (custom)
2019-10-04 23:31:51,919 [pool-429-thread-1] INFO  server.RaftServerConfigKeys (ConfUtils.java:logGet(43)) - raft.server.rpc.timeout.max = 5200ms (custom)
2019-10-04 23:31:51,919 [pool-429-thread-1] INFO  server.RaftServerConfigKeys (ConfUtils.java:logGet(43)) - raft.server.rpcslowness.timeout = 120s (custom)
2019-10-04 23:31:51,919 [pool-429-thread-1] INFO  server.RaftServerConfigKeys (ConfUtils.java:logGet(43)) - raft.server.sleep.deviation.threshold = 300 (default)
2019-10-04 23:31:51,919 [pool-429-thread-1] INFO  server.RaftServerConfigKeys (ConfUtils.java:logGet(43)) - raft.server.log.appender.install.snapshot.enabled = false (custom)
2019-10-04 23:31:51,919 [pool-429-thread-1] INFO  impl.RaftServerImpl (ServerState.java:<init>(103)) - 3238339d-f75b-4989-8592-0599a7f80724@group-D16D89DA4772: ConfigurationManager, init=-1: [3238339d-f75b-4989-8592-0599a7f80724:192.168.164.255:34549], old=null, confs=<EMPTY_MAP>
2019-10-04 23:31:51,920 [pool-429-thread-1] INFO  server.RaftServerConfigKeys (ConfUtils.java:logGet(43)) - raft.server.storage.dir = [/workdir/hadoop-ozone/integration-test/target/test-dir/MiniOzoneClusterImpl-77a65601-66c2-44da-9914-8a9405cf73ea/datanode-2/data/ratis] (custom)
2019-10-04 23:31:51,920 [pool-429-thread-1] INFO  server.RaftServerConfigKeys (ConfUtils.java:logGet(43)) - raft.server.log.corruption.policy = EXCEPTION (default)
2019-10-04 23:31:51,920 [pool-429-thread-1] INFO  storage.RaftStorageDirectory (RaftStorageDirectory.java:analyzeStorage(246)) - The storage directory /workdir/hadoop-ozone/integration-test/target/test-dir/MiniOzoneClusterImpl-77a65601-66c2-44da-9914-8a9405cf73ea/datanode-2/data/ratis/90394285-680b-4692-8901-d16d89da4772 does not exist. Creating ...
2019-10-04 23:31:51,950 [pool-429-thread-1] INFO  storage.RaftStorageDirectory (RaftStorageDirectory.java:tryLock(328)) - Lock on /workdir/hadoop-ozone/integration-test/target/test-dir/MiniOzoneClusterImpl-77a65601-66c2-44da-9914-8a9405cf73ea/datanode-2/data/ratis/90394285-680b-4692-8901-d16d89da4772/in_use.lock acquired by nodename 12688@pr-hdds-2181-c9q8w-3494937983
2019-10-04 23:31:51,966 [IPC Server handler 5 on 45145] INFO  net.NetworkTopology (NetworkTopologyImpl.java:add(111)) - Added a new node: /default-rack/02a1544b-ccb9-470b-bb2f-bdb12f5ecb22
2019-10-04 23:31:51,966 [IPC Server handler 5 on 45145] INFO  node.SCMNodeManager (SCMNodeManager.java:register(268)) - Registered Data node : 02a1544b-ccb9-470b-bb2f-bdb12f5ecb22{ip: 192.168.164.255, host: pr-hdds-2181-c9q8w-3494937983, networkLocation: /default-rack, certSerialId: null}
2019-10-04 23:31:51,972 [pool-429-thread-1] INFO  storage.RaftStorage (RaftStorage.java:format(84)) - Storage directory /workdir/hadoop-ozone/integration-test/target/test-dir/MiniOzoneClusterImpl-77a65601-66c2-44da-9914-8a9405cf73ea/datanode-2/data/ratis/90394285-680b-4692-8901-d16d89da4772 has been successfully formatted.
2019-10-04 23:31:51,972 [pool-429-thread-1] INFO  ratis.ContainerStateMachine (ContainerStateMachine.java:loadSnapshot(230)) - group-D16D89DA4772: The snapshot info is null. Setting the last applied indexto:(t:0, i:~)
2019-10-04 23:31:51,972 [pool-429-thread-1] INFO  server.RaftServerConfigKeys (ConfUtils.java:logGet(43)) - raft.server.notification.no-leader.timeout = 120s (custom)
2019-10-04 23:31:51,973 [pool-429-thread-1] INFO  server.RaftServerConfigKeys (ConfUtils.java:logGet(43)) - raft.server.log.use.memory = false (default)
2019-10-04 23:31:51,973 [pool-429-thread-1] INFO  server.RaftServerConfigKeys (ConfUtils.java:logGet(43)) - raft.server.log.purge.gap = 1000000 (custom)
2019-10-04 23:31:51,973 [pool-429-thread-1] INFO  server.RaftServerConfigKeys (ConfUtils.java:logGet(43)) - raft.server.log.appender.buffer.byte-limit = 33554432 (custom)
2019-10-04 23:31:51,973 [pool-429-thread-1] INFO  server.RaftServerConfigKeys (ConfUtils.java:logGet(43)) - raft.server.log.segment.size.max = 1048576 (custom)
2019-10-04 23:31:51,975 [pool-429-thread-1] INFO  server.RaftServerConfigKeys (ConfUtils.java:logGet(43)) - raft.server.log.segment.cache.num.max = 2 (custom)
2019-10-04 23:31:51,975 [pool-429-thread-1] INFO  segmented.SegmentedRaftLogWorker (SegmentedRaftLogWorker.java:<init>(173)) - new 3238339d-f75b-4989-8592-0599a7f80724@group-D16D89DA4772-SegmentedRaftLogWorker for RaftStorage:Storage Directory /workdir/hadoop-ozone/integration-test/target/test-dir/MiniOzoneClusterImpl-77a65601-66c2-44da-9914-8a9405cf73ea/datanode-2/data/ratis/90394285-680b-4692-8901-d16d89da4772
2019-10-04 23:31:51,975 [pool-429-thread-1] INFO  server.RaftServerConfigKeys (ConfUtils.java:logGet(43)) - raft.server.log.queue.byte-limit = 2147483647 (custom)
2019-10-04 23:31:51,976 [pool-429-thread-1] INFO  server.RaftServerConfigKeys (ConfUtils.java:logGet(43)) - raft.server.log.queue.element-limit = 1024 (custom)
2019-10-04 23:31:51,976 [pool-429-thread-1] INFO  server.RaftServerConfigKeys (ConfUtils.java:logGet(43)) - raft.server.log.segment.size.max = 1048576 (custom)
2019-10-04 23:31:51,976 [pool-429-thread-1] INFO  server.RaftServerConfigKeys (ConfUtils.java:logGet(43)) - raft.server.log.preallocated.size = 16384 (custom)
2019-10-04 23:31:51,976 [pool-429-thread-1] INFO  server.RaftServerConfigKeys (ConfUtils.java:logGet(43)) - raft.server.log.write.buffer.size = 33554432 (custom)
2019-10-04 23:31:51,976 [pool-429-thread-1] INFO  server.RaftServerConfigKeys (ConfUtils.java:logGet(43)) - raft.server.log.force.sync.num = 128 (default)
2019-10-04 23:31:51,976 [pool-429-thread-1] INFO  server.RaftServerConfigKeys (ConfUtils.java:logGet(43)) - raft.server.log.statemachine.data.sync = true (default)
2019-10-04 23:31:51,976 [pool-429-thread-1] INFO  server.RaftServerConfigKeys (ConfUtils.java:logGet(43)) - raft.server.log.statemachine.data.sync.timeout = 10s (default)
2019-10-04 23:31:51,977 [pool-429-thread-1] INFO  server.RaftServerConfigKeys (ConfUtils.java:logGet(43)) - raft.server.log.statemachine.data.sync.timeout.retry = -1 (default)
2019-10-04 23:31:51,977 [pool-429-thread-1] INFO  server.RaftServerConfigKeys (ConfUtils.java:logGet(43)) - raft.server.log.statemachine.data.caching.enabled = true (custom)
2019-10-04 23:31:51,977 [pool-429-thread-1] INFO  segmented.SegmentedRaftLogWorker (SegmentedRaftLogWorker.java:lambda$new$0(128)) - 3238339d-f75b-4989-8592-0599a7f80724@group-D16D89DA4772-SegmentedRaftLogWorker: flushIndex: setUnconditionally 0 -> -1
2019-10-04 23:31:51,978 [pool-429-thread-1] INFO  server.RaftServerConfigKeys (ConfUtils.java:logGet(43)) - raft.server.snapshot.auto.trigger.enabled = true (custom)
2019-10-04 23:31:51,978 [pool-429-thread-1] INFO  server.RaftServerConfigKeys (ConfUtils.java:logGet(43)) - raft.server.snapshot.auto.trigger.threshold = 10000 (custom)
2019-10-04 23:31:51,978 [pool-429-thread-1] INFO  server.RaftServerConfigKeys (ConfUtils.java:logGet(43)) - raft.server.snapshot.retention.file.num = 5 (custom)
2019-10-04 23:31:51,978 [pool-429-thread-1] INFO  server.RaftServerConfigKeys (ConfUtils.java:logGet(43)) - raft.server.retrycache.expirytime = 600000ms (custom)
2019-10-04 23:31:51,980 [pool-429-thread-1] INFO  impl.RaftServerImpl (RaftServerImpl.java:start(181)) - 3238339d-f75b-4989-8592-0599a7f80724@group-D16D89DA4772: start as a follower, conf=-1: [3238339d-f75b-4989-8592-0599a7f80724:192.168.164.255:34549], old=null
2019-10-04 23:31:51,980 [pool-429-thread-1] INFO  impl.RaftServerImpl (RaftServerImpl.java:setRole(170)) - 3238339d-f75b-4989-8592-0599a7f80724@group-D16D89DA4772: changes role from      null to FOLLOWER at term 0 for startAsFollower
2019-10-04 23:31:51,980 [pool-429-thread-1] INFO  impl.RoleInfo (RoleInfo.java:updateAndGet(143)) - 3238339d-f75b-4989-8592-0599a7f80724: start FollowerState
2019-10-04 23:31:51,980 [pool-429-thread-1] INFO  util.JmxRegister (JmxRegister.java:tryRegister(44)) - Successfully registered JMX Bean with object name Ratis:service=RaftServer,group=group-D16D89DA4772,id=3238339d-f75b-4989-8592-0599a7f80724
2019-10-04 23:31:51,984 [RatisPipelineUtilsThread] INFO  pipeline.PipelineStateManager (PipelineStateManager.java:addPipeline(56)) - Created pipeline Pipeline[ Id: 90394285-680b-4692-8901-d16d89da4772, Nodes: 3238339d-f75b-4989-8592-0599a7f80724{ip: 192.168.164.255, host: pr-hdds-2181-c9q8w-3494937983, networkLocation: /default-rack, certSerialId: null}, Type:RATIS, Factor:ONE, State:OPEN]
2019-10-04 23:31:51,991 [grpc-default-executor-7] INFO  impl.RaftServerProxy (RaftServerProxy.java:addNew(89)) - 02a1544b-ccb9-470b-bb2f-bdb12f5ecb22: addNew group-954851770911:[02a1544b-ccb9-470b-bb2f-bdb12f5ecb22:192.168.164.255:46236] returns group-954851770911:java.util.concurrent.CompletableFuture@67a276bf[Not completed]
2019-10-04 23:31:51,992 [pool-439-thread-1] INFO  impl.RaftServerImpl (RaftServerImpl.java:<init>(95)) - 02a1544b-ccb9-470b-bb2f-bdb12f5ecb22: new RaftServerImpl for group-954851770911:[02a1544b-ccb9-470b-bb2f-bdb12f5ecb22:192.168.164.255:46236] with ContainerStateMachine:uninitialized
2019-10-04 23:31:51,992 [pool-439-thread-1] INFO  server.RaftServerConfigKeys (ConfUtils.java:logGet(43)) - raft.server.rpc.timeout.min = 5s (custom)
2019-10-04 23:31:51,992 [pool-439-thread-1] INFO  server.RaftServerConfigKeys (ConfUtils.java:logGet(43)) - raft.server.rpc.timeout.max = 5200ms (custom)
2019-10-04 23:31:51,992 [pool-439-thread-1] INFO  server.RaftServerConfigKeys (ConfUtils.java:logGet(43)) - raft.server.rpcslowness.timeout = 120s (custom)
2019-10-04 23:31:51,992 [pool-439-thread-1] INFO  server.RaftServerConfigKeys (ConfUtils.java:logGet(43)) - raft.server.sleep.deviation.threshold = 300 (default)
2019-10-04 23:31:51,992 [pool-439-thread-1] INFO  server.RaftServerConfigKeys (ConfUtils.java:logGet(43)) - raft.server.log.appender.install.snapshot.enabled = false (custom)
2019-10-04 23:31:51,992 [pool-439-thread-1] INFO  impl.RaftServerImpl (ServerState.java:<init>(103)) - 02a1544b-ccb9-470b-bb2f-bdb12f5ecb22@group-954851770911: ConfigurationManager, init=-1: [02a1544b-ccb9-470b-bb2f-bdb12f5ecb22:192.168.164.255:46236], old=null, confs=<EMPTY_MAP>
2019-10-04 23:31:51,992 [pool-439-thread-1] INFO  server.RaftServerConfigKeys (ConfUtils.java:logGet(43)) - raft.server.storage.dir = [/workdir/hadoop-ozone/integration-test/target/test-dir/MiniOzoneClusterImpl-77a65601-66c2-44da-9914-8a9405cf73ea/datanode-3/data/ratis] (custom)
2019-10-04 23:31:51,992 [pool-439-thread-1] INFO  server.RaftServerConfigKeys (ConfUtils.java:logGet(43)) - raft.server.log.corruption.policy = EXCEPTION (default)
2019-10-04 23:31:51,993 [pool-439-thread-1] INFO  storage.RaftStorageDirectory (RaftStorageDirectory.java:analyzeStorage(246)) - The storage directory /workdir/hadoop-ozone/integration-test/target/test-dir/MiniOzoneClusterImpl-77a65601-66c2-44da-9914-8a9405cf73ea/datanode-3/data/ratis/525878f6-2f69-45c2-8d4f-954851770911 does not exist. Creating ...
2019-10-04 23:31:52,006 [pool-439-thread-1] INFO  storage.RaftStorageDirectory (RaftStorageDirectory.java:tryLock(328)) - Lock on /workdir/hadoop-ozone/integration-test/target/test-dir/MiniOzoneClusterImpl-77a65601-66c2-44da-9914-8a9405cf73ea/datanode-3/data/ratis/525878f6-2f69-45c2-8d4f-954851770911/in_use.lock acquired by nodename 12688@pr-hdds-2181-c9q8w-3494937983
2019-10-04 23:31:52,019 [pool-439-thread-1] INFO  storage.RaftStorage (RaftStorage.java:format(84)) - Storage directory /workdir/hadoop-ozone/integration-test/target/test-dir/MiniOzoneClusterImpl-77a65601-66c2-44da-9914-8a9405cf73ea/datanode-3/data/ratis/525878f6-2f69-45c2-8d4f-954851770911 has been successfully formatted.
2019-10-04 23:31:52,019 [pool-439-thread-1] INFO  ratis.ContainerStateMachine (ContainerStateMachine.java:loadSnapshot(230)) - group-954851770911: The snapshot info is null. Setting the last applied indexto:(t:0, i:~)
2019-10-04 23:31:52,019 [pool-439-thread-1] INFO  server.RaftServerConfigKeys (ConfUtils.java:logGet(43)) - raft.server.notification.no-leader.timeout = 120s (custom)
2019-10-04 23:31:52,019 [pool-439-thread-1] INFO  server.RaftServerConfigKeys (ConfUtils.java:logGet(43)) - raft.server.log.use.memory = false (default)
2019-10-04 23:31:52,019 [pool-439-thread-1] INFO  server.RaftServerConfigKeys (ConfUtils.java:logGet(43)) - raft.server.log.purge.gap = 1000000 (custom)
2019-10-04 23:31:52,019 [pool-439-thread-1] INFO  server.RaftServerConfigKeys (ConfUtils.java:logGet(43)) - raft.server.log.appender.buffer.byte-limit = 33554432 (custom)
2019-10-04 23:31:52,019 [pool-439-thread-1] INFO  server.RaftServerConfigKeys (ConfUtils.java:logGet(43)) - raft.server.log.segment.size.max = 1048576 (custom)
2019-10-04 23:31:52,020 [pool-439-thread-1] INFO  server.RaftServerConfigKeys (ConfUtils.java:logGet(43)) - raft.server.log.segment.cache.num.max = 2 (custom)
2019-10-04 23:31:52,020 [pool-439-thread-1] INFO  segmented.SegmentedRaftLogWorker (SegmentedRaftLogWorker.java:<init>(173)) - new 02a1544b-ccb9-470b-bb2f-bdb12f5ecb22@group-954851770911-SegmentedRaftLogWorker for RaftStorage:Storage Directory /workdir/hadoop-ozone/integration-test/target/test-dir/MiniOzoneClusterImpl-77a65601-66c2-44da-9914-8a9405cf73ea/datanode-3/data/ratis/525878f6-2f69-45c2-8d4f-954851770911
2019-10-04 23:31:52,021 [pool-439-thread-1] INFO  server.RaftServerConfigKeys (ConfUtils.java:logGet(43)) - raft.server.log.queue.byte-limit = 2147483647 (custom)
2019-10-04 23:31:52,021 [pool-439-thread-1] INFO  server.RaftServerConfigKeys (ConfUtils.java:logGet(43)) - raft.server.log.queue.element-limit = 1024 (custom)
2019-10-04 23:31:52,021 [pool-439-thread-1] INFO  server.RaftServerConfigKeys (ConfUtils.java:logGet(43)) - raft.server.log.segment.size.max = 1048576 (custom)
2019-10-04 23:31:52,021 [pool-439-thread-1] INFO  server.RaftServerConfigKeys (ConfUtils.java:logGet(43)) - raft.server.log.preallocated.size = 16384 (custom)
2019-10-04 23:31:52,021 [pool-439-thread-1] INFO  server.RaftServerConfigKeys (ConfUtils.java:logGet(43)) - raft.server.log.write.buffer.size = 33554432 (custom)
2019-10-04 23:31:52,021 [pool-439-thread-1] INFO  server.RaftServerConfigKeys (ConfUtils.java:logGet(43)) - raft.server.log.force.sync.num = 128 (default)
2019-10-04 23:31:52,021 [pool-439-thread-1] INFO  server.RaftServerConfigKeys (ConfUtils.java:logGet(43)) - raft.server.log.statemachine.data.sync = true (default)
2019-10-04 23:31:52,021 [pool-439-thread-1] INFO  server.RaftServerConfigKeys (ConfUtils.java:logGet(43)) - raft.server.log.statemachine.data.sync.timeout = 10s (default)
2019-10-04 23:31:52,021 [pool-439-thread-1] INFO  server.RaftServerConfigKeys (ConfUtils.java:logGet(43)) - raft.server.log.statemachine.data.sync.timeout.retry = -1 (default)
2019-10-04 23:31:52,021 [pool-439-thread-1] INFO  server.RaftServerConfigKeys (ConfUtils.java:logGet(43)) - raft.server.log.statemachine.data.caching.enabled = true (custom)
2019-10-04 23:31:52,022 [pool-439-thread-1] INFO  segmented.SegmentedRaftLogWorker (SegmentedRaftLogWorker.java:lambda$new$0(128)) - 02a1544b-ccb9-470b-bb2f-bdb12f5ecb22@group-954851770911-SegmentedRaftLogWorker: flushIndex: setUnconditionally 0 -> -1
2019-10-04 23:31:52,022 [pool-439-thread-1] INFO  server.RaftServerConfigKeys (ConfUtils.java:logGet(43)) - raft.server.snapshot.auto.trigger.enabled = true (custom)
2019-10-04 23:31:52,022 [pool-439-thread-1] INFO  server.RaftServerConfigKeys (ConfUtils.java:logGet(43)) - raft.server.snapshot.auto.trigger.threshold = 10000 (custom)
2019-10-04 23:31:52,022 [pool-439-thread-1] INFO  server.RaftServerConfigKeys (ConfUtils.java:logGet(43)) - raft.server.snapshot.retention.file.num = 5 (custom)
2019-10-04 23:31:52,022 [pool-439-thread-1] INFO  server.RaftServerConfigKeys (ConfUtils.java:logGet(43)) - raft.server.retrycache.expirytime = 600000ms (custom)
2019-10-04 23:31:52,023 [pool-439-thread-1] INFO  impl.RaftServerImpl (RaftServerImpl.java:start(181)) - 02a1544b-ccb9-470b-bb2f-bdb12f5ecb22@group-954851770911: start as a follower, conf=-1: [02a1544b-ccb9-470b-bb2f-bdb12f5ecb22:192.168.164.255:46236], old=null
2019-10-04 23:31:52,023 [pool-439-thread-1] INFO  impl.RaftServerImpl (RaftServerImpl.java:setRole(170)) - 02a1544b-ccb9-470b-bb2f-bdb12f5ecb22@group-954851770911: changes role from      null to FOLLOWER at term 0 for startAsFollower
2019-10-04 23:31:52,023 [pool-439-thread-1] INFO  impl.RoleInfo (RoleInfo.java:updateAndGet(143)) - 02a1544b-ccb9-470b-bb2f-bdb12f5ecb22: start FollowerState
2019-10-04 23:31:52,024 [pool-439-thread-1] INFO  util.JmxRegister (JmxRegister.java:tryRegister(44)) - Successfully registered JMX Bean with object name Ratis:service=RaftServer,group=group-954851770911,id=02a1544b-ccb9-470b-bb2f-bdb12f5ecb22
2019-10-04 23:31:52,027 [RatisPipelineUtilsThread] INFO  pipeline.PipelineStateManager (PipelineStateManager.java:addPipeline(56)) - Created pipeline Pipeline[ Id: 525878f6-2f69-45c2-8d4f-954851770911, Nodes: 02a1544b-ccb9-470b-bb2f-bdb12f5ecb22{ip: 192.168.164.255, host: pr-hdds-2181-c9q8w-3494937983, networkLocation: /default-rack, certSerialId: null}, Type:RATIS, Factor:ONE, State:OPEN]
2019-10-04 23:31:52,036 [IPC Server handler 6 on 45145] INFO  net.NetworkTopology (NetworkTopologyImpl.java:add(111)) - Added a new node: /default-rack/f81be186-6bea-41b7-b784-bd173854311d
2019-10-04 23:31:52,036 [IPC Server handler 6 on 45145] INFO  node.SCMNodeManager (SCMNodeManager.java:register(268)) - Registered Data node : f81be186-6bea-41b7-b784-bd173854311d{ip: 192.168.164.255, host: pr-hdds-2181-c9q8w-3494937983, networkLocation: /default-rack, certSerialId: null}
2019-10-04 23:31:52,037 [grpc-default-executor-5] INFO  impl.RaftServerProxy (RaftServerProxy.java:addNew(89)) - 34aca736-5790-4375-a983-d44100e393ad: addNew group-BD66B2BCEE99:[8080f05d-3e78-47ef-93cd-5617c0c0c969:192.168.164.255:39016, 34aca736-5790-4375-a983-d44100e393ad:192.168.164.255:41148, 3238339d-f75b-4989-8592-0599a7f80724:192.168.164.255:34549] returns group-BD66B2BCEE99:java.util.concurrent.CompletableFuture@6199d4ce[Not completed]
2019-10-04 23:31:52,037 [grpc-default-executor-7] INFO  impl.RaftServerProxy (RaftServerProxy.java:addNew(89)) - 3238339d-f75b-4989-8592-0599a7f80724: addNew group-BD66B2BCEE99:[8080f05d-3e78-47ef-93cd-5617c0c0c969:192.168.164.255:39016, 34aca736-5790-4375-a983-d44100e393ad:192.168.164.255:41148, 3238339d-f75b-4989-8592-0599a7f80724:192.168.164.255:34549] returns group-BD66B2BCEE99:java.util.concurrent.CompletableFuture@13086b18[Not completed]
2019-10-04 23:31:52,038 [grpc-default-executor-7] INFO  impl.RaftServerProxy (RaftServerProxy.java:addNew(89)) - 8080f05d-3e78-47ef-93cd-5617c0c0c969: addNew group-BD66B2BCEE99:[8080f05d-3e78-47ef-93cd-5617c0c0c969:192.168.164.255:39016, 34aca736-5790-4375-a983-d44100e393ad:192.168.164.255:41148, 3238339d-f75b-4989-8592-0599a7f80724:192.168.164.255:34549] returns group-BD66B2BCEE99:java.util.concurrent.CompletableFuture@55c787e9[Not completed]
2019-10-04 23:31:52,038 [pool-419-thread-1] INFO  impl.RaftServerImpl (RaftServerImpl.java:<init>(95)) - 34aca736-5790-4375-a983-d44100e393ad: new RaftServerImpl for group-BD66B2BCEE99:[8080f05d-3e78-47ef-93cd-5617c0c0c969:192.168.164.255:39016, 34aca736-5790-4375-a983-d44100e393ad:192.168.164.255:41148, 3238339d-f75b-4989-8592-0599a7f80724:192.168.164.255:34549] with ContainerStateMachine:uninitialized
2019-10-04 23:31:52,038 [pool-419-thread-1] INFO  server.RaftServerConfigKeys (ConfUtils.java:logGet(43)) - raft.server.rpc.timeout.min = 5s (custom)
2019-10-04 23:31:52,038 [pool-419-thread-1] INFO  server.RaftServerConfigKeys (ConfUtils.java:logGet(43)) - raft.server.rpc.timeout.max = 5200ms (custom)
2019-10-04 23:31:52,038 [pool-419-thread-1] INFO  server.RaftServerConfigKeys (ConfUtils.java:logGet(43)) - raft.server.rpcslowness.timeout = 120s (custom)
2019-10-04 23:31:52,038 [pool-409-thread-1] INFO  impl.RaftServerImpl (RaftServerImpl.java:<init>(95)) - 8080f05d-3e78-47ef-93cd-5617c0c0c969: new RaftServerImpl for group-BD66B2BCEE99:[8080f05d-3e78-47ef-93cd-5617c0c0c969:192.168.164.255:39016, 34aca736-5790-4375-a983-d44100e393ad:192.168.164.255:41148, 3238339d-f75b-4989-8592-0599a7f80724:192.168.164.255:34549] with ContainerStateMachine:uninitialized
2019-10-04 23:31:52,038 [pool-419-thread-1] INFO  server.RaftServerConfigKeys (ConfUtils.java:logGet(43)) - raft.server.sleep.deviation.threshold = 300 (default)
2019-10-04 23:31:52,039 [pool-409-thread-1] INFO  server.RaftServerConfigKeys (ConfUtils.java:logGet(43)) - raft.server.rpc.timeout.min = 5s (custom)
2019-10-04 23:31:52,039 [pool-419-thread-1] INFO  server.RaftServerConfigKeys (ConfUtils.java:logGet(43)) - raft.server.log.appender.install.snapshot.enabled = false (custom)
2019-10-04 23:31:52,039 [pool-429-thread-1] INFO  impl.RaftServerImpl (RaftServerImpl.java:<init>(95)) - 3238339d-f75b-4989-8592-0599a7f80724: new RaftServerImpl for group-BD66B2BCEE99:[8080f05d-3e78-47ef-93cd-5617c0c0c969:192.168.164.255:39016, 34aca736-5790-4375-a983-d44100e393ad:192.168.164.255:41148, 3238339d-f75b-4989-8592-0599a7f80724:192.168.164.255:34549] with ContainerStateMachine:uninitialized
2019-10-04 23:31:52,039 [pool-409-thread-1] INFO  server.RaftServerConfigKeys (ConfUtils.java:logGet(43)) - raft.server.rpc.timeout.max = 5200ms (custom)
2019-10-04 23:31:52,039 [pool-429-thread-1] INFO  server.RaftServerConfigKeys (ConfUtils.java:logGet(43)) - raft.server.rpc.timeout.min = 5s (custom)
2019-10-04 23:31:52,039 [pool-419-thread-1] INFO  impl.RaftServerImpl (ServerState.java:<init>(103)) - 34aca736-5790-4375-a983-d44100e393ad@group-BD66B2BCEE99: ConfigurationManager, init=-1: [8080f05d-3e78-47ef-93cd-5617c0c0c969:192.168.164.255:39016, 34aca736-5790-4375-a983-d44100e393ad:192.168.164.255:41148, 3238339d-f75b-4989-8592-0599a7f80724:192.168.164.255:34549], old=null, confs=<EMPTY_MAP>
2019-10-04 23:31:52,039 [pool-429-thread-1] INFO  server.RaftServerConfigKeys (ConfUtils.java:logGet(43)) - raft.server.rpc.timeout.max = 5200ms (custom)
2019-10-04 23:31:52,039 [pool-409-thread-1] INFO  server.RaftServerConfigKeys (ConfUtils.java:logGet(43)) - raft.server.rpcslowness.timeout = 120s (custom)
2019-10-04 23:31:52,039 [pool-429-thread-1] INFO  server.RaftServerConfigKeys (ConfUtils.java:logGet(43)) - raft.server.rpcslowness.timeout = 120s (custom)
2019-10-04 23:31:52,039 [pool-419-thread-1] INFO  server.RaftServerConfigKeys (ConfUtils.java:logGet(43)) - raft.server.storage.dir = [/workdir/hadoop-ozone/integration-test/target/test-dir/MiniOzoneClusterImpl-77a65601-66c2-44da-9914-8a9405cf73ea/datanode-1/data/ratis] (custom)
2019-10-04 23:31:52,040 [pool-429-thread-1] INFO  server.RaftServerConfigKeys (ConfUtils.java:logGet(43)) - raft.server.sleep.deviation.threshold = 300 (default)
2019-10-04 23:31:52,040 [pool-429-thread-1] INFO  server.RaftServerConfigKeys (ConfUtils.java:logGet(43)) - raft.server.log.appender.install.snapshot.enabled = false (custom)
2019-10-04 23:31:52,039 [pool-409-thread-1] INFO  server.RaftServerConfigKeys (ConfUtils.java:logGet(43)) - raft.server.sleep.deviation.threshold = 300 (default)
2019-10-04 23:31:52,040 [pool-429-thread-1] INFO  impl.RaftServerImpl (ServerState.java:<init>(103)) - 3238339d-f75b-4989-8592-0599a7f80724@group-BD66B2BCEE99: ConfigurationManager, init=-1: [8080f05d-3e78-47ef-93cd-5617c0c0c969:192.168.164.255:39016, 34aca736-5790-4375-a983-d44100e393ad:192.168.164.255:41148, 3238339d-f75b-4989-8592-0599a7f80724:192.168.164.255:34549], old=null, confs=<EMPTY_MAP>
2019-10-04 23:31:52,040 [pool-419-thread-1] INFO  server.RaftServerConfigKeys (ConfUtils.java:logGet(43)) - raft.server.log.corruption.policy = EXCEPTION (default)
2019-10-04 23:31:52,040 [pool-429-thread-1] INFO  server.RaftServerConfigKeys (ConfUtils.java:logGet(43)) - raft.server.storage.dir = [/workdir/hadoop-ozone/integration-test/target/test-dir/MiniOzoneClusterImpl-77a65601-66c2-44da-9914-8a9405cf73ea/datanode-2/data/ratis] (custom)
2019-10-04 23:31:52,040 [pool-419-thread-1] INFO  storage.RaftStorageDirectory (RaftStorageDirectory.java:analyzeStorage(246)) - The storage directory /workdir/hadoop-ozone/integration-test/target/test-dir/MiniOzoneClusterImpl-77a65601-66c2-44da-9914-8a9405cf73ea/datanode-1/data/ratis/2ce996a0-bbf7-40d9-a712-bd66b2bcee99 does not exist. Creating ...
2019-10-04 23:31:52,040 [pool-409-thread-1] INFO  server.RaftServerConfigKeys (ConfUtils.java:logGet(43)) - raft.server.log.appender.install.snapshot.enabled = false (custom)
2019-10-04 23:31:52,040 [pool-429-thread-1] INFO  server.RaftServerConfigKeys (ConfUtils.java:logGet(43)) - raft.server.log.corruption.policy = EXCEPTION (default)
2019-10-04 23:31:52,041 [pool-409-thread-1] INFO  impl.RaftServerImpl (ServerState.java:<init>(103)) - 8080f05d-3e78-47ef-93cd-5617c0c0c969@group-BD66B2BCEE99: ConfigurationManager, init=-1: [8080f05d-3e78-47ef-93cd-5617c0c0c969:192.168.164.255:39016, 34aca736-5790-4375-a983-d44100e393ad:192.168.164.255:41148, 3238339d-f75b-4989-8592-0599a7f80724:192.168.164.255:34549], old=null, confs=<EMPTY_MAP>
2019-10-04 23:31:52,041 [pool-429-thread-1] INFO  storage.RaftStorageDirectory (RaftStorageDirectory.java:analyzeStorage(246)) - The storage directory /workdir/hadoop-ozone/integration-test/target/test-dir/MiniOzoneClusterImpl-77a65601-66c2-44da-9914-8a9405cf73ea/datanode-2/data/ratis/2ce996a0-bbf7-40d9-a712-bd66b2bcee99 does not exist. Creating ...
2019-10-04 23:31:52,041 [pool-409-thread-1] INFO  server.RaftServerConfigKeys (ConfUtils.java:logGet(43)) - raft.server.storage.dir = [/workdir/hadoop-ozone/integration-test/target/test-dir/MiniOzoneClusterImpl-77a65601-66c2-44da-9914-8a9405cf73ea/datanode-0/data/ratis] (custom)
2019-10-04 23:31:52,041 [pool-409-thread-1] INFO  server.RaftServerConfigKeys (ConfUtils.java:logGet(43)) - raft.server.log.corruption.policy = EXCEPTION (default)
2019-10-04 23:31:52,041 [pool-409-thread-1] INFO  storage.RaftStorageDirectory (RaftStorageDirectory.java:analyzeStorage(246)) - The storage directory /workdir/hadoop-ozone/integration-test/target/test-dir/MiniOzoneClusterImpl-77a65601-66c2-44da-9914-8a9405cf73ea/datanode-0/data/ratis/2ce996a0-bbf7-40d9-a712-bd66b2bcee99 does not exist. Creating ...
2019-10-04 23:31:52,053 [pool-429-thread-1] INFO  storage.RaftStorageDirectory (RaftStorageDirectory.java:tryLock(328)) - Lock on /workdir/hadoop-ozone/integration-test/target/test-dir/MiniOzoneClusterImpl-77a65601-66c2-44da-9914-8a9405cf73ea/datanode-2/data/ratis/2ce996a0-bbf7-40d9-a712-bd66b2bcee99/in_use.lock acquired by nodename 12688@pr-hdds-2181-c9q8w-3494937983
2019-10-04 23:31:52,054 [pool-409-thread-1] INFO  storage.RaftStorageDirectory (RaftStorageDirectory.java:tryLock(328)) - Lock on /workdir/hadoop-ozone/integration-test/target/test-dir/MiniOzoneClusterImpl-77a65601-66c2-44da-9914-8a9405cf73ea/datanode-0/data/ratis/2ce996a0-bbf7-40d9-a712-bd66b2bcee99/in_use.lock acquired by nodename 12688@pr-hdds-2181-c9q8w-3494937983
2019-10-04 23:31:52,053 [pool-419-thread-1] INFO  storage.RaftStorageDirectory (RaftStorageDirectory.java:tryLock(328)) - Lock on /workdir/hadoop-ozone/integration-test/target/test-dir/MiniOzoneClusterImpl-77a65601-66c2-44da-9914-8a9405cf73ea/datanode-1/data/ratis/2ce996a0-bbf7-40d9-a712-bd66b2bcee99/in_use.lock acquired by nodename 12688@pr-hdds-2181-c9q8w-3494937983
2019-10-04 23:31:52,067 [pool-429-thread-1] INFO  storage.RaftStorage (RaftStorage.java:format(84)) - Storage directory /workdir/hadoop-ozone/integration-test/target/test-dir/MiniOzoneClusterImpl-77a65601-66c2-44da-9914-8a9405cf73ea/datanode-2/data/ratis/2ce996a0-bbf7-40d9-a712-bd66b2bcee99 has been successfully formatted.
2019-10-04 23:31:52,067 [pool-419-thread-1] INFO  storage.RaftStorage (RaftStorage.java:format(84)) - Storage directory /workdir/hadoop-ozone/integration-test/target/test-dir/MiniOzoneClusterImpl-77a65601-66c2-44da-9914-8a9405cf73ea/datanode-1/data/ratis/2ce996a0-bbf7-40d9-a712-bd66b2bcee99 has been successfully formatted.
2019-10-04 23:31:52,067 [pool-409-thread-1] INFO  storage.RaftStorage (RaftStorage.java:format(84)) - Storage directory /workdir/hadoop-ozone/integration-test/target/test-dir/MiniOzoneClusterImpl-77a65601-66c2-44da-9914-8a9405cf73ea/datanode-0/data/ratis/2ce996a0-bbf7-40d9-a712-bd66b2bcee99 has been successfully formatted.
2019-10-04 23:31:52,067 [pool-419-thread-1] INFO  ratis.ContainerStateMachine (ContainerStateMachine.java:loadSnapshot(230)) - group-BD66B2BCEE99: The snapshot info is null. Setting the last applied indexto:(t:0, i:~)
2019-10-04 23:31:52,068 [pool-409-thread-1] INFO  ratis.ContainerStateMachine (ContainerStateMachine.java:loadSnapshot(230)) - group-BD66B2BCEE99: The snapshot info is null. Setting the last applied indexto:(t:0, i:~)
2019-10-04 23:31:52,067 [pool-429-thread-1] INFO  ratis.ContainerStateMachine (ContainerStateMachine.java:loadSnapshot(230)) - group-BD66B2BCEE99: The snapshot info is null. Setting the last applied indexto:(t:0, i:~)
2019-10-04 23:31:52,068 [pool-409-thread-1] INFO  server.RaftServerConfigKeys (ConfUtils.java:logGet(43)) - raft.server.notification.no-leader.timeout = 120s (custom)
2019-10-04 23:31:52,068 [pool-419-thread-1] INFO  server.RaftServerConfigKeys (ConfUtils.java:logGet(43)) - raft.server.notification.no-leader.timeout = 120s (custom)
2019-10-04 23:31:52,068 [pool-409-thread-1] INFO  server.RaftServerConfigKeys (ConfUtils.java:logGet(43)) - raft.server.log.use.memory = false (default)
2019-10-04 23:31:52,068 [pool-429-thread-1] INFO  server.RaftServerConfigKeys (ConfUtils.java:logGet(43)) - raft.server.notification.no-leader.timeout = 120s (custom)
2019-10-04 23:31:52,068 [pool-409-thread-1] INFO  server.RaftServerConfigKeys (ConfUtils.java:logGet(43)) - raft.server.log.purge.gap = 1000000 (custom)
2019-10-04 23:31:52,068 [pool-419-thread-1] INFO  server.RaftServerConfigKeys (ConfUtils.java:logGet(43)) - raft.server.log.use.memory = false (default)
2019-10-04 23:31:52,068 [pool-409-thread-1] INFO  server.RaftServerConfigKeys (ConfUtils.java:logGet(43)) - raft.server.log.appender.buffer.byte-limit = 33554432 (custom)
2019-10-04 23:31:52,068 [pool-429-thread-1] INFO  server.RaftServerConfigKeys (ConfUtils.java:logGet(43)) - raft.server.log.use.memory = false (default)
2019-10-04 23:31:52,069 [pool-409-thread-1] INFO  server.RaftServerConfigKeys (ConfUtils.java:logGet(43)) - raft.server.log.segment.size.max = 1048576 (custom)
2019-10-04 23:31:52,068 [pool-419-thread-1] INFO  server.RaftServerConfigKeys (ConfUtils.java:logGet(43)) - raft.server.log.purge.gap = 1000000 (custom)
2019-10-04 23:31:52,069 [pool-409-thread-1] INFO  server.RaftServerConfigKeys (ConfUtils.java:logGet(43)) - raft.server.log.segment.cache.num.max = 2 (custom)
2019-10-04 23:31:52,069 [pool-429-thread-1] INFO  server.RaftServerConfigKeys (ConfUtils.java:logGet(43)) - raft.server.log.purge.gap = 1000000 (custom)
2019-10-04 23:31:52,069 [pool-409-thread-1] INFO  segmented.SegmentedRaftLogWorker (SegmentedRaftLogWorker.java:<init>(173)) - new 8080f05d-3e78-47ef-93cd-5617c0c0c969@group-BD66B2BCEE99-SegmentedRaftLogWorker for RaftStorage:Storage Directory /workdir/hadoop-ozone/integration-test/target/test-dir/MiniOzoneClusterImpl-77a65601-66c2-44da-9914-8a9405cf73ea/datanode-0/data/ratis/2ce996a0-bbf7-40d9-a712-bd66b2bcee99
2019-10-04 23:31:52,069 [pool-419-thread-1] INFO  server.RaftServerConfigKeys (ConfUtils.java:logGet(43)) - raft.server.log.appender.buffer.byte-limit = 33554432 (custom)
2019-10-04 23:31:52,069 [pool-409-thread-1] INFO  server.RaftServerConfigKeys (ConfUtils.java:logGet(43)) - raft.server.log.queue.byte-limit = 2147483647 (custom)
2019-10-04 23:31:52,069 [pool-429-thread-1] INFO  server.RaftServerConfigKeys (ConfUtils.java:logGet(43)) - raft.server.log.appender.buffer.byte-limit = 33554432 (custom)
2019-10-04 23:31:52,069 [pool-409-thread-1] INFO  server.RaftServerConfigKeys (ConfUtils.java:logGet(43)) - raft.server.log.queue.element-limit = 1024 (custom)
2019-10-04 23:31:52,069 [pool-419-thread-1] INFO  server.RaftServerConfigKeys (ConfUtils.java:logGet(43)) - raft.server.log.segment.size.max = 1048576 (custom)
2019-10-04 23:31:52,070 [pool-409-thread-1] INFO  server.RaftServerConfigKeys (ConfUtils.java:logGet(43)) - raft.server.log.segment.size.max = 1048576 (custom)
2019-10-04 23:31:52,070 [pool-429-thread-1] INFO  server.RaftServerConfigKeys (ConfUtils.java:logGet(43)) - raft.server.log.segment.size.max = 1048576 (custom)
2019-10-04 23:31:52,070 [pool-409-thread-1] INFO  server.RaftServerConfigKeys (ConfUtils.java:logGet(43)) - raft.server.log.preallocated.size = 16384 (custom)
2019-10-04 23:31:52,070 [pool-419-thread-1] INFO  server.RaftServerConfigKeys (ConfUtils.java:logGet(43)) - raft.server.log.segment.cache.num.max = 2 (custom)
2019-10-04 23:31:52,070 [pool-409-thread-1] INFO  server.RaftServerConfigKeys (ConfUtils.java:logGet(43)) - raft.server.log.write.buffer.size = 33554432 (custom)
2019-10-04 23:31:52,070 [pool-429-thread-1] INFO  server.RaftServerConfigKeys (ConfUtils.java:logGet(43)) - raft.server.log.segment.cache.num.max = 2 (custom)
2019-10-04 23:31:52,070 [pool-409-thread-1] INFO  server.RaftServerConfigKeys (ConfUtils.java:logGet(43)) - raft.server.log.force.sync.num = 128 (default)
2019-10-04 23:31:52,070 [pool-419-thread-1] INFO  segmented.SegmentedRaftLogWorker (SegmentedRaftLogWorker.java:<init>(173)) - new 34aca736-5790-4375-a983-d44100e393ad@group-BD66B2BCEE99-SegmentedRaftLogWorker for RaftStorage:Storage Directory /workdir/hadoop-ozone/integration-test/target/test-dir/MiniOzoneClusterImpl-77a65601-66c2-44da-9914-8a9405cf73ea/datanode-1/data/ratis/2ce996a0-bbf7-40d9-a712-bd66b2bcee99
2019-10-04 23:31:52,071 [pool-409-thread-1] INFO  server.RaftServerConfigKeys (ConfUtils.java:logGet(43)) - raft.server.log.statemachine.data.sync = true (default)
2019-10-04 23:31:52,071 [pool-409-thread-1] INFO  server.RaftServerConfigKeys (ConfUtils.java:logGet(43)) - raft.server.log.statemachine.data.sync.timeout = 10s (default)
2019-10-04 23:31:52,070 [pool-429-thread-1] INFO  segmented.SegmentedRaftLogWorker (SegmentedRaftLogWorker.java:<init>(173)) - new 3238339d-f75b-4989-8592-0599a7f80724@group-BD66B2BCEE99-SegmentedRaftLogWorker for RaftStorage:Storage Directory /workdir/hadoop-ozone/integration-test/target/test-dir/MiniOzoneClusterImpl-77a65601-66c2-44da-9914-8a9405cf73ea/datanode-2/data/ratis/2ce996a0-bbf7-40d9-a712-bd66b2bcee99
2019-10-04 23:31:52,071 [pool-409-thread-1] INFO  server.RaftServerConfigKeys (ConfUtils.java:logGet(43)) - raft.server.log.statemachine.data.sync.timeout.retry = -1 (default)
2019-10-04 23:31:52,071 [pool-419-thread-1] INFO  server.RaftServerConfigKeys (ConfUtils.java:logGet(43)) - raft.server.log.queue.byte-limit = 2147483647 (custom)
2019-10-04 23:31:52,071 [pool-409-thread-1] INFO  server.RaftServerConfigKeys (ConfUtils.java:logGet(43)) - raft.server.log.statemachine.data.caching.enabled = true (custom)
2019-10-04 23:31:52,071 [pool-429-thread-1] INFO  server.RaftServerConfigKeys (ConfUtils.java:logGet(43)) - raft.server.log.queue.byte-limit = 2147483647 (custom)
2019-10-04 23:31:52,071 [pool-419-thread-1] INFO  server.RaftServerConfigKeys (ConfUtils.java:logGet(43)) - raft.server.log.queue.element-limit = 1024 (custom)
2019-10-04 23:31:52,071 [pool-409-thread-1] INFO  segmented.SegmentedRaftLogWorker (SegmentedRaftLogWorker.java:lambda$new$0(128)) - 8080f05d-3e78-47ef-93cd-5617c0c0c969@group-BD66B2BCEE99-SegmentedRaftLogWorker: flushIndex: setUnconditionally 0 -> -1
2019-10-04 23:31:52,071 [pool-429-thread-1] INFO  server.RaftServerConfigKeys (ConfUtils.java:logGet(43)) - raft.server.log.queue.element-limit = 1024 (custom)
2019-10-04 23:31:52,072 [pool-419-thread-1] INFO  server.RaftServerConfigKeys (ConfUtils.java:logGet(43)) - raft.server.log.segment.size.max = 1048576 (custom)
2019-10-04 23:31:52,072 [pool-409-thread-1] INFO  server.RaftServerConfigKeys (ConfUtils.java:logGet(43)) - raft.server.snapshot.auto.trigger.enabled = true (custom)
2019-10-04 23:31:52,072 [pool-429-thread-1] INFO  server.RaftServerConfigKeys (ConfUtils.java:logGet(43)) - raft.server.log.segment.size.max = 1048576 (custom)
2019-10-04 23:31:52,072 [pool-409-thread-1] INFO  server.RaftServerConfigKeys (ConfUtils.java:logGet(43)) - raft.server.snapshot.auto.trigger.threshold = 10000 (custom)
2019-10-04 23:31:52,072 [pool-419-thread-1] INFO  server.RaftServerConfigKeys (ConfUtils.java:logGet(43)) - raft.server.log.preallocated.size = 16384 (custom)
2019-10-04 23:31:52,072 [pool-409-thread-1] INFO  server.RaftServerConfigKeys (ConfUtils.java:logGet(43)) - raft.server.snapshot.retention.file.num = 5 (custom)
2019-10-04 23:31:52,072 [pool-429-thread-1] INFO  server.RaftServerConfigKeys (ConfUtils.java:logGet(43)) - raft.server.log.preallocated.size = 16384 (custom)
2019-10-04 23:31:52,072 [pool-409-thread-1] INFO  server.RaftServerConfigKeys (ConfUtils.java:logGet(43)) - raft.server.retrycache.expirytime = 600000ms (custom)
2019-10-04 23:31:52,072 [pool-419-thread-1] INFO  server.RaftServerConfigKeys (ConfUtils.java:logGet(43)) - raft.server.log.write.buffer.size = 33554432 (custom)
2019-10-04 23:31:52,073 [pool-429-thread-1] INFO  server.RaftServerConfigKeys (ConfUtils.java:logGet(43)) - raft.server.log.write.buffer.size = 33554432 (custom)
2019-10-04 23:31:52,073 [pool-419-thread-1] INFO  server.RaftServerConfigKeys (ConfUtils.java:logGet(43)) - raft.server.log.force.sync.num = 128 (default)
2019-10-04 23:31:52,073 [pool-429-thread-1] INFO  server.RaftServerConfigKeys (ConfUtils.java:logGet(43)) - raft.server.log.force.sync.num = 128 (default)
2019-10-04 23:31:52,073 [pool-419-thread-1] INFO  server.RaftServerConfigKeys (ConfUtils.java:logGet(43)) - raft.server.log.statemachine.data.sync = true (default)
2019-10-04 23:31:52,073 [pool-419-thread-1] INFO  server.RaftServerConfigKeys (ConfUtils.java:logGet(43)) - raft.server.log.statemachine.data.sync.timeout = 10s (default)
2019-10-04 23:31:52,073 [pool-429-thread-1] INFO  server.RaftServerConfigKeys (ConfUtils.java:logGet(43)) - raft.server.log.statemachine.data.sync = true (default)
2019-10-04 23:31:52,073 [pool-419-thread-1] INFO  server.RaftServerConfigKeys (ConfUtils.java:logGet(43)) - raft.server.log.statemachine.data.sync.timeout.retry = -1 (default)
2019-10-04 23:31:52,074 [pool-429-thread-1] INFO  server.RaftServerConfigKeys (ConfUtils.java:logGet(43)) - raft.server.log.statemachine.data.sync.timeout = 10s (default)
2019-10-04 23:31:52,074 [pool-419-thread-1] INFO  server.RaftServerConfigKeys (ConfUtils.java:logGet(43)) - raft.server.log.statemachine.data.caching.enabled = true (custom)
2019-10-04 23:31:52,074 [pool-429-thread-1] INFO  server.RaftServerConfigKeys (ConfUtils.java:logGet(43)) - raft.server.log.statemachine.data.sync.timeout.retry = -1 (default)
2019-10-04 23:31:52,074 [pool-419-thread-1] INFO  segmented.SegmentedRaftLogWorker (SegmentedRaftLogWorker.java:lambda$new$0(128)) - 34aca736-5790-4375-a983-d44100e393ad@group-BD66B2BCEE99-SegmentedRaftLogWorker: flushIndex: setUnconditionally 0 -> -1
2019-10-04 23:31:52,074 [pool-429-thread-1] INFO  server.RaftServerConfigKeys (ConfUtils.java:logGet(43)) - raft.server.log.statemachine.data.caching.enabled = true (custom)
2019-10-04 23:31:52,074 [pool-419-thread-1] INFO  server.RaftServerConfigKeys (ConfUtils.java:logGet(43)) - raft.server.snapshot.auto.trigger.enabled = true (custom)
2019-10-04 23:31:52,074 [pool-409-thread-1] INFO  impl.RaftServerImpl (RaftServerImpl.java:start(181)) - 8080f05d-3e78-47ef-93cd-5617c0c0c969@group-BD66B2BCEE99: start as a follower, conf=-1: [8080f05d-3e78-47ef-93cd-5617c0c0c969:192.168.164.255:39016, 34aca736-5790-4375-a983-d44100e393ad:192.168.164.255:41148, 3238339d-f75b-4989-8592-0599a7f80724:192.168.164.255:34549], old=null
2019-10-04 23:31:52,075 [pool-429-thread-1] INFO  segmented.SegmentedRaftLogWorker (SegmentedRaftLogWorker.java:lambda$new$0(128)) - 3238339d-f75b-4989-8592-0599a7f80724@group-BD66B2BCEE99-SegmentedRaftLogWorker: flushIndex: setUnconditionally 0 -> -1
2019-10-04 23:31:52,075 [pool-419-thread-1] INFO  server.RaftServerConfigKeys (ConfUtils.java:logGet(43)) - raft.server.snapshot.auto.trigger.threshold = 10000 (custom)
2019-10-04 23:31:52,075 [pool-409-thread-1] INFO  impl.RaftServerImpl (RaftServerImpl.java:setRole(170)) - 8080f05d-3e78-47ef-93cd-5617c0c0c969@group-BD66B2BCEE99: changes role from      null to FOLLOWER at term 0 for startAsFollower
2019-10-04 23:31:52,075 [pool-429-thread-1] INFO  server.RaftServerConfigKeys (ConfUtils.java:logGet(43)) - raft.server.snapshot.auto.trigger.enabled = true (custom)
2019-10-04 23:31:52,075 [pool-419-thread-1] INFO  server.RaftServerConfigKeys (ConfUtils.java:logGet(43)) - raft.server.snapshot.retention.file.num = 5 (custom)
2019-10-04 23:31:52,075 [pool-429-thread-1] INFO  server.RaftServerConfigKeys (ConfUtils.java:logGet(43)) - raft.server.snapshot.auto.trigger.threshold = 10000 (custom)
2019-10-04 23:31:52,075 [pool-409-thread-1] INFO  impl.RoleInfo (RoleInfo.java:updateAndGet(143)) - 8080f05d-3e78-47ef-93cd-5617c0c0c969: start FollowerState
2019-10-04 23:31:52,075 [pool-429-thread-1] INFO  server.RaftServerConfigKeys (ConfUtils.java:logGet(43)) - raft.server.snapshot.retention.file.num = 5 (custom)
2019-10-04 23:31:52,075 [pool-419-thread-1] INFO  server.RaftServerConfigKeys (ConfUtils.java:logGet(43)) - raft.server.retrycache.expirytime = 600000ms (custom)
2019-10-04 23:31:52,076 [pool-429-thread-1] INFO  server.RaftServerConfigKeys (ConfUtils.java:logGet(43)) - raft.server.retrycache.expirytime = 600000ms (custom)
2019-10-04 23:31:52,076 [pool-409-thread-1] INFO  util.JmxRegister (JmxRegister.java:tryRegister(44)) - Successfully registered JMX Bean with object name Ratis:service=RaftServer,group=group-BD66B2BCEE99,id=8080f05d-3e78-47ef-93cd-5617c0c0c969
2019-10-04 23:31:52,079 [pool-419-thread-1] INFO  impl.RaftServerImpl (RaftServerImpl.java:start(181)) - 34aca736-5790-4375-a983-d44100e393ad@group-BD66B2BCEE99: start as a follower, conf=-1: [8080f05d-3e78-47ef-93cd-5617c0c0c969:192.168.164.255:39016, 34aca736-5790-4375-a983-d44100e393ad:192.168.164.255:41148, 3238339d-f75b-4989-8592-0599a7f80724:192.168.164.255:34549], old=null
2019-10-04 23:31:52,079 [pool-419-thread-1] INFO  impl.RaftServerImpl (RaftServerImpl.java:setRole(170)) - 34aca736-5790-4375-a983-d44100e393ad@group-BD66B2BCEE99: changes role from      null to FOLLOWER at term 0 for startAsFollower
2019-10-04 23:31:52,079 [pool-419-thread-1] INFO  impl.RoleInfo (RoleInfo.java:updateAndGet(143)) - 34aca736-5790-4375-a983-d44100e393ad: start FollowerState
2019-10-04 23:31:52,079 [pool-419-thread-1] INFO  util.JmxRegister (JmxRegister.java:tryRegister(44)) - Successfully registered JMX Bean with object name Ratis:service=RaftServer,group=group-BD66B2BCEE99,id=34aca736-5790-4375-a983-d44100e393ad
2019-10-04 23:31:52,080 [pool-429-thread-1] INFO  impl.RaftServerImpl (RaftServerImpl.java:start(181)) - 3238339d-f75b-4989-8592-0599a7f80724@group-BD66B2BCEE99: start as a follower, conf=-1: [8080f05d-3e78-47ef-93cd-5617c0c0c969:192.168.164.255:39016, 34aca736-5790-4375-a983-d44100e393ad:192.168.164.255:41148, 3238339d-f75b-4989-8592-0599a7f80724:192.168.164.255:34549], old=null
2019-10-04 23:31:52,080 [pool-429-thread-1] INFO  impl.RaftServerImpl (RaftServerImpl.java:setRole(170)) - 3238339d-f75b-4989-8592-0599a7f80724@group-BD66B2BCEE99: changes role from      null to FOLLOWER at term 0 for startAsFollower
2019-10-04 23:31:52,080 [pool-429-thread-1] INFO  impl.RoleInfo (RoleInfo.java:updateAndGet(143)) - 3238339d-f75b-4989-8592-0599a7f80724: start FollowerState
2019-10-04 23:31:52,093 [pool-429-thread-1] INFO  util.JmxRegister (JmxRegister.java:tryRegister(44)) - Successfully registered JMX Bean with object name Ratis:service=RaftServer,group=group-BD66B2BCEE99,id=3238339d-f75b-4989-8592-0599a7f80724
2019-10-04 23:31:52,108 [IPC Server handler 19 on 45145] INFO  net.NetworkTopology (NetworkTopologyImpl.java:add(111)) - Added a new node: /default-rack/17fbe8f6-6b6a-4ab8-b8eb-a39a650135ba
2019-10-04 23:31:52,108 [IPC Server handler 19 on 45145] INFO  node.SCMNodeManager (SCMNodeManager.java:register(268)) - Registered Data node : 17fbe8f6-6b6a-4ab8-b8eb-a39a650135ba{ip: 192.168.164.255, host: pr-hdds-2181-c9q8w-3494937983, networkLocation: /default-rack, certSerialId: null}
2019-10-04 23:31:52,109 [RatisPipelineUtilsThread] INFO  pipeline.PipelineStateManager (PipelineStateManager.java:addPipeline(56)) - Created pipeline Pipeline[ Id: 2ce996a0-bbf7-40d9-a712-bd66b2bcee99, Nodes: 3238339d-f75b-4989-8592-0599a7f80724{ip: 192.168.164.255, host: pr-hdds-2181-c9q8w-3494937983, networkLocation: /default-rack, certSerialId: null}34aca736-5790-4375-a983-d44100e393ad{ip: 192.168.164.255, host: pr-hdds-2181-c9q8w-3494937983, networkLocation: /default-rack, certSerialId: null}8080f05d-3e78-47ef-93cd-5617c0c0c969{ip: 192.168.164.255, host: pr-hdds-2181-c9q8w-3494937983, networkLocation: /default-rack, certSerialId: null}, Type:RATIS, Factor:THREE, State:OPEN]
2019-10-04 23:31:52,117 [grpc-default-executor-5] INFO  impl.RaftServerProxy (RaftServerProxy.java:addNew(89)) - 02a1544b-ccb9-470b-bb2f-bdb12f5ecb22: addNew group-3029DAA38393:[f81be186-6bea-41b7-b784-bd173854311d:192.168.164.255:35621, 17fbe8f6-6b6a-4ab8-b8eb-a39a650135ba:192.168.164.255:37535, 02a1544b-ccb9-470b-bb2f-bdb12f5ecb22:192.168.164.255:46236] returns group-3029DAA38393:java.util.concurrent.CompletableFuture@43fcc512[Not completed]
2019-10-04 23:31:52,118 [grpc-default-executor-7] INFO  impl.RaftServerProxy (RaftServerProxy.java:addNew(89)) - 17fbe8f6-6b6a-4ab8-b8eb-a39a650135ba: addNew group-3029DAA38393:[f81be186-6bea-41b7-b784-bd173854311d:192.168.164.255:35621, 17fbe8f6-6b6a-4ab8-b8eb-a39a650135ba:192.168.164.255:37535, 02a1544b-ccb9-470b-bb2f-bdb12f5ecb22:192.168.164.255:46236] returns group-3029DAA38393:java.util.concurrent.CompletableFuture@263f9dd1[Not completed]
2019-10-04 23:31:52,119 [grpc-default-executor-0] INFO  impl.RaftServerProxy (RaftServerProxy.java:addNew(89)) - f81be186-6bea-41b7-b784-bd173854311d: addNew group-3029DAA38393:[f81be186-6bea-41b7-b784-bd173854311d:192.168.164.255:35621, 17fbe8f6-6b6a-4ab8-b8eb-a39a650135ba:192.168.164.255:37535, 02a1544b-ccb9-470b-bb2f-bdb12f5ecb22:192.168.164.255:46236] returns group-3029DAA38393:java.util.concurrent.CompletableFuture@6057968a[Not completed]
2019-10-04 23:31:52,120 [pool-439-thread-1] INFO  impl.RaftServerImpl (RaftServerImpl.java:<init>(95)) - 02a1544b-ccb9-470b-bb2f-bdb12f5ecb22: new RaftServerImpl for group-3029DAA38393:[f81be186-6bea-41b7-b784-bd173854311d:192.168.164.255:35621, 17fbe8f6-6b6a-4ab8-b8eb-a39a650135ba:192.168.164.255:37535, 02a1544b-ccb9-470b-bb2f-bdb12f5ecb22:192.168.164.255:46236] with ContainerStateMachine:uninitialized
2019-10-04 23:31:52,120 [pool-439-thread-1] INFO  server.RaftServerConfigKeys (ConfUtils.java:logGet(43)) - raft.server.rpc.timeout.min = 5s (custom)
2019-10-04 23:31:52,120 [pool-439-thread-1] INFO  server.RaftServerConfigKeys (ConfUtils.java:logGet(43)) - raft.server.rpc.timeout.max = 5200ms (custom)
2019-10-04 23:31:52,120 [pool-439-thread-1] INFO  server.RaftServerConfigKeys (ConfUtils.java:logGet(43)) - raft.server.rpcslowness.timeout = 120s (custom)
2019-10-04 23:31:52,120 [pool-439-thread-1] INFO  server.RaftServerConfigKeys (ConfUtils.java:logGet(43)) - raft.server.sleep.deviation.threshold = 300 (default)
2019-10-04 23:31:52,120 [pool-459-thread-1] INFO  impl.RaftServerImpl (RaftServerImpl.java:<init>(95)) - 17fbe8f6-6b6a-4ab8-b8eb-a39a650135ba: new RaftServerImpl for group-3029DAA38393:[f81be186-6bea-41b7-b784-bd173854311d:192.168.164.255:35621, 17fbe8f6-6b6a-4ab8-b8eb-a39a650135ba:192.168.164.255:37535, 02a1544b-ccb9-470b-bb2f-bdb12f5ecb22:192.168.164.255:46236] with ContainerStateMachine:uninitialized
2019-10-04 23:31:52,120 [pool-439-thread-1] INFO  server.RaftServerConfigKeys (ConfUtils.java:logGet(43)) - raft.server.log.appender.install.snapshot.enabled = false (custom)
2019-10-04 23:31:52,120 [pool-459-thread-1] INFO  server.RaftServerConfigKeys (ConfUtils.java:logGet(43)) - raft.server.rpc.timeout.min = 5s (custom)
2019-10-04 23:31:52,120 [pool-439-thread-1] INFO  impl.RaftServerImpl (ServerState.java:<init>(103)) - 02a1544b-ccb9-470b-bb2f-bdb12f5ecb22@group-3029DAA38393: ConfigurationManager, init=-1: [f81be186-6bea-41b7-b784-bd173854311d:192.168.164.255:35621, 17fbe8f6-6b6a-4ab8-b8eb-a39a650135ba:192.168.164.255:37535, 02a1544b-ccb9-470b-bb2f-bdb12f5ecb22:192.168.164.255:46236], old=null, confs=<EMPTY_MAP>
2019-10-04 23:31:52,121 [pool-459-thread-1] INFO  server.RaftServerConfigKeys (ConfUtils.java:logGet(43)) - raft.server.rpc.timeout.max = 5200ms (custom)
2019-10-04 23:31:52,121 [pool-439-thread-1] INFO  server.RaftServerConfigKeys (ConfUtils.java:logGet(43)) - raft.server.storage.dir = [/workdir/hadoop-ozone/integration-test/target/test-dir/MiniOzoneClusterImpl-77a65601-66c2-44da-9914-8a9405cf73ea/datanode-3/data/ratis] (custom)
2019-10-04 23:31:52,121 [pool-459-thread-1] INFO  server.RaftServerConfigKeys (ConfUtils.java:logGet(43)) - raft.server.rpcslowness.timeout = 120s (custom)
2019-10-04 23:31:52,121 [pool-449-thread-1] INFO  impl.RaftServerImpl (RaftServerImpl.java:<init>(95)) - f81be186-6bea-41b7-b784-bd173854311d: new RaftServerImpl for group-3029DAA38393:[f81be186-6bea-41b7-b784-bd173854311d:192.168.164.255:35621, 17fbe8f6-6b6a-4ab8-b8eb-a39a650135ba:192.168.164.255:37535, 02a1544b-ccb9-470b-bb2f-bdb12f5ecb22:192.168.164.255:46236] with ContainerStateMachine:uninitialized
2019-10-04 23:31:52,121 [pool-439-thread-1] INFO  server.RaftServerConfigKeys (ConfUtils.java:logGet(43)) - raft.server.log.corruption.policy = EXCEPTION (default)
2019-10-04 23:31:52,121 [pool-459-thread-1] INFO  server.RaftServerConfigKeys (ConfUtils.java:logGet(43)) - raft.server.sleep.deviation.threshold = 300 (default)
2019-10-04 23:31:52,121 [pool-449-thread-1] INFO  server.RaftServerConfigKeys (ConfUtils.java:logGet(43)) - raft.server.rpc.timeout.min = 5s (custom)
2019-10-04 23:31:52,121 [pool-439-thread-1] INFO  storage.RaftStorageDirectory (RaftStorageDirectory.java:analyzeStorage(246)) - The storage directory /workdir/hadoop-ozone/integration-test/target/test-dir/MiniOzoneClusterImpl-77a65601-66c2-44da-9914-8a9405cf73ea/datanode-3/data/ratis/75ddeac6-da64-45f8-b9b2-3029daa38393 does not exist. Creating ...
2019-10-04 23:31:52,121 [pool-459-thread-1] INFO  server.RaftServerConfigKeys (ConfUtils.java:logGet(43)) - raft.server.log.appender.install.snapshot.enabled = false (custom)
2019-10-04 23:31:52,121 [pool-449-thread-1] INFO  server.RaftServerConfigKeys (ConfUtils.java:logGet(43)) - raft.server.rpc.timeout.max = 5200ms (custom)
2019-10-04 23:31:52,121 [pool-459-thread-1] INFO  impl.RaftServerImpl (ServerState.java:<init>(103)) - 17fbe8f6-6b6a-4ab8-b8eb-a39a650135ba@group-3029DAA38393: ConfigurationManager, init=-1: [f81be186-6bea-41b7-b784-bd173854311d:192.168.164.255:35621, 17fbe8f6-6b6a-4ab8-b8eb-a39a650135ba:192.168.164.255:37535, 02a1544b-ccb9-470b-bb2f-bdb12f5ecb22:192.168.164.255:46236], old=null, confs=<EMPTY_MAP>
2019-10-04 23:31:52,121 [pool-449-thread-1] INFO  server.RaftServerConfigKeys (ConfUtils.java:logGet(43)) - raft.server.rpcslowness.timeout = 120s (custom)
2019-10-04 23:31:52,122 [pool-459-thread-1] INFO  server.RaftServerConfigKeys (ConfUtils.java:logGet(43)) - raft.server.storage.dir = [/workdir/hadoop-ozone/integration-test/target/test-dir/MiniOzoneClusterImpl-77a65601-66c2-44da-9914-8a9405cf73ea/datanode-5/data/ratis] (custom)
2019-10-04 23:31:52,122 [pool-449-thread-1] INFO  server.RaftServerConfigKeys (ConfUtils.java:logGet(43)) - raft.server.sleep.deviation.threshold = 300 (default)
2019-10-04 23:31:52,122 [pool-459-thread-1] INFO  server.RaftServerConfigKeys (ConfUtils.java:logGet(43)) - raft.server.log.corruption.policy = EXCEPTION (default)
2019-10-04 23:31:52,122 [pool-449-thread-1] INFO  server.RaftServerConfigKeys (ConfUtils.java:logGet(43)) - raft.server.log.appender.install.snapshot.enabled = false (custom)
2019-10-04 23:31:52,122 [pool-459-thread-1] INFO  storage.RaftStorageDirectory (RaftStorageDirectory.java:analyzeStorage(246)) - The storage directory /workdir/hadoop-ozone/integration-test/target/test-dir/MiniOzoneClusterImpl-77a65601-66c2-44da-9914-8a9405cf73ea/datanode-5/data/ratis/75ddeac6-da64-45f8-b9b2-3029daa38393 does not exist. Creating ...
2019-10-04 23:31:52,122 [pool-449-thread-1] INFO  impl.RaftServerImpl (ServerState.java:<init>(103)) - f81be186-6bea-41b7-b784-bd173854311d@group-3029DAA38393: ConfigurationManager, init=-1: [f81be186-6bea-41b7-b784-bd173854311d:192.168.164.255:35621, 17fbe8f6-6b6a-4ab8-b8eb-a39a650135ba:192.168.164.255:37535, 02a1544b-ccb9-470b-bb2f-bdb12f5ecb22:192.168.164.255:46236], old=null, confs=<EMPTY_MAP>
2019-10-04 23:31:52,122 [pool-449-thread-1] INFO  server.RaftServerConfigKeys (ConfUtils.java:logGet(43)) - raft.server.storage.dir = [/workdir/hadoop-ozone/integration-test/target/test-dir/MiniOzoneClusterImpl-77a65601-66c2-44da-9914-8a9405cf73ea/datanode-4/data/ratis] (custom)
2019-10-04 23:31:52,123 [pool-449-thread-1] INFO  server.RaftServerConfigKeys (ConfUtils.java:logGet(43)) - raft.server.log.corruption.policy = EXCEPTION (default)
2019-10-04 23:31:52,123 [pool-449-thread-1] INFO  storage.RaftStorageDirectory (RaftStorageDirectory.java:analyzeStorage(246)) - The storage directory /workdir/hadoop-ozone/integration-test/target/test-dir/MiniOzoneClusterImpl-77a65601-66c2-44da-9914-8a9405cf73ea/datanode-4/data/ratis/75ddeac6-da64-45f8-b9b2-3029daa38393 does not exist. Creating ...
2019-10-04 23:31:52,127 [pool-439-thread-1] INFO  storage.RaftStorageDirectory (RaftStorageDirectory.java:tryLock(328)) - Lock on /workdir/hadoop-ozone/integration-test/target/test-dir/MiniOzoneClusterImpl-77a65601-66c2-44da-9914-8a9405cf73ea/datanode-3/data/ratis/75ddeac6-da64-45f8-b9b2-3029daa38393/in_use.lock acquired by nodename 12688@pr-hdds-2181-c9q8w-3494937983
2019-10-04 23:31:52,127 [pool-459-thread-1] INFO  storage.RaftStorageDirectory (RaftStorageDirectory.java:tryLock(328)) - Lock on /workdir/hadoop-ozone/integration-test/target/test-dir/MiniOzoneClusterImpl-77a65601-66c2-44da-9914-8a9405cf73ea/datanode-5/data/ratis/75ddeac6-da64-45f8-b9b2-3029daa38393/in_use.lock acquired by nodename 12688@pr-hdds-2181-c9q8w-3494937983
2019-10-04 23:31:52,127 [pool-449-thread-1] INFO  storage.RaftStorageDirectory (RaftStorageDirectory.java:tryLock(328)) - Lock on /workdir/hadoop-ozone/integration-test/target/test-dir/MiniOzoneClusterImpl-77a65601-66c2-44da-9914-8a9405cf73ea/datanode-4/data/ratis/75ddeac6-da64-45f8-b9b2-3029daa38393/in_use.lock acquired by nodename 12688@pr-hdds-2181-c9q8w-3494937983
2019-10-04 23:31:52,140 [pool-439-thread-1] INFO  storage.RaftStorage (RaftStorage.java:format(84)) - Storage directory /workdir/hadoop-ozone/integration-test/target/test-dir/MiniOzoneClusterImpl-77a65601-66c2-44da-9914-8a9405cf73ea/datanode-3/data/ratis/75ddeac6-da64-45f8-b9b2-3029daa38393 has been successfully formatted.
2019-10-04 23:31:52,140 [pool-459-thread-1] INFO  storage.RaftStorage (RaftStorage.java:format(84)) - Storage directory /workdir/hadoop-ozone/integration-test/target/test-dir/MiniOzoneClusterImpl-77a65601-66c2-44da-9914-8a9405cf73ea/datanode-5/data/ratis/75ddeac6-da64-45f8-b9b2-3029daa38393 has been successfully formatted.
2019-10-04 23:31:52,140 [pool-449-thread-1] INFO  storage.RaftStorage (RaftStorage.java:format(84)) - Storage directory /workdir/hadoop-ozone/integration-test/target/test-dir/MiniOzoneClusterImpl-77a65601-66c2-44da-9914-8a9405cf73ea/datanode-4/data/ratis/75ddeac6-da64-45f8-b9b2-3029daa38393 has been successfully formatted.
2019-10-04 23:31:52,140 [pool-459-thread-1] INFO  ratis.ContainerStateMachine (ContainerStateMachine.java:loadSnapshot(230)) - group-3029DAA38393: The snapshot info is null. Setting the last applied indexto:(t:0, i:~)
2019-10-04 23:31:52,140 [pool-439-thread-1] INFO  ratis.ContainerStateMachine (ContainerStateMachine.java:loadSnapshot(230)) - group-3029DAA38393: The snapshot info is null. Setting the last applied indexto:(t:0, i:~)
2019-10-04 23:31:52,141 [pool-449-thread-1] INFO  ratis.ContainerStateMachine (ContainerStateMachine.java:loadSnapshot(230)) - group-3029DAA38393: The snapshot info is null. Setting the last applied indexto:(t:0, i:~)
2019-10-04 23:31:52,141 [pool-459-thread-1] INFO  server.RaftServerConfigKeys (ConfUtils.java:logGet(43)) - raft.server.notification.no-leader.timeout = 120s (custom)
2019-10-04 23:31:52,141 [pool-449-thread-1] INFO  server.RaftServerConfigKeys (ConfUtils.java:logGet(43)) - raft.server.notification.no-leader.timeout = 120s (custom)
2019-10-04 23:31:52,141 [pool-439-thread-1] INFO  server.RaftServerConfigKeys (ConfUtils.java:logGet(43)) - raft.server.notification.no-leader.timeout = 120s (custom)
2019-10-04 23:31:52,141 [pool-449-thread-1] INFO  server.RaftServerConfigKeys (ConfUtils.java:logGet(43)) - raft.server.log.use.memory = false (default)
2019-10-04 23:31:52,141 [pool-459-thread-1] INFO  server.RaftServerConfigKeys (ConfUtils.java:logGet(43)) - raft.server.log.use.memory = false (default)
2019-10-04 23:31:52,141 [pool-449-thread-1] INFO  server.RaftServerConfigKeys (ConfUtils.java:logGet(43)) - raft.server.log.purge.gap = 1000000 (custom)
2019-10-04 23:31:52,141 [pool-439-thread-1] INFO  server.RaftServerConfigKeys (ConfUtils.java:logGet(43)) - raft.server.log.use.memory = false (default)
2019-10-04 23:31:52,142 [pool-449-thread-1] INFO  server.RaftServerConfigKeys (ConfUtils.java:logGet(43)) - raft.server.log.appender.buffer.byte-limit = 33554432 (custom)
2019-10-04 23:31:52,141 [pool-459-thread-1] INFO  server.RaftServerConfigKeys (ConfUtils.java:logGet(43)) - raft.server.log.purge.gap = 1000000 (custom)
2019-10-04 23:31:52,142 [pool-449-thread-1] INFO  server.RaftServerConfigKeys (ConfUtils.java:logGet(43)) - raft.server.log.segment.size.max = 1048576 (custom)
2019-10-04 23:31:52,142 [pool-439-thread-1] INFO  server.RaftServerConfigKeys (ConfUtils.java:logGet(43)) - raft.server.log.purge.gap = 1000000 (custom)
2019-10-04 23:31:52,142 [pool-459-thread-1] INFO  server.RaftServerConfigKeys (ConfUtils.java:logGet(43)) - raft.server.log.appender.buffer.byte-limit = 33554432 (custom)
2019-10-04 23:31:52,142 [pool-439-thread-1] INFO  server.RaftServerConfigKeys (ConfUtils.java:logGet(43)) - raft.server.log.appender.buffer.byte-limit = 33554432 (custom)
2019-10-04 23:31:52,142 [pool-459-thread-1] INFO  server.RaftServerConfigKeys (ConfUtils.java:logGet(43)) - raft.server.log.segment.size.max = 1048576 (custom)
2019-10-04 23:31:52,142 [pool-439-thread-1] INFO  server.RaftServerConfigKeys (ConfUtils.java:logGet(43)) - raft.server.log.segment.size.max = 1048576 (custom)
2019-10-04 23:31:52,143 [pool-439-thread-1] INFO  server.RaftServerConfigKeys (ConfUtils.java:logGet(43)) - raft.server.log.segment.cache.num.max = 2 (custom)
2019-10-04 23:31:52,143 [pool-439-thread-1] INFO  segmented.SegmentedRaftLogWorker (SegmentedRaftLogWorker.java:<init>(173)) - new 02a1544b-ccb9-470b-bb2f-bdb12f5ecb22@group-3029DAA38393-SegmentedRaftLogWorker for RaftStorage:Storage Directory /workdir/hadoop-ozone/integration-test/target/test-dir/MiniOzoneClusterImpl-77a65601-66c2-44da-9914-8a9405cf73ea/datanode-3/data/ratis/75ddeac6-da64-45f8-b9b2-3029daa38393
2019-10-04 23:31:52,143 [pool-439-thread-1] INFO  server.RaftServerConfigKeys (ConfUtils.java:logGet(43)) - raft.server.log.queue.byte-limit = 2147483647 (custom)
2019-10-04 23:31:52,143 [pool-439-thread-1] INFO  server.RaftServerConfigKeys (ConfUtils.java:logGet(43)) - raft.server.log.queue.element-limit = 1024 (custom)
2019-10-04 23:31:52,143 [pool-439-thread-1] INFO  server.RaftServerConfigKeys (ConfUtils.java:logGet(43)) - raft.server.log.segment.size.max = 1048576 (custom)
2019-10-04 23:31:52,143 [pool-439-thread-1] INFO  server.RaftServerConfigKeys (ConfUtils.java:logGet(43)) - raft.server.log.preallocated.size = 16384 (custom)
2019-10-04 23:31:52,143 [pool-439-thread-1] INFO  server.RaftServerConfigKeys (ConfUtils.java:logGet(43)) - raft.server.log.write.buffer.size = 33554432 (custom)
2019-10-04 23:31:52,143 [pool-439-thread-1] INFO  server.RaftServerConfigKeys (ConfUtils.java:logGet(43)) - raft.server.log.force.sync.num = 128 (default)
2019-10-04 23:31:52,143 [pool-439-thread-1] INFO  server.RaftServerConfigKeys (ConfUtils.java:logGet(43)) - raft.server.log.statemachine.data.sync = true (default)
2019-10-04 23:31:52,144 [pool-439-thread-1] INFO  server.RaftServerConfigKeys (ConfUtils.java:logGet(43)) - raft.server.log.statemachine.data.sync.timeout = 10s (default)
2019-10-04 23:31:52,144 [pool-439-thread-1] INFO  server.RaftServerConfigKeys (ConfUtils.java:logGet(43)) - raft.server.log.statemachine.data.sync.timeout.retry = -1 (default)
2019-10-04 23:31:52,144 [pool-439-thread-1] INFO  server.RaftServerConfigKeys (ConfUtils.java:logGet(43)) - raft.server.log.statemachine.data.caching.enabled = true (custom)
2019-10-04 23:31:52,144 [pool-439-thread-1] INFO  segmented.SegmentedRaftLogWorker (SegmentedRaftLogWorker.java:lambda$new$0(128)) - 02a1544b-ccb9-470b-bb2f-bdb12f5ecb22@group-3029DAA38393-SegmentedRaftLogWorker: flushIndex: setUnconditionally 0 -> -1
2019-10-04 23:31:52,144 [pool-439-thread-1] INFO  server.RaftServerConfigKeys (ConfUtils.java:logGet(43)) - raft.server.snapshot.auto.trigger.enabled = true (custom)
2019-10-04 23:31:52,144 [pool-459-thread-1] INFO  server.RaftServerConfigKeys (ConfUtils.java:logGet(43)) - raft.server.log.segment.cache.num.max = 2 (custom)
2019-10-04 23:31:52,144 [pool-449-thread-1] INFO  server.RaftServerConfigKeys (ConfUtils.java:logGet(43)) - raft.server.log.segment.cache.num.max = 2 (custom)
2019-10-04 23:31:52,144 [pool-439-thread-1] INFO  server.RaftServerConfigKeys (ConfUtils.java:logGet(43)) - raft.server.snapshot.auto.trigger.threshold = 10000 (custom)
2019-10-04 23:31:52,145 [pool-449-thread-1] INFO  segmented.SegmentedRaftLogWorker (SegmentedRaftLogWorker.java:<init>(173)) - new f81be186-6bea-41b7-b784-bd173854311d@group-3029DAA38393-SegmentedRaftLogWorker for RaftStorage:Storage Directory /workdir/hadoop-ozone/integration-test/target/test-dir/MiniOzoneClusterImpl-77a65601-66c2-44da-9914-8a9405cf73ea/datanode-4/data/ratis/75ddeac6-da64-45f8-b9b2-3029daa38393
2019-10-04 23:31:52,144 [pool-459-thread-1] INFO  segmented.SegmentedRaftLogWorker (SegmentedRaftLogWorker.java:<init>(173)) - new 17fbe8f6-6b6a-4ab8-b8eb-a39a650135ba@group-3029DAA38393-SegmentedRaftLogWorker for RaftStorage:Storage Directory /workdir/hadoop-ozone/integration-test/target/test-dir/MiniOzoneClusterImpl-77a65601-66c2-44da-9914-8a9405cf73ea/datanode-5/data/ratis/75ddeac6-da64-45f8-b9b2-3029daa38393
2019-10-04 23:31:52,145 [pool-449-thread-1] INFO  server.RaftServerConfigKeys (ConfUtils.java:logGet(43)) - raft.server.log.queue.byte-limit = 2147483647 (custom)
2019-10-04 23:31:52,145 [pool-439-thread-1] INFO  server.RaftServerConfigKeys (ConfUtils.java:logGet(43)) - raft.server.snapshot.retention.file.num = 5 (custom)
2019-10-04 23:31:52,145 [pool-449-thread-1] INFO  server.RaftServerConfigKeys (ConfUtils.java:logGet(43)) - raft.server.log.queue.element-limit = 1024 (custom)
2019-10-04 23:31:52,145 [pool-459-thread-1] INFO  server.RaftServerConfigKeys (ConfUtils.java:logGet(43)) - raft.server.log.queue.byte-limit = 2147483647 (custom)
2019-10-04 23:31:52,145 [pool-449-thread-1] INFO  server.RaftServerConfigKeys (ConfUtils.java:logGet(43)) - raft.server.log.segment.size.max = 1048576 (custom)
2019-10-04 23:31:52,145 [pool-439-thread-1] INFO  server.RaftServerConfigKeys (ConfUtils.java:logGet(43)) - raft.server.retrycache.expirytime = 600000ms (custom)
2019-10-04 23:31:52,146 [pool-449-thread-1] INFO  server.RaftServerConfigKeys (ConfUtils.java:logGet(43)) - raft.server.log.preallocated.size = 16384 (custom)
2019-10-04 23:31:52,145 [pool-459-thread-1] INFO  server.RaftServerConfigKeys (ConfUtils.java:logGet(43)) - raft.server.log.queue.element-limit = 1024 (custom)
2019-10-04 23:31:52,146 [pool-449-thread-1] INFO  server.RaftServerConfigKeys (ConfUtils.java:logGet(43)) - raft.server.log.write.buffer.size = 33554432 (custom)
2019-10-04 23:31:52,146 [pool-459-thread-1] INFO  server.RaftServerConfigKeys (ConfUtils.java:logGet(43)) - raft.server.log.segment.size.max = 1048576 (custom)
2019-10-04 23:31:52,146 [pool-449-thread-1] INFO  server.RaftServerConfigKeys (ConfUtils.java:logGet(43)) - raft.server.log.force.sync.num = 128 (default)
2019-10-04 23:31:52,146 [pool-459-thread-1] INFO  server.RaftServerConfigKeys (ConfUtils.java:logGet(43)) - raft.server.log.preallocated.size = 16384 (custom)
2019-10-04 23:31:52,146 [pool-449-thread-1] INFO  server.RaftServerConfigKeys (ConfUtils.java:logGet(43)) - raft.server.log.statemachine.data.sync = true (default)
2019-10-04 23:31:52,146 [pool-459-thread-1] INFO  server.RaftServerConfigKeys (ConfUtils.java:logGet(43)) - raft.server.log.write.buffer.size = 33554432 (custom)
2019-10-04 23:31:52,147 [pool-439-thread-1] INFO  impl.RaftServerImpl (RaftServerImpl.java:start(181)) - 02a1544b-ccb9-470b-bb2f-bdb12f5ecb22@group-3029DAA38393: start as a follower, conf=-1: [f81be186-6bea-41b7-b784-bd173854311d:192.168.164.255:35621, 17fbe8f6-6b6a-4ab8-b8eb-a39a650135ba:192.168.164.255:37535, 02a1544b-ccb9-470b-bb2f-bdb12f5ecb22:192.168.164.255:46236], old=null
2019-10-04 23:31:52,147 [pool-449-thread-1] INFO  server.RaftServerConfigKeys (ConfUtils.java:logGet(43)) - raft.server.log.statemachine.data.sync.timeout = 10s (default)
2019-10-04 23:31:52,147 [pool-439-thread-1] INFO  impl.RaftServerImpl (RaftServerImpl.java:setRole(170)) - 02a1544b-ccb9-470b-bb2f-bdb12f5ecb22@group-3029DAA38393: changes role from      null to FOLLOWER at term 0 for startAsFollower
2019-10-04 23:31:52,147 [pool-459-thread-1] INFO  server.RaftServerConfigKeys (ConfUtils.java:logGet(43)) - raft.server.log.force.sync.num = 128 (default)
2019-10-04 23:31:52,147 [pool-439-thread-1] INFO  impl.RoleInfo (RoleInfo.java:updateAndGet(143)) - 02a1544b-ccb9-470b-bb2f-bdb12f5ecb22: start FollowerState
2019-10-04 23:31:52,147 [pool-449-thread-1] INFO  server.RaftServerConfigKeys (ConfUtils.java:logGet(43)) - raft.server.log.statemachine.data.sync.timeout.retry = -1 (default)
2019-10-04 23:31:52,147 [pool-439-thread-1] INFO  util.JmxRegister (JmxRegister.java:tryRegister(44)) - Successfully registered JMX Bean with object name Ratis:service=RaftServer,group=group-3029DAA38393,id=02a1544b-ccb9-470b-bb2f-bdb12f5ecb22
2019-10-04 23:31:52,147 [pool-459-thread-1] INFO  server.RaftServerConfigKeys (ConfUtils.java:logGet(43)) - raft.server.log.statemachine.data.sync = true (default)
2019-10-04 23:31:52,147 [pool-459-thread-1] INFO  server.RaftServerConfigKeys (ConfUtils.java:logGet(43)) - raft.server.log.statemachine.data.sync.timeout = 10s (default)
2019-10-04 23:31:52,148 [pool-449-thread-1] INFO  server.RaftServerConfigKeys (ConfUtils.java:logGet(43)) - raft.server.log.statemachine.data.caching.enabled = true (custom)
2019-10-04 23:31:52,148 [pool-459-thread-1] INFO  server.RaftServerConfigKeys (ConfUtils.java:logGet(43)) - raft.server.log.statemachine.data.sync.timeout.retry = -1 (default)
2019-10-04 23:31:52,148 [pool-449-thread-1] INFO  segmented.SegmentedRaftLogWorker (SegmentedRaftLogWorker.java:lambda$new$0(128)) - f81be186-6bea-41b7-b784-bd173854311d@group-3029DAA38393-SegmentedRaftLogWorker: flushIndex: setUnconditionally 0 -> -1
2019-10-04 23:31:52,148 [pool-459-thread-1] INFO  server.RaftServerConfigKeys (ConfUtils.java:logGet(43)) - raft.server.log.statemachine.data.caching.enabled = true (custom)
2019-10-04 23:31:52,148 [pool-449-thread-1] INFO  server.RaftServerConfigKeys (ConfUtils.java:logGet(43)) - raft.server.snapshot.auto.trigger.enabled = true (custom)
2019-10-04 23:31:52,148 [pool-459-thread-1] INFO  segmented.SegmentedRaftLogWorker (SegmentedRaftLogWorker.java:lambda$new$0(128)) - 17fbe8f6-6b6a-4ab8-b8eb-a39a650135ba@group-3029DAA38393-SegmentedRaftLogWorker: flushIndex: setUnconditionally 0 -> -1
2019-10-04 23:31:52,148 [pool-449-thread-1] INFO  server.RaftServerConfigKeys (ConfUtils.java:logGet(43)) - raft.server.snapshot.auto.trigger.threshold = 10000 (custom)
2019-10-04 23:31:52,149 [pool-449-thread-1] INFO  server.RaftServerConfigKeys (ConfUtils.java:logGet(43)) - raft.server.snapshot.retention.file.num = 5 (custom)
2019-10-04 23:31:52,149 [pool-459-thread-1] INFO  server.RaftServerConfigKeys (ConfUtils.java:logGet(43)) - raft.server.snapshot.auto.trigger.enabled = true (custom)
2019-10-04 23:31:52,149 [pool-449-thread-1] INFO  server.RaftServerConfigKeys (ConfUtils.java:logGet(43)) - raft.server.retrycache.expirytime = 600000ms (custom)
2019-10-04 23:31:52,149 [pool-459-thread-1] INFO  server.RaftServerConfigKeys (ConfUtils.java:logGet(43)) - raft.server.snapshot.auto.trigger.threshold = 10000 (custom)
2019-10-04 23:31:52,149 [pool-459-thread-1] INFO  server.RaftServerConfigKeys (ConfUtils.java:logGet(43)) - raft.server.snapshot.retention.file.num = 5 (custom)
2019-10-04 23:31:52,149 [pool-459-thread-1] INFO  server.RaftServerConfigKeys (ConfUtils.java:logGet(43)) - raft.server.retrycache.expirytime = 600000ms (custom)
2019-10-04 23:31:52,151 [pool-449-thread-1] INFO  impl.RaftServerImpl (RaftServerImpl.java:start(181)) - f81be186-6bea-41b7-b784-bd173854311d@group-3029DAA38393: start as a follower, conf=-1: [f81be186-6bea-41b7-b784-bd173854311d:192.168.164.255:35621, 17fbe8f6-6b6a-4ab8-b8eb-a39a650135ba:192.168.164.255:37535, 02a1544b-ccb9-470b-bb2f-bdb12f5ecb22:192.168.164.255:46236], old=null
2019-10-04 23:31:52,151 [pool-459-thread-1] INFO  impl.RaftServerImpl (RaftServerImpl.java:start(181)) - 17fbe8f6-6b6a-4ab8-b8eb-a39a650135ba@group-3029DAA38393: start as a follower, conf=-1: [f81be186-6bea-41b7-b784-bd173854311d:192.168.164.255:35621, 17fbe8f6-6b6a-4ab8-b8eb-a39a650135ba:192.168.164.255:37535, 02a1544b-ccb9-470b-bb2f-bdb12f5ecb22:192.168.164.255:46236], old=null
2019-10-04 23:31:52,152 [pool-449-thread-1] INFO  impl.RaftServerImpl (RaftServerImpl.java:setRole(170)) - f81be186-6bea-41b7-b784-bd173854311d@group-3029DAA38393: changes role from      null to FOLLOWER at term 0 for startAsFollower
2019-10-04 23:31:52,152 [pool-459-thread-1] INFO  impl.RaftServerImpl (RaftServerImpl.java:setRole(170)) - 17fbe8f6-6b6a-4ab8-b8eb-a39a650135ba@group-3029DAA38393: changes role from      null to FOLLOWER at term 0 for startAsFollower
2019-10-04 23:31:52,152 [pool-449-thread-1] INFO  impl.RoleInfo (RoleInfo.java:updateAndGet(143)) - f81be186-6bea-41b7-b784-bd173854311d: start FollowerState
2019-10-04 23:31:52,152 [pool-459-thread-1] INFO  impl.RoleInfo (RoleInfo.java:updateAndGet(143)) - 17fbe8f6-6b6a-4ab8-b8eb-a39a650135ba: start FollowerState
2019-10-04 23:31:52,152 [pool-449-thread-1] INFO  util.JmxRegister (JmxRegister.java:tryRegister(44)) - Successfully registered JMX Bean with object name Ratis:service=RaftServer,group=group-3029DAA38393,id=f81be186-6bea-41b7-b784-bd173854311d
2019-10-04 23:31:52,152 [pool-459-thread-1] INFO  util.JmxRegister (JmxRegister.java:tryRegister(44)) - Successfully registered JMX Bean with object name Ratis:service=RaftServer,group=group-3029DAA38393,id=17fbe8f6-6b6a-4ab8-b8eb-a39a650135ba
2019-10-04 23:31:52,157 [RatisPipelineUtilsThread] INFO  pipeline.PipelineStateManager (PipelineStateManager.java:addPipeline(56)) - Created pipeline Pipeline[ Id: 75ddeac6-da64-45f8-b9b2-3029daa38393, Nodes: 17fbe8f6-6b6a-4ab8-b8eb-a39a650135ba{ip: 192.168.164.255, host: pr-hdds-2181-c9q8w-3494937983, networkLocation: /default-rack, certSerialId: null}02a1544b-ccb9-470b-bb2f-bdb12f5ecb22{ip: 192.168.164.255, host: pr-hdds-2181-c9q8w-3494937983, networkLocation: /default-rack, certSerialId: null}f81be186-6bea-41b7-b784-bd173854311d{ip: 192.168.164.255, host: pr-hdds-2181-c9q8w-3494937983, networkLocation: /default-rack, certSerialId: null}, Type:RATIS, Factor:THREE, State:OPEN]
2019-10-04 23:31:52,164 [IPC Server handler 0 on 45145] INFO  net.NetworkTopology (NetworkTopologyImpl.java:add(111)) - Added a new node: /default-rack/9a2fad00-014f-467f-9958-2d1098537ab3
2019-10-04 23:31:52,165 [IPC Server handler 0 on 45145] INFO  node.SCMNodeManager (SCMNodeManager.java:register(268)) - Registered Data node : 9a2fad00-014f-467f-9958-2d1098537ab3{ip: 192.168.164.255, host: pr-hdds-2181-c9q8w-3494937983, networkLocation: /default-rack, certSerialId: null}
2019-10-04 23:31:52,169 [main] INFO  ozone.MiniOzoneClusterImpl (MiniOzoneClusterImpl.java:lambda$waitForClusterToBeReady$0(147)) - Cluster is ready. Got 7 of 7 DN Heartbeats.
2019-10-04 23:31:52,173 [grpc-default-executor-0] INFO  impl.RaftServerProxy (RaftServerProxy.java:addNew(89)) - 17fbe8f6-6b6a-4ab8-b8eb-a39a650135ba: addNew group-C7AAB3BA810D:[17fbe8f6-6b6a-4ab8-b8eb-a39a650135ba:192.168.164.255:37535] returns group-C7AAB3BA810D:java.util.concurrent.CompletableFuture@73c2a7af[Not completed]
2019-10-04 23:31:52,180 [pool-459-thread-1] INFO  impl.RaftServerImpl (RaftServerImpl.java:<init>(95)) - 17fbe8f6-6b6a-4ab8-b8eb-a39a650135ba: new RaftServerImpl for group-C7AAB3BA810D:[17fbe8f6-6b6a-4ab8-b8eb-a39a650135ba:192.168.164.255:37535] with ContainerStateMachine:uninitialized
2019-10-04 23:31:52,180 [pool-459-thread-1] INFO  server.RaftServerConfigKeys (ConfUtils.java:logGet(43)) - raft.server.rpc.timeout.min = 5s (custom)
2019-10-04 23:31:52,180 [pool-459-thread-1] INFO  server.RaftServerConfigKeys (ConfUtils.java:logGet(43)) - raft.server.rpc.timeout.max = 5200ms (custom)
2019-10-04 23:31:52,180 [pool-459-thread-1] INFO  server.RaftServerConfigKeys (ConfUtils.java:logGet(43)) - raft.server.rpcslowness.timeout = 120s (custom)
2019-10-04 23:31:52,180 [pool-459-thread-1] INFO  server.RaftServerConfigKeys (ConfUtils.java:logGet(43)) - raft.server.sleep.deviation.threshold = 300 (default)
2019-10-04 23:31:52,181 [pool-459-thread-1] INFO  server.RaftServerConfigKeys (ConfUtils.java:logGet(43)) - raft.server.log.appender.install.snapshot.enabled = false (custom)
2019-10-04 23:31:52,181 [pool-459-thread-1] INFO  impl.RaftServerImpl (ServerState.java:<init>(103)) - 17fbe8f6-6b6a-4ab8-b8eb-a39a650135ba@group-C7AAB3BA810D: ConfigurationManager, init=-1: [17fbe8f6-6b6a-4ab8-b8eb-a39a650135ba:192.168.164.255:37535], old=null, confs=<EMPTY_MAP>
2019-10-04 23:31:52,181 [pool-459-thread-1] INFO  server.RaftServerConfigKeys (ConfUtils.java:logGet(43)) - raft.server.storage.dir = [/workdir/hadoop-ozone/integration-test/target/test-dir/MiniOzoneClusterImpl-77a65601-66c2-44da-9914-8a9405cf73ea/datanode-5/data/ratis] (custom)
2019-10-04 23:31:52,181 [pool-459-thread-1] INFO  server.RaftServerConfigKeys (ConfUtils.java:logGet(43)) - raft.server.log.corruption.policy = EXCEPTION (default)
2019-10-04 23:31:52,181 [pool-459-thread-1] INFO  storage.RaftStorageDirectory (RaftStorageDirectory.java:analyzeStorage(246)) - The storage directory /workdir/hadoop-ozone/integration-test/target/test-dir/MiniOzoneClusterImpl-77a65601-66c2-44da-9914-8a9405cf73ea/datanode-5/data/ratis/f7ef4802-3c8a-442b-afc4-c7aab3ba810d does not exist. Creating ...
2019-10-04 23:31:52,202 [pool-459-thread-1] INFO  storage.RaftStorageDirectory (RaftStorageDirectory.java:tryLock(328)) - Lock on /workdir/hadoop-ozone/integration-test/target/test-dir/MiniOzoneClusterImpl-77a65601-66c2-44da-9914-8a9405cf73ea/datanode-5/data/ratis/f7ef4802-3c8a-442b-afc4-c7aab3ba810d/in_use.lock acquired by nodename 12688@pr-hdds-2181-c9q8w-3494937983
2019-10-04 23:31:52,209 [main] INFO  rpc.RpcClient (RpcClient.java:createVolume(277)) - Creating Volume: testblockoutputstream, with jenkins1000 as owner.
2019-10-04 23:31:52,213 [IPC Server handler 4 on 42753] INFO  volume.OMVolumeCreateRequest (OMVolumeCreateRequest.java:validateAndUpdateCache(193)) - created volume:testblockoutputstream for user:jenkins1000
2019-10-04 23:31:52,214 [pool-459-thread-1] INFO  storage.RaftStorage (RaftStorage.java:format(84)) - Storage directory /workdir/hadoop-ozone/integration-test/target/test-dir/MiniOzoneClusterImpl-77a65601-66c2-44da-9914-8a9405cf73ea/datanode-5/data/ratis/f7ef4802-3c8a-442b-afc4-c7aab3ba810d has been successfully formatted.
2019-10-04 23:31:52,215 [pool-459-thread-1] INFO  ratis.ContainerStateMachine (ContainerStateMachine.java:loadSnapshot(230)) - group-C7AAB3BA810D: The snapshot info is null. Setting the last applied indexto:(t:0, i:~)
2019-10-04 23:31:52,215 [pool-459-thread-1] INFO  server.RaftServerConfigKeys (ConfUtils.java:logGet(43)) - raft.server.notification.no-leader.timeout = 120s (custom)
2019-10-04 23:31:52,215 [pool-459-thread-1] INFO  server.RaftServerConfigKeys (ConfUtils.java:logGet(43)) - raft.server.log.use.memory = false (default)
2019-10-04 23:31:52,217 [pool-459-thread-1] INFO  server.RaftServerConfigKeys (ConfUtils.java:logGet(43)) - raft.server.log.purge.gap = 1000000 (custom)
2019-10-04 23:31:52,218 [pool-459-thread-1] INFO  server.RaftServerConfigKeys (ConfUtils.java:logGet(43)) - raft.server.log.appender.buffer.byte-limit = 33554432 (custom)
2019-10-04 23:31:52,218 [pool-459-thread-1] INFO  server.RaftServerConfigKeys (ConfUtils.java:logGet(43)) - raft.server.log.segment.size.max = 1048576 (custom)
2019-10-04 23:31:52,218 [pool-459-thread-1] INFO  server.RaftServerConfigKeys (ConfUtils.java:logGet(43)) - raft.server.log.segment.cache.num.max = 2 (custom)
2019-10-04 23:31:52,218 [pool-459-thread-1] INFO  segmented.SegmentedRaftLogWorker (SegmentedRaftLogWorker.java:<init>(173)) - new 17fbe8f6-6b6a-4ab8-b8eb-a39a650135ba@group-C7AAB3BA810D-SegmentedRaftLogWorker for RaftStorage:Storage Directory /workdir/hadoop-ozone/integration-test/target/test-dir/MiniOzoneClusterImpl-77a65601-66c2-44da-9914-8a9405cf73ea/datanode-5/data/ratis/f7ef4802-3c8a-442b-afc4-c7aab3ba810d
2019-10-04 23:31:52,218 [pool-459-thread-1] INFO  server.RaftServerConfigKeys (ConfUtils.java:logGet(43)) - raft.server.log.queue.byte-limit = 2147483647 (custom)
2019-10-04 23:31:52,225 [pool-459-thread-1] INFO  server.RaftServerConfigKeys (ConfUtils.java:logGet(43)) - raft.server.log.queue.element-limit = 1024 (custom)
2019-10-04 23:31:52,225 [pool-459-thread-1] INFO  server.RaftServerConfigKeys (ConfUtils.java:logGet(43)) - raft.server.log.segment.size.max = 1048576 (custom)
2019-10-04 23:31:52,225 [pool-459-thread-1] INFO  server.RaftServerConfigKeys (ConfUtils.java:logGet(43)) - raft.server.log.preallocated.size = 16384 (custom)
2019-10-04 23:31:52,226 [pool-459-thread-1] INFO  server.RaftServerConfigKeys (ConfUtils.java:logGet(43)) - raft.server.log.write.buffer.size = 33554432 (custom)
2019-10-04 23:31:52,226 [pool-459-thread-1] INFO  server.RaftServerConfigKeys (ConfUtils.java:logGet(43)) - raft.server.log.force.sync.num = 128 (default)
2019-10-04 23:31:52,226 [main] INFO  rpc.RpcClient (RpcClient.java:createBucket(416)) - Creating Bucket: testblockoutputstream/testblockoutputstream, with Versioning false and Storage Type set to DISK and Encryption set to false 
2019-10-04 23:31:52,226 [pool-459-thread-1] INFO  server.RaftServerConfigKeys (ConfUtils.java:logGet(43)) - raft.server.log.statemachine.data.sync = true (default)
2019-10-04 23:31:52,226 [pool-459-thread-1] INFO  server.RaftServerConfigKeys (ConfUtils.java:logGet(43)) - raft.server.log.statemachine.data.sync.timeout = 10s (default)
2019-10-04 23:31:52,226 [pool-459-thread-1] INFO  server.RaftServerConfigKeys (ConfUtils.java:logGet(43)) - raft.server.log.statemachine.data.sync.timeout.retry = -1 (default)
2019-10-04 23:31:52,227 [pool-459-thread-1] INFO  server.RaftServerConfigKeys (ConfUtils.java:logGet(43)) - raft.server.log.statemachine.data.caching.enabled = true (custom)
2019-10-04 23:31:52,227 [pool-459-thread-1] INFO  segmented.SegmentedRaftLogWorker (SegmentedRaftLogWorker.java:lambda$new$0(128)) - 17fbe8f6-6b6a-4ab8-b8eb-a39a650135ba@group-C7AAB3BA810D-SegmentedRaftLogWorker: flushIndex: setUnconditionally 0 -> -1
2019-10-04 23:31:52,227 [pool-459-thread-1] INFO  server.RaftServerConfigKeys (ConfUtils.java:logGet(43)) - raft.server.snapshot.auto.trigger.enabled = true (custom)
2019-10-04 23:31:52,227 [pool-459-thread-1] INFO  server.RaftServerConfigKeys (ConfUtils.java:logGet(43)) - raft.server.snapshot.auto.trigger.threshold = 10000 (custom)
2019-10-04 23:31:52,227 [pool-459-thread-1] INFO  server.RaftServerConfigKeys (ConfUtils.java:logGet(43)) - raft.server.snapshot.retention.file.num = 5 (custom)
2019-10-04 23:31:52,228 [pool-459-thread-1] INFO  server.RaftServerConfigKeys (ConfUtils.java:logGet(43)) - raft.server.retrycache.expirytime = 600000ms (custom)
2019-10-04 23:31:52,231 [pool-459-thread-1] INFO  impl.RaftServerImpl (RaftServerImpl.java:start(181)) - 17fbe8f6-6b6a-4ab8-b8eb-a39a650135ba@group-C7AAB3BA810D: start as a follower, conf=-1: [17fbe8f6-6b6a-4ab8-b8eb-a39a650135ba:192.168.164.255:37535], old=null
2019-10-04 23:31:52,231 [pool-459-thread-1] INFO  impl.RaftServerImpl (RaftServerImpl.java:setRole(170)) - 17fbe8f6-6b6a-4ab8-b8eb-a39a650135ba@group-C7AAB3BA810D: changes role from      null to FOLLOWER at term 0 for startAsFollower
2019-10-04 23:31:52,231 [pool-459-thread-1] INFO  impl.RoleInfo (RoleInfo.java:updateAndGet(143)) - 17fbe8f6-6b6a-4ab8-b8eb-a39a650135ba: start FollowerState
2019-10-04 23:31:52,231 [pool-459-thread-1] INFO  util.JmxRegister (JmxRegister.java:tryRegister(44)) - Successfully registered JMX Bean with object name Ratis:service=RaftServer,group=group-C7AAB3BA810D,id=17fbe8f6-6b6a-4ab8-b8eb-a39a650135ba
2019-10-04 23:31:52,234 [RatisPipelineUtilsThread] INFO  pipeline.PipelineStateManager (PipelineStateManager.java:addPipeline(56)) - Created pipeline Pipeline[ Id: f7ef4802-3c8a-442b-afc4-c7aab3ba810d, Nodes: 17fbe8f6-6b6a-4ab8-b8eb-a39a650135ba{ip: 192.168.164.255, host: pr-hdds-2181-c9q8w-3494937983, networkLocation: /default-rack, certSerialId: null}, Type:RATIS, Factor:ONE, State:OPEN]
2019-10-04 23:31:52,241 [grpc-default-executor-0] INFO  impl.RaftServerProxy (RaftServerProxy.java:addNew(89)) - 9a2fad00-014f-467f-9958-2d1098537ab3: addNew group-58B60CDED015:[9a2fad00-014f-467f-9958-2d1098537ab3:192.168.164.255:42860] returns group-58B60CDED015:java.util.concurrent.CompletableFuture@37b559ed[Not completed]
2019-10-04 23:31:52,242 [pool-469-thread-1] INFO  impl.RaftServerImpl (RaftServerImpl.java:<init>(95)) - 9a2fad00-014f-467f-9958-2d1098537ab3: new RaftServerImpl for group-58B60CDED015:[9a2fad00-014f-467f-9958-2d1098537ab3:192.168.164.255:42860] with ContainerStateMachine:uninitialized
2019-10-04 23:31:52,242 [pool-469-thread-1] INFO  server.RaftServerConfigKeys (ConfUtils.java:logGet(43)) - raft.server.rpc.timeout.min = 5s (custom)
2019-10-04 23:31:52,242 [pool-469-thread-1] INFO  server.RaftServerConfigKeys (ConfUtils.java:logGet(43)) - raft.server.rpc.timeout.max = 5200ms (custom)
2019-10-04 23:31:52,242 [pool-469-thread-1] INFO  server.RaftServerConfigKeys (ConfUtils.java:logGet(43)) - raft.server.rpcslowness.timeout = 120s (custom)
2019-10-04 23:31:52,242 [pool-469-thread-1] INFO  server.RaftServerConfigKeys (ConfUtils.java:logGet(43)) - raft.server.sleep.deviation.threshold = 300 (default)
2019-10-04 23:31:52,242 [pool-469-thread-1] INFO  server.RaftServerConfigKeys (ConfUtils.java:logGet(43)) - raft.server.log.appender.install.snapshot.enabled = false (custom)
2019-10-04 23:31:52,243 [pool-469-thread-1] INFO  impl.RaftServerImpl (ServerState.java:<init>(103)) - 9a2fad00-014f-467f-9958-2d1098537ab3@group-58B60CDED015: ConfigurationManager, init=-1: [9a2fad00-014f-467f-9958-2d1098537ab3:192.168.164.255:42860], old=null, confs=<EMPTY_MAP>
2019-10-04 23:31:52,243 [pool-469-thread-1] INFO  server.RaftServerConfigKeys (ConfUtils.java:logGet(43)) - raft.server.storage.dir = [/workdir/hadoop-ozone/integration-test/target/test-dir/MiniOzoneClusterImpl-77a65601-66c2-44da-9914-8a9405cf73ea/datanode-6/data/ratis] (custom)
2019-10-04 23:31:52,243 [pool-469-thread-1] INFO  server.RaftServerConfigKeys (ConfUtils.java:logGet(43)) - raft.server.log.corruption.policy = EXCEPTION (default)
2019-10-04 23:31:52,243 [pool-469-thread-1] INFO  storage.RaftStorageDirectory (RaftStorageDirectory.java:analyzeStorage(246)) - The storage directory /workdir/hadoop-ozone/integration-test/target/test-dir/MiniOzoneClusterImpl-77a65601-66c2-44da-9914-8a9405cf73ea/datanode-6/data/ratis/06ab485a-d9b1-4627-9fc0-58b60cded015 does not exist. Creating ...
2019-10-04 23:31:52,256 [pool-469-thread-1] INFO  storage.RaftStorageDirectory (RaftStorageDirectory.java:tryLock(328)) - Lock on /workdir/hadoop-ozone/integration-test/target/test-dir/MiniOzoneClusterImpl-77a65601-66c2-44da-9914-8a9405cf73ea/datanode-6/data/ratis/06ab485a-d9b1-4627-9fc0-58b60cded015/in_use.lock acquired by nodename 12688@pr-hdds-2181-c9q8w-3494937983
2019-10-04 23:31:52,270 [pool-469-thread-1] INFO  storage.RaftStorage (RaftStorage.java:format(84)) - Storage directory /workdir/hadoop-ozone/integration-test/target/test-dir/MiniOzoneClusterImpl-77a65601-66c2-44da-9914-8a9405cf73ea/datanode-6/data/ratis/06ab485a-d9b1-4627-9fc0-58b60cded015 has been successfully formatted.
2019-10-04 23:31:52,270 [pool-469-thread-1] INFO  ratis.ContainerStateMachine (ContainerStateMachine.java:loadSnapshot(230)) - group-58B60CDED015: The snapshot info is null. Setting the last applied indexto:(t:0, i:~)
2019-10-04 23:31:52,270 [pool-469-thread-1] INFO  server.RaftServerConfigKeys (ConfUtils.java:logGet(43)) - raft.server.notification.no-leader.timeout = 120s (custom)
2019-10-04 23:31:52,270 [pool-469-thread-1] INFO  server.RaftServerConfigKeys (ConfUtils.java:logGet(43)) - raft.server.log.use.memory = false (default)
2019-10-04 23:31:52,270 [pool-469-thread-1] INFO  server.RaftServerConfigKeys (ConfUtils.java:logGet(43)) - raft.server.log.purge.gap = 1000000 (custom)
2019-10-04 23:31:52,271 [pool-469-thread-1] INFO  server.RaftServerConfigKeys (ConfUtils.java:logGet(43)) - raft.server.log.appender.buffer.byte-limit = 33554432 (custom)
2019-10-04 23:31:52,271 [pool-469-thread-1] INFO  server.RaftServerConfigKeys (ConfUtils.java:logGet(43)) - raft.server.log.segment.size.max = 1048576 (custom)
2019-10-04 23:31:52,272 [pool-469-thread-1] INFO  server.RaftServerConfigKeys (ConfUtils.java:logGet(43)) - raft.server.log.segment.cache.num.max = 2 (custom)
2019-10-04 23:31:52,272 [pool-469-thread-1] INFO  segmented.SegmentedRaftLogWorker (SegmentedRaftLogWorker.java:<init>(173)) - new 9a2fad00-014f-467f-9958-2d1098537ab3@group-58B60CDED015-SegmentedRaftLogWorker for RaftStorage:Storage Directory /workdir/hadoop-ozone/integration-test/target/test-dir/MiniOzoneClusterImpl-77a65601-66c2-44da-9914-8a9405cf73ea/datanode-6/data/ratis/06ab485a-d9b1-4627-9fc0-58b60cded015
2019-10-04 23:31:52,272 [pool-469-thread-1] INFO  server.RaftServerConfigKeys (ConfUtils.java:logGet(43)) - raft.server.log.queue.byte-limit = 2147483647 (custom)
2019-10-04 23:31:52,272 [pool-469-thread-1] INFO  server.RaftServerConfigKeys (ConfUtils.java:logGet(43)) - raft.server.log.queue.element-limit = 1024 (custom)
2019-10-04 23:31:52,272 [pool-469-thread-1] INFO  server.RaftServerConfigKeys (ConfUtils.java:logGet(43)) - raft.server.log.segment.size.max = 1048576 (custom)
2019-10-04 23:31:52,272 [pool-469-thread-1] INFO  server.RaftServerConfigKeys (ConfUtils.java:logGet(43)) - raft.server.log.preallocated.size = 16384 (custom)
2019-10-04 23:31:52,272 [pool-469-thread-1] INFO  server.RaftServerConfigKeys (ConfUtils.java:logGet(43)) - raft.server.log.write.buffer.size = 33554432 (custom)
2019-10-04 23:31:52,273 [pool-469-thread-1] INFO  server.RaftServerConfigKeys (ConfUtils.java:logGet(43)) - raft.server.log.force.sync.num = 128 (default)
2019-10-04 23:31:52,273 [pool-469-thread-1] INFO  server.RaftServerConfigKeys (ConfUtils.java:logGet(43)) - raft.server.log.statemachine.data.sync = true (default)
2019-10-04 23:31:52,273 [pool-469-thread-1] INFO  server.RaftServerConfigKeys (ConfUtils.java:logGet(43)) - raft.server.log.statemachine.data.sync.timeout = 10s (default)
2019-10-04 23:31:52,273 [pool-469-thread-1] INFO  server.RaftServerConfigKeys (ConfUtils.java:logGet(43)) - raft.server.log.statemachine.data.sync.timeout.retry = -1 (default)
2019-10-04 23:31:52,273 [pool-469-thread-1] INFO  server.RaftServerConfigKeys (ConfUtils.java:logGet(43)) - raft.server.log.statemachine.data.caching.enabled = true (custom)
2019-10-04 23:31:52,273 [pool-469-thread-1] INFO  segmented.SegmentedRaftLogWorker (SegmentedRaftLogWorker.java:lambda$new$0(128)) - 9a2fad00-014f-467f-9958-2d1098537ab3@group-58B60CDED015-SegmentedRaftLogWorker: flushIndex: setUnconditionally 0 -> -1
2019-10-04 23:31:52,274 [pool-469-thread-1] INFO  server.RaftServerConfigKeys (ConfUtils.java:logGet(43)) - raft.server.snapshot.auto.trigger.enabled = true (custom)
2019-10-04 23:31:52,274 [pool-469-thread-1] INFO  server.RaftServerConfigKeys (ConfUtils.java:logGet(43)) - raft.server.snapshot.auto.trigger.threshold = 10000 (custom)
2019-10-04 23:31:52,274 [pool-469-thread-1] INFO  server.RaftServerConfigKeys (ConfUtils.java:logGet(43)) - raft.server.snapshot.retention.file.num = 5 (custom)
2019-10-04 23:31:52,274 [pool-469-thread-1] INFO  server.RaftServerConfigKeys (ConfUtils.java:logGet(43)) - raft.server.retrycache.expirytime = 600000ms (custom)
2019-10-04 23:31:52,275 [pool-469-thread-1] INFO  impl.RaftServerImpl (RaftServerImpl.java:start(181)) - 9a2fad00-014f-467f-9958-2d1098537ab3@group-58B60CDED015: start as a follower, conf=-1: [9a2fad00-014f-467f-9958-2d1098537ab3:192.168.164.255:42860], old=null
2019-10-04 23:31:52,275 [pool-469-thread-1] INFO  impl.RaftServerImpl (RaftServerImpl.java:setRole(170)) - 9a2fad00-014f-467f-9958-2d1098537ab3@group-58B60CDED015: changes role from      null to FOLLOWER at term 0 for startAsFollower
2019-10-04 23:31:52,275 [pool-469-thread-1] INFO  impl.RoleInfo (RoleInfo.java:updateAndGet(143)) - 9a2fad00-014f-467f-9958-2d1098537ab3: start FollowerState
2019-10-04 23:31:52,276 [pool-469-thread-1] INFO  util.JmxRegister (JmxRegister.java:tryRegister(44)) - Successfully registered JMX Bean with object name Ratis:service=RaftServer,group=group-58B60CDED015,id=9a2fad00-014f-467f-9958-2d1098537ab3
2019-10-04 23:31:52,279 [RatisPipelineUtilsThread] INFO  pipeline.PipelineStateManager (PipelineStateManager.java:addPipeline(56)) - Created pipeline Pipeline[ Id: 06ab485a-d9b1-4627-9fc0-58b60cded015, Nodes: 9a2fad00-014f-467f-9958-2d1098537ab3{ip: 192.168.164.255, host: pr-hdds-2181-c9q8w-3494937983, networkLocation: /default-rack, certSerialId: null}, Type:RATIS, Factor:ONE, State:OPEN]
2019-10-04 23:31:52,290 [grpc-default-executor-0] INFO  impl.RaftServerProxy (RaftServerProxy.java:addNew(89)) - f81be186-6bea-41b7-b784-bd173854311d: addNew group-4C4A26244BEA:[f81be186-6bea-41b7-b784-bd173854311d:192.168.164.255:35621] returns group-4C4A26244BEA:java.util.concurrent.CompletableFuture@77144e43[Not completed]
2019-10-04 23:31:52,291 [pool-449-thread-1] INFO  impl.RaftServerImpl (RaftServerImpl.java:<init>(95)) - f81be186-6bea-41b7-b784-bd173854311d: new RaftServerImpl for group-4C4A26244BEA:[f81be186-6bea-41b7-b784-bd173854311d:192.168.164.255:35621] with ContainerStateMachine:uninitialized
2019-10-04 23:31:52,291 [pool-449-thread-1] INFO  server.RaftServerConfigKeys (ConfUtils.java:logGet(43)) - raft.server.rpc.timeout.min = 5s (custom)
2019-10-04 23:31:52,291 [pool-449-thread-1] INFO  server.RaftServerConfigKeys (ConfUtils.java:logGet(43)) - raft.server.rpc.timeout.max = 5200ms (custom)
2019-10-04 23:31:52,291 [pool-449-thread-1] INFO  server.RaftServerConfigKeys (ConfUtils.java:logGet(43)) - raft.server.rpcslowness.timeout = 120s (custom)
2019-10-04 23:31:52,292 [pool-449-thread-1] INFO  server.RaftServerConfigKeys (ConfUtils.java:logGet(43)) - raft.server.sleep.deviation.threshold = 300 (default)
2019-10-04 23:31:52,292 [pool-449-thread-1] INFO  server.RaftServerConfigKeys (ConfUtils.java:logGet(43)) - raft.server.log.appender.install.snapshot.enabled = false (custom)
2019-10-04 23:31:52,292 [pool-449-thread-1] INFO  impl.RaftServerImpl (ServerState.java:<init>(103)) - f81be186-6bea-41b7-b784-bd173854311d@group-4C4A26244BEA: ConfigurationManager, init=-1: [f81be186-6bea-41b7-b784-bd173854311d:192.168.164.255:35621], old=null, confs=<EMPTY_MAP>
2019-10-04 23:31:52,292 [pool-449-thread-1] INFO  server.RaftServerConfigKeys (ConfUtils.java:logGet(43)) - raft.server.storage.dir = [/workdir/hadoop-ozone/integration-test/target/test-dir/MiniOzoneClusterImpl-77a65601-66c2-44da-9914-8a9405cf73ea/datanode-4/data/ratis] (custom)
2019-10-04 23:31:52,292 [pool-449-thread-1] INFO  server.RaftServerConfigKeys (ConfUtils.java:logGet(43)) - raft.server.log.corruption.policy = EXCEPTION (default)
2019-10-04 23:31:52,292 [pool-449-thread-1] INFO  storage.RaftStorageDirectory (RaftStorageDirectory.java:analyzeStorage(246)) - The storage directory /workdir/hadoop-ozone/integration-test/target/test-dir/MiniOzoneClusterImpl-77a65601-66c2-44da-9914-8a9405cf73ea/datanode-4/data/ratis/aa67d5c7-b597-4579-b0c4-4c4a26244bea does not exist. Creating ...
2019-10-04 23:31:52,305 [pool-449-thread-1] INFO  storage.RaftStorageDirectory (RaftStorageDirectory.java:tryLock(328)) - Lock on /workdir/hadoop-ozone/integration-test/target/test-dir/MiniOzoneClusterImpl-77a65601-66c2-44da-9914-8a9405cf73ea/datanode-4/data/ratis/aa67d5c7-b597-4579-b0c4-4c4a26244bea/in_use.lock acquired by nodename 12688@pr-hdds-2181-c9q8w-3494937983
2019-10-04 23:31:52,318 [pool-449-thread-1] INFO  storage.RaftStorage (RaftStorage.java:format(84)) - Storage directory /workdir/hadoop-ozone/integration-test/target/test-dir/MiniOzoneClusterImpl-77a65601-66c2-44da-9914-8a9405cf73ea/datanode-4/data/ratis/aa67d5c7-b597-4579-b0c4-4c4a26244bea has been successfully formatted.
2019-10-04 23:31:52,319 [pool-449-thread-1] INFO  ratis.ContainerStateMachine (ContainerStateMachine.java:loadSnapshot(230)) - group-4C4A26244BEA: The snapshot info is null. Setting the last applied indexto:(t:0, i:~)
2019-10-04 23:31:52,319 [pool-449-thread-1] INFO  server.RaftServerConfigKeys (ConfUtils.java:logGet(43)) - raft.server.notification.no-leader.timeout = 120s (custom)
2019-10-04 23:31:52,319 [pool-449-thread-1] INFO  server.RaftServerConfigKeys (ConfUtils.java:logGet(43)) - raft.server.log.use.memory = false (default)
2019-10-04 23:31:52,319 [pool-449-thread-1] INFO  server.RaftServerConfigKeys (ConfUtils.java:logGet(43)) - raft.server.log.purge.gap = 1000000 (custom)
2019-10-04 23:31:52,319 [pool-449-thread-1] INFO  server.RaftServerConfigKeys (ConfUtils.java:logGet(43)) - raft.server.log.appender.buffer.byte-limit = 33554432 (custom)
2019-10-04 23:31:52,319 [pool-449-thread-1] INFO  server.RaftServerConfigKeys (ConfUtils.java:logGet(43)) - raft.server.log.segment.size.max = 1048576 (custom)
2019-10-04 23:31:52,319 [pool-449-thread-1] INFO  server.RaftServerConfigKeys (ConfUtils.java:logGet(43)) - raft.server.log.segment.cache.num.max = 2 (custom)
2019-10-04 23:31:52,319 [pool-449-thread-1] INFO  segmented.SegmentedRaftLogWorker (SegmentedRaftLogWorker.java:<init>(173)) - new f81be186-6bea-41b7-b784-bd173854311d@group-4C4A26244BEA-SegmentedRaftLogWorker for RaftStorage:Storage Directory /workdir/hadoop-ozone/integration-test/target/test-dir/MiniOzoneClusterImpl-77a65601-66c2-44da-9914-8a9405cf73ea/datanode-4/data/ratis/aa67d5c7-b597-4579-b0c4-4c4a26244bea
2019-10-04 23:31:52,320 [pool-449-thread-1] INFO  server.RaftServerConfigKeys (ConfUtils.java:logGet(43)) - raft.server.log.queue.byte-limit = 2147483647 (custom)
2019-10-04 23:31:52,320 [pool-449-thread-1] INFO  server.RaftServerConfigKeys (ConfUtils.java:logGet(43)) - raft.server.log.queue.element-limit = 1024 (custom)
2019-10-04 23:31:52,320 [pool-449-thread-1] INFO  server.RaftServerConfigKeys (ConfUtils.java:logGet(43)) - raft.server.log.segment.size.max = 1048576 (custom)
2019-10-04 23:31:52,320 [pool-449-thread-1] INFO  server.RaftServerConfigKeys (ConfUtils.java:logGet(43)) - raft.server.log.preallocated.size = 16384 (custom)
2019-10-04 23:31:52,320 [pool-449-thread-1] INFO  server.RaftServerConfigKeys (ConfUtils.java:logGet(43)) - raft.server.log.write.buffer.size = 33554432 (custom)
2019-10-04 23:31:52,320 [pool-449-thread-1] INFO  server.RaftServerConfigKeys (ConfUtils.java:logGet(43)) - raft.server.log.force.sync.num = 128 (default)
2019-10-04 23:31:52,320 [pool-449-thread-1] INFO  server.RaftServerConfigKeys (ConfUtils.java:logGet(43)) - raft.server.log.statemachine.data.sync = true (default)
2019-10-04 23:31:52,320 [pool-449-thread-1] INFO  server.RaftServerConfigKeys (ConfUtils.java:logGet(43)) - raft.server.log.statemachine.data.sync.timeout = 10s (default)
2019-10-04 23:31:52,321 [pool-449-thread-1] INFO  server.RaftServerConfigKeys (ConfUtils.java:logGet(43)) - raft.server.log.statemachine.data.sync.timeout.retry = -1 (default)
2019-10-04 23:31:52,321 [pool-449-thread-1] INFO  server.RaftServerConfigKeys (ConfUtils.java:logGet(43)) - raft.server.log.statemachine.data.caching.enabled = true (custom)
2019-10-04 23:31:52,321 [pool-449-thread-1] INFO  segmented.SegmentedRaftLogWorker (SegmentedRaftLogWorker.java:lambda$new$0(128)) - f81be186-6bea-41b7-b784-bd173854311d@group-4C4A26244BEA-SegmentedRaftLogWorker: flushIndex: setUnconditionally 0 -> -1
2019-10-04 23:31:52,321 [pool-449-thread-1] INFO  server.RaftServerConfigKeys (ConfUtils.java:logGet(43)) - raft.server.snapshot.auto.trigger.enabled = true (custom)
2019-10-04 23:31:52,321 [pool-449-thread-1] INFO  server.RaftServerConfigKeys (ConfUtils.java:logGet(43)) - raft.server.snapshot.auto.trigger.threshold = 10000 (custom)
2019-10-04 23:31:52,321 [pool-449-thread-1] INFO  server.RaftServerConfigKeys (ConfUtils.java:logGet(43)) - raft.server.snapshot.retention.file.num = 5 (custom)
2019-10-04 23:31:52,322 [pool-449-thread-1] INFO  server.RaftServerConfigKeys (ConfUtils.java:logGet(43)) - raft.server.retrycache.expirytime = 600000ms (custom)
2019-10-04 23:31:52,323 [pool-449-thread-1] INFO  impl.RaftServerImpl (RaftServerImpl.java:start(181)) - f81be186-6bea-41b7-b784-bd173854311d@group-4C4A26244BEA: start as a follower, conf=-1: [f81be186-6bea-41b7-b784-bd173854311d:192.168.164.255:35621], old=null
2019-10-04 23:31:52,323 [pool-449-thread-1] INFO  impl.RaftServerImpl (RaftServerImpl.java:setRole(170)) - f81be186-6bea-41b7-b784-bd173854311d@group-4C4A26244BEA: changes role from      null to FOLLOWER at term 0 for startAsFollower
2019-10-04 23:31:52,323 [pool-449-thread-1] INFO  impl.RoleInfo (RoleInfo.java:updateAndGet(143)) - f81be186-6bea-41b7-b784-bd173854311d: start FollowerState
2019-10-04 23:31:52,323 [pool-449-thread-1] INFO  util.JmxRegister (JmxRegister.java:tryRegister(44)) - Successfully registered JMX Bean with object name Ratis:service=RaftServer,group=group-4C4A26244BEA,id=f81be186-6bea-41b7-b784-bd173854311d
2019-10-04 23:31:52,326 [RatisPipelineUtilsThread] INFO  pipeline.PipelineStateManager (PipelineStateManager.java:addPipeline(56)) - Created pipeline Pipeline[ Id: aa67d5c7-b597-4579-b0c4-4c4a26244bea, Nodes: f81be186-6bea-41b7-b784-bd173854311d{ip: 192.168.164.255, host: pr-hdds-2181-c9q8w-3494937983, networkLocation: /default-rack, certSerialId: null}, Type:RATIS, Factor:ONE, State:OPEN]
2019-10-04 23:31:54,738 [Thread-3081] INFO  container.ReplicationManager (ReplicationManager.java:start(162)) - Starting Replication Monitor Thread.
2019-10-04 23:31:54,741 [ReplicationMonitor] INFO  container.ReplicationManager (ReplicationManager.java:run(225)) - Replication Monitor Thread took 0 milliseconds for processing 1 containers.
2019-10-04 23:31:56,870 [Thread-3083] INFO  impl.FollowerState (FollowerState.java:run(108)) - 8080f05d-3e78-47ef-93cd-5617c0c0c969@group-14355648759F-FollowerState: change to CANDIDATE, lastRpcTime:5083ms, electionTimeout:5083ms
2019-10-04 23:31:56,870 [Thread-3083] INFO  impl.RoleInfo (RoleInfo.java:shutdownFollowerState(121)) - 8080f05d-3e78-47ef-93cd-5617c0c0c969: shutdown FollowerState
2019-10-04 23:31:56,871 [Thread-3083] INFO  impl.RaftServerImpl (RaftServerImpl.java:setRole(170)) - 8080f05d-3e78-47ef-93cd-5617c0c0c969@group-14355648759F: changes role from  FOLLOWER to CANDIDATE at term 0 for changeToCandidate
2019-10-04 23:31:56,871 [Thread-3083] INFO  impl.RoleInfo (RoleInfo.java:updateAndGet(143)) - 8080f05d-3e78-47ef-93cd-5617c0c0c969: start LeaderElection
2019-10-04 23:31:56,901 [8080f05d-3e78-47ef-93cd-5617c0c0c969@group-14355648759F-LeaderElection67] INFO  impl.LeaderElection (LeaderElection.java:askForVotes(178)) - 8080f05d-3e78-47ef-93cd-5617c0c0c969@group-14355648759F-LeaderElection67: begin an election at term 1 for -1: [8080f05d-3e78-47ef-93cd-5617c0c0c969:192.168.164.255:39016], old=null
2019-10-04 23:31:56,901 [8080f05d-3e78-47ef-93cd-5617c0c0c969@group-14355648759F-LeaderElection67] INFO  impl.RoleInfo (RoleInfo.java:shutdownLeaderElection(134)) - 8080f05d-3e78-47ef-93cd-5617c0c0c969: shutdown LeaderElection
2019-10-04 23:31:56,901 [8080f05d-3e78-47ef-93cd-5617c0c0c969@group-14355648759F-LeaderElection67] INFO  impl.RaftServerImpl (RaftServerImpl.java:setRole(170)) - 8080f05d-3e78-47ef-93cd-5617c0c0c969@group-14355648759F: changes role from CANDIDATE to LEADER at term 1 for changeToLeader
2019-10-04 23:31:56,902 [8080f05d-3e78-47ef-93cd-5617c0c0c969@group-14355648759F-LeaderElection67] INFO  impl.RaftServerImpl (ServerState.java:setLeader(255)) - 8080f05d-3e78-47ef-93cd-5617c0c0c969@group-14355648759F: change Leader from null to 8080f05d-3e78-47ef-93cd-5617c0c0c969 at term 1 for becomeLeader, leader elected after 5120ms
2019-10-04 23:31:56,902 [8080f05d-3e78-47ef-93cd-5617c0c0c969@group-14355648759F-LeaderElection67] INFO  server.RaftServerConfigKeys (ConfUtils.java:logGet(43)) - raft.server.staging.catchup.gap = 1000 (default)
2019-10-04 23:31:56,902 [8080f05d-3e78-47ef-93cd-5617c0c0c969@group-14355648759F-LeaderElection67] INFO  server.RaftServerConfigKeys (ConfUtils.java:logGet(43)) - raft.server.rpc.sleep.time = 25ms (default)
2019-10-04 23:31:56,903 [8080f05d-3e78-47ef-93cd-5617c0c0c969@group-14355648759F-LeaderElection67] INFO  server.RaftServerConfigKeys (ConfUtils.java:logGet(43)) - raft.server.write.element-limit = 4096 (default)
2019-10-04 23:31:56,903 [8080f05d-3e78-47ef-93cd-5617c0c0c969@group-14355648759F-LeaderElection67] INFO  server.RaftServerConfigKeys (ConfUtils.java:logGet(43)) - raft.server.watch.timeout = 10s (default)
2019-10-04 23:31:56,903 [8080f05d-3e78-47ef-93cd-5617c0c0c969@group-14355648759F-LeaderElection67] INFO  server.RaftServerConfigKeys (ConfUtils.java:logGet(43)) - raft.server.watch.timeout.denomination = 1s (default)
2019-10-04 23:31:56,904 [8080f05d-3e78-47ef-93cd-5617c0c0c969@group-14355648759F-LeaderElection67] INFO  server.RaftServerConfigKeys (ConfUtils.java:logGet(43)) - raft.server.watch.element-limit = 65536 (default)
2019-10-04 23:31:56,907 [8080f05d-3e78-47ef-93cd-5617c0c0c969@group-14355648759F-LeaderElection67] INFO  impl.RoleInfo (RoleInfo.java:updateAndGet(143)) - 8080f05d-3e78-47ef-93cd-5617c0c0c969: start LeaderState
2019-10-04 23:31:56,908 [8080f05d-3e78-47ef-93cd-5617c0c0c969@group-14355648759F-LeaderElection67] INFO  segmented.SegmentedRaftLogWorker (SegmentedRaftLogWorker.java:startLogSegment(385)) - 8080f05d-3e78-47ef-93cd-5617c0c0c969@group-14355648759F-SegmentedRaftLogWorker: Starting segment from index:0
2019-10-04 23:31:56,909 [8080f05d-3e78-47ef-93cd-5617c0c0c969@group-14355648759F-LeaderElection67] INFO  impl.RaftServerImpl (ServerState.java:setRaftConf(356)) - 8080f05d-3e78-47ef-93cd-5617c0c0c969@group-14355648759F: set configuration 0: [8080f05d-3e78-47ef-93cd-5617c0c0c969:192.168.164.255:39016], old=null at 0
2019-10-04 23:31:56,935 [Thread-3086] INFO  impl.FollowerState (FollowerState.java:run(108)) - 34aca736-5790-4375-a983-d44100e393ad@group-7AA739548096-FollowerState: change to CANDIDATE, lastRpcTime:5074ms, electionTimeout:5074ms
2019-10-04 23:31:56,935 [Thread-3086] INFO  impl.RoleInfo (RoleInfo.java:shutdownFollowerState(121)) - 34aca736-5790-4375-a983-d44100e393ad: shutdown FollowerState
2019-10-04 23:31:56,936 [Thread-3086] INFO  impl.RaftServerImpl (RaftServerImpl.java:setRole(170)) - 34aca736-5790-4375-a983-d44100e393ad@group-7AA739548096: changes role from  FOLLOWER to CANDIDATE at term 0 for changeToCandidate
2019-10-04 23:31:56,936 [Thread-3086] INFO  impl.RoleInfo (RoleInfo.java:updateAndGet(143)) - 34aca736-5790-4375-a983-d44100e393ad: start LeaderElection
2019-10-04 23:31:56,958 [8080f05d-3e78-47ef-93cd-5617c0c0c969@group-14355648759F-SegmentedRaftLogWorker] INFO  segmented.SegmentedRaftLogWorker (SegmentedRaftLogWorker.java:execute(574)) - 8080f05d-3e78-47ef-93cd-5617c0c0c969@group-14355648759F-SegmentedRaftLogWorker: created new log segment /workdir/hadoop-ozone/integration-test/target/test-dir/MiniOzoneClusterImpl-77a65601-66c2-44da-9914-8a9405cf73ea/datanode-0/data/ratis/23f69e66-482c-4e38-891e-14355648759f/current/log_inprogress_0
2019-10-04 23:31:56,959 [34aca736-5790-4375-a983-d44100e393ad@group-7AA739548096-LeaderElection68] INFO  impl.LeaderElection (LeaderElection.java:askForVotes(178)) - 34aca736-5790-4375-a983-d44100e393ad@group-7AA739548096-LeaderElection68: begin an election at term 1 for -1: [34aca736-5790-4375-a983-d44100e393ad:192.168.164.255:41148], old=null
2019-10-04 23:31:56,959 [34aca736-5790-4375-a983-d44100e393ad@group-7AA739548096-LeaderElection68] INFO  impl.RoleInfo (RoleInfo.java:shutdownLeaderElection(134)) - 34aca736-5790-4375-a983-d44100e393ad: shutdown LeaderElection
2019-10-04 23:31:56,959 [34aca736-5790-4375-a983-d44100e393ad@group-7AA739548096-LeaderElection68] INFO  impl.RaftServerImpl (RaftServerImpl.java:setRole(170)) - 34aca736-5790-4375-a983-d44100e393ad@group-7AA739548096: changes role from CANDIDATE to LEADER at term 1 for changeToLeader
2019-10-04 23:31:56,959 [34aca736-5790-4375-a983-d44100e393ad@group-7AA739548096-LeaderElection68] INFO  impl.RaftServerImpl (ServerState.java:setLeader(255)) - 34aca736-5790-4375-a983-d44100e393ad@group-7AA739548096: change Leader from null to 34aca736-5790-4375-a983-d44100e393ad at term 1 for becomeLeader, leader elected after 5105ms
2019-10-04 23:31:56,959 [34aca736-5790-4375-a983-d44100e393ad@group-7AA739548096-LeaderElection68] INFO  server.RaftServerConfigKeys (ConfUtils.java:logGet(43)) - raft.server.staging.catchup.gap = 1000 (default)
2019-10-04 23:31:56,959 [34aca736-5790-4375-a983-d44100e393ad@group-7AA739548096-LeaderElection68] INFO  server.RaftServerConfigKeys (ConfUtils.java:logGet(43)) - raft.server.rpc.sleep.time = 25ms (default)
2019-10-04 23:31:56,960 [34aca736-5790-4375-a983-d44100e393ad@group-7AA739548096-LeaderElection68] INFO  server.RaftServerConfigKeys (ConfUtils.java:logGet(43)) - raft.server.write.element-limit = 4096 (default)
2019-10-04 23:31:56,960 [34aca736-5790-4375-a983-d44100e393ad@group-7AA739548096-LeaderElection68] INFO  server.RaftServerConfigKeys (ConfUtils.java:logGet(43)) - raft.server.watch.timeout = 10s (default)
2019-10-04 23:31:56,960 [34aca736-5790-4375-a983-d44100e393ad@group-7AA739548096-LeaderElection68] INFO  server.RaftServerConfigKeys (ConfUtils.java:logGet(43)) - raft.server.watch.timeout.denomination = 1s (default)
2019-10-04 23:31:56,960 [34aca736-5790-4375-a983-d44100e393ad@group-7AA739548096-LeaderElection68] INFO  server.RaftServerConfigKeys (ConfUtils.java:logGet(43)) - raft.server.watch.element-limit = 65536 (default)
2019-10-04 23:31:56,962 [34aca736-5790-4375-a983-d44100e393ad@group-7AA739548096-LeaderElection68] INFO  impl.RoleInfo (RoleInfo.java:updateAndGet(143)) - 34aca736-5790-4375-a983-d44100e393ad: start LeaderState
2019-10-04 23:31:56,962 [34aca736-5790-4375-a983-d44100e393ad@group-7AA739548096-LeaderElection68] INFO  segmented.SegmentedRaftLogWorker (SegmentedRaftLogWorker.java:startLogSegment(385)) - 34aca736-5790-4375-a983-d44100e393ad@group-7AA739548096-SegmentedRaftLogWorker: Starting segment from index:0
2019-10-04 23:31:56,963 [34aca736-5790-4375-a983-d44100e393ad@group-7AA739548096-LeaderElection68] INFO  impl.RaftServerImpl (ServerState.java:setRaftConf(356)) - 34aca736-5790-4375-a983-d44100e393ad@group-7AA739548096: set configuration 0: [34aca736-5790-4375-a983-d44100e393ad:192.168.164.255:41148], old=null at 0
2019-10-04 23:31:57,003 [34aca736-5790-4375-a983-d44100e393ad@group-7AA739548096-SegmentedRaftLogWorker] INFO  segmented.SegmentedRaftLogWorker (SegmentedRaftLogWorker.java:execute(574)) - 34aca736-5790-4375-a983-d44100e393ad@group-7AA739548096-SegmentedRaftLogWorker: created new log segment /workdir/hadoop-ozone/integration-test/target/test-dir/MiniOzoneClusterImpl-77a65601-66c2-44da-9914-8a9405cf73ea/datanode-1/data/ratis/2b4901ef-892d-40f4-837a-7aa739548096/current/log_inprogress_0
2019-10-04 23:31:57,052 [Thread-3092] INFO  impl.FollowerState (FollowerState.java:run(108)) - 02a1544b-ccb9-470b-bb2f-bdb12f5ecb22@group-954851770911-FollowerState: change to CANDIDATE, lastRpcTime:5028ms, electionTimeout:5028ms
2019-10-04 23:31:57,052 [Thread-3092] INFO  impl.RoleInfo (RoleInfo.java:shutdownFollowerState(121)) - 02a1544b-ccb9-470b-bb2f-bdb12f5ecb22: shutdown FollowerState
2019-10-04 23:31:57,053 [Thread-3092] INFO  impl.RaftServerImpl (RaftServerImpl.java:setRole(170)) - 02a1544b-ccb9-470b-bb2f-bdb12f5ecb22@group-954851770911: changes role from  FOLLOWER to CANDIDATE at term 0 for changeToCandidate
2019-10-04 23:31:57,053 [Thread-3092] INFO  impl.RoleInfo (RoleInfo.java:updateAndGet(143)) - 02a1544b-ccb9-470b-bb2f-bdb12f5ecb22: start LeaderElection
2019-10-04 23:31:57,076 [02a1544b-ccb9-470b-bb2f-bdb12f5ecb22@group-954851770911-LeaderElection69] INFO  impl.LeaderElection (LeaderElection.java:askForVotes(178)) - 02a1544b-ccb9-470b-bb2f-bdb12f5ecb22@group-954851770911-LeaderElection69: begin an election at term 1 for -1: [02a1544b-ccb9-470b-bb2f-bdb12f5ecb22:192.168.164.255:46236], old=null
2019-10-04 23:31:57,076 [02a1544b-ccb9-470b-bb2f-bdb12f5ecb22@group-954851770911-LeaderElection69] INFO  impl.RoleInfo (RoleInfo.java:shutdownLeaderElection(134)) - 02a1544b-ccb9-470b-bb2f-bdb12f5ecb22: shutdown LeaderElection
2019-10-04 23:31:57,077 [02a1544b-ccb9-470b-bb2f-bdb12f5ecb22@group-954851770911-LeaderElection69] INFO  impl.RaftServerImpl (RaftServerImpl.java:setRole(170)) - 02a1544b-ccb9-470b-bb2f-bdb12f5ecb22@group-954851770911: changes role from CANDIDATE to LEADER at term 1 for changeToLeader
2019-10-04 23:31:57,077 [02a1544b-ccb9-470b-bb2f-bdb12f5ecb22@group-954851770911-LeaderElection69] INFO  impl.RaftServerImpl (ServerState.java:setLeader(255)) - 02a1544b-ccb9-470b-bb2f-bdb12f5ecb22@group-954851770911: change Leader from null to 02a1544b-ccb9-470b-bb2f-bdb12f5ecb22 at term 1 for becomeLeader, leader elected after 5057ms
2019-10-04 23:31:57,077 [02a1544b-ccb9-470b-bb2f-bdb12f5ecb22@group-954851770911-LeaderElection69] INFO  server.RaftServerConfigKeys (ConfUtils.java:logGet(43)) - raft.server.staging.catchup.gap = 1000 (default)
2019-10-04 23:31:57,077 [02a1544b-ccb9-470b-bb2f-bdb12f5ecb22@group-954851770911-LeaderElection69] INFO  server.RaftServerConfigKeys (ConfUtils.java:logGet(43)) - raft.server.rpc.sleep.time = 25ms (default)
2019-10-04 23:31:57,077 [02a1544b-ccb9-470b-bb2f-bdb12f5ecb22@group-954851770911-LeaderElection69] INFO  server.RaftServerConfigKeys (ConfUtils.java:logGet(43)) - raft.server.write.element-limit = 4096 (default)
2019-10-04 23:31:57,077 [02a1544b-ccb9-470b-bb2f-bdb12f5ecb22@group-954851770911-LeaderElection69] INFO  server.RaftServerConfigKeys (ConfUtils.java:logGet(43)) - raft.server.watch.timeout = 10s (default)
2019-10-04 23:31:57,077 [02a1544b-ccb9-470b-bb2f-bdb12f5ecb22@group-954851770911-LeaderElection69] INFO  server.RaftServerConfigKeys (ConfUtils.java:logGet(43)) - raft.server.watch.timeout.denomination = 1s (default)
2019-10-04 23:31:57,078 [02a1544b-ccb9-470b-bb2f-bdb12f5ecb22@group-954851770911-LeaderElection69] INFO  server.RaftServerConfigKeys (ConfUtils.java:logGet(43)) - raft.server.watch.element-limit = 65536 (default)
2019-10-04 23:31:57,079 [02a1544b-ccb9-470b-bb2f-bdb12f5ecb22@group-954851770911-LeaderElection69] INFO  impl.RoleInfo (RoleInfo.java:updateAndGet(143)) - 02a1544b-ccb9-470b-bb2f-bdb12f5ecb22: start LeaderState
2019-10-04 23:31:57,080 [02a1544b-ccb9-470b-bb2f-bdb12f5ecb22@group-954851770911-LeaderElection69] INFO  segmented.SegmentedRaftLogWorker (SegmentedRaftLogWorker.java:startLogSegment(385)) - 02a1544b-ccb9-470b-bb2f-bdb12f5ecb22@group-954851770911-SegmentedRaftLogWorker: Starting segment from index:0
2019-10-04 23:31:57,080 [Thread-3098] INFO  impl.FollowerState (FollowerState.java:run(108)) - 34aca736-5790-4375-a983-d44100e393ad@group-BD66B2BCEE99-FollowerState: change to CANDIDATE, lastRpcTime:5001ms, electionTimeout:5001ms
2019-10-04 23:31:57,080 [Thread-3098] INFO  impl.RoleInfo (RoleInfo.java:shutdownFollowerState(121)) - 34aca736-5790-4375-a983-d44100e393ad: shutdown FollowerState
2019-10-04 23:31:57,081 [Thread-3098] INFO  impl.RaftServerImpl (RaftServerImpl.java:setRole(170)) - 34aca736-5790-4375-a983-d44100e393ad@group-BD66B2BCEE99: changes role from  FOLLOWER to CANDIDATE at term 0 for changeToCandidate
2019-10-04 23:31:57,081 [02a1544b-ccb9-470b-bb2f-bdb12f5ecb22@group-954851770911-LeaderElection69] INFO  impl.RaftServerImpl (ServerState.java:setRaftConf(356)) - 02a1544b-ccb9-470b-bb2f-bdb12f5ecb22@group-954851770911: set configuration 0: [02a1544b-ccb9-470b-bb2f-bdb12f5ecb22:192.168.164.255:46236], old=null at 0
2019-10-04 23:31:57,081 [Thread-3098] INFO  impl.RoleInfo (RoleInfo.java:updateAndGet(143)) - 34aca736-5790-4375-a983-d44100e393ad: start LeaderElection
2019-10-04 23:31:57,117 [Thread-3095] INFO  impl.FollowerState (FollowerState.java:run(108)) - 8080f05d-3e78-47ef-93cd-5617c0c0c969@group-BD66B2BCEE99-FollowerState: change to CANDIDATE, lastRpcTime:5042ms, electionTimeout:5033ms
2019-10-04 23:31:57,117 [Thread-3089] INFO  impl.FollowerState (FollowerState.java:run(108)) - 3238339d-f75b-4989-8592-0599a7f80724@group-D16D89DA4772-FollowerState: change to CANDIDATE, lastRpcTime:5137ms, electionTimeout:5132ms
2019-10-04 23:31:57,117 [Thread-3095] INFO  impl.RoleInfo (RoleInfo.java:shutdownFollowerState(121)) - 8080f05d-3e78-47ef-93cd-5617c0c0c969: shutdown FollowerState
2019-10-04 23:31:57,118 [Thread-3089] INFO  impl.RoleInfo (RoleInfo.java:shutdownFollowerState(121)) - 3238339d-f75b-4989-8592-0599a7f80724: shutdown FollowerState
2019-10-04 23:31:57,118 [Thread-3095] INFO  impl.RaftServerImpl (RaftServerImpl.java:setRole(170)) - 8080f05d-3e78-47ef-93cd-5617c0c0c969@group-BD66B2BCEE99: changes role from  FOLLOWER to CANDIDATE at term 0 for changeToCandidate
2019-10-04 23:31:57,143 [02a1544b-ccb9-470b-bb2f-bdb12f5ecb22@group-954851770911-SegmentedRaftLogWorker] INFO  segmented.SegmentedRaftLogWorker (SegmentedRaftLogWorker.java:execute(574)) - 02a1544b-ccb9-470b-bb2f-bdb12f5ecb22@group-954851770911-SegmentedRaftLogWorker: created new log segment /workdir/hadoop-ozone/integration-test/target/test-dir/MiniOzoneClusterImpl-77a65601-66c2-44da-9914-8a9405cf73ea/datanode-3/data/ratis/525878f6-2f69-45c2-8d4f-954851770911/current/log_inprogress_0
2019-10-04 23:31:57,118 [Thread-3089] INFO  impl.RaftServerImpl (RaftServerImpl.java:setRole(170)) - 3238339d-f75b-4989-8592-0599a7f80724@group-D16D89DA4772: changes role from  FOLLOWER to CANDIDATE at term 0 for changeToCandidate
2019-10-04 23:31:57,143 [Thread-3095] INFO  impl.RoleInfo (RoleInfo.java:updateAndGet(143)) - 8080f05d-3e78-47ef-93cd-5617c0c0c969: start LeaderElection
2019-10-04 23:31:57,143 [Thread-3089] INFO  impl.RoleInfo (RoleInfo.java:updateAndGet(143)) - 3238339d-f75b-4989-8592-0599a7f80724: start LeaderElection
2019-10-04 23:31:57,155 [3238339d-f75b-4989-8592-0599a7f80724@group-D16D89DA4772-LeaderElection72] INFO  impl.LeaderElection (LeaderElection.java:askForVotes(178)) - 3238339d-f75b-4989-8592-0599a7f80724@group-D16D89DA4772-LeaderElection72: begin an election at term 1 for -1: [3238339d-f75b-4989-8592-0599a7f80724:192.168.164.255:34549], old=null
2019-10-04 23:31:57,155 [34aca736-5790-4375-a983-d44100e393ad@group-BD66B2BCEE99-LeaderElection70] INFO  impl.LeaderElection (LeaderElection.java:askForVotes(178)) - 34aca736-5790-4375-a983-d44100e393ad@group-BD66B2BCEE99-LeaderElection70: begin an election at term 1 for -1: [8080f05d-3e78-47ef-93cd-5617c0c0c969:192.168.164.255:39016, 34aca736-5790-4375-a983-d44100e393ad:192.168.164.255:41148, 3238339d-f75b-4989-8592-0599a7f80724:192.168.164.255:34549], old=null
2019-10-04 23:31:57,155 [3238339d-f75b-4989-8592-0599a7f80724@group-D16D89DA4772-LeaderElection72] INFO  impl.RoleInfo (RoleInfo.java:shutdownLeaderElection(134)) - 3238339d-f75b-4989-8592-0599a7f80724: shutdown LeaderElection
2019-10-04 23:31:57,155 [8080f05d-3e78-47ef-93cd-5617c0c0c969@group-BD66B2BCEE99-LeaderElection71] INFO  impl.LeaderElection (LeaderElection.java:askForVotes(178)) - 8080f05d-3e78-47ef-93cd-5617c0c0c969@group-BD66B2BCEE99-LeaderElection71: begin an election at term 1 for -1: [8080f05d-3e78-47ef-93cd-5617c0c0c969:192.168.164.255:39016, 34aca736-5790-4375-a983-d44100e393ad:192.168.164.255:41148, 3238339d-f75b-4989-8592-0599a7f80724:192.168.164.255:34549], old=null
2019-10-04 23:31:57,156 [3238339d-f75b-4989-8592-0599a7f80724@group-D16D89DA4772-LeaderElection72] INFO  impl.RaftServerImpl (RaftServerImpl.java:setRole(170)) - 3238339d-f75b-4989-8592-0599a7f80724@group-D16D89DA4772: changes role from CANDIDATE to LEADER at term 1 for changeToLeader
2019-10-04 23:31:57,156 [3238339d-f75b-4989-8592-0599a7f80724@group-D16D89DA4772-LeaderElection72] INFO  impl.RaftServerImpl (ServerState.java:setLeader(255)) - 3238339d-f75b-4989-8592-0599a7f80724@group-D16D89DA4772: change Leader from null to 3238339d-f75b-4989-8592-0599a7f80724 at term 1 for becomeLeader, leader elected after 5183ms
2019-10-04 23:31:57,156 [3238339d-f75b-4989-8592-0599a7f80724@group-D16D89DA4772-LeaderElection72] INFO  server.RaftServerConfigKeys (ConfUtils.java:logGet(43)) - raft.server.staging.catchup.gap = 1000 (default)
2019-10-04 23:31:57,156 [3238339d-f75b-4989-8592-0599a7f80724@group-D16D89DA4772-LeaderElection72] INFO  server.RaftServerConfigKeys (ConfUtils.java:logGet(43)) - raft.server.rpc.sleep.time = 25ms (default)
2019-10-04 23:31:57,156 [3238339d-f75b-4989-8592-0599a7f80724@group-D16D89DA4772-LeaderElection72] INFO  server.RaftServerConfigKeys (ConfUtils.java:logGet(43)) - raft.server.write.element-limit = 4096 (default)
2019-10-04 23:31:57,156 [3238339d-f75b-4989-8592-0599a7f80724@group-D16D89DA4772-LeaderElection72] INFO  server.RaftServerConfigKeys (ConfUtils.java:logGet(43)) - raft.server.watch.timeout = 10s (default)
2019-10-04 23:31:57,156 [3238339d-f75b-4989-8592-0599a7f80724@group-D16D89DA4772-LeaderElection72] INFO  server.RaftServerConfigKeys (ConfUtils.java:logGet(43)) - raft.server.watch.timeout.denomination = 1s (default)
2019-10-04 23:31:57,157 [3238339d-f75b-4989-8592-0599a7f80724@group-D16D89DA4772-LeaderElection72] INFO  server.RaftServerConfigKeys (ConfUtils.java:logGet(43)) - raft.server.watch.element-limit = 65536 (default)
2019-10-04 23:31:57,162 [3238339d-f75b-4989-8592-0599a7f80724@group-D16D89DA4772-LeaderElection72] INFO  impl.RoleInfo (RoleInfo.java:updateAndGet(143)) - 3238339d-f75b-4989-8592-0599a7f80724: start LeaderState
2019-10-04 23:31:57,162 [3238339d-f75b-4989-8592-0599a7f80724@group-D16D89DA4772-LeaderElection72] INFO  segmented.SegmentedRaftLogWorker (SegmentedRaftLogWorker.java:startLogSegment(385)) - 3238339d-f75b-4989-8592-0599a7f80724@group-D16D89DA4772-SegmentedRaftLogWorker: Starting segment from index:0
2019-10-04 23:31:57,162 [3238339d-f75b-4989-8592-0599a7f80724@group-D16D89DA4772-LeaderElection72] INFO  impl.RaftServerImpl (ServerState.java:setRaftConf(356)) - 3238339d-f75b-4989-8592-0599a7f80724@group-D16D89DA4772: set configuration 0: [3238339d-f75b-4989-8592-0599a7f80724:192.168.164.255:34549], old=null at 0
2019-10-04 23:31:57,168 [grpc-default-executor-4] INFO  impl.RaftServerImpl (RaftServerImpl.java:setRole(170)) - 3238339d-f75b-4989-8592-0599a7f80724@group-BD66B2BCEE99: changes role from  FOLLOWER to FOLLOWER at term 1 for recognizeCandidate:8080f05d-3e78-47ef-93cd-5617c0c0c969
2019-10-04 23:31:57,197 [grpc-default-executor-4] INFO  impl.RoleInfo (RoleInfo.java:shutdownFollowerState(121)) - 3238339d-f75b-4989-8592-0599a7f80724: shutdown FollowerState
2019-10-04 23:31:57,200 [grpc-default-executor-4] INFO  impl.RoleInfo (RoleInfo.java:updateAndGet(143)) - 3238339d-f75b-4989-8592-0599a7f80724: start FollowerState
2019-10-04 23:31:57,200 [Thread-3099] INFO  impl.FollowerState (FollowerState.java:run(117)) - 3238339d-f75b-4989-8592-0599a7f80724@group-BD66B2BCEE99-FollowerState was interrupted: java.lang.InterruptedException: sleep interrupted
2019-10-04 23:31:57,207 [3238339d-f75b-4989-8592-0599a7f80724@group-D16D89DA4772-SegmentedRaftLogWorker] INFO  segmented.SegmentedRaftLogWorker (SegmentedRaftLogWorker.java:execute(574)) - 3238339d-f75b-4989-8592-0599a7f80724@group-D16D89DA4772-SegmentedRaftLogWorker: created new log segment /workdir/hadoop-ozone/integration-test/target/test-dir/MiniOzoneClusterImpl-77a65601-66c2-44da-9914-8a9405cf73ea/datanode-2/data/ratis/90394285-680b-4692-8901-d16d89da4772/current/log_inprogress_0
2019-10-04 23:31:57,211 [8080f05d-3e78-47ef-93cd-5617c0c0c969@group-BD66B2BCEE99-LeaderElection71] INFO  impl.LeaderElection (LeaderElection.java:logAndReturn(56)) - 8080f05d-3e78-47ef-93cd-5617c0c0c969@group-BD66B2BCEE99-LeaderElection71: Election PASSED; received 2 response(s) [8080f05d-3e78-47ef-93cd-5617c0c0c969<-34aca736-5790-4375-a983-d44100e393ad#0:FAIL-t1, 8080f05d-3e78-47ef-93cd-5617c0c0c969<-3238339d-f75b-4989-8592-0599a7f80724#0:OK-t1] and 0 exception(s); 8080f05d-3e78-47ef-93cd-5617c0c0c969@group-BD66B2BCEE99:t1, leader=null, voted=8080f05d-3e78-47ef-93cd-5617c0c0c969, raftlog=8080f05d-3e78-47ef-93cd-5617c0c0c969@group-BD66B2BCEE99-SegmentedRaftLog:OPENED:c-1,f-1,i0, conf=-1: [8080f05d-3e78-47ef-93cd-5617c0c0c969:192.168.164.255:39016, 34aca736-5790-4375-a983-d44100e393ad:192.168.164.255:41148, 3238339d-f75b-4989-8592-0599a7f80724:192.168.164.255:34549], old=null
2019-10-04 23:31:57,211 [34aca736-5790-4375-a983-d44100e393ad@group-BD66B2BCEE99-LeaderElection70] INFO  impl.LeaderElection (LeaderElection.java:logAndReturn(56)) - 34aca736-5790-4375-a983-d44100e393ad@group-BD66B2BCEE99-LeaderElection70: Election REJECTED; received 2 response(s) [34aca736-5790-4375-a983-d44100e393ad<-8080f05d-3e78-47ef-93cd-5617c0c0c969#0:FAIL-t1, 34aca736-5790-4375-a983-d44100e393ad<-3238339d-f75b-4989-8592-0599a7f80724#0:FAIL-t1] and 0 exception(s); 34aca736-5790-4375-a983-d44100e393ad@group-BD66B2BCEE99:t1, leader=null, voted=34aca736-5790-4375-a983-d44100e393ad, raftlog=34aca736-5790-4375-a983-d44100e393ad@group-BD66B2BCEE99-SegmentedRaftLog:OPENED:c-1,f-1,i0, conf=-1: [8080f05d-3e78-47ef-93cd-5617c0c0c969:192.168.164.255:39016, 34aca736-5790-4375-a983-d44100e393ad:192.168.164.255:41148, 3238339d-f75b-4989-8592-0599a7f80724:192.168.164.255:34549], old=null
2019-10-04 23:31:57,211 [8080f05d-3e78-47ef-93cd-5617c0c0c969@group-BD66B2BCEE99-LeaderElection71] INFO  impl.RoleInfo (RoleInfo.java:shutdownLeaderElection(134)) - 8080f05d-3e78-47ef-93cd-5617c0c0c969: shutdown LeaderElection
2019-10-04 23:31:57,213 [34aca736-5790-4375-a983-d44100e393ad@group-BD66B2BCEE99-LeaderElection70] INFO  impl.RaftServerImpl (RaftServerImpl.java:setRole(170)) - 34aca736-5790-4375-a983-d44100e393ad@group-BD66B2BCEE99: changes role from CANDIDATE to FOLLOWER at term 1 for DISCOVERED_A_NEW_TERM
2019-10-04 23:31:57,216 [34aca736-5790-4375-a983-d44100e393ad@group-BD66B2BCEE99-LeaderElection70] INFO  impl.RoleInfo (RoleInfo.java:shutdownLeaderElection(134)) - 34aca736-5790-4375-a983-d44100e393ad: shutdown LeaderElection
2019-10-04 23:31:57,213 [8080f05d-3e78-47ef-93cd-5617c0c0c969@group-BD66B2BCEE99-LeaderElection71] INFO  impl.RaftServerImpl (RaftServerImpl.java:setRole(170)) - 8080f05d-3e78-47ef-93cd-5617c0c0c969@group-BD66B2BCEE99: changes role from CANDIDATE to LEADER at term 1 for changeToLeader
2019-10-04 23:31:57,216 [34aca736-5790-4375-a983-d44100e393ad@group-BD66B2BCEE99-LeaderElection70] INFO  impl.RoleInfo (RoleInfo.java:updateAndGet(143)) - 34aca736-5790-4375-a983-d44100e393ad: start FollowerState
2019-10-04 23:31:57,216 [8080f05d-3e78-47ef-93cd-5617c0c0c969@group-BD66B2BCEE99-LeaderElection71] INFO  impl.RaftServerImpl (ServerState.java:setLeader(255)) - 8080f05d-3e78-47ef-93cd-5617c0c0c969@group-BD66B2BCEE99: change Leader from null to 8080f05d-3e78-47ef-93cd-5617c0c0c969 at term 1 for becomeLeader, leader elected after 5148ms
2019-10-04 23:31:57,216 [8080f05d-3e78-47ef-93cd-5617c0c0c969@group-BD66B2BCEE99-LeaderElection71] INFO  server.RaftServerConfigKeys (ConfUtils.java:logGet(43)) - raft.server.staging.catchup.gap = 1000 (default)
2019-10-04 23:31:57,216 [8080f05d-3e78-47ef-93cd-5617c0c0c969@group-BD66B2BCEE99-LeaderElection71] INFO  server.RaftServerConfigKeys (ConfUtils.java:logGet(43)) - raft.server.rpc.sleep.time = 25ms (default)
2019-10-04 23:31:57,216 [8080f05d-3e78-47ef-93cd-5617c0c0c969@group-BD66B2BCEE99-LeaderElection71] INFO  server.RaftServerConfigKeys (ConfUtils.java:logGet(43)) - raft.server.write.element-limit = 4096 (default)
2019-10-04 23:31:57,217 [8080f05d-3e78-47ef-93cd-5617c0c0c969@group-BD66B2BCEE99-LeaderElection71] INFO  server.RaftServerConfigKeys (ConfUtils.java:logGet(43)) - raft.server.watch.timeout = 10s (default)
2019-10-04 23:31:57,217 [8080f05d-3e78-47ef-93cd-5617c0c0c969@group-BD66B2BCEE99-LeaderElection71] INFO  server.RaftServerConfigKeys (ConfUtils.java:logGet(43)) - raft.server.watch.timeout.denomination = 1s (default)
2019-10-04 23:31:57,217 [8080f05d-3e78-47ef-93cd-5617c0c0c969@group-BD66B2BCEE99-LeaderElection71] INFO  server.RaftServerConfigKeys (ConfUtils.java:logGet(43)) - raft.server.watch.element-limit = 65536 (default)
2019-10-04 23:31:57,218 [8080f05d-3e78-47ef-93cd-5617c0c0c969@group-BD66B2BCEE99-LeaderElection71] INFO  server.RaftServerConfigKeys (ConfUtils.java:logGet(43)) - raft.server.log.appender.snapshot.chunk.size.max = 16MB (=16777216) (default)
2019-10-04 23:31:57,219 [8080f05d-3e78-47ef-93cd-5617c0c0c969@group-BD66B2BCEE99-LeaderElection71] INFO  server.RaftServerConfigKeys (ConfUtils.java:logGet(43)) - raft.server.log.appender.buffer.byte-limit = 33554432 (custom)
2019-10-04 23:31:57,219 [8080f05d-3e78-47ef-93cd-5617c0c0c969@group-BD66B2BCEE99-LeaderElection71] INFO  server.RaftServerConfigKeys (ConfUtils.java:logGet(43)) - raft.server.log.appender.buffer.element-limit = 1 (custom)
2019-10-04 23:31:57,219 [8080f05d-3e78-47ef-93cd-5617c0c0c969@group-BD66B2BCEE99-LeaderElection71] INFO  grpc.GrpcConfigKeys$Server (ConfUtils.java:logGet(43)) - raft.grpc.server.leader.outstanding.appends.max = 128 (default)
2019-10-04 23:31:57,219 [8080f05d-3e78-47ef-93cd-5617c0c0c969@group-BD66B2BCEE99-LeaderElection71] INFO  server.RaftServerConfigKeys (ConfUtils.java:logGet(43)) - raft.server.rpc.request.timeout = 3000ms (default)
2019-10-04 23:31:57,219 [8080f05d-3e78-47ef-93cd-5617c0c0c969@group-BD66B2BCEE99-LeaderElection71] INFO  server.RaftServerConfigKeys (ConfUtils.java:logGet(43)) - raft.server.log.appender.install.snapshot.enabled = false (custom)
2019-10-04 23:31:57,220 [8080f05d-3e78-47ef-93cd-5617c0c0c969@group-BD66B2BCEE99-LeaderElection71] INFO  server.RaftServerConfigKeys (ConfUtils.java:logGet(43)) - raft.server.log.appender.snapshot.chunk.size.max = 16MB (=16777216) (default)
2019-10-04 23:31:57,220 [8080f05d-3e78-47ef-93cd-5617c0c0c969@group-BD66B2BCEE99-LeaderElection71] INFO  server.RaftServerConfigKeys (ConfUtils.java:logGet(43)) - raft.server.log.appender.buffer.byte-limit = 33554432 (custom)
2019-10-04 23:31:57,220 [8080f05d-3e78-47ef-93cd-5617c0c0c969@group-BD66B2BCEE99-LeaderElection71] INFO  server.RaftServerConfigKeys (ConfUtils.java:logGet(43)) - raft.server.log.appender.buffer.element-limit = 1 (custom)
2019-10-04 23:31:57,220 [8080f05d-3e78-47ef-93cd-5617c0c0c969@group-BD66B2BCEE99-LeaderElection71] INFO  grpc.GrpcConfigKeys$Server (ConfUtils.java:logGet(43)) - raft.grpc.server.leader.outstanding.appends.max = 128 (default)
2019-10-04 23:31:57,220 [8080f05d-3e78-47ef-93cd-5617c0c0c969@group-BD66B2BCEE99-LeaderElection71] INFO  server.RaftServerConfigKeys (ConfUtils.java:logGet(43)) - raft.server.rpc.request.timeout = 3000ms (default)
2019-10-04 23:31:57,220 [8080f05d-3e78-47ef-93cd-5617c0c0c969@group-BD66B2BCEE99-LeaderElection71] INFO  server.RaftServerConfigKeys (ConfUtils.java:logGet(43)) - raft.server.log.appender.install.snapshot.enabled = false (custom)
2019-10-04 23:31:57,221 [8080f05d-3e78-47ef-93cd-5617c0c0c969@group-BD66B2BCEE99-LeaderElection71] INFO  impl.RoleInfo (RoleInfo.java:updateAndGet(143)) - 8080f05d-3e78-47ef-93cd-5617c0c0c969: start LeaderState
2019-10-04 23:31:57,221 [8080f05d-3e78-47ef-93cd-5617c0c0c969@group-BD66B2BCEE99-LeaderElection71] INFO  segmented.SegmentedRaftLogWorker (SegmentedRaftLogWorker.java:startLogSegment(385)) - 8080f05d-3e78-47ef-93cd-5617c0c0c969@group-BD66B2BCEE99-SegmentedRaftLogWorker: Starting segment from index:0
2019-10-04 23:31:57,222 [8080f05d-3e78-47ef-93cd-5617c0c0c969@group-BD66B2BCEE99-LeaderElection71] INFO  impl.RaftServerImpl (ServerState.java:setRaftConf(356)) - 8080f05d-3e78-47ef-93cd-5617c0c0c969@group-BD66B2BCEE99: set configuration 0: [8080f05d-3e78-47ef-93cd-5617c0c0c969:192.168.164.255:39016, 34aca736-5790-4375-a983-d44100e393ad:192.168.164.255:41148, 3238339d-f75b-4989-8592-0599a7f80724:192.168.164.255:34549], old=null at 0
2019-10-04 23:31:57,251 [Thread-3108] INFO  impl.FollowerState (FollowerState.java:run(108)) - f81be186-6bea-41b7-b784-bd173854311d@group-3029DAA38393-FollowerState: change to CANDIDATE, lastRpcTime:5098ms, electionTimeout:5093ms
2019-10-04 23:31:57,252 [Thread-3108] INFO  impl.RoleInfo (RoleInfo.java:shutdownFollowerState(121)) - f81be186-6bea-41b7-b784-bd173854311d: shutdown FollowerState
2019-10-04 23:31:57,252 [Thread-3108] INFO  impl.RaftServerImpl (RaftServerImpl.java:setRole(170)) - f81be186-6bea-41b7-b784-bd173854311d@group-3029DAA38393: changes role from  FOLLOWER to CANDIDATE at term 0 for changeToCandidate
2019-10-04 23:31:57,252 [Thread-3108] INFO  impl.RoleInfo (RoleInfo.java:updateAndGet(143)) - f81be186-6bea-41b7-b784-bd173854311d: start LeaderElection
2019-10-04 23:31:57,252 [grpc-default-executor-7] INFO  impl.RaftServerImpl (ServerState.java:setLeader(255)) - 34aca736-5790-4375-a983-d44100e393ad@group-BD66B2BCEE99: change Leader from null to 8080f05d-3e78-47ef-93cd-5617c0c0c969 at term 1 for appendEntries, leader elected after 5184ms
2019-10-04 23:31:57,252 [grpc-default-executor-4] INFO  impl.RaftServerImpl (ServerState.java:setLeader(255)) - 3238339d-f75b-4989-8592-0599a7f80724@group-BD66B2BCEE99: change Leader from null to 8080f05d-3e78-47ef-93cd-5617c0c0c969 at term 1 for appendEntries, leader elected after 5184ms
2019-10-04 23:31:57,258 [grpc-default-executor-4] INFO  impl.RaftServerImpl (ServerState.java:setRaftConf(356)) - 3238339d-f75b-4989-8592-0599a7f80724@group-BD66B2BCEE99: set configuration 0: [8080f05d-3e78-47ef-93cd-5617c0c0c969:192.168.164.255:39016, 34aca736-5790-4375-a983-d44100e393ad:192.168.164.255:41148, 3238339d-f75b-4989-8592-0599a7f80724:192.168.164.255:34549], old=null at 0
2019-10-04 23:31:57,258 [grpc-default-executor-7] INFO  impl.RaftServerImpl (ServerState.java:setRaftConf(356)) - 34aca736-5790-4375-a983-d44100e393ad@group-BD66B2BCEE99: set configuration 0: [8080f05d-3e78-47ef-93cd-5617c0c0c969:192.168.164.255:39016, 34aca736-5790-4375-a983-d44100e393ad:192.168.164.255:41148, 3238339d-f75b-4989-8592-0599a7f80724:192.168.164.255:34549], old=null at 0
2019-10-04 23:31:57,258 [grpc-default-executor-4] INFO  segmented.SegmentedRaftLogWorker (SegmentedRaftLogWorker.java:startLogSegment(385)) - 3238339d-f75b-4989-8592-0599a7f80724@group-BD66B2BCEE99-SegmentedRaftLogWorker: Starting segment from index:0
2019-10-04 23:31:57,259 [grpc-default-executor-7] INFO  segmented.SegmentedRaftLogWorker (SegmentedRaftLogWorker.java:startLogSegment(385)) - 34aca736-5790-4375-a983-d44100e393ad@group-BD66B2BCEE99-SegmentedRaftLogWorker: Starting segment from index:0
2019-10-04 23:31:57,262 [Thread-3115] INFO  impl.FollowerState (FollowerState.java:run(108)) - 17fbe8f6-6b6a-4ab8-b8eb-a39a650135ba@group-C7AAB3BA810D-FollowerState: change to CANDIDATE, lastRpcTime:5031ms, electionTimeout:5031ms
2019-10-04 23:31:57,263 [Thread-3115] INFO  impl.RoleInfo (RoleInfo.java:shutdownFollowerState(121)) - 17fbe8f6-6b6a-4ab8-b8eb-a39a650135ba: shutdown FollowerState
2019-10-04 23:31:57,263 [Thread-3115] INFO  impl.RaftServerImpl (RaftServerImpl.java:setRole(170)) - 17fbe8f6-6b6a-4ab8-b8eb-a39a650135ba@group-C7AAB3BA810D: changes role from  FOLLOWER to CANDIDATE at term 0 for changeToCandidate
2019-10-04 23:31:57,263 [Thread-3115] INFO  impl.RoleInfo (RoleInfo.java:updateAndGet(143)) - 17fbe8f6-6b6a-4ab8-b8eb-a39a650135ba: start LeaderElection
2019-10-04 23:31:57,293 [Thread-3109] INFO  impl.FollowerState (FollowerState.java:run(108)) - 17fbe8f6-6b6a-4ab8-b8eb-a39a650135ba@group-3029DAA38393-FollowerState: change to CANDIDATE, lastRpcTime:5141ms, electionTimeout:5137ms
2019-10-04 23:31:57,294 [Thread-3109] INFO  impl.RoleInfo (RoleInfo.java:shutdownFollowerState(121)) - 17fbe8f6-6b6a-4ab8-b8eb-a39a650135ba: shutdown FollowerState
2019-10-04 23:31:57,294 [Thread-3104] INFO  impl.FollowerState (FollowerState.java:run(108)) - 02a1544b-ccb9-470b-bb2f-bdb12f5ecb22@group-3029DAA38393-FollowerState: change to CANDIDATE, lastRpcTime:5146ms, electionTimeout:5128ms
2019-10-04 23:31:57,294 [Thread-3109] INFO  impl.RaftServerImpl (RaftServerImpl.java:setRole(170)) - 17fbe8f6-6b6a-4ab8-b8eb-a39a650135ba@group-3029DAA38393: changes role from  FOLLOWER to CANDIDATE at term 0 for changeToCandidate
2019-10-04 23:31:57,294 [Thread-3104] INFO  impl.RoleInfo (RoleInfo.java:shutdownFollowerState(121)) - 02a1544b-ccb9-470b-bb2f-bdb12f5ecb22: shutdown FollowerState
2019-10-04 23:31:57,294 [8080f05d-3e78-47ef-93cd-5617c0c0c969@group-BD66B2BCEE99-SegmentedRaftLogWorker] INFO  segmented.SegmentedRaftLogWorker (SegmentedRaftLogWorker.java:execute(574)) - 8080f05d-3e78-47ef-93cd-5617c0c0c969@group-BD66B2BCEE99-SegmentedRaftLogWorker: created new log segment /workdir/hadoop-ozone/integration-test/target/test-dir/MiniOzoneClusterImpl-77a65601-66c2-44da-9914-8a9405cf73ea/datanode-0/data/ratis/2ce996a0-bbf7-40d9-a712-bd66b2bcee99/current/log_inprogress_0
2019-10-04 23:31:57,294 [Thread-3109] INFO  impl.RoleInfo (RoleInfo.java:updateAndGet(143)) - 17fbe8f6-6b6a-4ab8-b8eb-a39a650135ba: start LeaderElection
2019-10-04 23:31:57,296 [f81be186-6bea-41b7-b784-bd173854311d@group-3029DAA38393-LeaderElection73] INFO  impl.LeaderElection (LeaderElection.java:askForVotes(178)) - f81be186-6bea-41b7-b784-bd173854311d@group-3029DAA38393-LeaderElection73: begin an election at term 1 for -1: [f81be186-6bea-41b7-b784-bd173854311d:192.168.164.255:35621, 17fbe8f6-6b6a-4ab8-b8eb-a39a650135ba:192.168.164.255:37535, 02a1544b-ccb9-470b-bb2f-bdb12f5ecb22:192.168.164.255:46236], old=null
2019-10-04 23:31:57,294 [Thread-3104] INFO  impl.RaftServerImpl (RaftServerImpl.java:setRole(170)) - 02a1544b-ccb9-470b-bb2f-bdb12f5ecb22@group-3029DAA38393: changes role from  FOLLOWER to CANDIDATE at term 0 for changeToCandidate
2019-10-04 23:31:57,297 [Thread-3104] INFO  impl.RoleInfo (RoleInfo.java:updateAndGet(143)) - 02a1544b-ccb9-470b-bb2f-bdb12f5ecb22: start LeaderElection
2019-10-04 23:31:57,302 [Thread-3118] INFO  impl.FollowerState (FollowerState.java:run(108)) - 9a2fad00-014f-467f-9958-2d1098537ab3@group-58B60CDED015-FollowerState: change to CANDIDATE, lastRpcTime:5026ms, electionTimeout:5024ms
2019-10-04 23:31:57,302 [Thread-3118] INFO  impl.RoleInfo (RoleInfo.java:shutdownFollowerState(121)) - 9a2fad00-014f-467f-9958-2d1098537ab3: shutdown FollowerState
2019-10-04 23:31:57,302 [Thread-3118] INFO  impl.RaftServerImpl (RaftServerImpl.java:setRole(170)) - 9a2fad00-014f-467f-9958-2d1098537ab3@group-58B60CDED015: changes role from  FOLLOWER to CANDIDATE at term 0 for changeToCandidate
2019-10-04 23:31:57,302 [Thread-3118] INFO  impl.RoleInfo (RoleInfo.java:updateAndGet(143)) - 9a2fad00-014f-467f-9958-2d1098537ab3: start LeaderElection
2019-10-04 23:31:57,315 [3238339d-f75b-4989-8592-0599a7f80724@group-BD66B2BCEE99-SegmentedRaftLogWorker] INFO  segmented.SegmentedRaftLogWorker (SegmentedRaftLogWorker.java:execute(574)) - 3238339d-f75b-4989-8592-0599a7f80724@group-BD66B2BCEE99-SegmentedRaftLogWorker: created new log segment /workdir/hadoop-ozone/integration-test/target/test-dir/MiniOzoneClusterImpl-77a65601-66c2-44da-9914-8a9405cf73ea/datanode-2/data/ratis/2ce996a0-bbf7-40d9-a712-bd66b2bcee99/current/log_inprogress_0
2019-10-04 23:31:57,315 [17fbe8f6-6b6a-4ab8-b8eb-a39a650135ba@group-C7AAB3BA810D-LeaderElection74] INFO  impl.LeaderElection (LeaderElection.java:askForVotes(178)) - 17fbe8f6-6b6a-4ab8-b8eb-a39a650135ba@group-C7AAB3BA810D-LeaderElection74: begin an election at term 1 for -1: [17fbe8f6-6b6a-4ab8-b8eb-a39a650135ba:192.168.164.255:37535], old=null
2019-10-04 23:31:57,315 [34aca736-5790-4375-a983-d44100e393ad@group-BD66B2BCEE99-SegmentedRaftLogWorker] INFO  segmented.SegmentedRaftLogWorker (SegmentedRaftLogWorker.java:execute(574)) - 34aca736-5790-4375-a983-d44100e393ad@group-BD66B2BCEE99-SegmentedRaftLogWorker: created new log segment /workdir/hadoop-ozone/integration-test/target/test-dir/MiniOzoneClusterImpl-77a65601-66c2-44da-9914-8a9405cf73ea/datanode-1/data/ratis/2ce996a0-bbf7-40d9-a712-bd66b2bcee99/current/log_inprogress_0
2019-10-04 23:31:57,315 [17fbe8f6-6b6a-4ab8-b8eb-a39a650135ba@group-C7AAB3BA810D-LeaderElection74] INFO  impl.RoleInfo (RoleInfo.java:shutdownLeaderElection(134)) - 17fbe8f6-6b6a-4ab8-b8eb-a39a650135ba: shutdown LeaderElection
2019-10-04 23:31:57,315 [17fbe8f6-6b6a-4ab8-b8eb-a39a650135ba@group-3029DAA38393-LeaderElection75] INFO  impl.LeaderElection (LeaderElection.java:askForVotes(178)) - 17fbe8f6-6b6a-4ab8-b8eb-a39a650135ba@group-3029DAA38393-LeaderElection75: begin an election at term 1 for -1: [f81be186-6bea-41b7-b784-bd173854311d:192.168.164.255:35621, 17fbe8f6-6b6a-4ab8-b8eb-a39a650135ba:192.168.164.255:37535, 02a1544b-ccb9-470b-bb2f-bdb12f5ecb22:192.168.164.255:46236], old=null
2019-10-04 23:31:57,315 [02a1544b-ccb9-470b-bb2f-bdb12f5ecb22@group-3029DAA38393-LeaderElection76] INFO  impl.LeaderElection (LeaderElection.java:askForVotes(178)) - 02a1544b-ccb9-470b-bb2f-bdb12f5ecb22@group-3029DAA38393-LeaderElection76: begin an election at term 1 for -1: [f81be186-6bea-41b7-b784-bd173854311d:192.168.164.255:35621, 17fbe8f6-6b6a-4ab8-b8eb-a39a650135ba:192.168.164.255:37535, 02a1544b-ccb9-470b-bb2f-bdb12f5ecb22:192.168.164.255:46236], old=null
2019-10-04 23:31:57,315 [17fbe8f6-6b6a-4ab8-b8eb-a39a650135ba@group-C7AAB3BA810D-LeaderElection74] INFO  impl.RaftServerImpl (RaftServerImpl.java:setRole(170)) - 17fbe8f6-6b6a-4ab8-b8eb-a39a650135ba@group-C7AAB3BA810D: changes role from CANDIDATE to LEADER at term 1 for changeToLeader
2019-10-04 23:31:57,315 [17fbe8f6-6b6a-4ab8-b8eb-a39a650135ba@group-C7AAB3BA810D-LeaderElection74] INFO  impl.RaftServerImpl (ServerState.java:setLeader(255)) - 17fbe8f6-6b6a-4ab8-b8eb-a39a650135ba@group-C7AAB3BA810D: change Leader from null to 17fbe8f6-6b6a-4ab8-b8eb-a39a650135ba at term 1 for becomeLeader, leader elected after 5100ms
2019-10-04 23:31:57,316 [17fbe8f6-6b6a-4ab8-b8eb-a39a650135ba@group-C7AAB3BA810D-LeaderElection74] INFO  server.RaftServerConfigKeys (ConfUtils.java:logGet(43)) - raft.server.staging.catchup.gap = 1000 (default)
2019-10-04 23:31:57,316 [17fbe8f6-6b6a-4ab8-b8eb-a39a650135ba@group-C7AAB3BA810D-LeaderElection74] INFO  server.RaftServerConfigKeys (ConfUtils.java:logGet(43)) - raft.server.rpc.sleep.time = 25ms (default)
2019-10-04 23:31:57,316 [f81be186-6bea-41b7-b784-bd173854311d@group-3029DAA38393-LeaderElection73] INFO  impl.LeaderElection (LeaderElection.java:logAndReturn(56)) - f81be186-6bea-41b7-b784-bd173854311d@group-3029DAA38393-LeaderElection73: Election REJECTED; received 2 response(s) [f81be186-6bea-41b7-b784-bd173854311d<-17fbe8f6-6b6a-4ab8-b8eb-a39a650135ba#0:FAIL-t1, f81be186-6bea-41b7-b784-bd173854311d<-02a1544b-ccb9-470b-bb2f-bdb12f5ecb22#0:FAIL-t1] and 0 exception(s); f81be186-6bea-41b7-b784-bd173854311d@group-3029DAA38393:t1, leader=null, voted=f81be186-6bea-41b7-b784-bd173854311d, raftlog=f81be186-6bea-41b7-b784-bd173854311d@group-3029DAA38393-SegmentedRaftLog:OPENED:c-1,f-1,i0, conf=-1: [f81be186-6bea-41b7-b784-bd173854311d:192.168.164.255:35621, 17fbe8f6-6b6a-4ab8-b8eb-a39a650135ba:192.168.164.255:37535, 02a1544b-ccb9-470b-bb2f-bdb12f5ecb22:192.168.164.255:46236], old=null
2019-10-04 23:31:57,316 [17fbe8f6-6b6a-4ab8-b8eb-a39a650135ba@group-C7AAB3BA810D-LeaderElection74] INFO  server.RaftServerConfigKeys (ConfUtils.java:logGet(43)) - raft.server.write.element-limit = 4096 (default)
2019-10-04 23:31:57,316 [17fbe8f6-6b6a-4ab8-b8eb-a39a650135ba@group-C7AAB3BA810D-LeaderElection74] INFO  server.RaftServerConfigKeys (ConfUtils.java:logGet(43)) - raft.server.watch.timeout = 10s (default)
2019-10-04 23:31:57,316 [f81be186-6bea-41b7-b784-bd173854311d@group-3029DAA38393-LeaderElection73] INFO  impl.RaftServerImpl (RaftServerImpl.java:setRole(170)) - f81be186-6bea-41b7-b784-bd173854311d@group-3029DAA38393: changes role from CANDIDATE to FOLLOWER at term 1 for DISCOVERED_A_NEW_TERM
2019-10-04 23:31:57,319 [9a2fad00-014f-467f-9958-2d1098537ab3@group-58B60CDED015-LeaderElection77] INFO  impl.LeaderElection (LeaderElection.java:askForVotes(178)) - 9a2fad00-014f-467f-9958-2d1098537ab3@group-58B60CDED015-LeaderElection77: begin an election at term 1 for -1: [9a2fad00-014f-467f-9958-2d1098537ab3:192.168.164.255:42860], old=null
2019-10-04 23:31:57,316 [17fbe8f6-6b6a-4ab8-b8eb-a39a650135ba@group-C7AAB3BA810D-LeaderElection74] INFO  server.RaftServerConfigKeys (ConfUtils.java:logGet(43)) - raft.server.watch.timeout.denomination = 1s (default)
2019-10-04 23:31:57,319 [9a2fad00-014f-467f-9958-2d1098537ab3@group-58B60CDED015-LeaderElection77] INFO  impl.RoleInfo (RoleInfo.java:shutdownLeaderElection(134)) - 9a2fad00-014f-467f-9958-2d1098537ab3: shutdown LeaderElection
2019-10-04 23:31:57,319 [f81be186-6bea-41b7-b784-bd173854311d@group-3029DAA38393-LeaderElection73] INFO  impl.RoleInfo (RoleInfo.java:shutdownLeaderElection(134)) - f81be186-6bea-41b7-b784-bd173854311d: shutdown LeaderElection
2019-10-04 23:31:57,319 [9a2fad00-014f-467f-9958-2d1098537ab3@group-58B60CDED015-LeaderElection77] INFO  impl.RaftServerImpl (RaftServerImpl.java:setRole(170)) - 9a2fad00-014f-467f-9958-2d1098537ab3@group-58B60CDED015: changes role from CANDIDATE to LEADER at term 1 for changeToLeader
2019-10-04 23:31:57,319 [9a2fad00-014f-467f-9958-2d1098537ab3@group-58B60CDED015-LeaderElection77] INFO  impl.RaftServerImpl (ServerState.java:setLeader(255)) - 9a2fad00-014f-467f-9958-2d1098537ab3@group-58B60CDED015: change Leader from null to 9a2fad00-014f-467f-9958-2d1098537ab3 at term 1 for becomeLeader, leader elected after 5049ms
2019-10-04 23:31:57,319 [17fbe8f6-6b6a-4ab8-b8eb-a39a650135ba@group-C7AAB3BA810D-LeaderElection74] INFO  server.RaftServerConfigKeys (ConfUtils.java:logGet(43)) - raft.server.watch.element-limit = 65536 (default)
2019-10-04 23:31:57,320 [9a2fad00-014f-467f-9958-2d1098537ab3@group-58B60CDED015-LeaderElection77] INFO  server.RaftServerConfigKeys (ConfUtils.java:logGet(43)) - raft.server.staging.catchup.gap = 1000 (default)
2019-10-04 23:31:57,319 [f81be186-6bea-41b7-b784-bd173854311d@group-3029DAA38393-LeaderElection73] INFO  impl.RoleInfo (RoleInfo.java:updateAndGet(143)) - f81be186-6bea-41b7-b784-bd173854311d: start FollowerState
2019-10-04 23:31:57,320 [9a2fad00-014f-467f-9958-2d1098537ab3@group-58B60CDED015-LeaderElection77] INFO  server.RaftServerConfigKeys (ConfUtils.java:logGet(43)) - raft.server.rpc.sleep.time = 25ms (default)
2019-10-04 23:31:57,322 [9a2fad00-014f-467f-9958-2d1098537ab3@group-58B60CDED015-LeaderElection77] INFO  server.RaftServerConfigKeys (ConfUtils.java:logGet(43)) - raft.server.write.element-limit = 4096 (default)
2019-10-04 23:31:57,322 [9a2fad00-014f-467f-9958-2d1098537ab3@group-58B60CDED015-LeaderElection77] INFO  server.RaftServerConfigKeys (ConfUtils.java:logGet(43)) - raft.server.watch.timeout = 10s (default)
2019-10-04 23:31:57,322 [9a2fad00-014f-467f-9958-2d1098537ab3@group-58B60CDED015-LeaderElection77] INFO  server.RaftServerConfigKeys (ConfUtils.java:logGet(43)) - raft.server.watch.timeout.denomination = 1s (default)
2019-10-04 23:31:57,322 [9a2fad00-014f-467f-9958-2d1098537ab3@group-58B60CDED015-LeaderElection77] INFO  server.RaftServerConfigKeys (ConfUtils.java:logGet(43)) - raft.server.watch.element-limit = 65536 (default)
2019-10-04 23:31:57,323 [17fbe8f6-6b6a-4ab8-b8eb-a39a650135ba@group-C7AAB3BA810D-LeaderElection74] INFO  impl.RoleInfo (RoleInfo.java:updateAndGet(143)) - 17fbe8f6-6b6a-4ab8-b8eb-a39a650135ba: start LeaderState
2019-10-04 23:31:57,323 [17fbe8f6-6b6a-4ab8-b8eb-a39a650135ba@group-C7AAB3BA810D-LeaderElection74] INFO  segmented.SegmentedRaftLogWorker (SegmentedRaftLogWorker.java:startLogSegment(385)) - 17fbe8f6-6b6a-4ab8-b8eb-a39a650135ba@group-C7AAB3BA810D-SegmentedRaftLogWorker: Starting segment from index:0
2019-10-04 23:31:57,323 [17fbe8f6-6b6a-4ab8-b8eb-a39a650135ba@group-C7AAB3BA810D-LeaderElection74] INFO  impl.RaftServerImpl (ServerState.java:setRaftConf(356)) - 17fbe8f6-6b6a-4ab8-b8eb-a39a650135ba@group-C7AAB3BA810D: set configuration 0: [17fbe8f6-6b6a-4ab8-b8eb-a39a650135ba:192.168.164.255:37535], old=null at 0
2019-10-04 23:31:57,358 [Thread-3121] INFO  impl.FollowerState (FollowerState.java:run(108)) - f81be186-6bea-41b7-b784-bd173854311d@group-4C4A26244BEA-FollowerState: change to CANDIDATE, lastRpcTime:5034ms, electionTimeout:5012ms
2019-10-04 23:31:57,358 [Thread-3121] INFO  impl.RoleInfo (RoleInfo.java:shutdownFollowerState(121)) - f81be186-6bea-41b7-b784-bd173854311d: shutdown FollowerState
2019-10-04 23:31:57,358 [Thread-3121] INFO  impl.RaftServerImpl (RaftServerImpl.java:setRole(170)) - f81be186-6bea-41b7-b784-bd173854311d@group-4C4A26244BEA: changes role from  FOLLOWER to CANDIDATE at term 0 for changeToCandidate
2019-10-04 23:31:57,358 [Thread-3121] INFO  impl.RoleInfo (RoleInfo.java:updateAndGet(143)) - f81be186-6bea-41b7-b784-bd173854311d: start LeaderElection
2019-10-04 23:31:57,359 [9a2fad00-014f-467f-9958-2d1098537ab3@group-58B60CDED015-LeaderElection77] INFO  impl.RoleInfo (RoleInfo.java:updateAndGet(143)) - 9a2fad00-014f-467f-9958-2d1098537ab3: start LeaderState
2019-10-04 23:31:57,365 [9a2fad00-014f-467f-9958-2d1098537ab3@group-58B60CDED015-LeaderElection77] INFO  segmented.SegmentedRaftLogWorker (SegmentedRaftLogWorker.java:startLogSegment(385)) - 9a2fad00-014f-467f-9958-2d1098537ab3@group-58B60CDED015-SegmentedRaftLogWorker: Starting segment from index:0
2019-10-04 23:31:57,365 [9a2fad00-014f-467f-9958-2d1098537ab3@group-58B60CDED015-LeaderElection77] INFO  impl.RaftServerImpl (ServerState.java:setRaftConf(356)) - 9a2fad00-014f-467f-9958-2d1098537ab3@group-58B60CDED015: set configuration 0: [9a2fad00-014f-467f-9958-2d1098537ab3:192.168.164.255:42860], old=null at 0
2019-10-04 23:31:57,365 [02a1544b-ccb9-470b-bb2f-bdb12f5ecb22@group-3029DAA38393-LeaderElection76] INFO  impl.LeaderElection (LeaderElection.java:logAndReturn(56)) - 02a1544b-ccb9-470b-bb2f-bdb12f5ecb22@group-3029DAA38393-LeaderElection76: Election REJECTED; received 2 response(s) [02a1544b-ccb9-470b-bb2f-bdb12f5ecb22<-f81be186-6bea-41b7-b784-bd173854311d#0:FAIL-t1, 02a1544b-ccb9-470b-bb2f-bdb12f5ecb22<-17fbe8f6-6b6a-4ab8-b8eb-a39a650135ba#0:FAIL-t1] and 0 exception(s); 02a1544b-ccb9-470b-bb2f-bdb12f5ecb22@group-3029DAA38393:t1, leader=null, voted=02a1544b-ccb9-470b-bb2f-bdb12f5ecb22, raftlog=02a1544b-ccb9-470b-bb2f-bdb12f5ecb22@group-3029DAA38393-SegmentedRaftLog:OPENED:c-1,f-1,i0, conf=-1: [f81be186-6bea-41b7-b784-bd173854311d:192.168.164.255:35621, 17fbe8f6-6b6a-4ab8-b8eb-a39a650135ba:192.168.164.255:37535, 02a1544b-ccb9-470b-bb2f-bdb12f5ecb22:192.168.164.255:46236], old=null
2019-10-04 23:31:57,392 [17fbe8f6-6b6a-4ab8-b8eb-a39a650135ba@group-3029DAA38393-LeaderElection75] INFO  impl.LeaderElection (LeaderElection.java:logAndReturn(56)) - 17fbe8f6-6b6a-4ab8-b8eb-a39a650135ba@group-3029DAA38393-LeaderElection75: Election REJECTED; received 2 response(s) [17fbe8f6-6b6a-4ab8-b8eb-a39a650135ba<-f81be186-6bea-41b7-b784-bd173854311d#0:FAIL-t1, 17fbe8f6-6b6a-4ab8-b8eb-a39a650135ba<-02a1544b-ccb9-470b-bb2f-bdb12f5ecb22#0:FAIL-t1] and 0 exception(s); 17fbe8f6-6b6a-4ab8-b8eb-a39a650135ba@group-3029DAA38393:t1, leader=null, voted=17fbe8f6-6b6a-4ab8-b8eb-a39a650135ba, raftlog=17fbe8f6-6b6a-4ab8-b8eb-a39a650135ba@group-3029DAA38393-SegmentedRaftLog:OPENED:c-1,f-1,i0, conf=-1: [f81be186-6bea-41b7-b784-bd173854311d:192.168.164.255:35621, 17fbe8f6-6b6a-4ab8-b8eb-a39a650135ba:192.168.164.255:37535, 02a1544b-ccb9-470b-bb2f-bdb12f5ecb22:192.168.164.255:46236], old=null
2019-10-04 23:31:57,392 [f81be186-6bea-41b7-b784-bd173854311d@group-4C4A26244BEA-LeaderElection78] INFO  impl.LeaderElection (LeaderElection.java:askForVotes(178)) - f81be186-6bea-41b7-b784-bd173854311d@group-4C4A26244BEA-LeaderElection78: begin an election at term 1 for -1: [f81be186-6bea-41b7-b784-bd173854311d:192.168.164.255:35621], old=null
2019-10-04 23:31:57,392 [17fbe8f6-6b6a-4ab8-b8eb-a39a650135ba@group-C7AAB3BA810D-SegmentedRaftLogWorker] INFO  segmented.SegmentedRaftLogWorker (SegmentedRaftLogWorker.java:execute(574)) - 17fbe8f6-6b6a-4ab8-b8eb-a39a650135ba@group-C7AAB3BA810D-SegmentedRaftLogWorker: created new log segment /workdir/hadoop-ozone/integration-test/target/test-dir/MiniOzoneClusterImpl-77a65601-66c2-44da-9914-8a9405cf73ea/datanode-5/data/ratis/f7ef4802-3c8a-442b-afc4-c7aab3ba810d/current/log_inprogress_0
2019-10-04 23:31:57,392 [02a1544b-ccb9-470b-bb2f-bdb12f5ecb22@group-3029DAA38393-LeaderElection76] INFO  impl.RaftServerImpl (RaftServerImpl.java:setRole(170)) - 02a1544b-ccb9-470b-bb2f-bdb12f5ecb22@group-3029DAA38393: changes role from CANDIDATE to FOLLOWER at term 1 for DISCOVERED_A_NEW_TERM
2019-10-04 23:31:57,398 [02a1544b-ccb9-470b-bb2f-bdb12f5ecb22@group-3029DAA38393-LeaderElection76] INFO  impl.RoleInfo (RoleInfo.java:shutdownLeaderElection(134)) - 02a1544b-ccb9-470b-bb2f-bdb12f5ecb22: shutdown LeaderElection
2019-10-04 23:31:57,395 [f81be186-6bea-41b7-b784-bd173854311d@group-4C4A26244BEA-LeaderElection78] INFO  impl.RoleInfo (RoleInfo.java:shutdownLeaderElection(134)) - f81be186-6bea-41b7-b784-bd173854311d: shutdown LeaderElection
2019-10-04 23:31:57,398 [02a1544b-ccb9-470b-bb2f-bdb12f5ecb22@group-3029DAA38393-LeaderElection76] INFO  impl.RoleInfo (RoleInfo.java:updateAndGet(143)) - 02a1544b-ccb9-470b-bb2f-bdb12f5ecb22: start FollowerState
2019-10-04 23:31:57,395 [17fbe8f6-6b6a-4ab8-b8eb-a39a650135ba@group-3029DAA38393-LeaderElection75] INFO  impl.RaftServerImpl (RaftServerImpl.java:setRole(170)) - 17fbe8f6-6b6a-4ab8-b8eb-a39a650135ba@group-3029DAA38393: changes role from CANDIDATE to FOLLOWER at term 1 for DISCOVERED_A_NEW_TERM
2019-10-04 23:31:57,398 [f81be186-6bea-41b7-b784-bd173854311d@group-4C4A26244BEA-LeaderElection78] INFO  impl.RaftServerImpl (RaftServerImpl.java:setRole(170)) - f81be186-6bea-41b7-b784-bd173854311d@group-4C4A26244BEA: changes role from CANDIDATE to LEADER at term 1 for changeToLeader
2019-10-04 23:31:57,399 [17fbe8f6-6b6a-4ab8-b8eb-a39a650135ba@group-3029DAA38393-LeaderElection75] INFO  impl.RoleInfo (RoleInfo.java:shutdownLeaderElection(134)) - 17fbe8f6-6b6a-4ab8-b8eb-a39a650135ba: shutdown LeaderElection
2019-10-04 23:31:57,399 [f81be186-6bea-41b7-b784-bd173854311d@group-4C4A26244BEA-LeaderElection78] INFO  impl.RaftServerImpl (ServerState.java:setLeader(255)) - f81be186-6bea-41b7-b784-bd173854311d@group-4C4A26244BEA: change Leader from null to f81be186-6bea-41b7-b784-bd173854311d at term 1 for becomeLeader, leader elected after 5080ms
2019-10-04 23:31:57,399 [17fbe8f6-6b6a-4ab8-b8eb-a39a650135ba@group-3029DAA38393-LeaderElection75] INFO  impl.RoleInfo (RoleInfo.java:updateAndGet(143)) - 17fbe8f6-6b6a-4ab8-b8eb-a39a650135ba: start FollowerState
2019-10-04 23:31:57,399 [f81be186-6bea-41b7-b784-bd173854311d@group-4C4A26244BEA-LeaderElection78] INFO  server.RaftServerConfigKeys (ConfUtils.java:logGet(43)) - raft.server.staging.catchup.gap = 1000 (default)
2019-10-04 23:31:57,399 [f81be186-6bea-41b7-b784-bd173854311d@group-4C4A26244BEA-LeaderElection78] INFO  server.RaftServerConfigKeys (ConfUtils.java:logGet(43)) - raft.server.rpc.sleep.time = 25ms (default)
2019-10-04 23:31:57,399 [f81be186-6bea-41b7-b784-bd173854311d@group-4C4A26244BEA-LeaderElection78] INFO  server.RaftServerConfigKeys (ConfUtils.java:logGet(43)) - raft.server.write.element-limit = 4096 (default)
2019-10-04 23:31:57,400 [f81be186-6bea-41b7-b784-bd173854311d@group-4C4A26244BEA-LeaderElection78] INFO  server.RaftServerConfigKeys (ConfUtils.java:logGet(43)) - raft.server.watch.timeout = 10s (default)
2019-10-04 23:31:57,400 [f81be186-6bea-41b7-b784-bd173854311d@group-4C4A26244BEA-LeaderElection78] INFO  server.RaftServerConfigKeys (ConfUtils.java:logGet(43)) - raft.server.watch.timeout.denomination = 1s (default)
2019-10-04 23:31:57,400 [f81be186-6bea-41b7-b784-bd173854311d@group-4C4A26244BEA-LeaderElection78] INFO  server.RaftServerConfigKeys (ConfUtils.java:logGet(43)) - raft.server.watch.element-limit = 65536 (default)
2019-10-04 23:31:57,402 [f81be186-6bea-41b7-b784-bd173854311d@group-4C4A26244BEA-LeaderElection78] INFO  impl.RoleInfo (RoleInfo.java:updateAndGet(143)) - f81be186-6bea-41b7-b784-bd173854311d: start LeaderState
2019-10-04 23:31:57,402 [f81be186-6bea-41b7-b784-bd173854311d@group-4C4A26244BEA-LeaderElection78] INFO  segmented.SegmentedRaftLogWorker (SegmentedRaftLogWorker.java:startLogSegment(385)) - f81be186-6bea-41b7-b784-bd173854311d@group-4C4A26244BEA-SegmentedRaftLogWorker: Starting segment from index:0
2019-10-04 23:31:57,402 [f81be186-6bea-41b7-b784-bd173854311d@group-4C4A26244BEA-LeaderElection78] INFO  impl.RaftServerImpl (ServerState.java:setRaftConf(356)) - f81be186-6bea-41b7-b784-bd173854311d@group-4C4A26244BEA: set configuration 0: [f81be186-6bea-41b7-b784-bd173854311d:192.168.164.255:35621], old=null at 0
2019-10-04 23:31:57,405 [9a2fad00-014f-467f-9958-2d1098537ab3@group-58B60CDED015-SegmentedRaftLogWorker] INFO  segmented.SegmentedRaftLogWorker (SegmentedRaftLogWorker.java:execute(574)) - 9a2fad00-014f-467f-9958-2d1098537ab3@group-58B60CDED015-SegmentedRaftLogWorker: created new log segment /workdir/hadoop-ozone/integration-test/target/test-dir/MiniOzoneClusterImpl-77a65601-66c2-44da-9914-8a9405cf73ea/datanode-6/data/ratis/06ab485a-d9b1-4627-9fc0-58b60cded015/current/log_inprogress_0
2019-10-04 23:31:57,435 [f81be186-6bea-41b7-b784-bd173854311d@group-4C4A26244BEA-SegmentedRaftLogWorker] INFO  segmented.SegmentedRaftLogWorker (SegmentedRaftLogWorker.java:execute(574)) - f81be186-6bea-41b7-b784-bd173854311d@group-4C4A26244BEA-SegmentedRaftLogWorker: created new log segment /workdir/hadoop-ozone/integration-test/target/test-dir/MiniOzoneClusterImpl-77a65601-66c2-44da-9914-8a9405cf73ea/datanode-4/data/ratis/aa67d5c7-b597-4579-b0c4-4c4a26244bea/current/log_inprogress_0
2019-10-04 23:32:02,464 [Thread-3176] INFO  impl.FollowerState (FollowerState.java:run(108)) - 17fbe8f6-6b6a-4ab8-b8eb-a39a650135ba@group-3029DAA38393-FollowerState: change to CANDIDATE, lastRpcTime:5064ms, electionTimeout:5064ms
2019-10-04 23:32:02,464 [Thread-3176] INFO  impl.RoleInfo (RoleInfo.java:shutdownFollowerState(121)) - 17fbe8f6-6b6a-4ab8-b8eb-a39a650135ba: shutdown FollowerState
2019-10-04 23:32:02,464 [Thread-3176] INFO  impl.RaftServerImpl (RaftServerImpl.java:setRole(170)) - 17fbe8f6-6b6a-4ab8-b8eb-a39a650135ba@group-3029DAA38393: changes role from  FOLLOWER to CANDIDATE at term 1 for changeToCandidate
2019-10-04 23:32:02,464 [Thread-3176] INFO  impl.RoleInfo (RoleInfo.java:updateAndGet(143)) - 17fbe8f6-6b6a-4ab8-b8eb-a39a650135ba: start LeaderElection
2019-10-04 23:32:02,483 [17fbe8f6-6b6a-4ab8-b8eb-a39a650135ba@group-3029DAA38393-LeaderElection79] INFO  impl.LeaderElection (LeaderElection.java:askForVotes(178)) - 17fbe8f6-6b6a-4ab8-b8eb-a39a650135ba@group-3029DAA38393-LeaderElection79: begin an election at term 2 for -1: [f81be186-6bea-41b7-b784-bd173854311d:192.168.164.255:35621, 17fbe8f6-6b6a-4ab8-b8eb-a39a650135ba:192.168.164.255:37535, 02a1544b-ccb9-470b-bb2f-bdb12f5ecb22:192.168.164.255:46236], old=null
2019-10-04 23:32:02,487 [grpc-default-executor-5] INFO  impl.RaftServerImpl (RaftServerImpl.java:setRole(170)) - 02a1544b-ccb9-470b-bb2f-bdb12f5ecb22@group-3029DAA38393: changes role from  FOLLOWER to FOLLOWER at term 2 for recognizeCandidate:17fbe8f6-6b6a-4ab8-b8eb-a39a650135ba
2019-10-04 23:32:02,487 [grpc-default-executor-8] INFO  impl.RaftServerImpl (RaftServerImpl.java:setRole(170)) - f81be186-6bea-41b7-b784-bd173854311d@group-3029DAA38393: changes role from  FOLLOWER to FOLLOWER at term 2 for recognizeCandidate:17fbe8f6-6b6a-4ab8-b8eb-a39a650135ba
2019-10-04 23:32:02,487 [grpc-default-executor-8] INFO  impl.RoleInfo (RoleInfo.java:shutdownFollowerState(121)) - f81be186-6bea-41b7-b784-bd173854311d: shutdown FollowerState
2019-10-04 23:32:02,487 [grpc-default-executor-5] INFO  impl.RoleInfo (RoleInfo.java:shutdownFollowerState(121)) - 02a1544b-ccb9-470b-bb2f-bdb12f5ecb22: shutdown FollowerState
2019-10-04 23:32:02,488 [Thread-3172] INFO  impl.FollowerState (FollowerState.java:run(117)) - f81be186-6bea-41b7-b784-bd173854311d@group-3029DAA38393-FollowerState was interrupted: java.lang.InterruptedException: sleep interrupted
2019-10-04 23:32:02,488 [grpc-default-executor-8] INFO  impl.RoleInfo (RoleInfo.java:updateAndGet(143)) - f81be186-6bea-41b7-b784-bd173854311d: start FollowerState
2019-10-04 23:32:02,488 [grpc-default-executor-5] INFO  impl.RoleInfo (RoleInfo.java:updateAndGet(143)) - 02a1544b-ccb9-470b-bb2f-bdb12f5ecb22: start FollowerState
2019-10-04 23:32:02,488 [Thread-3175] INFO  impl.FollowerState (FollowerState.java:run(117)) - 02a1544b-ccb9-470b-bb2f-bdb12f5ecb22@group-3029DAA38393-FollowerState was interrupted: java.lang.InterruptedException: sleep interrupted
2019-10-04 23:32:02,510 [17fbe8f6-6b6a-4ab8-b8eb-a39a650135ba@group-3029DAA38393-LeaderElection79] INFO  impl.LeaderElection (LeaderElection.java:logAndReturn(56)) - 17fbe8f6-6b6a-4ab8-b8eb-a39a650135ba@group-3029DAA38393-LeaderElection79: Election PASSED; received 1 response(s) [17fbe8f6-6b6a-4ab8-b8eb-a39a650135ba<-02a1544b-ccb9-470b-bb2f-bdb12f5ecb22#0:OK-t2] and 0 exception(s); 17fbe8f6-6b6a-4ab8-b8eb-a39a650135ba@group-3029DAA38393:t2, leader=null, voted=17fbe8f6-6b6a-4ab8-b8eb-a39a650135ba, raftlog=17fbe8f6-6b6a-4ab8-b8eb-a39a650135ba@group-3029DAA38393-SegmentedRaftLog:OPENED:c-1,f-1,i0, conf=-1: [f81be186-6bea-41b7-b784-bd173854311d:192.168.164.255:35621, 17fbe8f6-6b6a-4ab8-b8eb-a39a650135ba:192.168.164.255:37535, 02a1544b-ccb9-470b-bb2f-bdb12f5ecb22:192.168.164.255:46236], old=null
2019-10-04 23:32:02,510 [17fbe8f6-6b6a-4ab8-b8eb-a39a650135ba@group-3029DAA38393-LeaderElection79] INFO  impl.RoleInfo (RoleInfo.java:shutdownLeaderElection(134)) - 17fbe8f6-6b6a-4ab8-b8eb-a39a650135ba: shutdown LeaderElection
2019-10-04 23:32:02,510 [17fbe8f6-6b6a-4ab8-b8eb-a39a650135ba@group-3029DAA38393-LeaderElection79] INFO  impl.RaftServerImpl (RaftServerImpl.java:setRole(170)) - 17fbe8f6-6b6a-4ab8-b8eb-a39a650135ba@group-3029DAA38393: changes role from CANDIDATE to LEADER at term 2 for changeToLeader
2019-10-04 23:32:02,510 [17fbe8f6-6b6a-4ab8-b8eb-a39a650135ba@group-3029DAA38393-LeaderElection79] INFO  impl.RaftServerImpl (ServerState.java:setLeader(255)) - 17fbe8f6-6b6a-4ab8-b8eb-a39a650135ba@group-3029DAA38393: change Leader from null to 17fbe8f6-6b6a-4ab8-b8eb-a39a650135ba at term 2 for becomeLeader, leader elected after 10369ms
2019-10-04 23:32:02,511 [17fbe8f6-6b6a-4ab8-b8eb-a39a650135ba@group-3029DAA38393-LeaderElection79] INFO  server.RaftServerConfigKeys (ConfUtils.java:logGet(43)) - raft.server.staging.catchup.gap = 1000 (default)
2019-10-04 23:32:02,511 [17fbe8f6-6b6a-4ab8-b8eb-a39a650135ba@group-3029DAA38393-LeaderElection79] INFO  server.RaftServerConfigKeys (ConfUtils.java:logGet(43)) - raft.server.rpc.sleep.time = 25ms (default)
2019-10-04 23:32:02,511 [17fbe8f6-6b6a-4ab8-b8eb-a39a650135ba@group-3029DAA38393-LeaderElection79] INFO  server.RaftServerConfigKeys (ConfUtils.java:logGet(43)) - raft.server.write.element-limit = 4096 (default)
2019-10-04 23:32:02,511 [17fbe8f6-6b6a-4ab8-b8eb-a39a650135ba@group-3029DAA38393-LeaderElection79] INFO  server.RaftServerConfigKeys (ConfUtils.java:logGet(43)) - raft.server.watch.timeout = 10s (default)
2019-10-04 23:32:02,511 [17fbe8f6-6b6a-4ab8-b8eb-a39a650135ba@group-3029DAA38393-LeaderElection79] INFO  server.RaftServerConfigKeys (ConfUtils.java:logGet(43)) - raft.server.watch.timeout.denomination = 1s (default)
2019-10-04 23:32:02,511 [17fbe8f6-6b6a-4ab8-b8eb-a39a650135ba@group-3029DAA38393-LeaderElection79] INFO  server.RaftServerConfigKeys (ConfUtils.java:logGet(43)) - raft.server.watch.element-limit = 65536 (default)
2019-10-04 23:32:02,513 [17fbe8f6-6b6a-4ab8-b8eb-a39a650135ba@group-3029DAA38393-LeaderElection79] INFO  server.RaftServerConfigKeys (ConfUtils.java:logGet(43)) - raft.server.log.appender.snapshot.chunk.size.max = 16MB (=16777216) (default)
2019-10-04 23:32:02,514 [17fbe8f6-6b6a-4ab8-b8eb-a39a650135ba@group-3029DAA38393-LeaderElection79] INFO  server.RaftServerConfigKeys (ConfUtils.java:logGet(43)) - raft.server.log.appender.buffer.byte-limit = 33554432 (custom)
2019-10-04 23:32:02,514 [17fbe8f6-6b6a-4ab8-b8eb-a39a650135ba@group-3029DAA38393-LeaderElection79] INFO  server.RaftServerConfigKeys (ConfUtils.java:logGet(43)) - raft.server.log.appender.buffer.element-limit = 1 (custom)
2019-10-04 23:32:02,514 [17fbe8f6-6b6a-4ab8-b8eb-a39a650135ba@group-3029DAA38393-LeaderElection79] INFO  grpc.GrpcConfigKeys$Server (ConfUtils.java:logGet(43)) - raft.grpc.server.leader.outstanding.appends.max = 128 (default)
2019-10-04 23:32:02,514 [17fbe8f6-6b6a-4ab8-b8eb-a39a650135ba@group-3029DAA38393-LeaderElection79] INFO  server.RaftServerConfigKeys (ConfUtils.java:logGet(43)) - raft.server.rpc.request.timeout = 3000ms (default)
2019-10-04 23:32:02,514 [17fbe8f6-6b6a-4ab8-b8eb-a39a650135ba@group-3029DAA38393-LeaderElection79] INFO  server.RaftServerConfigKeys (ConfUtils.java:logGet(43)) - raft.server.log.appender.install.snapshot.enabled = false (custom)
2019-10-04 23:32:02,515 [17fbe8f6-6b6a-4ab8-b8eb-a39a650135ba@group-3029DAA38393-LeaderElection79] INFO  server.RaftServerConfigKeys (ConfUtils.java:logGet(43)) - raft.server.log.appender.snapshot.chunk.size.max = 16MB (=16777216) (default)
2019-10-04 23:32:02,515 [17fbe8f6-6b6a-4ab8-b8eb-a39a650135ba@group-3029DAA38393-LeaderElection79] INFO  server.RaftServerConfigKeys (ConfUtils.java:logGet(43)) - raft.server.log.appender.buffer.byte-limit = 33554432 (custom)
2019-10-04 23:32:02,515 [17fbe8f6-6b6a-4ab8-b8eb-a39a650135ba@group-3029DAA38393-LeaderElection79] INFO  server.RaftServerConfigKeys (ConfUtils.java:logGet(43)) - raft.server.log.appender.buffer.element-limit = 1 (custom)
2019-10-04 23:32:02,515 [17fbe8f6-6b6a-4ab8-b8eb-a39a650135ba@group-3029DAA38393-LeaderElection79] INFO  grpc.GrpcConfigKeys$Server (ConfUtils.java:logGet(43)) - raft.grpc.server.leader.outstanding.appends.max = 128 (default)
2019-10-04 23:32:02,515 [17fbe8f6-6b6a-4ab8-b8eb-a39a650135ba@group-3029DAA38393-LeaderElection79] INFO  server.RaftServerConfigKeys (ConfUtils.java:logGet(43)) - raft.server.rpc.request.timeout = 3000ms (default)
2019-10-04 23:32:02,515 [17fbe8f6-6b6a-4ab8-b8eb-a39a650135ba@group-3029DAA38393-LeaderElection79] INFO  server.RaftServerConfigKeys (ConfUtils.java:logGet(43)) - raft.server.log.appender.install.snapshot.enabled = false (custom)
2019-10-04 23:32:02,516 [17fbe8f6-6b6a-4ab8-b8eb-a39a650135ba@group-3029DAA38393-LeaderElection79] INFO  impl.RoleInfo (RoleInfo.java:updateAndGet(143)) - 17fbe8f6-6b6a-4ab8-b8eb-a39a650135ba: start LeaderState
2019-10-04 23:32:02,516 [17fbe8f6-6b6a-4ab8-b8eb-a39a650135ba@group-3029DAA38393-LeaderElection79] INFO  segmented.SegmentedRaftLogWorker (SegmentedRaftLogWorker.java:startLogSegment(385)) - 17fbe8f6-6b6a-4ab8-b8eb-a39a650135ba@group-3029DAA38393-SegmentedRaftLogWorker: Starting segment from index:0
2019-10-04 23:32:02,517 [17fbe8f6-6b6a-4ab8-b8eb-a39a650135ba@group-3029DAA38393-LeaderElection79] INFO  impl.RaftServerImpl (ServerState.java:setRaftConf(356)) - 17fbe8f6-6b6a-4ab8-b8eb-a39a650135ba@group-3029DAA38393: set configuration 0: [f81be186-6bea-41b7-b784-bd173854311d:192.168.164.255:35621, 17fbe8f6-6b6a-4ab8-b8eb-a39a650135ba:192.168.164.255:37535, 02a1544b-ccb9-470b-bb2f-bdb12f5ecb22:192.168.164.255:46236], old=null at 0
2019-10-04 23:32:02,519 [grpc-default-executor-5] INFO  impl.RaftServerImpl (ServerState.java:setLeader(255)) - 02a1544b-ccb9-470b-bb2f-bdb12f5ecb22@group-3029DAA38393: change Leader from null to 17fbe8f6-6b6a-4ab8-b8eb-a39a650135ba at term 2 for appendEntries, leader elected after 10378ms
2019-10-04 23:32:02,519 [grpc-default-executor-8] INFO  impl.RaftServerImpl (ServerState.java:setLeader(255)) - f81be186-6bea-41b7-b784-bd173854311d@group-3029DAA38393: change Leader from null to 17fbe8f6-6b6a-4ab8-b8eb-a39a650135ba at term 2 for appendEntries, leader elected after 10378ms
2019-10-04 23:32:02,555 [grpc-default-executor-8] INFO  impl.RaftServerImpl (ServerState.java:setRaftConf(356)) - 02a1544b-ccb9-470b-bb2f-bdb12f5ecb22@group-3029DAA38393: set configuration 0: [f81be186-6bea-41b7-b784-bd173854311d:192.168.164.255:35621, 17fbe8f6-6b6a-4ab8-b8eb-a39a650135ba:192.168.164.255:37535, 02a1544b-ccb9-470b-bb2f-bdb12f5ecb22:192.168.164.255:46236], old=null at 0
2019-10-04 23:32:02,555 [grpc-default-executor-5] INFO  impl.RaftServerImpl (ServerState.java:setRaftConf(356)) - f81be186-6bea-41b7-b784-bd173854311d@group-3029DAA38393: set configuration 0: [f81be186-6bea-41b7-b784-bd173854311d:192.168.164.255:35621, 17fbe8f6-6b6a-4ab8-b8eb-a39a650135ba:192.168.164.255:37535, 02a1544b-ccb9-470b-bb2f-bdb12f5ecb22:192.168.164.255:46236], old=null at 0
2019-10-04 23:32:02,556 [grpc-default-executor-8] INFO  segmented.SegmentedRaftLogWorker (SegmentedRaftLogWorker.java:startLogSegment(385)) - 02a1544b-ccb9-470b-bb2f-bdb12f5ecb22@group-3029DAA38393-SegmentedRaftLogWorker: Starting segment from index:0
2019-10-04 23:32:02,556 [grpc-default-executor-5] INFO  segmented.SegmentedRaftLogWorker (SegmentedRaftLogWorker.java:startLogSegment(385)) - f81be186-6bea-41b7-b784-bd173854311d@group-3029DAA38393-SegmentedRaftLogWorker: Starting segment from index:0
2019-10-04 23:32:02,566 [17fbe8f6-6b6a-4ab8-b8eb-a39a650135ba@group-3029DAA38393-SegmentedRaftLogWorker] INFO  segmented.SegmentedRaftLogWorker (SegmentedRaftLogWorker.java:execute(574)) - 17fbe8f6-6b6a-4ab8-b8eb-a39a650135ba@group-3029DAA38393-SegmentedRaftLogWorker: created new log segment /workdir/hadoop-ozone/integration-test/target/test-dir/MiniOzoneClusterImpl-77a65601-66c2-44da-9914-8a9405cf73ea/datanode-5/data/ratis/75ddeac6-da64-45f8-b9b2-3029daa38393/current/log_inprogress_0
2019-10-04 23:32:02,600 [02a1544b-ccb9-470b-bb2f-bdb12f5ecb22@group-3029DAA38393-SegmentedRaftLogWorker] INFO  segmented.SegmentedRaftLogWorker (SegmentedRaftLogWorker.java:execute(574)) - 02a1544b-ccb9-470b-bb2f-bdb12f5ecb22@group-3029DAA38393-SegmentedRaftLogWorker: created new log segment /workdir/hadoop-ozone/integration-test/target/test-dir/MiniOzoneClusterImpl-77a65601-66c2-44da-9914-8a9405cf73ea/datanode-3/data/ratis/75ddeac6-da64-45f8-b9b2-3029daa38393/current/log_inprogress_0
2019-10-04 23:32:02,600 [f81be186-6bea-41b7-b784-bd173854311d@group-3029DAA38393-SegmentedRaftLogWorker] INFO  segmented.SegmentedRaftLogWorker (SegmentedRaftLogWorker.java:execute(574)) - f81be186-6bea-41b7-b784-bd173854311d@group-3029DAA38393-SegmentedRaftLogWorker: created new log segment /workdir/hadoop-ozone/integration-test/target/test-dir/MiniOzoneClusterImpl-77a65601-66c2-44da-9914-8a9405cf73ea/datanode-4/data/ratis/75ddeac6-da64-45f8-b9b2-3029daa38393/current/log_inprogress_0
2019-10-04 23:32:04,658 [Datanode State Machine Thread - 0] INFO  statemachine.DatanodeStateMachine (DatanodeStateMachine.java:lambda$startDaemon$0(350)) - Ozone container server started.
2019-10-04 23:32:08,674 [EventQueue-StaleNodeForStaleNodeHandler] INFO  node.StaleNodeHandler (StaleNodeHandler.java:onMessage(58)) - Datanode 17fbe8f6-6b6a-4ab8-b8eb-a39a650135ba{ip: 192.168.164.255, host: pr-hdds-2181-c9q8w-3494937983, networkLocation: /default-rack, certSerialId: null} moved to stale state. Finalizing its pipelines [PipelineID=f7ef4802-3c8a-442b-afc4-c7aab3ba810d, PipelineID=75ddeac6-da64-45f8-b9b2-3029daa38393]
2019-10-04 23:32:08,675 [EventQueue-StaleNodeForStaleNodeHandler] INFO  pipeline.SCMPipelineManager (SCMPipelineManager.java:finalizeAndDestroyPipeline(315)) - destroying pipeline:Pipeline[ Id: f7ef4802-3c8a-442b-afc4-c7aab3ba810d, Nodes: 17fbe8f6-6b6a-4ab8-b8eb-a39a650135ba{ip: 192.168.164.255, host: pr-hdds-2181-c9q8w-3494937983, networkLocation: /default-rack, certSerialId: null}, Type:RATIS, Factor:ONE, State:OPEN]
2019-10-04 23:32:08,675 [EventQueue-StaleNodeForStaleNodeHandler] INFO  pipeline.PipelineStateManager (PipelineStateManager.java:finalizePipeline(123)) - Pipeline Pipeline[ Id: f7ef4802-3c8a-442b-afc4-c7aab3ba810d, Nodes: 17fbe8f6-6b6a-4ab8-b8eb-a39a650135ba{ip: 192.168.164.255, host: pr-hdds-2181-c9q8w-3494937983, networkLocation: /default-rack, certSerialId: null}, Type:RATIS, Factor:ONE, State:CLOSED] moved to CLOSED state
2019-10-04 23:32:08,676 [EventQueue-StaleNodeForStaleNodeHandler] INFO  pipeline.SCMPipelineManager (SCMPipelineManager.java:finalizeAndDestroyPipeline(315)) - destroying pipeline:Pipeline[ Id: 75ddeac6-da64-45f8-b9b2-3029daa38393, Nodes: 17fbe8f6-6b6a-4ab8-b8eb-a39a650135ba{ip: 192.168.164.255, host: pr-hdds-2181-c9q8w-3494937983, networkLocation: /default-rack, certSerialId: null}02a1544b-ccb9-470b-bb2f-bdb12f5ecb22{ip: 192.168.164.255, host: pr-hdds-2181-c9q8w-3494937983, networkLocation: /default-rack, certSerialId: null}f81be186-6bea-41b7-b784-bd173854311d{ip: 192.168.164.255, host: pr-hdds-2181-c9q8w-3494937983, networkLocation: /default-rack, certSerialId: null}, Type:RATIS, Factor:THREE, State:OPEN]
2019-10-04 23:32:08,676 [EventQueue-StaleNodeForStaleNodeHandler] INFO  pipeline.PipelineStateManager (PipelineStateManager.java:finalizePipeline(123)) - Pipeline Pipeline[ Id: 75ddeac6-da64-45f8-b9b2-3029daa38393, Nodes: 17fbe8f6-6b6a-4ab8-b8eb-a39a650135ba{ip: 192.168.164.255, host: pr-hdds-2181-c9q8w-3494937983, networkLocation: /default-rack, certSerialId: null}02a1544b-ccb9-470b-bb2f-bdb12f5ecb22{ip: 192.168.164.255, host: pr-hdds-2181-c9q8w-3494937983, networkLocation: /default-rack, certSerialId: null}f81be186-6bea-41b7-b784-bd173854311d{ip: 192.168.164.255, host: pr-hdds-2181-c9q8w-3494937983, networkLocation: /default-rack, certSerialId: null}, Type:RATIS, Factor:THREE, State:CLOSED] moved to CLOSED state
2019-10-04 23:32:08,677 [EventQueue-CloseContainerForCloseContainerEventHandler] INFO  container.CloseContainerEventHandler (CloseContainerEventHandler.java:onMessage(61)) - Close container Event triggered for container : #1
2019-10-04 23:32:08,852 [main] INFO  ozoneimpl.OzoneContainer (OzoneContainer.java:stop(231)) - Attempting to stop container services.
2019-10-04 23:32:08,856 [main] INFO  impl.RaftServerProxy (RaftServerProxy.java:lambda$close$4(314)) - 17fbe8f6-6b6a-4ab8-b8eb-a39a650135ba: close
2019-10-04 23:32:08,857 [main] INFO  impl.RaftServerImpl (RaftServerImpl.java:lambda$shutdown$3(247)) - 17fbe8f6-6b6a-4ab8-b8eb-a39a650135ba@group-C7AAB3BA810D: shutdown
2019-10-04 23:32:08,857 [ForkJoinPool.commonPool-worker-1] INFO  impl.RaftServerImpl (RaftServerImpl.java:lambda$shutdown$3(247)) - 17fbe8f6-6b6a-4ab8-b8eb-a39a650135ba@group-3029DAA38393: shutdown
2019-10-04 23:32:08,858 [main] INFO  util.JmxRegister (JmxRegister.java:unregister(73)) - Successfully un-registered JMX Bean with object name Ratis:service=RaftServer,group=group-C7AAB3BA810D,id=17fbe8f6-6b6a-4ab8-b8eb-a39a650135ba
2019-10-04 23:32:08,858 [ForkJoinPool.commonPool-worker-1] INFO  util.JmxRegister (JmxRegister.java:unregister(73)) - Successfully un-registered JMX Bean with object name Ratis:service=RaftServer,group=group-3029DAA38393,id=17fbe8f6-6b6a-4ab8-b8eb-a39a650135ba
2019-10-04 23:32:08,858 [main] INFO  impl.RoleInfo (RoleInfo.java:shutdownLeaderState(104)) - 17fbe8f6-6b6a-4ab8-b8eb-a39a650135ba: shutdown LeaderState
2019-10-04 23:32:08,858 [ForkJoinPool.commonPool-worker-1] INFO  impl.RoleInfo (RoleInfo.java:shutdownLeaderState(104)) - 17fbe8f6-6b6a-4ab8-b8eb-a39a650135ba: shutdown LeaderState
2019-10-04 23:32:08,859 [main] INFO  impl.PendingRequests (PendingRequests.java:sendNotLeaderResponses(202)) - 17fbe8f6-6b6a-4ab8-b8eb-a39a650135ba@group-C7AAB3BA810D-PendingRequests: sendNotLeaderResponses
2019-10-04 23:32:08,865 [org.apache.ratis.server.impl.LogAppender$AppenderDaemon$$Lambda$524/627816793@1fd9702c] WARN  server.GrpcLogAppender (GrpcLogAppender.java:mayWait(143)) - 17fbe8f6-6b6a-4ab8-b8eb-a39a650135ba@group-3029DAA38393->f81be186-6bea-41b7-b784-bd173854311d-GrpcLogAppender: Wait interrupted by java.lang.InterruptedException
2019-10-04 23:32:08,865 [org.apache.ratis.server.impl.LogAppender$AppenderDaemon$$Lambda$524/627816793@53c5a522] WARN  server.GrpcLogAppender (GrpcLogAppender.java:mayWait(143)) - 17fbe8f6-6b6a-4ab8-b8eb-a39a650135ba@group-3029DAA38393->02a1544b-ccb9-470b-bb2f-bdb12f5ecb22-GrpcLogAppender: Wait interrupted by java.lang.InterruptedException
2019-10-04 23:32:08,865 [ForkJoinPool.commonPool-worker-1] INFO  impl.PendingRequests (PendingRequests.java:sendNotLeaderResponses(202)) - 17fbe8f6-6b6a-4ab8-b8eb-a39a650135ba@group-3029DAA38393-PendingRequests: sendNotLeaderResponses
2019-10-04 23:32:08,865 [main] INFO  impl.StateMachineUpdater (StateMachineUpdater.java:stopAndJoin(136)) - 17fbe8f6-6b6a-4ab8-b8eb-a39a650135ba@group-C7AAB3BA810D-StateMachineUpdater: set stopIndex = 0
2019-10-04 23:32:08,872 [ForkJoinPool.commonPool-worker-1] INFO  impl.StateMachineUpdater (StateMachineUpdater.java:stopAndJoin(136)) - 17fbe8f6-6b6a-4ab8-b8eb-a39a650135ba@group-3029DAA38393-StateMachineUpdater: set stopIndex = 16
2019-10-04 23:32:08,866 [grpc-default-executor-5] INFO  server.GrpcServerProtocolService (GrpcServerProtocolService.java:onCompleted(113)) - 02a1544b-ccb9-470b-bb2f-bdb12f5ecb22: Completed APPEND_ENTRIES, lastRequest: 17fbe8f6-6b6a-4ab8-b8eb-a39a650135ba->02a1544b-ccb9-470b-bb2f-bdb12f5ecb22#19-t2, previous=(t:2, i:16), leaderCommit=16, initializing? false, entries: <empty>
2019-10-04 23:32:08,866 [grpc-default-executor-4] INFO  server.GrpcServerProtocolService (GrpcServerProtocolService.java:onCompleted(113)) - f81be186-6bea-41b7-b784-bd173854311d: Completed APPEND_ENTRIES, lastRequest: 17fbe8f6-6b6a-4ab8-b8eb-a39a650135ba->f81be186-6bea-41b7-b784-bd173854311d#19-t2, previous=(t:2, i:16), leaderCommit=16, initializing? false, entries: <empty>
2019-10-04 23:32:08,872 [17fbe8f6-6b6a-4ab8-b8eb-a39a650135ba@group-3029DAA38393-StateMachineUpdater] INFO  ratis.ContainerStateMachine (ContainerStateMachine.java:takeSnapshot(293)) - group-3029DAA38393: Taking a snapshot at:(t:2, i:14) file /workdir/hadoop-ozone/integration-test/target/test-dir/MiniOzoneClusterImpl-77a65601-66c2-44da-9914-8a9405cf73ea/datanode-5/data/ratis/75ddeac6-da64-45f8-b9b2-3029daa38393/sm/snapshot.2_14
2019-10-04 23:32:08,872 [main] INFO  impl.RaftServerImpl (ServerState.java:close(387)) - 17fbe8f6-6b6a-4ab8-b8eb-a39a650135ba@group-C7AAB3BA810D: closes. applyIndex: 0
2019-10-04 23:32:08,873 [grpc-default-executor-4] INFO  server.GrpcLogAppender (GrpcLogAppender.java:onCompleted(293)) - 17fbe8f6-6b6a-4ab8-b8eb-a39a650135ba@group-3029DAA38393->f81be186-6bea-41b7-b784-bd173854311d-AppendLogResponseHandler: follower responses appendEntries COMPLETED
2019-10-04 23:32:08,873 [17fbe8f6-6b6a-4ab8-b8eb-a39a650135ba@group-C7AAB3BA810D-SegmentedRaftLogWorker] INFO  segmented.SegmentedRaftLogWorker (SegmentedRaftLogWorker.java:run(316)) - 17fbe8f6-6b6a-4ab8-b8eb-a39a650135ba@group-C7AAB3BA810D-SegmentedRaftLogWorker was interrupted, exiting. There are 0 tasks remaining in the queue.
2019-10-04 23:32:08,873 [grpc-default-executor-5] INFO  server.GrpcLogAppender (GrpcLogAppender.java:onCompleted(293)) - 17fbe8f6-6b6a-4ab8-b8eb-a39a650135ba@group-3029DAA38393->02a1544b-ccb9-470b-bb2f-bdb12f5ecb22-AppendLogResponseHandler: follower responses appendEntries COMPLETED
2019-10-04 23:32:08,877 [grpc-default-executor-4] INFO  impl.FollowerInfo (FollowerInfo.java:lambda$new$0(51)) - 17fbe8f6-6b6a-4ab8-b8eb-a39a650135ba@group-3029DAA38393->f81be186-6bea-41b7-b784-bd173854311d: nextIndex: updateUnconditionally 17 -> 16
2019-10-04 23:32:08,877 [grpc-default-executor-5] INFO  impl.FollowerInfo (FollowerInfo.java:lambda$new$0(51)) - 17fbe8f6-6b6a-4ab8-b8eb-a39a650135ba@group-3029DAA38393->02a1544b-ccb9-470b-bb2f-bdb12f5ecb22: nextIndex: updateUnconditionally 17 -> 16
2019-10-04 23:32:08,884 [main] INFO  segmented.SegmentedRaftLogWorker (SegmentedRaftLogWorker.java:close(224)) - 17fbe8f6-6b6a-4ab8-b8eb-a39a650135ba@group-C7AAB3BA810D-SegmentedRaftLogWorker close()
2019-10-04 23:32:08,887 [17fbe8f6-6b6a-4ab8-b8eb-a39a650135ba@group-3029DAA38393-StateMachineUpdater] INFO  ratis.ContainerStateMachine (ContainerStateMachine.java:takeSnapshot(304)) - group-3029DAA38393: Finished taking a snapshot at:(t:2, i:14) file:/workdir/hadoop-ozone/integration-test/target/test-dir/MiniOzoneClusterImpl-77a65601-66c2-44da-9914-8a9405cf73ea/datanode-5/data/ratis/75ddeac6-da64-45f8-b9b2-3029daa38393/sm/snapshot.2_14 time:15
2019-10-04 23:32:08,890 [17fbe8f6-6b6a-4ab8-b8eb-a39a650135ba@group-3029DAA38393-StateMachineUpdater] INFO  impl.StateMachineUpdater (StateMachineUpdater.java:takeSnapshot(269)) - 17fbe8f6-6b6a-4ab8-b8eb-a39a650135ba@group-3029DAA38393-StateMachineUpdater: Took a snapshot at index 14
2019-10-04 23:32:08,890 [17fbe8f6-6b6a-4ab8-b8eb-a39a650135ba@group-3029DAA38393-StateMachineUpdater] INFO  impl.StateMachineUpdater (StateMachineUpdater.java:lambda$new$0(84)) - 17fbe8f6-6b6a-4ab8-b8eb-a39a650135ba@group-3029DAA38393-StateMachineUpdater: snapshotIndex: updateIncreasingly -1 -> 14
2019-10-04 23:32:08,890 [17fbe8f6-6b6a-4ab8-b8eb-a39a650135ba@group-3029DAA38393-StateMachineUpdater] INFO  ratis.ContainerStateMachine (ContainerStateMachine.java:takeSnapshot(293)) - group-3029DAA38393: Taking a snapshot at:(t:2, i:14) file /workdir/hadoop-ozone/integration-test/target/test-dir/MiniOzoneClusterImpl-77a65601-66c2-44da-9914-8a9405cf73ea/datanode-5/data/ratis/75ddeac6-da64-45f8-b9b2-3029daa38393/sm/snapshot.2_14
2019-10-04 23:32:08,902 [17fbe8f6-6b6a-4ab8-b8eb-a39a650135ba@group-3029DAA38393-StateMachineUpdater] INFO  ratis.ContainerStateMachine (ContainerStateMachine.java:takeSnapshot(304)) - group-3029DAA38393: Finished taking a snapshot at:(t:2, i:14) file:/workdir/hadoop-ozone/integration-test/target/test-dir/MiniOzoneClusterImpl-77a65601-66c2-44da-9914-8a9405cf73ea/datanode-5/data/ratis/75ddeac6-da64-45f8-b9b2-3029daa38393/sm/snapshot.2_14 time:12
2019-10-04 23:32:08,902 [17fbe8f6-6b6a-4ab8-b8eb-a39a650135ba@group-3029DAA38393-StateMachineUpdater] INFO  impl.StateMachineUpdater (StateMachineUpdater.java:takeSnapshot(269)) - 17fbe8f6-6b6a-4ab8-b8eb-a39a650135ba@group-3029DAA38393-StateMachineUpdater: Took a snapshot at index 14
2019-10-04 23:32:08,903 [17fbe8f6-6b6a-4ab8-b8eb-a39a650135ba@group-3029DAA38393-StateMachineUpdater] INFO  impl.StateMachineUpdater (StateMachineUpdater.java:lambda$new$0(84)) - 17fbe8f6-6b6a-4ab8-b8eb-a39a650135ba@group-3029DAA38393-StateMachineUpdater: snapshotIndex: updateIncreasingly 14 -> 14
2019-10-04 23:32:08,903 [ForkJoinPool.commonPool-worker-1] INFO  impl.RaftServerImpl (ServerState.java:close(387)) - 17fbe8f6-6b6a-4ab8-b8eb-a39a650135ba@group-3029DAA38393: closes. applyIndex: 16
2019-10-04 23:32:08,903 [17fbe8f6-6b6a-4ab8-b8eb-a39a650135ba@group-3029DAA38393-SegmentedRaftLogWorker] INFO  segmented.SegmentedRaftLogWorker (SegmentedRaftLogWorker.java:run(316)) - 17fbe8f6-6b6a-4ab8-b8eb-a39a650135ba@group-3029DAA38393-SegmentedRaftLogWorker was interrupted, exiting. There are 0 tasks remaining in the queue.
2019-10-04 23:32:08,906 [ForkJoinPool.commonPool-worker-1] INFO  segmented.SegmentedRaftLogWorker (SegmentedRaftLogWorker.java:close(224)) - 17fbe8f6-6b6a-4ab8-b8eb-a39a650135ba@group-3029DAA38393-SegmentedRaftLogWorker close()
2019-10-04 23:32:08,911 [main] INFO  server.GrpcService (GrpcService.java:closeImpl(164)) - 17fbe8f6-6b6a-4ab8-b8eb-a39a650135ba: shutdown server with port 37535 now
2019-10-04 23:32:08,912 [grpc-default-executor-8] WARN  client.GrpcClientProtocolService (LogUtils.java:warn(134)) - 6-UnorderedRequestStreamObserver6: onError: org.apache.ratis.thirdparty.io.grpc.StatusRuntimeException: CANCELLED: cancelled before receiving half close
2019-10-04 23:32:08,912 [main] INFO  server.GrpcService (GrpcService.java:closeImpl(172)) - 17fbe8f6-6b6a-4ab8-b8eb-a39a650135ba: shutdown server with port 37535 successfully
2019-10-04 23:32:08,914 [refreshUsed-/workdir/hadoop-ozone/integration-test/target/test-dir/MiniOzoneClusterImpl-77a65601-66c2-44da-9914-8a9405cf73ea/datanode-5/data/containers] WARN  fs.CachingGetSpaceUsed (CachingGetSpaceUsed.java:run(183)) - Thread Interrupted waiting to refresh disk information: sleep interrupted
2019-10-04 23:32:08,928 [main] INFO  utils.BackgroundService (BackgroundService.java:shutdown(148)) - Shutting down service BlockDeletingService
2019-10-04 23:32:08,935 [main] INFO  statemachine.DatanodeStateMachine (DatanodeStateMachine.java:stopDaemon(395)) - Ozone container server stopped.
2019-10-04 23:32:08,937 [main] INFO  handler.ContextHandler (ContextHandler.java:doStop(910)) - Stopped o.e.j.w.WebAppContext@38811103{/,null,UNAVAILABLE}{/hddsDatanode}
2019-10-04 23:32:08,937 [main] INFO  server.AbstractConnector (AbstractConnector.java:doStop(318)) - Stopped ServerConnector@787d1f9c{HTTP/1.1,[http/1.1]}{0.0.0.0:0}
2019-10-04 23:32:08,938 [main] INFO  handler.ContextHandler (ContextHandler.java:doStop(910)) - Stopped o.e.j.s.ServletContextHandler@6dae70f9{/static,jar:file:/home/user/.m2/repository/org/apache/hadoop/hadoop-hdds-container-service/0.5.0-SNAPSHOT/hadoop-hdds-container-service-0.5.0-SNAPSHOT.jar!/webapps/static,UNAVAILABLE}
2019-10-04 23:32:08,938 [main] INFO  handler.ContextHandler (ContextHandler.java:doStop(910)) - Stopped o.e.j.s.ServletContextHandler@751d7425{/logs,file:///workdir/hadoop-ozone/integration-test/target/log,UNAVAILABLE}
2019-10-04 23:32:17,804 [Thread-3195] INFO  impl.FollowerState (FollowerState.java:run(108)) - f81be186-6bea-41b7-b784-bd173854311d@group-3029DAA38393-FollowerState: change to CANDIDATE, lastRpcTime:8947ms, electionTimeout:5089ms
2019-10-04 23:32:17,805 [Thread-3195] INFO  impl.RoleInfo (RoleInfo.java:shutdownFollowerState(121)) - f81be186-6bea-41b7-b784-bd173854311d: shutdown FollowerState
2019-10-04 23:32:17,805 [Thread-3195] INFO  impl.RaftServerImpl (RaftServerImpl.java:setRole(170)) - f81be186-6bea-41b7-b784-bd173854311d@group-3029DAA38393: changes role from  FOLLOWER to CANDIDATE at term 2 for changeToCandidate
2019-10-04 23:32:17,805 [Thread-3195] INFO  impl.RoleInfo (RoleInfo.java:updateAndGet(143)) - f81be186-6bea-41b7-b784-bd173854311d: start LeaderElection
2019-10-04 23:32:17,809 [f81be186-6bea-41b7-b784-bd173854311d@group-3029DAA38393-LeaderElection80] INFO  impl.RaftServerImpl (ServerState.java:setLeader(255)) - f81be186-6bea-41b7-b784-bd173854311d@group-3029DAA38393: change Leader from 17fbe8f6-6b6a-4ab8-b8eb-a39a650135ba to null at term 2 for initElection
2019-10-04 23:32:17,823 [f81be186-6bea-41b7-b784-bd173854311d@group-3029DAA38393-LeaderElection80] INFO  impl.LeaderElection (LeaderElection.java:askForVotes(178)) - f81be186-6bea-41b7-b784-bd173854311d@group-3029DAA38393-LeaderElection80: begin an election at term 3 for 0: [f81be186-6bea-41b7-b784-bd173854311d:192.168.164.255:35621, 17fbe8f6-6b6a-4ab8-b8eb-a39a650135ba:192.168.164.255:37535, 02a1544b-ccb9-470b-bb2f-bdb12f5ecb22:192.168.164.255:46236], old=null
2019-10-04 23:32:17,827 [f81be186-6bea-41b7-b784-bd173854311d@group-3029DAA38393-LeaderElection80] INFO  impl.LeaderElection (LogUtils.java:infoOrTrace(149)) - f81be186-6bea-41b7-b784-bd173854311d@group-3029DAA38393-LeaderElection80 got exception when requesting votes: {}
java.util.concurrent.ExecutionException: org.apache.ratis.thirdparty.io.grpc.StatusRuntimeException: UNAVAILABLE: io exception
	at java.util.concurrent.FutureTask.report(FutureTask.java:122)
	at java.util.concurrent.FutureTask.get(FutureTask.java:192)
	at org.apache.ratis.server.impl.LeaderElection.waitForResults(LeaderElection.java:259)
	at org.apache.ratis.server.impl.LeaderElection.askForVotes(LeaderElection.java:197)
	at org.apache.ratis.server.impl.LeaderElection.run(LeaderElection.java:133)
	at java.lang.Thread.run(Thread.java:748)
Caused by: org.apache.ratis.thirdparty.io.grpc.StatusRuntimeException: UNAVAILABLE: io exception
	at org.apache.ratis.thirdparty.io.grpc.stub.ClientCalls.toStatusRuntimeException(ClientCalls.java:233)
	at org.apache.ratis.thirdparty.io.grpc.stub.ClientCalls.getUnchecked(ClientCalls.java:214)
	at org.apache.ratis.thirdparty.io.grpc.stub.ClientCalls.blockingUnaryCall(ClientCalls.java:139)
	at org.apache.ratis.proto.grpc.RaftServerProtocolServiceGrpc$RaftServerProtocolServiceBlockingStub.requestVote(RaftServerProtocolServiceGrpc.java:265)
	at org.apache.ratis.grpc.server.GrpcServerProtocolClient.requestVote(GrpcServerProtocolClient.java:99)
	at org.apache.ratis.grpc.server.GrpcService.requestVote(GrpcService.java:204)
	at org.apache.ratis.server.impl.LeaderElection.lambda$submitRequests$1(LeaderElection.java:234)
	at java.util.concurrent.FutureTask.run(FutureTask.java:266)
	at java.util.concurrent.Executors$RunnableAdapter.call(Executors.java:511)
	at java.util.concurrent.FutureTask.run(FutureTask.java:266)
	at java.util.concurrent.ThreadPoolExecutor.runWorker(ThreadPoolExecutor.java:1149)
	at java.util.concurrent.ThreadPoolExecutor$Worker.run(ThreadPoolExecutor.java:624)
	... 1 more
Caused by: org.apache.ratis.thirdparty.io.netty.channel.AbstractChannel$AnnotatedConnectException: Connection refused: /192.168.164.255:37535
	at sun.nio.ch.SocketChannelImpl.checkConnect(Native Method)
	at sun.nio.ch.SocketChannelImpl.finishConnect(SocketChannelImpl.java:717)
	at org.apache.ratis.thirdparty.io.netty.channel.socket.nio.NioSocketChannel.doFinishConnect(NioSocketChannel.java:327)
	at org.apache.ratis.thirdparty.io.netty.channel.nio.AbstractNioChannel$AbstractNioUnsafe.finishConnect(AbstractNioChannel.java:340)
	at org.apache.ratis.thirdparty.io.netty.channel.nio.NioEventLoop.processSelectedKey(NioEventLoop.java:632)
	at org.apache.ratis.thirdparty.io.netty.channel.nio.NioEventLoop.processSelectedKeysOptimized(NioEventLoop.java:579)
	at org.apache.ratis.thirdparty.io.netty.channel.nio.NioEventLoop.processSelectedKeys(NioEventLoop.java:496)
	at org.apache.ratis.thirdparty.io.netty.channel.nio.NioEventLoop.run(NioEventLoop.java:458)
	at org.apache.ratis.thirdparty.io.netty.util.concurrent.SingleThreadEventExecutor$5.run(SingleThreadEventExecutor.java:897)
	at org.apache.ratis.thirdparty.io.netty.util.concurrent.FastThreadLocalRunnable.run(FastThreadLocalRunnable.java:30)
	... 1 more
Caused by: java.net.ConnectException: Connection refused
	... 11 more
2019-10-04 23:32:17,830 [grpc-default-executor-7] INFO  impl.RaftServerImpl (ServerState.java:setLeader(255)) - 02a1544b-ccb9-470b-bb2f-bdb12f5ecb22@group-3029DAA38393: change Leader from 17fbe8f6-6b6a-4ab8-b8eb-a39a650135ba to null at term 3 for updateCurrentTerm
2019-10-04 23:32:17,831 [grpc-default-executor-7] INFO  impl.RaftServerImpl (RaftServerImpl.java:setRole(170)) - 02a1544b-ccb9-470b-bb2f-bdb12f5ecb22@group-3029DAA38393: changes role from  FOLLOWER to FOLLOWER at term 3 for recognizeCandidate:f81be186-6bea-41b7-b784-bd173854311d
2019-10-04 23:32:17,831 [grpc-default-executor-7] INFO  impl.RoleInfo (RoleInfo.java:shutdownFollowerState(121)) - 02a1544b-ccb9-470b-bb2f-bdb12f5ecb22: shutdown FollowerState
2019-10-04 23:32:17,831 [grpc-default-executor-7] INFO  impl.RoleInfo (RoleInfo.java:updateAndGet(143)) - 02a1544b-ccb9-470b-bb2f-bdb12f5ecb22: start FollowerState
2019-10-04 23:32:17,831 [Thread-3196] INFO  impl.FollowerState (FollowerState.java:run(117)) - 02a1544b-ccb9-470b-bb2f-bdb12f5ecb22@group-3029DAA38393-FollowerState was interrupted: java.lang.InterruptedException: sleep interrupted
2019-10-04 23:32:17,848 [f81be186-6bea-41b7-b784-bd173854311d@group-3029DAA38393-LeaderElection80] INFO  impl.LeaderElection (LeaderElection.java:logAndReturn(56)) - f81be186-6bea-41b7-b784-bd173854311d@group-3029DAA38393-LeaderElection80: Election PASSED; received 1 response(s) [f81be186-6bea-41b7-b784-bd173854311d<-02a1544b-ccb9-470b-bb2f-bdb12f5ecb22#0:OK-t3] and 1 exception(s); f81be186-6bea-41b7-b784-bd173854311d@group-3029DAA38393:t3, leader=null, voted=f81be186-6bea-41b7-b784-bd173854311d, raftlog=f81be186-6bea-41b7-b784-bd173854311d@group-3029DAA38393-SegmentedRaftLog:OPENED:c16,f16,i16, conf=0: [f81be186-6bea-41b7-b784-bd173854311d:192.168.164.255:35621, 17fbe8f6-6b6a-4ab8-b8eb-a39a650135ba:192.168.164.255:37535, 02a1544b-ccb9-470b-bb2f-bdb12f5ecb22:192.168.164.255:46236], old=null
2019-10-04 23:32:17,848 [f81be186-6bea-41b7-b784-bd173854311d@group-3029DAA38393-LeaderElection80] INFO  impl.LeaderElection (LogUtils.java:infoOrTrace(149)) -   Exception 0: {}
java.util.concurrent.ExecutionException: org.apache.ratis.thirdparty.io.grpc.StatusRuntimeException: UNAVAILABLE: io exception
	at java.util.concurrent.FutureTask.report(FutureTask.java:122)
	at java.util.concurrent.FutureTask.get(FutureTask.java:192)
	at org.apache.ratis.server.impl.LeaderElection.waitForResults(LeaderElection.java:259)
	at org.apache.ratis.server.impl.LeaderElection.askForVotes(LeaderElection.java:197)
	at org.apache.ratis.server.impl.LeaderElection.run(LeaderElection.java:133)
	at java.lang.Thread.run(Thread.java:748)
Caused by: org.apache.ratis.thirdparty.io.grpc.StatusRuntimeException: UNAVAILABLE: io exception
	at org.apache.ratis.thirdparty.io.grpc.stub.ClientCalls.toStatusRuntimeException(ClientCalls.java:233)
	at org.apache.ratis.thirdparty.io.grpc.stub.ClientCalls.getUnchecked(ClientCalls.java:214)
	at org.apache.ratis.thirdparty.io.grpc.stub.ClientCalls.blockingUnaryCall(ClientCalls.java:139)
	at org.apache.ratis.proto.grpc.RaftServerProtocolServiceGrpc$RaftServerProtocolServiceBlockingStub.requestVote(RaftServerProtocolServiceGrpc.java:265)
	at org.apache.ratis.grpc.server.GrpcServerProtocolClient.requestVote(GrpcServerProtocolClient.java:99)
	at org.apache.ratis.grpc.server.GrpcService.requestVote(GrpcService.java:204)
	at org.apache.ratis.server.impl.LeaderElection.lambda$submitRequests$1(LeaderElection.java:234)
	at java.util.concurrent.FutureTask.run(FutureTask.java:266)
	at java.util.concurrent.Executors$RunnableAdapter.call(Executors.java:511)
	at java.util.concurrent.FutureTask.run(FutureTask.java:266)
	at java.util.concurrent.ThreadPoolExecutor.runWorker(ThreadPoolExecutor.java:1149)
	at java.util.concurrent.ThreadPoolExecutor$Worker.run(ThreadPoolExecutor.java:624)
	... 1 more
Caused by: org.apache.ratis.thirdparty.io.netty.channel.AbstractChannel$AnnotatedConnectException: Connection refused: /192.168.164.255:37535
	at sun.nio.ch.SocketChannelImpl.checkConnect(Native Method)
	at sun.nio.ch.SocketChannelImpl.finishConnect(SocketChannelImpl.java:717)
	at org.apache.ratis.thirdparty.io.netty.channel.socket.nio.NioSocketChannel.doFinishConnect(NioSocketChannel.java:327)
	at org.apache.ratis.thirdparty.io.netty.channel.nio.AbstractNioChannel$AbstractNioUnsafe.finishConnect(AbstractNioChannel.java:340)
	at org.apache.ratis.thirdparty.io.netty.channel.nio.NioEventLoop.processSelectedKey(NioEventLoop.java:632)
	at org.apache.ratis.thirdparty.io.netty.channel.nio.NioEventLoop.processSelectedKeysOptimized(NioEventLoop.java:579)
	at org.apache.ratis.thirdparty.io.netty.channel.nio.NioEventLoop.processSelectedKeys(NioEventLoop.java:496)
	at org.apache.ratis.thirdparty.io.netty.channel.nio.NioEventLoop.run(NioEventLoop.java:458)
	at org.apache.ratis.thirdparty.io.netty.util.concurrent.SingleThreadEventExecutor$5.run(SingleThreadEventExecutor.java:897)
	at org.apache.ratis.thirdparty.io.netty.util.concurrent.FastThreadLocalRunnable.run(FastThreadLocalRunnable.java:30)
	... 1 more
Caused by: java.net.ConnectException: Connection refused
	... 11 more
2019-10-04 23:32:17,849 [f81be186-6bea-41b7-b784-bd173854311d@group-3029DAA38393-LeaderElection80] INFO  impl.RoleInfo (RoleInfo.java:shutdownLeaderElection(134)) - f81be186-6bea-41b7-b784-bd173854311d: shutdown LeaderElection
2019-10-04 23:32:17,849 [f81be186-6bea-41b7-b784-bd173854311d@group-3029DAA38393-LeaderElection80] INFO  impl.RaftServerImpl (RaftServerImpl.java:setRole(170)) - f81be186-6bea-41b7-b784-bd173854311d@group-3029DAA38393: changes role from CANDIDATE to LEADER at term 3 for changeToLeader
2019-10-04 23:32:17,849 [f81be186-6bea-41b7-b784-bd173854311d@group-3029DAA38393-LeaderElection80] INFO  impl.RaftServerImpl (ServerState.java:setLeader(255)) - f81be186-6bea-41b7-b784-bd173854311d@group-3029DAA38393: change Leader from null to f81be186-6bea-41b7-b784-bd173854311d at term 3 for becomeLeader, leader elected after 39ms
2019-10-04 23:32:17,849 [f81be186-6bea-41b7-b784-bd173854311d@group-3029DAA38393-LeaderElection80] INFO  server.RaftServerConfigKeys (ConfUtils.java:logGet(43)) - raft.server.staging.catchup.gap = 1000 (default)
2019-10-04 23:32:17,849 [f81be186-6bea-41b7-b784-bd173854311d@group-3029DAA38393-LeaderElection80] INFO  server.RaftServerConfigKeys (ConfUtils.java:logGet(43)) - raft.server.rpc.sleep.time = 25ms (default)
2019-10-04 23:32:17,850 [f81be186-6bea-41b7-b784-bd173854311d@group-3029DAA38393-LeaderElection80] INFO  server.RaftServerConfigKeys (ConfUtils.java:logGet(43)) - raft.server.write.element-limit = 4096 (default)
2019-10-04 23:32:17,850 [f81be186-6bea-41b7-b784-bd173854311d@group-3029DAA38393-LeaderElection80] INFO  server.RaftServerConfigKeys (ConfUtils.java:logGet(43)) - raft.server.watch.timeout = 10s (default)
2019-10-04 23:32:17,850 [f81be186-6bea-41b7-b784-bd173854311d@group-3029DAA38393-LeaderElection80] INFO  server.RaftServerConfigKeys (ConfUtils.java:logGet(43)) - raft.server.watch.timeout.denomination = 1s (default)
2019-10-04 23:32:17,850 [f81be186-6bea-41b7-b784-bd173854311d@group-3029DAA38393-LeaderElection80] INFO  server.RaftServerConfigKeys (ConfUtils.java:logGet(43)) - raft.server.watch.element-limit = 65536 (default)
2019-10-04 23:32:17,852 [f81be186-6bea-41b7-b784-bd173854311d@group-3029DAA38393-LeaderElection80] INFO  server.RaftServerConfigKeys (ConfUtils.java:logGet(43)) - raft.server.log.appender.snapshot.chunk.size.max = 16MB (=16777216) (default)
2019-10-04 23:32:17,853 [f81be186-6bea-41b7-b784-bd173854311d@group-3029DAA38393-LeaderElection80] INFO  server.RaftServerConfigKeys (ConfUtils.java:logGet(43)) - raft.server.log.appender.buffer.byte-limit = 33554432 (custom)
2019-10-04 23:32:17,853 [f81be186-6bea-41b7-b784-bd173854311d@group-3029DAA38393-LeaderElection80] INFO  server.RaftServerConfigKeys (ConfUtils.java:logGet(43)) - raft.server.log.appender.buffer.element-limit = 1 (custom)
2019-10-04 23:32:17,853 [f81be186-6bea-41b7-b784-bd173854311d@group-3029DAA38393-LeaderElection80] INFO  grpc.GrpcConfigKeys$Server (ConfUtils.java:logGet(43)) - raft.grpc.server.leader.outstanding.appends.max = 128 (default)
2019-10-04 23:32:17,853 [f81be186-6bea-41b7-b784-bd173854311d@group-3029DAA38393-LeaderElection80] INFO  server.RaftServerConfigKeys (ConfUtils.java:logGet(43)) - raft.server.rpc.request.timeout = 3000ms (default)
2019-10-04 23:32:17,853 [f81be186-6bea-41b7-b784-bd173854311d@group-3029DAA38393-LeaderElection80] INFO  server.RaftServerConfigKeys (ConfUtils.java:logGet(43)) - raft.server.log.appender.install.snapshot.enabled = false (custom)
2019-10-04 23:32:17,853 [f81be186-6bea-41b7-b784-bd173854311d@group-3029DAA38393-LeaderElection80] INFO  server.RaftServerConfigKeys (ConfUtils.java:logGet(43)) - raft.server.log.appender.snapshot.chunk.size.max = 16MB (=16777216) (default)
2019-10-04 23:32:17,854 [f81be186-6bea-41b7-b784-bd173854311d@group-3029DAA38393-LeaderElection80] INFO  server.RaftServerConfigKeys (ConfUtils.java:logGet(43)) - raft.server.log.appender.buffer.byte-limit = 33554432 (custom)
2019-10-04 23:32:17,854 [f81be186-6bea-41b7-b784-bd173854311d@group-3029DAA38393-LeaderElection80] INFO  server.RaftServerConfigKeys (ConfUtils.java:logGet(43)) - raft.server.log.appender.buffer.element-limit = 1 (custom)
2019-10-04 23:32:17,854 [f81be186-6bea-41b7-b784-bd173854311d@group-3029DAA38393-LeaderElection80] INFO  grpc.GrpcConfigKeys$Server (ConfUtils.java:logGet(43)) - raft.grpc.server.leader.outstanding.appends.max = 128 (default)
2019-10-04 23:32:17,854 [f81be186-6bea-41b7-b784-bd173854311d@group-3029DAA38393-LeaderElection80] INFO  server.RaftServerConfigKeys (ConfUtils.java:logGet(43)) - raft.server.rpc.request.timeout = 3000ms (default)
2019-10-04 23:32:17,854 [f81be186-6bea-41b7-b784-bd173854311d@group-3029DAA38393-LeaderElection80] INFO  server.RaftServerConfigKeys (ConfUtils.java:logGet(43)) - raft.server.log.appender.install.snapshot.enabled = false (custom)
2019-10-04 23:32:17,854 [f81be186-6bea-41b7-b784-bd173854311d@group-3029DAA38393-LeaderElection80] INFO  impl.RoleInfo (RoleInfo.java:updateAndGet(143)) - f81be186-6bea-41b7-b784-bd173854311d: start LeaderState
2019-10-04 23:32:17,854 [f81be186-6bea-41b7-b784-bd173854311d@group-3029DAA38393-LeaderElection80] INFO  segmented.SegmentedRaftLogWorker (SegmentedRaftLogWorker.java:rollLogSegment(390)) - f81be186-6bea-41b7-b784-bd173854311d@group-3029DAA38393-SegmentedRaftLogWorker: Rolling segment log-0_16 to index:16
2019-10-04 23:32:17,855 [f81be186-6bea-41b7-b784-bd173854311d@group-3029DAA38393-LeaderElection80] INFO  impl.RaftServerImpl (ServerState.java:setRaftConf(356)) - f81be186-6bea-41b7-b784-bd173854311d@group-3029DAA38393: set configuration 17: [f81be186-6bea-41b7-b784-bd173854311d:192.168.164.255:35621, 17fbe8f6-6b6a-4ab8-b8eb-a39a650135ba:192.168.164.255:37535, 02a1544b-ccb9-470b-bb2f-bdb12f5ecb22:192.168.164.255:46236], old=null at 17
2019-10-04 23:32:17,856 [grpc-default-executor-7] WARN  server.GrpcLogAppender (LogUtils.java:warn(134)) - f81be186-6bea-41b7-b784-bd173854311d@group-3029DAA38393->17fbe8f6-6b6a-4ab8-b8eb-a39a650135ba-AppendLogResponseHandler: Failed appendEntries: org.apache.ratis.thirdparty.io.grpc.StatusRuntimeException: UNAVAILABLE: io exception
2019-10-04 23:32:17,862 [grpc-default-executor-7] INFO  impl.FollowerInfo (FollowerInfo.java:lambda$new$0(51)) - f81be186-6bea-41b7-b784-bd173854311d@group-3029DAA38393->17fbe8f6-6b6a-4ab8-b8eb-a39a650135ba: nextIndex: updateUnconditionally 17 -> 1
2019-10-04 23:32:17,862 [f81be186-6bea-41b7-b784-bd173854311d@group-3029DAA38393-SegmentedRaftLogWorker] INFO  segmented.SegmentedRaftLogWorker (SegmentedRaftLogWorker.java:execute(531)) - f81be186-6bea-41b7-b784-bd173854311d@group-3029DAA38393-SegmentedRaftLogWorker: Rolled log segment from /workdir/hadoop-ozone/integration-test/target/test-dir/MiniOzoneClusterImpl-77a65601-66c2-44da-9914-8a9405cf73ea/datanode-4/data/ratis/75ddeac6-da64-45f8-b9b2-3029daa38393/current/log_inprogress_0 to /workdir/hadoop-ozone/integration-test/target/test-dir/MiniOzoneClusterImpl-77a65601-66c2-44da-9914-8a9405cf73ea/datanode-4/data/ratis/75ddeac6-da64-45f8-b9b2-3029daa38393/current/log_0-16
2019-10-04 23:32:17,862 [grpc-default-executor-7] INFO  impl.RaftServerImpl (ServerState.java:setLeader(255)) - 02a1544b-ccb9-470b-bb2f-bdb12f5ecb22@group-3029DAA38393: change Leader from null to f81be186-6bea-41b7-b784-bd173854311d at term 3 for appendEntries, leader elected after 31ms
2019-10-04 23:32:17,865 [grpc-default-executor-7] INFO  impl.RaftServerImpl (ServerState.java:setRaftConf(356)) - 02a1544b-ccb9-470b-bb2f-bdb12f5ecb22@group-3029DAA38393: set configuration 17: [f81be186-6bea-41b7-b784-bd173854311d:192.168.164.255:35621, 17fbe8f6-6b6a-4ab8-b8eb-a39a650135ba:192.168.164.255:37535, 02a1544b-ccb9-470b-bb2f-bdb12f5ecb22:192.168.164.255:46236], old=null at 17
2019-10-04 23:32:17,866 [grpc-default-executor-7] INFO  segmented.SegmentedRaftLogWorker (SegmentedRaftLogWorker.java:rollLogSegment(390)) - 02a1544b-ccb9-470b-bb2f-bdb12f5ecb22@group-3029DAA38393-SegmentedRaftLogWorker: Rolling segment log-0_16 to index:16
2019-10-04 23:32:17,867 [02a1544b-ccb9-470b-bb2f-bdb12f5ecb22@group-3029DAA38393-SegmentedRaftLogWorker] INFO  segmented.SegmentedRaftLogWorker (SegmentedRaftLogWorker.java:execute(531)) - 02a1544b-ccb9-470b-bb2f-bdb12f5ecb22@group-3029DAA38393-SegmentedRaftLogWorker: Rolled log segment from /workdir/hadoop-ozone/integration-test/target/test-dir/MiniOzoneClusterImpl-77a65601-66c2-44da-9914-8a9405cf73ea/datanode-3/data/ratis/75ddeac6-da64-45f8-b9b2-3029daa38393/current/log_inprogress_0 to /workdir/hadoop-ozone/integration-test/target/test-dir/MiniOzoneClusterImpl-77a65601-66c2-44da-9914-8a9405cf73ea/datanode-3/data/ratis/75ddeac6-da64-45f8-b9b2-3029daa38393/current/log_0-16
2019-10-04 23:32:17,912 [f81be186-6bea-41b7-b784-bd173854311d@group-3029DAA38393-SegmentedRaftLogWorker] INFO  segmented.SegmentedRaftLogWorker (SegmentedRaftLogWorker.java:execute(574)) - f81be186-6bea-41b7-b784-bd173854311d@group-3029DAA38393-SegmentedRaftLogWorker: created new log segment /workdir/hadoop-ozone/integration-test/target/test-dir/MiniOzoneClusterImpl-77a65601-66c2-44da-9914-8a9405cf73ea/datanode-4/data/ratis/75ddeac6-da64-45f8-b9b2-3029daa38393/current/log_inprogress_17
2019-10-04 23:32:17,938 [02a1544b-ccb9-470b-bb2f-bdb12f5ecb22@group-3029DAA38393-SegmentedRaftLogWorker] INFO  segmented.SegmentedRaftLogWorker (SegmentedRaftLogWorker.java:execute(574)) - 02a1544b-ccb9-470b-bb2f-bdb12f5ecb22@group-3029DAA38393-SegmentedRaftLogWorker: created new log segment /workdir/hadoop-ozone/integration-test/target/test-dir/MiniOzoneClusterImpl-77a65601-66c2-44da-9914-8a9405cf73ea/datanode-3/data/ratis/75ddeac6-da64-45f8-b9b2-3029daa38393/current/log_inprogress_17
2019-10-04 23:32:17,983 [grpc-default-executor-7] WARN  server.GrpcLogAppender (LogUtils.java:warn(134)) - f81be186-6bea-41b7-b784-bd173854311d@group-3029DAA38393->17fbe8f6-6b6a-4ab8-b8eb-a39a650135ba-AppendLogResponseHandler: Failed appendEntries: org.apache.ratis.thirdparty.io.grpc.StatusRuntimeException: UNAVAILABLE: io exception
2019-10-04 23:32:17,983 [grpc-default-executor-7] INFO  impl.FollowerInfo (FollowerInfo.java:lambda$new$0(51)) - f81be186-6bea-41b7-b784-bd173854311d@group-3029DAA38393->17fbe8f6-6b6a-4ab8-b8eb-a39a650135ba: nextIndex: updateUnconditionally 2 -> 1
2019-10-04 23:32:17,991 [grpc-default-executor-5] WARN  server.GrpcLogAppender (LogUtils.java:warn(134)) - f81be186-6bea-41b7-b784-bd173854311d@group-3029DAA38393->17fbe8f6-6b6a-4ab8-b8eb-a39a650135ba-AppendLogResponseHandler: Failed appendEntries: org.apache.ratis.thirdparty.io.grpc.StatusRuntimeException: UNAVAILABLE: io exception
2019-10-04 23:32:17,992 [grpc-default-executor-5] INFO  impl.FollowerInfo (FollowerInfo.java:lambda$new$0(51)) - f81be186-6bea-41b7-b784-bd173854311d@group-3029DAA38393->17fbe8f6-6b6a-4ab8-b8eb-a39a650135ba: nextIndex: updateUnconditionally 2 -> 1
23:32:18.115 [grpc-default-executor-5] ERROR DNAudit - user=null | ip=null | op=WRITE_CHUNK {blockData=conID: 1 locID: 102906718606458893 bcsId: 14} | ret=FAILURE
org.apache.hadoop.hdds.scm.container.common.helpers.ContainerNotOpenException: Container 1 in CLOSING state
	at org.apache.hadoop.ozone.container.common.impl.HddsDispatcher.validateContainerCommand(HddsDispatcher.java:434) ~[hadoop-hdds-container-service-0.5.0-SNAPSHOT.jar:?]
	at org.apache.hadoop.ozone.container.common.transport.server.ratis.ContainerStateMachine.startTransaction(ContainerStateMachine.java:319) ~[hadoop-hdds-container-service-0.5.0-SNAPSHOT.jar:?]
	at org.apache.ratis.server.impl.RaftServerImpl.submitClientRequestAsync(RaftServerImpl.java:569) ~[ratis-server-0.5.0-201fc85-SNAPSHOT.jar:0.5.0-201fc85-SNAPSHOT]
	at org.apache.ratis.server.impl.RaftServerProxy.lambda$submitClientRequestAsync$7(RaftServerProxy.java:333) ~[ratis-server-0.5.0-201fc85-SNAPSHOT.jar:0.5.0-201fc85-SNAPSHOT]
	at org.apache.ratis.server.impl.RaftServerProxy.lambda$null$5(RaftServerProxy.java:328) ~[ratis-server-0.5.0-201fc85-SNAPSHOT.jar:0.5.0-201fc85-SNAPSHOT]
	at org.apache.ratis.util.JavaUtils.callAsUnchecked(JavaUtils.java:109) ~[ratis-common-0.5.0-201fc85-SNAPSHOT.jar:0.5.0-201fc85-SNAPSHOT]
	at org.apache.ratis.server.impl.RaftServerProxy.lambda$submitRequest$6(RaftServerProxy.java:328) ~[ratis-server-0.5.0-201fc85-SNAPSHOT.jar:0.5.0-201fc85-SNAPSHOT]
	at java.util.concurrent.CompletableFuture.uniComposeStage(CompletableFuture.java:981) ~[?:1.8.0_212]
	at java.util.concurrent.CompletableFuture.thenCompose(CompletableFuture.java:2124) ~[?:1.8.0_212]
	at org.apache.ratis.server.impl.RaftServerProxy.submitRequest(RaftServerProxy.java:327) ~[ratis-server-0.5.0-201fc85-SNAPSHOT.jar:0.5.0-201fc85-SNAPSHOT]
	at org.apache.ratis.server.impl.RaftServerProxy.submitClientRequestAsync(RaftServerProxy.java:333) ~[ratis-server-0.5.0-201fc85-SNAPSHOT.jar:0.5.0-201fc85-SNAPSHOT]
	at org.apache.ratis.grpc.client.GrpcClientProtocolService$RequestStreamObserver.processClientRequest(GrpcClientProtocolService.java:220) ~[ratis-grpc-0.5.0-201fc85-SNAPSHOT.jar:0.5.0-201fc85-SNAPSHOT]
	at org.apache.ratis.grpc.client.GrpcClientProtocolService$OrderedRequestStreamObserver.processClientRequest(GrpcClientProtocolService.java:326) ~[ratis-grpc-0.5.0-201fc85-SNAPSHOT.jar:0.5.0-201fc85-SNAPSHOT]
	at org.apache.ratis.util.SlidingWindow$Server.processRequestsFromHead(SlidingWindow.java:429) [ratis-common-0.5.0-201fc85-SNAPSHOT.jar:0.5.0-201fc85-SNAPSHOT]
	at org.apache.ratis.util.SlidingWindow$Server.receivedRequest(SlidingWindow.java:421) [ratis-common-0.5.0-201fc85-SNAPSHOT.jar:0.5.0-201fc85-SNAPSHOT]
	at org.apache.ratis.grpc.client.GrpcClientProtocolService$OrderedRequestStreamObserver.processClientRequest(GrpcClientProtocolService.java:345) [ratis-grpc-0.5.0-201fc85-SNAPSHOT.jar:0.5.0-201fc85-SNAPSHOT]
	at org.apache.ratis.grpc.client.GrpcClientProtocolService$RequestStreamObserver.onNext(GrpcClientProtocolService.java:240) [ratis-grpc-0.5.0-201fc85-SNAPSHOT.jar:0.5.0-201fc85-SNAPSHOT]
	at org.apache.ratis.grpc.client.GrpcClientProtocolService$RequestStreamObserver.onNext(GrpcClientProtocolService.java:168) [ratis-grpc-0.5.0-201fc85-SNAPSHOT.jar:0.5.0-201fc85-SNAPSHOT]
	at org.apache.ratis.thirdparty.io.grpc.stub.ServerCalls$StreamingServerCallHandler$StreamingServerCallListener.onMessage(ServerCalls.java:248) [ratis-thirdparty-misc-0.2.0.jar:0.2.0]
	at org.apache.ratis.thirdparty.io.grpc.internal.ServerCallImpl$ServerStreamListenerImpl.messagesAvailable(ServerCallImpl.java:263) [ratis-thirdparty-misc-0.2.0.jar:0.2.0]
	at org.apache.ratis.thirdparty.io.grpc.internal.ServerImpl$JumpToApplicationThreadServerStreamListener$1MessagesAvailable.runInContext(ServerImpl.java:686) [ratis-thirdparty-misc-0.2.0.jar:0.2.0]
	at org.apache.ratis.thirdparty.io.grpc.internal.ContextRunnable.run(ContextRunnable.java:37) [ratis-thirdparty-misc-0.2.0.jar:0.2.0]
	at org.apache.ratis.thirdparty.io.grpc.internal.SerializingExecutor.run(SerializingExecutor.java:123) [ratis-thirdparty-misc-0.2.0.jar:0.2.0]
	at java.util.concurrent.ThreadPoolExecutor.runWorker(ThreadPoolExecutor.java:1149) [?:1.8.0_212]
	at java.util.concurrent.ThreadPoolExecutor$Worker.run(ThreadPoolExecutor.java:624) [?:1.8.0_212]
	at java.lang.Thread.run(Thread.java:748) [?:1.8.0_212]
23:32:18.126 [grpc-default-executor-8] ERROR DNAudit - user=null | ip=null | op=WRITE_CHUNK {blockData=conID: 1 locID: 102906718606458893 bcsId: 14} | ret=FAILURE
org.apache.hadoop.hdds.scm.container.common.helpers.ContainerNotOpenException: Container 1 in CLOSING state
	at org.apache.hadoop.ozone.container.common.impl.HddsDispatcher.validateContainerCommand(HddsDispatcher.java:434) ~[hadoop-hdds-container-service-0.5.0-SNAPSHOT.jar:?]
	at org.apache.hadoop.ozone.container.common.transport.server.ratis.ContainerStateMachine.startTransaction(ContainerStateMachine.java:319) ~[hadoop-hdds-container-service-0.5.0-SNAPSHOT.jar:?]
	at org.apache.ratis.server.impl.RaftServerImpl.submitClientRequestAsync(RaftServerImpl.java:569) ~[ratis-server-0.5.0-201fc85-SNAPSHOT.jar:0.5.0-201fc85-SNAPSHOT]
	at org.apache.ratis.server.impl.RaftServerProxy.lambda$submitClientRequestAsync$7(RaftServerProxy.java:333) ~[ratis-server-0.5.0-201fc85-SNAPSHOT.jar:0.5.0-201fc85-SNAPSHOT]
	at org.apache.ratis.server.impl.RaftServerProxy.lambda$null$5(RaftServerProxy.java:328) ~[ratis-server-0.5.0-201fc85-SNAPSHOT.jar:0.5.0-201fc85-SNAPSHOT]
	at org.apache.ratis.util.JavaUtils.callAsUnchecked(JavaUtils.java:109) ~[ratis-common-0.5.0-201fc85-SNAPSHOT.jar:0.5.0-201fc85-SNAPSHOT]
	at org.apache.ratis.server.impl.RaftServerProxy.lambda$submitRequest$6(RaftServerProxy.java:328) ~[ratis-server-0.5.0-201fc85-SNAPSHOT.jar:0.5.0-201fc85-SNAPSHOT]
	at java.util.concurrent.CompletableFuture.uniComposeStage(CompletableFuture.java:981) ~[?:1.8.0_212]
	at java.util.concurrent.CompletableFuture.thenCompose(CompletableFuture.java:2124) ~[?:1.8.0_212]
	at org.apache.ratis.server.impl.RaftServerProxy.submitRequest(RaftServerProxy.java:327) ~[ratis-server-0.5.0-201fc85-SNAPSHOT.jar:0.5.0-201fc85-SNAPSHOT]
	at org.apache.ratis.server.impl.RaftServerProxy.submitClientRequestAsync(RaftServerProxy.java:333) ~[ratis-server-0.5.0-201fc85-SNAPSHOT.jar:0.5.0-201fc85-SNAPSHOT]
	at org.apache.ratis.grpc.client.GrpcClientProtocolService$RequestStreamObserver.processClientRequest(GrpcClientProtocolService.java:220) ~[ratis-grpc-0.5.0-201fc85-SNAPSHOT.jar:0.5.0-201fc85-SNAPSHOT]
	at org.apache.ratis.grpc.client.GrpcClientProtocolService$OrderedRequestStreamObserver.processClientRequest(GrpcClientProtocolService.java:326) ~[ratis-grpc-0.5.0-201fc85-SNAPSHOT.jar:0.5.0-201fc85-SNAPSHOT]
	at org.apache.ratis.util.SlidingWindow$Server.processRequestsFromHead(SlidingWindow.java:429) [ratis-common-0.5.0-201fc85-SNAPSHOT.jar:0.5.0-201fc85-SNAPSHOT]
	at org.apache.ratis.util.SlidingWindow$Server.receivedRequest(SlidingWindow.java:421) [ratis-common-0.5.0-201fc85-SNAPSHOT.jar:0.5.0-201fc85-SNAPSHOT]
	at org.apache.ratis.grpc.client.GrpcClientProtocolService$OrderedRequestStreamObserver.processClientRequest(GrpcClientProtocolService.java:345) [ratis-grpc-0.5.0-201fc85-SNAPSHOT.jar:0.5.0-201fc85-SNAPSHOT]
	at org.apache.ratis.grpc.client.GrpcClientProtocolService$RequestStreamObserver.onNext(GrpcClientProtocolService.java:240) [ratis-grpc-0.5.0-201fc85-SNAPSHOT.jar:0.5.0-201fc85-SNAPSHOT]
	at org.apache.ratis.grpc.client.GrpcClientProtocolService$RequestStreamObserver.onNext(GrpcClientProtocolService.java:168) [ratis-grpc-0.5.0-201fc85-SNAPSHOT.jar:0.5.0-201fc85-SNAPSHOT]
	at org.apache.ratis.thirdparty.io.grpc.stub.ServerCalls$StreamingServerCallHandler$StreamingServerCallListener.onMessage(ServerCalls.java:248) [ratis-thirdparty-misc-0.2.0.jar:0.2.0]
	at org.apache.ratis.thirdparty.io.grpc.internal.ServerCallImpl$ServerStreamListenerImpl.messagesAvailable(ServerCallImpl.java:263) [ratis-thirdparty-misc-0.2.0.jar:0.2.0]
	at org.apache.ratis.thirdparty.io.grpc.internal.ServerImpl$JumpToApplicationThreadServerStreamListener$1MessagesAvailable.runInContext(ServerImpl.java:686) [ratis-thirdparty-misc-0.2.0.jar:0.2.0]
	at org.apache.ratis.thirdparty.io.grpc.internal.ContextRunnable.run(ContextRunnable.java:37) [ratis-thirdparty-misc-0.2.0.jar:0.2.0]
	at org.apache.ratis.thirdparty.io.grpc.internal.SerializingExecutor.run(SerializingExecutor.java:123) [ratis-thirdparty-misc-0.2.0.jar:0.2.0]
	at java.util.concurrent.ThreadPoolExecutor.runWorker(ThreadPoolExecutor.java:1149) [?:1.8.0_212]
	at java.util.concurrent.ThreadPoolExecutor$Worker.run(ThreadPoolExecutor.java:624) [?:1.8.0_212]
	at java.lang.Thread.run(Thread.java:748) [?:1.8.0_212]
23:32:18.130 [grpc-default-executor-8] ERROR DNAudit - user=null | ip=null | op=PUT_BLOCK {blockData=[blockId=conID: 1 locID: 102906718606458893 bcsId: 0,size=650]} | ret=FAILURE
org.apache.hadoop.hdds.scm.container.common.helpers.ContainerNotOpenException: Container 1 in CLOSING state
	at org.apache.hadoop.ozone.container.common.impl.HddsDispatcher.validateContainerCommand(HddsDispatcher.java:434) ~[hadoop-hdds-container-service-0.5.0-SNAPSHOT.jar:?]
	at org.apache.hadoop.ozone.container.common.transport.server.ratis.ContainerStateMachine.startTransaction(ContainerStateMachine.java:319) ~[hadoop-hdds-container-service-0.5.0-SNAPSHOT.jar:?]
	at org.apache.ratis.server.impl.RaftServerImpl.submitClientRequestAsync(RaftServerImpl.java:569) ~[ratis-server-0.5.0-201fc85-SNAPSHOT.jar:0.5.0-201fc85-SNAPSHOT]
	at org.apache.ratis.server.impl.RaftServerProxy.lambda$submitClientRequestAsync$7(RaftServerProxy.java:333) ~[ratis-server-0.5.0-201fc85-SNAPSHOT.jar:0.5.0-201fc85-SNAPSHOT]
	at org.apache.ratis.server.impl.RaftServerProxy.lambda$null$5(RaftServerProxy.java:328) ~[ratis-server-0.5.0-201fc85-SNAPSHOT.jar:0.5.0-201fc85-SNAPSHOT]
	at org.apache.ratis.util.JavaUtils.callAsUnchecked(JavaUtils.java:109) ~[ratis-common-0.5.0-201fc85-SNAPSHOT.jar:0.5.0-201fc85-SNAPSHOT]
	at org.apache.ratis.server.impl.RaftServerProxy.lambda$submitRequest$6(RaftServerProxy.java:328) ~[ratis-server-0.5.0-201fc85-SNAPSHOT.jar:0.5.0-201fc85-SNAPSHOT]
	at java.util.concurrent.CompletableFuture.uniComposeStage(CompletableFuture.java:981) ~[?:1.8.0_212]
	at java.util.concurrent.CompletableFuture.thenCompose(CompletableFuture.java:2124) ~[?:1.8.0_212]
	at org.apache.ratis.server.impl.RaftServerProxy.submitRequest(RaftServerProxy.java:327) ~[ratis-server-0.5.0-201fc85-SNAPSHOT.jar:0.5.0-201fc85-SNAPSHOT]
	at org.apache.ratis.server.impl.RaftServerProxy.submitClientRequestAsync(RaftServerProxy.java:333) ~[ratis-server-0.5.0-201fc85-SNAPSHOT.jar:0.5.0-201fc85-SNAPSHOT]
	at org.apache.ratis.grpc.client.GrpcClientProtocolService$RequestStreamObserver.processClientRequest(GrpcClientProtocolService.java:220) ~[ratis-grpc-0.5.0-201fc85-SNAPSHOT.jar:0.5.0-201fc85-SNAPSHOT]
	at org.apache.ratis.grpc.client.GrpcClientProtocolService$OrderedRequestStreamObserver.processClientRequest(GrpcClientProtocolService.java:326) ~[ratis-grpc-0.5.0-201fc85-SNAPSHOT.jar:0.5.0-201fc85-SNAPSHOT]
	at org.apache.ratis.util.SlidingWindow$Server.processRequestsFromHead(SlidingWindow.java:429) [ratis-common-0.5.0-201fc85-SNAPSHOT.jar:0.5.0-201fc85-SNAPSHOT]
	at org.apache.ratis.util.SlidingWindow$Server.receivedRequest(SlidingWindow.java:421) [ratis-common-0.5.0-201fc85-SNAPSHOT.jar:0.5.0-201fc85-SNAPSHOT]
	at org.apache.ratis.grpc.client.GrpcClientProtocolService$OrderedRequestStreamObserver.processClientRequest(GrpcClientProtocolService.java:345) [ratis-grpc-0.5.0-201fc85-SNAPSHOT.jar:0.5.0-201fc85-SNAPSHOT]
	at org.apache.ratis.grpc.client.GrpcClientProtocolService$RequestStreamObserver.onNext(GrpcClientProtocolService.java:240) [ratis-grpc-0.5.0-201fc85-SNAPSHOT.jar:0.5.0-201fc85-SNAPSHOT]
	at org.apache.ratis.grpc.client.GrpcClientProtocolService$RequestStreamObserver.onNext(GrpcClientProtocolService.java:168) [ratis-grpc-0.5.0-201fc85-SNAPSHOT.jar:0.5.0-201fc85-SNAPSHOT]
	at org.apache.ratis.thirdparty.io.grpc.stub.ServerCalls$StreamingServerCallHandler$StreamingServerCallListener.onMessage(ServerCalls.java:248) [ratis-thirdparty-misc-0.2.0.jar:0.2.0]
	at org.apache.ratis.thirdparty.io.grpc.internal.ServerCallImpl$ServerStreamListenerImpl.messagesAvailable(ServerCallImpl.java:263) [ratis-thirdparty-misc-0.2.0.jar:0.2.0]
	at org.apache.ratis.thirdparty.io.grpc.internal.ServerImpl$JumpToApplicationThreadServerStreamListener$1MessagesAvailable.runInContext(ServerImpl.java:686) [ratis-thirdparty-misc-0.2.0.jar:0.2.0]
	at org.apache.ratis.thirdparty.io.grpc.internal.ContextRunnable.run(ContextRunnable.java:37) [ratis-thirdparty-misc-0.2.0.jar:0.2.0]
	at org.apache.ratis.thirdparty.io.grpc.internal.SerializingExecutor.run(SerializingExecutor.java:123) [ratis-thirdparty-misc-0.2.0.jar:0.2.0]
	at java.util.concurrent.ThreadPoolExecutor.runWorker(ThreadPoolExecutor.java:1149) [?:1.8.0_212]
	at java.util.concurrent.ThreadPoolExecutor$Worker.run(ThreadPoolExecutor.java:624) [?:1.8.0_212]
	at java.lang.Thread.run(Thread.java:748) [?:1.8.0_212]
23:32:18.155 [grpc-default-executor-8] ERROR DNAudit - user=null | ip=null | op=WRITE_CHUNK {blockData=conID: 1 locID: 102906718606458893 bcsId: 14} | ret=FAILURE
org.apache.hadoop.hdds.scm.container.common.helpers.ContainerNotOpenException: Container 1 in CLOSING state
	at org.apache.hadoop.ozone.container.common.impl.HddsDispatcher.validateContainerCommand(HddsDispatcher.java:434) ~[hadoop-hdds-container-service-0.5.0-SNAPSHOT.jar:?]
	at org.apache.hadoop.ozone.container.common.transport.server.ratis.ContainerStateMachine.startTransaction(ContainerStateMachine.java:319) ~[hadoop-hdds-container-service-0.5.0-SNAPSHOT.jar:?]
	at org.apache.ratis.server.impl.RaftServerImpl.submitClientRequestAsync(RaftServerImpl.java:569) ~[ratis-server-0.5.0-201fc85-SNAPSHOT.jar:0.5.0-201fc85-SNAPSHOT]
	at org.apache.ratis.server.impl.RaftServerProxy.lambda$submitClientRequestAsync$7(RaftServerProxy.java:333) ~[ratis-server-0.5.0-201fc85-SNAPSHOT.jar:0.5.0-201fc85-SNAPSHOT]
	at org.apache.ratis.server.impl.RaftServerProxy.lambda$null$5(RaftServerProxy.java:328) ~[ratis-server-0.5.0-201fc85-SNAPSHOT.jar:0.5.0-201fc85-SNAPSHOT]
	at org.apache.ratis.util.JavaUtils.callAsUnchecked(JavaUtils.java:109) ~[ratis-common-0.5.0-201fc85-SNAPSHOT.jar:0.5.0-201fc85-SNAPSHOT]
	at org.apache.ratis.server.impl.RaftServerProxy.lambda$submitRequest$6(RaftServerProxy.java:328) ~[ratis-server-0.5.0-201fc85-SNAPSHOT.jar:0.5.0-201fc85-SNAPSHOT]
	at java.util.concurrent.CompletableFuture.uniComposeStage(CompletableFuture.java:981) ~[?:1.8.0_212]
	at java.util.concurrent.CompletableFuture.thenCompose(CompletableFuture.java:2124) ~[?:1.8.0_212]
	at org.apache.ratis.server.impl.RaftServerProxy.submitRequest(RaftServerProxy.java:327) ~[ratis-server-0.5.0-201fc85-SNAPSHOT.jar:0.5.0-201fc85-SNAPSHOT]
	at org.apache.ratis.server.impl.RaftServerProxy.submitClientRequestAsync(RaftServerProxy.java:333) ~[ratis-server-0.5.0-201fc85-SNAPSHOT.jar:0.5.0-201fc85-SNAPSHOT]
	at org.apache.ratis.grpc.client.GrpcClientProtocolService$RequestStreamObserver.processClientRequest(GrpcClientProtocolService.java:220) ~[ratis-grpc-0.5.0-201fc85-SNAPSHOT.jar:0.5.0-201fc85-SNAPSHOT]
	at org.apache.ratis.grpc.client.GrpcClientProtocolService$OrderedRequestStreamObserver.processClientRequest(GrpcClientProtocolService.java:326) ~[ratis-grpc-0.5.0-201fc85-SNAPSHOT.jar:0.5.0-201fc85-SNAPSHOT]
	at org.apache.ratis.util.SlidingWindow$Server.processRequestsFromHead(SlidingWindow.java:429) [ratis-common-0.5.0-201fc85-SNAPSHOT.jar:0.5.0-201fc85-SNAPSHOT]
	at org.apache.ratis.util.SlidingWindow$Server.receivedRequest(SlidingWindow.java:421) [ratis-common-0.5.0-201fc85-SNAPSHOT.jar:0.5.0-201fc85-SNAPSHOT]
	at org.apache.ratis.grpc.client.GrpcClientProtocolService$OrderedRequestStreamObserver.processClientRequest(GrpcClientProtocolService.java:345) [ratis-grpc-0.5.0-201fc85-SNAPSHOT.jar:0.5.0-201fc85-SNAPSHOT]
	at org.apache.ratis.grpc.client.GrpcClientProtocolService$RequestStreamObserver.onNext(GrpcClientProtocolService.java:240) [ratis-grpc-0.5.0-201fc85-SNAPSHOT.jar:0.5.0-201fc85-SNAPSHOT]
	at org.apache.ratis.grpc.client.GrpcClientProtocolService$RequestStreamObserver.onNext(GrpcClientProtocolService.java:168) [ratis-grpc-0.5.0-201fc85-SNAPSHOT.jar:0.5.0-201fc85-SNAPSHOT]
	at org.apache.ratis.thirdparty.io.grpc.stub.ServerCalls$StreamingServerCallHandler$StreamingServerCallListener.onMessage(ServerCalls.java:248) [ratis-thirdparty-misc-0.2.0.jar:0.2.0]
	at org.apache.ratis.thirdparty.io.grpc.internal.ServerCallImpl$ServerStreamListenerImpl.messagesAvailable(ServerCallImpl.java:263) [ratis-thirdparty-misc-0.2.0.jar:0.2.0]
	at org.apache.ratis.thirdparty.io.grpc.internal.ServerImpl$JumpToApplicationThreadServerStreamListener$1MessagesAvailable.runInContext(ServerImpl.java:686) [ratis-thirdparty-misc-0.2.0.jar:0.2.0]
	at org.apache.ratis.thirdparty.io.grpc.internal.ContextRunnable.run(ContextRunnable.java:37) [ratis-thirdparty-misc-0.2.0.jar:0.2.0]
	at org.apache.ratis.thirdparty.io.grpc.internal.SerializingExecutor.run(SerializingExecutor.java:123) [ratis-thirdparty-misc-0.2.0.jar:0.2.0]
	at java.util.concurrent.ThreadPoolExecutor.runWorker(ThreadPoolExecutor.java:1149) [?:1.8.0_212]
	at java.util.concurrent.ThreadPoolExecutor$Worker.run(ThreadPoolExecutor.java:624) [?:1.8.0_212]
	at java.lang.Thread.run(Thread.java:748) [?:1.8.0_212]
23:32:18.162 [grpc-default-executor-8] ERROR DNAudit - user=null | ip=null | op=WRITE_CHUNK {blockData=conID: 1 locID: 102906718606458893 bcsId: 14} | ret=FAILURE
org.apache.hadoop.hdds.scm.container.common.helpers.ContainerNotOpenException: Container 1 in CLOSING state
	at org.apache.hadoop.ozone.container.common.impl.HddsDispatcher.validateContainerCommand(HddsDispatcher.java:434) ~[hadoop-hdds-container-service-0.5.0-SNAPSHOT.jar:?]
	at org.apache.hadoop.ozone.container.common.transport.server.ratis.ContainerStateMachine.startTransaction(ContainerStateMachine.java:319) ~[hadoop-hdds-container-service-0.5.0-SNAPSHOT.jar:?]
	at org.apache.ratis.server.impl.RaftServerImpl.submitClientRequestAsync(RaftServerImpl.java:569) ~[ratis-server-0.5.0-201fc85-SNAPSHOT.jar:0.5.0-201fc85-SNAPSHOT]
	at org.apache.ratis.server.impl.RaftServerProxy.lambda$submitClientRequestAsync$7(RaftServerProxy.java:333) ~[ratis-server-0.5.0-201fc85-SNAPSHOT.jar:0.5.0-201fc85-SNAPSHOT]
	at org.apache.ratis.server.impl.RaftServerProxy.lambda$null$5(RaftServerProxy.java:328) ~[ratis-server-0.5.0-201fc85-SNAPSHOT.jar:0.5.0-201fc85-SNAPSHOT]
	at org.apache.ratis.util.JavaUtils.callAsUnchecked(JavaUtils.java:109) ~[ratis-common-0.5.0-201fc85-SNAPSHOT.jar:0.5.0-201fc85-SNAPSHOT]
	at org.apache.ratis.server.impl.RaftServerProxy.lambda$submitRequest$6(RaftServerProxy.java:328) ~[ratis-server-0.5.0-201fc85-SNAPSHOT.jar:0.5.0-201fc85-SNAPSHOT]
	at java.util.concurrent.CompletableFuture.uniComposeStage(CompletableFuture.java:981) ~[?:1.8.0_212]
	at java.util.concurrent.CompletableFuture.thenCompose(CompletableFuture.java:2124) ~[?:1.8.0_212]
	at org.apache.ratis.server.impl.RaftServerProxy.submitRequest(RaftServerProxy.java:327) ~[ratis-server-0.5.0-201fc85-SNAPSHOT.jar:0.5.0-201fc85-SNAPSHOT]
	at org.apache.ratis.server.impl.RaftServerProxy.submitClientRequestAsync(RaftServerProxy.java:333) ~[ratis-server-0.5.0-201fc85-SNAPSHOT.jar:0.5.0-201fc85-SNAPSHOT]
	at org.apache.ratis.grpc.client.GrpcClientProtocolService$RequestStreamObserver.processClientRequest(GrpcClientProtocolService.java:220) ~[ratis-grpc-0.5.0-201fc85-SNAPSHOT.jar:0.5.0-201fc85-SNAPSHOT]
	at org.apache.ratis.grpc.client.GrpcClientProtocolService$OrderedRequestStreamObserver.processClientRequest(GrpcClientProtocolService.java:326) ~[ratis-grpc-0.5.0-201fc85-SNAPSHOT.jar:0.5.0-201fc85-SNAPSHOT]
	at org.apache.ratis.util.SlidingWindow$Server.processRequestsFromHead(SlidingWindow.java:429) [ratis-common-0.5.0-201fc85-SNAPSHOT.jar:0.5.0-201fc85-SNAPSHOT]
	at org.apache.ratis.util.SlidingWindow$Server.receivedRequest(SlidingWindow.java:421) [ratis-common-0.5.0-201fc85-SNAPSHOT.jar:0.5.0-201fc85-SNAPSHOT]
	at org.apache.ratis.grpc.client.GrpcClientProtocolService$OrderedRequestStreamObserver.processClientRequest(GrpcClientProtocolService.java:345) [ratis-grpc-0.5.0-201fc85-SNAPSHOT.jar:0.5.0-201fc85-SNAPSHOT]
	at org.apache.ratis.grpc.client.GrpcClientProtocolService$RequestStreamObserver.onNext(GrpcClientProtocolService.java:240) [ratis-grpc-0.5.0-201fc85-SNAPSHOT.jar:0.5.0-201fc85-SNAPSHOT]
	at org.apache.ratis.grpc.client.GrpcClientProtocolService$RequestStreamObserver.onNext(GrpcClientProtocolService.java:168) [ratis-grpc-0.5.0-201fc85-SNAPSHOT.jar:0.5.0-201fc85-SNAPSHOT]
	at org.apache.ratis.thirdparty.io.grpc.stub.ServerCalls$StreamingServerCallHandler$StreamingServerCallListener.onMessage(ServerCalls.java:248) [ratis-thirdparty-misc-0.2.0.jar:0.2.0]
	at org.apache.ratis.thirdparty.io.grpc.internal.ServerCallImpl$ServerStreamListenerImpl.messagesAvailable(ServerCallImpl.java:263) [ratis-thirdparty-misc-0.2.0.jar:0.2.0]
	at org.apache.ratis.thirdparty.io.grpc.internal.ServerImpl$JumpToApplicationThreadServerStreamListener$1MessagesAvailable.runInContext(ServerImpl.java:686) [ratis-thirdparty-misc-0.2.0.jar:0.2.0]
	at org.apache.ratis.thirdparty.io.grpc.internal.ContextRunnable.run(ContextRunnable.java:37) [ratis-thirdparty-misc-0.2.0.jar:0.2.0]
	at org.apache.ratis.thirdparty.io.grpc.internal.SerializingExecutor.run(SerializingExecutor.java:123) [ratis-thirdparty-misc-0.2.0.jar:0.2.0]
	at java.util.concurrent.ThreadPoolExecutor.runWorker(ThreadPoolExecutor.java:1149) [?:1.8.0_212]
	at java.util.concurrent.ThreadPoolExecutor$Worker.run(ThreadPoolExecutor.java:624) [?:1.8.0_212]
	at java.lang.Thread.run(Thread.java:748) [?:1.8.0_212]
23:32:18.169 [grpc-default-executor-8] ERROR DNAudit - user=null | ip=null | op=PUT_BLOCK {blockData=[blockId=conID: 1 locID: 102906718606458893 bcsId: 0,size=800]} | ret=FAILURE
org.apache.hadoop.hdds.scm.container.common.helpers.ContainerNotOpenException: Container 1 in CLOSING state
	at org.apache.hadoop.ozone.container.common.impl.HddsDispatcher.validateContainerCommand(HddsDispatcher.java:434) ~[hadoop-hdds-container-service-0.5.0-SNAPSHOT.jar:?]
	at org.apache.hadoop.ozone.container.common.transport.server.ratis.ContainerStateMachine.startTransaction(ContainerStateMachine.java:319) ~[hadoop-hdds-container-service-0.5.0-SNAPSHOT.jar:?]
	at org.apache.ratis.server.impl.RaftServerImpl.submitClientRequestAsync(RaftServerImpl.java:569) ~[ratis-server-0.5.0-201fc85-SNAPSHOT.jar:0.5.0-201fc85-SNAPSHOT]
	at org.apache.ratis.server.impl.RaftServerProxy.lambda$submitClientRequestAsync$7(RaftServerProxy.java:333) ~[ratis-server-0.5.0-201fc85-SNAPSHOT.jar:0.5.0-201fc85-SNAPSHOT]
	at org.apache.ratis.server.impl.RaftServerProxy.lambda$null$5(RaftServerProxy.java:328) ~[ratis-server-0.5.0-201fc85-SNAPSHOT.jar:0.5.0-201fc85-SNAPSHOT]
	at org.apache.ratis.util.JavaUtils.callAsUnchecked(JavaUtils.java:109) ~[ratis-common-0.5.0-201fc85-SNAPSHOT.jar:0.5.0-201fc85-SNAPSHOT]
	at org.apache.ratis.server.impl.RaftServerProxy.lambda$submitRequest$6(RaftServerProxy.java:328) ~[ratis-server-0.5.0-201fc85-SNAPSHOT.jar:0.5.0-201fc85-SNAPSHOT]
	at java.util.concurrent.CompletableFuture.uniComposeStage(CompletableFuture.java:981) ~[?:1.8.0_212]
	at java.util.concurrent.CompletableFuture.thenCompose(CompletableFuture.java:2124) ~[?:1.8.0_212]
	at org.apache.ratis.server.impl.RaftServerProxy.submitRequest(RaftServerProxy.java:327) ~[ratis-server-0.5.0-201fc85-SNAPSHOT.jar:0.5.0-201fc85-SNAPSHOT]
	at org.apache.ratis.server.impl.RaftServerProxy.submitClientRequestAsync(RaftServerProxy.java:333) ~[ratis-server-0.5.0-201fc85-SNAPSHOT.jar:0.5.0-201fc85-SNAPSHOT]
	at org.apache.ratis.grpc.client.GrpcClientProtocolService$RequestStreamObserver.processClientRequest(GrpcClientProtocolService.java:220) ~[ratis-grpc-0.5.0-201fc85-SNAPSHOT.jar:0.5.0-201fc85-SNAPSHOT]
	at org.apache.ratis.grpc.client.GrpcClientProtocolService$OrderedRequestStreamObserver.processClientRequest(GrpcClientProtocolService.java:326) ~[ratis-grpc-0.5.0-201fc85-SNAPSHOT.jar:0.5.0-201fc85-SNAPSHOT]
	at org.apache.ratis.util.SlidingWindow$Server.processRequestsFromHead(SlidingWindow.java:429) [ratis-common-0.5.0-201fc85-SNAPSHOT.jar:0.5.0-201fc85-SNAPSHOT]
	at org.apache.ratis.util.SlidingWindow$Server.receivedRequest(SlidingWindow.java:421) [ratis-common-0.5.0-201fc85-SNAPSHOT.jar:0.5.0-201fc85-SNAPSHOT]
	at org.apache.ratis.grpc.client.GrpcClientProtocolService$OrderedRequestStreamObserver.processClientRequest(GrpcClientProtocolService.java:345) [ratis-grpc-0.5.0-201fc85-SNAPSHOT.jar:0.5.0-201fc85-SNAPSHOT]
	at org.apache.ratis.grpc.client.GrpcClientProtocolService$RequestStreamObserver.onNext(GrpcClientProtocolService.java:240) [ratis-grpc-0.5.0-201fc85-SNAPSHOT.jar:0.5.0-201fc85-SNAPSHOT]
	at org.apache.ratis.grpc.client.GrpcClientProtocolService$RequestStreamObserver.onNext(GrpcClientProtocolService.java:168) [ratis-grpc-0.5.0-201fc85-SNAPSHOT.jar:0.5.0-201fc85-SNAPSHOT]
	at org.apache.ratis.thirdparty.io.grpc.stub.ServerCalls$StreamingServerCallHandler$StreamingServerCallListener.onMessage(ServerCalls.java:248) [ratis-thirdparty-misc-0.2.0.jar:0.2.0]
	at org.apache.ratis.thirdparty.io.grpc.internal.ServerCallImpl$ServerStreamListenerImpl.messagesAvailable(ServerCallImpl.java:263) [ratis-thirdparty-misc-0.2.0.jar:0.2.0]
	at org.apache.ratis.thirdparty.io.grpc.internal.ServerImpl$JumpToApplicationThreadServerStreamListener$1MessagesAvailable.runInContext(ServerImpl.java:686) [ratis-thirdparty-misc-0.2.0.jar:0.2.0]
	at org.apache.ratis.thirdparty.io.grpc.internal.ContextRunnable.run(ContextRunnable.java:37) [ratis-thirdparty-misc-0.2.0.jar:0.2.0]
	at org.apache.ratis.thirdparty.io.grpc.internal.SerializingExecutor.run(SerializingExecutor.java:123) [ratis-thirdparty-misc-0.2.0.jar:0.2.0]
	at java.util.concurrent.ThreadPoolExecutor.runWorker(ThreadPoolExecutor.java:1149) [?:1.8.0_212]
	at java.util.concurrent.ThreadPoolExecutor$Worker.run(ThreadPoolExecutor.java:624) [?:1.8.0_212]
	at java.lang.Thread.run(Thread.java:748) [?:1.8.0_212]
2019-10-04 23:32:18,506 [main] INFO  ozone.MiniOzoneClusterImpl (MiniOzoneClusterImpl.java:shutdown(314)) - Shutting down the Mini Ozone Cluster
2019-10-04 23:32:18,506 [main] INFO  ozone.MiniOzoneClusterImpl (MiniOzoneClusterImpl.java:stop(330)) - Stopping the Mini Ozone Cluster
2019-10-04 23:32:18,506 [main] INFO  ozone.MiniOzoneClusterImpl (MiniOzoneClusterImpl.java:stopOM(400)) - Stopping the OzoneManager
2019-10-04 23:32:18,507 [main] INFO  ipc.Server (Server.java:stop(3082)) - Stopping server on 42753
2019-10-04 23:32:18,522 [IPC Server listener on 42753] INFO  ipc.Server (Server.java:run(1185)) - Stopping IPC Server listener on 42753
2019-10-04 23:32:18,526 [main] INFO  ratis.OzoneManagerDoubleBuffer (OzoneManagerDoubleBuffer.java:stop(248)) - Stopping OMDoubleBuffer flush thread
2019-10-04 23:32:18,529 [IPC Server Responder] INFO  ipc.Server (Server.java:run(1319)) - Stopping IPC Server Responder
2019-10-04 23:32:18,531 [OMDoubleBufferFlushThread] INFO  ratis.OzoneManagerDoubleBuffer (OzoneManagerDoubleBuffer.java:flushTransactions(191)) - OMDoubleBuffer flush thread OMDoubleBufferFlushThread is interrupted and will exit. OMDoubleBufferFlushThread
2019-10-04 23:32:18,538 [main] INFO  utils.BackgroundService (BackgroundService.java:shutdown(148)) - Shutting down service KeyDeletingService
2019-10-04 23:32:18,541 [main] INFO  handler.ContextHandler (ContextHandler.java:doStop(910)) - Stopped o.e.j.w.WebAppContext@497ed877{/,null,UNAVAILABLE}{/ozoneManager}
2019-10-04 23:32:18,542 [main] INFO  server.AbstractConnector (AbstractConnector.java:doStop(318)) - Stopped ServerConnector@3cb6e0ee{HTTP/1.1,[http/1.1]}{0.0.0.0:0}
2019-10-04 23:32:18,542 [main] INFO  handler.ContextHandler (ContextHandler.java:doStop(910)) - Stopped o.e.j.s.ServletContextHandler@5ea7bc4{/static,file:///workdir/hadoop-ozone/integration-test/target/test-classes/webapps/static,UNAVAILABLE}
2019-10-04 23:32:18,543 [main] INFO  handler.ContextHandler (ContextHandler.java:doStop(910)) - Stopped o.e.j.s.ServletContextHandler@4652c74d{/logs,file:///workdir/hadoop-ozone/integration-test/target/log,UNAVAILABLE}
2019-10-04 23:32:18,545 [main] INFO  ozone.MiniOzoneClusterImpl (MiniOzoneClusterImpl.java:stopDatanodes(377)) - Stopping the HddsDatanodes
2019-10-04 23:32:18,681 [Datanode State Machine Thread - 0] INFO  statemachine.DatanodeStateMachine (DatanodeStateMachine.java:lambda$startDaemon$0(350)) - Ozone container server started.
2019-10-04 23:32:19,319 [Datanode State Machine Thread - 0] INFO  statemachine.DatanodeStateMachine (DatanodeStateMachine.java:lambda$startDaemon$0(350)) - Ozone container server started.
2019-10-04 23:32:20,492 [grpc-default-executor-7] WARN  server.GrpcLogAppender (LogUtils.java:warn(134)) - f81be186-6bea-41b7-b784-bd173854311d@group-3029DAA38393->17fbe8f6-6b6a-4ab8-b8eb-a39a650135ba-AppendLogResponseHandler: Failed appendEntries: org.apache.ratis.thirdparty.io.grpc.StatusRuntimeException: UNAVAILABLE: io exception
2019-10-04 23:32:20,492 [grpc-default-executor-7] INFO  impl.FollowerInfo (FollowerInfo.java:lambda$new$0(51)) - f81be186-6bea-41b7-b784-bd173854311d@group-3029DAA38393->17fbe8f6-6b6a-4ab8-b8eb-a39a650135ba: nextIndex: updateUnconditionally 1 -> 0
2019-10-04 23:32:22,705 [EventQueue-StaleNodeForStaleNodeHandler] INFO  node.StaleNodeHandler (StaleNodeHandler.java:onMessage(58)) - Datanode f81be186-6bea-41b7-b784-bd173854311d{ip: 192.168.164.255, host: pr-hdds-2181-c9q8w-3494937983, networkLocation: /default-rack, certSerialId: null} moved to stale state. Finalizing its pipelines [PipelineID=75ddeac6-da64-45f8-b9b2-3029daa38393, PipelineID=aa67d5c7-b597-4579-b0c4-4c4a26244bea]
2019-10-04 23:32:22,706 [EventQueue-StaleNodeForStaleNodeHandler] INFO  pipeline.SCMPipelineManager (SCMPipelineManager.java:finalizeAndDestroyPipeline(315)) - destroying pipeline:Pipeline[ Id: 75ddeac6-da64-45f8-b9b2-3029daa38393, Nodes: 17fbe8f6-6b6a-4ab8-b8eb-a39a650135ba{ip: 192.168.164.255, host: pr-hdds-2181-c9q8w-3494937983, networkLocation: /default-rack, certSerialId: null}02a1544b-ccb9-470b-bb2f-bdb12f5ecb22{ip: 192.168.164.255, host: pr-hdds-2181-c9q8w-3494937983, networkLocation: /default-rack, certSerialId: null}f81be186-6bea-41b7-b784-bd173854311d{ip: 192.168.164.255, host: pr-hdds-2181-c9q8w-3494937983, networkLocation: /default-rack, certSerialId: null}, Type:RATIS, Factor:THREE, State:CLOSED]
2019-10-04 23:32:22,706 [EventQueue-StaleNodeForStaleNodeHandler] INFO  pipeline.SCMPipelineManager (SCMPipelineManager.java:finalizeAndDestroyPipeline(315)) - destroying pipeline:Pipeline[ Id: aa67d5c7-b597-4579-b0c4-4c4a26244bea, Nodes: f81be186-6bea-41b7-b784-bd173854311d{ip: 192.168.164.255, host: pr-hdds-2181-c9q8w-3494937983, networkLocation: /default-rack, certSerialId: null}, Type:RATIS, Factor:ONE, State:OPEN]
2019-10-04 23:32:22,706 [EventQueue-StaleNodeForStaleNodeHandler] INFO  pipeline.PipelineStateManager (PipelineStateManager.java:finalizePipeline(123)) - Pipeline Pipeline[ Id: aa67d5c7-b597-4579-b0c4-4c4a26244bea, Nodes: f81be186-6bea-41b7-b784-bd173854311d{ip: 192.168.164.255, host: pr-hdds-2181-c9q8w-3494937983, networkLocation: /default-rack, certSerialId: null}, Type:RATIS, Factor:ONE, State:CLOSED] moved to CLOSED state
2019-10-04 23:32:22,994 [grpc-default-executor-8] WARN  server.GrpcLogAppender (LogUtils.java:warn(134)) - f81be186-6bea-41b7-b784-bd173854311d@group-3029DAA38393->17fbe8f6-6b6a-4ab8-b8eb-a39a650135ba-AppendLogResponseHandler: Failed appendEntries: org.apache.ratis.thirdparty.io.grpc.StatusRuntimeException: UNAVAILABLE: io exception
2019-10-04 23:32:23,001 [grpc-default-executor-8] INFO  impl.FollowerInfo (FollowerInfo.java:lambda$new$0(51)) - f81be186-6bea-41b7-b784-bd173854311d@group-3029DAA38393->17fbe8f6-6b6a-4ab8-b8eb-a39a650135ba: nextIndex: updateUnconditionally 0 -> 0
2019-10-04 23:32:23,406 [EventQueue-StaleNodeForStaleNodeHandler] INFO  node.StaleNodeHandler (StaleNodeHandler.java:onMessage(58)) - Datanode 34aca736-5790-4375-a983-d44100e393ad{ip: 192.168.164.255, host: pr-hdds-2181-c9q8w-3494937983, networkLocation: /default-rack, certSerialId: null} moved to stale state. Finalizing its pipelines [PipelineID=2b4901ef-892d-40f4-837a-7aa739548096, PipelineID=2ce996a0-bbf7-40d9-a712-bd66b2bcee99]
2019-10-04 23:32:23,406 [EventQueue-StaleNodeForStaleNodeHandler] INFO  pipeline.SCMPipelineManager (SCMPipelineManager.java:finalizeAndDestroyPipeline(315)) - destroying pipeline:Pipeline[ Id: 2b4901ef-892d-40f4-837a-7aa739548096, Nodes: 34aca736-5790-4375-a983-d44100e393ad{ip: 192.168.164.255, host: pr-hdds-2181-c9q8w-3494937983, networkLocation: /default-rack, certSerialId: null}, Type:RATIS, Factor:ONE, State:OPEN]
2019-10-04 23:32:23,406 [EventQueue-StaleNodeForStaleNodeHandler] INFO  pipeline.PipelineStateManager (PipelineStateManager.java:finalizePipeline(123)) - Pipeline Pipeline[ Id: 2b4901ef-892d-40f4-837a-7aa739548096, Nodes: 34aca736-5790-4375-a983-d44100e393ad{ip: 192.168.164.255, host: pr-hdds-2181-c9q8w-3494937983, networkLocation: /default-rack, certSerialId: null}, Type:RATIS, Factor:ONE, State:CLOSED] moved to CLOSED state
2019-10-04 23:32:23,406 [EventQueue-StaleNodeForStaleNodeHandler] INFO  pipeline.SCMPipelineManager (SCMPipelineManager.java:finalizeAndDestroyPipeline(315)) - destroying pipeline:Pipeline[ Id: 2ce996a0-bbf7-40d9-a712-bd66b2bcee99, Nodes: 3238339d-f75b-4989-8592-0599a7f80724{ip: 192.168.164.255, host: pr-hdds-2181-c9q8w-3494937983, networkLocation: /default-rack, certSerialId: null}34aca736-5790-4375-a983-d44100e393ad{ip: 192.168.164.255, host: pr-hdds-2181-c9q8w-3494937983, networkLocation: /default-rack, certSerialId: null}8080f05d-3e78-47ef-93cd-5617c0c0c969{ip: 192.168.164.255, host: pr-hdds-2181-c9q8w-3494937983, networkLocation: /default-rack, certSerialId: null}, Type:RATIS, Factor:THREE, State:OPEN]
2019-10-04 23:32:23,407 [EventQueue-StaleNodeForStaleNodeHandler] INFO  pipeline.PipelineStateManager (PipelineStateManager.java:finalizePipeline(123)) - Pipeline Pipeline[ Id: 2ce996a0-bbf7-40d9-a712-bd66b2bcee99, Nodes: 3238339d-f75b-4989-8592-0599a7f80724{ip: 192.168.164.255, host: pr-hdds-2181-c9q8w-3494937983, networkLocation: /default-rack, certSerialId: null}34aca736-5790-4375-a983-d44100e393ad{ip: 192.168.164.255, host: pr-hdds-2181-c9q8w-3494937983, networkLocation: /default-rack, certSerialId: null}8080f05d-3e78-47ef-93cd-5617c0c0c969{ip: 192.168.164.255, host: pr-hdds-2181-c9q8w-3494937983, networkLocation: /default-rack, certSerialId: null}, Type:RATIS, Factor:THREE, State:CLOSED] moved to CLOSED state
2019-10-04 23:32:23,407 [EventQueue-CloseContainerForCloseContainerEventHandler] INFO  container.CloseContainerEventHandler (CloseContainerEventHandler.java:onMessage(61)) - Close container Event triggered for container : #2
2019-10-04 23:32:23,546 [main] INFO  ozoneimpl.OzoneContainer (OzoneContainer.java:stop(231)) - Attempting to stop container services.
2019-10-04 23:32:23,546 [ForkJoinPool.commonPool-worker-0] INFO  ozoneimpl.OzoneContainer (OzoneContainer.java:stop(231)) - Attempting to stop container services.
2019-10-04 23:32:23,550 [main] INFO  impl.RaftServerProxy (RaftServerProxy.java:lambda$close$4(314)) - f81be186-6bea-41b7-b784-bd173854311d: close
2019-10-04 23:32:23,550 [ForkJoinPool.commonPool-worker-0] INFO  impl.RaftServerProxy (RaftServerProxy.java:lambda$close$4(314)) - 34aca736-5790-4375-a983-d44100e393ad: close
2019-10-04 23:32:23,551 [main] INFO  impl.RaftServerImpl (RaftServerImpl.java:lambda$shutdown$3(247)) - f81be186-6bea-41b7-b784-bd173854311d@group-3029DAA38393: shutdown
2019-10-04 23:32:23,551 [ForkJoinPool.commonPool-worker-0] INFO  impl.RaftServerImpl (RaftServerImpl.java:lambda$shutdown$3(247)) - 34aca736-5790-4375-a983-d44100e393ad@group-7AA739548096: shutdown
2019-10-04 23:32:23,551 [main] INFO  util.JmxRegister (JmxRegister.java:unregister(73)) - Successfully un-registered JMX Bean with object name Ratis:service=RaftServer,group=group-3029DAA38393,id=f81be186-6bea-41b7-b784-bd173854311d
2019-10-04 23:32:23,552 [main] INFO  impl.RoleInfo (RoleInfo.java:shutdownLeaderState(104)) - f81be186-6bea-41b7-b784-bd173854311d: shutdown LeaderState
2019-10-04 23:32:23,552 [ForkJoinPool.commonPool-worker-0] INFO  util.JmxRegister (JmxRegister.java:unregister(73)) - Successfully un-registered JMX Bean with object name Ratis:service=RaftServer,group=group-7AA739548096,id=34aca736-5790-4375-a983-d44100e393ad
2019-10-04 23:32:23,558 [org.apache.ratis.server.impl.LogAppender$AppenderDaemon$$Lambda$524/627816793@b6f85a0] WARN  server.GrpcLogAppender (GrpcLogAppender.java:mayWait(143)) - f81be186-6bea-41b7-b784-bd173854311d@group-3029DAA38393->17fbe8f6-6b6a-4ab8-b8eb-a39a650135ba-GrpcLogAppender: Wait interrupted by java.lang.InterruptedException
2019-10-04 23:32:23,558 [org.apache.ratis.server.impl.LogAppender$AppenderDaemon$$Lambda$524/627816793@1e94ec32] WARN  server.GrpcLogAppender (GrpcLogAppender.java:mayWait(143)) - f81be186-6bea-41b7-b784-bd173854311d@group-3029DAA38393->02a1544b-ccb9-470b-bb2f-bdb12f5ecb22-GrpcLogAppender: Wait interrupted by java.lang.InterruptedException
2019-10-04 23:32:23,558 [main] INFO  impl.PendingRequests (PendingRequests.java:sendNotLeaderResponses(202)) - f81be186-6bea-41b7-b784-bd173854311d@group-3029DAA38393-PendingRequests: sendNotLeaderResponses
2019-10-04 23:32:23,559 [grpc-default-executor-8] INFO  server.GrpcServerProtocolService (GrpcServerProtocolService.java:onCompleted(113)) - 02a1544b-ccb9-470b-bb2f-bdb12f5ecb22: Completed APPEND_ENTRIES, lastRequest: f81be186-6bea-41b7-b784-bd173854311d->02a1544b-ccb9-470b-bb2f-bdb12f5ecb22#4-t3, previous=(t:3, i:18), leaderCommit=18, initializing? false, entries: <empty>
2019-10-04 23:32:23,558 [ForkJoinPool.commonPool-worker-0] INFO  impl.RoleInfo (RoleInfo.java:shutdownLeaderState(104)) - 34aca736-5790-4375-a983-d44100e393ad: shutdown LeaderState
2019-10-04 23:32:23,565 [grpc-default-executor-8] INFO  server.GrpcLogAppender (GrpcLogAppender.java:onCompleted(293)) - f81be186-6bea-41b7-b784-bd173854311d@group-3029DAA38393->02a1544b-ccb9-470b-bb2f-bdb12f5ecb22-AppendLogResponseHandler: follower responses appendEntries COMPLETED
2019-10-04 23:32:23,565 [main] INFO  impl.StateMachineUpdater (StateMachineUpdater.java:stopAndJoin(136)) - f81be186-6bea-41b7-b784-bd173854311d@group-3029DAA38393-StateMachineUpdater: set stopIndex = 18
2019-10-04 23:32:23,565 [f81be186-6bea-41b7-b784-bd173854311d@group-3029DAA38393-StateMachineUpdater] INFO  ratis.ContainerStateMachine (ContainerStateMachine.java:takeSnapshot(293)) - group-3029DAA38393: Taking a snapshot at:(t:2, i:14) file /workdir/hadoop-ozone/integration-test/target/test-dir/MiniOzoneClusterImpl-77a65601-66c2-44da-9914-8a9405cf73ea/datanode-4/data/ratis/75ddeac6-da64-45f8-b9b2-3029daa38393/sm/snapshot.2_14
2019-10-04 23:32:23,565 [ForkJoinPool.commonPool-worker-0] INFO  impl.PendingRequests (PendingRequests.java:sendNotLeaderResponses(202)) - 34aca736-5790-4375-a983-d44100e393ad@group-7AA739548096-PendingRequests: sendNotLeaderResponses
2019-10-04 23:32:23,565 [grpc-default-executor-8] INFO  impl.FollowerInfo (FollowerInfo.java:lambda$new$0(51)) - f81be186-6bea-41b7-b784-bd173854311d@group-3029DAA38393->02a1544b-ccb9-470b-bb2f-bdb12f5ecb22: nextIndex: updateUnconditionally 19 -> 18
2019-10-04 23:32:23,566 [ForkJoinPool.commonPool-worker-0] INFO  impl.StateMachineUpdater (StateMachineUpdater.java:stopAndJoin(136)) - 34aca736-5790-4375-a983-d44100e393ad@group-7AA739548096-StateMachineUpdater: set stopIndex = 0
2019-10-04 23:32:23,567 [ForkJoinPool.commonPool-worker-0] INFO  impl.RaftServerImpl (ServerState.java:close(387)) - 34aca736-5790-4375-a983-d44100e393ad@group-7AA739548096: closes. applyIndex: 0
2019-10-04 23:32:23,567 [34aca736-5790-4375-a983-d44100e393ad@group-7AA739548096-SegmentedRaftLogWorker] INFO  segmented.SegmentedRaftLogWorker (SegmentedRaftLogWorker.java:run(316)) - 34aca736-5790-4375-a983-d44100e393ad@group-7AA739548096-SegmentedRaftLogWorker was interrupted, exiting. There are 0 tasks remaining in the queue.
2019-10-04 23:32:23,578 [ForkJoinPool.commonPool-worker-0] INFO  segmented.SegmentedRaftLogWorker (SegmentedRaftLogWorker.java:close(224)) - 34aca736-5790-4375-a983-d44100e393ad@group-7AA739548096-SegmentedRaftLogWorker close()
2019-10-04 23:32:23,583 [ForkJoinPool.commonPool-worker-0] INFO  impl.RaftServerImpl (RaftServerImpl.java:lambda$shutdown$3(247)) - 34aca736-5790-4375-a983-d44100e393ad@group-BD66B2BCEE99: shutdown
2019-10-04 23:32:23,583 [f81be186-6bea-41b7-b784-bd173854311d@group-3029DAA38393-StateMachineUpdater] INFO  ratis.ContainerStateMachine (ContainerStateMachine.java:takeSnapshot(304)) - group-3029DAA38393: Finished taking a snapshot at:(t:2, i:14) file:/workdir/hadoop-ozone/integration-test/target/test-dir/MiniOzoneClusterImpl-77a65601-66c2-44da-9914-8a9405cf73ea/datanode-4/data/ratis/75ddeac6-da64-45f8-b9b2-3029daa38393/sm/snapshot.2_14 time:18
2019-10-04 23:32:23,583 [ForkJoinPool.commonPool-worker-0] INFO  util.JmxRegister (JmxRegister.java:unregister(73)) - Successfully un-registered JMX Bean with object name Ratis:service=RaftServer,group=group-BD66B2BCEE99,id=34aca736-5790-4375-a983-d44100e393ad
2019-10-04 23:32:23,583 [f81be186-6bea-41b7-b784-bd173854311d@group-3029DAA38393-StateMachineUpdater] INFO  impl.StateMachineUpdater (StateMachineUpdater.java:takeSnapshot(269)) - f81be186-6bea-41b7-b784-bd173854311d@group-3029DAA38393-StateMachineUpdater: Took a snapshot at index 14
2019-10-04 23:32:23,583 [ForkJoinPool.commonPool-worker-0] INFO  impl.RoleInfo (RoleInfo.java:shutdownFollowerState(121)) - 34aca736-5790-4375-a983-d44100e393ad: shutdown FollowerState
2019-10-04 23:32:23,583 [f81be186-6bea-41b7-b784-bd173854311d@group-3029DAA38393-StateMachineUpdater] INFO  impl.StateMachineUpdater (StateMachineUpdater.java:lambda$new$0(84)) - f81be186-6bea-41b7-b784-bd173854311d@group-3029DAA38393-StateMachineUpdater: snapshotIndex: updateIncreasingly -1 -> 14
2019-10-04 23:32:23,584 [ForkJoinPool.commonPool-worker-0] INFO  impl.StateMachineUpdater (StateMachineUpdater.java:stopAndJoin(136)) - 34aca736-5790-4375-a983-d44100e393ad@group-BD66B2BCEE99-StateMachineUpdater: set stopIndex = 15
2019-10-04 23:32:23,584 [Thread-3150] INFO  impl.FollowerState (FollowerState.java:run(117)) - 34aca736-5790-4375-a983-d44100e393ad@group-BD66B2BCEE99-FollowerState was interrupted: java.lang.InterruptedException: sleep interrupted
2019-10-04 23:32:23,584 [34aca736-5790-4375-a983-d44100e393ad@group-BD66B2BCEE99-StateMachineUpdater] INFO  ratis.ContainerStateMachine (ContainerStateMachine.java:takeSnapshot(293)) - group-BD66B2BCEE99: Taking a snapshot at:(t:1, i:13) file /workdir/hadoop-ozone/integration-test/target/test-dir/MiniOzoneClusterImpl-77a65601-66c2-44da-9914-8a9405cf73ea/datanode-1/data/ratis/2ce996a0-bbf7-40d9-a712-bd66b2bcee99/sm/snapshot.1_13
2019-10-04 23:32:23,584 [f81be186-6bea-41b7-b784-bd173854311d@group-3029DAA38393-StateMachineUpdater] INFO  ratis.ContainerStateMachine (ContainerStateMachine.java:takeSnapshot(293)) - group-3029DAA38393: Taking a snapshot at:(t:2, i:14) file /workdir/hadoop-ozone/integration-test/target/test-dir/MiniOzoneClusterImpl-77a65601-66c2-44da-9914-8a9405cf73ea/datanode-4/data/ratis/75ddeac6-da64-45f8-b9b2-3029daa38393/sm/snapshot.2_14
2019-10-04 23:32:23,592 [f81be186-6bea-41b7-b784-bd173854311d@group-3029DAA38393-StateMachineUpdater] INFO  ratis.ContainerStateMachine (ContainerStateMachine.java:takeSnapshot(304)) - group-3029DAA38393: Finished taking a snapshot at:(t:2, i:14) file:/workdir/hadoop-ozone/integration-test/target/test-dir/MiniOzoneClusterImpl-77a65601-66c2-44da-9914-8a9405cf73ea/datanode-4/data/ratis/75ddeac6-da64-45f8-b9b2-3029daa38393/sm/snapshot.2_14 time:9
2019-10-04 23:32:23,592 [34aca736-5790-4375-a983-d44100e393ad@group-BD66B2BCEE99-StateMachineUpdater] INFO  ratis.ContainerStateMachine (ContainerStateMachine.java:takeSnapshot(304)) - group-BD66B2BCEE99: Finished taking a snapshot at:(t:1, i:13) file:/workdir/hadoop-ozone/integration-test/target/test-dir/MiniOzoneClusterImpl-77a65601-66c2-44da-9914-8a9405cf73ea/datanode-1/data/ratis/2ce996a0-bbf7-40d9-a712-bd66b2bcee99/sm/snapshot.1_13 time:9
2019-10-04 23:32:23,593 [f81be186-6bea-41b7-b784-bd173854311d@group-3029DAA38393-StateMachineUpdater] INFO  impl.StateMachineUpdater (StateMachineUpdater.java:takeSnapshot(269)) - f81be186-6bea-41b7-b784-bd173854311d@group-3029DAA38393-StateMachineUpdater: Took a snapshot at index 14
2019-10-04 23:32:23,593 [f81be186-6bea-41b7-b784-bd173854311d@group-3029DAA38393-StateMachineUpdater] INFO  impl.StateMachineUpdater (StateMachineUpdater.java:lambda$new$0(84)) - f81be186-6bea-41b7-b784-bd173854311d@group-3029DAA38393-StateMachineUpdater: snapshotIndex: updateIncreasingly 14 -> 14
2019-10-04 23:32:23,593 [34aca736-5790-4375-a983-d44100e393ad@group-BD66B2BCEE99-StateMachineUpdater] INFO  impl.StateMachineUpdater (StateMachineUpdater.java:takeSnapshot(269)) - 34aca736-5790-4375-a983-d44100e393ad@group-BD66B2BCEE99-StateMachineUpdater: Took a snapshot at index 13
2019-10-04 23:32:23,593 [main] INFO  impl.RaftServerImpl (ServerState.java:close(387)) - f81be186-6bea-41b7-b784-bd173854311d@group-3029DAA38393: closes. applyIndex: 18
2019-10-04 23:32:23,593 [34aca736-5790-4375-a983-d44100e393ad@group-BD66B2BCEE99-StateMachineUpdater] INFO  impl.StateMachineUpdater (StateMachineUpdater.java:lambda$new$0(84)) - 34aca736-5790-4375-a983-d44100e393ad@group-BD66B2BCEE99-StateMachineUpdater: snapshotIndex: updateIncreasingly -1 -> 13
2019-10-04 23:32:23,594 [f81be186-6bea-41b7-b784-bd173854311d@group-3029DAA38393-SegmentedRaftLogWorker] INFO  segmented.SegmentedRaftLogWorker (SegmentedRaftLogWorker.java:run(316)) - f81be186-6bea-41b7-b784-bd173854311d@group-3029DAA38393-SegmentedRaftLogWorker was interrupted, exiting. There are 0 tasks remaining in the queue.
2019-10-04 23:32:23,594 [34aca736-5790-4375-a983-d44100e393ad@group-BD66B2BCEE99-StateMachineUpdater] INFO  ratis.ContainerStateMachine (ContainerStateMachine.java:takeSnapshot(293)) - group-BD66B2BCEE99: Taking a snapshot at:(t:1, i:13) file /workdir/hadoop-ozone/integration-test/target/test-dir/MiniOzoneClusterImpl-77a65601-66c2-44da-9914-8a9405cf73ea/datanode-1/data/ratis/2ce996a0-bbf7-40d9-a712-bd66b2bcee99/sm/snapshot.1_13
2019-10-04 23:32:23,597 [main] INFO  segmented.SegmentedRaftLogWorker (SegmentedRaftLogWorker.java:close(224)) - f81be186-6bea-41b7-b784-bd173854311d@group-3029DAA38393-SegmentedRaftLogWorker close()
2019-10-04 23:32:23,601 [main] INFO  impl.RaftServerImpl (RaftServerImpl.java:lambda$shutdown$3(247)) - f81be186-6bea-41b7-b784-bd173854311d@group-4C4A26244BEA: shutdown
2019-10-04 23:32:23,602 [34aca736-5790-4375-a983-d44100e393ad@group-BD66B2BCEE99-StateMachineUpdater] INFO  ratis.ContainerStateMachine (ContainerStateMachine.java:takeSnapshot(304)) - group-BD66B2BCEE99: Finished taking a snapshot at:(t:1, i:13) file:/workdir/hadoop-ozone/integration-test/target/test-dir/MiniOzoneClusterImpl-77a65601-66c2-44da-9914-8a9405cf73ea/datanode-1/data/ratis/2ce996a0-bbf7-40d9-a712-bd66b2bcee99/sm/snapshot.1_13 time:8
2019-10-04 23:32:23,602 [main] INFO  util.JmxRegister (JmxRegister.java:unregister(73)) - Successfully un-registered JMX Bean with object name Ratis:service=RaftServer,group=group-4C4A26244BEA,id=f81be186-6bea-41b7-b784-bd173854311d
2019-10-04 23:32:23,602 [34aca736-5790-4375-a983-d44100e393ad@group-BD66B2BCEE99-StateMachineUpdater] INFO  impl.StateMachineUpdater (StateMachineUpdater.java:takeSnapshot(269)) - 34aca736-5790-4375-a983-d44100e393ad@group-BD66B2BCEE99-StateMachineUpdater: Took a snapshot at index 13
2019-10-04 23:32:23,602 [main] INFO  impl.RoleInfo (RoleInfo.java:shutdownLeaderState(104)) - f81be186-6bea-41b7-b784-bd173854311d: shutdown LeaderState
2019-10-04 23:32:23,602 [34aca736-5790-4375-a983-d44100e393ad@group-BD66B2BCEE99-StateMachineUpdater] INFO  impl.StateMachineUpdater (StateMachineUpdater.java:lambda$new$0(84)) - 34aca736-5790-4375-a983-d44100e393ad@group-BD66B2BCEE99-StateMachineUpdater: snapshotIndex: updateIncreasingly 13 -> 13
2019-10-04 23:32:23,603 [main] INFO  impl.PendingRequests (PendingRequests.java:sendNotLeaderResponses(202)) - f81be186-6bea-41b7-b784-bd173854311d@group-4C4A26244BEA-PendingRequests: sendNotLeaderResponses
2019-10-04 23:32:23,603 [ForkJoinPool.commonPool-worker-0] INFO  impl.RaftServerImpl (ServerState.java:close(387)) - 34aca736-5790-4375-a983-d44100e393ad@group-BD66B2BCEE99: closes. applyIndex: 15
2019-10-04 23:32:23,603 [main] INFO  impl.StateMachineUpdater (StateMachineUpdater.java:stopAndJoin(136)) - f81be186-6bea-41b7-b784-bd173854311d@group-4C4A26244BEA-StateMachineUpdater: set stopIndex = 0
2019-10-04 23:32:23,604 [34aca736-5790-4375-a983-d44100e393ad@group-BD66B2BCEE99-SegmentedRaftLogWorker] INFO  segmented.SegmentedRaftLogWorker (SegmentedRaftLogWorker.java:run(316)) - 34aca736-5790-4375-a983-d44100e393ad@group-BD66B2BCEE99-SegmentedRaftLogWorker was interrupted, exiting. There are 0 tasks remaining in the queue.
2019-10-04 23:32:23,604 [main] INFO  impl.RaftServerImpl (ServerState.java:close(387)) - f81be186-6bea-41b7-b784-bd173854311d@group-4C4A26244BEA: closes. applyIndex: 0
2019-10-04 23:32:23,606 [ForkJoinPool.commonPool-worker-0] INFO  segmented.SegmentedRaftLogWorker (SegmentedRaftLogWorker.java:close(224)) - 34aca736-5790-4375-a983-d44100e393ad@group-BD66B2BCEE99-SegmentedRaftLogWorker close()
2019-10-04 23:32:23,607 [f81be186-6bea-41b7-b784-bd173854311d@group-4C4A26244BEA-SegmentedRaftLogWorker] INFO  segmented.SegmentedRaftLogWorker (SegmentedRaftLogWorker.java:run(316)) - f81be186-6bea-41b7-b784-bd173854311d@group-4C4A26244BEA-SegmentedRaftLogWorker was interrupted, exiting. There are 0 tasks remaining in the queue.
2019-10-04 23:32:23,610 [ForkJoinPool.commonPool-worker-0] INFO  server.GrpcService (GrpcService.java:closeImpl(164)) - 34aca736-5790-4375-a983-d44100e393ad: shutdown server with port 41148 now
2019-10-04 23:32:23,612 [main] INFO  segmented.SegmentedRaftLogWorker (SegmentedRaftLogWorker.java:close(224)) - f81be186-6bea-41b7-b784-bd173854311d@group-4C4A26244BEA-SegmentedRaftLogWorker close()
2019-10-04 23:32:23,616 [main] INFO  server.GrpcService (GrpcService.java:closeImpl(164)) - f81be186-6bea-41b7-b784-bd173854311d: shutdown server with port 35621 now
2019-10-04 23:32:23,617 [grpc-default-executor-7] WARN  server.GrpcServerProtocolService (LogUtils.java:warn(134)) - 34aca736-5790-4375-a983-d44100e393ad: installSnapshot onError, lastRequest: 8080f05d-3e78-47ef-93cd-5617c0c0c969->34aca736-5790-4375-a983-d44100e393ad#26-t1, previous=(t:1, i:15), leaderCommit=15, initializing? false, entries: <empty>: org.apache.ratis.thirdparty.io.grpc.StatusRuntimeException: CANCELLED: cancelled before receiving half close
2019-10-04 23:32:23,617 [main] INFO  server.GrpcService (GrpcService.java:closeImpl(172)) - f81be186-6bea-41b7-b784-bd173854311d: shutdown server with port 35621 successfully
2019-10-04 23:32:23,617 [ForkJoinPool.commonPool-worker-0] INFO  server.GrpcService (GrpcService.java:closeImpl(172)) - 34aca736-5790-4375-a983-d44100e393ad: shutdown server with port 41148 successfully
2019-10-04 23:32:23,617 [grpc-default-executor-8] WARN  server.GrpcLogAppender (LogUtils.java:warn(134)) - 8080f05d-3e78-47ef-93cd-5617c0c0c969@group-BD66B2BCEE99->34aca736-5790-4375-a983-d44100e393ad-AppendLogResponseHandler: Failed appendEntries: org.apache.ratis.thirdparty.io.grpc.StatusRuntimeException: CANCELLED: HTTP/2 error code: CANCEL
Received Rst Stream
2019-10-04 23:32:23,619 [grpc-default-executor-8] INFO  impl.FollowerInfo (FollowerInfo.java:lambda$new$0(51)) - 8080f05d-3e78-47ef-93cd-5617c0c0c969@group-BD66B2BCEE99->34aca736-5790-4375-a983-d44100e393ad: nextIndex: updateUnconditionally 16 -> 15
2019-10-04 23:32:23,621 [refreshUsed-/workdir/hadoop-ozone/integration-test/target/test-dir/MiniOzoneClusterImpl-77a65601-66c2-44da-9914-8a9405cf73ea/datanode-4/data/containers] WARN  fs.CachingGetSpaceUsed (CachingGetSpaceUsed.java:run(183)) - Thread Interrupted waiting to refresh disk information: sleep interrupted
2019-10-04 23:32:23,624 [refreshUsed-/workdir/hadoop-ozone/integration-test/target/test-dir/MiniOzoneClusterImpl-77a65601-66c2-44da-9914-8a9405cf73ea/datanode-1/data/containers] WARN  fs.CachingGetSpaceUsed (CachingGetSpaceUsed.java:run(183)) - Thread Interrupted waiting to refresh disk information: sleep interrupted
2019-10-04 23:32:23,643 [main] INFO  utils.BackgroundService (BackgroundService.java:shutdown(148)) - Shutting down service BlockDeletingService
2019-10-04 23:32:23,647 [ForkJoinPool.commonPool-worker-0] INFO  utils.BackgroundService (BackgroundService.java:shutdown(148)) - Shutting down service BlockDeletingService
2019-10-04 23:32:23,648 [main] INFO  statemachine.DatanodeStateMachine (DatanodeStateMachine.java:stopDaemon(395)) - Ozone container server stopped.
2019-10-04 23:32:23,653 [ForkJoinPool.commonPool-worker-0] INFO  statemachine.DatanodeStateMachine (DatanodeStateMachine.java:stopDaemon(395)) - Ozone container server stopped.
2019-10-04 23:32:23,658 [main] INFO  handler.ContextHandler (ContextHandler.java:doStop(910)) - Stopped o.e.j.w.WebAppContext@4703c998{/,null,UNAVAILABLE}{/hddsDatanode}
2019-10-04 23:32:23,660 [ForkJoinPool.commonPool-worker-0] INFO  handler.ContextHandler (ContextHandler.java:doStop(910)) - Stopped o.e.j.w.WebAppContext@147cc940{/,null,UNAVAILABLE}{/hddsDatanode}
2019-10-04 23:32:23,661 [main] INFO  server.AbstractConnector (AbstractConnector.java:doStop(318)) - Stopped ServerConnector@71166348{HTTP/1.1,[http/1.1]}{0.0.0.0:0}
2019-10-04 23:32:23,661 [ForkJoinPool.commonPool-worker-0] INFO  server.AbstractConnector (AbstractConnector.java:doStop(318)) - Stopped ServerConnector@755a7218{HTTP/1.1,[http/1.1]}{0.0.0.0:0}
2019-10-04 23:32:23,661 [main] INFO  handler.ContextHandler (ContextHandler.java:doStop(910)) - Stopped o.e.j.s.ServletContextHandler@56cfe6be{/static,jar:file:/home/user/.m2/repository/org/apache/hadoop/hadoop-hdds-container-service/0.5.0-SNAPSHOT/hadoop-hdds-container-service-0.5.0-SNAPSHOT.jar!/webapps/static,UNAVAILABLE}
2019-10-04 23:32:23,663 [ForkJoinPool.commonPool-worker-0] INFO  handler.ContextHandler (ContextHandler.java:doStop(910)) - Stopped o.e.j.s.ServletContextHandler@30b3d899{/static,jar:file:/home/user/.m2/repository/org/apache/hadoop/hadoop-hdds-container-service/0.5.0-SNAPSHOT/hadoop-hdds-container-service-0.5.0-SNAPSHOT.jar!/webapps/static,UNAVAILABLE}
2019-10-04 23:32:23,663 [main] INFO  handler.ContextHandler (ContextHandler.java:doStop(910)) - Stopped o.e.j.s.ServletContextHandler@342beaf6{/logs,file:///workdir/hadoop-ozone/integration-test/target/log,UNAVAILABLE}
2019-10-04 23:32:23,665 [ForkJoinPool.commonPool-worker-0] INFO  handler.ContextHandler (ContextHandler.java:doStop(910)) - Stopped o.e.j.s.ServletContextHandler@559991f5{/logs,file:///workdir/hadoop-ozone/integration-test/target/log,UNAVAILABLE}
2019-10-04 23:32:23,680 [Datanode State Machine Thread - 0] INFO  statemachine.DatanodeStateMachine (DatanodeStateMachine.java:lambda$startDaemon$0(350)) - Ozone container server started.
2019-10-04 23:32:24,319 [Datanode State Machine Thread - 0] INFO  statemachine.DatanodeStateMachine (DatanodeStateMachine.java:lambda$startDaemon$0(350)) - Ozone container server started.
2019-10-04 23:32:26,018 [grpc-default-executor-7] WARN  server.GrpcLogAppender (LogUtils.java:warn(134)) - 8080f05d-3e78-47ef-93cd-5617c0c0c969@group-BD66B2BCEE99->34aca736-5790-4375-a983-d44100e393ad-AppendLogResponseHandler: Failed appendEntries: org.apache.ratis.thirdparty.io.grpc.StatusRuntimeException: UNAVAILABLE: io exception
2019-10-04 23:32:26,019 [grpc-default-executor-7] INFO  impl.FollowerInfo (FollowerInfo.java:lambda$new$0(51)) - 8080f05d-3e78-47ef-93cd-5617c0c0c969@group-BD66B2BCEE99->34aca736-5790-4375-a983-d44100e393ad: nextIndex: updateUnconditionally 15 -> 14
2019-10-04 23:32:26,355 [grpc-default-executor-5] WARN  server.GrpcLogAppender (LogUtils.java:warn(134)) - 8080f05d-3e78-47ef-93cd-5617c0c0c969@group-BD66B2BCEE99->34aca736-5790-4375-a983-d44100e393ad-AppendLogResponseHandler: Failed appendEntries: org.apache.ratis.thirdparty.io.grpc.StatusRuntimeException: UNAVAILABLE: io exception
2019-10-04 23:32:26,356 [grpc-default-executor-5] INFO  impl.FollowerInfo (FollowerInfo.java:lambda$new$0(51)) - 8080f05d-3e78-47ef-93cd-5617c0c0c969@group-BD66B2BCEE99->34aca736-5790-4375-a983-d44100e393ad: nextIndex: updateUnconditionally 15 -> 14
2019-10-04 23:32:26,366 [grpc-default-executor-7] WARN  server.GrpcLogAppender (LogUtils.java:warn(134)) - 8080f05d-3e78-47ef-93cd-5617c0c0c969@group-BD66B2BCEE99->34aca736-5790-4375-a983-d44100e393ad-AppendLogResponseHandler: Failed appendEntries: org.apache.ratis.thirdparty.io.grpc.StatusRuntimeException: UNAVAILABLE: io exception
2019-10-04 23:32:26,366 [grpc-default-executor-7] INFO  impl.FollowerInfo (FollowerInfo.java:lambda$new$0(51)) - 8080f05d-3e78-47ef-93cd-5617c0c0c969@group-BD66B2BCEE99->34aca736-5790-4375-a983-d44100e393ad: nextIndex: updateUnconditionally 15 -> 14
2019-10-04 23:32:26,380 [grpc-default-executor-5] WARN  server.GrpcLogAppender (LogUtils.java:warn(134)) - 8080f05d-3e78-47ef-93cd-5617c0c0c969@group-BD66B2BCEE99->34aca736-5790-4375-a983-d44100e393ad-AppendLogResponseHandler: Failed appendEntries: org.apache.ratis.thirdparty.io.grpc.StatusRuntimeException: UNAVAILABLE: io exception
2019-10-04 23:32:26,381 [grpc-default-executor-5] INFO  impl.FollowerInfo (FollowerInfo.java:lambda$new$0(51)) - 8080f05d-3e78-47ef-93cd-5617c0c0c969@group-BD66B2BCEE99->34aca736-5790-4375-a983-d44100e393ad: nextIndex: updateUnconditionally 15 -> 14
2019-10-04 23:32:26,381 [RatisApplyTransactionExecutor 2] INFO  interfaces.Container (KeyValueContainer.java:flushAndSyncDB(386)) - Container 2 is synced with bcsId 13.
2019-10-04 23:32:26,381 [RatisApplyTransactionExecutor 2] INFO  interfaces.Container (KeyValueContainer.java:flushAndSyncDB(386)) - Container 2 is synced with bcsId 13.
2019-10-04 23:32:26,396 [RatisApplyTransactionExecutor 2] INFO  interfaces.Container (KeyValueContainer.java:flushAndSyncDB(386)) - Container 2 is synced with bcsId 13.
2019-10-04 23:32:26,397 [RatisApplyTransactionExecutor 2] INFO  interfaces.Container (KeyValueContainer.java:flushAndSyncDB(386)) - Container 2 is synced with bcsId 13.
2019-10-04 23:32:26,397 [RatisApplyTransactionExecutor 2] INFO  interfaces.Container (KeyValueContainer.java:close(335)) - Container 2 is closed with bcsId 13.
2019-10-04 23:32:26,398 [EventQueue-IncrementalContainerReportForIncrementalContainerReportHandler] INFO  container.IncrementalContainerReportHandler (AbstractContainerReportHandler.java:updateContainerState(176)) - Moving container #2 to CLOSED state, datanode 8080f05d-3e78-47ef-93cd-5617c0c0c969{ip: 192.168.164.255, host: pr-hdds-2181-c9q8w-3494937983, networkLocation: /default-rack, certSerialId: null} reported CLOSED replica.
2019-10-04 23:32:26,411 [RatisApplyTransactionExecutor 2] INFO  interfaces.Container (KeyValueContainer.java:close(335)) - Container 2 is closed with bcsId 13.
2019-10-04 23:32:27,711 [EventQueue-StaleNodeForStaleNodeHandler] INFO  node.StaleNodeHandler (StaleNodeHandler.java:onMessage(58)) - Datanode 02a1544b-ccb9-470b-bb2f-bdb12f5ecb22{ip: 192.168.164.255, host: pr-hdds-2181-c9q8w-3494937983, networkLocation: /default-rack, certSerialId: null} moved to stale state. Finalizing its pipelines [PipelineID=525878f6-2f69-45c2-8d4f-954851770911, PipelineID=75ddeac6-da64-45f8-b9b2-3029daa38393]
2019-10-04 23:32:27,712 [EventQueue-StaleNodeForStaleNodeHandler] INFO  pipeline.SCMPipelineManager (SCMPipelineManager.java:finalizeAndDestroyPipeline(315)) - destroying pipeline:Pipeline[ Id: 525878f6-2f69-45c2-8d4f-954851770911, Nodes: 02a1544b-ccb9-470b-bb2f-bdb12f5ecb22{ip: 192.168.164.255, host: pr-hdds-2181-c9q8w-3494937983, networkLocation: /default-rack, certSerialId: null}, Type:RATIS, Factor:ONE, State:OPEN]
2019-10-04 23:32:27,713 [EventQueue-StaleNodeForStaleNodeHandler] INFO  pipeline.PipelineStateManager (PipelineStateManager.java:finalizePipeline(123)) - Pipeline Pipeline[ Id: 525878f6-2f69-45c2-8d4f-954851770911, Nodes: 02a1544b-ccb9-470b-bb2f-bdb12f5ecb22{ip: 192.168.164.255, host: pr-hdds-2181-c9q8w-3494937983, networkLocation: /default-rack, certSerialId: null}, Type:RATIS, Factor:ONE, State:CLOSED] moved to CLOSED state
2019-10-04 23:32:27,714 [EventQueue-StaleNodeForStaleNodeHandler] INFO  pipeline.SCMPipelineManager (SCMPipelineManager.java:finalizeAndDestroyPipeline(315)) - destroying pipeline:Pipeline[ Id: 75ddeac6-da64-45f8-b9b2-3029daa38393, Nodes: 17fbe8f6-6b6a-4ab8-b8eb-a39a650135ba{ip: 192.168.164.255, host: pr-hdds-2181-c9q8w-3494937983, networkLocation: /default-rack, certSerialId: null}02a1544b-ccb9-470b-bb2f-bdb12f5ecb22{ip: 192.168.164.255, host: pr-hdds-2181-c9q8w-3494937983, networkLocation: /default-rack, certSerialId: null}f81be186-6bea-41b7-b784-bd173854311d{ip: 192.168.164.255, host: pr-hdds-2181-c9q8w-3494937983, networkLocation: /default-rack, certSerialId: null}, Type:RATIS, Factor:THREE, State:CLOSED]
2019-10-04 23:32:28,412 [EventQueue-StaleNodeForStaleNodeHandler] INFO  node.StaleNodeHandler (StaleNodeHandler.java:onMessage(58)) - Datanode 3238339d-f75b-4989-8592-0599a7f80724{ip: 192.168.164.255, host: pr-hdds-2181-c9q8w-3494937983, networkLocation: /default-rack, certSerialId: null} moved to stale state. Finalizing its pipelines [PipelineID=90394285-680b-4692-8901-d16d89da4772, PipelineID=2ce996a0-bbf7-40d9-a712-bd66b2bcee99]
2019-10-04 23:32:28,414 [EventQueue-StaleNodeForStaleNodeHandler] INFO  pipeline.SCMPipelineManager (SCMPipelineManager.java:finalizeAndDestroyPipeline(315)) - destroying pipeline:Pipeline[ Id: 90394285-680b-4692-8901-d16d89da4772, Nodes: 3238339d-f75b-4989-8592-0599a7f80724{ip: 192.168.164.255, host: pr-hdds-2181-c9q8w-3494937983, networkLocation: /default-rack, certSerialId: null}, Type:RATIS, Factor:ONE, State:OPEN]
2019-10-04 23:32:28,414 [EventQueue-StaleNodeForStaleNodeHandler] INFO  pipeline.PipelineStateManager (PipelineStateManager.java:finalizePipeline(123)) - Pipeline Pipeline[ Id: 90394285-680b-4692-8901-d16d89da4772, Nodes: 3238339d-f75b-4989-8592-0599a7f80724{ip: 192.168.164.255, host: pr-hdds-2181-c9q8w-3494937983, networkLocation: /default-rack, certSerialId: null}, Type:RATIS, Factor:ONE, State:CLOSED] moved to CLOSED state
2019-10-04 23:32:28,414 [EventQueue-StaleNodeForStaleNodeHandler] INFO  pipeline.SCMPipelineManager (SCMPipelineManager.java:finalizeAndDestroyPipeline(315)) - destroying pipeline:Pipeline[ Id: 2ce996a0-bbf7-40d9-a712-bd66b2bcee99, Nodes: 3238339d-f75b-4989-8592-0599a7f80724{ip: 192.168.164.255, host: pr-hdds-2181-c9q8w-3494937983, networkLocation: /default-rack, certSerialId: null}34aca736-5790-4375-a983-d44100e393ad{ip: 192.168.164.255, host: pr-hdds-2181-c9q8w-3494937983, networkLocation: /default-rack, certSerialId: null}8080f05d-3e78-47ef-93cd-5617c0c0c969{ip: 192.168.164.255, host: pr-hdds-2181-c9q8w-3494937983, networkLocation: /default-rack, certSerialId: null}, Type:RATIS, Factor:THREE, State:CLOSED]
2019-10-04 23:32:28,668 [main] INFO  ozoneimpl.OzoneContainer (OzoneContainer.java:stop(231)) - Attempting to stop container services.
2019-10-04 23:32:28,669 [ForkJoinPool.commonPool-worker-0] INFO  ozoneimpl.OzoneContainer (OzoneContainer.java:stop(231)) - Attempting to stop container services.
2019-10-04 23:32:28,671 [main] INFO  impl.RaftServerProxy (RaftServerProxy.java:lambda$close$4(314)) - 02a1544b-ccb9-470b-bb2f-bdb12f5ecb22: close
2019-10-04 23:32:28,672 [ForkJoinPool.commonPool-worker-0] INFO  impl.RaftServerProxy (RaftServerProxy.java:lambda$close$4(314)) - 3238339d-f75b-4989-8592-0599a7f80724: close
2019-10-04 23:32:28,672 [main] INFO  impl.RaftServerImpl (RaftServerImpl.java:lambda$shutdown$3(247)) - 02a1544b-ccb9-470b-bb2f-bdb12f5ecb22@group-954851770911: shutdown
2019-10-04 23:32:28,672 [ForkJoinPool.commonPool-worker-0] INFO  impl.RaftServerImpl (RaftServerImpl.java:lambda$shutdown$3(247)) - 3238339d-f75b-4989-8592-0599a7f80724@group-D16D89DA4772: shutdown
2019-10-04 23:32:28,672 [main] INFO  util.JmxRegister (JmxRegister.java:unregister(73)) - Successfully un-registered JMX Bean with object name Ratis:service=RaftServer,group=group-954851770911,id=02a1544b-ccb9-470b-bb2f-bdb12f5ecb22
2019-10-04 23:32:28,673 [ForkJoinPool.commonPool-worker-0] INFO  util.JmxRegister (JmxRegister.java:unregister(73)) - Successfully un-registered JMX Bean with object name Ratis:service=RaftServer,group=group-D16D89DA4772,id=3238339d-f75b-4989-8592-0599a7f80724
2019-10-04 23:32:28,673 [main] INFO  impl.RoleInfo (RoleInfo.java:shutdownLeaderState(104)) - 02a1544b-ccb9-470b-bb2f-bdb12f5ecb22: shutdown LeaderState
2019-10-04 23:32:28,673 [ForkJoinPool.commonPool-worker-0] INFO  impl.RoleInfo (RoleInfo.java:shutdownLeaderState(104)) - 3238339d-f75b-4989-8592-0599a7f80724: shutdown LeaderState
2019-10-04 23:32:28,674 [main] INFO  impl.PendingRequests (PendingRequests.java:sendNotLeaderResponses(202)) - 02a1544b-ccb9-470b-bb2f-bdb12f5ecb22@group-954851770911-PendingRequests: sendNotLeaderResponses
2019-10-04 23:32:28,674 [ForkJoinPool.commonPool-worker-0] INFO  impl.PendingRequests (PendingRequests.java:sendNotLeaderResponses(202)) - 3238339d-f75b-4989-8592-0599a7f80724@group-D16D89DA4772-PendingRequests: sendNotLeaderResponses
2019-10-04 23:32:28,674 [main] INFO  impl.StateMachineUpdater (StateMachineUpdater.java:stopAndJoin(136)) - 02a1544b-ccb9-470b-bb2f-bdb12f5ecb22@group-954851770911-StateMachineUpdater: set stopIndex = 0
2019-10-04 23:32:28,674 [ForkJoinPool.commonPool-worker-0] INFO  impl.StateMachineUpdater (StateMachineUpdater.java:stopAndJoin(136)) - 3238339d-f75b-4989-8592-0599a7f80724@group-D16D89DA4772-StateMachineUpdater: set stopIndex = 0
2019-10-04 23:32:28,675 [main] INFO  impl.RaftServerImpl (ServerState.java:close(387)) - 02a1544b-ccb9-470b-bb2f-bdb12f5ecb22@group-954851770911: closes. applyIndex: 0
2019-10-04 23:32:28,675 [ForkJoinPool.commonPool-worker-0] INFO  impl.RaftServerImpl (ServerState.java:close(387)) - 3238339d-f75b-4989-8592-0599a7f80724@group-D16D89DA4772: closes. applyIndex: 0
2019-10-04 23:32:28,676 [02a1544b-ccb9-470b-bb2f-bdb12f5ecb22@group-954851770911-SegmentedRaftLogWorker] INFO  segmented.SegmentedRaftLogWorker (SegmentedRaftLogWorker.java:run(316)) - 02a1544b-ccb9-470b-bb2f-bdb12f5ecb22@group-954851770911-SegmentedRaftLogWorker was interrupted, exiting. There are 0 tasks remaining in the queue.
2019-10-04 23:32:28,676 [3238339d-f75b-4989-8592-0599a7f80724@group-D16D89DA4772-SegmentedRaftLogWorker] INFO  segmented.SegmentedRaftLogWorker (SegmentedRaftLogWorker.java:run(316)) - 3238339d-f75b-4989-8592-0599a7f80724@group-D16D89DA4772-SegmentedRaftLogWorker was interrupted, exiting. There are 0 tasks remaining in the queue.
2019-10-04 23:32:28,681 [ForkJoinPool.commonPool-worker-0] INFO  segmented.SegmentedRaftLogWorker (SegmentedRaftLogWorker.java:close(224)) - 3238339d-f75b-4989-8592-0599a7f80724@group-D16D89DA4772-SegmentedRaftLogWorker close()
2019-10-04 23:32:28,681 [main] INFO  segmented.SegmentedRaftLogWorker (SegmentedRaftLogWorker.java:close(224)) - 02a1544b-ccb9-470b-bb2f-bdb12f5ecb22@group-954851770911-SegmentedRaftLogWorker close()
2019-10-04 23:32:28,683 [ForkJoinPool.commonPool-worker-0] INFO  impl.RaftServerImpl (RaftServerImpl.java:lambda$shutdown$3(247)) - 3238339d-f75b-4989-8592-0599a7f80724@group-BD66B2BCEE99: shutdown
2019-10-04 23:32:28,686 [main] INFO  impl.RaftServerImpl (RaftServerImpl.java:lambda$shutdown$3(247)) - 02a1544b-ccb9-470b-bb2f-bdb12f5ecb22@group-3029DAA38393: shutdown
2019-10-04 23:32:28,687 [ForkJoinPool.commonPool-worker-0] INFO  util.JmxRegister (JmxRegister.java:unregister(73)) - Successfully un-registered JMX Bean with object name Ratis:service=RaftServer,group=group-BD66B2BCEE99,id=3238339d-f75b-4989-8592-0599a7f80724
2019-10-04 23:32:28,687 [main] INFO  util.JmxRegister (JmxRegister.java:unregister(73)) - Successfully un-registered JMX Bean with object name Ratis:service=RaftServer,group=group-3029DAA38393,id=02a1544b-ccb9-470b-bb2f-bdb12f5ecb22
2019-10-04 23:32:28,687 [ForkJoinPool.commonPool-worker-0] INFO  impl.RoleInfo (RoleInfo.java:shutdownFollowerState(121)) - 3238339d-f75b-4989-8592-0599a7f80724: shutdown FollowerState
2019-10-04 23:32:28,688 [main] INFO  impl.RoleInfo (RoleInfo.java:shutdownFollowerState(121)) - 02a1544b-ccb9-470b-bb2f-bdb12f5ecb22: shutdown FollowerState
2019-10-04 23:32:28,688 [Thread-3149] INFO  impl.FollowerState (FollowerState.java:run(117)) - 3238339d-f75b-4989-8592-0599a7f80724@group-BD66B2BCEE99-FollowerState was interrupted: java.lang.InterruptedException: sleep interrupted
2019-10-04 23:32:28,689 [Thread-3304] INFO  impl.FollowerState (FollowerState.java:run(117)) - 02a1544b-ccb9-470b-bb2f-bdb12f5ecb22@group-3029DAA38393-FollowerState was interrupted: java.lang.InterruptedException: sleep interrupted
2019-10-04 23:32:28,688 [3238339d-f75b-4989-8592-0599a7f80724@group-BD66B2BCEE99-StateMachineUpdater] INFO  ratis.ContainerStateMachine (ContainerStateMachine.java:takeSnapshot(293)) - group-BD66B2BCEE99: Taking a snapshot at:(t:1, i:16) file /workdir/hadoop-ozone/integration-test/target/test-dir/MiniOzoneClusterImpl-77a65601-66c2-44da-9914-8a9405cf73ea/datanode-2/data/ratis/2ce996a0-bbf7-40d9-a712-bd66b2bcee99/sm/snapshot.1_16
2019-10-04 23:32:28,688 [ForkJoinPool.commonPool-worker-0] INFO  impl.StateMachineUpdater (StateMachineUpdater.java:stopAndJoin(136)) - 3238339d-f75b-4989-8592-0599a7f80724@group-BD66B2BCEE99-StateMachineUpdater: set stopIndex = 16
2019-10-04 23:32:28,691 [02a1544b-ccb9-470b-bb2f-bdb12f5ecb22@group-3029DAA38393-StateMachineUpdater] INFO  ratis.ContainerStateMachine (ContainerStateMachine.java:takeSnapshot(293)) - group-3029DAA38393: Taking a snapshot at:(t:2, i:14) file /workdir/hadoop-ozone/integration-test/target/test-dir/MiniOzoneClusterImpl-77a65601-66c2-44da-9914-8a9405cf73ea/datanode-3/data/ratis/75ddeac6-da64-45f8-b9b2-3029daa38393/sm/snapshot.2_14
2019-10-04 23:32:28,689 [main] INFO  impl.StateMachineUpdater (StateMachineUpdater.java:stopAndJoin(136)) - 02a1544b-ccb9-470b-bb2f-bdb12f5ecb22@group-3029DAA38393-StateMachineUpdater: set stopIndex = 18
2019-10-04 23:32:28,704 [3238339d-f75b-4989-8592-0599a7f80724@group-BD66B2BCEE99-StateMachineUpdater] INFO  ratis.ContainerStateMachine (ContainerStateMachine.java:takeSnapshot(304)) - group-BD66B2BCEE99: Finished taking a snapshot at:(t:1, i:16) file:/workdir/hadoop-ozone/integration-test/target/test-dir/MiniOzoneClusterImpl-77a65601-66c2-44da-9914-8a9405cf73ea/datanode-2/data/ratis/2ce996a0-bbf7-40d9-a712-bd66b2bcee99/sm/snapshot.1_16 time:15
2019-10-04 23:32:28,704 [02a1544b-ccb9-470b-bb2f-bdb12f5ecb22@group-3029DAA38393-StateMachineUpdater] INFO  ratis.ContainerStateMachine (ContainerStateMachine.java:takeSnapshot(304)) - group-3029DAA38393: Finished taking a snapshot at:(t:2, i:14) file:/workdir/hadoop-ozone/integration-test/target/test-dir/MiniOzoneClusterImpl-77a65601-66c2-44da-9914-8a9405cf73ea/datanode-3/data/ratis/75ddeac6-da64-45f8-b9b2-3029daa38393/sm/snapshot.2_14 time:15
2019-10-04 23:32:28,705 [02a1544b-ccb9-470b-bb2f-bdb12f5ecb22@group-3029DAA38393-StateMachineUpdater] INFO  impl.StateMachineUpdater (StateMachineUpdater.java:takeSnapshot(269)) - 02a1544b-ccb9-470b-bb2f-bdb12f5ecb22@group-3029DAA38393-StateMachineUpdater: Took a snapshot at index 14
2019-10-04 23:32:28,705 [3238339d-f75b-4989-8592-0599a7f80724@group-BD66B2BCEE99-StateMachineUpdater] INFO  impl.StateMachineUpdater (StateMachineUpdater.java:takeSnapshot(269)) - 3238339d-f75b-4989-8592-0599a7f80724@group-BD66B2BCEE99-StateMachineUpdater: Took a snapshot at index 16
2019-10-04 23:32:28,705 [02a1544b-ccb9-470b-bb2f-bdb12f5ecb22@group-3029DAA38393-StateMachineUpdater] INFO  impl.StateMachineUpdater (StateMachineUpdater.java:lambda$new$0(84)) - 02a1544b-ccb9-470b-bb2f-bdb12f5ecb22@group-3029DAA38393-StateMachineUpdater: snapshotIndex: updateIncreasingly -1 -> 14
2019-10-04 23:32:28,705 [3238339d-f75b-4989-8592-0599a7f80724@group-BD66B2BCEE99-StateMachineUpdater] INFO  impl.StateMachineUpdater (StateMachineUpdater.java:lambda$new$0(84)) - 3238339d-f75b-4989-8592-0599a7f80724@group-BD66B2BCEE99-StateMachineUpdater: snapshotIndex: updateIncreasingly -1 -> 16
2019-10-04 23:32:28,705 [02a1544b-ccb9-470b-bb2f-bdb12f5ecb22@group-3029DAA38393-StateMachineUpdater] INFO  ratis.ContainerStateMachine (ContainerStateMachine.java:takeSnapshot(293)) - group-3029DAA38393: Taking a snapshot at:(t:2, i:14) file /workdir/hadoop-ozone/integration-test/target/test-dir/MiniOzoneClusterImpl-77a65601-66c2-44da-9914-8a9405cf73ea/datanode-3/data/ratis/75ddeac6-da64-45f8-b9b2-3029daa38393/sm/snapshot.2_14
2019-10-04 23:32:28,706 [ForkJoinPool.commonPool-worker-0] INFO  impl.RaftServerImpl (ServerState.java:close(387)) - 3238339d-f75b-4989-8592-0599a7f80724@group-BD66B2BCEE99: closes. applyIndex: 16
2019-10-04 23:32:28,706 [3238339d-f75b-4989-8592-0599a7f80724@group-BD66B2BCEE99-SegmentedRaftLogWorker] INFO  segmented.SegmentedRaftLogWorker (SegmentedRaftLogWorker.java:run(316)) - 3238339d-f75b-4989-8592-0599a7f80724@group-BD66B2BCEE99-SegmentedRaftLogWorker was interrupted, exiting. There are 0 tasks remaining in the queue.
2019-10-04 23:32:28,708 [ForkJoinPool.commonPool-worker-0] INFO  segmented.SegmentedRaftLogWorker (SegmentedRaftLogWorker.java:close(224)) - 3238339d-f75b-4989-8592-0599a7f80724@group-BD66B2BCEE99-SegmentedRaftLogWorker close()
2019-10-04 23:32:28,713 [ForkJoinPool.commonPool-worker-0] INFO  server.GrpcService (GrpcService.java:closeImpl(164)) - 3238339d-f75b-4989-8592-0599a7f80724: shutdown server with port 34549 now
2019-10-04 23:32:28,716 [ForkJoinPool.commonPool-worker-0] INFO  server.GrpcService (GrpcService.java:closeImpl(172)) - 3238339d-f75b-4989-8592-0599a7f80724: shutdown server with port 34549 successfully
2019-10-04 23:32:28,716 [grpc-default-executor-5] WARN  server.GrpcLogAppender (LogUtils.java:warn(134)) - 8080f05d-3e78-47ef-93cd-5617c0c0c969@group-BD66B2BCEE99->3238339d-f75b-4989-8592-0599a7f80724-AppendLogResponseHandler: Failed appendEntries: org.apache.ratis.thirdparty.io.grpc.StatusRuntimeException: CANCELLED: HTTP/2 error code: CANCEL
Received Rst Stream
2019-10-04 23:32:28,716 [grpc-default-executor-8] WARN  server.GrpcServerProtocolService (LogUtils.java:warn(134)) - 3238339d-f75b-4989-8592-0599a7f80724: installSnapshot onError, lastRequest: 8080f05d-3e78-47ef-93cd-5617c0c0c969->3238339d-f75b-4989-8592-0599a7f80724#29-t1, previous=(t:1, i:16), leaderCommit=16, initializing? false, entries: size=1, first=(t:1, i:17), METADATAENTRY(c16): org.apache.ratis.thirdparty.io.grpc.StatusRuntimeException: CANCELLED: cancelled before receiving half close
2019-10-04 23:32:28,717 [grpc-default-executor-5] INFO  impl.FollowerInfo (FollowerInfo.java:lambda$new$0(51)) - 8080f05d-3e78-47ef-93cd-5617c0c0c969@group-BD66B2BCEE99->3238339d-f75b-4989-8592-0599a7f80724: nextIndex: updateUnconditionally 18 -> 17
2019-10-04 23:32:28,724 [refreshUsed-/workdir/hadoop-ozone/integration-test/target/test-dir/MiniOzoneClusterImpl-77a65601-66c2-44da-9914-8a9405cf73ea/datanode-2/data/containers] WARN  fs.CachingGetSpaceUsed (CachingGetSpaceUsed.java:run(183)) - Thread Interrupted waiting to refresh disk information: sleep interrupted
2019-10-04 23:32:28,725 [02a1544b-ccb9-470b-bb2f-bdb12f5ecb22@group-3029DAA38393-StateMachineUpdater] INFO  ratis.ContainerStateMachine (ContainerStateMachine.java:takeSnapshot(304)) - group-3029DAA38393: Finished taking a snapshot at:(t:2, i:14) file:/workdir/hadoop-ozone/integration-test/target/test-dir/MiniOzoneClusterImpl-77a65601-66c2-44da-9914-8a9405cf73ea/datanode-3/data/ratis/75ddeac6-da64-45f8-b9b2-3029daa38393/sm/snapshot.2_14 time:19
2019-10-04 23:32:28,725 [02a1544b-ccb9-470b-bb2f-bdb12f5ecb22@group-3029DAA38393-StateMachineUpdater] INFO  impl.StateMachineUpdater (StateMachineUpdater.java:takeSnapshot(269)) - 02a1544b-ccb9-470b-bb2f-bdb12f5ecb22@group-3029DAA38393-StateMachineUpdater: Took a snapshot at index 14
2019-10-04 23:32:28,725 [02a1544b-ccb9-470b-bb2f-bdb12f5ecb22@group-3029DAA38393-StateMachineUpdater] INFO  impl.StateMachineUpdater (StateMachineUpdater.java:lambda$new$0(84)) - 02a1544b-ccb9-470b-bb2f-bdb12f5ecb22@group-3029DAA38393-StateMachineUpdater: snapshotIndex: updateIncreasingly 14 -> 14
2019-10-04 23:32:28,725 [main] INFO  impl.RaftServerImpl (ServerState.java:close(387)) - 02a1544b-ccb9-470b-bb2f-bdb12f5ecb22@group-3029DAA38393: closes. applyIndex: 18
2019-10-04 23:32:28,726 [02a1544b-ccb9-470b-bb2f-bdb12f5ecb22@group-3029DAA38393-SegmentedRaftLogWorker] INFO  segmented.SegmentedRaftLogWorker (SegmentedRaftLogWorker.java:run(316)) - 02a1544b-ccb9-470b-bb2f-bdb12f5ecb22@group-3029DAA38393-SegmentedRaftLogWorker was interrupted, exiting. There are 0 tasks remaining in the queue.
2019-10-04 23:32:28,728 [main] INFO  segmented.SegmentedRaftLogWorker (SegmentedRaftLogWorker.java:close(224)) - 02a1544b-ccb9-470b-bb2f-bdb12f5ecb22@group-3029DAA38393-SegmentedRaftLogWorker close()
2019-10-04 23:32:28,743 [main] INFO  server.GrpcService (GrpcService.java:closeImpl(164)) - 02a1544b-ccb9-470b-bb2f-bdb12f5ecb22: shutdown server with port 46236 now
2019-10-04 23:32:28,744 [main] INFO  server.GrpcService (GrpcService.java:closeImpl(172)) - 02a1544b-ccb9-470b-bb2f-bdb12f5ecb22: shutdown server with port 46236 successfully
2019-10-04 23:32:28,747 [refreshUsed-/workdir/hadoop-ozone/integration-test/target/test-dir/MiniOzoneClusterImpl-77a65601-66c2-44da-9914-8a9405cf73ea/datanode-3/data/containers] WARN  fs.CachingGetSpaceUsed (CachingGetSpaceUsed.java:run(183)) - Thread Interrupted waiting to refresh disk information: sleep interrupted
2019-10-04 23:32:28,756 [ForkJoinPool.commonPool-worker-0] INFO  utils.BackgroundService (BackgroundService.java:shutdown(148)) - Shutting down service BlockDeletingService
2019-10-04 23:32:28,762 [ForkJoinPool.commonPool-worker-0] INFO  statemachine.DatanodeStateMachine (DatanodeStateMachine.java:stopDaemon(395)) - Ozone container server stopped.
2019-10-04 23:32:28,770 [ForkJoinPool.commonPool-worker-0] INFO  handler.ContextHandler (ContextHandler.java:doStop(910)) - Stopped o.e.j.w.WebAppContext@7f0766ef{/,null,UNAVAILABLE}{/hddsDatanode}
2019-10-04 23:32:28,771 [ForkJoinPool.commonPool-worker-0] INFO  server.AbstractConnector (AbstractConnector.java:doStop(318)) - Stopped ServerConnector@1e56bc9b{HTTP/1.1,[http/1.1]}{0.0.0.0:0}
2019-10-04 23:32:28,773 [ForkJoinPool.commonPool-worker-0] INFO  handler.ContextHandler (ContextHandler.java:doStop(910)) - Stopped o.e.j.s.ServletContextHandler@5384ce66{/static,jar:file:/home/user/.m2/repository/org/apache/hadoop/hadoop-hdds-container-service/0.5.0-SNAPSHOT/hadoop-hdds-container-service-0.5.0-SNAPSHOT.jar!/webapps/static,UNAVAILABLE}
2019-10-04 23:32:28,775 [ForkJoinPool.commonPool-worker-0] INFO  handler.ContextHandler (ContextHandler.java:doStop(910)) - Stopped o.e.j.s.ServletContextHandler@241b971f{/logs,file:///workdir/hadoop-ozone/integration-test/target/log,UNAVAILABLE}
2019-10-04 23:32:28,778 [main] INFO  utils.BackgroundService (BackgroundService.java:shutdown(148)) - Shutting down service BlockDeletingService
2019-10-04 23:32:28,784 [main] INFO  statemachine.DatanodeStateMachine (DatanodeStateMachine.java:stopDaemon(395)) - Ozone container server stopped.
2019-10-04 23:32:28,784 [main] INFO  handler.ContextHandler (ContextHandler.java:doStop(910)) - Stopped o.e.j.w.WebAppContext@53125718{/,null,UNAVAILABLE}{/hddsDatanode}
2019-10-04 23:32:28,785 [main] INFO  server.AbstractConnector (AbstractConnector.java:doStop(318)) - Stopped ServerConnector@53016b11{HTTP/1.1,[http/1.1]}{0.0.0.0:0}
2019-10-04 23:32:28,785 [main] INFO  handler.ContextHandler (ContextHandler.java:doStop(910)) - Stopped o.e.j.s.ServletContextHandler@7911cc15{/static,jar:file:/home/user/.m2/repository/org/apache/hadoop/hadoop-hdds-container-service/0.5.0-SNAPSHOT/hadoop-hdds-container-service-0.5.0-SNAPSHOT.jar!/webapps/static,UNAVAILABLE}
2019-10-04 23:32:28,786 [main] INFO  handler.ContextHandler (ContextHandler.java:doStop(910)) - Stopped o.e.j.s.ServletContextHandler@25a5c8e{/logs,file:///workdir/hadoop-ozone/integration-test/target/log,UNAVAILABLE}
2019-10-04 23:32:28,883 [grpc-default-executor-5] WARN  server.GrpcLogAppender (LogUtils.java:warn(134)) - 8080f05d-3e78-47ef-93cd-5617c0c0c969@group-BD66B2BCEE99->3238339d-f75b-4989-8592-0599a7f80724-AppendLogResponseHandler: Failed appendEntries: org.apache.ratis.thirdparty.io.grpc.StatusRuntimeException: UNAVAILABLE: io exception
2019-10-04 23:32:28,883 [grpc-default-executor-8] WARN  server.GrpcLogAppender (LogUtils.java:warn(134)) - 8080f05d-3e78-47ef-93cd-5617c0c0c969@group-BD66B2BCEE99->34aca736-5790-4375-a983-d44100e393ad-AppendLogResponseHandler: Failed appendEntries: org.apache.ratis.thirdparty.io.grpc.StatusRuntimeException: UNAVAILABLE: io exception
2019-10-04 23:32:28,883 [grpc-default-executor-5] INFO  impl.FollowerInfo (FollowerInfo.java:lambda$new$0(51)) - 8080f05d-3e78-47ef-93cd-5617c0c0c969@group-BD66B2BCEE99->3238339d-f75b-4989-8592-0599a7f80724: nextIndex: updateUnconditionally 17 -> 16
2019-10-04 23:32:28,883 [grpc-default-executor-8] INFO  impl.FollowerInfo (FollowerInfo.java:lambda$new$0(51)) - 8080f05d-3e78-47ef-93cd-5617c0c0c969@group-BD66B2BCEE99->34aca736-5790-4375-a983-d44100e393ad: nextIndex: updateUnconditionally 14 -> 13
2019-10-04 23:32:29,170 [Datanode State Machine Thread - 0] INFO  statemachine.DatanodeStateMachine (DatanodeStateMachine.java:lambda$startDaemon$0(350)) - Ozone container server started.
2019-10-04 23:32:29,397 [Datanode State Machine Thread - 0] INFO  statemachine.DatanodeStateMachine (DatanodeStateMachine.java:lambda$startDaemon$0(350)) - Ozone container server started.
2019-10-04 23:32:31,384 [grpc-default-executor-8] WARN  server.GrpcLogAppender (LogUtils.java:warn(134)) - 8080f05d-3e78-47ef-93cd-5617c0c0c969@group-BD66B2BCEE99->3238339d-f75b-4989-8592-0599a7f80724-AppendLogResponseHandler: Failed appendEntries: org.apache.ratis.thirdparty.io.grpc.StatusRuntimeException: UNAVAILABLE: io exception
2019-10-04 23:32:31,384 [grpc-default-executor-5] WARN  server.GrpcLogAppender (LogUtils.java:warn(134)) - 8080f05d-3e78-47ef-93cd-5617c0c0c969@group-BD66B2BCEE99->34aca736-5790-4375-a983-d44100e393ad-AppendLogResponseHandler: Failed appendEntries: org.apache.ratis.thirdparty.io.grpc.StatusRuntimeException: UNAVAILABLE: io exception
2019-10-04 23:32:31,384 [grpc-default-executor-8] INFO  impl.FollowerInfo (FollowerInfo.java:lambda$new$0(51)) - 8080f05d-3e78-47ef-93cd-5617c0c0c969@group-BD66B2BCEE99->3238339d-f75b-4989-8592-0599a7f80724: nextIndex: updateUnconditionally 16 -> 15
2019-10-04 23:32:31,384 [grpc-default-executor-5] INFO  impl.FollowerInfo (FollowerInfo.java:lambda$new$0(51)) - 8080f05d-3e78-47ef-93cd-5617c0c0c969@group-BD66B2BCEE99->34aca736-5790-4375-a983-d44100e393ad: nextIndex: updateUnconditionally 13 -> 12
2019-10-04 23:32:33,219 [EventQueue-StaleNodeForStaleNodeHandler] INFO  node.StaleNodeHandler (StaleNodeHandler.java:onMessage(58)) - Datanode 9a2fad00-014f-467f-9958-2d1098537ab3{ip: 192.168.164.255, host: pr-hdds-2181-c9q8w-3494937983, networkLocation: /default-rack, certSerialId: null} moved to stale state. Finalizing its pipelines [PipelineID=06ab485a-d9b1-4627-9fc0-58b60cded015]
2019-10-04 23:32:33,221 [EventQueue-StaleNodeForStaleNodeHandler] INFO  pipeline.SCMPipelineManager (SCMPipelineManager.java:finalizeAndDestroyPipeline(315)) - destroying pipeline:Pipeline[ Id: 06ab485a-d9b1-4627-9fc0-58b60cded015, Nodes: 9a2fad00-014f-467f-9958-2d1098537ab3{ip: 192.168.164.255, host: pr-hdds-2181-c9q8w-3494937983, networkLocation: /default-rack, certSerialId: null}, Type:RATIS, Factor:ONE, State:OPEN]
2019-10-04 23:32:33,221 [EventQueue-StaleNodeForStaleNodeHandler] INFO  pipeline.PipelineStateManager (PipelineStateManager.java:finalizePipeline(123)) - Pipeline Pipeline[ Id: 06ab485a-d9b1-4627-9fc0-58b60cded015, Nodes: 9a2fad00-014f-467f-9958-2d1098537ab3{ip: 192.168.164.255, host: pr-hdds-2181-c9q8w-3494937983, networkLocation: /default-rack, certSerialId: null}, Type:RATIS, Factor:ONE, State:CLOSED] moved to CLOSED state
2019-10-04 23:32:33,419 [EventQueue-StaleNodeForStaleNodeHandler] INFO  node.StaleNodeHandler (StaleNodeHandler.java:onMessage(58)) - Datanode 8080f05d-3e78-47ef-93cd-5617c0c0c969{ip: 192.168.164.255, host: pr-hdds-2181-c9q8w-3494937983, networkLocation: /default-rack, certSerialId: null} moved to stale state. Finalizing its pipelines [PipelineID=2ce996a0-bbf7-40d9-a712-bd66b2bcee99, PipelineID=23f69e66-482c-4e38-891e-14355648759f]
2019-10-04 23:32:33,420 [EventQueue-StaleNodeForStaleNodeHandler] INFO  pipeline.SCMPipelineManager (SCMPipelineManager.java:finalizeAndDestroyPipeline(315)) - destroying pipeline:Pipeline[ Id: 2ce996a0-bbf7-40d9-a712-bd66b2bcee99, Nodes: 3238339d-f75b-4989-8592-0599a7f80724{ip: 192.168.164.255, host: pr-hdds-2181-c9q8w-3494937983, networkLocation: /default-rack, certSerialId: null}34aca736-5790-4375-a983-d44100e393ad{ip: 192.168.164.255, host: pr-hdds-2181-c9q8w-3494937983, networkLocation: /default-rack, certSerialId: null}8080f05d-3e78-47ef-93cd-5617c0c0c969{ip: 192.168.164.255, host: pr-hdds-2181-c9q8w-3494937983, networkLocation: /default-rack, certSerialId: null}, Type:RATIS, Factor:THREE, State:CLOSED]
2019-10-04 23:32:33,420 [EventQueue-StaleNodeForStaleNodeHandler] INFO  pipeline.SCMPipelineManager (SCMPipelineManager.java:finalizeAndDestroyPipeline(315)) - destroying pipeline:Pipeline[ Id: 23f69e66-482c-4e38-891e-14355648759f, Nodes: 8080f05d-3e78-47ef-93cd-5617c0c0c969{ip: 192.168.164.255, host: pr-hdds-2181-c9q8w-3494937983, networkLocation: /default-rack, certSerialId: null}, Type:RATIS, Factor:ONE, State:OPEN]
2019-10-04 23:32:33,420 [EventQueue-StaleNodeForStaleNodeHandler] INFO  pipeline.PipelineStateManager (PipelineStateManager.java:finalizePipeline(123)) - Pipeline Pipeline[ Id: 23f69e66-482c-4e38-891e-14355648759f, Nodes: 8080f05d-3e78-47ef-93cd-5617c0c0c969{ip: 192.168.164.255, host: pr-hdds-2181-c9q8w-3494937983, networkLocation: /default-rack, certSerialId: null}, Type:RATIS, Factor:ONE, State:CLOSED] moved to CLOSED state
2019-10-04 23:32:33,778 [ForkJoinPool.commonPool-worker-0] INFO  ozoneimpl.OzoneContainer (OzoneContainer.java:stop(231)) - Attempting to stop container services.
2019-10-04 23:32:33,785 [ForkJoinPool.commonPool-worker-0] INFO  impl.RaftServerProxy (RaftServerProxy.java:lambda$close$4(314)) - 8080f05d-3e78-47ef-93cd-5617c0c0c969: close
2019-10-04 23:32:33,785 [ForkJoinPool.commonPool-worker-0] INFO  impl.RaftServerImpl (RaftServerImpl.java:lambda$shutdown$3(247)) - 8080f05d-3e78-47ef-93cd-5617c0c0c969@group-BD66B2BCEE99: shutdown
2019-10-04 23:32:33,786 [ForkJoinPool.commonPool-worker-0] INFO  util.JmxRegister (JmxRegister.java:unregister(73)) - Successfully un-registered JMX Bean with object name Ratis:service=RaftServer,group=group-BD66B2BCEE99,id=8080f05d-3e78-47ef-93cd-5617c0c0c969
2019-10-04 23:32:33,786 [ForkJoinPool.commonPool-worker-0] INFO  impl.RoleInfo (RoleInfo.java:shutdownLeaderState(104)) - 8080f05d-3e78-47ef-93cd-5617c0c0c969: shutdown LeaderState
2019-10-04 23:32:33,790 [ForkJoinPool.commonPool-worker-0] INFO  impl.PendingRequests (PendingRequests.java:sendNotLeaderResponses(202)) - 8080f05d-3e78-47ef-93cd-5617c0c0c969@group-BD66B2BCEE99-PendingRequests: sendNotLeaderResponses
2019-10-04 23:32:33,790 [org.apache.ratis.server.impl.LogAppender$AppenderDaemon$$Lambda$524/627816793@24d0c8c1] WARN  server.GrpcLogAppender (GrpcLogAppender.java:mayWait(143)) - 8080f05d-3e78-47ef-93cd-5617c0c0c969@group-BD66B2BCEE99->3238339d-f75b-4989-8592-0599a7f80724-GrpcLogAppender: Wait interrupted by java.lang.InterruptedException
2019-10-04 23:32:33,790 [org.apache.ratis.server.impl.LogAppender$AppenderDaemon$$Lambda$524/627816793@26779c7a] WARN  server.GrpcLogAppender (GrpcLogAppender.java:mayWait(143)) - 8080f05d-3e78-47ef-93cd-5617c0c0c969@group-BD66B2BCEE99->34aca736-5790-4375-a983-d44100e393ad-GrpcLogAppender: Wait interrupted by java.lang.InterruptedException
2019-10-04 23:32:33,792 [main] INFO  ozoneimpl.OzoneContainer (OzoneContainer.java:stop(231)) - Attempting to stop container services.
2019-10-04 23:32:33,796 [ForkJoinPool.commonPool-worker-0] INFO  impl.StateMachineUpdater (StateMachineUpdater.java:stopAndJoin(136)) - 8080f05d-3e78-47ef-93cd-5617c0c0c969@group-BD66B2BCEE99-StateMachineUpdater: set stopIndex = 17
2019-10-04 23:32:33,797 [main] INFO  impl.RaftServerProxy (RaftServerProxy.java:lambda$close$4(314)) - 9a2fad00-014f-467f-9958-2d1098537ab3: close
2019-10-04 23:32:33,797 [8080f05d-3e78-47ef-93cd-5617c0c0c969@group-BD66B2BCEE99-StateMachineUpdater] INFO  ratis.ContainerStateMachine (ContainerStateMachine.java:takeSnapshot(293)) - group-BD66B2BCEE99: Taking a snapshot at:(t:1, i:17) file /workdir/hadoop-ozone/integration-test/target/test-dir/MiniOzoneClusterImpl-77a65601-66c2-44da-9914-8a9405cf73ea/datanode-0/data/ratis/2ce996a0-bbf7-40d9-a712-bd66b2bcee99/sm/snapshot.1_17
2019-10-04 23:32:33,797 [main] INFO  impl.RaftServerImpl (RaftServerImpl.java:lambda$shutdown$3(247)) - 9a2fad00-014f-467f-9958-2d1098537ab3@group-58B60CDED015: shutdown
2019-10-04 23:32:33,798 [main] INFO  util.JmxRegister (JmxRegister.java:unregister(73)) - Successfully un-registered JMX Bean with object name Ratis:service=RaftServer,group=group-58B60CDED015,id=9a2fad00-014f-467f-9958-2d1098537ab3
2019-10-04 23:32:33,798 [main] INFO  impl.RoleInfo (RoleInfo.java:shutdownLeaderState(104)) - 9a2fad00-014f-467f-9958-2d1098537ab3: shutdown LeaderState
2019-10-04 23:32:33,799 [main] INFO  impl.PendingRequests (PendingRequests.java:sendNotLeaderResponses(202)) - 9a2fad00-014f-467f-9958-2d1098537ab3@group-58B60CDED015-PendingRequests: sendNotLeaderResponses
2019-10-04 23:32:33,799 [main] INFO  impl.StateMachineUpdater (StateMachineUpdater.java:stopAndJoin(136)) - 9a2fad00-014f-467f-9958-2d1098537ab3@group-58B60CDED015-StateMachineUpdater: set stopIndex = 0
2019-10-04 23:32:33,800 [main] INFO  impl.RaftServerImpl (ServerState.java:close(387)) - 9a2fad00-014f-467f-9958-2d1098537ab3@group-58B60CDED015: closes. applyIndex: 0
2019-10-04 23:32:33,801 [9a2fad00-014f-467f-9958-2d1098537ab3@group-58B60CDED015-SegmentedRaftLogWorker] INFO  segmented.SegmentedRaftLogWorker (SegmentedRaftLogWorker.java:run(316)) - 9a2fad00-014f-467f-9958-2d1098537ab3@group-58B60CDED015-SegmentedRaftLogWorker was interrupted, exiting. There are 0 tasks remaining in the queue.
2019-10-04 23:32:33,810 [main] INFO  segmented.SegmentedRaftLogWorker (SegmentedRaftLogWorker.java:close(224)) - 9a2fad00-014f-467f-9958-2d1098537ab3@group-58B60CDED015-SegmentedRaftLogWorker close()
2019-10-04 23:32:33,812 [main] INFO  server.GrpcService (GrpcService.java:closeImpl(164)) - 9a2fad00-014f-467f-9958-2d1098537ab3: shutdown server with port 42860 now
2019-10-04 23:32:33,819 [main] INFO  server.GrpcService (GrpcService.java:closeImpl(172)) - 9a2fad00-014f-467f-9958-2d1098537ab3: shutdown server with port 42860 successfully
2019-10-04 23:32:33,824 [refreshUsed-/workdir/hadoop-ozone/integration-test/target/test-dir/MiniOzoneClusterImpl-77a65601-66c2-44da-9914-8a9405cf73ea/datanode-6/data/containers] WARN  fs.CachingGetSpaceUsed (CachingGetSpaceUsed.java:run(183)) - Thread Interrupted waiting to refresh disk information: sleep interrupted
2019-10-04 23:32:33,824 [8080f05d-3e78-47ef-93cd-5617c0c0c969@group-BD66B2BCEE99-StateMachineUpdater] INFO  ratis.ContainerStateMachine (ContainerStateMachine.java:takeSnapshot(304)) - group-BD66B2BCEE99: Finished taking a snapshot at:(t:1, i:17) file:/workdir/hadoop-ozone/integration-test/target/test-dir/MiniOzoneClusterImpl-77a65601-66c2-44da-9914-8a9405cf73ea/datanode-0/data/ratis/2ce996a0-bbf7-40d9-a712-bd66b2bcee99/sm/snapshot.1_17 time:27
2019-10-04 23:32:33,825 [8080f05d-3e78-47ef-93cd-5617c0c0c969@group-BD66B2BCEE99-StateMachineUpdater] INFO  impl.StateMachineUpdater (StateMachineUpdater.java:takeSnapshot(269)) - 8080f05d-3e78-47ef-93cd-5617c0c0c969@group-BD66B2BCEE99-StateMachineUpdater: Took a snapshot at index 17
2019-10-04 23:32:33,825 [8080f05d-3e78-47ef-93cd-5617c0c0c969@group-BD66B2BCEE99-StateMachineUpdater] INFO  impl.StateMachineUpdater (StateMachineUpdater.java:lambda$new$0(84)) - 8080f05d-3e78-47ef-93cd-5617c0c0c969@group-BD66B2BCEE99-StateMachineUpdater: snapshotIndex: updateIncreasingly -1 -> 17
2019-10-04 23:32:33,825 [ForkJoinPool.commonPool-worker-0] INFO  impl.RaftServerImpl (ServerState.java:close(387)) - 8080f05d-3e78-47ef-93cd-5617c0c0c969@group-BD66B2BCEE99: closes. applyIndex: 17
2019-10-04 23:32:33,825 [8080f05d-3e78-47ef-93cd-5617c0c0c969@group-BD66B2BCEE99-SegmentedRaftLogWorker] INFO  segmented.SegmentedRaftLogWorker (SegmentedRaftLogWorker.java:run(316)) - 8080f05d-3e78-47ef-93cd-5617c0c0c969@group-BD66B2BCEE99-SegmentedRaftLogWorker was interrupted, exiting. There are 0 tasks remaining in the queue.
2019-10-04 23:32:33,826 [ForkJoinPool.commonPool-worker-0] INFO  segmented.SegmentedRaftLogWorker (SegmentedRaftLogWorker.java:close(224)) - 8080f05d-3e78-47ef-93cd-5617c0c0c969@group-BD66B2BCEE99-SegmentedRaftLogWorker close()
2019-10-04 23:32:33,827 [ForkJoinPool.commonPool-worker-0] INFO  impl.RaftServerImpl (RaftServerImpl.java:lambda$shutdown$3(247)) - 8080f05d-3e78-47ef-93cd-5617c0c0c969@group-14355648759F: shutdown
2019-10-04 23:32:33,828 [ForkJoinPool.commonPool-worker-0] INFO  util.JmxRegister (JmxRegister.java:unregister(73)) - Successfully un-registered JMX Bean with object name Ratis:service=RaftServer,group=group-14355648759F,id=8080f05d-3e78-47ef-93cd-5617c0c0c969
2019-10-04 23:32:33,828 [ForkJoinPool.commonPool-worker-0] INFO  impl.RoleInfo (RoleInfo.java:shutdownLeaderState(104)) - 8080f05d-3e78-47ef-93cd-5617c0c0c969: shutdown LeaderState
2019-10-04 23:32:33,828 [ForkJoinPool.commonPool-worker-0] INFO  impl.PendingRequests (PendingRequests.java:sendNotLeaderResponses(202)) - 8080f05d-3e78-47ef-93cd-5617c0c0c969@group-14355648759F-PendingRequests: sendNotLeaderResponses
2019-10-04 23:32:33,828 [ForkJoinPool.commonPool-worker-0] INFO  impl.StateMachineUpdater (StateMachineUpdater.java:stopAndJoin(136)) - 8080f05d-3e78-47ef-93cd-5617c0c0c969@group-14355648759F-StateMachineUpdater: set stopIndex = 0
2019-10-04 23:32:33,828 [ForkJoinPool.commonPool-worker-0] INFO  impl.RaftServerImpl (ServerState.java:close(387)) - 8080f05d-3e78-47ef-93cd-5617c0c0c969@group-14355648759F: closes. applyIndex: 0
2019-10-04 23:32:33,829 [8080f05d-3e78-47ef-93cd-5617c0c0c969@group-14355648759F-SegmentedRaftLogWorker] INFO  segmented.SegmentedRaftLogWorker (SegmentedRaftLogWorker.java:run(316)) - 8080f05d-3e78-47ef-93cd-5617c0c0c969@group-14355648759F-SegmentedRaftLogWorker was interrupted, exiting. There are 0 tasks remaining in the queue.
2019-10-04 23:32:33,829 [ForkJoinPool.commonPool-worker-0] INFO  segmented.SegmentedRaftLogWorker (SegmentedRaftLogWorker.java:close(224)) - 8080f05d-3e78-47ef-93cd-5617c0c0c969@group-14355648759F-SegmentedRaftLogWorker close()
2019-10-04 23:32:33,831 [ForkJoinPool.commonPool-worker-0] INFO  server.GrpcService (GrpcService.java:closeImpl(164)) - 8080f05d-3e78-47ef-93cd-5617c0c0c969: shutdown server with port 39016 now
2019-10-04 23:32:33,832 [grpc-default-executor-8] WARN  client.GrpcClientProtocolService (LogUtils.java:warn(134)) - 1-UnorderedRequestStreamObserver1: onError: org.apache.ratis.thirdparty.io.grpc.StatusRuntimeException: CANCELLED: cancelled before receiving half close
2019-10-04 23:32:33,832 [ForkJoinPool.commonPool-worker-0] INFO  server.GrpcService (GrpcService.java:closeImpl(172)) - 8080f05d-3e78-47ef-93cd-5617c0c0c969: shutdown server with port 39016 successfully
2019-10-04 23:32:33,835 [refreshUsed-/workdir/hadoop-ozone/integration-test/target/test-dir/MiniOzoneClusterImpl-77a65601-66c2-44da-9914-8a9405cf73ea/datanode-0/data/containers] WARN  fs.CachingGetSpaceUsed (CachingGetSpaceUsed.java:run(183)) - Thread Interrupted waiting to refresh disk information: sleep interrupted
2019-10-04 23:32:33,847 [main] INFO  utils.BackgroundService (BackgroundService.java:shutdown(148)) - Shutting down service BlockDeletingService
2019-10-04 23:32:33,847 [ForkJoinPool.commonPool-worker-0] INFO  utils.BackgroundService (BackgroundService.java:shutdown(148)) - Shutting down service BlockDeletingService
2019-10-04 23:32:33,855 [ForkJoinPool.commonPool-worker-0] INFO  statemachine.DatanodeStateMachine (DatanodeStateMachine.java:stopDaemon(395)) - Ozone container server stopped.
2019-10-04 23:32:33,855 [main] INFO  statemachine.DatanodeStateMachine (DatanodeStateMachine.java:stopDaemon(395)) - Ozone container server stopped.
2019-10-04 23:32:33,859 [ForkJoinPool.commonPool-worker-0] INFO  handler.ContextHandler (ContextHandler.java:doStop(910)) - Stopped o.e.j.w.WebAppContext@10817f46{/,null,UNAVAILABLE}{/hddsDatanode}
2019-10-04 23:32:33,859 [main] INFO  handler.ContextHandler (ContextHandler.java:doStop(910)) - Stopped o.e.j.w.WebAppContext@5c1b89ac{/,null,UNAVAILABLE}{/hddsDatanode}
2019-10-04 23:32:33,860 [ForkJoinPool.commonPool-worker-0] INFO  server.AbstractConnector (AbstractConnector.java:doStop(318)) - Stopped ServerConnector@2d4a3e13{HTTP/1.1,[http/1.1]}{0.0.0.0:0}
2019-10-04 23:32:33,861 [main] INFO  server.AbstractConnector (AbstractConnector.java:doStop(318)) - Stopped ServerConnector@40a1b6d4{HTTP/1.1,[http/1.1]}{0.0.0.0:0}
2019-10-04 23:32:33,864 [ForkJoinPool.commonPool-worker-0] INFO  handler.ContextHandler (ContextHandler.java:doStop(910)) - Stopped o.e.j.s.ServletContextHandler@5fdd97c1{/static,jar:file:/home/user/.m2/repository/org/apache/hadoop/hadoop-hdds-container-service/0.5.0-SNAPSHOT/hadoop-hdds-container-service-0.5.0-SNAPSHOT.jar!/webapps/static,UNAVAILABLE}
2019-10-04 23:32:33,864 [main] INFO  handler.ContextHandler (ContextHandler.java:doStop(910)) - Stopped o.e.j.s.ServletContextHandler@77aea{/static,jar:file:/home/user/.m2/repository/org/apache/hadoop/hadoop-hdds-container-service/0.5.0-SNAPSHOT/hadoop-hdds-container-service-0.5.0-SNAPSHOT.jar!/webapps/static,UNAVAILABLE}
2019-10-04 23:32:33,865 [ForkJoinPool.commonPool-worker-0] INFO  handler.ContextHandler (ContextHandler.java:doStop(910)) - Stopped o.e.j.s.ServletContextHandler@279126f5{/logs,file:///workdir/hadoop-ozone/integration-test/target/log,UNAVAILABLE}
2019-10-04 23:32:33,865 [main] INFO  handler.ContextHandler (ContextHandler.java:doStop(910)) - Stopped o.e.j.s.ServletContextHandler@70f148dc{/logs,file:///workdir/hadoop-ozone/integration-test/target/log,UNAVAILABLE}
2019-10-04 23:32:33,868 [main] INFO  ozone.MiniOzoneClusterImpl (MiniOzoneClusterImpl.java:stopSCM(392)) - Stopping the StorageContainerManager
2019-10-04 23:32:33,868 [main] INFO  server.StorageContainerManager (StorageContainerManager.java:stop(808)) - Stopping Replication Manager Service.
2019-10-04 23:32:33,869 [main] INFO  container.ReplicationManager (ReplicationManager.java:stop(203)) - Stopping Replication Monitor Thread.
2019-10-04 23:32:33,869 [main] INFO  server.StorageContainerManager (StorageContainerManager.java:stop(815)) - Stopping Lease Manager of the command watchers
2019-10-04 23:32:33,869 [main] INFO  server.StorageContainerManager (StorageContainerManager.java:stop(822)) - Stopping datanode service RPC server
2019-10-04 23:32:33,869 [main] INFO  server.SCMDatanodeProtocolServer (SCMDatanodeProtocolServer.java:stop(346)) - Stopping the RPC server for DataNodes
2019-10-04 23:32:33,869 [main] INFO  ipc.Server (Server.java:stop(3082)) - Stopping server on 45145
2019-10-04 23:32:33,876 [IPC Server Responder] INFO  ipc.Server (Server.java:run(1319)) - Stopping IPC Server Responder
2019-10-04 23:32:33,877 [IPC Server listener on 45145] INFO  ipc.Server (Server.java:run(1185)) - Stopping IPC Server listener on 45145
2019-10-04 23:32:33,920 [SCM Heartbeat Processing Thread - 0] WARN  node.NodeStateManager (NodeStateManager.java:scheduleNextHealthCheck(646)) - Current Thread is interrupted, shutting down HB processing thread for Node Manager.
2019-10-04 23:32:33,920 [main] INFO  server.StorageContainerManager (StorageContainerManager.java:stop(830)) - Stopping block service RPC server
2019-10-04 23:32:33,920 [main] INFO  server.SCMBlockProtocolServer (SCMBlockProtocolServer.java:stop(155)) - Stopping the RPC server for Block Protocol
2019-10-04 23:32:33,920 [main] INFO  ipc.Server (Server.java:stop(3082)) - Stopping server on 34901
2019-10-04 23:32:33,924 [IPC Server listener on 34901] INFO  ipc.Server (Server.java:run(1185)) - Stopping IPC Server listener on 34901
2019-10-04 23:32:33,924 [main] INFO  server.StorageContainerManager (StorageContainerManager.java:stop(837)) - Stopping the StorageContainerLocationProtocol RPC server
2019-10-04 23:32:33,924 [IPC Server Responder] INFO  ipc.Server (Server.java:run(1319)) - Stopping IPC Server Responder
2019-10-04 23:32:33,925 [main] INFO  server.SCMClientProtocolServer (SCMClientProtocolServer.java:stop(168)) - Stopping the RPC server for Client Protocol
2019-10-04 23:32:33,925 [main] INFO  ipc.Server (Server.java:stop(3082)) - Stopping server on 34746
2019-10-04 23:32:33,928 [IPC Server listener on 34746] INFO  ipc.Server (Server.java:run(1185)) - Stopping IPC Server listener on 34746
2019-10-04 23:32:33,928 [main] INFO  server.StorageContainerManager (StorageContainerManager.java:stop(844)) - Stopping Storage Container Manager HTTP server.
2019-10-04 23:32:33,928 [IPC Server Responder] INFO  ipc.Server (Server.java:run(1319)) - Stopping IPC Server Responder
2019-10-04 23:32:33,929 [main] INFO  handler.ContextHandler (ContextHandler.java:doStop(910)) - Stopped o.e.j.w.WebAppContext@530ee28b{/,null,UNAVAILABLE}{/scm}
2019-10-04 23:32:33,929 [main] INFO  server.AbstractConnector (AbstractConnector.java:doStop(318)) - Stopped ServerConnector@3a3f96ab{HTTP/1.1,[http/1.1]}{0.0.0.0:0}
2019-10-04 23:32:33,930 [main] INFO  handler.ContextHandler (ContextHandler.java:doStop(910)) - Stopped o.e.j.s.ServletContextHandler@45554613{/static,file:///workdir/hadoop-ozone/integration-test/target/test-classes/webapps/static,UNAVAILABLE}
2019-10-04 23:32:33,930 [main] INFO  handler.ContextHandler (ContextHandler.java:doStop(910)) - Stopped o.e.j.s.ServletContextHandler@64656b9e{/logs,file:///workdir/hadoop-ozone/integration-test/target/log,UNAVAILABLE}
2019-10-04 23:32:33,931 [main] INFO  server.StorageContainerManager (StorageContainerManager.java:stop(855)) - Stopping Block Manager Service.
2019-10-04 23:32:33,931 [main] INFO  utils.BackgroundService (BackgroundService.java:shutdown(148)) - Shutting down service SCMBlockDeletingService
2019-10-04 23:32:33,932 [main] INFO  utils.BackgroundService (BackgroundService.java:shutdown(148)) - Shutting down service SCMBlockDeletingService
2019-10-04 23:32:33,932 [main] INFO  server.StorageContainerManager (StorageContainerManager.java:stop(877)) - Stopping SCM Event Queue.
2019-10-04 23:32:33,937 [main] INFO  impl.MetricsSystemImpl (MetricsSystemImpl.java:stop(210)) - Stopping HddsDatanode metrics system...
2019-10-04 23:32:33,967 [main] INFO  impl.MetricsSystemImpl (MetricsSystemImpl.java:stop(216)) - HddsDatanode metrics system stopped.
]]></system-out>
    <system-err><![CDATA[Oct 04, 2019 11:32:23 PM org.apache.ratis.thirdparty.io.grpc.internal.SerializingExecutor run
SEVERE: Exception while executing runnable org.apache.ratis.thirdparty.io.grpc.internal.ServerImpl$JumpToApplicationThreadServerStreamListener$1Closed@1c7558d0
org.apache.ratis.thirdparty.io.grpc.StatusRuntimeException: CANCELLED: call already cancelled
	at org.apache.ratis.thirdparty.io.grpc.Status.asRuntimeException(Status.java:517)
	at org.apache.ratis.thirdparty.io.grpc.stub.ServerCalls$ServerCallStreamObserverImpl.onCompleted(ServerCalls.java:356)
	at org.apache.ratis.grpc.server.GrpcServerProtocolService$ServerRequestStreamObserver.onError(GrpcServerProtocolService.java:121)
	at org.apache.ratis.thirdparty.io.grpc.stub.ServerCalls$StreamingServerCallHandler$StreamingServerCallListener.onCancel(ServerCalls.java:269)
	at org.apache.ratis.thirdparty.io.grpc.internal.ServerCallImpl$ServerStreamListenerImpl.closed(ServerCallImpl.java:293)
	at org.apache.ratis.thirdparty.io.grpc.internal.ServerImpl$JumpToApplicationThreadServerStreamListener$1Closed.runInContext(ServerImpl.java:741)
	at org.apache.ratis.thirdparty.io.grpc.internal.ContextRunnable.run(ContextRunnable.java:37)
	at org.apache.ratis.thirdparty.io.grpc.internal.SerializingExecutor.run(SerializingExecutor.java:123)
	at java.util.concurrent.ThreadPoolExecutor.runWorker(ThreadPoolExecutor.java:1149)
	at java.util.concurrent.ThreadPoolExecutor$Worker.run(ThreadPoolExecutor.java:624)
	at java.lang.Thread.run(Thread.java:748)

Oct 04, 2019 11:32:28 PM org.apache.ratis.thirdparty.io.grpc.internal.SerializingExecutor run
SEVERE: Exception while executing runnable org.apache.ratis.thirdparty.io.grpc.internal.ServerImpl$JumpToApplicationThreadServerStreamListener$1Closed@7e761c50
org.apache.ratis.thirdparty.io.grpc.StatusRuntimeException: CANCELLED: call already cancelled
	at org.apache.ratis.thirdparty.io.grpc.Status.asRuntimeException(Status.java:517)
	at org.apache.ratis.thirdparty.io.grpc.stub.ServerCalls$ServerCallStreamObserverImpl.onCompleted(ServerCalls.java:356)
	at org.apache.ratis.grpc.server.GrpcServerProtocolService$ServerRequestStreamObserver.onError(GrpcServerProtocolService.java:121)
	at org.apache.ratis.thirdparty.io.grpc.stub.ServerCalls$StreamingServerCallHandler$StreamingServerCallListener.onCancel(ServerCalls.java:269)
	at org.apache.ratis.thirdparty.io.grpc.internal.ServerCallImpl$ServerStreamListenerImpl.closed(ServerCallImpl.java:293)
	at org.apache.ratis.thirdparty.io.grpc.internal.ServerImpl$JumpToApplicationThreadServerStreamListener$1Closed.runInContext(ServerImpl.java:741)
	at org.apache.ratis.thirdparty.io.grpc.internal.ContextRunnable.run(ContextRunnable.java:37)
	at org.apache.ratis.thirdparty.io.grpc.internal.SerializingExecutor.run(SerializingExecutor.java:123)
	at java.util.concurrent.ThreadPoolExecutor.runWorker(ThreadPoolExecutor.java:1149)
	at java.util.concurrent.ThreadPoolExecutor$Worker.run(ThreadPoolExecutor.java:624)
	at java.lang.Thread.run(Thread.java:748)

]]></system-err>
  </testcase>
  <testcase name="testFailureWithPrimeSizedData" classname="org.apache.hadoop.ozone.client.rpc.TestBlockOutputStreamWithFailures" time="37.477"/>
  <testcase name="testWatchForCommitWithCloseContainerException" classname="org.apache.hadoop.ozone.client.rpc.TestBlockOutputStreamWithFailures" time="39.658"/>
  <testcase name="testExceptionDuringClose" classname="org.apache.hadoop.ozone.client.rpc.TestBlockOutputStreamWithFailures" time="33.792"/>
</testsuite>