<?xml version="1.0" encoding="UTF-8"?>
<testsuite xmlns:xsi="http://www.w3.org/2001/XMLSchema-instance" xsi:noNamespaceSchemaLocation="https://maven.apache.org/surefire/maven-surefire-plugin/xsd/surefire-test-report.xsd" name="org.apache.hadoop.ozone.client.rpc.TestWatchForCommit" time="245.912" tests="5" errors="1" skipped="0" failures="0">
  <properties>
    <property name="awt.toolkit" value="sun.awt.X11.XToolkit"/>
    <property name="file.encoding.pkg" value="sun.io"/>
    <property name="java.specification.version" value="1.8"/>
    <property name="sun.cpu.isalist" value=""/>
    <property name="sun.jnu.encoding" value="UTF-8"/>
    <property name="java.class.path" value="/workdir/hadoop-ozone/integration-test/target/test-classes:/workdir/hadoop-ozone/integration-test/target/classes:/home/user/.m2/repository/org/apache/hadoop/hadoop-ozone-common/0.5.0-SNAPSHOT/hadoop-ozone-common-0.5.0-SNAPSHOT.jar:/home/user/.m2/repository/org/apache/commons/commons-compress/1.4.1/commons-compress-1.4.1.jar:/home/user/.m2/repository/org/tukaani/xz/1.0/xz-1.0.jar:/home/user/.m2/repository/org/apache/hadoop/hadoop-common/3.2.0/hadoop-common-3.2.0.jar:/home/user/.m2/repository/org/apache/hadoop/hadoop-hdfs/3.2.0/hadoop-hdfs-3.2.0.jar:/home/user/.m2/repository/org/apache/hadoop/hadoop-hdfs-client/3.2.0/hadoop-hdfs-client-3.2.0.jar:/home/user/.m2/repository/com/fasterxml/jackson/core/jackson-annotations/2.9.9/jackson-annotations-2.9.9.jar:/home/user/.m2/repository/org/apache/hadoop/hadoop-hdds-common/0.5.0-SNAPSHOT/hadoop-hdds-common-0.5.0-SNAPSHOT.jar:/home/user/.m2/repository/javax/annotation/javax.annotation-api/1.2/javax.annotation-api-1.2.jar:/home/user/.m2/repository/org/apache/ratis/ratis-server/0.5.0-201fc85-SNAPSHOT/ratis-server-0.5.0-201fc85-SNAPSHOT.jar:/home/user/.m2/repository/org/apache/ratis/ratis-thirdparty-misc/0.2.0/ratis-thirdparty-misc-0.2.0.jar:/home/user/.m2/repository/org/apache/ratis/ratis-proto/0.5.0-201fc85-SNAPSHOT/ratis-proto-0.5.0-201fc85-SNAPSHOT.jar:/home/user/.m2/repository/org/apache/ratis/ratis-common/0.5.0-201fc85-SNAPSHOT/ratis-common-0.5.0-201fc85-SNAPSHOT.jar:/home/user/.m2/repository/org/apache/ratis/ratis-client/0.5.0-201fc85-SNAPSHOT/ratis-client-0.5.0-201fc85-SNAPSHOT.jar:/home/user/.m2/repository/org/apache/ratis/ratis-metrics/0.5.0-201fc85-SNAPSHOT/ratis-metrics-0.5.0-201fc85-SNAPSHOT.jar:/home/user/.m2/repository/com/github/joshelser/dropwizard-metrics-hadoop-metrics2-reporter/0.1.2/dropwizard-metrics-hadoop-metrics2-reporter-0.1.2.jar:/home/user/.m2/repository/io/dropwizard/metrics/metrics-jvm/3.2.5/metrics-jvm-3.2.5.jar:/home/user/.m2/repository/io/dropwizard/metrics/metrics-ganglia/3.2.5/metrics-ganglia-3.2.5.jar:/home/user/.m2/repository/info/ganglia/gmetric4j/gmetric4j/1.0.7/gmetric4j-1.0.7.jar:/home/user/.m2/repository/org/apache/ratis/ratis-netty/0.5.0-201fc85-SNAPSHOT/ratis-netty-0.5.0-201fc85-SNAPSHOT.jar:/home/user/.m2/repository/org/apache/ratis/ratis-grpc/0.5.0-201fc85-SNAPSHOT/ratis-grpc-0.5.0-201fc85-SNAPSHOT.jar:/home/user/.m2/repository/org/rocksdb/rocksdbjni/6.0.1/rocksdbjni-6.0.1.jar:/home/user/.m2/repository/org/apache/logging/log4j/log4j-api/2.11.0/log4j-api-2.11.0.jar:/home/user/.m2/repository/org/apache/logging/log4j/log4j-core/2.11.0/log4j-core-2.11.0.jar:/home/user/.m2/repository/com/lmax/disruptor/3.4.2/disruptor-3.4.2.jar:/home/user/.m2/repository/org/apache/commons/commons-pool2/2.6.0/commons-pool2-2.6.0.jar:/home/user/.m2/repository/org/bouncycastle/bcpkix-jdk15on/1.60/bcpkix-jdk15on-1.60.jar:/home/user/.m2/repository/commons-validator/commons-validator/1.6/commons-validator-1.6.jar:/home/user/.m2/repository/commons-digester/commons-digester/1.8.1/commons-digester-1.8.1.jar:/home/user/.m2/repository/io/jaegertracing/jaeger-client/0.34.0/jaeger-client-0.34.0.jar:/home/user/.m2/repository/io/jaegertracing/jaeger-thrift/0.34.0/jaeger-thrift-0.34.0.jar:/home/user/.m2/repository/org/apache/thrift/libthrift/0.12.0/libthrift-0.12.0.jar:/home/user/.m2/repository/com/squareup/okhttp3/okhttp/3.9.0/okhttp-3.9.0.jar:/home/user/.m2/repository/com/squareup/okio/okio/1.13.0/okio-1.13.0.jar:/home/user/.m2/repository/io/jaegertracing/jaeger-core/0.34.0/jaeger-core-0.34.0.jar:/home/user/.m2/repository/io/jaegertracing/jaeger-tracerresolver/0.34.0/jaeger-tracerresolver-0.34.0.jar:/home/user/.m2/repository/io/opentracing/contrib/opentracing-tracerresolver/0.1.5/opentracing-tracerresolver-0.1.5.jar:/home/user/.m2/repository/io/opentracing/opentracing-util/0.31.0/opentracing-util-0.31.0.jar:/home/user/.m2/repository/io/opentracing/opentracing-api/0.31.0/opentracing-api-0.31.0.jar:/home/user/.m2/repository/io/opentracing/opentracing-noop/0.31.0/opentracing-noop-0.31.0.jar:/home/user/.m2/repository/org/apache/hadoop/hadoop-hdds-server-framework/0.5.0-SNAPSHOT/hadoop-hdds-server-framework-0.5.0-SNAPSHOT.jar:/home/user/.m2/repository/org/apache/hadoop/hadoop-hdds-container-service/0.5.0-SNAPSHOT/hadoop-hdds-container-service-0.5.0-SNAPSHOT.jar:/home/user/.m2/repository/org/apache/hadoop/hadoop-hdds-client/0.5.0-SNAPSHOT/hadoop-hdds-client-0.5.0-SNAPSHOT.jar:/home/user/.m2/repository/org/apache/hadoop/hadoop-hdds-tools/0.5.0-SNAPSHOT/hadoop-hdds-tools-0.5.0-SNAPSHOT.jar:/home/user/.m2/repository/org/apache/hadoop/hadoop-hdds-server-scm/0.5.0-SNAPSHOT/hadoop-hdds-server-scm-0.5.0-SNAPSHOT.jar:/home/user/.m2/repository/org/apache/hadoop/hadoop-hdds-docs/0.5.0-SNAPSHOT/hadoop-hdds-docs-0.5.0-SNAPSHOT.jar:/home/user/.m2/repository/io/dropwizard/metrics/metrics-core/3.2.4/metrics-core-3.2.4.jar:/home/user/.m2/repository/org/hamcrest/hamcrest-all/1.3/hamcrest-all-1.3.jar:/home/user/.m2/repository/org/bouncycastle/bcprov-jdk15on/1.60/bcprov-jdk15on-1.60.jar:/home/user/.m2/repository/info/picocli/picocli/3.9.6/picocli-3.9.6.jar:/home/user/.m2/repository/com/google/protobuf/protobuf-java/2.5.0/protobuf-java-2.5.0.jar:/home/user/.m2/repository/com/google/guava/guava/11.0.2/guava-11.0.2.jar:/home/user/.m2/repository/org/apache/hadoop/hadoop-ozone-ozone-manager/0.5.0-SNAPSHOT/hadoop-ozone-ozone-manager-0.5.0-SNAPSHOT.jar:/home/user/.m2/repository/org/apache/hadoop/hadoop-minikdc/3.2.0/hadoop-minikdc-3.2.0.jar:/home/user/.m2/repository/commons-io/commons-io/2.5/commons-io-2.5.jar:/home/user/.m2/repository/org/apache/kerby/kerb-simplekdc/1.0.1/kerb-simplekdc-1.0.1.jar:/home/user/.m2/repository/org/apache/kerby/kerb-client/1.0.1/kerb-client-1.0.1.jar:/home/user/.m2/repository/org/apache/kerby/kerby-config/1.0.1/kerby-config-1.0.1.jar:/home/user/.m2/repository/org/apache/kerby/kerb-core/1.0.1/kerb-core-1.0.1.jar:/home/user/.m2/repository/org/apache/kerby/kerby-pkix/1.0.1/kerby-pkix-1.0.1.jar:/home/user/.m2/repository/org/apache/kerby/kerby-asn1/1.0.1/kerby-asn1-1.0.1.jar:/home/user/.m2/repository/org/apache/kerby/kerby-util/1.0.1/kerby-util-1.0.1.jar:/home/user/.m2/repository/org/apache/kerby/kerb-common/1.0.1/kerb-common-1.0.1.jar:/home/user/.m2/repository/org/apache/kerby/kerb-crypto/1.0.1/kerb-crypto-1.0.1.jar:/home/user/.m2/repository/org/apache/kerby/kerb-util/1.0.1/kerb-util-1.0.1.jar:/home/user/.m2/repository/org/apache/kerby/token-provider/1.0.1/token-provider-1.0.1.jar:/home/user/.m2/repository/org/apache/kerby/kerb-admin/1.0.1/kerb-admin-1.0.1.jar:/home/user/.m2/repository/org/apache/kerby/kerb-server/1.0.1/kerb-server-1.0.1.jar:/home/user/.m2/repository/org/apache/kerby/kerb-identity/1.0.1/kerb-identity-1.0.1.jar:/home/user/.m2/repository/org/apache/kerby/kerby-xdr/1.0.1/kerby-xdr-1.0.1.jar:/home/user/.m2/repository/org/slf4j/slf4j-log4j12/1.7.25/slf4j-log4j12-1.7.25.jar:/home/user/.m2/repository/org/apache/hadoop/hadoop-ozone-s3gateway/0.5.0-SNAPSHOT/hadoop-ozone-s3gateway-0.5.0-SNAPSHOT.jar:/home/user/.m2/repository/org/jboss/weld/servlet/weld-servlet/2.4.7.Final/weld-servlet-2.4.7.Final.jar:/home/user/.m2/repository/org/glassfish/jersey/containers/jersey-container-servlet-core/2.27/jersey-container-servlet-core-2.27.jar:/home/user/.m2/repository/org/glassfish/hk2/external/javax.inject/2.5.0-b42/javax.inject-2.5.0-b42.jar:/home/user/.m2/repository/org/glassfish/jersey/core/jersey-common/2.27/jersey-common-2.27.jar:/home/user/.m2/repository/org/glassfish/hk2/osgi-resource-locator/1.0.1/osgi-resource-locator-1.0.1.jar:/home/user/.m2/repository/javax/ws/rs/javax.ws.rs-api/2.1/javax.ws.rs-api-2.1.jar:/home/user/.m2/repository/org/glassfish/jersey/ext/cdi/jersey-cdi1x/2.27/jersey-cdi1x-2.27.jar:/home/user/.m2/repository/org/glassfish/jersey/inject/jersey-hk2/2.27/jersey-hk2-2.27.jar:/home/user/.m2/repository/org/glassfish/hk2/hk2-locator/2.5.0-b42/hk2-locator-2.5.0-b42.jar:/home/user/.m2/repository/org/javassist/javassist/3.22.0-CR2/javassist-3.22.0-CR2.jar:/home/user/.m2/repository/org/glassfish/hk2/hk2-api/2.5.0/hk2-api-2.5.0.jar:/home/user/.m2/repository/org/glassfish/hk2/external/jakarta.inject/2.5.0/jakarta.inject-2.5.0.jar:/home/user/.m2/repository/org/glassfish/hk2/hk2-utils/2.5.0/hk2-utils-2.5.0.jar:/home/user/.m2/repository/jakarta/annotation/jakarta.annotation-api/1.3.4/jakarta.annotation-api-1.3.4.jar:/home/user/.m2/repository/org/glassfish/hk2/external/aopalliance-repackaged/2.5.0/aopalliance-repackaged-2.5.0.jar:/home/user/.m2/repository/com/fasterxml/jackson/dataformat/jackson-dataformat-xml/2.9.0/jackson-dataformat-xml-2.9.0.jar:/home/user/.m2/repository/com/fasterxml/jackson/core/jackson-core/2.9.9/jackson-core-2.9.9.jar:/home/user/.m2/repository/com/fasterxml/jackson/module/jackson-module-jaxb-annotations/2.9.9/jackson-module-jaxb-annotations-2.9.9.jar:/home/user/.m2/repository/javax/enterprise/cdi-api/1.2/cdi-api-1.2.jar:/home/user/.m2/repository/javax/el/javax.el-api/3.0.0/javax.el-api-3.0.0.jar:/home/user/.m2/repository/javax/interceptor/javax.interceptor-api/1.2/javax.interceptor-api-1.2.jar:/home/user/.m2/repository/javax/inject/javax.inject/1/javax.inject-1.jar:/home/user/.m2/repository/com/sun/xml/bind/jaxb-impl/2.3.0.1/jaxb-impl-2.3.0.1.jar:/home/user/.m2/repository/com/sun/xml/bind/jaxb-core/2.3.0.1/jaxb-core-2.3.0.1.jar:/home/user/.m2/repository/javax/xml/bind/jaxb-api/2.3.0/jaxb-api-2.3.0.jar:/home/user/.m2/repository/javax/activation/activation/1.1.1/activation-1.1.1.jar:/home/user/.m2/repository/org/apache/hadoop/hadoop-ozone-csi/0.5.0-SNAPSHOT/hadoop-ozone-csi-0.5.0-SNAPSHOT.jar:/home/user/.m2/repository/com/google/protobuf/protobuf-java-util/3.5.1/protobuf-java-util-3.5.1.jar:/home/user/.m2/repository/org/apache/hadoop/hadoop-hdds-config/0.5.0-SNAPSHOT/hadoop-hdds-config-0.5.0-SNAPSHOT.jar:/home/user/.m2/repository/io/grpc/grpc-netty/1.17.1/grpc-netty-1.17.1.jar:/home/user/.m2/repository/io/grpc/grpc-core/1.17.1/grpc-core-1.17.1.jar:/home/user/.m2/repository/io/grpc/grpc-context/1.17.1/grpc-context-1.17.1.jar:/home/user/.m2/repository/com/google/errorprone/error_prone_annotations/2.2.0/error_prone_annotations-2.2.0.jar:/home/user/.m2/repository/org/codehaus/mojo/animal-sniffer-annotations/1.17/animal-sniffer-annotations-1.17.jar:/home/user/.m2/repository/io/opencensus/opencensus-api/0.17.0/opencensus-api-0.17.0.jar:/home/user/.m2/repository/io/opencensus/opencensus-contrib-grpc-metrics/0.17.0/opencensus-contrib-grpc-metrics-0.17.0.jar:/home/user/.m2/repository/io/netty/netty-codec-http2/4.1.30.Final/netty-codec-http2-4.1.30.Final.jar:/home/user/.m2/repository/io/netty/netty-codec-http/4.1.30.Final/netty-codec-http-4.1.30.Final.jar:/home/user/.m2/repository/io/netty/netty-codec/4.1.30.Final/netty-codec-4.1.30.Final.jar:/home/user/.m2/repository/io/netty/netty-handler/4.1.30.Final/netty-handler-4.1.30.Final.jar:/home/user/.m2/repository/io/netty/netty-handler-proxy/4.1.30.Final/netty-handler-proxy-4.1.30.Final.jar:/home/user/.m2/repository/io/netty/netty-codec-socks/4.1.30.Final/netty-codec-socks-4.1.30.Final.jar:/home/user/.m2/repository/io/netty/netty-transport-native-epoll/4.1.30.Final/netty-transport-native-epoll-4.1.30.Final.jar:/home/user/.m2/repository/io/netty/netty-common/4.1.30.Final/netty-common-4.1.30.Final.jar:/home/user/.m2/repository/io/netty/netty-buffer/4.1.30.Final/netty-buffer-4.1.30.Final.jar:/home/user/.m2/repository/io/netty/netty-transport/4.1.30.Final/netty-transport-4.1.30.Final.jar:/home/user/.m2/repository/io/netty/netty-resolver/4.1.30.Final/netty-resolver-4.1.30.Final.jar:/home/user/.m2/repository/io/netty/netty-transport-native-unix-common/4.1.30.Final/netty-transport-native-unix-common-4.1.30.Final.jar:/home/user/.m2/repository/io/grpc/grpc-protobuf/1.17.1/grpc-protobuf-1.17.1.jar:/home/user/.m2/repository/com/google/api/grpc/proto-google-common-protos/1.0.0/proto-google-common-protos-1.0.0.jar:/home/user/.m2/repository/io/grpc/grpc-protobuf-lite/1.17.1/grpc-protobuf-lite-1.17.1.jar:/home/user/.m2/repository/io/grpc/grpc-stub/1.17.1/grpc-stub-1.17.1.jar:/home/user/.m2/repository/org/apache/hadoop/hadoop-ozone-recon/0.5.0-SNAPSHOT/hadoop-ozone-recon-0.5.0-SNAPSHOT.jar:/home/user/.m2/repository/org/apache/hadoop/hadoop-ozone-reconcodegen/0.5.0-SNAPSHOT/hadoop-ozone-reconcodegen-0.5.0-SNAPSHOT.jar:/home/user/.m2/repository/com/google/inject/extensions/guice-multibindings/4.0/guice-multibindings-4.0.jar:/home/user/.m2/repository/com/google/inject/guice/4.0/guice-4.0.jar:/home/user/.m2/repository/aopalliance/aopalliance/1.0/aopalliance-1.0.jar:/home/user/.m2/repository/com/google/inject/extensions/guice-servlet/4.0/guice-servlet-4.0.jar:/home/user/.m2/repository/org/glassfish/jersey/containers/jersey-container-servlet/2.27/jersey-container-servlet-2.27.jar:/home/user/.m2/repository/org/glassfish/hk2/guice-bridge/2.5.0/guice-bridge-2.5.0.jar:/home/user/.m2/repository/org/glassfish/jersey/core/jersey-server/2.27/jersey-server-2.27.jar:/home/user/.m2/repository/org/glassfish/jersey/core/jersey-client/2.27/jersey-client-2.27.jar:/home/user/.m2/repository/org/glassfish/jersey/media/jersey-media-jaxb/2.27/jersey-media-jaxb-2.27.jar:/home/user/.m2/repository/javax/validation/validation-api/1.1.0.Final/validation-api-1.1.0.Final.jar:/home/user/.m2/repository/org/glassfish/jersey/media/jersey-media-json-jackson/2.27/jersey-media-json-jackson-2.27.jar:/home/user/.m2/repository/org/glassfish/jersey/ext/jersey-entity-filtering/2.27/jersey-entity-filtering-2.27.jar:/home/user/.m2/repository/com/google/inject/extensions/guice-assistedinject/4.0/guice-assistedinject-4.0.jar:/home/user/.m2/repository/org/jooq/jooq/3.11.10/jooq-3.11.10.jar:/home/user/.m2/repository/org/jooq/jooq-meta/3.11.10/jooq-meta-3.11.10.jar:/home/user/.m2/repository/org/jooq/jooq-codegen/3.11.10/jooq-codegen-3.11.10.jar:/home/user/.m2/repository/com/jolbox/bonecp/0.8.0.RELEASE/bonecp-0.8.0.RELEASE.jar:/home/user/.m2/repository/org/xerial/sqlite-jdbc/3.25.2/sqlite-jdbc-3.25.2.jar:/home/user/.m2/repository/org/springframework/spring-jdbc/5.1.3.RELEASE/spring-jdbc-5.1.3.RELEASE.jar:/home/user/.m2/repository/org/springframework/spring-beans/5.1.3.RELEASE/spring-beans-5.1.3.RELEASE.jar:/home/user/.m2/repository/org/springframework/spring-core/5.1.3.RELEASE/spring-core-5.1.3.RELEASE.jar:/home/user/.m2/repository/org/springframework/spring-jcl/5.1.3.RELEASE/spring-jcl-5.1.3.RELEASE.jar:/home/user/.m2/repository/org/springframework/spring-tx/5.1.3.RELEASE/spring-tx-5.1.3.RELEASE.jar:/home/user/.m2/repository/org/apache/hadoop/hadoop-ozone-client/0.5.0-SNAPSHOT/hadoop-ozone-client-0.5.0-SNAPSHOT.jar:/home/user/.m2/repository/commons-lang/commons-lang/2.6/commons-lang-2.6.jar:/home/user/.m2/repository/org/apache/hadoop/hadoop-ozone-ozone-manager/0.5.0-SNAPSHOT/hadoop-ozone-ozone-manager-0.5.0-SNAPSHOT-tests.jar:/home/user/.m2/repository/junit/junit/4.11/junit-4.11.jar:/home/user/.m2/repository/org/hamcrest/hamcrest-core/1.3/hamcrest-core-1.3.jar:/home/user/.m2/repository/org/openjdk/jmh/jmh-core/1.19/jmh-core-1.19.jar:/home/user/.m2/repository/net/sf/jopt-simple/jopt-simple/4.6/jopt-simple-4.6.jar:/home/user/.m2/repository/org/apache/commons/commons-math3/3.1.1/commons-math3-3.1.1.jar:/home/user/.m2/repository/org/openjdk/jmh/jmh-generator-annprocess/1.19/jmh-generator-annprocess-1.19.jar:/home/user/.m2/repository/org/mockito/mockito-all/1.8.5/mockito-all-1.8.5.jar:/home/user/.m2/repository/org/apache/hadoop/hadoop-kms/3.2.0/hadoop-kms-3.2.0.jar:/home/user/.m2/repository/org/apache/hadoop/hadoop-auth/3.2.0/hadoop-auth-3.2.0.jar:/home/user/.m2/repository/com/nimbusds/nimbus-jose-jwt/4.41.1/nimbus-jose-jwt-4.41.1.jar:/home/user/.m2/repository/com/github/stephenc/jcip/jcip-annotations/1.0-1/jcip-annotations-1.0-1.jar:/home/user/.m2/repository/net/minidev/json-smart/2.3/json-smart-2.3.jar:/home/user/.m2/repository/net/minidev/accessors-smart/1.2/accessors-smart-1.2.jar:/home/user/.m2/repository/org/ow2/asm/asm/5.0.4/asm-5.0.4.jar:/home/user/.m2/repository/org/apache/curator/curator-framework/2.12.0/curator-framework-2.12.0.jar:/home/user/.m2/repository/com/sun/jersey/jersey-core/1.19/jersey-core-1.19.jar:/home/user/.m2/repository/javax/ws/rs/jsr311-api/1.1.1/jsr311-api-1.1.1.jar:/home/user/.m2/repository/com/sun/jersey/jersey-server/1.19/jersey-server-1.19.jar:/home/user/.m2/repository/javax/servlet/javax.servlet-api/3.1.0/javax.servlet-api-3.1.0.jar:/home/user/.m2/repository/org/eclipse/jetty/jetty-server/9.3.25.v20180904/jetty-server-9.3.25.v20180904.jar:/home/user/.m2/repository/org/eclipse/jetty/jetty-http/9.3.25.v20180904/jetty-http-9.3.25.v20180904.jar:/home/user/.m2/repository/org/eclipse/jetty/jetty-io/9.3.25.v20180904/jetty-io-9.3.25.v20180904.jar:/home/user/.m2/repository/org/eclipse/jetty/jetty-webapp/9.3.25.v20180904/jetty-webapp-9.3.25.v20180904.jar:/home/user/.m2/repository/org/eclipse/jetty/jetty-xml/9.3.25.v20180904/jetty-xml-9.3.25.v20180904.jar:/home/user/.m2/repository/log4j/log4j/1.2.17/log4j-1.2.17.jar:/home/user/.m2/repository/org/slf4j/slf4j-api/1.7.25/slf4j-api-1.7.25.jar:/home/user/.m2/repository/org/slf4j/jul-to-slf4j/1.7.25/jul-to-slf4j-1.7.25.jar:/home/user/.m2/repository/org/eclipse/jetty/jetty-util/9.3.25.v20180904/jetty-util-9.3.25.v20180904.jar:/home/user/.m2/repository/com/fasterxml/jackson/core/jackson-databind/2.9.9/jackson-databind-2.9.9.jar:/home/user/.m2/repository/org/apache/hadoop/hadoop-kms/3.2.0/hadoop-kms-3.2.0-tests.jar:/home/user/.m2/repository/org/apache/hadoop/hadoop-hdds-server-scm/0.5.0-SNAPSHOT/hadoop-hdds-server-scm-0.5.0-SNAPSHOT-tests.jar:/home/user/.m2/repository/org/apache/hadoop/hadoop-hdds-container-service/0.5.0-SNAPSHOT/hadoop-hdds-container-service-0.5.0-SNAPSHOT-tests.jar:/home/user/.m2/repository/org/yaml/snakeyaml/1.16/snakeyaml-1.16.jar:/home/user/.m2/repository/org/apache/hadoop/hadoop-common/3.2.0/hadoop-common-3.2.0-tests.jar:/home/user/.m2/repository/org/apache/hadoop/hadoop-annotations/3.2.0/hadoop-annotations-3.2.0.jar:/usr/lib/jvm/java-1.8-openjdk/jre/../lib/tools.jar:/home/user/.m2/repository/commons-cli/commons-cli/1.2/commons-cli-1.2.jar:/home/user/.m2/repository/org/apache/httpcomponents/httpclient/4.5.2/httpclient-4.5.2.jar:/home/user/.m2/repository/org/apache/httpcomponents/httpcore/4.4.4/httpcore-4.4.4.jar:/home/user/.m2/repository/commons-codec/commons-codec/1.11/commons-codec-1.11.jar:/home/user/.m2/repository/commons-net/commons-net/3.6/commons-net-3.6.jar:/home/user/.m2/repository/commons-collections/commons-collections/3.2.2/commons-collections-3.2.2.jar:/home/user/.m2/repository/org/eclipse/jetty/jetty-servlet/9.3.25.v20180904/jetty-servlet-9.3.25.v20180904.jar:/home/user/.m2/repository/org/eclipse/jetty/jetty-security/9.3.25.v20180904/jetty-security-9.3.25.v20180904.jar:/home/user/.m2/repository/javax/servlet/jsp/jsp-api/2.1/jsp-api-2.1.jar:/home/user/.m2/repository/com/sun/jersey/jersey-servlet/1.19/jersey-servlet-1.19.jar:/home/user/.m2/repository/com/sun/jersey/jersey-json/1.19/jersey-json-1.19.jar:/home/user/.m2/repository/org/codehaus/jettison/jettison/1.1/jettison-1.1.jar:/home/user/.m2/repository/org/codehaus/jackson/jackson-core-asl/1.9.13/jackson-core-asl-1.9.13.jar:/home/user/.m2/repository/org/codehaus/jackson/jackson-mapper-asl/1.9.13/jackson-mapper-asl-1.9.13.jar:/home/user/.m2/repository/org/codehaus/jackson/jackson-jaxrs/1.9.13/jackson-jaxrs-1.9.13.jar:/home/user/.m2/repository/org/codehaus/jackson/jackson-xc/1.9.13/jackson-xc-1.9.13.jar:/home/user/.m2/repository/commons-logging/commons-logging/1.1.3/commons-logging-1.1.3.jar:/home/user/.m2/repository/commons-beanutils/commons-beanutils/1.9.4/commons-beanutils-1.9.4.jar:/home/user/.m2/repository/org/apache/commons/commons-configuration2/2.1.1/commons-configuration2-2.1.1.jar:/home/user/.m2/repository/org/apache/commons/commons-lang3/3.7/commons-lang3-3.7.jar:/home/user/.m2/repository/org/apache/commons/commons-text/1.4/commons-text-1.4.jar:/home/user/.m2/repository/org/apache/avro/avro/1.7.7/avro-1.7.7.jar:/home/user/.m2/repository/com/thoughtworks/paranamer/paranamer/2.3/paranamer-2.3.jar:/home/user/.m2/repository/org/xerial/snappy/snappy-java/1.0.5/snappy-java-1.0.5.jar:/home/user/.m2/repository/com/google/re2j/re2j/1.1/re2j-1.1.jar:/home/user/.m2/repository/com/google/code/gson/gson/2.2.4/gson-2.2.4.jar:/home/user/.m2/repository/com/jcraft/jsch/0.1.54/jsch-0.1.54.jar:/home/user/.m2/repository/org/apache/curator/curator-client/2.12.0/curator-client-2.12.0.jar:/home/user/.m2/repository/org/apache/curator/curator-recipes/2.12.0/curator-recipes-2.12.0.jar:/home/user/.m2/repository/com/google/code/findbugs/jsr305/3.0.0/jsr305-3.0.0.jar:/home/user/.m2/repository/org/apache/htrace/htrace-core4/4.1.0-incubating/htrace-core4-4.1.0-incubating.jar:/home/user/.m2/repository/org/apache/zookeeper/zookeeper/3.4.13/zookeeper-3.4.13.jar:/home/user/.m2/repository/jline/jline/0.9.94/jline-0.9.94.jar:/home/user/.m2/repository/org/apache/yetus/audience-annotations/0.5.0/audience-annotations-0.5.0.jar:/home/user/.m2/repository/org/codehaus/woodstox/stax2-api/3.1.4/stax2-api-3.1.4.jar:/home/user/.m2/repository/com/fasterxml/woodstox/woodstox-core/5.0.3/woodstox-core-5.0.3.jar:/home/user/.m2/repository/dnsjava/dnsjava/2.1.7/dnsjava-2.1.7.jar:/home/user/.m2/repository/org/apache/hadoop/hadoop-hdfs/3.2.0/hadoop-hdfs-3.2.0-tests.jar:/home/user/.m2/repository/org/eclipse/jetty/jetty-util-ajax/9.3.25.v20180904/jetty-util-ajax-9.3.25.v20180904.jar:/home/user/.m2/repository/commons-daemon/commons-daemon/1.0.13/commons-daemon-1.0.13.jar:/home/user/.m2/repository/io/netty/netty/3.10.5.Final/netty-3.10.5.Final.jar:/home/user/.m2/repository/io/netty/netty-all/4.0.52.Final/netty-all-4.0.52.Final.jar:/home/user/.m2/repository/org/fusesource/leveldbjni/leveldbjni-all/1.8/leveldbjni-all-1.8.jar:"/>
    <property name="java.vm.vendor" value="IcedTea"/>
    <property name="sun.arch.data.model" value="64"/>
    <property name="test.build.dir" value="/workdir/hadoop-ozone/integration-test/target/test-dir"/>
    <property name="test.cache.data" value=""/>
    <property name="java.vendor.url" value="https://icedtea.classpath.org"/>
    <property name="user.timezone" value=""/>
    <property name="java.vm.specification.version" value="1.8"/>
    <property name="os.name" value="Linux"/>
    <property name="test.build.data" value="/workdir/hadoop-ozone/integration-test/target/test-dir"/>
    <property name="user.country" value="US"/>
    <property name="sun.java.launcher" value="SUN_STANDARD"/>
    <property name="sun.boot.library.path" value="/usr/lib/jvm/java-1.8-openjdk/jre/lib/amd64"/>
    <property name="sun.java.command" value="/workdir/hadoop-ozone/integration-test/target/surefire/surefirebooter4038698043297234858.jar /workdir/hadoop-ozone/integration-test/target/surefire 2019-10-04T22-22-40_877-jvmRun1 surefire5531009313101782984tmp surefire_553008154908134880980tmp"/>
    <property name="test" value="!TestMiniChaosOzoneCluster"/>
    <property name="surefire.test.class.path" value="/workdir/hadoop-ozone/integration-test/target/test-classes:/workdir/hadoop-ozone/integration-test/target/classes:/home/user/.m2/repository/org/apache/hadoop/hadoop-ozone-common/0.5.0-SNAPSHOT/hadoop-ozone-common-0.5.0-SNAPSHOT.jar:/home/user/.m2/repository/org/apache/commons/commons-compress/1.4.1/commons-compress-1.4.1.jar:/home/user/.m2/repository/org/tukaani/xz/1.0/xz-1.0.jar:/home/user/.m2/repository/org/apache/hadoop/hadoop-common/3.2.0/hadoop-common-3.2.0.jar:/home/user/.m2/repository/org/apache/hadoop/hadoop-hdfs/3.2.0/hadoop-hdfs-3.2.0.jar:/home/user/.m2/repository/org/apache/hadoop/hadoop-hdfs-client/3.2.0/hadoop-hdfs-client-3.2.0.jar:/home/user/.m2/repository/com/fasterxml/jackson/core/jackson-annotations/2.9.9/jackson-annotations-2.9.9.jar:/home/user/.m2/repository/org/apache/hadoop/hadoop-hdds-common/0.5.0-SNAPSHOT/hadoop-hdds-common-0.5.0-SNAPSHOT.jar:/home/user/.m2/repository/javax/annotation/javax.annotation-api/1.2/javax.annotation-api-1.2.jar:/home/user/.m2/repository/org/apache/ratis/ratis-server/0.5.0-201fc85-SNAPSHOT/ratis-server-0.5.0-201fc85-SNAPSHOT.jar:/home/user/.m2/repository/org/apache/ratis/ratis-thirdparty-misc/0.2.0/ratis-thirdparty-misc-0.2.0.jar:/home/user/.m2/repository/org/apache/ratis/ratis-proto/0.5.0-201fc85-SNAPSHOT/ratis-proto-0.5.0-201fc85-SNAPSHOT.jar:/home/user/.m2/repository/org/apache/ratis/ratis-common/0.5.0-201fc85-SNAPSHOT/ratis-common-0.5.0-201fc85-SNAPSHOT.jar:/home/user/.m2/repository/org/apache/ratis/ratis-client/0.5.0-201fc85-SNAPSHOT/ratis-client-0.5.0-201fc85-SNAPSHOT.jar:/home/user/.m2/repository/org/apache/ratis/ratis-metrics/0.5.0-201fc85-SNAPSHOT/ratis-metrics-0.5.0-201fc85-SNAPSHOT.jar:/home/user/.m2/repository/com/github/joshelser/dropwizard-metrics-hadoop-metrics2-reporter/0.1.2/dropwizard-metrics-hadoop-metrics2-reporter-0.1.2.jar:/home/user/.m2/repository/io/dropwizard/metrics/metrics-jvm/3.2.5/metrics-jvm-3.2.5.jar:/home/user/.m2/repository/io/dropwizard/metrics/metrics-ganglia/3.2.5/metrics-ganglia-3.2.5.jar:/home/user/.m2/repository/info/ganglia/gmetric4j/gmetric4j/1.0.7/gmetric4j-1.0.7.jar:/home/user/.m2/repository/org/apache/ratis/ratis-netty/0.5.0-201fc85-SNAPSHOT/ratis-netty-0.5.0-201fc85-SNAPSHOT.jar:/home/user/.m2/repository/org/apache/ratis/ratis-grpc/0.5.0-201fc85-SNAPSHOT/ratis-grpc-0.5.0-201fc85-SNAPSHOT.jar:/home/user/.m2/repository/org/rocksdb/rocksdbjni/6.0.1/rocksdbjni-6.0.1.jar:/home/user/.m2/repository/org/apache/logging/log4j/log4j-api/2.11.0/log4j-api-2.11.0.jar:/home/user/.m2/repository/org/apache/logging/log4j/log4j-core/2.11.0/log4j-core-2.11.0.jar:/home/user/.m2/repository/com/lmax/disruptor/3.4.2/disruptor-3.4.2.jar:/home/user/.m2/repository/org/apache/commons/commons-pool2/2.6.0/commons-pool2-2.6.0.jar:/home/user/.m2/repository/org/bouncycastle/bcpkix-jdk15on/1.60/bcpkix-jdk15on-1.60.jar:/home/user/.m2/repository/commons-validator/commons-validator/1.6/commons-validator-1.6.jar:/home/user/.m2/repository/commons-digester/commons-digester/1.8.1/commons-digester-1.8.1.jar:/home/user/.m2/repository/io/jaegertracing/jaeger-client/0.34.0/jaeger-client-0.34.0.jar:/home/user/.m2/repository/io/jaegertracing/jaeger-thrift/0.34.0/jaeger-thrift-0.34.0.jar:/home/user/.m2/repository/org/apache/thrift/libthrift/0.12.0/libthrift-0.12.0.jar:/home/user/.m2/repository/com/squareup/okhttp3/okhttp/3.9.0/okhttp-3.9.0.jar:/home/user/.m2/repository/com/squareup/okio/okio/1.13.0/okio-1.13.0.jar:/home/user/.m2/repository/io/jaegertracing/jaeger-core/0.34.0/jaeger-core-0.34.0.jar:/home/user/.m2/repository/io/jaegertracing/jaeger-tracerresolver/0.34.0/jaeger-tracerresolver-0.34.0.jar:/home/user/.m2/repository/io/opentracing/contrib/opentracing-tracerresolver/0.1.5/opentracing-tracerresolver-0.1.5.jar:/home/user/.m2/repository/io/opentracing/opentracing-util/0.31.0/opentracing-util-0.31.0.jar:/home/user/.m2/repository/io/opentracing/opentracing-api/0.31.0/opentracing-api-0.31.0.jar:/home/user/.m2/repository/io/opentracing/opentracing-noop/0.31.0/opentracing-noop-0.31.0.jar:/home/user/.m2/repository/org/apache/hadoop/hadoop-hdds-server-framework/0.5.0-SNAPSHOT/hadoop-hdds-server-framework-0.5.0-SNAPSHOT.jar:/home/user/.m2/repository/org/apache/hadoop/hadoop-hdds-container-service/0.5.0-SNAPSHOT/hadoop-hdds-container-service-0.5.0-SNAPSHOT.jar:/home/user/.m2/repository/org/apache/hadoop/hadoop-hdds-client/0.5.0-SNAPSHOT/hadoop-hdds-client-0.5.0-SNAPSHOT.jar:/home/user/.m2/repository/org/apache/hadoop/hadoop-hdds-tools/0.5.0-SNAPSHOT/hadoop-hdds-tools-0.5.0-SNAPSHOT.jar:/home/user/.m2/repository/org/apache/hadoop/hadoop-hdds-server-scm/0.5.0-SNAPSHOT/hadoop-hdds-server-scm-0.5.0-SNAPSHOT.jar:/home/user/.m2/repository/org/apache/hadoop/hadoop-hdds-docs/0.5.0-SNAPSHOT/hadoop-hdds-docs-0.5.0-SNAPSHOT.jar:/home/user/.m2/repository/io/dropwizard/metrics/metrics-core/3.2.4/metrics-core-3.2.4.jar:/home/user/.m2/repository/org/hamcrest/hamcrest-all/1.3/hamcrest-all-1.3.jar:/home/user/.m2/repository/org/bouncycastle/bcprov-jdk15on/1.60/bcprov-jdk15on-1.60.jar:/home/user/.m2/repository/info/picocli/picocli/3.9.6/picocli-3.9.6.jar:/home/user/.m2/repository/com/google/protobuf/protobuf-java/2.5.0/protobuf-java-2.5.0.jar:/home/user/.m2/repository/com/google/guava/guava/11.0.2/guava-11.0.2.jar:/home/user/.m2/repository/org/apache/hadoop/hadoop-ozone-ozone-manager/0.5.0-SNAPSHOT/hadoop-ozone-ozone-manager-0.5.0-SNAPSHOT.jar:/home/user/.m2/repository/org/apache/hadoop/hadoop-minikdc/3.2.0/hadoop-minikdc-3.2.0.jar:/home/user/.m2/repository/commons-io/commons-io/2.5/commons-io-2.5.jar:/home/user/.m2/repository/org/apache/kerby/kerb-simplekdc/1.0.1/kerb-simplekdc-1.0.1.jar:/home/user/.m2/repository/org/apache/kerby/kerb-client/1.0.1/kerb-client-1.0.1.jar:/home/user/.m2/repository/org/apache/kerby/kerby-config/1.0.1/kerby-config-1.0.1.jar:/home/user/.m2/repository/org/apache/kerby/kerb-core/1.0.1/kerb-core-1.0.1.jar:/home/user/.m2/repository/org/apache/kerby/kerby-pkix/1.0.1/kerby-pkix-1.0.1.jar:/home/user/.m2/repository/org/apache/kerby/kerby-asn1/1.0.1/kerby-asn1-1.0.1.jar:/home/user/.m2/repository/org/apache/kerby/kerby-util/1.0.1/kerby-util-1.0.1.jar:/home/user/.m2/repository/org/apache/kerby/kerb-common/1.0.1/kerb-common-1.0.1.jar:/home/user/.m2/repository/org/apache/kerby/kerb-crypto/1.0.1/kerb-crypto-1.0.1.jar:/home/user/.m2/repository/org/apache/kerby/kerb-util/1.0.1/kerb-util-1.0.1.jar:/home/user/.m2/repository/org/apache/kerby/token-provider/1.0.1/token-provider-1.0.1.jar:/home/user/.m2/repository/org/apache/kerby/kerb-admin/1.0.1/kerb-admin-1.0.1.jar:/home/user/.m2/repository/org/apache/kerby/kerb-server/1.0.1/kerb-server-1.0.1.jar:/home/user/.m2/repository/org/apache/kerby/kerb-identity/1.0.1/kerb-identity-1.0.1.jar:/home/user/.m2/repository/org/apache/kerby/kerby-xdr/1.0.1/kerby-xdr-1.0.1.jar:/home/user/.m2/repository/org/slf4j/slf4j-log4j12/1.7.25/slf4j-log4j12-1.7.25.jar:/home/user/.m2/repository/org/apache/hadoop/hadoop-ozone-s3gateway/0.5.0-SNAPSHOT/hadoop-ozone-s3gateway-0.5.0-SNAPSHOT.jar:/home/user/.m2/repository/org/jboss/weld/servlet/weld-servlet/2.4.7.Final/weld-servlet-2.4.7.Final.jar:/home/user/.m2/repository/org/glassfish/jersey/containers/jersey-container-servlet-core/2.27/jersey-container-servlet-core-2.27.jar:/home/user/.m2/repository/org/glassfish/hk2/external/javax.inject/2.5.0-b42/javax.inject-2.5.0-b42.jar:/home/user/.m2/repository/org/glassfish/jersey/core/jersey-common/2.27/jersey-common-2.27.jar:/home/user/.m2/repository/org/glassfish/hk2/osgi-resource-locator/1.0.1/osgi-resource-locator-1.0.1.jar:/home/user/.m2/repository/javax/ws/rs/javax.ws.rs-api/2.1/javax.ws.rs-api-2.1.jar:/home/user/.m2/repository/org/glassfish/jersey/ext/cdi/jersey-cdi1x/2.27/jersey-cdi1x-2.27.jar:/home/user/.m2/repository/org/glassfish/jersey/inject/jersey-hk2/2.27/jersey-hk2-2.27.jar:/home/user/.m2/repository/org/glassfish/hk2/hk2-locator/2.5.0-b42/hk2-locator-2.5.0-b42.jar:/home/user/.m2/repository/org/javassist/javassist/3.22.0-CR2/javassist-3.22.0-CR2.jar:/home/user/.m2/repository/org/glassfish/hk2/hk2-api/2.5.0/hk2-api-2.5.0.jar:/home/user/.m2/repository/org/glassfish/hk2/external/jakarta.inject/2.5.0/jakarta.inject-2.5.0.jar:/home/user/.m2/repository/org/glassfish/hk2/hk2-utils/2.5.0/hk2-utils-2.5.0.jar:/home/user/.m2/repository/jakarta/annotation/jakarta.annotation-api/1.3.4/jakarta.annotation-api-1.3.4.jar:/home/user/.m2/repository/org/glassfish/hk2/external/aopalliance-repackaged/2.5.0/aopalliance-repackaged-2.5.0.jar:/home/user/.m2/repository/com/fasterxml/jackson/dataformat/jackson-dataformat-xml/2.9.0/jackson-dataformat-xml-2.9.0.jar:/home/user/.m2/repository/com/fasterxml/jackson/core/jackson-core/2.9.9/jackson-core-2.9.9.jar:/home/user/.m2/repository/com/fasterxml/jackson/module/jackson-module-jaxb-annotations/2.9.9/jackson-module-jaxb-annotations-2.9.9.jar:/home/user/.m2/repository/javax/enterprise/cdi-api/1.2/cdi-api-1.2.jar:/home/user/.m2/repository/javax/el/javax.el-api/3.0.0/javax.el-api-3.0.0.jar:/home/user/.m2/repository/javax/interceptor/javax.interceptor-api/1.2/javax.interceptor-api-1.2.jar:/home/user/.m2/repository/javax/inject/javax.inject/1/javax.inject-1.jar:/home/user/.m2/repository/com/sun/xml/bind/jaxb-impl/2.3.0.1/jaxb-impl-2.3.0.1.jar:/home/user/.m2/repository/com/sun/xml/bind/jaxb-core/2.3.0.1/jaxb-core-2.3.0.1.jar:/home/user/.m2/repository/javax/xml/bind/jaxb-api/2.3.0/jaxb-api-2.3.0.jar:/home/user/.m2/repository/javax/activation/activation/1.1.1/activation-1.1.1.jar:/home/user/.m2/repository/org/apache/hadoop/hadoop-ozone-csi/0.5.0-SNAPSHOT/hadoop-ozone-csi-0.5.0-SNAPSHOT.jar:/home/user/.m2/repository/com/google/protobuf/protobuf-java-util/3.5.1/protobuf-java-util-3.5.1.jar:/home/user/.m2/repository/org/apache/hadoop/hadoop-hdds-config/0.5.0-SNAPSHOT/hadoop-hdds-config-0.5.0-SNAPSHOT.jar:/home/user/.m2/repository/io/grpc/grpc-netty/1.17.1/grpc-netty-1.17.1.jar:/home/user/.m2/repository/io/grpc/grpc-core/1.17.1/grpc-core-1.17.1.jar:/home/user/.m2/repository/io/grpc/grpc-context/1.17.1/grpc-context-1.17.1.jar:/home/user/.m2/repository/com/google/errorprone/error_prone_annotations/2.2.0/error_prone_annotations-2.2.0.jar:/home/user/.m2/repository/org/codehaus/mojo/animal-sniffer-annotations/1.17/animal-sniffer-annotations-1.17.jar:/home/user/.m2/repository/io/opencensus/opencensus-api/0.17.0/opencensus-api-0.17.0.jar:/home/user/.m2/repository/io/opencensus/opencensus-contrib-grpc-metrics/0.17.0/opencensus-contrib-grpc-metrics-0.17.0.jar:/home/user/.m2/repository/io/netty/netty-codec-http2/4.1.30.Final/netty-codec-http2-4.1.30.Final.jar:/home/user/.m2/repository/io/netty/netty-codec-http/4.1.30.Final/netty-codec-http-4.1.30.Final.jar:/home/user/.m2/repository/io/netty/netty-codec/4.1.30.Final/netty-codec-4.1.30.Final.jar:/home/user/.m2/repository/io/netty/netty-handler/4.1.30.Final/netty-handler-4.1.30.Final.jar:/home/user/.m2/repository/io/netty/netty-handler-proxy/4.1.30.Final/netty-handler-proxy-4.1.30.Final.jar:/home/user/.m2/repository/io/netty/netty-codec-socks/4.1.30.Final/netty-codec-socks-4.1.30.Final.jar:/home/user/.m2/repository/io/netty/netty-transport-native-epoll/4.1.30.Final/netty-transport-native-epoll-4.1.30.Final.jar:/home/user/.m2/repository/io/netty/netty-common/4.1.30.Final/netty-common-4.1.30.Final.jar:/home/user/.m2/repository/io/netty/netty-buffer/4.1.30.Final/netty-buffer-4.1.30.Final.jar:/home/user/.m2/repository/io/netty/netty-transport/4.1.30.Final/netty-transport-4.1.30.Final.jar:/home/user/.m2/repository/io/netty/netty-resolver/4.1.30.Final/netty-resolver-4.1.30.Final.jar:/home/user/.m2/repository/io/netty/netty-transport-native-unix-common/4.1.30.Final/netty-transport-native-unix-common-4.1.30.Final.jar:/home/user/.m2/repository/io/grpc/grpc-protobuf/1.17.1/grpc-protobuf-1.17.1.jar:/home/user/.m2/repository/com/google/api/grpc/proto-google-common-protos/1.0.0/proto-google-common-protos-1.0.0.jar:/home/user/.m2/repository/io/grpc/grpc-protobuf-lite/1.17.1/grpc-protobuf-lite-1.17.1.jar:/home/user/.m2/repository/io/grpc/grpc-stub/1.17.1/grpc-stub-1.17.1.jar:/home/user/.m2/repository/org/apache/hadoop/hadoop-ozone-recon/0.5.0-SNAPSHOT/hadoop-ozone-recon-0.5.0-SNAPSHOT.jar:/home/user/.m2/repository/org/apache/hadoop/hadoop-ozone-reconcodegen/0.5.0-SNAPSHOT/hadoop-ozone-reconcodegen-0.5.0-SNAPSHOT.jar:/home/user/.m2/repository/com/google/inject/extensions/guice-multibindings/4.0/guice-multibindings-4.0.jar:/home/user/.m2/repository/com/google/inject/guice/4.0/guice-4.0.jar:/home/user/.m2/repository/aopalliance/aopalliance/1.0/aopalliance-1.0.jar:/home/user/.m2/repository/com/google/inject/extensions/guice-servlet/4.0/guice-servlet-4.0.jar:/home/user/.m2/repository/org/glassfish/jersey/containers/jersey-container-servlet/2.27/jersey-container-servlet-2.27.jar:/home/user/.m2/repository/org/glassfish/hk2/guice-bridge/2.5.0/guice-bridge-2.5.0.jar:/home/user/.m2/repository/org/glassfish/jersey/core/jersey-server/2.27/jersey-server-2.27.jar:/home/user/.m2/repository/org/glassfish/jersey/core/jersey-client/2.27/jersey-client-2.27.jar:/home/user/.m2/repository/org/glassfish/jersey/media/jersey-media-jaxb/2.27/jersey-media-jaxb-2.27.jar:/home/user/.m2/repository/javax/validation/validation-api/1.1.0.Final/validation-api-1.1.0.Final.jar:/home/user/.m2/repository/org/glassfish/jersey/media/jersey-media-json-jackson/2.27/jersey-media-json-jackson-2.27.jar:/home/user/.m2/repository/org/glassfish/jersey/ext/jersey-entity-filtering/2.27/jersey-entity-filtering-2.27.jar:/home/user/.m2/repository/com/google/inject/extensions/guice-assistedinject/4.0/guice-assistedinject-4.0.jar:/home/user/.m2/repository/org/jooq/jooq/3.11.10/jooq-3.11.10.jar:/home/user/.m2/repository/org/jooq/jooq-meta/3.11.10/jooq-meta-3.11.10.jar:/home/user/.m2/repository/org/jooq/jooq-codegen/3.11.10/jooq-codegen-3.11.10.jar:/home/user/.m2/repository/com/jolbox/bonecp/0.8.0.RELEASE/bonecp-0.8.0.RELEASE.jar:/home/user/.m2/repository/org/xerial/sqlite-jdbc/3.25.2/sqlite-jdbc-3.25.2.jar:/home/user/.m2/repository/org/springframework/spring-jdbc/5.1.3.RELEASE/spring-jdbc-5.1.3.RELEASE.jar:/home/user/.m2/repository/org/springframework/spring-beans/5.1.3.RELEASE/spring-beans-5.1.3.RELEASE.jar:/home/user/.m2/repository/org/springframework/spring-core/5.1.3.RELEASE/spring-core-5.1.3.RELEASE.jar:/home/user/.m2/repository/org/springframework/spring-jcl/5.1.3.RELEASE/spring-jcl-5.1.3.RELEASE.jar:/home/user/.m2/repository/org/springframework/spring-tx/5.1.3.RELEASE/spring-tx-5.1.3.RELEASE.jar:/home/user/.m2/repository/org/apache/hadoop/hadoop-ozone-client/0.5.0-SNAPSHOT/hadoop-ozone-client-0.5.0-SNAPSHOT.jar:/home/user/.m2/repository/commons-lang/commons-lang/2.6/commons-lang-2.6.jar:/home/user/.m2/repository/org/apache/hadoop/hadoop-ozone-ozone-manager/0.5.0-SNAPSHOT/hadoop-ozone-ozone-manager-0.5.0-SNAPSHOT-tests.jar:/home/user/.m2/repository/junit/junit/4.11/junit-4.11.jar:/home/user/.m2/repository/org/hamcrest/hamcrest-core/1.3/hamcrest-core-1.3.jar:/home/user/.m2/repository/org/openjdk/jmh/jmh-core/1.19/jmh-core-1.19.jar:/home/user/.m2/repository/net/sf/jopt-simple/jopt-simple/4.6/jopt-simple-4.6.jar:/home/user/.m2/repository/org/apache/commons/commons-math3/3.1.1/commons-math3-3.1.1.jar:/home/user/.m2/repository/org/openjdk/jmh/jmh-generator-annprocess/1.19/jmh-generator-annprocess-1.19.jar:/home/user/.m2/repository/org/mockito/mockito-all/1.8.5/mockito-all-1.8.5.jar:/home/user/.m2/repository/org/apache/hadoop/hadoop-kms/3.2.0/hadoop-kms-3.2.0.jar:/home/user/.m2/repository/org/apache/hadoop/hadoop-auth/3.2.0/hadoop-auth-3.2.0.jar:/home/user/.m2/repository/com/nimbusds/nimbus-jose-jwt/4.41.1/nimbus-jose-jwt-4.41.1.jar:/home/user/.m2/repository/com/github/stephenc/jcip/jcip-annotations/1.0-1/jcip-annotations-1.0-1.jar:/home/user/.m2/repository/net/minidev/json-smart/2.3/json-smart-2.3.jar:/home/user/.m2/repository/net/minidev/accessors-smart/1.2/accessors-smart-1.2.jar:/home/user/.m2/repository/org/ow2/asm/asm/5.0.4/asm-5.0.4.jar:/home/user/.m2/repository/org/apache/curator/curator-framework/2.12.0/curator-framework-2.12.0.jar:/home/user/.m2/repository/com/sun/jersey/jersey-core/1.19/jersey-core-1.19.jar:/home/user/.m2/repository/javax/ws/rs/jsr311-api/1.1.1/jsr311-api-1.1.1.jar:/home/user/.m2/repository/com/sun/jersey/jersey-server/1.19/jersey-server-1.19.jar:/home/user/.m2/repository/javax/servlet/javax.servlet-api/3.1.0/javax.servlet-api-3.1.0.jar:/home/user/.m2/repository/org/eclipse/jetty/jetty-server/9.3.25.v20180904/jetty-server-9.3.25.v20180904.jar:/home/user/.m2/repository/org/eclipse/jetty/jetty-http/9.3.25.v20180904/jetty-http-9.3.25.v20180904.jar:/home/user/.m2/repository/org/eclipse/jetty/jetty-io/9.3.25.v20180904/jetty-io-9.3.25.v20180904.jar:/home/user/.m2/repository/org/eclipse/jetty/jetty-webapp/9.3.25.v20180904/jetty-webapp-9.3.25.v20180904.jar:/home/user/.m2/repository/org/eclipse/jetty/jetty-xml/9.3.25.v20180904/jetty-xml-9.3.25.v20180904.jar:/home/user/.m2/repository/log4j/log4j/1.2.17/log4j-1.2.17.jar:/home/user/.m2/repository/org/slf4j/slf4j-api/1.7.25/slf4j-api-1.7.25.jar:/home/user/.m2/repository/org/slf4j/jul-to-slf4j/1.7.25/jul-to-slf4j-1.7.25.jar:/home/user/.m2/repository/org/eclipse/jetty/jetty-util/9.3.25.v20180904/jetty-util-9.3.25.v20180904.jar:/home/user/.m2/repository/com/fasterxml/jackson/core/jackson-databind/2.9.9/jackson-databind-2.9.9.jar:/home/user/.m2/repository/org/apache/hadoop/hadoop-kms/3.2.0/hadoop-kms-3.2.0-tests.jar:/home/user/.m2/repository/org/apache/hadoop/hadoop-hdds-server-scm/0.5.0-SNAPSHOT/hadoop-hdds-server-scm-0.5.0-SNAPSHOT-tests.jar:/home/user/.m2/repository/org/apache/hadoop/hadoop-hdds-container-service/0.5.0-SNAPSHOT/hadoop-hdds-container-service-0.5.0-SNAPSHOT-tests.jar:/home/user/.m2/repository/org/yaml/snakeyaml/1.16/snakeyaml-1.16.jar:/home/user/.m2/repository/org/apache/hadoop/hadoop-common/3.2.0/hadoop-common-3.2.0-tests.jar:/home/user/.m2/repository/org/apache/hadoop/hadoop-annotations/3.2.0/hadoop-annotations-3.2.0.jar:/usr/lib/jvm/java-1.8-openjdk/jre/../lib/tools.jar:/home/user/.m2/repository/commons-cli/commons-cli/1.2/commons-cli-1.2.jar:/home/user/.m2/repository/org/apache/httpcomponents/httpclient/4.5.2/httpclient-4.5.2.jar:/home/user/.m2/repository/org/apache/httpcomponents/httpcore/4.4.4/httpcore-4.4.4.jar:/home/user/.m2/repository/commons-codec/commons-codec/1.11/commons-codec-1.11.jar:/home/user/.m2/repository/commons-net/commons-net/3.6/commons-net-3.6.jar:/home/user/.m2/repository/commons-collections/commons-collections/3.2.2/commons-collections-3.2.2.jar:/home/user/.m2/repository/org/eclipse/jetty/jetty-servlet/9.3.25.v20180904/jetty-servlet-9.3.25.v20180904.jar:/home/user/.m2/repository/org/eclipse/jetty/jetty-security/9.3.25.v20180904/jetty-security-9.3.25.v20180904.jar:/home/user/.m2/repository/javax/servlet/jsp/jsp-api/2.1/jsp-api-2.1.jar:/home/user/.m2/repository/com/sun/jersey/jersey-servlet/1.19/jersey-servlet-1.19.jar:/home/user/.m2/repository/com/sun/jersey/jersey-json/1.19/jersey-json-1.19.jar:/home/user/.m2/repository/org/codehaus/jettison/jettison/1.1/jettison-1.1.jar:/home/user/.m2/repository/org/codehaus/jackson/jackson-core-asl/1.9.13/jackson-core-asl-1.9.13.jar:/home/user/.m2/repository/org/codehaus/jackson/jackson-mapper-asl/1.9.13/jackson-mapper-asl-1.9.13.jar:/home/user/.m2/repository/org/codehaus/jackson/jackson-jaxrs/1.9.13/jackson-jaxrs-1.9.13.jar:/home/user/.m2/repository/org/codehaus/jackson/jackson-xc/1.9.13/jackson-xc-1.9.13.jar:/home/user/.m2/repository/commons-logging/commons-logging/1.1.3/commons-logging-1.1.3.jar:/home/user/.m2/repository/commons-beanutils/commons-beanutils/1.9.4/commons-beanutils-1.9.4.jar:/home/user/.m2/repository/org/apache/commons/commons-configuration2/2.1.1/commons-configuration2-2.1.1.jar:/home/user/.m2/repository/org/apache/commons/commons-lang3/3.7/commons-lang3-3.7.jar:/home/user/.m2/repository/org/apache/commons/commons-text/1.4/commons-text-1.4.jar:/home/user/.m2/repository/org/apache/avro/avro/1.7.7/avro-1.7.7.jar:/home/user/.m2/repository/com/thoughtworks/paranamer/paranamer/2.3/paranamer-2.3.jar:/home/user/.m2/repository/org/xerial/snappy/snappy-java/1.0.5/snappy-java-1.0.5.jar:/home/user/.m2/repository/com/google/re2j/re2j/1.1/re2j-1.1.jar:/home/user/.m2/repository/com/google/code/gson/gson/2.2.4/gson-2.2.4.jar:/home/user/.m2/repository/com/jcraft/jsch/0.1.54/jsch-0.1.54.jar:/home/user/.m2/repository/org/apache/curator/curator-client/2.12.0/curator-client-2.12.0.jar:/home/user/.m2/repository/org/apache/curator/curator-recipes/2.12.0/curator-recipes-2.12.0.jar:/home/user/.m2/repository/com/google/code/findbugs/jsr305/3.0.0/jsr305-3.0.0.jar:/home/user/.m2/repository/org/apache/htrace/htrace-core4/4.1.0-incubating/htrace-core4-4.1.0-incubating.jar:/home/user/.m2/repository/org/apache/zookeeper/zookeeper/3.4.13/zookeeper-3.4.13.jar:/home/user/.m2/repository/jline/jline/0.9.94/jline-0.9.94.jar:/home/user/.m2/repository/org/apache/yetus/audience-annotations/0.5.0/audience-annotations-0.5.0.jar:/home/user/.m2/repository/org/codehaus/woodstox/stax2-api/3.1.4/stax2-api-3.1.4.jar:/home/user/.m2/repository/com/fasterxml/woodstox/woodstox-core/5.0.3/woodstox-core-5.0.3.jar:/home/user/.m2/repository/dnsjava/dnsjava/2.1.7/dnsjava-2.1.7.jar:/home/user/.m2/repository/org/apache/hadoop/hadoop-hdfs/3.2.0/hadoop-hdfs-3.2.0-tests.jar:/home/user/.m2/repository/org/eclipse/jetty/jetty-util-ajax/9.3.25.v20180904/jetty-util-ajax-9.3.25.v20180904.jar:/home/user/.m2/repository/commons-daemon/commons-daemon/1.0.13/commons-daemon-1.0.13.jar:/home/user/.m2/repository/io/netty/netty/3.10.5.Final/netty-3.10.5.Final.jar:/home/user/.m2/repository/io/netty/netty-all/4.0.52.Final/netty-all-4.0.52.Final.jar:/home/user/.m2/repository/org/fusesource/leveldbjni/leveldbjni-all/1.8/leveldbjni-all-1.8.jar:"/>
    <property name="sun.cpu.endian" value="little"/>
    <property name="user.home" value="/home/user"/>
    <property name="user.language" value="en"/>
    <property name="java.specification.vendor" value="Oracle Corporation"/>
    <property name="java.home" value="/usr/lib/jvm/java-1.8-openjdk/jre"/>
    <property name="java.security.krb5.conf" value="/workdir/hadoop-ozone/integration-test/target/test-classes/krb5.conf"/>
    <property name="basedir" value="/workdir/hadoop-ozone/integration-test"/>
    <property name="file.separator" value="/"/>
    <property name="line.separator" value="&#10;"/>
    <property name="java.vm.specification.vendor" value="Oracle Corporation"/>
    <property name="java.specification.name" value="Java Platform API Specification"/>
    <property name="java.awt.graphicsenv" value="sun.awt.X11GraphicsEnvironment"/>
    <property name="surefire.real.class.path" value="/workdir/hadoop-ozone/integration-test/target/surefire/surefirebooter4038698043297234858.jar"/>
    <property name="hadoop.log.dir" value="/workdir/hadoop-ozone/integration-test/target/log"/>
    <property name="sun.boot.class.path" value="/usr/lib/jvm/java-1.8-openjdk/jre/lib/resources.jar:/usr/lib/jvm/java-1.8-openjdk/jre/lib/rt.jar:/usr/lib/jvm/java-1.8-openjdk/jre/lib/sunrsasign.jar:/usr/lib/jvm/java-1.8-openjdk/jre/lib/jsse.jar:/usr/lib/jvm/java-1.8-openjdk/jre/lib/jce.jar:/usr/lib/jvm/java-1.8-openjdk/jre/lib/charsets.jar:/usr/lib/jvm/java-1.8-openjdk/jre/lib/jfr.jar:/usr/lib/jvm/java-1.8-openjdk/jre/classes"/>
    <property name="sun.management.compiler" value="HotSpot 64-Bit Tiered Compilers"/>
    <property name="java.runtime.version" value="1.8.0_212-b04"/>
    <property name="java.net.preferIPv4Stack" value="true"/>
    <property name="user.name" value="jenkins1000"/>
    <property name="path.separator" value=":"/>
    <property name="java.security.egd" value="file:///dev/urandom"/>
    <property name="os.version" value="3.10.0-957.12.2.el7.x86_64"/>
    <property name="java.endorsed.dirs" value="/usr/lib/jvm/java-1.8-openjdk/jre/lib/endorsed"/>
    <property name="java.runtime.name" value="OpenJDK Runtime Environment"/>
    <property name="file.encoding" value="UTF-8"/>
    <property name="java.vm.name" value="OpenJDK 64-Bit Server VM"/>
    <property name="test.build.webapps" value=""/>
    <property name="localRepository" value="/home/user/.m2/repository"/>
    <property name="java.vendor.url.bug" value="https://icedtea.classpath.org/bugzilla"/>
    <property name="java.io.tmpdir" value="/tmp"/>
    <property name="require.test.libhadoop" value=""/>
    <property name="java.version" value="1.8.0_212"/>
    <property name="user.dir" value="/workdir/hadoop-ozone/integration-test"/>
    <property name="os.arch" value="amd64"/>
    <property name="java.vm.specification.name" value="Java Virtual Machine Specification"/>
    <property name="test.build.classes" value="/workdir/hadoop-ozone/integration-test/target/test-classes"/>
    <property name="java.awt.printerjob" value="sun.print.PSPrinterJob"/>
    <property name="sun.os.patch.level" value="unknown"/>
    <property name="hadoop.tmp.dir" value="/workdir/hadoop-ozone/integration-test/target/tmp"/>
    <property name="java.library.path" value="/usr/lib/jvm/java-1.8-openjdk/jre/lib/amd64/server:/usr/lib/jvm/java-1.8-openjdk/jre/lib/amd64:/usr/lib/jvm/java-1.8-openjdk/jre/../lib/amd64:/workdir/hadoop-ozone/integration-test/target/native/target/usr/local/lib:/workdir/hadoop-ozone/integration-test/../../hadoop-common-project/hadoop-common/target/native/target/usr/local/lib:/usr/java/packages/lib/amd64:/usr/lib64:/lib64:/lib:/usr/lib"/>
    <property name="java.vm.info" value="mixed mode"/>
    <property name="java.vendor" value="IcedTea"/>
    <property name="java.vm.version" value="25.212-b04"/>
    <property name="java.ext.dirs" value="/usr/lib/jvm/java-1.8-openjdk/jre/lib/ext:/usr/java/packages/lib/ext"/>
    <property name="sun.io.unicode.encoding" value="UnicodeLittle"/>
    <property name="java.class.version" value="52.0"/>
  </properties>
  <testcase name="testWatchForCommitWithKeyWrite" classname="org.apache.hadoop.ozone.client.rpc.TestWatchForCommit" time="57.959"/>
  <testcase name="testWatchForCommitWithSmallerTimeoutValue" classname="org.apache.hadoop.ozone.client.rpc.TestWatchForCommit" time="48.687"/>
  <testcase name="testWatchForCommitForRetryfailure" classname="org.apache.hadoop.ozone.client.rpc.TestWatchForCommit" time="85.109"/>
  <testcase name="testWatchForCommitForGroupMismatchException" classname="org.apache.hadoop.ozone.client.rpc.TestWatchForCommit" time="31.822"/>
  <testcase name="test2WayCommitForTimeoutException" classname="org.apache.hadoop.ozone.client.rpc.TestWatchForCommit" time="22.271">
    <error type="java.util.concurrent.TimeoutException">java.util.concurrent.TimeoutException
	at java.util.concurrent.CompletableFuture.timedGet(CompletableFuture.java:1771)
	at java.util.concurrent.CompletableFuture.get(CompletableFuture.java:1915)
	at org.apache.hadoop.hdds.scm.XceiverClientRatis.watchForCommit(XceiverClientRatis.java:298)
	at org.apache.hadoop.ozone.client.rpc.TestWatchForCommit.test2WayCommitForTimeoutException(TestWatchForCommit.java:391)
	at sun.reflect.NativeMethodAccessorImpl.invoke0(Native Method)
	at sun.reflect.NativeMethodAccessorImpl.invoke(NativeMethodAccessorImpl.java:62)
	at sun.reflect.DelegatingMethodAccessorImpl.invoke(DelegatingMethodAccessorImpl.java:43)
	at java.lang.reflect.Method.invoke(Method.java:498)
	at org.junit.runners.model.FrameworkMethod$1.runReflectiveCall(FrameworkMethod.java:47)
	at org.junit.internal.runners.model.ReflectiveCallable.run(ReflectiveCallable.java:12)
	at org.junit.runners.model.FrameworkMethod.invokeExplosively(FrameworkMethod.java:44)
	at org.junit.internal.runners.statements.InvokeMethod.evaluate(InvokeMethod.java:17)
	at org.junit.runners.ParentRunner.runLeaf(ParentRunner.java:271)
	at org.junit.runners.BlockJUnit4ClassRunner.runChild(BlockJUnit4ClassRunner.java:70)
	at org.junit.runners.BlockJUnit4ClassRunner.runChild(BlockJUnit4ClassRunner.java:50)
	at org.junit.runners.ParentRunner$3.run(ParentRunner.java:238)
	at org.junit.runners.ParentRunner$1.schedule(ParentRunner.java:63)
	at org.junit.runners.ParentRunner.runChildren(ParentRunner.java:236)
	at org.junit.runners.ParentRunner.access$000(ParentRunner.java:53)
	at org.junit.runners.ParentRunner$2.evaluate(ParentRunner.java:229)
	at org.junit.runners.ParentRunner.run(ParentRunner.java:309)
	at org.apache.maven.surefire.junit4.JUnit4Provider.execute(JUnit4Provider.java:365)
	at org.apache.maven.surefire.junit4.JUnit4Provider.executeWithRerun(JUnit4Provider.java:273)
	at org.apache.maven.surefire.junit4.JUnit4Provider.executeTestSet(JUnit4Provider.java:238)
	at org.apache.maven.surefire.junit4.JUnit4Provider.invoke(JUnit4Provider.java:159)
	at org.apache.maven.surefire.booter.ForkedBooter.invokeProviderInSameClassLoader(ForkedBooter.java:384)
	at org.apache.maven.surefire.booter.ForkedBooter.runSuitesInProcess(ForkedBooter.java:345)
	at org.apache.maven.surefire.booter.ForkedBooter.execute(ForkedBooter.java:126)
	at org.apache.maven.surefire.booter.ForkedBooter.main(ForkedBooter.java:418)
</error>
    <system-out><![CDATA[2019-10-04 23:11:34,245 [main] WARN  server.ServerUtils (ServerUtils.java:getScmDbDir(145)) - ozone.scm.db.dirs is not configured. We recommend adding this setting. Falling back to ozone.metadata.dirs instead.
2019-10-04 23:11:34,260 [main] WARN  server.ServerUtils (ServerUtils.java:getScmDbDir(145)) - ozone.scm.db.dirs is not configured. We recommend adding this setting. Falling back to ozone.metadata.dirs instead.
2019-10-04 23:11:34,261 [main] WARN  server.ServerUtils (ServerUtils.java:getScmDbDir(145)) - ozone.scm.db.dirs is not configured. We recommend adding this setting. Falling back to ozone.metadata.dirs instead.
2019-10-04 23:11:34,262 [main] INFO  db.DBStoreBuilder (DBStoreBuilder.java:addTable(117)) - using custom profile for table: deletedBlocks
2019-10-04 23:11:34,262 [main] INFO  db.DBStoreBuilder (DBStoreBuilder.java:processTables(168)) - Using default column profile:DBProfile.DISK for Table:deletedBlocks
2019-10-04 23:11:34,262 [main] INFO  db.DBStoreBuilder (DBStoreBuilder.java:addTable(117)) - using custom profile for table: validCerts
2019-10-04 23:11:34,262 [main] INFO  db.DBStoreBuilder (DBStoreBuilder.java:processTables(168)) - Using default column profile:DBProfile.DISK for Table:validCerts
2019-10-04 23:11:34,262 [main] INFO  db.DBStoreBuilder (DBStoreBuilder.java:addTable(117)) - using custom profile for table: revokedCerts
2019-10-04 23:11:34,263 [main] INFO  db.DBStoreBuilder (DBStoreBuilder.java:processTables(168)) - Using default column profile:DBProfile.DISK for Table:revokedCerts
2019-10-04 23:11:34,263 [main] INFO  db.DBStoreBuilder (DBStoreBuilder.java:addTable(117)) - using custom profile for table: default
2019-10-04 23:11:34,263 [main] INFO  db.DBStoreBuilder (DBStoreBuilder.java:processTables(174)) - Using default column profile:DBProfile.DISK for Table:default
2019-10-04 23:11:34,263 [main] INFO  db.DBStoreBuilder (DBStoreBuilder.java:getDbProfile(205)) - Using default options. DBProfile.DISK
2019-10-04 23:11:34,420 [main] INFO  net.NodeSchemaLoader (NodeSchemaLoader.java:loadSchemaFromFile(125)) - Loading file from sun.misc.CompoundEnumeration@5600a5da
2019-10-04 23:11:34,420 [main] INFO  net.NodeSchemaLoader (NodeSchemaLoader.java:loadSchema(171)) - Loading network topology layer schema file
2019-10-04 23:11:34,424 [main] WARN  server.ServerUtils (ServerUtils.java:sanitizeUserArgs(70)) - ozone.scm.stale.node.interval value = 300000 is larger than max = 100000 based on the key value of ozone.scm.heartbeat.thread.interval, reset to the max value 100000.
2019-10-04 23:11:34,424 [main] WARN  server.ServerUtils (ServerUtils.java:sanitizeUserArgs(70)) - ozone.scm.stale.node.interval value = 300000 is larger than max = 100000 based on the key value of ozone.scm.heartbeat.thread.interval, reset to the max value 100000.
2019-10-04 23:11:34,425 [main] INFO  node.SCMNodeManager (SCMNodeManager.java:<init>(116)) - Entering startup safe mode.
2019-10-04 23:11:34,425 [main] INFO  algorithms.ContainerPlacementPolicyFactory (ContainerPlacementPolicyFactory.java:getPolicy(57)) - Create container placement policy of type org.apache.hadoop.hdds.scm.container.placement.algorithms.SCMContainerPlacementRandom
2019-10-04 23:11:34,426 [main] WARN  server.ServerUtils (ServerUtils.java:getScmDbDir(145)) - ozone.scm.db.dirs is not configured. We recommend adding this setting. Falling back to ozone.metadata.dirs instead.
2019-10-04 23:11:34,472 [main] INFO  pipeline.SCMPipelineManager (SCMPipelineManager.java:initializePipelineState(132)) - No pipeline exists in current db
2019-10-04 23:11:34,472 [main] WARN  server.ServerUtils (ServerUtils.java:getScmDbDir(145)) - ozone.scm.db.dirs is not configured. We recommend adding this setting. Falling back to ozone.metadata.dirs instead.
2019-10-04 23:11:34,522 [main] WARN  events.EventQueue (EventQueue.java:fireEvent(183)) - No event handler registered for event TypedEvent{payloadType=SafeModeStatus, name='SafeModeStatus'}
2019-10-04 23:11:34,523 [main] INFO  ipc.CallQueueManager (CallQueueManager.java:<init>(84)) - Using callQueue: class java.util.concurrent.LinkedBlockingQueue, queueCapacity: 2000, scheduler: class org.apache.hadoop.ipc.DefaultRpcScheduler, ipcBackoff: false.
2019-10-04 23:11:34,524 [Socket Reader #1 for port 40939] INFO  ipc.Server (Server.java:run(1074)) - Starting Socket Reader #1 for port 40939
2019-10-04 23:11:34,526 [main] INFO  ipc.CallQueueManager (CallQueueManager.java:<init>(84)) - Using callQueue: class java.util.concurrent.LinkedBlockingQueue, queueCapacity: 2000, scheduler: class org.apache.hadoop.ipc.DefaultRpcScheduler, ipcBackoff: false.
2019-10-04 23:11:34,527 [Socket Reader #1 for port 38432] INFO  ipc.Server (Server.java:run(1074)) - Starting Socket Reader #1 for port 38432
2019-10-04 23:11:34,528 [main] INFO  ipc.CallQueueManager (CallQueueManager.java:<init>(84)) - Using callQueue: class java.util.concurrent.LinkedBlockingQueue, queueCapacity: 2000, scheduler: class org.apache.hadoop.ipc.DefaultRpcScheduler, ipcBackoff: false.
2019-10-04 23:11:34,529 [Socket Reader #1 for port 43352] INFO  ipc.Server (Server.java:run(1074)) - Starting Socket Reader #1 for port 43352
2019-10-04 23:11:34,531 [main] INFO  hdfs.DFSUtil (DFSUtil.java:httpServerTemplateForNNAndJN(1641)) - Starting Web-server for scm at: http://0.0.0.0:0
2019-10-04 23:11:34,533 [main] INFO  server.AuthenticationFilter (AuthenticationFilter.java:constructSecretProvider(240)) - Unable to initialize FileSignerSecretProvider, falling back to use random secrets.
2019-10-04 23:11:34,534 [main] WARN  http.HttpRequestLog (HttpRequestLog.java:getRequestLog(97)) - Jetty request log can only be enabled using Log4j
2019-10-04 23:11:34,535 [main] INFO  http.HttpServer2 (HttpServer2.java:addGlobalFilter(975)) - Added global filter 'safety' (class=org.apache.hadoop.http.HttpServer2$QuotingInputFilter)
2019-10-04 23:11:34,535 [main] INFO  http.HttpServer2 (HttpServer2.java:addFilter(948)) - Added filter static_user_filter (class=org.apache.hadoop.http.lib.StaticUserWebFilter$StaticUserFilter) to context scm
2019-10-04 23:11:34,536 [main] INFO  http.HttpServer2 (HttpServer2.java:addFilter(958)) - Added filter static_user_filter (class=org.apache.hadoop.http.lib.StaticUserWebFilter$StaticUserFilter) to context static
2019-10-04 23:11:34,536 [main] INFO  http.HttpServer2 (HttpServer2.java:addFilter(958)) - Added filter static_user_filter (class=org.apache.hadoop.http.lib.StaticUserWebFilter$StaticUserFilter) to context logs
2019-10-04 23:11:34,537 [main] INFO  server.StorageContainerManager (StorageContainerManager.java:start(770)) - StorageContainerLocationProtocol RPC server is listening at /0.0.0.0:43352
2019-10-04 23:11:34,539 [main] WARN  impl.MetricsConfig (MetricsConfig.java:loadFirst(134)) - Cannot locate configuration: tried hadoop-metrics2-storagecontainermanager.properties,hadoop-metrics2.properties
2019-10-04 23:11:34,540 [main] INFO  impl.MetricsSystemImpl (MetricsSystemImpl.java:startTimer(374)) - Scheduled Metric snapshot period at 10 second(s).
2019-10-04 23:11:34,540 [main] INFO  impl.MetricsSystemImpl (MetricsSystemImpl.java:start(191)) - StorageContainerManager metrics system started
2019-10-04 23:11:34,594 [main] WARN  impl.MetricsSystemImpl (MetricsSystemImpl.java:register(276)) - Sink prometheus already exists!
2019-10-04 23:11:34,682 [main] INFO  server.SCMClientProtocolServer (SCMClientProtocolServer.java:start(159)) - RPC server for Client  is listening at /0.0.0.0:43352
2019-10-04 23:11:34,683 [IPC Server listener on 43352] INFO  ipc.Server (Server.java:run(1153)) - IPC Server listener on 43352: starting
2019-10-04 23:11:34,683 [IPC Server Responder] INFO  ipc.Server (Server.java:run(1314)) - IPC Server Responder: starting
2019-10-04 23:11:34,690 [main] INFO  server.StorageContainerManager (StorageContainerManager.java:start(780)) - ScmBlockLocationProtocol RPC server is listening at /0.0.0.0:38432
2019-10-04 23:11:34,690 [main] INFO  server.SCMBlockProtocolServer (SCMBlockProtocolServer.java:start(146)) - RPC server for Block Protocol is listening at /0.0.0.0:38432
2019-10-04 23:11:34,690 [IPC Server Responder] INFO  ipc.Server (Server.java:run(1314)) - IPC Server Responder: starting
2019-10-04 23:11:34,690 [IPC Server listener on 38432] INFO  ipc.Server (Server.java:run(1153)) - IPC Server listener on 38432: starting
2019-10-04 23:11:34,694 [main] INFO  server.StorageContainerManager (StorageContainerManager.java:start(784)) - ScmDatanodeProtocl RPC server is listening at /0.0.0.0:40939
2019-10-04 23:11:34,694 [main] INFO  server.SCMDatanodeProtocolServer (SCMDatanodeProtocolServer.java:start(169)) - RPC server for DataNodes is listening at /0.0.0.0:40939
2019-10-04 23:11:34,694 [IPC Server Responder] INFO  ipc.Server (Server.java:run(1314)) - IPC Server Responder: starting
2019-10-04 23:11:34,694 [IPC Server listener on 40939] INFO  ipc.Server (Server.java:run(1153)) - IPC Server listener on 40939: starting
2019-10-04 23:11:34,697 [main] INFO  http.HttpServer2 (HttpServer2.java:bindListener(1191)) - Jetty bound to port 36301
2019-10-04 23:11:34,697 [main] INFO  server.Server (Server.java:doStart(351)) - jetty-9.3.25.v20180904, build timestamp: 2018-09-04T21:11:46Z, git hash: 3ce520221d0240229c862b122d2b06c12a625732
2019-10-04 23:11:34,699 [main] INFO  handler.ContextHandler (ContextHandler.java:doStart(781)) - Started o.e.j.s.ServletContextHandler@b30a50d{/logs,file:///workdir/hadoop-ozone/integration-test/target/log,AVAILABLE}
2019-10-04 23:11:34,699 [main] INFO  handler.ContextHandler (ContextHandler.java:doStart(781)) - Started o.e.j.s.ServletContextHandler@6c742b84{/static,file:///workdir/hadoop-ozone/integration-test/target/test-classes/webapps/static,AVAILABLE}
2019-10-04 23:11:34,703 [main] INFO  handler.ContextHandler (ContextHandler.java:doStart(781)) - Started o.e.j.w.WebAppContext@111c229c{/,file:///workdir/hadoop-ozone/integration-test/target/test-classes/webapps/scm/,AVAILABLE}{/scm}
2019-10-04 23:11:34,703 [main] INFO  server.AbstractConnector (AbstractConnector.java:doStart(278)) - Started ServerConnector@49cb3881{HTTP/1.1,[http/1.1]}{0.0.0.0:36301}
2019-10-04 23:11:34,705 [main] INFO  server.Server (Server.java:doStart(419)) - Started @224470ms
2019-10-04 23:11:34,705 [main] WARN  impl.MetricsSystemImpl (MetricsSystemImpl.java:register(276)) - Sink prometheus already exists!
2019-10-04 23:11:34,705 [main] INFO  server.BaseHttpServer (BaseHttpServer.java:updateConnectorAddress(215)) - HTTP server of SCM is listening at http://0.0.0.0:36301
2019-10-04 23:11:34,706 [main] WARN  server.ServerUtils (ServerUtils.java:getDBPath(222)) - ozone.om.db.dirs is not configured. We recommend adding this setting. Falling back to ozone.metadata.dirs instead.
2019-10-04 23:11:34,706 [org.apache.hadoop.util.JvmPauseMonitor$Monitor@284bdeed] INFO  util.JvmPauseMonitor (JvmPauseMonitor.java:run(188)) - Starting JVM pause monitor
2019-10-04 23:11:34,721 [main] INFO  ha.OMHANodeDetails (OMHANodeDetails.java:loadOMHAConfig(190)) - Configuration either no ozone.om.address set. Falling back to the default OM address /127.0.0.1:0
2019-10-04 23:11:34,721 [main] INFO  ha.OMHANodeDetails (OMHANodeDetails.java:getOMNodeDetails(220)) - OM Service ID is not set. Setting it to the default ID: omServiceIdDefault
2019-10-04 23:11:34,721 [main] WARN  server.ServerUtils (ServerUtils.java:getDBPath(222)) - ozone.om.db.dirs is not configured. We recommend adding this setting. Falling back to ozone.metadata.dirs instead.
2019-10-04 23:11:34,721 [main] WARN  server.ServerUtils (ServerUtils.java:getDBPath(222)) - ozone.om.db.dirs is not configured. We recommend adding this setting. Falling back to ozone.metadata.dirs instead.
2019-10-04 23:11:34,731 [main] WARN  server.ServerUtils (ServerUtils.java:getDBPath(222)) - ozone.om.db.dirs is not configured. We recommend adding this setting. Falling back to ozone.metadata.dirs instead.
2019-10-04 23:11:34,731 [main] INFO  db.DBStoreBuilder (DBStoreBuilder.java:addTable(117)) - using custom profile for table: userTable
2019-10-04 23:11:34,731 [main] INFO  db.DBStoreBuilder (DBStoreBuilder.java:processTables(168)) - Using default column profile:DBProfile.DISK for Table:userTable
2019-10-04 23:11:34,731 [main] INFO  db.DBStoreBuilder (DBStoreBuilder.java:addTable(117)) - using custom profile for table: volumeTable
2019-10-04 23:11:34,732 [main] INFO  db.DBStoreBuilder (DBStoreBuilder.java:processTables(168)) - Using default column profile:DBProfile.DISK for Table:volumeTable
2019-10-04 23:11:34,732 [main] INFO  db.DBStoreBuilder (DBStoreBuilder.java:addTable(117)) - using custom profile for table: bucketTable
2019-10-04 23:11:34,732 [main] INFO  db.DBStoreBuilder (DBStoreBuilder.java:processTables(168)) - Using default column profile:DBProfile.DISK for Table:bucketTable
2019-10-04 23:11:34,732 [main] INFO  db.DBStoreBuilder (DBStoreBuilder.java:addTable(117)) - using custom profile for table: keyTable
2019-10-04 23:11:34,732 [main] INFO  db.DBStoreBuilder (DBStoreBuilder.java:processTables(168)) - Using default column profile:DBProfile.DISK for Table:keyTable
2019-10-04 23:11:34,732 [main] INFO  db.DBStoreBuilder (DBStoreBuilder.java:addTable(117)) - using custom profile for table: deletedTable
2019-10-04 23:11:34,733 [main] INFO  db.DBStoreBuilder (DBStoreBuilder.java:processTables(168)) - Using default column profile:DBProfile.DISK for Table:deletedTable
2019-10-04 23:11:34,733 [main] INFO  db.DBStoreBuilder (DBStoreBuilder.java:addTable(117)) - using custom profile for table: openKeyTable
2019-10-04 23:11:34,733 [main] INFO  db.DBStoreBuilder (DBStoreBuilder.java:processTables(168)) - Using default column profile:DBProfile.DISK for Table:openKeyTable
2019-10-04 23:11:34,733 [main] INFO  db.DBStoreBuilder (DBStoreBuilder.java:addTable(117)) - using custom profile for table: s3Table
2019-10-04 23:11:34,733 [main] INFO  db.DBStoreBuilder (DBStoreBuilder.java:processTables(168)) - Using default column profile:DBProfile.DISK for Table:s3Table
2019-10-04 23:11:34,733 [main] INFO  db.DBStoreBuilder (DBStoreBuilder.java:addTable(117)) - using custom profile for table: multipartInfoTable
2019-10-04 23:11:34,734 [main] INFO  db.DBStoreBuilder (DBStoreBuilder.java:processTables(168)) - Using default column profile:DBProfile.DISK for Table:multipartInfoTable
2019-10-04 23:11:34,734 [main] INFO  db.DBStoreBuilder (DBStoreBuilder.java:addTable(117)) - using custom profile for table: dTokenTable
2019-10-04 23:11:34,734 [main] INFO  db.DBStoreBuilder (DBStoreBuilder.java:processTables(168)) - Using default column profile:DBProfile.DISK for Table:dTokenTable
2019-10-04 23:11:34,734 [main] INFO  db.DBStoreBuilder (DBStoreBuilder.java:addTable(117)) - using custom profile for table: s3SecretTable
2019-10-04 23:11:34,734 [main] INFO  db.DBStoreBuilder (DBStoreBuilder.java:processTables(168)) - Using default column profile:DBProfile.DISK for Table:s3SecretTable
2019-10-04 23:11:34,734 [main] INFO  db.DBStoreBuilder (DBStoreBuilder.java:addTable(117)) - using custom profile for table: prefixTable
2019-10-04 23:11:34,735 [main] INFO  db.DBStoreBuilder (DBStoreBuilder.java:processTables(168)) - Using default column profile:DBProfile.DISK for Table:prefixTable
2019-10-04 23:11:34,735 [main] INFO  db.DBStoreBuilder (DBStoreBuilder.java:addTable(117)) - using custom profile for table: default
2019-10-04 23:11:34,735 [main] INFO  db.DBStoreBuilder (DBStoreBuilder.java:processTables(174)) - Using default column profile:DBProfile.DISK for Table:default
2019-10-04 23:11:34,735 [main] INFO  db.DBStoreBuilder (DBStoreBuilder.java:getDbProfile(205)) - Using default options. DBProfile.DISK
2019-10-04 23:11:35,206 [main] INFO  ipc.CallQueueManager (CallQueueManager.java:<init>(84)) - Using callQueue: class java.util.concurrent.LinkedBlockingQueue, queueCapacity: 2000, scheduler: class org.apache.hadoop.ipc.DefaultRpcScheduler, ipcBackoff: false.
2019-10-04 23:11:35,207 [Socket Reader #1 for port 46402] INFO  ipc.Server (Server.java:run(1074)) - Starting Socket Reader #1 for port 46402
2019-10-04 23:11:35,218 [main] INFO  om.OzoneManager (OzoneManager.java:start(1069)) - OzoneManager RPC server is listening at localhost/127.0.0.1:46402
2019-10-04 23:11:35,219 [main] INFO  impl.MetricsSystemImpl (MetricsSystemImpl.java:init(158)) - OzoneManager metrics system started (again)
2019-10-04 23:11:35,221 [IPC Server Responder] INFO  ipc.Server (Server.java:run(1314)) - IPC Server Responder: starting
2019-10-04 23:11:35,223 [IPC Server listener on 46402] INFO  ipc.Server (Server.java:run(1153)) - IPC Server listener on 46402: starting
2019-10-04 23:11:35,227 [main] INFO  hdfs.DFSUtil (DFSUtil.java:httpServerTemplateForNNAndJN(1641)) - Starting Web-server for ozoneManager at: http://0.0.0.0:0
2019-10-04 23:11:35,229 [main] INFO  server.AuthenticationFilter (AuthenticationFilter.java:constructSecretProvider(240)) - Unable to initialize FileSignerSecretProvider, falling back to use random secrets.
2019-10-04 23:11:35,229 [main] WARN  http.HttpRequestLog (HttpRequestLog.java:getRequestLog(97)) - Jetty request log can only be enabled using Log4j
2019-10-04 23:11:35,231 [main] INFO  http.HttpServer2 (HttpServer2.java:addGlobalFilter(975)) - Added global filter 'safety' (class=org.apache.hadoop.http.HttpServer2$QuotingInputFilter)
2019-10-04 23:11:35,232 [main] INFO  http.HttpServer2 (HttpServer2.java:addFilter(948)) - Added filter static_user_filter (class=org.apache.hadoop.http.lib.StaticUserWebFilter$StaticUserFilter) to context ozoneManager
2019-10-04 23:11:35,232 [main] INFO  http.HttpServer2 (HttpServer2.java:addFilter(958)) - Added filter static_user_filter (class=org.apache.hadoop.http.lib.StaticUserWebFilter$StaticUserFilter) to context static
2019-10-04 23:11:35,233 [main] INFO  http.HttpServer2 (HttpServer2.java:addFilter(958)) - Added filter static_user_filter (class=org.apache.hadoop.http.lib.StaticUserWebFilter$StaticUserFilter) to context logs
2019-10-04 23:11:35,233 [main] INFO  http.HttpServer2 (HttpServer2.java:bindListener(1191)) - Jetty bound to port 38868
2019-10-04 23:11:35,234 [main] INFO  server.Server (Server.java:doStart(351)) - jetty-9.3.25.v20180904, build timestamp: 2018-09-04T21:11:46Z, git hash: 3ce520221d0240229c862b122d2b06c12a625732
2019-10-04 23:11:35,236 [main] INFO  handler.ContextHandler (ContextHandler.java:doStart(781)) - Started o.e.j.s.ServletContextHandler@2416c658{/logs,file:///workdir/hadoop-ozone/integration-test/target/log,AVAILABLE}
2019-10-04 23:11:35,236 [main] INFO  handler.ContextHandler (ContextHandler.java:doStart(781)) - Started o.e.j.s.ServletContextHandler@1e40fbb3{/static,file:///workdir/hadoop-ozone/integration-test/target/test-classes/webapps/static,AVAILABLE}
2019-10-04 23:11:35,241 [main] INFO  handler.ContextHandler (ContextHandler.java:doStart(781)) - Started o.e.j.w.WebAppContext@7aded903{/,file:///workdir/hadoop-ozone/integration-test/target/test-classes/webapps/ozoneManager/,AVAILABLE}{/ozoneManager}
2019-10-04 23:11:35,241 [main] INFO  server.AbstractConnector (AbstractConnector.java:doStart(278)) - Started ServerConnector@2db86a7c{HTTP/1.1,[http/1.1]}{0.0.0.0:38868}
2019-10-04 23:11:35,243 [main] INFO  server.Server (Server.java:doStart(419)) - Started @225008ms
2019-10-04 23:11:35,243 [main] WARN  impl.MetricsSystemImpl (MetricsSystemImpl.java:register(276)) - Sink prometheus already exists!
2019-10-04 23:11:35,244 [main] INFO  server.BaseHttpServer (BaseHttpServer.java:updateConnectorAddress(215)) - HTTP server of OZONEMANAGER is listening at http://0.0.0.0:38868
2019-10-04 23:11:35,261 [main] INFO  impl.MetricsSystemImpl (MetricsSystemImpl.java:init(158)) - HddsDatanode metrics system started (again)
2019-10-04 23:11:35,265 [main] INFO  ozone.HddsDatanodeService (HddsDatanodeService.java:start(184)) - HddsDatanodeService host:pr-hdds-2181-c9q8w-3494937983 ip:192.168.164.255
2019-10-04 23:11:35,270 [main] INFO  volume.HddsVolume (HddsVolume.java:<init>(176)) - Creating Volume: /workdir/hadoop-ozone/integration-test/target/test-dir/MiniOzoneClusterImpl-edf73136-247f-4d67-9c2b-ffcb6668a5a7/datanode-0/data/containers/hdds of  storage type : DISK and capacity : 1482555576320
2019-10-04 23:11:35,271 [main] INFO  volume.VolumeSet (VolumeSet.java:initializeVolumeSet(170)) - Added Volume : /workdir/hadoop-ozone/integration-test/target/test-dir/MiniOzoneClusterImpl-edf73136-247f-4d67-9c2b-ffcb6668a5a7/datanode-0/data/containers/hdds to VolumeSet
2019-10-04 23:11:35,271 [main] INFO  volume.ThrottledAsyncChecker (ThrottledAsyncChecker.java:schedule(139)) - Scheduling a check for org.apache.hadoop.ozone.container.common.volume.HddsVolume@3887c7d7
2019-10-04 23:11:35,271 [main] INFO  volume.HddsVolumeChecker (HddsVolumeChecker.java:checkAllVolumes(202)) - Scheduled health check for volume org.apache.hadoop.ozone.container.common.volume.HddsVolume@3887c7d7
2019-10-04 23:11:35,283 [main] INFO  impl.RaftServerProxy (ConfUtils.java:logGet(43)) - raft.rpc.type = GRPC (default)
2019-10-04 23:11:35,284 [main] INFO  grpc.GrpcFactory (GrpcFactory.java:checkPooledByteBufAllocatorUseCacheForAllThreads(45)) - PERFORMANCE WARNING: useCacheForAllThreads is true that may cause Netty to create a lot garbage objects and, as a result, trigger GC.
	It is recommended to disable useCacheForAllThreads by setting -Dorg.apache.ratis.thirdparty.io.netty.allocator.useCacheForAllThreads=false in command line.
2019-10-04 23:11:35,284 [main] INFO  grpc.GrpcConfigKeys$Server (ConfUtils.java:logGet(43)) - raft.grpc.server.port = 0 (default)
2019-10-04 23:11:35,284 [main] INFO  server.GrpcService (ConfUtils.java:logGet(43)) - raft.grpc.message.size.max = 33570816 (custom)
2019-10-04 23:11:35,284 [main] INFO  server.RaftServerConfigKeys (ConfUtils.java:logGet(43)) - raft.server.log.appender.buffer.byte-limit = 33554432 (custom)
2019-10-04 23:11:35,284 [main] INFO  server.GrpcService (ConfUtils.java:logGet(43)) - raft.grpc.flow.control.window = 1MB (=1048576) (default)
2019-10-04 23:11:35,285 [main] INFO  server.RaftServerConfigKeys (ConfUtils.java:logGet(43)) - raft.server.rpc.request.timeout = 3000ms (default)
2019-10-04 23:11:35,285 [main] INFO  server.RaftServerConfigKeys (ConfUtils.java:logGet(43)) - raft.server.storage.dir = [/workdir/hadoop-ozone/integration-test/target/test-dir/MiniOzoneClusterImpl-edf73136-247f-4d67-9c2b-ffcb6668a5a7/datanode-0/data/ratis] (custom)
2019-10-04 23:11:35,286 [main] INFO  hdfs.DFSUtil (DFSUtil.java:httpServerTemplateForNNAndJN(1641)) - Starting Web-server for hddsDatanode at: http://0.0.0.0:0
2019-10-04 23:11:35,288 [main] INFO  server.AuthenticationFilter (AuthenticationFilter.java:constructSecretProvider(240)) - Unable to initialize FileSignerSecretProvider, falling back to use random secrets.
2019-10-04 23:11:35,288 [main] WARN  http.HttpRequestLog (HttpRequestLog.java:getRequestLog(97)) - Jetty request log can only be enabled using Log4j
2019-10-04 23:11:35,290 [main] INFO  http.HttpServer2 (HttpServer2.java:addGlobalFilter(975)) - Added global filter 'safety' (class=org.apache.hadoop.http.HttpServer2$QuotingInputFilter)
2019-10-04 23:11:35,291 [main] INFO  http.HttpServer2 (HttpServer2.java:addFilter(948)) - Added filter static_user_filter (class=org.apache.hadoop.http.lib.StaticUserWebFilter$StaticUserFilter) to context hddsDatanode
2019-10-04 23:11:35,291 [main] INFO  http.HttpServer2 (HttpServer2.java:addFilter(958)) - Added filter static_user_filter (class=org.apache.hadoop.http.lib.StaticUserWebFilter$StaticUserFilter) to context static
2019-10-04 23:11:35,291 [main] INFO  http.HttpServer2 (HttpServer2.java:addFilter(958)) - Added filter static_user_filter (class=org.apache.hadoop.http.lib.StaticUserWebFilter$StaticUserFilter) to context logs
2019-10-04 23:11:35,292 [main] INFO  http.HttpServer2 (HttpServer2.java:bindListener(1191)) - Jetty bound to port 35995
2019-10-04 23:11:35,292 [main] INFO  server.Server (Server.java:doStart(351)) - jetty-9.3.25.v20180904, build timestamp: 2018-09-04T21:11:46Z, git hash: 3ce520221d0240229c862b122d2b06c12a625732
2019-10-04 23:11:35,294 [main] INFO  handler.ContextHandler (ContextHandler.java:doStart(781)) - Started o.e.j.s.ServletContextHandler@42c0a16e{/logs,file:///workdir/hadoop-ozone/integration-test/target/log,AVAILABLE}
2019-10-04 23:11:35,294 [main] INFO  handler.ContextHandler (ContextHandler.java:doStart(781)) - Started o.e.j.s.ServletContextHandler@543fe698{/static,jar:file:/home/user/.m2/repository/org/apache/hadoop/hadoop-hdds-container-service/0.5.0-SNAPSHOT/hadoop-hdds-container-service-0.5.0-SNAPSHOT.jar!/webapps/static,AVAILABLE}
2019-10-04 23:11:35,329 [main] INFO  handler.ContextHandler (ContextHandler.java:doStart(781)) - Started o.e.j.w.WebAppContext@2ca54da9{/,file:///tmp/jetty-0.0.0.0-35995-hddsDatanode-_-any-1941594974623214053.dir/webapp/,AVAILABLE}{/hddsDatanode}
2019-10-04 23:11:35,330 [main] INFO  server.AbstractConnector (AbstractConnector.java:doStart(278)) - Started ServerConnector@34a20f16{HTTP/1.1,[http/1.1]}{0.0.0.0:35995}
2019-10-04 23:11:35,331 [main] INFO  server.Server (Server.java:doStart(419)) - Started @225097ms
2019-10-04 23:11:35,331 [main] WARN  impl.MetricsSystemImpl (MetricsSystemImpl.java:register(276)) - Sink prometheus already exists!
2019-10-04 23:11:35,332 [main] INFO  server.BaseHttpServer (BaseHttpServer.java:updateConnectorAddress(215)) - HTTP server of HDDSDATANODE is listening at http://0.0.0.0:35995
2019-10-04 23:11:35,332 [main] INFO  impl.MetricsSystemImpl (MetricsSystemImpl.java:init(158)) - HddsDatanode metrics system started (again)
2019-10-04 23:11:35,336 [org.apache.hadoop.util.JvmPauseMonitor$Monitor@756101cd] INFO  util.JvmPauseMonitor (JvmPauseMonitor.java:run(188)) - Starting JVM pause monitor
2019-10-04 23:11:35,337 [main] INFO  ozone.HddsDatanodeService (HddsDatanodeService.java:start(184)) - HddsDatanodeService host:pr-hdds-2181-c9q8w-3494937983 ip:192.168.164.255
2019-10-04 23:11:35,338 [Datanode State Machine Thread - 0] INFO  datanode.InitDatanodeState (InitDatanodeState.java:persistContainerDatanodeDetails(140)) - DatanodeDetails is persisted to /workdir/hadoop-ozone/integration-test/target/test-dir/MiniOzoneClusterImpl-edf73136-247f-4d67-9c2b-ffcb6668a5a7/datanode-0/meta/datanode.id
2019-10-04 23:11:35,343 [main] INFO  volume.HddsVolume (HddsVolume.java:<init>(176)) - Creating Volume: /workdir/hadoop-ozone/integration-test/target/test-dir/MiniOzoneClusterImpl-edf73136-247f-4d67-9c2b-ffcb6668a5a7/datanode-1/data/containers/hdds of  storage type : DISK and capacity : 1482555576320
2019-10-04 23:11:35,343 [main] INFO  volume.VolumeSet (VolumeSet.java:initializeVolumeSet(170)) - Added Volume : /workdir/hadoop-ozone/integration-test/target/test-dir/MiniOzoneClusterImpl-edf73136-247f-4d67-9c2b-ffcb6668a5a7/datanode-1/data/containers/hdds to VolumeSet
2019-10-04 23:11:35,343 [main] INFO  volume.ThrottledAsyncChecker (ThrottledAsyncChecker.java:schedule(139)) - Scheduling a check for org.apache.hadoop.ozone.container.common.volume.HddsVolume@5cfed0ba
2019-10-04 23:11:35,344 [main] INFO  volume.HddsVolumeChecker (HddsVolumeChecker.java:checkAllVolumes(202)) - Scheduled health check for volume org.apache.hadoop.ozone.container.common.volume.HddsVolume@5cfed0ba
2019-10-04 23:11:35,357 [main] INFO  impl.RaftServerProxy (ConfUtils.java:logGet(43)) - raft.rpc.type = GRPC (default)
2019-10-04 23:11:35,357 [main] INFO  grpc.GrpcFactory (GrpcFactory.java:checkPooledByteBufAllocatorUseCacheForAllThreads(45)) - PERFORMANCE WARNING: useCacheForAllThreads is true that may cause Netty to create a lot garbage objects and, as a result, trigger GC.
	It is recommended to disable useCacheForAllThreads by setting -Dorg.apache.ratis.thirdparty.io.netty.allocator.useCacheForAllThreads=false in command line.
2019-10-04 23:11:35,358 [main] INFO  grpc.GrpcConfigKeys$Server (ConfUtils.java:logGet(43)) - raft.grpc.server.port = 0 (default)
2019-10-04 23:11:35,358 [main] INFO  server.GrpcService (ConfUtils.java:logGet(43)) - raft.grpc.message.size.max = 33570816 (custom)
2019-10-04 23:11:35,358 [main] INFO  server.RaftServerConfigKeys (ConfUtils.java:logGet(43)) - raft.server.log.appender.buffer.byte-limit = 33554432 (custom)
2019-10-04 23:11:35,358 [main] INFO  server.GrpcService (ConfUtils.java:logGet(43)) - raft.grpc.flow.control.window = 1MB (=1048576) (default)
2019-10-04 23:11:35,358 [main] INFO  server.RaftServerConfigKeys (ConfUtils.java:logGet(43)) - raft.server.rpc.request.timeout = 3000ms (default)
2019-10-04 23:11:35,359 [main] INFO  server.RaftServerConfigKeys (ConfUtils.java:logGet(43)) - raft.server.storage.dir = [/workdir/hadoop-ozone/integration-test/target/test-dir/MiniOzoneClusterImpl-edf73136-247f-4d67-9c2b-ffcb6668a5a7/datanode-1/data/ratis] (custom)
2019-10-04 23:11:35,360 [main] INFO  hdfs.DFSUtil (DFSUtil.java:httpServerTemplateForNNAndJN(1641)) - Starting Web-server for hddsDatanode at: http://0.0.0.0:0
2019-10-04 23:11:35,362 [main] INFO  server.AuthenticationFilter (AuthenticationFilter.java:constructSecretProvider(240)) - Unable to initialize FileSignerSecretProvider, falling back to use random secrets.
2019-10-04 23:11:35,362 [main] WARN  http.HttpRequestLog (HttpRequestLog.java:getRequestLog(97)) - Jetty request log can only be enabled using Log4j
2019-10-04 23:11:35,364 [main] INFO  http.HttpServer2 (HttpServer2.java:addGlobalFilter(975)) - Added global filter 'safety' (class=org.apache.hadoop.http.HttpServer2$QuotingInputFilter)
2019-10-04 23:11:35,365 [main] INFO  http.HttpServer2 (HttpServer2.java:addFilter(948)) - Added filter static_user_filter (class=org.apache.hadoop.http.lib.StaticUserWebFilter$StaticUserFilter) to context hddsDatanode
2019-10-04 23:11:35,366 [main] INFO  http.HttpServer2 (HttpServer2.java:addFilter(958)) - Added filter static_user_filter (class=org.apache.hadoop.http.lib.StaticUserWebFilter$StaticUserFilter) to context logs
2019-10-04 23:11:35,366 [main] INFO  http.HttpServer2 (HttpServer2.java:addFilter(958)) - Added filter static_user_filter (class=org.apache.hadoop.http.lib.StaticUserWebFilter$StaticUserFilter) to context static
2019-10-04 23:11:35,367 [main] INFO  http.HttpServer2 (HttpServer2.java:bindListener(1191)) - Jetty bound to port 43440
2019-10-04 23:11:35,367 [main] INFO  server.Server (Server.java:doStart(351)) - jetty-9.3.25.v20180904, build timestamp: 2018-09-04T21:11:46Z, git hash: 3ce520221d0240229c862b122d2b06c12a625732
2019-10-04 23:11:35,369 [main] INFO  handler.ContextHandler (ContextHandler.java:doStart(781)) - Started o.e.j.s.ServletContextHandler@7558633{/logs,file:///workdir/hadoop-ozone/integration-test/target/log,AVAILABLE}
2019-10-04 23:11:35,369 [main] INFO  handler.ContextHandler (ContextHandler.java:doStart(781)) - Started o.e.j.s.ServletContextHandler@61394494{/static,jar:file:/home/user/.m2/repository/org/apache/hadoop/hadoop-hdds-container-service/0.5.0-SNAPSHOT/hadoop-hdds-container-service-0.5.0-SNAPSHOT.jar!/webapps/static,AVAILABLE}
2019-10-04 23:11:35,418 [main] INFO  handler.ContextHandler (ContextHandler.java:doStart(781)) - Started o.e.j.w.WebAppContext@65cc5252{/,file:///tmp/jetty-0.0.0.0-43440-hddsDatanode-_-any-6431361489060338240.dir/webapp/,AVAILABLE}{/hddsDatanode}
2019-10-04 23:11:35,418 [main] INFO  server.AbstractConnector (AbstractConnector.java:doStart(278)) - Started ServerConnector@42c12b3e{HTTP/1.1,[http/1.1]}{0.0.0.0:43440}
2019-10-04 23:11:35,420 [main] INFO  server.Server (Server.java:doStart(419)) - Started @225186ms
2019-10-04 23:11:35,421 [main] WARN  impl.MetricsSystemImpl (MetricsSystemImpl.java:register(276)) - Sink prometheus already exists!
2019-10-04 23:11:35,421 [main] INFO  server.BaseHttpServer (BaseHttpServer.java:updateConnectorAddress(215)) - HTTP server of HDDSDATANODE is listening at http://0.0.0.0:43440
2019-10-04 23:11:35,422 [main] INFO  impl.MetricsSystemImpl (MetricsSystemImpl.java:init(158)) - HddsDatanode metrics system started (again)
2019-10-04 23:11:35,428 [org.apache.hadoop.util.JvmPauseMonitor$Monitor@3fbbbf2a] INFO  util.JvmPauseMonitor (JvmPauseMonitor.java:run(188)) - Starting JVM pause monitor
2019-10-04 23:11:35,429 [Datanode State Machine Thread - 0] INFO  datanode.InitDatanodeState (InitDatanodeState.java:persistContainerDatanodeDetails(140)) - DatanodeDetails is persisted to /workdir/hadoop-ozone/integration-test/target/test-dir/MiniOzoneClusterImpl-edf73136-247f-4d67-9c2b-ffcb6668a5a7/datanode-1/meta/datanode.id
2019-10-04 23:11:35,429 [main] INFO  ozone.HddsDatanodeService (HddsDatanodeService.java:start(184)) - HddsDatanodeService host:pr-hdds-2181-c9q8w-3494937983 ip:192.168.164.255
2019-10-04 23:11:35,437 [main] INFO  volume.HddsVolume (HddsVolume.java:<init>(176)) - Creating Volume: /workdir/hadoop-ozone/integration-test/target/test-dir/MiniOzoneClusterImpl-edf73136-247f-4d67-9c2b-ffcb6668a5a7/datanode-2/data/containers/hdds of  storage type : DISK and capacity : 1482555576320
2019-10-04 23:11:35,438 [main] INFO  volume.VolumeSet (VolumeSet.java:initializeVolumeSet(170)) - Added Volume : /workdir/hadoop-ozone/integration-test/target/test-dir/MiniOzoneClusterImpl-edf73136-247f-4d67-9c2b-ffcb6668a5a7/datanode-2/data/containers/hdds to VolumeSet
2019-10-04 23:11:35,438 [main] INFO  volume.ThrottledAsyncChecker (ThrottledAsyncChecker.java:schedule(139)) - Scheduling a check for org.apache.hadoop.ozone.container.common.volume.HddsVolume@636985df
2019-10-04 23:11:35,438 [main] INFO  volume.HddsVolumeChecker (HddsVolumeChecker.java:checkAllVolumes(202)) - Scheduled health check for volume org.apache.hadoop.ozone.container.common.volume.HddsVolume@636985df
2019-10-04 23:11:35,458 [main] INFO  impl.RaftServerProxy (ConfUtils.java:logGet(43)) - raft.rpc.type = GRPC (default)
2019-10-04 23:11:35,458 [main] INFO  grpc.GrpcFactory (GrpcFactory.java:checkPooledByteBufAllocatorUseCacheForAllThreads(45)) - PERFORMANCE WARNING: useCacheForAllThreads is true that may cause Netty to create a lot garbage objects and, as a result, trigger GC.
	It is recommended to disable useCacheForAllThreads by setting -Dorg.apache.ratis.thirdparty.io.netty.allocator.useCacheForAllThreads=false in command line.
2019-10-04 23:11:35,458 [main] INFO  grpc.GrpcConfigKeys$Server (ConfUtils.java:logGet(43)) - raft.grpc.server.port = 0 (default)
2019-10-04 23:11:35,458 [main] INFO  server.GrpcService (ConfUtils.java:logGet(43)) - raft.grpc.message.size.max = 33570816 (custom)
2019-10-04 23:11:35,459 [main] INFO  server.RaftServerConfigKeys (ConfUtils.java:logGet(43)) - raft.server.log.appender.buffer.byte-limit = 33554432 (custom)
2019-10-04 23:11:35,459 [main] INFO  server.GrpcService (ConfUtils.java:logGet(43)) - raft.grpc.flow.control.window = 1MB (=1048576) (default)
2019-10-04 23:11:35,459 [main] INFO  server.RaftServerConfigKeys (ConfUtils.java:logGet(43)) - raft.server.rpc.request.timeout = 3000ms (default)
2019-10-04 23:11:35,460 [main] INFO  server.RaftServerConfigKeys (ConfUtils.java:logGet(43)) - raft.server.storage.dir = [/workdir/hadoop-ozone/integration-test/target/test-dir/MiniOzoneClusterImpl-edf73136-247f-4d67-9c2b-ffcb6668a5a7/datanode-2/data/ratis] (custom)
2019-10-04 23:11:35,461 [main] INFO  hdfs.DFSUtil (DFSUtil.java:httpServerTemplateForNNAndJN(1641)) - Starting Web-server for hddsDatanode at: http://0.0.0.0:0
2019-10-04 23:11:35,463 [main] INFO  server.AuthenticationFilter (AuthenticationFilter.java:constructSecretProvider(240)) - Unable to initialize FileSignerSecretProvider, falling back to use random secrets.
2019-10-04 23:11:35,464 [main] WARN  http.HttpRequestLog (HttpRequestLog.java:getRequestLog(97)) - Jetty request log can only be enabled using Log4j
2019-10-04 23:11:35,466 [main] INFO  http.HttpServer2 (HttpServer2.java:addGlobalFilter(975)) - Added global filter 'safety' (class=org.apache.hadoop.http.HttpServer2$QuotingInputFilter)
2019-10-04 23:11:35,467 [main] INFO  http.HttpServer2 (HttpServer2.java:addFilter(948)) - Added filter static_user_filter (class=org.apache.hadoop.http.lib.StaticUserWebFilter$StaticUserFilter) to context hddsDatanode
2019-10-04 23:11:35,467 [main] INFO  http.HttpServer2 (HttpServer2.java:addFilter(958)) - Added filter static_user_filter (class=org.apache.hadoop.http.lib.StaticUserWebFilter$StaticUserFilter) to context static
2019-10-04 23:11:35,467 [main] INFO  http.HttpServer2 (HttpServer2.java:addFilter(958)) - Added filter static_user_filter (class=org.apache.hadoop.http.lib.StaticUserWebFilter$StaticUserFilter) to context logs
2019-10-04 23:11:35,468 [main] INFO  http.HttpServer2 (HttpServer2.java:bindListener(1191)) - Jetty bound to port 34138
2019-10-04 23:11:35,468 [main] INFO  server.Server (Server.java:doStart(351)) - jetty-9.3.25.v20180904, build timestamp: 2018-09-04T21:11:46Z, git hash: 3ce520221d0240229c862b122d2b06c12a625732
2019-10-04 23:11:35,470 [main] INFO  handler.ContextHandler (ContextHandler.java:doStart(781)) - Started o.e.j.s.ServletContextHandler@45554613{/logs,file:///workdir/hadoop-ozone/integration-test/target/log,AVAILABLE}
2019-10-04 23:11:35,471 [main] INFO  handler.ContextHandler (ContextHandler.java:doStart(781)) - Started o.e.j.s.ServletContextHandler@2c9306d3{/static,jar:file:/home/user/.m2/repository/org/apache/hadoop/hadoop-hdds-container-service/0.5.0-SNAPSHOT/hadoop-hdds-container-service-0.5.0-SNAPSHOT.jar!/webapps/static,AVAILABLE}
2019-10-04 23:11:35,514 [main] INFO  handler.ContextHandler (ContextHandler.java:doStart(781)) - Started o.e.j.w.WebAppContext@2506b881{/,file:///tmp/jetty-0.0.0.0-34138-hddsDatanode-_-any-6517795079658593933.dir/webapp/,AVAILABLE}{/hddsDatanode}
2019-10-04 23:11:35,515 [main] INFO  server.AbstractConnector (AbstractConnector.java:doStart(278)) - Started ServerConnector@5d7dd549{HTTP/1.1,[http/1.1]}{0.0.0.0:34138}
2019-10-04 23:11:35,516 [main] INFO  server.Server (Server.java:doStart(419)) - Started @225282ms
2019-10-04 23:11:35,516 [main] WARN  impl.MetricsSystemImpl (MetricsSystemImpl.java:register(276)) - Sink prometheus already exists!
2019-10-04 23:11:35,517 [main] INFO  server.BaseHttpServer (BaseHttpServer.java:updateConnectorAddress(215)) - HTTP server of HDDSDATANODE is listening at http://0.0.0.0:34138
2019-10-04 23:11:35,517 [main] INFO  impl.MetricsSystemImpl (MetricsSystemImpl.java:init(158)) - HddsDatanode metrics system started (again)
2019-10-04 23:11:35,522 [org.apache.hadoop.util.JvmPauseMonitor$Monitor@53fb92ed] INFO  util.JvmPauseMonitor (JvmPauseMonitor.java:run(188)) - Starting JVM pause monitor
2019-10-04 23:11:35,523 [main] INFO  ozone.HddsDatanodeService (HddsDatanodeService.java:start(184)) - HddsDatanodeService host:pr-hdds-2181-c9q8w-3494937983 ip:192.168.164.255
2019-10-04 23:11:35,524 [Datanode State Machine Thread - 0] INFO  datanode.InitDatanodeState (InitDatanodeState.java:persistContainerDatanodeDetails(140)) - DatanodeDetails is persisted to /workdir/hadoop-ozone/integration-test/target/test-dir/MiniOzoneClusterImpl-edf73136-247f-4d67-9c2b-ffcb6668a5a7/datanode-2/meta/datanode.id
2019-10-04 23:11:35,530 [main] INFO  volume.HddsVolume (HddsVolume.java:<init>(176)) - Creating Volume: /workdir/hadoop-ozone/integration-test/target/test-dir/MiniOzoneClusterImpl-edf73136-247f-4d67-9c2b-ffcb6668a5a7/datanode-3/data/containers/hdds of  storage type : DISK and capacity : 1482555576320
2019-10-04 23:11:35,530 [main] INFO  volume.VolumeSet (VolumeSet.java:initializeVolumeSet(170)) - Added Volume : /workdir/hadoop-ozone/integration-test/target/test-dir/MiniOzoneClusterImpl-edf73136-247f-4d67-9c2b-ffcb6668a5a7/datanode-3/data/containers/hdds to VolumeSet
2019-10-04 23:11:35,530 [main] INFO  volume.ThrottledAsyncChecker (ThrottledAsyncChecker.java:schedule(139)) - Scheduling a check for org.apache.hadoop.ozone.container.common.volume.HddsVolume@7da1e005
2019-10-04 23:11:35,531 [main] INFO  volume.HddsVolumeChecker (HddsVolumeChecker.java:checkAllVolumes(202)) - Scheduled health check for volume org.apache.hadoop.ozone.container.common.volume.HddsVolume@7da1e005
2019-10-04 23:11:35,547 [main] INFO  impl.RaftServerProxy (ConfUtils.java:logGet(43)) - raft.rpc.type = GRPC (default)
2019-10-04 23:11:35,548 [main] INFO  grpc.GrpcFactory (GrpcFactory.java:checkPooledByteBufAllocatorUseCacheForAllThreads(45)) - PERFORMANCE WARNING: useCacheForAllThreads is true that may cause Netty to create a lot garbage objects and, as a result, trigger GC.
	It is recommended to disable useCacheForAllThreads by setting -Dorg.apache.ratis.thirdparty.io.netty.allocator.useCacheForAllThreads=false in command line.
2019-10-04 23:11:35,548 [main] INFO  grpc.GrpcConfigKeys$Server (ConfUtils.java:logGet(43)) - raft.grpc.server.port = 0 (default)
2019-10-04 23:11:35,548 [main] INFO  server.GrpcService (ConfUtils.java:logGet(43)) - raft.grpc.message.size.max = 33570816 (custom)
2019-10-04 23:11:35,548 [main] INFO  server.RaftServerConfigKeys (ConfUtils.java:logGet(43)) - raft.server.log.appender.buffer.byte-limit = 33554432 (custom)
2019-10-04 23:11:35,549 [main] INFO  server.GrpcService (ConfUtils.java:logGet(43)) - raft.grpc.flow.control.window = 1MB (=1048576) (default)
2019-10-04 23:11:35,549 [main] INFO  server.RaftServerConfigKeys (ConfUtils.java:logGet(43)) - raft.server.rpc.request.timeout = 3000ms (default)
2019-10-04 23:11:35,549 [main] INFO  server.RaftServerConfigKeys (ConfUtils.java:logGet(43)) - raft.server.storage.dir = [/workdir/hadoop-ozone/integration-test/target/test-dir/MiniOzoneClusterImpl-edf73136-247f-4d67-9c2b-ffcb6668a5a7/datanode-3/data/ratis] (custom)
2019-10-04 23:11:35,550 [main] INFO  hdfs.DFSUtil (DFSUtil.java:httpServerTemplateForNNAndJN(1641)) - Starting Web-server for hddsDatanode at: http://0.0.0.0:0
2019-10-04 23:11:35,552 [main] INFO  server.AuthenticationFilter (AuthenticationFilter.java:constructSecretProvider(240)) - Unable to initialize FileSignerSecretProvider, falling back to use random secrets.
2019-10-04 23:11:35,552 [main] WARN  http.HttpRequestLog (HttpRequestLog.java:getRequestLog(97)) - Jetty request log can only be enabled using Log4j
2019-10-04 23:11:35,554 [main] INFO  http.HttpServer2 (HttpServer2.java:addGlobalFilter(975)) - Added global filter 'safety' (class=org.apache.hadoop.http.HttpServer2$QuotingInputFilter)
2019-10-04 23:11:35,555 [main] INFO  http.HttpServer2 (HttpServer2.java:addFilter(948)) - Added filter static_user_filter (class=org.apache.hadoop.http.lib.StaticUserWebFilter$StaticUserFilter) to context hddsDatanode
2019-10-04 23:11:35,555 [main] INFO  http.HttpServer2 (HttpServer2.java:addFilter(958)) - Added filter static_user_filter (class=org.apache.hadoop.http.lib.StaticUserWebFilter$StaticUserFilter) to context static
2019-10-04 23:11:35,555 [main] INFO  http.HttpServer2 (HttpServer2.java:addFilter(958)) - Added filter static_user_filter (class=org.apache.hadoop.http.lib.StaticUserWebFilter$StaticUserFilter) to context logs
2019-10-04 23:11:35,556 [main] INFO  http.HttpServer2 (HttpServer2.java:bindListener(1191)) - Jetty bound to port 35298
2019-10-04 23:11:35,556 [main] INFO  server.Server (Server.java:doStart(351)) - jetty-9.3.25.v20180904, build timestamp: 2018-09-04T21:11:46Z, git hash: 3ce520221d0240229c862b122d2b06c12a625732
2019-10-04 23:11:35,558 [main] INFO  handler.ContextHandler (ContextHandler.java:doStart(781)) - Started o.e.j.s.ServletContextHandler@787988f4{/logs,file:///workdir/hadoop-ozone/integration-test/target/log,AVAILABLE}
2019-10-04 23:11:35,558 [main] INFO  handler.ContextHandler (ContextHandler.java:doStart(781)) - Started o.e.j.s.ServletContextHandler@4f235107{/static,jar:file:/home/user/.m2/repository/org/apache/hadoop/hadoop-hdds-container-service/0.5.0-SNAPSHOT/hadoop-hdds-container-service-0.5.0-SNAPSHOT.jar!/webapps/static,AVAILABLE}
2019-10-04 23:11:35,590 [main] INFO  handler.ContextHandler (ContextHandler.java:doStart(781)) - Started o.e.j.w.WebAppContext@6b8b5020{/,file:///tmp/jetty-0.0.0.0-35298-hddsDatanode-_-any-6359114378358501798.dir/webapp/,AVAILABLE}{/hddsDatanode}
2019-10-04 23:11:35,590 [main] INFO  server.AbstractConnector (AbstractConnector.java:doStart(278)) - Started ServerConnector@7d37ee0c{HTTP/1.1,[http/1.1]}{0.0.0.0:35298}
2019-10-04 23:11:35,592 [main] INFO  server.Server (Server.java:doStart(419)) - Started @225357ms
2019-10-04 23:11:35,592 [main] WARN  impl.MetricsSystemImpl (MetricsSystemImpl.java:register(276)) - Sink prometheus already exists!
2019-10-04 23:11:35,592 [main] INFO  server.BaseHttpServer (BaseHttpServer.java:updateConnectorAddress(215)) - HTTP server of HDDSDATANODE is listening at http://0.0.0.0:35298
2019-10-04 23:11:35,593 [main] INFO  impl.MetricsSystemImpl (MetricsSystemImpl.java:init(158)) - HddsDatanode metrics system started (again)
2019-10-04 23:11:35,598 [org.apache.hadoop.util.JvmPauseMonitor$Monitor@58119e70] INFO  util.JvmPauseMonitor (JvmPauseMonitor.java:run(188)) - Starting JVM pause monitor
2019-10-04 23:11:35,598 [main] INFO  ozone.HddsDatanodeService (HddsDatanodeService.java:start(184)) - HddsDatanodeService host:pr-hdds-2181-c9q8w-3494937983 ip:192.168.164.255
2019-10-04 23:11:35,599 [Datanode State Machine Thread - 0] INFO  datanode.InitDatanodeState (InitDatanodeState.java:persistContainerDatanodeDetails(140)) - DatanodeDetails is persisted to /workdir/hadoop-ozone/integration-test/target/test-dir/MiniOzoneClusterImpl-edf73136-247f-4d67-9c2b-ffcb6668a5a7/datanode-3/meta/datanode.id
2019-10-04 23:11:35,606 [main] INFO  volume.HddsVolume (HddsVolume.java:<init>(176)) - Creating Volume: /workdir/hadoop-ozone/integration-test/target/test-dir/MiniOzoneClusterImpl-edf73136-247f-4d67-9c2b-ffcb6668a5a7/datanode-4/data/containers/hdds of  storage type : DISK and capacity : 1482555576320
2019-10-04 23:11:35,606 [main] INFO  volume.VolumeSet (VolumeSet.java:initializeVolumeSet(170)) - Added Volume : /workdir/hadoop-ozone/integration-test/target/test-dir/MiniOzoneClusterImpl-edf73136-247f-4d67-9c2b-ffcb6668a5a7/datanode-4/data/containers/hdds to VolumeSet
2019-10-04 23:11:35,606 [main] INFO  volume.ThrottledAsyncChecker (ThrottledAsyncChecker.java:schedule(139)) - Scheduling a check for org.apache.hadoop.ozone.container.common.volume.HddsVolume@3a3f96ab
2019-10-04 23:11:35,606 [main] INFO  volume.HddsVolumeChecker (HddsVolumeChecker.java:checkAllVolumes(202)) - Scheduled health check for volume org.apache.hadoop.ozone.container.common.volume.HddsVolume@3a3f96ab
2019-10-04 23:11:35,621 [main] INFO  impl.RaftServerProxy (ConfUtils.java:logGet(43)) - raft.rpc.type = GRPC (default)
2019-10-04 23:11:35,621 [main] INFO  grpc.GrpcFactory (GrpcFactory.java:checkPooledByteBufAllocatorUseCacheForAllThreads(45)) - PERFORMANCE WARNING: useCacheForAllThreads is true that may cause Netty to create a lot garbage objects and, as a result, trigger GC.
	It is recommended to disable useCacheForAllThreads by setting -Dorg.apache.ratis.thirdparty.io.netty.allocator.useCacheForAllThreads=false in command line.
2019-10-04 23:11:35,622 [main] INFO  grpc.GrpcConfigKeys$Server (ConfUtils.java:logGet(43)) - raft.grpc.server.port = 0 (default)
2019-10-04 23:11:35,622 [main] INFO  server.GrpcService (ConfUtils.java:logGet(43)) - raft.grpc.message.size.max = 33570816 (custom)
2019-10-04 23:11:35,622 [main] INFO  server.RaftServerConfigKeys (ConfUtils.java:logGet(43)) - raft.server.log.appender.buffer.byte-limit = 33554432 (custom)
2019-10-04 23:11:35,622 [main] INFO  server.GrpcService (ConfUtils.java:logGet(43)) - raft.grpc.flow.control.window = 1MB (=1048576) (default)
2019-10-04 23:11:35,622 [main] INFO  server.RaftServerConfigKeys (ConfUtils.java:logGet(43)) - raft.server.rpc.request.timeout = 3000ms (default)
2019-10-04 23:11:35,623 [main] INFO  server.RaftServerConfigKeys (ConfUtils.java:logGet(43)) - raft.server.storage.dir = [/workdir/hadoop-ozone/integration-test/target/test-dir/MiniOzoneClusterImpl-edf73136-247f-4d67-9c2b-ffcb6668a5a7/datanode-4/data/ratis] (custom)
2019-10-04 23:11:35,624 [main] INFO  hdfs.DFSUtil (DFSUtil.java:httpServerTemplateForNNAndJN(1641)) - Starting Web-server for hddsDatanode at: http://0.0.0.0:0
2019-10-04 23:11:35,625 [main] INFO  server.AuthenticationFilter (AuthenticationFilter.java:constructSecretProvider(240)) - Unable to initialize FileSignerSecretProvider, falling back to use random secrets.
2019-10-04 23:11:35,625 [main] WARN  http.HttpRequestLog (HttpRequestLog.java:getRequestLog(97)) - Jetty request log can only be enabled using Log4j
2019-10-04 23:11:35,627 [main] INFO  http.HttpServer2 (HttpServer2.java:addGlobalFilter(975)) - Added global filter 'safety' (class=org.apache.hadoop.http.HttpServer2$QuotingInputFilter)
2019-10-04 23:11:35,628 [main] INFO  http.HttpServer2 (HttpServer2.java:addFilter(948)) - Added filter static_user_filter (class=org.apache.hadoop.http.lib.StaticUserWebFilter$StaticUserFilter) to context hddsDatanode
2019-10-04 23:11:35,628 [main] INFO  http.HttpServer2 (HttpServer2.java:addFilter(958)) - Added filter static_user_filter (class=org.apache.hadoop.http.lib.StaticUserWebFilter$StaticUserFilter) to context logs
2019-10-04 23:11:35,628 [main] INFO  http.HttpServer2 (HttpServer2.java:addFilter(958)) - Added filter static_user_filter (class=org.apache.hadoop.http.lib.StaticUserWebFilter$StaticUserFilter) to context static
2019-10-04 23:11:35,629 [main] INFO  http.HttpServer2 (HttpServer2.java:bindListener(1191)) - Jetty bound to port 35334
2019-10-04 23:11:35,629 [main] INFO  server.Server (Server.java:doStart(351)) - jetty-9.3.25.v20180904, build timestamp: 2018-09-04T21:11:46Z, git hash: 3ce520221d0240229c862b122d2b06c12a625732
2019-10-04 23:11:35,630 [main] INFO  handler.ContextHandler (ContextHandler.java:doStart(781)) - Started o.e.j.s.ServletContextHandler@7994a0d1{/logs,file:///workdir/hadoop-ozone/integration-test/target/log,AVAILABLE}
2019-10-04 23:11:35,631 [main] INFO  handler.ContextHandler (ContextHandler.java:doStart(781)) - Started o.e.j.s.ServletContextHandler@d87d449{/static,jar:file:/home/user/.m2/repository/org/apache/hadoop/hadoop-hdds-container-service/0.5.0-SNAPSHOT/hadoop-hdds-container-service-0.5.0-SNAPSHOT.jar!/webapps/static,AVAILABLE}
2019-10-04 23:11:35,659 [main] INFO  handler.ContextHandler (ContextHandler.java:doStart(781)) - Started o.e.j.w.WebAppContext@310d57b1{/,file:///tmp/jetty-0.0.0.0-35334-hddsDatanode-_-any-51929891567524397.dir/webapp/,AVAILABLE}{/hddsDatanode}
2019-10-04 23:11:35,659 [main] INFO  server.AbstractConnector (AbstractConnector.java:doStart(278)) - Started ServerConnector@143fefaf{HTTP/1.1,[http/1.1]}{0.0.0.0:35334}
2019-10-04 23:11:35,661 [main] INFO  server.Server (Server.java:doStart(419)) - Started @225426ms
2019-10-04 23:11:35,661 [main] WARN  impl.MetricsSystemImpl (MetricsSystemImpl.java:register(276)) - Sink prometheus already exists!
2019-10-04 23:11:35,661 [main] INFO  server.BaseHttpServer (BaseHttpServer.java:updateConnectorAddress(215)) - HTTP server of HDDSDATANODE is listening at http://0.0.0.0:35334
2019-10-04 23:11:35,662 [main] INFO  impl.MetricsSystemImpl (MetricsSystemImpl.java:init(158)) - HddsDatanode metrics system started (again)
2019-10-04 23:11:35,668 [org.apache.hadoop.util.JvmPauseMonitor$Monitor@359c1584] INFO  util.JvmPauseMonitor (JvmPauseMonitor.java:run(188)) - Starting JVM pause monitor
2019-10-04 23:11:35,669 [main] INFO  ozone.HddsDatanodeService (HddsDatanodeService.java:start(184)) - HddsDatanodeService host:pr-hdds-2181-c9q8w-3494937983 ip:192.168.164.255
2019-10-04 23:11:35,669 [Datanode State Machine Thread - 0] INFO  datanode.InitDatanodeState (InitDatanodeState.java:persistContainerDatanodeDetails(140)) - DatanodeDetails is persisted to /workdir/hadoop-ozone/integration-test/target/test-dir/MiniOzoneClusterImpl-edf73136-247f-4d67-9c2b-ffcb6668a5a7/datanode-4/meta/datanode.id
2019-10-04 23:11:35,676 [main] INFO  volume.HddsVolume (HddsVolume.java:<init>(176)) - Creating Volume: /workdir/hadoop-ozone/integration-test/target/test-dir/MiniOzoneClusterImpl-edf73136-247f-4d67-9c2b-ffcb6668a5a7/datanode-5/data/containers/hdds of  storage type : DISK and capacity : 1482555576320
2019-10-04 23:11:35,677 [main] INFO  volume.VolumeSet (VolumeSet.java:initializeVolumeSet(170)) - Added Volume : /workdir/hadoop-ozone/integration-test/target/test-dir/MiniOzoneClusterImpl-edf73136-247f-4d67-9c2b-ffcb6668a5a7/datanode-5/data/containers/hdds to VolumeSet
2019-10-04 23:11:35,677 [main] INFO  volume.ThrottledAsyncChecker (ThrottledAsyncChecker.java:schedule(139)) - Scheduling a check for org.apache.hadoop.ozone.container.common.volume.HddsVolume@52ba685a
2019-10-04 23:11:35,678 [main] INFO  volume.HddsVolumeChecker (HddsVolumeChecker.java:checkAllVolumes(202)) - Scheduled health check for volume org.apache.hadoop.ozone.container.common.volume.HddsVolume@52ba685a
2019-10-04 23:11:35,694 [main] INFO  impl.RaftServerProxy (ConfUtils.java:logGet(43)) - raft.rpc.type = GRPC (default)
2019-10-04 23:11:35,694 [main] INFO  grpc.GrpcFactory (GrpcFactory.java:checkPooledByteBufAllocatorUseCacheForAllThreads(45)) - PERFORMANCE WARNING: useCacheForAllThreads is true that may cause Netty to create a lot garbage objects and, as a result, trigger GC.
	It is recommended to disable useCacheForAllThreads by setting -Dorg.apache.ratis.thirdparty.io.netty.allocator.useCacheForAllThreads=false in command line.
2019-10-04 23:11:35,695 [main] INFO  grpc.GrpcConfigKeys$Server (ConfUtils.java:logGet(43)) - raft.grpc.server.port = 0 (default)
2019-10-04 23:11:35,695 [main] INFO  server.GrpcService (ConfUtils.java:logGet(43)) - raft.grpc.message.size.max = 33570816 (custom)
2019-10-04 23:11:35,695 [main] INFO  server.RaftServerConfigKeys (ConfUtils.java:logGet(43)) - raft.server.log.appender.buffer.byte-limit = 33554432 (custom)
2019-10-04 23:11:35,695 [main] INFO  server.GrpcService (ConfUtils.java:logGet(43)) - raft.grpc.flow.control.window = 1MB (=1048576) (default)
2019-10-04 23:11:35,696 [main] INFO  server.RaftServerConfigKeys (ConfUtils.java:logGet(43)) - raft.server.rpc.request.timeout = 3000ms (default)
2019-10-04 23:11:35,696 [main] INFO  server.RaftServerConfigKeys (ConfUtils.java:logGet(43)) - raft.server.storage.dir = [/workdir/hadoop-ozone/integration-test/target/test-dir/MiniOzoneClusterImpl-edf73136-247f-4d67-9c2b-ffcb6668a5a7/datanode-5/data/ratis] (custom)
2019-10-04 23:11:35,697 [main] INFO  hdfs.DFSUtil (DFSUtil.java:httpServerTemplateForNNAndJN(1641)) - Starting Web-server for hddsDatanode at: http://0.0.0.0:0
2019-10-04 23:11:35,699 [main] INFO  server.AuthenticationFilter (AuthenticationFilter.java:constructSecretProvider(240)) - Unable to initialize FileSignerSecretProvider, falling back to use random secrets.
2019-10-04 23:11:35,699 [main] WARN  http.HttpRequestLog (HttpRequestLog.java:getRequestLog(97)) - Jetty request log can only be enabled using Log4j
2019-10-04 23:11:35,701 [main] INFO  http.HttpServer2 (HttpServer2.java:addGlobalFilter(975)) - Added global filter 'safety' (class=org.apache.hadoop.http.HttpServer2$QuotingInputFilter)
2019-10-04 23:11:35,701 [main] INFO  http.HttpServer2 (HttpServer2.java:addFilter(948)) - Added filter static_user_filter (class=org.apache.hadoop.http.lib.StaticUserWebFilter$StaticUserFilter) to context hddsDatanode
2019-10-04 23:11:35,701 [main] INFO  http.HttpServer2 (HttpServer2.java:addFilter(958)) - Added filter static_user_filter (class=org.apache.hadoop.http.lib.StaticUserWebFilter$StaticUserFilter) to context static
2019-10-04 23:11:35,701 [main] INFO  http.HttpServer2 (HttpServer2.java:addFilter(958)) - Added filter static_user_filter (class=org.apache.hadoop.http.lib.StaticUserWebFilter$StaticUserFilter) to context logs
2019-10-04 23:11:35,702 [main] INFO  http.HttpServer2 (HttpServer2.java:bindListener(1191)) - Jetty bound to port 42431
2019-10-04 23:11:35,702 [main] INFO  server.Server (Server.java:doStart(351)) - jetty-9.3.25.v20180904, build timestamp: 2018-09-04T21:11:46Z, git hash: 3ce520221d0240229c862b122d2b06c12a625732
2019-10-04 23:11:35,704 [main] INFO  handler.ContextHandler (ContextHandler.java:doStart(781)) - Started o.e.j.s.ServletContextHandler@39d77de9{/logs,file:///workdir/hadoop-ozone/integration-test/target/log,AVAILABLE}
2019-10-04 23:11:35,705 [main] INFO  handler.ContextHandler (ContextHandler.java:doStart(781)) - Started o.e.j.s.ServletContextHandler@2c06b113{/static,jar:file:/home/user/.m2/repository/org/apache/hadoop/hadoop-hdds-container-service/0.5.0-SNAPSHOT/hadoop-hdds-container-service-0.5.0-SNAPSHOT.jar!/webapps/static,AVAILABLE}
2019-10-04 23:11:35,739 [main] INFO  handler.ContextHandler (ContextHandler.java:doStart(781)) - Started o.e.j.w.WebAppContext@3cb6e0ee{/,file:///tmp/jetty-0.0.0.0-42431-hddsDatanode-_-any-124640263690676957.dir/webapp/,AVAILABLE}{/hddsDatanode}
2019-10-04 23:11:35,739 [main] INFO  server.AbstractConnector (AbstractConnector.java:doStart(278)) - Started ServerConnector@7b6141f0{HTTP/1.1,[http/1.1]}{0.0.0.0:42431}
2019-10-04 23:11:35,741 [main] INFO  server.Server (Server.java:doStart(419)) - Started @225506ms
2019-10-04 23:11:35,741 [main] WARN  impl.MetricsSystemImpl (MetricsSystemImpl.java:register(276)) - Sink prometheus already exists!
2019-10-04 23:11:35,742 [main] INFO  server.BaseHttpServer (BaseHttpServer.java:updateConnectorAddress(215)) - HTTP server of HDDSDATANODE is listening at http://0.0.0.0:42431
2019-10-04 23:11:35,742 [main] INFO  impl.MetricsSystemImpl (MetricsSystemImpl.java:init(158)) - HddsDatanode metrics system started (again)
2019-10-04 23:11:35,748 [org.apache.hadoop.util.JvmPauseMonitor$Monitor@301376b4] INFO  util.JvmPauseMonitor (JvmPauseMonitor.java:run(188)) - Starting JVM pause monitor
2019-10-04 23:11:35,748 [main] INFO  ozone.HddsDatanodeService (HddsDatanodeService.java:start(184)) - HddsDatanodeService host:pr-hdds-2181-c9q8w-3494937983 ip:192.168.164.255
2019-10-04 23:11:35,749 [Datanode State Machine Thread - 0] INFO  datanode.InitDatanodeState (InitDatanodeState.java:persistContainerDatanodeDetails(140)) - DatanodeDetails is persisted to /workdir/hadoop-ozone/integration-test/target/test-dir/MiniOzoneClusterImpl-edf73136-247f-4d67-9c2b-ffcb6668a5a7/datanode-5/meta/datanode.id
2019-10-04 23:11:35,755 [main] INFO  volume.HddsVolume (HddsVolume.java:<init>(176)) - Creating Volume: /workdir/hadoop-ozone/integration-test/target/test-dir/MiniOzoneClusterImpl-edf73136-247f-4d67-9c2b-ffcb6668a5a7/datanode-6/data/containers/hdds of  storage type : DISK and capacity : 1482555576320
2019-10-04 23:11:35,755 [main] INFO  volume.VolumeSet (VolumeSet.java:initializeVolumeSet(170)) - Added Volume : /workdir/hadoop-ozone/integration-test/target/test-dir/MiniOzoneClusterImpl-edf73136-247f-4d67-9c2b-ffcb6668a5a7/datanode-6/data/containers/hdds to VolumeSet
2019-10-04 23:11:35,755 [main] INFO  volume.ThrottledAsyncChecker (ThrottledAsyncChecker.java:schedule(139)) - Scheduling a check for org.apache.hadoop.ozone.container.common.volume.HddsVolume@64279ab
2019-10-04 23:11:35,756 [main] INFO  volume.HddsVolumeChecker (HddsVolumeChecker.java:checkAllVolumes(202)) - Scheduled health check for volume org.apache.hadoop.ozone.container.common.volume.HddsVolume@64279ab
2019-10-04 23:11:35,769 [main] INFO  impl.RaftServerProxy (ConfUtils.java:logGet(43)) - raft.rpc.type = GRPC (default)
2019-10-04 23:11:35,769 [main] INFO  grpc.GrpcFactory (GrpcFactory.java:checkPooledByteBufAllocatorUseCacheForAllThreads(45)) - PERFORMANCE WARNING: useCacheForAllThreads is true that may cause Netty to create a lot garbage objects and, as a result, trigger GC.
	It is recommended to disable useCacheForAllThreads by setting -Dorg.apache.ratis.thirdparty.io.netty.allocator.useCacheForAllThreads=false in command line.
2019-10-04 23:11:35,770 [main] INFO  grpc.GrpcConfigKeys$Server (ConfUtils.java:logGet(43)) - raft.grpc.server.port = 0 (default)
2019-10-04 23:11:35,770 [main] INFO  server.GrpcService (ConfUtils.java:logGet(43)) - raft.grpc.message.size.max = 33570816 (custom)
2019-10-04 23:11:35,770 [main] INFO  server.RaftServerConfigKeys (ConfUtils.java:logGet(43)) - raft.server.log.appender.buffer.byte-limit = 33554432 (custom)
2019-10-04 23:11:35,770 [main] INFO  server.GrpcService (ConfUtils.java:logGet(43)) - raft.grpc.flow.control.window = 1MB (=1048576) (default)
2019-10-04 23:11:35,770 [main] INFO  server.RaftServerConfigKeys (ConfUtils.java:logGet(43)) - raft.server.rpc.request.timeout = 3000ms (default)
2019-10-04 23:11:35,771 [main] INFO  server.RaftServerConfigKeys (ConfUtils.java:logGet(43)) - raft.server.storage.dir = [/workdir/hadoop-ozone/integration-test/target/test-dir/MiniOzoneClusterImpl-edf73136-247f-4d67-9c2b-ffcb6668a5a7/datanode-6/data/ratis] (custom)
2019-10-04 23:11:35,772 [main] INFO  hdfs.DFSUtil (DFSUtil.java:httpServerTemplateForNNAndJN(1641)) - Starting Web-server for hddsDatanode at: http://0.0.0.0:0
2019-10-04 23:11:35,773 [main] INFO  server.AuthenticationFilter (AuthenticationFilter.java:constructSecretProvider(240)) - Unable to initialize FileSignerSecretProvider, falling back to use random secrets.
2019-10-04 23:11:35,773 [main] WARN  http.HttpRequestLog (HttpRequestLog.java:getRequestLog(97)) - Jetty request log can only be enabled using Log4j
2019-10-04 23:11:35,775 [main] INFO  http.HttpServer2 (HttpServer2.java:addGlobalFilter(975)) - Added global filter 'safety' (class=org.apache.hadoop.http.HttpServer2$QuotingInputFilter)
2019-10-04 23:11:35,775 [main] INFO  http.HttpServer2 (HttpServer2.java:addFilter(948)) - Added filter static_user_filter (class=org.apache.hadoop.http.lib.StaticUserWebFilter$StaticUserFilter) to context hddsDatanode
2019-10-04 23:11:35,775 [main] INFO  http.HttpServer2 (HttpServer2.java:addFilter(958)) - Added filter static_user_filter (class=org.apache.hadoop.http.lib.StaticUserWebFilter$StaticUserFilter) to context static
2019-10-04 23:11:35,775 [main] INFO  http.HttpServer2 (HttpServer2.java:addFilter(958)) - Added filter static_user_filter (class=org.apache.hadoop.http.lib.StaticUserWebFilter$StaticUserFilter) to context logs
2019-10-04 23:11:35,776 [main] INFO  http.HttpServer2 (HttpServer2.java:bindListener(1191)) - Jetty bound to port 45169
2019-10-04 23:11:35,776 [main] INFO  server.Server (Server.java:doStart(351)) - jetty-9.3.25.v20180904, build timestamp: 2018-09-04T21:11:46Z, git hash: 3ce520221d0240229c862b122d2b06c12a625732
2019-10-04 23:11:35,777 [main] INFO  handler.ContextHandler (ContextHandler.java:doStart(781)) - Started o.e.j.s.ServletContextHandler@50cdfafa{/logs,file:///workdir/hadoop-ozone/integration-test/target/log,AVAILABLE}
2019-10-04 23:11:35,778 [main] INFO  handler.ContextHandler (ContextHandler.java:doStart(781)) - Started o.e.j.s.ServletContextHandler@79252c83{/static,jar:file:/home/user/.m2/repository/org/apache/hadoop/hadoop-hdds-container-service/0.5.0-SNAPSHOT/hadoop-hdds-container-service-0.5.0-SNAPSHOT.jar!/webapps/static,AVAILABLE}
2019-10-04 23:11:35,806 [main] INFO  handler.ContextHandler (ContextHandler.java:doStart(781)) - Started o.e.j.w.WebAppContext@1291aab5{/,file:///tmp/jetty-0.0.0.0-45169-hddsDatanode-_-any-7326337832428061088.dir/webapp/,AVAILABLE}{/hddsDatanode}
2019-10-04 23:11:35,806 [main] INFO  server.AbstractConnector (AbstractConnector.java:doStart(278)) - Started ServerConnector@7d133fb7{HTTP/1.1,[http/1.1]}{0.0.0.0:45169}
2019-10-04 23:11:35,808 [main] INFO  server.Server (Server.java:doStart(419)) - Started @225573ms
2019-10-04 23:11:35,808 [main] WARN  impl.MetricsSystemImpl (MetricsSystemImpl.java:register(276)) - Sink prometheus already exists!
2019-10-04 23:11:35,809 [main] INFO  server.BaseHttpServer (BaseHttpServer.java:updateConnectorAddress(215)) - HTTP server of HDDSDATANODE is listening at http://0.0.0.0:45169
2019-10-04 23:11:35,809 [main] INFO  ozone.MiniOzoneClusterImpl (MiniOzoneClusterImpl.java:lambda$waitForClusterToBeReady$0(147)) - Waiting for cluster to be ready. Got 0 of 7 DN Heartbeats.
2019-10-04 23:11:35,811 [org.apache.hadoop.util.JvmPauseMonitor$Monitor@351d5222] INFO  util.JvmPauseMonitor (JvmPauseMonitor.java:run(188)) - Starting JVM pause monitor
2019-10-04 23:11:35,812 [Datanode State Machine Thread - 0] INFO  datanode.InitDatanodeState (InitDatanodeState.java:persistContainerDatanodeDetails(140)) - DatanodeDetails is persisted to /workdir/hadoop-ozone/integration-test/target/test-dir/MiniOzoneClusterImpl-edf73136-247f-4d67-9c2b-ffcb6668a5a7/datanode-6/meta/datanode.id
2019-10-04 23:11:36,810 [main] INFO  ozone.MiniOzoneClusterImpl (MiniOzoneClusterImpl.java:lambda$waitForClusterToBeReady$0(147)) - Waiting for cluster to be ready. Got 0 of 7 DN Heartbeats.
2019-10-04 23:11:37,373 [Datanode State Machine Thread - 0] INFO  ozoneimpl.OzoneContainer (OzoneContainer.java:start(217)) - Attempting to start container services.
2019-10-04 23:11:37,373 [Datanode State Machine Thread - 0] INFO  ozoneimpl.OzoneContainer (OzoneContainer.java:startContainerScrub(179)) - Background container scanner has been disabled.
2019-10-04 23:11:37,373 [Datanode State Machine Thread - 0] INFO  ratis.XceiverServerRatis (XceiverServerRatis.java:start(417)) - Starting XceiverServerRatis 22c15439-5b84-422d-ac6d-6dee49060bde at port 0
2019-10-04 23:11:37,379 [Datanode State Machine Thread - 0] INFO  impl.RaftServerProxy (RaftServerProxy.java:lambda$start$3(299)) - 22c15439-5b84-422d-ac6d-6dee49060bde: start RPC server
2019-10-04 23:11:37,381 [Datanode State Machine Thread - 0] INFO  server.GrpcService (GrpcService.java:startImpl(158)) - 22c15439-5b84-422d-ac6d-6dee49060bde: GrpcService started, listening on 0.0.0.0/0.0.0.0:44372
2019-10-04 23:11:37,381 [Datanode State Machine Thread - 0] INFO  ratis.XceiverServerRatis (XceiverServerRatis.java:start(427)) - XceiverServerRatis 22c15439-5b84-422d-ac6d-6dee49060bde is started using port 44372
2019-10-04 23:11:37,381 [Datanode State Machine Thread - 0] INFO  server.XceiverServerGrpc (XceiverServerGrpc.java:start(149)) - XceiverServerGrpc 22c15439-5b84-422d-ac6d-6dee49060bde is started using port 39718
2019-10-04 23:11:37,446 [Datanode State Machine Thread - 0] INFO  ozoneimpl.OzoneContainer (OzoneContainer.java:start(217)) - Attempting to start container services.
2019-10-04 23:11:37,446 [Datanode State Machine Thread - 0] INFO  ozoneimpl.OzoneContainer (OzoneContainer.java:startContainerScrub(179)) - Background container scanner has been disabled.
2019-10-04 23:11:37,446 [Datanode State Machine Thread - 0] INFO  ratis.XceiverServerRatis (XceiverServerRatis.java:start(417)) - Starting XceiverServerRatis b5bf0f2c-0fd5-4055-b49a-9c22970d3d27 at port 0
2019-10-04 23:11:37,456 [Datanode State Machine Thread - 0] INFO  impl.RaftServerProxy (RaftServerProxy.java:lambda$start$3(299)) - b5bf0f2c-0fd5-4055-b49a-9c22970d3d27: start RPC server
2019-10-04 23:11:37,458 [Datanode State Machine Thread - 0] INFO  server.GrpcService (GrpcService.java:startImpl(158)) - b5bf0f2c-0fd5-4055-b49a-9c22970d3d27: GrpcService started, listening on 0.0.0.0/0.0.0.0:41357
2019-10-04 23:11:37,458 [Datanode State Machine Thread - 0] INFO  ratis.XceiverServerRatis (XceiverServerRatis.java:start(427)) - XceiverServerRatis b5bf0f2c-0fd5-4055-b49a-9c22970d3d27 is started using port 41357
2019-10-04 23:11:37,459 [Datanode State Machine Thread - 0] INFO  server.XceiverServerGrpc (XceiverServerGrpc.java:start(149)) - XceiverServerGrpc b5bf0f2c-0fd5-4055-b49a-9c22970d3d27 is started using port 38594
2019-10-04 23:11:37,536 [Datanode State Machine Thread - 0] INFO  ozoneimpl.OzoneContainer (OzoneContainer.java:start(217)) - Attempting to start container services.
2019-10-04 23:11:37,536 [Datanode State Machine Thread - 0] INFO  ozoneimpl.OzoneContainer (OzoneContainer.java:startContainerScrub(179)) - Background container scanner has been disabled.
2019-10-04 23:11:37,537 [Datanode State Machine Thread - 0] INFO  ratis.XceiverServerRatis (XceiverServerRatis.java:start(417)) - Starting XceiverServerRatis 9032bff7-1c61-4e03-af58-0911c8b707f6 at port 0
2019-10-04 23:11:37,542 [Datanode State Machine Thread - 0] INFO  impl.RaftServerProxy (RaftServerProxy.java:lambda$start$3(299)) - 9032bff7-1c61-4e03-af58-0911c8b707f6: start RPC server
2019-10-04 23:11:37,543 [Datanode State Machine Thread - 0] INFO  server.GrpcService (GrpcService.java:startImpl(158)) - 9032bff7-1c61-4e03-af58-0911c8b707f6: GrpcService started, listening on 0.0.0.0/0.0.0.0:42165
2019-10-04 23:11:37,543 [Datanode State Machine Thread - 0] INFO  ratis.XceiverServerRatis (XceiverServerRatis.java:start(427)) - XceiverServerRatis 9032bff7-1c61-4e03-af58-0911c8b707f6 is started using port 42165
2019-10-04 23:11:37,543 [Datanode State Machine Thread - 0] INFO  server.XceiverServerGrpc (XceiverServerGrpc.java:start(149)) - XceiverServerGrpc 9032bff7-1c61-4e03-af58-0911c8b707f6 is started using port 40563
2019-10-04 23:11:37,613 [Datanode State Machine Thread - 0] INFO  ozoneimpl.OzoneContainer (OzoneContainer.java:start(217)) - Attempting to start container services.
2019-10-04 23:11:37,614 [Datanode State Machine Thread - 0] INFO  ozoneimpl.OzoneContainer (OzoneContainer.java:startContainerScrub(179)) - Background container scanner has been disabled.
2019-10-04 23:11:37,614 [Datanode State Machine Thread - 0] INFO  ratis.XceiverServerRatis (XceiverServerRatis.java:start(417)) - Starting XceiverServerRatis 1b2603e6-64f0-4484-91e6-27332871a4d6 at port 0
2019-10-04 23:11:37,622 [Datanode State Machine Thread - 0] INFO  impl.RaftServerProxy (RaftServerProxy.java:lambda$start$3(299)) - 1b2603e6-64f0-4484-91e6-27332871a4d6: start RPC server
2019-10-04 23:11:37,623 [Datanode State Machine Thread - 0] INFO  server.GrpcService (GrpcService.java:startImpl(158)) - 1b2603e6-64f0-4484-91e6-27332871a4d6: GrpcService started, listening on 0.0.0.0/0.0.0.0:33427
2019-10-04 23:11:37,623 [Datanode State Machine Thread - 0] INFO  ratis.XceiverServerRatis (XceiverServerRatis.java:start(427)) - XceiverServerRatis 1b2603e6-64f0-4484-91e6-27332871a4d6 is started using port 33427
2019-10-04 23:11:37,623 [Datanode State Machine Thread - 0] INFO  server.XceiverServerGrpc (XceiverServerGrpc.java:start(149)) - XceiverServerGrpc 1b2603e6-64f0-4484-91e6-27332871a4d6 is started using port 45969
2019-10-04 23:11:37,682 [Datanode State Machine Thread - 0] INFO  ozoneimpl.OzoneContainer (OzoneContainer.java:start(217)) - Attempting to start container services.
2019-10-04 23:11:37,683 [Datanode State Machine Thread - 0] INFO  ozoneimpl.OzoneContainer (OzoneContainer.java:startContainerScrub(179)) - Background container scanner has been disabled.
2019-10-04 23:11:37,683 [Datanode State Machine Thread - 0] INFO  ratis.XceiverServerRatis (XceiverServerRatis.java:start(417)) - Starting XceiverServerRatis 1dd6cb2a-84fa-477a-92a0-f2b2491b6aae at port 0
2019-10-04 23:11:37,691 [Datanode State Machine Thread - 0] INFO  impl.RaftServerProxy (RaftServerProxy.java:lambda$start$3(299)) - 1dd6cb2a-84fa-477a-92a0-f2b2491b6aae: start RPC server
2019-10-04 23:11:37,692 [Datanode State Machine Thread - 0] INFO  server.GrpcService (GrpcService.java:startImpl(158)) - 1dd6cb2a-84fa-477a-92a0-f2b2491b6aae: GrpcService started, listening on 0.0.0.0/0.0.0.0:44588
2019-10-04 23:11:37,692 [Datanode State Machine Thread - 0] INFO  ratis.XceiverServerRatis (XceiverServerRatis.java:start(427)) - XceiverServerRatis 1dd6cb2a-84fa-477a-92a0-f2b2491b6aae is started using port 44588
2019-10-04 23:11:37,695 [Datanode State Machine Thread - 0] INFO  server.XceiverServerGrpc (XceiverServerGrpc.java:start(149)) - XceiverServerGrpc 1dd6cb2a-84fa-477a-92a0-f2b2491b6aae is started using port 40787
2019-10-04 23:11:37,762 [Datanode State Machine Thread - 0] INFO  ozoneimpl.OzoneContainer (OzoneContainer.java:start(217)) - Attempting to start container services.
2019-10-04 23:11:37,762 [Datanode State Machine Thread - 0] INFO  ozoneimpl.OzoneContainer (OzoneContainer.java:startContainerScrub(179)) - Background container scanner has been disabled.
2019-10-04 23:11:37,762 [Datanode State Machine Thread - 0] INFO  ratis.XceiverServerRatis (XceiverServerRatis.java:start(417)) - Starting XceiverServerRatis c3951d33-9312-4fb9-bcd5-f47b087663b5 at port 0
2019-10-04 23:11:37,770 [Datanode State Machine Thread - 0] INFO  impl.RaftServerProxy (RaftServerProxy.java:lambda$start$3(299)) - c3951d33-9312-4fb9-bcd5-f47b087663b5: start RPC server
2019-10-04 23:11:37,771 [Datanode State Machine Thread - 0] INFO  server.GrpcService (GrpcService.java:startImpl(158)) - c3951d33-9312-4fb9-bcd5-f47b087663b5: GrpcService started, listening on 0.0.0.0/0.0.0.0:35111
2019-10-04 23:11:37,771 [Datanode State Machine Thread - 0] INFO  ratis.XceiverServerRatis (XceiverServerRatis.java:start(427)) - XceiverServerRatis c3951d33-9312-4fb9-bcd5-f47b087663b5 is started using port 35111
2019-10-04 23:11:37,772 [Datanode State Machine Thread - 0] INFO  server.XceiverServerGrpc (XceiverServerGrpc.java:start(149)) - XceiverServerGrpc c3951d33-9312-4fb9-bcd5-f47b087663b5 is started using port 39963
2019-10-04 23:11:37,810 [main] INFO  ozone.MiniOzoneClusterImpl (MiniOzoneClusterImpl.java:lambda$waitForClusterToBeReady$0(147)) - Waiting for cluster to be ready. Got 0 of 7 DN Heartbeats.
2019-10-04 23:11:37,830 [Datanode State Machine Thread - 0] INFO  ozoneimpl.OzoneContainer (OzoneContainer.java:start(217)) - Attempting to start container services.
2019-10-04 23:11:37,831 [Datanode State Machine Thread - 0] INFO  ozoneimpl.OzoneContainer (OzoneContainer.java:startContainerScrub(179)) - Background container scanner has been disabled.
2019-10-04 23:11:37,831 [Datanode State Machine Thread - 0] INFO  ratis.XceiverServerRatis (XceiverServerRatis.java:start(417)) - Starting XceiverServerRatis 9d629f3d-b5ad-45a9-8f27-83b1ced3d684 at port 0
2019-10-04 23:11:37,839 [Datanode State Machine Thread - 0] INFO  impl.RaftServerProxy (RaftServerProxy.java:lambda$start$3(299)) - 9d629f3d-b5ad-45a9-8f27-83b1ced3d684: start RPC server
2019-10-04 23:11:37,841 [Datanode State Machine Thread - 0] INFO  server.GrpcService (GrpcService.java:startImpl(158)) - 9d629f3d-b5ad-45a9-8f27-83b1ced3d684: GrpcService started, listening on 0.0.0.0/0.0.0.0:36201
2019-10-04 23:11:37,842 [Datanode State Machine Thread - 0] INFO  ratis.XceiverServerRatis (XceiverServerRatis.java:start(427)) - XceiverServerRatis 9d629f3d-b5ad-45a9-8f27-83b1ced3d684 is started using port 36201
2019-10-04 23:11:37,842 [Datanode State Machine Thread - 0] INFO  server.XceiverServerGrpc (XceiverServerGrpc.java:start(149)) - XceiverServerGrpc 9d629f3d-b5ad-45a9-8f27-83b1ced3d684 is started using port 33448
2019-10-04 23:11:38,811 [main] INFO  ozone.MiniOzoneClusterImpl (MiniOzoneClusterImpl.java:lambda$waitForClusterToBeReady$0(147)) - Waiting for cluster to be ready. Got 0 of 7 DN Heartbeats.
2019-10-04 23:11:39,344 [IPC Server handler 2 on 40939] INFO  net.NetworkTopology (NetworkTopologyImpl.java:add(111)) - Added a new node: /default-rack/22c15439-5b84-422d-ac6d-6dee49060bde
2019-10-04 23:11:39,347 [IPC Server handler 2 on 40939] INFO  node.SCMNodeManager (SCMNodeManager.java:register(268)) - Registered Data node : 22c15439-5b84-422d-ac6d-6dee49060bde{ip: 192.168.164.255, host: pr-hdds-2181-c9q8w-3494937983, networkLocation: /default-rack, certSerialId: null}
2019-10-04 23:11:39,349 [EventQueue-NodeRegistrationContainerReportForDataNodeSafeModeRule] INFO  safemode.SCMSafeModeManager (DataNodeSafeModeRule.java:process(71)) - SCM in safe mode. 1 DataNodes registered, 1 required.
2019-10-04 23:11:39,351 [EventQueue-NodeRegistrationContainerReportForDataNodeSafeModeRule] INFO  safemode.SCMSafeModeManager (SCMSafeModeManager.java:validateSafeModeExitRules(177)) - ScmSafeModeManager, all rules are successfully validated
2019-10-04 23:11:39,351 [EventQueue-NodeRegistrationContainerReportForDataNodeSafeModeRule] INFO  safemode.SCMSafeModeManager (SCMSafeModeManager.java:exitSafeMode(193)) - SCM exiting safe mode.
2019-10-04 23:11:39,366 [grpc-default-executor-1] INFO  impl.RaftServerProxy (RaftServerProxy.java:addNew(89)) - 22c15439-5b84-422d-ac6d-6dee49060bde: addNew group-0BE0014D7856:[22c15439-5b84-422d-ac6d-6dee49060bde:192.168.164.255:44372] returns group-0BE0014D7856:java.util.concurrent.CompletableFuture@376d6dd[Not completed]
2019-10-04 23:11:39,370 [pool-383-thread-1] INFO  impl.RaftServerImpl (RaftServerImpl.java:<init>(95)) - 22c15439-5b84-422d-ac6d-6dee49060bde: new RaftServerImpl for group-0BE0014D7856:[22c15439-5b84-422d-ac6d-6dee49060bde:192.168.164.255:44372] with ContainerStateMachine:uninitialized
2019-10-04 23:11:39,370 [pool-383-thread-1] INFO  server.RaftServerConfigKeys (ConfUtils.java:logGet(43)) - raft.server.rpc.timeout.min = 5s (custom)
2019-10-04 23:11:39,370 [pool-383-thread-1] INFO  server.RaftServerConfigKeys (ConfUtils.java:logGet(43)) - raft.server.rpc.timeout.max = 5200ms (custom)
2019-10-04 23:11:39,370 [pool-383-thread-1] INFO  server.RaftServerConfigKeys (ConfUtils.java:logGet(43)) - raft.server.rpcslowness.timeout = 120s (custom)
2019-10-04 23:11:39,370 [pool-383-thread-1] INFO  server.RaftServerConfigKeys (ConfUtils.java:logGet(43)) - raft.server.sleep.deviation.threshold = 300 (default)
2019-10-04 23:11:39,370 [pool-383-thread-1] INFO  server.RaftServerConfigKeys (ConfUtils.java:logGet(43)) - raft.server.log.appender.install.snapshot.enabled = false (custom)
2019-10-04 23:11:39,371 [pool-383-thread-1] INFO  impl.RaftServerImpl (ServerState.java:<init>(103)) - 22c15439-5b84-422d-ac6d-6dee49060bde@group-0BE0014D7856: ConfigurationManager, init=-1: [22c15439-5b84-422d-ac6d-6dee49060bde:192.168.164.255:44372], old=null, confs=<EMPTY_MAP>
2019-10-04 23:11:39,371 [pool-383-thread-1] INFO  server.RaftServerConfigKeys (ConfUtils.java:logGet(43)) - raft.server.storage.dir = [/workdir/hadoop-ozone/integration-test/target/test-dir/MiniOzoneClusterImpl-edf73136-247f-4d67-9c2b-ffcb6668a5a7/datanode-0/data/ratis] (custom)
2019-10-04 23:11:39,371 [pool-383-thread-1] INFO  server.RaftServerConfigKeys (ConfUtils.java:logGet(43)) - raft.server.log.corruption.policy = EXCEPTION (default)
2019-10-04 23:11:39,372 [pool-383-thread-1] INFO  storage.RaftStorageDirectory (RaftStorageDirectory.java:analyzeStorage(246)) - The storage directory /workdir/hadoop-ozone/integration-test/target/test-dir/MiniOzoneClusterImpl-edf73136-247f-4d67-9c2b-ffcb6668a5a7/datanode-0/data/ratis/451314be-28ae-4273-9c70-0be0014d7856 does not exist. Creating ...
2019-10-04 23:11:39,385 [pool-383-thread-1] INFO  storage.RaftStorageDirectory (RaftStorageDirectory.java:tryLock(328)) - Lock on /workdir/hadoop-ozone/integration-test/target/test-dir/MiniOzoneClusterImpl-edf73136-247f-4d67-9c2b-ffcb6668a5a7/datanode-0/data/ratis/451314be-28ae-4273-9c70-0be0014d7856/in_use.lock acquired by nodename 15461@pr-hdds-2181-c9q8w-3494937983
2019-10-04 23:11:39,399 [pool-383-thread-1] INFO  storage.RaftStorage (RaftStorage.java:format(84)) - Storage directory /workdir/hadoop-ozone/integration-test/target/test-dir/MiniOzoneClusterImpl-edf73136-247f-4d67-9c2b-ffcb6668a5a7/datanode-0/data/ratis/451314be-28ae-4273-9c70-0be0014d7856 has been successfully formatted.
2019-10-04 23:11:39,400 [pool-383-thread-1] INFO  ratis.ContainerStateMachine (ContainerStateMachine.java:loadSnapshot(230)) - group-0BE0014D7856: The snapshot info is null. Setting the last applied indexto:(t:0, i:~)
2019-10-04 23:11:39,401 [pool-383-thread-1] INFO  server.RaftServerConfigKeys (ConfUtils.java:logGet(43)) - raft.server.notification.no-leader.timeout = 120s (custom)
2019-10-04 23:11:39,401 [pool-383-thread-1] INFO  server.RaftServerConfigKeys (ConfUtils.java:logGet(43)) - raft.server.log.use.memory = false (default)
2019-10-04 23:11:39,401 [pool-383-thread-1] INFO  server.RaftServerConfigKeys (ConfUtils.java:logGet(43)) - raft.server.log.purge.gap = 1000000 (custom)
2019-10-04 23:11:39,401 [pool-383-thread-1] INFO  server.RaftServerConfigKeys (ConfUtils.java:logGet(43)) - raft.server.log.appender.buffer.byte-limit = 33554432 (custom)
2019-10-04 23:11:39,401 [pool-383-thread-1] INFO  server.RaftServerConfigKeys (ConfUtils.java:logGet(43)) - raft.server.log.segment.size.max = 1048576 (custom)
2019-10-04 23:11:39,404 [pool-383-thread-1] INFO  server.RaftServerConfigKeys (ConfUtils.java:logGet(43)) - raft.server.log.segment.cache.num.max = 2 (custom)
2019-10-04 23:11:39,404 [pool-383-thread-1] INFO  segmented.SegmentedRaftLogWorker (SegmentedRaftLogWorker.java:<init>(173)) - new 22c15439-5b84-422d-ac6d-6dee49060bde@group-0BE0014D7856-SegmentedRaftLogWorker for RaftStorage:Storage Directory /workdir/hadoop-ozone/integration-test/target/test-dir/MiniOzoneClusterImpl-edf73136-247f-4d67-9c2b-ffcb6668a5a7/datanode-0/data/ratis/451314be-28ae-4273-9c70-0be0014d7856
2019-10-04 23:11:39,404 [pool-383-thread-1] INFO  server.RaftServerConfigKeys (ConfUtils.java:logGet(43)) - raft.server.log.queue.byte-limit = 2147483647 (custom)
2019-10-04 23:11:39,404 [pool-383-thread-1] INFO  server.RaftServerConfigKeys (ConfUtils.java:logGet(43)) - raft.server.log.queue.element-limit = 1024 (custom)
2019-10-04 23:11:39,404 [pool-383-thread-1] INFO  server.RaftServerConfigKeys (ConfUtils.java:logGet(43)) - raft.server.log.segment.size.max = 1048576 (custom)
2019-10-04 23:11:39,404 [pool-383-thread-1] INFO  server.RaftServerConfigKeys (ConfUtils.java:logGet(43)) - raft.server.log.preallocated.size = 16384 (custom)
2019-10-04 23:11:39,405 [pool-383-thread-1] INFO  server.RaftServerConfigKeys (ConfUtils.java:logGet(43)) - raft.server.log.write.buffer.size = 33554432 (custom)
2019-10-04 23:11:39,405 [pool-383-thread-1] INFO  server.RaftServerConfigKeys (ConfUtils.java:logGet(43)) - raft.server.log.force.sync.num = 128 (default)
2019-10-04 23:11:39,405 [pool-383-thread-1] INFO  server.RaftServerConfigKeys (ConfUtils.java:logGet(43)) - raft.server.log.statemachine.data.sync = true (default)
2019-10-04 23:11:39,405 [pool-383-thread-1] INFO  server.RaftServerConfigKeys (ConfUtils.java:logGet(43)) - raft.server.log.statemachine.data.sync.timeout = 10s (default)
2019-10-04 23:11:39,405 [pool-383-thread-1] INFO  server.RaftServerConfigKeys (ConfUtils.java:logGet(43)) - raft.server.log.statemachine.data.sync.timeout.retry = -1 (default)
2019-10-04 23:11:39,406 [pool-383-thread-1] INFO  server.RaftServerConfigKeys (ConfUtils.java:logGet(43)) - raft.server.log.statemachine.data.caching.enabled = true (custom)
2019-10-04 23:11:39,406 [pool-383-thread-1] INFO  segmented.SegmentedRaftLogWorker (SegmentedRaftLogWorker.java:lambda$new$0(128)) - 22c15439-5b84-422d-ac6d-6dee49060bde@group-0BE0014D7856-SegmentedRaftLogWorker: flushIndex: setUnconditionally 0 -> -1
2019-10-04 23:11:39,406 [pool-383-thread-1] INFO  server.RaftServerConfigKeys (ConfUtils.java:logGet(43)) - raft.server.snapshot.auto.trigger.enabled = true (custom)
2019-10-04 23:11:39,406 [pool-383-thread-1] INFO  server.RaftServerConfigKeys (ConfUtils.java:logGet(43)) - raft.server.snapshot.auto.trigger.threshold = 10000 (custom)
2019-10-04 23:11:39,407 [pool-383-thread-1] INFO  server.RaftServerConfigKeys (ConfUtils.java:logGet(43)) - raft.server.snapshot.retention.file.num = 5 (custom)
2019-10-04 23:11:39,407 [pool-383-thread-1] INFO  server.RaftServerConfigKeys (ConfUtils.java:logGet(43)) - raft.server.retrycache.expirytime = 600000ms (custom)
2019-10-04 23:11:39,409 [pool-383-thread-1] INFO  impl.RaftServerImpl (RaftServerImpl.java:start(181)) - 22c15439-5b84-422d-ac6d-6dee49060bde@group-0BE0014D7856: start as a follower, conf=-1: [22c15439-5b84-422d-ac6d-6dee49060bde:192.168.164.255:44372], old=null
2019-10-04 23:11:39,409 [pool-383-thread-1] INFO  impl.RaftServerImpl (RaftServerImpl.java:setRole(170)) - 22c15439-5b84-422d-ac6d-6dee49060bde@group-0BE0014D7856: changes role from      null to FOLLOWER at term 0 for startAsFollower
2019-10-04 23:11:39,409 [pool-383-thread-1] INFO  impl.RoleInfo (RoleInfo.java:updateAndGet(143)) - 22c15439-5b84-422d-ac6d-6dee49060bde: start FollowerState
2019-10-04 23:11:39,410 [pool-383-thread-1] INFO  util.JmxRegister (JmxRegister.java:tryRegister(44)) - Successfully registered JMX Bean with object name Ratis:service=RaftServer,group=group-0BE0014D7856,id=22c15439-5b84-422d-ac6d-6dee49060bde
2019-10-04 23:11:39,416 [RatisPipelineUtilsThread] INFO  pipeline.PipelineStateManager (PipelineStateManager.java:addPipeline(56)) - Created pipeline Pipeline[ Id: 451314be-28ae-4273-9c70-0be0014d7856, Nodes: 22c15439-5b84-422d-ac6d-6dee49060bde{ip: 192.168.164.255, host: pr-hdds-2181-c9q8w-3494937983, networkLocation: /default-rack, certSerialId: null}, Type:RATIS, Factor:ONE, State:OPEN]
2019-10-04 23:11:39,430 [IPC Server handler 4 on 40939] INFO  net.NetworkTopology (NetworkTopologyImpl.java:add(111)) - Added a new node: /default-rack/b5bf0f2c-0fd5-4055-b49a-9c22970d3d27
2019-10-04 23:11:39,430 [IPC Server handler 4 on 40939] INFO  node.SCMNodeManager (SCMNodeManager.java:register(268)) - Registered Data node : b5bf0f2c-0fd5-4055-b49a-9c22970d3d27{ip: 192.168.164.255, host: pr-hdds-2181-c9q8w-3494937983, networkLocation: /default-rack, certSerialId: null}
2019-10-04 23:11:39,436 [grpc-default-executor-1] INFO  impl.RaftServerProxy (RaftServerProxy.java:addNew(89)) - b5bf0f2c-0fd5-4055-b49a-9c22970d3d27: addNew group-5014B77BEBA4:[b5bf0f2c-0fd5-4055-b49a-9c22970d3d27:192.168.164.255:41357] returns group-5014B77BEBA4:java.util.concurrent.CompletableFuture@207826ec[Not completed]
2019-10-04 23:11:39,437 [pool-393-thread-1] INFO  impl.RaftServerImpl (RaftServerImpl.java:<init>(95)) - b5bf0f2c-0fd5-4055-b49a-9c22970d3d27: new RaftServerImpl for group-5014B77BEBA4:[b5bf0f2c-0fd5-4055-b49a-9c22970d3d27:192.168.164.255:41357] with ContainerStateMachine:uninitialized
2019-10-04 23:11:39,437 [pool-393-thread-1] INFO  server.RaftServerConfigKeys (ConfUtils.java:logGet(43)) - raft.server.rpc.timeout.min = 5s (custom)
2019-10-04 23:11:39,437 [pool-393-thread-1] INFO  server.RaftServerConfigKeys (ConfUtils.java:logGet(43)) - raft.server.rpc.timeout.max = 5200ms (custom)
2019-10-04 23:11:39,437 [pool-393-thread-1] INFO  server.RaftServerConfigKeys (ConfUtils.java:logGet(43)) - raft.server.rpcslowness.timeout = 120s (custom)
2019-10-04 23:11:39,438 [pool-393-thread-1] INFO  server.RaftServerConfigKeys (ConfUtils.java:logGet(43)) - raft.server.sleep.deviation.threshold = 300 (default)
2019-10-04 23:11:39,438 [pool-393-thread-1] INFO  server.RaftServerConfigKeys (ConfUtils.java:logGet(43)) - raft.server.log.appender.install.snapshot.enabled = false (custom)
2019-10-04 23:11:39,438 [pool-393-thread-1] INFO  impl.RaftServerImpl (ServerState.java:<init>(103)) - b5bf0f2c-0fd5-4055-b49a-9c22970d3d27@group-5014B77BEBA4: ConfigurationManager, init=-1: [b5bf0f2c-0fd5-4055-b49a-9c22970d3d27:192.168.164.255:41357], old=null, confs=<EMPTY_MAP>
2019-10-04 23:11:39,438 [pool-393-thread-1] INFO  server.RaftServerConfigKeys (ConfUtils.java:logGet(43)) - raft.server.storage.dir = [/workdir/hadoop-ozone/integration-test/target/test-dir/MiniOzoneClusterImpl-edf73136-247f-4d67-9c2b-ffcb6668a5a7/datanode-1/data/ratis] (custom)
2019-10-04 23:11:39,438 [pool-393-thread-1] INFO  server.RaftServerConfigKeys (ConfUtils.java:logGet(43)) - raft.server.log.corruption.policy = EXCEPTION (default)
2019-10-04 23:11:39,438 [pool-393-thread-1] INFO  storage.RaftStorageDirectory (RaftStorageDirectory.java:analyzeStorage(246)) - The storage directory /workdir/hadoop-ozone/integration-test/target/test-dir/MiniOzoneClusterImpl-edf73136-247f-4d67-9c2b-ffcb6668a5a7/datanode-1/data/ratis/9044ee6c-4cbc-4817-b6c2-5014b77beba4 does not exist. Creating ...
2019-10-04 23:11:39,451 [pool-393-thread-1] INFO  storage.RaftStorageDirectory (RaftStorageDirectory.java:tryLock(328)) - Lock on /workdir/hadoop-ozone/integration-test/target/test-dir/MiniOzoneClusterImpl-edf73136-247f-4d67-9c2b-ffcb6668a5a7/datanode-1/data/ratis/9044ee6c-4cbc-4817-b6c2-5014b77beba4/in_use.lock acquired by nodename 15461@pr-hdds-2181-c9q8w-3494937983
2019-10-04 23:11:39,465 [pool-393-thread-1] INFO  storage.RaftStorage (RaftStorage.java:format(84)) - Storage directory /workdir/hadoop-ozone/integration-test/target/test-dir/MiniOzoneClusterImpl-edf73136-247f-4d67-9c2b-ffcb6668a5a7/datanode-1/data/ratis/9044ee6c-4cbc-4817-b6c2-5014b77beba4 has been successfully formatted.
2019-10-04 23:11:39,465 [pool-393-thread-1] INFO  ratis.ContainerStateMachine (ContainerStateMachine.java:loadSnapshot(230)) - group-5014B77BEBA4: The snapshot info is null. Setting the last applied indexto:(t:0, i:~)
2019-10-04 23:11:39,465 [pool-393-thread-1] INFO  server.RaftServerConfigKeys (ConfUtils.java:logGet(43)) - raft.server.notification.no-leader.timeout = 120s (custom)
2019-10-04 23:11:39,465 [pool-393-thread-1] INFO  server.RaftServerConfigKeys (ConfUtils.java:logGet(43)) - raft.server.log.use.memory = false (default)
2019-10-04 23:11:39,465 [pool-393-thread-1] INFO  server.RaftServerConfigKeys (ConfUtils.java:logGet(43)) - raft.server.log.purge.gap = 1000000 (custom)
2019-10-04 23:11:39,465 [pool-393-thread-1] INFO  server.RaftServerConfigKeys (ConfUtils.java:logGet(43)) - raft.server.log.appender.buffer.byte-limit = 33554432 (custom)
2019-10-04 23:11:39,465 [pool-393-thread-1] INFO  server.RaftServerConfigKeys (ConfUtils.java:logGet(43)) - raft.server.log.segment.size.max = 1048576 (custom)
2019-10-04 23:11:39,467 [pool-393-thread-1] INFO  server.RaftServerConfigKeys (ConfUtils.java:logGet(43)) - raft.server.log.segment.cache.num.max = 2 (custom)
2019-10-04 23:11:39,467 [pool-393-thread-1] INFO  segmented.SegmentedRaftLogWorker (SegmentedRaftLogWorker.java:<init>(173)) - new b5bf0f2c-0fd5-4055-b49a-9c22970d3d27@group-5014B77BEBA4-SegmentedRaftLogWorker for RaftStorage:Storage Directory /workdir/hadoop-ozone/integration-test/target/test-dir/MiniOzoneClusterImpl-edf73136-247f-4d67-9c2b-ffcb6668a5a7/datanode-1/data/ratis/9044ee6c-4cbc-4817-b6c2-5014b77beba4
2019-10-04 23:11:39,467 [pool-393-thread-1] INFO  server.RaftServerConfigKeys (ConfUtils.java:logGet(43)) - raft.server.log.queue.byte-limit = 2147483647 (custom)
2019-10-04 23:11:39,467 [pool-393-thread-1] INFO  server.RaftServerConfigKeys (ConfUtils.java:logGet(43)) - raft.server.log.queue.element-limit = 1024 (custom)
2019-10-04 23:11:39,468 [pool-393-thread-1] INFO  server.RaftServerConfigKeys (ConfUtils.java:logGet(43)) - raft.server.log.segment.size.max = 1048576 (custom)
2019-10-04 23:11:39,468 [pool-393-thread-1] INFO  server.RaftServerConfigKeys (ConfUtils.java:logGet(43)) - raft.server.log.preallocated.size = 16384 (custom)
2019-10-04 23:11:39,468 [pool-393-thread-1] INFO  server.RaftServerConfigKeys (ConfUtils.java:logGet(43)) - raft.server.log.write.buffer.size = 33554432 (custom)
2019-10-04 23:11:39,468 [pool-393-thread-1] INFO  server.RaftServerConfigKeys (ConfUtils.java:logGet(43)) - raft.server.log.force.sync.num = 128 (default)
2019-10-04 23:11:39,468 [pool-393-thread-1] INFO  server.RaftServerConfigKeys (ConfUtils.java:logGet(43)) - raft.server.log.statemachine.data.sync = true (default)
2019-10-04 23:11:39,468 [pool-393-thread-1] INFO  server.RaftServerConfigKeys (ConfUtils.java:logGet(43)) - raft.server.log.statemachine.data.sync.timeout = 10s (default)
2019-10-04 23:11:39,468 [pool-393-thread-1] INFO  server.RaftServerConfigKeys (ConfUtils.java:logGet(43)) - raft.server.log.statemachine.data.sync.timeout.retry = -1 (default)
2019-10-04 23:11:39,468 [pool-393-thread-1] INFO  server.RaftServerConfigKeys (ConfUtils.java:logGet(43)) - raft.server.log.statemachine.data.caching.enabled = true (custom)
2019-10-04 23:11:39,469 [pool-393-thread-1] INFO  segmented.SegmentedRaftLogWorker (SegmentedRaftLogWorker.java:lambda$new$0(128)) - b5bf0f2c-0fd5-4055-b49a-9c22970d3d27@group-5014B77BEBA4-SegmentedRaftLogWorker: flushIndex: setUnconditionally 0 -> -1
2019-10-04 23:11:39,469 [pool-393-thread-1] INFO  server.RaftServerConfigKeys (ConfUtils.java:logGet(43)) - raft.server.snapshot.auto.trigger.enabled = true (custom)
2019-10-04 23:11:39,469 [pool-393-thread-1] INFO  server.RaftServerConfigKeys (ConfUtils.java:logGet(43)) - raft.server.snapshot.auto.trigger.threshold = 10000 (custom)
2019-10-04 23:11:39,469 [pool-393-thread-1] INFO  server.RaftServerConfigKeys (ConfUtils.java:logGet(43)) - raft.server.snapshot.retention.file.num = 5 (custom)
2019-10-04 23:11:39,469 [pool-393-thread-1] INFO  server.RaftServerConfigKeys (ConfUtils.java:logGet(43)) - raft.server.retrycache.expirytime = 600000ms (custom)
2019-10-04 23:11:39,471 [pool-393-thread-1] INFO  impl.RaftServerImpl (RaftServerImpl.java:start(181)) - b5bf0f2c-0fd5-4055-b49a-9c22970d3d27@group-5014B77BEBA4: start as a follower, conf=-1: [b5bf0f2c-0fd5-4055-b49a-9c22970d3d27:192.168.164.255:41357], old=null
2019-10-04 23:11:39,471 [pool-393-thread-1] INFO  impl.RaftServerImpl (RaftServerImpl.java:setRole(170)) - b5bf0f2c-0fd5-4055-b49a-9c22970d3d27@group-5014B77BEBA4: changes role from      null to FOLLOWER at term 0 for startAsFollower
2019-10-04 23:11:39,471 [pool-393-thread-1] INFO  impl.RoleInfo (RoleInfo.java:updateAndGet(143)) - b5bf0f2c-0fd5-4055-b49a-9c22970d3d27: start FollowerState
2019-10-04 23:11:39,471 [pool-393-thread-1] INFO  util.JmxRegister (JmxRegister.java:tryRegister(44)) - Successfully registered JMX Bean with object name Ratis:service=RaftServer,group=group-5014B77BEBA4,id=b5bf0f2c-0fd5-4055-b49a-9c22970d3d27
2019-10-04 23:11:39,475 [RatisPipelineUtilsThread] INFO  pipeline.PipelineStateManager (PipelineStateManager.java:addPipeline(56)) - Created pipeline Pipeline[ Id: 9044ee6c-4cbc-4817-b6c2-5014b77beba4, Nodes: b5bf0f2c-0fd5-4055-b49a-9c22970d3d27{ip: 192.168.164.255, host: pr-hdds-2181-c9q8w-3494937983, networkLocation: /default-rack, certSerialId: null}, Type:RATIS, Factor:ONE, State:OPEN]
2019-10-04 23:11:39,523 [IPC Server handler 5 on 40939] INFO  net.NetworkTopology (NetworkTopologyImpl.java:add(111)) - Added a new node: /default-rack/9032bff7-1c61-4e03-af58-0911c8b707f6
2019-10-04 23:11:39,523 [IPC Server handler 5 on 40939] INFO  node.SCMNodeManager (SCMNodeManager.java:register(268)) - Registered Data node : 9032bff7-1c61-4e03-af58-0911c8b707f6{ip: 192.168.164.255, host: pr-hdds-2181-c9q8w-3494937983, networkLocation: /default-rack, certSerialId: null}
2019-10-04 23:11:39,529 [grpc-default-executor-1] INFO  impl.RaftServerProxy (RaftServerProxy.java:addNew(89)) - 9032bff7-1c61-4e03-af58-0911c8b707f6: addNew group-1E4C11D0ECE7:[9032bff7-1c61-4e03-af58-0911c8b707f6:192.168.164.255:42165] returns group-1E4C11D0ECE7:java.util.concurrent.CompletableFuture@3c1c348[Not completed]
2019-10-04 23:11:39,530 [pool-403-thread-1] INFO  impl.RaftServerImpl (RaftServerImpl.java:<init>(95)) - 9032bff7-1c61-4e03-af58-0911c8b707f6: new RaftServerImpl for group-1E4C11D0ECE7:[9032bff7-1c61-4e03-af58-0911c8b707f6:192.168.164.255:42165] with ContainerStateMachine:uninitialized
2019-10-04 23:11:39,530 [pool-403-thread-1] INFO  server.RaftServerConfigKeys (ConfUtils.java:logGet(43)) - raft.server.rpc.timeout.min = 5s (custom)
2019-10-04 23:11:39,531 [pool-403-thread-1] INFO  server.RaftServerConfigKeys (ConfUtils.java:logGet(43)) - raft.server.rpc.timeout.max = 5200ms (custom)
2019-10-04 23:11:39,531 [pool-403-thread-1] INFO  server.RaftServerConfigKeys (ConfUtils.java:logGet(43)) - raft.server.rpcslowness.timeout = 120s (custom)
2019-10-04 23:11:39,531 [pool-403-thread-1] INFO  server.RaftServerConfigKeys (ConfUtils.java:logGet(43)) - raft.server.sleep.deviation.threshold = 300 (default)
2019-10-04 23:11:39,531 [pool-403-thread-1] INFO  server.RaftServerConfigKeys (ConfUtils.java:logGet(43)) - raft.server.log.appender.install.snapshot.enabled = false (custom)
2019-10-04 23:11:39,531 [pool-403-thread-1] INFO  impl.RaftServerImpl (ServerState.java:<init>(103)) - 9032bff7-1c61-4e03-af58-0911c8b707f6@group-1E4C11D0ECE7: ConfigurationManager, init=-1: [9032bff7-1c61-4e03-af58-0911c8b707f6:192.168.164.255:42165], old=null, confs=<EMPTY_MAP>
2019-10-04 23:11:39,531 [pool-403-thread-1] INFO  server.RaftServerConfigKeys (ConfUtils.java:logGet(43)) - raft.server.storage.dir = [/workdir/hadoop-ozone/integration-test/target/test-dir/MiniOzoneClusterImpl-edf73136-247f-4d67-9c2b-ffcb6668a5a7/datanode-2/data/ratis] (custom)
2019-10-04 23:11:39,532 [pool-403-thread-1] INFO  server.RaftServerConfigKeys (ConfUtils.java:logGet(43)) - raft.server.log.corruption.policy = EXCEPTION (default)
2019-10-04 23:11:39,532 [pool-403-thread-1] INFO  storage.RaftStorageDirectory (RaftStorageDirectory.java:analyzeStorage(246)) - The storage directory /workdir/hadoop-ozone/integration-test/target/test-dir/MiniOzoneClusterImpl-edf73136-247f-4d67-9c2b-ffcb6668a5a7/datanode-2/data/ratis/3300f3cb-0a6a-4cf2-939f-1e4c11d0ece7 does not exist. Creating ...
2019-10-04 23:11:39,545 [pool-403-thread-1] INFO  storage.RaftStorageDirectory (RaftStorageDirectory.java:tryLock(328)) - Lock on /workdir/hadoop-ozone/integration-test/target/test-dir/MiniOzoneClusterImpl-edf73136-247f-4d67-9c2b-ffcb6668a5a7/datanode-2/data/ratis/3300f3cb-0a6a-4cf2-939f-1e4c11d0ece7/in_use.lock acquired by nodename 15461@pr-hdds-2181-c9q8w-3494937983
2019-10-04 23:11:39,583 [pool-403-thread-1] INFO  storage.RaftStorage (RaftStorage.java:format(84)) - Storage directory /workdir/hadoop-ozone/integration-test/target/test-dir/MiniOzoneClusterImpl-edf73136-247f-4d67-9c2b-ffcb6668a5a7/datanode-2/data/ratis/3300f3cb-0a6a-4cf2-939f-1e4c11d0ece7 has been successfully formatted.
2019-10-04 23:11:39,584 [pool-403-thread-1] INFO  ratis.ContainerStateMachine (ContainerStateMachine.java:loadSnapshot(230)) - group-1E4C11D0ECE7: The snapshot info is null. Setting the last applied indexto:(t:0, i:~)
2019-10-04 23:11:39,584 [pool-403-thread-1] INFO  server.RaftServerConfigKeys (ConfUtils.java:logGet(43)) - raft.server.notification.no-leader.timeout = 120s (custom)
2019-10-04 23:11:39,584 [pool-403-thread-1] INFO  server.RaftServerConfigKeys (ConfUtils.java:logGet(43)) - raft.server.log.use.memory = false (default)
2019-10-04 23:11:39,584 [pool-403-thread-1] INFO  server.RaftServerConfigKeys (ConfUtils.java:logGet(43)) - raft.server.log.purge.gap = 1000000 (custom)
2019-10-04 23:11:39,585 [pool-403-thread-1] INFO  server.RaftServerConfigKeys (ConfUtils.java:logGet(43)) - raft.server.log.appender.buffer.byte-limit = 33554432 (custom)
2019-10-04 23:11:39,585 [pool-403-thread-1] INFO  server.RaftServerConfigKeys (ConfUtils.java:logGet(43)) - raft.server.log.segment.size.max = 1048576 (custom)
2019-10-04 23:11:39,587 [pool-403-thread-1] INFO  server.RaftServerConfigKeys (ConfUtils.java:logGet(43)) - raft.server.log.segment.cache.num.max = 2 (custom)
2019-10-04 23:11:39,587 [pool-403-thread-1] INFO  segmented.SegmentedRaftLogWorker (SegmentedRaftLogWorker.java:<init>(173)) - new 9032bff7-1c61-4e03-af58-0911c8b707f6@group-1E4C11D0ECE7-SegmentedRaftLogWorker for RaftStorage:Storage Directory /workdir/hadoop-ozone/integration-test/target/test-dir/MiniOzoneClusterImpl-edf73136-247f-4d67-9c2b-ffcb6668a5a7/datanode-2/data/ratis/3300f3cb-0a6a-4cf2-939f-1e4c11d0ece7
2019-10-04 23:11:39,588 [pool-403-thread-1] INFO  server.RaftServerConfigKeys (ConfUtils.java:logGet(43)) - raft.server.log.queue.byte-limit = 2147483647 (custom)
2019-10-04 23:11:39,588 [pool-403-thread-1] INFO  server.RaftServerConfigKeys (ConfUtils.java:logGet(43)) - raft.server.log.queue.element-limit = 1024 (custom)
2019-10-04 23:11:39,588 [pool-403-thread-1] INFO  server.RaftServerConfigKeys (ConfUtils.java:logGet(43)) - raft.server.log.segment.size.max = 1048576 (custom)
2019-10-04 23:11:39,588 [pool-403-thread-1] INFO  server.RaftServerConfigKeys (ConfUtils.java:logGet(43)) - raft.server.log.preallocated.size = 16384 (custom)
2019-10-04 23:11:39,588 [pool-403-thread-1] INFO  server.RaftServerConfigKeys (ConfUtils.java:logGet(43)) - raft.server.log.write.buffer.size = 33554432 (custom)
2019-10-04 23:11:39,588 [pool-403-thread-1] INFO  server.RaftServerConfigKeys (ConfUtils.java:logGet(43)) - raft.server.log.force.sync.num = 128 (default)
2019-10-04 23:11:39,589 [pool-403-thread-1] INFO  server.RaftServerConfigKeys (ConfUtils.java:logGet(43)) - raft.server.log.statemachine.data.sync = true (default)
2019-10-04 23:11:39,589 [pool-403-thread-1] INFO  server.RaftServerConfigKeys (ConfUtils.java:logGet(43)) - raft.server.log.statemachine.data.sync.timeout = 10s (default)
2019-10-04 23:11:39,589 [pool-403-thread-1] INFO  server.RaftServerConfigKeys (ConfUtils.java:logGet(43)) - raft.server.log.statemachine.data.sync.timeout.retry = -1 (default)
2019-10-04 23:11:39,589 [pool-403-thread-1] INFO  server.RaftServerConfigKeys (ConfUtils.java:logGet(43)) - raft.server.log.statemachine.data.caching.enabled = true (custom)
2019-10-04 23:11:39,590 [pool-403-thread-1] INFO  segmented.SegmentedRaftLogWorker (SegmentedRaftLogWorker.java:lambda$new$0(128)) - 9032bff7-1c61-4e03-af58-0911c8b707f6@group-1E4C11D0ECE7-SegmentedRaftLogWorker: flushIndex: setUnconditionally 0 -> -1
2019-10-04 23:11:39,590 [pool-403-thread-1] INFO  server.RaftServerConfigKeys (ConfUtils.java:logGet(43)) - raft.server.snapshot.auto.trigger.enabled = true (custom)
2019-10-04 23:11:39,590 [pool-403-thread-1] INFO  server.RaftServerConfigKeys (ConfUtils.java:logGet(43)) - raft.server.snapshot.auto.trigger.threshold = 10000 (custom)
2019-10-04 23:11:39,590 [pool-403-thread-1] INFO  server.RaftServerConfigKeys (ConfUtils.java:logGet(43)) - raft.server.snapshot.retention.file.num = 5 (custom)
2019-10-04 23:11:39,591 [pool-403-thread-1] INFO  server.RaftServerConfigKeys (ConfUtils.java:logGet(43)) - raft.server.retrycache.expirytime = 600000ms (custom)
2019-10-04 23:11:39,593 [pool-403-thread-1] INFO  impl.RaftServerImpl (RaftServerImpl.java:start(181)) - 9032bff7-1c61-4e03-af58-0911c8b707f6@group-1E4C11D0ECE7: start as a follower, conf=-1: [9032bff7-1c61-4e03-af58-0911c8b707f6:192.168.164.255:42165], old=null
2019-10-04 23:11:39,593 [pool-403-thread-1] INFO  impl.RaftServerImpl (RaftServerImpl.java:setRole(170)) - 9032bff7-1c61-4e03-af58-0911c8b707f6@group-1E4C11D0ECE7: changes role from      null to FOLLOWER at term 0 for startAsFollower
2019-10-04 23:11:39,593 [pool-403-thread-1] INFO  impl.RoleInfo (RoleInfo.java:updateAndGet(143)) - 9032bff7-1c61-4e03-af58-0911c8b707f6: start FollowerState
2019-10-04 23:11:39,594 [pool-403-thread-1] INFO  util.JmxRegister (JmxRegister.java:tryRegister(44)) - Successfully registered JMX Bean with object name Ratis:service=RaftServer,group=group-1E4C11D0ECE7,id=9032bff7-1c61-4e03-af58-0911c8b707f6
2019-10-04 23:11:39,599 [RatisPipelineUtilsThread] INFO  pipeline.PipelineStateManager (PipelineStateManager.java:addPipeline(56)) - Created pipeline Pipeline[ Id: 3300f3cb-0a6a-4cf2-939f-1e4c11d0ece7, Nodes: 9032bff7-1c61-4e03-af58-0911c8b707f6{ip: 192.168.164.255, host: pr-hdds-2181-c9q8w-3494937983, networkLocation: /default-rack, certSerialId: null}, Type:RATIS, Factor:ONE, State:OPEN]
2019-10-04 23:11:39,599 [IPC Server handler 19 on 40939] INFO  net.NetworkTopology (NetworkTopologyImpl.java:add(111)) - Added a new node: /default-rack/1b2603e6-64f0-4484-91e6-27332871a4d6
2019-10-04 23:11:39,599 [IPC Server handler 19 on 40939] INFO  node.SCMNodeManager (SCMNodeManager.java:register(268)) - Registered Data node : 1b2603e6-64f0-4484-91e6-27332871a4d6{ip: 192.168.164.255, host: pr-hdds-2181-c9q8w-3494937983, networkLocation: /default-rack, certSerialId: null}
2019-10-04 23:11:39,605 [grpc-default-executor-1] INFO  impl.RaftServerProxy (RaftServerProxy.java:addNew(89)) - 1b2603e6-64f0-4484-91e6-27332871a4d6: addNew group-681DC0DAA9B6:[1b2603e6-64f0-4484-91e6-27332871a4d6:192.168.164.255:33427] returns group-681DC0DAA9B6:java.util.concurrent.CompletableFuture@4b798f2b[Not completed]
2019-10-04 23:11:39,607 [pool-413-thread-1] INFO  impl.RaftServerImpl (RaftServerImpl.java:<init>(95)) - 1b2603e6-64f0-4484-91e6-27332871a4d6: new RaftServerImpl for group-681DC0DAA9B6:[1b2603e6-64f0-4484-91e6-27332871a4d6:192.168.164.255:33427] with ContainerStateMachine:uninitialized
2019-10-04 23:11:39,607 [pool-413-thread-1] INFO  server.RaftServerConfigKeys (ConfUtils.java:logGet(43)) - raft.server.rpc.timeout.min = 5s (custom)
2019-10-04 23:11:39,607 [pool-413-thread-1] INFO  server.RaftServerConfigKeys (ConfUtils.java:logGet(43)) - raft.server.rpc.timeout.max = 5200ms (custom)
2019-10-04 23:11:39,607 [pool-413-thread-1] INFO  server.RaftServerConfigKeys (ConfUtils.java:logGet(43)) - raft.server.rpcslowness.timeout = 120s (custom)
2019-10-04 23:11:39,608 [pool-413-thread-1] INFO  server.RaftServerConfigKeys (ConfUtils.java:logGet(43)) - raft.server.sleep.deviation.threshold = 300 (default)
2019-10-04 23:11:39,608 [pool-413-thread-1] INFO  server.RaftServerConfigKeys (ConfUtils.java:logGet(43)) - raft.server.log.appender.install.snapshot.enabled = false (custom)
2019-10-04 23:11:39,608 [pool-413-thread-1] INFO  impl.RaftServerImpl (ServerState.java:<init>(103)) - 1b2603e6-64f0-4484-91e6-27332871a4d6@group-681DC0DAA9B6: ConfigurationManager, init=-1: [1b2603e6-64f0-4484-91e6-27332871a4d6:192.168.164.255:33427], old=null, confs=<EMPTY_MAP>
2019-10-04 23:11:39,608 [pool-413-thread-1] INFO  server.RaftServerConfigKeys (ConfUtils.java:logGet(43)) - raft.server.storage.dir = [/workdir/hadoop-ozone/integration-test/target/test-dir/MiniOzoneClusterImpl-edf73136-247f-4d67-9c2b-ffcb6668a5a7/datanode-3/data/ratis] (custom)
2019-10-04 23:11:39,608 [pool-413-thread-1] INFO  server.RaftServerConfigKeys (ConfUtils.java:logGet(43)) - raft.server.log.corruption.policy = EXCEPTION (default)
2019-10-04 23:11:39,608 [pool-413-thread-1] INFO  storage.RaftStorageDirectory (RaftStorageDirectory.java:analyzeStorage(246)) - The storage directory /workdir/hadoop-ozone/integration-test/target/test-dir/MiniOzoneClusterImpl-edf73136-247f-4d67-9c2b-ffcb6668a5a7/datanode-3/data/ratis/b83dac38-20be-4e97-8878-681dc0daa9b6 does not exist. Creating ...
2019-10-04 23:11:39,613 [pool-413-thread-1] INFO  storage.RaftStorageDirectory (RaftStorageDirectory.java:tryLock(328)) - Lock on /workdir/hadoop-ozone/integration-test/target/test-dir/MiniOzoneClusterImpl-edf73136-247f-4d67-9c2b-ffcb6668a5a7/datanode-3/data/ratis/b83dac38-20be-4e97-8878-681dc0daa9b6/in_use.lock acquired by nodename 15461@pr-hdds-2181-c9q8w-3494937983
2019-10-04 23:11:39,624 [pool-413-thread-1] INFO  storage.RaftStorage (RaftStorage.java:format(84)) - Storage directory /workdir/hadoop-ozone/integration-test/target/test-dir/MiniOzoneClusterImpl-edf73136-247f-4d67-9c2b-ffcb6668a5a7/datanode-3/data/ratis/b83dac38-20be-4e97-8878-681dc0daa9b6 has been successfully formatted.
2019-10-04 23:11:39,625 [pool-413-thread-1] INFO  ratis.ContainerStateMachine (ContainerStateMachine.java:loadSnapshot(230)) - group-681DC0DAA9B6: The snapshot info is null. Setting the last applied indexto:(t:0, i:~)
2019-10-04 23:11:39,625 [pool-413-thread-1] INFO  server.RaftServerConfigKeys (ConfUtils.java:logGet(43)) - raft.server.notification.no-leader.timeout = 120s (custom)
2019-10-04 23:11:39,625 [pool-413-thread-1] INFO  server.RaftServerConfigKeys (ConfUtils.java:logGet(43)) - raft.server.log.use.memory = false (default)
2019-10-04 23:11:39,625 [pool-413-thread-1] INFO  server.RaftServerConfigKeys (ConfUtils.java:logGet(43)) - raft.server.log.purge.gap = 1000000 (custom)
2019-10-04 23:11:39,625 [pool-413-thread-1] INFO  server.RaftServerConfigKeys (ConfUtils.java:logGet(43)) - raft.server.log.appender.buffer.byte-limit = 33554432 (custom)
2019-10-04 23:11:39,625 [pool-413-thread-1] INFO  server.RaftServerConfigKeys (ConfUtils.java:logGet(43)) - raft.server.log.segment.size.max = 1048576 (custom)
2019-10-04 23:11:39,627 [pool-413-thread-1] INFO  server.RaftServerConfigKeys (ConfUtils.java:logGet(43)) - raft.server.log.segment.cache.num.max = 2 (custom)
2019-10-04 23:11:39,627 [pool-413-thread-1] INFO  segmented.SegmentedRaftLogWorker (SegmentedRaftLogWorker.java:<init>(173)) - new 1b2603e6-64f0-4484-91e6-27332871a4d6@group-681DC0DAA9B6-SegmentedRaftLogWorker for RaftStorage:Storage Directory /workdir/hadoop-ozone/integration-test/target/test-dir/MiniOzoneClusterImpl-edf73136-247f-4d67-9c2b-ffcb6668a5a7/datanode-3/data/ratis/b83dac38-20be-4e97-8878-681dc0daa9b6
2019-10-04 23:11:39,627 [pool-413-thread-1] INFO  server.RaftServerConfigKeys (ConfUtils.java:logGet(43)) - raft.server.log.queue.byte-limit = 2147483647 (custom)
2019-10-04 23:11:39,627 [pool-413-thread-1] INFO  server.RaftServerConfigKeys (ConfUtils.java:logGet(43)) - raft.server.log.queue.element-limit = 1024 (custom)
2019-10-04 23:11:39,627 [pool-413-thread-1] INFO  server.RaftServerConfigKeys (ConfUtils.java:logGet(43)) - raft.server.log.segment.size.max = 1048576 (custom)
2019-10-04 23:11:39,627 [pool-413-thread-1] INFO  server.RaftServerConfigKeys (ConfUtils.java:logGet(43)) - raft.server.log.preallocated.size = 16384 (custom)
2019-10-04 23:11:39,627 [pool-413-thread-1] INFO  server.RaftServerConfigKeys (ConfUtils.java:logGet(43)) - raft.server.log.write.buffer.size = 33554432 (custom)
2019-10-04 23:11:39,627 [pool-413-thread-1] INFO  server.RaftServerConfigKeys (ConfUtils.java:logGet(43)) - raft.server.log.force.sync.num = 128 (default)
2019-10-04 23:11:39,627 [pool-413-thread-1] INFO  server.RaftServerConfigKeys (ConfUtils.java:logGet(43)) - raft.server.log.statemachine.data.sync = true (default)
2019-10-04 23:11:39,627 [pool-413-thread-1] INFO  server.RaftServerConfigKeys (ConfUtils.java:logGet(43)) - raft.server.log.statemachine.data.sync.timeout = 10s (default)
2019-10-04 23:11:39,628 [pool-413-thread-1] INFO  server.RaftServerConfigKeys (ConfUtils.java:logGet(43)) - raft.server.log.statemachine.data.sync.timeout.retry = -1 (default)
2019-10-04 23:11:39,628 [pool-413-thread-1] INFO  server.RaftServerConfigKeys (ConfUtils.java:logGet(43)) - raft.server.log.statemachine.data.caching.enabled = true (custom)
2019-10-04 23:11:39,628 [pool-413-thread-1] INFO  segmented.SegmentedRaftLogWorker (SegmentedRaftLogWorker.java:lambda$new$0(128)) - 1b2603e6-64f0-4484-91e6-27332871a4d6@group-681DC0DAA9B6-SegmentedRaftLogWorker: flushIndex: setUnconditionally 0 -> -1
2019-10-04 23:11:39,628 [pool-413-thread-1] INFO  server.RaftServerConfigKeys (ConfUtils.java:logGet(43)) - raft.server.snapshot.auto.trigger.enabled = true (custom)
2019-10-04 23:11:39,628 [pool-413-thread-1] INFO  server.RaftServerConfigKeys (ConfUtils.java:logGet(43)) - raft.server.snapshot.auto.trigger.threshold = 10000 (custom)
2019-10-04 23:11:39,629 [pool-413-thread-1] INFO  server.RaftServerConfigKeys (ConfUtils.java:logGet(43)) - raft.server.snapshot.retention.file.num = 5 (custom)
2019-10-04 23:11:39,629 [pool-413-thread-1] INFO  server.RaftServerConfigKeys (ConfUtils.java:logGet(43)) - raft.server.retrycache.expirytime = 600000ms (custom)
2019-10-04 23:11:39,630 [pool-413-thread-1] INFO  impl.RaftServerImpl (RaftServerImpl.java:start(181)) - 1b2603e6-64f0-4484-91e6-27332871a4d6@group-681DC0DAA9B6: start as a follower, conf=-1: [1b2603e6-64f0-4484-91e6-27332871a4d6:192.168.164.255:33427], old=null
2019-10-04 23:11:39,630 [pool-413-thread-1] INFO  impl.RaftServerImpl (RaftServerImpl.java:setRole(170)) - 1b2603e6-64f0-4484-91e6-27332871a4d6@group-681DC0DAA9B6: changes role from      null to FOLLOWER at term 0 for startAsFollower
2019-10-04 23:11:39,631 [pool-413-thread-1] INFO  impl.RoleInfo (RoleInfo.java:updateAndGet(143)) - 1b2603e6-64f0-4484-91e6-27332871a4d6: start FollowerState
2019-10-04 23:11:39,631 [pool-413-thread-1] INFO  util.JmxRegister (JmxRegister.java:tryRegister(44)) - Successfully registered JMX Bean with object name Ratis:service=RaftServer,group=group-681DC0DAA9B6,id=1b2603e6-64f0-4484-91e6-27332871a4d6
2019-10-04 23:11:39,635 [RatisPipelineUtilsThread] INFO  pipeline.PipelineStateManager (PipelineStateManager.java:addPipeline(56)) - Created pipeline Pipeline[ Id: b83dac38-20be-4e97-8878-681dc0daa9b6, Nodes: 1b2603e6-64f0-4484-91e6-27332871a4d6{ip: 192.168.164.255, host: pr-hdds-2181-c9q8w-3494937983, networkLocation: /default-rack, certSerialId: null}, Type:RATIS, Factor:ONE, State:OPEN]
2019-10-04 23:11:39,648 [grpc-default-executor-1] INFO  impl.RaftServerProxy (RaftServerProxy.java:addNew(89)) - b5bf0f2c-0fd5-4055-b49a-9c22970d3d27: addNew group-AD091C7470D8:[1b2603e6-64f0-4484-91e6-27332871a4d6:192.168.164.255:33427, 22c15439-5b84-422d-ac6d-6dee49060bde:192.168.164.255:44372, b5bf0f2c-0fd5-4055-b49a-9c22970d3d27:192.168.164.255:41357] returns group-AD091C7470D8:java.util.concurrent.CompletableFuture@81b02bf[Not completed]
2019-10-04 23:11:39,648 [grpc-default-executor-6] INFO  impl.RaftServerProxy (RaftServerProxy.java:addNew(89)) - 1b2603e6-64f0-4484-91e6-27332871a4d6: addNew group-AD091C7470D8:[1b2603e6-64f0-4484-91e6-27332871a4d6:192.168.164.255:33427, 22c15439-5b84-422d-ac6d-6dee49060bde:192.168.164.255:44372, b5bf0f2c-0fd5-4055-b49a-9c22970d3d27:192.168.164.255:41357] returns group-AD091C7470D8:java.util.concurrent.CompletableFuture@74cc9496[Not completed]
2019-10-04 23:11:39,648 [grpc-default-executor-2] INFO  impl.RaftServerProxy (RaftServerProxy.java:addNew(89)) - 22c15439-5b84-422d-ac6d-6dee49060bde: addNew group-AD091C7470D8:[1b2603e6-64f0-4484-91e6-27332871a4d6:192.168.164.255:33427, 22c15439-5b84-422d-ac6d-6dee49060bde:192.168.164.255:44372, b5bf0f2c-0fd5-4055-b49a-9c22970d3d27:192.168.164.255:41357] returns group-AD091C7470D8:java.util.concurrent.CompletableFuture@6bb38d1c[Not completed]
2019-10-04 23:11:39,649 [pool-393-thread-1] INFO  impl.RaftServerImpl (RaftServerImpl.java:<init>(95)) - b5bf0f2c-0fd5-4055-b49a-9c22970d3d27: new RaftServerImpl for group-AD091C7470D8:[1b2603e6-64f0-4484-91e6-27332871a4d6:192.168.164.255:33427, 22c15439-5b84-422d-ac6d-6dee49060bde:192.168.164.255:44372, b5bf0f2c-0fd5-4055-b49a-9c22970d3d27:192.168.164.255:41357] with ContainerStateMachine:uninitialized
2019-10-04 23:11:39,649 [pool-393-thread-1] INFO  server.RaftServerConfigKeys (ConfUtils.java:logGet(43)) - raft.server.rpc.timeout.min = 5s (custom)
2019-10-04 23:11:39,649 [pool-393-thread-1] INFO  server.RaftServerConfigKeys (ConfUtils.java:logGet(43)) - raft.server.rpc.timeout.max = 5200ms (custom)
2019-10-04 23:11:39,649 [pool-393-thread-1] INFO  server.RaftServerConfigKeys (ConfUtils.java:logGet(43)) - raft.server.rpcslowness.timeout = 120s (custom)
2019-10-04 23:11:39,649 [pool-393-thread-1] INFO  server.RaftServerConfigKeys (ConfUtils.java:logGet(43)) - raft.server.sleep.deviation.threshold = 300 (default)
2019-10-04 23:11:39,649 [pool-393-thread-1] INFO  server.RaftServerConfigKeys (ConfUtils.java:logGet(43)) - raft.server.log.appender.install.snapshot.enabled = false (custom)
2019-10-04 23:11:39,650 [pool-383-thread-1] INFO  impl.RaftServerImpl (RaftServerImpl.java:<init>(95)) - 22c15439-5b84-422d-ac6d-6dee49060bde: new RaftServerImpl for group-AD091C7470D8:[1b2603e6-64f0-4484-91e6-27332871a4d6:192.168.164.255:33427, 22c15439-5b84-422d-ac6d-6dee49060bde:192.168.164.255:44372, b5bf0f2c-0fd5-4055-b49a-9c22970d3d27:192.168.164.255:41357] with ContainerStateMachine:uninitialized
2019-10-04 23:11:39,650 [pool-393-thread-1] INFO  impl.RaftServerImpl (ServerState.java:<init>(103)) - b5bf0f2c-0fd5-4055-b49a-9c22970d3d27@group-AD091C7470D8: ConfigurationManager, init=-1: [1b2603e6-64f0-4484-91e6-27332871a4d6:192.168.164.255:33427, 22c15439-5b84-422d-ac6d-6dee49060bde:192.168.164.255:44372, b5bf0f2c-0fd5-4055-b49a-9c22970d3d27:192.168.164.255:41357], old=null, confs=<EMPTY_MAP>
2019-10-04 23:11:39,650 [pool-383-thread-1] INFO  server.RaftServerConfigKeys (ConfUtils.java:logGet(43)) - raft.server.rpc.timeout.min = 5s (custom)
2019-10-04 23:11:39,650 [pool-393-thread-1] INFO  server.RaftServerConfigKeys (ConfUtils.java:logGet(43)) - raft.server.storage.dir = [/workdir/hadoop-ozone/integration-test/target/test-dir/MiniOzoneClusterImpl-edf73136-247f-4d67-9c2b-ffcb6668a5a7/datanode-1/data/ratis] (custom)
2019-10-04 23:11:39,650 [pool-383-thread-1] INFO  server.RaftServerConfigKeys (ConfUtils.java:logGet(43)) - raft.server.rpc.timeout.max = 5200ms (custom)
2019-10-04 23:11:39,650 [pool-383-thread-1] INFO  server.RaftServerConfigKeys (ConfUtils.java:logGet(43)) - raft.server.rpcslowness.timeout = 120s (custom)
2019-10-04 23:11:39,650 [pool-383-thread-1] INFO  server.RaftServerConfigKeys (ConfUtils.java:logGet(43)) - raft.server.sleep.deviation.threshold = 300 (default)
2019-10-04 23:11:39,650 [pool-413-thread-1] INFO  impl.RaftServerImpl (RaftServerImpl.java:<init>(95)) - 1b2603e6-64f0-4484-91e6-27332871a4d6: new RaftServerImpl for group-AD091C7470D8:[1b2603e6-64f0-4484-91e6-27332871a4d6:192.168.164.255:33427, 22c15439-5b84-422d-ac6d-6dee49060bde:192.168.164.255:44372, b5bf0f2c-0fd5-4055-b49a-9c22970d3d27:192.168.164.255:41357] with ContainerStateMachine:uninitialized
2019-10-04 23:11:39,650 [pool-393-thread-1] INFO  server.RaftServerConfigKeys (ConfUtils.java:logGet(43)) - raft.server.log.corruption.policy = EXCEPTION (default)
2019-10-04 23:11:39,651 [pool-413-thread-1] INFO  server.RaftServerConfigKeys (ConfUtils.java:logGet(43)) - raft.server.rpc.timeout.min = 5s (custom)
2019-10-04 23:11:39,650 [pool-383-thread-1] INFO  server.RaftServerConfigKeys (ConfUtils.java:logGet(43)) - raft.server.log.appender.install.snapshot.enabled = false (custom)
2019-10-04 23:11:39,651 [pool-413-thread-1] INFO  server.RaftServerConfigKeys (ConfUtils.java:logGet(43)) - raft.server.rpc.timeout.max = 5200ms (custom)
2019-10-04 23:11:39,651 [pool-393-thread-1] INFO  storage.RaftStorageDirectory (RaftStorageDirectory.java:analyzeStorage(246)) - The storage directory /workdir/hadoop-ozone/integration-test/target/test-dir/MiniOzoneClusterImpl-edf73136-247f-4d67-9c2b-ffcb6668a5a7/datanode-1/data/ratis/338b6c2c-8d05-4c01-936d-ad091c7470d8 does not exist. Creating ...
2019-10-04 23:11:39,651 [pool-413-thread-1] INFO  server.RaftServerConfigKeys (ConfUtils.java:logGet(43)) - raft.server.rpcslowness.timeout = 120s (custom)
2019-10-04 23:11:39,651 [pool-383-thread-1] INFO  impl.RaftServerImpl (ServerState.java:<init>(103)) - 22c15439-5b84-422d-ac6d-6dee49060bde@group-AD091C7470D8: ConfigurationManager, init=-1: [1b2603e6-64f0-4484-91e6-27332871a4d6:192.168.164.255:33427, 22c15439-5b84-422d-ac6d-6dee49060bde:192.168.164.255:44372, b5bf0f2c-0fd5-4055-b49a-9c22970d3d27:192.168.164.255:41357], old=null, confs=<EMPTY_MAP>
2019-10-04 23:11:39,651 [pool-413-thread-1] INFO  server.RaftServerConfigKeys (ConfUtils.java:logGet(43)) - raft.server.sleep.deviation.threshold = 300 (default)
2019-10-04 23:11:39,651 [pool-383-thread-1] INFO  server.RaftServerConfigKeys (ConfUtils.java:logGet(43)) - raft.server.storage.dir = [/workdir/hadoop-ozone/integration-test/target/test-dir/MiniOzoneClusterImpl-edf73136-247f-4d67-9c2b-ffcb6668a5a7/datanode-0/data/ratis] (custom)
2019-10-04 23:11:39,652 [pool-413-thread-1] INFO  server.RaftServerConfigKeys (ConfUtils.java:logGet(43)) - raft.server.log.appender.install.snapshot.enabled = false (custom)
2019-10-04 23:11:39,652 [pool-383-thread-1] INFO  server.RaftServerConfigKeys (ConfUtils.java:logGet(43)) - raft.server.log.corruption.policy = EXCEPTION (default)
2019-10-04 23:11:39,652 [pool-413-thread-1] INFO  impl.RaftServerImpl (ServerState.java:<init>(103)) - 1b2603e6-64f0-4484-91e6-27332871a4d6@group-AD091C7470D8: ConfigurationManager, init=-1: [1b2603e6-64f0-4484-91e6-27332871a4d6:192.168.164.255:33427, 22c15439-5b84-422d-ac6d-6dee49060bde:192.168.164.255:44372, b5bf0f2c-0fd5-4055-b49a-9c22970d3d27:192.168.164.255:41357], old=null, confs=<EMPTY_MAP>
2019-10-04 23:11:39,652 [pool-383-thread-1] INFO  storage.RaftStorageDirectory (RaftStorageDirectory.java:analyzeStorage(246)) - The storage directory /workdir/hadoop-ozone/integration-test/target/test-dir/MiniOzoneClusterImpl-edf73136-247f-4d67-9c2b-ffcb6668a5a7/datanode-0/data/ratis/338b6c2c-8d05-4c01-936d-ad091c7470d8 does not exist. Creating ...
2019-10-04 23:11:39,652 [pool-413-thread-1] INFO  server.RaftServerConfigKeys (ConfUtils.java:logGet(43)) - raft.server.storage.dir = [/workdir/hadoop-ozone/integration-test/target/test-dir/MiniOzoneClusterImpl-edf73136-247f-4d67-9c2b-ffcb6668a5a7/datanode-3/data/ratis] (custom)
2019-10-04 23:11:39,652 [pool-413-thread-1] INFO  server.RaftServerConfigKeys (ConfUtils.java:logGet(43)) - raft.server.log.corruption.policy = EXCEPTION (default)
2019-10-04 23:11:39,653 [pool-413-thread-1] INFO  storage.RaftStorageDirectory (RaftStorageDirectory.java:analyzeStorage(246)) - The storage directory /workdir/hadoop-ozone/integration-test/target/test-dir/MiniOzoneClusterImpl-edf73136-247f-4d67-9c2b-ffcb6668a5a7/datanode-3/data/ratis/338b6c2c-8d05-4c01-936d-ad091c7470d8 does not exist. Creating ...
2019-10-04 23:11:39,669 [IPC Server handler 18 on 40939] INFO  net.NetworkTopology (NetworkTopologyImpl.java:add(111)) - Added a new node: /default-rack/1dd6cb2a-84fa-477a-92a0-f2b2491b6aae
2019-10-04 23:11:39,670 [IPC Server handler 18 on 40939] INFO  node.SCMNodeManager (SCMNodeManager.java:register(268)) - Registered Data node : 1dd6cb2a-84fa-477a-92a0-f2b2491b6aae{ip: 192.168.164.255, host: pr-hdds-2181-c9q8w-3494937983, networkLocation: /default-rack, certSerialId: null}
2019-10-04 23:11:39,678 [pool-413-thread-1] INFO  storage.RaftStorageDirectory (RaftStorageDirectory.java:tryLock(328)) - Lock on /workdir/hadoop-ozone/integration-test/target/test-dir/MiniOzoneClusterImpl-edf73136-247f-4d67-9c2b-ffcb6668a5a7/datanode-3/data/ratis/338b6c2c-8d05-4c01-936d-ad091c7470d8/in_use.lock acquired by nodename 15461@pr-hdds-2181-c9q8w-3494937983
2019-10-04 23:11:39,678 [pool-383-thread-1] INFO  storage.RaftStorageDirectory (RaftStorageDirectory.java:tryLock(328)) - Lock on /workdir/hadoop-ozone/integration-test/target/test-dir/MiniOzoneClusterImpl-edf73136-247f-4d67-9c2b-ffcb6668a5a7/datanode-0/data/ratis/338b6c2c-8d05-4c01-936d-ad091c7470d8/in_use.lock acquired by nodename 15461@pr-hdds-2181-c9q8w-3494937983
2019-10-04 23:11:39,678 [pool-393-thread-1] INFO  storage.RaftStorageDirectory (RaftStorageDirectory.java:tryLock(328)) - Lock on /workdir/hadoop-ozone/integration-test/target/test-dir/MiniOzoneClusterImpl-edf73136-247f-4d67-9c2b-ffcb6668a5a7/datanode-1/data/ratis/338b6c2c-8d05-4c01-936d-ad091c7470d8/in_use.lock acquired by nodename 15461@pr-hdds-2181-c9q8w-3494937983
2019-10-04 23:11:39,692 [pool-393-thread-1] INFO  storage.RaftStorage (RaftStorage.java:format(84)) - Storage directory /workdir/hadoop-ozone/integration-test/target/test-dir/MiniOzoneClusterImpl-edf73136-247f-4d67-9c2b-ffcb6668a5a7/datanode-1/data/ratis/338b6c2c-8d05-4c01-936d-ad091c7470d8 has been successfully formatted.
2019-10-04 23:11:39,692 [pool-383-thread-1] INFO  storage.RaftStorage (RaftStorage.java:format(84)) - Storage directory /workdir/hadoop-ozone/integration-test/target/test-dir/MiniOzoneClusterImpl-edf73136-247f-4d67-9c2b-ffcb6668a5a7/datanode-0/data/ratis/338b6c2c-8d05-4c01-936d-ad091c7470d8 has been successfully formatted.
2019-10-04 23:11:39,692 [pool-413-thread-1] INFO  storage.RaftStorage (RaftStorage.java:format(84)) - Storage directory /workdir/hadoop-ozone/integration-test/target/test-dir/MiniOzoneClusterImpl-edf73136-247f-4d67-9c2b-ffcb6668a5a7/datanode-3/data/ratis/338b6c2c-8d05-4c01-936d-ad091c7470d8 has been successfully formatted.
2019-10-04 23:11:39,693 [pool-393-thread-1] INFO  ratis.ContainerStateMachine (ContainerStateMachine.java:loadSnapshot(230)) - group-AD091C7470D8: The snapshot info is null. Setting the last applied indexto:(t:0, i:~)
2019-10-04 23:11:39,693 [pool-413-thread-1] INFO  ratis.ContainerStateMachine (ContainerStateMachine.java:loadSnapshot(230)) - group-AD091C7470D8: The snapshot info is null. Setting the last applied indexto:(t:0, i:~)
2019-10-04 23:11:39,693 [pool-383-thread-1] INFO  ratis.ContainerStateMachine (ContainerStateMachine.java:loadSnapshot(230)) - group-AD091C7470D8: The snapshot info is null. Setting the last applied indexto:(t:0, i:~)
2019-10-04 23:11:39,693 [pool-413-thread-1] INFO  server.RaftServerConfigKeys (ConfUtils.java:logGet(43)) - raft.server.notification.no-leader.timeout = 120s (custom)
2019-10-04 23:11:39,693 [pool-393-thread-1] INFO  server.RaftServerConfigKeys (ConfUtils.java:logGet(43)) - raft.server.notification.no-leader.timeout = 120s (custom)
2019-10-04 23:11:39,693 [pool-413-thread-1] INFO  server.RaftServerConfigKeys (ConfUtils.java:logGet(43)) - raft.server.log.use.memory = false (default)
2019-10-04 23:11:39,693 [pool-383-thread-1] INFO  server.RaftServerConfigKeys (ConfUtils.java:logGet(43)) - raft.server.notification.no-leader.timeout = 120s (custom)
2019-10-04 23:11:39,694 [pool-413-thread-1] INFO  server.RaftServerConfigKeys (ConfUtils.java:logGet(43)) - raft.server.log.purge.gap = 1000000 (custom)
2019-10-04 23:11:39,693 [pool-393-thread-1] INFO  server.RaftServerConfigKeys (ConfUtils.java:logGet(43)) - raft.server.log.use.memory = false (default)
2019-10-04 23:11:39,694 [pool-413-thread-1] INFO  server.RaftServerConfigKeys (ConfUtils.java:logGet(43)) - raft.server.log.appender.buffer.byte-limit = 33554432 (custom)
2019-10-04 23:11:39,694 [pool-383-thread-1] INFO  server.RaftServerConfigKeys (ConfUtils.java:logGet(43)) - raft.server.log.use.memory = false (default)
2019-10-04 23:11:39,694 [pool-413-thread-1] INFO  server.RaftServerConfigKeys (ConfUtils.java:logGet(43)) - raft.server.log.segment.size.max = 1048576 (custom)
2019-10-04 23:11:39,694 [pool-393-thread-1] INFO  server.RaftServerConfigKeys (ConfUtils.java:logGet(43)) - raft.server.log.purge.gap = 1000000 (custom)
2019-10-04 23:11:39,694 [pool-413-thread-1] INFO  server.RaftServerConfigKeys (ConfUtils.java:logGet(43)) - raft.server.log.segment.cache.num.max = 2 (custom)
2019-10-04 23:11:39,694 [pool-383-thread-1] INFO  server.RaftServerConfigKeys (ConfUtils.java:logGet(43)) - raft.server.log.purge.gap = 1000000 (custom)
2019-10-04 23:11:39,695 [pool-413-thread-1] INFO  segmented.SegmentedRaftLogWorker (SegmentedRaftLogWorker.java:<init>(173)) - new 1b2603e6-64f0-4484-91e6-27332871a4d6@group-AD091C7470D8-SegmentedRaftLogWorker for RaftStorage:Storage Directory /workdir/hadoop-ozone/integration-test/target/test-dir/MiniOzoneClusterImpl-edf73136-247f-4d67-9c2b-ffcb6668a5a7/datanode-3/data/ratis/338b6c2c-8d05-4c01-936d-ad091c7470d8
2019-10-04 23:11:39,694 [pool-393-thread-1] INFO  server.RaftServerConfigKeys (ConfUtils.java:logGet(43)) - raft.server.log.appender.buffer.byte-limit = 33554432 (custom)
2019-10-04 23:11:39,695 [pool-413-thread-1] INFO  server.RaftServerConfigKeys (ConfUtils.java:logGet(43)) - raft.server.log.queue.byte-limit = 2147483647 (custom)
2019-10-04 23:11:39,695 [pool-383-thread-1] INFO  server.RaftServerConfigKeys (ConfUtils.java:logGet(43)) - raft.server.log.appender.buffer.byte-limit = 33554432 (custom)
2019-10-04 23:11:39,695 [pool-413-thread-1] INFO  server.RaftServerConfigKeys (ConfUtils.java:logGet(43)) - raft.server.log.queue.element-limit = 1024 (custom)
2019-10-04 23:11:39,695 [pool-393-thread-1] INFO  server.RaftServerConfigKeys (ConfUtils.java:logGet(43)) - raft.server.log.segment.size.max = 1048576 (custom)
2019-10-04 23:11:39,695 [pool-413-thread-1] INFO  server.RaftServerConfigKeys (ConfUtils.java:logGet(43)) - raft.server.log.segment.size.max = 1048576 (custom)
2019-10-04 23:11:39,695 [pool-383-thread-1] INFO  server.RaftServerConfigKeys (ConfUtils.java:logGet(43)) - raft.server.log.segment.size.max = 1048576 (custom)
2019-10-04 23:11:39,696 [pool-413-thread-1] INFO  server.RaftServerConfigKeys (ConfUtils.java:logGet(43)) - raft.server.log.preallocated.size = 16384 (custom)
2019-10-04 23:11:39,695 [pool-393-thread-1] INFO  server.RaftServerConfigKeys (ConfUtils.java:logGet(43)) - raft.server.log.segment.cache.num.max = 2 (custom)
2019-10-04 23:11:39,696 [pool-413-thread-1] INFO  server.RaftServerConfigKeys (ConfUtils.java:logGet(43)) - raft.server.log.write.buffer.size = 33554432 (custom)
2019-10-04 23:11:39,696 [pool-413-thread-1] INFO  server.RaftServerConfigKeys (ConfUtils.java:logGet(43)) - raft.server.log.force.sync.num = 128 (default)
2019-10-04 23:11:39,696 [pool-383-thread-1] INFO  server.RaftServerConfigKeys (ConfUtils.java:logGet(43)) - raft.server.log.segment.cache.num.max = 2 (custom)
2019-10-04 23:11:39,696 [pool-413-thread-1] INFO  server.RaftServerConfigKeys (ConfUtils.java:logGet(43)) - raft.server.log.statemachine.data.sync = true (default)
2019-10-04 23:11:39,696 [pool-393-thread-1] INFO  segmented.SegmentedRaftLogWorker (SegmentedRaftLogWorker.java:<init>(173)) - new b5bf0f2c-0fd5-4055-b49a-9c22970d3d27@group-AD091C7470D8-SegmentedRaftLogWorker for RaftStorage:Storage Directory /workdir/hadoop-ozone/integration-test/target/test-dir/MiniOzoneClusterImpl-edf73136-247f-4d67-9c2b-ffcb6668a5a7/datanode-1/data/ratis/338b6c2c-8d05-4c01-936d-ad091c7470d8
2019-10-04 23:11:39,696 [pool-413-thread-1] INFO  server.RaftServerConfigKeys (ConfUtils.java:logGet(43)) - raft.server.log.statemachine.data.sync.timeout = 10s (default)
2019-10-04 23:11:39,697 [pool-413-thread-1] INFO  server.RaftServerConfigKeys (ConfUtils.java:logGet(43)) - raft.server.log.statemachine.data.sync.timeout.retry = -1 (default)
2019-10-04 23:11:39,696 [pool-383-thread-1] INFO  segmented.SegmentedRaftLogWorker (SegmentedRaftLogWorker.java:<init>(173)) - new 22c15439-5b84-422d-ac6d-6dee49060bde@group-AD091C7470D8-SegmentedRaftLogWorker for RaftStorage:Storage Directory /workdir/hadoop-ozone/integration-test/target/test-dir/MiniOzoneClusterImpl-edf73136-247f-4d67-9c2b-ffcb6668a5a7/datanode-0/data/ratis/338b6c2c-8d05-4c01-936d-ad091c7470d8
2019-10-04 23:11:39,697 [pool-413-thread-1] INFO  server.RaftServerConfigKeys (ConfUtils.java:logGet(43)) - raft.server.log.statemachine.data.caching.enabled = true (custom)
2019-10-04 23:11:39,696 [pool-393-thread-1] INFO  server.RaftServerConfigKeys (ConfUtils.java:logGet(43)) - raft.server.log.queue.byte-limit = 2147483647 (custom)
2019-10-04 23:11:39,697 [pool-383-thread-1] INFO  server.RaftServerConfigKeys (ConfUtils.java:logGet(43)) - raft.server.log.queue.byte-limit = 2147483647 (custom)
2019-10-04 23:11:39,697 [pool-413-thread-1] INFO  segmented.SegmentedRaftLogWorker (SegmentedRaftLogWorker.java:lambda$new$0(128)) - 1b2603e6-64f0-4484-91e6-27332871a4d6@group-AD091C7470D8-SegmentedRaftLogWorker: flushIndex: setUnconditionally 0 -> -1
2019-10-04 23:11:39,697 [pool-393-thread-1] INFO  server.RaftServerConfigKeys (ConfUtils.java:logGet(43)) - raft.server.log.queue.element-limit = 1024 (custom)
2019-10-04 23:11:39,697 [pool-383-thread-1] INFO  server.RaftServerConfigKeys (ConfUtils.java:logGet(43)) - raft.server.log.queue.element-limit = 1024 (custom)
2019-10-04 23:11:39,697 [pool-413-thread-1] INFO  server.RaftServerConfigKeys (ConfUtils.java:logGet(43)) - raft.server.snapshot.auto.trigger.enabled = true (custom)
2019-10-04 23:11:39,697 [pool-393-thread-1] INFO  server.RaftServerConfigKeys (ConfUtils.java:logGet(43)) - raft.server.log.segment.size.max = 1048576 (custom)
2019-10-04 23:11:39,698 [pool-413-thread-1] INFO  server.RaftServerConfigKeys (ConfUtils.java:logGet(43)) - raft.server.snapshot.auto.trigger.threshold = 10000 (custom)
2019-10-04 23:11:39,698 [pool-383-thread-1] INFO  server.RaftServerConfigKeys (ConfUtils.java:logGet(43)) - raft.server.log.segment.size.max = 1048576 (custom)
2019-10-04 23:11:39,698 [pool-413-thread-1] INFO  server.RaftServerConfigKeys (ConfUtils.java:logGet(43)) - raft.server.snapshot.retention.file.num = 5 (custom)
2019-10-04 23:11:39,698 [pool-393-thread-1] INFO  server.RaftServerConfigKeys (ConfUtils.java:logGet(43)) - raft.server.log.preallocated.size = 16384 (custom)
2019-10-04 23:11:39,698 [pool-413-thread-1] INFO  server.RaftServerConfigKeys (ConfUtils.java:logGet(43)) - raft.server.retrycache.expirytime = 600000ms (custom)
2019-10-04 23:11:39,698 [pool-383-thread-1] INFO  server.RaftServerConfigKeys (ConfUtils.java:logGet(43)) - raft.server.log.preallocated.size = 16384 (custom)
2019-10-04 23:11:39,698 [pool-393-thread-1] INFO  server.RaftServerConfigKeys (ConfUtils.java:logGet(43)) - raft.server.log.write.buffer.size = 33554432 (custom)
2019-10-04 23:11:39,698 [pool-383-thread-1] INFO  server.RaftServerConfigKeys (ConfUtils.java:logGet(43)) - raft.server.log.write.buffer.size = 33554432 (custom)
2019-10-04 23:11:39,699 [pool-393-thread-1] INFO  server.RaftServerConfigKeys (ConfUtils.java:logGet(43)) - raft.server.log.force.sync.num = 128 (default)
2019-10-04 23:11:39,699 [pool-383-thread-1] INFO  server.RaftServerConfigKeys (ConfUtils.java:logGet(43)) - raft.server.log.force.sync.num = 128 (default)
2019-10-04 23:11:39,699 [pool-393-thread-1] INFO  server.RaftServerConfigKeys (ConfUtils.java:logGet(43)) - raft.server.log.statemachine.data.sync = true (default)
2019-10-04 23:11:39,699 [pool-383-thread-1] INFO  server.RaftServerConfigKeys (ConfUtils.java:logGet(43)) - raft.server.log.statemachine.data.sync = true (default)
2019-10-04 23:11:39,699 [pool-393-thread-1] INFO  server.RaftServerConfigKeys (ConfUtils.java:logGet(43)) - raft.server.log.statemachine.data.sync.timeout = 10s (default)
2019-10-04 23:11:39,699 [pool-383-thread-1] INFO  server.RaftServerConfigKeys (ConfUtils.java:logGet(43)) - raft.server.log.statemachine.data.sync.timeout = 10s (default)
2019-10-04 23:11:39,699 [pool-393-thread-1] INFO  server.RaftServerConfigKeys (ConfUtils.java:logGet(43)) - raft.server.log.statemachine.data.sync.timeout.retry = -1 (default)
2019-10-04 23:11:39,699 [pool-383-thread-1] INFO  server.RaftServerConfigKeys (ConfUtils.java:logGet(43)) - raft.server.log.statemachine.data.sync.timeout.retry = -1 (default)
2019-10-04 23:11:39,700 [pool-393-thread-1] INFO  server.RaftServerConfigKeys (ConfUtils.java:logGet(43)) - raft.server.log.statemachine.data.caching.enabled = true (custom)
2019-10-04 23:11:39,700 [pool-383-thread-1] INFO  server.RaftServerConfigKeys (ConfUtils.java:logGet(43)) - raft.server.log.statemachine.data.caching.enabled = true (custom)
2019-10-04 23:11:39,700 [pool-413-thread-1] INFO  impl.RaftServerImpl (RaftServerImpl.java:start(181)) - 1b2603e6-64f0-4484-91e6-27332871a4d6@group-AD091C7470D8: start as a follower, conf=-1: [1b2603e6-64f0-4484-91e6-27332871a4d6:192.168.164.255:33427, 22c15439-5b84-422d-ac6d-6dee49060bde:192.168.164.255:44372, b5bf0f2c-0fd5-4055-b49a-9c22970d3d27:192.168.164.255:41357], old=null
2019-10-04 23:11:39,700 [pool-393-thread-1] INFO  segmented.SegmentedRaftLogWorker (SegmentedRaftLogWorker.java:lambda$new$0(128)) - b5bf0f2c-0fd5-4055-b49a-9c22970d3d27@group-AD091C7470D8-SegmentedRaftLogWorker: flushIndex: setUnconditionally 0 -> -1
2019-10-04 23:11:39,700 [pool-383-thread-1] INFO  segmented.SegmentedRaftLogWorker (SegmentedRaftLogWorker.java:lambda$new$0(128)) - 22c15439-5b84-422d-ac6d-6dee49060bde@group-AD091C7470D8-SegmentedRaftLogWorker: flushIndex: setUnconditionally 0 -> -1
2019-10-04 23:11:39,700 [pool-413-thread-1] INFO  impl.RaftServerImpl (RaftServerImpl.java:setRole(170)) - 1b2603e6-64f0-4484-91e6-27332871a4d6@group-AD091C7470D8: changes role from      null to FOLLOWER at term 0 for startAsFollower
2019-10-04 23:11:39,700 [pool-393-thread-1] INFO  server.RaftServerConfigKeys (ConfUtils.java:logGet(43)) - raft.server.snapshot.auto.trigger.enabled = true (custom)
2019-10-04 23:11:39,701 [pool-383-thread-1] INFO  server.RaftServerConfigKeys (ConfUtils.java:logGet(43)) - raft.server.snapshot.auto.trigger.enabled = true (custom)
2019-10-04 23:11:39,700 [pool-413-thread-1] INFO  impl.RoleInfo (RoleInfo.java:updateAndGet(143)) - 1b2603e6-64f0-4484-91e6-27332871a4d6: start FollowerState
2019-10-04 23:11:39,701 [pool-383-thread-1] INFO  server.RaftServerConfigKeys (ConfUtils.java:logGet(43)) - raft.server.snapshot.auto.trigger.threshold = 10000 (custom)
2019-10-04 23:11:39,701 [pool-393-thread-1] INFO  server.RaftServerConfigKeys (ConfUtils.java:logGet(43)) - raft.server.snapshot.auto.trigger.threshold = 10000 (custom)
2019-10-04 23:11:39,701 [pool-413-thread-1] INFO  util.JmxRegister (JmxRegister.java:tryRegister(44)) - Successfully registered JMX Bean with object name Ratis:service=RaftServer,group=group-AD091C7470D8,id=1b2603e6-64f0-4484-91e6-27332871a4d6
2019-10-04 23:11:39,701 [pool-383-thread-1] INFO  server.RaftServerConfigKeys (ConfUtils.java:logGet(43)) - raft.server.snapshot.retention.file.num = 5 (custom)
2019-10-04 23:11:39,701 [pool-393-thread-1] INFO  server.RaftServerConfigKeys (ConfUtils.java:logGet(43)) - raft.server.snapshot.retention.file.num = 5 (custom)
2019-10-04 23:11:39,701 [pool-383-thread-1] INFO  server.RaftServerConfigKeys (ConfUtils.java:logGet(43)) - raft.server.retrycache.expirytime = 600000ms (custom)
2019-10-04 23:11:39,701 [pool-393-thread-1] INFO  server.RaftServerConfigKeys (ConfUtils.java:logGet(43)) - raft.server.retrycache.expirytime = 600000ms (custom)
2019-10-04 23:11:39,705 [pool-383-thread-1] INFO  impl.RaftServerImpl (RaftServerImpl.java:start(181)) - 22c15439-5b84-422d-ac6d-6dee49060bde@group-AD091C7470D8: start as a follower, conf=-1: [1b2603e6-64f0-4484-91e6-27332871a4d6:192.168.164.255:33427, 22c15439-5b84-422d-ac6d-6dee49060bde:192.168.164.255:44372, b5bf0f2c-0fd5-4055-b49a-9c22970d3d27:192.168.164.255:41357], old=null
2019-10-04 23:11:39,705 [pool-393-thread-1] INFO  impl.RaftServerImpl (RaftServerImpl.java:start(181)) - b5bf0f2c-0fd5-4055-b49a-9c22970d3d27@group-AD091C7470D8: start as a follower, conf=-1: [1b2603e6-64f0-4484-91e6-27332871a4d6:192.168.164.255:33427, 22c15439-5b84-422d-ac6d-6dee49060bde:192.168.164.255:44372, b5bf0f2c-0fd5-4055-b49a-9c22970d3d27:192.168.164.255:41357], old=null
2019-10-04 23:11:39,705 [pool-383-thread-1] INFO  impl.RaftServerImpl (RaftServerImpl.java:setRole(170)) - 22c15439-5b84-422d-ac6d-6dee49060bde@group-AD091C7470D8: changes role from      null to FOLLOWER at term 0 for startAsFollower
2019-10-04 23:11:39,705 [pool-393-thread-1] INFO  impl.RaftServerImpl (RaftServerImpl.java:setRole(170)) - b5bf0f2c-0fd5-4055-b49a-9c22970d3d27@group-AD091C7470D8: changes role from      null to FOLLOWER at term 0 for startAsFollower
2019-10-04 23:11:39,705 [pool-383-thread-1] INFO  impl.RoleInfo (RoleInfo.java:updateAndGet(143)) - 22c15439-5b84-422d-ac6d-6dee49060bde: start FollowerState
2019-10-04 23:11:39,705 [pool-393-thread-1] INFO  impl.RoleInfo (RoleInfo.java:updateAndGet(143)) - b5bf0f2c-0fd5-4055-b49a-9c22970d3d27: start FollowerState
2019-10-04 23:11:39,706 [pool-383-thread-1] INFO  util.JmxRegister (JmxRegister.java:tryRegister(44)) - Successfully registered JMX Bean with object name Ratis:service=RaftServer,group=group-AD091C7470D8,id=22c15439-5b84-422d-ac6d-6dee49060bde
2019-10-04 23:11:39,706 [pool-393-thread-1] INFO  util.JmxRegister (JmxRegister.java:tryRegister(44)) - Successfully registered JMX Bean with object name Ratis:service=RaftServer,group=group-AD091C7470D8,id=b5bf0f2c-0fd5-4055-b49a-9c22970d3d27
2019-10-04 23:11:39,713 [RatisPipelineUtilsThread] INFO  pipeline.PipelineStateManager (PipelineStateManager.java:addPipeline(56)) - Created pipeline Pipeline[ Id: 338b6c2c-8d05-4c01-936d-ad091c7470d8, Nodes: b5bf0f2c-0fd5-4055-b49a-9c22970d3d27{ip: 192.168.164.255, host: pr-hdds-2181-c9q8w-3494937983, networkLocation: /default-rack, certSerialId: null}1b2603e6-64f0-4484-91e6-27332871a4d6{ip: 192.168.164.255, host: pr-hdds-2181-c9q8w-3494937983, networkLocation: /default-rack, certSerialId: null}22c15439-5b84-422d-ac6d-6dee49060bde{ip: 192.168.164.255, host: pr-hdds-2181-c9q8w-3494937983, networkLocation: /default-rack, certSerialId: null}, Type:RATIS, Factor:THREE, State:OPEN]
2019-10-04 23:11:39,749 [IPC Server handler 1 on 40939] INFO  net.NetworkTopology (NetworkTopologyImpl.java:add(111)) - Added a new node: /default-rack/c3951d33-9312-4fb9-bcd5-f47b087663b5
2019-10-04 23:11:39,750 [IPC Server handler 1 on 40939] INFO  node.SCMNodeManager (SCMNodeManager.java:register(268)) - Registered Data node : c3951d33-9312-4fb9-bcd5-f47b087663b5{ip: 192.168.164.255, host: pr-hdds-2181-c9q8w-3494937983, networkLocation: /default-rack, certSerialId: null}
2019-10-04 23:11:39,756 [grpc-default-executor-2] INFO  impl.RaftServerProxy (RaftServerProxy.java:addNew(89)) - c3951d33-9312-4fb9-bcd5-f47b087663b5: addNew group-A65A814D0271:[c3951d33-9312-4fb9-bcd5-f47b087663b5:192.168.164.255:35111] returns group-A65A814D0271:java.util.concurrent.CompletableFuture@793f8ade[Not completed]
2019-10-04 23:11:39,761 [pool-433-thread-1] INFO  impl.RaftServerImpl (RaftServerImpl.java:<init>(95)) - c3951d33-9312-4fb9-bcd5-f47b087663b5: new RaftServerImpl for group-A65A814D0271:[c3951d33-9312-4fb9-bcd5-f47b087663b5:192.168.164.255:35111] with ContainerStateMachine:uninitialized
2019-10-04 23:11:39,761 [pool-433-thread-1] INFO  server.RaftServerConfigKeys (ConfUtils.java:logGet(43)) - raft.server.rpc.timeout.min = 5s (custom)
2019-10-04 23:11:39,761 [pool-433-thread-1] INFO  server.RaftServerConfigKeys (ConfUtils.java:logGet(43)) - raft.server.rpc.timeout.max = 5200ms (custom)
2019-10-04 23:11:39,761 [pool-433-thread-1] INFO  server.RaftServerConfigKeys (ConfUtils.java:logGet(43)) - raft.server.rpcslowness.timeout = 120s (custom)
2019-10-04 23:11:39,761 [pool-433-thread-1] INFO  server.RaftServerConfigKeys (ConfUtils.java:logGet(43)) - raft.server.sleep.deviation.threshold = 300 (default)
2019-10-04 23:11:39,761 [pool-433-thread-1] INFO  server.RaftServerConfigKeys (ConfUtils.java:logGet(43)) - raft.server.log.appender.install.snapshot.enabled = false (custom)
2019-10-04 23:11:39,761 [pool-433-thread-1] INFO  impl.RaftServerImpl (ServerState.java:<init>(103)) - c3951d33-9312-4fb9-bcd5-f47b087663b5@group-A65A814D0271: ConfigurationManager, init=-1: [c3951d33-9312-4fb9-bcd5-f47b087663b5:192.168.164.255:35111], old=null, confs=<EMPTY_MAP>
2019-10-04 23:11:39,762 [pool-433-thread-1] INFO  server.RaftServerConfigKeys (ConfUtils.java:logGet(43)) - raft.server.storage.dir = [/workdir/hadoop-ozone/integration-test/target/test-dir/MiniOzoneClusterImpl-edf73136-247f-4d67-9c2b-ffcb6668a5a7/datanode-5/data/ratis] (custom)
2019-10-04 23:11:39,762 [pool-433-thread-1] INFO  server.RaftServerConfigKeys (ConfUtils.java:logGet(43)) - raft.server.log.corruption.policy = EXCEPTION (default)
2019-10-04 23:11:39,762 [pool-433-thread-1] INFO  storage.RaftStorageDirectory (RaftStorageDirectory.java:analyzeStorage(246)) - The storage directory /workdir/hadoop-ozone/integration-test/target/test-dir/MiniOzoneClusterImpl-edf73136-247f-4d67-9c2b-ffcb6668a5a7/datanode-5/data/ratis/df680f96-1392-49bd-96d8-a65a814d0271 does not exist. Creating ...
2019-10-04 23:11:39,775 [pool-433-thread-1] INFO  storage.RaftStorageDirectory (RaftStorageDirectory.java:tryLock(328)) - Lock on /workdir/hadoop-ozone/integration-test/target/test-dir/MiniOzoneClusterImpl-edf73136-247f-4d67-9c2b-ffcb6668a5a7/datanode-5/data/ratis/df680f96-1392-49bd-96d8-a65a814d0271/in_use.lock acquired by nodename 15461@pr-hdds-2181-c9q8w-3494937983
2019-10-04 23:11:39,788 [pool-433-thread-1] INFO  storage.RaftStorage (RaftStorage.java:format(84)) - Storage directory /workdir/hadoop-ozone/integration-test/target/test-dir/MiniOzoneClusterImpl-edf73136-247f-4d67-9c2b-ffcb6668a5a7/datanode-5/data/ratis/df680f96-1392-49bd-96d8-a65a814d0271 has been successfully formatted.
2019-10-04 23:11:39,789 [pool-433-thread-1] INFO  ratis.ContainerStateMachine (ContainerStateMachine.java:loadSnapshot(230)) - group-A65A814D0271: The snapshot info is null. Setting the last applied indexto:(t:0, i:~)
2019-10-04 23:11:39,789 [pool-433-thread-1] INFO  server.RaftServerConfigKeys (ConfUtils.java:logGet(43)) - raft.server.notification.no-leader.timeout = 120s (custom)
2019-10-04 23:11:39,789 [pool-433-thread-1] INFO  server.RaftServerConfigKeys (ConfUtils.java:logGet(43)) - raft.server.log.use.memory = false (default)
2019-10-04 23:11:39,789 [pool-433-thread-1] INFO  server.RaftServerConfigKeys (ConfUtils.java:logGet(43)) - raft.server.log.purge.gap = 1000000 (custom)
2019-10-04 23:11:39,789 [pool-433-thread-1] INFO  server.RaftServerConfigKeys (ConfUtils.java:logGet(43)) - raft.server.log.appender.buffer.byte-limit = 33554432 (custom)
2019-10-04 23:11:39,789 [pool-433-thread-1] INFO  server.RaftServerConfigKeys (ConfUtils.java:logGet(43)) - raft.server.log.segment.size.max = 1048576 (custom)
2019-10-04 23:11:39,792 [pool-433-thread-1] INFO  server.RaftServerConfigKeys (ConfUtils.java:logGet(43)) - raft.server.log.segment.cache.num.max = 2 (custom)
2019-10-04 23:11:39,792 [pool-433-thread-1] INFO  segmented.SegmentedRaftLogWorker (SegmentedRaftLogWorker.java:<init>(173)) - new c3951d33-9312-4fb9-bcd5-f47b087663b5@group-A65A814D0271-SegmentedRaftLogWorker for RaftStorage:Storage Directory /workdir/hadoop-ozone/integration-test/target/test-dir/MiniOzoneClusterImpl-edf73136-247f-4d67-9c2b-ffcb6668a5a7/datanode-5/data/ratis/df680f96-1392-49bd-96d8-a65a814d0271
2019-10-04 23:11:39,792 [pool-433-thread-1] INFO  server.RaftServerConfigKeys (ConfUtils.java:logGet(43)) - raft.server.log.queue.byte-limit = 2147483647 (custom)
2019-10-04 23:11:39,792 [pool-433-thread-1] INFO  server.RaftServerConfigKeys (ConfUtils.java:logGet(43)) - raft.server.log.queue.element-limit = 1024 (custom)
2019-10-04 23:11:39,792 [pool-433-thread-1] INFO  server.RaftServerConfigKeys (ConfUtils.java:logGet(43)) - raft.server.log.segment.size.max = 1048576 (custom)
2019-10-04 23:11:39,792 [pool-433-thread-1] INFO  server.RaftServerConfigKeys (ConfUtils.java:logGet(43)) - raft.server.log.preallocated.size = 16384 (custom)
2019-10-04 23:11:39,792 [pool-433-thread-1] INFO  server.RaftServerConfigKeys (ConfUtils.java:logGet(43)) - raft.server.log.write.buffer.size = 33554432 (custom)
2019-10-04 23:11:39,793 [pool-433-thread-1] INFO  server.RaftServerConfigKeys (ConfUtils.java:logGet(43)) - raft.server.log.force.sync.num = 128 (default)
2019-10-04 23:11:39,793 [pool-433-thread-1] INFO  server.RaftServerConfigKeys (ConfUtils.java:logGet(43)) - raft.server.log.statemachine.data.sync = true (default)
2019-10-04 23:11:39,793 [pool-433-thread-1] INFO  server.RaftServerConfigKeys (ConfUtils.java:logGet(43)) - raft.server.log.statemachine.data.sync.timeout = 10s (default)
2019-10-04 23:11:39,793 [pool-433-thread-1] INFO  server.RaftServerConfigKeys (ConfUtils.java:logGet(43)) - raft.server.log.statemachine.data.sync.timeout.retry = -1 (default)
2019-10-04 23:11:39,793 [pool-433-thread-1] INFO  server.RaftServerConfigKeys (ConfUtils.java:logGet(43)) - raft.server.log.statemachine.data.caching.enabled = true (custom)
2019-10-04 23:11:39,794 [pool-433-thread-1] INFO  segmented.SegmentedRaftLogWorker (SegmentedRaftLogWorker.java:lambda$new$0(128)) - c3951d33-9312-4fb9-bcd5-f47b087663b5@group-A65A814D0271-SegmentedRaftLogWorker: flushIndex: setUnconditionally 0 -> -1
2019-10-04 23:11:39,794 [pool-433-thread-1] INFO  server.RaftServerConfigKeys (ConfUtils.java:logGet(43)) - raft.server.snapshot.auto.trigger.enabled = true (custom)
2019-10-04 23:11:39,794 [pool-433-thread-1] INFO  server.RaftServerConfigKeys (ConfUtils.java:logGet(43)) - raft.server.snapshot.auto.trigger.threshold = 10000 (custom)
2019-10-04 23:11:39,794 [pool-433-thread-1] INFO  server.RaftServerConfigKeys (ConfUtils.java:logGet(43)) - raft.server.snapshot.retention.file.num = 5 (custom)
2019-10-04 23:11:39,795 [pool-433-thread-1] INFO  server.RaftServerConfigKeys (ConfUtils.java:logGet(43)) - raft.server.retrycache.expirytime = 600000ms (custom)
2019-10-04 23:11:39,796 [pool-433-thread-1] INFO  impl.RaftServerImpl (RaftServerImpl.java:start(181)) - c3951d33-9312-4fb9-bcd5-f47b087663b5@group-A65A814D0271: start as a follower, conf=-1: [c3951d33-9312-4fb9-bcd5-f47b087663b5:192.168.164.255:35111], old=null
2019-10-04 23:11:39,797 [pool-433-thread-1] INFO  impl.RaftServerImpl (RaftServerImpl.java:setRole(170)) - c3951d33-9312-4fb9-bcd5-f47b087663b5@group-A65A814D0271: changes role from      null to FOLLOWER at term 0 for startAsFollower
2019-10-04 23:11:39,797 [pool-433-thread-1] INFO  impl.RoleInfo (RoleInfo.java:updateAndGet(143)) - c3951d33-9312-4fb9-bcd5-f47b087663b5: start FollowerState
2019-10-04 23:11:39,797 [pool-433-thread-1] INFO  util.JmxRegister (JmxRegister.java:tryRegister(44)) - Successfully registered JMX Bean with object name Ratis:service=RaftServer,group=group-A65A814D0271,id=c3951d33-9312-4fb9-bcd5-f47b087663b5
2019-10-04 23:11:39,802 [RatisPipelineUtilsThread] INFO  pipeline.PipelineStateManager (PipelineStateManager.java:addPipeline(56)) - Created pipeline Pipeline[ Id: df680f96-1392-49bd-96d8-a65a814d0271, Nodes: c3951d33-9312-4fb9-bcd5-f47b087663b5{ip: 192.168.164.255, host: pr-hdds-2181-c9q8w-3494937983, networkLocation: /default-rack, certSerialId: null}, Type:RATIS, Factor:ONE, State:OPEN]
2019-10-04 23:11:39,811 [grpc-default-executor-2] INFO  impl.RaftServerProxy (RaftServerProxy.java:addNew(89)) - 1dd6cb2a-84fa-477a-92a0-f2b2491b6aae: addNew group-3CFA6430C53D:[1dd6cb2a-84fa-477a-92a0-f2b2491b6aae:192.168.164.255:44588] returns group-3CFA6430C53D:java.util.concurrent.CompletableFuture@1ff71673[Not completed]
2019-10-04 23:11:39,812 [main] INFO  ozone.MiniOzoneClusterImpl (MiniOzoneClusterImpl.java:lambda$waitForClusterToBeReady$0(147)) - Cluster is ready. Got 7 of 7 DN Heartbeats.
2019-10-04 23:11:39,812 [IPC Server handler 2 on 40939] INFO  net.NetworkTopology (NetworkTopologyImpl.java:add(111)) - Added a new node: /default-rack/9d629f3d-b5ad-45a9-8f27-83b1ced3d684
2019-10-04 23:11:39,812 [pool-423-thread-1] INFO  impl.RaftServerImpl (RaftServerImpl.java:<init>(95)) - 1dd6cb2a-84fa-477a-92a0-f2b2491b6aae: new RaftServerImpl for group-3CFA6430C53D:[1dd6cb2a-84fa-477a-92a0-f2b2491b6aae:192.168.164.255:44588] with ContainerStateMachine:uninitialized
2019-10-04 23:11:39,813 [IPC Server handler 2 on 40939] INFO  node.SCMNodeManager (SCMNodeManager.java:register(268)) - Registered Data node : 9d629f3d-b5ad-45a9-8f27-83b1ced3d684{ip: 192.168.164.255, host: pr-hdds-2181-c9q8w-3494937983, networkLocation: /default-rack, certSerialId: null}
2019-10-04 23:11:39,813 [pool-423-thread-1] INFO  server.RaftServerConfigKeys (ConfUtils.java:logGet(43)) - raft.server.rpc.timeout.min = 5s (custom)
2019-10-04 23:11:39,813 [pool-423-thread-1] INFO  server.RaftServerConfigKeys (ConfUtils.java:logGet(43)) - raft.server.rpc.timeout.max = 5200ms (custom)
2019-10-04 23:11:39,813 [pool-423-thread-1] INFO  server.RaftServerConfigKeys (ConfUtils.java:logGet(43)) - raft.server.rpcslowness.timeout = 120s (custom)
2019-10-04 23:11:39,813 [pool-423-thread-1] INFO  server.RaftServerConfigKeys (ConfUtils.java:logGet(43)) - raft.server.sleep.deviation.threshold = 300 (default)
2019-10-04 23:11:39,813 [pool-423-thread-1] INFO  server.RaftServerConfigKeys (ConfUtils.java:logGet(43)) - raft.server.log.appender.install.snapshot.enabled = false (custom)
2019-10-04 23:11:39,813 [pool-423-thread-1] INFO  impl.RaftServerImpl (ServerState.java:<init>(103)) - 1dd6cb2a-84fa-477a-92a0-f2b2491b6aae@group-3CFA6430C53D: ConfigurationManager, init=-1: [1dd6cb2a-84fa-477a-92a0-f2b2491b6aae:192.168.164.255:44588], old=null, confs=<EMPTY_MAP>
2019-10-04 23:11:39,814 [pool-423-thread-1] INFO  server.RaftServerConfigKeys (ConfUtils.java:logGet(43)) - raft.server.storage.dir = [/workdir/hadoop-ozone/integration-test/target/test-dir/MiniOzoneClusterImpl-edf73136-247f-4d67-9c2b-ffcb6668a5a7/datanode-4/data/ratis] (custom)
2019-10-04 23:11:39,814 [pool-423-thread-1] INFO  server.RaftServerConfigKeys (ConfUtils.java:logGet(43)) - raft.server.log.corruption.policy = EXCEPTION (default)
2019-10-04 23:11:39,814 [pool-423-thread-1] INFO  storage.RaftStorageDirectory (RaftStorageDirectory.java:analyzeStorage(246)) - The storage directory /workdir/hadoop-ozone/integration-test/target/test-dir/MiniOzoneClusterImpl-edf73136-247f-4d67-9c2b-ffcb6668a5a7/datanode-4/data/ratis/a23f9995-64c6-416e-8cfb-3cfa6430c53d does not exist. Creating ...
2019-10-04 23:11:39,827 [pool-423-thread-1] INFO  storage.RaftStorageDirectory (RaftStorageDirectory.java:tryLock(328)) - Lock on /workdir/hadoop-ozone/integration-test/target/test-dir/MiniOzoneClusterImpl-edf73136-247f-4d67-9c2b-ffcb6668a5a7/datanode-4/data/ratis/a23f9995-64c6-416e-8cfb-3cfa6430c53d/in_use.lock acquired by nodename 15461@pr-hdds-2181-c9q8w-3494937983
2019-10-04 23:11:39,852 [main] INFO  rpc.RpcClient (RpcClient.java:createVolume(277)) - Creating Volume: watchforcommithandlingtest, with jenkins1000 as owner.
2019-10-04 23:11:39,855 [IPC Server handler 1 on 46402] INFO  volume.OMVolumeCreateRequest (OMVolumeCreateRequest.java:validateAndUpdateCache(193)) - created volume:watchforcommithandlingtest for user:jenkins1000
2019-10-04 23:11:39,857 [pool-423-thread-1] INFO  storage.RaftStorage (RaftStorage.java:format(84)) - Storage directory /workdir/hadoop-ozone/integration-test/target/test-dir/MiniOzoneClusterImpl-edf73136-247f-4d67-9c2b-ffcb6668a5a7/datanode-4/data/ratis/a23f9995-64c6-416e-8cfb-3cfa6430c53d has been successfully formatted.
2019-10-04 23:11:39,857 [pool-423-thread-1] INFO  ratis.ContainerStateMachine (ContainerStateMachine.java:loadSnapshot(230)) - group-3CFA6430C53D: The snapshot info is null. Setting the last applied indexto:(t:0, i:~)
2019-10-04 23:11:39,857 [pool-423-thread-1] INFO  server.RaftServerConfigKeys (ConfUtils.java:logGet(43)) - raft.server.notification.no-leader.timeout = 120s (custom)
2019-10-04 23:11:39,857 [pool-423-thread-1] INFO  server.RaftServerConfigKeys (ConfUtils.java:logGet(43)) - raft.server.log.use.memory = false (default)
2019-10-04 23:11:39,857 [pool-423-thread-1] INFO  server.RaftServerConfigKeys (ConfUtils.java:logGet(43)) - raft.server.log.purge.gap = 1000000 (custom)
2019-10-04 23:11:39,858 [pool-423-thread-1] INFO  server.RaftServerConfigKeys (ConfUtils.java:logGet(43)) - raft.server.log.appender.buffer.byte-limit = 33554432 (custom)
2019-10-04 23:11:39,858 [pool-423-thread-1] INFO  server.RaftServerConfigKeys (ConfUtils.java:logGet(43)) - raft.server.log.segment.size.max = 1048576 (custom)
2019-10-04 23:11:39,862 [pool-423-thread-1] INFO  server.RaftServerConfigKeys (ConfUtils.java:logGet(43)) - raft.server.log.segment.cache.num.max = 2 (custom)
2019-10-04 23:11:39,862 [pool-423-thread-1] INFO  segmented.SegmentedRaftLogWorker (SegmentedRaftLogWorker.java:<init>(173)) - new 1dd6cb2a-84fa-477a-92a0-f2b2491b6aae@group-3CFA6430C53D-SegmentedRaftLogWorker for RaftStorage:Storage Directory /workdir/hadoop-ozone/integration-test/target/test-dir/MiniOzoneClusterImpl-edf73136-247f-4d67-9c2b-ffcb6668a5a7/datanode-4/data/ratis/a23f9995-64c6-416e-8cfb-3cfa6430c53d
2019-10-04 23:11:39,871 [pool-423-thread-1] INFO  server.RaftServerConfigKeys (ConfUtils.java:logGet(43)) - raft.server.log.queue.byte-limit = 2147483647 (custom)
2019-10-04 23:11:39,871 [pool-423-thread-1] INFO  server.RaftServerConfigKeys (ConfUtils.java:logGet(43)) - raft.server.log.queue.element-limit = 1024 (custom)
2019-10-04 23:11:39,871 [pool-423-thread-1] INFO  server.RaftServerConfigKeys (ConfUtils.java:logGet(43)) - raft.server.log.segment.size.max = 1048576 (custom)
2019-10-04 23:11:39,871 [pool-423-thread-1] INFO  server.RaftServerConfigKeys (ConfUtils.java:logGet(43)) - raft.server.log.preallocated.size = 16384 (custom)
2019-10-04 23:11:39,871 [pool-423-thread-1] INFO  server.RaftServerConfigKeys (ConfUtils.java:logGet(43)) - raft.server.log.write.buffer.size = 33554432 (custom)
2019-10-04 23:11:39,871 [pool-423-thread-1] INFO  server.RaftServerConfigKeys (ConfUtils.java:logGet(43)) - raft.server.log.force.sync.num = 128 (default)
2019-10-04 23:11:39,872 [pool-423-thread-1] INFO  server.RaftServerConfigKeys (ConfUtils.java:logGet(43)) - raft.server.log.statemachine.data.sync = true (default)
2019-10-04 23:11:39,872 [pool-423-thread-1] INFO  server.RaftServerConfigKeys (ConfUtils.java:logGet(43)) - raft.server.log.statemachine.data.sync.timeout = 10s (default)
2019-10-04 23:11:39,872 [pool-423-thread-1] INFO  server.RaftServerConfigKeys (ConfUtils.java:logGet(43)) - raft.server.log.statemachine.data.sync.timeout.retry = -1 (default)
2019-10-04 23:11:39,881 [pool-423-thread-1] INFO  server.RaftServerConfigKeys (ConfUtils.java:logGet(43)) - raft.server.log.statemachine.data.caching.enabled = true (custom)
2019-10-04 23:11:39,881 [main] INFO  rpc.RpcClient (RpcClient.java:createBucket(416)) - Creating Bucket: watchforcommithandlingtest/watchforcommithandlingtest, with Versioning false and Storage Type set to DISK and Encryption set to false 
2019-10-04 23:11:39,881 [pool-423-thread-1] INFO  segmented.SegmentedRaftLogWorker (SegmentedRaftLogWorker.java:lambda$new$0(128)) - 1dd6cb2a-84fa-477a-92a0-f2b2491b6aae@group-3CFA6430C53D-SegmentedRaftLogWorker: flushIndex: setUnconditionally 0 -> -1
2019-10-04 23:11:39,882 [pool-423-thread-1] INFO  server.RaftServerConfigKeys (ConfUtils.java:logGet(43)) - raft.server.snapshot.auto.trigger.enabled = true (custom)
2019-10-04 23:11:39,882 [pool-423-thread-1] INFO  server.RaftServerConfigKeys (ConfUtils.java:logGet(43)) - raft.server.snapshot.auto.trigger.threshold = 10000 (custom)
2019-10-04 23:11:39,882 [pool-423-thread-1] INFO  server.RaftServerConfigKeys (ConfUtils.java:logGet(43)) - raft.server.snapshot.retention.file.num = 5 (custom)
2019-10-04 23:11:39,882 [pool-423-thread-1] INFO  server.RaftServerConfigKeys (ConfUtils.java:logGet(43)) - raft.server.retrycache.expirytime = 600000ms (custom)
2019-10-04 23:11:39,885 [pool-423-thread-1] INFO  impl.RaftServerImpl (RaftServerImpl.java:start(181)) - 1dd6cb2a-84fa-477a-92a0-f2b2491b6aae@group-3CFA6430C53D: start as a follower, conf=-1: [1dd6cb2a-84fa-477a-92a0-f2b2491b6aae:192.168.164.255:44588], old=null
2019-10-04 23:11:39,885 [pool-423-thread-1] INFO  impl.RaftServerImpl (RaftServerImpl.java:setRole(170)) - 1dd6cb2a-84fa-477a-92a0-f2b2491b6aae@group-3CFA6430C53D: changes role from      null to FOLLOWER at term 0 for startAsFollower
2019-10-04 23:11:39,885 [pool-423-thread-1] INFO  impl.RoleInfo (RoleInfo.java:updateAndGet(143)) - 1dd6cb2a-84fa-477a-92a0-f2b2491b6aae: start FollowerState
2019-10-04 23:11:39,885 [pool-423-thread-1] INFO  util.JmxRegister (JmxRegister.java:tryRegister(44)) - Successfully registered JMX Bean with object name Ratis:service=RaftServer,group=group-3CFA6430C53D,id=1dd6cb2a-84fa-477a-92a0-f2b2491b6aae
2019-10-04 23:11:39,885 [main] INFO  ozone.MiniOzoneClusterImpl (MiniOzoneClusterImpl.java:getStorageContainerLocationClient(234)) - Creating StorageContainerLocationProtocol RPC client with address /0.0.0.0:43352
2019-10-04 23:11:39,888 [RatisPipelineUtilsThread] INFO  pipeline.PipelineStateManager (PipelineStateManager.java:addPipeline(56)) - Created pipeline Pipeline[ Id: a23f9995-64c6-416e-8cfb-3cfa6430c53d, Nodes: 1dd6cb2a-84fa-477a-92a0-f2b2491b6aae{ip: 192.168.164.255, host: pr-hdds-2181-c9q8w-3494937983, networkLocation: /default-rack, certSerialId: null}, Type:RATIS, Factor:ONE, State:OPEN]
2019-10-04 23:11:39,893 [grpc-default-executor-2] INFO  impl.RaftServerProxy (RaftServerProxy.java:addNew(89)) - 9d629f3d-b5ad-45a9-8f27-83b1ced3d684: addNew group-6F2977CF915F:[9d629f3d-b5ad-45a9-8f27-83b1ced3d684:192.168.164.255:36201] returns group-6F2977CF915F:java.util.concurrent.CompletableFuture@29b536dd[Not completed]
2019-10-04 23:11:39,895 [pool-443-thread-1] INFO  impl.RaftServerImpl (RaftServerImpl.java:<init>(95)) - 9d629f3d-b5ad-45a9-8f27-83b1ced3d684: new RaftServerImpl for group-6F2977CF915F:[9d629f3d-b5ad-45a9-8f27-83b1ced3d684:192.168.164.255:36201] with ContainerStateMachine:uninitialized
2019-10-04 23:11:39,895 [pool-443-thread-1] INFO  server.RaftServerConfigKeys (ConfUtils.java:logGet(43)) - raft.server.rpc.timeout.min = 5s (custom)
2019-10-04 23:11:39,895 [pool-443-thread-1] INFO  server.RaftServerConfigKeys (ConfUtils.java:logGet(43)) - raft.server.rpc.timeout.max = 5200ms (custom)
2019-10-04 23:11:39,895 [pool-443-thread-1] INFO  server.RaftServerConfigKeys (ConfUtils.java:logGet(43)) - raft.server.rpcslowness.timeout = 120s (custom)
2019-10-04 23:11:39,895 [pool-443-thread-1] INFO  server.RaftServerConfigKeys (ConfUtils.java:logGet(43)) - raft.server.sleep.deviation.threshold = 300 (default)
2019-10-04 23:11:39,895 [pool-443-thread-1] INFO  server.RaftServerConfigKeys (ConfUtils.java:logGet(43)) - raft.server.log.appender.install.snapshot.enabled = false (custom)
2019-10-04 23:11:39,895 [pool-443-thread-1] INFO  impl.RaftServerImpl (ServerState.java:<init>(103)) - 9d629f3d-b5ad-45a9-8f27-83b1ced3d684@group-6F2977CF915F: ConfigurationManager, init=-1: [9d629f3d-b5ad-45a9-8f27-83b1ced3d684:192.168.164.255:36201], old=null, confs=<EMPTY_MAP>
2019-10-04 23:11:39,896 [pool-443-thread-1] INFO  server.RaftServerConfigKeys (ConfUtils.java:logGet(43)) - raft.server.storage.dir = [/workdir/hadoop-ozone/integration-test/target/test-dir/MiniOzoneClusterImpl-edf73136-247f-4d67-9c2b-ffcb6668a5a7/datanode-6/data/ratis] (custom)
2019-10-04 23:11:39,896 [pool-443-thread-1] INFO  server.RaftServerConfigKeys (ConfUtils.java:logGet(43)) - raft.server.log.corruption.policy = EXCEPTION (default)
2019-10-04 23:11:39,896 [pool-443-thread-1] INFO  storage.RaftStorageDirectory (RaftStorageDirectory.java:analyzeStorage(246)) - The storage directory /workdir/hadoop-ozone/integration-test/target/test-dir/MiniOzoneClusterImpl-edf73136-247f-4d67-9c2b-ffcb6668a5a7/datanode-6/data/ratis/ca8a9aeb-6c62-458e-99a0-6f2977cf915f does not exist. Creating ...
2019-10-04 23:11:39,909 [pool-443-thread-1] INFO  storage.RaftStorageDirectory (RaftStorageDirectory.java:tryLock(328)) - Lock on /workdir/hadoop-ozone/integration-test/target/test-dir/MiniOzoneClusterImpl-edf73136-247f-4d67-9c2b-ffcb6668a5a7/datanode-6/data/ratis/ca8a9aeb-6c62-458e-99a0-6f2977cf915f/in_use.lock acquired by nodename 15461@pr-hdds-2181-c9q8w-3494937983
2019-10-04 23:11:39,928 [pool-443-thread-1] INFO  storage.RaftStorage (RaftStorage.java:format(84)) - Storage directory /workdir/hadoop-ozone/integration-test/target/test-dir/MiniOzoneClusterImpl-edf73136-247f-4d67-9c2b-ffcb6668a5a7/datanode-6/data/ratis/ca8a9aeb-6c62-458e-99a0-6f2977cf915f has been successfully formatted.
2019-10-04 23:11:39,928 [pool-443-thread-1] INFO  ratis.ContainerStateMachine (ContainerStateMachine.java:loadSnapshot(230)) - group-6F2977CF915F: The snapshot info is null. Setting the last applied indexto:(t:0, i:~)
2019-10-04 23:11:39,928 [pool-443-thread-1] INFO  server.RaftServerConfigKeys (ConfUtils.java:logGet(43)) - raft.server.notification.no-leader.timeout = 120s (custom)
2019-10-04 23:11:39,928 [pool-443-thread-1] INFO  server.RaftServerConfigKeys (ConfUtils.java:logGet(43)) - raft.server.log.use.memory = false (default)
2019-10-04 23:11:39,929 [pool-443-thread-1] INFO  server.RaftServerConfigKeys (ConfUtils.java:logGet(43)) - raft.server.log.purge.gap = 1000000 (custom)
2019-10-04 23:11:39,929 [pool-443-thread-1] INFO  server.RaftServerConfigKeys (ConfUtils.java:logGet(43)) - raft.server.log.appender.buffer.byte-limit = 33554432 (custom)
2019-10-04 23:11:39,929 [pool-443-thread-1] INFO  server.RaftServerConfigKeys (ConfUtils.java:logGet(43)) - raft.server.log.segment.size.max = 1048576 (custom)
2019-10-04 23:11:39,930 [pool-443-thread-1] INFO  server.RaftServerConfigKeys (ConfUtils.java:logGet(43)) - raft.server.log.segment.cache.num.max = 2 (custom)
2019-10-04 23:11:39,930 [pool-443-thread-1] INFO  segmented.SegmentedRaftLogWorker (SegmentedRaftLogWorker.java:<init>(173)) - new 9d629f3d-b5ad-45a9-8f27-83b1ced3d684@group-6F2977CF915F-SegmentedRaftLogWorker for RaftStorage:Storage Directory /workdir/hadoop-ozone/integration-test/target/test-dir/MiniOzoneClusterImpl-edf73136-247f-4d67-9c2b-ffcb6668a5a7/datanode-6/data/ratis/ca8a9aeb-6c62-458e-99a0-6f2977cf915f
2019-10-04 23:11:39,931 [pool-443-thread-1] INFO  server.RaftServerConfigKeys (ConfUtils.java:logGet(43)) - raft.server.log.queue.byte-limit = 2147483647 (custom)
2019-10-04 23:11:39,931 [pool-443-thread-1] INFO  server.RaftServerConfigKeys (ConfUtils.java:logGet(43)) - raft.server.log.queue.element-limit = 1024 (custom)
2019-10-04 23:11:39,931 [pool-443-thread-1] INFO  server.RaftServerConfigKeys (ConfUtils.java:logGet(43)) - raft.server.log.segment.size.max = 1048576 (custom)
2019-10-04 23:11:39,931 [pool-443-thread-1] INFO  server.RaftServerConfigKeys (ConfUtils.java:logGet(43)) - raft.server.log.preallocated.size = 16384 (custom)
2019-10-04 23:11:39,931 [pool-443-thread-1] INFO  server.RaftServerConfigKeys (ConfUtils.java:logGet(43)) - raft.server.log.write.buffer.size = 33554432 (custom)
2019-10-04 23:11:39,931 [pool-443-thread-1] INFO  server.RaftServerConfigKeys (ConfUtils.java:logGet(43)) - raft.server.log.force.sync.num = 128 (default)
2019-10-04 23:11:39,931 [pool-443-thread-1] INFO  server.RaftServerConfigKeys (ConfUtils.java:logGet(43)) - raft.server.log.statemachine.data.sync = true (default)
2019-10-04 23:11:39,931 [pool-443-thread-1] INFO  server.RaftServerConfigKeys (ConfUtils.java:logGet(43)) - raft.server.log.statemachine.data.sync.timeout = 10s (default)
2019-10-04 23:11:39,931 [pool-443-thread-1] INFO  server.RaftServerConfigKeys (ConfUtils.java:logGet(43)) - raft.server.log.statemachine.data.sync.timeout.retry = -1 (default)
2019-10-04 23:11:39,932 [pool-443-thread-1] INFO  server.RaftServerConfigKeys (ConfUtils.java:logGet(43)) - raft.server.log.statemachine.data.caching.enabled = true (custom)
2019-10-04 23:11:39,932 [pool-443-thread-1] INFO  segmented.SegmentedRaftLogWorker (SegmentedRaftLogWorker.java:lambda$new$0(128)) - 9d629f3d-b5ad-45a9-8f27-83b1ced3d684@group-6F2977CF915F-SegmentedRaftLogWorker: flushIndex: setUnconditionally 0 -> -1
2019-10-04 23:11:39,932 [pool-443-thread-1] INFO  server.RaftServerConfigKeys (ConfUtils.java:logGet(43)) - raft.server.snapshot.auto.trigger.enabled = true (custom)
2019-10-04 23:11:39,932 [pool-443-thread-1] INFO  server.RaftServerConfigKeys (ConfUtils.java:logGet(43)) - raft.server.snapshot.auto.trigger.threshold = 10000 (custom)
2019-10-04 23:11:39,932 [pool-443-thread-1] INFO  server.RaftServerConfigKeys (ConfUtils.java:logGet(43)) - raft.server.snapshot.retention.file.num = 5 (custom)
2019-10-04 23:11:39,933 [pool-443-thread-1] INFO  server.RaftServerConfigKeys (ConfUtils.java:logGet(43)) - raft.server.retrycache.expirytime = 600000ms (custom)
2019-10-04 23:11:39,934 [pool-443-thread-1] INFO  impl.RaftServerImpl (RaftServerImpl.java:start(181)) - 9d629f3d-b5ad-45a9-8f27-83b1ced3d684@group-6F2977CF915F: start as a follower, conf=-1: [9d629f3d-b5ad-45a9-8f27-83b1ced3d684:192.168.164.255:36201], old=null
2019-10-04 23:11:39,934 [pool-443-thread-1] INFO  impl.RaftServerImpl (RaftServerImpl.java:setRole(170)) - 9d629f3d-b5ad-45a9-8f27-83b1ced3d684@group-6F2977CF915F: changes role from      null to FOLLOWER at term 0 for startAsFollower
2019-10-04 23:11:39,934 [pool-443-thread-1] INFO  impl.RoleInfo (RoleInfo.java:updateAndGet(143)) - 9d629f3d-b5ad-45a9-8f27-83b1ced3d684: start FollowerState
2019-10-04 23:11:39,934 [pool-443-thread-1] INFO  util.JmxRegister (JmxRegister.java:tryRegister(44)) - Successfully registered JMX Bean with object name Ratis:service=RaftServer,group=group-6F2977CF915F,id=9d629f3d-b5ad-45a9-8f27-83b1ced3d684
2019-10-04 23:11:39,938 [RatisPipelineUtilsThread] INFO  pipeline.PipelineStateManager (PipelineStateManager.java:addPipeline(56)) - Created pipeline Pipeline[ Id: ca8a9aeb-6c62-458e-99a0-6f2977cf915f, Nodes: 9d629f3d-b5ad-45a9-8f27-83b1ced3d684{ip: 192.168.164.255, host: pr-hdds-2181-c9q8w-3494937983, networkLocation: /default-rack, certSerialId: null}, Type:RATIS, Factor:ONE, State:OPEN]
2019-10-04 23:11:39,954 [grpc-default-executor-6] INFO  impl.RaftServerProxy (RaftServerProxy.java:addNew(89)) - 9d629f3d-b5ad-45a9-8f27-83b1ced3d684: addNew group-787DF1191CEE:[c3951d33-9312-4fb9-bcd5-f47b087663b5:192.168.164.255:35111, 9d629f3d-b5ad-45a9-8f27-83b1ced3d684:192.168.164.255:36201, 1dd6cb2a-84fa-477a-92a0-f2b2491b6aae:192.168.164.255:44588] returns group-787DF1191CEE:java.util.concurrent.CompletableFuture@53da660[Not completed]
2019-10-04 23:11:39,954 [grpc-default-executor-2] INFO  impl.RaftServerProxy (RaftServerProxy.java:addNew(89)) - c3951d33-9312-4fb9-bcd5-f47b087663b5: addNew group-787DF1191CEE:[c3951d33-9312-4fb9-bcd5-f47b087663b5:192.168.164.255:35111, 9d629f3d-b5ad-45a9-8f27-83b1ced3d684:192.168.164.255:36201, 1dd6cb2a-84fa-477a-92a0-f2b2491b6aae:192.168.164.255:44588] returns group-787DF1191CEE:java.util.concurrent.CompletableFuture@4c3e0cbb[Not completed]
2019-10-04 23:11:39,954 [grpc-default-executor-2] INFO  impl.RaftServerProxy (RaftServerProxy.java:addNew(89)) - 1dd6cb2a-84fa-477a-92a0-f2b2491b6aae: addNew group-787DF1191CEE:[c3951d33-9312-4fb9-bcd5-f47b087663b5:192.168.164.255:35111, 9d629f3d-b5ad-45a9-8f27-83b1ced3d684:192.168.164.255:36201, 1dd6cb2a-84fa-477a-92a0-f2b2491b6aae:192.168.164.255:44588] returns group-787DF1191CEE:java.util.concurrent.CompletableFuture@5e632bcc[Not completed]
2019-10-04 23:11:39,955 [pool-443-thread-1] INFO  impl.RaftServerImpl (RaftServerImpl.java:<init>(95)) - 9d629f3d-b5ad-45a9-8f27-83b1ced3d684: new RaftServerImpl for group-787DF1191CEE:[c3951d33-9312-4fb9-bcd5-f47b087663b5:192.168.164.255:35111, 9d629f3d-b5ad-45a9-8f27-83b1ced3d684:192.168.164.255:36201, 1dd6cb2a-84fa-477a-92a0-f2b2491b6aae:192.168.164.255:44588] with ContainerStateMachine:uninitialized
2019-10-04 23:11:39,955 [pool-443-thread-1] INFO  server.RaftServerConfigKeys (ConfUtils.java:logGet(43)) - raft.server.rpc.timeout.min = 5s (custom)
2019-10-04 23:11:39,956 [pool-443-thread-1] INFO  server.RaftServerConfigKeys (ConfUtils.java:logGet(43)) - raft.server.rpc.timeout.max = 5200ms (custom)
2019-10-04 23:11:39,956 [pool-423-thread-1] INFO  impl.RaftServerImpl (RaftServerImpl.java:<init>(95)) - 1dd6cb2a-84fa-477a-92a0-f2b2491b6aae: new RaftServerImpl for group-787DF1191CEE:[c3951d33-9312-4fb9-bcd5-f47b087663b5:192.168.164.255:35111, 9d629f3d-b5ad-45a9-8f27-83b1ced3d684:192.168.164.255:36201, 1dd6cb2a-84fa-477a-92a0-f2b2491b6aae:192.168.164.255:44588] with ContainerStateMachine:uninitialized
2019-10-04 23:11:39,956 [pool-443-thread-1] INFO  server.RaftServerConfigKeys (ConfUtils.java:logGet(43)) - raft.server.rpcslowness.timeout = 120s (custom)
2019-10-04 23:11:39,956 [pool-423-thread-1] INFO  server.RaftServerConfigKeys (ConfUtils.java:logGet(43)) - raft.server.rpc.timeout.min = 5s (custom)
2019-10-04 23:11:39,956 [pool-443-thread-1] INFO  server.RaftServerConfigKeys (ConfUtils.java:logGet(43)) - raft.server.sleep.deviation.threshold = 300 (default)
2019-10-04 23:11:39,956 [pool-423-thread-1] INFO  server.RaftServerConfigKeys (ConfUtils.java:logGet(43)) - raft.server.rpc.timeout.max = 5200ms (custom)
2019-10-04 23:11:39,956 [pool-443-thread-1] INFO  server.RaftServerConfigKeys (ConfUtils.java:logGet(43)) - raft.server.log.appender.install.snapshot.enabled = false (custom)
2019-10-04 23:11:39,956 [pool-423-thread-1] INFO  server.RaftServerConfigKeys (ConfUtils.java:logGet(43)) - raft.server.rpcslowness.timeout = 120s (custom)
2019-10-04 23:11:39,956 [pool-423-thread-1] INFO  server.RaftServerConfigKeys (ConfUtils.java:logGet(43)) - raft.server.sleep.deviation.threshold = 300 (default)
2019-10-04 23:11:39,956 [pool-443-thread-1] INFO  impl.RaftServerImpl (ServerState.java:<init>(103)) - 9d629f3d-b5ad-45a9-8f27-83b1ced3d684@group-787DF1191CEE: ConfigurationManager, init=-1: [c3951d33-9312-4fb9-bcd5-f47b087663b5:192.168.164.255:35111, 9d629f3d-b5ad-45a9-8f27-83b1ced3d684:192.168.164.255:36201, 1dd6cb2a-84fa-477a-92a0-f2b2491b6aae:192.168.164.255:44588], old=null, confs=<EMPTY_MAP>
2019-10-04 23:11:39,956 [pool-423-thread-1] INFO  server.RaftServerConfigKeys (ConfUtils.java:logGet(43)) - raft.server.log.appender.install.snapshot.enabled = false (custom)
2019-10-04 23:11:39,956 [pool-443-thread-1] INFO  server.RaftServerConfigKeys (ConfUtils.java:logGet(43)) - raft.server.storage.dir = [/workdir/hadoop-ozone/integration-test/target/test-dir/MiniOzoneClusterImpl-edf73136-247f-4d67-9c2b-ffcb6668a5a7/datanode-6/data/ratis] (custom)
2019-10-04 23:11:39,956 [pool-423-thread-1] INFO  impl.RaftServerImpl (ServerState.java:<init>(103)) - 1dd6cb2a-84fa-477a-92a0-f2b2491b6aae@group-787DF1191CEE: ConfigurationManager, init=-1: [c3951d33-9312-4fb9-bcd5-f47b087663b5:192.168.164.255:35111, 9d629f3d-b5ad-45a9-8f27-83b1ced3d684:192.168.164.255:36201, 1dd6cb2a-84fa-477a-92a0-f2b2491b6aae:192.168.164.255:44588], old=null, confs=<EMPTY_MAP>
2019-10-04 23:11:39,957 [pool-423-thread-1] INFO  server.RaftServerConfigKeys (ConfUtils.java:logGet(43)) - raft.server.storage.dir = [/workdir/hadoop-ozone/integration-test/target/test-dir/MiniOzoneClusterImpl-edf73136-247f-4d67-9c2b-ffcb6668a5a7/datanode-4/data/ratis] (custom)
2019-10-04 23:11:39,957 [pool-443-thread-1] INFO  server.RaftServerConfigKeys (ConfUtils.java:logGet(43)) - raft.server.log.corruption.policy = EXCEPTION (default)
2019-10-04 23:11:39,957 [pool-423-thread-1] INFO  server.RaftServerConfigKeys (ConfUtils.java:logGet(43)) - raft.server.log.corruption.policy = EXCEPTION (default)
2019-10-04 23:11:39,957 [pool-443-thread-1] INFO  storage.RaftStorageDirectory (RaftStorageDirectory.java:analyzeStorage(246)) - The storage directory /workdir/hadoop-ozone/integration-test/target/test-dir/MiniOzoneClusterImpl-edf73136-247f-4d67-9c2b-ffcb6668a5a7/datanode-6/data/ratis/b894b312-cd93-48c4-9ea7-787df1191cee does not exist. Creating ...
2019-10-04 23:11:39,957 [pool-433-thread-1] INFO  impl.RaftServerImpl (RaftServerImpl.java:<init>(95)) - c3951d33-9312-4fb9-bcd5-f47b087663b5: new RaftServerImpl for group-787DF1191CEE:[c3951d33-9312-4fb9-bcd5-f47b087663b5:192.168.164.255:35111, 9d629f3d-b5ad-45a9-8f27-83b1ced3d684:192.168.164.255:36201, 1dd6cb2a-84fa-477a-92a0-f2b2491b6aae:192.168.164.255:44588] with ContainerStateMachine:uninitialized
2019-10-04 23:11:39,957 [pool-423-thread-1] INFO  storage.RaftStorageDirectory (RaftStorageDirectory.java:analyzeStorage(246)) - The storage directory /workdir/hadoop-ozone/integration-test/target/test-dir/MiniOzoneClusterImpl-edf73136-247f-4d67-9c2b-ffcb6668a5a7/datanode-4/data/ratis/b894b312-cd93-48c4-9ea7-787df1191cee does not exist. Creating ...
2019-10-04 23:11:39,957 [pool-433-thread-1] INFO  server.RaftServerConfigKeys (ConfUtils.java:logGet(43)) - raft.server.rpc.timeout.min = 5s (custom)
2019-10-04 23:11:39,957 [pool-433-thread-1] INFO  server.RaftServerConfigKeys (ConfUtils.java:logGet(43)) - raft.server.rpc.timeout.max = 5200ms (custom)
2019-10-04 23:11:39,958 [pool-433-thread-1] INFO  server.RaftServerConfigKeys (ConfUtils.java:logGet(43)) - raft.server.rpcslowness.timeout = 120s (custom)
2019-10-04 23:11:39,958 [pool-433-thread-1] INFO  server.RaftServerConfigKeys (ConfUtils.java:logGet(43)) - raft.server.sleep.deviation.threshold = 300 (default)
2019-10-04 23:11:39,958 [pool-433-thread-1] INFO  server.RaftServerConfigKeys (ConfUtils.java:logGet(43)) - raft.server.log.appender.install.snapshot.enabled = false (custom)
2019-10-04 23:11:39,958 [pool-433-thread-1] INFO  impl.RaftServerImpl (ServerState.java:<init>(103)) - c3951d33-9312-4fb9-bcd5-f47b087663b5@group-787DF1191CEE: ConfigurationManager, init=-1: [c3951d33-9312-4fb9-bcd5-f47b087663b5:192.168.164.255:35111, 9d629f3d-b5ad-45a9-8f27-83b1ced3d684:192.168.164.255:36201, 1dd6cb2a-84fa-477a-92a0-f2b2491b6aae:192.168.164.255:44588], old=null, confs=<EMPTY_MAP>
2019-10-04 23:11:39,958 [pool-433-thread-1] INFO  server.RaftServerConfigKeys (ConfUtils.java:logGet(43)) - raft.server.storage.dir = [/workdir/hadoop-ozone/integration-test/target/test-dir/MiniOzoneClusterImpl-edf73136-247f-4d67-9c2b-ffcb6668a5a7/datanode-5/data/ratis] (custom)
2019-10-04 23:11:39,959 [pool-433-thread-1] INFO  server.RaftServerConfigKeys (ConfUtils.java:logGet(43)) - raft.server.log.corruption.policy = EXCEPTION (default)
2019-10-04 23:11:39,959 [pool-433-thread-1] INFO  storage.RaftStorageDirectory (RaftStorageDirectory.java:analyzeStorage(246)) - The storage directory /workdir/hadoop-ozone/integration-test/target/test-dir/MiniOzoneClusterImpl-edf73136-247f-4d67-9c2b-ffcb6668a5a7/datanode-5/data/ratis/b894b312-cd93-48c4-9ea7-787df1191cee does not exist. Creating ...
2019-10-04 23:11:39,970 [pool-423-thread-1] INFO  storage.RaftStorageDirectory (RaftStorageDirectory.java:tryLock(328)) - Lock on /workdir/hadoop-ozone/integration-test/target/test-dir/MiniOzoneClusterImpl-edf73136-247f-4d67-9c2b-ffcb6668a5a7/datanode-4/data/ratis/b894b312-cd93-48c4-9ea7-787df1191cee/in_use.lock acquired by nodename 15461@pr-hdds-2181-c9q8w-3494937983
2019-10-04 23:11:39,970 [pool-443-thread-1] INFO  storage.RaftStorageDirectory (RaftStorageDirectory.java:tryLock(328)) - Lock on /workdir/hadoop-ozone/integration-test/target/test-dir/MiniOzoneClusterImpl-edf73136-247f-4d67-9c2b-ffcb6668a5a7/datanode-6/data/ratis/b894b312-cd93-48c4-9ea7-787df1191cee/in_use.lock acquired by nodename 15461@pr-hdds-2181-c9q8w-3494937983
2019-10-04 23:11:39,970 [pool-433-thread-1] INFO  storage.RaftStorageDirectory (RaftStorageDirectory.java:tryLock(328)) - Lock on /workdir/hadoop-ozone/integration-test/target/test-dir/MiniOzoneClusterImpl-edf73136-247f-4d67-9c2b-ffcb6668a5a7/datanode-5/data/ratis/b894b312-cd93-48c4-9ea7-787df1191cee/in_use.lock acquired by nodename 15461@pr-hdds-2181-c9q8w-3494937983
2019-10-04 23:11:39,984 [pool-423-thread-1] INFO  storage.RaftStorage (RaftStorage.java:format(84)) - Storage directory /workdir/hadoop-ozone/integration-test/target/test-dir/MiniOzoneClusterImpl-edf73136-247f-4d67-9c2b-ffcb6668a5a7/datanode-4/data/ratis/b894b312-cd93-48c4-9ea7-787df1191cee has been successfully formatted.
2019-10-04 23:11:39,984 [pool-443-thread-1] INFO  storage.RaftStorage (RaftStorage.java:format(84)) - Storage directory /workdir/hadoop-ozone/integration-test/target/test-dir/MiniOzoneClusterImpl-edf73136-247f-4d67-9c2b-ffcb6668a5a7/datanode-6/data/ratis/b894b312-cd93-48c4-9ea7-787df1191cee has been successfully formatted.
2019-10-04 23:11:39,984 [pool-433-thread-1] INFO  storage.RaftStorage (RaftStorage.java:format(84)) - Storage directory /workdir/hadoop-ozone/integration-test/target/test-dir/MiniOzoneClusterImpl-edf73136-247f-4d67-9c2b-ffcb6668a5a7/datanode-5/data/ratis/b894b312-cd93-48c4-9ea7-787df1191cee has been successfully formatted.
2019-10-04 23:11:39,984 [pool-423-thread-1] INFO  ratis.ContainerStateMachine (ContainerStateMachine.java:loadSnapshot(230)) - group-787DF1191CEE: The snapshot info is null. Setting the last applied indexto:(t:0, i:~)
2019-10-04 23:11:39,984 [pool-433-thread-1] INFO  ratis.ContainerStateMachine (ContainerStateMachine.java:loadSnapshot(230)) - group-787DF1191CEE: The snapshot info is null. Setting the last applied indexto:(t:0, i:~)
2019-10-04 23:11:39,984 [pool-443-thread-1] INFO  ratis.ContainerStateMachine (ContainerStateMachine.java:loadSnapshot(230)) - group-787DF1191CEE: The snapshot info is null. Setting the last applied indexto:(t:0, i:~)
2019-10-04 23:11:39,984 [pool-433-thread-1] INFO  server.RaftServerConfigKeys (ConfUtils.java:logGet(43)) - raft.server.notification.no-leader.timeout = 120s (custom)
2019-10-04 23:11:39,984 [pool-423-thread-1] INFO  server.RaftServerConfigKeys (ConfUtils.java:logGet(43)) - raft.server.notification.no-leader.timeout = 120s (custom)
2019-10-04 23:11:39,985 [pool-433-thread-1] INFO  server.RaftServerConfigKeys (ConfUtils.java:logGet(43)) - raft.server.log.use.memory = false (default)
2019-10-04 23:11:39,984 [pool-443-thread-1] INFO  server.RaftServerConfigKeys (ConfUtils.java:logGet(43)) - raft.server.notification.no-leader.timeout = 120s (custom)
2019-10-04 23:11:39,985 [pool-433-thread-1] INFO  server.RaftServerConfigKeys (ConfUtils.java:logGet(43)) - raft.server.log.purge.gap = 1000000 (custom)
2019-10-04 23:11:39,985 [pool-423-thread-1] INFO  server.RaftServerConfigKeys (ConfUtils.java:logGet(43)) - raft.server.log.use.memory = false (default)
2019-10-04 23:11:39,985 [pool-433-thread-1] INFO  server.RaftServerConfigKeys (ConfUtils.java:logGet(43)) - raft.server.log.appender.buffer.byte-limit = 33554432 (custom)
2019-10-04 23:11:39,985 [pool-443-thread-1] INFO  server.RaftServerConfigKeys (ConfUtils.java:logGet(43)) - raft.server.log.use.memory = false (default)
2019-10-04 23:11:39,985 [pool-433-thread-1] INFO  server.RaftServerConfigKeys (ConfUtils.java:logGet(43)) - raft.server.log.segment.size.max = 1048576 (custom)
2019-10-04 23:11:39,985 [pool-423-thread-1] INFO  server.RaftServerConfigKeys (ConfUtils.java:logGet(43)) - raft.server.log.purge.gap = 1000000 (custom)
2019-10-04 23:11:39,986 [pool-433-thread-1] INFO  server.RaftServerConfigKeys (ConfUtils.java:logGet(43)) - raft.server.log.segment.cache.num.max = 2 (custom)
2019-10-04 23:11:39,985 [pool-443-thread-1] INFO  server.RaftServerConfigKeys (ConfUtils.java:logGet(43)) - raft.server.log.purge.gap = 1000000 (custom)
2019-10-04 23:11:39,986 [pool-433-thread-1] INFO  segmented.SegmentedRaftLogWorker (SegmentedRaftLogWorker.java:<init>(173)) - new c3951d33-9312-4fb9-bcd5-f47b087663b5@group-787DF1191CEE-SegmentedRaftLogWorker for RaftStorage:Storage Directory /workdir/hadoop-ozone/integration-test/target/test-dir/MiniOzoneClusterImpl-edf73136-247f-4d67-9c2b-ffcb6668a5a7/datanode-5/data/ratis/b894b312-cd93-48c4-9ea7-787df1191cee
2019-10-04 23:11:39,986 [pool-423-thread-1] INFO  server.RaftServerConfigKeys (ConfUtils.java:logGet(43)) - raft.server.log.appender.buffer.byte-limit = 33554432 (custom)
2019-10-04 23:11:39,986 [pool-433-thread-1] INFO  server.RaftServerConfigKeys (ConfUtils.java:logGet(43)) - raft.server.log.queue.byte-limit = 2147483647 (custom)
2019-10-04 23:11:39,986 [pool-443-thread-1] INFO  server.RaftServerConfigKeys (ConfUtils.java:logGet(43)) - raft.server.log.appender.buffer.byte-limit = 33554432 (custom)
2019-10-04 23:11:39,987 [pool-433-thread-1] INFO  server.RaftServerConfigKeys (ConfUtils.java:logGet(43)) - raft.server.log.queue.element-limit = 1024 (custom)
2019-10-04 23:11:39,987 [pool-423-thread-1] INFO  server.RaftServerConfigKeys (ConfUtils.java:logGet(43)) - raft.server.log.segment.size.max = 1048576 (custom)
2019-10-04 23:11:39,987 [pool-433-thread-1] INFO  server.RaftServerConfigKeys (ConfUtils.java:logGet(43)) - raft.server.log.segment.size.max = 1048576 (custom)
2019-10-04 23:11:39,987 [pool-443-thread-1] INFO  server.RaftServerConfigKeys (ConfUtils.java:logGet(43)) - raft.server.log.segment.size.max = 1048576 (custom)
2019-10-04 23:11:39,987 [pool-433-thread-1] INFO  server.RaftServerConfigKeys (ConfUtils.java:logGet(43)) - raft.server.log.preallocated.size = 16384 (custom)
2019-10-04 23:11:39,987 [pool-423-thread-1] INFO  server.RaftServerConfigKeys (ConfUtils.java:logGet(43)) - raft.server.log.segment.cache.num.max = 2 (custom)
2019-10-04 23:11:39,987 [pool-433-thread-1] INFO  server.RaftServerConfigKeys (ConfUtils.java:logGet(43)) - raft.server.log.write.buffer.size = 33554432 (custom)
2019-10-04 23:11:39,987 [pool-443-thread-1] INFO  server.RaftServerConfigKeys (ConfUtils.java:logGet(43)) - raft.server.log.segment.cache.num.max = 2 (custom)
2019-10-04 23:11:39,988 [pool-433-thread-1] INFO  server.RaftServerConfigKeys (ConfUtils.java:logGet(43)) - raft.server.log.force.sync.num = 128 (default)
2019-10-04 23:11:39,988 [pool-423-thread-1] INFO  segmented.SegmentedRaftLogWorker (SegmentedRaftLogWorker.java:<init>(173)) - new 1dd6cb2a-84fa-477a-92a0-f2b2491b6aae@group-787DF1191CEE-SegmentedRaftLogWorker for RaftStorage:Storage Directory /workdir/hadoop-ozone/integration-test/target/test-dir/MiniOzoneClusterImpl-edf73136-247f-4d67-9c2b-ffcb6668a5a7/datanode-4/data/ratis/b894b312-cd93-48c4-9ea7-787df1191cee
2019-10-04 23:11:39,988 [pool-433-thread-1] INFO  server.RaftServerConfigKeys (ConfUtils.java:logGet(43)) - raft.server.log.statemachine.data.sync = true (default)
2019-10-04 23:11:39,988 [pool-443-thread-1] INFO  segmented.SegmentedRaftLogWorker (SegmentedRaftLogWorker.java:<init>(173)) - new 9d629f3d-b5ad-45a9-8f27-83b1ced3d684@group-787DF1191CEE-SegmentedRaftLogWorker for RaftStorage:Storage Directory /workdir/hadoop-ozone/integration-test/target/test-dir/MiniOzoneClusterImpl-edf73136-247f-4d67-9c2b-ffcb6668a5a7/datanode-6/data/ratis/b894b312-cd93-48c4-9ea7-787df1191cee
2019-10-04 23:11:39,988 [pool-433-thread-1] INFO  server.RaftServerConfigKeys (ConfUtils.java:logGet(43)) - raft.server.log.statemachine.data.sync.timeout = 10s (default)
2019-10-04 23:11:39,989 [pool-433-thread-1] INFO  server.RaftServerConfigKeys (ConfUtils.java:logGet(43)) - raft.server.log.statemachine.data.sync.timeout.retry = -1 (default)
2019-10-04 23:11:39,988 [pool-423-thread-1] INFO  server.RaftServerConfigKeys (ConfUtils.java:logGet(43)) - raft.server.log.queue.byte-limit = 2147483647 (custom)
2019-10-04 23:11:39,988 [pool-443-thread-1] INFO  server.RaftServerConfigKeys (ConfUtils.java:logGet(43)) - raft.server.log.queue.byte-limit = 2147483647 (custom)
2019-10-04 23:11:39,989 [pool-433-thread-1] INFO  server.RaftServerConfigKeys (ConfUtils.java:logGet(43)) - raft.server.log.statemachine.data.caching.enabled = true (custom)
2019-10-04 23:11:39,989 [pool-423-thread-1] INFO  server.RaftServerConfigKeys (ConfUtils.java:logGet(43)) - raft.server.log.queue.element-limit = 1024 (custom)
2019-10-04 23:11:39,989 [pool-443-thread-1] INFO  server.RaftServerConfigKeys (ConfUtils.java:logGet(43)) - raft.server.log.queue.element-limit = 1024 (custom)
2019-10-04 23:11:39,989 [pool-433-thread-1] INFO  segmented.SegmentedRaftLogWorker (SegmentedRaftLogWorker.java:lambda$new$0(128)) - c3951d33-9312-4fb9-bcd5-f47b087663b5@group-787DF1191CEE-SegmentedRaftLogWorker: flushIndex: setUnconditionally 0 -> -1
2019-10-04 23:11:39,989 [pool-423-thread-1] INFO  server.RaftServerConfigKeys (ConfUtils.java:logGet(43)) - raft.server.log.segment.size.max = 1048576 (custom)
2019-10-04 23:11:39,989 [pool-443-thread-1] INFO  server.RaftServerConfigKeys (ConfUtils.java:logGet(43)) - raft.server.log.segment.size.max = 1048576 (custom)
2019-10-04 23:11:39,990 [pool-433-thread-1] INFO  server.RaftServerConfigKeys (ConfUtils.java:logGet(43)) - raft.server.snapshot.auto.trigger.enabled = true (custom)
2019-10-04 23:11:39,990 [pool-423-thread-1] INFO  server.RaftServerConfigKeys (ConfUtils.java:logGet(43)) - raft.server.log.preallocated.size = 16384 (custom)
2019-10-04 23:11:39,990 [pool-433-thread-1] INFO  server.RaftServerConfigKeys (ConfUtils.java:logGet(43)) - raft.server.snapshot.auto.trigger.threshold = 10000 (custom)
2019-10-04 23:11:39,990 [pool-443-thread-1] INFO  server.RaftServerConfigKeys (ConfUtils.java:logGet(43)) - raft.server.log.preallocated.size = 16384 (custom)
2019-10-04 23:11:39,990 [pool-433-thread-1] INFO  server.RaftServerConfigKeys (ConfUtils.java:logGet(43)) - raft.server.snapshot.retention.file.num = 5 (custom)
2019-10-04 23:11:39,990 [pool-423-thread-1] INFO  server.RaftServerConfigKeys (ConfUtils.java:logGet(43)) - raft.server.log.write.buffer.size = 33554432 (custom)
2019-10-04 23:11:39,990 [pool-433-thread-1] INFO  server.RaftServerConfigKeys (ConfUtils.java:logGet(43)) - raft.server.retrycache.expirytime = 600000ms (custom)
2019-10-04 23:11:39,990 [pool-443-thread-1] INFO  server.RaftServerConfigKeys (ConfUtils.java:logGet(43)) - raft.server.log.write.buffer.size = 33554432 (custom)
2019-10-04 23:11:39,990 [pool-423-thread-1] INFO  server.RaftServerConfigKeys (ConfUtils.java:logGet(43)) - raft.server.log.force.sync.num = 128 (default)
2019-10-04 23:11:39,991 [pool-443-thread-1] INFO  server.RaftServerConfigKeys (ConfUtils.java:logGet(43)) - raft.server.log.force.sync.num = 128 (default)
2019-10-04 23:11:39,991 [pool-423-thread-1] INFO  server.RaftServerConfigKeys (ConfUtils.java:logGet(43)) - raft.server.log.statemachine.data.sync = true (default)
2019-10-04 23:11:39,991 [pool-443-thread-1] INFO  server.RaftServerConfigKeys (ConfUtils.java:logGet(43)) - raft.server.log.statemachine.data.sync = true (default)
2019-10-04 23:11:39,991 [pool-423-thread-1] INFO  server.RaftServerConfigKeys (ConfUtils.java:logGet(43)) - raft.server.log.statemachine.data.sync.timeout = 10s (default)
2019-10-04 23:11:39,991 [pool-443-thread-1] INFO  server.RaftServerConfigKeys (ConfUtils.java:logGet(43)) - raft.server.log.statemachine.data.sync.timeout = 10s (default)
2019-10-04 23:11:39,991 [pool-423-thread-1] INFO  server.RaftServerConfigKeys (ConfUtils.java:logGet(43)) - raft.server.log.statemachine.data.sync.timeout.retry = -1 (default)
2019-10-04 23:11:39,991 [pool-443-thread-1] INFO  server.RaftServerConfigKeys (ConfUtils.java:logGet(43)) - raft.server.log.statemachine.data.sync.timeout.retry = -1 (default)
2019-10-04 23:11:39,992 [pool-423-thread-1] INFO  server.RaftServerConfigKeys (ConfUtils.java:logGet(43)) - raft.server.log.statemachine.data.caching.enabled = true (custom)
2019-10-04 23:11:39,992 [pool-443-thread-1] INFO  server.RaftServerConfigKeys (ConfUtils.java:logGet(43)) - raft.server.log.statemachine.data.caching.enabled = true (custom)
2019-10-04 23:11:39,992 [pool-423-thread-1] INFO  segmented.SegmentedRaftLogWorker (SegmentedRaftLogWorker.java:lambda$new$0(128)) - 1dd6cb2a-84fa-477a-92a0-f2b2491b6aae@group-787DF1191CEE-SegmentedRaftLogWorker: flushIndex: setUnconditionally 0 -> -1
2019-10-04 23:11:39,992 [pool-443-thread-1] INFO  segmented.SegmentedRaftLogWorker (SegmentedRaftLogWorker.java:lambda$new$0(128)) - 9d629f3d-b5ad-45a9-8f27-83b1ced3d684@group-787DF1191CEE-SegmentedRaftLogWorker: flushIndex: setUnconditionally 0 -> -1
2019-10-04 23:11:39,992 [pool-423-thread-1] INFO  server.RaftServerConfigKeys (ConfUtils.java:logGet(43)) - raft.server.snapshot.auto.trigger.enabled = true (custom)
2019-10-04 23:11:39,992 [pool-423-thread-1] INFO  server.RaftServerConfigKeys (ConfUtils.java:logGet(43)) - raft.server.snapshot.auto.trigger.threshold = 10000 (custom)
2019-10-04 23:11:39,992 [pool-443-thread-1] INFO  server.RaftServerConfigKeys (ConfUtils.java:logGet(43)) - raft.server.snapshot.auto.trigger.enabled = true (custom)
2019-10-04 23:11:39,992 [pool-423-thread-1] INFO  server.RaftServerConfigKeys (ConfUtils.java:logGet(43)) - raft.server.snapshot.retention.file.num = 5 (custom)
2019-10-04 23:11:39,992 [pool-443-thread-1] INFO  server.RaftServerConfigKeys (ConfUtils.java:logGet(43)) - raft.server.snapshot.auto.trigger.threshold = 10000 (custom)
2019-10-04 23:11:39,993 [pool-423-thread-1] INFO  server.RaftServerConfigKeys (ConfUtils.java:logGet(43)) - raft.server.retrycache.expirytime = 600000ms (custom)
2019-10-04 23:11:39,993 [pool-443-thread-1] INFO  server.RaftServerConfigKeys (ConfUtils.java:logGet(43)) - raft.server.snapshot.retention.file.num = 5 (custom)
2019-10-04 23:11:39,993 [pool-443-thread-1] INFO  server.RaftServerConfigKeys (ConfUtils.java:logGet(43)) - raft.server.retrycache.expirytime = 600000ms (custom)
2019-10-04 23:11:39,993 [pool-433-thread-1] INFO  impl.RaftServerImpl (RaftServerImpl.java:start(181)) - c3951d33-9312-4fb9-bcd5-f47b087663b5@group-787DF1191CEE: start as a follower, conf=-1: [c3951d33-9312-4fb9-bcd5-f47b087663b5:192.168.164.255:35111, 9d629f3d-b5ad-45a9-8f27-83b1ced3d684:192.168.164.255:36201, 1dd6cb2a-84fa-477a-92a0-f2b2491b6aae:192.168.164.255:44588], old=null
2019-10-04 23:11:39,993 [pool-433-thread-1] INFO  impl.RaftServerImpl (RaftServerImpl.java:setRole(170)) - c3951d33-9312-4fb9-bcd5-f47b087663b5@group-787DF1191CEE: changes role from      null to FOLLOWER at term 0 for startAsFollower
2019-10-04 23:11:39,993 [pool-433-thread-1] INFO  impl.RoleInfo (RoleInfo.java:updateAndGet(143)) - c3951d33-9312-4fb9-bcd5-f47b087663b5: start FollowerState
2019-10-04 23:11:39,994 [pool-433-thread-1] INFO  util.JmxRegister (JmxRegister.java:tryRegister(44)) - Successfully registered JMX Bean with object name Ratis:service=RaftServer,group=group-787DF1191CEE,id=c3951d33-9312-4fb9-bcd5-f47b087663b5
2019-10-04 23:11:39,994 [pool-423-thread-1] INFO  impl.RaftServerImpl (RaftServerImpl.java:start(181)) - 1dd6cb2a-84fa-477a-92a0-f2b2491b6aae@group-787DF1191CEE: start as a follower, conf=-1: [c3951d33-9312-4fb9-bcd5-f47b087663b5:192.168.164.255:35111, 9d629f3d-b5ad-45a9-8f27-83b1ced3d684:192.168.164.255:36201, 1dd6cb2a-84fa-477a-92a0-f2b2491b6aae:192.168.164.255:44588], old=null
2019-10-04 23:11:39,994 [pool-423-thread-1] INFO  impl.RaftServerImpl (RaftServerImpl.java:setRole(170)) - 1dd6cb2a-84fa-477a-92a0-f2b2491b6aae@group-787DF1191CEE: changes role from      null to FOLLOWER at term 0 for startAsFollower
2019-10-04 23:11:39,994 [pool-423-thread-1] INFO  impl.RoleInfo (RoleInfo.java:updateAndGet(143)) - 1dd6cb2a-84fa-477a-92a0-f2b2491b6aae: start FollowerState
2019-10-04 23:11:39,994 [pool-423-thread-1] INFO  util.JmxRegister (JmxRegister.java:tryRegister(44)) - Successfully registered JMX Bean with object name Ratis:service=RaftServer,group=group-787DF1191CEE,id=1dd6cb2a-84fa-477a-92a0-f2b2491b6aae
2019-10-04 23:11:39,995 [pool-443-thread-1] INFO  impl.RaftServerImpl (RaftServerImpl.java:start(181)) - 9d629f3d-b5ad-45a9-8f27-83b1ced3d684@group-787DF1191CEE: start as a follower, conf=-1: [c3951d33-9312-4fb9-bcd5-f47b087663b5:192.168.164.255:35111, 9d629f3d-b5ad-45a9-8f27-83b1ced3d684:192.168.164.255:36201, 1dd6cb2a-84fa-477a-92a0-f2b2491b6aae:192.168.164.255:44588], old=null
2019-10-04 23:11:39,995 [pool-443-thread-1] INFO  impl.RaftServerImpl (RaftServerImpl.java:setRole(170)) - 9d629f3d-b5ad-45a9-8f27-83b1ced3d684@group-787DF1191CEE: changes role from      null to FOLLOWER at term 0 for startAsFollower
2019-10-04 23:11:39,995 [pool-443-thread-1] INFO  impl.RoleInfo (RoleInfo.java:updateAndGet(143)) - 9d629f3d-b5ad-45a9-8f27-83b1ced3d684: start FollowerState
2019-10-04 23:11:39,995 [pool-443-thread-1] INFO  util.JmxRegister (JmxRegister.java:tryRegister(44)) - Successfully registered JMX Bean with object name Ratis:service=RaftServer,group=group-787DF1191CEE,id=9d629f3d-b5ad-45a9-8f27-83b1ced3d684
2019-10-04 23:11:40,001 [IPC Server handler 3 on 43352] INFO  pipeline.PipelineStateManager (PipelineStateManager.java:addPipeline(56)) - Created pipeline Pipeline[ Id: b894b312-cd93-48c4-9ea7-787df1191cee, Nodes: c3951d33-9312-4fb9-bcd5-f47b087663b5{ip: 192.168.164.255, host: pr-hdds-2181-c9q8w-3494937983, networkLocation: /default-rack, certSerialId: null}9d629f3d-b5ad-45a9-8f27-83b1ced3d684{ip: 192.168.164.255, host: pr-hdds-2181-c9q8w-3494937983, networkLocation: /default-rack, certSerialId: null}1dd6cb2a-84fa-477a-92a0-f2b2491b6aae{ip: 192.168.164.255, host: pr-hdds-2181-c9q8w-3494937983, networkLocation: /default-rack, certSerialId: null}, Type:RATIS, Factor:THREE, State:OPEN]
2019-10-04 23:11:42,353 [Thread-2435] INFO  container.ReplicationManager (ReplicationManager.java:start(162)) - Starting Replication Monitor Thread.
2019-10-04 23:11:42,357 [ReplicationMonitor] INFO  container.ReplicationManager (ReplicationManager.java:run(225)) - Replication Monitor Thread took 1 milliseconds for processing 1 containers.
2019-10-04 23:11:44,480 [Thread-2440] INFO  impl.FollowerState (FollowerState.java:run(108)) - b5bf0f2c-0fd5-4055-b49a-9c22970d3d27@group-5014B77BEBA4-FollowerState: change to CANDIDATE, lastRpcTime:5008ms, electionTimeout:5008ms
2019-10-04 23:11:44,482 [Thread-2440] INFO  impl.RoleInfo (RoleInfo.java:shutdownFollowerState(121)) - b5bf0f2c-0fd5-4055-b49a-9c22970d3d27: shutdown FollowerState
2019-10-04 23:11:44,482 [Thread-2440] INFO  impl.RaftServerImpl (RaftServerImpl.java:setRole(170)) - b5bf0f2c-0fd5-4055-b49a-9c22970d3d27@group-5014B77BEBA4: changes role from  FOLLOWER to CANDIDATE at term 0 for changeToCandidate
2019-10-04 23:11:44,483 [Thread-2440] INFO  impl.RoleInfo (RoleInfo.java:updateAndGet(143)) - b5bf0f2c-0fd5-4055-b49a-9c22970d3d27: start LeaderElection
2019-10-04 23:11:44,490 [Thread-2437] INFO  impl.FollowerState (FollowerState.java:run(108)) - 22c15439-5b84-422d-ac6d-6dee49060bde@group-0BE0014D7856-FollowerState: change to CANDIDATE, lastRpcTime:5081ms, electionTimeout:5080ms
2019-10-04 23:11:44,491 [Thread-2437] INFO  impl.RoleInfo (RoleInfo.java:shutdownFollowerState(121)) - 22c15439-5b84-422d-ac6d-6dee49060bde: shutdown FollowerState
2019-10-04 23:11:44,491 [Thread-2437] INFO  impl.RaftServerImpl (RaftServerImpl.java:setRole(170)) - 22c15439-5b84-422d-ac6d-6dee49060bde@group-0BE0014D7856: changes role from  FOLLOWER to CANDIDATE at term 0 for changeToCandidate
2019-10-04 23:11:44,491 [Thread-2437] INFO  impl.RoleInfo (RoleInfo.java:updateAndGet(143)) - 22c15439-5b84-422d-ac6d-6dee49060bde: start LeaderElection
2019-10-04 23:11:44,510 [22c15439-5b84-422d-ac6d-6dee49060bde@group-0BE0014D7856-LeaderElection97] INFO  impl.LeaderElection (LeaderElection.java:askForVotes(178)) - 22c15439-5b84-422d-ac6d-6dee49060bde@group-0BE0014D7856-LeaderElection97: begin an election at term 1 for -1: [22c15439-5b84-422d-ac6d-6dee49060bde:192.168.164.255:44372], old=null
2019-10-04 23:11:44,510 [b5bf0f2c-0fd5-4055-b49a-9c22970d3d27@group-5014B77BEBA4-LeaderElection96] INFO  impl.LeaderElection (LeaderElection.java:askForVotes(178)) - b5bf0f2c-0fd5-4055-b49a-9c22970d3d27@group-5014B77BEBA4-LeaderElection96: begin an election at term 1 for -1: [b5bf0f2c-0fd5-4055-b49a-9c22970d3d27:192.168.164.255:41357], old=null
2019-10-04 23:11:44,511 [22c15439-5b84-422d-ac6d-6dee49060bde@group-0BE0014D7856-LeaderElection97] INFO  impl.RoleInfo (RoleInfo.java:shutdownLeaderElection(134)) - 22c15439-5b84-422d-ac6d-6dee49060bde: shutdown LeaderElection
2019-10-04 23:11:44,511 [b5bf0f2c-0fd5-4055-b49a-9c22970d3d27@group-5014B77BEBA4-LeaderElection96] INFO  impl.RoleInfo (RoleInfo.java:shutdownLeaderElection(134)) - b5bf0f2c-0fd5-4055-b49a-9c22970d3d27: shutdown LeaderElection
2019-10-04 23:11:44,511 [22c15439-5b84-422d-ac6d-6dee49060bde@group-0BE0014D7856-LeaderElection97] INFO  impl.RaftServerImpl (RaftServerImpl.java:setRole(170)) - 22c15439-5b84-422d-ac6d-6dee49060bde@group-0BE0014D7856: changes role from CANDIDATE to LEADER at term 1 for changeToLeader
2019-10-04 23:11:44,511 [b5bf0f2c-0fd5-4055-b49a-9c22970d3d27@group-5014B77BEBA4-LeaderElection96] INFO  impl.RaftServerImpl (RaftServerImpl.java:setRole(170)) - b5bf0f2c-0fd5-4055-b49a-9c22970d3d27@group-5014B77BEBA4: changes role from CANDIDATE to LEADER at term 1 for changeToLeader
2019-10-04 23:11:44,511 [22c15439-5b84-422d-ac6d-6dee49060bde@group-0BE0014D7856-LeaderElection97] INFO  impl.RaftServerImpl (ServerState.java:setLeader(255)) - 22c15439-5b84-422d-ac6d-6dee49060bde@group-0BE0014D7856: change Leader from null to 22c15439-5b84-422d-ac6d-6dee49060bde at term 1 for becomeLeader, leader elected after 5110ms
2019-10-04 23:11:44,511 [b5bf0f2c-0fd5-4055-b49a-9c22970d3d27@group-5014B77BEBA4-LeaderElection96] INFO  impl.RaftServerImpl (ServerState.java:setLeader(255)) - b5bf0f2c-0fd5-4055-b49a-9c22970d3d27@group-5014B77BEBA4: change Leader from null to b5bf0f2c-0fd5-4055-b49a-9c22970d3d27 at term 1 for becomeLeader, leader elected after 5046ms
2019-10-04 23:11:44,511 [22c15439-5b84-422d-ac6d-6dee49060bde@group-0BE0014D7856-LeaderElection97] INFO  server.RaftServerConfigKeys (ConfUtils.java:logGet(43)) - raft.server.staging.catchup.gap = 1000 (default)
2019-10-04 23:11:44,511 [b5bf0f2c-0fd5-4055-b49a-9c22970d3d27@group-5014B77BEBA4-LeaderElection96] INFO  server.RaftServerConfigKeys (ConfUtils.java:logGet(43)) - raft.server.staging.catchup.gap = 1000 (default)
2019-10-04 23:11:44,512 [22c15439-5b84-422d-ac6d-6dee49060bde@group-0BE0014D7856-LeaderElection97] INFO  server.RaftServerConfigKeys (ConfUtils.java:logGet(43)) - raft.server.rpc.sleep.time = 25ms (default)
2019-10-04 23:11:44,512 [b5bf0f2c-0fd5-4055-b49a-9c22970d3d27@group-5014B77BEBA4-LeaderElection96] INFO  server.RaftServerConfigKeys (ConfUtils.java:logGet(43)) - raft.server.rpc.sleep.time = 25ms (default)
2019-10-04 23:11:44,512 [22c15439-5b84-422d-ac6d-6dee49060bde@group-0BE0014D7856-LeaderElection97] INFO  server.RaftServerConfigKeys (ConfUtils.java:logGet(43)) - raft.server.write.element-limit = 4096 (default)
2019-10-04 23:11:44,512 [b5bf0f2c-0fd5-4055-b49a-9c22970d3d27@group-5014B77BEBA4-LeaderElection96] INFO  server.RaftServerConfigKeys (ConfUtils.java:logGet(43)) - raft.server.write.element-limit = 4096 (default)
2019-10-04 23:11:44,512 [22c15439-5b84-422d-ac6d-6dee49060bde@group-0BE0014D7856-LeaderElection97] INFO  server.RaftServerConfigKeys (ConfUtils.java:logGet(43)) - raft.server.watch.timeout = 10s (default)
2019-10-04 23:11:44,512 [b5bf0f2c-0fd5-4055-b49a-9c22970d3d27@group-5014B77BEBA4-LeaderElection96] INFO  server.RaftServerConfigKeys (ConfUtils.java:logGet(43)) - raft.server.watch.timeout = 10s (default)
2019-10-04 23:11:44,512 [22c15439-5b84-422d-ac6d-6dee49060bde@group-0BE0014D7856-LeaderElection97] INFO  server.RaftServerConfigKeys (ConfUtils.java:logGet(43)) - raft.server.watch.timeout.denomination = 1s (default)
2019-10-04 23:11:44,512 [b5bf0f2c-0fd5-4055-b49a-9c22970d3d27@group-5014B77BEBA4-LeaderElection96] INFO  server.RaftServerConfigKeys (ConfUtils.java:logGet(43)) - raft.server.watch.timeout.denomination = 1s (default)
2019-10-04 23:11:44,512 [22c15439-5b84-422d-ac6d-6dee49060bde@group-0BE0014D7856-LeaderElection97] INFO  server.RaftServerConfigKeys (ConfUtils.java:logGet(43)) - raft.server.watch.element-limit = 65536 (default)
2019-10-04 23:11:44,513 [b5bf0f2c-0fd5-4055-b49a-9c22970d3d27@group-5014B77BEBA4-LeaderElection96] INFO  server.RaftServerConfigKeys (ConfUtils.java:logGet(43)) - raft.server.watch.element-limit = 65536 (default)
2019-10-04 23:11:44,516 [22c15439-5b84-422d-ac6d-6dee49060bde@group-0BE0014D7856-LeaderElection97] INFO  impl.RoleInfo (RoleInfo.java:updateAndGet(143)) - 22c15439-5b84-422d-ac6d-6dee49060bde: start LeaderState
2019-10-04 23:11:44,516 [b5bf0f2c-0fd5-4055-b49a-9c22970d3d27@group-5014B77BEBA4-LeaderElection96] INFO  impl.RoleInfo (RoleInfo.java:updateAndGet(143)) - b5bf0f2c-0fd5-4055-b49a-9c22970d3d27: start LeaderState
2019-10-04 23:11:44,517 [b5bf0f2c-0fd5-4055-b49a-9c22970d3d27@group-5014B77BEBA4-LeaderElection96] INFO  segmented.SegmentedRaftLogWorker (SegmentedRaftLogWorker.java:startLogSegment(385)) - b5bf0f2c-0fd5-4055-b49a-9c22970d3d27@group-5014B77BEBA4-SegmentedRaftLogWorker: Starting segment from index:0
2019-10-04 23:11:44,517 [22c15439-5b84-422d-ac6d-6dee49060bde@group-0BE0014D7856-LeaderElection97] INFO  segmented.SegmentedRaftLogWorker (SegmentedRaftLogWorker.java:startLogSegment(385)) - 22c15439-5b84-422d-ac6d-6dee49060bde@group-0BE0014D7856-SegmentedRaftLogWorker: Starting segment from index:0
2019-10-04 23:11:44,518 [22c15439-5b84-422d-ac6d-6dee49060bde@group-0BE0014D7856-LeaderElection97] INFO  impl.RaftServerImpl (ServerState.java:setRaftConf(356)) - 22c15439-5b84-422d-ac6d-6dee49060bde@group-0BE0014D7856: set configuration 0: [22c15439-5b84-422d-ac6d-6dee49060bde:192.168.164.255:44372], old=null at 0
2019-10-04 23:11:44,518 [b5bf0f2c-0fd5-4055-b49a-9c22970d3d27@group-5014B77BEBA4-LeaderElection96] INFO  impl.RaftServerImpl (ServerState.java:setRaftConf(356)) - b5bf0f2c-0fd5-4055-b49a-9c22970d3d27@group-5014B77BEBA4: set configuration 0: [b5bf0f2c-0fd5-4055-b49a-9c22970d3d27:192.168.164.255:41357], old=null at 0
2019-10-04 23:11:44,556 [22c15439-5b84-422d-ac6d-6dee49060bde@group-0BE0014D7856-SegmentedRaftLogWorker] INFO  segmented.SegmentedRaftLogWorker (SegmentedRaftLogWorker.java:execute(574)) - 22c15439-5b84-422d-ac6d-6dee49060bde@group-0BE0014D7856-SegmentedRaftLogWorker: created new log segment /workdir/hadoop-ozone/integration-test/target/test-dir/MiniOzoneClusterImpl-edf73136-247f-4d67-9c2b-ffcb6668a5a7/datanode-0/data/ratis/451314be-28ae-4273-9c70-0be0014d7856/current/log_inprogress_0
2019-10-04 23:11:44,556 [b5bf0f2c-0fd5-4055-b49a-9c22970d3d27@group-5014B77BEBA4-SegmentedRaftLogWorker] INFO  segmented.SegmentedRaftLogWorker (SegmentedRaftLogWorker.java:execute(574)) - b5bf0f2c-0fd5-4055-b49a-9c22970d3d27@group-5014B77BEBA4-SegmentedRaftLogWorker: created new log segment /workdir/hadoop-ozone/integration-test/target/test-dir/MiniOzoneClusterImpl-edf73136-247f-4d67-9c2b-ffcb6668a5a7/datanode-1/data/ratis/9044ee6c-4cbc-4817-b6c2-5014b77beba4/current/log_inprogress_0
2019-10-04 23:11:44,729 [Thread-2443] INFO  impl.FollowerState (FollowerState.java:run(108)) - 9032bff7-1c61-4e03-af58-0911c8b707f6@group-1E4C11D0ECE7-FollowerState: change to CANDIDATE, lastRpcTime:5135ms, electionTimeout:5135ms
2019-10-04 23:11:44,729 [Thread-2443] INFO  impl.RoleInfo (RoleInfo.java:shutdownFollowerState(121)) - 9032bff7-1c61-4e03-af58-0911c8b707f6: shutdown FollowerState
2019-10-04 23:11:44,729 [Thread-2443] INFO  impl.RaftServerImpl (RaftServerImpl.java:setRole(170)) - 9032bff7-1c61-4e03-af58-0911c8b707f6@group-1E4C11D0ECE7: changes role from  FOLLOWER to CANDIDATE at term 0 for changeToCandidate
2019-10-04 23:11:44,729 [Thread-2443] INFO  impl.RoleInfo (RoleInfo.java:updateAndGet(143)) - 9032bff7-1c61-4e03-af58-0911c8b707f6: start LeaderElection
2019-10-04 23:11:44,741 [Thread-2453] INFO  impl.FollowerState (FollowerState.java:run(108)) - 22c15439-5b84-422d-ac6d-6dee49060bde@group-AD091C7470D8-FollowerState: change to CANDIDATE, lastRpcTime:5035ms, electionTimeout:5035ms
2019-10-04 23:11:44,741 [Thread-2453] INFO  impl.RoleInfo (RoleInfo.java:shutdownFollowerState(121)) - 22c15439-5b84-422d-ac6d-6dee49060bde: shutdown FollowerState
2019-10-04 23:11:44,741 [Thread-2453] INFO  impl.RaftServerImpl (RaftServerImpl.java:setRole(170)) - 22c15439-5b84-422d-ac6d-6dee49060bde@group-AD091C7470D8: changes role from  FOLLOWER to CANDIDATE at term 0 for changeToCandidate
2019-10-04 23:11:44,741 [Thread-2453] INFO  impl.RoleInfo (RoleInfo.java:updateAndGet(143)) - 22c15439-5b84-422d-ac6d-6dee49060bde: start LeaderElection
2019-10-04 23:11:44,750 [9032bff7-1c61-4e03-af58-0911c8b707f6@group-1E4C11D0ECE7-LeaderElection98] INFO  impl.LeaderElection (LeaderElection.java:askForVotes(178)) - 9032bff7-1c61-4e03-af58-0911c8b707f6@group-1E4C11D0ECE7-LeaderElection98: begin an election at term 1 for -1: [9032bff7-1c61-4e03-af58-0911c8b707f6:192.168.164.255:42165], old=null
2019-10-04 23:11:44,750 [22c15439-5b84-422d-ac6d-6dee49060bde@group-AD091C7470D8-LeaderElection99] INFO  impl.LeaderElection (LeaderElection.java:askForVotes(178)) - 22c15439-5b84-422d-ac6d-6dee49060bde@group-AD091C7470D8-LeaderElection99: begin an election at term 1 for -1: [1b2603e6-64f0-4484-91e6-27332871a4d6:192.168.164.255:33427, 22c15439-5b84-422d-ac6d-6dee49060bde:192.168.164.255:44372, b5bf0f2c-0fd5-4055-b49a-9c22970d3d27:192.168.164.255:41357], old=null
2019-10-04 23:11:44,750 [9032bff7-1c61-4e03-af58-0911c8b707f6@group-1E4C11D0ECE7-LeaderElection98] INFO  impl.RoleInfo (RoleInfo.java:shutdownLeaderElection(134)) - 9032bff7-1c61-4e03-af58-0911c8b707f6: shutdown LeaderElection
2019-10-04 23:11:44,750 [9032bff7-1c61-4e03-af58-0911c8b707f6@group-1E4C11D0ECE7-LeaderElection98] INFO  impl.RaftServerImpl (RaftServerImpl.java:setRole(170)) - 9032bff7-1c61-4e03-af58-0911c8b707f6@group-1E4C11D0ECE7: changes role from CANDIDATE to LEADER at term 1 for changeToLeader
2019-10-04 23:11:44,750 [9032bff7-1c61-4e03-af58-0911c8b707f6@group-1E4C11D0ECE7-LeaderElection98] INFO  impl.RaftServerImpl (ServerState.java:setLeader(255)) - 9032bff7-1c61-4e03-af58-0911c8b707f6@group-1E4C11D0ECE7: change Leader from null to 9032bff7-1c61-4e03-af58-0911c8b707f6 at term 1 for becomeLeader, leader elected after 5166ms
2019-10-04 23:11:44,750 [9032bff7-1c61-4e03-af58-0911c8b707f6@group-1E4C11D0ECE7-LeaderElection98] INFO  server.RaftServerConfigKeys (ConfUtils.java:logGet(43)) - raft.server.staging.catchup.gap = 1000 (default)
2019-10-04 23:11:44,751 [9032bff7-1c61-4e03-af58-0911c8b707f6@group-1E4C11D0ECE7-LeaderElection98] INFO  server.RaftServerConfigKeys (ConfUtils.java:logGet(43)) - raft.server.rpc.sleep.time = 25ms (default)
2019-10-04 23:11:44,751 [9032bff7-1c61-4e03-af58-0911c8b707f6@group-1E4C11D0ECE7-LeaderElection98] INFO  server.RaftServerConfigKeys (ConfUtils.java:logGet(43)) - raft.server.write.element-limit = 4096 (default)
2019-10-04 23:11:44,751 [9032bff7-1c61-4e03-af58-0911c8b707f6@group-1E4C11D0ECE7-LeaderElection98] INFO  server.RaftServerConfigKeys (ConfUtils.java:logGet(43)) - raft.server.watch.timeout = 10s (default)
2019-10-04 23:11:44,751 [9032bff7-1c61-4e03-af58-0911c8b707f6@group-1E4C11D0ECE7-LeaderElection98] INFO  server.RaftServerConfigKeys (ConfUtils.java:logGet(43)) - raft.server.watch.timeout.denomination = 1s (default)
2019-10-04 23:11:44,751 [9032bff7-1c61-4e03-af58-0911c8b707f6@group-1E4C11D0ECE7-LeaderElection98] INFO  server.RaftServerConfigKeys (ConfUtils.java:logGet(43)) - raft.server.watch.element-limit = 65536 (default)
2019-10-04 23:11:44,754 [9032bff7-1c61-4e03-af58-0911c8b707f6@group-1E4C11D0ECE7-LeaderElection98] INFO  impl.RoleInfo (RoleInfo.java:updateAndGet(143)) - 9032bff7-1c61-4e03-af58-0911c8b707f6: start LeaderState
2019-10-04 23:11:44,754 [9032bff7-1c61-4e03-af58-0911c8b707f6@group-1E4C11D0ECE7-LeaderElection98] INFO  segmented.SegmentedRaftLogWorker (SegmentedRaftLogWorker.java:startLogSegment(385)) - 9032bff7-1c61-4e03-af58-0911c8b707f6@group-1E4C11D0ECE7-SegmentedRaftLogWorker: Starting segment from index:0
2019-10-04 23:11:44,755 [9032bff7-1c61-4e03-af58-0911c8b707f6@group-1E4C11D0ECE7-LeaderElection98] INFO  impl.RaftServerImpl (ServerState.java:setRaftConf(356)) - 9032bff7-1c61-4e03-af58-0911c8b707f6@group-1E4C11D0ECE7: set configuration 0: [9032bff7-1c61-4e03-af58-0911c8b707f6:192.168.164.255:42165], old=null at 0
2019-10-04 23:11:44,790 [grpc-default-executor-6] INFO  impl.RaftServerImpl (RaftServerImpl.java:setRole(170)) - b5bf0f2c-0fd5-4055-b49a-9c22970d3d27@group-AD091C7470D8: changes role from  FOLLOWER to FOLLOWER at term 1 for recognizeCandidate:22c15439-5b84-422d-ac6d-6dee49060bde
2019-10-04 23:11:44,790 [grpc-default-executor-6] INFO  impl.RoleInfo (RoleInfo.java:shutdownFollowerState(121)) - b5bf0f2c-0fd5-4055-b49a-9c22970d3d27: shutdown FollowerState
2019-10-04 23:11:44,790 [grpc-default-executor-6] INFO  impl.RoleInfo (RoleInfo.java:updateAndGet(143)) - b5bf0f2c-0fd5-4055-b49a-9c22970d3d27: start FollowerState
2019-10-04 23:11:44,790 [Thread-2454] INFO  impl.FollowerState (FollowerState.java:run(117)) - b5bf0f2c-0fd5-4055-b49a-9c22970d3d27@group-AD091C7470D8-FollowerState was interrupted: java.lang.InterruptedException: sleep interrupted
2019-10-04 23:11:44,790 [Thread-2446] INFO  impl.FollowerState (FollowerState.java:run(108)) - 1b2603e6-64f0-4484-91e6-27332871a4d6@group-681DC0DAA9B6-FollowerState: change to CANDIDATE, lastRpcTime:5159ms, electionTimeout:5138ms
2019-10-04 23:11:44,791 [Thread-2446] INFO  impl.RoleInfo (RoleInfo.java:shutdownFollowerState(121)) - 1b2603e6-64f0-4484-91e6-27332871a4d6: shutdown FollowerState
2019-10-04 23:11:44,791 [Thread-2446] INFO  impl.RaftServerImpl (RaftServerImpl.java:setRole(170)) - 1b2603e6-64f0-4484-91e6-27332871a4d6@group-681DC0DAA9B6: changes role from  FOLLOWER to CANDIDATE at term 0 for changeToCandidate
2019-10-04 23:11:44,795 [grpc-default-executor-2] INFO  impl.RaftServerImpl (RaftServerImpl.java:setRole(170)) - 1b2603e6-64f0-4484-91e6-27332871a4d6@group-AD091C7470D8: changes role from  FOLLOWER to FOLLOWER at term 1 for recognizeCandidate:22c15439-5b84-422d-ac6d-6dee49060bde
2019-10-04 23:11:44,796 [grpc-default-executor-2] INFO  impl.RoleInfo (RoleInfo.java:shutdownFollowerState(121)) - 1b2603e6-64f0-4484-91e6-27332871a4d6: shutdown FollowerState
2019-10-04 23:11:44,796 [grpc-default-executor-2] INFO  impl.RoleInfo (RoleInfo.java:updateAndGet(143)) - 1b2603e6-64f0-4484-91e6-27332871a4d6: start FollowerState
2019-10-04 23:11:44,796 [Thread-2449] INFO  impl.FollowerState (FollowerState.java:run(117)) - 1b2603e6-64f0-4484-91e6-27332871a4d6@group-AD091C7470D8-FollowerState was interrupted: java.lang.InterruptedException: sleep interrupted
2019-10-04 23:11:44,796 [Thread-2446] INFO  impl.RoleInfo (RoleInfo.java:updateAndGet(143)) - 1b2603e6-64f0-4484-91e6-27332871a4d6: start LeaderElection
2019-10-04 23:11:44,825 [9032bff7-1c61-4e03-af58-0911c8b707f6@group-1E4C11D0ECE7-SegmentedRaftLogWorker] INFO  segmented.SegmentedRaftLogWorker (SegmentedRaftLogWorker.java:execute(574)) - 9032bff7-1c61-4e03-af58-0911c8b707f6@group-1E4C11D0ECE7-SegmentedRaftLogWorker: created new log segment /workdir/hadoop-ozone/integration-test/target/test-dir/MiniOzoneClusterImpl-edf73136-247f-4d67-9c2b-ffcb6668a5a7/datanode-2/data/ratis/3300f3cb-0a6a-4cf2-939f-1e4c11d0ece7/current/log_inprogress_0
2019-10-04 23:11:44,825 [1b2603e6-64f0-4484-91e6-27332871a4d6@group-681DC0DAA9B6-LeaderElection100] INFO  impl.LeaderElection (LeaderElection.java:askForVotes(178)) - 1b2603e6-64f0-4484-91e6-27332871a4d6@group-681DC0DAA9B6-LeaderElection100: begin an election at term 1 for -1: [1b2603e6-64f0-4484-91e6-27332871a4d6:192.168.164.255:33427], old=null
2019-10-04 23:11:44,825 [1b2603e6-64f0-4484-91e6-27332871a4d6@group-681DC0DAA9B6-LeaderElection100] INFO  impl.RoleInfo (RoleInfo.java:shutdownLeaderElection(134)) - 1b2603e6-64f0-4484-91e6-27332871a4d6: shutdown LeaderElection
2019-10-04 23:11:44,825 [1b2603e6-64f0-4484-91e6-27332871a4d6@group-681DC0DAA9B6-LeaderElection100] INFO  impl.RaftServerImpl (RaftServerImpl.java:setRole(170)) - 1b2603e6-64f0-4484-91e6-27332871a4d6@group-681DC0DAA9B6: changes role from CANDIDATE to LEADER at term 1 for changeToLeader
2019-10-04 23:11:44,826 [1b2603e6-64f0-4484-91e6-27332871a4d6@group-681DC0DAA9B6-LeaderElection100] INFO  impl.RaftServerImpl (ServerState.java:setLeader(255)) - 1b2603e6-64f0-4484-91e6-27332871a4d6@group-681DC0DAA9B6: change Leader from null to 1b2603e6-64f0-4484-91e6-27332871a4d6 at term 1 for becomeLeader, leader elected after 5200ms
2019-10-04 23:11:44,826 [1b2603e6-64f0-4484-91e6-27332871a4d6@group-681DC0DAA9B6-LeaderElection100] INFO  server.RaftServerConfigKeys (ConfUtils.java:logGet(43)) - raft.server.staging.catchup.gap = 1000 (default)
2019-10-04 23:11:44,826 [1b2603e6-64f0-4484-91e6-27332871a4d6@group-681DC0DAA9B6-LeaderElection100] INFO  server.RaftServerConfigKeys (ConfUtils.java:logGet(43)) - raft.server.rpc.sleep.time = 25ms (default)
2019-10-04 23:11:44,826 [1b2603e6-64f0-4484-91e6-27332871a4d6@group-681DC0DAA9B6-LeaderElection100] INFO  server.RaftServerConfigKeys (ConfUtils.java:logGet(43)) - raft.server.write.element-limit = 4096 (default)
2019-10-04 23:11:44,826 [1b2603e6-64f0-4484-91e6-27332871a4d6@group-681DC0DAA9B6-LeaderElection100] INFO  server.RaftServerConfigKeys (ConfUtils.java:logGet(43)) - raft.server.watch.timeout = 10s (default)
2019-10-04 23:11:44,826 [1b2603e6-64f0-4484-91e6-27332871a4d6@group-681DC0DAA9B6-LeaderElection100] INFO  server.RaftServerConfigKeys (ConfUtils.java:logGet(43)) - raft.server.watch.timeout.denomination = 1s (default)
2019-10-04 23:11:44,826 [22c15439-5b84-422d-ac6d-6dee49060bde@group-AD091C7470D8-LeaderElection99] INFO  impl.LeaderElection (LeaderElection.java:logAndReturn(56)) - 22c15439-5b84-422d-ac6d-6dee49060bde@group-AD091C7470D8-LeaderElection99: Election PASSED; received 1 response(s) [22c15439-5b84-422d-ac6d-6dee49060bde<-1b2603e6-64f0-4484-91e6-27332871a4d6#0:OK-t1] and 0 exception(s); 22c15439-5b84-422d-ac6d-6dee49060bde@group-AD091C7470D8:t1, leader=null, voted=22c15439-5b84-422d-ac6d-6dee49060bde, raftlog=22c15439-5b84-422d-ac6d-6dee49060bde@group-AD091C7470D8-SegmentedRaftLog:OPENED:c-1,f-1,i0, conf=-1: [1b2603e6-64f0-4484-91e6-27332871a4d6:192.168.164.255:33427, 22c15439-5b84-422d-ac6d-6dee49060bde:192.168.164.255:44372, b5bf0f2c-0fd5-4055-b49a-9c22970d3d27:192.168.164.255:41357], old=null
2019-10-04 23:11:44,826 [1b2603e6-64f0-4484-91e6-27332871a4d6@group-681DC0DAA9B6-LeaderElection100] INFO  server.RaftServerConfigKeys (ConfUtils.java:logGet(43)) - raft.server.watch.element-limit = 65536 (default)
2019-10-04 23:11:44,827 [22c15439-5b84-422d-ac6d-6dee49060bde@group-AD091C7470D8-LeaderElection99] INFO  impl.RoleInfo (RoleInfo.java:shutdownLeaderElection(134)) - 22c15439-5b84-422d-ac6d-6dee49060bde: shutdown LeaderElection
2019-10-04 23:11:44,829 [22c15439-5b84-422d-ac6d-6dee49060bde@group-AD091C7470D8-LeaderElection99] INFO  impl.RaftServerImpl (RaftServerImpl.java:setRole(170)) - 22c15439-5b84-422d-ac6d-6dee49060bde@group-AD091C7470D8: changes role from CANDIDATE to LEADER at term 1 for changeToLeader
2019-10-04 23:11:44,829 [22c15439-5b84-422d-ac6d-6dee49060bde@group-AD091C7470D8-LeaderElection99] INFO  impl.RaftServerImpl (ServerState.java:setLeader(255)) - 22c15439-5b84-422d-ac6d-6dee49060bde@group-AD091C7470D8: change Leader from null to 22c15439-5b84-422d-ac6d-6dee49060bde at term 1 for becomeLeader, leader elected after 5136ms
2019-10-04 23:11:44,830 [22c15439-5b84-422d-ac6d-6dee49060bde@group-AD091C7470D8-LeaderElection99] INFO  server.RaftServerConfigKeys (ConfUtils.java:logGet(43)) - raft.server.staging.catchup.gap = 1000 (default)
2019-10-04 23:11:44,830 [22c15439-5b84-422d-ac6d-6dee49060bde@group-AD091C7470D8-LeaderElection99] INFO  server.RaftServerConfigKeys (ConfUtils.java:logGet(43)) - raft.server.rpc.sleep.time = 25ms (default)
2019-10-04 23:11:44,830 [22c15439-5b84-422d-ac6d-6dee49060bde@group-AD091C7470D8-LeaderElection99] INFO  server.RaftServerConfigKeys (ConfUtils.java:logGet(43)) - raft.server.write.element-limit = 4096 (default)
2019-10-04 23:11:44,830 [22c15439-5b84-422d-ac6d-6dee49060bde@group-AD091C7470D8-LeaderElection99] INFO  server.RaftServerConfigKeys (ConfUtils.java:logGet(43)) - raft.server.watch.timeout = 10s (default)
2019-10-04 23:11:44,830 [22c15439-5b84-422d-ac6d-6dee49060bde@group-AD091C7470D8-LeaderElection99] INFO  server.RaftServerConfigKeys (ConfUtils.java:logGet(43)) - raft.server.watch.timeout.denomination = 1s (default)
2019-10-04 23:11:44,830 [22c15439-5b84-422d-ac6d-6dee49060bde@group-AD091C7470D8-LeaderElection99] INFO  server.RaftServerConfigKeys (ConfUtils.java:logGet(43)) - raft.server.watch.element-limit = 65536 (default)
2019-10-04 23:11:44,831 [1b2603e6-64f0-4484-91e6-27332871a4d6@group-681DC0DAA9B6-LeaderElection100] INFO  impl.RoleInfo (RoleInfo.java:updateAndGet(143)) - 1b2603e6-64f0-4484-91e6-27332871a4d6: start LeaderState
2019-10-04 23:11:44,831 [1b2603e6-64f0-4484-91e6-27332871a4d6@group-681DC0DAA9B6-LeaderElection100] INFO  segmented.SegmentedRaftLogWorker (SegmentedRaftLogWorker.java:startLogSegment(385)) - 1b2603e6-64f0-4484-91e6-27332871a4d6@group-681DC0DAA9B6-SegmentedRaftLogWorker: Starting segment from index:0
2019-10-04 23:11:44,832 [1b2603e6-64f0-4484-91e6-27332871a4d6@group-681DC0DAA9B6-LeaderElection100] INFO  impl.RaftServerImpl (ServerState.java:setRaftConf(356)) - 1b2603e6-64f0-4484-91e6-27332871a4d6@group-681DC0DAA9B6: set configuration 0: [1b2603e6-64f0-4484-91e6-27332871a4d6:192.168.164.255:33427], old=null at 0
2019-10-04 23:11:44,833 [22c15439-5b84-422d-ac6d-6dee49060bde@group-AD091C7470D8-LeaderElection99] INFO  server.RaftServerConfigKeys (ConfUtils.java:logGet(43)) - raft.server.log.appender.snapshot.chunk.size.max = 16MB (=16777216) (default)
2019-10-04 23:11:44,833 [22c15439-5b84-422d-ac6d-6dee49060bde@group-AD091C7470D8-LeaderElection99] INFO  server.RaftServerConfigKeys (ConfUtils.java:logGet(43)) - raft.server.log.appender.buffer.byte-limit = 33554432 (custom)
2019-10-04 23:11:44,833 [22c15439-5b84-422d-ac6d-6dee49060bde@group-AD091C7470D8-LeaderElection99] INFO  server.RaftServerConfigKeys (ConfUtils.java:logGet(43)) - raft.server.log.appender.buffer.element-limit = 1 (custom)
2019-10-04 23:11:44,834 [22c15439-5b84-422d-ac6d-6dee49060bde@group-AD091C7470D8-LeaderElection99] INFO  grpc.GrpcConfigKeys$Server (ConfUtils.java:logGet(43)) - raft.grpc.server.leader.outstanding.appends.max = 128 (default)
2019-10-04 23:11:44,834 [22c15439-5b84-422d-ac6d-6dee49060bde@group-AD091C7470D8-LeaderElection99] INFO  server.RaftServerConfigKeys (ConfUtils.java:logGet(43)) - raft.server.rpc.request.timeout = 3000ms (default)
2019-10-04 23:11:44,834 [22c15439-5b84-422d-ac6d-6dee49060bde@group-AD091C7470D8-LeaderElection99] INFO  server.RaftServerConfigKeys (ConfUtils.java:logGet(43)) - raft.server.log.appender.install.snapshot.enabled = false (custom)
2019-10-04 23:11:44,834 [22c15439-5b84-422d-ac6d-6dee49060bde@group-AD091C7470D8-LeaderElection99] INFO  server.RaftServerConfigKeys (ConfUtils.java:logGet(43)) - raft.server.log.appender.snapshot.chunk.size.max = 16MB (=16777216) (default)
2019-10-04 23:11:44,834 [22c15439-5b84-422d-ac6d-6dee49060bde@group-AD091C7470D8-LeaderElection99] INFO  server.RaftServerConfigKeys (ConfUtils.java:logGet(43)) - raft.server.log.appender.buffer.byte-limit = 33554432 (custom)
2019-10-04 23:11:44,835 [22c15439-5b84-422d-ac6d-6dee49060bde@group-AD091C7470D8-LeaderElection99] INFO  server.RaftServerConfigKeys (ConfUtils.java:logGet(43)) - raft.server.log.appender.buffer.element-limit = 1 (custom)
2019-10-04 23:11:44,835 [22c15439-5b84-422d-ac6d-6dee49060bde@group-AD091C7470D8-LeaderElection99] INFO  grpc.GrpcConfigKeys$Server (ConfUtils.java:logGet(43)) - raft.grpc.server.leader.outstanding.appends.max = 128 (default)
2019-10-04 23:11:44,835 [22c15439-5b84-422d-ac6d-6dee49060bde@group-AD091C7470D8-LeaderElection99] INFO  server.RaftServerConfigKeys (ConfUtils.java:logGet(43)) - raft.server.rpc.request.timeout = 3000ms (default)
2019-10-04 23:11:44,835 [22c15439-5b84-422d-ac6d-6dee49060bde@group-AD091C7470D8-LeaderElection99] INFO  server.RaftServerConfigKeys (ConfUtils.java:logGet(43)) - raft.server.log.appender.install.snapshot.enabled = false (custom)
2019-10-04 23:11:44,835 [22c15439-5b84-422d-ac6d-6dee49060bde@group-AD091C7470D8-LeaderElection99] INFO  impl.RoleInfo (RoleInfo.java:updateAndGet(143)) - 22c15439-5b84-422d-ac6d-6dee49060bde: start LeaderState
2019-10-04 23:11:44,836 [22c15439-5b84-422d-ac6d-6dee49060bde@group-AD091C7470D8-LeaderElection99] INFO  segmented.SegmentedRaftLogWorker (SegmentedRaftLogWorker.java:startLogSegment(385)) - 22c15439-5b84-422d-ac6d-6dee49060bde@group-AD091C7470D8-SegmentedRaftLogWorker: Starting segment from index:0
2019-10-04 23:11:44,837 [22c15439-5b84-422d-ac6d-6dee49060bde@group-AD091C7470D8-LeaderElection99] INFO  impl.RaftServerImpl (ServerState.java:setRaftConf(356)) - 22c15439-5b84-422d-ac6d-6dee49060bde@group-AD091C7470D8: set configuration 0: [1b2603e6-64f0-4484-91e6-27332871a4d6:192.168.164.255:33427, 22c15439-5b84-422d-ac6d-6dee49060bde:192.168.164.255:44372, b5bf0f2c-0fd5-4055-b49a-9c22970d3d27:192.168.164.255:41357], old=null at 0
2019-10-04 23:11:44,880 [grpc-default-executor-2] INFO  impl.RaftServerImpl (ServerState.java:setLeader(255)) - 1b2603e6-64f0-4484-91e6-27332871a4d6@group-AD091C7470D8: change Leader from null to 22c15439-5b84-422d-ac6d-6dee49060bde at term 1 for appendEntries, leader elected after 5186ms
2019-10-04 23:11:44,880 [grpc-default-executor-6] INFO  impl.RaftServerImpl (ServerState.java:setLeader(255)) - b5bf0f2c-0fd5-4055-b49a-9c22970d3d27@group-AD091C7470D8: change Leader from null to 22c15439-5b84-422d-ac6d-6dee49060bde at term 1 for appendEntries, leader elected after 5186ms
2019-10-04 23:11:44,887 [grpc-default-executor-6] INFO  impl.RaftServerImpl (ServerState.java:setRaftConf(356)) - 1b2603e6-64f0-4484-91e6-27332871a4d6@group-AD091C7470D8: set configuration 0: [1b2603e6-64f0-4484-91e6-27332871a4d6:192.168.164.255:33427, 22c15439-5b84-422d-ac6d-6dee49060bde:192.168.164.255:44372, b5bf0f2c-0fd5-4055-b49a-9c22970d3d27:192.168.164.255:41357], old=null at 0
2019-10-04 23:11:44,887 [grpc-default-executor-2] INFO  impl.RaftServerImpl (ServerState.java:setRaftConf(356)) - b5bf0f2c-0fd5-4055-b49a-9c22970d3d27@group-AD091C7470D8: set configuration 0: [1b2603e6-64f0-4484-91e6-27332871a4d6:192.168.164.255:33427, 22c15439-5b84-422d-ac6d-6dee49060bde:192.168.164.255:44372, b5bf0f2c-0fd5-4055-b49a-9c22970d3d27:192.168.164.255:41357], old=null at 0
2019-10-04 23:11:44,887 [grpc-default-executor-6] INFO  segmented.SegmentedRaftLogWorker (SegmentedRaftLogWorker.java:startLogSegment(385)) - 1b2603e6-64f0-4484-91e6-27332871a4d6@group-AD091C7470D8-SegmentedRaftLogWorker: Starting segment from index:0
2019-10-04 23:11:44,887 [grpc-default-executor-2] INFO  segmented.SegmentedRaftLogWorker (SegmentedRaftLogWorker.java:startLogSegment(385)) - b5bf0f2c-0fd5-4055-b49a-9c22970d3d27@group-AD091C7470D8-SegmentedRaftLogWorker: Starting segment from index:0
2019-10-04 23:11:44,892 [1b2603e6-64f0-4484-91e6-27332871a4d6@group-681DC0DAA9B6-SegmentedRaftLogWorker] INFO  segmented.SegmentedRaftLogWorker (SegmentedRaftLogWorker.java:execute(574)) - 1b2603e6-64f0-4484-91e6-27332871a4d6@group-681DC0DAA9B6-SegmentedRaftLogWorker: created new log segment /workdir/hadoop-ozone/integration-test/target/test-dir/MiniOzoneClusterImpl-edf73136-247f-4d67-9c2b-ffcb6668a5a7/datanode-3/data/ratis/b83dac38-20be-4e97-8878-681dc0daa9b6/current/log_inprogress_0
2019-10-04 23:11:44,892 [22c15439-5b84-422d-ac6d-6dee49060bde@group-AD091C7470D8-SegmentedRaftLogWorker] INFO  segmented.SegmentedRaftLogWorker (SegmentedRaftLogWorker.java:execute(574)) - 22c15439-5b84-422d-ac6d-6dee49060bde@group-AD091C7470D8-SegmentedRaftLogWorker: created new log segment /workdir/hadoop-ozone/integration-test/target/test-dir/MiniOzoneClusterImpl-edf73136-247f-4d67-9c2b-ffcb6668a5a7/datanode-0/data/ratis/338b6c2c-8d05-4c01-936d-ad091c7470d8/current/log_inprogress_0
2019-10-04 23:11:44,924 [b5bf0f2c-0fd5-4055-b49a-9c22970d3d27@group-AD091C7470D8-SegmentedRaftLogWorker] INFO  segmented.SegmentedRaftLogWorker (SegmentedRaftLogWorker.java:execute(574)) - b5bf0f2c-0fd5-4055-b49a-9c22970d3d27@group-AD091C7470D8-SegmentedRaftLogWorker: created new log segment /workdir/hadoop-ozone/integration-test/target/test-dir/MiniOzoneClusterImpl-edf73136-247f-4d67-9c2b-ffcb6668a5a7/datanode-1/data/ratis/338b6c2c-8d05-4c01-936d-ad091c7470d8/current/log_inprogress_0
2019-10-04 23:11:44,924 [1b2603e6-64f0-4484-91e6-27332871a4d6@group-AD091C7470D8-SegmentedRaftLogWorker] INFO  segmented.SegmentedRaftLogWorker (SegmentedRaftLogWorker.java:execute(574)) - 1b2603e6-64f0-4484-91e6-27332871a4d6@group-AD091C7470D8-SegmentedRaftLogWorker: created new log segment /workdir/hadoop-ozone/integration-test/target/test-dir/MiniOzoneClusterImpl-edf73136-247f-4d67-9c2b-ffcb6668a5a7/datanode-3/data/ratis/338b6c2c-8d05-4c01-936d-ad091c7470d8/current/log_inprogress_0
2019-10-04 23:11:44,953 [Thread-2458] INFO  impl.FollowerState (FollowerState.java:run(108)) - c3951d33-9312-4fb9-bcd5-f47b087663b5@group-A65A814D0271-FollowerState: change to CANDIDATE, lastRpcTime:5156ms, electionTimeout:5156ms
2019-10-04 23:11:44,953 [Thread-2458] INFO  impl.RoleInfo (RoleInfo.java:shutdownFollowerState(121)) - c3951d33-9312-4fb9-bcd5-f47b087663b5: shutdown FollowerState
2019-10-04 23:11:44,953 [Thread-2458] INFO  impl.RaftServerImpl (RaftServerImpl.java:setRole(170)) - c3951d33-9312-4fb9-bcd5-f47b087663b5@group-A65A814D0271: changes role from  FOLLOWER to CANDIDATE at term 0 for changeToCandidate
2019-10-04 23:11:44,953 [Thread-2458] INFO  impl.RoleInfo (RoleInfo.java:updateAndGet(143)) - c3951d33-9312-4fb9-bcd5-f47b087663b5: start LeaderElection
2019-10-04 23:11:44,972 [c3951d33-9312-4fb9-bcd5-f47b087663b5@group-A65A814D0271-LeaderElection101] INFO  impl.LeaderElection (LeaderElection.java:askForVotes(178)) - c3951d33-9312-4fb9-bcd5-f47b087663b5@group-A65A814D0271-LeaderElection101: begin an election at term 1 for -1: [c3951d33-9312-4fb9-bcd5-f47b087663b5:192.168.164.255:35111], old=null
2019-10-04 23:11:44,972 [c3951d33-9312-4fb9-bcd5-f47b087663b5@group-A65A814D0271-LeaderElection101] INFO  impl.RoleInfo (RoleInfo.java:shutdownLeaderElection(134)) - c3951d33-9312-4fb9-bcd5-f47b087663b5: shutdown LeaderElection
2019-10-04 23:11:44,972 [c3951d33-9312-4fb9-bcd5-f47b087663b5@group-A65A814D0271-LeaderElection101] INFO  impl.RaftServerImpl (RaftServerImpl.java:setRole(170)) - c3951d33-9312-4fb9-bcd5-f47b087663b5@group-A65A814D0271: changes role from CANDIDATE to LEADER at term 1 for changeToLeader
2019-10-04 23:11:44,972 [c3951d33-9312-4fb9-bcd5-f47b087663b5@group-A65A814D0271-LeaderElection101] INFO  impl.RaftServerImpl (ServerState.java:setLeader(255)) - c3951d33-9312-4fb9-bcd5-f47b087663b5@group-A65A814D0271: change Leader from null to c3951d33-9312-4fb9-bcd5-f47b087663b5 at term 1 for becomeLeader, leader elected after 5183ms
2019-10-04 23:11:44,972 [c3951d33-9312-4fb9-bcd5-f47b087663b5@group-A65A814D0271-LeaderElection101] INFO  server.RaftServerConfigKeys (ConfUtils.java:logGet(43)) - raft.server.staging.catchup.gap = 1000 (default)
2019-10-04 23:11:44,972 [c3951d33-9312-4fb9-bcd5-f47b087663b5@group-A65A814D0271-LeaderElection101] INFO  server.RaftServerConfigKeys (ConfUtils.java:logGet(43)) - raft.server.rpc.sleep.time = 25ms (default)
2019-10-04 23:11:44,972 [c3951d33-9312-4fb9-bcd5-f47b087663b5@group-A65A814D0271-LeaderElection101] INFO  server.RaftServerConfigKeys (ConfUtils.java:logGet(43)) - raft.server.write.element-limit = 4096 (default)
2019-10-04 23:11:44,973 [c3951d33-9312-4fb9-bcd5-f47b087663b5@group-A65A814D0271-LeaderElection101] INFO  server.RaftServerConfigKeys (ConfUtils.java:logGet(43)) - raft.server.watch.timeout = 10s (default)
2019-10-04 23:11:44,973 [c3951d33-9312-4fb9-bcd5-f47b087663b5@group-A65A814D0271-LeaderElection101] INFO  server.RaftServerConfigKeys (ConfUtils.java:logGet(43)) - raft.server.watch.timeout.denomination = 1s (default)
2019-10-04 23:11:44,973 [c3951d33-9312-4fb9-bcd5-f47b087663b5@group-A65A814D0271-LeaderElection101] INFO  server.RaftServerConfigKeys (ConfUtils.java:logGet(43)) - raft.server.watch.element-limit = 65536 (default)
2019-10-04 23:11:44,975 [c3951d33-9312-4fb9-bcd5-f47b087663b5@group-A65A814D0271-LeaderElection101] INFO  impl.RoleInfo (RoleInfo.java:updateAndGet(143)) - c3951d33-9312-4fb9-bcd5-f47b087663b5: start LeaderState
2019-10-04 23:11:44,975 [c3951d33-9312-4fb9-bcd5-f47b087663b5@group-A65A814D0271-LeaderElection101] INFO  segmented.SegmentedRaftLogWorker (SegmentedRaftLogWorker.java:startLogSegment(385)) - c3951d33-9312-4fb9-bcd5-f47b087663b5@group-A65A814D0271-SegmentedRaftLogWorker: Starting segment from index:0
2019-10-04 23:11:44,976 [c3951d33-9312-4fb9-bcd5-f47b087663b5@group-A65A814D0271-LeaderElection101] INFO  impl.RaftServerImpl (ServerState.java:setRaftConf(356)) - c3951d33-9312-4fb9-bcd5-f47b087663b5@group-A65A814D0271: set configuration 0: [c3951d33-9312-4fb9-bcd5-f47b087663b5:192.168.164.255:35111], old=null at 0
2019-10-04 23:11:44,991 [Thread-2466] INFO  impl.FollowerState (FollowerState.java:run(108)) - 9d629f3d-b5ad-45a9-8f27-83b1ced3d684@group-6F2977CF915F-FollowerState: change to CANDIDATE, lastRpcTime:5056ms, electionTimeout:5056ms
2019-10-04 23:11:44,991 [Thread-2466] INFO  impl.RoleInfo (RoleInfo.java:shutdownFollowerState(121)) - 9d629f3d-b5ad-45a9-8f27-83b1ced3d684: shutdown FollowerState
2019-10-04 23:11:44,991 [Thread-2466] INFO  impl.RaftServerImpl (RaftServerImpl.java:setRole(170)) - 9d629f3d-b5ad-45a9-8f27-83b1ced3d684@group-6F2977CF915F: changes role from  FOLLOWER to CANDIDATE at term 0 for changeToCandidate
2019-10-04 23:11:44,991 [Thread-2466] INFO  impl.RoleInfo (RoleInfo.java:updateAndGet(143)) - 9d629f3d-b5ad-45a9-8f27-83b1ced3d684: start LeaderElection
2019-10-04 23:11:45,008 [Thread-2473] INFO  impl.FollowerState (FollowerState.java:run(108)) - 9d629f3d-b5ad-45a9-8f27-83b1ced3d684@group-787DF1191CEE-FollowerState: change to CANDIDATE, lastRpcTime:5012ms, electionTimeout:5012ms
2019-10-04 23:11:45,008 [Thread-2473] INFO  impl.RoleInfo (RoleInfo.java:shutdownFollowerState(121)) - 9d629f3d-b5ad-45a9-8f27-83b1ced3d684: shutdown FollowerState
2019-10-04 23:11:45,008 [Thread-2473] INFO  impl.RaftServerImpl (RaftServerImpl.java:setRole(170)) - 9d629f3d-b5ad-45a9-8f27-83b1ced3d684@group-787DF1191CEE: changes role from  FOLLOWER to CANDIDATE at term 0 for changeToCandidate
2019-10-04 23:11:45,008 [Thread-2473] INFO  impl.RoleInfo (RoleInfo.java:updateAndGet(143)) - 9d629f3d-b5ad-45a9-8f27-83b1ced3d684: start LeaderElection
2019-10-04 23:11:45,019 [c3951d33-9312-4fb9-bcd5-f47b087663b5@group-A65A814D0271-SegmentedRaftLogWorker] INFO  segmented.SegmentedRaftLogWorker (SegmentedRaftLogWorker.java:execute(574)) - c3951d33-9312-4fb9-bcd5-f47b087663b5@group-A65A814D0271-SegmentedRaftLogWorker: created new log segment /workdir/hadoop-ozone/integration-test/target/test-dir/MiniOzoneClusterImpl-edf73136-247f-4d67-9c2b-ffcb6668a5a7/datanode-5/data/ratis/df680f96-1392-49bd-96d8-a65a814d0271/current/log_inprogress_0
2019-10-04 23:11:45,019 [9d629f3d-b5ad-45a9-8f27-83b1ced3d684@group-6F2977CF915F-LeaderElection102] INFO  impl.LeaderElection (LeaderElection.java:askForVotes(178)) - 9d629f3d-b5ad-45a9-8f27-83b1ced3d684@group-6F2977CF915F-LeaderElection102: begin an election at term 1 for -1: [9d629f3d-b5ad-45a9-8f27-83b1ced3d684:192.168.164.255:36201], old=null
2019-10-04 23:11:45,019 [9d629f3d-b5ad-45a9-8f27-83b1ced3d684@group-787DF1191CEE-LeaderElection103] INFO  impl.LeaderElection (LeaderElection.java:askForVotes(178)) - 9d629f3d-b5ad-45a9-8f27-83b1ced3d684@group-787DF1191CEE-LeaderElection103: begin an election at term 1 for -1: [c3951d33-9312-4fb9-bcd5-f47b087663b5:192.168.164.255:35111, 9d629f3d-b5ad-45a9-8f27-83b1ced3d684:192.168.164.255:36201, 1dd6cb2a-84fa-477a-92a0-f2b2491b6aae:192.168.164.255:44588], old=null
2019-10-04 23:11:45,020 [9d629f3d-b5ad-45a9-8f27-83b1ced3d684@group-6F2977CF915F-LeaderElection102] INFO  impl.RoleInfo (RoleInfo.java:shutdownLeaderElection(134)) - 9d629f3d-b5ad-45a9-8f27-83b1ced3d684: shutdown LeaderElection
2019-10-04 23:11:45,020 [9d629f3d-b5ad-45a9-8f27-83b1ced3d684@group-6F2977CF915F-LeaderElection102] INFO  impl.RaftServerImpl (RaftServerImpl.java:setRole(170)) - 9d629f3d-b5ad-45a9-8f27-83b1ced3d684@group-6F2977CF915F: changes role from CANDIDATE to LEADER at term 1 for changeToLeader
2019-10-04 23:11:45,020 [9d629f3d-b5ad-45a9-8f27-83b1ced3d684@group-6F2977CF915F-LeaderElection102] INFO  impl.RaftServerImpl (ServerState.java:setLeader(255)) - 9d629f3d-b5ad-45a9-8f27-83b1ced3d684@group-6F2977CF915F: change Leader from null to 9d629f3d-b5ad-45a9-8f27-83b1ced3d684 at term 1 for becomeLeader, leader elected after 5091ms
2019-10-04 23:11:45,020 [9d629f3d-b5ad-45a9-8f27-83b1ced3d684@group-6F2977CF915F-LeaderElection102] INFO  server.RaftServerConfigKeys (ConfUtils.java:logGet(43)) - raft.server.staging.catchup.gap = 1000 (default)
2019-10-04 23:11:45,020 [9d629f3d-b5ad-45a9-8f27-83b1ced3d684@group-6F2977CF915F-LeaderElection102] INFO  server.RaftServerConfigKeys (ConfUtils.java:logGet(43)) - raft.server.rpc.sleep.time = 25ms (default)
2019-10-04 23:11:45,020 [9d629f3d-b5ad-45a9-8f27-83b1ced3d684@group-6F2977CF915F-LeaderElection102] INFO  server.RaftServerConfigKeys (ConfUtils.java:logGet(43)) - raft.server.write.element-limit = 4096 (default)
2019-10-04 23:11:45,020 [9d629f3d-b5ad-45a9-8f27-83b1ced3d684@group-6F2977CF915F-LeaderElection102] INFO  server.RaftServerConfigKeys (ConfUtils.java:logGet(43)) - raft.server.watch.timeout = 10s (default)
2019-10-04 23:11:45,021 [9d629f3d-b5ad-45a9-8f27-83b1ced3d684@group-6F2977CF915F-LeaderElection102] INFO  server.RaftServerConfigKeys (ConfUtils.java:logGet(43)) - raft.server.watch.timeout.denomination = 1s (default)
2019-10-04 23:11:45,021 [9d629f3d-b5ad-45a9-8f27-83b1ced3d684@group-6F2977CF915F-LeaderElection102] INFO  server.RaftServerConfigKeys (ConfUtils.java:logGet(43)) - raft.server.watch.element-limit = 65536 (default)
2019-10-04 23:11:45,023 [9d629f3d-b5ad-45a9-8f27-83b1ced3d684@group-6F2977CF915F-LeaderElection102] INFO  impl.RoleInfo (RoleInfo.java:updateAndGet(143)) - 9d629f3d-b5ad-45a9-8f27-83b1ced3d684: start LeaderState
2019-10-04 23:11:45,023 [9d629f3d-b5ad-45a9-8f27-83b1ced3d684@group-6F2977CF915F-LeaderElection102] INFO  segmented.SegmentedRaftLogWorker (SegmentedRaftLogWorker.java:startLogSegment(385)) - 9d629f3d-b5ad-45a9-8f27-83b1ced3d684@group-6F2977CF915F-SegmentedRaftLogWorker: Starting segment from index:0
2019-10-04 23:11:45,024 [9d629f3d-b5ad-45a9-8f27-83b1ced3d684@group-6F2977CF915F-LeaderElection102] INFO  impl.RaftServerImpl (ServerState.java:setRaftConf(356)) - 9d629f3d-b5ad-45a9-8f27-83b1ced3d684@group-6F2977CF915F: set configuration 0: [9d629f3d-b5ad-45a9-8f27-83b1ced3d684:192.168.164.255:36201], old=null at 0
2019-10-04 23:11:45,024 [grpc-default-executor-2] INFO  impl.RaftServerImpl (RaftServerImpl.java:setRole(170)) - c3951d33-9312-4fb9-bcd5-f47b087663b5@group-787DF1191CEE: changes role from  FOLLOWER to FOLLOWER at term 1 for recognizeCandidate:9d629f3d-b5ad-45a9-8f27-83b1ced3d684
2019-10-04 23:11:45,024 [grpc-default-executor-2] INFO  impl.RoleInfo (RoleInfo.java:shutdownFollowerState(121)) - c3951d33-9312-4fb9-bcd5-f47b087663b5: shutdown FollowerState
2019-10-04 23:11:45,024 [grpc-default-executor-2] INFO  impl.RoleInfo (RoleInfo.java:updateAndGet(143)) - c3951d33-9312-4fb9-bcd5-f47b087663b5: start FollowerState
2019-10-04 23:11:45,024 [Thread-2471] INFO  impl.FollowerState (FollowerState.java:run(117)) - c3951d33-9312-4fb9-bcd5-f47b087663b5@group-787DF1191CEE-FollowerState was interrupted: java.lang.InterruptedException: sleep interrupted
2019-10-04 23:11:45,024 [grpc-default-executor-6] INFO  impl.RaftServerImpl (RaftServerImpl.java:setRole(170)) - 1dd6cb2a-84fa-477a-92a0-f2b2491b6aae@group-787DF1191CEE: changes role from  FOLLOWER to FOLLOWER at term 1 for recognizeCandidate:9d629f3d-b5ad-45a9-8f27-83b1ced3d684
2019-10-04 23:11:45,025 [grpc-default-executor-6] INFO  impl.RoleInfo (RoleInfo.java:shutdownFollowerState(121)) - 1dd6cb2a-84fa-477a-92a0-f2b2491b6aae: shutdown FollowerState
2019-10-04 23:11:45,025 [grpc-default-executor-6] INFO  impl.RoleInfo (RoleInfo.java:updateAndGet(143)) - 1dd6cb2a-84fa-477a-92a0-f2b2491b6aae: start FollowerState
2019-10-04 23:11:45,025 [Thread-2472] INFO  impl.FollowerState (FollowerState.java:run(117)) - 1dd6cb2a-84fa-477a-92a0-f2b2491b6aae@group-787DF1191CEE-FollowerState was interrupted: java.lang.InterruptedException: sleep interrupted
2019-10-04 23:11:45,034 [9d629f3d-b5ad-45a9-8f27-83b1ced3d684@group-787DF1191CEE-LeaderElection103] INFO  impl.LeaderElection (LeaderElection.java:logAndReturn(56)) - 9d629f3d-b5ad-45a9-8f27-83b1ced3d684@group-787DF1191CEE-LeaderElection103: Election PASSED; received 1 response(s) [9d629f3d-b5ad-45a9-8f27-83b1ced3d684<-c3951d33-9312-4fb9-bcd5-f47b087663b5#0:OK-t1] and 0 exception(s); 9d629f3d-b5ad-45a9-8f27-83b1ced3d684@group-787DF1191CEE:t1, leader=null, voted=9d629f3d-b5ad-45a9-8f27-83b1ced3d684, raftlog=9d629f3d-b5ad-45a9-8f27-83b1ced3d684@group-787DF1191CEE-SegmentedRaftLog:OPENED:c-1,f-1,i0, conf=-1: [c3951d33-9312-4fb9-bcd5-f47b087663b5:192.168.164.255:35111, 9d629f3d-b5ad-45a9-8f27-83b1ced3d684:192.168.164.255:36201, 1dd6cb2a-84fa-477a-92a0-f2b2491b6aae:192.168.164.255:44588], old=null
2019-10-04 23:11:45,034 [9d629f3d-b5ad-45a9-8f27-83b1ced3d684@group-787DF1191CEE-LeaderElection103] INFO  impl.RoleInfo (RoleInfo.java:shutdownLeaderElection(134)) - 9d629f3d-b5ad-45a9-8f27-83b1ced3d684: shutdown LeaderElection
2019-10-04 23:11:45,034 [9d629f3d-b5ad-45a9-8f27-83b1ced3d684@group-787DF1191CEE-LeaderElection103] INFO  impl.RaftServerImpl (RaftServerImpl.java:setRole(170)) - 9d629f3d-b5ad-45a9-8f27-83b1ced3d684@group-787DF1191CEE: changes role from CANDIDATE to LEADER at term 1 for changeToLeader
2019-10-04 23:11:45,034 [9d629f3d-b5ad-45a9-8f27-83b1ced3d684@group-787DF1191CEE-LeaderElection103] INFO  impl.RaftServerImpl (ServerState.java:setLeader(255)) - 9d629f3d-b5ad-45a9-8f27-83b1ced3d684@group-787DF1191CEE: change Leader from null to 9d629f3d-b5ad-45a9-8f27-83b1ced3d684 at term 1 for becomeLeader, leader elected after 5049ms
2019-10-04 23:11:45,034 [9d629f3d-b5ad-45a9-8f27-83b1ced3d684@group-787DF1191CEE-LeaderElection103] INFO  server.RaftServerConfigKeys (ConfUtils.java:logGet(43)) - raft.server.staging.catchup.gap = 1000 (default)
2019-10-04 23:11:45,034 [9d629f3d-b5ad-45a9-8f27-83b1ced3d684@group-787DF1191CEE-LeaderElection103] INFO  server.RaftServerConfigKeys (ConfUtils.java:logGet(43)) - raft.server.rpc.sleep.time = 25ms (default)
2019-10-04 23:11:45,035 [9d629f3d-b5ad-45a9-8f27-83b1ced3d684@group-787DF1191CEE-LeaderElection103] INFO  server.RaftServerConfigKeys (ConfUtils.java:logGet(43)) - raft.server.write.element-limit = 4096 (default)
2019-10-04 23:11:45,035 [9d629f3d-b5ad-45a9-8f27-83b1ced3d684@group-787DF1191CEE-LeaderElection103] INFO  server.RaftServerConfigKeys (ConfUtils.java:logGet(43)) - raft.server.watch.timeout = 10s (default)
2019-10-04 23:11:45,035 [9d629f3d-b5ad-45a9-8f27-83b1ced3d684@group-787DF1191CEE-LeaderElection103] INFO  server.RaftServerConfigKeys (ConfUtils.java:logGet(43)) - raft.server.watch.timeout.denomination = 1s (default)
2019-10-04 23:11:45,035 [9d629f3d-b5ad-45a9-8f27-83b1ced3d684@group-787DF1191CEE-LeaderElection103] INFO  server.RaftServerConfigKeys (ConfUtils.java:logGet(43)) - raft.server.watch.element-limit = 65536 (default)
2019-10-04 23:11:45,036 [9d629f3d-b5ad-45a9-8f27-83b1ced3d684@group-787DF1191CEE-LeaderElection103] INFO  server.RaftServerConfigKeys (ConfUtils.java:logGet(43)) - raft.server.log.appender.snapshot.chunk.size.max = 16MB (=16777216) (default)
2019-10-04 23:11:45,037 [9d629f3d-b5ad-45a9-8f27-83b1ced3d684@group-787DF1191CEE-LeaderElection103] INFO  server.RaftServerConfigKeys (ConfUtils.java:logGet(43)) - raft.server.log.appender.buffer.byte-limit = 33554432 (custom)
2019-10-04 23:11:45,037 [9d629f3d-b5ad-45a9-8f27-83b1ced3d684@group-787DF1191CEE-LeaderElection103] INFO  server.RaftServerConfigKeys (ConfUtils.java:logGet(43)) - raft.server.log.appender.buffer.element-limit = 1 (custom)
2019-10-04 23:11:45,037 [9d629f3d-b5ad-45a9-8f27-83b1ced3d684@group-787DF1191CEE-LeaderElection103] INFO  grpc.GrpcConfigKeys$Server (ConfUtils.java:logGet(43)) - raft.grpc.server.leader.outstanding.appends.max = 128 (default)
2019-10-04 23:11:45,037 [9d629f3d-b5ad-45a9-8f27-83b1ced3d684@group-787DF1191CEE-LeaderElection103] INFO  server.RaftServerConfigKeys (ConfUtils.java:logGet(43)) - raft.server.rpc.request.timeout = 3000ms (default)
2019-10-04 23:11:45,037 [9d629f3d-b5ad-45a9-8f27-83b1ced3d684@group-787DF1191CEE-LeaderElection103] INFO  server.RaftServerConfigKeys (ConfUtils.java:logGet(43)) - raft.server.log.appender.install.snapshot.enabled = false (custom)
2019-10-04 23:11:45,037 [9d629f3d-b5ad-45a9-8f27-83b1ced3d684@group-787DF1191CEE-LeaderElection103] INFO  server.RaftServerConfigKeys (ConfUtils.java:logGet(43)) - raft.server.log.appender.snapshot.chunk.size.max = 16MB (=16777216) (default)
2019-10-04 23:11:45,037 [9d629f3d-b5ad-45a9-8f27-83b1ced3d684@group-787DF1191CEE-LeaderElection103] INFO  server.RaftServerConfigKeys (ConfUtils.java:logGet(43)) - raft.server.log.appender.buffer.byte-limit = 33554432 (custom)
2019-10-04 23:11:45,038 [9d629f3d-b5ad-45a9-8f27-83b1ced3d684@group-787DF1191CEE-LeaderElection103] INFO  server.RaftServerConfigKeys (ConfUtils.java:logGet(43)) - raft.server.log.appender.buffer.element-limit = 1 (custom)
2019-10-04 23:11:45,038 [9d629f3d-b5ad-45a9-8f27-83b1ced3d684@group-787DF1191CEE-LeaderElection103] INFO  grpc.GrpcConfigKeys$Server (ConfUtils.java:logGet(43)) - raft.grpc.server.leader.outstanding.appends.max = 128 (default)
2019-10-04 23:11:45,038 [9d629f3d-b5ad-45a9-8f27-83b1ced3d684@group-787DF1191CEE-LeaderElection103] INFO  server.RaftServerConfigKeys (ConfUtils.java:logGet(43)) - raft.server.rpc.request.timeout = 3000ms (default)
2019-10-04 23:11:45,038 [9d629f3d-b5ad-45a9-8f27-83b1ced3d684@group-787DF1191CEE-LeaderElection103] INFO  server.RaftServerConfigKeys (ConfUtils.java:logGet(43)) - raft.server.log.appender.install.snapshot.enabled = false (custom)
2019-10-04 23:11:45,038 [9d629f3d-b5ad-45a9-8f27-83b1ced3d684@group-787DF1191CEE-LeaderElection103] INFO  impl.RoleInfo (RoleInfo.java:updateAndGet(143)) - 9d629f3d-b5ad-45a9-8f27-83b1ced3d684: start LeaderState
2019-10-04 23:11:45,038 [9d629f3d-b5ad-45a9-8f27-83b1ced3d684@group-787DF1191CEE-LeaderElection103] INFO  segmented.SegmentedRaftLogWorker (SegmentedRaftLogWorker.java:startLogSegment(385)) - 9d629f3d-b5ad-45a9-8f27-83b1ced3d684@group-787DF1191CEE-SegmentedRaftLogWorker: Starting segment from index:0
2019-10-04 23:11:45,039 [9d629f3d-b5ad-45a9-8f27-83b1ced3d684@group-787DF1191CEE-LeaderElection103] INFO  impl.RaftServerImpl (ServerState.java:setRaftConf(356)) - 9d629f3d-b5ad-45a9-8f27-83b1ced3d684@group-787DF1191CEE: set configuration 0: [c3951d33-9312-4fb9-bcd5-f47b087663b5:192.168.164.255:35111, 9d629f3d-b5ad-45a9-8f27-83b1ced3d684:192.168.164.255:36201, 1dd6cb2a-84fa-477a-92a0-f2b2491b6aae:192.168.164.255:44588], old=null at 0
2019-10-04 23:11:45,070 [grpc-default-executor-2] INFO  impl.RaftServerImpl (ServerState.java:setLeader(255)) - 1dd6cb2a-84fa-477a-92a0-f2b2491b6aae@group-787DF1191CEE: change Leader from null to 9d629f3d-b5ad-45a9-8f27-83b1ced3d684 at term 1 for appendEntries, leader elected after 5085ms
2019-10-04 23:11:45,075 [grpc-default-executor-6] INFO  impl.RaftServerImpl (ServerState.java:setLeader(255)) - c3951d33-9312-4fb9-bcd5-f47b087663b5@group-787DF1191CEE: change Leader from null to 9d629f3d-b5ad-45a9-8f27-83b1ced3d684 at term 1 for appendEntries, leader elected after 5090ms
2019-10-04 23:11:45,077 [grpc-default-executor-6] INFO  impl.RaftServerImpl (ServerState.java:setRaftConf(356)) - 1dd6cb2a-84fa-477a-92a0-f2b2491b6aae@group-787DF1191CEE: set configuration 0: [c3951d33-9312-4fb9-bcd5-f47b087663b5:192.168.164.255:35111, 9d629f3d-b5ad-45a9-8f27-83b1ced3d684:192.168.164.255:36201, 1dd6cb2a-84fa-477a-92a0-f2b2491b6aae:192.168.164.255:44588], old=null at 0
2019-10-04 23:11:45,077 [grpc-default-executor-6] INFO  segmented.SegmentedRaftLogWorker (SegmentedRaftLogWorker.java:startLogSegment(385)) - 1dd6cb2a-84fa-477a-92a0-f2b2491b6aae@group-787DF1191CEE-SegmentedRaftLogWorker: Starting segment from index:0
2019-10-04 23:11:45,077 [grpc-default-executor-2] INFO  impl.RaftServerImpl (ServerState.java:setRaftConf(356)) - c3951d33-9312-4fb9-bcd5-f47b087663b5@group-787DF1191CEE: set configuration 0: [c3951d33-9312-4fb9-bcd5-f47b087663b5:192.168.164.255:35111, 9d629f3d-b5ad-45a9-8f27-83b1ced3d684:192.168.164.255:36201, 1dd6cb2a-84fa-477a-92a0-f2b2491b6aae:192.168.164.255:44588], old=null at 0
2019-10-04 23:11:45,077 [grpc-default-executor-2] INFO  segmented.SegmentedRaftLogWorker (SegmentedRaftLogWorker.java:startLogSegment(385)) - c3951d33-9312-4fb9-bcd5-f47b087663b5@group-787DF1191CEE-SegmentedRaftLogWorker: Starting segment from index:0
2019-10-04 23:11:45,078 [Thread-2463] INFO  impl.FollowerState (FollowerState.java:run(108)) - 1dd6cb2a-84fa-477a-92a0-f2b2491b6aae@group-3CFA6430C53D-FollowerState: change to CANDIDATE, lastRpcTime:5193ms, electionTimeout:5193ms
2019-10-04 23:11:45,078 [Thread-2463] INFO  impl.RoleInfo (RoleInfo.java:shutdownFollowerState(121)) - 1dd6cb2a-84fa-477a-92a0-f2b2491b6aae: shutdown FollowerState
2019-10-04 23:11:45,079 [Thread-2463] INFO  impl.RaftServerImpl (RaftServerImpl.java:setRole(170)) - 1dd6cb2a-84fa-477a-92a0-f2b2491b6aae@group-3CFA6430C53D: changes role from  FOLLOWER to CANDIDATE at term 0 for changeToCandidate
2019-10-04 23:11:45,079 [Thread-2463] INFO  impl.RoleInfo (RoleInfo.java:updateAndGet(143)) - 1dd6cb2a-84fa-477a-92a0-f2b2491b6aae: start LeaderElection
2019-10-04 23:11:45,114 [9d629f3d-b5ad-45a9-8f27-83b1ced3d684@group-6F2977CF915F-SegmentedRaftLogWorker] INFO  segmented.SegmentedRaftLogWorker (SegmentedRaftLogWorker.java:execute(574)) - 9d629f3d-b5ad-45a9-8f27-83b1ced3d684@group-6F2977CF915F-SegmentedRaftLogWorker: created new log segment /workdir/hadoop-ozone/integration-test/target/test-dir/MiniOzoneClusterImpl-edf73136-247f-4d67-9c2b-ffcb6668a5a7/datanode-6/data/ratis/ca8a9aeb-6c62-458e-99a0-6f2977cf915f/current/log_inprogress_0
2019-10-04 23:11:45,114 [9d629f3d-b5ad-45a9-8f27-83b1ced3d684@group-787DF1191CEE-SegmentedRaftLogWorker] INFO  segmented.SegmentedRaftLogWorker (SegmentedRaftLogWorker.java:execute(574)) - 9d629f3d-b5ad-45a9-8f27-83b1ced3d684@group-787DF1191CEE-SegmentedRaftLogWorker: created new log segment /workdir/hadoop-ozone/integration-test/target/test-dir/MiniOzoneClusterImpl-edf73136-247f-4d67-9c2b-ffcb6668a5a7/datanode-6/data/ratis/b894b312-cd93-48c4-9ea7-787df1191cee/current/log_inprogress_0
2019-10-04 23:11:45,124 [1dd6cb2a-84fa-477a-92a0-f2b2491b6aae@group-787DF1191CEE-SegmentedRaftLogWorker] INFO  segmented.SegmentedRaftLogWorker (SegmentedRaftLogWorker.java:execute(574)) - 1dd6cb2a-84fa-477a-92a0-f2b2491b6aae@group-787DF1191CEE-SegmentedRaftLogWorker: created new log segment /workdir/hadoop-ozone/integration-test/target/test-dir/MiniOzoneClusterImpl-edf73136-247f-4d67-9c2b-ffcb6668a5a7/datanode-4/data/ratis/b894b312-cd93-48c4-9ea7-787df1191cee/current/log_inprogress_0
2019-10-04 23:11:45,124 [c3951d33-9312-4fb9-bcd5-f47b087663b5@group-787DF1191CEE-SegmentedRaftLogWorker] INFO  segmented.SegmentedRaftLogWorker (SegmentedRaftLogWorker.java:execute(574)) - c3951d33-9312-4fb9-bcd5-f47b087663b5@group-787DF1191CEE-SegmentedRaftLogWorker: created new log segment /workdir/hadoop-ozone/integration-test/target/test-dir/MiniOzoneClusterImpl-edf73136-247f-4d67-9c2b-ffcb6668a5a7/datanode-5/data/ratis/b894b312-cd93-48c4-9ea7-787df1191cee/current/log_inprogress_0
2019-10-04 23:11:45,125 [1dd6cb2a-84fa-477a-92a0-f2b2491b6aae@group-3CFA6430C53D-LeaderElection104] INFO  impl.LeaderElection (LeaderElection.java:askForVotes(178)) - 1dd6cb2a-84fa-477a-92a0-f2b2491b6aae@group-3CFA6430C53D-LeaderElection104: begin an election at term 1 for -1: [1dd6cb2a-84fa-477a-92a0-f2b2491b6aae:192.168.164.255:44588], old=null
2019-10-04 23:11:45,125 [1dd6cb2a-84fa-477a-92a0-f2b2491b6aae@group-3CFA6430C53D-LeaderElection104] INFO  impl.RoleInfo (RoleInfo.java:shutdownLeaderElection(134)) - 1dd6cb2a-84fa-477a-92a0-f2b2491b6aae: shutdown LeaderElection
2019-10-04 23:11:45,125 [1dd6cb2a-84fa-477a-92a0-f2b2491b6aae@group-3CFA6430C53D-LeaderElection104] INFO  impl.RaftServerImpl (RaftServerImpl.java:setRole(170)) - 1dd6cb2a-84fa-477a-92a0-f2b2491b6aae@group-3CFA6430C53D: changes role from CANDIDATE to LEADER at term 1 for changeToLeader
2019-10-04 23:11:45,125 [1dd6cb2a-84fa-477a-92a0-f2b2491b6aae@group-3CFA6430C53D-LeaderElection104] INFO  impl.RaftServerImpl (ServerState.java:setLeader(255)) - 1dd6cb2a-84fa-477a-92a0-f2b2491b6aae@group-3CFA6430C53D: change Leader from null to 1dd6cb2a-84fa-477a-92a0-f2b2491b6aae at term 1 for becomeLeader, leader elected after 5267ms
2019-10-04 23:11:45,125 [1dd6cb2a-84fa-477a-92a0-f2b2491b6aae@group-3CFA6430C53D-LeaderElection104] INFO  server.RaftServerConfigKeys (ConfUtils.java:logGet(43)) - raft.server.staging.catchup.gap = 1000 (default)
2019-10-04 23:11:45,125 [1dd6cb2a-84fa-477a-92a0-f2b2491b6aae@group-3CFA6430C53D-LeaderElection104] INFO  server.RaftServerConfigKeys (ConfUtils.java:logGet(43)) - raft.server.rpc.sleep.time = 25ms (default)
2019-10-04 23:11:45,125 [1dd6cb2a-84fa-477a-92a0-f2b2491b6aae@group-3CFA6430C53D-LeaderElection104] INFO  server.RaftServerConfigKeys (ConfUtils.java:logGet(43)) - raft.server.write.element-limit = 4096 (default)
2019-10-04 23:11:45,126 [1dd6cb2a-84fa-477a-92a0-f2b2491b6aae@group-3CFA6430C53D-LeaderElection104] INFO  server.RaftServerConfigKeys (ConfUtils.java:logGet(43)) - raft.server.watch.timeout = 10s (default)
2019-10-04 23:11:45,126 [1dd6cb2a-84fa-477a-92a0-f2b2491b6aae@group-3CFA6430C53D-LeaderElection104] INFO  server.RaftServerConfigKeys (ConfUtils.java:logGet(43)) - raft.server.watch.timeout.denomination = 1s (default)
2019-10-04 23:11:45,126 [1dd6cb2a-84fa-477a-92a0-f2b2491b6aae@group-3CFA6430C53D-LeaderElection104] INFO  server.RaftServerConfigKeys (ConfUtils.java:logGet(43)) - raft.server.watch.element-limit = 65536 (default)
2019-10-04 23:11:45,127 [1dd6cb2a-84fa-477a-92a0-f2b2491b6aae@group-3CFA6430C53D-LeaderElection104] INFO  impl.RoleInfo (RoleInfo.java:updateAndGet(143)) - 1dd6cb2a-84fa-477a-92a0-f2b2491b6aae: start LeaderState
2019-10-04 23:11:45,127 [1dd6cb2a-84fa-477a-92a0-f2b2491b6aae@group-3CFA6430C53D-LeaderElection104] INFO  segmented.SegmentedRaftLogWorker (SegmentedRaftLogWorker.java:startLogSegment(385)) - 1dd6cb2a-84fa-477a-92a0-f2b2491b6aae@group-3CFA6430C53D-SegmentedRaftLogWorker: Starting segment from index:0
2019-10-04 23:11:45,127 [1dd6cb2a-84fa-477a-92a0-f2b2491b6aae@group-3CFA6430C53D-LeaderElection104] INFO  impl.RaftServerImpl (ServerState.java:setRaftConf(356)) - 1dd6cb2a-84fa-477a-92a0-f2b2491b6aae@group-3CFA6430C53D: set configuration 0: [1dd6cb2a-84fa-477a-92a0-f2b2491b6aae:192.168.164.255:44588], old=null at 0
2019-10-04 23:11:45,154 [1dd6cb2a-84fa-477a-92a0-f2b2491b6aae@group-3CFA6430C53D-SegmentedRaftLogWorker] INFO  segmented.SegmentedRaftLogWorker (SegmentedRaftLogWorker.java:execute(574)) - 1dd6cb2a-84fa-477a-92a0-f2b2491b6aae@group-3CFA6430C53D-SegmentedRaftLogWorker: created new log segment /workdir/hadoop-ozone/integration-test/target/test-dir/MiniOzoneClusterImpl-edf73136-247f-4d67-9c2b-ffcb6668a5a7/datanode-4/data/ratis/a23f9995-64c6-416e-8cfb-3cfa6430c53d/current/log_inprogress_0
2019-10-04 23:11:46,238 [Datanode State Machine Thread - 0] INFO  statemachine.DatanodeStateMachine (DatanodeStateMachine.java:lambda$startDaemon$0(350)) - Ozone container server started.
2019-10-04 23:11:50,242 [main] INFO  ozoneimpl.OzoneContainer (OzoneContainer.java:stop(231)) - Attempting to stop container services.
2019-10-04 23:11:50,243 [main] INFO  impl.RaftServerProxy (RaftServerProxy.java:lambda$close$4(314)) - c3951d33-9312-4fb9-bcd5-f47b087663b5: close
2019-10-04 23:11:50,244 [main] INFO  impl.RaftServerImpl (RaftServerImpl.java:lambda$shutdown$3(247)) - c3951d33-9312-4fb9-bcd5-f47b087663b5@group-787DF1191CEE: shutdown
2019-10-04 23:11:50,245 [main] INFO  util.JmxRegister (JmxRegister.java:unregister(73)) - Successfully un-registered JMX Bean with object name Ratis:service=RaftServer,group=group-787DF1191CEE,id=c3951d33-9312-4fb9-bcd5-f47b087663b5
2019-10-04 23:11:50,245 [main] INFO  impl.RoleInfo (RoleInfo.java:shutdownFollowerState(121)) - c3951d33-9312-4fb9-bcd5-f47b087663b5: shutdown FollowerState
2019-10-04 23:11:50,245 [main] INFO  impl.StateMachineUpdater (StateMachineUpdater.java:stopAndJoin(136)) - c3951d33-9312-4fb9-bcd5-f47b087663b5@group-787DF1191CEE-StateMachineUpdater: set stopIndex = 2
2019-10-04 23:11:50,245 [c3951d33-9312-4fb9-bcd5-f47b087663b5@group-787DF1191CEE-StateMachineUpdater] INFO  ratis.ContainerStateMachine (ContainerStateMachine.java:takeSnapshot(293)) - group-787DF1191CEE: Taking a snapshot at:(t:1, i:1) file /workdir/hadoop-ozone/integration-test/target/test-dir/MiniOzoneClusterImpl-edf73136-247f-4d67-9c2b-ffcb6668a5a7/datanode-5/data/ratis/b894b312-cd93-48c4-9ea7-787df1191cee/sm/snapshot.1_1
2019-10-04 23:11:50,245 [Thread-2518] INFO  impl.FollowerState (FollowerState.java:run(117)) - c3951d33-9312-4fb9-bcd5-f47b087663b5@group-787DF1191CEE-FollowerState was interrupted: java.lang.InterruptedException: sleep interrupted
2019-10-04 23:11:50,259 [c3951d33-9312-4fb9-bcd5-f47b087663b5@group-787DF1191CEE-StateMachineUpdater] INFO  ratis.ContainerStateMachine (ContainerStateMachine.java:takeSnapshot(304)) - group-787DF1191CEE: Finished taking a snapshot at:(t:1, i:1) file:/workdir/hadoop-ozone/integration-test/target/test-dir/MiniOzoneClusterImpl-edf73136-247f-4d67-9c2b-ffcb6668a5a7/datanode-5/data/ratis/b894b312-cd93-48c4-9ea7-787df1191cee/sm/snapshot.1_1 time:14
2019-10-04 23:11:50,260 [c3951d33-9312-4fb9-bcd5-f47b087663b5@group-787DF1191CEE-StateMachineUpdater] INFO  impl.StateMachineUpdater (StateMachineUpdater.java:takeSnapshot(269)) - c3951d33-9312-4fb9-bcd5-f47b087663b5@group-787DF1191CEE-StateMachineUpdater: Took a snapshot at index 1
2019-10-04 23:11:50,260 [c3951d33-9312-4fb9-bcd5-f47b087663b5@group-787DF1191CEE-StateMachineUpdater] INFO  impl.StateMachineUpdater (StateMachineUpdater.java:lambda$new$0(84)) - c3951d33-9312-4fb9-bcd5-f47b087663b5@group-787DF1191CEE-StateMachineUpdater: snapshotIndex: updateIncreasingly -1 -> 1
2019-10-04 23:11:50,261 [c3951d33-9312-4fb9-bcd5-f47b087663b5@group-787DF1191CEE-StateMachineUpdater] INFO  ratis.ContainerStateMachine (ContainerStateMachine.java:takeSnapshot(293)) - group-787DF1191CEE: Taking a snapshot at:(t:1, i:1) file /workdir/hadoop-ozone/integration-test/target/test-dir/MiniOzoneClusterImpl-edf73136-247f-4d67-9c2b-ffcb6668a5a7/datanode-5/data/ratis/b894b312-cd93-48c4-9ea7-787df1191cee/sm/snapshot.1_1
2019-10-04 23:11:50,273 [c3951d33-9312-4fb9-bcd5-f47b087663b5@group-787DF1191CEE-StateMachineUpdater] INFO  ratis.ContainerStateMachine (ContainerStateMachine.java:takeSnapshot(304)) - group-787DF1191CEE: Finished taking a snapshot at:(t:1, i:1) file:/workdir/hadoop-ozone/integration-test/target/test-dir/MiniOzoneClusterImpl-edf73136-247f-4d67-9c2b-ffcb6668a5a7/datanode-5/data/ratis/b894b312-cd93-48c4-9ea7-787df1191cee/sm/snapshot.1_1 time:12
2019-10-04 23:11:50,273 [c3951d33-9312-4fb9-bcd5-f47b087663b5@group-787DF1191CEE-StateMachineUpdater] INFO  impl.StateMachineUpdater (StateMachineUpdater.java:takeSnapshot(269)) - c3951d33-9312-4fb9-bcd5-f47b087663b5@group-787DF1191CEE-StateMachineUpdater: Took a snapshot at index 1
2019-10-04 23:11:50,273 [c3951d33-9312-4fb9-bcd5-f47b087663b5@group-787DF1191CEE-StateMachineUpdater] INFO  impl.StateMachineUpdater (StateMachineUpdater.java:lambda$new$0(84)) - c3951d33-9312-4fb9-bcd5-f47b087663b5@group-787DF1191CEE-StateMachineUpdater: snapshotIndex: updateIncreasingly 1 -> 1
2019-10-04 23:11:50,274 [main] INFO  impl.RaftServerImpl (ServerState.java:close(387)) - c3951d33-9312-4fb9-bcd5-f47b087663b5@group-787DF1191CEE: closes. applyIndex: 2
2019-10-04 23:11:50,274 [c3951d33-9312-4fb9-bcd5-f47b087663b5@group-787DF1191CEE-SegmentedRaftLogWorker] INFO  segmented.SegmentedRaftLogWorker (SegmentedRaftLogWorker.java:run(316)) - c3951d33-9312-4fb9-bcd5-f47b087663b5@group-787DF1191CEE-SegmentedRaftLogWorker was interrupted, exiting. There are 0 tasks remaining in the queue.
2019-10-04 23:11:50,279 [main] INFO  segmented.SegmentedRaftLogWorker (SegmentedRaftLogWorker.java:close(224)) - c3951d33-9312-4fb9-bcd5-f47b087663b5@group-787DF1191CEE-SegmentedRaftLogWorker close()
2019-10-04 23:11:50,294 [main] INFO  impl.RaftServerImpl (RaftServerImpl.java:lambda$shutdown$3(247)) - c3951d33-9312-4fb9-bcd5-f47b087663b5@group-A65A814D0271: shutdown
2019-10-04 23:11:50,295 [main] INFO  util.JmxRegister (JmxRegister.java:unregister(73)) - Successfully un-registered JMX Bean with object name Ratis:service=RaftServer,group=group-A65A814D0271,id=c3951d33-9312-4fb9-bcd5-f47b087663b5
2019-10-04 23:11:50,295 [main] INFO  impl.RoleInfo (RoleInfo.java:shutdownLeaderState(104)) - c3951d33-9312-4fb9-bcd5-f47b087663b5: shutdown LeaderState
2019-10-04 23:11:50,296 [main] INFO  impl.PendingRequests (PendingRequests.java:sendNotLeaderResponses(202)) - c3951d33-9312-4fb9-bcd5-f47b087663b5@group-A65A814D0271-PendingRequests: sendNotLeaderResponses
2019-10-04 23:11:50,296 [main] INFO  impl.StateMachineUpdater (StateMachineUpdater.java:stopAndJoin(136)) - c3951d33-9312-4fb9-bcd5-f47b087663b5@group-A65A814D0271-StateMachineUpdater: set stopIndex = 0
2019-10-04 23:11:50,297 [main] INFO  impl.RaftServerImpl (ServerState.java:close(387)) - c3951d33-9312-4fb9-bcd5-f47b087663b5@group-A65A814D0271: closes. applyIndex: 0
2019-10-04 23:11:50,297 [c3951d33-9312-4fb9-bcd5-f47b087663b5@group-A65A814D0271-SegmentedRaftLogWorker] INFO  segmented.SegmentedRaftLogWorker (SegmentedRaftLogWorker.java:run(316)) - c3951d33-9312-4fb9-bcd5-f47b087663b5@group-A65A814D0271-SegmentedRaftLogWorker was interrupted, exiting. There are 0 tasks remaining in the queue.
2019-10-04 23:11:50,298 [main] INFO  segmented.SegmentedRaftLogWorker (SegmentedRaftLogWorker.java:close(224)) - c3951d33-9312-4fb9-bcd5-f47b087663b5@group-A65A814D0271-SegmentedRaftLogWorker close()
2019-10-04 23:11:50,300 [main] INFO  server.GrpcService (GrpcService.java:closeImpl(164)) - c3951d33-9312-4fb9-bcd5-f47b087663b5: shutdown server with port 35111 now
2019-10-04 23:11:50,301 [grpc-default-executor-6] WARN  server.GrpcServerProtocolService (LogUtils.java:warn(134)) - c3951d33-9312-4fb9-bcd5-f47b087663b5: installSnapshot onError, lastRequest: 9d629f3d-b5ad-45a9-8f27-83b1ced3d684->c3951d33-9312-4fb9-bcd5-f47b087663b5#5-t1, previous=(t:1, i:2), leaderCommit=2, initializing? false, entries: <empty>: org.apache.ratis.thirdparty.io.grpc.StatusRuntimeException: CANCELLED: cancelled before receiving half close
2019-10-04 23:11:50,301 [grpc-default-executor-1] WARN  server.GrpcLogAppender (LogUtils.java:warn(134)) - 9d629f3d-b5ad-45a9-8f27-83b1ced3d684@group-787DF1191CEE->c3951d33-9312-4fb9-bcd5-f47b087663b5-AppendLogResponseHandler: Failed appendEntries: org.apache.ratis.thirdparty.io.grpc.StatusRuntimeException: CANCELLED: HTTP/2 error code: CANCEL
Received Rst Stream
2019-10-04 23:11:50,301 [main] INFO  server.GrpcService (GrpcService.java:closeImpl(172)) - c3951d33-9312-4fb9-bcd5-f47b087663b5: shutdown server with port 35111 successfully
2019-10-04 23:11:50,302 [grpc-default-executor-1] INFO  impl.FollowerInfo (FollowerInfo.java:lambda$new$0(51)) - 9d629f3d-b5ad-45a9-8f27-83b1ced3d684@group-787DF1191CEE->c3951d33-9312-4fb9-bcd5-f47b087663b5: nextIndex: updateUnconditionally 3 -> 2
2019-10-04 23:11:50,305 [refreshUsed-/workdir/hadoop-ozone/integration-test/target/test-dir/MiniOzoneClusterImpl-edf73136-247f-4d67-9c2b-ffcb6668a5a7/datanode-5/data/containers] WARN  fs.CachingGetSpaceUsed (CachingGetSpaceUsed.java:run(183)) - Thread Interrupted waiting to refresh disk information: sleep interrupted
2019-10-04 23:11:50,318 [main] INFO  utils.BackgroundService (BackgroundService.java:shutdown(148)) - Shutting down service BlockDeletingService
2019-10-04 23:11:50,324 [main] INFO  statemachine.DatanodeStateMachine (DatanodeStateMachine.java:stopDaemon(395)) - Ozone container server stopped.
2019-10-04 23:11:50,326 [main] INFO  handler.ContextHandler (ContextHandler.java:doStop(910)) - Stopped o.e.j.w.WebAppContext@3cb6e0ee{/,null,UNAVAILABLE}{/hddsDatanode}
2019-10-04 23:11:50,326 [main] INFO  server.AbstractConnector (AbstractConnector.java:doStop(318)) - Stopped ServerConnector@7b6141f0{HTTP/1.1,[http/1.1]}{0.0.0.0:0}
2019-10-04 23:11:50,326 [main] INFO  handler.ContextHandler (ContextHandler.java:doStop(910)) - Stopped o.e.j.s.ServletContextHandler@2c06b113{/static,jar:file:/home/user/.m2/repository/org/apache/hadoop/hadoop-hdds-container-service/0.5.0-SNAPSHOT/hadoop-hdds-container-service-0.5.0-SNAPSHOT.jar!/webapps/static,UNAVAILABLE}
2019-10-04 23:11:50,327 [main] INFO  handler.ContextHandler (ContextHandler.java:doStop(910)) - Stopped o.e.j.s.ServletContextHandler@39d77de9{/logs,file:///workdir/hadoop-ozone/integration-test/target/log,UNAVAILABLE}
2019-10-04 23:11:50,334 [grpc-default-executor-2] WARN  server.GrpcLogAppender (LogUtils.java:warn(134)) - 9d629f3d-b5ad-45a9-8f27-83b1ced3d684@group-787DF1191CEE->c3951d33-9312-4fb9-bcd5-f47b087663b5-AppendLogResponseHandler: Failed appendEntries: org.apache.ratis.thirdparty.io.grpc.StatusRuntimeException: UNAVAILABLE: io exception
2019-10-04 23:11:50,335 [grpc-default-executor-2] INFO  impl.FollowerInfo (FollowerInfo.java:lambda$new$0(51)) - 9d629f3d-b5ad-45a9-8f27-83b1ced3d684@group-787DF1191CEE->c3951d33-9312-4fb9-bcd5-f47b087663b5: nextIndex: updateUnconditionally 3 -> 2
2019-10-04 23:11:50,346 [grpc-default-executor-1] WARN  server.GrpcLogAppender (LogUtils.java:warn(134)) - 9d629f3d-b5ad-45a9-8f27-83b1ced3d684@group-787DF1191CEE->c3951d33-9312-4fb9-bcd5-f47b087663b5-AppendLogResponseHandler: Failed appendEntries: org.apache.ratis.thirdparty.io.grpc.StatusRuntimeException: UNAVAILABLE: io exception
2019-10-04 23:11:50,347 [grpc-default-executor-1] INFO  impl.FollowerInfo (FollowerInfo.java:lambda$new$0(51)) - 9d629f3d-b5ad-45a9-8f27-83b1ced3d684@group-787DF1191CEE->c3951d33-9312-4fb9-bcd5-f47b087663b5: nextIndex: updateUnconditionally 3 -> 2
2019-10-04 23:11:50,361 [grpc-default-executor-1] WARN  server.GrpcLogAppender (LogUtils.java:warn(134)) - 9d629f3d-b5ad-45a9-8f27-83b1ced3d684@group-787DF1191CEE->c3951d33-9312-4fb9-bcd5-f47b087663b5-AppendLogResponseHandler: Failed appendEntries: org.apache.ratis.thirdparty.io.grpc.StatusRuntimeException: UNAVAILABLE: io exception
2019-10-04 23:11:50,361 [grpc-default-executor-1] INFO  impl.FollowerInfo (FollowerInfo.java:lambda$new$0(51)) - 9d629f3d-b5ad-45a9-8f27-83b1ced3d684@group-787DF1191CEE->c3951d33-9312-4fb9-bcd5-f47b087663b5: nextIndex: updateUnconditionally 3 -> 2
2019-10-04 23:11:50,361 [EventQueue-IncrementalContainerReportForIncrementalContainerReportHandler] WARN  container.IncrementalContainerReportHandler (AbstractContainerReportHandler.java:updateContainerState(143)) - Container #1 is in OPEN state, but the datanode 9d629f3d-b5ad-45a9-8f27-83b1ced3d684{ip: 192.168.164.255, host: pr-hdds-2181-c9q8w-3494937983, networkLocation: /default-rack, certSerialId: null} reports an CLOSING replica.
2019-10-04 23:11:50,375 [EventQueue-IncrementalContainerReportForIncrementalContainerReportHandler] WARN  container.IncrementalContainerReportHandler (AbstractContainerReportHandler.java:updateContainerState(143)) - Container #1 is in OPEN state, but the datanode 1dd6cb2a-84fa-477a-92a0-f2b2491b6aae{ip: 192.168.164.255, host: pr-hdds-2181-c9q8w-3494937983, networkLocation: /default-rack, certSerialId: null} reports an CLOSING replica.
2019-10-04 23:11:50,405 [RatisApplyTransactionExecutor 1] INFO  interfaces.Container (KeyValueContainer.java:flushAndSyncDB(386)) - Container 1 is synced with bcsId 0.
2019-10-04 23:11:50,437 [RatisApplyTransactionExecutor 1] INFO  interfaces.Container (KeyValueContainer.java:flushAndSyncDB(386)) - Container 1 is synced with bcsId 0.
2019-10-04 23:11:50,447 [RatisApplyTransactionExecutor 1] INFO  interfaces.Container (KeyValueContainer.java:flushAndSyncDB(386)) - Container 1 is synced with bcsId 0.
2019-10-04 23:11:50,447 [RatisApplyTransactionExecutor 1] INFO  interfaces.Container (KeyValueContainer.java:flushAndSyncDB(386)) - Container 1 is synced with bcsId 0.
2019-10-04 23:11:50,461 [RatisApplyTransactionExecutor 1] INFO  interfaces.Container (KeyValueContainer.java:close(335)) - Container 1 is closed with bcsId 0.
2019-10-04 23:11:50,461 [RatisApplyTransactionExecutor 1] INFO  interfaces.Container (KeyValueContainer.java:close(335)) - Container 1 is closed with bcsId 0.
2019-10-04 23:11:50,466 [EventQueue-IncrementalContainerReportForIncrementalContainerReportHandler] WARN  container.IncrementalContainerReportHandler (AbstractContainerReportHandler.java:updateContainerState(143)) - Container #1 is in OPEN state, but the datanode 1dd6cb2a-84fa-477a-92a0-f2b2491b6aae{ip: 192.168.164.255, host: pr-hdds-2181-c9q8w-3494937983, networkLocation: /default-rack, certSerialId: null} reports an CLOSED replica.
2019-10-04 23:11:50,467 [EventQueue-IncrementalContainerReportForIncrementalContainerReportHandler] WARN  container.IncrementalContainerReportHandler (AbstractContainerReportHandler.java:updateContainerState(143)) - Container #1 is in OPEN state, but the datanode 9d629f3d-b5ad-45a9-8f27-83b1ced3d684{ip: 192.168.164.255, host: pr-hdds-2181-c9q8w-3494937983, networkLocation: /default-rack, certSerialId: null} reports an CLOSED replica.
2019-10-04 23:11:52,865 [grpc-default-executor-2] WARN  server.GrpcLogAppender (LogUtils.java:warn(134)) - 9d629f3d-b5ad-45a9-8f27-83b1ced3d684@group-787DF1191CEE->c3951d33-9312-4fb9-bcd5-f47b087663b5-AppendLogResponseHandler: Failed appendEntries: org.apache.ratis.thirdparty.io.grpc.StatusRuntimeException: UNAVAILABLE: io exception
2019-10-04 23:11:52,866 [grpc-default-executor-2] INFO  impl.FollowerInfo (FollowerInfo.java:lambda$new$0(51)) - 9d629f3d-b5ad-45a9-8f27-83b1ced3d684@group-787DF1191CEE->c3951d33-9312-4fb9-bcd5-f47b087663b5: nextIndex: updateUnconditionally 2 -> 1
2019-10-04 23:11:53,471 [main] WARN  scm.XceiverClientRatis (XceiverClientRatis.java:watchForCommit(292)) - 3 way commit failed on pipeline Pipeline[ Id: b894b312-cd93-48c4-9ea7-787df1191cee, Nodes: c3951d33-9312-4fb9-bcd5-f47b087663b5{ip: 192.168.164.255, host: pr-hdds-2181-c9q8w-3494937983, networkLocation: /default-rack, certSerialId: null}9d629f3d-b5ad-45a9-8f27-83b1ced3d684{ip: 192.168.164.255, host: pr-hdds-2181-c9q8w-3494937983, networkLocation: /default-rack, certSerialId: null}1dd6cb2a-84fa-477a-92a0-f2b2491b6aae{ip: 192.168.164.255, host: pr-hdds-2181-c9q8w-3494937983, networkLocation: /default-rack, certSerialId: null}, Type:RATIS, Factor:THREE, State:OPEN]
java.util.concurrent.TimeoutException
	at java.util.concurrent.CompletableFuture.timedGet(CompletableFuture.java:1771)
	at java.util.concurrent.CompletableFuture.get(CompletableFuture.java:1915)
	at org.apache.hadoop.hdds.scm.XceiverClientRatis.watchForCommit(XceiverClientRatis.java:289)
	at org.apache.hadoop.ozone.client.rpc.TestWatchForCommit.test2WayCommitForTimeoutException(TestWatchForCommit.java:391)
	at sun.reflect.NativeMethodAccessorImpl.invoke0(Native Method)
	at sun.reflect.NativeMethodAccessorImpl.invoke(NativeMethodAccessorImpl.java:62)
	at sun.reflect.DelegatingMethodAccessorImpl.invoke(DelegatingMethodAccessorImpl.java:43)
	at java.lang.reflect.Method.invoke(Method.java:498)
	at org.junit.runners.model.FrameworkMethod$1.runReflectiveCall(FrameworkMethod.java:47)
	at org.junit.internal.runners.model.ReflectiveCallable.run(ReflectiveCallable.java:12)
	at org.junit.runners.model.FrameworkMethod.invokeExplosively(FrameworkMethod.java:44)
	at org.junit.internal.runners.statements.InvokeMethod.evaluate(InvokeMethod.java:17)
	at org.junit.runners.ParentRunner.runLeaf(ParentRunner.java:271)
	at org.junit.runners.BlockJUnit4ClassRunner.runChild(BlockJUnit4ClassRunner.java:70)
	at org.junit.runners.BlockJUnit4ClassRunner.runChild(BlockJUnit4ClassRunner.java:50)
	at org.junit.runners.ParentRunner$3.run(ParentRunner.java:238)
	at org.junit.runners.ParentRunner$1.schedule(ParentRunner.java:63)
	at org.junit.runners.ParentRunner.runChildren(ParentRunner.java:236)
	at org.junit.runners.ParentRunner.access$000(ParentRunner.java:53)
	at org.junit.runners.ParentRunner$2.evaluate(ParentRunner.java:229)
	at org.junit.runners.ParentRunner.run(ParentRunner.java:309)
	at org.apache.maven.surefire.junit4.JUnit4Provider.execute(JUnit4Provider.java:365)
	at org.apache.maven.surefire.junit4.JUnit4Provider.executeWithRerun(JUnit4Provider.java:273)
	at org.apache.maven.surefire.junit4.JUnit4Provider.executeTestSet(JUnit4Provider.java:238)
	at org.apache.maven.surefire.junit4.JUnit4Provider.invoke(JUnit4Provider.java:159)
	at org.apache.maven.surefire.booter.ForkedBooter.invokeProviderInSameClassLoader(ForkedBooter.java:384)
	at org.apache.maven.surefire.booter.ForkedBooter.runSuitesInProcess(ForkedBooter.java:345)
	at org.apache.maven.surefire.booter.ForkedBooter.execute(ForkedBooter.java:126)
	at org.apache.maven.surefire.booter.ForkedBooter.main(ForkedBooter.java:418)
2019-10-04 23:11:55,364 [grpc-default-executor-6] WARN  server.GrpcLogAppender (LogUtils.java:warn(134)) - 9d629f3d-b5ad-45a9-8f27-83b1ced3d684@group-787DF1191CEE->c3951d33-9312-4fb9-bcd5-f47b087663b5-AppendLogResponseHandler: Failed appendEntries: org.apache.ratis.thirdparty.io.grpc.StatusRuntimeException: UNAVAILABLE: io exception
2019-10-04 23:11:55,366 [grpc-default-executor-6] INFO  impl.FollowerInfo (FollowerInfo.java:lambda$new$0(51)) - 9d629f3d-b5ad-45a9-8f27-83b1ced3d684@group-787DF1191CEE->c3951d33-9312-4fb9-bcd5-f47b087663b5: nextIndex: updateUnconditionally 1 -> 0
]]></system-out>
    <system-err><![CDATA[Oct 04, 2019 11:11:50 PM org.apache.ratis.thirdparty.io.grpc.internal.SerializingExecutor run
SEVERE: Exception while executing runnable org.apache.ratis.thirdparty.io.grpc.internal.ServerImpl$JumpToApplicationThreadServerStreamListener$1Closed@6a25ef28
org.apache.ratis.thirdparty.io.grpc.StatusRuntimeException: CANCELLED: call already cancelled
	at org.apache.ratis.thirdparty.io.grpc.Status.asRuntimeException(Status.java:517)
	at org.apache.ratis.thirdparty.io.grpc.stub.ServerCalls$ServerCallStreamObserverImpl.onCompleted(ServerCalls.java:356)
	at org.apache.ratis.grpc.server.GrpcServerProtocolService$ServerRequestStreamObserver.onError(GrpcServerProtocolService.java:121)
	at org.apache.ratis.thirdparty.io.grpc.stub.ServerCalls$StreamingServerCallHandler$StreamingServerCallListener.onCancel(ServerCalls.java:269)
	at org.apache.ratis.thirdparty.io.grpc.internal.ServerCallImpl$ServerStreamListenerImpl.closed(ServerCallImpl.java:293)
	at org.apache.ratis.thirdparty.io.grpc.internal.ServerImpl$JumpToApplicationThreadServerStreamListener$1Closed.runInContext(ServerImpl.java:741)
	at org.apache.ratis.thirdparty.io.grpc.internal.ContextRunnable.run(ContextRunnable.java:37)
	at org.apache.ratis.thirdparty.io.grpc.internal.SerializingExecutor.run(SerializingExecutor.java:123)
	at java.util.concurrent.ThreadPoolExecutor.runWorker(ThreadPoolExecutor.java:1149)
	at java.util.concurrent.ThreadPoolExecutor$Worker.run(ThreadPoolExecutor.java:624)
	at java.lang.Thread.run(Thread.java:748)

]]></system-err>
  </testcase>
</testsuite>