<?xml version="1.0" encoding="UTF-8"?>
<testsuite xmlns:xsi="http://www.w3.org/2001/XMLSchema-instance" xsi:noNamespaceSchemaLocation="https://maven.apache.org/surefire/maven-surefire-plugin/xsd/surefire-test-report.xsd" name="org.apache.hadoop.ozone.client.rpc.TestDeleteWithSlowFollower" time="133.284" tests="1" errors="0" skipped="0" failures="1">
  <properties>
    <property name="awt.toolkit" value="sun.awt.X11.XToolkit"/>
    <property name="file.encoding.pkg" value="sun.io"/>
    <property name="java.specification.version" value="1.8"/>
    <property name="sun.cpu.isalist" value=""/>
    <property name="sun.jnu.encoding" value="ANSI_X3.4-1968"/>
    <property name="java.class.path" value="/workdir/hadoop-ozone/integration-test/target/test-classes:/workdir/hadoop-ozone/integration-test/target/classes:/home/user/.m2/repository/org/apache/hadoop/hadoop-ozone-common/0.5.0-SNAPSHOT/hadoop-ozone-common-0.5.0-SNAPSHOT.jar:/home/user/.m2/repository/org/apache/commons/commons-compress/1.4.1/commons-compress-1.4.1.jar:/home/user/.m2/repository/org/tukaani/xz/1.0/xz-1.0.jar:/home/user/.m2/repository/org/apache/hadoop/hadoop-common/3.2.0/hadoop-common-3.2.0.jar:/home/user/.m2/repository/org/apache/hadoop/hadoop-hdfs/3.2.0/hadoop-hdfs-3.2.0.jar:/home/user/.m2/repository/org/apache/hadoop/hadoop-hdfs-client/3.2.0/hadoop-hdfs-client-3.2.0.jar:/home/user/.m2/repository/com/fasterxml/jackson/core/jackson-annotations/2.9.9/jackson-annotations-2.9.9.jar:/home/user/.m2/repository/org/apache/hadoop/hadoop-hdds-common/0.5.0-SNAPSHOT/hadoop-hdds-common-0.5.0-SNAPSHOT.jar:/home/user/.m2/repository/javax/annotation/javax.annotation-api/1.2/javax.annotation-api-1.2.jar:/home/user/.m2/repository/org/apache/ratis/ratis-server/0.5.0-3f446aa-SNAPSHOT/ratis-server-0.5.0-3f446aa-SNAPSHOT.jar:/home/user/.m2/repository/org/apache/ratis/ratis-thirdparty-misc/0.2.0/ratis-thirdparty-misc-0.2.0.jar:/home/user/.m2/repository/org/apache/ratis/ratis-proto/0.5.0-3f446aa-SNAPSHOT/ratis-proto-0.5.0-3f446aa-SNAPSHOT.jar:/home/user/.m2/repository/org/apache/ratis/ratis-common/0.5.0-3f446aa-SNAPSHOT/ratis-common-0.5.0-3f446aa-SNAPSHOT.jar:/home/user/.m2/repository/org/apache/ratis/ratis-client/0.5.0-3f446aa-SNAPSHOT/ratis-client-0.5.0-3f446aa-SNAPSHOT.jar:/home/user/.m2/repository/org/apache/ratis/ratis-metrics/0.5.0-3f446aa-SNAPSHOT/ratis-metrics-0.5.0-3f446aa-SNAPSHOT.jar:/home/user/.m2/repository/com/github/joshelser/dropwizard-metrics-hadoop-metrics2-reporter/0.1.2/dropwizard-metrics-hadoop-metrics2-reporter-0.1.2.jar:/home/user/.m2/repository/io/dropwizard/metrics/metrics-jvm/3.2.5/metrics-jvm-3.2.5.jar:/home/user/.m2/repository/io/dropwizard/metrics/metrics-ganglia/3.2.5/metrics-ganglia-3.2.5.jar:/home/user/.m2/repository/info/ganglia/gmetric4j/gmetric4j/1.0.7/gmetric4j-1.0.7.jar:/home/user/.m2/repository/org/apache/ratis/ratis-netty/0.5.0-3f446aa-SNAPSHOT/ratis-netty-0.5.0-3f446aa-SNAPSHOT.jar:/home/user/.m2/repository/org/apache/ratis/ratis-grpc/0.5.0-3f446aa-SNAPSHOT/ratis-grpc-0.5.0-3f446aa-SNAPSHOT.jar:/home/user/.m2/repository/org/rocksdb/rocksdbjni/6.0.1/rocksdbjni-6.0.1.jar:/home/user/.m2/repository/org/apache/logging/log4j/log4j-api/2.11.0/log4j-api-2.11.0.jar:/home/user/.m2/repository/org/apache/logging/log4j/log4j-core/2.11.0/log4j-core-2.11.0.jar:/home/user/.m2/repository/com/lmax/disruptor/3.4.2/disruptor-3.4.2.jar:/home/user/.m2/repository/org/apache/commons/commons-pool2/2.6.0/commons-pool2-2.6.0.jar:/home/user/.m2/repository/org/bouncycastle/bcpkix-jdk15on/1.60/bcpkix-jdk15on-1.60.jar:/home/user/.m2/repository/commons-validator/commons-validator/1.6/commons-validator-1.6.jar:/home/user/.m2/repository/commons-digester/commons-digester/1.8.1/commons-digester-1.8.1.jar:/home/user/.m2/repository/io/jaegertracing/jaeger-client/0.34.0/jaeger-client-0.34.0.jar:/home/user/.m2/repository/io/jaegertracing/jaeger-thrift/0.34.0/jaeger-thrift-0.34.0.jar:/home/user/.m2/repository/org/apache/thrift/libthrift/0.12.0/libthrift-0.12.0.jar:/home/user/.m2/repository/com/squareup/okhttp3/okhttp/3.9.0/okhttp-3.9.0.jar:/home/user/.m2/repository/com/squareup/okio/okio/1.13.0/okio-1.13.0.jar:/home/user/.m2/repository/io/jaegertracing/jaeger-core/0.34.0/jaeger-core-0.34.0.jar:/home/user/.m2/repository/io/jaegertracing/jaeger-tracerresolver/0.34.0/jaeger-tracerresolver-0.34.0.jar:/home/user/.m2/repository/io/opentracing/contrib/opentracing-tracerresolver/0.1.5/opentracing-tracerresolver-0.1.5.jar:/home/user/.m2/repository/io/opentracing/opentracing-util/0.31.0/opentracing-util-0.31.0.jar:/home/user/.m2/repository/io/opentracing/opentracing-api/0.31.0/opentracing-api-0.31.0.jar:/home/user/.m2/repository/io/opentracing/opentracing-noop/0.31.0/opentracing-noop-0.31.0.jar:/home/user/.m2/repository/org/apache/hadoop/hadoop-hdds-server-framework/0.5.0-SNAPSHOT/hadoop-hdds-server-framework-0.5.0-SNAPSHOT.jar:/home/user/.m2/repository/org/apache/hadoop/hadoop-hdds-container-service/0.5.0-SNAPSHOT/hadoop-hdds-container-service-0.5.0-SNAPSHOT.jar:/home/user/.m2/repository/org/apache/hadoop/hadoop-hdds-client/0.5.0-SNAPSHOT/hadoop-hdds-client-0.5.0-SNAPSHOT.jar:/home/user/.m2/repository/org/apache/hadoop/hadoop-hdds-tools/0.5.0-SNAPSHOT/hadoop-hdds-tools-0.5.0-SNAPSHOT.jar:/home/user/.m2/repository/org/apache/hadoop/hadoop-hdds-server-scm/0.5.0-SNAPSHOT/hadoop-hdds-server-scm-0.5.0-SNAPSHOT.jar:/home/user/.m2/repository/org/apache/hadoop/hadoop-hdds-docs/0.5.0-SNAPSHOT/hadoop-hdds-docs-0.5.0-SNAPSHOT.jar:/home/user/.m2/repository/io/dropwizard/metrics/metrics-core/3.2.4/metrics-core-3.2.4.jar:/home/user/.m2/repository/org/hamcrest/hamcrest-all/1.3/hamcrest-all-1.3.jar:/home/user/.m2/repository/org/bouncycastle/bcprov-jdk15on/1.60/bcprov-jdk15on-1.60.jar:/home/user/.m2/repository/info/picocli/picocli/3.9.6/picocli-3.9.6.jar:/home/user/.m2/repository/com/google/protobuf/protobuf-java/2.5.0/protobuf-java-2.5.0.jar:/home/user/.m2/repository/com/google/guava/guava/11.0.2/guava-11.0.2.jar:/home/user/.m2/repository/org/apache/hadoop/hadoop-ozone-ozone-manager/0.5.0-SNAPSHOT/hadoop-ozone-ozone-manager-0.5.0-SNAPSHOT.jar:/home/user/.m2/repository/org/apache/hadoop/hadoop-minikdc/3.2.0/hadoop-minikdc-3.2.0.jar:/home/user/.m2/repository/commons-io/commons-io/2.5/commons-io-2.5.jar:/home/user/.m2/repository/org/apache/kerby/kerb-simplekdc/1.0.1/kerb-simplekdc-1.0.1.jar:/home/user/.m2/repository/org/apache/kerby/kerb-client/1.0.1/kerb-client-1.0.1.jar:/home/user/.m2/repository/org/apache/kerby/kerby-config/1.0.1/kerby-config-1.0.1.jar:/home/user/.m2/repository/org/apache/kerby/kerb-core/1.0.1/kerb-core-1.0.1.jar:/home/user/.m2/repository/org/apache/kerby/kerby-pkix/1.0.1/kerby-pkix-1.0.1.jar:/home/user/.m2/repository/org/apache/kerby/kerby-asn1/1.0.1/kerby-asn1-1.0.1.jar:/home/user/.m2/repository/org/apache/kerby/kerby-util/1.0.1/kerby-util-1.0.1.jar:/home/user/.m2/repository/org/apache/kerby/kerb-common/1.0.1/kerb-common-1.0.1.jar:/home/user/.m2/repository/org/apache/kerby/kerb-crypto/1.0.1/kerb-crypto-1.0.1.jar:/home/user/.m2/repository/org/apache/kerby/kerb-util/1.0.1/kerb-util-1.0.1.jar:/home/user/.m2/repository/org/apache/kerby/token-provider/1.0.1/token-provider-1.0.1.jar:/home/user/.m2/repository/org/apache/kerby/kerb-admin/1.0.1/kerb-admin-1.0.1.jar:/home/user/.m2/repository/org/apache/kerby/kerb-server/1.0.1/kerb-server-1.0.1.jar:/home/user/.m2/repository/org/apache/kerby/kerb-identity/1.0.1/kerb-identity-1.0.1.jar:/home/user/.m2/repository/org/apache/kerby/kerby-xdr/1.0.1/kerby-xdr-1.0.1.jar:/home/user/.m2/repository/org/slf4j/slf4j-log4j12/1.7.25/slf4j-log4j12-1.7.25.jar:/home/user/.m2/repository/org/apache/hadoop/hadoop-ozone-s3gateway/0.5.0-SNAPSHOT/hadoop-ozone-s3gateway-0.5.0-SNAPSHOT.jar:/home/user/.m2/repository/org/jboss/weld/servlet/weld-servlet/2.4.7.Final/weld-servlet-2.4.7.Final.jar:/home/user/.m2/repository/org/glassfish/jersey/containers/jersey-container-servlet-core/2.27/jersey-container-servlet-core-2.27.jar:/home/user/.m2/repository/org/glassfish/hk2/external/javax.inject/2.5.0-b42/javax.inject-2.5.0-b42.jar:/home/user/.m2/repository/org/glassfish/jersey/core/jersey-common/2.27/jersey-common-2.27.jar:/home/user/.m2/repository/org/glassfish/hk2/osgi-resource-locator/1.0.1/osgi-resource-locator-1.0.1.jar:/home/user/.m2/repository/javax/ws/rs/javax.ws.rs-api/2.1/javax.ws.rs-api-2.1.jar:/home/user/.m2/repository/org/glassfish/jersey/ext/cdi/jersey-cdi1x/2.27/jersey-cdi1x-2.27.jar:/home/user/.m2/repository/org/glassfish/jersey/inject/jersey-hk2/2.27/jersey-hk2-2.27.jar:/home/user/.m2/repository/org/glassfish/hk2/hk2-locator/2.5.0-b42/hk2-locator-2.5.0-b42.jar:/home/user/.m2/repository/org/javassist/javassist/3.22.0-CR2/javassist-3.22.0-CR2.jar:/home/user/.m2/repository/org/glassfish/hk2/hk2-api/2.5.0/hk2-api-2.5.0.jar:/home/user/.m2/repository/org/glassfish/hk2/external/jakarta.inject/2.5.0/jakarta.inject-2.5.0.jar:/home/user/.m2/repository/org/glassfish/hk2/hk2-utils/2.5.0/hk2-utils-2.5.0.jar:/home/user/.m2/repository/jakarta/annotation/jakarta.annotation-api/1.3.4/jakarta.annotation-api-1.3.4.jar:/home/user/.m2/repository/org/glassfish/hk2/external/aopalliance-repackaged/2.5.0/aopalliance-repackaged-2.5.0.jar:/home/user/.m2/repository/com/fasterxml/jackson/dataformat/jackson-dataformat-xml/2.9.0/jackson-dataformat-xml-2.9.0.jar:/home/user/.m2/repository/com/fasterxml/jackson/core/jackson-core/2.9.9/jackson-core-2.9.9.jar:/home/user/.m2/repository/com/fasterxml/jackson/module/jackson-module-jaxb-annotations/2.9.9/jackson-module-jaxb-annotations-2.9.9.jar:/home/user/.m2/repository/javax/enterprise/cdi-api/1.2/cdi-api-1.2.jar:/home/user/.m2/repository/javax/el/javax.el-api/3.0.0/javax.el-api-3.0.0.jar:/home/user/.m2/repository/javax/interceptor/javax.interceptor-api/1.2/javax.interceptor-api-1.2.jar:/home/user/.m2/repository/javax/inject/javax.inject/1/javax.inject-1.jar:/home/user/.m2/repository/com/sun/xml/bind/jaxb-impl/2.3.0.1/jaxb-impl-2.3.0.1.jar:/home/user/.m2/repository/com/sun/xml/bind/jaxb-core/2.3.0.1/jaxb-core-2.3.0.1.jar:/home/user/.m2/repository/javax/xml/bind/jaxb-api/2.3.0/jaxb-api-2.3.0.jar:/home/user/.m2/repository/javax/activation/activation/1.1.1/activation-1.1.1.jar:/home/user/.m2/repository/org/apache/hadoop/hadoop-ozone-csi/0.5.0-SNAPSHOT/hadoop-ozone-csi-0.5.0-SNAPSHOT.jar:/home/user/.m2/repository/com/google/protobuf/protobuf-java-util/3.5.1/protobuf-java-util-3.5.1.jar:/home/user/.m2/repository/org/apache/hadoop/hadoop-hdds-config/0.5.0-SNAPSHOT/hadoop-hdds-config-0.5.0-SNAPSHOT.jar:/home/user/.m2/repository/io/grpc/grpc-netty/1.17.1/grpc-netty-1.17.1.jar:/home/user/.m2/repository/io/grpc/grpc-core/1.17.1/grpc-core-1.17.1.jar:/home/user/.m2/repository/io/grpc/grpc-context/1.17.1/grpc-context-1.17.1.jar:/home/user/.m2/repository/com/google/errorprone/error_prone_annotations/2.2.0/error_prone_annotations-2.2.0.jar:/home/user/.m2/repository/org/codehaus/mojo/animal-sniffer-annotations/1.17/animal-sniffer-annotations-1.17.jar:/home/user/.m2/repository/io/opencensus/opencensus-api/0.17.0/opencensus-api-0.17.0.jar:/home/user/.m2/repository/io/opencensus/opencensus-contrib-grpc-metrics/0.17.0/opencensus-contrib-grpc-metrics-0.17.0.jar:/home/user/.m2/repository/io/netty/netty-codec-http2/4.1.30.Final/netty-codec-http2-4.1.30.Final.jar:/home/user/.m2/repository/io/netty/netty-codec-http/4.1.30.Final/netty-codec-http-4.1.30.Final.jar:/home/user/.m2/repository/io/netty/netty-codec/4.1.30.Final/netty-codec-4.1.30.Final.jar:/home/user/.m2/repository/io/netty/netty-handler/4.1.30.Final/netty-handler-4.1.30.Final.jar:/home/user/.m2/repository/io/netty/netty-handler-proxy/4.1.30.Final/netty-handler-proxy-4.1.30.Final.jar:/home/user/.m2/repository/io/netty/netty-codec-socks/4.1.30.Final/netty-codec-socks-4.1.30.Final.jar:/home/user/.m2/repository/io/netty/netty-transport-native-epoll/4.1.30.Final/netty-transport-native-epoll-4.1.30.Final.jar:/home/user/.m2/repository/io/netty/netty-common/4.1.30.Final/netty-common-4.1.30.Final.jar:/home/user/.m2/repository/io/netty/netty-buffer/4.1.30.Final/netty-buffer-4.1.30.Final.jar:/home/user/.m2/repository/io/netty/netty-transport/4.1.30.Final/netty-transport-4.1.30.Final.jar:/home/user/.m2/repository/io/netty/netty-resolver/4.1.30.Final/netty-resolver-4.1.30.Final.jar:/home/user/.m2/repository/io/netty/netty-transport-native-unix-common/4.1.30.Final/netty-transport-native-unix-common-4.1.30.Final.jar:/home/user/.m2/repository/io/grpc/grpc-protobuf/1.17.1/grpc-protobuf-1.17.1.jar:/home/user/.m2/repository/com/google/api/grpc/proto-google-common-protos/1.0.0/proto-google-common-protos-1.0.0.jar:/home/user/.m2/repository/io/grpc/grpc-protobuf-lite/1.17.1/grpc-protobuf-lite-1.17.1.jar:/home/user/.m2/repository/io/grpc/grpc-stub/1.17.1/grpc-stub-1.17.1.jar:/home/user/.m2/repository/org/apache/hadoop/hadoop-ozone-recon/0.5.0-SNAPSHOT/hadoop-ozone-recon-0.5.0-SNAPSHOT.jar:/home/user/.m2/repository/org/apache/hadoop/hadoop-ozone-reconcodegen/0.5.0-SNAPSHOT/hadoop-ozone-reconcodegen-0.5.0-SNAPSHOT.jar:/home/user/.m2/repository/com/google/inject/extensions/guice-multibindings/4.0/guice-multibindings-4.0.jar:/home/user/.m2/repository/com/google/inject/guice/4.0/guice-4.0.jar:/home/user/.m2/repository/aopalliance/aopalliance/1.0/aopalliance-1.0.jar:/home/user/.m2/repository/com/google/inject/extensions/guice-servlet/4.0/guice-servlet-4.0.jar:/home/user/.m2/repository/org/glassfish/jersey/containers/jersey-container-servlet/2.27/jersey-container-servlet-2.27.jar:/home/user/.m2/repository/org/glassfish/hk2/guice-bridge/2.5.0/guice-bridge-2.5.0.jar:/home/user/.m2/repository/org/glassfish/jersey/core/jersey-server/2.27/jersey-server-2.27.jar:/home/user/.m2/repository/org/glassfish/jersey/core/jersey-client/2.27/jersey-client-2.27.jar:/home/user/.m2/repository/org/glassfish/jersey/media/jersey-media-jaxb/2.27/jersey-media-jaxb-2.27.jar:/home/user/.m2/repository/javax/validation/validation-api/1.1.0.Final/validation-api-1.1.0.Final.jar:/home/user/.m2/repository/org/glassfish/jersey/media/jersey-media-json-jackson/2.27/jersey-media-json-jackson-2.27.jar:/home/user/.m2/repository/org/glassfish/jersey/ext/jersey-entity-filtering/2.27/jersey-entity-filtering-2.27.jar:/home/user/.m2/repository/com/google/inject/extensions/guice-assistedinject/4.0/guice-assistedinject-4.0.jar:/home/user/.m2/repository/org/jooq/jooq/3.11.10/jooq-3.11.10.jar:/home/user/.m2/repository/org/jooq/jooq-meta/3.11.10/jooq-meta-3.11.10.jar:/home/user/.m2/repository/org/jooq/jooq-codegen/3.11.10/jooq-codegen-3.11.10.jar:/home/user/.m2/repository/com/jolbox/bonecp/0.8.0.RELEASE/bonecp-0.8.0.RELEASE.jar:/home/user/.m2/repository/org/xerial/sqlite-jdbc/3.25.2/sqlite-jdbc-3.25.2.jar:/home/user/.m2/repository/org/springframework/spring-jdbc/5.1.3.RELEASE/spring-jdbc-5.1.3.RELEASE.jar:/home/user/.m2/repository/org/springframework/spring-beans/5.1.3.RELEASE/spring-beans-5.1.3.RELEASE.jar:/home/user/.m2/repository/org/springframework/spring-core/5.1.3.RELEASE/spring-core-5.1.3.RELEASE.jar:/home/user/.m2/repository/org/springframework/spring-jcl/5.1.3.RELEASE/spring-jcl-5.1.3.RELEASE.jar:/home/user/.m2/repository/org/springframework/spring-tx/5.1.3.RELEASE/spring-tx-5.1.3.RELEASE.jar:/home/user/.m2/repository/org/apache/hadoop/hadoop-ozone-client/0.5.0-SNAPSHOT/hadoop-ozone-client-0.5.0-SNAPSHOT.jar:/home/user/.m2/repository/commons-lang/commons-lang/2.6/commons-lang-2.6.jar:/home/user/.m2/repository/org/apache/hadoop/hadoop-ozone-ozone-manager/0.5.0-SNAPSHOT/hadoop-ozone-ozone-manager-0.5.0-SNAPSHOT-tests.jar:/home/user/.m2/repository/junit/junit/4.11/junit-4.11.jar:/home/user/.m2/repository/org/hamcrest/hamcrest-core/1.3/hamcrest-core-1.3.jar:/home/user/.m2/repository/org/openjdk/jmh/jmh-core/1.19/jmh-core-1.19.jar:/home/user/.m2/repository/net/sf/jopt-simple/jopt-simple/4.6/jopt-simple-4.6.jar:/home/user/.m2/repository/org/apache/commons/commons-math3/3.1.1/commons-math3-3.1.1.jar:/home/user/.m2/repository/org/openjdk/jmh/jmh-generator-annprocess/1.19/jmh-generator-annprocess-1.19.jar:/home/user/.m2/repository/org/mockito/mockito-all/1.8.5/mockito-all-1.8.5.jar:/home/user/.m2/repository/org/apache/hadoop/hadoop-kms/3.2.0/hadoop-kms-3.2.0.jar:/home/user/.m2/repository/org/apache/hadoop/hadoop-auth/3.2.0/hadoop-auth-3.2.0.jar:/home/user/.m2/repository/com/nimbusds/nimbus-jose-jwt/4.41.1/nimbus-jose-jwt-4.41.1.jar:/home/user/.m2/repository/com/github/stephenc/jcip/jcip-annotations/1.0-1/jcip-annotations-1.0-1.jar:/home/user/.m2/repository/net/minidev/json-smart/2.3/json-smart-2.3.jar:/home/user/.m2/repository/net/minidev/accessors-smart/1.2/accessors-smart-1.2.jar:/home/user/.m2/repository/org/ow2/asm/asm/5.0.4/asm-5.0.4.jar:/home/user/.m2/repository/org/apache/curator/curator-framework/2.12.0/curator-framework-2.12.0.jar:/home/user/.m2/repository/com/sun/jersey/jersey-core/1.19/jersey-core-1.19.jar:/home/user/.m2/repository/javax/ws/rs/jsr311-api/1.1.1/jsr311-api-1.1.1.jar:/home/user/.m2/repository/com/sun/jersey/jersey-server/1.19/jersey-server-1.19.jar:/home/user/.m2/repository/javax/servlet/javax.servlet-api/3.1.0/javax.servlet-api-3.1.0.jar:/home/user/.m2/repository/org/eclipse/jetty/jetty-server/9.3.25.v20180904/jetty-server-9.3.25.v20180904.jar:/home/user/.m2/repository/org/eclipse/jetty/jetty-http/9.3.25.v20180904/jetty-http-9.3.25.v20180904.jar:/home/user/.m2/repository/org/eclipse/jetty/jetty-io/9.3.25.v20180904/jetty-io-9.3.25.v20180904.jar:/home/user/.m2/repository/org/eclipse/jetty/jetty-webapp/9.3.25.v20180904/jetty-webapp-9.3.25.v20180904.jar:/home/user/.m2/repository/org/eclipse/jetty/jetty-xml/9.3.25.v20180904/jetty-xml-9.3.25.v20180904.jar:/home/user/.m2/repository/log4j/log4j/1.2.17/log4j-1.2.17.jar:/home/user/.m2/repository/org/slf4j/slf4j-api/1.7.25/slf4j-api-1.7.25.jar:/home/user/.m2/repository/org/slf4j/jul-to-slf4j/1.7.25/jul-to-slf4j-1.7.25.jar:/home/user/.m2/repository/org/eclipse/jetty/jetty-util/9.3.25.v20180904/jetty-util-9.3.25.v20180904.jar:/home/user/.m2/repository/com/fasterxml/jackson/core/jackson-databind/2.9.9/jackson-databind-2.9.9.jar:/home/user/.m2/repository/org/apache/hadoop/hadoop-kms/3.2.0/hadoop-kms-3.2.0-tests.jar:/home/user/.m2/repository/org/apache/hadoop/hadoop-hdds-server-scm/0.5.0-SNAPSHOT/hadoop-hdds-server-scm-0.5.0-SNAPSHOT-tests.jar:/home/user/.m2/repository/org/apache/hadoop/hadoop-hdds-container-service/0.5.0-SNAPSHOT/hadoop-hdds-container-service-0.5.0-SNAPSHOT-tests.jar:/home/user/.m2/repository/org/yaml/snakeyaml/1.16/snakeyaml-1.16.jar:/home/user/.m2/repository/org/apache/hadoop/hadoop-common/3.2.0/hadoop-common-3.2.0-tests.jar:/home/user/.m2/repository/org/apache/hadoop/hadoop-annotations/3.2.0/hadoop-annotations-3.2.0.jar:/usr/lib/jvm/java-1.8.0-openjdk-1.8.0.222.b10-1.el7_7.x86_64/jre/../lib/tools.jar:/home/user/.m2/repository/commons-cli/commons-cli/1.2/commons-cli-1.2.jar:/home/user/.m2/repository/org/apache/httpcomponents/httpclient/4.5.2/httpclient-4.5.2.jar:/home/user/.m2/repository/org/apache/httpcomponents/httpcore/4.4.4/httpcore-4.4.4.jar:/home/user/.m2/repository/commons-codec/commons-codec/1.11/commons-codec-1.11.jar:/home/user/.m2/repository/commons-net/commons-net/3.6/commons-net-3.6.jar:/home/user/.m2/repository/commons-collections/commons-collections/3.2.2/commons-collections-3.2.2.jar:/home/user/.m2/repository/org/eclipse/jetty/jetty-servlet/9.3.25.v20180904/jetty-servlet-9.3.25.v20180904.jar:/home/user/.m2/repository/org/eclipse/jetty/jetty-security/9.3.25.v20180904/jetty-security-9.3.25.v20180904.jar:/home/user/.m2/repository/javax/servlet/jsp/jsp-api/2.1/jsp-api-2.1.jar:/home/user/.m2/repository/com/sun/jersey/jersey-servlet/1.19/jersey-servlet-1.19.jar:/home/user/.m2/repository/com/sun/jersey/jersey-json/1.19/jersey-json-1.19.jar:/home/user/.m2/repository/org/codehaus/jettison/jettison/1.1/jettison-1.1.jar:/home/user/.m2/repository/org/codehaus/jackson/jackson-core-asl/1.9.13/jackson-core-asl-1.9.13.jar:/home/user/.m2/repository/org/codehaus/jackson/jackson-mapper-asl/1.9.13/jackson-mapper-asl-1.9.13.jar:/home/user/.m2/repository/org/codehaus/jackson/jackson-jaxrs/1.9.13/jackson-jaxrs-1.9.13.jar:/home/user/.m2/repository/org/codehaus/jackson/jackson-xc/1.9.13/jackson-xc-1.9.13.jar:/home/user/.m2/repository/commons-logging/commons-logging/1.1.3/commons-logging-1.1.3.jar:/home/user/.m2/repository/commons-beanutils/commons-beanutils/1.9.4/commons-beanutils-1.9.4.jar:/home/user/.m2/repository/org/apache/commons/commons-configuration2/2.1.1/commons-configuration2-2.1.1.jar:/home/user/.m2/repository/org/apache/commons/commons-lang3/3.7/commons-lang3-3.7.jar:/home/user/.m2/repository/org/apache/commons/commons-text/1.4/commons-text-1.4.jar:/home/user/.m2/repository/org/apache/avro/avro/1.7.7/avro-1.7.7.jar:/home/user/.m2/repository/com/thoughtworks/paranamer/paranamer/2.3/paranamer-2.3.jar:/home/user/.m2/repository/org/xerial/snappy/snappy-java/1.0.5/snappy-java-1.0.5.jar:/home/user/.m2/repository/com/google/re2j/re2j/1.1/re2j-1.1.jar:/home/user/.m2/repository/com/google/code/gson/gson/2.2.4/gson-2.2.4.jar:/home/user/.m2/repository/com/jcraft/jsch/0.1.54/jsch-0.1.54.jar:/home/user/.m2/repository/org/apache/curator/curator-client/2.12.0/curator-client-2.12.0.jar:/home/user/.m2/repository/org/apache/curator/curator-recipes/2.12.0/curator-recipes-2.12.0.jar:/home/user/.m2/repository/com/google/code/findbugs/jsr305/3.0.0/jsr305-3.0.0.jar:/home/user/.m2/repository/org/apache/htrace/htrace-core4/4.1.0-incubating/htrace-core4-4.1.0-incubating.jar:/home/user/.m2/repository/org/apache/zookeeper/zookeeper/3.4.13/zookeeper-3.4.13.jar:/home/user/.m2/repository/jline/jline/0.9.94/jline-0.9.94.jar:/home/user/.m2/repository/org/apache/yetus/audience-annotations/0.5.0/audience-annotations-0.5.0.jar:/home/user/.m2/repository/org/codehaus/woodstox/stax2-api/3.1.4/stax2-api-3.1.4.jar:/home/user/.m2/repository/com/fasterxml/woodstox/woodstox-core/5.0.3/woodstox-core-5.0.3.jar:/home/user/.m2/repository/dnsjava/dnsjava/2.1.7/dnsjava-2.1.7.jar:/home/user/.m2/repository/org/apache/hadoop/hadoop-hdfs/3.2.0/hadoop-hdfs-3.2.0-tests.jar:/home/user/.m2/repository/org/eclipse/jetty/jetty-util-ajax/9.3.25.v20180904/jetty-util-ajax-9.3.25.v20180904.jar:/home/user/.m2/repository/commons-daemon/commons-daemon/1.0.13/commons-daemon-1.0.13.jar:/home/user/.m2/repository/io/netty/netty/3.10.5.Final/netty-3.10.5.Final.jar:/home/user/.m2/repository/io/netty/netty-all/4.0.52.Final/netty-all-4.0.52.Final.jar:/home/user/.m2/repository/org/fusesource/leveldbjni/leveldbjni-all/1.8/leveldbjni-all-1.8.jar:"/>
    <property name="java.vm.vendor" value="Oracle Corporation"/>
    <property name="sun.arch.data.model" value="64"/>
    <property name="test.build.dir" value="/workdir/hadoop-ozone/integration-test/target/test-dir"/>
    <property name="test.cache.data" value=""/>
    <property name="java.vendor.url" value="http://java.oracle.com/"/>
    <property name="user.timezone" value=""/>
    <property name="java.vm.specification.version" value="1.8"/>
    <property name="os.name" value="Linux"/>
    <property name="test.build.data" value="/workdir/hadoop-ozone/integration-test/target/test-dir"/>
    <property name="user.country" value="US"/>
    <property name="sun.java.launcher" value="SUN_STANDARD"/>
    <property name="sun.boot.library.path" value="/usr/lib/jvm/java-1.8.0-openjdk-1.8.0.222.b10-1.el7_7.x86_64/jre/lib/amd64"/>
    <property name="sun.java.command" value="/workdir/hadoop-ozone/integration-test/target/surefire/surefirebooter4458790456445136326.jar /workdir/hadoop-ozone/integration-test/target/surefire 2019-10-16T20-36-31_339-jvmRun1 surefire3993054478980754384tmp surefire_304927417262524673669tmp"/>
    <property name="surefire.test.class.path" value="/workdir/hadoop-ozone/integration-test/target/test-classes:/workdir/hadoop-ozone/integration-test/target/classes:/home/user/.m2/repository/org/apache/hadoop/hadoop-ozone-common/0.5.0-SNAPSHOT/hadoop-ozone-common-0.5.0-SNAPSHOT.jar:/home/user/.m2/repository/org/apache/commons/commons-compress/1.4.1/commons-compress-1.4.1.jar:/home/user/.m2/repository/org/tukaani/xz/1.0/xz-1.0.jar:/home/user/.m2/repository/org/apache/hadoop/hadoop-common/3.2.0/hadoop-common-3.2.0.jar:/home/user/.m2/repository/org/apache/hadoop/hadoop-hdfs/3.2.0/hadoop-hdfs-3.2.0.jar:/home/user/.m2/repository/org/apache/hadoop/hadoop-hdfs-client/3.2.0/hadoop-hdfs-client-3.2.0.jar:/home/user/.m2/repository/com/fasterxml/jackson/core/jackson-annotations/2.9.9/jackson-annotations-2.9.9.jar:/home/user/.m2/repository/org/apache/hadoop/hadoop-hdds-common/0.5.0-SNAPSHOT/hadoop-hdds-common-0.5.0-SNAPSHOT.jar:/home/user/.m2/repository/javax/annotation/javax.annotation-api/1.2/javax.annotation-api-1.2.jar:/home/user/.m2/repository/org/apache/ratis/ratis-server/0.5.0-3f446aa-SNAPSHOT/ratis-server-0.5.0-3f446aa-SNAPSHOT.jar:/home/user/.m2/repository/org/apache/ratis/ratis-thirdparty-misc/0.2.0/ratis-thirdparty-misc-0.2.0.jar:/home/user/.m2/repository/org/apache/ratis/ratis-proto/0.5.0-3f446aa-SNAPSHOT/ratis-proto-0.5.0-3f446aa-SNAPSHOT.jar:/home/user/.m2/repository/org/apache/ratis/ratis-common/0.5.0-3f446aa-SNAPSHOT/ratis-common-0.5.0-3f446aa-SNAPSHOT.jar:/home/user/.m2/repository/org/apache/ratis/ratis-client/0.5.0-3f446aa-SNAPSHOT/ratis-client-0.5.0-3f446aa-SNAPSHOT.jar:/home/user/.m2/repository/org/apache/ratis/ratis-metrics/0.5.0-3f446aa-SNAPSHOT/ratis-metrics-0.5.0-3f446aa-SNAPSHOT.jar:/home/user/.m2/repository/com/github/joshelser/dropwizard-metrics-hadoop-metrics2-reporter/0.1.2/dropwizard-metrics-hadoop-metrics2-reporter-0.1.2.jar:/home/user/.m2/repository/io/dropwizard/metrics/metrics-jvm/3.2.5/metrics-jvm-3.2.5.jar:/home/user/.m2/repository/io/dropwizard/metrics/metrics-ganglia/3.2.5/metrics-ganglia-3.2.5.jar:/home/user/.m2/repository/info/ganglia/gmetric4j/gmetric4j/1.0.7/gmetric4j-1.0.7.jar:/home/user/.m2/repository/org/apache/ratis/ratis-netty/0.5.0-3f446aa-SNAPSHOT/ratis-netty-0.5.0-3f446aa-SNAPSHOT.jar:/home/user/.m2/repository/org/apache/ratis/ratis-grpc/0.5.0-3f446aa-SNAPSHOT/ratis-grpc-0.5.0-3f446aa-SNAPSHOT.jar:/home/user/.m2/repository/org/rocksdb/rocksdbjni/6.0.1/rocksdbjni-6.0.1.jar:/home/user/.m2/repository/org/apache/logging/log4j/log4j-api/2.11.0/log4j-api-2.11.0.jar:/home/user/.m2/repository/org/apache/logging/log4j/log4j-core/2.11.0/log4j-core-2.11.0.jar:/home/user/.m2/repository/com/lmax/disruptor/3.4.2/disruptor-3.4.2.jar:/home/user/.m2/repository/org/apache/commons/commons-pool2/2.6.0/commons-pool2-2.6.0.jar:/home/user/.m2/repository/org/bouncycastle/bcpkix-jdk15on/1.60/bcpkix-jdk15on-1.60.jar:/home/user/.m2/repository/commons-validator/commons-validator/1.6/commons-validator-1.6.jar:/home/user/.m2/repository/commons-digester/commons-digester/1.8.1/commons-digester-1.8.1.jar:/home/user/.m2/repository/io/jaegertracing/jaeger-client/0.34.0/jaeger-client-0.34.0.jar:/home/user/.m2/repository/io/jaegertracing/jaeger-thrift/0.34.0/jaeger-thrift-0.34.0.jar:/home/user/.m2/repository/org/apache/thrift/libthrift/0.12.0/libthrift-0.12.0.jar:/home/user/.m2/repository/com/squareup/okhttp3/okhttp/3.9.0/okhttp-3.9.0.jar:/home/user/.m2/repository/com/squareup/okio/okio/1.13.0/okio-1.13.0.jar:/home/user/.m2/repository/io/jaegertracing/jaeger-core/0.34.0/jaeger-core-0.34.0.jar:/home/user/.m2/repository/io/jaegertracing/jaeger-tracerresolver/0.34.0/jaeger-tracerresolver-0.34.0.jar:/home/user/.m2/repository/io/opentracing/contrib/opentracing-tracerresolver/0.1.5/opentracing-tracerresolver-0.1.5.jar:/home/user/.m2/repository/io/opentracing/opentracing-util/0.31.0/opentracing-util-0.31.0.jar:/home/user/.m2/repository/io/opentracing/opentracing-api/0.31.0/opentracing-api-0.31.0.jar:/home/user/.m2/repository/io/opentracing/opentracing-noop/0.31.0/opentracing-noop-0.31.0.jar:/home/user/.m2/repository/org/apache/hadoop/hadoop-hdds-server-framework/0.5.0-SNAPSHOT/hadoop-hdds-server-framework-0.5.0-SNAPSHOT.jar:/home/user/.m2/repository/org/apache/hadoop/hadoop-hdds-container-service/0.5.0-SNAPSHOT/hadoop-hdds-container-service-0.5.0-SNAPSHOT.jar:/home/user/.m2/repository/org/apache/hadoop/hadoop-hdds-client/0.5.0-SNAPSHOT/hadoop-hdds-client-0.5.0-SNAPSHOT.jar:/home/user/.m2/repository/org/apache/hadoop/hadoop-hdds-tools/0.5.0-SNAPSHOT/hadoop-hdds-tools-0.5.0-SNAPSHOT.jar:/home/user/.m2/repository/org/apache/hadoop/hadoop-hdds-server-scm/0.5.0-SNAPSHOT/hadoop-hdds-server-scm-0.5.0-SNAPSHOT.jar:/home/user/.m2/repository/org/apache/hadoop/hadoop-hdds-docs/0.5.0-SNAPSHOT/hadoop-hdds-docs-0.5.0-SNAPSHOT.jar:/home/user/.m2/repository/io/dropwizard/metrics/metrics-core/3.2.4/metrics-core-3.2.4.jar:/home/user/.m2/repository/org/hamcrest/hamcrest-all/1.3/hamcrest-all-1.3.jar:/home/user/.m2/repository/org/bouncycastle/bcprov-jdk15on/1.60/bcprov-jdk15on-1.60.jar:/home/user/.m2/repository/info/picocli/picocli/3.9.6/picocli-3.9.6.jar:/home/user/.m2/repository/com/google/protobuf/protobuf-java/2.5.0/protobuf-java-2.5.0.jar:/home/user/.m2/repository/com/google/guava/guava/11.0.2/guava-11.0.2.jar:/home/user/.m2/repository/org/apache/hadoop/hadoop-ozone-ozone-manager/0.5.0-SNAPSHOT/hadoop-ozone-ozone-manager-0.5.0-SNAPSHOT.jar:/home/user/.m2/repository/org/apache/hadoop/hadoop-minikdc/3.2.0/hadoop-minikdc-3.2.0.jar:/home/user/.m2/repository/commons-io/commons-io/2.5/commons-io-2.5.jar:/home/user/.m2/repository/org/apache/kerby/kerb-simplekdc/1.0.1/kerb-simplekdc-1.0.1.jar:/home/user/.m2/repository/org/apache/kerby/kerb-client/1.0.1/kerb-client-1.0.1.jar:/home/user/.m2/repository/org/apache/kerby/kerby-config/1.0.1/kerby-config-1.0.1.jar:/home/user/.m2/repository/org/apache/kerby/kerb-core/1.0.1/kerb-core-1.0.1.jar:/home/user/.m2/repository/org/apache/kerby/kerby-pkix/1.0.1/kerby-pkix-1.0.1.jar:/home/user/.m2/repository/org/apache/kerby/kerby-asn1/1.0.1/kerby-asn1-1.0.1.jar:/home/user/.m2/repository/org/apache/kerby/kerby-util/1.0.1/kerby-util-1.0.1.jar:/home/user/.m2/repository/org/apache/kerby/kerb-common/1.0.1/kerb-common-1.0.1.jar:/home/user/.m2/repository/org/apache/kerby/kerb-crypto/1.0.1/kerb-crypto-1.0.1.jar:/home/user/.m2/repository/org/apache/kerby/kerb-util/1.0.1/kerb-util-1.0.1.jar:/home/user/.m2/repository/org/apache/kerby/token-provider/1.0.1/token-provider-1.0.1.jar:/home/user/.m2/repository/org/apache/kerby/kerb-admin/1.0.1/kerb-admin-1.0.1.jar:/home/user/.m2/repository/org/apache/kerby/kerb-server/1.0.1/kerb-server-1.0.1.jar:/home/user/.m2/repository/org/apache/kerby/kerb-identity/1.0.1/kerb-identity-1.0.1.jar:/home/user/.m2/repository/org/apache/kerby/kerby-xdr/1.0.1/kerby-xdr-1.0.1.jar:/home/user/.m2/repository/org/slf4j/slf4j-log4j12/1.7.25/slf4j-log4j12-1.7.25.jar:/home/user/.m2/repository/org/apache/hadoop/hadoop-ozone-s3gateway/0.5.0-SNAPSHOT/hadoop-ozone-s3gateway-0.5.0-SNAPSHOT.jar:/home/user/.m2/repository/org/jboss/weld/servlet/weld-servlet/2.4.7.Final/weld-servlet-2.4.7.Final.jar:/home/user/.m2/repository/org/glassfish/jersey/containers/jersey-container-servlet-core/2.27/jersey-container-servlet-core-2.27.jar:/home/user/.m2/repository/org/glassfish/hk2/external/javax.inject/2.5.0-b42/javax.inject-2.5.0-b42.jar:/home/user/.m2/repository/org/glassfish/jersey/core/jersey-common/2.27/jersey-common-2.27.jar:/home/user/.m2/repository/org/glassfish/hk2/osgi-resource-locator/1.0.1/osgi-resource-locator-1.0.1.jar:/home/user/.m2/repository/javax/ws/rs/javax.ws.rs-api/2.1/javax.ws.rs-api-2.1.jar:/home/user/.m2/repository/org/glassfish/jersey/ext/cdi/jersey-cdi1x/2.27/jersey-cdi1x-2.27.jar:/home/user/.m2/repository/org/glassfish/jersey/inject/jersey-hk2/2.27/jersey-hk2-2.27.jar:/home/user/.m2/repository/org/glassfish/hk2/hk2-locator/2.5.0-b42/hk2-locator-2.5.0-b42.jar:/home/user/.m2/repository/org/javassist/javassist/3.22.0-CR2/javassist-3.22.0-CR2.jar:/home/user/.m2/repository/org/glassfish/hk2/hk2-api/2.5.0/hk2-api-2.5.0.jar:/home/user/.m2/repository/org/glassfish/hk2/external/jakarta.inject/2.5.0/jakarta.inject-2.5.0.jar:/home/user/.m2/repository/org/glassfish/hk2/hk2-utils/2.5.0/hk2-utils-2.5.0.jar:/home/user/.m2/repository/jakarta/annotation/jakarta.annotation-api/1.3.4/jakarta.annotation-api-1.3.4.jar:/home/user/.m2/repository/org/glassfish/hk2/external/aopalliance-repackaged/2.5.0/aopalliance-repackaged-2.5.0.jar:/home/user/.m2/repository/com/fasterxml/jackson/dataformat/jackson-dataformat-xml/2.9.0/jackson-dataformat-xml-2.9.0.jar:/home/user/.m2/repository/com/fasterxml/jackson/core/jackson-core/2.9.9/jackson-core-2.9.9.jar:/home/user/.m2/repository/com/fasterxml/jackson/module/jackson-module-jaxb-annotations/2.9.9/jackson-module-jaxb-annotations-2.9.9.jar:/home/user/.m2/repository/javax/enterprise/cdi-api/1.2/cdi-api-1.2.jar:/home/user/.m2/repository/javax/el/javax.el-api/3.0.0/javax.el-api-3.0.0.jar:/home/user/.m2/repository/javax/interceptor/javax.interceptor-api/1.2/javax.interceptor-api-1.2.jar:/home/user/.m2/repository/javax/inject/javax.inject/1/javax.inject-1.jar:/home/user/.m2/repository/com/sun/xml/bind/jaxb-impl/2.3.0.1/jaxb-impl-2.3.0.1.jar:/home/user/.m2/repository/com/sun/xml/bind/jaxb-core/2.3.0.1/jaxb-core-2.3.0.1.jar:/home/user/.m2/repository/javax/xml/bind/jaxb-api/2.3.0/jaxb-api-2.3.0.jar:/home/user/.m2/repository/javax/activation/activation/1.1.1/activation-1.1.1.jar:/home/user/.m2/repository/org/apache/hadoop/hadoop-ozone-csi/0.5.0-SNAPSHOT/hadoop-ozone-csi-0.5.0-SNAPSHOT.jar:/home/user/.m2/repository/com/google/protobuf/protobuf-java-util/3.5.1/protobuf-java-util-3.5.1.jar:/home/user/.m2/repository/org/apache/hadoop/hadoop-hdds-config/0.5.0-SNAPSHOT/hadoop-hdds-config-0.5.0-SNAPSHOT.jar:/home/user/.m2/repository/io/grpc/grpc-netty/1.17.1/grpc-netty-1.17.1.jar:/home/user/.m2/repository/io/grpc/grpc-core/1.17.1/grpc-core-1.17.1.jar:/home/user/.m2/repository/io/grpc/grpc-context/1.17.1/grpc-context-1.17.1.jar:/home/user/.m2/repository/com/google/errorprone/error_prone_annotations/2.2.0/error_prone_annotations-2.2.0.jar:/home/user/.m2/repository/org/codehaus/mojo/animal-sniffer-annotations/1.17/animal-sniffer-annotations-1.17.jar:/home/user/.m2/repository/io/opencensus/opencensus-api/0.17.0/opencensus-api-0.17.0.jar:/home/user/.m2/repository/io/opencensus/opencensus-contrib-grpc-metrics/0.17.0/opencensus-contrib-grpc-metrics-0.17.0.jar:/home/user/.m2/repository/io/netty/netty-codec-http2/4.1.30.Final/netty-codec-http2-4.1.30.Final.jar:/home/user/.m2/repository/io/netty/netty-codec-http/4.1.30.Final/netty-codec-http-4.1.30.Final.jar:/home/user/.m2/repository/io/netty/netty-codec/4.1.30.Final/netty-codec-4.1.30.Final.jar:/home/user/.m2/repository/io/netty/netty-handler/4.1.30.Final/netty-handler-4.1.30.Final.jar:/home/user/.m2/repository/io/netty/netty-handler-proxy/4.1.30.Final/netty-handler-proxy-4.1.30.Final.jar:/home/user/.m2/repository/io/netty/netty-codec-socks/4.1.30.Final/netty-codec-socks-4.1.30.Final.jar:/home/user/.m2/repository/io/netty/netty-transport-native-epoll/4.1.30.Final/netty-transport-native-epoll-4.1.30.Final.jar:/home/user/.m2/repository/io/netty/netty-common/4.1.30.Final/netty-common-4.1.30.Final.jar:/home/user/.m2/repository/io/netty/netty-buffer/4.1.30.Final/netty-buffer-4.1.30.Final.jar:/home/user/.m2/repository/io/netty/netty-transport/4.1.30.Final/netty-transport-4.1.30.Final.jar:/home/user/.m2/repository/io/netty/netty-resolver/4.1.30.Final/netty-resolver-4.1.30.Final.jar:/home/user/.m2/repository/io/netty/netty-transport-native-unix-common/4.1.30.Final/netty-transport-native-unix-common-4.1.30.Final.jar:/home/user/.m2/repository/io/grpc/grpc-protobuf/1.17.1/grpc-protobuf-1.17.1.jar:/home/user/.m2/repository/com/google/api/grpc/proto-google-common-protos/1.0.0/proto-google-common-protos-1.0.0.jar:/home/user/.m2/repository/io/grpc/grpc-protobuf-lite/1.17.1/grpc-protobuf-lite-1.17.1.jar:/home/user/.m2/repository/io/grpc/grpc-stub/1.17.1/grpc-stub-1.17.1.jar:/home/user/.m2/repository/org/apache/hadoop/hadoop-ozone-recon/0.5.0-SNAPSHOT/hadoop-ozone-recon-0.5.0-SNAPSHOT.jar:/home/user/.m2/repository/org/apache/hadoop/hadoop-ozone-reconcodegen/0.5.0-SNAPSHOT/hadoop-ozone-reconcodegen-0.5.0-SNAPSHOT.jar:/home/user/.m2/repository/com/google/inject/extensions/guice-multibindings/4.0/guice-multibindings-4.0.jar:/home/user/.m2/repository/com/google/inject/guice/4.0/guice-4.0.jar:/home/user/.m2/repository/aopalliance/aopalliance/1.0/aopalliance-1.0.jar:/home/user/.m2/repository/com/google/inject/extensions/guice-servlet/4.0/guice-servlet-4.0.jar:/home/user/.m2/repository/org/glassfish/jersey/containers/jersey-container-servlet/2.27/jersey-container-servlet-2.27.jar:/home/user/.m2/repository/org/glassfish/hk2/guice-bridge/2.5.0/guice-bridge-2.5.0.jar:/home/user/.m2/repository/org/glassfish/jersey/core/jersey-server/2.27/jersey-server-2.27.jar:/home/user/.m2/repository/org/glassfish/jersey/core/jersey-client/2.27/jersey-client-2.27.jar:/home/user/.m2/repository/org/glassfish/jersey/media/jersey-media-jaxb/2.27/jersey-media-jaxb-2.27.jar:/home/user/.m2/repository/javax/validation/validation-api/1.1.0.Final/validation-api-1.1.0.Final.jar:/home/user/.m2/repository/org/glassfish/jersey/media/jersey-media-json-jackson/2.27/jersey-media-json-jackson-2.27.jar:/home/user/.m2/repository/org/glassfish/jersey/ext/jersey-entity-filtering/2.27/jersey-entity-filtering-2.27.jar:/home/user/.m2/repository/com/google/inject/extensions/guice-assistedinject/4.0/guice-assistedinject-4.0.jar:/home/user/.m2/repository/org/jooq/jooq/3.11.10/jooq-3.11.10.jar:/home/user/.m2/repository/org/jooq/jooq-meta/3.11.10/jooq-meta-3.11.10.jar:/home/user/.m2/repository/org/jooq/jooq-codegen/3.11.10/jooq-codegen-3.11.10.jar:/home/user/.m2/repository/com/jolbox/bonecp/0.8.0.RELEASE/bonecp-0.8.0.RELEASE.jar:/home/user/.m2/repository/org/xerial/sqlite-jdbc/3.25.2/sqlite-jdbc-3.25.2.jar:/home/user/.m2/repository/org/springframework/spring-jdbc/5.1.3.RELEASE/spring-jdbc-5.1.3.RELEASE.jar:/home/user/.m2/repository/org/springframework/spring-beans/5.1.3.RELEASE/spring-beans-5.1.3.RELEASE.jar:/home/user/.m2/repository/org/springframework/spring-core/5.1.3.RELEASE/spring-core-5.1.3.RELEASE.jar:/home/user/.m2/repository/org/springframework/spring-jcl/5.1.3.RELEASE/spring-jcl-5.1.3.RELEASE.jar:/home/user/.m2/repository/org/springframework/spring-tx/5.1.3.RELEASE/spring-tx-5.1.3.RELEASE.jar:/home/user/.m2/repository/org/apache/hadoop/hadoop-ozone-client/0.5.0-SNAPSHOT/hadoop-ozone-client-0.5.0-SNAPSHOT.jar:/home/user/.m2/repository/commons-lang/commons-lang/2.6/commons-lang-2.6.jar:/home/user/.m2/repository/org/apache/hadoop/hadoop-ozone-ozone-manager/0.5.0-SNAPSHOT/hadoop-ozone-ozone-manager-0.5.0-SNAPSHOT-tests.jar:/home/user/.m2/repository/junit/junit/4.11/junit-4.11.jar:/home/user/.m2/repository/org/hamcrest/hamcrest-core/1.3/hamcrest-core-1.3.jar:/home/user/.m2/repository/org/openjdk/jmh/jmh-core/1.19/jmh-core-1.19.jar:/home/user/.m2/repository/net/sf/jopt-simple/jopt-simple/4.6/jopt-simple-4.6.jar:/home/user/.m2/repository/org/apache/commons/commons-math3/3.1.1/commons-math3-3.1.1.jar:/home/user/.m2/repository/org/openjdk/jmh/jmh-generator-annprocess/1.19/jmh-generator-annprocess-1.19.jar:/home/user/.m2/repository/org/mockito/mockito-all/1.8.5/mockito-all-1.8.5.jar:/home/user/.m2/repository/org/apache/hadoop/hadoop-kms/3.2.0/hadoop-kms-3.2.0.jar:/home/user/.m2/repository/org/apache/hadoop/hadoop-auth/3.2.0/hadoop-auth-3.2.0.jar:/home/user/.m2/repository/com/nimbusds/nimbus-jose-jwt/4.41.1/nimbus-jose-jwt-4.41.1.jar:/home/user/.m2/repository/com/github/stephenc/jcip/jcip-annotations/1.0-1/jcip-annotations-1.0-1.jar:/home/user/.m2/repository/net/minidev/json-smart/2.3/json-smart-2.3.jar:/home/user/.m2/repository/net/minidev/accessors-smart/1.2/accessors-smart-1.2.jar:/home/user/.m2/repository/org/ow2/asm/asm/5.0.4/asm-5.0.4.jar:/home/user/.m2/repository/org/apache/curator/curator-framework/2.12.0/curator-framework-2.12.0.jar:/home/user/.m2/repository/com/sun/jersey/jersey-core/1.19/jersey-core-1.19.jar:/home/user/.m2/repository/javax/ws/rs/jsr311-api/1.1.1/jsr311-api-1.1.1.jar:/home/user/.m2/repository/com/sun/jersey/jersey-server/1.19/jersey-server-1.19.jar:/home/user/.m2/repository/javax/servlet/javax.servlet-api/3.1.0/javax.servlet-api-3.1.0.jar:/home/user/.m2/repository/org/eclipse/jetty/jetty-server/9.3.25.v20180904/jetty-server-9.3.25.v20180904.jar:/home/user/.m2/repository/org/eclipse/jetty/jetty-http/9.3.25.v20180904/jetty-http-9.3.25.v20180904.jar:/home/user/.m2/repository/org/eclipse/jetty/jetty-io/9.3.25.v20180904/jetty-io-9.3.25.v20180904.jar:/home/user/.m2/repository/org/eclipse/jetty/jetty-webapp/9.3.25.v20180904/jetty-webapp-9.3.25.v20180904.jar:/home/user/.m2/repository/org/eclipse/jetty/jetty-xml/9.3.25.v20180904/jetty-xml-9.3.25.v20180904.jar:/home/user/.m2/repository/log4j/log4j/1.2.17/log4j-1.2.17.jar:/home/user/.m2/repository/org/slf4j/slf4j-api/1.7.25/slf4j-api-1.7.25.jar:/home/user/.m2/repository/org/slf4j/jul-to-slf4j/1.7.25/jul-to-slf4j-1.7.25.jar:/home/user/.m2/repository/org/eclipse/jetty/jetty-util/9.3.25.v20180904/jetty-util-9.3.25.v20180904.jar:/home/user/.m2/repository/com/fasterxml/jackson/core/jackson-databind/2.9.9/jackson-databind-2.9.9.jar:/home/user/.m2/repository/org/apache/hadoop/hadoop-kms/3.2.0/hadoop-kms-3.2.0-tests.jar:/home/user/.m2/repository/org/apache/hadoop/hadoop-hdds-server-scm/0.5.0-SNAPSHOT/hadoop-hdds-server-scm-0.5.0-SNAPSHOT-tests.jar:/home/user/.m2/repository/org/apache/hadoop/hadoop-hdds-container-service/0.5.0-SNAPSHOT/hadoop-hdds-container-service-0.5.0-SNAPSHOT-tests.jar:/home/user/.m2/repository/org/yaml/snakeyaml/1.16/snakeyaml-1.16.jar:/home/user/.m2/repository/org/apache/hadoop/hadoop-common/3.2.0/hadoop-common-3.2.0-tests.jar:/home/user/.m2/repository/org/apache/hadoop/hadoop-annotations/3.2.0/hadoop-annotations-3.2.0.jar:/usr/lib/jvm/java-1.8.0-openjdk-1.8.0.222.b10-1.el7_7.x86_64/jre/../lib/tools.jar:/home/user/.m2/repository/commons-cli/commons-cli/1.2/commons-cli-1.2.jar:/home/user/.m2/repository/org/apache/httpcomponents/httpclient/4.5.2/httpclient-4.5.2.jar:/home/user/.m2/repository/org/apache/httpcomponents/httpcore/4.4.4/httpcore-4.4.4.jar:/home/user/.m2/repository/commons-codec/commons-codec/1.11/commons-codec-1.11.jar:/home/user/.m2/repository/commons-net/commons-net/3.6/commons-net-3.6.jar:/home/user/.m2/repository/commons-collections/commons-collections/3.2.2/commons-collections-3.2.2.jar:/home/user/.m2/repository/org/eclipse/jetty/jetty-servlet/9.3.25.v20180904/jetty-servlet-9.3.25.v20180904.jar:/home/user/.m2/repository/org/eclipse/jetty/jetty-security/9.3.25.v20180904/jetty-security-9.3.25.v20180904.jar:/home/user/.m2/repository/javax/servlet/jsp/jsp-api/2.1/jsp-api-2.1.jar:/home/user/.m2/repository/com/sun/jersey/jersey-servlet/1.19/jersey-servlet-1.19.jar:/home/user/.m2/repository/com/sun/jersey/jersey-json/1.19/jersey-json-1.19.jar:/home/user/.m2/repository/org/codehaus/jettison/jettison/1.1/jettison-1.1.jar:/home/user/.m2/repository/org/codehaus/jackson/jackson-core-asl/1.9.13/jackson-core-asl-1.9.13.jar:/home/user/.m2/repository/org/codehaus/jackson/jackson-mapper-asl/1.9.13/jackson-mapper-asl-1.9.13.jar:/home/user/.m2/repository/org/codehaus/jackson/jackson-jaxrs/1.9.13/jackson-jaxrs-1.9.13.jar:/home/user/.m2/repository/org/codehaus/jackson/jackson-xc/1.9.13/jackson-xc-1.9.13.jar:/home/user/.m2/repository/commons-logging/commons-logging/1.1.3/commons-logging-1.1.3.jar:/home/user/.m2/repository/commons-beanutils/commons-beanutils/1.9.4/commons-beanutils-1.9.4.jar:/home/user/.m2/repository/org/apache/commons/commons-configuration2/2.1.1/commons-configuration2-2.1.1.jar:/home/user/.m2/repository/org/apache/commons/commons-lang3/3.7/commons-lang3-3.7.jar:/home/user/.m2/repository/org/apache/commons/commons-text/1.4/commons-text-1.4.jar:/home/user/.m2/repository/org/apache/avro/avro/1.7.7/avro-1.7.7.jar:/home/user/.m2/repository/com/thoughtworks/paranamer/paranamer/2.3/paranamer-2.3.jar:/home/user/.m2/repository/org/xerial/snappy/snappy-java/1.0.5/snappy-java-1.0.5.jar:/home/user/.m2/repository/com/google/re2j/re2j/1.1/re2j-1.1.jar:/home/user/.m2/repository/com/google/code/gson/gson/2.2.4/gson-2.2.4.jar:/home/user/.m2/repository/com/jcraft/jsch/0.1.54/jsch-0.1.54.jar:/home/user/.m2/repository/org/apache/curator/curator-client/2.12.0/curator-client-2.12.0.jar:/home/user/.m2/repository/org/apache/curator/curator-recipes/2.12.0/curator-recipes-2.12.0.jar:/home/user/.m2/repository/com/google/code/findbugs/jsr305/3.0.0/jsr305-3.0.0.jar:/home/user/.m2/repository/org/apache/htrace/htrace-core4/4.1.0-incubating/htrace-core4-4.1.0-incubating.jar:/home/user/.m2/repository/org/apache/zookeeper/zookeeper/3.4.13/zookeeper-3.4.13.jar:/home/user/.m2/repository/jline/jline/0.9.94/jline-0.9.94.jar:/home/user/.m2/repository/org/apache/yetus/audience-annotations/0.5.0/audience-annotations-0.5.0.jar:/home/user/.m2/repository/org/codehaus/woodstox/stax2-api/3.1.4/stax2-api-3.1.4.jar:/home/user/.m2/repository/com/fasterxml/woodstox/woodstox-core/5.0.3/woodstox-core-5.0.3.jar:/home/user/.m2/repository/dnsjava/dnsjava/2.1.7/dnsjava-2.1.7.jar:/home/user/.m2/repository/org/apache/hadoop/hadoop-hdfs/3.2.0/hadoop-hdfs-3.2.0-tests.jar:/home/user/.m2/repository/org/eclipse/jetty/jetty-util-ajax/9.3.25.v20180904/jetty-util-ajax-9.3.25.v20180904.jar:/home/user/.m2/repository/commons-daemon/commons-daemon/1.0.13/commons-daemon-1.0.13.jar:/home/user/.m2/repository/io/netty/netty/3.10.5.Final/netty-3.10.5.Final.jar:/home/user/.m2/repository/io/netty/netty-all/4.0.52.Final/netty-all-4.0.52.Final.jar:/home/user/.m2/repository/org/fusesource/leveldbjni/leveldbjni-all/1.8/leveldbjni-all-1.8.jar:"/>
    <property name="sun.cpu.endian" value="little"/>
    <property name="user.home" value="/home/user"/>
    <property name="user.language" value="en"/>
    <property name="java.specification.vendor" value="Oracle Corporation"/>
    <property name="java.home" value="/usr/lib/jvm/java-1.8.0-openjdk-1.8.0.222.b10-1.el7_7.x86_64/jre"/>
    <property name="surefire.excludesFile" value="/tools/ozone-bad-unit-tests"/>
    <property name="java.security.krb5.conf" value="/workdir/hadoop-ozone/integration-test/target/test-classes/krb5.conf"/>
    <property name="basedir" value="/workdir/hadoop-ozone/integration-test"/>
    <property name="file.separator" value="/"/>
    <property name="line.separator" value="&#10;"/>
    <property name="java.vm.specification.vendor" value="Oracle Corporation"/>
    <property name="java.specification.name" value="Java Platform API Specification"/>
    <property name="java.awt.graphicsenv" value="sun.awt.X11GraphicsEnvironment"/>
    <property name="surefire.real.class.path" value="/workdir/hadoop-ozone/integration-test/target/surefire/surefirebooter4458790456445136326.jar"/>
    <property name="hadoop.log.dir" value="/workdir/hadoop-ozone/integration-test/target/log"/>
    <property name="sun.boot.class.path" value="/usr/lib/jvm/java-1.8.0-openjdk-1.8.0.222.b10-1.el7_7.x86_64/jre/lib/resources.jar:/usr/lib/jvm/java-1.8.0-openjdk-1.8.0.222.b10-1.el7_7.x86_64/jre/lib/rt.jar:/usr/lib/jvm/java-1.8.0-openjdk-1.8.0.222.b10-1.el7_7.x86_64/jre/lib/sunrsasign.jar:/usr/lib/jvm/java-1.8.0-openjdk-1.8.0.222.b10-1.el7_7.x86_64/jre/lib/jsse.jar:/usr/lib/jvm/java-1.8.0-openjdk-1.8.0.222.b10-1.el7_7.x86_64/jre/lib/jce.jar:/usr/lib/jvm/java-1.8.0-openjdk-1.8.0.222.b10-1.el7_7.x86_64/jre/lib/charsets.jar:/usr/lib/jvm/java-1.8.0-openjdk-1.8.0.222.b10-1.el7_7.x86_64/jre/lib/jfr.jar:/usr/lib/jvm/java-1.8.0-openjdk-1.8.0.222.b10-1.el7_7.x86_64/jre/classes"/>
    <property name="sun.management.compiler" value="HotSpot 64-Bit Tiered Compilers"/>
    <property name="java.runtime.version" value="1.8.0_222-b10"/>
    <property name="java.net.preferIPv4Stack" value="true"/>
    <property name="user.name" value="jenkins1000"/>
    <property name="path.separator" value=":"/>
    <property name="java.security.egd" value="file:///dev/urandom"/>
    <property name="os.version" value="3.10.0-957.12.2.el7.x86_64"/>
    <property name="java.endorsed.dirs" value="/usr/lib/jvm/java-1.8.0-openjdk-1.8.0.222.b10-1.el7_7.x86_64/jre/lib/endorsed"/>
    <property name="java.runtime.name" value="OpenJDK Runtime Environment"/>
    <property name="file.encoding" value="ANSI_X3.4-1968"/>
    <property name="java.vm.name" value="OpenJDK 64-Bit Server VM"/>
    <property name="test.build.webapps" value=""/>
    <property name="localRepository" value="/home/user/.m2/repository"/>
    <property name="java.vendor.url.bug" value="http://bugreport.sun.com/bugreport/"/>
    <property name="java.io.tmpdir" value="/tmp"/>
    <property name="require.test.libhadoop" value=""/>
    <property name="java.version" value="1.8.0_222"/>
    <property name="user.dir" value="/workdir/hadoop-ozone/integration-test"/>
    <property name="os.arch" value="amd64"/>
    <property name="java.vm.specification.name" value="Java Virtual Machine Specification"/>
    <property name="test.build.classes" value="/workdir/hadoop-ozone/integration-test/target/test-classes"/>
    <property name="java.awt.printerjob" value="sun.print.PSPrinterJob"/>
    <property name="sun.os.patch.level" value="unknown"/>
    <property name="hadoop.tmp.dir" value="/workdir/hadoop-ozone/integration-test/target/tmp"/>
    <property name="java.library.path" value="/usr/lib:/workdir/hadoop-ozone/integration-test/target/native/target/usr/local/lib:/workdir/hadoop-ozone/integration-test/../../hadoop-common-project/hadoop-common/target/native/target/usr/local/lib:/usr/java/packages/lib/amd64:/usr/lib64:/lib64:/lib:/usr/lib"/>
    <property name="java.vm.info" value="mixed mode"/>
    <property name="java.vendor" value="Oracle Corporation"/>
    <property name="java.vm.version" value="25.222-b10"/>
    <property name="java.ext.dirs" value="/usr/lib/jvm/java-1.8.0-openjdk-1.8.0.222.b10-1.el7_7.x86_64/jre/lib/ext:/usr/java/packages/lib/ext"/>
    <property name="sun.io.unicode.encoding" value="UnicodeLittle"/>
    <property name="java.class.version" value="52.0"/>
  </properties>
  <testcase name="testDeleteKeyWithSlowFollower" classname="org.apache.hadoop.ozone.client.rpc.TestDeleteWithSlowFollower" time="111.603">
    <failure type="java.lang.AssertionError">java.lang.AssertionError
	at org.junit.Assert.fail(Assert.java:86)
	at org.junit.Assert.assertTrue(Assert.java:41)
	at org.junit.Assert.assertTrue(Assert.java:52)
	at org.apache.hadoop.ozone.client.rpc.TestDeleteWithSlowFollower.testDeleteKeyWithSlowFollower(TestDeleteWithSlowFollower.java:265)
	at sun.reflect.NativeMethodAccessorImpl.invoke0(Native Method)
	at sun.reflect.NativeMethodAccessorImpl.invoke(NativeMethodAccessorImpl.java:62)
	at sun.reflect.DelegatingMethodAccessorImpl.invoke(DelegatingMethodAccessorImpl.java:43)
	at java.lang.reflect.Method.invoke(Method.java:498)
	at org.junit.runners.model.FrameworkMethod$1.runReflectiveCall(FrameworkMethod.java:47)
	at org.junit.internal.runners.model.ReflectiveCallable.run(ReflectiveCallable.java:12)
	at org.junit.runners.model.FrameworkMethod.invokeExplosively(FrameworkMethod.java:44)
	at org.junit.internal.runners.statements.InvokeMethod.evaluate(InvokeMethod.java:17)
	at org.junit.runners.ParentRunner.runLeaf(ParentRunner.java:271)
	at org.junit.runners.BlockJUnit4ClassRunner.runChild(BlockJUnit4ClassRunner.java:70)
	at org.junit.runners.BlockJUnit4ClassRunner.runChild(BlockJUnit4ClassRunner.java:50)
	at org.junit.runners.ParentRunner$3.run(ParentRunner.java:238)
	at org.junit.runners.ParentRunner$1.schedule(ParentRunner.java:63)
	at org.junit.runners.ParentRunner.runChildren(ParentRunner.java:236)
	at org.junit.runners.ParentRunner.access$000(ParentRunner.java:53)
	at org.junit.runners.ParentRunner$2.evaluate(ParentRunner.java:229)
	at org.junit.internal.runners.statements.RunBefores.evaluate(RunBefores.java:26)
	at org.junit.internal.runners.statements.RunAfters.evaluate(RunAfters.java:27)
	at org.junit.runners.ParentRunner.run(ParentRunner.java:309)
	at org.apache.maven.surefire.junit4.JUnit4Provider.execute(JUnit4Provider.java:365)
	at org.apache.maven.surefire.junit4.JUnit4Provider.executeWithRerun(JUnit4Provider.java:273)
	at org.apache.maven.surefire.junit4.JUnit4Provider.executeTestSet(JUnit4Provider.java:238)
	at org.apache.maven.surefire.junit4.JUnit4Provider.invoke(JUnit4Provider.java:159)
	at org.apache.maven.surefire.booter.ForkedBooter.invokeProviderInSameClassLoader(ForkedBooter.java:384)
	at org.apache.maven.surefire.booter.ForkedBooter.runSuitesInProcess(ForkedBooter.java:345)
	at org.apache.maven.surefire.booter.ForkedBooter.execute(ForkedBooter.java:126)
	at org.apache.maven.surefire.booter.ForkedBooter.main(ForkedBooter.java:418)
</failure>
    <system-out><![CDATA[2019-10-16 20:58:31,364 [main] WARN  server.ServerUtils (ServerUtils.java:getScmDbDir(145)) - ozone.scm.db.dirs is not configured. We recommend adding this setting. Falling back to ozone.metadata.dirs instead.
2019-10-16 20:58:31,457 [main] WARN  server.ServerUtils (ServerUtils.java:getScmDbDir(145)) - ozone.scm.db.dirs is not configured. We recommend adding this setting. Falling back to ozone.metadata.dirs instead.
2019-10-16 20:58:31,460 [main] WARN  server.ServerUtils (ServerUtils.java:getScmDbDir(145)) - ozone.scm.db.dirs is not configured. We recommend adding this setting. Falling back to ozone.metadata.dirs instead.
2019-10-16 20:58:31,485 [main] INFO  util.log (Log.java:initialized(192)) - Logging initialized @881ms
2019-10-16 20:58:31,578 [main] INFO  db.DBStoreBuilder (DBStoreBuilder.java:addTable(117)) - using custom profile for table: deletedBlocks
2019-10-16 20:58:31,578 [main] INFO  db.DBStoreBuilder (DBStoreBuilder.java:processTables(168)) - Using default column profile:DBProfile.DISK for Table:deletedBlocks
2019-10-16 20:58:31,579 [main] INFO  db.DBStoreBuilder (DBStoreBuilder.java:addTable(117)) - using custom profile for table: validCerts
2019-10-16 20:58:31,579 [main] INFO  db.DBStoreBuilder (DBStoreBuilder.java:processTables(168)) - Using default column profile:DBProfile.DISK for Table:validCerts
2019-10-16 20:58:31,579 [main] INFO  db.DBStoreBuilder (DBStoreBuilder.java:addTable(117)) - using custom profile for table: revokedCerts
2019-10-16 20:58:31,579 [main] INFO  db.DBStoreBuilder (DBStoreBuilder.java:processTables(168)) - Using default column profile:DBProfile.DISK for Table:revokedCerts
2019-10-16 20:58:31,590 [main] INFO  db.DBStoreBuilder (DBStoreBuilder.java:addTable(117)) - using custom profile for table: default
2019-10-16 20:58:31,590 [main] INFO  db.DBStoreBuilder (DBStoreBuilder.java:processTables(174)) - Using default column profile:DBProfile.DISK for Table:default
2019-10-16 20:58:31,592 [main] INFO  db.DBStoreBuilder (DBStoreBuilder.java:getDbProfile(205)) - Using default options. DBProfile.DISK
2019-10-16 20:58:31,809 [main] INFO  net.NodeSchemaLoader (NodeSchemaLoader.java:loadSchemaFromFile(125)) - Loading file from sun.misc.CompoundEnumeration@74235045
2019-10-16 20:58:31,811 [main] INFO  net.NodeSchemaLoader (NodeSchemaLoader.java:loadSchema(171)) - Loading network topology layer schema file
2019-10-16 20:58:31,864 [main] WARN  server.ServerUtils (ServerUtils.java:sanitizeUserArgs(70)) - ozone.scm.stale.node.interval value = 1000000 is larger than max = 100000 based on the key value of ozone.scm.heartbeat.thread.interval, reset to the max value 100000.
2019-10-16 20:58:31,866 [main] WARN  server.ServerUtils (ServerUtils.java:sanitizeUserArgs(70)) - ozone.scm.stale.node.interval value = 1000000 is larger than max = 100000 based on the key value of ozone.scm.heartbeat.thread.interval, reset to the max value 100000.
2019-10-16 20:58:31,868 [main] INFO  node.SCMNodeManager (SCMNodeManager.java:<init>(116)) - Entering startup safe mode.
2019-10-16 20:58:31,925 [main] INFO  algorithms.ContainerPlacementPolicyFactory (ContainerPlacementPolicyFactory.java:getPolicy(57)) - Create container placement policy of type org.apache.hadoop.hdds.scm.container.placement.algorithms.SCMContainerPlacementRandom
2019-10-16 20:58:31,937 [main] WARN  server.ServerUtils (ServerUtils.java:getScmDbDir(145)) - ozone.scm.db.dirs is not configured. We recommend adding this setting. Falling back to ozone.metadata.dirs instead.
2019-10-16 20:58:32,011 [main] INFO  pipeline.SCMPipelineManager (SCMPipelineManager.java:initializePipelineState(132)) - No pipeline exists in current db
2019-10-16 20:58:32,014 [main] WARN  server.ServerUtils (ServerUtils.java:getScmDbDir(145)) - ozone.scm.db.dirs is not configured. We recommend adding this setting. Falling back to ozone.metadata.dirs instead.
2019-10-16 20:58:32,134 [main] WARN  events.EventQueue (EventQueue.java:fireEvent(183)) - No event handler registered for event TypedEvent{payloadType=SafeModeStatus, name='SafeModeStatus'}
2019-10-16 20:58:32,516 [main] INFO  ipc.CallQueueManager (CallQueueManager.java:<init>(84)) - Using callQueue: class java.util.concurrent.LinkedBlockingQueue, queueCapacity: 2000, scheduler: class org.apache.hadoop.ipc.DefaultRpcScheduler, ipcBackoff: false.
2019-10-16 20:58:32,648 [Socket Reader #1 for port 37677] INFO  ipc.Server (Server.java:run(1074)) - Starting Socket Reader #1 for port 37677
2019-10-16 20:58:32,680 [main] INFO  ipc.CallQueueManager (CallQueueManager.java:<init>(84)) - Using callQueue: class java.util.concurrent.LinkedBlockingQueue, queueCapacity: 2000, scheduler: class org.apache.hadoop.ipc.DefaultRpcScheduler, ipcBackoff: false.
2019-10-16 20:58:32,682 [Socket Reader #1 for port 32852] INFO  ipc.Server (Server.java:run(1074)) - Starting Socket Reader #1 for port 32852
2019-10-16 20:58:32,691 [main] INFO  ipc.CallQueueManager (CallQueueManager.java:<init>(84)) - Using callQueue: class java.util.concurrent.LinkedBlockingQueue, queueCapacity: 2000, scheduler: class org.apache.hadoop.ipc.DefaultRpcScheduler, ipcBackoff: false.
2019-10-16 20:58:32,692 [Socket Reader #1 for port 37656] INFO  ipc.Server (Server.java:run(1074)) - Starting Socket Reader #1 for port 37656
2019-10-16 20:58:32,716 [main] INFO  hdfs.DFSUtil (DFSUtil.java:httpServerTemplateForNNAndJN(1641)) - Starting Web-server for scm at: http://0.0.0.0:0
2019-10-16 20:58:32,886 [main] INFO  server.AuthenticationFilter (AuthenticationFilter.java:constructSecretProvider(240)) - Unable to initialize FileSignerSecretProvider, falling back to use random secrets.
2019-10-16 20:58:32,894 [main] WARN  http.HttpRequestLog (HttpRequestLog.java:getRequestLog(97)) - Jetty request log can only be enabled using Log4j
2019-10-16 20:58:32,901 [main] INFO  http.HttpServer2 (HttpServer2.java:addGlobalFilter(975)) - Added global filter 'safety' (class=org.apache.hadoop.http.HttpServer2$QuotingInputFilter)
2019-10-16 20:58:32,904 [main] INFO  http.HttpServer2 (HttpServer2.java:addFilter(948)) - Added filter static_user_filter (class=org.apache.hadoop.http.lib.StaticUserWebFilter$StaticUserFilter) to context scm
2019-10-16 20:58:32,904 [main] INFO  http.HttpServer2 (HttpServer2.java:addFilter(958)) - Added filter static_user_filter (class=org.apache.hadoop.http.lib.StaticUserWebFilter$StaticUserFilter) to context logs
2019-10-16 20:58:32,904 [main] INFO  http.HttpServer2 (HttpServer2.java:addFilter(958)) - Added filter static_user_filter (class=org.apache.hadoop.http.lib.StaticUserWebFilter$StaticUserFilter) to context static
2019-10-16 20:58:32,934 [main] INFO  server.StorageContainerManager (StorageContainerManager.java:start(772)) - StorageContainerLocationProtocol RPC server is listening at /0.0.0.0:37656
2019-10-16 20:58:33,004 [main] WARN  impl.MetricsConfig (MetricsConfig.java:loadFirst(134)) - Cannot locate configuration: tried hadoop-metrics2-storagecontainermanager.properties,hadoop-metrics2.properties
2019-10-16 20:58:33,018 [main] INFO  impl.MetricsSystemImpl (MetricsSystemImpl.java:startTimer(374)) - Scheduled Metric snapshot period at 10 second(s).
2019-10-16 20:58:33,018 [main] INFO  impl.MetricsSystemImpl (MetricsSystemImpl.java:start(191)) - StorageContainerManager metrics system started
2019-10-16 20:58:33,228 [main] INFO  server.SCMClientProtocolServer (SCMClientProtocolServer.java:start(159)) - RPC server for Client  is listening at /0.0.0.0:37656
2019-10-16 20:58:33,229 [IPC Server Responder] INFO  ipc.Server (Server.java:run(1314)) - IPC Server Responder: starting
2019-10-16 20:58:33,229 [IPC Server listener on 37656] INFO  ipc.Server (Server.java:run(1153)) - IPC Server listener on 37656: starting
2019-10-16 20:58:33,232 [main] INFO  server.StorageContainerManager (StorageContainerManager.java:start(782)) - ScmBlockLocationProtocol RPC server is listening at /0.0.0.0:32852
2019-10-16 20:58:33,232 [main] INFO  server.SCMBlockProtocolServer (SCMBlockProtocolServer.java:start(146)) - RPC server for Block Protocol is listening at /0.0.0.0:32852
2019-10-16 20:58:33,233 [IPC Server Responder] INFO  ipc.Server (Server.java:run(1314)) - IPC Server Responder: starting
2019-10-16 20:58:33,233 [IPC Server listener on 32852] INFO  ipc.Server (Server.java:run(1153)) - IPC Server listener on 32852: starting
2019-10-16 20:58:33,235 [main] INFO  server.StorageContainerManager (StorageContainerManager.java:start(786)) - ScmDatanodeProtocl RPC server is listening at /0.0.0.0:37677
2019-10-16 20:58:33,235 [main] INFO  server.SCMDatanodeProtocolServer (SCMDatanodeProtocolServer.java:start(169)) - RPC server for DataNodes is listening at /0.0.0.0:37677
2019-10-16 20:58:33,236 [IPC Server Responder] INFO  ipc.Server (Server.java:run(1314)) - IPC Server Responder: starting
2019-10-16 20:58:33,236 [IPC Server listener on 37677] INFO  ipc.Server (Server.java:run(1153)) - IPC Server listener on 37677: starting
2019-10-16 20:58:33,239 [main] INFO  http.HttpServer2 (HttpServer2.java:bindListener(1191)) - Jetty bound to port 46307
2019-10-16 20:58:33,241 [main] INFO  server.Server (Server.java:doStart(351)) - jetty-9.3.25.v20180904, build timestamp: 2018-09-04T21:11:46Z, git hash: 3ce520221d0240229c862b122d2b06c12a625732
2019-10-16 20:58:33,276 [main] INFO  handler.ContextHandler (ContextHandler.java:doStart(781)) - Started o.e.j.s.ServletContextHandler@42f8285e{/logs,file:///workdir/hadoop-ozone/integration-test/target/log,AVAILABLE}
2019-10-16 20:58:33,276 [main] INFO  handler.ContextHandler (ContextHandler.java:doStart(781)) - Started o.e.j.s.ServletContextHandler@3724af13{/static,file:///workdir/hadoop-ozone/integration-test/target/test-classes/webapps/static,AVAILABLE}
2019-10-16 20:58:33,307 [main] INFO  handler.ContextHandler (ContextHandler.java:doStart(781)) - Started o.e.j.w.WebAppContext@24a1c17f{/,file:///workdir/hadoop-ozone/integration-test/target/test-classes/webapps/scm/,AVAILABLE}{/scm}
2019-10-16 20:58:33,312 [main] INFO  server.AbstractConnector (AbstractConnector.java:doStart(278)) - Started ServerConnector@4d63b624{HTTP/1.1,[http/1.1]}{0.0.0.0:46307}
2019-10-16 20:58:33,312 [main] INFO  server.Server (Server.java:doStart(419)) - Started @2709ms
2019-10-16 20:58:33,314 [main] INFO  impl.MetricsSinkAdapter (MetricsSinkAdapter.java:start(204)) - Sink prometheus started
2019-10-16 20:58:33,315 [main] INFO  impl.MetricsSystemImpl (MetricsSystemImpl.java:registerSink(301)) - Registered sink prometheus
2019-10-16 20:58:33,316 [main] INFO  server.BaseHttpServer (BaseHttpServer.java:updateConnectorAddress(215)) - HTTP server of SCM is listening at http://0.0.0.0:46307
2019-10-16 20:58:33,322 [org.apache.hadoop.util.JvmPauseMonitor$Monitor@4b629f13] INFO  util.JvmPauseMonitor (JvmPauseMonitor.java:run(188)) - Starting JVM pause monitor
2019-10-16 20:58:33,327 [main] WARN  server.ServerUtils (ServerUtils.java:getDBPath(222)) - ozone.om.db.dirs is not configured. We recommend adding this setting. Falling back to ozone.metadata.dirs instead.
2019-10-16 20:58:33,435 [main] INFO  ha.OMHANodeDetails (OMHANodeDetails.java:loadOMHAConfig(190)) - Configuration either no ozone.om.address set. Falling back to the default OM address /127.0.0.1:0
2019-10-16 20:58:33,435 [main] INFO  ha.OMHANodeDetails (OMHANodeDetails.java:getOMNodeDetails(220)) - OM Service ID is not set. Setting it to the default ID: omServiceIdDefault
2019-10-16 20:58:33,437 [main] WARN  server.ServerUtils (ServerUtils.java:getDBPath(222)) - ozone.om.db.dirs is not configured. We recommend adding this setting. Falling back to ozone.metadata.dirs instead.
2019-10-16 20:58:33,438 [main] WARN  server.ServerUtils (ServerUtils.java:getDBPath(222)) - ozone.om.db.dirs is not configured. We recommend adding this setting. Falling back to ozone.metadata.dirs instead.
2019-10-16 20:58:34,031 [main] WARN  server.ServerUtils (ServerUtils.java:getDBPath(222)) - ozone.om.db.dirs is not configured. We recommend adding this setting. Falling back to ozone.metadata.dirs instead.
2019-10-16 20:58:34,038 [main] INFO  db.DBStoreBuilder (DBStoreBuilder.java:addTable(117)) - using custom profile for table: userTable
2019-10-16 20:58:34,038 [main] INFO  db.DBStoreBuilder (DBStoreBuilder.java:processTables(168)) - Using default column profile:DBProfile.DISK for Table:userTable
2019-10-16 20:58:34,039 [main] INFO  db.DBStoreBuilder (DBStoreBuilder.java:addTable(117)) - using custom profile for table: volumeTable
2019-10-16 20:58:34,039 [main] INFO  db.DBStoreBuilder (DBStoreBuilder.java:processTables(168)) - Using default column profile:DBProfile.DISK for Table:volumeTable
2019-10-16 20:58:34,039 [main] INFO  db.DBStoreBuilder (DBStoreBuilder.java:addTable(117)) - using custom profile for table: bucketTable
2019-10-16 20:58:34,039 [main] INFO  db.DBStoreBuilder (DBStoreBuilder.java:processTables(168)) - Using default column profile:DBProfile.DISK for Table:bucketTable
2019-10-16 20:58:34,039 [main] INFO  db.DBStoreBuilder (DBStoreBuilder.java:addTable(117)) - using custom profile for table: keyTable
2019-10-16 20:58:34,040 [main] INFO  db.DBStoreBuilder (DBStoreBuilder.java:processTables(168)) - Using default column profile:DBProfile.DISK for Table:keyTable
2019-10-16 20:58:34,040 [main] INFO  db.DBStoreBuilder (DBStoreBuilder.java:addTable(117)) - using custom profile for table: deletedTable
2019-10-16 20:58:34,040 [main] INFO  db.DBStoreBuilder (DBStoreBuilder.java:processTables(168)) - Using default column profile:DBProfile.DISK for Table:deletedTable
2019-10-16 20:58:34,040 [main] INFO  db.DBStoreBuilder (DBStoreBuilder.java:addTable(117)) - using custom profile for table: openKeyTable
2019-10-16 20:58:34,040 [main] INFO  db.DBStoreBuilder (DBStoreBuilder.java:processTables(168)) - Using default column profile:DBProfile.DISK for Table:openKeyTable
2019-10-16 20:58:34,041 [main] INFO  db.DBStoreBuilder (DBStoreBuilder.java:addTable(117)) - using custom profile for table: s3Table
2019-10-16 20:58:34,041 [main] INFO  db.DBStoreBuilder (DBStoreBuilder.java:processTables(168)) - Using default column profile:DBProfile.DISK for Table:s3Table
2019-10-16 20:58:34,041 [main] INFO  db.DBStoreBuilder (DBStoreBuilder.java:addTable(117)) - using custom profile for table: multipartInfoTable
2019-10-16 20:58:34,041 [main] INFO  db.DBStoreBuilder (DBStoreBuilder.java:processTables(168)) - Using default column profile:DBProfile.DISK for Table:multipartInfoTable
2019-10-16 20:58:34,042 [main] INFO  db.DBStoreBuilder (DBStoreBuilder.java:addTable(117)) - using custom profile for table: dTokenTable
2019-10-16 20:58:34,042 [main] INFO  db.DBStoreBuilder (DBStoreBuilder.java:processTables(168)) - Using default column profile:DBProfile.DISK for Table:dTokenTable
2019-10-16 20:58:34,042 [main] INFO  db.DBStoreBuilder (DBStoreBuilder.java:addTable(117)) - using custom profile for table: s3SecretTable
2019-10-16 20:58:34,042 [main] INFO  db.DBStoreBuilder (DBStoreBuilder.java:processTables(168)) - Using default column profile:DBProfile.DISK for Table:s3SecretTable
2019-10-16 20:58:34,042 [main] INFO  db.DBStoreBuilder (DBStoreBuilder.java:addTable(117)) - using custom profile for table: prefixTable
2019-10-16 20:58:34,043 [main] INFO  db.DBStoreBuilder (DBStoreBuilder.java:processTables(168)) - Using default column profile:DBProfile.DISK for Table:prefixTable
2019-10-16 20:58:34,043 [main] INFO  db.DBStoreBuilder (DBStoreBuilder.java:addTable(117)) - using custom profile for table: default
2019-10-16 20:58:34,043 [main] INFO  db.DBStoreBuilder (DBStoreBuilder.java:processTables(174)) - Using default column profile:DBProfile.DISK for Table:default
2019-10-16 20:58:34,043 [main] INFO  db.DBStoreBuilder (DBStoreBuilder.java:getDbProfile(205)) - Using default options. DBProfile.DISK
2019-10-16 20:58:34,562 [main] INFO  ipc.CallQueueManager (CallQueueManager.java:<init>(84)) - Using callQueue: class java.util.concurrent.LinkedBlockingQueue, queueCapacity: 2000, scheduler: class org.apache.hadoop.ipc.DefaultRpcScheduler, ipcBackoff: false.
2019-10-16 20:58:34,563 [Socket Reader #1 for port 35701] INFO  ipc.Server (Server.java:run(1074)) - Starting Socket Reader #1 for port 35701
2019-10-16 20:58:34,593 [main] INFO  om.OzoneManager (OzoneManager.java:start(1071)) - OzoneManager RPC server is listening at localhost/127.0.0.1:35701
2019-10-16 20:58:34,593 [main] INFO  impl.MetricsSystemImpl (MetricsSystemImpl.java:init(158)) - OzoneManager metrics system started (again)
2019-10-16 20:58:34,603 [IPC Server Responder] INFO  ipc.Server (Server.java:run(1314)) - IPC Server Responder: starting
2019-10-16 20:58:34,603 [IPC Server listener on 35701] INFO  ipc.Server (Server.java:run(1153)) - IPC Server listener on 35701: starting
2019-10-16 20:58:34,609 [main] INFO  hdfs.DFSUtil (DFSUtil.java:httpServerTemplateForNNAndJN(1641)) - Starting Web-server for ozoneManager at: http://0.0.0.0:0
2019-10-16 20:58:34,612 [main] INFO  server.AuthenticationFilter (AuthenticationFilter.java:constructSecretProvider(240)) - Unable to initialize FileSignerSecretProvider, falling back to use random secrets.
2019-10-16 20:58:34,613 [main] WARN  http.HttpRequestLog (HttpRequestLog.java:getRequestLog(97)) - Jetty request log can only be enabled using Log4j
2019-10-16 20:58:34,616 [main] INFO  http.HttpServer2 (HttpServer2.java:addGlobalFilter(975)) - Added global filter 'safety' (class=org.apache.hadoop.http.HttpServer2$QuotingInputFilter)
2019-10-16 20:58:34,618 [main] INFO  http.HttpServer2 (HttpServer2.java:addFilter(948)) - Added filter static_user_filter (class=org.apache.hadoop.http.lib.StaticUserWebFilter$StaticUserFilter) to context ozoneManager
2019-10-16 20:58:34,618 [main] INFO  http.HttpServer2 (HttpServer2.java:addFilter(958)) - Added filter static_user_filter (class=org.apache.hadoop.http.lib.StaticUserWebFilter$StaticUserFilter) to context static
2019-10-16 20:58:34,619 [main] INFO  http.HttpServer2 (HttpServer2.java:addFilter(958)) - Added filter static_user_filter (class=org.apache.hadoop.http.lib.StaticUserWebFilter$StaticUserFilter) to context logs
2019-10-16 20:58:34,622 [main] INFO  http.HttpServer2 (HttpServer2.java:bindListener(1191)) - Jetty bound to port 32950
2019-10-16 20:58:34,622 [main] INFO  server.Server (Server.java:doStart(351)) - jetty-9.3.25.v20180904, build timestamp: 2018-09-04T21:11:46Z, git hash: 3ce520221d0240229c862b122d2b06c12a625732
2019-10-16 20:58:34,625 [main] INFO  handler.ContextHandler (ContextHandler.java:doStart(781)) - Started o.e.j.s.ServletContextHandler@aa10649{/logs,file:///workdir/hadoop-ozone/integration-test/target/log,AVAILABLE}
2019-10-16 20:58:34,626 [main] INFO  handler.ContextHandler (ContextHandler.java:doStart(781)) - Started o.e.j.s.ServletContextHandler@37095ded{/static,file:///workdir/hadoop-ozone/integration-test/target/test-classes/webapps/static,AVAILABLE}
2019-10-16 20:58:34,634 [main] INFO  handler.ContextHandler (ContextHandler.java:doStart(781)) - Started o.e.j.w.WebAppContext@75b3673{/,file:///workdir/hadoop-ozone/integration-test/target/test-classes/webapps/ozoneManager/,AVAILABLE}{/ozoneManager}
2019-10-16 20:58:34,634 [main] INFO  server.AbstractConnector (AbstractConnector.java:doStart(278)) - Started ServerConnector@1bcb79c2{HTTP/1.1,[http/1.1]}{0.0.0.0:32950}
2019-10-16 20:58:34,635 [main] INFO  server.Server (Server.java:doStart(419)) - Started @4031ms
2019-10-16 20:58:34,635 [main] WARN  impl.MetricsSystemImpl (MetricsSystemImpl.java:register(276)) - Sink prometheus already exists!
2019-10-16 20:58:34,636 [main] INFO  server.BaseHttpServer (BaseHttpServer.java:updateConnectorAddress(215)) - HTTP server of OZONEMANAGER is listening at http://0.0.0.0:32950
2019-10-16 20:58:34,933 [main] INFO  impl.MetricsSystemImpl (MetricsSystemImpl.java:init(158)) - HddsDatanode metrics system started (again)
2019-10-16 20:58:34,976 [main] INFO  ozone.HddsDatanodeService (HddsDatanodeService.java:start(184)) - HddsDatanodeService host:pr-hdds-1868-qdb9g-714931517 ip:192.168.157.254
2019-10-16 20:58:35,006 [main] INFO  volume.HddsVolume (HddsVolume.java:<init>(176)) - Creating Volume: /workdir/hadoop-ozone/integration-test/target/test-dir/MiniOzoneClusterImpl-612a4b9b-c8fe-4576-9448-f0de33cec420/datanode-0/data/containers/hdds of  storage type : DISK and capacity : 1482555576320
2019-10-16 20:58:35,007 [main] INFO  volume.VolumeSet (VolumeSet.java:initializeVolumeSet(170)) - Added Volume : /workdir/hadoop-ozone/integration-test/target/test-dir/MiniOzoneClusterImpl-612a4b9b-c8fe-4576-9448-f0de33cec420/datanode-0/data/containers/hdds to VolumeSet
2019-10-16 20:58:35,010 [main] INFO  volume.ThrottledAsyncChecker (ThrottledAsyncChecker.java:schedule(141)) - Scheduling a check for /workdir/hadoop-ozone/integration-test/target/test-dir/MiniOzoneClusterImpl-612a4b9b-c8fe-4576-9448-f0de33cec420/datanode-0/data/containers/hdds
2019-10-16 20:58:35,025 [main] INFO  volume.HddsVolumeChecker (HddsVolumeChecker.java:checkAllVolumes(204)) - Scheduled health check for volume /workdir/hadoop-ozone/integration-test/target/test-dir/MiniOzoneClusterImpl-612a4b9b-c8fe-4576-9448-f0de33cec420/datanode-0/data/containers/hdds
2019-10-16 20:58:35,135 [main] INFO  impl.RaftServerProxy (ConfUtils.java:logGet(43)) - raft.rpc.type = GRPC (default)
2019-10-16 20:58:35,197 [main] INFO  grpc.GrpcFactory (GrpcFactory.java:checkPooledByteBufAllocatorUseCacheForAllThreads(45)) - PERFORMANCE WARNING: useCacheForAllThreads is true that may cause Netty to create a lot garbage objects and, as a result, trigger GC.
	It is recommended to disable useCacheForAllThreads by setting -Dorg.apache.ratis.thirdparty.io.netty.allocator.useCacheForAllThreads=false in command line.
2019-10-16 20:58:35,202 [main] INFO  grpc.GrpcConfigKeys$Server (ConfUtils.java:logGet(43)) - raft.grpc.server.port = 0 (default)
2019-10-16 20:58:35,203 [main] INFO  server.GrpcService (ConfUtils.java:logGet(43)) - raft.grpc.message.size.max = 33570816 (custom)
2019-10-16 20:58:35,204 [main] INFO  server.RaftServerConfigKeys (ConfUtils.java:logGet(43)) - raft.server.log.appender.buffer.byte-limit = 33554432 (custom)
2019-10-16 20:58:35,205 [main] INFO  server.GrpcService (ConfUtils.java:logGet(43)) - raft.grpc.flow.control.window = 1MB (=1048576) (default)
2019-10-16 20:58:35,206 [main] INFO  server.RaftServerConfigKeys (ConfUtils.java:logGet(43)) - raft.server.rpc.request.timeout = 3000ms (default)
2019-10-16 20:58:35,355 [main] INFO  server.RaftServerConfigKeys (ConfUtils.java:logGet(43)) - raft.server.storage.dir = [/workdir/hadoop-ozone/integration-test/target/test-dir/MiniOzoneClusterImpl-612a4b9b-c8fe-4576-9448-f0de33cec420/datanode-0/data/ratis] (custom)
2019-10-16 20:58:35,403 [main] INFO  hdfs.DFSUtil (DFSUtil.java:httpServerTemplateForNNAndJN(1641)) - Starting Web-server for hddsDatanode at: http://0.0.0.0:0
2019-10-16 20:58:35,404 [main] INFO  server.AuthenticationFilter (AuthenticationFilter.java:constructSecretProvider(240)) - Unable to initialize FileSignerSecretProvider, falling back to use random secrets.
2019-10-16 20:58:35,405 [main] WARN  http.HttpRequestLog (HttpRequestLog.java:getRequestLog(97)) - Jetty request log can only be enabled using Log4j
2019-10-16 20:58:35,407 [main] INFO  http.HttpServer2 (HttpServer2.java:addGlobalFilter(975)) - Added global filter 'safety' (class=org.apache.hadoop.http.HttpServer2$QuotingInputFilter)
2019-10-16 20:58:35,407 [main] INFO  http.HttpServer2 (HttpServer2.java:addFilter(948)) - Added filter static_user_filter (class=org.apache.hadoop.http.lib.StaticUserWebFilter$StaticUserFilter) to context hddsDatanode
2019-10-16 20:58:35,407 [main] INFO  http.HttpServer2 (HttpServer2.java:addFilter(958)) - Added filter static_user_filter (class=org.apache.hadoop.http.lib.StaticUserWebFilter$StaticUserFilter) to context logs
2019-10-16 20:58:35,408 [main] INFO  http.HttpServer2 (HttpServer2.java:addFilter(958)) - Added filter static_user_filter (class=org.apache.hadoop.http.lib.StaticUserWebFilter$StaticUserFilter) to context static
2019-10-16 20:58:35,409 [main] INFO  http.HttpServer2 (HttpServer2.java:bindListener(1191)) - Jetty bound to port 46580
2019-10-16 20:58:35,409 [main] INFO  server.Server (Server.java:doStart(351)) - jetty-9.3.25.v20180904, build timestamp: 2018-09-04T21:11:46Z, git hash: 3ce520221d0240229c862b122d2b06c12a625732
2019-10-16 20:58:35,411 [main] INFO  handler.ContextHandler (ContextHandler.java:doStart(781)) - Started o.e.j.s.ServletContextHandler@60cf62ad{/logs,file:///workdir/hadoop-ozone/integration-test/target/log,AVAILABLE}
2019-10-16 20:58:35,412 [main] INFO  handler.ContextHandler (ContextHandler.java:doStart(781)) - Started o.e.j.s.ServletContextHandler@1ac4ccad{/static,jar:file:/home/user/.m2/repository/org/apache/hadoop/hadoop-hdds-container-service/0.5.0-SNAPSHOT/hadoop-hdds-container-service-0.5.0-SNAPSHOT.jar!/webapps/static,AVAILABLE}
2019-10-16 20:58:35,446 [main] INFO  handler.ContextHandler (ContextHandler.java:doStart(781)) - Started o.e.j.w.WebAppContext@de8039f{/,file:///tmp/jetty-0.0.0.0-46580-hddsDatanode-_-any-5628932562212480333.dir/webapp/,AVAILABLE}{/hddsDatanode}
2019-10-16 20:58:35,446 [main] INFO  server.AbstractConnector (AbstractConnector.java:doStart(278)) - Started ServerConnector@1deceb67{HTTP/1.1,[http/1.1]}{0.0.0.0:46580}
2019-10-16 20:58:35,447 [main] INFO  server.Server (Server.java:doStart(419)) - Started @4844ms
2019-10-16 20:58:35,447 [main] WARN  impl.MetricsSystemImpl (MetricsSystemImpl.java:register(276)) - Sink prometheus already exists!
2019-10-16 20:58:35,449 [main] INFO  server.BaseHttpServer (BaseHttpServer.java:updateConnectorAddress(215)) - HTTP server of HDDSDATANODE is listening at http://0.0.0.0:46580
2019-10-16 20:58:35,450 [main] INFO  impl.MetricsSystemImpl (MetricsSystemImpl.java:init(158)) - HddsDatanode metrics system started (again)
2019-10-16 20:58:35,452 [main] INFO  ozone.HddsDatanodeService (HddsDatanodeService.java:start(184)) - HddsDatanodeService host:pr-hdds-1868-qdb9g-714931517 ip:192.168.157.254
2019-10-16 20:58:35,455 [org.apache.hadoop.util.JvmPauseMonitor$Monitor@1440d0f3] INFO  util.JvmPauseMonitor (JvmPauseMonitor.java:run(188)) - Starting JVM pause monitor
2019-10-16 20:58:35,460 [main] INFO  volume.HddsVolume (HddsVolume.java:<init>(176)) - Creating Volume: /workdir/hadoop-ozone/integration-test/target/test-dir/MiniOzoneClusterImpl-612a4b9b-c8fe-4576-9448-f0de33cec420/datanode-1/data/containers/hdds of  storage type : DISK and capacity : 1482555576320
2019-10-16 20:58:35,460 [main] INFO  volume.VolumeSet (VolumeSet.java:initializeVolumeSet(170)) - Added Volume : /workdir/hadoop-ozone/integration-test/target/test-dir/MiniOzoneClusterImpl-612a4b9b-c8fe-4576-9448-f0de33cec420/datanode-1/data/containers/hdds to VolumeSet
2019-10-16 20:58:35,461 [main] INFO  volume.ThrottledAsyncChecker (ThrottledAsyncChecker.java:schedule(141)) - Scheduling a check for /workdir/hadoop-ozone/integration-test/target/test-dir/MiniOzoneClusterImpl-612a4b9b-c8fe-4576-9448-f0de33cec420/datanode-1/data/containers/hdds
2019-10-16 20:58:35,462 [main] INFO  volume.HddsVolumeChecker (HddsVolumeChecker.java:checkAllVolumes(204)) - Scheduled health check for volume /workdir/hadoop-ozone/integration-test/target/test-dir/MiniOzoneClusterImpl-612a4b9b-c8fe-4576-9448-f0de33cec420/datanode-1/data/containers/hdds
2019-10-16 20:58:35,484 [main] INFO  impl.RaftServerProxy (ConfUtils.java:logGet(43)) - raft.rpc.type = GRPC (default)
2019-10-16 20:58:35,484 [main] INFO  grpc.GrpcFactory (GrpcFactory.java:checkPooledByteBufAllocatorUseCacheForAllThreads(45)) - PERFORMANCE WARNING: useCacheForAllThreads is true that may cause Netty to create a lot garbage objects and, as a result, trigger GC.
	It is recommended to disable useCacheForAllThreads by setting -Dorg.apache.ratis.thirdparty.io.netty.allocator.useCacheForAllThreads=false in command line.
2019-10-16 20:58:35,485 [main] INFO  grpc.GrpcConfigKeys$Server (ConfUtils.java:logGet(43)) - raft.grpc.server.port = 0 (default)
2019-10-16 20:58:35,485 [main] INFO  server.GrpcService (ConfUtils.java:logGet(43)) - raft.grpc.message.size.max = 33570816 (custom)
2019-10-16 20:58:35,485 [main] INFO  server.RaftServerConfigKeys (ConfUtils.java:logGet(43)) - raft.server.log.appender.buffer.byte-limit = 33554432 (custom)
2019-10-16 20:58:35,486 [main] INFO  server.GrpcService (ConfUtils.java:logGet(43)) - raft.grpc.flow.control.window = 1MB (=1048576) (default)
2019-10-16 20:58:35,486 [main] INFO  server.RaftServerConfigKeys (ConfUtils.java:logGet(43)) - raft.server.rpc.request.timeout = 3000ms (default)
2019-10-16 20:58:35,487 [main] INFO  server.RaftServerConfigKeys (ConfUtils.java:logGet(43)) - raft.server.storage.dir = [/workdir/hadoop-ozone/integration-test/target/test-dir/MiniOzoneClusterImpl-612a4b9b-c8fe-4576-9448-f0de33cec420/datanode-1/data/ratis] (custom)
2019-10-16 20:58:35,489 [main] INFO  hdfs.DFSUtil (DFSUtil.java:httpServerTemplateForNNAndJN(1641)) - Starting Web-server for hddsDatanode at: http://0.0.0.0:0
2019-10-16 20:58:35,491 [main] INFO  server.AuthenticationFilter (AuthenticationFilter.java:constructSecretProvider(240)) - Unable to initialize FileSignerSecretProvider, falling back to use random secrets.
2019-10-16 20:58:35,492 [main] WARN  http.HttpRequestLog (HttpRequestLog.java:getRequestLog(97)) - Jetty request log can only be enabled using Log4j
2019-10-16 20:58:35,495 [main] INFO  http.HttpServer2 (HttpServer2.java:addGlobalFilter(975)) - Added global filter 'safety' (class=org.apache.hadoop.http.HttpServer2$QuotingInputFilter)
2019-10-16 20:58:35,496 [main] INFO  http.HttpServer2 (HttpServer2.java:addFilter(948)) - Added filter static_user_filter (class=org.apache.hadoop.http.lib.StaticUserWebFilter$StaticUserFilter) to context hddsDatanode
2019-10-16 20:58:35,496 [main] INFO  http.HttpServer2 (HttpServer2.java:addFilter(958)) - Added filter static_user_filter (class=org.apache.hadoop.http.lib.StaticUserWebFilter$StaticUserFilter) to context logs
2019-10-16 20:58:35,497 [main] INFO  http.HttpServer2 (HttpServer2.java:addFilter(958)) - Added filter static_user_filter (class=org.apache.hadoop.http.lib.StaticUserWebFilter$StaticUserFilter) to context static
2019-10-16 20:58:35,498 [main] INFO  http.HttpServer2 (HttpServer2.java:bindListener(1191)) - Jetty bound to port 37571
2019-10-16 20:58:35,498 [main] INFO  server.Server (Server.java:doStart(351)) - jetty-9.3.25.v20180904, build timestamp: 2018-09-04T21:11:46Z, git hash: 3ce520221d0240229c862b122d2b06c12a625732
2019-10-16 20:58:35,501 [main] INFO  handler.ContextHandler (ContextHandler.java:doStart(781)) - Started o.e.j.s.ServletContextHandler@1907874b{/logs,file:///workdir/hadoop-ozone/integration-test/target/log,AVAILABLE}
2019-10-16 20:58:35,502 [main] INFO  handler.ContextHandler (ContextHandler.java:doStart(781)) - Started o.e.j.s.ServletContextHandler@5b3a7ef5{/static,jar:file:/home/user/.m2/repository/org/apache/hadoop/hadoop-hdds-container-service/0.5.0-SNAPSHOT/hadoop-hdds-container-service-0.5.0-SNAPSHOT.jar!/webapps/static,AVAILABLE}
2019-10-16 20:58:35,549 [main] INFO  handler.ContextHandler (ContextHandler.java:doStart(781)) - Started o.e.j.w.WebAppContext@660f0c{/,file:///tmp/jetty-0.0.0.0-37571-hddsDatanode-_-any-2628850534239241934.dir/webapp/,AVAILABLE}{/hddsDatanode}
2019-10-16 20:58:35,550 [main] INFO  server.AbstractConnector (AbstractConnector.java:doStart(278)) - Started ServerConnector@7a0ef219{HTTP/1.1,[http/1.1]}{0.0.0.0:37571}
2019-10-16 20:58:35,551 [main] INFO  server.Server (Server.java:doStart(419)) - Started @4947ms
2019-10-16 20:58:35,551 [main] WARN  impl.MetricsSystemImpl (MetricsSystemImpl.java:register(276)) - Sink prometheus already exists!
2019-10-16 20:58:35,553 [main] INFO  server.BaseHttpServer (BaseHttpServer.java:updateConnectorAddress(215)) - HTTP server of HDDSDATANODE is listening at http://0.0.0.0:37571
2019-10-16 20:58:35,553 [main] INFO  impl.MetricsSystemImpl (MetricsSystemImpl.java:init(158)) - HddsDatanode metrics system started (again)
2019-10-16 20:58:35,556 [main] INFO  ozone.HddsDatanodeService (HddsDatanodeService.java:start(184)) - HddsDatanodeService host:pr-hdds-1868-qdb9g-714931517 ip:192.168.157.254
2019-10-16 20:58:35,556 [org.apache.hadoop.util.JvmPauseMonitor$Monitor@2ba1b810] INFO  util.JvmPauseMonitor (JvmPauseMonitor.java:run(188)) - Starting JVM pause monitor
2019-10-16 20:58:35,565 [main] INFO  volume.HddsVolume (HddsVolume.java:<init>(176)) - Creating Volume: /workdir/hadoop-ozone/integration-test/target/test-dir/MiniOzoneClusterImpl-612a4b9b-c8fe-4576-9448-f0de33cec420/datanode-2/data/containers/hdds of  storage type : DISK and capacity : 1482555576320
2019-10-16 20:58:35,566 [main] INFO  volume.VolumeSet (VolumeSet.java:initializeVolumeSet(170)) - Added Volume : /workdir/hadoop-ozone/integration-test/target/test-dir/MiniOzoneClusterImpl-612a4b9b-c8fe-4576-9448-f0de33cec420/datanode-2/data/containers/hdds to VolumeSet
2019-10-16 20:58:35,566 [main] INFO  volume.ThrottledAsyncChecker (ThrottledAsyncChecker.java:schedule(141)) - Scheduling a check for /workdir/hadoop-ozone/integration-test/target/test-dir/MiniOzoneClusterImpl-612a4b9b-c8fe-4576-9448-f0de33cec420/datanode-2/data/containers/hdds
2019-10-16 20:58:35,567 [main] INFO  volume.HddsVolumeChecker (HddsVolumeChecker.java:checkAllVolumes(204)) - Scheduled health check for volume /workdir/hadoop-ozone/integration-test/target/test-dir/MiniOzoneClusterImpl-612a4b9b-c8fe-4576-9448-f0de33cec420/datanode-2/data/containers/hdds
2019-10-16 20:58:35,572 [Datanode State Machine Thread - 0] INFO  datanode.InitDatanodeState (InitDatanodeState.java:persistContainerDatanodeDetails(140)) - DatanodeDetails is persisted to /workdir/hadoop-ozone/integration-test/target/test-dir/MiniOzoneClusterImpl-612a4b9b-c8fe-4576-9448-f0de33cec420/datanode-0/meta/datanode.id
2019-10-16 20:58:35,576 [Datanode State Machine Thread - 0] INFO  datanode.InitDatanodeState (InitDatanodeState.java:persistContainerDatanodeDetails(140)) - DatanodeDetails is persisted to /workdir/hadoop-ozone/integration-test/target/test-dir/MiniOzoneClusterImpl-612a4b9b-c8fe-4576-9448-f0de33cec420/datanode-1/meta/datanode.id
2019-10-16 20:58:35,590 [main] INFO  impl.RaftServerProxy (ConfUtils.java:logGet(43)) - raft.rpc.type = GRPC (default)
2019-10-16 20:58:35,590 [main] INFO  grpc.GrpcFactory (GrpcFactory.java:checkPooledByteBufAllocatorUseCacheForAllThreads(45)) - PERFORMANCE WARNING: useCacheForAllThreads is true that may cause Netty to create a lot garbage objects and, as a result, trigger GC.
	It is recommended to disable useCacheForAllThreads by setting -Dorg.apache.ratis.thirdparty.io.netty.allocator.useCacheForAllThreads=false in command line.
2019-10-16 20:58:35,590 [main] INFO  grpc.GrpcConfigKeys$Server (ConfUtils.java:logGet(43)) - raft.grpc.server.port = 0 (default)
2019-10-16 20:58:35,591 [main] INFO  server.GrpcService (ConfUtils.java:logGet(43)) - raft.grpc.message.size.max = 33570816 (custom)
2019-10-16 20:58:35,591 [main] INFO  server.RaftServerConfigKeys (ConfUtils.java:logGet(43)) - raft.server.log.appender.buffer.byte-limit = 33554432 (custom)
2019-10-16 20:58:35,591 [main] INFO  server.GrpcService (ConfUtils.java:logGet(43)) - raft.grpc.flow.control.window = 1MB (=1048576) (default)
2019-10-16 20:58:35,591 [main] INFO  server.RaftServerConfigKeys (ConfUtils.java:logGet(43)) - raft.server.rpc.request.timeout = 3000ms (default)
2019-10-16 20:58:35,592 [main] INFO  server.RaftServerConfigKeys (ConfUtils.java:logGet(43)) - raft.server.storage.dir = [/workdir/hadoop-ozone/integration-test/target/test-dir/MiniOzoneClusterImpl-612a4b9b-c8fe-4576-9448-f0de33cec420/datanode-2/data/ratis] (custom)
2019-10-16 20:58:35,595 [main] INFO  hdfs.DFSUtil (DFSUtil.java:httpServerTemplateForNNAndJN(1641)) - Starting Web-server for hddsDatanode at: http://0.0.0.0:0
2019-10-16 20:58:35,597 [main] INFO  server.AuthenticationFilter (AuthenticationFilter.java:constructSecretProvider(240)) - Unable to initialize FileSignerSecretProvider, falling back to use random secrets.
2019-10-16 20:58:35,598 [main] WARN  http.HttpRequestLog (HttpRequestLog.java:getRequestLog(97)) - Jetty request log can only be enabled using Log4j
2019-10-16 20:58:35,601 [main] INFO  http.HttpServer2 (HttpServer2.java:addGlobalFilter(975)) - Added global filter 'safety' (class=org.apache.hadoop.http.HttpServer2$QuotingInputFilter)
2019-10-16 20:58:35,602 [main] INFO  http.HttpServer2 (HttpServer2.java:addFilter(948)) - Added filter static_user_filter (class=org.apache.hadoop.http.lib.StaticUserWebFilter$StaticUserFilter) to context hddsDatanode
2019-10-16 20:58:35,602 [main] INFO  http.HttpServer2 (HttpServer2.java:addFilter(958)) - Added filter static_user_filter (class=org.apache.hadoop.http.lib.StaticUserWebFilter$StaticUserFilter) to context logs
2019-10-16 20:58:35,603 [main] INFO  http.HttpServer2 (HttpServer2.java:addFilter(958)) - Added filter static_user_filter (class=org.apache.hadoop.http.lib.StaticUserWebFilter$StaticUserFilter) to context static
2019-10-16 20:58:35,604 [main] INFO  http.HttpServer2 (HttpServer2.java:bindListener(1191)) - Jetty bound to port 39561
2019-10-16 20:58:35,604 [main] INFO  server.Server (Server.java:doStart(351)) - jetty-9.3.25.v20180904, build timestamp: 2018-09-04T21:11:46Z, git hash: 3ce520221d0240229c862b122d2b06c12a625732
2019-10-16 20:58:35,608 [main] INFO  handler.ContextHandler (ContextHandler.java:doStart(781)) - Started o.e.j.s.ServletContextHandler@6069dd38{/logs,file:///workdir/hadoop-ozone/integration-test/target/log,AVAILABLE}
2019-10-16 20:58:35,609 [main] INFO  handler.ContextHandler (ContextHandler.java:doStart(781)) - Started o.e.j.s.ServletContextHandler@558756be{/static,jar:file:/home/user/.m2/repository/org/apache/hadoop/hadoop-hdds-container-service/0.5.0-SNAPSHOT/hadoop-hdds-container-service-0.5.0-SNAPSHOT.jar!/webapps/static,AVAILABLE}
2019-10-16 20:58:35,655 [main] INFO  handler.ContextHandler (ContextHandler.java:doStart(781)) - Started o.e.j.w.WebAppContext@54e3658c{/,file:///tmp/jetty-0.0.0.0-39561-hddsDatanode-_-any-9139696499215235196.dir/webapp/,AVAILABLE}{/hddsDatanode}
2019-10-16 20:58:35,657 [main] INFO  server.AbstractConnector (AbstractConnector.java:doStart(278)) - Started ServerConnector@43e9089{HTTP/1.1,[http/1.1]}{0.0.0.0:39561}
2019-10-16 20:58:35,659 [main] INFO  server.Server (Server.java:doStart(419)) - Started @5055ms
2019-10-16 20:58:35,659 [main] WARN  impl.MetricsSystemImpl (MetricsSystemImpl.java:register(276)) - Sink prometheus already exists!
2019-10-16 20:58:35,660 [main] INFO  server.BaseHttpServer (BaseHttpServer.java:updateConnectorAddress(215)) - HTTP server of HDDSDATANODE is listening at http://0.0.0.0:39561
2019-10-16 20:58:35,662 [main] INFO  ozone.MiniOzoneClusterImpl (MiniOzoneClusterImpl.java:lambda$waitForClusterToBeReady$2(172)) - Waiting for cluster to be ready. Got 0 of 3 DN Heartbeats.
2019-10-16 20:58:35,663 [org.apache.hadoop.util.JvmPauseMonitor$Monitor@a4cbff4] INFO  util.JvmPauseMonitor (JvmPauseMonitor.java:run(188)) - Starting JVM pause monitor
2019-10-16 20:58:35,666 [Datanode State Machine Thread - 0] INFO  datanode.InitDatanodeState (InitDatanodeState.java:persistContainerDatanodeDetails(140)) - DatanodeDetails is persisted to /workdir/hadoop-ozone/integration-test/target/test-dir/MiniOzoneClusterImpl-612a4b9b-c8fe-4576-9448-f0de33cec420/datanode-2/meta/datanode.id
2019-10-16 20:58:36,662 [main] INFO  ozone.MiniOzoneClusterImpl (MiniOzoneClusterImpl.java:lambda$waitForClusterToBeReady$2(172)) - Waiting for cluster to be ready. Got 0 of 3 DN Heartbeats.
2019-10-16 20:58:37,526 [Datanode State Machine Thread - 0] INFO  ozoneimpl.OzoneContainer (OzoneContainer.java:start(213)) - Attempting to start container services.
2019-10-16 20:58:37,529 [Datanode State Machine Thread - 0] INFO  ozoneimpl.OzoneContainer (OzoneContainer.java:startContainerScrub(177)) - Background container scanner has been disabled.
2019-10-16 20:58:37,529 [Datanode State Machine Thread - 0] INFO  ratis.XceiverServerRatis (XceiverServerRatis.java:start(425)) - Starting XceiverServerRatis 7d5bd66d-ed89-401c-bf86-050641c359fd at port 0
2019-10-16 20:58:37,548 [Datanode State Machine Thread - 0] INFO  impl.RaftServerProxy (RaftServerProxy.java:lambda$start$3(299)) - 7d5bd66d-ed89-401c-bf86-050641c359fd: start RPC server
2019-10-16 20:58:37,575 [Datanode State Machine Thread - 0] INFO  ozoneimpl.OzoneContainer (OzoneContainer.java:start(213)) - Attempting to start container services.
2019-10-16 20:58:37,580 [Datanode State Machine Thread - 0] INFO  ozoneimpl.OzoneContainer (OzoneContainer.java:startContainerScrub(177)) - Background container scanner has been disabled.
2019-10-16 20:58:37,580 [Datanode State Machine Thread - 0] INFO  ratis.XceiverServerRatis (XceiverServerRatis.java:start(425)) - Starting XceiverServerRatis e2e26bef-7a80-470b-89dc-752ae9b76223 at port 0
2019-10-16 20:58:37,589 [Datanode State Machine Thread - 0] INFO  impl.RaftServerProxy (RaftServerProxy.java:lambda$start$3(299)) - e2e26bef-7a80-470b-89dc-752ae9b76223: start RPC server
2019-10-16 20:58:37,663 [main] INFO  ozone.MiniOzoneClusterImpl (MiniOzoneClusterImpl.java:lambda$waitForClusterToBeReady$2(172)) - Waiting for cluster to be ready. Got 0 of 3 DN Heartbeats.
2019-10-16 20:58:37,677 [Datanode State Machine Thread - 0] INFO  server.GrpcService (GrpcService.java:startImpl(158)) - 7d5bd66d-ed89-401c-bf86-050641c359fd: GrpcService started, listening on 0.0.0.0/0.0.0.0:45704
2019-10-16 20:58:37,677 [Datanode State Machine Thread - 0] INFO  server.GrpcService (GrpcService.java:startImpl(158)) - e2e26bef-7a80-470b-89dc-752ae9b76223: GrpcService started, listening on 0.0.0.0/0.0.0.0:36344
2019-10-16 20:58:37,677 [Datanode State Machine Thread - 0] INFO  ratis.XceiverServerRatis (XceiverServerRatis.java:start(435)) - XceiverServerRatis 7d5bd66d-ed89-401c-bf86-050641c359fd is started using port 45704
2019-10-16 20:58:37,678 [Datanode State Machine Thread - 0] INFO  ratis.XceiverServerRatis (XceiverServerRatis.java:start(435)) - XceiverServerRatis e2e26bef-7a80-470b-89dc-752ae9b76223 is started using port 36344
2019-10-16 20:58:37,680 [Datanode State Machine Thread - 0] INFO  ozoneimpl.OzoneContainer (OzoneContainer.java:start(213)) - Attempting to start container services.
2019-10-16 20:58:37,681 [Datanode State Machine Thread - 0] INFO  ozoneimpl.OzoneContainer (OzoneContainer.java:startContainerScrub(177)) - Background container scanner has been disabled.
2019-10-16 20:58:37,682 [Datanode State Machine Thread - 0] INFO  ratis.XceiverServerRatis (XceiverServerRatis.java:start(425)) - Starting XceiverServerRatis 7e02033f-e7de-4006-80be-ffeab2e3922a at port 0
2019-10-16 20:58:37,682 [Datanode State Machine Thread - 0] INFO  server.XceiverServerGrpc (XceiverServerGrpc.java:start(149)) - XceiverServerGrpc 7d5bd66d-ed89-401c-bf86-050641c359fd is started using port 33840
2019-10-16 20:58:37,682 [Datanode State Machine Thread - 0] INFO  server.XceiverServerGrpc (XceiverServerGrpc.java:start(149)) - XceiverServerGrpc e2e26bef-7a80-470b-89dc-752ae9b76223 is started using port 35608
2019-10-16 20:58:37,692 [Datanode State Machine Thread - 0] INFO  impl.RaftServerProxy (RaftServerProxy.java:lambda$start$3(299)) - 7e02033f-e7de-4006-80be-ffeab2e3922a: start RPC server
2019-10-16 20:58:37,694 [Datanode State Machine Thread - 0] INFO  server.GrpcService (GrpcService.java:startImpl(158)) - 7e02033f-e7de-4006-80be-ffeab2e3922a: GrpcService started, listening on 0.0.0.0/0.0.0.0:33430
2019-10-16 20:58:37,694 [Datanode State Machine Thread - 0] INFO  ratis.XceiverServerRatis (XceiverServerRatis.java:start(435)) - XceiverServerRatis 7e02033f-e7de-4006-80be-ffeab2e3922a is started using port 33430
2019-10-16 20:58:37,696 [Datanode State Machine Thread - 0] INFO  server.XceiverServerGrpc (XceiverServerGrpc.java:start(149)) - XceiverServerGrpc 7e02033f-e7de-4006-80be-ffeab2e3922a is started using port 46251
2019-10-16 20:58:38,663 [main] INFO  ozone.MiniOzoneClusterImpl (MiniOzoneClusterImpl.java:lambda$waitForClusterToBeReady$2(172)) - Waiting for cluster to be ready. Got 0 of 3 DN Heartbeats.
2019-10-16 20:58:39,489 [IPC Server handler 0 on 37677] INFO  net.NetworkTopology (NetworkTopologyImpl.java:add(111)) - Added a new node: /default-rack/7d5bd66d-ed89-401c-bf86-050641c359fd
2019-10-16 20:58:39,489 [IPC Server handler 0 on 37677] INFO  node.SCMNodeManager (SCMNodeManager.java:register(268)) - Registered Data node : 7d5bd66d-ed89-401c-bf86-050641c359fd{ip: 192.168.157.254, host: pr-hdds-1868-qdb9g-714931517, networkLocation: /default-rack, certSerialId: null}
2019-10-16 20:58:39,493 [EventQueue-NodeRegistrationContainerReportForDataNodeSafeModeRule] INFO  safemode.SCMSafeModeManager (DataNodeSafeModeRule.java:process(71)) - SCM in safe mode. 1 DataNodes registered, 1 required.
2019-10-16 20:58:39,493 [EventQueue-NodeRegistrationContainerReportForDataNodeSafeModeRule] INFO  safemode.SCMSafeModeManager (SCMSafeModeManager.java:validateSafeModeExitRules(177)) - ScmSafeModeManager, all rules are successfully validated
2019-10-16 20:58:39,493 [EventQueue-NodeRegistrationContainerReportForDataNodeSafeModeRule] INFO  safemode.SCMSafeModeManager (SCMSafeModeManager.java:exitSafeMode(193)) - SCM exiting safe mode.
2019-10-16 20:58:39,559 [IPC Server handler 1 on 37677] INFO  net.NetworkTopology (NetworkTopologyImpl.java:add(111)) - Added a new node: /default-rack/e2e26bef-7a80-470b-89dc-752ae9b76223
2019-10-16 20:58:39,560 [IPC Server handler 1 on 37677] INFO  node.SCMNodeManager (SCMNodeManager.java:register(268)) - Registered Data node : e2e26bef-7a80-470b-89dc-752ae9b76223{ip: 192.168.157.254, host: pr-hdds-1868-qdb9g-714931517, networkLocation: /default-rack, certSerialId: null}
2019-10-16 20:58:39,666 [IPC Server handler 4 on 37677] INFO  net.NetworkTopology (NetworkTopologyImpl.java:add(111)) - Added a new node: /default-rack/7e02033f-e7de-4006-80be-ffeab2e3922a
2019-10-16 20:58:39,666 [IPC Server handler 4 on 37677] INFO  node.SCMNodeManager (SCMNodeManager.java:register(268)) - Registered Data node : 7e02033f-e7de-4006-80be-ffeab2e3922a{ip: 192.168.157.254, host: pr-hdds-1868-qdb9g-714931517, networkLocation: /default-rack, certSerialId: null}
2019-10-16 20:58:39,964 [grpc-default-executor-0] INFO  impl.RaftServerProxy (RaftServerProxy.java:addNew(89)) - 7d5bd66d-ed89-401c-bf86-050641c359fd: addNew group-A2B88CD479B1:[7d5bd66d-ed89-401c-bf86-050641c359fd:192.168.157.254:45704] returns group-A2B88CD479B1:java.util.concurrent.CompletableFuture@21271119[Not completed]
2019-10-16 20:58:39,978 [pool-27-thread-1] INFO  impl.RaftServerImpl (RaftServerImpl.java:<init>(104)) - 7d5bd66d-ed89-401c-bf86-050641c359fd: new RaftServerImpl for group-A2B88CD479B1:[7d5bd66d-ed89-401c-bf86-050641c359fd:192.168.157.254:45704] with ContainerStateMachine:uninitialized
2019-10-16 20:58:39,980 [pool-27-thread-1] INFO  server.RaftServerConfigKeys (ConfUtils.java:logGet(43)) - raft.server.rpc.timeout.min = 5s (custom)
2019-10-16 20:58:39,981 [pool-27-thread-1] INFO  server.RaftServerConfigKeys (ConfUtils.java:logGet(43)) - raft.server.rpc.timeout.max = 5200ms (custom)
2019-10-16 20:58:39,981 [pool-27-thread-1] INFO  server.RaftServerConfigKeys (ConfUtils.java:logGet(43)) - raft.server.rpcslowness.timeout = 1000s (custom)
2019-10-16 20:58:39,982 [pool-27-thread-1] INFO  server.RaftServerConfigKeys (ConfUtils.java:logGet(43)) - raft.server.sleep.deviation.threshold = 300 (default)
2019-10-16 20:58:39,983 [pool-27-thread-1] INFO  server.RaftServerConfigKeys (ConfUtils.java:logGet(43)) - raft.server.log.appender.install.snapshot.enabled = false (custom)
2019-10-16 20:58:39,991 [pool-27-thread-1] INFO  impl.RaftServerImpl (ServerState.java:<init>(103)) - 7d5bd66d-ed89-401c-bf86-050641c359fd@group-A2B88CD479B1: ConfigurationManager, init=-1: [7d5bd66d-ed89-401c-bf86-050641c359fd:192.168.157.254:45704], old=null, confs=<EMPTY_MAP>
2019-10-16 20:58:39,992 [pool-27-thread-1] INFO  server.RaftServerConfigKeys (ConfUtils.java:logGet(43)) - raft.server.storage.dir = [/workdir/hadoop-ozone/integration-test/target/test-dir/MiniOzoneClusterImpl-612a4b9b-c8fe-4576-9448-f0de33cec420/datanode-0/data/ratis] (custom)
2019-10-16 20:58:39,997 [pool-27-thread-1] INFO  server.RaftServerConfigKeys (ConfUtils.java:logGet(43)) - raft.server.log.corruption.policy = EXCEPTION (default)
2019-10-16 20:58:39,999 [pool-27-thread-1] INFO  storage.RaftStorageDirectory (RaftStorageDirectory.java:analyzeStorage(246)) - The storage directory /workdir/hadoop-ozone/integration-test/target/test-dir/MiniOzoneClusterImpl-612a4b9b-c8fe-4576-9448-f0de33cec420/datanode-0/data/ratis/85a9d6f5-fd65-4d52-b935-a2b88cd479b1 does not exist. Creating ...
2019-10-16 20:58:40,015 [pool-27-thread-1] INFO  storage.RaftStorageDirectory (RaftStorageDirectory.java:tryLock(328)) - Lock on /workdir/hadoop-ozone/integration-test/target/test-dir/MiniOzoneClusterImpl-612a4b9b-c8fe-4576-9448-f0de33cec420/datanode-0/data/ratis/85a9d6f5-fd65-4d52-b935-a2b88cd479b1/in_use.lock acquired by nodename 12521@pr-hdds-1868-qdb9g-714931517
2019-10-16 20:58:40,031 [pool-27-thread-1] INFO  storage.RaftStorage (RaftStorage.java:format(84)) - Storage directory /workdir/hadoop-ozone/integration-test/target/test-dir/MiniOzoneClusterImpl-612a4b9b-c8fe-4576-9448-f0de33cec420/datanode-0/data/ratis/85a9d6f5-fd65-4d52-b935-a2b88cd479b1 has been successfully formatted.
2019-10-16 20:58:40,034 [pool-27-thread-1] INFO  ratis.ContainerStateMachine (ContainerStateMachine.java:loadSnapshot(233)) - group-A2B88CD479B1: The snapshot info is null. Setting the last applied indexto:(t:0, i:~)
2019-10-16 20:58:40,034 [pool-27-thread-1] INFO  server.RaftServerConfigKeys (ConfUtils.java:logGet(43)) - raft.server.notification.no-leader.timeout = 1000s (custom)
2019-10-16 20:58:40,036 [pool-27-thread-1] INFO  server.RaftServerConfigKeys (ConfUtils.java:logGet(43)) - raft.server.log.use.memory = false (default)
2019-10-16 20:58:40,041 [pool-27-thread-1] INFO  server.RaftServerConfigKeys (ConfUtils.java:logGet(43)) - raft.server.log.purge.gap = 1000000 (custom)
2019-10-16 20:58:40,041 [pool-27-thread-1] INFO  server.RaftServerConfigKeys (ConfUtils.java:logGet(43)) - raft.server.log.appender.buffer.byte-limit = 33554432 (custom)
2019-10-16 20:58:40,043 [pool-27-thread-1] INFO  server.RaftServerConfigKeys (ConfUtils.java:logGet(43)) - raft.server.log.segment.size.max = 1048576 (custom)
2019-10-16 20:58:40,044 [pool-27-thread-1] INFO  impl.MetricsSystemImpl (MetricsSystemImpl.java:init(158)) - ratis metrics system started (again)
2019-10-16 20:58:40,048 [pool-27-thread-1] INFO  metrics.MetricRegistries (MetricRegistriesLoader.java:load(64)) - Loaded MetricRegistries class org.apache.ratis.metrics.impl.MetricRegistriesImpl
2019-10-16 20:58:40,080 [pool-27-thread-1] INFO  server.RaftServerConfigKeys (ConfUtils.java:logGet(43)) - raft.server.log.segment.cache.num.max = 2 (custom)
2019-10-16 20:58:40,085 [pool-27-thread-1] INFO  segmented.SegmentedRaftLogWorker (SegmentedRaftLogWorker.java:<init>(173)) - new 7d5bd66d-ed89-401c-bf86-050641c359fd@group-A2B88CD479B1-SegmentedRaftLogWorker for RaftStorage:Storage Directory /workdir/hadoop-ozone/integration-test/target/test-dir/MiniOzoneClusterImpl-612a4b9b-c8fe-4576-9448-f0de33cec420/datanode-0/data/ratis/85a9d6f5-fd65-4d52-b935-a2b88cd479b1
2019-10-16 20:58:40,086 [pool-27-thread-1] INFO  server.RaftServerConfigKeys (ConfUtils.java:logGet(43)) - raft.server.log.queue.byte-limit = 2147483647 (custom)
2019-10-16 20:58:40,086 [pool-27-thread-1] INFO  server.RaftServerConfigKeys (ConfUtils.java:logGet(43)) - raft.server.log.queue.element-limit = 1024 (custom)
2019-10-16 20:58:40,088 [pool-27-thread-1] INFO  server.RaftServerConfigKeys (ConfUtils.java:logGet(43)) - raft.server.log.segment.size.max = 1048576 (custom)
2019-10-16 20:58:40,088 [pool-27-thread-1] INFO  server.RaftServerConfigKeys (ConfUtils.java:logGet(43)) - raft.server.log.preallocated.size = 16384 (custom)
2019-10-16 20:58:40,088 [pool-27-thread-1] INFO  server.RaftServerConfigKeys (ConfUtils.java:logGet(43)) - raft.server.log.write.buffer.size = 33554432 (custom)
2019-10-16 20:58:40,089 [pool-27-thread-1] INFO  server.RaftServerConfigKeys (ConfUtils.java:logGet(43)) - raft.server.log.force.sync.num = 128 (default)
2019-10-16 20:58:40,090 [pool-27-thread-1] INFO  server.RaftServerConfigKeys (ConfUtils.java:logGet(43)) - raft.server.log.statemachine.data.sync = true (default)
2019-10-16 20:58:40,090 [pool-27-thread-1] INFO  server.RaftServerConfigKeys (ConfUtils.java:logGet(43)) - raft.server.log.statemachine.data.sync.timeout = 10s (default)
2019-10-16 20:58:40,090 [pool-27-thread-1] INFO  server.RaftServerConfigKeys (ConfUtils.java:logGet(43)) - raft.server.log.statemachine.data.sync.timeout.retry = -1 (default)
2019-10-16 20:58:40,101 [pool-27-thread-1] INFO  server.RaftServerConfigKeys (ConfUtils.java:logGet(43)) - raft.server.log.statemachine.data.caching.enabled = true (custom)
2019-10-16 20:58:40,106 [pool-27-thread-1] INFO  segmented.SegmentedRaftLogWorker (SegmentedRaftLogWorker.java:lambda$new$0(128)) - 7d5bd66d-ed89-401c-bf86-050641c359fd@group-A2B88CD479B1-SegmentedRaftLogWorker: flushIndex: setUnconditionally 0 -> -1
2019-10-16 20:58:40,111 [pool-27-thread-1] INFO  server.RaftServerConfigKeys (ConfUtils.java:logGet(43)) - raft.server.snapshot.auto.trigger.enabled = true (custom)
2019-10-16 20:58:40,111 [pool-27-thread-1] INFO  server.RaftServerConfigKeys (ConfUtils.java:logGet(43)) - raft.server.snapshot.auto.trigger.threshold = 10000 (custom)
2019-10-16 20:58:40,112 [pool-27-thread-1] INFO  server.RaftServerConfigKeys (ConfUtils.java:logGet(43)) - raft.server.snapshot.retention.file.num = 5 (custom)
2019-10-16 20:58:40,112 [pool-27-thread-1] INFO  server.RaftServerConfigKeys (ConfUtils.java:logGet(43)) - raft.server.retrycache.expirytime = 600000ms (custom)
2019-10-16 20:58:40,156 [pool-27-thread-1] INFO  impl.RaftServerImpl (RaftServerImpl.java:start(195)) - 7d5bd66d-ed89-401c-bf86-050641c359fd@group-A2B88CD479B1: start as a follower, conf=-1: [7d5bd66d-ed89-401c-bf86-050641c359fd:192.168.157.254:45704], old=null
2019-10-16 20:58:40,157 [pool-27-thread-1] INFO  impl.RaftServerImpl (RaftServerImpl.java:setRole(184)) - 7d5bd66d-ed89-401c-bf86-050641c359fd@group-A2B88CD479B1: changes role from      null to FOLLOWER at term 0 for startAsFollower
2019-10-16 20:58:40,159 [pool-27-thread-1] INFO  impl.RoleInfo (RoleInfo.java:updateAndGet(143)) - 7d5bd66d-ed89-401c-bf86-050641c359fd: start FollowerState
2019-10-16 20:58:40,161 [pool-27-thread-1] INFO  util.JmxRegister (JmxRegister.java:tryRegister(44)) - Successfully registered JMX Bean with object name Ratis:service=RaftServer,group=group-A2B88CD479B1,id=7d5bd66d-ed89-401c-bf86-050641c359fd
2019-10-16 20:58:40,238 [RatisPipelineUtilsThread] INFO  pipeline.PipelineStateManager (PipelineStateManager.java:addPipeline(57)) - Created pipeline Pipeline[ Id: 85a9d6f5-fd65-4d52-b935-a2b88cd479b1, Nodes: 7d5bd66d-ed89-401c-bf86-050641c359fd{ip: 192.168.157.254, host: pr-hdds-1868-qdb9g-714931517, networkLocation: /default-rack, certSerialId: null}, Type:RATIS, Factor:ONE, State:ALLOCATED]
2019-10-16 20:58:40,257 [grpc-default-executor-0] INFO  impl.RaftServerProxy (RaftServerProxy.java:addNew(89)) - e2e26bef-7a80-470b-89dc-752ae9b76223: addNew group-D1101BA3AC01:[e2e26bef-7a80-470b-89dc-752ae9b76223:192.168.157.254:36344] returns group-D1101BA3AC01:java.util.concurrent.CompletableFuture@321e828b[Not completed]
2019-10-16 20:58:40,283 [pool-37-thread-1] INFO  impl.RaftServerImpl (RaftServerImpl.java:<init>(104)) - e2e26bef-7a80-470b-89dc-752ae9b76223: new RaftServerImpl for group-D1101BA3AC01:[e2e26bef-7a80-470b-89dc-752ae9b76223:192.168.157.254:36344] with ContainerStateMachine:uninitialized
2019-10-16 20:58:40,284 [pool-37-thread-1] INFO  server.RaftServerConfigKeys (ConfUtils.java:logGet(43)) - raft.server.rpc.timeout.min = 5s (custom)
2019-10-16 20:58:40,284 [pool-37-thread-1] INFO  server.RaftServerConfigKeys (ConfUtils.java:logGet(43)) - raft.server.rpc.timeout.max = 5200ms (custom)
2019-10-16 20:58:40,285 [pool-37-thread-1] INFO  server.RaftServerConfigKeys (ConfUtils.java:logGet(43)) - raft.server.rpcslowness.timeout = 1000s (custom)
2019-10-16 20:58:40,285 [pool-37-thread-1] INFO  server.RaftServerConfigKeys (ConfUtils.java:logGet(43)) - raft.server.sleep.deviation.threshold = 300 (default)
2019-10-16 20:58:40,285 [pool-37-thread-1] INFO  server.RaftServerConfigKeys (ConfUtils.java:logGet(43)) - raft.server.log.appender.install.snapshot.enabled = false (custom)
2019-10-16 20:58:40,285 [pool-37-thread-1] INFO  impl.RaftServerImpl (ServerState.java:<init>(103)) - e2e26bef-7a80-470b-89dc-752ae9b76223@group-D1101BA3AC01: ConfigurationManager, init=-1: [e2e26bef-7a80-470b-89dc-752ae9b76223:192.168.157.254:36344], old=null, confs=<EMPTY_MAP>
2019-10-16 20:58:40,285 [pool-37-thread-1] INFO  server.RaftServerConfigKeys (ConfUtils.java:logGet(43)) - raft.server.storage.dir = [/workdir/hadoop-ozone/integration-test/target/test-dir/MiniOzoneClusterImpl-612a4b9b-c8fe-4576-9448-f0de33cec420/datanode-1/data/ratis] (custom)
2019-10-16 20:58:40,286 [pool-37-thread-1] INFO  server.RaftServerConfigKeys (ConfUtils.java:logGet(43)) - raft.server.log.corruption.policy = EXCEPTION (default)
2019-10-16 20:58:40,286 [pool-37-thread-1] INFO  storage.RaftStorageDirectory (RaftStorageDirectory.java:analyzeStorage(246)) - The storage directory /workdir/hadoop-ozone/integration-test/target/test-dir/MiniOzoneClusterImpl-612a4b9b-c8fe-4576-9448-f0de33cec420/datanode-1/data/ratis/d111cb42-efbf-4ff9-b527-d1101ba3ac01 does not exist. Creating ...
2019-10-16 20:58:40,294 [Thread-186] INFO  impl.FollowerState (FollowerState.java:run(108)) - 7d5bd66d-ed89-401c-bf86-050641c359fd@group-A2B88CD479B1-FollowerState: change to CANDIDATE, lastRpcTime:135ms, electionTimeout:134ms
2019-10-16 20:58:40,296 [Thread-186] INFO  impl.RoleInfo (RoleInfo.java:shutdownFollowerState(121)) - 7d5bd66d-ed89-401c-bf86-050641c359fd: shutdown FollowerState
2019-10-16 20:58:40,297 [Thread-186] INFO  impl.RaftServerImpl (RaftServerImpl.java:setRole(184)) - 7d5bd66d-ed89-401c-bf86-050641c359fd@group-A2B88CD479B1: changes role from  FOLLOWER to CANDIDATE at term 0 for changeToCandidate
2019-10-16 20:58:40,301 [Thread-186] INFO  impl.RoleInfo (RoleInfo.java:updateAndGet(143)) - 7d5bd66d-ed89-401c-bf86-050641c359fd: start LeaderElection
2019-10-16 20:58:40,308 [pool-37-thread-1] INFO  storage.RaftStorageDirectory (RaftStorageDirectory.java:tryLock(328)) - Lock on /workdir/hadoop-ozone/integration-test/target/test-dir/MiniOzoneClusterImpl-612a4b9b-c8fe-4576-9448-f0de33cec420/datanode-1/data/ratis/d111cb42-efbf-4ff9-b527-d1101ba3ac01/in_use.lock acquired by nodename 12521@pr-hdds-1868-qdb9g-714931517
2019-10-16 20:58:40,308 [7d5bd66d-ed89-401c-bf86-050641c359fd@group-A2B88CD479B1-LeaderElection1] INFO  impl.LeaderElection (LeaderElection.java:askForVotes(178)) - 7d5bd66d-ed89-401c-bf86-050641c359fd@group-A2B88CD479B1-LeaderElection1: begin an election at term 1 for -1: [7d5bd66d-ed89-401c-bf86-050641c359fd:192.168.157.254:45704], old=null
2019-10-16 20:58:40,310 [7d5bd66d-ed89-401c-bf86-050641c359fd@group-A2B88CD479B1-LeaderElection1] INFO  impl.RoleInfo (RoleInfo.java:shutdownLeaderElection(134)) - 7d5bd66d-ed89-401c-bf86-050641c359fd: shutdown LeaderElection
2019-10-16 20:58:40,311 [7d5bd66d-ed89-401c-bf86-050641c359fd@group-A2B88CD479B1-LeaderElection1] INFO  impl.RaftServerImpl (RaftServerImpl.java:setRole(184)) - 7d5bd66d-ed89-401c-bf86-050641c359fd@group-A2B88CD479B1: changes role from CANDIDATE to LEADER at term 1 for changeToLeader
2019-10-16 20:58:40,311 [7d5bd66d-ed89-401c-bf86-050641c359fd@group-A2B88CD479B1-LeaderElection1] INFO  ratis.XceiverServerRatis (XceiverServerRatis.java:handleLeaderChangedNotification(700)) - Leader change notification received for group: group-A2B88CD479B1 with new leaderId: 7d5bd66d-ed89-401c-bf86-050641c359fd
2019-10-16 20:58:40,314 [7d5bd66d-ed89-401c-bf86-050641c359fd@group-A2B88CD479B1-LeaderElection1] INFO  impl.RaftServerImpl (ServerState.java:setLeader(256)) - 7d5bd66d-ed89-401c-bf86-050641c359fd@group-A2B88CD479B1: change Leader from null to 7d5bd66d-ed89-401c-bf86-050641c359fd at term 1 for becomeLeader, leader elected after 277ms
2019-10-16 20:58:40,321 [7d5bd66d-ed89-401c-bf86-050641c359fd@group-A2B88CD479B1-LeaderElection1] INFO  server.RaftServerConfigKeys (ConfUtils.java:logGet(43)) - raft.server.staging.catchup.gap = 1000 (default)
2019-10-16 20:58:40,321 [pool-37-thread-1] INFO  storage.RaftStorage (RaftStorage.java:format(84)) - Storage directory /workdir/hadoop-ozone/integration-test/target/test-dir/MiniOzoneClusterImpl-612a4b9b-c8fe-4576-9448-f0de33cec420/datanode-1/data/ratis/d111cb42-efbf-4ff9-b527-d1101ba3ac01 has been successfully formatted.
2019-10-16 20:58:40,323 [7d5bd66d-ed89-401c-bf86-050641c359fd@group-A2B88CD479B1-LeaderElection1] INFO  server.RaftServerConfigKeys (ConfUtils.java:logGet(43)) - raft.server.rpc.sleep.time = 25ms (default)
2019-10-16 20:58:40,323 [pool-37-thread-1] INFO  ratis.ContainerStateMachine (ContainerStateMachine.java:loadSnapshot(233)) - group-D1101BA3AC01: The snapshot info is null. Setting the last applied indexto:(t:0, i:~)
2019-10-16 20:58:40,324 [pool-37-thread-1] INFO  server.RaftServerConfigKeys (ConfUtils.java:logGet(43)) - raft.server.notification.no-leader.timeout = 1000s (custom)
2019-10-16 20:58:40,324 [pool-37-thread-1] INFO  server.RaftServerConfigKeys (ConfUtils.java:logGet(43)) - raft.server.log.use.memory = false (default)
2019-10-16 20:58:40,324 [pool-37-thread-1] INFO  server.RaftServerConfigKeys (ConfUtils.java:logGet(43)) - raft.server.log.purge.gap = 1000000 (custom)
2019-10-16 20:58:40,324 [pool-37-thread-1] INFO  server.RaftServerConfigKeys (ConfUtils.java:logGet(43)) - raft.server.log.appender.buffer.byte-limit = 33554432 (custom)
2019-10-16 20:58:40,325 [pool-37-thread-1] INFO  server.RaftServerConfigKeys (ConfUtils.java:logGet(43)) - raft.server.log.segment.size.max = 1048576 (custom)
2019-10-16 20:58:40,328 [pool-37-thread-1] INFO  server.RaftServerConfigKeys (ConfUtils.java:logGet(43)) - raft.server.log.segment.cache.num.max = 2 (custom)
2019-10-16 20:58:40,328 [pool-37-thread-1] INFO  segmented.SegmentedRaftLogWorker (SegmentedRaftLogWorker.java:<init>(173)) - new e2e26bef-7a80-470b-89dc-752ae9b76223@group-D1101BA3AC01-SegmentedRaftLogWorker for RaftStorage:Storage Directory /workdir/hadoop-ozone/integration-test/target/test-dir/MiniOzoneClusterImpl-612a4b9b-c8fe-4576-9448-f0de33cec420/datanode-1/data/ratis/d111cb42-efbf-4ff9-b527-d1101ba3ac01
2019-10-16 20:58:40,329 [pool-37-thread-1] INFO  server.RaftServerConfigKeys (ConfUtils.java:logGet(43)) - raft.server.log.queue.byte-limit = 2147483647 (custom)
2019-10-16 20:58:40,329 [pool-37-thread-1] INFO  server.RaftServerConfigKeys (ConfUtils.java:logGet(43)) - raft.server.log.queue.element-limit = 1024 (custom)
2019-10-16 20:58:40,329 [pool-37-thread-1] INFO  server.RaftServerConfigKeys (ConfUtils.java:logGet(43)) - raft.server.log.segment.size.max = 1048576 (custom)
2019-10-16 20:58:40,330 [pool-37-thread-1] INFO  server.RaftServerConfigKeys (ConfUtils.java:logGet(43)) - raft.server.log.preallocated.size = 16384 (custom)
2019-10-16 20:58:40,330 [7d5bd66d-ed89-401c-bf86-050641c359fd@group-A2B88CD479B1-LeaderElection1] INFO  server.RaftServerConfigKeys (ConfUtils.java:logGet(43)) - raft.server.write.element-limit = 4096 (default)
2019-10-16 20:58:40,330 [pool-37-thread-1] INFO  server.RaftServerConfigKeys (ConfUtils.java:logGet(43)) - raft.server.log.write.buffer.size = 33554432 (custom)
2019-10-16 20:58:40,330 [pool-37-thread-1] INFO  server.RaftServerConfigKeys (ConfUtils.java:logGet(43)) - raft.server.log.force.sync.num = 128 (default)
2019-10-16 20:58:40,330 [pool-37-thread-1] INFO  server.RaftServerConfigKeys (ConfUtils.java:logGet(43)) - raft.server.log.statemachine.data.sync = true (default)
2019-10-16 20:58:40,330 [pool-37-thread-1] INFO  server.RaftServerConfigKeys (ConfUtils.java:logGet(43)) - raft.server.log.statemachine.data.sync.timeout = 10s (default)
2019-10-16 20:58:40,330 [pool-37-thread-1] INFO  server.RaftServerConfigKeys (ConfUtils.java:logGet(43)) - raft.server.log.statemachine.data.sync.timeout.retry = -1 (default)
2019-10-16 20:58:40,331 [pool-37-thread-1] INFO  server.RaftServerConfigKeys (ConfUtils.java:logGet(43)) - raft.server.log.statemachine.data.caching.enabled = true (custom)
2019-10-16 20:58:40,331 [pool-37-thread-1] INFO  segmented.SegmentedRaftLogWorker (SegmentedRaftLogWorker.java:lambda$new$0(128)) - e2e26bef-7a80-470b-89dc-752ae9b76223@group-D1101BA3AC01-SegmentedRaftLogWorker: flushIndex: setUnconditionally 0 -> -1
2019-10-16 20:58:40,332 [pool-37-thread-1] INFO  server.RaftServerConfigKeys (ConfUtils.java:logGet(43)) - raft.server.snapshot.auto.trigger.enabled = true (custom)
2019-10-16 20:58:40,332 [pool-37-thread-1] INFO  server.RaftServerConfigKeys (ConfUtils.java:logGet(43)) - raft.server.snapshot.auto.trigger.threshold = 10000 (custom)
2019-10-16 20:58:40,332 [pool-37-thread-1] INFO  server.RaftServerConfigKeys (ConfUtils.java:logGet(43)) - raft.server.snapshot.retention.file.num = 5 (custom)
2019-10-16 20:58:40,332 [pool-37-thread-1] INFO  server.RaftServerConfigKeys (ConfUtils.java:logGet(43)) - raft.server.retrycache.expirytime = 600000ms (custom)
2019-10-16 20:58:40,333 [7d5bd66d-ed89-401c-bf86-050641c359fd@group-A2B88CD479B1-LeaderElection1] INFO  server.RaftServerConfigKeys (ConfUtils.java:logGet(43)) - raft.server.watch.timeout = 10s (default)
2019-10-16 20:58:40,333 [7d5bd66d-ed89-401c-bf86-050641c359fd@group-A2B88CD479B1-LeaderElection1] INFO  server.RaftServerConfigKeys (ConfUtils.java:logGet(43)) - raft.server.watch.timeout.denomination = 1s (default)
2019-10-16 20:58:40,335 [7d5bd66d-ed89-401c-bf86-050641c359fd@group-A2B88CD479B1-LeaderElection1] INFO  server.RaftServerConfigKeys (ConfUtils.java:logGet(43)) - raft.server.watch.element-limit = 65536 (default)
2019-10-16 20:58:40,339 [pool-37-thread-1] INFO  impl.RaftServerImpl (RaftServerImpl.java:start(195)) - e2e26bef-7a80-470b-89dc-752ae9b76223@group-D1101BA3AC01: start as a follower, conf=-1: [e2e26bef-7a80-470b-89dc-752ae9b76223:192.168.157.254:36344], old=null
2019-10-16 20:58:40,339 [pool-37-thread-1] INFO  impl.RaftServerImpl (RaftServerImpl.java:setRole(184)) - e2e26bef-7a80-470b-89dc-752ae9b76223@group-D1101BA3AC01: changes role from      null to FOLLOWER at term 0 for startAsFollower
2019-10-16 20:58:40,339 [pool-37-thread-1] INFO  impl.RoleInfo (RoleInfo.java:updateAndGet(143)) - e2e26bef-7a80-470b-89dc-752ae9b76223: start FollowerState
2019-10-16 20:58:40,339 [pool-37-thread-1] INFO  util.JmxRegister (JmxRegister.java:tryRegister(44)) - Successfully registered JMX Bean with object name Ratis:service=RaftServer,group=group-D1101BA3AC01,id=e2e26bef-7a80-470b-89dc-752ae9b76223
2019-10-16 20:58:40,382 [7d5bd66d-ed89-401c-bf86-050641c359fd@group-A2B88CD479B1-LeaderElection1] INFO  impl.RoleInfo (RoleInfo.java:updateAndGet(143)) - 7d5bd66d-ed89-401c-bf86-050641c359fd: start LeaderState
2019-10-16 20:58:40,383 [RatisPipelineUtilsThread] INFO  pipeline.PipelineStateManager (PipelineStateManager.java:addPipeline(57)) - Created pipeline Pipeline[ Id: d111cb42-efbf-4ff9-b527-d1101ba3ac01, Nodes: e2e26bef-7a80-470b-89dc-752ae9b76223{ip: 192.168.157.254, host: pr-hdds-1868-qdb9g-714931517, networkLocation: /default-rack, certSerialId: null}, Type:RATIS, Factor:ONE, State:ALLOCATED]
2019-10-16 20:58:40,401 [grpc-default-executor-0] INFO  impl.RaftServerProxy (RaftServerProxy.java:addNew(89)) - 7e02033f-e7de-4006-80be-ffeab2e3922a: addNew group-EE94ED21B3B2:[7e02033f-e7de-4006-80be-ffeab2e3922a:192.168.157.254:33430] returns group-EE94ED21B3B2:java.util.concurrent.CompletableFuture@20ecad5d[Not completed]
2019-10-16 20:58:40,403 [pool-47-thread-1] INFO  impl.RaftServerImpl (RaftServerImpl.java:<init>(104)) - 7e02033f-e7de-4006-80be-ffeab2e3922a: new RaftServerImpl for group-EE94ED21B3B2:[7e02033f-e7de-4006-80be-ffeab2e3922a:192.168.157.254:33430] with ContainerStateMachine:uninitialized
2019-10-16 20:58:40,404 [pool-47-thread-1] INFO  server.RaftServerConfigKeys (ConfUtils.java:logGet(43)) - raft.server.rpc.timeout.min = 5s (custom)
2019-10-16 20:58:40,404 [pool-47-thread-1] INFO  server.RaftServerConfigKeys (ConfUtils.java:logGet(43)) - raft.server.rpc.timeout.max = 5200ms (custom)
2019-10-16 20:58:40,404 [pool-47-thread-1] INFO  server.RaftServerConfigKeys (ConfUtils.java:logGet(43)) - raft.server.rpcslowness.timeout = 1000s (custom)
2019-10-16 20:58:40,404 [pool-47-thread-1] INFO  server.RaftServerConfigKeys (ConfUtils.java:logGet(43)) - raft.server.sleep.deviation.threshold = 300 (default)
2019-10-16 20:58:40,404 [pool-47-thread-1] INFO  server.RaftServerConfigKeys (ConfUtils.java:logGet(43)) - raft.server.log.appender.install.snapshot.enabled = false (custom)
2019-10-16 20:58:40,404 [pool-47-thread-1] INFO  impl.RaftServerImpl (ServerState.java:<init>(103)) - 7e02033f-e7de-4006-80be-ffeab2e3922a@group-EE94ED21B3B2: ConfigurationManager, init=-1: [7e02033f-e7de-4006-80be-ffeab2e3922a:192.168.157.254:33430], old=null, confs=<EMPTY_MAP>
2019-10-16 20:58:40,404 [pool-47-thread-1] INFO  server.RaftServerConfigKeys (ConfUtils.java:logGet(43)) - raft.server.storage.dir = [/workdir/hadoop-ozone/integration-test/target/test-dir/MiniOzoneClusterImpl-612a4b9b-c8fe-4576-9448-f0de33cec420/datanode-2/data/ratis] (custom)
2019-10-16 20:58:40,405 [pool-47-thread-1] INFO  server.RaftServerConfigKeys (ConfUtils.java:logGet(43)) - raft.server.log.corruption.policy = EXCEPTION (default)
2019-10-16 20:58:40,405 [pool-47-thread-1] INFO  storage.RaftStorageDirectory (RaftStorageDirectory.java:analyzeStorage(246)) - The storage directory /workdir/hadoop-ozone/integration-test/target/test-dir/MiniOzoneClusterImpl-612a4b9b-c8fe-4576-9448-f0de33cec420/datanode-2/data/ratis/8584538a-5077-40cb-9908-ee94ed21b3b2 does not exist. Creating ...
2019-10-16 20:58:40,410 [7d5bd66d-ed89-401c-bf86-050641c359fd@group-A2B88CD479B1-LeaderElection1] INFO  segmented.SegmentedRaftLogWorker (SegmentedRaftLogWorker.java:startLogSegment(385)) - 7d5bd66d-ed89-401c-bf86-050641c359fd@group-A2B88CD479B1-SegmentedRaftLogWorker: Starting segment from index:0
2019-10-16 20:58:40,418 [pool-47-thread-1] INFO  storage.RaftStorageDirectory (RaftStorageDirectory.java:tryLock(328)) - Lock on /workdir/hadoop-ozone/integration-test/target/test-dir/MiniOzoneClusterImpl-612a4b9b-c8fe-4576-9448-f0de33cec420/datanode-2/data/ratis/8584538a-5077-40cb-9908-ee94ed21b3b2/in_use.lock acquired by nodename 12521@pr-hdds-1868-qdb9g-714931517
2019-10-16 20:58:40,423 [7d5bd66d-ed89-401c-bf86-050641c359fd@group-A2B88CD479B1-LeaderElection1] INFO  impl.RaftServerImpl (ServerState.java:setRaftConf(357)) - 7d5bd66d-ed89-401c-bf86-050641c359fd@group-A2B88CD479B1: set configuration 0: [7d5bd66d-ed89-401c-bf86-050641c359fd:192.168.157.254:45704], old=null at 0
2019-10-16 20:58:40,473 [pool-47-thread-1] INFO  storage.RaftStorage (RaftStorage.java:format(84)) - Storage directory /workdir/hadoop-ozone/integration-test/target/test-dir/MiniOzoneClusterImpl-612a4b9b-c8fe-4576-9448-f0de33cec420/datanode-2/data/ratis/8584538a-5077-40cb-9908-ee94ed21b3b2 has been successfully formatted.
2019-10-16 20:58:40,474 [pool-47-thread-1] INFO  ratis.ContainerStateMachine (ContainerStateMachine.java:loadSnapshot(233)) - group-EE94ED21B3B2: The snapshot info is null. Setting the last applied indexto:(t:0, i:~)
2019-10-16 20:58:40,474 [pool-47-thread-1] INFO  server.RaftServerConfigKeys (ConfUtils.java:logGet(43)) - raft.server.notification.no-leader.timeout = 1000s (custom)
2019-10-16 20:58:40,474 [pool-47-thread-1] INFO  server.RaftServerConfigKeys (ConfUtils.java:logGet(43)) - raft.server.log.use.memory = false (default)
2019-10-16 20:58:40,474 [pool-47-thread-1] INFO  server.RaftServerConfigKeys (ConfUtils.java:logGet(43)) - raft.server.log.purge.gap = 1000000 (custom)
2019-10-16 20:58:40,474 [pool-47-thread-1] INFO  server.RaftServerConfigKeys (ConfUtils.java:logGet(43)) - raft.server.log.appender.buffer.byte-limit = 33554432 (custom)
2019-10-16 20:58:40,474 [pool-47-thread-1] INFO  server.RaftServerConfigKeys (ConfUtils.java:logGet(43)) - raft.server.log.segment.size.max = 1048576 (custom)
2019-10-16 20:58:40,479 [pool-47-thread-1] INFO  server.RaftServerConfigKeys (ConfUtils.java:logGet(43)) - raft.server.log.segment.cache.num.max = 2 (custom)
2019-10-16 20:58:40,479 [pool-47-thread-1] INFO  segmented.SegmentedRaftLogWorker (SegmentedRaftLogWorker.java:<init>(173)) - new 7e02033f-e7de-4006-80be-ffeab2e3922a@group-EE94ED21B3B2-SegmentedRaftLogWorker for RaftStorage:Storage Directory /workdir/hadoop-ozone/integration-test/target/test-dir/MiniOzoneClusterImpl-612a4b9b-c8fe-4576-9448-f0de33cec420/datanode-2/data/ratis/8584538a-5077-40cb-9908-ee94ed21b3b2
2019-10-16 20:58:40,479 [pool-47-thread-1] INFO  server.RaftServerConfigKeys (ConfUtils.java:logGet(43)) - raft.server.log.queue.byte-limit = 2147483647 (custom)
2019-10-16 20:58:40,480 [pool-47-thread-1] INFO  server.RaftServerConfigKeys (ConfUtils.java:logGet(43)) - raft.server.log.queue.element-limit = 1024 (custom)
2019-10-16 20:58:40,480 [pool-47-thread-1] INFO  server.RaftServerConfigKeys (ConfUtils.java:logGet(43)) - raft.server.log.segment.size.max = 1048576 (custom)
2019-10-16 20:58:40,480 [pool-47-thread-1] INFO  server.RaftServerConfigKeys (ConfUtils.java:logGet(43)) - raft.server.log.preallocated.size = 16384 (custom)
2019-10-16 20:58:40,480 [pool-47-thread-1] INFO  server.RaftServerConfigKeys (ConfUtils.java:logGet(43)) - raft.server.log.write.buffer.size = 33554432 (custom)
2019-10-16 20:58:40,480 [pool-47-thread-1] INFO  server.RaftServerConfigKeys (ConfUtils.java:logGet(43)) - raft.server.log.force.sync.num = 128 (default)
2019-10-16 20:58:40,481 [pool-47-thread-1] INFO  server.RaftServerConfigKeys (ConfUtils.java:logGet(43)) - raft.server.log.statemachine.data.sync = true (default)
2019-10-16 20:58:40,481 [pool-47-thread-1] INFO  server.RaftServerConfigKeys (ConfUtils.java:logGet(43)) - raft.server.log.statemachine.data.sync.timeout = 10s (default)
2019-10-16 20:58:40,481 [pool-47-thread-1] INFO  server.RaftServerConfigKeys (ConfUtils.java:logGet(43)) - raft.server.log.statemachine.data.sync.timeout.retry = -1 (default)
2019-10-16 20:58:40,482 [pool-47-thread-1] INFO  server.RaftServerConfigKeys (ConfUtils.java:logGet(43)) - raft.server.log.statemachine.data.caching.enabled = true (custom)
2019-10-16 20:58:40,482 [pool-47-thread-1] INFO  segmented.SegmentedRaftLogWorker (SegmentedRaftLogWorker.java:lambda$new$0(128)) - 7e02033f-e7de-4006-80be-ffeab2e3922a@group-EE94ED21B3B2-SegmentedRaftLogWorker: flushIndex: setUnconditionally 0 -> -1
2019-10-16 20:58:40,483 [pool-47-thread-1] INFO  server.RaftServerConfigKeys (ConfUtils.java:logGet(43)) - raft.server.snapshot.auto.trigger.enabled = true (custom)
2019-10-16 20:58:40,483 [pool-47-thread-1] INFO  server.RaftServerConfigKeys (ConfUtils.java:logGet(43)) - raft.server.snapshot.auto.trigger.threshold = 10000 (custom)
2019-10-16 20:58:40,483 [pool-47-thread-1] INFO  server.RaftServerConfigKeys (ConfUtils.java:logGet(43)) - raft.server.snapshot.retention.file.num = 5 (custom)
2019-10-16 20:58:40,483 [pool-47-thread-1] INFO  server.RaftServerConfigKeys (ConfUtils.java:logGet(43)) - raft.server.retrycache.expirytime = 600000ms (custom)
2019-10-16 20:58:40,490 [pool-47-thread-1] INFO  impl.RaftServerImpl (RaftServerImpl.java:start(195)) - 7e02033f-e7de-4006-80be-ffeab2e3922a@group-EE94ED21B3B2: start as a follower, conf=-1: [7e02033f-e7de-4006-80be-ffeab2e3922a:192.168.157.254:33430], old=null
2019-10-16 20:58:40,491 [pool-47-thread-1] INFO  impl.RaftServerImpl (RaftServerImpl.java:setRole(184)) - 7e02033f-e7de-4006-80be-ffeab2e3922a@group-EE94ED21B3B2: changes role from      null to FOLLOWER at term 0 for startAsFollower
2019-10-16 20:58:40,491 [pool-47-thread-1] INFO  impl.RoleInfo (RoleInfo.java:updateAndGet(143)) - 7e02033f-e7de-4006-80be-ffeab2e3922a: start FollowerState
2019-10-16 20:58:40,491 [pool-47-thread-1] INFO  util.JmxRegister (JmxRegister.java:tryRegister(44)) - Successfully registered JMX Bean with object name Ratis:service=RaftServer,group=group-EE94ED21B3B2,id=7e02033f-e7de-4006-80be-ffeab2e3922a
2019-10-16 20:58:40,501 [Thread-191] INFO  impl.FollowerState (FollowerState.java:run(108)) - e2e26bef-7a80-470b-89dc-752ae9b76223@group-D1101BA3AC01-FollowerState: change to CANDIDATE, lastRpcTime:162ms, electionTimeout:161ms
2019-10-16 20:58:40,503 [Thread-191] INFO  impl.RoleInfo (RoleInfo.java:shutdownFollowerState(121)) - e2e26bef-7a80-470b-89dc-752ae9b76223: shutdown FollowerState
2019-10-16 20:58:40,504 [Thread-191] INFO  impl.RaftServerImpl (RaftServerImpl.java:setRole(184)) - e2e26bef-7a80-470b-89dc-752ae9b76223@group-D1101BA3AC01: changes role from  FOLLOWER to CANDIDATE at term 0 for changeToCandidate
2019-10-16 20:58:40,505 [Thread-191] INFO  impl.RoleInfo (RoleInfo.java:updateAndGet(143)) - e2e26bef-7a80-470b-89dc-752ae9b76223: start LeaderElection
2019-10-16 20:58:40,508 [RatisPipelineUtilsThread] INFO  pipeline.PipelineStateManager (PipelineStateManager.java:addPipeline(57)) - Created pipeline Pipeline[ Id: 8584538a-5077-40cb-9908-ee94ed21b3b2, Nodes: 7e02033f-e7de-4006-80be-ffeab2e3922a{ip: 192.168.157.254, host: pr-hdds-1868-qdb9g-714931517, networkLocation: /default-rack, certSerialId: null}, Type:RATIS, Factor:ONE, State:ALLOCATED]
2019-10-16 20:58:40,516 [e2e26bef-7a80-470b-89dc-752ae9b76223@group-D1101BA3AC01-LeaderElection2] INFO  impl.LeaderElection (LeaderElection.java:askForVotes(178)) - e2e26bef-7a80-470b-89dc-752ae9b76223@group-D1101BA3AC01-LeaderElection2: begin an election at term 1 for -1: [e2e26bef-7a80-470b-89dc-752ae9b76223:192.168.157.254:36344], old=null
2019-10-16 20:58:40,519 [e2e26bef-7a80-470b-89dc-752ae9b76223@group-D1101BA3AC01-LeaderElection2] INFO  impl.RoleInfo (RoleInfo.java:shutdownLeaderElection(134)) - e2e26bef-7a80-470b-89dc-752ae9b76223: shutdown LeaderElection
2019-10-16 20:58:40,520 [e2e26bef-7a80-470b-89dc-752ae9b76223@group-D1101BA3AC01-LeaderElection2] INFO  impl.RaftServerImpl (RaftServerImpl.java:setRole(184)) - e2e26bef-7a80-470b-89dc-752ae9b76223@group-D1101BA3AC01: changes role from CANDIDATE to LEADER at term 1 for changeToLeader
2019-10-16 20:58:40,520 [e2e26bef-7a80-470b-89dc-752ae9b76223@group-D1101BA3AC01-LeaderElection2] INFO  ratis.XceiverServerRatis (XceiverServerRatis.java:handleLeaderChangedNotification(700)) - Leader change notification received for group: group-D1101BA3AC01 with new leaderId: e2e26bef-7a80-470b-89dc-752ae9b76223
2019-10-16 20:58:40,523 [e2e26bef-7a80-470b-89dc-752ae9b76223@group-D1101BA3AC01-LeaderElection2] INFO  impl.RaftServerImpl (ServerState.java:setLeader(256)) - e2e26bef-7a80-470b-89dc-752ae9b76223@group-D1101BA3AC01: change Leader from null to e2e26bef-7a80-470b-89dc-752ae9b76223 at term 1 for becomeLeader, leader elected after 196ms
2019-10-16 20:58:40,525 [e2e26bef-7a80-470b-89dc-752ae9b76223@group-D1101BA3AC01-LeaderElection2] INFO  server.RaftServerConfigKeys (ConfUtils.java:logGet(43)) - raft.server.staging.catchup.gap = 1000 (default)
2019-10-16 20:58:40,526 [e2e26bef-7a80-470b-89dc-752ae9b76223@group-D1101BA3AC01-LeaderElection2] INFO  server.RaftServerConfigKeys (ConfUtils.java:logGet(43)) - raft.server.rpc.sleep.time = 25ms (default)
2019-10-16 20:58:40,527 [e2e26bef-7a80-470b-89dc-752ae9b76223@group-D1101BA3AC01-LeaderElection2] INFO  server.RaftServerConfigKeys (ConfUtils.java:logGet(43)) - raft.server.write.element-limit = 4096 (default)
2019-10-16 20:58:40,528 [e2e26bef-7a80-470b-89dc-752ae9b76223@group-D1101BA3AC01-LeaderElection2] INFO  server.RaftServerConfigKeys (ConfUtils.java:logGet(43)) - raft.server.watch.timeout = 10s (default)
2019-10-16 20:58:40,531 [e2e26bef-7a80-470b-89dc-752ae9b76223@group-D1101BA3AC01-LeaderElection2] INFO  server.RaftServerConfigKeys (ConfUtils.java:logGet(43)) - raft.server.watch.timeout.denomination = 1s (default)
2019-10-16 20:58:40,531 [e2e26bef-7a80-470b-89dc-752ae9b76223@group-D1101BA3AC01-LeaderElection2] INFO  server.RaftServerConfigKeys (ConfUtils.java:logGet(43)) - raft.server.watch.element-limit = 65536 (default)
2019-10-16 20:58:40,542 [e2e26bef-7a80-470b-89dc-752ae9b76223@group-D1101BA3AC01-LeaderElection2] INFO  impl.RoleInfo (RoleInfo.java:updateAndGet(143)) - e2e26bef-7a80-470b-89dc-752ae9b76223: start LeaderState
2019-10-16 20:58:40,542 [grpc-default-executor-1] INFO  impl.RaftServerProxy (RaftServerProxy.java:addNew(89)) - e2e26bef-7a80-470b-89dc-752ae9b76223: addNew group-B775CB1CFC79:[7d5bd66d-ed89-401c-bf86-050641c359fd:192.168.157.254:45704, e2e26bef-7a80-470b-89dc-752ae9b76223:192.168.157.254:36344, 7e02033f-e7de-4006-80be-ffeab2e3922a:192.168.157.254:33430] returns group-B775CB1CFC79:java.util.concurrent.CompletableFuture@31711f07[Not completed]
2019-10-16 20:58:40,542 [grpc-default-executor-0] INFO  impl.RaftServerProxy (RaftServerProxy.java:addNew(89)) - 7e02033f-e7de-4006-80be-ffeab2e3922a: addNew group-B775CB1CFC79:[7d5bd66d-ed89-401c-bf86-050641c359fd:192.168.157.254:45704, e2e26bef-7a80-470b-89dc-752ae9b76223:192.168.157.254:36344, 7e02033f-e7de-4006-80be-ffeab2e3922a:192.168.157.254:33430] returns group-B775CB1CFC79:java.util.concurrent.CompletableFuture@3ebdf9ee[Not completed]
2019-10-16 20:58:40,542 [grpc-default-executor-2] INFO  impl.RaftServerProxy (RaftServerProxy.java:addNew(89)) - 7d5bd66d-ed89-401c-bf86-050641c359fd: addNew group-B775CB1CFC79:[7d5bd66d-ed89-401c-bf86-050641c359fd:192.168.157.254:45704, e2e26bef-7a80-470b-89dc-752ae9b76223:192.168.157.254:36344, 7e02033f-e7de-4006-80be-ffeab2e3922a:192.168.157.254:33430] returns group-B775CB1CFC79:java.util.concurrent.CompletableFuture@6b7e71bb[Not completed]
2019-10-16 20:58:40,542 [e2e26bef-7a80-470b-89dc-752ae9b76223@group-D1101BA3AC01-LeaderElection2] INFO  segmented.SegmentedRaftLogWorker (SegmentedRaftLogWorker.java:startLogSegment(385)) - e2e26bef-7a80-470b-89dc-752ae9b76223@group-D1101BA3AC01-SegmentedRaftLogWorker: Starting segment from index:0
2019-10-16 20:58:40,543 [e2e26bef-7a80-470b-89dc-752ae9b76223@group-D1101BA3AC01-LeaderElection2] INFO  impl.RaftServerImpl (ServerState.java:setRaftConf(357)) - e2e26bef-7a80-470b-89dc-752ae9b76223@group-D1101BA3AC01: set configuration 0: [e2e26bef-7a80-470b-89dc-752ae9b76223:192.168.157.254:36344], old=null at 0
2019-10-16 20:58:40,544 [pool-37-thread-1] INFO  impl.RaftServerImpl (RaftServerImpl.java:<init>(104)) - e2e26bef-7a80-470b-89dc-752ae9b76223: new RaftServerImpl for group-B775CB1CFC79:[7d5bd66d-ed89-401c-bf86-050641c359fd:192.168.157.254:45704, e2e26bef-7a80-470b-89dc-752ae9b76223:192.168.157.254:36344, 7e02033f-e7de-4006-80be-ffeab2e3922a:192.168.157.254:33430] with ContainerStateMachine:uninitialized
2019-10-16 20:58:40,544 [pool-37-thread-1] INFO  server.RaftServerConfigKeys (ConfUtils.java:logGet(43)) - raft.server.rpc.timeout.min = 5s (custom)
2019-10-16 20:58:40,544 [pool-37-thread-1] INFO  server.RaftServerConfigKeys (ConfUtils.java:logGet(43)) - raft.server.rpc.timeout.max = 5200ms (custom)
2019-10-16 20:58:40,544 [pool-37-thread-1] INFO  server.RaftServerConfigKeys (ConfUtils.java:logGet(43)) - raft.server.rpcslowness.timeout = 1000s (custom)
2019-10-16 20:58:40,545 [pool-37-thread-1] INFO  server.RaftServerConfigKeys (ConfUtils.java:logGet(43)) - raft.server.sleep.deviation.threshold = 300 (default)
2019-10-16 20:58:40,545 [pool-37-thread-1] INFO  server.RaftServerConfigKeys (ConfUtils.java:logGet(43)) - raft.server.log.appender.install.snapshot.enabled = false (custom)
2019-10-16 20:58:40,545 [pool-37-thread-1] INFO  impl.RaftServerImpl (ServerState.java:<init>(103)) - e2e26bef-7a80-470b-89dc-752ae9b76223@group-B775CB1CFC79: ConfigurationManager, init=-1: [7d5bd66d-ed89-401c-bf86-050641c359fd:192.168.157.254:45704, e2e26bef-7a80-470b-89dc-752ae9b76223:192.168.157.254:36344, 7e02033f-e7de-4006-80be-ffeab2e3922a:192.168.157.254:33430], old=null, confs=<EMPTY_MAP>
2019-10-16 20:58:40,545 [pool-47-thread-1] INFO  impl.RaftServerImpl (RaftServerImpl.java:<init>(104)) - 7e02033f-e7de-4006-80be-ffeab2e3922a: new RaftServerImpl for group-B775CB1CFC79:[7d5bd66d-ed89-401c-bf86-050641c359fd:192.168.157.254:45704, e2e26bef-7a80-470b-89dc-752ae9b76223:192.168.157.254:36344, 7e02033f-e7de-4006-80be-ffeab2e3922a:192.168.157.254:33430] with ContainerStateMachine:uninitialized
2019-10-16 20:58:40,545 [pool-37-thread-1] INFO  server.RaftServerConfigKeys (ConfUtils.java:logGet(43)) - raft.server.storage.dir = [/workdir/hadoop-ozone/integration-test/target/test-dir/MiniOzoneClusterImpl-612a4b9b-c8fe-4576-9448-f0de33cec420/datanode-1/data/ratis] (custom)
2019-10-16 20:58:40,545 [pool-47-thread-1] INFO  server.RaftServerConfigKeys (ConfUtils.java:logGet(43)) - raft.server.rpc.timeout.min = 5s (custom)
2019-10-16 20:58:40,546 [pool-47-thread-1] INFO  server.RaftServerConfigKeys (ConfUtils.java:logGet(43)) - raft.server.rpc.timeout.max = 5200ms (custom)
2019-10-16 20:58:40,546 [pool-37-thread-1] INFO  server.RaftServerConfigKeys (ConfUtils.java:logGet(43)) - raft.server.log.corruption.policy = EXCEPTION (default)
2019-10-16 20:58:40,546 [pool-47-thread-1] INFO  server.RaftServerConfigKeys (ConfUtils.java:logGet(43)) - raft.server.rpcslowness.timeout = 1000s (custom)
2019-10-16 20:58:40,546 [pool-37-thread-1] INFO  storage.RaftStorageDirectory (RaftStorageDirectory.java:analyzeStorage(246)) - The storage directory /workdir/hadoop-ozone/integration-test/target/test-dir/MiniOzoneClusterImpl-612a4b9b-c8fe-4576-9448-f0de33cec420/datanode-1/data/ratis/4fea0e3a-b978-493d-b2ed-b775cb1cfc79 does not exist. Creating ...
2019-10-16 20:58:40,546 [pool-47-thread-1] INFO  server.RaftServerConfigKeys (ConfUtils.java:logGet(43)) - raft.server.sleep.deviation.threshold = 300 (default)
2019-10-16 20:58:40,546 [pool-27-thread-1] INFO  impl.RaftServerImpl (RaftServerImpl.java:<init>(104)) - 7d5bd66d-ed89-401c-bf86-050641c359fd: new RaftServerImpl for group-B775CB1CFC79:[7d5bd66d-ed89-401c-bf86-050641c359fd:192.168.157.254:45704, e2e26bef-7a80-470b-89dc-752ae9b76223:192.168.157.254:36344, 7e02033f-e7de-4006-80be-ffeab2e3922a:192.168.157.254:33430] with ContainerStateMachine:uninitialized
2019-10-16 20:58:40,546 [pool-47-thread-1] INFO  server.RaftServerConfigKeys (ConfUtils.java:logGet(43)) - raft.server.log.appender.install.snapshot.enabled = false (custom)
2019-10-16 20:58:40,546 [pool-27-thread-1] INFO  server.RaftServerConfigKeys (ConfUtils.java:logGet(43)) - raft.server.rpc.timeout.min = 5s (custom)
2019-10-16 20:58:40,547 [pool-47-thread-1] INFO  impl.RaftServerImpl (ServerState.java:<init>(103)) - 7e02033f-e7de-4006-80be-ffeab2e3922a@group-B775CB1CFC79: ConfigurationManager, init=-1: [7d5bd66d-ed89-401c-bf86-050641c359fd:192.168.157.254:45704, e2e26bef-7a80-470b-89dc-752ae9b76223:192.168.157.254:36344, 7e02033f-e7de-4006-80be-ffeab2e3922a:192.168.157.254:33430], old=null, confs=<EMPTY_MAP>
2019-10-16 20:58:40,547 [pool-27-thread-1] INFO  server.RaftServerConfigKeys (ConfUtils.java:logGet(43)) - raft.server.rpc.timeout.max = 5200ms (custom)
2019-10-16 20:58:40,547 [pool-47-thread-1] INFO  server.RaftServerConfigKeys (ConfUtils.java:logGet(43)) - raft.server.storage.dir = [/workdir/hadoop-ozone/integration-test/target/test-dir/MiniOzoneClusterImpl-612a4b9b-c8fe-4576-9448-f0de33cec420/datanode-2/data/ratis] (custom)
2019-10-16 20:58:40,547 [pool-27-thread-1] INFO  server.RaftServerConfigKeys (ConfUtils.java:logGet(43)) - raft.server.rpcslowness.timeout = 1000s (custom)
2019-10-16 20:58:40,547 [pool-27-thread-1] INFO  server.RaftServerConfigKeys (ConfUtils.java:logGet(43)) - raft.server.sleep.deviation.threshold = 300 (default)
2019-10-16 20:58:40,547 [pool-47-thread-1] INFO  server.RaftServerConfigKeys (ConfUtils.java:logGet(43)) - raft.server.log.corruption.policy = EXCEPTION (default)
2019-10-16 20:58:40,547 [pool-27-thread-1] INFO  server.RaftServerConfigKeys (ConfUtils.java:logGet(43)) - raft.server.log.appender.install.snapshot.enabled = false (custom)
2019-10-16 20:58:40,548 [pool-47-thread-1] INFO  storage.RaftStorageDirectory (RaftStorageDirectory.java:analyzeStorage(246)) - The storage directory /workdir/hadoop-ozone/integration-test/target/test-dir/MiniOzoneClusterImpl-612a4b9b-c8fe-4576-9448-f0de33cec420/datanode-2/data/ratis/4fea0e3a-b978-493d-b2ed-b775cb1cfc79 does not exist. Creating ...
2019-10-16 20:58:40,548 [pool-27-thread-1] INFO  impl.RaftServerImpl (ServerState.java:<init>(103)) - 7d5bd66d-ed89-401c-bf86-050641c359fd@group-B775CB1CFC79: ConfigurationManager, init=-1: [7d5bd66d-ed89-401c-bf86-050641c359fd:192.168.157.254:45704, e2e26bef-7a80-470b-89dc-752ae9b76223:192.168.157.254:36344, 7e02033f-e7de-4006-80be-ffeab2e3922a:192.168.157.254:33430], old=null, confs=<EMPTY_MAP>
2019-10-16 20:58:40,548 [pool-27-thread-1] INFO  server.RaftServerConfigKeys (ConfUtils.java:logGet(43)) - raft.server.storage.dir = [/workdir/hadoop-ozone/integration-test/target/test-dir/MiniOzoneClusterImpl-612a4b9b-c8fe-4576-9448-f0de33cec420/datanode-0/data/ratis] (custom)
2019-10-16 20:58:40,548 [pool-27-thread-1] INFO  server.RaftServerConfigKeys (ConfUtils.java:logGet(43)) - raft.server.log.corruption.policy = EXCEPTION (default)
2019-10-16 20:58:40,549 [pool-27-thread-1] INFO  storage.RaftStorageDirectory (RaftStorageDirectory.java:analyzeStorage(246)) - The storage directory /workdir/hadoop-ozone/integration-test/target/test-dir/MiniOzoneClusterImpl-612a4b9b-c8fe-4576-9448-f0de33cec420/datanode-0/data/ratis/4fea0e3a-b978-493d-b2ed-b775cb1cfc79 does not exist. Creating ...
2019-10-16 20:58:40,552 [pool-47-thread-1] INFO  storage.RaftStorageDirectory (RaftStorageDirectory.java:tryLock(328)) - Lock on /workdir/hadoop-ozone/integration-test/target/test-dir/MiniOzoneClusterImpl-612a4b9b-c8fe-4576-9448-f0de33cec420/datanode-2/data/ratis/4fea0e3a-b978-493d-b2ed-b775cb1cfc79/in_use.lock acquired by nodename 12521@pr-hdds-1868-qdb9g-714931517
2019-10-16 20:58:40,552 [pool-27-thread-1] INFO  storage.RaftStorageDirectory (RaftStorageDirectory.java:tryLock(328)) - Lock on /workdir/hadoop-ozone/integration-test/target/test-dir/MiniOzoneClusterImpl-612a4b9b-c8fe-4576-9448-f0de33cec420/datanode-0/data/ratis/4fea0e3a-b978-493d-b2ed-b775cb1cfc79/in_use.lock acquired by nodename 12521@pr-hdds-1868-qdb9g-714931517
2019-10-16 20:58:40,552 [pool-37-thread-1] INFO  storage.RaftStorageDirectory (RaftStorageDirectory.java:tryLock(328)) - Lock on /workdir/hadoop-ozone/integration-test/target/test-dir/MiniOzoneClusterImpl-612a4b9b-c8fe-4576-9448-f0de33cec420/datanode-1/data/ratis/4fea0e3a-b978-493d-b2ed-b775cb1cfc79/in_use.lock acquired by nodename 12521@pr-hdds-1868-qdb9g-714931517
2019-10-16 20:58:40,565 [pool-27-thread-1] INFO  storage.RaftStorage (RaftStorage.java:format(84)) - Storage directory /workdir/hadoop-ozone/integration-test/target/test-dir/MiniOzoneClusterImpl-612a4b9b-c8fe-4576-9448-f0de33cec420/datanode-0/data/ratis/4fea0e3a-b978-493d-b2ed-b775cb1cfc79 has been successfully formatted.
2019-10-16 20:58:40,565 [pool-37-thread-1] INFO  storage.RaftStorage (RaftStorage.java:format(84)) - Storage directory /workdir/hadoop-ozone/integration-test/target/test-dir/MiniOzoneClusterImpl-612a4b9b-c8fe-4576-9448-f0de33cec420/datanode-1/data/ratis/4fea0e3a-b978-493d-b2ed-b775cb1cfc79 has been successfully formatted.
2019-10-16 20:58:40,565 [pool-47-thread-1] INFO  storage.RaftStorage (RaftStorage.java:format(84)) - Storage directory /workdir/hadoop-ozone/integration-test/target/test-dir/MiniOzoneClusterImpl-612a4b9b-c8fe-4576-9448-f0de33cec420/datanode-2/data/ratis/4fea0e3a-b978-493d-b2ed-b775cb1cfc79 has been successfully formatted.
2019-10-16 20:58:40,566 [pool-27-thread-1] INFO  ratis.ContainerStateMachine (ContainerStateMachine.java:loadSnapshot(233)) - group-B775CB1CFC79: The snapshot info is null. Setting the last applied indexto:(t:0, i:~)
2019-10-16 20:58:40,566 [pool-37-thread-1] INFO  ratis.ContainerStateMachine (ContainerStateMachine.java:loadSnapshot(233)) - group-B775CB1CFC79: The snapshot info is null. Setting the last applied indexto:(t:0, i:~)
2019-10-16 20:58:40,566 [pool-27-thread-1] INFO  server.RaftServerConfigKeys (ConfUtils.java:logGet(43)) - raft.server.notification.no-leader.timeout = 1000s (custom)
2019-10-16 20:58:40,566 [pool-47-thread-1] INFO  ratis.ContainerStateMachine (ContainerStateMachine.java:loadSnapshot(233)) - group-B775CB1CFC79: The snapshot info is null. Setting the last applied indexto:(t:0, i:~)
2019-10-16 20:58:40,566 [pool-27-thread-1] INFO  server.RaftServerConfigKeys (ConfUtils.java:logGet(43)) - raft.server.log.use.memory = false (default)
2019-10-16 20:58:40,566 [pool-37-thread-1] INFO  server.RaftServerConfigKeys (ConfUtils.java:logGet(43)) - raft.server.notification.no-leader.timeout = 1000s (custom)
2019-10-16 20:58:40,567 [pool-27-thread-1] INFO  server.RaftServerConfigKeys (ConfUtils.java:logGet(43)) - raft.server.log.purge.gap = 1000000 (custom)
2019-10-16 20:58:40,566 [pool-47-thread-1] INFO  server.RaftServerConfigKeys (ConfUtils.java:logGet(43)) - raft.server.notification.no-leader.timeout = 1000s (custom)
2019-10-16 20:58:40,567 [pool-27-thread-1] INFO  server.RaftServerConfigKeys (ConfUtils.java:logGet(43)) - raft.server.log.appender.buffer.byte-limit = 33554432 (custom)
2019-10-16 20:58:40,567 [pool-37-thread-1] INFO  server.RaftServerConfigKeys (ConfUtils.java:logGet(43)) - raft.server.log.use.memory = false (default)
2019-10-16 20:58:40,567 [pool-27-thread-1] INFO  server.RaftServerConfigKeys (ConfUtils.java:logGet(43)) - raft.server.log.segment.size.max = 1048576 (custom)
2019-10-16 20:58:40,567 [pool-47-thread-1] INFO  server.RaftServerConfigKeys (ConfUtils.java:logGet(43)) - raft.server.log.use.memory = false (default)
2019-10-16 20:58:40,567 [pool-27-thread-1] INFO  server.RaftServerConfigKeys (ConfUtils.java:logGet(43)) - raft.server.log.segment.cache.num.max = 2 (custom)
2019-10-16 20:58:40,567 [pool-37-thread-1] INFO  server.RaftServerConfigKeys (ConfUtils.java:logGet(43)) - raft.server.log.purge.gap = 1000000 (custom)
2019-10-16 20:58:40,568 [pool-27-thread-1] INFO  segmented.SegmentedRaftLogWorker (SegmentedRaftLogWorker.java:<init>(173)) - new 7d5bd66d-ed89-401c-bf86-050641c359fd@group-B775CB1CFC79-SegmentedRaftLogWorker for RaftStorage:Storage Directory /workdir/hadoop-ozone/integration-test/target/test-dir/MiniOzoneClusterImpl-612a4b9b-c8fe-4576-9448-f0de33cec420/datanode-0/data/ratis/4fea0e3a-b978-493d-b2ed-b775cb1cfc79
2019-10-16 20:58:40,567 [pool-47-thread-1] INFO  server.RaftServerConfigKeys (ConfUtils.java:logGet(43)) - raft.server.log.purge.gap = 1000000 (custom)
2019-10-16 20:58:40,568 [pool-27-thread-1] INFO  server.RaftServerConfigKeys (ConfUtils.java:logGet(43)) - raft.server.log.queue.byte-limit = 2147483647 (custom)
2019-10-16 20:58:40,568 [pool-37-thread-1] INFO  server.RaftServerConfigKeys (ConfUtils.java:logGet(43)) - raft.server.log.appender.buffer.byte-limit = 33554432 (custom)
2019-10-16 20:58:40,568 [pool-27-thread-1] INFO  server.RaftServerConfigKeys (ConfUtils.java:logGet(43)) - raft.server.log.queue.element-limit = 1024 (custom)
2019-10-16 20:58:40,568 [pool-47-thread-1] INFO  server.RaftServerConfigKeys (ConfUtils.java:logGet(43)) - raft.server.log.appender.buffer.byte-limit = 33554432 (custom)
2019-10-16 20:58:40,568 [pool-27-thread-1] INFO  server.RaftServerConfigKeys (ConfUtils.java:logGet(43)) - raft.server.log.segment.size.max = 1048576 (custom)
2019-10-16 20:58:40,568 [pool-37-thread-1] INFO  server.RaftServerConfigKeys (ConfUtils.java:logGet(43)) - raft.server.log.segment.size.max = 1048576 (custom)
2019-10-16 20:58:40,568 [pool-27-thread-1] INFO  server.RaftServerConfigKeys (ConfUtils.java:logGet(43)) - raft.server.log.preallocated.size = 16384 (custom)
2019-10-16 20:58:40,568 [pool-47-thread-1] INFO  server.RaftServerConfigKeys (ConfUtils.java:logGet(43)) - raft.server.log.segment.size.max = 1048576 (custom)
2019-10-16 20:58:40,569 [pool-27-thread-1] INFO  server.RaftServerConfigKeys (ConfUtils.java:logGet(43)) - raft.server.log.write.buffer.size = 33554432 (custom)
2019-10-16 20:58:40,569 [pool-37-thread-1] INFO  server.RaftServerConfigKeys (ConfUtils.java:logGet(43)) - raft.server.log.segment.cache.num.max = 2 (custom)
2019-10-16 20:58:40,569 [pool-27-thread-1] INFO  server.RaftServerConfigKeys (ConfUtils.java:logGet(43)) - raft.server.log.force.sync.num = 128 (default)
2019-10-16 20:58:40,569 [pool-47-thread-1] INFO  server.RaftServerConfigKeys (ConfUtils.java:logGet(43)) - raft.server.log.segment.cache.num.max = 2 (custom)
2019-10-16 20:58:40,569 [pool-27-thread-1] INFO  server.RaftServerConfigKeys (ConfUtils.java:logGet(43)) - raft.server.log.statemachine.data.sync = true (default)
2019-10-16 20:58:40,569 [pool-37-thread-1] INFO  segmented.SegmentedRaftLogWorker (SegmentedRaftLogWorker.java:<init>(173)) - new e2e26bef-7a80-470b-89dc-752ae9b76223@group-B775CB1CFC79-SegmentedRaftLogWorker for RaftStorage:Storage Directory /workdir/hadoop-ozone/integration-test/target/test-dir/MiniOzoneClusterImpl-612a4b9b-c8fe-4576-9448-f0de33cec420/datanode-1/data/ratis/4fea0e3a-b978-493d-b2ed-b775cb1cfc79
2019-10-16 20:58:40,569 [pool-27-thread-1] INFO  server.RaftServerConfigKeys (ConfUtils.java:logGet(43)) - raft.server.log.statemachine.data.sync.timeout = 10s (default)
2019-10-16 20:58:40,569 [pool-47-thread-1] INFO  segmented.SegmentedRaftLogWorker (SegmentedRaftLogWorker.java:<init>(173)) - new 7e02033f-e7de-4006-80be-ffeab2e3922a@group-B775CB1CFC79-SegmentedRaftLogWorker for RaftStorage:Storage Directory /workdir/hadoop-ozone/integration-test/target/test-dir/MiniOzoneClusterImpl-612a4b9b-c8fe-4576-9448-f0de33cec420/datanode-2/data/ratis/4fea0e3a-b978-493d-b2ed-b775cb1cfc79
2019-10-16 20:58:40,570 [pool-27-thread-1] INFO  server.RaftServerConfigKeys (ConfUtils.java:logGet(43)) - raft.server.log.statemachine.data.sync.timeout.retry = -1 (default)
2019-10-16 20:58:40,570 [pool-37-thread-1] INFO  server.RaftServerConfigKeys (ConfUtils.java:logGet(43)) - raft.server.log.queue.byte-limit = 2147483647 (custom)
2019-10-16 20:58:40,570 [pool-47-thread-1] INFO  server.RaftServerConfigKeys (ConfUtils.java:logGet(43)) - raft.server.log.queue.byte-limit = 2147483647 (custom)
2019-10-16 20:58:40,570 [pool-37-thread-1] INFO  server.RaftServerConfigKeys (ConfUtils.java:logGet(43)) - raft.server.log.queue.element-limit = 1024 (custom)
2019-10-16 20:58:40,570 [pool-27-thread-1] INFO  server.RaftServerConfigKeys (ConfUtils.java:logGet(43)) - raft.server.log.statemachine.data.caching.enabled = true (custom)
2019-10-16 20:58:40,570 [pool-37-thread-1] INFO  server.RaftServerConfigKeys (ConfUtils.java:logGet(43)) - raft.server.log.segment.size.max = 1048576 (custom)
2019-10-16 20:58:40,570 [pool-47-thread-1] INFO  server.RaftServerConfigKeys (ConfUtils.java:logGet(43)) - raft.server.log.queue.element-limit = 1024 (custom)
2019-10-16 20:58:40,571 [pool-27-thread-1] INFO  segmented.SegmentedRaftLogWorker (SegmentedRaftLogWorker.java:lambda$new$0(128)) - 7d5bd66d-ed89-401c-bf86-050641c359fd@group-B775CB1CFC79-SegmentedRaftLogWorker: flushIndex: setUnconditionally 0 -> -1
2019-10-16 20:58:40,570 [pool-37-thread-1] INFO  server.RaftServerConfigKeys (ConfUtils.java:logGet(43)) - raft.server.log.preallocated.size = 16384 (custom)
2019-10-16 20:58:40,571 [pool-47-thread-1] INFO  server.RaftServerConfigKeys (ConfUtils.java:logGet(43)) - raft.server.log.segment.size.max = 1048576 (custom)
2019-10-16 20:58:40,571 [pool-37-thread-1] INFO  server.RaftServerConfigKeys (ConfUtils.java:logGet(43)) - raft.server.log.write.buffer.size = 33554432 (custom)
2019-10-16 20:58:40,571 [pool-27-thread-1] INFO  server.RaftServerConfigKeys (ConfUtils.java:logGet(43)) - raft.server.snapshot.auto.trigger.enabled = true (custom)
2019-10-16 20:58:40,571 [pool-37-thread-1] INFO  server.RaftServerConfigKeys (ConfUtils.java:logGet(43)) - raft.server.log.force.sync.num = 128 (default)
2019-10-16 20:58:40,571 [pool-47-thread-1] INFO  server.RaftServerConfigKeys (ConfUtils.java:logGet(43)) - raft.server.log.preallocated.size = 16384 (custom)
2019-10-16 20:58:40,571 [pool-37-thread-1] INFO  server.RaftServerConfigKeys (ConfUtils.java:logGet(43)) - raft.server.log.statemachine.data.sync = true (default)
2019-10-16 20:58:40,571 [pool-27-thread-1] INFO  server.RaftServerConfigKeys (ConfUtils.java:logGet(43)) - raft.server.snapshot.auto.trigger.threshold = 10000 (custom)
2019-10-16 20:58:40,572 [pool-37-thread-1] INFO  server.RaftServerConfigKeys (ConfUtils.java:logGet(43)) - raft.server.log.statemachine.data.sync.timeout = 10s (default)
2019-10-16 20:58:40,572 [pool-27-thread-1] INFO  server.RaftServerConfigKeys (ConfUtils.java:logGet(43)) - raft.server.snapshot.retention.file.num = 5 (custom)
2019-10-16 20:58:40,572 [pool-47-thread-1] INFO  server.RaftServerConfigKeys (ConfUtils.java:logGet(43)) - raft.server.log.write.buffer.size = 33554432 (custom)
2019-10-16 20:58:40,572 [pool-27-thread-1] INFO  server.RaftServerConfigKeys (ConfUtils.java:logGet(43)) - raft.server.retrycache.expirytime = 600000ms (custom)
2019-10-16 20:58:40,572 [pool-37-thread-1] INFO  server.RaftServerConfigKeys (ConfUtils.java:logGet(43)) - raft.server.log.statemachine.data.sync.timeout.retry = -1 (default)
2019-10-16 20:58:40,572 [pool-47-thread-1] INFO  server.RaftServerConfigKeys (ConfUtils.java:logGet(43)) - raft.server.log.force.sync.num = 128 (default)
2019-10-16 20:58:40,572 [pool-47-thread-1] INFO  server.RaftServerConfigKeys (ConfUtils.java:logGet(43)) - raft.server.log.statemachine.data.sync = true (default)
2019-10-16 20:58:40,572 [pool-37-thread-1] INFO  server.RaftServerConfigKeys (ConfUtils.java:logGet(43)) - raft.server.log.statemachine.data.caching.enabled = true (custom)
2019-10-16 20:58:40,573 [pool-47-thread-1] INFO  server.RaftServerConfigKeys (ConfUtils.java:logGet(43)) - raft.server.log.statemachine.data.sync.timeout = 10s (default)
2019-10-16 20:58:40,573 [pool-47-thread-1] INFO  server.RaftServerConfigKeys (ConfUtils.java:logGet(43)) - raft.server.log.statemachine.data.sync.timeout.retry = -1 (default)
2019-10-16 20:58:40,573 [pool-37-thread-1] INFO  segmented.SegmentedRaftLogWorker (SegmentedRaftLogWorker.java:lambda$new$0(128)) - e2e26bef-7a80-470b-89dc-752ae9b76223@group-B775CB1CFC79-SegmentedRaftLogWorker: flushIndex: setUnconditionally 0 -> -1
2019-10-16 20:58:40,573 [pool-47-thread-1] INFO  server.RaftServerConfigKeys (ConfUtils.java:logGet(43)) - raft.server.log.statemachine.data.caching.enabled = true (custom)
2019-10-16 20:58:40,573 [pool-37-thread-1] INFO  server.RaftServerConfigKeys (ConfUtils.java:logGet(43)) - raft.server.snapshot.auto.trigger.enabled = true (custom)
2019-10-16 20:58:40,573 [pool-47-thread-1] INFO  segmented.SegmentedRaftLogWorker (SegmentedRaftLogWorker.java:lambda$new$0(128)) - 7e02033f-e7de-4006-80be-ffeab2e3922a@group-B775CB1CFC79-SegmentedRaftLogWorker: flushIndex: setUnconditionally 0 -> -1
2019-10-16 20:58:40,573 [pool-37-thread-1] INFO  server.RaftServerConfigKeys (ConfUtils.java:logGet(43)) - raft.server.snapshot.auto.trigger.threshold = 10000 (custom)
2019-10-16 20:58:40,574 [pool-47-thread-1] INFO  server.RaftServerConfigKeys (ConfUtils.java:logGet(43)) - raft.server.snapshot.auto.trigger.enabled = true (custom)
2019-10-16 20:58:40,574 [pool-37-thread-1] INFO  server.RaftServerConfigKeys (ConfUtils.java:logGet(43)) - raft.server.snapshot.retention.file.num = 5 (custom)
2019-10-16 20:58:40,574 [pool-47-thread-1] INFO  server.RaftServerConfigKeys (ConfUtils.java:logGet(43)) - raft.server.snapshot.auto.trigger.threshold = 10000 (custom)
2019-10-16 20:58:40,574 [pool-37-thread-1] INFO  server.RaftServerConfigKeys (ConfUtils.java:logGet(43)) - raft.server.retrycache.expirytime = 600000ms (custom)
2019-10-16 20:58:40,574 [pool-47-thread-1] INFO  server.RaftServerConfigKeys (ConfUtils.java:logGet(43)) - raft.server.snapshot.retention.file.num = 5 (custom)
2019-10-16 20:58:40,574 [pool-47-thread-1] INFO  server.RaftServerConfigKeys (ConfUtils.java:logGet(43)) - raft.server.retrycache.expirytime = 600000ms (custom)
2019-10-16 20:58:40,575 [pool-27-thread-1] INFO  impl.RaftServerImpl (RaftServerImpl.java:start(195)) - 7d5bd66d-ed89-401c-bf86-050641c359fd@group-B775CB1CFC79: start as a follower, conf=-1: [7d5bd66d-ed89-401c-bf86-050641c359fd:192.168.157.254:45704, e2e26bef-7a80-470b-89dc-752ae9b76223:192.168.157.254:36344, 7e02033f-e7de-4006-80be-ffeab2e3922a:192.168.157.254:33430], old=null
2019-10-16 20:58:40,575 [pool-27-thread-1] INFO  impl.RaftServerImpl (RaftServerImpl.java:setRole(184)) - 7d5bd66d-ed89-401c-bf86-050641c359fd@group-B775CB1CFC79: changes role from      null to FOLLOWER at term 0 for startAsFollower
2019-10-16 20:58:40,575 [pool-27-thread-1] INFO  impl.RoleInfo (RoleInfo.java:updateAndGet(143)) - 7d5bd66d-ed89-401c-bf86-050641c359fd: start FollowerState
2019-10-16 20:58:40,575 [pool-27-thread-1] INFO  util.JmxRegister (JmxRegister.java:tryRegister(44)) - Successfully registered JMX Bean with object name Ratis:service=RaftServer,group=group-B775CB1CFC79,id=7d5bd66d-ed89-401c-bf86-050641c359fd
2019-10-16 20:58:40,578 [pool-37-thread-1] INFO  impl.RaftServerImpl (RaftServerImpl.java:start(195)) - e2e26bef-7a80-470b-89dc-752ae9b76223@group-B775CB1CFC79: start as a follower, conf=-1: [7d5bd66d-ed89-401c-bf86-050641c359fd:192.168.157.254:45704, e2e26bef-7a80-470b-89dc-752ae9b76223:192.168.157.254:36344, 7e02033f-e7de-4006-80be-ffeab2e3922a:192.168.157.254:33430], old=null
2019-10-16 20:58:40,578 [pool-37-thread-1] INFO  impl.RaftServerImpl (RaftServerImpl.java:setRole(184)) - e2e26bef-7a80-470b-89dc-752ae9b76223@group-B775CB1CFC79: changes role from      null to FOLLOWER at term 0 for startAsFollower
2019-10-16 20:58:40,578 [pool-47-thread-1] INFO  impl.RaftServerImpl (RaftServerImpl.java:start(195)) - 7e02033f-e7de-4006-80be-ffeab2e3922a@group-B775CB1CFC79: start as a follower, conf=-1: [7d5bd66d-ed89-401c-bf86-050641c359fd:192.168.157.254:45704, e2e26bef-7a80-470b-89dc-752ae9b76223:192.168.157.254:36344, 7e02033f-e7de-4006-80be-ffeab2e3922a:192.168.157.254:33430], old=null
2019-10-16 20:58:40,578 [pool-37-thread-1] INFO  impl.RoleInfo (RoleInfo.java:updateAndGet(143)) - e2e26bef-7a80-470b-89dc-752ae9b76223: start FollowerState
2019-10-16 20:58:40,579 [pool-47-thread-1] INFO  impl.RaftServerImpl (RaftServerImpl.java:setRole(184)) - 7e02033f-e7de-4006-80be-ffeab2e3922a@group-B775CB1CFC79: changes role from      null to FOLLOWER at term 0 for startAsFollower
2019-10-16 20:58:40,579 [pool-47-thread-1] INFO  impl.RoleInfo (RoleInfo.java:updateAndGet(143)) - 7e02033f-e7de-4006-80be-ffeab2e3922a: start FollowerState
2019-10-16 20:58:40,579 [pool-37-thread-1] INFO  util.JmxRegister (JmxRegister.java:tryRegister(44)) - Successfully registered JMX Bean with object name Ratis:service=RaftServer,group=group-B775CB1CFC79,id=e2e26bef-7a80-470b-89dc-752ae9b76223
2019-10-16 20:58:40,579 [pool-47-thread-1] INFO  util.JmxRegister (JmxRegister.java:tryRegister(44)) - Successfully registered JMX Bean with object name Ratis:service=RaftServer,group=group-B775CB1CFC79,id=7e02033f-e7de-4006-80be-ffeab2e3922a
2019-10-16 20:58:40,603 [RatisPipelineUtilsThread] INFO  pipeline.PipelineStateManager (PipelineStateManager.java:addPipeline(57)) - Created pipeline Pipeline[ Id: 4fea0e3a-b978-493d-b2ed-b775cb1cfc79, Nodes: e2e26bef-7a80-470b-89dc-752ae9b76223{ip: 192.168.157.254, host: pr-hdds-1868-qdb9g-714931517, networkLocation: /default-rack, certSerialId: null}7e02033f-e7de-4006-80be-ffeab2e3922a{ip: 192.168.157.254, host: pr-hdds-1868-qdb9g-714931517, networkLocation: /default-rack, certSerialId: null}7d5bd66d-ed89-401c-bf86-050641c359fd{ip: 192.168.157.254, host: pr-hdds-1868-qdb9g-714931517, networkLocation: /default-rack, certSerialId: null}, Type:RATIS, Factor:THREE, State:ALLOCATED]
2019-10-16 20:58:40,605 [EventQueue-PipelineReportForPipelineReportHandler] INFO  pipeline.PipelineReportHandler (PipelineReportHandler.java:processPipelineReport(119)) - Pipeline PipelineID=85a9d6f5-fd65-4d52-b935-a2b88cd479b1 reported by 7d5bd66d-ed89-401c-bf86-050641c359fd{ip: 192.168.157.254, host: pr-hdds-1868-qdb9g-714931517, networkLocation: /default-rack, certSerialId: null} with leaderId 7d5bd66d-ed89-401c-bf86-050641c359fd
2019-10-16 20:58:40,605 [main] INFO  ozone.MiniOzoneClusterImpl (MiniOzoneClusterImpl.java:lambda$waitForClusterToBeReady$2(164)) - Waiting for 4 number of pipelines out of 4, to report a leader.
2019-10-16 20:58:40,610 [EventQueue-PipelineReportForPipelineReportHandler] INFO  pipeline.PipelineStateManager (PipelineStateManager.java:openPipeline(136)) - Pipeline Pipeline[ Id: 85a9d6f5-fd65-4d52-b935-a2b88cd479b1, Nodes: 7d5bd66d-ed89-401c-bf86-050641c359fd{ip: 192.168.157.254, host: pr-hdds-1868-qdb9g-714931517, networkLocation: /default-rack, certSerialId: null}, Type:RATIS, Factor:ONE, State:OPEN] moved to OPEN state
2019-10-16 20:58:40,610 [EventQueue-PipelineReportForPipelineReportHandler] INFO  pipeline.PipelineReportHandler (PipelineReportHandler.java:processPipelineReport(119)) - Pipeline PipelineID=d111cb42-efbf-4ff9-b527-d1101ba3ac01 reported by e2e26bef-7a80-470b-89dc-752ae9b76223{ip: 192.168.157.254, host: pr-hdds-1868-qdb9g-714931517, networkLocation: /default-rack, certSerialId: null} with leaderId e2e26bef-7a80-470b-89dc-752ae9b76223
2019-10-16 20:58:40,610 [EventQueue-PipelineReportForPipelineReportHandler] INFO  pipeline.PipelineStateManager (PipelineStateManager.java:openPipeline(136)) - Pipeline Pipeline[ Id: d111cb42-efbf-4ff9-b527-d1101ba3ac01, Nodes: e2e26bef-7a80-470b-89dc-752ae9b76223{ip: 192.168.157.254, host: pr-hdds-1868-qdb9g-714931517, networkLocation: /default-rack, certSerialId: null}, Type:RATIS, Factor:ONE, State:OPEN] moved to OPEN state
2019-10-16 20:58:40,634 [Thread-194] INFO  impl.FollowerState (FollowerState.java:run(108)) - 7e02033f-e7de-4006-80be-ffeab2e3922a@group-EE94ED21B3B2-FollowerState: change to CANDIDATE, lastRpcTime:143ms, electionTimeout:143ms
2019-10-16 20:58:40,635 [Thread-194] INFO  impl.RoleInfo (RoleInfo.java:shutdownFollowerState(121)) - 7e02033f-e7de-4006-80be-ffeab2e3922a: shutdown FollowerState
2019-10-16 20:58:40,635 [Thread-194] INFO  impl.RaftServerImpl (RaftServerImpl.java:setRole(184)) - 7e02033f-e7de-4006-80be-ffeab2e3922a@group-EE94ED21B3B2: changes role from  FOLLOWER to CANDIDATE at term 0 for changeToCandidate
2019-10-16 20:58:40,635 [Thread-194] INFO  impl.RoleInfo (RoleInfo.java:updateAndGet(143)) - 7e02033f-e7de-4006-80be-ffeab2e3922a: start LeaderElection
2019-10-16 20:58:40,662 [Thread-203] INFO  impl.FollowerState (FollowerState.java:run(108)) - 7e02033f-e7de-4006-80be-ffeab2e3922a@group-B775CB1CFC79-FollowerState: change to CANDIDATE, lastRpcTime:83ms, electionTimeout:82ms
2019-10-16 20:58:40,664 [Thread-203] INFO  impl.RoleInfo (RoleInfo.java:shutdownFollowerState(121)) - 7e02033f-e7de-4006-80be-ffeab2e3922a: shutdown FollowerState
2019-10-16 20:58:40,665 [Thread-203] INFO  impl.RaftServerImpl (RaftServerImpl.java:setRole(184)) - 7e02033f-e7de-4006-80be-ffeab2e3922a@group-B775CB1CFC79: changes role from  FOLLOWER to CANDIDATE at term 0 for changeToCandidate
2019-10-16 20:58:40,665 [Thread-203] INFO  impl.RoleInfo (RoleInfo.java:updateAndGet(143)) - 7e02033f-e7de-4006-80be-ffeab2e3922a: start LeaderElection
2019-10-16 20:58:40,678 [e2e26bef-7a80-470b-89dc-752ae9b76223@group-D1101BA3AC01-SegmentedRaftLogWorker] INFO  segmented.SegmentedRaftLogWorker (SegmentedRaftLogWorker.java:execute(576)) - e2e26bef-7a80-470b-89dc-752ae9b76223@group-D1101BA3AC01-SegmentedRaftLogWorker: created new log segment /workdir/hadoop-ozone/integration-test/target/test-dir/MiniOzoneClusterImpl-612a4b9b-c8fe-4576-9448-f0de33cec420/datanode-1/data/ratis/d111cb42-efbf-4ff9-b527-d1101ba3ac01/current/log_inprogress_0
2019-10-16 20:58:40,678 [7d5bd66d-ed89-401c-bf86-050641c359fd@group-A2B88CD479B1-SegmentedRaftLogWorker] INFO  segmented.SegmentedRaftLogWorker (SegmentedRaftLogWorker.java:execute(576)) - 7d5bd66d-ed89-401c-bf86-050641c359fd@group-A2B88CD479B1-SegmentedRaftLogWorker: created new log segment /workdir/hadoop-ozone/integration-test/target/test-dir/MiniOzoneClusterImpl-612a4b9b-c8fe-4576-9448-f0de33cec420/datanode-0/data/ratis/85a9d6f5-fd65-4d52-b935-a2b88cd479b1/current/log_inprogress_0
2019-10-16 20:58:40,678 [7e02033f-e7de-4006-80be-ffeab2e3922a@group-EE94ED21B3B2-LeaderElection3] INFO  impl.LeaderElection (LeaderElection.java:askForVotes(178)) - 7e02033f-e7de-4006-80be-ffeab2e3922a@group-EE94ED21B3B2-LeaderElection3: begin an election at term 1 for -1: [7e02033f-e7de-4006-80be-ffeab2e3922a:192.168.157.254:33430], old=null
2019-10-16 20:58:40,678 [7e02033f-e7de-4006-80be-ffeab2e3922a@group-B775CB1CFC79-LeaderElection4] INFO  impl.LeaderElection (LeaderElection.java:askForVotes(178)) - 7e02033f-e7de-4006-80be-ffeab2e3922a@group-B775CB1CFC79-LeaderElection4: begin an election at term 1 for -1: [7d5bd66d-ed89-401c-bf86-050641c359fd:192.168.157.254:45704, e2e26bef-7a80-470b-89dc-752ae9b76223:192.168.157.254:36344, 7e02033f-e7de-4006-80be-ffeab2e3922a:192.168.157.254:33430], old=null
2019-10-16 20:58:40,678 [7e02033f-e7de-4006-80be-ffeab2e3922a@group-EE94ED21B3B2-LeaderElection3] INFO  impl.RoleInfo (RoleInfo.java:shutdownLeaderElection(134)) - 7e02033f-e7de-4006-80be-ffeab2e3922a: shutdown LeaderElection
2019-10-16 20:58:40,679 [7e02033f-e7de-4006-80be-ffeab2e3922a@group-EE94ED21B3B2-LeaderElection3] INFO  impl.RaftServerImpl (RaftServerImpl.java:setRole(184)) - 7e02033f-e7de-4006-80be-ffeab2e3922a@group-EE94ED21B3B2: changes role from CANDIDATE to LEADER at term 1 for changeToLeader
2019-10-16 20:58:40,679 [7e02033f-e7de-4006-80be-ffeab2e3922a@group-EE94ED21B3B2-LeaderElection3] INFO  ratis.XceiverServerRatis (XceiverServerRatis.java:handleLeaderChangedNotification(700)) - Leader change notification received for group: group-EE94ED21B3B2 with new leaderId: 7e02033f-e7de-4006-80be-ffeab2e3922a
2019-10-16 20:58:40,679 [7e02033f-e7de-4006-80be-ffeab2e3922a@group-EE94ED21B3B2-LeaderElection3] INFO  impl.RaftServerImpl (ServerState.java:setLeader(256)) - 7e02033f-e7de-4006-80be-ffeab2e3922a@group-EE94ED21B3B2: change Leader from null to 7e02033f-e7de-4006-80be-ffeab2e3922a at term 1 for becomeLeader, leader elected after 205ms
2019-10-16 20:58:40,679 [7e02033f-e7de-4006-80be-ffeab2e3922a@group-EE94ED21B3B2-LeaderElection3] INFO  server.RaftServerConfigKeys (ConfUtils.java:logGet(43)) - raft.server.staging.catchup.gap = 1000 (default)
2019-10-16 20:58:40,679 [7e02033f-e7de-4006-80be-ffeab2e3922a@group-EE94ED21B3B2-LeaderElection3] INFO  server.RaftServerConfigKeys (ConfUtils.java:logGet(43)) - raft.server.rpc.sleep.time = 25ms (default)
2019-10-16 20:58:40,680 [7e02033f-e7de-4006-80be-ffeab2e3922a@group-EE94ED21B3B2-LeaderElection3] INFO  server.RaftServerConfigKeys (ConfUtils.java:logGet(43)) - raft.server.write.element-limit = 4096 (default)
2019-10-16 20:58:40,680 [7e02033f-e7de-4006-80be-ffeab2e3922a@group-EE94ED21B3B2-LeaderElection3] INFO  server.RaftServerConfigKeys (ConfUtils.java:logGet(43)) - raft.server.watch.timeout = 10s (default)
2019-10-16 20:58:40,680 [7e02033f-e7de-4006-80be-ffeab2e3922a@group-EE94ED21B3B2-LeaderElection3] INFO  server.RaftServerConfigKeys (ConfUtils.java:logGet(43)) - raft.server.watch.timeout.denomination = 1s (default)
2019-10-16 20:58:40,681 [7e02033f-e7de-4006-80be-ffeab2e3922a@group-EE94ED21B3B2-LeaderElection3] INFO  server.RaftServerConfigKeys (ConfUtils.java:logGet(43)) - raft.server.watch.element-limit = 65536 (default)
2019-10-16 20:58:40,682 [EventQueue-PipelineReportForPipelineReportHandler] INFO  pipeline.PipelineReportHandler (PipelineReportHandler.java:processPipelineReport(119)) - Pipeline PipelineID=4fea0e3a-b978-493d-b2ed-b775cb1cfc79 reported by 7e02033f-e7de-4006-80be-ffeab2e3922a{ip: 192.168.157.254, host: pr-hdds-1868-qdb9g-714931517, networkLocation: /default-rack, certSerialId: null} with leaderId 
2019-10-16 20:58:40,682 [EventQueue-PipelineReportForPipelineReportHandler] INFO  pipeline.PipelineReportHandler (PipelineReportHandler.java:processPipelineReport(119)) - Pipeline PipelineID=8584538a-5077-40cb-9908-ee94ed21b3b2 reported by 7e02033f-e7de-4006-80be-ffeab2e3922a{ip: 192.168.157.254, host: pr-hdds-1868-qdb9g-714931517, networkLocation: /default-rack, certSerialId: null} with leaderId 7e02033f-e7de-4006-80be-ffeab2e3922a
2019-10-16 20:58:40,683 [EventQueue-PipelineReportForPipelineReportHandler] INFO  pipeline.PipelineStateManager (PipelineStateManager.java:openPipeline(136)) - Pipeline Pipeline[ Id: 8584538a-5077-40cb-9908-ee94ed21b3b2, Nodes: 7e02033f-e7de-4006-80be-ffeab2e3922a{ip: 192.168.157.254, host: pr-hdds-1868-qdb9g-714931517, networkLocation: /default-rack, certSerialId: null}, Type:RATIS, Factor:ONE, State:OPEN] moved to OPEN state
2019-10-16 20:58:40,684 [7e02033f-e7de-4006-80be-ffeab2e3922a@group-EE94ED21B3B2-LeaderElection3] INFO  impl.RoleInfo (RoleInfo.java:updateAndGet(143)) - 7e02033f-e7de-4006-80be-ffeab2e3922a: start LeaderState
2019-10-16 20:58:40,684 [7e02033f-e7de-4006-80be-ffeab2e3922a@group-EE94ED21B3B2-LeaderElection3] INFO  segmented.SegmentedRaftLogWorker (SegmentedRaftLogWorker.java:startLogSegment(385)) - 7e02033f-e7de-4006-80be-ffeab2e3922a@group-EE94ED21B3B2-SegmentedRaftLogWorker: Starting segment from index:0
2019-10-16 20:58:40,686 [7e02033f-e7de-4006-80be-ffeab2e3922a@group-EE94ED21B3B2-LeaderElection3] INFO  impl.RaftServerImpl (ServerState.java:setRaftConf(357)) - 7e02033f-e7de-4006-80be-ffeab2e3922a@group-EE94ED21B3B2: set configuration 0: [7e02033f-e7de-4006-80be-ffeab2e3922a:192.168.157.254:33430], old=null at 0
2019-10-16 20:58:40,717 [Thread-201] INFO  impl.FollowerState (FollowerState.java:run(108)) - 7d5bd66d-ed89-401c-bf86-050641c359fd@group-B775CB1CFC79-FollowerState: change to CANDIDATE, lastRpcTime:142ms, electionTimeout:121ms
2019-10-16 20:58:40,721 [Thread-201] INFO  impl.RoleInfo (RoleInfo.java:shutdownFollowerState(121)) - 7d5bd66d-ed89-401c-bf86-050641c359fd: shutdown FollowerState
2019-10-16 20:58:40,722 [Thread-201] INFO  impl.RaftServerImpl (RaftServerImpl.java:setRole(184)) - 7d5bd66d-ed89-401c-bf86-050641c359fd@group-B775CB1CFC79: changes role from  FOLLOWER to CANDIDATE at term 0 for changeToCandidate
2019-10-16 20:58:40,723 [Thread-201] INFO  impl.RoleInfo (RoleInfo.java:updateAndGet(143)) - 7d5bd66d-ed89-401c-bf86-050641c359fd: start LeaderElection
2019-10-16 20:58:40,730 [7e02033f-e7de-4006-80be-ffeab2e3922a@group-EE94ED21B3B2-SegmentedRaftLogWorker] INFO  segmented.SegmentedRaftLogWorker (SegmentedRaftLogWorker.java:execute(576)) - 7e02033f-e7de-4006-80be-ffeab2e3922a@group-EE94ED21B3B2-SegmentedRaftLogWorker: created new log segment /workdir/hadoop-ozone/integration-test/target/test-dir/MiniOzoneClusterImpl-612a4b9b-c8fe-4576-9448-f0de33cec420/datanode-2/data/ratis/8584538a-5077-40cb-9908-ee94ed21b3b2/current/log_inprogress_0
2019-10-16 20:58:40,734 [7d5bd66d-ed89-401c-bf86-050641c359fd@group-B775CB1CFC79-LeaderElection5] INFO  impl.LeaderElection (LeaderElection.java:askForVotes(178)) - 7d5bd66d-ed89-401c-bf86-050641c359fd@group-B775CB1CFC79-LeaderElection5: begin an election at term 1 for -1: [7d5bd66d-ed89-401c-bf86-050641c359fd:192.168.157.254:45704, e2e26bef-7a80-470b-89dc-752ae9b76223:192.168.157.254:36344, 7e02033f-e7de-4006-80be-ffeab2e3922a:192.168.157.254:33430], old=null
2019-10-16 20:58:40,739 [7d5bd66d-ed89-401c-bf86-050641c359fd@group-B775CB1CFC79-LeaderElection5] INFO  impl.LeaderElection (LeaderElection.java:logAndReturn(56)) - 7d5bd66d-ed89-401c-bf86-050641c359fd@group-B775CB1CFC79-LeaderElection5: Election TIMEOUT; received 0 response(s) [] and 0 exception(s); 7d5bd66d-ed89-401c-bf86-050641c359fd@group-B775CB1CFC79:t1, leader=null, voted=7d5bd66d-ed89-401c-bf86-050641c359fd, raftlog=7d5bd66d-ed89-401c-bf86-050641c359fd@group-B775CB1CFC79-SegmentedRaftLog:OPENED:c-1,f-1,i0, conf=-1: [7d5bd66d-ed89-401c-bf86-050641c359fd:192.168.157.254:45704, e2e26bef-7a80-470b-89dc-752ae9b76223:192.168.157.254:36344, 7e02033f-e7de-4006-80be-ffeab2e3922a:192.168.157.254:33430], old=null
2019-10-16 20:58:40,747 [7d5bd66d-ed89-401c-bf86-050641c359fd@group-B775CB1CFC79-LeaderElection5] INFO  impl.LeaderElection (LeaderElection.java:askForVotes(178)) - 7d5bd66d-ed89-401c-bf86-050641c359fd@group-B775CB1CFC79-LeaderElection5: begin an election at term 2 for -1: [7d5bd66d-ed89-401c-bf86-050641c359fd:192.168.157.254:45704, e2e26bef-7a80-470b-89dc-752ae9b76223:192.168.157.254:36344, 7e02033f-e7de-4006-80be-ffeab2e3922a:192.168.157.254:33430], old=null
2019-10-16 20:58:40,750 [grpc-default-executor-1] INFO  impl.RaftServerImpl (RaftServerImpl.java:setRole(184)) - e2e26bef-7a80-470b-89dc-752ae9b76223@group-B775CB1CFC79: changes role from  FOLLOWER to FOLLOWER at term 1 for recognizeCandidate:7e02033f-e7de-4006-80be-ffeab2e3922a
2019-10-16 20:58:40,751 [grpc-default-executor-1] INFO  impl.RoleInfo (RoleInfo.java:shutdownFollowerState(121)) - e2e26bef-7a80-470b-89dc-752ae9b76223: shutdown FollowerState
2019-10-16 20:58:40,751 [Thread-202] INFO  impl.FollowerState (FollowerState.java:run(117)) - e2e26bef-7a80-470b-89dc-752ae9b76223@group-B775CB1CFC79-FollowerState was interrupted: java.lang.InterruptedException: sleep interrupted
2019-10-16 20:58:40,751 [grpc-default-executor-1] INFO  impl.RoleInfo (RoleInfo.java:updateAndGet(143)) - e2e26bef-7a80-470b-89dc-752ae9b76223: start FollowerState
2019-10-16 20:58:40,759 [7e02033f-e7de-4006-80be-ffeab2e3922a@group-B775CB1CFC79-LeaderElection4] INFO  impl.LeaderElection (LeaderElection.java:logAndReturn(56)) - 7e02033f-e7de-4006-80be-ffeab2e3922a@group-B775CB1CFC79-LeaderElection4: Election DISCOVERED_A_NEW_TERM; received 1 response(s) [7e02033f-e7de-4006-80be-ffeab2e3922a<-7d5bd66d-ed89-401c-bf86-050641c359fd#0:FAIL-t2] and 0 exception(s); 7e02033f-e7de-4006-80be-ffeab2e3922a@group-B775CB1CFC79:t1, leader=null, voted=7e02033f-e7de-4006-80be-ffeab2e3922a, raftlog=7e02033f-e7de-4006-80be-ffeab2e3922a@group-B775CB1CFC79-SegmentedRaftLog:OPENED:c-1,f-1,i0, conf=-1: [7d5bd66d-ed89-401c-bf86-050641c359fd:192.168.157.254:45704, e2e26bef-7a80-470b-89dc-752ae9b76223:192.168.157.254:36344, 7e02033f-e7de-4006-80be-ffeab2e3922a:192.168.157.254:33430], old=null
2019-10-16 20:58:40,759 [7e02033f-e7de-4006-80be-ffeab2e3922a@group-B775CB1CFC79-LeaderElection4] INFO  impl.RaftServerImpl (RaftServerImpl.java:setRole(184)) - 7e02033f-e7de-4006-80be-ffeab2e3922a@group-B775CB1CFC79: changes role from CANDIDATE to FOLLOWER at term 2 for DISCOVERED_A_NEW_TERM
2019-10-16 20:58:40,760 [7e02033f-e7de-4006-80be-ffeab2e3922a@group-B775CB1CFC79-LeaderElection4] INFO  impl.RoleInfo (RoleInfo.java:shutdownLeaderElection(134)) - 7e02033f-e7de-4006-80be-ffeab2e3922a: shutdown LeaderElection
2019-10-16 20:58:40,760 [7e02033f-e7de-4006-80be-ffeab2e3922a@group-B775CB1CFC79-LeaderElection4] INFO  impl.RoleInfo (RoleInfo.java:updateAndGet(143)) - 7e02033f-e7de-4006-80be-ffeab2e3922a: start FollowerState
2019-10-16 20:58:40,775 [grpc-default-executor-0] INFO  impl.RaftServerImpl (RaftServerImpl.java:setRole(184)) - e2e26bef-7a80-470b-89dc-752ae9b76223@group-B775CB1CFC79: changes role from  FOLLOWER to FOLLOWER at term 2 for recognizeCandidate:7d5bd66d-ed89-401c-bf86-050641c359fd
2019-10-16 20:58:40,776 [grpc-default-executor-3] INFO  impl.RaftServerImpl (RaftServerImpl.java:setRole(184)) - 7e02033f-e7de-4006-80be-ffeab2e3922a@group-B775CB1CFC79: changes role from  FOLLOWER to FOLLOWER at term 2 for recognizeCandidate:7d5bd66d-ed89-401c-bf86-050641c359fd
2019-10-16 20:58:40,776 [grpc-default-executor-0] INFO  impl.RoleInfo (RoleInfo.java:shutdownFollowerState(121)) - e2e26bef-7a80-470b-89dc-752ae9b76223: shutdown FollowerState
2019-10-16 20:58:40,776 [grpc-default-executor-3] INFO  impl.RoleInfo (RoleInfo.java:shutdownFollowerState(121)) - 7e02033f-e7de-4006-80be-ffeab2e3922a: shutdown FollowerState
2019-10-16 20:58:40,776 [grpc-default-executor-0] INFO  impl.RoleInfo (RoleInfo.java:updateAndGet(143)) - e2e26bef-7a80-470b-89dc-752ae9b76223: start FollowerState
2019-10-16 20:58:40,776 [Thread-221] INFO  impl.FollowerState (FollowerState.java:run(117)) - 7e02033f-e7de-4006-80be-ffeab2e3922a@group-B775CB1CFC79-FollowerState was interrupted: java.lang.InterruptedException: sleep interrupted
2019-10-16 20:58:40,776 [grpc-default-executor-3] INFO  impl.RoleInfo (RoleInfo.java:updateAndGet(143)) - 7e02033f-e7de-4006-80be-ffeab2e3922a: start FollowerState
2019-10-16 20:58:40,791 [Thread-220] INFO  impl.FollowerState (FollowerState.java:run(108)) - e2e26bef-7a80-470b-89dc-752ae9b76223@group-B775CB1CFC79-FollowerState: change to CANDIDATE, lastRpcTime:14ms, electionTimeout:8ms
2019-10-16 20:58:40,791 [Thread-220] INFO  impl.RoleInfo (RoleInfo.java:shutdownFollowerState(121)) - e2e26bef-7a80-470b-89dc-752ae9b76223: shutdown FollowerState
2019-10-16 20:58:40,791 [Thread-220] INFO  impl.RaftServerImpl (RaftServerImpl.java:setRole(184)) - e2e26bef-7a80-470b-89dc-752ae9b76223@group-B775CB1CFC79: changes role from  FOLLOWER to CANDIDATE at term 2 for changeToCandidate
2019-10-16 20:58:40,791 [Thread-222] INFO  impl.FollowerState (FollowerState.java:run(117)) - e2e26bef-7a80-470b-89dc-752ae9b76223@group-B775CB1CFC79-FollowerState was interrupted: java.lang.InterruptedException: sleep interrupted
2019-10-16 20:58:40,791 [Thread-220] INFO  impl.RoleInfo (RoleInfo.java:updateAndGet(143)) - e2e26bef-7a80-470b-89dc-752ae9b76223: start LeaderElection
2019-10-16 20:58:40,795 [7d5bd66d-ed89-401c-bf86-050641c359fd@group-B775CB1CFC79-LeaderElection5] INFO  impl.LeaderElection (LeaderElection.java:logAndReturn(56)) - 7d5bd66d-ed89-401c-bf86-050641c359fd@group-B775CB1CFC79-LeaderElection5: Election PASSED; received 1 response(s) [7d5bd66d-ed89-401c-bf86-050641c359fd<-7e02033f-e7de-4006-80be-ffeab2e3922a#0:OK-t2] and 0 exception(s); 7d5bd66d-ed89-401c-bf86-050641c359fd@group-B775CB1CFC79:t2, leader=null, voted=7d5bd66d-ed89-401c-bf86-050641c359fd, raftlog=7d5bd66d-ed89-401c-bf86-050641c359fd@group-B775CB1CFC79-SegmentedRaftLog:OPENED:c-1,f-1,i0, conf=-1: [7d5bd66d-ed89-401c-bf86-050641c359fd:192.168.157.254:45704, e2e26bef-7a80-470b-89dc-752ae9b76223:192.168.157.254:36344, 7e02033f-e7de-4006-80be-ffeab2e3922a:192.168.157.254:33430], old=null
2019-10-16 20:58:40,795 [7d5bd66d-ed89-401c-bf86-050641c359fd@group-B775CB1CFC79-LeaderElection5] INFO  impl.RoleInfo (RoleInfo.java:shutdownLeaderElection(134)) - 7d5bd66d-ed89-401c-bf86-050641c359fd: shutdown LeaderElection
2019-10-16 20:58:40,796 [7d5bd66d-ed89-401c-bf86-050641c359fd@group-B775CB1CFC79-LeaderElection5] INFO  impl.RaftServerImpl (RaftServerImpl.java:setRole(184)) - 7d5bd66d-ed89-401c-bf86-050641c359fd@group-B775CB1CFC79: changes role from CANDIDATE to LEADER at term 2 for changeToLeader
2019-10-16 20:58:40,796 [7d5bd66d-ed89-401c-bf86-050641c359fd@group-B775CB1CFC79-LeaderElection5] INFO  ratis.XceiverServerRatis (XceiverServerRatis.java:handleLeaderChangedNotification(700)) - Leader change notification received for group: group-B775CB1CFC79 with new leaderId: 7d5bd66d-ed89-401c-bf86-050641c359fd
2019-10-16 20:58:40,796 [7d5bd66d-ed89-401c-bf86-050641c359fd@group-B775CB1CFC79-LeaderElection5] INFO  impl.RaftServerImpl (ServerState.java:setLeader(256)) - 7d5bd66d-ed89-401c-bf86-050641c359fd@group-B775CB1CFC79: change Leader from null to 7d5bd66d-ed89-401c-bf86-050641c359fd at term 2 for becomeLeader, leader elected after 229ms
2019-10-16 20:58:40,796 [7d5bd66d-ed89-401c-bf86-050641c359fd@group-B775CB1CFC79-LeaderElection5] INFO  server.RaftServerConfigKeys (ConfUtils.java:logGet(43)) - raft.server.staging.catchup.gap = 1000 (default)
2019-10-16 20:58:40,796 [7d5bd66d-ed89-401c-bf86-050641c359fd@group-B775CB1CFC79-LeaderElection5] INFO  server.RaftServerConfigKeys (ConfUtils.java:logGet(43)) - raft.server.rpc.sleep.time = 25ms (default)
2019-10-16 20:58:40,796 [7d5bd66d-ed89-401c-bf86-050641c359fd@group-B775CB1CFC79-LeaderElection5] INFO  server.RaftServerConfigKeys (ConfUtils.java:logGet(43)) - raft.server.write.element-limit = 4096 (default)
2019-10-16 20:58:40,797 [7d5bd66d-ed89-401c-bf86-050641c359fd@group-B775CB1CFC79-LeaderElection5] INFO  server.RaftServerConfigKeys (ConfUtils.java:logGet(43)) - raft.server.watch.timeout = 10s (default)
2019-10-16 20:58:40,797 [7d5bd66d-ed89-401c-bf86-050641c359fd@group-B775CB1CFC79-LeaderElection5] INFO  server.RaftServerConfigKeys (ConfUtils.java:logGet(43)) - raft.server.watch.timeout.denomination = 1s (default)
2019-10-16 20:58:40,797 [7d5bd66d-ed89-401c-bf86-050641c359fd@group-B775CB1CFC79-LeaderElection5] INFO  server.RaftServerConfigKeys (ConfUtils.java:logGet(43)) - raft.server.watch.element-limit = 65536 (default)
2019-10-16 20:58:40,799 [EventQueue-PipelineReportForPipelineReportHandler] INFO  pipeline.PipelineReportHandler (PipelineReportHandler.java:processPipelineReport(119)) - Pipeline PipelineID=4fea0e3a-b978-493d-b2ed-b775cb1cfc79 reported by 7d5bd66d-ed89-401c-bf86-050641c359fd{ip: 192.168.157.254, host: pr-hdds-1868-qdb9g-714931517, networkLocation: /default-rack, certSerialId: null} with leaderId 7d5bd66d-ed89-401c-bf86-050641c359fd
2019-10-16 20:58:40,804 [7d5bd66d-ed89-401c-bf86-050641c359fd@group-B775CB1CFC79-LeaderElection5] INFO  server.RaftServerConfigKeys (ConfUtils.java:logGet(43)) - raft.server.log.appender.snapshot.chunk.size.max = 16MB (=16777216) (default)
2019-10-16 20:58:40,804 [7d5bd66d-ed89-401c-bf86-050641c359fd@group-B775CB1CFC79-LeaderElection5] INFO  server.RaftServerConfigKeys (ConfUtils.java:logGet(43)) - raft.server.log.appender.buffer.byte-limit = 33554432 (custom)
2019-10-16 20:58:40,805 [7d5bd66d-ed89-401c-bf86-050641c359fd@group-B775CB1CFC79-LeaderElection5] INFO  server.RaftServerConfigKeys (ConfUtils.java:logGet(43)) - raft.server.log.appender.buffer.element-limit = 1 (custom)
2019-10-16 20:58:40,805 [e2e26bef-7a80-470b-89dc-752ae9b76223@group-B775CB1CFC79-LeaderElection6] INFO  impl.LeaderElection (LeaderElection.java:askForVotes(178)) - e2e26bef-7a80-470b-89dc-752ae9b76223@group-B775CB1CFC79-LeaderElection6: begin an election at term 3 for -1: [7d5bd66d-ed89-401c-bf86-050641c359fd:192.168.157.254:45704, e2e26bef-7a80-470b-89dc-752ae9b76223:192.168.157.254:36344, 7e02033f-e7de-4006-80be-ffeab2e3922a:192.168.157.254:33430], old=null
2019-10-16 20:58:40,808 [7d5bd66d-ed89-401c-bf86-050641c359fd@group-B775CB1CFC79-LeaderElection5] INFO  grpc.GrpcConfigKeys$Server (ConfUtils.java:logGet(43)) - raft.grpc.server.leader.outstanding.appends.max = 128 (default)
2019-10-16 20:58:40,810 [7d5bd66d-ed89-401c-bf86-050641c359fd@group-B775CB1CFC79-LeaderElection5] INFO  server.RaftServerConfigKeys (ConfUtils.java:logGet(43)) - raft.server.rpc.request.timeout = 3000ms (default)
2019-10-16 20:58:40,810 [7d5bd66d-ed89-401c-bf86-050641c359fd@group-B775CB1CFC79-LeaderElection5] INFO  server.RaftServerConfigKeys (ConfUtils.java:logGet(43)) - raft.server.log.appender.install.snapshot.enabled = false (custom)
2019-10-16 20:58:40,814 [grpc-default-executor-0] INFO  impl.RaftServerImpl (RaftServerImpl.java:setRole(184)) - 7e02033f-e7de-4006-80be-ffeab2e3922a@group-B775CB1CFC79: changes role from  FOLLOWER to FOLLOWER at term 3 for recognizeCandidate:e2e26bef-7a80-470b-89dc-752ae9b76223
2019-10-16 20:58:40,814 [grpc-default-executor-0] INFO  impl.RoleInfo (RoleInfo.java:shutdownFollowerState(121)) - 7e02033f-e7de-4006-80be-ffeab2e3922a: shutdown FollowerState
2019-10-16 20:58:40,814 [Thread-223] INFO  impl.FollowerState (FollowerState.java:run(117)) - 7e02033f-e7de-4006-80be-ffeab2e3922a@group-B775CB1CFC79-FollowerState was interrupted: java.lang.InterruptedException: sleep interrupted
2019-10-16 20:58:40,814 [grpc-default-executor-0] INFO  impl.RoleInfo (RoleInfo.java:updateAndGet(143)) - 7e02033f-e7de-4006-80be-ffeab2e3922a: start FollowerState
2019-10-16 20:58:40,814 [7d5bd66d-ed89-401c-bf86-050641c359fd@group-B775CB1CFC79-LeaderElection5] INFO  server.RaftServerConfigKeys (ConfUtils.java:logGet(43)) - raft.server.log.appender.snapshot.chunk.size.max = 16MB (=16777216) (default)
2019-10-16 20:58:40,815 [7d5bd66d-ed89-401c-bf86-050641c359fd@group-B775CB1CFC79-LeaderElection5] INFO  server.RaftServerConfigKeys (ConfUtils.java:logGet(43)) - raft.server.log.appender.buffer.byte-limit = 33554432 (custom)
2019-10-16 20:58:40,815 [7d5bd66d-ed89-401c-bf86-050641c359fd@group-B775CB1CFC79-LeaderElection5] INFO  server.RaftServerConfigKeys (ConfUtils.java:logGet(43)) - raft.server.log.appender.buffer.element-limit = 1 (custom)
2019-10-16 20:58:40,815 [7d5bd66d-ed89-401c-bf86-050641c359fd@group-B775CB1CFC79-LeaderElection5] INFO  grpc.GrpcConfigKeys$Server (ConfUtils.java:logGet(43)) - raft.grpc.server.leader.outstanding.appends.max = 128 (default)
2019-10-16 20:58:40,815 [7d5bd66d-ed89-401c-bf86-050641c359fd@group-B775CB1CFC79-LeaderElection5] INFO  server.RaftServerConfigKeys (ConfUtils.java:logGet(43)) - raft.server.rpc.request.timeout = 3000ms (default)
2019-10-16 20:58:40,816 [7d5bd66d-ed89-401c-bf86-050641c359fd@group-B775CB1CFC79-LeaderElection5] INFO  server.RaftServerConfigKeys (ConfUtils.java:logGet(43)) - raft.server.log.appender.install.snapshot.enabled = false (custom)
2019-10-16 20:58:40,819 [7d5bd66d-ed89-401c-bf86-050641c359fd@group-B775CB1CFC79-LeaderElection5] INFO  impl.RoleInfo (RoleInfo.java:updateAndGet(143)) - 7d5bd66d-ed89-401c-bf86-050641c359fd: start LeaderState
2019-10-16 20:58:40,819 [7d5bd66d-ed89-401c-bf86-050641c359fd@group-B775CB1CFC79-LeaderElection5] INFO  segmented.SegmentedRaftLogWorker (SegmentedRaftLogWorker.java:startLogSegment(385)) - 7d5bd66d-ed89-401c-bf86-050641c359fd@group-B775CB1CFC79-SegmentedRaftLogWorker: Starting segment from index:0
2019-10-16 20:58:40,820 [7d5bd66d-ed89-401c-bf86-050641c359fd@group-B775CB1CFC79-LeaderElection5] INFO  impl.RaftServerImpl (ServerState.java:setRaftConf(357)) - 7d5bd66d-ed89-401c-bf86-050641c359fd@group-B775CB1CFC79: set configuration 0: [7d5bd66d-ed89-401c-bf86-050641c359fd:192.168.157.254:45704, e2e26bef-7a80-470b-89dc-752ae9b76223:192.168.157.254:36344, 7e02033f-e7de-4006-80be-ffeab2e3922a:192.168.157.254:33430], old=null at 0
2019-10-16 20:58:40,845 [grpc-default-executor-2] INFO  impl.RaftServerImpl (ServerState.java:setLeader(256)) - 7d5bd66d-ed89-401c-bf86-050641c359fd@group-B775CB1CFC79: change Leader from 7d5bd66d-ed89-401c-bf86-050641c359fd to null at term 3 for updateCurrentTerm
2019-10-16 20:58:40,845 [grpc-default-executor-2] INFO  impl.RaftServerImpl (RaftServerImpl.java:setRole(184)) - 7d5bd66d-ed89-401c-bf86-050641c359fd@group-B775CB1CFC79: changes role from    LEADER to FOLLOWER at term 3 for recognizeCandidate:e2e26bef-7a80-470b-89dc-752ae9b76223
2019-10-16 20:58:40,845 [grpc-default-executor-2] INFO  impl.RoleInfo (RoleInfo.java:shutdownLeaderState(104)) - 7d5bd66d-ed89-401c-bf86-050641c359fd: shutdown LeaderState
2019-10-16 20:58:40,848 [grpc-default-executor-2] INFO  impl.PendingRequests (PendingRequests.java:sendNotLeaderResponses(202)) - 7d5bd66d-ed89-401c-bf86-050641c359fd@group-B775CB1CFC79-PendingRequests: sendNotLeaderResponses
2019-10-16 20:58:40,851 [grpc-default-executor-2] INFO  impl.RoleInfo (RoleInfo.java:updateAndGet(143)) - 7d5bd66d-ed89-401c-bf86-050641c359fd: start FollowerState
2019-10-16 20:58:40,853 [e2e26bef-7a80-470b-89dc-752ae9b76223@group-B775CB1CFC79-LeaderElection6] INFO  impl.LeaderElection (LeaderElection.java:logAndReturn(56)) - e2e26bef-7a80-470b-89dc-752ae9b76223@group-B775CB1CFC79-LeaderElection6: Election PASSED; received 1 response(s) [e2e26bef-7a80-470b-89dc-752ae9b76223<-7e02033f-e7de-4006-80be-ffeab2e3922a#0:OK-t3] and 0 exception(s); e2e26bef-7a80-470b-89dc-752ae9b76223@group-B775CB1CFC79:t3, leader=null, voted=e2e26bef-7a80-470b-89dc-752ae9b76223, raftlog=e2e26bef-7a80-470b-89dc-752ae9b76223@group-B775CB1CFC79-SegmentedRaftLog:OPENED:c-1,f-1,i0, conf=-1: [7d5bd66d-ed89-401c-bf86-050641c359fd:192.168.157.254:45704, e2e26bef-7a80-470b-89dc-752ae9b76223:192.168.157.254:36344, 7e02033f-e7de-4006-80be-ffeab2e3922a:192.168.157.254:33430], old=null
2019-10-16 20:58:40,853 [e2e26bef-7a80-470b-89dc-752ae9b76223@group-B775CB1CFC79-LeaderElection6] INFO  impl.RoleInfo (RoleInfo.java:shutdownLeaderElection(134)) - e2e26bef-7a80-470b-89dc-752ae9b76223: shutdown LeaderElection
2019-10-16 20:58:40,854 [e2e26bef-7a80-470b-89dc-752ae9b76223@group-B775CB1CFC79-LeaderElection6] INFO  impl.RaftServerImpl (RaftServerImpl.java:setRole(184)) - e2e26bef-7a80-470b-89dc-752ae9b76223@group-B775CB1CFC79: changes role from CANDIDATE to LEADER at term 3 for changeToLeader
2019-10-16 20:58:40,854 [e2e26bef-7a80-470b-89dc-752ae9b76223@group-B775CB1CFC79-LeaderElection6] INFO  ratis.XceiverServerRatis (XceiverServerRatis.java:handleLeaderChangedNotification(700)) - Leader change notification received for group: group-B775CB1CFC79 with new leaderId: e2e26bef-7a80-470b-89dc-752ae9b76223
2019-10-16 20:58:40,855 [e2e26bef-7a80-470b-89dc-752ae9b76223@group-B775CB1CFC79-LeaderElection6] INFO  impl.RaftServerImpl (ServerState.java:setLeader(256)) - e2e26bef-7a80-470b-89dc-752ae9b76223@group-B775CB1CFC79: change Leader from null to e2e26bef-7a80-470b-89dc-752ae9b76223 at term 3 for becomeLeader, leader elected after 288ms
2019-10-16 20:58:40,855 [e2e26bef-7a80-470b-89dc-752ae9b76223@group-B775CB1CFC79-LeaderElection6] INFO  server.RaftServerConfigKeys (ConfUtils.java:logGet(43)) - raft.server.staging.catchup.gap = 1000 (default)
2019-10-16 20:58:40,855 [e2e26bef-7a80-470b-89dc-752ae9b76223@group-B775CB1CFC79-LeaderElection6] INFO  server.RaftServerConfigKeys (ConfUtils.java:logGet(43)) - raft.server.rpc.sleep.time = 25ms (default)
2019-10-16 20:58:40,856 [e2e26bef-7a80-470b-89dc-752ae9b76223@group-B775CB1CFC79-LeaderElection6] INFO  server.RaftServerConfigKeys (ConfUtils.java:logGet(43)) - raft.server.write.element-limit = 4096 (default)
2019-10-16 20:58:40,856 [e2e26bef-7a80-470b-89dc-752ae9b76223@group-B775CB1CFC79-LeaderElection6] INFO  server.RaftServerConfigKeys (ConfUtils.java:logGet(43)) - raft.server.watch.timeout = 10s (default)
2019-10-16 20:58:40,856 [e2e26bef-7a80-470b-89dc-752ae9b76223@group-B775CB1CFC79-LeaderElection6] INFO  server.RaftServerConfigKeys (ConfUtils.java:logGet(43)) - raft.server.watch.timeout.denomination = 1s (default)
2019-10-16 20:58:40,856 [e2e26bef-7a80-470b-89dc-752ae9b76223@group-B775CB1CFC79-LeaderElection6] INFO  server.RaftServerConfigKeys (ConfUtils.java:logGet(43)) - raft.server.watch.element-limit = 65536 (default)
2019-10-16 20:58:40,857 [EventQueue-PipelineReportForPipelineReportHandler] INFO  pipeline.PipelineReportHandler (PipelineReportHandler.java:processPipelineReport(119)) - Pipeline PipelineID=4fea0e3a-b978-493d-b2ed-b775cb1cfc79 reported by e2e26bef-7a80-470b-89dc-752ae9b76223{ip: 192.168.157.254, host: pr-hdds-1868-qdb9g-714931517, networkLocation: /default-rack, certSerialId: null} with leaderId e2e26bef-7a80-470b-89dc-752ae9b76223
2019-10-16 20:58:40,859 [org.apache.ratis.server.impl.LogAppender$AppenderDaemon$$Lambda$412/978845759@2eec6530] WARN  server.GrpcLogAppender (GrpcLogAppender.java:mayWait(149)) - 7d5bd66d-ed89-401c-bf86-050641c359fd@group-B775CB1CFC79->e2e26bef-7a80-470b-89dc-752ae9b76223-GrpcLogAppender: Wait interrupted by java.lang.InterruptedException
2019-10-16 20:58:40,859 [org.apache.ratis.server.impl.LogAppender$AppenderDaemon$$Lambda$412/978845759@6c72a65] WARN  server.GrpcLogAppender (GrpcLogAppender.java:mayWait(149)) - 7d5bd66d-ed89-401c-bf86-050641c359fd@group-B775CB1CFC79->7e02033f-e7de-4006-80be-ffeab2e3922a-GrpcLogAppender: Wait interrupted by java.lang.InterruptedException
2019-10-16 20:58:40,862 [7d5bd66d-ed89-401c-bf86-050641c359fd@group-B775CB1CFC79-SegmentedRaftLogWorker] INFO  segmented.SegmentedRaftLogWorker (SegmentedRaftLogWorker.java:execute(576)) - 7d5bd66d-ed89-401c-bf86-050641c359fd@group-B775CB1CFC79-SegmentedRaftLogWorker: created new log segment /workdir/hadoop-ozone/integration-test/target/test-dir/MiniOzoneClusterImpl-612a4b9b-c8fe-4576-9448-f0de33cec420/datanode-0/data/ratis/4fea0e3a-b978-493d-b2ed-b775cb1cfc79/current/log_inprogress_0
2019-10-16 20:58:40,862 [e2e26bef-7a80-470b-89dc-752ae9b76223@group-B775CB1CFC79-LeaderElection6] INFO  server.RaftServerConfigKeys (ConfUtils.java:logGet(43)) - raft.server.log.appender.snapshot.chunk.size.max = 16MB (=16777216) (default)
2019-10-16 20:58:40,863 [e2e26bef-7a80-470b-89dc-752ae9b76223@group-B775CB1CFC79-LeaderElection6] INFO  server.RaftServerConfigKeys (ConfUtils.java:logGet(43)) - raft.server.log.appender.buffer.byte-limit = 33554432 (custom)
2019-10-16 20:58:40,863 [e2e26bef-7a80-470b-89dc-752ae9b76223@group-B775CB1CFC79-LeaderElection6] INFO  server.RaftServerConfigKeys (ConfUtils.java:logGet(43)) - raft.server.log.appender.buffer.element-limit = 1 (custom)
2019-10-16 20:58:40,865 [e2e26bef-7a80-470b-89dc-752ae9b76223@group-B775CB1CFC79-LeaderElection6] INFO  grpc.GrpcConfigKeys$Server (ConfUtils.java:logGet(43)) - raft.grpc.server.leader.outstanding.appends.max = 128 (default)
2019-10-16 20:58:40,865 [e2e26bef-7a80-470b-89dc-752ae9b76223@group-B775CB1CFC79-LeaderElection6] INFO  server.RaftServerConfigKeys (ConfUtils.java:logGet(43)) - raft.server.rpc.request.timeout = 3000ms (default)
2019-10-16 20:58:40,865 [e2e26bef-7a80-470b-89dc-752ae9b76223@group-B775CB1CFC79-LeaderElection6] INFO  server.RaftServerConfigKeys (ConfUtils.java:logGet(43)) - raft.server.log.appender.install.snapshot.enabled = false (custom)
2019-10-16 20:58:40,867 [grpc-default-executor-2] INFO  server.GrpcServerProtocolService (GrpcServerProtocolService.java:onCompleted(113)) - e2e26bef-7a80-470b-89dc-752ae9b76223: Completed APPEND_ENTRIES, lastRequest: null
2019-10-16 20:58:40,868 [grpc-default-executor-0] INFO  server.GrpcServerProtocolService (GrpcServerProtocolService.java:onCompleted(113)) - 7e02033f-e7de-4006-80be-ffeab2e3922a: Completed APPEND_ENTRIES, lastRequest: null
2019-10-16 20:58:40,873 [grpc-default-executor-2] INFO  server.GrpcLogAppender (GrpcLogAppender.java:onCompleted(308)) - 7d5bd66d-ed89-401c-bf86-050641c359fd@group-B775CB1CFC79->7e02033f-e7de-4006-80be-ffeab2e3922a-AppendLogResponseHandler: follower responses appendEntries COMPLETED
2019-10-16 20:58:40,873 [grpc-default-executor-0] INFO  server.GrpcLogAppender (GrpcLogAppender.java:onCompleted(308)) - 7d5bd66d-ed89-401c-bf86-050641c359fd@group-B775CB1CFC79->e2e26bef-7a80-470b-89dc-752ae9b76223-AppendLogResponseHandler: follower responses appendEntries COMPLETED
2019-10-16 20:58:40,873 [e2e26bef-7a80-470b-89dc-752ae9b76223@group-B775CB1CFC79-LeaderElection6] INFO  server.RaftServerConfigKeys (ConfUtils.java:logGet(43)) - raft.server.log.appender.snapshot.chunk.size.max = 16MB (=16777216) (default)
2019-10-16 20:58:40,875 [e2e26bef-7a80-470b-89dc-752ae9b76223@group-B775CB1CFC79-LeaderElection6] INFO  server.RaftServerConfigKeys (ConfUtils.java:logGet(43)) - raft.server.log.appender.buffer.byte-limit = 33554432 (custom)
2019-10-16 20:58:40,875 [e2e26bef-7a80-470b-89dc-752ae9b76223@group-B775CB1CFC79-LeaderElection6] INFO  server.RaftServerConfigKeys (ConfUtils.java:logGet(43)) - raft.server.log.appender.buffer.element-limit = 1 (custom)
2019-10-16 20:58:40,876 [e2e26bef-7a80-470b-89dc-752ae9b76223@group-B775CB1CFC79-LeaderElection6] INFO  grpc.GrpcConfigKeys$Server (ConfUtils.java:logGet(43)) - raft.grpc.server.leader.outstanding.appends.max = 128 (default)
2019-10-16 20:58:40,877 [e2e26bef-7a80-470b-89dc-752ae9b76223@group-B775CB1CFC79-LeaderElection6] INFO  server.RaftServerConfigKeys (ConfUtils.java:logGet(43)) - raft.server.rpc.request.timeout = 3000ms (default)
2019-10-16 20:58:40,877 [e2e26bef-7a80-470b-89dc-752ae9b76223@group-B775CB1CFC79-LeaderElection6] INFO  server.RaftServerConfigKeys (ConfUtils.java:logGet(43)) - raft.server.log.appender.install.snapshot.enabled = false (custom)
2019-10-16 20:58:40,877 [grpc-default-executor-2] INFO  impl.FollowerInfo (FollowerInfo.java:lambda$new$0(51)) - 7d5bd66d-ed89-401c-bf86-050641c359fd@group-B775CB1CFC79->7e02033f-e7de-4006-80be-ffeab2e3922a: nextIndex: updateUnconditionally 0 -> 0
2019-10-16 20:58:40,877 [grpc-default-executor-0] INFO  impl.FollowerInfo (FollowerInfo.java:lambda$new$0(51)) - 7d5bd66d-ed89-401c-bf86-050641c359fd@group-B775CB1CFC79->e2e26bef-7a80-470b-89dc-752ae9b76223: nextIndex: updateUnconditionally 0 -> 0
2019-10-16 20:58:40,879 [e2e26bef-7a80-470b-89dc-752ae9b76223@group-B775CB1CFC79-LeaderElection6] INFO  impl.RoleInfo (RoleInfo.java:updateAndGet(143)) - e2e26bef-7a80-470b-89dc-752ae9b76223: start LeaderState
2019-10-16 20:58:40,879 [e2e26bef-7a80-470b-89dc-752ae9b76223@group-B775CB1CFC79-LeaderElection6] INFO  segmented.SegmentedRaftLogWorker (SegmentedRaftLogWorker.java:startLogSegment(385)) - e2e26bef-7a80-470b-89dc-752ae9b76223@group-B775CB1CFC79-SegmentedRaftLogWorker: Starting segment from index:0
2019-10-16 20:58:40,880 [e2e26bef-7a80-470b-89dc-752ae9b76223@group-B775CB1CFC79-LeaderElection6] INFO  impl.RaftServerImpl (ServerState.java:setRaftConf(357)) - e2e26bef-7a80-470b-89dc-752ae9b76223@group-B775CB1CFC79: set configuration 0: [7d5bd66d-ed89-401c-bf86-050641c359fd:192.168.157.254:45704, e2e26bef-7a80-470b-89dc-752ae9b76223:192.168.157.254:36344, 7e02033f-e7de-4006-80be-ffeab2e3922a:192.168.157.254:33430], old=null at 0
2019-10-16 20:58:40,917 [e2e26bef-7a80-470b-89dc-752ae9b76223@group-B775CB1CFC79-SegmentedRaftLogWorker] INFO  segmented.SegmentedRaftLogWorker (SegmentedRaftLogWorker.java:execute(576)) - e2e26bef-7a80-470b-89dc-752ae9b76223@group-B775CB1CFC79-SegmentedRaftLogWorker: created new log segment /workdir/hadoop-ozone/integration-test/target/test-dir/MiniOzoneClusterImpl-612a4b9b-c8fe-4576-9448-f0de33cec420/datanode-1/data/ratis/4fea0e3a-b978-493d-b2ed-b775cb1cfc79/current/log_inprogress_0
2019-10-16 20:58:40,919 [grpc-default-executor-0] INFO  ratis.XceiverServerRatis (XceiverServerRatis.java:handleLeaderChangedNotification(700)) - Leader change notification received for group: group-B775CB1CFC79 with new leaderId: e2e26bef-7a80-470b-89dc-752ae9b76223
2019-10-16 20:58:40,919 [grpc-default-executor-2] INFO  ratis.XceiverServerRatis (XceiverServerRatis.java:handleLeaderChangedNotification(700)) - Leader change notification received for group: group-B775CB1CFC79 with new leaderId: e2e26bef-7a80-470b-89dc-752ae9b76223
2019-10-16 20:58:40,919 [grpc-default-executor-0] INFO  impl.RaftServerImpl (ServerState.java:setLeader(256)) - 7e02033f-e7de-4006-80be-ffeab2e3922a@group-B775CB1CFC79: change Leader from null to e2e26bef-7a80-470b-89dc-752ae9b76223 at term 3 for appendEntries, leader elected after 352ms
2019-10-16 20:58:40,920 [grpc-default-executor-2] INFO  impl.RaftServerImpl (ServerState.java:setLeader(256)) - 7d5bd66d-ed89-401c-bf86-050641c359fd@group-B775CB1CFC79: change Leader from null to e2e26bef-7a80-470b-89dc-752ae9b76223 at term 3 for appendEntries, leader elected after 74ms
2019-10-16 20:58:40,922 [EventQueue-PipelineReportForPipelineReportHandler] INFO  pipeline.PipelineReportHandler (PipelineReportHandler.java:processPipelineReport(119)) - Pipeline PipelineID=4fea0e3a-b978-493d-b2ed-b775cb1cfc79 reported by 7e02033f-e7de-4006-80be-ffeab2e3922a{ip: 192.168.157.254, host: pr-hdds-1868-qdb9g-714931517, networkLocation: /default-rack, certSerialId: null} with leaderId e2e26bef-7a80-470b-89dc-752ae9b76223
2019-10-16 20:58:40,924 [EventQueue-PipelineReportForPipelineReportHandler] INFO  pipeline.PipelineReportHandler (PipelineReportHandler.java:processPipelineReport(119)) - Pipeline PipelineID=4fea0e3a-b978-493d-b2ed-b775cb1cfc79 reported by 7d5bd66d-ed89-401c-bf86-050641c359fd{ip: 192.168.157.254, host: pr-hdds-1868-qdb9g-714931517, networkLocation: /default-rack, certSerialId: null} with leaderId e2e26bef-7a80-470b-89dc-752ae9b76223
2019-10-16 20:58:40,924 [EventQueue-PipelineReportForPipelineReportHandler] INFO  pipeline.PipelineStateManager (PipelineStateManager.java:openPipeline(136)) - Pipeline Pipeline[ Id: 4fea0e3a-b978-493d-b2ed-b775cb1cfc79, Nodes: e2e26bef-7a80-470b-89dc-752ae9b76223{ip: 192.168.157.254, host: pr-hdds-1868-qdb9g-714931517, networkLocation: /default-rack, certSerialId: null}7e02033f-e7de-4006-80be-ffeab2e3922a{ip: 192.168.157.254, host: pr-hdds-1868-qdb9g-714931517, networkLocation: /default-rack, certSerialId: null}7d5bd66d-ed89-401c-bf86-050641c359fd{ip: 192.168.157.254, host: pr-hdds-1868-qdb9g-714931517, networkLocation: /default-rack, certSerialId: null}, Type:RATIS, Factor:THREE, State:OPEN] moved to OPEN state
2019-10-16 20:58:40,940 [grpc-default-executor-0] INFO  impl.RaftServerImpl (ServerState.java:setRaftConf(357)) - 7e02033f-e7de-4006-80be-ffeab2e3922a@group-B775CB1CFC79: set configuration 0: [7d5bd66d-ed89-401c-bf86-050641c359fd:192.168.157.254:45704, e2e26bef-7a80-470b-89dc-752ae9b76223:192.168.157.254:36344, 7e02033f-e7de-4006-80be-ffeab2e3922a:192.168.157.254:33430], old=null at 0
2019-10-16 20:58:40,940 [grpc-default-executor-2] INFO  impl.RaftServerImpl (ServerState.java:setRaftConf(357)) - 7d5bd66d-ed89-401c-bf86-050641c359fd@group-B775CB1CFC79: set configuration 0: [7d5bd66d-ed89-401c-bf86-050641c359fd:192.168.157.254:45704, e2e26bef-7a80-470b-89dc-752ae9b76223:192.168.157.254:36344, 7e02033f-e7de-4006-80be-ffeab2e3922a:192.168.157.254:33430], old=null at 0
2019-10-16 20:58:40,941 [grpc-default-executor-0] INFO  segmented.SegmentedRaftLogWorker (SegmentedRaftLogWorker.java:startLogSegment(385)) - 7e02033f-e7de-4006-80be-ffeab2e3922a@group-B775CB1CFC79-SegmentedRaftLogWorker: Starting segment from index:0
2019-10-16 20:58:40,943 [grpc-default-executor-2] INFO  segmented.SegmentedRaftLogWorker (SegmentedRaftLogWorker.java:truncate(401)) - 7d5bd66d-ed89-401c-bf86-050641c359fd@group-B775CB1CFC79-SegmentedRaftLogWorker: Truncating segments toTruncate: null
  toDelete: [(0, 0) isOpen? true, length=0, newEndIndex=-1], start index 0
2019-10-16 20:58:40,943 [grpc-default-executor-2] INFO  segmented.SegmentedRaftLogWorker (SegmentedRaftLogWorker.java:startLogSegment(385)) - 7d5bd66d-ed89-401c-bf86-050641c359fd@group-B775CB1CFC79-SegmentedRaftLogWorker: Starting segment from index:0
2019-10-16 20:58:40,945 [7d5bd66d-ed89-401c-bf86-050641c359fd@group-B775CB1CFC79-SegmentedRaftLogWorker] INFO  segmented.SegmentedRaftLogWorker (SegmentedRaftLogWorker.java:execute(640)) - 7d5bd66d-ed89-401c-bf86-050641c359fd@group-B775CB1CFC79-SegmentedRaftLogWorker: Deleted log file /workdir/hadoop-ozone/integration-test/target/test-dir/MiniOzoneClusterImpl-612a4b9b-c8fe-4576-9448-f0de33cec420/datanode-0/data/ratis/4fea0e3a-b978-493d-b2ed-b775cb1cfc79/current/log_inprogress_0
2019-10-16 20:58:40,945 [7d5bd66d-ed89-401c-bf86-050641c359fd@group-B775CB1CFC79-SegmentedRaftLogWorker] INFO  segmented.SegmentedRaftLogWorker (SegmentedRaftLogWorker.java:lambda$new$0(128)) - 7d5bd66d-ed89-401c-bf86-050641c359fd@group-B775CB1CFC79-SegmentedRaftLogWorker: flushIndex: setUnconditionally 0 -> -1
2019-10-16 20:58:40,989 [7e02033f-e7de-4006-80be-ffeab2e3922a@group-B775CB1CFC79-SegmentedRaftLogWorker] INFO  segmented.SegmentedRaftLogWorker (SegmentedRaftLogWorker.java:execute(576)) - 7e02033f-e7de-4006-80be-ffeab2e3922a@group-B775CB1CFC79-SegmentedRaftLogWorker: created new log segment /workdir/hadoop-ozone/integration-test/target/test-dir/MiniOzoneClusterImpl-612a4b9b-c8fe-4576-9448-f0de33cec420/datanode-2/data/ratis/4fea0e3a-b978-493d-b2ed-b775cb1cfc79/current/log_inprogress_0
2019-10-16 20:58:40,989 [7d5bd66d-ed89-401c-bf86-050641c359fd@group-B775CB1CFC79-SegmentedRaftLogWorker] INFO  segmented.SegmentedRaftLogWorker (SegmentedRaftLogWorker.java:execute(576)) - 7d5bd66d-ed89-401c-bf86-050641c359fd@group-B775CB1CFC79-SegmentedRaftLogWorker: created new log segment /workdir/hadoop-ozone/integration-test/target/test-dir/MiniOzoneClusterImpl-612a4b9b-c8fe-4576-9448-f0de33cec420/datanode-0/data/ratis/4fea0e3a-b978-493d-b2ed-b775cb1cfc79/current/log_inprogress_0
2019-10-16 20:58:41,606 [main] INFO  ozone.MiniOzoneClusterImpl (MiniOzoneClusterImpl.java:lambda$waitForClusterToBeReady$2(172)) - Cluster is ready. Got 3 of 3 DN Heartbeats.
2019-10-16 20:58:42,322 [main] INFO  rpc.RpcClient (RpcClient.java:createVolume(272)) - Creating Volume: testcontainerstatemachinefailures, with jenkins1000 as owner.
2019-10-16 20:58:42,413 [IPC Server handler 1 on 35701] INFO  volume.OMVolumeCreateRequest (OMVolumeCreateRequest.java:validateAndUpdateCache(193)) - created volume:testcontainerstatemachinefailures for user:jenkins1000
2019-10-16 20:58:42,438 [main] INFO  rpc.RpcClient (RpcClient.java:createBucket(411)) - Creating Bucket: testcontainerstatemachinefailures/testcontainerstatemachinefailures, with Versioning false and Storage Type set to DISK and Encryption set to false 
2019-10-16 20:58:42,498 [Thread-181] INFO  container.ReplicationManager (ReplicationManager.java:start(162)) - Starting Replication Monitor Thread.
2019-10-16 20:58:42,504 [ReplicationMonitor] INFO  container.ReplicationManager (ReplicationManager.java:run(225)) - Replication Monitor Thread took 4 milliseconds for processing 1 containers.
2019-10-16 20:58:42,576 [main] INFO  impl.MetricsSystemImpl (MetricsSystemImpl.java:init(158)) - XceiverClientMetrics metrics system started (again)
2019-10-16 20:58:43,015 [Datanode State Machine Thread - 0] INFO  statemachine.DatanodeStateMachine (DatanodeStateMachine.java:lambda$startDaemon$0(350)) - Ozone container server started.
2019-10-16 20:58:47,999 [main] INFO  ozoneimpl.OzoneContainer (OzoneContainer.java:stop(227)) - Attempting to stop container services.
2019-10-16 20:58:48,000 [main] INFO  impl.RaftServerProxy (RaftServerProxy.java:lambda$close$4(314)) - 7e02033f-e7de-4006-80be-ffeab2e3922a: close
2019-10-16 20:58:48,002 [main] INFO  impl.RaftServerImpl (RaftServerImpl.java:lambda$shutdown$3(261)) - 7e02033f-e7de-4006-80be-ffeab2e3922a@group-B775CB1CFC79: shutdown
2019-10-16 20:58:48,002 [main] INFO  util.JmxRegister (JmxRegister.java:unregister(73)) - Successfully un-registered JMX Bean with object name Ratis:service=RaftServer,group=group-B775CB1CFC79,id=7e02033f-e7de-4006-80be-ffeab2e3922a
2019-10-16 20:58:48,003 [main] INFO  impl.RoleInfo (RoleInfo.java:shutdownFollowerState(121)) - 7e02033f-e7de-4006-80be-ffeab2e3922a: shutdown FollowerState
2019-10-16 20:58:48,003 [main] INFO  impl.StateMachineUpdater (StateMachineUpdater.java:stopAndJoin(136)) - 7e02033f-e7de-4006-80be-ffeab2e3922a@group-B775CB1CFC79-StateMachineUpdater: set stopIndex = 4
2019-10-16 20:58:48,003 [7e02033f-e7de-4006-80be-ffeab2e3922a@group-B775CB1CFC79-StateMachineUpdater] INFO  ratis.ContainerStateMachine (ContainerStateMachine.java:takeSnapshot(296)) - group-B775CB1CFC79: Taking a snapshot at:(t:3, i:3) file /workdir/hadoop-ozone/integration-test/target/test-dir/MiniOzoneClusterImpl-612a4b9b-c8fe-4576-9448-f0de33cec420/datanode-2/data/ratis/4fea0e3a-b978-493d-b2ed-b775cb1cfc79/sm/snapshot.3_3
2019-10-16 20:58:48,003 [Thread-229] INFO  impl.FollowerState (FollowerState.java:run(117)) - 7e02033f-e7de-4006-80be-ffeab2e3922a@group-B775CB1CFC79-FollowerState was interrupted: java.lang.InterruptedException: sleep interrupted
2019-10-16 20:58:48,115 [7e02033f-e7de-4006-80be-ffeab2e3922a@group-B775CB1CFC79-StateMachineUpdater] INFO  ratis.ContainerStateMachine (ContainerStateMachine.java:takeSnapshot(307)) - group-B775CB1CFC79: Finished taking a snapshot at:(t:3, i:3) file:/workdir/hadoop-ozone/integration-test/target/test-dir/MiniOzoneClusterImpl-612a4b9b-c8fe-4576-9448-f0de33cec420/datanode-2/data/ratis/4fea0e3a-b978-493d-b2ed-b775cb1cfc79/sm/snapshot.3_3 time:112
2019-10-16 20:58:48,118 [7e02033f-e7de-4006-80be-ffeab2e3922a@group-B775CB1CFC79-StateMachineUpdater] INFO  impl.StateMachineUpdater (StateMachineUpdater.java:takeSnapshot(269)) - 7e02033f-e7de-4006-80be-ffeab2e3922a@group-B775CB1CFC79-StateMachineUpdater: Took a snapshot at index 3
2019-10-16 20:58:48,119 [7e02033f-e7de-4006-80be-ffeab2e3922a@group-B775CB1CFC79-StateMachineUpdater] INFO  impl.StateMachineUpdater (StateMachineUpdater.java:lambda$new$0(84)) - 7e02033f-e7de-4006-80be-ffeab2e3922a@group-B775CB1CFC79-StateMachineUpdater: snapshotIndex: updateIncreasingly -1 -> 3
2019-10-16 20:58:48,123 [7e02033f-e7de-4006-80be-ffeab2e3922a@group-B775CB1CFC79-StateMachineUpdater] INFO  ratis.ContainerStateMachine (ContainerStateMachine.java:takeSnapshot(296)) - group-B775CB1CFC79: Taking a snapshot at:(t:3, i:3) file /workdir/hadoop-ozone/integration-test/target/test-dir/MiniOzoneClusterImpl-612a4b9b-c8fe-4576-9448-f0de33cec420/datanode-2/data/ratis/4fea0e3a-b978-493d-b2ed-b775cb1cfc79/sm/snapshot.3_3
2019-10-16 20:58:48,136 [7e02033f-e7de-4006-80be-ffeab2e3922a@group-B775CB1CFC79-StateMachineUpdater] INFO  ratis.ContainerStateMachine (ContainerStateMachine.java:takeSnapshot(307)) - group-B775CB1CFC79: Finished taking a snapshot at:(t:3, i:3) file:/workdir/hadoop-ozone/integration-test/target/test-dir/MiniOzoneClusterImpl-612a4b9b-c8fe-4576-9448-f0de33cec420/datanode-2/data/ratis/4fea0e3a-b978-493d-b2ed-b775cb1cfc79/sm/snapshot.3_3 time:13
2019-10-16 20:58:48,136 [7e02033f-e7de-4006-80be-ffeab2e3922a@group-B775CB1CFC79-StateMachineUpdater] INFO  impl.StateMachineUpdater (StateMachineUpdater.java:takeSnapshot(269)) - 7e02033f-e7de-4006-80be-ffeab2e3922a@group-B775CB1CFC79-StateMachineUpdater: Took a snapshot at index 3
2019-10-16 20:58:48,136 [7e02033f-e7de-4006-80be-ffeab2e3922a@group-B775CB1CFC79-StateMachineUpdater] INFO  impl.StateMachineUpdater (StateMachineUpdater.java:lambda$new$0(84)) - 7e02033f-e7de-4006-80be-ffeab2e3922a@group-B775CB1CFC79-StateMachineUpdater: snapshotIndex: updateIncreasingly 3 -> 3
2019-10-16 20:58:48,137 [main] INFO  impl.RaftServerImpl (ServerState.java:close(388)) - 7e02033f-e7de-4006-80be-ffeab2e3922a@group-B775CB1CFC79: closes. applyIndex: 4
2019-10-16 20:58:48,139 [7e02033f-e7de-4006-80be-ffeab2e3922a@group-B775CB1CFC79-SegmentedRaftLogWorker] INFO  segmented.SegmentedRaftLogWorker (SegmentedRaftLogWorker.java:run(316)) - 7e02033f-e7de-4006-80be-ffeab2e3922a@group-B775CB1CFC79-SegmentedRaftLogWorker was interrupted, exiting. There are 0 tasks remaining in the queue.
2019-10-16 20:58:48,140 [main] INFO  segmented.SegmentedRaftLogWorker (SegmentedRaftLogWorker.java:close(224)) - 7e02033f-e7de-4006-80be-ffeab2e3922a@group-B775CB1CFC79-SegmentedRaftLogWorker close()
2019-10-16 20:58:48,142 [main] INFO  impl.RaftServerImpl (RaftServerImpl.java:lambda$shutdown$3(261)) - 7e02033f-e7de-4006-80be-ffeab2e3922a@group-EE94ED21B3B2: shutdown
2019-10-16 20:58:48,142 [main] INFO  util.JmxRegister (JmxRegister.java:unregister(73)) - Successfully un-registered JMX Bean with object name Ratis:service=RaftServer,group=group-EE94ED21B3B2,id=7e02033f-e7de-4006-80be-ffeab2e3922a
2019-10-16 20:58:48,143 [main] INFO  impl.RoleInfo (RoleInfo.java:shutdownLeaderState(104)) - 7e02033f-e7de-4006-80be-ffeab2e3922a: shutdown LeaderState
2019-10-16 20:58:48,143 [main] INFO  impl.PendingRequests (PendingRequests.java:sendNotLeaderResponses(202)) - 7e02033f-e7de-4006-80be-ffeab2e3922a@group-EE94ED21B3B2-PendingRequests: sendNotLeaderResponses
2019-10-16 20:58:48,143 [main] INFO  impl.StateMachineUpdater (StateMachineUpdater.java:stopAndJoin(136)) - 7e02033f-e7de-4006-80be-ffeab2e3922a@group-EE94ED21B3B2-StateMachineUpdater: set stopIndex = 0
2019-10-16 20:58:48,145 [main] INFO  impl.RaftServerImpl (ServerState.java:close(388)) - 7e02033f-e7de-4006-80be-ffeab2e3922a@group-EE94ED21B3B2: closes. applyIndex: 0
2019-10-16 20:58:48,145 [7e02033f-e7de-4006-80be-ffeab2e3922a@group-EE94ED21B3B2-SegmentedRaftLogWorker] INFO  segmented.SegmentedRaftLogWorker (SegmentedRaftLogWorker.java:run(316)) - 7e02033f-e7de-4006-80be-ffeab2e3922a@group-EE94ED21B3B2-SegmentedRaftLogWorker was interrupted, exiting. There are 0 tasks remaining in the queue.
2019-10-16 20:58:48,146 [main] INFO  segmented.SegmentedRaftLogWorker (SegmentedRaftLogWorker.java:close(224)) - 7e02033f-e7de-4006-80be-ffeab2e3922a@group-EE94ED21B3B2-SegmentedRaftLogWorker close()
2019-10-16 20:58:48,149 [main] INFO  server.GrpcService (GrpcService.java:closeImpl(164)) - 7e02033f-e7de-4006-80be-ffeab2e3922a: shutdown server with port 33430 now
2019-10-16 20:58:48,156 [grpc-default-executor-2] WARN  server.GrpcServerProtocolService (LogUtils.java:warn(134)) - 7e02033f-e7de-4006-80be-ffeab2e3922a: installSnapshot onError, lastRequest: e2e26bef-7a80-470b-89dc-752ae9b76223->7e02033f-e7de-4006-80be-ffeab2e3922a#7-t3, previous=(t:3, i:4), leaderCommit=4, initializing? false, entries: <empty>: org.apache.ratis.thirdparty.io.grpc.StatusRuntimeException: CANCELLED: cancelled before receiving half close
2019-10-16 20:58:48,162 [grpc-default-executor-0] WARN  server.GrpcLogAppender (LogUtils.java:warn(134)) - e2e26bef-7a80-470b-89dc-752ae9b76223@group-B775CB1CFC79->7e02033f-e7de-4006-80be-ffeab2e3922a-AppendLogResponseHandler: Failed appendEntries: org.apache.ratis.thirdparty.io.grpc.StatusRuntimeException: CANCELLED: HTTP/2 error code: CANCEL
Received Rst Stream
2019-10-16 20:58:48,163 [main] INFO  server.GrpcService (GrpcService.java:closeImpl(172)) - 7e02033f-e7de-4006-80be-ffeab2e3922a: shutdown server with port 33430 successfully
2019-10-16 20:58:48,166 [refreshUsed-/workdir/hadoop-ozone/integration-test/target/test-dir/MiniOzoneClusterImpl-612a4b9b-c8fe-4576-9448-f0de33cec420/datanode-2/data/containers] WARN  fs.CachingGetSpaceUsed (CachingGetSpaceUsed.java:run(183)) - Thread Interrupted waiting to refresh disk information: sleep interrupted
2019-10-16 20:58:48,183 [main] INFO  utils.BackgroundService (BackgroundService.java:shutdown(151)) - Shutting down service BlockDeletingService
2019-10-16 20:58:48,187 [main] INFO  statemachine.DatanodeStateMachine (DatanodeStateMachine.java:stopDaemon(395)) - Ozone container server stopped.
2019-10-16 20:58:48,192 [main] INFO  handler.ContextHandler (ContextHandler.java:doStop(910)) - Stopped o.e.j.w.WebAppContext@54e3658c{/,null,UNAVAILABLE}{/hddsDatanode}
2019-10-16 20:58:48,196 [main] INFO  server.AbstractConnector (AbstractConnector.java:doStop(318)) - Stopped ServerConnector@43e9089{HTTP/1.1,[http/1.1]}{0.0.0.0:0}
2019-10-16 20:58:48,196 [main] INFO  handler.ContextHandler (ContextHandler.java:doStop(910)) - Stopped o.e.j.s.ServletContextHandler@558756be{/static,jar:file:/home/user/.m2/repository/org/apache/hadoop/hadoop-hdds-container-service/0.5.0-SNAPSHOT/hadoop-hdds-container-service-0.5.0-SNAPSHOT.jar!/webapps/static,UNAVAILABLE}
2019-10-16 20:58:48,196 [main] INFO  handler.ContextHandler (ContextHandler.java:doStop(910)) - Stopped o.e.j.s.ServletContextHandler@6069dd38{/logs,file:///workdir/hadoop-ozone/integration-test/target/log,UNAVAILABLE}
2019-10-16 20:58:51,203 [java.util.concurrent.ThreadPoolExecutor$Worker@7847c973[State = -1, empty queue]] WARN  server.GrpcLogAppender (GrpcLogAppender.java:timeoutAppendRequest(209)) - e2e26bef-7a80-470b-89dc-752ae9b76223@group-B775CB1CFC79->7e02033f-e7de-4006-80be-ffeab2e3922a-GrpcLogAppender: appendEntries Timeout, request=e2e26bef-7a80-470b-89dc-752ae9b76223->7e02033f-e7de-4006-80be-ffeab2e3922a#8-t3, previous=(t:3, i:4), leaderCommit=4, initializing? false, entries: size=1, first=(t:3, i:5), STATEMACHINELOGENTRY, client-BDDAE6707277, cid=8
2019-10-16 20:58:51,203 [java.util.concurrent.ThreadPoolExecutor$Worker@7847c973[State = -1, empty queue]] WARN  server.GrpcLogAppender (GrpcLogAppender.java:timeoutAppendRequest(209)) - e2e26bef-7a80-470b-89dc-752ae9b76223@group-B775CB1CFC79->7e02033f-e7de-4006-80be-ffeab2e3922a-GrpcLogAppender: appendEntries Timeout, request=e2e26bef-7a80-470b-89dc-752ae9b76223->7e02033f-e7de-4006-80be-ffeab2e3922a#9-t3, previous=(t:3, i:5), leaderCommit=4, initializing? false, entries: size=1, first=(t:3, i:6), STATEMACHINELOGENTRY, client-BDDAE6707277, cid=9
2019-10-16 20:58:51,222 [java.util.concurrent.ThreadPoolExecutor$Worker@7847c973[State = -1, empty queue]] WARN  server.GrpcLogAppender (GrpcLogAppender.java:timeoutAppendRequest(209)) - e2e26bef-7a80-470b-89dc-752ae9b76223@group-B775CB1CFC79->7e02033f-e7de-4006-80be-ffeab2e3922a-GrpcLogAppender: appendEntries Timeout, request=e2e26bef-7a80-470b-89dc-752ae9b76223->7e02033f-e7de-4006-80be-ffeab2e3922a#10-t3, previous=(t:3, i:6), leaderCommit=5, initializing? false, entries: size=1, first=(t:3, i:7), METADATAENTRY(c5)
2019-10-16 20:58:51,222 [java.util.concurrent.ThreadPoolExecutor$Worker@7847c973[State = -1, empty queue]] WARN  server.GrpcLogAppender (GrpcLogAppender.java:timeoutAppendRequest(209)) - e2e26bef-7a80-470b-89dc-752ae9b76223@group-B775CB1CFC79->7e02033f-e7de-4006-80be-ffeab2e3922a-GrpcLogAppender: appendEntries Timeout, request=e2e26bef-7a80-470b-89dc-752ae9b76223->7e02033f-e7de-4006-80be-ffeab2e3922a#11-t3, previous=(t:3, i:7), leaderCommit=6, initializing? false, entries: size=1, first=(t:3, i:8), METADATAENTRY(c6)
2019-10-16 20:58:53,723 [java.util.concurrent.ThreadPoolExecutor$Worker@7847c973[State = -1, empty queue]] WARN  server.GrpcLogAppender (GrpcLogAppender.java:timeoutAppendRequest(209)) - e2e26bef-7a80-470b-89dc-752ae9b76223@group-B775CB1CFC79->7e02033f-e7de-4006-80be-ffeab2e3922a-GrpcLogAppender: appendEntries Timeout, request=e2e26bef-7a80-470b-89dc-752ae9b76223->7e02033f-e7de-4006-80be-ffeab2e3922a#12-t3, previous=(t:3, i:8), leaderCommit=8, initializing? false, entries: <empty>
2019-10-16 20:58:56,224 [java.util.concurrent.ThreadPoolExecutor$Worker@7847c973[State = -1, empty queue]] WARN  server.GrpcLogAppender (GrpcLogAppender.java:timeoutAppendRequest(209)) - e2e26bef-7a80-470b-89dc-752ae9b76223@group-B775CB1CFC79->7e02033f-e7de-4006-80be-ffeab2e3922a-GrpcLogAppender: appendEntries Timeout, request=e2e26bef-7a80-470b-89dc-752ae9b76223->7e02033f-e7de-4006-80be-ffeab2e3922a#13-t3, previous=(t:3, i:8), leaderCommit=8, initializing? false, entries: <empty>
2019-10-16 20:58:58,592 [Thread-295] INFO  client.GrpcClientProtocolService (GrpcClientProtocolService.java:lambda$processClientRequest$0(278)) - Failed RaftClientRequest:client-BDDAE6707277->e2e26bef-7a80-470b-89dc-752ae9b76223@group-B775CB1CFC79, cid=10, seq=0, Watch-ALL_COMMITTED(6), Message:<EMPTY>, reply=RaftClientReply:client-BDDAE6707277->e2e26bef-7a80-470b-89dc-752ae9b76223@group-B775CB1CFC79, cid=10, FAILED org.apache.ratis.protocol.NotReplicatedException: Request with call Id 10 and log index 6 is not yet replicated to ALL_COMMITTED, logIndex=6, commits[e2e26bef-7a80-470b-89dc-752ae9b76223:c8, 7d5bd66d-ed89-401c-bf86-050641c359fd:c8, 7e02033f-e7de-4006-80be-ffeab2e3922a:c4]
2019-10-16 20:58:58,725 [java.util.concurrent.ThreadPoolExecutor$Worker@7847c973[State = -1, empty queue]] WARN  server.GrpcLogAppender (GrpcLogAppender.java:timeoutAppendRequest(209)) - e2e26bef-7a80-470b-89dc-752ae9b76223@group-B775CB1CFC79->7e02033f-e7de-4006-80be-ffeab2e3922a-GrpcLogAppender: appendEntries Timeout, request=e2e26bef-7a80-470b-89dc-752ae9b76223->7e02033f-e7de-4006-80be-ffeab2e3922a#14-t3, previous=(t:3, i:8), leaderCommit=8, initializing? false, entries: <empty>
2019-10-16 20:59:01,227 [java.util.concurrent.ThreadPoolExecutor$Worker@7847c973[State = -1, empty queue]] WARN  server.GrpcLogAppender (GrpcLogAppender.java:timeoutAppendRequest(209)) - e2e26bef-7a80-470b-89dc-752ae9b76223@group-B775CB1CFC79->7e02033f-e7de-4006-80be-ffeab2e3922a-GrpcLogAppender: appendEntries Timeout, request=e2e26bef-7a80-470b-89dc-752ae9b76223->7e02033f-e7de-4006-80be-ffeab2e3922a#15-t3, previous=(t:3, i:8), leaderCommit=8, initializing? false, entries: <empty>
2019-10-16 20:59:03,729 [java.util.concurrent.ThreadPoolExecutor$Worker@7847c973[State = -1, empty queue]] WARN  server.GrpcLogAppender (GrpcLogAppender.java:timeoutAppendRequest(209)) - e2e26bef-7a80-470b-89dc-752ae9b76223@group-B775CB1CFC79->7e02033f-e7de-4006-80be-ffeab2e3922a-GrpcLogAppender: appendEntries Timeout, request=e2e26bef-7a80-470b-89dc-752ae9b76223->7e02033f-e7de-4006-80be-ffeab2e3922a#16-t3, previous=(t:3, i:8), leaderCommit=8, initializing? false, entries: <empty>
2019-10-16 20:59:06,229 [java.util.concurrent.ThreadPoolExecutor$Worker@7847c973[State = -1, empty queue]] WARN  server.GrpcLogAppender (GrpcLogAppender.java:timeoutAppendRequest(209)) - e2e26bef-7a80-470b-89dc-752ae9b76223@group-B775CB1CFC79->7e02033f-e7de-4006-80be-ffeab2e3922a-GrpcLogAppender: appendEntries Timeout, request=e2e26bef-7a80-470b-89dc-752ae9b76223->7e02033f-e7de-4006-80be-ffeab2e3922a#17-t3, previous=(t:3, i:8), leaderCommit=8, initializing? false, entries: <empty>
2019-10-16 20:59:07,281 [Thread-301] INFO  client.GrpcClientProtocolService (GrpcClientProtocolService.java:lambda$processClientRequest$0(278)) - Failed RaftClientRequest:client-BDDAE6707277->7d5bd66d-ed89-401c-bf86-050641c359fd@group-B775CB1CFC79, cid=10, seq=0, Watch-ALL_COMMITTED(6), Message:<EMPTY>, reply=RaftClientReply:client-BDDAE6707277->7d5bd66d-ed89-401c-bf86-050641c359fd@group-B775CB1CFC79, cid=10, FAILED org.apache.ratis.protocol.NotLeaderException: Server 7d5bd66d-ed89-401c-bf86-050641c359fd@group-B775CB1CFC79 is not the leader e2e26bef-7a80-470b-89dc-752ae9b76223:192.168.157.254:36344, logIndex=0, commits[7d5bd66d-ed89-401c-bf86-050641c359fd:c8, e2e26bef-7a80-470b-89dc-752ae9b76223:c8, 7e02033f-e7de-4006-80be-ffeab2e3922a:c4]
2019-10-16 20:59:08,585 [Thread-305] INFO  client.GrpcClientProtocolService (GrpcClientProtocolService.java:lambda$processClientRequest$0(278)) - Failed RaftClientRequest:client-BDDAE6707277->e2e26bef-7a80-470b-89dc-752ae9b76223@group-B775CB1CFC79, cid=10, seq=0, Watch-ALL_COMMITTED(6), Message:<EMPTY>, reply=RaftClientReply:client-BDDAE6707277->e2e26bef-7a80-470b-89dc-752ae9b76223@group-B775CB1CFC79, cid=10, FAILED org.apache.ratis.protocol.NotReplicatedException: Request with call Id 10 and log index 6 is not yet replicated to ALL_COMMITTED, logIndex=6, commits[e2e26bef-7a80-470b-89dc-752ae9b76223:c8, 7d5bd66d-ed89-401c-bf86-050641c359fd:c8, 7e02033f-e7de-4006-80be-ffeab2e3922a:c4]
2019-10-16 20:59:08,730 [java.util.concurrent.ThreadPoolExecutor$Worker@7847c973[State = -1, empty queue]] WARN  server.GrpcLogAppender (GrpcLogAppender.java:timeoutAppendRequest(209)) - e2e26bef-7a80-470b-89dc-752ae9b76223@group-B775CB1CFC79->7e02033f-e7de-4006-80be-ffeab2e3922a-GrpcLogAppender: appendEntries Timeout, request=e2e26bef-7a80-470b-89dc-752ae9b76223->7e02033f-e7de-4006-80be-ffeab2e3922a#18-t3, previous=(t:3, i:8), leaderCommit=8, initializing? false, entries: <empty>
2019-10-16 20:59:11,231 [java.util.concurrent.ThreadPoolExecutor$Worker@7847c973[State = -1, empty queue]] WARN  server.GrpcLogAppender (GrpcLogAppender.java:timeoutAppendRequest(209)) - e2e26bef-7a80-470b-89dc-752ae9b76223@group-B775CB1CFC79->7e02033f-e7de-4006-80be-ffeab2e3922a-GrpcLogAppender: appendEntries Timeout, request=e2e26bef-7a80-470b-89dc-752ae9b76223->7e02033f-e7de-4006-80be-ffeab2e3922a#19-t3, previous=(t:3, i:8), leaderCommit=8, initializing? false, entries: <empty>
2019-10-16 20:59:13,733 [java.util.concurrent.ThreadPoolExecutor$Worker@7847c973[State = -1, empty queue]] WARN  server.GrpcLogAppender (GrpcLogAppender.java:timeoutAppendRequest(209)) - e2e26bef-7a80-470b-89dc-752ae9b76223@group-B775CB1CFC79->7e02033f-e7de-4006-80be-ffeab2e3922a-GrpcLogAppender: appendEntries Timeout, request=e2e26bef-7a80-470b-89dc-752ae9b76223->7e02033f-e7de-4006-80be-ffeab2e3922a#20-t3, previous=(t:3, i:8), leaderCommit=8, initializing? false, entries: <empty>
2019-10-16 20:59:16,236 [java.util.concurrent.ThreadPoolExecutor$Worker@7847c973[State = -1, empty queue]] WARN  server.GrpcLogAppender (GrpcLogAppender.java:timeoutAppendRequest(209)) - e2e26bef-7a80-470b-89dc-752ae9b76223@group-B775CB1CFC79->7e02033f-e7de-4006-80be-ffeab2e3922a-GrpcLogAppender: appendEntries Timeout, request=e2e26bef-7a80-470b-89dc-752ae9b76223->7e02033f-e7de-4006-80be-ffeab2e3922a#21-t3, previous=(t:3, i:8), leaderCommit=8, initializing? false, entries: <empty>
2019-10-16 20:59:17,339 [Thread-313] INFO  client.GrpcClientProtocolService (GrpcClientProtocolService.java:lambda$processClientRequest$0(278)) - Failed RaftClientRequest:client-BDDAE6707277->7d5bd66d-ed89-401c-bf86-050641c359fd@group-B775CB1CFC79, cid=10, seq=0, Watch-ALL_COMMITTED(6), Message:<EMPTY>, reply=RaftClientReply:client-BDDAE6707277->7d5bd66d-ed89-401c-bf86-050641c359fd@group-B775CB1CFC79, cid=10, FAILED org.apache.ratis.protocol.NotLeaderException: Server 7d5bd66d-ed89-401c-bf86-050641c359fd@group-B775CB1CFC79 is not the leader e2e26bef-7a80-470b-89dc-752ae9b76223:192.168.157.254:36344, logIndex=0, commits[7d5bd66d-ed89-401c-bf86-050641c359fd:c8, e2e26bef-7a80-470b-89dc-752ae9b76223:c8, 7e02033f-e7de-4006-80be-ffeab2e3922a:c4]
2019-10-16 20:59:17,584 [Thread-316] INFO  client.GrpcClientProtocolService (GrpcClientProtocolService.java:lambda$processClientRequest$0(278)) - Failed RaftClientRequest:client-BDDAE6707277->e2e26bef-7a80-470b-89dc-752ae9b76223@group-B775CB1CFC79, cid=10, seq=0, Watch-ALL_COMMITTED(6), Message:<EMPTY>, reply=RaftClientReply:client-BDDAE6707277->e2e26bef-7a80-470b-89dc-752ae9b76223@group-B775CB1CFC79, cid=10, FAILED org.apache.ratis.protocol.NotReplicatedException: Request with call Id 10 and log index 6 is not yet replicated to ALL_COMMITTED, logIndex=6, commits[e2e26bef-7a80-470b-89dc-752ae9b76223:c8, 7d5bd66d-ed89-401c-bf86-050641c359fd:c8, 7e02033f-e7de-4006-80be-ffeab2e3922a:c4]
2019-10-16 20:59:18,234 [main] WARN  scm.XceiverClientRatis (XceiverClientRatis.java:watchForCommit(277)) - 3 way commit failed on pipeline Pipeline[ Id: 4fea0e3a-b978-493d-b2ed-b775cb1cfc79, Nodes: e2e26bef-7a80-470b-89dc-752ae9b76223{ip: 192.168.157.254, host: pr-hdds-1868-qdb9g-714931517, networkLocation: /default-rack, certSerialId: null}7e02033f-e7de-4006-80be-ffeab2e3922a{ip: 192.168.157.254, host: pr-hdds-1868-qdb9g-714931517, networkLocation: /default-rack, certSerialId: null}7d5bd66d-ed89-401c-bf86-050641c359fd{ip: 192.168.157.254, host: pr-hdds-1868-qdb9g-714931517, networkLocation: /default-rack, certSerialId: null}, Type:RATIS, Factor:THREE, State:OPEN]
java.util.concurrent.TimeoutException
	at java.util.concurrent.CompletableFuture.timedGet(CompletableFuture.java:1771)
	at java.util.concurrent.CompletableFuture.get(CompletableFuture.java:1915)
	at org.apache.hadoop.hdds.scm.XceiverClientRatis.watchForCommit(XceiverClientRatis.java:274)
	at org.apache.hadoop.hdds.scm.storage.CommitWatcher.watchForCommit(CommitWatcher.java:198)
	at org.apache.hadoop.hdds.scm.storage.CommitWatcher.watchOnLastIndex(CommitWatcher.java:161)
	at org.apache.hadoop.hdds.scm.storage.BlockOutputStream.watchForCommit(BlockOutputStream.java:346)
	at org.apache.hadoop.hdds.scm.storage.BlockOutputStream.handleFlush(BlockOutputStream.java:482)
	at org.apache.hadoop.hdds.scm.storage.BlockOutputStream.close(BlockOutputStream.java:496)
	at org.apache.hadoop.ozone.client.io.BlockOutputStreamEntry.close(BlockOutputStreamEntry.java:143)
	at org.apache.hadoop.ozone.client.io.KeyOutputStream.handleFlushOrClose(KeyOutputStream.java:435)
	at org.apache.hadoop.ozone.client.io.KeyOutputStream.close(KeyOutputStream.java:473)
	at org.apache.hadoop.ozone.client.io.OzoneOutputStream.close(OzoneOutputStream.java:60)
	at org.apache.hadoop.ozone.client.rpc.TestDeleteWithSlowFollower.testDeleteKeyWithSlowFollower(TestDeleteWithSlowFollower.java:193)
	at sun.reflect.NativeMethodAccessorImpl.invoke0(Native Method)
	at sun.reflect.NativeMethodAccessorImpl.invoke(NativeMethodAccessorImpl.java:62)
	at sun.reflect.DelegatingMethodAccessorImpl.invoke(DelegatingMethodAccessorImpl.java:43)
	at java.lang.reflect.Method.invoke(Method.java:498)
	at org.junit.runners.model.FrameworkMethod$1.runReflectiveCall(FrameworkMethod.java:47)
	at org.junit.internal.runners.model.ReflectiveCallable.run(ReflectiveCallable.java:12)
	at org.junit.runners.model.FrameworkMethod.invokeExplosively(FrameworkMethod.java:44)
	at org.junit.internal.runners.statements.InvokeMethod.evaluate(InvokeMethod.java:17)
	at org.junit.runners.ParentRunner.runLeaf(ParentRunner.java:271)
	at org.junit.runners.BlockJUnit4ClassRunner.runChild(BlockJUnit4ClassRunner.java:70)
	at org.junit.runners.BlockJUnit4ClassRunner.runChild(BlockJUnit4ClassRunner.java:50)
	at org.junit.runners.ParentRunner$3.run(ParentRunner.java:238)
	at org.junit.runners.ParentRunner$1.schedule(ParentRunner.java:63)
	at org.junit.runners.ParentRunner.runChildren(ParentRunner.java:236)
	at org.junit.runners.ParentRunner.access$000(ParentRunner.java:53)
	at org.junit.runners.ParentRunner$2.evaluate(ParentRunner.java:229)
	at org.junit.internal.runners.statements.RunBefores.evaluate(RunBefores.java:26)
	at org.junit.internal.runners.statements.RunAfters.evaluate(RunAfters.java:27)
	at org.junit.runners.ParentRunner.run(ParentRunner.java:309)
	at org.apache.maven.surefire.junit4.JUnit4Provider.execute(JUnit4Provider.java:365)
	at org.apache.maven.surefire.junit4.JUnit4Provider.executeWithRerun(JUnit4Provider.java:273)
	at org.apache.maven.surefire.junit4.JUnit4Provider.executeTestSet(JUnit4Provider.java:238)
	at org.apache.maven.surefire.junit4.JUnit4Provider.invoke(JUnit4Provider.java:159)
	at org.apache.maven.surefire.booter.ForkedBooter.invokeProviderInSameClassLoader(ForkedBooter.java:384)
	at org.apache.maven.surefire.booter.ForkedBooter.runSuitesInProcess(ForkedBooter.java:345)
	at org.apache.maven.surefire.booter.ForkedBooter.execute(ForkedBooter.java:126)
	at org.apache.maven.surefire.booter.ForkedBooter.main(ForkedBooter.java:418)
2019-10-16 20:59:18,249 [main] INFO  scm.XceiverClientRatis (XceiverClientRatis.java:lambda$watchForCommit$5(295)) - Could not commit index 6 on pipeline Pipeline[ Id: 4fea0e3a-b978-493d-b2ed-b775cb1cfc79, Nodes: e2e26bef-7a80-470b-89dc-752ae9b76223{ip: 192.168.157.254, host: pr-hdds-1868-qdb9g-714931517, networkLocation: /default-rack, certSerialId: null}7e02033f-e7de-4006-80be-ffeab2e3922a{ip: 192.168.157.254, host: pr-hdds-1868-qdb9g-714931517, networkLocation: /default-rack, certSerialId: null}7d5bd66d-ed89-401c-bf86-050641c359fd{ip: 192.168.157.254, host: pr-hdds-1868-qdb9g-714931517, networkLocation: /default-rack, certSerialId: null}, Type:RATIS, Factor:THREE, State:OPEN] to all the nodes. Server 7e02033f-e7de-4006-80be-ffeab2e3922a has failed. Committed by majority.
2019-10-16 20:59:18,250 [main] WARN  storage.BlockOutputStream (BlockOutputStream.java:watchForCommit(352)) - Failed to commit BlockId conID: 1 locID: 102974064066953216 bcsId: 6 on Pipeline[ Id: 4fea0e3a-b978-493d-b2ed-b775cb1cfc79, Nodes: e2e26bef-7a80-470b-89dc-752ae9b76223{ip: 192.168.157.254, host: pr-hdds-1868-qdb9g-714931517, networkLocation: /default-rack, certSerialId: null}7e02033f-e7de-4006-80be-ffeab2e3922a{ip: 192.168.157.254, host: pr-hdds-1868-qdb9g-714931517, networkLocation: /default-rack, certSerialId: null}7d5bd66d-ed89-401c-bf86-050641c359fd{ip: 192.168.157.254, host: pr-hdds-1868-qdb9g-714931517, networkLocation: /default-rack, certSerialId: null}, Type:RATIS, Factor:THREE, State:OPEN]. Failed nodes: [7e02033f-e7de-4006-80be-ffeab2e3922a{ip: null, host: null, networkLocation: /default-rack, certSerialId: null}]
2019-10-16 20:59:18,317 [EventQueue-IncrementalContainerReportForIncrementalContainerReportHandler] WARN  container.IncrementalContainerReportHandler (AbstractContainerReportHandler.java:updateContainerState(145)) - Container #1 is in OPEN state, but the datanode e2e26bef-7a80-470b-89dc-752ae9b76223{ip: 192.168.157.254, host: pr-hdds-1868-qdb9g-714931517, networkLocation: /default-rack, certSerialId: null} reports an CLOSING replica.
2019-10-16 20:59:18,327 [RatisApplyTransactionExecutor 1] INFO  interfaces.Container (KeyValueContainer.java:flushAndSyncDB(386)) - Container 1 is synced with bcsId 6.
2019-10-16 20:59:18,328 [RatisApplyTransactionExecutor 1] INFO  interfaces.Container (KeyValueContainer.java:flushAndSyncDB(386)) - Container 1 is synced with bcsId 6.
2019-10-16 20:59:18,342 [RatisApplyTransactionExecutor 1] INFO  interfaces.Container (KeyValueContainer.java:close(335)) - Container 1 is closed with bcsId 6.
2019-10-16 20:59:18,344 [EventQueue-IncrementalContainerReportForIncrementalContainerReportHandler] WARN  container.IncrementalContainerReportHandler (AbstractContainerReportHandler.java:updateContainerState(145)) - Container #1 is in OPEN state, but the datanode e2e26bef-7a80-470b-89dc-752ae9b76223{ip: 192.168.157.254, host: pr-hdds-1868-qdb9g-714931517, networkLocation: /default-rack, certSerialId: null} reports an CLOSED replica.
2019-10-16 20:59:18,344 [EventQueue-IncrementalContainerReportForIncrementalContainerReportHandler] WARN  container.IncrementalContainerReportHandler (AbstractContainerReportHandler.java:updateContainerState(145)) - Container #1 is in OPEN state, but the datanode 7d5bd66d-ed89-401c-bf86-050641c359fd{ip: 192.168.157.254, host: pr-hdds-1868-qdb9g-714931517, networkLocation: /default-rack, certSerialId: null} reports an CLOSING replica.
2019-10-16 20:59:18,353 [RatisApplyTransactionExecutor 1] INFO  interfaces.Container (KeyValueContainer.java:flushAndSyncDB(386)) - Container 1 is synced with bcsId 6.
2019-10-16 20:59:18,354 [RatisApplyTransactionExecutor 1] INFO  interfaces.Container (KeyValueContainer.java:flushAndSyncDB(386)) - Container 1 is synced with bcsId 6.
2019-10-16 20:59:18,369 [RatisApplyTransactionExecutor 1] INFO  interfaces.Container (KeyValueContainer.java:close(335)) - Container 1 is closed with bcsId 6.
2019-10-16 20:59:18,371 [EventQueue-IncrementalContainerReportForIncrementalContainerReportHandler] WARN  container.IncrementalContainerReportHandler (AbstractContainerReportHandler.java:updateContainerState(145)) - Container #1 is in OPEN state, but the datanode 7d5bd66d-ed89-401c-bf86-050641c359fd{ip: 192.168.157.254, host: pr-hdds-1868-qdb9g-714931517, networkLocation: /default-rack, certSerialId: null} reports an CLOSED replica.
2019-10-16 20:59:18,443 [EventQueue-ContainerReportForContainerReportHandler] WARN  container.ContainerReportHandler (AbstractContainerReportHandler.java:updateContainerState(145)) - Container #1 is in OPEN state, but the datanode e2e26bef-7a80-470b-89dc-752ae9b76223{ip: 192.168.157.254, host: pr-hdds-1868-qdb9g-714931517, networkLocation: /default-rack, certSerialId: null} reports an CLOSED replica.
2019-10-16 20:59:18,644 [IPC Server handler 3 on 32852] INFO  server.SCMBlockProtocolServer (SCMBlockProtocolServer.java:deleteKeyBlocks(212)) - SCM is informed by OM to delete 1 blocks
2019-10-16 20:59:18,645 [IPC Server handler 3 on 32852] INFO  block.BlockManagerImpl (BlockManagerImpl.java:deleteBlocks(285)) - Deleting blocks conID: 1 locID: 102974064066953216 bcsId: 0
2019-10-16 20:59:18,671 [EventQueue-ContainerReportForContainerReportHandler] WARN  container.ContainerReportHandler (AbstractContainerReportHandler.java:updateContainerState(145)) - Container #1 is in OPEN state, but the datanode 7d5bd66d-ed89-401c-bf86-050641c359fd{ip: 192.168.157.254, host: pr-hdds-1868-qdb9g-714931517, networkLocation: /default-rack, certSerialId: null} reports an CLOSED replica.
2019-10-16 20:59:18,738 [java.util.concurrent.ThreadPoolExecutor$Worker@7847c973[State = -1, empty queue]] WARN  server.GrpcLogAppender (GrpcLogAppender.java:timeoutAppendRequest(209)) - e2e26bef-7a80-470b-89dc-752ae9b76223@group-B775CB1CFC79->7e02033f-e7de-4006-80be-ffeab2e3922a-GrpcLogAppender: appendEntries Timeout, request=e2e26bef-7a80-470b-89dc-752ae9b76223->7e02033f-e7de-4006-80be-ffeab2e3922a#22-t3, previous=(t:3, i:8), leaderCommit=8, initializing? false, entries: <empty>
2019-10-16 20:59:18,751 [BlockDeletingService#2] WARN  background.BlockDeletingService (BlockDeletingService.java:isDeletionAllowed(187)) - Close Container log Index 6 is not replicated across allthe servers in the pipeline 4fea0e3a-b978-493d-b2ed-b775cb1cfc79 as the min replicated index is 4. Deletion is not allowed in this container yet.
2019-10-16 20:59:18,754 [BlockDeletingService#2] WARN  background.BlockDeletingService (BlockDeletingService.java:isDeletionAllowed(187)) - Close Container log Index 6 is not replicated across allthe servers in the pipeline 4fea0e3a-b978-493d-b2ed-b775cb1cfc79 as the min replicated index is 4. Deletion is not allowed in this container yet.
2019-10-16 20:59:18,843 [EventQueue-ContainerReportForContainerReportHandler] WARN  container.ContainerReportHandler (AbstractContainerReportHandler.java:updateContainerState(145)) - Container #1 is in OPEN state, but the datanode e2e26bef-7a80-470b-89dc-752ae9b76223{ip: 192.168.157.254, host: pr-hdds-1868-qdb9g-714931517, networkLocation: /default-rack, certSerialId: null} reports an CLOSED replica.
2019-10-16 20:59:18,972 [EventQueue-ContainerReportForContainerReportHandler] WARN  container.ContainerReportHandler (AbstractContainerReportHandler.java:updateContainerState(145)) - Container #1 is in OPEN state, but the datanode 7d5bd66d-ed89-401c-bf86-050641c359fd{ip: 192.168.157.254, host: pr-hdds-1868-qdb9g-714931517, networkLocation: /default-rack, certSerialId: null} reports an CLOSED replica.
2019-10-16 20:59:19,143 [EventQueue-ContainerReportForContainerReportHandler] WARN  container.ContainerReportHandler (AbstractContainerReportHandler.java:updateContainerState(145)) - Container #1 is in OPEN state, but the datanode e2e26bef-7a80-470b-89dc-752ae9b76223{ip: 192.168.157.254, host: pr-hdds-1868-qdb9g-714931517, networkLocation: /default-rack, certSerialId: null} reports an CLOSED replica.
2019-10-16 20:59:19,374 [EventQueue-ContainerReportForContainerReportHandler] WARN  container.ContainerReportHandler (AbstractContainerReportHandler.java:updateContainerState(145)) - Container #1 is in OPEN state, but the datanode 7d5bd66d-ed89-401c-bf86-050641c359fd{ip: 192.168.157.254, host: pr-hdds-1868-qdb9g-714931517, networkLocation: /default-rack, certSerialId: null} reports an CLOSED replica.
2019-10-16 20:59:19,443 [EventQueue-ContainerReportForContainerReportHandler] WARN  container.ContainerReportHandler (AbstractContainerReportHandler.java:updateContainerState(145)) - Container #1 is in OPEN state, but the datanode e2e26bef-7a80-470b-89dc-752ae9b76223{ip: 192.168.157.254, host: pr-hdds-1868-qdb9g-714931517, networkLocation: /default-rack, certSerialId: null} reports an CLOSED replica.
2019-10-16 20:59:19,673 [EventQueue-ContainerReportForContainerReportHandler] WARN  container.ContainerReportHandler (AbstractContainerReportHandler.java:updateContainerState(145)) - Container #1 is in OPEN state, but the datanode 7d5bd66d-ed89-401c-bf86-050641c359fd{ip: 192.168.157.254, host: pr-hdds-1868-qdb9g-714931517, networkLocation: /default-rack, certSerialId: null} reports an CLOSED replica.
2019-10-16 20:59:19,752 [BlockDeletingService#2] WARN  background.BlockDeletingService (BlockDeletingService.java:isDeletionAllowed(187)) - Close Container log Index 6 is not replicated across allthe servers in the pipeline 4fea0e3a-b978-493d-b2ed-b775cb1cfc79 as the min replicated index is 4. Deletion is not allowed in this container yet.
2019-10-16 20:59:19,756 [BlockDeletingService#2] WARN  background.BlockDeletingService (BlockDeletingService.java:isDeletionAllowed(187)) - Close Container log Index 6 is not replicated across allthe servers in the pipeline 4fea0e3a-b978-493d-b2ed-b775cb1cfc79 as the min replicated index is 4. Deletion is not allowed in this container yet.
2019-10-16 20:59:19,843 [EventQueue-ContainerReportForContainerReportHandler] WARN  container.ContainerReportHandler (AbstractContainerReportHandler.java:updateContainerState(145)) - Container #1 is in OPEN state, but the datanode e2e26bef-7a80-470b-89dc-752ae9b76223{ip: 192.168.157.254, host: pr-hdds-1868-qdb9g-714931517, networkLocation: /default-rack, certSerialId: null} reports an CLOSED replica.
2019-10-16 20:59:19,973 [EventQueue-ContainerReportForContainerReportHandler] WARN  container.ContainerReportHandler (AbstractContainerReportHandler.java:updateContainerState(145)) - Container #1 is in OPEN state, but the datanode 7d5bd66d-ed89-401c-bf86-050641c359fd{ip: 192.168.157.254, host: pr-hdds-1868-qdb9g-714931517, networkLocation: /default-rack, certSerialId: null} reports an CLOSED replica.
2019-10-16 20:59:20,043 [EventQueue-ContainerReportForContainerReportHandler] WARN  container.ContainerReportHandler (AbstractContainerReportHandler.java:updateContainerState(145)) - Container #1 is in OPEN state, but the datanode e2e26bef-7a80-470b-89dc-752ae9b76223{ip: 192.168.157.254, host: pr-hdds-1868-qdb9g-714931517, networkLocation: /default-rack, certSerialId: null} reports an CLOSED replica.
2019-10-16 20:59:20,373 [EventQueue-ContainerReportForContainerReportHandler] WARN  container.ContainerReportHandler (AbstractContainerReportHandler.java:updateContainerState(145)) - Container #1 is in OPEN state, but the datanode 7d5bd66d-ed89-401c-bf86-050641c359fd{ip: 192.168.157.254, host: pr-hdds-1868-qdb9g-714931517, networkLocation: /default-rack, certSerialId: null} reports an CLOSED replica.
2019-10-16 20:59:20,444 [EventQueue-ContainerReportForContainerReportHandler] WARN  container.ContainerReportHandler (AbstractContainerReportHandler.java:updateContainerState(145)) - Container #1 is in OPEN state, but the datanode e2e26bef-7a80-470b-89dc-752ae9b76223{ip: 192.168.157.254, host: pr-hdds-1868-qdb9g-714931517, networkLocation: /default-rack, certSerialId: null} reports an CLOSED replica.
2019-10-16 20:59:20,673 [EventQueue-ContainerReportForContainerReportHandler] WARN  container.ContainerReportHandler (AbstractContainerReportHandler.java:updateContainerState(145)) - Container #1 is in OPEN state, but the datanode 7d5bd66d-ed89-401c-bf86-050641c359fd{ip: 192.168.157.254, host: pr-hdds-1868-qdb9g-714931517, networkLocation: /default-rack, certSerialId: null} reports an CLOSED replica.
2019-10-16 20:59:20,744 [EventQueue-ContainerReportForContainerReportHandler] WARN  container.ContainerReportHandler (AbstractContainerReportHandler.java:updateContainerState(145)) - Container #1 is in OPEN state, but the datanode e2e26bef-7a80-470b-89dc-752ae9b76223{ip: 192.168.157.254, host: pr-hdds-1868-qdb9g-714931517, networkLocation: /default-rack, certSerialId: null} reports an CLOSED replica.
2019-10-16 20:59:20,754 [BlockDeletingService#2] WARN  background.BlockDeletingService (BlockDeletingService.java:isDeletionAllowed(187)) - Close Container log Index 6 is not replicated across allthe servers in the pipeline 4fea0e3a-b978-493d-b2ed-b775cb1cfc79 as the min replicated index is 4. Deletion is not allowed in this container yet.
2019-10-16 20:59:20,757 [BlockDeletingService#2] WARN  background.BlockDeletingService (BlockDeletingService.java:isDeletionAllowed(187)) - Close Container log Index 6 is not replicated across allthe servers in the pipeline 4fea0e3a-b978-493d-b2ed-b775cb1cfc79 as the min replicated index is 4. Deletion is not allowed in this container yet.
2019-10-16 20:59:21,073 [EventQueue-ContainerReportForContainerReportHandler] WARN  container.ContainerReportHandler (AbstractContainerReportHandler.java:updateContainerState(145)) - Container #1 is in OPEN state, but the datanode 7d5bd66d-ed89-401c-bf86-050641c359fd{ip: 192.168.157.254, host: pr-hdds-1868-qdb9g-714931517, networkLocation: /default-rack, certSerialId: null} reports an CLOSED replica.
2019-10-16 20:59:21,144 [EventQueue-ContainerReportForContainerReportHandler] WARN  container.ContainerReportHandler (AbstractContainerReportHandler.java:updateContainerState(145)) - Container #1 is in OPEN state, but the datanode e2e26bef-7a80-470b-89dc-752ae9b76223{ip: 192.168.157.254, host: pr-hdds-1868-qdb9g-714931517, networkLocation: /default-rack, certSerialId: null} reports an CLOSED replica.
2019-10-16 20:59:21,241 [java.util.concurrent.ThreadPoolExecutor$Worker@7847c973[State = -1, empty queue]] WARN  server.GrpcLogAppender (GrpcLogAppender.java:timeoutAppendRequest(209)) - e2e26bef-7a80-470b-89dc-752ae9b76223@group-B775CB1CFC79->7e02033f-e7de-4006-80be-ffeab2e3922a-GrpcLogAppender: appendEntries Timeout, request=e2e26bef-7a80-470b-89dc-752ae9b76223->7e02033f-e7de-4006-80be-ffeab2e3922a#23-t3, previous=(t:3, i:8), leaderCommit=8, initializing? false, entries: <empty>
2019-10-16 20:59:21,289 [java.util.concurrent.ThreadPoolExecutor$Worker@7847c973[State = -1, empty queue]] WARN  server.GrpcLogAppender (GrpcLogAppender.java:timeoutAppendRequest(209)) - e2e26bef-7a80-470b-89dc-752ae9b76223@group-B775CB1CFC79->7e02033f-e7de-4006-80be-ffeab2e3922a-GrpcLogAppender: appendEntries Timeout, request=e2e26bef-7a80-470b-89dc-752ae9b76223->7e02033f-e7de-4006-80be-ffeab2e3922a#24-t3, previous=(t:3, i:8), leaderCommit=8, initializing? false, entries: size=1, first=(t:3, i:9), STATEMACHINELOGENTRY, client-5C27C521191D, cid=12
2019-10-16 20:59:21,302 [java.util.concurrent.ThreadPoolExecutor$Worker@7847c973[State = -1, empty queue]] WARN  server.GrpcLogAppender (GrpcLogAppender.java:timeoutAppendRequest(209)) - e2e26bef-7a80-470b-89dc-752ae9b76223@group-B775CB1CFC79->7e02033f-e7de-4006-80be-ffeab2e3922a-GrpcLogAppender: appendEntries Timeout, request=e2e26bef-7a80-470b-89dc-752ae9b76223->7e02033f-e7de-4006-80be-ffeab2e3922a#25-t3, previous=(t:3, i:9), leaderCommit=9, initializing? false, entries: size=1, first=(t:3, i:10), METADATAENTRY(c9)
2019-10-16 20:59:21,373 [EventQueue-ContainerReportForContainerReportHandler] WARN  container.ContainerReportHandler (AbstractContainerReportHandler.java:updateContainerState(145)) - Container #1 is in OPEN state, but the datanode 7d5bd66d-ed89-401c-bf86-050641c359fd{ip: 192.168.157.254, host: pr-hdds-1868-qdb9g-714931517, networkLocation: /default-rack, certSerialId: null} reports an CLOSED replica.
2019-10-16 20:59:21,443 [EventQueue-ContainerReportForContainerReportHandler] WARN  container.ContainerReportHandler (AbstractContainerReportHandler.java:updateContainerState(145)) - Container #1 is in OPEN state, but the datanode e2e26bef-7a80-470b-89dc-752ae9b76223{ip: 192.168.157.254, host: pr-hdds-1868-qdb9g-714931517, networkLocation: /default-rack, certSerialId: null} reports an CLOSED replica.
2019-10-16 20:59:21,756 [BlockDeletingService#2] WARN  background.BlockDeletingService (BlockDeletingService.java:isDeletionAllowed(187)) - Close Container log Index 6 is not replicated across allthe servers in the pipeline 4fea0e3a-b978-493d-b2ed-b775cb1cfc79 as the min replicated index is 4. Deletion is not allowed in this container yet.
2019-10-16 20:59:21,758 [BlockDeletingService#2] WARN  background.BlockDeletingService (BlockDeletingService.java:isDeletionAllowed(187)) - Close Container log Index 6 is not replicated across allthe servers in the pipeline 4fea0e3a-b978-493d-b2ed-b775cb1cfc79 as the min replicated index is 4. Deletion is not allowed in this container yet.
2019-10-16 20:59:21,773 [EventQueue-ContainerReportForContainerReportHandler] WARN  container.ContainerReportHandler (AbstractContainerReportHandler.java:updateContainerState(145)) - Container #1 is in OPEN state, but the datanode 7d5bd66d-ed89-401c-bf86-050641c359fd{ip: 192.168.157.254, host: pr-hdds-1868-qdb9g-714931517, networkLocation: /default-rack, certSerialId: null} reports an CLOSED replica.
2019-10-16 20:59:21,843 [EventQueue-ContainerReportForContainerReportHandler] WARN  container.ContainerReportHandler (AbstractContainerReportHandler.java:updateContainerState(145)) - Container #1 is in OPEN state, but the datanode e2e26bef-7a80-470b-89dc-752ae9b76223{ip: 192.168.157.254, host: pr-hdds-1868-qdb9g-714931517, networkLocation: /default-rack, certSerialId: null} reports an CLOSED replica.
2019-10-16 20:59:22,143 [EventQueue-ContainerReportForContainerReportHandler] WARN  container.ContainerReportHandler (AbstractContainerReportHandler.java:updateContainerState(145)) - Container #1 is in OPEN state, but the datanode e2e26bef-7a80-470b-89dc-752ae9b76223{ip: 192.168.157.254, host: pr-hdds-1868-qdb9g-714931517, networkLocation: /default-rack, certSerialId: null} reports an CLOSED replica.
2019-10-16 20:59:22,173 [EventQueue-ContainerReportForContainerReportHandler] WARN  container.ContainerReportHandler (AbstractContainerReportHandler.java:updateContainerState(145)) - Container #1 is in OPEN state, but the datanode 7d5bd66d-ed89-401c-bf86-050641c359fd{ip: 192.168.157.254, host: pr-hdds-1868-qdb9g-714931517, networkLocation: /default-rack, certSerialId: null} reports an CLOSED replica.
2019-10-16 20:59:22,474 [EventQueue-ContainerReportForContainerReportHandler] WARN  container.ContainerReportHandler (AbstractContainerReportHandler.java:updateContainerState(145)) - Container #1 is in OPEN state, but the datanode 7d5bd66d-ed89-401c-bf86-050641c359fd{ip: 192.168.157.254, host: pr-hdds-1868-qdb9g-714931517, networkLocation: /default-rack, certSerialId: null} reports an CLOSED replica.
2019-10-16 20:59:22,544 [EventQueue-ContainerReportForContainerReportHandler] WARN  container.ContainerReportHandler (AbstractContainerReportHandler.java:updateContainerState(145)) - Container #1 is in OPEN state, but the datanode e2e26bef-7a80-470b-89dc-752ae9b76223{ip: 192.168.157.254, host: pr-hdds-1868-qdb9g-714931517, networkLocation: /default-rack, certSerialId: null} reports an CLOSED replica.
2019-10-16 20:59:22,759 [BlockDeletingService#2] WARN  background.BlockDeletingService (BlockDeletingService.java:isDeletionAllowed(187)) - Close Container log Index 6 is not replicated across allthe servers in the pipeline 4fea0e3a-b978-493d-b2ed-b775cb1cfc79 as the min replicated index is 4. Deletion is not allowed in this container yet.
2019-10-16 20:59:22,759 [BlockDeletingService#2] WARN  background.BlockDeletingService (BlockDeletingService.java:isDeletionAllowed(187)) - Close Container log Index 6 is not replicated across allthe servers in the pipeline 4fea0e3a-b978-493d-b2ed-b775cb1cfc79 as the min replicated index is 4. Deletion is not allowed in this container yet.
2019-10-16 20:59:22,845 [EventQueue-ContainerReportForContainerReportHandler] WARN  container.ContainerReportHandler (AbstractContainerReportHandler.java:updateContainerState(145)) - Container #1 is in OPEN state, but the datanode e2e26bef-7a80-470b-89dc-752ae9b76223{ip: 192.168.157.254, host: pr-hdds-1868-qdb9g-714931517, networkLocation: /default-rack, certSerialId: null} reports an CLOSED replica.
2019-10-16 20:59:22,874 [EventQueue-ContainerReportForContainerReportHandler] WARN  container.ContainerReportHandler (AbstractContainerReportHandler.java:updateContainerState(145)) - Container #1 is in OPEN state, but the datanode 7d5bd66d-ed89-401c-bf86-050641c359fd{ip: 192.168.157.254, host: pr-hdds-1868-qdb9g-714931517, networkLocation: /default-rack, certSerialId: null} reports an CLOSED replica.
2019-10-16 20:59:23,044 [EventQueue-ContainerReportForContainerReportHandler] WARN  container.ContainerReportHandler (AbstractContainerReportHandler.java:updateContainerState(145)) - Container #1 is in OPEN state, but the datanode e2e26bef-7a80-470b-89dc-752ae9b76223{ip: 192.168.157.254, host: pr-hdds-1868-qdb9g-714931517, networkLocation: /default-rack, certSerialId: null} reports an CLOSED replica.
2019-10-16 20:59:23,244 [EventQueue-ContainerReportForContainerReportHandler] WARN  container.ContainerReportHandler (AbstractContainerReportHandler.java:updateContainerState(145)) - Container #1 is in OPEN state, but the datanode e2e26bef-7a80-470b-89dc-752ae9b76223{ip: 192.168.157.254, host: pr-hdds-1868-qdb9g-714931517, networkLocation: /default-rack, certSerialId: null} reports an CLOSED replica.
2019-10-16 20:59:23,274 [EventQueue-ContainerReportForContainerReportHandler] WARN  container.ContainerReportHandler (AbstractContainerReportHandler.java:updateContainerState(145)) - Container #1 is in OPEN state, but the datanode 7d5bd66d-ed89-401c-bf86-050641c359fd{ip: 192.168.157.254, host: pr-hdds-1868-qdb9g-714931517, networkLocation: /default-rack, certSerialId: null} reports an CLOSED replica.
2019-10-16 20:59:23,544 [EventQueue-ContainerReportForContainerReportHandler] WARN  container.ContainerReportHandler (AbstractContainerReportHandler.java:updateContainerState(145)) - Container #1 is in OPEN state, but the datanode e2e26bef-7a80-470b-89dc-752ae9b76223{ip: 192.168.157.254, host: pr-hdds-1868-qdb9g-714931517, networkLocation: /default-rack, certSerialId: null} reports an CLOSED replica.
2019-10-16 20:59:23,575 [EventQueue-ContainerReportForContainerReportHandler] WARN  container.ContainerReportHandler (AbstractContainerReportHandler.java:updateContainerState(145)) - Container #1 is in OPEN state, but the datanode 7d5bd66d-ed89-401c-bf86-050641c359fd{ip: 192.168.157.254, host: pr-hdds-1868-qdb9g-714931517, networkLocation: /default-rack, certSerialId: null} reports an CLOSED replica.
2019-10-16 20:59:23,745 [EventQueue-ContainerReportForContainerReportHandler] WARN  container.ContainerReportHandler (AbstractContainerReportHandler.java:updateContainerState(145)) - Container #1 is in OPEN state, but the datanode e2e26bef-7a80-470b-89dc-752ae9b76223{ip: 192.168.157.254, host: pr-hdds-1868-qdb9g-714931517, networkLocation: /default-rack, certSerialId: null} reports an CLOSED replica.
2019-10-16 20:59:23,762 [BlockDeletingService#2] WARN  background.BlockDeletingService (BlockDeletingService.java:isDeletionAllowed(187)) - Close Container log Index 6 is not replicated across allthe servers in the pipeline 4fea0e3a-b978-493d-b2ed-b775cb1cfc79 as the min replicated index is 4. Deletion is not allowed in this container yet.
2019-10-16 20:59:23,762 [BlockDeletingService#2] WARN  background.BlockDeletingService (BlockDeletingService.java:isDeletionAllowed(187)) - Close Container log Index 6 is not replicated across allthe servers in the pipeline 4fea0e3a-b978-493d-b2ed-b775cb1cfc79 as the min replicated index is 4. Deletion is not allowed in this container yet.
2019-10-16 20:59:23,774 [EventQueue-ContainerReportForContainerReportHandler] WARN  container.ContainerReportHandler (AbstractContainerReportHandler.java:updateContainerState(145)) - Container #1 is in OPEN state, but the datanode 7d5bd66d-ed89-401c-bf86-050641c359fd{ip: 192.168.157.254, host: pr-hdds-1868-qdb9g-714931517, networkLocation: /default-rack, certSerialId: null} reports an CLOSED replica.
2019-10-16 20:59:23,804 [java.util.concurrent.ThreadPoolExecutor$Worker@7847c973[State = -1, empty queue]] WARN  server.GrpcLogAppender (GrpcLogAppender.java:timeoutAppendRequest(209)) - e2e26bef-7a80-470b-89dc-752ae9b76223@group-B775CB1CFC79->7e02033f-e7de-4006-80be-ffeab2e3922a-GrpcLogAppender: appendEntries Timeout, request=e2e26bef-7a80-470b-89dc-752ae9b76223->7e02033f-e7de-4006-80be-ffeab2e3922a#26-t3, previous=(t:3, i:10), leaderCommit=10, initializing? false, entries: <empty>
2019-10-16 20:59:23,945 [EventQueue-ContainerReportForContainerReportHandler] WARN  container.ContainerReportHandler (AbstractContainerReportHandler.java:updateContainerState(145)) - Container #1 is in OPEN state, but the datanode e2e26bef-7a80-470b-89dc-752ae9b76223{ip: 192.168.157.254, host: pr-hdds-1868-qdb9g-714931517, networkLocation: /default-rack, certSerialId: null} reports an CLOSED replica.
2019-10-16 20:59:24,075 [EventQueue-ContainerReportForContainerReportHandler] WARN  container.ContainerReportHandler (AbstractContainerReportHandler.java:updateContainerState(145)) - Container #1 is in OPEN state, but the datanode 7d5bd66d-ed89-401c-bf86-050641c359fd{ip: 192.168.157.254, host: pr-hdds-1868-qdb9g-714931517, networkLocation: /default-rack, certSerialId: null} reports an CLOSED replica.
2019-10-16 20:59:24,145 [EventQueue-ContainerReportForContainerReportHandler] WARN  container.ContainerReportHandler (AbstractContainerReportHandler.java:updateContainerState(145)) - Container #1 is in OPEN state, but the datanode e2e26bef-7a80-470b-89dc-752ae9b76223{ip: 192.168.157.254, host: pr-hdds-1868-qdb9g-714931517, networkLocation: /default-rack, certSerialId: null} reports an CLOSED replica.
2019-10-16 20:59:24,374 [EventQueue-ContainerReportForContainerReportHandler] WARN  container.ContainerReportHandler (AbstractContainerReportHandler.java:updateContainerState(145)) - Container #1 is in OPEN state, but the datanode 7d5bd66d-ed89-401c-bf86-050641c359fd{ip: 192.168.157.254, host: pr-hdds-1868-qdb9g-714931517, networkLocation: /default-rack, certSerialId: null} reports an CLOSED replica.
2019-10-16 20:59:24,548 [EventQueue-ContainerReportForContainerReportHandler] WARN  container.ContainerReportHandler (AbstractContainerReportHandler.java:updateContainerState(145)) - Container #1 is in OPEN state, but the datanode e2e26bef-7a80-470b-89dc-752ae9b76223{ip: 192.168.157.254, host: pr-hdds-1868-qdb9g-714931517, networkLocation: /default-rack, certSerialId: null} reports an CLOSED replica.
2019-10-16 20:59:24,675 [EventQueue-ContainerReportForContainerReportHandler] WARN  container.ContainerReportHandler (AbstractContainerReportHandler.java:updateContainerState(145)) - Container #1 is in OPEN state, but the datanode 7d5bd66d-ed89-401c-bf86-050641c359fd{ip: 192.168.157.254, host: pr-hdds-1868-qdb9g-714931517, networkLocation: /default-rack, certSerialId: null} reports an CLOSED replica.
2019-10-16 20:59:24,764 [BlockDeletingService#2] WARN  background.BlockDeletingService (BlockDeletingService.java:isDeletionAllowed(187)) - Close Container log Index 6 is not replicated across allthe servers in the pipeline 4fea0e3a-b978-493d-b2ed-b775cb1cfc79 as the min replicated index is 4. Deletion is not allowed in this container yet.
2019-10-16 20:59:24,764 [BlockDeletingService#2] WARN  background.BlockDeletingService (BlockDeletingService.java:isDeletionAllowed(187)) - Close Container log Index 6 is not replicated across allthe servers in the pipeline 4fea0e3a-b978-493d-b2ed-b775cb1cfc79 as the min replicated index is 4. Deletion is not allowed in this container yet.
2019-10-16 20:59:24,847 [EventQueue-ContainerReportForContainerReportHandler] WARN  container.ContainerReportHandler (AbstractContainerReportHandler.java:updateContainerState(145)) - Container #1 is in OPEN state, but the datanode e2e26bef-7a80-470b-89dc-752ae9b76223{ip: 192.168.157.254, host: pr-hdds-1868-qdb9g-714931517, networkLocation: /default-rack, certSerialId: null} reports an CLOSED replica.
2019-10-16 20:59:24,975 [EventQueue-ContainerReportForContainerReportHandler] WARN  container.ContainerReportHandler (AbstractContainerReportHandler.java:updateContainerState(145)) - Container #1 is in OPEN state, but the datanode 7d5bd66d-ed89-401c-bf86-050641c359fd{ip: 192.168.157.254, host: pr-hdds-1868-qdb9g-714931517, networkLocation: /default-rack, certSerialId: null} reports an CLOSED replica.
2019-10-16 20:59:25,048 [EventQueue-ContainerReportForContainerReportHandler] WARN  container.ContainerReportHandler (AbstractContainerReportHandler.java:updateContainerState(145)) - Container #1 is in OPEN state, but the datanode e2e26bef-7a80-470b-89dc-752ae9b76223{ip: 192.168.157.254, host: pr-hdds-1868-qdb9g-714931517, networkLocation: /default-rack, certSerialId: null} reports an CLOSED replica.
2019-10-16 20:59:25,247 [EventQueue-ContainerReportForContainerReportHandler] WARN  container.ContainerReportHandler (AbstractContainerReportHandler.java:updateContainerState(145)) - Container #1 is in OPEN state, but the datanode e2e26bef-7a80-470b-89dc-752ae9b76223{ip: 192.168.157.254, host: pr-hdds-1868-qdb9g-714931517, networkLocation: /default-rack, certSerialId: null} reports an CLOSED replica.
2019-10-16 20:59:25,275 [EventQueue-ContainerReportForContainerReportHandler] WARN  container.ContainerReportHandler (AbstractContainerReportHandler.java:updateContainerState(145)) - Container #1 is in OPEN state, but the datanode 7d5bd66d-ed89-401c-bf86-050641c359fd{ip: 192.168.157.254, host: pr-hdds-1868-qdb9g-714931517, networkLocation: /default-rack, certSerialId: null} reports an CLOSED replica.
2019-10-16 20:59:25,447 [EventQueue-ContainerReportForContainerReportHandler] WARN  container.ContainerReportHandler (AbstractContainerReportHandler.java:updateContainerState(145)) - Container #1 is in OPEN state, but the datanode e2e26bef-7a80-470b-89dc-752ae9b76223{ip: 192.168.157.254, host: pr-hdds-1868-qdb9g-714931517, networkLocation: /default-rack, certSerialId: null} reports an CLOSED replica.
2019-10-16 20:59:25,475 [EventQueue-ContainerReportForContainerReportHandler] WARN  container.ContainerReportHandler (AbstractContainerReportHandler.java:updateContainerState(145)) - Container #1 is in OPEN state, but the datanode 7d5bd66d-ed89-401c-bf86-050641c359fd{ip: 192.168.157.254, host: pr-hdds-1868-qdb9g-714931517, networkLocation: /default-rack, certSerialId: null} reports an CLOSED replica.
2019-10-16 20:59:25,766 [BlockDeletingService#2] WARN  background.BlockDeletingService (BlockDeletingService.java:isDeletionAllowed(187)) - Close Container log Index 6 is not replicated across allthe servers in the pipeline 4fea0e3a-b978-493d-b2ed-b775cb1cfc79 as the min replicated index is 4. Deletion is not allowed in this container yet.
2019-10-16 20:59:25,766 [BlockDeletingService#2] WARN  background.BlockDeletingService (BlockDeletingService.java:isDeletionAllowed(187)) - Close Container log Index 6 is not replicated across allthe servers in the pipeline 4fea0e3a-b978-493d-b2ed-b775cb1cfc79 as the min replicated index is 4. Deletion is not allowed in this container yet.
2019-10-16 20:59:25,775 [EventQueue-ContainerReportForContainerReportHandler] WARN  container.ContainerReportHandler (AbstractContainerReportHandler.java:updateContainerState(145)) - Container #1 is in OPEN state, but the datanode 7d5bd66d-ed89-401c-bf86-050641c359fd{ip: 192.168.157.254, host: pr-hdds-1868-qdb9g-714931517, networkLocation: /default-rack, certSerialId: null} reports an CLOSED replica.
2019-10-16 20:59:25,847 [EventQueue-ContainerReportForContainerReportHandler] WARN  container.ContainerReportHandler (AbstractContainerReportHandler.java:updateContainerState(145)) - Container #1 is in OPEN state, but the datanode e2e26bef-7a80-470b-89dc-752ae9b76223{ip: 192.168.157.254, host: pr-hdds-1868-qdb9g-714931517, networkLocation: /default-rack, certSerialId: null} reports an CLOSED replica.
2019-10-16 20:59:26,075 [EventQueue-ContainerReportForContainerReportHandler] WARN  container.ContainerReportHandler (AbstractContainerReportHandler.java:updateContainerState(145)) - Container #1 is in OPEN state, but the datanode 7d5bd66d-ed89-401c-bf86-050641c359fd{ip: 192.168.157.254, host: pr-hdds-1868-qdb9g-714931517, networkLocation: /default-rack, certSerialId: null} reports an CLOSED replica.
2019-10-16 20:59:26,147 [EventQueue-ContainerReportForContainerReportHandler] WARN  container.ContainerReportHandler (AbstractContainerReportHandler.java:updateContainerState(145)) - Container #1 is in OPEN state, but the datanode e2e26bef-7a80-470b-89dc-752ae9b76223{ip: 192.168.157.254, host: pr-hdds-1868-qdb9g-714931517, networkLocation: /default-rack, certSerialId: null} reports an CLOSED replica.
2019-10-16 20:59:26,275 [EventQueue-ContainerReportForContainerReportHandler] WARN  container.ContainerReportHandler (AbstractContainerReportHandler.java:updateContainerState(145)) - Container #1 is in OPEN state, but the datanode 7d5bd66d-ed89-401c-bf86-050641c359fd{ip: 192.168.157.254, host: pr-hdds-1868-qdb9g-714931517, networkLocation: /default-rack, certSerialId: null} reports an CLOSED replica.
2019-10-16 20:59:26,306 [java.util.concurrent.ThreadPoolExecutor$Worker@7847c973[State = -1, empty queue]] WARN  server.GrpcLogAppender (GrpcLogAppender.java:timeoutAppendRequest(209)) - e2e26bef-7a80-470b-89dc-752ae9b76223@group-B775CB1CFC79->7e02033f-e7de-4006-80be-ffeab2e3922a-GrpcLogAppender: appendEntries Timeout, request=e2e26bef-7a80-470b-89dc-752ae9b76223->7e02033f-e7de-4006-80be-ffeab2e3922a#27-t3, previous=(t:3, i:10), leaderCommit=10, initializing? false, entries: <empty>
2019-10-16 20:59:26,371 [Thread-346] INFO  client.GrpcClientProtocolService (GrpcClientProtocolService.java:lambda$processClientRequest$0(278)) - Failed RaftClientRequest:client-BDDAE6707277->7d5bd66d-ed89-401c-bf86-050641c359fd@group-B775CB1CFC79, cid=10, seq=0, Watch-ALL_COMMITTED(6), Message:<EMPTY>, reply=RaftClientReply:client-BDDAE6707277->7d5bd66d-ed89-401c-bf86-050641c359fd@group-B775CB1CFC79, cid=10, FAILED org.apache.ratis.protocol.NotLeaderException: Server 7d5bd66d-ed89-401c-bf86-050641c359fd@group-B775CB1CFC79 is not the leader e2e26bef-7a80-470b-89dc-752ae9b76223:192.168.157.254:36344, logIndex=0, commits[7d5bd66d-ed89-401c-bf86-050641c359fd:c10, e2e26bef-7a80-470b-89dc-752ae9b76223:c10, 7e02033f-e7de-4006-80be-ffeab2e3922a:c4]
2019-10-16 20:59:26,448 [EventQueue-ContainerReportForContainerReportHandler] WARN  container.ContainerReportHandler (AbstractContainerReportHandler.java:updateContainerState(145)) - Container #1 is in OPEN state, but the datanode e2e26bef-7a80-470b-89dc-752ae9b76223{ip: 192.168.157.254, host: pr-hdds-1868-qdb9g-714931517, networkLocation: /default-rack, certSerialId: null} reports an CLOSED replica.
2019-10-16 20:59:26,580 [EventQueue-ContainerReportForContainerReportHandler] WARN  container.ContainerReportHandler (AbstractContainerReportHandler.java:updateContainerState(145)) - Container #1 is in OPEN state, but the datanode 7d5bd66d-ed89-401c-bf86-050641c359fd{ip: 192.168.157.254, host: pr-hdds-1868-qdb9g-714931517, networkLocation: /default-rack, certSerialId: null} reports an CLOSED replica.
2019-10-16 20:59:26,648 [EventQueue-ContainerReportForContainerReportHandler] WARN  container.ContainerReportHandler (AbstractContainerReportHandler.java:updateContainerState(145)) - Container #1 is in OPEN state, but the datanode e2e26bef-7a80-470b-89dc-752ae9b76223{ip: 192.168.157.254, host: pr-hdds-1868-qdb9g-714931517, networkLocation: /default-rack, certSerialId: null} reports an CLOSED replica.
2019-10-16 20:59:26,769 [BlockDeletingService#2] WARN  background.BlockDeletingService (BlockDeletingService.java:isDeletionAllowed(187)) - Close Container log Index 6 is not replicated across allthe servers in the pipeline 4fea0e3a-b978-493d-b2ed-b775cb1cfc79 as the min replicated index is 4. Deletion is not allowed in this container yet.
2019-10-16 20:59:26,769 [BlockDeletingService#2] WARN  background.BlockDeletingService (BlockDeletingService.java:isDeletionAllowed(187)) - Close Container log Index 6 is not replicated across allthe servers in the pipeline 4fea0e3a-b978-493d-b2ed-b775cb1cfc79 as the min replicated index is 4. Deletion is not allowed in this container yet.
2019-10-16 20:59:26,879 [EventQueue-ContainerReportForContainerReportHandler] WARN  container.ContainerReportHandler (AbstractContainerReportHandler.java:updateContainerState(145)) - Container #1 is in OPEN state, but the datanode 7d5bd66d-ed89-401c-bf86-050641c359fd{ip: 192.168.157.254, host: pr-hdds-1868-qdb9g-714931517, networkLocation: /default-rack, certSerialId: null} reports an CLOSED replica.
2019-10-16 20:59:26,948 [EventQueue-ContainerReportForContainerReportHandler] WARN  container.ContainerReportHandler (AbstractContainerReportHandler.java:updateContainerState(145)) - Container #1 is in OPEN state, but the datanode e2e26bef-7a80-470b-89dc-752ae9b76223{ip: 192.168.157.254, host: pr-hdds-1868-qdb9g-714931517, networkLocation: /default-rack, certSerialId: null} reports an CLOSED replica.
2019-10-16 20:59:27,148 [EventQueue-ContainerReportForContainerReportHandler] WARN  container.ContainerReportHandler (AbstractContainerReportHandler.java:updateContainerState(145)) - Container #1 is in OPEN state, but the datanode e2e26bef-7a80-470b-89dc-752ae9b76223{ip: 192.168.157.254, host: pr-hdds-1868-qdb9g-714931517, networkLocation: /default-rack, certSerialId: null} reports an CLOSED replica.
2019-10-16 20:59:27,279 [EventQueue-ContainerReportForContainerReportHandler] WARN  container.ContainerReportHandler (AbstractContainerReportHandler.java:updateContainerState(145)) - Container #1 is in OPEN state, but the datanode 7d5bd66d-ed89-401c-bf86-050641c359fd{ip: 192.168.157.254, host: pr-hdds-1868-qdb9g-714931517, networkLocation: /default-rack, certSerialId: null} reports an CLOSED replica.
2019-10-16 20:59:27,548 [EventQueue-ContainerReportForContainerReportHandler] WARN  container.ContainerReportHandler (AbstractContainerReportHandler.java:updateContainerState(145)) - Container #1 is in OPEN state, but the datanode e2e26bef-7a80-470b-89dc-752ae9b76223{ip: 192.168.157.254, host: pr-hdds-1868-qdb9g-714931517, networkLocation: /default-rack, certSerialId: null} reports an CLOSED replica.
2019-10-16 20:59:27,579 [EventQueue-ContainerReportForContainerReportHandler] WARN  container.ContainerReportHandler (AbstractContainerReportHandler.java:updateContainerState(145)) - Container #1 is in OPEN state, but the datanode 7d5bd66d-ed89-401c-bf86-050641c359fd{ip: 192.168.157.254, host: pr-hdds-1868-qdb9g-714931517, networkLocation: /default-rack, certSerialId: null} reports an CLOSED replica.
2019-10-16 20:59:27,584 [Thread-351] INFO  client.GrpcClientProtocolService (GrpcClientProtocolService.java:lambda$processClientRequest$0(278)) - Failed RaftClientRequest:client-BDDAE6707277->e2e26bef-7a80-470b-89dc-752ae9b76223@group-B775CB1CFC79, cid=10, seq=0, Watch-ALL_COMMITTED(6), Message:<EMPTY>, reply=RaftClientReply:client-BDDAE6707277->e2e26bef-7a80-470b-89dc-752ae9b76223@group-B775CB1CFC79, cid=10, FAILED org.apache.ratis.protocol.NotReplicatedException: Request with call Id 10 and log index 6 is not yet replicated to ALL_COMMITTED, logIndex=6, commits[e2e26bef-7a80-470b-89dc-752ae9b76223:c10, 7d5bd66d-ed89-401c-bf86-050641c359fd:c10, 7e02033f-e7de-4006-80be-ffeab2e3922a:c4]
2019-10-16 20:59:27,772 [BlockDeletingService#2] WARN  background.BlockDeletingService (BlockDeletingService.java:isDeletionAllowed(187)) - Close Container log Index 6 is not replicated across allthe servers in the pipeline 4fea0e3a-b978-493d-b2ed-b775cb1cfc79 as the min replicated index is 4. Deletion is not allowed in this container yet.
2019-10-16 20:59:27,772 [BlockDeletingService#2] WARN  background.BlockDeletingService (BlockDeletingService.java:isDeletionAllowed(187)) - Close Container log Index 6 is not replicated across allthe servers in the pipeline 4fea0e3a-b978-493d-b2ed-b775cb1cfc79 as the min replicated index is 4. Deletion is not allowed in this container yet.
2019-10-16 20:59:27,779 [EventQueue-ContainerReportForContainerReportHandler] WARN  container.ContainerReportHandler (AbstractContainerReportHandler.java:updateContainerState(145)) - Container #1 is in OPEN state, but the datanode 7d5bd66d-ed89-401c-bf86-050641c359fd{ip: 192.168.157.254, host: pr-hdds-1868-qdb9g-714931517, networkLocation: /default-rack, certSerialId: null} reports an CLOSED replica.
2019-10-16 20:59:27,948 [EventQueue-ContainerReportForContainerReportHandler] WARN  container.ContainerReportHandler (AbstractContainerReportHandler.java:updateContainerState(145)) - Container #1 is in OPEN state, but the datanode e2e26bef-7a80-470b-89dc-752ae9b76223{ip: 192.168.157.254, host: pr-hdds-1868-qdb9g-714931517, networkLocation: /default-rack, certSerialId: null} reports an CLOSED replica.
2019-10-16 20:59:27,979 [EventQueue-ContainerReportForContainerReportHandler] WARN  container.ContainerReportHandler (AbstractContainerReportHandler.java:updateContainerState(145)) - Container #1 is in OPEN state, but the datanode 7d5bd66d-ed89-401c-bf86-050641c359fd{ip: 192.168.157.254, host: pr-hdds-1868-qdb9g-714931517, networkLocation: /default-rack, certSerialId: null} reports an CLOSED replica.
2019-10-16 20:59:28,279 [EventQueue-ContainerReportForContainerReportHandler] WARN  container.ContainerReportHandler (AbstractContainerReportHandler.java:updateContainerState(145)) - Container #1 is in OPEN state, but the datanode 7d5bd66d-ed89-401c-bf86-050641c359fd{ip: 192.168.157.254, host: pr-hdds-1868-qdb9g-714931517, networkLocation: /default-rack, certSerialId: null} reports an CLOSED replica.
2019-10-16 20:59:28,348 [EventQueue-ContainerReportForContainerReportHandler] WARN  container.ContainerReportHandler (AbstractContainerReportHandler.java:updateContainerState(145)) - Container #1 is in OPEN state, but the datanode e2e26bef-7a80-470b-89dc-752ae9b76223{ip: 192.168.157.254, host: pr-hdds-1868-qdb9g-714931517, networkLocation: /default-rack, certSerialId: null} reports an CLOSED replica.
2019-10-16 20:59:28,479 [EventQueue-ContainerReportForContainerReportHandler] WARN  container.ContainerReportHandler (AbstractContainerReportHandler.java:updateContainerState(145)) - Container #1 is in OPEN state, but the datanode 7d5bd66d-ed89-401c-bf86-050641c359fd{ip: 192.168.157.254, host: pr-hdds-1868-qdb9g-714931517, networkLocation: /default-rack, certSerialId: null} reports an CLOSED replica.
2019-10-16 20:59:28,549 [EventQueue-ContainerReportForContainerReportHandler] WARN  container.ContainerReportHandler (AbstractContainerReportHandler.java:updateContainerState(145)) - Container #1 is in OPEN state, but the datanode e2e26bef-7a80-470b-89dc-752ae9b76223{ip: 192.168.157.254, host: pr-hdds-1868-qdb9g-714931517, networkLocation: /default-rack, certSerialId: null} reports an CLOSED replica.
2019-10-16 20:59:28,777 [BlockDeletingService#2] WARN  background.BlockDeletingService (BlockDeletingService.java:isDeletionAllowed(187)) - Close Container log Index 6 is not replicated across allthe servers in the pipeline 4fea0e3a-b978-493d-b2ed-b775cb1cfc79 as the min replicated index is 4. Deletion is not allowed in this container yet.
2019-10-16 20:59:28,778 [BlockDeletingService#2] WARN  background.BlockDeletingService (BlockDeletingService.java:isDeletionAllowed(187)) - Close Container log Index 6 is not replicated across allthe servers in the pipeline 4fea0e3a-b978-493d-b2ed-b775cb1cfc79 as the min replicated index is 4. Deletion is not allowed in this container yet.
2019-10-16 20:59:28,779 [EventQueue-ContainerReportForContainerReportHandler] WARN  container.ContainerReportHandler (AbstractContainerReportHandler.java:updateContainerState(145)) - Container #1 is in OPEN state, but the datanode 7d5bd66d-ed89-401c-bf86-050641c359fd{ip: 192.168.157.254, host: pr-hdds-1868-qdb9g-714931517, networkLocation: /default-rack, certSerialId: null} reports an CLOSED replica.
2019-10-16 20:59:28,807 [java.util.concurrent.ThreadPoolExecutor$Worker@7847c973[State = -1, empty queue]] WARN  server.GrpcLogAppender (GrpcLogAppender.java:timeoutAppendRequest(209)) - e2e26bef-7a80-470b-89dc-752ae9b76223@group-B775CB1CFC79->7e02033f-e7de-4006-80be-ffeab2e3922a-GrpcLogAppender: appendEntries Timeout, request=e2e26bef-7a80-470b-89dc-752ae9b76223->7e02033f-e7de-4006-80be-ffeab2e3922a#28-t3, previous=(t:3, i:10), leaderCommit=10, initializing? false, entries: <empty>
2019-10-16 20:59:28,948 [EventQueue-ContainerReportForContainerReportHandler] WARN  container.ContainerReportHandler (AbstractContainerReportHandler.java:updateContainerState(145)) - Container #1 is in OPEN state, but the datanode e2e26bef-7a80-470b-89dc-752ae9b76223{ip: 192.168.157.254, host: pr-hdds-1868-qdb9g-714931517, networkLocation: /default-rack, certSerialId: null} reports an CLOSED replica.
2019-10-16 20:59:28,979 [EventQueue-ContainerReportForContainerReportHandler] WARN  container.ContainerReportHandler (AbstractContainerReportHandler.java:updateContainerState(145)) - Container #1 is in OPEN state, but the datanode 7d5bd66d-ed89-401c-bf86-050641c359fd{ip: 192.168.157.254, host: pr-hdds-1868-qdb9g-714931517, networkLocation: /default-rack, certSerialId: null} reports an CLOSED replica.
2019-10-16 20:59:29,249 [EventQueue-ContainerReportForContainerReportHandler] WARN  container.ContainerReportHandler (AbstractContainerReportHandler.java:updateContainerState(145)) - Container #1 is in OPEN state, but the datanode e2e26bef-7a80-470b-89dc-752ae9b76223{ip: 192.168.157.254, host: pr-hdds-1868-qdb9g-714931517, networkLocation: /default-rack, certSerialId: null} reports an CLOSED replica.
2019-10-16 20:59:29,280 [EventQueue-ContainerReportForContainerReportHandler] WARN  container.ContainerReportHandler (AbstractContainerReportHandler.java:updateContainerState(145)) - Container #1 is in OPEN state, but the datanode 7d5bd66d-ed89-401c-bf86-050641c359fd{ip: 192.168.157.254, host: pr-hdds-1868-qdb9g-714931517, networkLocation: /default-rack, certSerialId: null} reports an CLOSED replica.
2019-10-16 20:59:29,480 [EventQueue-ContainerReportForContainerReportHandler] WARN  container.ContainerReportHandler (AbstractContainerReportHandler.java:updateContainerState(145)) - Container #1 is in OPEN state, but the datanode 7d5bd66d-ed89-401c-bf86-050641c359fd{ip: 192.168.157.254, host: pr-hdds-1868-qdb9g-714931517, networkLocation: /default-rack, certSerialId: null} reports an CLOSED replica.
2019-10-16 20:59:29,650 [EventQueue-ContainerReportForContainerReportHandler] WARN  container.ContainerReportHandler (AbstractContainerReportHandler.java:updateContainerState(145)) - Container #1 is in OPEN state, but the datanode e2e26bef-7a80-470b-89dc-752ae9b76223{ip: 192.168.157.254, host: pr-hdds-1868-qdb9g-714931517, networkLocation: /default-rack, certSerialId: null} reports an CLOSED replica.
2019-10-16 20:59:29,778 [BlockDeletingService#2] WARN  background.BlockDeletingService (BlockDeletingService.java:isDeletionAllowed(187)) - Close Container log Index 6 is not replicated across allthe servers in the pipeline 4fea0e3a-b978-493d-b2ed-b775cb1cfc79 as the min replicated index is 4. Deletion is not allowed in this container yet.
2019-10-16 20:59:29,779 [BlockDeletingService#2] WARN  background.BlockDeletingService (BlockDeletingService.java:isDeletionAllowed(187)) - Close Container log Index 6 is not replicated across allthe servers in the pipeline 4fea0e3a-b978-493d-b2ed-b775cb1cfc79 as the min replicated index is 4. Deletion is not allowed in this container yet.
2019-10-16 20:59:29,850 [EventQueue-ContainerReportForContainerReportHandler] WARN  container.ContainerReportHandler (AbstractContainerReportHandler.java:updateContainerState(145)) - Container #1 is in OPEN state, but the datanode e2e26bef-7a80-470b-89dc-752ae9b76223{ip: 192.168.157.254, host: pr-hdds-1868-qdb9g-714931517, networkLocation: /default-rack, certSerialId: null} reports an CLOSED replica.
2019-10-16 20:59:29,880 [EventQueue-ContainerReportForContainerReportHandler] WARN  container.ContainerReportHandler (AbstractContainerReportHandler.java:updateContainerState(145)) - Container #1 is in OPEN state, but the datanode 7d5bd66d-ed89-401c-bf86-050641c359fd{ip: 192.168.157.254, host: pr-hdds-1868-qdb9g-714931517, networkLocation: /default-rack, certSerialId: null} reports an CLOSED replica.
2019-10-16 20:59:30,180 [EventQueue-ContainerReportForContainerReportHandler] WARN  container.ContainerReportHandler (AbstractContainerReportHandler.java:updateContainerState(145)) - Container #1 is in OPEN state, but the datanode 7d5bd66d-ed89-401c-bf86-050641c359fd{ip: 192.168.157.254, host: pr-hdds-1868-qdb9g-714931517, networkLocation: /default-rack, certSerialId: null} reports an CLOSED replica.
2019-10-16 20:59:30,250 [EventQueue-ContainerReportForContainerReportHandler] WARN  container.ContainerReportHandler (AbstractContainerReportHandler.java:updateContainerState(145)) - Container #1 is in OPEN state, but the datanode e2e26bef-7a80-470b-89dc-752ae9b76223{ip: 192.168.157.254, host: pr-hdds-1868-qdb9g-714931517, networkLocation: /default-rack, certSerialId: null} reports an CLOSED replica.
2019-10-16 20:59:30,550 [EventQueue-ContainerReportForContainerReportHandler] WARN  container.ContainerReportHandler (AbstractContainerReportHandler.java:updateContainerState(145)) - Container #1 is in OPEN state, but the datanode e2e26bef-7a80-470b-89dc-752ae9b76223{ip: 192.168.157.254, host: pr-hdds-1868-qdb9g-714931517, networkLocation: /default-rack, certSerialId: null} reports an CLOSED replica.
2019-10-16 20:59:30,580 [EventQueue-ContainerReportForContainerReportHandler] WARN  container.ContainerReportHandler (AbstractContainerReportHandler.java:updateContainerState(145)) - Container #1 is in OPEN state, but the datanode 7d5bd66d-ed89-401c-bf86-050641c359fd{ip: 192.168.157.254, host: pr-hdds-1868-qdb9g-714931517, networkLocation: /default-rack, certSerialId: null} reports an CLOSED replica.
2019-10-16 20:59:30,779 [BlockDeletingService#2] WARN  background.BlockDeletingService (BlockDeletingService.java:isDeletionAllowed(187)) - Close Container log Index 6 is not replicated across allthe servers in the pipeline 4fea0e3a-b978-493d-b2ed-b775cb1cfc79 as the min replicated index is 4. Deletion is not allowed in this container yet.
2019-10-16 20:59:30,780 [BlockDeletingService#2] WARN  background.BlockDeletingService (BlockDeletingService.java:isDeletionAllowed(187)) - Close Container log Index 6 is not replicated across allthe servers in the pipeline 4fea0e3a-b978-493d-b2ed-b775cb1cfc79 as the min replicated index is 4. Deletion is not allowed in this container yet.
2019-10-16 20:59:30,850 [EventQueue-ContainerReportForContainerReportHandler] WARN  container.ContainerReportHandler (AbstractContainerReportHandler.java:updateContainerState(145)) - Container #1 is in OPEN state, but the datanode e2e26bef-7a80-470b-89dc-752ae9b76223{ip: 192.168.157.254, host: pr-hdds-1868-qdb9g-714931517, networkLocation: /default-rack, certSerialId: null} reports an CLOSED replica.
2019-10-16 20:59:30,880 [EventQueue-ContainerReportForContainerReportHandler] WARN  container.ContainerReportHandler (AbstractContainerReportHandler.java:updateContainerState(145)) - Container #1 is in OPEN state, but the datanode 7d5bd66d-ed89-401c-bf86-050641c359fd{ip: 192.168.157.254, host: pr-hdds-1868-qdb9g-714931517, networkLocation: /default-rack, certSerialId: null} reports an CLOSED replica.
2019-10-16 20:59:31,151 [EventQueue-ContainerReportForContainerReportHandler] WARN  container.ContainerReportHandler (AbstractContainerReportHandler.java:updateContainerState(145)) - Container #1 is in OPEN state, but the datanode e2e26bef-7a80-470b-89dc-752ae9b76223{ip: 192.168.157.254, host: pr-hdds-1868-qdb9g-714931517, networkLocation: /default-rack, certSerialId: null} reports an CLOSED replica.
2019-10-16 20:59:31,281 [EventQueue-ContainerReportForContainerReportHandler] WARN  container.ContainerReportHandler (AbstractContainerReportHandler.java:updateContainerState(145)) - Container #1 is in OPEN state, but the datanode 7d5bd66d-ed89-401c-bf86-050641c359fd{ip: 192.168.157.254, host: pr-hdds-1868-qdb9g-714931517, networkLocation: /default-rack, certSerialId: null} reports an CLOSED replica.
2019-10-16 20:59:31,309 [java.util.concurrent.ThreadPoolExecutor$Worker@7847c973[State = -1, empty queue]] WARN  server.GrpcLogAppender (GrpcLogAppender.java:timeoutAppendRequest(209)) - e2e26bef-7a80-470b-89dc-752ae9b76223@group-B775CB1CFC79->7e02033f-e7de-4006-80be-ffeab2e3922a-GrpcLogAppender: appendEntries Timeout, request=e2e26bef-7a80-470b-89dc-752ae9b76223->7e02033f-e7de-4006-80be-ffeab2e3922a#29-t3, previous=(t:3, i:10), leaderCommit=10, initializing? false, entries: <empty>
2019-10-16 20:59:31,453 [EventQueue-ContainerReportForContainerReportHandler] WARN  container.ContainerReportHandler (AbstractContainerReportHandler.java:updateContainerState(145)) - Container #1 is in OPEN state, but the datanode e2e26bef-7a80-470b-89dc-752ae9b76223{ip: 192.168.157.254, host: pr-hdds-1868-qdb9g-714931517, networkLocation: /default-rack, certSerialId: null} reports an CLOSED replica.
2019-10-16 20:59:31,582 [EventQueue-ContainerReportForContainerReportHandler] WARN  container.ContainerReportHandler (AbstractContainerReportHandler.java:updateContainerState(145)) - Container #1 is in OPEN state, but the datanode 7d5bd66d-ed89-401c-bf86-050641c359fd{ip: 192.168.157.254, host: pr-hdds-1868-qdb9g-714931517, networkLocation: /default-rack, certSerialId: null} reports an CLOSED replica.
2019-10-16 20:59:31,753 [EventQueue-ContainerReportForContainerReportHandler] WARN  container.ContainerReportHandler (AbstractContainerReportHandler.java:updateContainerState(145)) - Container #1 is in OPEN state, but the datanode e2e26bef-7a80-470b-89dc-752ae9b76223{ip: 192.168.157.254, host: pr-hdds-1868-qdb9g-714931517, networkLocation: /default-rack, certSerialId: null} reports an CLOSED replica.
2019-10-16 20:59:31,781 [BlockDeletingService#2] WARN  background.BlockDeletingService (BlockDeletingService.java:isDeletionAllowed(187)) - Close Container log Index 6 is not replicated across allthe servers in the pipeline 4fea0e3a-b978-493d-b2ed-b775cb1cfc79 as the min replicated index is 4. Deletion is not allowed in this container yet.
2019-10-16 20:59:31,781 [BlockDeletingService#2] WARN  background.BlockDeletingService (BlockDeletingService.java:isDeletionAllowed(187)) - Close Container log Index 6 is not replicated across allthe servers in the pipeline 4fea0e3a-b978-493d-b2ed-b775cb1cfc79 as the min replicated index is 4. Deletion is not allowed in this container yet.
2019-10-16 20:59:31,882 [EventQueue-ContainerReportForContainerReportHandler] WARN  container.ContainerReportHandler (AbstractContainerReportHandler.java:updateContainerState(145)) - Container #1 is in OPEN state, but the datanode 7d5bd66d-ed89-401c-bf86-050641c359fd{ip: 192.168.157.254, host: pr-hdds-1868-qdb9g-714931517, networkLocation: /default-rack, certSerialId: null} reports an CLOSED replica.
2019-10-16 20:59:31,953 [EventQueue-ContainerReportForContainerReportHandler] WARN  container.ContainerReportHandler (AbstractContainerReportHandler.java:updateContainerState(145)) - Container #1 is in OPEN state, but the datanode e2e26bef-7a80-470b-89dc-752ae9b76223{ip: 192.168.157.254, host: pr-hdds-1868-qdb9g-714931517, networkLocation: /default-rack, certSerialId: null} reports an CLOSED replica.
2019-10-16 20:59:32,182 [EventQueue-ContainerReportForContainerReportHandler] WARN  container.ContainerReportHandler (AbstractContainerReportHandler.java:updateContainerState(145)) - Container #1 is in OPEN state, but the datanode 7d5bd66d-ed89-401c-bf86-050641c359fd{ip: 192.168.157.254, host: pr-hdds-1868-qdb9g-714931517, networkLocation: /default-rack, certSerialId: null} reports an CLOSED replica.
2019-10-16 20:59:32,354 [EventQueue-ContainerReportForContainerReportHandler] WARN  container.ContainerReportHandler (AbstractContainerReportHandler.java:updateContainerState(145)) - Container #1 is in OPEN state, but the datanode e2e26bef-7a80-470b-89dc-752ae9b76223{ip: 192.168.157.254, host: pr-hdds-1868-qdb9g-714931517, networkLocation: /default-rack, certSerialId: null} reports an CLOSED replica.
2019-10-16 20:59:32,482 [EventQueue-ContainerReportForContainerReportHandler] WARN  container.ContainerReportHandler (AbstractContainerReportHandler.java:updateContainerState(145)) - Container #1 is in OPEN state, but the datanode 7d5bd66d-ed89-401c-bf86-050641c359fd{ip: 192.168.157.254, host: pr-hdds-1868-qdb9g-714931517, networkLocation: /default-rack, certSerialId: null} reports an CLOSED replica.
2019-10-16 20:59:32,653 [EventQueue-ContainerReportForContainerReportHandler] WARN  container.ContainerReportHandler (AbstractContainerReportHandler.java:updateContainerState(145)) - Container #1 is in OPEN state, but the datanode e2e26bef-7a80-470b-89dc-752ae9b76223{ip: 192.168.157.254, host: pr-hdds-1868-qdb9g-714931517, networkLocation: /default-rack, certSerialId: null} reports an CLOSED replica.
2019-10-16 20:59:32,783 [BlockDeletingService#2] WARN  background.BlockDeletingService (BlockDeletingService.java:isDeletionAllowed(187)) - Close Container log Index 6 is not replicated across allthe servers in the pipeline 4fea0e3a-b978-493d-b2ed-b775cb1cfc79 as the min replicated index is 4. Deletion is not allowed in this container yet.
2019-10-16 20:59:32,783 [BlockDeletingService#2] WARN  background.BlockDeletingService (BlockDeletingService.java:isDeletionAllowed(187)) - Close Container log Index 6 is not replicated across allthe servers in the pipeline 4fea0e3a-b978-493d-b2ed-b775cb1cfc79 as the min replicated index is 4. Deletion is not allowed in this container yet.
2019-10-16 20:59:32,883 [EventQueue-ContainerReportForContainerReportHandler] WARN  container.ContainerReportHandler (AbstractContainerReportHandler.java:updateContainerState(145)) - Container #1 is in OPEN state, but the datanode 7d5bd66d-ed89-401c-bf86-050641c359fd{ip: 192.168.157.254, host: pr-hdds-1868-qdb9g-714931517, networkLocation: /default-rack, certSerialId: null} reports an CLOSED replica.
2019-10-16 20:59:32,954 [EventQueue-ContainerReportForContainerReportHandler] WARN  container.ContainerReportHandler (AbstractContainerReportHandler.java:updateContainerState(145)) - Container #1 is in OPEN state, but the datanode e2e26bef-7a80-470b-89dc-752ae9b76223{ip: 192.168.157.254, host: pr-hdds-1868-qdb9g-714931517, networkLocation: /default-rack, certSerialId: null} reports an CLOSED replica.
2019-10-16 20:59:33,182 [EventQueue-ContainerReportForContainerReportHandler] WARN  container.ContainerReportHandler (AbstractContainerReportHandler.java:updateContainerState(145)) - Container #1 is in OPEN state, but the datanode 7d5bd66d-ed89-401c-bf86-050641c359fd{ip: 192.168.157.254, host: pr-hdds-1868-qdb9g-714931517, networkLocation: /default-rack, certSerialId: null} reports an CLOSED replica.
2019-10-16 20:59:33,257 [EventQueue-ContainerReportForContainerReportHandler] WARN  container.ContainerReportHandler (AbstractContainerReportHandler.java:updateContainerState(145)) - Container #1 is in OPEN state, but the datanode e2e26bef-7a80-470b-89dc-752ae9b76223{ip: 192.168.157.254, host: pr-hdds-1868-qdb9g-714931517, networkLocation: /default-rack, certSerialId: null} reports an CLOSED replica.
2019-10-16 20:59:33,482 [EventQueue-ContainerReportForContainerReportHandler] WARN  container.ContainerReportHandler (AbstractContainerReportHandler.java:updateContainerState(145)) - Container #1 is in OPEN state, but the datanode 7d5bd66d-ed89-401c-bf86-050641c359fd{ip: 192.168.157.254, host: pr-hdds-1868-qdb9g-714931517, networkLocation: /default-rack, certSerialId: null} reports an CLOSED replica.
2019-10-16 20:59:33,554 [EventQueue-ContainerReportForContainerReportHandler] WARN  container.ContainerReportHandler (AbstractContainerReportHandler.java:updateContainerState(145)) - Container #1 is in OPEN state, but the datanode e2e26bef-7a80-470b-89dc-752ae9b76223{ip: 192.168.157.254, host: pr-hdds-1868-qdb9g-714931517, networkLocation: /default-rack, certSerialId: null} reports an CLOSED replica.
2019-10-16 20:59:33,682 [EventQueue-ContainerReportForContainerReportHandler] WARN  container.ContainerReportHandler (AbstractContainerReportHandler.java:updateContainerState(145)) - Container #1 is in OPEN state, but the datanode 7d5bd66d-ed89-401c-bf86-050641c359fd{ip: 192.168.157.254, host: pr-hdds-1868-qdb9g-714931517, networkLocation: /default-rack, certSerialId: null} reports an CLOSED replica.
2019-10-16 20:59:33,786 [BlockDeletingService#2] WARN  background.BlockDeletingService (BlockDeletingService.java:isDeletionAllowed(187)) - Close Container log Index 6 is not replicated across allthe servers in the pipeline 4fea0e3a-b978-493d-b2ed-b775cb1cfc79 as the min replicated index is 4. Deletion is not allowed in this container yet.
2019-10-16 20:59:33,786 [BlockDeletingService#2] WARN  background.BlockDeletingService (BlockDeletingService.java:isDeletionAllowed(187)) - Close Container log Index 6 is not replicated across allthe servers in the pipeline 4fea0e3a-b978-493d-b2ed-b775cb1cfc79 as the min replicated index is 4. Deletion is not allowed in this container yet.
2019-10-16 20:59:33,810 [java.util.concurrent.ThreadPoolExecutor$Worker@7847c973[State = -1, empty queue]] WARN  server.GrpcLogAppender (GrpcLogAppender.java:timeoutAppendRequest(209)) - e2e26bef-7a80-470b-89dc-752ae9b76223@group-B775CB1CFC79->7e02033f-e7de-4006-80be-ffeab2e3922a-GrpcLogAppender: appendEntries Timeout, request=e2e26bef-7a80-470b-89dc-752ae9b76223->7e02033f-e7de-4006-80be-ffeab2e3922a#30-t3, previous=(t:3, i:10), leaderCommit=10, initializing? false, entries: <empty>
2019-10-16 20:59:33,854 [EventQueue-ContainerReportForContainerReportHandler] WARN  container.ContainerReportHandler (AbstractContainerReportHandler.java:updateContainerState(145)) - Container #1 is in OPEN state, but the datanode e2e26bef-7a80-470b-89dc-752ae9b76223{ip: 192.168.157.254, host: pr-hdds-1868-qdb9g-714931517, networkLocation: /default-rack, certSerialId: null} reports an CLOSED replica.
2019-10-16 20:59:33,983 [EventQueue-ContainerReportForContainerReportHandler] WARN  container.ContainerReportHandler (AbstractContainerReportHandler.java:updateContainerState(145)) - Container #1 is in OPEN state, but the datanode 7d5bd66d-ed89-401c-bf86-050641c359fd{ip: 192.168.157.254, host: pr-hdds-1868-qdb9g-714931517, networkLocation: /default-rack, certSerialId: null} reports an CLOSED replica.
2019-10-16 20:59:34,155 [EventQueue-ContainerReportForContainerReportHandler] WARN  container.ContainerReportHandler (AbstractContainerReportHandler.java:updateContainerState(145)) - Container #1 is in OPEN state, but the datanode e2e26bef-7a80-470b-89dc-752ae9b76223{ip: 192.168.157.254, host: pr-hdds-1868-qdb9g-714931517, networkLocation: /default-rack, certSerialId: null} reports an CLOSED replica.
2019-10-16 20:59:34,356 [EventQueue-ContainerReportForContainerReportHandler] WARN  container.ContainerReportHandler (AbstractContainerReportHandler.java:updateContainerState(145)) - Container #1 is in OPEN state, but the datanode e2e26bef-7a80-470b-89dc-752ae9b76223{ip: 192.168.157.254, host: pr-hdds-1868-qdb9g-714931517, networkLocation: /default-rack, certSerialId: null} reports an CLOSED replica.
2019-10-16 20:59:34,383 [EventQueue-ContainerReportForContainerReportHandler] WARN  container.ContainerReportHandler (AbstractContainerReportHandler.java:updateContainerState(145)) - Container #1 is in OPEN state, but the datanode 7d5bd66d-ed89-401c-bf86-050641c359fd{ip: 192.168.157.254, host: pr-hdds-1868-qdb9g-714931517, networkLocation: /default-rack, certSerialId: null} reports an CLOSED replica.
2019-10-16 20:59:34,556 [EventQueue-ContainerReportForContainerReportHandler] WARN  container.ContainerReportHandler (AbstractContainerReportHandler.java:updateContainerState(145)) - Container #1 is in OPEN state, but the datanode e2e26bef-7a80-470b-89dc-752ae9b76223{ip: 192.168.157.254, host: pr-hdds-1868-qdb9g-714931517, networkLocation: /default-rack, certSerialId: null} reports an CLOSED replica.
2019-10-16 20:59:34,583 [EventQueue-ContainerReportForContainerReportHandler] WARN  container.ContainerReportHandler (AbstractContainerReportHandler.java:updateContainerState(145)) - Container #1 is in OPEN state, but the datanode 7d5bd66d-ed89-401c-bf86-050641c359fd{ip: 192.168.157.254, host: pr-hdds-1868-qdb9g-714931517, networkLocation: /default-rack, certSerialId: null} reports an CLOSED replica.
2019-10-16 20:59:34,756 [EventQueue-ContainerReportForContainerReportHandler] WARN  container.ContainerReportHandler (AbstractContainerReportHandler.java:updateContainerState(145)) - Container #1 is in OPEN state, but the datanode e2e26bef-7a80-470b-89dc-752ae9b76223{ip: 192.168.157.254, host: pr-hdds-1868-qdb9g-714931517, networkLocation: /default-rack, certSerialId: null} reports an CLOSED replica.
2019-10-16 20:59:34,787 [BlockDeletingService#2] WARN  background.BlockDeletingService (BlockDeletingService.java:isDeletionAllowed(187)) - Close Container log Index 6 is not replicated across allthe servers in the pipeline 4fea0e3a-b978-493d-b2ed-b775cb1cfc79 as the min replicated index is 4. Deletion is not allowed in this container yet.
2019-10-16 20:59:34,787 [BlockDeletingService#2] WARN  background.BlockDeletingService (BlockDeletingService.java:isDeletionAllowed(187)) - Close Container log Index 6 is not replicated across allthe servers in the pipeline 4fea0e3a-b978-493d-b2ed-b775cb1cfc79 as the min replicated index is 4. Deletion is not allowed in this container yet.
2019-10-16 20:59:34,884 [EventQueue-ContainerReportForContainerReportHandler] WARN  container.ContainerReportHandler (AbstractContainerReportHandler.java:updateContainerState(145)) - Container #1 is in OPEN state, but the datanode 7d5bd66d-ed89-401c-bf86-050641c359fd{ip: 192.168.157.254, host: pr-hdds-1868-qdb9g-714931517, networkLocation: /default-rack, certSerialId: null} reports an CLOSED replica.
2019-10-16 20:59:35,057 [EventQueue-ContainerReportForContainerReportHandler] WARN  container.ContainerReportHandler (AbstractContainerReportHandler.java:updateContainerState(145)) - Container #1 is in OPEN state, but the datanode e2e26bef-7a80-470b-89dc-752ae9b76223{ip: 192.168.157.254, host: pr-hdds-1868-qdb9g-714931517, networkLocation: /default-rack, certSerialId: null} reports an CLOSED replica.
2019-10-16 20:59:35,283 [EventQueue-ContainerReportForContainerReportHandler] WARN  container.ContainerReportHandler (AbstractContainerReportHandler.java:updateContainerState(145)) - Container #1 is in OPEN state, but the datanode 7d5bd66d-ed89-401c-bf86-050641c359fd{ip: 192.168.157.254, host: pr-hdds-1868-qdb9g-714931517, networkLocation: /default-rack, certSerialId: null} reports an CLOSED replica.
2019-10-16 20:59:35,357 [EventQueue-ContainerReportForContainerReportHandler] WARN  container.ContainerReportHandler (AbstractContainerReportHandler.java:updateContainerState(145)) - Container #1 is in OPEN state, but the datanode e2e26bef-7a80-470b-89dc-752ae9b76223{ip: 192.168.157.254, host: pr-hdds-1868-qdb9g-714931517, networkLocation: /default-rack, certSerialId: null} reports an CLOSED replica.
2019-10-16 20:59:35,683 [EventQueue-ContainerReportForContainerReportHandler] WARN  container.ContainerReportHandler (AbstractContainerReportHandler.java:updateContainerState(145)) - Container #1 is in OPEN state, but the datanode 7d5bd66d-ed89-401c-bf86-050641c359fd{ip: 192.168.157.254, host: pr-hdds-1868-qdb9g-714931517, networkLocation: /default-rack, certSerialId: null} reports an CLOSED replica.
2019-10-16 20:59:35,758 [EventQueue-ContainerReportForContainerReportHandler] WARN  container.ContainerReportHandler (AbstractContainerReportHandler.java:updateContainerState(145)) - Container #1 is in OPEN state, but the datanode e2e26bef-7a80-470b-89dc-752ae9b76223{ip: 192.168.157.254, host: pr-hdds-1868-qdb9g-714931517, networkLocation: /default-rack, certSerialId: null} reports an CLOSED replica.
2019-10-16 20:59:35,788 [BlockDeletingService#2] WARN  background.BlockDeletingService (BlockDeletingService.java:isDeletionAllowed(187)) - Close Container log Index 6 is not replicated across allthe servers in the pipeline 4fea0e3a-b978-493d-b2ed-b775cb1cfc79 as the min replicated index is 4. Deletion is not allowed in this container yet.
2019-10-16 20:59:35,788 [BlockDeletingService#2] WARN  background.BlockDeletingService (BlockDeletingService.java:isDeletionAllowed(187)) - Close Container log Index 6 is not replicated across allthe servers in the pipeline 4fea0e3a-b978-493d-b2ed-b775cb1cfc79 as the min replicated index is 4. Deletion is not allowed in this container yet.
2019-10-16 20:59:35,883 [EventQueue-ContainerReportForContainerReportHandler] WARN  container.ContainerReportHandler (AbstractContainerReportHandler.java:updateContainerState(145)) - Container #1 is in OPEN state, but the datanode 7d5bd66d-ed89-401c-bf86-050641c359fd{ip: 192.168.157.254, host: pr-hdds-1868-qdb9g-714931517, networkLocation: /default-rack, certSerialId: null} reports an CLOSED replica.
2019-10-16 20:59:35,958 [EventQueue-ContainerReportForContainerReportHandler] WARN  container.ContainerReportHandler (AbstractContainerReportHandler.java:updateContainerState(145)) - Container #1 is in OPEN state, but the datanode e2e26bef-7a80-470b-89dc-752ae9b76223{ip: 192.168.157.254, host: pr-hdds-1868-qdb9g-714931517, networkLocation: /default-rack, certSerialId: null} reports an CLOSED replica.
2019-10-16 20:59:36,283 [EventQueue-ContainerReportForContainerReportHandler] WARN  container.ContainerReportHandler (AbstractContainerReportHandler.java:updateContainerState(145)) - Container #1 is in OPEN state, but the datanode 7d5bd66d-ed89-401c-bf86-050641c359fd{ip: 192.168.157.254, host: pr-hdds-1868-qdb9g-714931517, networkLocation: /default-rack, certSerialId: null} reports an CLOSED replica.
2019-10-16 20:59:36,312 [java.util.concurrent.ThreadPoolExecutor$Worker@7847c973[State = -1, empty queue]] WARN  server.GrpcLogAppender (GrpcLogAppender.java:timeoutAppendRequest(209)) - e2e26bef-7a80-470b-89dc-752ae9b76223@group-B775CB1CFC79->7e02033f-e7de-4006-80be-ffeab2e3922a-GrpcLogAppender: appendEntries Timeout, request=e2e26bef-7a80-470b-89dc-752ae9b76223->7e02033f-e7de-4006-80be-ffeab2e3922a#31-t3, previous=(t:3, i:10), leaderCommit=10, initializing? false, entries: <empty>
2019-10-16 20:59:36,359 [EventQueue-ContainerReportForContainerReportHandler] WARN  container.ContainerReportHandler (AbstractContainerReportHandler.java:updateContainerState(145)) - Container #1 is in OPEN state, but the datanode e2e26bef-7a80-470b-89dc-752ae9b76223{ip: 192.168.157.254, host: pr-hdds-1868-qdb9g-714931517, networkLocation: /default-rack, certSerialId: null} reports an CLOSED replica.
2019-10-16 20:59:36,424 [Thread-379] INFO  client.GrpcClientProtocolService (GrpcClientProtocolService.java:lambda$processClientRequest$0(278)) - Failed RaftClientRequest:client-BDDAE6707277->7d5bd66d-ed89-401c-bf86-050641c359fd@group-B775CB1CFC79, cid=10, seq=0, Watch-ALL_COMMITTED(6), Message:<EMPTY>, reply=RaftClientReply:client-BDDAE6707277->7d5bd66d-ed89-401c-bf86-050641c359fd@group-B775CB1CFC79, cid=10, FAILED org.apache.ratis.protocol.NotLeaderException: Server 7d5bd66d-ed89-401c-bf86-050641c359fd@group-B775CB1CFC79 is not the leader e2e26bef-7a80-470b-89dc-752ae9b76223:192.168.157.254:36344, logIndex=0, commits[7d5bd66d-ed89-401c-bf86-050641c359fd:c10, e2e26bef-7a80-470b-89dc-752ae9b76223:c10, 7e02033f-e7de-4006-80be-ffeab2e3922a:c4]
2019-10-16 20:59:36,583 [EventQueue-ContainerReportForContainerReportHandler] WARN  container.ContainerReportHandler (AbstractContainerReportHandler.java:updateContainerState(145)) - Container #1 is in OPEN state, but the datanode 7d5bd66d-ed89-401c-bf86-050641c359fd{ip: 192.168.157.254, host: pr-hdds-1868-qdb9g-714931517, networkLocation: /default-rack, certSerialId: null} reports an CLOSED replica.
2019-10-16 20:59:36,584 [Thread-382] INFO  client.GrpcClientProtocolService (GrpcClientProtocolService.java:lambda$processClientRequest$0(278)) - Failed RaftClientRequest:client-BDDAE6707277->e2e26bef-7a80-470b-89dc-752ae9b76223@group-B775CB1CFC79, cid=10, seq=0, Watch-ALL_COMMITTED(6), Message:<EMPTY>, reply=RaftClientReply:client-BDDAE6707277->e2e26bef-7a80-470b-89dc-752ae9b76223@group-B775CB1CFC79, cid=10, FAILED org.apache.ratis.protocol.NotReplicatedException: Request with call Id 10 and log index 6 is not yet replicated to ALL_COMMITTED, logIndex=6, commits[e2e26bef-7a80-470b-89dc-752ae9b76223:c10, 7d5bd66d-ed89-401c-bf86-050641c359fd:c10, 7e02033f-e7de-4006-80be-ffeab2e3922a:c4]
2019-10-16 20:59:36,760 [EventQueue-ContainerReportForContainerReportHandler] WARN  container.ContainerReportHandler (AbstractContainerReportHandler.java:updateContainerState(145)) - Container #1 is in OPEN state, but the datanode e2e26bef-7a80-470b-89dc-752ae9b76223{ip: 192.168.157.254, host: pr-hdds-1868-qdb9g-714931517, networkLocation: /default-rack, certSerialId: null} reports an CLOSED replica.
2019-10-16 20:59:36,783 [EventQueue-ContainerReportForContainerReportHandler] WARN  container.ContainerReportHandler (AbstractContainerReportHandler.java:updateContainerState(145)) - Container #1 is in OPEN state, but the datanode 7d5bd66d-ed89-401c-bf86-050641c359fd{ip: 192.168.157.254, host: pr-hdds-1868-qdb9g-714931517, networkLocation: /default-rack, certSerialId: null} reports an CLOSED replica.
2019-10-16 20:59:36,790 [BlockDeletingService#2] WARN  background.BlockDeletingService (BlockDeletingService.java:isDeletionAllowed(187)) - Close Container log Index 6 is not replicated across allthe servers in the pipeline 4fea0e3a-b978-493d-b2ed-b775cb1cfc79 as the min replicated index is 4. Deletion is not allowed in this container yet.
2019-10-16 20:59:36,790 [BlockDeletingService#2] WARN  background.BlockDeletingService (BlockDeletingService.java:isDeletionAllowed(187)) - Close Container log Index 6 is not replicated across allthe servers in the pipeline 4fea0e3a-b978-493d-b2ed-b775cb1cfc79 as the min replicated index is 4. Deletion is not allowed in this container yet.
2019-10-16 20:59:36,960 [EventQueue-ContainerReportForContainerReportHandler] WARN  container.ContainerReportHandler (AbstractContainerReportHandler.java:updateContainerState(145)) - Container #1 is in OPEN state, but the datanode e2e26bef-7a80-470b-89dc-752ae9b76223{ip: 192.168.157.254, host: pr-hdds-1868-qdb9g-714931517, networkLocation: /default-rack, certSerialId: null} reports an CLOSED replica.
2019-10-16 20:59:36,984 [EventQueue-ContainerReportForContainerReportHandler] WARN  container.ContainerReportHandler (AbstractContainerReportHandler.java:updateContainerState(145)) - Container #1 is in OPEN state, but the datanode 7d5bd66d-ed89-401c-bf86-050641c359fd{ip: 192.168.157.254, host: pr-hdds-1868-qdb9g-714931517, networkLocation: /default-rack, certSerialId: null} reports an CLOSED replica.
2019-10-16 20:59:37,260 [EventQueue-ContainerReportForContainerReportHandler] WARN  container.ContainerReportHandler (AbstractContainerReportHandler.java:updateContainerState(145)) - Container #1 is in OPEN state, but the datanode e2e26bef-7a80-470b-89dc-752ae9b76223{ip: 192.168.157.254, host: pr-hdds-1868-qdb9g-714931517, networkLocation: /default-rack, certSerialId: null} reports an CLOSED replica.
2019-10-16 20:59:37,284 [EventQueue-ContainerReportForContainerReportHandler] WARN  container.ContainerReportHandler (AbstractContainerReportHandler.java:updateContainerState(145)) - Container #1 is in OPEN state, but the datanode 7d5bd66d-ed89-401c-bf86-050641c359fd{ip: 192.168.157.254, host: pr-hdds-1868-qdb9g-714931517, networkLocation: /default-rack, certSerialId: null} reports an CLOSED replica.
2019-10-16 20:59:37,484 [EventQueue-ContainerReportForContainerReportHandler] WARN  container.ContainerReportHandler (AbstractContainerReportHandler.java:updateContainerState(145)) - Container #1 is in OPEN state, but the datanode 7d5bd66d-ed89-401c-bf86-050641c359fd{ip: 192.168.157.254, host: pr-hdds-1868-qdb9g-714931517, networkLocation: /default-rack, certSerialId: null} reports an CLOSED replica.
2019-10-16 20:59:37,560 [EventQueue-ContainerReportForContainerReportHandler] WARN  container.ContainerReportHandler (AbstractContainerReportHandler.java:updateContainerState(145)) - Container #1 is in OPEN state, but the datanode e2e26bef-7a80-470b-89dc-752ae9b76223{ip: 192.168.157.254, host: pr-hdds-1868-qdb9g-714931517, networkLocation: /default-rack, certSerialId: null} reports an CLOSED replica.
2019-10-16 20:59:37,794 [BlockDeletingService#2] WARN  background.BlockDeletingService (BlockDeletingService.java:isDeletionAllowed(187)) - Close Container log Index 6 is not replicated across allthe servers in the pipeline 4fea0e3a-b978-493d-b2ed-b775cb1cfc79 as the min replicated index is 4. Deletion is not allowed in this container yet.
2019-10-16 20:59:37,794 [BlockDeletingService#2] WARN  background.BlockDeletingService (BlockDeletingService.java:isDeletionAllowed(187)) - Close Container log Index 6 is not replicated across allthe servers in the pipeline 4fea0e3a-b978-493d-b2ed-b775cb1cfc79 as the min replicated index is 4. Deletion is not allowed in this container yet.
2019-10-16 20:59:37,884 [EventQueue-ContainerReportForContainerReportHandler] WARN  container.ContainerReportHandler (AbstractContainerReportHandler.java:updateContainerState(145)) - Container #1 is in OPEN state, but the datanode 7d5bd66d-ed89-401c-bf86-050641c359fd{ip: 192.168.157.254, host: pr-hdds-1868-qdb9g-714931517, networkLocation: /default-rack, certSerialId: null} reports an CLOSED replica.
2019-10-16 20:59:37,960 [EventQueue-ContainerReportForContainerReportHandler] WARN  container.ContainerReportHandler (AbstractContainerReportHandler.java:updateContainerState(145)) - Container #1 is in OPEN state, but the datanode e2e26bef-7a80-470b-89dc-752ae9b76223{ip: 192.168.157.254, host: pr-hdds-1868-qdb9g-714931517, networkLocation: /default-rack, certSerialId: null} reports an CLOSED replica.
2019-10-16 20:59:38,285 [EventQueue-ContainerReportForContainerReportHandler] WARN  container.ContainerReportHandler (AbstractContainerReportHandler.java:updateContainerState(145)) - Container #1 is in OPEN state, but the datanode 7d5bd66d-ed89-401c-bf86-050641c359fd{ip: 192.168.157.254, host: pr-hdds-1868-qdb9g-714931517, networkLocation: /default-rack, certSerialId: null} reports an CLOSED replica.
2019-10-16 20:59:38,361 [EventQueue-ContainerReportForContainerReportHandler] WARN  container.ContainerReportHandler (AbstractContainerReportHandler.java:updateContainerState(145)) - Container #1 is in OPEN state, but the datanode e2e26bef-7a80-470b-89dc-752ae9b76223{ip: 192.168.157.254, host: pr-hdds-1868-qdb9g-714931517, networkLocation: /default-rack, certSerialId: null} reports an CLOSED replica.
2019-10-16 20:59:38,586 [EventQueue-ContainerReportForContainerReportHandler] WARN  container.ContainerReportHandler (AbstractContainerReportHandler.java:updateContainerState(145)) - Container #1 is in OPEN state, but the datanode 7d5bd66d-ed89-401c-bf86-050641c359fd{ip: 192.168.157.254, host: pr-hdds-1868-qdb9g-714931517, networkLocation: /default-rack, certSerialId: null} reports an CLOSED replica.
2019-10-16 20:59:38,662 [EventQueue-ContainerReportForContainerReportHandler] WARN  container.ContainerReportHandler (AbstractContainerReportHandler.java:updateContainerState(145)) - Container #1 is in OPEN state, but the datanode e2e26bef-7a80-470b-89dc-752ae9b76223{ip: 192.168.157.254, host: pr-hdds-1868-qdb9g-714931517, networkLocation: /default-rack, certSerialId: null} reports an CLOSED replica.
2019-10-16 20:59:38,796 [BlockDeletingService#2] WARN  background.BlockDeletingService (BlockDeletingService.java:isDeletionAllowed(187)) - Close Container log Index 6 is not replicated across allthe servers in the pipeline 4fea0e3a-b978-493d-b2ed-b775cb1cfc79 as the min replicated index is 4. Deletion is not allowed in this container yet.
2019-10-16 20:59:38,796 [BlockDeletingService#2] WARN  background.BlockDeletingService (BlockDeletingService.java:isDeletionAllowed(187)) - Close Container log Index 6 is not replicated across allthe servers in the pipeline 4fea0e3a-b978-493d-b2ed-b775cb1cfc79 as the min replicated index is 4. Deletion is not allowed in this container yet.
2019-10-16 20:59:38,813 [java.util.concurrent.ThreadPoolExecutor$Worker@7847c973[State = -1, empty queue]] WARN  server.GrpcLogAppender (GrpcLogAppender.java:timeoutAppendRequest(209)) - e2e26bef-7a80-470b-89dc-752ae9b76223@group-B775CB1CFC79->7e02033f-e7de-4006-80be-ffeab2e3922a-GrpcLogAppender: appendEntries Timeout, request=e2e26bef-7a80-470b-89dc-752ae9b76223->7e02033f-e7de-4006-80be-ffeab2e3922a#32-t3, previous=(t:3, i:10), leaderCommit=10, initializing? false, entries: <empty>
2019-10-16 20:59:38,888 [EventQueue-ContainerReportForContainerReportHandler] WARN  container.ContainerReportHandler (AbstractContainerReportHandler.java:updateContainerState(145)) - Container #1 is in OPEN state, but the datanode 7d5bd66d-ed89-401c-bf86-050641c359fd{ip: 192.168.157.254, host: pr-hdds-1868-qdb9g-714931517, networkLocation: /default-rack, certSerialId: null} reports an CLOSED replica.
2019-10-16 20:59:38,962 [EventQueue-ContainerReportForContainerReportHandler] WARN  container.ContainerReportHandler (AbstractContainerReportHandler.java:updateContainerState(145)) - Container #1 is in OPEN state, but the datanode e2e26bef-7a80-470b-89dc-752ae9b76223{ip: 192.168.157.254, host: pr-hdds-1868-qdb9g-714931517, networkLocation: /default-rack, certSerialId: null} reports an CLOSED replica.
2019-10-16 20:59:39,088 [EventQueue-ContainerReportForContainerReportHandler] WARN  container.ContainerReportHandler (AbstractContainerReportHandler.java:updateContainerState(145)) - Container #1 is in OPEN state, but the datanode 7d5bd66d-ed89-401c-bf86-050641c359fd{ip: 192.168.157.254, host: pr-hdds-1868-qdb9g-714931517, networkLocation: /default-rack, certSerialId: null} reports an CLOSED replica.
2019-10-16 20:59:39,363 [EventQueue-ContainerReportForContainerReportHandler] WARN  container.ContainerReportHandler (AbstractContainerReportHandler.java:updateContainerState(145)) - Container #1 is in OPEN state, but the datanode e2e26bef-7a80-470b-89dc-752ae9b76223{ip: 192.168.157.254, host: pr-hdds-1868-qdb9g-714931517, networkLocation: /default-rack, certSerialId: null} reports an CLOSED replica.
2019-10-16 20:59:39,488 [EventQueue-ContainerReportForContainerReportHandler] WARN  container.ContainerReportHandler (AbstractContainerReportHandler.java:updateContainerState(145)) - Container #1 is in OPEN state, but the datanode 7d5bd66d-ed89-401c-bf86-050641c359fd{ip: 192.168.157.254, host: pr-hdds-1868-qdb9g-714931517, networkLocation: /default-rack, certSerialId: null} reports an CLOSED replica.
2019-10-16 20:59:39,562 [EventQueue-ContainerReportForContainerReportHandler] WARN  container.ContainerReportHandler (AbstractContainerReportHandler.java:updateContainerState(145)) - Container #1 is in OPEN state, but the datanode e2e26bef-7a80-470b-89dc-752ae9b76223{ip: 192.168.157.254, host: pr-hdds-1868-qdb9g-714931517, networkLocation: /default-rack, certSerialId: null} reports an CLOSED replica.
2019-10-16 20:59:39,688 [EventQueue-ContainerReportForContainerReportHandler] WARN  container.ContainerReportHandler (AbstractContainerReportHandler.java:updateContainerState(145)) - Container #1 is in OPEN state, but the datanode 7d5bd66d-ed89-401c-bf86-050641c359fd{ip: 192.168.157.254, host: pr-hdds-1868-qdb9g-714931517, networkLocation: /default-rack, certSerialId: null} reports an CLOSED replica.
2019-10-16 20:59:39,762 [EventQueue-ContainerReportForContainerReportHandler] WARN  container.ContainerReportHandler (AbstractContainerReportHandler.java:updateContainerState(145)) - Container #1 is in OPEN state, but the datanode e2e26bef-7a80-470b-89dc-752ae9b76223{ip: 192.168.157.254, host: pr-hdds-1868-qdb9g-714931517, networkLocation: /default-rack, certSerialId: null} reports an CLOSED replica.
2019-10-16 20:59:39,797 [BlockDeletingService#2] WARN  background.BlockDeletingService (BlockDeletingService.java:isDeletionAllowed(187)) - Close Container log Index 6 is not replicated across allthe servers in the pipeline 4fea0e3a-b978-493d-b2ed-b775cb1cfc79 as the min replicated index is 4. Deletion is not allowed in this container yet.
2019-10-16 20:59:39,797 [BlockDeletingService#2] WARN  background.BlockDeletingService (BlockDeletingService.java:isDeletionAllowed(187)) - Close Container log Index 6 is not replicated across allthe servers in the pipeline 4fea0e3a-b978-493d-b2ed-b775cb1cfc79 as the min replicated index is 4. Deletion is not allowed in this container yet.
2019-10-16 20:59:39,989 [EventQueue-ContainerReportForContainerReportHandler] WARN  container.ContainerReportHandler (AbstractContainerReportHandler.java:updateContainerState(145)) - Container #1 is in OPEN state, but the datanode 7d5bd66d-ed89-401c-bf86-050641c359fd{ip: 192.168.157.254, host: pr-hdds-1868-qdb9g-714931517, networkLocation: /default-rack, certSerialId: null} reports an CLOSED replica.
2019-10-16 20:59:40,062 [EventQueue-ContainerReportForContainerReportHandler] WARN  container.ContainerReportHandler (AbstractContainerReportHandler.java:updateContainerState(145)) - Container #1 is in OPEN state, but the datanode e2e26bef-7a80-470b-89dc-752ae9b76223{ip: 192.168.157.254, host: pr-hdds-1868-qdb9g-714931517, networkLocation: /default-rack, certSerialId: null} reports an CLOSED replica.
2019-10-16 20:59:40,289 [EventQueue-ContainerReportForContainerReportHandler] WARN  container.ContainerReportHandler (AbstractContainerReportHandler.java:updateContainerState(145)) - Container #1 is in OPEN state, but the datanode 7d5bd66d-ed89-401c-bf86-050641c359fd{ip: 192.168.157.254, host: pr-hdds-1868-qdb9g-714931517, networkLocation: /default-rack, certSerialId: null} reports an CLOSED replica.
2019-10-16 20:59:40,463 [EventQueue-ContainerReportForContainerReportHandler] WARN  container.ContainerReportHandler (AbstractContainerReportHandler.java:updateContainerState(145)) - Container #1 is in OPEN state, but the datanode e2e26bef-7a80-470b-89dc-752ae9b76223{ip: 192.168.157.254, host: pr-hdds-1868-qdb9g-714931517, networkLocation: /default-rack, certSerialId: null} reports an CLOSED replica.
2019-10-16 20:59:40,490 [EventQueue-ContainerReportForContainerReportHandler] WARN  container.ContainerReportHandler (AbstractContainerReportHandler.java:updateContainerState(145)) - Container #1 is in OPEN state, but the datanode 7d5bd66d-ed89-401c-bf86-050641c359fd{ip: 192.168.157.254, host: pr-hdds-1868-qdb9g-714931517, networkLocation: /default-rack, certSerialId: null} reports an CLOSED replica.
2019-10-16 20:59:40,764 [EventQueue-ContainerReportForContainerReportHandler] WARN  container.ContainerReportHandler (AbstractContainerReportHandler.java:updateContainerState(145)) - Container #1 is in OPEN state, but the datanode e2e26bef-7a80-470b-89dc-752ae9b76223{ip: 192.168.157.254, host: pr-hdds-1868-qdb9g-714931517, networkLocation: /default-rack, certSerialId: null} reports an CLOSED replica.
2019-10-16 20:59:40,800 [BlockDeletingService#2] WARN  background.BlockDeletingService (BlockDeletingService.java:isDeletionAllowed(187)) - Close Container log Index 6 is not replicated across allthe servers in the pipeline 4fea0e3a-b978-493d-b2ed-b775cb1cfc79 as the min replicated index is 4. Deletion is not allowed in this container yet.
2019-10-16 20:59:40,800 [BlockDeletingService#2] WARN  background.BlockDeletingService (BlockDeletingService.java:isDeletionAllowed(187)) - Close Container log Index 6 is not replicated across allthe servers in the pipeline 4fea0e3a-b978-493d-b2ed-b775cb1cfc79 as the min replicated index is 4. Deletion is not allowed in this container yet.
2019-10-16 20:59:40,891 [EventQueue-ContainerReportForContainerReportHandler] WARN  container.ContainerReportHandler (AbstractContainerReportHandler.java:updateContainerState(145)) - Container #1 is in OPEN state, but the datanode 7d5bd66d-ed89-401c-bf86-050641c359fd{ip: 192.168.157.254, host: pr-hdds-1868-qdb9g-714931517, networkLocation: /default-rack, certSerialId: null} reports an CLOSED replica.
2019-10-16 20:59:41,063 [EventQueue-ContainerReportForContainerReportHandler] WARN  container.ContainerReportHandler (AbstractContainerReportHandler.java:updateContainerState(145)) - Container #1 is in OPEN state, but the datanode e2e26bef-7a80-470b-89dc-752ae9b76223{ip: 192.168.157.254, host: pr-hdds-1868-qdb9g-714931517, networkLocation: /default-rack, certSerialId: null} reports an CLOSED replica.
2019-10-16 20:59:41,193 [EventQueue-ContainerReportForContainerReportHandler] WARN  container.ContainerReportHandler (AbstractContainerReportHandler.java:updateContainerState(145)) - Container #1 is in OPEN state, but the datanode 7d5bd66d-ed89-401c-bf86-050641c359fd{ip: 192.168.157.254, host: pr-hdds-1868-qdb9g-714931517, networkLocation: /default-rack, certSerialId: null} reports an CLOSED replica.
2019-10-16 20:59:41,263 [EventQueue-ContainerReportForContainerReportHandler] WARN  container.ContainerReportHandler (AbstractContainerReportHandler.java:updateContainerState(145)) - Container #1 is in OPEN state, but the datanode e2e26bef-7a80-470b-89dc-752ae9b76223{ip: 192.168.157.254, host: pr-hdds-1868-qdb9g-714931517, networkLocation: /default-rack, certSerialId: null} reports an CLOSED replica.
2019-10-16 20:59:41,314 [java.util.concurrent.ThreadPoolExecutor$Worker@7847c973[State = -1, empty queue]] WARN  server.GrpcLogAppender (GrpcLogAppender.java:timeoutAppendRequest(209)) - e2e26bef-7a80-470b-89dc-752ae9b76223@group-B775CB1CFC79->7e02033f-e7de-4006-80be-ffeab2e3922a-GrpcLogAppender: appendEntries Timeout, request=e2e26bef-7a80-470b-89dc-752ae9b76223->7e02033f-e7de-4006-80be-ffeab2e3922a#33-t3, previous=(t:3, i:10), leaderCommit=10, initializing? false, entries: <empty>
2019-10-16 20:59:41,392 [EventQueue-ContainerReportForContainerReportHandler] WARN  container.ContainerReportHandler (AbstractContainerReportHandler.java:updateContainerState(145)) - Container #1 is in OPEN state, but the datanode 7d5bd66d-ed89-401c-bf86-050641c359fd{ip: 192.168.157.254, host: pr-hdds-1868-qdb9g-714931517, networkLocation: /default-rack, certSerialId: null} reports an CLOSED replica.
2019-10-16 20:59:41,463 [EventQueue-ContainerReportForContainerReportHandler] WARN  container.ContainerReportHandler (AbstractContainerReportHandler.java:updateContainerState(145)) - Container #1 is in OPEN state, but the datanode e2e26bef-7a80-470b-89dc-752ae9b76223{ip: 192.168.157.254, host: pr-hdds-1868-qdb9g-714931517, networkLocation: /default-rack, certSerialId: null} reports an CLOSED replica.
2019-10-16 20:59:41,692 [EventQueue-ContainerReportForContainerReportHandler] WARN  container.ContainerReportHandler (AbstractContainerReportHandler.java:updateContainerState(145)) - Container #1 is in OPEN state, but the datanode 7d5bd66d-ed89-401c-bf86-050641c359fd{ip: 192.168.157.254, host: pr-hdds-1868-qdb9g-714931517, networkLocation: /default-rack, certSerialId: null} reports an CLOSED replica.
2019-10-16 20:59:41,763 [EventQueue-ContainerReportForContainerReportHandler] WARN  container.ContainerReportHandler (AbstractContainerReportHandler.java:updateContainerState(145)) - Container #1 is in OPEN state, but the datanode e2e26bef-7a80-470b-89dc-752ae9b76223{ip: 192.168.157.254, host: pr-hdds-1868-qdb9g-714931517, networkLocation: /default-rack, certSerialId: null} reports an CLOSED replica.
2019-10-16 20:59:41,802 [BlockDeletingService#2] WARN  background.BlockDeletingService (BlockDeletingService.java:isDeletionAllowed(187)) - Close Container log Index 6 is not replicated across allthe servers in the pipeline 4fea0e3a-b978-493d-b2ed-b775cb1cfc79 as the min replicated index is 4. Deletion is not allowed in this container yet.
2019-10-16 20:59:41,802 [BlockDeletingService#2] WARN  background.BlockDeletingService (BlockDeletingService.java:isDeletionAllowed(187)) - Close Container log Index 6 is not replicated across allthe servers in the pipeline 4fea0e3a-b978-493d-b2ed-b775cb1cfc79 as the min replicated index is 4. Deletion is not allowed in this container yet.
2019-10-16 20:59:41,963 [EventQueue-ContainerReportForContainerReportHandler] WARN  container.ContainerReportHandler (AbstractContainerReportHandler.java:updateContainerState(145)) - Container #1 is in OPEN state, but the datanode e2e26bef-7a80-470b-89dc-752ae9b76223{ip: 192.168.157.254, host: pr-hdds-1868-qdb9g-714931517, networkLocation: /default-rack, certSerialId: null} reports an CLOSED replica.
2019-10-16 20:59:41,992 [EventQueue-ContainerReportForContainerReportHandler] WARN  container.ContainerReportHandler (AbstractContainerReportHandler.java:updateContainerState(145)) - Container #1 is in OPEN state, but the datanode 7d5bd66d-ed89-401c-bf86-050641c359fd{ip: 192.168.157.254, host: pr-hdds-1868-qdb9g-714931517, networkLocation: /default-rack, certSerialId: null} reports an CLOSED replica.
2019-10-16 20:59:42,264 [EventQueue-ContainerReportForContainerReportHandler] WARN  container.ContainerReportHandler (AbstractContainerReportHandler.java:updateContainerState(145)) - Container #1 is in OPEN state, but the datanode e2e26bef-7a80-470b-89dc-752ae9b76223{ip: 192.168.157.254, host: pr-hdds-1868-qdb9g-714931517, networkLocation: /default-rack, certSerialId: null} reports an CLOSED replica.
2019-10-16 20:59:42,392 [EventQueue-ContainerReportForContainerReportHandler] WARN  container.ContainerReportHandler (AbstractContainerReportHandler.java:updateContainerState(145)) - Container #1 is in OPEN state, but the datanode 7d5bd66d-ed89-401c-bf86-050641c359fd{ip: 192.168.157.254, host: pr-hdds-1868-qdb9g-714931517, networkLocation: /default-rack, certSerialId: null} reports an CLOSED replica.
2019-10-16 20:59:42,464 [EventQueue-ContainerReportForContainerReportHandler] WARN  container.ContainerReportHandler (AbstractContainerReportHandler.java:updateContainerState(145)) - Container #1 is in OPEN state, but the datanode e2e26bef-7a80-470b-89dc-752ae9b76223{ip: 192.168.157.254, host: pr-hdds-1868-qdb9g-714931517, networkLocation: /default-rack, certSerialId: null} reports an CLOSED replica.
2019-10-16 20:59:42,692 [EventQueue-ContainerReportForContainerReportHandler] WARN  container.ContainerReportHandler (AbstractContainerReportHandler.java:updateContainerState(145)) - Container #1 is in OPEN state, but the datanode 7d5bd66d-ed89-401c-bf86-050641c359fd{ip: 192.168.157.254, host: pr-hdds-1868-qdb9g-714931517, networkLocation: /default-rack, certSerialId: null} reports an CLOSED replica.
2019-10-16 20:59:42,764 [EventQueue-ContainerReportForContainerReportHandler] WARN  container.ContainerReportHandler (AbstractContainerReportHandler.java:updateContainerState(145)) - Container #1 is in OPEN state, but the datanode e2e26bef-7a80-470b-89dc-752ae9b76223{ip: 192.168.157.254, host: pr-hdds-1868-qdb9g-714931517, networkLocation: /default-rack, certSerialId: null} reports an CLOSED replica.
2019-10-16 20:59:42,803 [BlockDeletingService#2] WARN  background.BlockDeletingService (BlockDeletingService.java:isDeletionAllowed(187)) - Close Container log Index 6 is not replicated across allthe servers in the pipeline 4fea0e3a-b978-493d-b2ed-b775cb1cfc79 as the min replicated index is 4. Deletion is not allowed in this container yet.
2019-10-16 20:59:42,803 [BlockDeletingService#2] WARN  background.BlockDeletingService (BlockDeletingService.java:isDeletionAllowed(187)) - Close Container log Index 6 is not replicated across allthe servers in the pipeline 4fea0e3a-b978-493d-b2ed-b775cb1cfc79 as the min replicated index is 4. Deletion is not allowed in this container yet.
2019-10-16 20:59:42,992 [EventQueue-ContainerReportForContainerReportHandler] WARN  container.ContainerReportHandler (AbstractContainerReportHandler.java:updateContainerState(145)) - Container #1 is in OPEN state, but the datanode 7d5bd66d-ed89-401c-bf86-050641c359fd{ip: 192.168.157.254, host: pr-hdds-1868-qdb9g-714931517, networkLocation: /default-rack, certSerialId: null} reports an CLOSED replica.
2019-10-16 20:59:43,064 [EventQueue-ContainerReportForContainerReportHandler] WARN  container.ContainerReportHandler (AbstractContainerReportHandler.java:updateContainerState(145)) - Container #1 is in OPEN state, but the datanode e2e26bef-7a80-470b-89dc-752ae9b76223{ip: 192.168.157.254, host: pr-hdds-1868-qdb9g-714931517, networkLocation: /default-rack, certSerialId: null} reports an CLOSED replica.
2019-10-16 20:59:43,192 [EventQueue-ContainerReportForContainerReportHandler] WARN  container.ContainerReportHandler (AbstractContainerReportHandler.java:updateContainerState(145)) - Container #1 is in OPEN state, but the datanode 7d5bd66d-ed89-401c-bf86-050641c359fd{ip: 192.168.157.254, host: pr-hdds-1868-qdb9g-714931517, networkLocation: /default-rack, certSerialId: null} reports an CLOSED replica.
2019-10-16 20:59:43,393 [EventQueue-ContainerReportForContainerReportHandler] WARN  container.ContainerReportHandler (AbstractContainerReportHandler.java:updateContainerState(145)) - Container #1 is in OPEN state, but the datanode 7d5bd66d-ed89-401c-bf86-050641c359fd{ip: 192.168.157.254, host: pr-hdds-1868-qdb9g-714931517, networkLocation: /default-rack, certSerialId: null} reports an CLOSED replica.
2019-10-16 20:59:43,467 [EventQueue-ContainerReportForContainerReportHandler] WARN  container.ContainerReportHandler (AbstractContainerReportHandler.java:updateContainerState(145)) - Container #1 is in OPEN state, but the datanode e2e26bef-7a80-470b-89dc-752ae9b76223{ip: 192.168.157.254, host: pr-hdds-1868-qdb9g-714931517, networkLocation: /default-rack, certSerialId: null} reports an CLOSED replica.
2019-10-16 20:59:43,693 [EventQueue-ContainerReportForContainerReportHandler] WARN  container.ContainerReportHandler (AbstractContainerReportHandler.java:updateContainerState(145)) - Container #1 is in OPEN state, but the datanode 7d5bd66d-ed89-401c-bf86-050641c359fd{ip: 192.168.157.254, host: pr-hdds-1868-qdb9g-714931517, networkLocation: /default-rack, certSerialId: null} reports an CLOSED replica.
2019-10-16 20:59:43,766 [EventQueue-ContainerReportForContainerReportHandler] WARN  container.ContainerReportHandler (AbstractContainerReportHandler.java:updateContainerState(145)) - Container #1 is in OPEN state, but the datanode e2e26bef-7a80-470b-89dc-752ae9b76223{ip: 192.168.157.254, host: pr-hdds-1868-qdb9g-714931517, networkLocation: /default-rack, certSerialId: null} reports an CLOSED replica.
2019-10-16 20:59:43,806 [BlockDeletingService#2] WARN  background.BlockDeletingService (BlockDeletingService.java:isDeletionAllowed(187)) - Close Container log Index 6 is not replicated across allthe servers in the pipeline 4fea0e3a-b978-493d-b2ed-b775cb1cfc79 as the min replicated index is 4. Deletion is not allowed in this container yet.
2019-10-16 20:59:43,806 [BlockDeletingService#2] WARN  background.BlockDeletingService (BlockDeletingService.java:isDeletionAllowed(187)) - Close Container log Index 6 is not replicated across allthe servers in the pipeline 4fea0e3a-b978-493d-b2ed-b775cb1cfc79 as the min replicated index is 4. Deletion is not allowed in this container yet.
2019-10-16 20:59:43,815 [java.util.concurrent.ThreadPoolExecutor$Worker@7847c973[State = -1, empty queue]] WARN  server.GrpcLogAppender (GrpcLogAppender.java:timeoutAppendRequest(209)) - e2e26bef-7a80-470b-89dc-752ae9b76223@group-B775CB1CFC79->7e02033f-e7de-4006-80be-ffeab2e3922a-GrpcLogAppender: appendEntries Timeout, request=e2e26bef-7a80-470b-89dc-752ae9b76223->7e02033f-e7de-4006-80be-ffeab2e3922a#34-t3, previous=(t:3, i:10), leaderCommit=10, initializing? false, entries: <empty>
2019-10-16 20:59:44,065 [EventQueue-ContainerReportForContainerReportHandler] WARN  container.ContainerReportHandler (AbstractContainerReportHandler.java:updateContainerState(145)) - Container #1 is in OPEN state, but the datanode e2e26bef-7a80-470b-89dc-752ae9b76223{ip: 192.168.157.254, host: pr-hdds-1868-qdb9g-714931517, networkLocation: /default-rack, certSerialId: null} reports an CLOSED replica.
2019-10-16 20:59:44,096 [EventQueue-ContainerReportForContainerReportHandler] WARN  container.ContainerReportHandler (AbstractContainerReportHandler.java:updateContainerState(145)) - Container #1 is in OPEN state, but the datanode 7d5bd66d-ed89-401c-bf86-050641c359fd{ip: 192.168.157.254, host: pr-hdds-1868-qdb9g-714931517, networkLocation: /default-rack, certSerialId: null} reports an CLOSED replica.
2019-10-16 20:59:44,266 [EventQueue-ContainerReportForContainerReportHandler] WARN  container.ContainerReportHandler (AbstractContainerReportHandler.java:updateContainerState(145)) - Container #1 is in OPEN state, but the datanode e2e26bef-7a80-470b-89dc-752ae9b76223{ip: 192.168.157.254, host: pr-hdds-1868-qdb9g-714931517, networkLocation: /default-rack, certSerialId: null} reports an CLOSED replica.
2019-10-16 20:59:44,297 [EventQueue-ContainerReportForContainerReportHandler] WARN  container.ContainerReportHandler (AbstractContainerReportHandler.java:updateContainerState(145)) - Container #1 is in OPEN state, but the datanode 7d5bd66d-ed89-401c-bf86-050641c359fd{ip: 192.168.157.254, host: pr-hdds-1868-qdb9g-714931517, networkLocation: /default-rack, certSerialId: null} reports an CLOSED replica.
2019-10-16 20:59:44,467 [EventQueue-ContainerReportForContainerReportHandler] WARN  container.ContainerReportHandler (AbstractContainerReportHandler.java:updateContainerState(145)) - Container #1 is in OPEN state, but the datanode e2e26bef-7a80-470b-89dc-752ae9b76223{ip: 192.168.157.254, host: pr-hdds-1868-qdb9g-714931517, networkLocation: /default-rack, certSerialId: null} reports an CLOSED replica.
2019-10-16 20:59:44,697 [EventQueue-ContainerReportForContainerReportHandler] WARN  container.ContainerReportHandler (AbstractContainerReportHandler.java:updateContainerState(145)) - Container #1 is in OPEN state, but the datanode 7d5bd66d-ed89-401c-bf86-050641c359fd{ip: 192.168.157.254, host: pr-hdds-1868-qdb9g-714931517, networkLocation: /default-rack, certSerialId: null} reports an CLOSED replica.
2019-10-16 20:59:44,807 [BlockDeletingService#2] WARN  background.BlockDeletingService (BlockDeletingService.java:isDeletionAllowed(187)) - Close Container log Index 6 is not replicated across allthe servers in the pipeline 4fea0e3a-b978-493d-b2ed-b775cb1cfc79 as the min replicated index is 4. Deletion is not allowed in this container yet.
2019-10-16 20:59:44,807 [BlockDeletingService#2] WARN  background.BlockDeletingService (BlockDeletingService.java:isDeletionAllowed(187)) - Close Container log Index 6 is not replicated across allthe servers in the pipeline 4fea0e3a-b978-493d-b2ed-b775cb1cfc79 as the min replicated index is 4. Deletion is not allowed in this container yet.
2019-10-16 20:59:44,868 [EventQueue-ContainerReportForContainerReportHandler] WARN  container.ContainerReportHandler (AbstractContainerReportHandler.java:updateContainerState(145)) - Container #1 is in OPEN state, but the datanode e2e26bef-7a80-470b-89dc-752ae9b76223{ip: 192.168.157.254, host: pr-hdds-1868-qdb9g-714931517, networkLocation: /default-rack, certSerialId: null} reports an CLOSED replica.
2019-10-16 20:59:44,998 [EventQueue-ContainerReportForContainerReportHandler] WARN  container.ContainerReportHandler (AbstractContainerReportHandler.java:updateContainerState(145)) - Container #1 is in OPEN state, but the datanode 7d5bd66d-ed89-401c-bf86-050641c359fd{ip: 192.168.157.254, host: pr-hdds-1868-qdb9g-714931517, networkLocation: /default-rack, certSerialId: null} reports an CLOSED replica.
2019-10-16 20:59:45,069 [EventQueue-ContainerReportForContainerReportHandler] WARN  container.ContainerReportHandler (AbstractContainerReportHandler.java:updateContainerState(145)) - Container #1 is in OPEN state, but the datanode e2e26bef-7a80-470b-89dc-752ae9b76223{ip: 192.168.157.254, host: pr-hdds-1868-qdb9g-714931517, networkLocation: /default-rack, certSerialId: null} reports an CLOSED replica.
2019-10-16 20:59:45,368 [EventQueue-ContainerReportForContainerReportHandler] WARN  container.ContainerReportHandler (AbstractContainerReportHandler.java:updateContainerState(145)) - Container #1 is in OPEN state, but the datanode e2e26bef-7a80-470b-89dc-752ae9b76223{ip: 192.168.157.254, host: pr-hdds-1868-qdb9g-714931517, networkLocation: /default-rack, certSerialId: null} reports an CLOSED replica.
2019-10-16 20:59:45,397 [EventQueue-ContainerReportForContainerReportHandler] WARN  container.ContainerReportHandler (AbstractContainerReportHandler.java:updateContainerState(145)) - Container #1 is in OPEN state, but the datanode 7d5bd66d-ed89-401c-bf86-050641c359fd{ip: 192.168.157.254, host: pr-hdds-1868-qdb9g-714931517, networkLocation: /default-rack, certSerialId: null} reports an CLOSED replica.
2019-10-16 20:59:45,597 [EventQueue-ContainerReportForContainerReportHandler] WARN  container.ContainerReportHandler (AbstractContainerReportHandler.java:updateContainerState(145)) - Container #1 is in OPEN state, but the datanode 7d5bd66d-ed89-401c-bf86-050641c359fd{ip: 192.168.157.254, host: pr-hdds-1868-qdb9g-714931517, networkLocation: /default-rack, certSerialId: null} reports an CLOSED replica.
2019-10-16 20:59:45,669 [EventQueue-ContainerReportForContainerReportHandler] WARN  container.ContainerReportHandler (AbstractContainerReportHandler.java:updateContainerState(145)) - Container #1 is in OPEN state, but the datanode e2e26bef-7a80-470b-89dc-752ae9b76223{ip: 192.168.157.254, host: pr-hdds-1868-qdb9g-714931517, networkLocation: /default-rack, certSerialId: null} reports an CLOSED replica.
2019-10-16 20:59:45,797 [EventQueue-ContainerReportForContainerReportHandler] WARN  container.ContainerReportHandler (AbstractContainerReportHandler.java:updateContainerState(145)) - Container #1 is in OPEN state, but the datanode 7d5bd66d-ed89-401c-bf86-050641c359fd{ip: 192.168.157.254, host: pr-hdds-1868-qdb9g-714931517, networkLocation: /default-rack, certSerialId: null} reports an CLOSED replica.
2019-10-16 20:59:45,809 [BlockDeletingService#2] WARN  background.BlockDeletingService (BlockDeletingService.java:isDeletionAllowed(187)) - Close Container log Index 6 is not replicated across allthe servers in the pipeline 4fea0e3a-b978-493d-b2ed-b775cb1cfc79 as the min replicated index is 4. Deletion is not allowed in this container yet.
2019-10-16 20:59:45,809 [BlockDeletingService#2] WARN  background.BlockDeletingService (BlockDeletingService.java:isDeletionAllowed(187)) - Close Container log Index 6 is not replicated across allthe servers in the pipeline 4fea0e3a-b978-493d-b2ed-b775cb1cfc79 as the min replicated index is 4. Deletion is not allowed in this container yet.
2019-10-16 20:59:45,970 [EventQueue-ContainerReportForContainerReportHandler] WARN  container.ContainerReportHandler (AbstractContainerReportHandler.java:updateContainerState(145)) - Container #1 is in OPEN state, but the datanode e2e26bef-7a80-470b-89dc-752ae9b76223{ip: 192.168.157.254, host: pr-hdds-1868-qdb9g-714931517, networkLocation: /default-rack, certSerialId: null} reports an CLOSED replica.
2019-10-16 20:59:46,197 [EventQueue-ContainerReportForContainerReportHandler] WARN  container.ContainerReportHandler (AbstractContainerReportHandler.java:updateContainerState(145)) - Container #1 is in OPEN state, but the datanode 7d5bd66d-ed89-401c-bf86-050641c359fd{ip: 192.168.157.254, host: pr-hdds-1868-qdb9g-714931517, networkLocation: /default-rack, certSerialId: null} reports an CLOSED replica.
2019-10-16 20:59:46,270 [EventQueue-ContainerReportForContainerReportHandler] WARN  container.ContainerReportHandler (AbstractContainerReportHandler.java:updateContainerState(145)) - Container #1 is in OPEN state, but the datanode e2e26bef-7a80-470b-89dc-752ae9b76223{ip: 192.168.157.254, host: pr-hdds-1868-qdb9g-714931517, networkLocation: /default-rack, certSerialId: null} reports an CLOSED replica.
2019-10-16 20:59:46,317 [java.util.concurrent.ThreadPoolExecutor$Worker@7847c973[State = -1, empty queue]] WARN  server.GrpcLogAppender (GrpcLogAppender.java:timeoutAppendRequest(209)) - e2e26bef-7a80-470b-89dc-752ae9b76223@group-B775CB1CFC79->7e02033f-e7de-4006-80be-ffeab2e3922a-GrpcLogAppender: appendEntries Timeout, request=e2e26bef-7a80-470b-89dc-752ae9b76223->7e02033f-e7de-4006-80be-ffeab2e3922a#35-t3, previous=(t:3, i:10), leaderCommit=10, initializing? false, entries: <empty>
2019-10-16 20:59:46,397 [EventQueue-ContainerReportForContainerReportHandler] WARN  container.ContainerReportHandler (AbstractContainerReportHandler.java:updateContainerState(145)) - Container #1 is in OPEN state, but the datanode 7d5bd66d-ed89-401c-bf86-050641c359fd{ip: 192.168.157.254, host: pr-hdds-1868-qdb9g-714931517, networkLocation: /default-rack, certSerialId: null} reports an CLOSED replica.
2019-10-16 20:59:46,584 [Thread-411] INFO  client.GrpcClientProtocolService (GrpcClientProtocolService.java:lambda$processClientRequest$0(278)) - Failed RaftClientRequest:client-BDDAE6707277->e2e26bef-7a80-470b-89dc-752ae9b76223@group-B775CB1CFC79, cid=10, seq=0, Watch-ALL_COMMITTED(6), Message:<EMPTY>, reply=RaftClientReply:client-BDDAE6707277->e2e26bef-7a80-470b-89dc-752ae9b76223@group-B775CB1CFC79, cid=10, FAILED org.apache.ratis.protocol.NotReplicatedException: Request with call Id 10 and log index 6 is not yet replicated to ALL_COMMITTED, logIndex=6, commits[e2e26bef-7a80-470b-89dc-752ae9b76223:c10, 7d5bd66d-ed89-401c-bf86-050641c359fd:c10, 7e02033f-e7de-4006-80be-ffeab2e3922a:c4]
2019-10-16 20:59:46,670 [EventQueue-ContainerReportForContainerReportHandler] WARN  container.ContainerReportHandler (AbstractContainerReportHandler.java:updateContainerState(145)) - Container #1 is in OPEN state, but the datanode e2e26bef-7a80-470b-89dc-752ae9b76223{ip: 192.168.157.254, host: pr-hdds-1868-qdb9g-714931517, networkLocation: /default-rack, certSerialId: null} reports an CLOSED replica.
2019-10-16 20:59:46,697 [EventQueue-ContainerReportForContainerReportHandler] WARN  container.ContainerReportHandler (AbstractContainerReportHandler.java:updateContainerState(145)) - Container #1 is in OPEN state, but the datanode 7d5bd66d-ed89-401c-bf86-050641c359fd{ip: 192.168.157.254, host: pr-hdds-1868-qdb9g-714931517, networkLocation: /default-rack, certSerialId: null} reports an CLOSED replica.
2019-10-16 20:59:46,810 [BlockDeletingService#2] WARN  background.BlockDeletingService (BlockDeletingService.java:isDeletionAllowed(187)) - Close Container log Index 6 is not replicated across allthe servers in the pipeline 4fea0e3a-b978-493d-b2ed-b775cb1cfc79 as the min replicated index is 4. Deletion is not allowed in this container yet.
2019-10-16 20:59:46,813 [BlockDeletingService#2] WARN  background.BlockDeletingService (BlockDeletingService.java:isDeletionAllowed(187)) - Close Container log Index 6 is not replicated across allthe servers in the pipeline 4fea0e3a-b978-493d-b2ed-b775cb1cfc79 as the min replicated index is 4. Deletion is not allowed in this container yet.
2019-10-16 20:59:46,897 [EventQueue-ContainerReportForContainerReportHandler] WARN  container.ContainerReportHandler (AbstractContainerReportHandler.java:updateContainerState(145)) - Container #1 is in OPEN state, but the datanode 7d5bd66d-ed89-401c-bf86-050641c359fd{ip: 192.168.157.254, host: pr-hdds-1868-qdb9g-714931517, networkLocation: /default-rack, certSerialId: null} reports an CLOSED replica.
2019-10-16 20:59:46,971 [EventQueue-ContainerReportForContainerReportHandler] WARN  container.ContainerReportHandler (AbstractContainerReportHandler.java:updateContainerState(145)) - Container #1 is in OPEN state, but the datanode e2e26bef-7a80-470b-89dc-752ae9b76223{ip: 192.168.157.254, host: pr-hdds-1868-qdb9g-714931517, networkLocation: /default-rack, certSerialId: null} reports an CLOSED replica.
2019-10-16 20:59:47,297 [EventQueue-ContainerReportForContainerReportHandler] WARN  container.ContainerReportHandler (AbstractContainerReportHandler.java:updateContainerState(145)) - Container #1 is in OPEN state, but the datanode 7d5bd66d-ed89-401c-bf86-050641c359fd{ip: 192.168.157.254, host: pr-hdds-1868-qdb9g-714931517, networkLocation: /default-rack, certSerialId: null} reports an CLOSED replica.
2019-10-16 20:59:47,371 [EventQueue-ContainerReportForContainerReportHandler] WARN  container.ContainerReportHandler (AbstractContainerReportHandler.java:updateContainerState(145)) - Container #1 is in OPEN state, but the datanode e2e26bef-7a80-470b-89dc-752ae9b76223{ip: 192.168.157.254, host: pr-hdds-1868-qdb9g-714931517, networkLocation: /default-rack, certSerialId: null} reports an CLOSED replica.
2019-10-16 20:59:47,597 [EventQueue-ContainerReportForContainerReportHandler] WARN  container.ContainerReportHandler (AbstractContainerReportHandler.java:updateContainerState(145)) - Container #1 is in OPEN state, but the datanode 7d5bd66d-ed89-401c-bf86-050641c359fd{ip: 192.168.157.254, host: pr-hdds-1868-qdb9g-714931517, networkLocation: /default-rack, certSerialId: null} reports an CLOSED replica.
2019-10-16 20:59:47,671 [EventQueue-ContainerReportForContainerReportHandler] WARN  container.ContainerReportHandler (AbstractContainerReportHandler.java:updateContainerState(145)) - Container #1 is in OPEN state, but the datanode e2e26bef-7a80-470b-89dc-752ae9b76223{ip: 192.168.157.254, host: pr-hdds-1868-qdb9g-714931517, networkLocation: /default-rack, certSerialId: null} reports an CLOSED replica.
2019-10-16 20:59:47,797 [EventQueue-ContainerReportForContainerReportHandler] WARN  container.ContainerReportHandler (AbstractContainerReportHandler.java:updateContainerState(145)) - Container #1 is in OPEN state, but the datanode 7d5bd66d-ed89-401c-bf86-050641c359fd{ip: 192.168.157.254, host: pr-hdds-1868-qdb9g-714931517, networkLocation: /default-rack, certSerialId: null} reports an CLOSED replica.
2019-10-16 20:59:47,815 [BlockDeletingService#2] WARN  background.BlockDeletingService (BlockDeletingService.java:isDeletionAllowed(187)) - Close Container log Index 6 is not replicated across allthe servers in the pipeline 4fea0e3a-b978-493d-b2ed-b775cb1cfc79 as the min replicated index is 4. Deletion is not allowed in this container yet.
2019-10-16 20:59:47,816 [BlockDeletingService#2] WARN  background.BlockDeletingService (BlockDeletingService.java:isDeletionAllowed(187)) - Close Container log Index 6 is not replicated across allthe servers in the pipeline 4fea0e3a-b978-493d-b2ed-b775cb1cfc79 as the min replicated index is 4. Deletion is not allowed in this container yet.
2019-10-16 20:59:48,072 [EventQueue-ContainerReportForContainerReportHandler] WARN  container.ContainerReportHandler (AbstractContainerReportHandler.java:updateContainerState(145)) - Container #1 is in OPEN state, but the datanode e2e26bef-7a80-470b-89dc-752ae9b76223{ip: 192.168.157.254, host: pr-hdds-1868-qdb9g-714931517, networkLocation: /default-rack, certSerialId: null} reports an CLOSED replica.
2019-10-16 20:59:48,097 [EventQueue-ContainerReportForContainerReportHandler] WARN  container.ContainerReportHandler (AbstractContainerReportHandler.java:updateContainerState(145)) - Container #1 is in OPEN state, but the datanode 7d5bd66d-ed89-401c-bf86-050641c359fd{ip: 192.168.157.254, host: pr-hdds-1868-qdb9g-714931517, networkLocation: /default-rack, certSerialId: null} reports an CLOSED replica.
2019-10-16 20:59:48,371 [EventQueue-ContainerReportForContainerReportHandler] WARN  container.ContainerReportHandler (AbstractContainerReportHandler.java:updateContainerState(145)) - Container #1 is in OPEN state, but the datanode e2e26bef-7a80-470b-89dc-752ae9b76223{ip: 192.168.157.254, host: pr-hdds-1868-qdb9g-714931517, networkLocation: /default-rack, certSerialId: null} reports an CLOSED replica.
2019-10-16 20:59:48,498 [EventQueue-ContainerReportForContainerReportHandler] WARN  container.ContainerReportHandler (AbstractContainerReportHandler.java:updateContainerState(145)) - Container #1 is in OPEN state, but the datanode 7d5bd66d-ed89-401c-bf86-050641c359fd{ip: 192.168.157.254, host: pr-hdds-1868-qdb9g-714931517, networkLocation: /default-rack, certSerialId: null} reports an CLOSED replica.
2019-10-16 20:59:48,674 [EventQueue-ContainerReportForContainerReportHandler] WARN  container.ContainerReportHandler (AbstractContainerReportHandler.java:updateContainerState(145)) - Container #1 is in OPEN state, but the datanode e2e26bef-7a80-470b-89dc-752ae9b76223{ip: 192.168.157.254, host: pr-hdds-1868-qdb9g-714931517, networkLocation: /default-rack, certSerialId: null} reports an CLOSED replica.
2019-10-16 20:59:48,797 [EventQueue-ContainerReportForContainerReportHandler] WARN  container.ContainerReportHandler (AbstractContainerReportHandler.java:updateContainerState(145)) - Container #1 is in OPEN state, but the datanode 7d5bd66d-ed89-401c-bf86-050641c359fd{ip: 192.168.157.254, host: pr-hdds-1868-qdb9g-714931517, networkLocation: /default-rack, certSerialId: null} reports an CLOSED replica.
2019-10-16 20:59:48,818 [java.util.concurrent.ThreadPoolExecutor$Worker@7847c973[State = -1, empty queue]] WARN  server.GrpcLogAppender (GrpcLogAppender.java:timeoutAppendRequest(209)) - e2e26bef-7a80-470b-89dc-752ae9b76223@group-B775CB1CFC79->7e02033f-e7de-4006-80be-ffeab2e3922a-GrpcLogAppender: appendEntries Timeout, request=e2e26bef-7a80-470b-89dc-752ae9b76223->7e02033f-e7de-4006-80be-ffeab2e3922a#36-t3, previous=(t:3, i:10), leaderCommit=10, initializing? false, entries: <empty>
2019-10-16 20:59:48,820 [BlockDeletingService#2] WARN  background.BlockDeletingService (BlockDeletingService.java:isDeletionAllowed(187)) - Close Container log Index 6 is not replicated across allthe servers in the pipeline 4fea0e3a-b978-493d-b2ed-b775cb1cfc79 as the min replicated index is 4. Deletion is not allowed in this container yet.
2019-10-16 20:59:48,820 [BlockDeletingService#2] WARN  background.BlockDeletingService (BlockDeletingService.java:isDeletionAllowed(187)) - Close Container log Index 6 is not replicated across allthe servers in the pipeline 4fea0e3a-b978-493d-b2ed-b775cb1cfc79 as the min replicated index is 4. Deletion is not allowed in this container yet.
2019-10-16 20:59:48,974 [EventQueue-ContainerReportForContainerReportHandler] WARN  container.ContainerReportHandler (AbstractContainerReportHandler.java:updateContainerState(145)) - Container #1 is in OPEN state, but the datanode e2e26bef-7a80-470b-89dc-752ae9b76223{ip: 192.168.157.254, host: pr-hdds-1868-qdb9g-714931517, networkLocation: /default-rack, certSerialId: null} reports an CLOSED replica.
2019-10-16 20:59:49,098 [EventQueue-ContainerReportForContainerReportHandler] WARN  container.ContainerReportHandler (AbstractContainerReportHandler.java:updateContainerState(145)) - Container #1 is in OPEN state, but the datanode 7d5bd66d-ed89-401c-bf86-050641c359fd{ip: 192.168.157.254, host: pr-hdds-1868-qdb9g-714931517, networkLocation: /default-rack, certSerialId: null} reports an CLOSED replica.
2019-10-16 20:59:49,275 [EventQueue-ContainerReportForContainerReportHandler] WARN  container.ContainerReportHandler (AbstractContainerReportHandler.java:updateContainerState(145)) - Container #1 is in OPEN state, but the datanode e2e26bef-7a80-470b-89dc-752ae9b76223{ip: 192.168.157.254, host: pr-hdds-1868-qdb9g-714931517, networkLocation: /default-rack, certSerialId: null} reports an CLOSED replica.
2019-10-16 20:59:49,475 [EventQueue-ContainerReportForContainerReportHandler] WARN  container.ContainerReportHandler (AbstractContainerReportHandler.java:updateContainerState(145)) - Container #1 is in OPEN state, but the datanode e2e26bef-7a80-470b-89dc-752ae9b76223{ip: 192.168.157.254, host: pr-hdds-1868-qdb9g-714931517, networkLocation: /default-rack, certSerialId: null} reports an CLOSED replica.
2019-10-16 20:59:49,498 [EventQueue-ContainerReportForContainerReportHandler] WARN  container.ContainerReportHandler (AbstractContainerReportHandler.java:updateContainerState(145)) - Container #1 is in OPEN state, but the datanode 7d5bd66d-ed89-401c-bf86-050641c359fd{ip: 192.168.157.254, host: pr-hdds-1868-qdb9g-714931517, networkLocation: /default-rack, certSerialId: null} reports an CLOSED replica.
2019-10-16 20:59:49,676 [EventQueue-ContainerReportForContainerReportHandler] WARN  container.ContainerReportHandler (AbstractContainerReportHandler.java:updateContainerState(145)) - Container #1 is in OPEN state, but the datanode e2e26bef-7a80-470b-89dc-752ae9b76223{ip: 192.168.157.254, host: pr-hdds-1868-qdb9g-714931517, networkLocation: /default-rack, certSerialId: null} reports an CLOSED replica.
2019-10-16 20:59:49,797 [EventQueue-ContainerReportForContainerReportHandler] WARN  container.ContainerReportHandler (AbstractContainerReportHandler.java:updateContainerState(145)) - Container #1 is in OPEN state, but the datanode 7d5bd66d-ed89-401c-bf86-050641c359fd{ip: 192.168.157.254, host: pr-hdds-1868-qdb9g-714931517, networkLocation: /default-rack, certSerialId: null} reports an CLOSED replica.
2019-10-16 20:59:49,822 [BlockDeletingService#2] WARN  background.BlockDeletingService (BlockDeletingService.java:isDeletionAllowed(187)) - Close Container log Index 6 is not replicated across allthe servers in the pipeline 4fea0e3a-b978-493d-b2ed-b775cb1cfc79 as the min replicated index is 4. Deletion is not allowed in this container yet.
2019-10-16 20:59:49,822 [BlockDeletingService#2] WARN  background.BlockDeletingService (BlockDeletingService.java:isDeletionAllowed(187)) - Close Container log Index 6 is not replicated across allthe servers in the pipeline 4fea0e3a-b978-493d-b2ed-b775cb1cfc79 as the min replicated index is 4. Deletion is not allowed in this container yet.
2019-10-16 20:59:50,076 [EventQueue-ContainerReportForContainerReportHandler] WARN  container.ContainerReportHandler (AbstractContainerReportHandler.java:updateContainerState(145)) - Container #1 is in OPEN state, but the datanode e2e26bef-7a80-470b-89dc-752ae9b76223{ip: 192.168.157.254, host: pr-hdds-1868-qdb9g-714931517, networkLocation: /default-rack, certSerialId: null} reports an CLOSED replica.
2019-10-16 20:59:50,097 [EventQueue-ContainerReportForContainerReportHandler] WARN  container.ContainerReportHandler (AbstractContainerReportHandler.java:updateContainerState(145)) - Container #1 is in OPEN state, but the datanode 7d5bd66d-ed89-401c-bf86-050641c359fd{ip: 192.168.157.254, host: pr-hdds-1868-qdb9g-714931517, networkLocation: /default-rack, certSerialId: null} reports an CLOSED replica.
2019-10-16 20:59:50,397 [EventQueue-ContainerReportForContainerReportHandler] WARN  container.ContainerReportHandler (AbstractContainerReportHandler.java:updateContainerState(145)) - Container #1 is in OPEN state, but the datanode 7d5bd66d-ed89-401c-bf86-050641c359fd{ip: 192.168.157.254, host: pr-hdds-1868-qdb9g-714931517, networkLocation: /default-rack, certSerialId: null} reports an CLOSED replica.
2019-10-16 20:59:50,477 [EventQueue-ContainerReportForContainerReportHandler] WARN  container.ContainerReportHandler (AbstractContainerReportHandler.java:updateContainerState(145)) - Container #1 is in OPEN state, but the datanode e2e26bef-7a80-470b-89dc-752ae9b76223{ip: 192.168.157.254, host: pr-hdds-1868-qdb9g-714931517, networkLocation: /default-rack, certSerialId: null} reports an CLOSED replica.
2019-10-16 20:59:50,697 [EventQueue-ContainerReportForContainerReportHandler] WARN  container.ContainerReportHandler (AbstractContainerReportHandler.java:updateContainerState(145)) - Container #1 is in OPEN state, but the datanode 7d5bd66d-ed89-401c-bf86-050641c359fd{ip: 192.168.157.254, host: pr-hdds-1868-qdb9g-714931517, networkLocation: /default-rack, certSerialId: null} reports an CLOSED replica.
2019-10-16 20:59:50,776 [EventQueue-ContainerReportForContainerReportHandler] WARN  container.ContainerReportHandler (AbstractContainerReportHandler.java:updateContainerState(145)) - Container #1 is in OPEN state, but the datanode e2e26bef-7a80-470b-89dc-752ae9b76223{ip: 192.168.157.254, host: pr-hdds-1868-qdb9g-714931517, networkLocation: /default-rack, certSerialId: null} reports an CLOSED replica.
2019-10-16 20:59:50,824 [BlockDeletingService#2] WARN  background.BlockDeletingService (BlockDeletingService.java:isDeletionAllowed(187)) - Close Container log Index 6 is not replicated across allthe servers in the pipeline 4fea0e3a-b978-493d-b2ed-b775cb1cfc79 as the min replicated index is 4. Deletion is not allowed in this container yet.
2019-10-16 20:59:50,824 [BlockDeletingService#2] WARN  background.BlockDeletingService (BlockDeletingService.java:isDeletionAllowed(187)) - Close Container log Index 6 is not replicated across allthe servers in the pipeline 4fea0e3a-b978-493d-b2ed-b775cb1cfc79 as the min replicated index is 4. Deletion is not allowed in this container yet.
2019-10-16 20:59:50,976 [EventQueue-ContainerReportForContainerReportHandler] WARN  container.ContainerReportHandler (AbstractContainerReportHandler.java:updateContainerState(145)) - Container #1 is in OPEN state, but the datanode e2e26bef-7a80-470b-89dc-752ae9b76223{ip: 192.168.157.254, host: pr-hdds-1868-qdb9g-714931517, networkLocation: /default-rack, certSerialId: null} reports an CLOSED replica.
2019-10-16 20:59:50,997 [EventQueue-ContainerReportForContainerReportHandler] WARN  container.ContainerReportHandler (AbstractContainerReportHandler.java:updateContainerState(145)) - Container #1 is in OPEN state, but the datanode 7d5bd66d-ed89-401c-bf86-050641c359fd{ip: 192.168.157.254, host: pr-hdds-1868-qdb9g-714931517, networkLocation: /default-rack, certSerialId: null} reports an CLOSED replica.
2019-10-16 20:59:51,276 [EventQueue-ContainerReportForContainerReportHandler] WARN  container.ContainerReportHandler (AbstractContainerReportHandler.java:updateContainerState(145)) - Container #1 is in OPEN state, but the datanode e2e26bef-7a80-470b-89dc-752ae9b76223{ip: 192.168.157.254, host: pr-hdds-1868-qdb9g-714931517, networkLocation: /default-rack, certSerialId: null} reports an CLOSED replica.
2019-10-16 20:59:51,297 [EventQueue-ContainerReportForContainerReportHandler] WARN  container.ContainerReportHandler (AbstractContainerReportHandler.java:updateContainerState(145)) - Container #1 is in OPEN state, but the datanode 7d5bd66d-ed89-401c-bf86-050641c359fd{ip: 192.168.157.254, host: pr-hdds-1868-qdb9g-714931517, networkLocation: /default-rack, certSerialId: null} reports an CLOSED replica.
2019-10-16 20:59:51,319 [java.util.concurrent.ThreadPoolExecutor$Worker@7847c973[State = -1, empty queue]] WARN  server.GrpcLogAppender (GrpcLogAppender.java:timeoutAppendRequest(209)) - e2e26bef-7a80-470b-89dc-752ae9b76223@group-B775CB1CFC79->7e02033f-e7de-4006-80be-ffeab2e3922a-GrpcLogAppender: appendEntries Timeout, request=e2e26bef-7a80-470b-89dc-752ae9b76223->7e02033f-e7de-4006-80be-ffeab2e3922a#37-t3, previous=(t:3, i:10), leaderCommit=10, initializing? false, entries: <empty>
2019-10-16 20:59:51,579 [EventQueue-ContainerReportForContainerReportHandler] WARN  container.ContainerReportHandler (AbstractContainerReportHandler.java:updateContainerState(145)) - Container #1 is in OPEN state, but the datanode e2e26bef-7a80-470b-89dc-752ae9b76223{ip: 192.168.157.254, host: pr-hdds-1868-qdb9g-714931517, networkLocation: /default-rack, certSerialId: null} reports an CLOSED replica.
2019-10-16 20:59:51,597 [EventQueue-ContainerReportForContainerReportHandler] WARN  container.ContainerReportHandler (AbstractContainerReportHandler.java:updateContainerState(145)) - Container #1 is in OPEN state, but the datanode 7d5bd66d-ed89-401c-bf86-050641c359fd{ip: 192.168.157.254, host: pr-hdds-1868-qdb9g-714931517, networkLocation: /default-rack, certSerialId: null} reports an CLOSED replica.
2019-10-16 20:59:51,776 [EventQueue-ContainerReportForContainerReportHandler] WARN  container.ContainerReportHandler (AbstractContainerReportHandler.java:updateContainerState(145)) - Container #1 is in OPEN state, but the datanode e2e26bef-7a80-470b-89dc-752ae9b76223{ip: 192.168.157.254, host: pr-hdds-1868-qdb9g-714931517, networkLocation: /default-rack, certSerialId: null} reports an CLOSED replica.
2019-10-16 20:59:51,826 [BlockDeletingService#2] WARN  background.BlockDeletingService (BlockDeletingService.java:isDeletionAllowed(187)) - Close Container log Index 6 is not replicated across allthe servers in the pipeline 4fea0e3a-b978-493d-b2ed-b775cb1cfc79 as the min replicated index is 4. Deletion is not allowed in this container yet.
2019-10-16 20:59:51,826 [BlockDeletingService#2] WARN  background.BlockDeletingService (BlockDeletingService.java:isDeletionAllowed(187)) - Close Container log Index 6 is not replicated across allthe servers in the pipeline 4fea0e3a-b978-493d-b2ed-b775cb1cfc79 as the min replicated index is 4. Deletion is not allowed in this container yet.
2019-10-16 20:59:51,997 [EventQueue-ContainerReportForContainerReportHandler] WARN  container.ContainerReportHandler (AbstractContainerReportHandler.java:updateContainerState(145)) - Container #1 is in OPEN state, but the datanode 7d5bd66d-ed89-401c-bf86-050641c359fd{ip: 192.168.157.254, host: pr-hdds-1868-qdb9g-714931517, networkLocation: /default-rack, certSerialId: null} reports an CLOSED replica.
2019-10-16 20:59:52,176 [EventQueue-ContainerReportForContainerReportHandler] WARN  container.ContainerReportHandler (AbstractContainerReportHandler.java:updateContainerState(145)) - Container #1 is in OPEN state, but the datanode e2e26bef-7a80-470b-89dc-752ae9b76223{ip: 192.168.157.254, host: pr-hdds-1868-qdb9g-714931517, networkLocation: /default-rack, certSerialId: null} reports an CLOSED replica.
2019-10-16 20:59:52,298 [EventQueue-ContainerReportForContainerReportHandler] WARN  container.ContainerReportHandler (AbstractContainerReportHandler.java:updateContainerState(145)) - Container #1 is in OPEN state, but the datanode 7d5bd66d-ed89-401c-bf86-050641c359fd{ip: 192.168.157.254, host: pr-hdds-1868-qdb9g-714931517, networkLocation: /default-rack, certSerialId: null} reports an CLOSED replica.
2019-10-16 20:59:52,476 [EventQueue-ContainerReportForContainerReportHandler] WARN  container.ContainerReportHandler (AbstractContainerReportHandler.java:updateContainerState(145)) - Container #1 is in OPEN state, but the datanode e2e26bef-7a80-470b-89dc-752ae9b76223{ip: 192.168.157.254, host: pr-hdds-1868-qdb9g-714931517, networkLocation: /default-rack, certSerialId: null} reports an CLOSED replica.
2019-10-16 20:59:52,598 [EventQueue-ContainerReportForContainerReportHandler] WARN  container.ContainerReportHandler (AbstractContainerReportHandler.java:updateContainerState(145)) - Container #1 is in OPEN state, but the datanode 7d5bd66d-ed89-401c-bf86-050641c359fd{ip: 192.168.157.254, host: pr-hdds-1868-qdb9g-714931517, networkLocation: /default-rack, certSerialId: null} reports an CLOSED replica.
2019-10-16 20:59:52,828 [BlockDeletingService#2] WARN  background.BlockDeletingService (BlockDeletingService.java:isDeletionAllowed(187)) - Close Container log Index 6 is not replicated across allthe servers in the pipeline 4fea0e3a-b978-493d-b2ed-b775cb1cfc79 as the min replicated index is 4. Deletion is not allowed in this container yet.
2019-10-16 20:59:52,828 [BlockDeletingService#2] WARN  background.BlockDeletingService (BlockDeletingService.java:isDeletionAllowed(187)) - Close Container log Index 6 is not replicated across allthe servers in the pipeline 4fea0e3a-b978-493d-b2ed-b775cb1cfc79 as the min replicated index is 4. Deletion is not allowed in this container yet.
2019-10-16 20:59:52,877 [EventQueue-ContainerReportForContainerReportHandler] WARN  container.ContainerReportHandler (AbstractContainerReportHandler.java:updateContainerState(145)) - Container #1 is in OPEN state, but the datanode e2e26bef-7a80-470b-89dc-752ae9b76223{ip: 192.168.157.254, host: pr-hdds-1868-qdb9g-714931517, networkLocation: /default-rack, certSerialId: null} reports an CLOSED replica.
2019-10-16 20:59:52,900 [EventQueue-ContainerReportForContainerReportHandler] WARN  container.ContainerReportHandler (AbstractContainerReportHandler.java:updateContainerState(145)) - Container #1 is in OPEN state, but the datanode 7d5bd66d-ed89-401c-bf86-050641c359fd{ip: 192.168.157.254, host: pr-hdds-1868-qdb9g-714931517, networkLocation: /default-rack, certSerialId: null} reports an CLOSED replica.
2019-10-16 20:59:53,178 [EventQueue-ContainerReportForContainerReportHandler] WARN  container.ContainerReportHandler (AbstractContainerReportHandler.java:updateContainerState(145)) - Container #1 is in OPEN state, but the datanode e2e26bef-7a80-470b-89dc-752ae9b76223{ip: 192.168.157.254, host: pr-hdds-1868-qdb9g-714931517, networkLocation: /default-rack, certSerialId: null} reports an CLOSED replica.
2019-10-16 20:59:53,201 [EventQueue-ContainerReportForContainerReportHandler] WARN  container.ContainerReportHandler (AbstractContainerReportHandler.java:updateContainerState(145)) - Container #1 is in OPEN state, but the datanode 7d5bd66d-ed89-401c-bf86-050641c359fd{ip: 192.168.157.254, host: pr-hdds-1868-qdb9g-714931517, networkLocation: /default-rack, certSerialId: null} reports an CLOSED replica.
2019-10-16 20:59:53,477 [EventQueue-ContainerReportForContainerReportHandler] WARN  container.ContainerReportHandler (AbstractContainerReportHandler.java:updateContainerState(145)) - Container #1 is in OPEN state, but the datanode e2e26bef-7a80-470b-89dc-752ae9b76223{ip: 192.168.157.254, host: pr-hdds-1868-qdb9g-714931517, networkLocation: /default-rack, certSerialId: null} reports an CLOSED replica.
2019-10-16 20:59:53,502 [EventQueue-ContainerReportForContainerReportHandler] WARN  container.ContainerReportHandler (AbstractContainerReportHandler.java:updateContainerState(145)) - Container #1 is in OPEN state, but the datanode 7d5bd66d-ed89-401c-bf86-050641c359fd{ip: 192.168.157.254, host: pr-hdds-1868-qdb9g-714931517, networkLocation: /default-rack, certSerialId: null} reports an CLOSED replica.
2019-10-16 20:59:53,777 [EventQueue-ContainerReportForContainerReportHandler] WARN  container.ContainerReportHandler (AbstractContainerReportHandler.java:updateContainerState(145)) - Container #1 is in OPEN state, but the datanode e2e26bef-7a80-470b-89dc-752ae9b76223{ip: 192.168.157.254, host: pr-hdds-1868-qdb9g-714931517, networkLocation: /default-rack, certSerialId: null} reports an CLOSED replica.
2019-10-16 20:59:53,821 [java.util.concurrent.ThreadPoolExecutor$Worker@7847c973[State = -1, empty queue]] WARN  server.GrpcLogAppender (GrpcLogAppender.java:timeoutAppendRequest(209)) - e2e26bef-7a80-470b-89dc-752ae9b76223@group-B775CB1CFC79->7e02033f-e7de-4006-80be-ffeab2e3922a-GrpcLogAppender: appendEntries Timeout, request=e2e26bef-7a80-470b-89dc-752ae9b76223->7e02033f-e7de-4006-80be-ffeab2e3922a#38-t3, previous=(t:3, i:10), leaderCommit=10, initializing? false, entries: <empty>
2019-10-16 20:59:53,829 [BlockDeletingService#2] WARN  background.BlockDeletingService (BlockDeletingService.java:isDeletionAllowed(187)) - Close Container log Index 6 is not replicated across allthe servers in the pipeline 4fea0e3a-b978-493d-b2ed-b775cb1cfc79 as the min replicated index is 4. Deletion is not allowed in this container yet.
2019-10-16 20:59:53,829 [BlockDeletingService#2] WARN  background.BlockDeletingService (BlockDeletingService.java:isDeletionAllowed(187)) - Close Container log Index 6 is not replicated across allthe servers in the pipeline 4fea0e3a-b978-493d-b2ed-b775cb1cfc79 as the min replicated index is 4. Deletion is not allowed in this container yet.
2019-10-16 20:59:53,903 [EventQueue-ContainerReportForContainerReportHandler] WARN  container.ContainerReportHandler (AbstractContainerReportHandler.java:updateContainerState(145)) - Container #1 is in OPEN state, but the datanode 7d5bd66d-ed89-401c-bf86-050641c359fd{ip: 192.168.157.254, host: pr-hdds-1868-qdb9g-714931517, networkLocation: /default-rack, certSerialId: null} reports an CLOSED replica.
2019-10-16 20:59:54,079 [EventQueue-ContainerReportForContainerReportHandler] WARN  container.ContainerReportHandler (AbstractContainerReportHandler.java:updateContainerState(145)) - Container #1 is in OPEN state, but the datanode e2e26bef-7a80-470b-89dc-752ae9b76223{ip: 192.168.157.254, host: pr-hdds-1868-qdb9g-714931517, networkLocation: /default-rack, certSerialId: null} reports an CLOSED replica.
2019-10-16 20:59:54,103 [EventQueue-ContainerReportForContainerReportHandler] WARN  container.ContainerReportHandler (AbstractContainerReportHandler.java:updateContainerState(145)) - Container #1 is in OPEN state, but the datanode 7d5bd66d-ed89-401c-bf86-050641c359fd{ip: 192.168.157.254, host: pr-hdds-1868-qdb9g-714931517, networkLocation: /default-rack, certSerialId: null} reports an CLOSED replica.
2019-10-16 20:59:54,279 [EventQueue-ContainerReportForContainerReportHandler] WARN  container.ContainerReportHandler (AbstractContainerReportHandler.java:updateContainerState(145)) - Container #1 is in OPEN state, but the datanode e2e26bef-7a80-470b-89dc-752ae9b76223{ip: 192.168.157.254, host: pr-hdds-1868-qdb9g-714931517, networkLocation: /default-rack, certSerialId: null} reports an CLOSED replica.
2019-10-16 20:59:54,303 [EventQueue-ContainerReportForContainerReportHandler] WARN  container.ContainerReportHandler (AbstractContainerReportHandler.java:updateContainerState(145)) - Container #1 is in OPEN state, but the datanode 7d5bd66d-ed89-401c-bf86-050641c359fd{ip: 192.168.157.254, host: pr-hdds-1868-qdb9g-714931517, networkLocation: /default-rack, certSerialId: null} reports an CLOSED replica.
2019-10-16 20:59:54,603 [EventQueue-ContainerReportForContainerReportHandler] WARN  container.ContainerReportHandler (AbstractContainerReportHandler.java:updateContainerState(145)) - Container #1 is in OPEN state, but the datanode 7d5bd66d-ed89-401c-bf86-050641c359fd{ip: 192.168.157.254, host: pr-hdds-1868-qdb9g-714931517, networkLocation: /default-rack, certSerialId: null} reports an CLOSED replica.
2019-10-16 20:59:54,678 [EventQueue-ContainerReportForContainerReportHandler] WARN  container.ContainerReportHandler (AbstractContainerReportHandler.java:updateContainerState(145)) - Container #1 is in OPEN state, but the datanode e2e26bef-7a80-470b-89dc-752ae9b76223{ip: 192.168.157.254, host: pr-hdds-1868-qdb9g-714931517, networkLocation: /default-rack, certSerialId: null} reports an CLOSED replica.
2019-10-16 20:59:54,832 [BlockDeletingService#2] WARN  background.BlockDeletingService (BlockDeletingService.java:isDeletionAllowed(187)) - Close Container log Index 6 is not replicated across allthe servers in the pipeline 4fea0e3a-b978-493d-b2ed-b775cb1cfc79 as the min replicated index is 4. Deletion is not allowed in this container yet.
2019-10-16 20:59:54,832 [BlockDeletingService#2] WARN  background.BlockDeletingService (BlockDeletingService.java:isDeletionAllowed(187)) - Close Container log Index 6 is not replicated across allthe servers in the pipeline 4fea0e3a-b978-493d-b2ed-b775cb1cfc79 as the min replicated index is 4. Deletion is not allowed in this container yet.
2019-10-16 20:59:54,904 [EventQueue-ContainerReportForContainerReportHandler] WARN  container.ContainerReportHandler (AbstractContainerReportHandler.java:updateContainerState(145)) - Container #1 is in OPEN state, but the datanode 7d5bd66d-ed89-401c-bf86-050641c359fd{ip: 192.168.157.254, host: pr-hdds-1868-qdb9g-714931517, networkLocation: /default-rack, certSerialId: null} reports an CLOSED replica.
2019-10-16 20:59:54,978 [EventQueue-ContainerReportForContainerReportHandler] WARN  container.ContainerReportHandler (AbstractContainerReportHandler.java:updateContainerState(145)) - Container #1 is in OPEN state, but the datanode e2e26bef-7a80-470b-89dc-752ae9b76223{ip: 192.168.157.254, host: pr-hdds-1868-qdb9g-714931517, networkLocation: /default-rack, certSerialId: null} reports an CLOSED replica.
2019-10-16 20:59:55,180 [EventQueue-ContainerReportForContainerReportHandler] WARN  container.ContainerReportHandler (AbstractContainerReportHandler.java:updateContainerState(145)) - Container #1 is in OPEN state, but the datanode e2e26bef-7a80-470b-89dc-752ae9b76223{ip: 192.168.157.254, host: pr-hdds-1868-qdb9g-714931517, networkLocation: /default-rack, certSerialId: null} reports an CLOSED replica.
2019-10-16 20:59:55,205 [EventQueue-ContainerReportForContainerReportHandler] WARN  container.ContainerReportHandler (AbstractContainerReportHandler.java:updateContainerState(145)) - Container #1 is in OPEN state, but the datanode 7d5bd66d-ed89-401c-bf86-050641c359fd{ip: 192.168.157.254, host: pr-hdds-1868-qdb9g-714931517, networkLocation: /default-rack, certSerialId: null} reports an CLOSED replica.
2019-10-16 20:59:55,378 [EventQueue-ContainerReportForContainerReportHandler] WARN  container.ContainerReportHandler (AbstractContainerReportHandler.java:updateContainerState(145)) - Container #1 is in OPEN state, but the datanode e2e26bef-7a80-470b-89dc-752ae9b76223{ip: 192.168.157.254, host: pr-hdds-1868-qdb9g-714931517, networkLocation: /default-rack, certSerialId: null} reports an CLOSED replica.
2019-10-16 20:59:55,485 [Thread-435] INFO  client.GrpcClientProtocolService (GrpcClientProtocolService.java:lambda$processClientRequest$0(278)) - Failed RaftClientRequest:client-BDDAE6707277->7d5bd66d-ed89-401c-bf86-050641c359fd@group-B775CB1CFC79, cid=10, seq=0, Watch-ALL_COMMITTED(6), Message:<EMPTY>, reply=RaftClientReply:client-BDDAE6707277->7d5bd66d-ed89-401c-bf86-050641c359fd@group-B775CB1CFC79, cid=10, FAILED org.apache.ratis.protocol.NotLeaderException: Server 7d5bd66d-ed89-401c-bf86-050641c359fd@group-B775CB1CFC79 is not the leader e2e26bef-7a80-470b-89dc-752ae9b76223:192.168.157.254:36344, logIndex=0, commits[7d5bd66d-ed89-401c-bf86-050641c359fd:c10, e2e26bef-7a80-470b-89dc-752ae9b76223:c10, 7e02033f-e7de-4006-80be-ffeab2e3922a:c4]
2019-10-16 20:59:55,504 [EventQueue-ContainerReportForContainerReportHandler] WARN  container.ContainerReportHandler (AbstractContainerReportHandler.java:updateContainerState(145)) - Container #1 is in OPEN state, but the datanode 7d5bd66d-ed89-401c-bf86-050641c359fd{ip: 192.168.157.254, host: pr-hdds-1868-qdb9g-714931517, networkLocation: /default-rack, certSerialId: null} reports an CLOSED replica.
2019-10-16 20:59:55,778 [EventQueue-ContainerReportForContainerReportHandler] WARN  container.ContainerReportHandler (AbstractContainerReportHandler.java:updateContainerState(145)) - Container #1 is in OPEN state, but the datanode e2e26bef-7a80-470b-89dc-752ae9b76223{ip: 192.168.157.254, host: pr-hdds-1868-qdb9g-714931517, networkLocation: /default-rack, certSerialId: null} reports an CLOSED replica.
2019-10-16 20:59:55,805 [EventQueue-ContainerReportForContainerReportHandler] WARN  container.ContainerReportHandler (AbstractContainerReportHandler.java:updateContainerState(145)) - Container #1 is in OPEN state, but the datanode 7d5bd66d-ed89-401c-bf86-050641c359fd{ip: 192.168.157.254, host: pr-hdds-1868-qdb9g-714931517, networkLocation: /default-rack, certSerialId: null} reports an CLOSED replica.
2019-10-16 20:59:55,833 [BlockDeletingService#2] WARN  background.BlockDeletingService (BlockDeletingService.java:isDeletionAllowed(187)) - Close Container log Index 6 is not replicated across allthe servers in the pipeline 4fea0e3a-b978-493d-b2ed-b775cb1cfc79 as the min replicated index is 4. Deletion is not allowed in this container yet.
2019-10-16 20:59:55,833 [BlockDeletingService#2] WARN  background.BlockDeletingService (BlockDeletingService.java:isDeletionAllowed(187)) - Close Container log Index 6 is not replicated across allthe servers in the pipeline 4fea0e3a-b978-493d-b2ed-b775cb1cfc79 as the min replicated index is 4. Deletion is not allowed in this container yet.
2019-10-16 20:59:55,978 [EventQueue-ContainerReportForContainerReportHandler] WARN  container.ContainerReportHandler (AbstractContainerReportHandler.java:updateContainerState(145)) - Container #1 is in OPEN state, but the datanode e2e26bef-7a80-470b-89dc-752ae9b76223{ip: 192.168.157.254, host: pr-hdds-1868-qdb9g-714931517, networkLocation: /default-rack, certSerialId: null} reports an CLOSED replica.
2019-10-16 20:59:56,004 [EventQueue-ContainerReportForContainerReportHandler] WARN  container.ContainerReportHandler (AbstractContainerReportHandler.java:updateContainerState(145)) - Container #1 is in OPEN state, but the datanode 7d5bd66d-ed89-401c-bf86-050641c359fd{ip: 192.168.157.254, host: pr-hdds-1868-qdb9g-714931517, networkLocation: /default-rack, certSerialId: null} reports an CLOSED replica.
2019-10-16 20:59:56,304 [EventQueue-ContainerReportForContainerReportHandler] WARN  container.ContainerReportHandler (AbstractContainerReportHandler.java:updateContainerState(145)) - Container #1 is in OPEN state, but the datanode 7d5bd66d-ed89-401c-bf86-050641c359fd{ip: 192.168.157.254, host: pr-hdds-1868-qdb9g-714931517, networkLocation: /default-rack, certSerialId: null} reports an CLOSED replica.
2019-10-16 20:59:56,322 [java.util.concurrent.ThreadPoolExecutor$Worker@7847c973[State = -1, empty queue]] WARN  server.GrpcLogAppender (GrpcLogAppender.java:timeoutAppendRequest(209)) - e2e26bef-7a80-470b-89dc-752ae9b76223@group-B775CB1CFC79->7e02033f-e7de-4006-80be-ffeab2e3922a-GrpcLogAppender: appendEntries Timeout, request=e2e26bef-7a80-470b-89dc-752ae9b76223->7e02033f-e7de-4006-80be-ffeab2e3922a#39-t3, previous=(t:3, i:10), leaderCommit=10, initializing? false, entries: <empty>
2019-10-16 20:59:56,378 [EventQueue-ContainerReportForContainerReportHandler] WARN  container.ContainerReportHandler (AbstractContainerReportHandler.java:updateContainerState(145)) - Container #1 is in OPEN state, but the datanode e2e26bef-7a80-470b-89dc-752ae9b76223{ip: 192.168.157.254, host: pr-hdds-1868-qdb9g-714931517, networkLocation: /default-rack, certSerialId: null} reports an CLOSED replica.
2019-10-16 20:59:56,578 [EventQueue-ContainerReportForContainerReportHandler] WARN  container.ContainerReportHandler (AbstractContainerReportHandler.java:updateContainerState(145)) - Container #1 is in OPEN state, but the datanode e2e26bef-7a80-470b-89dc-752ae9b76223{ip: 192.168.157.254, host: pr-hdds-1868-qdb9g-714931517, networkLocation: /default-rack, certSerialId: null} reports an CLOSED replica.
2019-10-16 20:59:56,584 [Thread-441] INFO  client.GrpcClientProtocolService (GrpcClientProtocolService.java:lambda$processClientRequest$0(278)) - Failed RaftClientRequest:client-BDDAE6707277->e2e26bef-7a80-470b-89dc-752ae9b76223@group-B775CB1CFC79, cid=10, seq=0, Watch-ALL_COMMITTED(6), Message:<EMPTY>, reply=RaftClientReply:client-BDDAE6707277->e2e26bef-7a80-470b-89dc-752ae9b76223@group-B775CB1CFC79, cid=10, FAILED org.apache.ratis.protocol.NotReplicatedException: Request with call Id 10 and log index 6 is not yet replicated to ALL_COMMITTED, logIndex=6, commits[e2e26bef-7a80-470b-89dc-752ae9b76223:c10, 7d5bd66d-ed89-401c-bf86-050641c359fd:c10, 7e02033f-e7de-4006-80be-ffeab2e3922a:c4]
2019-10-16 20:59:56,604 [EventQueue-ContainerReportForContainerReportHandler] WARN  container.ContainerReportHandler (AbstractContainerReportHandler.java:updateContainerState(145)) - Container #1 is in OPEN state, but the datanode 7d5bd66d-ed89-401c-bf86-050641c359fd{ip: 192.168.157.254, host: pr-hdds-1868-qdb9g-714931517, networkLocation: /default-rack, certSerialId: null} reports an CLOSED replica.
2019-10-16 20:59:56,778 [EventQueue-ContainerReportForContainerReportHandler] WARN  container.ContainerReportHandler (AbstractContainerReportHandler.java:updateContainerState(145)) - Container #1 is in OPEN state, but the datanode e2e26bef-7a80-470b-89dc-752ae9b76223{ip: 192.168.157.254, host: pr-hdds-1868-qdb9g-714931517, networkLocation: /default-rack, certSerialId: null} reports an CLOSED replica.
2019-10-16 20:59:56,804 [EventQueue-ContainerReportForContainerReportHandler] WARN  container.ContainerReportHandler (AbstractContainerReportHandler.java:updateContainerState(145)) - Container #1 is in OPEN state, but the datanode 7d5bd66d-ed89-401c-bf86-050641c359fd{ip: 192.168.157.254, host: pr-hdds-1868-qdb9g-714931517, networkLocation: /default-rack, certSerialId: null} reports an CLOSED replica.
2019-10-16 20:59:56,836 [BlockDeletingService#2] WARN  background.BlockDeletingService (BlockDeletingService.java:isDeletionAllowed(187)) - Close Container log Index 6 is not replicated across allthe servers in the pipeline 4fea0e3a-b978-493d-b2ed-b775cb1cfc79 as the min replicated index is 4. Deletion is not allowed in this container yet.
2019-10-16 20:59:56,836 [BlockDeletingService#2] WARN  background.BlockDeletingService (BlockDeletingService.java:isDeletionAllowed(187)) - Close Container log Index 6 is not replicated across allthe servers in the pipeline 4fea0e3a-b978-493d-b2ed-b775cb1cfc79 as the min replicated index is 4. Deletion is not allowed in this container yet.
2019-10-16 20:59:57,104 [EventQueue-ContainerReportForContainerReportHandler] WARN  container.ContainerReportHandler (AbstractContainerReportHandler.java:updateContainerState(145)) - Container #1 is in OPEN state, but the datanode 7d5bd66d-ed89-401c-bf86-050641c359fd{ip: 192.168.157.254, host: pr-hdds-1868-qdb9g-714931517, networkLocation: /default-rack, certSerialId: null} reports an CLOSED replica.
2019-10-16 20:59:57,178 [EventQueue-ContainerReportForContainerReportHandler] WARN  container.ContainerReportHandler (AbstractContainerReportHandler.java:updateContainerState(145)) - Container #1 is in OPEN state, but the datanode e2e26bef-7a80-470b-89dc-752ae9b76223{ip: 192.168.157.254, host: pr-hdds-1868-qdb9g-714931517, networkLocation: /default-rack, certSerialId: null} reports an CLOSED replica.
2019-10-16 20:59:57,504 [EventQueue-ContainerReportForContainerReportHandler] WARN  container.ContainerReportHandler (AbstractContainerReportHandler.java:updateContainerState(145)) - Container #1 is in OPEN state, but the datanode 7d5bd66d-ed89-401c-bf86-050641c359fd{ip: 192.168.157.254, host: pr-hdds-1868-qdb9g-714931517, networkLocation: /default-rack, certSerialId: null} reports an CLOSED replica.
2019-10-16 20:59:57,578 [EventQueue-ContainerReportForContainerReportHandler] WARN  container.ContainerReportHandler (AbstractContainerReportHandler.java:updateContainerState(145)) - Container #1 is in OPEN state, but the datanode e2e26bef-7a80-470b-89dc-752ae9b76223{ip: 192.168.157.254, host: pr-hdds-1868-qdb9g-714931517, networkLocation: /default-rack, certSerialId: null} reports an CLOSED replica.
2019-10-16 20:59:57,839 [BlockDeletingService#2] WARN  background.BlockDeletingService (BlockDeletingService.java:isDeletionAllowed(187)) - Close Container log Index 6 is not replicated across allthe servers in the pipeline 4fea0e3a-b978-493d-b2ed-b775cb1cfc79 as the min replicated index is 4. Deletion is not allowed in this container yet.
2019-10-16 20:59:57,839 [BlockDeletingService#2] WARN  background.BlockDeletingService (BlockDeletingService.java:isDeletionAllowed(187)) - Close Container log Index 6 is not replicated across allthe servers in the pipeline 4fea0e3a-b978-493d-b2ed-b775cb1cfc79 as the min replicated index is 4. Deletion is not allowed in this container yet.
2019-10-16 20:59:57,878 [EventQueue-ContainerReportForContainerReportHandler] WARN  container.ContainerReportHandler (AbstractContainerReportHandler.java:updateContainerState(145)) - Container #1 is in OPEN state, but the datanode e2e26bef-7a80-470b-89dc-752ae9b76223{ip: 192.168.157.254, host: pr-hdds-1868-qdb9g-714931517, networkLocation: /default-rack, certSerialId: null} reports an CLOSED replica.
2019-10-16 20:59:57,904 [EventQueue-ContainerReportForContainerReportHandler] WARN  container.ContainerReportHandler (AbstractContainerReportHandler.java:updateContainerState(145)) - Container #1 is in OPEN state, but the datanode 7d5bd66d-ed89-401c-bf86-050641c359fd{ip: 192.168.157.254, host: pr-hdds-1868-qdb9g-714931517, networkLocation: /default-rack, certSerialId: null} reports an CLOSED replica.
2019-10-16 20:59:58,104 [EventQueue-ContainerReportForContainerReportHandler] WARN  container.ContainerReportHandler (AbstractContainerReportHandler.java:updateContainerState(145)) - Container #1 is in OPEN state, but the datanode 7d5bd66d-ed89-401c-bf86-050641c359fd{ip: 192.168.157.254, host: pr-hdds-1868-qdb9g-714931517, networkLocation: /default-rack, certSerialId: null} reports an CLOSED replica.
2019-10-16 20:59:58,278 [EventQueue-ContainerReportForContainerReportHandler] WARN  container.ContainerReportHandler (AbstractContainerReportHandler.java:updateContainerState(145)) - Container #1 is in OPEN state, but the datanode e2e26bef-7a80-470b-89dc-752ae9b76223{ip: 192.168.157.254, host: pr-hdds-1868-qdb9g-714931517, networkLocation: /default-rack, certSerialId: null} reports an CLOSED replica.
2019-10-16 20:59:58,405 [EventQueue-ContainerReportForContainerReportHandler] WARN  container.ContainerReportHandler (AbstractContainerReportHandler.java:updateContainerState(145)) - Container #1 is in OPEN state, but the datanode 7d5bd66d-ed89-401c-bf86-050641c359fd{ip: 192.168.157.254, host: pr-hdds-1868-qdb9g-714931517, networkLocation: /default-rack, certSerialId: null} reports an CLOSED replica.
2019-10-16 20:59:58,605 [EventQueue-ContainerReportForContainerReportHandler] WARN  container.ContainerReportHandler (AbstractContainerReportHandler.java:updateContainerState(145)) - Container #1 is in OPEN state, but the datanode 7d5bd66d-ed89-401c-bf86-050641c359fd{ip: 192.168.157.254, host: pr-hdds-1868-qdb9g-714931517, networkLocation: /default-rack, certSerialId: null} reports an CLOSED replica.
2019-10-16 20:59:58,679 [EventQueue-ContainerReportForContainerReportHandler] WARN  container.ContainerReportHandler (AbstractContainerReportHandler.java:updateContainerState(145)) - Container #1 is in OPEN state, but the datanode e2e26bef-7a80-470b-89dc-752ae9b76223{ip: 192.168.157.254, host: pr-hdds-1868-qdb9g-714931517, networkLocation: /default-rack, certSerialId: null} reports an CLOSED replica.
2019-10-16 20:59:58,823 [java.util.concurrent.ThreadPoolExecutor$Worker@7847c973[State = -1, empty queue]] WARN  server.GrpcLogAppender (GrpcLogAppender.java:timeoutAppendRequest(209)) - e2e26bef-7a80-470b-89dc-752ae9b76223@group-B775CB1CFC79->7e02033f-e7de-4006-80be-ffeab2e3922a-GrpcLogAppender: appendEntries Timeout, request=e2e26bef-7a80-470b-89dc-752ae9b76223->7e02033f-e7de-4006-80be-ffeab2e3922a#40-t3, previous=(t:3, i:10), leaderCommit=10, initializing? false, entries: <empty>
2019-10-16 20:59:58,840 [BlockDeletingService#2] WARN  background.BlockDeletingService (BlockDeletingService.java:isDeletionAllowed(187)) - Close Container log Index 6 is not replicated across allthe servers in the pipeline 4fea0e3a-b978-493d-b2ed-b775cb1cfc79 as the min replicated index is 4. Deletion is not allowed in this container yet.
2019-10-16 20:59:58,840 [BlockDeletingService#2] WARN  background.BlockDeletingService (BlockDeletingService.java:isDeletionAllowed(187)) - Close Container log Index 6 is not replicated across allthe servers in the pipeline 4fea0e3a-b978-493d-b2ed-b775cb1cfc79 as the min replicated index is 4. Deletion is not allowed in this container yet.
2019-10-16 20:59:58,906 [EventQueue-ContainerReportForContainerReportHandler] WARN  container.ContainerReportHandler (AbstractContainerReportHandler.java:updateContainerState(145)) - Container #1 is in OPEN state, but the datanode 7d5bd66d-ed89-401c-bf86-050641c359fd{ip: 192.168.157.254, host: pr-hdds-1868-qdb9g-714931517, networkLocation: /default-rack, certSerialId: null} reports an CLOSED replica.
2019-10-16 20:59:59,079 [EventQueue-ContainerReportForContainerReportHandler] WARN  container.ContainerReportHandler (AbstractContainerReportHandler.java:updateContainerState(145)) - Container #1 is in OPEN state, but the datanode e2e26bef-7a80-470b-89dc-752ae9b76223{ip: 192.168.157.254, host: pr-hdds-1868-qdb9g-714931517, networkLocation: /default-rack, certSerialId: null} reports an CLOSED replica.
2019-10-16 20:59:59,280 [EventQueue-ContainerReportForContainerReportHandler] WARN  container.ContainerReportHandler (AbstractContainerReportHandler.java:updateContainerState(145)) - Container #1 is in OPEN state, but the datanode e2e26bef-7a80-470b-89dc-752ae9b76223{ip: 192.168.157.254, host: pr-hdds-1868-qdb9g-714931517, networkLocation: /default-rack, certSerialId: null} reports an CLOSED replica.
2019-10-16 20:59:59,306 [EventQueue-ContainerReportForContainerReportHandler] WARN  container.ContainerReportHandler (AbstractContainerReportHandler.java:updateContainerState(145)) - Container #1 is in OPEN state, but the datanode 7d5bd66d-ed89-401c-bf86-050641c359fd{ip: 192.168.157.254, host: pr-hdds-1868-qdb9g-714931517, networkLocation: /default-rack, certSerialId: null} reports an CLOSED replica.
2019-10-16 20:59:59,580 [EventQueue-ContainerReportForContainerReportHandler] WARN  container.ContainerReportHandler (AbstractContainerReportHandler.java:updateContainerState(145)) - Container #1 is in OPEN state, but the datanode e2e26bef-7a80-470b-89dc-752ae9b76223{ip: 192.168.157.254, host: pr-hdds-1868-qdb9g-714931517, networkLocation: /default-rack, certSerialId: null} reports an CLOSED replica.
2019-10-16 20:59:59,606 [EventQueue-ContainerReportForContainerReportHandler] WARN  container.ContainerReportHandler (AbstractContainerReportHandler.java:updateContainerState(145)) - Container #1 is in OPEN state, but the datanode 7d5bd66d-ed89-401c-bf86-050641c359fd{ip: 192.168.157.254, host: pr-hdds-1868-qdb9g-714931517, networkLocation: /default-rack, certSerialId: null} reports an CLOSED replica.
2019-10-16 20:59:59,842 [BlockDeletingService#2] WARN  background.BlockDeletingService (BlockDeletingService.java:isDeletionAllowed(187)) - Close Container log Index 6 is not replicated across allthe servers in the pipeline 4fea0e3a-b978-493d-b2ed-b775cb1cfc79 as the min replicated index is 4. Deletion is not allowed in this container yet.
2019-10-16 20:59:59,842 [BlockDeletingService#2] WARN  background.BlockDeletingService (BlockDeletingService.java:isDeletionAllowed(187)) - Close Container log Index 6 is not replicated across allthe servers in the pipeline 4fea0e3a-b978-493d-b2ed-b775cb1cfc79 as the min replicated index is 4. Deletion is not allowed in this container yet.
2019-10-16 20:59:59,880 [EventQueue-ContainerReportForContainerReportHandler] WARN  container.ContainerReportHandler (AbstractContainerReportHandler.java:updateContainerState(145)) - Container #1 is in OPEN state, but the datanode e2e26bef-7a80-470b-89dc-752ae9b76223{ip: 192.168.157.254, host: pr-hdds-1868-qdb9g-714931517, networkLocation: /default-rack, certSerialId: null} reports an CLOSED replica.
2019-10-16 21:00:00,007 [EventQueue-ContainerReportForContainerReportHandler] WARN  container.ContainerReportHandler (AbstractContainerReportHandler.java:updateContainerState(145)) - Container #1 is in OPEN state, but the datanode 7d5bd66d-ed89-401c-bf86-050641c359fd{ip: 192.168.157.254, host: pr-hdds-1868-qdb9g-714931517, networkLocation: /default-rack, certSerialId: null} reports an CLOSED replica.
2019-10-16 21:00:00,207 [EventQueue-ContainerReportForContainerReportHandler] WARN  container.ContainerReportHandler (AbstractContainerReportHandler.java:updateContainerState(145)) - Container #1 is in OPEN state, but the datanode 7d5bd66d-ed89-401c-bf86-050641c359fd{ip: 192.168.157.254, host: pr-hdds-1868-qdb9g-714931517, networkLocation: /default-rack, certSerialId: null} reports an CLOSED replica.
2019-10-16 21:00:00,282 [EventQueue-ContainerReportForContainerReportHandler] WARN  container.ContainerReportHandler (AbstractContainerReportHandler.java:updateContainerState(145)) - Container #1 is in OPEN state, but the datanode e2e26bef-7a80-470b-89dc-752ae9b76223{ip: 192.168.157.254, host: pr-hdds-1868-qdb9g-714931517, networkLocation: /default-rack, certSerialId: null} reports an CLOSED replica.
2019-10-16 21:00:00,508 [EventQueue-ContainerReportForContainerReportHandler] WARN  container.ContainerReportHandler (AbstractContainerReportHandler.java:updateContainerState(145)) - Container #1 is in OPEN state, but the datanode 7d5bd66d-ed89-401c-bf86-050641c359fd{ip: 192.168.157.254, host: pr-hdds-1868-qdb9g-714931517, networkLocation: /default-rack, certSerialId: null} reports an CLOSED replica.
2019-10-16 21:00:00,682 [EventQueue-ContainerReportForContainerReportHandler] WARN  container.ContainerReportHandler (AbstractContainerReportHandler.java:updateContainerState(145)) - Container #1 is in OPEN state, but the datanode e2e26bef-7a80-470b-89dc-752ae9b76223{ip: 192.168.157.254, host: pr-hdds-1868-qdb9g-714931517, networkLocation: /default-rack, certSerialId: null} reports an CLOSED replica.
2019-10-16 21:00:00,808 [EventQueue-ContainerReportForContainerReportHandler] WARN  container.ContainerReportHandler (AbstractContainerReportHandler.java:updateContainerState(145)) - Container #1 is in OPEN state, but the datanode 7d5bd66d-ed89-401c-bf86-050641c359fd{ip: 192.168.157.254, host: pr-hdds-1868-qdb9g-714931517, networkLocation: /default-rack, certSerialId: null} reports an CLOSED replica.
2019-10-16 21:00:00,844 [BlockDeletingService#2] WARN  background.BlockDeletingService (BlockDeletingService.java:isDeletionAllowed(187)) - Close Container log Index 6 is not replicated across allthe servers in the pipeline 4fea0e3a-b978-493d-b2ed-b775cb1cfc79 as the min replicated index is 4. Deletion is not allowed in this container yet.
2019-10-16 21:00:00,844 [BlockDeletingService#2] WARN  background.BlockDeletingService (BlockDeletingService.java:isDeletionAllowed(187)) - Close Container log Index 6 is not replicated across allthe servers in the pipeline 4fea0e3a-b978-493d-b2ed-b775cb1cfc79 as the min replicated index is 4. Deletion is not allowed in this container yet.
2019-10-16 21:00:00,982 [EventQueue-ContainerReportForContainerReportHandler] WARN  container.ContainerReportHandler (AbstractContainerReportHandler.java:updateContainerState(145)) - Container #1 is in OPEN state, but the datanode e2e26bef-7a80-470b-89dc-752ae9b76223{ip: 192.168.157.254, host: pr-hdds-1868-qdb9g-714931517, networkLocation: /default-rack, certSerialId: null} reports an CLOSED replica.
2019-10-16 21:00:01,208 [EventQueue-ContainerReportForContainerReportHandler] WARN  container.ContainerReportHandler (AbstractContainerReportHandler.java:updateContainerState(145)) - Container #1 is in OPEN state, but the datanode 7d5bd66d-ed89-401c-bf86-050641c359fd{ip: 192.168.157.254, host: pr-hdds-1868-qdb9g-714931517, networkLocation: /default-rack, certSerialId: null} reports an CLOSED replica.
2019-10-16 21:00:01,284 [EventQueue-ContainerReportForContainerReportHandler] WARN  container.ContainerReportHandler (AbstractContainerReportHandler.java:updateContainerState(145)) - Container #1 is in OPEN state, but the datanode e2e26bef-7a80-470b-89dc-752ae9b76223{ip: 192.168.157.254, host: pr-hdds-1868-qdb9g-714931517, networkLocation: /default-rack, certSerialId: null} reports an CLOSED replica.
2019-10-16 21:00:01,324 [java.util.concurrent.ThreadPoolExecutor$Worker@7847c973[State = -1, empty queue]] WARN  server.GrpcLogAppender (GrpcLogAppender.java:timeoutAppendRequest(209)) - e2e26bef-7a80-470b-89dc-752ae9b76223@group-B775CB1CFC79->7e02033f-e7de-4006-80be-ffeab2e3922a-GrpcLogAppender: appendEntries Timeout, request=e2e26bef-7a80-470b-89dc-752ae9b76223->7e02033f-e7de-4006-80be-ffeab2e3922a#41-t3, previous=(t:3, i:10), leaderCommit=10, initializing? false, entries: <empty>
2019-10-16 21:00:01,408 [EventQueue-ContainerReportForContainerReportHandler] WARN  container.ContainerReportHandler (AbstractContainerReportHandler.java:updateContainerState(145)) - Container #1 is in OPEN state, but the datanode 7d5bd66d-ed89-401c-bf86-050641c359fd{ip: 192.168.157.254, host: pr-hdds-1868-qdb9g-714931517, networkLocation: /default-rack, certSerialId: null} reports an CLOSED replica.
2019-10-16 21:00:01,684 [EventQueue-ContainerReportForContainerReportHandler] WARN  container.ContainerReportHandler (AbstractContainerReportHandler.java:updateContainerState(145)) - Container #1 is in OPEN state, but the datanode e2e26bef-7a80-470b-89dc-752ae9b76223{ip: 192.168.157.254, host: pr-hdds-1868-qdb9g-714931517, networkLocation: /default-rack, certSerialId: null} reports an CLOSED replica.
2019-10-16 21:00:01,708 [EventQueue-ContainerReportForContainerReportHandler] WARN  container.ContainerReportHandler (AbstractContainerReportHandler.java:updateContainerState(145)) - Container #1 is in OPEN state, but the datanode 7d5bd66d-ed89-401c-bf86-050641c359fd{ip: 192.168.157.254, host: pr-hdds-1868-qdb9g-714931517, networkLocation: /default-rack, certSerialId: null} reports an CLOSED replica.
2019-10-16 21:00:01,845 [BlockDeletingService#2] WARN  background.BlockDeletingService (BlockDeletingService.java:isDeletionAllowed(187)) - Close Container log Index 6 is not replicated across allthe servers in the pipeline 4fea0e3a-b978-493d-b2ed-b775cb1cfc79 as the min replicated index is 4. Deletion is not allowed in this container yet.
2019-10-16 21:00:01,845 [BlockDeletingService#2] WARN  background.BlockDeletingService (BlockDeletingService.java:isDeletionAllowed(187)) - Close Container log Index 6 is not replicated across allthe servers in the pipeline 4fea0e3a-b978-493d-b2ed-b775cb1cfc79 as the min replicated index is 4. Deletion is not allowed in this container yet.
2019-10-16 21:00:01,984 [EventQueue-ContainerReportForContainerReportHandler] WARN  container.ContainerReportHandler (AbstractContainerReportHandler.java:updateContainerState(145)) - Container #1 is in OPEN state, but the datanode e2e26bef-7a80-470b-89dc-752ae9b76223{ip: 192.168.157.254, host: pr-hdds-1868-qdb9g-714931517, networkLocation: /default-rack, certSerialId: null} reports an CLOSED replica.
2019-10-16 21:00:02,009 [EventQueue-ContainerReportForContainerReportHandler] WARN  container.ContainerReportHandler (AbstractContainerReportHandler.java:updateContainerState(145)) - Container #1 is in OPEN state, but the datanode 7d5bd66d-ed89-401c-bf86-050641c359fd{ip: 192.168.157.254, host: pr-hdds-1868-qdb9g-714931517, networkLocation: /default-rack, certSerialId: null} reports an CLOSED replica.
2019-10-16 21:00:02,284 [EventQueue-ContainerReportForContainerReportHandler] WARN  container.ContainerReportHandler (AbstractContainerReportHandler.java:updateContainerState(145)) - Container #1 is in OPEN state, but the datanode e2e26bef-7a80-470b-89dc-752ae9b76223{ip: 192.168.157.254, host: pr-hdds-1868-qdb9g-714931517, networkLocation: /default-rack, certSerialId: null} reports an CLOSED replica.
2019-10-16 21:00:02,410 [EventQueue-ContainerReportForContainerReportHandler] WARN  container.ContainerReportHandler (AbstractContainerReportHandler.java:updateContainerState(145)) - Container #1 is in OPEN state, but the datanode 7d5bd66d-ed89-401c-bf86-050641c359fd{ip: 192.168.157.254, host: pr-hdds-1868-qdb9g-714931517, networkLocation: /default-rack, certSerialId: null} reports an CLOSED replica.
2019-10-16 21:00:02,585 [EventQueue-ContainerReportForContainerReportHandler] WARN  container.ContainerReportHandler (AbstractContainerReportHandler.java:updateContainerState(145)) - Container #1 is in OPEN state, but the datanode e2e26bef-7a80-470b-89dc-752ae9b76223{ip: 192.168.157.254, host: pr-hdds-1868-qdb9g-714931517, networkLocation: /default-rack, certSerialId: null} reports an CLOSED replica.
2019-10-16 21:00:02,610 [EventQueue-ContainerReportForContainerReportHandler] WARN  container.ContainerReportHandler (AbstractContainerReportHandler.java:updateContainerState(145)) - Container #1 is in OPEN state, but the datanode 7d5bd66d-ed89-401c-bf86-050641c359fd{ip: 192.168.157.254, host: pr-hdds-1868-qdb9g-714931517, networkLocation: /default-rack, certSerialId: null} reports an CLOSED replica.
2019-10-16 21:00:02,847 [BlockDeletingService#2] WARN  background.BlockDeletingService (BlockDeletingService.java:isDeletionAllowed(187)) - Close Container log Index 6 is not replicated across allthe servers in the pipeline 4fea0e3a-b978-493d-b2ed-b775cb1cfc79 as the min replicated index is 4. Deletion is not allowed in this container yet.
2019-10-16 21:00:02,847 [BlockDeletingService#2] WARN  background.BlockDeletingService (BlockDeletingService.java:isDeletionAllowed(187)) - Close Container log Index 6 is not replicated across allthe servers in the pipeline 4fea0e3a-b978-493d-b2ed-b775cb1cfc79 as the min replicated index is 4. Deletion is not allowed in this container yet.
2019-10-16 21:00:02,985 [EventQueue-ContainerReportForContainerReportHandler] WARN  container.ContainerReportHandler (AbstractContainerReportHandler.java:updateContainerState(145)) - Container #1 is in OPEN state, but the datanode e2e26bef-7a80-470b-89dc-752ae9b76223{ip: 192.168.157.254, host: pr-hdds-1868-qdb9g-714931517, networkLocation: /default-rack, certSerialId: null} reports an CLOSED replica.
2019-10-16 21:00:03,011 [EventQueue-ContainerReportForContainerReportHandler] WARN  container.ContainerReportHandler (AbstractContainerReportHandler.java:updateContainerState(145)) - Container #1 is in OPEN state, but the datanode 7d5bd66d-ed89-401c-bf86-050641c359fd{ip: 192.168.157.254, host: pr-hdds-1868-qdb9g-714931517, networkLocation: /default-rack, certSerialId: null} reports an CLOSED replica.
2019-10-16 21:00:03,185 [EventQueue-ContainerReportForContainerReportHandler] WARN  container.ContainerReportHandler (AbstractContainerReportHandler.java:updateContainerState(145)) - Container #1 is in OPEN state, but the datanode e2e26bef-7a80-470b-89dc-752ae9b76223{ip: 192.168.157.254, host: pr-hdds-1868-qdb9g-714931517, networkLocation: /default-rack, certSerialId: null} reports an CLOSED replica.
2019-10-16 21:00:03,311 [EventQueue-ContainerReportForContainerReportHandler] WARN  container.ContainerReportHandler (AbstractContainerReportHandler.java:updateContainerState(145)) - Container #1 is in OPEN state, but the datanode 7d5bd66d-ed89-401c-bf86-050641c359fd{ip: 192.168.157.254, host: pr-hdds-1868-qdb9g-714931517, networkLocation: /default-rack, certSerialId: null} reports an CLOSED replica.
2019-10-16 21:00:03,485 [EventQueue-ContainerReportForContainerReportHandler] WARN  container.ContainerReportHandler (AbstractContainerReportHandler.java:updateContainerState(145)) - Container #1 is in OPEN state, but the datanode e2e26bef-7a80-470b-89dc-752ae9b76223{ip: 192.168.157.254, host: pr-hdds-1868-qdb9g-714931517, networkLocation: /default-rack, certSerialId: null} reports an CLOSED replica.
2019-10-16 21:00:03,611 [EventQueue-ContainerReportForContainerReportHandler] WARN  container.ContainerReportHandler (AbstractContainerReportHandler.java:updateContainerState(145)) - Container #1 is in OPEN state, but the datanode 7d5bd66d-ed89-401c-bf86-050641c359fd{ip: 192.168.157.254, host: pr-hdds-1868-qdb9g-714931517, networkLocation: /default-rack, certSerialId: null} reports an CLOSED replica.
2019-10-16 21:00:03,785 [EventQueue-ContainerReportForContainerReportHandler] WARN  container.ContainerReportHandler (AbstractContainerReportHandler.java:updateContainerState(145)) - Container #1 is in OPEN state, but the datanode e2e26bef-7a80-470b-89dc-752ae9b76223{ip: 192.168.157.254, host: pr-hdds-1868-qdb9g-714931517, networkLocation: /default-rack, certSerialId: null} reports an CLOSED replica.
2019-10-16 21:00:03,824 [java.util.concurrent.ThreadPoolExecutor$Worker@7847c973[State = -1, empty queue]] WARN  server.GrpcLogAppender (GrpcLogAppender.java:timeoutAppendRequest(209)) - e2e26bef-7a80-470b-89dc-752ae9b76223@group-B775CB1CFC79->7e02033f-e7de-4006-80be-ffeab2e3922a-GrpcLogAppender: appendEntries Timeout, request=e2e26bef-7a80-470b-89dc-752ae9b76223->7e02033f-e7de-4006-80be-ffeab2e3922a#42-t3, previous=(t:3, i:10), leaderCommit=10, initializing? false, entries: <empty>
2019-10-16 21:00:03,848 [BlockDeletingService#2] WARN  background.BlockDeletingService (BlockDeletingService.java:isDeletionAllowed(187)) - Close Container log Index 6 is not replicated across allthe servers in the pipeline 4fea0e3a-b978-493d-b2ed-b775cb1cfc79 as the min replicated index is 4. Deletion is not allowed in this container yet.
2019-10-16 21:00:03,848 [BlockDeletingService#2] WARN  background.BlockDeletingService (BlockDeletingService.java:isDeletionAllowed(187)) - Close Container log Index 6 is not replicated across allthe servers in the pipeline 4fea0e3a-b978-493d-b2ed-b775cb1cfc79 as the min replicated index is 4. Deletion is not allowed in this container yet.
2019-10-16 21:00:03,911 [EventQueue-ContainerReportForContainerReportHandler] WARN  container.ContainerReportHandler (AbstractContainerReportHandler.java:updateContainerState(145)) - Container #1 is in OPEN state, but the datanode 7d5bd66d-ed89-401c-bf86-050641c359fd{ip: 192.168.157.254, host: pr-hdds-1868-qdb9g-714931517, networkLocation: /default-rack, certSerialId: null} reports an CLOSED replica.
2019-10-16 21:00:04,111 [EventQueue-ContainerReportForContainerReportHandler] WARN  container.ContainerReportHandler (AbstractContainerReportHandler.java:updateContainerState(145)) - Container #1 is in OPEN state, but the datanode 7d5bd66d-ed89-401c-bf86-050641c359fd{ip: 192.168.157.254, host: pr-hdds-1868-qdb9g-714931517, networkLocation: /default-rack, certSerialId: null} reports an CLOSED replica.
2019-10-16 21:00:04,187 [EventQueue-ContainerReportForContainerReportHandler] WARN  container.ContainerReportHandler (AbstractContainerReportHandler.java:updateContainerState(145)) - Container #1 is in OPEN state, but the datanode e2e26bef-7a80-470b-89dc-752ae9b76223{ip: 192.168.157.254, host: pr-hdds-1868-qdb9g-714931517, networkLocation: /default-rack, certSerialId: null} reports an CLOSED replica.
2019-10-16 21:00:04,386 [EventQueue-ContainerReportForContainerReportHandler] WARN  container.ContainerReportHandler (AbstractContainerReportHandler.java:updateContainerState(145)) - Container #1 is in OPEN state, but the datanode e2e26bef-7a80-470b-89dc-752ae9b76223{ip: 192.168.157.254, host: pr-hdds-1868-qdb9g-714931517, networkLocation: /default-rack, certSerialId: null} reports an CLOSED replica.
2019-10-16 21:00:04,511 [EventQueue-ContainerReportForContainerReportHandler] WARN  container.ContainerReportHandler (AbstractContainerReportHandler.java:updateContainerState(145)) - Container #1 is in OPEN state, but the datanode 7d5bd66d-ed89-401c-bf86-050641c359fd{ip: 192.168.157.254, host: pr-hdds-1868-qdb9g-714931517, networkLocation: /default-rack, certSerialId: null} reports an CLOSED replica.
2019-10-16 21:00:04,686 [EventQueue-ContainerReportForContainerReportHandler] WARN  container.ContainerReportHandler (AbstractContainerReportHandler.java:updateContainerState(145)) - Container #1 is in OPEN state, but the datanode e2e26bef-7a80-470b-89dc-752ae9b76223{ip: 192.168.157.254, host: pr-hdds-1868-qdb9g-714931517, networkLocation: /default-rack, certSerialId: null} reports an CLOSED replica.
2019-10-16 21:00:04,811 [EventQueue-ContainerReportForContainerReportHandler] WARN  container.ContainerReportHandler (AbstractContainerReportHandler.java:updateContainerState(145)) - Container #1 is in OPEN state, but the datanode 7d5bd66d-ed89-401c-bf86-050641c359fd{ip: 192.168.157.254, host: pr-hdds-1868-qdb9g-714931517, networkLocation: /default-rack, certSerialId: null} reports an CLOSED replica.
2019-10-16 21:00:04,850 [BlockDeletingService#2] WARN  background.BlockDeletingService (BlockDeletingService.java:isDeletionAllowed(187)) - Close Container log Index 6 is not replicated across allthe servers in the pipeline 4fea0e3a-b978-493d-b2ed-b775cb1cfc79 as the min replicated index is 4. Deletion is not allowed in this container yet.
2019-10-16 21:00:04,850 [BlockDeletingService#2] WARN  background.BlockDeletingService (BlockDeletingService.java:isDeletionAllowed(187)) - Close Container log Index 6 is not replicated across allthe servers in the pipeline 4fea0e3a-b978-493d-b2ed-b775cb1cfc79 as the min replicated index is 4. Deletion is not allowed in this container yet.
2019-10-16 21:00:04,987 [EventQueue-ContainerReportForContainerReportHandler] WARN  container.ContainerReportHandler (AbstractContainerReportHandler.java:updateContainerState(145)) - Container #1 is in OPEN state, but the datanode e2e26bef-7a80-470b-89dc-752ae9b76223{ip: 192.168.157.254, host: pr-hdds-1868-qdb9g-714931517, networkLocation: /default-rack, certSerialId: null} reports an CLOSED replica.
2019-10-16 21:00:05,111 [EventQueue-ContainerReportForContainerReportHandler] WARN  container.ContainerReportHandler (AbstractContainerReportHandler.java:updateContainerState(145)) - Container #1 is in OPEN state, but the datanode 7d5bd66d-ed89-401c-bf86-050641c359fd{ip: 192.168.157.254, host: pr-hdds-1868-qdb9g-714931517, networkLocation: /default-rack, certSerialId: null} reports an CLOSED replica.
2019-10-16 21:00:05,186 [EventQueue-ContainerReportForContainerReportHandler] WARN  container.ContainerReportHandler (AbstractContainerReportHandler.java:updateContainerState(145)) - Container #1 is in OPEN state, but the datanode e2e26bef-7a80-470b-89dc-752ae9b76223{ip: 192.168.157.254, host: pr-hdds-1868-qdb9g-714931517, networkLocation: /default-rack, certSerialId: null} reports an CLOSED replica.
2019-10-16 21:00:05,386 [EventQueue-ContainerReportForContainerReportHandler] WARN  container.ContainerReportHandler (AbstractContainerReportHandler.java:updateContainerState(145)) - Container #1 is in OPEN state, but the datanode e2e26bef-7a80-470b-89dc-752ae9b76223{ip: 192.168.157.254, host: pr-hdds-1868-qdb9g-714931517, networkLocation: /default-rack, certSerialId: null} reports an CLOSED replica.
2019-10-16 21:00:05,411 [EventQueue-ContainerReportForContainerReportHandler] WARN  container.ContainerReportHandler (AbstractContainerReportHandler.java:updateContainerState(145)) - Container #1 is in OPEN state, but the datanode 7d5bd66d-ed89-401c-bf86-050641c359fd{ip: 192.168.157.254, host: pr-hdds-1868-qdb9g-714931517, networkLocation: /default-rack, certSerialId: null} reports an CLOSED replica.
2019-10-16 21:00:05,584 [Thread-467] INFO  client.GrpcClientProtocolService (GrpcClientProtocolService.java:lambda$processClientRequest$0(278)) - Failed RaftClientRequest:client-BDDAE6707277->e2e26bef-7a80-470b-89dc-752ae9b76223@group-B775CB1CFC79, cid=10, seq=0, Watch-ALL_COMMITTED(6), Message:<EMPTY>, reply=RaftClientReply:client-BDDAE6707277->e2e26bef-7a80-470b-89dc-752ae9b76223@group-B775CB1CFC79, cid=10, FAILED org.apache.ratis.protocol.NotReplicatedException: Request with call Id 10 and log index 6 is not yet replicated to ALL_COMMITTED, logIndex=6, commits[e2e26bef-7a80-470b-89dc-752ae9b76223:c10, 7d5bd66d-ed89-401c-bf86-050641c359fd:c10, 7e02033f-e7de-4006-80be-ffeab2e3922a:c4]
2019-10-16 21:00:05,587 [EventQueue-ContainerReportForContainerReportHandler] WARN  container.ContainerReportHandler (AbstractContainerReportHandler.java:updateContainerState(145)) - Container #1 is in OPEN state, but the datanode e2e26bef-7a80-470b-89dc-752ae9b76223{ip: 192.168.157.254, host: pr-hdds-1868-qdb9g-714931517, networkLocation: /default-rack, certSerialId: null} reports an CLOSED replica.
2019-10-16 21:00:05,611 [EventQueue-ContainerReportForContainerReportHandler] WARN  container.ContainerReportHandler (AbstractContainerReportHandler.java:updateContainerState(145)) - Container #1 is in OPEN state, but the datanode 7d5bd66d-ed89-401c-bf86-050641c359fd{ip: 192.168.157.254, host: pr-hdds-1868-qdb9g-714931517, networkLocation: /default-rack, certSerialId: null} reports an CLOSED replica.
2019-10-16 21:00:05,851 [BlockDeletingService#2] WARN  background.BlockDeletingService (BlockDeletingService.java:isDeletionAllowed(187)) - Close Container log Index 6 is not replicated across allthe servers in the pipeline 4fea0e3a-b978-493d-b2ed-b775cb1cfc79 as the min replicated index is 4. Deletion is not allowed in this container yet.
2019-10-16 21:00:05,851 [BlockDeletingService#2] WARN  background.BlockDeletingService (BlockDeletingService.java:isDeletionAllowed(187)) - Close Container log Index 6 is not replicated across allthe servers in the pipeline 4fea0e3a-b978-493d-b2ed-b775cb1cfc79 as the min replicated index is 4. Deletion is not allowed in this container yet.
2019-10-16 21:00:05,886 [EventQueue-ContainerReportForContainerReportHandler] WARN  container.ContainerReportHandler (AbstractContainerReportHandler.java:updateContainerState(145)) - Container #1 is in OPEN state, but the datanode e2e26bef-7a80-470b-89dc-752ae9b76223{ip: 192.168.157.254, host: pr-hdds-1868-qdb9g-714931517, networkLocation: /default-rack, certSerialId: null} reports an CLOSED replica.
2019-10-16 21:00:05,912 [EventQueue-ContainerReportForContainerReportHandler] WARN  container.ContainerReportHandler (AbstractContainerReportHandler.java:updateContainerState(145)) - Container #1 is in OPEN state, but the datanode 7d5bd66d-ed89-401c-bf86-050641c359fd{ip: 192.168.157.254, host: pr-hdds-1868-qdb9g-714931517, networkLocation: /default-rack, certSerialId: null} reports an CLOSED replica.
2019-10-16 21:00:06,186 [EventQueue-ContainerReportForContainerReportHandler] WARN  container.ContainerReportHandler (AbstractContainerReportHandler.java:updateContainerState(145)) - Container #1 is in OPEN state, but the datanode e2e26bef-7a80-470b-89dc-752ae9b76223{ip: 192.168.157.254, host: pr-hdds-1868-qdb9g-714931517, networkLocation: /default-rack, certSerialId: null} reports an CLOSED replica.
2019-10-16 21:00:06,212 [EventQueue-ContainerReportForContainerReportHandler] WARN  container.ContainerReportHandler (AbstractContainerReportHandler.java:updateContainerState(145)) - Container #1 is in OPEN state, but the datanode 7d5bd66d-ed89-401c-bf86-050641c359fd{ip: 192.168.157.254, host: pr-hdds-1868-qdb9g-714931517, networkLocation: /default-rack, certSerialId: null} reports an CLOSED replica.
2019-10-16 21:00:06,325 [java.util.concurrent.ThreadPoolExecutor$Worker@7847c973[State = -1, empty queue]] WARN  server.GrpcLogAppender (GrpcLogAppender.java:timeoutAppendRequest(209)) - e2e26bef-7a80-470b-89dc-752ae9b76223@group-B775CB1CFC79->7e02033f-e7de-4006-80be-ffeab2e3922a-GrpcLogAppender: appendEntries Timeout, request=e2e26bef-7a80-470b-89dc-752ae9b76223->7e02033f-e7de-4006-80be-ffeab2e3922a#43-t3, previous=(t:3, i:10), leaderCommit=10, initializing? false, entries: <empty>
2019-10-16 21:00:06,386 [EventQueue-ContainerReportForContainerReportHandler] WARN  container.ContainerReportHandler (AbstractContainerReportHandler.java:updateContainerState(145)) - Container #1 is in OPEN state, but the datanode e2e26bef-7a80-470b-89dc-752ae9b76223{ip: 192.168.157.254, host: pr-hdds-1868-qdb9g-714931517, networkLocation: /default-rack, certSerialId: null} reports an CLOSED replica.
2019-10-16 21:00:06,512 [EventQueue-ContainerReportForContainerReportHandler] WARN  container.ContainerReportHandler (AbstractContainerReportHandler.java:updateContainerState(145)) - Container #1 is in OPEN state, but the datanode 7d5bd66d-ed89-401c-bf86-050641c359fd{ip: 192.168.157.254, host: pr-hdds-1868-qdb9g-714931517, networkLocation: /default-rack, certSerialId: null} reports an CLOSED replica.
2019-10-16 21:00:06,787 [EventQueue-ContainerReportForContainerReportHandler] WARN  container.ContainerReportHandler (AbstractContainerReportHandler.java:updateContainerState(145)) - Container #1 is in OPEN state, but the datanode e2e26bef-7a80-470b-89dc-752ae9b76223{ip: 192.168.157.254, host: pr-hdds-1868-qdb9g-714931517, networkLocation: /default-rack, certSerialId: null} reports an CLOSED replica.
2019-10-16 21:00:06,812 [EventQueue-ContainerReportForContainerReportHandler] WARN  container.ContainerReportHandler (AbstractContainerReportHandler.java:updateContainerState(145)) - Container #1 is in OPEN state, but the datanode 7d5bd66d-ed89-401c-bf86-050641c359fd{ip: 192.168.157.254, host: pr-hdds-1868-qdb9g-714931517, networkLocation: /default-rack, certSerialId: null} reports an CLOSED replica.
2019-10-16 21:00:06,853 [BlockDeletingService#2] WARN  background.BlockDeletingService (BlockDeletingService.java:isDeletionAllowed(187)) - Close Container log Index 6 is not replicated across allthe servers in the pipeline 4fea0e3a-b978-493d-b2ed-b775cb1cfc79 as the min replicated index is 4. Deletion is not allowed in this container yet.
2019-10-16 21:00:06,853 [BlockDeletingService#2] WARN  background.BlockDeletingService (BlockDeletingService.java:isDeletionAllowed(187)) - Close Container log Index 6 is not replicated across allthe servers in the pipeline 4fea0e3a-b978-493d-b2ed-b775cb1cfc79 as the min replicated index is 4. Deletion is not allowed in this container yet.
2019-10-16 21:00:06,988 [EventQueue-ContainerReportForContainerReportHandler] WARN  container.ContainerReportHandler (AbstractContainerReportHandler.java:updateContainerState(145)) - Container #1 is in OPEN state, but the datanode e2e26bef-7a80-470b-89dc-752ae9b76223{ip: 192.168.157.254, host: pr-hdds-1868-qdb9g-714931517, networkLocation: /default-rack, certSerialId: null} reports an CLOSED replica.
2019-10-16 21:00:07,212 [EventQueue-ContainerReportForContainerReportHandler] WARN  container.ContainerReportHandler (AbstractContainerReportHandler.java:updateContainerState(145)) - Container #1 is in OPEN state, but the datanode 7d5bd66d-ed89-401c-bf86-050641c359fd{ip: 192.168.157.254, host: pr-hdds-1868-qdb9g-714931517, networkLocation: /default-rack, certSerialId: null} reports an CLOSED replica.
2019-10-16 21:00:07,388 [EventQueue-ContainerReportForContainerReportHandler] WARN  container.ContainerReportHandler (AbstractContainerReportHandler.java:updateContainerState(145)) - Container #1 is in OPEN state, but the datanode e2e26bef-7a80-470b-89dc-752ae9b76223{ip: 192.168.157.254, host: pr-hdds-1868-qdb9g-714931517, networkLocation: /default-rack, certSerialId: null} reports an CLOSED replica.
2019-10-16 21:00:07,513 [EventQueue-ContainerReportForContainerReportHandler] WARN  container.ContainerReportHandler (AbstractContainerReportHandler.java:updateContainerState(145)) - Container #1 is in OPEN state, but the datanode 7d5bd66d-ed89-401c-bf86-050641c359fd{ip: 192.168.157.254, host: pr-hdds-1868-qdb9g-714931517, networkLocation: /default-rack, certSerialId: null} reports an CLOSED replica.
2019-10-16 21:00:07,689 [EventQueue-ContainerReportForContainerReportHandler] WARN  container.ContainerReportHandler (AbstractContainerReportHandler.java:updateContainerState(145)) - Container #1 is in OPEN state, but the datanode e2e26bef-7a80-470b-89dc-752ae9b76223{ip: 192.168.157.254, host: pr-hdds-1868-qdb9g-714931517, networkLocation: /default-rack, certSerialId: null} reports an CLOSED replica.
2019-10-16 21:00:07,855 [BlockDeletingService#2] WARN  background.BlockDeletingService (BlockDeletingService.java:isDeletionAllowed(187)) - Close Container log Index 6 is not replicated across allthe servers in the pipeline 4fea0e3a-b978-493d-b2ed-b775cb1cfc79 as the min replicated index is 4. Deletion is not allowed in this container yet.
2019-10-16 21:00:07,855 [BlockDeletingService#2] WARN  background.BlockDeletingService (BlockDeletingService.java:isDeletionAllowed(187)) - Close Container log Index 6 is not replicated across allthe servers in the pipeline 4fea0e3a-b978-493d-b2ed-b775cb1cfc79 as the min replicated index is 4. Deletion is not allowed in this container yet.
2019-10-16 21:00:07,913 [EventQueue-ContainerReportForContainerReportHandler] WARN  container.ContainerReportHandler (AbstractContainerReportHandler.java:updateContainerState(145)) - Container #1 is in OPEN state, but the datanode 7d5bd66d-ed89-401c-bf86-050641c359fd{ip: 192.168.157.254, host: pr-hdds-1868-qdb9g-714931517, networkLocation: /default-rack, certSerialId: null} reports an CLOSED replica.
2019-10-16 21:00:07,989 [EventQueue-ContainerReportForContainerReportHandler] WARN  container.ContainerReportHandler (AbstractContainerReportHandler.java:updateContainerState(145)) - Container #1 is in OPEN state, but the datanode e2e26bef-7a80-470b-89dc-752ae9b76223{ip: 192.168.157.254, host: pr-hdds-1868-qdb9g-714931517, networkLocation: /default-rack, certSerialId: null} reports an CLOSED replica.
2019-10-16 21:00:08,214 [EventQueue-ContainerReportForContainerReportHandler] WARN  container.ContainerReportHandler (AbstractContainerReportHandler.java:updateContainerState(145)) - Container #1 is in OPEN state, but the datanode 7d5bd66d-ed89-401c-bf86-050641c359fd{ip: 192.168.157.254, host: pr-hdds-1868-qdb9g-714931517, networkLocation: /default-rack, certSerialId: null} reports an CLOSED replica.
2019-10-16 21:00:08,290 [EventQueue-ContainerReportForContainerReportHandler] WARN  container.ContainerReportHandler (AbstractContainerReportHandler.java:updateContainerState(145)) - Container #1 is in OPEN state, but the datanode e2e26bef-7a80-470b-89dc-752ae9b76223{ip: 192.168.157.254, host: pr-hdds-1868-qdb9g-714931517, networkLocation: /default-rack, certSerialId: null} reports an CLOSED replica.
2019-10-16 21:00:08,414 [EventQueue-ContainerReportForContainerReportHandler] WARN  container.ContainerReportHandler (AbstractContainerReportHandler.java:updateContainerState(145)) - Container #1 is in OPEN state, but the datanode 7d5bd66d-ed89-401c-bf86-050641c359fd{ip: 192.168.157.254, host: pr-hdds-1868-qdb9g-714931517, networkLocation: /default-rack, certSerialId: null} reports an CLOSED replica.
2019-10-16 21:00:08,591 [EventQueue-ContainerReportForContainerReportHandler] WARN  container.ContainerReportHandler (AbstractContainerReportHandler.java:updateContainerState(145)) - Container #1 is in OPEN state, but the datanode e2e26bef-7a80-470b-89dc-752ae9b76223{ip: 192.168.157.254, host: pr-hdds-1868-qdb9g-714931517, networkLocation: /default-rack, certSerialId: null} reports an CLOSED replica.
2019-10-16 21:00:08,714 [EventQueue-ContainerReportForContainerReportHandler] WARN  container.ContainerReportHandler (AbstractContainerReportHandler.java:updateContainerState(145)) - Container #1 is in OPEN state, but the datanode 7d5bd66d-ed89-401c-bf86-050641c359fd{ip: 192.168.157.254, host: pr-hdds-1868-qdb9g-714931517, networkLocation: /default-rack, certSerialId: null} reports an CLOSED replica.
2019-10-16 21:00:08,826 [java.util.concurrent.ThreadPoolExecutor$Worker@7847c973[State = -1, empty queue]] WARN  server.GrpcLogAppender (GrpcLogAppender.java:timeoutAppendRequest(209)) - e2e26bef-7a80-470b-89dc-752ae9b76223@group-B775CB1CFC79->7e02033f-e7de-4006-80be-ffeab2e3922a-GrpcLogAppender: appendEntries Timeout, request=e2e26bef-7a80-470b-89dc-752ae9b76223->7e02033f-e7de-4006-80be-ffeab2e3922a#44-t3, previous=(t:3, i:10), leaderCommit=10, initializing? false, entries: <empty>
2019-10-16 21:00:08,856 [BlockDeletingService#2] WARN  background.BlockDeletingService (BlockDeletingService.java:isDeletionAllowed(187)) - Close Container log Index 6 is not replicated across allthe servers in the pipeline 4fea0e3a-b978-493d-b2ed-b775cb1cfc79 as the min replicated index is 4. Deletion is not allowed in this container yet.
2019-10-16 21:00:08,856 [BlockDeletingService#2] WARN  background.BlockDeletingService (BlockDeletingService.java:isDeletionAllowed(187)) - Close Container log Index 6 is not replicated across allthe servers in the pipeline 4fea0e3a-b978-493d-b2ed-b775cb1cfc79 as the min replicated index is 4. Deletion is not allowed in this container yet.
2019-10-16 21:00:08,915 [EventQueue-ContainerReportForContainerReportHandler] WARN  container.ContainerReportHandler (AbstractContainerReportHandler.java:updateContainerState(145)) - Container #1 is in OPEN state, but the datanode 7d5bd66d-ed89-401c-bf86-050641c359fd{ip: 192.168.157.254, host: pr-hdds-1868-qdb9g-714931517, networkLocation: /default-rack, certSerialId: null} reports an CLOSED replica.
2019-10-16 21:00:08,991 [EventQueue-ContainerReportForContainerReportHandler] WARN  container.ContainerReportHandler (AbstractContainerReportHandler.java:updateContainerState(145)) - Container #1 is in OPEN state, but the datanode e2e26bef-7a80-470b-89dc-752ae9b76223{ip: 192.168.157.254, host: pr-hdds-1868-qdb9g-714931517, networkLocation: /default-rack, certSerialId: null} reports an CLOSED replica.
2019-10-16 21:00:09,215 [EventQueue-ContainerReportForContainerReportHandler] WARN  container.ContainerReportHandler (AbstractContainerReportHandler.java:updateContainerState(145)) - Container #1 is in OPEN state, but the datanode 7d5bd66d-ed89-401c-bf86-050641c359fd{ip: 192.168.157.254, host: pr-hdds-1868-qdb9g-714931517, networkLocation: /default-rack, certSerialId: null} reports an CLOSED replica.
2019-10-16 21:00:09,291 [EventQueue-ContainerReportForContainerReportHandler] WARN  container.ContainerReportHandler (AbstractContainerReportHandler.java:updateContainerState(145)) - Container #1 is in OPEN state, but the datanode e2e26bef-7a80-470b-89dc-752ae9b76223{ip: 192.168.157.254, host: pr-hdds-1868-qdb9g-714931517, networkLocation: /default-rack, certSerialId: null} reports an CLOSED replica.
2019-10-16 21:00:09,415 [EventQueue-ContainerReportForContainerReportHandler] WARN  container.ContainerReportHandler (AbstractContainerReportHandler.java:updateContainerState(145)) - Container #1 is in OPEN state, but the datanode 7d5bd66d-ed89-401c-bf86-050641c359fd{ip: 192.168.157.254, host: pr-hdds-1868-qdb9g-714931517, networkLocation: /default-rack, certSerialId: null} reports an CLOSED replica.
2019-10-16 21:00:09,492 [EventQueue-ContainerReportForContainerReportHandler] WARN  container.ContainerReportHandler (AbstractContainerReportHandler.java:updateContainerState(145)) - Container #1 is in OPEN state, but the datanode e2e26bef-7a80-470b-89dc-752ae9b76223{ip: 192.168.157.254, host: pr-hdds-1868-qdb9g-714931517, networkLocation: /default-rack, certSerialId: null} reports an CLOSED replica.
2019-10-16 21:00:09,693 [EventQueue-ContainerReportForContainerReportHandler] WARN  container.ContainerReportHandler (AbstractContainerReportHandler.java:updateContainerState(145)) - Container #1 is in OPEN state, but the datanode e2e26bef-7a80-470b-89dc-752ae9b76223{ip: 192.168.157.254, host: pr-hdds-1868-qdb9g-714931517, networkLocation: /default-rack, certSerialId: null} reports an CLOSED replica.
2019-10-16 21:00:09,715 [EventQueue-ContainerReportForContainerReportHandler] WARN  container.ContainerReportHandler (AbstractContainerReportHandler.java:updateContainerState(145)) - Container #1 is in OPEN state, but the datanode 7d5bd66d-ed89-401c-bf86-050641c359fd{ip: 192.168.157.254, host: pr-hdds-1868-qdb9g-714931517, networkLocation: /default-rack, certSerialId: null} reports an CLOSED replica.
2019-10-16 21:00:09,858 [BlockDeletingService#2] WARN  background.BlockDeletingService (BlockDeletingService.java:isDeletionAllowed(187)) - Close Container log Index 6 is not replicated across allthe servers in the pipeline 4fea0e3a-b978-493d-b2ed-b775cb1cfc79 as the min replicated index is 4. Deletion is not allowed in this container yet.
2019-10-16 21:00:09,858 [BlockDeletingService#2] WARN  background.BlockDeletingService (BlockDeletingService.java:isDeletionAllowed(187)) - Close Container log Index 6 is not replicated across allthe servers in the pipeline 4fea0e3a-b978-493d-b2ed-b775cb1cfc79 as the min replicated index is 4. Deletion is not allowed in this container yet.
2019-10-16 21:00:09,994 [EventQueue-ContainerReportForContainerReportHandler] WARN  container.ContainerReportHandler (AbstractContainerReportHandler.java:updateContainerState(145)) - Container #1 is in OPEN state, but the datanode e2e26bef-7a80-470b-89dc-752ae9b76223{ip: 192.168.157.254, host: pr-hdds-1868-qdb9g-714931517, networkLocation: /default-rack, certSerialId: null} reports an CLOSED replica.
2019-10-16 21:00:10,014 [EventQueue-ContainerReportForContainerReportHandler] WARN  container.ContainerReportHandler (AbstractContainerReportHandler.java:updateContainerState(145)) - Container #1 is in OPEN state, but the datanode 7d5bd66d-ed89-401c-bf86-050641c359fd{ip: 192.168.157.254, host: pr-hdds-1868-qdb9g-714931517, networkLocation: /default-rack, certSerialId: null} reports an CLOSED replica.
2019-10-16 21:00:10,294 [EventQueue-ContainerReportForContainerReportHandler] WARN  container.ContainerReportHandler (AbstractContainerReportHandler.java:updateContainerState(145)) - Container #1 is in OPEN state, but the datanode e2e26bef-7a80-470b-89dc-752ae9b76223{ip: 192.168.157.254, host: pr-hdds-1868-qdb9g-714931517, networkLocation: /default-rack, certSerialId: null} reports an CLOSED replica.
2019-10-16 21:00:10,416 [EventQueue-ContainerReportForContainerReportHandler] WARN  container.ContainerReportHandler (AbstractContainerReportHandler.java:updateContainerState(145)) - Container #1 is in OPEN state, but the datanode 7d5bd66d-ed89-401c-bf86-050641c359fd{ip: 192.168.157.254, host: pr-hdds-1868-qdb9g-714931517, networkLocation: /default-rack, certSerialId: null} reports an CLOSED replica.
2019-10-16 21:00:10,594 [EventQueue-ContainerReportForContainerReportHandler] WARN  container.ContainerReportHandler (AbstractContainerReportHandler.java:updateContainerState(145)) - Container #1 is in OPEN state, but the datanode e2e26bef-7a80-470b-89dc-752ae9b76223{ip: 192.168.157.254, host: pr-hdds-1868-qdb9g-714931517, networkLocation: /default-rack, certSerialId: null} reports an CLOSED replica.
2019-10-16 21:00:10,617 [EventQueue-ContainerReportForContainerReportHandler] WARN  container.ContainerReportHandler (AbstractContainerReportHandler.java:updateContainerState(145)) - Container #1 is in OPEN state, but the datanode 7d5bd66d-ed89-401c-bf86-050641c359fd{ip: 192.168.157.254, host: pr-hdds-1868-qdb9g-714931517, networkLocation: /default-rack, certSerialId: null} reports an CLOSED replica.
2019-10-16 21:00:10,794 [EventQueue-ContainerReportForContainerReportHandler] WARN  container.ContainerReportHandler (AbstractContainerReportHandler.java:updateContainerState(145)) - Container #1 is in OPEN state, but the datanode e2e26bef-7a80-470b-89dc-752ae9b76223{ip: 192.168.157.254, host: pr-hdds-1868-qdb9g-714931517, networkLocation: /default-rack, certSerialId: null} reports an CLOSED replica.
2019-10-16 21:00:10,859 [BlockDeletingService#2] WARN  background.BlockDeletingService (BlockDeletingService.java:isDeletionAllowed(187)) - Close Container log Index 6 is not replicated across allthe servers in the pipeline 4fea0e3a-b978-493d-b2ed-b775cb1cfc79 as the min replicated index is 4. Deletion is not allowed in this container yet.
2019-10-16 21:00:10,859 [BlockDeletingService#2] WARN  background.BlockDeletingService (BlockDeletingService.java:isDeletionAllowed(187)) - Close Container log Index 6 is not replicated across allthe servers in the pipeline 4fea0e3a-b978-493d-b2ed-b775cb1cfc79 as the min replicated index is 4. Deletion is not allowed in this container yet.
2019-10-16 21:00:11,017 [EventQueue-ContainerReportForContainerReportHandler] WARN  container.ContainerReportHandler (AbstractContainerReportHandler.java:updateContainerState(145)) - Container #1 is in OPEN state, but the datanode 7d5bd66d-ed89-401c-bf86-050641c359fd{ip: 192.168.157.254, host: pr-hdds-1868-qdb9g-714931517, networkLocation: /default-rack, certSerialId: null} reports an CLOSED replica.
2019-10-16 21:00:11,194 [EventQueue-ContainerReportForContainerReportHandler] WARN  container.ContainerReportHandler (AbstractContainerReportHandler.java:updateContainerState(145)) - Container #1 is in OPEN state, but the datanode e2e26bef-7a80-470b-89dc-752ae9b76223{ip: 192.168.157.254, host: pr-hdds-1868-qdb9g-714931517, networkLocation: /default-rack, certSerialId: null} reports an CLOSED replica.
2019-10-16 21:00:11,318 [EventQueue-ContainerReportForContainerReportHandler] WARN  container.ContainerReportHandler (AbstractContainerReportHandler.java:updateContainerState(145)) - Container #1 is in OPEN state, but the datanode 7d5bd66d-ed89-401c-bf86-050641c359fd{ip: 192.168.157.254, host: pr-hdds-1868-qdb9g-714931517, networkLocation: /default-rack, certSerialId: null} reports an CLOSED replica.
2019-10-16 21:00:11,326 [java.util.concurrent.ThreadPoolExecutor$Worker@7847c973[State = -1, empty queue]] WARN  server.GrpcLogAppender (GrpcLogAppender.java:timeoutAppendRequest(209)) - e2e26bef-7a80-470b-89dc-752ae9b76223@group-B775CB1CFC79->7e02033f-e7de-4006-80be-ffeab2e3922a-GrpcLogAppender: appendEntries Timeout, request=e2e26bef-7a80-470b-89dc-752ae9b76223->7e02033f-e7de-4006-80be-ffeab2e3922a#45-t3, previous=(t:3, i:10), leaderCommit=10, initializing? false, entries: <empty>
2019-10-16 21:00:11,394 [EventQueue-ContainerReportForContainerReportHandler] WARN  container.ContainerReportHandler (AbstractContainerReportHandler.java:updateContainerState(145)) - Container #1 is in OPEN state, but the datanode e2e26bef-7a80-470b-89dc-752ae9b76223{ip: 192.168.157.254, host: pr-hdds-1868-qdb9g-714931517, networkLocation: /default-rack, certSerialId: null} reports an CLOSED replica.
2019-10-16 21:00:11,719 [EventQueue-ContainerReportForContainerReportHandler] WARN  container.ContainerReportHandler (AbstractContainerReportHandler.java:updateContainerState(145)) - Container #1 is in OPEN state, but the datanode 7d5bd66d-ed89-401c-bf86-050641c359fd{ip: 192.168.157.254, host: pr-hdds-1868-qdb9g-714931517, networkLocation: /default-rack, certSerialId: null} reports an CLOSED replica.
2019-10-16 21:00:11,794 [EventQueue-ContainerReportForContainerReportHandler] WARN  container.ContainerReportHandler (AbstractContainerReportHandler.java:updateContainerState(145)) - Container #1 is in OPEN state, but the datanode e2e26bef-7a80-470b-89dc-752ae9b76223{ip: 192.168.157.254, host: pr-hdds-1868-qdb9g-714931517, networkLocation: /default-rack, certSerialId: null} reports an CLOSED replica.
2019-10-16 21:00:11,861 [BlockDeletingService#2] WARN  background.BlockDeletingService (BlockDeletingService.java:isDeletionAllowed(187)) - Close Container log Index 6 is not replicated across allthe servers in the pipeline 4fea0e3a-b978-493d-b2ed-b775cb1cfc79 as the min replicated index is 4. Deletion is not allowed in this container yet.
2019-10-16 21:00:11,861 [BlockDeletingService#2] WARN  background.BlockDeletingService (BlockDeletingService.java:isDeletionAllowed(187)) - Close Container log Index 6 is not replicated across allthe servers in the pipeline 4fea0e3a-b978-493d-b2ed-b775cb1cfc79 as the min replicated index is 4. Deletion is not allowed in this container yet.
2019-10-16 21:00:11,920 [EventQueue-ContainerReportForContainerReportHandler] WARN  container.ContainerReportHandler (AbstractContainerReportHandler.java:updateContainerState(145)) - Container #1 is in OPEN state, but the datanode 7d5bd66d-ed89-401c-bf86-050641c359fd{ip: 192.168.157.254, host: pr-hdds-1868-qdb9g-714931517, networkLocation: /default-rack, certSerialId: null} reports an CLOSED replica.
2019-10-16 21:00:12,094 [EventQueue-ContainerReportForContainerReportHandler] WARN  container.ContainerReportHandler (AbstractContainerReportHandler.java:updateContainerState(145)) - Container #1 is in OPEN state, but the datanode e2e26bef-7a80-470b-89dc-752ae9b76223{ip: 192.168.157.254, host: pr-hdds-1868-qdb9g-714931517, networkLocation: /default-rack, certSerialId: null} reports an CLOSED replica.
2019-10-16 21:00:12,120 [EventQueue-ContainerReportForContainerReportHandler] WARN  container.ContainerReportHandler (AbstractContainerReportHandler.java:updateContainerState(145)) - Container #1 is in OPEN state, but the datanode 7d5bd66d-ed89-401c-bf86-050641c359fd{ip: 192.168.157.254, host: pr-hdds-1868-qdb9g-714931517, networkLocation: /default-rack, certSerialId: null} reports an CLOSED replica.
2019-10-16 21:00:12,394 [EventQueue-ContainerReportForContainerReportHandler] WARN  container.ContainerReportHandler (AbstractContainerReportHandler.java:updateContainerState(145)) - Container #1 is in OPEN state, but the datanode e2e26bef-7a80-470b-89dc-752ae9b76223{ip: 192.168.157.254, host: pr-hdds-1868-qdb9g-714931517, networkLocation: /default-rack, certSerialId: null} reports an CLOSED replica.
2019-10-16 21:00:12,520 [EventQueue-ContainerReportForContainerReportHandler] WARN  container.ContainerReportHandler (AbstractContainerReportHandler.java:updateContainerState(145)) - Container #1 is in OPEN state, but the datanode 7d5bd66d-ed89-401c-bf86-050641c359fd{ip: 192.168.157.254, host: pr-hdds-1868-qdb9g-714931517, networkLocation: /default-rack, certSerialId: null} reports an CLOSED replica.
2019-10-16 21:00:12,695 [EventQueue-ContainerReportForContainerReportHandler] WARN  container.ContainerReportHandler (AbstractContainerReportHandler.java:updateContainerState(145)) - Container #1 is in OPEN state, but the datanode e2e26bef-7a80-470b-89dc-752ae9b76223{ip: 192.168.157.254, host: pr-hdds-1868-qdb9g-714931517, networkLocation: /default-rack, certSerialId: null} reports an CLOSED replica.
2019-10-16 21:00:12,820 [EventQueue-ContainerReportForContainerReportHandler] WARN  container.ContainerReportHandler (AbstractContainerReportHandler.java:updateContainerState(145)) - Container #1 is in OPEN state, but the datanode 7d5bd66d-ed89-401c-bf86-050641c359fd{ip: 192.168.157.254, host: pr-hdds-1868-qdb9g-714931517, networkLocation: /default-rack, certSerialId: null} reports an CLOSED replica.
2019-10-16 21:00:12,863 [BlockDeletingService#2] WARN  background.BlockDeletingService (BlockDeletingService.java:isDeletionAllowed(187)) - Close Container log Index 6 is not replicated across allthe servers in the pipeline 4fea0e3a-b978-493d-b2ed-b775cb1cfc79 as the min replicated index is 4. Deletion is not allowed in this container yet.
2019-10-16 21:00:12,863 [BlockDeletingService#2] WARN  background.BlockDeletingService (BlockDeletingService.java:isDeletionAllowed(187)) - Close Container log Index 6 is not replicated across allthe servers in the pipeline 4fea0e3a-b978-493d-b2ed-b775cb1cfc79 as the min replicated index is 4. Deletion is not allowed in this container yet.
2019-10-16 21:00:13,095 [EventQueue-ContainerReportForContainerReportHandler] WARN  container.ContainerReportHandler (AbstractContainerReportHandler.java:updateContainerState(145)) - Container #1 is in OPEN state, but the datanode e2e26bef-7a80-470b-89dc-752ae9b76223{ip: 192.168.157.254, host: pr-hdds-1868-qdb9g-714931517, networkLocation: /default-rack, certSerialId: null} reports an CLOSED replica.
2019-10-16 21:00:13,121 [EventQueue-ContainerReportForContainerReportHandler] WARN  container.ContainerReportHandler (AbstractContainerReportHandler.java:updateContainerState(145)) - Container #1 is in OPEN state, but the datanode 7d5bd66d-ed89-401c-bf86-050641c359fd{ip: 192.168.157.254, host: pr-hdds-1868-qdb9g-714931517, networkLocation: /default-rack, certSerialId: null} reports an CLOSED replica.
2019-10-16 21:00:13,297 [EventQueue-ContainerReportForContainerReportHandler] WARN  container.ContainerReportHandler (AbstractContainerReportHandler.java:updateContainerState(145)) - Container #1 is in OPEN state, but the datanode e2e26bef-7a80-470b-89dc-752ae9b76223{ip: 192.168.157.254, host: pr-hdds-1868-qdb9g-714931517, networkLocation: /default-rack, certSerialId: null} reports an CLOSED replica.
2019-10-16 21:00:13,521 [EventQueue-ContainerReportForContainerReportHandler] WARN  container.ContainerReportHandler (AbstractContainerReportHandler.java:updateContainerState(145)) - Container #1 is in OPEN state, but the datanode 7d5bd66d-ed89-401c-bf86-050641c359fd{ip: 192.168.157.254, host: pr-hdds-1868-qdb9g-714931517, networkLocation: /default-rack, certSerialId: null} reports an CLOSED replica.
2019-10-16 21:00:13,697 [EventQueue-ContainerReportForContainerReportHandler] WARN  container.ContainerReportHandler (AbstractContainerReportHandler.java:updateContainerState(145)) - Container #1 is in OPEN state, but the datanode e2e26bef-7a80-470b-89dc-752ae9b76223{ip: 192.168.157.254, host: pr-hdds-1868-qdb9g-714931517, networkLocation: /default-rack, certSerialId: null} reports an CLOSED replica.
2019-10-16 21:00:13,721 [EventQueue-ContainerReportForContainerReportHandler] WARN  container.ContainerReportHandler (AbstractContainerReportHandler.java:updateContainerState(145)) - Container #1 is in OPEN state, but the datanode 7d5bd66d-ed89-401c-bf86-050641c359fd{ip: 192.168.157.254, host: pr-hdds-1868-qdb9g-714931517, networkLocation: /default-rack, certSerialId: null} reports an CLOSED replica.
2019-10-16 21:00:13,827 [java.util.concurrent.ThreadPoolExecutor$Worker@7847c973[State = -1, empty queue]] WARN  server.GrpcLogAppender (GrpcLogAppender.java:timeoutAppendRequest(209)) - e2e26bef-7a80-470b-89dc-752ae9b76223@group-B775CB1CFC79->7e02033f-e7de-4006-80be-ffeab2e3922a-GrpcLogAppender: appendEntries Timeout, request=e2e26bef-7a80-470b-89dc-752ae9b76223->7e02033f-e7de-4006-80be-ffeab2e3922a#46-t3, previous=(t:3, i:10), leaderCommit=10, initializing? false, entries: <empty>
2019-10-16 21:00:13,865 [BlockDeletingService#2] WARN  background.BlockDeletingService (BlockDeletingService.java:isDeletionAllowed(187)) - Close Container log Index 6 is not replicated across allthe servers in the pipeline 4fea0e3a-b978-493d-b2ed-b775cb1cfc79 as the min replicated index is 4. Deletion is not allowed in this container yet.
2019-10-16 21:00:13,865 [BlockDeletingService#2] WARN  background.BlockDeletingService (BlockDeletingService.java:isDeletionAllowed(187)) - Close Container log Index 6 is not replicated across allthe servers in the pipeline 4fea0e3a-b978-493d-b2ed-b775cb1cfc79 as the min replicated index is 4. Deletion is not allowed in this container yet.
2019-10-16 21:00:13,922 [EventQueue-ContainerReportForContainerReportHandler] WARN  container.ContainerReportHandler (AbstractContainerReportHandler.java:updateContainerState(145)) - Container #1 is in OPEN state, but the datanode 7d5bd66d-ed89-401c-bf86-050641c359fd{ip: 192.168.157.254, host: pr-hdds-1868-qdb9g-714931517, networkLocation: /default-rack, certSerialId: null} reports an CLOSED replica.
2019-10-16 21:00:13,999 [EventQueue-ContainerReportForContainerReportHandler] WARN  container.ContainerReportHandler (AbstractContainerReportHandler.java:updateContainerState(145)) - Container #1 is in OPEN state, but the datanode e2e26bef-7a80-470b-89dc-752ae9b76223{ip: 192.168.157.254, host: pr-hdds-1868-qdb9g-714931517, networkLocation: /default-rack, certSerialId: null} reports an CLOSED replica.
2019-10-16 21:00:14,222 [EventQueue-ContainerReportForContainerReportHandler] WARN  container.ContainerReportHandler (AbstractContainerReportHandler.java:updateContainerState(145)) - Container #1 is in OPEN state, but the datanode 7d5bd66d-ed89-401c-bf86-050641c359fd{ip: 192.168.157.254, host: pr-hdds-1868-qdb9g-714931517, networkLocation: /default-rack, certSerialId: null} reports an CLOSED replica.
2019-10-16 21:00:14,299 [EventQueue-ContainerReportForContainerReportHandler] WARN  container.ContainerReportHandler (AbstractContainerReportHandler.java:updateContainerState(145)) - Container #1 is in OPEN state, but the datanode e2e26bef-7a80-470b-89dc-752ae9b76223{ip: 192.168.157.254, host: pr-hdds-1868-qdb9g-714931517, networkLocation: /default-rack, certSerialId: null} reports an CLOSED replica.
2019-10-16 21:00:14,499 [EventQueue-ContainerReportForContainerReportHandler] WARN  container.ContainerReportHandler (AbstractContainerReportHandler.java:updateContainerState(145)) - Container #1 is in OPEN state, but the datanode e2e26bef-7a80-470b-89dc-752ae9b76223{ip: 192.168.157.254, host: pr-hdds-1868-qdb9g-714931517, networkLocation: /default-rack, certSerialId: null} reports an CLOSED replica.
2019-10-16 21:00:14,522 [EventQueue-ContainerReportForContainerReportHandler] WARN  container.ContainerReportHandler (AbstractContainerReportHandler.java:updateContainerState(145)) - Container #1 is in OPEN state, but the datanode 7d5bd66d-ed89-401c-bf86-050641c359fd{ip: 192.168.157.254, host: pr-hdds-1868-qdb9g-714931517, networkLocation: /default-rack, certSerialId: null} reports an CLOSED replica.
2019-10-16 21:00:14,699 [EventQueue-ContainerReportForContainerReportHandler] WARN  container.ContainerReportHandler (AbstractContainerReportHandler.java:updateContainerState(145)) - Container #1 is in OPEN state, but the datanode e2e26bef-7a80-470b-89dc-752ae9b76223{ip: 192.168.157.254, host: pr-hdds-1868-qdb9g-714931517, networkLocation: /default-rack, certSerialId: null} reports an CLOSED replica.
2019-10-16 21:00:14,867 [BlockDeletingService#2] WARN  background.BlockDeletingService (BlockDeletingService.java:isDeletionAllowed(187)) - Close Container log Index 6 is not replicated across allthe servers in the pipeline 4fea0e3a-b978-493d-b2ed-b775cb1cfc79 as the min replicated index is 4. Deletion is not allowed in this container yet.
2019-10-16 21:00:14,867 [BlockDeletingService#2] WARN  background.BlockDeletingService (BlockDeletingService.java:isDeletionAllowed(187)) - Close Container log Index 6 is not replicated across allthe servers in the pipeline 4fea0e3a-b978-493d-b2ed-b775cb1cfc79 as the min replicated index is 4. Deletion is not allowed in this container yet.
2019-10-16 21:00:14,899 [EventQueue-ContainerReportForContainerReportHandler] WARN  container.ContainerReportHandler (AbstractContainerReportHandler.java:updateContainerState(145)) - Container #1 is in OPEN state, but the datanode e2e26bef-7a80-470b-89dc-752ae9b76223{ip: 192.168.157.254, host: pr-hdds-1868-qdb9g-714931517, networkLocation: /default-rack, certSerialId: null} reports an CLOSED replica.
2019-10-16 21:00:14,922 [EventQueue-ContainerReportForContainerReportHandler] WARN  container.ContainerReportHandler (AbstractContainerReportHandler.java:updateContainerState(145)) - Container #1 is in OPEN state, but the datanode 7d5bd66d-ed89-401c-bf86-050641c359fd{ip: 192.168.157.254, host: pr-hdds-1868-qdb9g-714931517, networkLocation: /default-rack, certSerialId: null} reports an CLOSED replica.
2019-10-16 21:00:15,124 [EventQueue-ContainerReportForContainerReportHandler] WARN  container.ContainerReportHandler (AbstractContainerReportHandler.java:updateContainerState(145)) - Container #1 is in OPEN state, but the datanode 7d5bd66d-ed89-401c-bf86-050641c359fd{ip: 192.168.157.254, host: pr-hdds-1868-qdb9g-714931517, networkLocation: /default-rack, certSerialId: null} reports an CLOSED replica.
2019-10-16 21:00:15,299 [EventQueue-ContainerReportForContainerReportHandler] WARN  container.ContainerReportHandler (AbstractContainerReportHandler.java:updateContainerState(145)) - Container #1 is in OPEN state, but the datanode e2e26bef-7a80-470b-89dc-752ae9b76223{ip: 192.168.157.254, host: pr-hdds-1868-qdb9g-714931517, networkLocation: /default-rack, certSerialId: null} reports an CLOSED replica.
2019-10-16 21:00:15,524 [EventQueue-ContainerReportForContainerReportHandler] WARN  container.ContainerReportHandler (AbstractContainerReportHandler.java:updateContainerState(145)) - Container #1 is in OPEN state, but the datanode 7d5bd66d-ed89-401c-bf86-050641c359fd{ip: 192.168.157.254, host: pr-hdds-1868-qdb9g-714931517, networkLocation: /default-rack, certSerialId: null} reports an CLOSED replica.
2019-10-16 21:00:15,547 [Thread-496] INFO  client.GrpcClientProtocolService (GrpcClientProtocolService.java:lambda$processClientRequest$0(278)) - Failed RaftClientRequest:client-BDDAE6707277->7d5bd66d-ed89-401c-bf86-050641c359fd@group-B775CB1CFC79, cid=10, seq=0, Watch-ALL_COMMITTED(6), Message:<EMPTY>, reply=RaftClientReply:client-BDDAE6707277->7d5bd66d-ed89-401c-bf86-050641c359fd@group-B775CB1CFC79, cid=10, FAILED org.apache.ratis.protocol.NotLeaderException: Server 7d5bd66d-ed89-401c-bf86-050641c359fd@group-B775CB1CFC79 is not the leader e2e26bef-7a80-470b-89dc-752ae9b76223:192.168.157.254:36344, logIndex=0, commits[7d5bd66d-ed89-401c-bf86-050641c359fd:c10, e2e26bef-7a80-470b-89dc-752ae9b76223:c10, 7e02033f-e7de-4006-80be-ffeab2e3922a:c4]
2019-10-16 21:00:15,584 [Thread-499] INFO  client.GrpcClientProtocolService (GrpcClientProtocolService.java:lambda$processClientRequest$0(278)) - Failed RaftClientRequest:client-BDDAE6707277->e2e26bef-7a80-470b-89dc-752ae9b76223@group-B775CB1CFC79, cid=10, seq=0, Watch-ALL_COMMITTED(6), Message:<EMPTY>, reply=RaftClientReply:client-BDDAE6707277->e2e26bef-7a80-470b-89dc-752ae9b76223@group-B775CB1CFC79, cid=10, FAILED org.apache.ratis.protocol.NotReplicatedException: Request with call Id 10 and log index 6 is not yet replicated to ALL_COMMITTED, logIndex=6, commits[e2e26bef-7a80-470b-89dc-752ae9b76223:c10, 7d5bd66d-ed89-401c-bf86-050641c359fd:c10, 7e02033f-e7de-4006-80be-ffeab2e3922a:c4]
2019-10-16 21:00:15,599 [EventQueue-ContainerReportForContainerReportHandler] WARN  container.ContainerReportHandler (AbstractContainerReportHandler.java:updateContainerState(145)) - Container #1 is in OPEN state, but the datanode e2e26bef-7a80-470b-89dc-752ae9b76223{ip: 192.168.157.254, host: pr-hdds-1868-qdb9g-714931517, networkLocation: /default-rack, certSerialId: null} reports an CLOSED replica.
2019-10-16 21:00:15,869 [BlockDeletingService#2] WARN  background.BlockDeletingService (BlockDeletingService.java:isDeletionAllowed(187)) - Close Container log Index 6 is not replicated across allthe servers in the pipeline 4fea0e3a-b978-493d-b2ed-b775cb1cfc79 as the min replicated index is 4. Deletion is not allowed in this container yet.
2019-10-16 21:00:15,869 [BlockDeletingService#2] WARN  background.BlockDeletingService (BlockDeletingService.java:isDeletionAllowed(187)) - Close Container log Index 6 is not replicated across allthe servers in the pipeline 4fea0e3a-b978-493d-b2ed-b775cb1cfc79 as the min replicated index is 4. Deletion is not allowed in this container yet.
2019-10-16 21:00:15,899 [EventQueue-ContainerReportForContainerReportHandler] WARN  container.ContainerReportHandler (AbstractContainerReportHandler.java:updateContainerState(145)) - Container #1 is in OPEN state, but the datanode e2e26bef-7a80-470b-89dc-752ae9b76223{ip: 192.168.157.254, host: pr-hdds-1868-qdb9g-714931517, networkLocation: /default-rack, certSerialId: null} reports an CLOSED replica.
2019-10-16 21:00:15,924 [EventQueue-ContainerReportForContainerReportHandler] WARN  container.ContainerReportHandler (AbstractContainerReportHandler.java:updateContainerState(145)) - Container #1 is in OPEN state, but the datanode 7d5bd66d-ed89-401c-bf86-050641c359fd{ip: 192.168.157.254, host: pr-hdds-1868-qdb9g-714931517, networkLocation: /default-rack, certSerialId: null} reports an CLOSED replica.
2019-10-16 21:00:16,224 [EventQueue-ContainerReportForContainerReportHandler] WARN  container.ContainerReportHandler (AbstractContainerReportHandler.java:updateContainerState(145)) - Container #1 is in OPEN state, but the datanode 7d5bd66d-ed89-401c-bf86-050641c359fd{ip: 192.168.157.254, host: pr-hdds-1868-qdb9g-714931517, networkLocation: /default-rack, certSerialId: null} reports an CLOSED replica.
2019-10-16 21:00:16,300 [EventQueue-ContainerReportForContainerReportHandler] WARN  container.ContainerReportHandler (AbstractContainerReportHandler.java:updateContainerState(145)) - Container #1 is in OPEN state, but the datanode e2e26bef-7a80-470b-89dc-752ae9b76223{ip: 192.168.157.254, host: pr-hdds-1868-qdb9g-714931517, networkLocation: /default-rack, certSerialId: null} reports an CLOSED replica.
2019-10-16 21:00:16,330 [java.util.concurrent.ThreadPoolExecutor$Worker@7847c973[State = -1, empty queue]] WARN  server.GrpcLogAppender (GrpcLogAppender.java:timeoutAppendRequest(209)) - e2e26bef-7a80-470b-89dc-752ae9b76223@group-B775CB1CFC79->7e02033f-e7de-4006-80be-ffeab2e3922a-GrpcLogAppender: appendEntries Timeout, request=e2e26bef-7a80-470b-89dc-752ae9b76223->7e02033f-e7de-4006-80be-ffeab2e3922a#47-t3, previous=(t:3, i:10), leaderCommit=10, initializing? false, entries: <empty>
2019-10-16 21:00:16,425 [EventQueue-ContainerReportForContainerReportHandler] WARN  container.ContainerReportHandler (AbstractContainerReportHandler.java:updateContainerState(145)) - Container #1 is in OPEN state, but the datanode 7d5bd66d-ed89-401c-bf86-050641c359fd{ip: 192.168.157.254, host: pr-hdds-1868-qdb9g-714931517, networkLocation: /default-rack, certSerialId: null} reports an CLOSED replica.
2019-10-16 21:00:16,700 [EventQueue-ContainerReportForContainerReportHandler] WARN  container.ContainerReportHandler (AbstractContainerReportHandler.java:updateContainerState(145)) - Container #1 is in OPEN state, but the datanode e2e26bef-7a80-470b-89dc-752ae9b76223{ip: 192.168.157.254, host: pr-hdds-1868-qdb9g-714931517, networkLocation: /default-rack, certSerialId: null} reports an CLOSED replica.
2019-10-16 21:00:16,725 [EventQueue-ContainerReportForContainerReportHandler] WARN  container.ContainerReportHandler (AbstractContainerReportHandler.java:updateContainerState(145)) - Container #1 is in OPEN state, but the datanode 7d5bd66d-ed89-401c-bf86-050641c359fd{ip: 192.168.157.254, host: pr-hdds-1868-qdb9g-714931517, networkLocation: /default-rack, certSerialId: null} reports an CLOSED replica.
2019-10-16 21:00:16,872 [BlockDeletingService#2] WARN  background.BlockDeletingService (BlockDeletingService.java:isDeletionAllowed(187)) - Close Container log Index 6 is not replicated across allthe servers in the pipeline 4fea0e3a-b978-493d-b2ed-b775cb1cfc79 as the min replicated index is 4. Deletion is not allowed in this container yet.
2019-10-16 21:00:16,872 [BlockDeletingService#2] WARN  background.BlockDeletingService (BlockDeletingService.java:isDeletionAllowed(187)) - Close Container log Index 6 is not replicated across allthe servers in the pipeline 4fea0e3a-b978-493d-b2ed-b775cb1cfc79 as the min replicated index is 4. Deletion is not allowed in this container yet.
2019-10-16 21:00:17,100 [EventQueue-ContainerReportForContainerReportHandler] WARN  container.ContainerReportHandler (AbstractContainerReportHandler.java:updateContainerState(145)) - Container #1 is in OPEN state, but the datanode e2e26bef-7a80-470b-89dc-752ae9b76223{ip: 192.168.157.254, host: pr-hdds-1868-qdb9g-714931517, networkLocation: /default-rack, certSerialId: null} reports an CLOSED replica.
2019-10-16 21:00:17,127 [EventQueue-ContainerReportForContainerReportHandler] WARN  container.ContainerReportHandler (AbstractContainerReportHandler.java:updateContainerState(145)) - Container #1 is in OPEN state, but the datanode 7d5bd66d-ed89-401c-bf86-050641c359fd{ip: 192.168.157.254, host: pr-hdds-1868-qdb9g-714931517, networkLocation: /default-rack, certSerialId: null} reports an CLOSED replica.
2019-10-16 21:00:17,300 [EventQueue-ContainerReportForContainerReportHandler] WARN  container.ContainerReportHandler (AbstractContainerReportHandler.java:updateContainerState(145)) - Container #1 is in OPEN state, but the datanode e2e26bef-7a80-470b-89dc-752ae9b76223{ip: 192.168.157.254, host: pr-hdds-1868-qdb9g-714931517, networkLocation: /default-rack, certSerialId: null} reports an CLOSED replica.
2019-10-16 21:00:17,327 [EventQueue-ContainerReportForContainerReportHandler] WARN  container.ContainerReportHandler (AbstractContainerReportHandler.java:updateContainerState(145)) - Container #1 is in OPEN state, but the datanode 7d5bd66d-ed89-401c-bf86-050641c359fd{ip: 192.168.157.254, host: pr-hdds-1868-qdb9g-714931517, networkLocation: /default-rack, certSerialId: null} reports an CLOSED replica.
2019-10-16 21:00:17,600 [EventQueue-ContainerReportForContainerReportHandler] WARN  container.ContainerReportHandler (AbstractContainerReportHandler.java:updateContainerState(145)) - Container #1 is in OPEN state, but the datanode e2e26bef-7a80-470b-89dc-752ae9b76223{ip: 192.168.157.254, host: pr-hdds-1868-qdb9g-714931517, networkLocation: /default-rack, certSerialId: null} reports an CLOSED replica.
2019-10-16 21:00:17,728 [EventQueue-ContainerReportForContainerReportHandler] WARN  container.ContainerReportHandler (AbstractContainerReportHandler.java:updateContainerState(145)) - Container #1 is in OPEN state, but the datanode 7d5bd66d-ed89-401c-bf86-050641c359fd{ip: 192.168.157.254, host: pr-hdds-1868-qdb9g-714931517, networkLocation: /default-rack, certSerialId: null} reports an CLOSED replica.
2019-10-16 21:00:17,874 [BlockDeletingService#2] WARN  background.BlockDeletingService (BlockDeletingService.java:isDeletionAllowed(187)) - Close Container log Index 6 is not replicated across allthe servers in the pipeline 4fea0e3a-b978-493d-b2ed-b775cb1cfc79 as the min replicated index is 4. Deletion is not allowed in this container yet.
2019-10-16 21:00:17,874 [BlockDeletingService#2] WARN  background.BlockDeletingService (BlockDeletingService.java:isDeletionAllowed(187)) - Close Container log Index 6 is not replicated across allthe servers in the pipeline 4fea0e3a-b978-493d-b2ed-b775cb1cfc79 as the min replicated index is 4. Deletion is not allowed in this container yet.
2019-10-16 21:00:17,901 [EventQueue-ContainerReportForContainerReportHandler] WARN  container.ContainerReportHandler (AbstractContainerReportHandler.java:updateContainerState(145)) - Container #1 is in OPEN state, but the datanode e2e26bef-7a80-470b-89dc-752ae9b76223{ip: 192.168.157.254, host: pr-hdds-1868-qdb9g-714931517, networkLocation: /default-rack, certSerialId: null} reports an CLOSED replica.
2019-10-16 21:00:18,028 [EventQueue-ContainerReportForContainerReportHandler] WARN  container.ContainerReportHandler (AbstractContainerReportHandler.java:updateContainerState(145)) - Container #1 is in OPEN state, but the datanode 7d5bd66d-ed89-401c-bf86-050641c359fd{ip: 192.168.157.254, host: pr-hdds-1868-qdb9g-714931517, networkLocation: /default-rack, certSerialId: null} reports an CLOSED replica.
2019-10-16 21:00:18,101 [EventQueue-ContainerReportForContainerReportHandler] WARN  container.ContainerReportHandler (AbstractContainerReportHandler.java:updateContainerState(145)) - Container #1 is in OPEN state, but the datanode e2e26bef-7a80-470b-89dc-752ae9b76223{ip: 192.168.157.254, host: pr-hdds-1868-qdb9g-714931517, networkLocation: /default-rack, certSerialId: null} reports an CLOSED replica.
2019-10-16 21:00:18,328 [EventQueue-ContainerReportForContainerReportHandler] WARN  container.ContainerReportHandler (AbstractContainerReportHandler.java:updateContainerState(145)) - Container #1 is in OPEN state, but the datanode 7d5bd66d-ed89-401c-bf86-050641c359fd{ip: 192.168.157.254, host: pr-hdds-1868-qdb9g-714931517, networkLocation: /default-rack, certSerialId: null} reports an CLOSED replica.
2019-10-16 21:00:18,403 [EventQueue-ContainerReportForContainerReportHandler] WARN  container.ContainerReportHandler (AbstractContainerReportHandler.java:updateContainerState(145)) - Container #1 is in OPEN state, but the datanode e2e26bef-7a80-470b-89dc-752ae9b76223{ip: 192.168.157.254, host: pr-hdds-1868-qdb9g-714931517, networkLocation: /default-rack, certSerialId: null} reports an CLOSED replica.
2019-10-16 21:00:18,729 [EventQueue-ContainerReportForContainerReportHandler] WARN  container.ContainerReportHandler (AbstractContainerReportHandler.java:updateContainerState(145)) - Container #1 is in OPEN state, but the datanode 7d5bd66d-ed89-401c-bf86-050641c359fd{ip: 192.168.157.254, host: pr-hdds-1868-qdb9g-714931517, networkLocation: /default-rack, certSerialId: null} reports an CLOSED replica.
2019-10-16 21:00:18,804 [EventQueue-ContainerReportForContainerReportHandler] WARN  container.ContainerReportHandler (AbstractContainerReportHandler.java:updateContainerState(145)) - Container #1 is in OPEN state, but the datanode e2e26bef-7a80-470b-89dc-752ae9b76223{ip: 192.168.157.254, host: pr-hdds-1868-qdb9g-714931517, networkLocation: /default-rack, certSerialId: null} reports an CLOSED replica.
2019-10-16 21:00:18,831 [java.util.concurrent.ThreadPoolExecutor$Worker@7847c973[State = -1, empty queue]] WARN  server.GrpcLogAppender (GrpcLogAppender.java:timeoutAppendRequest(209)) - e2e26bef-7a80-470b-89dc-752ae9b76223@group-B775CB1CFC79->7e02033f-e7de-4006-80be-ffeab2e3922a-GrpcLogAppender: appendEntries Timeout, request=e2e26bef-7a80-470b-89dc-752ae9b76223->7e02033f-e7de-4006-80be-ffeab2e3922a#48-t3, previous=(t:3, i:10), leaderCommit=10, initializing? false, entries: <empty>
2019-10-16 21:00:18,875 [BlockDeletingService#2] WARN  background.BlockDeletingService (BlockDeletingService.java:isDeletionAllowed(187)) - Close Container log Index 6 is not replicated across allthe servers in the pipeline 4fea0e3a-b978-493d-b2ed-b775cb1cfc79 as the min replicated index is 4. Deletion is not allowed in this container yet.
2019-10-16 21:00:18,875 [BlockDeletingService#2] WARN  background.BlockDeletingService (BlockDeletingService.java:isDeletionAllowed(187)) - Close Container log Index 6 is not replicated across allthe servers in the pipeline 4fea0e3a-b978-493d-b2ed-b775cb1cfc79 as the min replicated index is 4. Deletion is not allowed in this container yet.
2019-10-16 21:00:19,004 [EventQueue-ContainerReportForContainerReportHandler] WARN  container.ContainerReportHandler (AbstractContainerReportHandler.java:updateContainerState(145)) - Container #1 is in OPEN state, but the datanode e2e26bef-7a80-470b-89dc-752ae9b76223{ip: 192.168.157.254, host: pr-hdds-1868-qdb9g-714931517, networkLocation: /default-rack, certSerialId: null} reports an CLOSED replica.
2019-10-16 21:00:19,031 [EventQueue-ContainerReportForContainerReportHandler] WARN  container.ContainerReportHandler (AbstractContainerReportHandler.java:updateContainerState(145)) - Container #1 is in OPEN state, but the datanode 7d5bd66d-ed89-401c-bf86-050641c359fd{ip: 192.168.157.254, host: pr-hdds-1868-qdb9g-714931517, networkLocation: /default-rack, certSerialId: null} reports an CLOSED replica.
2019-10-16 21:00:19,332 [EventQueue-ContainerReportForContainerReportHandler] WARN  container.ContainerReportHandler (AbstractContainerReportHandler.java:updateContainerState(145)) - Container #1 is in OPEN state, but the datanode 7d5bd66d-ed89-401c-bf86-050641c359fd{ip: 192.168.157.254, host: pr-hdds-1868-qdb9g-714931517, networkLocation: /default-rack, certSerialId: null} reports an CLOSED replica.
2019-10-16 21:00:19,404 [EventQueue-ContainerReportForContainerReportHandler] WARN  container.ContainerReportHandler (AbstractContainerReportHandler.java:updateContainerState(145)) - Container #1 is in OPEN state, but the datanode e2e26bef-7a80-470b-89dc-752ae9b76223{ip: 192.168.157.254, host: pr-hdds-1868-qdb9g-714931517, networkLocation: /default-rack, certSerialId: null} reports an CLOSED replica.
2019-10-16 21:00:19,532 [EventQueue-ContainerReportForContainerReportHandler] WARN  container.ContainerReportHandler (AbstractContainerReportHandler.java:updateContainerState(145)) - Container #1 is in OPEN state, but the datanode 7d5bd66d-ed89-401c-bf86-050641c359fd{ip: 192.168.157.254, host: pr-hdds-1868-qdb9g-714931517, networkLocation: /default-rack, certSerialId: null} reports an CLOSED replica.
2019-10-16 21:00:19,705 [EventQueue-ContainerReportForContainerReportHandler] WARN  container.ContainerReportHandler (AbstractContainerReportHandler.java:updateContainerState(145)) - Container #1 is in OPEN state, but the datanode e2e26bef-7a80-470b-89dc-752ae9b76223{ip: 192.168.157.254, host: pr-hdds-1868-qdb9g-714931517, networkLocation: /default-rack, certSerialId: null} reports an CLOSED replica.
2019-10-16 21:00:19,732 [EventQueue-ContainerReportForContainerReportHandler] WARN  container.ContainerReportHandler (AbstractContainerReportHandler.java:updateContainerState(145)) - Container #1 is in OPEN state, but the datanode 7d5bd66d-ed89-401c-bf86-050641c359fd{ip: 192.168.157.254, host: pr-hdds-1868-qdb9g-714931517, networkLocation: /default-rack, certSerialId: null} reports an CLOSED replica.
2019-10-16 21:00:19,877 [BlockDeletingService#2] WARN  background.BlockDeletingService (BlockDeletingService.java:isDeletionAllowed(187)) - Close Container log Index 6 is not replicated across allthe servers in the pipeline 4fea0e3a-b978-493d-b2ed-b775cb1cfc79 as the min replicated index is 4. Deletion is not allowed in this container yet.
2019-10-16 21:00:19,877 [BlockDeletingService#2] WARN  background.BlockDeletingService (BlockDeletingService.java:isDeletionAllowed(187)) - Close Container log Index 6 is not replicated across allthe servers in the pipeline 4fea0e3a-b978-493d-b2ed-b775cb1cfc79 as the min replicated index is 4. Deletion is not allowed in this container yet.
2019-10-16 21:00:19,932 [EventQueue-ContainerReportForContainerReportHandler] WARN  container.ContainerReportHandler (AbstractContainerReportHandler.java:updateContainerState(145)) - Container #1 is in OPEN state, but the datanode 7d5bd66d-ed89-401c-bf86-050641c359fd{ip: 192.168.157.254, host: pr-hdds-1868-qdb9g-714931517, networkLocation: /default-rack, certSerialId: null} reports an CLOSED replica.
2019-10-16 21:00:20,005 [EventQueue-ContainerReportForContainerReportHandler] WARN  container.ContainerReportHandler (AbstractContainerReportHandler.java:updateContainerState(145)) - Container #1 is in OPEN state, but the datanode e2e26bef-7a80-470b-89dc-752ae9b76223{ip: 192.168.157.254, host: pr-hdds-1868-qdb9g-714931517, networkLocation: /default-rack, certSerialId: null} reports an CLOSED replica.
2019-10-16 21:00:20,232 [EventQueue-ContainerReportForContainerReportHandler] WARN  container.ContainerReportHandler (AbstractContainerReportHandler.java:updateContainerState(145)) - Container #1 is in OPEN state, but the datanode 7d5bd66d-ed89-401c-bf86-050641c359fd{ip: 192.168.157.254, host: pr-hdds-1868-qdb9g-714931517, networkLocation: /default-rack, certSerialId: null} reports an CLOSED replica.
2019-10-16 21:00:20,407 [EventQueue-ContainerReportForContainerReportHandler] WARN  container.ContainerReportHandler (AbstractContainerReportHandler.java:updateContainerState(145)) - Container #1 is in OPEN state, but the datanode e2e26bef-7a80-470b-89dc-752ae9b76223{ip: 192.168.157.254, host: pr-hdds-1868-qdb9g-714931517, networkLocation: /default-rack, certSerialId: null} reports an CLOSED replica.
2019-10-16 21:00:20,433 [EventQueue-ContainerReportForContainerReportHandler] WARN  container.ContainerReportHandler (AbstractContainerReportHandler.java:updateContainerState(145)) - Container #1 is in OPEN state, but the datanode 7d5bd66d-ed89-401c-bf86-050641c359fd{ip: 192.168.157.254, host: pr-hdds-1868-qdb9g-714931517, networkLocation: /default-rack, certSerialId: null} reports an CLOSED replica.
2019-10-16 21:00:20,633 [EventQueue-ContainerReportForContainerReportHandler] WARN  container.ContainerReportHandler (AbstractContainerReportHandler.java:updateContainerState(145)) - Container #1 is in OPEN state, but the datanode 7d5bd66d-ed89-401c-bf86-050641c359fd{ip: 192.168.157.254, host: pr-hdds-1868-qdb9g-714931517, networkLocation: /default-rack, certSerialId: null} reports an CLOSED replica.
2019-10-16 21:00:20,708 [EventQueue-ContainerReportForContainerReportHandler] WARN  container.ContainerReportHandler (AbstractContainerReportHandler.java:updateContainerState(145)) - Container #1 is in OPEN state, but the datanode e2e26bef-7a80-470b-89dc-752ae9b76223{ip: 192.168.157.254, host: pr-hdds-1868-qdb9g-714931517, networkLocation: /default-rack, certSerialId: null} reports an CLOSED replica.
2019-10-16 21:00:20,878 [BlockDeletingService#2] WARN  background.BlockDeletingService (BlockDeletingService.java:isDeletionAllowed(187)) - Close Container log Index 6 is not replicated across allthe servers in the pipeline 4fea0e3a-b978-493d-b2ed-b775cb1cfc79 as the min replicated index is 4. Deletion is not allowed in this container yet.
2019-10-16 21:00:20,879 [BlockDeletingService#2] WARN  background.BlockDeletingService (BlockDeletingService.java:isDeletionAllowed(187)) - Close Container log Index 6 is not replicated across allthe servers in the pipeline 4fea0e3a-b978-493d-b2ed-b775cb1cfc79 as the min replicated index is 4. Deletion is not allowed in this container yet.
2019-10-16 21:00:20,934 [EventQueue-ContainerReportForContainerReportHandler] WARN  container.ContainerReportHandler (AbstractContainerReportHandler.java:updateContainerState(145)) - Container #1 is in OPEN state, but the datanode 7d5bd66d-ed89-401c-bf86-050641c359fd{ip: 192.168.157.254, host: pr-hdds-1868-qdb9g-714931517, networkLocation: /default-rack, certSerialId: null} reports an CLOSED replica.
2019-10-16 21:00:21,008 [EventQueue-ContainerReportForContainerReportHandler] WARN  container.ContainerReportHandler (AbstractContainerReportHandler.java:updateContainerState(145)) - Container #1 is in OPEN state, but the datanode e2e26bef-7a80-470b-89dc-752ae9b76223{ip: 192.168.157.254, host: pr-hdds-1868-qdb9g-714931517, networkLocation: /default-rack, certSerialId: null} reports an CLOSED replica.
2019-10-16 21:00:21,134 [EventQueue-ContainerReportForContainerReportHandler] WARN  container.ContainerReportHandler (AbstractContainerReportHandler.java:updateContainerState(145)) - Container #1 is in OPEN state, but the datanode 7d5bd66d-ed89-401c-bf86-050641c359fd{ip: 192.168.157.254, host: pr-hdds-1868-qdb9g-714931517, networkLocation: /default-rack, certSerialId: null} reports an CLOSED replica.
2019-10-16 21:00:21,308 [EventQueue-ContainerReportForContainerReportHandler] WARN  container.ContainerReportHandler (AbstractContainerReportHandler.java:updateContainerState(145)) - Container #1 is in OPEN state, but the datanode e2e26bef-7a80-470b-89dc-752ae9b76223{ip: 192.168.157.254, host: pr-hdds-1868-qdb9g-714931517, networkLocation: /default-rack, certSerialId: null} reports an CLOSED replica.
2019-10-16 21:00:21,331 [java.util.concurrent.ThreadPoolExecutor$Worker@7847c973[State = -1, empty queue]] WARN  server.GrpcLogAppender (GrpcLogAppender.java:timeoutAppendRequest(209)) - e2e26bef-7a80-470b-89dc-752ae9b76223@group-B775CB1CFC79->7e02033f-e7de-4006-80be-ffeab2e3922a-GrpcLogAppender: appendEntries Timeout, request=e2e26bef-7a80-470b-89dc-752ae9b76223->7e02033f-e7de-4006-80be-ffeab2e3922a#49-t3, previous=(t:3, i:10), leaderCommit=10, initializing? false, entries: <empty>
2019-10-16 21:00:21,434 [EventQueue-ContainerReportForContainerReportHandler] WARN  container.ContainerReportHandler (AbstractContainerReportHandler.java:updateContainerState(145)) - Container #1 is in OPEN state, but the datanode 7d5bd66d-ed89-401c-bf86-050641c359fd{ip: 192.168.157.254, host: pr-hdds-1868-qdb9g-714931517, networkLocation: /default-rack, certSerialId: null} reports an CLOSED replica.
2019-10-16 21:00:21,508 [EventQueue-ContainerReportForContainerReportHandler] WARN  container.ContainerReportHandler (AbstractContainerReportHandler.java:updateContainerState(145)) - Container #1 is in OPEN state, but the datanode e2e26bef-7a80-470b-89dc-752ae9b76223{ip: 192.168.157.254, host: pr-hdds-1868-qdb9g-714931517, networkLocation: /default-rack, certSerialId: null} reports an CLOSED replica.
2019-10-16 21:00:21,734 [EventQueue-ContainerReportForContainerReportHandler] WARN  container.ContainerReportHandler (AbstractContainerReportHandler.java:updateContainerState(145)) - Container #1 is in OPEN state, but the datanode 7d5bd66d-ed89-401c-bf86-050641c359fd{ip: 192.168.157.254, host: pr-hdds-1868-qdb9g-714931517, networkLocation: /default-rack, certSerialId: null} reports an CLOSED replica.
2019-10-16 21:00:21,880 [BlockDeletingService#2] WARN  background.BlockDeletingService (BlockDeletingService.java:isDeletionAllowed(187)) - Close Container log Index 6 is not replicated across allthe servers in the pipeline 4fea0e3a-b978-493d-b2ed-b775cb1cfc79 as the min replicated index is 4. Deletion is not allowed in this container yet.
2019-10-16 21:00:21,880 [BlockDeletingService#2] WARN  background.BlockDeletingService (BlockDeletingService.java:isDeletionAllowed(187)) - Close Container log Index 6 is not replicated across allthe servers in the pipeline 4fea0e3a-b978-493d-b2ed-b775cb1cfc79 as the min replicated index is 4. Deletion is not allowed in this container yet.
2019-10-16 21:00:21,909 [EventQueue-ContainerReportForContainerReportHandler] WARN  container.ContainerReportHandler (AbstractContainerReportHandler.java:updateContainerState(145)) - Container #1 is in OPEN state, but the datanode e2e26bef-7a80-470b-89dc-752ae9b76223{ip: 192.168.157.254, host: pr-hdds-1868-qdb9g-714931517, networkLocation: /default-rack, certSerialId: null} reports an CLOSED replica.
2019-10-16 21:00:21,934 [EventQueue-ContainerReportForContainerReportHandler] WARN  container.ContainerReportHandler (AbstractContainerReportHandler.java:updateContainerState(145)) - Container #1 is in OPEN state, but the datanode 7d5bd66d-ed89-401c-bf86-050641c359fd{ip: 192.168.157.254, host: pr-hdds-1868-qdb9g-714931517, networkLocation: /default-rack, certSerialId: null} reports an CLOSED replica.
2019-10-16 21:00:22,208 [EventQueue-ContainerReportForContainerReportHandler] WARN  container.ContainerReportHandler (AbstractContainerReportHandler.java:updateContainerState(145)) - Container #1 is in OPEN state, but the datanode e2e26bef-7a80-470b-89dc-752ae9b76223{ip: 192.168.157.254, host: pr-hdds-1868-qdb9g-714931517, networkLocation: /default-rack, certSerialId: null} reports an CLOSED replica.
2019-10-16 21:00:22,334 [EventQueue-ContainerReportForContainerReportHandler] WARN  container.ContainerReportHandler (AbstractContainerReportHandler.java:updateContainerState(145)) - Container #1 is in OPEN state, but the datanode 7d5bd66d-ed89-401c-bf86-050641c359fd{ip: 192.168.157.254, host: pr-hdds-1868-qdb9g-714931517, networkLocation: /default-rack, certSerialId: null} reports an CLOSED replica.
2019-10-16 21:00:22,535 [EventQueue-ContainerReportForContainerReportHandler] WARN  container.ContainerReportHandler (AbstractContainerReportHandler.java:updateContainerState(145)) - Container #1 is in OPEN state, but the datanode 7d5bd66d-ed89-401c-bf86-050641c359fd{ip: 192.168.157.254, host: pr-hdds-1868-qdb9g-714931517, networkLocation: /default-rack, certSerialId: null} reports an CLOSED replica.
2019-10-16 21:00:22,609 [EventQueue-ContainerReportForContainerReportHandler] WARN  container.ContainerReportHandler (AbstractContainerReportHandler.java:updateContainerState(145)) - Container #1 is in OPEN state, but the datanode e2e26bef-7a80-470b-89dc-752ae9b76223{ip: 192.168.157.254, host: pr-hdds-1868-qdb9g-714931517, networkLocation: /default-rack, certSerialId: null} reports an CLOSED replica.
2019-10-16 21:00:22,735 [EventQueue-ContainerReportForContainerReportHandler] WARN  container.ContainerReportHandler (AbstractContainerReportHandler.java:updateContainerState(145)) - Container #1 is in OPEN state, but the datanode 7d5bd66d-ed89-401c-bf86-050641c359fd{ip: 192.168.157.254, host: pr-hdds-1868-qdb9g-714931517, networkLocation: /default-rack, certSerialId: null} reports an CLOSED replica.
2019-10-16 21:00:22,881 [BlockDeletingService#2] WARN  background.BlockDeletingService (BlockDeletingService.java:isDeletionAllowed(187)) - Close Container log Index 6 is not replicated across allthe servers in the pipeline 4fea0e3a-b978-493d-b2ed-b775cb1cfc79 as the min replicated index is 4. Deletion is not allowed in this container yet.
2019-10-16 21:00:22,881 [BlockDeletingService#2] WARN  background.BlockDeletingService (BlockDeletingService.java:isDeletionAllowed(187)) - Close Container log Index 6 is not replicated across allthe servers in the pipeline 4fea0e3a-b978-493d-b2ed-b775cb1cfc79 as the min replicated index is 4. Deletion is not allowed in this container yet.
2019-10-16 21:00:22,911 [EventQueue-ContainerReportForContainerReportHandler] WARN  container.ContainerReportHandler (AbstractContainerReportHandler.java:updateContainerState(145)) - Container #1 is in OPEN state, but the datanode e2e26bef-7a80-470b-89dc-752ae9b76223{ip: 192.168.157.254, host: pr-hdds-1868-qdb9g-714931517, networkLocation: /default-rack, certSerialId: null} reports an CLOSED replica.
2019-10-16 21:00:22,969 [EventQueue-StaleNodeForStaleNodeHandler] INFO  node.StaleNodeHandler (StaleNodeHandler.java:onMessage(58)) - Datanode 7e02033f-e7de-4006-80be-ffeab2e3922a{ip: 192.168.157.254, host: pr-hdds-1868-qdb9g-714931517, networkLocation: /default-rack, certSerialId: null} moved to stale state. Finalizing its pipelines [PipelineID=4fea0e3a-b978-493d-b2ed-b775cb1cfc79, PipelineID=8584538a-5077-40cb-9908-ee94ed21b3b2]
2019-10-16 21:00:22,970 [EventQueue-StaleNodeForStaleNodeHandler] INFO  pipeline.SCMPipelineManager (SCMPipelineManager.java:finalizeAndDestroyPipeline(315)) - destroying pipeline:Pipeline[ Id: 4fea0e3a-b978-493d-b2ed-b775cb1cfc79, Nodes: e2e26bef-7a80-470b-89dc-752ae9b76223{ip: 192.168.157.254, host: pr-hdds-1868-qdb9g-714931517, networkLocation: /default-rack, certSerialId: null}7e02033f-e7de-4006-80be-ffeab2e3922a{ip: 192.168.157.254, host: pr-hdds-1868-qdb9g-714931517, networkLocation: /default-rack, certSerialId: null}7d5bd66d-ed89-401c-bf86-050641c359fd{ip: 192.168.157.254, host: pr-hdds-1868-qdb9g-714931517, networkLocation: /default-rack, certSerialId: null}, Type:RATIS, Factor:THREE, State:OPEN]
2019-10-16 21:00:22,970 [EventQueue-StaleNodeForStaleNodeHandler] INFO  pipeline.PipelineStateManager (PipelineStateManager.java:finalizePipeline(123)) - Pipeline Pipeline[ Id: 4fea0e3a-b978-493d-b2ed-b775cb1cfc79, Nodes: e2e26bef-7a80-470b-89dc-752ae9b76223{ip: 192.168.157.254, host: pr-hdds-1868-qdb9g-714931517, networkLocation: /default-rack, certSerialId: null}7e02033f-e7de-4006-80be-ffeab2e3922a{ip: 192.168.157.254, host: pr-hdds-1868-qdb9g-714931517, networkLocation: /default-rack, certSerialId: null}7d5bd66d-ed89-401c-bf86-050641c359fd{ip: 192.168.157.254, host: pr-hdds-1868-qdb9g-714931517, networkLocation: /default-rack, certSerialId: null}, Type:RATIS, Factor:THREE, State:CLOSED] moved to CLOSED state
2019-10-16 21:00:22,971 [EventQueue-CloseContainerForCloseContainerEventHandler] INFO  container.CloseContainerEventHandler (CloseContainerEventHandler.java:onMessage(61)) - Close container Event triggered for container : #1
2019-10-16 21:00:22,974 [EventQueue-StaleNodeForStaleNodeHandler] INFO  pipeline.SCMPipelineManager (SCMPipelineManager.java:finalizeAndDestroyPipeline(315)) - destroying pipeline:Pipeline[ Id: 8584538a-5077-40cb-9908-ee94ed21b3b2, Nodes: 7e02033f-e7de-4006-80be-ffeab2e3922a{ip: 192.168.157.254, host: pr-hdds-1868-qdb9g-714931517, networkLocation: /default-rack, certSerialId: null}, Type:RATIS, Factor:ONE, State:OPEN]
2019-10-16 21:00:22,976 [EventQueue-StaleNodeForStaleNodeHandler] INFO  pipeline.PipelineStateManager (PipelineStateManager.java:finalizePipeline(123)) - Pipeline Pipeline[ Id: 8584538a-5077-40cb-9908-ee94ed21b3b2, Nodes: 7e02033f-e7de-4006-80be-ffeab2e3922a{ip: 192.168.157.254, host: pr-hdds-1868-qdb9g-714931517, networkLocation: /default-rack, certSerialId: null}, Type:RATIS, Factor:ONE, State:CLOSED] moved to CLOSED state
2019-10-16 21:00:23,135 [EventQueue-ContainerReportForContainerReportHandler] INFO  container.ContainerReportHandler (AbstractContainerReportHandler.java:updateContainerState(178)) - Moving container #1 to CLOSED state, datanode 7d5bd66d-ed89-401c-bf86-050641c359fd{ip: 192.168.157.254, host: pr-hdds-1868-qdb9g-714931517, networkLocation: /default-rack, certSerialId: null} reported CLOSED replica.
2019-10-16 21:00:23,396 [SCMBlockDeletingService#0] INFO  block.SCMBlockDeletingService (SCMBlockDeletingService.java:call(184)) - Totally added 3 delete blocks command for 3 datanodes, task elapsed time: 4ms
2019-10-16 21:00:23,513 [EventQueue-PendingDeleteStatusForPendingDeleteHandler] INFO  block.SCMBlockDeletingService (SCMBlockDeletingService.java:handlePendingDeletes(115)) - Block deletion txnID mismatch in datanode e2e26bef-7a80-470b-89dc-752ae9b76223 for containerID 1. Datanode delete txnID: 0, SCM txnID: 1
2019-10-16 21:00:23,535 [EventQueue-PendingDeleteStatusForPendingDeleteHandler] INFO  block.SCMBlockDeletingService (SCMBlockDeletingService.java:handlePendingDeletes(115)) - Block deletion txnID mismatch in datanode 7d5bd66d-ed89-401c-bf86-050641c359fd for containerID 1. Datanode delete txnID: 0, SCM txnID: 1
2019-10-16 21:00:23,611 [Command processor thread] INFO  commandhandler.DeleteBlocksCommandHandler (DeleteBlocksCommandHandler.java:handle(106)) - Start to delete container blocks, TXIDs=[1(0)], numOfContainers=1, numOfBlocks=1
2019-10-16 21:00:23,832 [java.util.concurrent.ThreadPoolExecutor$Worker@7847c973[State = -1, empty queue]] WARN  server.GrpcLogAppender (GrpcLogAppender.java:timeoutAppendRequest(209)) - e2e26bef-7a80-470b-89dc-752ae9b76223@group-B775CB1CFC79->7e02033f-e7de-4006-80be-ffeab2e3922a-GrpcLogAppender: appendEntries Timeout, request=e2e26bef-7a80-470b-89dc-752ae9b76223->7e02033f-e7de-4006-80be-ffeab2e3922a#50-t3, previous=(t:3, i:10), leaderCommit=10, initializing? false, entries: <empty>
2019-10-16 21:00:23,834 [Command processor thread] INFO  commandhandler.DeleteBlocksCommandHandler (DeleteBlocksCommandHandler.java:handle(106)) - Start to delete container blocks, TXIDs=[1(0)], numOfContainers=1, numOfBlocks=1
2019-10-16 21:00:23,883 [BlockDeletingService#2] WARN  background.BlockDeletingService (BlockDeletingService.java:isDeletionAllowed(187)) - Close Container log Index 6 is not replicated across allthe servers in the pipeline 4fea0e3a-b978-493d-b2ed-b775cb1cfc79 as the min replicated index is 4. Deletion is not allowed in this container yet.
2019-10-16 21:00:23,883 [BlockDeletingService#2] WARN  background.BlockDeletingService (BlockDeletingService.java:isDeletionAllowed(187)) - Close Container log Index 6 is not replicated across allthe servers in the pipeline 4fea0e3a-b978-493d-b2ed-b775cb1cfc79 as the min replicated index is 4. Deletion is not allowed in this container yet.
2019-10-16 21:00:23,884 [main] INFO  impl.MetricsSystemImpl (MetricsSystemImpl.java:init(158)) - HddsDatanode metrics system started (again)
2019-10-16 21:00:23,931 [main] INFO  ozone.HddsDatanodeService (HddsDatanodeService.java:start(184)) - HddsDatanodeService host:pr-hdds-1868-qdb9g-714931517 ip:192.168.157.254
2019-10-16 21:00:23,935 [main] INFO  volume.VolumeUsage (VolumeUsage.java:loadScmUsed(144)) - Cached ScmUsed found for /workdir/hadoop-ozone/integration-test/target/test-dir/MiniOzoneClusterImpl-612a4b9b-c8fe-4576-9448-f0de33cec420/datanode-2/data/containers : 4096 
2019-10-16 21:00:23,936 [main] INFO  volume.HddsVolume (HddsVolume.java:<init>(176)) - Creating Volume: /workdir/hadoop-ozone/integration-test/target/test-dir/MiniOzoneClusterImpl-612a4b9b-c8fe-4576-9448-f0de33cec420/datanode-2/data/containers/hdds of  storage type : DISK and capacity : 1482555576320
2019-10-16 21:00:23,937 [main] INFO  volume.VolumeSet (VolumeSet.java:initializeVolumeSet(170)) - Added Volume : /workdir/hadoop-ozone/integration-test/target/test-dir/MiniOzoneClusterImpl-612a4b9b-c8fe-4576-9448-f0de33cec420/datanode-2/data/containers/hdds to VolumeSet
2019-10-16 21:00:23,937 [main] INFO  volume.ThrottledAsyncChecker (ThrottledAsyncChecker.java:schedule(141)) - Scheduling a check for /workdir/hadoop-ozone/integration-test/target/test-dir/MiniOzoneClusterImpl-612a4b9b-c8fe-4576-9448-f0de33cec420/datanode-2/data/containers/hdds
2019-10-16 21:00:23,938 [main] INFO  volume.HddsVolumeChecker (HddsVolumeChecker.java:checkAllVolumes(204)) - Scheduled health check for volume /workdir/hadoop-ozone/integration-test/target/test-dir/MiniOzoneClusterImpl-612a4b9b-c8fe-4576-9448-f0de33cec420/datanode-2/data/containers/hdds
2019-10-16 21:00:23,984 [main] INFO  impl.RaftServerProxy (ConfUtils.java:logGet(43)) - raft.rpc.type = GRPC (default)
2019-10-16 21:00:23,985 [main] INFO  grpc.GrpcFactory (GrpcFactory.java:checkPooledByteBufAllocatorUseCacheForAllThreads(45)) - PERFORMANCE WARNING: useCacheForAllThreads is true that may cause Netty to create a lot garbage objects and, as a result, trigger GC.
	It is recommended to disable useCacheForAllThreads by setting -Dorg.apache.ratis.thirdparty.io.netty.allocator.useCacheForAllThreads=false in command line.
2019-10-16 21:00:23,985 [main] INFO  grpc.GrpcConfigKeys$Server (ConfUtils.java:logGet(43)) - raft.grpc.server.port = 33430 (custom)
2019-10-16 21:00:23,985 [main] INFO  server.GrpcService (ConfUtils.java:logGet(43)) - raft.grpc.message.size.max = 33570816 (custom)
2019-10-16 21:00:23,985 [main] INFO  server.RaftServerConfigKeys (ConfUtils.java:logGet(43)) - raft.server.log.appender.buffer.byte-limit = 33554432 (custom)
2019-10-16 21:00:23,985 [main] INFO  server.GrpcService (ConfUtils.java:logGet(43)) - raft.grpc.flow.control.window = 1MB (=1048576) (default)
2019-10-16 21:00:23,986 [main] INFO  server.RaftServerConfigKeys (ConfUtils.java:logGet(43)) - raft.server.rpc.request.timeout = 3000ms (default)
2019-10-16 21:00:23,986 [main] INFO  server.RaftServerConfigKeys (ConfUtils.java:logGet(43)) - raft.server.storage.dir = [/workdir/hadoop-ozone/integration-test/target/test-dir/MiniOzoneClusterImpl-612a4b9b-c8fe-4576-9448-f0de33cec420/datanode-2/data/ratis] (custom)
2019-10-16 21:00:23,987 [main] INFO  impl.RaftServerProxy (RaftServerProxy.java:lambda$null$0(191)) - 7e02033f-e7de-4006-80be-ffeab2e3922a: found a subdirectory /workdir/hadoop-ozone/integration-test/target/test-dir/MiniOzoneClusterImpl-612a4b9b-c8fe-4576-9448-f0de33cec420/datanode-2/data/ratis/4fea0e3a-b978-493d-b2ed-b775cb1cfc79
2019-10-16 21:00:23,988 [main] INFO  impl.RaftServerProxy (RaftServerProxy.java:addNew(89)) - 7e02033f-e7de-4006-80be-ffeab2e3922a: addNew group-B775CB1CFC79:[] returns group-B775CB1CFC79:java.util.concurrent.CompletableFuture@66933239[Not completed]
2019-10-16 21:00:23,988 [main] INFO  impl.RaftServerProxy (RaftServerProxy.java:lambda$null$0(191)) - 7e02033f-e7de-4006-80be-ffeab2e3922a: found a subdirectory /workdir/hadoop-ozone/integration-test/target/test-dir/MiniOzoneClusterImpl-612a4b9b-c8fe-4576-9448-f0de33cec420/datanode-2/data/ratis/8584538a-5077-40cb-9908-ee94ed21b3b2
2019-10-16 21:00:23,988 [main] INFO  impl.RaftServerProxy (RaftServerProxy.java:addNew(89)) - 7e02033f-e7de-4006-80be-ffeab2e3922a: addNew group-EE94ED21B3B2:[] returns group-EE94ED21B3B2:java.util.concurrent.CompletableFuture@2f7efd0b[Not completed]
2019-10-16 21:00:23,991 [pool-59-thread-1] INFO  impl.RaftServerImpl (RaftServerImpl.java:<init>(104)) - 7e02033f-e7de-4006-80be-ffeab2e3922a: new RaftServerImpl for group-B775CB1CFC79:[] with ContainerStateMachine:uninitialized
2019-10-16 21:00:23,991 [main] INFO  hdfs.DFSUtil (DFSUtil.java:httpServerTemplateForNNAndJN(1641)) - Starting Web-server for hddsDatanode at: http://0.0.0.0:39561
2019-10-16 21:00:23,992 [pool-59-thread-1] INFO  server.RaftServerConfigKeys (ConfUtils.java:logGet(43)) - raft.server.rpc.timeout.min = 5s (custom)
2019-10-16 21:00:23,992 [pool-59-thread-1] INFO  server.RaftServerConfigKeys (ConfUtils.java:logGet(43)) - raft.server.rpc.timeout.max = 5200ms (custom)
2019-10-16 21:00:23,992 [pool-59-thread-1] INFO  server.RaftServerConfigKeys (ConfUtils.java:logGet(43)) - raft.server.rpcslowness.timeout = 1000s (custom)
2019-10-16 21:00:23,993 [pool-59-thread-1] INFO  server.RaftServerConfigKeys (ConfUtils.java:logGet(43)) - raft.server.sleep.deviation.threshold = 300 (default)
2019-10-16 21:00:23,993 [pool-59-thread-1] INFO  server.RaftServerConfigKeys (ConfUtils.java:logGet(43)) - raft.server.log.appender.install.snapshot.enabled = false (custom)
2019-10-16 21:00:23,993 [pool-59-thread-1] INFO  impl.RaftServerImpl (ServerState.java:<init>(103)) - 7e02033f-e7de-4006-80be-ffeab2e3922a@group-B775CB1CFC79: ConfigurationManager, init=-1: [], old=null, confs=<EMPTY_MAP>
2019-10-16 21:00:23,993 [pool-59-thread-1] INFO  server.RaftServerConfigKeys (ConfUtils.java:logGet(43)) - raft.server.storage.dir = [/workdir/hadoop-ozone/integration-test/target/test-dir/MiniOzoneClusterImpl-612a4b9b-c8fe-4576-9448-f0de33cec420/datanode-2/data/ratis] (custom)
2019-10-16 21:00:23,993 [pool-59-thread-1] INFO  server.RaftServerConfigKeys (ConfUtils.java:logGet(43)) - raft.server.log.corruption.policy = EXCEPTION (default)
2019-10-16 21:00:23,995 [main] INFO  server.AuthenticationFilter (AuthenticationFilter.java:constructSecretProvider(240)) - Unable to initialize FileSignerSecretProvider, falling back to use random secrets.
2019-10-16 21:00:23,996 [main] WARN  http.HttpRequestLog (HttpRequestLog.java:getRequestLog(97)) - Jetty request log can only be enabled using Log4j
2019-10-16 21:00:23,999 [main] INFO  http.HttpServer2 (HttpServer2.java:addGlobalFilter(975)) - Added global filter 'safety' (class=org.apache.hadoop.http.HttpServer2$QuotingInputFilter)
2019-10-16 21:00:24,000 [main] INFO  http.HttpServer2 (HttpServer2.java:addFilter(948)) - Added filter static_user_filter (class=org.apache.hadoop.http.lib.StaticUserWebFilter$StaticUserFilter) to context hddsDatanode
2019-10-16 21:00:24,001 [main] INFO  http.HttpServer2 (HttpServer2.java:addFilter(958)) - Added filter static_user_filter (class=org.apache.hadoop.http.lib.StaticUserWebFilter$StaticUserFilter) to context logs
2019-10-16 21:00:24,001 [main] INFO  http.HttpServer2 (HttpServer2.java:addFilter(958)) - Added filter static_user_filter (class=org.apache.hadoop.http.lib.StaticUserWebFilter$StaticUserFilter) to context static
2019-10-16 21:00:24,002 [main] INFO  http.HttpServer2 (HttpServer2.java:bindListener(1191)) - Jetty bound to port 39561
2019-10-16 21:00:24,003 [main] INFO  server.Server (Server.java:doStart(351)) - jetty-9.3.25.v20180904, build timestamp: 2018-09-04T21:11:46Z, git hash: 3ce520221d0240229c862b122d2b06c12a625732
2019-10-16 21:00:24,005 [main] INFO  handler.ContextHandler (ContextHandler.java:doStart(781)) - Started o.e.j.s.ServletContextHandler@78a515e4{/logs,file:///workdir/hadoop-ozone/integration-test/target/log,AVAILABLE}
2019-10-16 21:00:24,006 [main] INFO  handler.ContextHandler (ContextHandler.java:doStart(781)) - Started o.e.j.s.ServletContextHandler@51c8f62c{/static,jar:file:/home/user/.m2/repository/org/apache/hadoop/hadoop-hdds-container-service/0.5.0-SNAPSHOT/hadoop-hdds-container-service-0.5.0-SNAPSHOT.jar!/webapps/static,AVAILABLE}
2019-10-16 21:00:24,006 [pool-59-thread-1] INFO  storage.RaftStorageDirectory (RaftStorageDirectory.java:tryLock(328)) - Lock on /workdir/hadoop-ozone/integration-test/target/test-dir/MiniOzoneClusterImpl-612a4b9b-c8fe-4576-9448-f0de33cec420/datanode-2/data/ratis/4fea0e3a-b978-493d-b2ed-b775cb1cfc79/in_use.lock acquired by nodename 12521@pr-hdds-1868-qdb9g-714931517
2019-10-16 21:00:24,009 [pool-59-thread-1] INFO  ratis.ContainerStateMachine (ContainerStateMachine.java:loadSnapshot(242)) - group-B775CB1CFC79: Setting the last applied index to (t:3, i:3)
2019-10-16 21:00:24,015 [pool-59-thread-1] INFO  impl.RaftServerImpl (ServerState.java:setRaftConf(357)) - 7e02033f-e7de-4006-80be-ffeab2e3922a@group-B775CB1CFC79: set configuration 0: [7d5bd66d-ed89-401c-bf86-050641c359fd:192.168.157.254:45704, e2e26bef-7a80-470b-89dc-752ae9b76223:192.168.157.254:36344, 7e02033f-e7de-4006-80be-ffeab2e3922a:192.168.157.254:33430], old=null at 0
2019-10-16 21:00:24,015 [pool-59-thread-1] INFO  server.RaftServerConfigKeys (ConfUtils.java:logGet(43)) - raft.server.notification.no-leader.timeout = 1000s (custom)
2019-10-16 21:00:24,015 [pool-59-thread-1] INFO  server.RaftServerConfigKeys (ConfUtils.java:logGet(43)) - raft.server.log.use.memory = false (default)
2019-10-16 21:00:24,015 [pool-59-thread-1] INFO  server.RaftServerConfigKeys (ConfUtils.java:logGet(43)) - raft.server.log.purge.gap = 1000000 (custom)
2019-10-16 21:00:24,015 [pool-59-thread-1] INFO  server.RaftServerConfigKeys (ConfUtils.java:logGet(43)) - raft.server.log.appender.buffer.byte-limit = 33554432 (custom)
2019-10-16 21:00:24,016 [pool-59-thread-1] INFO  server.RaftServerConfigKeys (ConfUtils.java:logGet(43)) - raft.server.log.segment.size.max = 1048576 (custom)
2019-10-16 21:00:24,016 [pool-59-thread-1] INFO  server.RaftServerConfigKeys (ConfUtils.java:logGet(43)) - raft.server.log.segment.cache.num.max = 2 (custom)
2019-10-16 21:00:24,016 [pool-59-thread-1] INFO  segmented.SegmentedRaftLogWorker (SegmentedRaftLogWorker.java:<init>(173)) - new 7e02033f-e7de-4006-80be-ffeab2e3922a@group-B775CB1CFC79-SegmentedRaftLogWorker for RaftStorage:Storage Directory /workdir/hadoop-ozone/integration-test/target/test-dir/MiniOzoneClusterImpl-612a4b9b-c8fe-4576-9448-f0de33cec420/datanode-2/data/ratis/4fea0e3a-b978-493d-b2ed-b775cb1cfc79
2019-10-16 21:00:24,016 [pool-59-thread-1] INFO  server.RaftServerConfigKeys (ConfUtils.java:logGet(43)) - raft.server.log.queue.byte-limit = 2147483647 (custom)
2019-10-16 21:00:24,016 [pool-59-thread-1] INFO  server.RaftServerConfigKeys (ConfUtils.java:logGet(43)) - raft.server.log.queue.element-limit = 1024 (custom)
2019-10-16 21:00:24,016 [pool-59-thread-1] INFO  server.RaftServerConfigKeys (ConfUtils.java:logGet(43)) - raft.server.log.segment.size.max = 1048576 (custom)
2019-10-16 21:00:24,016 [pool-59-thread-1] INFO  server.RaftServerConfigKeys (ConfUtils.java:logGet(43)) - raft.server.log.preallocated.size = 16384 (custom)
2019-10-16 21:00:24,017 [pool-59-thread-1] INFO  server.RaftServerConfigKeys (ConfUtils.java:logGet(43)) - raft.server.log.write.buffer.size = 33554432 (custom)
2019-10-16 21:00:24,017 [pool-59-thread-1] INFO  server.RaftServerConfigKeys (ConfUtils.java:logGet(43)) - raft.server.log.force.sync.num = 128 (default)
2019-10-16 21:00:24,017 [pool-59-thread-1] INFO  server.RaftServerConfigKeys (ConfUtils.java:logGet(43)) - raft.server.log.statemachine.data.sync = true (default)
2019-10-16 21:00:24,017 [pool-59-thread-1] INFO  server.RaftServerConfigKeys (ConfUtils.java:logGet(43)) - raft.server.log.statemachine.data.sync.timeout = 10s (default)
2019-10-16 21:00:24,017 [pool-59-thread-1] INFO  server.RaftServerConfigKeys (ConfUtils.java:logGet(43)) - raft.server.log.statemachine.data.sync.timeout.retry = -1 (default)
2019-10-16 21:00:24,017 [pool-59-thread-1] INFO  server.RaftServerConfigKeys (ConfUtils.java:logGet(43)) - raft.server.log.statemachine.data.caching.enabled = true (custom)
2019-10-16 21:00:24,024 [pool-59-thread-1] INFO  impl.RaftServerImpl (ServerState.java:setRaftConf(357)) - 7e02033f-e7de-4006-80be-ffeab2e3922a@group-B775CB1CFC79: set configuration 0: [7d5bd66d-ed89-401c-bf86-050641c359fd:192.168.157.254:45704, e2e26bef-7a80-470b-89dc-752ae9b76223:192.168.157.254:36344, 7e02033f-e7de-4006-80be-ffeab2e3922a:192.168.157.254:33430], old=null at 0
2019-10-16 21:00:24,025 [pool-59-thread-1] INFO  segmented.LogSegment (LogSegment.java:loadSegment(140)) - Successfully read 5 entries from segment file /workdir/hadoop-ozone/integration-test/target/test-dir/MiniOzoneClusterImpl-612a4b9b-c8fe-4576-9448-f0de33cec420/datanode-2/data/ratis/4fea0e3a-b978-493d-b2ed-b775cb1cfc79/current/log_inprogress_0
2019-10-16 21:00:24,025 [pool-59-thread-1] INFO  segmented.SegmentedRaftLogWorker (SegmentedRaftLogWorker.java:lambda$new$0(128)) - 7e02033f-e7de-4006-80be-ffeab2e3922a@group-B775CB1CFC79-SegmentedRaftLogWorker: flushIndex: setUnconditionally 0 -> 4
2019-10-16 21:00:24,046 [main] INFO  handler.ContextHandler (ContextHandler.java:doStart(781)) - Started o.e.j.w.WebAppContext@732f6050{/,file:///tmp/jetty-0.0.0.0-39561-hddsDatanode-_-any-6126390735537325729.dir/webapp/,AVAILABLE}{/hddsDatanode}
2019-10-16 21:00:24,046 [main] INFO  server.AbstractConnector (AbstractConnector.java:doStart(278)) - Started ServerConnector@6fbc1bb{HTTP/1.1,[http/1.1]}{0.0.0.0:39561}
2019-10-16 21:00:24,053 [pool-59-thread-1] INFO  raftlog.RaftLog (RaftLog.java:lambda$new$0(61)) - 7e02033f-e7de-4006-80be-ffeab2e3922a@group-B775CB1CFC79-SegmentedRaftLog: commitIndex: updateToMax old=3, new=3, updated? false
2019-10-16 21:00:24,053 [main] INFO  server.Server (Server.java:doStart(419)) - Started @113450ms
2019-10-16 21:00:24,053 [main] WARN  impl.MetricsSystemImpl (MetricsSystemImpl.java:register(276)) - Sink prometheus already exists!
2019-10-16 21:00:24,054 [pool-59-thread-1] INFO  server.RaftServerConfigKeys (ConfUtils.java:logGet(43)) - raft.server.snapshot.auto.trigger.enabled = true (custom)
2019-10-16 21:00:24,054 [pool-59-thread-1] INFO  server.RaftServerConfigKeys (ConfUtils.java:logGet(43)) - raft.server.snapshot.auto.trigger.threshold = 10000 (custom)
2019-10-16 21:00:24,054 [pool-59-thread-1] INFO  server.RaftServerConfigKeys (ConfUtils.java:logGet(43)) - raft.server.snapshot.retention.file.num = 5 (custom)
2019-10-16 21:00:24,054 [pool-59-thread-1] INFO  server.RaftServerConfigKeys (ConfUtils.java:logGet(43)) - raft.server.retrycache.expirytime = 600000ms (custom)
2019-10-16 21:00:24,056 [main] INFO  server.BaseHttpServer (BaseHttpServer.java:updateConnectorAddress(215)) - HTTP server of HDDSDATANODE is listening at http://0.0.0.0:39561
2019-10-16 21:00:24,056 [pool-59-thread-1] INFO  impl.RaftServerImpl (RaftServerImpl.java:<init>(104)) - 7e02033f-e7de-4006-80be-ffeab2e3922a: new RaftServerImpl for group-EE94ED21B3B2:[] with ContainerStateMachine:uninitialized
2019-10-16 21:00:24,056 [pool-59-thread-1] INFO  server.RaftServerConfigKeys (ConfUtils.java:logGet(43)) - raft.server.rpc.timeout.min = 5s (custom)
2019-10-16 21:00:24,056 [pool-59-thread-1] INFO  server.RaftServerConfigKeys (ConfUtils.java:logGet(43)) - raft.server.rpc.timeout.max = 5200ms (custom)
2019-10-16 21:00:24,056 [pool-59-thread-1] INFO  server.RaftServerConfigKeys (ConfUtils.java:logGet(43)) - raft.server.rpcslowness.timeout = 1000s (custom)
2019-10-16 21:00:24,056 [pool-59-thread-1] INFO  server.RaftServerConfigKeys (ConfUtils.java:logGet(43)) - raft.server.sleep.deviation.threshold = 300 (default)
2019-10-16 21:00:24,056 [pool-59-thread-1] INFO  server.RaftServerConfigKeys (ConfUtils.java:logGet(43)) - raft.server.log.appender.install.snapshot.enabled = false (custom)
2019-10-16 21:00:24,056 [pool-59-thread-1] INFO  impl.RaftServerImpl (ServerState.java:<init>(103)) - 7e02033f-e7de-4006-80be-ffeab2e3922a@group-EE94ED21B3B2: ConfigurationManager, init=-1: [], old=null, confs=<EMPTY_MAP>
2019-10-16 21:00:24,057 [pool-59-thread-1] INFO  server.RaftServerConfigKeys (ConfUtils.java:logGet(43)) - raft.server.storage.dir = [/workdir/hadoop-ozone/integration-test/target/test-dir/MiniOzoneClusterImpl-612a4b9b-c8fe-4576-9448-f0de33cec420/datanode-2/data/ratis] (custom)
2019-10-16 21:00:24,057 [pool-59-thread-1] INFO  server.RaftServerConfigKeys (ConfUtils.java:logGet(43)) - raft.server.log.corruption.policy = EXCEPTION (default)
2019-10-16 21:00:24,058 [org.apache.hadoop.util.JvmPauseMonitor$Monitor@691965dc] INFO  util.JvmPauseMonitor (JvmPauseMonitor.java:run(188)) - Starting JVM pause monitor
2019-10-16 21:00:24,070 [pool-59-thread-1] INFO  storage.RaftStorageDirectory (RaftStorageDirectory.java:tryLock(328)) - Lock on /workdir/hadoop-ozone/integration-test/target/test-dir/MiniOzoneClusterImpl-612a4b9b-c8fe-4576-9448-f0de33cec420/datanode-2/data/ratis/8584538a-5077-40cb-9908-ee94ed21b3b2/in_use.lock acquired by nodename 12521@pr-hdds-1868-qdb9g-714931517
2019-10-16 21:00:24,070 [pool-59-thread-1] INFO  ratis.ContainerStateMachine (ContainerStateMachine.java:loadSnapshot(233)) - group-EE94ED21B3B2: The snapshot info is null. Setting the last applied indexto:(t:0, i:~)
2019-10-16 21:00:24,070 [pool-59-thread-1] INFO  server.RaftServerConfigKeys (ConfUtils.java:logGet(43)) - raft.server.notification.no-leader.timeout = 1000s (custom)
2019-10-16 21:00:24,071 [pool-59-thread-1] INFO  server.RaftServerConfigKeys (ConfUtils.java:logGet(43)) - raft.server.log.use.memory = false (default)
2019-10-16 21:00:24,071 [pool-59-thread-1] INFO  server.RaftServerConfigKeys (ConfUtils.java:logGet(43)) - raft.server.log.purge.gap = 1000000 (custom)
2019-10-16 21:00:24,071 [pool-59-thread-1] INFO  server.RaftServerConfigKeys (ConfUtils.java:logGet(43)) - raft.server.log.appender.buffer.byte-limit = 33554432 (custom)
2019-10-16 21:00:24,071 [pool-59-thread-1] INFO  server.RaftServerConfigKeys (ConfUtils.java:logGet(43)) - raft.server.log.segment.size.max = 1048576 (custom)
2019-10-16 21:00:24,071 [pool-59-thread-1] INFO  server.RaftServerConfigKeys (ConfUtils.java:logGet(43)) - raft.server.log.segment.cache.num.max = 2 (custom)
2019-10-16 21:00:24,071 [pool-59-thread-1] INFO  segmented.SegmentedRaftLogWorker (SegmentedRaftLogWorker.java:<init>(173)) - new 7e02033f-e7de-4006-80be-ffeab2e3922a@group-EE94ED21B3B2-SegmentedRaftLogWorker for RaftStorage:Storage Directory /workdir/hadoop-ozone/integration-test/target/test-dir/MiniOzoneClusterImpl-612a4b9b-c8fe-4576-9448-f0de33cec420/datanode-2/data/ratis/8584538a-5077-40cb-9908-ee94ed21b3b2
2019-10-16 21:00:24,071 [pool-59-thread-1] INFO  server.RaftServerConfigKeys (ConfUtils.java:logGet(43)) - raft.server.log.queue.byte-limit = 2147483647 (custom)
2019-10-16 21:00:24,071 [pool-59-thread-1] INFO  server.RaftServerConfigKeys (ConfUtils.java:logGet(43)) - raft.server.log.queue.element-limit = 1024 (custom)
2019-10-16 21:00:24,071 [pool-59-thread-1] INFO  server.RaftServerConfigKeys (ConfUtils.java:logGet(43)) - raft.server.log.segment.size.max = 1048576 (custom)
2019-10-16 21:00:24,071 [pool-59-thread-1] INFO  server.RaftServerConfigKeys (ConfUtils.java:logGet(43)) - raft.server.log.preallocated.size = 16384 (custom)
2019-10-16 21:00:24,072 [pool-59-thread-1] INFO  server.RaftServerConfigKeys (ConfUtils.java:logGet(43)) - raft.server.log.write.buffer.size = 33554432 (custom)
2019-10-16 21:00:24,072 [pool-59-thread-1] INFO  server.RaftServerConfigKeys (ConfUtils.java:logGet(43)) - raft.server.log.force.sync.num = 128 (default)
2019-10-16 21:00:24,072 [pool-59-thread-1] INFO  server.RaftServerConfigKeys (ConfUtils.java:logGet(43)) - raft.server.log.statemachine.data.sync = true (default)
2019-10-16 21:00:24,072 [pool-59-thread-1] INFO  server.RaftServerConfigKeys (ConfUtils.java:logGet(43)) - raft.server.log.statemachine.data.sync.timeout = 10s (default)
2019-10-16 21:00:24,072 [pool-59-thread-1] INFO  server.RaftServerConfigKeys (ConfUtils.java:logGet(43)) - raft.server.log.statemachine.data.sync.timeout.retry = -1 (default)
2019-10-16 21:00:24,072 [pool-59-thread-1] INFO  server.RaftServerConfigKeys (ConfUtils.java:logGet(43)) - raft.server.log.statemachine.data.caching.enabled = true (custom)
2019-10-16 21:00:24,073 [pool-59-thread-1] INFO  impl.RaftServerImpl (ServerState.java:setRaftConf(357)) - 7e02033f-e7de-4006-80be-ffeab2e3922a@group-EE94ED21B3B2: set configuration 0: [7e02033f-e7de-4006-80be-ffeab2e3922a:192.168.157.254:33430], old=null at 0
2019-10-16 21:00:24,073 [pool-59-thread-1] INFO  segmented.LogSegment (LogSegment.java:loadSegment(140)) - Successfully read 1 entries from segment file /workdir/hadoop-ozone/integration-test/target/test-dir/MiniOzoneClusterImpl-612a4b9b-c8fe-4576-9448-f0de33cec420/datanode-2/data/ratis/8584538a-5077-40cb-9908-ee94ed21b3b2/current/log_inprogress_0
2019-10-16 21:00:24,073 [pool-59-thread-1] INFO  segmented.SegmentedRaftLogWorker (SegmentedRaftLogWorker.java:lambda$new$0(128)) - 7e02033f-e7de-4006-80be-ffeab2e3922a@group-EE94ED21B3B2-SegmentedRaftLogWorker: flushIndex: setUnconditionally 0 -> 0
2019-10-16 21:00:24,097 [pool-59-thread-1] INFO  server.RaftServerConfigKeys (ConfUtils.java:logGet(43)) - raft.server.snapshot.auto.trigger.enabled = true (custom)
2019-10-16 21:00:24,097 [pool-59-thread-1] INFO  server.RaftServerConfigKeys (ConfUtils.java:logGet(43)) - raft.server.snapshot.auto.trigger.threshold = 10000 (custom)
2019-10-16 21:00:24,097 [pool-59-thread-1] INFO  server.RaftServerConfigKeys (ConfUtils.java:logGet(43)) - raft.server.snapshot.retention.file.num = 5 (custom)
2019-10-16 21:00:24,097 [pool-59-thread-1] INFO  server.RaftServerConfigKeys (ConfUtils.java:logGet(43)) - raft.server.retrycache.expirytime = 600000ms (custom)
2019-10-16 21:00:24,397 [SCMBlockDeletingService#0] INFO  block.SCMBlockDeletingService (SCMBlockDeletingService.java:call(184)) - Totally added 1 delete blocks command for 1 datanodes, task elapsed time: 0ms
2019-10-16 21:00:24,399 [pool-7-thread-1] INFO  commands.RetriableDatanodeEventWatcher (RetriableDatanodeEventWatcher.java:onTimeout(47)) - RetriableDatanodeCommand type=deleteBlocksCommand with id=1571259623396 timed out. Retrying.
2019-10-16 21:00:24,884 [BlockDeletingService#2] WARN  background.BlockDeletingService (BlockDeletingService.java:isDeletionAllowed(187)) - Close Container log Index 6 is not replicated across allthe servers in the pipeline 4fea0e3a-b978-493d-b2ed-b775cb1cfc79 as the min replicated index is 4. Deletion is not allowed in this container yet.
2019-10-16 21:00:24,885 [BlockDeletingService#2] WARN  background.BlockDeletingService (BlockDeletingService.java:isDeletionAllowed(187)) - Close Container log Index 6 is not replicated across allthe servers in the pipeline 4fea0e3a-b978-493d-b2ed-b775cb1cfc79 as the min replicated index is 4. Deletion is not allowed in this container yet.
2019-10-16 21:00:25,397 [pool-7-thread-1] INFO  commands.RetriableDatanodeEventWatcher (RetriableDatanodeEventWatcher.java:onTimeout(47)) - RetriableDatanodeCommand type=deleteBlocksCommand with id=1571259623398 timed out. Retrying.
2019-10-16 21:00:25,398 [SCMBlockDeletingService#0] INFO  block.SCMBlockDeletingService (SCMBlockDeletingService.java:call(184)) - Totally added 1 delete blocks command for 1 datanodes, task elapsed time: 0ms
2019-10-16 21:00:25,400 [pool-7-thread-1] INFO  commands.RetriableDatanodeEventWatcher (RetriableDatanodeEventWatcher.java:onTimeout(47)) - RetriableDatanodeCommand type=deleteBlocksCommand with id=1571259623396 timed out. Retrying.
2019-10-16 21:00:25,584 [Thread-551] INFO  client.GrpcClientProtocolService (GrpcClientProtocolService.java:lambda$processClientRequest$0(278)) - Failed RaftClientRequest:client-BDDAE6707277->e2e26bef-7a80-470b-89dc-752ae9b76223@group-B775CB1CFC79, cid=10, seq=0, Watch-ALL_COMMITTED(6), Message:<EMPTY>, reply=RaftClientReply:client-BDDAE6707277->e2e26bef-7a80-470b-89dc-752ae9b76223@group-B775CB1CFC79, cid=10, FAILED org.apache.ratis.protocol.NotReplicatedException: Request with call Id 10 and log index 6 is not yet replicated to ALL_COMMITTED, logIndex=6, commits[e2e26bef-7a80-470b-89dc-752ae9b76223:c10, 7d5bd66d-ed89-401c-bf86-050641c359fd:c10, 7e02033f-e7de-4006-80be-ffeab2e3922a:c4]
2019-10-16 21:00:25,886 [BlockDeletingService#2] WARN  background.BlockDeletingService (BlockDeletingService.java:isDeletionAllowed(187)) - Close Container log Index 6 is not replicated across allthe servers in the pipeline 4fea0e3a-b978-493d-b2ed-b775cb1cfc79 as the min replicated index is 4. Deletion is not allowed in this container yet.
2019-10-16 21:00:25,886 [BlockDeletingService#2] WARN  background.BlockDeletingService (BlockDeletingService.java:isDeletionAllowed(187)) - Close Container log Index 6 is not replicated across allthe servers in the pipeline 4fea0e3a-b978-493d-b2ed-b775cb1cfc79 as the min replicated index is 4. Deletion is not allowed in this container yet.
2019-10-16 21:00:26,060 [Datanode State Machine Thread - 0] INFO  ozoneimpl.OzoneContainer (OzoneContainer.java:start(213)) - Attempting to start container services.
2019-10-16 21:00:26,060 [Datanode State Machine Thread - 0] INFO  ozoneimpl.OzoneContainer (OzoneContainer.java:startContainerScrub(177)) - Background container scanner has been disabled.
2019-10-16 21:00:26,060 [Datanode State Machine Thread - 0] INFO  ratis.XceiverServerRatis (XceiverServerRatis.java:start(425)) - Starting XceiverServerRatis 7e02033f-e7de-4006-80be-ffeab2e3922a at port 33430
2019-10-16 21:00:26,070 [Datanode State Machine Thread - 0] INFO  impl.RaftServerImpl (RaftServerImpl.java:start(195)) - 7e02033f-e7de-4006-80be-ffeab2e3922a@group-EE94ED21B3B2: start as a follower, conf=0: [7e02033f-e7de-4006-80be-ffeab2e3922a:192.168.157.254:33430], old=null
2019-10-16 21:00:26,071 [ForkJoinPool.commonPool-worker-1] INFO  impl.RaftServerImpl (RaftServerImpl.java:start(195)) - 7e02033f-e7de-4006-80be-ffeab2e3922a@group-B775CB1CFC79: start as a follower, conf=0: [7d5bd66d-ed89-401c-bf86-050641c359fd:192.168.157.254:45704, e2e26bef-7a80-470b-89dc-752ae9b76223:192.168.157.254:36344, 7e02033f-e7de-4006-80be-ffeab2e3922a:192.168.157.254:33430], old=null
2019-10-16 21:00:26,071 [Datanode State Machine Thread - 0] INFO  impl.RaftServerImpl (RaftServerImpl.java:setRole(184)) - 7e02033f-e7de-4006-80be-ffeab2e3922a@group-EE94ED21B3B2: changes role from      null to FOLLOWER at term 1 for startAsFollower
2019-10-16 21:00:26,072 [ForkJoinPool.commonPool-worker-1] INFO  impl.RaftServerImpl (RaftServerImpl.java:setRole(184)) - 7e02033f-e7de-4006-80be-ffeab2e3922a@group-B775CB1CFC79: changes role from      null to FOLLOWER at term 3 for startAsFollower
2019-10-16 21:00:26,072 [Datanode State Machine Thread - 0] INFO  impl.RoleInfo (RoleInfo.java:updateAndGet(143)) - 7e02033f-e7de-4006-80be-ffeab2e3922a: start FollowerState
2019-10-16 21:00:26,072 [ForkJoinPool.commonPool-worker-1] INFO  impl.RoleInfo (RoleInfo.java:updateAndGet(143)) - 7e02033f-e7de-4006-80be-ffeab2e3922a: start FollowerState
2019-10-16 21:00:26,073 [Datanode State Machine Thread - 0] INFO  util.JmxRegister (JmxRegister.java:tryRegister(44)) - Successfully registered JMX Bean with object name Ratis:service=RaftServer,group=group-EE94ED21B3B2,id=7e02033f-e7de-4006-80be-ffeab2e3922a
2019-10-16 21:00:26,073 [ForkJoinPool.commonPool-worker-1] INFO  util.JmxRegister (JmxRegister.java:tryRegister(44)) - Successfully registered JMX Bean with object name Ratis:service=RaftServer,group=group-B775CB1CFC79,id=7e02033f-e7de-4006-80be-ffeab2e3922a
2019-10-16 21:00:26,075 [Datanode State Machine Thread - 0] INFO  impl.RaftServerProxy (RaftServerProxy.java:lambda$start$3(299)) - 7e02033f-e7de-4006-80be-ffeab2e3922a: start RPC server
2019-10-16 21:00:26,077 [Datanode State Machine Thread - 0] INFO  server.GrpcService (GrpcService.java:startImpl(158)) - 7e02033f-e7de-4006-80be-ffeab2e3922a: GrpcService started, listening on 0.0.0.0/0.0.0.0:33430
2019-10-16 21:00:26,174 [Thread-556] INFO  impl.FollowerState (FollowerState.java:run(108)) - 7e02033f-e7de-4006-80be-ffeab2e3922a@group-B775CB1CFC79-FollowerState: change to CANDIDATE, lastRpcTime:101ms, electionTimeout:101ms
2019-10-16 21:00:26,174 [Thread-556] INFO  impl.RoleInfo (RoleInfo.java:shutdownFollowerState(121)) - 7e02033f-e7de-4006-80be-ffeab2e3922a: shutdown FollowerState
2019-10-16 21:00:26,174 [Thread-556] INFO  impl.RaftServerImpl (RaftServerImpl.java:setRole(184)) - 7e02033f-e7de-4006-80be-ffeab2e3922a@group-B775CB1CFC79: changes role from  FOLLOWER to CANDIDATE at term 3 for changeToCandidate
2019-10-16 21:00:26,174 [Thread-556] INFO  impl.RoleInfo (RoleInfo.java:updateAndGet(143)) - 7e02033f-e7de-4006-80be-ffeab2e3922a: start LeaderElection
2019-10-16 21:00:26,191 [7e02033f-e7de-4006-80be-ffeab2e3922a@group-B775CB1CFC79-LeaderElection7] INFO  impl.LeaderElection (LeaderElection.java:askForVotes(178)) - 7e02033f-e7de-4006-80be-ffeab2e3922a@group-B775CB1CFC79-LeaderElection7: begin an election at term 4 for 0: [7d5bd66d-ed89-401c-bf86-050641c359fd:192.168.157.254:45704, e2e26bef-7a80-470b-89dc-752ae9b76223:192.168.157.254:36344, 7e02033f-e7de-4006-80be-ffeab2e3922a:192.168.157.254:33430], old=null
2019-10-16 21:00:26,202 [Thread-555] INFO  impl.FollowerState (FollowerState.java:run(108)) - 7e02033f-e7de-4006-80be-ffeab2e3922a@group-EE94ED21B3B2-FollowerState: change to CANDIDATE, lastRpcTime:130ms, electionTimeout:129ms
2019-10-16 21:00:26,202 [Thread-555] INFO  impl.RoleInfo (RoleInfo.java:shutdownFollowerState(121)) - 7e02033f-e7de-4006-80be-ffeab2e3922a: shutdown FollowerState
2019-10-16 21:00:26,202 [grpc-default-executor-3] INFO  impl.RaftServerImpl (ServerState.java:setLeader(256)) - e2e26bef-7a80-470b-89dc-752ae9b76223@group-B775CB1CFC79: change Leader from e2e26bef-7a80-470b-89dc-752ae9b76223 to null at term 4 for updateCurrentTerm
2019-10-16 21:00:26,202 [Thread-555] INFO  impl.RaftServerImpl (RaftServerImpl.java:setRole(184)) - 7e02033f-e7de-4006-80be-ffeab2e3922a@group-EE94ED21B3B2: changes role from  FOLLOWER to CANDIDATE at term 1 for changeToCandidate
2019-10-16 21:00:26,202 [grpc-default-executor-2] INFO  impl.RaftServerImpl (ServerState.java:setLeader(256)) - 7d5bd66d-ed89-401c-bf86-050641c359fd@group-B775CB1CFC79: change Leader from e2e26bef-7a80-470b-89dc-752ae9b76223 to null at term 4 for updateCurrentTerm
2019-10-16 21:00:26,202 [Thread-555] INFO  impl.RoleInfo (RoleInfo.java:updateAndGet(143)) - 7e02033f-e7de-4006-80be-ffeab2e3922a: start LeaderElection
2019-10-16 21:00:26,202 [grpc-default-executor-3] INFO  impl.RaftServerImpl (RaftServerImpl.java:setRole(184)) - e2e26bef-7a80-470b-89dc-752ae9b76223@group-B775CB1CFC79: changes role from    LEADER to FOLLOWER at term 4 for recognizeCandidate:7e02033f-e7de-4006-80be-ffeab2e3922a
2019-10-16 21:00:26,202 [grpc-default-executor-2] INFO  impl.RaftServerImpl (RaftServerImpl.java:setRole(184)) - 7d5bd66d-ed89-401c-bf86-050641c359fd@group-B775CB1CFC79: changes role from  FOLLOWER to FOLLOWER at term 4 for recognizeCandidate:7e02033f-e7de-4006-80be-ffeab2e3922a
2019-10-16 21:00:26,203 [grpc-default-executor-3] INFO  impl.RoleInfo (RoleInfo.java:shutdownLeaderState(104)) - e2e26bef-7a80-470b-89dc-752ae9b76223: shutdown LeaderState
2019-10-16 21:00:26,204 [grpc-default-executor-2] INFO  impl.RoleInfo (RoleInfo.java:shutdownFollowerState(121)) - 7d5bd66d-ed89-401c-bf86-050641c359fd: shutdown FollowerState
2019-10-16 21:00:26,206 [org.apache.ratis.server.impl.LogAppender$AppenderDaemon$$Lambda$412/978845759@6c3b01d9] WARN  server.GrpcLogAppender (GrpcLogAppender.java:mayWait(149)) - e2e26bef-7a80-470b-89dc-752ae9b76223@group-B775CB1CFC79->7d5bd66d-ed89-401c-bf86-050641c359fd-GrpcLogAppender: Wait interrupted by java.lang.InterruptedException
2019-10-16 21:00:26,206 [org.apache.ratis.server.impl.LogAppender$AppenderDaemon$$Lambda$412/978845759@5d9da9e7] WARN  server.GrpcLogAppender (GrpcLogAppender.java:mayWait(149)) - e2e26bef-7a80-470b-89dc-752ae9b76223@group-B775CB1CFC79->7e02033f-e7de-4006-80be-ffeab2e3922a-GrpcLogAppender: Wait interrupted by java.lang.InterruptedException
2019-10-16 21:00:26,206 [grpc-default-executor-3] INFO  impl.PendingRequests (PendingRequests.java:sendNotLeaderResponses(202)) - e2e26bef-7a80-470b-89dc-752ae9b76223@group-B775CB1CFC79-PendingRequests: sendNotLeaderResponses
2019-10-16 21:00:26,207 [Thread-231] INFO  impl.FollowerState (FollowerState.java:run(117)) - 7d5bd66d-ed89-401c-bf86-050641c359fd@group-B775CB1CFC79-FollowerState was interrupted: java.lang.InterruptedException: sleep interrupted
2019-10-16 21:00:26,207 [grpc-default-executor-2] INFO  impl.RoleInfo (RoleInfo.java:updateAndGet(143)) - 7d5bd66d-ed89-401c-bf86-050641c359fd: start FollowerState
2019-10-16 21:00:26,211 [grpc-default-executor-0] INFO  server.GrpcServerProtocolService (GrpcServerProtocolService.java:onCompleted(113)) - 7d5bd66d-ed89-401c-bf86-050641c359fd: Completed APPEND_ENTRIES, lastRequest: e2e26bef-7a80-470b-89dc-752ae9b76223->7d5bd66d-ed89-401c-bf86-050641c359fd#51-t3, previous=(t:3, i:10), leaderCommit=10, initializing? false, entries: <empty>
2019-10-16 21:00:26,211 [Thread-564] INFO  client.GrpcClientProtocolService (GrpcClientProtocolService.java:lambda$processClientRequest$0(278)) - Failed RaftClientRequest:client-BDDAE6707277->e2e26bef-7a80-470b-89dc-752ae9b76223@group-B775CB1CFC79, cid=10, seq=0, Watch-ALL_COMMITTED(6), Message:<EMPTY>, reply=RaftClientReply:client-BDDAE6707277->e2e26bef-7a80-470b-89dc-752ae9b76223@group-B775CB1CFC79, cid=10, FAILED org.apache.ratis.protocol.NotLeaderException: Server e2e26bef-7a80-470b-89dc-752ae9b76223@group-B775CB1CFC79 is not the leader, logIndex=0, commits[e2e26bef-7a80-470b-89dc-752ae9b76223:c10, 7d5bd66d-ed89-401c-bf86-050641c359fd:c10, 7e02033f-e7de-4006-80be-ffeab2e3922a:c4]
2019-10-16 21:00:26,211 [grpc-default-executor-3] INFO  impl.RoleInfo (RoleInfo.java:updateAndGet(143)) - e2e26bef-7a80-470b-89dc-752ae9b76223: start FollowerState
2019-10-16 21:00:26,213 [grpc-default-executor-0] INFO  server.GrpcLogAppender (GrpcLogAppender.java:onCompleted(308)) - e2e26bef-7a80-470b-89dc-752ae9b76223@group-B775CB1CFC79->7d5bd66d-ed89-401c-bf86-050641c359fd-AppendLogResponseHandler: follower responses appendEntries COMPLETED
2019-10-16 21:00:26,216 [grpc-default-executor-0] INFO  impl.FollowerInfo (FollowerInfo.java:lambda$new$0(51)) - e2e26bef-7a80-470b-89dc-752ae9b76223@group-B775CB1CFC79->7d5bd66d-ed89-401c-bf86-050641c359fd: nextIndex: updateUnconditionally 11 -> 10
2019-10-16 21:00:26,220 [7e02033f-e7de-4006-80be-ffeab2e3922a@group-EE94ED21B3B2-LeaderElection8] INFO  impl.LeaderElection (LeaderElection.java:askForVotes(178)) - 7e02033f-e7de-4006-80be-ffeab2e3922a@group-EE94ED21B3B2-LeaderElection8: begin an election at term 2 for 0: [7e02033f-e7de-4006-80be-ffeab2e3922a:192.168.157.254:33430], old=null
2019-10-16 21:00:26,220 [7e02033f-e7de-4006-80be-ffeab2e3922a@group-EE94ED21B3B2-LeaderElection8] INFO  impl.RoleInfo (RoleInfo.java:shutdownLeaderElection(134)) - 7e02033f-e7de-4006-80be-ffeab2e3922a: shutdown LeaderElection
2019-10-16 21:00:26,220 [7e02033f-e7de-4006-80be-ffeab2e3922a@group-EE94ED21B3B2-LeaderElection8] INFO  impl.RaftServerImpl (RaftServerImpl.java:setRole(184)) - 7e02033f-e7de-4006-80be-ffeab2e3922a@group-EE94ED21B3B2: changes role from CANDIDATE to LEADER at term 2 for changeToLeader
2019-10-16 21:00:26,220 [7e02033f-e7de-4006-80be-ffeab2e3922a@group-EE94ED21B3B2-LeaderElection8] INFO  ratis.XceiverServerRatis (XceiverServerRatis.java:handleLeaderChangedNotification(700)) - Leader change notification received for group: group-EE94ED21B3B2 with new leaderId: 7e02033f-e7de-4006-80be-ffeab2e3922a
2019-10-16 21:00:26,221 [7e02033f-e7de-4006-80be-ffeab2e3922a@group-EE94ED21B3B2-LeaderElection8] INFO  impl.RaftServerImpl (ServerState.java:setLeader(256)) - 7e02033f-e7de-4006-80be-ffeab2e3922a@group-EE94ED21B3B2: change Leader from null to 7e02033f-e7de-4006-80be-ffeab2e3922a at term 2 for becomeLeader, leader elected after 2149ms
2019-10-16 21:00:26,222 [7e02033f-e7de-4006-80be-ffeab2e3922a@group-EE94ED21B3B2-LeaderElection8] INFO  server.RaftServerConfigKeys (ConfUtils.java:logGet(43)) - raft.server.staging.catchup.gap = 1000 (default)
2019-10-16 21:00:26,226 [7e02033f-e7de-4006-80be-ffeab2e3922a@group-EE94ED21B3B2-LeaderElection8] INFO  server.RaftServerConfigKeys (ConfUtils.java:logGet(43)) - raft.server.rpc.sleep.time = 25ms (default)
2019-10-16 21:00:26,226 [7e02033f-e7de-4006-80be-ffeab2e3922a@group-EE94ED21B3B2-LeaderElection8] INFO  server.RaftServerConfigKeys (ConfUtils.java:logGet(43)) - raft.server.write.element-limit = 4096 (default)
2019-10-16 21:00:26,226 [7e02033f-e7de-4006-80be-ffeab2e3922a@group-EE94ED21B3B2-LeaderElection8] INFO  server.RaftServerConfigKeys (ConfUtils.java:logGet(43)) - raft.server.watch.timeout = 10s (default)
2019-10-16 21:00:26,226 [7e02033f-e7de-4006-80be-ffeab2e3922a@group-B775CB1CFC79-LeaderElection7] INFO  impl.LeaderElection (LeaderElection.java:logAndReturn(56)) - 7e02033f-e7de-4006-80be-ffeab2e3922a@group-B775CB1CFC79-LeaderElection7: Election REJECTED; received 2 response(s) [7e02033f-e7de-4006-80be-ffeab2e3922a<-7d5bd66d-ed89-401c-bf86-050641c359fd#0:FAIL-t4, 7e02033f-e7de-4006-80be-ffeab2e3922a<-e2e26bef-7a80-470b-89dc-752ae9b76223#0:FAIL-t4] and 0 exception(s); 7e02033f-e7de-4006-80be-ffeab2e3922a@group-B775CB1CFC79:t4, leader=null, voted=7e02033f-e7de-4006-80be-ffeab2e3922a, raftlog=7e02033f-e7de-4006-80be-ffeab2e3922a@group-B775CB1CFC79-SegmentedRaftLog:OPENED:c3,f4,i4, conf=0: [7d5bd66d-ed89-401c-bf86-050641c359fd:192.168.157.254:45704, e2e26bef-7a80-470b-89dc-752ae9b76223:192.168.157.254:36344, 7e02033f-e7de-4006-80be-ffeab2e3922a:192.168.157.254:33430], old=null
2019-10-16 21:00:26,226 [7e02033f-e7de-4006-80be-ffeab2e3922a@group-EE94ED21B3B2-LeaderElection8] INFO  server.RaftServerConfigKeys (ConfUtils.java:logGet(43)) - raft.server.watch.timeout.denomination = 1s (default)
2019-10-16 21:00:26,227 [7e02033f-e7de-4006-80be-ffeab2e3922a@group-B775CB1CFC79-LeaderElection7] INFO  impl.RaftServerImpl (RaftServerImpl.java:setRole(184)) - 7e02033f-e7de-4006-80be-ffeab2e3922a@group-B775CB1CFC79: changes role from CANDIDATE to FOLLOWER at term 4 for DISCOVERED_A_NEW_TERM
2019-10-16 21:00:26,227 [7e02033f-e7de-4006-80be-ffeab2e3922a@group-EE94ED21B3B2-LeaderElection8] INFO  server.RaftServerConfigKeys (ConfUtils.java:logGet(43)) - raft.server.watch.element-limit = 65536 (default)
2019-10-16 21:00:26,227 [EventQueue-PendingDeleteStatusForPendingDeleteHandler] INFO  block.SCMBlockDeletingService (SCMBlockDeletingService.java:handlePendingDeletes(115)) - Block deletion txnID mismatch in datanode 7e02033f-e7de-4006-80be-ffeab2e3922a for containerID 1. Datanode delete txnID: 0, SCM txnID: 1
2019-10-16 21:00:26,228 [7e02033f-e7de-4006-80be-ffeab2e3922a@group-EE94ED21B3B2-LeaderElection8] INFO  impl.RoleInfo (RoleInfo.java:updateAndGet(143)) - 7e02033f-e7de-4006-80be-ffeab2e3922a: start LeaderState
2019-10-16 21:00:26,227 [7e02033f-e7de-4006-80be-ffeab2e3922a@group-B775CB1CFC79-LeaderElection7] INFO  impl.RoleInfo (RoleInfo.java:shutdownLeaderElection(134)) - 7e02033f-e7de-4006-80be-ffeab2e3922a: shutdown LeaderElection
2019-10-16 21:00:26,228 [7e02033f-e7de-4006-80be-ffeab2e3922a@group-B775CB1CFC79-LeaderElection7] INFO  impl.RoleInfo (RoleInfo.java:updateAndGet(143)) - 7e02033f-e7de-4006-80be-ffeab2e3922a: start FollowerState
2019-10-16 21:00:26,228 [7e02033f-e7de-4006-80be-ffeab2e3922a@group-EE94ED21B3B2-LeaderElection8] INFO  segmented.SegmentedRaftLogWorker (SegmentedRaftLogWorker.java:rollLogSegment(390)) - 7e02033f-e7de-4006-80be-ffeab2e3922a@group-EE94ED21B3B2-SegmentedRaftLogWorker: Rolling segment log-0_0 to index:0
2019-10-16 21:00:26,230 [7e02033f-e7de-4006-80be-ffeab2e3922a@group-EE94ED21B3B2-LeaderElection8] INFO  impl.RaftServerImpl (ServerState.java:setRaftConf(357)) - 7e02033f-e7de-4006-80be-ffeab2e3922a@group-EE94ED21B3B2: set configuration 1: [7e02033f-e7de-4006-80be-ffeab2e3922a:192.168.157.254:33430], old=null at 1
2019-10-16 21:00:26,231 [7e02033f-e7de-4006-80be-ffeab2e3922a@group-EE94ED21B3B2-SegmentedRaftLogWorker] INFO  segmented.SegmentedRaftLogWorker (SegmentedRaftLogWorker.java:execute(533)) - 7e02033f-e7de-4006-80be-ffeab2e3922a@group-EE94ED21B3B2-SegmentedRaftLogWorker: Rolled log segment from /workdir/hadoop-ozone/integration-test/target/test-dir/MiniOzoneClusterImpl-612a4b9b-c8fe-4576-9448-f0de33cec420/datanode-2/data/ratis/8584538a-5077-40cb-9908-ee94ed21b3b2/current/log_inprogress_0 to /workdir/hadoop-ozone/integration-test/target/test-dir/MiniOzoneClusterImpl-612a4b9b-c8fe-4576-9448-f0de33cec420/datanode-2/data/ratis/8584538a-5077-40cb-9908-ee94ed21b3b2/current/log_0-0
2019-10-16 21:00:26,250 [Thread-568] INFO  impl.FollowerState (FollowerState.java:run(108)) - 7e02033f-e7de-4006-80be-ffeab2e3922a@group-B775CB1CFC79-FollowerState: change to CANDIDATE, lastRpcTime:22ms, electionTimeout:22ms
2019-10-16 21:00:26,251 [Thread-568] INFO  impl.RoleInfo (RoleInfo.java:shutdownFollowerState(121)) - 7e02033f-e7de-4006-80be-ffeab2e3922a: shutdown FollowerState
2019-10-16 21:00:26,251 [Thread-568] INFO  impl.RaftServerImpl (RaftServerImpl.java:setRole(184)) - 7e02033f-e7de-4006-80be-ffeab2e3922a@group-B775CB1CFC79: changes role from  FOLLOWER to CANDIDATE at term 4 for changeToCandidate
2019-10-16 21:00:26,251 [Thread-568] INFO  impl.RoleInfo (RoleInfo.java:updateAndGet(143)) - 7e02033f-e7de-4006-80be-ffeab2e3922a: start LeaderElection
2019-10-16 21:00:26,271 [7e02033f-e7de-4006-80be-ffeab2e3922a@group-EE94ED21B3B2-SegmentedRaftLogWorker] INFO  segmented.SegmentedRaftLogWorker (SegmentedRaftLogWorker.java:execute(576)) - 7e02033f-e7de-4006-80be-ffeab2e3922a@group-EE94ED21B3B2-SegmentedRaftLogWorker: created new log segment /workdir/hadoop-ozone/integration-test/target/test-dir/MiniOzoneClusterImpl-612a4b9b-c8fe-4576-9448-f0de33cec420/datanode-2/data/ratis/8584538a-5077-40cb-9908-ee94ed21b3b2/current/log_inprogress_1
2019-10-16 21:00:26,271 [7e02033f-e7de-4006-80be-ffeab2e3922a@group-B775CB1CFC79-LeaderElection9] INFO  impl.LeaderElection (LeaderElection.java:askForVotes(178)) - 7e02033f-e7de-4006-80be-ffeab2e3922a@group-B775CB1CFC79-LeaderElection9: begin an election at term 5 for 0: [7d5bd66d-ed89-401c-bf86-050641c359fd:192.168.157.254:45704, e2e26bef-7a80-470b-89dc-752ae9b76223:192.168.157.254:36344, 7e02033f-e7de-4006-80be-ffeab2e3922a:192.168.157.254:33430], old=null
2019-10-16 21:00:26,276 [grpc-default-executor-3] INFO  impl.RaftServerImpl (RaftServerImpl.java:setRole(184)) - 7d5bd66d-ed89-401c-bf86-050641c359fd@group-B775CB1CFC79: changes role from  FOLLOWER to FOLLOWER at term 5 for recognizeCandidate:7e02033f-e7de-4006-80be-ffeab2e3922a
2019-10-16 21:00:26,276 [grpc-default-executor-2] INFO  impl.RaftServerImpl (RaftServerImpl.java:setRole(184)) - e2e26bef-7a80-470b-89dc-752ae9b76223@group-B775CB1CFC79: changes role from  FOLLOWER to FOLLOWER at term 5 for recognizeCandidate:7e02033f-e7de-4006-80be-ffeab2e3922a
2019-10-16 21:00:26,276 [grpc-default-executor-3] INFO  impl.RoleInfo (RoleInfo.java:shutdownFollowerState(121)) - 7d5bd66d-ed89-401c-bf86-050641c359fd: shutdown FollowerState
2019-10-16 21:00:26,276 [grpc-default-executor-2] INFO  impl.RoleInfo (RoleInfo.java:shutdownFollowerState(121)) - e2e26bef-7a80-470b-89dc-752ae9b76223: shutdown FollowerState
2019-10-16 21:00:26,276 [Thread-563] INFO  impl.FollowerState (FollowerState.java:run(117)) - 7d5bd66d-ed89-401c-bf86-050641c359fd@group-B775CB1CFC79-FollowerState was interrupted: java.lang.InterruptedException: sleep interrupted
2019-10-16 21:00:26,276 [grpc-default-executor-3] INFO  impl.RoleInfo (RoleInfo.java:updateAndGet(143)) - 7d5bd66d-ed89-401c-bf86-050641c359fd: start FollowerState
2019-10-16 21:00:26,276 [grpc-default-executor-2] INFO  impl.RoleInfo (RoleInfo.java:updateAndGet(143)) - e2e26bef-7a80-470b-89dc-752ae9b76223: start FollowerState
2019-10-16 21:00:26,276 [Thread-565] INFO  impl.FollowerState (FollowerState.java:run(117)) - e2e26bef-7a80-470b-89dc-752ae9b76223@group-B775CB1CFC79-FollowerState was interrupted: java.lang.InterruptedException: sleep interrupted
2019-10-16 21:00:26,286 [7e02033f-e7de-4006-80be-ffeab2e3922a@group-B775CB1CFC79-LeaderElection9] INFO  impl.LeaderElection (LeaderElection.java:logAndReturn(56)) - 7e02033f-e7de-4006-80be-ffeab2e3922a@group-B775CB1CFC79-LeaderElection9: Election REJECTED; received 2 response(s) [7e02033f-e7de-4006-80be-ffeab2e3922a<-7d5bd66d-ed89-401c-bf86-050641c359fd#0:FAIL-t5, 7e02033f-e7de-4006-80be-ffeab2e3922a<-e2e26bef-7a80-470b-89dc-752ae9b76223#0:FAIL-t5] and 0 exception(s); 7e02033f-e7de-4006-80be-ffeab2e3922a@group-B775CB1CFC79:t5, leader=null, voted=7e02033f-e7de-4006-80be-ffeab2e3922a, raftlog=7e02033f-e7de-4006-80be-ffeab2e3922a@group-B775CB1CFC79-SegmentedRaftLog:OPENED:c3,f4,i4, conf=0: [7d5bd66d-ed89-401c-bf86-050641c359fd:192.168.157.254:45704, e2e26bef-7a80-470b-89dc-752ae9b76223:192.168.157.254:36344, 7e02033f-e7de-4006-80be-ffeab2e3922a:192.168.157.254:33430], old=null
2019-10-16 21:00:26,287 [7e02033f-e7de-4006-80be-ffeab2e3922a@group-B775CB1CFC79-LeaderElection9] INFO  impl.RaftServerImpl (RaftServerImpl.java:setRole(184)) - 7e02033f-e7de-4006-80be-ffeab2e3922a@group-B775CB1CFC79: changes role from CANDIDATE to FOLLOWER at term 5 for DISCOVERED_A_NEW_TERM
2019-10-16 21:00:26,288 [7e02033f-e7de-4006-80be-ffeab2e3922a@group-B775CB1CFC79-LeaderElection9] INFO  impl.RoleInfo (RoleInfo.java:shutdownLeaderElection(134)) - 7e02033f-e7de-4006-80be-ffeab2e3922a: shutdown LeaderElection
2019-10-16 21:00:26,288 [7e02033f-e7de-4006-80be-ffeab2e3922a@group-B775CB1CFC79-LeaderElection9] INFO  impl.RoleInfo (RoleInfo.java:updateAndGet(143)) - 7e02033f-e7de-4006-80be-ffeab2e3922a: start FollowerState
2019-10-16 21:00:26,297 [Thread-574] INFO  impl.FollowerState (FollowerState.java:run(108)) - 7e02033f-e7de-4006-80be-ffeab2e3922a@group-B775CB1CFC79-FollowerState: change to CANDIDATE, lastRpcTime:9ms, electionTimeout:9ms
2019-10-16 21:00:26,298 [Thread-574] INFO  impl.RoleInfo (RoleInfo.java:shutdownFollowerState(121)) - 7e02033f-e7de-4006-80be-ffeab2e3922a: shutdown FollowerState
2019-10-16 21:00:26,298 [Thread-574] INFO  impl.RaftServerImpl (RaftServerImpl.java:setRole(184)) - 7e02033f-e7de-4006-80be-ffeab2e3922a@group-B775CB1CFC79: changes role from  FOLLOWER to CANDIDATE at term 5 for changeToCandidate
2019-10-16 21:00:26,299 [Thread-574] INFO  impl.RoleInfo (RoleInfo.java:updateAndGet(143)) - 7e02033f-e7de-4006-80be-ffeab2e3922a: start LeaderElection
2019-10-16 21:00:26,313 [7e02033f-e7de-4006-80be-ffeab2e3922a@group-B775CB1CFC79-LeaderElection10] INFO  impl.LeaderElection (LeaderElection.java:askForVotes(178)) - 7e02033f-e7de-4006-80be-ffeab2e3922a@group-B775CB1CFC79-LeaderElection10: begin an election at term 6 for 0: [7d5bd66d-ed89-401c-bf86-050641c359fd:192.168.157.254:45704, e2e26bef-7a80-470b-89dc-752ae9b76223:192.168.157.254:36344, 7e02033f-e7de-4006-80be-ffeab2e3922a:192.168.157.254:33430], old=null
2019-10-16 21:00:26,317 [grpc-default-executor-3] INFO  impl.RaftServerImpl (RaftServerImpl.java:setRole(184)) - e2e26bef-7a80-470b-89dc-752ae9b76223@group-B775CB1CFC79: changes role from  FOLLOWER to FOLLOWER at term 6 for recognizeCandidate:7e02033f-e7de-4006-80be-ffeab2e3922a
2019-10-16 21:00:26,317 [grpc-default-executor-2] INFO  impl.RaftServerImpl (RaftServerImpl.java:setRole(184)) - 7d5bd66d-ed89-401c-bf86-050641c359fd@group-B775CB1CFC79: changes role from  FOLLOWER to FOLLOWER at term 6 for recognizeCandidate:7e02033f-e7de-4006-80be-ffeab2e3922a
2019-10-16 21:00:26,317 [grpc-default-executor-3] INFO  impl.RoleInfo (RoleInfo.java:shutdownFollowerState(121)) - e2e26bef-7a80-470b-89dc-752ae9b76223: shutdown FollowerState
2019-10-16 21:00:26,317 [grpc-default-executor-2] INFO  impl.RoleInfo (RoleInfo.java:shutdownFollowerState(121)) - 7d5bd66d-ed89-401c-bf86-050641c359fd: shutdown FollowerState
2019-10-16 21:00:26,318 [Thread-573] INFO  impl.FollowerState (FollowerState.java:run(117)) - e2e26bef-7a80-470b-89dc-752ae9b76223@group-B775CB1CFC79-FollowerState was interrupted: java.lang.InterruptedException: sleep interrupted
2019-10-16 21:00:26,318 [grpc-default-executor-3] INFO  impl.RoleInfo (RoleInfo.java:updateAndGet(143)) - e2e26bef-7a80-470b-89dc-752ae9b76223: start FollowerState
2019-10-16 21:00:26,318 [grpc-default-executor-2] INFO  impl.RoleInfo (RoleInfo.java:updateAndGet(143)) - 7d5bd66d-ed89-401c-bf86-050641c359fd: start FollowerState
2019-10-16 21:00:26,318 [Thread-572] INFO  impl.FollowerState (FollowerState.java:run(117)) - 7d5bd66d-ed89-401c-bf86-050641c359fd@group-B775CB1CFC79-FollowerState was interrupted: java.lang.InterruptedException: sleep interrupted
2019-10-16 21:00:26,332 [java.util.concurrent.ThreadPoolExecutor$Worker@7847c973[State = -1, empty queue]] WARN  server.GrpcLogAppender (GrpcLogAppender.java:timeoutAppendRequest(209)) - e2e26bef-7a80-470b-89dc-752ae9b76223@group-B775CB1CFC79->7e02033f-e7de-4006-80be-ffeab2e3922a-GrpcLogAppender: appendEntries Timeout, request=e2e26bef-7a80-470b-89dc-752ae9b76223->7e02033f-e7de-4006-80be-ffeab2e3922a#51-t3, previous=(t:3, i:10), leaderCommit=10, initializing? false, entries: <empty>
2019-10-16 21:00:26,336 [7e02033f-e7de-4006-80be-ffeab2e3922a@group-B775CB1CFC79-LeaderElection10] INFO  impl.LeaderElection (LeaderElection.java:logAndReturn(56)) - 7e02033f-e7de-4006-80be-ffeab2e3922a@group-B775CB1CFC79-LeaderElection10: Election REJECTED; received 2 response(s) [7e02033f-e7de-4006-80be-ffeab2e3922a<-7d5bd66d-ed89-401c-bf86-050641c359fd#0:FAIL-t6, 7e02033f-e7de-4006-80be-ffeab2e3922a<-e2e26bef-7a80-470b-89dc-752ae9b76223#0:FAIL-t6] and 0 exception(s); 7e02033f-e7de-4006-80be-ffeab2e3922a@group-B775CB1CFC79:t6, leader=null, voted=7e02033f-e7de-4006-80be-ffeab2e3922a, raftlog=7e02033f-e7de-4006-80be-ffeab2e3922a@group-B775CB1CFC79-SegmentedRaftLog:OPENED:c3,f4,i4, conf=0: [7d5bd66d-ed89-401c-bf86-050641c359fd:192.168.157.254:45704, e2e26bef-7a80-470b-89dc-752ae9b76223:192.168.157.254:36344, 7e02033f-e7de-4006-80be-ffeab2e3922a:192.168.157.254:33430], old=null
2019-10-16 21:00:26,336 [7e02033f-e7de-4006-80be-ffeab2e3922a@group-B775CB1CFC79-LeaderElection10] INFO  impl.RaftServerImpl (RaftServerImpl.java:setRole(184)) - 7e02033f-e7de-4006-80be-ffeab2e3922a@group-B775CB1CFC79: changes role from CANDIDATE to FOLLOWER at term 6 for DISCOVERED_A_NEW_TERM
2019-10-16 21:00:26,337 [7e02033f-e7de-4006-80be-ffeab2e3922a@group-B775CB1CFC79-LeaderElection10] INFO  impl.RoleInfo (RoleInfo.java:shutdownLeaderElection(134)) - 7e02033f-e7de-4006-80be-ffeab2e3922a: shutdown LeaderElection
2019-10-16 21:00:26,337 [7e02033f-e7de-4006-80be-ffeab2e3922a@group-B775CB1CFC79-LeaderElection10] INFO  impl.RoleInfo (RoleInfo.java:updateAndGet(143)) - 7e02033f-e7de-4006-80be-ffeab2e3922a: start FollowerState
2019-10-16 21:00:26,397 [pool-7-thread-1] INFO  commands.RetriableDatanodeEventWatcher (RetriableDatanodeEventWatcher.java:onTimeout(47)) - RetriableDatanodeCommand type=deleteBlocksCommand with id=1571259623398 timed out. Retrying.
2019-10-16 21:00:26,399 [pool-7-thread-2] INFO  commands.RetriableDatanodeEventWatcher (RetriableDatanodeEventWatcher.java:onTimeout(47)) - RetriableDatanodeCommand type=deleteBlocksCommand with id=1571259623399 timed out. Retrying.
2019-10-16 21:00:26,399 [SCMBlockDeletingService#0] INFO  block.SCMBlockDeletingService (SCMBlockDeletingService.java:call(184)) - Totally added 1 delete blocks command for 1 datanodes, task elapsed time: 1ms
2019-10-16 21:00:26,400 [pool-7-thread-2] INFO  commands.RetriableDatanodeEventWatcher (RetriableDatanodeEventWatcher.java:onTimeout(47)) - RetriableDatanodeCommand type=deleteBlocksCommand with id=1571259623396 timed out. Retrying.
2019-10-16 21:00:26,536 [Thread-580] INFO  impl.FollowerState (FollowerState.java:run(108)) - 7e02033f-e7de-4006-80be-ffeab2e3922a@group-B775CB1CFC79-FollowerState: change to CANDIDATE, lastRpcTime:198ms, electionTimeout:198ms
2019-10-16 21:00:26,536 [Thread-580] INFO  impl.RoleInfo (RoleInfo.java:shutdownFollowerState(121)) - 7e02033f-e7de-4006-80be-ffeab2e3922a: shutdown FollowerState
2019-10-16 21:00:26,536 [Thread-580] INFO  impl.RaftServerImpl (RaftServerImpl.java:setRole(184)) - 7e02033f-e7de-4006-80be-ffeab2e3922a@group-B775CB1CFC79: changes role from  FOLLOWER to CANDIDATE at term 6 for changeToCandidate
2019-10-16 21:00:26,537 [Thread-580] INFO  impl.RoleInfo (RoleInfo.java:updateAndGet(143)) - 7e02033f-e7de-4006-80be-ffeab2e3922a: start LeaderElection
2019-10-16 21:00:26,551 [7e02033f-e7de-4006-80be-ffeab2e3922a@group-B775CB1CFC79-LeaderElection11] INFO  impl.LeaderElection (LeaderElection.java:askForVotes(178)) - 7e02033f-e7de-4006-80be-ffeab2e3922a@group-B775CB1CFC79-LeaderElection11: begin an election at term 7 for 0: [7d5bd66d-ed89-401c-bf86-050641c359fd:192.168.157.254:45704, e2e26bef-7a80-470b-89dc-752ae9b76223:192.168.157.254:36344, 7e02033f-e7de-4006-80be-ffeab2e3922a:192.168.157.254:33430], old=null
2019-10-16 21:00:26,555 [grpc-default-executor-2] INFO  impl.RaftServerImpl (RaftServerImpl.java:setRole(184)) - e2e26bef-7a80-470b-89dc-752ae9b76223@group-B775CB1CFC79: changes role from  FOLLOWER to FOLLOWER at term 7 for recognizeCandidate:7e02033f-e7de-4006-80be-ffeab2e3922a
2019-10-16 21:00:26,557 [grpc-default-executor-2] INFO  impl.RoleInfo (RoleInfo.java:shutdownFollowerState(121)) - e2e26bef-7a80-470b-89dc-752ae9b76223: shutdown FollowerState
2019-10-16 21:00:26,557 [grpc-default-executor-3] INFO  impl.RaftServerImpl (RaftServerImpl.java:setRole(184)) - 7d5bd66d-ed89-401c-bf86-050641c359fd@group-B775CB1CFC79: changes role from  FOLLOWER to FOLLOWER at term 7 for recognizeCandidate:7e02033f-e7de-4006-80be-ffeab2e3922a
2019-10-16 21:00:26,557 [Thread-578] INFO  impl.FollowerState (FollowerState.java:run(117)) - e2e26bef-7a80-470b-89dc-752ae9b76223@group-B775CB1CFC79-FollowerState was interrupted: java.lang.InterruptedException: sleep interrupted
2019-10-16 21:00:26,557 [grpc-default-executor-2] INFO  impl.RoleInfo (RoleInfo.java:updateAndGet(143)) - e2e26bef-7a80-470b-89dc-752ae9b76223: start FollowerState
2019-10-16 21:00:26,557 [grpc-default-executor-3] INFO  impl.RoleInfo (RoleInfo.java:shutdownFollowerState(121)) - 7d5bd66d-ed89-401c-bf86-050641c359fd: shutdown FollowerState
2019-10-16 21:00:26,557 [grpc-default-executor-3] INFO  impl.RoleInfo (RoleInfo.java:updateAndGet(143)) - 7d5bd66d-ed89-401c-bf86-050641c359fd: start FollowerState
2019-10-16 21:00:26,558 [Thread-579] INFO  impl.FollowerState (FollowerState.java:run(117)) - 7d5bd66d-ed89-401c-bf86-050641c359fd@group-B775CB1CFC79-FollowerState was interrupted: java.lang.InterruptedException: sleep interrupted
2019-10-16 21:00:26,573 [7e02033f-e7de-4006-80be-ffeab2e3922a@group-B775CB1CFC79-LeaderElection11] INFO  impl.LeaderElection (LeaderElection.java:logAndReturn(56)) - 7e02033f-e7de-4006-80be-ffeab2e3922a@group-B775CB1CFC79-LeaderElection11: Election REJECTED; received 2 response(s) [7e02033f-e7de-4006-80be-ffeab2e3922a<-7d5bd66d-ed89-401c-bf86-050641c359fd#0:FAIL-t7, 7e02033f-e7de-4006-80be-ffeab2e3922a<-e2e26bef-7a80-470b-89dc-752ae9b76223#0:FAIL-t7] and 0 exception(s); 7e02033f-e7de-4006-80be-ffeab2e3922a@group-B775CB1CFC79:t7, leader=null, voted=7e02033f-e7de-4006-80be-ffeab2e3922a, raftlog=7e02033f-e7de-4006-80be-ffeab2e3922a@group-B775CB1CFC79-SegmentedRaftLog:OPENED:c3,f4,i4, conf=0: [7d5bd66d-ed89-401c-bf86-050641c359fd:192.168.157.254:45704, e2e26bef-7a80-470b-89dc-752ae9b76223:192.168.157.254:36344, 7e02033f-e7de-4006-80be-ffeab2e3922a:192.168.157.254:33430], old=null
2019-10-16 21:00:26,573 [7e02033f-e7de-4006-80be-ffeab2e3922a@group-B775CB1CFC79-LeaderElection11] INFO  impl.RaftServerImpl (RaftServerImpl.java:setRole(184)) - 7e02033f-e7de-4006-80be-ffeab2e3922a@group-B775CB1CFC79: changes role from CANDIDATE to FOLLOWER at term 7 for DISCOVERED_A_NEW_TERM
2019-10-16 21:00:26,574 [7e02033f-e7de-4006-80be-ffeab2e3922a@group-B775CB1CFC79-LeaderElection11] INFO  impl.RoleInfo (RoleInfo.java:shutdownLeaderElection(134)) - 7e02033f-e7de-4006-80be-ffeab2e3922a: shutdown LeaderElection
2019-10-16 21:00:26,574 [7e02033f-e7de-4006-80be-ffeab2e3922a@group-B775CB1CFC79-LeaderElection11] INFO  impl.RoleInfo (RoleInfo.java:updateAndGet(143)) - 7e02033f-e7de-4006-80be-ffeab2e3922a: start FollowerState
2019-10-16 21:00:26,713 [Thread-586] INFO  impl.FollowerState (FollowerState.java:run(108)) - 7e02033f-e7de-4006-80be-ffeab2e3922a@group-B775CB1CFC79-FollowerState: change to CANDIDATE, lastRpcTime:139ms, electionTimeout:138ms
2019-10-16 21:00:26,715 [Thread-586] INFO  impl.RoleInfo (RoleInfo.java:shutdownFollowerState(121)) - 7e02033f-e7de-4006-80be-ffeab2e3922a: shutdown FollowerState
2019-10-16 21:00:26,715 [Thread-586] INFO  impl.RaftServerImpl (RaftServerImpl.java:setRole(184)) - 7e02033f-e7de-4006-80be-ffeab2e3922a@group-B775CB1CFC79: changes role from  FOLLOWER to CANDIDATE at term 7 for changeToCandidate
2019-10-16 21:00:26,715 [Thread-586] INFO  impl.RoleInfo (RoleInfo.java:updateAndGet(143)) - 7e02033f-e7de-4006-80be-ffeab2e3922a: start LeaderElection
2019-10-16 21:00:26,730 [7e02033f-e7de-4006-80be-ffeab2e3922a@group-B775CB1CFC79-LeaderElection12] INFO  impl.LeaderElection (LeaderElection.java:askForVotes(178)) - 7e02033f-e7de-4006-80be-ffeab2e3922a@group-B775CB1CFC79-LeaderElection12: begin an election at term 8 for 0: [7d5bd66d-ed89-401c-bf86-050641c359fd:192.168.157.254:45704, e2e26bef-7a80-470b-89dc-752ae9b76223:192.168.157.254:36344, 7e02033f-e7de-4006-80be-ffeab2e3922a:192.168.157.254:33430], old=null
2019-10-16 21:00:26,735 [grpc-default-executor-3] INFO  impl.RaftServerImpl (RaftServerImpl.java:setRole(184)) - e2e26bef-7a80-470b-89dc-752ae9b76223@group-B775CB1CFC79: changes role from  FOLLOWER to FOLLOWER at term 8 for recognizeCandidate:7e02033f-e7de-4006-80be-ffeab2e3922a
2019-10-16 21:00:26,735 [grpc-default-executor-2] INFO  impl.RaftServerImpl (RaftServerImpl.java:setRole(184)) - 7d5bd66d-ed89-401c-bf86-050641c359fd@group-B775CB1CFC79: changes role from  FOLLOWER to FOLLOWER at term 8 for recognizeCandidate:7e02033f-e7de-4006-80be-ffeab2e3922a
2019-10-16 21:00:26,735 [grpc-default-executor-3] INFO  impl.RoleInfo (RoleInfo.java:shutdownFollowerState(121)) - e2e26bef-7a80-470b-89dc-752ae9b76223: shutdown FollowerState
2019-10-16 21:00:26,735 [grpc-default-executor-2] INFO  impl.RoleInfo (RoleInfo.java:shutdownFollowerState(121)) - 7d5bd66d-ed89-401c-bf86-050641c359fd: shutdown FollowerState
2019-10-16 21:00:26,736 [Thread-584] INFO  impl.FollowerState (FollowerState.java:run(117)) - e2e26bef-7a80-470b-89dc-752ae9b76223@group-B775CB1CFC79-FollowerState was interrupted: java.lang.InterruptedException: sleep interrupted
2019-10-16 21:00:26,736 [grpc-default-executor-3] INFO  impl.RoleInfo (RoleInfo.java:updateAndGet(143)) - e2e26bef-7a80-470b-89dc-752ae9b76223: start FollowerState
2019-10-16 21:00:26,736 [grpc-default-executor-2] INFO  impl.RoleInfo (RoleInfo.java:updateAndGet(143)) - 7d5bd66d-ed89-401c-bf86-050641c359fd: start FollowerState
2019-10-16 21:00:26,736 [Thread-585] INFO  impl.FollowerState (FollowerState.java:run(117)) - 7d5bd66d-ed89-401c-bf86-050641c359fd@group-B775CB1CFC79-FollowerState was interrupted: java.lang.InterruptedException: sleep interrupted
2019-10-16 21:00:26,748 [7e02033f-e7de-4006-80be-ffeab2e3922a@group-B775CB1CFC79-LeaderElection12] INFO  impl.LeaderElection (LeaderElection.java:logAndReturn(56)) - 7e02033f-e7de-4006-80be-ffeab2e3922a@group-B775CB1CFC79-LeaderElection12: Election REJECTED; received 2 response(s) [7e02033f-e7de-4006-80be-ffeab2e3922a<-7d5bd66d-ed89-401c-bf86-050641c359fd#0:FAIL-t8, 7e02033f-e7de-4006-80be-ffeab2e3922a<-e2e26bef-7a80-470b-89dc-752ae9b76223#0:FAIL-t8] and 0 exception(s); 7e02033f-e7de-4006-80be-ffeab2e3922a@group-B775CB1CFC79:t8, leader=null, voted=7e02033f-e7de-4006-80be-ffeab2e3922a, raftlog=7e02033f-e7de-4006-80be-ffeab2e3922a@group-B775CB1CFC79-SegmentedRaftLog:OPENED:c3,f4,i4, conf=0: [7d5bd66d-ed89-401c-bf86-050641c359fd:192.168.157.254:45704, e2e26bef-7a80-470b-89dc-752ae9b76223:192.168.157.254:36344, 7e02033f-e7de-4006-80be-ffeab2e3922a:192.168.157.254:33430], old=null
2019-10-16 21:00:26,748 [7e02033f-e7de-4006-80be-ffeab2e3922a@group-B775CB1CFC79-LeaderElection12] INFO  impl.RaftServerImpl (RaftServerImpl.java:setRole(184)) - 7e02033f-e7de-4006-80be-ffeab2e3922a@group-B775CB1CFC79: changes role from CANDIDATE to FOLLOWER at term 8 for DISCOVERED_A_NEW_TERM
2019-10-16 21:00:26,749 [7e02033f-e7de-4006-80be-ffeab2e3922a@group-B775CB1CFC79-LeaderElection12] INFO  impl.RoleInfo (RoleInfo.java:shutdownLeaderElection(134)) - 7e02033f-e7de-4006-80be-ffeab2e3922a: shutdown LeaderElection
2019-10-16 21:00:26,749 [7e02033f-e7de-4006-80be-ffeab2e3922a@group-B775CB1CFC79-LeaderElection12] INFO  impl.RoleInfo (RoleInfo.java:updateAndGet(143)) - 7e02033f-e7de-4006-80be-ffeab2e3922a: start FollowerState
2019-10-16 21:00:26,850 [Thread-592] INFO  impl.FollowerState (FollowerState.java:run(108)) - 7e02033f-e7de-4006-80be-ffeab2e3922a@group-B775CB1CFC79-FollowerState: change to CANDIDATE, lastRpcTime:100ms, electionTimeout:99ms
2019-10-16 21:00:26,851 [Thread-592] INFO  impl.RoleInfo (RoleInfo.java:shutdownFollowerState(121)) - 7e02033f-e7de-4006-80be-ffeab2e3922a: shutdown FollowerState
2019-10-16 21:00:26,851 [Thread-592] INFO  impl.RaftServerImpl (RaftServerImpl.java:setRole(184)) - 7e02033f-e7de-4006-80be-ffeab2e3922a@group-B775CB1CFC79: changes role from  FOLLOWER to CANDIDATE at term 8 for changeToCandidate
2019-10-16 21:00:26,851 [Thread-592] INFO  impl.RoleInfo (RoleInfo.java:updateAndGet(143)) - 7e02033f-e7de-4006-80be-ffeab2e3922a: start LeaderElection
2019-10-16 21:00:26,887 [BlockDeletingService#2] WARN  background.BlockDeletingService (BlockDeletingService.java:isDeletionAllowed(187)) - Close Container log Index 6 is not replicated across allthe servers in the pipeline 4fea0e3a-b978-493d-b2ed-b775cb1cfc79 as the min replicated index is 4. Deletion is not allowed in this container yet.
2019-10-16 21:00:26,888 [7e02033f-e7de-4006-80be-ffeab2e3922a@group-B775CB1CFC79-LeaderElection13] INFO  impl.LeaderElection (LeaderElection.java:askForVotes(178)) - 7e02033f-e7de-4006-80be-ffeab2e3922a@group-B775CB1CFC79-LeaderElection13: begin an election at term 9 for 0: [7d5bd66d-ed89-401c-bf86-050641c359fd:192.168.157.254:45704, e2e26bef-7a80-470b-89dc-752ae9b76223:192.168.157.254:36344, 7e02033f-e7de-4006-80be-ffeab2e3922a:192.168.157.254:33430], old=null
2019-10-16 21:00:26,888 [BlockDeletingService#2] WARN  background.BlockDeletingService (BlockDeletingService.java:isDeletionAllowed(187)) - Close Container log Index 6 is not replicated across allthe servers in the pipeline 4fea0e3a-b978-493d-b2ed-b775cb1cfc79 as the min replicated index is 4. Deletion is not allowed in this container yet.
2019-10-16 21:00:26,893 [grpc-default-executor-2] INFO  impl.RaftServerImpl (RaftServerImpl.java:setRole(184)) - 7d5bd66d-ed89-401c-bf86-050641c359fd@group-B775CB1CFC79: changes role from  FOLLOWER to FOLLOWER at term 9 for recognizeCandidate:7e02033f-e7de-4006-80be-ffeab2e3922a
2019-10-16 21:00:26,893 [grpc-default-executor-3] INFO  impl.RaftServerImpl (RaftServerImpl.java:setRole(184)) - e2e26bef-7a80-470b-89dc-752ae9b76223@group-B775CB1CFC79: changes role from  FOLLOWER to FOLLOWER at term 9 for recognizeCandidate:7e02033f-e7de-4006-80be-ffeab2e3922a
2019-10-16 21:00:26,893 [grpc-default-executor-2] INFO  impl.RoleInfo (RoleInfo.java:shutdownFollowerState(121)) - 7d5bd66d-ed89-401c-bf86-050641c359fd: shutdown FollowerState
2019-10-16 21:00:26,894 [grpc-default-executor-3] INFO  impl.RoleInfo (RoleInfo.java:shutdownFollowerState(121)) - e2e26bef-7a80-470b-89dc-752ae9b76223: shutdown FollowerState
2019-10-16 21:00:26,894 [grpc-default-executor-2] INFO  impl.RoleInfo (RoleInfo.java:updateAndGet(143)) - 7d5bd66d-ed89-401c-bf86-050641c359fd: start FollowerState
2019-10-16 21:00:26,894 [Thread-591] INFO  impl.FollowerState (FollowerState.java:run(117)) - 7d5bd66d-ed89-401c-bf86-050641c359fd@group-B775CB1CFC79-FollowerState was interrupted: java.lang.InterruptedException: sleep interrupted
2019-10-16 21:00:26,894 [Thread-590] INFO  impl.FollowerState (FollowerState.java:run(117)) - e2e26bef-7a80-470b-89dc-752ae9b76223@group-B775CB1CFC79-FollowerState was interrupted: java.lang.InterruptedException: sleep interrupted
2019-10-16 21:00:26,894 [grpc-default-executor-3] INFO  impl.RoleInfo (RoleInfo.java:updateAndGet(143)) - e2e26bef-7a80-470b-89dc-752ae9b76223: start FollowerState
2019-10-16 21:00:26,988 [7e02033f-e7de-4006-80be-ffeab2e3922a@group-B775CB1CFC79-LeaderElection13] INFO  impl.LeaderElection (LeaderElection.java:logAndReturn(56)) - 7e02033f-e7de-4006-80be-ffeab2e3922a@group-B775CB1CFC79-LeaderElection13: Election TIMEOUT; received 0 response(s) [] and 0 exception(s); 7e02033f-e7de-4006-80be-ffeab2e3922a@group-B775CB1CFC79:t9, leader=null, voted=7e02033f-e7de-4006-80be-ffeab2e3922a, raftlog=7e02033f-e7de-4006-80be-ffeab2e3922a@group-B775CB1CFC79-SegmentedRaftLog:OPENED:c3,f4,i4, conf=0: [7d5bd66d-ed89-401c-bf86-050641c359fd:192.168.157.254:45704, e2e26bef-7a80-470b-89dc-752ae9b76223:192.168.157.254:36344, 7e02033f-e7de-4006-80be-ffeab2e3922a:192.168.157.254:33430], old=null
2019-10-16 21:00:27,002 [7e02033f-e7de-4006-80be-ffeab2e3922a@group-B775CB1CFC79-LeaderElection13] INFO  impl.LeaderElection (LeaderElection.java:askForVotes(178)) - 7e02033f-e7de-4006-80be-ffeab2e3922a@group-B775CB1CFC79-LeaderElection13: begin an election at term 10 for 0: [7d5bd66d-ed89-401c-bf86-050641c359fd:192.168.157.254:45704, e2e26bef-7a80-470b-89dc-752ae9b76223:192.168.157.254:36344, 7e02033f-e7de-4006-80be-ffeab2e3922a:192.168.157.254:33430], old=null
2019-10-16 21:00:27,010 [grpc-default-executor-3] INFO  impl.RaftServerImpl (RaftServerImpl.java:setRole(184)) - 7d5bd66d-ed89-401c-bf86-050641c359fd@group-B775CB1CFC79: changes role from  FOLLOWER to FOLLOWER at term 10 for recognizeCandidate:7e02033f-e7de-4006-80be-ffeab2e3922a
2019-10-16 21:00:27,011 [grpc-default-executor-2] INFO  impl.RaftServerImpl (RaftServerImpl.java:setRole(184)) - e2e26bef-7a80-470b-89dc-752ae9b76223@group-B775CB1CFC79: changes role from  FOLLOWER to FOLLOWER at term 10 for recognizeCandidate:7e02033f-e7de-4006-80be-ffeab2e3922a
2019-10-16 21:00:27,011 [grpc-default-executor-3] INFO  impl.RoleInfo (RoleInfo.java:shutdownFollowerState(121)) - 7d5bd66d-ed89-401c-bf86-050641c359fd: shutdown FollowerState
2019-10-16 21:00:27,011 [grpc-default-executor-2] INFO  impl.RoleInfo (RoleInfo.java:shutdownFollowerState(121)) - e2e26bef-7a80-470b-89dc-752ae9b76223: shutdown FollowerState
2019-10-16 21:00:27,011 [Thread-598] INFO  impl.FollowerState (FollowerState.java:run(117)) - 7d5bd66d-ed89-401c-bf86-050641c359fd@group-B775CB1CFC79-FollowerState was interrupted: java.lang.InterruptedException: sleep interrupted
2019-10-16 21:00:27,011 [grpc-default-executor-3] INFO  impl.RoleInfo (RoleInfo.java:updateAndGet(143)) - 7d5bd66d-ed89-401c-bf86-050641c359fd: start FollowerState
2019-10-16 21:00:27,012 [Thread-599] INFO  impl.FollowerState (FollowerState.java:run(117)) - e2e26bef-7a80-470b-89dc-752ae9b76223@group-B775CB1CFC79-FollowerState was interrupted: java.lang.InterruptedException: sleep interrupted
2019-10-16 21:00:27,013 [grpc-default-executor-2] INFO  impl.RoleInfo (RoleInfo.java:updateAndGet(143)) - e2e26bef-7a80-470b-89dc-752ae9b76223: start FollowerState
2019-10-16 21:00:27,019 [7e02033f-e7de-4006-80be-ffeab2e3922a@group-B775CB1CFC79-LeaderElection13] INFO  impl.LeaderElection (LeaderElection.java:logAndReturn(56)) - 7e02033f-e7de-4006-80be-ffeab2e3922a@group-B775CB1CFC79-LeaderElection13: Election TIMEOUT; received 0 response(s) [] and 0 exception(s); 7e02033f-e7de-4006-80be-ffeab2e3922a@group-B775CB1CFC79:t10, leader=null, voted=7e02033f-e7de-4006-80be-ffeab2e3922a, raftlog=7e02033f-e7de-4006-80be-ffeab2e3922a@group-B775CB1CFC79-SegmentedRaftLog:OPENED:c3,f4,i4, conf=0: [7d5bd66d-ed89-401c-bf86-050641c359fd:192.168.157.254:45704, e2e26bef-7a80-470b-89dc-752ae9b76223:192.168.157.254:36344, 7e02033f-e7de-4006-80be-ffeab2e3922a:192.168.157.254:33430], old=null
2019-10-16 21:00:27,024 [7e02033f-e7de-4006-80be-ffeab2e3922a@group-B775CB1CFC79-LeaderElection13] INFO  impl.LeaderElection (LeaderElection.java:askForVotes(178)) - 7e02033f-e7de-4006-80be-ffeab2e3922a@group-B775CB1CFC79-LeaderElection13: begin an election at term 11 for 0: [7d5bd66d-ed89-401c-bf86-050641c359fd:192.168.157.254:45704, e2e26bef-7a80-470b-89dc-752ae9b76223:192.168.157.254:36344, 7e02033f-e7de-4006-80be-ffeab2e3922a:192.168.157.254:33430], old=null
2019-10-16 21:00:27,026 [grpc-default-executor-3] INFO  impl.RaftServerImpl (RaftServerImpl.java:setRole(184)) - 7d5bd66d-ed89-401c-bf86-050641c359fd@group-B775CB1CFC79: changes role from  FOLLOWER to FOLLOWER at term 11 for recognizeCandidate:7e02033f-e7de-4006-80be-ffeab2e3922a
2019-10-16 21:00:27,027 [grpc-default-executor-3] INFO  impl.RoleInfo (RoleInfo.java:shutdownFollowerState(121)) - 7d5bd66d-ed89-401c-bf86-050641c359fd: shutdown FollowerState
2019-10-16 21:00:27,028 [grpc-default-executor-3] INFO  impl.RoleInfo (RoleInfo.java:updateAndGet(143)) - 7d5bd66d-ed89-401c-bf86-050641c359fd: start FollowerState
2019-10-16 21:00:27,028 [Thread-602] INFO  impl.FollowerState (FollowerState.java:run(117)) - 7d5bd66d-ed89-401c-bf86-050641c359fd@group-B775CB1CFC79-FollowerState was interrupted: java.lang.InterruptedException: sleep interrupted
2019-10-16 21:00:27,030 [grpc-default-executor-2] INFO  impl.RaftServerImpl (RaftServerImpl.java:setRole(184)) - e2e26bef-7a80-470b-89dc-752ae9b76223@group-B775CB1CFC79: changes role from  FOLLOWER to FOLLOWER at term 11 for recognizeCandidate:7e02033f-e7de-4006-80be-ffeab2e3922a
2019-10-16 21:00:27,030 [grpc-default-executor-2] INFO  impl.RoleInfo (RoleInfo.java:shutdownFollowerState(121)) - e2e26bef-7a80-470b-89dc-752ae9b76223: shutdown FollowerState
2019-10-16 21:00:27,030 [Thread-603] INFO  impl.FollowerState (FollowerState.java:run(117)) - e2e26bef-7a80-470b-89dc-752ae9b76223@group-B775CB1CFC79-FollowerState was interrupted: java.lang.InterruptedException: sleep interrupted
2019-10-16 21:00:27,030 [grpc-default-executor-2] INFO  impl.RoleInfo (RoleInfo.java:updateAndGet(143)) - e2e26bef-7a80-470b-89dc-752ae9b76223: start FollowerState
2019-10-16 21:00:27,043 [7e02033f-e7de-4006-80be-ffeab2e3922a@group-B775CB1CFC79-LeaderElection13] INFO  impl.LeaderElection (LeaderElection.java:logAndReturn(56)) - 7e02033f-e7de-4006-80be-ffeab2e3922a@group-B775CB1CFC79-LeaderElection13: Election REJECTED; received 2 response(s) [7e02033f-e7de-4006-80be-ffeab2e3922a<-7d5bd66d-ed89-401c-bf86-050641c359fd#0:FAIL-t11, 7e02033f-e7de-4006-80be-ffeab2e3922a<-e2e26bef-7a80-470b-89dc-752ae9b76223#0:FAIL-t11] and 0 exception(s); 7e02033f-e7de-4006-80be-ffeab2e3922a@group-B775CB1CFC79:t11, leader=null, voted=7e02033f-e7de-4006-80be-ffeab2e3922a, raftlog=7e02033f-e7de-4006-80be-ffeab2e3922a@group-B775CB1CFC79-SegmentedRaftLog:OPENED:c3,f4,i4, conf=0: [7d5bd66d-ed89-401c-bf86-050641c359fd:192.168.157.254:45704, e2e26bef-7a80-470b-89dc-752ae9b76223:192.168.157.254:36344, 7e02033f-e7de-4006-80be-ffeab2e3922a:192.168.157.254:33430], old=null
2019-10-16 21:00:27,045 [7e02033f-e7de-4006-80be-ffeab2e3922a@group-B775CB1CFC79-LeaderElection13] INFO  impl.RaftServerImpl (RaftServerImpl.java:setRole(184)) - 7e02033f-e7de-4006-80be-ffeab2e3922a@group-B775CB1CFC79: changes role from CANDIDATE to FOLLOWER at term 11 for DISCOVERED_A_NEW_TERM
2019-10-16 21:00:27,045 [7e02033f-e7de-4006-80be-ffeab2e3922a@group-B775CB1CFC79-LeaderElection13] INFO  impl.RoleInfo (RoleInfo.java:shutdownLeaderElection(134)) - 7e02033f-e7de-4006-80be-ffeab2e3922a: shutdown LeaderElection
2019-10-16 21:00:27,045 [7e02033f-e7de-4006-80be-ffeab2e3922a@group-B775CB1CFC79-LeaderElection13] INFO  impl.RoleInfo (RoleInfo.java:updateAndGet(143)) - 7e02033f-e7de-4006-80be-ffeab2e3922a: start FollowerState
2019-10-16 21:00:27,232 [Thread-611] INFO  client.GrpcClientProtocolService (GrpcClientProtocolService.java:lambda$processClientRequest$0(278)) - Failed RaftClientRequest:client-BDDAE6707277->7d5bd66d-ed89-401c-bf86-050641c359fd@group-B775CB1CFC79, cid=10, seq=0, Watch-ALL_COMMITTED(6), Message:<EMPTY>, reply=RaftClientReply:client-BDDAE6707277->7d5bd66d-ed89-401c-bf86-050641c359fd@group-B775CB1CFC79, cid=10, FAILED org.apache.ratis.protocol.NotLeaderException: Server 7d5bd66d-ed89-401c-bf86-050641c359fd@group-B775CB1CFC79 is not the leader, logIndex=0, commits[7d5bd66d-ed89-401c-bf86-050641c359fd:c10, e2e26bef-7a80-470b-89dc-752ae9b76223:c10, 7e02033f-e7de-4006-80be-ffeab2e3922a:c4]
2019-10-16 21:00:27,240 [Thread-608] INFO  impl.FollowerState (FollowerState.java:run(108)) - 7e02033f-e7de-4006-80be-ffeab2e3922a@group-B775CB1CFC79-FollowerState: change to CANDIDATE, lastRpcTime:194ms, electionTimeout:194ms
2019-10-16 21:00:27,240 [Thread-608] INFO  impl.RoleInfo (RoleInfo.java:shutdownFollowerState(121)) - 7e02033f-e7de-4006-80be-ffeab2e3922a: shutdown FollowerState
2019-10-16 21:00:27,241 [Thread-608] INFO  impl.RaftServerImpl (RaftServerImpl.java:setRole(184)) - 7e02033f-e7de-4006-80be-ffeab2e3922a@group-B775CB1CFC79: changes role from  FOLLOWER to CANDIDATE at term 11 for changeToCandidate
2019-10-16 21:00:27,246 [Thread-608] INFO  impl.RoleInfo (RoleInfo.java:updateAndGet(143)) - 7e02033f-e7de-4006-80be-ffeab2e3922a: start LeaderElection
2019-10-16 21:00:27,261 [7e02033f-e7de-4006-80be-ffeab2e3922a@group-B775CB1CFC79-LeaderElection14] INFO  impl.LeaderElection (LeaderElection.java:askForVotes(178)) - 7e02033f-e7de-4006-80be-ffeab2e3922a@group-B775CB1CFC79-LeaderElection14: begin an election at term 12 for 0: [7d5bd66d-ed89-401c-bf86-050641c359fd:192.168.157.254:45704, e2e26bef-7a80-470b-89dc-752ae9b76223:192.168.157.254:36344, 7e02033f-e7de-4006-80be-ffeab2e3922a:192.168.157.254:33430], old=null
2019-10-16 21:00:27,266 [grpc-default-executor-2] INFO  impl.RaftServerImpl (RaftServerImpl.java:setRole(184)) - e2e26bef-7a80-470b-89dc-752ae9b76223@group-B775CB1CFC79: changes role from  FOLLOWER to FOLLOWER at term 12 for recognizeCandidate:7e02033f-e7de-4006-80be-ffeab2e3922a
2019-10-16 21:00:27,266 [grpc-default-executor-2] INFO  impl.RoleInfo (RoleInfo.java:shutdownFollowerState(121)) - e2e26bef-7a80-470b-89dc-752ae9b76223: shutdown FollowerState
2019-10-16 21:00:27,266 [grpc-default-executor-3] INFO  impl.RaftServerImpl (RaftServerImpl.java:setRole(184)) - 7d5bd66d-ed89-401c-bf86-050641c359fd@group-B775CB1CFC79: changes role from  FOLLOWER to FOLLOWER at term 12 for recognizeCandidate:7e02033f-e7de-4006-80be-ffeab2e3922a
2019-10-16 21:00:27,266 [Thread-607] INFO  impl.FollowerState (FollowerState.java:run(117)) - e2e26bef-7a80-470b-89dc-752ae9b76223@group-B775CB1CFC79-FollowerState was interrupted: java.lang.InterruptedException: sleep interrupted
2019-10-16 21:00:27,266 [grpc-default-executor-2] INFO  impl.RoleInfo (RoleInfo.java:updateAndGet(143)) - e2e26bef-7a80-470b-89dc-752ae9b76223: start FollowerState
2019-10-16 21:00:27,266 [grpc-default-executor-3] INFO  impl.RoleInfo (RoleInfo.java:shutdownFollowerState(121)) - 7d5bd66d-ed89-401c-bf86-050641c359fd: shutdown FollowerState
2019-10-16 21:00:27,267 [Thread-606] INFO  impl.FollowerState (FollowerState.java:run(117)) - 7d5bd66d-ed89-401c-bf86-050641c359fd@group-B775CB1CFC79-FollowerState was interrupted: java.lang.InterruptedException: sleep interrupted
2019-10-16 21:00:27,267 [grpc-default-executor-3] INFO  impl.RoleInfo (RoleInfo.java:updateAndGet(143)) - 7d5bd66d-ed89-401c-bf86-050641c359fd: start FollowerState
2019-10-16 21:00:27,289 [7e02033f-e7de-4006-80be-ffeab2e3922a@group-B775CB1CFC79-LeaderElection14] INFO  impl.LeaderElection (LeaderElection.java:logAndReturn(56)) - 7e02033f-e7de-4006-80be-ffeab2e3922a@group-B775CB1CFC79-LeaderElection14: Election REJECTED; received 2 response(s) [7e02033f-e7de-4006-80be-ffeab2e3922a<-7d5bd66d-ed89-401c-bf86-050641c359fd#0:FAIL-t12, 7e02033f-e7de-4006-80be-ffeab2e3922a<-e2e26bef-7a80-470b-89dc-752ae9b76223#0:FAIL-t12] and 0 exception(s); 7e02033f-e7de-4006-80be-ffeab2e3922a@group-B775CB1CFC79:t12, leader=null, voted=7e02033f-e7de-4006-80be-ffeab2e3922a, raftlog=7e02033f-e7de-4006-80be-ffeab2e3922a@group-B775CB1CFC79-SegmentedRaftLog:OPENED:c3,f4,i4, conf=0: [7d5bd66d-ed89-401c-bf86-050641c359fd:192.168.157.254:45704, e2e26bef-7a80-470b-89dc-752ae9b76223:192.168.157.254:36344, 7e02033f-e7de-4006-80be-ffeab2e3922a:192.168.157.254:33430], old=null
2019-10-16 21:00:27,289 [7e02033f-e7de-4006-80be-ffeab2e3922a@group-B775CB1CFC79-LeaderElection14] INFO  impl.RaftServerImpl (RaftServerImpl.java:setRole(184)) - 7e02033f-e7de-4006-80be-ffeab2e3922a@group-B775CB1CFC79: changes role from CANDIDATE to FOLLOWER at term 12 for DISCOVERED_A_NEW_TERM
2019-10-16 21:00:27,289 [7e02033f-e7de-4006-80be-ffeab2e3922a@group-B775CB1CFC79-LeaderElection14] INFO  impl.RoleInfo (RoleInfo.java:shutdownLeaderElection(134)) - 7e02033f-e7de-4006-80be-ffeab2e3922a: shutdown LeaderElection
2019-10-16 21:00:27,289 [7e02033f-e7de-4006-80be-ffeab2e3922a@group-B775CB1CFC79-LeaderElection14] INFO  impl.RoleInfo (RoleInfo.java:updateAndGet(143)) - 7e02033f-e7de-4006-80be-ffeab2e3922a: start FollowerState
2019-10-16 21:00:27,400 [Thread-618] INFO  impl.FollowerState (FollowerState.java:run(108)) - 7e02033f-e7de-4006-80be-ffeab2e3922a@group-B775CB1CFC79-FollowerState: change to CANDIDATE, lastRpcTime:110ms, electionTimeout:110ms
2019-10-16 21:00:27,401 [SCMBlockDeletingService#0] INFO  block.SCMBlockDeletingService (SCMBlockDeletingService.java:call(184)) - Totally added 1 delete blocks command for 1 datanodes, task elapsed time: 2ms
2019-10-16 21:00:27,400 [pool-7-thread-2] INFO  commands.RetriableDatanodeEventWatcher (RetriableDatanodeEventWatcher.java:onTimeout(47)) - RetriableDatanodeCommand type=deleteBlocksCommand with id=1571259623398 timed out. Retrying.
2019-10-16 21:00:27,401 [Thread-618] INFO  impl.RoleInfo (RoleInfo.java:shutdownFollowerState(121)) - 7e02033f-e7de-4006-80be-ffeab2e3922a: shutdown FollowerState
2019-10-16 21:00:27,402 [pool-7-thread-3] INFO  commands.RetriableDatanodeEventWatcher (RetriableDatanodeEventWatcher.java:onTimeout(47)) - RetriableDatanodeCommand type=deleteBlocksCommand with id=1571259623400 timed out. Retrying.
2019-10-16 21:00:27,402 [Thread-618] INFO  impl.RaftServerImpl (RaftServerImpl.java:setRole(184)) - 7e02033f-e7de-4006-80be-ffeab2e3922a@group-B775CB1CFC79: changes role from  FOLLOWER to CANDIDATE at term 12 for changeToCandidate
2019-10-16 21:00:27,402 [pool-7-thread-1] INFO  commands.RetriableDatanodeEventWatcher (RetriableDatanodeEventWatcher.java:onTimeout(47)) - RetriableDatanodeCommand type=deleteBlocksCommand with id=1571259623399 timed out. Retrying.
2019-10-16 21:00:27,402 [Thread-618] INFO  impl.RoleInfo (RoleInfo.java:updateAndGet(143)) - 7e02033f-e7de-4006-80be-ffeab2e3922a: start LeaderElection
2019-10-16 21:00:27,402 [pool-7-thread-3] INFO  commands.RetriableDatanodeEventWatcher (RetriableDatanodeEventWatcher.java:onTimeout(47)) - RetriableDatanodeCommand type=deleteBlocksCommand with id=1571259623396 timed out. Retrying.
2019-10-16 21:00:27,416 [7e02033f-e7de-4006-80be-ffeab2e3922a@group-B775CB1CFC79-LeaderElection15] INFO  impl.LeaderElection (LeaderElection.java:askForVotes(178)) - 7e02033f-e7de-4006-80be-ffeab2e3922a@group-B775CB1CFC79-LeaderElection15: begin an election at term 13 for 0: [7d5bd66d-ed89-401c-bf86-050641c359fd:192.168.157.254:45704, e2e26bef-7a80-470b-89dc-752ae9b76223:192.168.157.254:36344, 7e02033f-e7de-4006-80be-ffeab2e3922a:192.168.157.254:33430], old=null
2019-10-16 21:00:27,420 [grpc-default-executor-3] INFO  impl.RaftServerImpl (RaftServerImpl.java:setRole(184)) - 7d5bd66d-ed89-401c-bf86-050641c359fd@group-B775CB1CFC79: changes role from  FOLLOWER to FOLLOWER at term 13 for recognizeCandidate:7e02033f-e7de-4006-80be-ffeab2e3922a
2019-10-16 21:00:27,420 [grpc-default-executor-2] INFO  impl.RaftServerImpl (RaftServerImpl.java:setRole(184)) - e2e26bef-7a80-470b-89dc-752ae9b76223@group-B775CB1CFC79: changes role from  FOLLOWER to FOLLOWER at term 13 for recognizeCandidate:7e02033f-e7de-4006-80be-ffeab2e3922a
2019-10-16 21:00:27,420 [grpc-default-executor-3] INFO  impl.RoleInfo (RoleInfo.java:shutdownFollowerState(121)) - 7d5bd66d-ed89-401c-bf86-050641c359fd: shutdown FollowerState
2019-10-16 21:00:27,420 [grpc-default-executor-2] INFO  impl.RoleInfo (RoleInfo.java:shutdownFollowerState(121)) - e2e26bef-7a80-470b-89dc-752ae9b76223: shutdown FollowerState
2019-10-16 21:00:27,420 [grpc-default-executor-3] INFO  impl.RoleInfo (RoleInfo.java:updateAndGet(143)) - 7d5bd66d-ed89-401c-bf86-050641c359fd: start FollowerState
2019-10-16 21:00:27,420 [Thread-617] INFO  impl.FollowerState (FollowerState.java:run(117)) - 7d5bd66d-ed89-401c-bf86-050641c359fd@group-B775CB1CFC79-FollowerState was interrupted: java.lang.InterruptedException: sleep interrupted
2019-10-16 21:00:27,421 [Thread-616] INFO  impl.FollowerState (FollowerState.java:run(117)) - e2e26bef-7a80-470b-89dc-752ae9b76223@group-B775CB1CFC79-FollowerState was interrupted: java.lang.InterruptedException: sleep interrupted
2019-10-16 21:00:27,421 [grpc-default-executor-2] INFO  impl.RoleInfo (RoleInfo.java:updateAndGet(143)) - e2e26bef-7a80-470b-89dc-752ae9b76223: start FollowerState
2019-10-16 21:00:27,437 [7e02033f-e7de-4006-80be-ffeab2e3922a@group-B775CB1CFC79-LeaderElection15] INFO  impl.LeaderElection (LeaderElection.java:logAndReturn(56)) - 7e02033f-e7de-4006-80be-ffeab2e3922a@group-B775CB1CFC79-LeaderElection15: Election REJECTED; received 2 response(s) [7e02033f-e7de-4006-80be-ffeab2e3922a<-7d5bd66d-ed89-401c-bf86-050641c359fd#0:FAIL-t13, 7e02033f-e7de-4006-80be-ffeab2e3922a<-e2e26bef-7a80-470b-89dc-752ae9b76223#0:FAIL-t13] and 0 exception(s); 7e02033f-e7de-4006-80be-ffeab2e3922a@group-B775CB1CFC79:t13, leader=null, voted=7e02033f-e7de-4006-80be-ffeab2e3922a, raftlog=7e02033f-e7de-4006-80be-ffeab2e3922a@group-B775CB1CFC79-SegmentedRaftLog:OPENED:c3,f4,i4, conf=0: [7d5bd66d-ed89-401c-bf86-050641c359fd:192.168.157.254:45704, e2e26bef-7a80-470b-89dc-752ae9b76223:192.168.157.254:36344, 7e02033f-e7de-4006-80be-ffeab2e3922a:192.168.157.254:33430], old=null
2019-10-16 21:00:27,437 [7e02033f-e7de-4006-80be-ffeab2e3922a@group-B775CB1CFC79-LeaderElection15] INFO  impl.RaftServerImpl (RaftServerImpl.java:setRole(184)) - 7e02033f-e7de-4006-80be-ffeab2e3922a@group-B775CB1CFC79: changes role from CANDIDATE to FOLLOWER at term 13 for DISCOVERED_A_NEW_TERM
2019-10-16 21:00:27,437 [7e02033f-e7de-4006-80be-ffeab2e3922a@group-B775CB1CFC79-LeaderElection15] INFO  impl.RoleInfo (RoleInfo.java:shutdownLeaderElection(134)) - 7e02033f-e7de-4006-80be-ffeab2e3922a: shutdown LeaderElection
2019-10-16 21:00:27,437 [7e02033f-e7de-4006-80be-ffeab2e3922a@group-B775CB1CFC79-LeaderElection15] INFO  impl.RoleInfo (RoleInfo.java:updateAndGet(143)) - 7e02033f-e7de-4006-80be-ffeab2e3922a: start FollowerState
2019-10-16 21:00:27,453 [Thread-624] INFO  impl.FollowerState (FollowerState.java:run(108)) - 7e02033f-e7de-4006-80be-ffeab2e3922a@group-B775CB1CFC79-FollowerState: change to CANDIDATE, lastRpcTime:15ms, electionTimeout:15ms
2019-10-16 21:00:27,454 [Thread-624] INFO  impl.RoleInfo (RoleInfo.java:shutdownFollowerState(121)) - 7e02033f-e7de-4006-80be-ffeab2e3922a: shutdown FollowerState
2019-10-16 21:00:27,454 [Thread-624] INFO  impl.RaftServerImpl (RaftServerImpl.java:setRole(184)) - 7e02033f-e7de-4006-80be-ffeab2e3922a@group-B775CB1CFC79: changes role from  FOLLOWER to CANDIDATE at term 13 for changeToCandidate
2019-10-16 21:00:27,454 [Thread-624] INFO  impl.RoleInfo (RoleInfo.java:updateAndGet(143)) - 7e02033f-e7de-4006-80be-ffeab2e3922a: start LeaderElection
2019-10-16 21:00:27,468 [7e02033f-e7de-4006-80be-ffeab2e3922a@group-B775CB1CFC79-LeaderElection16] INFO  impl.LeaderElection (LeaderElection.java:askForVotes(178)) - 7e02033f-e7de-4006-80be-ffeab2e3922a@group-B775CB1CFC79-LeaderElection16: begin an election at term 14 for 0: [7d5bd66d-ed89-401c-bf86-050641c359fd:192.168.157.254:45704, e2e26bef-7a80-470b-89dc-752ae9b76223:192.168.157.254:36344, 7e02033f-e7de-4006-80be-ffeab2e3922a:192.168.157.254:33430], old=null
2019-10-16 21:00:27,471 [grpc-default-executor-2] INFO  impl.RaftServerImpl (RaftServerImpl.java:setRole(184)) - 7d5bd66d-ed89-401c-bf86-050641c359fd@group-B775CB1CFC79: changes role from  FOLLOWER to FOLLOWER at term 14 for recognizeCandidate:7e02033f-e7de-4006-80be-ffeab2e3922a
2019-10-16 21:00:27,471 [grpc-default-executor-2] INFO  impl.RoleInfo (RoleInfo.java:shutdownFollowerState(121)) - 7d5bd66d-ed89-401c-bf86-050641c359fd: shutdown FollowerState
2019-10-16 21:00:27,471 [Thread-622] INFO  impl.FollowerState (FollowerState.java:run(117)) - 7d5bd66d-ed89-401c-bf86-050641c359fd@group-B775CB1CFC79-FollowerState was interrupted: java.lang.InterruptedException: sleep interrupted
2019-10-16 21:00:27,472 [grpc-default-executor-2] INFO  impl.RoleInfo (RoleInfo.java:updateAndGet(143)) - 7d5bd66d-ed89-401c-bf86-050641c359fd: start FollowerState
2019-10-16 21:00:27,473 [grpc-default-executor-3] INFO  impl.RaftServerImpl (RaftServerImpl.java:setRole(184)) - e2e26bef-7a80-470b-89dc-752ae9b76223@group-B775CB1CFC79: changes role from  FOLLOWER to FOLLOWER at term 14 for recognizeCandidate:7e02033f-e7de-4006-80be-ffeab2e3922a
2019-10-16 21:00:27,474 [grpc-default-executor-3] INFO  impl.RoleInfo (RoleInfo.java:shutdownFollowerState(121)) - e2e26bef-7a80-470b-89dc-752ae9b76223: shutdown FollowerState
2019-10-16 21:00:27,474 [grpc-default-executor-3] INFO  impl.RoleInfo (RoleInfo.java:updateAndGet(143)) - e2e26bef-7a80-470b-89dc-752ae9b76223: start FollowerState
2019-10-16 21:00:27,474 [Thread-623] INFO  impl.FollowerState (FollowerState.java:run(117)) - e2e26bef-7a80-470b-89dc-752ae9b76223@group-B775CB1CFC79-FollowerState was interrupted: java.lang.InterruptedException: sleep interrupted
2019-10-16 21:00:27,488 [7e02033f-e7de-4006-80be-ffeab2e3922a@group-B775CB1CFC79-LeaderElection16] INFO  impl.LeaderElection (LeaderElection.java:logAndReturn(56)) - 7e02033f-e7de-4006-80be-ffeab2e3922a@group-B775CB1CFC79-LeaderElection16: Election REJECTED; received 2 response(s) [7e02033f-e7de-4006-80be-ffeab2e3922a<-7d5bd66d-ed89-401c-bf86-050641c359fd#0:FAIL-t14, 7e02033f-e7de-4006-80be-ffeab2e3922a<-e2e26bef-7a80-470b-89dc-752ae9b76223#0:FAIL-t14] and 0 exception(s); 7e02033f-e7de-4006-80be-ffeab2e3922a@group-B775CB1CFC79:t14, leader=null, voted=7e02033f-e7de-4006-80be-ffeab2e3922a, raftlog=7e02033f-e7de-4006-80be-ffeab2e3922a@group-B775CB1CFC79-SegmentedRaftLog:OPENED:c3,f4,i4, conf=0: [7d5bd66d-ed89-401c-bf86-050641c359fd:192.168.157.254:45704, e2e26bef-7a80-470b-89dc-752ae9b76223:192.168.157.254:36344, 7e02033f-e7de-4006-80be-ffeab2e3922a:192.168.157.254:33430], old=null
2019-10-16 21:00:27,489 [7e02033f-e7de-4006-80be-ffeab2e3922a@group-B775CB1CFC79-LeaderElection16] INFO  impl.RaftServerImpl (RaftServerImpl.java:setRole(184)) - 7e02033f-e7de-4006-80be-ffeab2e3922a@group-B775CB1CFC79: changes role from CANDIDATE to FOLLOWER at term 14 for DISCOVERED_A_NEW_TERM
2019-10-16 21:00:27,489 [7e02033f-e7de-4006-80be-ffeab2e3922a@group-B775CB1CFC79-LeaderElection16] INFO  impl.RoleInfo (RoleInfo.java:shutdownLeaderElection(134)) - 7e02033f-e7de-4006-80be-ffeab2e3922a: shutdown LeaderElection
2019-10-16 21:00:27,489 [7e02033f-e7de-4006-80be-ffeab2e3922a@group-B775CB1CFC79-LeaderElection16] INFO  impl.RoleInfo (RoleInfo.java:updateAndGet(143)) - 7e02033f-e7de-4006-80be-ffeab2e3922a: start FollowerState
2019-10-16 21:00:27,651 [Thread-630] INFO  impl.FollowerState (FollowerState.java:run(108)) - 7e02033f-e7de-4006-80be-ffeab2e3922a@group-B775CB1CFC79-FollowerState: change to CANDIDATE, lastRpcTime:162ms, electionTimeout:162ms
2019-10-16 21:00:27,653 [Thread-630] INFO  impl.RoleInfo (RoleInfo.java:shutdownFollowerState(121)) - 7e02033f-e7de-4006-80be-ffeab2e3922a: shutdown FollowerState
2019-10-16 21:00:27,653 [Thread-630] INFO  impl.RaftServerImpl (RaftServerImpl.java:setRole(184)) - 7e02033f-e7de-4006-80be-ffeab2e3922a@group-B775CB1CFC79: changes role from  FOLLOWER to CANDIDATE at term 14 for changeToCandidate
2019-10-16 21:00:27,653 [Thread-630] INFO  impl.RoleInfo (RoleInfo.java:updateAndGet(143)) - 7e02033f-e7de-4006-80be-ffeab2e3922a: start LeaderElection
2019-10-16 21:00:27,668 [7e02033f-e7de-4006-80be-ffeab2e3922a@group-B775CB1CFC79-LeaderElection17] INFO  impl.LeaderElection (LeaderElection.java:askForVotes(178)) - 7e02033f-e7de-4006-80be-ffeab2e3922a@group-B775CB1CFC79-LeaderElection17: begin an election at term 15 for 0: [7d5bd66d-ed89-401c-bf86-050641c359fd:192.168.157.254:45704, e2e26bef-7a80-470b-89dc-752ae9b76223:192.168.157.254:36344, 7e02033f-e7de-4006-80be-ffeab2e3922a:192.168.157.254:33430], old=null
2019-10-16 21:00:27,673 [grpc-default-executor-2] INFO  impl.RaftServerImpl (RaftServerImpl.java:setRole(184)) - 7d5bd66d-ed89-401c-bf86-050641c359fd@group-B775CB1CFC79: changes role from  FOLLOWER to FOLLOWER at term 15 for recognizeCandidate:7e02033f-e7de-4006-80be-ffeab2e3922a
2019-10-16 21:00:27,673 [grpc-default-executor-2] INFO  impl.RoleInfo (RoleInfo.java:shutdownFollowerState(121)) - 7d5bd66d-ed89-401c-bf86-050641c359fd: shutdown FollowerState
2019-10-16 21:00:27,673 [grpc-default-executor-3] INFO  impl.RaftServerImpl (RaftServerImpl.java:setRole(184)) - e2e26bef-7a80-470b-89dc-752ae9b76223@group-B775CB1CFC79: changes role from  FOLLOWER to FOLLOWER at term 15 for recognizeCandidate:7e02033f-e7de-4006-80be-ffeab2e3922a
2019-10-16 21:00:27,673 [grpc-default-executor-2] INFO  impl.RoleInfo (RoleInfo.java:updateAndGet(143)) - 7d5bd66d-ed89-401c-bf86-050641c359fd: start FollowerState
2019-10-16 21:00:27,673 [Thread-628] INFO  impl.FollowerState (FollowerState.java:run(117)) - 7d5bd66d-ed89-401c-bf86-050641c359fd@group-B775CB1CFC79-FollowerState was interrupted: java.lang.InterruptedException: sleep interrupted
2019-10-16 21:00:27,673 [grpc-default-executor-3] INFO  impl.RoleInfo (RoleInfo.java:shutdownFollowerState(121)) - e2e26bef-7a80-470b-89dc-752ae9b76223: shutdown FollowerState
2019-10-16 21:00:27,674 [grpc-default-executor-3] INFO  impl.RoleInfo (RoleInfo.java:updateAndGet(143)) - e2e26bef-7a80-470b-89dc-752ae9b76223: start FollowerState
2019-10-16 21:00:27,674 [Thread-629] INFO  impl.FollowerState (FollowerState.java:run(117)) - e2e26bef-7a80-470b-89dc-752ae9b76223@group-B775CB1CFC79-FollowerState was interrupted: java.lang.InterruptedException: sleep interrupted
2019-10-16 21:00:27,689 [7e02033f-e7de-4006-80be-ffeab2e3922a@group-B775CB1CFC79-LeaderElection17] INFO  impl.LeaderElection (LeaderElection.java:logAndReturn(56)) - 7e02033f-e7de-4006-80be-ffeab2e3922a@group-B775CB1CFC79-LeaderElection17: Election REJECTED; received 2 response(s) [7e02033f-e7de-4006-80be-ffeab2e3922a<-7d5bd66d-ed89-401c-bf86-050641c359fd#0:FAIL-t15, 7e02033f-e7de-4006-80be-ffeab2e3922a<-e2e26bef-7a80-470b-89dc-752ae9b76223#0:FAIL-t15] and 0 exception(s); 7e02033f-e7de-4006-80be-ffeab2e3922a@group-B775CB1CFC79:t15, leader=null, voted=7e02033f-e7de-4006-80be-ffeab2e3922a, raftlog=7e02033f-e7de-4006-80be-ffeab2e3922a@group-B775CB1CFC79-SegmentedRaftLog:OPENED:c3,f4,i4, conf=0: [7d5bd66d-ed89-401c-bf86-050641c359fd:192.168.157.254:45704, e2e26bef-7a80-470b-89dc-752ae9b76223:192.168.157.254:36344, 7e02033f-e7de-4006-80be-ffeab2e3922a:192.168.157.254:33430], old=null
2019-10-16 21:00:27,689 [7e02033f-e7de-4006-80be-ffeab2e3922a@group-B775CB1CFC79-LeaderElection17] INFO  impl.RaftServerImpl (RaftServerImpl.java:setRole(184)) - 7e02033f-e7de-4006-80be-ffeab2e3922a@group-B775CB1CFC79: changes role from CANDIDATE to FOLLOWER at term 15 for DISCOVERED_A_NEW_TERM
2019-10-16 21:00:27,690 [7e02033f-e7de-4006-80be-ffeab2e3922a@group-B775CB1CFC79-LeaderElection17] INFO  impl.RoleInfo (RoleInfo.java:shutdownLeaderElection(134)) - 7e02033f-e7de-4006-80be-ffeab2e3922a: shutdown LeaderElection
2019-10-16 21:00:27,690 [7e02033f-e7de-4006-80be-ffeab2e3922a@group-B775CB1CFC79-LeaderElection17] INFO  impl.RoleInfo (RoleInfo.java:updateAndGet(143)) - 7e02033f-e7de-4006-80be-ffeab2e3922a: start FollowerState
2019-10-16 21:00:27,858 [Thread-636] INFO  impl.FollowerState (FollowerState.java:run(108)) - 7e02033f-e7de-4006-80be-ffeab2e3922a@group-B775CB1CFC79-FollowerState: change to CANDIDATE, lastRpcTime:168ms, electionTimeout:168ms
2019-10-16 21:00:27,863 [Thread-636] INFO  impl.RoleInfo (RoleInfo.java:shutdownFollowerState(121)) - 7e02033f-e7de-4006-80be-ffeab2e3922a: shutdown FollowerState
2019-10-16 21:00:27,863 [Thread-636] INFO  impl.RaftServerImpl (RaftServerImpl.java:setRole(184)) - 7e02033f-e7de-4006-80be-ffeab2e3922a@group-B775CB1CFC79: changes role from  FOLLOWER to CANDIDATE at term 15 for changeToCandidate
2019-10-16 21:00:27,863 [Thread-636] INFO  impl.RoleInfo (RoleInfo.java:updateAndGet(143)) - 7e02033f-e7de-4006-80be-ffeab2e3922a: start LeaderElection
2019-10-16 21:00:27,877 [7e02033f-e7de-4006-80be-ffeab2e3922a@group-B775CB1CFC79-LeaderElection18] INFO  impl.LeaderElection (LeaderElection.java:askForVotes(178)) - 7e02033f-e7de-4006-80be-ffeab2e3922a@group-B775CB1CFC79-LeaderElection18: begin an election at term 16 for 0: [7d5bd66d-ed89-401c-bf86-050641c359fd:192.168.157.254:45704, e2e26bef-7a80-470b-89dc-752ae9b76223:192.168.157.254:36344, 7e02033f-e7de-4006-80be-ffeab2e3922a:192.168.157.254:33430], old=null
2019-10-16 21:00:27,883 [grpc-default-executor-3] INFO  impl.RaftServerImpl (RaftServerImpl.java:setRole(184)) - e2e26bef-7a80-470b-89dc-752ae9b76223@group-B775CB1CFC79: changes role from  FOLLOWER to FOLLOWER at term 16 for recognizeCandidate:7e02033f-e7de-4006-80be-ffeab2e3922a
2019-10-16 21:00:27,883 [grpc-default-executor-2] INFO  impl.RaftServerImpl (RaftServerImpl.java:setRole(184)) - 7d5bd66d-ed89-401c-bf86-050641c359fd@group-B775CB1CFC79: changes role from  FOLLOWER to FOLLOWER at term 16 for recognizeCandidate:7e02033f-e7de-4006-80be-ffeab2e3922a
2019-10-16 21:00:27,883 [grpc-default-executor-3] INFO  impl.RoleInfo (RoleInfo.java:shutdownFollowerState(121)) - e2e26bef-7a80-470b-89dc-752ae9b76223: shutdown FollowerState
2019-10-16 21:00:27,883 [grpc-default-executor-2] INFO  impl.RoleInfo (RoleInfo.java:shutdownFollowerState(121)) - 7d5bd66d-ed89-401c-bf86-050641c359fd: shutdown FollowerState
2019-10-16 21:00:27,883 [Thread-635] INFO  impl.FollowerState (FollowerState.java:run(117)) - e2e26bef-7a80-470b-89dc-752ae9b76223@group-B775CB1CFC79-FollowerState was interrupted: java.lang.InterruptedException: sleep interrupted
2019-10-16 21:00:27,883 [grpc-default-executor-2] INFO  impl.RoleInfo (RoleInfo.java:updateAndGet(143)) - 7d5bd66d-ed89-401c-bf86-050641c359fd: start FollowerState
2019-10-16 21:00:27,883 [grpc-default-executor-3] INFO  impl.RoleInfo (RoleInfo.java:updateAndGet(143)) - e2e26bef-7a80-470b-89dc-752ae9b76223: start FollowerState
2019-10-16 21:00:27,883 [Thread-634] INFO  impl.FollowerState (FollowerState.java:run(117)) - 7d5bd66d-ed89-401c-bf86-050641c359fd@group-B775CB1CFC79-FollowerState was interrupted: java.lang.InterruptedException: sleep interrupted
2019-10-16 21:00:27,888 [BlockDeletingService#2] WARN  background.BlockDeletingService (BlockDeletingService.java:isDeletionAllowed(187)) - Close Container log Index 6 is not replicated across allthe servers in the pipeline 4fea0e3a-b978-493d-b2ed-b775cb1cfc79 as the min replicated index is 4. Deletion is not allowed in this container yet.
2019-10-16 21:00:27,889 [BlockDeletingService#2] WARN  background.BlockDeletingService (BlockDeletingService.java:isDeletionAllowed(187)) - Close Container log Index 6 is not replicated across allthe servers in the pipeline 4fea0e3a-b978-493d-b2ed-b775cb1cfc79 as the min replicated index is 4. Deletion is not allowed in this container yet.
2019-10-16 21:00:27,899 [7e02033f-e7de-4006-80be-ffeab2e3922a@group-B775CB1CFC79-LeaderElection18] INFO  impl.LeaderElection (LeaderElection.java:logAndReturn(56)) - 7e02033f-e7de-4006-80be-ffeab2e3922a@group-B775CB1CFC79-LeaderElection18: Election REJECTED; received 2 response(s) [7e02033f-e7de-4006-80be-ffeab2e3922a<-7d5bd66d-ed89-401c-bf86-050641c359fd#0:FAIL-t16, 7e02033f-e7de-4006-80be-ffeab2e3922a<-e2e26bef-7a80-470b-89dc-752ae9b76223#0:FAIL-t16] and 0 exception(s); 7e02033f-e7de-4006-80be-ffeab2e3922a@group-B775CB1CFC79:t16, leader=null, voted=7e02033f-e7de-4006-80be-ffeab2e3922a, raftlog=7e02033f-e7de-4006-80be-ffeab2e3922a@group-B775CB1CFC79-SegmentedRaftLog:OPENED:c3,f4,i4, conf=0: [7d5bd66d-ed89-401c-bf86-050641c359fd:192.168.157.254:45704, e2e26bef-7a80-470b-89dc-752ae9b76223:192.168.157.254:36344, 7e02033f-e7de-4006-80be-ffeab2e3922a:192.168.157.254:33430], old=null
2019-10-16 21:00:27,899 [7e02033f-e7de-4006-80be-ffeab2e3922a@group-B775CB1CFC79-LeaderElection18] INFO  impl.RaftServerImpl (RaftServerImpl.java:setRole(184)) - 7e02033f-e7de-4006-80be-ffeab2e3922a@group-B775CB1CFC79: changes role from CANDIDATE to FOLLOWER at term 16 for DISCOVERED_A_NEW_TERM
2019-10-16 21:00:27,899 [7e02033f-e7de-4006-80be-ffeab2e3922a@group-B775CB1CFC79-LeaderElection18] INFO  impl.RoleInfo (RoleInfo.java:shutdownLeaderElection(134)) - 7e02033f-e7de-4006-80be-ffeab2e3922a: shutdown LeaderElection
2019-10-16 21:00:27,899 [7e02033f-e7de-4006-80be-ffeab2e3922a@group-B775CB1CFC79-LeaderElection18] INFO  impl.RoleInfo (RoleInfo.java:updateAndGet(143)) - 7e02033f-e7de-4006-80be-ffeab2e3922a: start FollowerState
2019-10-16 21:00:27,960 [Thread-644] INFO  impl.FollowerState (FollowerState.java:run(108)) - 7e02033f-e7de-4006-80be-ffeab2e3922a@group-B775CB1CFC79-FollowerState: change to CANDIDATE, lastRpcTime:60ms, electionTimeout:60ms
2019-10-16 21:00:27,961 [Thread-644] INFO  impl.RoleInfo (RoleInfo.java:shutdownFollowerState(121)) - 7e02033f-e7de-4006-80be-ffeab2e3922a: shutdown FollowerState
2019-10-16 21:00:27,961 [Thread-644] INFO  impl.RaftServerImpl (RaftServerImpl.java:setRole(184)) - 7e02033f-e7de-4006-80be-ffeab2e3922a@group-B775CB1CFC79: changes role from  FOLLOWER to CANDIDATE at term 16 for changeToCandidate
2019-10-16 21:00:27,961 [Thread-644] INFO  impl.RoleInfo (RoleInfo.java:updateAndGet(143)) - 7e02033f-e7de-4006-80be-ffeab2e3922a: start LeaderElection
2019-10-16 21:00:27,975 [7e02033f-e7de-4006-80be-ffeab2e3922a@group-B775CB1CFC79-LeaderElection19] INFO  impl.LeaderElection (LeaderElection.java:askForVotes(178)) - 7e02033f-e7de-4006-80be-ffeab2e3922a@group-B775CB1CFC79-LeaderElection19: begin an election at term 17 for 0: [7d5bd66d-ed89-401c-bf86-050641c359fd:192.168.157.254:45704, e2e26bef-7a80-470b-89dc-752ae9b76223:192.168.157.254:36344, 7e02033f-e7de-4006-80be-ffeab2e3922a:192.168.157.254:33430], old=null
2019-10-16 21:00:27,980 [grpc-default-executor-3] INFO  impl.RaftServerImpl (RaftServerImpl.java:setRole(184)) - 7d5bd66d-ed89-401c-bf86-050641c359fd@group-B775CB1CFC79: changes role from  FOLLOWER to FOLLOWER at term 17 for recognizeCandidate:7e02033f-e7de-4006-80be-ffeab2e3922a
2019-10-16 21:00:27,980 [grpc-default-executor-3] INFO  impl.RoleInfo (RoleInfo.java:shutdownFollowerState(121)) - 7d5bd66d-ed89-401c-bf86-050641c359fd: shutdown FollowerState
2019-10-16 21:00:27,980 [grpc-default-executor-2] INFO  impl.RaftServerImpl (RaftServerImpl.java:setRole(184)) - e2e26bef-7a80-470b-89dc-752ae9b76223@group-B775CB1CFC79: changes role from  FOLLOWER to FOLLOWER at term 17 for recognizeCandidate:7e02033f-e7de-4006-80be-ffeab2e3922a
2019-10-16 21:00:27,980 [Thread-641] INFO  impl.FollowerState (FollowerState.java:run(117)) - 7d5bd66d-ed89-401c-bf86-050641c359fd@group-B775CB1CFC79-FollowerState was interrupted: java.lang.InterruptedException: sleep interrupted
2019-10-16 21:00:27,980 [grpc-default-executor-3] INFO  impl.RoleInfo (RoleInfo.java:updateAndGet(143)) - 7d5bd66d-ed89-401c-bf86-050641c359fd: start FollowerState
2019-10-16 21:00:27,980 [grpc-default-executor-2] INFO  impl.RoleInfo (RoleInfo.java:shutdownFollowerState(121)) - e2e26bef-7a80-470b-89dc-752ae9b76223: shutdown FollowerState
2019-10-16 21:00:27,981 [Thread-640] INFO  impl.FollowerState (FollowerState.java:run(117)) - e2e26bef-7a80-470b-89dc-752ae9b76223@group-B775CB1CFC79-FollowerState was interrupted: java.lang.InterruptedException: sleep interrupted
2019-10-16 21:00:27,981 [grpc-default-executor-2] INFO  impl.RoleInfo (RoleInfo.java:updateAndGet(143)) - e2e26bef-7a80-470b-89dc-752ae9b76223: start FollowerState
2019-10-16 21:00:27,983 [7e02033f-e7de-4006-80be-ffeab2e3922a@group-B775CB1CFC79-LeaderElection19] INFO  impl.LeaderElection (LeaderElection.java:logAndReturn(56)) - 7e02033f-e7de-4006-80be-ffeab2e3922a@group-B775CB1CFC79-LeaderElection19: Election TIMEOUT; received 0 response(s) [] and 0 exception(s); 7e02033f-e7de-4006-80be-ffeab2e3922a@group-B775CB1CFC79:t17, leader=null, voted=7e02033f-e7de-4006-80be-ffeab2e3922a, raftlog=7e02033f-e7de-4006-80be-ffeab2e3922a@group-B775CB1CFC79-SegmentedRaftLog:OPENED:c3,f4,i4, conf=0: [7d5bd66d-ed89-401c-bf86-050641c359fd:192.168.157.254:45704, e2e26bef-7a80-470b-89dc-752ae9b76223:192.168.157.254:36344, 7e02033f-e7de-4006-80be-ffeab2e3922a:192.168.157.254:33430], old=null
2019-10-16 21:00:27,995 [7e02033f-e7de-4006-80be-ffeab2e3922a@group-B775CB1CFC79-LeaderElection19] INFO  impl.LeaderElection (LeaderElection.java:askForVotes(178)) - 7e02033f-e7de-4006-80be-ffeab2e3922a@group-B775CB1CFC79-LeaderElection19: begin an election at term 18 for 0: [7d5bd66d-ed89-401c-bf86-050641c359fd:192.168.157.254:45704, e2e26bef-7a80-470b-89dc-752ae9b76223:192.168.157.254:36344, 7e02033f-e7de-4006-80be-ffeab2e3922a:192.168.157.254:33430], old=null
2019-10-16 21:00:27,998 [grpc-default-executor-3] INFO  impl.RaftServerImpl (RaftServerImpl.java:setRole(184)) - e2e26bef-7a80-470b-89dc-752ae9b76223@group-B775CB1CFC79: changes role from  FOLLOWER to FOLLOWER at term 18 for recognizeCandidate:7e02033f-e7de-4006-80be-ffeab2e3922a
2019-10-16 21:00:27,999 [grpc-default-executor-2] INFO  impl.RaftServerImpl (RaftServerImpl.java:setRole(184)) - 7d5bd66d-ed89-401c-bf86-050641c359fd@group-B775CB1CFC79: changes role from  FOLLOWER to FOLLOWER at term 18 for recognizeCandidate:7e02033f-e7de-4006-80be-ffeab2e3922a
2019-10-16 21:00:27,999 [grpc-default-executor-3] INFO  impl.RoleInfo (RoleInfo.java:shutdownFollowerState(121)) - e2e26bef-7a80-470b-89dc-752ae9b76223: shutdown FollowerState
2019-10-16 21:00:27,999 [grpc-default-executor-2] INFO  impl.RoleInfo (RoleInfo.java:shutdownFollowerState(121)) - 7d5bd66d-ed89-401c-bf86-050641c359fd: shutdown FollowerState
2019-10-16 21:00:27,999 [Thread-649] INFO  impl.FollowerState (FollowerState.java:run(117)) - e2e26bef-7a80-470b-89dc-752ae9b76223@group-B775CB1CFC79-FollowerState was interrupted: java.lang.InterruptedException: sleep interrupted
2019-10-16 21:00:27,999 [grpc-default-executor-2] INFO  impl.RoleInfo (RoleInfo.java:updateAndGet(143)) - 7d5bd66d-ed89-401c-bf86-050641c359fd: start FollowerState
2019-10-16 21:00:27,999 [grpc-default-executor-3] INFO  impl.RoleInfo (RoleInfo.java:updateAndGet(143)) - e2e26bef-7a80-470b-89dc-752ae9b76223: start FollowerState
2019-10-16 21:00:27,999 [Thread-648] INFO  impl.FollowerState (FollowerState.java:run(117)) - 7d5bd66d-ed89-401c-bf86-050641c359fd@group-B775CB1CFC79-FollowerState was interrupted: java.lang.InterruptedException: sleep interrupted
2019-10-16 21:00:28,015 [7e02033f-e7de-4006-80be-ffeab2e3922a@group-B775CB1CFC79-LeaderElection19] INFO  impl.LeaderElection (LeaderElection.java:logAndReturn(56)) - 7e02033f-e7de-4006-80be-ffeab2e3922a@group-B775CB1CFC79-LeaderElection19: Election REJECTED; received 2 response(s) [7e02033f-e7de-4006-80be-ffeab2e3922a<-7d5bd66d-ed89-401c-bf86-050641c359fd#0:FAIL-t18, 7e02033f-e7de-4006-80be-ffeab2e3922a<-e2e26bef-7a80-470b-89dc-752ae9b76223#0:FAIL-t18] and 0 exception(s); 7e02033f-e7de-4006-80be-ffeab2e3922a@group-B775CB1CFC79:t18, leader=null, voted=7e02033f-e7de-4006-80be-ffeab2e3922a, raftlog=7e02033f-e7de-4006-80be-ffeab2e3922a@group-B775CB1CFC79-SegmentedRaftLog:OPENED:c3,f4,i4, conf=0: [7d5bd66d-ed89-401c-bf86-050641c359fd:192.168.157.254:45704, e2e26bef-7a80-470b-89dc-752ae9b76223:192.168.157.254:36344, 7e02033f-e7de-4006-80be-ffeab2e3922a:192.168.157.254:33430], old=null
2019-10-16 21:00:28,015 [7e02033f-e7de-4006-80be-ffeab2e3922a@group-B775CB1CFC79-LeaderElection19] INFO  impl.RaftServerImpl (RaftServerImpl.java:setRole(184)) - 7e02033f-e7de-4006-80be-ffeab2e3922a@group-B775CB1CFC79: changes role from CANDIDATE to FOLLOWER at term 18 for DISCOVERED_A_NEW_TERM
2019-10-16 21:00:28,015 [7e02033f-e7de-4006-80be-ffeab2e3922a@group-B775CB1CFC79-LeaderElection19] INFO  impl.RoleInfo (RoleInfo.java:shutdownLeaderElection(134)) - 7e02033f-e7de-4006-80be-ffeab2e3922a: shutdown LeaderElection
2019-10-16 21:00:28,015 [7e02033f-e7de-4006-80be-ffeab2e3922a@group-B775CB1CFC79-LeaderElection19] INFO  impl.RoleInfo (RoleInfo.java:updateAndGet(143)) - 7e02033f-e7de-4006-80be-ffeab2e3922a: start FollowerState
2019-10-16 21:00:28,032 [Thread-654] INFO  impl.FollowerState (FollowerState.java:run(108)) - 7e02033f-e7de-4006-80be-ffeab2e3922a@group-B775CB1CFC79-FollowerState: change to CANDIDATE, lastRpcTime:16ms, electionTimeout:16ms
2019-10-16 21:00:28,032 [Thread-654] INFO  impl.RoleInfo (RoleInfo.java:shutdownFollowerState(121)) - 7e02033f-e7de-4006-80be-ffeab2e3922a: shutdown FollowerState
2019-10-16 21:00:28,033 [Thread-654] INFO  impl.RaftServerImpl (RaftServerImpl.java:setRole(184)) - 7e02033f-e7de-4006-80be-ffeab2e3922a@group-B775CB1CFC79: changes role from  FOLLOWER to CANDIDATE at term 18 for changeToCandidate
2019-10-16 21:00:28,033 [Thread-654] INFO  impl.RoleInfo (RoleInfo.java:updateAndGet(143)) - 7e02033f-e7de-4006-80be-ffeab2e3922a: start LeaderElection
2019-10-16 21:00:28,046 [7e02033f-e7de-4006-80be-ffeab2e3922a@group-B775CB1CFC79-LeaderElection20] INFO  impl.LeaderElection (LeaderElection.java:askForVotes(178)) - 7e02033f-e7de-4006-80be-ffeab2e3922a@group-B775CB1CFC79-LeaderElection20: begin an election at term 19 for 0: [7d5bd66d-ed89-401c-bf86-050641c359fd:192.168.157.254:45704, e2e26bef-7a80-470b-89dc-752ae9b76223:192.168.157.254:36344, 7e02033f-e7de-4006-80be-ffeab2e3922a:192.168.157.254:33430], old=null
2019-10-16 21:00:28,050 [grpc-default-executor-2] INFO  impl.RaftServerImpl (RaftServerImpl.java:setRole(184)) - 7d5bd66d-ed89-401c-bf86-050641c359fd@group-B775CB1CFC79: changes role from  FOLLOWER to FOLLOWER at term 19 for recognizeCandidate:7e02033f-e7de-4006-80be-ffeab2e3922a
2019-10-16 21:00:28,050 [grpc-default-executor-3] INFO  impl.RaftServerImpl (RaftServerImpl.java:setRole(184)) - e2e26bef-7a80-470b-89dc-752ae9b76223@group-B775CB1CFC79: changes role from  FOLLOWER to FOLLOWER at term 19 for recognizeCandidate:7e02033f-e7de-4006-80be-ffeab2e3922a
2019-10-16 21:00:28,050 [grpc-default-executor-2] INFO  impl.RoleInfo (RoleInfo.java:shutdownFollowerState(121)) - 7d5bd66d-ed89-401c-bf86-050641c359fd: shutdown FollowerState
2019-10-16 21:00:28,050 [grpc-default-executor-3] INFO  impl.RoleInfo (RoleInfo.java:shutdownFollowerState(121)) - e2e26bef-7a80-470b-89dc-752ae9b76223: shutdown FollowerState
2019-10-16 21:00:28,051 [grpc-default-executor-2] INFO  impl.RoleInfo (RoleInfo.java:updateAndGet(143)) - 7d5bd66d-ed89-401c-bf86-050641c359fd: start FollowerState
2019-10-16 21:00:28,051 [Thread-653] INFO  impl.FollowerState (FollowerState.java:run(117)) - 7d5bd66d-ed89-401c-bf86-050641c359fd@group-B775CB1CFC79-FollowerState was interrupted: java.lang.InterruptedException: sleep interrupted
2019-10-16 21:00:28,051 [Thread-652] INFO  impl.FollowerState (FollowerState.java:run(117)) - e2e26bef-7a80-470b-89dc-752ae9b76223@group-B775CB1CFC79-FollowerState was interrupted: java.lang.InterruptedException: sleep interrupted
2019-10-16 21:00:28,051 [grpc-default-executor-3] INFO  impl.RoleInfo (RoleInfo.java:updateAndGet(143)) - e2e26bef-7a80-470b-89dc-752ae9b76223: start FollowerState
2019-10-16 21:00:28,065 [7e02033f-e7de-4006-80be-ffeab2e3922a@group-B775CB1CFC79-LeaderElection20] INFO  impl.LeaderElection (LeaderElection.java:logAndReturn(56)) - 7e02033f-e7de-4006-80be-ffeab2e3922a@group-B775CB1CFC79-LeaderElection20: Election REJECTED; received 2 response(s) [7e02033f-e7de-4006-80be-ffeab2e3922a<-7d5bd66d-ed89-401c-bf86-050641c359fd#0:FAIL-t19, 7e02033f-e7de-4006-80be-ffeab2e3922a<-e2e26bef-7a80-470b-89dc-752ae9b76223#0:FAIL-t19] and 0 exception(s); 7e02033f-e7de-4006-80be-ffeab2e3922a@group-B775CB1CFC79:t19, leader=null, voted=7e02033f-e7de-4006-80be-ffeab2e3922a, raftlog=7e02033f-e7de-4006-80be-ffeab2e3922a@group-B775CB1CFC79-SegmentedRaftLog:OPENED:c3,f4,i4, conf=0: [7d5bd66d-ed89-401c-bf86-050641c359fd:192.168.157.254:45704, e2e26bef-7a80-470b-89dc-752ae9b76223:192.168.157.254:36344, 7e02033f-e7de-4006-80be-ffeab2e3922a:192.168.157.254:33430], old=null
2019-10-16 21:00:28,066 [7e02033f-e7de-4006-80be-ffeab2e3922a@group-B775CB1CFC79-LeaderElection20] INFO  impl.RaftServerImpl (RaftServerImpl.java:setRole(184)) - 7e02033f-e7de-4006-80be-ffeab2e3922a@group-B775CB1CFC79: changes role from CANDIDATE to FOLLOWER at term 19 for DISCOVERED_A_NEW_TERM
2019-10-16 21:00:28,066 [7e02033f-e7de-4006-80be-ffeab2e3922a@group-B775CB1CFC79-LeaderElection20] INFO  impl.RoleInfo (RoleInfo.java:shutdownLeaderElection(134)) - 7e02033f-e7de-4006-80be-ffeab2e3922a: shutdown LeaderElection
2019-10-16 21:00:28,066 [7e02033f-e7de-4006-80be-ffeab2e3922a@group-B775CB1CFC79-LeaderElection20] INFO  impl.RoleInfo (RoleInfo.java:updateAndGet(143)) - 7e02033f-e7de-4006-80be-ffeab2e3922a: start FollowerState
2019-10-16 21:00:28,081 [Thread-660] INFO  impl.FollowerState (FollowerState.java:run(108)) - 7e02033f-e7de-4006-80be-ffeab2e3922a@group-B775CB1CFC79-FollowerState: change to CANDIDATE, lastRpcTime:15ms, electionTimeout:15ms
2019-10-16 21:00:28,082 [Thread-660] INFO  impl.RoleInfo (RoleInfo.java:shutdownFollowerState(121)) - 7e02033f-e7de-4006-80be-ffeab2e3922a: shutdown FollowerState
2019-10-16 21:00:28,082 [Thread-660] INFO  impl.RaftServerImpl (RaftServerImpl.java:setRole(184)) - 7e02033f-e7de-4006-80be-ffeab2e3922a@group-B775CB1CFC79: changes role from  FOLLOWER to CANDIDATE at term 19 for changeToCandidate
2019-10-16 21:00:28,082 [Thread-660] INFO  impl.RoleInfo (RoleInfo.java:updateAndGet(143)) - 7e02033f-e7de-4006-80be-ffeab2e3922a: start LeaderElection
2019-10-16 21:00:28,096 [7e02033f-e7de-4006-80be-ffeab2e3922a@group-B775CB1CFC79-LeaderElection21] INFO  impl.LeaderElection (LeaderElection.java:askForVotes(178)) - 7e02033f-e7de-4006-80be-ffeab2e3922a@group-B775CB1CFC79-LeaderElection21: begin an election at term 20 for 0: [7d5bd66d-ed89-401c-bf86-050641c359fd:192.168.157.254:45704, e2e26bef-7a80-470b-89dc-752ae9b76223:192.168.157.254:36344, 7e02033f-e7de-4006-80be-ffeab2e3922a:192.168.157.254:33430], old=null
2019-10-16 21:00:28,101 [grpc-default-executor-3] INFO  impl.RaftServerImpl (RaftServerImpl.java:setRole(184)) - 7d5bd66d-ed89-401c-bf86-050641c359fd@group-B775CB1CFC79: changes role from  FOLLOWER to FOLLOWER at term 20 for recognizeCandidate:7e02033f-e7de-4006-80be-ffeab2e3922a
2019-10-16 21:00:28,101 [grpc-default-executor-3] INFO  impl.RoleInfo (RoleInfo.java:shutdownFollowerState(121)) - 7d5bd66d-ed89-401c-bf86-050641c359fd: shutdown FollowerState
2019-10-16 21:00:28,101 [grpc-default-executor-2] INFO  impl.RaftServerImpl (RaftServerImpl.java:setRole(184)) - e2e26bef-7a80-470b-89dc-752ae9b76223@group-B775CB1CFC79: changes role from  FOLLOWER to FOLLOWER at term 20 for recognizeCandidate:7e02033f-e7de-4006-80be-ffeab2e3922a
2019-10-16 21:00:28,101 [Thread-658] INFO  impl.FollowerState (FollowerState.java:run(117)) - 7d5bd66d-ed89-401c-bf86-050641c359fd@group-B775CB1CFC79-FollowerState was interrupted: java.lang.InterruptedException: sleep interrupted
2019-10-16 21:00:28,101 [grpc-default-executor-3] INFO  impl.RoleInfo (RoleInfo.java:updateAndGet(143)) - 7d5bd66d-ed89-401c-bf86-050641c359fd: start FollowerState
2019-10-16 21:00:28,101 [grpc-default-executor-2] INFO  impl.RoleInfo (RoleInfo.java:shutdownFollowerState(121)) - e2e26bef-7a80-470b-89dc-752ae9b76223: shutdown FollowerState
2019-10-16 21:00:28,102 [Thread-659] INFO  impl.FollowerState (FollowerState.java:run(117)) - e2e26bef-7a80-470b-89dc-752ae9b76223@group-B775CB1CFC79-FollowerState was interrupted: java.lang.InterruptedException: sleep interrupted
2019-10-16 21:00:28,102 [grpc-default-executor-2] INFO  impl.RoleInfo (RoleInfo.java:updateAndGet(143)) - e2e26bef-7a80-470b-89dc-752ae9b76223: start FollowerState
2019-10-16 21:00:28,117 [7e02033f-e7de-4006-80be-ffeab2e3922a@group-B775CB1CFC79-LeaderElection21] INFO  impl.LeaderElection (LeaderElection.java:logAndReturn(56)) - 7e02033f-e7de-4006-80be-ffeab2e3922a@group-B775CB1CFC79-LeaderElection21: Election REJECTED; received 2 response(s) [7e02033f-e7de-4006-80be-ffeab2e3922a<-7d5bd66d-ed89-401c-bf86-050641c359fd#0:FAIL-t20, 7e02033f-e7de-4006-80be-ffeab2e3922a<-e2e26bef-7a80-470b-89dc-752ae9b76223#0:FAIL-t20] and 0 exception(s); 7e02033f-e7de-4006-80be-ffeab2e3922a@group-B775CB1CFC79:t20, leader=null, voted=7e02033f-e7de-4006-80be-ffeab2e3922a, raftlog=7e02033f-e7de-4006-80be-ffeab2e3922a@group-B775CB1CFC79-SegmentedRaftLog:OPENED:c3,f4,i4, conf=0: [7d5bd66d-ed89-401c-bf86-050641c359fd:192.168.157.254:45704, e2e26bef-7a80-470b-89dc-752ae9b76223:192.168.157.254:36344, 7e02033f-e7de-4006-80be-ffeab2e3922a:192.168.157.254:33430], old=null
2019-10-16 21:00:28,118 [7e02033f-e7de-4006-80be-ffeab2e3922a@group-B775CB1CFC79-LeaderElection21] INFO  impl.RaftServerImpl (RaftServerImpl.java:setRole(184)) - 7e02033f-e7de-4006-80be-ffeab2e3922a@group-B775CB1CFC79: changes role from CANDIDATE to FOLLOWER at term 20 for DISCOVERED_A_NEW_TERM
2019-10-16 21:00:28,118 [7e02033f-e7de-4006-80be-ffeab2e3922a@group-B775CB1CFC79-LeaderElection21] INFO  impl.RoleInfo (RoleInfo.java:shutdownLeaderElection(134)) - 7e02033f-e7de-4006-80be-ffeab2e3922a: shutdown LeaderElection
2019-10-16 21:00:28,118 [7e02033f-e7de-4006-80be-ffeab2e3922a@group-B775CB1CFC79-LeaderElection21] INFO  impl.RoleInfo (RoleInfo.java:updateAndGet(143)) - 7e02033f-e7de-4006-80be-ffeab2e3922a: start FollowerState
2019-10-16 21:00:28,169 [Thread-667] INFO  impl.FollowerState (FollowerState.java:run(108)) - 7e02033f-e7de-4006-80be-ffeab2e3922a@group-B775CB1CFC79-FollowerState: change to CANDIDATE, lastRpcTime:51ms, electionTimeout:51ms
2019-10-16 21:00:28,170 [Thread-667] INFO  impl.RoleInfo (RoleInfo.java:shutdownFollowerState(121)) - 7e02033f-e7de-4006-80be-ffeab2e3922a: shutdown FollowerState
2019-10-16 21:00:28,170 [Thread-667] INFO  impl.RaftServerImpl (RaftServerImpl.java:setRole(184)) - 7e02033f-e7de-4006-80be-ffeab2e3922a@group-B775CB1CFC79: changes role from  FOLLOWER to CANDIDATE at term 20 for changeToCandidate
2019-10-16 21:00:28,171 [Thread-667] INFO  impl.RoleInfo (RoleInfo.java:updateAndGet(143)) - 7e02033f-e7de-4006-80be-ffeab2e3922a: start LeaderElection
2019-10-16 21:00:28,184 [7e02033f-e7de-4006-80be-ffeab2e3922a@group-B775CB1CFC79-LeaderElection22] INFO  impl.LeaderElection (LeaderElection.java:askForVotes(178)) - 7e02033f-e7de-4006-80be-ffeab2e3922a@group-B775CB1CFC79-LeaderElection22: begin an election at term 21 for 0: [7d5bd66d-ed89-401c-bf86-050641c359fd:192.168.157.254:45704, e2e26bef-7a80-470b-89dc-752ae9b76223:192.168.157.254:36344, 7e02033f-e7de-4006-80be-ffeab2e3922a:192.168.157.254:33430], old=null
2019-10-16 21:00:28,186 [grpc-default-executor-2] INFO  impl.RaftServerImpl (RaftServerImpl.java:setRole(184)) - e2e26bef-7a80-470b-89dc-752ae9b76223@group-B775CB1CFC79: changes role from  FOLLOWER to FOLLOWER at term 21 for recognizeCandidate:7e02033f-e7de-4006-80be-ffeab2e3922a
2019-10-16 21:00:28,186 [grpc-default-executor-2] INFO  impl.RoleInfo (RoleInfo.java:shutdownFollowerState(121)) - e2e26bef-7a80-470b-89dc-752ae9b76223: shutdown FollowerState
2019-10-16 21:00:28,187 [grpc-default-executor-2] INFO  impl.RoleInfo (RoleInfo.java:updateAndGet(143)) - e2e26bef-7a80-470b-89dc-752ae9b76223: start FollowerState
2019-10-16 21:00:28,187 [grpc-default-executor-3] INFO  impl.RaftServerImpl (RaftServerImpl.java:setRole(184)) - 7d5bd66d-ed89-401c-bf86-050641c359fd@group-B775CB1CFC79: changes role from  FOLLOWER to FOLLOWER at term 21 for recognizeCandidate:7e02033f-e7de-4006-80be-ffeab2e3922a
2019-10-16 21:00:28,187 [Thread-666] INFO  impl.FollowerState (FollowerState.java:run(117)) - e2e26bef-7a80-470b-89dc-752ae9b76223@group-B775CB1CFC79-FollowerState was interrupted: java.lang.InterruptedException: sleep interrupted
2019-10-16 21:00:28,187 [grpc-default-executor-3] INFO  impl.RoleInfo (RoleInfo.java:shutdownFollowerState(121)) - 7d5bd66d-ed89-401c-bf86-050641c359fd: shutdown FollowerState
2019-10-16 21:00:28,187 [grpc-default-executor-3] INFO  impl.RoleInfo (RoleInfo.java:updateAndGet(143)) - 7d5bd66d-ed89-401c-bf86-050641c359fd: start FollowerState
2019-10-16 21:00:28,187 [Thread-665] INFO  impl.FollowerState (FollowerState.java:run(117)) - 7d5bd66d-ed89-401c-bf86-050641c359fd@group-B775CB1CFC79-FollowerState was interrupted: java.lang.InterruptedException: sleep interrupted
2019-10-16 21:00:28,201 [7e02033f-e7de-4006-80be-ffeab2e3922a@group-B775CB1CFC79-LeaderElection22] INFO  impl.LeaderElection (LeaderElection.java:logAndReturn(56)) - 7e02033f-e7de-4006-80be-ffeab2e3922a@group-B775CB1CFC79-LeaderElection22: Election REJECTED; received 2 response(s) [7e02033f-e7de-4006-80be-ffeab2e3922a<-7d5bd66d-ed89-401c-bf86-050641c359fd#0:FAIL-t21, 7e02033f-e7de-4006-80be-ffeab2e3922a<-e2e26bef-7a80-470b-89dc-752ae9b76223#0:FAIL-t21] and 0 exception(s); 7e02033f-e7de-4006-80be-ffeab2e3922a@group-B775CB1CFC79:t21, leader=null, voted=7e02033f-e7de-4006-80be-ffeab2e3922a, raftlog=7e02033f-e7de-4006-80be-ffeab2e3922a@group-B775CB1CFC79-SegmentedRaftLog:OPENED:c3,f4,i4, conf=0: [7d5bd66d-ed89-401c-bf86-050641c359fd:192.168.157.254:45704, e2e26bef-7a80-470b-89dc-752ae9b76223:192.168.157.254:36344, 7e02033f-e7de-4006-80be-ffeab2e3922a:192.168.157.254:33430], old=null
2019-10-16 21:00:28,201 [7e02033f-e7de-4006-80be-ffeab2e3922a@group-B775CB1CFC79-LeaderElection22] INFO  impl.RaftServerImpl (RaftServerImpl.java:setRole(184)) - 7e02033f-e7de-4006-80be-ffeab2e3922a@group-B775CB1CFC79: changes role from CANDIDATE to FOLLOWER at term 21 for DISCOVERED_A_NEW_TERM
2019-10-16 21:00:28,202 [7e02033f-e7de-4006-80be-ffeab2e3922a@group-B775CB1CFC79-LeaderElection22] INFO  impl.RoleInfo (RoleInfo.java:shutdownLeaderElection(134)) - 7e02033f-e7de-4006-80be-ffeab2e3922a: shutdown LeaderElection
2019-10-16 21:00:28,202 [7e02033f-e7de-4006-80be-ffeab2e3922a@group-B775CB1CFC79-LeaderElection22] INFO  impl.RoleInfo (RoleInfo.java:updateAndGet(143)) - 7e02033f-e7de-4006-80be-ffeab2e3922a: start FollowerState
2019-10-16 21:00:28,221 [EventQueue-PendingDeleteStatusForPendingDeleteHandler] INFO  block.SCMBlockDeletingService (SCMBlockDeletingService.java:handlePendingDeletes(115)) - Block deletion txnID mismatch in datanode 7e02033f-e7de-4006-80be-ffeab2e3922a for containerID 1. Datanode delete txnID: 0, SCM txnID: 1
2019-10-16 21:00:28,252 [Thread-675] INFO  client.GrpcClientProtocolService (GrpcClientProtocolService.java:lambda$processClientRequest$0(278)) - Failed RaftClientRequest:client-BDDAE6707277->7e02033f-e7de-4006-80be-ffeab2e3922a@group-B775CB1CFC79, cid=10, seq=0, Watch-ALL_COMMITTED(6), Message:<EMPTY>, reply=RaftClientReply:client-BDDAE6707277->7e02033f-e7de-4006-80be-ffeab2e3922a@group-B775CB1CFC79, cid=10, FAILED org.apache.ratis.protocol.NotLeaderException: Server 7e02033f-e7de-4006-80be-ffeab2e3922a@group-B775CB1CFC79 is not the leader, logIndex=0, commits[7e02033f-e7de-4006-80be-ffeab2e3922a:c3]
2019-10-16 21:00:28,300 [grpc-default-executor-3] INFO  impl.RaftServerProxy (RaftServerProxy.java:addNew(89)) - 7e02033f-e7de-4006-80be-ffeab2e3922a: addNew group-8B9429F2A3F3:[7e02033f-e7de-4006-80be-ffeab2e3922a:192.168.157.254:33430] returns group-8B9429F2A3F3:java.util.concurrent.CompletableFuture@665f77c5[Not completed]
2019-10-16 21:00:28,302 [pool-59-thread-1] INFO  impl.RaftServerImpl (RaftServerImpl.java:<init>(104)) - 7e02033f-e7de-4006-80be-ffeab2e3922a: new RaftServerImpl for group-8B9429F2A3F3:[7e02033f-e7de-4006-80be-ffeab2e3922a:192.168.157.254:33430] with ContainerStateMachine:uninitialized
2019-10-16 21:00:28,303 [pool-59-thread-1] INFO  server.RaftServerConfigKeys (ConfUtils.java:logGet(43)) - raft.server.rpc.timeout.min = 5s (custom)
2019-10-16 21:00:28,304 [pool-59-thread-1] INFO  server.RaftServerConfigKeys (ConfUtils.java:logGet(43)) - raft.server.rpc.timeout.max = 5200ms (custom)
2019-10-16 21:00:28,304 [pool-59-thread-1] INFO  server.RaftServerConfigKeys (ConfUtils.java:logGet(43)) - raft.server.rpcslowness.timeout = 1000s (custom)
2019-10-16 21:00:28,304 [pool-59-thread-1] INFO  server.RaftServerConfigKeys (ConfUtils.java:logGet(43)) - raft.server.sleep.deviation.threshold = 300 (default)
2019-10-16 21:00:28,304 [pool-59-thread-1] INFO  server.RaftServerConfigKeys (ConfUtils.java:logGet(43)) - raft.server.log.appender.install.snapshot.enabled = false (custom)
2019-10-16 21:00:28,304 [pool-59-thread-1] INFO  impl.RaftServerImpl (ServerState.java:<init>(103)) - 7e02033f-e7de-4006-80be-ffeab2e3922a@group-8B9429F2A3F3: ConfigurationManager, init=-1: [7e02033f-e7de-4006-80be-ffeab2e3922a:192.168.157.254:33430], old=null, confs=<EMPTY_MAP>
2019-10-16 21:00:28,304 [pool-59-thread-1] INFO  server.RaftServerConfigKeys (ConfUtils.java:logGet(43)) - raft.server.storage.dir = [/workdir/hadoop-ozone/integration-test/target/test-dir/MiniOzoneClusterImpl-612a4b9b-c8fe-4576-9448-f0de33cec420/datanode-2/data/ratis] (custom)
2019-10-16 21:00:28,305 [pool-59-thread-1] INFO  server.RaftServerConfigKeys (ConfUtils.java:logGet(43)) - raft.server.log.corruption.policy = EXCEPTION (default)
2019-10-16 21:00:28,305 [pool-59-thread-1] INFO  storage.RaftStorageDirectory (RaftStorageDirectory.java:analyzeStorage(246)) - The storage directory /workdir/hadoop-ozone/integration-test/target/test-dir/MiniOzoneClusterImpl-612a4b9b-c8fe-4576-9448-f0de33cec420/datanode-2/data/ratis/0a4c00e6-971c-481f-86e9-8b9429f2a3f3 does not exist. Creating ...
2019-10-16 21:00:28,319 [pool-59-thread-1] INFO  storage.RaftStorageDirectory (RaftStorageDirectory.java:tryLock(328)) - Lock on /workdir/hadoop-ozone/integration-test/target/test-dir/MiniOzoneClusterImpl-612a4b9b-c8fe-4576-9448-f0de33cec420/datanode-2/data/ratis/0a4c00e6-971c-481f-86e9-8b9429f2a3f3/in_use.lock acquired by nodename 12521@pr-hdds-1868-qdb9g-714931517
2019-10-16 21:00:28,332 [pool-59-thread-1] INFO  storage.RaftStorage (RaftStorage.java:format(84)) - Storage directory /workdir/hadoop-ozone/integration-test/target/test-dir/MiniOzoneClusterImpl-612a4b9b-c8fe-4576-9448-f0de33cec420/datanode-2/data/ratis/0a4c00e6-971c-481f-86e9-8b9429f2a3f3 has been successfully formatted.
2019-10-16 21:00:28,333 [pool-59-thread-1] INFO  ratis.ContainerStateMachine (ContainerStateMachine.java:loadSnapshot(233)) - group-8B9429F2A3F3: The snapshot info is null. Setting the last applied indexto:(t:0, i:~)
2019-10-16 21:00:28,333 [pool-59-thread-1] INFO  server.RaftServerConfigKeys (ConfUtils.java:logGet(43)) - raft.server.notification.no-leader.timeout = 1000s (custom)
2019-10-16 21:00:28,333 [pool-59-thread-1] INFO  server.RaftServerConfigKeys (ConfUtils.java:logGet(43)) - raft.server.log.use.memory = false (default)
2019-10-16 21:00:28,333 [pool-59-thread-1] INFO  server.RaftServerConfigKeys (ConfUtils.java:logGet(43)) - raft.server.log.purge.gap = 1000000 (custom)
2019-10-16 21:00:28,333 [pool-59-thread-1] INFO  server.RaftServerConfigKeys (ConfUtils.java:logGet(43)) - raft.server.log.appender.buffer.byte-limit = 33554432 (custom)
2019-10-16 21:00:28,333 [pool-59-thread-1] INFO  server.RaftServerConfigKeys (ConfUtils.java:logGet(43)) - raft.server.log.segment.size.max = 1048576 (custom)
2019-10-16 21:00:28,333 [pool-59-thread-1] INFO  server.RaftServerConfigKeys (ConfUtils.java:logGet(43)) - raft.server.log.segment.cache.num.max = 2 (custom)
2019-10-16 21:00:28,334 [pool-59-thread-1] INFO  segmented.SegmentedRaftLogWorker (SegmentedRaftLogWorker.java:<init>(173)) - new 7e02033f-e7de-4006-80be-ffeab2e3922a@group-8B9429F2A3F3-SegmentedRaftLogWorker for RaftStorage:Storage Directory /workdir/hadoop-ozone/integration-test/target/test-dir/MiniOzoneClusterImpl-612a4b9b-c8fe-4576-9448-f0de33cec420/datanode-2/data/ratis/0a4c00e6-971c-481f-86e9-8b9429f2a3f3
2019-10-16 21:00:28,334 [pool-59-thread-1] INFO  server.RaftServerConfigKeys (ConfUtils.java:logGet(43)) - raft.server.log.queue.byte-limit = 2147483647 (custom)
2019-10-16 21:00:28,334 [pool-59-thread-1] INFO  server.RaftServerConfigKeys (ConfUtils.java:logGet(43)) - raft.server.log.queue.element-limit = 1024 (custom)
2019-10-16 21:00:28,334 [pool-59-thread-1] INFO  server.RaftServerConfigKeys (ConfUtils.java:logGet(43)) - raft.server.log.segment.size.max = 1048576 (custom)
2019-10-16 21:00:28,334 [pool-59-thread-1] INFO  server.RaftServerConfigKeys (ConfUtils.java:logGet(43)) - raft.server.log.preallocated.size = 16384 (custom)
2019-10-16 21:00:28,334 [pool-59-thread-1] INFO  server.RaftServerConfigKeys (ConfUtils.java:logGet(43)) - raft.server.log.write.buffer.size = 33554432 (custom)
2019-10-16 21:00:28,334 [pool-59-thread-1] INFO  server.RaftServerConfigKeys (ConfUtils.java:logGet(43)) - raft.server.log.force.sync.num = 128 (default)
2019-10-16 21:00:28,334 [pool-59-thread-1] INFO  server.RaftServerConfigKeys (ConfUtils.java:logGet(43)) - raft.server.log.statemachine.data.sync = true (default)
2019-10-16 21:00:28,335 [pool-59-thread-1] INFO  server.RaftServerConfigKeys (ConfUtils.java:logGet(43)) - raft.server.log.statemachine.data.sync.timeout = 10s (default)
2019-10-16 21:00:28,335 [pool-59-thread-1] INFO  server.RaftServerConfigKeys (ConfUtils.java:logGet(43)) - raft.server.log.statemachine.data.sync.timeout.retry = -1 (default)
2019-10-16 21:00:28,335 [pool-59-thread-1] INFO  server.RaftServerConfigKeys (ConfUtils.java:logGet(43)) - raft.server.log.statemachine.data.caching.enabled = true (custom)
2019-10-16 21:00:28,335 [pool-59-thread-1] INFO  segmented.SegmentedRaftLogWorker (SegmentedRaftLogWorker.java:lambda$new$0(128)) - 7e02033f-e7de-4006-80be-ffeab2e3922a@group-8B9429F2A3F3-SegmentedRaftLogWorker: flushIndex: setUnconditionally 0 -> -1
2019-10-16 21:00:28,336 [pool-59-thread-1] INFO  server.RaftServerConfigKeys (ConfUtils.java:logGet(43)) - raft.server.snapshot.auto.trigger.enabled = true (custom)
2019-10-16 21:00:28,336 [pool-59-thread-1] INFO  server.RaftServerConfigKeys (ConfUtils.java:logGet(43)) - raft.server.snapshot.auto.trigger.threshold = 10000 (custom)
2019-10-16 21:00:28,336 [pool-59-thread-1] INFO  server.RaftServerConfigKeys (ConfUtils.java:logGet(43)) - raft.server.snapshot.retention.file.num = 5 (custom)
2019-10-16 21:00:28,336 [pool-59-thread-1] INFO  server.RaftServerConfigKeys (ConfUtils.java:logGet(43)) - raft.server.retrycache.expirytime = 600000ms (custom)
2019-10-16 21:00:28,339 [pool-59-thread-1] INFO  impl.RaftServerImpl (RaftServerImpl.java:start(195)) - 7e02033f-e7de-4006-80be-ffeab2e3922a@group-8B9429F2A3F3: start as a follower, conf=-1: [7e02033f-e7de-4006-80be-ffeab2e3922a:192.168.157.254:33430], old=null
2019-10-16 21:00:28,339 [pool-59-thread-1] INFO  impl.RaftServerImpl (RaftServerImpl.java:setRole(184)) - 7e02033f-e7de-4006-80be-ffeab2e3922a@group-8B9429F2A3F3: changes role from      null to FOLLOWER at term 0 for startAsFollower
2019-10-16 21:00:28,339 [pool-59-thread-1] INFO  impl.RoleInfo (RoleInfo.java:updateAndGet(143)) - 7e02033f-e7de-4006-80be-ffeab2e3922a: start FollowerState
2019-10-16 21:00:28,340 [pool-59-thread-1] INFO  util.JmxRegister (JmxRegister.java:tryRegister(44)) - Successfully registered JMX Bean with object name Ratis:service=RaftServer,group=group-8B9429F2A3F3,id=7e02033f-e7de-4006-80be-ffeab2e3922a
2019-10-16 21:00:28,346 [RatisPipelineUtilsThread] INFO  pipeline.PipelineStateManager (PipelineStateManager.java:addPipeline(57)) - Created pipeline Pipeline[ Id: 0a4c00e6-971c-481f-86e9-8b9429f2a3f3, Nodes: 7e02033f-e7de-4006-80be-ffeab2e3922a{ip: 192.168.157.254, host: pr-hdds-1868-qdb9g-714931517, networkLocation: /default-rack, certSerialId: null}, Type:RATIS, Factor:ONE, State:ALLOCATED]
2019-10-16 21:00:28,355 [Thread-679] INFO  impl.FollowerState (FollowerState.java:run(108)) - 7e02033f-e7de-4006-80be-ffeab2e3922a@group-8B9429F2A3F3-FollowerState: change to CANDIDATE, lastRpcTime:15ms, electionTimeout:15ms
2019-10-16 21:00:28,357 [Thread-679] INFO  impl.RoleInfo (RoleInfo.java:shutdownFollowerState(121)) - 7e02033f-e7de-4006-80be-ffeab2e3922a: shutdown FollowerState
2019-10-16 21:00:28,358 [Thread-679] INFO  impl.RaftServerImpl (RaftServerImpl.java:setRole(184)) - 7e02033f-e7de-4006-80be-ffeab2e3922a@group-8B9429F2A3F3: changes role from  FOLLOWER to CANDIDATE at term 0 for changeToCandidate
2019-10-16 21:00:28,358 [Thread-679] INFO  impl.RoleInfo (RoleInfo.java:updateAndGet(143)) - 7e02033f-e7de-4006-80be-ffeab2e3922a: start LeaderElection
2019-10-16 21:00:28,363 [grpc-default-executor-3] INFO  impl.RaftServerProxy (RaftServerProxy.java:addNew(89)) - 7e02033f-e7de-4006-80be-ffeab2e3922a: addNew group-0777CA79DD7E:[7d5bd66d-ed89-401c-bf86-050641c359fd:192.168.157.254:45704, e2e26bef-7a80-470b-89dc-752ae9b76223:192.168.157.254:36344, 7e02033f-e7de-4006-80be-ffeab2e3922a:192.168.157.254:33430] returns group-0777CA79DD7E:java.util.concurrent.CompletableFuture@499418eb[Not completed]
2019-10-16 21:00:28,363 [grpc-default-executor-2] INFO  impl.RaftServerProxy (RaftServerProxy.java:addNew(89)) - 7d5bd66d-ed89-401c-bf86-050641c359fd: addNew group-0777CA79DD7E:[7d5bd66d-ed89-401c-bf86-050641c359fd:192.168.157.254:45704, e2e26bef-7a80-470b-89dc-752ae9b76223:192.168.157.254:36344, 7e02033f-e7de-4006-80be-ffeab2e3922a:192.168.157.254:33430] returns group-0777CA79DD7E:java.util.concurrent.CompletableFuture@2cb8df88[Not completed]
2019-10-16 21:00:28,363 [grpc-default-executor-0] INFO  impl.RaftServerProxy (RaftServerProxy.java:addNew(89)) - e2e26bef-7a80-470b-89dc-752ae9b76223: addNew group-0777CA79DD7E:[7d5bd66d-ed89-401c-bf86-050641c359fd:192.168.157.254:45704, e2e26bef-7a80-470b-89dc-752ae9b76223:192.168.157.254:36344, 7e02033f-e7de-4006-80be-ffeab2e3922a:192.168.157.254:33430] returns group-0777CA79DD7E:java.util.concurrent.CompletableFuture@50cf39d7[Not completed]
2019-10-16 21:00:28,364 [pool-59-thread-1] INFO  impl.RaftServerImpl (RaftServerImpl.java:<init>(104)) - 7e02033f-e7de-4006-80be-ffeab2e3922a: new RaftServerImpl for group-0777CA79DD7E:[7d5bd66d-ed89-401c-bf86-050641c359fd:192.168.157.254:45704, e2e26bef-7a80-470b-89dc-752ae9b76223:192.168.157.254:36344, 7e02033f-e7de-4006-80be-ffeab2e3922a:192.168.157.254:33430] with ContainerStateMachine:uninitialized
2019-10-16 21:00:28,365 [pool-59-thread-1] INFO  server.RaftServerConfigKeys (ConfUtils.java:logGet(43)) - raft.server.rpc.timeout.min = 5s (custom)
2019-10-16 21:00:28,365 [pool-59-thread-1] INFO  server.RaftServerConfigKeys (ConfUtils.java:logGet(43)) - raft.server.rpc.timeout.max = 5200ms (custom)
2019-10-16 21:00:28,365 [pool-59-thread-1] INFO  server.RaftServerConfigKeys (ConfUtils.java:logGet(43)) - raft.server.rpcslowness.timeout = 1000s (custom)
2019-10-16 21:00:28,365 [Thread-673] INFO  impl.FollowerState (FollowerState.java:run(108)) - 7e02033f-e7de-4006-80be-ffeab2e3922a@group-B775CB1CFC79-FollowerState: change to CANDIDATE, lastRpcTime:163ms, electionTimeout:163ms
2019-10-16 21:00:28,365 [pool-59-thread-1] INFO  server.RaftServerConfigKeys (ConfUtils.java:logGet(43)) - raft.server.sleep.deviation.threshold = 300 (default)
2019-10-16 21:00:28,365 [Thread-673] INFO  impl.RoleInfo (RoleInfo.java:shutdownFollowerState(121)) - 7e02033f-e7de-4006-80be-ffeab2e3922a: shutdown FollowerState
2019-10-16 21:00:28,365 [pool-59-thread-1] INFO  server.RaftServerConfigKeys (ConfUtils.java:logGet(43)) - raft.server.log.appender.install.snapshot.enabled = false (custom)
2019-10-16 21:00:28,365 [Thread-673] INFO  impl.RaftServerImpl (RaftServerImpl.java:setRole(184)) - 7e02033f-e7de-4006-80be-ffeab2e3922a@group-B775CB1CFC79: changes role from  FOLLOWER to CANDIDATE at term 21 for changeToCandidate
2019-10-16 21:00:28,365 [pool-59-thread-1] INFO  impl.RaftServerImpl (ServerState.java:<init>(103)) - 7e02033f-e7de-4006-80be-ffeab2e3922a@group-0777CA79DD7E: ConfigurationManager, init=-1: [7d5bd66d-ed89-401c-bf86-050641c359fd:192.168.157.254:45704, e2e26bef-7a80-470b-89dc-752ae9b76223:192.168.157.254:36344, 7e02033f-e7de-4006-80be-ffeab2e3922a:192.168.157.254:33430], old=null, confs=<EMPTY_MAP>
2019-10-16 21:00:28,365 [Thread-673] INFO  impl.RoleInfo (RoleInfo.java:updateAndGet(143)) - 7e02033f-e7de-4006-80be-ffeab2e3922a: start LeaderElection
2019-10-16 21:00:28,366 [pool-59-thread-1] INFO  server.RaftServerConfigKeys (ConfUtils.java:logGet(43)) - raft.server.storage.dir = [/workdir/hadoop-ozone/integration-test/target/test-dir/MiniOzoneClusterImpl-612a4b9b-c8fe-4576-9448-f0de33cec420/datanode-2/data/ratis] (custom)
2019-10-16 21:00:28,366 [pool-27-thread-1] INFO  impl.RaftServerImpl (RaftServerImpl.java:<init>(104)) - 7d5bd66d-ed89-401c-bf86-050641c359fd: new RaftServerImpl for group-0777CA79DD7E:[7d5bd66d-ed89-401c-bf86-050641c359fd:192.168.157.254:45704, e2e26bef-7a80-470b-89dc-752ae9b76223:192.168.157.254:36344, 7e02033f-e7de-4006-80be-ffeab2e3922a:192.168.157.254:33430] with ContainerStateMachine:uninitialized
2019-10-16 21:00:28,366 [pool-59-thread-1] INFO  server.RaftServerConfigKeys (ConfUtils.java:logGet(43)) - raft.server.log.corruption.policy = EXCEPTION (default)
2019-10-16 21:00:28,366 [pool-27-thread-1] INFO  server.RaftServerConfigKeys (ConfUtils.java:logGet(43)) - raft.server.rpc.timeout.min = 5s (custom)
2019-10-16 21:00:28,366 [pool-59-thread-1] INFO  storage.RaftStorageDirectory (RaftStorageDirectory.java:analyzeStorage(246)) - The storage directory /workdir/hadoop-ozone/integration-test/target/test-dir/MiniOzoneClusterImpl-612a4b9b-c8fe-4576-9448-f0de33cec420/datanode-2/data/ratis/f560d4d8-14de-44cd-a543-0777ca79dd7e does not exist. Creating ...
2019-10-16 21:00:28,366 [pool-27-thread-1] INFO  server.RaftServerConfigKeys (ConfUtils.java:logGet(43)) - raft.server.rpc.timeout.max = 5200ms (custom)
2019-10-16 21:00:28,366 [pool-37-thread-1] INFO  impl.RaftServerImpl (RaftServerImpl.java:<init>(104)) - e2e26bef-7a80-470b-89dc-752ae9b76223: new RaftServerImpl for group-0777CA79DD7E:[7d5bd66d-ed89-401c-bf86-050641c359fd:192.168.157.254:45704, e2e26bef-7a80-470b-89dc-752ae9b76223:192.168.157.254:36344, 7e02033f-e7de-4006-80be-ffeab2e3922a:192.168.157.254:33430] with ContainerStateMachine:uninitialized
2019-10-16 21:00:28,367 [pool-27-thread-1] INFO  server.RaftServerConfigKeys (ConfUtils.java:logGet(43)) - raft.server.rpcslowness.timeout = 1000s (custom)
2019-10-16 21:00:28,367 [pool-37-thread-1] INFO  server.RaftServerConfigKeys (ConfUtils.java:logGet(43)) - raft.server.rpc.timeout.min = 5s (custom)
2019-10-16 21:00:28,367 [pool-27-thread-1] INFO  server.RaftServerConfigKeys (ConfUtils.java:logGet(43)) - raft.server.sleep.deviation.threshold = 300 (default)
2019-10-16 21:00:28,367 [pool-37-thread-1] INFO  server.RaftServerConfigKeys (ConfUtils.java:logGet(43)) - raft.server.rpc.timeout.max = 5200ms (custom)
2019-10-16 21:00:28,367 [pool-27-thread-1] INFO  server.RaftServerConfigKeys (ConfUtils.java:logGet(43)) - raft.server.log.appender.install.snapshot.enabled = false (custom)
2019-10-16 21:00:28,367 [pool-37-thread-1] INFO  server.RaftServerConfigKeys (ConfUtils.java:logGet(43)) - raft.server.rpcslowness.timeout = 1000s (custom)
2019-10-16 21:00:28,367 [pool-27-thread-1] INFO  impl.RaftServerImpl (ServerState.java:<init>(103)) - 7d5bd66d-ed89-401c-bf86-050641c359fd@group-0777CA79DD7E: ConfigurationManager, init=-1: [7d5bd66d-ed89-401c-bf86-050641c359fd:192.168.157.254:45704, e2e26bef-7a80-470b-89dc-752ae9b76223:192.168.157.254:36344, 7e02033f-e7de-4006-80be-ffeab2e3922a:192.168.157.254:33430], old=null, confs=<EMPTY_MAP>
2019-10-16 21:00:28,368 [pool-37-thread-1] INFO  server.RaftServerConfigKeys (ConfUtils.java:logGet(43)) - raft.server.sleep.deviation.threshold = 300 (default)
2019-10-16 21:00:28,368 [pool-27-thread-1] INFO  server.RaftServerConfigKeys (ConfUtils.java:logGet(43)) - raft.server.storage.dir = [/workdir/hadoop-ozone/integration-test/target/test-dir/MiniOzoneClusterImpl-612a4b9b-c8fe-4576-9448-f0de33cec420/datanode-0/data/ratis] (custom)
2019-10-16 21:00:28,368 [pool-37-thread-1] INFO  server.RaftServerConfigKeys (ConfUtils.java:logGet(43)) - raft.server.log.appender.install.snapshot.enabled = false (custom)
2019-10-16 21:00:28,368 [pool-37-thread-1] INFO  impl.RaftServerImpl (ServerState.java:<init>(103)) - e2e26bef-7a80-470b-89dc-752ae9b76223@group-0777CA79DD7E: ConfigurationManager, init=-1: [7d5bd66d-ed89-401c-bf86-050641c359fd:192.168.157.254:45704, e2e26bef-7a80-470b-89dc-752ae9b76223:192.168.157.254:36344, 7e02033f-e7de-4006-80be-ffeab2e3922a:192.168.157.254:33430], old=null, confs=<EMPTY_MAP>
2019-10-16 21:00:28,368 [pool-27-thread-1] INFO  server.RaftServerConfigKeys (ConfUtils.java:logGet(43)) - raft.server.log.corruption.policy = EXCEPTION (default)
2019-10-16 21:00:28,368 [pool-37-thread-1] INFO  server.RaftServerConfigKeys (ConfUtils.java:logGet(43)) - raft.server.storage.dir = [/workdir/hadoop-ozone/integration-test/target/test-dir/MiniOzoneClusterImpl-612a4b9b-c8fe-4576-9448-f0de33cec420/datanode-1/data/ratis] (custom)
2019-10-16 21:00:28,369 [pool-27-thread-1] INFO  storage.RaftStorageDirectory (RaftStorageDirectory.java:analyzeStorage(246)) - The storage directory /workdir/hadoop-ozone/integration-test/target/test-dir/MiniOzoneClusterImpl-612a4b9b-c8fe-4576-9448-f0de33cec420/datanode-0/data/ratis/f560d4d8-14de-44cd-a543-0777ca79dd7e does not exist. Creating ...
2019-10-16 21:00:28,369 [pool-37-thread-1] INFO  server.RaftServerConfigKeys (ConfUtils.java:logGet(43)) - raft.server.log.corruption.policy = EXCEPTION (default)
2019-10-16 21:00:28,369 [pool-37-thread-1] INFO  storage.RaftStorageDirectory (RaftStorageDirectory.java:analyzeStorage(246)) - The storage directory /workdir/hadoop-ozone/integration-test/target/test-dir/MiniOzoneClusterImpl-612a4b9b-c8fe-4576-9448-f0de33cec420/datanode-1/data/ratis/f560d4d8-14de-44cd-a543-0777ca79dd7e does not exist. Creating ...
2019-10-16 21:00:28,375 [pool-37-thread-1] INFO  storage.RaftStorageDirectory (RaftStorageDirectory.java:tryLock(328)) - Lock on /workdir/hadoop-ozone/integration-test/target/test-dir/MiniOzoneClusterImpl-612a4b9b-c8fe-4576-9448-f0de33cec420/datanode-1/data/ratis/f560d4d8-14de-44cd-a543-0777ca79dd7e/in_use.lock acquired by nodename 12521@pr-hdds-1868-qdb9g-714931517
2019-10-16 21:00:28,376 [7e02033f-e7de-4006-80be-ffeab2e3922a@group-B775CB1CFC79-LeaderElection24] INFO  impl.LeaderElection (LeaderElection.java:askForVotes(178)) - 7e02033f-e7de-4006-80be-ffeab2e3922a@group-B775CB1CFC79-LeaderElection24: begin an election at term 22 for 0: [7d5bd66d-ed89-401c-bf86-050641c359fd:192.168.157.254:45704, e2e26bef-7a80-470b-89dc-752ae9b76223:192.168.157.254:36344, 7e02033f-e7de-4006-80be-ffeab2e3922a:192.168.157.254:33430], old=null
2019-10-16 21:00:28,375 [pool-27-thread-1] INFO  storage.RaftStorageDirectory (RaftStorageDirectory.java:tryLock(328)) - Lock on /workdir/hadoop-ozone/integration-test/target/test-dir/MiniOzoneClusterImpl-612a4b9b-c8fe-4576-9448-f0de33cec420/datanode-0/data/ratis/f560d4d8-14de-44cd-a543-0777ca79dd7e/in_use.lock acquired by nodename 12521@pr-hdds-1868-qdb9g-714931517
2019-10-16 21:00:28,375 [pool-59-thread-1] INFO  storage.RaftStorageDirectory (RaftStorageDirectory.java:tryLock(328)) - Lock on /workdir/hadoop-ozone/integration-test/target/test-dir/MiniOzoneClusterImpl-612a4b9b-c8fe-4576-9448-f0de33cec420/datanode-2/data/ratis/f560d4d8-14de-44cd-a543-0777ca79dd7e/in_use.lock acquired by nodename 12521@pr-hdds-1868-qdb9g-714931517
2019-10-16 21:00:28,376 [7e02033f-e7de-4006-80be-ffeab2e3922a@group-8B9429F2A3F3-LeaderElection23] INFO  impl.LeaderElection (LeaderElection.java:askForVotes(178)) - 7e02033f-e7de-4006-80be-ffeab2e3922a@group-8B9429F2A3F3-LeaderElection23: begin an election at term 1 for -1: [7e02033f-e7de-4006-80be-ffeab2e3922a:192.168.157.254:33430], old=null
2019-10-16 21:00:28,376 [7e02033f-e7de-4006-80be-ffeab2e3922a@group-8B9429F2A3F3-LeaderElection23] INFO  impl.RoleInfo (RoleInfo.java:shutdownLeaderElection(134)) - 7e02033f-e7de-4006-80be-ffeab2e3922a: shutdown LeaderElection
2019-10-16 21:00:28,376 [7e02033f-e7de-4006-80be-ffeab2e3922a@group-8B9429F2A3F3-LeaderElection23] INFO  impl.RaftServerImpl (RaftServerImpl.java:setRole(184)) - 7e02033f-e7de-4006-80be-ffeab2e3922a@group-8B9429F2A3F3: changes role from CANDIDATE to LEADER at term 1 for changeToLeader
2019-10-16 21:00:28,377 [7e02033f-e7de-4006-80be-ffeab2e3922a@group-8B9429F2A3F3-LeaderElection23] INFO  ratis.XceiverServerRatis (XceiverServerRatis.java:handleLeaderChangedNotification(700)) - Leader change notification received for group: group-8B9429F2A3F3 with new leaderId: 7e02033f-e7de-4006-80be-ffeab2e3922a
2019-10-16 21:00:28,377 [7e02033f-e7de-4006-80be-ffeab2e3922a@group-8B9429F2A3F3-LeaderElection23] INFO  impl.RaftServerImpl (ServerState.java:setLeader(256)) - 7e02033f-e7de-4006-80be-ffeab2e3922a@group-8B9429F2A3F3: change Leader from null to 7e02033f-e7de-4006-80be-ffeab2e3922a at term 1 for becomeLeader, leader elected after 43ms
2019-10-16 21:00:28,377 [7e02033f-e7de-4006-80be-ffeab2e3922a@group-8B9429F2A3F3-LeaderElection23] INFO  server.RaftServerConfigKeys (ConfUtils.java:logGet(43)) - raft.server.staging.catchup.gap = 1000 (default)
2019-10-16 21:00:28,377 [7e02033f-e7de-4006-80be-ffeab2e3922a@group-8B9429F2A3F3-LeaderElection23] INFO  server.RaftServerConfigKeys (ConfUtils.java:logGet(43)) - raft.server.rpc.sleep.time = 25ms (default)
2019-10-16 21:00:28,377 [7e02033f-e7de-4006-80be-ffeab2e3922a@group-8B9429F2A3F3-LeaderElection23] INFO  server.RaftServerConfigKeys (ConfUtils.java:logGet(43)) - raft.server.write.element-limit = 4096 (default)
2019-10-16 21:00:28,378 [7e02033f-e7de-4006-80be-ffeab2e3922a@group-8B9429F2A3F3-LeaderElection23] INFO  server.RaftServerConfigKeys (ConfUtils.java:logGet(43)) - raft.server.watch.timeout = 10s (default)
2019-10-16 21:00:28,378 [7e02033f-e7de-4006-80be-ffeab2e3922a@group-8B9429F2A3F3-LeaderElection23] INFO  server.RaftServerConfigKeys (ConfUtils.java:logGet(43)) - raft.server.watch.timeout.denomination = 1s (default)
2019-10-16 21:00:28,378 [grpc-default-executor-0] INFO  impl.RaftServerImpl (RaftServerImpl.java:setRole(184)) - e2e26bef-7a80-470b-89dc-752ae9b76223@group-B775CB1CFC79: changes role from  FOLLOWER to FOLLOWER at term 22 for recognizeCandidate:7e02033f-e7de-4006-80be-ffeab2e3922a
2019-10-16 21:00:28,378 [grpc-default-executor-2] INFO  impl.RaftServerImpl (RaftServerImpl.java:setRole(184)) - 7d5bd66d-ed89-401c-bf86-050641c359fd@group-B775CB1CFC79: changes role from  FOLLOWER to FOLLOWER at term 22 for recognizeCandidate:7e02033f-e7de-4006-80be-ffeab2e3922a
2019-10-16 21:00:28,378 [grpc-default-executor-2] INFO  impl.RoleInfo (RoleInfo.java:shutdownFollowerState(121)) - 7d5bd66d-ed89-401c-bf86-050641c359fd: shutdown FollowerState
2019-10-16 21:00:28,378 [7e02033f-e7de-4006-80be-ffeab2e3922a@group-8B9429F2A3F3-LeaderElection23] INFO  server.RaftServerConfigKeys (ConfUtils.java:logGet(43)) - raft.server.watch.element-limit = 65536 (default)
2019-10-16 21:00:28,378 [grpc-default-executor-2] INFO  impl.RoleInfo (RoleInfo.java:updateAndGet(143)) - 7d5bd66d-ed89-401c-bf86-050641c359fd: start FollowerState
2019-10-16 21:00:28,378 [Thread-672] INFO  impl.FollowerState (FollowerState.java:run(117)) - 7d5bd66d-ed89-401c-bf86-050641c359fd@group-B775CB1CFC79-FollowerState was interrupted: java.lang.InterruptedException: sleep interrupted
2019-10-16 21:00:28,378 [grpc-default-executor-0] INFO  impl.RoleInfo (RoleInfo.java:shutdownFollowerState(121)) - e2e26bef-7a80-470b-89dc-752ae9b76223: shutdown FollowerState
2019-10-16 21:00:28,379 [grpc-default-executor-0] INFO  impl.RoleInfo (RoleInfo.java:updateAndGet(143)) - e2e26bef-7a80-470b-89dc-752ae9b76223: start FollowerState
2019-10-16 21:00:28,379 [Thread-671] INFO  impl.FollowerState (FollowerState.java:run(117)) - e2e26bef-7a80-470b-89dc-752ae9b76223@group-B775CB1CFC79-FollowerState was interrupted: java.lang.InterruptedException: sleep interrupted
2019-10-16 21:00:28,380 [7e02033f-e7de-4006-80be-ffeab2e3922a@group-8B9429F2A3F3-LeaderElection23] INFO  impl.RoleInfo (RoleInfo.java:updateAndGet(143)) - 7e02033f-e7de-4006-80be-ffeab2e3922a: start LeaderState
2019-10-16 21:00:28,381 [7e02033f-e7de-4006-80be-ffeab2e3922a@group-8B9429F2A3F3-LeaderElection23] INFO  segmented.SegmentedRaftLogWorker (SegmentedRaftLogWorker.java:startLogSegment(385)) - 7e02033f-e7de-4006-80be-ffeab2e3922a@group-8B9429F2A3F3-SegmentedRaftLogWorker: Starting segment from index:0
2019-10-16 21:00:28,381 [7e02033f-e7de-4006-80be-ffeab2e3922a@group-8B9429F2A3F3-LeaderElection23] INFO  impl.RaftServerImpl (ServerState.java:setRaftConf(357)) - 7e02033f-e7de-4006-80be-ffeab2e3922a@group-8B9429F2A3F3: set configuration 0: [7e02033f-e7de-4006-80be-ffeab2e3922a:192.168.157.254:33430], old=null at 0
2019-10-16 21:00:28,397 [pool-59-thread-1] INFO  storage.RaftStorage (RaftStorage.java:format(84)) - Storage directory /workdir/hadoop-ozone/integration-test/target/test-dir/MiniOzoneClusterImpl-612a4b9b-c8fe-4576-9448-f0de33cec420/datanode-2/data/ratis/f560d4d8-14de-44cd-a543-0777ca79dd7e has been successfully formatted.
2019-10-16 21:00:28,397 [pool-27-thread-1] INFO  storage.RaftStorage (RaftStorage.java:format(84)) - Storage directory /workdir/hadoop-ozone/integration-test/target/test-dir/MiniOzoneClusterImpl-612a4b9b-c8fe-4576-9448-f0de33cec420/datanode-0/data/ratis/f560d4d8-14de-44cd-a543-0777ca79dd7e has been successfully formatted.
2019-10-16 21:00:28,397 [pool-37-thread-1] INFO  storage.RaftStorage (RaftStorage.java:format(84)) - Storage directory /workdir/hadoop-ozone/integration-test/target/test-dir/MiniOzoneClusterImpl-612a4b9b-c8fe-4576-9448-f0de33cec420/datanode-1/data/ratis/f560d4d8-14de-44cd-a543-0777ca79dd7e has been successfully formatted.
2019-10-16 21:00:28,397 [pool-59-thread-1] INFO  ratis.ContainerStateMachine (ContainerStateMachine.java:loadSnapshot(233)) - group-0777CA79DD7E: The snapshot info is null. Setting the last applied indexto:(t:0, i:~)
2019-10-16 21:00:28,398 [pool-27-thread-1] INFO  ratis.ContainerStateMachine (ContainerStateMachine.java:loadSnapshot(233)) - group-0777CA79DD7E: The snapshot info is null. Setting the last applied indexto:(t:0, i:~)
2019-10-16 21:00:28,398 [pool-37-thread-1] INFO  ratis.ContainerStateMachine (ContainerStateMachine.java:loadSnapshot(233)) - group-0777CA79DD7E: The snapshot info is null. Setting the last applied indexto:(t:0, i:~)
2019-10-16 21:00:28,398 [pool-59-thread-1] INFO  server.RaftServerConfigKeys (ConfUtils.java:logGet(43)) - raft.server.notification.no-leader.timeout = 1000s (custom)
2019-10-16 21:00:28,398 [pool-37-thread-1] INFO  server.RaftServerConfigKeys (ConfUtils.java:logGet(43)) - raft.server.notification.no-leader.timeout = 1000s (custom)
2019-10-16 21:00:28,398 [pool-27-thread-1] INFO  server.RaftServerConfigKeys (ConfUtils.java:logGet(43)) - raft.server.notification.no-leader.timeout = 1000s (custom)
2019-10-16 21:00:28,398 [pool-37-thread-1] INFO  server.RaftServerConfigKeys (ConfUtils.java:logGet(43)) - raft.server.log.use.memory = false (default)
2019-10-16 21:00:28,398 [pool-59-thread-1] INFO  server.RaftServerConfigKeys (ConfUtils.java:logGet(43)) - raft.server.log.use.memory = false (default)
2019-10-16 21:00:28,399 [pool-37-thread-1] INFO  server.RaftServerConfigKeys (ConfUtils.java:logGet(43)) - raft.server.log.purge.gap = 1000000 (custom)
2019-10-16 21:00:28,399 [7e02033f-e7de-4006-80be-ffeab2e3922a@group-B775CB1CFC79-LeaderElection24] INFO  impl.LeaderElection (LeaderElection.java:logAndReturn(56)) - 7e02033f-e7de-4006-80be-ffeab2e3922a@group-B775CB1CFC79-LeaderElection24: Election REJECTED; received 2 response(s) [7e02033f-e7de-4006-80be-ffeab2e3922a<-7d5bd66d-ed89-401c-bf86-050641c359fd#0:FAIL-t22, 7e02033f-e7de-4006-80be-ffeab2e3922a<-e2e26bef-7a80-470b-89dc-752ae9b76223#0:FAIL-t22] and 0 exception(s); 7e02033f-e7de-4006-80be-ffeab2e3922a@group-B775CB1CFC79:t22, leader=null, voted=7e02033f-e7de-4006-80be-ffeab2e3922a, raftlog=7e02033f-e7de-4006-80be-ffeab2e3922a@group-B775CB1CFC79-SegmentedRaftLog:OPENED:c3,f4,i4, conf=0: [7d5bd66d-ed89-401c-bf86-050641c359fd:192.168.157.254:45704, e2e26bef-7a80-470b-89dc-752ae9b76223:192.168.157.254:36344, 7e02033f-e7de-4006-80be-ffeab2e3922a:192.168.157.254:33430], old=null
2019-10-16 21:00:28,398 [pool-27-thread-1] INFO  server.RaftServerConfigKeys (ConfUtils.java:logGet(43)) - raft.server.log.use.memory = false (default)
2019-10-16 21:00:28,399 [7e02033f-e7de-4006-80be-ffeab2e3922a@group-B775CB1CFC79-LeaderElection24] INFO  impl.RaftServerImpl (RaftServerImpl.java:setRole(184)) - 7e02033f-e7de-4006-80be-ffeab2e3922a@group-B775CB1CFC79: changes role from CANDIDATE to FOLLOWER at term 22 for DISCOVERED_A_NEW_TERM
2019-10-16 21:00:28,399 [pool-37-thread-1] INFO  server.RaftServerConfigKeys (ConfUtils.java:logGet(43)) - raft.server.log.appender.buffer.byte-limit = 33554432 (custom)
2019-10-16 21:00:28,399 [pool-59-thread-1] INFO  server.RaftServerConfigKeys (ConfUtils.java:logGet(43)) - raft.server.log.purge.gap = 1000000 (custom)
2019-10-16 21:00:28,407 [pool-37-thread-1] INFO  server.RaftServerConfigKeys (ConfUtils.java:logGet(43)) - raft.server.log.segment.size.max = 1048576 (custom)
2019-10-16 21:00:28,407 [SCMBlockDeletingService#0] INFO  block.SCMBlockDeletingService (SCMBlockDeletingService.java:call(184)) - Totally added 1 delete blocks command for 1 datanodes, task elapsed time: 0ms
2019-10-16 21:00:28,407 [7e02033f-e7de-4006-80be-ffeab2e3922a@group-B775CB1CFC79-LeaderElection24] INFO  impl.RoleInfo (RoleInfo.java:shutdownLeaderElection(134)) - 7e02033f-e7de-4006-80be-ffeab2e3922a: shutdown LeaderElection
2019-10-16 21:00:28,407 [pool-7-thread-3] INFO  commands.RetriableDatanodeEventWatcher (RetriableDatanodeEventWatcher.java:onTimeout(47)) - RetriableDatanodeCommand type=deleteBlocksCommand with id=1571259623398 timed out. Retrying.
2019-10-16 21:00:28,407 [pool-27-thread-1] INFO  server.RaftServerConfigKeys (ConfUtils.java:logGet(43)) - raft.server.log.purge.gap = 1000000 (custom)
2019-10-16 21:00:28,408 [pool-7-thread-5] INFO  commands.RetriableDatanodeEventWatcher (RetriableDatanodeEventWatcher.java:onTimeout(47)) - RetriableDatanodeCommand type=deleteBlocksCommand with id=1571259623401 timed out. Retrying.
2019-10-16 21:00:28,408 [7e02033f-e7de-4006-80be-ffeab2e3922a@group-B775CB1CFC79-LeaderElection24] INFO  impl.RoleInfo (RoleInfo.java:updateAndGet(143)) - 7e02033f-e7de-4006-80be-ffeab2e3922a: start FollowerState
2019-10-16 21:00:28,408 [pool-37-thread-1] INFO  server.RaftServerConfigKeys (ConfUtils.java:logGet(43)) - raft.server.log.segment.cache.num.max = 2 (custom)
2019-10-16 21:00:28,408 [pool-37-thread-1] INFO  segmented.SegmentedRaftLogWorker (SegmentedRaftLogWorker.java:<init>(173)) - new e2e26bef-7a80-470b-89dc-752ae9b76223@group-0777CA79DD7E-SegmentedRaftLogWorker for RaftStorage:Storage Directory /workdir/hadoop-ozone/integration-test/target/test-dir/MiniOzoneClusterImpl-612a4b9b-c8fe-4576-9448-f0de33cec420/datanode-1/data/ratis/f560d4d8-14de-44cd-a543-0777ca79dd7e
2019-10-16 21:00:28,407 [pool-59-thread-1] INFO  server.RaftServerConfigKeys (ConfUtils.java:logGet(43)) - raft.server.log.appender.buffer.byte-limit = 33554432 (custom)
2019-10-16 21:00:28,409 [pool-37-thread-1] INFO  server.RaftServerConfigKeys (ConfUtils.java:logGet(43)) - raft.server.log.queue.byte-limit = 2147483647 (custom)
2019-10-16 21:00:28,409 [pool-59-thread-1] INFO  server.RaftServerConfigKeys (ConfUtils.java:logGet(43)) - raft.server.log.segment.size.max = 1048576 (custom)
2019-10-16 21:00:28,408 [pool-7-thread-4] INFO  commands.RetriableDatanodeEventWatcher (RetriableDatanodeEventWatcher.java:onTimeout(47)) - RetriableDatanodeCommand type=deleteBlocksCommand with id=1571259623400 timed out. Retrying.
2019-10-16 21:00:28,408 [pool-27-thread-1] INFO  server.RaftServerConfigKeys (ConfUtils.java:logGet(43)) - raft.server.log.appender.buffer.byte-limit = 33554432 (custom)
2019-10-16 21:00:28,409 [pool-7-thread-1] INFO  commands.RetriableDatanodeEventWatcher (RetriableDatanodeEventWatcher.java:onTimeout(47)) - RetriableDatanodeCommand type=deleteBlocksCommand with id=1571259623399 timed out. Retrying.
2019-10-16 21:00:28,409 [pool-59-thread-1] INFO  server.RaftServerConfigKeys (ConfUtils.java:logGet(43)) - raft.server.log.segment.cache.num.max = 2 (custom)
2019-10-16 21:00:28,409 [pool-37-thread-1] INFO  server.RaftServerConfigKeys (ConfUtils.java:logGet(43)) - raft.server.log.queue.element-limit = 1024 (custom)
2019-10-16 21:00:28,410 [pool-59-thread-1] INFO  segmented.SegmentedRaftLogWorker (SegmentedRaftLogWorker.java:<init>(173)) - new 7e02033f-e7de-4006-80be-ffeab2e3922a@group-0777CA79DD7E-SegmentedRaftLogWorker for RaftStorage:Storage Directory /workdir/hadoop-ozone/integration-test/target/test-dir/MiniOzoneClusterImpl-612a4b9b-c8fe-4576-9448-f0de33cec420/datanode-2/data/ratis/f560d4d8-14de-44cd-a543-0777ca79dd7e
2019-10-16 21:00:28,409 [pool-7-thread-2] INFO  commands.RetriableDatanodeEventWatcher (RetriableDatanodeEventWatcher.java:onTimeout(47)) - RetriableDatanodeCommand type=deleteBlocksCommand with id=1571259623396 timed out. Retrying.
2019-10-16 21:00:28,409 [pool-27-thread-1] INFO  server.RaftServerConfigKeys (ConfUtils.java:logGet(43)) - raft.server.log.segment.size.max = 1048576 (custom)
2019-10-16 21:00:28,410 [pool-59-thread-1] INFO  server.RaftServerConfigKeys (ConfUtils.java:logGet(43)) - raft.server.log.queue.byte-limit = 2147483647 (custom)
2019-10-16 21:00:28,410 [pool-37-thread-1] INFO  server.RaftServerConfigKeys (ConfUtils.java:logGet(43)) - raft.server.log.segment.size.max = 1048576 (custom)
2019-10-16 21:00:28,410 [pool-59-thread-1] INFO  server.RaftServerConfigKeys (ConfUtils.java:logGet(43)) - raft.server.log.queue.element-limit = 1024 (custom)
2019-10-16 21:00:28,410 [pool-27-thread-1] INFO  server.RaftServerConfigKeys (ConfUtils.java:logGet(43)) - raft.server.log.segment.cache.num.max = 2 (custom)
2019-10-16 21:00:28,410 [pool-59-thread-1] INFO  server.RaftServerConfigKeys (ConfUtils.java:logGet(43)) - raft.server.log.segment.size.max = 1048576 (custom)
2019-10-16 21:00:28,410 [pool-37-thread-1] INFO  server.RaftServerConfigKeys (ConfUtils.java:logGet(43)) - raft.server.log.preallocated.size = 16384 (custom)
2019-10-16 21:00:28,411 [pool-59-thread-1] INFO  server.RaftServerConfigKeys (ConfUtils.java:logGet(43)) - raft.server.log.preallocated.size = 16384 (custom)
2019-10-16 21:00:28,411 [pool-27-thread-1] INFO  segmented.SegmentedRaftLogWorker (SegmentedRaftLogWorker.java:<init>(173)) - new 7d5bd66d-ed89-401c-bf86-050641c359fd@group-0777CA79DD7E-SegmentedRaftLogWorker for RaftStorage:Storage Directory /workdir/hadoop-ozone/integration-test/target/test-dir/MiniOzoneClusterImpl-612a4b9b-c8fe-4576-9448-f0de33cec420/datanode-0/data/ratis/f560d4d8-14de-44cd-a543-0777ca79dd7e
2019-10-16 21:00:28,411 [pool-59-thread-1] INFO  server.RaftServerConfigKeys (ConfUtils.java:logGet(43)) - raft.server.log.write.buffer.size = 33554432 (custom)
2019-10-16 21:00:28,411 [pool-37-thread-1] INFO  server.RaftServerConfigKeys (ConfUtils.java:logGet(43)) - raft.server.log.write.buffer.size = 33554432 (custom)
2019-10-16 21:00:28,411 [pool-59-thread-1] INFO  server.RaftServerConfigKeys (ConfUtils.java:logGet(43)) - raft.server.log.force.sync.num = 128 (default)
2019-10-16 21:00:28,411 [pool-27-thread-1] INFO  server.RaftServerConfigKeys (ConfUtils.java:logGet(43)) - raft.server.log.queue.byte-limit = 2147483647 (custom)
2019-10-16 21:00:28,411 [pool-59-thread-1] INFO  server.RaftServerConfigKeys (ConfUtils.java:logGet(43)) - raft.server.log.statemachine.data.sync = true (default)
2019-10-16 21:00:28,411 [pool-37-thread-1] INFO  server.RaftServerConfigKeys (ConfUtils.java:logGet(43)) - raft.server.log.force.sync.num = 128 (default)
2019-10-16 21:00:28,412 [pool-59-thread-1] INFO  server.RaftServerConfigKeys (ConfUtils.java:logGet(43)) - raft.server.log.statemachine.data.sync.timeout = 10s (default)
2019-10-16 21:00:28,411 [pool-27-thread-1] INFO  server.RaftServerConfigKeys (ConfUtils.java:logGet(43)) - raft.server.log.queue.element-limit = 1024 (custom)
2019-10-16 21:00:28,412 [pool-59-thread-1] INFO  server.RaftServerConfigKeys (ConfUtils.java:logGet(43)) - raft.server.log.statemachine.data.sync.timeout.retry = -1 (default)
2019-10-16 21:00:28,412 [pool-37-thread-1] INFO  server.RaftServerConfigKeys (ConfUtils.java:logGet(43)) - raft.server.log.statemachine.data.sync = true (default)
2019-10-16 21:00:28,412 [pool-59-thread-1] INFO  server.RaftServerConfigKeys (ConfUtils.java:logGet(43)) - raft.server.log.statemachine.data.caching.enabled = true (custom)
2019-10-16 21:00:28,412 [pool-27-thread-1] INFO  server.RaftServerConfigKeys (ConfUtils.java:logGet(43)) - raft.server.log.segment.size.max = 1048576 (custom)
2019-10-16 21:00:28,412 [pool-37-thread-1] INFO  server.RaftServerConfigKeys (ConfUtils.java:logGet(43)) - raft.server.log.statemachine.data.sync.timeout = 10s (default)
2019-10-16 21:00:28,412 [pool-27-thread-1] INFO  server.RaftServerConfigKeys (ConfUtils.java:logGet(43)) - raft.server.log.preallocated.size = 16384 (custom)
2019-10-16 21:00:28,412 [pool-59-thread-1] INFO  segmented.SegmentedRaftLogWorker (SegmentedRaftLogWorker.java:lambda$new$0(128)) - 7e02033f-e7de-4006-80be-ffeab2e3922a@group-0777CA79DD7E-SegmentedRaftLogWorker: flushIndex: setUnconditionally 0 -> -1
2019-10-16 21:00:28,413 [pool-27-thread-1] INFO  server.RaftServerConfigKeys (ConfUtils.java:logGet(43)) - raft.server.log.write.buffer.size = 33554432 (custom)
2019-10-16 21:00:28,413 [pool-37-thread-1] INFO  server.RaftServerConfigKeys (ConfUtils.java:logGet(43)) - raft.server.log.statemachine.data.sync.timeout.retry = -1 (default)
2019-10-16 21:00:28,413 [pool-27-thread-1] INFO  server.RaftServerConfigKeys (ConfUtils.java:logGet(43)) - raft.server.log.force.sync.num = 128 (default)
2019-10-16 21:00:28,413 [pool-37-thread-1] INFO  server.RaftServerConfigKeys (ConfUtils.java:logGet(43)) - raft.server.log.statemachine.data.caching.enabled = true (custom)
2019-10-16 21:00:28,413 [pool-59-thread-1] INFO  server.RaftServerConfigKeys (ConfUtils.java:logGet(43)) - raft.server.snapshot.auto.trigger.enabled = true (custom)
2019-10-16 21:00:28,413 [pool-27-thread-1] INFO  server.RaftServerConfigKeys (ConfUtils.java:logGet(43)) - raft.server.log.statemachine.data.sync = true (default)
2019-10-16 21:00:28,413 [pool-37-thread-1] INFO  segmented.SegmentedRaftLogWorker (SegmentedRaftLogWorker.java:lambda$new$0(128)) - e2e26bef-7a80-470b-89dc-752ae9b76223@group-0777CA79DD7E-SegmentedRaftLogWorker: flushIndex: setUnconditionally 0 -> -1
2019-10-16 21:00:28,413 [pool-59-thread-1] INFO  server.RaftServerConfigKeys (ConfUtils.java:logGet(43)) - raft.server.snapshot.auto.trigger.threshold = 10000 (custom)
2019-10-16 21:00:28,413 [pool-27-thread-1] INFO  server.RaftServerConfigKeys (ConfUtils.java:logGet(43)) - raft.server.log.statemachine.data.sync.timeout = 10s (default)
2019-10-16 21:00:28,414 [pool-37-thread-1] INFO  server.RaftServerConfigKeys (ConfUtils.java:logGet(43)) - raft.server.snapshot.auto.trigger.enabled = true (custom)
2019-10-16 21:00:28,414 [pool-59-thread-1] INFO  server.RaftServerConfigKeys (ConfUtils.java:logGet(43)) - raft.server.snapshot.retention.file.num = 5 (custom)
2019-10-16 21:00:28,414 [pool-37-thread-1] INFO  server.RaftServerConfigKeys (ConfUtils.java:logGet(43)) - raft.server.snapshot.auto.trigger.threshold = 10000 (custom)
2019-10-16 21:00:28,414 [pool-27-thread-1] INFO  server.RaftServerConfigKeys (ConfUtils.java:logGet(43)) - raft.server.log.statemachine.data.sync.timeout.retry = -1 (default)
2019-10-16 21:00:28,414 [pool-37-thread-1] INFO  server.RaftServerConfigKeys (ConfUtils.java:logGet(43)) - raft.server.snapshot.retention.file.num = 5 (custom)
2019-10-16 21:00:28,414 [pool-59-thread-1] INFO  server.RaftServerConfigKeys (ConfUtils.java:logGet(43)) - raft.server.retrycache.expirytime = 600000ms (custom)
2019-10-16 21:00:28,414 [pool-37-thread-1] INFO  server.RaftServerConfigKeys (ConfUtils.java:logGet(43)) - raft.server.retrycache.expirytime = 600000ms (custom)
2019-10-16 21:00:28,414 [pool-27-thread-1] INFO  server.RaftServerConfigKeys (ConfUtils.java:logGet(43)) - raft.server.log.statemachine.data.caching.enabled = true (custom)
2019-10-16 21:00:28,415 [pool-27-thread-1] INFO  segmented.SegmentedRaftLogWorker (SegmentedRaftLogWorker.java:lambda$new$0(128)) - 7d5bd66d-ed89-401c-bf86-050641c359fd@group-0777CA79DD7E-SegmentedRaftLogWorker: flushIndex: setUnconditionally 0 -> -1
2019-10-16 21:00:28,415 [pool-27-thread-1] INFO  server.RaftServerConfigKeys (ConfUtils.java:logGet(43)) - raft.server.snapshot.auto.trigger.enabled = true (custom)
2019-10-16 21:00:28,415 [pool-27-thread-1] INFO  server.RaftServerConfigKeys (ConfUtils.java:logGet(43)) - raft.server.snapshot.auto.trigger.threshold = 10000 (custom)
2019-10-16 21:00:28,415 [pool-27-thread-1] INFO  server.RaftServerConfigKeys (ConfUtils.java:logGet(43)) - raft.server.snapshot.retention.file.num = 5 (custom)
2019-10-16 21:00:28,415 [pool-27-thread-1] INFO  server.RaftServerConfigKeys (ConfUtils.java:logGet(43)) - raft.server.retrycache.expirytime = 600000ms (custom)
2019-10-16 21:00:28,417 [pool-59-thread-1] INFO  impl.RaftServerImpl (RaftServerImpl.java:start(195)) - 7e02033f-e7de-4006-80be-ffeab2e3922a@group-0777CA79DD7E: start as a follower, conf=-1: [7d5bd66d-ed89-401c-bf86-050641c359fd:192.168.157.254:45704, e2e26bef-7a80-470b-89dc-752ae9b76223:192.168.157.254:36344, 7e02033f-e7de-4006-80be-ffeab2e3922a:192.168.157.254:33430], old=null
2019-10-16 21:00:28,417 [pool-59-thread-1] INFO  impl.RaftServerImpl (RaftServerImpl.java:setRole(184)) - 7e02033f-e7de-4006-80be-ffeab2e3922a@group-0777CA79DD7E: changes role from      null to FOLLOWER at term 0 for startAsFollower
2019-10-16 21:00:28,417 [pool-59-thread-1] INFO  impl.RoleInfo (RoleInfo.java:updateAndGet(143)) - 7e02033f-e7de-4006-80be-ffeab2e3922a: start FollowerState
2019-10-16 21:00:28,418 [pool-59-thread-1] INFO  util.JmxRegister (JmxRegister.java:tryRegister(44)) - Successfully registered JMX Bean with object name Ratis:service=RaftServer,group=group-0777CA79DD7E,id=7e02033f-e7de-4006-80be-ffeab2e3922a
2019-10-16 21:00:28,418 [pool-37-thread-1] INFO  impl.RaftServerImpl (RaftServerImpl.java:start(195)) - e2e26bef-7a80-470b-89dc-752ae9b76223@group-0777CA79DD7E: start as a follower, conf=-1: [7d5bd66d-ed89-401c-bf86-050641c359fd:192.168.157.254:45704, e2e26bef-7a80-470b-89dc-752ae9b76223:192.168.157.254:36344, 7e02033f-e7de-4006-80be-ffeab2e3922a:192.168.157.254:33430], old=null
2019-10-16 21:00:28,418 [pool-37-thread-1] INFO  impl.RaftServerImpl (RaftServerImpl.java:setRole(184)) - e2e26bef-7a80-470b-89dc-752ae9b76223@group-0777CA79DD7E: changes role from      null to FOLLOWER at term 0 for startAsFollower
2019-10-16 21:00:28,418 [pool-37-thread-1] INFO  impl.RoleInfo (RoleInfo.java:updateAndGet(143)) - e2e26bef-7a80-470b-89dc-752ae9b76223: start FollowerState
2019-10-16 21:00:28,418 [pool-27-thread-1] INFO  impl.RaftServerImpl (RaftServerImpl.java:start(195)) - 7d5bd66d-ed89-401c-bf86-050641c359fd@group-0777CA79DD7E: start as a follower, conf=-1: [7d5bd66d-ed89-401c-bf86-050641c359fd:192.168.157.254:45704, e2e26bef-7a80-470b-89dc-752ae9b76223:192.168.157.254:36344, 7e02033f-e7de-4006-80be-ffeab2e3922a:192.168.157.254:33430], old=null
2019-10-16 21:00:28,418 [pool-27-thread-1] INFO  impl.RaftServerImpl (RaftServerImpl.java:setRole(184)) - 7d5bd66d-ed89-401c-bf86-050641c359fd@group-0777CA79DD7E: changes role from      null to FOLLOWER at term 0 for startAsFollower
2019-10-16 21:00:28,418 [pool-37-thread-1] INFO  util.JmxRegister (JmxRegister.java:tryRegister(44)) - Successfully registered JMX Bean with object name Ratis:service=RaftServer,group=group-0777CA79DD7E,id=e2e26bef-7a80-470b-89dc-752ae9b76223
2019-10-16 21:00:28,418 [pool-27-thread-1] INFO  impl.RoleInfo (RoleInfo.java:updateAndGet(143)) - 7d5bd66d-ed89-401c-bf86-050641c359fd: start FollowerState
2019-10-16 21:00:28,419 [pool-27-thread-1] INFO  util.JmxRegister (JmxRegister.java:tryRegister(44)) - Successfully registered JMX Bean with object name Ratis:service=RaftServer,group=group-0777CA79DD7E,id=7d5bd66d-ed89-401c-bf86-050641c359fd
2019-10-16 21:00:28,419 [7e02033f-e7de-4006-80be-ffeab2e3922a@group-8B9429F2A3F3-SegmentedRaftLogWorker] INFO  segmented.SegmentedRaftLogWorker (SegmentedRaftLogWorker.java:execute(576)) - 7e02033f-e7de-4006-80be-ffeab2e3922a@group-8B9429F2A3F3-SegmentedRaftLogWorker: created new log segment /workdir/hadoop-ozone/integration-test/target/test-dir/MiniOzoneClusterImpl-612a4b9b-c8fe-4576-9448-f0de33cec420/datanode-2/data/ratis/0a4c00e6-971c-481f-86e9-8b9429f2a3f3/current/log_inprogress_0
2019-10-16 21:00:28,426 [RatisPipelineUtilsThread] INFO  pipeline.PipelineStateManager (PipelineStateManager.java:addPipeline(57)) - Created pipeline Pipeline[ Id: f560d4d8-14de-44cd-a543-0777ca79dd7e, Nodes: e2e26bef-7a80-470b-89dc-752ae9b76223{ip: 192.168.157.254, host: pr-hdds-1868-qdb9g-714931517, networkLocation: /default-rack, certSerialId: null}7e02033f-e7de-4006-80be-ffeab2e3922a{ip: 192.168.157.254, host: pr-hdds-1868-qdb9g-714931517, networkLocation: /default-rack, certSerialId: null}7d5bd66d-ed89-401c-bf86-050641c359fd{ip: 192.168.157.254, host: pr-hdds-1868-qdb9g-714931517, networkLocation: /default-rack, certSerialId: null}, Type:RATIS, Factor:THREE, State:ALLOCATED]
2019-10-16 21:00:28,428 [EventQueue-PipelineReportForPipelineReportHandler] INFO  pipeline.PipelineReportHandler (PipelineReportHandler.java:processPipelineReport(119)) - Pipeline PipelineID=0a4c00e6-971c-481f-86e9-8b9429f2a3f3 reported by 7e02033f-e7de-4006-80be-ffeab2e3922a{ip: 192.168.157.254, host: pr-hdds-1868-qdb9g-714931517, networkLocation: /default-rack, certSerialId: null} with leaderId 7e02033f-e7de-4006-80be-ffeab2e3922a
2019-10-16 21:00:28,428 [EventQueue-PipelineReportForPipelineReportHandler] INFO  pipeline.PipelineStateManager (PipelineStateManager.java:openPipeline(136)) - Pipeline Pipeline[ Id: 0a4c00e6-971c-481f-86e9-8b9429f2a3f3, Nodes: 7e02033f-e7de-4006-80be-ffeab2e3922a{ip: 192.168.157.254, host: pr-hdds-1868-qdb9g-714931517, networkLocation: /default-rack, certSerialId: null}, Type:RATIS, Factor:ONE, State:OPEN] moved to OPEN state
2019-10-16 21:00:28,428 [EventQueue-PipelineReportForPipelineReportHandler] INFO  pipeline.PipelineReportHandler (PipelineReportHandler.java:processPipelineReport(119)) - Pipeline PipelineID=f560d4d8-14de-44cd-a543-0777ca79dd7e reported by 7e02033f-e7de-4006-80be-ffeab2e3922a{ip: 192.168.157.254, host: pr-hdds-1868-qdb9g-714931517, networkLocation: /default-rack, certSerialId: null} with leaderId 
2019-10-16 21:00:28,449 [Thread-692] INFO  impl.FollowerState (FollowerState.java:run(108)) - 7e02033f-e7de-4006-80be-ffeab2e3922a@group-0777CA79DD7E-FollowerState: change to CANDIDATE, lastRpcTime:31ms, electionTimeout:31ms
2019-10-16 21:00:28,450 [Thread-692] INFO  impl.RoleInfo (RoleInfo.java:shutdownFollowerState(121)) - 7e02033f-e7de-4006-80be-ffeab2e3922a: shutdown FollowerState
2019-10-16 21:00:28,450 [Thread-692] INFO  impl.RaftServerImpl (RaftServerImpl.java:setRole(184)) - 7e02033f-e7de-4006-80be-ffeab2e3922a@group-0777CA79DD7E: changes role from  FOLLOWER to CANDIDATE at term 0 for changeToCandidate
2019-10-16 21:00:28,450 [Thread-692] INFO  impl.RoleInfo (RoleInfo.java:updateAndGet(143)) - 7e02033f-e7de-4006-80be-ffeab2e3922a: start LeaderElection
2019-10-16 21:00:28,464 [7e02033f-e7de-4006-80be-ffeab2e3922a@group-0777CA79DD7E-LeaderElection25] INFO  impl.LeaderElection (LeaderElection.java:askForVotes(178)) - 7e02033f-e7de-4006-80be-ffeab2e3922a@group-0777CA79DD7E-LeaderElection25: begin an election at term 1 for -1: [7d5bd66d-ed89-401c-bf86-050641c359fd:192.168.157.254:45704, e2e26bef-7a80-470b-89dc-752ae9b76223:192.168.157.254:36344, 7e02033f-e7de-4006-80be-ffeab2e3922a:192.168.157.254:33430], old=null
2019-10-16 21:00:28,467 [grpc-default-executor-2] INFO  impl.RaftServerImpl (RaftServerImpl.java:setRole(184)) - 7d5bd66d-ed89-401c-bf86-050641c359fd@group-0777CA79DD7E: changes role from  FOLLOWER to FOLLOWER at term 1 for recognizeCandidate:7e02033f-e7de-4006-80be-ffeab2e3922a
2019-10-16 21:00:28,468 [grpc-default-executor-0] INFO  impl.RaftServerImpl (RaftServerImpl.java:setRole(184)) - e2e26bef-7a80-470b-89dc-752ae9b76223@group-0777CA79DD7E: changes role from  FOLLOWER to FOLLOWER at term 1 for recognizeCandidate:7e02033f-e7de-4006-80be-ffeab2e3922a
2019-10-16 21:00:28,468 [grpc-default-executor-2] INFO  impl.RoleInfo (RoleInfo.java:shutdownFollowerState(121)) - 7d5bd66d-ed89-401c-bf86-050641c359fd: shutdown FollowerState
2019-10-16 21:00:28,468 [grpc-default-executor-0] INFO  impl.RoleInfo (RoleInfo.java:shutdownFollowerState(121)) - e2e26bef-7a80-470b-89dc-752ae9b76223: shutdown FollowerState
2019-10-16 21:00:28,468 [Thread-694] INFO  impl.FollowerState (FollowerState.java:run(117)) - 7d5bd66d-ed89-401c-bf86-050641c359fd@group-0777CA79DD7E-FollowerState was interrupted: java.lang.InterruptedException: sleep interrupted
2019-10-16 21:00:28,468 [grpc-default-executor-2] INFO  impl.RoleInfo (RoleInfo.java:updateAndGet(143)) - 7d5bd66d-ed89-401c-bf86-050641c359fd: start FollowerState
2019-10-16 21:00:28,469 [Thread-693] INFO  impl.FollowerState (FollowerState.java:run(117)) - e2e26bef-7a80-470b-89dc-752ae9b76223@group-0777CA79DD7E-FollowerState was interrupted: java.lang.InterruptedException: sleep interrupted
2019-10-16 21:00:28,469 [grpc-default-executor-0] INFO  impl.RoleInfo (RoleInfo.java:updateAndGet(143)) - e2e26bef-7a80-470b-89dc-752ae9b76223: start FollowerState
2019-10-16 21:00:28,478 [EventQueue-PendingDeleteStatusForPendingDeleteHandler] INFO  block.SCMBlockDeletingService (SCMBlockDeletingService.java:handlePendingDeletes(115)) - Block deletion txnID mismatch in datanode 7e02033f-e7de-4006-80be-ffeab2e3922a for containerID 1. Datanode delete txnID: 0, SCM txnID: 1
2019-10-16 21:00:28,483 [7e02033f-e7de-4006-80be-ffeab2e3922a@group-0777CA79DD7E-LeaderElection25] INFO  impl.LeaderElection (LeaderElection.java:logAndReturn(56)) - 7e02033f-e7de-4006-80be-ffeab2e3922a@group-0777CA79DD7E-LeaderElection25: Election PASSED; received 1 response(s) [7e02033f-e7de-4006-80be-ffeab2e3922a<-7d5bd66d-ed89-401c-bf86-050641c359fd#0:OK-t1] and 0 exception(s); 7e02033f-e7de-4006-80be-ffeab2e3922a@group-0777CA79DD7E:t1, leader=null, voted=7e02033f-e7de-4006-80be-ffeab2e3922a, raftlog=7e02033f-e7de-4006-80be-ffeab2e3922a@group-0777CA79DD7E-SegmentedRaftLog:OPENED:c-1,f-1,i0, conf=-1: [7d5bd66d-ed89-401c-bf86-050641c359fd:192.168.157.254:45704, e2e26bef-7a80-470b-89dc-752ae9b76223:192.168.157.254:36344, 7e02033f-e7de-4006-80be-ffeab2e3922a:192.168.157.254:33430], old=null
2019-10-16 21:00:28,484 [7e02033f-e7de-4006-80be-ffeab2e3922a@group-0777CA79DD7E-LeaderElection25] INFO  impl.RoleInfo (RoleInfo.java:shutdownLeaderElection(134)) - 7e02033f-e7de-4006-80be-ffeab2e3922a: shutdown LeaderElection
2019-10-16 21:00:28,484 [7e02033f-e7de-4006-80be-ffeab2e3922a@group-0777CA79DD7E-LeaderElection25] INFO  impl.RaftServerImpl (RaftServerImpl.java:setRole(184)) - 7e02033f-e7de-4006-80be-ffeab2e3922a@group-0777CA79DD7E: changes role from CANDIDATE to LEADER at term 1 for changeToLeader
2019-10-16 21:00:28,484 [7e02033f-e7de-4006-80be-ffeab2e3922a@group-0777CA79DD7E-LeaderElection25] INFO  ratis.XceiverServerRatis (XceiverServerRatis.java:handleLeaderChangedNotification(700)) - Leader change notification received for group: group-0777CA79DD7E with new leaderId: 7e02033f-e7de-4006-80be-ffeab2e3922a
2019-10-16 21:00:28,484 [7e02033f-e7de-4006-80be-ffeab2e3922a@group-0777CA79DD7E-LeaderElection25] INFO  impl.RaftServerImpl (ServerState.java:setLeader(256)) - 7e02033f-e7de-4006-80be-ffeab2e3922a@group-0777CA79DD7E: change Leader from null to 7e02033f-e7de-4006-80be-ffeab2e3922a at term 1 for becomeLeader, leader elected after 86ms
2019-10-16 21:00:28,484 [7e02033f-e7de-4006-80be-ffeab2e3922a@group-0777CA79DD7E-LeaderElection25] INFO  server.RaftServerConfigKeys (ConfUtils.java:logGet(43)) - raft.server.staging.catchup.gap = 1000 (default)
2019-10-16 21:00:28,484 [7e02033f-e7de-4006-80be-ffeab2e3922a@group-0777CA79DD7E-LeaderElection25] INFO  server.RaftServerConfigKeys (ConfUtils.java:logGet(43)) - raft.server.rpc.sleep.time = 25ms (default)
2019-10-16 21:00:28,485 [7e02033f-e7de-4006-80be-ffeab2e3922a@group-0777CA79DD7E-LeaderElection25] INFO  server.RaftServerConfigKeys (ConfUtils.java:logGet(43)) - raft.server.write.element-limit = 4096 (default)
2019-10-16 21:00:28,485 [EventQueue-PipelineReportForPipelineReportHandler] INFO  pipeline.PipelineReportHandler (PipelineReportHandler.java:processPipelineReport(119)) - Pipeline PipelineID=f560d4d8-14de-44cd-a543-0777ca79dd7e reported by 7e02033f-e7de-4006-80be-ffeab2e3922a{ip: 192.168.157.254, host: pr-hdds-1868-qdb9g-714931517, networkLocation: /default-rack, certSerialId: null} with leaderId 7e02033f-e7de-4006-80be-ffeab2e3922a
2019-10-16 21:00:28,486 [7e02033f-e7de-4006-80be-ffeab2e3922a@group-0777CA79DD7E-LeaderElection25] INFO  server.RaftServerConfigKeys (ConfUtils.java:logGet(43)) - raft.server.watch.timeout = 10s (default)
2019-10-16 21:00:28,486 [7e02033f-e7de-4006-80be-ffeab2e3922a@group-0777CA79DD7E-LeaderElection25] INFO  server.RaftServerConfigKeys (ConfUtils.java:logGet(43)) - raft.server.watch.timeout.denomination = 1s (default)
2019-10-16 21:00:28,486 [7e02033f-e7de-4006-80be-ffeab2e3922a@group-0777CA79DD7E-LeaderElection25] INFO  server.RaftServerConfigKeys (ConfUtils.java:logGet(43)) - raft.server.watch.element-limit = 65536 (default)
2019-10-16 21:00:28,488 [7e02033f-e7de-4006-80be-ffeab2e3922a@group-0777CA79DD7E-LeaderElection25] INFO  server.RaftServerConfigKeys (ConfUtils.java:logGet(43)) - raft.server.log.appender.snapshot.chunk.size.max = 16MB (=16777216) (default)
2019-10-16 21:00:28,488 [7e02033f-e7de-4006-80be-ffeab2e3922a@group-0777CA79DD7E-LeaderElection25] INFO  server.RaftServerConfigKeys (ConfUtils.java:logGet(43)) - raft.server.log.appender.buffer.byte-limit = 33554432 (custom)
2019-10-16 21:00:28,488 [7e02033f-e7de-4006-80be-ffeab2e3922a@group-0777CA79DD7E-LeaderElection25] INFO  server.RaftServerConfigKeys (ConfUtils.java:logGet(43)) - raft.server.log.appender.buffer.element-limit = 1 (custom)
2019-10-16 21:00:28,489 [7e02033f-e7de-4006-80be-ffeab2e3922a@group-0777CA79DD7E-LeaderElection25] INFO  grpc.GrpcConfigKeys$Server (ConfUtils.java:logGet(43)) - raft.grpc.server.leader.outstanding.appends.max = 128 (default)
2019-10-16 21:00:28,489 [7e02033f-e7de-4006-80be-ffeab2e3922a@group-0777CA79DD7E-LeaderElection25] INFO  server.RaftServerConfigKeys (ConfUtils.java:logGet(43)) - raft.server.rpc.request.timeout = 3000ms (default)
2019-10-16 21:00:28,489 [7e02033f-e7de-4006-80be-ffeab2e3922a@group-0777CA79DD7E-LeaderElection25] INFO  server.RaftServerConfigKeys (ConfUtils.java:logGet(43)) - raft.server.log.appender.install.snapshot.enabled = false (custom)
2019-10-16 21:00:28,491 [7e02033f-e7de-4006-80be-ffeab2e3922a@group-0777CA79DD7E-LeaderElection25] INFO  server.RaftServerConfigKeys (ConfUtils.java:logGet(43)) - raft.server.log.appender.snapshot.chunk.size.max = 16MB (=16777216) (default)
2019-10-16 21:00:28,491 [7e02033f-e7de-4006-80be-ffeab2e3922a@group-0777CA79DD7E-LeaderElection25] INFO  server.RaftServerConfigKeys (ConfUtils.java:logGet(43)) - raft.server.log.appender.buffer.byte-limit = 33554432 (custom)
2019-10-16 21:00:28,491 [7e02033f-e7de-4006-80be-ffeab2e3922a@group-0777CA79DD7E-LeaderElection25] INFO  server.RaftServerConfigKeys (ConfUtils.java:logGet(43)) - raft.server.log.appender.buffer.element-limit = 1 (custom)
2019-10-16 21:00:28,491 [7e02033f-e7de-4006-80be-ffeab2e3922a@group-0777CA79DD7E-LeaderElection25] INFO  grpc.GrpcConfigKeys$Server (ConfUtils.java:logGet(43)) - raft.grpc.server.leader.outstanding.appends.max = 128 (default)
2019-10-16 21:00:28,492 [Thread-702] INFO  impl.FollowerState (FollowerState.java:run(108)) - e2e26bef-7a80-470b-89dc-752ae9b76223@group-0777CA79DD7E-FollowerState: change to CANDIDATE, lastRpcTime:23ms, electionTimeout:22ms
2019-10-16 21:00:28,492 [7e02033f-e7de-4006-80be-ffeab2e3922a@group-0777CA79DD7E-LeaderElection25] INFO  server.RaftServerConfigKeys (ConfUtils.java:logGet(43)) - raft.server.rpc.request.timeout = 3000ms (default)
2019-10-16 21:00:28,492 [Thread-702] INFO  impl.RoleInfo (RoleInfo.java:shutdownFollowerState(121)) - e2e26bef-7a80-470b-89dc-752ae9b76223: shutdown FollowerState
2019-10-16 21:00:28,492 [7e02033f-e7de-4006-80be-ffeab2e3922a@group-0777CA79DD7E-LeaderElection25] INFO  server.RaftServerConfigKeys (ConfUtils.java:logGet(43)) - raft.server.log.appender.install.snapshot.enabled = false (custom)
2019-10-16 21:00:28,492 [Thread-702] INFO  impl.RaftServerImpl (RaftServerImpl.java:setRole(184)) - e2e26bef-7a80-470b-89dc-752ae9b76223@group-0777CA79DD7E: changes role from  FOLLOWER to CANDIDATE at term 1 for changeToCandidate
2019-10-16 21:00:28,492 [Thread-702] INFO  impl.RoleInfo (RoleInfo.java:updateAndGet(143)) - e2e26bef-7a80-470b-89dc-752ae9b76223: start LeaderElection
2019-10-16 21:00:28,494 [7e02033f-e7de-4006-80be-ffeab2e3922a@group-0777CA79DD7E-LeaderElection25] INFO  impl.RoleInfo (RoleInfo.java:updateAndGet(143)) - 7e02033f-e7de-4006-80be-ffeab2e3922a: start LeaderState
2019-10-16 21:00:28,494 [7e02033f-e7de-4006-80be-ffeab2e3922a@group-0777CA79DD7E-LeaderElection25] INFO  segmented.SegmentedRaftLogWorker (SegmentedRaftLogWorker.java:startLogSegment(385)) - 7e02033f-e7de-4006-80be-ffeab2e3922a@group-0777CA79DD7E-SegmentedRaftLogWorker: Starting segment from index:0
2019-10-16 21:00:28,495 [7e02033f-e7de-4006-80be-ffeab2e3922a@group-0777CA79DD7E-LeaderElection25] INFO  impl.RaftServerImpl (ServerState.java:setRaftConf(357)) - 7e02033f-e7de-4006-80be-ffeab2e3922a@group-0777CA79DD7E: set configuration 0: [7d5bd66d-ed89-401c-bf86-050641c359fd:192.168.157.254:45704, e2e26bef-7a80-470b-89dc-752ae9b76223:192.168.157.254:36344, 7e02033f-e7de-4006-80be-ffeab2e3922a:192.168.157.254:33430], old=null at 0
2019-10-16 21:00:28,519 [Thread-701] INFO  impl.FollowerState (FollowerState.java:run(108)) - 7d5bd66d-ed89-401c-bf86-050641c359fd@group-0777CA79DD7E-FollowerState: change to CANDIDATE, lastRpcTime:50ms, electionTimeout:47ms
2019-10-16 21:00:28,519 [Thread-701] INFO  impl.RoleInfo (RoleInfo.java:shutdownFollowerState(121)) - 7d5bd66d-ed89-401c-bf86-050641c359fd: shutdown FollowerState
2019-10-16 21:00:28,519 [e2e26bef-7a80-470b-89dc-752ae9b76223@group-0777CA79DD7E-LeaderElection26] INFO  impl.LeaderElection (LeaderElection.java:askForVotes(178)) - e2e26bef-7a80-470b-89dc-752ae9b76223@group-0777CA79DD7E-LeaderElection26: begin an election at term 2 for -1: [7d5bd66d-ed89-401c-bf86-050641c359fd:192.168.157.254:45704, e2e26bef-7a80-470b-89dc-752ae9b76223:192.168.157.254:36344, 7e02033f-e7de-4006-80be-ffeab2e3922a:192.168.157.254:33430], old=null
2019-10-16 21:00:28,519 [Thread-701] INFO  impl.RaftServerImpl (RaftServerImpl.java:setRole(184)) - 7d5bd66d-ed89-401c-bf86-050641c359fd@group-0777CA79DD7E: changes role from  FOLLOWER to CANDIDATE at term 1 for changeToCandidate
2019-10-16 21:00:28,520 [Thread-701] INFO  impl.RoleInfo (RoleInfo.java:updateAndGet(143)) - 7d5bd66d-ed89-401c-bf86-050641c359fd: start LeaderElection
2019-10-16 21:00:28,529 [Thread-703] INFO  impl.RaftServerImpl (ServerState.java:setLeader(256)) - 7e02033f-e7de-4006-80be-ffeab2e3922a@group-0777CA79DD7E: change Leader from 7e02033f-e7de-4006-80be-ffeab2e3922a to null at term 2 for updateCurrentTerm
2019-10-16 21:00:28,529 [Thread-703] INFO  impl.RaftServerImpl (RaftServerImpl.java:setRole(184)) - 7e02033f-e7de-4006-80be-ffeab2e3922a@group-0777CA79DD7E: changes role from    LEADER to FOLLOWER at term 2 for stepDown
2019-10-16 21:00:28,529 [Thread-703] INFO  impl.RoleInfo (RoleInfo.java:shutdownLeaderState(104)) - 7e02033f-e7de-4006-80be-ffeab2e3922a: shutdown LeaderState
2019-10-16 21:00:28,530 [Thread-703] INFO  impl.PendingRequests (PendingRequests.java:sendNotLeaderResponses(202)) - 7e02033f-e7de-4006-80be-ffeab2e3922a@group-0777CA79DD7E-PendingRequests: sendNotLeaderResponses
2019-10-16 21:00:28,530 [org.apache.ratis.server.impl.LogAppender$AppenderDaemon$$Lambda$412/978845759@4322c9d] WARN  server.GrpcLogAppender (GrpcLogAppender.java:mayWait(149)) - 7e02033f-e7de-4006-80be-ffeab2e3922a@group-0777CA79DD7E->e2e26bef-7a80-470b-89dc-752ae9b76223-GrpcLogAppender: Wait interrupted by java.lang.InterruptedException
2019-10-16 21:00:28,531 [org.apache.ratis.server.impl.LogAppender$AppenderDaemon$$Lambda$412/978845759@354d3be4] WARN  server.GrpcLogAppender (GrpcLogAppender.java:mayWait(149)) - 7e02033f-e7de-4006-80be-ffeab2e3922a@group-0777CA79DD7E->7d5bd66d-ed89-401c-bf86-050641c359fd-GrpcLogAppender: Wait interrupted by java.lang.InterruptedException
2019-10-16 21:00:28,531 [Thread-703] INFO  impl.RoleInfo (RoleInfo.java:updateAndGet(143)) - 7e02033f-e7de-4006-80be-ffeab2e3922a: start FollowerState
2019-10-16 21:00:28,531 [grpc-default-executor-3] INFO  server.GrpcServerProtocolService (GrpcServerProtocolService.java:onCompleted(113)) - e2e26bef-7a80-470b-89dc-752ae9b76223: Completed APPEND_ENTRIES, lastRequest: 7e02033f-e7de-4006-80be-ffeab2e3922a->e2e26bef-7a80-470b-89dc-752ae9b76223#0-t1, previous=(t:0, i:0), leaderCommit=-1, initializing? false, entries: <empty>
2019-10-16 21:00:28,532 [7e02033f-e7de-4006-80be-ffeab2e3922a@group-0777CA79DD7E-SegmentedRaftLogWorker] INFO  segmented.SegmentedRaftLogWorker (SegmentedRaftLogWorker.java:execute(576)) - 7e02033f-e7de-4006-80be-ffeab2e3922a@group-0777CA79DD7E-SegmentedRaftLogWorker: created new log segment /workdir/hadoop-ozone/integration-test/target/test-dir/MiniOzoneClusterImpl-612a4b9b-c8fe-4576-9448-f0de33cec420/datanode-2/data/ratis/f560d4d8-14de-44cd-a543-0777ca79dd7e/current/log_inprogress_0
2019-10-16 21:00:28,532 [grpc-default-executor-3] INFO  server.GrpcLogAppender (GrpcLogAppender.java:onCompleted(308)) - 7e02033f-e7de-4006-80be-ffeab2e3922a@group-0777CA79DD7E->e2e26bef-7a80-470b-89dc-752ae9b76223-AppendLogResponseHandler: follower responses appendEntries COMPLETED
2019-10-16 21:00:28,532 [7d5bd66d-ed89-401c-bf86-050641c359fd@group-0777CA79DD7E-LeaderElection27] INFO  impl.LeaderElection (LeaderElection.java:askForVotes(178)) - 7d5bd66d-ed89-401c-bf86-050641c359fd@group-0777CA79DD7E-LeaderElection27: begin an election at term 2 for -1: [7d5bd66d-ed89-401c-bf86-050641c359fd:192.168.157.254:45704, e2e26bef-7a80-470b-89dc-752ae9b76223:192.168.157.254:36344, 7e02033f-e7de-4006-80be-ffeab2e3922a:192.168.157.254:33430], old=null
2019-10-16 21:00:28,533 [grpc-default-executor-0] INFO  server.GrpcServerProtocolService (GrpcServerProtocolService.java:onCompleted(113)) - 7d5bd66d-ed89-401c-bf86-050641c359fd: Completed APPEND_ENTRIES, lastRequest: 7e02033f-e7de-4006-80be-ffeab2e3922a->7d5bd66d-ed89-401c-bf86-050641c359fd#0-t1, previous=(t:0, i:0), leaderCommit=-1, initializing? false, entries: <empty>
2019-10-16 21:00:28,533 [grpc-default-executor-3] INFO  impl.FollowerInfo (FollowerInfo.java:lambda$new$0(51)) - 7e02033f-e7de-4006-80be-ffeab2e3922a@group-0777CA79DD7E->e2e26bef-7a80-470b-89dc-752ae9b76223: nextIndex: updateUnconditionally 0 -> 0
2019-10-16 21:00:28,536 [grpc-default-executor-2] INFO  impl.RaftServerImpl (RaftServerImpl.java:setRole(184)) - 7e02033f-e7de-4006-80be-ffeab2e3922a@group-0777CA79DD7E: changes role from  FOLLOWER to FOLLOWER at term 2 for recognizeCandidate:e2e26bef-7a80-470b-89dc-752ae9b76223
2019-10-16 21:00:28,536 [grpc-default-executor-4] INFO  server.GrpcLogAppender (GrpcLogAppender.java:onCompleted(308)) - 7e02033f-e7de-4006-80be-ffeab2e3922a@group-0777CA79DD7E->7d5bd66d-ed89-401c-bf86-050641c359fd-AppendLogResponseHandler: follower responses appendEntries COMPLETED
2019-10-16 21:00:28,536 [grpc-default-executor-2] INFO  impl.RoleInfo (RoleInfo.java:shutdownFollowerState(121)) - 7e02033f-e7de-4006-80be-ffeab2e3922a: shutdown FollowerState
2019-10-16 21:00:28,539 [Thread-712] INFO  impl.FollowerState (FollowerState.java:run(117)) - 7e02033f-e7de-4006-80be-ffeab2e3922a@group-0777CA79DD7E-FollowerState was interrupted: java.lang.InterruptedException: sleep interrupted
2019-10-16 21:00:28,539 [grpc-default-executor-2] INFO  impl.RoleInfo (RoleInfo.java:updateAndGet(143)) - 7e02033f-e7de-4006-80be-ffeab2e3922a: start FollowerState
2019-10-16 21:00:28,541 [grpc-default-executor-4] INFO  impl.FollowerInfo (FollowerInfo.java:lambda$new$0(51)) - 7e02033f-e7de-4006-80be-ffeab2e3922a@group-0777CA79DD7E->7d5bd66d-ed89-401c-bf86-050641c359fd: nextIndex: updateUnconditionally 0 -> 0
2019-10-16 21:00:28,542 [e2e26bef-7a80-470b-89dc-752ae9b76223@group-0777CA79DD7E-LeaderElection26] INFO  impl.LeaderElection (LeaderElection.java:logAndReturn(56)) - e2e26bef-7a80-470b-89dc-752ae9b76223@group-0777CA79DD7E-LeaderElection26: Election REJECTED; received 2 response(s) [e2e26bef-7a80-470b-89dc-752ae9b76223<-7d5bd66d-ed89-401c-bf86-050641c359fd#0:FAIL-t2, e2e26bef-7a80-470b-89dc-752ae9b76223<-7e02033f-e7de-4006-80be-ffeab2e3922a#0:FAIL-t2] and 0 exception(s); e2e26bef-7a80-470b-89dc-752ae9b76223@group-0777CA79DD7E:t2, leader=null, voted=e2e26bef-7a80-470b-89dc-752ae9b76223, raftlog=e2e26bef-7a80-470b-89dc-752ae9b76223@group-0777CA79DD7E-SegmentedRaftLog:OPENED:c-1,f-1,i0, conf=-1: [7d5bd66d-ed89-401c-bf86-050641c359fd:192.168.157.254:45704, e2e26bef-7a80-470b-89dc-752ae9b76223:192.168.157.254:36344, 7e02033f-e7de-4006-80be-ffeab2e3922a:192.168.157.254:33430], old=null
2019-10-16 21:00:28,543 [e2e26bef-7a80-470b-89dc-752ae9b76223@group-0777CA79DD7E-LeaderElection26] INFO  impl.RaftServerImpl (RaftServerImpl.java:setRole(184)) - e2e26bef-7a80-470b-89dc-752ae9b76223@group-0777CA79DD7E: changes role from CANDIDATE to FOLLOWER at term 2 for DISCOVERED_A_NEW_TERM
2019-10-16 21:00:28,543 [e2e26bef-7a80-470b-89dc-752ae9b76223@group-0777CA79DD7E-LeaderElection26] INFO  impl.RoleInfo (RoleInfo.java:shutdownLeaderElection(134)) - e2e26bef-7a80-470b-89dc-752ae9b76223: shutdown LeaderElection
2019-10-16 21:00:28,543 [e2e26bef-7a80-470b-89dc-752ae9b76223@group-0777CA79DD7E-LeaderElection26] INFO  impl.RoleInfo (RoleInfo.java:updateAndGet(143)) - e2e26bef-7a80-470b-89dc-752ae9b76223: start FollowerState
2019-10-16 21:00:28,543 [grpc-default-executor-2] INFO  impl.RaftServerImpl (RaftServerImpl.java:setRole(184)) - 7e02033f-e7de-4006-80be-ffeab2e3922a@group-0777CA79DD7E: changes role from  FOLLOWER to FOLLOWER at term 2 for recognizeCandidate:7d5bd66d-ed89-401c-bf86-050641c359fd
2019-10-16 21:00:28,544 [grpc-default-executor-2] INFO  impl.RoleInfo (RoleInfo.java:shutdownFollowerState(121)) - 7e02033f-e7de-4006-80be-ffeab2e3922a: shutdown FollowerState
2019-10-16 21:00:28,544 [Thread-715] INFO  impl.FollowerState (FollowerState.java:run(117)) - 7e02033f-e7de-4006-80be-ffeab2e3922a@group-0777CA79DD7E-FollowerState was interrupted: java.lang.InterruptedException: sleep interrupted
2019-10-16 21:00:28,544 [grpc-default-executor-2] INFO  impl.RoleInfo (RoleInfo.java:updateAndGet(143)) - 7e02033f-e7de-4006-80be-ffeab2e3922a: start FollowerState
2019-10-16 21:00:28,546 [Thread-716] INFO  impl.FollowerState (FollowerState.java:run(108)) - e2e26bef-7a80-470b-89dc-752ae9b76223@group-0777CA79DD7E-FollowerState: change to CANDIDATE, lastRpcTime:3ms, electionTimeout:3ms
2019-10-16 21:00:28,546 [Thread-716] INFO  impl.RoleInfo (RoleInfo.java:shutdownFollowerState(121)) - e2e26bef-7a80-470b-89dc-752ae9b76223: shutdown FollowerState
2019-10-16 21:00:28,546 [7d5bd66d-ed89-401c-bf86-050641c359fd@group-0777CA79DD7E-LeaderElection27] INFO  impl.LeaderElection (LeaderElection.java:logAndReturn(56)) - 7d5bd66d-ed89-401c-bf86-050641c359fd@group-0777CA79DD7E-LeaderElection27: Election REJECTED; received 2 response(s) [7d5bd66d-ed89-401c-bf86-050641c359fd<-e2e26bef-7a80-470b-89dc-752ae9b76223#0:FAIL-t2, 7d5bd66d-ed89-401c-bf86-050641c359fd<-7e02033f-e7de-4006-80be-ffeab2e3922a#0:FAIL-t2] and 0 exception(s); 7d5bd66d-ed89-401c-bf86-050641c359fd@group-0777CA79DD7E:t2, leader=null, voted=7d5bd66d-ed89-401c-bf86-050641c359fd, raftlog=7d5bd66d-ed89-401c-bf86-050641c359fd@group-0777CA79DD7E-SegmentedRaftLog:OPENED:c-1,f-1,i0, conf=-1: [7d5bd66d-ed89-401c-bf86-050641c359fd:192.168.157.254:45704, e2e26bef-7a80-470b-89dc-752ae9b76223:192.168.157.254:36344, 7e02033f-e7de-4006-80be-ffeab2e3922a:192.168.157.254:33430], old=null
2019-10-16 21:00:28,546 [Thread-716] INFO  impl.RaftServerImpl (RaftServerImpl.java:setRole(184)) - e2e26bef-7a80-470b-89dc-752ae9b76223@group-0777CA79DD7E: changes role from  FOLLOWER to CANDIDATE at term 2 for changeToCandidate
2019-10-16 21:00:28,546 [7d5bd66d-ed89-401c-bf86-050641c359fd@group-0777CA79DD7E-LeaderElection27] INFO  impl.RaftServerImpl (RaftServerImpl.java:setRole(184)) - 7d5bd66d-ed89-401c-bf86-050641c359fd@group-0777CA79DD7E: changes role from CANDIDATE to FOLLOWER at term 2 for DISCOVERED_A_NEW_TERM
2019-10-16 21:00:28,547 [7d5bd66d-ed89-401c-bf86-050641c359fd@group-0777CA79DD7E-LeaderElection27] INFO  impl.RoleInfo (RoleInfo.java:shutdownLeaderElection(134)) - 7d5bd66d-ed89-401c-bf86-050641c359fd: shutdown LeaderElection
2019-10-16 21:00:28,547 [Thread-716] INFO  impl.RoleInfo (RoleInfo.java:updateAndGet(143)) - e2e26bef-7a80-470b-89dc-752ae9b76223: start LeaderElection
2019-10-16 21:00:28,547 [7d5bd66d-ed89-401c-bf86-050641c359fd@group-0777CA79DD7E-LeaderElection27] INFO  impl.RoleInfo (RoleInfo.java:updateAndGet(143)) - 7d5bd66d-ed89-401c-bf86-050641c359fd: start FollowerState
2019-10-16 21:00:28,560 [e2e26bef-7a80-470b-89dc-752ae9b76223@group-0777CA79DD7E-LeaderElection28] INFO  impl.LeaderElection (LeaderElection.java:askForVotes(178)) - e2e26bef-7a80-470b-89dc-752ae9b76223@group-0777CA79DD7E-LeaderElection28: begin an election at term 3 for -1: [7d5bd66d-ed89-401c-bf86-050641c359fd:192.168.157.254:45704, e2e26bef-7a80-470b-89dc-752ae9b76223:192.168.157.254:36344, 7e02033f-e7de-4006-80be-ffeab2e3922a:192.168.157.254:33430], old=null
2019-10-16 21:00:28,563 [grpc-default-executor-2] INFO  impl.RaftServerImpl (RaftServerImpl.java:setRole(184)) - 7d5bd66d-ed89-401c-bf86-050641c359fd@group-0777CA79DD7E: changes role from  FOLLOWER to FOLLOWER at term 3 for recognizeCandidate:e2e26bef-7a80-470b-89dc-752ae9b76223
2019-10-16 21:00:28,563 [grpc-default-executor-4] INFO  impl.RaftServerImpl (RaftServerImpl.java:setRole(184)) - 7e02033f-e7de-4006-80be-ffeab2e3922a@group-0777CA79DD7E: changes role from  FOLLOWER to FOLLOWER at term 3 for recognizeCandidate:e2e26bef-7a80-470b-89dc-752ae9b76223
2019-10-16 21:00:28,563 [grpc-default-executor-2] INFO  impl.RoleInfo (RoleInfo.java:shutdownFollowerState(121)) - 7d5bd66d-ed89-401c-bf86-050641c359fd: shutdown FollowerState
2019-10-16 21:00:28,563 [grpc-default-executor-4] INFO  impl.RoleInfo (RoleInfo.java:shutdownFollowerState(121)) - 7e02033f-e7de-4006-80be-ffeab2e3922a: shutdown FollowerState
2019-10-16 21:00:28,563 [Thread-719] INFO  impl.FollowerState (FollowerState.java:run(117)) - 7d5bd66d-ed89-401c-bf86-050641c359fd@group-0777CA79DD7E-FollowerState was interrupted: java.lang.InterruptedException: sleep interrupted
2019-10-16 21:00:28,563 [grpc-default-executor-2] INFO  impl.RoleInfo (RoleInfo.java:updateAndGet(143)) - 7d5bd66d-ed89-401c-bf86-050641c359fd: start FollowerState
2019-10-16 21:00:28,563 [Thread-717] INFO  impl.FollowerState (FollowerState.java:run(117)) - 7e02033f-e7de-4006-80be-ffeab2e3922a@group-0777CA79DD7E-FollowerState was interrupted: java.lang.InterruptedException: sleep interrupted
2019-10-16 21:00:28,563 [grpc-default-executor-4] INFO  impl.RoleInfo (RoleInfo.java:updateAndGet(143)) - 7e02033f-e7de-4006-80be-ffeab2e3922a: start FollowerState
2019-10-16 21:00:28,577 [Thread-722] INFO  impl.FollowerState (FollowerState.java:run(108)) - 7d5bd66d-ed89-401c-bf86-050641c359fd@group-0777CA79DD7E-FollowerState: change to CANDIDATE, lastRpcTime:13ms, electionTimeout:12ms
2019-10-16 21:00:28,577 [Thread-722] INFO  impl.RoleInfo (RoleInfo.java:shutdownFollowerState(121)) - 7d5bd66d-ed89-401c-bf86-050641c359fd: shutdown FollowerState
2019-10-16 21:00:28,577 [Thread-722] INFO  impl.RaftServerImpl (RaftServerImpl.java:setRole(184)) - 7d5bd66d-ed89-401c-bf86-050641c359fd@group-0777CA79DD7E: changes role from  FOLLOWER to CANDIDATE at term 3 for changeToCandidate
2019-10-16 21:00:28,577 [Thread-722] INFO  impl.RoleInfo (RoleInfo.java:updateAndGet(143)) - 7d5bd66d-ed89-401c-bf86-050641c359fd: start LeaderElection
2019-10-16 21:00:28,577 [e2e26bef-7a80-470b-89dc-752ae9b76223@group-0777CA79DD7E-LeaderElection28] INFO  impl.LeaderElection (LeaderElection.java:logAndReturn(56)) - e2e26bef-7a80-470b-89dc-752ae9b76223@group-0777CA79DD7E-LeaderElection28: Election PASSED; received 2 response(s) [e2e26bef-7a80-470b-89dc-752ae9b76223<-7d5bd66d-ed89-401c-bf86-050641c359fd#0:OK-t3, e2e26bef-7a80-470b-89dc-752ae9b76223<-7e02033f-e7de-4006-80be-ffeab2e3922a#0:FAIL-t3] and 0 exception(s); e2e26bef-7a80-470b-89dc-752ae9b76223@group-0777CA79DD7E:t3, leader=null, voted=e2e26bef-7a80-470b-89dc-752ae9b76223, raftlog=e2e26bef-7a80-470b-89dc-752ae9b76223@group-0777CA79DD7E-SegmentedRaftLog:OPENED:c-1,f-1,i0, conf=-1: [7d5bd66d-ed89-401c-bf86-050641c359fd:192.168.157.254:45704, e2e26bef-7a80-470b-89dc-752ae9b76223:192.168.157.254:36344, 7e02033f-e7de-4006-80be-ffeab2e3922a:192.168.157.254:33430], old=null
2019-10-16 21:00:28,578 [e2e26bef-7a80-470b-89dc-752ae9b76223@group-0777CA79DD7E-LeaderElection28] INFO  impl.RoleInfo (RoleInfo.java:shutdownLeaderElection(134)) - e2e26bef-7a80-470b-89dc-752ae9b76223: shutdown LeaderElection
2019-10-16 21:00:28,578 [e2e26bef-7a80-470b-89dc-752ae9b76223@group-0777CA79DD7E-LeaderElection28] INFO  impl.RaftServerImpl (RaftServerImpl.java:setRole(184)) - e2e26bef-7a80-470b-89dc-752ae9b76223@group-0777CA79DD7E: changes role from CANDIDATE to LEADER at term 3 for changeToLeader
2019-10-16 21:00:28,578 [e2e26bef-7a80-470b-89dc-752ae9b76223@group-0777CA79DD7E-LeaderElection28] INFO  ratis.XceiverServerRatis (XceiverServerRatis.java:handleLeaderChangedNotification(700)) - Leader change notification received for group: group-0777CA79DD7E with new leaderId: e2e26bef-7a80-470b-89dc-752ae9b76223
2019-10-16 21:00:28,578 [e2e26bef-7a80-470b-89dc-752ae9b76223@group-0777CA79DD7E-LeaderElection28] INFO  impl.RaftServerImpl (ServerState.java:setLeader(256)) - e2e26bef-7a80-470b-89dc-752ae9b76223@group-0777CA79DD7E: change Leader from null to e2e26bef-7a80-470b-89dc-752ae9b76223 at term 3 for becomeLeader, leader elected after 179ms
2019-10-16 21:00:28,578 [e2e26bef-7a80-470b-89dc-752ae9b76223@group-0777CA79DD7E-LeaderElection28] INFO  server.RaftServerConfigKeys (ConfUtils.java:logGet(43)) - raft.server.staging.catchup.gap = 1000 (default)
2019-10-16 21:00:28,578 [e2e26bef-7a80-470b-89dc-752ae9b76223@group-0777CA79DD7E-LeaderElection28] INFO  server.RaftServerConfigKeys (ConfUtils.java:logGet(43)) - raft.server.rpc.sleep.time = 25ms (default)
2019-10-16 21:00:28,578 [e2e26bef-7a80-470b-89dc-752ae9b76223@group-0777CA79DD7E-LeaderElection28] INFO  server.RaftServerConfigKeys (ConfUtils.java:logGet(43)) - raft.server.write.element-limit = 4096 (default)
2019-10-16 21:00:28,578 [e2e26bef-7a80-470b-89dc-752ae9b76223@group-0777CA79DD7E-LeaderElection28] INFO  server.RaftServerConfigKeys (ConfUtils.java:logGet(43)) - raft.server.watch.timeout = 10s (default)
2019-10-16 21:00:28,578 [e2e26bef-7a80-470b-89dc-752ae9b76223@group-0777CA79DD7E-LeaderElection28] INFO  server.RaftServerConfigKeys (ConfUtils.java:logGet(43)) - raft.server.watch.timeout.denomination = 1s (default)
2019-10-16 21:00:28,578 [e2e26bef-7a80-470b-89dc-752ae9b76223@group-0777CA79DD7E-LeaderElection28] INFO  server.RaftServerConfigKeys (ConfUtils.java:logGet(43)) - raft.server.watch.element-limit = 65536 (default)
2019-10-16 21:00:28,579 [EventQueue-PipelineReportForPipelineReportHandler] INFO  pipeline.PipelineReportHandler (PipelineReportHandler.java:processPipelineReport(119)) - Pipeline PipelineID=f560d4d8-14de-44cd-a543-0777ca79dd7e reported by e2e26bef-7a80-470b-89dc-752ae9b76223{ip: 192.168.157.254, host: pr-hdds-1868-qdb9g-714931517, networkLocation: /default-rack, certSerialId: null} with leaderId e2e26bef-7a80-470b-89dc-752ae9b76223
2019-10-16 21:00:28,581 [e2e26bef-7a80-470b-89dc-752ae9b76223@group-0777CA79DD7E-LeaderElection28] INFO  server.RaftServerConfigKeys (ConfUtils.java:logGet(43)) - raft.server.log.appender.snapshot.chunk.size.max = 16MB (=16777216) (default)
2019-10-16 21:00:28,581 [e2e26bef-7a80-470b-89dc-752ae9b76223@group-0777CA79DD7E-LeaderElection28] INFO  server.RaftServerConfigKeys (ConfUtils.java:logGet(43)) - raft.server.log.appender.buffer.byte-limit = 33554432 (custom)
2019-10-16 21:00:28,582 [e2e26bef-7a80-470b-89dc-752ae9b76223@group-0777CA79DD7E-LeaderElection28] INFO  server.RaftServerConfigKeys (ConfUtils.java:logGet(43)) - raft.server.log.appender.buffer.element-limit = 1 (custom)
2019-10-16 21:00:28,582 [e2e26bef-7a80-470b-89dc-752ae9b76223@group-0777CA79DD7E-LeaderElection28] INFO  grpc.GrpcConfigKeys$Server (ConfUtils.java:logGet(43)) - raft.grpc.server.leader.outstanding.appends.max = 128 (default)
2019-10-16 21:00:28,582 [e2e26bef-7a80-470b-89dc-752ae9b76223@group-0777CA79DD7E-LeaderElection28] INFO  server.RaftServerConfigKeys (ConfUtils.java:logGet(43)) - raft.server.rpc.request.timeout = 3000ms (default)
2019-10-16 21:00:28,582 [e2e26bef-7a80-470b-89dc-752ae9b76223@group-0777CA79DD7E-LeaderElection28] INFO  server.RaftServerConfigKeys (ConfUtils.java:logGet(43)) - raft.server.log.appender.install.snapshot.enabled = false (custom)
2019-10-16 21:00:28,584 [e2e26bef-7a80-470b-89dc-752ae9b76223@group-0777CA79DD7E-LeaderElection28] INFO  server.RaftServerConfigKeys (ConfUtils.java:logGet(43)) - raft.server.log.appender.snapshot.chunk.size.max = 16MB (=16777216) (default)
2019-10-16 21:00:28,584 [e2e26bef-7a80-470b-89dc-752ae9b76223@group-0777CA79DD7E-LeaderElection28] INFO  server.RaftServerConfigKeys (ConfUtils.java:logGet(43)) - raft.server.log.appender.buffer.byte-limit = 33554432 (custom)
2019-10-16 21:00:28,584 [e2e26bef-7a80-470b-89dc-752ae9b76223@group-0777CA79DD7E-LeaderElection28] INFO  server.RaftServerConfigKeys (ConfUtils.java:logGet(43)) - raft.server.log.appender.buffer.element-limit = 1 (custom)
2019-10-16 21:00:28,584 [e2e26bef-7a80-470b-89dc-752ae9b76223@group-0777CA79DD7E-LeaderElection28] INFO  grpc.GrpcConfigKeys$Server (ConfUtils.java:logGet(43)) - raft.grpc.server.leader.outstanding.appends.max = 128 (default)
2019-10-16 21:00:28,584 [e2e26bef-7a80-470b-89dc-752ae9b76223@group-0777CA79DD7E-LeaderElection28] INFO  server.RaftServerConfigKeys (ConfUtils.java:logGet(43)) - raft.server.rpc.request.timeout = 3000ms (default)
2019-10-16 21:00:28,584 [e2e26bef-7a80-470b-89dc-752ae9b76223@group-0777CA79DD7E-LeaderElection28] INFO  server.RaftServerConfigKeys (ConfUtils.java:logGet(43)) - raft.server.log.appender.install.snapshot.enabled = false (custom)
2019-10-16 21:00:28,586 [e2e26bef-7a80-470b-89dc-752ae9b76223@group-0777CA79DD7E-LeaderElection28] INFO  impl.RoleInfo (RoleInfo.java:updateAndGet(143)) - e2e26bef-7a80-470b-89dc-752ae9b76223: start LeaderState
2019-10-16 21:00:28,586 [e2e26bef-7a80-470b-89dc-752ae9b76223@group-0777CA79DD7E-LeaderElection28] INFO  segmented.SegmentedRaftLogWorker (SegmentedRaftLogWorker.java:startLogSegment(385)) - e2e26bef-7a80-470b-89dc-752ae9b76223@group-0777CA79DD7E-SegmentedRaftLogWorker: Starting segment from index:0
2019-10-16 21:00:28,587 [e2e26bef-7a80-470b-89dc-752ae9b76223@group-0777CA79DD7E-LeaderElection28] INFO  impl.RaftServerImpl (ServerState.java:setRaftConf(357)) - e2e26bef-7a80-470b-89dc-752ae9b76223@group-0777CA79DD7E: set configuration 0: [7d5bd66d-ed89-401c-bf86-050641c359fd:192.168.157.254:45704, e2e26bef-7a80-470b-89dc-752ae9b76223:192.168.157.254:36344, 7e02033f-e7de-4006-80be-ffeab2e3922a:192.168.157.254:33430], old=null at 0
2019-10-16 21:00:28,588 [Thread-688] INFO  impl.FollowerState (FollowerState.java:run(108)) - 7e02033f-e7de-4006-80be-ffeab2e3922a@group-B775CB1CFC79-FollowerState: change to CANDIDATE, lastRpcTime:179ms, electionTimeout:179ms
2019-10-16 21:00:28,588 [Thread-688] INFO  impl.RoleInfo (RoleInfo.java:shutdownFollowerState(121)) - 7e02033f-e7de-4006-80be-ffeab2e3922a: shutdown FollowerState
2019-10-16 21:00:28,588 [Thread-688] INFO  impl.RaftServerImpl (RaftServerImpl.java:setRole(184)) - 7e02033f-e7de-4006-80be-ffeab2e3922a@group-B775CB1CFC79: changes role from  FOLLOWER to CANDIDATE at term 22 for changeToCandidate
2019-10-16 21:00:28,588 [Thread-688] INFO  impl.RoleInfo (RoleInfo.java:updateAndGet(143)) - 7e02033f-e7de-4006-80be-ffeab2e3922a: start LeaderElection
2019-10-16 21:00:28,589 [grpc-default-executor-5] INFO  ratis.XceiverServerRatis (XceiverServerRatis.java:handleLeaderChangedNotification(700)) - Leader change notification received for group: group-0777CA79DD7E with new leaderId: e2e26bef-7a80-470b-89dc-752ae9b76223
2019-10-16 21:00:28,589 [grpc-default-executor-5] INFO  impl.RaftServerImpl (ServerState.java:setLeader(256)) - 7e02033f-e7de-4006-80be-ffeab2e3922a@group-0777CA79DD7E: change Leader from null to e2e26bef-7a80-470b-89dc-752ae9b76223 at term 3 for appendEntries, leader elected after 59ms
2019-10-16 21:00:28,589 [EventQueue-PipelineReportForPipelineReportHandler] INFO  pipeline.PipelineReportHandler (PipelineReportHandler.java:processPipelineReport(119)) - Pipeline PipelineID=f560d4d8-14de-44cd-a543-0777ca79dd7e reported by 7e02033f-e7de-4006-80be-ffeab2e3922a{ip: 192.168.157.254, host: pr-hdds-1868-qdb9g-714931517, networkLocation: /default-rack, certSerialId: null} with leaderId e2e26bef-7a80-470b-89dc-752ae9b76223
2019-10-16 21:00:28,591 [grpc-default-executor-5] INFO  impl.RaftServerImpl (ServerState.java:setRaftConf(357)) - 7e02033f-e7de-4006-80be-ffeab2e3922a@group-0777CA79DD7E: set configuration 0: [7d5bd66d-ed89-401c-bf86-050641c359fd:192.168.157.254:45704, e2e26bef-7a80-470b-89dc-752ae9b76223:192.168.157.254:36344, 7e02033f-e7de-4006-80be-ffeab2e3922a:192.168.157.254:33430], old=null at 0
2019-10-16 21:00:28,592 [grpc-default-executor-5] INFO  segmented.SegmentedRaftLogWorker (SegmentedRaftLogWorker.java:truncate(401)) - 7e02033f-e7de-4006-80be-ffeab2e3922a@group-0777CA79DD7E-SegmentedRaftLogWorker: Truncating segments toTruncate: null
  toDelete: [(0, 0) isOpen? true, length=0, newEndIndex=-1], start index 0
2019-10-16 21:00:28,592 [grpc-default-executor-5] INFO  segmented.SegmentedRaftLogWorker (SegmentedRaftLogWorker.java:startLogSegment(385)) - 7e02033f-e7de-4006-80be-ffeab2e3922a@group-0777CA79DD7E-SegmentedRaftLogWorker: Starting segment from index:0
2019-10-16 21:00:28,592 [7e02033f-e7de-4006-80be-ffeab2e3922a@group-0777CA79DD7E-SegmentedRaftLogWorker] INFO  segmented.SegmentedRaftLogWorker (SegmentedRaftLogWorker.java:execute(640)) - 7e02033f-e7de-4006-80be-ffeab2e3922a@group-0777CA79DD7E-SegmentedRaftLogWorker: Deleted log file /workdir/hadoop-ozone/integration-test/target/test-dir/MiniOzoneClusterImpl-612a4b9b-c8fe-4576-9448-f0de33cec420/datanode-2/data/ratis/f560d4d8-14de-44cd-a543-0777ca79dd7e/current/log_inprogress_0
2019-10-16 21:00:28,593 [7e02033f-e7de-4006-80be-ffeab2e3922a@group-0777CA79DD7E-SegmentedRaftLogWorker] INFO  segmented.SegmentedRaftLogWorker (SegmentedRaftLogWorker.java:lambda$new$0(128)) - 7e02033f-e7de-4006-80be-ffeab2e3922a@group-0777CA79DD7E-SegmentedRaftLogWorker: flushIndex: setUnconditionally 0 -> -1
2019-10-16 21:00:28,600 [7e02033f-e7de-4006-80be-ffeab2e3922a@group-B775CB1CFC79-LeaderElection30] INFO  impl.LeaderElection (LeaderElection.java:askForVotes(178)) - 7e02033f-e7de-4006-80be-ffeab2e3922a@group-B775CB1CFC79-LeaderElection30: begin an election at term 23 for 0: [7d5bd66d-ed89-401c-bf86-050641c359fd:192.168.157.254:45704, e2e26bef-7a80-470b-89dc-752ae9b76223:192.168.157.254:36344, 7e02033f-e7de-4006-80be-ffeab2e3922a:192.168.157.254:33430], old=null
2019-10-16 21:00:28,600 [7d5bd66d-ed89-401c-bf86-050641c359fd@group-0777CA79DD7E-LeaderElection29] INFO  impl.LeaderElection (LeaderElection.java:askForVotes(178)) - 7d5bd66d-ed89-401c-bf86-050641c359fd@group-0777CA79DD7E-LeaderElection29: begin an election at term 4 for -1: [7d5bd66d-ed89-401c-bf86-050641c359fd:192.168.157.254:45704, e2e26bef-7a80-470b-89dc-752ae9b76223:192.168.157.254:36344, 7e02033f-e7de-4006-80be-ffeab2e3922a:192.168.157.254:33430], old=null
2019-10-16 21:00:28,618 [Thread-725] INFO  impl.RaftServerImpl (ServerState.java:setLeader(256)) - e2e26bef-7a80-470b-89dc-752ae9b76223@group-0777CA79DD7E: change Leader from e2e26bef-7a80-470b-89dc-752ae9b76223 to null at term 4 for updateCurrentTerm
2019-10-16 21:00:28,618 [Thread-725] INFO  impl.RaftServerImpl (RaftServerImpl.java:setRole(184)) - e2e26bef-7a80-470b-89dc-752ae9b76223@group-0777CA79DD7E: changes role from    LEADER to FOLLOWER at term 4 for stepDown
2019-10-16 21:00:28,618 [Thread-725] INFO  impl.RoleInfo (RoleInfo.java:shutdownLeaderState(104)) - e2e26bef-7a80-470b-89dc-752ae9b76223: shutdown LeaderState
2019-10-16 21:00:28,619 [org.apache.ratis.server.impl.LogAppender$AppenderDaemon$$Lambda$412/978845759@2536424] WARN  server.GrpcLogAppender (GrpcLogAppender.java:mayWait(149)) - e2e26bef-7a80-470b-89dc-752ae9b76223@group-0777CA79DD7E->7e02033f-e7de-4006-80be-ffeab2e3922a-GrpcLogAppender: Wait interrupted by java.lang.InterruptedException
2019-10-16 21:00:28,619 [Thread-725] INFO  impl.PendingRequests (PendingRequests.java:sendNotLeaderResponses(202)) - e2e26bef-7a80-470b-89dc-752ae9b76223@group-0777CA79DD7E-PendingRequests: sendNotLeaderResponses
2019-10-16 21:00:28,619 [org.apache.ratis.server.impl.LogAppender$AppenderDaemon$$Lambda$412/978845759@332a1213] WARN  server.GrpcLogAppender (GrpcLogAppender.java:mayWait(149)) - e2e26bef-7a80-470b-89dc-752ae9b76223@group-0777CA79DD7E->7d5bd66d-ed89-401c-bf86-050641c359fd-GrpcLogAppender: Wait interrupted by java.lang.InterruptedException
2019-10-16 21:00:28,620 [Thread-725] INFO  impl.RoleInfo (RoleInfo.java:updateAndGet(143)) - e2e26bef-7a80-470b-89dc-752ae9b76223: start FollowerState
2019-10-16 21:00:28,622 [grpc-default-executor-5] INFO  server.GrpcServerProtocolService (GrpcServerProtocolService.java:onCompleted(113)) - 7d5bd66d-ed89-401c-bf86-050641c359fd: Completed APPEND_ENTRIES, lastRequest: e2e26bef-7a80-470b-89dc-752ae9b76223->7d5bd66d-ed89-401c-bf86-050641c359fd#0-t3, previous=(t:0, i:0), leaderCommit=-1, initializing? false, entries: <empty>
2019-10-16 21:00:28,625 [grpc-default-executor-2] INFO  impl.RaftServerImpl (ServerState.java:setLeader(256)) - 7e02033f-e7de-4006-80be-ffeab2e3922a@group-0777CA79DD7E: change Leader from e2e26bef-7a80-470b-89dc-752ae9b76223 to null at term 4 for updateCurrentTerm
2019-10-16 21:00:28,622 [grpc-default-executor-4] INFO  server.GrpcServerProtocolService (GrpcServerProtocolService.java:onCompleted(113)) - 7e02033f-e7de-4006-80be-ffeab2e3922a: Completed APPEND_ENTRIES, lastRequest: e2e26bef-7a80-470b-89dc-752ae9b76223->7e02033f-e7de-4006-80be-ffeab2e3922a#1-t3, previous=(t:0, i:0), leaderCommit=-1, initializing? false, entries: size=1, first=(t:3, i:0), CONFIGURATIONENTRY
2019-10-16 21:00:28,625 [grpc-default-executor-2] INFO  impl.RaftServerImpl (RaftServerImpl.java:setRole(184)) - 7e02033f-e7de-4006-80be-ffeab2e3922a@group-0777CA79DD7E: changes role from  FOLLOWER to FOLLOWER at term 4 for recognizeCandidate:7d5bd66d-ed89-401c-bf86-050641c359fd
2019-10-16 21:00:28,625 [grpc-default-executor-4] INFO  server.GrpcLogAppender (GrpcLogAppender.java:onCompleted(308)) - e2e26bef-7a80-470b-89dc-752ae9b76223@group-0777CA79DD7E->7d5bd66d-ed89-401c-bf86-050641c359fd-AppendLogResponseHandler: follower responses appendEntries COMPLETED
2019-10-16 21:00:28,625 [grpc-default-executor-2] INFO  impl.RoleInfo (RoleInfo.java:shutdownFollowerState(121)) - 7e02033f-e7de-4006-80be-ffeab2e3922a: shutdown FollowerState
2019-10-16 21:00:28,627 [Thread-723] INFO  impl.FollowerState (FollowerState.java:run(117)) - 7e02033f-e7de-4006-80be-ffeab2e3922a@group-0777CA79DD7E-FollowerState was interrupted: java.lang.InterruptedException: sleep interrupted
2019-10-16 21:00:28,627 [grpc-default-executor-2] INFO  impl.RoleInfo (RoleInfo.java:updateAndGet(143)) - 7e02033f-e7de-4006-80be-ffeab2e3922a: start FollowerState
2019-10-16 21:00:28,627 [grpc-default-executor-5] INFO  server.GrpcLogAppender (GrpcLogAppender.java:onCompleted(308)) - e2e26bef-7a80-470b-89dc-752ae9b76223@group-0777CA79DD7E->7e02033f-e7de-4006-80be-ffeab2e3922a-AppendLogResponseHandler: follower responses appendEntries COMPLETED
2019-10-16 21:00:28,627 [grpc-default-executor-4] INFO  impl.FollowerInfo (FollowerInfo.java:lambda$new$0(51)) - e2e26bef-7a80-470b-89dc-752ae9b76223@group-0777CA79DD7E->7d5bd66d-ed89-401c-bf86-050641c359fd: nextIndex: updateUnconditionally 0 -> 0
2019-10-16 21:00:28,627 [grpc-default-executor-5] INFO  impl.FollowerInfo (FollowerInfo.java:lambda$new$0(51)) - e2e26bef-7a80-470b-89dc-752ae9b76223@group-0777CA79DD7E->7e02033f-e7de-4006-80be-ffeab2e3922a: nextIndex: updateUnconditionally 1 -> 0
2019-10-16 21:00:28,628 [grpc-default-executor-4] INFO  impl.RaftServerImpl (RaftServerImpl.java:setRole(184)) - 7d5bd66d-ed89-401c-bf86-050641c359fd@group-B775CB1CFC79: changes role from  FOLLOWER to FOLLOWER at term 23 for recognizeCandidate:7e02033f-e7de-4006-80be-ffeab2e3922a
2019-10-16 21:00:28,628 [grpc-default-executor-4] INFO  impl.RoleInfo (RoleInfo.java:shutdownFollowerState(121)) - 7d5bd66d-ed89-401c-bf86-050641c359fd: shutdown FollowerState
2019-10-16 21:00:28,628 [grpc-default-executor-4] INFO  impl.RoleInfo (RoleInfo.java:updateAndGet(143)) - 7d5bd66d-ed89-401c-bf86-050641c359fd: start FollowerState
2019-10-16 21:00:28,628 [grpc-default-executor-5] INFO  impl.RaftServerImpl (RaftServerImpl.java:setRole(184)) - e2e26bef-7a80-470b-89dc-752ae9b76223@group-B775CB1CFC79: changes role from  FOLLOWER to FOLLOWER at term 23 for recognizeCandidate:7e02033f-e7de-4006-80be-ffeab2e3922a
2019-10-16 21:00:28,628 [Thread-686] INFO  impl.FollowerState (FollowerState.java:run(117)) - 7d5bd66d-ed89-401c-bf86-050641c359fd@group-B775CB1CFC79-FollowerState was interrupted: java.lang.InterruptedException: sleep interrupted
2019-10-16 21:00:28,628 [grpc-default-executor-5] INFO  impl.RoleInfo (RoleInfo.java:shutdownFollowerState(121)) - e2e26bef-7a80-470b-89dc-752ae9b76223: shutdown FollowerState
2019-10-16 21:00:28,629 [grpc-default-executor-5] INFO  impl.RoleInfo (RoleInfo.java:updateAndGet(143)) - e2e26bef-7a80-470b-89dc-752ae9b76223: start FollowerState
2019-10-16 21:00:28,629 [Thread-687] INFO  impl.FollowerState (FollowerState.java:run(117)) - e2e26bef-7a80-470b-89dc-752ae9b76223@group-B775CB1CFC79-FollowerState was interrupted: java.lang.InterruptedException: sleep interrupted
2019-10-16 21:00:28,630 [e2e26bef-7a80-470b-89dc-752ae9b76223@group-0777CA79DD7E-SegmentedRaftLogWorker] INFO  segmented.SegmentedRaftLogWorker (SegmentedRaftLogWorker.java:execute(576)) - e2e26bef-7a80-470b-89dc-752ae9b76223@group-0777CA79DD7E-SegmentedRaftLogWorker: created new log segment /workdir/hadoop-ozone/integration-test/target/test-dir/MiniOzoneClusterImpl-612a4b9b-c8fe-4576-9448-f0de33cec420/datanode-1/data/ratis/f560d4d8-14de-44cd-a543-0777ca79dd7e/current/log_inprogress_0
2019-10-16 21:00:28,630 [7e02033f-e7de-4006-80be-ffeab2e3922a@group-0777CA79DD7E-SegmentedRaftLogWorker] INFO  segmented.SegmentedRaftLogWorker (SegmentedRaftLogWorker.java:execute(576)) - 7e02033f-e7de-4006-80be-ffeab2e3922a@group-0777CA79DD7E-SegmentedRaftLogWorker: created new log segment /workdir/hadoop-ozone/integration-test/target/test-dir/MiniOzoneClusterImpl-612a4b9b-c8fe-4576-9448-f0de33cec420/datanode-2/data/ratis/f560d4d8-14de-44cd-a543-0777ca79dd7e/current/log_inprogress_0
2019-10-16 21:00:28,631 [grpc-default-executor-0] INFO  impl.RaftServerImpl (RaftServerImpl.java:setRole(184)) - e2e26bef-7a80-470b-89dc-752ae9b76223@group-0777CA79DD7E: changes role from  FOLLOWER to FOLLOWER at term 4 for recognizeCandidate:7d5bd66d-ed89-401c-bf86-050641c359fd
2019-10-16 21:00:28,631 [grpc-default-executor-0] INFO  impl.RoleInfo (RoleInfo.java:shutdownFollowerState(121)) - e2e26bef-7a80-470b-89dc-752ae9b76223: shutdown FollowerState
2019-10-16 21:00:28,631 [Thread-736] INFO  impl.FollowerState (FollowerState.java:run(117)) - e2e26bef-7a80-470b-89dc-752ae9b76223@group-0777CA79DD7E-FollowerState was interrupted: java.lang.InterruptedException: sleep interrupted
2019-10-16 21:00:28,631 [grpc-default-executor-0] INFO  impl.RoleInfo (RoleInfo.java:updateAndGet(143)) - e2e26bef-7a80-470b-89dc-752ae9b76223: start FollowerState
2019-10-16 21:00:28,633 [7d5bd66d-ed89-401c-bf86-050641c359fd@group-0777CA79DD7E-LeaderElection29] INFO  impl.LeaderElection (LeaderElection.java:logAndReturn(56)) - 7d5bd66d-ed89-401c-bf86-050641c359fd@group-0777CA79DD7E-LeaderElection29: Election REJECTED; received 2 response(s) [7d5bd66d-ed89-401c-bf86-050641c359fd<-e2e26bef-7a80-470b-89dc-752ae9b76223#0:FAIL-t4, 7d5bd66d-ed89-401c-bf86-050641c359fd<-7e02033f-e7de-4006-80be-ffeab2e3922a#0:FAIL-t4] and 0 exception(s); 7d5bd66d-ed89-401c-bf86-050641c359fd@group-0777CA79DD7E:t4, leader=null, voted=7d5bd66d-ed89-401c-bf86-050641c359fd, raftlog=7d5bd66d-ed89-401c-bf86-050641c359fd@group-0777CA79DD7E-SegmentedRaftLog:OPENED:c-1,f-1,i0, conf=-1: [7d5bd66d-ed89-401c-bf86-050641c359fd:192.168.157.254:45704, e2e26bef-7a80-470b-89dc-752ae9b76223:192.168.157.254:36344, 7e02033f-e7de-4006-80be-ffeab2e3922a:192.168.157.254:33430], old=null
2019-10-16 21:00:28,633 [7d5bd66d-ed89-401c-bf86-050641c359fd@group-0777CA79DD7E-LeaderElection29] INFO  impl.RaftServerImpl (RaftServerImpl.java:setRole(184)) - 7d5bd66d-ed89-401c-bf86-050641c359fd@group-0777CA79DD7E: changes role from CANDIDATE to FOLLOWER at term 4 for DISCOVERED_A_NEW_TERM
2019-10-16 21:00:28,636 [7d5bd66d-ed89-401c-bf86-050641c359fd@group-0777CA79DD7E-LeaderElection29] INFO  impl.RoleInfo (RoleInfo.java:shutdownLeaderElection(134)) - 7d5bd66d-ed89-401c-bf86-050641c359fd: shutdown LeaderElection
2019-10-16 21:00:28,636 [7d5bd66d-ed89-401c-bf86-050641c359fd@group-0777CA79DD7E-LeaderElection29] INFO  impl.RoleInfo (RoleInfo.java:updateAndGet(143)) - 7d5bd66d-ed89-401c-bf86-050641c359fd: start FollowerState
2019-10-16 21:00:28,636 [7e02033f-e7de-4006-80be-ffeab2e3922a@group-B775CB1CFC79-LeaderElection30] INFO  impl.LeaderElection (LeaderElection.java:logAndReturn(56)) - 7e02033f-e7de-4006-80be-ffeab2e3922a@group-B775CB1CFC79-LeaderElection30: Election REJECTED; received 2 response(s) [7e02033f-e7de-4006-80be-ffeab2e3922a<-7d5bd66d-ed89-401c-bf86-050641c359fd#0:FAIL-t23, 7e02033f-e7de-4006-80be-ffeab2e3922a<-e2e26bef-7a80-470b-89dc-752ae9b76223#0:FAIL-t23] and 0 exception(s); 7e02033f-e7de-4006-80be-ffeab2e3922a@group-B775CB1CFC79:t23, leader=null, voted=7e02033f-e7de-4006-80be-ffeab2e3922a, raftlog=7e02033f-e7de-4006-80be-ffeab2e3922a@group-B775CB1CFC79-SegmentedRaftLog:OPENED:c3,f4,i4, conf=0: [7d5bd66d-ed89-401c-bf86-050641c359fd:192.168.157.254:45704, e2e26bef-7a80-470b-89dc-752ae9b76223:192.168.157.254:36344, 7e02033f-e7de-4006-80be-ffeab2e3922a:192.168.157.254:33430], old=null
2019-10-16 21:00:28,637 [7e02033f-e7de-4006-80be-ffeab2e3922a@group-B775CB1CFC79-LeaderElection30] INFO  impl.RaftServerImpl (RaftServerImpl.java:setRole(184)) - 7e02033f-e7de-4006-80be-ffeab2e3922a@group-B775CB1CFC79: changes role from CANDIDATE to FOLLOWER at term 23 for DISCOVERED_A_NEW_TERM
2019-10-16 21:00:28,637 [7e02033f-e7de-4006-80be-ffeab2e3922a@group-B775CB1CFC79-LeaderElection30] INFO  impl.RoleInfo (RoleInfo.java:shutdownLeaderElection(134)) - 7e02033f-e7de-4006-80be-ffeab2e3922a: shutdown LeaderElection
2019-10-16 21:00:28,637 [7e02033f-e7de-4006-80be-ffeab2e3922a@group-B775CB1CFC79-LeaderElection30] INFO  impl.RoleInfo (RoleInfo.java:updateAndGet(143)) - 7e02033f-e7de-4006-80be-ffeab2e3922a: start FollowerState
2019-10-16 21:00:28,732 [Thread-743] INFO  impl.FollowerState (FollowerState.java:run(108)) - 7e02033f-e7de-4006-80be-ffeab2e3922a@group-B775CB1CFC79-FollowerState: change to CANDIDATE, lastRpcTime:94ms, electionTimeout:94ms
2019-10-16 21:00:28,733 [Thread-743] INFO  impl.RoleInfo (RoleInfo.java:shutdownFollowerState(121)) - 7e02033f-e7de-4006-80be-ffeab2e3922a: shutdown FollowerState
2019-10-16 21:00:28,733 [Thread-743] INFO  impl.RaftServerImpl (RaftServerImpl.java:setRole(184)) - 7e02033f-e7de-4006-80be-ffeab2e3922a@group-B775CB1CFC79: changes role from  FOLLOWER to CANDIDATE at term 23 for changeToCandidate
2019-10-16 21:00:28,733 [Thread-743] INFO  impl.RoleInfo (RoleInfo.java:updateAndGet(143)) - 7e02033f-e7de-4006-80be-ffeab2e3922a: start LeaderElection
2019-10-16 21:00:28,747 [7e02033f-e7de-4006-80be-ffeab2e3922a@group-B775CB1CFC79-LeaderElection31] INFO  impl.LeaderElection (LeaderElection.java:askForVotes(178)) - 7e02033f-e7de-4006-80be-ffeab2e3922a@group-B775CB1CFC79-LeaderElection31: begin an election at term 24 for 0: [7d5bd66d-ed89-401c-bf86-050641c359fd:192.168.157.254:45704, e2e26bef-7a80-470b-89dc-752ae9b76223:192.168.157.254:36344, 7e02033f-e7de-4006-80be-ffeab2e3922a:192.168.157.254:33430], old=null
2019-10-16 21:00:28,750 [grpc-default-executor-4] INFO  impl.RaftServerImpl (RaftServerImpl.java:setRole(184)) - e2e26bef-7a80-470b-89dc-752ae9b76223@group-B775CB1CFC79: changes role from  FOLLOWER to FOLLOWER at term 24 for recognizeCandidate:7e02033f-e7de-4006-80be-ffeab2e3922a
2019-10-16 21:00:28,750 [grpc-default-executor-5] INFO  impl.RaftServerImpl (RaftServerImpl.java:setRole(184)) - 7d5bd66d-ed89-401c-bf86-050641c359fd@group-B775CB1CFC79: changes role from  FOLLOWER to FOLLOWER at term 24 for recognizeCandidate:7e02033f-e7de-4006-80be-ffeab2e3922a
2019-10-16 21:00:28,750 [grpc-default-executor-4] INFO  impl.RoleInfo (RoleInfo.java:shutdownFollowerState(121)) - e2e26bef-7a80-470b-89dc-752ae9b76223: shutdown FollowerState
2019-10-16 21:00:28,750 [grpc-default-executor-5] INFO  impl.RoleInfo (RoleInfo.java:shutdownFollowerState(121)) - 7d5bd66d-ed89-401c-bf86-050641c359fd: shutdown FollowerState
2019-10-16 21:00:28,750 [grpc-default-executor-4] INFO  impl.RoleInfo (RoleInfo.java:updateAndGet(143)) - e2e26bef-7a80-470b-89dc-752ae9b76223: start FollowerState
2019-10-16 21:00:28,750 [Thread-739] INFO  impl.FollowerState (FollowerState.java:run(117)) - e2e26bef-7a80-470b-89dc-752ae9b76223@group-B775CB1CFC79-FollowerState was interrupted: java.lang.InterruptedException: sleep interrupted
2019-10-16 21:00:28,751 [Thread-738] INFO  impl.FollowerState (FollowerState.java:run(117)) - 7d5bd66d-ed89-401c-bf86-050641c359fd@group-B775CB1CFC79-FollowerState was interrupted: java.lang.InterruptedException: sleep interrupted
2019-10-16 21:00:28,750 [grpc-default-executor-5] INFO  impl.RoleInfo (RoleInfo.java:updateAndGet(143)) - 7d5bd66d-ed89-401c-bf86-050641c359fd: start FollowerState
2019-10-16 21:00:28,766 [7e02033f-e7de-4006-80be-ffeab2e3922a@group-B775CB1CFC79-LeaderElection31] INFO  impl.LeaderElection (LeaderElection.java:logAndReturn(56)) - 7e02033f-e7de-4006-80be-ffeab2e3922a@group-B775CB1CFC79-LeaderElection31: Election REJECTED; received 2 response(s) [7e02033f-e7de-4006-80be-ffeab2e3922a<-7d5bd66d-ed89-401c-bf86-050641c359fd#0:FAIL-t24, 7e02033f-e7de-4006-80be-ffeab2e3922a<-e2e26bef-7a80-470b-89dc-752ae9b76223#0:FAIL-t24] and 0 exception(s); 7e02033f-e7de-4006-80be-ffeab2e3922a@group-B775CB1CFC79:t24, leader=null, voted=7e02033f-e7de-4006-80be-ffeab2e3922a, raftlog=7e02033f-e7de-4006-80be-ffeab2e3922a@group-B775CB1CFC79-SegmentedRaftLog:OPENED:c3,f4,i4, conf=0: [7d5bd66d-ed89-401c-bf86-050641c359fd:192.168.157.254:45704, e2e26bef-7a80-470b-89dc-752ae9b76223:192.168.157.254:36344, 7e02033f-e7de-4006-80be-ffeab2e3922a:192.168.157.254:33430], old=null
2019-10-16 21:00:28,766 [7e02033f-e7de-4006-80be-ffeab2e3922a@group-B775CB1CFC79-LeaderElection31] INFO  impl.RaftServerImpl (RaftServerImpl.java:setRole(184)) - 7e02033f-e7de-4006-80be-ffeab2e3922a@group-B775CB1CFC79: changes role from CANDIDATE to FOLLOWER at term 24 for DISCOVERED_A_NEW_TERM
2019-10-16 21:00:28,766 [7e02033f-e7de-4006-80be-ffeab2e3922a@group-B775CB1CFC79-LeaderElection31] INFO  impl.RoleInfo (RoleInfo.java:shutdownLeaderElection(134)) - 7e02033f-e7de-4006-80be-ffeab2e3922a: shutdown LeaderElection
2019-10-16 21:00:28,766 [7e02033f-e7de-4006-80be-ffeab2e3922a@group-B775CB1CFC79-LeaderElection31] INFO  impl.RoleInfo (RoleInfo.java:updateAndGet(143)) - 7e02033f-e7de-4006-80be-ffeab2e3922a: start FollowerState
2019-10-16 21:00:28,821 [Thread-742] INFO  impl.FollowerState (FollowerState.java:run(108)) - 7d5bd66d-ed89-401c-bf86-050641c359fd@group-0777CA79DD7E-FollowerState: change to CANDIDATE, lastRpcTime:185ms, electionTimeout:185ms
2019-10-16 21:00:28,823 [Thread-742] INFO  impl.RoleInfo (RoleInfo.java:shutdownFollowerState(121)) - 7d5bd66d-ed89-401c-bf86-050641c359fd: shutdown FollowerState
2019-10-16 21:00:28,823 [Thread-742] INFO  impl.RaftServerImpl (RaftServerImpl.java:setRole(184)) - 7d5bd66d-ed89-401c-bf86-050641c359fd@group-0777CA79DD7E: changes role from  FOLLOWER to CANDIDATE at term 4 for changeToCandidate
2019-10-16 21:00:28,823 [Thread-742] INFO  impl.RoleInfo (RoleInfo.java:updateAndGet(143)) - 7d5bd66d-ed89-401c-bf86-050641c359fd: start LeaderElection
2019-10-16 21:00:28,833 [java.util.concurrent.ThreadPoolExecutor$Worker@7847c973[State = -1, empty queue]] WARN  server.GrpcLogAppender (GrpcLogAppender.java:timeoutAppendRequest(209)) - e2e26bef-7a80-470b-89dc-752ae9b76223@group-B775CB1CFC79->7e02033f-e7de-4006-80be-ffeab2e3922a-GrpcLogAppender: appendEntries Timeout, request=e2e26bef-7a80-470b-89dc-752ae9b76223->7e02033f-e7de-4006-80be-ffeab2e3922a#52-t3, previous=(t:3, i:10), leaderCommit=10, initializing? false, entries: <empty>
2019-10-16 21:00:28,838 [7d5bd66d-ed89-401c-bf86-050641c359fd@group-0777CA79DD7E-LeaderElection32] INFO  impl.LeaderElection (LeaderElection.java:askForVotes(178)) - 7d5bd66d-ed89-401c-bf86-050641c359fd@group-0777CA79DD7E-LeaderElection32: begin an election at term 5 for -1: [7d5bd66d-ed89-401c-bf86-050641c359fd:192.168.157.254:45704, e2e26bef-7a80-470b-89dc-752ae9b76223:192.168.157.254:36344, 7e02033f-e7de-4006-80be-ffeab2e3922a:192.168.157.254:33430], old=null
2019-10-16 21:00:28,840 [grpc-default-executor-5] INFO  impl.RaftServerImpl (RaftServerImpl.java:setRole(184)) - e2e26bef-7a80-470b-89dc-752ae9b76223@group-0777CA79DD7E: changes role from  FOLLOWER to FOLLOWER at term 5 for recognizeCandidate:7d5bd66d-ed89-401c-bf86-050641c359fd
2019-10-16 21:00:28,842 [grpc-default-executor-5] INFO  impl.RoleInfo (RoleInfo.java:shutdownFollowerState(121)) - e2e26bef-7a80-470b-89dc-752ae9b76223: shutdown FollowerState
2019-10-16 21:00:28,842 [grpc-default-executor-4] INFO  impl.RaftServerImpl (RaftServerImpl.java:setRole(184)) - 7e02033f-e7de-4006-80be-ffeab2e3922a@group-0777CA79DD7E: changes role from  FOLLOWER to FOLLOWER at term 5 for recognizeCandidate:7d5bd66d-ed89-401c-bf86-050641c359fd
2019-10-16 21:00:28,842 [Thread-740] INFO  impl.FollowerState (FollowerState.java:run(117)) - e2e26bef-7a80-470b-89dc-752ae9b76223@group-0777CA79DD7E-FollowerState was interrupted: java.lang.InterruptedException: sleep interrupted
2019-10-16 21:00:28,842 [grpc-default-executor-5] INFO  impl.RoleInfo (RoleInfo.java:updateAndGet(143)) - e2e26bef-7a80-470b-89dc-752ae9b76223: start FollowerState
2019-10-16 21:00:28,842 [grpc-default-executor-4] INFO  impl.RoleInfo (RoleInfo.java:shutdownFollowerState(121)) - 7e02033f-e7de-4006-80be-ffeab2e3922a: shutdown FollowerState
2019-10-16 21:00:28,842 [grpc-default-executor-4] INFO  impl.RoleInfo (RoleInfo.java:updateAndGet(143)) - 7e02033f-e7de-4006-80be-ffeab2e3922a: start FollowerState
2019-10-16 21:00:28,842 [Thread-737] INFO  impl.FollowerState (FollowerState.java:run(117)) - 7e02033f-e7de-4006-80be-ffeab2e3922a@group-0777CA79DD7E-FollowerState was interrupted: java.lang.InterruptedException: sleep interrupted
2019-10-16 21:00:28,856 [7d5bd66d-ed89-401c-bf86-050641c359fd@group-0777CA79DD7E-LeaderElection32] INFO  impl.LeaderElection (LeaderElection.java:logAndReturn(56)) - 7d5bd66d-ed89-401c-bf86-050641c359fd@group-0777CA79DD7E-LeaderElection32: Election REJECTED; received 2 response(s) [7d5bd66d-ed89-401c-bf86-050641c359fd<-e2e26bef-7a80-470b-89dc-752ae9b76223#0:FAIL-t5, 7d5bd66d-ed89-401c-bf86-050641c359fd<-7e02033f-e7de-4006-80be-ffeab2e3922a#0:FAIL-t5] and 0 exception(s); 7d5bd66d-ed89-401c-bf86-050641c359fd@group-0777CA79DD7E:t5, leader=null, voted=7d5bd66d-ed89-401c-bf86-050641c359fd, raftlog=7d5bd66d-ed89-401c-bf86-050641c359fd@group-0777CA79DD7E-SegmentedRaftLog:OPENED:c-1,f-1,i0, conf=-1: [7d5bd66d-ed89-401c-bf86-050641c359fd:192.168.157.254:45704, e2e26bef-7a80-470b-89dc-752ae9b76223:192.168.157.254:36344, 7e02033f-e7de-4006-80be-ffeab2e3922a:192.168.157.254:33430], old=null
2019-10-16 21:00:28,857 [7d5bd66d-ed89-401c-bf86-050641c359fd@group-0777CA79DD7E-LeaderElection32] INFO  impl.RaftServerImpl (RaftServerImpl.java:setRole(184)) - 7d5bd66d-ed89-401c-bf86-050641c359fd@group-0777CA79DD7E: changes role from CANDIDATE to FOLLOWER at term 5 for DISCOVERED_A_NEW_TERM
2019-10-16 21:00:28,857 [7d5bd66d-ed89-401c-bf86-050641c359fd@group-0777CA79DD7E-LeaderElection32] INFO  impl.RoleInfo (RoleInfo.java:shutdownLeaderElection(134)) - 7d5bd66d-ed89-401c-bf86-050641c359fd: shutdown LeaderElection
2019-10-16 21:00:28,857 [7d5bd66d-ed89-401c-bf86-050641c359fd@group-0777CA79DD7E-LeaderElection32] INFO  impl.RoleInfo (RoleInfo.java:updateAndGet(143)) - 7d5bd66d-ed89-401c-bf86-050641c359fd: start FollowerState
2019-10-16 21:00:28,888 [Thread-749] INFO  impl.FollowerState (FollowerState.java:run(108)) - 7e02033f-e7de-4006-80be-ffeab2e3922a@group-B775CB1CFC79-FollowerState: change to CANDIDATE, lastRpcTime:121ms, electionTimeout:121ms
2019-10-16 21:00:28,889 [Thread-749] INFO  impl.RoleInfo (RoleInfo.java:shutdownFollowerState(121)) - 7e02033f-e7de-4006-80be-ffeab2e3922a: shutdown FollowerState
2019-10-16 21:00:28,889 [Thread-749] INFO  impl.RaftServerImpl (RaftServerImpl.java:setRole(184)) - 7e02033f-e7de-4006-80be-ffeab2e3922a@group-B775CB1CFC79: changes role from  FOLLOWER to CANDIDATE at term 24 for changeToCandidate
2019-10-16 21:00:28,889 [Thread-749] INFO  impl.RoleInfo (RoleInfo.java:updateAndGet(143)) - 7e02033f-e7de-4006-80be-ffeab2e3922a: start LeaderElection
2019-10-16 21:00:28,889 [BlockDeletingService#2] WARN  background.BlockDeletingService (BlockDeletingService.java:isDeletionAllowed(187)) - Close Container log Index 6 is not replicated across allthe servers in the pipeline 4fea0e3a-b978-493d-b2ed-b775cb1cfc79 as the min replicated index is 4. Deletion is not allowed in this container yet.
2019-10-16 21:00:28,890 [BlockDeletingService#2] WARN  background.BlockDeletingService (BlockDeletingService.java:isDeletionAllowed(187)) - Close Container log Index 6 is not replicated across allthe servers in the pipeline 4fea0e3a-b978-493d-b2ed-b775cb1cfc79 as the min replicated index is 4. Deletion is not allowed in this container yet.
2019-10-16 21:00:28,890 [EventQueue-PendingDeleteStatusForPendingDeleteHandler] INFO  block.SCMBlockDeletingService (SCMBlockDeletingService.java:handlePendingDeletes(115)) - Block deletion txnID mismatch in datanode 7e02033f-e7de-4006-80be-ffeab2e3922a for containerID 1. Datanode delete txnID: 0, SCM txnID: 1
2019-10-16 21:00:28,908 [7e02033f-e7de-4006-80be-ffeab2e3922a@group-B775CB1CFC79-LeaderElection33] INFO  impl.LeaderElection (LeaderElection.java:askForVotes(178)) - 7e02033f-e7de-4006-80be-ffeab2e3922a@group-B775CB1CFC79-LeaderElection33: begin an election at term 25 for 0: [7d5bd66d-ed89-401c-bf86-050641c359fd:192.168.157.254:45704, e2e26bef-7a80-470b-89dc-752ae9b76223:192.168.157.254:36344, 7e02033f-e7de-4006-80be-ffeab2e3922a:192.168.157.254:33430], old=null
2019-10-16 21:00:28,910 [grpc-default-executor-5] INFO  impl.RaftServerImpl (RaftServerImpl.java:setRole(184)) - 7d5bd66d-ed89-401c-bf86-050641c359fd@group-B775CB1CFC79: changes role from  FOLLOWER to FOLLOWER at term 25 for recognizeCandidate:7e02033f-e7de-4006-80be-ffeab2e3922a
2019-10-16 21:00:28,910 [grpc-default-executor-4] INFO  impl.RaftServerImpl (RaftServerImpl.java:setRole(184)) - e2e26bef-7a80-470b-89dc-752ae9b76223@group-B775CB1CFC79: changes role from  FOLLOWER to FOLLOWER at term 25 for recognizeCandidate:7e02033f-e7de-4006-80be-ffeab2e3922a
2019-10-16 21:00:28,910 [grpc-default-executor-5] INFO  impl.RoleInfo (RoleInfo.java:shutdownFollowerState(121)) - 7d5bd66d-ed89-401c-bf86-050641c359fd: shutdown FollowerState
2019-10-16 21:00:28,910 [grpc-default-executor-4] INFO  impl.RoleInfo (RoleInfo.java:shutdownFollowerState(121)) - e2e26bef-7a80-470b-89dc-752ae9b76223: shutdown FollowerState
2019-10-16 21:00:28,910 [Thread-748] INFO  impl.FollowerState (FollowerState.java:run(117)) - 7d5bd66d-ed89-401c-bf86-050641c359fd@group-B775CB1CFC79-FollowerState was interrupted: java.lang.InterruptedException: sleep interrupted
2019-10-16 21:00:28,910 [grpc-default-executor-5] INFO  impl.RoleInfo (RoleInfo.java:updateAndGet(143)) - 7d5bd66d-ed89-401c-bf86-050641c359fd: start FollowerState
2019-10-16 21:00:28,910 [Thread-747] INFO  impl.FollowerState (FollowerState.java:run(117)) - e2e26bef-7a80-470b-89dc-752ae9b76223@group-B775CB1CFC79-FollowerState was interrupted: java.lang.InterruptedException: sleep interrupted
2019-10-16 21:00:28,910 [grpc-default-executor-4] INFO  impl.RoleInfo (RoleInfo.java:updateAndGet(143)) - e2e26bef-7a80-470b-89dc-752ae9b76223: start FollowerState
2019-10-16 21:00:28,925 [7e02033f-e7de-4006-80be-ffeab2e3922a@group-B775CB1CFC79-LeaderElection33] INFO  impl.LeaderElection (LeaderElection.java:logAndReturn(56)) - 7e02033f-e7de-4006-80be-ffeab2e3922a@group-B775CB1CFC79-LeaderElection33: Election REJECTED; received 2 response(s) [7e02033f-e7de-4006-80be-ffeab2e3922a<-7d5bd66d-ed89-401c-bf86-050641c359fd#0:FAIL-t25, 7e02033f-e7de-4006-80be-ffeab2e3922a<-e2e26bef-7a80-470b-89dc-752ae9b76223#0:FAIL-t25] and 0 exception(s); 7e02033f-e7de-4006-80be-ffeab2e3922a@group-B775CB1CFC79:t25, leader=null, voted=7e02033f-e7de-4006-80be-ffeab2e3922a, raftlog=7e02033f-e7de-4006-80be-ffeab2e3922a@group-B775CB1CFC79-SegmentedRaftLog:OPENED:c3,f4,i4, conf=0: [7d5bd66d-ed89-401c-bf86-050641c359fd:192.168.157.254:45704, e2e26bef-7a80-470b-89dc-752ae9b76223:192.168.157.254:36344, 7e02033f-e7de-4006-80be-ffeab2e3922a:192.168.157.254:33430], old=null
2019-10-16 21:00:28,925 [7e02033f-e7de-4006-80be-ffeab2e3922a@group-B775CB1CFC79-LeaderElection33] INFO  impl.RaftServerImpl (RaftServerImpl.java:setRole(184)) - 7e02033f-e7de-4006-80be-ffeab2e3922a@group-B775CB1CFC79: changes role from CANDIDATE to FOLLOWER at term 25 for DISCOVERED_A_NEW_TERM
2019-10-16 21:00:28,925 [7e02033f-e7de-4006-80be-ffeab2e3922a@group-B775CB1CFC79-LeaderElection33] INFO  impl.RoleInfo (RoleInfo.java:shutdownLeaderElection(134)) - 7e02033f-e7de-4006-80be-ffeab2e3922a: shutdown LeaderElection
2019-10-16 21:00:28,925 [7e02033f-e7de-4006-80be-ffeab2e3922a@group-B775CB1CFC79-LeaderElection33] INFO  impl.RoleInfo (RoleInfo.java:updateAndGet(143)) - 7e02033f-e7de-4006-80be-ffeab2e3922a: start FollowerState
2019-10-16 21:00:28,945 [Thread-763] INFO  impl.FollowerState (FollowerState.java:run(108)) - 7e02033f-e7de-4006-80be-ffeab2e3922a@group-B775CB1CFC79-FollowerState: change to CANDIDATE, lastRpcTime:19ms, electionTimeout:19ms
2019-10-16 21:00:28,946 [Thread-763] INFO  impl.RoleInfo (RoleInfo.java:shutdownFollowerState(121)) - 7e02033f-e7de-4006-80be-ffeab2e3922a: shutdown FollowerState
2019-10-16 21:00:28,946 [Thread-763] INFO  impl.RaftServerImpl (RaftServerImpl.java:setRole(184)) - 7e02033f-e7de-4006-80be-ffeab2e3922a@group-B775CB1CFC79: changes role from  FOLLOWER to CANDIDATE at term 25 for changeToCandidate
2019-10-16 21:00:28,946 [Thread-763] INFO  impl.RoleInfo (RoleInfo.java:updateAndGet(143)) - 7e02033f-e7de-4006-80be-ffeab2e3922a: start LeaderElection
2019-10-16 21:00:28,959 [7e02033f-e7de-4006-80be-ffeab2e3922a@group-B775CB1CFC79-LeaderElection34] INFO  impl.LeaderElection (LeaderElection.java:askForVotes(178)) - 7e02033f-e7de-4006-80be-ffeab2e3922a@group-B775CB1CFC79-LeaderElection34: begin an election at term 26 for 0: [7d5bd66d-ed89-401c-bf86-050641c359fd:192.168.157.254:45704, e2e26bef-7a80-470b-89dc-752ae9b76223:192.168.157.254:36344, 7e02033f-e7de-4006-80be-ffeab2e3922a:192.168.157.254:33430], old=null
2019-10-16 21:00:28,962 [grpc-default-executor-4] INFO  impl.RaftServerImpl (RaftServerImpl.java:setRole(184)) - e2e26bef-7a80-470b-89dc-752ae9b76223@group-B775CB1CFC79: changes role from  FOLLOWER to FOLLOWER at term 26 for recognizeCandidate:7e02033f-e7de-4006-80be-ffeab2e3922a
2019-10-16 21:00:28,962 [grpc-default-executor-5] INFO  impl.RaftServerImpl (RaftServerImpl.java:setRole(184)) - 7d5bd66d-ed89-401c-bf86-050641c359fd@group-B775CB1CFC79: changes role from  FOLLOWER to FOLLOWER at term 26 for recognizeCandidate:7e02033f-e7de-4006-80be-ffeab2e3922a
2019-10-16 21:00:28,962 [grpc-default-executor-4] INFO  impl.RoleInfo (RoleInfo.java:shutdownFollowerState(121)) - e2e26bef-7a80-470b-89dc-752ae9b76223: shutdown FollowerState
2019-10-16 21:00:28,962 [grpc-default-executor-5] INFO  impl.RoleInfo (RoleInfo.java:shutdownFollowerState(121)) - 7d5bd66d-ed89-401c-bf86-050641c359fd: shutdown FollowerState
2019-10-16 21:00:28,962 [Thread-762] INFO  impl.FollowerState (FollowerState.java:run(117)) - e2e26bef-7a80-470b-89dc-752ae9b76223@group-B775CB1CFC79-FollowerState was interrupted: java.lang.InterruptedException: sleep interrupted
2019-10-16 21:00:28,962 [grpc-default-executor-4] INFO  impl.RoleInfo (RoleInfo.java:updateAndGet(143)) - e2e26bef-7a80-470b-89dc-752ae9b76223: start FollowerState
2019-10-16 21:00:28,963 [grpc-default-executor-5] INFO  impl.RoleInfo (RoleInfo.java:updateAndGet(143)) - 7d5bd66d-ed89-401c-bf86-050641c359fd: start FollowerState
2019-10-16 21:00:28,963 [Thread-761] INFO  impl.FollowerState (FollowerState.java:run(117)) - 7d5bd66d-ed89-401c-bf86-050641c359fd@group-B775CB1CFC79-FollowerState was interrupted: java.lang.InterruptedException: sleep interrupted
2019-10-16 21:00:28,977 [7e02033f-e7de-4006-80be-ffeab2e3922a@group-B775CB1CFC79-LeaderElection34] INFO  impl.LeaderElection (LeaderElection.java:logAndReturn(56)) - 7e02033f-e7de-4006-80be-ffeab2e3922a@group-B775CB1CFC79-LeaderElection34: Election REJECTED; received 2 response(s) [7e02033f-e7de-4006-80be-ffeab2e3922a<-7d5bd66d-ed89-401c-bf86-050641c359fd#0:FAIL-t26, 7e02033f-e7de-4006-80be-ffeab2e3922a<-e2e26bef-7a80-470b-89dc-752ae9b76223#0:FAIL-t26] and 0 exception(s); 7e02033f-e7de-4006-80be-ffeab2e3922a@group-B775CB1CFC79:t26, leader=null, voted=7e02033f-e7de-4006-80be-ffeab2e3922a, raftlog=7e02033f-e7de-4006-80be-ffeab2e3922a@group-B775CB1CFC79-SegmentedRaftLog:OPENED:c3,f4,i4, conf=0: [7d5bd66d-ed89-401c-bf86-050641c359fd:192.168.157.254:45704, e2e26bef-7a80-470b-89dc-752ae9b76223:192.168.157.254:36344, 7e02033f-e7de-4006-80be-ffeab2e3922a:192.168.157.254:33430], old=null
2019-10-16 21:00:28,978 [7e02033f-e7de-4006-80be-ffeab2e3922a@group-B775CB1CFC79-LeaderElection34] INFO  impl.RaftServerImpl (RaftServerImpl.java:setRole(184)) - 7e02033f-e7de-4006-80be-ffeab2e3922a@group-B775CB1CFC79: changes role from CANDIDATE to FOLLOWER at term 26 for DISCOVERED_A_NEW_TERM
2019-10-16 21:00:28,978 [7e02033f-e7de-4006-80be-ffeab2e3922a@group-B775CB1CFC79-LeaderElection34] INFO  impl.RoleInfo (RoleInfo.java:shutdownLeaderElection(134)) - 7e02033f-e7de-4006-80be-ffeab2e3922a: shutdown LeaderElection
2019-10-16 21:00:28,978 [7e02033f-e7de-4006-80be-ffeab2e3922a@group-B775CB1CFC79-LeaderElection34] INFO  impl.RoleInfo (RoleInfo.java:updateAndGet(143)) - 7e02033f-e7de-4006-80be-ffeab2e3922a: start FollowerState
2019-10-16 21:00:29,010 [Thread-755] INFO  impl.FollowerState (FollowerState.java:run(108)) - 7d5bd66d-ed89-401c-bf86-050641c359fd@group-0777CA79DD7E-FollowerState: change to CANDIDATE, lastRpcTime:153ms, electionTimeout:153ms
2019-10-16 21:00:29,014 [Thread-755] INFO  impl.RoleInfo (RoleInfo.java:shutdownFollowerState(121)) - 7d5bd66d-ed89-401c-bf86-050641c359fd: shutdown FollowerState
2019-10-16 21:00:29,014 [Thread-755] INFO  impl.RaftServerImpl (RaftServerImpl.java:setRole(184)) - 7d5bd66d-ed89-401c-bf86-050641c359fd@group-0777CA79DD7E: changes role from  FOLLOWER to CANDIDATE at term 5 for changeToCandidate
2019-10-16 21:00:29,014 [Thread-755] INFO  impl.RoleInfo (RoleInfo.java:updateAndGet(143)) - 7d5bd66d-ed89-401c-bf86-050641c359fd: start LeaderElection
2019-10-16 21:00:29,028 [7d5bd66d-ed89-401c-bf86-050641c359fd@group-0777CA79DD7E-LeaderElection35] INFO  impl.LeaderElection (LeaderElection.java:askForVotes(178)) - 7d5bd66d-ed89-401c-bf86-050641c359fd@group-0777CA79DD7E-LeaderElection35: begin an election at term 6 for -1: [7d5bd66d-ed89-401c-bf86-050641c359fd:192.168.157.254:45704, e2e26bef-7a80-470b-89dc-752ae9b76223:192.168.157.254:36344, 7e02033f-e7de-4006-80be-ffeab2e3922a:192.168.157.254:33430], old=null
2019-10-16 21:00:29,030 [grpc-default-executor-4] INFO  impl.RaftServerImpl (RaftServerImpl.java:setRole(184)) - e2e26bef-7a80-470b-89dc-752ae9b76223@group-0777CA79DD7E: changes role from  FOLLOWER to FOLLOWER at term 6 for recognizeCandidate:7d5bd66d-ed89-401c-bf86-050641c359fd
2019-10-16 21:00:29,030 [grpc-default-executor-5] INFO  impl.RaftServerImpl (RaftServerImpl.java:setRole(184)) - 7e02033f-e7de-4006-80be-ffeab2e3922a@group-0777CA79DD7E: changes role from  FOLLOWER to FOLLOWER at term 6 for recognizeCandidate:7d5bd66d-ed89-401c-bf86-050641c359fd
2019-10-16 21:00:29,030 [grpc-default-executor-4] INFO  impl.RoleInfo (RoleInfo.java:shutdownFollowerState(121)) - e2e26bef-7a80-470b-89dc-752ae9b76223: shutdown FollowerState
2019-10-16 21:00:29,030 [grpc-default-executor-5] INFO  impl.RoleInfo (RoleInfo.java:shutdownFollowerState(121)) - 7e02033f-e7de-4006-80be-ffeab2e3922a: shutdown FollowerState
2019-10-16 21:00:29,031 [Thread-753] INFO  impl.FollowerState (FollowerState.java:run(117)) - e2e26bef-7a80-470b-89dc-752ae9b76223@group-0777CA79DD7E-FollowerState was interrupted: java.lang.InterruptedException: sleep interrupted
2019-10-16 21:00:29,031 [Thread-754] INFO  impl.FollowerState (FollowerState.java:run(117)) - 7e02033f-e7de-4006-80be-ffeab2e3922a@group-0777CA79DD7E-FollowerState was interrupted: java.lang.InterruptedException: sleep interrupted
2019-10-16 21:00:29,031 [grpc-default-executor-4] INFO  impl.RoleInfo (RoleInfo.java:updateAndGet(143)) - e2e26bef-7a80-470b-89dc-752ae9b76223: start FollowerState
2019-10-16 21:00:29,031 [grpc-default-executor-5] INFO  impl.RoleInfo (RoleInfo.java:updateAndGet(143)) - 7e02033f-e7de-4006-80be-ffeab2e3922a: start FollowerState
2019-10-16 21:00:29,045 [7d5bd66d-ed89-401c-bf86-050641c359fd@group-0777CA79DD7E-LeaderElection35] INFO  impl.LeaderElection (LeaderElection.java:logAndReturn(56)) - 7d5bd66d-ed89-401c-bf86-050641c359fd@group-0777CA79DD7E-LeaderElection35: Election REJECTED; received 2 response(s) [7d5bd66d-ed89-401c-bf86-050641c359fd<-e2e26bef-7a80-470b-89dc-752ae9b76223#0:FAIL-t6, 7d5bd66d-ed89-401c-bf86-050641c359fd<-7e02033f-e7de-4006-80be-ffeab2e3922a#0:FAIL-t6] and 0 exception(s); 7d5bd66d-ed89-401c-bf86-050641c359fd@group-0777CA79DD7E:t6, leader=null, voted=7d5bd66d-ed89-401c-bf86-050641c359fd, raftlog=7d5bd66d-ed89-401c-bf86-050641c359fd@group-0777CA79DD7E-SegmentedRaftLog:OPENED:c-1,f-1,i0, conf=-1: [7d5bd66d-ed89-401c-bf86-050641c359fd:192.168.157.254:45704, e2e26bef-7a80-470b-89dc-752ae9b76223:192.168.157.254:36344, 7e02033f-e7de-4006-80be-ffeab2e3922a:192.168.157.254:33430], old=null
2019-10-16 21:00:29,046 [7d5bd66d-ed89-401c-bf86-050641c359fd@group-0777CA79DD7E-LeaderElection35] INFO  impl.RaftServerImpl (RaftServerImpl.java:setRole(184)) - 7d5bd66d-ed89-401c-bf86-050641c359fd@group-0777CA79DD7E: changes role from CANDIDATE to FOLLOWER at term 6 for DISCOVERED_A_NEW_TERM
2019-10-16 21:00:29,046 [7d5bd66d-ed89-401c-bf86-050641c359fd@group-0777CA79DD7E-LeaderElection35] INFO  impl.RoleInfo (RoleInfo.java:shutdownLeaderElection(134)) - 7d5bd66d-ed89-401c-bf86-050641c359fd: shutdown LeaderElection
2019-10-16 21:00:29,046 [7d5bd66d-ed89-401c-bf86-050641c359fd@group-0777CA79DD7E-LeaderElection35] INFO  impl.RoleInfo (RoleInfo.java:updateAndGet(143)) - 7d5bd66d-ed89-401c-bf86-050641c359fd: start FollowerState
2019-10-16 21:00:29,069 [Thread-775] INFO  impl.FollowerState (FollowerState.java:run(108)) - 7d5bd66d-ed89-401c-bf86-050641c359fd@group-0777CA79DD7E-FollowerState: change to CANDIDATE, lastRpcTime:23ms, electionTimeout:23ms
2019-10-16 21:00:29,070 [Thread-775] INFO  impl.RoleInfo (RoleInfo.java:shutdownFollowerState(121)) - 7d5bd66d-ed89-401c-bf86-050641c359fd: shutdown FollowerState
2019-10-16 21:00:29,070 [Thread-775] INFO  impl.RaftServerImpl (RaftServerImpl.java:setRole(184)) - 7d5bd66d-ed89-401c-bf86-050641c359fd@group-0777CA79DD7E: changes role from  FOLLOWER to CANDIDATE at term 6 for changeToCandidate
2019-10-16 21:00:29,070 [Thread-775] INFO  impl.RoleInfo (RoleInfo.java:updateAndGet(143)) - 7d5bd66d-ed89-401c-bf86-050641c359fd: start LeaderElection
2019-10-16 21:00:29,083 [7d5bd66d-ed89-401c-bf86-050641c359fd@group-0777CA79DD7E-LeaderElection36] INFO  impl.LeaderElection (LeaderElection.java:askForVotes(178)) - 7d5bd66d-ed89-401c-bf86-050641c359fd@group-0777CA79DD7E-LeaderElection36: begin an election at term 7 for -1: [7d5bd66d-ed89-401c-bf86-050641c359fd:192.168.157.254:45704, e2e26bef-7a80-470b-89dc-752ae9b76223:192.168.157.254:36344, 7e02033f-e7de-4006-80be-ffeab2e3922a:192.168.157.254:33430], old=null
2019-10-16 21:00:29,086 [grpc-default-executor-5] INFO  impl.RaftServerImpl (RaftServerImpl.java:setRole(184)) - e2e26bef-7a80-470b-89dc-752ae9b76223@group-0777CA79DD7E: changes role from  FOLLOWER to FOLLOWER at term 7 for recognizeCandidate:7d5bd66d-ed89-401c-bf86-050641c359fd
2019-10-16 21:00:29,086 [grpc-default-executor-4] INFO  impl.RaftServerImpl (RaftServerImpl.java:setRole(184)) - 7e02033f-e7de-4006-80be-ffeab2e3922a@group-0777CA79DD7E: changes role from  FOLLOWER to FOLLOWER at term 7 for recognizeCandidate:7d5bd66d-ed89-401c-bf86-050641c359fd
2019-10-16 21:00:29,087 [grpc-default-executor-5] INFO  impl.RoleInfo (RoleInfo.java:shutdownFollowerState(121)) - e2e26bef-7a80-470b-89dc-752ae9b76223: shutdown FollowerState
2019-10-16 21:00:29,087 [grpc-default-executor-4] INFO  impl.RoleInfo (RoleInfo.java:shutdownFollowerState(121)) - 7e02033f-e7de-4006-80be-ffeab2e3922a: shutdown FollowerState
2019-10-16 21:00:29,087 [Thread-773] INFO  impl.FollowerState (FollowerState.java:run(117)) - e2e26bef-7a80-470b-89dc-752ae9b76223@group-0777CA79DD7E-FollowerState was interrupted: java.lang.InterruptedException: sleep interrupted
2019-10-16 21:00:29,087 [grpc-default-executor-5] INFO  impl.RoleInfo (RoleInfo.java:updateAndGet(143)) - e2e26bef-7a80-470b-89dc-752ae9b76223: start FollowerState
2019-10-16 21:00:29,087 [grpc-default-executor-4] INFO  impl.RoleInfo (RoleInfo.java:updateAndGet(143)) - 7e02033f-e7de-4006-80be-ffeab2e3922a: start FollowerState
2019-10-16 21:00:29,087 [Thread-774] INFO  impl.FollowerState (FollowerState.java:run(117)) - 7e02033f-e7de-4006-80be-ffeab2e3922a@group-0777CA79DD7E-FollowerState was interrupted: java.lang.InterruptedException: sleep interrupted
2019-10-16 21:00:29,091 [EventQueue-PendingDeleteStatusForPendingDeleteHandler] INFO  block.SCMBlockDeletingService (SCMBlockDeletingService.java:handlePendingDeletes(115)) - Block deletion txnID mismatch in datanode 7e02033f-e7de-4006-80be-ffeab2e3922a for containerID 1. Datanode delete txnID: 0, SCM txnID: 1
2019-10-16 21:00:29,102 [7d5bd66d-ed89-401c-bf86-050641c359fd@group-0777CA79DD7E-LeaderElection36] INFO  impl.LeaderElection (LeaderElection.java:logAndReturn(56)) - 7d5bd66d-ed89-401c-bf86-050641c359fd@group-0777CA79DD7E-LeaderElection36: Election REJECTED; received 2 response(s) [7d5bd66d-ed89-401c-bf86-050641c359fd<-e2e26bef-7a80-470b-89dc-752ae9b76223#0:FAIL-t7, 7d5bd66d-ed89-401c-bf86-050641c359fd<-7e02033f-e7de-4006-80be-ffeab2e3922a#0:FAIL-t7] and 0 exception(s); 7d5bd66d-ed89-401c-bf86-050641c359fd@group-0777CA79DD7E:t7, leader=null, voted=7d5bd66d-ed89-401c-bf86-050641c359fd, raftlog=7d5bd66d-ed89-401c-bf86-050641c359fd@group-0777CA79DD7E-SegmentedRaftLog:OPENED:c-1,f-1,i0, conf=-1: [7d5bd66d-ed89-401c-bf86-050641c359fd:192.168.157.254:45704, e2e26bef-7a80-470b-89dc-752ae9b76223:192.168.157.254:36344, 7e02033f-e7de-4006-80be-ffeab2e3922a:192.168.157.254:33430], old=null
2019-10-16 21:00:29,102 [7d5bd66d-ed89-401c-bf86-050641c359fd@group-0777CA79DD7E-LeaderElection36] INFO  impl.RaftServerImpl (RaftServerImpl.java:setRole(184)) - 7d5bd66d-ed89-401c-bf86-050641c359fd@group-0777CA79DD7E: changes role from CANDIDATE to FOLLOWER at term 7 for DISCOVERED_A_NEW_TERM
2019-10-16 21:00:29,102 [7d5bd66d-ed89-401c-bf86-050641c359fd@group-0777CA79DD7E-LeaderElection36] INFO  impl.RoleInfo (RoleInfo.java:shutdownLeaderElection(134)) - 7d5bd66d-ed89-401c-bf86-050641c359fd: shutdown LeaderElection
2019-10-16 21:00:29,102 [7d5bd66d-ed89-401c-bf86-050641c359fd@group-0777CA79DD7E-LeaderElection36] INFO  impl.RoleInfo (RoleInfo.java:updateAndGet(143)) - 7d5bd66d-ed89-401c-bf86-050641c359fd: start FollowerState
2019-10-16 21:00:29,109 [Thread-769] INFO  impl.FollowerState (FollowerState.java:run(108)) - 7e02033f-e7de-4006-80be-ffeab2e3922a@group-B775CB1CFC79-FollowerState: change to CANDIDATE, lastRpcTime:131ms, electionTimeout:131ms
2019-10-16 21:00:29,109 [Thread-769] INFO  impl.RoleInfo (RoleInfo.java:shutdownFollowerState(121)) - 7e02033f-e7de-4006-80be-ffeab2e3922a: shutdown FollowerState
2019-10-16 21:00:29,110 [Thread-769] INFO  impl.RaftServerImpl (RaftServerImpl.java:setRole(184)) - 7e02033f-e7de-4006-80be-ffeab2e3922a@group-B775CB1CFC79: changes role from  FOLLOWER to CANDIDATE at term 26 for changeToCandidate
2019-10-16 21:00:29,110 [Thread-769] INFO  impl.RoleInfo (RoleInfo.java:updateAndGet(143)) - 7e02033f-e7de-4006-80be-ffeab2e3922a: start LeaderElection
2019-10-16 21:00:29,124 [7e02033f-e7de-4006-80be-ffeab2e3922a@group-B775CB1CFC79-LeaderElection37] INFO  impl.LeaderElection (LeaderElection.java:askForVotes(178)) - 7e02033f-e7de-4006-80be-ffeab2e3922a@group-B775CB1CFC79-LeaderElection37: begin an election at term 27 for 0: [7d5bd66d-ed89-401c-bf86-050641c359fd:192.168.157.254:45704, e2e26bef-7a80-470b-89dc-752ae9b76223:192.168.157.254:36344, 7e02033f-e7de-4006-80be-ffeab2e3922a:192.168.157.254:33430], old=null
2019-10-16 21:00:29,126 [grpc-default-executor-4] INFO  impl.RaftServerImpl (RaftServerImpl.java:setRole(184)) - e2e26bef-7a80-470b-89dc-752ae9b76223@group-B775CB1CFC79: changes role from  FOLLOWER to FOLLOWER at term 27 for recognizeCandidate:7e02033f-e7de-4006-80be-ffeab2e3922a
2019-10-16 21:00:29,126 [grpc-default-executor-5] INFO  impl.RaftServerImpl (RaftServerImpl.java:setRole(184)) - 7d5bd66d-ed89-401c-bf86-050641c359fd@group-B775CB1CFC79: changes role from  FOLLOWER to FOLLOWER at term 27 for recognizeCandidate:7e02033f-e7de-4006-80be-ffeab2e3922a
2019-10-16 21:00:29,126 [grpc-default-executor-4] INFO  impl.RoleInfo (RoleInfo.java:shutdownFollowerState(121)) - e2e26bef-7a80-470b-89dc-752ae9b76223: shutdown FollowerState
2019-10-16 21:00:29,126 [grpc-default-executor-5] INFO  impl.RoleInfo (RoleInfo.java:shutdownFollowerState(121)) - 7d5bd66d-ed89-401c-bf86-050641c359fd: shutdown FollowerState
2019-10-16 21:00:29,126 [Thread-767] INFO  impl.FollowerState (FollowerState.java:run(117)) - e2e26bef-7a80-470b-89dc-752ae9b76223@group-B775CB1CFC79-FollowerState was interrupted: java.lang.InterruptedException: sleep interrupted
2019-10-16 21:00:29,126 [grpc-default-executor-4] INFO  impl.RoleInfo (RoleInfo.java:updateAndGet(143)) - e2e26bef-7a80-470b-89dc-752ae9b76223: start FollowerState
2019-10-16 21:00:29,126 [Thread-768] INFO  impl.FollowerState (FollowerState.java:run(117)) - 7d5bd66d-ed89-401c-bf86-050641c359fd@group-B775CB1CFC79-FollowerState was interrupted: java.lang.InterruptedException: sleep interrupted
2019-10-16 21:00:29,126 [grpc-default-executor-5] INFO  impl.RoleInfo (RoleInfo.java:updateAndGet(143)) - 7d5bd66d-ed89-401c-bf86-050641c359fd: start FollowerState
2019-10-16 21:00:29,129 [7e02033f-e7de-4006-80be-ffeab2e3922a@group-B775CB1CFC79-LeaderElection37] INFO  impl.LeaderElection (LeaderElection.java:logAndReturn(56)) - 7e02033f-e7de-4006-80be-ffeab2e3922a@group-B775CB1CFC79-LeaderElection37: Election TIMEOUT; received 0 response(s) [] and 0 exception(s); 7e02033f-e7de-4006-80be-ffeab2e3922a@group-B775CB1CFC79:t27, leader=null, voted=7e02033f-e7de-4006-80be-ffeab2e3922a, raftlog=7e02033f-e7de-4006-80be-ffeab2e3922a@group-B775CB1CFC79-SegmentedRaftLog:OPENED:c3,f4,i4, conf=0: [7d5bd66d-ed89-401c-bf86-050641c359fd:192.168.157.254:45704, e2e26bef-7a80-470b-89dc-752ae9b76223:192.168.157.254:36344, 7e02033f-e7de-4006-80be-ffeab2e3922a:192.168.157.254:33430], old=null
2019-10-16 21:00:29,139 [Thread-782] INFO  impl.FollowerState (FollowerState.java:run(108)) - 7d5bd66d-ed89-401c-bf86-050641c359fd@group-0777CA79DD7E-FollowerState: change to CANDIDATE, lastRpcTime:37ms, electionTimeout:37ms
2019-10-16 21:00:29,139 [Thread-782] INFO  impl.RoleInfo (RoleInfo.java:shutdownFollowerState(121)) - 7d5bd66d-ed89-401c-bf86-050641c359fd: shutdown FollowerState
2019-10-16 21:00:29,139 [Thread-782] INFO  impl.RaftServerImpl (RaftServerImpl.java:setRole(184)) - 7d5bd66d-ed89-401c-bf86-050641c359fd@group-0777CA79DD7E: changes role from  FOLLOWER to CANDIDATE at term 7 for changeToCandidate
2019-10-16 21:00:29,139 [Thread-782] INFO  impl.RoleInfo (RoleInfo.java:updateAndGet(143)) - 7d5bd66d-ed89-401c-bf86-050641c359fd: start LeaderElection
2019-10-16 21:00:29,140 [7e02033f-e7de-4006-80be-ffeab2e3922a@group-B775CB1CFC79-LeaderElection37] INFO  impl.LeaderElection (LeaderElection.java:askForVotes(178)) - 7e02033f-e7de-4006-80be-ffeab2e3922a@group-B775CB1CFC79-LeaderElection37: begin an election at term 28 for 0: [7d5bd66d-ed89-401c-bf86-050641c359fd:192.168.157.254:45704, e2e26bef-7a80-470b-89dc-752ae9b76223:192.168.157.254:36344, 7e02033f-e7de-4006-80be-ffeab2e3922a:192.168.157.254:33430], old=null
2019-10-16 21:00:29,141 [grpc-default-executor-5] INFO  impl.RaftServerImpl (RaftServerImpl.java:setRole(184)) - e2e26bef-7a80-470b-89dc-752ae9b76223@group-B775CB1CFC79: changes role from  FOLLOWER to FOLLOWER at term 28 for recognizeCandidate:7e02033f-e7de-4006-80be-ffeab2e3922a
2019-10-16 21:00:29,141 [grpc-default-executor-4] INFO  impl.RaftServerImpl (RaftServerImpl.java:setRole(184)) - 7d5bd66d-ed89-401c-bf86-050641c359fd@group-B775CB1CFC79: changes role from  FOLLOWER to FOLLOWER at term 28 for recognizeCandidate:7e02033f-e7de-4006-80be-ffeab2e3922a
2019-10-16 21:00:29,141 [grpc-default-executor-5] INFO  impl.RoleInfo (RoleInfo.java:shutdownFollowerState(121)) - e2e26bef-7a80-470b-89dc-752ae9b76223: shutdown FollowerState
2019-10-16 21:00:29,142 [grpc-default-executor-4] INFO  impl.RoleInfo (RoleInfo.java:shutdownFollowerState(121)) - 7d5bd66d-ed89-401c-bf86-050641c359fd: shutdown FollowerState
2019-10-16 21:00:29,142 [Thread-786] INFO  impl.FollowerState (FollowerState.java:run(117)) - e2e26bef-7a80-470b-89dc-752ae9b76223@group-B775CB1CFC79-FollowerState was interrupted: java.lang.InterruptedException: sleep interrupted
2019-10-16 21:00:29,142 [grpc-default-executor-5] INFO  impl.RoleInfo (RoleInfo.java:updateAndGet(143)) - e2e26bef-7a80-470b-89dc-752ae9b76223: start FollowerState
2019-10-16 21:00:29,142 [Thread-787] INFO  impl.FollowerState (FollowerState.java:run(117)) - 7d5bd66d-ed89-401c-bf86-050641c359fd@group-B775CB1CFC79-FollowerState was interrupted: java.lang.InterruptedException: sleep interrupted
2019-10-16 21:00:29,142 [grpc-default-executor-4] INFO  impl.RoleInfo (RoleInfo.java:updateAndGet(143)) - 7d5bd66d-ed89-401c-bf86-050641c359fd: start FollowerState
2019-10-16 21:00:29,143 [7d5bd66d-ed89-401c-bf86-050641c359fd@group-0777CA79DD7E-LeaderElection38] INFO  impl.LeaderElection (LeaderElection.java:askForVotes(178)) - 7d5bd66d-ed89-401c-bf86-050641c359fd@group-0777CA79DD7E-LeaderElection38: begin an election at term 8 for -1: [7d5bd66d-ed89-401c-bf86-050641c359fd:192.168.157.254:45704, e2e26bef-7a80-470b-89dc-752ae9b76223:192.168.157.254:36344, 7e02033f-e7de-4006-80be-ffeab2e3922a:192.168.157.254:33430], old=null
2019-10-16 21:00:29,144 [grpc-default-executor-0] INFO  impl.RaftServerImpl (RaftServerImpl.java:setRole(184)) - e2e26bef-7a80-470b-89dc-752ae9b76223@group-0777CA79DD7E: changes role from  FOLLOWER to FOLLOWER at term 8 for recognizeCandidate:7d5bd66d-ed89-401c-bf86-050641c359fd
2019-10-16 21:00:29,144 [grpc-default-executor-0] INFO  impl.RoleInfo (RoleInfo.java:shutdownFollowerState(121)) - e2e26bef-7a80-470b-89dc-752ae9b76223: shutdown FollowerState
2019-10-16 21:00:29,144 [grpc-default-executor-2] INFO  impl.RaftServerImpl (RaftServerImpl.java:setRole(184)) - 7e02033f-e7de-4006-80be-ffeab2e3922a@group-0777CA79DD7E: changes role from  FOLLOWER to FOLLOWER at term 8 for recognizeCandidate:7d5bd66d-ed89-401c-bf86-050641c359fd
2019-10-16 21:00:29,144 [grpc-default-executor-0] INFO  impl.RoleInfo (RoleInfo.java:updateAndGet(143)) - e2e26bef-7a80-470b-89dc-752ae9b76223: start FollowerState
2019-10-16 21:00:29,144 [Thread-780] INFO  impl.FollowerState (FollowerState.java:run(117)) - e2e26bef-7a80-470b-89dc-752ae9b76223@group-0777CA79DD7E-FollowerState was interrupted: java.lang.InterruptedException: sleep interrupted
2019-10-16 21:00:29,144 [grpc-default-executor-2] INFO  impl.RoleInfo (RoleInfo.java:shutdownFollowerState(121)) - 7e02033f-e7de-4006-80be-ffeab2e3922a: shutdown FollowerState
2019-10-16 21:00:29,145 [grpc-default-executor-2] INFO  impl.RoleInfo (RoleInfo.java:updateAndGet(143)) - 7e02033f-e7de-4006-80be-ffeab2e3922a: start FollowerState
2019-10-16 21:00:29,145 [Thread-781] INFO  impl.FollowerState (FollowerState.java:run(117)) - 7e02033f-e7de-4006-80be-ffeab2e3922a@group-0777CA79DD7E-FollowerState was interrupted: java.lang.InterruptedException: sleep interrupted
2019-10-16 21:00:29,146 [7e02033f-e7de-4006-80be-ffeab2e3922a@group-B775CB1CFC79-LeaderElection37] INFO  impl.LeaderElection (LeaderElection.java:logAndReturn(56)) - 7e02033f-e7de-4006-80be-ffeab2e3922a@group-B775CB1CFC79-LeaderElection37: Election REJECTED; received 2 response(s) [7e02033f-e7de-4006-80be-ffeab2e3922a<-7d5bd66d-ed89-401c-bf86-050641c359fd#0:FAIL-t28, 7e02033f-e7de-4006-80be-ffeab2e3922a<-e2e26bef-7a80-470b-89dc-752ae9b76223#0:FAIL-t28] and 0 exception(s); 7e02033f-e7de-4006-80be-ffeab2e3922a@group-B775CB1CFC79:t28, leader=null, voted=7e02033f-e7de-4006-80be-ffeab2e3922a, raftlog=7e02033f-e7de-4006-80be-ffeab2e3922a@group-B775CB1CFC79-SegmentedRaftLog:OPENED:c3,f4,i4, conf=0: [7d5bd66d-ed89-401c-bf86-050641c359fd:192.168.157.254:45704, e2e26bef-7a80-470b-89dc-752ae9b76223:192.168.157.254:36344, 7e02033f-e7de-4006-80be-ffeab2e3922a:192.168.157.254:33430], old=null
2019-10-16 21:00:29,146 [7e02033f-e7de-4006-80be-ffeab2e3922a@group-B775CB1CFC79-LeaderElection37] INFO  impl.RaftServerImpl (RaftServerImpl.java:setRole(184)) - 7e02033f-e7de-4006-80be-ffeab2e3922a@group-B775CB1CFC79: changes role from CANDIDATE to FOLLOWER at term 28 for DISCOVERED_A_NEW_TERM
2019-10-16 21:00:29,146 [7e02033f-e7de-4006-80be-ffeab2e3922a@group-B775CB1CFC79-LeaderElection37] INFO  impl.RoleInfo (RoleInfo.java:shutdownLeaderElection(134)) - 7e02033f-e7de-4006-80be-ffeab2e3922a: shutdown LeaderElection
2019-10-16 21:00:29,146 [7e02033f-e7de-4006-80be-ffeab2e3922a@group-B775CB1CFC79-LeaderElection37] INFO  impl.RoleInfo (RoleInfo.java:updateAndGet(143)) - 7e02033f-e7de-4006-80be-ffeab2e3922a: start FollowerState
2019-10-16 21:00:29,149 [7d5bd66d-ed89-401c-bf86-050641c359fd@group-0777CA79DD7E-LeaderElection38] INFO  impl.LeaderElection (LeaderElection.java:logAndReturn(56)) - 7d5bd66d-ed89-401c-bf86-050641c359fd@group-0777CA79DD7E-LeaderElection38: Election REJECTED; received 2 response(s) [7d5bd66d-ed89-401c-bf86-050641c359fd<-e2e26bef-7a80-470b-89dc-752ae9b76223#0:FAIL-t8, 7d5bd66d-ed89-401c-bf86-050641c359fd<-7e02033f-e7de-4006-80be-ffeab2e3922a#0:FAIL-t8] and 0 exception(s); 7d5bd66d-ed89-401c-bf86-050641c359fd@group-0777CA79DD7E:t8, leader=null, voted=7d5bd66d-ed89-401c-bf86-050641c359fd, raftlog=7d5bd66d-ed89-401c-bf86-050641c359fd@group-0777CA79DD7E-SegmentedRaftLog:OPENED:c-1,f-1,i0, conf=-1: [7d5bd66d-ed89-401c-bf86-050641c359fd:192.168.157.254:45704, e2e26bef-7a80-470b-89dc-752ae9b76223:192.168.157.254:36344, 7e02033f-e7de-4006-80be-ffeab2e3922a:192.168.157.254:33430], old=null
2019-10-16 21:00:29,149 [7d5bd66d-ed89-401c-bf86-050641c359fd@group-0777CA79DD7E-LeaderElection38] INFO  impl.RaftServerImpl (RaftServerImpl.java:setRole(184)) - 7d5bd66d-ed89-401c-bf86-050641c359fd@group-0777CA79DD7E: changes role from CANDIDATE to FOLLOWER at term 8 for DISCOVERED_A_NEW_TERM
2019-10-16 21:00:29,149 [7d5bd66d-ed89-401c-bf86-050641c359fd@group-0777CA79DD7E-LeaderElection38] INFO  impl.RoleInfo (RoleInfo.java:shutdownLeaderElection(134)) - 7d5bd66d-ed89-401c-bf86-050641c359fd: shutdown LeaderElection
2019-10-16 21:00:29,149 [7d5bd66d-ed89-401c-bf86-050641c359fd@group-0777CA79DD7E-LeaderElection38] INFO  impl.RoleInfo (RoleInfo.java:updateAndGet(143)) - 7d5bd66d-ed89-401c-bf86-050641c359fd: start FollowerState
2019-10-16 21:00:29,157 [Thread-798] INFO  impl.FollowerState (FollowerState.java:run(108)) - 7d5bd66d-ed89-401c-bf86-050641c359fd@group-0777CA79DD7E-FollowerState: change to CANDIDATE, lastRpcTime:8ms, electionTimeout:8ms
2019-10-16 21:00:29,157 [Thread-798] INFO  impl.RoleInfo (RoleInfo.java:shutdownFollowerState(121)) - 7d5bd66d-ed89-401c-bf86-050641c359fd: shutdown FollowerState
2019-10-16 21:00:29,157 [Thread-798] INFO  impl.RaftServerImpl (RaftServerImpl.java:setRole(184)) - 7d5bd66d-ed89-401c-bf86-050641c359fd@group-0777CA79DD7E: changes role from  FOLLOWER to CANDIDATE at term 8 for changeToCandidate
2019-10-16 21:00:29,157 [Thread-798] INFO  impl.RoleInfo (RoleInfo.java:updateAndGet(143)) - 7d5bd66d-ed89-401c-bf86-050641c359fd: start LeaderElection
2019-10-16 21:00:29,181 [7d5bd66d-ed89-401c-bf86-050641c359fd@group-0777CA79DD7E-LeaderElection39] INFO  impl.LeaderElection (LeaderElection.java:askForVotes(178)) - 7d5bd66d-ed89-401c-bf86-050641c359fd@group-0777CA79DD7E-LeaderElection39: begin an election at term 9 for -1: [7d5bd66d-ed89-401c-bf86-050641c359fd:192.168.157.254:45704, e2e26bef-7a80-470b-89dc-752ae9b76223:192.168.157.254:36344, 7e02033f-e7de-4006-80be-ffeab2e3922a:192.168.157.254:33430], old=null
2019-10-16 21:00:29,183 [grpc-default-executor-2] INFO  impl.RaftServerImpl (RaftServerImpl.java:setRole(184)) - 7e02033f-e7de-4006-80be-ffeab2e3922a@group-0777CA79DD7E: changes role from  FOLLOWER to FOLLOWER at term 9 for recognizeCandidate:7d5bd66d-ed89-401c-bf86-050641c359fd
2019-10-16 21:00:29,183 [grpc-default-executor-0] INFO  impl.RaftServerImpl (RaftServerImpl.java:setRole(184)) - e2e26bef-7a80-470b-89dc-752ae9b76223@group-0777CA79DD7E: changes role from  FOLLOWER to FOLLOWER at term 9 for recognizeCandidate:7d5bd66d-ed89-401c-bf86-050641c359fd
2019-10-16 21:00:29,183 [grpc-default-executor-2] INFO  impl.RoleInfo (RoleInfo.java:shutdownFollowerState(121)) - 7e02033f-e7de-4006-80be-ffeab2e3922a: shutdown FollowerState
2019-10-16 21:00:29,183 [grpc-default-executor-0] INFO  impl.RoleInfo (RoleInfo.java:shutdownFollowerState(121)) - e2e26bef-7a80-470b-89dc-752ae9b76223: shutdown FollowerState
2019-10-16 21:00:29,184 [Thread-796] INFO  impl.FollowerState (FollowerState.java:run(117)) - 7e02033f-e7de-4006-80be-ffeab2e3922a@group-0777CA79DD7E-FollowerState was interrupted: java.lang.InterruptedException: sleep interrupted
2019-10-16 21:00:29,184 [grpc-default-executor-2] INFO  impl.RoleInfo (RoleInfo.java:updateAndGet(143)) - 7e02033f-e7de-4006-80be-ffeab2e3922a: start FollowerState
2019-10-16 21:00:29,184 [Thread-795] INFO  impl.FollowerState (FollowerState.java:run(117)) - e2e26bef-7a80-470b-89dc-752ae9b76223@group-0777CA79DD7E-FollowerState was interrupted: java.lang.InterruptedException: sleep interrupted
2019-10-16 21:00:29,184 [grpc-default-executor-0] INFO  impl.RoleInfo (RoleInfo.java:updateAndGet(143)) - e2e26bef-7a80-470b-89dc-752ae9b76223: start FollowerState
2019-10-16 21:00:29,199 [7d5bd66d-ed89-401c-bf86-050641c359fd@group-0777CA79DD7E-LeaderElection39] INFO  impl.LeaderElection (LeaderElection.java:logAndReturn(56)) - 7d5bd66d-ed89-401c-bf86-050641c359fd@group-0777CA79DD7E-LeaderElection39: Election REJECTED; received 2 response(s) [7d5bd66d-ed89-401c-bf86-050641c359fd<-e2e26bef-7a80-470b-89dc-752ae9b76223#0:FAIL-t9, 7d5bd66d-ed89-401c-bf86-050641c359fd<-7e02033f-e7de-4006-80be-ffeab2e3922a#0:FAIL-t9] and 0 exception(s); 7d5bd66d-ed89-401c-bf86-050641c359fd@group-0777CA79DD7E:t9, leader=null, voted=7d5bd66d-ed89-401c-bf86-050641c359fd, raftlog=7d5bd66d-ed89-401c-bf86-050641c359fd@group-0777CA79DD7E-SegmentedRaftLog:OPENED:c-1,f-1,i0, conf=-1: [7d5bd66d-ed89-401c-bf86-050641c359fd:192.168.157.254:45704, e2e26bef-7a80-470b-89dc-752ae9b76223:192.168.157.254:36344, 7e02033f-e7de-4006-80be-ffeab2e3922a:192.168.157.254:33430], old=null
2019-10-16 21:00:29,199 [7d5bd66d-ed89-401c-bf86-050641c359fd@group-0777CA79DD7E-LeaderElection39] INFO  impl.RaftServerImpl (RaftServerImpl.java:setRole(184)) - 7d5bd66d-ed89-401c-bf86-050641c359fd@group-0777CA79DD7E: changes role from CANDIDATE to FOLLOWER at term 9 for DISCOVERED_A_NEW_TERM
2019-10-16 21:00:29,199 [7d5bd66d-ed89-401c-bf86-050641c359fd@group-0777CA79DD7E-LeaderElection39] INFO  impl.RoleInfo (RoleInfo.java:shutdownLeaderElection(134)) - 7d5bd66d-ed89-401c-bf86-050641c359fd: shutdown LeaderElection
2019-10-16 21:00:29,199 [7d5bd66d-ed89-401c-bf86-050641c359fd@group-0777CA79DD7E-LeaderElection39] INFO  impl.RoleInfo (RoleInfo.java:updateAndGet(143)) - 7d5bd66d-ed89-401c-bf86-050641c359fd: start FollowerState
2019-10-16 21:00:29,238 [Command processor thread] INFO  commandhandler.DeleteBlocksCommandHandler (DeleteBlocksCommandHandler.java:handle(106)) - Start to delete container blocks, TXIDs=[1(0)], numOfContainers=1, numOfBlocks=1
2019-10-16 21:00:29,239 [Command processor thread] INFO  commandhandler.DeleteBlocksCommandHandler (DeleteBlocksCommandHandler.java:handle(106)) - Start to delete container blocks, TXIDs=[1(2)], numOfContainers=1, numOfBlocks=1
2019-10-16 21:00:29,239 [Command processor thread] INFO  commandhandler.DeleteBlocksCommandHandler (DeleteBlocksCommandHandler.java:handle(106)) - Start to delete container blocks, TXIDs=[1(0)], numOfContainers=1, numOfBlocks=1
2019-10-16 21:00:29,240 [Command processor thread] INFO  commandhandler.DeleteBlocksCommandHandler (DeleteBlocksCommandHandler.java:handle(106)) - Start to delete container blocks, TXIDs=[1(2)], numOfContainers=1, numOfBlocks=1
2019-10-16 21:00:29,240 [Thread-797] INFO  impl.FollowerState (FollowerState.java:run(108)) - 7e02033f-e7de-4006-80be-ffeab2e3922a@group-B775CB1CFC79-FollowerState: change to CANDIDATE, lastRpcTime:93ms, electionTimeout:93ms
2019-10-16 21:00:29,240 [Command processor thread] INFO  commandhandler.DeleteBlocksCommandHandler (DeleteBlocksCommandHandler.java:handle(106)) - Start to delete container blocks, TXIDs=[1(2)], numOfContainers=1, numOfBlocks=1
2019-10-16 21:00:29,240 [Thread-797] INFO  impl.RoleInfo (RoleInfo.java:shutdownFollowerState(121)) - 7e02033f-e7de-4006-80be-ffeab2e3922a: shutdown FollowerState
2019-10-16 21:00:29,240 [Thread-797] INFO  impl.RaftServerImpl (RaftServerImpl.java:setRole(184)) - 7e02033f-e7de-4006-80be-ffeab2e3922a@group-B775CB1CFC79: changes role from  FOLLOWER to CANDIDATE at term 28 for changeToCandidate
2019-10-16 21:00:29,240 [Command processor thread] INFO  commandhandler.DeleteBlocksCommandHandler (DeleteBlocksCommandHandler.java:handle(106)) - Start to delete container blocks, TXIDs=[1(0)], numOfContainers=1, numOfBlocks=1
2019-10-16 21:00:29,240 [Thread-797] INFO  impl.RoleInfo (RoleInfo.java:updateAndGet(143)) - 7e02033f-e7de-4006-80be-ffeab2e3922a: start LeaderElection
2019-10-16 21:00:29,240 [Command processor thread] INFO  commandhandler.DeleteBlocksCommandHandler (DeleteBlocksCommandHandler.java:handle(106)) - Start to delete container blocks, TXIDs=[1(2)], numOfContainers=1, numOfBlocks=1
2019-10-16 21:00:29,241 [Command processor thread] INFO  commandhandler.DeleteBlocksCommandHandler (DeleteBlocksCommandHandler.java:handle(106)) - Start to delete container blocks, TXIDs=[1(2)], numOfContainers=1, numOfBlocks=1
2019-10-16 21:00:29,241 [Command processor thread] INFO  commandhandler.DeleteBlocksCommandHandler (DeleteBlocksCommandHandler.java:handle(106)) - Start to delete container blocks, TXIDs=[1(2)], numOfContainers=1, numOfBlocks=1
2019-10-16 21:00:29,241 [Command processor thread] INFO  commandhandler.DeleteBlocksCommandHandler (DeleteBlocksCommandHandler.java:handle(106)) - Start to delete container blocks, TXIDs=[1(0)], numOfContainers=1, numOfBlocks=1
2019-10-16 21:00:29,242 [Command processor thread] INFO  commandhandler.DeleteBlocksCommandHandler (DeleteBlocksCommandHandler.java:handle(106)) - Start to delete container blocks, TXIDs=[1(2)], numOfContainers=1, numOfBlocks=1
2019-10-16 21:00:29,242 [Command processor thread] INFO  commandhandler.DeleteBlocksCommandHandler (DeleteBlocksCommandHandler.java:handle(106)) - Start to delete container blocks, TXIDs=[1(2)], numOfContainers=1, numOfBlocks=1
2019-10-16 21:00:29,242 [Command processor thread] INFO  commandhandler.DeleteBlocksCommandHandler (DeleteBlocksCommandHandler.java:handle(106)) - Start to delete container blocks, TXIDs=[1(2)], numOfContainers=1, numOfBlocks=1
2019-10-16 21:00:29,242 [Command processor thread] INFO  commandhandler.DeleteBlocksCommandHandler (DeleteBlocksCommandHandler.java:handle(106)) - Start to delete container blocks, TXIDs=[1(2)], numOfContainers=1, numOfBlocks=1
2019-10-16 21:00:29,243 [Command processor thread] INFO  commandhandler.DeleteBlocksCommandHandler (DeleteBlocksCommandHandler.java:handle(106)) - Start to delete container blocks, TXIDs=[1(0)], numOfContainers=1, numOfBlocks=1
2019-10-16 21:00:29,243 [Command processor thread] INFO  commandhandler.DeleteBlocksCommandHandler (DeleteBlocksCommandHandler.java:handle(106)) - Start to delete container blocks, TXIDs=[1(17)], numOfContainers=1, numOfBlocks=1
2019-10-16 21:00:29,243 [Command processor thread] INFO  commandhandler.DeleteBlocksCommandHandler (DeleteBlocksCommandHandler.java:handle(106)) - Start to delete container blocks, TXIDs=[1(2)], numOfContainers=1, numOfBlocks=1
2019-10-16 21:00:29,243 [Command processor thread] INFO  commandhandler.DeleteBlocksCommandHandler (DeleteBlocksCommandHandler.java:handle(106)) - Start to delete container blocks, TXIDs=[1(2)], numOfContainers=1, numOfBlocks=1
2019-10-16 21:00:29,244 [Command processor thread] INFO  commandhandler.DeleteBlocksCommandHandler (DeleteBlocksCommandHandler.java:handle(106)) - Start to delete container blocks, TXIDs=[1(2)], numOfContainers=1, numOfBlocks=1
2019-10-16 21:00:29,244 [Command processor thread] INFO  commandhandler.DeleteBlocksCommandHandler (DeleteBlocksCommandHandler.java:handle(106)) - Start to delete container blocks, TXIDs=[1(2)], numOfContainers=1, numOfBlocks=1
2019-10-16 21:00:29,244 [Command processor thread] INFO  commandhandler.DeleteBlocksCommandHandler (DeleteBlocksCommandHandler.java:handle(106)) - Start to delete container blocks, TXIDs=[1(0)], numOfContainers=1, numOfBlocks=1
2019-10-16 21:00:29,254 [7e02033f-e7de-4006-80be-ffeab2e3922a@group-B775CB1CFC79-LeaderElection40] INFO  impl.LeaderElection (LeaderElection.java:askForVotes(178)) - 7e02033f-e7de-4006-80be-ffeab2e3922a@group-B775CB1CFC79-LeaderElection40: begin an election at term 29 for 0: [7d5bd66d-ed89-401c-bf86-050641c359fd:192.168.157.254:45704, e2e26bef-7a80-470b-89dc-752ae9b76223:192.168.157.254:36344, 7e02033f-e7de-4006-80be-ffeab2e3922a:192.168.157.254:33430], old=null
2019-10-16 21:00:29,257 [grpc-default-executor-2] INFO  impl.RaftServerImpl (RaftServerImpl.java:setRole(184)) - e2e26bef-7a80-470b-89dc-752ae9b76223@group-B775CB1CFC79: changes role from  FOLLOWER to FOLLOWER at term 29 for recognizeCandidate:7e02033f-e7de-4006-80be-ffeab2e3922a
2019-10-16 21:00:29,257 [grpc-default-executor-0] INFO  impl.RaftServerImpl (RaftServerImpl.java:setRole(184)) - 7d5bd66d-ed89-401c-bf86-050641c359fd@group-B775CB1CFC79: changes role from  FOLLOWER to FOLLOWER at term 29 for recognizeCandidate:7e02033f-e7de-4006-80be-ffeab2e3922a
2019-10-16 21:00:29,257 [grpc-default-executor-2] INFO  impl.RoleInfo (RoleInfo.java:shutdownFollowerState(121)) - e2e26bef-7a80-470b-89dc-752ae9b76223: shutdown FollowerState
2019-10-16 21:00:29,257 [grpc-default-executor-0] INFO  impl.RoleInfo (RoleInfo.java:shutdownFollowerState(121)) - 7d5bd66d-ed89-401c-bf86-050641c359fd: shutdown FollowerState
2019-10-16 21:00:29,257 [Thread-791] INFO  impl.FollowerState (FollowerState.java:run(117)) - e2e26bef-7a80-470b-89dc-752ae9b76223@group-B775CB1CFC79-FollowerState was interrupted: java.lang.InterruptedException: sleep interrupted
2019-10-16 21:00:29,257 [grpc-default-executor-2] INFO  impl.RoleInfo (RoleInfo.java:updateAndGet(143)) - e2e26bef-7a80-470b-89dc-752ae9b76223: start FollowerState
2019-10-16 21:00:29,257 [grpc-default-executor-0] INFO  impl.RoleInfo (RoleInfo.java:updateAndGet(143)) - 7d5bd66d-ed89-401c-bf86-050641c359fd: start FollowerState
2019-10-16 21:00:29,257 [Thread-792] INFO  impl.FollowerState (FollowerState.java:run(117)) - 7d5bd66d-ed89-401c-bf86-050641c359fd@group-B775CB1CFC79-FollowerState was interrupted: java.lang.InterruptedException: sleep interrupted
2019-10-16 21:00:29,263 [Thread-811] INFO  client.GrpcClientProtocolService (GrpcClientProtocolService.java:lambda$processClientRequest$0(278)) - Failed RaftClientRequest:client-BDDAE6707277->7d5bd66d-ed89-401c-bf86-050641c359fd@group-B775CB1CFC79, cid=10, seq=0, Watch-ALL_COMMITTED(6), Message:<EMPTY>, reply=RaftClientReply:client-BDDAE6707277->7d5bd66d-ed89-401c-bf86-050641c359fd@group-B775CB1CFC79, cid=10, FAILED org.apache.ratis.protocol.NotLeaderException: Server 7d5bd66d-ed89-401c-bf86-050641c359fd@group-B775CB1CFC79 is not the leader, logIndex=0, commits[7d5bd66d-ed89-401c-bf86-050641c359fd:c10, e2e26bef-7a80-470b-89dc-752ae9b76223:c10, 7e02033f-e7de-4006-80be-ffeab2e3922a:c4]
2019-10-16 21:00:29,272 [7e02033f-e7de-4006-80be-ffeab2e3922a@group-B775CB1CFC79-LeaderElection40] INFO  impl.LeaderElection (LeaderElection.java:logAndReturn(56)) - 7e02033f-e7de-4006-80be-ffeab2e3922a@group-B775CB1CFC79-LeaderElection40: Election REJECTED; received 2 response(s) [7e02033f-e7de-4006-80be-ffeab2e3922a<-7d5bd66d-ed89-401c-bf86-050641c359fd#0:FAIL-t29, 7e02033f-e7de-4006-80be-ffeab2e3922a<-e2e26bef-7a80-470b-89dc-752ae9b76223#0:FAIL-t29] and 0 exception(s); 7e02033f-e7de-4006-80be-ffeab2e3922a@group-B775CB1CFC79:t29, leader=null, voted=7e02033f-e7de-4006-80be-ffeab2e3922a, raftlog=7e02033f-e7de-4006-80be-ffeab2e3922a@group-B775CB1CFC79-SegmentedRaftLog:OPENED:c3,f4,i4, conf=0: [7d5bd66d-ed89-401c-bf86-050641c359fd:192.168.157.254:45704, e2e26bef-7a80-470b-89dc-752ae9b76223:192.168.157.254:36344, 7e02033f-e7de-4006-80be-ffeab2e3922a:192.168.157.254:33430], old=null
2019-10-16 21:00:29,272 [7e02033f-e7de-4006-80be-ffeab2e3922a@group-B775CB1CFC79-LeaderElection40] INFO  impl.RaftServerImpl (RaftServerImpl.java:setRole(184)) - 7e02033f-e7de-4006-80be-ffeab2e3922a@group-B775CB1CFC79: changes role from CANDIDATE to FOLLOWER at term 29 for DISCOVERED_A_NEW_TERM
2019-10-16 21:00:29,272 [7e02033f-e7de-4006-80be-ffeab2e3922a@group-B775CB1CFC79-LeaderElection40] INFO  impl.RoleInfo (RoleInfo.java:shutdownLeaderElection(134)) - 7e02033f-e7de-4006-80be-ffeab2e3922a: shutdown LeaderElection
2019-10-16 21:00:29,272 [7e02033f-e7de-4006-80be-ffeab2e3922a@group-B775CB1CFC79-LeaderElection40] INFO  impl.RoleInfo (RoleInfo.java:updateAndGet(143)) - 7e02033f-e7de-4006-80be-ffeab2e3922a: start FollowerState
2019-10-16 21:00:29,284 [Thread-813] INFO  impl.FollowerState (FollowerState.java:run(108)) - 7e02033f-e7de-4006-80be-ffeab2e3922a@group-B775CB1CFC79-FollowerState: change to CANDIDATE, lastRpcTime:11ms, electionTimeout:11ms
2019-10-16 21:00:29,284 [Thread-813] INFO  impl.RoleInfo (RoleInfo.java:shutdownFollowerState(121)) - 7e02033f-e7de-4006-80be-ffeab2e3922a: shutdown FollowerState
2019-10-16 21:00:29,284 [Thread-813] INFO  impl.RaftServerImpl (RaftServerImpl.java:setRole(184)) - 7e02033f-e7de-4006-80be-ffeab2e3922a@group-B775CB1CFC79: changes role from  FOLLOWER to CANDIDATE at term 29 for changeToCandidate
2019-10-16 21:00:29,284 [Thread-813] INFO  impl.RoleInfo (RoleInfo.java:updateAndGet(143)) - 7e02033f-e7de-4006-80be-ffeab2e3922a: start LeaderElection
2019-10-16 21:00:29,298 [7e02033f-e7de-4006-80be-ffeab2e3922a@group-B775CB1CFC79-LeaderElection41] INFO  impl.LeaderElection (LeaderElection.java:askForVotes(178)) - 7e02033f-e7de-4006-80be-ffeab2e3922a@group-B775CB1CFC79-LeaderElection41: begin an election at term 30 for 0: [7d5bd66d-ed89-401c-bf86-050641c359fd:192.168.157.254:45704, e2e26bef-7a80-470b-89dc-752ae9b76223:192.168.157.254:36344, 7e02033f-e7de-4006-80be-ffeab2e3922a:192.168.157.254:33430], old=null
2019-10-16 21:00:29,301 [grpc-default-executor-2] INFO  impl.RaftServerImpl (RaftServerImpl.java:setRole(184)) - 7d5bd66d-ed89-401c-bf86-050641c359fd@group-B775CB1CFC79: changes role from  FOLLOWER to FOLLOWER at term 30 for recognizeCandidate:7e02033f-e7de-4006-80be-ffeab2e3922a
2019-10-16 21:00:29,301 [grpc-default-executor-0] INFO  impl.RaftServerImpl (RaftServerImpl.java:setRole(184)) - e2e26bef-7a80-470b-89dc-752ae9b76223@group-B775CB1CFC79: changes role from  FOLLOWER to FOLLOWER at term 30 for recognizeCandidate:7e02033f-e7de-4006-80be-ffeab2e3922a
2019-10-16 21:00:29,301 [grpc-default-executor-2] INFO  impl.RoleInfo (RoleInfo.java:shutdownFollowerState(121)) - 7d5bd66d-ed89-401c-bf86-050641c359fd: shutdown FollowerState
2019-10-16 21:00:29,301 [grpc-default-executor-0] INFO  impl.RoleInfo (RoleInfo.java:shutdownFollowerState(121)) - e2e26bef-7a80-470b-89dc-752ae9b76223: shutdown FollowerState
2019-10-16 21:00:29,301 [Thread-809] INFO  impl.FollowerState (FollowerState.java:run(117)) - 7d5bd66d-ed89-401c-bf86-050641c359fd@group-B775CB1CFC79-FollowerState was interrupted: java.lang.InterruptedException: sleep interrupted
2019-10-16 21:00:29,301 [grpc-default-executor-0] INFO  impl.RoleInfo (RoleInfo.java:updateAndGet(143)) - e2e26bef-7a80-470b-89dc-752ae9b76223: start FollowerState
2019-10-16 21:00:29,301 [grpc-default-executor-2] INFO  impl.RoleInfo (RoleInfo.java:updateAndGet(143)) - 7d5bd66d-ed89-401c-bf86-050641c359fd: start FollowerState
2019-10-16 21:00:29,301 [Thread-808] INFO  impl.FollowerState (FollowerState.java:run(117)) - e2e26bef-7a80-470b-89dc-752ae9b76223@group-B775CB1CFC79-FollowerState was interrupted: java.lang.InterruptedException: sleep interrupted
2019-10-16 21:00:29,311 [Thread-804] INFO  impl.FollowerState (FollowerState.java:run(108)) - 7d5bd66d-ed89-401c-bf86-050641c359fd@group-0777CA79DD7E-FollowerState: change to CANDIDATE, lastRpcTime:112ms, electionTimeout:112ms
2019-10-16 21:00:29,311 [Thread-804] INFO  impl.RoleInfo (RoleInfo.java:shutdownFollowerState(121)) - 7d5bd66d-ed89-401c-bf86-050641c359fd: shutdown FollowerState
2019-10-16 21:00:29,311 [Thread-804] INFO  impl.RaftServerImpl (RaftServerImpl.java:setRole(184)) - 7d5bd66d-ed89-401c-bf86-050641c359fd@group-0777CA79DD7E: changes role from  FOLLOWER to CANDIDATE at term 9 for changeToCandidate
2019-10-16 21:00:29,312 [Thread-804] INFO  impl.RoleInfo (RoleInfo.java:updateAndGet(143)) - 7d5bd66d-ed89-401c-bf86-050641c359fd: start LeaderElection
2019-10-16 21:00:29,316 [7d5bd66d-ed89-401c-bf86-050641c359fd@group-0777CA79DD7E-LeaderElection42] INFO  impl.LeaderElection (LeaderElection.java:askForVotes(178)) - 7d5bd66d-ed89-401c-bf86-050641c359fd@group-0777CA79DD7E-LeaderElection42: begin an election at term 10 for -1: [7d5bd66d-ed89-401c-bf86-050641c359fd:192.168.157.254:45704, e2e26bef-7a80-470b-89dc-752ae9b76223:192.168.157.254:36344, 7e02033f-e7de-4006-80be-ffeab2e3922a:192.168.157.254:33430], old=null
2019-10-16 21:00:29,316 [7e02033f-e7de-4006-80be-ffeab2e3922a@group-B775CB1CFC79-LeaderElection41] INFO  impl.LeaderElection (LeaderElection.java:logAndReturn(56)) - 7e02033f-e7de-4006-80be-ffeab2e3922a@group-B775CB1CFC79-LeaderElection41: Election REJECTED; received 2 response(s) [7e02033f-e7de-4006-80be-ffeab2e3922a<-7d5bd66d-ed89-401c-bf86-050641c359fd#0:FAIL-t30, 7e02033f-e7de-4006-80be-ffeab2e3922a<-e2e26bef-7a80-470b-89dc-752ae9b76223#0:FAIL-t30] and 0 exception(s); 7e02033f-e7de-4006-80be-ffeab2e3922a@group-B775CB1CFC79:t30, leader=null, voted=7e02033f-e7de-4006-80be-ffeab2e3922a, raftlog=7e02033f-e7de-4006-80be-ffeab2e3922a@group-B775CB1CFC79-SegmentedRaftLog:OPENED:c3,f4,i4, conf=0: [7d5bd66d-ed89-401c-bf86-050641c359fd:192.168.157.254:45704, e2e26bef-7a80-470b-89dc-752ae9b76223:192.168.157.254:36344, 7e02033f-e7de-4006-80be-ffeab2e3922a:192.168.157.254:33430], old=null
2019-10-16 21:00:29,316 [7e02033f-e7de-4006-80be-ffeab2e3922a@group-B775CB1CFC79-LeaderElection41] INFO  impl.RaftServerImpl (RaftServerImpl.java:setRole(184)) - 7e02033f-e7de-4006-80be-ffeab2e3922a@group-B775CB1CFC79: changes role from CANDIDATE to FOLLOWER at term 30 for DISCOVERED_A_NEW_TERM
2019-10-16 21:00:29,316 [7e02033f-e7de-4006-80be-ffeab2e3922a@group-B775CB1CFC79-LeaderElection41] INFO  impl.RoleInfo (RoleInfo.java:shutdownLeaderElection(134)) - 7e02033f-e7de-4006-80be-ffeab2e3922a: shutdown LeaderElection
2019-10-16 21:00:29,317 [7e02033f-e7de-4006-80be-ffeab2e3922a@group-B775CB1CFC79-LeaderElection41] INFO  impl.RoleInfo (RoleInfo.java:updateAndGet(143)) - 7e02033f-e7de-4006-80be-ffeab2e3922a: start FollowerState
2019-10-16 21:00:29,318 [grpc-default-executor-0] INFO  impl.RaftServerImpl (RaftServerImpl.java:setRole(184)) - e2e26bef-7a80-470b-89dc-752ae9b76223@group-0777CA79DD7E: changes role from  FOLLOWER to FOLLOWER at term 10 for recognizeCandidate:7d5bd66d-ed89-401c-bf86-050641c359fd
2019-10-16 21:00:29,318 [grpc-default-executor-0] INFO  impl.RoleInfo (RoleInfo.java:shutdownFollowerState(121)) - e2e26bef-7a80-470b-89dc-752ae9b76223: shutdown FollowerState
2019-10-16 21:00:29,318 [grpc-default-executor-0] INFO  impl.RoleInfo (RoleInfo.java:updateAndGet(143)) - e2e26bef-7a80-470b-89dc-752ae9b76223: start FollowerState
2019-10-16 21:00:29,318 [Thread-803] INFO  impl.FollowerState (FollowerState.java:run(117)) - e2e26bef-7a80-470b-89dc-752ae9b76223@group-0777CA79DD7E-FollowerState was interrupted: java.lang.InterruptedException: sleep interrupted
2019-10-16 21:00:29,319 [grpc-default-executor-2] INFO  impl.RaftServerImpl (RaftServerImpl.java:setRole(184)) - 7e02033f-e7de-4006-80be-ffeab2e3922a@group-0777CA79DD7E: changes role from  FOLLOWER to FOLLOWER at term 10 for recognizeCandidate:7d5bd66d-ed89-401c-bf86-050641c359fd
2019-10-16 21:00:29,319 [grpc-default-executor-2] INFO  impl.RoleInfo (RoleInfo.java:shutdownFollowerState(121)) - 7e02033f-e7de-4006-80be-ffeab2e3922a: shutdown FollowerState
2019-10-16 21:00:29,319 [grpc-default-executor-2] INFO  impl.RoleInfo (RoleInfo.java:updateAndGet(143)) - 7e02033f-e7de-4006-80be-ffeab2e3922a: start FollowerState
2019-10-16 21:00:29,319 [Thread-802] INFO  impl.FollowerState (FollowerState.java:run(117)) - 7e02033f-e7de-4006-80be-ffeab2e3922a@group-0777CA79DD7E-FollowerState was interrupted: java.lang.InterruptedException: sleep interrupted
2019-10-16 21:00:29,333 [7d5bd66d-ed89-401c-bf86-050641c359fd@group-0777CA79DD7E-LeaderElection42] INFO  impl.LeaderElection (LeaderElection.java:logAndReturn(56)) - 7d5bd66d-ed89-401c-bf86-050641c359fd@group-0777CA79DD7E-LeaderElection42: Election REJECTED; received 2 response(s) [7d5bd66d-ed89-401c-bf86-050641c359fd<-e2e26bef-7a80-470b-89dc-752ae9b76223#0:FAIL-t10, 7d5bd66d-ed89-401c-bf86-050641c359fd<-7e02033f-e7de-4006-80be-ffeab2e3922a#0:FAIL-t10] and 0 exception(s); 7d5bd66d-ed89-401c-bf86-050641c359fd@group-0777CA79DD7E:t10, leader=null, voted=7d5bd66d-ed89-401c-bf86-050641c359fd, raftlog=7d5bd66d-ed89-401c-bf86-050641c359fd@group-0777CA79DD7E-SegmentedRaftLog:OPENED:c-1,f-1,i0, conf=-1: [7d5bd66d-ed89-401c-bf86-050641c359fd:192.168.157.254:45704, e2e26bef-7a80-470b-89dc-752ae9b76223:192.168.157.254:36344, 7e02033f-e7de-4006-80be-ffeab2e3922a:192.168.157.254:33430], old=null
2019-10-16 21:00:29,333 [7d5bd66d-ed89-401c-bf86-050641c359fd@group-0777CA79DD7E-LeaderElection42] INFO  impl.RaftServerImpl (RaftServerImpl.java:setRole(184)) - 7d5bd66d-ed89-401c-bf86-050641c359fd@group-0777CA79DD7E: changes role from CANDIDATE to FOLLOWER at term 10 for DISCOVERED_A_NEW_TERM
2019-10-16 21:00:29,333 [7d5bd66d-ed89-401c-bf86-050641c359fd@group-0777CA79DD7E-LeaderElection42] INFO  impl.RoleInfo (RoleInfo.java:shutdownLeaderElection(134)) - 7d5bd66d-ed89-401c-bf86-050641c359fd: shutdown LeaderElection
2019-10-16 21:00:29,333 [7d5bd66d-ed89-401c-bf86-050641c359fd@group-0777CA79DD7E-LeaderElection42] INFO  impl.RoleInfo (RoleInfo.java:updateAndGet(143)) - 7d5bd66d-ed89-401c-bf86-050641c359fd: start FollowerState
2019-10-16 21:00:29,340 [EventQueue-DeleteBlockStatusForDeletedBlockLogImpl] WARN  block.DeletedBlockLogImpl (DeletedBlockLogImpl.java:commitTransactions(205)) - Transaction txId=1 commit by dnId=7e02033f-e7de-4006-80be-ffeab2e3922a for containerID=#1 failed. Corresponding entry not found.
2019-10-16 21:00:29,341 [EventQueue-DeleteBlockStatusForDeletedBlockLogImpl] WARN  block.DeletedBlockLogImpl (DeletedBlockLogImpl.java:commitTransactions(205)) - Transaction txId=1 commit by dnId=7e02033f-e7de-4006-80be-ffeab2e3922a for containerID=#1 failed. Corresponding entry not found.
2019-10-16 21:00:29,341 [EventQueue-DeleteBlockStatusForDeletedBlockLogImpl] WARN  block.DeletedBlockLogImpl (DeletedBlockLogImpl.java:commitTransactions(205)) - Transaction txId=1 commit by dnId=7e02033f-e7de-4006-80be-ffeab2e3922a for containerID=#1 failed. Corresponding entry not found.
2019-10-16 21:00:29,341 [EventQueue-DeleteBlockStatusForDeletedBlockLogImpl] WARN  block.DeletedBlockLogImpl (DeletedBlockLogImpl.java:commitTransactions(205)) - Transaction txId=1 commit by dnId=7e02033f-e7de-4006-80be-ffeab2e3922a for containerID=#1 failed. Corresponding entry not found.
2019-10-16 21:00:29,341 [EventQueue-DeleteBlockStatusForDeletedBlockLogImpl] WARN  block.DeletedBlockLogImpl (DeletedBlockLogImpl.java:commitTransactions(205)) - Transaction txId=1 commit by dnId=7e02033f-e7de-4006-80be-ffeab2e3922a for containerID=#1 failed. Corresponding entry not found.
2019-10-16 21:00:29,405 [Thread-822] INFO  impl.FollowerState (FollowerState.java:run(108)) - 7e02033f-e7de-4006-80be-ffeab2e3922a@group-B775CB1CFC79-FollowerState: change to CANDIDATE, lastRpcTime:88ms, electionTimeout:88ms
2019-10-16 21:00:29,405 [Thread-822] INFO  impl.RoleInfo (RoleInfo.java:shutdownFollowerState(121)) - 7e02033f-e7de-4006-80be-ffeab2e3922a: shutdown FollowerState
2019-10-16 21:00:29,405 [Thread-822] INFO  impl.RaftServerImpl (RaftServerImpl.java:setRole(184)) - 7e02033f-e7de-4006-80be-ffeab2e3922a@group-B775CB1CFC79: changes role from  FOLLOWER to CANDIDATE at term 30 for changeToCandidate
2019-10-16 21:00:29,405 [Thread-822] INFO  impl.RoleInfo (RoleInfo.java:updateAndGet(143)) - 7e02033f-e7de-4006-80be-ffeab2e3922a: start LeaderElection
2019-10-16 21:00:29,419 [7e02033f-e7de-4006-80be-ffeab2e3922a@group-B775CB1CFC79-LeaderElection43] INFO  impl.LeaderElection (LeaderElection.java:askForVotes(178)) - 7e02033f-e7de-4006-80be-ffeab2e3922a@group-B775CB1CFC79-LeaderElection43: begin an election at term 31 for 0: [7d5bd66d-ed89-401c-bf86-050641c359fd:192.168.157.254:45704, e2e26bef-7a80-470b-89dc-752ae9b76223:192.168.157.254:36344, 7e02033f-e7de-4006-80be-ffeab2e3922a:192.168.157.254:33430], old=null
2019-10-16 21:00:29,421 [grpc-default-executor-2] INFO  impl.RaftServerImpl (RaftServerImpl.java:setRole(184)) - e2e26bef-7a80-470b-89dc-752ae9b76223@group-B775CB1CFC79: changes role from  FOLLOWER to FOLLOWER at term 31 for recognizeCandidate:7e02033f-e7de-4006-80be-ffeab2e3922a
2019-10-16 21:00:29,421 [grpc-default-executor-2] INFO  impl.RoleInfo (RoleInfo.java:shutdownFollowerState(121)) - e2e26bef-7a80-470b-89dc-752ae9b76223: shutdown FollowerState
2019-10-16 21:00:29,422 [Thread-818] INFO  impl.FollowerState (FollowerState.java:run(117)) - e2e26bef-7a80-470b-89dc-752ae9b76223@group-B775CB1CFC79-FollowerState was interrupted: java.lang.InterruptedException: sleep interrupted
2019-10-16 21:00:29,422 [grpc-default-executor-2] INFO  impl.RoleInfo (RoleInfo.java:updateAndGet(143)) - e2e26bef-7a80-470b-89dc-752ae9b76223: start FollowerState
2019-10-16 21:00:29,422 [grpc-default-executor-0] INFO  impl.RaftServerImpl (RaftServerImpl.java:setRole(184)) - 7d5bd66d-ed89-401c-bf86-050641c359fd@group-B775CB1CFC79: changes role from  FOLLOWER to FOLLOWER at term 31 for recognizeCandidate:7e02033f-e7de-4006-80be-ffeab2e3922a
2019-10-16 21:00:29,422 [grpc-default-executor-0] INFO  impl.RoleInfo (RoleInfo.java:shutdownFollowerState(121)) - 7d5bd66d-ed89-401c-bf86-050641c359fd: shutdown FollowerState
2019-10-16 21:00:29,422 [grpc-default-executor-0] INFO  impl.RoleInfo (RoleInfo.java:updateAndGet(143)) - 7d5bd66d-ed89-401c-bf86-050641c359fd: start FollowerState
2019-10-16 21:00:29,422 [Thread-817] INFO  impl.FollowerState (FollowerState.java:run(117)) - 7d5bd66d-ed89-401c-bf86-050641c359fd@group-B775CB1CFC79-FollowerState was interrupted: java.lang.InterruptedException: sleep interrupted
2019-10-16 21:00:29,442 [7e02033f-e7de-4006-80be-ffeab2e3922a@group-B775CB1CFC79-LeaderElection43] INFO  impl.LeaderElection (LeaderElection.java:logAndReturn(56)) - 7e02033f-e7de-4006-80be-ffeab2e3922a@group-B775CB1CFC79-LeaderElection43: Election REJECTED; received 2 response(s) [7e02033f-e7de-4006-80be-ffeab2e3922a<-7d5bd66d-ed89-401c-bf86-050641c359fd#0:FAIL-t31, 7e02033f-e7de-4006-80be-ffeab2e3922a<-e2e26bef-7a80-470b-89dc-752ae9b76223#0:FAIL-t31] and 0 exception(s); 7e02033f-e7de-4006-80be-ffeab2e3922a@group-B775CB1CFC79:t31, leader=null, voted=7e02033f-e7de-4006-80be-ffeab2e3922a, raftlog=7e02033f-e7de-4006-80be-ffeab2e3922a@group-B775CB1CFC79-SegmentedRaftLog:OPENED:c3,f4,i4, conf=0: [7d5bd66d-ed89-401c-bf86-050641c359fd:192.168.157.254:45704, e2e26bef-7a80-470b-89dc-752ae9b76223:192.168.157.254:36344, 7e02033f-e7de-4006-80be-ffeab2e3922a:192.168.157.254:33430], old=null
2019-10-16 21:00:29,443 [7e02033f-e7de-4006-80be-ffeab2e3922a@group-B775CB1CFC79-LeaderElection43] INFO  impl.RaftServerImpl (RaftServerImpl.java:setRole(184)) - 7e02033f-e7de-4006-80be-ffeab2e3922a@group-B775CB1CFC79: changes role from CANDIDATE to FOLLOWER at term 31 for DISCOVERED_A_NEW_TERM
2019-10-16 21:00:29,443 [7e02033f-e7de-4006-80be-ffeab2e3922a@group-B775CB1CFC79-LeaderElection43] INFO  impl.RoleInfo (RoleInfo.java:shutdownLeaderElection(134)) - 7e02033f-e7de-4006-80be-ffeab2e3922a: shutdown LeaderElection
2019-10-16 21:00:29,443 [7e02033f-e7de-4006-80be-ffeab2e3922a@group-B775CB1CFC79-LeaderElection43] INFO  impl.RoleInfo (RoleInfo.java:updateAndGet(143)) - 7e02033f-e7de-4006-80be-ffeab2e3922a: start FollowerState
2019-10-16 21:00:29,448 [Thread-825] INFO  impl.FollowerState (FollowerState.java:run(108)) - 7d5bd66d-ed89-401c-bf86-050641c359fd@group-0777CA79DD7E-FollowerState: change to CANDIDATE, lastRpcTime:114ms, electionTimeout:114ms
2019-10-16 21:00:29,448 [Thread-825] INFO  impl.RoleInfo (RoleInfo.java:shutdownFollowerState(121)) - 7d5bd66d-ed89-401c-bf86-050641c359fd: shutdown FollowerState
2019-10-16 21:00:29,448 [Thread-825] INFO  impl.RaftServerImpl (RaftServerImpl.java:setRole(184)) - 7d5bd66d-ed89-401c-bf86-050641c359fd@group-0777CA79DD7E: changes role from  FOLLOWER to CANDIDATE at term 10 for changeToCandidate
2019-10-16 21:00:29,448 [Thread-825] INFO  impl.RoleInfo (RoleInfo.java:updateAndGet(143)) - 7d5bd66d-ed89-401c-bf86-050641c359fd: start LeaderElection
2019-10-16 21:00:29,475 [7d5bd66d-ed89-401c-bf86-050641c359fd@group-0777CA79DD7E-LeaderElection44] INFO  impl.LeaderElection (LeaderElection.java:askForVotes(178)) - 7d5bd66d-ed89-401c-bf86-050641c359fd@group-0777CA79DD7E-LeaderElection44: begin an election at term 11 for -1: [7d5bd66d-ed89-401c-bf86-050641c359fd:192.168.157.254:45704, e2e26bef-7a80-470b-89dc-752ae9b76223:192.168.157.254:36344, 7e02033f-e7de-4006-80be-ffeab2e3922a:192.168.157.254:33430], old=null
2019-10-16 21:00:29,478 [grpc-default-executor-2] INFO  impl.RaftServerImpl (RaftServerImpl.java:setRole(184)) - e2e26bef-7a80-470b-89dc-752ae9b76223@group-0777CA79DD7E: changes role from  FOLLOWER to FOLLOWER at term 11 for recognizeCandidate:7d5bd66d-ed89-401c-bf86-050641c359fd
2019-10-16 21:00:29,478 [grpc-default-executor-0] INFO  impl.RaftServerImpl (RaftServerImpl.java:setRole(184)) - 7e02033f-e7de-4006-80be-ffeab2e3922a@group-0777CA79DD7E: changes role from  FOLLOWER to FOLLOWER at term 11 for recognizeCandidate:7d5bd66d-ed89-401c-bf86-050641c359fd
2019-10-16 21:00:29,478 [grpc-default-executor-2] INFO  impl.RoleInfo (RoleInfo.java:shutdownFollowerState(121)) - e2e26bef-7a80-470b-89dc-752ae9b76223: shutdown FollowerState
2019-10-16 21:00:29,479 [grpc-default-executor-0] INFO  impl.RoleInfo (RoleInfo.java:shutdownFollowerState(121)) - 7e02033f-e7de-4006-80be-ffeab2e3922a: shutdown FollowerState
2019-10-16 21:00:29,479 [Thread-823] INFO  impl.FollowerState (FollowerState.java:run(117)) - e2e26bef-7a80-470b-89dc-752ae9b76223@group-0777CA79DD7E-FollowerState was interrupted: java.lang.InterruptedException: sleep interrupted
2019-10-16 21:00:29,479 [grpc-default-executor-2] INFO  impl.RoleInfo (RoleInfo.java:updateAndGet(143)) - e2e26bef-7a80-470b-89dc-752ae9b76223: start FollowerState
2019-10-16 21:00:29,479 [grpc-default-executor-0] INFO  impl.RoleInfo (RoleInfo.java:updateAndGet(143)) - 7e02033f-e7de-4006-80be-ffeab2e3922a: start FollowerState
2019-10-16 21:00:29,479 [Thread-824] INFO  impl.FollowerState (FollowerState.java:run(117)) - 7e02033f-e7de-4006-80be-ffeab2e3922a@group-0777CA79DD7E-FollowerState was interrupted: java.lang.InterruptedException: sleep interrupted
2019-10-16 21:00:29,494 [7d5bd66d-ed89-401c-bf86-050641c359fd@group-0777CA79DD7E-LeaderElection44] INFO  impl.LeaderElection (LeaderElection.java:logAndReturn(56)) - 7d5bd66d-ed89-401c-bf86-050641c359fd@group-0777CA79DD7E-LeaderElection44: Election REJECTED; received 2 response(s) [7d5bd66d-ed89-401c-bf86-050641c359fd<-e2e26bef-7a80-470b-89dc-752ae9b76223#0:FAIL-t11, 7d5bd66d-ed89-401c-bf86-050641c359fd<-7e02033f-e7de-4006-80be-ffeab2e3922a#0:FAIL-t11] and 0 exception(s); 7d5bd66d-ed89-401c-bf86-050641c359fd@group-0777CA79DD7E:t11, leader=null, voted=7d5bd66d-ed89-401c-bf86-050641c359fd, raftlog=7d5bd66d-ed89-401c-bf86-050641c359fd@group-0777CA79DD7E-SegmentedRaftLog:OPENED:c-1,f-1,i0, conf=-1: [7d5bd66d-ed89-401c-bf86-050641c359fd:192.168.157.254:45704, e2e26bef-7a80-470b-89dc-752ae9b76223:192.168.157.254:36344, 7e02033f-e7de-4006-80be-ffeab2e3922a:192.168.157.254:33430], old=null
2019-10-16 21:00:29,494 [7d5bd66d-ed89-401c-bf86-050641c359fd@group-0777CA79DD7E-LeaderElection44] INFO  impl.RaftServerImpl (RaftServerImpl.java:setRole(184)) - 7d5bd66d-ed89-401c-bf86-050641c359fd@group-0777CA79DD7E: changes role from CANDIDATE to FOLLOWER at term 11 for DISCOVERED_A_NEW_TERM
2019-10-16 21:00:29,494 [7d5bd66d-ed89-401c-bf86-050641c359fd@group-0777CA79DD7E-LeaderElection44] INFO  impl.RoleInfo (RoleInfo.java:shutdownLeaderElection(134)) - 7d5bd66d-ed89-401c-bf86-050641c359fd: shutdown LeaderElection
2019-10-16 21:00:29,494 [7d5bd66d-ed89-401c-bf86-050641c359fd@group-0777CA79DD7E-LeaderElection44] INFO  impl.RoleInfo (RoleInfo.java:updateAndGet(143)) - 7d5bd66d-ed89-401c-bf86-050641c359fd: start FollowerState
2019-10-16 21:00:29,522 [Thread-837] INFO  impl.FollowerState (FollowerState.java:run(108)) - 7d5bd66d-ed89-401c-bf86-050641c359fd@group-0777CA79DD7E-FollowerState: change to CANDIDATE, lastRpcTime:27ms, electionTimeout:27ms
2019-10-16 21:00:29,522 [Thread-837] INFO  impl.RoleInfo (RoleInfo.java:shutdownFollowerState(121)) - 7d5bd66d-ed89-401c-bf86-050641c359fd: shutdown FollowerState
2019-10-16 21:00:29,522 [Thread-837] INFO  impl.RaftServerImpl (RaftServerImpl.java:setRole(184)) - 7d5bd66d-ed89-401c-bf86-050641c359fd@group-0777CA79DD7E: changes role from  FOLLOWER to CANDIDATE at term 11 for changeToCandidate
2019-10-16 21:00:29,522 [Thread-837] INFO  impl.RoleInfo (RoleInfo.java:updateAndGet(143)) - 7d5bd66d-ed89-401c-bf86-050641c359fd: start LeaderElection
2019-10-16 21:00:29,536 [7d5bd66d-ed89-401c-bf86-050641c359fd@group-0777CA79DD7E-LeaderElection45] INFO  impl.LeaderElection (LeaderElection.java:askForVotes(178)) - 7d5bd66d-ed89-401c-bf86-050641c359fd@group-0777CA79DD7E-LeaderElection45: begin an election at term 12 for -1: [7d5bd66d-ed89-401c-bf86-050641c359fd:192.168.157.254:45704, e2e26bef-7a80-470b-89dc-752ae9b76223:192.168.157.254:36344, 7e02033f-e7de-4006-80be-ffeab2e3922a:192.168.157.254:33430], old=null
2019-10-16 21:00:29,538 [grpc-default-executor-2] INFO  impl.RaftServerImpl (RaftServerImpl.java:setRole(184)) - e2e26bef-7a80-470b-89dc-752ae9b76223@group-0777CA79DD7E: changes role from  FOLLOWER to FOLLOWER at term 12 for recognizeCandidate:7d5bd66d-ed89-401c-bf86-050641c359fd
2019-10-16 21:00:29,538 [grpc-default-executor-2] INFO  impl.RoleInfo (RoleInfo.java:shutdownFollowerState(121)) - e2e26bef-7a80-470b-89dc-752ae9b76223: shutdown FollowerState
2019-10-16 21:00:29,538 [grpc-default-executor-0] INFO  impl.RaftServerImpl (RaftServerImpl.java:setRole(184)) - 7e02033f-e7de-4006-80be-ffeab2e3922a@group-0777CA79DD7E: changes role from  FOLLOWER to FOLLOWER at term 12 for recognizeCandidate:7d5bd66d-ed89-401c-bf86-050641c359fd
2019-10-16 21:00:29,538 [Thread-835] INFO  impl.FollowerState (FollowerState.java:run(117)) - e2e26bef-7a80-470b-89dc-752ae9b76223@group-0777CA79DD7E-FollowerState was interrupted: java.lang.InterruptedException: sleep interrupted
2019-10-16 21:00:29,538 [grpc-default-executor-2] INFO  impl.RoleInfo (RoleInfo.java:updateAndGet(143)) - e2e26bef-7a80-470b-89dc-752ae9b76223: start FollowerState
2019-10-16 21:00:29,538 [grpc-default-executor-0] INFO  impl.RoleInfo (RoleInfo.java:shutdownFollowerState(121)) - 7e02033f-e7de-4006-80be-ffeab2e3922a: shutdown FollowerState
2019-10-16 21:00:29,539 [Thread-836] INFO  impl.FollowerState (FollowerState.java:run(117)) - 7e02033f-e7de-4006-80be-ffeab2e3922a@group-0777CA79DD7E-FollowerState was interrupted: java.lang.InterruptedException: sleep interrupted
2019-10-16 21:00:29,539 [grpc-default-executor-0] INFO  impl.RoleInfo (RoleInfo.java:updateAndGet(143)) - 7e02033f-e7de-4006-80be-ffeab2e3922a: start FollowerState
2019-10-16 21:00:29,550 [7d5bd66d-ed89-401c-bf86-050641c359fd@group-0777CA79DD7E-LeaderElection45] INFO  impl.LeaderElection (LeaderElection.java:logAndReturn(56)) - 7d5bd66d-ed89-401c-bf86-050641c359fd@group-0777CA79DD7E-LeaderElection45: Election TIMEOUT; received 0 response(s) [] and 0 exception(s); 7d5bd66d-ed89-401c-bf86-050641c359fd@group-0777CA79DD7E:t12, leader=null, voted=7d5bd66d-ed89-401c-bf86-050641c359fd, raftlog=7d5bd66d-ed89-401c-bf86-050641c359fd@group-0777CA79DD7E-SegmentedRaftLog:OPENED:c-1,f-1,i0, conf=-1: [7d5bd66d-ed89-401c-bf86-050641c359fd:192.168.157.254:45704, e2e26bef-7a80-470b-89dc-752ae9b76223:192.168.157.254:36344, 7e02033f-e7de-4006-80be-ffeab2e3922a:192.168.157.254:33430], old=null
2019-10-16 21:00:29,555 [7d5bd66d-ed89-401c-bf86-050641c359fd@group-0777CA79DD7E-LeaderElection45] INFO  impl.LeaderElection (LeaderElection.java:askForVotes(178)) - 7d5bd66d-ed89-401c-bf86-050641c359fd@group-0777CA79DD7E-LeaderElection45: begin an election at term 13 for -1: [7d5bd66d-ed89-401c-bf86-050641c359fd:192.168.157.254:45704, e2e26bef-7a80-470b-89dc-752ae9b76223:192.168.157.254:36344, 7e02033f-e7de-4006-80be-ffeab2e3922a:192.168.157.254:33430], old=null
2019-10-16 21:00:29,556 [grpc-default-executor-0] INFO  impl.RaftServerImpl (RaftServerImpl.java:setRole(184)) - 7e02033f-e7de-4006-80be-ffeab2e3922a@group-0777CA79DD7E: changes role from  FOLLOWER to FOLLOWER at term 13 for recognizeCandidate:7d5bd66d-ed89-401c-bf86-050641c359fd
2019-10-16 21:00:29,557 [grpc-default-executor-2] INFO  impl.RaftServerImpl (RaftServerImpl.java:setRole(184)) - e2e26bef-7a80-470b-89dc-752ae9b76223@group-0777CA79DD7E: changes role from  FOLLOWER to FOLLOWER at term 13 for recognizeCandidate:7d5bd66d-ed89-401c-bf86-050641c359fd
2019-10-16 21:00:29,557 [grpc-default-executor-0] INFO  impl.RoleInfo (RoleInfo.java:shutdownFollowerState(121)) - 7e02033f-e7de-4006-80be-ffeab2e3922a: shutdown FollowerState
2019-10-16 21:00:29,557 [grpc-default-executor-2] INFO  impl.RoleInfo (RoleInfo.java:shutdownFollowerState(121)) - e2e26bef-7a80-470b-89dc-752ae9b76223: shutdown FollowerState
2019-10-16 21:00:29,557 [Thread-842] INFO  impl.FollowerState (FollowerState.java:run(117)) - 7e02033f-e7de-4006-80be-ffeab2e3922a@group-0777CA79DD7E-FollowerState was interrupted: java.lang.InterruptedException: sleep interrupted
2019-10-16 21:00:29,557 [grpc-default-executor-2] INFO  impl.RoleInfo (RoleInfo.java:updateAndGet(143)) - e2e26bef-7a80-470b-89dc-752ae9b76223: start FollowerState
2019-10-16 21:00:29,557 [grpc-default-executor-0] INFO  impl.RoleInfo (RoleInfo.java:updateAndGet(143)) - 7e02033f-e7de-4006-80be-ffeab2e3922a: start FollowerState
2019-10-16 21:00:29,557 [Thread-841] INFO  impl.FollowerState (FollowerState.java:run(117)) - e2e26bef-7a80-470b-89dc-752ae9b76223@group-0777CA79DD7E-FollowerState was interrupted: java.lang.InterruptedException: sleep interrupted
2019-10-16 21:00:29,571 [7d5bd66d-ed89-401c-bf86-050641c359fd@group-0777CA79DD7E-LeaderElection45] INFO  impl.LeaderElection (LeaderElection.java:logAndReturn(56)) - 7d5bd66d-ed89-401c-bf86-050641c359fd@group-0777CA79DD7E-LeaderElection45: Election REJECTED; received 2 response(s) [7d5bd66d-ed89-401c-bf86-050641c359fd<-e2e26bef-7a80-470b-89dc-752ae9b76223#0:FAIL-t13, 7d5bd66d-ed89-401c-bf86-050641c359fd<-7e02033f-e7de-4006-80be-ffeab2e3922a#0:FAIL-t13] and 0 exception(s); 7d5bd66d-ed89-401c-bf86-050641c359fd@group-0777CA79DD7E:t13, leader=null, voted=7d5bd66d-ed89-401c-bf86-050641c359fd, raftlog=7d5bd66d-ed89-401c-bf86-050641c359fd@group-0777CA79DD7E-SegmentedRaftLog:OPENED:c-1,f-1,i0, conf=-1: [7d5bd66d-ed89-401c-bf86-050641c359fd:192.168.157.254:45704, e2e26bef-7a80-470b-89dc-752ae9b76223:192.168.157.254:36344, 7e02033f-e7de-4006-80be-ffeab2e3922a:192.168.157.254:33430], old=null
2019-10-16 21:00:29,571 [7d5bd66d-ed89-401c-bf86-050641c359fd@group-0777CA79DD7E-LeaderElection45] INFO  impl.RaftServerImpl (RaftServerImpl.java:setRole(184)) - 7d5bd66d-ed89-401c-bf86-050641c359fd@group-0777CA79DD7E: changes role from CANDIDATE to FOLLOWER at term 13 for DISCOVERED_A_NEW_TERM
2019-10-16 21:00:29,571 [7d5bd66d-ed89-401c-bf86-050641c359fd@group-0777CA79DD7E-LeaderElection45] INFO  impl.RoleInfo (RoleInfo.java:shutdownLeaderElection(134)) - 7d5bd66d-ed89-401c-bf86-050641c359fd: shutdown LeaderElection
2019-10-16 21:00:29,571 [7d5bd66d-ed89-401c-bf86-050641c359fd@group-0777CA79DD7E-LeaderElection45] INFO  impl.RoleInfo (RoleInfo.java:updateAndGet(143)) - 7d5bd66d-ed89-401c-bf86-050641c359fd: start FollowerState
2019-10-16 21:00:29,597 [Thread-831] INFO  impl.FollowerState (FollowerState.java:run(108)) - 7e02033f-e7de-4006-80be-ffeab2e3922a@group-B775CB1CFC79-FollowerState: change to CANDIDATE, lastRpcTime:154ms, electionTimeout:154ms
2019-10-16 21:00:29,597 [Thread-831] INFO  impl.RoleInfo (RoleInfo.java:shutdownFollowerState(121)) - 7e02033f-e7de-4006-80be-ffeab2e3922a: shutdown FollowerState
2019-10-16 21:00:29,597 [Thread-831] INFO  impl.RaftServerImpl (RaftServerImpl.java:setRole(184)) - 7e02033f-e7de-4006-80be-ffeab2e3922a@group-B775CB1CFC79: changes role from  FOLLOWER to CANDIDATE at term 31 for changeToCandidate
2019-10-16 21:00:29,598 [Thread-831] INFO  impl.RoleInfo (RoleInfo.java:updateAndGet(143)) - 7e02033f-e7de-4006-80be-ffeab2e3922a: start LeaderElection
2019-10-16 21:00:29,611 [7e02033f-e7de-4006-80be-ffeab2e3922a@group-B775CB1CFC79-LeaderElection46] INFO  impl.LeaderElection (LeaderElection.java:askForVotes(178)) - 7e02033f-e7de-4006-80be-ffeab2e3922a@group-B775CB1CFC79-LeaderElection46: begin an election at term 32 for 0: [7d5bd66d-ed89-401c-bf86-050641c359fd:192.168.157.254:45704, e2e26bef-7a80-470b-89dc-752ae9b76223:192.168.157.254:36344, 7e02033f-e7de-4006-80be-ffeab2e3922a:192.168.157.254:33430], old=null
2019-10-16 21:00:29,612 [grpc-default-executor-0] INFO  impl.RaftServerImpl (RaftServerImpl.java:setRole(184)) - 7d5bd66d-ed89-401c-bf86-050641c359fd@group-B775CB1CFC79: changes role from  FOLLOWER to FOLLOWER at term 32 for recognizeCandidate:7e02033f-e7de-4006-80be-ffeab2e3922a
2019-10-16 21:00:29,612 [grpc-default-executor-2] INFO  impl.RaftServerImpl (RaftServerImpl.java:setRole(184)) - e2e26bef-7a80-470b-89dc-752ae9b76223@group-B775CB1CFC79: changes role from  FOLLOWER to FOLLOWER at term 32 for recognizeCandidate:7e02033f-e7de-4006-80be-ffeab2e3922a
2019-10-16 21:00:29,613 [grpc-default-executor-0] INFO  impl.RoleInfo (RoleInfo.java:shutdownFollowerState(121)) - 7d5bd66d-ed89-401c-bf86-050641c359fd: shutdown FollowerState
2019-10-16 21:00:29,613 [grpc-default-executor-2] INFO  impl.RoleInfo (RoleInfo.java:shutdownFollowerState(121)) - e2e26bef-7a80-470b-89dc-752ae9b76223: shutdown FollowerState
2019-10-16 21:00:29,613 [Thread-830] INFO  impl.FollowerState (FollowerState.java:run(117)) - 7d5bd66d-ed89-401c-bf86-050641c359fd@group-B775CB1CFC79-FollowerState was interrupted: java.lang.InterruptedException: sleep interrupted
2019-10-16 21:00:29,613 [Thread-829] INFO  impl.FollowerState (FollowerState.java:run(117)) - e2e26bef-7a80-470b-89dc-752ae9b76223@group-B775CB1CFC79-FollowerState was interrupted: java.lang.InterruptedException: sleep interrupted
2019-10-16 21:00:29,613 [grpc-default-executor-2] INFO  impl.RoleInfo (RoleInfo.java:updateAndGet(143)) - e2e26bef-7a80-470b-89dc-752ae9b76223: start FollowerState
2019-10-16 21:00:29,613 [grpc-default-executor-0] INFO  impl.RoleInfo (RoleInfo.java:updateAndGet(143)) - 7d5bd66d-ed89-401c-bf86-050641c359fd: start FollowerState
2019-10-16 21:00:29,627 [7e02033f-e7de-4006-80be-ffeab2e3922a@group-B775CB1CFC79-LeaderElection46] INFO  impl.LeaderElection (LeaderElection.java:logAndReturn(56)) - 7e02033f-e7de-4006-80be-ffeab2e3922a@group-B775CB1CFC79-LeaderElection46: Election REJECTED; received 2 response(s) [7e02033f-e7de-4006-80be-ffeab2e3922a<-7d5bd66d-ed89-401c-bf86-050641c359fd#0:FAIL-t32, 7e02033f-e7de-4006-80be-ffeab2e3922a<-e2e26bef-7a80-470b-89dc-752ae9b76223#0:FAIL-t32] and 0 exception(s); 7e02033f-e7de-4006-80be-ffeab2e3922a@group-B775CB1CFC79:t32, leader=null, voted=7e02033f-e7de-4006-80be-ffeab2e3922a, raftlog=7e02033f-e7de-4006-80be-ffeab2e3922a@group-B775CB1CFC79-SegmentedRaftLog:OPENED:c3,f4,i4, conf=0: [7d5bd66d-ed89-401c-bf86-050641c359fd:192.168.157.254:45704, e2e26bef-7a80-470b-89dc-752ae9b76223:192.168.157.254:36344, 7e02033f-e7de-4006-80be-ffeab2e3922a:192.168.157.254:33430], old=null
2019-10-16 21:00:29,628 [7e02033f-e7de-4006-80be-ffeab2e3922a@group-B775CB1CFC79-LeaderElection46] INFO  impl.RaftServerImpl (RaftServerImpl.java:setRole(184)) - 7e02033f-e7de-4006-80be-ffeab2e3922a@group-B775CB1CFC79: changes role from CANDIDATE to FOLLOWER at term 32 for DISCOVERED_A_NEW_TERM
2019-10-16 21:00:29,628 [7e02033f-e7de-4006-80be-ffeab2e3922a@group-B775CB1CFC79-LeaderElection46] INFO  impl.RoleInfo (RoleInfo.java:shutdownLeaderElection(134)) - 7e02033f-e7de-4006-80be-ffeab2e3922a: shutdown LeaderElection
2019-10-16 21:00:29,628 [7e02033f-e7de-4006-80be-ffeab2e3922a@group-B775CB1CFC79-LeaderElection46] INFO  impl.RoleInfo (RoleInfo.java:updateAndGet(143)) - 7e02033f-e7de-4006-80be-ffeab2e3922a: start FollowerState
2019-10-16 21:00:29,715 [Thread-853] INFO  impl.FollowerState (FollowerState.java:run(108)) - 7e02033f-e7de-4006-80be-ffeab2e3922a@group-B775CB1CFC79-FollowerState: change to CANDIDATE, lastRpcTime:87ms, electionTimeout:87ms
2019-10-16 21:00:29,715 [Thread-853] INFO  impl.RoleInfo (RoleInfo.java:shutdownFollowerState(121)) - 7e02033f-e7de-4006-80be-ffeab2e3922a: shutdown FollowerState
2019-10-16 21:00:29,715 [Thread-853] INFO  impl.RaftServerImpl (RaftServerImpl.java:setRole(184)) - 7e02033f-e7de-4006-80be-ffeab2e3922a@group-B775CB1CFC79: changes role from  FOLLOWER to CANDIDATE at term 32 for changeToCandidate
2019-10-16 21:00:29,715 [Thread-853] INFO  impl.RoleInfo (RoleInfo.java:updateAndGet(143)) - 7e02033f-e7de-4006-80be-ffeab2e3922a: start LeaderElection
2019-10-16 21:00:29,718 [Thread-847] INFO  impl.FollowerState (FollowerState.java:run(108)) - 7d5bd66d-ed89-401c-bf86-050641c359fd@group-0777CA79DD7E-FollowerState: change to CANDIDATE, lastRpcTime:146ms, electionTimeout:146ms
2019-10-16 21:00:29,718 [Thread-847] INFO  impl.RoleInfo (RoleInfo.java:shutdownFollowerState(121)) - 7d5bd66d-ed89-401c-bf86-050641c359fd: shutdown FollowerState
2019-10-16 21:00:29,718 [Thread-847] INFO  impl.RaftServerImpl (RaftServerImpl.java:setRole(184)) - 7d5bd66d-ed89-401c-bf86-050641c359fd@group-0777CA79DD7E: changes role from  FOLLOWER to CANDIDATE at term 13 for changeToCandidate
2019-10-16 21:00:29,718 [Thread-847] INFO  impl.RoleInfo (RoleInfo.java:updateAndGet(143)) - 7d5bd66d-ed89-401c-bf86-050641c359fd: start LeaderElection
2019-10-16 21:00:29,730 [7d5bd66d-ed89-401c-bf86-050641c359fd@group-0777CA79DD7E-LeaderElection48] INFO  impl.LeaderElection (LeaderElection.java:askForVotes(178)) - 7d5bd66d-ed89-401c-bf86-050641c359fd@group-0777CA79DD7E-LeaderElection48: begin an election at term 14 for -1: [7d5bd66d-ed89-401c-bf86-050641c359fd:192.168.157.254:45704, e2e26bef-7a80-470b-89dc-752ae9b76223:192.168.157.254:36344, 7e02033f-e7de-4006-80be-ffeab2e3922a:192.168.157.254:33430], old=null
2019-10-16 21:00:29,730 [7e02033f-e7de-4006-80be-ffeab2e3922a@group-B775CB1CFC79-LeaderElection47] INFO  impl.LeaderElection (LeaderElection.java:askForVotes(178)) - 7e02033f-e7de-4006-80be-ffeab2e3922a@group-B775CB1CFC79-LeaderElection47: begin an election at term 33 for 0: [7d5bd66d-ed89-401c-bf86-050641c359fd:192.168.157.254:45704, e2e26bef-7a80-470b-89dc-752ae9b76223:192.168.157.254:36344, 7e02033f-e7de-4006-80be-ffeab2e3922a:192.168.157.254:33430], old=null
2019-10-16 21:00:29,732 [grpc-default-executor-2] INFO  impl.RaftServerImpl (RaftServerImpl.java:setRole(184)) - 7e02033f-e7de-4006-80be-ffeab2e3922a@group-0777CA79DD7E: changes role from  FOLLOWER to FOLLOWER at term 14 for recognizeCandidate:7d5bd66d-ed89-401c-bf86-050641c359fd
2019-10-16 21:00:29,732 [grpc-default-executor-2] INFO  impl.RoleInfo (RoleInfo.java:shutdownFollowerState(121)) - 7e02033f-e7de-4006-80be-ffeab2e3922a: shutdown FollowerState
2019-10-16 21:00:29,732 [grpc-default-executor-0] INFO  impl.RaftServerImpl (RaftServerImpl.java:setRole(184)) - 7d5bd66d-ed89-401c-bf86-050641c359fd@group-B775CB1CFC79: changes role from  FOLLOWER to FOLLOWER at term 33 for recognizeCandidate:7e02033f-e7de-4006-80be-ffeab2e3922a
2019-10-16 21:00:29,732 [grpc-default-executor-2] INFO  impl.RoleInfo (RoleInfo.java:updateAndGet(143)) - 7e02033f-e7de-4006-80be-ffeab2e3922a: start FollowerState
2019-10-16 21:00:29,732 [grpc-default-executor-4] INFO  impl.RaftServerImpl (RaftServerImpl.java:setRole(184)) - e2e26bef-7a80-470b-89dc-752ae9b76223@group-B775CB1CFC79: changes role from  FOLLOWER to FOLLOWER at term 33 for recognizeCandidate:7e02033f-e7de-4006-80be-ffeab2e3922a
2019-10-16 21:00:29,732 [grpc-default-executor-0] INFO  impl.RoleInfo (RoleInfo.java:shutdownFollowerState(121)) - 7d5bd66d-ed89-401c-bf86-050641c359fd: shutdown FollowerState
2019-10-16 21:00:29,732 [Thread-845] INFO  impl.FollowerState (FollowerState.java:run(117)) - 7e02033f-e7de-4006-80be-ffeab2e3922a@group-0777CA79DD7E-FollowerState was interrupted: java.lang.InterruptedException: sleep interrupted
2019-10-16 21:00:29,733 [Thread-851] INFO  impl.FollowerState (FollowerState.java:run(117)) - 7d5bd66d-ed89-401c-bf86-050641c359fd@group-B775CB1CFC79-FollowerState was interrupted: java.lang.InterruptedException: sleep interrupted
2019-10-16 21:00:29,733 [grpc-default-executor-0] INFO  impl.RoleInfo (RoleInfo.java:updateAndGet(143)) - 7d5bd66d-ed89-401c-bf86-050641c359fd: start FollowerState
2019-10-16 21:00:29,733 [grpc-default-executor-5] INFO  impl.RaftServerImpl (RaftServerImpl.java:setRole(184)) - e2e26bef-7a80-470b-89dc-752ae9b76223@group-0777CA79DD7E: changes role from  FOLLOWER to FOLLOWER at term 14 for recognizeCandidate:7d5bd66d-ed89-401c-bf86-050641c359fd
2019-10-16 21:00:29,733 [grpc-default-executor-4] INFO  impl.RoleInfo (RoleInfo.java:shutdownFollowerState(121)) - e2e26bef-7a80-470b-89dc-752ae9b76223: shutdown FollowerState
2019-10-16 21:00:29,733 [grpc-default-executor-5] INFO  impl.RoleInfo (RoleInfo.java:shutdownFollowerState(121)) - e2e26bef-7a80-470b-89dc-752ae9b76223: shutdown FollowerState
2019-10-16 21:00:29,733 [Thread-852] INFO  impl.FollowerState (FollowerState.java:run(117)) - e2e26bef-7a80-470b-89dc-752ae9b76223@group-B775CB1CFC79-FollowerState was interrupted: java.lang.InterruptedException: sleep interrupted
2019-10-16 21:00:29,733 [grpc-default-executor-4] INFO  impl.RoleInfo (RoleInfo.java:updateAndGet(143)) - e2e26bef-7a80-470b-89dc-752ae9b76223: start FollowerState
2019-10-16 21:00:29,734 [Thread-846] INFO  impl.FollowerState (FollowerState.java:run(117)) - e2e26bef-7a80-470b-89dc-752ae9b76223@group-0777CA79DD7E-FollowerState was interrupted: java.lang.InterruptedException: sleep interrupted
2019-10-16 21:00:29,734 [grpc-default-executor-5] INFO  impl.RoleInfo (RoleInfo.java:updateAndGet(143)) - e2e26bef-7a80-470b-89dc-752ae9b76223: start FollowerState
2019-10-16 21:00:29,748 [7d5bd66d-ed89-401c-bf86-050641c359fd@group-0777CA79DD7E-LeaderElection48] INFO  impl.LeaderElection (LeaderElection.java:logAndReturn(56)) - 7d5bd66d-ed89-401c-bf86-050641c359fd@group-0777CA79DD7E-LeaderElection48: Election REJECTED; received 2 response(s) [7d5bd66d-ed89-401c-bf86-050641c359fd<-e2e26bef-7a80-470b-89dc-752ae9b76223#0:FAIL-t14, 7d5bd66d-ed89-401c-bf86-050641c359fd<-7e02033f-e7de-4006-80be-ffeab2e3922a#0:FAIL-t14] and 0 exception(s); 7d5bd66d-ed89-401c-bf86-050641c359fd@group-0777CA79DD7E:t14, leader=null, voted=7d5bd66d-ed89-401c-bf86-050641c359fd, raftlog=7d5bd66d-ed89-401c-bf86-050641c359fd@group-0777CA79DD7E-SegmentedRaftLog:OPENED:c-1,f-1,i0, conf=-1: [7d5bd66d-ed89-401c-bf86-050641c359fd:192.168.157.254:45704, e2e26bef-7a80-470b-89dc-752ae9b76223:192.168.157.254:36344, 7e02033f-e7de-4006-80be-ffeab2e3922a:192.168.157.254:33430], old=null
2019-10-16 21:00:29,748 [7d5bd66d-ed89-401c-bf86-050641c359fd@group-0777CA79DD7E-LeaderElection48] INFO  impl.RaftServerImpl (RaftServerImpl.java:setRole(184)) - 7d5bd66d-ed89-401c-bf86-050641c359fd@group-0777CA79DD7E: changes role from CANDIDATE to FOLLOWER at term 14 for DISCOVERED_A_NEW_TERM
2019-10-16 21:00:29,748 [7e02033f-e7de-4006-80be-ffeab2e3922a@group-B775CB1CFC79-LeaderElection47] INFO  impl.LeaderElection (LeaderElection.java:logAndReturn(56)) - 7e02033f-e7de-4006-80be-ffeab2e3922a@group-B775CB1CFC79-LeaderElection47: Election REJECTED; received 2 response(s) [7e02033f-e7de-4006-80be-ffeab2e3922a<-7d5bd66d-ed89-401c-bf86-050641c359fd#0:FAIL-t33, 7e02033f-e7de-4006-80be-ffeab2e3922a<-e2e26bef-7a80-470b-89dc-752ae9b76223#0:FAIL-t33] and 0 exception(s); 7e02033f-e7de-4006-80be-ffeab2e3922a@group-B775CB1CFC79:t33, leader=null, voted=7e02033f-e7de-4006-80be-ffeab2e3922a, raftlog=7e02033f-e7de-4006-80be-ffeab2e3922a@group-B775CB1CFC79-SegmentedRaftLog:OPENED:c3,f4,i4, conf=0: [7d5bd66d-ed89-401c-bf86-050641c359fd:192.168.157.254:45704, e2e26bef-7a80-470b-89dc-752ae9b76223:192.168.157.254:36344, 7e02033f-e7de-4006-80be-ffeab2e3922a:192.168.157.254:33430], old=null
2019-10-16 21:00:29,748 [7d5bd66d-ed89-401c-bf86-050641c359fd@group-0777CA79DD7E-LeaderElection48] INFO  impl.RoleInfo (RoleInfo.java:shutdownLeaderElection(134)) - 7d5bd66d-ed89-401c-bf86-050641c359fd: shutdown LeaderElection
2019-10-16 21:00:29,748 [7e02033f-e7de-4006-80be-ffeab2e3922a@group-B775CB1CFC79-LeaderElection47] INFO  impl.RaftServerImpl (RaftServerImpl.java:setRole(184)) - 7e02033f-e7de-4006-80be-ffeab2e3922a@group-B775CB1CFC79: changes role from CANDIDATE to FOLLOWER at term 33 for DISCOVERED_A_NEW_TERM
2019-10-16 21:00:29,748 [7d5bd66d-ed89-401c-bf86-050641c359fd@group-0777CA79DD7E-LeaderElection48] INFO  impl.RoleInfo (RoleInfo.java:updateAndGet(143)) - 7d5bd66d-ed89-401c-bf86-050641c359fd: start FollowerState
2019-10-16 21:00:29,748 [7e02033f-e7de-4006-80be-ffeab2e3922a@group-B775CB1CFC79-LeaderElection47] INFO  impl.RoleInfo (RoleInfo.java:shutdownLeaderElection(134)) - 7e02033f-e7de-4006-80be-ffeab2e3922a: shutdown LeaderElection
2019-10-16 21:00:29,749 [7e02033f-e7de-4006-80be-ffeab2e3922a@group-B775CB1CFC79-LeaderElection47] INFO  impl.RoleInfo (RoleInfo.java:updateAndGet(143)) - 7e02033f-e7de-4006-80be-ffeab2e3922a: start FollowerState
2019-10-16 21:00:29,850 [Thread-864] INFO  impl.FollowerState (FollowerState.java:run(108)) - 7d5bd66d-ed89-401c-bf86-050641c359fd@group-0777CA79DD7E-FollowerState: change to CANDIDATE, lastRpcTime:101ms, electionTimeout:101ms
2019-10-16 21:00:29,850 [Thread-864] INFO  impl.RoleInfo (RoleInfo.java:shutdownFollowerState(121)) - 7d5bd66d-ed89-401c-bf86-050641c359fd: shutdown FollowerState
2019-10-16 21:00:29,850 [Thread-864] INFO  impl.RaftServerImpl (RaftServerImpl.java:setRole(184)) - 7d5bd66d-ed89-401c-bf86-050641c359fd@group-0777CA79DD7E: changes role from  FOLLOWER to CANDIDATE at term 14 for changeToCandidate
2019-10-16 21:00:29,850 [Thread-864] INFO  impl.RoleInfo (RoleInfo.java:updateAndGet(143)) - 7d5bd66d-ed89-401c-bf86-050641c359fd: start LeaderElection
2019-10-16 21:00:29,864 [7d5bd66d-ed89-401c-bf86-050641c359fd@group-0777CA79DD7E-LeaderElection49] INFO  impl.LeaderElection (LeaderElection.java:askForVotes(178)) - 7d5bd66d-ed89-401c-bf86-050641c359fd@group-0777CA79DD7E-LeaderElection49: begin an election at term 15 for -1: [7d5bd66d-ed89-401c-bf86-050641c359fd:192.168.157.254:45704, e2e26bef-7a80-470b-89dc-752ae9b76223:192.168.157.254:36344, 7e02033f-e7de-4006-80be-ffeab2e3922a:192.168.157.254:33430], old=null
2019-10-16 21:00:29,867 [grpc-default-executor-0] INFO  impl.RaftServerImpl (RaftServerImpl.java:setRole(184)) - e2e26bef-7a80-470b-89dc-752ae9b76223@group-0777CA79DD7E: changes role from  FOLLOWER to FOLLOWER at term 15 for recognizeCandidate:7d5bd66d-ed89-401c-bf86-050641c359fd
2019-10-16 21:00:29,867 [grpc-default-executor-0] INFO  impl.RoleInfo (RoleInfo.java:shutdownFollowerState(121)) - e2e26bef-7a80-470b-89dc-752ae9b76223: shutdown FollowerState
2019-10-16 21:00:29,867 [grpc-default-executor-0] INFO  impl.RoleInfo (RoleInfo.java:updateAndGet(143)) - e2e26bef-7a80-470b-89dc-752ae9b76223: start FollowerState
2019-10-16 21:00:29,867 [grpc-default-executor-5] INFO  impl.RaftServerImpl (RaftServerImpl.java:setRole(184)) - 7e02033f-e7de-4006-80be-ffeab2e3922a@group-0777CA79DD7E: changes role from  FOLLOWER to FOLLOWER at term 15 for recognizeCandidate:7d5bd66d-ed89-401c-bf86-050641c359fd
2019-10-16 21:00:29,867 [Thread-863] INFO  impl.FollowerState (FollowerState.java:run(117)) - e2e26bef-7a80-470b-89dc-752ae9b76223@group-0777CA79DD7E-FollowerState was interrupted: java.lang.InterruptedException: sleep interrupted
2019-10-16 21:00:29,867 [grpc-default-executor-5] INFO  impl.RoleInfo (RoleInfo.java:shutdownFollowerState(121)) - 7e02033f-e7de-4006-80be-ffeab2e3922a: shutdown FollowerState
2019-10-16 21:00:29,867 [grpc-default-executor-5] INFO  impl.RoleInfo (RoleInfo.java:updateAndGet(143)) - 7e02033f-e7de-4006-80be-ffeab2e3922a: start FollowerState
2019-10-16 21:00:29,867 [Thread-860] INFO  impl.FollowerState (FollowerState.java:run(117)) - 7e02033f-e7de-4006-80be-ffeab2e3922a@group-0777CA79DD7E-FollowerState was interrupted: java.lang.InterruptedException: sleep interrupted
2019-10-16 21:00:29,882 [7d5bd66d-ed89-401c-bf86-050641c359fd@group-0777CA79DD7E-LeaderElection49] INFO  impl.LeaderElection (LeaderElection.java:logAndReturn(56)) - 7d5bd66d-ed89-401c-bf86-050641c359fd@group-0777CA79DD7E-LeaderElection49: Election REJECTED; received 2 response(s) [7d5bd66d-ed89-401c-bf86-050641c359fd<-e2e26bef-7a80-470b-89dc-752ae9b76223#0:FAIL-t15, 7d5bd66d-ed89-401c-bf86-050641c359fd<-7e02033f-e7de-4006-80be-ffeab2e3922a#0:FAIL-t15] and 0 exception(s); 7d5bd66d-ed89-401c-bf86-050641c359fd@group-0777CA79DD7E:t15, leader=null, voted=7d5bd66d-ed89-401c-bf86-050641c359fd, raftlog=7d5bd66d-ed89-401c-bf86-050641c359fd@group-0777CA79DD7E-SegmentedRaftLog:OPENED:c-1,f-1,i0, conf=-1: [7d5bd66d-ed89-401c-bf86-050641c359fd:192.168.157.254:45704, e2e26bef-7a80-470b-89dc-752ae9b76223:192.168.157.254:36344, 7e02033f-e7de-4006-80be-ffeab2e3922a:192.168.157.254:33430], old=null
2019-10-16 21:00:29,882 [7d5bd66d-ed89-401c-bf86-050641c359fd@group-0777CA79DD7E-LeaderElection49] INFO  impl.RaftServerImpl (RaftServerImpl.java:setRole(184)) - 7d5bd66d-ed89-401c-bf86-050641c359fd@group-0777CA79DD7E: changes role from CANDIDATE to FOLLOWER at term 15 for DISCOVERED_A_NEW_TERM
2019-10-16 21:00:29,882 [7d5bd66d-ed89-401c-bf86-050641c359fd@group-0777CA79DD7E-LeaderElection49] INFO  impl.RoleInfo (RoleInfo.java:shutdownLeaderElection(134)) - 7d5bd66d-ed89-401c-bf86-050641c359fd: shutdown LeaderElection
2019-10-16 21:00:29,882 [7d5bd66d-ed89-401c-bf86-050641c359fd@group-0777CA79DD7E-LeaderElection49] INFO  impl.RoleInfo (RoleInfo.java:updateAndGet(143)) - 7d5bd66d-ed89-401c-bf86-050641c359fd: start FollowerState
2019-10-16 21:00:29,890 [BlockDeletingService#2] WARN  background.BlockDeletingService (BlockDeletingService.java:isDeletionAllowed(187)) - Close Container log Index 6 is not replicated across allthe servers in the pipeline 4fea0e3a-b978-493d-b2ed-b775cb1cfc79 as the min replicated index is 4. Deletion is not allowed in this container yet.
2019-10-16 21:00:29,891 [BlockDeletingService#2] WARN  background.BlockDeletingService (BlockDeletingService.java:isDeletionAllowed(187)) - Close Container log Index 6 is not replicated across allthe servers in the pipeline 4fea0e3a-b978-493d-b2ed-b775cb1cfc79 as the min replicated index is 4. Deletion is not allowed in this container yet.
2019-10-16 21:00:29,936 [Thread-865] INFO  impl.FollowerState (FollowerState.java:run(108)) - 7e02033f-e7de-4006-80be-ffeab2e3922a@group-B775CB1CFC79-FollowerState: change to CANDIDATE, lastRpcTime:187ms, electionTimeout:187ms
2019-10-16 21:00:29,936 [Thread-865] INFO  impl.RoleInfo (RoleInfo.java:shutdownFollowerState(121)) - 7e02033f-e7de-4006-80be-ffeab2e3922a: shutdown FollowerState
2019-10-16 21:00:29,936 [Thread-865] INFO  impl.RaftServerImpl (RaftServerImpl.java:setRole(184)) - 7e02033f-e7de-4006-80be-ffeab2e3922a@group-B775CB1CFC79: changes role from  FOLLOWER to CANDIDATE at term 33 for changeToCandidate
2019-10-16 21:00:29,936 [Thread-865] INFO  impl.RoleInfo (RoleInfo.java:updateAndGet(143)) - 7e02033f-e7de-4006-80be-ffeab2e3922a: start LeaderElection
2019-10-16 21:00:29,950 [7e02033f-e7de-4006-80be-ffeab2e3922a@group-B775CB1CFC79-LeaderElection50] INFO  impl.LeaderElection (LeaderElection.java:askForVotes(178)) - 7e02033f-e7de-4006-80be-ffeab2e3922a@group-B775CB1CFC79-LeaderElection50: begin an election at term 34 for 0: [7d5bd66d-ed89-401c-bf86-050641c359fd:192.168.157.254:45704, e2e26bef-7a80-470b-89dc-752ae9b76223:192.168.157.254:36344, 7e02033f-e7de-4006-80be-ffeab2e3922a:192.168.157.254:33430], old=null
2019-10-16 21:00:29,953 [grpc-default-executor-0] INFO  impl.RaftServerImpl (RaftServerImpl.java:setRole(184)) - 7d5bd66d-ed89-401c-bf86-050641c359fd@group-B775CB1CFC79: changes role from  FOLLOWER to FOLLOWER at term 34 for recognizeCandidate:7e02033f-e7de-4006-80be-ffeab2e3922a
2019-10-16 21:00:29,953 [grpc-default-executor-0] INFO  impl.RoleInfo (RoleInfo.java:shutdownFollowerState(121)) - 7d5bd66d-ed89-401c-bf86-050641c359fd: shutdown FollowerState
2019-10-16 21:00:29,953 [grpc-default-executor-5] INFO  impl.RaftServerImpl (RaftServerImpl.java:setRole(184)) - e2e26bef-7a80-470b-89dc-752ae9b76223@group-B775CB1CFC79: changes role from  FOLLOWER to FOLLOWER at term 34 for recognizeCandidate:7e02033f-e7de-4006-80be-ffeab2e3922a
2019-10-16 21:00:29,953 [grpc-default-executor-0] INFO  impl.RoleInfo (RoleInfo.java:updateAndGet(143)) - 7d5bd66d-ed89-401c-bf86-050641c359fd: start FollowerState
2019-10-16 21:00:29,953 [Thread-861] INFO  impl.FollowerState (FollowerState.java:run(117)) - 7d5bd66d-ed89-401c-bf86-050641c359fd@group-B775CB1CFC79-FollowerState was interrupted: java.lang.InterruptedException: sleep interrupted
2019-10-16 21:00:29,953 [grpc-default-executor-5] INFO  impl.RoleInfo (RoleInfo.java:shutdownFollowerState(121)) - e2e26bef-7a80-470b-89dc-752ae9b76223: shutdown FollowerState
2019-10-16 21:00:29,953 [grpc-default-executor-5] INFO  impl.RoleInfo (RoleInfo.java:updateAndGet(143)) - e2e26bef-7a80-470b-89dc-752ae9b76223: start FollowerState
2019-10-16 21:00:29,953 [Thread-862] INFO  impl.FollowerState (FollowerState.java:run(117)) - e2e26bef-7a80-470b-89dc-752ae9b76223@group-B775CB1CFC79-FollowerState was interrupted: java.lang.InterruptedException: sleep interrupted
2019-10-16 21:00:29,973 [7e02033f-e7de-4006-80be-ffeab2e3922a@group-B775CB1CFC79-LeaderElection50] INFO  impl.LeaderElection (LeaderElection.java:logAndReturn(56)) - 7e02033f-e7de-4006-80be-ffeab2e3922a@group-B775CB1CFC79-LeaderElection50: Election REJECTED; received 2 response(s) [7e02033f-e7de-4006-80be-ffeab2e3922a<-7d5bd66d-ed89-401c-bf86-050641c359fd#0:FAIL-t34, 7e02033f-e7de-4006-80be-ffeab2e3922a<-e2e26bef-7a80-470b-89dc-752ae9b76223#0:FAIL-t34] and 0 exception(s); 7e02033f-e7de-4006-80be-ffeab2e3922a@group-B775CB1CFC79:t34, leader=null, voted=7e02033f-e7de-4006-80be-ffeab2e3922a, raftlog=7e02033f-e7de-4006-80be-ffeab2e3922a@group-B775CB1CFC79-SegmentedRaftLog:OPENED:c3,f4,i4, conf=0: [7d5bd66d-ed89-401c-bf86-050641c359fd:192.168.157.254:45704, e2e26bef-7a80-470b-89dc-752ae9b76223:192.168.157.254:36344, 7e02033f-e7de-4006-80be-ffeab2e3922a:192.168.157.254:33430], old=null
2019-10-16 21:00:29,973 [7e02033f-e7de-4006-80be-ffeab2e3922a@group-B775CB1CFC79-LeaderElection50] INFO  impl.RaftServerImpl (RaftServerImpl.java:setRole(184)) - 7e02033f-e7de-4006-80be-ffeab2e3922a@group-B775CB1CFC79: changes role from CANDIDATE to FOLLOWER at term 34 for DISCOVERED_A_NEW_TERM
2019-10-16 21:00:29,973 [7e02033f-e7de-4006-80be-ffeab2e3922a@group-B775CB1CFC79-LeaderElection50] INFO  impl.RoleInfo (RoleInfo.java:shutdownLeaderElection(134)) - 7e02033f-e7de-4006-80be-ffeab2e3922a: shutdown LeaderElection
2019-10-16 21:00:29,973 [7e02033f-e7de-4006-80be-ffeab2e3922a@group-B775CB1CFC79-LeaderElection50] INFO  impl.RoleInfo (RoleInfo.java:updateAndGet(143)) - 7e02033f-e7de-4006-80be-ffeab2e3922a: start FollowerState
2019-10-16 21:00:30,021 [Thread-871] INFO  impl.FollowerState (FollowerState.java:run(108)) - 7d5bd66d-ed89-401c-bf86-050641c359fd@group-0777CA79DD7E-FollowerState: change to CANDIDATE, lastRpcTime:139ms, electionTimeout:139ms
2019-10-16 21:00:30,022 [Thread-871] INFO  impl.RoleInfo (RoleInfo.java:shutdownFollowerState(121)) - 7d5bd66d-ed89-401c-bf86-050641c359fd: shutdown FollowerState
2019-10-16 21:00:30,022 [Thread-871] INFO  impl.RaftServerImpl (RaftServerImpl.java:setRole(184)) - 7d5bd66d-ed89-401c-bf86-050641c359fd@group-0777CA79DD7E: changes role from  FOLLOWER to CANDIDATE at term 15 for changeToCandidate
2019-10-16 21:00:30,022 [Thread-879] INFO  impl.FollowerState (FollowerState.java:run(108)) - 7e02033f-e7de-4006-80be-ffeab2e3922a@group-B775CB1CFC79-FollowerState: change to CANDIDATE, lastRpcTime:48ms, electionTimeout:48ms
2019-10-16 21:00:30,022 [Thread-879] INFO  impl.RoleInfo (RoleInfo.java:shutdownFollowerState(121)) - 7e02033f-e7de-4006-80be-ffeab2e3922a: shutdown FollowerState
2019-10-16 21:00:30,022 [Thread-871] INFO  impl.RoleInfo (RoleInfo.java:updateAndGet(143)) - 7d5bd66d-ed89-401c-bf86-050641c359fd: start LeaderElection
2019-10-16 21:00:30,022 [Thread-879] INFO  impl.RaftServerImpl (RaftServerImpl.java:setRole(184)) - 7e02033f-e7de-4006-80be-ffeab2e3922a@group-B775CB1CFC79: changes role from  FOLLOWER to CANDIDATE at term 34 for changeToCandidate
2019-10-16 21:00:30,022 [Thread-879] INFO  impl.RoleInfo (RoleInfo.java:updateAndGet(143)) - 7e02033f-e7de-4006-80be-ffeab2e3922a: start LeaderElection
2019-10-16 21:00:30,036 [7e02033f-e7de-4006-80be-ffeab2e3922a@group-B775CB1CFC79-LeaderElection52] INFO  impl.LeaderElection (LeaderElection.java:askForVotes(178)) - 7e02033f-e7de-4006-80be-ffeab2e3922a@group-B775CB1CFC79-LeaderElection52: begin an election at term 35 for 0: [7d5bd66d-ed89-401c-bf86-050641c359fd:192.168.157.254:45704, e2e26bef-7a80-470b-89dc-752ae9b76223:192.168.157.254:36344, 7e02033f-e7de-4006-80be-ffeab2e3922a:192.168.157.254:33430], old=null
2019-10-16 21:00:30,036 [7d5bd66d-ed89-401c-bf86-050641c359fd@group-0777CA79DD7E-LeaderElection51] INFO  impl.LeaderElection (LeaderElection.java:askForVotes(178)) - 7d5bd66d-ed89-401c-bf86-050641c359fd@group-0777CA79DD7E-LeaderElection51: begin an election at term 16 for -1: [7d5bd66d-ed89-401c-bf86-050641c359fd:192.168.157.254:45704, e2e26bef-7a80-470b-89dc-752ae9b76223:192.168.157.254:36344, 7e02033f-e7de-4006-80be-ffeab2e3922a:192.168.157.254:33430], old=null
2019-10-16 21:00:30,039 [grpc-default-executor-0] INFO  impl.RaftServerImpl (RaftServerImpl.java:setRole(184)) - e2e26bef-7a80-470b-89dc-752ae9b76223@group-0777CA79DD7E: changes role from  FOLLOWER to FOLLOWER at term 16 for recognizeCandidate:7d5bd66d-ed89-401c-bf86-050641c359fd
2019-10-16 21:00:30,039 [grpc-default-executor-4] INFO  impl.RaftServerImpl (RaftServerImpl.java:setRole(184)) - 7e02033f-e7de-4006-80be-ffeab2e3922a@group-0777CA79DD7E: changes role from  FOLLOWER to FOLLOWER at term 16 for recognizeCandidate:7d5bd66d-ed89-401c-bf86-050641c359fd
2019-10-16 21:00:30,039 [grpc-default-executor-5] INFO  impl.RaftServerImpl (RaftServerImpl.java:setRole(184)) - e2e26bef-7a80-470b-89dc-752ae9b76223@group-B775CB1CFC79: changes role from  FOLLOWER to FOLLOWER at term 35 for recognizeCandidate:7e02033f-e7de-4006-80be-ffeab2e3922a
2019-10-16 21:00:30,039 [grpc-default-executor-4] INFO  impl.RoleInfo (RoleInfo.java:shutdownFollowerState(121)) - 7e02033f-e7de-4006-80be-ffeab2e3922a: shutdown FollowerState
2019-10-16 21:00:30,039 [grpc-default-executor-0] INFO  impl.RoleInfo (RoleInfo.java:shutdownFollowerState(121)) - e2e26bef-7a80-470b-89dc-752ae9b76223: shutdown FollowerState
2019-10-16 21:00:30,039 [Thread-870] INFO  impl.FollowerState (FollowerState.java:run(117)) - 7e02033f-e7de-4006-80be-ffeab2e3922a@group-0777CA79DD7E-FollowerState was interrupted: java.lang.InterruptedException: sleep interrupted
2019-10-16 21:00:30,039 [grpc-default-executor-4] INFO  impl.RoleInfo (RoleInfo.java:updateAndGet(143)) - 7e02033f-e7de-4006-80be-ffeab2e3922a: start FollowerState
2019-10-16 21:00:30,039 [grpc-default-executor-2] INFO  impl.RaftServerImpl (RaftServerImpl.java:setRole(184)) - 7d5bd66d-ed89-401c-bf86-050641c359fd@group-B775CB1CFC79: changes role from  FOLLOWER to FOLLOWER at term 35 for recognizeCandidate:7e02033f-e7de-4006-80be-ffeab2e3922a
2019-10-16 21:00:30,040 [grpc-default-executor-2] INFO  impl.RoleInfo (RoleInfo.java:shutdownFollowerState(121)) - 7d5bd66d-ed89-401c-bf86-050641c359fd: shutdown FollowerState
2019-10-16 21:00:30,039 [grpc-default-executor-5] INFO  impl.RoleInfo (RoleInfo.java:shutdownFollowerState(121)) - e2e26bef-7a80-470b-89dc-752ae9b76223: shutdown FollowerState
2019-10-16 21:00:30,040 [grpc-default-executor-2] INFO  impl.RoleInfo (RoleInfo.java:updateAndGet(143)) - 7d5bd66d-ed89-401c-bf86-050641c359fd: start FollowerState
2019-10-16 21:00:30,040 [Thread-877] INFO  impl.FollowerState (FollowerState.java:run(117)) - 7d5bd66d-ed89-401c-bf86-050641c359fd@group-B775CB1CFC79-FollowerState was interrupted: java.lang.InterruptedException: sleep interrupted
2019-10-16 21:00:30,040 [grpc-default-executor-0] INFO  impl.RoleInfo (RoleInfo.java:updateAndGet(143)) - e2e26bef-7a80-470b-89dc-752ae9b76223: start FollowerState
2019-10-16 21:00:30,040 [Thread-869] INFO  impl.FollowerState (FollowerState.java:run(117)) - e2e26bef-7a80-470b-89dc-752ae9b76223@group-0777CA79DD7E-FollowerState was interrupted: java.lang.InterruptedException: sleep interrupted
2019-10-16 21:00:30,040 [grpc-default-executor-5] INFO  impl.RoleInfo (RoleInfo.java:updateAndGet(143)) - e2e26bef-7a80-470b-89dc-752ae9b76223: start FollowerState
2019-10-16 21:00:30,040 [Thread-878] INFO  impl.FollowerState (FollowerState.java:run(117)) - e2e26bef-7a80-470b-89dc-752ae9b76223@group-B775CB1CFC79-FollowerState was interrupted: java.lang.InterruptedException: sleep interrupted
2019-10-16 21:00:30,055 [7d5bd66d-ed89-401c-bf86-050641c359fd@group-0777CA79DD7E-LeaderElection51] INFO  impl.LeaderElection (LeaderElection.java:logAndReturn(56)) - 7d5bd66d-ed89-401c-bf86-050641c359fd@group-0777CA79DD7E-LeaderElection51: Election REJECTED; received 2 response(s) [7d5bd66d-ed89-401c-bf86-050641c359fd<-e2e26bef-7a80-470b-89dc-752ae9b76223#0:FAIL-t16, 7d5bd66d-ed89-401c-bf86-050641c359fd<-7e02033f-e7de-4006-80be-ffeab2e3922a#0:FAIL-t16] and 0 exception(s); 7d5bd66d-ed89-401c-bf86-050641c359fd@group-0777CA79DD7E:t16, leader=null, voted=7d5bd66d-ed89-401c-bf86-050641c359fd, raftlog=7d5bd66d-ed89-401c-bf86-050641c359fd@group-0777CA79DD7E-SegmentedRaftLog:OPENED:c-1,f-1,i0, conf=-1: [7d5bd66d-ed89-401c-bf86-050641c359fd:192.168.157.254:45704, e2e26bef-7a80-470b-89dc-752ae9b76223:192.168.157.254:36344, 7e02033f-e7de-4006-80be-ffeab2e3922a:192.168.157.254:33430], old=null
2019-10-16 21:00:30,055 [7e02033f-e7de-4006-80be-ffeab2e3922a@group-B775CB1CFC79-LeaderElection52] INFO  impl.LeaderElection (LeaderElection.java:logAndReturn(56)) - 7e02033f-e7de-4006-80be-ffeab2e3922a@group-B775CB1CFC79-LeaderElection52: Election REJECTED; received 2 response(s) [7e02033f-e7de-4006-80be-ffeab2e3922a<-7d5bd66d-ed89-401c-bf86-050641c359fd#0:FAIL-t35, 7e02033f-e7de-4006-80be-ffeab2e3922a<-e2e26bef-7a80-470b-89dc-752ae9b76223#0:FAIL-t35] and 0 exception(s); 7e02033f-e7de-4006-80be-ffeab2e3922a@group-B775CB1CFC79:t35, leader=null, voted=7e02033f-e7de-4006-80be-ffeab2e3922a, raftlog=7e02033f-e7de-4006-80be-ffeab2e3922a@group-B775CB1CFC79-SegmentedRaftLog:OPENED:c3,f4,i4, conf=0: [7d5bd66d-ed89-401c-bf86-050641c359fd:192.168.157.254:45704, e2e26bef-7a80-470b-89dc-752ae9b76223:192.168.157.254:36344, 7e02033f-e7de-4006-80be-ffeab2e3922a:192.168.157.254:33430], old=null
2019-10-16 21:00:30,055 [7d5bd66d-ed89-401c-bf86-050641c359fd@group-0777CA79DD7E-LeaderElection51] INFO  impl.RaftServerImpl (RaftServerImpl.java:setRole(184)) - 7d5bd66d-ed89-401c-bf86-050641c359fd@group-0777CA79DD7E: changes role from CANDIDATE to FOLLOWER at term 16 for DISCOVERED_A_NEW_TERM
2019-10-16 21:00:30,055 [7e02033f-e7de-4006-80be-ffeab2e3922a@group-B775CB1CFC79-LeaderElection52] INFO  impl.RaftServerImpl (RaftServerImpl.java:setRole(184)) - 7e02033f-e7de-4006-80be-ffeab2e3922a@group-B775CB1CFC79: changes role from CANDIDATE to FOLLOWER at term 35 for DISCOVERED_A_NEW_TERM
2019-10-16 21:00:30,056 [7d5bd66d-ed89-401c-bf86-050641c359fd@group-0777CA79DD7E-LeaderElection51] INFO  impl.RoleInfo (RoleInfo.java:shutdownLeaderElection(134)) - 7d5bd66d-ed89-401c-bf86-050641c359fd: shutdown LeaderElection
2019-10-16 21:00:30,056 [7e02033f-e7de-4006-80be-ffeab2e3922a@group-B775CB1CFC79-LeaderElection52] INFO  impl.RoleInfo (RoleInfo.java:shutdownLeaderElection(134)) - 7e02033f-e7de-4006-80be-ffeab2e3922a: shutdown LeaderElection
2019-10-16 21:00:30,056 [7d5bd66d-ed89-401c-bf86-050641c359fd@group-0777CA79DD7E-LeaderElection51] INFO  impl.RoleInfo (RoleInfo.java:updateAndGet(143)) - 7d5bd66d-ed89-401c-bf86-050641c359fd: start FollowerState
2019-10-16 21:00:30,056 [7e02033f-e7de-4006-80be-ffeab2e3922a@group-B775CB1CFC79-LeaderElection52] INFO  impl.RoleInfo (RoleInfo.java:updateAndGet(143)) - 7e02033f-e7de-4006-80be-ffeab2e3922a: start FollowerState
2019-10-16 21:00:30,165 [Thread-890] INFO  impl.FollowerState (FollowerState.java:run(108)) - 7d5bd66d-ed89-401c-bf86-050641c359fd@group-0777CA79DD7E-FollowerState: change to CANDIDATE, lastRpcTime:109ms, electionTimeout:109ms
2019-10-16 21:00:30,166 [Thread-890] INFO  impl.RoleInfo (RoleInfo.java:shutdownFollowerState(121)) - 7d5bd66d-ed89-401c-bf86-050641c359fd: shutdown FollowerState
2019-10-16 21:00:30,166 [Thread-890] INFO  impl.RaftServerImpl (RaftServerImpl.java:setRole(184)) - 7d5bd66d-ed89-401c-bf86-050641c359fd@group-0777CA79DD7E: changes role from  FOLLOWER to CANDIDATE at term 16 for changeToCandidate
2019-10-16 21:00:30,166 [Thread-890] INFO  impl.RoleInfo (RoleInfo.java:updateAndGet(143)) - 7d5bd66d-ed89-401c-bf86-050641c359fd: start LeaderElection
2019-10-16 21:00:30,180 [7d5bd66d-ed89-401c-bf86-050641c359fd@group-0777CA79DD7E-LeaderElection53] INFO  impl.LeaderElection (LeaderElection.java:askForVotes(178)) - 7d5bd66d-ed89-401c-bf86-050641c359fd@group-0777CA79DD7E-LeaderElection53: begin an election at term 17 for -1: [7d5bd66d-ed89-401c-bf86-050641c359fd:192.168.157.254:45704, e2e26bef-7a80-470b-89dc-752ae9b76223:192.168.157.254:36344, 7e02033f-e7de-4006-80be-ffeab2e3922a:192.168.157.254:33430], old=null
2019-10-16 21:00:30,183 [grpc-default-executor-4] INFO  impl.RaftServerImpl (RaftServerImpl.java:setRole(184)) - e2e26bef-7a80-470b-89dc-752ae9b76223@group-0777CA79DD7E: changes role from  FOLLOWER to FOLLOWER at term 17 for recognizeCandidate:7d5bd66d-ed89-401c-bf86-050641c359fd
2019-10-16 21:00:30,183 [grpc-default-executor-2] INFO  impl.RaftServerImpl (RaftServerImpl.java:setRole(184)) - 7e02033f-e7de-4006-80be-ffeab2e3922a@group-0777CA79DD7E: changes role from  FOLLOWER to FOLLOWER at term 17 for recognizeCandidate:7d5bd66d-ed89-401c-bf86-050641c359fd
2019-10-16 21:00:30,183 [grpc-default-executor-4] INFO  impl.RoleInfo (RoleInfo.java:shutdownFollowerState(121)) - e2e26bef-7a80-470b-89dc-752ae9b76223: shutdown FollowerState
2019-10-16 21:00:30,183 [grpc-default-executor-2] INFO  impl.RoleInfo (RoleInfo.java:shutdownFollowerState(121)) - 7e02033f-e7de-4006-80be-ffeab2e3922a: shutdown FollowerState
2019-10-16 21:00:30,184 [Thread-887] INFO  impl.FollowerState (FollowerState.java:run(117)) - e2e26bef-7a80-470b-89dc-752ae9b76223@group-0777CA79DD7E-FollowerState was interrupted: java.lang.InterruptedException: sleep interrupted
2019-10-16 21:00:30,184 [grpc-default-executor-4] INFO  impl.RoleInfo (RoleInfo.java:updateAndGet(143)) - e2e26bef-7a80-470b-89dc-752ae9b76223: start FollowerState
2019-10-16 21:00:30,184 [Thread-886] INFO  impl.FollowerState (FollowerState.java:run(117)) - 7e02033f-e7de-4006-80be-ffeab2e3922a@group-0777CA79DD7E-FollowerState was interrupted: java.lang.InterruptedException: sleep interrupted
2019-10-16 21:00:30,184 [grpc-default-executor-2] INFO  impl.RoleInfo (RoleInfo.java:updateAndGet(143)) - 7e02033f-e7de-4006-80be-ffeab2e3922a: start FollowerState
2019-10-16 21:00:30,200 [7d5bd66d-ed89-401c-bf86-050641c359fd@group-0777CA79DD7E-LeaderElection53] INFO  impl.LeaderElection (LeaderElection.java:logAndReturn(56)) - 7d5bd66d-ed89-401c-bf86-050641c359fd@group-0777CA79DD7E-LeaderElection53: Election REJECTED; received 2 response(s) [7d5bd66d-ed89-401c-bf86-050641c359fd<-e2e26bef-7a80-470b-89dc-752ae9b76223#0:FAIL-t17, 7d5bd66d-ed89-401c-bf86-050641c359fd<-7e02033f-e7de-4006-80be-ffeab2e3922a#0:FAIL-t17] and 0 exception(s); 7d5bd66d-ed89-401c-bf86-050641c359fd@group-0777CA79DD7E:t17, leader=null, voted=7d5bd66d-ed89-401c-bf86-050641c359fd, raftlog=7d5bd66d-ed89-401c-bf86-050641c359fd@group-0777CA79DD7E-SegmentedRaftLog:OPENED:c-1,f-1,i0, conf=-1: [7d5bd66d-ed89-401c-bf86-050641c359fd:192.168.157.254:45704, e2e26bef-7a80-470b-89dc-752ae9b76223:192.168.157.254:36344, 7e02033f-e7de-4006-80be-ffeab2e3922a:192.168.157.254:33430], old=null
2019-10-16 21:00:30,200 [7d5bd66d-ed89-401c-bf86-050641c359fd@group-0777CA79DD7E-LeaderElection53] INFO  impl.RaftServerImpl (RaftServerImpl.java:setRole(184)) - 7d5bd66d-ed89-401c-bf86-050641c359fd@group-0777CA79DD7E: changes role from CANDIDATE to FOLLOWER at term 17 for DISCOVERED_A_NEW_TERM
2019-10-16 21:00:30,200 [7d5bd66d-ed89-401c-bf86-050641c359fd@group-0777CA79DD7E-LeaderElection53] INFO  impl.RoleInfo (RoleInfo.java:shutdownLeaderElection(134)) - 7d5bd66d-ed89-401c-bf86-050641c359fd: shutdown LeaderElection
2019-10-16 21:00:30,200 [7d5bd66d-ed89-401c-bf86-050641c359fd@group-0777CA79DD7E-LeaderElection53] INFO  impl.RoleInfo (RoleInfo.java:updateAndGet(143)) - 7d5bd66d-ed89-401c-bf86-050641c359fd: start FollowerState
2019-10-16 21:00:30,248 [Thread-891] INFO  impl.FollowerState (FollowerState.java:run(108)) - 7e02033f-e7de-4006-80be-ffeab2e3922a@group-B775CB1CFC79-FollowerState: change to CANDIDATE, lastRpcTime:192ms, electionTimeout:192ms
2019-10-16 21:00:30,249 [Thread-891] INFO  impl.RoleInfo (RoleInfo.java:shutdownFollowerState(121)) - 7e02033f-e7de-4006-80be-ffeab2e3922a: shutdown FollowerState
2019-10-16 21:00:30,249 [Thread-891] INFO  impl.RaftServerImpl (RaftServerImpl.java:setRole(184)) - 7e02033f-e7de-4006-80be-ffeab2e3922a@group-B775CB1CFC79: changes role from  FOLLOWER to CANDIDATE at term 35 for changeToCandidate
2019-10-16 21:00:30,249 [Thread-891] INFO  impl.RoleInfo (RoleInfo.java:updateAndGet(143)) - 7e02033f-e7de-4006-80be-ffeab2e3922a: start LeaderElection
2019-10-16 21:00:30,263 [7e02033f-e7de-4006-80be-ffeab2e3922a@group-B775CB1CFC79-LeaderElection54] INFO  impl.LeaderElection (LeaderElection.java:askForVotes(178)) - 7e02033f-e7de-4006-80be-ffeab2e3922a@group-B775CB1CFC79-LeaderElection54: begin an election at term 36 for 0: [7d5bd66d-ed89-401c-bf86-050641c359fd:192.168.157.254:45704, e2e26bef-7a80-470b-89dc-752ae9b76223:192.168.157.254:36344, 7e02033f-e7de-4006-80be-ffeab2e3922a:192.168.157.254:33430], old=null
2019-10-16 21:00:30,265 [grpc-default-executor-4] INFO  impl.RaftServerImpl (RaftServerImpl.java:setRole(184)) - 7d5bd66d-ed89-401c-bf86-050641c359fd@group-B775CB1CFC79: changes role from  FOLLOWER to FOLLOWER at term 36 for recognizeCandidate:7e02033f-e7de-4006-80be-ffeab2e3922a
2019-10-16 21:00:30,265 [grpc-default-executor-4] INFO  impl.RoleInfo (RoleInfo.java:shutdownFollowerState(121)) - 7d5bd66d-ed89-401c-bf86-050641c359fd: shutdown FollowerState
2019-10-16 21:00:30,266 [grpc-default-executor-4] INFO  impl.RoleInfo (RoleInfo.java:updateAndGet(143)) - 7d5bd66d-ed89-401c-bf86-050641c359fd: start FollowerState
2019-10-16 21:00:30,266 [Thread-888] INFO  impl.FollowerState (FollowerState.java:run(117)) - 7d5bd66d-ed89-401c-bf86-050641c359fd@group-B775CB1CFC79-FollowerState was interrupted: java.lang.InterruptedException: sleep interrupted
2019-10-16 21:00:30,266 [grpc-default-executor-2] INFO  impl.RaftServerImpl (RaftServerImpl.java:setRole(184)) - e2e26bef-7a80-470b-89dc-752ae9b76223@group-B775CB1CFC79: changes role from  FOLLOWER to FOLLOWER at term 36 for recognizeCandidate:7e02033f-e7de-4006-80be-ffeab2e3922a
2019-10-16 21:00:30,266 [grpc-default-executor-2] INFO  impl.RoleInfo (RoleInfo.java:shutdownFollowerState(121)) - e2e26bef-7a80-470b-89dc-752ae9b76223: shutdown FollowerState
2019-10-16 21:00:30,266 [grpc-default-executor-2] INFO  impl.RoleInfo (RoleInfo.java:updateAndGet(143)) - e2e26bef-7a80-470b-89dc-752ae9b76223: start FollowerState
2019-10-16 21:00:30,266 [Thread-889] INFO  impl.FollowerState (FollowerState.java:run(117)) - e2e26bef-7a80-470b-89dc-752ae9b76223@group-B775CB1CFC79-FollowerState was interrupted: java.lang.InterruptedException: sleep interrupted
2019-10-16 21:00:30,279 [Thread-905] INFO  client.GrpcClientProtocolService (GrpcClientProtocolService.java:lambda$processClientRequest$0(278)) - Failed RaftClientRequest:client-BDDAE6707277->e2e26bef-7a80-470b-89dc-752ae9b76223@group-B775CB1CFC79, cid=10, seq=0, Watch-ALL_COMMITTED(6), Message:<EMPTY>, reply=RaftClientReply:client-BDDAE6707277->e2e26bef-7a80-470b-89dc-752ae9b76223@group-B775CB1CFC79, cid=10, FAILED org.apache.ratis.protocol.NotLeaderException: Server e2e26bef-7a80-470b-89dc-752ae9b76223@group-B775CB1CFC79 is not the leader, logIndex=0, commits[e2e26bef-7a80-470b-89dc-752ae9b76223:c10, 7d5bd66d-ed89-401c-bf86-050641c359fd:c10, 7e02033f-e7de-4006-80be-ffeab2e3922a:c4]
2019-10-16 21:00:30,283 [7e02033f-e7de-4006-80be-ffeab2e3922a@group-B775CB1CFC79-LeaderElection54] INFO  impl.LeaderElection (LeaderElection.java:logAndReturn(56)) - 7e02033f-e7de-4006-80be-ffeab2e3922a@group-B775CB1CFC79-LeaderElection54: Election REJECTED; received 2 response(s) [7e02033f-e7de-4006-80be-ffeab2e3922a<-7d5bd66d-ed89-401c-bf86-050641c359fd#0:FAIL-t36, 7e02033f-e7de-4006-80be-ffeab2e3922a<-e2e26bef-7a80-470b-89dc-752ae9b76223#0:FAIL-t36] and 0 exception(s); 7e02033f-e7de-4006-80be-ffeab2e3922a@group-B775CB1CFC79:t36, leader=null, voted=7e02033f-e7de-4006-80be-ffeab2e3922a, raftlog=7e02033f-e7de-4006-80be-ffeab2e3922a@group-B775CB1CFC79-SegmentedRaftLog:OPENED:c3,f4,i4, conf=0: [7d5bd66d-ed89-401c-bf86-050641c359fd:192.168.157.254:45704, e2e26bef-7a80-470b-89dc-752ae9b76223:192.168.157.254:36344, 7e02033f-e7de-4006-80be-ffeab2e3922a:192.168.157.254:33430], old=null
2019-10-16 21:00:30,283 [7e02033f-e7de-4006-80be-ffeab2e3922a@group-B775CB1CFC79-LeaderElection54] INFO  impl.RaftServerImpl (RaftServerImpl.java:setRole(184)) - 7e02033f-e7de-4006-80be-ffeab2e3922a@group-B775CB1CFC79: changes role from CANDIDATE to FOLLOWER at term 36 for DISCOVERED_A_NEW_TERM
2019-10-16 21:00:30,284 [7e02033f-e7de-4006-80be-ffeab2e3922a@group-B775CB1CFC79-LeaderElection54] INFO  impl.RoleInfo (RoleInfo.java:shutdownLeaderElection(134)) - 7e02033f-e7de-4006-80be-ffeab2e3922a: shutdown LeaderElection
2019-10-16 21:00:30,285 [7e02033f-e7de-4006-80be-ffeab2e3922a@group-B775CB1CFC79-LeaderElection54] INFO  impl.RoleInfo (RoleInfo.java:updateAndGet(143)) - 7e02033f-e7de-4006-80be-ffeab2e3922a: start FollowerState
2019-10-16 21:00:30,327 [Thread-898] INFO  impl.FollowerState (FollowerState.java:run(108)) - 7d5bd66d-ed89-401c-bf86-050641c359fd@group-0777CA79DD7E-FollowerState: change to CANDIDATE, lastRpcTime:127ms, electionTimeout:127ms
2019-10-16 21:00:30,328 [Thread-898] INFO  impl.RoleInfo (RoleInfo.java:shutdownFollowerState(121)) - 7d5bd66d-ed89-401c-bf86-050641c359fd: shutdown FollowerState
2019-10-16 21:00:30,328 [Thread-898] INFO  impl.RaftServerImpl (RaftServerImpl.java:setRole(184)) - 7d5bd66d-ed89-401c-bf86-050641c359fd@group-0777CA79DD7E: changes role from  FOLLOWER to CANDIDATE at term 17 for changeToCandidate
2019-10-16 21:00:30,328 [Thread-898] INFO  impl.RoleInfo (RoleInfo.java:updateAndGet(143)) - 7d5bd66d-ed89-401c-bf86-050641c359fd: start LeaderElection
2019-10-16 21:00:30,341 [7d5bd66d-ed89-401c-bf86-050641c359fd@group-0777CA79DD7E-LeaderElection55] INFO  impl.LeaderElection (LeaderElection.java:askForVotes(178)) - 7d5bd66d-ed89-401c-bf86-050641c359fd@group-0777CA79DD7E-LeaderElection55: begin an election at term 18 for -1: [7d5bd66d-ed89-401c-bf86-050641c359fd:192.168.157.254:45704, e2e26bef-7a80-470b-89dc-752ae9b76223:192.168.157.254:36344, 7e02033f-e7de-4006-80be-ffeab2e3922a:192.168.157.254:33430], old=null
2019-10-16 21:00:30,344 [grpc-default-executor-2] INFO  impl.RaftServerImpl (RaftServerImpl.java:setRole(184)) - e2e26bef-7a80-470b-89dc-752ae9b76223@group-0777CA79DD7E: changes role from  FOLLOWER to FOLLOWER at term 18 for recognizeCandidate:7d5bd66d-ed89-401c-bf86-050641c359fd
2019-10-16 21:00:30,345 [grpc-default-executor-4] INFO  impl.RaftServerImpl (RaftServerImpl.java:setRole(184)) - 7e02033f-e7de-4006-80be-ffeab2e3922a@group-0777CA79DD7E: changes role from  FOLLOWER to FOLLOWER at term 18 for recognizeCandidate:7d5bd66d-ed89-401c-bf86-050641c359fd
2019-10-16 21:00:30,345 [grpc-default-executor-2] INFO  impl.RoleInfo (RoleInfo.java:shutdownFollowerState(121)) - e2e26bef-7a80-470b-89dc-752ae9b76223: shutdown FollowerState
2019-10-16 21:00:30,345 [grpc-default-executor-4] INFO  impl.RoleInfo (RoleInfo.java:shutdownFollowerState(121)) - 7e02033f-e7de-4006-80be-ffeab2e3922a: shutdown FollowerState
2019-10-16 21:00:30,345 [Thread-896] INFO  impl.FollowerState (FollowerState.java:run(117)) - e2e26bef-7a80-470b-89dc-752ae9b76223@group-0777CA79DD7E-FollowerState was interrupted: java.lang.InterruptedException: sleep interrupted
2019-10-16 21:00:30,345 [grpc-default-executor-2] INFO  impl.RoleInfo (RoleInfo.java:updateAndGet(143)) - e2e26bef-7a80-470b-89dc-752ae9b76223: start FollowerState
2019-10-16 21:00:30,345 [Thread-897] INFO  impl.FollowerState (FollowerState.java:run(117)) - 7e02033f-e7de-4006-80be-ffeab2e3922a@group-0777CA79DD7E-FollowerState was interrupted: java.lang.InterruptedException: sleep interrupted
2019-10-16 21:00:30,345 [grpc-default-executor-4] INFO  impl.RoleInfo (RoleInfo.java:updateAndGet(143)) - 7e02033f-e7de-4006-80be-ffeab2e3922a: start FollowerState
2019-10-16 21:00:30,346 [Thread-907] INFO  impl.FollowerState (FollowerState.java:run(108)) - 7e02033f-e7de-4006-80be-ffeab2e3922a@group-B775CB1CFC79-FollowerState: change to CANDIDATE, lastRpcTime:61ms, electionTimeout:59ms
2019-10-16 21:00:30,346 [Thread-907] INFO  impl.RoleInfo (RoleInfo.java:shutdownFollowerState(121)) - 7e02033f-e7de-4006-80be-ffeab2e3922a: shutdown FollowerState
2019-10-16 21:00:30,346 [Thread-907] INFO  impl.RaftServerImpl (RaftServerImpl.java:setRole(184)) - 7e02033f-e7de-4006-80be-ffeab2e3922a@group-B775CB1CFC79: changes role from  FOLLOWER to CANDIDATE at term 36 for changeToCandidate
2019-10-16 21:00:30,346 [Thread-907] INFO  impl.RoleInfo (RoleInfo.java:updateAndGet(143)) - 7e02033f-e7de-4006-80be-ffeab2e3922a: start LeaderElection
2019-10-16 21:00:30,359 [7e02033f-e7de-4006-80be-ffeab2e3922a@group-B775CB1CFC79-LeaderElection56] INFO  impl.LeaderElection (LeaderElection.java:askForVotes(178)) - 7e02033f-e7de-4006-80be-ffeab2e3922a@group-B775CB1CFC79-LeaderElection56: begin an election at term 37 for 0: [7d5bd66d-ed89-401c-bf86-050641c359fd:192.168.157.254:45704, e2e26bef-7a80-470b-89dc-752ae9b76223:192.168.157.254:36344, 7e02033f-e7de-4006-80be-ffeab2e3922a:192.168.157.254:33430], old=null
2019-10-16 21:00:30,361 [7d5bd66d-ed89-401c-bf86-050641c359fd@group-0777CA79DD7E-LeaderElection55] INFO  impl.LeaderElection (LeaderElection.java:logAndReturn(56)) - 7d5bd66d-ed89-401c-bf86-050641c359fd@group-0777CA79DD7E-LeaderElection55: Election REJECTED; received 2 response(s) [7d5bd66d-ed89-401c-bf86-050641c359fd<-e2e26bef-7a80-470b-89dc-752ae9b76223#0:FAIL-t18, 7d5bd66d-ed89-401c-bf86-050641c359fd<-7e02033f-e7de-4006-80be-ffeab2e3922a#0:FAIL-t18] and 0 exception(s); 7d5bd66d-ed89-401c-bf86-050641c359fd@group-0777CA79DD7E:t18, leader=null, voted=7d5bd66d-ed89-401c-bf86-050641c359fd, raftlog=7d5bd66d-ed89-401c-bf86-050641c359fd@group-0777CA79DD7E-SegmentedRaftLog:OPENED:c-1,f-1,i0, conf=-1: [7d5bd66d-ed89-401c-bf86-050641c359fd:192.168.157.254:45704, e2e26bef-7a80-470b-89dc-752ae9b76223:192.168.157.254:36344, 7e02033f-e7de-4006-80be-ffeab2e3922a:192.168.157.254:33430], old=null
2019-10-16 21:00:30,361 [7d5bd66d-ed89-401c-bf86-050641c359fd@group-0777CA79DD7E-LeaderElection55] INFO  impl.RaftServerImpl (RaftServerImpl.java:setRole(184)) - 7d5bd66d-ed89-401c-bf86-050641c359fd@group-0777CA79DD7E: changes role from CANDIDATE to FOLLOWER at term 18 for DISCOVERED_A_NEW_TERM
2019-10-16 21:00:30,361 [7d5bd66d-ed89-401c-bf86-050641c359fd@group-0777CA79DD7E-LeaderElection55] INFO  impl.RoleInfo (RoleInfo.java:shutdownLeaderElection(134)) - 7d5bd66d-ed89-401c-bf86-050641c359fd: shutdown LeaderElection
2019-10-16 21:00:30,361 [7d5bd66d-ed89-401c-bf86-050641c359fd@group-0777CA79DD7E-LeaderElection55] INFO  impl.RoleInfo (RoleInfo.java:updateAndGet(143)) - 7d5bd66d-ed89-401c-bf86-050641c359fd: start FollowerState
2019-10-16 21:00:30,362 [grpc-default-executor-2] INFO  impl.RaftServerImpl (RaftServerImpl.java:setRole(184)) - e2e26bef-7a80-470b-89dc-752ae9b76223@group-B775CB1CFC79: changes role from  FOLLOWER to FOLLOWER at term 37 for recognizeCandidate:7e02033f-e7de-4006-80be-ffeab2e3922a
2019-10-16 21:00:30,362 [grpc-default-executor-4] INFO  impl.RaftServerImpl (RaftServerImpl.java:setRole(184)) - 7d5bd66d-ed89-401c-bf86-050641c359fd@group-B775CB1CFC79: changes role from  FOLLOWER to FOLLOWER at term 37 for recognizeCandidate:7e02033f-e7de-4006-80be-ffeab2e3922a
2019-10-16 21:00:30,362 [grpc-default-executor-2] INFO  impl.RoleInfo (RoleInfo.java:shutdownFollowerState(121)) - e2e26bef-7a80-470b-89dc-752ae9b76223: shutdown FollowerState
2019-10-16 21:00:30,362 [grpc-default-executor-4] INFO  impl.RoleInfo (RoleInfo.java:shutdownFollowerState(121)) - 7d5bd66d-ed89-401c-bf86-050641c359fd: shutdown FollowerState
2019-10-16 21:00:30,363 [grpc-default-executor-2] INFO  impl.RoleInfo (RoleInfo.java:updateAndGet(143)) - e2e26bef-7a80-470b-89dc-752ae9b76223: start FollowerState
2019-10-16 21:00:30,363 [Thread-903] INFO  impl.FollowerState (FollowerState.java:run(117)) - e2e26bef-7a80-470b-89dc-752ae9b76223@group-B775CB1CFC79-FollowerState was interrupted: java.lang.InterruptedException: sleep interrupted
2019-10-16 21:00:30,363 [Thread-902] INFO  impl.FollowerState (FollowerState.java:run(117)) - 7d5bd66d-ed89-401c-bf86-050641c359fd@group-B775CB1CFC79-FollowerState was interrupted: java.lang.InterruptedException: sleep interrupted
2019-10-16 21:00:30,363 [grpc-default-executor-4] INFO  impl.RoleInfo (RoleInfo.java:updateAndGet(143)) - 7d5bd66d-ed89-401c-bf86-050641c359fd: start FollowerState
2019-10-16 21:00:30,378 [7e02033f-e7de-4006-80be-ffeab2e3922a@group-B775CB1CFC79-LeaderElection56] INFO  impl.LeaderElection (LeaderElection.java:logAndReturn(56)) - 7e02033f-e7de-4006-80be-ffeab2e3922a@group-B775CB1CFC79-LeaderElection56: Election REJECTED; received 2 response(s) [7e02033f-e7de-4006-80be-ffeab2e3922a<-7d5bd66d-ed89-401c-bf86-050641c359fd#0:FAIL-t37, 7e02033f-e7de-4006-80be-ffeab2e3922a<-e2e26bef-7a80-470b-89dc-752ae9b76223#0:FAIL-t37] and 0 exception(s); 7e02033f-e7de-4006-80be-ffeab2e3922a@group-B775CB1CFC79:t37, leader=null, voted=7e02033f-e7de-4006-80be-ffeab2e3922a, raftlog=7e02033f-e7de-4006-80be-ffeab2e3922a@group-B775CB1CFC79-SegmentedRaftLog:OPENED:c3,f4,i4, conf=0: [7d5bd66d-ed89-401c-bf86-050641c359fd:192.168.157.254:45704, e2e26bef-7a80-470b-89dc-752ae9b76223:192.168.157.254:36344, 7e02033f-e7de-4006-80be-ffeab2e3922a:192.168.157.254:33430], old=null
2019-10-16 21:00:30,378 [7e02033f-e7de-4006-80be-ffeab2e3922a@group-B775CB1CFC79-LeaderElection56] INFO  impl.RaftServerImpl (RaftServerImpl.java:setRole(184)) - 7e02033f-e7de-4006-80be-ffeab2e3922a@group-B775CB1CFC79: changes role from CANDIDATE to FOLLOWER at term 37 for DISCOVERED_A_NEW_TERM
2019-10-16 21:00:30,378 [7e02033f-e7de-4006-80be-ffeab2e3922a@group-B775CB1CFC79-LeaderElection56] INFO  impl.RoleInfo (RoleInfo.java:shutdownLeaderElection(134)) - 7e02033f-e7de-4006-80be-ffeab2e3922a: shutdown LeaderElection
2019-10-16 21:00:30,378 [7e02033f-e7de-4006-80be-ffeab2e3922a@group-B775CB1CFC79-LeaderElection56] INFO  impl.RoleInfo (RoleInfo.java:updateAndGet(143)) - 7e02033f-e7de-4006-80be-ffeab2e3922a: start FollowerState
2019-10-16 21:00:30,450 [Thread-916] INFO  impl.FollowerState (FollowerState.java:run(108)) - 7d5bd66d-ed89-401c-bf86-050641c359fd@group-0777CA79DD7E-FollowerState: change to CANDIDATE, lastRpcTime:88ms, electionTimeout:88ms
2019-10-16 21:00:30,450 [Thread-916] INFO  impl.RoleInfo (RoleInfo.java:shutdownFollowerState(121)) - 7d5bd66d-ed89-401c-bf86-050641c359fd: shutdown FollowerState
2019-10-16 21:00:30,450 [Thread-916] INFO  impl.RaftServerImpl (RaftServerImpl.java:setRole(184)) - 7d5bd66d-ed89-401c-bf86-050641c359fd@group-0777CA79DD7E: changes role from  FOLLOWER to CANDIDATE at term 18 for changeToCandidate
2019-10-16 21:00:30,450 [Thread-916] INFO  impl.RoleInfo (RoleInfo.java:updateAndGet(143)) - 7d5bd66d-ed89-401c-bf86-050641c359fd: start LeaderElection
2019-10-16 21:00:30,464 [7d5bd66d-ed89-401c-bf86-050641c359fd@group-0777CA79DD7E-LeaderElection57] INFO  impl.LeaderElection (LeaderElection.java:askForVotes(178)) - 7d5bd66d-ed89-401c-bf86-050641c359fd@group-0777CA79DD7E-LeaderElection57: begin an election at term 19 for -1: [7d5bd66d-ed89-401c-bf86-050641c359fd:192.168.157.254:45704, e2e26bef-7a80-470b-89dc-752ae9b76223:192.168.157.254:36344, 7e02033f-e7de-4006-80be-ffeab2e3922a:192.168.157.254:33430], old=null
2019-10-16 21:00:30,467 [grpc-default-executor-4] INFO  impl.RaftServerImpl (RaftServerImpl.java:setRole(184)) - 7e02033f-e7de-4006-80be-ffeab2e3922a@group-0777CA79DD7E: changes role from  FOLLOWER to FOLLOWER at term 19 for recognizeCandidate:7d5bd66d-ed89-401c-bf86-050641c359fd
2019-10-16 21:00:30,467 [grpc-default-executor-2] INFO  impl.RaftServerImpl (RaftServerImpl.java:setRole(184)) - e2e26bef-7a80-470b-89dc-752ae9b76223@group-0777CA79DD7E: changes role from  FOLLOWER to FOLLOWER at term 19 for recognizeCandidate:7d5bd66d-ed89-401c-bf86-050641c359fd
2019-10-16 21:00:30,467 [grpc-default-executor-4] INFO  impl.RoleInfo (RoleInfo.java:shutdownFollowerState(121)) - 7e02033f-e7de-4006-80be-ffeab2e3922a: shutdown FollowerState
2019-10-16 21:00:30,468 [grpc-default-executor-2] INFO  impl.RoleInfo (RoleInfo.java:shutdownFollowerState(121)) - e2e26bef-7a80-470b-89dc-752ae9b76223: shutdown FollowerState
2019-10-16 21:00:30,468 [Thread-912] INFO  impl.FollowerState (FollowerState.java:run(117)) - 7e02033f-e7de-4006-80be-ffeab2e3922a@group-0777CA79DD7E-FollowerState was interrupted: java.lang.InterruptedException: sleep interrupted
2019-10-16 21:00:30,468 [grpc-default-executor-4] INFO  impl.RoleInfo (RoleInfo.java:updateAndGet(143)) - 7e02033f-e7de-4006-80be-ffeab2e3922a: start FollowerState
2019-10-16 21:00:30,468 [Thread-911] INFO  impl.FollowerState (FollowerState.java:run(117)) - e2e26bef-7a80-470b-89dc-752ae9b76223@group-0777CA79DD7E-FollowerState was interrupted: java.lang.InterruptedException: sleep interrupted
2019-10-16 21:00:30,468 [grpc-default-executor-2] INFO  impl.RoleInfo (RoleInfo.java:updateAndGet(143)) - e2e26bef-7a80-470b-89dc-752ae9b76223: start FollowerState
2019-10-16 21:00:30,485 [7d5bd66d-ed89-401c-bf86-050641c359fd@group-0777CA79DD7E-LeaderElection57] INFO  impl.LeaderElection (LeaderElection.java:logAndReturn(56)) - 7d5bd66d-ed89-401c-bf86-050641c359fd@group-0777CA79DD7E-LeaderElection57: Election REJECTED; received 2 response(s) [7d5bd66d-ed89-401c-bf86-050641c359fd<-e2e26bef-7a80-470b-89dc-752ae9b76223#0:FAIL-t19, 7d5bd66d-ed89-401c-bf86-050641c359fd<-7e02033f-e7de-4006-80be-ffeab2e3922a#0:FAIL-t19] and 0 exception(s); 7d5bd66d-ed89-401c-bf86-050641c359fd@group-0777CA79DD7E:t19, leader=null, voted=7d5bd66d-ed89-401c-bf86-050641c359fd, raftlog=7d5bd66d-ed89-401c-bf86-050641c359fd@group-0777CA79DD7E-SegmentedRaftLog:OPENED:c-1,f-1,i0, conf=-1: [7d5bd66d-ed89-401c-bf86-050641c359fd:192.168.157.254:45704, e2e26bef-7a80-470b-89dc-752ae9b76223:192.168.157.254:36344, 7e02033f-e7de-4006-80be-ffeab2e3922a:192.168.157.254:33430], old=null
2019-10-16 21:00:30,486 [7d5bd66d-ed89-401c-bf86-050641c359fd@group-0777CA79DD7E-LeaderElection57] INFO  impl.RaftServerImpl (RaftServerImpl.java:setRole(184)) - 7d5bd66d-ed89-401c-bf86-050641c359fd@group-0777CA79DD7E: changes role from CANDIDATE to FOLLOWER at term 19 for DISCOVERED_A_NEW_TERM
2019-10-16 21:00:30,486 [7d5bd66d-ed89-401c-bf86-050641c359fd@group-0777CA79DD7E-LeaderElection57] INFO  impl.RoleInfo (RoleInfo.java:shutdownLeaderElection(134)) - 7d5bd66d-ed89-401c-bf86-050641c359fd: shutdown LeaderElection
2019-10-16 21:00:30,486 [7d5bd66d-ed89-401c-bf86-050641c359fd@group-0777CA79DD7E-LeaderElection57] INFO  impl.RoleInfo (RoleInfo.java:updateAndGet(143)) - 7d5bd66d-ed89-401c-bf86-050641c359fd: start FollowerState
2019-10-16 21:00:30,511 [Thread-919] INFO  impl.FollowerState (FollowerState.java:run(108)) - 7e02033f-e7de-4006-80be-ffeab2e3922a@group-B775CB1CFC79-FollowerState: change to CANDIDATE, lastRpcTime:132ms, electionTimeout:132ms
2019-10-16 21:00:30,511 [Thread-919] INFO  impl.RoleInfo (RoleInfo.java:shutdownFollowerState(121)) - 7e02033f-e7de-4006-80be-ffeab2e3922a: shutdown FollowerState
2019-10-16 21:00:30,511 [Thread-919] INFO  impl.RaftServerImpl (RaftServerImpl.java:setRole(184)) - 7e02033f-e7de-4006-80be-ffeab2e3922a@group-B775CB1CFC79: changes role from  FOLLOWER to CANDIDATE at term 37 for changeToCandidate
2019-10-16 21:00:30,511 [Thread-919] INFO  impl.RoleInfo (RoleInfo.java:updateAndGet(143)) - 7e02033f-e7de-4006-80be-ffeab2e3922a: start LeaderElection
2019-10-16 21:00:30,525 [7e02033f-e7de-4006-80be-ffeab2e3922a@group-B775CB1CFC79-LeaderElection58] INFO  impl.LeaderElection (LeaderElection.java:askForVotes(178)) - 7e02033f-e7de-4006-80be-ffeab2e3922a@group-B775CB1CFC79-LeaderElection58: begin an election at term 38 for 0: [7d5bd66d-ed89-401c-bf86-050641c359fd:192.168.157.254:45704, e2e26bef-7a80-470b-89dc-752ae9b76223:192.168.157.254:36344, 7e02033f-e7de-4006-80be-ffeab2e3922a:192.168.157.254:33430], old=null
2019-10-16 21:00:30,527 [grpc-default-executor-4] INFO  impl.RaftServerImpl (RaftServerImpl.java:setRole(184)) - 7d5bd66d-ed89-401c-bf86-050641c359fd@group-B775CB1CFC79: changes role from  FOLLOWER to FOLLOWER at term 38 for recognizeCandidate:7e02033f-e7de-4006-80be-ffeab2e3922a
2019-10-16 21:00:30,527 [grpc-default-executor-2] INFO  impl.RaftServerImpl (RaftServerImpl.java:setRole(184)) - e2e26bef-7a80-470b-89dc-752ae9b76223@group-B775CB1CFC79: changes role from  FOLLOWER to FOLLOWER at term 38 for recognizeCandidate:7e02033f-e7de-4006-80be-ffeab2e3922a
2019-10-16 21:00:30,528 [grpc-default-executor-4] INFO  impl.RoleInfo (RoleInfo.java:shutdownFollowerState(121)) - 7d5bd66d-ed89-401c-bf86-050641c359fd: shutdown FollowerState
2019-10-16 21:00:30,528 [grpc-default-executor-2] INFO  impl.RoleInfo (RoleInfo.java:shutdownFollowerState(121)) - e2e26bef-7a80-470b-89dc-752ae9b76223: shutdown FollowerState
2019-10-16 21:00:30,528 [Thread-918] INFO  impl.FollowerState (FollowerState.java:run(117)) - 7d5bd66d-ed89-401c-bf86-050641c359fd@group-B775CB1CFC79-FollowerState was interrupted: java.lang.InterruptedException: sleep interrupted
2019-10-16 21:00:30,528 [grpc-default-executor-4] INFO  impl.RoleInfo (RoleInfo.java:updateAndGet(143)) - 7d5bd66d-ed89-401c-bf86-050641c359fd: start FollowerState
2019-10-16 21:00:30,528 [grpc-default-executor-2] INFO  impl.RoleInfo (RoleInfo.java:updateAndGet(143)) - e2e26bef-7a80-470b-89dc-752ae9b76223: start FollowerState
2019-10-16 21:00:30,528 [Thread-917] INFO  impl.FollowerState (FollowerState.java:run(117)) - e2e26bef-7a80-470b-89dc-752ae9b76223@group-B775CB1CFC79-FollowerState was interrupted: java.lang.InterruptedException: sleep interrupted
2019-10-16 21:00:30,543 [7e02033f-e7de-4006-80be-ffeab2e3922a@group-B775CB1CFC79-LeaderElection58] INFO  impl.LeaderElection (LeaderElection.java:logAndReturn(56)) - 7e02033f-e7de-4006-80be-ffeab2e3922a@group-B775CB1CFC79-LeaderElection58: Election REJECTED; received 2 response(s) [7e02033f-e7de-4006-80be-ffeab2e3922a<-7d5bd66d-ed89-401c-bf86-050641c359fd#0:FAIL-t38, 7e02033f-e7de-4006-80be-ffeab2e3922a<-e2e26bef-7a80-470b-89dc-752ae9b76223#0:FAIL-t38] and 0 exception(s); 7e02033f-e7de-4006-80be-ffeab2e3922a@group-B775CB1CFC79:t38, leader=null, voted=7e02033f-e7de-4006-80be-ffeab2e3922a, raftlog=7e02033f-e7de-4006-80be-ffeab2e3922a@group-B775CB1CFC79-SegmentedRaftLog:OPENED:c3,f4,i4, conf=0: [7d5bd66d-ed89-401c-bf86-050641c359fd:192.168.157.254:45704, e2e26bef-7a80-470b-89dc-752ae9b76223:192.168.157.254:36344, 7e02033f-e7de-4006-80be-ffeab2e3922a:192.168.157.254:33430], old=null
2019-10-16 21:00:30,543 [7e02033f-e7de-4006-80be-ffeab2e3922a@group-B775CB1CFC79-LeaderElection58] INFO  impl.RaftServerImpl (RaftServerImpl.java:setRole(184)) - 7e02033f-e7de-4006-80be-ffeab2e3922a@group-B775CB1CFC79: changes role from CANDIDATE to FOLLOWER at term 38 for DISCOVERED_A_NEW_TERM
2019-10-16 21:00:30,543 [7e02033f-e7de-4006-80be-ffeab2e3922a@group-B775CB1CFC79-LeaderElection58] INFO  impl.RoleInfo (RoleInfo.java:shutdownLeaderElection(134)) - 7e02033f-e7de-4006-80be-ffeab2e3922a: shutdown LeaderElection
2019-10-16 21:00:30,543 [7e02033f-e7de-4006-80be-ffeab2e3922a@group-B775CB1CFC79-LeaderElection58] INFO  impl.RoleInfo (RoleInfo.java:updateAndGet(143)) - 7e02033f-e7de-4006-80be-ffeab2e3922a: start FollowerState
2019-10-16 21:00:30,584 [Thread-925] INFO  impl.FollowerState (FollowerState.java:run(108)) - 7d5bd66d-ed89-401c-bf86-050641c359fd@group-0777CA79DD7E-FollowerState: change to CANDIDATE, lastRpcTime:98ms, electionTimeout:98ms
2019-10-16 21:00:30,584 [Thread-925] INFO  impl.RoleInfo (RoleInfo.java:shutdownFollowerState(121)) - 7d5bd66d-ed89-401c-bf86-050641c359fd: shutdown FollowerState
2019-10-16 21:00:30,585 [Thread-925] INFO  impl.RaftServerImpl (RaftServerImpl.java:setRole(184)) - 7d5bd66d-ed89-401c-bf86-050641c359fd@group-0777CA79DD7E: changes role from  FOLLOWER to CANDIDATE at term 19 for changeToCandidate
2019-10-16 21:00:30,585 [Thread-925] INFO  impl.RoleInfo (RoleInfo.java:updateAndGet(143)) - 7d5bd66d-ed89-401c-bf86-050641c359fd: start LeaderElection
2019-10-16 21:00:30,599 [7d5bd66d-ed89-401c-bf86-050641c359fd@group-0777CA79DD7E-LeaderElection59] INFO  impl.LeaderElection (LeaderElection.java:askForVotes(178)) - 7d5bd66d-ed89-401c-bf86-050641c359fd@group-0777CA79DD7E-LeaderElection59: begin an election at term 20 for -1: [7d5bd66d-ed89-401c-bf86-050641c359fd:192.168.157.254:45704, e2e26bef-7a80-470b-89dc-752ae9b76223:192.168.157.254:36344, 7e02033f-e7de-4006-80be-ffeab2e3922a:192.168.157.254:33430], old=null
2019-10-16 21:00:30,602 [grpc-default-executor-2] INFO  impl.RaftServerImpl (RaftServerImpl.java:setRole(184)) - e2e26bef-7a80-470b-89dc-752ae9b76223@group-0777CA79DD7E: changes role from  FOLLOWER to FOLLOWER at term 20 for recognizeCandidate:7d5bd66d-ed89-401c-bf86-050641c359fd
2019-10-16 21:00:30,602 [grpc-default-executor-4] INFO  impl.RaftServerImpl (RaftServerImpl.java:setRole(184)) - 7e02033f-e7de-4006-80be-ffeab2e3922a@group-0777CA79DD7E: changes role from  FOLLOWER to FOLLOWER at term 20 for recognizeCandidate:7d5bd66d-ed89-401c-bf86-050641c359fd
2019-10-16 21:00:30,602 [grpc-default-executor-2] INFO  impl.RoleInfo (RoleInfo.java:shutdownFollowerState(121)) - e2e26bef-7a80-470b-89dc-752ae9b76223: shutdown FollowerState
2019-10-16 21:00:30,603 [grpc-default-executor-4] INFO  impl.RoleInfo (RoleInfo.java:shutdownFollowerState(121)) - 7e02033f-e7de-4006-80be-ffeab2e3922a: shutdown FollowerState
2019-10-16 21:00:30,603 [grpc-default-executor-2] INFO  impl.RoleInfo (RoleInfo.java:updateAndGet(143)) - e2e26bef-7a80-470b-89dc-752ae9b76223: start FollowerState
2019-10-16 21:00:30,603 [Thread-924] INFO  impl.FollowerState (FollowerState.java:run(117)) - e2e26bef-7a80-470b-89dc-752ae9b76223@group-0777CA79DD7E-FollowerState was interrupted: java.lang.InterruptedException: sleep interrupted
2019-10-16 21:00:30,603 [Thread-923] INFO  impl.FollowerState (FollowerState.java:run(117)) - 7e02033f-e7de-4006-80be-ffeab2e3922a@group-0777CA79DD7E-FollowerState was interrupted: java.lang.InterruptedException: sleep interrupted
2019-10-16 21:00:30,603 [grpc-default-executor-4] INFO  impl.RoleInfo (RoleInfo.java:updateAndGet(143)) - 7e02033f-e7de-4006-80be-ffeab2e3922a: start FollowerState
2019-10-16 21:00:30,618 [7d5bd66d-ed89-401c-bf86-050641c359fd@group-0777CA79DD7E-LeaderElection59] INFO  impl.LeaderElection (LeaderElection.java:logAndReturn(56)) - 7d5bd66d-ed89-401c-bf86-050641c359fd@group-0777CA79DD7E-LeaderElection59: Election REJECTED; received 2 response(s) [7d5bd66d-ed89-401c-bf86-050641c359fd<-e2e26bef-7a80-470b-89dc-752ae9b76223#0:FAIL-t20, 7d5bd66d-ed89-401c-bf86-050641c359fd<-7e02033f-e7de-4006-80be-ffeab2e3922a#0:FAIL-t20] and 0 exception(s); 7d5bd66d-ed89-401c-bf86-050641c359fd@group-0777CA79DD7E:t20, leader=null, voted=7d5bd66d-ed89-401c-bf86-050641c359fd, raftlog=7d5bd66d-ed89-401c-bf86-050641c359fd@group-0777CA79DD7E-SegmentedRaftLog:OPENED:c-1,f-1,i0, conf=-1: [7d5bd66d-ed89-401c-bf86-050641c359fd:192.168.157.254:45704, e2e26bef-7a80-470b-89dc-752ae9b76223:192.168.157.254:36344, 7e02033f-e7de-4006-80be-ffeab2e3922a:192.168.157.254:33430], old=null
2019-10-16 21:00:30,618 [7d5bd66d-ed89-401c-bf86-050641c359fd@group-0777CA79DD7E-LeaderElection59] INFO  impl.RaftServerImpl (RaftServerImpl.java:setRole(184)) - 7d5bd66d-ed89-401c-bf86-050641c359fd@group-0777CA79DD7E: changes role from CANDIDATE to FOLLOWER at term 20 for DISCOVERED_A_NEW_TERM
2019-10-16 21:00:30,618 [7d5bd66d-ed89-401c-bf86-050641c359fd@group-0777CA79DD7E-LeaderElection59] INFO  impl.RoleInfo (RoleInfo.java:shutdownLeaderElection(134)) - 7d5bd66d-ed89-401c-bf86-050641c359fd: shutdown LeaderElection
2019-10-16 21:00:30,619 [7d5bd66d-ed89-401c-bf86-050641c359fd@group-0777CA79DD7E-LeaderElection59] INFO  impl.RoleInfo (RoleInfo.java:updateAndGet(143)) - 7d5bd66d-ed89-401c-bf86-050641c359fd: start FollowerState
2019-10-16 21:00:30,661 [Thread-931] INFO  impl.FollowerState (FollowerState.java:run(108)) - 7e02033f-e7de-4006-80be-ffeab2e3922a@group-B775CB1CFC79-FollowerState: change to CANDIDATE, lastRpcTime:117ms, electionTimeout:117ms
2019-10-16 21:00:30,661 [Thread-931] INFO  impl.RoleInfo (RoleInfo.java:shutdownFollowerState(121)) - 7e02033f-e7de-4006-80be-ffeab2e3922a: shutdown FollowerState
2019-10-16 21:00:30,661 [Thread-931] INFO  impl.RaftServerImpl (RaftServerImpl.java:setRole(184)) - 7e02033f-e7de-4006-80be-ffeab2e3922a@group-B775CB1CFC79: changes role from  FOLLOWER to CANDIDATE at term 38 for changeToCandidate
2019-10-16 21:00:30,661 [Thread-931] INFO  impl.RoleInfo (RoleInfo.java:updateAndGet(143)) - 7e02033f-e7de-4006-80be-ffeab2e3922a: start LeaderElection
2019-10-16 21:00:30,675 [7e02033f-e7de-4006-80be-ffeab2e3922a@group-B775CB1CFC79-LeaderElection60] INFO  impl.LeaderElection (LeaderElection.java:askForVotes(178)) - 7e02033f-e7de-4006-80be-ffeab2e3922a@group-B775CB1CFC79-LeaderElection60: begin an election at term 39 for 0: [7d5bd66d-ed89-401c-bf86-050641c359fd:192.168.157.254:45704, e2e26bef-7a80-470b-89dc-752ae9b76223:192.168.157.254:36344, 7e02033f-e7de-4006-80be-ffeab2e3922a:192.168.157.254:33430], old=null
2019-10-16 21:00:30,677 [grpc-default-executor-4] INFO  impl.RaftServerImpl (RaftServerImpl.java:setRole(184)) - e2e26bef-7a80-470b-89dc-752ae9b76223@group-B775CB1CFC79: changes role from  FOLLOWER to FOLLOWER at term 39 for recognizeCandidate:7e02033f-e7de-4006-80be-ffeab2e3922a
2019-10-16 21:00:30,677 [grpc-default-executor-2] INFO  impl.RaftServerImpl (RaftServerImpl.java:setRole(184)) - 7d5bd66d-ed89-401c-bf86-050641c359fd@group-B775CB1CFC79: changes role from  FOLLOWER to FOLLOWER at term 39 for recognizeCandidate:7e02033f-e7de-4006-80be-ffeab2e3922a
2019-10-16 21:00:30,677 [grpc-default-executor-4] INFO  impl.RoleInfo (RoleInfo.java:shutdownFollowerState(121)) - e2e26bef-7a80-470b-89dc-752ae9b76223: shutdown FollowerState
2019-10-16 21:00:30,677 [grpc-default-executor-2] INFO  impl.RoleInfo (RoleInfo.java:shutdownFollowerState(121)) - 7d5bd66d-ed89-401c-bf86-050641c359fd: shutdown FollowerState
2019-10-16 21:00:30,678 [Thread-930] INFO  impl.FollowerState (FollowerState.java:run(117)) - e2e26bef-7a80-470b-89dc-752ae9b76223@group-B775CB1CFC79-FollowerState was interrupted: java.lang.InterruptedException: sleep interrupted
2019-10-16 21:00:30,678 [grpc-default-executor-4] INFO  impl.RoleInfo (RoleInfo.java:updateAndGet(143)) - e2e26bef-7a80-470b-89dc-752ae9b76223: start FollowerState
2019-10-16 21:00:30,678 [grpc-default-executor-2] INFO  impl.RoleInfo (RoleInfo.java:updateAndGet(143)) - 7d5bd66d-ed89-401c-bf86-050641c359fd: start FollowerState
2019-10-16 21:00:30,678 [Thread-929] INFO  impl.FollowerState (FollowerState.java:run(117)) - 7d5bd66d-ed89-401c-bf86-050641c359fd@group-B775CB1CFC79-FollowerState was interrupted: java.lang.InterruptedException: sleep interrupted
2019-10-16 21:00:30,693 [7e02033f-e7de-4006-80be-ffeab2e3922a@group-B775CB1CFC79-LeaderElection60] INFO  impl.LeaderElection (LeaderElection.java:logAndReturn(56)) - 7e02033f-e7de-4006-80be-ffeab2e3922a@group-B775CB1CFC79-LeaderElection60: Election REJECTED; received 2 response(s) [7e02033f-e7de-4006-80be-ffeab2e3922a<-7d5bd66d-ed89-401c-bf86-050641c359fd#0:FAIL-t39, 7e02033f-e7de-4006-80be-ffeab2e3922a<-e2e26bef-7a80-470b-89dc-752ae9b76223#0:FAIL-t39] and 0 exception(s); 7e02033f-e7de-4006-80be-ffeab2e3922a@group-B775CB1CFC79:t39, leader=null, voted=7e02033f-e7de-4006-80be-ffeab2e3922a, raftlog=7e02033f-e7de-4006-80be-ffeab2e3922a@group-B775CB1CFC79-SegmentedRaftLog:OPENED:c3,f4,i4, conf=0: [7d5bd66d-ed89-401c-bf86-050641c359fd:192.168.157.254:45704, e2e26bef-7a80-470b-89dc-752ae9b76223:192.168.157.254:36344, 7e02033f-e7de-4006-80be-ffeab2e3922a:192.168.157.254:33430], old=null
2019-10-16 21:00:30,693 [7e02033f-e7de-4006-80be-ffeab2e3922a@group-B775CB1CFC79-LeaderElection60] INFO  impl.RaftServerImpl (RaftServerImpl.java:setRole(184)) - 7e02033f-e7de-4006-80be-ffeab2e3922a@group-B775CB1CFC79: changes role from CANDIDATE to FOLLOWER at term 39 for DISCOVERED_A_NEW_TERM
2019-10-16 21:00:30,693 [7e02033f-e7de-4006-80be-ffeab2e3922a@group-B775CB1CFC79-LeaderElection60] INFO  impl.RoleInfo (RoleInfo.java:shutdownLeaderElection(134)) - 7e02033f-e7de-4006-80be-ffeab2e3922a: shutdown LeaderElection
2019-10-16 21:00:30,693 [7e02033f-e7de-4006-80be-ffeab2e3922a@group-B775CB1CFC79-LeaderElection60] INFO  impl.RoleInfo (RoleInfo.java:updateAndGet(143)) - 7e02033f-e7de-4006-80be-ffeab2e3922a: start FollowerState
2019-10-16 21:00:30,702 [Thread-937] INFO  impl.FollowerState (FollowerState.java:run(108)) - 7d5bd66d-ed89-401c-bf86-050641c359fd@group-0777CA79DD7E-FollowerState: change to CANDIDATE, lastRpcTime:83ms, electionTimeout:83ms
2019-10-16 21:00:30,702 [Thread-937] INFO  impl.RoleInfo (RoleInfo.java:shutdownFollowerState(121)) - 7d5bd66d-ed89-401c-bf86-050641c359fd: shutdown FollowerState
2019-10-16 21:00:30,702 [Thread-937] INFO  impl.RaftServerImpl (RaftServerImpl.java:setRole(184)) - 7d5bd66d-ed89-401c-bf86-050641c359fd@group-0777CA79DD7E: changes role from  FOLLOWER to CANDIDATE at term 20 for changeToCandidate
2019-10-16 21:00:30,702 [Thread-937] INFO  impl.RoleInfo (RoleInfo.java:updateAndGet(143)) - 7d5bd66d-ed89-401c-bf86-050641c359fd: start LeaderElection
2019-10-16 21:00:30,716 [7d5bd66d-ed89-401c-bf86-050641c359fd@group-0777CA79DD7E-LeaderElection61] INFO  impl.LeaderElection (LeaderElection.java:askForVotes(178)) - 7d5bd66d-ed89-401c-bf86-050641c359fd@group-0777CA79DD7E-LeaderElection61: begin an election at term 21 for -1: [7d5bd66d-ed89-401c-bf86-050641c359fd:192.168.157.254:45704, e2e26bef-7a80-470b-89dc-752ae9b76223:192.168.157.254:36344, 7e02033f-e7de-4006-80be-ffeab2e3922a:192.168.157.254:33430], old=null
2019-10-16 21:00:30,717 [grpc-default-executor-4] INFO  impl.RaftServerImpl (RaftServerImpl.java:setRole(184)) - e2e26bef-7a80-470b-89dc-752ae9b76223@group-0777CA79DD7E: changes role from  FOLLOWER to FOLLOWER at term 21 for recognizeCandidate:7d5bd66d-ed89-401c-bf86-050641c359fd
2019-10-16 21:00:30,717 [grpc-default-executor-4] INFO  impl.RoleInfo (RoleInfo.java:shutdownFollowerState(121)) - e2e26bef-7a80-470b-89dc-752ae9b76223: shutdown FollowerState
2019-10-16 21:00:30,718 [grpc-default-executor-4] INFO  impl.RoleInfo (RoleInfo.java:updateAndGet(143)) - e2e26bef-7a80-470b-89dc-752ae9b76223: start FollowerState
2019-10-16 21:00:30,718 [Thread-935] INFO  impl.FollowerState (FollowerState.java:run(117)) - e2e26bef-7a80-470b-89dc-752ae9b76223@group-0777CA79DD7E-FollowerState was interrupted: java.lang.InterruptedException: sleep interrupted
2019-10-16 21:00:30,718 [grpc-default-executor-2] INFO  impl.RaftServerImpl (RaftServerImpl.java:setRole(184)) - 7e02033f-e7de-4006-80be-ffeab2e3922a@group-0777CA79DD7E: changes role from  FOLLOWER to FOLLOWER at term 21 for recognizeCandidate:7d5bd66d-ed89-401c-bf86-050641c359fd
2019-10-16 21:00:30,718 [grpc-default-executor-2] INFO  impl.RoleInfo (RoleInfo.java:shutdownFollowerState(121)) - 7e02033f-e7de-4006-80be-ffeab2e3922a: shutdown FollowerState
2019-10-16 21:00:30,718 [grpc-default-executor-2] INFO  impl.RoleInfo (RoleInfo.java:updateAndGet(143)) - 7e02033f-e7de-4006-80be-ffeab2e3922a: start FollowerState
2019-10-16 21:00:30,718 [Thread-936] INFO  impl.FollowerState (FollowerState.java:run(117)) - 7e02033f-e7de-4006-80be-ffeab2e3922a@group-0777CA79DD7E-FollowerState was interrupted: java.lang.InterruptedException: sleep interrupted
2019-10-16 21:00:30,739 [7d5bd66d-ed89-401c-bf86-050641c359fd@group-0777CA79DD7E-LeaderElection61] INFO  impl.LeaderElection (LeaderElection.java:logAndReturn(56)) - 7d5bd66d-ed89-401c-bf86-050641c359fd@group-0777CA79DD7E-LeaderElection61: Election REJECTED; received 2 response(s) [7d5bd66d-ed89-401c-bf86-050641c359fd<-e2e26bef-7a80-470b-89dc-752ae9b76223#0:FAIL-t21, 7d5bd66d-ed89-401c-bf86-050641c359fd<-7e02033f-e7de-4006-80be-ffeab2e3922a#0:FAIL-t21] and 0 exception(s); 7d5bd66d-ed89-401c-bf86-050641c359fd@group-0777CA79DD7E:t21, leader=null, voted=7d5bd66d-ed89-401c-bf86-050641c359fd, raftlog=7d5bd66d-ed89-401c-bf86-050641c359fd@group-0777CA79DD7E-SegmentedRaftLog:OPENED:c-1,f-1,i0, conf=-1: [7d5bd66d-ed89-401c-bf86-050641c359fd:192.168.157.254:45704, e2e26bef-7a80-470b-89dc-752ae9b76223:192.168.157.254:36344, 7e02033f-e7de-4006-80be-ffeab2e3922a:192.168.157.254:33430], old=null
2019-10-16 21:00:30,739 [7d5bd66d-ed89-401c-bf86-050641c359fd@group-0777CA79DD7E-LeaderElection61] INFO  impl.RaftServerImpl (RaftServerImpl.java:setRole(184)) - 7d5bd66d-ed89-401c-bf86-050641c359fd@group-0777CA79DD7E: changes role from CANDIDATE to FOLLOWER at term 21 for DISCOVERED_A_NEW_TERM
2019-10-16 21:00:30,739 [7d5bd66d-ed89-401c-bf86-050641c359fd@group-0777CA79DD7E-LeaderElection61] INFO  impl.RoleInfo (RoleInfo.java:shutdownLeaderElection(134)) - 7d5bd66d-ed89-401c-bf86-050641c359fd: shutdown LeaderElection
2019-10-16 21:00:30,739 [7d5bd66d-ed89-401c-bf86-050641c359fd@group-0777CA79DD7E-LeaderElection61] INFO  impl.RoleInfo (RoleInfo.java:updateAndGet(143)) - 7d5bd66d-ed89-401c-bf86-050641c359fd: start FollowerState
2019-10-16 21:00:30,804 [Thread-949] INFO  impl.FollowerState (FollowerState.java:run(108)) - 7d5bd66d-ed89-401c-bf86-050641c359fd@group-0777CA79DD7E-FollowerState: change to CANDIDATE, lastRpcTime:65ms, electionTimeout:65ms
2019-10-16 21:00:30,804 [Thread-949] INFO  impl.RoleInfo (RoleInfo.java:shutdownFollowerState(121)) - 7d5bd66d-ed89-401c-bf86-050641c359fd: shutdown FollowerState
2019-10-16 21:00:30,805 [Thread-949] INFO  impl.RaftServerImpl (RaftServerImpl.java:setRole(184)) - 7d5bd66d-ed89-401c-bf86-050641c359fd@group-0777CA79DD7E: changes role from  FOLLOWER to CANDIDATE at term 21 for changeToCandidate
2019-10-16 21:00:30,805 [Thread-949] INFO  impl.RoleInfo (RoleInfo.java:updateAndGet(143)) - 7d5bd66d-ed89-401c-bf86-050641c359fd: start LeaderElection
2019-10-16 21:00:30,818 [7d5bd66d-ed89-401c-bf86-050641c359fd@group-0777CA79DD7E-LeaderElection62] INFO  impl.LeaderElection (LeaderElection.java:askForVotes(178)) - 7d5bd66d-ed89-401c-bf86-050641c359fd@group-0777CA79DD7E-LeaderElection62: begin an election at term 22 for -1: [7d5bd66d-ed89-401c-bf86-050641c359fd:192.168.157.254:45704, e2e26bef-7a80-470b-89dc-752ae9b76223:192.168.157.254:36344, 7e02033f-e7de-4006-80be-ffeab2e3922a:192.168.157.254:33430], old=null
2019-10-16 21:00:30,821 [grpc-default-executor-4] INFO  impl.RaftServerImpl (RaftServerImpl.java:setRole(184)) - e2e26bef-7a80-470b-89dc-752ae9b76223@group-0777CA79DD7E: changes role from  FOLLOWER to FOLLOWER at term 22 for recognizeCandidate:7d5bd66d-ed89-401c-bf86-050641c359fd
2019-10-16 21:00:30,821 [grpc-default-executor-4] INFO  impl.RoleInfo (RoleInfo.java:shutdownFollowerState(121)) - e2e26bef-7a80-470b-89dc-752ae9b76223: shutdown FollowerState
2019-10-16 21:00:30,821 [grpc-default-executor-2] INFO  impl.RaftServerImpl (RaftServerImpl.java:setRole(184)) - 7e02033f-e7de-4006-80be-ffeab2e3922a@group-0777CA79DD7E: changes role from  FOLLOWER to FOLLOWER at term 22 for recognizeCandidate:7d5bd66d-ed89-401c-bf86-050641c359fd
2019-10-16 21:00:30,821 [grpc-default-executor-2] INFO  impl.RoleInfo (RoleInfo.java:shutdownFollowerState(121)) - 7e02033f-e7de-4006-80be-ffeab2e3922a: shutdown FollowerState
2019-10-16 21:00:30,821 [Thread-947] INFO  impl.FollowerState (FollowerState.java:run(117)) - e2e26bef-7a80-470b-89dc-752ae9b76223@group-0777CA79DD7E-FollowerState was interrupted: java.lang.InterruptedException: sleep interrupted
2019-10-16 21:00:30,821 [grpc-default-executor-4] INFO  impl.RoleInfo (RoleInfo.java:updateAndGet(143)) - e2e26bef-7a80-470b-89dc-752ae9b76223: start FollowerState
2019-10-16 21:00:30,821 [grpc-default-executor-2] INFO  impl.RoleInfo (RoleInfo.java:updateAndGet(143)) - 7e02033f-e7de-4006-80be-ffeab2e3922a: start FollowerState
2019-10-16 21:00:30,821 [Thread-948] INFO  impl.FollowerState (FollowerState.java:run(117)) - 7e02033f-e7de-4006-80be-ffeab2e3922a@group-0777CA79DD7E-FollowerState was interrupted: java.lang.InterruptedException: sleep interrupted
2019-10-16 21:00:30,836 [7d5bd66d-ed89-401c-bf86-050641c359fd@group-0777CA79DD7E-LeaderElection62] INFO  impl.LeaderElection (LeaderElection.java:logAndReturn(56)) - 7d5bd66d-ed89-401c-bf86-050641c359fd@group-0777CA79DD7E-LeaderElection62: Election REJECTED; received 2 response(s) [7d5bd66d-ed89-401c-bf86-050641c359fd<-e2e26bef-7a80-470b-89dc-752ae9b76223#0:FAIL-t22, 7d5bd66d-ed89-401c-bf86-050641c359fd<-7e02033f-e7de-4006-80be-ffeab2e3922a#0:FAIL-t22] and 0 exception(s); 7d5bd66d-ed89-401c-bf86-050641c359fd@group-0777CA79DD7E:t22, leader=null, voted=7d5bd66d-ed89-401c-bf86-050641c359fd, raftlog=7d5bd66d-ed89-401c-bf86-050641c359fd@group-0777CA79DD7E-SegmentedRaftLog:OPENED:c-1,f-1,i0, conf=-1: [7d5bd66d-ed89-401c-bf86-050641c359fd:192.168.157.254:45704, e2e26bef-7a80-470b-89dc-752ae9b76223:192.168.157.254:36344, 7e02033f-e7de-4006-80be-ffeab2e3922a:192.168.157.254:33430], old=null
2019-10-16 21:00:30,836 [7d5bd66d-ed89-401c-bf86-050641c359fd@group-0777CA79DD7E-LeaderElection62] INFO  impl.RaftServerImpl (RaftServerImpl.java:setRole(184)) - 7d5bd66d-ed89-401c-bf86-050641c359fd@group-0777CA79DD7E: changes role from CANDIDATE to FOLLOWER at term 22 for DISCOVERED_A_NEW_TERM
2019-10-16 21:00:30,836 [7d5bd66d-ed89-401c-bf86-050641c359fd@group-0777CA79DD7E-LeaderElection62] INFO  impl.RoleInfo (RoleInfo.java:shutdownLeaderElection(134)) - 7d5bd66d-ed89-401c-bf86-050641c359fd: shutdown LeaderElection
2019-10-16 21:00:30,837 [7d5bd66d-ed89-401c-bf86-050641c359fd@group-0777CA79DD7E-LeaderElection62] INFO  impl.RoleInfo (RoleInfo.java:updateAndGet(143)) - 7d5bd66d-ed89-401c-bf86-050641c359fd: start FollowerState
2019-10-16 21:00:30,852 [Thread-943] INFO  impl.FollowerState (FollowerState.java:run(108)) - 7e02033f-e7de-4006-80be-ffeab2e3922a@group-B775CB1CFC79-FollowerState: change to CANDIDATE, lastRpcTime:158ms, electionTimeout:158ms
2019-10-16 21:00:30,852 [Thread-943] INFO  impl.RoleInfo (RoleInfo.java:shutdownFollowerState(121)) - 7e02033f-e7de-4006-80be-ffeab2e3922a: shutdown FollowerState
2019-10-16 21:00:30,852 [Thread-943] INFO  impl.RaftServerImpl (RaftServerImpl.java:setRole(184)) - 7e02033f-e7de-4006-80be-ffeab2e3922a@group-B775CB1CFC79: changes role from  FOLLOWER to CANDIDATE at term 39 for changeToCandidate
2019-10-16 21:00:30,852 [Thread-943] INFO  impl.RoleInfo (RoleInfo.java:updateAndGet(143)) - 7e02033f-e7de-4006-80be-ffeab2e3922a: start LeaderElection
2019-10-16 21:00:30,867 [7e02033f-e7de-4006-80be-ffeab2e3922a@group-B775CB1CFC79-LeaderElection63] INFO  impl.LeaderElection (LeaderElection.java:askForVotes(178)) - 7e02033f-e7de-4006-80be-ffeab2e3922a@group-B775CB1CFC79-LeaderElection63: begin an election at term 40 for 0: [7d5bd66d-ed89-401c-bf86-050641c359fd:192.168.157.254:45704, e2e26bef-7a80-470b-89dc-752ae9b76223:192.168.157.254:36344, 7e02033f-e7de-4006-80be-ffeab2e3922a:192.168.157.254:33430], old=null
2019-10-16 21:00:30,869 [grpc-default-executor-4] INFO  impl.RaftServerImpl (RaftServerImpl.java:setRole(184)) - 7d5bd66d-ed89-401c-bf86-050641c359fd@group-B775CB1CFC79: changes role from  FOLLOWER to FOLLOWER at term 40 for recognizeCandidate:7e02033f-e7de-4006-80be-ffeab2e3922a
2019-10-16 21:00:30,869 [grpc-default-executor-4] INFO  impl.RoleInfo (RoleInfo.java:shutdownFollowerState(121)) - 7d5bd66d-ed89-401c-bf86-050641c359fd: shutdown FollowerState
2019-10-16 21:00:30,869 [grpc-default-executor-4] INFO  impl.RoleInfo (RoleInfo.java:updateAndGet(143)) - 7d5bd66d-ed89-401c-bf86-050641c359fd: start FollowerState
2019-10-16 21:00:30,869 [Thread-942] INFO  impl.FollowerState (FollowerState.java:run(117)) - 7d5bd66d-ed89-401c-bf86-050641c359fd@group-B775CB1CFC79-FollowerState was interrupted: java.lang.InterruptedException: sleep interrupted
2019-10-16 21:00:30,869 [grpc-default-executor-2] INFO  impl.RaftServerImpl (RaftServerImpl.java:setRole(184)) - e2e26bef-7a80-470b-89dc-752ae9b76223@group-B775CB1CFC79: changes role from  FOLLOWER to FOLLOWER at term 40 for recognizeCandidate:7e02033f-e7de-4006-80be-ffeab2e3922a
2019-10-16 21:00:30,869 [grpc-default-executor-2] INFO  impl.RoleInfo (RoleInfo.java:shutdownFollowerState(121)) - e2e26bef-7a80-470b-89dc-752ae9b76223: shutdown FollowerState
2019-10-16 21:00:30,870 [grpc-default-executor-2] INFO  impl.RoleInfo (RoleInfo.java:updateAndGet(143)) - e2e26bef-7a80-470b-89dc-752ae9b76223: start FollowerState
2019-10-16 21:00:30,870 [Thread-941] INFO  impl.FollowerState (FollowerState.java:run(117)) - e2e26bef-7a80-470b-89dc-752ae9b76223@group-B775CB1CFC79-FollowerState was interrupted: java.lang.InterruptedException: sleep interrupted
2019-10-16 21:00:30,884 [7e02033f-e7de-4006-80be-ffeab2e3922a@group-B775CB1CFC79-LeaderElection63] INFO  impl.LeaderElection (LeaderElection.java:logAndReturn(56)) - 7e02033f-e7de-4006-80be-ffeab2e3922a@group-B775CB1CFC79-LeaderElection63: Election REJECTED; received 2 response(s) [7e02033f-e7de-4006-80be-ffeab2e3922a<-7d5bd66d-ed89-401c-bf86-050641c359fd#0:FAIL-t40, 7e02033f-e7de-4006-80be-ffeab2e3922a<-e2e26bef-7a80-470b-89dc-752ae9b76223#0:FAIL-t40] and 0 exception(s); 7e02033f-e7de-4006-80be-ffeab2e3922a@group-B775CB1CFC79:t40, leader=null, voted=7e02033f-e7de-4006-80be-ffeab2e3922a, raftlog=7e02033f-e7de-4006-80be-ffeab2e3922a@group-B775CB1CFC79-SegmentedRaftLog:OPENED:c3,f4,i4, conf=0: [7d5bd66d-ed89-401c-bf86-050641c359fd:192.168.157.254:45704, e2e26bef-7a80-470b-89dc-752ae9b76223:192.168.157.254:36344, 7e02033f-e7de-4006-80be-ffeab2e3922a:192.168.157.254:33430], old=null
2019-10-16 21:00:30,884 [7e02033f-e7de-4006-80be-ffeab2e3922a@group-B775CB1CFC79-LeaderElection63] INFO  impl.RaftServerImpl (RaftServerImpl.java:setRole(184)) - 7e02033f-e7de-4006-80be-ffeab2e3922a@group-B775CB1CFC79: changes role from CANDIDATE to FOLLOWER at term 40 for DISCOVERED_A_NEW_TERM
2019-10-16 21:00:30,884 [7e02033f-e7de-4006-80be-ffeab2e3922a@group-B775CB1CFC79-LeaderElection63] INFO  impl.RoleInfo (RoleInfo.java:shutdownLeaderElection(134)) - 7e02033f-e7de-4006-80be-ffeab2e3922a: shutdown LeaderElection
2019-10-16 21:00:30,885 [7e02033f-e7de-4006-80be-ffeab2e3922a@group-B775CB1CFC79-LeaderElection63] INFO  impl.RoleInfo (RoleInfo.java:updateAndGet(143)) - 7e02033f-e7de-4006-80be-ffeab2e3922a: start FollowerState
2019-10-16 21:00:30,891 [BlockDeletingService#2] WARN  background.BlockDeletingService (BlockDeletingService.java:isDeletionAllowed(187)) - Close Container log Index 6 is not replicated across allthe servers in the pipeline 4fea0e3a-b978-493d-b2ed-b775cb1cfc79 as the min replicated index is 4. Deletion is not allowed in this container yet.
2019-10-16 21:00:30,892 [BlockDeletingService#2] WARN  background.BlockDeletingService (BlockDeletingService.java:isDeletionAllowed(187)) - Close Container log Index 6 is not replicated across allthe servers in the pipeline 4fea0e3a-b978-493d-b2ed-b775cb1cfc79 as the min replicated index is 4. Deletion is not allowed in this container yet.
2019-10-16 21:00:31,009 [Thread-955] INFO  impl.FollowerState (FollowerState.java:run(108)) - 7d5bd66d-ed89-401c-bf86-050641c359fd@group-0777CA79DD7E-FollowerState: change to CANDIDATE, lastRpcTime:172ms, electionTimeout:172ms
2019-10-16 21:00:31,009 [Thread-955] INFO  impl.RoleInfo (RoleInfo.java:shutdownFollowerState(121)) - 7d5bd66d-ed89-401c-bf86-050641c359fd: shutdown FollowerState
2019-10-16 21:00:31,009 [Thread-955] INFO  impl.RaftServerImpl (RaftServerImpl.java:setRole(184)) - 7d5bd66d-ed89-401c-bf86-050641c359fd@group-0777CA79DD7E: changes role from  FOLLOWER to CANDIDATE at term 22 for changeToCandidate
2019-10-16 21:00:31,010 [Thread-955] INFO  impl.RoleInfo (RoleInfo.java:updateAndGet(143)) - 7d5bd66d-ed89-401c-bf86-050641c359fd: start LeaderElection
2019-10-16 21:00:31,024 [7d5bd66d-ed89-401c-bf86-050641c359fd@group-0777CA79DD7E-LeaderElection64] INFO  impl.LeaderElection (LeaderElection.java:askForVotes(178)) - 7d5bd66d-ed89-401c-bf86-050641c359fd@group-0777CA79DD7E-LeaderElection64: begin an election at term 23 for -1: [7d5bd66d-ed89-401c-bf86-050641c359fd:192.168.157.254:45704, e2e26bef-7a80-470b-89dc-752ae9b76223:192.168.157.254:36344, 7e02033f-e7de-4006-80be-ffeab2e3922a:192.168.157.254:33430], old=null
2019-10-16 21:00:31,027 [grpc-default-executor-2] INFO  impl.RaftServerImpl (RaftServerImpl.java:setRole(184)) - e2e26bef-7a80-470b-89dc-752ae9b76223@group-0777CA79DD7E: changes role from  FOLLOWER to FOLLOWER at term 23 for recognizeCandidate:7d5bd66d-ed89-401c-bf86-050641c359fd
2019-10-16 21:00:31,027 [grpc-default-executor-2] INFO  impl.RoleInfo (RoleInfo.java:shutdownFollowerState(121)) - e2e26bef-7a80-470b-89dc-752ae9b76223: shutdown FollowerState
2019-10-16 21:00:31,027 [grpc-default-executor-2] INFO  impl.RoleInfo (RoleInfo.java:updateAndGet(143)) - e2e26bef-7a80-470b-89dc-752ae9b76223: start FollowerState
2019-10-16 21:00:31,027 [Thread-953] INFO  impl.FollowerState (FollowerState.java:run(117)) - e2e26bef-7a80-470b-89dc-752ae9b76223@group-0777CA79DD7E-FollowerState was interrupted: java.lang.InterruptedException: sleep interrupted
2019-10-16 21:00:31,027 [grpc-default-executor-4] INFO  impl.RaftServerImpl (RaftServerImpl.java:setRole(184)) - 7e02033f-e7de-4006-80be-ffeab2e3922a@group-0777CA79DD7E: changes role from  FOLLOWER to FOLLOWER at term 23 for recognizeCandidate:7d5bd66d-ed89-401c-bf86-050641c359fd
2019-10-16 21:00:31,027 [grpc-default-executor-4] INFO  impl.RoleInfo (RoleInfo.java:shutdownFollowerState(121)) - 7e02033f-e7de-4006-80be-ffeab2e3922a: shutdown FollowerState
2019-10-16 21:00:31,028 [grpc-default-executor-4] INFO  impl.RoleInfo (RoleInfo.java:updateAndGet(143)) - 7e02033f-e7de-4006-80be-ffeab2e3922a: start FollowerState
2019-10-16 21:00:31,028 [Thread-954] INFO  impl.FollowerState (FollowerState.java:run(117)) - 7e02033f-e7de-4006-80be-ffeab2e3922a@group-0777CA79DD7E-FollowerState was interrupted: java.lang.InterruptedException: sleep interrupted
2019-10-16 21:00:31,042 [7d5bd66d-ed89-401c-bf86-050641c359fd@group-0777CA79DD7E-LeaderElection64] INFO  impl.LeaderElection (LeaderElection.java:logAndReturn(56)) - 7d5bd66d-ed89-401c-bf86-050641c359fd@group-0777CA79DD7E-LeaderElection64: Election REJECTED; received 2 response(s) [7d5bd66d-ed89-401c-bf86-050641c359fd<-e2e26bef-7a80-470b-89dc-752ae9b76223#0:FAIL-t23, 7d5bd66d-ed89-401c-bf86-050641c359fd<-7e02033f-e7de-4006-80be-ffeab2e3922a#0:FAIL-t23] and 0 exception(s); 7d5bd66d-ed89-401c-bf86-050641c359fd@group-0777CA79DD7E:t23, leader=null, voted=7d5bd66d-ed89-401c-bf86-050641c359fd, raftlog=7d5bd66d-ed89-401c-bf86-050641c359fd@group-0777CA79DD7E-SegmentedRaftLog:OPENED:c-1,f-1,i0, conf=-1: [7d5bd66d-ed89-401c-bf86-050641c359fd:192.168.157.254:45704, e2e26bef-7a80-470b-89dc-752ae9b76223:192.168.157.254:36344, 7e02033f-e7de-4006-80be-ffeab2e3922a:192.168.157.254:33430], old=null
2019-10-16 21:00:31,042 [7d5bd66d-ed89-401c-bf86-050641c359fd@group-0777CA79DD7E-LeaderElection64] INFO  impl.RaftServerImpl (RaftServerImpl.java:setRole(184)) - 7d5bd66d-ed89-401c-bf86-050641c359fd@group-0777CA79DD7E: changes role from CANDIDATE to FOLLOWER at term 23 for DISCOVERED_A_NEW_TERM
2019-10-16 21:00:31,043 [7d5bd66d-ed89-401c-bf86-050641c359fd@group-0777CA79DD7E-LeaderElection64] INFO  impl.RoleInfo (RoleInfo.java:shutdownLeaderElection(134)) - 7d5bd66d-ed89-401c-bf86-050641c359fd: shutdown LeaderElection
2019-10-16 21:00:31,043 [7d5bd66d-ed89-401c-bf86-050641c359fd@group-0777CA79DD7E-LeaderElection64] INFO  impl.RoleInfo (RoleInfo.java:updateAndGet(143)) - 7d5bd66d-ed89-401c-bf86-050641c359fd: start FollowerState
2019-10-16 21:00:31,083 [Thread-961] INFO  impl.FollowerState (FollowerState.java:run(108)) - 7e02033f-e7de-4006-80be-ffeab2e3922a@group-B775CB1CFC79-FollowerState: change to CANDIDATE, lastRpcTime:198ms, electionTimeout:198ms
2019-10-16 21:00:31,083 [Thread-961] INFO  impl.RoleInfo (RoleInfo.java:shutdownFollowerState(121)) - 7e02033f-e7de-4006-80be-ffeab2e3922a: shutdown FollowerState
2019-10-16 21:00:31,083 [Thread-961] INFO  impl.RaftServerImpl (RaftServerImpl.java:setRole(184)) - 7e02033f-e7de-4006-80be-ffeab2e3922a@group-B775CB1CFC79: changes role from  FOLLOWER to CANDIDATE at term 40 for changeToCandidate
2019-10-16 21:00:31,083 [Thread-961] INFO  impl.RoleInfo (RoleInfo.java:updateAndGet(143)) - 7e02033f-e7de-4006-80be-ffeab2e3922a: start LeaderElection
2019-10-16 21:00:31,114 [7e02033f-e7de-4006-80be-ffeab2e3922a@group-B775CB1CFC79-LeaderElection65] INFO  impl.LeaderElection (LeaderElection.java:askForVotes(178)) - 7e02033f-e7de-4006-80be-ffeab2e3922a@group-B775CB1CFC79-LeaderElection65: begin an election at term 41 for 0: [7d5bd66d-ed89-401c-bf86-050641c359fd:192.168.157.254:45704, e2e26bef-7a80-470b-89dc-752ae9b76223:192.168.157.254:36344, 7e02033f-e7de-4006-80be-ffeab2e3922a:192.168.157.254:33430], old=null
2019-10-16 21:00:31,117 [grpc-default-executor-2] INFO  impl.RaftServerImpl (RaftServerImpl.java:setRole(184)) - 7d5bd66d-ed89-401c-bf86-050641c359fd@group-B775CB1CFC79: changes role from  FOLLOWER to FOLLOWER at term 41 for recognizeCandidate:7e02033f-e7de-4006-80be-ffeab2e3922a
2019-10-16 21:00:31,117 [grpc-default-executor-4] INFO  impl.RaftServerImpl (RaftServerImpl.java:setRole(184)) - e2e26bef-7a80-470b-89dc-752ae9b76223@group-B775CB1CFC79: changes role from  FOLLOWER to FOLLOWER at term 41 for recognizeCandidate:7e02033f-e7de-4006-80be-ffeab2e3922a
2019-10-16 21:00:31,117 [grpc-default-executor-2] INFO  impl.RoleInfo (RoleInfo.java:shutdownFollowerState(121)) - 7d5bd66d-ed89-401c-bf86-050641c359fd: shutdown FollowerState
2019-10-16 21:00:31,118 [grpc-default-executor-4] INFO  impl.RoleInfo (RoleInfo.java:shutdownFollowerState(121)) - e2e26bef-7a80-470b-89dc-752ae9b76223: shutdown FollowerState
2019-10-16 21:00:31,118 [Thread-959] INFO  impl.FollowerState (FollowerState.java:run(117)) - 7d5bd66d-ed89-401c-bf86-050641c359fd@group-B775CB1CFC79-FollowerState was interrupted: java.lang.InterruptedException: sleep interrupted
2019-10-16 21:00:31,118 [Thread-960] INFO  impl.FollowerState (FollowerState.java:run(117)) - e2e26bef-7a80-470b-89dc-752ae9b76223@group-B775CB1CFC79-FollowerState was interrupted: java.lang.InterruptedException: sleep interrupted
2019-10-16 21:00:31,118 [grpc-default-executor-2] INFO  impl.RoleInfo (RoleInfo.java:updateAndGet(143)) - 7d5bd66d-ed89-401c-bf86-050641c359fd: start FollowerState
2019-10-16 21:00:31,118 [grpc-default-executor-4] INFO  impl.RoleInfo (RoleInfo.java:updateAndGet(143)) - e2e26bef-7a80-470b-89dc-752ae9b76223: start FollowerState
2019-10-16 21:00:31,127 [7e02033f-e7de-4006-80be-ffeab2e3922a@group-B775CB1CFC79-LeaderElection65] INFO  impl.LeaderElection (LeaderElection.java:logAndReturn(56)) - 7e02033f-e7de-4006-80be-ffeab2e3922a@group-B775CB1CFC79-LeaderElection65: Election REJECTED; received 2 response(s) [7e02033f-e7de-4006-80be-ffeab2e3922a<-7d5bd66d-ed89-401c-bf86-050641c359fd#0:FAIL-t41, 7e02033f-e7de-4006-80be-ffeab2e3922a<-e2e26bef-7a80-470b-89dc-752ae9b76223#0:FAIL-t41] and 0 exception(s); 7e02033f-e7de-4006-80be-ffeab2e3922a@group-B775CB1CFC79:t41, leader=null, voted=7e02033f-e7de-4006-80be-ffeab2e3922a, raftlog=7e02033f-e7de-4006-80be-ffeab2e3922a@group-B775CB1CFC79-SegmentedRaftLog:OPENED:c3,f4,i4, conf=0: [7d5bd66d-ed89-401c-bf86-050641c359fd:192.168.157.254:45704, e2e26bef-7a80-470b-89dc-752ae9b76223:192.168.157.254:36344, 7e02033f-e7de-4006-80be-ffeab2e3922a:192.168.157.254:33430], old=null
2019-10-16 21:00:31,127 [7e02033f-e7de-4006-80be-ffeab2e3922a@group-B775CB1CFC79-LeaderElection65] INFO  impl.RaftServerImpl (RaftServerImpl.java:setRole(184)) - 7e02033f-e7de-4006-80be-ffeab2e3922a@group-B775CB1CFC79: changes role from CANDIDATE to FOLLOWER at term 41 for DISCOVERED_A_NEW_TERM
2019-10-16 21:00:31,127 [7e02033f-e7de-4006-80be-ffeab2e3922a@group-B775CB1CFC79-LeaderElection65] INFO  impl.RoleInfo (RoleInfo.java:shutdownLeaderElection(134)) - 7e02033f-e7de-4006-80be-ffeab2e3922a: shutdown LeaderElection
2019-10-16 21:00:31,127 [7e02033f-e7de-4006-80be-ffeab2e3922a@group-B775CB1CFC79-LeaderElection65] INFO  impl.RoleInfo (RoleInfo.java:updateAndGet(143)) - 7e02033f-e7de-4006-80be-ffeab2e3922a: start FollowerState
2019-10-16 21:00:31,196 [Thread-976] INFO  impl.FollowerState (FollowerState.java:run(108)) - 7e02033f-e7de-4006-80be-ffeab2e3922a@group-B775CB1CFC79-FollowerState: change to CANDIDATE, lastRpcTime:69ms, electionTimeout:69ms
2019-10-16 21:00:31,197 [Thread-976] INFO  impl.RoleInfo (RoleInfo.java:shutdownFollowerState(121)) - 7e02033f-e7de-4006-80be-ffeab2e3922a: shutdown FollowerState
2019-10-16 21:00:31,197 [Thread-976] INFO  impl.RaftServerImpl (RaftServerImpl.java:setRole(184)) - 7e02033f-e7de-4006-80be-ffeab2e3922a@group-B775CB1CFC79: changes role from  FOLLOWER to CANDIDATE at term 41 for changeToCandidate
2019-10-16 21:00:31,197 [Thread-976] INFO  impl.RoleInfo (RoleInfo.java:updateAndGet(143)) - 7e02033f-e7de-4006-80be-ffeab2e3922a: start LeaderElection
2019-10-16 21:00:31,209 [7e02033f-e7de-4006-80be-ffeab2e3922a@group-B775CB1CFC79-LeaderElection66] INFO  impl.LeaderElection (LeaderElection.java:askForVotes(178)) - 7e02033f-e7de-4006-80be-ffeab2e3922a@group-B775CB1CFC79-LeaderElection66: begin an election at term 42 for 0: [7d5bd66d-ed89-401c-bf86-050641c359fd:192.168.157.254:45704, e2e26bef-7a80-470b-89dc-752ae9b76223:192.168.157.254:36344, 7e02033f-e7de-4006-80be-ffeab2e3922a:192.168.157.254:33430], old=null
2019-10-16 21:00:31,212 [grpc-default-executor-2] INFO  impl.RaftServerImpl (RaftServerImpl.java:setRole(184)) - 7d5bd66d-ed89-401c-bf86-050641c359fd@group-B775CB1CFC79: changes role from  FOLLOWER to FOLLOWER at term 42 for recognizeCandidate:7e02033f-e7de-4006-80be-ffeab2e3922a
2019-10-16 21:00:31,212 [grpc-default-executor-2] INFO  impl.RoleInfo (RoleInfo.java:shutdownFollowerState(121)) - 7d5bd66d-ed89-401c-bf86-050641c359fd: shutdown FollowerState
2019-10-16 21:00:31,212 [grpc-default-executor-4] INFO  impl.RaftServerImpl (RaftServerImpl.java:setRole(184)) - e2e26bef-7a80-470b-89dc-752ae9b76223@group-B775CB1CFC79: changes role from  FOLLOWER to FOLLOWER at term 42 for recognizeCandidate:7e02033f-e7de-4006-80be-ffeab2e3922a
2019-10-16 21:00:31,212 [grpc-default-executor-2] INFO  impl.RoleInfo (RoleInfo.java:updateAndGet(143)) - 7d5bd66d-ed89-401c-bf86-050641c359fd: start FollowerState
2019-10-16 21:00:31,212 [Thread-974] INFO  impl.FollowerState (FollowerState.java:run(117)) - 7d5bd66d-ed89-401c-bf86-050641c359fd@group-B775CB1CFC79-FollowerState was interrupted: java.lang.InterruptedException: sleep interrupted
2019-10-16 21:00:31,212 [grpc-default-executor-4] INFO  impl.RoleInfo (RoleInfo.java:shutdownFollowerState(121)) - e2e26bef-7a80-470b-89dc-752ae9b76223: shutdown FollowerState
2019-10-16 21:00:31,213 [grpc-default-executor-4] INFO  impl.RoleInfo (RoleInfo.java:updateAndGet(143)) - e2e26bef-7a80-470b-89dc-752ae9b76223: start FollowerState
2019-10-16 21:00:31,213 [Thread-975] INFO  impl.FollowerState (FollowerState.java:run(117)) - e2e26bef-7a80-470b-89dc-752ae9b76223@group-B775CB1CFC79-FollowerState was interrupted: java.lang.InterruptedException: sleep interrupted
2019-10-16 21:00:31,227 [7e02033f-e7de-4006-80be-ffeab2e3922a@group-B775CB1CFC79-LeaderElection66] INFO  impl.LeaderElection (LeaderElection.java:logAndReturn(56)) - 7e02033f-e7de-4006-80be-ffeab2e3922a@group-B775CB1CFC79-LeaderElection66: Election REJECTED; received 2 response(s) [7e02033f-e7de-4006-80be-ffeab2e3922a<-7d5bd66d-ed89-401c-bf86-050641c359fd#0:FAIL-t42, 7e02033f-e7de-4006-80be-ffeab2e3922a<-e2e26bef-7a80-470b-89dc-752ae9b76223#0:FAIL-t42] and 0 exception(s); 7e02033f-e7de-4006-80be-ffeab2e3922a@group-B775CB1CFC79:t42, leader=null, voted=7e02033f-e7de-4006-80be-ffeab2e3922a, raftlog=7e02033f-e7de-4006-80be-ffeab2e3922a@group-B775CB1CFC79-SegmentedRaftLog:OPENED:c3,f4,i4, conf=0: [7d5bd66d-ed89-401c-bf86-050641c359fd:192.168.157.254:45704, e2e26bef-7a80-470b-89dc-752ae9b76223:192.168.157.254:36344, 7e02033f-e7de-4006-80be-ffeab2e3922a:192.168.157.254:33430], old=null
2019-10-16 21:00:31,227 [7e02033f-e7de-4006-80be-ffeab2e3922a@group-B775CB1CFC79-LeaderElection66] INFO  impl.RaftServerImpl (RaftServerImpl.java:setRole(184)) - 7e02033f-e7de-4006-80be-ffeab2e3922a@group-B775CB1CFC79: changes role from CANDIDATE to FOLLOWER at term 42 for DISCOVERED_A_NEW_TERM
2019-10-16 21:00:31,227 [7e02033f-e7de-4006-80be-ffeab2e3922a@group-B775CB1CFC79-LeaderElection66] INFO  impl.RoleInfo (RoleInfo.java:shutdownLeaderElection(134)) - 7e02033f-e7de-4006-80be-ffeab2e3922a: shutdown LeaderElection
2019-10-16 21:00:31,227 [7e02033f-e7de-4006-80be-ffeab2e3922a@group-B775CB1CFC79-LeaderElection66] INFO  impl.RoleInfo (RoleInfo.java:updateAndGet(143)) - 7e02033f-e7de-4006-80be-ffeab2e3922a: start FollowerState
2019-10-16 21:00:31,237 [Thread-969] INFO  impl.FollowerState (FollowerState.java:run(108)) - 7d5bd66d-ed89-401c-bf86-050641c359fd@group-0777CA79DD7E-FollowerState: change to CANDIDATE, lastRpcTime:194ms, electionTimeout:194ms
2019-10-16 21:00:31,237 [Thread-969] INFO  impl.RoleInfo (RoleInfo.java:shutdownFollowerState(121)) - 7d5bd66d-ed89-401c-bf86-050641c359fd: shutdown FollowerState
2019-10-16 21:00:31,237 [Thread-969] INFO  impl.RaftServerImpl (RaftServerImpl.java:setRole(184)) - 7d5bd66d-ed89-401c-bf86-050641c359fd@group-0777CA79DD7E: changes role from  FOLLOWER to CANDIDATE at term 23 for changeToCandidate
2019-10-16 21:00:31,238 [Thread-969] INFO  impl.RoleInfo (RoleInfo.java:updateAndGet(143)) - 7d5bd66d-ed89-401c-bf86-050641c359fd: start LeaderElection
2019-10-16 21:00:31,242 [7d5bd66d-ed89-401c-bf86-050641c359fd@group-0777CA79DD7E-LeaderElection67] INFO  impl.LeaderElection (LeaderElection.java:askForVotes(178)) - 7d5bd66d-ed89-401c-bf86-050641c359fd@group-0777CA79DD7E-LeaderElection67: begin an election at term 24 for -1: [7d5bd66d-ed89-401c-bf86-050641c359fd:192.168.157.254:45704, e2e26bef-7a80-470b-89dc-752ae9b76223:192.168.157.254:36344, 7e02033f-e7de-4006-80be-ffeab2e3922a:192.168.157.254:33430], old=null
2019-10-16 21:00:31,244 [grpc-default-executor-4] INFO  impl.RaftServerImpl (RaftServerImpl.java:setRole(184)) - e2e26bef-7a80-470b-89dc-752ae9b76223@group-0777CA79DD7E: changes role from  FOLLOWER to FOLLOWER at term 24 for recognizeCandidate:7d5bd66d-ed89-401c-bf86-050641c359fd
2019-10-16 21:00:31,245 [grpc-default-executor-4] INFO  impl.RoleInfo (RoleInfo.java:shutdownFollowerState(121)) - e2e26bef-7a80-470b-89dc-752ae9b76223: shutdown FollowerState
2019-10-16 21:00:31,245 [grpc-default-executor-2] INFO  impl.RaftServerImpl (RaftServerImpl.java:setRole(184)) - 7e02033f-e7de-4006-80be-ffeab2e3922a@group-0777CA79DD7E: changes role from  FOLLOWER to FOLLOWER at term 24 for recognizeCandidate:7d5bd66d-ed89-401c-bf86-050641c359fd
2019-10-16 21:00:31,245 [Thread-967] INFO  impl.FollowerState (FollowerState.java:run(117)) - e2e26bef-7a80-470b-89dc-752ae9b76223@group-0777CA79DD7E-FollowerState was interrupted: java.lang.InterruptedException: sleep interrupted
2019-10-16 21:00:31,245 [grpc-default-executor-4] INFO  impl.RoleInfo (RoleInfo.java:updateAndGet(143)) - e2e26bef-7a80-470b-89dc-752ae9b76223: start FollowerState
2019-10-16 21:00:31,245 [grpc-default-executor-2] INFO  impl.RoleInfo (RoleInfo.java:shutdownFollowerState(121)) - 7e02033f-e7de-4006-80be-ffeab2e3922a: shutdown FollowerState
2019-10-16 21:00:31,245 [grpc-default-executor-2] INFO  impl.RoleInfo (RoleInfo.java:updateAndGet(143)) - 7e02033f-e7de-4006-80be-ffeab2e3922a: start FollowerState
2019-10-16 21:00:31,245 [Thread-968] INFO  impl.FollowerState (FollowerState.java:run(117)) - 7e02033f-e7de-4006-80be-ffeab2e3922a@group-0777CA79DD7E-FollowerState was interrupted: java.lang.InterruptedException: sleep interrupted
2019-10-16 21:00:31,267 [7d5bd66d-ed89-401c-bf86-050641c359fd@group-0777CA79DD7E-LeaderElection67] INFO  impl.LeaderElection (LeaderElection.java:logAndReturn(56)) - 7d5bd66d-ed89-401c-bf86-050641c359fd@group-0777CA79DD7E-LeaderElection67: Election REJECTED; received 2 response(s) [7d5bd66d-ed89-401c-bf86-050641c359fd<-e2e26bef-7a80-470b-89dc-752ae9b76223#0:FAIL-t24, 7d5bd66d-ed89-401c-bf86-050641c359fd<-7e02033f-e7de-4006-80be-ffeab2e3922a#0:FAIL-t24] and 0 exception(s); 7d5bd66d-ed89-401c-bf86-050641c359fd@group-0777CA79DD7E:t24, leader=null, voted=7d5bd66d-ed89-401c-bf86-050641c359fd, raftlog=7d5bd66d-ed89-401c-bf86-050641c359fd@group-0777CA79DD7E-SegmentedRaftLog:OPENED:c-1,f-1,i0, conf=-1: [7d5bd66d-ed89-401c-bf86-050641c359fd:192.168.157.254:45704, e2e26bef-7a80-470b-89dc-752ae9b76223:192.168.157.254:36344, 7e02033f-e7de-4006-80be-ffeab2e3922a:192.168.157.254:33430], old=null
2019-10-16 21:00:31,267 [7d5bd66d-ed89-401c-bf86-050641c359fd@group-0777CA79DD7E-LeaderElection67] INFO  impl.RaftServerImpl (RaftServerImpl.java:setRole(184)) - 7d5bd66d-ed89-401c-bf86-050641c359fd@group-0777CA79DD7E: changes role from CANDIDATE to FOLLOWER at term 24 for DISCOVERED_A_NEW_TERM
2019-10-16 21:00:31,268 [7d5bd66d-ed89-401c-bf86-050641c359fd@group-0777CA79DD7E-LeaderElection67] INFO  impl.RoleInfo (RoleInfo.java:shutdownLeaderElection(134)) - 7d5bd66d-ed89-401c-bf86-050641c359fd: shutdown LeaderElection
2019-10-16 21:00:31,268 [7d5bd66d-ed89-401c-bf86-050641c359fd@group-0777CA79DD7E-LeaderElection67] INFO  impl.RoleInfo (RoleInfo.java:updateAndGet(143)) - 7d5bd66d-ed89-401c-bf86-050641c359fd: start FollowerState
2019-10-16 21:00:31,294 [Thread-990] INFO  client.GrpcClientProtocolService (GrpcClientProtocolService.java:lambda$processClientRequest$0(278)) - Failed RaftClientRequest:client-BDDAE6707277->7e02033f-e7de-4006-80be-ffeab2e3922a@group-B775CB1CFC79, cid=10, seq=0, Watch-ALL_COMMITTED(6), Message:<EMPTY>, reply=RaftClientReply:client-BDDAE6707277->7e02033f-e7de-4006-80be-ffeab2e3922a@group-B775CB1CFC79, cid=10, FAILED org.apache.ratis.protocol.NotLeaderException: Server 7e02033f-e7de-4006-80be-ffeab2e3922a@group-B775CB1CFC79 is not the leader, logIndex=0, commits[7e02033f-e7de-4006-80be-ffeab2e3922a:c3]
2019-10-16 21:00:31,310 [Thread-982] INFO  impl.FollowerState (FollowerState.java:run(108)) - 7e02033f-e7de-4006-80be-ffeab2e3922a@group-B775CB1CFC79-FollowerState: change to CANDIDATE, lastRpcTime:83ms, electionTimeout:83ms
2019-10-16 21:00:31,311 [Thread-982] INFO  impl.RoleInfo (RoleInfo.java:shutdownFollowerState(121)) - 7e02033f-e7de-4006-80be-ffeab2e3922a: shutdown FollowerState
2019-10-16 21:00:31,311 [Thread-982] INFO  impl.RaftServerImpl (RaftServerImpl.java:setRole(184)) - 7e02033f-e7de-4006-80be-ffeab2e3922a@group-B775CB1CFC79: changes role from  FOLLOWER to CANDIDATE at term 42 for changeToCandidate
2019-10-16 21:00:31,311 [Thread-982] INFO  impl.RoleInfo (RoleInfo.java:updateAndGet(143)) - 7e02033f-e7de-4006-80be-ffeab2e3922a: start LeaderElection
2019-10-16 21:00:31,324 [7e02033f-e7de-4006-80be-ffeab2e3922a@group-B775CB1CFC79-LeaderElection68] INFO  impl.LeaderElection (LeaderElection.java:askForVotes(178)) - 7e02033f-e7de-4006-80be-ffeab2e3922a@group-B775CB1CFC79-LeaderElection68: begin an election at term 43 for 0: [7d5bd66d-ed89-401c-bf86-050641c359fd:192.168.157.254:45704, e2e26bef-7a80-470b-89dc-752ae9b76223:192.168.157.254:36344, 7e02033f-e7de-4006-80be-ffeab2e3922a:192.168.157.254:33430], old=null
2019-10-16 21:00:31,326 [grpc-default-executor-4] INFO  impl.RaftServerImpl (RaftServerImpl.java:setRole(184)) - e2e26bef-7a80-470b-89dc-752ae9b76223@group-B775CB1CFC79: changes role from  FOLLOWER to FOLLOWER at term 43 for recognizeCandidate:7e02033f-e7de-4006-80be-ffeab2e3922a
2019-10-16 21:00:31,326 [grpc-default-executor-4] INFO  impl.RoleInfo (RoleInfo.java:shutdownFollowerState(121)) - e2e26bef-7a80-470b-89dc-752ae9b76223: shutdown FollowerState
2019-10-16 21:00:31,326 [grpc-default-executor-2] INFO  impl.RaftServerImpl (RaftServerImpl.java:setRole(184)) - 7d5bd66d-ed89-401c-bf86-050641c359fd@group-B775CB1CFC79: changes role from  FOLLOWER to FOLLOWER at term 43 for recognizeCandidate:7e02033f-e7de-4006-80be-ffeab2e3922a
2019-10-16 21:00:31,326 [Thread-981] INFO  impl.FollowerState (FollowerState.java:run(117)) - e2e26bef-7a80-470b-89dc-752ae9b76223@group-B775CB1CFC79-FollowerState was interrupted: java.lang.InterruptedException: sleep interrupted
2019-10-16 21:00:31,326 [grpc-default-executor-4] INFO  impl.RoleInfo (RoleInfo.java:updateAndGet(143)) - e2e26bef-7a80-470b-89dc-752ae9b76223: start FollowerState
2019-10-16 21:00:31,326 [grpc-default-executor-2] INFO  impl.RoleInfo (RoleInfo.java:shutdownFollowerState(121)) - 7d5bd66d-ed89-401c-bf86-050641c359fd: shutdown FollowerState
2019-10-16 21:00:31,327 [Thread-980] INFO  impl.FollowerState (FollowerState.java:run(117)) - 7d5bd66d-ed89-401c-bf86-050641c359fd@group-B775CB1CFC79-FollowerState was interrupted: java.lang.InterruptedException: sleep interrupted
2019-10-16 21:00:31,327 [grpc-default-executor-2] INFO  impl.RoleInfo (RoleInfo.java:updateAndGet(143)) - 7d5bd66d-ed89-401c-bf86-050641c359fd: start FollowerState
2019-10-16 21:00:31,341 [7e02033f-e7de-4006-80be-ffeab2e3922a@group-B775CB1CFC79-LeaderElection68] INFO  impl.LeaderElection (LeaderElection.java:logAndReturn(56)) - 7e02033f-e7de-4006-80be-ffeab2e3922a@group-B775CB1CFC79-LeaderElection68: Election REJECTED; received 2 response(s) [7e02033f-e7de-4006-80be-ffeab2e3922a<-7d5bd66d-ed89-401c-bf86-050641c359fd#0:FAIL-t43, 7e02033f-e7de-4006-80be-ffeab2e3922a<-e2e26bef-7a80-470b-89dc-752ae9b76223#0:FAIL-t43] and 0 exception(s); 7e02033f-e7de-4006-80be-ffeab2e3922a@group-B775CB1CFC79:t43, leader=null, voted=7e02033f-e7de-4006-80be-ffeab2e3922a, raftlog=7e02033f-e7de-4006-80be-ffeab2e3922a@group-B775CB1CFC79-SegmentedRaftLog:OPENED:c3,f4,i4, conf=0: [7d5bd66d-ed89-401c-bf86-050641c359fd:192.168.157.254:45704, e2e26bef-7a80-470b-89dc-752ae9b76223:192.168.157.254:36344, 7e02033f-e7de-4006-80be-ffeab2e3922a:192.168.157.254:33430], old=null
2019-10-16 21:00:31,341 [7e02033f-e7de-4006-80be-ffeab2e3922a@group-B775CB1CFC79-LeaderElection68] INFO  impl.RaftServerImpl (RaftServerImpl.java:setRole(184)) - 7e02033f-e7de-4006-80be-ffeab2e3922a@group-B775CB1CFC79: changes role from CANDIDATE to FOLLOWER at term 43 for DISCOVERED_A_NEW_TERM
2019-10-16 21:00:31,341 [7e02033f-e7de-4006-80be-ffeab2e3922a@group-B775CB1CFC79-LeaderElection68] INFO  impl.RoleInfo (RoleInfo.java:shutdownLeaderElection(134)) - 7e02033f-e7de-4006-80be-ffeab2e3922a: shutdown LeaderElection
2019-10-16 21:00:31,341 [7e02033f-e7de-4006-80be-ffeab2e3922a@group-B775CB1CFC79-LeaderElection68] INFO  impl.RoleInfo (RoleInfo.java:updateAndGet(143)) - 7e02033f-e7de-4006-80be-ffeab2e3922a: start FollowerState
2019-10-16 21:00:31,378 [Thread-997] INFO  impl.FollowerState (FollowerState.java:run(108)) - 7e02033f-e7de-4006-80be-ffeab2e3922a@group-B775CB1CFC79-FollowerState: change to CANDIDATE, lastRpcTime:36ms, electionTimeout:36ms
2019-10-16 21:00:31,378 [Thread-997] INFO  impl.RoleInfo (RoleInfo.java:shutdownFollowerState(121)) - 7e02033f-e7de-4006-80be-ffeab2e3922a: shutdown FollowerState
2019-10-16 21:00:31,378 [Thread-997] INFO  impl.RaftServerImpl (RaftServerImpl.java:setRole(184)) - 7e02033f-e7de-4006-80be-ffeab2e3922a@group-B775CB1CFC79: changes role from  FOLLOWER to CANDIDATE at term 43 for changeToCandidate
2019-10-16 21:00:31,378 [Thread-997] INFO  impl.RoleInfo (RoleInfo.java:updateAndGet(143)) - 7e02033f-e7de-4006-80be-ffeab2e3922a: start LeaderElection
2019-10-16 21:00:31,392 [7e02033f-e7de-4006-80be-ffeab2e3922a@group-B775CB1CFC79-LeaderElection69] INFO  impl.LeaderElection (LeaderElection.java:askForVotes(178)) - 7e02033f-e7de-4006-80be-ffeab2e3922a@group-B775CB1CFC79-LeaderElection69: begin an election at term 44 for 0: [7d5bd66d-ed89-401c-bf86-050641c359fd:192.168.157.254:45704, e2e26bef-7a80-470b-89dc-752ae9b76223:192.168.157.254:36344, 7e02033f-e7de-4006-80be-ffeab2e3922a:192.168.157.254:33430], old=null
2019-10-16 21:00:31,394 [grpc-default-executor-4] INFO  impl.RaftServerImpl (RaftServerImpl.java:setRole(184)) - 7d5bd66d-ed89-401c-bf86-050641c359fd@group-B775CB1CFC79: changes role from  FOLLOWER to FOLLOWER at term 44 for recognizeCandidate:7e02033f-e7de-4006-80be-ffeab2e3922a
2019-10-16 21:00:31,394 [grpc-default-executor-4] INFO  impl.RoleInfo (RoleInfo.java:shutdownFollowerState(121)) - 7d5bd66d-ed89-401c-bf86-050641c359fd: shutdown FollowerState
2019-10-16 21:00:31,394 [grpc-default-executor-2] INFO  impl.RaftServerImpl (RaftServerImpl.java:setRole(184)) - e2e26bef-7a80-470b-89dc-752ae9b76223@group-B775CB1CFC79: changes role from  FOLLOWER to FOLLOWER at term 44 for recognizeCandidate:7e02033f-e7de-4006-80be-ffeab2e3922a
2019-10-16 21:00:31,394 [Thread-996] INFO  impl.FollowerState (FollowerState.java:run(117)) - 7d5bd66d-ed89-401c-bf86-050641c359fd@group-B775CB1CFC79-FollowerState was interrupted: java.lang.InterruptedException: sleep interrupted
2019-10-16 21:00:31,394 [grpc-default-executor-4] INFO  impl.RoleInfo (RoleInfo.java:updateAndGet(143)) - 7d5bd66d-ed89-401c-bf86-050641c359fd: start FollowerState
2019-10-16 21:00:31,395 [grpc-default-executor-2] INFO  impl.RoleInfo (RoleInfo.java:shutdownFollowerState(121)) - e2e26bef-7a80-470b-89dc-752ae9b76223: shutdown FollowerState
2019-10-16 21:00:31,395 [Thread-995] INFO  impl.FollowerState (FollowerState.java:run(117)) - e2e26bef-7a80-470b-89dc-752ae9b76223@group-B775CB1CFC79-FollowerState was interrupted: java.lang.InterruptedException: sleep interrupted
2019-10-16 21:00:31,395 [grpc-default-executor-2] INFO  impl.RoleInfo (RoleInfo.java:updateAndGet(143)) - e2e26bef-7a80-470b-89dc-752ae9b76223: start FollowerState
2019-10-16 21:00:31,410 [7e02033f-e7de-4006-80be-ffeab2e3922a@group-B775CB1CFC79-LeaderElection69] INFO  impl.LeaderElection (LeaderElection.java:logAndReturn(56)) - 7e02033f-e7de-4006-80be-ffeab2e3922a@group-B775CB1CFC79-LeaderElection69: Election REJECTED; received 2 response(s) [7e02033f-e7de-4006-80be-ffeab2e3922a<-7d5bd66d-ed89-401c-bf86-050641c359fd#0:FAIL-t44, 7e02033f-e7de-4006-80be-ffeab2e3922a<-e2e26bef-7a80-470b-89dc-752ae9b76223#0:FAIL-t44] and 0 exception(s); 7e02033f-e7de-4006-80be-ffeab2e3922a@group-B775CB1CFC79:t44, leader=null, voted=7e02033f-e7de-4006-80be-ffeab2e3922a, raftlog=7e02033f-e7de-4006-80be-ffeab2e3922a@group-B775CB1CFC79-SegmentedRaftLog:OPENED:c3,f4,i4, conf=0: [7d5bd66d-ed89-401c-bf86-050641c359fd:192.168.157.254:45704, e2e26bef-7a80-470b-89dc-752ae9b76223:192.168.157.254:36344, 7e02033f-e7de-4006-80be-ffeab2e3922a:192.168.157.254:33430], old=null
2019-10-16 21:00:31,410 [7e02033f-e7de-4006-80be-ffeab2e3922a@group-B775CB1CFC79-LeaderElection69] INFO  impl.RaftServerImpl (RaftServerImpl.java:setRole(184)) - 7e02033f-e7de-4006-80be-ffeab2e3922a@group-B775CB1CFC79: changes role from CANDIDATE to FOLLOWER at term 44 for DISCOVERED_A_NEW_TERM
2019-10-16 21:00:31,410 [7e02033f-e7de-4006-80be-ffeab2e3922a@group-B775CB1CFC79-LeaderElection69] INFO  impl.RoleInfo (RoleInfo.java:shutdownLeaderElection(134)) - 7e02033f-e7de-4006-80be-ffeab2e3922a: shutdown LeaderElection
2019-10-16 21:00:31,411 [7e02033f-e7de-4006-80be-ffeab2e3922a@group-B775CB1CFC79-LeaderElection69] INFO  impl.RoleInfo (RoleInfo.java:updateAndGet(143)) - 7e02033f-e7de-4006-80be-ffeab2e3922a: start FollowerState
2019-10-16 21:00:31,455 [Thread-988] INFO  impl.FollowerState (FollowerState.java:run(108)) - 7d5bd66d-ed89-401c-bf86-050641c359fd@group-0777CA79DD7E-FollowerState: change to CANDIDATE, lastRpcTime:187ms, electionTimeout:187ms
2019-10-16 21:00:31,455 [Thread-988] INFO  impl.RoleInfo (RoleInfo.java:shutdownFollowerState(121)) - 7d5bd66d-ed89-401c-bf86-050641c359fd: shutdown FollowerState
2019-10-16 21:00:31,455 [Thread-988] INFO  impl.RaftServerImpl (RaftServerImpl.java:setRole(184)) - 7d5bd66d-ed89-401c-bf86-050641c359fd@group-0777CA79DD7E: changes role from  FOLLOWER to CANDIDATE at term 24 for changeToCandidate
2019-10-16 21:00:31,455 [Thread-988] INFO  impl.RoleInfo (RoleInfo.java:updateAndGet(143)) - 7d5bd66d-ed89-401c-bf86-050641c359fd: start LeaderElection
2019-10-16 21:00:31,469 [7d5bd66d-ed89-401c-bf86-050641c359fd@group-0777CA79DD7E-LeaderElection70] INFO  impl.LeaderElection (LeaderElection.java:askForVotes(178)) - 7d5bd66d-ed89-401c-bf86-050641c359fd@group-0777CA79DD7E-LeaderElection70: begin an election at term 25 for -1: [7d5bd66d-ed89-401c-bf86-050641c359fd:192.168.157.254:45704, e2e26bef-7a80-470b-89dc-752ae9b76223:192.168.157.254:36344, 7e02033f-e7de-4006-80be-ffeab2e3922a:192.168.157.254:33430], old=null
2019-10-16 21:00:31,472 [grpc-default-executor-2] INFO  impl.RaftServerImpl (RaftServerImpl.java:setRole(184)) - e2e26bef-7a80-470b-89dc-752ae9b76223@group-0777CA79DD7E: changes role from  FOLLOWER to FOLLOWER at term 25 for recognizeCandidate:7d5bd66d-ed89-401c-bf86-050641c359fd
2019-10-16 21:00:31,472 [grpc-default-executor-4] INFO  impl.RaftServerImpl (RaftServerImpl.java:setRole(184)) - 7e02033f-e7de-4006-80be-ffeab2e3922a@group-0777CA79DD7E: changes role from  FOLLOWER to FOLLOWER at term 25 for recognizeCandidate:7d5bd66d-ed89-401c-bf86-050641c359fd
2019-10-16 21:00:31,472 [grpc-default-executor-2] INFO  impl.RoleInfo (RoleInfo.java:shutdownFollowerState(121)) - e2e26bef-7a80-470b-89dc-752ae9b76223: shutdown FollowerState
2019-10-16 21:00:31,472 [grpc-default-executor-4] INFO  impl.RoleInfo (RoleInfo.java:shutdownFollowerState(121)) - 7e02033f-e7de-4006-80be-ffeab2e3922a: shutdown FollowerState
2019-10-16 21:00:31,473 [grpc-default-executor-2] INFO  impl.RoleInfo (RoleInfo.java:updateAndGet(143)) - e2e26bef-7a80-470b-89dc-752ae9b76223: start FollowerState
2019-10-16 21:00:31,473 [Thread-986] INFO  impl.FollowerState (FollowerState.java:run(117)) - e2e26bef-7a80-470b-89dc-752ae9b76223@group-0777CA79DD7E-FollowerState was interrupted: java.lang.InterruptedException: sleep interrupted
2019-10-16 21:00:31,473 [Thread-987] INFO  impl.FollowerState (FollowerState.java:run(117)) - 7e02033f-e7de-4006-80be-ffeab2e3922a@group-0777CA79DD7E-FollowerState was interrupted: java.lang.InterruptedException: sleep interrupted
2019-10-16 21:00:31,473 [grpc-default-executor-4] INFO  impl.RoleInfo (RoleInfo.java:updateAndGet(143)) - 7e02033f-e7de-4006-80be-ffeab2e3922a: start FollowerState
2019-10-16 21:00:31,488 [7d5bd66d-ed89-401c-bf86-050641c359fd@group-0777CA79DD7E-LeaderElection70] INFO  impl.LeaderElection (LeaderElection.java:logAndReturn(56)) - 7d5bd66d-ed89-401c-bf86-050641c359fd@group-0777CA79DD7E-LeaderElection70: Election REJECTED; received 2 response(s) [7d5bd66d-ed89-401c-bf86-050641c359fd<-e2e26bef-7a80-470b-89dc-752ae9b76223#0:FAIL-t25, 7d5bd66d-ed89-401c-bf86-050641c359fd<-7e02033f-e7de-4006-80be-ffeab2e3922a#0:FAIL-t25] and 0 exception(s); 7d5bd66d-ed89-401c-bf86-050641c359fd@group-0777CA79DD7E:t25, leader=null, voted=7d5bd66d-ed89-401c-bf86-050641c359fd, raftlog=7d5bd66d-ed89-401c-bf86-050641c359fd@group-0777CA79DD7E-SegmentedRaftLog:OPENED:c-1,f-1,i0, conf=-1: [7d5bd66d-ed89-401c-bf86-050641c359fd:192.168.157.254:45704, e2e26bef-7a80-470b-89dc-752ae9b76223:192.168.157.254:36344, 7e02033f-e7de-4006-80be-ffeab2e3922a:192.168.157.254:33430], old=null
2019-10-16 21:00:31,488 [7d5bd66d-ed89-401c-bf86-050641c359fd@group-0777CA79DD7E-LeaderElection70] INFO  impl.RaftServerImpl (RaftServerImpl.java:setRole(184)) - 7d5bd66d-ed89-401c-bf86-050641c359fd@group-0777CA79DD7E: changes role from CANDIDATE to FOLLOWER at term 25 for DISCOVERED_A_NEW_TERM
2019-10-16 21:00:31,488 [7d5bd66d-ed89-401c-bf86-050641c359fd@group-0777CA79DD7E-LeaderElection70] INFO  impl.RoleInfo (RoleInfo.java:shutdownLeaderElection(134)) - 7d5bd66d-ed89-401c-bf86-050641c359fd: shutdown LeaderElection
2019-10-16 21:00:31,488 [7d5bd66d-ed89-401c-bf86-050641c359fd@group-0777CA79DD7E-LeaderElection70] INFO  impl.RoleInfo (RoleInfo.java:updateAndGet(143)) - 7d5bd66d-ed89-401c-bf86-050641c359fd: start FollowerState
2019-10-16 21:00:31,531 [Thread-1003] INFO  impl.FollowerState (FollowerState.java:run(108)) - 7e02033f-e7de-4006-80be-ffeab2e3922a@group-B775CB1CFC79-FollowerState: change to CANDIDATE, lastRpcTime:120ms, electionTimeout:120ms
2019-10-16 21:00:31,531 [Thread-1003] INFO  impl.RoleInfo (RoleInfo.java:shutdownFollowerState(121)) - 7e02033f-e7de-4006-80be-ffeab2e3922a: shutdown FollowerState
2019-10-16 21:00:31,531 [Thread-1003] INFO  impl.RaftServerImpl (RaftServerImpl.java:setRole(184)) - 7e02033f-e7de-4006-80be-ffeab2e3922a@group-B775CB1CFC79: changes role from  FOLLOWER to CANDIDATE at term 44 for changeToCandidate
2019-10-16 21:00:31,531 [Thread-1003] INFO  impl.RoleInfo (RoleInfo.java:updateAndGet(143)) - 7e02033f-e7de-4006-80be-ffeab2e3922a: start LeaderElection
2019-10-16 21:00:31,568 [7e02033f-e7de-4006-80be-ffeab2e3922a@group-B775CB1CFC79-LeaderElection71] INFO  impl.LeaderElection (LeaderElection.java:askForVotes(178)) - 7e02033f-e7de-4006-80be-ffeab2e3922a@group-B775CB1CFC79-LeaderElection71: begin an election at term 45 for 0: [7d5bd66d-ed89-401c-bf86-050641c359fd:192.168.157.254:45704, e2e26bef-7a80-470b-89dc-752ae9b76223:192.168.157.254:36344, 7e02033f-e7de-4006-80be-ffeab2e3922a:192.168.157.254:33430], old=null
2019-10-16 21:00:31,570 [grpc-default-executor-4] INFO  impl.RaftServerImpl (RaftServerImpl.java:setRole(184)) - 7d5bd66d-ed89-401c-bf86-050641c359fd@group-B775CB1CFC79: changes role from  FOLLOWER to FOLLOWER at term 45 for recognizeCandidate:7e02033f-e7de-4006-80be-ffeab2e3922a
2019-10-16 21:00:31,570 [grpc-default-executor-4] INFO  impl.RoleInfo (RoleInfo.java:shutdownFollowerState(121)) - 7d5bd66d-ed89-401c-bf86-050641c359fd: shutdown FollowerState
2019-10-16 21:00:31,571 [grpc-default-executor-4] INFO  impl.RoleInfo (RoleInfo.java:updateAndGet(143)) - 7d5bd66d-ed89-401c-bf86-050641c359fd: start FollowerState
2019-10-16 21:00:31,571 [grpc-default-executor-2] INFO  impl.RaftServerImpl (RaftServerImpl.java:setRole(184)) - e2e26bef-7a80-470b-89dc-752ae9b76223@group-B775CB1CFC79: changes role from  FOLLOWER to FOLLOWER at term 45 for recognizeCandidate:7e02033f-e7de-4006-80be-ffeab2e3922a
2019-10-16 21:00:31,571 [Thread-1001] INFO  impl.FollowerState (FollowerState.java:run(117)) - 7d5bd66d-ed89-401c-bf86-050641c359fd@group-B775CB1CFC79-FollowerState was interrupted: java.lang.InterruptedException: sleep interrupted
2019-10-16 21:00:31,571 [grpc-default-executor-2] INFO  impl.RoleInfo (RoleInfo.java:shutdownFollowerState(121)) - e2e26bef-7a80-470b-89dc-752ae9b76223: shutdown FollowerState
2019-10-16 21:00:31,571 [Thread-1002] INFO  impl.FollowerState (FollowerState.java:run(117)) - e2e26bef-7a80-470b-89dc-752ae9b76223@group-B775CB1CFC79-FollowerState was interrupted: java.lang.InterruptedException: sleep interrupted
2019-10-16 21:00:31,571 [grpc-default-executor-2] INFO  impl.RoleInfo (RoleInfo.java:updateAndGet(143)) - e2e26bef-7a80-470b-89dc-752ae9b76223: start FollowerState
2019-10-16 21:00:31,579 [Thread-1009] INFO  impl.FollowerState (FollowerState.java:run(108)) - 7d5bd66d-ed89-401c-bf86-050641c359fd@group-0777CA79DD7E-FollowerState: change to CANDIDATE, lastRpcTime:90ms, electionTimeout:90ms
2019-10-16 21:00:31,579 [Thread-1009] INFO  impl.RoleInfo (RoleInfo.java:shutdownFollowerState(121)) - 7d5bd66d-ed89-401c-bf86-050641c359fd: shutdown FollowerState
2019-10-16 21:00:31,579 [Thread-1009] INFO  impl.RaftServerImpl (RaftServerImpl.java:setRole(184)) - 7d5bd66d-ed89-401c-bf86-050641c359fd@group-0777CA79DD7E: changes role from  FOLLOWER to CANDIDATE at term 25 for changeToCandidate
2019-10-16 21:00:31,579 [Thread-1009] INFO  impl.RoleInfo (RoleInfo.java:updateAndGet(143)) - 7d5bd66d-ed89-401c-bf86-050641c359fd: start LeaderElection
2019-10-16 21:00:31,585 [7d5bd66d-ed89-401c-bf86-050641c359fd@group-0777CA79DD7E-LeaderElection72] INFO  impl.LeaderElection (LeaderElection.java:askForVotes(178)) - 7d5bd66d-ed89-401c-bf86-050641c359fd@group-0777CA79DD7E-LeaderElection72: begin an election at term 26 for -1: [7d5bd66d-ed89-401c-bf86-050641c359fd:192.168.157.254:45704, e2e26bef-7a80-470b-89dc-752ae9b76223:192.168.157.254:36344, 7e02033f-e7de-4006-80be-ffeab2e3922a:192.168.157.254:33430], old=null
2019-10-16 21:00:31,586 [7e02033f-e7de-4006-80be-ffeab2e3922a@group-B775CB1CFC79-LeaderElection71] INFO  impl.LeaderElection (LeaderElection.java:logAndReturn(56)) - 7e02033f-e7de-4006-80be-ffeab2e3922a@group-B775CB1CFC79-LeaderElection71: Election REJECTED; received 2 response(s) [7e02033f-e7de-4006-80be-ffeab2e3922a<-7d5bd66d-ed89-401c-bf86-050641c359fd#0:FAIL-t45, 7e02033f-e7de-4006-80be-ffeab2e3922a<-e2e26bef-7a80-470b-89dc-752ae9b76223#0:FAIL-t45] and 0 exception(s); 7e02033f-e7de-4006-80be-ffeab2e3922a@group-B775CB1CFC79:t45, leader=null, voted=7e02033f-e7de-4006-80be-ffeab2e3922a, raftlog=7e02033f-e7de-4006-80be-ffeab2e3922a@group-B775CB1CFC79-SegmentedRaftLog:OPENED:c3,f4,i4, conf=0: [7d5bd66d-ed89-401c-bf86-050641c359fd:192.168.157.254:45704, e2e26bef-7a80-470b-89dc-752ae9b76223:192.168.157.254:36344, 7e02033f-e7de-4006-80be-ffeab2e3922a:192.168.157.254:33430], old=null
2019-10-16 21:00:31,586 [7e02033f-e7de-4006-80be-ffeab2e3922a@group-B775CB1CFC79-LeaderElection71] INFO  impl.RaftServerImpl (RaftServerImpl.java:setRole(184)) - 7e02033f-e7de-4006-80be-ffeab2e3922a@group-B775CB1CFC79: changes role from CANDIDATE to FOLLOWER at term 45 for DISCOVERED_A_NEW_TERM
2019-10-16 21:00:31,587 [7e02033f-e7de-4006-80be-ffeab2e3922a@group-B775CB1CFC79-LeaderElection71] INFO  impl.RoleInfo (RoleInfo.java:shutdownLeaderElection(134)) - 7e02033f-e7de-4006-80be-ffeab2e3922a: shutdown LeaderElection
2019-10-16 21:00:31,587 [7e02033f-e7de-4006-80be-ffeab2e3922a@group-B775CB1CFC79-LeaderElection71] INFO  impl.RoleInfo (RoleInfo.java:updateAndGet(143)) - 7e02033f-e7de-4006-80be-ffeab2e3922a: start FollowerState
2019-10-16 21:00:31,587 [grpc-default-executor-4] INFO  impl.RaftServerImpl (RaftServerImpl.java:setRole(184)) - 7e02033f-e7de-4006-80be-ffeab2e3922a@group-0777CA79DD7E: changes role from  FOLLOWER to FOLLOWER at term 26 for recognizeCandidate:7d5bd66d-ed89-401c-bf86-050641c359fd
2019-10-16 21:00:31,588 [grpc-default-executor-4] INFO  impl.RoleInfo (RoleInfo.java:shutdownFollowerState(121)) - 7e02033f-e7de-4006-80be-ffeab2e3922a: shutdown FollowerState
2019-10-16 21:00:31,589 [grpc-default-executor-2] INFO  impl.RaftServerImpl (RaftServerImpl.java:setRole(184)) - e2e26bef-7a80-470b-89dc-752ae9b76223@group-0777CA79DD7E: changes role from  FOLLOWER to FOLLOWER at term 26 for recognizeCandidate:7d5bd66d-ed89-401c-bf86-050641c359fd
2019-10-16 21:00:31,590 [Thread-1008] INFO  impl.FollowerState (FollowerState.java:run(117)) - 7e02033f-e7de-4006-80be-ffeab2e3922a@group-0777CA79DD7E-FollowerState was interrupted: java.lang.InterruptedException: sleep interrupted
2019-10-16 21:00:31,590 [grpc-default-executor-4] INFO  impl.RoleInfo (RoleInfo.java:updateAndGet(143)) - 7e02033f-e7de-4006-80be-ffeab2e3922a: start FollowerState
2019-10-16 21:00:31,590 [grpc-default-executor-2] INFO  impl.RoleInfo (RoleInfo.java:shutdownFollowerState(121)) - e2e26bef-7a80-470b-89dc-752ae9b76223: shutdown FollowerState
2019-10-16 21:00:31,591 [grpc-default-executor-2] INFO  impl.RoleInfo (RoleInfo.java:updateAndGet(143)) - e2e26bef-7a80-470b-89dc-752ae9b76223: start FollowerState
2019-10-16 21:00:31,591 [Thread-1007] INFO  impl.FollowerState (FollowerState.java:run(117)) - e2e26bef-7a80-470b-89dc-752ae9b76223@group-0777CA79DD7E-FollowerState was interrupted: java.lang.InterruptedException: sleep interrupted
2019-10-16 21:00:31,605 [7d5bd66d-ed89-401c-bf86-050641c359fd@group-0777CA79DD7E-LeaderElection72] INFO  impl.LeaderElection (LeaderElection.java:logAndReturn(56)) - 7d5bd66d-ed89-401c-bf86-050641c359fd@group-0777CA79DD7E-LeaderElection72: Election REJECTED; received 2 response(s) [7d5bd66d-ed89-401c-bf86-050641c359fd<-e2e26bef-7a80-470b-89dc-752ae9b76223#0:FAIL-t26, 7d5bd66d-ed89-401c-bf86-050641c359fd<-7e02033f-e7de-4006-80be-ffeab2e3922a#0:FAIL-t26] and 0 exception(s); 7d5bd66d-ed89-401c-bf86-050641c359fd@group-0777CA79DD7E:t26, leader=null, voted=7d5bd66d-ed89-401c-bf86-050641c359fd, raftlog=7d5bd66d-ed89-401c-bf86-050641c359fd@group-0777CA79DD7E-SegmentedRaftLog:OPENED:c-1,f-1,i0, conf=-1: [7d5bd66d-ed89-401c-bf86-050641c359fd:192.168.157.254:45704, e2e26bef-7a80-470b-89dc-752ae9b76223:192.168.157.254:36344, 7e02033f-e7de-4006-80be-ffeab2e3922a:192.168.157.254:33430], old=null
2019-10-16 21:00:31,605 [7d5bd66d-ed89-401c-bf86-050641c359fd@group-0777CA79DD7E-LeaderElection72] INFO  impl.RaftServerImpl (RaftServerImpl.java:setRole(184)) - 7d5bd66d-ed89-401c-bf86-050641c359fd@group-0777CA79DD7E: changes role from CANDIDATE to FOLLOWER at term 26 for DISCOVERED_A_NEW_TERM
2019-10-16 21:00:31,605 [7d5bd66d-ed89-401c-bf86-050641c359fd@group-0777CA79DD7E-LeaderElection72] INFO  impl.RoleInfo (RoleInfo.java:shutdownLeaderElection(134)) - 7d5bd66d-ed89-401c-bf86-050641c359fd: shutdown LeaderElection
2019-10-16 21:00:31,605 [7d5bd66d-ed89-401c-bf86-050641c359fd@group-0777CA79DD7E-LeaderElection72] INFO  impl.RoleInfo (RoleInfo.java:updateAndGet(143)) - 7d5bd66d-ed89-401c-bf86-050641c359fd: start FollowerState
2019-10-16 21:00:31,656 [Thread-1021] INFO  impl.FollowerState (FollowerState.java:run(108)) - 7d5bd66d-ed89-401c-bf86-050641c359fd@group-0777CA79DD7E-FollowerState: change to CANDIDATE, lastRpcTime:50ms, electionTimeout:50ms
2019-10-16 21:00:31,656 [Thread-1021] INFO  impl.RoleInfo (RoleInfo.java:shutdownFollowerState(121)) - 7d5bd66d-ed89-401c-bf86-050641c359fd: shutdown FollowerState
2019-10-16 21:00:31,656 [Thread-1021] INFO  impl.RaftServerImpl (RaftServerImpl.java:setRole(184)) - 7d5bd66d-ed89-401c-bf86-050641c359fd@group-0777CA79DD7E: changes role from  FOLLOWER to CANDIDATE at term 26 for changeToCandidate
2019-10-16 21:00:31,656 [Thread-1021] INFO  impl.RoleInfo (RoleInfo.java:updateAndGet(143)) - 7d5bd66d-ed89-401c-bf86-050641c359fd: start LeaderElection
2019-10-16 21:00:31,673 [7d5bd66d-ed89-401c-bf86-050641c359fd@group-0777CA79DD7E-LeaderElection73] INFO  impl.LeaderElection (LeaderElection.java:askForVotes(178)) - 7d5bd66d-ed89-401c-bf86-050641c359fd@group-0777CA79DD7E-LeaderElection73: begin an election at term 27 for -1: [7d5bd66d-ed89-401c-bf86-050641c359fd:192.168.157.254:45704, e2e26bef-7a80-470b-89dc-752ae9b76223:192.168.157.254:36344, 7e02033f-e7de-4006-80be-ffeab2e3922a:192.168.157.254:33430], old=null
2019-10-16 21:00:31,676 [grpc-default-executor-4] INFO  impl.RaftServerImpl (RaftServerImpl.java:setRole(184)) - e2e26bef-7a80-470b-89dc-752ae9b76223@group-0777CA79DD7E: changes role from  FOLLOWER to FOLLOWER at term 27 for recognizeCandidate:7d5bd66d-ed89-401c-bf86-050641c359fd
2019-10-16 21:00:31,676 [grpc-default-executor-2] INFO  impl.RaftServerImpl (RaftServerImpl.java:setRole(184)) - 7e02033f-e7de-4006-80be-ffeab2e3922a@group-0777CA79DD7E: changes role from  FOLLOWER to FOLLOWER at term 27 for recognizeCandidate:7d5bd66d-ed89-401c-bf86-050641c359fd
2019-10-16 21:00:31,677 [grpc-default-executor-4] INFO  impl.RoleInfo (RoleInfo.java:shutdownFollowerState(121)) - e2e26bef-7a80-470b-89dc-752ae9b76223: shutdown FollowerState
2019-10-16 21:00:31,677 [grpc-default-executor-2] INFO  impl.RoleInfo (RoleInfo.java:shutdownFollowerState(121)) - 7e02033f-e7de-4006-80be-ffeab2e3922a: shutdown FollowerState
2019-10-16 21:00:31,677 [Thread-1020] INFO  impl.FollowerState (FollowerState.java:run(117)) - e2e26bef-7a80-470b-89dc-752ae9b76223@group-0777CA79DD7E-FollowerState was interrupted: java.lang.InterruptedException: sleep interrupted
2019-10-16 21:00:31,677 [grpc-default-executor-4] INFO  impl.RoleInfo (RoleInfo.java:updateAndGet(143)) - e2e26bef-7a80-470b-89dc-752ae9b76223: start FollowerState
2019-10-16 21:00:31,677 [Thread-1019] INFO  impl.FollowerState (FollowerState.java:run(117)) - 7e02033f-e7de-4006-80be-ffeab2e3922a@group-0777CA79DD7E-FollowerState was interrupted: java.lang.InterruptedException: sleep interrupted
2019-10-16 21:00:31,677 [grpc-default-executor-2] INFO  impl.RoleInfo (RoleInfo.java:updateAndGet(143)) - 7e02033f-e7de-4006-80be-ffeab2e3922a: start FollowerState
2019-10-16 21:00:31,683 [Thread-1018] INFO  impl.FollowerState (FollowerState.java:run(108)) - 7e02033f-e7de-4006-80be-ffeab2e3922a@group-B775CB1CFC79-FollowerState: change to CANDIDATE, lastRpcTime:96ms, electionTimeout:96ms
2019-10-16 21:00:31,684 [Thread-1018] INFO  impl.RoleInfo (RoleInfo.java:shutdownFollowerState(121)) - 7e02033f-e7de-4006-80be-ffeab2e3922a: shutdown FollowerState
2019-10-16 21:00:31,684 [Thread-1018] INFO  impl.RaftServerImpl (RaftServerImpl.java:setRole(184)) - 7e02033f-e7de-4006-80be-ffeab2e3922a@group-B775CB1CFC79: changes role from  FOLLOWER to CANDIDATE at term 45 for changeToCandidate
2019-10-16 21:00:31,684 [Thread-1018] INFO  impl.RoleInfo (RoleInfo.java:updateAndGet(143)) - 7e02033f-e7de-4006-80be-ffeab2e3922a: start LeaderElection
2019-10-16 21:00:31,692 [7e02033f-e7de-4006-80be-ffeab2e3922a@group-B775CB1CFC79-LeaderElection74] INFO  impl.LeaderElection (LeaderElection.java:askForVotes(178)) - 7e02033f-e7de-4006-80be-ffeab2e3922a@group-B775CB1CFC79-LeaderElection74: begin an election at term 46 for 0: [7d5bd66d-ed89-401c-bf86-050641c359fd:192.168.157.254:45704, e2e26bef-7a80-470b-89dc-752ae9b76223:192.168.157.254:36344, 7e02033f-e7de-4006-80be-ffeab2e3922a:192.168.157.254:33430], old=null
2019-10-16 21:00:31,693 [7d5bd66d-ed89-401c-bf86-050641c359fd@group-0777CA79DD7E-LeaderElection73] INFO  impl.LeaderElection (LeaderElection.java:logAndReturn(56)) - 7d5bd66d-ed89-401c-bf86-050641c359fd@group-0777CA79DD7E-LeaderElection73: Election REJECTED; received 2 response(s) [7d5bd66d-ed89-401c-bf86-050641c359fd<-e2e26bef-7a80-470b-89dc-752ae9b76223#0:FAIL-t27, 7d5bd66d-ed89-401c-bf86-050641c359fd<-7e02033f-e7de-4006-80be-ffeab2e3922a#0:FAIL-t27] and 0 exception(s); 7d5bd66d-ed89-401c-bf86-050641c359fd@group-0777CA79DD7E:t27, leader=null, voted=7d5bd66d-ed89-401c-bf86-050641c359fd, raftlog=7d5bd66d-ed89-401c-bf86-050641c359fd@group-0777CA79DD7E-SegmentedRaftLog:OPENED:c-1,f-1,i0, conf=-1: [7d5bd66d-ed89-401c-bf86-050641c359fd:192.168.157.254:45704, e2e26bef-7a80-470b-89dc-752ae9b76223:192.168.157.254:36344, 7e02033f-e7de-4006-80be-ffeab2e3922a:192.168.157.254:33430], old=null
2019-10-16 21:00:31,693 [7d5bd66d-ed89-401c-bf86-050641c359fd@group-0777CA79DD7E-LeaderElection73] INFO  impl.RaftServerImpl (RaftServerImpl.java:setRole(184)) - 7d5bd66d-ed89-401c-bf86-050641c359fd@group-0777CA79DD7E: changes role from CANDIDATE to FOLLOWER at term 27 for DISCOVERED_A_NEW_TERM
2019-10-16 21:00:31,693 [7d5bd66d-ed89-401c-bf86-050641c359fd@group-0777CA79DD7E-LeaderElection73] INFO  impl.RoleInfo (RoleInfo.java:shutdownLeaderElection(134)) - 7d5bd66d-ed89-401c-bf86-050641c359fd: shutdown LeaderElection
2019-10-16 21:00:31,694 [7d5bd66d-ed89-401c-bf86-050641c359fd@group-0777CA79DD7E-LeaderElection73] INFO  impl.RoleInfo (RoleInfo.java:updateAndGet(143)) - 7d5bd66d-ed89-401c-bf86-050641c359fd: start FollowerState
2019-10-16 21:00:31,694 [grpc-default-executor-4] INFO  impl.RaftServerImpl (RaftServerImpl.java:setRole(184)) - 7d5bd66d-ed89-401c-bf86-050641c359fd@group-B775CB1CFC79: changes role from  FOLLOWER to FOLLOWER at term 46 for recognizeCandidate:7e02033f-e7de-4006-80be-ffeab2e3922a
2019-10-16 21:00:31,695 [grpc-default-executor-4] INFO  impl.RoleInfo (RoleInfo.java:shutdownFollowerState(121)) - 7d5bd66d-ed89-401c-bf86-050641c359fd: shutdown FollowerState
2019-10-16 21:00:31,695 [grpc-default-executor-4] INFO  impl.RoleInfo (RoleInfo.java:updateAndGet(143)) - 7d5bd66d-ed89-401c-bf86-050641c359fd: start FollowerState
2019-10-16 21:00:31,695 [Thread-1013] INFO  impl.FollowerState (FollowerState.java:run(117)) - 7d5bd66d-ed89-401c-bf86-050641c359fd@group-B775CB1CFC79-FollowerState was interrupted: java.lang.InterruptedException: sleep interrupted
2019-10-16 21:00:31,695 [grpc-default-executor-2] INFO  impl.RaftServerImpl (RaftServerImpl.java:setRole(184)) - e2e26bef-7a80-470b-89dc-752ae9b76223@group-B775CB1CFC79: changes role from  FOLLOWER to FOLLOWER at term 46 for recognizeCandidate:7e02033f-e7de-4006-80be-ffeab2e3922a
2019-10-16 21:00:31,695 [grpc-default-executor-2] INFO  impl.RoleInfo (RoleInfo.java:shutdownFollowerState(121)) - e2e26bef-7a80-470b-89dc-752ae9b76223: shutdown FollowerState
2019-10-16 21:00:31,695 [grpc-default-executor-2] INFO  impl.RoleInfo (RoleInfo.java:updateAndGet(143)) - e2e26bef-7a80-470b-89dc-752ae9b76223: start FollowerState
2019-10-16 21:00:31,695 [Thread-1014] INFO  impl.FollowerState (FollowerState.java:run(117)) - e2e26bef-7a80-470b-89dc-752ae9b76223@group-B775CB1CFC79-FollowerState was interrupted: java.lang.InterruptedException: sleep interrupted
2019-10-16 21:00:31,709 [7e02033f-e7de-4006-80be-ffeab2e3922a@group-B775CB1CFC79-LeaderElection74] INFO  impl.LeaderElection (LeaderElection.java:logAndReturn(56)) - 7e02033f-e7de-4006-80be-ffeab2e3922a@group-B775CB1CFC79-LeaderElection74: Election REJECTED; received 2 response(s) [7e02033f-e7de-4006-80be-ffeab2e3922a<-7d5bd66d-ed89-401c-bf86-050641c359fd#0:FAIL-t46, 7e02033f-e7de-4006-80be-ffeab2e3922a<-e2e26bef-7a80-470b-89dc-752ae9b76223#0:FAIL-t46] and 0 exception(s); 7e02033f-e7de-4006-80be-ffeab2e3922a@group-B775CB1CFC79:t46, leader=null, voted=7e02033f-e7de-4006-80be-ffeab2e3922a, raftlog=7e02033f-e7de-4006-80be-ffeab2e3922a@group-B775CB1CFC79-SegmentedRaftLog:OPENED:c3,f4,i4, conf=0: [7d5bd66d-ed89-401c-bf86-050641c359fd:192.168.157.254:45704, e2e26bef-7a80-470b-89dc-752ae9b76223:192.168.157.254:36344, 7e02033f-e7de-4006-80be-ffeab2e3922a:192.168.157.254:33430], old=null
2019-10-16 21:00:31,709 [7e02033f-e7de-4006-80be-ffeab2e3922a@group-B775CB1CFC79-LeaderElection74] INFO  impl.RaftServerImpl (RaftServerImpl.java:setRole(184)) - 7e02033f-e7de-4006-80be-ffeab2e3922a@group-B775CB1CFC79: changes role from CANDIDATE to FOLLOWER at term 46 for DISCOVERED_A_NEW_TERM
2019-10-16 21:00:31,710 [7e02033f-e7de-4006-80be-ffeab2e3922a@group-B775CB1CFC79-LeaderElection74] INFO  impl.RoleInfo (RoleInfo.java:shutdownLeaderElection(134)) - 7e02033f-e7de-4006-80be-ffeab2e3922a: shutdown LeaderElection
2019-10-16 21:00:31,710 [7e02033f-e7de-4006-80be-ffeab2e3922a@group-B775CB1CFC79-LeaderElection74] INFO  impl.RoleInfo (RoleInfo.java:updateAndGet(143)) - 7e02033f-e7de-4006-80be-ffeab2e3922a: start FollowerState
2019-10-16 21:00:31,769 [Thread-1033] INFO  impl.FollowerState (FollowerState.java:run(108)) - 7e02033f-e7de-4006-80be-ffeab2e3922a@group-B775CB1CFC79-FollowerState: change to CANDIDATE, lastRpcTime:59ms, electionTimeout:59ms
2019-10-16 21:00:31,769 [Thread-1033] INFO  impl.RoleInfo (RoleInfo.java:shutdownFollowerState(121)) - 7e02033f-e7de-4006-80be-ffeab2e3922a: shutdown FollowerState
2019-10-16 21:00:31,769 [Thread-1033] INFO  impl.RaftServerImpl (RaftServerImpl.java:setRole(184)) - 7e02033f-e7de-4006-80be-ffeab2e3922a@group-B775CB1CFC79: changes role from  FOLLOWER to CANDIDATE at term 46 for changeToCandidate
2019-10-16 21:00:31,769 [Thread-1033] INFO  impl.RoleInfo (RoleInfo.java:updateAndGet(143)) - 7e02033f-e7de-4006-80be-ffeab2e3922a: start LeaderElection
2019-10-16 21:00:31,783 [7e02033f-e7de-4006-80be-ffeab2e3922a@group-B775CB1CFC79-LeaderElection75] INFO  impl.LeaderElection (LeaderElection.java:askForVotes(178)) - 7e02033f-e7de-4006-80be-ffeab2e3922a@group-B775CB1CFC79-LeaderElection75: begin an election at term 47 for 0: [7d5bd66d-ed89-401c-bf86-050641c359fd:192.168.157.254:45704, e2e26bef-7a80-470b-89dc-752ae9b76223:192.168.157.254:36344, 7e02033f-e7de-4006-80be-ffeab2e3922a:192.168.157.254:33430], old=null
2019-10-16 21:00:31,785 [grpc-default-executor-4] INFO  impl.RaftServerImpl (RaftServerImpl.java:setRole(184)) - e2e26bef-7a80-470b-89dc-752ae9b76223@group-B775CB1CFC79: changes role from  FOLLOWER to FOLLOWER at term 47 for recognizeCandidate:7e02033f-e7de-4006-80be-ffeab2e3922a
2019-10-16 21:00:31,786 [grpc-default-executor-4] INFO  impl.RoleInfo (RoleInfo.java:shutdownFollowerState(121)) - e2e26bef-7a80-470b-89dc-752ae9b76223: shutdown FollowerState
2019-10-16 21:00:31,785 [grpc-default-executor-2] INFO  impl.RaftServerImpl (RaftServerImpl.java:setRole(184)) - 7d5bd66d-ed89-401c-bf86-050641c359fd@group-B775CB1CFC79: changes role from  FOLLOWER to FOLLOWER at term 47 for recognizeCandidate:7e02033f-e7de-4006-80be-ffeab2e3922a
2019-10-16 21:00:31,786 [Thread-1032] INFO  impl.FollowerState (FollowerState.java:run(117)) - e2e26bef-7a80-470b-89dc-752ae9b76223@group-B775CB1CFC79-FollowerState was interrupted: java.lang.InterruptedException: sleep interrupted
2019-10-16 21:00:31,786 [grpc-default-executor-4] INFO  impl.RoleInfo (RoleInfo.java:updateAndGet(143)) - e2e26bef-7a80-470b-89dc-752ae9b76223: start FollowerState
2019-10-16 21:00:31,786 [grpc-default-executor-2] INFO  impl.RoleInfo (RoleInfo.java:shutdownFollowerState(121)) - 7d5bd66d-ed89-401c-bf86-050641c359fd: shutdown FollowerState
2019-10-16 21:00:31,786 [grpc-default-executor-2] INFO  impl.RoleInfo (RoleInfo.java:updateAndGet(143)) - 7d5bd66d-ed89-401c-bf86-050641c359fd: start FollowerState
2019-10-16 21:00:31,786 [Thread-1031] INFO  impl.FollowerState (FollowerState.java:run(117)) - 7d5bd66d-ed89-401c-bf86-050641c359fd@group-B775CB1CFC79-FollowerState was interrupted: java.lang.InterruptedException: sleep interrupted
2019-10-16 21:00:31,800 [7e02033f-e7de-4006-80be-ffeab2e3922a@group-B775CB1CFC79-LeaderElection75] INFO  impl.LeaderElection (LeaderElection.java:logAndReturn(56)) - 7e02033f-e7de-4006-80be-ffeab2e3922a@group-B775CB1CFC79-LeaderElection75: Election REJECTED; received 2 response(s) [7e02033f-e7de-4006-80be-ffeab2e3922a<-7d5bd66d-ed89-401c-bf86-050641c359fd#0:FAIL-t47, 7e02033f-e7de-4006-80be-ffeab2e3922a<-e2e26bef-7a80-470b-89dc-752ae9b76223#0:FAIL-t47] and 0 exception(s); 7e02033f-e7de-4006-80be-ffeab2e3922a@group-B775CB1CFC79:t47, leader=null, voted=7e02033f-e7de-4006-80be-ffeab2e3922a, raftlog=7e02033f-e7de-4006-80be-ffeab2e3922a@group-B775CB1CFC79-SegmentedRaftLog:OPENED:c3,f4,i4, conf=0: [7d5bd66d-ed89-401c-bf86-050641c359fd:192.168.157.254:45704, e2e26bef-7a80-470b-89dc-752ae9b76223:192.168.157.254:36344, 7e02033f-e7de-4006-80be-ffeab2e3922a:192.168.157.254:33430], old=null
2019-10-16 21:00:31,801 [7e02033f-e7de-4006-80be-ffeab2e3922a@group-B775CB1CFC79-LeaderElection75] INFO  impl.RaftServerImpl (RaftServerImpl.java:setRole(184)) - 7e02033f-e7de-4006-80be-ffeab2e3922a@group-B775CB1CFC79: changes role from CANDIDATE to FOLLOWER at term 47 for DISCOVERED_A_NEW_TERM
2019-10-16 21:00:31,801 [7e02033f-e7de-4006-80be-ffeab2e3922a@group-B775CB1CFC79-LeaderElection75] INFO  impl.RoleInfo (RoleInfo.java:shutdownLeaderElection(134)) - 7e02033f-e7de-4006-80be-ffeab2e3922a: shutdown LeaderElection
2019-10-16 21:00:31,801 [7e02033f-e7de-4006-80be-ffeab2e3922a@group-B775CB1CFC79-LeaderElection75] INFO  impl.RoleInfo (RoleInfo.java:updateAndGet(143)) - 7e02033f-e7de-4006-80be-ffeab2e3922a: start FollowerState
2019-10-16 21:00:31,866 [Thread-1030] INFO  impl.FollowerState (FollowerState.java:run(108)) - 7d5bd66d-ed89-401c-bf86-050641c359fd@group-0777CA79DD7E-FollowerState: change to CANDIDATE, lastRpcTime:172ms, electionTimeout:172ms
2019-10-16 21:00:31,866 [Thread-1030] INFO  impl.RoleInfo (RoleInfo.java:shutdownFollowerState(121)) - 7d5bd66d-ed89-401c-bf86-050641c359fd: shutdown FollowerState
2019-10-16 21:00:31,866 [Thread-1030] INFO  impl.RaftServerImpl (RaftServerImpl.java:setRole(184)) - 7d5bd66d-ed89-401c-bf86-050641c359fd@group-0777CA79DD7E: changes role from  FOLLOWER to CANDIDATE at term 27 for changeToCandidate
2019-10-16 21:00:31,867 [Thread-1030] INFO  impl.RoleInfo (RoleInfo.java:updateAndGet(143)) - 7d5bd66d-ed89-401c-bf86-050641c359fd: start LeaderElection
2019-10-16 21:00:31,880 [7d5bd66d-ed89-401c-bf86-050641c359fd@group-0777CA79DD7E-LeaderElection76] INFO  impl.LeaderElection (LeaderElection.java:askForVotes(178)) - 7d5bd66d-ed89-401c-bf86-050641c359fd@group-0777CA79DD7E-LeaderElection76: begin an election at term 28 for -1: [7d5bd66d-ed89-401c-bf86-050641c359fd:192.168.157.254:45704, e2e26bef-7a80-470b-89dc-752ae9b76223:192.168.157.254:36344, 7e02033f-e7de-4006-80be-ffeab2e3922a:192.168.157.254:33430], old=null
2019-10-16 21:00:31,883 [grpc-default-executor-4] INFO  impl.RaftServerImpl (RaftServerImpl.java:setRole(184)) - e2e26bef-7a80-470b-89dc-752ae9b76223@group-0777CA79DD7E: changes role from  FOLLOWER to FOLLOWER at term 28 for recognizeCandidate:7d5bd66d-ed89-401c-bf86-050641c359fd
2019-10-16 21:00:31,883 [grpc-default-executor-4] INFO  impl.RoleInfo (RoleInfo.java:shutdownFollowerState(121)) - e2e26bef-7a80-470b-89dc-752ae9b76223: shutdown FollowerState
2019-10-16 21:00:31,884 [grpc-default-executor-4] INFO  impl.RoleInfo (RoleInfo.java:updateAndGet(143)) - e2e26bef-7a80-470b-89dc-752ae9b76223: start FollowerState
2019-10-16 21:00:31,884 [grpc-default-executor-2] INFO  impl.RaftServerImpl (RaftServerImpl.java:setRole(184)) - 7e02033f-e7de-4006-80be-ffeab2e3922a@group-0777CA79DD7E: changes role from  FOLLOWER to FOLLOWER at term 28 for recognizeCandidate:7d5bd66d-ed89-401c-bf86-050641c359fd
2019-10-16 21:00:31,884 [Thread-1025] INFO  impl.FollowerState (FollowerState.java:run(117)) - e2e26bef-7a80-470b-89dc-752ae9b76223@group-0777CA79DD7E-FollowerState was interrupted: java.lang.InterruptedException: sleep interrupted
2019-10-16 21:00:31,884 [grpc-default-executor-2] INFO  impl.RoleInfo (RoleInfo.java:shutdownFollowerState(121)) - 7e02033f-e7de-4006-80be-ffeab2e3922a: shutdown FollowerState
2019-10-16 21:00:31,884 [Thread-1026] INFO  impl.FollowerState (FollowerState.java:run(117)) - 7e02033f-e7de-4006-80be-ffeab2e3922a@group-0777CA79DD7E-FollowerState was interrupted: java.lang.InterruptedException: sleep interrupted
2019-10-16 21:00:31,884 [grpc-default-executor-2] INFO  impl.RoleInfo (RoleInfo.java:updateAndGet(143)) - 7e02033f-e7de-4006-80be-ffeab2e3922a: start FollowerState
2019-10-16 21:00:31,892 [BlockDeletingService#2] WARN  background.BlockDeletingService (BlockDeletingService.java:isDeletionAllowed(187)) - Close Container log Index 6 is not replicated across allthe servers in the pipeline 4fea0e3a-b978-493d-b2ed-b775cb1cfc79 as the min replicated index is 4. Deletion is not allowed in this container yet.
2019-10-16 21:00:31,893 [BlockDeletingService#2] WARN  background.BlockDeletingService (BlockDeletingService.java:isDeletionAllowed(187)) - Close Container log Index 6 is not replicated across allthe servers in the pipeline 4fea0e3a-b978-493d-b2ed-b775cb1cfc79 as the min replicated index is 4. Deletion is not allowed in this container yet.
2019-10-16 21:00:31,898 [7d5bd66d-ed89-401c-bf86-050641c359fd@group-0777CA79DD7E-LeaderElection76] INFO  impl.LeaderElection (LeaderElection.java:logAndReturn(56)) - 7d5bd66d-ed89-401c-bf86-050641c359fd@group-0777CA79DD7E-LeaderElection76: Election REJECTED; received 2 response(s) [7d5bd66d-ed89-401c-bf86-050641c359fd<-e2e26bef-7a80-470b-89dc-752ae9b76223#0:FAIL-t28, 7d5bd66d-ed89-401c-bf86-050641c359fd<-7e02033f-e7de-4006-80be-ffeab2e3922a#0:FAIL-t28] and 0 exception(s); 7d5bd66d-ed89-401c-bf86-050641c359fd@group-0777CA79DD7E:t28, leader=null, voted=7d5bd66d-ed89-401c-bf86-050641c359fd, raftlog=7d5bd66d-ed89-401c-bf86-050641c359fd@group-0777CA79DD7E-SegmentedRaftLog:OPENED:c-1,f-1,i0, conf=-1: [7d5bd66d-ed89-401c-bf86-050641c359fd:192.168.157.254:45704, e2e26bef-7a80-470b-89dc-752ae9b76223:192.168.157.254:36344, 7e02033f-e7de-4006-80be-ffeab2e3922a:192.168.157.254:33430], old=null
2019-10-16 21:00:31,899 [7d5bd66d-ed89-401c-bf86-050641c359fd@group-0777CA79DD7E-LeaderElection76] INFO  impl.RaftServerImpl (RaftServerImpl.java:setRole(184)) - 7d5bd66d-ed89-401c-bf86-050641c359fd@group-0777CA79DD7E: changes role from CANDIDATE to FOLLOWER at term 28 for DISCOVERED_A_NEW_TERM
2019-10-16 21:00:31,899 [7d5bd66d-ed89-401c-bf86-050641c359fd@group-0777CA79DD7E-LeaderElection76] INFO  impl.RoleInfo (RoleInfo.java:shutdownLeaderElection(134)) - 7d5bd66d-ed89-401c-bf86-050641c359fd: shutdown LeaderElection
2019-10-16 21:00:31,899 [7d5bd66d-ed89-401c-bf86-050641c359fd@group-0777CA79DD7E-LeaderElection76] INFO  impl.RoleInfo (RoleInfo.java:updateAndGet(143)) - 7d5bd66d-ed89-401c-bf86-050641c359fd: start FollowerState
2019-10-16 21:00:31,919 [Thread-1047] INFO  impl.FollowerState (FollowerState.java:run(108)) - 7d5bd66d-ed89-401c-bf86-050641c359fd@group-0777CA79DD7E-FollowerState: change to CANDIDATE, lastRpcTime:20ms, electionTimeout:20ms
2019-10-16 21:00:31,919 [Thread-1047] INFO  impl.RoleInfo (RoleInfo.java:shutdownFollowerState(121)) - 7d5bd66d-ed89-401c-bf86-050641c359fd: shutdown FollowerState
2019-10-16 21:00:31,919 [Thread-1047] INFO  impl.RaftServerImpl (RaftServerImpl.java:setRole(184)) - 7d5bd66d-ed89-401c-bf86-050641c359fd@group-0777CA79DD7E: changes role from  FOLLOWER to CANDIDATE at term 28 for changeToCandidate
2019-10-16 21:00:31,920 [Thread-1047] INFO  impl.RoleInfo (RoleInfo.java:updateAndGet(143)) - 7d5bd66d-ed89-401c-bf86-050641c359fd: start LeaderElection
2019-10-16 21:00:31,933 [7d5bd66d-ed89-401c-bf86-050641c359fd@group-0777CA79DD7E-LeaderElection77] INFO  impl.LeaderElection (LeaderElection.java:askForVotes(178)) - 7d5bd66d-ed89-401c-bf86-050641c359fd@group-0777CA79DD7E-LeaderElection77: begin an election at term 29 for -1: [7d5bd66d-ed89-401c-bf86-050641c359fd:192.168.157.254:45704, e2e26bef-7a80-470b-89dc-752ae9b76223:192.168.157.254:36344, 7e02033f-e7de-4006-80be-ffeab2e3922a:192.168.157.254:33430], old=null
2019-10-16 21:00:31,935 [grpc-default-executor-4] INFO  impl.RaftServerImpl (RaftServerImpl.java:setRole(184)) - 7e02033f-e7de-4006-80be-ffeab2e3922a@group-0777CA79DD7E: changes role from  FOLLOWER to FOLLOWER at term 29 for recognizeCandidate:7d5bd66d-ed89-401c-bf86-050641c359fd
2019-10-16 21:00:31,935 [grpc-default-executor-4] INFO  impl.RoleInfo (RoleInfo.java:shutdownFollowerState(121)) - 7e02033f-e7de-4006-80be-ffeab2e3922a: shutdown FollowerState
2019-10-16 21:00:31,935 [grpc-default-executor-2] INFO  impl.RaftServerImpl (RaftServerImpl.java:setRole(184)) - e2e26bef-7a80-470b-89dc-752ae9b76223@group-0777CA79DD7E: changes role from  FOLLOWER to FOLLOWER at term 29 for recognizeCandidate:7d5bd66d-ed89-401c-bf86-050641c359fd
2019-10-16 21:00:31,935 [Thread-1044] INFO  impl.FollowerState (FollowerState.java:run(117)) - 7e02033f-e7de-4006-80be-ffeab2e3922a@group-0777CA79DD7E-FollowerState was interrupted: java.lang.InterruptedException: sleep interrupted
2019-10-16 21:00:31,935 [grpc-default-executor-4] INFO  impl.RoleInfo (RoleInfo.java:updateAndGet(143)) - 7e02033f-e7de-4006-80be-ffeab2e3922a: start FollowerState
2019-10-16 21:00:31,935 [grpc-default-executor-2] INFO  impl.RoleInfo (RoleInfo.java:shutdownFollowerState(121)) - e2e26bef-7a80-470b-89dc-752ae9b76223: shutdown FollowerState
2019-10-16 21:00:31,936 [grpc-default-executor-2] INFO  impl.RoleInfo (RoleInfo.java:updateAndGet(143)) - e2e26bef-7a80-470b-89dc-752ae9b76223: start FollowerState
2019-10-16 21:00:31,936 [Thread-1043] INFO  impl.FollowerState (FollowerState.java:run(117)) - e2e26bef-7a80-470b-89dc-752ae9b76223@group-0777CA79DD7E-FollowerState was interrupted: java.lang.InterruptedException: sleep interrupted
2019-10-16 21:00:31,951 [7d5bd66d-ed89-401c-bf86-050641c359fd@group-0777CA79DD7E-LeaderElection77] INFO  impl.LeaderElection (LeaderElection.java:logAndReturn(56)) - 7d5bd66d-ed89-401c-bf86-050641c359fd@group-0777CA79DD7E-LeaderElection77: Election REJECTED; received 2 response(s) [7d5bd66d-ed89-401c-bf86-050641c359fd<-e2e26bef-7a80-470b-89dc-752ae9b76223#0:FAIL-t29, 7d5bd66d-ed89-401c-bf86-050641c359fd<-7e02033f-e7de-4006-80be-ffeab2e3922a#0:FAIL-t29] and 0 exception(s); 7d5bd66d-ed89-401c-bf86-050641c359fd@group-0777CA79DD7E:t29, leader=null, voted=7d5bd66d-ed89-401c-bf86-050641c359fd, raftlog=7d5bd66d-ed89-401c-bf86-050641c359fd@group-0777CA79DD7E-SegmentedRaftLog:OPENED:c-1,f-1,i0, conf=-1: [7d5bd66d-ed89-401c-bf86-050641c359fd:192.168.157.254:45704, e2e26bef-7a80-470b-89dc-752ae9b76223:192.168.157.254:36344, 7e02033f-e7de-4006-80be-ffeab2e3922a:192.168.157.254:33430], old=null
2019-10-16 21:00:31,951 [7d5bd66d-ed89-401c-bf86-050641c359fd@group-0777CA79DD7E-LeaderElection77] INFO  impl.RaftServerImpl (RaftServerImpl.java:setRole(184)) - 7d5bd66d-ed89-401c-bf86-050641c359fd@group-0777CA79DD7E: changes role from CANDIDATE to FOLLOWER at term 29 for DISCOVERED_A_NEW_TERM
2019-10-16 21:00:31,951 [7d5bd66d-ed89-401c-bf86-050641c359fd@group-0777CA79DD7E-LeaderElection77] INFO  impl.RoleInfo (RoleInfo.java:shutdownLeaderElection(134)) - 7d5bd66d-ed89-401c-bf86-050641c359fd: shutdown LeaderElection
2019-10-16 21:00:31,951 [7d5bd66d-ed89-401c-bf86-050641c359fd@group-0777CA79DD7E-LeaderElection77] INFO  impl.RoleInfo (RoleInfo.java:updateAndGet(143)) - 7d5bd66d-ed89-401c-bf86-050641c359fd: start FollowerState
2019-10-16 21:00:31,979 [Thread-1039] INFO  impl.FollowerState (FollowerState.java:run(108)) - 7e02033f-e7de-4006-80be-ffeab2e3922a@group-B775CB1CFC79-FollowerState: change to CANDIDATE, lastRpcTime:178ms, electionTimeout:178ms
2019-10-16 21:00:31,979 [Thread-1039] INFO  impl.RoleInfo (RoleInfo.java:shutdownFollowerState(121)) - 7e02033f-e7de-4006-80be-ffeab2e3922a: shutdown FollowerState
2019-10-16 21:00:31,980 [Thread-1039] INFO  impl.RaftServerImpl (RaftServerImpl.java:setRole(184)) - 7e02033f-e7de-4006-80be-ffeab2e3922a@group-B775CB1CFC79: changes role from  FOLLOWER to CANDIDATE at term 47 for changeToCandidate
2019-10-16 21:00:31,980 [Thread-1039] INFO  impl.RoleInfo (RoleInfo.java:updateAndGet(143)) - 7e02033f-e7de-4006-80be-ffeab2e3922a: start LeaderElection
2019-10-16 21:00:31,993 [7e02033f-e7de-4006-80be-ffeab2e3922a@group-B775CB1CFC79-LeaderElection78] INFO  impl.LeaderElection (LeaderElection.java:askForVotes(178)) - 7e02033f-e7de-4006-80be-ffeab2e3922a@group-B775CB1CFC79-LeaderElection78: begin an election at term 48 for 0: [7d5bd66d-ed89-401c-bf86-050641c359fd:192.168.157.254:45704, e2e26bef-7a80-470b-89dc-752ae9b76223:192.168.157.254:36344, 7e02033f-e7de-4006-80be-ffeab2e3922a:192.168.157.254:33430], old=null
2019-10-16 21:00:31,995 [grpc-default-executor-4] INFO  impl.RaftServerImpl (RaftServerImpl.java:setRole(184)) - 7d5bd66d-ed89-401c-bf86-050641c359fd@group-B775CB1CFC79: changes role from  FOLLOWER to FOLLOWER at term 48 for recognizeCandidate:7e02033f-e7de-4006-80be-ffeab2e3922a
2019-10-16 21:00:31,996 [grpc-default-executor-2] INFO  impl.RaftServerImpl (RaftServerImpl.java:setRole(184)) - e2e26bef-7a80-470b-89dc-752ae9b76223@group-B775CB1CFC79: changes role from  FOLLOWER to FOLLOWER at term 48 for recognizeCandidate:7e02033f-e7de-4006-80be-ffeab2e3922a
2019-10-16 21:00:31,996 [grpc-default-executor-4] INFO  impl.RoleInfo (RoleInfo.java:shutdownFollowerState(121)) - 7d5bd66d-ed89-401c-bf86-050641c359fd: shutdown FollowerState
2019-10-16 21:00:31,996 [grpc-default-executor-2] INFO  impl.RoleInfo (RoleInfo.java:shutdownFollowerState(121)) - e2e26bef-7a80-470b-89dc-752ae9b76223: shutdown FollowerState
2019-10-16 21:00:31,996 [Thread-1038] INFO  impl.FollowerState (FollowerState.java:run(117)) - 7d5bd66d-ed89-401c-bf86-050641c359fd@group-B775CB1CFC79-FollowerState was interrupted: java.lang.InterruptedException: sleep interrupted
2019-10-16 21:00:31,996 [grpc-default-executor-4] INFO  impl.RoleInfo (RoleInfo.java:updateAndGet(143)) - 7d5bd66d-ed89-401c-bf86-050641c359fd: start FollowerState
2019-10-16 21:00:31,996 [Thread-1037] INFO  impl.FollowerState (FollowerState.java:run(117)) - e2e26bef-7a80-470b-89dc-752ae9b76223@group-B775CB1CFC79-FollowerState was interrupted: java.lang.InterruptedException: sleep interrupted
2019-10-16 21:00:31,996 [grpc-default-executor-2] INFO  impl.RoleInfo (RoleInfo.java:updateAndGet(143)) - e2e26bef-7a80-470b-89dc-752ae9b76223: start FollowerState
2019-10-16 21:00:32,012 [7e02033f-e7de-4006-80be-ffeab2e3922a@group-B775CB1CFC79-LeaderElection78] INFO  impl.LeaderElection (LeaderElection.java:logAndReturn(56)) - 7e02033f-e7de-4006-80be-ffeab2e3922a@group-B775CB1CFC79-LeaderElection78: Election REJECTED; received 2 response(s) [7e02033f-e7de-4006-80be-ffeab2e3922a<-7d5bd66d-ed89-401c-bf86-050641c359fd#0:FAIL-t48, 7e02033f-e7de-4006-80be-ffeab2e3922a<-e2e26bef-7a80-470b-89dc-752ae9b76223#0:FAIL-t48] and 0 exception(s); 7e02033f-e7de-4006-80be-ffeab2e3922a@group-B775CB1CFC79:t48, leader=null, voted=7e02033f-e7de-4006-80be-ffeab2e3922a, raftlog=7e02033f-e7de-4006-80be-ffeab2e3922a@group-B775CB1CFC79-SegmentedRaftLog:OPENED:c3,f4,i4, conf=0: [7d5bd66d-ed89-401c-bf86-050641c359fd:192.168.157.254:45704, e2e26bef-7a80-470b-89dc-752ae9b76223:192.168.157.254:36344, 7e02033f-e7de-4006-80be-ffeab2e3922a:192.168.157.254:33430], old=null
2019-10-16 21:00:32,012 [7e02033f-e7de-4006-80be-ffeab2e3922a@group-B775CB1CFC79-LeaderElection78] INFO  impl.RaftServerImpl (RaftServerImpl.java:setRole(184)) - 7e02033f-e7de-4006-80be-ffeab2e3922a@group-B775CB1CFC79: changes role from CANDIDATE to FOLLOWER at term 48 for DISCOVERED_A_NEW_TERM
2019-10-16 21:00:32,012 [7e02033f-e7de-4006-80be-ffeab2e3922a@group-B775CB1CFC79-LeaderElection78] INFO  impl.RoleInfo (RoleInfo.java:shutdownLeaderElection(134)) - 7e02033f-e7de-4006-80be-ffeab2e3922a: shutdown LeaderElection
2019-10-16 21:00:32,012 [7e02033f-e7de-4006-80be-ffeab2e3922a@group-B775CB1CFC79-LeaderElection78] INFO  impl.RoleInfo (RoleInfo.java:updateAndGet(143)) - 7e02033f-e7de-4006-80be-ffeab2e3922a: start FollowerState
2019-10-16 21:00:32,065 [Thread-1053] INFO  impl.FollowerState (FollowerState.java:run(108)) - 7d5bd66d-ed89-401c-bf86-050641c359fd@group-0777CA79DD7E-FollowerState: change to CANDIDATE, lastRpcTime:114ms, electionTimeout:114ms
2019-10-16 21:00:32,066 [Thread-1053] INFO  impl.RoleInfo (RoleInfo.java:shutdownFollowerState(121)) - 7d5bd66d-ed89-401c-bf86-050641c359fd: shutdown FollowerState
2019-10-16 21:00:32,066 [Thread-1053] INFO  impl.RaftServerImpl (RaftServerImpl.java:setRole(184)) - 7d5bd66d-ed89-401c-bf86-050641c359fd@group-0777CA79DD7E: changes role from  FOLLOWER to CANDIDATE at term 29 for changeToCandidate
2019-10-16 21:00:32,066 [Thread-1053] INFO  impl.RoleInfo (RoleInfo.java:updateAndGet(143)) - 7d5bd66d-ed89-401c-bf86-050641c359fd: start LeaderElection
2019-10-16 21:00:32,080 [7d5bd66d-ed89-401c-bf86-050641c359fd@group-0777CA79DD7E-LeaderElection79] INFO  impl.LeaderElection (LeaderElection.java:askForVotes(178)) - 7d5bd66d-ed89-401c-bf86-050641c359fd@group-0777CA79DD7E-LeaderElection79: begin an election at term 30 for -1: [7d5bd66d-ed89-401c-bf86-050641c359fd:192.168.157.254:45704, e2e26bef-7a80-470b-89dc-752ae9b76223:192.168.157.254:36344, 7e02033f-e7de-4006-80be-ffeab2e3922a:192.168.157.254:33430], old=null
2019-10-16 21:00:32,083 [grpc-default-executor-2] INFO  impl.RaftServerImpl (RaftServerImpl.java:setRole(184)) - e2e26bef-7a80-470b-89dc-752ae9b76223@group-0777CA79DD7E: changes role from  FOLLOWER to FOLLOWER at term 30 for recognizeCandidate:7d5bd66d-ed89-401c-bf86-050641c359fd
2019-10-16 21:00:32,083 [grpc-default-executor-4] INFO  impl.RaftServerImpl (RaftServerImpl.java:setRole(184)) - 7e02033f-e7de-4006-80be-ffeab2e3922a@group-0777CA79DD7E: changes role from  FOLLOWER to FOLLOWER at term 30 for recognizeCandidate:7d5bd66d-ed89-401c-bf86-050641c359fd
2019-10-16 21:00:32,084 [grpc-default-executor-2] INFO  impl.RoleInfo (RoleInfo.java:shutdownFollowerState(121)) - e2e26bef-7a80-470b-89dc-752ae9b76223: shutdown FollowerState
2019-10-16 21:00:32,084 [grpc-default-executor-4] INFO  impl.RoleInfo (RoleInfo.java:shutdownFollowerState(121)) - 7e02033f-e7de-4006-80be-ffeab2e3922a: shutdown FollowerState
2019-10-16 21:00:32,084 [Thread-1052] INFO  impl.FollowerState (FollowerState.java:run(117)) - e2e26bef-7a80-470b-89dc-752ae9b76223@group-0777CA79DD7E-FollowerState was interrupted: java.lang.InterruptedException: sleep interrupted
2019-10-16 21:00:32,084 [grpc-default-executor-2] INFO  impl.RoleInfo (RoleInfo.java:updateAndGet(143)) - e2e26bef-7a80-470b-89dc-752ae9b76223: start FollowerState
2019-10-16 21:00:32,084 [Thread-1051] INFO  impl.FollowerState (FollowerState.java:run(117)) - 7e02033f-e7de-4006-80be-ffeab2e3922a@group-0777CA79DD7E-FollowerState was interrupted: java.lang.InterruptedException: sleep interrupted
2019-10-16 21:00:32,084 [grpc-default-executor-4] INFO  impl.RoleInfo (RoleInfo.java:updateAndGet(143)) - 7e02033f-e7de-4006-80be-ffeab2e3922a: start FollowerState
2019-10-16 21:00:32,099 [7d5bd66d-ed89-401c-bf86-050641c359fd@group-0777CA79DD7E-LeaderElection79] INFO  impl.LeaderElection (LeaderElection.java:logAndReturn(56)) - 7d5bd66d-ed89-401c-bf86-050641c359fd@group-0777CA79DD7E-LeaderElection79: Election REJECTED; received 2 response(s) [7d5bd66d-ed89-401c-bf86-050641c359fd<-e2e26bef-7a80-470b-89dc-752ae9b76223#0:FAIL-t30, 7d5bd66d-ed89-401c-bf86-050641c359fd<-7e02033f-e7de-4006-80be-ffeab2e3922a#0:FAIL-t30] and 0 exception(s); 7d5bd66d-ed89-401c-bf86-050641c359fd@group-0777CA79DD7E:t30, leader=null, voted=7d5bd66d-ed89-401c-bf86-050641c359fd, raftlog=7d5bd66d-ed89-401c-bf86-050641c359fd@group-0777CA79DD7E-SegmentedRaftLog:OPENED:c-1,f-1,i0, conf=-1: [7d5bd66d-ed89-401c-bf86-050641c359fd:192.168.157.254:45704, e2e26bef-7a80-470b-89dc-752ae9b76223:192.168.157.254:36344, 7e02033f-e7de-4006-80be-ffeab2e3922a:192.168.157.254:33430], old=null
2019-10-16 21:00:32,099 [7d5bd66d-ed89-401c-bf86-050641c359fd@group-0777CA79DD7E-LeaderElection79] INFO  impl.RaftServerImpl (RaftServerImpl.java:setRole(184)) - 7d5bd66d-ed89-401c-bf86-050641c359fd@group-0777CA79DD7E: changes role from CANDIDATE to FOLLOWER at term 30 for DISCOVERED_A_NEW_TERM
2019-10-16 21:00:32,099 [7d5bd66d-ed89-401c-bf86-050641c359fd@group-0777CA79DD7E-LeaderElection79] INFO  impl.RoleInfo (RoleInfo.java:shutdownLeaderElection(134)) - 7d5bd66d-ed89-401c-bf86-050641c359fd: shutdown LeaderElection
2019-10-16 21:00:32,099 [7d5bd66d-ed89-401c-bf86-050641c359fd@group-0777CA79DD7E-LeaderElection79] INFO  impl.RoleInfo (RoleInfo.java:updateAndGet(143)) - 7d5bd66d-ed89-401c-bf86-050641c359fd: start FollowerState
2019-10-16 21:00:32,106 [Thread-1059] INFO  impl.FollowerState (FollowerState.java:run(108)) - 7e02033f-e7de-4006-80be-ffeab2e3922a@group-B775CB1CFC79-FollowerState: change to CANDIDATE, lastRpcTime:93ms, electionTimeout:93ms
2019-10-16 21:00:32,106 [Thread-1059] INFO  impl.RoleInfo (RoleInfo.java:shutdownFollowerState(121)) - 7e02033f-e7de-4006-80be-ffeab2e3922a: shutdown FollowerState
2019-10-16 21:00:32,106 [Thread-1059] INFO  impl.RaftServerImpl (RaftServerImpl.java:setRole(184)) - 7e02033f-e7de-4006-80be-ffeab2e3922a@group-B775CB1CFC79: changes role from  FOLLOWER to CANDIDATE at term 48 for changeToCandidate
2019-10-16 21:00:32,106 [Thread-1059] INFO  impl.RoleInfo (RoleInfo.java:updateAndGet(143)) - 7e02033f-e7de-4006-80be-ffeab2e3922a: start LeaderElection
2019-10-16 21:00:32,120 [7e02033f-e7de-4006-80be-ffeab2e3922a@group-B775CB1CFC79-LeaderElection80] INFO  impl.LeaderElection (LeaderElection.java:askForVotes(178)) - 7e02033f-e7de-4006-80be-ffeab2e3922a@group-B775CB1CFC79-LeaderElection80: begin an election at term 49 for 0: [7d5bd66d-ed89-401c-bf86-050641c359fd:192.168.157.254:45704, e2e26bef-7a80-470b-89dc-752ae9b76223:192.168.157.254:36344, 7e02033f-e7de-4006-80be-ffeab2e3922a:192.168.157.254:33430], old=null
2019-10-16 21:00:32,122 [grpc-default-executor-2] INFO  impl.RaftServerImpl (RaftServerImpl.java:setRole(184)) - 7d5bd66d-ed89-401c-bf86-050641c359fd@group-B775CB1CFC79: changes role from  FOLLOWER to FOLLOWER at term 49 for recognizeCandidate:7e02033f-e7de-4006-80be-ffeab2e3922a
2019-10-16 21:00:32,122 [grpc-default-executor-2] INFO  impl.RoleInfo (RoleInfo.java:shutdownFollowerState(121)) - 7d5bd66d-ed89-401c-bf86-050641c359fd: shutdown FollowerState
2019-10-16 21:00:32,122 [grpc-default-executor-4] INFO  impl.RaftServerImpl (RaftServerImpl.java:setRole(184)) - e2e26bef-7a80-470b-89dc-752ae9b76223@group-B775CB1CFC79: changes role from  FOLLOWER to FOLLOWER at term 49 for recognizeCandidate:7e02033f-e7de-4006-80be-ffeab2e3922a
2019-10-16 21:00:32,123 [grpc-default-executor-4] INFO  impl.RoleInfo (RoleInfo.java:shutdownFollowerState(121)) - e2e26bef-7a80-470b-89dc-752ae9b76223: shutdown FollowerState
2019-10-16 21:00:32,123 [Thread-1057] INFO  impl.FollowerState (FollowerState.java:run(117)) - 7d5bd66d-ed89-401c-bf86-050641c359fd@group-B775CB1CFC79-FollowerState was interrupted: java.lang.InterruptedException: sleep interrupted
2019-10-16 21:00:32,123 [grpc-default-executor-2] INFO  impl.RoleInfo (RoleInfo.java:updateAndGet(143)) - 7d5bd66d-ed89-401c-bf86-050641c359fd: start FollowerState
2019-10-16 21:00:32,123 [Thread-1058] INFO  impl.FollowerState (FollowerState.java:run(117)) - e2e26bef-7a80-470b-89dc-752ae9b76223@group-B775CB1CFC79-FollowerState was interrupted: java.lang.InterruptedException: sleep interrupted
2019-10-16 21:00:32,123 [grpc-default-executor-4] INFO  impl.RoleInfo (RoleInfo.java:updateAndGet(143)) - e2e26bef-7a80-470b-89dc-752ae9b76223: start FollowerState
2019-10-16 21:00:32,138 [7e02033f-e7de-4006-80be-ffeab2e3922a@group-B775CB1CFC79-LeaderElection80] INFO  impl.LeaderElection (LeaderElection.java:logAndReturn(56)) - 7e02033f-e7de-4006-80be-ffeab2e3922a@group-B775CB1CFC79-LeaderElection80: Election REJECTED; received 2 response(s) [7e02033f-e7de-4006-80be-ffeab2e3922a<-7d5bd66d-ed89-401c-bf86-050641c359fd#0:FAIL-t49, 7e02033f-e7de-4006-80be-ffeab2e3922a<-e2e26bef-7a80-470b-89dc-752ae9b76223#0:FAIL-t49] and 0 exception(s); 7e02033f-e7de-4006-80be-ffeab2e3922a@group-B775CB1CFC79:t49, leader=null, voted=7e02033f-e7de-4006-80be-ffeab2e3922a, raftlog=7e02033f-e7de-4006-80be-ffeab2e3922a@group-B775CB1CFC79-SegmentedRaftLog:OPENED:c3,f4,i4, conf=0: [7d5bd66d-ed89-401c-bf86-050641c359fd:192.168.157.254:45704, e2e26bef-7a80-470b-89dc-752ae9b76223:192.168.157.254:36344, 7e02033f-e7de-4006-80be-ffeab2e3922a:192.168.157.254:33430], old=null
2019-10-16 21:00:32,138 [7e02033f-e7de-4006-80be-ffeab2e3922a@group-B775CB1CFC79-LeaderElection80] INFO  impl.RaftServerImpl (RaftServerImpl.java:setRole(184)) - 7e02033f-e7de-4006-80be-ffeab2e3922a@group-B775CB1CFC79: changes role from CANDIDATE to FOLLOWER at term 49 for DISCOVERED_A_NEW_TERM
2019-10-16 21:00:32,138 [7e02033f-e7de-4006-80be-ffeab2e3922a@group-B775CB1CFC79-LeaderElection80] INFO  impl.RoleInfo (RoleInfo.java:shutdownLeaderElection(134)) - 7e02033f-e7de-4006-80be-ffeab2e3922a: shutdown LeaderElection
2019-10-16 21:00:32,138 [7e02033f-e7de-4006-80be-ffeab2e3922a@group-B775CB1CFC79-LeaderElection80] INFO  impl.RoleInfo (RoleInfo.java:updateAndGet(143)) - 7e02033f-e7de-4006-80be-ffeab2e3922a: start FollowerState
2019-10-16 21:00:32,231 [Thread-1066] INFO  impl.FollowerState (FollowerState.java:run(108)) - 7d5bd66d-ed89-401c-bf86-050641c359fd@group-0777CA79DD7E-FollowerState: change to CANDIDATE, lastRpcTime:131ms, electionTimeout:131ms
2019-10-16 21:00:32,231 [Thread-1066] INFO  impl.RoleInfo (RoleInfo.java:shutdownFollowerState(121)) - 7d5bd66d-ed89-401c-bf86-050641c359fd: shutdown FollowerState
2019-10-16 21:00:32,231 [Thread-1066] INFO  impl.RaftServerImpl (RaftServerImpl.java:setRole(184)) - 7d5bd66d-ed89-401c-bf86-050641c359fd@group-0777CA79DD7E: changes role from  FOLLOWER to CANDIDATE at term 30 for changeToCandidate
2019-10-16 21:00:32,231 [Thread-1066] INFO  impl.RoleInfo (RoleInfo.java:updateAndGet(143)) - 7d5bd66d-ed89-401c-bf86-050641c359fd: start LeaderElection
2019-10-16 21:00:32,245 [7d5bd66d-ed89-401c-bf86-050641c359fd@group-0777CA79DD7E-LeaderElection81] INFO  impl.LeaderElection (LeaderElection.java:askForVotes(178)) - 7d5bd66d-ed89-401c-bf86-050641c359fd@group-0777CA79DD7E-LeaderElection81: begin an election at term 31 for -1: [7d5bd66d-ed89-401c-bf86-050641c359fd:192.168.157.254:45704, e2e26bef-7a80-470b-89dc-752ae9b76223:192.168.157.254:36344, 7e02033f-e7de-4006-80be-ffeab2e3922a:192.168.157.254:33430], old=null
2019-10-16 21:00:32,247 [grpc-default-executor-4] INFO  impl.RaftServerImpl (RaftServerImpl.java:setRole(184)) - e2e26bef-7a80-470b-89dc-752ae9b76223@group-0777CA79DD7E: changes role from  FOLLOWER to FOLLOWER at term 31 for recognizeCandidate:7d5bd66d-ed89-401c-bf86-050641c359fd
2019-10-16 21:00:32,247 [grpc-default-executor-4] INFO  impl.RoleInfo (RoleInfo.java:shutdownFollowerState(121)) - e2e26bef-7a80-470b-89dc-752ae9b76223: shutdown FollowerState
2019-10-16 21:00:32,248 [grpc-default-executor-2] INFO  impl.RaftServerImpl (RaftServerImpl.java:setRole(184)) - 7e02033f-e7de-4006-80be-ffeab2e3922a@group-0777CA79DD7E: changes role from  FOLLOWER to FOLLOWER at term 31 for recognizeCandidate:7d5bd66d-ed89-401c-bf86-050641c359fd
2019-10-16 21:00:32,248 [Thread-1064] INFO  impl.FollowerState (FollowerState.java:run(117)) - e2e26bef-7a80-470b-89dc-752ae9b76223@group-0777CA79DD7E-FollowerState was interrupted: java.lang.InterruptedException: sleep interrupted
2019-10-16 21:00:32,248 [grpc-default-executor-4] INFO  impl.RoleInfo (RoleInfo.java:updateAndGet(143)) - e2e26bef-7a80-470b-89dc-752ae9b76223: start FollowerState
2019-10-16 21:00:32,248 [grpc-default-executor-2] INFO  impl.RoleInfo (RoleInfo.java:shutdownFollowerState(121)) - 7e02033f-e7de-4006-80be-ffeab2e3922a: shutdown FollowerState
2019-10-16 21:00:32,248 [grpc-default-executor-2] INFO  impl.RoleInfo (RoleInfo.java:updateAndGet(143)) - 7e02033f-e7de-4006-80be-ffeab2e3922a: start FollowerState
2019-10-16 21:00:32,248 [Thread-1065] INFO  impl.FollowerState (FollowerState.java:run(117)) - 7e02033f-e7de-4006-80be-ffeab2e3922a@group-0777CA79DD7E-FollowerState was interrupted: java.lang.InterruptedException: sleep interrupted
2019-10-16 21:00:32,263 [7d5bd66d-ed89-401c-bf86-050641c359fd@group-0777CA79DD7E-LeaderElection81] INFO  impl.LeaderElection (LeaderElection.java:logAndReturn(56)) - 7d5bd66d-ed89-401c-bf86-050641c359fd@group-0777CA79DD7E-LeaderElection81: Election REJECTED; received 2 response(s) [7d5bd66d-ed89-401c-bf86-050641c359fd<-e2e26bef-7a80-470b-89dc-752ae9b76223#0:FAIL-t31, 7d5bd66d-ed89-401c-bf86-050641c359fd<-7e02033f-e7de-4006-80be-ffeab2e3922a#0:FAIL-t31] and 0 exception(s); 7d5bd66d-ed89-401c-bf86-050641c359fd@group-0777CA79DD7E:t31, leader=null, voted=7d5bd66d-ed89-401c-bf86-050641c359fd, raftlog=7d5bd66d-ed89-401c-bf86-050641c359fd@group-0777CA79DD7E-SegmentedRaftLog:OPENED:c-1,f-1,i0, conf=-1: [7d5bd66d-ed89-401c-bf86-050641c359fd:192.168.157.254:45704, e2e26bef-7a80-470b-89dc-752ae9b76223:192.168.157.254:36344, 7e02033f-e7de-4006-80be-ffeab2e3922a:192.168.157.254:33430], old=null
2019-10-16 21:00:32,263 [7d5bd66d-ed89-401c-bf86-050641c359fd@group-0777CA79DD7E-LeaderElection81] INFO  impl.RaftServerImpl (RaftServerImpl.java:setRole(184)) - 7d5bd66d-ed89-401c-bf86-050641c359fd@group-0777CA79DD7E: changes role from CANDIDATE to FOLLOWER at term 31 for DISCOVERED_A_NEW_TERM
2019-10-16 21:00:32,263 [7d5bd66d-ed89-401c-bf86-050641c359fd@group-0777CA79DD7E-LeaderElection81] INFO  impl.RoleInfo (RoleInfo.java:shutdownLeaderElection(134)) - 7d5bd66d-ed89-401c-bf86-050641c359fd: shutdown LeaderElection
2019-10-16 21:00:32,263 [7d5bd66d-ed89-401c-bf86-050641c359fd@group-0777CA79DD7E-LeaderElection81] INFO  impl.RoleInfo (RoleInfo.java:updateAndGet(143)) - 7d5bd66d-ed89-401c-bf86-050641c359fd: start FollowerState
2019-10-16 21:00:32,266 [Thread-1072] INFO  impl.FollowerState (FollowerState.java:run(108)) - 7e02033f-e7de-4006-80be-ffeab2e3922a@group-B775CB1CFC79-FollowerState: change to CANDIDATE, lastRpcTime:128ms, electionTimeout:128ms
2019-10-16 21:00:32,267 [Thread-1072] INFO  impl.RoleInfo (RoleInfo.java:shutdownFollowerState(121)) - 7e02033f-e7de-4006-80be-ffeab2e3922a: shutdown FollowerState
2019-10-16 21:00:32,267 [Thread-1072] INFO  impl.RaftServerImpl (RaftServerImpl.java:setRole(184)) - 7e02033f-e7de-4006-80be-ffeab2e3922a@group-B775CB1CFC79: changes role from  FOLLOWER to CANDIDATE at term 49 for changeToCandidate
2019-10-16 21:00:32,267 [Thread-1072] INFO  impl.RoleInfo (RoleInfo.java:updateAndGet(143)) - 7e02033f-e7de-4006-80be-ffeab2e3922a: start LeaderElection
2019-10-16 21:00:32,281 [7e02033f-e7de-4006-80be-ffeab2e3922a@group-B775CB1CFC79-LeaderElection82] INFO  impl.LeaderElection (LeaderElection.java:askForVotes(178)) - 7e02033f-e7de-4006-80be-ffeab2e3922a@group-B775CB1CFC79-LeaderElection82: begin an election at term 50 for 0: [7d5bd66d-ed89-401c-bf86-050641c359fd:192.168.157.254:45704, e2e26bef-7a80-470b-89dc-752ae9b76223:192.168.157.254:36344, 7e02033f-e7de-4006-80be-ffeab2e3922a:192.168.157.254:33430], old=null
2019-10-16 21:00:32,283 [grpc-default-executor-4] INFO  impl.RaftServerImpl (RaftServerImpl.java:setRole(184)) - 7d5bd66d-ed89-401c-bf86-050641c359fd@group-B775CB1CFC79: changes role from  FOLLOWER to FOLLOWER at term 50 for recognizeCandidate:7e02033f-e7de-4006-80be-ffeab2e3922a
2019-10-16 21:00:32,283 [grpc-default-executor-4] INFO  impl.RoleInfo (RoleInfo.java:shutdownFollowerState(121)) - 7d5bd66d-ed89-401c-bf86-050641c359fd: shutdown FollowerState
2019-10-16 21:00:32,283 [grpc-default-executor-2] INFO  impl.RaftServerImpl (RaftServerImpl.java:setRole(184)) - e2e26bef-7a80-470b-89dc-752ae9b76223@group-B775CB1CFC79: changes role from  FOLLOWER to FOLLOWER at term 50 for recognizeCandidate:7e02033f-e7de-4006-80be-ffeab2e3922a
2019-10-16 21:00:32,283 [Thread-1070] INFO  impl.FollowerState (FollowerState.java:run(117)) - 7d5bd66d-ed89-401c-bf86-050641c359fd@group-B775CB1CFC79-FollowerState was interrupted: java.lang.InterruptedException: sleep interrupted
2019-10-16 21:00:32,283 [grpc-default-executor-4] INFO  impl.RoleInfo (RoleInfo.java:updateAndGet(143)) - 7d5bd66d-ed89-401c-bf86-050641c359fd: start FollowerState
2019-10-16 21:00:32,283 [grpc-default-executor-2] INFO  impl.RoleInfo (RoleInfo.java:shutdownFollowerState(121)) - e2e26bef-7a80-470b-89dc-752ae9b76223: shutdown FollowerState
2019-10-16 21:00:32,284 [grpc-default-executor-2] INFO  impl.RoleInfo (RoleInfo.java:updateAndGet(143)) - e2e26bef-7a80-470b-89dc-752ae9b76223: start FollowerState
2019-10-16 21:00:32,284 [Thread-1071] INFO  impl.FollowerState (FollowerState.java:run(117)) - e2e26bef-7a80-470b-89dc-752ae9b76223@group-B775CB1CFC79-FollowerState was interrupted: java.lang.InterruptedException: sleep interrupted
2019-10-16 21:00:32,298 [7e02033f-e7de-4006-80be-ffeab2e3922a@group-B775CB1CFC79-LeaderElection82] INFO  impl.LeaderElection (LeaderElection.java:logAndReturn(56)) - 7e02033f-e7de-4006-80be-ffeab2e3922a@group-B775CB1CFC79-LeaderElection82: Election REJECTED; received 2 response(s) [7e02033f-e7de-4006-80be-ffeab2e3922a<-7d5bd66d-ed89-401c-bf86-050641c359fd#0:FAIL-t50, 7e02033f-e7de-4006-80be-ffeab2e3922a<-e2e26bef-7a80-470b-89dc-752ae9b76223#0:FAIL-t50] and 0 exception(s); 7e02033f-e7de-4006-80be-ffeab2e3922a@group-B775CB1CFC79:t50, leader=null, voted=7e02033f-e7de-4006-80be-ffeab2e3922a, raftlog=7e02033f-e7de-4006-80be-ffeab2e3922a@group-B775CB1CFC79-SegmentedRaftLog:OPENED:c3,f4,i4, conf=0: [7d5bd66d-ed89-401c-bf86-050641c359fd:192.168.157.254:45704, e2e26bef-7a80-470b-89dc-752ae9b76223:192.168.157.254:36344, 7e02033f-e7de-4006-80be-ffeab2e3922a:192.168.157.254:33430], old=null
2019-10-16 21:00:32,298 [7e02033f-e7de-4006-80be-ffeab2e3922a@group-B775CB1CFC79-LeaderElection82] INFO  impl.RaftServerImpl (RaftServerImpl.java:setRole(184)) - 7e02033f-e7de-4006-80be-ffeab2e3922a@group-B775CB1CFC79: changes role from CANDIDATE to FOLLOWER at term 50 for DISCOVERED_A_NEW_TERM
2019-10-16 21:00:32,298 [7e02033f-e7de-4006-80be-ffeab2e3922a@group-B775CB1CFC79-LeaderElection82] INFO  impl.RoleInfo (RoleInfo.java:shutdownLeaderElection(134)) - 7e02033f-e7de-4006-80be-ffeab2e3922a: shutdown LeaderElection
2019-10-16 21:00:32,299 [7e02033f-e7de-4006-80be-ffeab2e3922a@group-B775CB1CFC79-LeaderElection82] INFO  impl.RoleInfo (RoleInfo.java:updateAndGet(143)) - 7e02033f-e7de-4006-80be-ffeab2e3922a: start FollowerState
2019-10-16 21:00:32,308 [Thread-1086] INFO  client.GrpcClientProtocolService (GrpcClientProtocolService.java:lambda$processClientRequest$0(278)) - Failed RaftClientRequest:client-BDDAE6707277->e2e26bef-7a80-470b-89dc-752ae9b76223@group-B775CB1CFC79, cid=10, seq=0, Watch-ALL_COMMITTED(6), Message:<EMPTY>, reply=RaftClientReply:client-BDDAE6707277->e2e26bef-7a80-470b-89dc-752ae9b76223@group-B775CB1CFC79, cid=10, FAILED org.apache.ratis.protocol.NotLeaderException: Server e2e26bef-7a80-470b-89dc-752ae9b76223@group-B775CB1CFC79 is not the leader, logIndex=0, commits[e2e26bef-7a80-470b-89dc-752ae9b76223:c10, 7d5bd66d-ed89-401c-bf86-050641c359fd:c10, 7e02033f-e7de-4006-80be-ffeab2e3922a:c4]
2019-10-16 21:00:32,382 [Thread-1078] INFO  impl.FollowerState (FollowerState.java:run(108)) - 7d5bd66d-ed89-401c-bf86-050641c359fd@group-0777CA79DD7E-FollowerState: change to CANDIDATE, lastRpcTime:118ms, electionTimeout:118ms
2019-10-16 21:00:32,382 [Thread-1078] INFO  impl.RoleInfo (RoleInfo.java:shutdownFollowerState(121)) - 7d5bd66d-ed89-401c-bf86-050641c359fd: shutdown FollowerState
2019-10-16 21:00:32,382 [Thread-1078] INFO  impl.RaftServerImpl (RaftServerImpl.java:setRole(184)) - 7d5bd66d-ed89-401c-bf86-050641c359fd@group-0777CA79DD7E: changes role from  FOLLOWER to CANDIDATE at term 31 for changeToCandidate
2019-10-16 21:00:32,382 [Thread-1078] INFO  impl.RoleInfo (RoleInfo.java:updateAndGet(143)) - 7d5bd66d-ed89-401c-bf86-050641c359fd: start LeaderElection
2019-10-16 21:00:32,396 [7d5bd66d-ed89-401c-bf86-050641c359fd@group-0777CA79DD7E-LeaderElection83] INFO  impl.LeaderElection (LeaderElection.java:askForVotes(178)) - 7d5bd66d-ed89-401c-bf86-050641c359fd@group-0777CA79DD7E-LeaderElection83: begin an election at term 32 for -1: [7d5bd66d-ed89-401c-bf86-050641c359fd:192.168.157.254:45704, e2e26bef-7a80-470b-89dc-752ae9b76223:192.168.157.254:36344, 7e02033f-e7de-4006-80be-ffeab2e3922a:192.168.157.254:33430], old=null
2019-10-16 21:00:32,398 [grpc-default-executor-4] INFO  impl.RaftServerImpl (RaftServerImpl.java:setRole(184)) - e2e26bef-7a80-470b-89dc-752ae9b76223@group-0777CA79DD7E: changes role from  FOLLOWER to FOLLOWER at term 32 for recognizeCandidate:7d5bd66d-ed89-401c-bf86-050641c359fd
2019-10-16 21:00:32,398 [grpc-default-executor-4] INFO  impl.RoleInfo (RoleInfo.java:shutdownFollowerState(121)) - e2e26bef-7a80-470b-89dc-752ae9b76223: shutdown FollowerState
2019-10-16 21:00:32,398 [grpc-default-executor-4] INFO  impl.RoleInfo (RoleInfo.java:updateAndGet(143)) - e2e26bef-7a80-470b-89dc-752ae9b76223: start FollowerState
2019-10-16 21:00:32,398 [Thread-1076] INFO  impl.FollowerState (FollowerState.java:run(117)) - e2e26bef-7a80-470b-89dc-752ae9b76223@group-0777CA79DD7E-FollowerState was interrupted: java.lang.InterruptedException: sleep interrupted
2019-10-16 21:00:32,398 [grpc-default-executor-2] INFO  impl.RaftServerImpl (RaftServerImpl.java:setRole(184)) - 7e02033f-e7de-4006-80be-ffeab2e3922a@group-0777CA79DD7E: changes role from  FOLLOWER to FOLLOWER at term 32 for recognizeCandidate:7d5bd66d-ed89-401c-bf86-050641c359fd
2019-10-16 21:00:32,398 [grpc-default-executor-2] INFO  impl.RoleInfo (RoleInfo.java:shutdownFollowerState(121)) - 7e02033f-e7de-4006-80be-ffeab2e3922a: shutdown FollowerState
2019-10-16 21:00:32,399 [grpc-default-executor-2] INFO  impl.RoleInfo (RoleInfo.java:updateAndGet(143)) - 7e02033f-e7de-4006-80be-ffeab2e3922a: start FollowerState
2019-10-16 21:00:32,399 [Thread-1077] INFO  impl.FollowerState (FollowerState.java:run(117)) - 7e02033f-e7de-4006-80be-ffeab2e3922a@group-0777CA79DD7E-FollowerState was interrupted: java.lang.InterruptedException: sleep interrupted
2019-10-16 21:00:32,413 [7d5bd66d-ed89-401c-bf86-050641c359fd@group-0777CA79DD7E-LeaderElection83] INFO  impl.LeaderElection (LeaderElection.java:logAndReturn(56)) - 7d5bd66d-ed89-401c-bf86-050641c359fd@group-0777CA79DD7E-LeaderElection83: Election REJECTED; received 2 response(s) [7d5bd66d-ed89-401c-bf86-050641c359fd<-e2e26bef-7a80-470b-89dc-752ae9b76223#0:FAIL-t32, 7d5bd66d-ed89-401c-bf86-050641c359fd<-7e02033f-e7de-4006-80be-ffeab2e3922a#0:FAIL-t32] and 0 exception(s); 7d5bd66d-ed89-401c-bf86-050641c359fd@group-0777CA79DD7E:t32, leader=null, voted=7d5bd66d-ed89-401c-bf86-050641c359fd, raftlog=7d5bd66d-ed89-401c-bf86-050641c359fd@group-0777CA79DD7E-SegmentedRaftLog:OPENED:c-1,f-1,i0, conf=-1: [7d5bd66d-ed89-401c-bf86-050641c359fd:192.168.157.254:45704, e2e26bef-7a80-470b-89dc-752ae9b76223:192.168.157.254:36344, 7e02033f-e7de-4006-80be-ffeab2e3922a:192.168.157.254:33430], old=null
2019-10-16 21:00:32,413 [7d5bd66d-ed89-401c-bf86-050641c359fd@group-0777CA79DD7E-LeaderElection83] INFO  impl.RaftServerImpl (RaftServerImpl.java:setRole(184)) - 7d5bd66d-ed89-401c-bf86-050641c359fd@group-0777CA79DD7E: changes role from CANDIDATE to FOLLOWER at term 32 for DISCOVERED_A_NEW_TERM
2019-10-16 21:00:32,413 [7d5bd66d-ed89-401c-bf86-050641c359fd@group-0777CA79DD7E-LeaderElection83] INFO  impl.RoleInfo (RoleInfo.java:shutdownLeaderElection(134)) - 7d5bd66d-ed89-401c-bf86-050641c359fd: shutdown LeaderElection
2019-10-16 21:00:32,413 [7d5bd66d-ed89-401c-bf86-050641c359fd@group-0777CA79DD7E-LeaderElection83] INFO  impl.RoleInfo (RoleInfo.java:updateAndGet(143)) - 7d5bd66d-ed89-401c-bf86-050641c359fd: start FollowerState
2019-10-16 21:00:32,497 [Thread-1084] INFO  impl.FollowerState (FollowerState.java:run(108)) - 7e02033f-e7de-4006-80be-ffeab2e3922a@group-B775CB1CFC79-FollowerState: change to CANDIDATE, lastRpcTime:198ms, electionTimeout:198ms
2019-10-16 21:00:32,497 [Thread-1084] INFO  impl.RoleInfo (RoleInfo.java:shutdownFollowerState(121)) - 7e02033f-e7de-4006-80be-ffeab2e3922a: shutdown FollowerState
2019-10-16 21:00:32,497 [Thread-1084] INFO  impl.RaftServerImpl (RaftServerImpl.java:setRole(184)) - 7e02033f-e7de-4006-80be-ffeab2e3922a@group-B775CB1CFC79: changes role from  FOLLOWER to CANDIDATE at term 50 for changeToCandidate
2019-10-16 21:00:32,498 [Thread-1084] INFO  impl.RoleInfo (RoleInfo.java:updateAndGet(143)) - 7e02033f-e7de-4006-80be-ffeab2e3922a: start LeaderElection
2019-10-16 21:00:32,500 [Thread-1093] INFO  impl.FollowerState (FollowerState.java:run(108)) - 7d5bd66d-ed89-401c-bf86-050641c359fd@group-0777CA79DD7E-FollowerState: change to CANDIDATE, lastRpcTime:86ms, electionTimeout:86ms
2019-10-16 21:00:32,500 [Thread-1093] INFO  impl.RoleInfo (RoleInfo.java:shutdownFollowerState(121)) - 7d5bd66d-ed89-401c-bf86-050641c359fd: shutdown FollowerState
2019-10-16 21:00:32,500 [Thread-1093] INFO  impl.RaftServerImpl (RaftServerImpl.java:setRole(184)) - 7d5bd66d-ed89-401c-bf86-050641c359fd@group-0777CA79DD7E: changes role from  FOLLOWER to CANDIDATE at term 32 for changeToCandidate
2019-10-16 21:00:32,500 [Thread-1093] INFO  impl.RoleInfo (RoleInfo.java:updateAndGet(143)) - 7d5bd66d-ed89-401c-bf86-050641c359fd: start LeaderElection
2019-10-16 21:00:32,511 [7d5bd66d-ed89-401c-bf86-050641c359fd@group-0777CA79DD7E-LeaderElection85] INFO  impl.LeaderElection (LeaderElection.java:askForVotes(178)) - 7d5bd66d-ed89-401c-bf86-050641c359fd@group-0777CA79DD7E-LeaderElection85: begin an election at term 33 for -1: [7d5bd66d-ed89-401c-bf86-050641c359fd:192.168.157.254:45704, e2e26bef-7a80-470b-89dc-752ae9b76223:192.168.157.254:36344, 7e02033f-e7de-4006-80be-ffeab2e3922a:192.168.157.254:33430], old=null
2019-10-16 21:00:32,511 [7e02033f-e7de-4006-80be-ffeab2e3922a@group-B775CB1CFC79-LeaderElection84] INFO  impl.LeaderElection (LeaderElection.java:askForVotes(178)) - 7e02033f-e7de-4006-80be-ffeab2e3922a@group-B775CB1CFC79-LeaderElection84: begin an election at term 51 for 0: [7d5bd66d-ed89-401c-bf86-050641c359fd:192.168.157.254:45704, e2e26bef-7a80-470b-89dc-752ae9b76223:192.168.157.254:36344, 7e02033f-e7de-4006-80be-ffeab2e3922a:192.168.157.254:33430], old=null
2019-10-16 21:00:32,514 [grpc-default-executor-2] INFO  impl.RaftServerImpl (RaftServerImpl.java:setRole(184)) - 7d5bd66d-ed89-401c-bf86-050641c359fd@group-B775CB1CFC79: changes role from  FOLLOWER to FOLLOWER at term 51 for recognizeCandidate:7e02033f-e7de-4006-80be-ffeab2e3922a
2019-10-16 21:00:32,514 [grpc-default-executor-2] INFO  impl.RoleInfo (RoleInfo.java:shutdownFollowerState(121)) - 7d5bd66d-ed89-401c-bf86-050641c359fd: shutdown FollowerState
2019-10-16 21:00:32,514 [grpc-default-executor-2] INFO  impl.RoleInfo (RoleInfo.java:updateAndGet(143)) - 7d5bd66d-ed89-401c-bf86-050641c359fd: start FollowerState
2019-10-16 21:00:32,514 [grpc-default-executor-4] INFO  impl.RaftServerImpl (RaftServerImpl.java:setRole(184)) - e2e26bef-7a80-470b-89dc-752ae9b76223@group-B775CB1CFC79: changes role from  FOLLOWER to FOLLOWER at term 51 for recognizeCandidate:7e02033f-e7de-4006-80be-ffeab2e3922a
2019-10-16 21:00:32,514 [grpc-default-executor-0] INFO  impl.RaftServerImpl (RaftServerImpl.java:setRole(184)) - 7e02033f-e7de-4006-80be-ffeab2e3922a@group-0777CA79DD7E: changes role from  FOLLOWER to FOLLOWER at term 33 for recognizeCandidate:7d5bd66d-ed89-401c-bf86-050641c359fd
2019-10-16 21:00:32,514 [Thread-1082] INFO  impl.FollowerState (FollowerState.java:run(117)) - 7d5bd66d-ed89-401c-bf86-050641c359fd@group-B775CB1CFC79-FollowerState was interrupted: java.lang.InterruptedException: sleep interrupted
2019-10-16 21:00:32,516 [grpc-default-executor-0] INFO  impl.RoleInfo (RoleInfo.java:shutdownFollowerState(121)) - 7e02033f-e7de-4006-80be-ffeab2e3922a: shutdown FollowerState
2019-10-16 21:00:32,516 [grpc-default-executor-4] INFO  impl.RoleInfo (RoleInfo.java:shutdownFollowerState(121)) - e2e26bef-7a80-470b-89dc-752ae9b76223: shutdown FollowerState
2019-10-16 21:00:32,516 [Thread-1092] INFO  impl.FollowerState (FollowerState.java:run(117)) - 7e02033f-e7de-4006-80be-ffeab2e3922a@group-0777CA79DD7E-FollowerState was interrupted: java.lang.InterruptedException: sleep interrupted
2019-10-16 21:00:32,517 [Thread-1083] INFO  impl.FollowerState (FollowerState.java:run(117)) - e2e26bef-7a80-470b-89dc-752ae9b76223@group-B775CB1CFC79-FollowerState was interrupted: java.lang.InterruptedException: sleep interrupted
2019-10-16 21:00:32,516 [grpc-default-executor-0] INFO  impl.RoleInfo (RoleInfo.java:updateAndGet(143)) - 7e02033f-e7de-4006-80be-ffeab2e3922a: start FollowerState
2019-10-16 21:00:32,517 [grpc-default-executor-5] INFO  impl.RaftServerImpl (RaftServerImpl.java:setRole(184)) - e2e26bef-7a80-470b-89dc-752ae9b76223@group-0777CA79DD7E: changes role from  FOLLOWER to FOLLOWER at term 33 for recognizeCandidate:7d5bd66d-ed89-401c-bf86-050641c359fd
2019-10-16 21:00:32,517 [grpc-default-executor-5] INFO  impl.RoleInfo (RoleInfo.java:shutdownFollowerState(121)) - e2e26bef-7a80-470b-89dc-752ae9b76223: shutdown FollowerState
2019-10-16 21:00:32,517 [grpc-default-executor-4] INFO  impl.RoleInfo (RoleInfo.java:updateAndGet(143)) - e2e26bef-7a80-470b-89dc-752ae9b76223: start FollowerState
2019-10-16 21:00:32,517 [Thread-1091] INFO  impl.FollowerState (FollowerState.java:run(117)) - e2e26bef-7a80-470b-89dc-752ae9b76223@group-0777CA79DD7E-FollowerState was interrupted: java.lang.InterruptedException: sleep interrupted
2019-10-16 21:00:32,517 [grpc-default-executor-5] INFO  impl.RoleInfo (RoleInfo.java:updateAndGet(143)) - e2e26bef-7a80-470b-89dc-752ae9b76223: start FollowerState
2019-10-16 21:00:32,530 [7d5bd66d-ed89-401c-bf86-050641c359fd@group-0777CA79DD7E-LeaderElection85] INFO  impl.LeaderElection (LeaderElection.java:logAndReturn(56)) - 7d5bd66d-ed89-401c-bf86-050641c359fd@group-0777CA79DD7E-LeaderElection85: Election REJECTED; received 2 response(s) [7d5bd66d-ed89-401c-bf86-050641c359fd<-e2e26bef-7a80-470b-89dc-752ae9b76223#0:FAIL-t33, 7d5bd66d-ed89-401c-bf86-050641c359fd<-7e02033f-e7de-4006-80be-ffeab2e3922a#0:FAIL-t33] and 0 exception(s); 7d5bd66d-ed89-401c-bf86-050641c359fd@group-0777CA79DD7E:t33, leader=null, voted=7d5bd66d-ed89-401c-bf86-050641c359fd, raftlog=7d5bd66d-ed89-401c-bf86-050641c359fd@group-0777CA79DD7E-SegmentedRaftLog:OPENED:c-1,f-1,i0, conf=-1: [7d5bd66d-ed89-401c-bf86-050641c359fd:192.168.157.254:45704, e2e26bef-7a80-470b-89dc-752ae9b76223:192.168.157.254:36344, 7e02033f-e7de-4006-80be-ffeab2e3922a:192.168.157.254:33430], old=null
2019-10-16 21:00:32,531 [7d5bd66d-ed89-401c-bf86-050641c359fd@group-0777CA79DD7E-LeaderElection85] INFO  impl.RaftServerImpl (RaftServerImpl.java:setRole(184)) - 7d5bd66d-ed89-401c-bf86-050641c359fd@group-0777CA79DD7E: changes role from CANDIDATE to FOLLOWER at term 33 for DISCOVERED_A_NEW_TERM
2019-10-16 21:00:32,531 [7e02033f-e7de-4006-80be-ffeab2e3922a@group-B775CB1CFC79-LeaderElection84] INFO  impl.LeaderElection (LeaderElection.java:logAndReturn(56)) - 7e02033f-e7de-4006-80be-ffeab2e3922a@group-B775CB1CFC79-LeaderElection84: Election REJECTED; received 2 response(s) [7e02033f-e7de-4006-80be-ffeab2e3922a<-7d5bd66d-ed89-401c-bf86-050641c359fd#0:FAIL-t51, 7e02033f-e7de-4006-80be-ffeab2e3922a<-e2e26bef-7a80-470b-89dc-752ae9b76223#0:FAIL-t51] and 0 exception(s); 7e02033f-e7de-4006-80be-ffeab2e3922a@group-B775CB1CFC79:t51, leader=null, voted=7e02033f-e7de-4006-80be-ffeab2e3922a, raftlog=7e02033f-e7de-4006-80be-ffeab2e3922a@group-B775CB1CFC79-SegmentedRaftLog:OPENED:c3,f4,i4, conf=0: [7d5bd66d-ed89-401c-bf86-050641c359fd:192.168.157.254:45704, e2e26bef-7a80-470b-89dc-752ae9b76223:192.168.157.254:36344, 7e02033f-e7de-4006-80be-ffeab2e3922a:192.168.157.254:33430], old=null
2019-10-16 21:00:32,531 [7d5bd66d-ed89-401c-bf86-050641c359fd@group-0777CA79DD7E-LeaderElection85] INFO  impl.RoleInfo (RoleInfo.java:shutdownLeaderElection(134)) - 7d5bd66d-ed89-401c-bf86-050641c359fd: shutdown LeaderElection
2019-10-16 21:00:32,531 [7e02033f-e7de-4006-80be-ffeab2e3922a@group-B775CB1CFC79-LeaderElection84] INFO  impl.RaftServerImpl (RaftServerImpl.java:setRole(184)) - 7e02033f-e7de-4006-80be-ffeab2e3922a@group-B775CB1CFC79: changes role from CANDIDATE to FOLLOWER at term 51 for DISCOVERED_A_NEW_TERM
2019-10-16 21:00:32,531 [7d5bd66d-ed89-401c-bf86-050641c359fd@group-0777CA79DD7E-LeaderElection85] INFO  impl.RoleInfo (RoleInfo.java:updateAndGet(143)) - 7d5bd66d-ed89-401c-bf86-050641c359fd: start FollowerState
2019-10-16 21:00:32,531 [7e02033f-e7de-4006-80be-ffeab2e3922a@group-B775CB1CFC79-LeaderElection84] INFO  impl.RoleInfo (RoleInfo.java:shutdownLeaderElection(134)) - 7e02033f-e7de-4006-80be-ffeab2e3922a: shutdown LeaderElection
2019-10-16 21:00:32,531 [7e02033f-e7de-4006-80be-ffeab2e3922a@group-B775CB1CFC79-LeaderElection84] INFO  impl.RoleInfo (RoleInfo.java:updateAndGet(143)) - 7e02033f-e7de-4006-80be-ffeab2e3922a: start FollowerState
2019-10-16 21:00:32,578 [Thread-1104] INFO  impl.FollowerState (FollowerState.java:run(108)) - 7d5bd66d-ed89-401c-bf86-050641c359fd@group-0777CA79DD7E-FollowerState: change to CANDIDATE, lastRpcTime:46ms, electionTimeout:46ms
2019-10-16 21:00:32,578 [Thread-1104] INFO  impl.RoleInfo (RoleInfo.java:shutdownFollowerState(121)) - 7d5bd66d-ed89-401c-bf86-050641c359fd: shutdown FollowerState
2019-10-16 21:00:32,578 [Thread-1104] INFO  impl.RaftServerImpl (RaftServerImpl.java:setRole(184)) - 7d5bd66d-ed89-401c-bf86-050641c359fd@group-0777CA79DD7E: changes role from  FOLLOWER to CANDIDATE at term 33 for changeToCandidate
2019-10-16 21:00:32,578 [Thread-1104] INFO  impl.RoleInfo (RoleInfo.java:updateAndGet(143)) - 7d5bd66d-ed89-401c-bf86-050641c359fd: start LeaderElection
2019-10-16 21:00:32,592 [7d5bd66d-ed89-401c-bf86-050641c359fd@group-0777CA79DD7E-LeaderElection86] INFO  impl.LeaderElection (LeaderElection.java:askForVotes(178)) - 7d5bd66d-ed89-401c-bf86-050641c359fd@group-0777CA79DD7E-LeaderElection86: begin an election at term 34 for -1: [7d5bd66d-ed89-401c-bf86-050641c359fd:192.168.157.254:45704, e2e26bef-7a80-470b-89dc-752ae9b76223:192.168.157.254:36344, 7e02033f-e7de-4006-80be-ffeab2e3922a:192.168.157.254:33430], old=null
2019-10-16 21:00:32,594 [grpc-default-executor-2] INFO  impl.RaftServerImpl (RaftServerImpl.java:setRole(184)) - e2e26bef-7a80-470b-89dc-752ae9b76223@group-0777CA79DD7E: changes role from  FOLLOWER to FOLLOWER at term 34 for recognizeCandidate:7d5bd66d-ed89-401c-bf86-050641c359fd
2019-10-16 21:00:32,594 [grpc-default-executor-2] INFO  impl.RoleInfo (RoleInfo.java:shutdownFollowerState(121)) - e2e26bef-7a80-470b-89dc-752ae9b76223: shutdown FollowerState
2019-10-16 21:00:32,594 [grpc-default-executor-2] INFO  impl.RoleInfo (RoleInfo.java:updateAndGet(143)) - e2e26bef-7a80-470b-89dc-752ae9b76223: start FollowerState
2019-10-16 21:00:32,595 [Thread-1103] INFO  impl.FollowerState (FollowerState.java:run(117)) - e2e26bef-7a80-470b-89dc-752ae9b76223@group-0777CA79DD7E-FollowerState was interrupted: java.lang.InterruptedException: sleep interrupted
2019-10-16 21:00:32,595 [grpc-default-executor-5] INFO  impl.RaftServerImpl (RaftServerImpl.java:setRole(184)) - 7e02033f-e7de-4006-80be-ffeab2e3922a@group-0777CA79DD7E: changes role from  FOLLOWER to FOLLOWER at term 34 for recognizeCandidate:7d5bd66d-ed89-401c-bf86-050641c359fd
2019-10-16 21:00:32,595 [grpc-default-executor-5] INFO  impl.RoleInfo (RoleInfo.java:shutdownFollowerState(121)) - 7e02033f-e7de-4006-80be-ffeab2e3922a: shutdown FollowerState
2019-10-16 21:00:32,595 [grpc-default-executor-5] INFO  impl.RoleInfo (RoleInfo.java:updateAndGet(143)) - 7e02033f-e7de-4006-80be-ffeab2e3922a: start FollowerState
2019-10-16 21:00:32,595 [Thread-1101] INFO  impl.FollowerState (FollowerState.java:run(117)) - 7e02033f-e7de-4006-80be-ffeab2e3922a@group-0777CA79DD7E-FollowerState was interrupted: java.lang.InterruptedException: sleep interrupted
2019-10-16 21:00:32,615 [7d5bd66d-ed89-401c-bf86-050641c359fd@group-0777CA79DD7E-LeaderElection86] INFO  impl.LeaderElection (LeaderElection.java:logAndReturn(56)) - 7d5bd66d-ed89-401c-bf86-050641c359fd@group-0777CA79DD7E-LeaderElection86: Election REJECTED; received 2 response(s) [7d5bd66d-ed89-401c-bf86-050641c359fd<-e2e26bef-7a80-470b-89dc-752ae9b76223#0:FAIL-t34, 7d5bd66d-ed89-401c-bf86-050641c359fd<-7e02033f-e7de-4006-80be-ffeab2e3922a#0:FAIL-t34] and 0 exception(s); 7d5bd66d-ed89-401c-bf86-050641c359fd@group-0777CA79DD7E:t34, leader=null, voted=7d5bd66d-ed89-401c-bf86-050641c359fd, raftlog=7d5bd66d-ed89-401c-bf86-050641c359fd@group-0777CA79DD7E-SegmentedRaftLog:OPENED:c-1,f-1,i0, conf=-1: [7d5bd66d-ed89-401c-bf86-050641c359fd:192.168.157.254:45704, e2e26bef-7a80-470b-89dc-752ae9b76223:192.168.157.254:36344, 7e02033f-e7de-4006-80be-ffeab2e3922a:192.168.157.254:33430], old=null
2019-10-16 21:00:32,616 [7d5bd66d-ed89-401c-bf86-050641c359fd@group-0777CA79DD7E-LeaderElection86] INFO  impl.RaftServerImpl (RaftServerImpl.java:setRole(184)) - 7d5bd66d-ed89-401c-bf86-050641c359fd@group-0777CA79DD7E: changes role from CANDIDATE to FOLLOWER at term 34 for DISCOVERED_A_NEW_TERM
2019-10-16 21:00:32,616 [7d5bd66d-ed89-401c-bf86-050641c359fd@group-0777CA79DD7E-LeaderElection86] INFO  impl.RoleInfo (RoleInfo.java:shutdownLeaderElection(134)) - 7d5bd66d-ed89-401c-bf86-050641c359fd: shutdown LeaderElection
2019-10-16 21:00:32,616 [7d5bd66d-ed89-401c-bf86-050641c359fd@group-0777CA79DD7E-LeaderElection86] INFO  impl.RoleInfo (RoleInfo.java:updateAndGet(143)) - 7d5bd66d-ed89-401c-bf86-050641c359fd: start FollowerState
2019-10-16 21:00:32,651 [Thread-1111] INFO  impl.FollowerState (FollowerState.java:run(108)) - 7d5bd66d-ed89-401c-bf86-050641c359fd@group-0777CA79DD7E-FollowerState: change to CANDIDATE, lastRpcTime:35ms, electionTimeout:35ms
2019-10-16 21:00:32,652 [Thread-1111] INFO  impl.RoleInfo (RoleInfo.java:shutdownFollowerState(121)) - 7d5bd66d-ed89-401c-bf86-050641c359fd: shutdown FollowerState
2019-10-16 21:00:32,652 [Thread-1111] INFO  impl.RaftServerImpl (RaftServerImpl.java:setRole(184)) - 7d5bd66d-ed89-401c-bf86-050641c359fd@group-0777CA79DD7E: changes role from  FOLLOWER to CANDIDATE at term 34 for changeToCandidate
2019-10-16 21:00:32,652 [Thread-1111] INFO  impl.RoleInfo (RoleInfo.java:updateAndGet(143)) - 7d5bd66d-ed89-401c-bf86-050641c359fd: start LeaderElection
2019-10-16 21:00:32,667 [7d5bd66d-ed89-401c-bf86-050641c359fd@group-0777CA79DD7E-LeaderElection87] INFO  impl.LeaderElection (LeaderElection.java:askForVotes(178)) - 7d5bd66d-ed89-401c-bf86-050641c359fd@group-0777CA79DD7E-LeaderElection87: begin an election at term 35 for -1: [7d5bd66d-ed89-401c-bf86-050641c359fd:192.168.157.254:45704, e2e26bef-7a80-470b-89dc-752ae9b76223:192.168.157.254:36344, 7e02033f-e7de-4006-80be-ffeab2e3922a:192.168.157.254:33430], old=null
2019-10-16 21:00:32,669 [grpc-default-executor-2] INFO  impl.RaftServerImpl (RaftServerImpl.java:setRole(184)) - e2e26bef-7a80-470b-89dc-752ae9b76223@group-0777CA79DD7E: changes role from  FOLLOWER to FOLLOWER at term 35 for recognizeCandidate:7d5bd66d-ed89-401c-bf86-050641c359fd
2019-10-16 21:00:32,669 [grpc-default-executor-2] INFO  impl.RoleInfo (RoleInfo.java:shutdownFollowerState(121)) - e2e26bef-7a80-470b-89dc-752ae9b76223: shutdown FollowerState
2019-10-16 21:00:32,669 [grpc-default-executor-5] INFO  impl.RaftServerImpl (RaftServerImpl.java:setRole(184)) - 7e02033f-e7de-4006-80be-ffeab2e3922a@group-0777CA79DD7E: changes role from  FOLLOWER to FOLLOWER at term 35 for recognizeCandidate:7d5bd66d-ed89-401c-bf86-050641c359fd
2019-10-16 21:00:32,669 [Thread-1109] INFO  impl.FollowerState (FollowerState.java:run(117)) - e2e26bef-7a80-470b-89dc-752ae9b76223@group-0777CA79DD7E-FollowerState was interrupted: java.lang.InterruptedException: sleep interrupted
2019-10-16 21:00:32,669 [grpc-default-executor-2] INFO  impl.RoleInfo (RoleInfo.java:updateAndGet(143)) - e2e26bef-7a80-470b-89dc-752ae9b76223: start FollowerState
2019-10-16 21:00:32,670 [grpc-default-executor-5] INFO  impl.RoleInfo (RoleInfo.java:shutdownFollowerState(121)) - 7e02033f-e7de-4006-80be-ffeab2e3922a: shutdown FollowerState
2019-10-16 21:00:32,670 [grpc-default-executor-5] INFO  impl.RoleInfo (RoleInfo.java:updateAndGet(143)) - 7e02033f-e7de-4006-80be-ffeab2e3922a: start FollowerState
2019-10-16 21:00:32,670 [Thread-1110] INFO  impl.FollowerState (FollowerState.java:run(117)) - 7e02033f-e7de-4006-80be-ffeab2e3922a@group-0777CA79DD7E-FollowerState was interrupted: java.lang.InterruptedException: sleep interrupted
2019-10-16 21:00:32,684 [7d5bd66d-ed89-401c-bf86-050641c359fd@group-0777CA79DD7E-LeaderElection87] INFO  impl.LeaderElection (LeaderElection.java:logAndReturn(56)) - 7d5bd66d-ed89-401c-bf86-050641c359fd@group-0777CA79DD7E-LeaderElection87: Election REJECTED; received 2 response(s) [7d5bd66d-ed89-401c-bf86-050641c359fd<-e2e26bef-7a80-470b-89dc-752ae9b76223#0:FAIL-t35, 7d5bd66d-ed89-401c-bf86-050641c359fd<-7e02033f-e7de-4006-80be-ffeab2e3922a#0:FAIL-t35] and 0 exception(s); 7d5bd66d-ed89-401c-bf86-050641c359fd@group-0777CA79DD7E:t35, leader=null, voted=7d5bd66d-ed89-401c-bf86-050641c359fd, raftlog=7d5bd66d-ed89-401c-bf86-050641c359fd@group-0777CA79DD7E-SegmentedRaftLog:OPENED:c-1,f-1,i0, conf=-1: [7d5bd66d-ed89-401c-bf86-050641c359fd:192.168.157.254:45704, e2e26bef-7a80-470b-89dc-752ae9b76223:192.168.157.254:36344, 7e02033f-e7de-4006-80be-ffeab2e3922a:192.168.157.254:33430], old=null
2019-10-16 21:00:32,684 [7d5bd66d-ed89-401c-bf86-050641c359fd@group-0777CA79DD7E-LeaderElection87] INFO  impl.RaftServerImpl (RaftServerImpl.java:setRole(184)) - 7d5bd66d-ed89-401c-bf86-050641c359fd@group-0777CA79DD7E: changes role from CANDIDATE to FOLLOWER at term 35 for DISCOVERED_A_NEW_TERM
2019-10-16 21:00:32,685 [7d5bd66d-ed89-401c-bf86-050641c359fd@group-0777CA79DD7E-LeaderElection87] INFO  impl.RoleInfo (RoleInfo.java:shutdownLeaderElection(134)) - 7d5bd66d-ed89-401c-bf86-050641c359fd: shutdown LeaderElection
2019-10-16 21:00:32,685 [7d5bd66d-ed89-401c-bf86-050641c359fd@group-0777CA79DD7E-LeaderElection87] INFO  impl.RoleInfo (RoleInfo.java:updateAndGet(143)) - 7d5bd66d-ed89-401c-bf86-050641c359fd: start FollowerState
2019-10-16 21:00:32,715 [Thread-1105] INFO  impl.FollowerState (FollowerState.java:run(108)) - 7e02033f-e7de-4006-80be-ffeab2e3922a@group-B775CB1CFC79-FollowerState: change to CANDIDATE, lastRpcTime:183ms, electionTimeout:183ms
2019-10-16 21:00:32,715 [Thread-1105] INFO  impl.RoleInfo (RoleInfo.java:shutdownFollowerState(121)) - 7e02033f-e7de-4006-80be-ffeab2e3922a: shutdown FollowerState
2019-10-16 21:00:32,715 [Thread-1105] INFO  impl.RaftServerImpl (RaftServerImpl.java:setRole(184)) - 7e02033f-e7de-4006-80be-ffeab2e3922a@group-B775CB1CFC79: changes role from  FOLLOWER to CANDIDATE at term 51 for changeToCandidate
2019-10-16 21:00:32,715 [Thread-1105] INFO  impl.RoleInfo (RoleInfo.java:updateAndGet(143)) - 7e02033f-e7de-4006-80be-ffeab2e3922a: start LeaderElection
2019-10-16 21:00:32,729 [7e02033f-e7de-4006-80be-ffeab2e3922a@group-B775CB1CFC79-LeaderElection88] INFO  impl.LeaderElection (LeaderElection.java:askForVotes(178)) - 7e02033f-e7de-4006-80be-ffeab2e3922a@group-B775CB1CFC79-LeaderElection88: begin an election at term 52 for 0: [7d5bd66d-ed89-401c-bf86-050641c359fd:192.168.157.254:45704, e2e26bef-7a80-470b-89dc-752ae9b76223:192.168.157.254:36344, 7e02033f-e7de-4006-80be-ffeab2e3922a:192.168.157.254:33430], old=null
2019-10-16 21:00:32,732 [grpc-default-executor-5] INFO  impl.RaftServerImpl (RaftServerImpl.java:setRole(184)) - 7d5bd66d-ed89-401c-bf86-050641c359fd@group-B775CB1CFC79: changes role from  FOLLOWER to FOLLOWER at term 52 for recognizeCandidate:7e02033f-e7de-4006-80be-ffeab2e3922a
2019-10-16 21:00:32,732 [grpc-default-executor-5] INFO  impl.RoleInfo (RoleInfo.java:shutdownFollowerState(121)) - 7d5bd66d-ed89-401c-bf86-050641c359fd: shutdown FollowerState
2019-10-16 21:00:32,732 [grpc-default-executor-5] INFO  impl.RoleInfo (RoleInfo.java:updateAndGet(143)) - 7d5bd66d-ed89-401c-bf86-050641c359fd: start FollowerState
2019-10-16 21:00:32,732 [grpc-default-executor-2] INFO  impl.RaftServerImpl (RaftServerImpl.java:setRole(184)) - e2e26bef-7a80-470b-89dc-752ae9b76223@group-B775CB1CFC79: changes role from  FOLLOWER to FOLLOWER at term 52 for recognizeCandidate:7e02033f-e7de-4006-80be-ffeab2e3922a
2019-10-16 21:00:32,732 [Thread-1100] INFO  impl.FollowerState (FollowerState.java:run(117)) - 7d5bd66d-ed89-401c-bf86-050641c359fd@group-B775CB1CFC79-FollowerState was interrupted: java.lang.InterruptedException: sleep interrupted
2019-10-16 21:00:32,732 [grpc-default-executor-2] INFO  impl.RoleInfo (RoleInfo.java:shutdownFollowerState(121)) - e2e26bef-7a80-470b-89dc-752ae9b76223: shutdown FollowerState
2019-10-16 21:00:32,733 [grpc-default-executor-2] INFO  impl.RoleInfo (RoleInfo.java:updateAndGet(143)) - e2e26bef-7a80-470b-89dc-752ae9b76223: start FollowerState
2019-10-16 21:00:32,733 [Thread-1102] INFO  impl.FollowerState (FollowerState.java:run(117)) - e2e26bef-7a80-470b-89dc-752ae9b76223@group-B775CB1CFC79-FollowerState was interrupted: java.lang.InterruptedException: sleep interrupted
2019-10-16 21:00:32,747 [7e02033f-e7de-4006-80be-ffeab2e3922a@group-B775CB1CFC79-LeaderElection88] INFO  impl.LeaderElection (LeaderElection.java:logAndReturn(56)) - 7e02033f-e7de-4006-80be-ffeab2e3922a@group-B775CB1CFC79-LeaderElection88: Election REJECTED; received 2 response(s) [7e02033f-e7de-4006-80be-ffeab2e3922a<-7d5bd66d-ed89-401c-bf86-050641c359fd#0:FAIL-t52, 7e02033f-e7de-4006-80be-ffeab2e3922a<-e2e26bef-7a80-470b-89dc-752ae9b76223#0:FAIL-t52] and 0 exception(s); 7e02033f-e7de-4006-80be-ffeab2e3922a@group-B775CB1CFC79:t52, leader=null, voted=7e02033f-e7de-4006-80be-ffeab2e3922a, raftlog=7e02033f-e7de-4006-80be-ffeab2e3922a@group-B775CB1CFC79-SegmentedRaftLog:OPENED:c3,f4,i4, conf=0: [7d5bd66d-ed89-401c-bf86-050641c359fd:192.168.157.254:45704, e2e26bef-7a80-470b-89dc-752ae9b76223:192.168.157.254:36344, 7e02033f-e7de-4006-80be-ffeab2e3922a:192.168.157.254:33430], old=null
2019-10-16 21:00:32,747 [7e02033f-e7de-4006-80be-ffeab2e3922a@group-B775CB1CFC79-LeaderElection88] INFO  impl.RaftServerImpl (RaftServerImpl.java:setRole(184)) - 7e02033f-e7de-4006-80be-ffeab2e3922a@group-B775CB1CFC79: changes role from CANDIDATE to FOLLOWER at term 52 for DISCOVERED_A_NEW_TERM
2019-10-16 21:00:32,748 [7e02033f-e7de-4006-80be-ffeab2e3922a@group-B775CB1CFC79-LeaderElection88] INFO  impl.RoleInfo (RoleInfo.java:shutdownLeaderElection(134)) - 7e02033f-e7de-4006-80be-ffeab2e3922a: shutdown LeaderElection
2019-10-16 21:00:32,748 [7e02033f-e7de-4006-80be-ffeab2e3922a@group-B775CB1CFC79-LeaderElection88] INFO  impl.RoleInfo (RoleInfo.java:updateAndGet(143)) - 7e02033f-e7de-4006-80be-ffeab2e3922a: start FollowerState
2019-10-16 21:00:32,769 [Thread-1117] INFO  impl.FollowerState (FollowerState.java:run(108)) - 7d5bd66d-ed89-401c-bf86-050641c359fd@group-0777CA79DD7E-FollowerState: change to CANDIDATE, lastRpcTime:84ms, electionTimeout:84ms
2019-10-16 21:00:32,769 [Thread-1117] INFO  impl.RoleInfo (RoleInfo.java:shutdownFollowerState(121)) - 7d5bd66d-ed89-401c-bf86-050641c359fd: shutdown FollowerState
2019-10-16 21:00:32,769 [Thread-1117] INFO  impl.RaftServerImpl (RaftServerImpl.java:setRole(184)) - 7d5bd66d-ed89-401c-bf86-050641c359fd@group-0777CA79DD7E: changes role from  FOLLOWER to CANDIDATE at term 35 for changeToCandidate
2019-10-16 21:00:32,769 [Thread-1117] INFO  impl.RoleInfo (RoleInfo.java:updateAndGet(143)) - 7d5bd66d-ed89-401c-bf86-050641c359fd: start LeaderElection
2019-10-16 21:00:32,785 [7d5bd66d-ed89-401c-bf86-050641c359fd@group-0777CA79DD7E-LeaderElection89] INFO  impl.LeaderElection (LeaderElection.java:askForVotes(178)) - 7d5bd66d-ed89-401c-bf86-050641c359fd@group-0777CA79DD7E-LeaderElection89: begin an election at term 36 for -1: [7d5bd66d-ed89-401c-bf86-050641c359fd:192.168.157.254:45704, e2e26bef-7a80-470b-89dc-752ae9b76223:192.168.157.254:36344, 7e02033f-e7de-4006-80be-ffeab2e3922a:192.168.157.254:33430], old=null
2019-10-16 21:00:32,787 [grpc-default-executor-5] INFO  impl.RaftServerImpl (RaftServerImpl.java:setRole(184)) - e2e26bef-7a80-470b-89dc-752ae9b76223@group-0777CA79DD7E: changes role from  FOLLOWER to FOLLOWER at term 36 for recognizeCandidate:7d5bd66d-ed89-401c-bf86-050641c359fd
2019-10-16 21:00:32,787 [grpc-default-executor-2] INFO  impl.RaftServerImpl (RaftServerImpl.java:setRole(184)) - 7e02033f-e7de-4006-80be-ffeab2e3922a@group-0777CA79DD7E: changes role from  FOLLOWER to FOLLOWER at term 36 for recognizeCandidate:7d5bd66d-ed89-401c-bf86-050641c359fd
2019-10-16 21:00:32,787 [grpc-default-executor-5] INFO  impl.RoleInfo (RoleInfo.java:shutdownFollowerState(121)) - e2e26bef-7a80-470b-89dc-752ae9b76223: shutdown FollowerState
2019-10-16 21:00:32,787 [grpc-default-executor-2] INFO  impl.RoleInfo (RoleInfo.java:shutdownFollowerState(121)) - 7e02033f-e7de-4006-80be-ffeab2e3922a: shutdown FollowerState
2019-10-16 21:00:32,787 [Thread-1115] INFO  impl.FollowerState (FollowerState.java:run(117)) - e2e26bef-7a80-470b-89dc-752ae9b76223@group-0777CA79DD7E-FollowerState was interrupted: java.lang.InterruptedException: sleep interrupted
2019-10-16 21:00:32,787 [grpc-default-executor-5] INFO  impl.RoleInfo (RoleInfo.java:updateAndGet(143)) - e2e26bef-7a80-470b-89dc-752ae9b76223: start FollowerState
2019-10-16 21:00:32,787 [Thread-1116] INFO  impl.FollowerState (FollowerState.java:run(117)) - 7e02033f-e7de-4006-80be-ffeab2e3922a@group-0777CA79DD7E-FollowerState was interrupted: java.lang.InterruptedException: sleep interrupted
2019-10-16 21:00:32,787 [grpc-default-executor-2] INFO  impl.RoleInfo (RoleInfo.java:updateAndGet(143)) - 7e02033f-e7de-4006-80be-ffeab2e3922a: start FollowerState
2019-10-16 21:00:32,802 [7d5bd66d-ed89-401c-bf86-050641c359fd@group-0777CA79DD7E-LeaderElection89] INFO  impl.LeaderElection (LeaderElection.java:logAndReturn(56)) - 7d5bd66d-ed89-401c-bf86-050641c359fd@group-0777CA79DD7E-LeaderElection89: Election REJECTED; received 2 response(s) [7d5bd66d-ed89-401c-bf86-050641c359fd<-e2e26bef-7a80-470b-89dc-752ae9b76223#0:FAIL-t36, 7d5bd66d-ed89-401c-bf86-050641c359fd<-7e02033f-e7de-4006-80be-ffeab2e3922a#0:FAIL-t36] and 0 exception(s); 7d5bd66d-ed89-401c-bf86-050641c359fd@group-0777CA79DD7E:t36, leader=null, voted=7d5bd66d-ed89-401c-bf86-050641c359fd, raftlog=7d5bd66d-ed89-401c-bf86-050641c359fd@group-0777CA79DD7E-SegmentedRaftLog:OPENED:c-1,f-1,i0, conf=-1: [7d5bd66d-ed89-401c-bf86-050641c359fd:192.168.157.254:45704, e2e26bef-7a80-470b-89dc-752ae9b76223:192.168.157.254:36344, 7e02033f-e7de-4006-80be-ffeab2e3922a:192.168.157.254:33430], old=null
2019-10-16 21:00:32,803 [7d5bd66d-ed89-401c-bf86-050641c359fd@group-0777CA79DD7E-LeaderElection89] INFO  impl.RaftServerImpl (RaftServerImpl.java:setRole(184)) - 7d5bd66d-ed89-401c-bf86-050641c359fd@group-0777CA79DD7E: changes role from CANDIDATE to FOLLOWER at term 36 for DISCOVERED_A_NEW_TERM
2019-10-16 21:00:32,803 [7d5bd66d-ed89-401c-bf86-050641c359fd@group-0777CA79DD7E-LeaderElection89] INFO  impl.RoleInfo (RoleInfo.java:shutdownLeaderElection(134)) - 7d5bd66d-ed89-401c-bf86-050641c359fd: shutdown LeaderElection
2019-10-16 21:00:32,803 [7d5bd66d-ed89-401c-bf86-050641c359fd@group-0777CA79DD7E-LeaderElection89] INFO  impl.RoleInfo (RoleInfo.java:updateAndGet(143)) - 7d5bd66d-ed89-401c-bf86-050641c359fd: start FollowerState
2019-10-16 21:00:32,847 [Thread-1129] INFO  impl.FollowerState (FollowerState.java:run(108)) - 7d5bd66d-ed89-401c-bf86-050641c359fd@group-0777CA79DD7E-FollowerState: change to CANDIDATE, lastRpcTime:44ms, electionTimeout:44ms
2019-10-16 21:00:32,847 [Thread-1129] INFO  impl.RoleInfo (RoleInfo.java:shutdownFollowerState(121)) - 7d5bd66d-ed89-401c-bf86-050641c359fd: shutdown FollowerState
2019-10-16 21:00:32,848 [Thread-1129] INFO  impl.RaftServerImpl (RaftServerImpl.java:setRole(184)) - 7d5bd66d-ed89-401c-bf86-050641c359fd@group-0777CA79DD7E: changes role from  FOLLOWER to CANDIDATE at term 36 for changeToCandidate
2019-10-16 21:00:32,848 [Thread-1129] INFO  impl.RoleInfo (RoleInfo.java:updateAndGet(143)) - 7d5bd66d-ed89-401c-bf86-050641c359fd: start LeaderElection
2019-10-16 21:00:32,861 [7d5bd66d-ed89-401c-bf86-050641c359fd@group-0777CA79DD7E-LeaderElection90] INFO  impl.LeaderElection (LeaderElection.java:askForVotes(178)) - 7d5bd66d-ed89-401c-bf86-050641c359fd@group-0777CA79DD7E-LeaderElection90: begin an election at term 37 for -1: [7d5bd66d-ed89-401c-bf86-050641c359fd:192.168.157.254:45704, e2e26bef-7a80-470b-89dc-752ae9b76223:192.168.157.254:36344, 7e02033f-e7de-4006-80be-ffeab2e3922a:192.168.157.254:33430], old=null
2019-10-16 21:00:32,863 [grpc-default-executor-2] INFO  impl.RaftServerImpl (RaftServerImpl.java:setRole(184)) - e2e26bef-7a80-470b-89dc-752ae9b76223@group-0777CA79DD7E: changes role from  FOLLOWER to FOLLOWER at term 37 for recognizeCandidate:7d5bd66d-ed89-401c-bf86-050641c359fd
2019-10-16 21:00:32,863 [grpc-default-executor-2] INFO  impl.RoleInfo (RoleInfo.java:shutdownFollowerState(121)) - e2e26bef-7a80-470b-89dc-752ae9b76223: shutdown FollowerState
2019-10-16 21:00:32,864 [grpc-default-executor-2] INFO  impl.RoleInfo (RoleInfo.java:updateAndGet(143)) - e2e26bef-7a80-470b-89dc-752ae9b76223: start FollowerState
2019-10-16 21:00:32,864 [grpc-default-executor-5] INFO  impl.RaftServerImpl (RaftServerImpl.java:setRole(184)) - 7e02033f-e7de-4006-80be-ffeab2e3922a@group-0777CA79DD7E: changes role from  FOLLOWER to FOLLOWER at term 37 for recognizeCandidate:7d5bd66d-ed89-401c-bf86-050641c359fd
2019-10-16 21:00:32,864 [Thread-1127] INFO  impl.FollowerState (FollowerState.java:run(117)) - e2e26bef-7a80-470b-89dc-752ae9b76223@group-0777CA79DD7E-FollowerState was interrupted: java.lang.InterruptedException: sleep interrupted
2019-10-16 21:00:32,864 [grpc-default-executor-5] INFO  impl.RoleInfo (RoleInfo.java:shutdownFollowerState(121)) - 7e02033f-e7de-4006-80be-ffeab2e3922a: shutdown FollowerState
2019-10-16 21:00:32,864 [grpc-default-executor-5] INFO  impl.RoleInfo (RoleInfo.java:updateAndGet(143)) - 7e02033f-e7de-4006-80be-ffeab2e3922a: start FollowerState
2019-10-16 21:00:32,864 [Thread-1128] INFO  impl.FollowerState (FollowerState.java:run(117)) - 7e02033f-e7de-4006-80be-ffeab2e3922a@group-0777CA79DD7E-FollowerState was interrupted: java.lang.InterruptedException: sleep interrupted
2019-10-16 21:00:32,882 [7d5bd66d-ed89-401c-bf86-050641c359fd@group-0777CA79DD7E-LeaderElection90] INFO  impl.LeaderElection (LeaderElection.java:logAndReturn(56)) - 7d5bd66d-ed89-401c-bf86-050641c359fd@group-0777CA79DD7E-LeaderElection90: Election REJECTED; received 2 response(s) [7d5bd66d-ed89-401c-bf86-050641c359fd<-e2e26bef-7a80-470b-89dc-752ae9b76223#0:FAIL-t37, 7d5bd66d-ed89-401c-bf86-050641c359fd<-7e02033f-e7de-4006-80be-ffeab2e3922a#0:FAIL-t37] and 0 exception(s); 7d5bd66d-ed89-401c-bf86-050641c359fd@group-0777CA79DD7E:t37, leader=null, voted=7d5bd66d-ed89-401c-bf86-050641c359fd, raftlog=7d5bd66d-ed89-401c-bf86-050641c359fd@group-0777CA79DD7E-SegmentedRaftLog:OPENED:c-1,f-1,i0, conf=-1: [7d5bd66d-ed89-401c-bf86-050641c359fd:192.168.157.254:45704, e2e26bef-7a80-470b-89dc-752ae9b76223:192.168.157.254:36344, 7e02033f-e7de-4006-80be-ffeab2e3922a:192.168.157.254:33430], old=null
2019-10-16 21:00:32,883 [7d5bd66d-ed89-401c-bf86-050641c359fd@group-0777CA79DD7E-LeaderElection90] INFO  impl.RaftServerImpl (RaftServerImpl.java:setRole(184)) - 7d5bd66d-ed89-401c-bf86-050641c359fd@group-0777CA79DD7E: changes role from CANDIDATE to FOLLOWER at term 37 for DISCOVERED_A_NEW_TERM
2019-10-16 21:00:32,883 [7d5bd66d-ed89-401c-bf86-050641c359fd@group-0777CA79DD7E-LeaderElection90] INFO  impl.RoleInfo (RoleInfo.java:shutdownLeaderElection(134)) - 7d5bd66d-ed89-401c-bf86-050641c359fd: shutdown LeaderElection
2019-10-16 21:00:32,883 [7d5bd66d-ed89-401c-bf86-050641c359fd@group-0777CA79DD7E-LeaderElection90] INFO  impl.RoleInfo (RoleInfo.java:updateAndGet(143)) - 7d5bd66d-ed89-401c-bf86-050641c359fd: start FollowerState
2019-10-16 21:00:32,893 [BlockDeletingService#2] WARN  background.BlockDeletingService (BlockDeletingService.java:isDeletionAllowed(187)) - Close Container log Index 6 is not replicated across allthe servers in the pipeline 4fea0e3a-b978-493d-b2ed-b775cb1cfc79 as the min replicated index is 4. Deletion is not allowed in this container yet.
2019-10-16 21:00:32,893 [BlockDeletingService#2] WARN  background.BlockDeletingService (BlockDeletingService.java:isDeletionAllowed(187)) - Close Container log Index 6 is not replicated across allthe servers in the pipeline 4fea0e3a-b978-493d-b2ed-b775cb1cfc79 as the min replicated index is 4. Deletion is not allowed in this container yet.
2019-10-16 21:00:32,925 [Thread-1123] INFO  impl.FollowerState (FollowerState.java:run(108)) - 7e02033f-e7de-4006-80be-ffeab2e3922a@group-B775CB1CFC79-FollowerState: change to CANDIDATE, lastRpcTime:177ms, electionTimeout:177ms
2019-10-16 21:00:32,925 [Thread-1123] INFO  impl.RoleInfo (RoleInfo.java:shutdownFollowerState(121)) - 7e02033f-e7de-4006-80be-ffeab2e3922a: shutdown FollowerState
2019-10-16 21:00:32,925 [Thread-1123] INFO  impl.RaftServerImpl (RaftServerImpl.java:setRole(184)) - 7e02033f-e7de-4006-80be-ffeab2e3922a@group-B775CB1CFC79: changes role from  FOLLOWER to CANDIDATE at term 52 for changeToCandidate
2019-10-16 21:00:32,925 [Thread-1123] INFO  impl.RoleInfo (RoleInfo.java:updateAndGet(143)) - 7e02033f-e7de-4006-80be-ffeab2e3922a: start LeaderElection
2019-10-16 21:00:32,964 [7e02033f-e7de-4006-80be-ffeab2e3922a@group-B775CB1CFC79-LeaderElection91] INFO  impl.LeaderElection (LeaderElection.java:askForVotes(178)) - 7e02033f-e7de-4006-80be-ffeab2e3922a@group-B775CB1CFC79-LeaderElection91: begin an election at term 53 for 0: [7d5bd66d-ed89-401c-bf86-050641c359fd:192.168.157.254:45704, e2e26bef-7a80-470b-89dc-752ae9b76223:192.168.157.254:36344, 7e02033f-e7de-4006-80be-ffeab2e3922a:192.168.157.254:33430], old=null
2019-10-16 21:00:32,966 [grpc-default-executor-2] INFO  impl.RaftServerImpl (RaftServerImpl.java:setRole(184)) - e2e26bef-7a80-470b-89dc-752ae9b76223@group-B775CB1CFC79: changes role from  FOLLOWER to FOLLOWER at term 53 for recognizeCandidate:7e02033f-e7de-4006-80be-ffeab2e3922a
2019-10-16 21:00:32,966 [grpc-default-executor-2] INFO  impl.RoleInfo (RoleInfo.java:shutdownFollowerState(121)) - e2e26bef-7a80-470b-89dc-752ae9b76223: shutdown FollowerState
2019-10-16 21:00:32,967 [grpc-default-executor-2] INFO  impl.RoleInfo (RoleInfo.java:updateAndGet(143)) - e2e26bef-7a80-470b-89dc-752ae9b76223: start FollowerState
2019-10-16 21:00:32,967 [grpc-default-executor-5] INFO  impl.RaftServerImpl (RaftServerImpl.java:setRole(184)) - 7d5bd66d-ed89-401c-bf86-050641c359fd@group-B775CB1CFC79: changes role from  FOLLOWER to FOLLOWER at term 53 for recognizeCandidate:7e02033f-e7de-4006-80be-ffeab2e3922a
2019-10-16 21:00:32,967 [grpc-default-executor-5] INFO  impl.RoleInfo (RoleInfo.java:shutdownFollowerState(121)) - 7d5bd66d-ed89-401c-bf86-050641c359fd: shutdown FollowerState
2019-10-16 21:00:32,967 [Thread-1122] INFO  impl.FollowerState (FollowerState.java:run(117)) - e2e26bef-7a80-470b-89dc-752ae9b76223@group-B775CB1CFC79-FollowerState was interrupted: java.lang.InterruptedException: sleep interrupted
2019-10-16 21:00:32,967 [Thread-1121] INFO  impl.FollowerState (FollowerState.java:run(117)) - 7d5bd66d-ed89-401c-bf86-050641c359fd@group-B775CB1CFC79-FollowerState was interrupted: java.lang.InterruptedException: sleep interrupted
2019-10-16 21:00:32,967 [grpc-default-executor-5] INFO  impl.RoleInfo (RoleInfo.java:updateAndGet(143)) - 7d5bd66d-ed89-401c-bf86-050641c359fd: start FollowerState
2019-10-16 21:00:32,981 [7e02033f-e7de-4006-80be-ffeab2e3922a@group-B775CB1CFC79-LeaderElection91] INFO  impl.LeaderElection (LeaderElection.java:logAndReturn(56)) - 7e02033f-e7de-4006-80be-ffeab2e3922a@group-B775CB1CFC79-LeaderElection91: Election REJECTED; received 2 response(s) [7e02033f-e7de-4006-80be-ffeab2e3922a<-7d5bd66d-ed89-401c-bf86-050641c359fd#0:FAIL-t53, 7e02033f-e7de-4006-80be-ffeab2e3922a<-e2e26bef-7a80-470b-89dc-752ae9b76223#0:FAIL-t53] and 0 exception(s); 7e02033f-e7de-4006-80be-ffeab2e3922a@group-B775CB1CFC79:t53, leader=null, voted=7e02033f-e7de-4006-80be-ffeab2e3922a, raftlog=7e02033f-e7de-4006-80be-ffeab2e3922a@group-B775CB1CFC79-SegmentedRaftLog:OPENED:c3,f4,i4, conf=0: [7d5bd66d-ed89-401c-bf86-050641c359fd:192.168.157.254:45704, e2e26bef-7a80-470b-89dc-752ae9b76223:192.168.157.254:36344, 7e02033f-e7de-4006-80be-ffeab2e3922a:192.168.157.254:33430], old=null
2019-10-16 21:00:32,981 [7e02033f-e7de-4006-80be-ffeab2e3922a@group-B775CB1CFC79-LeaderElection91] INFO  impl.RaftServerImpl (RaftServerImpl.java:setRole(184)) - 7e02033f-e7de-4006-80be-ffeab2e3922a@group-B775CB1CFC79: changes role from CANDIDATE to FOLLOWER at term 53 for DISCOVERED_A_NEW_TERM
2019-10-16 21:00:32,981 [Thread-1135] INFO  impl.FollowerState (FollowerState.java:run(108)) - 7d5bd66d-ed89-401c-bf86-050641c359fd@group-0777CA79DD7E-FollowerState: change to CANDIDATE, lastRpcTime:98ms, electionTimeout:98ms
2019-10-16 21:00:32,982 [7e02033f-e7de-4006-80be-ffeab2e3922a@group-B775CB1CFC79-LeaderElection91] INFO  impl.RoleInfo (RoleInfo.java:shutdownLeaderElection(134)) - 7e02033f-e7de-4006-80be-ffeab2e3922a: shutdown LeaderElection
2019-10-16 21:00:32,982 [Thread-1135] INFO  impl.RoleInfo (RoleInfo.java:shutdownFollowerState(121)) - 7d5bd66d-ed89-401c-bf86-050641c359fd: shutdown FollowerState
2019-10-16 21:00:32,982 [7e02033f-e7de-4006-80be-ffeab2e3922a@group-B775CB1CFC79-LeaderElection91] INFO  impl.RoleInfo (RoleInfo.java:updateAndGet(143)) - 7e02033f-e7de-4006-80be-ffeab2e3922a: start FollowerState
2019-10-16 21:00:32,982 [Thread-1135] INFO  impl.RaftServerImpl (RaftServerImpl.java:setRole(184)) - 7d5bd66d-ed89-401c-bf86-050641c359fd@group-0777CA79DD7E: changes role from  FOLLOWER to CANDIDATE at term 37 for changeToCandidate
2019-10-16 21:00:32,982 [Thread-1135] INFO  impl.RoleInfo (RoleInfo.java:updateAndGet(143)) - 7d5bd66d-ed89-401c-bf86-050641c359fd: start LeaderElection
2019-10-16 21:00:32,996 [7d5bd66d-ed89-401c-bf86-050641c359fd@group-0777CA79DD7E-LeaderElection92] INFO  impl.LeaderElection (LeaderElection.java:askForVotes(178)) - 7d5bd66d-ed89-401c-bf86-050641c359fd@group-0777CA79DD7E-LeaderElection92: begin an election at term 38 for -1: [7d5bd66d-ed89-401c-bf86-050641c359fd:192.168.157.254:45704, e2e26bef-7a80-470b-89dc-752ae9b76223:192.168.157.254:36344, 7e02033f-e7de-4006-80be-ffeab2e3922a:192.168.157.254:33430], old=null
2019-10-16 21:00:32,998 [grpc-default-executor-5] INFO  impl.RaftServerImpl (RaftServerImpl.java:setRole(184)) - e2e26bef-7a80-470b-89dc-752ae9b76223@group-0777CA79DD7E: changes role from  FOLLOWER to FOLLOWER at term 38 for recognizeCandidate:7d5bd66d-ed89-401c-bf86-050641c359fd
2019-10-16 21:00:32,998 [grpc-default-executor-2] INFO  impl.RaftServerImpl (RaftServerImpl.java:setRole(184)) - 7e02033f-e7de-4006-80be-ffeab2e3922a@group-0777CA79DD7E: changes role from  FOLLOWER to FOLLOWER at term 38 for recognizeCandidate:7d5bd66d-ed89-401c-bf86-050641c359fd
2019-10-16 21:00:32,998 [grpc-default-executor-5] INFO  impl.RoleInfo (RoleInfo.java:shutdownFollowerState(121)) - e2e26bef-7a80-470b-89dc-752ae9b76223: shutdown FollowerState
2019-10-16 21:00:32,998 [grpc-default-executor-2] INFO  impl.RoleInfo (RoleInfo.java:shutdownFollowerState(121)) - 7e02033f-e7de-4006-80be-ffeab2e3922a: shutdown FollowerState
2019-10-16 21:00:32,998 [grpc-default-executor-5] INFO  impl.RoleInfo (RoleInfo.java:updateAndGet(143)) - e2e26bef-7a80-470b-89dc-752ae9b76223: start FollowerState
2019-10-16 21:00:32,999 [Thread-1133] INFO  impl.FollowerState (FollowerState.java:run(117)) - e2e26bef-7a80-470b-89dc-752ae9b76223@group-0777CA79DD7E-FollowerState was interrupted: java.lang.InterruptedException: sleep interrupted
2019-10-16 21:00:32,999 [Thread-1134] INFO  impl.FollowerState (FollowerState.java:run(117)) - 7e02033f-e7de-4006-80be-ffeab2e3922a@group-0777CA79DD7E-FollowerState was interrupted: java.lang.InterruptedException: sleep interrupted
2019-10-16 21:00:32,999 [grpc-default-executor-2] INFO  impl.RoleInfo (RoleInfo.java:updateAndGet(143)) - 7e02033f-e7de-4006-80be-ffeab2e3922a: start FollowerState
2019-10-16 21:00:33,013 [7d5bd66d-ed89-401c-bf86-050641c359fd@group-0777CA79DD7E-LeaderElection92] INFO  impl.LeaderElection (LeaderElection.java:logAndReturn(56)) - 7d5bd66d-ed89-401c-bf86-050641c359fd@group-0777CA79DD7E-LeaderElection92: Election REJECTED; received 2 response(s) [7d5bd66d-ed89-401c-bf86-050641c359fd<-e2e26bef-7a80-470b-89dc-752ae9b76223#0:FAIL-t38, 7d5bd66d-ed89-401c-bf86-050641c359fd<-7e02033f-e7de-4006-80be-ffeab2e3922a#0:FAIL-t38] and 0 exception(s); 7d5bd66d-ed89-401c-bf86-050641c359fd@group-0777CA79DD7E:t38, leader=null, voted=7d5bd66d-ed89-401c-bf86-050641c359fd, raftlog=7d5bd66d-ed89-401c-bf86-050641c359fd@group-0777CA79DD7E-SegmentedRaftLog:OPENED:c-1,f-1,i0, conf=-1: [7d5bd66d-ed89-401c-bf86-050641c359fd:192.168.157.254:45704, e2e26bef-7a80-470b-89dc-752ae9b76223:192.168.157.254:36344, 7e02033f-e7de-4006-80be-ffeab2e3922a:192.168.157.254:33430], old=null
2019-10-16 21:00:33,014 [7d5bd66d-ed89-401c-bf86-050641c359fd@group-0777CA79DD7E-LeaderElection92] INFO  impl.RaftServerImpl (RaftServerImpl.java:setRole(184)) - 7d5bd66d-ed89-401c-bf86-050641c359fd@group-0777CA79DD7E: changes role from CANDIDATE to FOLLOWER at term 38 for DISCOVERED_A_NEW_TERM
2019-10-16 21:00:33,014 [7d5bd66d-ed89-401c-bf86-050641c359fd@group-0777CA79DD7E-LeaderElection92] INFO  impl.RoleInfo (RoleInfo.java:shutdownLeaderElection(134)) - 7d5bd66d-ed89-401c-bf86-050641c359fd: shutdown LeaderElection
2019-10-16 21:00:33,014 [7d5bd66d-ed89-401c-bf86-050641c359fd@group-0777CA79DD7E-LeaderElection92] INFO  impl.RoleInfo (RoleInfo.java:updateAndGet(143)) - 7d5bd66d-ed89-401c-bf86-050641c359fd: start FollowerState
2019-10-16 21:00:33,082 [Thread-1149] INFO  impl.FollowerState (FollowerState.java:run(108)) - 7d5bd66d-ed89-401c-bf86-050641c359fd@group-0777CA79DD7E-FollowerState: change to CANDIDATE, lastRpcTime:67ms, electionTimeout:67ms
2019-10-16 21:00:33,083 [Thread-1149] INFO  impl.RoleInfo (RoleInfo.java:shutdownFollowerState(121)) - 7d5bd66d-ed89-401c-bf86-050641c359fd: shutdown FollowerState
2019-10-16 21:00:33,086 [Thread-1149] INFO  impl.RaftServerImpl (RaftServerImpl.java:setRole(184)) - 7d5bd66d-ed89-401c-bf86-050641c359fd@group-0777CA79DD7E: changes role from  FOLLOWER to CANDIDATE at term 38 for changeToCandidate
2019-10-16 21:00:33,086 [Thread-1149] INFO  impl.RoleInfo (RoleInfo.java:updateAndGet(143)) - 7d5bd66d-ed89-401c-bf86-050641c359fd: start LeaderElection
2019-10-16 21:00:33,100 [7d5bd66d-ed89-401c-bf86-050641c359fd@group-0777CA79DD7E-LeaderElection93] INFO  impl.LeaderElection (LeaderElection.java:askForVotes(178)) - 7d5bd66d-ed89-401c-bf86-050641c359fd@group-0777CA79DD7E-LeaderElection93: begin an election at term 39 for -1: [7d5bd66d-ed89-401c-bf86-050641c359fd:192.168.157.254:45704, e2e26bef-7a80-470b-89dc-752ae9b76223:192.168.157.254:36344, 7e02033f-e7de-4006-80be-ffeab2e3922a:192.168.157.254:33430], old=null
2019-10-16 21:00:33,102 [grpc-default-executor-5] INFO  impl.RaftServerImpl (RaftServerImpl.java:setRole(184)) - e2e26bef-7a80-470b-89dc-752ae9b76223@group-0777CA79DD7E: changes role from  FOLLOWER to FOLLOWER at term 39 for recognizeCandidate:7d5bd66d-ed89-401c-bf86-050641c359fd
2019-10-16 21:00:33,102 [grpc-default-executor-5] INFO  impl.RoleInfo (RoleInfo.java:shutdownFollowerState(121)) - e2e26bef-7a80-470b-89dc-752ae9b76223: shutdown FollowerState
2019-10-16 21:00:33,102 [grpc-default-executor-5] INFO  impl.RoleInfo (RoleInfo.java:updateAndGet(143)) - e2e26bef-7a80-470b-89dc-752ae9b76223: start FollowerState
2019-10-16 21:00:33,102 [Thread-1147] INFO  impl.FollowerState (FollowerState.java:run(117)) - e2e26bef-7a80-470b-89dc-752ae9b76223@group-0777CA79DD7E-FollowerState was interrupted: java.lang.InterruptedException: sleep interrupted
2019-10-16 21:00:33,104 [grpc-default-executor-2] INFO  impl.RaftServerImpl (RaftServerImpl.java:setRole(184)) - 7e02033f-e7de-4006-80be-ffeab2e3922a@group-0777CA79DD7E: changes role from  FOLLOWER to FOLLOWER at term 39 for recognizeCandidate:7d5bd66d-ed89-401c-bf86-050641c359fd
2019-10-16 21:00:33,104 [grpc-default-executor-2] INFO  impl.RoleInfo (RoleInfo.java:shutdownFollowerState(121)) - 7e02033f-e7de-4006-80be-ffeab2e3922a: shutdown FollowerState
2019-10-16 21:00:33,104 [grpc-default-executor-2] INFO  impl.RoleInfo (RoleInfo.java:updateAndGet(143)) - 7e02033f-e7de-4006-80be-ffeab2e3922a: start FollowerState
2019-10-16 21:00:33,104 [Thread-1148] INFO  impl.FollowerState (FollowerState.java:run(117)) - 7e02033f-e7de-4006-80be-ffeab2e3922a@group-0777CA79DD7E-FollowerState was interrupted: java.lang.InterruptedException: sleep interrupted
2019-10-16 21:00:33,120 [7d5bd66d-ed89-401c-bf86-050641c359fd@group-0777CA79DD7E-LeaderElection93] INFO  impl.LeaderElection (LeaderElection.java:logAndReturn(56)) - 7d5bd66d-ed89-401c-bf86-050641c359fd@group-0777CA79DD7E-LeaderElection93: Election REJECTED; received 2 response(s) [7d5bd66d-ed89-401c-bf86-050641c359fd<-e2e26bef-7a80-470b-89dc-752ae9b76223#0:FAIL-t39, 7d5bd66d-ed89-401c-bf86-050641c359fd<-7e02033f-e7de-4006-80be-ffeab2e3922a#0:FAIL-t39] and 0 exception(s); 7d5bd66d-ed89-401c-bf86-050641c359fd@group-0777CA79DD7E:t39, leader=null, voted=7d5bd66d-ed89-401c-bf86-050641c359fd, raftlog=7d5bd66d-ed89-401c-bf86-050641c359fd@group-0777CA79DD7E-SegmentedRaftLog:OPENED:c-1,f-1,i0, conf=-1: [7d5bd66d-ed89-401c-bf86-050641c359fd:192.168.157.254:45704, e2e26bef-7a80-470b-89dc-752ae9b76223:192.168.157.254:36344, 7e02033f-e7de-4006-80be-ffeab2e3922a:192.168.157.254:33430], old=null
2019-10-16 21:00:33,120 [7d5bd66d-ed89-401c-bf86-050641c359fd@group-0777CA79DD7E-LeaderElection93] INFO  impl.RaftServerImpl (RaftServerImpl.java:setRole(184)) - 7d5bd66d-ed89-401c-bf86-050641c359fd@group-0777CA79DD7E: changes role from CANDIDATE to FOLLOWER at term 39 for DISCOVERED_A_NEW_TERM
2019-10-16 21:00:33,120 [7d5bd66d-ed89-401c-bf86-050641c359fd@group-0777CA79DD7E-LeaderElection93] INFO  impl.RoleInfo (RoleInfo.java:shutdownLeaderElection(134)) - 7d5bd66d-ed89-401c-bf86-050641c359fd: shutdown LeaderElection
2019-10-16 21:00:33,120 [7d5bd66d-ed89-401c-bf86-050641c359fd@group-0777CA79DD7E-LeaderElection93] INFO  impl.RoleInfo (RoleInfo.java:updateAndGet(143)) - 7d5bd66d-ed89-401c-bf86-050641c359fd: start FollowerState
2019-10-16 21:00:33,168 [Thread-1143] INFO  impl.FollowerState (FollowerState.java:run(108)) - 7e02033f-e7de-4006-80be-ffeab2e3922a@group-B775CB1CFC79-FollowerState: change to CANDIDATE, lastRpcTime:186ms, electionTimeout:186ms
2019-10-16 21:00:33,169 [Thread-1143] INFO  impl.RoleInfo (RoleInfo.java:shutdownFollowerState(121)) - 7e02033f-e7de-4006-80be-ffeab2e3922a: shutdown FollowerState
2019-10-16 21:00:33,169 [Thread-1143] INFO  impl.RaftServerImpl (RaftServerImpl.java:setRole(184)) - 7e02033f-e7de-4006-80be-ffeab2e3922a@group-B775CB1CFC79: changes role from  FOLLOWER to CANDIDATE at term 53 for changeToCandidate
2019-10-16 21:00:33,169 [Thread-1143] INFO  impl.RoleInfo (RoleInfo.java:updateAndGet(143)) - 7e02033f-e7de-4006-80be-ffeab2e3922a: start LeaderElection
2019-10-16 21:00:33,176 [Thread-1156] INFO  impl.FollowerState (FollowerState.java:run(108)) - 7d5bd66d-ed89-401c-bf86-050641c359fd@group-0777CA79DD7E-FollowerState: change to CANDIDATE, lastRpcTime:56ms, electionTimeout:56ms
2019-10-16 21:00:33,177 [Thread-1156] INFO  impl.RoleInfo (RoleInfo.java:shutdownFollowerState(121)) - 7d5bd66d-ed89-401c-bf86-050641c359fd: shutdown FollowerState
2019-10-16 21:00:33,177 [Thread-1156] INFO  impl.RaftServerImpl (RaftServerImpl.java:setRole(184)) - 7d5bd66d-ed89-401c-bf86-050641c359fd@group-0777CA79DD7E: changes role from  FOLLOWER to CANDIDATE at term 39 for changeToCandidate
2019-10-16 21:00:33,177 [Thread-1156] INFO  impl.RoleInfo (RoleInfo.java:updateAndGet(143)) - 7d5bd66d-ed89-401c-bf86-050641c359fd: start LeaderElection
2019-10-16 21:00:33,184 [7e02033f-e7de-4006-80be-ffeab2e3922a@group-B775CB1CFC79-LeaderElection94] INFO  impl.LeaderElection (LeaderElection.java:askForVotes(178)) - 7e02033f-e7de-4006-80be-ffeab2e3922a@group-B775CB1CFC79-LeaderElection94: begin an election at term 54 for 0: [7d5bd66d-ed89-401c-bf86-050641c359fd:192.168.157.254:45704, e2e26bef-7a80-470b-89dc-752ae9b76223:192.168.157.254:36344, 7e02033f-e7de-4006-80be-ffeab2e3922a:192.168.157.254:33430], old=null
2019-10-16 21:00:33,184 [7d5bd66d-ed89-401c-bf86-050641c359fd@group-0777CA79DD7E-LeaderElection95] INFO  impl.LeaderElection (LeaderElection.java:askForVotes(178)) - 7d5bd66d-ed89-401c-bf86-050641c359fd@group-0777CA79DD7E-LeaderElection95: begin an election at term 40 for -1: [7d5bd66d-ed89-401c-bf86-050641c359fd:192.168.157.254:45704, e2e26bef-7a80-470b-89dc-752ae9b76223:192.168.157.254:36344, 7e02033f-e7de-4006-80be-ffeab2e3922a:192.168.157.254:33430], old=null
2019-10-16 21:00:33,186 [grpc-default-executor-5] INFO  impl.RaftServerImpl (RaftServerImpl.java:setRole(184)) - 7d5bd66d-ed89-401c-bf86-050641c359fd@group-B775CB1CFC79: changes role from  FOLLOWER to FOLLOWER at term 54 for recognizeCandidate:7e02033f-e7de-4006-80be-ffeab2e3922a
2019-10-16 21:00:33,186 [grpc-default-executor-4] INFO  impl.RaftServerImpl (RaftServerImpl.java:setRole(184)) - e2e26bef-7a80-470b-89dc-752ae9b76223@group-0777CA79DD7E: changes role from  FOLLOWER to FOLLOWER at term 40 for recognizeCandidate:7d5bd66d-ed89-401c-bf86-050641c359fd
2019-10-16 21:00:33,187 [grpc-default-executor-4] INFO  impl.RoleInfo (RoleInfo.java:shutdownFollowerState(121)) - e2e26bef-7a80-470b-89dc-752ae9b76223: shutdown FollowerState
2019-10-16 21:00:33,186 [grpc-default-executor-2] INFO  impl.RaftServerImpl (RaftServerImpl.java:setRole(184)) - 7e02033f-e7de-4006-80be-ffeab2e3922a@group-0777CA79DD7E: changes role from  FOLLOWER to FOLLOWER at term 40 for recognizeCandidate:7d5bd66d-ed89-401c-bf86-050641c359fd
2019-10-16 21:00:33,187 [grpc-default-executor-2] INFO  impl.RoleInfo (RoleInfo.java:shutdownFollowerState(121)) - 7e02033f-e7de-4006-80be-ffeab2e3922a: shutdown FollowerState
2019-10-16 21:00:33,187 [Thread-1154] INFO  impl.FollowerState (FollowerState.java:run(117)) - e2e26bef-7a80-470b-89dc-752ae9b76223@group-0777CA79DD7E-FollowerState was interrupted: java.lang.InterruptedException: sleep interrupted
2019-10-16 21:00:33,187 [grpc-default-executor-4] INFO  impl.RoleInfo (RoleInfo.java:updateAndGet(143)) - e2e26bef-7a80-470b-89dc-752ae9b76223: start FollowerState
2019-10-16 21:00:33,187 [grpc-default-executor-0] INFO  impl.RaftServerImpl (RaftServerImpl.java:setRole(184)) - e2e26bef-7a80-470b-89dc-752ae9b76223@group-B775CB1CFC79: changes role from  FOLLOWER to FOLLOWER at term 54 for recognizeCandidate:7e02033f-e7de-4006-80be-ffeab2e3922a
2019-10-16 21:00:33,188 [grpc-default-executor-0] INFO  impl.RoleInfo (RoleInfo.java:shutdownFollowerState(121)) - e2e26bef-7a80-470b-89dc-752ae9b76223: shutdown FollowerState
2019-10-16 21:00:33,187 [grpc-default-executor-5] INFO  impl.RoleInfo (RoleInfo.java:shutdownFollowerState(121)) - 7d5bd66d-ed89-401c-bf86-050641c359fd: shutdown FollowerState
2019-10-16 21:00:33,188 [Thread-1141] INFO  impl.FollowerState (FollowerState.java:run(117)) - e2e26bef-7a80-470b-89dc-752ae9b76223@group-B775CB1CFC79-FollowerState was interrupted: java.lang.InterruptedException: sleep interrupted
2019-10-16 21:00:33,188 [grpc-default-executor-0] INFO  impl.RoleInfo (RoleInfo.java:updateAndGet(143)) - e2e26bef-7a80-470b-89dc-752ae9b76223: start FollowerState
2019-10-16 21:00:33,187 [Thread-1155] INFO  impl.FollowerState (FollowerState.java:run(117)) - 7e02033f-e7de-4006-80be-ffeab2e3922a@group-0777CA79DD7E-FollowerState was interrupted: java.lang.InterruptedException: sleep interrupted
2019-10-16 21:00:33,187 [grpc-default-executor-2] INFO  impl.RoleInfo (RoleInfo.java:updateAndGet(143)) - 7e02033f-e7de-4006-80be-ffeab2e3922a: start FollowerState
2019-10-16 21:00:33,188 [Thread-1142] INFO  impl.FollowerState (FollowerState.java:run(117)) - 7d5bd66d-ed89-401c-bf86-050641c359fd@group-B775CB1CFC79-FollowerState was interrupted: java.lang.InterruptedException: sleep interrupted
2019-10-16 21:00:33,188 [grpc-default-executor-5] INFO  impl.RoleInfo (RoleInfo.java:updateAndGet(143)) - 7d5bd66d-ed89-401c-bf86-050641c359fd: start FollowerState
2019-10-16 21:00:33,202 [7e02033f-e7de-4006-80be-ffeab2e3922a@group-B775CB1CFC79-LeaderElection94] INFO  impl.LeaderElection (LeaderElection.java:logAndReturn(56)) - 7e02033f-e7de-4006-80be-ffeab2e3922a@group-B775CB1CFC79-LeaderElection94: Election REJECTED; received 2 response(s) [7e02033f-e7de-4006-80be-ffeab2e3922a<-7d5bd66d-ed89-401c-bf86-050641c359fd#0:FAIL-t54, 7e02033f-e7de-4006-80be-ffeab2e3922a<-e2e26bef-7a80-470b-89dc-752ae9b76223#0:FAIL-t54] and 0 exception(s); 7e02033f-e7de-4006-80be-ffeab2e3922a@group-B775CB1CFC79:t54, leader=null, voted=7e02033f-e7de-4006-80be-ffeab2e3922a, raftlog=7e02033f-e7de-4006-80be-ffeab2e3922a@group-B775CB1CFC79-SegmentedRaftLog:OPENED:c3,f4,i4, conf=0: [7d5bd66d-ed89-401c-bf86-050641c359fd:192.168.157.254:45704, e2e26bef-7a80-470b-89dc-752ae9b76223:192.168.157.254:36344, 7e02033f-e7de-4006-80be-ffeab2e3922a:192.168.157.254:33430], old=null
2019-10-16 21:00:33,202 [7e02033f-e7de-4006-80be-ffeab2e3922a@group-B775CB1CFC79-LeaderElection94] INFO  impl.RaftServerImpl (RaftServerImpl.java:setRole(184)) - 7e02033f-e7de-4006-80be-ffeab2e3922a@group-B775CB1CFC79: changes role from CANDIDATE to FOLLOWER at term 54 for DISCOVERED_A_NEW_TERM
2019-10-16 21:00:33,202 [7e02033f-e7de-4006-80be-ffeab2e3922a@group-B775CB1CFC79-LeaderElection94] INFO  impl.RoleInfo (RoleInfo.java:shutdownLeaderElection(134)) - 7e02033f-e7de-4006-80be-ffeab2e3922a: shutdown LeaderElection
2019-10-16 21:00:33,202 [7e02033f-e7de-4006-80be-ffeab2e3922a@group-B775CB1CFC79-LeaderElection94] INFO  impl.RoleInfo (RoleInfo.java:updateAndGet(143)) - 7e02033f-e7de-4006-80be-ffeab2e3922a: start FollowerState
2019-10-16 21:00:33,202 [7d5bd66d-ed89-401c-bf86-050641c359fd@group-0777CA79DD7E-LeaderElection95] INFO  impl.LeaderElection (LeaderElection.java:logAndReturn(56)) - 7d5bd66d-ed89-401c-bf86-050641c359fd@group-0777CA79DD7E-LeaderElection95: Election REJECTED; received 2 response(s) [7d5bd66d-ed89-401c-bf86-050641c359fd<-e2e26bef-7a80-470b-89dc-752ae9b76223#0:FAIL-t40, 7d5bd66d-ed89-401c-bf86-050641c359fd<-7e02033f-e7de-4006-80be-ffeab2e3922a#0:FAIL-t40] and 0 exception(s); 7d5bd66d-ed89-401c-bf86-050641c359fd@group-0777CA79DD7E:t40, leader=null, voted=7d5bd66d-ed89-401c-bf86-050641c359fd, raftlog=7d5bd66d-ed89-401c-bf86-050641c359fd@group-0777CA79DD7E-SegmentedRaftLog:OPENED:c-1,f-1,i0, conf=-1: [7d5bd66d-ed89-401c-bf86-050641c359fd:192.168.157.254:45704, e2e26bef-7a80-470b-89dc-752ae9b76223:192.168.157.254:36344, 7e02033f-e7de-4006-80be-ffeab2e3922a:192.168.157.254:33430], old=null
2019-10-16 21:00:33,202 [7d5bd66d-ed89-401c-bf86-050641c359fd@group-0777CA79DD7E-LeaderElection95] INFO  impl.RaftServerImpl (RaftServerImpl.java:setRole(184)) - 7d5bd66d-ed89-401c-bf86-050641c359fd@group-0777CA79DD7E: changes role from CANDIDATE to FOLLOWER at term 40 for DISCOVERED_A_NEW_TERM
2019-10-16 21:00:33,203 [7d5bd66d-ed89-401c-bf86-050641c359fd@group-0777CA79DD7E-LeaderElection95] INFO  impl.RoleInfo (RoleInfo.java:shutdownLeaderElection(134)) - 7d5bd66d-ed89-401c-bf86-050641c359fd: shutdown LeaderElection
2019-10-16 21:00:33,203 [7d5bd66d-ed89-401c-bf86-050641c359fd@group-0777CA79DD7E-LeaderElection95] INFO  impl.RoleInfo (RoleInfo.java:updateAndGet(143)) - 7d5bd66d-ed89-401c-bf86-050641c359fd: start FollowerState
2019-10-16 21:00:33,279 [Thread-1168] INFO  impl.FollowerState (FollowerState.java:run(108)) - 7d5bd66d-ed89-401c-bf86-050641c359fd@group-0777CA79DD7E-FollowerState: change to CANDIDATE, lastRpcTime:76ms, electionTimeout:76ms
2019-10-16 21:00:33,279 [Thread-1168] INFO  impl.RoleInfo (RoleInfo.java:shutdownFollowerState(121)) - 7d5bd66d-ed89-401c-bf86-050641c359fd: shutdown FollowerState
2019-10-16 21:00:33,280 [Thread-1168] INFO  impl.RaftServerImpl (RaftServerImpl.java:setRole(184)) - 7d5bd66d-ed89-401c-bf86-050641c359fd@group-0777CA79DD7E: changes role from  FOLLOWER to CANDIDATE at term 40 for changeToCandidate
2019-10-16 21:00:33,280 [Thread-1168] INFO  impl.RoleInfo (RoleInfo.java:updateAndGet(143)) - 7d5bd66d-ed89-401c-bf86-050641c359fd: start LeaderElection
2019-10-16 21:00:33,294 [7d5bd66d-ed89-401c-bf86-050641c359fd@group-0777CA79DD7E-LeaderElection96] INFO  impl.LeaderElection (LeaderElection.java:askForVotes(178)) - 7d5bd66d-ed89-401c-bf86-050641c359fd@group-0777CA79DD7E-LeaderElection96: begin an election at term 41 for -1: [7d5bd66d-ed89-401c-bf86-050641c359fd:192.168.157.254:45704, e2e26bef-7a80-470b-89dc-752ae9b76223:192.168.157.254:36344, 7e02033f-e7de-4006-80be-ffeab2e3922a:192.168.157.254:33430], old=null
2019-10-16 21:00:33,296 [grpc-default-executor-0] INFO  impl.RaftServerImpl (RaftServerImpl.java:setRole(184)) - 7e02033f-e7de-4006-80be-ffeab2e3922a@group-0777CA79DD7E: changes role from  FOLLOWER to FOLLOWER at term 41 for recognizeCandidate:7d5bd66d-ed89-401c-bf86-050641c359fd
2019-10-16 21:00:33,296 [grpc-default-executor-0] INFO  impl.RoleInfo (RoleInfo.java:shutdownFollowerState(121)) - 7e02033f-e7de-4006-80be-ffeab2e3922a: shutdown FollowerState
2019-10-16 21:00:33,296 [Thread-1164] INFO  impl.FollowerState (FollowerState.java:run(117)) - 7e02033f-e7de-4006-80be-ffeab2e3922a@group-0777CA79DD7E-FollowerState was interrupted: java.lang.InterruptedException: sleep interrupted
2019-10-16 21:00:33,296 [grpc-default-executor-0] INFO  impl.RoleInfo (RoleInfo.java:updateAndGet(143)) - 7e02033f-e7de-4006-80be-ffeab2e3922a: start FollowerState
2019-10-16 21:00:33,296 [grpc-default-executor-5] INFO  impl.RaftServerImpl (RaftServerImpl.java:setRole(184)) - e2e26bef-7a80-470b-89dc-752ae9b76223@group-0777CA79DD7E: changes role from  FOLLOWER to FOLLOWER at term 41 for recognizeCandidate:7d5bd66d-ed89-401c-bf86-050641c359fd
2019-10-16 21:00:33,297 [grpc-default-executor-5] INFO  impl.RoleInfo (RoleInfo.java:shutdownFollowerState(121)) - e2e26bef-7a80-470b-89dc-752ae9b76223: shutdown FollowerState
2019-10-16 21:00:33,297 [Thread-1163] INFO  impl.FollowerState (FollowerState.java:run(117)) - e2e26bef-7a80-470b-89dc-752ae9b76223@group-0777CA79DD7E-FollowerState was interrupted: java.lang.InterruptedException: sleep interrupted
2019-10-16 21:00:33,297 [grpc-default-executor-5] INFO  impl.RoleInfo (RoleInfo.java:updateAndGet(143)) - e2e26bef-7a80-470b-89dc-752ae9b76223: start FollowerState
2019-10-16 21:00:33,312 [7d5bd66d-ed89-401c-bf86-050641c359fd@group-0777CA79DD7E-LeaderElection96] INFO  impl.LeaderElection (LeaderElection.java:logAndReturn(56)) - 7d5bd66d-ed89-401c-bf86-050641c359fd@group-0777CA79DD7E-LeaderElection96: Election REJECTED; received 2 response(s) [7d5bd66d-ed89-401c-bf86-050641c359fd<-e2e26bef-7a80-470b-89dc-752ae9b76223#0:FAIL-t41, 7d5bd66d-ed89-401c-bf86-050641c359fd<-7e02033f-e7de-4006-80be-ffeab2e3922a#0:FAIL-t41] and 0 exception(s); 7d5bd66d-ed89-401c-bf86-050641c359fd@group-0777CA79DD7E:t41, leader=null, voted=7d5bd66d-ed89-401c-bf86-050641c359fd, raftlog=7d5bd66d-ed89-401c-bf86-050641c359fd@group-0777CA79DD7E-SegmentedRaftLog:OPENED:c-1,f-1,i0, conf=-1: [7d5bd66d-ed89-401c-bf86-050641c359fd:192.168.157.254:45704, e2e26bef-7a80-470b-89dc-752ae9b76223:192.168.157.254:36344, 7e02033f-e7de-4006-80be-ffeab2e3922a:192.168.157.254:33430], old=null
2019-10-16 21:00:33,312 [7d5bd66d-ed89-401c-bf86-050641c359fd@group-0777CA79DD7E-LeaderElection96] INFO  impl.RaftServerImpl (RaftServerImpl.java:setRole(184)) - 7d5bd66d-ed89-401c-bf86-050641c359fd@group-0777CA79DD7E: changes role from CANDIDATE to FOLLOWER at term 41 for DISCOVERED_A_NEW_TERM
2019-10-16 21:00:33,312 [7d5bd66d-ed89-401c-bf86-050641c359fd@group-0777CA79DD7E-LeaderElection96] INFO  impl.RoleInfo (RoleInfo.java:shutdownLeaderElection(134)) - 7d5bd66d-ed89-401c-bf86-050641c359fd: shutdown LeaderElection
2019-10-16 21:00:33,312 [7d5bd66d-ed89-401c-bf86-050641c359fd@group-0777CA79DD7E-LeaderElection96] INFO  impl.RoleInfo (RoleInfo.java:updateAndGet(143)) - 7d5bd66d-ed89-401c-bf86-050641c359fd: start FollowerState
2019-10-16 21:00:33,322 [Thread-1176] INFO  client.GrpcClientProtocolService (GrpcClientProtocolService.java:lambda$processClientRequest$0(278)) - Failed RaftClientRequest:client-BDDAE6707277->7e02033f-e7de-4006-80be-ffeab2e3922a@group-B775CB1CFC79, cid=10, seq=0, Watch-ALL_COMMITTED(6), Message:<EMPTY>, reply=RaftClientReply:client-BDDAE6707277->7e02033f-e7de-4006-80be-ffeab2e3922a@group-B775CB1CFC79, cid=10, FAILED org.apache.ratis.protocol.NotLeaderException: Server 7e02033f-e7de-4006-80be-ffeab2e3922a@group-B775CB1CFC79 is not the leader, logIndex=0, commits[7e02033f-e7de-4006-80be-ffeab2e3922a:c3]
2019-10-16 21:00:33,396 [Thread-1167] INFO  impl.FollowerState (FollowerState.java:run(108)) - 7e02033f-e7de-4006-80be-ffeab2e3922a@group-B775CB1CFC79-FollowerState: change to CANDIDATE, lastRpcTime:194ms, electionTimeout:194ms
2019-10-16 21:00:33,397 [Thread-1167] INFO  impl.RoleInfo (RoleInfo.java:shutdownFollowerState(121)) - 7e02033f-e7de-4006-80be-ffeab2e3922a: shutdown FollowerState
2019-10-16 21:00:33,397 [Thread-1167] INFO  impl.RaftServerImpl (RaftServerImpl.java:setRole(184)) - 7e02033f-e7de-4006-80be-ffeab2e3922a@group-B775CB1CFC79: changes role from  FOLLOWER to CANDIDATE at term 54 for changeToCandidate
2019-10-16 21:00:33,397 [Thread-1167] INFO  impl.RoleInfo (RoleInfo.java:updateAndGet(143)) - 7e02033f-e7de-4006-80be-ffeab2e3922a: start LeaderElection
2019-10-16 21:00:33,407 [7e02033f-e7de-4006-80be-ffeab2e3922a@group-B775CB1CFC79-LeaderElection97] INFO  impl.LeaderElection (LeaderElection.java:askForVotes(178)) - 7e02033f-e7de-4006-80be-ffeab2e3922a@group-B775CB1CFC79-LeaderElection97: begin an election at term 55 for 0: [7d5bd66d-ed89-401c-bf86-050641c359fd:192.168.157.254:45704, e2e26bef-7a80-470b-89dc-752ae9b76223:192.168.157.254:36344, 7e02033f-e7de-4006-80be-ffeab2e3922a:192.168.157.254:33430], old=null
2019-10-16 21:00:33,410 [grpc-default-executor-5] INFO  impl.RaftServerImpl (RaftServerImpl.java:setRole(184)) - 7d5bd66d-ed89-401c-bf86-050641c359fd@group-B775CB1CFC79: changes role from  FOLLOWER to FOLLOWER at term 55 for recognizeCandidate:7e02033f-e7de-4006-80be-ffeab2e3922a
2019-10-16 21:00:33,410 [grpc-default-executor-0] INFO  impl.RaftServerImpl (RaftServerImpl.java:setRole(184)) - e2e26bef-7a80-470b-89dc-752ae9b76223@group-B775CB1CFC79: changes role from  FOLLOWER to FOLLOWER at term 55 for recognizeCandidate:7e02033f-e7de-4006-80be-ffeab2e3922a
2019-10-16 21:00:33,410 [grpc-default-executor-0] INFO  impl.RoleInfo (RoleInfo.java:shutdownFollowerState(121)) - e2e26bef-7a80-470b-89dc-752ae9b76223: shutdown FollowerState
2019-10-16 21:00:33,410 [grpc-default-executor-5] INFO  impl.RoleInfo (RoleInfo.java:shutdownFollowerState(121)) - 7d5bd66d-ed89-401c-bf86-050641c359fd: shutdown FollowerState
2019-10-16 21:00:33,410 [Thread-1165] INFO  impl.FollowerState (FollowerState.java:run(117)) - e2e26bef-7a80-470b-89dc-752ae9b76223@group-B775CB1CFC79-FollowerState was interrupted: java.lang.InterruptedException: sleep interrupted
2019-10-16 21:00:33,410 [Thread-1166] INFO  impl.FollowerState (FollowerState.java:run(117)) - 7d5bd66d-ed89-401c-bf86-050641c359fd@group-B775CB1CFC79-FollowerState was interrupted: java.lang.InterruptedException: sleep interrupted
2019-10-16 21:00:33,410 [grpc-default-executor-0] INFO  impl.RoleInfo (RoleInfo.java:updateAndGet(143)) - e2e26bef-7a80-470b-89dc-752ae9b76223: start FollowerState
2019-10-16 21:00:33,410 [grpc-default-executor-5] INFO  impl.RoleInfo (RoleInfo.java:updateAndGet(143)) - 7d5bd66d-ed89-401c-bf86-050641c359fd: start FollowerState
2019-10-16 21:00:33,425 [7e02033f-e7de-4006-80be-ffeab2e3922a@group-B775CB1CFC79-LeaderElection97] INFO  impl.LeaderElection (LeaderElection.java:logAndReturn(56)) - 7e02033f-e7de-4006-80be-ffeab2e3922a@group-B775CB1CFC79-LeaderElection97: Election REJECTED; received 2 response(s) [7e02033f-e7de-4006-80be-ffeab2e3922a<-7d5bd66d-ed89-401c-bf86-050641c359fd#0:FAIL-t55, 7e02033f-e7de-4006-80be-ffeab2e3922a<-e2e26bef-7a80-470b-89dc-752ae9b76223#0:FAIL-t55] and 0 exception(s); 7e02033f-e7de-4006-80be-ffeab2e3922a@group-B775CB1CFC79:t55, leader=null, voted=7e02033f-e7de-4006-80be-ffeab2e3922a, raftlog=7e02033f-e7de-4006-80be-ffeab2e3922a@group-B775CB1CFC79-SegmentedRaftLog:OPENED:c3,f4,i4, conf=0: [7d5bd66d-ed89-401c-bf86-050641c359fd:192.168.157.254:45704, e2e26bef-7a80-470b-89dc-752ae9b76223:192.168.157.254:36344, 7e02033f-e7de-4006-80be-ffeab2e3922a:192.168.157.254:33430], old=null
2019-10-16 21:00:33,426 [7e02033f-e7de-4006-80be-ffeab2e3922a@group-B775CB1CFC79-LeaderElection97] INFO  impl.RaftServerImpl (RaftServerImpl.java:setRole(184)) - 7e02033f-e7de-4006-80be-ffeab2e3922a@group-B775CB1CFC79: changes role from CANDIDATE to FOLLOWER at term 55 for DISCOVERED_A_NEW_TERM
2019-10-16 21:00:33,426 [7e02033f-e7de-4006-80be-ffeab2e3922a@group-B775CB1CFC79-LeaderElection97] INFO  impl.RoleInfo (RoleInfo.java:shutdownLeaderElection(134)) - 7e02033f-e7de-4006-80be-ffeab2e3922a: shutdown LeaderElection
2019-10-16 21:00:33,426 [7e02033f-e7de-4006-80be-ffeab2e3922a@group-B775CB1CFC79-LeaderElection97] INFO  impl.RoleInfo (RoleInfo.java:updateAndGet(143)) - 7e02033f-e7de-4006-80be-ffeab2e3922a: start FollowerState
2019-10-16 21:00:33,427 [Thread-1174] INFO  impl.FollowerState (FollowerState.java:run(108)) - 7d5bd66d-ed89-401c-bf86-050641c359fd@group-0777CA79DD7E-FollowerState: change to CANDIDATE, lastRpcTime:115ms, electionTimeout:115ms
2019-10-16 21:00:33,428 [Thread-1174] INFO  impl.RoleInfo (RoleInfo.java:shutdownFollowerState(121)) - 7d5bd66d-ed89-401c-bf86-050641c359fd: shutdown FollowerState
2019-10-16 21:00:33,428 [Thread-1174] INFO  impl.RaftServerImpl (RaftServerImpl.java:setRole(184)) - 7d5bd66d-ed89-401c-bf86-050641c359fd@group-0777CA79DD7E: changes role from  FOLLOWER to CANDIDATE at term 41 for changeToCandidate
2019-10-16 21:00:33,428 [Thread-1174] INFO  impl.RoleInfo (RoleInfo.java:updateAndGet(143)) - 7d5bd66d-ed89-401c-bf86-050641c359fd: start LeaderElection
2019-10-16 21:00:33,442 [7d5bd66d-ed89-401c-bf86-050641c359fd@group-0777CA79DD7E-LeaderElection98] INFO  impl.LeaderElection (LeaderElection.java:askForVotes(178)) - 7d5bd66d-ed89-401c-bf86-050641c359fd@group-0777CA79DD7E-LeaderElection98: begin an election at term 42 for -1: [7d5bd66d-ed89-401c-bf86-050641c359fd:192.168.157.254:45704, e2e26bef-7a80-470b-89dc-752ae9b76223:192.168.157.254:36344, 7e02033f-e7de-4006-80be-ffeab2e3922a:192.168.157.254:33430], old=null
2019-10-16 21:00:33,443 [grpc-default-executor-0] INFO  impl.RaftServerImpl (RaftServerImpl.java:setRole(184)) - e2e26bef-7a80-470b-89dc-752ae9b76223@group-0777CA79DD7E: changes role from  FOLLOWER to FOLLOWER at term 42 for recognizeCandidate:7d5bd66d-ed89-401c-bf86-050641c359fd
2019-10-16 21:00:33,443 [grpc-default-executor-0] INFO  impl.RoleInfo (RoleInfo.java:shutdownFollowerState(121)) - e2e26bef-7a80-470b-89dc-752ae9b76223: shutdown FollowerState
2019-10-16 21:00:33,443 [grpc-default-executor-5] INFO  impl.RaftServerImpl (RaftServerImpl.java:setRole(184)) - 7e02033f-e7de-4006-80be-ffeab2e3922a@group-0777CA79DD7E: changes role from  FOLLOWER to FOLLOWER at term 42 for recognizeCandidate:7d5bd66d-ed89-401c-bf86-050641c359fd
2019-10-16 21:00:33,444 [Thread-1173] INFO  impl.FollowerState (FollowerState.java:run(117)) - e2e26bef-7a80-470b-89dc-752ae9b76223@group-0777CA79DD7E-FollowerState was interrupted: java.lang.InterruptedException: sleep interrupted
2019-10-16 21:00:33,444 [grpc-default-executor-0] INFO  impl.RoleInfo (RoleInfo.java:updateAndGet(143)) - e2e26bef-7a80-470b-89dc-752ae9b76223: start FollowerState
2019-10-16 21:00:33,444 [grpc-default-executor-5] INFO  impl.RoleInfo (RoleInfo.java:shutdownFollowerState(121)) - 7e02033f-e7de-4006-80be-ffeab2e3922a: shutdown FollowerState
2019-10-16 21:00:33,444 [grpc-default-executor-5] INFO  impl.RoleInfo (RoleInfo.java:updateAndGet(143)) - 7e02033f-e7de-4006-80be-ffeab2e3922a: start FollowerState
2019-10-16 21:00:33,444 [Thread-1172] INFO  impl.FollowerState (FollowerState.java:run(117)) - 7e02033f-e7de-4006-80be-ffeab2e3922a@group-0777CA79DD7E-FollowerState was interrupted: java.lang.InterruptedException: sleep interrupted
2019-10-16 21:00:33,459 [7d5bd66d-ed89-401c-bf86-050641c359fd@group-0777CA79DD7E-LeaderElection98] INFO  impl.LeaderElection (LeaderElection.java:logAndReturn(56)) - 7d5bd66d-ed89-401c-bf86-050641c359fd@group-0777CA79DD7E-LeaderElection98: Election REJECTED; received 2 response(s) [7d5bd66d-ed89-401c-bf86-050641c359fd<-e2e26bef-7a80-470b-89dc-752ae9b76223#0:FAIL-t42, 7d5bd66d-ed89-401c-bf86-050641c359fd<-7e02033f-e7de-4006-80be-ffeab2e3922a#0:FAIL-t42] and 0 exception(s); 7d5bd66d-ed89-401c-bf86-050641c359fd@group-0777CA79DD7E:t42, leader=null, voted=7d5bd66d-ed89-401c-bf86-050641c359fd, raftlog=7d5bd66d-ed89-401c-bf86-050641c359fd@group-0777CA79DD7E-SegmentedRaftLog:OPENED:c-1,f-1,i0, conf=-1: [7d5bd66d-ed89-401c-bf86-050641c359fd:192.168.157.254:45704, e2e26bef-7a80-470b-89dc-752ae9b76223:192.168.157.254:36344, 7e02033f-e7de-4006-80be-ffeab2e3922a:192.168.157.254:33430], old=null
2019-10-16 21:00:33,459 [7d5bd66d-ed89-401c-bf86-050641c359fd@group-0777CA79DD7E-LeaderElection98] INFO  impl.RaftServerImpl (RaftServerImpl.java:setRole(184)) - 7d5bd66d-ed89-401c-bf86-050641c359fd@group-0777CA79DD7E: changes role from CANDIDATE to FOLLOWER at term 42 for DISCOVERED_A_NEW_TERM
2019-10-16 21:00:33,459 [7d5bd66d-ed89-401c-bf86-050641c359fd@group-0777CA79DD7E-LeaderElection98] INFO  impl.RoleInfo (RoleInfo.java:shutdownLeaderElection(134)) - 7d5bd66d-ed89-401c-bf86-050641c359fd: shutdown LeaderElection
2019-10-16 21:00:33,459 [7d5bd66d-ed89-401c-bf86-050641c359fd@group-0777CA79DD7E-LeaderElection98] INFO  impl.RoleInfo (RoleInfo.java:updateAndGet(143)) - 7d5bd66d-ed89-401c-bf86-050641c359fd: start FollowerState
2019-10-16 21:00:33,544 [Thread-1189] INFO  impl.FollowerState (FollowerState.java:run(108)) - 7d5bd66d-ed89-401c-bf86-050641c359fd@group-0777CA79DD7E-FollowerState: change to CANDIDATE, lastRpcTime:85ms, electionTimeout:85ms
2019-10-16 21:00:33,545 [Thread-1189] INFO  impl.RoleInfo (RoleInfo.java:shutdownFollowerState(121)) - 7d5bd66d-ed89-401c-bf86-050641c359fd: shutdown FollowerState
2019-10-16 21:00:33,545 [Thread-1189] INFO  impl.RaftServerImpl (RaftServerImpl.java:setRole(184)) - 7d5bd66d-ed89-401c-bf86-050641c359fd@group-0777CA79DD7E: changes role from  FOLLOWER to CANDIDATE at term 42 for changeToCandidate
2019-10-16 21:00:33,545 [Thread-1189] INFO  impl.RoleInfo (RoleInfo.java:updateAndGet(143)) - 7d5bd66d-ed89-401c-bf86-050641c359fd: start LeaderElection
2019-10-16 21:00:33,559 [7d5bd66d-ed89-401c-bf86-050641c359fd@group-0777CA79DD7E-LeaderElection99] INFO  impl.LeaderElection (LeaderElection.java:askForVotes(178)) - 7d5bd66d-ed89-401c-bf86-050641c359fd@group-0777CA79DD7E-LeaderElection99: begin an election at term 43 for -1: [7d5bd66d-ed89-401c-bf86-050641c359fd:192.168.157.254:45704, e2e26bef-7a80-470b-89dc-752ae9b76223:192.168.157.254:36344, 7e02033f-e7de-4006-80be-ffeab2e3922a:192.168.157.254:33430], old=null
2019-10-16 21:00:33,561 [grpc-default-executor-5] INFO  impl.RaftServerImpl (RaftServerImpl.java:setRole(184)) - e2e26bef-7a80-470b-89dc-752ae9b76223@group-0777CA79DD7E: changes role from  FOLLOWER to FOLLOWER at term 43 for recognizeCandidate:7d5bd66d-ed89-401c-bf86-050641c359fd
2019-10-16 21:00:33,561 [grpc-default-executor-5] INFO  impl.RoleInfo (RoleInfo.java:shutdownFollowerState(121)) - e2e26bef-7a80-470b-89dc-752ae9b76223: shutdown FollowerState
2019-10-16 21:00:33,561 [grpc-default-executor-0] INFO  impl.RaftServerImpl (RaftServerImpl.java:setRole(184)) - 7e02033f-e7de-4006-80be-ffeab2e3922a@group-0777CA79DD7E: changes role from  FOLLOWER to FOLLOWER at term 43 for recognizeCandidate:7d5bd66d-ed89-401c-bf86-050641c359fd
2019-10-16 21:00:33,561 [Thread-1187] INFO  impl.FollowerState (FollowerState.java:run(117)) - e2e26bef-7a80-470b-89dc-752ae9b76223@group-0777CA79DD7E-FollowerState was interrupted: java.lang.InterruptedException: sleep interrupted
2019-10-16 21:00:33,561 [grpc-default-executor-5] INFO  impl.RoleInfo (RoleInfo.java:updateAndGet(143)) - e2e26bef-7a80-470b-89dc-752ae9b76223: start FollowerState
2019-10-16 21:00:33,561 [grpc-default-executor-0] INFO  impl.RoleInfo (RoleInfo.java:shutdownFollowerState(121)) - 7e02033f-e7de-4006-80be-ffeab2e3922a: shutdown FollowerState
2019-10-16 21:00:33,562 [grpc-default-executor-0] INFO  impl.RoleInfo (RoleInfo.java:updateAndGet(143)) - 7e02033f-e7de-4006-80be-ffeab2e3922a: start FollowerState
2019-10-16 21:00:33,562 [Thread-1188] INFO  impl.FollowerState (FollowerState.java:run(117)) - 7e02033f-e7de-4006-80be-ffeab2e3922a@group-0777CA79DD7E-FollowerState was interrupted: java.lang.InterruptedException: sleep interrupted
2019-10-16 21:00:33,576 [7d5bd66d-ed89-401c-bf86-050641c359fd@group-0777CA79DD7E-LeaderElection99] INFO  impl.LeaderElection (LeaderElection.java:logAndReturn(56)) - 7d5bd66d-ed89-401c-bf86-050641c359fd@group-0777CA79DD7E-LeaderElection99: Election REJECTED; received 2 response(s) [7d5bd66d-ed89-401c-bf86-050641c359fd<-e2e26bef-7a80-470b-89dc-752ae9b76223#0:FAIL-t43, 7d5bd66d-ed89-401c-bf86-050641c359fd<-7e02033f-e7de-4006-80be-ffeab2e3922a#0:FAIL-t43] and 0 exception(s); 7d5bd66d-ed89-401c-bf86-050641c359fd@group-0777CA79DD7E:t43, leader=null, voted=7d5bd66d-ed89-401c-bf86-050641c359fd, raftlog=7d5bd66d-ed89-401c-bf86-050641c359fd@group-0777CA79DD7E-SegmentedRaftLog:OPENED:c-1,f-1,i0, conf=-1: [7d5bd66d-ed89-401c-bf86-050641c359fd:192.168.157.254:45704, e2e26bef-7a80-470b-89dc-752ae9b76223:192.168.157.254:36344, 7e02033f-e7de-4006-80be-ffeab2e3922a:192.168.157.254:33430], old=null
2019-10-16 21:00:33,576 [7d5bd66d-ed89-401c-bf86-050641c359fd@group-0777CA79DD7E-LeaderElection99] INFO  impl.RaftServerImpl (RaftServerImpl.java:setRole(184)) - 7d5bd66d-ed89-401c-bf86-050641c359fd@group-0777CA79DD7E: changes role from CANDIDATE to FOLLOWER at term 43 for DISCOVERED_A_NEW_TERM
2019-10-16 21:00:33,576 [7d5bd66d-ed89-401c-bf86-050641c359fd@group-0777CA79DD7E-LeaderElection99] INFO  impl.RoleInfo (RoleInfo.java:shutdownLeaderElection(134)) - 7d5bd66d-ed89-401c-bf86-050641c359fd: shutdown LeaderElection
2019-10-16 21:00:33,576 [7d5bd66d-ed89-401c-bf86-050641c359fd@group-0777CA79DD7E-LeaderElection99] INFO  impl.RoleInfo (RoleInfo.java:updateAndGet(143)) - 7d5bd66d-ed89-401c-bf86-050641c359fd: start FollowerState
2019-10-16 21:00:33,585 [Thread-1183] INFO  impl.FollowerState (FollowerState.java:run(108)) - 7e02033f-e7de-4006-80be-ffeab2e3922a@group-B775CB1CFC79-FollowerState: change to CANDIDATE, lastRpcTime:159ms, electionTimeout:159ms
2019-10-16 21:00:33,585 [Thread-1183] INFO  impl.RoleInfo (RoleInfo.java:shutdownFollowerState(121)) - 7e02033f-e7de-4006-80be-ffeab2e3922a: shutdown FollowerState
2019-10-16 21:00:33,586 [Thread-1183] INFO  impl.RaftServerImpl (RaftServerImpl.java:setRole(184)) - 7e02033f-e7de-4006-80be-ffeab2e3922a@group-B775CB1CFC79: changes role from  FOLLOWER to CANDIDATE at term 55 for changeToCandidate
2019-10-16 21:00:33,586 [Thread-1183] INFO  impl.RoleInfo (RoleInfo.java:updateAndGet(143)) - 7e02033f-e7de-4006-80be-ffeab2e3922a: start LeaderElection
2019-10-16 21:00:33,599 [7e02033f-e7de-4006-80be-ffeab2e3922a@group-B775CB1CFC79-LeaderElection100] INFO  impl.LeaderElection (LeaderElection.java:askForVotes(178)) - 7e02033f-e7de-4006-80be-ffeab2e3922a@group-B775CB1CFC79-LeaderElection100: begin an election at term 56 for 0: [7d5bd66d-ed89-401c-bf86-050641c359fd:192.168.157.254:45704, e2e26bef-7a80-470b-89dc-752ae9b76223:192.168.157.254:36344, 7e02033f-e7de-4006-80be-ffeab2e3922a:192.168.157.254:33430], old=null
2019-10-16 21:00:33,601 [grpc-default-executor-0] INFO  impl.RaftServerImpl (RaftServerImpl.java:setRole(184)) - e2e26bef-7a80-470b-89dc-752ae9b76223@group-B775CB1CFC79: changes role from  FOLLOWER to FOLLOWER at term 56 for recognizeCandidate:7e02033f-e7de-4006-80be-ffeab2e3922a
2019-10-16 21:00:33,601 [grpc-default-executor-0] INFO  impl.RoleInfo (RoleInfo.java:shutdownFollowerState(121)) - e2e26bef-7a80-470b-89dc-752ae9b76223: shutdown FollowerState
2019-10-16 21:00:33,601 [grpc-default-executor-5] INFO  impl.RaftServerImpl (RaftServerImpl.java:setRole(184)) - 7d5bd66d-ed89-401c-bf86-050641c359fd@group-B775CB1CFC79: changes role from  FOLLOWER to FOLLOWER at term 56 for recognizeCandidate:7e02033f-e7de-4006-80be-ffeab2e3922a
2019-10-16 21:00:33,601 [Thread-1181] INFO  impl.FollowerState (FollowerState.java:run(117)) - e2e26bef-7a80-470b-89dc-752ae9b76223@group-B775CB1CFC79-FollowerState was interrupted: java.lang.InterruptedException: sleep interrupted
2019-10-16 21:00:33,601 [grpc-default-executor-0] INFO  impl.RoleInfo (RoleInfo.java:updateAndGet(143)) - e2e26bef-7a80-470b-89dc-752ae9b76223: start FollowerState
2019-10-16 21:00:33,601 [grpc-default-executor-5] INFO  impl.RoleInfo (RoleInfo.java:shutdownFollowerState(121)) - 7d5bd66d-ed89-401c-bf86-050641c359fd: shutdown FollowerState
2019-10-16 21:00:33,602 [grpc-default-executor-5] INFO  impl.RoleInfo (RoleInfo.java:updateAndGet(143)) - 7d5bd66d-ed89-401c-bf86-050641c359fd: start FollowerState
2019-10-16 21:00:33,602 [Thread-1182] INFO  impl.FollowerState (FollowerState.java:run(117)) - 7d5bd66d-ed89-401c-bf86-050641c359fd@group-B775CB1CFC79-FollowerState was interrupted: java.lang.InterruptedException: sleep interrupted
2019-10-16 21:00:33,616 [7e02033f-e7de-4006-80be-ffeab2e3922a@group-B775CB1CFC79-LeaderElection100] INFO  impl.LeaderElection (LeaderElection.java:logAndReturn(56)) - 7e02033f-e7de-4006-80be-ffeab2e3922a@group-B775CB1CFC79-LeaderElection100: Election REJECTED; received 2 response(s) [7e02033f-e7de-4006-80be-ffeab2e3922a<-7d5bd66d-ed89-401c-bf86-050641c359fd#0:FAIL-t56, 7e02033f-e7de-4006-80be-ffeab2e3922a<-e2e26bef-7a80-470b-89dc-752ae9b76223#0:FAIL-t56] and 0 exception(s); 7e02033f-e7de-4006-80be-ffeab2e3922a@group-B775CB1CFC79:t56, leader=null, voted=7e02033f-e7de-4006-80be-ffeab2e3922a, raftlog=7e02033f-e7de-4006-80be-ffeab2e3922a@group-B775CB1CFC79-SegmentedRaftLog:OPENED:c3,f4,i4, conf=0: [7d5bd66d-ed89-401c-bf86-050641c359fd:192.168.157.254:45704, e2e26bef-7a80-470b-89dc-752ae9b76223:192.168.157.254:36344, 7e02033f-e7de-4006-80be-ffeab2e3922a:192.168.157.254:33430], old=null
2019-10-16 21:00:33,616 [7e02033f-e7de-4006-80be-ffeab2e3922a@group-B775CB1CFC79-LeaderElection100] INFO  impl.RaftServerImpl (RaftServerImpl.java:setRole(184)) - 7e02033f-e7de-4006-80be-ffeab2e3922a@group-B775CB1CFC79: changes role from CANDIDATE to FOLLOWER at term 56 for DISCOVERED_A_NEW_TERM
2019-10-16 21:00:33,616 [7e02033f-e7de-4006-80be-ffeab2e3922a@group-B775CB1CFC79-LeaderElection100] INFO  impl.RoleInfo (RoleInfo.java:shutdownLeaderElection(134)) - 7e02033f-e7de-4006-80be-ffeab2e3922a: shutdown LeaderElection
2019-10-16 21:00:33,616 [7e02033f-e7de-4006-80be-ffeab2e3922a@group-B775CB1CFC79-LeaderElection100] INFO  impl.RoleInfo (RoleInfo.java:updateAndGet(143)) - 7e02033f-e7de-4006-80be-ffeab2e3922a: start FollowerState
2019-10-16 21:00:33,696 [Thread-1195] INFO  impl.FollowerState (FollowerState.java:run(108)) - 7d5bd66d-ed89-401c-bf86-050641c359fd@group-0777CA79DD7E-FollowerState: change to CANDIDATE, lastRpcTime:119ms, electionTimeout:119ms
2019-10-16 21:00:33,696 [Thread-1195] INFO  impl.RoleInfo (RoleInfo.java:shutdownFollowerState(121)) - 7d5bd66d-ed89-401c-bf86-050641c359fd: shutdown FollowerState
2019-10-16 21:00:33,696 [Thread-1195] INFO  impl.RaftServerImpl (RaftServerImpl.java:setRole(184)) - 7d5bd66d-ed89-401c-bf86-050641c359fd@group-0777CA79DD7E: changes role from  FOLLOWER to CANDIDATE at term 43 for changeToCandidate
2019-10-16 21:00:33,696 [Thread-1195] INFO  impl.RoleInfo (RoleInfo.java:updateAndGet(143)) - 7d5bd66d-ed89-401c-bf86-050641c359fd: start LeaderElection
2019-10-16 21:00:33,719 [7d5bd66d-ed89-401c-bf86-050641c359fd@group-0777CA79DD7E-LeaderElection101] INFO  impl.LeaderElection (LeaderElection.java:askForVotes(178)) - 7d5bd66d-ed89-401c-bf86-050641c359fd@group-0777CA79DD7E-LeaderElection101: begin an election at term 44 for -1: [7d5bd66d-ed89-401c-bf86-050641c359fd:192.168.157.254:45704, e2e26bef-7a80-470b-89dc-752ae9b76223:192.168.157.254:36344, 7e02033f-e7de-4006-80be-ffeab2e3922a:192.168.157.254:33430], old=null
2019-10-16 21:00:33,721 [grpc-default-executor-5] INFO  impl.RaftServerImpl (RaftServerImpl.java:setRole(184)) - 7e02033f-e7de-4006-80be-ffeab2e3922a@group-0777CA79DD7E: changes role from  FOLLOWER to FOLLOWER at term 44 for recognizeCandidate:7d5bd66d-ed89-401c-bf86-050641c359fd
2019-10-16 21:00:33,721 [grpc-default-executor-0] INFO  impl.RaftServerImpl (RaftServerImpl.java:setRole(184)) - e2e26bef-7a80-470b-89dc-752ae9b76223@group-0777CA79DD7E: changes role from  FOLLOWER to FOLLOWER at term 44 for recognizeCandidate:7d5bd66d-ed89-401c-bf86-050641c359fd
2019-10-16 21:00:33,721 [grpc-default-executor-5] INFO  impl.RoleInfo (RoleInfo.java:shutdownFollowerState(121)) - 7e02033f-e7de-4006-80be-ffeab2e3922a: shutdown FollowerState
2019-10-16 21:00:33,722 [grpc-default-executor-0] INFO  impl.RoleInfo (RoleInfo.java:shutdownFollowerState(121)) - e2e26bef-7a80-470b-89dc-752ae9b76223: shutdown FollowerState
2019-10-16 21:00:33,722 [Thread-1194] INFO  impl.FollowerState (FollowerState.java:run(117)) - 7e02033f-e7de-4006-80be-ffeab2e3922a@group-0777CA79DD7E-FollowerState was interrupted: java.lang.InterruptedException: sleep interrupted
2019-10-16 21:00:33,722 [grpc-default-executor-5] INFO  impl.RoleInfo (RoleInfo.java:updateAndGet(143)) - 7e02033f-e7de-4006-80be-ffeab2e3922a: start FollowerState
2019-10-16 21:00:33,722 [Thread-1193] INFO  impl.FollowerState (FollowerState.java:run(117)) - e2e26bef-7a80-470b-89dc-752ae9b76223@group-0777CA79DD7E-FollowerState was interrupted: java.lang.InterruptedException: sleep interrupted
2019-10-16 21:00:33,722 [grpc-default-executor-0] INFO  impl.RoleInfo (RoleInfo.java:updateAndGet(143)) - e2e26bef-7a80-470b-89dc-752ae9b76223: start FollowerState
2019-10-16 21:00:33,729 [Thread-1201] INFO  impl.FollowerState (FollowerState.java:run(108)) - 7e02033f-e7de-4006-80be-ffeab2e3922a@group-B775CB1CFC79-FollowerState: change to CANDIDATE, lastRpcTime:112ms, electionTimeout:112ms
2019-10-16 21:00:33,729 [Thread-1201] INFO  impl.RoleInfo (RoleInfo.java:shutdownFollowerState(121)) - 7e02033f-e7de-4006-80be-ffeab2e3922a: shutdown FollowerState
2019-10-16 21:00:33,729 [Thread-1201] INFO  impl.RaftServerImpl (RaftServerImpl.java:setRole(184)) - 7e02033f-e7de-4006-80be-ffeab2e3922a@group-B775CB1CFC79: changes role from  FOLLOWER to CANDIDATE at term 56 for changeToCandidate
2019-10-16 21:00:33,729 [Thread-1201] INFO  impl.RoleInfo (RoleInfo.java:updateAndGet(143)) - 7e02033f-e7de-4006-80be-ffeab2e3922a: start LeaderElection
2019-10-16 21:00:33,733 [7e02033f-e7de-4006-80be-ffeab2e3922a@group-B775CB1CFC79-LeaderElection102] INFO  impl.LeaderElection (LeaderElection.java:askForVotes(178)) - 7e02033f-e7de-4006-80be-ffeab2e3922a@group-B775CB1CFC79-LeaderElection102: begin an election at term 57 for 0: [7d5bd66d-ed89-401c-bf86-050641c359fd:192.168.157.254:45704, e2e26bef-7a80-470b-89dc-752ae9b76223:192.168.157.254:36344, 7e02033f-e7de-4006-80be-ffeab2e3922a:192.168.157.254:33430], old=null
2019-10-16 21:00:33,734 [7d5bd66d-ed89-401c-bf86-050641c359fd@group-0777CA79DD7E-LeaderElection101] INFO  impl.LeaderElection (LeaderElection.java:logAndReturn(56)) - 7d5bd66d-ed89-401c-bf86-050641c359fd@group-0777CA79DD7E-LeaderElection101: Election REJECTED; received 2 response(s) [7d5bd66d-ed89-401c-bf86-050641c359fd<-e2e26bef-7a80-470b-89dc-752ae9b76223#0:FAIL-t44, 7d5bd66d-ed89-401c-bf86-050641c359fd<-7e02033f-e7de-4006-80be-ffeab2e3922a#0:FAIL-t44] and 0 exception(s); 7d5bd66d-ed89-401c-bf86-050641c359fd@group-0777CA79DD7E:t44, leader=null, voted=7d5bd66d-ed89-401c-bf86-050641c359fd, raftlog=7d5bd66d-ed89-401c-bf86-050641c359fd@group-0777CA79DD7E-SegmentedRaftLog:OPENED:c-1,f-1,i0, conf=-1: [7d5bd66d-ed89-401c-bf86-050641c359fd:192.168.157.254:45704, e2e26bef-7a80-470b-89dc-752ae9b76223:192.168.157.254:36344, 7e02033f-e7de-4006-80be-ffeab2e3922a:192.168.157.254:33430], old=null
2019-10-16 21:00:33,734 [7d5bd66d-ed89-401c-bf86-050641c359fd@group-0777CA79DD7E-LeaderElection101] INFO  impl.RaftServerImpl (RaftServerImpl.java:setRole(184)) - 7d5bd66d-ed89-401c-bf86-050641c359fd@group-0777CA79DD7E: changes role from CANDIDATE to FOLLOWER at term 44 for DISCOVERED_A_NEW_TERM
2019-10-16 21:00:33,734 [7d5bd66d-ed89-401c-bf86-050641c359fd@group-0777CA79DD7E-LeaderElection101] INFO  impl.RoleInfo (RoleInfo.java:shutdownLeaderElection(134)) - 7d5bd66d-ed89-401c-bf86-050641c359fd: shutdown LeaderElection
2019-10-16 21:00:33,735 [7d5bd66d-ed89-401c-bf86-050641c359fd@group-0777CA79DD7E-LeaderElection101] INFO  impl.RoleInfo (RoleInfo.java:updateAndGet(143)) - 7d5bd66d-ed89-401c-bf86-050641c359fd: start FollowerState
2019-10-16 21:00:33,735 [grpc-default-executor-0] INFO  impl.RaftServerImpl (RaftServerImpl.java:setRole(184)) - 7d5bd66d-ed89-401c-bf86-050641c359fd@group-B775CB1CFC79: changes role from  FOLLOWER to FOLLOWER at term 57 for recognizeCandidate:7e02033f-e7de-4006-80be-ffeab2e3922a
2019-10-16 21:00:33,735 [grpc-default-executor-5] INFO  impl.RaftServerImpl (RaftServerImpl.java:setRole(184)) - e2e26bef-7a80-470b-89dc-752ae9b76223@group-B775CB1CFC79: changes role from  FOLLOWER to FOLLOWER at term 57 for recognizeCandidate:7e02033f-e7de-4006-80be-ffeab2e3922a
2019-10-16 21:00:33,735 [grpc-default-executor-0] INFO  impl.RoleInfo (RoleInfo.java:shutdownFollowerState(121)) - 7d5bd66d-ed89-401c-bf86-050641c359fd: shutdown FollowerState
2019-10-16 21:00:33,735 [grpc-default-executor-5] INFO  impl.RoleInfo (RoleInfo.java:shutdownFollowerState(121)) - e2e26bef-7a80-470b-89dc-752ae9b76223: shutdown FollowerState
2019-10-16 21:00:33,736 [Thread-1200] INFO  impl.FollowerState (FollowerState.java:run(117)) - 7d5bd66d-ed89-401c-bf86-050641c359fd@group-B775CB1CFC79-FollowerState was interrupted: java.lang.InterruptedException: sleep interrupted
2019-10-16 21:00:33,735 [grpc-default-executor-0] INFO  impl.RoleInfo (RoleInfo.java:updateAndGet(143)) - 7d5bd66d-ed89-401c-bf86-050641c359fd: start FollowerState
2019-10-16 21:00:33,736 [Thread-1199] INFO  impl.FollowerState (FollowerState.java:run(117)) - e2e26bef-7a80-470b-89dc-752ae9b76223@group-B775CB1CFC79-FollowerState was interrupted: java.lang.InterruptedException: sleep interrupted
2019-10-16 21:00:33,736 [grpc-default-executor-5] INFO  impl.RoleInfo (RoleInfo.java:updateAndGet(143)) - e2e26bef-7a80-470b-89dc-752ae9b76223: start FollowerState
2019-10-16 21:00:33,738 [7e02033f-e7de-4006-80be-ffeab2e3922a@group-B775CB1CFC79-LeaderElection102] INFO  impl.LeaderElection (LeaderElection.java:logAndReturn(56)) - 7e02033f-e7de-4006-80be-ffeab2e3922a@group-B775CB1CFC79-LeaderElection102: Election TIMEOUT; received 0 response(s) [] and 0 exception(s); 7e02033f-e7de-4006-80be-ffeab2e3922a@group-B775CB1CFC79:t57, leader=null, voted=7e02033f-e7de-4006-80be-ffeab2e3922a, raftlog=7e02033f-e7de-4006-80be-ffeab2e3922a@group-B775CB1CFC79-SegmentedRaftLog:OPENED:c3,f4,i4, conf=0: [7d5bd66d-ed89-401c-bf86-050641c359fd:192.168.157.254:45704, e2e26bef-7a80-470b-89dc-752ae9b76223:192.168.157.254:36344, 7e02033f-e7de-4006-80be-ffeab2e3922a:192.168.157.254:33430], old=null
2019-10-16 21:00:33,749 [7e02033f-e7de-4006-80be-ffeab2e3922a@group-B775CB1CFC79-LeaderElection102] INFO  impl.LeaderElection (LeaderElection.java:askForVotes(178)) - 7e02033f-e7de-4006-80be-ffeab2e3922a@group-B775CB1CFC79-LeaderElection102: begin an election at term 58 for 0: [7d5bd66d-ed89-401c-bf86-050641c359fd:192.168.157.254:45704, e2e26bef-7a80-470b-89dc-752ae9b76223:192.168.157.254:36344, 7e02033f-e7de-4006-80be-ffeab2e3922a:192.168.157.254:33430], old=null
2019-10-16 21:00:33,751 [grpc-default-executor-5] INFO  impl.RaftServerImpl (RaftServerImpl.java:setRole(184)) - 7d5bd66d-ed89-401c-bf86-050641c359fd@group-B775CB1CFC79: changes role from  FOLLOWER to FOLLOWER at term 58 for recognizeCandidate:7e02033f-e7de-4006-80be-ffeab2e3922a
2019-10-16 21:00:33,751 [grpc-default-executor-0] INFO  impl.RaftServerImpl (RaftServerImpl.java:setRole(184)) - e2e26bef-7a80-470b-89dc-752ae9b76223@group-B775CB1CFC79: changes role from  FOLLOWER to FOLLOWER at term 58 for recognizeCandidate:7e02033f-e7de-4006-80be-ffeab2e3922a
2019-10-16 21:00:33,751 [grpc-default-executor-5] INFO  impl.RoleInfo (RoleInfo.java:shutdownFollowerState(121)) - 7d5bd66d-ed89-401c-bf86-050641c359fd: shutdown FollowerState
2019-10-16 21:00:33,752 [grpc-default-executor-0] INFO  impl.RoleInfo (RoleInfo.java:shutdownFollowerState(121)) - e2e26bef-7a80-470b-89dc-752ae9b76223: shutdown FollowerState
2019-10-16 21:00:33,752 [Thread-1211] INFO  impl.FollowerState (FollowerState.java:run(117)) - 7d5bd66d-ed89-401c-bf86-050641c359fd@group-B775CB1CFC79-FollowerState was interrupted: java.lang.InterruptedException: sleep interrupted
2019-10-16 21:00:33,752 [grpc-default-executor-5] INFO  impl.RoleInfo (RoleInfo.java:updateAndGet(143)) - 7d5bd66d-ed89-401c-bf86-050641c359fd: start FollowerState
2019-10-16 21:00:33,752 [Thread-1212] INFO  impl.FollowerState (FollowerState.java:run(117)) - e2e26bef-7a80-470b-89dc-752ae9b76223@group-B775CB1CFC79-FollowerState was interrupted: java.lang.InterruptedException: sleep interrupted
2019-10-16 21:00:33,752 [grpc-default-executor-0] INFO  impl.RoleInfo (RoleInfo.java:updateAndGet(143)) - e2e26bef-7a80-470b-89dc-752ae9b76223: start FollowerState
2019-10-16 21:00:33,767 [7e02033f-e7de-4006-80be-ffeab2e3922a@group-B775CB1CFC79-LeaderElection102] INFO  impl.LeaderElection (LeaderElection.java:logAndReturn(56)) - 7e02033f-e7de-4006-80be-ffeab2e3922a@group-B775CB1CFC79-LeaderElection102: Election REJECTED; received 2 response(s) [7e02033f-e7de-4006-80be-ffeab2e3922a<-7d5bd66d-ed89-401c-bf86-050641c359fd#0:FAIL-t58, 7e02033f-e7de-4006-80be-ffeab2e3922a<-e2e26bef-7a80-470b-89dc-752ae9b76223#0:FAIL-t58] and 0 exception(s); 7e02033f-e7de-4006-80be-ffeab2e3922a@group-B775CB1CFC79:t58, leader=null, voted=7e02033f-e7de-4006-80be-ffeab2e3922a, raftlog=7e02033f-e7de-4006-80be-ffeab2e3922a@group-B775CB1CFC79-SegmentedRaftLog:OPENED:c3,f4,i4, conf=0: [7d5bd66d-ed89-401c-bf86-050641c359fd:192.168.157.254:45704, e2e26bef-7a80-470b-89dc-752ae9b76223:192.168.157.254:36344, 7e02033f-e7de-4006-80be-ffeab2e3922a:192.168.157.254:33430], old=null
2019-10-16 21:00:33,767 [7e02033f-e7de-4006-80be-ffeab2e3922a@group-B775CB1CFC79-LeaderElection102] INFO  impl.RaftServerImpl (RaftServerImpl.java:setRole(184)) - 7e02033f-e7de-4006-80be-ffeab2e3922a@group-B775CB1CFC79: changes role from CANDIDATE to FOLLOWER at term 58 for DISCOVERED_A_NEW_TERM
2019-10-16 21:00:33,767 [7e02033f-e7de-4006-80be-ffeab2e3922a@group-B775CB1CFC79-LeaderElection102] INFO  impl.RoleInfo (RoleInfo.java:shutdownLeaderElection(134)) - 7e02033f-e7de-4006-80be-ffeab2e3922a: shutdown LeaderElection
2019-10-16 21:00:33,767 [7e02033f-e7de-4006-80be-ffeab2e3922a@group-B775CB1CFC79-LeaderElection102] INFO  impl.RoleInfo (RoleInfo.java:updateAndGet(143)) - 7e02033f-e7de-4006-80be-ffeab2e3922a: start FollowerState
2019-10-16 21:00:33,780 [Thread-1210] INFO  impl.FollowerState (FollowerState.java:run(108)) - 7d5bd66d-ed89-401c-bf86-050641c359fd@group-0777CA79DD7E-FollowerState: change to CANDIDATE, lastRpcTime:45ms, electionTimeout:45ms
2019-10-16 21:00:33,780 [Thread-1210] INFO  impl.RoleInfo (RoleInfo.java:shutdownFollowerState(121)) - 7d5bd66d-ed89-401c-bf86-050641c359fd: shutdown FollowerState
2019-10-16 21:00:33,780 [Thread-1210] INFO  impl.RaftServerImpl (RaftServerImpl.java:setRole(184)) - 7d5bd66d-ed89-401c-bf86-050641c359fd@group-0777CA79DD7E: changes role from  FOLLOWER to CANDIDATE at term 44 for changeToCandidate
2019-10-16 21:00:33,780 [Thread-1210] INFO  impl.RoleInfo (RoleInfo.java:updateAndGet(143)) - 7d5bd66d-ed89-401c-bf86-050641c359fd: start LeaderElection
2019-10-16 21:00:33,794 [7d5bd66d-ed89-401c-bf86-050641c359fd@group-0777CA79DD7E-LeaderElection103] INFO  impl.LeaderElection (LeaderElection.java:askForVotes(178)) - 7d5bd66d-ed89-401c-bf86-050641c359fd@group-0777CA79DD7E-LeaderElection103: begin an election at term 45 for -1: [7d5bd66d-ed89-401c-bf86-050641c359fd:192.168.157.254:45704, e2e26bef-7a80-470b-89dc-752ae9b76223:192.168.157.254:36344, 7e02033f-e7de-4006-80be-ffeab2e3922a:192.168.157.254:33430], old=null
2019-10-16 21:00:33,796 [grpc-default-executor-0] INFO  impl.RaftServerImpl (RaftServerImpl.java:setRole(184)) - e2e26bef-7a80-470b-89dc-752ae9b76223@group-0777CA79DD7E: changes role from  FOLLOWER to FOLLOWER at term 45 for recognizeCandidate:7d5bd66d-ed89-401c-bf86-050641c359fd
2019-10-16 21:00:33,796 [grpc-default-executor-5] INFO  impl.RaftServerImpl (RaftServerImpl.java:setRole(184)) - 7e02033f-e7de-4006-80be-ffeab2e3922a@group-0777CA79DD7E: changes role from  FOLLOWER to FOLLOWER at term 45 for recognizeCandidate:7d5bd66d-ed89-401c-bf86-050641c359fd
2019-10-16 21:00:33,796 [grpc-default-executor-0] INFO  impl.RoleInfo (RoleInfo.java:shutdownFollowerState(121)) - e2e26bef-7a80-470b-89dc-752ae9b76223: shutdown FollowerState
2019-10-16 21:00:33,796 [grpc-default-executor-5] INFO  impl.RoleInfo (RoleInfo.java:shutdownFollowerState(121)) - 7e02033f-e7de-4006-80be-ffeab2e3922a: shutdown FollowerState
2019-10-16 21:00:33,797 [Thread-1206] INFO  impl.FollowerState (FollowerState.java:run(117)) - e2e26bef-7a80-470b-89dc-752ae9b76223@group-0777CA79DD7E-FollowerState was interrupted: java.lang.InterruptedException: sleep interrupted
2019-10-16 21:00:33,797 [grpc-default-executor-0] INFO  impl.RoleInfo (RoleInfo.java:updateAndGet(143)) - e2e26bef-7a80-470b-89dc-752ae9b76223: start FollowerState
2019-10-16 21:00:33,797 [grpc-default-executor-5] INFO  impl.RoleInfo (RoleInfo.java:updateAndGet(143)) - 7e02033f-e7de-4006-80be-ffeab2e3922a: start FollowerState
2019-10-16 21:00:33,797 [Thread-1205] INFO  impl.FollowerState (FollowerState.java:run(117)) - 7e02033f-e7de-4006-80be-ffeab2e3922a@group-0777CA79DD7E-FollowerState was interrupted: java.lang.InterruptedException: sleep interrupted
2019-10-16 21:00:33,799 [Thread-1217] INFO  impl.FollowerState (FollowerState.java:run(108)) - 7e02033f-e7de-4006-80be-ffeab2e3922a@group-B775CB1CFC79-FollowerState: change to CANDIDATE, lastRpcTime:32ms, electionTimeout:32ms
2019-10-16 21:00:33,800 [Thread-1217] INFO  impl.RoleInfo (RoleInfo.java:shutdownFollowerState(121)) - 7e02033f-e7de-4006-80be-ffeab2e3922a: shutdown FollowerState
2019-10-16 21:00:33,800 [Thread-1217] INFO  impl.RaftServerImpl (RaftServerImpl.java:setRole(184)) - 7e02033f-e7de-4006-80be-ffeab2e3922a@group-B775CB1CFC79: changes role from  FOLLOWER to CANDIDATE at term 58 for changeToCandidate
2019-10-16 21:00:33,800 [Thread-1217] INFO  impl.RoleInfo (RoleInfo.java:updateAndGet(143)) - 7e02033f-e7de-4006-80be-ffeab2e3922a: start LeaderElection
2019-10-16 21:00:33,810 [7e02033f-e7de-4006-80be-ffeab2e3922a@group-B775CB1CFC79-LeaderElection104] INFO  impl.LeaderElection (LeaderElection.java:askForVotes(178)) - 7e02033f-e7de-4006-80be-ffeab2e3922a@group-B775CB1CFC79-LeaderElection104: begin an election at term 59 for 0: [7d5bd66d-ed89-401c-bf86-050641c359fd:192.168.157.254:45704, e2e26bef-7a80-470b-89dc-752ae9b76223:192.168.157.254:36344, 7e02033f-e7de-4006-80be-ffeab2e3922a:192.168.157.254:33430], old=null
2019-10-16 21:00:33,811 [7d5bd66d-ed89-401c-bf86-050641c359fd@group-0777CA79DD7E-LeaderElection103] INFO  impl.LeaderElection (LeaderElection.java:logAndReturn(56)) - 7d5bd66d-ed89-401c-bf86-050641c359fd@group-0777CA79DD7E-LeaderElection103: Election REJECTED; received 2 response(s) [7d5bd66d-ed89-401c-bf86-050641c359fd<-e2e26bef-7a80-470b-89dc-752ae9b76223#0:FAIL-t45, 7d5bd66d-ed89-401c-bf86-050641c359fd<-7e02033f-e7de-4006-80be-ffeab2e3922a#0:FAIL-t45] and 0 exception(s); 7d5bd66d-ed89-401c-bf86-050641c359fd@group-0777CA79DD7E:t45, leader=null, voted=7d5bd66d-ed89-401c-bf86-050641c359fd, raftlog=7d5bd66d-ed89-401c-bf86-050641c359fd@group-0777CA79DD7E-SegmentedRaftLog:OPENED:c-1,f-1,i0, conf=-1: [7d5bd66d-ed89-401c-bf86-050641c359fd:192.168.157.254:45704, e2e26bef-7a80-470b-89dc-752ae9b76223:192.168.157.254:36344, 7e02033f-e7de-4006-80be-ffeab2e3922a:192.168.157.254:33430], old=null
2019-10-16 21:00:33,811 [7d5bd66d-ed89-401c-bf86-050641c359fd@group-0777CA79DD7E-LeaderElection103] INFO  impl.RaftServerImpl (RaftServerImpl.java:setRole(184)) - 7d5bd66d-ed89-401c-bf86-050641c359fd@group-0777CA79DD7E: changes role from CANDIDATE to FOLLOWER at term 45 for DISCOVERED_A_NEW_TERM
2019-10-16 21:00:33,812 [7d5bd66d-ed89-401c-bf86-050641c359fd@group-0777CA79DD7E-LeaderElection103] INFO  impl.RoleInfo (RoleInfo.java:shutdownLeaderElection(134)) - 7d5bd66d-ed89-401c-bf86-050641c359fd: shutdown LeaderElection
2019-10-16 21:00:33,812 [7d5bd66d-ed89-401c-bf86-050641c359fd@group-0777CA79DD7E-LeaderElection103] INFO  impl.RoleInfo (RoleInfo.java:updateAndGet(143)) - 7d5bd66d-ed89-401c-bf86-050641c359fd: start FollowerState
2019-10-16 21:00:33,812 [grpc-default-executor-5] INFO  impl.RaftServerImpl (RaftServerImpl.java:setRole(184)) - 7d5bd66d-ed89-401c-bf86-050641c359fd@group-B775CB1CFC79: changes role from  FOLLOWER to FOLLOWER at term 59 for recognizeCandidate:7e02033f-e7de-4006-80be-ffeab2e3922a
2019-10-16 21:00:33,813 [grpc-default-executor-5] INFO  impl.RoleInfo (RoleInfo.java:shutdownFollowerState(121)) - 7d5bd66d-ed89-401c-bf86-050641c359fd: shutdown FollowerState
2019-10-16 21:00:33,813 [grpc-default-executor-0] INFO  impl.RaftServerImpl (RaftServerImpl.java:setRole(184)) - e2e26bef-7a80-470b-89dc-752ae9b76223@group-B775CB1CFC79: changes role from  FOLLOWER to FOLLOWER at term 59 for recognizeCandidate:7e02033f-e7de-4006-80be-ffeab2e3922a
2019-10-16 21:00:33,813 [Thread-1215] INFO  impl.FollowerState (FollowerState.java:run(117)) - 7d5bd66d-ed89-401c-bf86-050641c359fd@group-B775CB1CFC79-FollowerState was interrupted: java.lang.InterruptedException: sleep interrupted
2019-10-16 21:00:33,813 [grpc-default-executor-5] INFO  impl.RoleInfo (RoleInfo.java:updateAndGet(143)) - 7d5bd66d-ed89-401c-bf86-050641c359fd: start FollowerState
2019-10-16 21:00:33,813 [grpc-default-executor-0] INFO  impl.RoleInfo (RoleInfo.java:shutdownFollowerState(121)) - e2e26bef-7a80-470b-89dc-752ae9b76223: shutdown FollowerState
2019-10-16 21:00:33,813 [Thread-1216] INFO  impl.FollowerState (FollowerState.java:run(117)) - e2e26bef-7a80-470b-89dc-752ae9b76223@group-B775CB1CFC79-FollowerState was interrupted: java.lang.InterruptedException: sleep interrupted
2019-10-16 21:00:33,813 [grpc-default-executor-0] INFO  impl.RoleInfo (RoleInfo.java:updateAndGet(143)) - e2e26bef-7a80-470b-89dc-752ae9b76223: start FollowerState
2019-10-16 21:00:33,828 [7e02033f-e7de-4006-80be-ffeab2e3922a@group-B775CB1CFC79-LeaderElection104] INFO  impl.LeaderElection (LeaderElection.java:logAndReturn(56)) - 7e02033f-e7de-4006-80be-ffeab2e3922a@group-B775CB1CFC79-LeaderElection104: Election REJECTED; received 2 response(s) [7e02033f-e7de-4006-80be-ffeab2e3922a<-7d5bd66d-ed89-401c-bf86-050641c359fd#0:FAIL-t59, 7e02033f-e7de-4006-80be-ffeab2e3922a<-e2e26bef-7a80-470b-89dc-752ae9b76223#0:FAIL-t59] and 0 exception(s); 7e02033f-e7de-4006-80be-ffeab2e3922a@group-B775CB1CFC79:t59, leader=null, voted=7e02033f-e7de-4006-80be-ffeab2e3922a, raftlog=7e02033f-e7de-4006-80be-ffeab2e3922a@group-B775CB1CFC79-SegmentedRaftLog:OPENED:c3,f4,i4, conf=0: [7d5bd66d-ed89-401c-bf86-050641c359fd:192.168.157.254:45704, e2e26bef-7a80-470b-89dc-752ae9b76223:192.168.157.254:36344, 7e02033f-e7de-4006-80be-ffeab2e3922a:192.168.157.254:33430], old=null
2019-10-16 21:00:33,829 [7e02033f-e7de-4006-80be-ffeab2e3922a@group-B775CB1CFC79-LeaderElection104] INFO  impl.RaftServerImpl (RaftServerImpl.java:setRole(184)) - 7e02033f-e7de-4006-80be-ffeab2e3922a@group-B775CB1CFC79: changes role from CANDIDATE to FOLLOWER at term 59 for DISCOVERED_A_NEW_TERM
2019-10-16 21:00:33,829 [7e02033f-e7de-4006-80be-ffeab2e3922a@group-B775CB1CFC79-LeaderElection104] INFO  impl.RoleInfo (RoleInfo.java:shutdownLeaderElection(134)) - 7e02033f-e7de-4006-80be-ffeab2e3922a: shutdown LeaderElection
2019-10-16 21:00:33,829 [7e02033f-e7de-4006-80be-ffeab2e3922a@group-B775CB1CFC79-LeaderElection104] INFO  impl.RoleInfo (RoleInfo.java:updateAndGet(143)) - 7e02033f-e7de-4006-80be-ffeab2e3922a: start FollowerState
2019-10-16 21:00:33,856 [Thread-1229] INFO  impl.FollowerState (FollowerState.java:run(108)) - 7e02033f-e7de-4006-80be-ffeab2e3922a@group-B775CB1CFC79-FollowerState: change to CANDIDATE, lastRpcTime:27ms, electionTimeout:27ms
2019-10-16 21:00:33,856 [Thread-1229] INFO  impl.RoleInfo (RoleInfo.java:shutdownFollowerState(121)) - 7e02033f-e7de-4006-80be-ffeab2e3922a: shutdown FollowerState
2019-10-16 21:00:33,857 [Thread-1229] INFO  impl.RaftServerImpl (RaftServerImpl.java:setRole(184)) - 7e02033f-e7de-4006-80be-ffeab2e3922a@group-B775CB1CFC79: changes role from  FOLLOWER to CANDIDATE at term 59 for changeToCandidate
2019-10-16 21:00:33,857 [Thread-1229] INFO  impl.RoleInfo (RoleInfo.java:updateAndGet(143)) - 7e02033f-e7de-4006-80be-ffeab2e3922a: start LeaderElection
2019-10-16 21:00:33,870 [7e02033f-e7de-4006-80be-ffeab2e3922a@group-B775CB1CFC79-LeaderElection105] INFO  impl.LeaderElection (LeaderElection.java:askForVotes(178)) - 7e02033f-e7de-4006-80be-ffeab2e3922a@group-B775CB1CFC79-LeaderElection105: begin an election at term 60 for 0: [7d5bd66d-ed89-401c-bf86-050641c359fd:192.168.157.254:45704, e2e26bef-7a80-470b-89dc-752ae9b76223:192.168.157.254:36344, 7e02033f-e7de-4006-80be-ffeab2e3922a:192.168.157.254:33430], old=null
2019-10-16 21:00:33,872 [grpc-default-executor-5] INFO  impl.RaftServerImpl (RaftServerImpl.java:setRole(184)) - e2e26bef-7a80-470b-89dc-752ae9b76223@group-B775CB1CFC79: changes role from  FOLLOWER to FOLLOWER at term 60 for recognizeCandidate:7e02033f-e7de-4006-80be-ffeab2e3922a
2019-10-16 21:00:33,872 [grpc-default-executor-0] INFO  impl.RaftServerImpl (RaftServerImpl.java:setRole(184)) - 7d5bd66d-ed89-401c-bf86-050641c359fd@group-B775CB1CFC79: changes role from  FOLLOWER to FOLLOWER at term 60 for recognizeCandidate:7e02033f-e7de-4006-80be-ffeab2e3922a
2019-10-16 21:00:33,872 [grpc-default-executor-5] INFO  impl.RoleInfo (RoleInfo.java:shutdownFollowerState(121)) - e2e26bef-7a80-470b-89dc-752ae9b76223: shutdown FollowerState
2019-10-16 21:00:33,873 [grpc-default-executor-0] INFO  impl.RoleInfo (RoleInfo.java:shutdownFollowerState(121)) - 7d5bd66d-ed89-401c-bf86-050641c359fd: shutdown FollowerState
2019-10-16 21:00:33,873 [Thread-1228] INFO  impl.FollowerState (FollowerState.java:run(117)) - e2e26bef-7a80-470b-89dc-752ae9b76223@group-B775CB1CFC79-FollowerState was interrupted: java.lang.InterruptedException: sleep interrupted
2019-10-16 21:00:33,873 [grpc-default-executor-5] INFO  impl.RoleInfo (RoleInfo.java:updateAndGet(143)) - e2e26bef-7a80-470b-89dc-752ae9b76223: start FollowerState
2019-10-16 21:00:33,873 [grpc-default-executor-0] INFO  impl.RoleInfo (RoleInfo.java:updateAndGet(143)) - 7d5bd66d-ed89-401c-bf86-050641c359fd: start FollowerState
2019-10-16 21:00:33,873 [Thread-1227] INFO  impl.FollowerState (FollowerState.java:run(117)) - 7d5bd66d-ed89-401c-bf86-050641c359fd@group-B775CB1CFC79-FollowerState was interrupted: java.lang.InterruptedException: sleep interrupted
2019-10-16 21:00:33,885 [7e02033f-e7de-4006-80be-ffeab2e3922a@group-B775CB1CFC79-LeaderElection105] INFO  impl.LeaderElection (LeaderElection.java:logAndReturn(56)) - 7e02033f-e7de-4006-80be-ffeab2e3922a@group-B775CB1CFC79-LeaderElection105: Election TIMEOUT; received 0 response(s) [] and 0 exception(s); 7e02033f-e7de-4006-80be-ffeab2e3922a@group-B775CB1CFC79:t60, leader=null, voted=7e02033f-e7de-4006-80be-ffeab2e3922a, raftlog=7e02033f-e7de-4006-80be-ffeab2e3922a@group-B775CB1CFC79-SegmentedRaftLog:OPENED:c3,f4,i4, conf=0: [7d5bd66d-ed89-401c-bf86-050641c359fd:192.168.157.254:45704, e2e26bef-7a80-470b-89dc-752ae9b76223:192.168.157.254:36344, 7e02033f-e7de-4006-80be-ffeab2e3922a:192.168.157.254:33430], old=null
2019-10-16 21:00:33,890 [7e02033f-e7de-4006-80be-ffeab2e3922a@group-B775CB1CFC79-LeaderElection105] INFO  impl.LeaderElection (LeaderElection.java:askForVotes(178)) - 7e02033f-e7de-4006-80be-ffeab2e3922a@group-B775CB1CFC79-LeaderElection105: begin an election at term 61 for 0: [7d5bd66d-ed89-401c-bf86-050641c359fd:192.168.157.254:45704, e2e26bef-7a80-470b-89dc-752ae9b76223:192.168.157.254:36344, 7e02033f-e7de-4006-80be-ffeab2e3922a:192.168.157.254:33430], old=null
2019-10-16 21:00:33,891 [grpc-default-executor-5] INFO  impl.RaftServerImpl (RaftServerImpl.java:setRole(184)) - e2e26bef-7a80-470b-89dc-752ae9b76223@group-B775CB1CFC79: changes role from  FOLLOWER to FOLLOWER at term 61 for recognizeCandidate:7e02033f-e7de-4006-80be-ffeab2e3922a
2019-10-16 21:00:33,891 [grpc-default-executor-5] INFO  impl.RoleInfo (RoleInfo.java:shutdownFollowerState(121)) - e2e26bef-7a80-470b-89dc-752ae9b76223: shutdown FollowerState
2019-10-16 21:00:33,891 [grpc-default-executor-0] INFO  impl.RaftServerImpl (RaftServerImpl.java:setRole(184)) - 7d5bd66d-ed89-401c-bf86-050641c359fd@group-B775CB1CFC79: changes role from  FOLLOWER to FOLLOWER at term 61 for recognizeCandidate:7e02033f-e7de-4006-80be-ffeab2e3922a
2019-10-16 21:00:33,892 [Thread-1233] INFO  impl.FollowerState (FollowerState.java:run(117)) - e2e26bef-7a80-470b-89dc-752ae9b76223@group-B775CB1CFC79-FollowerState was interrupted: java.lang.InterruptedException: sleep interrupted
2019-10-16 21:00:33,892 [grpc-default-executor-5] INFO  impl.RoleInfo (RoleInfo.java:updateAndGet(143)) - e2e26bef-7a80-470b-89dc-752ae9b76223: start FollowerState
2019-10-16 21:00:33,892 [grpc-default-executor-0] INFO  impl.RoleInfo (RoleInfo.java:shutdownFollowerState(121)) - 7d5bd66d-ed89-401c-bf86-050641c359fd: shutdown FollowerState
2019-10-16 21:00:33,892 [grpc-default-executor-0] INFO  impl.RoleInfo (RoleInfo.java:updateAndGet(143)) - 7d5bd66d-ed89-401c-bf86-050641c359fd: start FollowerState
2019-10-16 21:00:33,892 [Thread-1234] INFO  impl.FollowerState (FollowerState.java:run(117)) - 7d5bd66d-ed89-401c-bf86-050641c359fd@group-B775CB1CFC79-FollowerState was interrupted: java.lang.InterruptedException: sleep interrupted
2019-10-16 21:00:33,894 [BlockDeletingService#2] WARN  background.BlockDeletingService (BlockDeletingService.java:isDeletionAllowed(187)) - Close Container log Index 6 is not replicated across allthe servers in the pipeline 4fea0e3a-b978-493d-b2ed-b775cb1cfc79 as the min replicated index is 4. Deletion is not allowed in this container yet.
2019-10-16 21:00:33,894 [BlockDeletingService#2] WARN  background.BlockDeletingService (BlockDeletingService.java:isDeletionAllowed(187)) - Close Container log Index 6 is not replicated across allthe servers in the pipeline 4fea0e3a-b978-493d-b2ed-b775cb1cfc79 as the min replicated index is 4. Deletion is not allowed in this container yet.
2019-10-16 21:00:33,906 [7e02033f-e7de-4006-80be-ffeab2e3922a@group-B775CB1CFC79-LeaderElection105] INFO  impl.LeaderElection (LeaderElection.java:logAndReturn(56)) - 7e02033f-e7de-4006-80be-ffeab2e3922a@group-B775CB1CFC79-LeaderElection105: Election REJECTED; received 2 response(s) [7e02033f-e7de-4006-80be-ffeab2e3922a<-7d5bd66d-ed89-401c-bf86-050641c359fd#0:FAIL-t61, 7e02033f-e7de-4006-80be-ffeab2e3922a<-e2e26bef-7a80-470b-89dc-752ae9b76223#0:FAIL-t61] and 0 exception(s); 7e02033f-e7de-4006-80be-ffeab2e3922a@group-B775CB1CFC79:t61, leader=null, voted=7e02033f-e7de-4006-80be-ffeab2e3922a, raftlog=7e02033f-e7de-4006-80be-ffeab2e3922a@group-B775CB1CFC79-SegmentedRaftLog:OPENED:c3,f4,i4, conf=0: [7d5bd66d-ed89-401c-bf86-050641c359fd:192.168.157.254:45704, e2e26bef-7a80-470b-89dc-752ae9b76223:192.168.157.254:36344, 7e02033f-e7de-4006-80be-ffeab2e3922a:192.168.157.254:33430], old=null
2019-10-16 21:00:33,906 [7e02033f-e7de-4006-80be-ffeab2e3922a@group-B775CB1CFC79-LeaderElection105] INFO  impl.RaftServerImpl (RaftServerImpl.java:setRole(184)) - 7e02033f-e7de-4006-80be-ffeab2e3922a@group-B775CB1CFC79: changes role from CANDIDATE to FOLLOWER at term 61 for DISCOVERED_A_NEW_TERM
2019-10-16 21:00:33,906 [7e02033f-e7de-4006-80be-ffeab2e3922a@group-B775CB1CFC79-LeaderElection105] INFO  impl.RoleInfo (RoleInfo.java:shutdownLeaderElection(134)) - 7e02033f-e7de-4006-80be-ffeab2e3922a: shutdown LeaderElection
2019-10-16 21:00:33,906 [7e02033f-e7de-4006-80be-ffeab2e3922a@group-B775CB1CFC79-LeaderElection105] INFO  impl.RoleInfo (RoleInfo.java:updateAndGet(143)) - 7e02033f-e7de-4006-80be-ffeab2e3922a: start FollowerState
2019-10-16 21:00:33,917 [Thread-1226] INFO  impl.FollowerState (FollowerState.java:run(108)) - 7d5bd66d-ed89-401c-bf86-050641c359fd@group-0777CA79DD7E-FollowerState: change to CANDIDATE, lastRpcTime:105ms, electionTimeout:105ms
2019-10-16 21:00:33,917 [Thread-1226] INFO  impl.RoleInfo (RoleInfo.java:shutdownFollowerState(121)) - 7d5bd66d-ed89-401c-bf86-050641c359fd: shutdown FollowerState
2019-10-16 21:00:33,917 [Thread-1226] INFO  impl.RaftServerImpl (RaftServerImpl.java:setRole(184)) - 7d5bd66d-ed89-401c-bf86-050641c359fd@group-0777CA79DD7E: changes role from  FOLLOWER to CANDIDATE at term 45 for changeToCandidate
2019-10-16 21:00:33,918 [Thread-1226] INFO  impl.RoleInfo (RoleInfo.java:updateAndGet(143)) - 7d5bd66d-ed89-401c-bf86-050641c359fd: start LeaderElection
2019-10-16 21:00:33,930 [7d5bd66d-ed89-401c-bf86-050641c359fd@group-0777CA79DD7E-LeaderElection106] INFO  impl.LeaderElection (LeaderElection.java:askForVotes(178)) - 7d5bd66d-ed89-401c-bf86-050641c359fd@group-0777CA79DD7E-LeaderElection106: begin an election at term 46 for -1: [7d5bd66d-ed89-401c-bf86-050641c359fd:192.168.157.254:45704, e2e26bef-7a80-470b-89dc-752ae9b76223:192.168.157.254:36344, 7e02033f-e7de-4006-80be-ffeab2e3922a:192.168.157.254:33430], old=null
2019-10-16 21:00:33,932 [grpc-default-executor-5] INFO  impl.RaftServerImpl (RaftServerImpl.java:setRole(184)) - 7e02033f-e7de-4006-80be-ffeab2e3922a@group-0777CA79DD7E: changes role from  FOLLOWER to FOLLOWER at term 46 for recognizeCandidate:7d5bd66d-ed89-401c-bf86-050641c359fd
2019-10-16 21:00:33,932 [grpc-default-executor-5] INFO  impl.RoleInfo (RoleInfo.java:shutdownFollowerState(121)) - 7e02033f-e7de-4006-80be-ffeab2e3922a: shutdown FollowerState
2019-10-16 21:00:33,932 [grpc-default-executor-5] INFO  impl.RoleInfo (RoleInfo.java:updateAndGet(143)) - 7e02033f-e7de-4006-80be-ffeab2e3922a: start FollowerState
2019-10-16 21:00:33,932 [grpc-default-executor-0] INFO  impl.RaftServerImpl (RaftServerImpl.java:setRole(184)) - e2e26bef-7a80-470b-89dc-752ae9b76223@group-0777CA79DD7E: changes role from  FOLLOWER to FOLLOWER at term 46 for recognizeCandidate:7d5bd66d-ed89-401c-bf86-050641c359fd
2019-10-16 21:00:33,932 [Thread-1222] INFO  impl.FollowerState (FollowerState.java:run(117)) - 7e02033f-e7de-4006-80be-ffeab2e3922a@group-0777CA79DD7E-FollowerState was interrupted: java.lang.InterruptedException: sleep interrupted
2019-10-16 21:00:33,932 [grpc-default-executor-0] INFO  impl.RoleInfo (RoleInfo.java:shutdownFollowerState(121)) - e2e26bef-7a80-470b-89dc-752ae9b76223: shutdown FollowerState
2019-10-16 21:00:33,932 [grpc-default-executor-0] INFO  impl.RoleInfo (RoleInfo.java:updateAndGet(143)) - e2e26bef-7a80-470b-89dc-752ae9b76223: start FollowerState
2019-10-16 21:00:33,932 [Thread-1221] INFO  impl.FollowerState (FollowerState.java:run(117)) - e2e26bef-7a80-470b-89dc-752ae9b76223@group-0777CA79DD7E-FollowerState was interrupted: java.lang.InterruptedException: sleep interrupted
2019-10-16 21:00:33,952 [7d5bd66d-ed89-401c-bf86-050641c359fd@group-0777CA79DD7E-LeaderElection106] INFO  impl.LeaderElection (LeaderElection.java:logAndReturn(56)) - 7d5bd66d-ed89-401c-bf86-050641c359fd@group-0777CA79DD7E-LeaderElection106: Election REJECTED; received 2 response(s) [7d5bd66d-ed89-401c-bf86-050641c359fd<-e2e26bef-7a80-470b-89dc-752ae9b76223#0:FAIL-t46, 7d5bd66d-ed89-401c-bf86-050641c359fd<-7e02033f-e7de-4006-80be-ffeab2e3922a#0:FAIL-t46] and 0 exception(s); 7d5bd66d-ed89-401c-bf86-050641c359fd@group-0777CA79DD7E:t46, leader=null, voted=7d5bd66d-ed89-401c-bf86-050641c359fd, raftlog=7d5bd66d-ed89-401c-bf86-050641c359fd@group-0777CA79DD7E-SegmentedRaftLog:OPENED:c-1,f-1,i0, conf=-1: [7d5bd66d-ed89-401c-bf86-050641c359fd:192.168.157.254:45704, e2e26bef-7a80-470b-89dc-752ae9b76223:192.168.157.254:36344, 7e02033f-e7de-4006-80be-ffeab2e3922a:192.168.157.254:33430], old=null
2019-10-16 21:00:33,952 [7d5bd66d-ed89-401c-bf86-050641c359fd@group-0777CA79DD7E-LeaderElection106] INFO  impl.RaftServerImpl (RaftServerImpl.java:setRole(184)) - 7d5bd66d-ed89-401c-bf86-050641c359fd@group-0777CA79DD7E: changes role from CANDIDATE to FOLLOWER at term 46 for DISCOVERED_A_NEW_TERM
2019-10-16 21:00:33,952 [7d5bd66d-ed89-401c-bf86-050641c359fd@group-0777CA79DD7E-LeaderElection106] INFO  impl.RoleInfo (RoleInfo.java:shutdownLeaderElection(134)) - 7d5bd66d-ed89-401c-bf86-050641c359fd: shutdown LeaderElection
2019-10-16 21:00:33,952 [7d5bd66d-ed89-401c-bf86-050641c359fd@group-0777CA79DD7E-LeaderElection106] INFO  impl.RoleInfo (RoleInfo.java:updateAndGet(143)) - 7d5bd66d-ed89-401c-bf86-050641c359fd: start FollowerState
]]></system-out>
    <system-err><![CDATA[ERROR StatusLogger No Log4j 2 configuration file found. Using default configuration (logging only errors to the console), or user programmatically provided configurations. Set system property 'log4j2.debug' to show Log4j 2 internal initialization logging. See https://logging.apache.org/log4j/2.x/manual/configuration.html for instructions on how to configure Log4j 2
Oct 16, 2019 8:58:48 PM org.apache.ratis.thirdparty.io.grpc.internal.SerializingExecutor run
SEVERE: Exception while executing runnable org.apache.ratis.thirdparty.io.grpc.internal.ServerImpl$JumpToApplicationThreadServerStreamListener$1Closed@63b96111
org.apache.ratis.thirdparty.io.grpc.StatusRuntimeException: CANCELLED: call already cancelled
	at org.apache.ratis.thirdparty.io.grpc.Status.asRuntimeException(Status.java:517)
	at org.apache.ratis.thirdparty.io.grpc.stub.ServerCalls$ServerCallStreamObserverImpl.onCompleted(ServerCalls.java:356)
	at org.apache.ratis.grpc.server.GrpcServerProtocolService$ServerRequestStreamObserver.onError(GrpcServerProtocolService.java:121)
	at org.apache.ratis.thirdparty.io.grpc.stub.ServerCalls$StreamingServerCallHandler$StreamingServerCallListener.onCancel(ServerCalls.java:269)
	at org.apache.ratis.thirdparty.io.grpc.internal.ServerCallImpl$ServerStreamListenerImpl.closed(ServerCallImpl.java:293)
	at org.apache.ratis.thirdparty.io.grpc.internal.ServerImpl$JumpToApplicationThreadServerStreamListener$1Closed.runInContext(ServerImpl.java:741)
	at org.apache.ratis.thirdparty.io.grpc.internal.ContextRunnable.run(ContextRunnable.java:37)
	at org.apache.ratis.thirdparty.io.grpc.internal.SerializingExecutor.run(SerializingExecutor.java:123)
	at java.util.concurrent.ThreadPoolExecutor.runWorker(ThreadPoolExecutor.java:1149)
	at java.util.concurrent.ThreadPoolExecutor$Worker.run(ThreadPoolExecutor.java:624)
	at java.lang.Thread.run(Thread.java:748)

Oct 16, 2019 8:58:48 PM org.apache.ratis.thirdparty.io.grpc.internal.SerializingExecutor run
SEVERE: Exception while executing runnable org.apache.ratis.thirdparty.io.grpc.internal.ClientCallImpl$ClientStreamListenerImpl$1StreamClosed@766666ce
java.lang.NullPointerException
	at org.apache.ratis.grpc.server.GrpcLogAppender$AppendLogResponseHandler.onError(GrpcLogAppender.java:303)
	at org.apache.ratis.thirdparty.io.grpc.stub.ClientCalls$StreamObserverToCallListenerAdapter.onClose(ClientCalls.java:434)
	at org.apache.ratis.thirdparty.io.grpc.PartialForwardingClientCallListener.onClose(PartialForwardingClientCallListener.java:39)
	at org.apache.ratis.thirdparty.io.grpc.ForwardingClientCallListener.onClose(ForwardingClientCallListener.java:23)
	at org.apache.ratis.thirdparty.io.grpc.ForwardingClientCallListener$SimpleForwardingClientCallListener.onClose(ForwardingClientCallListener.java:40)
	at org.apache.ratis.thirdparty.io.grpc.internal.CensusStatsModule$StatsClientInterceptor$1$1.onClose(CensusStatsModule.java:678)
	at org.apache.ratis.thirdparty.io.grpc.PartialForwardingClientCallListener.onClose(PartialForwardingClientCallListener.java:39)
	at org.apache.ratis.thirdparty.io.grpc.ForwardingClientCallListener.onClose(ForwardingClientCallListener.java:23)
	at org.apache.ratis.thirdparty.io.grpc.ForwardingClientCallListener$SimpleForwardingClientCallListener.onClose(ForwardingClientCallListener.java:40)
	at org.apache.ratis.thirdparty.io.grpc.internal.CensusTracingModule$TracingClientInterceptor$1$1.onClose(CensusTracingModule.java:397)
	at org.apache.ratis.thirdparty.io.grpc.internal.ClientCallImpl.closeObserver(ClientCallImpl.java:459)
	at org.apache.ratis.thirdparty.io.grpc.internal.ClientCallImpl.access$300(ClientCallImpl.java:63)
	at org.apache.ratis.thirdparty.io.grpc.internal.ClientCallImpl$ClientStreamListenerImpl.close(ClientCallImpl.java:546)
	at org.apache.ratis.thirdparty.io.grpc.internal.ClientCallImpl$ClientStreamListenerImpl.access$600(ClientCallImpl.java:467)
	at org.apache.ratis.thirdparty.io.grpc.internal.ClientCallImpl$ClientStreamListenerImpl$1StreamClosed.runInContext(ClientCallImpl.java:584)
	at org.apache.ratis.thirdparty.io.grpc.internal.ContextRunnable.run(ContextRunnable.java:37)
	at org.apache.ratis.thirdparty.io.grpc.internal.SerializingExecutor.run(SerializingExecutor.java:123)
	at java.util.concurrent.ThreadPoolExecutor.runWorker(ThreadPoolExecutor.java:1149)
	at java.util.concurrent.ThreadPoolExecutor$Worker.run(ThreadPoolExecutor.java:624)
	at java.lang.Thread.run(Thread.java:748)

]]></system-err>
  </testcase>
</testsuite>