<?xml version="1.0" encoding="UTF-8"?>
<testsuite xmlns:xsi="http://www.w3.org/2001/XMLSchema-instance" xsi:noNamespaceSchemaLocation="https://maven.apache.org/surefire/maven-surefire-plugin/xsd/surefire-test-report.xsd" name="org.apache.hadoop.ozone.client.rpc.TestOzoneRpcClient" time="77.52" tests="1" errors="1" skipped="0" failures="0">
  <properties>
    <property name="awt.toolkit" value="sun.awt.X11.XToolkit"/>
    <property name="file.encoding.pkg" value="sun.io"/>
    <property name="java.specification.version" value="1.8"/>
    <property name="sun.cpu.isalist" value=""/>
    <property name="sun.jnu.encoding" value="ANSI_X3.4-1968"/>
    <property name="java.class.path" value="/workdir/hadoop-ozone/integration-test/target/test-classes:/workdir/hadoop-ozone/integration-test/target/classes:/home/user/.m2/repository/org/apache/hadoop/hadoop-ozone-common/0.5.0-SNAPSHOT/hadoop-ozone-common-0.5.0-SNAPSHOT.jar:/home/user/.m2/repository/org/apache/commons/commons-compress/1.4.1/commons-compress-1.4.1.jar:/home/user/.m2/repository/org/tukaani/xz/1.0/xz-1.0.jar:/home/user/.m2/repository/org/apache/hadoop/hadoop-common/3.2.0/hadoop-common-3.2.0.jar:/home/user/.m2/repository/org/apache/hadoop/hadoop-hdfs/3.2.0/hadoop-hdfs-3.2.0.jar:/home/user/.m2/repository/org/apache/hadoop/hadoop-hdfs-client/3.2.0/hadoop-hdfs-client-3.2.0.jar:/home/user/.m2/repository/com/fasterxml/jackson/core/jackson-annotations/2.9.9/jackson-annotations-2.9.9.jar:/home/user/.m2/repository/org/apache/hadoop/hadoop-hdds-common/0.5.0-SNAPSHOT/hadoop-hdds-common-0.5.0-SNAPSHOT.jar:/home/user/.m2/repository/javax/annotation/javax.annotation-api/1.2/javax.annotation-api-1.2.jar:/home/user/.m2/repository/org/apache/ratis/ratis-server/0.5.0-3f446aa-SNAPSHOT/ratis-server-0.5.0-3f446aa-SNAPSHOT.jar:/home/user/.m2/repository/org/apache/ratis/ratis-thirdparty-misc/0.2.0/ratis-thirdparty-misc-0.2.0.jar:/home/user/.m2/repository/org/apache/ratis/ratis-proto/0.5.0-3f446aa-SNAPSHOT/ratis-proto-0.5.0-3f446aa-SNAPSHOT.jar:/home/user/.m2/repository/org/apache/ratis/ratis-common/0.5.0-3f446aa-SNAPSHOT/ratis-common-0.5.0-3f446aa-SNAPSHOT.jar:/home/user/.m2/repository/org/apache/ratis/ratis-client/0.5.0-3f446aa-SNAPSHOT/ratis-client-0.5.0-3f446aa-SNAPSHOT.jar:/home/user/.m2/repository/org/apache/ratis/ratis-metrics/0.5.0-3f446aa-SNAPSHOT/ratis-metrics-0.5.0-3f446aa-SNAPSHOT.jar:/home/user/.m2/repository/com/github/joshelser/dropwizard-metrics-hadoop-metrics2-reporter/0.1.2/dropwizard-metrics-hadoop-metrics2-reporter-0.1.2.jar:/home/user/.m2/repository/io/dropwizard/metrics/metrics-jvm/3.2.5/metrics-jvm-3.2.5.jar:/home/user/.m2/repository/io/dropwizard/metrics/metrics-ganglia/3.2.5/metrics-ganglia-3.2.5.jar:/home/user/.m2/repository/info/ganglia/gmetric4j/gmetric4j/1.0.7/gmetric4j-1.0.7.jar:/home/user/.m2/repository/org/apache/ratis/ratis-netty/0.5.0-3f446aa-SNAPSHOT/ratis-netty-0.5.0-3f446aa-SNAPSHOT.jar:/home/user/.m2/repository/org/apache/ratis/ratis-grpc/0.5.0-3f446aa-SNAPSHOT/ratis-grpc-0.5.0-3f446aa-SNAPSHOT.jar:/home/user/.m2/repository/org/rocksdb/rocksdbjni/6.0.1/rocksdbjni-6.0.1.jar:/home/user/.m2/repository/org/apache/logging/log4j/log4j-api/2.11.0/log4j-api-2.11.0.jar:/home/user/.m2/repository/org/apache/logging/log4j/log4j-core/2.11.0/log4j-core-2.11.0.jar:/home/user/.m2/repository/com/lmax/disruptor/3.4.2/disruptor-3.4.2.jar:/home/user/.m2/repository/org/apache/commons/commons-pool2/2.6.0/commons-pool2-2.6.0.jar:/home/user/.m2/repository/org/bouncycastle/bcpkix-jdk15on/1.60/bcpkix-jdk15on-1.60.jar:/home/user/.m2/repository/commons-validator/commons-validator/1.6/commons-validator-1.6.jar:/home/user/.m2/repository/commons-digester/commons-digester/1.8.1/commons-digester-1.8.1.jar:/home/user/.m2/repository/io/jaegertracing/jaeger-client/0.34.0/jaeger-client-0.34.0.jar:/home/user/.m2/repository/io/jaegertracing/jaeger-thrift/0.34.0/jaeger-thrift-0.34.0.jar:/home/user/.m2/repository/org/apache/thrift/libthrift/0.12.0/libthrift-0.12.0.jar:/home/user/.m2/repository/com/squareup/okhttp3/okhttp/3.9.0/okhttp-3.9.0.jar:/home/user/.m2/repository/com/squareup/okio/okio/1.13.0/okio-1.13.0.jar:/home/user/.m2/repository/io/jaegertracing/jaeger-core/0.34.0/jaeger-core-0.34.0.jar:/home/user/.m2/repository/io/jaegertracing/jaeger-tracerresolver/0.34.0/jaeger-tracerresolver-0.34.0.jar:/home/user/.m2/repository/io/opentracing/contrib/opentracing-tracerresolver/0.1.5/opentracing-tracerresolver-0.1.5.jar:/home/user/.m2/repository/io/opentracing/opentracing-util/0.31.0/opentracing-util-0.31.0.jar:/home/user/.m2/repository/io/opentracing/opentracing-api/0.31.0/opentracing-api-0.31.0.jar:/home/user/.m2/repository/io/opentracing/opentracing-noop/0.31.0/opentracing-noop-0.31.0.jar:/home/user/.m2/repository/org/apache/hadoop/hadoop-hdds-server-framework/0.5.0-SNAPSHOT/hadoop-hdds-server-framework-0.5.0-SNAPSHOT.jar:/home/user/.m2/repository/org/apache/hadoop/hadoop-hdds-container-service/0.5.0-SNAPSHOT/hadoop-hdds-container-service-0.5.0-SNAPSHOT.jar:/home/user/.m2/repository/org/apache/hadoop/hadoop-hdds-client/0.5.0-SNAPSHOT/hadoop-hdds-client-0.5.0-SNAPSHOT.jar:/home/user/.m2/repository/org/apache/hadoop/hadoop-hdds-tools/0.5.0-SNAPSHOT/hadoop-hdds-tools-0.5.0-SNAPSHOT.jar:/home/user/.m2/repository/org/apache/hadoop/hadoop-hdds-server-scm/0.5.0-SNAPSHOT/hadoop-hdds-server-scm-0.5.0-SNAPSHOT.jar:/home/user/.m2/repository/org/apache/hadoop/hadoop-hdds-docs/0.5.0-SNAPSHOT/hadoop-hdds-docs-0.5.0-SNAPSHOT.jar:/home/user/.m2/repository/io/dropwizard/metrics/metrics-core/3.2.4/metrics-core-3.2.4.jar:/home/user/.m2/repository/org/hamcrest/hamcrest-all/1.3/hamcrest-all-1.3.jar:/home/user/.m2/repository/org/bouncycastle/bcprov-jdk15on/1.60/bcprov-jdk15on-1.60.jar:/home/user/.m2/repository/info/picocli/picocli/3.9.6/picocli-3.9.6.jar:/home/user/.m2/repository/com/google/protobuf/protobuf-java/2.5.0/protobuf-java-2.5.0.jar:/home/user/.m2/repository/com/google/guava/guava/11.0.2/guava-11.0.2.jar:/home/user/.m2/repository/org/apache/hadoop/hadoop-ozone-ozone-manager/0.5.0-SNAPSHOT/hadoop-ozone-ozone-manager-0.5.0-SNAPSHOT.jar:/home/user/.m2/repository/org/apache/hadoop/hadoop-minikdc/3.2.0/hadoop-minikdc-3.2.0.jar:/home/user/.m2/repository/commons-io/commons-io/2.5/commons-io-2.5.jar:/home/user/.m2/repository/org/apache/kerby/kerb-simplekdc/1.0.1/kerb-simplekdc-1.0.1.jar:/home/user/.m2/repository/org/apache/kerby/kerb-client/1.0.1/kerb-client-1.0.1.jar:/home/user/.m2/repository/org/apache/kerby/kerby-config/1.0.1/kerby-config-1.0.1.jar:/home/user/.m2/repository/org/apache/kerby/kerb-core/1.0.1/kerb-core-1.0.1.jar:/home/user/.m2/repository/org/apache/kerby/kerby-pkix/1.0.1/kerby-pkix-1.0.1.jar:/home/user/.m2/repository/org/apache/kerby/kerby-asn1/1.0.1/kerby-asn1-1.0.1.jar:/home/user/.m2/repository/org/apache/kerby/kerby-util/1.0.1/kerby-util-1.0.1.jar:/home/user/.m2/repository/org/apache/kerby/kerb-common/1.0.1/kerb-common-1.0.1.jar:/home/user/.m2/repository/org/apache/kerby/kerb-crypto/1.0.1/kerb-crypto-1.0.1.jar:/home/user/.m2/repository/org/apache/kerby/kerb-util/1.0.1/kerb-util-1.0.1.jar:/home/user/.m2/repository/org/apache/kerby/token-provider/1.0.1/token-provider-1.0.1.jar:/home/user/.m2/repository/org/apache/kerby/kerb-admin/1.0.1/kerb-admin-1.0.1.jar:/home/user/.m2/repository/org/apache/kerby/kerb-server/1.0.1/kerb-server-1.0.1.jar:/home/user/.m2/repository/org/apache/kerby/kerb-identity/1.0.1/kerb-identity-1.0.1.jar:/home/user/.m2/repository/org/apache/kerby/kerby-xdr/1.0.1/kerby-xdr-1.0.1.jar:/home/user/.m2/repository/org/slf4j/slf4j-log4j12/1.7.25/slf4j-log4j12-1.7.25.jar:/home/user/.m2/repository/org/apache/hadoop/hadoop-ozone-s3gateway/0.5.0-SNAPSHOT/hadoop-ozone-s3gateway-0.5.0-SNAPSHOT.jar:/home/user/.m2/repository/org/jboss/weld/servlet/weld-servlet/2.4.7.Final/weld-servlet-2.4.7.Final.jar:/home/user/.m2/repository/org/glassfish/jersey/containers/jersey-container-servlet-core/2.27/jersey-container-servlet-core-2.27.jar:/home/user/.m2/repository/org/glassfish/hk2/external/javax.inject/2.5.0-b42/javax.inject-2.5.0-b42.jar:/home/user/.m2/repository/org/glassfish/jersey/core/jersey-common/2.27/jersey-common-2.27.jar:/home/user/.m2/repository/org/glassfish/hk2/osgi-resource-locator/1.0.1/osgi-resource-locator-1.0.1.jar:/home/user/.m2/repository/javax/ws/rs/javax.ws.rs-api/2.1/javax.ws.rs-api-2.1.jar:/home/user/.m2/repository/org/glassfish/jersey/ext/cdi/jersey-cdi1x/2.27/jersey-cdi1x-2.27.jar:/home/user/.m2/repository/org/glassfish/jersey/inject/jersey-hk2/2.27/jersey-hk2-2.27.jar:/home/user/.m2/repository/org/glassfish/hk2/hk2-locator/2.5.0-b42/hk2-locator-2.5.0-b42.jar:/home/user/.m2/repository/org/javassist/javassist/3.22.0-CR2/javassist-3.22.0-CR2.jar:/home/user/.m2/repository/org/glassfish/hk2/hk2-api/2.5.0/hk2-api-2.5.0.jar:/home/user/.m2/repository/org/glassfish/hk2/external/jakarta.inject/2.5.0/jakarta.inject-2.5.0.jar:/home/user/.m2/repository/org/glassfish/hk2/hk2-utils/2.5.0/hk2-utils-2.5.0.jar:/home/user/.m2/repository/jakarta/annotation/jakarta.annotation-api/1.3.4/jakarta.annotation-api-1.3.4.jar:/home/user/.m2/repository/org/glassfish/hk2/external/aopalliance-repackaged/2.5.0/aopalliance-repackaged-2.5.0.jar:/home/user/.m2/repository/com/fasterxml/jackson/dataformat/jackson-dataformat-xml/2.9.0/jackson-dataformat-xml-2.9.0.jar:/home/user/.m2/repository/com/fasterxml/jackson/core/jackson-core/2.9.9/jackson-core-2.9.9.jar:/home/user/.m2/repository/com/fasterxml/jackson/module/jackson-module-jaxb-annotations/2.9.9/jackson-module-jaxb-annotations-2.9.9.jar:/home/user/.m2/repository/javax/enterprise/cdi-api/1.2/cdi-api-1.2.jar:/home/user/.m2/repository/javax/el/javax.el-api/3.0.0/javax.el-api-3.0.0.jar:/home/user/.m2/repository/javax/interceptor/javax.interceptor-api/1.2/javax.interceptor-api-1.2.jar:/home/user/.m2/repository/javax/inject/javax.inject/1/javax.inject-1.jar:/home/user/.m2/repository/com/sun/xml/bind/jaxb-impl/2.3.0.1/jaxb-impl-2.3.0.1.jar:/home/user/.m2/repository/com/sun/xml/bind/jaxb-core/2.3.0.1/jaxb-core-2.3.0.1.jar:/home/user/.m2/repository/javax/xml/bind/jaxb-api/2.3.0/jaxb-api-2.3.0.jar:/home/user/.m2/repository/javax/activation/activation/1.1.1/activation-1.1.1.jar:/home/user/.m2/repository/org/apache/hadoop/hadoop-ozone-csi/0.5.0-SNAPSHOT/hadoop-ozone-csi-0.5.0-SNAPSHOT.jar:/home/user/.m2/repository/com/google/protobuf/protobuf-java-util/3.5.1/protobuf-java-util-3.5.1.jar:/home/user/.m2/repository/org/apache/hadoop/hadoop-hdds-config/0.5.0-SNAPSHOT/hadoop-hdds-config-0.5.0-SNAPSHOT.jar:/home/user/.m2/repository/io/grpc/grpc-netty/1.17.1/grpc-netty-1.17.1.jar:/home/user/.m2/repository/io/grpc/grpc-core/1.17.1/grpc-core-1.17.1.jar:/home/user/.m2/repository/io/grpc/grpc-context/1.17.1/grpc-context-1.17.1.jar:/home/user/.m2/repository/com/google/errorprone/error_prone_annotations/2.2.0/error_prone_annotations-2.2.0.jar:/home/user/.m2/repository/org/codehaus/mojo/animal-sniffer-annotations/1.17/animal-sniffer-annotations-1.17.jar:/home/user/.m2/repository/io/opencensus/opencensus-api/0.17.0/opencensus-api-0.17.0.jar:/home/user/.m2/repository/io/opencensus/opencensus-contrib-grpc-metrics/0.17.0/opencensus-contrib-grpc-metrics-0.17.0.jar:/home/user/.m2/repository/io/netty/netty-codec-http2/4.1.30.Final/netty-codec-http2-4.1.30.Final.jar:/home/user/.m2/repository/io/netty/netty-codec-http/4.1.30.Final/netty-codec-http-4.1.30.Final.jar:/home/user/.m2/repository/io/netty/netty-codec/4.1.30.Final/netty-codec-4.1.30.Final.jar:/home/user/.m2/repository/io/netty/netty-handler/4.1.30.Final/netty-handler-4.1.30.Final.jar:/home/user/.m2/repository/io/netty/netty-handler-proxy/4.1.30.Final/netty-handler-proxy-4.1.30.Final.jar:/home/user/.m2/repository/io/netty/netty-codec-socks/4.1.30.Final/netty-codec-socks-4.1.30.Final.jar:/home/user/.m2/repository/io/netty/netty-transport-native-epoll/4.1.30.Final/netty-transport-native-epoll-4.1.30.Final.jar:/home/user/.m2/repository/io/netty/netty-common/4.1.30.Final/netty-common-4.1.30.Final.jar:/home/user/.m2/repository/io/netty/netty-buffer/4.1.30.Final/netty-buffer-4.1.30.Final.jar:/home/user/.m2/repository/io/netty/netty-transport/4.1.30.Final/netty-transport-4.1.30.Final.jar:/home/user/.m2/repository/io/netty/netty-resolver/4.1.30.Final/netty-resolver-4.1.30.Final.jar:/home/user/.m2/repository/io/netty/netty-transport-native-unix-common/4.1.30.Final/netty-transport-native-unix-common-4.1.30.Final.jar:/home/user/.m2/repository/io/grpc/grpc-protobuf/1.17.1/grpc-protobuf-1.17.1.jar:/home/user/.m2/repository/com/google/api/grpc/proto-google-common-protos/1.0.0/proto-google-common-protos-1.0.0.jar:/home/user/.m2/repository/io/grpc/grpc-protobuf-lite/1.17.1/grpc-protobuf-lite-1.17.1.jar:/home/user/.m2/repository/io/grpc/grpc-stub/1.17.1/grpc-stub-1.17.1.jar:/home/user/.m2/repository/org/apache/hadoop/hadoop-ozone-recon/0.5.0-SNAPSHOT/hadoop-ozone-recon-0.5.0-SNAPSHOT.jar:/home/user/.m2/repository/org/apache/hadoop/hadoop-ozone-reconcodegen/0.5.0-SNAPSHOT/hadoop-ozone-reconcodegen-0.5.0-SNAPSHOT.jar:/home/user/.m2/repository/com/google/inject/extensions/guice-multibindings/4.0/guice-multibindings-4.0.jar:/home/user/.m2/repository/com/google/inject/guice/4.0/guice-4.0.jar:/home/user/.m2/repository/aopalliance/aopalliance/1.0/aopalliance-1.0.jar:/home/user/.m2/repository/com/google/inject/extensions/guice-servlet/4.0/guice-servlet-4.0.jar:/home/user/.m2/repository/org/glassfish/jersey/containers/jersey-container-servlet/2.27/jersey-container-servlet-2.27.jar:/home/user/.m2/repository/org/glassfish/hk2/guice-bridge/2.5.0/guice-bridge-2.5.0.jar:/home/user/.m2/repository/org/glassfish/jersey/core/jersey-server/2.27/jersey-server-2.27.jar:/home/user/.m2/repository/org/glassfish/jersey/core/jersey-client/2.27/jersey-client-2.27.jar:/home/user/.m2/repository/org/glassfish/jersey/media/jersey-media-jaxb/2.27/jersey-media-jaxb-2.27.jar:/home/user/.m2/repository/javax/validation/validation-api/1.1.0.Final/validation-api-1.1.0.Final.jar:/home/user/.m2/repository/org/glassfish/jersey/media/jersey-media-json-jackson/2.27/jersey-media-json-jackson-2.27.jar:/home/user/.m2/repository/org/glassfish/jersey/ext/jersey-entity-filtering/2.27/jersey-entity-filtering-2.27.jar:/home/user/.m2/repository/com/google/inject/extensions/guice-assistedinject/4.0/guice-assistedinject-4.0.jar:/home/user/.m2/repository/org/jooq/jooq/3.11.10/jooq-3.11.10.jar:/home/user/.m2/repository/org/jooq/jooq-meta/3.11.10/jooq-meta-3.11.10.jar:/home/user/.m2/repository/org/jooq/jooq-codegen/3.11.10/jooq-codegen-3.11.10.jar:/home/user/.m2/repository/com/jolbox/bonecp/0.8.0.RELEASE/bonecp-0.8.0.RELEASE.jar:/home/user/.m2/repository/org/xerial/sqlite-jdbc/3.25.2/sqlite-jdbc-3.25.2.jar:/home/user/.m2/repository/org/springframework/spring-jdbc/5.1.3.RELEASE/spring-jdbc-5.1.3.RELEASE.jar:/home/user/.m2/repository/org/springframework/spring-beans/5.1.3.RELEASE/spring-beans-5.1.3.RELEASE.jar:/home/user/.m2/repository/org/springframework/spring-core/5.1.3.RELEASE/spring-core-5.1.3.RELEASE.jar:/home/user/.m2/repository/org/springframework/spring-jcl/5.1.3.RELEASE/spring-jcl-5.1.3.RELEASE.jar:/home/user/.m2/repository/org/springframework/spring-tx/5.1.3.RELEASE/spring-tx-5.1.3.RELEASE.jar:/home/user/.m2/repository/org/apache/hadoop/hadoop-ozone-client/0.5.0-SNAPSHOT/hadoop-ozone-client-0.5.0-SNAPSHOT.jar:/home/user/.m2/repository/commons-lang/commons-lang/2.6/commons-lang-2.6.jar:/home/user/.m2/repository/org/apache/hadoop/hadoop-ozone-ozone-manager/0.5.0-SNAPSHOT/hadoop-ozone-ozone-manager-0.5.0-SNAPSHOT-tests.jar:/home/user/.m2/repository/junit/junit/4.11/junit-4.11.jar:/home/user/.m2/repository/org/hamcrest/hamcrest-core/1.3/hamcrest-core-1.3.jar:/home/user/.m2/repository/org/openjdk/jmh/jmh-core/1.19/jmh-core-1.19.jar:/home/user/.m2/repository/net/sf/jopt-simple/jopt-simple/4.6/jopt-simple-4.6.jar:/home/user/.m2/repository/org/apache/commons/commons-math3/3.1.1/commons-math3-3.1.1.jar:/home/user/.m2/repository/org/openjdk/jmh/jmh-generator-annprocess/1.19/jmh-generator-annprocess-1.19.jar:/home/user/.m2/repository/org/mockito/mockito-all/1.8.5/mockito-all-1.8.5.jar:/home/user/.m2/repository/org/apache/hadoop/hadoop-kms/3.2.0/hadoop-kms-3.2.0.jar:/home/user/.m2/repository/org/apache/hadoop/hadoop-auth/3.2.0/hadoop-auth-3.2.0.jar:/home/user/.m2/repository/com/nimbusds/nimbus-jose-jwt/4.41.1/nimbus-jose-jwt-4.41.1.jar:/home/user/.m2/repository/com/github/stephenc/jcip/jcip-annotations/1.0-1/jcip-annotations-1.0-1.jar:/home/user/.m2/repository/net/minidev/json-smart/2.3/json-smart-2.3.jar:/home/user/.m2/repository/net/minidev/accessors-smart/1.2/accessors-smart-1.2.jar:/home/user/.m2/repository/org/ow2/asm/asm/5.0.4/asm-5.0.4.jar:/home/user/.m2/repository/org/apache/curator/curator-framework/2.12.0/curator-framework-2.12.0.jar:/home/user/.m2/repository/com/sun/jersey/jersey-core/1.19/jersey-core-1.19.jar:/home/user/.m2/repository/javax/ws/rs/jsr311-api/1.1.1/jsr311-api-1.1.1.jar:/home/user/.m2/repository/com/sun/jersey/jersey-server/1.19/jersey-server-1.19.jar:/home/user/.m2/repository/javax/servlet/javax.servlet-api/3.1.0/javax.servlet-api-3.1.0.jar:/home/user/.m2/repository/org/eclipse/jetty/jetty-server/9.3.25.v20180904/jetty-server-9.3.25.v20180904.jar:/home/user/.m2/repository/org/eclipse/jetty/jetty-http/9.3.25.v20180904/jetty-http-9.3.25.v20180904.jar:/home/user/.m2/repository/org/eclipse/jetty/jetty-io/9.3.25.v20180904/jetty-io-9.3.25.v20180904.jar:/home/user/.m2/repository/org/eclipse/jetty/jetty-webapp/9.3.25.v20180904/jetty-webapp-9.3.25.v20180904.jar:/home/user/.m2/repository/org/eclipse/jetty/jetty-xml/9.3.25.v20180904/jetty-xml-9.3.25.v20180904.jar:/home/user/.m2/repository/log4j/log4j/1.2.17/log4j-1.2.17.jar:/home/user/.m2/repository/org/slf4j/slf4j-api/1.7.25/slf4j-api-1.7.25.jar:/home/user/.m2/repository/org/slf4j/jul-to-slf4j/1.7.25/jul-to-slf4j-1.7.25.jar:/home/user/.m2/repository/org/eclipse/jetty/jetty-util/9.3.25.v20180904/jetty-util-9.3.25.v20180904.jar:/home/user/.m2/repository/com/fasterxml/jackson/core/jackson-databind/2.9.9/jackson-databind-2.9.9.jar:/home/user/.m2/repository/org/apache/hadoop/hadoop-kms/3.2.0/hadoop-kms-3.2.0-tests.jar:/home/user/.m2/repository/org/apache/hadoop/hadoop-hdds-server-scm/0.5.0-SNAPSHOT/hadoop-hdds-server-scm-0.5.0-SNAPSHOT-tests.jar:/home/user/.m2/repository/org/apache/hadoop/hadoop-hdds-container-service/0.5.0-SNAPSHOT/hadoop-hdds-container-service-0.5.0-SNAPSHOT-tests.jar:/home/user/.m2/repository/org/yaml/snakeyaml/1.16/snakeyaml-1.16.jar:/home/user/.m2/repository/org/apache/hadoop/hadoop-common/3.2.0/hadoop-common-3.2.0-tests.jar:/home/user/.m2/repository/org/apache/hadoop/hadoop-annotations/3.2.0/hadoop-annotations-3.2.0.jar:/usr/lib/jvm/java-1.8.0-openjdk-1.8.0.222.b10-1.el7_7.x86_64/jre/../lib/tools.jar:/home/user/.m2/repository/commons-cli/commons-cli/1.2/commons-cli-1.2.jar:/home/user/.m2/repository/org/apache/httpcomponents/httpclient/4.5.2/httpclient-4.5.2.jar:/home/user/.m2/repository/org/apache/httpcomponents/httpcore/4.4.4/httpcore-4.4.4.jar:/home/user/.m2/repository/commons-codec/commons-codec/1.11/commons-codec-1.11.jar:/home/user/.m2/repository/commons-net/commons-net/3.6/commons-net-3.6.jar:/home/user/.m2/repository/commons-collections/commons-collections/3.2.2/commons-collections-3.2.2.jar:/home/user/.m2/repository/org/eclipse/jetty/jetty-servlet/9.3.25.v20180904/jetty-servlet-9.3.25.v20180904.jar:/home/user/.m2/repository/org/eclipse/jetty/jetty-security/9.3.25.v20180904/jetty-security-9.3.25.v20180904.jar:/home/user/.m2/repository/javax/servlet/jsp/jsp-api/2.1/jsp-api-2.1.jar:/home/user/.m2/repository/com/sun/jersey/jersey-servlet/1.19/jersey-servlet-1.19.jar:/home/user/.m2/repository/com/sun/jersey/jersey-json/1.19/jersey-json-1.19.jar:/home/user/.m2/repository/org/codehaus/jettison/jettison/1.1/jettison-1.1.jar:/home/user/.m2/repository/org/codehaus/jackson/jackson-core-asl/1.9.13/jackson-core-asl-1.9.13.jar:/home/user/.m2/repository/org/codehaus/jackson/jackson-mapper-asl/1.9.13/jackson-mapper-asl-1.9.13.jar:/home/user/.m2/repository/org/codehaus/jackson/jackson-jaxrs/1.9.13/jackson-jaxrs-1.9.13.jar:/home/user/.m2/repository/org/codehaus/jackson/jackson-xc/1.9.13/jackson-xc-1.9.13.jar:/home/user/.m2/repository/commons-logging/commons-logging/1.1.3/commons-logging-1.1.3.jar:/home/user/.m2/repository/commons-beanutils/commons-beanutils/1.9.4/commons-beanutils-1.9.4.jar:/home/user/.m2/repository/org/apache/commons/commons-configuration2/2.1.1/commons-configuration2-2.1.1.jar:/home/user/.m2/repository/org/apache/commons/commons-lang3/3.7/commons-lang3-3.7.jar:/home/user/.m2/repository/org/apache/commons/commons-text/1.4/commons-text-1.4.jar:/home/user/.m2/repository/org/apache/avro/avro/1.7.7/avro-1.7.7.jar:/home/user/.m2/repository/com/thoughtworks/paranamer/paranamer/2.3/paranamer-2.3.jar:/home/user/.m2/repository/org/xerial/snappy/snappy-java/1.0.5/snappy-java-1.0.5.jar:/home/user/.m2/repository/com/google/re2j/re2j/1.1/re2j-1.1.jar:/home/user/.m2/repository/com/google/code/gson/gson/2.2.4/gson-2.2.4.jar:/home/user/.m2/repository/com/jcraft/jsch/0.1.54/jsch-0.1.54.jar:/home/user/.m2/repository/org/apache/curator/curator-client/2.12.0/curator-client-2.12.0.jar:/home/user/.m2/repository/org/apache/curator/curator-recipes/2.12.0/curator-recipes-2.12.0.jar:/home/user/.m2/repository/com/google/code/findbugs/jsr305/3.0.0/jsr305-3.0.0.jar:/home/user/.m2/repository/org/apache/htrace/htrace-core4/4.1.0-incubating/htrace-core4-4.1.0-incubating.jar:/home/user/.m2/repository/org/apache/zookeeper/zookeeper/3.4.13/zookeeper-3.4.13.jar:/home/user/.m2/repository/jline/jline/0.9.94/jline-0.9.94.jar:/home/user/.m2/repository/org/apache/yetus/audience-annotations/0.5.0/audience-annotations-0.5.0.jar:/home/user/.m2/repository/org/codehaus/woodstox/stax2-api/3.1.4/stax2-api-3.1.4.jar:/home/user/.m2/repository/com/fasterxml/woodstox/woodstox-core/5.0.3/woodstox-core-5.0.3.jar:/home/user/.m2/repository/dnsjava/dnsjava/2.1.7/dnsjava-2.1.7.jar:/home/user/.m2/repository/org/apache/hadoop/hadoop-hdfs/3.2.0/hadoop-hdfs-3.2.0-tests.jar:/home/user/.m2/repository/org/eclipse/jetty/jetty-util-ajax/9.3.25.v20180904/jetty-util-ajax-9.3.25.v20180904.jar:/home/user/.m2/repository/commons-daemon/commons-daemon/1.0.13/commons-daemon-1.0.13.jar:/home/user/.m2/repository/io/netty/netty/3.10.5.Final/netty-3.10.5.Final.jar:/home/user/.m2/repository/io/netty/netty-all/4.0.52.Final/netty-all-4.0.52.Final.jar:/home/user/.m2/repository/org/fusesource/leveldbjni/leveldbjni-all/1.8/leveldbjni-all-1.8.jar:"/>
    <property name="java.vm.vendor" value="Oracle Corporation"/>
    <property name="sun.arch.data.model" value="64"/>
    <property name="test.build.dir" value="/workdir/hadoop-ozone/integration-test/target/test-dir"/>
    <property name="test.cache.data" value=""/>
    <property name="java.vendor.url" value="http://java.oracle.com/"/>
    <property name="user.timezone" value=""/>
    <property name="java.vm.specification.version" value="1.8"/>
    <property name="os.name" value="Linux"/>
    <property name="test.build.data" value="/workdir/hadoop-ozone/integration-test/target/test-dir"/>
    <property name="user.country" value="US"/>
    <property name="sun.java.launcher" value="SUN_STANDARD"/>
    <property name="sun.boot.library.path" value="/usr/lib/jvm/java-1.8.0-openjdk-1.8.0.222.b10-1.el7_7.x86_64/jre/lib/amd64"/>
    <property name="sun.java.command" value="/workdir/hadoop-ozone/integration-test/target/surefire/surefirebooter7174123730309632795.jar /workdir/hadoop-ozone/integration-test/target/surefire 2019-10-16T20-36-31_339-jvmRun1 surefire1530690710272643413tmp surefire_373123054357969350452tmp"/>
    <property name="surefire.test.class.path" value="/workdir/hadoop-ozone/integration-test/target/test-classes:/workdir/hadoop-ozone/integration-test/target/classes:/home/user/.m2/repository/org/apache/hadoop/hadoop-ozone-common/0.5.0-SNAPSHOT/hadoop-ozone-common-0.5.0-SNAPSHOT.jar:/home/user/.m2/repository/org/apache/commons/commons-compress/1.4.1/commons-compress-1.4.1.jar:/home/user/.m2/repository/org/tukaani/xz/1.0/xz-1.0.jar:/home/user/.m2/repository/org/apache/hadoop/hadoop-common/3.2.0/hadoop-common-3.2.0.jar:/home/user/.m2/repository/org/apache/hadoop/hadoop-hdfs/3.2.0/hadoop-hdfs-3.2.0.jar:/home/user/.m2/repository/org/apache/hadoop/hadoop-hdfs-client/3.2.0/hadoop-hdfs-client-3.2.0.jar:/home/user/.m2/repository/com/fasterxml/jackson/core/jackson-annotations/2.9.9/jackson-annotations-2.9.9.jar:/home/user/.m2/repository/org/apache/hadoop/hadoop-hdds-common/0.5.0-SNAPSHOT/hadoop-hdds-common-0.5.0-SNAPSHOT.jar:/home/user/.m2/repository/javax/annotation/javax.annotation-api/1.2/javax.annotation-api-1.2.jar:/home/user/.m2/repository/org/apache/ratis/ratis-server/0.5.0-3f446aa-SNAPSHOT/ratis-server-0.5.0-3f446aa-SNAPSHOT.jar:/home/user/.m2/repository/org/apache/ratis/ratis-thirdparty-misc/0.2.0/ratis-thirdparty-misc-0.2.0.jar:/home/user/.m2/repository/org/apache/ratis/ratis-proto/0.5.0-3f446aa-SNAPSHOT/ratis-proto-0.5.0-3f446aa-SNAPSHOT.jar:/home/user/.m2/repository/org/apache/ratis/ratis-common/0.5.0-3f446aa-SNAPSHOT/ratis-common-0.5.0-3f446aa-SNAPSHOT.jar:/home/user/.m2/repository/org/apache/ratis/ratis-client/0.5.0-3f446aa-SNAPSHOT/ratis-client-0.5.0-3f446aa-SNAPSHOT.jar:/home/user/.m2/repository/org/apache/ratis/ratis-metrics/0.5.0-3f446aa-SNAPSHOT/ratis-metrics-0.5.0-3f446aa-SNAPSHOT.jar:/home/user/.m2/repository/com/github/joshelser/dropwizard-metrics-hadoop-metrics2-reporter/0.1.2/dropwizard-metrics-hadoop-metrics2-reporter-0.1.2.jar:/home/user/.m2/repository/io/dropwizard/metrics/metrics-jvm/3.2.5/metrics-jvm-3.2.5.jar:/home/user/.m2/repository/io/dropwizard/metrics/metrics-ganglia/3.2.5/metrics-ganglia-3.2.5.jar:/home/user/.m2/repository/info/ganglia/gmetric4j/gmetric4j/1.0.7/gmetric4j-1.0.7.jar:/home/user/.m2/repository/org/apache/ratis/ratis-netty/0.5.0-3f446aa-SNAPSHOT/ratis-netty-0.5.0-3f446aa-SNAPSHOT.jar:/home/user/.m2/repository/org/apache/ratis/ratis-grpc/0.5.0-3f446aa-SNAPSHOT/ratis-grpc-0.5.0-3f446aa-SNAPSHOT.jar:/home/user/.m2/repository/org/rocksdb/rocksdbjni/6.0.1/rocksdbjni-6.0.1.jar:/home/user/.m2/repository/org/apache/logging/log4j/log4j-api/2.11.0/log4j-api-2.11.0.jar:/home/user/.m2/repository/org/apache/logging/log4j/log4j-core/2.11.0/log4j-core-2.11.0.jar:/home/user/.m2/repository/com/lmax/disruptor/3.4.2/disruptor-3.4.2.jar:/home/user/.m2/repository/org/apache/commons/commons-pool2/2.6.0/commons-pool2-2.6.0.jar:/home/user/.m2/repository/org/bouncycastle/bcpkix-jdk15on/1.60/bcpkix-jdk15on-1.60.jar:/home/user/.m2/repository/commons-validator/commons-validator/1.6/commons-validator-1.6.jar:/home/user/.m2/repository/commons-digester/commons-digester/1.8.1/commons-digester-1.8.1.jar:/home/user/.m2/repository/io/jaegertracing/jaeger-client/0.34.0/jaeger-client-0.34.0.jar:/home/user/.m2/repository/io/jaegertracing/jaeger-thrift/0.34.0/jaeger-thrift-0.34.0.jar:/home/user/.m2/repository/org/apache/thrift/libthrift/0.12.0/libthrift-0.12.0.jar:/home/user/.m2/repository/com/squareup/okhttp3/okhttp/3.9.0/okhttp-3.9.0.jar:/home/user/.m2/repository/com/squareup/okio/okio/1.13.0/okio-1.13.0.jar:/home/user/.m2/repository/io/jaegertracing/jaeger-core/0.34.0/jaeger-core-0.34.0.jar:/home/user/.m2/repository/io/jaegertracing/jaeger-tracerresolver/0.34.0/jaeger-tracerresolver-0.34.0.jar:/home/user/.m2/repository/io/opentracing/contrib/opentracing-tracerresolver/0.1.5/opentracing-tracerresolver-0.1.5.jar:/home/user/.m2/repository/io/opentracing/opentracing-util/0.31.0/opentracing-util-0.31.0.jar:/home/user/.m2/repository/io/opentracing/opentracing-api/0.31.0/opentracing-api-0.31.0.jar:/home/user/.m2/repository/io/opentracing/opentracing-noop/0.31.0/opentracing-noop-0.31.0.jar:/home/user/.m2/repository/org/apache/hadoop/hadoop-hdds-server-framework/0.5.0-SNAPSHOT/hadoop-hdds-server-framework-0.5.0-SNAPSHOT.jar:/home/user/.m2/repository/org/apache/hadoop/hadoop-hdds-container-service/0.5.0-SNAPSHOT/hadoop-hdds-container-service-0.5.0-SNAPSHOT.jar:/home/user/.m2/repository/org/apache/hadoop/hadoop-hdds-client/0.5.0-SNAPSHOT/hadoop-hdds-client-0.5.0-SNAPSHOT.jar:/home/user/.m2/repository/org/apache/hadoop/hadoop-hdds-tools/0.5.0-SNAPSHOT/hadoop-hdds-tools-0.5.0-SNAPSHOT.jar:/home/user/.m2/repository/org/apache/hadoop/hadoop-hdds-server-scm/0.5.0-SNAPSHOT/hadoop-hdds-server-scm-0.5.0-SNAPSHOT.jar:/home/user/.m2/repository/org/apache/hadoop/hadoop-hdds-docs/0.5.0-SNAPSHOT/hadoop-hdds-docs-0.5.0-SNAPSHOT.jar:/home/user/.m2/repository/io/dropwizard/metrics/metrics-core/3.2.4/metrics-core-3.2.4.jar:/home/user/.m2/repository/org/hamcrest/hamcrest-all/1.3/hamcrest-all-1.3.jar:/home/user/.m2/repository/org/bouncycastle/bcprov-jdk15on/1.60/bcprov-jdk15on-1.60.jar:/home/user/.m2/repository/info/picocli/picocli/3.9.6/picocli-3.9.6.jar:/home/user/.m2/repository/com/google/protobuf/protobuf-java/2.5.0/protobuf-java-2.5.0.jar:/home/user/.m2/repository/com/google/guava/guava/11.0.2/guava-11.0.2.jar:/home/user/.m2/repository/org/apache/hadoop/hadoop-ozone-ozone-manager/0.5.0-SNAPSHOT/hadoop-ozone-ozone-manager-0.5.0-SNAPSHOT.jar:/home/user/.m2/repository/org/apache/hadoop/hadoop-minikdc/3.2.0/hadoop-minikdc-3.2.0.jar:/home/user/.m2/repository/commons-io/commons-io/2.5/commons-io-2.5.jar:/home/user/.m2/repository/org/apache/kerby/kerb-simplekdc/1.0.1/kerb-simplekdc-1.0.1.jar:/home/user/.m2/repository/org/apache/kerby/kerb-client/1.0.1/kerb-client-1.0.1.jar:/home/user/.m2/repository/org/apache/kerby/kerby-config/1.0.1/kerby-config-1.0.1.jar:/home/user/.m2/repository/org/apache/kerby/kerb-core/1.0.1/kerb-core-1.0.1.jar:/home/user/.m2/repository/org/apache/kerby/kerby-pkix/1.0.1/kerby-pkix-1.0.1.jar:/home/user/.m2/repository/org/apache/kerby/kerby-asn1/1.0.1/kerby-asn1-1.0.1.jar:/home/user/.m2/repository/org/apache/kerby/kerby-util/1.0.1/kerby-util-1.0.1.jar:/home/user/.m2/repository/org/apache/kerby/kerb-common/1.0.1/kerb-common-1.0.1.jar:/home/user/.m2/repository/org/apache/kerby/kerb-crypto/1.0.1/kerb-crypto-1.0.1.jar:/home/user/.m2/repository/org/apache/kerby/kerb-util/1.0.1/kerb-util-1.0.1.jar:/home/user/.m2/repository/org/apache/kerby/token-provider/1.0.1/token-provider-1.0.1.jar:/home/user/.m2/repository/org/apache/kerby/kerb-admin/1.0.1/kerb-admin-1.0.1.jar:/home/user/.m2/repository/org/apache/kerby/kerb-server/1.0.1/kerb-server-1.0.1.jar:/home/user/.m2/repository/org/apache/kerby/kerb-identity/1.0.1/kerb-identity-1.0.1.jar:/home/user/.m2/repository/org/apache/kerby/kerby-xdr/1.0.1/kerby-xdr-1.0.1.jar:/home/user/.m2/repository/org/slf4j/slf4j-log4j12/1.7.25/slf4j-log4j12-1.7.25.jar:/home/user/.m2/repository/org/apache/hadoop/hadoop-ozone-s3gateway/0.5.0-SNAPSHOT/hadoop-ozone-s3gateway-0.5.0-SNAPSHOT.jar:/home/user/.m2/repository/org/jboss/weld/servlet/weld-servlet/2.4.7.Final/weld-servlet-2.4.7.Final.jar:/home/user/.m2/repository/org/glassfish/jersey/containers/jersey-container-servlet-core/2.27/jersey-container-servlet-core-2.27.jar:/home/user/.m2/repository/org/glassfish/hk2/external/javax.inject/2.5.0-b42/javax.inject-2.5.0-b42.jar:/home/user/.m2/repository/org/glassfish/jersey/core/jersey-common/2.27/jersey-common-2.27.jar:/home/user/.m2/repository/org/glassfish/hk2/osgi-resource-locator/1.0.1/osgi-resource-locator-1.0.1.jar:/home/user/.m2/repository/javax/ws/rs/javax.ws.rs-api/2.1/javax.ws.rs-api-2.1.jar:/home/user/.m2/repository/org/glassfish/jersey/ext/cdi/jersey-cdi1x/2.27/jersey-cdi1x-2.27.jar:/home/user/.m2/repository/org/glassfish/jersey/inject/jersey-hk2/2.27/jersey-hk2-2.27.jar:/home/user/.m2/repository/org/glassfish/hk2/hk2-locator/2.5.0-b42/hk2-locator-2.5.0-b42.jar:/home/user/.m2/repository/org/javassist/javassist/3.22.0-CR2/javassist-3.22.0-CR2.jar:/home/user/.m2/repository/org/glassfish/hk2/hk2-api/2.5.0/hk2-api-2.5.0.jar:/home/user/.m2/repository/org/glassfish/hk2/external/jakarta.inject/2.5.0/jakarta.inject-2.5.0.jar:/home/user/.m2/repository/org/glassfish/hk2/hk2-utils/2.5.0/hk2-utils-2.5.0.jar:/home/user/.m2/repository/jakarta/annotation/jakarta.annotation-api/1.3.4/jakarta.annotation-api-1.3.4.jar:/home/user/.m2/repository/org/glassfish/hk2/external/aopalliance-repackaged/2.5.0/aopalliance-repackaged-2.5.0.jar:/home/user/.m2/repository/com/fasterxml/jackson/dataformat/jackson-dataformat-xml/2.9.0/jackson-dataformat-xml-2.9.0.jar:/home/user/.m2/repository/com/fasterxml/jackson/core/jackson-core/2.9.9/jackson-core-2.9.9.jar:/home/user/.m2/repository/com/fasterxml/jackson/module/jackson-module-jaxb-annotations/2.9.9/jackson-module-jaxb-annotations-2.9.9.jar:/home/user/.m2/repository/javax/enterprise/cdi-api/1.2/cdi-api-1.2.jar:/home/user/.m2/repository/javax/el/javax.el-api/3.0.0/javax.el-api-3.0.0.jar:/home/user/.m2/repository/javax/interceptor/javax.interceptor-api/1.2/javax.interceptor-api-1.2.jar:/home/user/.m2/repository/javax/inject/javax.inject/1/javax.inject-1.jar:/home/user/.m2/repository/com/sun/xml/bind/jaxb-impl/2.3.0.1/jaxb-impl-2.3.0.1.jar:/home/user/.m2/repository/com/sun/xml/bind/jaxb-core/2.3.0.1/jaxb-core-2.3.0.1.jar:/home/user/.m2/repository/javax/xml/bind/jaxb-api/2.3.0/jaxb-api-2.3.0.jar:/home/user/.m2/repository/javax/activation/activation/1.1.1/activation-1.1.1.jar:/home/user/.m2/repository/org/apache/hadoop/hadoop-ozone-csi/0.5.0-SNAPSHOT/hadoop-ozone-csi-0.5.0-SNAPSHOT.jar:/home/user/.m2/repository/com/google/protobuf/protobuf-java-util/3.5.1/protobuf-java-util-3.5.1.jar:/home/user/.m2/repository/org/apache/hadoop/hadoop-hdds-config/0.5.0-SNAPSHOT/hadoop-hdds-config-0.5.0-SNAPSHOT.jar:/home/user/.m2/repository/io/grpc/grpc-netty/1.17.1/grpc-netty-1.17.1.jar:/home/user/.m2/repository/io/grpc/grpc-core/1.17.1/grpc-core-1.17.1.jar:/home/user/.m2/repository/io/grpc/grpc-context/1.17.1/grpc-context-1.17.1.jar:/home/user/.m2/repository/com/google/errorprone/error_prone_annotations/2.2.0/error_prone_annotations-2.2.0.jar:/home/user/.m2/repository/org/codehaus/mojo/animal-sniffer-annotations/1.17/animal-sniffer-annotations-1.17.jar:/home/user/.m2/repository/io/opencensus/opencensus-api/0.17.0/opencensus-api-0.17.0.jar:/home/user/.m2/repository/io/opencensus/opencensus-contrib-grpc-metrics/0.17.0/opencensus-contrib-grpc-metrics-0.17.0.jar:/home/user/.m2/repository/io/netty/netty-codec-http2/4.1.30.Final/netty-codec-http2-4.1.30.Final.jar:/home/user/.m2/repository/io/netty/netty-codec-http/4.1.30.Final/netty-codec-http-4.1.30.Final.jar:/home/user/.m2/repository/io/netty/netty-codec/4.1.30.Final/netty-codec-4.1.30.Final.jar:/home/user/.m2/repository/io/netty/netty-handler/4.1.30.Final/netty-handler-4.1.30.Final.jar:/home/user/.m2/repository/io/netty/netty-handler-proxy/4.1.30.Final/netty-handler-proxy-4.1.30.Final.jar:/home/user/.m2/repository/io/netty/netty-codec-socks/4.1.30.Final/netty-codec-socks-4.1.30.Final.jar:/home/user/.m2/repository/io/netty/netty-transport-native-epoll/4.1.30.Final/netty-transport-native-epoll-4.1.30.Final.jar:/home/user/.m2/repository/io/netty/netty-common/4.1.30.Final/netty-common-4.1.30.Final.jar:/home/user/.m2/repository/io/netty/netty-buffer/4.1.30.Final/netty-buffer-4.1.30.Final.jar:/home/user/.m2/repository/io/netty/netty-transport/4.1.30.Final/netty-transport-4.1.30.Final.jar:/home/user/.m2/repository/io/netty/netty-resolver/4.1.30.Final/netty-resolver-4.1.30.Final.jar:/home/user/.m2/repository/io/netty/netty-transport-native-unix-common/4.1.30.Final/netty-transport-native-unix-common-4.1.30.Final.jar:/home/user/.m2/repository/io/grpc/grpc-protobuf/1.17.1/grpc-protobuf-1.17.1.jar:/home/user/.m2/repository/com/google/api/grpc/proto-google-common-protos/1.0.0/proto-google-common-protos-1.0.0.jar:/home/user/.m2/repository/io/grpc/grpc-protobuf-lite/1.17.1/grpc-protobuf-lite-1.17.1.jar:/home/user/.m2/repository/io/grpc/grpc-stub/1.17.1/grpc-stub-1.17.1.jar:/home/user/.m2/repository/org/apache/hadoop/hadoop-ozone-recon/0.5.0-SNAPSHOT/hadoop-ozone-recon-0.5.0-SNAPSHOT.jar:/home/user/.m2/repository/org/apache/hadoop/hadoop-ozone-reconcodegen/0.5.0-SNAPSHOT/hadoop-ozone-reconcodegen-0.5.0-SNAPSHOT.jar:/home/user/.m2/repository/com/google/inject/extensions/guice-multibindings/4.0/guice-multibindings-4.0.jar:/home/user/.m2/repository/com/google/inject/guice/4.0/guice-4.0.jar:/home/user/.m2/repository/aopalliance/aopalliance/1.0/aopalliance-1.0.jar:/home/user/.m2/repository/com/google/inject/extensions/guice-servlet/4.0/guice-servlet-4.0.jar:/home/user/.m2/repository/org/glassfish/jersey/containers/jersey-container-servlet/2.27/jersey-container-servlet-2.27.jar:/home/user/.m2/repository/org/glassfish/hk2/guice-bridge/2.5.0/guice-bridge-2.5.0.jar:/home/user/.m2/repository/org/glassfish/jersey/core/jersey-server/2.27/jersey-server-2.27.jar:/home/user/.m2/repository/org/glassfish/jersey/core/jersey-client/2.27/jersey-client-2.27.jar:/home/user/.m2/repository/org/glassfish/jersey/media/jersey-media-jaxb/2.27/jersey-media-jaxb-2.27.jar:/home/user/.m2/repository/javax/validation/validation-api/1.1.0.Final/validation-api-1.1.0.Final.jar:/home/user/.m2/repository/org/glassfish/jersey/media/jersey-media-json-jackson/2.27/jersey-media-json-jackson-2.27.jar:/home/user/.m2/repository/org/glassfish/jersey/ext/jersey-entity-filtering/2.27/jersey-entity-filtering-2.27.jar:/home/user/.m2/repository/com/google/inject/extensions/guice-assistedinject/4.0/guice-assistedinject-4.0.jar:/home/user/.m2/repository/org/jooq/jooq/3.11.10/jooq-3.11.10.jar:/home/user/.m2/repository/org/jooq/jooq-meta/3.11.10/jooq-meta-3.11.10.jar:/home/user/.m2/repository/org/jooq/jooq-codegen/3.11.10/jooq-codegen-3.11.10.jar:/home/user/.m2/repository/com/jolbox/bonecp/0.8.0.RELEASE/bonecp-0.8.0.RELEASE.jar:/home/user/.m2/repository/org/xerial/sqlite-jdbc/3.25.2/sqlite-jdbc-3.25.2.jar:/home/user/.m2/repository/org/springframework/spring-jdbc/5.1.3.RELEASE/spring-jdbc-5.1.3.RELEASE.jar:/home/user/.m2/repository/org/springframework/spring-beans/5.1.3.RELEASE/spring-beans-5.1.3.RELEASE.jar:/home/user/.m2/repository/org/springframework/spring-core/5.1.3.RELEASE/spring-core-5.1.3.RELEASE.jar:/home/user/.m2/repository/org/springframework/spring-jcl/5.1.3.RELEASE/spring-jcl-5.1.3.RELEASE.jar:/home/user/.m2/repository/org/springframework/spring-tx/5.1.3.RELEASE/spring-tx-5.1.3.RELEASE.jar:/home/user/.m2/repository/org/apache/hadoop/hadoop-ozone-client/0.5.0-SNAPSHOT/hadoop-ozone-client-0.5.0-SNAPSHOT.jar:/home/user/.m2/repository/commons-lang/commons-lang/2.6/commons-lang-2.6.jar:/home/user/.m2/repository/org/apache/hadoop/hadoop-ozone-ozone-manager/0.5.0-SNAPSHOT/hadoop-ozone-ozone-manager-0.5.0-SNAPSHOT-tests.jar:/home/user/.m2/repository/junit/junit/4.11/junit-4.11.jar:/home/user/.m2/repository/org/hamcrest/hamcrest-core/1.3/hamcrest-core-1.3.jar:/home/user/.m2/repository/org/openjdk/jmh/jmh-core/1.19/jmh-core-1.19.jar:/home/user/.m2/repository/net/sf/jopt-simple/jopt-simple/4.6/jopt-simple-4.6.jar:/home/user/.m2/repository/org/apache/commons/commons-math3/3.1.1/commons-math3-3.1.1.jar:/home/user/.m2/repository/org/openjdk/jmh/jmh-generator-annprocess/1.19/jmh-generator-annprocess-1.19.jar:/home/user/.m2/repository/org/mockito/mockito-all/1.8.5/mockito-all-1.8.5.jar:/home/user/.m2/repository/org/apache/hadoop/hadoop-kms/3.2.0/hadoop-kms-3.2.0.jar:/home/user/.m2/repository/org/apache/hadoop/hadoop-auth/3.2.0/hadoop-auth-3.2.0.jar:/home/user/.m2/repository/com/nimbusds/nimbus-jose-jwt/4.41.1/nimbus-jose-jwt-4.41.1.jar:/home/user/.m2/repository/com/github/stephenc/jcip/jcip-annotations/1.0-1/jcip-annotations-1.0-1.jar:/home/user/.m2/repository/net/minidev/json-smart/2.3/json-smart-2.3.jar:/home/user/.m2/repository/net/minidev/accessors-smart/1.2/accessors-smart-1.2.jar:/home/user/.m2/repository/org/ow2/asm/asm/5.0.4/asm-5.0.4.jar:/home/user/.m2/repository/org/apache/curator/curator-framework/2.12.0/curator-framework-2.12.0.jar:/home/user/.m2/repository/com/sun/jersey/jersey-core/1.19/jersey-core-1.19.jar:/home/user/.m2/repository/javax/ws/rs/jsr311-api/1.1.1/jsr311-api-1.1.1.jar:/home/user/.m2/repository/com/sun/jersey/jersey-server/1.19/jersey-server-1.19.jar:/home/user/.m2/repository/javax/servlet/javax.servlet-api/3.1.0/javax.servlet-api-3.1.0.jar:/home/user/.m2/repository/org/eclipse/jetty/jetty-server/9.3.25.v20180904/jetty-server-9.3.25.v20180904.jar:/home/user/.m2/repository/org/eclipse/jetty/jetty-http/9.3.25.v20180904/jetty-http-9.3.25.v20180904.jar:/home/user/.m2/repository/org/eclipse/jetty/jetty-io/9.3.25.v20180904/jetty-io-9.3.25.v20180904.jar:/home/user/.m2/repository/org/eclipse/jetty/jetty-webapp/9.3.25.v20180904/jetty-webapp-9.3.25.v20180904.jar:/home/user/.m2/repository/org/eclipse/jetty/jetty-xml/9.3.25.v20180904/jetty-xml-9.3.25.v20180904.jar:/home/user/.m2/repository/log4j/log4j/1.2.17/log4j-1.2.17.jar:/home/user/.m2/repository/org/slf4j/slf4j-api/1.7.25/slf4j-api-1.7.25.jar:/home/user/.m2/repository/org/slf4j/jul-to-slf4j/1.7.25/jul-to-slf4j-1.7.25.jar:/home/user/.m2/repository/org/eclipse/jetty/jetty-util/9.3.25.v20180904/jetty-util-9.3.25.v20180904.jar:/home/user/.m2/repository/com/fasterxml/jackson/core/jackson-databind/2.9.9/jackson-databind-2.9.9.jar:/home/user/.m2/repository/org/apache/hadoop/hadoop-kms/3.2.0/hadoop-kms-3.2.0-tests.jar:/home/user/.m2/repository/org/apache/hadoop/hadoop-hdds-server-scm/0.5.0-SNAPSHOT/hadoop-hdds-server-scm-0.5.0-SNAPSHOT-tests.jar:/home/user/.m2/repository/org/apache/hadoop/hadoop-hdds-container-service/0.5.0-SNAPSHOT/hadoop-hdds-container-service-0.5.0-SNAPSHOT-tests.jar:/home/user/.m2/repository/org/yaml/snakeyaml/1.16/snakeyaml-1.16.jar:/home/user/.m2/repository/org/apache/hadoop/hadoop-common/3.2.0/hadoop-common-3.2.0-tests.jar:/home/user/.m2/repository/org/apache/hadoop/hadoop-annotations/3.2.0/hadoop-annotations-3.2.0.jar:/usr/lib/jvm/java-1.8.0-openjdk-1.8.0.222.b10-1.el7_7.x86_64/jre/../lib/tools.jar:/home/user/.m2/repository/commons-cli/commons-cli/1.2/commons-cli-1.2.jar:/home/user/.m2/repository/org/apache/httpcomponents/httpclient/4.5.2/httpclient-4.5.2.jar:/home/user/.m2/repository/org/apache/httpcomponents/httpcore/4.4.4/httpcore-4.4.4.jar:/home/user/.m2/repository/commons-codec/commons-codec/1.11/commons-codec-1.11.jar:/home/user/.m2/repository/commons-net/commons-net/3.6/commons-net-3.6.jar:/home/user/.m2/repository/commons-collections/commons-collections/3.2.2/commons-collections-3.2.2.jar:/home/user/.m2/repository/org/eclipse/jetty/jetty-servlet/9.3.25.v20180904/jetty-servlet-9.3.25.v20180904.jar:/home/user/.m2/repository/org/eclipse/jetty/jetty-security/9.3.25.v20180904/jetty-security-9.3.25.v20180904.jar:/home/user/.m2/repository/javax/servlet/jsp/jsp-api/2.1/jsp-api-2.1.jar:/home/user/.m2/repository/com/sun/jersey/jersey-servlet/1.19/jersey-servlet-1.19.jar:/home/user/.m2/repository/com/sun/jersey/jersey-json/1.19/jersey-json-1.19.jar:/home/user/.m2/repository/org/codehaus/jettison/jettison/1.1/jettison-1.1.jar:/home/user/.m2/repository/org/codehaus/jackson/jackson-core-asl/1.9.13/jackson-core-asl-1.9.13.jar:/home/user/.m2/repository/org/codehaus/jackson/jackson-mapper-asl/1.9.13/jackson-mapper-asl-1.9.13.jar:/home/user/.m2/repository/org/codehaus/jackson/jackson-jaxrs/1.9.13/jackson-jaxrs-1.9.13.jar:/home/user/.m2/repository/org/codehaus/jackson/jackson-xc/1.9.13/jackson-xc-1.9.13.jar:/home/user/.m2/repository/commons-logging/commons-logging/1.1.3/commons-logging-1.1.3.jar:/home/user/.m2/repository/commons-beanutils/commons-beanutils/1.9.4/commons-beanutils-1.9.4.jar:/home/user/.m2/repository/org/apache/commons/commons-configuration2/2.1.1/commons-configuration2-2.1.1.jar:/home/user/.m2/repository/org/apache/commons/commons-lang3/3.7/commons-lang3-3.7.jar:/home/user/.m2/repository/org/apache/commons/commons-text/1.4/commons-text-1.4.jar:/home/user/.m2/repository/org/apache/avro/avro/1.7.7/avro-1.7.7.jar:/home/user/.m2/repository/com/thoughtworks/paranamer/paranamer/2.3/paranamer-2.3.jar:/home/user/.m2/repository/org/xerial/snappy/snappy-java/1.0.5/snappy-java-1.0.5.jar:/home/user/.m2/repository/com/google/re2j/re2j/1.1/re2j-1.1.jar:/home/user/.m2/repository/com/google/code/gson/gson/2.2.4/gson-2.2.4.jar:/home/user/.m2/repository/com/jcraft/jsch/0.1.54/jsch-0.1.54.jar:/home/user/.m2/repository/org/apache/curator/curator-client/2.12.0/curator-client-2.12.0.jar:/home/user/.m2/repository/org/apache/curator/curator-recipes/2.12.0/curator-recipes-2.12.0.jar:/home/user/.m2/repository/com/google/code/findbugs/jsr305/3.0.0/jsr305-3.0.0.jar:/home/user/.m2/repository/org/apache/htrace/htrace-core4/4.1.0-incubating/htrace-core4-4.1.0-incubating.jar:/home/user/.m2/repository/org/apache/zookeeper/zookeeper/3.4.13/zookeeper-3.4.13.jar:/home/user/.m2/repository/jline/jline/0.9.94/jline-0.9.94.jar:/home/user/.m2/repository/org/apache/yetus/audience-annotations/0.5.0/audience-annotations-0.5.0.jar:/home/user/.m2/repository/org/codehaus/woodstox/stax2-api/3.1.4/stax2-api-3.1.4.jar:/home/user/.m2/repository/com/fasterxml/woodstox/woodstox-core/5.0.3/woodstox-core-5.0.3.jar:/home/user/.m2/repository/dnsjava/dnsjava/2.1.7/dnsjava-2.1.7.jar:/home/user/.m2/repository/org/apache/hadoop/hadoop-hdfs/3.2.0/hadoop-hdfs-3.2.0-tests.jar:/home/user/.m2/repository/org/eclipse/jetty/jetty-util-ajax/9.3.25.v20180904/jetty-util-ajax-9.3.25.v20180904.jar:/home/user/.m2/repository/commons-daemon/commons-daemon/1.0.13/commons-daemon-1.0.13.jar:/home/user/.m2/repository/io/netty/netty/3.10.5.Final/netty-3.10.5.Final.jar:/home/user/.m2/repository/io/netty/netty-all/4.0.52.Final/netty-all-4.0.52.Final.jar:/home/user/.m2/repository/org/fusesource/leveldbjni/leveldbjni-all/1.8/leveldbjni-all-1.8.jar:"/>
    <property name="sun.cpu.endian" value="little"/>
    <property name="user.home" value="/home/user"/>
    <property name="user.language" value="en"/>
    <property name="java.specification.vendor" value="Oracle Corporation"/>
    <property name="java.home" value="/usr/lib/jvm/java-1.8.0-openjdk-1.8.0.222.b10-1.el7_7.x86_64/jre"/>
    <property name="surefire.excludesFile" value="/tools/ozone-bad-unit-tests"/>
    <property name="java.security.krb5.conf" value="/workdir/hadoop-ozone/integration-test/target/test-classes/krb5.conf"/>
    <property name="basedir" value="/workdir/hadoop-ozone/integration-test"/>
    <property name="file.separator" value="/"/>
    <property name="line.separator" value="&#10;"/>
    <property name="java.vm.specification.vendor" value="Oracle Corporation"/>
    <property name="java.specification.name" value="Java Platform API Specification"/>
    <property name="java.awt.graphicsenv" value="sun.awt.X11GraphicsEnvironment"/>
    <property name="surefire.real.class.path" value="/workdir/hadoop-ozone/integration-test/target/surefire/surefirebooter7174123730309632795.jar"/>
    <property name="hadoop.log.dir" value="/workdir/hadoop-ozone/integration-test/target/log"/>
    <property name="sun.boot.class.path" value="/usr/lib/jvm/java-1.8.0-openjdk-1.8.0.222.b10-1.el7_7.x86_64/jre/lib/resources.jar:/usr/lib/jvm/java-1.8.0-openjdk-1.8.0.222.b10-1.el7_7.x86_64/jre/lib/rt.jar:/usr/lib/jvm/java-1.8.0-openjdk-1.8.0.222.b10-1.el7_7.x86_64/jre/lib/sunrsasign.jar:/usr/lib/jvm/java-1.8.0-openjdk-1.8.0.222.b10-1.el7_7.x86_64/jre/lib/jsse.jar:/usr/lib/jvm/java-1.8.0-openjdk-1.8.0.222.b10-1.el7_7.x86_64/jre/lib/jce.jar:/usr/lib/jvm/java-1.8.0-openjdk-1.8.0.222.b10-1.el7_7.x86_64/jre/lib/charsets.jar:/usr/lib/jvm/java-1.8.0-openjdk-1.8.0.222.b10-1.el7_7.x86_64/jre/lib/jfr.jar:/usr/lib/jvm/java-1.8.0-openjdk-1.8.0.222.b10-1.el7_7.x86_64/jre/classes"/>
    <property name="sun.management.compiler" value="HotSpot 64-Bit Tiered Compilers"/>
    <property name="java.runtime.version" value="1.8.0_222-b10"/>
    <property name="java.net.preferIPv4Stack" value="true"/>
    <property name="user.name" value="jenkins1000"/>
    <property name="path.separator" value=":"/>
    <property name="java.security.egd" value="file:///dev/urandom"/>
    <property name="os.version" value="3.10.0-957.12.2.el7.x86_64"/>
    <property name="java.endorsed.dirs" value="/usr/lib/jvm/java-1.8.0-openjdk-1.8.0.222.b10-1.el7_7.x86_64/jre/lib/endorsed"/>
    <property name="java.runtime.name" value="OpenJDK Runtime Environment"/>
    <property name="file.encoding" value="ANSI_X3.4-1968"/>
    <property name="java.vm.name" value="OpenJDK 64-Bit Server VM"/>
    <property name="test.build.webapps" value=""/>
    <property name="localRepository" value="/home/user/.m2/repository"/>
    <property name="java.vendor.url.bug" value="http://bugreport.sun.com/bugreport/"/>
    <property name="java.io.tmpdir" value="/tmp"/>
    <property name="require.test.libhadoop" value=""/>
    <property name="java.version" value="1.8.0_222"/>
    <property name="user.dir" value="/workdir/hadoop-ozone/integration-test"/>
    <property name="os.arch" value="amd64"/>
    <property name="java.vm.specification.name" value="Java Virtual Machine Specification"/>
    <property name="test.build.classes" value="/workdir/hadoop-ozone/integration-test/target/test-classes"/>
    <property name="java.awt.printerjob" value="sun.print.PSPrinterJob"/>
    <property name="sun.os.patch.level" value="unknown"/>
    <property name="hadoop.tmp.dir" value="/workdir/hadoop-ozone/integration-test/target/tmp"/>
    <property name="java.library.path" value="/usr/lib:/workdir/hadoop-ozone/integration-test/target/native/target/usr/local/lib:/workdir/hadoop-ozone/integration-test/../../hadoop-common-project/hadoop-common/target/native/target/usr/local/lib:/usr/java/packages/lib/amd64:/usr/lib64:/lib64:/lib:/usr/lib"/>
    <property name="java.vm.info" value="mixed mode"/>
    <property name="java.vendor" value="Oracle Corporation"/>
    <property name="java.vm.version" value="25.222-b10"/>
    <property name="java.ext.dirs" value="/usr/lib/jvm/java-1.8.0-openjdk-1.8.0.222.b10-1.el7_7.x86_64/jre/lib/ext:/usr/java/packages/lib/ext"/>
    <property name="sun.io.unicode.encoding" value="UnicodeLittle"/>
    <property name="java.class.version" value="52.0"/>
  </properties>
  <testcase name="org.apache.hadoop.ozone.client.rpc.TestOzoneRpcClient" classname="org.apache.hadoop.ozone.client.rpc.TestOzoneRpcClient" time="77.52">
    <error message="Timed out waiting for condition. Thread diagnostics:&#10;Timestamp: 2019-10-16 09:12:13,219&#10;&#10;&quot;org.eclipse.jetty.server.session.HashSessionManager@7f353d99Timer&quot; daemon prio=5 tid=196 timed_waiting&#10;java.lang.Thread.State: TIMED_WAITING&#10;        at sun.misc.Unsafe.park(Native Method)&#10;        at java.util.concurrent.locks.LockSupport.parkNanos(LockSupport.java:215)&#10;        at java.util.concurrent.locks.AbstractQueuedSynchronizer$ConditionObject.awaitNanos(AbstractQueuedSynchronizer.java:2078)&#10;        at java.util.concurrent.ScheduledThreadPoolExecutor$DelayedWorkQueue.take(ScheduledThreadPoolExecutor.java:1093)&#10;        at java.util.concurrent.ScheduledThreadPoolExecutor$DelayedWorkQueue.take(ScheduledThreadPoolExecutor.java:809)&#10;        at java.util.concurrent.ThreadPoolExecutor.getTask(ThreadPoolExecutor.java:1074)&#10;        at java.util.concurrent.ThreadPoolExecutor.runWorker(ThreadPoolExecutor.java:1134)&#10;        at java.util.concurrent.ThreadPoolExecutor$Worker.run(ThreadPoolExecutor.java:624)&#10;        at java.lang.Thread.run(Thread.java:748)&#10;&quot;pool-26-thread-11&quot;  prio=5 tid=254 in Object.wait()&#10;java.lang.Thread.State: WAITING (on object monitor)&#10;        at sun.misc.Unsafe.park(Native Method)&#10;        at java.util.concurrent.locks.LockSupport.park(LockSupport.java:175)&#10;        at java.util.concurrent.locks.AbstractQueuedSynchronizer$ConditionObject.await(AbstractQueuedSynchronizer.java:2039)&#10;        at java.util.concurrent.ArrayBlockingQueue.take(ArrayBlockingQueue.java:403)&#10;        at java.util.concurrent.ThreadPoolExecutor.getTask(ThreadPoolExecutor.java:1074)&#10;        at java.util.concurrent.ThreadPoolExecutor.runWorker(ThreadPoolExecutor.java:1134)&#10;        at java.util.concurrent.ThreadPoolExecutor$Worker.run(ThreadPoolExecutor.java:624)&#10;        at java.lang.Thread.run(Thread.java:748)&#10;&quot;pool-46-thread-41&quot;  prio=5 tid=393 in Object.wait()&#10;java.lang.Thread.State: WAITING (on object monitor)&#10;        at sun.misc.Unsafe.park(Native Method)&#10;        at java.util.concurrent.locks.LockSupport.park(LockSupport.java:175)&#10;        at java.util.concurrent.locks.AbstractQueuedSynchronizer$ConditionObject.await(AbstractQueuedSynchronizer.java:2039)&#10;        at java.util.concurrent.ArrayBlockingQueue.take(ArrayBlockingQueue.java:403)&#10;        at java.util.concurrent.ThreadPoolExecutor.getTask(ThreadPoolExecutor.java:1074)&#10;        at java.util.concurrent.ThreadPoolExecutor.runWorker(ThreadPoolExecutor.java:1134)&#10;        at java.util.concurrent.ThreadPoolExecutor$Worker.run(ThreadPoolExecutor.java:624)&#10;        at java.lang.Thread.run(Thread.java:748)&#10;&quot;IPC Server handler 17 on 38663&quot; daemon prio=5 tid=86 timed_waiting&#10;java.lang.Thread.State: TIMED_WAITING&#10;        at sun.misc.Unsafe.park(Native Method)&#10;        at java.util.concurrent.locks.LockSupport.parkNanos(LockSupport.java:215)&#10;        at java.util.concurrent.locks.AbstractQueuedSynchronizer$ConditionObject.awaitNanos(AbstractQueuedSynchronizer.java:2078)&#10;        at java.util.concurrent.LinkedBlockingQueue.poll(LinkedBlockingQueue.java:467)&#10;        at org.apache.hadoop.ipc.CallQueueManager.take(CallQueueManager.java:288)&#10;        at org.apache.hadoop.ipc.Server$Handler.run(Server.java:2668)&#10;&quot;grpc-default-executor-2&quot; daemon prio=5 tid=469 timed_waiting&#10;java.lang.Thread.State: TIMED_WAITING&#10;        at sun.misc.Unsafe.park(Native Method)&#10;        at java.util.concurrent.locks.LockSupport.parkNanos(LockSupport.java:215)&#10;        at java.util.concurrent.SynchronousQueue$TransferStack.awaitFulfill(SynchronousQueue.java:460)&#10;        at java.util.concurrent.SynchronousQueue$TransferStack.transfer(SynchronousQueue.java:362)&#10;        at java.util.concurrent.SynchronousQueue.poll(SynchronousQueue.java:941)&#10;        at java.util.concurrent.ThreadPoolExecutor.getTask(ThreadPoolExecutor.java:1073)&#10;        at java.util.concurrent.ThreadPoolExecutor.runWorker(ThreadPoolExecutor.java:1134)&#10;        at java.util.concurrent.ThreadPoolExecutor$Worker.run(ThreadPoolExecutor.java:624)&#10;        at java.lang.Thread.run(Thread.java:748)&#10;&quot;org.eclipse.jetty.server.session.HashSessionManager@2eae4349Timer&quot; daemon prio=5 tid=223 timed_waiting&#10;java.lang.Thread.State: TIMED_WAITING&#10;        at sun.misc.Unsafe.park(Native Method)&#10;        at java.util.concurrent.locks.LockSupport.parkNanos(LockSupport.java:215)&#10;        at java.util.concurrent.locks.AbstractQueuedSynchronizer$ConditionObject.awaitNanos(AbstractQueuedSynchronizer.java:2078)&#10;        at java.util.concurrent.ScheduledThreadPoolExecutor$DelayedWorkQueue.take(ScheduledThreadPoolExecutor.java:1093)&#10;        at java.util.concurrent.ScheduledThreadPoolExecutor$DelayedWorkQueue.take(ScheduledThreadPoolExecutor.java:809)&#10;        at java.util.concurrent.ThreadPoolExecutor.getTask(ThreadPoolExecutor.java:1074)&#10;        at java.util.concurrent.ThreadPoolExecutor.runWorker(ThreadPoolExecutor.java:1134)&#10;        at java.util.concurrent.ThreadPoolExecutor$Worker.run(ThreadPoolExecutor.java:624)&#10;        at java.lang.Thread.run(Thread.java:748)&#10;&quot;pool-46-thread-27&quot;  prio=5 tid=379 in Object.wait()&#10;java.lang.Thread.State: WAITING (on object monitor)&#10;        at sun.misc.Unsafe.park(Native Method)&#10;        at java.util.concurrent.locks.LockSupport.park(LockSupport.java:175)&#10;        at java.util.concurrent.locks.AbstractQueuedSynchronizer$ConditionObject.await(AbstractQueuedSynchronizer.java:2039)&#10;        at java.util.concurrent.ArrayBlockingQueue.take(ArrayBlockingQueue.java:403)&#10;        at java.util.concurrent.ThreadPoolExecutor.getTask(ThreadPoolExecutor.java:1074)&#10;        at java.util.concurrent.ThreadPoolExecutor.runWorker(ThreadPoolExecutor.java:1134)&#10;        at java.util.concurrent.ThreadPoolExecutor$Worker.run(ThreadPoolExecutor.java:624)&#10;        at java.lang.Thread.run(Thread.java:748)&#10;&quot;pool-36-thread-17&quot;  prio=5 tid=263 in Object.wait()&#10;java.lang.Thread.State: WAITING (on object monitor)&#10;        at sun.misc.Unsafe.park(Native Method)&#10;        at java.util.concurrent.locks.LockSupport.park(LockSupport.java:175)&#10;        at java.util.concurrent.locks.AbstractQueuedSynchronizer$ConditionObject.await(AbstractQueuedSynchronizer.java:2039)&#10;        at java.util.concurrent.ArrayBlockingQueue.take(ArrayBlockingQueue.java:403)&#10;        at java.util.concurrent.ThreadPoolExecutor.getTask(ThreadPoolExecutor.java:1074)&#10;        at java.util.concurrent.ThreadPoolExecutor.runWorker(ThreadPoolExecutor.java:1134)&#10;        at java.util.concurrent.ThreadPoolExecutor$Worker.run(ThreadPoolExecutor.java:624)&#10;        at java.lang.Thread.run(Thread.java:748)&#10;&quot;grpc-default-worker-ELG-3-1&quot; daemon prio=5 tid=429 runnable&#10;java.lang.Thread.State: RUNNABLE&#10;        at sun.nio.ch.EPollArrayWrapper.epollWait(Native Method)&#10;        at sun.nio.ch.EPollArrayWrapper.poll(EPollArrayWrapper.java:269)&#10;        at sun.nio.ch.EPollSelectorImpl.doSelect(EPollSelectorImpl.java:93)&#10;        at sun.nio.ch.SelectorImpl.lockAndDoSelect(SelectorImpl.java:86)&#10;        at sun.nio.ch.SelectorImpl.select(SelectorImpl.java:97)&#10;        at org.apache.ratis.thirdparty.io.netty.channel.nio.SelectedSelectionKeySetSelector.select(SelectedSelectionKeySetSelector.java:62)&#10;        at org.apache.ratis.thirdparty.io.netty.channel.nio.NioEventLoop.select(NioEventLoop.java:753)&#10;        at org.apache.ratis.thirdparty.io.netty.channel.nio.NioEventLoop.run(NioEventLoop.java:408)&#10;        at org.apache.ratis.thirdparty.io.netty.util.concurrent.SingleThreadEventExecutor$5.run(SingleThreadEventExecutor.java:897)&#10;        at org.apache.ratis.thirdparty.io.netty.util.concurrent.FastThreadLocalRunnable.run(FastThreadLocalRunnable.java:30)&#10;        at java.lang.Thread.run(Thread.java:748)&#10;&quot;IPC Server handler 11 on 38663&quot; daemon prio=5 tid=80 timed_waiting&#10;java.lang.Thread.State: TIMED_WAITING&#10;        at sun.misc.Unsafe.park(Native Method)&#10;        at java.util.concurrent.locks.LockSupport.parkNanos(LockSupport.java:215)&#10;        at java.util.concurrent.locks.AbstractQueuedSynchronizer$ConditionObject.awaitNanos(AbstractQueuedSynchronizer.java:2078)&#10;        at java.util.concurrent.LinkedBlockingQueue.poll(LinkedBlockingQueue.java:467)&#10;        at org.apache.hadoop.ipc.CallQueueManager.take(CallQueueManager.java:288)&#10;        at org.apache.hadoop.ipc.Server$Handler.run(Server.java:2668)&#10;&quot;SCM Heartbeat Processing Thread - 0&quot; daemon prio=5 tid=13 timed_waiting&#10;java.lang.Thread.State: TIMED_WAITING&#10;        at sun.misc.Unsafe.park(Native Method)&#10;        at java.util.concurrent.locks.LockSupport.parkNanos(LockSupport.java:215)&#10;        at java.util.concurrent.locks.AbstractQueuedSynchronizer$ConditionObject.awaitNanos(AbstractQueuedSynchronizer.java:2078)&#10;        at java.util.concurrent.ScheduledThreadPoolExecutor$DelayedWorkQueue.take(ScheduledThreadPoolExecutor.java:1093)&#10;        at java.util.concurrent.ScheduledThreadPoolExecutor$DelayedWorkQueue.take(ScheduledThreadPoolExecutor.java:809)&#10;        at java.util.concurrent.ThreadPoolExecutor.getTask(ThreadPoolExecutor.java:1074)&#10;        at java.util.concurrent.ThreadPoolExecutor.runWorker(ThreadPoolExecutor.java:1134)&#10;        at java.util.concurrent.ThreadPoolExecutor$Worker.run(ThreadPoolExecutor.java:624)&#10;        at java.lang.Thread.run(Thread.java:748)&#10;&quot;pool-40-thread-1&quot;  prio=5 tid=185 timed_waiting&#10;java.lang.Thread.State: TIMED_WAITING&#10;        at sun.misc.Unsafe.park(Native Method)&#10;        at java.util.concurrent.locks.LockSupport.parkNanos(LockSupport.java:215)&#10;        at java.util.concurrent.locks.AbstractQueuedSynchronizer$ConditionObject.awaitNanos(AbstractQueuedSynchronizer.java:2078)&#10;        at java.util.concurrent.ScheduledThreadPoolExecutor$DelayedWorkQueue.take(ScheduledThreadPoolExecutor.java:1093)&#10;        at java.util.concurrent.ScheduledThreadPoolExecutor$DelayedWorkQueue.take(ScheduledThreadPoolExecutor.java:809)&#10;        at java.util.concurrent.ThreadPoolExecutor.getTask(ThreadPoolExecutor.java:1074)&#10;        at java.util.concurrent.ThreadPoolExecutor.runWorker(ThreadPoolExecutor.java:1134)&#10;        at java.util.concurrent.ThreadPoolExecutor$Worker.run(ThreadPoolExecutor.java:624)&#10;        at java.lang.Thread.run(Thread.java:748)&#10;&quot;pool-36-thread-38&quot;  prio=5 tid=303 in Object.wait()&#10;java.lang.Thread.State: WAITING (on object monitor)&#10;        at sun.misc.Unsafe.park(Native Method)&#10;        at java.util.concurrent.locks.LockSupport.park(LockSupport.java:175)&#10;        at java.util.concurrent.locks.AbstractQueuedSynchronizer$ConditionObject.await(AbstractQueuedSynchronizer.java:2039)&#10;        at java.util.concurrent.ArrayBlockingQueue.take(ArrayBlockingQueue.java:403)&#10;        at java.util.concurrent.ThreadPoolExecutor.getTask(ThreadPoolExecutor.java:1074)&#10;        at java.util.concurrent.ThreadPoolExecutor.runWorker(ThreadPoolExecutor.java:1134)&#10;        at java.util.concurrent.ThreadPoolExecutor$Worker.run(ThreadPoolExecutor.java:624)&#10;        at java.lang.Thread.run(Thread.java:748)&#10;&quot;org.apache.hadoop.util.JvmPauseMonitor$Monitor@15d6fcd1&quot; daemon prio=5 tid=230 timed_waiting&#10;java.lang.Thread.State: TIMED_WAITING&#10;        at java.lang.Thread.sleep(Native Method)&#10;        at org.apache.hadoop.util.JvmPauseMonitor$Monitor.run(JvmPauseMonitor.java:192)&#10;        at java.lang.Thread.run(Thread.java:748)&#10;&quot;pool-30-thread-1&quot;  prio=5 tid=158 timed_waiting&#10;java.lang.Thread.State: TIMED_WAITING&#10;        at sun.misc.Unsafe.park(Native Method)&#10;        at java.util.concurrent.locks.LockSupport.parkNanos(LockSupport.java:215)&#10;        at java.util.concurrent.locks.AbstractQueuedSynchronizer$ConditionObject.awaitNanos(AbstractQueuedSynchronizer.java:2078)&#10;        at java.util.concurrent.ScheduledThreadPoolExecutor$DelayedWorkQueue.take(ScheduledThreadPoolExecutor.java:1093)&#10;        at java.util.concurrent.ScheduledThreadPoolExecutor$DelayedWorkQueue.take(ScheduledThreadPoolExecutor.java:809)&#10;        at java.util.concurrent.ThreadPoolExecutor.getTask(ThreadPoolExecutor.java:1074)&#10;        at java.util.concurrent.ThreadPoolExecutor.runWorker(ThreadPoolExecutor.java:1134)&#10;        at java.util.concurrent.ThreadPoolExecutor$Worker.run(ThreadPoolExecutor.java:624)&#10;        at java.lang.Thread.run(Thread.java:748)&#10;&quot;pool-46-thread-28&quot;  prio=5 tid=380 in Object.wait()&#10;java.lang.Thread.State: WAITING (on object monitor)&#10;        at sun.misc.Unsafe.park(Native Method)&#10;        at java.util.concurrent.locks.LockSupport.park(LockSupport.java:175)&#10;        at java.util.concurrent.locks.AbstractQueuedSynchronizer$ConditionObject.await(AbstractQueuedSynchronizer.java:2039)&#10;        at java.util.concurrent.ArrayBlockingQueue.take(ArrayBlockingQueue.java:403)&#10;        at java.util.concurrent.ThreadPoolExecutor.getTask(ThreadPoolExecutor.java:1074)&#10;        at java.util.concurrent.ThreadPoolExecutor.runWorker(ThreadPoolExecutor.java:1134)&#10;        at java.util.concurrent.ThreadPoolExecutor$Worker.run(ThreadPoolExecutor.java:624)&#10;        at java.lang.Thread.run(Thread.java:748)&#10;&quot;pool-36-thread-12&quot;  prio=5 tid=255 in Object.wait()&#10;java.lang.Thread.State: WAITING (on object monitor)&#10;        at sun.misc.Unsafe.park(Native Method)&#10;        at java.util.concurrent.locks.LockSupport.park(LockSupport.java:175)&#10;        at java.util.concurrent.locks.AbstractQueuedSynchronizer$ConditionObject.await(AbstractQueuedSynchronizer.java:2039)&#10;        at java.util.concurrent.ArrayBlockingQueue.take(ArrayBlockingQueue.java:403)&#10;        at java.util.concurrent.ThreadPoolExecutor.getTask(ThreadPoolExecutor.java:1074)&#10;        at java.util.concurrent.ThreadPoolExecutor.runWorker(ThreadPoolExecutor.java:1134)&#10;        at java.util.concurrent.ThreadPoolExecutor$Worker.run(ThreadPoolExecutor.java:624)&#10;        at java.lang.Thread.run(Thread.java:748)&#10;&quot;qtp498748934-190&quot; daemon prio=5 tid=190 timed_waiting&#10;java.lang.Thread.State: TIMED_WAITING&#10;        at sun.misc.Unsafe.park(Native Method)&#10;        at java.util.concurrent.locks.LockSupport.parkNanos(LockSupport.java:215)&#10;        at java.util.concurrent.locks.AbstractQueuedSynchronizer$ConditionObject.awaitNanos(AbstractQueuedSynchronizer.java:2078)&#10;        at org.eclipse.jetty.util.BlockingArrayQueue.poll(BlockingArrayQueue.java:392)&#10;        at org.eclipse.jetty.util.thread.QueuedThreadPool.idleJobPoll(QueuedThreadPool.java:563)&#10;        at org.eclipse.jetty.util.thread.QueuedThreadPool.access$800(QueuedThreadPool.java:48)&#10;        at org.eclipse.jetty.util.thread.QueuedThreadPool$2.run(QueuedThreadPool.java:626)&#10;        at java.lang.Thread.run(Thread.java:748)&#10;&quot;pool-26-thread-54&quot;  prio=5 tid=344 in Object.wait()&#10;java.lang.Thread.State: WAITING (on object monitor)&#10;        at sun.misc.Unsafe.park(Native Method)&#10;        at java.util.concurrent.locks.LockSupport.park(LockSupport.java:175)&#10;        at java.util.concurrent.locks.AbstractQueuedSynchronizer$ConditionObject.await(AbstractQueuedSynchronizer.java:2039)&#10;        at java.util.concurrent.ArrayBlockingQueue.take(ArrayBlockingQueue.java:403)&#10;        at java.util.concurrent.ThreadPoolExecutor.getTask(ThreadPoolExecutor.java:1074)&#10;        at java.util.concurrent.ThreadPoolExecutor.runWorker(ThreadPoolExecutor.java:1134)&#10;        at java.util.concurrent.ThreadPoolExecutor$Worker.run(ThreadPoolExecutor.java:624)&#10;        at java.lang.Thread.run(Thread.java:748)&#10;&quot;IPC Server handler 5 on 35339&quot; daemon prio=5 tid=119 timed_waiting&#10;java.lang.Thread.State: TIMED_WAITING&#10;        at sun.misc.Unsafe.park(Native Method)&#10;        at java.util.concurrent.locks.LockSupport.parkNanos(LockSupport.java:215)&#10;        at java.util.concurrent.locks.AbstractQueuedSynchronizer$ConditionObject.awaitNanos(AbstractQueuedSynchronizer.java:2078)&#10;        at java.util.concurrent.LinkedBlockingQueue.poll(LinkedBlockingQueue.java:467)&#10;        at org.apache.hadoop.ipc.CallQueueManager.take(CallQueueManager.java:288)&#10;        at org.apache.hadoop.ipc.Server$Handler.run(Server.java:2668)&#10;&quot;IPC Server handler 18 on 46440&quot; daemon prio=5 tid=67 timed_waiting&#10;java.lang.Thread.State: TIMED_WAITING&#10;        at sun.misc.Unsafe.park(Native Method)&#10;        at java.util.concurrent.locks.LockSupport.parkNanos(LockSupport.java:215)&#10;        at java.util.concurrent.locks.AbstractQueuedSynchronizer$ConditionObject.awaitNanos(AbstractQueuedSynchronizer.java:2078)&#10;        at java.util.concurrent.LinkedBlockingQueue.poll(LinkedBlockingQueue.java:467)&#10;        at org.apache.hadoop.ipc.CallQueueManager.take(CallQueueManager.java:288)&#10;        at org.apache.hadoop.ipc.Server$Handler.run(Server.java:2668)&#10;&quot;pool-36-thread-20&quot;  prio=5 tid=268 in Object.wait()&#10;java.lang.Thread.State: WAITING (on object monitor)&#10;        at sun.misc.Unsafe.park(Native Method)&#10;        at java.util.concurrent.locks.LockSupport.park(LockSupport.java:175)&#10;        at java.util.concurrent.locks.AbstractQueuedSynchronizer$ConditionObject.await(AbstractQueuedSynchronizer.java:2039)&#10;        at java.util.concurrent.ArrayBlockingQueue.take(ArrayBlockingQueue.java:403)&#10;        at java.util.concurrent.ThreadPoolExecutor.getTask(ThreadPoolExecutor.java:1074)&#10;        at java.util.concurrent.ThreadPoolExecutor.runWorker(ThreadPoolExecutor.java:1134)&#10;        at java.util.concurrent.ThreadPoolExecutor$Worker.run(ThreadPoolExecutor.java:624)&#10;        at java.lang.Thread.run(Thread.java:748)&#10;&quot;pool-26-thread-16&quot;  prio=5 tid=267 in Object.wait()&#10;java.lang.Thread.State: WAITING (on object monitor)&#10;        at sun.misc.Unsafe.park(Native Method)&#10;        at java.util.concurrent.locks.LockSupport.park(LockSupport.java:175)&#10;        at java.util.concurrent.locks.AbstractQueuedSynchronizer$ConditionObject.await(AbstractQueuedSynchronizer.java:2039)&#10;        at java.util.concurrent.ArrayBlockingQueue.take(ArrayBlockingQueue.java:403)&#10;        at java.util.concurrent.ThreadPoolExecutor.getTask(ThreadPoolExecutor.java:1074)&#10;        at java.util.concurrent.ThreadPoolExecutor.runWorker(ThreadPoolExecutor.java:1134)&#10;        at java.util.concurrent.ThreadPoolExecutor$Worker.run(ThreadPoolExecutor.java:624)&#10;        at java.lang.Thread.run(Thread.java:748)&#10;&quot;IPC Server handler 11 on 45958&quot; daemon prio=5 tid=40 timed_waiting&#10;java.lang.Thread.State: TIMED_WAITING&#10;        at sun.misc.Unsafe.park(Native Method)&#10;        at java.util.concurrent.locks.LockSupport.parkNanos(LockSupport.java:215)&#10;        at java.util.concurrent.locks.AbstractQueuedSynchronizer$ConditionObject.awaitNanos(AbstractQueuedSynchronizer.java:2078)&#10;        at java.util.concurrent.LinkedBlockingQueue.poll(LinkedBlockingQueue.java:467)&#10;        at org.apache.hadoop.ipc.CallQueueManager.take(CallQueueManager.java:288)&#10;        at org.apache.hadoop.ipc.Server$Handler.run(Server.java:2668)&#10;&quot;Datanode ReportManager Thread - 1&quot; daemon prio=5 tid=199 in Object.wait()&#10;java.lang.Thread.State: WAITING (on object monitor)&#10;        at sun.misc.Unsafe.park(Native Method)&#10;        at java.util.concurrent.locks.LockSupport.park(LockSupport.java:175)&#10;        at java.util.concurrent.locks.AbstractQueuedSynchronizer$ConditionObject.await(AbstractQueuedSynchronizer.java:2039)&#10;        at java.util.concurrent.ScheduledThreadPoolExecutor$DelayedWorkQueue.take(ScheduledThreadPoolExecutor.java:1088)&#10;        at java.util.concurrent.ScheduledThreadPoolExecutor$DelayedWorkQueue.take(ScheduledThreadPoolExecutor.java:809)&#10;        at java.util.concurrent.ThreadPoolExecutor.getTask(ThreadPoolExecutor.java:1074)&#10;        at java.util.concurrent.ThreadPoolExecutor.runWorker(ThreadPoolExecutor.java:1134)&#10;        at java.util.concurrent.ThreadPoolExecutor$Worker.run(ThreadPoolExecutor.java:624)&#10;        at java.lang.Thread.run(Thread.java:748)&#10;&quot;pool-46-thread-20&quot;  prio=5 tid=372 in Object.wait()&#10;java.lang.Thread.State: WAITING (on object monitor)&#10;        at sun.misc.Unsafe.park(Native Method)&#10;        at java.util.concurrent.locks.LockSupport.park(LockSupport.java:175)&#10;        at java.util.concurrent.locks.AbstractQueuedSynchronizer$ConditionObject.await(AbstractQueuedSynchronizer.java:2039)&#10;        at java.util.concurrent.ArrayBlockingQueue.take(ArrayBlockingQueue.java:403)&#10;        at java.util.concurrent.ThreadPoolExecutor.getTask(ThreadPoolExecutor.java:1074)&#10;        at java.util.concurrent.ThreadPoolExecutor.runWorker(ThreadPoolExecutor.java:1134)&#10;        at java.util.concurrent.ThreadPoolExecutor$Worker.run(ThreadPoolExecutor.java:624)&#10;        at java.lang.Thread.run(Thread.java:748)&#10;&quot;pool-36-thread-6&quot;  prio=5 tid=243 in Object.wait()&#10;java.lang.Thread.State: WAITING (on object monitor)&#10;        at sun.misc.Unsafe.park(Native Method)&#10;        at java.util.concurrent.locks.LockSupport.park(LockSupport.java:175)&#10;        at java.util.concurrent.locks.AbstractQueuedSynchronizer$ConditionObject.await(AbstractQueuedSynchronizer.java:2039)&#10;        at java.util.concurrent.ArrayBlockingQueue.take(ArrayBlockingQueue.java:403)&#10;        at java.util.concurrent.ThreadPoolExecutor.getTask(ThreadPoolExecutor.java:1074)&#10;        at java.util.concurrent.ThreadPoolExecutor.runWorker(ThreadPoolExecutor.java:1134)&#10;        at java.util.concurrent.ThreadPoolExecutor$Worker.run(ThreadPoolExecutor.java:624)&#10;        at java.lang.Thread.run(Thread.java:748)&#10;&quot;pool-46-thread-29&quot;  prio=5 tid=381 in Object.wait()&#10;java.lang.Thread.State: WAITING (on object monitor)&#10;        at sun.misc.Unsafe.park(Native Method)&#10;        at java.util.concurrent.locks.LockSupport.park(LockSupport.java:175)&#10;        at java.util.concurrent.locks.AbstractQueuedSynchronizer$ConditionObject.await(AbstractQueuedSynchronizer.java:2039)&#10;        at java.util.concurrent.ArrayBlockingQueue.take(ArrayBlockingQueue.java:403)&#10;        at java.util.concurrent.ThreadPoolExecutor.getTask(ThreadPoolExecutor.java:1074)&#10;        at java.util.concurrent.ThreadPoolExecutor.runWorker(ThreadPoolExecutor.java:1134)&#10;        at java.util.concurrent.ThreadPoolExecutor$Worker.run(ThreadPoolExecutor.java:624)&#10;        at java.lang.Thread.run(Thread.java:748)&#10;&quot;pool-26-thread-55&quot;  prio=5 tid=346 in Object.wait()&#10;java.lang.Thread.State: WAITING (on object monitor)&#10;        at sun.misc.Unsafe.park(Native Method)&#10;        at java.util.concurrent.locks.LockSupport.park(LockSupport.java:175)&#10;        at java.util.concurrent.locks.AbstractQueuedSynchronizer$ConditionObject.await(AbstractQueuedSynchronizer.java:2039)&#10;        at java.util.concurrent.ArrayBlockingQueue.take(ArrayBlockingQueue.java:403)&#10;        at java.util.concurrent.ThreadPoolExecutor.getTask(ThreadPoolExecutor.java:1074)&#10;        at java.util.concurrent.ThreadPoolExecutor.runWorker(ThreadPoolExecutor.java:1134)&#10;        at java.util.concurrent.ThreadPoolExecutor$Worker.run(ThreadPoolExecutor.java:624)&#10;        at java.lang.Thread.run(Thread.java:748)&#10;&quot;pool-26-thread-52&quot;  prio=5 tid=340 in Object.wait()&#10;java.lang.Thread.State: WAITING (on object monitor)&#10;        at sun.misc.Unsafe.park(Native Method)&#10;        at java.util.concurrent.locks.LockSupport.park(LockSupport.java:175)&#10;        at java.util.concurrent.locks.AbstractQueuedSynchronizer$ConditionObject.await(AbstractQueuedSynchronizer.java:2039)&#10;        at java.util.concurrent.ArrayBlockingQueue.take(ArrayBlockingQueue.java:403)&#10;        at java.util.concurrent.ThreadPoolExecutor.getTask(ThreadPoolExecutor.java:1074)&#10;        at java.util.concurrent.ThreadPoolExecutor.runWorker(ThreadPoolExecutor.java:1134)&#10;        at java.util.concurrent.ThreadPoolExecutor$Worker.run(ThreadPoolExecutor.java:624)&#10;        at java.lang.Thread.run(Thread.java:748)&#10;&quot;qtp498748934-188&quot; daemon prio=5 tid=188 timed_waiting&#10;java.lang.Thread.State: TIMED_WAITING&#10;        at sun.misc.Unsafe.park(Native Method)&#10;        at java.util.concurrent.locks.LockSupport.parkNanos(LockSupport.java:215)&#10;        at java.util.concurrent.locks.AbstractQueuedSynchronizer$ConditionObject.awaitNanos(AbstractQueuedSynchronizer.java:2078)&#10;        at org.eclipse.jetty.util.BlockingArrayQueue.poll(BlockingArrayQueue.java:392)&#10;        at org.eclipse.jetty.util.thread.QueuedThreadPool.idleJobPoll(QueuedThreadPool.java:563)&#10;        at org.eclipse.jetty.util.thread.QueuedThreadPool.access$800(QueuedThreadPool.java:48)&#10;        at org.eclipse.jetty.util.thread.QueuedThreadPool$2.run(QueuedThreadPool.java:626)&#10;        at java.lang.Thread.run(Thread.java:748)&#10;&quot;metrics-hadoop-metrics2-reporter-25-thread-1&quot; daemon prio=5 tid=567 timed_waiting&#10;java.lang.Thread.State: TIMED_WAITING&#10;        at sun.misc.Unsafe.park(Native Method)&#10;        at java.util.concurrent.locks.LockSupport.parkNanos(LockSupport.java:215)&#10;        at java.util.concurrent.locks.AbstractQueuedSynchronizer$ConditionObject.awaitNanos(AbstractQueuedSynchronizer.java:2078)&#10;        at java.util.concurrent.ScheduledThreadPoolExecutor$DelayedWorkQueue.take(ScheduledThreadPoolExecutor.java:1093)&#10;        at java.util.concurrent.ScheduledThreadPoolExecutor$DelayedWorkQueue.take(ScheduledThreadPoolExecutor.java:809)&#10;        at java.util.concurrent.ThreadPoolExecutor.getTask(ThreadPoolExecutor.java:1074)&#10;        at java.util.concurrent.ThreadPoolExecutor.runWorker(ThreadPoolExecutor.java:1134)&#10;        at java.util.concurrent.ThreadPoolExecutor$Worker.run(ThreadPoolExecutor.java:624)&#10;        at java.lang.Thread.run(Thread.java:748)&#10;&quot;pool-26-thread-8&quot;  prio=5 tid=248 in Object.wait()&#10;java.lang.Thread.State: WAITING (on object monitor)&#10;        at sun.misc.Unsafe.park(Native Method)&#10;        at java.util.concurrent.locks.LockSupport.park(LockSupport.java:175)&#10;        at java.util.concurrent.locks.AbstractQueuedSynchronizer$ConditionObject.await(AbstractQueuedSynchronizer.java:2039)&#10;        at java.util.concurrent.ArrayBlockingQueue.take(ArrayBlockingQueue.java:403)&#10;        at java.util.concurrent.ThreadPoolExecutor.getTask(ThreadPoolExecutor.java:1074)&#10;        at java.util.concurrent.ThreadPoolExecutor.runWorker(ThreadPoolExecutor.java:1134)&#10;        at java.util.concurrent.ThreadPoolExecutor$Worker.run(ThreadPoolExecutor.java:624)&#10;        at java.lang.Thread.run(Thread.java:748)&#10;&quot;qtp2095970915-143&quot; daemon prio=5 tid=143 timed_waiting&#10;java.lang.Thread.State: TIMED_WAITING&#10;        at sun.misc.Unsafe.park(Native Method)&#10;        at java.util.concurrent.locks.LockSupport.parkNanos(LockSupport.java:215)&#10;        at java.util.concurrent.locks.AbstractQueuedSynchronizer$ConditionObject.awaitNanos(AbstractQueuedSynchronizer.java:2078)&#10;        at org.eclipse.jetty.util.BlockingArrayQueue.poll(BlockingArrayQueue.java:392)&#10;        at org.eclipse.jetty.util.thread.QueuedThreadPool.idleJobPoll(QueuedThreadPool.java:563)&#10;        at org.eclipse.jetty.util.thread.QueuedThreadPool.access$800(QueuedThreadPool.java:48)&#10;        at org.eclipse.jetty.util.thread.QueuedThreadPool$2.run(QueuedThreadPool.java:626)&#10;        at java.lang.Thread.run(Thread.java:748)&#10;&quot;IPC Server handler 8 on 38663&quot; daemon prio=5 tid=77 timed_waiting&#10;java.lang.Thread.State: TIMED_WAITING&#10;        at sun.misc.Unsafe.park(Native Method)&#10;        at java.util.concurrent.locks.LockSupport.parkNanos(LockSupport.java:215)&#10;        at java.util.concurrent.locks.AbstractQueuedSynchronizer$ConditionObject.awaitNanos(AbstractQueuedSynchronizer.java:2078)&#10;        at java.util.concurrent.LinkedBlockingQueue.poll(LinkedBlockingQueue.java:467)&#10;        at org.apache.hadoop.ipc.CallQueueManager.take(CallQueueManager.java:288)&#10;        at org.apache.hadoop.ipc.Server$Handler.run(Server.java:2668)&#10;&quot;pool-46-thread-52&quot;  prio=5 tid=404 in Object.wait()&#10;java.lang.Thread.State: WAITING (on object monitor)&#10;        at sun.misc.Unsafe.park(Native Method)&#10;        at java.util.concurrent.locks.LockSupport.park(LockSupport.java:175)&#10;        at java.util.concurrent.locks.AbstractQueuedSynchronizer$ConditionObject.await(AbstractQueuedSynchronizer.java:2039)&#10;        at java.util.concurrent.ArrayBlockingQueue.take(ArrayBlockingQueue.java:403)&#10;        at java.util.concurrent.ThreadPoolExecutor.getTask(ThreadPoolExecutor.java:1074)&#10;        at java.util.concurrent.ThreadPoolExecutor.runWorker(ThreadPoolExecutor.java:1134)&#10;        at java.util.concurrent.ThreadPoolExecutor$Worker.run(ThreadPoolExecutor.java:624)&#10;        at java.lang.Thread.run(Thread.java:748)&#10;&quot;pool-36-thread-40&quot;  prio=5 tid=307 in Object.wait()&#10;java.lang.Thread.State: WAITING (on object monitor)&#10;        at sun.misc.Unsafe.park(Native Method)&#10;        at java.util.concurrent.locks.LockSupport.park(LockSupport.java:175)&#10;        at java.util.concurrent.locks.AbstractQueuedSynchronizer$ConditionObject.await(AbstractQueuedSynchronizer.java:2039)&#10;        at java.util.concurrent.ArrayBlockingQueue.take(ArrayBlockingQueue.java:403)&#10;        at java.util.concurrent.ThreadPoolExecutor.getTask(ThreadPoolExecutor.java:1074)&#10;        at java.util.concurrent.ThreadPoolExecutor.runWorker(ThreadPoolExecutor.java:1134)&#10;        at java.util.concurrent.ThreadPoolExecutor$Worker.run(ThreadPoolExecutor.java:624)&#10;        at java.lang.Thread.run(Thread.java:748)&#10;&quot;surefire-forkedjvm-command-thread&quot; daemon prio=5 tid=8 runnable&#10;java.lang.Thread.State: RUNNABLE&#10;        at java.io.FileInputStream.readBytes(Native Method)&#10;        at java.io.FileInputStream.read(FileInputStream.java:255)&#10;        at java.io.BufferedInputStream.fill(BufferedInputStream.java:246)&#10;        at java.io.BufferedInputStream.read(BufferedInputStream.java:265)&#10;        at java.io.DataInputStream.readInt(DataInputStream.java:387)&#10;        at org.apache.maven.surefire.booter.MasterProcessCommand.decode(MasterProcessCommand.java:115)&#10;        at org.apache.maven.surefire.booter.CommandReader$CommandRunnable.run(CommandReader.java:390)&#10;        at java.lang.Thread.run(Thread.java:748)&#10;&quot;pool-26-thread-27&quot;  prio=5 tid=290 in Object.wait()&#10;java.lang.Thread.State: WAITING (on object monitor)&#10;        at sun.misc.Unsafe.park(Native Method)&#10;        at java.util.concurrent.locks.LockSupport.park(LockSupport.java:175)&#10;        at java.util.concurrent.locks.AbstractQueuedSynchronizer$ConditionObject.await(AbstractQueuedSynchronizer.java:2039)&#10;        at java.util.concurrent.ArrayBlockingQueue.take(ArrayBlockingQueue.java:403)&#10;        at java.util.concurrent.ThreadPoolExecutor.getTask(ThreadPoolExecutor.java:1074)&#10;        at java.util.concurrent.ThreadPoolExecutor.runWorker(ThreadPoolExecutor.java:1134)&#10;        at java.util.concurrent.ThreadPoolExecutor$Worker.run(ThreadPoolExecutor.java:624)&#10;        at java.lang.Thread.run(Thread.java:748)&#10;&quot;IPC Server handler 2 on 38663&quot; daemon prio=5 tid=71 timed_waiting&#10;java.lang.Thread.State: TIMED_WAITING&#10;        at sun.misc.Unsafe.park(Native Method)&#10;        at java.util.concurrent.locks.LockSupport.parkNanos(LockSupport.java:215)&#10;        at java.util.concurrent.locks.AbstractQueuedSynchronizer$ConditionObject.awaitNanos(AbstractQueuedSynchronizer.java:2078)&#10;        at java.util.concurrent.LinkedBlockingQueue.poll(LinkedBlockingQueue.java:467)&#10;        at org.apache.hadoop.ipc.CallQueueManager.take(CallQueueManager.java:288)&#10;        at org.apache.hadoop.ipc.Server$Handler.run(Server.java:2668)&#10;&quot;pool-26-thread-12&quot;  prio=5 tid=257 in Object.wait()&#10;java.lang.Thread.State: WAITING (on object monitor)&#10;        at sun.misc.Unsafe.park(Native Method)&#10;        at java.util.concurrent.locks.LockSupport.park(LockSupport.java:175)&#10;        at java.util.concurrent.locks.AbstractQueuedSynchronizer$ConditionObject.await(AbstractQueuedSynchronizer.java:2039)&#10;        at java.util.concurrent.ArrayBlockingQueue.take(ArrayBlockingQueue.java:403)&#10;        at java.util.concurrent.ThreadPoolExecutor.getTask(ThreadPoolExecutor.java:1074)&#10;        at java.util.concurrent.ThreadPoolExecutor.runWorker(ThreadPoolExecutor.java:1134)&#10;        at java.util.concurrent.ThreadPoolExecutor$Worker.run(ThreadPoolExecutor.java:624)&#10;        at java.lang.Thread.run(Thread.java:748)&#10;&quot;Thread-184&quot; daemon prio=5 tid=450 timed_waiting&#10;java.lang.Thread.State: TIMED_WAITING&#10;        at sun.misc.Unsafe.park(Native Method)&#10;        at java.util.concurrent.locks.LockSupport.parkNanos(LockSupport.java:215)&#10;        at java.util.concurrent.locks.AbstractQueuedSynchronizer$ConditionObject.awaitNanos(AbstractQueuedSynchronizer.java:2078)&#10;        at java.util.concurrent.ArrayBlockingQueue.poll(ArrayBlockingQueue.java:418)&#10;        at org.apache.ratis.server.impl.LeaderState$EventQueue.poll(LeaderState.java:115)&#10;        at org.apache.ratis.server.impl.LeaderState$EventProcessor.run(LeaderState.java:467)&#10;&quot;IPC Server handler 4 on 45958&quot; daemon prio=5 tid=33 timed_waiting&#10;java.lang.Thread.State: TIMED_WAITING&#10;        at sun.misc.Unsafe.park(Native Method)&#10;        at java.util.concurrent.locks.LockSupport.parkNanos(LockSupport.java:215)&#10;        at java.util.concurrent.locks.AbstractQueuedSynchronizer$ConditionObject.awaitNanos(AbstractQueuedSynchronizer.java:2078)&#10;        at java.util.concurrent.LinkedBlockingQueue.poll(LinkedBlockingQueue.java:467)&#10;        at org.apache.hadoop.ipc.CallQueueManager.take(CallQueueManager.java:288)&#10;        at org.apache.hadoop.ipc.Server$Handler.run(Server.java:2668)&#10;&quot;Socket Reader #1 for port 46440&quot;  prio=5 tid=19 runnable&#10;java.lang.Thread.State: RUNNABLE&#10;        at sun.nio.ch.EPollArrayWrapper.epollWait(Native Method)&#10;        at sun.nio.ch.EPollArrayWrapper.poll(EPollArrayWrapper.java:269)&#10;        at sun.nio.ch.EPollSelectorImpl.doSelect(EPollSelectorImpl.java:93)&#10;        at sun.nio.ch.SelectorImpl.lockAndDoSelect(SelectorImpl.java:86)&#10;        at sun.nio.ch.SelectorImpl.select(SelectorImpl.java:97)&#10;        at sun.nio.ch.SelectorImpl.select(SelectorImpl.java:101)&#10;        at org.apache.hadoop.ipc.Server$Listener$Reader.doRunLoop(Server.java:1097)&#10;        at org.apache.hadoop.ipc.Server$Listener$Reader.run(Server.java:1076)&#10;&quot;52743044-8979-4a08-8013-92a14c548982@group-146C50BE7901-StateMachineUpdater&quot; daemon prio=5 tid=569 in Object.wait()&#10;java.lang.Thread.State: WAITING (on object monitor)&#10;        at java.lang.Object.wait(Native Method)&#10;        at java.lang.Object.wait(Object.java:502)&#10;        at org.apache.ratis.server.impl.StateMachineUpdater.waitForCommit(StateMachineUpdater.java:194)&#10;        at org.apache.ratis.server.impl.StateMachineUpdater.run(StateMachineUpdater.java:159)&#10;        at java.lang.Thread.run(Thread.java:748)&#10;&quot;IPC Server handler 5 on 45958&quot; daemon prio=5 tid=34 timed_waiting&#10;java.lang.Thread.State: TIMED_WAITING&#10;        at sun.misc.Unsafe.park(Native Method)&#10;        at java.util.concurrent.locks.LockSupport.parkNanos(LockSupport.java:215)&#10;        at java.util.concurrent.locks.AbstractQueuedSynchronizer$ConditionObject.awaitNanos(AbstractQueuedSynchronizer.java:2078)&#10;        at java.util.concurrent.LinkedBlockingQueue.poll(LinkedBlockingQueue.java:467)&#10;        at org.apache.hadoop.ipc.CallQueueManager.take(CallQueueManager.java:288)&#10;        at org.apache.hadoop.ipc.Server$Handler.run(Server.java:2668)&#10;&quot;RatisPipelineUtilsThread&quot;  prio=5 tid=421 timed_waiting&#10;java.lang.Thread.State: TIMED_WAITING&#10;        at sun.misc.Unsafe.park(Native Method)&#10;        at java.util.concurrent.locks.LockSupport.parkNanos(LockSupport.java:215)&#10;        at java.util.concurrent.locks.AbstractQueuedSynchronizer$ConditionObject.awaitNanos(AbstractQueuedSynchronizer.java:2078)&#10;        at java.util.concurrent.ScheduledThreadPoolExecutor$DelayedWorkQueue.take(ScheduledThreadPoolExecutor.java:1093)&#10;        at java.util.concurrent.ScheduledThreadPoolExecutor$DelayedWorkQueue.take(ScheduledThreadPoolExecutor.java:809)&#10;        at java.util.concurrent.ThreadPoolExecutor.getTask(ThreadPoolExecutor.java:1074)&#10;        at java.util.concurrent.ThreadPoolExecutor.runWorker(ThreadPoolExecutor.java:1134)&#10;        at java.util.concurrent.ThreadPoolExecutor$Worker.run(ThreadPoolExecutor.java:624)&#10;        at java.lang.Thread.run(Thread.java:748)&#10;&quot;metrics-hadoop-metrics2-reporter-29-thread-1&quot; daemon prio=5 tid=578 timed_waiting&#10;java.lang.Thread.State: TIMED_WAITING&#10;        at sun.misc.Unsafe.park(Native Method)&#10;        at java.util.concurrent.locks.LockSupport.parkNanos(LockSupport.java:215)&#10;        at java.util.concurrent.locks.AbstractQueuedSynchronizer$ConditionObject.awaitNanos(AbstractQueuedSynchronizer.java:2078)&#10;        at java.util.concurrent.ScheduledThreadPoolExecutor$DelayedWorkQueue.take(ScheduledThreadPoolExecutor.java:1093)&#10;        at java.util.concurrent.ScheduledThreadPoolExecutor$DelayedWorkQueue.take(ScheduledThreadPoolExecutor.java:809)&#10;        at java.util.concurrent.ThreadPoolExecutor.getTask(ThreadPoolExecutor.java:1074)&#10;        at java.util.concurrent.ThreadPoolExecutor.runWorker(ThreadPoolExecutor.java:1134)&#10;        at java.util.concurrent.ThreadPoolExecutor$Worker.run(ThreadPoolExecutor.java:624)&#10;        at java.lang.Thread.run(Thread.java:748)&#10;&quot;org.eclipse.jetty.server.session.HashSessionManager@687a762cTimer&quot; daemon prio=5 tid=99 timed_waiting&#10;java.lang.Thread.State: TIMED_WAITING&#10;        at sun.misc.Unsafe.park(Native Method)&#10;        at java.util.concurrent.locks.LockSupport.parkNanos(LockSupport.java:215)&#10;        at java.util.concurrent.locks.AbstractQueuedSynchronizer$ConditionObject.awaitNanos(AbstractQueuedSynchronizer.java:2078)&#10;        at java.util.concurrent.ScheduledThreadPoolExecutor$DelayedWorkQueue.take(ScheduledThreadPoolExecutor.java:1093)&#10;        at java.util.concurrent.ScheduledThreadPoolExecutor$DelayedWorkQueue.take(ScheduledThreadPoolExecutor.java:809)&#10;        at java.util.concurrent.ThreadPoolExecutor.getTask(ThreadPoolExecutor.java:1074)&#10;        at java.util.concurrent.ThreadPoolExecutor.runWorker(ThreadPoolExecutor.java:1134)&#10;        at java.util.concurrent.ThreadPoolExecutor$Worker.run(ThreadPoolExecutor.java:624)&#10;        at java.lang.Thread.run(Thread.java:748)&#10;&quot;metrics-hadoop-metrics2-reporter-5-thread-1&quot; daemon prio=5 tid=446 timed_waiting&#10;java.lang.Thread.State: TIMED_WAITING&#10;        at sun.misc.Unsafe.park(Native Method)&#10;        at java.util.concurrent.locks.LockSupport.parkNanos(LockSupport.java:215)&#10;        at java.util.concurrent.locks.AbstractQueuedSynchronizer$ConditionObject.awaitNanos(AbstractQueuedSynchronizer.java:2078)&#10;        at java.util.concurrent.ScheduledThreadPoolExecutor$DelayedWorkQueue.take(ScheduledThreadPoolExecutor.java:1093)&#10;        at java.util.concurrent.ScheduledThreadPoolExecutor$DelayedWorkQueue.take(ScheduledThreadPoolExecutor.java:809)&#10;        at java.util.concurrent.ThreadPoolExecutor.getTask(ThreadPoolExecutor.java:1074)&#10;        at java.util.concurrent.ThreadPoolExecutor.runWorker(ThreadPoolExecutor.java:1134)&#10;        at java.util.concurrent.ThreadPoolExecutor$Worker.run(ThreadPoolExecutor.java:624)&#10;        at java.lang.Thread.run(Thread.java:748)&#10;&quot;org.apache.hadoop.util.JvmPauseMonitor$Monitor@490b5cdf&quot; daemon prio=5 tid=203 timed_waiting&#10;java.lang.Thread.State: TIMED_WAITING&#10;        at java.lang.Thread.sleep(Native Method)&#10;        at org.apache.hadoop.util.JvmPauseMonitor$Monitor.run(JvmPauseMonitor.java:192)&#10;        at java.lang.Thread.run(Thread.java:748)&#10;&quot;Datanode ReportManager Thread - 0&quot; daemon prio=5 tid=198 in Object.wait()&#10;java.lang.Thread.State: WAITING (on object monitor)&#10;        at sun.misc.Unsafe.park(Native Method)&#10;        at java.util.concurrent.locks.LockSupport.park(LockSupport.java:175)&#10;        at java.util.concurrent.locks.AbstractQueuedSynchronizer$ConditionObject.await(AbstractQueuedSynchronizer.java:2039)&#10;        at java.util.concurrent.ScheduledThreadPoolExecutor$DelayedWorkQueue.take(ScheduledThreadPoolExecutor.java:1088)&#10;        at java.util.concurrent.ScheduledThreadPoolExecutor$DelayedWorkQueue.take(ScheduledThreadPoolExecutor.java:809)&#10;        at java.util.concurrent.ThreadPoolExecutor.getTask(ThreadPoolExecutor.java:1074)&#10;        at java.util.concurrent.ThreadPoolExecutor.runWorker(ThreadPoolExecutor.java:1134)&#10;        at java.util.concurrent.ThreadPoolExecutor$Worker.run(ThreadPoolExecutor.java:624)&#10;        at java.lang.Thread.run(Thread.java:748)&#10;&quot;grpc-default-worker-ELG-3-4&quot; daemon prio=5 tid=433 runnable&#10;java.lang.Thread.State: RUNNABLE&#10;        at sun.nio.ch.EPollArrayWrapper.epollWait(Native Method)&#10;        at sun.nio.ch.EPollArrayWrapper.poll(EPollArrayWrapper.java:269)&#10;        at sun.nio.ch.EPollSelectorImpl.doSelect(EPollSelectorImpl.java:93)&#10;        at sun.nio.ch.SelectorImpl.lockAndDoSelect(SelectorImpl.java:86)&#10;        at sun.nio.ch.SelectorImpl.select(SelectorImpl.java:97)&#10;        at org.apache.ratis.thirdparty.io.netty.channel.nio.SelectedSelectionKeySetSelector.select(SelectedSelectionKeySetSelector.java:62)&#10;        at org.apache.ratis.thirdparty.io.netty.channel.nio.NioEventLoop.select(NioEventLoop.java:753)&#10;        at org.apache.ratis.thirdparty.io.netty.channel.nio.NioEventLoop.run(NioEventLoop.java:408)&#10;        at org.apache.ratis.thirdparty.io.netty.util.concurrent.SingleThreadEventExecutor$5.run(SingleThreadEventExecutor.java:897)&#10;        at org.apache.ratis.thirdparty.io.netty.util.concurrent.FastThreadLocalRunnable.run(FastThreadLocalRunnable.java:30)&#10;        at java.lang.Thread.run(Thread.java:748)&#10;&quot;pool-46-thread-48&quot;  prio=5 tid=400 in Object.wait()&#10;java.lang.Thread.State: WAITING (on object monitor)&#10;        at sun.misc.Unsafe.park(Native Method)&#10;        at java.util.concurrent.locks.LockSupport.park(LockSupport.java:175)&#10;        at java.util.concurrent.locks.AbstractQueuedSynchronizer$ConditionObject.await(AbstractQueuedSynchronizer.java:2039)&#10;        at java.util.concurrent.ArrayBlockingQueue.take(ArrayBlockingQueue.java:403)&#10;        at java.util.concurrent.ThreadPoolExecutor.getTask(ThreadPoolExecutor.java:1074)&#10;        at java.util.concurrent.ThreadPoolExecutor.runWorker(ThreadPoolExecutor.java:1134)&#10;        at java.util.concurrent.ThreadPoolExecutor$Worker.run(ThreadPoolExecutor.java:624)&#10;        at java.lang.Thread.run(Thread.java:748)&#10;&quot;IPC Server handler 18 on 45958&quot; daemon prio=5 tid=47 timed_waiting&#10;java.lang.Thread.State: TIMED_WAITING&#10;        at sun.misc.Unsafe.park(Native Method)&#10;        at java.util.concurrent.locks.LockSupport.parkNanos(LockSupport.java:215)&#10;        at java.util.concurrent.locks.AbstractQueuedSynchronizer$ConditionObject.awaitNanos(AbstractQueuedSynchronizer.java:2078)&#10;        at java.util.concurrent.LinkedBlockingQueue.poll(LinkedBlockingQueue.java:467)&#10;        at org.apache.hadoop.ipc.CallQueueManager.take(CallQueueManager.java:288)&#10;        at org.apache.hadoop.ipc.Server$Handler.run(Server.java:2668)&#10;&quot;IPC Server handler 16 on 35339&quot; daemon prio=5 tid=131 timed_waiting&#10;java.lang.Thread.State: TIMED_WAITING&#10;        at sun.misc.Unsafe.park(Native Method)&#10;        at java.util.concurrent.locks.LockSupport.parkNanos(LockSupport.java:215)&#10;        at java.util.concurrent.locks.AbstractQueuedSynchronizer$ConditionObject.awaitNanos(AbstractQueuedSynchronizer.java:2078)&#10;        at java.util.concurrent.LinkedBlockingQueue.poll(LinkedBlockingQueue.java:467)&#10;        at org.apache.hadoop.ipc.CallQueueManager.take(CallQueueManager.java:288)&#10;        at org.apache.hadoop.ipc.Server$Handler.run(Server.java:2668)&#10;&quot;pool-37-thread-1&quot;  prio=5 tid=456 in Object.wait()&#10;java.lang.Thread.State: WAITING (on object monitor)&#10;        at sun.misc.Unsafe.park(Native Method)&#10;        at java.util.concurrent.locks.LockSupport.park(LockSupport.java:175)&#10;        at java.util.concurrent.locks.AbstractQueuedSynchronizer$ConditionObject.await(AbstractQueuedSynchronizer.java:2039)&#10;        at java.util.concurrent.LinkedBlockingQueue.take(LinkedBlockingQueue.java:442)&#10;        at java.util.concurrent.ThreadPoolExecutor.getTask(ThreadPoolExecutor.java:1074)&#10;        at java.util.concurrent.ThreadPoolExecutor.runWorker(ThreadPoolExecutor.java:1134)&#10;        at java.util.concurrent.ThreadPoolExecutor$Worker.run(ThreadPoolExecutor.java:624)&#10;        at java.lang.Thread.run(Thread.java:748)&#10;&quot;pool-46-thread-9&quot;  prio=5 tid=361 in Object.wait()&#10;java.lang.Thread.State: WAITING (on object monitor)&#10;        at sun.misc.Unsafe.park(Native Method)&#10;        at java.util.concurrent.locks.LockSupport.park(LockSupport.java:175)&#10;        at java.util.concurrent.locks.AbstractQueuedSynchronizer$ConditionObject.await(AbstractQueuedSynchronizer.java:2039)&#10;        at java.util.concurrent.ArrayBlockingQueue.take(ArrayBlockingQueue.java:403)&#10;        at java.util.concurrent.ThreadPoolExecutor.getTask(ThreadPoolExecutor.java:1074)&#10;        at java.util.concurrent.ThreadPoolExecutor.runWorker(ThreadPoolExecutor.java:1134)&#10;        at java.util.concurrent.ThreadPoolExecutor$Worker.run(ThreadPoolExecutor.java:624)&#10;        at java.lang.Thread.run(Thread.java:748)&#10;&quot;org.eclipse.jetty.server.session.HashSessionManager@7a639ec5Timer&quot; daemon prio=5 tid=144 timed_waiting&#10;java.lang.Thread.State: TIMED_WAITING&#10;        at sun.misc.Unsafe.park(Native Method)&#10;        at java.util.concurrent.locks.LockSupport.parkNanos(LockSupport.java:215)&#10;        at java.util.concurrent.locks.AbstractQueuedSynchronizer$ConditionObject.awaitNanos(AbstractQueuedSynchronizer.java:2078)&#10;        at java.util.concurrent.ScheduledThreadPoolExecutor$DelayedWorkQueue.take(ScheduledThreadPoolExecutor.java:1093)&#10;        at java.util.concurrent.ScheduledThreadPoolExecutor$DelayedWorkQueue.take(ScheduledThreadPoolExecutor.java:809)&#10;        at java.util.concurrent.ThreadPoolExecutor.getTask(ThreadPoolExecutor.java:1074)&#10;        at java.util.concurrent.ThreadPoolExecutor.runWorker(ThreadPoolExecutor.java:1134)&#10;        at java.util.concurrent.ThreadPoolExecutor$Worker.run(ThreadPoolExecutor.java:624)&#10;        at java.lang.Thread.run(Thread.java:748)&#10;&quot;IPC Server handler 12 on 46440&quot; daemon prio=5 tid=61 timed_waiting&#10;java.lang.Thread.State: TIMED_WAITING&#10;        at sun.misc.Unsafe.park(Native Method)&#10;        at java.util.concurrent.locks.LockSupport.parkNanos(LockSupport.java:215)&#10;        at java.util.concurrent.locks.AbstractQueuedSynchronizer$ConditionObject.awaitNanos(AbstractQueuedSynchronizer.java:2078)&#10;        at java.util.concurrent.LinkedBlockingQueue.poll(LinkedBlockingQueue.java:467)&#10;        at org.apache.hadoop.ipc.CallQueueManager.take(CallQueueManager.java:288)&#10;        at org.apache.hadoop.ipc.Server$Handler.run(Server.java:2668)&#10;&quot;pool-26-thread-48&quot;  prio=5 tid=332 in Object.wait()&#10;java.lang.Thread.State: WAITING (on object monitor)&#10;        at sun.misc.Unsafe.park(Native Method)&#10;        at java.util.concurrent.locks.LockSupport.park(LockSupport.java:175)&#10;        at java.util.concurrent.locks.AbstractQueuedSynchronizer$ConditionObject.await(AbstractQueuedSynchronizer.java:2039)&#10;        at java.util.concurrent.ArrayBlockingQueue.take(ArrayBlockingQueue.java:403)&#10;        at java.util.concurrent.ThreadPoolExecutor.getTask(ThreadPoolExecutor.java:1074)&#10;        at java.util.concurrent.ThreadPoolExecutor.runWorker(ThreadPoolExecutor.java:1134)&#10;        at java.util.concurrent.ThreadPoolExecutor$Worker.run(ThreadPoolExecutor.java:624)&#10;        at java.lang.Thread.run(Thread.java:748)&#10;&quot;pool-26-thread-10&quot;  prio=5 tid=252 in Object.wait()&#10;java.lang.Thread.State: WAITING (on object monitor)&#10;        at sun.misc.Unsafe.park(Native Method)&#10;        at java.util.concurrent.locks.LockSupport.park(LockSupport.java:175)&#10;        at java.util.concurrent.locks.AbstractQueuedSynchronizer$ConditionObject.await(AbstractQueuedSynchronizer.java:2039)&#10;        at java.util.concurrent.ArrayBlockingQueue.take(ArrayBlockingQueue.java:403)&#10;        at java.util.concurrent.ThreadPoolExecutor.getTask(ThreadPoolExecutor.java:1074)&#10;        at java.util.concurrent.ThreadPoolExecutor.runWorker(ThreadPoolExecutor.java:1134)&#10;        at java.util.concurrent.ThreadPoolExecutor$Worker.run(ThreadPoolExecutor.java:624)&#10;        at java.lang.Thread.run(Thread.java:748)&#10;&quot;pool-26-thread-2&quot;  prio=5 tid=236 in Object.wait()&#10;java.lang.Thread.State: WAITING (on object monitor)&#10;        at sun.misc.Unsafe.park(Native Method)&#10;        at java.util.concurrent.locks.LockSupport.park(LockSupport.java:175)&#10;        at java.util.concurrent.locks.AbstractQueuedSynchronizer$ConditionObject.await(AbstractQueuedSynchronizer.java:2039)&#10;        at java.util.concurrent.ArrayBlockingQueue.take(ArrayBlockingQueue.java:403)&#10;        at java.util.concurrent.ThreadPoolExecutor.getTask(ThreadPoolExecutor.java:1074)&#10;        at java.util.concurrent.ThreadPoolExecutor.runWorker(ThreadPoolExecutor.java:1134)&#10;        at java.util.concurrent.ThreadPoolExecutor$Worker.run(ThreadPoolExecutor.java:624)&#10;        at java.lang.Thread.run(Thread.java:748)&#10;&quot;IPC Server handler 9 on 38663&quot; daemon prio=5 tid=78 timed_waiting&#10;java.lang.Thread.State: TIMED_WAITING&#10;        at sun.misc.Unsafe.park(Native Method)&#10;        at java.util.concurrent.locks.LockSupport.parkNanos(LockSupport.java:215)&#10;        at java.util.concurrent.locks.AbstractQueuedSynchronizer$ConditionObject.awaitNanos(AbstractQueuedSynchronizer.java:2078)&#10;        at java.util.concurrent.LinkedBlockingQueue.poll(LinkedBlockingQueue.java:467)&#10;        at org.apache.hadoop.ipc.CallQueueManager.take(CallQueueManager.java:288)&#10;        at org.apache.hadoop.ipc.Server$Handler.run(Server.java:2668)&#10;&quot;pool-26-thread-36&quot;  prio=5 tid=308 in Object.wait()&#10;java.lang.Thread.State: WAITING (on object monitor)&#10;        at sun.misc.Unsafe.park(Native Method)&#10;        at java.util.concurrent.locks.LockSupport.park(LockSupport.java:175)&#10;        at java.util.concurrent.locks.AbstractQueuedSynchronizer$ConditionObject.await(AbstractQueuedSynchronizer.java:2039)&#10;        at java.util.concurrent.ArrayBlockingQueue.take(ArrayBlockingQueue.java:403)&#10;        at java.util.concurrent.ThreadPoolExecutor.getTask(ThreadPoolExecutor.java:1074)&#10;        at java.util.concurrent.ThreadPoolExecutor.runWorker(ThreadPoolExecutor.java:1134)&#10;        at java.util.concurrent.ThreadPoolExecutor$Worker.run(ThreadPoolExecutor.java:624)&#10;        at java.lang.Thread.run(Thread.java:748)&#10;&quot;pool-36-thread-56&quot;  prio=5 tid=339 in Object.wait()&#10;java.lang.Thread.State: WAITING (on object monitor)&#10;        at sun.misc.Unsafe.park(Native Method)&#10;        at java.util.concurrent.locks.LockSupport.park(LockSupport.java:175)&#10;        at java.util.concurrent.locks.AbstractQueuedSynchronizer$ConditionObject.await(AbstractQueuedSynchronizer.java:2039)&#10;        at java.util.concurrent.ArrayBlockingQueue.take(ArrayBlockingQueue.java:403)&#10;        at java.util.concurrent.ThreadPoolExecutor.getTask(ThreadPoolExecutor.java:1074)&#10;        at java.util.concurrent.ThreadPoolExecutor.runWorker(ThreadPoolExecutor.java:1134)&#10;        at java.util.concurrent.ThreadPoolExecutor$Worker.run(ThreadPoolExecutor.java:624)&#10;        at java.lang.Thread.run(Thread.java:748)&#10;&quot;Timer-0&quot;  prio=5 tid=112 timed_waiting&#10;java.lang.Thread.State: TIMED_WAITING&#10;        at java.lang.Object.wait(Native Method)&#10;        at java.util.TimerThread.mainLoop(Timer.java:552)&#10;        at java.util.TimerThread.run(Timer.java:505)&#10;&quot;grpc-default-executor-1&quot; daemon prio=5 tid=468 runnable&#10;java.lang.Thread.State: RUNNABLE&#10;        at sun.nio.ch.FileDispatcherImpl.force0(Native Method)&#10;        at sun.nio.ch.FileDispatcherImpl.force(FileDispatcherImpl.java:80)&#10;        at sun.nio.ch.FileChannelImpl.force(FileChannelImpl.java:388)&#10;        at org.apache.ratis.util.AtomicFileOutputStream.close(AtomicFileOutputStream.java:60)&#10;        at org.apache.ratis.server.storage.MetaFile.writeFile(MetaFile.java:96)&#10;        at org.apache.ratis.server.storage.MetaFile.set(MetaFile.java:75)&#10;        at org.apache.ratis.server.raftlog.segmented.SegmentedRaftLog.writeMetadata(SegmentedRaftLog.java:473)&#10;        at org.apache.ratis.server.impl.ServerState.persistMetadata(ServerState.java:231)&#10;        at org.apache.ratis.server.impl.RaftServerImpl.requestVote(RaftServerImpl.java:788)&#10;        at org.apache.ratis.server.impl.RaftServerImpl.requestVote(RaftServerImpl.java:754)&#10;        at org.apache.ratis.server.impl.RaftServerProxy.requestVote(RaftServerProxy.java:443)&#10;        at org.apache.ratis.grpc.server.GrpcServerProtocolService.requestVote(GrpcServerProtocolService.java:142)&#10;        at org.apache.ratis.proto.grpc.RaftServerProtocolServiceGrpc$MethodHandlers.invoke(RaftServerProtocolServiceGrpc.java:319)&#10;        at org.apache.ratis.thirdparty.io.grpc.stub.ServerCalls$UnaryServerCallHandler$UnaryServerCallListener.onHalfClose(ServerCalls.java:171)&#10;        at org.apache.ratis.thirdparty.io.grpc.internal.ServerCallImpl$ServerStreamListenerImpl.halfClosed(ServerCallImpl.java:283)&#10;        at org.apache.ratis.thirdparty.io.grpc.internal.ServerImpl$JumpToApplicationThreadServerStreamListener$1HalfClosed.runInContext(ServerImpl.java:710)&#10;        at org.apache.ratis.thirdparty.io.grpc.internal.ContextRunnable.run(ContextRunnable.java:37)&#10;        at org.apache.ratis.thirdparty.io.grpc.internal.SerializingExecutor.run(SerializingExecutor.java:123)&#10;        at java.util.concurrent.ThreadPoolExecutor.runWorker(ThreadPoolExecutor.java:1149)&#10;        at java.util.concurrent.ThreadPoolExecutor$Worker.run(ThreadPoolExecutor.java:624)&#10;        at java.lang.Thread.run(Thread.java:748)&#10;&quot;IPC Server handler 17 on 35339&quot; daemon prio=5 tid=132 timed_waiting&#10;java.lang.Thread.State: TIMED_WAITING&#10;        at sun.misc.Unsafe.park(Native Method)&#10;        at java.util.concurrent.locks.LockSupport.parkNanos(LockSupport.java:215)&#10;        at java.util.concurrent.locks.AbstractQueuedSynchronizer$ConditionObject.awaitNanos(AbstractQueuedSynchronizer.java:2078)&#10;        at java.util.concurrent.LinkedBlockingQueue.poll(LinkedBlockingQueue.java:467)&#10;        at org.apache.hadoop.ipc.CallQueueManager.take(CallQueueManager.java:288)&#10;        at org.apache.hadoop.ipc.Server$Handler.run(Server.java:2668)&#10;&quot;metrics-hadoop-metrics2-reporter-1-thread-1&quot; daemon prio=5 tid=435 timed_waiting&#10;java.lang.Thread.State: TIMED_WAITING&#10;        at sun.misc.Unsafe.park(Native Method)&#10;        at java.util.concurrent.locks.LockSupport.parkNanos(LockSupport.java:215)&#10;        at java.util.concurrent.locks.AbstractQueuedSynchronizer$ConditionObject.awaitNanos(AbstractQueuedSynchronizer.java:2078)&#10;        at java.util.concurrent.ScheduledThreadPoolExecutor$DelayedWorkQueue.take(ScheduledThreadPoolExecutor.java:1093)&#10;        at java.util.concurrent.ScheduledThreadPoolExecutor$DelayedWorkQueue.take(ScheduledThreadPoolExecutor.java:809)&#10;        at java.util.concurrent.ThreadPoolExecutor.getTask(ThreadPoolExecutor.java:1074)&#10;        at java.util.concurrent.ThreadPoolExecutor.runWorker(ThreadPoolExecutor.java:1134)&#10;        at java.util.concurrent.ThreadPoolExecutor$Worker.run(ThreadPoolExecutor.java:624)&#10;        at java.lang.Thread.run(Thread.java:748)&#10;&quot;pool-36-thread-9&quot;  prio=5 tid=249 in Object.wait()&#10;java.lang.Thread.State: WAITING (on object monitor)&#10;        at sun.misc.Unsafe.park(Native Method)&#10;        at java.util.concurrent.locks.LockSupport.park(LockSupport.java:175)&#10;        at java.util.concurrent.locks.AbstractQueuedSynchronizer$ConditionObject.await(AbstractQueuedSynchronizer.java:2039)&#10;        at java.util.concurrent.ArrayBlockingQueue.take(ArrayBlockingQueue.java:403)&#10;        at java.util.concurrent.ThreadPoolExecutor.getTask(ThreadPoolExecutor.java:1074)&#10;        at java.util.concurrent.ThreadPoolExecutor.runWorker(ThreadPoolExecutor.java:1134)&#10;        at java.util.concurrent.ThreadPoolExecutor$Worker.run(ThreadPoolExecutor.java:624)&#10;        at java.lang.Thread.run(Thread.java:748)&#10;&quot;IPC Server handler 15 on 45958&quot; daemon prio=5 tid=44 timed_waiting&#10;java.lang.Thread.State: TIMED_WAITING&#10;        at sun.misc.Unsafe.park(Native Method)&#10;        at java.util.concurrent.locks.LockSupport.parkNanos(LockSupport.java:215)&#10;        at java.util.concurrent.locks.AbstractQueuedSynchronizer$ConditionObject.awaitNanos(AbstractQueuedSynchronizer.java:2078)&#10;        at java.util.concurrent.LinkedBlockingQueue.poll(LinkedBlockingQueue.java:467)&#10;        at org.apache.hadoop.ipc.CallQueueManager.take(CallQueueManager.java:288)&#10;        at org.apache.hadoop.ipc.Server$Handler.run(Server.java:2668)&#10;&quot;EventQueue-NodeReportForNodeReportHandler&quot; daemon prio=5 tid=2241 in Object.wait()&#10;java.lang.Thread.State: WAITING (on object monitor)&#10;        at sun.misc.Unsafe.park(Native Method)&#10;        at java.util.concurrent.locks.LockSupport.park(LockSupport.java:175)&#10;        at java.util.concurrent.locks.AbstractQueuedSynchronizer$ConditionObject.await(AbstractQueuedSynchronizer.java:2039)&#10;        at java.util.concurrent.LinkedBlockingQueue.take(LinkedBlockingQueue.java:442)&#10;        at java.util.concurrent.ThreadPoolExecutor.getTask(ThreadPoolExecutor.java:1074)&#10;        at java.util.concurrent.ThreadPoolExecutor.runWorker(ThreadPoolExecutor.java:1134)&#10;        at java.util.concurrent.ThreadPoolExecutor$Worker.run(ThreadPoolExecutor.java:624)&#10;        at java.lang.Thread.run(Thread.java:748)&#10;&quot;65da0c80-3604-4ac2-9a39-ee88d748a153@group-146C50BE7901-SegmentedRaftLogWorker&quot;  prio=5 tid=564 timed_waiting&#10;java.lang.Thread.State: TIMED_WAITING&#10;        at sun.misc.Unsafe.park(Native Method)&#10;        at java.util.concurrent.locks.LockSupport.parkNanos(LockSupport.java:215)&#10;        at java.util.concurrent.locks.AbstractQueuedSynchronizer$ConditionObject.awaitNanos(AbstractQueuedSynchronizer.java:2078)&#10;        at org.apache.ratis.util.DataBlockingQueue.poll(DataBlockingQueue.java:137)&#10;        at org.apache.ratis.server.raftlog.segmented.SegmentedRaftLogWorker.run(SegmentedRaftLogWorker.java:282)&#10;        at java.lang.Thread.run(Thread.java:748)&#10;&quot;ReplicationMonitor&quot; daemon prio=5 tid=559 timed_waiting&#10;java.lang.Thread.State: TIMED_WAITING&#10;        at java.lang.Object.wait(Native Method)&#10;        at org.apache.hadoop.hdds.scm.container.ReplicationManager.run(ReplicationManager.java:229)&#10;        at org.apache.hadoop.hdds.scm.container.ReplicationManager$$Lambda$480/210567704.run(Unknown Source)&#10;        at java.lang.Thread.run(Thread.java:748)&#10;&quot;IPC Server handler 4 on 38663&quot; daemon prio=5 tid=73 timed_waiting&#10;java.lang.Thread.State: TIMED_WAITING&#10;        at sun.misc.Unsafe.park(Native Method)&#10;        at java.util.concurrent.locks.LockSupport.parkNanos(LockSupport.java:215)&#10;        at java.util.concurrent.locks.AbstractQueuedSynchronizer$ConditionObject.awaitNanos(AbstractQueuedSynchronizer.java:2078)&#10;        at java.util.concurrent.LinkedBlockingQueue.poll(LinkedBlockingQueue.java:467)&#10;        at org.apache.hadoop.ipc.CallQueueManager.take(CallQueueManager.java:288)&#10;        at org.apache.hadoop.ipc.Server$Handler.run(Server.java:2668)&#10;&quot;pool-46-thread-25&quot;  prio=5 tid=377 in Object.wait()&#10;java.lang.Thread.State: WAITING (on object monitor)&#10;        at sun.misc.Unsafe.park(Native Method)&#10;        at java.util.concurrent.locks.LockSupport.park(LockSupport.java:175)&#10;        at java.util.concurrent.locks.AbstractQueuedSynchronizer$ConditionObject.await(AbstractQueuedSynchronizer.java:2039)&#10;        at java.util.concurrent.ArrayBlockingQueue.take(ArrayBlockingQueue.java:403)&#10;        at java.util.concurrent.ThreadPoolExecutor.getTask(ThreadPoolExecutor.java:1074)&#10;        at java.util.concurrent.ThreadPoolExecutor.runWorker(ThreadPoolExecutor.java:1134)&#10;        at java.util.concurrent.ThreadPoolExecutor$Worker.run(ThreadPoolExecutor.java:624)&#10;        at java.lang.Thread.run(Thread.java:748)&#10;&quot;52743044-8979-4a08-8013-92a14c548982@group-33D345B1B9EE-SegmentedRaftLogWorker&quot;  prio=5 tid=447 timed_waiting&#10;java.lang.Thread.State: TIMED_WAITING&#10;        at sun.misc.Unsafe.park(Native Method)&#10;        at java.util.concurrent.locks.LockSupport.parkNanos(LockSupport.java:215)&#10;        at java.util.concurrent.locks.AbstractQueuedSynchronizer$ConditionObject.awaitNanos(AbstractQueuedSynchronizer.java:2078)&#10;        at org.apache.ratis.util.DataBlockingQueue.poll(DataBlockingQueue.java:137)&#10;        at org.apache.ratis.server.raftlog.segmented.SegmentedRaftLogWorker.run(SegmentedRaftLogWorker.java:282)&#10;        at java.lang.Thread.run(Thread.java:748)&#10;&quot;pool-36-thread-42&quot;  prio=5 tid=311 in Object.wait()&#10;java.lang.Thread.State: WAITING (on object monitor)&#10;        at sun.misc.Unsafe.park(Native Method)&#10;        at java.util.concurrent.locks.LockSupport.park(LockSupport.java:175)&#10;        at java.util.concurrent.locks.AbstractQueuedSynchronizer$ConditionObject.await(AbstractQueuedSynchronizer.java:2039)&#10;        at java.util.concurrent.ArrayBlockingQueue.take(ArrayBlockingQueue.java:403)&#10;        at java.util.concurrent.ThreadPoolExecutor.getTask(ThreadPoolExecutor.java:1074)&#10;        at java.util.concurrent.ThreadPoolExecutor.runWorker(ThreadPoolExecutor.java:1134)&#10;        at java.util.concurrent.ThreadPoolExecutor$Worker.run(ThreadPoolExecutor.java:624)&#10;        at java.lang.Thread.run(Thread.java:748)&#10;&quot;pool-36-thread-25&quot;  prio=5 tid=277 in Object.wait()&#10;java.lang.Thread.State: WAITING (on object monitor)&#10;        at sun.misc.Unsafe.park(Native Method)&#10;        at java.util.concurrent.locks.LockSupport.park(LockSupport.java:175)&#10;        at java.util.concurrent.locks.AbstractQueuedSynchronizer$ConditionObject.await(AbstractQueuedSynchronizer.java:2039)&#10;        at java.util.concurrent.ArrayBlockingQueue.take(ArrayBlockingQueue.java:403)&#10;        at java.util.concurrent.ThreadPoolExecutor.getTask(ThreadPoolExecutor.java:1074)&#10;        at java.util.concurrent.ThreadPoolExecutor.runWorker(ThreadPoolExecutor.java:1134)&#10;        at java.util.concurrent.ThreadPoolExecutor$Worker.run(ThreadPoolExecutor.java:624)&#10;        at java.lang.Thread.run(Thread.java:748)&#10;&quot;SCMBlockDeletingService#0&quot; daemon prio=5 tid=101 timed_waiting&#10;java.lang.Thread.State: TIMED_WAITING&#10;        at sun.misc.Unsafe.park(Native Method)&#10;        at java.util.concurrent.locks.LockSupport.parkNanos(LockSupport.java:215)&#10;        at java.util.concurrent.locks.AbstractQueuedSynchronizer$ConditionObject.awaitNanos(AbstractQueuedSynchronizer.java:2078)&#10;        at java.util.concurrent.ScheduledThreadPoolExecutor$DelayedWorkQueue.take(ScheduledThreadPoolExecutor.java:1093)&#10;        at java.util.concurrent.ScheduledThreadPoolExecutor$DelayedWorkQueue.take(ScheduledThreadPoolExecutor.java:809)&#10;        at java.util.concurrent.ThreadPoolExecutor.getTask(ThreadPoolExecutor.java:1074)&#10;        at java.util.concurrent.ThreadPoolExecutor.runWorker(ThreadPoolExecutor.java:1134)&#10;        at java.util.concurrent.ThreadPoolExecutor$Worker.run(ThreadPoolExecutor.java:624)&#10;        at java.lang.Thread.run(Thread.java:748)&#10;&quot;pool-26-thread-40&quot;  prio=5 tid=316 in Object.wait()&#10;java.lang.Thread.State: WAITING (on object monitor)&#10;        at sun.misc.Unsafe.park(Native Method)&#10;        at java.util.concurrent.locks.LockSupport.park(LockSupport.java:175)&#10;        at java.util.concurrent.locks.AbstractQueuedSynchronizer$ConditionObject.await(AbstractQueuedSynchronizer.java:2039)&#10;        at java.util.concurrent.ArrayBlockingQueue.take(ArrayBlockingQueue.java:403)&#10;        at java.util.concurrent.ThreadPoolExecutor.getTask(ThreadPoolExecutor.java:1074)&#10;        at java.util.concurrent.ThreadPoolExecutor.runWorker(ThreadPoolExecutor.java:1134)&#10;        at java.util.concurrent.ThreadPoolExecutor$Worker.run(ThreadPoolExecutor.java:624)&#10;        at java.lang.Thread.run(Thread.java:748)&#10;&quot;pool-26-thread-19&quot;  prio=5 tid=274 in Object.wait()&#10;java.lang.Thread.State: WAITING (on object monitor)&#10;        at sun.misc.Unsafe.park(Native Method)&#10;        at java.util.concurrent.locks.LockSupport.park(LockSupport.java:175)&#10;        at java.util.concurrent.locks.AbstractQueuedSynchronizer$ConditionObject.await(AbstractQueuedSynchronizer.java:2039)&#10;        at java.util.concurrent.ArrayBlockingQueue.take(ArrayBlockingQueue.java:403)&#10;        at java.util.concurrent.ThreadPoolExecutor.getTask(ThreadPoolExecutor.java:1074)&#10;        at java.util.concurrent.ThreadPoolExecutor.runWorker(ThreadPoolExecutor.java:1134)&#10;        at java.util.concurrent.ThreadPoolExecutor$Worker.run(ThreadPoolExecutor.java:624)&#10;        at java.lang.Thread.run(Thread.java:748)&#10;&quot;pool-36-thread-1&quot;  prio=5 tid=233 in Object.wait()&#10;java.lang.Thread.State: WAITING (on object monitor)&#10;        at sun.misc.Unsafe.park(Native Method)&#10;        at java.util.concurrent.locks.LockSupport.park(LockSupport.java:175)&#10;        at java.util.concurrent.locks.AbstractQueuedSynchronizer$ConditionObject.await(AbstractQueuedSynchronizer.java:2039)&#10;        at java.util.concurrent.ArrayBlockingQueue.take(ArrayBlockingQueue.java:403)&#10;        at java.util.concurrent.ThreadPoolExecutor.getTask(ThreadPoolExecutor.java:1074)&#10;        at java.util.concurrent.ThreadPoolExecutor.runWorker(ThreadPoolExecutor.java:1134)&#10;        at java.util.concurrent.ThreadPoolExecutor$Worker.run(ThreadPoolExecutor.java:624)&#10;        at java.lang.Thread.run(Thread.java:748)&#10;&quot;org.eclipse.jetty.server.session.HashSessionManager@3d904e9cTimer&quot; daemon prio=5 tid=194 timed_waiting&#10;java.lang.Thread.State: TIMED_WAITING&#10;        at sun.misc.Unsafe.park(Native Method)&#10;        at java.util.concurrent.locks.LockSupport.parkNanos(LockSupport.java:215)&#10;        at java.util.concurrent.locks.AbstractQueuedSynchronizer$ConditionObject.awaitNanos(AbstractQueuedSynchronizer.java:2078)&#10;        at java.util.concurrent.ScheduledThreadPoolExecutor$DelayedWorkQueue.take(ScheduledThreadPoolExecutor.java:1093)&#10;        at java.util.concurrent.ScheduledThreadPoolExecutor$DelayedWorkQueue.take(ScheduledThreadPoolExecutor.java:809)&#10;        at java.util.concurrent.ThreadPoolExecutor.getTask(ThreadPoolExecutor.java:1074)&#10;        at java.util.concurrent.ThreadPoolExecutor.runWorker(ThreadPoolExecutor.java:1134)&#10;        at java.util.concurrent.ThreadPoolExecutor$Worker.run(ThreadPoolExecutor.java:624)&#10;        at java.lang.Thread.run(Thread.java:748)&#10;&quot;KeyDeletingService#1&quot; daemon prio=5 tid=127 in Object.wait()&#10;java.lang.Thread.State: WAITING (on object monitor)&#10;        at sun.misc.Unsafe.park(Native Method)&#10;        at java.util.concurrent.locks.LockSupport.park(LockSupport.java:175)&#10;        at java.util.concurrent.locks.AbstractQueuedSynchronizer$ConditionObject.await(AbstractQueuedSynchronizer.java:2039)&#10;        at java.util.concurrent.ScheduledThreadPoolExecutor$DelayedWorkQueue.take(ScheduledThreadPoolExecutor.java:1088)&#10;        at java.util.concurrent.ScheduledThreadPoolExecutor$DelayedWorkQueue.take(ScheduledThreadPoolExecutor.java:809)&#10;        at java.util.concurrent.ThreadPoolExecutor.getTask(ThreadPoolExecutor.java:1074)&#10;        at java.util.concurrent.ThreadPoolExecutor.runWorker(ThreadPoolExecutor.java:1134)&#10;        at java.util.concurrent.ThreadPoolExecutor$Worker.run(ThreadPoolExecutor.java:624)&#10;        at java.lang.Thread.run(Thread.java:748)&#10;&quot;IPC Parameter Sending Thread #0&quot; daemon prio=5 tid=105 timed_waiting&#10;java.lang.Thread.State: TIMED_WAITING&#10;        at sun.misc.Unsafe.park(Native Method)&#10;        at java.util.concurrent.locks.LockSupport.parkNanos(LockSupport.java:215)&#10;        at java.util.concurrent.SynchronousQueue$TransferStack.awaitFulfill(SynchronousQueue.java:460)&#10;        at java.util.concurrent.SynchronousQueue$TransferStack.transfer(SynchronousQueue.java:362)&#10;        at java.util.concurrent.SynchronousQueue.poll(SynchronousQueue.java:941)&#10;        at java.util.concurrent.ThreadPoolExecutor.getTask(ThreadPoolExecutor.java:1073)&#10;        at java.util.concurrent.ThreadPoolExecutor.runWorker(ThreadPoolExecutor.java:1134)&#10;        at java.util.concurrent.ThreadPoolExecutor$Worker.run(ThreadPoolExecutor.java:624)&#10;        at java.lang.Thread.run(Thread.java:748)&#10;&quot;process reaper&quot; daemon prio=10 tid=10 runnable&#10;java.lang.Thread.State: RUNNABLE&#10;        at sun.misc.Unsafe.park(Native Method)&#10;        at java.util.concurrent.locks.LockSupport.parkNanos(LockSupport.java:215)&#10;        at java.util.concurrent.SynchronousQueue$TransferStack.awaitFulfill(SynchronousQueue.java:460)&#10;        at java.util.concurrent.SynchronousQueue$TransferStack.transfer(SynchronousQueue.java:362)&#10;        at java.util.concurrent.SynchronousQueue.poll(SynchronousQueue.java:941)&#10;        at java.util.concurrent.ThreadPoolExecutor.getTask(ThreadPoolExecutor.java:1073)&#10;        at java.util.concurrent.ThreadPoolExecutor.runWorker(ThreadPoolExecutor.java:1134)&#10;        at java.util.concurrent.ThreadPoolExecutor$Worker.run(ThreadPoolExecutor.java:624)&#10;        at java.lang.Thread.run(Thread.java:748)&#10;&quot;Periodic HDDS volume checker&quot;  prio=5 tid=206 timed_waiting&#10;java.lang.Thread.State: TIMED_WAITING&#10;        at sun.misc.Unsafe.park(Native Method)&#10;        at java.util.concurrent.locks.LockSupport.parkNanos(LockSupport.java:215)&#10;        at java.util.concurrent.locks.AbstractQueuedSynchronizer$ConditionObject.awaitNanos(AbstractQueuedSynchronizer.java:2078)&#10;        at java.util.concurrent.ScheduledThreadPoolExecutor$DelayedWorkQueue.take(ScheduledThreadPoolExecutor.java:1093)&#10;        at java.util.concurrent.ScheduledThreadPoolExecutor$DelayedWorkQueue.take(ScheduledThreadPoolExecutor.java:809)&#10;        at java.util.concurrent.ThreadPoolExecutor.getTask(ThreadPoolExecutor.java:1074)&#10;        at java.util.concurrent.ThreadPoolExecutor.runWorker(ThreadPoolExecutor.java:1134)&#10;        at java.util.concurrent.ThreadPoolExecutor$Worker.run(ThreadPoolExecutor.java:624)&#10;        at java.lang.Thread.run(Thread.java:748)&#10;&quot;IPC Server handler 19 on 35339&quot; daemon prio=5 tid=134 timed_waiting&#10;java.lang.Thread.State: TIMED_WAITING&#10;        at sun.misc.Unsafe.park(Native Method)&#10;        at java.util.concurrent.locks.LockSupport.parkNanos(LockSupport.java:215)&#10;        at java.util.concurrent.locks.AbstractQueuedSynchronizer$ConditionObject.awaitNanos(AbstractQueuedSynchronizer.java:2078)&#10;        at java.util.concurrent.LinkedBlockingQueue.poll(LinkedBlockingQueue.java:467)&#10;        at org.apache.hadoop.ipc.CallQueueManager.take(CallQueueManager.java:288)&#10;        at org.apache.hadoop.ipc.Server$Handler.run(Server.java:2668)&#10;&quot;pool-36-thread-27&quot;  prio=5 tid=281 in Object.wait()&#10;java.lang.Thread.State: WAITING (on object monitor)&#10;        at sun.misc.Unsafe.park(Native Method)&#10;        at java.util.concurrent.locks.LockSupport.park(LockSupport.java:175)&#10;        at java.util.concurrent.locks.AbstractQueuedSynchronizer$ConditionObject.await(AbstractQueuedSynchronizer.java:2039)&#10;        at java.util.concurrent.ArrayBlockingQueue.take(ArrayBlockingQueue.java:403)&#10;        at java.util.concurrent.ThreadPoolExecutor.getTask(ThreadPoolExecutor.java:1074)&#10;        at java.util.concurrent.ThreadPoolExecutor.runWorker(ThreadPoolExecutor.java:1134)&#10;        at java.util.concurrent.ThreadPoolExecutor$Worker.run(ThreadPoolExecutor.java:624)&#10;        at java.lang.Thread.run(Thread.java:748)&#10;&quot;IPC Server handler 2 on 46440&quot; daemon prio=5 tid=51 timed_waiting&#10;java.lang.Thread.State: TIMED_WAITING&#10;        at sun.misc.Unsafe.park(Native Method)&#10;        at java.util.concurrent.locks.LockSupport.parkNanos(LockSupport.java:215)&#10;        at java.util.concurrent.locks.AbstractQueuedSynchronizer$ConditionObject.awaitNanos(AbstractQueuedSynchronizer.java:2078)&#10;        at java.util.concurrent.LinkedBlockingQueue.poll(LinkedBlockingQueue.java:467)&#10;        at org.apache.hadoop.ipc.CallQueueManager.take(CallQueueManager.java:288)&#10;        at org.apache.hadoop.ipc.Server$Handler.run(Server.java:2668)&#10;&quot;IPC Server handler 6 on 38663&quot; daemon prio=5 tid=75 timed_waiting&#10;java.lang.Thread.State: TIMED_WAITING&#10;        at sun.misc.Unsafe.park(Native Method)&#10;        at java.util.concurrent.locks.LockSupport.parkNanos(LockSupport.java:215)&#10;        at java.util.concurrent.locks.AbstractQueuedSynchronizer$ConditionObject.awaitNanos(AbstractQueuedSynchronizer.java:2078)&#10;        at java.util.concurrent.LinkedBlockingQueue.poll(LinkedBlockingQueue.java:467)&#10;        at org.apache.hadoop.ipc.CallQueueManager.take(CallQueueManager.java:288)&#10;        at org.apache.hadoop.ipc.Server$Handler.run(Server.java:2668)&#10;&quot;qtp2095970915-136&quot; daemon prio=5 tid=136 runnable&#10;java.lang.Thread.State: RUNNABLE&#10;        at sun.nio.ch.EPollArrayWrapper.epollWait(Native Method)&#10;        at sun.nio.ch.EPollArrayWrapper.poll(EPollArrayWrapper.java:269)&#10;        at sun.nio.ch.EPollSelectorImpl.doSelect(EPollSelectorImpl.java:93)&#10;        at sun.nio.ch.SelectorImpl.lockAndDoSelect(SelectorImpl.java:86)&#10;        at sun.nio.ch.SelectorImpl.select(SelectorImpl.java:97)&#10;        at sun.nio.ch.SelectorImpl.select(SelectorImpl.java:101)&#10;        at org.eclipse.jetty.io.ManagedSelector$SelectorProducer.select(ManagedSelector.java:243)&#10;        at org.eclipse.jetty.io.ManagedSelector$SelectorProducer.produce(ManagedSelector.java:191)&#10;        at org.eclipse.jetty.util.thread.strategy.ExecuteProduceConsume.executeProduceConsume(ExecuteProduceConsume.java:249)&#10;        at org.eclipse.jetty.util.thread.strategy.ExecuteProduceConsume.produceConsume(ExecuteProduceConsume.java:148)&#10;        at org.eclipse.jetty.util.thread.strategy.ExecuteProduceConsume.execute(ExecuteProduceConsume.java:100)&#10;        at org.eclipse.jetty.io.ManagedSelector.run(ManagedSelector.java:147)&#10;        at org.eclipse.jetty.util.thread.QueuedThreadPool.runJob(QueuedThreadPool.java:671)&#10;        at org.eclipse.jetty.util.thread.QueuedThreadPool$2.run(QueuedThreadPool.java:589)&#10;        at java.lang.Thread.run(Thread.java:748)&#10;&quot;65da0c80-3604-4ac2-9a39-ee88d748a153@group-146C50BE7901-StateMachineUpdater&quot; daemon prio=5 tid=568 in Object.wait()&#10;java.lang.Thread.State: WAITING (on object monitor)&#10;        at java.lang.Object.wait(Native Method)&#10;        at java.lang.Object.wait(Object.java:502)&#10;        at org.apache.ratis.server.impl.StateMachineUpdater.waitForCommit(StateMachineUpdater.java:194)&#10;        at org.apache.ratis.server.impl.StateMachineUpdater.run(StateMachineUpdater.java:159)&#10;        at java.lang.Thread.run(Thread.java:748)&#10;&quot;pool-26-thread-14&quot;  prio=5 tid=262 in Object.wait()&#10;java.lang.Thread.State: WAITING (on object monitor)&#10;        at sun.misc.Unsafe.park(Native Method)&#10;        at java.util.concurrent.locks.LockSupport.park(LockSupport.java:175)&#10;        at java.util.concurrent.locks.AbstractQueuedSynchronizer$ConditionObject.await(AbstractQueuedSynchronizer.java:2039)&#10;        at java.util.concurrent.ArrayBlockingQueue.take(ArrayBlockingQueue.java:403)&#10;        at java.util.concurrent.ThreadPoolExecutor.getTask(ThreadPoolExecutor.java:1074)&#10;        at java.util.concurrent.ThreadPoolExecutor.runWorker(ThreadPoolExecutor.java:1134)&#10;        at java.util.concurrent.ThreadPoolExecutor$Worker.run(ThreadPoolExecutor.java:624)&#10;        at java.lang.Thread.run(Thread.java:748)&#10;&quot;qtp653553574-215&quot; daemon prio=5 tid=215 timed_waiting&#10;java.lang.Thread.State: TIMED_WAITING&#10;        at sun.misc.Unsafe.park(Native Method)&#10;        at java.util.concurrent.locks.LockSupport.parkNanos(LockSupport.java:215)&#10;        at java.util.concurrent.locks.AbstractQueuedSynchronizer$ConditionObject.awaitNanos(AbstractQueuedSynchronizer.java:2078)&#10;        at org.eclipse.jetty.util.BlockingArrayQueue.poll(BlockingArrayQueue.java:392)&#10;        at org.eclipse.jetty.util.thread.QueuedThreadPool.idleJobPoll(QueuedThreadPool.java:563)&#10;        at org.eclipse.jetty.util.thread.QueuedThreadPool.access$800(QueuedThreadPool.java:48)&#10;        at org.eclipse.jetty.util.thread.QueuedThreadPool$2.run(QueuedThreadPool.java:626)&#10;        at java.lang.Thread.run(Thread.java:748)&#10;&quot;65da0c80-3604-4ac2-9a39-ee88d748a153@group-3188A2C41C7C-SegmentedRaftLogWorker&quot;  prio=5 tid=459 timed_waiting&#10;java.lang.Thread.State: TIMED_WAITING&#10;        at sun.misc.Unsafe.park(Native Method)&#10;        at java.util.concurrent.locks.LockSupport.parkNanos(LockSupport.java:215)&#10;        at java.util.concurrent.locks.AbstractQueuedSynchronizer$ConditionObject.awaitNanos(AbstractQueuedSynchronizer.java:2078)&#10;        at org.apache.ratis.util.DataBlockingQueue.poll(DataBlockingQueue.java:137)&#10;        at org.apache.ratis.server.raftlog.segmented.SegmentedRaftLogWorker.run(SegmentedRaftLogWorker.java:282)&#10;        at java.lang.Thread.run(Thread.java:748)&#10;&quot;metrics-hadoop-metrics2-reporter-8-thread-1&quot; daemon prio=5 tid=453 timed_waiting&#10;java.lang.Thread.State: TIMED_WAITING&#10;        at sun.misc.Unsafe.park(Native Method)&#10;        at java.util.concurrent.locks.LockSupport.parkNanos(LockSupport.java:215)&#10;        at java.util.concurrent.locks.AbstractQueuedSynchronizer$ConditionObject.awaitNanos(AbstractQueuedSynchronizer.java:2078)&#10;        at java.util.concurrent.ScheduledThreadPoolExecutor$DelayedWorkQueue.take(ScheduledThreadPoolExecutor.java:1093)&#10;        at java.util.concurrent.ScheduledThreadPoolExecutor$DelayedWorkQueue.take(ScheduledThreadPoolExecutor.java:809)&#10;        at java.util.concurrent.ThreadPoolExecutor.getTask(ThreadPoolExecutor.java:1074)&#10;        at java.util.concurrent.ThreadPoolExecutor.runWorker(ThreadPoolExecutor.java:1134)&#10;        at java.util.concurrent.ThreadPoolExecutor$Worker.run(ThreadPoolExecutor.java:624)&#10;        at java.lang.Thread.run(Thread.java:748)&#10;&quot;OMDoubleBufferFlushThread&quot; daemon prio=5 tid=106 timed_waiting&#10;java.lang.Thread.State: TIMED_WAITING&#10;        at java.lang.Object.wait(Native Method)&#10;        at org.apache.hadoop.ozone.om.ratis.OzoneManagerDoubleBuffer.canFlush(OzoneManagerDoubleBuffer.java:322)&#10;        at org.apache.hadoop.ozone.om.ratis.OzoneManagerDoubleBuffer.flushTransactions(OzoneManagerDoubleBuffer.java:130)&#10;        at org.apache.hadoop.ozone.om.ratis.OzoneManagerDoubleBuffer$$Lambda$49/1554118033.run(Unknown Source)&#10;        at java.lang.Thread.run(Thread.java:748)&#10;&quot;metrics-hadoop-metrics2-reporter-17-thread-1&quot; daemon prio=5 tid=481 timed_waiting&#10;java.lang.Thread.State: TIMED_WAITING&#10;        at sun.misc.Unsafe.park(Native Method)&#10;        at java.util.concurrent.locks.LockSupport.parkNanos(LockSupport.java:215)&#10;        at java.util.concurrent.locks.AbstractQueuedSynchronizer$ConditionObject.awaitNanos(AbstractQueuedSynchronizer.java:2078)&#10;        at java.util.concurrent.ScheduledThreadPoolExecutor$DelayedWorkQueue.take(ScheduledThreadPoolExecutor.java:1093)&#10;        at java.util.concurrent.ScheduledThreadPoolExecutor$DelayedWorkQueue.take(ScheduledThreadPoolExecutor.java:809)&#10;        at java.util.concurrent.ThreadPoolExecutor.getTask(ThreadPoolExecutor.java:1074)&#10;        at java.util.concurrent.ThreadPoolExecutor.runWorker(ThreadPoolExecutor.java:1134)&#10;        at java.util.concurrent.ThreadPoolExecutor$Worker.run(ThreadPoolExecutor.java:624)&#10;        at java.lang.Thread.run(Thread.java:748)&#10;&quot;65da0c80-3604-4ac2-9a39-ee88d748a153@group-3188A2C41C7C-StateMachineUpdater&quot; daemon prio=5 tid=460 in Object.wait()&#10;java.lang.Thread.State: WAITING (on object monitor)&#10;        at java.lang.Object.wait(Native Method)&#10;        at java.lang.Object.wait(Object.java:502)&#10;        at org.apache.ratis.server.impl.StateMachineUpdater.waitForCommit(StateMachineUpdater.java:194)&#10;        at org.apache.ratis.server.impl.StateMachineUpdater.run(StateMachineUpdater.java:159)&#10;        at java.lang.Thread.run(Thread.java:748)&#10;&quot;pool-36-thread-52&quot;  prio=5 tid=331 in Object.wait()&#10;java.lang.Thread.State: WAITING (on object monitor)&#10;        at sun.misc.Unsafe.park(Native Method)&#10;        at java.util.concurrent.locks.LockSupport.park(LockSupport.java:175)&#10;        at java.util.concurrent.locks.AbstractQueuedSynchronizer$ConditionObject.await(AbstractQueuedSynchronizer.java:2039)&#10;        at java.util.concurrent.ArrayBlockingQueue.take(ArrayBlockingQueue.java:403)&#10;        at java.util.concurrent.ThreadPoolExecutor.getTask(ThreadPoolExecutor.java:1074)&#10;        at java.util.concurrent.ThreadPoolExecutor.runWorker(ThreadPoolExecutor.java:1134)&#10;        at java.util.concurrent.ThreadPoolExecutor$Worker.run(ThreadPoolExecutor.java:624)&#10;        at java.lang.Thread.run(Thread.java:748)&#10;&quot;EventQueue-SafemodestatusForSafeModeHandler&quot; daemon prio=5 tid=426 in Object.wait()&#10;java.lang.Thread.State: WAITING (on object monitor)&#10;        at sun.misc.Unsafe.park(Native Method)&#10;        at java.util.concurrent.locks.LockSupport.park(LockSupport.java:175)&#10;        at java.util.concurrent.locks.AbstractQueuedSynchronizer$ConditionObject.await(AbstractQueuedSynchronizer.java:2039)&#10;        at java.util.concurrent.LinkedBlockingQueue.take(LinkedBlockingQueue.java:442)&#10;        at java.util.concurrent.ThreadPoolExecutor.getTask(ThreadPoolExecutor.java:1074)&#10;        at java.util.concurrent.ThreadPoolExecutor.runWorker(ThreadPoolExecutor.java:1134)&#10;        at java.util.concurrent.ThreadPoolExecutor$Worker.run(ThreadPoolExecutor.java:624)&#10;        at java.lang.Thread.run(Thread.java:748)&#10;&quot;Datanode ReportManager Thread - 0&quot; daemon prio=5 tid=171 in Object.wait()&#10;java.lang.Thread.State: WAITING (on object monitor)&#10;        at sun.misc.Unsafe.park(Native Method)&#10;        at java.util.concurrent.locks.LockSupport.park(LockSupport.java:175)&#10;        at java.util.concurrent.locks.AbstractQueuedSynchronizer$ConditionObject.await(AbstractQueuedSynchronizer.java:2039)&#10;        at java.util.concurrent.ScheduledThreadPoolExecutor$DelayedWorkQueue.take(ScheduledThreadPoolExecutor.java:1088)&#10;        at java.util.concurrent.ScheduledThreadPoolExecutor$DelayedWorkQueue.take(ScheduledThreadPoolExecutor.java:809)&#10;        at java.util.concurrent.ThreadPoolExecutor.getTask(ThreadPoolExecutor.java:1074)&#10;        at java.util.concurrent.ThreadPoolExecutor.runWorker(ThreadPoolExecutor.java:1134)&#10;        at java.util.concurrent.ThreadPoolExecutor$Worker.run(ThreadPoolExecutor.java:624)&#10;        at java.lang.Thread.run(Thread.java:748)&#10;&quot;IPC Server idle connection scanner for port 46440&quot; daemon prio=5 tid=20 timed_waiting&#10;java.lang.Thread.State: TIMED_WAITING&#10;        at java.lang.Object.wait(Native Method)&#10;        at java.util.TimerThread.mainLoop(Timer.java:552)&#10;        at java.util.TimerThread.run(Timer.java:505)&#10;&quot;metrics-hadoop-metrics2-reporter-7-thread-1&quot; daemon prio=5 tid=451 timed_waiting&#10;java.lang.Thread.State: TIMED_WAITING&#10;        at sun.misc.Unsafe.park(Native Method)&#10;        at java.util.concurrent.locks.LockSupport.parkNanos(LockSupport.java:215)&#10;        at java.util.concurrent.locks.AbstractQueuedSynchronizer$ConditionObject.awaitNanos(AbstractQueuedSynchronizer.java:2078)&#10;        at java.util.concurrent.ScheduledThreadPoolExecutor$DelayedWorkQueue.take(ScheduledThreadPoolExecutor.java:1093)&#10;        at java.util.concurrent.ScheduledThreadPoolExecutor$DelayedWorkQueue.take(ScheduledThreadPoolExecutor.java:809)&#10;        at java.util.concurrent.ThreadPoolExecutor.getTask(ThreadPoolExecutor.java:1074)&#10;        at java.util.concurrent.ThreadPoolExecutor.runWorker(ThreadPoolExecutor.java:1134)&#10;        at java.util.concurrent.ThreadPoolExecutor$Worker.run(ThreadPoolExecutor.java:624)&#10;        at java.lang.Thread.run(Thread.java:748)&#10;&quot;metrics-hadoop-metrics2-reporter-26-thread-1&quot; daemon prio=5 tid=570 timed_waiting&#10;java.lang.Thread.State: TIMED_WAITING&#10;        at sun.misc.Unsafe.park(Native Method)&#10;        at java.util.concurrent.locks.LockSupport.parkNanos(LockSupport.java:215)&#10;        at java.util.concurrent.locks.AbstractQueuedSynchronizer$ConditionObject.awaitNanos(AbstractQueuedSynchronizer.java:2078)&#10;        at java.util.concurrent.ScheduledThreadPoolExecutor$DelayedWorkQueue.take(ScheduledThreadPoolExecutor.java:1093)&#10;        at java.util.concurrent.ScheduledThreadPoolExecutor$DelayedWorkQueue.take(ScheduledThreadPoolExecutor.java:809)&#10;        at java.util.concurrent.ThreadPoolExecutor.getTask(ThreadPoolExecutor.java:1074)&#10;        at java.util.concurrent.ThreadPoolExecutor.runWorker(ThreadPoolExecutor.java:1134)&#10;        at java.util.concurrent.ThreadPoolExecutor$Worker.run(ThreadPoolExecutor.java:624)&#10;        at java.lang.Thread.run(Thread.java:748)&#10;&quot;pool-46-thread-33&quot;  prio=5 tid=385 in Object.wait()&#10;java.lang.Thread.State: WAITING (on object monitor)&#10;        at sun.misc.Unsafe.park(Native Method)&#10;        at java.util.concurrent.locks.LockSupport.park(LockSupport.java:175)&#10;        at java.util.concurrent.locks.AbstractQueuedSynchronizer$ConditionObject.await(AbstractQueuedSynchronizer.java:2039)&#10;        at java.util.concurrent.ArrayBlockingQueue.take(ArrayBlockingQueue.java:403)&#10;        at java.util.concurrent.ThreadPoolExecutor.getTask(ThreadPoolExecutor.java:1074)&#10;        at java.util.concurrent.ThreadPoolExecutor.runWorker(ThreadPoolExecutor.java:1134)&#10;        at java.util.concurrent.ThreadPoolExecutor$Worker.run(ThreadPoolExecutor.java:624)&#10;        at java.lang.Thread.run(Thread.java:748)&#10;&quot;Signal Dispatcher&quot; daemon prio=9 tid=4 runnable&#10;java.lang.Thread.State: RUNNABLE&#10;&quot;pool-36-thread-46&quot;  prio=5 tid=319 in Object.wait()&#10;java.lang.Thread.State: WAITING (on object monitor)&#10;        at sun.misc.Unsafe.park(Native Method)&#10;        at java.util.concurrent.locks.LockSupport.park(LockSupport.java:175)&#10;        at java.util.concurrent.locks.AbstractQueuedSynchronizer$ConditionObject.await(AbstractQueuedSynchronizer.java:2039)&#10;        at java.util.concurrent.ArrayBlockingQueue.take(ArrayBlockingQueue.java:403)&#10;        at java.util.concurrent.ThreadPoolExecutor.getTask(ThreadPoolExecutor.java:1074)&#10;        at java.util.concurrent.ThreadPoolExecutor.runWorker(ThreadPoolExecutor.java:1134)&#10;        at java.util.concurrent.ThreadPoolExecutor$Worker.run(ThreadPoolExecutor.java:624)&#10;        at java.lang.Thread.run(Thread.java:748)&#10;&quot;IPC Server handler 6 on 46440&quot; daemon prio=5 tid=55 timed_waiting&#10;java.lang.Thread.State: TIMED_WAITING&#10;        at sun.misc.Unsafe.park(Native Method)&#10;        at java.util.concurrent.locks.LockSupport.parkNanos(LockSupport.java:215)&#10;        at java.util.concurrent.locks.AbstractQueuedSynchronizer$ConditionObject.awaitNanos(AbstractQueuedSynchronizer.java:2078)&#10;        at java.util.concurrent.LinkedBlockingQueue.poll(LinkedBlockingQueue.java:467)&#10;        at org.apache.hadoop.ipc.CallQueueManager.take(CallQueueManager.java:288)&#10;        at org.apache.hadoop.ipc.Server$Handler.run(Server.java:2668)&#10;&quot;IPC Server handler 10 on 46440&quot; daemon prio=5 tid=59 timed_waiting&#10;java.lang.Thread.State: TIMED_WAITING&#10;        at sun.misc.Unsafe.park(Native Method)&#10;        at java.util.concurrent.locks.LockSupport.parkNanos(LockSupport.java:215)&#10;        at java.util.concurrent.locks.AbstractQueuedSynchronizer$ConditionObject.awaitNanos(AbstractQueuedSynchronizer.java:2078)&#10;        at java.util.concurrent.LinkedBlockingQueue.poll(LinkedBlockingQueue.java:467)&#10;        at org.apache.hadoop.ipc.CallQueueManager.take(CallQueueManager.java:288)&#10;        at org.apache.hadoop.ipc.Server$Handler.run(Server.java:2668)&#10;&quot;pool-36-thread-13&quot;  prio=5 tid=256 in Object.wait()&#10;java.lang.Thread.State: WAITING (on object monitor)&#10;        at sun.misc.Unsafe.park(Native Method)&#10;        at java.util.concurrent.locks.LockSupport.park(LockSupport.java:175)&#10;        at java.util.concurrent.locks.AbstractQueuedSynchronizer$ConditionObject.await(AbstractQueuedSynchronizer.java:2039)&#10;        at java.util.concurrent.ArrayBlockingQueue.take(ArrayBlockingQueue.java:403)&#10;        at java.util.concurrent.ThreadPoolExecutor.getTask(ThreadPoolExecutor.java:1074)&#10;        at java.util.concurrent.ThreadPoolExecutor.runWorker(ThreadPoolExecutor.java:1134)&#10;        at java.util.concurrent.ThreadPoolExecutor$Worker.run(ThreadPoolExecutor.java:624)&#10;        at java.lang.Thread.run(Thread.java:748)&#10;&quot;pool-36-thread-5&quot;  prio=5 tid=241 in Object.wait()&#10;java.lang.Thread.State: WAITING (on object monitor)&#10;        at sun.misc.Unsafe.park(Native Method)&#10;        at java.util.concurrent.locks.LockSupport.park(LockSupport.java:175)&#10;        at java.util.concurrent.locks.AbstractQueuedSynchronizer$ConditionObject.await(AbstractQueuedSynchronizer.java:2039)&#10;        at java.util.concurrent.ArrayBlockingQueue.take(ArrayBlockingQueue.java:403)&#10;        at java.util.concurrent.ThreadPoolExecutor.getTask(ThreadPoolExecutor.java:1074)&#10;        at java.util.concurrent.ThreadPoolExecutor.runWorker(ThreadPoolExecutor.java:1134)&#10;        at java.util.concurrent.ThreadPoolExecutor$Worker.run(ThreadPoolExecutor.java:624)&#10;        at java.lang.Thread.run(Thread.java:748)&#10;&quot;IPC Server idle connection scanner for port 45958&quot; daemon prio=5 tid=24 timed_waiting&#10;java.lang.Thread.State: TIMED_WAITING&#10;        at java.lang.Object.wait(Native Method)&#10;        at java.util.TimerThread.mainLoop(Timer.java:552)&#10;        at java.util.TimerThread.run(Timer.java:505)&#10;&quot;org.eclipse.jetty.server.session.HashSessionManager@1a4d1ab7Timer&quot; daemon prio=5 tid=169 timed_waiting&#10;java.lang.Thread.State: TIMED_WAITING&#10;        at sun.misc.Unsafe.park(Native Method)&#10;        at java.util.concurrent.locks.LockSupport.parkNanos(LockSupport.java:215)&#10;        at java.util.concurrent.locks.AbstractQueuedSynchronizer$ConditionObject.awaitNanos(AbstractQueuedSynchronizer.java:2078)&#10;        at java.util.concurrent.ScheduledThreadPoolExecutor$DelayedWorkQueue.take(ScheduledThreadPoolExecutor.java:1093)&#10;        at java.util.concurrent.ScheduledThreadPoolExecutor$DelayedWorkQueue.take(ScheduledThreadPoolExecutor.java:809)&#10;        at java.util.concurrent.ThreadPoolExecutor.getTask(ThreadPoolExecutor.java:1074)&#10;        at java.util.concurrent.ThreadPoolExecutor.runWorker(ThreadPoolExecutor.java:1134)&#10;        at java.util.concurrent.ThreadPoolExecutor$Worker.run(ThreadPoolExecutor.java:624)&#10;        at java.lang.Thread.run(Thread.java:748)&#10;&quot;IPC Server handler 13 on 46440&quot; daemon prio=5 tid=62 timed_waiting&#10;java.lang.Thread.State: TIMED_WAITING&#10;        at sun.misc.Unsafe.park(Native Method)&#10;        at java.util.concurrent.locks.LockSupport.parkNanos(LockSupport.java:215)&#10;        at java.util.concurrent.locks.AbstractQueuedSynchronizer$ConditionObject.awaitNanos(AbstractQueuedSynchronizer.java:2078)&#10;        at java.util.concurrent.LinkedBlockingQueue.poll(LinkedBlockingQueue.java:467)&#10;        at org.apache.hadoop.ipc.CallQueueManager.take(CallQueueManager.java:288)&#10;        at org.apache.hadoop.ipc.Server$Handler.run(Server.java:2668)&#10;&quot;refreshUsed-/workdir/hadoop-ozone/integration-test/target/test-dir/MiniOzoneClusterImpl-5bbdf16d-a65b-4877-b412-d21df752c328/datanode-0/data/containers&quot; daemon prio=5 tid=154 timed_waiting&#10;java.lang.Thread.State: TIMED_WAITING&#10;        at java.lang.Thread.sleep(Native Method)&#10;        at org.apache.hadoop.fs.CachingGetSpaceUsed$RefreshThread.run(CachingGetSpaceUsed.java:179)&#10;        at java.lang.Thread.run(Thread.java:748)&#10;&quot;pool-26-thread-33&quot;  prio=5 tid=302 in Object.wait()&#10;java.lang.Thread.State: WAITING (on object monitor)&#10;        at sun.misc.Unsafe.park(Native Method)&#10;        at java.util.concurrent.locks.LockSupport.park(LockSupport.java:175)&#10;        at java.util.concurrent.locks.AbstractQueuedSynchronizer$ConditionObject.await(AbstractQueuedSynchronizer.java:2039)&#10;        at java.util.concurrent.ArrayBlockingQueue.take(ArrayBlockingQueue.java:403)&#10;        at java.util.concurrent.ThreadPoolExecutor.getTask(ThreadPoolExecutor.java:1074)&#10;        at java.util.concurrent.ThreadPoolExecutor.runWorker(ThreadPoolExecutor.java:1134)&#10;        at java.util.concurrent.ThreadPoolExecutor$Worker.run(ThreadPoolExecutor.java:624)&#10;        at java.lang.Thread.run(Thread.java:748)&#10;&quot;grpc-default-worker-ELG-3-2&quot; daemon prio=5 tid=431 runnable&#10;java.lang.Thread.State: RUNNABLE&#10;        at sun.nio.ch.EPollArrayWrapper.epollWait(Native Method)&#10;        at sun.nio.ch.EPollArrayWrapper.poll(EPollArrayWrapper.java:269)&#10;        at sun.nio.ch.EPollSelectorImpl.doSelect(EPollSelectorImpl.java:93)&#10;        at sun.nio.ch.SelectorImpl.lockAndDoSelect(SelectorImpl.java:86)&#10;        at sun.nio.ch.SelectorImpl.select(SelectorImpl.java:97)&#10;        at org.apache.ratis.thirdparty.io.netty.channel.nio.SelectedSelectionKeySetSelector.select(SelectedSelectionKeySetSelector.java:62)&#10;        at org.apache.ratis.thirdparty.io.netty.channel.nio.NioEventLoop.select(NioEventLoop.java:753)&#10;        at org.apache.ratis.thirdparty.io.netty.channel.nio.NioEventLoop.run(NioEventLoop.java:408)&#10;        at org.apache.ratis.thirdparty.io.netty.util.concurrent.SingleThreadEventExecutor$5.run(SingleThreadEventExecutor.java:897)&#10;        at org.apache.ratis.thirdparty.io.netty.util.concurrent.FastThreadLocalRunnable.run(FastThreadLocalRunnable.java:30)&#10;        at java.lang.Thread.run(Thread.java:748)&#10;&quot;Command processor thread&quot; daemon prio=5 tid=202 timed_waiting&#10;java.lang.Thread.State: TIMED_WAITING&#10;        at java.lang.Thread.sleep(Native Method)&#10;        at org.apache.hadoop.ozone.container.common.statemachine.DatanodeStateMachine.lambda$initCommandHandlerThread$1(DatanodeStateMachine.java:439)&#10;        at org.apache.hadoop.ozone.container.common.statemachine.DatanodeStateMachine$$Lambda$141/1386624617.run(Unknown Source)&#10;        at java.lang.Thread.run(Thread.java:748)&#10;&quot;IPC Server handler 3 on 38663&quot; daemon prio=5 tid=72 timed_waiting&#10;java.lang.Thread.State: TIMED_WAITING&#10;        at sun.misc.Unsafe.park(Native Method)&#10;        at java.util.concurrent.locks.LockSupport.parkNanos(LockSupport.java:215)&#10;        at java.util.concurrent.locks.AbstractQueuedSynchronizer$ConditionObject.awaitNanos(AbstractQueuedSynchronizer.java:2078)&#10;        at java.util.concurrent.LinkedBlockingQueue.poll(LinkedBlockingQueue.java:467)&#10;        at org.apache.hadoop.ipc.CallQueueManager.take(CallQueueManager.java:288)&#10;        at org.apache.hadoop.ipc.Server$Handler.run(Server.java:2668)&#10;&quot;metrics-hadoop-metrics2-reporter-3-thread-1&quot; daemon prio=5 tid=439 timed_waiting&#10;java.lang.Thread.State: TIMED_WAITING&#10;        at sun.misc.Unsafe.park(Native Method)&#10;        at java.util.concurrent.locks.LockSupport.parkNanos(LockSupport.java:215)&#10;        at java.util.concurrent.locks.AbstractQueuedSynchronizer$ConditionObject.awaitNanos(AbstractQueuedSynchronizer.java:2078)&#10;        at java.util.concurrent.ScheduledThreadPoolExecutor$DelayedWorkQueue.take(ScheduledThreadPoolExecutor.java:1093)&#10;        at java.util.concurrent.ScheduledThreadPoolExecutor$DelayedWorkQueue.take(ScheduledThreadPoolExecutor.java:809)&#10;        at java.util.concurrent.ThreadPoolExecutor.getTask(ThreadPoolExecutor.java:1074)&#10;        at java.util.concurrent.ThreadPoolExecutor.runWorker(ThreadPoolExecutor.java:1134)&#10;        at java.util.concurrent.ThreadPoolExecutor$Worker.run(ThreadPoolExecutor.java:624)&#10;        at java.lang.Thread.run(Thread.java:748)&#10;&quot;org.eclipse.jetty.server.session.HashSessionManager@61cd1c71Timer&quot; daemon prio=5 tid=168 timed_waiting&#10;java.lang.Thread.State: TIMED_WAITING&#10;        at sun.misc.Unsafe.park(Native Method)&#10;        at java.util.concurrent.locks.LockSupport.parkNanos(LockSupport.java:215)&#10;        at java.util.concurrent.locks.AbstractQueuedSynchronizer$ConditionObject.awaitNanos(AbstractQueuedSynchronizer.java:2078)&#10;        at java.util.concurrent.ScheduledThreadPoolExecutor$DelayedWorkQueue.take(ScheduledThreadPoolExecutor.java:1093)&#10;        at java.util.concurrent.ScheduledThreadPoolExecutor$DelayedWorkQueue.take(ScheduledThreadPoolExecutor.java:809)&#10;        at java.util.concurrent.ThreadPoolExecutor.getTask(ThreadPoolExecutor.java:1074)&#10;        at java.util.concurrent.ThreadPoolExecutor.runWorker(ThreadPoolExecutor.java:1134)&#10;        at java.util.concurrent.ThreadPoolExecutor$Worker.run(ThreadPoolExecutor.java:624)&#10;        at java.lang.Thread.run(Thread.java:748)&#10;&quot;EventQueue-NodeRegistrationContainerReportForDataNodeSafeModeRule&quot; daemon prio=5 tid=423 in Object.wait()&#10;java.lang.Thread.State: WAITING (on object monitor)&#10;        at sun.misc.Unsafe.park(Native Method)&#10;        at java.util.concurrent.locks.LockSupport.park(LockSupport.java:175)&#10;        at java.util.concurrent.locks.AbstractQueuedSynchronizer$ConditionObject.await(AbstractQueuedSynchronizer.java:2039)&#10;        at java.util.concurrent.LinkedBlockingQueue.take(LinkedBlockingQueue.java:442)&#10;        at java.util.concurrent.ThreadPoolExecutor.getTask(ThreadPoolExecutor.java:1074)&#10;        at java.util.concurrent.ThreadPoolExecutor.runWorker(ThreadPoolExecutor.java:1134)&#10;        at java.util.concurrent.ThreadPoolExecutor$Worker.run(ThreadPoolExecutor.java:624)&#10;        at java.lang.Thread.run(Thread.java:748)&#10;&quot;pool-36-thread-10&quot;  prio=5 tid=251 in Object.wait()&#10;java.lang.Thread.State: WAITING (on object monitor)&#10;        at sun.misc.Unsafe.park(Native Method)&#10;        at java.util.concurrent.locks.LockSupport.park(LockSupport.java:175)&#10;        at java.util.concurrent.locks.AbstractQueuedSynchronizer$ConditionObject.await(AbstractQueuedSynchronizer.java:2039)&#10;        at java.util.concurrent.ArrayBlockingQueue.take(ArrayBlockingQueue.java:403)&#10;        at java.util.concurrent.ThreadPoolExecutor.getTask(ThreadPoolExecutor.java:1074)&#10;        at java.util.concurrent.ThreadPoolExecutor.runWorker(ThreadPoolExecutor.java:1134)&#10;        at java.util.concurrent.ThreadPoolExecutor$Worker.run(ThreadPoolExecutor.java:624)&#10;        at java.lang.Thread.run(Thread.java:748)&#10;&quot;metrics-hadoop-metrics2-reporter-4-thread-1&quot; daemon prio=5 tid=441 timed_waiting&#10;java.lang.Thread.State: TIMED_WAITING&#10;        at sun.misc.Unsafe.park(Native Method)&#10;        at java.util.concurrent.locks.LockSupport.parkNanos(LockSupport.java:215)&#10;        at java.util.concurrent.locks.AbstractQueuedSynchronizer$ConditionObject.awaitNanos(AbstractQueuedSynchronizer.java:2078)&#10;        at java.util.concurrent.ScheduledThreadPoolExecutor$DelayedWorkQueue.take(ScheduledThreadPoolExecutor.java:1093)&#10;        at java.util.concurrent.ScheduledThreadPoolExecutor$DelayedWorkQueue.take(ScheduledThreadPoolExecutor.java:809)&#10;        at java.util.concurrent.ThreadPoolExecutor.getTask(ThreadPoolExecutor.java:1074)&#10;        at java.util.concurrent.ThreadPoolExecutor.runWorker(ThreadPoolExecutor.java:1134)&#10;        at java.util.concurrent.ThreadPoolExecutor$Worker.run(ThreadPoolExecutor.java:624)&#10;        at java.lang.Thread.run(Thread.java:748)&#10;&quot;pool-27-thread-1&quot;  prio=5 tid=434 in Object.wait()&#10;java.lang.Thread.State: WAITING (on object monitor)&#10;        at sun.misc.Unsafe.park(Native Method)&#10;        at java.util.concurrent.locks.LockSupport.park(LockSupport.java:175)&#10;        at java.util.concurrent.locks.AbstractQueuedSynchronizer$ConditionObject.await(AbstractQueuedSynchronizer.java:2039)&#10;        at java.util.concurrent.LinkedBlockingQueue.take(LinkedBlockingQueue.java:442)&#10;        at java.util.concurrent.ThreadPoolExecutor.getTask(ThreadPoolExecutor.java:1074)&#10;        at java.util.concurrent.ThreadPoolExecutor.runWorker(ThreadPoolExecutor.java:1134)&#10;        at java.util.concurrent.ThreadPoolExecutor$Worker.run(ThreadPoolExecutor.java:624)&#10;        at java.lang.Thread.run(Thread.java:748)&#10;&quot;IPC Server Responder&quot; daemon prio=5 tid=110 runnable&#10;java.lang.Thread.State: RUNNABLE&#10;        at sun.nio.ch.EPollArrayWrapper.epollWait(Native Method)&#10;        at sun.nio.ch.EPollArrayWrapper.poll(EPollArrayWrapper.java:269)&#10;        at sun.nio.ch.EPollSelectorImpl.doSelect(EPollSelectorImpl.java:93)&#10;        at sun.nio.ch.SelectorImpl.lockAndDoSelect(SelectorImpl.java:86)&#10;        at sun.nio.ch.SelectorImpl.select(SelectorImpl.java:97)&#10;        at org.apache.hadoop.ipc.Server$Responder.doRunLoop(Server.java:1334)&#10;        at org.apache.hadoop.ipc.Server$Responder.run(Server.java:1317)&#10;&quot;IPC Server handler 2 on 35339&quot; daemon prio=5 tid=116 timed_waiting&#10;java.lang.Thread.State: TIMED_WAITING&#10;        at sun.misc.Unsafe.park(Native Method)&#10;        at java.util.concurrent.locks.LockSupport.parkNanos(LockSupport.java:215)&#10;        at java.util.concurrent.locks.AbstractQueuedSynchronizer$ConditionObject.awaitNanos(AbstractQueuedSynchronizer.java:2078)&#10;        at java.util.concurrent.LinkedBlockingQueue.poll(LinkedBlockingQueue.java:467)&#10;        at org.apache.hadoop.ipc.CallQueueManager.take(CallQueueManager.java:288)&#10;        at org.apache.hadoop.ipc.Server$Handler.run(Server.java:2668)&#10;&quot;Datanode ReportManager Thread - 3&quot; daemon prio=5 tid=201 in Object.wait()&#10;java.lang.Thread.State: WAITING (on object monitor)&#10;        at sun.misc.Unsafe.park(Native Method)&#10;        at java.util.concurrent.locks.LockSupport.park(LockSupport.java:175)&#10;        at java.util.concurrent.locks.AbstractQueuedSynchronizer$ConditionObject.await(AbstractQueuedSynchronizer.java:2039)&#10;        at java.util.concurrent.ScheduledThreadPoolExecutor$DelayedWorkQueue.take(ScheduledThreadPoolExecutor.java:1088)&#10;        at java.util.concurrent.ScheduledThreadPoolExecutor$DelayedWorkQueue.take(ScheduledThreadPoolExecutor.java:809)&#10;        at java.util.concurrent.ThreadPoolExecutor.getTask(ThreadPoolExecutor.java:1074)&#10;        at java.util.concurrent.ThreadPoolExecutor.runWorker(ThreadPoolExecutor.java:1134)&#10;        at java.util.concurrent.ThreadPoolExecutor$Worker.run(ThreadPoolExecutor.java:624)&#10;        at java.lang.Thread.run(Thread.java:748)&#10;&quot;pool-36-thread-48&quot;  prio=5 tid=323 in Object.wait()&#10;java.lang.Thread.State: WAITING (on object monitor)&#10;        at sun.misc.Unsafe.park(Native Method)&#10;        at java.util.concurrent.locks.LockSupport.park(LockSupport.java:175)&#10;        at java.util.concurrent.locks.AbstractQueuedSynchronizer$ConditionObject.await(AbstractQueuedSynchronizer.java:2039)&#10;        at java.util.concurrent.ArrayBlockingQueue.take(ArrayBlockingQueue.java:403)&#10;        at java.util.concurrent.ThreadPoolExecutor.getTask(ThreadPoolExecutor.java:1074)&#10;        at java.util.concurrent.ThreadPoolExecutor.runWorker(ThreadPoolExecutor.java:1134)&#10;        at java.util.concurrent.ThreadPoolExecutor$Worker.run(ThreadPoolExecutor.java:624)&#10;        at java.lang.Thread.run(Thread.java:748)&#10;&quot;Datanode State Machine Thread - 0&quot; daemon prio=5 tid=180 timed_waiting&#10;java.lang.Thread.State: TIMED_WAITING&#10;        at sun.misc.Unsafe.park(Native Method)&#10;        at java.util.concurrent.locks.LockSupport.parkNanos(LockSupport.java:215)&#10;        at java.util.concurrent.SynchronousQueue$TransferStack.awaitFulfill(SynchronousQueue.java:460)&#10;        at java.util.concurrent.SynchronousQueue$TransferStack.transfer(SynchronousQueue.java:362)&#10;        at java.util.concurrent.SynchronousQueue.poll(SynchronousQueue.java:941)&#10;        at java.util.concurrent.ThreadPoolExecutor.getTask(ThreadPoolExecutor.java:1073)&#10;        at java.util.concurrent.ThreadPoolExecutor.runWorker(ThreadPoolExecutor.java:1134)&#10;        at java.util.concurrent.ThreadPoolExecutor$Worker.run(ThreadPoolExecutor.java:624)&#10;        at java.lang.Thread.run(Thread.java:748)&#10;&quot;pool-46-thread-7&quot;  prio=5 tid=359 in Object.wait()&#10;java.lang.Thread.State: WAITING (on object monitor)&#10;        at sun.misc.Unsafe.park(Native Method)&#10;        at java.util.concurrent.locks.LockSupport.park(LockSupport.java:175)&#10;        at java.util.concurrent.locks.AbstractQueuedSynchronizer$ConditionObject.await(AbstractQueuedSynchronizer.java:2039)&#10;        at java.util.concurrent.ArrayBlockingQueue.take(ArrayBlockingQueue.java:403)&#10;        at java.util.concurrent.ThreadPoolExecutor.getTask(ThreadPoolExecutor.java:1074)&#10;        at java.util.concurrent.ThreadPoolExecutor.runWorker(ThreadPoolExecutor.java:1134)&#10;        at java.util.concurrent.ThreadPoolExecutor$Worker.run(ThreadPoolExecutor.java:624)&#10;        at java.lang.Thread.run(Thread.java:748)&#10;&quot;CommandWatcher-LeaseManager#LeaseMonitor&quot; daemon prio=5 tid=28 timed_waiting&#10;java.lang.Thread.State: TIMED_WAITING&#10;        at java.lang.Thread.sleep(Native Method)&#10;        at org.apache.hadoop.ozone.lease.LeaseManager$LeaseMonitor.run(LeaseManager.java:234)&#10;        at java.lang.Thread.run(Thread.java:748)&#10;&quot;pool-46-thread-3&quot;  prio=5 tid=355 in Object.wait()&#10;java.lang.Thread.State: WAITING (on object monitor)&#10;        at sun.misc.Unsafe.park(Native Method)&#10;        at java.util.concurrent.locks.LockSupport.park(LockSupport.java:175)&#10;        at java.util.concurrent.locks.AbstractQueuedSynchronizer$ConditionObject.await(AbstractQueuedSynchronizer.java:2039)&#10;        at java.util.concurrent.ArrayBlockingQueue.take(ArrayBlockingQueue.java:403)&#10;        at java.util.concurrent.ThreadPoolExecutor.getTask(ThreadPoolExecutor.java:1074)&#10;        at java.util.concurrent.ThreadPoolExecutor.runWorker(ThreadPoolExecutor.java:1134)&#10;        at java.util.concurrent.ThreadPoolExecutor$Worker.run(ThreadPoolExecutor.java:624)&#10;        at java.lang.Thread.run(Thread.java:748)&#10;&quot;org.eclipse.jetty.server.session.HashSessionManager@4c6007fbTimer&quot; daemon prio=5 tid=222 timed_waiting&#10;java.lang.Thread.State: TIMED_WAITING&#10;        at sun.misc.Unsafe.park(Native Method)&#10;        at java.util.concurrent.locks.LockSupport.parkNanos(LockSupport.java:215)&#10;        at java.util.concurrent.locks.AbstractQueuedSynchronizer$ConditionObject.awaitNanos(AbstractQueuedSynchronizer.java:2078)&#10;        at java.util.concurrent.ScheduledThreadPoolExecutor$DelayedWorkQueue.take(ScheduledThreadPoolExecutor.java:1093)&#10;        at java.util.concurrent.ScheduledThreadPoolExecutor$DelayedWorkQueue.take(ScheduledThreadPoolExecutor.java:809)&#10;        at java.util.concurrent.ThreadPoolExecutor.getTask(ThreadPoolExecutor.java:1074)&#10;        at java.util.concurrent.ThreadPoolExecutor.runWorker(ThreadPoolExecutor.java:1134)&#10;        at java.util.concurrent.ThreadPoolExecutor$Worker.run(ThreadPoolExecutor.java:624)&#10;        at java.lang.Thread.run(Thread.java:748)&#10;&quot;BlockDeletingService#1&quot; daemon prio=5 tid=418 in Object.wait()&#10;java.lang.Thread.State: WAITING (on object monitor)&#10;        at sun.misc.Unsafe.park(Native Method)&#10;        at java.util.concurrent.locks.LockSupport.park(LockSupport.java:175)&#10;        at java.util.concurrent.locks.AbstractQueuedSynchronizer$ConditionObject.await(AbstractQueuedSynchronizer.java:2039)&#10;        at java.util.concurrent.ScheduledThreadPoolExecutor$DelayedWorkQueue.take(ScheduledThreadPoolExecutor.java:1088)&#10;        at java.util.concurrent.ScheduledThreadPoolExecutor$DelayedWorkQueue.take(ScheduledThreadPoolExecutor.java:809)&#10;        at java.util.concurrent.ThreadPoolExecutor.getTask(ThreadPoolExecutor.java:1074)&#10;        at java.util.concurrent.ThreadPoolExecutor.runWorker(ThreadPoolExecutor.java:1134)&#10;        at java.util.concurrent.ThreadPoolExecutor$Worker.run(ThreadPoolExecutor.java:624)&#10;        at java.lang.Thread.run(Thread.java:748)&#10;&quot;IPC Server Responder&quot; daemon prio=5 tid=25 runnable&#10;java.lang.Thread.State: RUNNABLE&#10;        at sun.nio.ch.EPollArrayWrapper.epollWait(Native Method)&#10;        at sun.nio.ch.EPollArrayWrapper.poll(EPollArrayWrapper.java:269)&#10;        at sun.nio.ch.EPollSelectorImpl.doSelect(EPollSelectorImpl.java:93)&#10;        at sun.nio.ch.SelectorImpl.lockAndDoSelect(SelectorImpl.java:86)&#10;        at sun.nio.ch.SelectorImpl.select(SelectorImpl.java:97)&#10;        at org.apache.hadoop.ipc.Server$Responder.doRunLoop(Server.java:1334)&#10;        at org.apache.hadoop.ipc.Server$Responder.run(Server.java:1317)&#10;&quot;Socket Reader #1 for port 35339&quot;  prio=5 tid=108 runnable&#10;java.lang.Thread.State: RUNNABLE&#10;        at sun.nio.ch.EPollArrayWrapper.epollWait(Native Method)&#10;        at sun.nio.ch.EPollArrayWrapper.poll(EPollArrayWrapper.java:269)&#10;        at sun.nio.ch.EPollSelectorImpl.doSelect(EPollSelectorImpl.java:93)&#10;        at sun.nio.ch.SelectorImpl.lockAndDoSelect(SelectorImpl.java:86)&#10;        at sun.nio.ch.SelectorImpl.select(SelectorImpl.java:97)&#10;        at sun.nio.ch.SelectorImpl.select(SelectorImpl.java:101)&#10;        at org.apache.hadoop.ipc.Server$Listener$Reader.doRunLoop(Server.java:1097)&#10;        at org.apache.hadoop.ipc.Server$Listener$Reader.run(Server.java:1076)&#10;&quot;IPC Server handler 11 on 46440&quot; daemon prio=5 tid=60 timed_waiting&#10;java.lang.Thread.State: TIMED_WAITING&#10;        at sun.misc.Unsafe.park(Native Method)&#10;        at java.util.concurrent.locks.LockSupport.parkNanos(LockSupport.java:215)&#10;        at java.util.concurrent.locks.AbstractQueuedSynchronizer$ConditionObject.awaitNanos(AbstractQueuedSynchronizer.java:2078)&#10;        at java.util.concurrent.LinkedBlockingQueue.poll(LinkedBlockingQueue.java:467)&#10;        at org.apache.hadoop.ipc.CallQueueManager.take(CallQueueManager.java:288)&#10;        at org.apache.hadoop.ipc.Server$Handler.run(Server.java:2668)&#10;&quot;pool-46-thread-47&quot;  prio=5 tid=399 in Object.wait()&#10;java.lang.Thread.State: WAITING (on object monitor)&#10;        at sun.misc.Unsafe.park(Native Method)&#10;        at java.util.concurrent.locks.LockSupport.park(LockSupport.java:175)&#10;        at java.util.concurrent.locks.AbstractQueuedSynchronizer$ConditionObject.await(AbstractQueuedSynchronizer.java:2039)&#10;        at java.util.concurrent.ArrayBlockingQueue.take(ArrayBlockingQueue.java:403)&#10;        at java.util.concurrent.ThreadPoolExecutor.getTask(ThreadPoolExecutor.java:1074)&#10;        at java.util.concurrent.ThreadPoolExecutor.runWorker(ThreadPoolExecutor.java:1134)&#10;        at java.util.concurrent.ThreadPoolExecutor$Worker.run(ThreadPoolExecutor.java:624)&#10;        at java.lang.Thread.run(Thread.java:748)&#10;&quot;metrics-hadoop-metrics2-reporter-2-thread-1&quot; daemon prio=5 tid=438 timed_waiting&#10;java.lang.Thread.State: TIMED_WAITING&#10;        at sun.misc.Unsafe.park(Native Method)&#10;        at java.util.concurrent.locks.LockSupport.parkNanos(LockSupport.java:215)&#10;        at java.util.concurrent.locks.AbstractQueuedSynchronizer$ConditionObject.awaitNanos(AbstractQueuedSynchronizer.java:2078)&#10;        at java.util.concurrent.ScheduledThreadPoolExecutor$DelayedWorkQueue.take(ScheduledThreadPoolExecutor.java:1093)&#10;        at java.util.concurrent.ScheduledThreadPoolExecutor$DelayedWorkQueue.take(ScheduledThreadPoolExecutor.java:809)&#10;        at java.util.concurrent.ThreadPoolExecutor.getTask(ThreadPoolExecutor.java:1074)&#10;        at java.util.concurrent.ThreadPoolExecutor.runWorker(ThreadPoolExecutor.java:1134)&#10;        at java.util.concurrent.ThreadPoolExecutor$Worker.run(ThreadPoolExecutor.java:624)&#10;        at java.lang.Thread.run(Thread.java:748)&#10;&quot;IPC Server handler 14 on 38663&quot; daemon prio=5 tid=83 timed_waiting&#10;java.lang.Thread.State: TIMED_WAITING&#10;        at sun.misc.Unsafe.park(Native Method)&#10;        at java.util.concurrent.locks.LockSupport.parkNanos(LockSupport.java:215)&#10;        at java.util.concurrent.locks.AbstractQueuedSynchronizer$ConditionObject.awaitNanos(AbstractQueuedSynchronizer.java:2078)&#10;        at java.util.concurrent.LinkedBlockingQueue.poll(LinkedBlockingQueue.java:467)&#10;        at org.apache.hadoop.ipc.CallQueueManager.take(CallQueueManager.java:288)&#10;        at org.apache.hadoop.ipc.Server$Handler.run(Server.java:2668)&#10;&quot;IPC Server handler 3 on 45958&quot; daemon prio=5 tid=32 timed_waiting&#10;java.lang.Thread.State: TIMED_WAITING&#10;        at sun.misc.Unsafe.park(Native Method)&#10;        at java.util.concurrent.locks.LockSupport.parkNanos(LockSupport.java:215)&#10;        at java.util.concurrent.locks.AbstractQueuedSynchronizer$ConditionObject.awaitNanos(AbstractQueuedSynchronizer.java:2078)&#10;        at java.util.concurrent.LinkedBlockingQueue.poll(LinkedBlockingQueue.java:467)&#10;        at org.apache.hadoop.ipc.CallQueueManager.take(CallQueueManager.java:288)&#10;        at org.apache.hadoop.ipc.Server$Handler.run(Server.java:2668)&#10;&quot;IPC Server handler 18 on 35339&quot; daemon prio=5 tid=133 timed_waiting&#10;java.lang.Thread.State: TIMED_WAITING&#10;        at sun.misc.Unsafe.park(Native Method)&#10;        at java.util.concurrent.locks.LockSupport.parkNanos(LockSupport.java:215)&#10;        at java.util.concurrent.locks.AbstractQueuedSynchronizer$ConditionObject.awaitNanos(AbstractQueuedSynchronizer.java:2078)&#10;        at java.util.concurrent.LinkedBlockingQueue.poll(LinkedBlockingQueue.java:467)&#10;        at org.apache.hadoop.ipc.CallQueueManager.take(CallQueueManager.java:288)&#10;        at org.apache.hadoop.ipc.Server$Handler.run(Server.java:2668)&#10;&quot;Timer for &apos;StorageContainerManager&apos; metrics system&quot; daemon prio=5 tid=27 timed_waiting&#10;java.lang.Thread.State: TIMED_WAITING&#10;        at java.lang.Object.wait(Native Method)&#10;        at java.util.TimerThread.mainLoop(Timer.java:552)&#10;        at java.util.TimerThread.run(Timer.java:505)&#10;&quot;pool-26-thread-32&quot;  prio=5 tid=300 in Object.wait()&#10;java.lang.Thread.State: WAITING (on object monitor)&#10;        at sun.misc.Unsafe.park(Native Method)&#10;        at java.util.concurrent.locks.LockSupport.park(LockSupport.java:175)&#10;        at java.util.concurrent.locks.AbstractQueuedSynchronizer$ConditionObject.await(AbstractQueuedSynchronizer.java:2039)&#10;        at java.util.concurrent.ArrayBlockingQueue.take(ArrayBlockingQueue.java:403)&#10;        at java.util.concurrent.ThreadPoolExecutor.getTask(ThreadPoolExecutor.java:1074)&#10;        at java.util.concurrent.ThreadPoolExecutor.runWorker(ThreadPoolExecutor.java:1134)&#10;        at java.util.concurrent.ThreadPoolExecutor$Worker.run(ThreadPoolExecutor.java:624)&#10;        at java.lang.Thread.run(Thread.java:748)&#10;&quot;qtp653553574-219&quot; daemon prio=5 tid=219 timed_waiting&#10;java.lang.Thread.State: TIMED_WAITING&#10;        at sun.misc.Unsafe.park(Native Method)&#10;        at java.util.concurrent.locks.LockSupport.parkNanos(LockSupport.java:215)&#10;        at java.util.concurrent.locks.AbstractQueuedSynchronizer$ConditionObject.awaitNanos(AbstractQueuedSynchronizer.java:2078)&#10;        at org.eclipse.jetty.util.BlockingArrayQueue.poll(BlockingArrayQueue.java:392)&#10;        at org.eclipse.jetty.util.thread.QueuedThreadPool.idleJobPoll(QueuedThreadPool.java:563)&#10;        at org.eclipse.jetty.util.thread.QueuedThreadPool.access$800(QueuedThreadPool.java:48)&#10;        at org.eclipse.jetty.util.thread.QueuedThreadPool$2.run(QueuedThreadPool.java:626)&#10;        at java.lang.Thread.run(Thread.java:748)&#10;&quot;pool-46-thread-37&quot;  prio=5 tid=389 in Object.wait()&#10;java.lang.Thread.State: WAITING (on object monitor)&#10;        at sun.misc.Unsafe.park(Native Method)&#10;        at java.util.concurrent.locks.LockSupport.park(LockSupport.java:175)&#10;        at java.util.concurrent.locks.AbstractQueuedSynchronizer$ConditionObject.await(AbstractQueuedSynchronizer.java:2039)&#10;        at java.util.concurrent.ArrayBlockingQueue.take(ArrayBlockingQueue.java:403)&#10;        at java.util.concurrent.ThreadPoolExecutor.getTask(ThreadPoolExecutor.java:1074)&#10;        at java.util.concurrent.ThreadPoolExecutor.runWorker(ThreadPoolExecutor.java:1134)&#10;        at java.util.concurrent.ThreadPoolExecutor$Worker.run(ThreadPoolExecutor.java:624)&#10;        at java.lang.Thread.run(Thread.java:748)&#10;&quot;pool-26-thread-3&quot;  prio=5 tid=238 in Object.wait()&#10;java.lang.Thread.State: WAITING (on object monitor)&#10;        at sun.misc.Unsafe.park(Native Method)&#10;        at java.util.concurrent.locks.LockSupport.park(LockSupport.java:175)&#10;        at java.util.concurrent.locks.AbstractQueuedSynchronizer$ConditionObject.await(AbstractQueuedSynchronizer.java:2039)&#10;        at java.util.concurrent.ArrayBlockingQueue.take(ArrayBlockingQueue.java:403)&#10;        at java.util.concurrent.ThreadPoolExecutor.getTask(ThreadPoolExecutor.java:1074)&#10;        at java.util.concurrent.ThreadPoolExecutor.runWorker(ThreadPoolExecutor.java:1134)&#10;        at java.util.concurrent.ThreadPoolExecutor$Worker.run(ThreadPoolExecutor.java:624)&#10;        at java.lang.Thread.run(Thread.java:748)&#10;&quot;pool-36-thread-55&quot;  prio=5 tid=337 in Object.wait()&#10;java.lang.Thread.State: WAITING (on object monitor)&#10;        at sun.misc.Unsafe.park(Native Method)&#10;        at java.util.concurrent.locks.LockSupport.park(LockSupport.java:175)&#10;        at java.util.concurrent.locks.AbstractQueuedSynchronizer$ConditionObject.await(AbstractQueuedSynchronizer.java:2039)&#10;        at java.util.concurrent.ArrayBlockingQueue.take(ArrayBlockingQueue.java:403)&#10;        at java.util.concurrent.ThreadPoolExecutor.getTask(ThreadPoolExecutor.java:1074)&#10;        at java.util.concurrent.ThreadPoolExecutor.runWorker(ThreadPoolExecutor.java:1134)&#10;        at java.util.concurrent.ThreadPoolExecutor$Worker.run(ThreadPoolExecutor.java:624)&#10;        at java.lang.Thread.run(Thread.java:748)&#10;&quot;Datanode ReportManager Thread - 1&quot; daemon prio=5 tid=172 in Object.wait()&#10;java.lang.Thread.State: WAITING (on object monitor)&#10;        at sun.misc.Unsafe.park(Native Method)&#10;        at java.util.concurrent.locks.LockSupport.park(LockSupport.java:175)&#10;        at java.util.concurrent.locks.AbstractQueuedSynchronizer$ConditionObject.await(AbstractQueuedSynchronizer.java:2039)&#10;        at java.util.concurrent.ScheduledThreadPoolExecutor$DelayedWorkQueue.take(ScheduledThreadPoolExecutor.java:1088)&#10;        at java.util.concurrent.ScheduledThreadPoolExecutor$DelayedWorkQueue.take(ScheduledThreadPoolExecutor.java:809)&#10;        at java.util.concurrent.ThreadPoolExecutor.getTask(ThreadPoolExecutor.java:1074)&#10;        at java.util.concurrent.ThreadPoolExecutor.runWorker(ThreadPoolExecutor.java:1134)&#10;        at java.util.concurrent.ThreadPoolExecutor$Worker.run(ThreadPoolExecutor.java:624)&#10;        at java.lang.Thread.run(Thread.java:748)&#10;&quot;IPC Server handler 10 on 35339&quot; daemon prio=5 tid=124 timed_waiting&#10;java.lang.Thread.State: TIMED_WAITING&#10;        at sun.misc.Unsafe.park(Native Method)&#10;        at java.util.concurrent.locks.LockSupport.parkNanos(LockSupport.java:215)&#10;        at java.util.concurrent.locks.AbstractQueuedSynchronizer$ConditionObject.awaitNanos(AbstractQueuedSynchronizer.java:2078)&#10;        at java.util.concurrent.LinkedBlockingQueue.poll(LinkedBlockingQueue.java:467)&#10;        at org.apache.hadoop.ipc.CallQueueManager.take(CallQueueManager.java:288)&#10;        at org.apache.hadoop.ipc.Server$Handler.run(Server.java:2668)&#10;&quot;qtp573136580-89&quot; daemon prio=5 tid=89 runnable&#10;java.lang.Thread.State: RUNNABLE&#10;        at sun.nio.ch.EPollArrayWrapper.epollWait(Native Method)&#10;        at sun.nio.ch.EPollArrayWrapper.poll(EPollArrayWrapper.java:269)&#10;        at sun.nio.ch.EPollSelectorImpl.doSelect(EPollSelectorImpl.java:93)&#10;        at sun.nio.ch.SelectorImpl.lockAndDoSelect(SelectorImpl.java:86)&#10;        at sun.nio.ch.SelectorImpl.select(SelectorImpl.java:97)&#10;        at sun.nio.ch.SelectorImpl.select(SelectorImpl.java:101)&#10;        at org.eclipse.jetty.io.ManagedSelector$SelectorProducer.select(ManagedSelector.java:243)&#10;        at org.eclipse.jetty.io.ManagedSelector$SelectorProducer.produce(ManagedSelector.java:191)&#10;        at org.eclipse.jetty.util.thread.strategy.ExecuteProduceConsume.executeProduceConsume(ExecuteProduceConsume.java:249)&#10;        at org.eclipse.jetty.util.thread.strategy.ExecuteProduceConsume.produceConsume(ExecuteProduceConsume.java:148)&#10;        at org.eclipse.jetty.util.thread.strategy.ExecuteProduceConsume.execute(ExecuteProduceConsume.java:100)&#10;        at org.eclipse.jetty.io.ManagedSelector.run(ManagedSelector.java:147)&#10;        at org.eclipse.jetty.util.thread.QueuedThreadPool.runJob(QueuedThreadPool.java:671)&#10;        at org.eclipse.jetty.util.thread.QueuedThreadPool$2.run(QueuedThreadPool.java:589)&#10;        at java.lang.Thread.run(Thread.java:748)&#10;&quot;qtp653553574-216&quot; daemon prio=5 tid=216 timed_waiting&#10;java.lang.Thread.State: TIMED_WAITING&#10;        at sun.misc.Unsafe.park(Native Method)&#10;        at java.util.concurrent.locks.LockSupport.parkNanos(LockSupport.java:215)&#10;        at java.util.concurrent.locks.AbstractQueuedSynchronizer$ConditionObject.awaitNanos(AbstractQueuedSynchronizer.java:2078)&#10;        at org.eclipse.jetty.util.BlockingArrayQueue.poll(BlockingArrayQueue.java:392)&#10;        at org.eclipse.jetty.util.thread.QueuedThreadPool.idleJobPoll(QueuedThreadPool.java:563)&#10;        at org.eclipse.jetty.util.thread.QueuedThreadPool.access$800(QueuedThreadPool.java:48)&#10;        at org.eclipse.jetty.util.thread.QueuedThreadPool$2.run(QueuedThreadPool.java:626)&#10;        at java.lang.Thread.run(Thread.java:748)&#10;&quot;pool-46-thread-12&quot;  prio=5 tid=364 in Object.wait()&#10;java.lang.Thread.State: WAITING (on object monitor)&#10;        at sun.misc.Unsafe.park(Native Method)&#10;        at java.util.concurrent.locks.LockSupport.park(LockSupport.java:175)&#10;        at java.util.concurrent.locks.AbstractQueuedSynchronizer$ConditionObject.await(AbstractQueuedSynchronizer.java:2039)&#10;        at java.util.concurrent.ArrayBlockingQueue.take(ArrayBlockingQueue.java:403)&#10;        at java.util.concurrent.ThreadPoolExecutor.getTask(ThreadPoolExecutor.java:1074)&#10;        at java.util.concurrent.ThreadPoolExecutor.runWorker(ThreadPoolExecutor.java:1134)&#10;        at java.util.concurrent.ThreadPoolExecutor$Worker.run(ThreadPoolExecutor.java:624)&#10;        at java.lang.Thread.run(Thread.java:748)&#10;&quot;org.eclipse.jetty.server.session.HashSessionManager@24a298a6Timer&quot; daemon prio=5 tid=146 timed_waiting&#10;java.lang.Thread.State: TIMED_WAITING&#10;        at sun.misc.Unsafe.park(Native Method)&#10;        at java.util.concurrent.locks.LockSupport.parkNanos(LockSupport.java:215)&#10;        at java.util.concurrent.locks.AbstractQueuedSynchronizer$ConditionObject.awaitNanos(AbstractQueuedSynchronizer.java:2078)&#10;        at java.util.concurrent.ScheduledThreadPoolExecutor$DelayedWorkQueue.take(ScheduledThreadPoolExecutor.java:1093)&#10;        at java.util.concurrent.ScheduledThreadPoolExecutor$DelayedWorkQueue.take(ScheduledThreadPoolExecutor.java:809)&#10;        at java.util.concurrent.ThreadPoolExecutor.getTask(ThreadPoolExecutor.java:1074)&#10;        at java.util.concurrent.ThreadPoolExecutor.runWorker(ThreadPoolExecutor.java:1134)&#10;        at java.util.concurrent.ThreadPoolExecutor$Worker.run(ThreadPoolExecutor.java:624)&#10;        at java.lang.Thread.run(Thread.java:748)&#10;&quot;pool-26-thread-60&quot;  prio=5 tid=352 in Object.wait()&#10;java.lang.Thread.State: WAITING (on object monitor)&#10;        at sun.misc.Unsafe.park(Native Method)&#10;        at java.util.concurrent.locks.LockSupport.park(LockSupport.java:175)&#10;        at java.util.concurrent.locks.AbstractQueuedSynchronizer$ConditionObject.await(AbstractQueuedSynchronizer.java:2039)&#10;        at java.util.concurrent.ArrayBlockingQueue.take(ArrayBlockingQueue.java:403)&#10;        at java.util.concurrent.ThreadPoolExecutor.getTask(ThreadPoolExecutor.java:1074)&#10;        at java.util.concurrent.ThreadPoolExecutor.runWorker(ThreadPoolExecutor.java:1134)&#10;        at java.util.concurrent.ThreadPoolExecutor$Worker.run(ThreadPoolExecutor.java:624)&#10;        at java.lang.Thread.run(Thread.java:748)&#10;&quot;IPC Server handler 8 on 45958&quot; daemon prio=5 tid=37 timed_waiting&#10;java.lang.Thread.State: TIMED_WAITING&#10;        at sun.misc.Unsafe.park(Native Method)&#10;        at java.util.concurrent.locks.LockSupport.parkNanos(LockSupport.java:215)&#10;        at java.util.concurrent.locks.AbstractQueuedSynchronizer$ConditionObject.awaitNanos(AbstractQueuedSynchronizer.java:2078)&#10;        at java.util.concurrent.LinkedBlockingQueue.poll(LinkedBlockingQueue.java:467)&#10;        at org.apache.hadoop.ipc.CallQueueManager.take(CallQueueManager.java:288)&#10;        at org.apache.hadoop.ipc.Server$Handler.run(Server.java:2668)&#10;&quot;pool-26-thread-51&quot;  prio=5 tid=338 in Object.wait()&#10;java.lang.Thread.State: WAITING (on object monitor)&#10;        at sun.misc.Unsafe.park(Native Method)&#10;        at java.util.concurrent.locks.LockSupport.park(LockSupport.java:175)&#10;        at java.util.concurrent.locks.AbstractQueuedSynchronizer$ConditionObject.await(AbstractQueuedSynchronizer.java:2039)&#10;        at java.util.concurrent.ArrayBlockingQueue.take(ArrayBlockingQueue.java:403)&#10;        at java.util.concurrent.ThreadPoolExecutor.getTask(ThreadPoolExecutor.java:1074)&#10;        at java.util.concurrent.ThreadPoolExecutor.runWorker(ThreadPoolExecutor.java:1134)&#10;        at java.util.concurrent.ThreadPoolExecutor$Worker.run(ThreadPoolExecutor.java:624)&#10;        at java.lang.Thread.run(Thread.java:748)&#10;&quot;pool-36-thread-37&quot;  prio=5 tid=301 in Object.wait()&#10;java.lang.Thread.State: WAITING (on object monitor)&#10;        at sun.misc.Unsafe.park(Native Method)&#10;        at java.util.concurrent.locks.LockSupport.park(LockSupport.java:175)&#10;        at java.util.concurrent.locks.AbstractQueuedSynchronizer$ConditionObject.await(AbstractQueuedSynchronizer.java:2039)&#10;        at java.util.concurrent.ArrayBlockingQueue.take(ArrayBlockingQueue.java:403)&#10;        at java.util.concurrent.ThreadPoolExecutor.getTask(ThreadPoolExecutor.java:1074)&#10;        at java.util.concurrent.ThreadPoolExecutor.runWorker(ThreadPoolExecutor.java:1134)&#10;        at java.util.concurrent.ThreadPoolExecutor$Worker.run(ThreadPoolExecutor.java:624)&#10;        at java.lang.Thread.run(Thread.java:748)&#10;&quot;org.eclipse.jetty.server.session.HashSessionManager@71a06021Timer&quot; daemon prio=5 tid=221 timed_waiting&#10;java.lang.Thread.State: TIMED_WAITING&#10;        at sun.misc.Unsafe.park(Native Method)&#10;        at java.util.concurrent.locks.LockSupport.parkNanos(LockSupport.java:215)&#10;        at java.util.concurrent.locks.AbstractQueuedSynchronizer$ConditionObject.awaitNanos(AbstractQueuedSynchronizer.java:2078)&#10;        at java.util.concurrent.ScheduledThreadPoolExecutor$DelayedWorkQueue.take(ScheduledThreadPoolExecutor.java:1093)&#10;        at java.util.concurrent.ScheduledThreadPoolExecutor$DelayedWorkQueue.take(ScheduledThreadPoolExecutor.java:809)&#10;        at java.util.concurrent.ThreadPoolExecutor.getTask(ThreadPoolExecutor.java:1074)&#10;        at java.util.concurrent.ThreadPoolExecutor.runWorker(ThreadPoolExecutor.java:1134)&#10;        at java.util.concurrent.ThreadPoolExecutor$Worker.run(ThreadPoolExecutor.java:624)&#10;        at java.lang.Thread.run(Thread.java:748)&#10;&quot;Finalizer&quot; daemon prio=8 tid=3 in Object.wait()&#10;java.lang.Thread.State: WAITING (on object monitor)&#10;        at java.lang.Object.wait(Native Method)&#10;        at java.lang.ref.ReferenceQueue.remove(ReferenceQueue.java:144)&#10;        at java.lang.ref.ReferenceQueue.remove(ReferenceQueue.java:165)&#10;        at java.lang.ref.Finalizer$FinalizerThread.run(Finalizer.java:216)&#10;&quot;surefire-forkedjvm-ping-30s&quot; daemon prio=5 tid=9 timed_waiting&#10;java.lang.Thread.State: TIMED_WAITING&#10;        at sun.misc.Unsafe.park(Native Method)&#10;        at java.util.concurrent.locks.LockSupport.parkNanos(LockSupport.java:215)&#10;        at java.util.concurrent.locks.AbstractQueuedSynchronizer$ConditionObject.awaitNanos(AbstractQueuedSynchronizer.java:2078)&#10;        at java.util.concurrent.ScheduledThreadPoolExecutor$DelayedWorkQueue.take(ScheduledThreadPoolExecutor.java:1093)&#10;        at java.util.concurrent.ScheduledThreadPoolExecutor$DelayedWorkQueue.take(ScheduledThreadPoolExecutor.java:809)&#10;        at java.util.concurrent.ThreadPoolExecutor.getTask(ThreadPoolExecutor.java:1074)&#10;        at java.util.concurrent.ThreadPoolExecutor.runWorker(ThreadPoolExecutor.java:1134)&#10;        at java.util.concurrent.ThreadPoolExecutor$Worker.run(ThreadPoolExecutor.java:624)&#10;        at java.lang.Thread.run(Thread.java:748)&#10;&quot;pool-36-thread-57&quot;  prio=5 tid=341 in Object.wait()&#10;java.lang.Thread.State: WAITING (on object monitor)&#10;        at sun.misc.Unsafe.park(Native Method)&#10;        at java.util.concurrent.locks.LockSupport.park(LockSupport.java:175)&#10;        at java.util.concurrent.locks.AbstractQueuedSynchronizer$ConditionObject.await(AbstractQueuedSynchronizer.java:2039)&#10;        at java.util.concurrent.ArrayBlockingQueue.take(ArrayBlockingQueue.java:403)&#10;        at java.util.concurrent.ThreadPoolExecutor.getTask(ThreadPoolExecutor.java:1074)&#10;        at java.util.concurrent.ThreadPoolExecutor.runWorker(ThreadPoolExecutor.java:1134)&#10;        at java.util.concurrent.ThreadPoolExecutor$Worker.run(ThreadPoolExecutor.java:624)&#10;        at java.lang.Thread.run(Thread.java:748)&#10;&quot;refreshUsed-/workdir/hadoop-ozone/integration-test/target/test-dir/MiniOzoneClusterImpl-5bbdf16d-a65b-4877-b412-d21df752c328/datanode-1/data/containers&quot; daemon prio=5 tid=181 timed_waiting&#10;java.lang.Thread.State: TIMED_WAITING&#10;        at java.lang.Thread.sleep(Native Method)&#10;        at org.apache.hadoop.fs.CachingGetSpaceUsed$RefreshThread.run(CachingGetSpaceUsed.java:179)&#10;        at java.lang.Thread.run(Thread.java:748)&#10;&quot;pool-36-thread-15&quot;  prio=5 tid=260 in Object.wait()&#10;java.lang.Thread.State: WAITING (on object monitor)&#10;        at sun.misc.Unsafe.park(Native Method)&#10;        at java.util.concurrent.locks.LockSupport.park(LockSupport.java:175)&#10;        at java.util.concurrent.locks.AbstractQueuedSynchronizer$ConditionObject.await(AbstractQueuedSynchronizer.java:2039)&#10;        at java.util.concurrent.ArrayBlockingQueue.take(ArrayBlockingQueue.java:403)&#10;        at java.util.concurrent.ThreadPoolExecutor.getTask(ThreadPoolExecutor.java:1074)&#10;        at java.util.concurrent.ThreadPoolExecutor.runWorker(ThreadPoolExecutor.java:1134)&#10;        at java.util.concurrent.ThreadPoolExecutor$Worker.run(ThreadPoolExecutor.java:624)&#10;        at java.lang.Thread.run(Thread.java:748)&#10;&quot;org.eclipse.jetty.server.session.HashSessionManager@7df587efTimer&quot; daemon prio=5 tid=97 timed_waiting&#10;java.lang.Thread.State: TIMED_WAITING&#10;        at sun.misc.Unsafe.park(Native Method)&#10;        at java.util.concurrent.locks.LockSupport.parkNanos(LockSupport.java:215)&#10;        at java.util.concurrent.locks.AbstractQueuedSynchronizer$ConditionObject.awaitNanos(AbstractQueuedSynchronizer.java:2078)&#10;        at java.util.concurrent.ScheduledThreadPoolExecutor$DelayedWorkQueue.take(ScheduledThreadPoolExecutor.java:1093)&#10;        at java.util.concurrent.ScheduledThreadPoolExecutor$DelayedWorkQueue.take(ScheduledThreadPoolExecutor.java:809)&#10;        at java.util.concurrent.ThreadPoolExecutor.getTask(ThreadPoolExecutor.java:1074)&#10;        at java.util.concurrent.ThreadPoolExecutor.runWorker(ThreadPoolExecutor.java:1134)&#10;        at java.util.concurrent.ThreadPoolExecutor$Worker.run(ThreadPoolExecutor.java:624)&#10;        at java.lang.Thread.run(Thread.java:748)&#10;&quot;pool-46-thread-36&quot;  prio=5 tid=388 in Object.wait()&#10;java.lang.Thread.State: WAITING (on object monitor)&#10;        at sun.misc.Unsafe.park(Native Method)&#10;        at java.util.concurrent.locks.LockSupport.park(LockSupport.java:175)&#10;        at java.util.concurrent.locks.AbstractQueuedSynchronizer$ConditionObject.await(AbstractQueuedSynchronizer.java:2039)&#10;        at java.util.concurrent.ArrayBlockingQueue.take(ArrayBlockingQueue.java:403)&#10;        at java.util.concurrent.ThreadPoolExecutor.getTask(ThreadPoolExecutor.java:1074)&#10;        at java.util.concurrent.ThreadPoolExecutor.runWorker(ThreadPoolExecutor.java:1134)&#10;        at java.util.concurrent.ThreadPoolExecutor$Worker.run(ThreadPoolExecutor.java:624)&#10;        at java.lang.Thread.run(Thread.java:748)&#10;&quot;pool-36-thread-16&quot;  prio=5 tid=261 in Object.wait()&#10;java.lang.Thread.State: WAITING (on object monitor)&#10;        at sun.misc.Unsafe.park(Native Method)&#10;        at java.util.concurrent.locks.LockSupport.park(LockSupport.java:175)&#10;        at java.util.concurrent.locks.AbstractQueuedSynchronizer$ConditionObject.await(AbstractQueuedSynchronizer.java:2039)&#10;        at java.util.concurrent.ArrayBlockingQueue.take(ArrayBlockingQueue.java:403)&#10;        at java.util.concurrent.ThreadPoolExecutor.getTask(ThreadPoolExecutor.java:1074)&#10;        at java.util.concurrent.ThreadPoolExecutor.runWorker(ThreadPoolExecutor.java:1134)&#10;        at java.util.concurrent.ThreadPoolExecutor$Worker.run(ThreadPoolExecutor.java:624)&#10;        at java.lang.Thread.run(Thread.java:748)&#10;&quot;pool-46-thread-15&quot;  prio=5 tid=367 in Object.wait()&#10;java.lang.Thread.State: WAITING (on object monitor)&#10;        at sun.misc.Unsafe.park(Native Method)&#10;        at java.util.concurrent.locks.LockSupport.park(LockSupport.java:175)&#10;        at java.util.concurrent.locks.AbstractQueuedSynchronizer$ConditionObject.await(AbstractQueuedSynchronizer.java:2039)&#10;        at java.util.concurrent.ArrayBlockingQueue.take(ArrayBlockingQueue.java:403)&#10;        at java.util.concurrent.ThreadPoolExecutor.getTask(ThreadPoolExecutor.java:1074)&#10;        at java.util.concurrent.ThreadPoolExecutor.runWorker(ThreadPoolExecutor.java:1134)&#10;        at java.util.concurrent.ThreadPoolExecutor$Worker.run(ThreadPoolExecutor.java:624)&#10;        at java.lang.Thread.run(Thread.java:748)&#10;&quot;pool-46-thread-26&quot;  prio=5 tid=378 in Object.wait()&#10;java.lang.Thread.State: WAITING (on object monitor)&#10;        at sun.misc.Unsafe.park(Native Method)&#10;        at java.util.concurrent.locks.LockSupport.park(LockSupport.java:175)&#10;        at java.util.concurrent.locks.AbstractQueuedSynchronizer$ConditionObject.await(AbstractQueuedSynchronizer.java:2039)&#10;        at java.util.concurrent.ArrayBlockingQueue.take(ArrayBlockingQueue.java:403)&#10;        at java.util.concurrent.ThreadPoolExecutor.getTask(ThreadPoolExecutor.java:1074)&#10;        at java.util.concurrent.ThreadPoolExecutor.runWorker(ThreadPoolExecutor.java:1134)&#10;        at java.util.concurrent.ThreadPoolExecutor$Worker.run(ThreadPoolExecutor.java:624)&#10;        at java.lang.Thread.run(Thread.java:748)&#10;&quot;pool-46-thread-10&quot;  prio=5 tid=362 in Object.wait()&#10;java.lang.Thread.State: WAITING (on object monitor)&#10;        at sun.misc.Unsafe.park(Native Method)&#10;        at java.util.concurrent.locks.LockSupport.park(LockSupport.java:175)&#10;        at java.util.concurrent.locks.AbstractQueuedSynchronizer$ConditionObject.await(AbstractQueuedSynchronizer.java:2039)&#10;        at java.util.concurrent.ArrayBlockingQueue.take(ArrayBlockingQueue.java:403)&#10;        at java.util.concurrent.ThreadPoolExecutor.getTask(ThreadPoolExecutor.java:1074)&#10;        at java.util.concurrent.ThreadPoolExecutor.runWorker(ThreadPoolExecutor.java:1134)&#10;        at java.util.concurrent.ThreadPoolExecutor$Worker.run(ThreadPoolExecutor.java:624)&#10;        at java.lang.Thread.run(Thread.java:748)&#10;&quot;pool-36-thread-11&quot;  prio=5 tid=253 in Object.wait()&#10;java.lang.Thread.State: WAITING (on object monitor)&#10;        at sun.misc.Unsafe.park(Native Method)&#10;        at java.util.concurrent.locks.LockSupport.park(LockSupport.java:175)&#10;        at java.util.concurrent.locks.AbstractQueuedSynchronizer$ConditionObject.await(AbstractQueuedSynchronizer.java:2039)&#10;        at java.util.concurrent.ArrayBlockingQueue.take(ArrayBlockingQueue.java:403)&#10;        at java.util.concurrent.ThreadPoolExecutor.getTask(ThreadPoolExecutor.java:1074)&#10;        at java.util.concurrent.ThreadPoolExecutor.runWorker(ThreadPoolExecutor.java:1134)&#10;        at java.util.concurrent.ThreadPoolExecutor$Worker.run(ThreadPoolExecutor.java:624)&#10;        at java.lang.Thread.run(Thread.java:748)&#10;&quot;metrics-hadoop-metrics2-reporter-32-thread-1&quot; daemon prio=5 tid=590 timed_waiting&#10;java.lang.Thread.State: TIMED_WAITING&#10;        at sun.misc.Unsafe.park(Native Method)&#10;        at java.util.concurrent.locks.LockSupport.parkNanos(LockSupport.java:215)&#10;        at java.util.concurrent.locks.AbstractQueuedSynchronizer$ConditionObject.awaitNanos(AbstractQueuedSynchronizer.java:2078)&#10;        at java.util.concurrent.ScheduledThreadPoolExecutor$DelayedWorkQueue.take(ScheduledThreadPoolExecutor.java:1093)&#10;        at java.util.concurrent.ScheduledThreadPoolExecutor$DelayedWorkQueue.take(ScheduledThreadPoolExecutor.java:809)&#10;        at java.util.concurrent.ThreadPoolExecutor.getTask(ThreadPoolExecutor.java:1074)&#10;        at java.util.concurrent.ThreadPoolExecutor.runWorker(ThreadPoolExecutor.java:1134)&#10;        at java.util.concurrent.ThreadPoolExecutor$Worker.run(ThreadPoolExecutor.java:624)&#10;        at java.lang.Thread.run(Thread.java:748)&#10;&quot;BlockDeletingService#0&quot; daemon prio=5 tid=416 timed_waiting&#10;java.lang.Thread.State: TIMED_WAITING&#10;        at sun.misc.Unsafe.park(Native Method)&#10;        at java.util.concurrent.locks.LockSupport.parkNanos(LockSupport.java:215)&#10;        at java.util.concurrent.locks.AbstractQueuedSynchronizer$ConditionObject.awaitNanos(AbstractQueuedSynchronizer.java:2078)&#10;        at java.util.concurrent.ScheduledThreadPoolExecutor$DelayedWorkQueue.take(ScheduledThreadPoolExecutor.java:1093)&#10;        at java.util.concurrent.ScheduledThreadPoolExecutor$DelayedWorkQueue.take(ScheduledThreadPoolExecutor.java:809)&#10;        at java.util.concurrent.ThreadPoolExecutor.getTask(ThreadPoolExecutor.java:1074)&#10;        at java.util.concurrent.ThreadPoolExecutor.runWorker(ThreadPoolExecutor.java:1134)&#10;        at java.util.concurrent.ThreadPoolExecutor$Worker.run(ThreadPoolExecutor.java:624)&#10;        at java.lang.Thread.run(Thread.java:748)&#10;&quot;pool-26-thread-45&quot;  prio=5 tid=326 in Object.wait()&#10;java.lang.Thread.State: WAITING (on object monitor)&#10;        at sun.misc.Unsafe.park(Native Method)&#10;        at java.util.concurrent.locks.LockSupport.park(LockSupport.java:175)&#10;        at java.util.concurrent.locks.AbstractQueuedSynchronizer$ConditionObject.await(AbstractQueuedSynchronizer.java:2039)&#10;        at java.util.concurrent.ArrayBlockingQueue.take(ArrayBlockingQueue.java:403)&#10;        at java.util.concurrent.ThreadPoolExecutor.getTask(ThreadPoolExecutor.java:1074)&#10;        at java.util.concurrent.ThreadPoolExecutor.runWorker(ThreadPoolExecutor.java:1134)&#10;        at java.util.concurrent.ThreadPoolExecutor$Worker.run(ThreadPoolExecutor.java:624)&#10;        at java.lang.Thread.run(Thread.java:748)&#10;&quot;IPC Server handler 1 on 35339&quot; daemon prio=5 tid=115 timed_waiting&#10;java.lang.Thread.State: TIMED_WAITING&#10;        at sun.misc.Unsafe.park(Native Method)&#10;        at java.util.concurrent.locks.LockSupport.parkNanos(LockSupport.java:215)&#10;        at java.util.concurrent.locks.AbstractQueuedSynchronizer$ConditionObject.awaitNanos(AbstractQueuedSynchronizer.java:2078)&#10;        at java.util.concurrent.LinkedBlockingQueue.poll(LinkedBlockingQueue.java:467)&#10;        at org.apache.hadoop.ipc.CallQueueManager.take(CallQueueManager.java:288)&#10;        at org.apache.hadoop.ipc.Server$Handler.run(Server.java:2668)&#10;&quot;pool-46-thread-31&quot;  prio=5 tid=383 in Object.wait()&#10;java.lang.Thread.State: WAITING (on object monitor)&#10;        at sun.misc.Unsafe.park(Native Method)&#10;        at java.util.concurrent.locks.LockSupport.park(LockSupport.java:175)&#10;        at java.util.concurrent.locks.AbstractQueuedSynchronizer$ConditionObject.await(AbstractQueuedSynchronizer.java:2039)&#10;        at java.util.concurrent.ArrayBlockingQueue.take(ArrayBlockingQueue.java:403)&#10;        at java.util.concurrent.ThreadPoolExecutor.getTask(ThreadPoolExecutor.java:1074)&#10;        at java.util.concurrent.ThreadPoolExecutor.runWorker(ThreadPoolExecutor.java:1134)&#10;        at java.util.concurrent.ThreadPoolExecutor$Worker.run(ThreadPoolExecutor.java:624)&#10;        at java.lang.Thread.run(Thread.java:748)&#10;&quot;pool-26-thread-50&quot;  prio=5 tid=336 in Object.wait()&#10;java.lang.Thread.State: WAITING (on object monitor)&#10;        at sun.misc.Unsafe.park(Native Method)&#10;        at java.util.concurrent.locks.LockSupport.park(LockSupport.java:175)&#10;        at java.util.concurrent.locks.AbstractQueuedSynchronizer$ConditionObject.await(AbstractQueuedSynchronizer.java:2039)&#10;        at java.util.concurrent.ArrayBlockingQueue.take(ArrayBlockingQueue.java:403)&#10;        at java.util.concurrent.ThreadPoolExecutor.getTask(ThreadPoolExecutor.java:1074)&#10;        at java.util.concurrent.ThreadPoolExecutor.runWorker(ThreadPoolExecutor.java:1134)&#10;        at java.util.concurrent.ThreadPoolExecutor$Worker.run(ThreadPoolExecutor.java:624)&#10;        at java.lang.Thread.run(Thread.java:748)&#10;&quot;pool-36-thread-8&quot;  prio=5 tid=247 in Object.wait()&#10;java.lang.Thread.State: WAITING (on object monitor)&#10;        at sun.misc.Unsafe.park(Native Method)&#10;        at java.util.concurrent.locks.LockSupport.park(LockSupport.java:175)&#10;        at java.util.concurrent.locks.AbstractQueuedSynchronizer$ConditionObject.await(AbstractQueuedSynchronizer.java:2039)&#10;        at java.util.concurrent.ArrayBlockingQueue.take(ArrayBlockingQueue.java:403)&#10;        at java.util.concurrent.ThreadPoolExecutor.getTask(ThreadPoolExecutor.java:1074)&#10;        at java.util.concurrent.ThreadPoolExecutor.runWorker(ThreadPoolExecutor.java:1134)&#10;        at java.util.concurrent.ThreadPoolExecutor$Worker.run(ThreadPoolExecutor.java:624)&#10;        at java.lang.Thread.run(Thread.java:748)&#10;&quot;pool-36-thread-31&quot;  prio=5 tid=289 in Object.wait()&#10;java.lang.Thread.State: WAITING (on object monitor)&#10;        at sun.misc.Unsafe.park(Native Method)&#10;        at java.util.concurrent.locks.LockSupport.park(LockSupport.java:175)&#10;        at java.util.concurrent.locks.AbstractQueuedSynchronizer$ConditionObject.await(AbstractQueuedSynchronizer.java:2039)&#10;        at java.util.concurrent.ArrayBlockingQueue.take(ArrayBlockingQueue.java:403)&#10;        at java.util.concurrent.ThreadPoolExecutor.getTask(ThreadPoolExecutor.java:1074)&#10;        at java.util.concurrent.ThreadPoolExecutor.runWorker(ThreadPoolExecutor.java:1134)&#10;        at java.util.concurrent.ThreadPoolExecutor$Worker.run(ThreadPoolExecutor.java:624)&#10;        at java.lang.Thread.run(Thread.java:748)&#10;&quot;qtp245298614-163&quot; daemon prio=5 tid=163 timed_waiting&#10;java.lang.Thread.State: TIMED_WAITING&#10;        at sun.misc.Unsafe.park(Native Method)&#10;        at java.util.concurrent.locks.LockSupport.parkNanos(LockSupport.java:215)&#10;        at java.util.concurrent.locks.AbstractQueuedSynchronizer$ConditionObject.awaitNanos(AbstractQueuedSynchronizer.java:2078)&#10;        at org.eclipse.jetty.util.BlockingArrayQueue.poll(BlockingArrayQueue.java:392)&#10;        at org.eclipse.jetty.util.thread.QueuedThreadPool.idleJobPoll(QueuedThreadPool.java:563)&#10;        at org.eclipse.jetty.util.thread.QueuedThreadPool.access$800(QueuedThreadPool.java:48)&#10;        at org.eclipse.jetty.util.thread.QueuedThreadPool$2.run(QueuedThreadPool.java:626)&#10;        at java.lang.Thread.run(Thread.java:748)&#10;&quot;EventQueue-ContainerReportForContainerReportHandler&quot; daemon prio=5 tid=422 in Object.wait()&#10;java.lang.Thread.State: WAITING (on object monitor)&#10;        at sun.misc.Unsafe.park(Native Method)&#10;        at java.util.concurrent.locks.LockSupport.park(LockSupport.java:175)&#10;        at java.util.concurrent.locks.AbstractQueuedSynchronizer$ConditionObject.await(AbstractQueuedSynchronizer.java:2039)&#10;        at java.util.concurrent.LinkedBlockingQueue.take(LinkedBlockingQueue.java:442)&#10;        at java.util.concurrent.ThreadPoolExecutor.getTask(ThreadPoolExecutor.java:1074)&#10;        at java.util.concurrent.ThreadPoolExecutor.runWorker(ThreadPoolExecutor.java:1134)&#10;        at java.util.concurrent.ThreadPoolExecutor$Worker.run(ThreadPoolExecutor.java:624)&#10;        at java.lang.Thread.run(Thread.java:748)&#10;&quot;IPC Server handler 17 on 45958&quot; daemon prio=5 tid=46 timed_waiting&#10;java.lang.Thread.State: TIMED_WAITING&#10;        at sun.misc.Unsafe.park(Native Method)&#10;        at java.util.concurrent.locks.LockSupport.parkNanos(LockSupport.java:215)&#10;        at java.util.concurrent.locks.AbstractQueuedSynchronizer$ConditionObject.awaitNanos(AbstractQueuedSynchronizer.java:2078)&#10;        at java.util.concurrent.LinkedBlockingQueue.poll(LinkedBlockingQueue.java:467)&#10;        at org.apache.hadoop.ipc.CallQueueManager.take(CallQueueManager.java:288)&#10;        at org.apache.hadoop.ipc.Server$Handler.run(Server.java:2668)&#10;&quot;pool-26-thread-21&quot;  prio=5 tid=278 in Object.wait()&#10;java.lang.Thread.State: WAITING (on object monitor)&#10;        at sun.misc.Unsafe.park(Native Method)&#10;        at java.util.concurrent.locks.LockSupport.park(LockSupport.java:175)&#10;        at java.util.concurrent.locks.AbstractQueuedSynchronizer$ConditionObject.await(AbstractQueuedSynchronizer.java:2039)&#10;        at java.util.concurrent.ArrayBlockingQueue.take(ArrayBlockingQueue.java:403)&#10;        at java.util.concurrent.ThreadPoolExecutor.getTask(ThreadPoolExecutor.java:1074)&#10;        at java.util.concurrent.ThreadPoolExecutor.runWorker(ThreadPoolExecutor.java:1134)&#10;        at java.util.concurrent.ThreadPoolExecutor$Worker.run(ThreadPoolExecutor.java:624)&#10;        at java.lang.Thread.run(Thread.java:748)&#10;&quot;pool-26-thread-47&quot;  prio=5 tid=330 in Object.wait()&#10;java.lang.Thread.State: WAITING (on object monitor)&#10;        at sun.misc.Unsafe.park(Native Method)&#10;        at java.util.concurrent.locks.LockSupport.park(LockSupport.java:175)&#10;        at java.util.concurrent.locks.AbstractQueuedSynchronizer$ConditionObject.await(AbstractQueuedSynchronizer.java:2039)&#10;        at java.util.concurrent.ArrayBlockingQueue.take(ArrayBlockingQueue.java:403)&#10;        at java.util.concurrent.ThreadPoolExecutor.getTask(ThreadPoolExecutor.java:1074)&#10;        at java.util.concurrent.ThreadPoolExecutor.runWorker(ThreadPoolExecutor.java:1134)&#10;        at java.util.concurrent.ThreadPoolExecutor$Worker.run(ThreadPoolExecutor.java:624)&#10;        at java.lang.Thread.run(Thread.java:748)&#10;&quot;grpc-default-executor-0&quot; daemon prio=5 tid=430 runnable&#10;java.lang.Thread.State: RUNNABLE&#10;        at sun.nio.ch.FileDispatcherImpl.force0(Native Method)&#10;        at sun.nio.ch.FileDispatcherImpl.force(FileDispatcherImpl.java:80)&#10;        at sun.nio.ch.FileChannelImpl.force(FileChannelImpl.java:388)&#10;        at org.apache.ratis.util.AtomicFileOutputStream.close(AtomicFileOutputStream.java:60)&#10;        at org.apache.ratis.server.storage.MetaFile.writeFile(MetaFile.java:96)&#10;        at org.apache.ratis.server.storage.MetaFile.set(MetaFile.java:75)&#10;        at org.apache.ratis.server.raftlog.segmented.SegmentedRaftLog.writeMetadata(SegmentedRaftLog.java:473)&#10;        at org.apache.ratis.server.impl.ServerState.persistMetadata(ServerState.java:231)&#10;        at org.apache.ratis.server.impl.RaftServerImpl.requestVote(RaftServerImpl.java:788)&#10;        at org.apache.ratis.server.impl.RaftServerImpl.requestVote(RaftServerImpl.java:754)&#10;        at org.apache.ratis.server.impl.RaftServerProxy.requestVote(RaftServerProxy.java:443)&#10;        at org.apache.ratis.grpc.server.GrpcServerProtocolService.requestVote(GrpcServerProtocolService.java:142)&#10;        at org.apache.ratis.proto.grpc.RaftServerProtocolServiceGrpc$MethodHandlers.invoke(RaftServerProtocolServiceGrpc.java:319)&#10;        at org.apache.ratis.thirdparty.io.grpc.stub.ServerCalls$UnaryServerCallHandler$UnaryServerCallListener.onHalfClose(ServerCalls.java:171)&#10;        at org.apache.ratis.thirdparty.io.grpc.internal.ServerCallImpl$ServerStreamListenerImpl.halfClosed(ServerCallImpl.java:283)&#10;        at org.apache.ratis.thirdparty.io.grpc.internal.ServerImpl$JumpToApplicationThreadServerStreamListener$1HalfClosed.runInContext(ServerImpl.java:710)&#10;        at org.apache.ratis.thirdparty.io.grpc.internal.ContextRunnable.run(ContextRunnable.java:37)&#10;        at org.apache.ratis.thirdparty.io.grpc.internal.SerializingExecutor.run(SerializingExecutor.java:123)&#10;        at java.util.concurrent.ThreadPoolExecutor.runWorker(ThreadPoolExecutor.java:1149)&#10;        at java.util.concurrent.ThreadPoolExecutor$Worker.run(ThreadPoolExecutor.java:624)&#10;        at java.lang.Thread.run(Thread.java:748)&#10;&quot;metrics-hadoop-metrics2-reporter-12-thread-1&quot; daemon prio=5 tid=462 timed_waiting&#10;java.lang.Thread.State: TIMED_WAITING&#10;        at sun.misc.Unsafe.park(Native Method)&#10;        at java.util.concurrent.locks.LockSupport.parkNanos(LockSupport.java:215)&#10;        at java.util.concurrent.locks.AbstractQueuedSynchronizer$ConditionObject.awaitNanos(AbstractQueuedSynchronizer.java:2078)&#10;        at java.util.concurrent.ScheduledThreadPoolExecutor$DelayedWorkQueue.take(ScheduledThreadPoolExecutor.java:1093)&#10;        at java.util.concurrent.ScheduledThreadPoolExecutor$DelayedWorkQueue.take(ScheduledThreadPoolExecutor.java:809)&#10;        at java.util.concurrent.ThreadPoolExecutor.getTask(ThreadPoolExecutor.java:1074)&#10;        at java.util.concurrent.ThreadPoolExecutor.runWorker(ThreadPoolExecutor.java:1134)&#10;        at java.util.concurrent.ThreadPoolExecutor$Worker.run(ThreadPoolExecutor.java:624)&#10;        at java.lang.Thread.run(Thread.java:748)&#10;&quot;pool-26-thread-56&quot;  prio=5 tid=348 in Object.wait()&#10;java.lang.Thread.State: WAITING (on object monitor)&#10;        at sun.misc.Unsafe.park(Native Method)&#10;        at java.util.concurrent.locks.LockSupport.park(LockSupport.java:175)&#10;        at java.util.concurrent.locks.AbstractQueuedSynchronizer$ConditionObject.await(AbstractQueuedSynchronizer.java:2039)&#10;        at java.util.concurrent.ArrayBlockingQueue.take(ArrayBlockingQueue.java:403)&#10;        at java.util.concurrent.ThreadPoolExecutor.getTask(ThreadPoolExecutor.java:1074)&#10;        at java.util.concurrent.ThreadPoolExecutor.runWorker(ThreadPoolExecutor.java:1134)&#10;        at java.util.concurrent.ThreadPoolExecutor$Worker.run(ThreadPoolExecutor.java:624)&#10;        at java.lang.Thread.run(Thread.java:748)&#10;&quot;pool-26-thread-28&quot;  prio=5 tid=292 in Object.wait()&#10;java.lang.Thread.State: WAITING (on object monitor)&#10;        at sun.misc.Unsafe.park(Native Method)&#10;        at java.util.concurrent.locks.LockSupport.park(LockSupport.java:175)&#10;        at java.util.concurrent.locks.AbstractQueuedSynchronizer$ConditionObject.await(AbstractQueuedSynchronizer.java:2039)&#10;        at java.util.concurrent.ArrayBlockingQueue.take(ArrayBlockingQueue.java:403)&#10;        at java.util.concurrent.ThreadPoolExecutor.getTask(ThreadPoolExecutor.java:1074)&#10;        at java.util.concurrent.ThreadPoolExecutor.runWorker(ThreadPoolExecutor.java:1134)&#10;        at java.util.concurrent.ThreadPoolExecutor$Worker.run(ThreadPoolExecutor.java:624)&#10;        at java.lang.Thread.run(Thread.java:748)&#10;&quot;qtp573136580-93&quot; daemon prio=5 tid=93 timed_waiting&#10;java.lang.Thread.State: TIMED_WAITING&#10;        at sun.misc.Unsafe.park(Native Method)&#10;        at java.util.concurrent.locks.LockSupport.parkNanos(LockSupport.java:215)&#10;        at java.util.concurrent.locks.AbstractQueuedSynchronizer$ConditionObject.awaitNanos(AbstractQueuedSynchronizer.java:2078)&#10;        at org.eclipse.jetty.util.BlockingArrayQueue.poll(BlockingArrayQueue.java:392)&#10;        at org.eclipse.jetty.util.thread.QueuedThreadPool.idleJobPoll(QueuedThreadPool.java:563)&#10;        at org.eclipse.jetty.util.thread.QueuedThreadPool.access$800(QueuedThreadPool.java:48)&#10;        at org.eclipse.jetty.util.thread.QueuedThreadPool$2.run(QueuedThreadPool.java:626)&#10;        at java.lang.Thread.run(Thread.java:748)&#10;&quot;qtp245298614-165&quot; daemon prio=5 tid=165 timed_waiting&#10;java.lang.Thread.State: TIMED_WAITING&#10;        at sun.misc.Unsafe.park(Native Method)&#10;        at java.util.concurrent.locks.LockSupport.parkNanos(LockSupport.java:215)&#10;        at java.util.concurrent.locks.AbstractQueuedSynchronizer$ConditionObject.awaitNanos(AbstractQueuedSynchronizer.java:2078)&#10;        at org.eclipse.jetty.util.BlockingArrayQueue.poll(BlockingArrayQueue.java:392)&#10;        at org.eclipse.jetty.util.thread.QueuedThreadPool.idleJobPoll(QueuedThreadPool.java:563)&#10;        at org.eclipse.jetty.util.thread.QueuedThreadPool.access$800(QueuedThreadPool.java:48)&#10;        at org.eclipse.jetty.util.thread.QueuedThreadPool$2.run(QueuedThreadPool.java:626)&#10;        at java.lang.Thread.run(Thread.java:748)&#10;&quot;metrics-hadoop-metrics2-reporter-14-thread-1&quot; daemon prio=5 tid=472 timed_waiting&#10;java.lang.Thread.State: TIMED_WAITING&#10;        at sun.misc.Unsafe.park(Native Method)&#10;        at java.util.concurrent.locks.LockSupport.parkNanos(LockSupport.java:215)&#10;        at java.util.concurrent.locks.AbstractQueuedSynchronizer$ConditionObject.awaitNanos(AbstractQueuedSynchronizer.java:2078)&#10;        at java.util.concurrent.ScheduledThreadPoolExecutor$DelayedWorkQueue.take(ScheduledThreadPoolExecutor.java:1093)&#10;        at java.util.concurrent.ScheduledThreadPoolExecutor$DelayedWorkQueue.take(ScheduledThreadPoolExecutor.java:809)&#10;        at java.util.concurrent.ThreadPoolExecutor.getTask(ThreadPoolExecutor.java:1074)&#10;        at java.util.concurrent.ThreadPoolExecutor.runWorker(ThreadPoolExecutor.java:1134)&#10;        at java.util.concurrent.ThreadPoolExecutor$Worker.run(ThreadPoolExecutor.java:624)&#10;        at java.lang.Thread.run(Thread.java:748)&#10;&quot;BlockDeletingService#0&quot; daemon prio=5 tid=415 timed_waiting&#10;java.lang.Thread.State: TIMED_WAITING&#10;        at sun.misc.Unsafe.park(Native Method)&#10;        at java.util.concurrent.locks.LockSupport.parkNanos(LockSupport.java:215)&#10;        at java.util.concurrent.locks.AbstractQueuedSynchronizer$ConditionObject.awaitNanos(AbstractQueuedSynchronizer.java:2078)&#10;        at java.util.concurrent.ScheduledThreadPoolExecutor$DelayedWorkQueue.take(ScheduledThreadPoolExecutor.java:1093)&#10;        at java.util.concurrent.ScheduledThreadPoolExecutor$DelayedWorkQueue.take(ScheduledThreadPoolExecutor.java:809)&#10;        at java.util.concurrent.ThreadPoolExecutor.getTask(ThreadPoolExecutor.java:1074)&#10;        at java.util.concurrent.ThreadPoolExecutor.runWorker(ThreadPoolExecutor.java:1134)&#10;        at java.util.concurrent.ThreadPoolExecutor$Worker.run(ThreadPoolExecutor.java:624)&#10;        at java.lang.Thread.run(Thread.java:748)&#10;&quot;pool-36-thread-32&quot;  prio=5 tid=291 in Object.wait()&#10;java.lang.Thread.State: WAITING (on object monitor)&#10;        at sun.misc.Unsafe.park(Native Method)&#10;        at java.util.concurrent.locks.LockSupport.park(LockSupport.java:175)&#10;        at java.util.concurrent.locks.AbstractQueuedSynchronizer$ConditionObject.await(AbstractQueuedSynchronizer.java:2039)&#10;        at java.util.concurrent.ArrayBlockingQueue.take(ArrayBlockingQueue.java:403)&#10;        at java.util.concurrent.ThreadPoolExecutor.getTask(ThreadPoolExecutor.java:1074)&#10;        at java.util.concurrent.ThreadPoolExecutor.runWorker(ThreadPoolExecutor.java:1134)&#10;        at java.util.concurrent.ThreadPoolExecutor$Worker.run(ThreadPoolExecutor.java:624)&#10;        at java.lang.Thread.run(Thread.java:748)&#10;&quot;52743044-8979-4a08-8013-92a14c548982@group-146C50BE7901-LeaderElection250-1&quot; daemon prio=5 tid=2265 in Object.wait()&#10;java.lang.Thread.State: WAITING (on object monitor)&#10;        at sun.misc.Unsafe.park(Native Method)&#10;        at java.util.concurrent.locks.LockSupport.park(LockSupport.java:175)&#10;        at java.util.concurrent.locks.AbstractQueuedSynchronizer$ConditionObject.await(AbstractQueuedSynchronizer.java:2039)&#10;        at java.util.concurrent.LinkedBlockingQueue.take(LinkedBlockingQueue.java:442)&#10;        at org.apache.ratis.thirdparty.io.grpc.stub.ClientCalls$ThreadlessExecutor.waitAndDrain(ClientCalls.java:642)&#10;        at org.apache.ratis.thirdparty.io.grpc.stub.ClientCalls.blockingUnaryCall(ClientCalls.java:130)&#10;        at org.apache.ratis.proto.grpc.RaftServerProtocolServiceGrpc$RaftServerProtocolServiceBlockingStub.requestVote(RaftServerProtocolServiceGrpc.java:265)&#10;        at org.apache.ratis.grpc.server.GrpcServerProtocolClient.requestVote(GrpcServerProtocolClient.java:99)&#10;        at org.apache.ratis.grpc.server.GrpcService.requestVote(GrpcService.java:204)&#10;        at org.apache.ratis.server.impl.LeaderElection.lambda$submitRequests$1(LeaderElection.java:234)&#10;        at org.apache.ratis.server.impl.LeaderElection$$Lambda$383/142902806.call(Unknown Source)&#10;        at java.util.concurrent.FutureTask.run(FutureTask.java:266)&#10;        at java.util.concurrent.Executors$RunnableAdapter.call(Executors.java:511)&#10;        at java.util.concurrent.FutureTask.run(FutureTask.java:266)&#10;        at java.util.concurrent.ThreadPoolExecutor.runWorker(ThreadPoolExecutor.java:1149)&#10;        at java.util.concurrent.ThreadPoolExecutor$Worker.run(ThreadPoolExecutor.java:624)&#10;        at java.lang.Thread.run(Thread.java:748)&#10;&quot;IPC Server handler 19 on 45958&quot; daemon prio=5 tid=48 timed_waiting&#10;java.lang.Thread.State: TIMED_WAITING&#10;        at sun.misc.Unsafe.park(Native Method)&#10;        at java.util.concurrent.locks.LockSupport.parkNanos(LockSupport.java:215)&#10;        at java.util.concurrent.locks.AbstractQueuedSynchronizer$ConditionObject.awaitNanos(AbstractQueuedSynchronizer.java:2078)&#10;        at java.util.concurrent.LinkedBlockingQueue.poll(LinkedBlockingQueue.java:467)&#10;        at org.apache.hadoop.ipc.CallQueueManager.take(CallQueueManager.java:288)&#10;        at org.apache.hadoop.ipc.Server$Handler.run(Server.java:2668)&#10;&quot;IPC Server handler 16 on 45958&quot; daemon prio=5 tid=45 timed_waiting&#10;java.lang.Thread.State: TIMED_WAITING&#10;        at sun.misc.Unsafe.park(Native Method)&#10;        at java.util.concurrent.locks.LockSupport.parkNanos(LockSupport.java:215)&#10;        at java.util.concurrent.locks.AbstractQueuedSynchronizer$ConditionObject.awaitNanos(AbstractQueuedSynchronizer.java:2078)&#10;        at java.util.concurrent.LinkedBlockingQueue.poll(LinkedBlockingQueue.java:467)&#10;        at org.apache.hadoop.ipc.CallQueueManager.take(CallQueueManager.java:288)&#10;        at org.apache.hadoop.ipc.Server$Handler.run(Server.java:2668)&#10;&quot;IPC Server handler 19 on 46440&quot; daemon prio=5 tid=68 timed_waiting&#10;java.lang.Thread.State: TIMED_WAITING&#10;        at sun.misc.Unsafe.park(Native Method)&#10;        at java.util.concurrent.locks.LockSupport.parkNanos(LockSupport.java:215)&#10;        at java.util.concurrent.locks.AbstractQueuedSynchronizer$ConditionObject.awaitNanos(AbstractQueuedSynchronizer.java:2078)&#10;        at java.util.concurrent.LinkedBlockingQueue.poll(LinkedBlockingQueue.java:467)&#10;        at org.apache.hadoop.ipc.CallQueueManager.take(CallQueueManager.java:288)&#10;        at org.apache.hadoop.ipc.Server$Handler.run(Server.java:2668)&#10;&quot;pool-46-thread-59&quot;  prio=5 tid=411 in Object.wait()&#10;java.lang.Thread.State: WAITING (on object monitor)&#10;        at sun.misc.Unsafe.park(Native Method)&#10;        at java.util.concurrent.locks.LockSupport.park(LockSupport.java:175)&#10;        at java.util.concurrent.locks.AbstractQueuedSynchronizer$ConditionObject.await(AbstractQueuedSynchronizer.java:2039)&#10;        at java.util.concurrent.ArrayBlockingQueue.take(ArrayBlockingQueue.java:403)&#10;        at java.util.concurrent.ThreadPoolExecutor.getTask(ThreadPoolExecutor.java:1074)&#10;        at java.util.concurrent.ThreadPoolExecutor.runWorker(ThreadPoolExecutor.java:1134)&#10;        at java.util.concurrent.ThreadPoolExecutor$Worker.run(ThreadPoolExecutor.java:624)&#10;        at java.lang.Thread.run(Thread.java:748)&#10;&quot;Datanode ReportManager Thread - 1&quot; daemon prio=5 tid=226 in Object.wait()&#10;java.lang.Thread.State: WAITING (on object monitor)&#10;        at sun.misc.Unsafe.park(Native Method)&#10;        at java.util.concurrent.locks.LockSupport.park(LockSupport.java:175)&#10;        at java.util.concurrent.locks.AbstractQueuedSynchronizer$ConditionObject.await(AbstractQueuedSynchronizer.java:2039)&#10;        at java.util.concurrent.ScheduledThreadPoolExecutor$DelayedWorkQueue.take(ScheduledThreadPoolExecutor.java:1088)&#10;        at java.util.concurrent.ScheduledThreadPoolExecutor$DelayedWorkQueue.take(ScheduledThreadPoolExecutor.java:809)&#10;        at java.util.concurrent.ThreadPoolExecutor.getTask(ThreadPoolExecutor.java:1074)&#10;        at java.util.concurrent.ThreadPoolExecutor.runWorker(ThreadPoolExecutor.java:1134)&#10;        at java.util.concurrent.ThreadPoolExecutor$Worker.run(ThreadPoolExecutor.java:624)&#10;        at java.lang.Thread.run(Thread.java:748)&#10;&quot;pool-36-thread-39&quot;  prio=5 tid=305 in Object.wait()&#10;java.lang.Thread.State: WAITING (on object monitor)&#10;        at sun.misc.Unsafe.park(Native Method)&#10;        at java.util.concurrent.locks.LockSupport.park(LockSupport.java:175)&#10;        at java.util.concurrent.locks.AbstractQueuedSynchronizer$ConditionObject.await(AbstractQueuedSynchronizer.java:2039)&#10;        at java.util.concurrent.ArrayBlockingQueue.take(ArrayBlockingQueue.java:403)&#10;        at java.util.concurrent.ThreadPoolExecutor.getTask(ThreadPoolExecutor.java:1074)&#10;        at java.util.concurrent.ThreadPoolExecutor.runWorker(ThreadPoolExecutor.java:1134)&#10;        at java.util.concurrent.ThreadPoolExecutor$Worker.run(ThreadPoolExecutor.java:624)&#10;        at java.lang.Thread.run(Thread.java:748)&#10;&quot;qtp498748934-189&quot; daemon prio=5 tid=189 timed_waiting&#10;java.lang.Thread.State: TIMED_WAITING&#10;        at sun.misc.Unsafe.park(Native Method)&#10;        at java.util.concurrent.locks.LockSupport.parkNanos(LockSupport.java:215)&#10;        at java.util.concurrent.locks.AbstractQueuedSynchronizer$ConditionObject.awaitNanos(AbstractQueuedSynchronizer.java:2078)&#10;        at org.eclipse.jetty.util.BlockingArrayQueue.poll(BlockingArrayQueue.java:392)&#10;        at org.eclipse.jetty.util.thread.QueuedThreadPool.idleJobPoll(QueuedThreadPool.java:563)&#10;        at org.eclipse.jetty.util.thread.QueuedThreadPool.access$800(QueuedThreadPool.java:48)&#10;        at org.eclipse.jetty.util.thread.QueuedThreadPool$2.run(QueuedThreadPool.java:626)&#10;        at java.lang.Thread.run(Thread.java:748)&#10;&quot;EventQueue-NodeRegistrationContainerReportForContainerSafeModeRule&quot; daemon prio=5 tid=424 in Object.wait()&#10;java.lang.Thread.State: WAITING (on object monitor)&#10;        at sun.misc.Unsafe.park(Native Method)&#10;        at java.util.concurrent.locks.LockSupport.park(LockSupport.java:175)&#10;        at java.util.concurrent.locks.AbstractQueuedSynchronizer$ConditionObject.await(AbstractQueuedSynchronizer.java:2039)&#10;        at java.util.concurrent.LinkedBlockingQueue.take(LinkedBlockingQueue.java:442)&#10;        at java.util.concurrent.ThreadPoolExecutor.getTask(ThreadPoolExecutor.java:1074)&#10;        at java.util.concurrent.ThreadPoolExecutor.runWorker(ThreadPoolExecutor.java:1134)&#10;        at java.util.concurrent.ThreadPoolExecutor$Worker.run(ThreadPoolExecutor.java:624)&#10;        at java.lang.Thread.run(Thread.java:748)&#10;&quot;IPC Server Responder&quot; daemon prio=5 tid=21 runnable&#10;java.lang.Thread.State: RUNNABLE&#10;        at sun.nio.ch.EPollArrayWrapper.epollWait(Native Method)&#10;        at sun.nio.ch.EPollArrayWrapper.poll(EPollArrayWrapper.java:269)&#10;        at sun.nio.ch.EPollSelectorImpl.doSelect(EPollSelectorImpl.java:93)&#10;        at sun.nio.ch.SelectorImpl.lockAndDoSelect(SelectorImpl.java:86)&#10;        at sun.nio.ch.SelectorImpl.select(SelectorImpl.java:97)&#10;        at org.apache.hadoop.ipc.Server$Responder.doRunLoop(Server.java:1334)&#10;        at org.apache.hadoop.ipc.Server$Responder.run(Server.java:1317)&#10;&quot;pool-46-thread-58&quot;  prio=5 tid=410 in Object.wait()&#10;java.lang.Thread.State: WAITING (on object monitor)&#10;        at sun.misc.Unsafe.park(Native Method)&#10;        at java.util.concurrent.locks.LockSupport.park(LockSupport.java:175)&#10;        at java.util.concurrent.locks.AbstractQueuedSynchronizer$ConditionObject.await(AbstractQueuedSynchronizer.java:2039)&#10;        at java.util.concurrent.ArrayBlockingQueue.take(ArrayBlockingQueue.java:403)&#10;        at java.util.concurrent.ThreadPoolExecutor.getTask(ThreadPoolExecutor.java:1074)&#10;        at java.util.concurrent.ThreadPoolExecutor.runWorker(ThreadPoolExecutor.java:1134)&#10;        at java.util.concurrent.ThreadPoolExecutor$Worker.run(ThreadPoolExecutor.java:624)&#10;        at java.lang.Thread.run(Thread.java:748)&#10;&quot;pool-26-thread-17&quot;  prio=5 tid=270 in Object.wait()&#10;java.lang.Thread.State: WAITING (on object monitor)&#10;        at sun.misc.Unsafe.park(Native Method)&#10;        at java.util.concurrent.locks.LockSupport.park(LockSupport.java:175)&#10;        at java.util.concurrent.locks.AbstractQueuedSynchronizer$ConditionObject.await(AbstractQueuedSynchronizer.java:2039)&#10;        at java.util.concurrent.ArrayBlockingQueue.take(ArrayBlockingQueue.java:403)&#10;        at java.util.concurrent.ThreadPoolExecutor.getTask(ThreadPoolExecutor.java:1074)&#10;        at java.util.concurrent.ThreadPoolExecutor.runWorker(ThreadPoolExecutor.java:1134)&#10;        at java.util.concurrent.ThreadPoolExecutor$Worker.run(ThreadPoolExecutor.java:624)&#10;        at java.lang.Thread.run(Thread.java:748)&#10;&quot;IPC Server handler 2 on 45958&quot; daemon prio=5 tid=31 timed_waiting&#10;java.lang.Thread.State: TIMED_WAITING&#10;        at sun.misc.Unsafe.park(Native Method)&#10;        at java.util.concurrent.locks.LockSupport.parkNanos(LockSupport.java:215)&#10;        at java.util.concurrent.locks.AbstractQueuedSynchronizer$ConditionObject.awaitNanos(AbstractQueuedSynchronizer.java:2078)&#10;        at java.util.concurrent.LinkedBlockingQueue.poll(LinkedBlockingQueue.java:467)&#10;        at org.apache.hadoop.ipc.CallQueueManager.take(CallQueueManager.java:288)&#10;        at org.apache.hadoop.ipc.Server$Handler.run(Server.java:2668)&#10;&quot;pool-26-thread-57&quot;  prio=5 tid=349 in Object.wait()&#10;java.lang.Thread.State: WAITING (on object monitor)&#10;        at sun.misc.Unsafe.park(Native Method)&#10;        at java.util.concurrent.locks.LockSupport.park(LockSupport.java:175)&#10;        at java.util.concurrent.locks.AbstractQueuedSynchronizer$ConditionObject.await(AbstractQueuedSynchronizer.java:2039)&#10;        at java.util.concurrent.ArrayBlockingQueue.take(ArrayBlockingQueue.java:403)&#10;        at java.util.concurrent.ThreadPoolExecutor.getTask(ThreadPoolExecutor.java:1074)&#10;        at java.util.concurrent.ThreadPoolExecutor.runWorker(ThreadPoolExecutor.java:1134)&#10;        at java.util.concurrent.ThreadPoolExecutor$Worker.run(ThreadPoolExecutor.java:624)&#10;        at java.lang.Thread.run(Thread.java:748)&#10;&quot;KeyDeletingService#0&quot; daemon prio=5 tid=113 timed_waiting&#10;java.lang.Thread.State: TIMED_WAITING&#10;        at sun.misc.Unsafe.park(Native Method)&#10;        at java.util.concurrent.locks.LockSupport.parkNanos(LockSupport.java:215)&#10;        at java.util.concurrent.locks.AbstractQueuedSynchronizer$ConditionObject.awaitNanos(AbstractQueuedSynchronizer.java:2078)&#10;        at java.util.concurrent.ScheduledThreadPoolExecutor$DelayedWorkQueue.take(ScheduledThreadPoolExecutor.java:1093)&#10;        at java.util.concurrent.ScheduledThreadPoolExecutor$DelayedWorkQueue.take(ScheduledThreadPoolExecutor.java:809)&#10;        at java.util.concurrent.ThreadPoolExecutor.getTask(ThreadPoolExecutor.java:1074)&#10;        at java.util.concurrent.ThreadPoolExecutor.runWorker(ThreadPoolExecutor.java:1134)&#10;        at java.util.concurrent.ThreadPoolExecutor$Worker.run(ThreadPoolExecutor.java:624)&#10;        at java.lang.Thread.run(Thread.java:748)&#10;&quot;prometheus&quot; daemon prio=5 tid=100 in Object.wait()&#10;java.lang.Thread.State: WAITING (on object monitor)&#10;        at java.lang.Object.wait(Native Method)&#10;        at java.lang.Object.wait(Object.java:502)&#10;        at org.apache.hadoop.metrics2.impl.SinkQueue.waitForData(SinkQueue.java:114)&#10;        at org.apache.hadoop.metrics2.impl.SinkQueue.consumeAll(SinkQueue.java:83)&#10;        at org.apache.hadoop.metrics2.impl.MetricsSinkAdapter.publishMetricsFromQueue(MetricsSinkAdapter.java:135)&#10;        at org.apache.hadoop.metrics2.impl.MetricsSinkAdapter$1.run(MetricsSinkAdapter.java:89)&#10;&quot;IPC Server Responder&quot; daemon prio=5 tid=17 runnable&#10;java.lang.Thread.State: RUNNABLE&#10;        at sun.nio.ch.EPollArrayWrapper.epollWait(Native Method)&#10;        at sun.nio.ch.EPollArrayWrapper.poll(EPollArrayWrapper.java:269)&#10;        at sun.nio.ch.EPollSelectorImpl.doSelect(EPollSelectorImpl.java:93)&#10;        at sun.nio.ch.SelectorImpl.lockAndDoSelect(SelectorImpl.java:86)&#10;        at sun.nio.ch.SelectorImpl.select(SelectorImpl.java:97)&#10;        at org.apache.hadoop.ipc.Server$Responder.doRunLoop(Server.java:1334)&#10;        at org.apache.hadoop.ipc.Server$Responder.run(Server.java:1317)&#10;&quot;pool-46-thread-56&quot;  prio=5 tid=408 in Object.wait()&#10;java.lang.Thread.State: WAITING (on object monitor)&#10;        at sun.misc.Unsafe.park(Native Method)&#10;        at java.util.concurrent.locks.LockSupport.park(LockSupport.java:175)&#10;        at java.util.concurrent.locks.AbstractQueuedSynchronizer$ConditionObject.await(AbstractQueuedSynchronizer.java:2039)&#10;        at java.util.concurrent.ArrayBlockingQueue.take(ArrayBlockingQueue.java:403)&#10;        at java.util.concurrent.ThreadPoolExecutor.getTask(ThreadPoolExecutor.java:1074)&#10;        at java.util.concurrent.ThreadPoolExecutor.runWorker(ThreadPoolExecutor.java:1134)&#10;        at java.util.concurrent.ThreadPoolExecutor$Worker.run(ThreadPoolExecutor.java:624)&#10;        at java.lang.Thread.run(Thread.java:748)&#10;&quot;pool-26-thread-30&quot;  prio=5 tid=296 in Object.wait()&#10;java.lang.Thread.State: WAITING (on object monitor)&#10;        at sun.misc.Unsafe.park(Native Method)&#10;        at java.util.concurrent.locks.LockSupport.park(LockSupport.java:175)&#10;        at java.util.concurrent.locks.AbstractQueuedSynchronizer$ConditionObject.await(AbstractQueuedSynchronizer.java:2039)&#10;        at java.util.concurrent.ArrayBlockingQueue.take(ArrayBlockingQueue.java:403)&#10;        at java.util.concurrent.ThreadPoolExecutor.getTask(ThreadPoolExecutor.java:1074)&#10;        at java.util.concurrent.ThreadPoolExecutor.runWorker(ThreadPoolExecutor.java:1134)&#10;        at java.util.concurrent.ThreadPoolExecutor$Worker.run(ThreadPoolExecutor.java:624)&#10;        at java.lang.Thread.run(Thread.java:748)&#10;&quot;pool-26-thread-38&quot;  prio=5 tid=312 in Object.wait()&#10;java.lang.Thread.State: WAITING (on object monitor)&#10;        at sun.misc.Unsafe.park(Native Method)&#10;        at java.util.concurrent.locks.LockSupport.park(LockSupport.java:175)&#10;        at java.util.concurrent.locks.AbstractQueuedSynchronizer$ConditionObject.await(AbstractQueuedSynchronizer.java:2039)&#10;        at java.util.concurrent.ArrayBlockingQueue.take(ArrayBlockingQueue.java:403)&#10;        at java.util.concurrent.ThreadPoolExecutor.getTask(ThreadPoolExecutor.java:1074)&#10;        at java.util.concurrent.ThreadPoolExecutor.runWorker(ThreadPoolExecutor.java:1134)&#10;        at java.util.concurrent.ThreadPoolExecutor$Worker.run(ThreadPoolExecutor.java:624)&#10;        at java.lang.Thread.run(Thread.java:748)&#10;&quot;IPC Server handler 8 on 46440&quot; daemon prio=5 tid=57 timed_waiting&#10;java.lang.Thread.State: TIMED_WAITING&#10;        at sun.misc.Unsafe.park(Native Method)&#10;        at java.util.concurrent.locks.LockSupport.parkNanos(LockSupport.java:215)&#10;        at java.util.concurrent.locks.AbstractQueuedSynchronizer$ConditionObject.awaitNanos(AbstractQueuedSynchronizer.java:2078)&#10;        at java.util.concurrent.LinkedBlockingQueue.poll(LinkedBlockingQueue.java:467)&#10;        at org.apache.hadoop.ipc.CallQueueManager.take(CallQueueManager.java:288)&#10;        at org.apache.hadoop.ipc.Server$Handler.run(Server.java:2668)&#10;&quot;IPC Server handler 13 on 45958&quot; daemon prio=5 tid=42 timed_waiting&#10;java.lang.Thread.State: TIMED_WAITING&#10;        at sun.misc.Unsafe.park(Native Method)&#10;        at java.util.concurrent.locks.LockSupport.parkNanos(LockSupport.java:215)&#10;        at java.util.concurrent.locks.AbstractQueuedSynchronizer$ConditionObject.awaitNanos(AbstractQueuedSynchronizer.java:2078)&#10;        at java.util.concurrent.LinkedBlockingQueue.poll(LinkedBlockingQueue.java:467)&#10;        at org.apache.hadoop.ipc.CallQueueManager.take(CallQueueManager.java:288)&#10;        at org.apache.hadoop.ipc.Server$Handler.run(Server.java:2668)&#10;&quot;qtp245298614-161&quot; daemon prio=5 tid=161 timed_waiting&#10;java.lang.Thread.State: TIMED_WAITING&#10;        at sun.misc.Unsafe.park(Native Method)&#10;        at java.util.concurrent.locks.LockSupport.parkNanos(LockSupport.java:215)&#10;        at java.util.concurrent.locks.AbstractQueuedSynchronizer$ConditionObject.awaitNanos(AbstractQueuedSynchronizer.java:2078)&#10;        at org.eclipse.jetty.util.BlockingArrayQueue.poll(BlockingArrayQueue.java:392)&#10;        at org.eclipse.jetty.util.thread.QueuedThreadPool.idleJobPoll(QueuedThreadPool.java:563)&#10;        at org.eclipse.jetty.util.thread.QueuedThreadPool.access$800(QueuedThreadPool.java:48)&#10;        at org.eclipse.jetty.util.thread.QueuedThreadPool$2.run(QueuedThreadPool.java:626)&#10;        at java.lang.Thread.run(Thread.java:748)&#10;&quot;qtp573136580-90-acceptor-0@340505c9-ServerConnector@21ca139c{HTTP/1.1,[http/1.1]}{0.0.0.0:39464}&quot; daemon prio=3 tid=90 runnable&#10;java.lang.Thread.State: RUNNABLE&#10;        at sun.nio.ch.ServerSocketChannelImpl.accept0(Native Method)&#10;        at sun.nio.ch.ServerSocketChannelImpl.accept(ServerSocketChannelImpl.java:422)&#10;        at sun.nio.ch.ServerSocketChannelImpl.accept(ServerSocketChannelImpl.java:250)&#10;        at org.eclipse.jetty.server.ServerConnector.accept(ServerConnector.java:397)&#10;        at org.eclipse.jetty.server.AbstractConnector$Acceptor.run(AbstractConnector.java:601)&#10;        at org.eclipse.jetty.util.thread.QueuedThreadPool.runJob(QueuedThreadPool.java:671)&#10;        at org.eclipse.jetty.util.thread.QueuedThreadPool$2.run(QueuedThreadPool.java:589)&#10;        at java.lang.Thread.run(Thread.java:748)&#10;&quot;IPC Server handler 15 on 46440&quot; daemon prio=5 tid=64 timed_waiting&#10;java.lang.Thread.State: TIMED_WAITING&#10;        at sun.misc.Unsafe.park(Native Method)&#10;        at java.util.concurrent.locks.LockSupport.parkNanos(LockSupport.java:215)&#10;        at java.util.concurrent.locks.AbstractQueuedSynchronizer$ConditionObject.awaitNanos(AbstractQueuedSynchronizer.java:2078)&#10;        at java.util.concurrent.LinkedBlockingQueue.poll(LinkedBlockingQueue.java:467)&#10;        at org.apache.hadoop.ipc.CallQueueManager.take(CallQueueManager.java:288)&#10;        at org.apache.hadoop.ipc.Server$Handler.run(Server.java:2668)&#10;&quot;pool-50-thread-1&quot;  prio=5 tid=212 timed_waiting&#10;java.lang.Thread.State: TIMED_WAITING&#10;        at sun.misc.Unsafe.park(Native Method)&#10;        at java.util.concurrent.locks.LockSupport.parkNanos(LockSupport.java:215)&#10;        at java.util.concurrent.locks.AbstractQueuedSynchronizer$ConditionObject.awaitNanos(AbstractQueuedSynchronizer.java:2078)&#10;        at java.util.concurrent.ScheduledThreadPoolExecutor$DelayedWorkQueue.take(ScheduledThreadPoolExecutor.java:1093)&#10;        at java.util.concurrent.ScheduledThreadPoolExecutor$DelayedWorkQueue.take(ScheduledThreadPoolExecutor.java:809)&#10;        at java.util.concurrent.ThreadPoolExecutor.getTask(ThreadPoolExecutor.java:1074)&#10;        at java.util.concurrent.ThreadPoolExecutor.runWorker(ThreadPoolExecutor.java:1134)&#10;        at java.util.concurrent.ThreadPoolExecutor$Worker.run(ThreadPoolExecutor.java:624)&#10;        at java.lang.Thread.run(Thread.java:748)&#10;&quot;pool-34-thread-1&quot; daemon prio=5 tid=183 timed_waiting&#10;java.lang.Thread.State: TIMED_WAITING&#10;        at sun.misc.Unsafe.park(Native Method)&#10;        at java.util.concurrent.locks.LockSupport.parkNanos(LockSupport.java:215)&#10;        at java.util.concurrent.locks.AbstractQueuedSynchronizer$ConditionObject.awaitNanos(AbstractQueuedSynchronizer.java:2078)&#10;        at java.util.concurrent.ScheduledThreadPoolExecutor$DelayedWorkQueue.take(ScheduledThreadPoolExecutor.java:1093)&#10;        at java.util.concurrent.ScheduledThreadPoolExecutor$DelayedWorkQueue.take(ScheduledThreadPoolExecutor.java:809)&#10;        at java.util.concurrent.ThreadPoolExecutor.getTask(ThreadPoolExecutor.java:1074)&#10;        at java.util.concurrent.ThreadPoolExecutor.runWorker(ThreadPoolExecutor.java:1134)&#10;        at java.util.concurrent.ThreadPoolExecutor$Worker.run(ThreadPoolExecutor.java:624)&#10;        at java.lang.Thread.run(Thread.java:748)&#10;&quot;pool-21-thread-1&quot;  prio=5 tid=135 timed_waiting&#10;java.lang.Thread.State: TIMED_WAITING&#10;        at sun.misc.Unsafe.park(Native Method)&#10;        at java.util.concurrent.locks.LockSupport.parkNanos(LockSupport.java:215)&#10;        at java.util.concurrent.locks.AbstractQueuedSynchronizer$ConditionObject.awaitNanos(AbstractQueuedSynchronizer.java:2078)&#10;        at java.util.concurrent.ScheduledThreadPoolExecutor$DelayedWorkQueue.take(ScheduledThreadPoolExecutor.java:1093)&#10;        at java.util.concurrent.ScheduledThreadPoolExecutor$DelayedWorkQueue.take(ScheduledThreadPoolExecutor.java:809)&#10;        at java.util.concurrent.ThreadPoolExecutor.getTask(ThreadPoolExecutor.java:1074)&#10;        at java.util.concurrent.ThreadPoolExecutor.runWorker(ThreadPoolExecutor.java:1134)&#10;        at java.util.concurrent.ThreadPoolExecutor$Worker.run(ThreadPoolExecutor.java:624)&#10;        at java.lang.Thread.run(Thread.java:748)&#10;&quot;pool-26-thread-53&quot;  prio=5 tid=342 in Object.wait()&#10;java.lang.Thread.State: WAITING (on object monitor)&#10;        at sun.misc.Unsafe.park(Native Method)&#10;        at java.util.concurrent.locks.LockSupport.park(LockSupport.java:175)&#10;        at java.util.concurrent.locks.AbstractQueuedSynchronizer$ConditionObject.await(AbstractQueuedSynchronizer.java:2039)&#10;        at java.util.concurrent.ArrayBlockingQueue.take(ArrayBlockingQueue.java:403)&#10;        at java.util.concurrent.ThreadPoolExecutor.getTask(ThreadPoolExecutor.java:1074)&#10;        at java.util.concurrent.ThreadPoolExecutor.runWorker(ThreadPoolExecutor.java:1134)&#10;        at java.util.concurrent.ThreadPoolExecutor$Worker.run(ThreadPoolExecutor.java:624)&#10;        at java.lang.Thread.run(Thread.java:748)&#10;&quot;pool-46-thread-16&quot;  prio=5 tid=368 in Object.wait()&#10;java.lang.Thread.State: WAITING (on object monitor)&#10;        at sun.misc.Unsafe.park(Native Method)&#10;        at java.util.concurrent.locks.LockSupport.park(LockSupport.java:175)&#10;        at java.util.concurrent.locks.AbstractQueuedSynchronizer$ConditionObject.await(AbstractQueuedSynchronizer.java:2039)&#10;        at java.util.concurrent.ArrayBlockingQueue.take(ArrayBlockingQueue.java:403)&#10;        at java.util.concurrent.ThreadPoolExecutor.getTask(ThreadPoolExecutor.java:1074)&#10;        at java.util.concurrent.ThreadPoolExecutor.runWorker(ThreadPoolExecutor.java:1134)&#10;        at java.util.concurrent.ThreadPoolExecutor$Worker.run(ThreadPoolExecutor.java:624)&#10;        at java.lang.Thread.run(Thread.java:748)&#10;&quot;pool-36-thread-28&quot;  prio=5 tid=283 in Object.wait()&#10;java.lang.Thread.State: WAITING (on object monitor)&#10;        at sun.misc.Unsafe.park(Native Method)&#10;        at java.util.concurrent.locks.LockSupport.park(LockSupport.java:175)&#10;        at java.util.concurrent.locks.AbstractQueuedSynchronizer$ConditionObject.await(AbstractQueuedSynchronizer.java:2039)&#10;        at java.util.concurrent.ArrayBlockingQueue.take(ArrayBlockingQueue.java:403)&#10;        at java.util.concurrent.ThreadPoolExecutor.getTask(ThreadPoolExecutor.java:1074)&#10;        at java.util.concurrent.ThreadPoolExecutor.runWorker(ThreadPoolExecutor.java:1134)&#10;        at java.util.concurrent.ThreadPoolExecutor$Worker.run(ThreadPoolExecutor.java:624)&#10;        at java.lang.Thread.run(Thread.java:748)&#10;&quot;grpc-default-executor-3&quot; daemon prio=5 tid=499 timed_waiting&#10;java.lang.Thread.State: TIMED_WAITING&#10;        at sun.misc.Unsafe.park(Native Method)&#10;        at java.util.concurrent.locks.LockSupport.parkNanos(LockSupport.java:215)&#10;        at java.util.concurrent.SynchronousQueue$TransferStack.awaitFulfill(SynchronousQueue.java:460)&#10;        at java.util.concurrent.SynchronousQueue$TransferStack.transfer(SynchronousQueue.java:362)&#10;        at java.util.concurrent.SynchronousQueue.poll(SynchronousQueue.java:941)&#10;        at java.util.concurrent.ThreadPoolExecutor.getTask(ThreadPoolExecutor.java:1073)&#10;        at java.util.concurrent.ThreadPoolExecutor.runWorker(ThreadPoolExecutor.java:1134)&#10;        at java.util.concurrent.ThreadPoolExecutor$Worker.run(ThreadPoolExecutor.java:624)&#10;        at java.lang.Thread.run(Thread.java:748)&#10;&quot;SCMBlockDeletingService#1&quot; daemon prio=5 tid=103 in Object.wait()&#10;java.lang.Thread.State: WAITING (on object monitor)&#10;        at sun.misc.Unsafe.park(Native Method)&#10;        at java.util.concurrent.locks.LockSupport.park(LockSupport.java:175)&#10;        at java.util.concurrent.locks.AbstractQueuedSynchronizer$ConditionObject.await(AbstractQueuedSynchronizer.java:2039)&#10;        at java.util.concurrent.ScheduledThreadPoolExecutor$DelayedWorkQueue.take(ScheduledThreadPoolExecutor.java:1088)&#10;        at java.util.concurrent.ScheduledThreadPoolExecutor$DelayedWorkQueue.take(ScheduledThreadPoolExecutor.java:809)&#10;        at java.util.concurrent.ThreadPoolExecutor.getTask(ThreadPoolExecutor.java:1074)&#10;        at java.util.concurrent.ThreadPoolExecutor.runWorker(ThreadPoolExecutor.java:1134)&#10;        at java.util.concurrent.ThreadPoolExecutor$Worker.run(ThreadPoolExecutor.java:624)&#10;        at java.lang.Thread.run(Thread.java:748)&#10;&quot;pool-36-thread-47&quot;  prio=5 tid=321 in Object.wait()&#10;java.lang.Thread.State: WAITING (on object monitor)&#10;        at sun.misc.Unsafe.park(Native Method)&#10;        at java.util.concurrent.locks.LockSupport.park(LockSupport.java:175)&#10;        at java.util.concurrent.locks.AbstractQueuedSynchronizer$ConditionObject.await(AbstractQueuedSynchronizer.java:2039)&#10;        at java.util.concurrent.ArrayBlockingQueue.take(ArrayBlockingQueue.java:403)&#10;        at java.util.concurrent.ThreadPoolExecutor.getTask(ThreadPoolExecutor.java:1074)&#10;        at java.util.concurrent.ThreadPoolExecutor.runWorker(ThreadPoolExecutor.java:1134)&#10;        at java.util.concurrent.ThreadPoolExecutor$Worker.run(ThreadPoolExecutor.java:624)&#10;        at java.lang.Thread.run(Thread.java:748)&#10;&quot;pool-36-thread-21&quot;  prio=5 tid=269 in Object.wait()&#10;java.lang.Thread.State: WAITING (on object monitor)&#10;        at sun.misc.Unsafe.park(Native Method)&#10;        at java.util.concurrent.locks.LockSupport.park(LockSupport.java:175)&#10;        at java.util.concurrent.locks.AbstractQueuedSynchronizer$ConditionObject.await(AbstractQueuedSynchronizer.java:2039)&#10;        at java.util.concurrent.ArrayBlockingQueue.take(ArrayBlockingQueue.java:403)&#10;        at java.util.concurrent.ThreadPoolExecutor.getTask(ThreadPoolExecutor.java:1074)&#10;        at java.util.concurrent.ThreadPoolExecutor.runWorker(ThreadPoolExecutor.java:1134)&#10;        at java.util.concurrent.ThreadPoolExecutor$Worker.run(ThreadPoolExecutor.java:624)&#10;        at java.lang.Thread.run(Thread.java:748)&#10;&quot;904f39be-c3d3-4df4-99c0-2e4526e577e3@group-146C50BE7901-StateMachineUpdater&quot; daemon prio=5 tid=565 in Object.wait()&#10;java.lang.Thread.State: WAITING (on object monitor)&#10;        at java.lang.Object.wait(Native Method)&#10;        at java.lang.Object.wait(Object.java:502)&#10;        at org.apache.ratis.server.impl.StateMachineUpdater.waitForCommit(StateMachineUpdater.java:194)&#10;        at org.apache.ratis.server.impl.StateMachineUpdater.run(StateMachineUpdater.java:159)&#10;        at java.lang.Thread.run(Thread.java:748)&#10;&quot;pool-46-thread-44&quot;  prio=5 tid=396 in Object.wait()&#10;java.lang.Thread.State: WAITING (on object monitor)&#10;        at sun.misc.Unsafe.park(Native Method)&#10;        at java.util.concurrent.locks.LockSupport.park(LockSupport.java:175)&#10;        at java.util.concurrent.locks.AbstractQueuedSynchronizer$ConditionObject.await(AbstractQueuedSynchronizer.java:2039)&#10;        at java.util.concurrent.ArrayBlockingQueue.take(ArrayBlockingQueue.java:403)&#10;        at java.util.concurrent.ThreadPoolExecutor.getTask(ThreadPoolExecutor.java:1074)&#10;        at java.util.concurrent.ThreadPoolExecutor.runWorker(ThreadPoolExecutor.java:1134)&#10;        at java.util.concurrent.ThreadPoolExecutor$Worker.run(ThreadPoolExecutor.java:624)&#10;        at java.lang.Thread.run(Thread.java:748)&#10;&quot;pool-46-thread-21&quot;  prio=5 tid=373 in Object.wait()&#10;java.lang.Thread.State: WAITING (on object monitor)&#10;        at sun.misc.Unsafe.park(Native Method)&#10;        at java.util.concurrent.locks.LockSupport.park(LockSupport.java:175)&#10;        at java.util.concurrent.locks.AbstractQueuedSynchronizer$ConditionObject.await(AbstractQueuedSynchronizer.java:2039)&#10;        at java.util.concurrent.ArrayBlockingQueue.take(ArrayBlockingQueue.java:403)&#10;        at java.util.concurrent.ThreadPoolExecutor.getTask(ThreadPoolExecutor.java:1074)&#10;        at java.util.concurrent.ThreadPoolExecutor.runWorker(ThreadPoolExecutor.java:1134)&#10;        at java.util.concurrent.ThreadPoolExecutor$Worker.run(ThreadPoolExecutor.java:624)&#10;        at java.lang.Thread.run(Thread.java:748)&#10;&quot;IPC Client (740467528) connection to /0.0.0.0:38663 from jenkins1000&quot; daemon prio=5 tid=232 timed_waiting&#10;java.lang.Thread.State: TIMED_WAITING&#10;        at java.lang.Object.wait(Native Method)&#10;        at org.apache.hadoop.ipc.Client$Connection.waitForWork(Client.java:1024)&#10;        at org.apache.hadoop.ipc.Client$Connection.run(Client.java:1068)&#10;&quot;IPC Server idle connection scanner for port 38663&quot; daemon prio=5 tid=16 timed_waiting&#10;java.lang.Thread.State: TIMED_WAITING&#10;        at java.lang.Object.wait(Native Method)&#10;        at java.util.TimerThread.mainLoop(Timer.java:552)&#10;        at java.util.TimerThread.run(Timer.java:505)&#10;&quot;Thread-1962&quot; daemon prio=5 tid=2268 timed_waiting&#10;java.lang.Thread.State: TIMED_WAITING&#10;        at java.lang.Thread.sleep(Native Method)&#10;        at org.apache.ratis.util.JavaUtils.sleep(JavaUtils.java:247)&#10;        at org.apache.ratis.server.impl.FollowerState.run(FollowerState.java:97)&#10;&quot;Command processor thread&quot; daemon prio=5 tid=229 timed_waiting&#10;java.lang.Thread.State: TIMED_WAITING&#10;        at java.lang.Thread.sleep(Native Method)&#10;        at org.apache.hadoop.ozone.container.common.statemachine.DatanodeStateMachine.lambda$initCommandHandlerThread$1(DatanodeStateMachine.java:439)&#10;        at org.apache.hadoop.ozone.container.common.statemachine.DatanodeStateMachine$$Lambda$141/1386624617.run(Unknown Source)&#10;        at java.lang.Thread.run(Thread.java:748)&#10;&quot;qtp653553574-220&quot; daemon prio=5 tid=220 timed_waiting&#10;java.lang.Thread.State: TIMED_WAITING&#10;        at sun.misc.Unsafe.park(Native Method)&#10;        at java.util.concurrent.locks.LockSupport.parkNanos(LockSupport.java:215)&#10;        at java.util.concurrent.locks.AbstractQueuedSynchronizer$ConditionObject.awaitNanos(AbstractQueuedSynchronizer.java:2078)&#10;        at org.eclipse.jetty.util.BlockingArrayQueue.poll(BlockingArrayQueue.java:392)&#10;        at org.eclipse.jetty.util.thread.QueuedThreadPool.idleJobPoll(QueuedThreadPool.java:563)&#10;        at org.eclipse.jetty.util.thread.QueuedThreadPool.access$800(QueuedThreadPool.java:48)&#10;        at org.eclipse.jetty.util.thread.QueuedThreadPool$2.run(QueuedThreadPool.java:626)&#10;        at java.lang.Thread.run(Thread.java:748)&#10;&quot;Thread-193&quot; daemon prio=5 tid=473 timed_waiting&#10;java.lang.Thread.State: TIMED_WAITING&#10;        at sun.misc.Unsafe.park(Native Method)&#10;        at java.util.concurrent.locks.LockSupport.parkNanos(LockSupport.java:215)&#10;        at java.util.concurrent.locks.AbstractQueuedSynchronizer$ConditionObject.awaitNanos(AbstractQueuedSynchronizer.java:2078)&#10;        at java.util.concurrent.ArrayBlockingQueue.poll(ArrayBlockingQueue.java:418)&#10;        at org.apache.ratis.server.impl.LeaderState$EventQueue.poll(LeaderState.java:115)&#10;        at org.apache.ratis.server.impl.LeaderState$EventProcessor.run(LeaderState.java:467)&#10;&quot;pool-26-thread-6&quot;  prio=5 tid=244 in Object.wait()&#10;java.lang.Thread.State: WAITING (on object monitor)&#10;        at sun.misc.Unsafe.park(Native Method)&#10;        at java.util.concurrent.locks.LockSupport.park(LockSupport.java:175)&#10;        at java.util.concurrent.locks.AbstractQueuedSynchronizer$ConditionObject.await(AbstractQueuedSynchronizer.java:2039)&#10;        at java.util.concurrent.ArrayBlockingQueue.take(ArrayBlockingQueue.java:403)&#10;        at java.util.concurrent.ThreadPoolExecutor.getTask(ThreadPoolExecutor.java:1074)&#10;        at java.util.concurrent.ThreadPoolExecutor.runWorker(ThreadPoolExecutor.java:1134)&#10;        at java.util.concurrent.ThreadPoolExecutor$Worker.run(ThreadPoolExecutor.java:624)&#10;        at java.lang.Thread.run(Thread.java:748)&#10;&quot;pool-26-thread-23&quot;  prio=5 tid=282 in Object.wait()&#10;java.lang.Thread.State: WAITING (on object monitor)&#10;        at sun.misc.Unsafe.park(Native Method)&#10;        at java.util.concurrent.locks.LockSupport.park(LockSupport.java:175)&#10;        at java.util.concurrent.locks.AbstractQueuedSynchronizer$ConditionObject.await(AbstractQueuedSynchronizer.java:2039)&#10;        at java.util.concurrent.ArrayBlockingQueue.take(ArrayBlockingQueue.java:403)&#10;        at java.util.concurrent.ThreadPoolExecutor.getTask(ThreadPoolExecutor.java:1074)&#10;        at java.util.concurrent.ThreadPoolExecutor.runWorker(ThreadPoolExecutor.java:1134)&#10;        at java.util.concurrent.ThreadPoolExecutor$Worker.run(ThreadPoolExecutor.java:624)&#10;        at java.lang.Thread.run(Thread.java:748)&#10;&quot;pool-46-thread-2&quot;  prio=5 tid=354 in Object.wait()&#10;java.lang.Thread.State: WAITING (on object monitor)&#10;        at sun.misc.Unsafe.park(Native Method)&#10;        at java.util.concurrent.locks.LockSupport.park(LockSupport.java:175)&#10;        at java.util.concurrent.locks.AbstractQueuedSynchronizer$ConditionObject.await(AbstractQueuedSynchronizer.java:2039)&#10;        at java.util.concurrent.ArrayBlockingQueue.take(ArrayBlockingQueue.java:403)&#10;        at java.util.concurrent.ThreadPoolExecutor.getTask(ThreadPoolExecutor.java:1074)&#10;        at java.util.concurrent.ThreadPoolExecutor.runWorker(ThreadPoolExecutor.java:1134)&#10;        at java.util.concurrent.ThreadPoolExecutor$Worker.run(ThreadPoolExecutor.java:624)&#10;        at java.lang.Thread.run(Thread.java:748)&#10;&quot;Command processor thread&quot; daemon prio=5 tid=175 timed_waiting&#10;java.lang.Thread.State: TIMED_WAITING&#10;        at java.lang.Thread.sleep(Native Method)&#10;        at org.apache.hadoop.ozone.container.common.statemachine.DatanodeStateMachine.lambda$initCommandHandlerThread$1(DatanodeStateMachine.java:439)&#10;        at org.apache.hadoop.ozone.container.common.statemachine.DatanodeStateMachine$$Lambda$141/1386624617.run(Unknown Source)&#10;        at java.lang.Thread.run(Thread.java:748)&#10;&quot;metrics-hadoop-metrics2-reporter-27-thread-1&quot; daemon prio=5 tid=571 timed_waiting&#10;java.lang.Thread.State: TIMED_WAITING&#10;        at sun.misc.Unsafe.park(Native Method)&#10;        at java.util.concurrent.locks.LockSupport.parkNanos(LockSupport.java:215)&#10;        at java.util.concurrent.locks.AbstractQueuedSynchronizer$ConditionObject.awaitNanos(AbstractQueuedSynchronizer.java:2078)&#10;        at java.util.concurrent.ScheduledThreadPoolExecutor$DelayedWorkQueue.take(ScheduledThreadPoolExecutor.java:1093)&#10;        at java.util.concurrent.ScheduledThreadPoolExecutor$DelayedWorkQueue.take(ScheduledThreadPoolExecutor.java:809)&#10;        at java.util.concurrent.ThreadPoolExecutor.getTask(ThreadPoolExecutor.java:1074)&#10;        at java.util.concurrent.ThreadPoolExecutor.runWorker(ThreadPoolExecutor.java:1134)&#10;        at java.util.concurrent.ThreadPoolExecutor$Worker.run(ThreadPoolExecutor.java:624)&#10;        at java.lang.Thread.run(Thread.java:748)&#10;&quot;metrics-hadoop-metrics2-reporter-23-thread-1&quot; daemon prio=5 tid=523 timed_waiting&#10;java.lang.Thread.State: TIMED_WAITING&#10;        at sun.misc.Unsafe.park(Native Method)&#10;        at java.util.concurrent.locks.LockSupport.parkNanos(LockSupport.java:215)&#10;        at java.util.concurrent.locks.AbstractQueuedSynchronizer$ConditionObject.awaitNanos(AbstractQueuedSynchronizer.java:2078)&#10;        at java.util.concurrent.ScheduledThreadPoolExecutor$DelayedWorkQueue.take(ScheduledThreadPoolExecutor.java:1093)&#10;        at java.util.concurrent.ScheduledThreadPoolExecutor$DelayedWorkQueue.take(ScheduledThreadPoolExecutor.java:809)&#10;        at java.util.concurrent.ThreadPoolExecutor.getTask(ThreadPoolExecutor.java:1074)&#10;        at java.util.concurrent.ThreadPoolExecutor.runWorker(ThreadPoolExecutor.java:1134)&#10;        at java.util.concurrent.ThreadPoolExecutor$Worker.run(ThreadPoolExecutor.java:624)&#10;        at java.lang.Thread.run(Thread.java:748)&#10;&quot;refreshUsed-/workdir/hadoop-ozone/integration-test/target/test-dir/MiniOzoneClusterImpl-5bbdf16d-a65b-4877-b412-d21df752c328/datanode-2/data/containers&quot; daemon prio=5 tid=208 timed_waiting&#10;java.lang.Thread.State: TIMED_WAITING&#10;        at java.lang.Thread.sleep(Native Method)&#10;        at org.apache.hadoop.fs.CachingGetSpaceUsed$RefreshThread.run(CachingGetSpaceUsed.java:179)&#10;        at java.lang.Thread.run(Thread.java:748)&#10;&quot;qtp498748934-187-acceptor-0@2c14725e-ServerConnector@38d17d80{HTTP/1.1,[http/1.1]}{0.0.0.0:36825}&quot; daemon prio=3 tid=187 runnable&#10;java.lang.Thread.State: RUNNABLE&#10;        at sun.nio.ch.ServerSocketChannelImpl.accept0(Native Method)&#10;        at sun.nio.ch.ServerSocketChannelImpl.accept(ServerSocketChannelImpl.java:422)&#10;        at sun.nio.ch.ServerSocketChannelImpl.accept(ServerSocketChannelImpl.java:250)&#10;        at org.eclipse.jetty.server.ServerConnector.accept(ServerConnector.java:397)&#10;        at org.eclipse.jetty.server.AbstractConnector$Acceptor.run(AbstractConnector.java:601)&#10;        at org.eclipse.jetty.util.thread.QueuedThreadPool.runJob(QueuedThreadPool.java:671)&#10;        at org.eclipse.jetty.util.thread.QueuedThreadPool$2.run(QueuedThreadPool.java:589)&#10;        at java.lang.Thread.run(Thread.java:748)&#10;&quot;IPC Server handler 12 on 35339&quot; daemon prio=5 tid=126 timed_waiting&#10;java.lang.Thread.State: TIMED_WAITING&#10;        at sun.misc.Unsafe.park(Native Method)&#10;        at java.util.concurrent.locks.LockSupport.parkNanos(LockSupport.java:215)&#10;        at java.util.concurrent.locks.AbstractQueuedSynchronizer$ConditionObject.awaitNanos(AbstractQueuedSynchronizer.java:2078)&#10;        at java.util.concurrent.LinkedBlockingQueue.poll(LinkedBlockingQueue.java:467)&#10;        at org.apache.hadoop.ipc.CallQueueManager.take(CallQueueManager.java:288)&#10;        at org.apache.hadoop.ipc.Server$Handler.run(Server.java:2668)&#10;&quot;pool-26-thread-25&quot;  prio=5 tid=286 in Object.wait()&#10;java.lang.Thread.State: WAITING (on object monitor)&#10;        at sun.misc.Unsafe.park(Native Method)&#10;        at java.util.concurrent.locks.LockSupport.park(LockSupport.java:175)&#10;        at java.util.concurrent.locks.AbstractQueuedSynchronizer$ConditionObject.await(AbstractQueuedSynchronizer.java:2039)&#10;        at java.util.concurrent.ArrayBlockingQueue.take(ArrayBlockingQueue.java:403)&#10;        at java.util.concurrent.ThreadPoolExecutor.getTask(ThreadPoolExecutor.java:1074)&#10;        at java.util.concurrent.ThreadPoolExecutor.runWorker(ThreadPoolExecutor.java:1134)&#10;        at java.util.concurrent.ThreadPoolExecutor$Worker.run(ThreadPoolExecutor.java:624)&#10;        at java.lang.Thread.run(Thread.java:748)&#10;&quot;pool-36-thread-26&quot;  prio=5 tid=279 in Object.wait()&#10;java.lang.Thread.State: WAITING (on object monitor)&#10;        at sun.misc.Unsafe.park(Native Method)&#10;        at java.util.concurrent.locks.LockSupport.park(LockSupport.java:175)&#10;        at java.util.concurrent.locks.AbstractQueuedSynchronizer$ConditionObject.await(AbstractQueuedSynchronizer.java:2039)&#10;        at java.util.concurrent.ArrayBlockingQueue.take(ArrayBlockingQueue.java:403)&#10;        at java.util.concurrent.ThreadPoolExecutor.getTask(ThreadPoolExecutor.java:1074)&#10;        at java.util.concurrent.ThreadPoolExecutor.runWorker(ThreadPoolExecutor.java:1134)&#10;        at java.util.concurrent.ThreadPoolExecutor$Worker.run(ThreadPoolExecutor.java:624)&#10;        at java.lang.Thread.run(Thread.java:748)&#10;&quot;qtp653553574-217&quot; daemon prio=5 tid=217 timed_waiting&#10;java.lang.Thread.State: TIMED_WAITING&#10;        at sun.misc.Unsafe.park(Native Method)&#10;        at java.util.concurrent.locks.LockSupport.parkNanos(LockSupport.java:215)&#10;        at java.util.concurrent.locks.AbstractQueuedSynchronizer$ConditionObject.awaitNanos(AbstractQueuedSynchronizer.java:2078)&#10;        at org.eclipse.jetty.util.BlockingArrayQueue.poll(BlockingArrayQueue.java:392)&#10;        at org.eclipse.jetty.util.thread.QueuedThreadPool.idleJobPoll(QueuedThreadPool.java:563)&#10;        at org.eclipse.jetty.util.thread.QueuedThreadPool.access$800(QueuedThreadPool.java:48)&#10;        at org.eclipse.jetty.util.thread.QueuedThreadPool$2.run(QueuedThreadPool.java:626)&#10;        at java.lang.Thread.run(Thread.java:748)&#10;&quot;pool-46-thread-14&quot;  prio=5 tid=366 in Object.wait()&#10;java.lang.Thread.State: WAITING (on object monitor)&#10;        at sun.misc.Unsafe.park(Native Method)&#10;        at java.util.concurrent.locks.LockSupport.park(LockSupport.java:175)&#10;        at java.util.concurrent.locks.AbstractQueuedSynchronizer$ConditionObject.await(AbstractQueuedSynchronizer.java:2039)&#10;        at java.util.concurrent.ArrayBlockingQueue.take(ArrayBlockingQueue.java:403)&#10;        at java.util.concurrent.ThreadPoolExecutor.getTask(ThreadPoolExecutor.java:1074)&#10;        at java.util.concurrent.ThreadPoolExecutor.runWorker(ThreadPoolExecutor.java:1134)&#10;        at java.util.concurrent.ThreadPoolExecutor$Worker.run(ThreadPoolExecutor.java:624)&#10;        at java.lang.Thread.run(Thread.java:748)&#10;&quot;metrics-hadoop-metrics2-reporter-16-thread-1&quot; daemon prio=5 tid=480 timed_waiting&#10;java.lang.Thread.State: TIMED_WAITING&#10;        at sun.misc.Unsafe.park(Native Method)&#10;        at java.util.concurrent.locks.LockSupport.parkNanos(LockSupport.java:215)&#10;        at java.util.concurrent.locks.AbstractQueuedSynchronizer$ConditionObject.awaitNanos(AbstractQueuedSynchronizer.java:2078)&#10;        at java.util.concurrent.ScheduledThreadPoolExecutor$DelayedWorkQueue.take(ScheduledThreadPoolExecutor.java:1093)&#10;        at java.util.concurrent.ScheduledThreadPoolExecutor$DelayedWorkQueue.take(ScheduledThreadPoolExecutor.java:809)&#10;        at java.util.concurrent.ThreadPoolExecutor.getTask(ThreadPoolExecutor.java:1074)&#10;        at java.util.concurrent.ThreadPoolExecutor.runWorker(ThreadPoolExecutor.java:1134)&#10;        at java.util.concurrent.ThreadPoolExecutor$Worker.run(ThreadPoolExecutor.java:624)&#10;        at java.lang.Thread.run(Thread.java:748)&#10;&quot;pool-46-thread-55&quot;  prio=5 tid=407 in Object.wait()&#10;java.lang.Thread.State: WAITING (on object monitor)&#10;        at sun.misc.Unsafe.park(Native Method)&#10;        at java.util.concurrent.locks.LockSupport.park(LockSupport.java:175)&#10;        at java.util.concurrent.locks.AbstractQueuedSynchronizer$ConditionObject.await(AbstractQueuedSynchronizer.java:2039)&#10;        at java.util.concurrent.ArrayBlockingQueue.take(ArrayBlockingQueue.java:403)&#10;        at java.util.concurrent.ThreadPoolExecutor.getTask(ThreadPoolExecutor.java:1074)&#10;        at java.util.concurrent.ThreadPoolExecutor.runWorker(ThreadPoolExecutor.java:1134)&#10;        at java.util.concurrent.ThreadPoolExecutor$Worker.run(ThreadPoolExecutor.java:624)&#10;        at java.lang.Thread.run(Thread.java:748)&#10;&quot;qtp245298614-166&quot; daemon prio=5 tid=166 timed_waiting&#10;java.lang.Thread.State: TIMED_WAITING&#10;        at sun.misc.Unsafe.park(Native Method)&#10;        at java.util.concurrent.locks.LockSupport.parkNanos(LockSupport.java:215)&#10;        at java.util.concurrent.locks.AbstractQueuedSynchronizer$ConditionObject.awaitNanos(AbstractQueuedSynchronizer.java:2078)&#10;        at org.eclipse.jetty.util.BlockingArrayQueue.poll(BlockingArrayQueue.java:392)&#10;        at org.eclipse.jetty.util.thread.QueuedThreadPool.idleJobPoll(QueuedThreadPool.java:563)&#10;        at org.eclipse.jetty.util.thread.QueuedThreadPool.access$800(QueuedThreadPool.java:48)&#10;        at org.eclipse.jetty.util.thread.QueuedThreadPool$2.run(QueuedThreadPool.java:626)&#10;        at java.lang.Thread.run(Thread.java:748)&#10;&quot;pool-36-thread-30&quot;  prio=5 tid=287 in Object.wait()&#10;java.lang.Thread.State: WAITING (on object monitor)&#10;        at sun.misc.Unsafe.park(Native Method)&#10;        at java.util.concurrent.locks.LockSupport.park(LockSupport.java:175)&#10;        at java.util.concurrent.locks.AbstractQueuedSynchronizer$ConditionObject.await(AbstractQueuedSynchronizer.java:2039)&#10;        at java.util.concurrent.ArrayBlockingQueue.take(ArrayBlockingQueue.java:403)&#10;        at java.util.concurrent.ThreadPoolExecutor.getTask(ThreadPoolExecutor.java:1074)&#10;        at java.util.concurrent.ThreadPoolExecutor.runWorker(ThreadPoolExecutor.java:1134)&#10;        at java.util.concurrent.ThreadPoolExecutor$Worker.run(ThreadPoolExecutor.java:624)&#10;        at java.lang.Thread.run(Thread.java:748)&#10;&quot;pool-36-thread-53&quot;  prio=5 tid=333 in Object.wait()&#10;java.lang.Thread.State: WAITING (on object monitor)&#10;        at sun.misc.Unsafe.park(Native Method)&#10;        at java.util.concurrent.locks.LockSupport.park(LockSupport.java:175)&#10;        at java.util.concurrent.locks.AbstractQueuedSynchronizer$ConditionObject.await(AbstractQueuedSynchronizer.java:2039)&#10;        at java.util.concurrent.ArrayBlockingQueue.take(ArrayBlockingQueue.java:403)&#10;        at java.util.concurrent.ThreadPoolExecutor.getTask(ThreadPoolExecutor.java:1074)&#10;        at java.util.concurrent.ThreadPoolExecutor.runWorker(ThreadPoolExecutor.java:1134)&#10;        at java.util.concurrent.ThreadPoolExecutor$Worker.run(ThreadPoolExecutor.java:624)&#10;        at java.lang.Thread.run(Thread.java:748)&#10;&quot;qtp653553574-213&quot; daemon prio=5 tid=213 runnable&#10;java.lang.Thread.State: RUNNABLE&#10;        at sun.nio.ch.EPollArrayWrapper.epollWait(Native Method)&#10;        at sun.nio.ch.EPollArrayWrapper.poll(EPollArrayWrapper.java:269)&#10;        at sun.nio.ch.EPollSelectorImpl.doSelect(EPollSelectorImpl.java:93)&#10;        at sun.nio.ch.SelectorImpl.lockAndDoSelect(SelectorImpl.java:86)&#10;        at sun.nio.ch.SelectorImpl.select(SelectorImpl.java:97)&#10;        at sun.nio.ch.SelectorImpl.select(SelectorImpl.java:101)&#10;        at org.eclipse.jetty.io.ManagedSelector$SelectorProducer.select(ManagedSelector.java:243)&#10;        at org.eclipse.jetty.io.ManagedSelector$SelectorProducer.produce(ManagedSelector.java:191)&#10;        at org.eclipse.jetty.util.thread.strategy.ExecuteProduceConsume.executeProduceConsume(ExecuteProduceConsume.java:249)&#10;        at org.eclipse.jetty.util.thread.strategy.ExecuteProduceConsume.produceConsume(ExecuteProduceConsume.java:148)&#10;        at org.eclipse.jetty.util.thread.strategy.ExecuteProduceConsume.execute(ExecuteProduceConsume.java:100)&#10;        at org.eclipse.jetty.io.ManagedSelector.run(ManagedSelector.java:147)&#10;        at org.eclipse.jetty.util.thread.QueuedThreadPool.runJob(QueuedThreadPool.java:671)&#10;        at org.eclipse.jetty.util.thread.QueuedThreadPool$2.run(QueuedThreadPool.java:589)&#10;        at java.lang.Thread.run(Thread.java:748)&#10;&quot;IPC Server handler 15 on 38663&quot; daemon prio=5 tid=84 timed_waiting&#10;java.lang.Thread.State: TIMED_WAITING&#10;        at sun.misc.Unsafe.park(Native Method)&#10;        at java.util.concurrent.locks.LockSupport.parkNanos(LockSupport.java:215)&#10;        at java.util.concurrent.locks.AbstractQueuedSynchronizer$ConditionObject.awaitNanos(AbstractQueuedSynchronizer.java:2078)&#10;        at java.util.concurrent.LinkedBlockingQueue.poll(LinkedBlockingQueue.java:467)&#10;        at org.apache.hadoop.ipc.CallQueueManager.take(CallQueueManager.java:288)&#10;        at org.apache.hadoop.ipc.Server$Handler.run(Server.java:2668)&#10;&quot;IPC Server handler 12 on 45958&quot; daemon prio=5 tid=41 timed_waiting&#10;java.lang.Thread.State: TIMED_WAITING&#10;        at sun.misc.Unsafe.park(Native Method)&#10;        at java.util.concurrent.locks.LockSupport.parkNanos(LockSupport.java:215)&#10;        at java.util.concurrent.locks.AbstractQueuedSynchronizer$ConditionObject.awaitNanos(AbstractQueuedSynchronizer.java:2078)&#10;        at java.util.concurrent.LinkedBlockingQueue.poll(LinkedBlockingQueue.java:467)&#10;        at org.apache.hadoop.ipc.CallQueueManager.take(CallQueueManager.java:288)&#10;        at org.apache.hadoop.ipc.Server$Handler.run(Server.java:2668)&#10;&quot;pool-46-thread-53&quot;  prio=5 tid=405 in Object.wait()&#10;java.lang.Thread.State: WAITING (on object monitor)&#10;        at sun.misc.Unsafe.park(Native Method)&#10;        at java.util.concurrent.locks.LockSupport.park(LockSupport.java:175)&#10;        at java.util.concurrent.locks.AbstractQueuedSynchronizer$ConditionObject.await(AbstractQueuedSynchronizer.java:2039)&#10;        at java.util.concurrent.ArrayBlockingQueue.take(ArrayBlockingQueue.java:403)&#10;        at java.util.concurrent.ThreadPoolExecutor.getTask(ThreadPoolExecutor.java:1074)&#10;        at java.util.concurrent.ThreadPoolExecutor.runWorker(ThreadPoolExecutor.java:1134)&#10;        at java.util.concurrent.ThreadPoolExecutor$Worker.run(ThreadPoolExecutor.java:624)&#10;        at java.lang.Thread.run(Thread.java:748)&#10;&quot;Thread-191&quot; daemon prio=5 tid=470 timed_waiting&#10;java.lang.Thread.State: TIMED_WAITING&#10;        at sun.misc.Unsafe.park(Native Method)&#10;        at java.util.concurrent.locks.LockSupport.parkNanos(LockSupport.java:215)&#10;        at java.util.concurrent.locks.AbstractQueuedSynchronizer$ConditionObject.awaitNanos(AbstractQueuedSynchronizer.java:2078)&#10;        at java.util.concurrent.ArrayBlockingQueue.poll(ArrayBlockingQueue.java:418)&#10;        at org.apache.ratis.server.impl.LeaderState$EventQueue.poll(LeaderState.java:115)&#10;        at org.apache.ratis.server.impl.LeaderState$EventProcessor.run(LeaderState.java:467)&#10;&quot;metrics-hadoop-metrics2-reporter-11-thread-1&quot; daemon prio=5 tid=461 timed_waiting&#10;java.lang.Thread.State: TIMED_WAITING&#10;        at sun.misc.Unsafe.park(Native Method)&#10;        at java.util.concurrent.locks.LockSupport.parkNanos(LockSupport.java:215)&#10;        at java.util.concurrent.locks.AbstractQueuedSynchronizer$ConditionObject.awaitNanos(AbstractQueuedSynchronizer.java:2078)&#10;        at java.util.concurrent.ScheduledThreadPoolExecutor$DelayedWorkQueue.take(ScheduledThreadPoolExecutor.java:1093)&#10;        at java.util.concurrent.ScheduledThreadPoolExecutor$DelayedWorkQueue.take(ScheduledThreadPoolExecutor.java:809)&#10;        at java.util.concurrent.ThreadPoolExecutor.getTask(ThreadPoolExecutor.java:1074)&#10;        at java.util.concurrent.ThreadPoolExecutor.runWorker(ThreadPoolExecutor.java:1134)&#10;        at java.util.concurrent.ThreadPoolExecutor$Worker.run(ThreadPoolExecutor.java:624)&#10;        at java.lang.Thread.run(Thread.java:748)&#10;&quot;pool-36-thread-29&quot;  prio=5 tid=285 in Object.wait()&#10;java.lang.Thread.State: WAITING (on object monitor)&#10;        at sun.misc.Unsafe.park(Native Method)&#10;        at java.util.concurrent.locks.LockSupport.park(LockSupport.java:175)&#10;        at java.util.concurrent.locks.AbstractQueuedSynchronizer$ConditionObject.await(AbstractQueuedSynchronizer.java:2039)&#10;        at java.util.concurrent.ArrayBlockingQueue.take(ArrayBlockingQueue.java:403)&#10;        at java.util.concurrent.ThreadPoolExecutor.getTask(ThreadPoolExecutor.java:1074)&#10;        at java.util.concurrent.ThreadPoolExecutor.runWorker(ThreadPoolExecutor.java:1134)&#10;        at java.util.concurrent.ThreadPoolExecutor$Worker.run(ThreadPoolExecutor.java:624)&#10;        at java.lang.Thread.run(Thread.java:748)&#10;&quot;pool-46-thread-13&quot;  prio=5 tid=365 in Object.wait()&#10;java.lang.Thread.State: WAITING (on object monitor)&#10;        at sun.misc.Unsafe.park(Native Method)&#10;        at java.util.concurrent.locks.LockSupport.park(LockSupport.java:175)&#10;        at java.util.concurrent.locks.AbstractQueuedSynchronizer$ConditionObject.await(AbstractQueuedSynchronizer.java:2039)&#10;        at java.util.concurrent.ArrayBlockingQueue.take(ArrayBlockingQueue.java:403)&#10;        at java.util.concurrent.ThreadPoolExecutor.getTask(ThreadPoolExecutor.java:1074)&#10;        at java.util.concurrent.ThreadPoolExecutor.runWorker(ThreadPoolExecutor.java:1134)&#10;        at java.util.concurrent.ThreadPoolExecutor$Worker.run(ThreadPoolExecutor.java:624)&#10;        at java.lang.Thread.run(Thread.java:748)&#10;&quot;pool-36-thread-19&quot;  prio=5 tid=266 in Object.wait()&#10;java.lang.Thread.State: WAITING (on object monitor)&#10;        at sun.misc.Unsafe.park(Native Method)&#10;        at java.util.concurrent.locks.LockSupport.park(LockSupport.java:175)&#10;        at java.util.concurrent.locks.AbstractQueuedSynchronizer$ConditionObject.await(AbstractQueuedSynchronizer.java:2039)&#10;        at java.util.concurrent.ArrayBlockingQueue.take(ArrayBlockingQueue.java:403)&#10;        at java.util.concurrent.ThreadPoolExecutor.getTask(ThreadPoolExecutor.java:1074)&#10;        at java.util.concurrent.ThreadPoolExecutor.runWorker(ThreadPoolExecutor.java:1134)&#10;        at java.util.concurrent.ThreadPoolExecutor$Worker.run(ThreadPoolExecutor.java:624)&#10;        at java.lang.Thread.run(Thread.java:748)&#10;&quot;grpc-default-worker-ELG-3-3&quot; daemon prio=5 tid=432 runnable&#10;java.lang.Thread.State: RUNNABLE&#10;        at sun.nio.ch.EPollArrayWrapper.epollWait(Native Method)&#10;        at sun.nio.ch.EPollArrayWrapper.poll(EPollArrayWrapper.java:269)&#10;        at sun.nio.ch.EPollSelectorImpl.doSelect(EPollSelectorImpl.java:93)&#10;        at sun.nio.ch.SelectorImpl.lockAndDoSelect(SelectorImpl.java:86)&#10;        at sun.nio.ch.SelectorImpl.select(SelectorImpl.java:97)&#10;        at org.apache.ratis.thirdparty.io.netty.channel.nio.SelectedSelectionKeySetSelector.select(SelectedSelectionKeySetSelector.java:62)&#10;        at org.apache.ratis.thirdparty.io.netty.channel.nio.NioEventLoop.select(NioEventLoop.java:753)&#10;        at org.apache.ratis.thirdparty.io.netty.channel.nio.NioEventLoop.run(NioEventLoop.java:408)&#10;        at org.apache.ratis.thirdparty.io.netty.util.concurrent.SingleThreadEventExecutor$5.run(SingleThreadEventExecutor.java:897)&#10;        at org.apache.ratis.thirdparty.io.netty.util.concurrent.FastThreadLocalRunnable.run(FastThreadLocalRunnable.java:30)&#10;        at java.lang.Thread.run(Thread.java:748)&#10;&quot;org.apache.hadoop.util.JvmPauseMonitor$Monitor@2ad43364&quot; daemon prio=5 tid=178 timed_waiting&#10;java.lang.Thread.State: TIMED_WAITING&#10;        at java.lang.Thread.sleep(Native Method)&#10;        at org.apache.hadoop.util.JvmPauseMonitor$Monitor.run(JvmPauseMonitor.java:192)&#10;        at java.lang.Thread.run(Thread.java:748)&#10;&quot;qtp573136580-95&quot; daemon prio=5 tid=95 timed_waiting&#10;java.lang.Thread.State: TIMED_WAITING&#10;        at sun.misc.Unsafe.park(Native Method)&#10;        at java.util.concurrent.locks.LockSupport.parkNanos(LockSupport.java:215)&#10;        at java.util.concurrent.locks.AbstractQueuedSynchronizer$ConditionObject.awaitNanos(AbstractQueuedSynchronizer.java:2078)&#10;        at org.eclipse.jetty.util.BlockingArrayQueue.poll(BlockingArrayQueue.java:392)&#10;        at org.eclipse.jetty.util.thread.QueuedThreadPool.idleJobPoll(QueuedThreadPool.java:563)&#10;        at org.eclipse.jetty.util.thread.QueuedThreadPool.access$800(QueuedThreadPool.java:48)&#10;        at org.eclipse.jetty.util.thread.QueuedThreadPool$2.run(QueuedThreadPool.java:626)&#10;        at java.lang.Thread.run(Thread.java:748)&#10;&quot;Thread-1961&quot; daemon prio=5 tid=2267 timed_waiting&#10;java.lang.Thread.State: TIMED_WAITING&#10;        at java.lang.Thread.sleep(Native Method)&#10;        at org.apache.ratis.util.JavaUtils.sleep(JavaUtils.java:247)&#10;        at org.apache.ratis.server.impl.FollowerState.run(FollowerState.java:97)&#10;&quot;52743044-8979-4a08-8013-92a14c548982@group-146C50BE7901-SegmentedRaftLogWorker&quot;  prio=5 tid=566 timed_waiting&#10;java.lang.Thread.State: TIMED_WAITING&#10;        at sun.misc.Unsafe.park(Native Method)&#10;        at java.util.concurrent.locks.LockSupport.parkNanos(LockSupport.java:215)&#10;        at java.util.concurrent.locks.AbstractQueuedSynchronizer$ConditionObject.awaitNanos(AbstractQueuedSynchronizer.java:2078)&#10;        at org.apache.ratis.util.DataBlockingQueue.poll(DataBlockingQueue.java:137)&#10;        at org.apache.ratis.server.raftlog.segmented.SegmentedRaftLogWorker.run(SegmentedRaftLogWorker.java:282)&#10;        at java.lang.Thread.run(Thread.java:748)&#10;&quot;IPC Server handler 1 on 38663&quot; daemon prio=5 tid=70 timed_waiting&#10;java.lang.Thread.State: TIMED_WAITING&#10;        at sun.misc.Unsafe.park(Native Method)&#10;        at java.util.concurrent.locks.LockSupport.parkNanos(LockSupport.java:215)&#10;        at java.util.concurrent.locks.AbstractQueuedSynchronizer$ConditionObject.awaitNanos(AbstractQueuedSynchronizer.java:2078)&#10;        at java.util.concurrent.LinkedBlockingQueue.poll(LinkedBlockingQueue.java:467)&#10;        at org.apache.hadoop.ipc.CallQueueManager.take(CallQueueManager.java:288)&#10;        at org.apache.hadoop.ipc.Server$Handler.run(Server.java:2668)&#10;&quot;pool-46-thread-46&quot;  prio=5 tid=398 in Object.wait()&#10;java.lang.Thread.State: WAITING (on object monitor)&#10;        at sun.misc.Unsafe.park(Native Method)&#10;        at java.util.concurrent.locks.LockSupport.park(LockSupport.java:175)&#10;        at java.util.concurrent.locks.AbstractQueuedSynchronizer$ConditionObject.await(AbstractQueuedSynchronizer.java:2039)&#10;        at java.util.concurrent.ArrayBlockingQueue.take(ArrayBlockingQueue.java:403)&#10;        at java.util.concurrent.ThreadPoolExecutor.getTask(ThreadPoolExecutor.java:1074)&#10;        at java.util.concurrent.ThreadPoolExecutor.runWorker(ThreadPoolExecutor.java:1134)&#10;        at java.util.concurrent.ThreadPoolExecutor$Worker.run(ThreadPoolExecutor.java:624)&#10;        at java.lang.Thread.run(Thread.java:748)&#10;&quot;pool-36-thread-35&quot;  prio=5 tid=297 in Object.wait()&#10;java.lang.Thread.State: WAITING (on object monitor)&#10;        at sun.misc.Unsafe.park(Native Method)&#10;        at java.util.concurrent.locks.LockSupport.park(LockSupport.java:175)&#10;        at java.util.concurrent.locks.AbstractQueuedSynchronizer$ConditionObject.await(AbstractQueuedSynchronizer.java:2039)&#10;        at java.util.concurrent.ArrayBlockingQueue.take(ArrayBlockingQueue.java:403)&#10;        at java.util.concurrent.ThreadPoolExecutor.getTask(ThreadPoolExecutor.java:1074)&#10;        at java.util.concurrent.ThreadPoolExecutor.runWorker(ThreadPoolExecutor.java:1134)&#10;        at java.util.concurrent.ThreadPoolExecutor$Worker.run(ThreadPoolExecutor.java:624)&#10;        at java.lang.Thread.run(Thread.java:748)&#10;&quot;BlockDeletingService#1&quot; daemon prio=5 tid=419 in Object.wait()&#10;java.lang.Thread.State: WAITING (on object monitor)&#10;        at sun.misc.Unsafe.park(Native Method)&#10;        at java.util.concurrent.locks.LockSupport.park(LockSupport.java:175)&#10;        at java.util.concurrent.locks.AbstractQueuedSynchronizer$ConditionObject.await(AbstractQueuedSynchronizer.java:2039)&#10;        at java.util.concurrent.ScheduledThreadPoolExecutor$DelayedWorkQueue.take(ScheduledThreadPoolExecutor.java:1088)&#10;        at java.util.concurrent.ScheduledThreadPoolExecutor$DelayedWorkQueue.take(ScheduledThreadPoolExecutor.java:809)&#10;        at java.util.concurrent.ThreadPoolExecutor.getTask(ThreadPoolExecutor.java:1074)&#10;        at java.util.concurrent.ThreadPoolExecutor.runWorker(ThreadPoolExecutor.java:1134)&#10;        at java.util.concurrent.ThreadPoolExecutor$Worker.run(ThreadPoolExecutor.java:624)&#10;        at java.lang.Thread.run(Thread.java:748)&#10;&quot;Reference Handler&quot; daemon prio=10 tid=2 in Object.wait()&#10;java.lang.Thread.State: WAITING (on object monitor)&#10;        at java.lang.Object.wait(Native Method)&#10;        at java.lang.Object.wait(Object.java:502)&#10;        at java.lang.ref.Reference.tryHandlePending(Reference.java:191)&#10;        at java.lang.ref.Reference$ReferenceHandler.run(Reference.java:153)&#10;&quot;pool-36-thread-14&quot;  prio=5 tid=258 in Object.wait()&#10;java.lang.Thread.State: WAITING (on object monitor)&#10;        at sun.misc.Unsafe.park(Native Method)&#10;        at java.util.concurrent.locks.LockSupport.park(LockSupport.java:175)&#10;        at java.util.concurrent.locks.AbstractQueuedSynchronizer$ConditionObject.await(AbstractQueuedSynchronizer.java:2039)&#10;        at java.util.concurrent.ArrayBlockingQueue.take(ArrayBlockingQueue.java:403)&#10;        at java.util.concurrent.ThreadPoolExecutor.getTask(ThreadPoolExecutor.java:1074)&#10;        at java.util.concurrent.ThreadPoolExecutor.runWorker(ThreadPoolExecutor.java:1134)&#10;        at java.util.concurrent.ThreadPoolExecutor$Worker.run(ThreadPoolExecutor.java:624)&#10;        at java.lang.Thread.run(Thread.java:748)&#10;&quot;IPC Server handler 3 on 46440&quot; daemon prio=5 tid=52 timed_waiting&#10;java.lang.Thread.State: TIMED_WAITING&#10;        at sun.misc.Unsafe.park(Native Method)&#10;        at java.util.concurrent.locks.LockSupport.parkNanos(LockSupport.java:215)&#10;        at java.util.concurrent.locks.AbstractQueuedSynchronizer$ConditionObject.awaitNanos(AbstractQueuedSynchronizer.java:2078)&#10;        at java.util.concurrent.LinkedBlockingQueue.poll(LinkedBlockingQueue.java:467)&#10;        at org.apache.hadoop.ipc.CallQueueManager.take(CallQueueManager.java:288)&#10;        at org.apache.hadoop.ipc.Server$Handler.run(Server.java:2668)&#10;&quot;org.eclipse.jetty.server.session.HashSessionManager@4b790d86Timer&quot; daemon prio=5 tid=167 timed_waiting&#10;java.lang.Thread.State: TIMED_WAITING&#10;        at sun.misc.Unsafe.park(Native Method)&#10;        at java.util.concurrent.locks.LockSupport.parkNanos(LockSupport.java:215)&#10;        at java.util.concurrent.locks.AbstractQueuedSynchronizer$ConditionObject.awaitNanos(AbstractQueuedSynchronizer.java:2078)&#10;        at java.util.concurrent.ScheduledThreadPoolExecutor$DelayedWorkQueue.take(ScheduledThreadPoolExecutor.java:1093)&#10;        at java.util.concurrent.ScheduledThreadPoolExecutor$DelayedWorkQueue.take(ScheduledThreadPoolExecutor.java:809)&#10;        at java.util.concurrent.ThreadPoolExecutor.getTask(ThreadPoolExecutor.java:1074)&#10;        at java.util.concurrent.ThreadPoolExecutor.runWorker(ThreadPoolExecutor.java:1134)&#10;        at java.util.concurrent.ThreadPoolExecutor$Worker.run(ThreadPoolExecutor.java:624)&#10;        at java.lang.Thread.run(Thread.java:748)&#10;&quot;qtp2095970915-138&quot; daemon prio=5 tid=138 timed_waiting&#10;java.lang.Thread.State: TIMED_WAITING&#10;        at sun.misc.Unsafe.park(Native Method)&#10;        at java.util.concurrent.locks.LockSupport.parkNanos(LockSupport.java:215)&#10;        at java.util.concurrent.locks.AbstractQueuedSynchronizer$ConditionObject.awaitNanos(AbstractQueuedSynchronizer.java:2078)&#10;        at org.eclipse.jetty.util.BlockingArrayQueue.poll(BlockingArrayQueue.java:392)&#10;        at org.eclipse.jetty.util.thread.QueuedThreadPool.idleJobPoll(QueuedThreadPool.java:563)&#10;        at org.eclipse.jetty.util.thread.QueuedThreadPool.access$800(QueuedThreadPool.java:48)&#10;        at org.eclipse.jetty.util.thread.QueuedThreadPool$2.run(QueuedThreadPool.java:626)&#10;        at java.lang.Thread.run(Thread.java:748)&#10;&quot;pool-46-thread-49&quot;  prio=5 tid=401 in Object.wait()&#10;java.lang.Thread.State: WAITING (on object monitor)&#10;        at sun.misc.Unsafe.park(Native Method)&#10;        at java.util.concurrent.locks.LockSupport.park(LockSupport.java:175)&#10;        at java.util.concurrent.locks.AbstractQueuedSynchronizer$ConditionObject.await(AbstractQueuedSynchronizer.java:2039)&#10;        at java.util.concurrent.ArrayBlockingQueue.take(ArrayBlockingQueue.java:403)&#10;        at java.util.concurrent.ThreadPoolExecutor.getTask(ThreadPoolExecutor.java:1074)&#10;        at java.util.concurrent.ThreadPoolExecutor.runWorker(ThreadPoolExecutor.java:1134)&#10;        at java.util.concurrent.ThreadPoolExecutor$Worker.run(ThreadPoolExecutor.java:624)&#10;        at java.lang.Thread.run(Thread.java:748)&#10;&quot;java.util.concurrent.ThreadPoolExecutor$Worker@414e038a[State = -1, empty queue]&quot; daemon prio=5 tid=526 timed_waiting&#10;java.lang.Thread.State: TIMED_WAITING&#10;        at sun.misc.Unsafe.park(Native Method)&#10;        at java.util.concurrent.locks.LockSupport.parkNanos(LockSupport.java:215)&#10;        at java.util.concurrent.locks.AbstractQueuedSynchronizer$ConditionObject.awaitNanos(AbstractQueuedSynchronizer.java:2078)&#10;        at java.util.concurrent.ScheduledThreadPoolExecutor$DelayedWorkQueue.take(ScheduledThreadPoolExecutor.java:1093)&#10;        at java.util.concurrent.ScheduledThreadPoolExecutor$DelayedWorkQueue.take(ScheduledThreadPoolExecutor.java:809)&#10;        at java.util.concurrent.ThreadPoolExecutor.getTask(ThreadPoolExecutor.java:1074)&#10;        at java.util.concurrent.ThreadPoolExecutor.runWorker(ThreadPoolExecutor.java:1134)&#10;        at java.util.concurrent.ThreadPoolExecutor$Worker.run(ThreadPoolExecutor.java:624)&#10;        at java.lang.Thread.run(Thread.java:748)&#10;&quot;BlockDeletingService#0&quot; daemon prio=5 tid=414 timed_waiting&#10;java.lang.Thread.State: TIMED_WAITING&#10;        at sun.misc.Unsafe.park(Native Method)&#10;        at java.util.concurrent.locks.LockSupport.parkNanos(LockSupport.java:215)&#10;        at java.util.concurrent.locks.AbstractQueuedSynchronizer$ConditionObject.awaitNanos(AbstractQueuedSynchronizer.java:2078)&#10;        at java.util.concurrent.ScheduledThreadPoolExecutor$DelayedWorkQueue.take(ScheduledThreadPoolExecutor.java:1093)&#10;        at java.util.concurrent.ScheduledThreadPoolExecutor$DelayedWorkQueue.take(ScheduledThreadPoolExecutor.java:809)&#10;        at java.util.concurrent.ThreadPoolExecutor.getTask(ThreadPoolExecutor.java:1074)&#10;        at java.util.concurrent.ThreadPoolExecutor.runWorker(ThreadPoolExecutor.java:1134)&#10;        at java.util.concurrent.ThreadPoolExecutor$Worker.run(ThreadPoolExecutor.java:624)&#10;        at java.lang.Thread.run(Thread.java:748)&#10;&quot;pool-36-thread-50&quot;  prio=5 tid=327 in Object.wait()&#10;java.lang.Thread.State: WAITING (on object monitor)&#10;        at sun.misc.Unsafe.park(Native Method)&#10;        at java.util.concurrent.locks.LockSupport.park(LockSupport.java:175)&#10;        at java.util.concurrent.locks.AbstractQueuedSynchronizer$ConditionObject.await(AbstractQueuedSynchronizer.java:2039)&#10;        at java.util.concurrent.ArrayBlockingQueue.take(ArrayBlockingQueue.java:403)&#10;        at java.util.concurrent.ThreadPoolExecutor.getTask(ThreadPoolExecutor.java:1074)&#10;        at java.util.concurrent.ThreadPoolExecutor.runWorker(ThreadPoolExecutor.java:1134)&#10;        at java.util.concurrent.ThreadPoolExecutor$Worker.run(ThreadPoolExecutor.java:624)&#10;        at java.lang.Thread.run(Thread.java:748)&#10;&quot;qtp653553574-218&quot; daemon prio=5 tid=218 timed_waiting&#10;java.lang.Thread.State: TIMED_WAITING&#10;        at sun.misc.Unsafe.park(Native Method)&#10;        at java.util.concurrent.locks.LockSupport.parkNanos(LockSupport.java:215)&#10;        at java.util.concurrent.locks.AbstractQueuedSynchronizer$ConditionObject.awaitNanos(AbstractQueuedSynchronizer.java:2078)&#10;        at org.eclipse.jetty.util.BlockingArrayQueue.poll(BlockingArrayQueue.java:392)&#10;        at org.eclipse.jetty.util.thread.QueuedThreadPool.idleJobPoll(QueuedThreadPool.java:563)&#10;        at org.eclipse.jetty.util.thread.QueuedThreadPool.access$800(QueuedThreadPool.java:48)&#10;        at org.eclipse.jetty.util.thread.QueuedThreadPool$2.run(QueuedThreadPool.java:626)&#10;        at java.lang.Thread.run(Thread.java:748)&#10;&quot;Datanode State Machine Thread - 0&quot; daemon prio=5 tid=197 timed_waiting&#10;java.lang.Thread.State: TIMED_WAITING&#10;        at java.lang.Thread.sleep(Native Method)&#10;        at org.apache.hadoop.ozone.container.common.statemachine.DatanodeStateMachine.start(DatanodeStateMachine.java:191)&#10;        at org.apache.hadoop.ozone.container.common.statemachine.DatanodeStateMachine.lambda$startDaemon$0(DatanodeStateMachine.java:349)&#10;        at org.apache.hadoop.ozone.container.common.statemachine.DatanodeStateMachine$$Lambda$140/903195729.run(Unknown Source)&#10;        at java.lang.Thread.run(Thread.java:748)&#10;&quot;pool-46-thread-34&quot;  prio=5 tid=386 in Object.wait()&#10;java.lang.Thread.State: WAITING (on object monitor)&#10;        at sun.misc.Unsafe.park(Native Method)&#10;        at java.util.concurrent.locks.LockSupport.park(LockSupport.java:175)&#10;        at java.util.concurrent.locks.AbstractQueuedSynchronizer$ConditionObject.await(AbstractQueuedSynchronizer.java:2039)&#10;        at java.util.concurrent.ArrayBlockingQueue.take(ArrayBlockingQueue.java:403)&#10;        at java.util.concurrent.ThreadPoolExecutor.getTask(ThreadPoolExecutor.java:1074)&#10;        at java.util.concurrent.ThreadPoolExecutor.runWorker(ThreadPoolExecutor.java:1134)&#10;        at java.util.concurrent.ThreadPoolExecutor$Worker.run(ThreadPoolExecutor.java:624)&#10;        at java.lang.Thread.run(Thread.java:748)&#10;&quot;pool-46-thread-5&quot;  prio=5 tid=357 in Object.wait()&#10;java.lang.Thread.State: WAITING (on object monitor)&#10;        at sun.misc.Unsafe.park(Native Method)&#10;        at java.util.concurrent.locks.LockSupport.park(LockSupport.java:175)&#10;        at java.util.concurrent.locks.AbstractQueuedSynchronizer$ConditionObject.await(AbstractQueuedSynchronizer.java:2039)&#10;        at java.util.concurrent.ArrayBlockingQueue.take(ArrayBlockingQueue.java:403)&#10;        at java.util.concurrent.ThreadPoolExecutor.getTask(ThreadPoolExecutor.java:1074)&#10;        at java.util.concurrent.ThreadPoolExecutor.runWorker(ThreadPoolExecutor.java:1134)&#10;        at java.util.concurrent.ThreadPoolExecutor$Worker.run(ThreadPoolExecutor.java:624)&#10;        at java.lang.Thread.run(Thread.java:748)&#10;&quot;qtp245298614-159&quot; daemon prio=5 tid=159 runnable&#10;java.lang.Thread.State: RUNNABLE&#10;        at sun.nio.ch.EPollArrayWrapper.epollWait(Native Method)&#10;        at sun.nio.ch.EPollArrayWrapper.poll(EPollArrayWrapper.java:269)&#10;        at sun.nio.ch.EPollSelectorImpl.doSelect(EPollSelectorImpl.java:93)&#10;        at sun.nio.ch.SelectorImpl.lockAndDoSelect(SelectorImpl.java:86)&#10;        at sun.nio.ch.SelectorImpl.select(SelectorImpl.java:97)&#10;        at sun.nio.ch.SelectorImpl.select(SelectorImpl.java:101)&#10;        at org.eclipse.jetty.io.ManagedSelector$SelectorProducer.select(ManagedSelector.java:243)&#10;        at org.eclipse.jetty.io.ManagedSelector$SelectorProducer.produce(ManagedSelector.java:191)&#10;        at org.eclipse.jetty.util.thread.strategy.ExecuteProduceConsume.executeProduceConsume(ExecuteProduceConsume.java:249)&#10;        at org.eclipse.jetty.util.thread.strategy.ExecuteProduceConsume.produceConsume(ExecuteProduceConsume.java:148)&#10;        at org.eclipse.jetty.util.thread.strategy.ExecuteProduceConsume.execute(ExecuteProduceConsume.java:100)&#10;        at org.eclipse.jetty.io.ManagedSelector.run(ManagedSelector.java:147)&#10;        at org.eclipse.jetty.util.thread.QueuedThreadPool.runJob(QueuedThreadPool.java:671)&#10;        at org.eclipse.jetty.util.thread.QueuedThreadPool$2.run(QueuedThreadPool.java:589)&#10;        at java.lang.Thread.run(Thread.java:748)&#10;&quot;pool-36-thread-54&quot;  prio=5 tid=335 in Object.wait()&#10;java.lang.Thread.State: WAITING (on object monitor)&#10;        at sun.misc.Unsafe.park(Native Method)&#10;        at java.util.concurrent.locks.LockSupport.park(LockSupport.java:175)&#10;        at java.util.concurrent.locks.AbstractQueuedSynchronizer$ConditionObject.await(AbstractQueuedSynchronizer.java:2039)&#10;        at java.util.concurrent.ArrayBlockingQueue.take(ArrayBlockingQueue.java:403)&#10;        at java.util.concurrent.ThreadPoolExecutor.getTask(ThreadPoolExecutor.java:1074)&#10;        at java.util.concurrent.ThreadPoolExecutor.runWorker(ThreadPoolExecutor.java:1134)&#10;        at java.util.concurrent.ThreadPoolExecutor$Worker.run(ThreadPoolExecutor.java:624)&#10;        at java.lang.Thread.run(Thread.java:748)&#10;&quot;pool-46-thread-45&quot;  prio=5 tid=397 in Object.wait()&#10;java.lang.Thread.State: WAITING (on object monitor)&#10;        at sun.misc.Unsafe.park(Native Method)&#10;        at java.util.concurrent.locks.LockSupport.park(LockSupport.java:175)&#10;        at java.util.concurrent.locks.AbstractQueuedSynchronizer$ConditionObject.await(AbstractQueuedSynchronizer.java:2039)&#10;        at java.util.concurrent.ArrayBlockingQueue.take(ArrayBlockingQueue.java:403)&#10;        at java.util.concurrent.ThreadPoolExecutor.getTask(ThreadPoolExecutor.java:1074)&#10;        at java.util.concurrent.ThreadPoolExecutor.runWorker(ThreadPoolExecutor.java:1134)&#10;        at java.util.concurrent.ThreadPoolExecutor$Worker.run(ThreadPoolExecutor.java:624)&#10;        at java.lang.Thread.run(Thread.java:748)&#10;&quot;pool-46-thread-24&quot;  prio=5 tid=376 in Object.wait()&#10;java.lang.Thread.State: WAITING (on object monitor)&#10;        at sun.misc.Unsafe.park(Native Method)&#10;        at java.util.concurrent.locks.LockSupport.park(LockSupport.java:175)&#10;        at java.util.concurrent.locks.AbstractQueuedSynchronizer$ConditionObject.await(AbstractQueuedSynchronizer.java:2039)&#10;        at java.util.concurrent.ArrayBlockingQueue.take(ArrayBlockingQueue.java:403)&#10;        at java.util.concurrent.ThreadPoolExecutor.getTask(ThreadPoolExecutor.java:1074)&#10;        at java.util.concurrent.ThreadPoolExecutor.runWorker(ThreadPoolExecutor.java:1134)&#10;        at java.util.concurrent.ThreadPoolExecutor$Worker.run(ThreadPoolExecutor.java:624)&#10;        at java.lang.Thread.run(Thread.java:748)&#10;&quot;IPC Server handler 14 on 35339&quot; daemon prio=5 tid=129 timed_waiting&#10;java.lang.Thread.State: TIMED_WAITING&#10;        at sun.misc.Unsafe.park(Native Method)&#10;        at java.util.concurrent.locks.LockSupport.parkNanos(LockSupport.java:215)&#10;        at java.util.concurrent.locks.AbstractQueuedSynchronizer$ConditionObject.awaitNanos(AbstractQueuedSynchronizer.java:2078)&#10;        at java.util.concurrent.LinkedBlockingQueue.poll(LinkedBlockingQueue.java:467)&#10;        at org.apache.hadoop.ipc.CallQueueManager.take(CallQueueManager.java:288)&#10;        at org.apache.hadoop.ipc.Server$Handler.run(Server.java:2668)&#10;&quot;pool-46-thread-43&quot;  prio=5 tid=395 in Object.wait()&#10;java.lang.Thread.State: WAITING (on object monitor)&#10;        at sun.misc.Unsafe.park(Native Method)&#10;        at java.util.concurrent.locks.LockSupport.park(LockSupport.java:175)&#10;        at java.util.concurrent.locks.AbstractQueuedSynchronizer$ConditionObject.await(AbstractQueuedSynchronizer.java:2039)&#10;        at java.util.concurrent.ArrayBlockingQueue.take(ArrayBlockingQueue.java:403)&#10;        at java.util.concurrent.ThreadPoolExecutor.getTask(ThreadPoolExecutor.java:1074)&#10;        at java.util.concurrent.ThreadPoolExecutor.runWorker(ThreadPoolExecutor.java:1134)&#10;        at java.util.concurrent.ThreadPoolExecutor$Worker.run(ThreadPoolExecutor.java:624)&#10;        at java.lang.Thread.run(Thread.java:748)&#10;&quot;pool-36-thread-44&quot;  prio=5 tid=315 in Object.wait()&#10;java.lang.Thread.State: WAITING (on object monitor)&#10;        at sun.misc.Unsafe.park(Native Method)&#10;        at java.util.concurrent.locks.LockSupport.park(LockSupport.java:175)&#10;        at java.util.concurrent.locks.AbstractQueuedSynchronizer$ConditionObject.await(AbstractQueuedSynchronizer.java:2039)&#10;        at java.util.concurrent.ArrayBlockingQueue.take(ArrayBlockingQueue.java:403)&#10;        at java.util.concurrent.ThreadPoolExecutor.getTask(ThreadPoolExecutor.java:1074)&#10;        at java.util.concurrent.ThreadPoolExecutor.runWorker(ThreadPoolExecutor.java:1134)&#10;        at java.util.concurrent.ThreadPoolExecutor$Worker.run(ThreadPoolExecutor.java:624)&#10;        at java.lang.Thread.run(Thread.java:748)&#10;&quot;pool-46-thread-4&quot;  prio=5 tid=356 in Object.wait()&#10;java.lang.Thread.State: WAITING (on object monitor)&#10;        at sun.misc.Unsafe.park(Native Method)&#10;        at java.util.concurrent.locks.LockSupport.park(LockSupport.java:175)&#10;        at java.util.concurrent.locks.AbstractQueuedSynchronizer$ConditionObject.await(AbstractQueuedSynchronizer.java:2039)&#10;        at java.util.concurrent.ArrayBlockingQueue.take(ArrayBlockingQueue.java:403)&#10;        at java.util.concurrent.ThreadPoolExecutor.getTask(ThreadPoolExecutor.java:1074)&#10;        at java.util.concurrent.ThreadPoolExecutor.runWorker(ThreadPoolExecutor.java:1134)&#10;        at java.util.concurrent.ThreadPoolExecutor$Worker.run(ThreadPoolExecutor.java:624)&#10;        at java.lang.Thread.run(Thread.java:748)&#10;&quot;IPC Server handler 4 on 46440&quot; daemon prio=5 tid=53 timed_waiting&#10;java.lang.Thread.State: TIMED_WAITING&#10;        at sun.misc.Unsafe.park(Native Method)&#10;        at java.util.concurrent.locks.LockSupport.parkNanos(LockSupport.java:215)&#10;        at java.util.concurrent.locks.AbstractQueuedSynchronizer$ConditionObject.awaitNanos(AbstractQueuedSynchronizer.java:2078)&#10;        at java.util.concurrent.LinkedBlockingQueue.poll(LinkedBlockingQueue.java:467)&#10;        at org.apache.hadoop.ipc.CallQueueManager.take(CallQueueManager.java:288)&#10;        at org.apache.hadoop.ipc.Server$Handler.run(Server.java:2668)&#10;&quot;qtp498748934-186&quot; daemon prio=5 tid=186 runnable&#10;java.lang.Thread.State: RUNNABLE&#10;        at sun.nio.ch.EPollArrayWrapper.epollWait(Native Method)&#10;        at sun.nio.ch.EPollArrayWrapper.poll(EPollArrayWrapper.java:269)&#10;        at sun.nio.ch.EPollSelectorImpl.doSelect(EPollSelectorImpl.java:93)&#10;        at sun.nio.ch.SelectorImpl.lockAndDoSelect(SelectorImpl.java:86)&#10;        at sun.nio.ch.SelectorImpl.select(SelectorImpl.java:97)&#10;        at sun.nio.ch.SelectorImpl.select(SelectorImpl.java:101)&#10;        at org.eclipse.jetty.io.ManagedSelector$SelectorProducer.select(ManagedSelector.java:243)&#10;        at org.eclipse.jetty.io.ManagedSelector$SelectorProducer.produce(ManagedSelector.java:191)&#10;        at org.eclipse.jetty.util.thread.strategy.ExecuteProduceConsume.executeProduceConsume(ExecuteProduceConsume.java:249)&#10;        at org.eclipse.jetty.util.thread.strategy.ExecuteProduceConsume.produceConsume(ExecuteProduceConsume.java:148)&#10;        at org.eclipse.jetty.util.thread.strategy.ExecuteProduceConsume.execute(ExecuteProduceConsume.java:100)&#10;        at org.eclipse.jetty.io.ManagedSelector.run(ManagedSelector.java:147)&#10;        at org.eclipse.jetty.util.thread.QueuedThreadPool.runJob(QueuedThreadPool.java:671)&#10;        at org.eclipse.jetty.util.thread.QueuedThreadPool$2.run(QueuedThreadPool.java:589)&#10;        at java.lang.Thread.run(Thread.java:748)&#10;&quot;IPC Server handler 13 on 38663&quot; daemon prio=5 tid=82 timed_waiting&#10;java.lang.Thread.State: TIMED_WAITING&#10;        at sun.misc.Unsafe.park(Native Method)&#10;        at java.util.concurrent.locks.LockSupport.parkNanos(LockSupport.java:215)&#10;        at java.util.concurrent.locks.AbstractQueuedSynchronizer$ConditionObject.awaitNanos(AbstractQueuedSynchronizer.java:2078)&#10;        at java.util.concurrent.LinkedBlockingQueue.poll(LinkedBlockingQueue.java:467)&#10;        at org.apache.hadoop.ipc.CallQueueManager.take(CallQueueManager.java:288)&#10;        at org.apache.hadoop.ipc.Server$Handler.run(Server.java:2668)&#10;&quot;IPC Server listener on 45958&quot; daemon prio=5 tid=22 runnable&#10;java.lang.Thread.State: RUNNABLE&#10;        at sun.nio.ch.EPollArrayWrapper.epollWait(Native Method)&#10;        at sun.nio.ch.EPollArrayWrapper.poll(EPollArrayWrapper.java:269)&#10;        at sun.nio.ch.EPollSelectorImpl.doSelect(EPollSelectorImpl.java:93)&#10;        at sun.nio.ch.SelectorImpl.lockAndDoSelect(SelectorImpl.java:86)&#10;        at sun.nio.ch.SelectorImpl.select(SelectorImpl.java:97)&#10;        at sun.nio.ch.SelectorImpl.select(SelectorImpl.java:101)&#10;        at org.apache.hadoop.ipc.Server$Listener.run(Server.java:1159)&#10;&quot;qtp573136580-92&quot; daemon prio=5 tid=92 timed_waiting&#10;java.lang.Thread.State: TIMED_WAITING&#10;        at sun.misc.Unsafe.park(Native Method)&#10;        at java.util.concurrent.locks.LockSupport.parkNanos(LockSupport.java:215)&#10;        at java.util.concurrent.locks.AbstractQueuedSynchronizer$ConditionObject.awaitNanos(AbstractQueuedSynchronizer.java:2078)&#10;        at org.eclipse.jetty.util.BlockingArrayQueue.poll(BlockingArrayQueue.java:392)&#10;        at org.eclipse.jetty.util.thread.QueuedThreadPool.idleJobPoll(QueuedThreadPool.java:563)&#10;        at org.eclipse.jetty.util.thread.QueuedThreadPool.access$800(QueuedThreadPool.java:48)&#10;        at org.eclipse.jetty.util.thread.QueuedThreadPool$2.run(QueuedThreadPool.java:626)&#10;        at java.lang.Thread.run(Thread.java:748)&#10;&quot;IPC Server handler 16 on 38663&quot; daemon prio=5 tid=85 timed_waiting&#10;java.lang.Thread.State: TIMED_WAITING&#10;        at sun.misc.Unsafe.park(Native Method)&#10;        at java.util.concurrent.locks.LockSupport.parkNanos(LockSupport.java:215)&#10;        at java.util.concurrent.locks.AbstractQueuedSynchronizer$ConditionObject.awaitNanos(AbstractQueuedSynchronizer.java:2078)&#10;        at java.util.concurrent.LinkedBlockingQueue.poll(LinkedBlockingQueue.java:467)&#10;        at org.apache.hadoop.ipc.CallQueueManager.take(CallQueueManager.java:288)&#10;        at org.apache.hadoop.ipc.Server$Handler.run(Server.java:2668)&#10;&quot;pool-26-thread-18&quot;  prio=5 tid=272 in Object.wait()&#10;java.lang.Thread.State: WAITING (on object monitor)&#10;        at sun.misc.Unsafe.park(Native Method)&#10;        at java.util.concurrent.locks.LockSupport.park(LockSupport.java:175)&#10;        at java.util.concurrent.locks.AbstractQueuedSynchronizer$ConditionObject.await(AbstractQueuedSynchronizer.java:2039)&#10;        at java.util.concurrent.ArrayBlockingQueue.take(ArrayBlockingQueue.java:403)&#10;        at java.util.concurrent.ThreadPoolExecutor.getTask(ThreadPoolExecutor.java:1074)&#10;        at java.util.concurrent.ThreadPoolExecutor.runWorker(ThreadPoolExecutor.java:1134)&#10;        at java.util.concurrent.ThreadPoolExecutor$Worker.run(ThreadPoolExecutor.java:624)&#10;        at java.lang.Thread.run(Thread.java:748)&#10;&quot;qtp245298614-162&quot; daemon prio=5 tid=162 timed_waiting&#10;java.lang.Thread.State: TIMED_WAITING&#10;        at sun.misc.Unsafe.park(Native Method)&#10;        at java.util.concurrent.locks.LockSupport.parkNanos(LockSupport.java:215)&#10;        at java.util.concurrent.locks.AbstractQueuedSynchronizer$ConditionObject.awaitNanos(AbstractQueuedSynchronizer.java:2078)&#10;        at org.eclipse.jetty.util.BlockingArrayQueue.poll(BlockingArrayQueue.java:392)&#10;        at org.eclipse.jetty.util.thread.QueuedThreadPool.idleJobPoll(QueuedThreadPool.java:563)&#10;        at org.eclipse.jetty.util.thread.QueuedThreadPool.access$800(QueuedThreadPool.java:48)&#10;        at org.eclipse.jetty.util.thread.QueuedThreadPool$2.run(QueuedThreadPool.java:626)&#10;        at java.lang.Thread.run(Thread.java:748)&#10;&quot;pool-36-thread-4&quot;  prio=5 tid=239 in Object.wait()&#10;java.lang.Thread.State: WAITING (on object monitor)&#10;        at sun.misc.Unsafe.park(Native Method)&#10;        at java.util.concurrent.locks.LockSupport.park(LockSupport.java:175)&#10;        at java.util.concurrent.locks.AbstractQueuedSynchronizer$ConditionObject.await(AbstractQueuedSynchronizer.java:2039)&#10;        at java.util.concurrent.ArrayBlockingQueue.take(ArrayBlockingQueue.java:403)&#10;        at java.util.concurrent.ThreadPoolExecutor.getTask(ThreadPoolExecutor.java:1074)&#10;        at java.util.concurrent.ThreadPoolExecutor.runWorker(ThreadPoolExecutor.java:1134)&#10;        at java.util.concurrent.ThreadPoolExecutor$Worker.run(ThreadPoolExecutor.java:624)&#10;        at java.lang.Thread.run(Thread.java:748)&#10;&quot;pool-44-thread-1&quot; daemon prio=5 tid=210 timed_waiting&#10;java.lang.Thread.State: TIMED_WAITING&#10;        at sun.misc.Unsafe.park(Native Method)&#10;        at java.util.concurrent.locks.LockSupport.parkNanos(LockSupport.java:215)&#10;        at java.util.concurrent.locks.AbstractQueuedSynchronizer$ConditionObject.awaitNanos(AbstractQueuedSynchronizer.java:2078)&#10;        at java.util.concurrent.ScheduledThreadPoolExecutor$DelayedWorkQueue.take(ScheduledThreadPoolExecutor.java:1093)&#10;        at java.util.concurrent.ScheduledThreadPoolExecutor$DelayedWorkQueue.take(ScheduledThreadPoolExecutor.java:809)&#10;        at java.util.concurrent.ThreadPoolExecutor.getTask(ThreadPoolExecutor.java:1074)&#10;        at java.util.concurrent.ThreadPoolExecutor.runWorker(ThreadPoolExecutor.java:1134)&#10;        at java.util.concurrent.ThreadPoolExecutor$Worker.run(ThreadPoolExecutor.java:624)&#10;        at java.lang.Thread.run(Thread.java:748)&#10;&quot;EventQueue-PipelineReportForPipelineReportHandler&quot; daemon prio=5 tid=425 in Object.wait()&#10;java.lang.Thread.State: WAITING (on object monitor)&#10;        at sun.misc.Unsafe.park(Native Method)&#10;        at java.util.concurrent.locks.LockSupport.park(LockSupport.java:175)&#10;        at java.util.concurrent.locks.AbstractQueuedSynchronizer$ConditionObject.await(AbstractQueuedSynchronizer.java:2039)&#10;        at java.util.concurrent.LinkedBlockingQueue.take(LinkedBlockingQueue.java:442)&#10;        at java.util.concurrent.ThreadPoolExecutor.getTask(ThreadPoolExecutor.java:1074)&#10;        at java.util.concurrent.ThreadPoolExecutor.runWorker(ThreadPoolExecutor.java:1134)&#10;        at java.util.concurrent.ThreadPoolExecutor$Worker.run(ThreadPoolExecutor.java:624)&#10;        at java.lang.Thread.run(Thread.java:748)&#10;&quot;pool-46-thread-42&quot;  prio=5 tid=394 in Object.wait()&#10;java.lang.Thread.State: WAITING (on object monitor)&#10;        at sun.misc.Unsafe.park(Native Method)&#10;        at java.util.concurrent.locks.LockSupport.park(LockSupport.java:175)&#10;        at java.util.concurrent.locks.AbstractQueuedSynchronizer$ConditionObject.await(AbstractQueuedSynchronizer.java:2039)&#10;        at java.util.concurrent.ArrayBlockingQueue.take(ArrayBlockingQueue.java:403)&#10;        at java.util.concurrent.ThreadPoolExecutor.getTask(ThreadPoolExecutor.java:1074)&#10;        at java.util.concurrent.ThreadPoolExecutor.runWorker(ThreadPoolExecutor.java:1134)&#10;        at java.util.concurrent.ThreadPoolExecutor$Worker.run(ThreadPoolExecutor.java:624)&#10;        at java.lang.Thread.run(Thread.java:748)&#10;&quot;qtp2095970915-137-acceptor-0@3e11ada1-ServerConnector@7bef452c{HTTP/1.1,[http/1.1]}{0.0.0.0:33567}&quot; daemon prio=3 tid=137 runnable&#10;java.lang.Thread.State: RUNNABLE&#10;        at sun.nio.ch.ServerSocketChannelImpl.accept0(Native Method)&#10;        at sun.nio.ch.ServerSocketChannelImpl.accept(ServerSocketChannelImpl.java:422)&#10;        at sun.nio.ch.ServerSocketChannelImpl.accept(ServerSocketChannelImpl.java:250)&#10;        at org.eclipse.jetty.server.ServerConnector.accept(ServerConnector.java:397)&#10;        at org.eclipse.jetty.server.AbstractConnector$Acceptor.run(AbstractConnector.java:601)&#10;        at org.eclipse.jetty.util.thread.QueuedThreadPool.runJob(QueuedThreadPool.java:671)&#10;        at org.eclipse.jetty.util.thread.QueuedThreadPool$2.run(QueuedThreadPool.java:589)&#10;        at java.lang.Thread.run(Thread.java:748)&#10;&quot;pool-36-thread-3&quot;  prio=5 tid=237 in Object.wait()&#10;java.lang.Thread.State: WAITING (on object monitor)&#10;        at sun.misc.Unsafe.park(Native Method)&#10;        at java.util.concurrent.locks.LockSupport.park(LockSupport.java:175)&#10;        at java.util.concurrent.locks.AbstractQueuedSynchronizer$ConditionObject.await(AbstractQueuedSynchronizer.java:2039)&#10;        at java.util.concurrent.ArrayBlockingQueue.take(ArrayBlockingQueue.java:403)&#10;        at java.util.concurrent.ThreadPoolExecutor.getTask(ThreadPoolExecutor.java:1074)&#10;        at java.util.concurrent.ThreadPoolExecutor.runWorker(ThreadPoolExecutor.java:1134)&#10;        at java.util.concurrent.ThreadPoolExecutor$Worker.run(ThreadPoolExecutor.java:624)&#10;        at java.lang.Thread.run(Thread.java:748)&#10;&quot;Timer-1&quot; daemon prio=5 tid=149 timed_waiting&#10;java.lang.Thread.State: TIMED_WAITING&#10;        at java.lang.Object.wait(Native Method)&#10;        at java.util.TimerThread.mainLoop(Timer.java:552)&#10;        at java.util.TimerThread.run(Timer.java:505)&#10;&quot;pool-46-thread-60&quot;  prio=5 tid=412 in Object.wait()&#10;java.lang.Thread.State: WAITING (on object monitor)&#10;        at sun.misc.Unsafe.park(Native Method)&#10;        at java.util.concurrent.locks.LockSupport.park(LockSupport.java:175)&#10;        at java.util.concurrent.locks.AbstractQueuedSynchronizer$ConditionObject.await(AbstractQueuedSynchronizer.java:2039)&#10;        at java.util.concurrent.ArrayBlockingQueue.take(ArrayBlockingQueue.java:403)&#10;        at java.util.concurrent.ThreadPoolExecutor.getTask(ThreadPoolExecutor.java:1074)&#10;        at java.util.concurrent.ThreadPoolExecutor.runWorker(ThreadPoolExecutor.java:1134)&#10;        at java.util.concurrent.ThreadPoolExecutor$Worker.run(ThreadPoolExecutor.java:624)&#10;        at java.lang.Thread.run(Thread.java:748)&#10;&quot;pool-36-thread-45&quot;  prio=5 tid=317 in Object.wait()&#10;java.lang.Thread.State: WAITING (on object monitor)&#10;        at sun.misc.Unsafe.park(Native Method)&#10;        at java.util.concurrent.locks.LockSupport.park(LockSupport.java:175)&#10;        at java.util.concurrent.locks.AbstractQueuedSynchronizer$ConditionObject.await(AbstractQueuedSynchronizer.java:2039)&#10;        at java.util.concurrent.ArrayBlockingQueue.take(ArrayBlockingQueue.java:403)&#10;        at java.util.concurrent.ThreadPoolExecutor.getTask(ThreadPoolExecutor.java:1074)&#10;        at java.util.concurrent.ThreadPoolExecutor.runWorker(ThreadPoolExecutor.java:1134)&#10;        at java.util.concurrent.ThreadPoolExecutor$Worker.run(ThreadPoolExecutor.java:624)&#10;        at java.lang.Thread.run(Thread.java:748)&#10;&quot;metrics-hadoop-metrics2-reporter-33-thread-1&quot; daemon prio=5 tid=592 timed_waiting&#10;java.lang.Thread.State: TIMED_WAITING&#10;        at sun.misc.Unsafe.park(Native Method)&#10;        at java.util.concurrent.locks.LockSupport.parkNanos(LockSupport.java:215)&#10;        at java.util.concurrent.locks.AbstractQueuedSynchronizer$ConditionObject.awaitNanos(AbstractQueuedSynchronizer.java:2078)&#10;        at java.util.concurrent.ScheduledThreadPoolExecutor$DelayedWorkQueue.take(ScheduledThreadPoolExecutor.java:1093)&#10;        at java.util.concurrent.ScheduledThreadPoolExecutor$DelayedWorkQueue.take(ScheduledThreadPoolExecutor.java:809)&#10;        at java.util.concurrent.ThreadPoolExecutor.getTask(ThreadPoolExecutor.java:1074)&#10;        at java.util.concurrent.ThreadPoolExecutor.runWorker(ThreadPoolExecutor.java:1134)&#10;        at java.util.concurrent.ThreadPoolExecutor$Worker.run(ThreadPoolExecutor.java:624)&#10;        at java.lang.Thread.run(Thread.java:748)&#10;&quot;pool-36-thread-18&quot;  prio=5 tid=264 in Object.wait()&#10;java.lang.Thread.State: WAITING (on object monitor)&#10;        at sun.misc.Unsafe.park(Native Method)&#10;        at java.util.concurrent.locks.LockSupport.park(LockSupport.java:175)&#10;        at java.util.concurrent.locks.AbstractQueuedSynchronizer$ConditionObject.await(AbstractQueuedSynchronizer.java:2039)&#10;        at java.util.concurrent.ArrayBlockingQueue.take(ArrayBlockingQueue.java:403)&#10;        at java.util.concurrent.ThreadPoolExecutor.getTask(ThreadPoolExecutor.java:1074)&#10;        at java.util.concurrent.ThreadPoolExecutor.runWorker(ThreadPoolExecutor.java:1134)&#10;        at java.util.concurrent.ThreadPoolExecutor$Worker.run(ThreadPoolExecutor.java:624)&#10;        at java.lang.Thread.run(Thread.java:748)&#10;&quot;Datanode ReportManager Thread - 0&quot; daemon prio=5 tid=225 in Object.wait()&#10;java.lang.Thread.State: WAITING (on object monitor)&#10;        at sun.misc.Unsafe.park(Native Method)&#10;        at java.util.concurrent.locks.LockSupport.park(LockSupport.java:175)&#10;        at java.util.concurrent.locks.AbstractQueuedSynchronizer$ConditionObject.await(AbstractQueuedSynchronizer.java:2039)&#10;        at java.util.concurrent.ScheduledThreadPoolExecutor$DelayedWorkQueue.take(ScheduledThreadPoolExecutor.java:1088)&#10;        at java.util.concurrent.ScheduledThreadPoolExecutor$DelayedWorkQueue.take(ScheduledThreadPoolExecutor.java:809)&#10;        at java.util.concurrent.ThreadPoolExecutor.getTask(ThreadPoolExecutor.java:1074)&#10;        at java.util.concurrent.ThreadPoolExecutor.runWorker(ThreadPoolExecutor.java:1134)&#10;        at java.util.concurrent.ThreadPoolExecutor$Worker.run(ThreadPoolExecutor.java:624)&#10;        at java.lang.Thread.run(Thread.java:748)&#10;&quot;pool-36-thread-34&quot;  prio=5 tid=295 in Object.wait()&#10;java.lang.Thread.State: WAITING (on object monitor)&#10;        at sun.misc.Unsafe.park(Native Method)&#10;        at java.util.concurrent.locks.LockSupport.park(LockSupport.java:175)&#10;        at java.util.concurrent.locks.AbstractQueuedSynchronizer$ConditionObject.await(AbstractQueuedSynchronizer.java:2039)&#10;        at java.util.concurrent.ArrayBlockingQueue.take(ArrayBlockingQueue.java:403)&#10;        at java.util.concurrent.ThreadPoolExecutor.getTask(ThreadPoolExecutor.java:1074)&#10;        at java.util.concurrent.ThreadPoolExecutor.runWorker(ThreadPoolExecutor.java:1134)&#10;        at java.util.concurrent.ThreadPoolExecutor$Worker.run(ThreadPoolExecutor.java:624)&#10;        at java.lang.Thread.run(Thread.java:748)&#10;&quot;Periodic HDDS volume checker&quot;  prio=5 tid=152 timed_waiting&#10;java.lang.Thread.State: TIMED_WAITING&#10;        at sun.misc.Unsafe.park(Native Method)&#10;        at java.util.concurrent.locks.LockSupport.parkNanos(LockSupport.java:215)&#10;        at java.util.concurrent.locks.AbstractQueuedSynchronizer$ConditionObject.awaitNanos(AbstractQueuedSynchronizer.java:2078)&#10;        at java.util.concurrent.ScheduledThreadPoolExecutor$DelayedWorkQueue.take(ScheduledThreadPoolExecutor.java:1093)&#10;        at java.util.concurrent.ScheduledThreadPoolExecutor$DelayedWorkQueue.take(ScheduledThreadPoolExecutor.java:809)&#10;        at java.util.concurrent.ThreadPoolExecutor.getTask(ThreadPoolExecutor.java:1074)&#10;        at java.util.concurrent.ThreadPoolExecutor.runWorker(ThreadPoolExecutor.java:1134)&#10;        at java.util.concurrent.ThreadPoolExecutor$Worker.run(ThreadPoolExecutor.java:624)&#10;        at java.lang.Thread.run(Thread.java:748)&#10;&quot;Datanode ReportManager Thread - 2&quot; daemon prio=5 tid=227 timed_waiting&#10;java.lang.Thread.State: TIMED_WAITING&#10;        at sun.misc.Unsafe.park(Native Method)&#10;        at java.util.concurrent.locks.LockSupport.parkNanos(LockSupport.java:215)&#10;        at java.util.concurrent.locks.AbstractQueuedSynchronizer$ConditionObject.awaitNanos(AbstractQueuedSynchronizer.java:2078)&#10;        at java.util.concurrent.ScheduledThreadPoolExecutor$DelayedWorkQueue.take(ScheduledThreadPoolExecutor.java:1093)&#10;        at java.util.concurrent.ScheduledThreadPoolExecutor$DelayedWorkQueue.take(ScheduledThreadPoolExecutor.java:809)&#10;        at java.util.concurrent.ThreadPoolExecutor.getTask(ThreadPoolExecutor.java:1074)&#10;        at java.util.concurrent.ThreadPoolExecutor.runWorker(ThreadPoolExecutor.java:1134)&#10;        at java.util.concurrent.ThreadPoolExecutor$Worker.run(ThreadPoolExecutor.java:624)&#10;        at java.lang.Thread.run(Thread.java:748)&#10;&quot;IPC Server handler 14 on 46440&quot; daemon prio=5 tid=63 timed_waiting&#10;java.lang.Thread.State: TIMED_WAITING&#10;        at sun.misc.Unsafe.park(Native Method)&#10;        at java.util.concurrent.locks.LockSupport.parkNanos(LockSupport.java:215)&#10;        at java.util.concurrent.locks.AbstractQueuedSynchronizer$ConditionObject.awaitNanos(AbstractQueuedSynchronizer.java:2078)&#10;        at java.util.concurrent.LinkedBlockingQueue.poll(LinkedBlockingQueue.java:467)&#10;        at org.apache.hadoop.ipc.CallQueueManager.take(CallQueueManager.java:288)&#10;        at org.apache.hadoop.ipc.Server$Handler.run(Server.java:2668)&#10;&quot;pool-26-thread-43&quot;  prio=5 tid=322 in Object.wait()&#10;java.lang.Thread.State: WAITING (on object monitor)&#10;        at sun.misc.Unsafe.park(Native Method)&#10;        at java.util.concurrent.locks.LockSupport.park(LockSupport.java:175)&#10;        at java.util.concurrent.locks.AbstractQueuedSynchronizer$ConditionObject.await(AbstractQueuedSynchronizer.java:2039)&#10;        at java.util.concurrent.ArrayBlockingQueue.take(ArrayBlockingQueue.java:403)&#10;        at java.util.concurrent.ThreadPoolExecutor.getTask(ThreadPoolExecutor.java:1074)&#10;        at java.util.concurrent.ThreadPoolExecutor.runWorker(ThreadPoolExecutor.java:1134)&#10;        at java.util.concurrent.ThreadPoolExecutor$Worker.run(ThreadPoolExecutor.java:624)&#10;        at java.lang.Thread.run(Thread.java:748)&#10;&quot;Datanode ReportManager Thread - 3&quot; daemon prio=5 tid=228 in Object.wait()&#10;java.lang.Thread.State: WAITING (on object monitor)&#10;        at sun.misc.Unsafe.park(Native Method)&#10;        at java.util.concurrent.locks.LockSupport.park(LockSupport.java:175)&#10;        at java.util.concurrent.locks.AbstractQueuedSynchronizer$ConditionObject.await(AbstractQueuedSynchronizer.java:2039)&#10;        at java.util.concurrent.ScheduledThreadPoolExecutor$DelayedWorkQueue.take(ScheduledThreadPoolExecutor.java:1088)&#10;        at java.util.concurrent.ScheduledThreadPoolExecutor$DelayedWorkQueue.take(ScheduledThreadPoolExecutor.java:809)&#10;        at java.util.concurrent.ThreadPoolExecutor.getTask(ThreadPoolExecutor.java:1074)&#10;        at java.util.concurrent.ThreadPoolExecutor.runWorker(ThreadPoolExecutor.java:1134)&#10;        at java.util.concurrent.ThreadPoolExecutor$Worker.run(ThreadPoolExecutor.java:624)&#10;        at java.lang.Thread.run(Thread.java:748)&#10;&quot;IPC Server handler 6 on 35339&quot; daemon prio=5 tid=120 timed_waiting&#10;java.lang.Thread.State: TIMED_WAITING&#10;        at sun.misc.Unsafe.park(Native Method)&#10;        at java.util.concurrent.locks.LockSupport.parkNanos(LockSupport.java:215)&#10;        at java.util.concurrent.locks.AbstractQueuedSynchronizer$ConditionObject.awaitNanos(AbstractQueuedSynchronizer.java:2078)&#10;        at java.util.concurrent.LinkedBlockingQueue.poll(LinkedBlockingQueue.java:467)&#10;        at org.apache.hadoop.ipc.CallQueueManager.take(CallQueueManager.java:288)&#10;        at org.apache.hadoop.ipc.Server$Handler.run(Server.java:2668)&#10;&quot;pool-26-thread-49&quot;  prio=5 tid=334 in Object.wait()&#10;java.lang.Thread.State: WAITING (on object monitor)&#10;        at sun.misc.Unsafe.park(Native Method)&#10;        at java.util.concurrent.locks.LockSupport.park(LockSupport.java:175)&#10;        at java.util.concurrent.locks.AbstractQueuedSynchronizer$ConditionObject.await(AbstractQueuedSynchronizer.java:2039)&#10;        at java.util.concurrent.ArrayBlockingQueue.take(ArrayBlockingQueue.java:403)&#10;        at java.util.concurrent.ThreadPoolExecutor.getTask(ThreadPoolExecutor.java:1074)&#10;        at java.util.concurrent.ThreadPoolExecutor.runWorker(ThreadPoolExecutor.java:1134)&#10;        at java.util.concurrent.ThreadPoolExecutor$Worker.run(ThreadPoolExecutor.java:624)&#10;        at java.lang.Thread.run(Thread.java:748)&#10;&quot;pool-26-thread-31&quot;  prio=5 tid=298 in Object.wait()&#10;java.lang.Thread.State: WAITING (on object monitor)&#10;        at sun.misc.Unsafe.park(Native Method)&#10;        at java.util.concurrent.locks.LockSupport.park(LockSupport.java:175)&#10;        at java.util.concurrent.locks.AbstractQueuedSynchronizer$ConditionObject.await(AbstractQueuedSynchronizer.java:2039)&#10;        at java.util.concurrent.ArrayBlockingQueue.take(ArrayBlockingQueue.java:403)&#10;        at java.util.concurrent.ThreadPoolExecutor.getTask(ThreadPoolExecutor.java:1074)&#10;        at java.util.concurrent.ThreadPoolExecutor.runWorker(ThreadPoolExecutor.java:1134)&#10;        at java.util.concurrent.ThreadPoolExecutor$Worker.run(ThreadPoolExecutor.java:624)&#10;        at java.lang.Thread.run(Thread.java:748)&#10;&quot;904f39be-c3d3-4df4-99c0-2e4526e577e3@group-B549722E11F2-StateMachineUpdater&quot; daemon prio=5 tid=437 in Object.wait()&#10;java.lang.Thread.State: WAITING (on object monitor)&#10;        at java.lang.Object.wait(Native Method)&#10;        at java.lang.Object.wait(Object.java:502)&#10;        at org.apache.ratis.server.impl.StateMachineUpdater.waitForCommit(StateMachineUpdater.java:194)&#10;        at org.apache.ratis.server.impl.StateMachineUpdater.run(StateMachineUpdater.java:159)&#10;        at java.lang.Thread.run(Thread.java:748)&#10;&quot;pool-46-thread-57&quot;  prio=5 tid=409 in Object.wait()&#10;java.lang.Thread.State: WAITING (on object monitor)&#10;        at sun.misc.Unsafe.park(Native Method)&#10;        at java.util.concurrent.locks.LockSupport.park(LockSupport.java:175)&#10;        at java.util.concurrent.locks.AbstractQueuedSynchronizer$ConditionObject.await(AbstractQueuedSynchronizer.java:2039)&#10;        at java.util.concurrent.ArrayBlockingQueue.take(ArrayBlockingQueue.java:403)&#10;        at java.util.concurrent.ThreadPoolExecutor.getTask(ThreadPoolExecutor.java:1074)&#10;        at java.util.concurrent.ThreadPoolExecutor.runWorker(ThreadPoolExecutor.java:1134)&#10;        at java.util.concurrent.ThreadPoolExecutor$Worker.run(ThreadPoolExecutor.java:624)&#10;        at java.lang.Thread.run(Thread.java:748)&#10;&quot;pool-36-thread-60&quot;  prio=5 tid=347 in Object.wait()&#10;java.lang.Thread.State: WAITING (on object monitor)&#10;        at sun.misc.Unsafe.park(Native Method)&#10;        at java.util.concurrent.locks.LockSupport.park(LockSupport.java:175)&#10;        at java.util.concurrent.locks.AbstractQueuedSynchronizer$ConditionObject.await(AbstractQueuedSynchronizer.java:2039)&#10;        at java.util.concurrent.ArrayBlockingQueue.take(ArrayBlockingQueue.java:403)&#10;        at java.util.concurrent.ThreadPoolExecutor.getTask(ThreadPoolExecutor.java:1074)&#10;        at java.util.concurrent.ThreadPoolExecutor.runWorker(ThreadPoolExecutor.java:1134)&#10;        at java.util.concurrent.ThreadPoolExecutor$Worker.run(ThreadPoolExecutor.java:624)&#10;        at java.lang.Thread.run(Thread.java:748)&#10;&quot;Datanode ReportManager Thread - 2&quot; daemon prio=5 tid=200 timed_waiting&#10;java.lang.Thread.State: TIMED_WAITING&#10;        at sun.misc.Unsafe.park(Native Method)&#10;        at java.util.concurrent.locks.LockSupport.parkNanos(LockSupport.java:215)&#10;        at java.util.concurrent.locks.AbstractQueuedSynchronizer$ConditionObject.awaitNanos(AbstractQueuedSynchronizer.java:2078)&#10;        at java.util.concurrent.ScheduledThreadPoolExecutor$DelayedWorkQueue.take(ScheduledThreadPoolExecutor.java:1093)&#10;        at java.util.concurrent.ScheduledThreadPoolExecutor$DelayedWorkQueue.take(ScheduledThreadPoolExecutor.java:809)&#10;        at java.util.concurrent.ThreadPoolExecutor.getTask(ThreadPoolExecutor.java:1074)&#10;        at java.util.concurrent.ThreadPoolExecutor.runWorker(ThreadPoolExecutor.java:1134)&#10;        at java.util.concurrent.ThreadPoolExecutor$Worker.run(ThreadPoolExecutor.java:624)&#10;        at java.lang.Thread.run(Thread.java:748)&#10;&quot;metrics-hadoop-metrics2-reporter-30-thread-1&quot; daemon prio=5 tid=579 timed_waiting&#10;java.lang.Thread.State: TIMED_WAITING&#10;        at sun.misc.Unsafe.park(Native Method)&#10;        at java.util.concurrent.locks.LockSupport.parkNanos(LockSupport.java:215)&#10;        at java.util.concurrent.locks.AbstractQueuedSynchronizer$ConditionObject.awaitNanos(AbstractQueuedSynchronizer.java:2078)&#10;        at java.util.concurrent.ScheduledThreadPoolExecutor$DelayedWorkQueue.take(ScheduledThreadPoolExecutor.java:1093)&#10;        at java.util.concurrent.ScheduledThreadPoolExecutor$DelayedWorkQueue.take(ScheduledThreadPoolExecutor.java:809)&#10;        at java.util.concurrent.ThreadPoolExecutor.getTask(ThreadPoolExecutor.java:1074)&#10;        at java.util.concurrent.ThreadPoolExecutor.runWorker(ThreadPoolExecutor.java:1134)&#10;        at java.util.concurrent.ThreadPoolExecutor$Worker.run(ThreadPoolExecutor.java:624)&#10;        at java.lang.Thread.run(Thread.java:748)&#10;&quot;pool-36-thread-49&quot;  prio=5 tid=325 in Object.wait()&#10;java.lang.Thread.State: WAITING (on object monitor)&#10;        at sun.misc.Unsafe.park(Native Method)&#10;        at java.util.concurrent.locks.LockSupport.park(LockSupport.java:175)&#10;        at java.util.concurrent.locks.AbstractQueuedSynchronizer$ConditionObject.await(AbstractQueuedSynchronizer.java:2039)&#10;        at java.util.concurrent.ArrayBlockingQueue.take(ArrayBlockingQueue.java:403)&#10;        at java.util.concurrent.ThreadPoolExecutor.getTask(ThreadPoolExecutor.java:1074)&#10;        at java.util.concurrent.ThreadPoolExecutor.runWorker(ThreadPoolExecutor.java:1134)&#10;        at java.util.concurrent.ThreadPoolExecutor$Worker.run(ThreadPoolExecutor.java:624)&#10;        at java.lang.Thread.run(Thread.java:748)&#10;&quot;pool-36-thread-7&quot;  prio=5 tid=245 in Object.wait()&#10;java.lang.Thread.State: WAITING (on object monitor)&#10;        at sun.misc.Unsafe.park(Native Method)&#10;        at java.util.concurrent.locks.LockSupport.park(LockSupport.java:175)&#10;        at java.util.concurrent.locks.AbstractQueuedSynchronizer$ConditionObject.await(AbstractQueuedSynchronizer.java:2039)&#10;        at java.util.concurrent.ArrayBlockingQueue.take(ArrayBlockingQueue.java:403)&#10;        at java.util.concurrent.ThreadPoolExecutor.getTask(ThreadPoolExecutor.java:1074)&#10;        at java.util.concurrent.ThreadPoolExecutor.runWorker(ThreadPoolExecutor.java:1134)&#10;        at java.util.concurrent.ThreadPoolExecutor$Worker.run(ThreadPoolExecutor.java:624)&#10;        at java.lang.Thread.run(Thread.java:748)&#10;&quot;pool-46-thread-32&quot;  prio=5 tid=384 in Object.wait()&#10;java.lang.Thread.State: WAITING (on object monitor)&#10;        at sun.misc.Unsafe.park(Native Method)&#10;        at java.util.concurrent.locks.LockSupport.park(LockSupport.java:175)&#10;        at java.util.concurrent.locks.AbstractQueuedSynchronizer$ConditionObject.await(AbstractQueuedSynchronizer.java:2039)&#10;        at java.util.concurrent.ArrayBlockingQueue.take(ArrayBlockingQueue.java:403)&#10;        at java.util.concurrent.ThreadPoolExecutor.getTask(ThreadPoolExecutor.java:1074)&#10;        at java.util.concurrent.ThreadPoolExecutor.runWorker(ThreadPoolExecutor.java:1134)&#10;        at java.util.concurrent.ThreadPoolExecutor$Worker.run(ThreadPoolExecutor.java:624)&#10;        at java.lang.Thread.run(Thread.java:748)&#10;&quot;java.util.concurrent.ThreadPoolExecutor$Worker@9624e4a[State = -1, empty queue]&quot; daemon prio=5 tid=593 timed_waiting&#10;java.lang.Thread.State: TIMED_WAITING&#10;        at sun.misc.Unsafe.park(Native Method)&#10;        at java.util.concurrent.locks.LockSupport.parkNanos(LockSupport.java:215)&#10;        at java.util.concurrent.locks.AbstractQueuedSynchronizer$ConditionObject.awaitNanos(AbstractQueuedSynchronizer.java:2078)&#10;        at java.util.concurrent.ScheduledThreadPoolExecutor$DelayedWorkQueue.take(ScheduledThreadPoolExecutor.java:1093)&#10;        at java.util.concurrent.ScheduledThreadPoolExecutor$DelayedWorkQueue.take(ScheduledThreadPoolExecutor.java:809)&#10;        at java.util.concurrent.ThreadPoolExecutor.getTask(ThreadPoolExecutor.java:1074)&#10;        at java.util.concurrent.ThreadPoolExecutor.runWorker(ThreadPoolExecutor.java:1134)&#10;        at java.util.concurrent.ThreadPoolExecutor$Worker.run(ThreadPoolExecutor.java:624)&#10;        at java.lang.Thread.run(Thread.java:748)&#10;&quot;IPC Server handler 9 on 45958&quot; daemon prio=5 tid=38 timed_waiting&#10;java.lang.Thread.State: TIMED_WAITING&#10;        at sun.misc.Unsafe.park(Native Method)&#10;        at java.util.concurrent.locks.LockSupport.parkNanos(LockSupport.java:215)&#10;        at java.util.concurrent.locks.AbstractQueuedSynchronizer$ConditionObject.awaitNanos(AbstractQueuedSynchronizer.java:2078)&#10;        at java.util.concurrent.LinkedBlockingQueue.poll(LinkedBlockingQueue.java:467)&#10;        at org.apache.hadoop.ipc.CallQueueManager.take(CallQueueManager.java:288)&#10;        at org.apache.hadoop.ipc.Server$Handler.run(Server.java:2668)&#10;&quot;IPC Server handler 10 on 38663&quot; daemon prio=5 tid=79 timed_waiting&#10;java.lang.Thread.State: TIMED_WAITING&#10;        at sun.misc.Unsafe.park(Native Method)&#10;        at java.util.concurrent.locks.LockSupport.parkNanos(LockSupport.java:215)&#10;        at java.util.concurrent.locks.AbstractQueuedSynchronizer$ConditionObject.awaitNanos(AbstractQueuedSynchronizer.java:2078)&#10;        at java.util.concurrent.LinkedBlockingQueue.poll(LinkedBlockingQueue.java:467)&#10;        at org.apache.hadoop.ipc.CallQueueManager.take(CallQueueManager.java:288)&#10;        at org.apache.hadoop.ipc.Server$Handler.run(Server.java:2668)&#10;&quot;pool-26-thread-29&quot;  prio=5 tid=294 in Object.wait()&#10;java.lang.Thread.State: WAITING (on object monitor)&#10;        at sun.misc.Unsafe.park(Native Method)&#10;        at java.util.concurrent.locks.LockSupport.park(LockSupport.java:175)&#10;        at java.util.concurrent.locks.AbstractQueuedSynchronizer$ConditionObject.await(AbstractQueuedSynchronizer.java:2039)&#10;        at java.util.concurrent.ArrayBlockingQueue.take(ArrayBlockingQueue.java:403)&#10;        at java.util.concurrent.ThreadPoolExecutor.getTask(ThreadPoolExecutor.java:1074)&#10;        at java.util.concurrent.ThreadPoolExecutor.runWorker(ThreadPoolExecutor.java:1134)&#10;        at java.util.concurrent.ThreadPoolExecutor$Worker.run(ThreadPoolExecutor.java:624)&#10;        at java.lang.Thread.run(Thread.java:748)&#10;&quot;metrics-hadoop-metrics2-reporter-10-thread-1&quot; daemon prio=5 tid=458 timed_waiting&#10;java.lang.Thread.State: TIMED_WAITING&#10;        at sun.misc.Unsafe.park(Native Method)&#10;        at java.util.concurrent.locks.LockSupport.parkNanos(LockSupport.java:215)&#10;        at java.util.concurrent.locks.AbstractQueuedSynchronizer$ConditionObject.awaitNanos(AbstractQueuedSynchronizer.java:2078)&#10;        at java.util.concurrent.ScheduledThreadPoolExecutor$DelayedWorkQueue.take(ScheduledThreadPoolExecutor.java:1093)&#10;        at java.util.concurrent.ScheduledThreadPoolExecutor$DelayedWorkQueue.take(ScheduledThreadPoolExecutor.java:809)&#10;        at java.util.concurrent.ThreadPoolExecutor.getTask(ThreadPoolExecutor.java:1074)&#10;        at java.util.concurrent.ThreadPoolExecutor.runWorker(ThreadPoolExecutor.java:1134)&#10;        at java.util.concurrent.ThreadPoolExecutor$Worker.run(ThreadPoolExecutor.java:624)&#10;        at java.lang.Thread.run(Thread.java:748)&#10;&quot;grpc-default-boss-ELG-1-1&quot; daemon prio=5 tid=413 runnable&#10;java.lang.Thread.State: RUNNABLE&#10;        at sun.nio.ch.EPollArrayWrapper.epollWait(Native Method)&#10;        at sun.nio.ch.EPollArrayWrapper.poll(EPollArrayWrapper.java:269)&#10;        at sun.nio.ch.EPollSelectorImpl.doSelect(EPollSelectorImpl.java:93)&#10;        at sun.nio.ch.SelectorImpl.lockAndDoSelect(SelectorImpl.java:86)&#10;        at sun.nio.ch.SelectorImpl.select(SelectorImpl.java:97)&#10;        at org.apache.ratis.thirdparty.io.netty.channel.nio.SelectedSelectionKeySetSelector.select(SelectedSelectionKeySetSelector.java:62)&#10;        at org.apache.ratis.thirdparty.io.netty.channel.nio.NioEventLoop.select(NioEventLoop.java:753)&#10;        at org.apache.ratis.thirdparty.io.netty.channel.nio.NioEventLoop.run(NioEventLoop.java:408)&#10;        at org.apache.ratis.thirdparty.io.netty.util.concurrent.SingleThreadEventExecutor$5.run(SingleThreadEventExecutor.java:897)&#10;        at org.apache.ratis.thirdparty.io.netty.util.concurrent.FastThreadLocalRunnable.run(FastThreadLocalRunnable.java:30)&#10;        at java.lang.Thread.run(Thread.java:748)&#10;&quot;IPC Server idle connection scanner for port 35339&quot; daemon prio=5 tid=109 timed_waiting&#10;java.lang.Thread.State: TIMED_WAITING&#10;        at java.lang.Object.wait(Native Method)&#10;        at java.util.TimerThread.mainLoop(Timer.java:552)&#10;        at java.util.TimerThread.run(Timer.java:505)&#10;&quot;metrics-hadoop-metrics2-reporter-13-thread-1&quot; daemon prio=5 tid=464 timed_waiting&#10;java.lang.Thread.State: TIMED_WAITING&#10;        at sun.misc.Unsafe.park(Native Method)&#10;        at java.util.concurrent.locks.LockSupport.parkNanos(LockSupport.java:215)&#10;        at java.util.concurrent.locks.AbstractQueuedSynchronizer$ConditionObject.awaitNanos(AbstractQueuedSynchronizer.java:2078)&#10;        at java.util.concurrent.ScheduledThreadPoolExecutor$DelayedWorkQueue.take(ScheduledThreadPoolExecutor.java:1093)&#10;        at java.util.concurrent.ScheduledThreadPoolExecutor$DelayedWorkQueue.take(ScheduledThreadPoolExecutor.java:809)&#10;        at java.util.concurrent.ThreadPoolExecutor.getTask(ThreadPoolExecutor.java:1074)&#10;        at java.util.concurrent.ThreadPoolExecutor.runWorker(ThreadPoolExecutor.java:1134)&#10;        at java.util.concurrent.ThreadPoolExecutor$Worker.run(ThreadPoolExecutor.java:624)&#10;        at java.lang.Thread.run(Thread.java:748)&#10;&quot;IPC Server handler 19 on 38663&quot; daemon prio=5 tid=88 timed_waiting&#10;java.lang.Thread.State: TIMED_WAITING&#10;        at sun.misc.Unsafe.park(Native Method)&#10;        at java.util.concurrent.locks.LockSupport.parkNanos(LockSupport.java:215)&#10;        at java.util.concurrent.locks.AbstractQueuedSynchronizer$ConditionObject.awaitNanos(AbstractQueuedSynchronizer.java:2078)&#10;        at java.util.concurrent.LinkedBlockingQueue.poll(LinkedBlockingQueue.java:467)&#10;        at org.apache.hadoop.ipc.CallQueueManager.take(CallQueueManager.java:288)&#10;        at org.apache.hadoop.ipc.Server$Handler.run(Server.java:2668)&#10;&quot;IPC Server handler 10 on 45958&quot; daemon prio=5 tid=39 timed_waiting&#10;java.lang.Thread.State: TIMED_WAITING&#10;        at sun.misc.Unsafe.park(Native Method)&#10;        at java.util.concurrent.locks.LockSupport.parkNanos(LockSupport.java:215)&#10;        at java.util.concurrent.locks.AbstractQueuedSynchronizer$ConditionObject.awaitNanos(AbstractQueuedSynchronizer.java:2078)&#10;        at java.util.concurrent.LinkedBlockingQueue.poll(LinkedBlockingQueue.java:467)&#10;        at org.apache.hadoop.ipc.CallQueueManager.take(CallQueueManager.java:288)&#10;        at org.apache.hadoop.ipc.Server$Handler.run(Server.java:2668)&#10;&quot;pool-46-thread-38&quot;  prio=5 tid=390 in Object.wait()&#10;java.lang.Thread.State: WAITING (on object monitor)&#10;        at sun.misc.Unsafe.park(Native Method)&#10;        at java.util.concurrent.locks.LockSupport.park(LockSupport.java:175)&#10;        at java.util.concurrent.locks.AbstractQueuedSynchronizer$ConditionObject.await(AbstractQueuedSynchronizer.java:2039)&#10;        at java.util.concurrent.ArrayBlockingQueue.take(ArrayBlockingQueue.java:403)&#10;        at java.util.concurrent.ThreadPoolExecutor.getTask(ThreadPoolExecutor.java:1074)&#10;        at java.util.concurrent.ThreadPoolExecutor.runWorker(ThreadPoolExecutor.java:1134)&#10;        at java.util.concurrent.ThreadPoolExecutor$Worker.run(ThreadPoolExecutor.java:624)&#10;        at java.lang.Thread.run(Thread.java:748)&#10;&quot;qtp498748934-191&quot; daemon prio=5 tid=191 timed_waiting&#10;java.lang.Thread.State: TIMED_WAITING&#10;        at sun.misc.Unsafe.park(Native Method)&#10;        at java.util.concurrent.locks.LockSupport.parkNanos(LockSupport.java:215)&#10;        at java.util.concurrent.locks.AbstractQueuedSynchronizer$ConditionObject.awaitNanos(AbstractQueuedSynchronizer.java:2078)&#10;        at org.eclipse.jetty.util.BlockingArrayQueue.poll(BlockingArrayQueue.java:392)&#10;        at org.eclipse.jetty.util.thread.QueuedThreadPool.idleJobPoll(QueuedThreadPool.java:563)&#10;        at org.eclipse.jetty.util.thread.QueuedThreadPool.access$800(QueuedThreadPool.java:48)&#10;        at org.eclipse.jetty.util.thread.QueuedThreadPool$2.run(QueuedThreadPool.java:626)&#10;        at java.lang.Thread.run(Thread.java:748)&#10;&quot;pool-46-thread-30&quot;  prio=5 tid=382 in Object.wait()&#10;java.lang.Thread.State: WAITING (on object monitor)&#10;        at sun.misc.Unsafe.park(Native Method)&#10;        at java.util.concurrent.locks.LockSupport.park(LockSupport.java:175)&#10;        at java.util.concurrent.locks.AbstractQueuedSynchronizer$ConditionObject.await(AbstractQueuedSynchronizer.java:2039)&#10;        at java.util.concurrent.ArrayBlockingQueue.take(ArrayBlockingQueue.java:403)&#10;        at java.util.concurrent.ThreadPoolExecutor.getTask(ThreadPoolExecutor.java:1074)&#10;        at java.util.concurrent.ThreadPoolExecutor.runWorker(ThreadPoolExecutor.java:1134)&#10;        at java.util.concurrent.ThreadPoolExecutor$Worker.run(ThreadPoolExecutor.java:624)&#10;        at java.lang.Thread.run(Thread.java:748)&#10;&quot;pool-46-thread-50&quot;  prio=5 tid=402 in Object.wait()&#10;java.lang.Thread.State: WAITING (on object monitor)&#10;        at sun.misc.Unsafe.park(Native Method)&#10;        at java.util.concurrent.locks.LockSupport.park(LockSupport.java:175)&#10;        at java.util.concurrent.locks.AbstractQueuedSynchronizer$ConditionObject.await(AbstractQueuedSynchronizer.java:2039)&#10;        at java.util.concurrent.ArrayBlockingQueue.take(ArrayBlockingQueue.java:403)&#10;        at java.util.concurrent.ThreadPoolExecutor.getTask(ThreadPoolExecutor.java:1074)&#10;        at java.util.concurrent.ThreadPoolExecutor.runWorker(ThreadPoolExecutor.java:1134)&#10;        at java.util.concurrent.ThreadPoolExecutor$Worker.run(ThreadPoolExecutor.java:624)&#10;        at java.lang.Thread.run(Thread.java:748)&#10;&quot;pool-26-thread-26&quot;  prio=5 tid=288 in Object.wait()&#10;java.lang.Thread.State: WAITING (on object monitor)&#10;        at sun.misc.Unsafe.park(Native Method)&#10;        at java.util.concurrent.locks.LockSupport.park(LockSupport.java:175)&#10;        at java.util.concurrent.locks.AbstractQueuedSynchronizer$ConditionObject.await(AbstractQueuedSynchronizer.java:2039)&#10;        at java.util.concurrent.ArrayBlockingQueue.take(ArrayBlockingQueue.java:403)&#10;        at java.util.concurrent.ThreadPoolExecutor.getTask(ThreadPoolExecutor.java:1074)&#10;        at java.util.concurrent.ThreadPoolExecutor.runWorker(ThreadPoolExecutor.java:1134)&#10;        at java.util.concurrent.ThreadPoolExecutor$Worker.run(ThreadPoolExecutor.java:624)&#10;        at java.lang.Thread.run(Thread.java:748)&#10;&quot;IPC Server handler 18 on 38663&quot; daemon prio=5 tid=87 timed_waiting&#10;java.lang.Thread.State: TIMED_WAITING&#10;        at sun.misc.Unsafe.park(Native Method)&#10;        at java.util.concurrent.locks.LockSupport.parkNanos(LockSupport.java:215)&#10;        at java.util.concurrent.locks.AbstractQueuedSynchronizer$ConditionObject.awaitNanos(AbstractQueuedSynchronizer.java:2078)&#10;        at java.util.concurrent.LinkedBlockingQueue.poll(LinkedBlockingQueue.java:467)&#10;        at org.apache.hadoop.ipc.CallQueueManager.take(CallQueueManager.java:288)&#10;        at org.apache.hadoop.ipc.Server$Handler.run(Server.java:2668)&#10;&quot;pool-36-thread-33&quot;  prio=5 tid=293 in Object.wait()&#10;java.lang.Thread.State: WAITING (on object monitor)&#10;        at sun.misc.Unsafe.park(Native Method)&#10;        at java.util.concurrent.locks.LockSupport.park(LockSupport.java:175)&#10;        at java.util.concurrent.locks.AbstractQueuedSynchronizer$ConditionObject.await(AbstractQueuedSynchronizer.java:2039)&#10;        at java.util.concurrent.ArrayBlockingQueue.take(ArrayBlockingQueue.java:403)&#10;        at java.util.concurrent.ThreadPoolExecutor.getTask(ThreadPoolExecutor.java:1074)&#10;        at java.util.concurrent.ThreadPoolExecutor.runWorker(ThreadPoolExecutor.java:1134)&#10;        at java.util.concurrent.ThreadPoolExecutor$Worker.run(ThreadPoolExecutor.java:624)&#10;        at java.lang.Thread.run(Thread.java:748)&#10;&quot;EventQueue-NewNodeForNewNodeHandler&quot; daemon prio=5 tid=420 in Object.wait()&#10;java.lang.Thread.State: WAITING (on object monitor)&#10;        at sun.misc.Unsafe.park(Native Method)&#10;        at java.util.concurrent.locks.LockSupport.park(LockSupport.java:175)&#10;        at java.util.concurrent.locks.AbstractQueuedSynchronizer$ConditionObject.await(AbstractQueuedSynchronizer.java:2039)&#10;        at java.util.concurrent.LinkedBlockingQueue.take(LinkedBlockingQueue.java:442)&#10;        at java.util.concurrent.ThreadPoolExecutor.getTask(ThreadPoolExecutor.java:1074)&#10;        at java.util.concurrent.ThreadPoolExecutor.runWorker(ThreadPoolExecutor.java:1134)&#10;        at java.util.concurrent.ThreadPoolExecutor$Worker.run(ThreadPoolExecutor.java:624)&#10;        at java.lang.Thread.run(Thread.java:748)&#10;&quot;pool-46-thread-17&quot;  prio=5 tid=369 in Object.wait()&#10;java.lang.Thread.State: WAITING (on object monitor)&#10;        at sun.misc.Unsafe.park(Native Method)&#10;        at java.util.concurrent.locks.LockSupport.park(LockSupport.java:175)&#10;        at java.util.concurrent.locks.AbstractQueuedSynchronizer$ConditionObject.await(AbstractQueuedSynchronizer.java:2039)&#10;        at java.util.concurrent.ArrayBlockingQueue.take(ArrayBlockingQueue.java:403)&#10;        at java.util.concurrent.ThreadPoolExecutor.getTask(ThreadPoolExecutor.java:1074)&#10;        at java.util.concurrent.ThreadPoolExecutor.runWorker(ThreadPoolExecutor.java:1134)&#10;        at java.util.concurrent.ThreadPoolExecutor$Worker.run(ThreadPoolExecutor.java:624)&#10;        at java.lang.Thread.run(Thread.java:748)&#10;&quot;IPC Server handler 7 on 46440&quot; daemon prio=5 tid=56 timed_waiting&#10;java.lang.Thread.State: TIMED_WAITING&#10;        at sun.misc.Unsafe.park(Native Method)&#10;        at java.util.concurrent.locks.LockSupport.parkNanos(LockSupport.java:215)&#10;        at java.util.concurrent.locks.AbstractQueuedSynchronizer$ConditionObject.awaitNanos(AbstractQueuedSynchronizer.java:2078)&#10;        at java.util.concurrent.LinkedBlockingQueue.poll(LinkedBlockingQueue.java:467)&#10;        at org.apache.hadoop.ipc.CallQueueManager.take(CallQueueManager.java:288)&#10;        at org.apache.hadoop.ipc.Server$Handler.run(Server.java:2668)&#10;&quot;pool-46-thread-51&quot;  prio=5 tid=403 in Object.wait()&#10;java.lang.Thread.State: WAITING (on object monitor)&#10;        at sun.misc.Unsafe.park(Native Method)&#10;        at java.util.concurrent.locks.LockSupport.park(LockSupport.java:175)&#10;        at java.util.concurrent.locks.AbstractQueuedSynchronizer$ConditionObject.await(AbstractQueuedSynchronizer.java:2039)&#10;        at java.util.concurrent.ArrayBlockingQueue.take(ArrayBlockingQueue.java:403)&#10;        at java.util.concurrent.ThreadPoolExecutor.getTask(ThreadPoolExecutor.java:1074)&#10;        at java.util.concurrent.ThreadPoolExecutor.runWorker(ThreadPoolExecutor.java:1134)&#10;        at java.util.concurrent.ThreadPoolExecutor$Worker.run(ThreadPoolExecutor.java:624)&#10;        at java.lang.Thread.run(Thread.java:748)&#10;&quot;IPC Server handler 13 on 35339&quot; daemon prio=5 tid=128 timed_waiting&#10;java.lang.Thread.State: TIMED_WAITING&#10;        at sun.misc.Unsafe.park(Native Method)&#10;        at java.util.concurrent.locks.LockSupport.parkNanos(LockSupport.java:215)&#10;        at java.util.concurrent.locks.AbstractQueuedSynchronizer$ConditionObject.awaitNanos(AbstractQueuedSynchronizer.java:2078)&#10;        at java.util.concurrent.LinkedBlockingQueue.poll(LinkedBlockingQueue.java:467)&#10;        at org.apache.hadoop.ipc.CallQueueManager.take(CallQueueManager.java:288)&#10;        at org.apache.hadoop.ipc.Server$Handler.run(Server.java:2668)&#10;&quot;metrics-hadoop-metrics2-reporter-22-thread-1&quot; daemon prio=5 tid=521 timed_waiting&#10;java.lang.Thread.State: TIMED_WAITING&#10;        at sun.misc.Unsafe.park(Native Method)&#10;        at java.util.concurrent.locks.LockSupport.parkNanos(LockSupport.java:215)&#10;        at java.util.concurrent.locks.AbstractQueuedSynchronizer$ConditionObject.awaitNanos(AbstractQueuedSynchronizer.java:2078)&#10;        at java.util.concurrent.ScheduledThreadPoolExecutor$DelayedWorkQueue.take(ScheduledThreadPoolExecutor.java:1093)&#10;        at java.util.concurrent.ScheduledThreadPoolExecutor$DelayedWorkQueue.take(ScheduledThreadPoolExecutor.java:809)&#10;        at java.util.concurrent.ThreadPoolExecutor.getTask(ThreadPoolExecutor.java:1074)&#10;        at java.util.concurrent.ThreadPoolExecutor.runWorker(ThreadPoolExecutor.java:1134)&#10;        at java.util.concurrent.ThreadPoolExecutor$Worker.run(ThreadPoolExecutor.java:624)&#10;        at java.lang.Thread.run(Thread.java:748)&#10;&quot;jaeger.RemoteReporter-QueueProcessor&quot; daemon prio=5 tid=147 in Object.wait()&#10;java.lang.Thread.State: WAITING (on object monitor)&#10;        at sun.misc.Unsafe.park(Native Method)&#10;        at java.util.concurrent.locks.LockSupport.park(LockSupport.java:175)&#10;        at java.util.concurrent.locks.AbstractQueuedSynchronizer$ConditionObject.await(AbstractQueuedSynchronizer.java:2039)&#10;        at java.util.concurrent.ArrayBlockingQueue.take(ArrayBlockingQueue.java:403)&#10;        at io.jaegertracing.internal.reporters.RemoteReporter$QueueProcessor.run(RemoteReporter.java:173)&#10;        at java.lang.Thread.run(Thread.java:748)&#10;&quot;Datanode State Machine Thread - 0&quot; daemon prio=5 tid=170 timed_waiting&#10;java.lang.Thread.State: TIMED_WAITING&#10;        at java.lang.Thread.sleep(Native Method)&#10;        at org.apache.hadoop.ozone.container.common.statemachine.DatanodeStateMachine.start(DatanodeStateMachine.java:191)&#10;        at org.apache.hadoop.ozone.container.common.statemachine.DatanodeStateMachine.lambda$startDaemon$0(DatanodeStateMachine.java:349)&#10;        at org.apache.hadoop.ozone.container.common.statemachine.DatanodeStateMachine$$Lambda$140/903195729.run(Unknown Source)&#10;        at java.lang.Thread.run(Thread.java:748)&#10;&quot;pool-26-thread-9&quot;  prio=5 tid=250 in Object.wait()&#10;java.lang.Thread.State: WAITING (on object monitor)&#10;        at sun.misc.Unsafe.park(Native Method)&#10;        at java.util.concurrent.locks.LockSupport.park(LockSupport.java:175)&#10;        at java.util.concurrent.locks.AbstractQueuedSynchronizer$ConditionObject.await(AbstractQueuedSynchronizer.java:2039)&#10;        at java.util.concurrent.ArrayBlockingQueue.take(ArrayBlockingQueue.java:403)&#10;        at java.util.concurrent.ThreadPoolExecutor.getTask(ThreadPoolExecutor.java:1074)&#10;        at java.util.concurrent.ThreadPoolExecutor.runWorker(ThreadPoolExecutor.java:1134)&#10;        at java.util.concurrent.ThreadPoolExecutor$Worker.run(ThreadPoolExecutor.java:624)&#10;        at java.lang.Thread.run(Thread.java:748)&#10;&quot;Periodic HDDS volume checker&quot;  prio=5 tid=177 timed_waiting&#10;java.lang.Thread.State: TIMED_WAITING&#10;        at sun.misc.Unsafe.park(Native Method)&#10;        at java.util.concurrent.locks.LockSupport.parkNanos(LockSupport.java:215)&#10;        at java.util.concurrent.locks.AbstractQueuedSynchronizer$ConditionObject.awaitNanos(AbstractQueuedSynchronizer.java:2078)&#10;        at java.util.concurrent.ScheduledThreadPoolExecutor$DelayedWorkQueue.take(ScheduledThreadPoolExecutor.java:1093)&#10;        at java.util.concurrent.ScheduledThreadPoolExecutor$DelayedWorkQueue.take(ScheduledThreadPoolExecutor.java:809)&#10;        at java.util.concurrent.ThreadPoolExecutor.getTask(ThreadPoolExecutor.java:1074)&#10;        at java.util.concurrent.ThreadPoolExecutor.runWorker(ThreadPoolExecutor.java:1134)&#10;        at java.util.concurrent.ThreadPoolExecutor$Worker.run(ThreadPoolExecutor.java:624)&#10;        at java.lang.Thread.run(Thread.java:748)&#10;&quot;pool-46-thread-6&quot;  prio=5 tid=358 in Object.wait()&#10;java.lang.Thread.State: WAITING (on object monitor)&#10;        at sun.misc.Unsafe.park(Native Method)&#10;        at java.util.concurrent.locks.LockSupport.park(LockSupport.java:175)&#10;        at java.util.concurrent.locks.AbstractQueuedSynchronizer$ConditionObject.await(AbstractQueuedSynchronizer.java:2039)&#10;        at java.util.concurrent.ArrayBlockingQueue.take(ArrayBlockingQueue.java:403)&#10;        at java.util.concurrent.ThreadPoolExecutor.getTask(ThreadPoolExecutor.java:1074)&#10;        at java.util.concurrent.ThreadPoolExecutor.runWorker(ThreadPoolExecutor.java:1134)&#10;        at java.util.concurrent.ThreadPoolExecutor$Worker.run(ThreadPoolExecutor.java:624)&#10;        at java.lang.Thread.run(Thread.java:748)&#10;&quot;pool-46-thread-1&quot;  prio=5 tid=353 in Object.wait()&#10;java.lang.Thread.State: WAITING (on object monitor)&#10;        at sun.misc.Unsafe.park(Native Method)&#10;        at java.util.concurrent.locks.LockSupport.park(LockSupport.java:175)&#10;        at java.util.concurrent.locks.AbstractQueuedSynchronizer$ConditionObject.await(AbstractQueuedSynchronizer.java:2039)&#10;        at java.util.concurrent.ArrayBlockingQueue.take(ArrayBlockingQueue.java:403)&#10;        at java.util.concurrent.ThreadPoolExecutor.getTask(ThreadPoolExecutor.java:1074)&#10;        at java.util.concurrent.ThreadPoolExecutor.runWorker(ThreadPoolExecutor.java:1134)&#10;        at java.util.concurrent.ThreadPoolExecutor$Worker.run(ThreadPoolExecutor.java:624)&#10;        at java.lang.Thread.run(Thread.java:748)&#10;&quot;pool-26-thread-34&quot;  prio=5 tid=304 in Object.wait()&#10;java.lang.Thread.State: WAITING (on object monitor)&#10;        at sun.misc.Unsafe.park(Native Method)&#10;        at java.util.concurrent.locks.LockSupport.park(LockSupport.java:175)&#10;        at java.util.concurrent.locks.AbstractQueuedSynchronizer$ConditionObject.await(AbstractQueuedSynchronizer.java:2039)&#10;        at java.util.concurrent.ArrayBlockingQueue.take(ArrayBlockingQueue.java:403)&#10;        at java.util.concurrent.ThreadPoolExecutor.getTask(ThreadPoolExecutor.java:1074)&#10;        at java.util.concurrent.ThreadPoolExecutor.runWorker(ThreadPoolExecutor.java:1134)&#10;        at java.util.concurrent.ThreadPoolExecutor$Worker.run(ThreadPoolExecutor.java:624)&#10;        at java.lang.Thread.run(Thread.java:748)&#10;&quot;metrics-hadoop-metrics2-reporter-6-thread-1&quot; daemon prio=5 tid=449 timed_waiting&#10;java.lang.Thread.State: TIMED_WAITING&#10;        at sun.misc.Unsafe.park(Native Method)&#10;        at java.util.concurrent.locks.LockSupport.parkNanos(LockSupport.java:215)&#10;        at java.util.concurrent.locks.AbstractQueuedSynchronizer$ConditionObject.awaitNanos(AbstractQueuedSynchronizer.java:2078)&#10;        at java.util.concurrent.ScheduledThreadPoolExecutor$DelayedWorkQueue.take(ScheduledThreadPoolExecutor.java:1093)&#10;        at java.util.concurrent.ScheduledThreadPoolExecutor$DelayedWorkQueue.take(ScheduledThreadPoolExecutor.java:809)&#10;        at java.util.concurrent.ThreadPoolExecutor.getTask(ThreadPoolExecutor.java:1074)&#10;        at java.util.concurrent.ThreadPoolExecutor.runWorker(ThreadPoolExecutor.java:1134)&#10;        at java.util.concurrent.ThreadPoolExecutor$Worker.run(ThreadPoolExecutor.java:624)&#10;        at java.lang.Thread.run(Thread.java:748)&#10;&quot;metrics-hadoop-metrics2-reporter-20-thread-1&quot; daemon prio=5 tid=489 timed_waiting&#10;java.lang.Thread.State: TIMED_WAITING&#10;        at sun.misc.Unsafe.park(Native Method)&#10;        at java.util.concurrent.locks.LockSupport.parkNanos(LockSupport.java:215)&#10;        at java.util.concurrent.locks.AbstractQueuedSynchronizer$ConditionObject.awaitNanos(AbstractQueuedSynchronizer.java:2078)&#10;        at java.util.concurrent.ScheduledThreadPoolExecutor$DelayedWorkQueue.take(ScheduledThreadPoolExecutor.java:1093)&#10;        at java.util.concurrent.ScheduledThreadPoolExecutor$DelayedWorkQueue.take(ScheduledThreadPoolExecutor.java:809)&#10;        at java.util.concurrent.ThreadPoolExecutor.getTask(ThreadPoolExecutor.java:1074)&#10;        at java.util.concurrent.ThreadPoolExecutor.runWorker(ThreadPoolExecutor.java:1134)&#10;        at java.util.concurrent.ThreadPoolExecutor$Worker.run(ThreadPoolExecutor.java:624)&#10;        at java.lang.Thread.run(Thread.java:748)&#10;&quot;IPC Server handler 0 on 35339&quot; daemon prio=5 tid=114 timed_waiting&#10;java.lang.Thread.State: TIMED_WAITING&#10;        at sun.misc.Unsafe.park(Native Method)&#10;        at java.util.concurrent.locks.LockSupport.parkNanos(LockSupport.java:215)&#10;        at java.util.concurrent.locks.AbstractQueuedSynchronizer$ConditionObject.awaitNanos(AbstractQueuedSynchronizer.java:2078)&#10;        at java.util.concurrent.LinkedBlockingQueue.poll(LinkedBlockingQueue.java:467)&#10;        at org.apache.hadoop.ipc.CallQueueManager.take(CallQueueManager.java:288)&#10;        at org.apache.hadoop.ipc.Server$Handler.run(Server.java:2668)&#10;&quot;pool-36-thread-24&quot;  prio=5 tid=275 in Object.wait()&#10;java.lang.Thread.State: WAITING (on object monitor)&#10;        at sun.misc.Unsafe.park(Native Method)&#10;        at java.util.concurrent.locks.LockSupport.park(LockSupport.java:175)&#10;        at java.util.concurrent.locks.AbstractQueuedSynchronizer$ConditionObject.await(AbstractQueuedSynchronizer.java:2039)&#10;        at java.util.concurrent.ArrayBlockingQueue.take(ArrayBlockingQueue.java:403)&#10;        at java.util.concurrent.ThreadPoolExecutor.getTask(ThreadPoolExecutor.java:1074)&#10;        at java.util.concurrent.ThreadPoolExecutor.runWorker(ThreadPoolExecutor.java:1134)&#10;        at java.util.concurrent.ThreadPoolExecutor$Worker.run(ThreadPoolExecutor.java:624)&#10;        at java.lang.Thread.run(Thread.java:748)&#10;&quot;pool-26-thread-39&quot;  prio=5 tid=314 in Object.wait()&#10;java.lang.Thread.State: WAITING (on object monitor)&#10;        at sun.misc.Unsafe.park(Native Method)&#10;        at java.util.concurrent.locks.LockSupport.park(LockSupport.java:175)&#10;        at java.util.concurrent.locks.AbstractQueuedSynchronizer$ConditionObject.await(AbstractQueuedSynchronizer.java:2039)&#10;        at java.util.concurrent.ArrayBlockingQueue.take(ArrayBlockingQueue.java:403)&#10;        at java.util.concurrent.ThreadPoolExecutor.getTask(ThreadPoolExecutor.java:1074)&#10;        at java.util.concurrent.ThreadPoolExecutor.runWorker(ThreadPoolExecutor.java:1134)&#10;        at java.util.concurrent.ThreadPoolExecutor$Worker.run(ThreadPoolExecutor.java:624)&#10;        at java.lang.Thread.run(Thread.java:748)&#10;&quot;Datanode State Machine Thread - 0&quot; daemon prio=5 tid=204 timed_waiting&#10;java.lang.Thread.State: TIMED_WAITING&#10;        at sun.misc.Unsafe.park(Native Method)&#10;        at java.util.concurrent.locks.LockSupport.parkNanos(LockSupport.java:215)&#10;        at java.util.concurrent.SynchronousQueue$TransferStack.awaitFulfill(SynchronousQueue.java:460)&#10;        at java.util.concurrent.SynchronousQueue$TransferStack.transfer(SynchronousQueue.java:362)&#10;        at java.util.concurrent.SynchronousQueue.poll(SynchronousQueue.java:941)&#10;        at java.util.concurrent.ThreadPoolExecutor.getTask(ThreadPoolExecutor.java:1073)&#10;        at java.util.concurrent.ThreadPoolExecutor.runWorker(ThreadPoolExecutor.java:1134)&#10;        at java.util.concurrent.ThreadPoolExecutor$Worker.run(ThreadPoolExecutor.java:624)&#10;        at java.lang.Thread.run(Thread.java:748)&#10;&quot;IPC Server handler 6 on 45958&quot; daemon prio=5 tid=35 timed_waiting&#10;java.lang.Thread.State: TIMED_WAITING&#10;        at sun.misc.Unsafe.park(Native Method)&#10;        at java.util.concurrent.locks.LockSupport.parkNanos(LockSupport.java:215)&#10;        at java.util.concurrent.locks.AbstractQueuedSynchronizer$ConditionObject.awaitNanos(AbstractQueuedSynchronizer.java:2078)&#10;        at java.util.concurrent.LinkedBlockingQueue.poll(LinkedBlockingQueue.java:467)&#10;        at org.apache.hadoop.ipc.CallQueueManager.take(CallQueueManager.java:288)&#10;        at org.apache.hadoop.ipc.Server$Handler.run(Server.java:2668)&#10;&quot;pool-36-thread-36&quot;  prio=5 tid=299 in Object.wait()&#10;java.lang.Thread.State: WAITING (on object monitor)&#10;        at sun.misc.Unsafe.park(Native Method)&#10;        at java.util.concurrent.locks.LockSupport.park(LockSupport.java:175)&#10;        at java.util.concurrent.locks.AbstractQueuedSynchronizer$ConditionObject.await(AbstractQueuedSynchronizer.java:2039)&#10;        at java.util.concurrent.ArrayBlockingQueue.take(ArrayBlockingQueue.java:403)&#10;        at java.util.concurrent.ThreadPoolExecutor.getTask(ThreadPoolExecutor.java:1074)&#10;        at java.util.concurrent.ThreadPoolExecutor.runWorker(ThreadPoolExecutor.java:1134)&#10;        at java.util.concurrent.ThreadPoolExecutor$Worker.run(ThreadPoolExecutor.java:624)&#10;        at java.lang.Thread.run(Thread.java:748)&#10;&quot;qtp2095970915-140&quot; daemon prio=5 tid=140 timed_waiting&#10;java.lang.Thread.State: TIMED_WAITING&#10;        at sun.misc.Unsafe.park(Native Method)&#10;        at java.util.concurrent.locks.LockSupport.parkNanos(LockSupport.java:215)&#10;        at java.util.concurrent.locks.AbstractQueuedSynchronizer$ConditionObject.awaitNanos(AbstractQueuedSynchronizer.java:2078)&#10;        at org.eclipse.jetty.util.BlockingArrayQueue.poll(BlockingArrayQueue.java:392)&#10;        at org.eclipse.jetty.util.thread.QueuedThreadPool.idleJobPoll(QueuedThreadPool.java:563)&#10;        at org.eclipse.jetty.util.thread.QueuedThreadPool.access$800(QueuedThreadPool.java:48)&#10;        at org.eclipse.jetty.util.thread.QueuedThreadPool$2.run(QueuedThreadPool.java:626)&#10;        at java.lang.Thread.run(Thread.java:748)&#10;&quot;IPC Server handler 9 on 35339&quot; daemon prio=5 tid=123 timed_waiting&#10;java.lang.Thread.State: TIMED_WAITING&#10;        at sun.misc.Unsafe.park(Native Method)&#10;        at java.util.concurrent.locks.LockSupport.parkNanos(LockSupport.java:215)&#10;        at java.util.concurrent.locks.AbstractQueuedSynchronizer$ConditionObject.awaitNanos(AbstractQueuedSynchronizer.java:2078)&#10;        at java.util.concurrent.LinkedBlockingQueue.poll(LinkedBlockingQueue.java:467)&#10;        at org.apache.hadoop.ipc.CallQueueManager.take(CallQueueManager.java:288)&#10;        at org.apache.hadoop.ipc.Server$Handler.run(Server.java:2668)&#10;&quot;org.apache.hadoop.util.JvmPauseMonitor$Monitor@5aa0dbf4&quot; daemon prio=5 tid=102 timed_waiting&#10;java.lang.Thread.State: TIMED_WAITING&#10;        at java.lang.Thread.sleep(Native Method)&#10;        at org.apache.hadoop.util.JvmPauseMonitor$Monitor.run(JvmPauseMonitor.java:192)&#10;        at java.lang.Thread.run(Thread.java:748)&#10;&quot;IPC Server handler 0 on 38663&quot; daemon prio=5 tid=69 timed_waiting&#10;java.lang.Thread.State: TIMED_WAITING&#10;        at sun.misc.Unsafe.park(Native Method)&#10;        at java.util.concurrent.locks.LockSupport.parkNanos(LockSupport.java:215)&#10;        at java.util.concurrent.locks.AbstractQueuedSynchronizer$ConditionObject.awaitNanos(AbstractQueuedSynchronizer.java:2078)&#10;        at java.util.concurrent.LinkedBlockingQueue.poll(LinkedBlockingQueue.java:467)&#10;        at org.apache.hadoop.ipc.CallQueueManager.take(CallQueueManager.java:288)&#10;        at org.apache.hadoop.ipc.Server$Handler.run(Server.java:2668)&#10;&quot;pool-26-thread-41&quot;  prio=5 tid=318 in Object.wait()&#10;java.lang.Thread.State: WAITING (on object monitor)&#10;        at sun.misc.Unsafe.park(Native Method)&#10;        at java.util.concurrent.locks.LockSupport.park(LockSupport.java:175)&#10;        at java.util.concurrent.locks.AbstractQueuedSynchronizer$ConditionObject.await(AbstractQueuedSynchronizer.java:2039)&#10;        at java.util.concurrent.ArrayBlockingQueue.take(ArrayBlockingQueue.java:403)&#10;        at java.util.concurrent.ThreadPoolExecutor.getTask(ThreadPoolExecutor.java:1074)&#10;        at java.util.concurrent.ThreadPoolExecutor.runWorker(ThreadPoolExecutor.java:1134)&#10;        at java.util.concurrent.ThreadPoolExecutor$Worker.run(ThreadPoolExecutor.java:624)&#10;        at java.lang.Thread.run(Thread.java:748)&#10;&quot;pool-46-thread-23&quot;  prio=5 tid=375 in Object.wait()&#10;java.lang.Thread.State: WAITING (on object monitor)&#10;        at sun.misc.Unsafe.park(Native Method)&#10;        at java.util.concurrent.locks.LockSupport.park(LockSupport.java:175)&#10;        at java.util.concurrent.locks.AbstractQueuedSynchronizer$ConditionObject.await(AbstractQueuedSynchronizer.java:2039)&#10;        at java.util.concurrent.ArrayBlockingQueue.take(ArrayBlockingQueue.java:403)&#10;        at java.util.concurrent.ThreadPoolExecutor.getTask(ThreadPoolExecutor.java:1074)&#10;        at java.util.concurrent.ThreadPoolExecutor.runWorker(ThreadPoolExecutor.java:1134)&#10;        at java.util.concurrent.ThreadPoolExecutor$Worker.run(ThreadPoolExecutor.java:624)&#10;        at java.lang.Thread.run(Thread.java:748)&#10;&quot;Socket Reader #1 for port 45958&quot;  prio=5 tid=23 runnable&#10;java.lang.Thread.State: RUNNABLE&#10;        at sun.nio.ch.EPollArrayWrapper.epollWait(Native Method)&#10;        at sun.nio.ch.EPollArrayWrapper.poll(EPollArrayWrapper.java:269)&#10;        at sun.nio.ch.EPollSelectorImpl.doSelect(EPollSelectorImpl.java:93)&#10;        at sun.nio.ch.SelectorImpl.lockAndDoSelect(SelectorImpl.java:86)&#10;        at sun.nio.ch.SelectorImpl.select(SelectorImpl.java:97)&#10;        at sun.nio.ch.SelectorImpl.select(SelectorImpl.java:101)&#10;        at org.apache.hadoop.ipc.Server$Listener$Reader.doRunLoop(Server.java:1097)&#10;        at org.apache.hadoop.ipc.Server$Listener$Reader.run(Server.java:1076)&#10;&quot;metrics-hadoop-metrics2-reporter-9-thread-1&quot; daemon prio=5 tid=455 timed_waiting&#10;java.lang.Thread.State: TIMED_WAITING&#10;        at sun.misc.Unsafe.park(Native Method)&#10;        at java.util.concurrent.locks.LockSupport.parkNanos(LockSupport.java:215)&#10;        at java.util.concurrent.locks.AbstractQueuedSynchronizer$ConditionObject.awaitNanos(AbstractQueuedSynchronizer.java:2078)&#10;        at java.util.concurrent.ScheduledThreadPoolExecutor$DelayedWorkQueue.take(ScheduledThreadPoolExecutor.java:1093)&#10;        at java.util.concurrent.ScheduledThreadPoolExecutor$DelayedWorkQueue.take(ScheduledThreadPoolExecutor.java:809)&#10;        at java.util.concurrent.ThreadPoolExecutor.getTask(ThreadPoolExecutor.java:1074)&#10;        at java.util.concurrent.ThreadPoolExecutor.runWorker(ThreadPoolExecutor.java:1134)&#10;        at java.util.concurrent.ThreadPoolExecutor$Worker.run(ThreadPoolExecutor.java:624)&#10;        at java.lang.Thread.run(Thread.java:748)&#10;&quot;IPC Server handler 14 on 45958&quot; daemon prio=5 tid=43 timed_waiting&#10;java.lang.Thread.State: TIMED_WAITING&#10;        at sun.misc.Unsafe.park(Native Method)&#10;        at java.util.concurrent.locks.LockSupport.parkNanos(LockSupport.java:215)&#10;        at java.util.concurrent.locks.AbstractQueuedSynchronizer$ConditionObject.awaitNanos(AbstractQueuedSynchronizer.java:2078)&#10;        at java.util.concurrent.LinkedBlockingQueue.poll(LinkedBlockingQueue.java:467)&#10;        at org.apache.hadoop.ipc.CallQueueManager.take(CallQueueManager.java:288)&#10;        at org.apache.hadoop.ipc.Server$Handler.run(Server.java:2668)&#10;&quot;pool-26-thread-42&quot;  prio=5 tid=320 in Object.wait()&#10;java.lang.Thread.State: WAITING (on object monitor)&#10;        at sun.misc.Unsafe.park(Native Method)&#10;        at java.util.concurrent.locks.LockSupport.park(LockSupport.java:175)&#10;        at java.util.concurrent.locks.AbstractQueuedSynchronizer$ConditionObject.await(AbstractQueuedSynchronizer.java:2039)&#10;        at java.util.concurrent.ArrayBlockingQueue.take(ArrayBlockingQueue.java:403)&#10;        at java.util.concurrent.ThreadPoolExecutor.getTask(ThreadPoolExecutor.java:1074)&#10;        at java.util.concurrent.ThreadPoolExecutor.runWorker(ThreadPoolExecutor.java:1134)&#10;        at java.util.concurrent.ThreadPoolExecutor$Worker.run(ThreadPoolExecutor.java:624)&#10;        at java.lang.Thread.run(Thread.java:748)&#10;&quot;904f39be-c3d3-4df4-99c0-2e4526e577e3@group-146C50BE7901-SegmentedRaftLogWorker&quot;  prio=5 tid=563 timed_waiting&#10;java.lang.Thread.State: TIMED_WAITING&#10;        at sun.misc.Unsafe.park(Native Method)&#10;        at java.util.concurrent.locks.LockSupport.parkNanos(LockSupport.java:215)&#10;        at java.util.concurrent.locks.AbstractQueuedSynchronizer$ConditionObject.awaitNanos(AbstractQueuedSynchronizer.java:2078)&#10;        at org.apache.ratis.util.DataBlockingQueue.poll(DataBlockingQueue.java:137)&#10;        at org.apache.ratis.server.raftlog.segmented.SegmentedRaftLogWorker.run(SegmentedRaftLogWorker.java:282)&#10;        at java.lang.Thread.run(Thread.java:748)&#10;&quot;IPC Server handler 3 on 35339&quot; daemon prio=5 tid=117 timed_waiting&#10;java.lang.Thread.State: TIMED_WAITING&#10;        at sun.misc.Unsafe.park(Native Method)&#10;        at java.util.concurrent.locks.LockSupport.parkNanos(LockSupport.java:215)&#10;        at java.util.concurrent.locks.AbstractQueuedSynchronizer$ConditionObject.awaitNanos(AbstractQueuedSynchronizer.java:2078)&#10;        at java.util.concurrent.LinkedBlockingQueue.poll(LinkedBlockingQueue.java:467)&#10;        at org.apache.hadoop.ipc.CallQueueManager.take(CallQueueManager.java:288)&#10;        at org.apache.hadoop.ipc.Server$Handler.run(Server.java:2668)&#10;&quot;pool-26-thread-22&quot;  prio=5 tid=280 in Object.wait()&#10;java.lang.Thread.State: WAITING (on object monitor)&#10;        at sun.misc.Unsafe.park(Native Method)&#10;        at java.util.concurrent.locks.LockSupport.park(LockSupport.java:175)&#10;        at java.util.concurrent.locks.AbstractQueuedSynchronizer$ConditionObject.await(AbstractQueuedSynchronizer.java:2039)&#10;        at java.util.concurrent.ArrayBlockingQueue.take(ArrayBlockingQueue.java:403)&#10;        at java.util.concurrent.ThreadPoolExecutor.getTask(ThreadPoolExecutor.java:1074)&#10;        at java.util.concurrent.ThreadPoolExecutor.runWorker(ThreadPoolExecutor.java:1134)&#10;        at java.util.concurrent.ThreadPoolExecutor$Worker.run(ThreadPoolExecutor.java:624)&#10;        at java.lang.Thread.run(Thread.java:748)&#10;&quot;IPC Server handler 8 on 35339&quot; daemon prio=5 tid=122 timed_waiting&#10;java.lang.Thread.State: TIMED_WAITING&#10;        at sun.misc.Unsafe.park(Native Method)&#10;        at java.util.concurrent.locks.LockSupport.parkNanos(LockSupport.java:215)&#10;        at java.util.concurrent.locks.AbstractQueuedSynchronizer$ConditionObject.awaitNanos(AbstractQueuedSynchronizer.java:2078)&#10;        at java.util.concurrent.LinkedBlockingQueue.poll(LinkedBlockingQueue.java:467)&#10;        at org.apache.hadoop.ipc.CallQueueManager.take(CallQueueManager.java:288)&#10;        at org.apache.hadoop.ipc.Server$Handler.run(Server.java:2668)&#10;&quot;pool-36-thread-51&quot;  prio=5 tid=329 in Object.wait()&#10;java.lang.Thread.State: WAITING (on object monitor)&#10;        at sun.misc.Unsafe.park(Native Method)&#10;        at java.util.concurrent.locks.LockSupport.park(LockSupport.java:175)&#10;        at java.util.concurrent.locks.AbstractQueuedSynchronizer$ConditionObject.await(AbstractQueuedSynchronizer.java:2039)&#10;        at java.util.concurrent.ArrayBlockingQueue.take(ArrayBlockingQueue.java:403)&#10;        at java.util.concurrent.ThreadPoolExecutor.getTask(ThreadPoolExecutor.java:1074)&#10;        at java.util.concurrent.ThreadPoolExecutor.runWorker(ThreadPoolExecutor.java:1134)&#10;        at java.util.concurrent.ThreadPoolExecutor$Worker.run(ThreadPoolExecutor.java:624)&#10;        at java.lang.Thread.run(Thread.java:748)&#10;&quot;52743044-8979-4a08-8013-92a14c548982@group-146C50BE7901-LeaderElection250-2&quot; daemon prio=5 tid=2266 in Object.wait()&#10;java.lang.Thread.State: WAITING (on object monitor)&#10;        at sun.misc.Unsafe.park(Native Method)&#10;        at java.util.concurrent.locks.LockSupport.park(LockSupport.java:175)&#10;        at java.util.concurrent.locks.AbstractQueuedSynchronizer$ConditionObject.await(AbstractQueuedSynchronizer.java:2039)&#10;        at java.util.concurrent.LinkedBlockingQueue.take(LinkedBlockingQueue.java:442)&#10;        at org.apache.ratis.thirdparty.io.grpc.stub.ClientCalls$ThreadlessExecutor.waitAndDrain(ClientCalls.java:642)&#10;        at org.apache.ratis.thirdparty.io.grpc.stub.ClientCalls.blockingUnaryCall(ClientCalls.java:130)&#10;        at org.apache.ratis.proto.grpc.RaftServerProtocolServiceGrpc$RaftServerProtocolServiceBlockingStub.requestVote(RaftServerProtocolServiceGrpc.java:265)&#10;        at org.apache.ratis.grpc.server.GrpcServerProtocolClient.requestVote(GrpcServerProtocolClient.java:99)&#10;        at org.apache.ratis.grpc.server.GrpcService.requestVote(GrpcService.java:204)&#10;        at org.apache.ratis.server.impl.LeaderElection.lambda$submitRequests$1(LeaderElection.java:234)&#10;        at org.apache.ratis.server.impl.LeaderElection$$Lambda$383/142902806.call(Unknown Source)&#10;        at java.util.concurrent.FutureTask.run(FutureTask.java:266)&#10;        at java.util.concurrent.Executors$RunnableAdapter.call(Executors.java:511)&#10;        at java.util.concurrent.FutureTask.run(FutureTask.java:266)&#10;        at java.util.concurrent.ThreadPoolExecutor.runWorker(ThreadPoolExecutor.java:1149)&#10;        at java.util.concurrent.ThreadPoolExecutor$Worker.run(ThreadPoolExecutor.java:624)&#10;        at java.lang.Thread.run(Thread.java:748)&#10;&quot;qtp2095970915-141&quot; daemon prio=5 tid=141 timed_waiting&#10;java.lang.Thread.State: TIMED_WAITING&#10;        at sun.misc.Unsafe.park(Native Method)&#10;        at java.util.concurrent.locks.LockSupport.parkNanos(LockSupport.java:215)&#10;        at java.util.concurrent.locks.AbstractQueuedSynchronizer$ConditionObject.awaitNanos(AbstractQueuedSynchronizer.java:2078)&#10;        at org.eclipse.jetty.util.BlockingArrayQueue.poll(BlockingArrayQueue.java:392)&#10;        at org.eclipse.jetty.util.thread.QueuedThreadPool.idleJobPoll(QueuedThreadPool.java:563)&#10;        at org.eclipse.jetty.util.thread.QueuedThreadPool.access$800(QueuedThreadPool.java:48)&#10;        at org.eclipse.jetty.util.thread.QueuedThreadPool$2.run(QueuedThreadPool.java:626)&#10;        at java.lang.Thread.run(Thread.java:748)&#10;&quot;qtp245298614-164&quot; daemon prio=5 tid=164 timed_waiting&#10;java.lang.Thread.State: TIMED_WAITING&#10;        at sun.misc.Unsafe.park(Native Method)&#10;        at java.util.concurrent.locks.LockSupport.parkNanos(LockSupport.java:215)&#10;        at java.util.concurrent.locks.AbstractQueuedSynchronizer$ConditionObject.awaitNanos(AbstractQueuedSynchronizer.java:2078)&#10;        at org.eclipse.jetty.util.BlockingArrayQueue.poll(BlockingArrayQueue.java:392)&#10;        at org.eclipse.jetty.util.thread.QueuedThreadPool.idleJobPoll(QueuedThreadPool.java:563)&#10;        at org.eclipse.jetty.util.thread.QueuedThreadPool.access$800(QueuedThreadPool.java:48)&#10;        at org.eclipse.jetty.util.thread.QueuedThreadPool$2.run(QueuedThreadPool.java:626)&#10;        at java.lang.Thread.run(Thread.java:748)&#10;&quot;Datanode State Machine Thread - 0&quot; daemon prio=5 tid=224 timed_waiting&#10;java.lang.Thread.State: TIMED_WAITING&#10;        at java.lang.Thread.sleep(Native Method)&#10;        at org.apache.hadoop.ozone.container.common.statemachine.DatanodeStateMachine.start(DatanodeStateMachine.java:191)&#10;        at org.apache.hadoop.ozone.container.common.statemachine.DatanodeStateMachine.lambda$startDaemon$0(DatanodeStateMachine.java:349)&#10;        at org.apache.hadoop.ozone.container.common.statemachine.DatanodeStateMachine$$Lambda$140/903195729.run(Unknown Source)&#10;        at java.lang.Thread.run(Thread.java:748)&#10;&quot;IPC Server handler 11 on 35339&quot; daemon prio=5 tid=125 timed_waiting&#10;java.lang.Thread.State: TIMED_WAITING&#10;        at sun.misc.Unsafe.park(Native Method)&#10;        at java.util.concurrent.locks.LockSupport.parkNanos(LockSupport.java:215)&#10;        at java.util.concurrent.locks.AbstractQueuedSynchronizer$ConditionObject.awaitNanos(AbstractQueuedSynchronizer.java:2078)&#10;        at java.util.concurrent.LinkedBlockingQueue.poll(LinkedBlockingQueue.java:467)&#10;        at org.apache.hadoop.ipc.CallQueueManager.take(CallQueueManager.java:288)&#10;        at org.apache.hadoop.ipc.Server$Handler.run(Server.java:2668)&#10;&quot;org.eclipse.jetty.server.session.HashSessionManager@548e76f1Timer&quot; daemon prio=5 tid=98 timed_waiting&#10;java.lang.Thread.State: TIMED_WAITING&#10;        at sun.misc.Unsafe.park(Native Method)&#10;        at java.util.concurrent.locks.LockSupport.parkNanos(LockSupport.java:215)&#10;        at java.util.concurrent.locks.AbstractQueuedSynchronizer$ConditionObject.awaitNanos(AbstractQueuedSynchronizer.java:2078)&#10;        at java.util.concurrent.ScheduledThreadPoolExecutor$DelayedWorkQueue.take(ScheduledThreadPoolExecutor.java:1093)&#10;        at java.util.concurrent.ScheduledThreadPoolExecutor$DelayedWorkQueue.take(ScheduledThreadPoolExecutor.java:809)&#10;        at java.util.concurrent.ThreadPoolExecutor.getTask(ThreadPoolExecutor.java:1074)&#10;        at java.util.concurrent.ThreadPoolExecutor.runWorker(ThreadPoolExecutor.java:1134)&#10;        at java.util.concurrent.ThreadPoolExecutor$Worker.run(ThreadPoolExecutor.java:624)&#10;        at java.lang.Thread.run(Thread.java:748)&#10;&quot;metrics-hadoop-metrics2-reporter-18-thread-1&quot; daemon prio=5 tid=483 timed_waiting&#10;java.lang.Thread.State: TIMED_WAITING&#10;        at sun.misc.Unsafe.park(Native Method)&#10;        at java.util.concurrent.locks.LockSupport.parkNanos(LockSupport.java:215)&#10;        at java.util.concurrent.locks.AbstractQueuedSynchronizer$ConditionObject.awaitNanos(AbstractQueuedSynchronizer.java:2078)&#10;        at java.util.concurrent.ScheduledThreadPoolExecutor$DelayedWorkQueue.take(ScheduledThreadPoolExecutor.java:1093)&#10;        at java.util.concurrent.ScheduledThreadPoolExecutor$DelayedWorkQueue.take(ScheduledThreadPoolExecutor.java:809)&#10;        at java.util.concurrent.ThreadPoolExecutor.getTask(ThreadPoolExecutor.java:1074)&#10;        at java.util.concurrent.ThreadPoolExecutor.runWorker(ThreadPoolExecutor.java:1134)&#10;        at java.util.concurrent.ThreadPoolExecutor$Worker.run(ThreadPoolExecutor.java:624)&#10;        at java.lang.Thread.run(Thread.java:748)&#10;&quot;pool-36-thread-22&quot;  prio=5 tid=271 in Object.wait()&#10;java.lang.Thread.State: WAITING (on object monitor)&#10;        at sun.misc.Unsafe.park(Native Method)&#10;        at java.util.concurrent.locks.LockSupport.park(LockSupport.java:175)&#10;        at java.util.concurrent.locks.AbstractQueuedSynchronizer$ConditionObject.await(AbstractQueuedSynchronizer.java:2039)&#10;        at java.util.concurrent.ArrayBlockingQueue.take(ArrayBlockingQueue.java:403)&#10;        at java.util.concurrent.ThreadPoolExecutor.getTask(ThreadPoolExecutor.java:1074)&#10;        at java.util.concurrent.ThreadPoolExecutor.runWorker(ThreadPoolExecutor.java:1134)&#10;        at java.util.concurrent.ThreadPoolExecutor$Worker.run(ThreadPoolExecutor.java:624)&#10;        at java.lang.Thread.run(Thread.java:748)&#10;&quot;qtp573136580-96&quot; daemon prio=5 tid=96 timed_waiting&#10;java.lang.Thread.State: TIMED_WAITING&#10;        at sun.misc.Unsafe.park(Native Method)&#10;        at java.util.concurrent.locks.LockSupport.parkNanos(LockSupport.java:215)&#10;        at java.util.concurrent.locks.AbstractQueuedSynchronizer$ConditionObject.awaitNanos(AbstractQueuedSynchronizer.java:2078)&#10;        at org.eclipse.jetty.util.BlockingArrayQueue.poll(BlockingArrayQueue.java:392)&#10;        at org.eclipse.jetty.util.thread.QueuedThreadPool.idleJobPoll(QueuedThreadPool.java:563)&#10;        at org.eclipse.jetty.util.thread.QueuedThreadPool.access$800(QueuedThreadPool.java:48)&#10;        at org.eclipse.jetty.util.thread.QueuedThreadPool$2.run(QueuedThreadPool.java:626)&#10;        at java.lang.Thread.run(Thread.java:748)&#10;&quot;pool-6-thread-1&quot;  prio=5 tid=26 timed_waiting&#10;java.lang.Thread.State: TIMED_WAITING&#10;        at sun.misc.Unsafe.park(Native Method)&#10;        at java.util.concurrent.locks.LockSupport.parkNanos(LockSupport.java:215)&#10;        at java.util.concurrent.locks.AbstractQueuedSynchronizer$ConditionObject.awaitNanos(AbstractQueuedSynchronizer.java:2078)&#10;        at java.util.concurrent.ScheduledThreadPoolExecutor$DelayedWorkQueue.take(ScheduledThreadPoolExecutor.java:1093)&#10;        at java.util.concurrent.ScheduledThreadPoolExecutor$DelayedWorkQueue.take(ScheduledThreadPoolExecutor.java:809)&#10;        at java.util.concurrent.ThreadPoolExecutor.getTask(ThreadPoolExecutor.java:1074)&#10;        at java.util.concurrent.ThreadPoolExecutor.runWorker(ThreadPoolExecutor.java:1134)&#10;        at java.util.concurrent.ThreadPoolExecutor$Worker.run(ThreadPoolExecutor.java:624)&#10;        at java.lang.Thread.run(Thread.java:748)&#10;&quot;metrics-hadoop-metrics2-reporter-15-thread-1&quot; daemon prio=5 tid=474 timed_waiting&#10;java.lang.Thread.State: TIMED_WAITING&#10;        at sun.misc.Unsafe.park(Native Method)&#10;        at java.util.concurrent.locks.LockSupport.parkNanos(LockSupport.java:215)&#10;        at java.util.concurrent.locks.AbstractQueuedSynchronizer$ConditionObject.awaitNanos(AbstractQueuedSynchronizer.java:2078)&#10;        at java.util.concurrent.ScheduledThreadPoolExecutor$DelayedWorkQueue.take(ScheduledThreadPoolExecutor.java:1093)&#10;        at java.util.concurrent.ScheduledThreadPoolExecutor$DelayedWorkQueue.take(ScheduledThreadPoolExecutor.java:809)&#10;        at java.util.concurrent.ThreadPoolExecutor.getTask(ThreadPoolExecutor.java:1074)&#10;        at java.util.concurrent.ThreadPoolExecutor.runWorker(ThreadPoolExecutor.java:1134)&#10;        at java.util.concurrent.ThreadPoolExecutor$Worker.run(ThreadPoolExecutor.java:624)&#10;        at java.lang.Thread.run(Thread.java:748)&#10;&quot;qtp2095970915-139&quot; daemon prio=5 tid=139 timed_waiting&#10;java.lang.Thread.State: TIMED_WAITING&#10;        at sun.misc.Unsafe.park(Native Method)&#10;        at java.util.concurrent.locks.LockSupport.parkNanos(LockSupport.java:215)&#10;        at java.util.concurrent.locks.AbstractQueuedSynchronizer$ConditionObject.awaitNanos(AbstractQueuedSynchronizer.java:2078)&#10;        at org.eclipse.jetty.util.BlockingArrayQueue.poll(BlockingArrayQueue.java:392)&#10;        at org.eclipse.jetty.util.thread.QueuedThreadPool.idleJobPoll(QueuedThreadPool.java:563)&#10;        at org.eclipse.jetty.util.thread.QueuedThreadPool.access$800(QueuedThreadPool.java:48)&#10;        at org.eclipse.jetty.util.thread.QueuedThreadPool$2.run(QueuedThreadPool.java:626)&#10;        at java.lang.Thread.run(Thread.java:748)&#10;&quot;java.util.concurrent.ThreadPoolExecutor$Worker@6d2bbd7d[State = -1, empty queue]&quot; daemon prio=5 tid=594 timed_waiting&#10;java.lang.Thread.State: TIMED_WAITING&#10;        at sun.misc.Unsafe.park(Native Method)&#10;        at java.util.concurrent.locks.LockSupport.parkNanos(LockSupport.java:215)&#10;        at java.util.concurrent.locks.AbstractQueuedSynchronizer$ConditionObject.awaitNanos(AbstractQueuedSynchronizer.java:2078)&#10;        at java.util.concurrent.ScheduledThreadPoolExecutor$DelayedWorkQueue.take(ScheduledThreadPoolExecutor.java:1093)&#10;        at java.util.concurrent.ScheduledThreadPoolExecutor$DelayedWorkQueue.take(ScheduledThreadPoolExecutor.java:809)&#10;        at java.util.concurrent.ThreadPoolExecutor.getTask(ThreadPoolExecutor.java:1074)&#10;        at java.util.concurrent.ThreadPoolExecutor.runWorker(ThreadPoolExecutor.java:1134)&#10;        at java.util.concurrent.ThreadPoolExecutor$Worker.run(ThreadPoolExecutor.java:624)&#10;        at java.lang.Thread.run(Thread.java:748)&#10;&quot;pool-36-thread-43&quot;  prio=5 tid=313 in Object.wait()&#10;java.lang.Thread.State: WAITING (on object monitor)&#10;        at sun.misc.Unsafe.park(Native Method)&#10;        at java.util.concurrent.locks.LockSupport.park(LockSupport.java:175)&#10;        at java.util.concurrent.locks.AbstractQueuedSynchronizer$ConditionObject.await(AbstractQueuedSynchronizer.java:2039)&#10;        at java.util.concurrent.ArrayBlockingQueue.take(ArrayBlockingQueue.java:403)&#10;        at java.util.concurrent.ThreadPoolExecutor.getTask(ThreadPoolExecutor.java:1074)&#10;        at java.util.concurrent.ThreadPoolExecutor.runWorker(ThreadPoolExecutor.java:1134)&#10;        at java.util.concurrent.ThreadPoolExecutor$Worker.run(ThreadPoolExecutor.java:624)&#10;        at java.lang.Thread.run(Thread.java:748)&#10;&quot;pool-46-thread-11&quot;  prio=5 tid=363 in Object.wait()&#10;java.lang.Thread.State: WAITING (on object monitor)&#10;        at sun.misc.Unsafe.park(Native Method)&#10;        at java.util.concurrent.locks.LockSupport.park(LockSupport.java:175)&#10;        at java.util.concurrent.locks.AbstractQueuedSynchronizer$ConditionObject.await(AbstractQueuedSynchronizer.java:2039)&#10;        at java.util.concurrent.ArrayBlockingQueue.take(ArrayBlockingQueue.java:403)&#10;        at java.util.concurrent.ThreadPoolExecutor.getTask(ThreadPoolExecutor.java:1074)&#10;        at java.util.concurrent.ThreadPoolExecutor.runWorker(ThreadPoolExecutor.java:1134)&#10;        at java.util.concurrent.ThreadPoolExecutor$Worker.run(ThreadPoolExecutor.java:624)&#10;        at java.lang.Thread.run(Thread.java:748)&#10;&quot;pool-26-thread-1&quot;  prio=5 tid=234 in Object.wait()&#10;java.lang.Thread.State: WAITING (on object monitor)&#10;        at sun.misc.Unsafe.park(Native Method)&#10;        at java.util.concurrent.locks.LockSupport.park(LockSupport.java:175)&#10;        at java.util.concurrent.locks.AbstractQueuedSynchronizer$ConditionObject.await(AbstractQueuedSynchronizer.java:2039)&#10;        at java.util.concurrent.ArrayBlockingQueue.take(ArrayBlockingQueue.java:403)&#10;        at java.util.concurrent.ThreadPoolExecutor.getTask(ThreadPoolExecutor.java:1074)&#10;        at java.util.concurrent.ThreadPoolExecutor.runWorker(ThreadPoolExecutor.java:1134)&#10;        at java.util.concurrent.ThreadPoolExecutor$Worker.run(ThreadPoolExecutor.java:624)&#10;        at java.lang.Thread.run(Thread.java:748)&#10;&quot;qtp2095970915-142&quot; daemon prio=5 tid=142 timed_waiting&#10;java.lang.Thread.State: TIMED_WAITING&#10;        at sun.misc.Unsafe.park(Native Method)&#10;        at java.util.concurrent.locks.LockSupport.parkNanos(LockSupport.java:215)&#10;        at java.util.concurrent.locks.AbstractQueuedSynchronizer$ConditionObject.awaitNanos(AbstractQueuedSynchronizer.java:2078)&#10;        at org.eclipse.jetty.util.BlockingArrayQueue.poll(BlockingArrayQueue.java:392)&#10;        at org.eclipse.jetty.util.thread.QueuedThreadPool.idleJobPoll(QueuedThreadPool.java:563)&#10;        at org.eclipse.jetty.util.thread.QueuedThreadPool.access$800(QueuedThreadPool.java:48)&#10;        at org.eclipse.jetty.util.thread.QueuedThreadPool$2.run(QueuedThreadPool.java:626)&#10;        at java.lang.Thread.run(Thread.java:748)&#10;&quot;IPC Server handler 9 on 46440&quot; daemon prio=5 tid=58 timed_waiting&#10;java.lang.Thread.State: TIMED_WAITING&#10;        at sun.misc.Unsafe.park(Native Method)&#10;        at java.util.concurrent.locks.LockSupport.parkNanos(LockSupport.java:215)&#10;        at java.util.concurrent.locks.AbstractQueuedSynchronizer$ConditionObject.awaitNanos(AbstractQueuedSynchronizer.java:2078)&#10;        at java.util.concurrent.LinkedBlockingQueue.poll(LinkedBlockingQueue.java:467)&#10;        at org.apache.hadoop.ipc.CallQueueManager.take(CallQueueManager.java:288)&#10;        at org.apache.hadoop.ipc.Server$Handler.run(Server.java:2668)&#10;&quot;pool-46-thread-54&quot;  prio=5 tid=406 in Object.wait()&#10;java.lang.Thread.State: WAITING (on object monitor)&#10;        at sun.misc.Unsafe.park(Native Method)&#10;        at java.util.concurrent.locks.LockSupport.park(LockSupport.java:175)&#10;        at java.util.concurrent.locks.AbstractQueuedSynchronizer$ConditionObject.await(AbstractQueuedSynchronizer.java:2039)&#10;        at java.util.concurrent.ArrayBlockingQueue.take(ArrayBlockingQueue.java:403)&#10;        at java.util.concurrent.ThreadPoolExecutor.getTask(ThreadPoolExecutor.java:1074)&#10;        at java.util.concurrent.ThreadPoolExecutor.runWorker(ThreadPoolExecutor.java:1134)&#10;        at java.util.concurrent.ThreadPoolExecutor$Worker.run(ThreadPoolExecutor.java:624)&#10;        at java.lang.Thread.run(Thread.java:748)&#10;&quot;pool-46-thread-22&quot;  prio=5 tid=374 in Object.wait()&#10;java.lang.Thread.State: WAITING (on object monitor)&#10;        at sun.misc.Unsafe.park(Native Method)&#10;        at java.util.concurrent.locks.LockSupport.park(LockSupport.java:175)&#10;        at java.util.concurrent.locks.AbstractQueuedSynchronizer$ConditionObject.await(AbstractQueuedSynchronizer.java:2039)&#10;        at java.util.concurrent.ArrayBlockingQueue.take(ArrayBlockingQueue.java:403)&#10;        at java.util.concurrent.ThreadPoolExecutor.getTask(ThreadPoolExecutor.java:1074)&#10;        at java.util.concurrent.ThreadPoolExecutor.runWorker(ThreadPoolExecutor.java:1134)&#10;        at java.util.concurrent.ThreadPoolExecutor$Worker.run(ThreadPoolExecutor.java:624)&#10;        at java.lang.Thread.run(Thread.java:748)&#10;&quot;904f39be-c3d3-4df4-99c0-2e4526e577e3@group-B549722E11F2-SegmentedRaftLogWorker&quot;  prio=5 tid=436 timed_waiting&#10;java.lang.Thread.State: TIMED_WAITING&#10;        at sun.misc.Unsafe.park(Native Method)&#10;        at java.util.concurrent.locks.LockSupport.parkNanos(LockSupport.java:215)&#10;        at java.util.concurrent.locks.AbstractQueuedSynchronizer$ConditionObject.awaitNanos(AbstractQueuedSynchronizer.java:2078)&#10;        at org.apache.ratis.util.DataBlockingQueue.poll(DataBlockingQueue.java:137)&#10;        at org.apache.ratis.server.raftlog.segmented.SegmentedRaftLogWorker.run(SegmentedRaftLogWorker.java:282)&#10;        at java.lang.Thread.run(Thread.java:748)&#10;&quot;main&quot;  prio=5 tid=1 runnable&#10;java.lang.Thread.State: RUNNABLE&#10;        at java.lang.Thread.dumpThreads(Native Method)&#10;        at java.lang.Thread.getAllStackTraces(Thread.java:1610)&#10;        at org.apache.hadoop.test.TimedOutTestsListener.buildThreadDump(TimedOutTestsListener.java:87)&#10;        at org.apache.hadoop.test.TimedOutTestsListener.buildThreadDiagnosticString(TimedOutTestsListener.java:73)&#10;        at org.apache.hadoop.test.GenericTestUtils.waitFor(GenericTestUtils.java:389)&#10;        at org.apache.hadoop.ozone.MiniOzoneClusterImpl.waitForClusterToBeReady(MiniOzoneClusterImpl.java:149)&#10;        at org.apache.hadoop.ozone.client.rpc.TestOzoneRpcClientAbstract.startCluster(TestOzoneRpcClientAbstract.java:170)&#10;        at org.apache.hadoop.ozone.client.rpc.TestOzoneRpcClient.init(TestOzoneRpcClient.java:45)&#10;        at sun.reflect.NativeMethodAccessorImpl.invoke0(Native Method)&#10;        at sun.reflect.NativeMethodAccessorImpl.invoke(NativeMethodAccessorImpl.java:62)&#10;        at sun.reflect.DelegatingMethodAccessorImpl.invoke(DelegatingMethodAccessorImpl.java:43)&#10;        at java.lang.reflect.Method.invoke(Method.java:498)&#10;        at org.junit.runners.model.FrameworkMethod$1.runReflectiveCall(FrameworkMethod.java:47)&#10;        at org.junit.internal.runners.model.ReflectiveCallable.run(ReflectiveCallable.java:12)&#10;        at org.junit.runners.model.FrameworkMethod.invokeExplosively(FrameworkMethod.java:44)&#10;        at org.junit.internal.runners.statements.RunBefores.evaluate(RunBefores.java:24)&#10;        at org.junit.internal.runners.statements.RunAfters.evaluate(RunAfters.java:27)&#10;        at org.junit.runners.ParentRunner.run(ParentRunner.java:309)&#10;        at org.apache.maven.surefire.junit4.JUnit4Provider.execute(JUnit4Provider.java:365)&#10;        at org.apache.maven.surefire.junit4.JUnit4Provider.executeWithRerun(JUnit4Provider.java:273)&#10;        at org.apache.maven.surefire.junit4.JUnit4Provider.executeTestSet(JUnit4Provider.java:238)&#10;        at org.apache.maven.surefire.junit4.JUnit4Provider.invoke(JUnit4Provider.java:159)&#10;        at org.apache.maven.surefire.booter.ForkedBooter.invokeProviderInSameClassLoader(ForkedBooter.java:384)&#10;        at org.apache.maven.surefire.booter.ForkedBooter.runSuitesInProcess(ForkedBooter.java:345)&#10;        at org.apache.maven.surefire.booter.ForkedBooter.execute(ForkedBooter.java:126)&#10;        at org.apache.maven.surefire.booter.ForkedBooter.main(ForkedBooter.java:418)&#10;&quot;pool-26-thread-59&quot;  prio=5 tid=351 in Object.wait()&#10;java.lang.Thread.State: WAITING (on object monitor)&#10;        at sun.misc.Unsafe.park(Native Method)&#10;        at java.util.concurrent.locks.LockSupport.park(LockSupport.java:175)&#10;        at java.util.concurrent.locks.AbstractQueuedSynchronizer$ConditionObject.await(AbstractQueuedSynchronizer.java:2039)&#10;        at java.util.concurrent.ArrayBlockingQueue.take(ArrayBlockingQueue.java:403)&#10;        at java.util.concurrent.ThreadPoolExecutor.getTask(ThreadPoolExecutor.java:1074)&#10;        at java.util.concurrent.ThreadPoolExecutor.runWorker(ThreadPoolExecutor.java:1134)&#10;        at java.util.concurrent.ThreadPoolExecutor$Worker.run(ThreadPoolExecutor.java:624)&#10;        at java.lang.Thread.run(Thread.java:748)&#10;&quot;org.eclipse.jetty.server.session.HashSessionManager@2a49feTimer&quot; daemon prio=5 tid=145 timed_waiting&#10;java.lang.Thread.State: TIMED_WAITING&#10;        at sun.misc.Unsafe.park(Native Method)&#10;        at java.util.concurrent.locks.LockSupport.parkNanos(LockSupport.java:215)&#10;        at java.util.concurrent.locks.AbstractQueuedSynchronizer$ConditionObject.awaitNanos(AbstractQueuedSynchronizer.java:2078)&#10;        at java.util.concurrent.ScheduledThreadPoolExecutor$DelayedWorkQueue.take(ScheduledThreadPoolExecutor.java:1093)&#10;        at java.util.concurrent.ScheduledThreadPoolExecutor$DelayedWorkQueue.take(ScheduledThreadPoolExecutor.java:809)&#10;        at java.util.concurrent.ThreadPoolExecutor.getTask(ThreadPoolExecutor.java:1074)&#10;        at java.util.concurrent.ThreadPoolExecutor.runWorker(ThreadPoolExecutor.java:1134)&#10;        at java.util.concurrent.ThreadPoolExecutor$Worker.run(ThreadPoolExecutor.java:624)&#10;        at java.lang.Thread.run(Thread.java:748)&#10;&quot;metrics-hadoop-metrics2-reporter-28-thread-1&quot; daemon prio=5 tid=573 timed_waiting&#10;java.lang.Thread.State: TIMED_WAITING&#10;        at sun.misc.Unsafe.park(Native Method)&#10;        at java.util.concurrent.locks.LockSupport.parkNanos(LockSupport.java:215)&#10;        at java.util.concurrent.locks.AbstractQueuedSynchronizer$ConditionObject.awaitNanos(AbstractQueuedSynchronizer.java:2078)&#10;        at java.util.concurrent.ScheduledThreadPoolExecutor$DelayedWorkQueue.take(ScheduledThreadPoolExecutor.java:1093)&#10;        at java.util.concurrent.ScheduledThreadPoolExecutor$DelayedWorkQueue.take(ScheduledThreadPoolExecutor.java:809)&#10;        at java.util.concurrent.ThreadPoolExecutor.getTask(ThreadPoolExecutor.java:1074)&#10;        at java.util.concurrent.ThreadPoolExecutor.runWorker(ThreadPoolExecutor.java:1134)&#10;        at java.util.concurrent.ThreadPoolExecutor$Worker.run(ThreadPoolExecutor.java:624)&#10;        at java.lang.Thread.run(Thread.java:748)&#10;&quot;org.eclipse.jetty.server.session.HashSessionManager@1e58512cTimer&quot; daemon prio=5 tid=195 timed_waiting&#10;java.lang.Thread.State: TIMED_WAITING&#10;        at sun.misc.Unsafe.park(Native Method)&#10;        at java.util.concurrent.locks.LockSupport.parkNanos(LockSupport.java:215)&#10;        at java.util.concurrent.locks.AbstractQueuedSynchronizer$ConditionObject.awaitNanos(AbstractQueuedSynchronizer.java:2078)&#10;        at java.util.concurrent.ScheduledThreadPoolExecutor$DelayedWorkQueue.take(ScheduledThreadPoolExecutor.java:1093)&#10;        at java.util.concurrent.ScheduledThreadPoolExecutor$DelayedWorkQueue.take(ScheduledThreadPoolExecutor.java:809)&#10;        at java.util.concurrent.ThreadPoolExecutor.getTask(ThreadPoolExecutor.java:1074)&#10;        at java.util.concurrent.ThreadPoolExecutor.runWorker(ThreadPoolExecutor.java:1134)&#10;        at java.util.concurrent.ThreadPoolExecutor$Worker.run(ThreadPoolExecutor.java:624)&#10;        at java.lang.Thread.run(Thread.java:748)&#10;&quot;qtp498748934-192&quot; daemon prio=5 tid=192 timed_waiting&#10;java.lang.Thread.State: TIMED_WAITING&#10;        at sun.misc.Unsafe.park(Native Method)&#10;        at java.util.concurrent.locks.LockSupport.parkNanos(LockSupport.java:215)&#10;        at java.util.concurrent.locks.AbstractQueuedSynchronizer$ConditionObject.awaitNanos(AbstractQueuedSynchronizer.java:2078)&#10;        at org.eclipse.jetty.util.BlockingArrayQueue.poll(BlockingArrayQueue.java:392)&#10;        at org.eclipse.jetty.util.thread.QueuedThreadPool.idleJobPoll(QueuedThreadPool.java:563)&#10;        at org.eclipse.jetty.util.thread.QueuedThreadPool.access$800(QueuedThreadPool.java:48)&#10;        at org.eclipse.jetty.util.thread.QueuedThreadPool$2.run(QueuedThreadPool.java:626)&#10;        at java.lang.Thread.run(Thread.java:748)&#10;&quot;BlockDeletingService#1&quot; daemon prio=5 tid=417 in Object.wait()&#10;java.lang.Thread.State: WAITING (on object monitor)&#10;        at sun.misc.Unsafe.park(Native Method)&#10;        at java.util.concurrent.locks.LockSupport.park(LockSupport.java:175)&#10;        at java.util.concurrent.locks.AbstractQueuedSynchronizer$ConditionObject.await(AbstractQueuedSynchronizer.java:2039)&#10;        at java.util.concurrent.ScheduledThreadPoolExecutor$DelayedWorkQueue.take(ScheduledThreadPoolExecutor.java:1088)&#10;        at java.util.concurrent.ScheduledThreadPoolExecutor$DelayedWorkQueue.take(ScheduledThreadPoolExecutor.java:809)&#10;        at java.util.concurrent.ThreadPoolExecutor.getTask(ThreadPoolExecutor.java:1074)&#10;        at java.util.concurrent.ThreadPoolExecutor.runWorker(ThreadPoolExecutor.java:1134)&#10;        at java.util.concurrent.ThreadPoolExecutor$Worker.run(ThreadPoolExecutor.java:624)&#10;        at java.lang.Thread.run(Thread.java:748)&#10;&quot;pool-26-thread-15&quot;  prio=5 tid=265 in Object.wait()&#10;java.lang.Thread.State: WAITING (on object monitor)&#10;        at sun.misc.Unsafe.park(Native Method)&#10;        at java.util.concurrent.locks.LockSupport.park(LockSupport.java:175)&#10;        at java.util.concurrent.locks.AbstractQueuedSynchronizer$ConditionObject.await(AbstractQueuedSynchronizer.java:2039)&#10;        at java.util.concurrent.ArrayBlockingQueue.take(ArrayBlockingQueue.java:403)&#10;        at java.util.concurrent.ThreadPoolExecutor.getTask(ThreadPoolExecutor.java:1074)&#10;        at java.util.concurrent.ThreadPoolExecutor.runWorker(ThreadPoolExecutor.java:1134)&#10;        at java.util.concurrent.ThreadPoolExecutor$Worker.run(ThreadPoolExecutor.java:624)&#10;        at java.lang.Thread.run(Thread.java:748)&#10;&quot;pool-26-thread-7&quot;  prio=5 tid=246 in Object.wait()&#10;java.lang.Thread.State: WAITING (on object monitor)&#10;        at sun.misc.Unsafe.park(Native Method)&#10;        at java.util.concurrent.locks.LockSupport.park(LockSupport.java:175)&#10;        at java.util.concurrent.locks.AbstractQueuedSynchronizer$ConditionObject.await(AbstractQueuedSynchronizer.java:2039)&#10;        at java.util.concurrent.ArrayBlockingQueue.take(ArrayBlockingQueue.java:403)&#10;        at java.util.concurrent.ThreadPoolExecutor.getTask(ThreadPoolExecutor.java:1074)&#10;        at java.util.concurrent.ThreadPoolExecutor.runWorker(ThreadPoolExecutor.java:1134)&#10;        at java.util.concurrent.ThreadPoolExecutor$Worker.run(ThreadPoolExecutor.java:624)&#10;        at java.lang.Thread.run(Thread.java:748)&#10;&quot;pool-26-thread-5&quot;  prio=5 tid=242 in Object.wait()&#10;java.lang.Thread.State: WAITING (on object monitor)&#10;        at sun.misc.Unsafe.park(Native Method)&#10;        at java.util.concurrent.locks.LockSupport.park(LockSupport.java:175)&#10;        at java.util.concurrent.locks.AbstractQueuedSynchronizer$ConditionObject.await(AbstractQueuedSynchronizer.java:2039)&#10;        at java.util.concurrent.ArrayBlockingQueue.take(ArrayBlockingQueue.java:403)&#10;        at java.util.concurrent.ThreadPoolExecutor.getTask(ThreadPoolExecutor.java:1074)&#10;        at java.util.concurrent.ThreadPoolExecutor.runWorker(ThreadPoolExecutor.java:1134)&#10;        at java.util.concurrent.ThreadPoolExecutor$Worker.run(ThreadPoolExecutor.java:624)&#10;        at java.lang.Thread.run(Thread.java:748)&#10;&quot;IPC Server handler 17 on 46440&quot; daemon prio=5 tid=66 timed_waiting&#10;java.lang.Thread.State: TIMED_WAITING&#10;        at sun.misc.Unsafe.park(Native Method)&#10;        at java.util.concurrent.locks.LockSupport.parkNanos(LockSupport.java:215)&#10;        at java.util.concurrent.locks.AbstractQueuedSynchronizer$ConditionObject.awaitNanos(AbstractQueuedSynchronizer.java:2078)&#10;        at java.util.concurrent.LinkedBlockingQueue.poll(LinkedBlockingQueue.java:467)&#10;        at org.apache.hadoop.ipc.CallQueueManager.take(CallQueueManager.java:288)&#10;        at org.apache.hadoop.ipc.Server$Handler.run(Server.java:2668)&#10;&quot;qtp573136580-91&quot; daemon prio=5 tid=91 timed_waiting&#10;java.lang.Thread.State: TIMED_WAITING&#10;        at sun.misc.Unsafe.park(Native Method)&#10;        at java.util.concurrent.locks.LockSupport.parkNanos(LockSupport.java:215)&#10;        at java.util.concurrent.locks.AbstractQueuedSynchronizer$ConditionObject.awaitNanos(AbstractQueuedSynchronizer.java:2078)&#10;        at org.eclipse.jetty.util.BlockingArrayQueue.poll(BlockingArrayQueue.java:392)&#10;        at org.eclipse.jetty.util.thread.QueuedThreadPool.idleJobPoll(QueuedThreadPool.java:563)&#10;        at org.eclipse.jetty.util.thread.QueuedThreadPool.access$800(QueuedThreadPool.java:48)&#10;        at org.eclipse.jetty.util.thread.QueuedThreadPool$2.run(QueuedThreadPool.java:626)&#10;        at java.lang.Thread.run(Thread.java:748)&#10;&quot;IPC Server handler 4 on 35339&quot; daemon prio=5 tid=118 timed_waiting&#10;java.lang.Thread.State: TIMED_WAITING&#10;        at sun.misc.Unsafe.park(Native Method)&#10;        at java.util.concurrent.locks.LockSupport.parkNanos(LockSupport.java:215)&#10;        at java.util.concurrent.locks.AbstractQueuedSynchronizer$ConditionObject.awaitNanos(AbstractQueuedSynchronizer.java:2078)&#10;        at java.util.concurrent.LinkedBlockingQueue.poll(LinkedBlockingQueue.java:467)&#10;        at org.apache.hadoop.ipc.CallQueueManager.take(CallQueueManager.java:288)&#10;        at org.apache.hadoop.ipc.Server$Handler.run(Server.java:2668)&#10;&quot;IPC Server handler 5 on 46440&quot; daemon prio=5 tid=54 timed_waiting&#10;java.lang.Thread.State: TIMED_WAITING&#10;        at sun.misc.Unsafe.park(Native Method)&#10;        at java.util.concurrent.locks.LockSupport.parkNanos(LockSupport.java:215)&#10;        at java.util.concurrent.locks.AbstractQueuedSynchronizer$ConditionObject.awaitNanos(AbstractQueuedSynchronizer.java:2078)&#10;        at java.util.concurrent.LinkedBlockingQueue.poll(LinkedBlockingQueue.java:467)&#10;        at org.apache.hadoop.ipc.CallQueueManager.take(CallQueueManager.java:288)&#10;        at org.apache.hadoop.ipc.Server$Handler.run(Server.java:2668)&#10;&quot;metrics-hadoop-metrics2-reporter-24-thread-1&quot; daemon prio=5 tid=525 timed_waiting&#10;java.lang.Thread.State: TIMED_WAITING&#10;        at sun.misc.Unsafe.park(Native Method)&#10;        at java.util.concurrent.locks.LockSupport.parkNanos(LockSupport.java:215)&#10;        at java.util.concurrent.locks.AbstractQueuedSynchronizer$ConditionObject.awaitNanos(AbstractQueuedSynchronizer.java:2078)&#10;        at java.util.concurrent.ScheduledThreadPoolExecutor$DelayedWorkQueue.take(ScheduledThreadPoolExecutor.java:1093)&#10;        at java.util.concurrent.ScheduledThreadPoolExecutor$DelayedWorkQueue.take(ScheduledThreadPoolExecutor.java:809)&#10;        at java.util.concurrent.ThreadPoolExecutor.getTask(ThreadPoolExecutor.java:1074)&#10;        at java.util.concurrent.ThreadPoolExecutor.runWorker(ThreadPoolExecutor.java:1134)&#10;        at java.util.concurrent.ThreadPoolExecutor$Worker.run(ThreadPoolExecutor.java:624)&#10;        at java.lang.Thread.run(Thread.java:748)&#10;&quot;pool-46-thread-40&quot;  prio=5 tid=392 in Object.wait()&#10;java.lang.Thread.State: WAITING (on object monitor)&#10;        at sun.misc.Unsafe.park(Native Method)&#10;        at java.util.concurrent.locks.LockSupport.park(LockSupport.java:175)&#10;        at java.util.concurrent.locks.AbstractQueuedSynchronizer$ConditionObject.await(AbstractQueuedSynchronizer.java:2039)&#10;        at java.util.concurrent.ArrayBlockingQueue.take(ArrayBlockingQueue.java:403)&#10;        at java.util.concurrent.ThreadPoolExecutor.getTask(ThreadPoolExecutor.java:1074)&#10;        at java.util.concurrent.ThreadPoolExecutor.runWorker(ThreadPoolExecutor.java:1134)&#10;        at java.util.concurrent.ThreadPoolExecutor$Worker.run(ThreadPoolExecutor.java:624)&#10;        at java.lang.Thread.run(Thread.java:748)&#10;&quot;52743044-8979-4a08-8013-92a14c548982@group-146C50BE7901-LeaderElection250&quot; daemon prio=5 tid=2264 runnable&#10;java.lang.Thread.State: RUNNABLE&#10;        at sun.misc.Unsafe.park(Native Method)&#10;        at java.util.concurrent.locks.LockSupport.parkNanos(LockSupport.java:215)&#10;        at java.util.concurrent.locks.AbstractQueuedSynchronizer$ConditionObject.awaitNanos(AbstractQueuedSynchronizer.java:2078)&#10;        at java.util.concurrent.LinkedBlockingQueue.poll(LinkedBlockingQueue.java:467)&#10;        at java.util.concurrent.ExecutorCompletionService.poll(ExecutorCompletionService.java:202)&#10;        at org.apache.ratis.server.impl.LeaderElection$Executor.poll(LeaderElection.java:100)&#10;        at org.apache.ratis.server.impl.LeaderElection.waitForResults(LeaderElection.java:254)&#10;        at org.apache.ratis.server.impl.LeaderElection.askForVotes(LeaderElection.java:197)&#10;        at org.apache.ratis.server.impl.LeaderElection.run(LeaderElection.java:133)&#10;        at java.lang.Thread.run(Thread.java:748)&#10;&quot;IPC Server handler 5 on 38663&quot; daemon prio=5 tid=74 timed_waiting&#10;java.lang.Thread.State: TIMED_WAITING&#10;        at sun.misc.Unsafe.park(Native Method)&#10;        at java.util.concurrent.locks.LockSupport.parkNanos(LockSupport.java:215)&#10;        at java.util.concurrent.locks.AbstractQueuedSynchronizer$ConditionObject.awaitNanos(AbstractQueuedSynchronizer.java:2078)&#10;        at java.util.concurrent.LinkedBlockingQueue.poll(LinkedBlockingQueue.java:467)&#10;        at org.apache.hadoop.ipc.CallQueueManager.take(CallQueueManager.java:288)&#10;        at org.apache.hadoop.ipc.Server$Handler.run(Server.java:2668)&#10;&quot;pool-26-thread-44&quot;  prio=5 tid=324 in Object.wait()&#10;java.lang.Thread.State: WAITING (on object monitor)&#10;        at sun.misc.Unsafe.park(Native Method)&#10;        at java.util.concurrent.locks.LockSupport.park(LockSupport.java:175)&#10;        at java.util.concurrent.locks.AbstractQueuedSynchronizer$ConditionObject.await(AbstractQueuedSynchronizer.java:2039)&#10;        at java.util.concurrent.ArrayBlockingQueue.take(ArrayBlockingQueue.java:403)&#10;        at java.util.concurrent.ThreadPoolExecutor.getTask(ThreadPoolExecutor.java:1074)&#10;        at java.util.concurrent.ThreadPoolExecutor.runWorker(ThreadPoolExecutor.java:1134)&#10;        at java.util.concurrent.ThreadPoolExecutor$Worker.run(ThreadPoolExecutor.java:624)&#10;        at java.lang.Thread.run(Thread.java:748)&#10;&quot;pool-36-thread-41&quot;  prio=5 tid=309 in Object.wait()&#10;java.lang.Thread.State: WAITING (on object monitor)&#10;        at sun.misc.Unsafe.park(Native Method)&#10;        at java.util.concurrent.locks.LockSupport.park(LockSupport.java:175)&#10;        at java.util.concurrent.locks.AbstractQueuedSynchronizer$ConditionObject.await(AbstractQueuedSynchronizer.java:2039)&#10;        at java.util.concurrent.ArrayBlockingQueue.take(ArrayBlockingQueue.java:403)&#10;        at java.util.concurrent.ThreadPoolExecutor.getTask(ThreadPoolExecutor.java:1074)&#10;        at java.util.concurrent.ThreadPoolExecutor.runWorker(ThreadPoolExecutor.java:1134)&#10;        at java.util.concurrent.ThreadPoolExecutor$Worker.run(ThreadPoolExecutor.java:624)&#10;        at java.lang.Thread.run(Thread.java:748)&#10;&quot;java.util.concurrent.ThreadPoolExecutor$Worker@4d14d062[State = -1, empty queue]&quot; daemon prio=5 tid=527 timed_waiting&#10;java.lang.Thread.State: TIMED_WAITING&#10;        at sun.misc.Unsafe.park(Native Method)&#10;        at java.util.concurrent.locks.LockSupport.parkNanos(LockSupport.java:215)&#10;        at java.util.concurrent.locks.AbstractQueuedSynchronizer$ConditionObject.awaitNanos(AbstractQueuedSynchronizer.java:2078)&#10;        at java.util.concurrent.ScheduledThreadPoolExecutor$DelayedWorkQueue.take(ScheduledThreadPoolExecutor.java:1093)&#10;        at java.util.concurrent.ScheduledThreadPoolExecutor$DelayedWorkQueue.take(ScheduledThreadPoolExecutor.java:809)&#10;        at java.util.concurrent.ThreadPoolExecutor.getTask(ThreadPoolExecutor.java:1074)&#10;        at java.util.concurrent.ThreadPoolExecutor.runWorker(ThreadPoolExecutor.java:1134)&#10;        at java.util.concurrent.ThreadPoolExecutor$Worker.run(ThreadPoolExecutor.java:624)&#10;        at java.lang.Thread.run(Thread.java:748)&#10;&quot;pool-26-thread-4&quot;  prio=5 tid=240 in Object.wait()&#10;java.lang.Thread.State: WAITING (on object monitor)&#10;        at sun.misc.Unsafe.park(Native Method)&#10;        at java.util.concurrent.locks.LockSupport.park(LockSupport.java:175)&#10;        at java.util.concurrent.locks.AbstractQueuedSynchronizer$ConditionObject.await(AbstractQueuedSynchronizer.java:2039)&#10;        at java.util.concurrent.ArrayBlockingQueue.take(ArrayBlockingQueue.java:403)&#10;        at java.util.concurrent.ThreadPoolExecutor.getTask(ThreadPoolExecutor.java:1074)&#10;        at java.util.concurrent.ThreadPoolExecutor.runWorker(ThreadPoolExecutor.java:1134)&#10;        at java.util.concurrent.ThreadPoolExecutor$Worker.run(ThreadPoolExecutor.java:624)&#10;        at java.lang.Thread.run(Thread.java:748)&#10;&quot;IPC Server listener on 35339&quot; daemon prio=5 tid=107 runnable&#10;java.lang.Thread.State: RUNNABLE&#10;        at sun.nio.ch.EPollArrayWrapper.epollWait(Native Method)&#10;        at sun.nio.ch.EPollArrayWrapper.poll(EPollArrayWrapper.java:269)&#10;        at sun.nio.ch.EPollSelectorImpl.doSelect(EPollSelectorImpl.java:93)&#10;        at sun.nio.ch.SelectorImpl.lockAndDoSelect(SelectorImpl.java:86)&#10;        at sun.nio.ch.SelectorImpl.select(SelectorImpl.java:97)&#10;        at sun.nio.ch.SelectorImpl.select(SelectorImpl.java:101)&#10;        at org.apache.hadoop.ipc.Server$Listener.run(Server.java:1159)&#10;&quot;qtp245298614-160-acceptor-0@362d1b6b-ServerConnector@60783105{HTTP/1.1,[http/1.1]}{0.0.0.0:34951}&quot; daemon prio=3 tid=160 runnable&#10;java.lang.Thread.State: RUNNABLE&#10;        at sun.nio.ch.ServerSocketChannelImpl.accept0(Native Method)&#10;        at sun.nio.ch.ServerSocketChannelImpl.accept(ServerSocketChannelImpl.java:422)&#10;        at sun.nio.ch.ServerSocketChannelImpl.accept(ServerSocketChannelImpl.java:250)&#10;        at org.eclipse.jetty.server.ServerConnector.accept(ServerConnector.java:397)&#10;        at org.eclipse.jetty.server.AbstractConnector$Acceptor.run(AbstractConnector.java:601)&#10;        at org.eclipse.jetty.util.thread.QueuedThreadPool.runJob(QueuedThreadPool.java:671)&#10;        at org.eclipse.jetty.util.thread.QueuedThreadPool$2.run(QueuedThreadPool.java:589)&#10;        at java.lang.Thread.run(Thread.java:748)&#10;&quot;pool-26-thread-20&quot;  prio=5 tid=276 in Object.wait()&#10;java.lang.Thread.State: WAITING (on object monitor)&#10;        at sun.misc.Unsafe.park(Native Method)&#10;        at java.util.concurrent.locks.LockSupport.park(LockSupport.java:175)&#10;        at java.util.concurrent.locks.AbstractQueuedSynchronizer$ConditionObject.await(AbstractQueuedSynchronizer.java:2039)&#10;        at java.util.concurrent.ArrayBlockingQueue.take(ArrayBlockingQueue.java:403)&#10;        at java.util.concurrent.ThreadPoolExecutor.getTask(ThreadPoolExecutor.java:1074)&#10;        at java.util.concurrent.ThreadPoolExecutor.runWorker(ThreadPoolExecutor.java:1134)&#10;        at java.util.concurrent.ThreadPoolExecutor$Worker.run(ThreadPoolExecutor.java:624)&#10;        at java.lang.Thread.run(Thread.java:748)&#10;&quot;52743044-8979-4a08-8013-92a14c548982@group-33D345B1B9EE-StateMachineUpdater&quot; daemon prio=5 tid=448 in Object.wait()&#10;java.lang.Thread.State: WAITING (on object monitor)&#10;        at java.lang.Object.wait(Native Method)&#10;        at java.lang.Object.wait(Object.java:502)&#10;        at org.apache.ratis.server.impl.StateMachineUpdater.waitForCommit(StateMachineUpdater.java:194)&#10;        at org.apache.ratis.server.impl.StateMachineUpdater.run(StateMachineUpdater.java:159)&#10;        at java.lang.Thread.run(Thread.java:748)&#10;&quot;pool-46-thread-8&quot;  prio=5 tid=360 in Object.wait()&#10;java.lang.Thread.State: WAITING (on object monitor)&#10;        at sun.misc.Unsafe.park(Native Method)&#10;        at java.util.concurrent.locks.LockSupport.park(LockSupport.java:175)&#10;        at java.util.concurrent.locks.AbstractQueuedSynchronizer$ConditionObject.await(AbstractQueuedSynchronizer.java:2039)&#10;        at java.util.concurrent.ArrayBlockingQueue.take(ArrayBlockingQueue.java:403)&#10;        at java.util.concurrent.ThreadPoolExecutor.getTask(ThreadPoolExecutor.java:1074)&#10;        at java.util.concurrent.ThreadPoolExecutor.runWorker(ThreadPoolExecutor.java:1134)&#10;        at java.util.concurrent.ThreadPoolExecutor$Worker.run(ThreadPoolExecutor.java:624)&#10;        at java.lang.Thread.run(Thread.java:748)&#10;&quot;qtp573136580-94&quot; daemon prio=5 tid=94 timed_waiting&#10;java.lang.Thread.State: TIMED_WAITING&#10;        at sun.misc.Unsafe.park(Native Method)&#10;        at java.util.concurrent.locks.LockSupport.parkNanos(LockSupport.java:215)&#10;        at java.util.concurrent.locks.AbstractQueuedSynchronizer$ConditionObject.awaitNanos(AbstractQueuedSynchronizer.java:2078)&#10;        at org.eclipse.jetty.util.BlockingArrayQueue.poll(BlockingArrayQueue.java:392)&#10;        at org.eclipse.jetty.util.thread.QueuedThreadPool.idleJobPoll(QueuedThreadPool.java:563)&#10;        at org.eclipse.jetty.util.thread.QueuedThreadPool.access$800(QueuedThreadPool.java:48)&#10;        at org.eclipse.jetty.util.thread.QueuedThreadPool$2.run(QueuedThreadPool.java:626)&#10;        at java.lang.Thread.run(Thread.java:748)&#10;&quot;metrics-hadoop-metrics2-reporter-19-thread-1&quot; daemon prio=5 tid=487 timed_waiting&#10;java.lang.Thread.State: TIMED_WAITING&#10;        at sun.misc.Unsafe.park(Native Method)&#10;        at java.util.concurrent.locks.LockSupport.parkNanos(LockSupport.java:215)&#10;        at java.util.concurrent.locks.AbstractQueuedSynchronizer$ConditionObject.awaitNanos(AbstractQueuedSynchronizer.java:2078)&#10;        at java.util.concurrent.ScheduledThreadPoolExecutor$DelayedWorkQueue.take(ScheduledThreadPoolExecutor.java:1093)&#10;        at java.util.concurrent.ScheduledThreadPoolExecutor$DelayedWorkQueue.take(ScheduledThreadPoolExecutor.java:809)&#10;        at java.util.concurrent.ThreadPoolExecutor.getTask(ThreadPoolExecutor.java:1074)&#10;        at java.util.concurrent.ThreadPoolExecutor.runWorker(ThreadPoolExecutor.java:1134)&#10;        at java.util.concurrent.ThreadPoolExecutor$Worker.run(ThreadPoolExecutor.java:624)&#10;        at java.lang.Thread.run(Thread.java:748)&#10;&quot;qtp498748934-193&quot; daemon prio=5 tid=193 timed_waiting&#10;java.lang.Thread.State: TIMED_WAITING&#10;        at sun.misc.Unsafe.park(Native Method)&#10;        at java.util.concurrent.locks.LockSupport.parkNanos(LockSupport.java:215)&#10;        at java.util.concurrent.locks.AbstractQueuedSynchronizer$ConditionObject.awaitNanos(AbstractQueuedSynchronizer.java:2078)&#10;        at org.eclipse.jetty.util.BlockingArrayQueue.poll(BlockingArrayQueue.java:392)&#10;        at org.eclipse.jetty.util.thread.QueuedThreadPool.idleJobPoll(QueuedThreadPool.java:563)&#10;        at org.eclipse.jetty.util.thread.QueuedThreadPool.access$800(QueuedThreadPool.java:48)&#10;        at org.eclipse.jetty.util.thread.QueuedThreadPool$2.run(QueuedThreadPool.java:626)&#10;        at java.lang.Thread.run(Thread.java:748)&#10;&quot;Socket Reader #1 for port 38663&quot;  prio=5 tid=15 runnable&#10;java.lang.Thread.State: RUNNABLE&#10;        at sun.nio.ch.EPollArrayWrapper.epollWait(Native Method)&#10;        at sun.nio.ch.EPollArrayWrapper.poll(EPollArrayWrapper.java:269)&#10;        at sun.nio.ch.EPollSelectorImpl.doSelect(EPollSelectorImpl.java:93)&#10;        at sun.nio.ch.SelectorImpl.lockAndDoSelect(SelectorImpl.java:86)&#10;        at sun.nio.ch.SelectorImpl.select(SelectorImpl.java:97)&#10;        at sun.nio.ch.SelectorImpl.select(SelectorImpl.java:101)&#10;        at org.apache.hadoop.ipc.Server$Listener$Reader.doRunLoop(Server.java:1097)&#10;        at org.apache.hadoop.ipc.Server$Listener$Reader.run(Server.java:1076)&#10;&quot;pool-26-thread-35&quot;  prio=5 tid=306 in Object.wait()&#10;java.lang.Thread.State: WAITING (on object monitor)&#10;        at sun.misc.Unsafe.park(Native Method)&#10;        at java.util.concurrent.locks.LockSupport.park(LockSupport.java:175)&#10;        at java.util.concurrent.locks.AbstractQueuedSynchronizer$ConditionObject.await(AbstractQueuedSynchronizer.java:2039)&#10;        at java.util.concurrent.ArrayBlockingQueue.take(ArrayBlockingQueue.java:403)&#10;        at java.util.concurrent.ThreadPoolExecutor.getTask(ThreadPoolExecutor.java:1074)&#10;        at java.util.concurrent.ThreadPoolExecutor.runWorker(ThreadPoolExecutor.java:1134)&#10;        at java.util.concurrent.ThreadPoolExecutor$Worker.run(ThreadPoolExecutor.java:624)&#10;        at java.lang.Thread.run(Thread.java:748)&#10;&quot;pool-36-thread-58&quot;  prio=5 tid=343 in Object.wait()&#10;java.lang.Thread.State: WAITING (on object monitor)&#10;        at sun.misc.Unsafe.park(Native Method)&#10;        at java.util.concurrent.locks.LockSupport.park(LockSupport.java:175)&#10;        at java.util.concurrent.locks.AbstractQueuedSynchronizer$ConditionObject.await(AbstractQueuedSynchronizer.java:2039)&#10;        at java.util.concurrent.ArrayBlockingQueue.take(ArrayBlockingQueue.java:403)&#10;        at java.util.concurrent.ThreadPoolExecutor.getTask(ThreadPoolExecutor.java:1074)&#10;        at java.util.concurrent.ThreadPoolExecutor.runWorker(ThreadPoolExecutor.java:1134)&#10;        at java.util.concurrent.ThreadPoolExecutor$Worker.run(ThreadPoolExecutor.java:624)&#10;        at java.lang.Thread.run(Thread.java:748)&#10;&quot;IPC Server handler 12 on 38663&quot; daemon prio=5 tid=81 timed_waiting&#10;java.lang.Thread.State: TIMED_WAITING&#10;        at sun.misc.Unsafe.park(Native Method)&#10;        at java.util.concurrent.locks.LockSupport.parkNanos(LockSupport.java:215)&#10;        at java.util.concurrent.locks.AbstractQueuedSynchronizer$ConditionObject.awaitNanos(AbstractQueuedSynchronizer.java:2078)&#10;        at java.util.concurrent.LinkedBlockingQueue.poll(LinkedBlockingQueue.java:467)&#10;        at org.apache.hadoop.ipc.CallQueueManager.take(CallQueueManager.java:288)&#10;        at org.apache.hadoop.ipc.Server$Handler.run(Server.java:2668)&#10;&quot;pool-46-thread-35&quot;  prio=5 tid=387 in Object.wait()&#10;java.lang.Thread.State: WAITING (on object monitor)&#10;        at sun.misc.Unsafe.park(Native Method)&#10;        at java.util.concurrent.locks.LockSupport.park(LockSupport.java:175)&#10;        at java.util.concurrent.locks.AbstractQueuedSynchronizer$ConditionObject.await(AbstractQueuedSynchronizer.java:2039)&#10;        at java.util.concurrent.ArrayBlockingQueue.take(ArrayBlockingQueue.java:403)&#10;        at java.util.concurrent.ThreadPoolExecutor.getTask(ThreadPoolExecutor.java:1074)&#10;        at java.util.concurrent.ThreadPoolExecutor.runWorker(ThreadPoolExecutor.java:1134)&#10;        at java.util.concurrent.ThreadPoolExecutor$Worker.run(ThreadPoolExecutor.java:624)&#10;        at java.lang.Thread.run(Thread.java:748)&#10;&quot;IPC Server handler 1 on 45958&quot; daemon prio=5 tid=30 timed_waiting&#10;java.lang.Thread.State: TIMED_WAITING&#10;        at sun.misc.Unsafe.park(Native Method)&#10;        at java.util.concurrent.locks.LockSupport.parkNanos(LockSupport.java:215)&#10;        at java.util.concurrent.locks.AbstractQueuedSynchronizer$ConditionObject.awaitNanos(AbstractQueuedSynchronizer.java:2078)&#10;        at java.util.concurrent.LinkedBlockingQueue.poll(LinkedBlockingQueue.java:467)&#10;        at org.apache.hadoop.ipc.CallQueueManager.take(CallQueueManager.java:288)&#10;        at org.apache.hadoop.ipc.Server$Handler.run(Server.java:2668)&#10;&quot;pool-46-thread-18&quot;  prio=5 tid=370 in Object.wait()&#10;java.lang.Thread.State: WAITING (on object monitor)&#10;        at sun.misc.Unsafe.park(Native Method)&#10;        at java.util.concurrent.locks.LockSupport.park(LockSupport.java:175)&#10;        at java.util.concurrent.locks.AbstractQueuedSynchronizer$ConditionObject.await(AbstractQueuedSynchronizer.java:2039)&#10;        at java.util.concurrent.ArrayBlockingQueue.take(ArrayBlockingQueue.java:403)&#10;        at java.util.concurrent.ThreadPoolExecutor.getTask(ThreadPoolExecutor.java:1074)&#10;        at java.util.concurrent.ThreadPoolExecutor.runWorker(ThreadPoolExecutor.java:1134)&#10;        at java.util.concurrent.ThreadPoolExecutor$Worker.run(ThreadPoolExecutor.java:624)&#10;        at java.lang.Thread.run(Thread.java:748)&#10;&quot;Datanode ReportManager Thread - 2&quot; daemon prio=5 tid=173 timed_waiting&#10;java.lang.Thread.State: TIMED_WAITING&#10;        at sun.misc.Unsafe.park(Native Method)&#10;        at java.util.concurrent.locks.LockSupport.parkNanos(LockSupport.java:215)&#10;        at java.util.concurrent.locks.AbstractQueuedSynchronizer$ConditionObject.awaitNanos(AbstractQueuedSynchronizer.java:2078)&#10;        at java.util.concurrent.ScheduledThreadPoolExecutor$DelayedWorkQueue.take(ScheduledThreadPoolExecutor.java:1093)&#10;        at java.util.concurrent.ScheduledThreadPoolExecutor$DelayedWorkQueue.take(ScheduledThreadPoolExecutor.java:809)&#10;        at java.util.concurrent.ThreadPoolExecutor.getTask(ThreadPoolExecutor.java:1074)&#10;        at java.util.concurrent.ThreadPoolExecutor.runWorker(ThreadPoolExecutor.java:1134)&#10;        at java.util.concurrent.ThreadPoolExecutor$Worker.run(ThreadPoolExecutor.java:624)&#10;        at java.lang.Thread.run(Thread.java:748)&#10;&quot;pool-24-thread-1&quot; daemon prio=5 tid=156 timed_waiting&#10;java.lang.Thread.State: TIMED_WAITING&#10;        at sun.misc.Unsafe.park(Native Method)&#10;        at java.util.concurrent.locks.LockSupport.parkNanos(LockSupport.java:215)&#10;        at java.util.concurrent.locks.AbstractQueuedSynchronizer$ConditionObject.awaitNanos(AbstractQueuedSynchronizer.java:2078)&#10;        at java.util.concurrent.ScheduledThreadPoolExecutor$DelayedWorkQueue.take(ScheduledThreadPoolExecutor.java:1093)&#10;        at java.util.concurrent.ScheduledThreadPoolExecutor$DelayedWorkQueue.take(ScheduledThreadPoolExecutor.java:809)&#10;        at java.util.concurrent.ThreadPoolExecutor.getTask(ThreadPoolExecutor.java:1074)&#10;        at java.util.concurrent.ThreadPoolExecutor.runWorker(ThreadPoolExecutor.java:1134)&#10;        at java.util.concurrent.ThreadPoolExecutor$Worker.run(ThreadPoolExecutor.java:624)&#10;        at java.lang.Thread.run(Thread.java:748)&#10;&quot;pool-36-thread-23&quot;  prio=5 tid=273 in Object.wait()&#10;java.lang.Thread.State: WAITING (on object monitor)&#10;        at sun.misc.Unsafe.park(Native Method)&#10;        at java.util.concurrent.locks.LockSupport.park(LockSupport.java:175)&#10;        at java.util.concurrent.locks.AbstractQueuedSynchronizer$ConditionObject.await(AbstractQueuedSynchronizer.java:2039)&#10;        at java.util.concurrent.ArrayBlockingQueue.take(ArrayBlockingQueue.java:403)&#10;        at java.util.concurrent.ThreadPoolExecutor.getTask(ThreadPoolExecutor.java:1074)&#10;        at java.util.concurrent.ThreadPoolExecutor.runWorker(ThreadPoolExecutor.java:1134)&#10;        at java.util.concurrent.ThreadPoolExecutor$Worker.run(ThreadPoolExecutor.java:624)&#10;        at java.lang.Thread.run(Thread.java:748)&#10;&quot;IPC Server handler 16 on 46440&quot; daemon prio=5 tid=65 timed_waiting&#10;java.lang.Thread.State: TIMED_WAITING&#10;        at sun.misc.Unsafe.park(Native Method)&#10;        at java.util.concurrent.locks.LockSupport.parkNanos(LockSupport.java:215)&#10;        at java.util.concurrent.locks.AbstractQueuedSynchronizer$ConditionObject.awaitNanos(AbstractQueuedSynchronizer.java:2078)&#10;        at java.util.concurrent.LinkedBlockingQueue.poll(LinkedBlockingQueue.java:467)&#10;        at org.apache.hadoop.ipc.CallQueueManager.take(CallQueueManager.java:288)&#10;        at org.apache.hadoop.ipc.Server$Handler.run(Server.java:2668)&#10;&quot;IPC Server handler 0 on 46440&quot; daemon prio=5 tid=49 timed_waiting&#10;java.lang.Thread.State: TIMED_WAITING&#10;        at sun.misc.Unsafe.park(Native Method)&#10;        at java.util.concurrent.locks.LockSupport.parkNanos(LockSupport.java:215)&#10;        at java.util.concurrent.locks.AbstractQueuedSynchronizer$ConditionObject.awaitNanos(AbstractQueuedSynchronizer.java:2078)&#10;        at java.util.concurrent.LinkedBlockingQueue.poll(LinkedBlockingQueue.java:467)&#10;        at org.apache.hadoop.ipc.CallQueueManager.take(CallQueueManager.java:288)&#10;        at org.apache.hadoop.ipc.Server$Handler.run(Server.java:2668)&#10;&quot;pool-47-thread-1&quot;  prio=5 tid=444 in Object.wait()&#10;java.lang.Thread.State: WAITING (on object monitor)&#10;        at sun.misc.Unsafe.park(Native Method)&#10;        at java.util.concurrent.locks.LockSupport.park(LockSupport.java:175)&#10;        at java.util.concurrent.locks.AbstractQueuedSynchronizer$ConditionObject.await(AbstractQueuedSynchronizer.java:2039)&#10;        at java.util.concurrent.LinkedBlockingQueue.take(LinkedBlockingQueue.java:442)&#10;        at java.util.concurrent.ThreadPoolExecutor.getTask(ThreadPoolExecutor.java:1074)&#10;        at java.util.concurrent.ThreadPoolExecutor.runWorker(ThreadPoolExecutor.java:1134)&#10;        at java.util.concurrent.ThreadPoolExecutor$Worker.run(ThreadPoolExecutor.java:624)&#10;        at java.lang.Thread.run(Thread.java:748)&#10;&quot;pool-46-thread-19&quot;  prio=5 tid=371 in Object.wait()&#10;java.lang.Thread.State: WAITING (on object monitor)&#10;        at sun.misc.Unsafe.park(Native Method)&#10;        at java.util.concurrent.locks.LockSupport.park(LockSupport.java:175)&#10;        at java.util.concurrent.locks.AbstractQueuedSynchronizer$ConditionObject.await(AbstractQueuedSynchronizer.java:2039)&#10;        at java.util.concurrent.ArrayBlockingQueue.take(ArrayBlockingQueue.java:403)&#10;        at java.util.concurrent.ThreadPoolExecutor.getTask(ThreadPoolExecutor.java:1074)&#10;        at java.util.concurrent.ThreadPoolExecutor.runWorker(ThreadPoolExecutor.java:1134)&#10;        at java.util.concurrent.ThreadPoolExecutor$Worker.run(ThreadPoolExecutor.java:624)&#10;        at java.lang.Thread.run(Thread.java:748)&#10;&quot;pool-26-thread-58&quot;  prio=5 tid=350 in Object.wait()&#10;java.lang.Thread.State: WAITING (on object monitor)&#10;        at sun.misc.Unsafe.park(Native Method)&#10;        at java.util.concurrent.locks.LockSupport.park(LockSupport.java:175)&#10;        at java.util.concurrent.locks.AbstractQueuedSynchronizer$ConditionObject.await(AbstractQueuedSynchronizer.java:2039)&#10;        at java.util.concurrent.ArrayBlockingQueue.take(ArrayBlockingQueue.java:403)&#10;        at java.util.concurrent.ThreadPoolExecutor.getTask(ThreadPoolExecutor.java:1074)&#10;        at java.util.concurrent.ThreadPoolExecutor.runWorker(ThreadPoolExecutor.java:1134)&#10;        at java.util.concurrent.ThreadPoolExecutor$Worker.run(ThreadPoolExecutor.java:624)&#10;        at java.lang.Thread.run(Thread.java:748)&#10;&quot;IPC Server handler 0 on 45958&quot; daemon prio=5 tid=29 timed_waiting&#10;java.lang.Thread.State: TIMED_WAITING&#10;        at sun.misc.Unsafe.park(Native Method)&#10;        at java.util.concurrent.locks.LockSupport.parkNanos(LockSupport.java:215)&#10;        at java.util.concurrent.locks.AbstractQueuedSynchronizer$ConditionObject.awaitNanos(AbstractQueuedSynchronizer.java:2078)&#10;        at java.util.concurrent.LinkedBlockingQueue.poll(LinkedBlockingQueue.java:467)&#10;        at org.apache.hadoop.ipc.CallQueueManager.take(CallQueueManager.java:288)&#10;        at org.apache.hadoop.ipc.Server$Handler.run(Server.java:2668)&#10;&quot;metrics-hadoop-metrics2-reporter-21-thread-1&quot; daemon prio=5 tid=488 timed_waiting&#10;java.lang.Thread.State: TIMED_WAITING&#10;        at sun.misc.Unsafe.park(Native Method)&#10;        at java.util.concurrent.locks.LockSupport.parkNanos(LockSupport.java:215)&#10;        at java.util.concurrent.locks.AbstractQueuedSynchronizer$ConditionObject.awaitNanos(AbstractQueuedSynchronizer.java:2078)&#10;        at java.util.concurrent.ScheduledThreadPoolExecutor$DelayedWorkQueue.take(ScheduledThreadPoolExecutor.java:1093)&#10;        at java.util.concurrent.ScheduledThreadPoolExecutor$DelayedWorkQueue.take(ScheduledThreadPoolExecutor.java:809)&#10;        at java.util.concurrent.ThreadPoolExecutor.getTask(ThreadPoolExecutor.java:1074)&#10;        at java.util.concurrent.ThreadPoolExecutor.runWorker(ThreadPoolExecutor.java:1134)&#10;        at java.util.concurrent.ThreadPoolExecutor$Worker.run(ThreadPoolExecutor.java:624)&#10;        at java.lang.Thread.run(Thread.java:748)&#10;&quot;pool-26-thread-37&quot;  prio=5 tid=310 in Object.wait()&#10;java.lang.Thread.State: WAITING (on object monitor)&#10;        at sun.misc.Unsafe.park(Native Method)&#10;        at java.util.concurrent.locks.LockSupport.park(LockSupport.java:175)&#10;        at java.util.concurrent.locks.AbstractQueuedSynchronizer$ConditionObject.await(AbstractQueuedSynchronizer.java:2039)&#10;        at java.util.concurrent.ArrayBlockingQueue.take(ArrayBlockingQueue.java:403)&#10;        at java.util.concurrent.ThreadPoolExecutor.getTask(ThreadPoolExecutor.java:1074)&#10;        at java.util.concurrent.ThreadPoolExecutor.runWorker(ThreadPoolExecutor.java:1134)&#10;        at java.util.concurrent.ThreadPoolExecutor$Worker.run(ThreadPoolExecutor.java:624)&#10;        at java.lang.Thread.run(Thread.java:748)&#10;&quot;pool-26-thread-24&quot;  prio=5 tid=284 in Object.wait()&#10;java.lang.Thread.State: WAITING (on object monitor)&#10;        at sun.misc.Unsafe.park(Native Method)&#10;        at java.util.concurrent.locks.LockSupport.park(LockSupport.java:175)&#10;        at java.util.concurrent.locks.AbstractQueuedSynchronizer$ConditionObject.await(AbstractQueuedSynchronizer.java:2039)&#10;        at java.util.concurrent.ArrayBlockingQueue.take(ArrayBlockingQueue.java:403)&#10;        at java.util.concurrent.ThreadPoolExecutor.getTask(ThreadPoolExecutor.java:1074)&#10;        at java.util.concurrent.ThreadPoolExecutor.runWorker(ThreadPoolExecutor.java:1134)&#10;        at java.util.concurrent.ThreadPoolExecutor$Worker.run(ThreadPoolExecutor.java:624)&#10;        at java.lang.Thread.run(Thread.java:748)&#10;&quot;jaeger.RemoteReporter-FlushTimer&quot; daemon prio=5 tid=148 timed_waiting&#10;java.lang.Thread.State: TIMED_WAITING&#10;        at java.lang.Object.wait(Native Method)&#10;        at java.util.TimerThread.mainLoop(Timer.java:552)&#10;        at java.util.TimerThread.run(Timer.java:505)&#10;&quot;IPC Server handler 7 on 45958&quot; daemon prio=5 tid=36 timed_waiting&#10;java.lang.Thread.State: TIMED_WAITING&#10;        at sun.misc.Unsafe.park(Native Method)&#10;        at java.util.concurrent.locks.LockSupport.parkNanos(LockSupport.java:215)&#10;        at java.util.concurrent.locks.AbstractQueuedSynchronizer$ConditionObject.awaitNanos(AbstractQueuedSynchronizer.java:2078)&#10;        at java.util.concurrent.LinkedBlockingQueue.poll(LinkedBlockingQueue.java:467)&#10;        at org.apache.hadoop.ipc.CallQueueManager.take(CallQueueManager.java:288)&#10;        at org.apache.hadoop.ipc.Server$Handler.run(Server.java:2668)&#10;&quot;IPC Server handler 7 on 35339&quot; daemon prio=5 tid=121 timed_waiting&#10;java.lang.Thread.State: TIMED_WAITING&#10;        at sun.misc.Unsafe.park(Native Method)&#10;        at java.util.concurrent.locks.LockSupport.parkNanos(LockSupport.java:215)&#10;        at java.util.concurrent.locks.AbstractQueuedSynchronizer$ConditionObject.awaitNanos(AbstractQueuedSynchronizer.java:2078)&#10;        at java.util.concurrent.LinkedBlockingQueue.poll(LinkedBlockingQueue.java:467)&#10;        at org.apache.hadoop.ipc.CallQueueManager.take(CallQueueManager.java:288)&#10;        at org.apache.hadoop.ipc.Server$Handler.run(Server.java:2668)&#10;&quot;pool-36-thread-2&quot;  prio=5 tid=235 in Object.wait()&#10;java.lang.Thread.State: WAITING (on object monitor)&#10;        at sun.misc.Unsafe.park(Native Method)&#10;        at java.util.concurrent.locks.LockSupport.park(LockSupport.java:175)&#10;        at java.util.concurrent.locks.AbstractQueuedSynchronizer$ConditionObject.await(AbstractQueuedSynchronizer.java:2039)&#10;        at java.util.concurrent.ArrayBlockingQueue.take(ArrayBlockingQueue.java:403)&#10;        at java.util.concurrent.ThreadPoolExecutor.getTask(ThreadPoolExecutor.java:1074)&#10;        at java.util.concurrent.ThreadPoolExecutor.runWorker(ThreadPoolExecutor.java:1134)&#10;        at java.util.concurrent.ThreadPoolExecutor$Worker.run(ThreadPoolExecutor.java:624)&#10;        at java.lang.Thread.run(Thread.java:748)&#10;&quot;Datanode ReportManager Thread - 3&quot; daemon prio=5 tid=174 timed_waiting&#10;java.lang.Thread.State: TIMED_WAITING&#10;        at sun.misc.Unsafe.park(Native Method)&#10;        at java.util.concurrent.locks.LockSupport.parkNanos(LockSupport.java:215)&#10;        at java.util.concurrent.locks.AbstractQueuedSynchronizer$ConditionObject.awaitNanos(AbstractQueuedSynchronizer.java:2078)&#10;        at java.util.concurrent.ScheduledThreadPoolExecutor$DelayedWorkQueue.take(ScheduledThreadPoolExecutor.java:1093)&#10;        at java.util.concurrent.ScheduledThreadPoolExecutor$DelayedWorkQueue.take(ScheduledThreadPoolExecutor.java:809)&#10;        at java.util.concurrent.ThreadPoolExecutor.getTask(ThreadPoolExecutor.java:1074)&#10;        at java.util.concurrent.ThreadPoolExecutor.runWorker(ThreadPoolExecutor.java:1134)&#10;        at java.util.concurrent.ThreadPoolExecutor$Worker.run(ThreadPoolExecutor.java:624)&#10;        at java.lang.Thread.run(Thread.java:748)&#10;&quot;pool-46-thread-39&quot;  prio=5 tid=391 in Object.wait()&#10;java.lang.Thread.State: WAITING (on object monitor)&#10;        at sun.misc.Unsafe.park(Native Method)&#10;        at java.util.concurrent.locks.LockSupport.park(LockSupport.java:175)&#10;        at java.util.concurrent.locks.AbstractQueuedSynchronizer$ConditionObject.await(AbstractQueuedSynchronizer.java:2039)&#10;        at java.util.concurrent.ArrayBlockingQueue.take(ArrayBlockingQueue.java:403)&#10;        at java.util.concurrent.ThreadPoolExecutor.getTask(ThreadPoolExecutor.java:1074)&#10;        at java.util.concurrent.ThreadPoolExecutor.runWorker(ThreadPoolExecutor.java:1134)&#10;        at java.util.concurrent.ThreadPoolExecutor$Worker.run(ThreadPoolExecutor.java:624)&#10;        at java.lang.Thread.run(Thread.java:748)&#10;&quot;IPC Server handler 1 on 46440&quot; daemon prio=5 tid=50 timed_waiting&#10;java.lang.Thread.State: TIMED_WAITING&#10;        at sun.misc.Unsafe.park(Native Method)&#10;        at java.util.concurrent.locks.LockSupport.parkNanos(LockSupport.java:215)&#10;        at java.util.concurrent.locks.AbstractQueuedSynchronizer$ConditionObject.awaitNanos(AbstractQueuedSynchronizer.java:2078)&#10;        at java.util.concurrent.LinkedBlockingQueue.poll(LinkedBlockingQueue.java:467)&#10;        at org.apache.hadoop.ipc.CallQueueManager.take(CallQueueManager.java:288)&#10;        at org.apache.hadoop.ipc.Server$Handler.run(Server.java:2668)&#10;&quot;qtp653553574-214-acceptor-0@51405467-ServerConnector@646c0a67{HTTP/1.1,[http/1.1]}{0.0.0.0:35045}&quot; daemon prio=3 tid=214 runnable&#10;java.lang.Thread.State: RUNNABLE&#10;        at sun.nio.ch.ServerSocketChannelImpl.accept0(Native Method)&#10;        at sun.nio.ch.ServerSocketChannelImpl.accept(ServerSocketChannelImpl.java:422)&#10;        at sun.nio.ch.ServerSocketChannelImpl.accept(ServerSocketChannelImpl.java:250)&#10;        at org.eclipse.jetty.server.ServerConnector.accept(ServerConnector.java:397)&#10;        at org.eclipse.jetty.server.AbstractConnector$Acceptor.run(AbstractConnector.java:601)&#10;        at org.eclipse.jetty.util.thread.QueuedThreadPool.runJob(QueuedThreadPool.java:671)&#10;        at org.eclipse.jetty.util.thread.QueuedThreadPool$2.run(QueuedThreadPool.java:589)&#10;        at java.lang.Thread.run(Thread.java:748)&#10;&quot;IPC Server listener on 46440&quot; daemon prio=5 tid=18 runnable&#10;java.lang.Thread.State: RUNNABLE&#10;        at sun.nio.ch.EPollArrayWrapper.epollWait(Native Method)&#10;        at sun.nio.ch.EPollArrayWrapper.poll(EPollArrayWrapper.java:269)&#10;        at sun.nio.ch.EPollSelectorImpl.doSelect(EPollSelectorImpl.java:93)&#10;        at sun.nio.ch.SelectorImpl.lockAndDoSelect(SelectorImpl.java:86)&#10;        at sun.nio.ch.SelectorImpl.select(SelectorImpl.java:97)&#10;        at sun.nio.ch.SelectorImpl.select(SelectorImpl.java:101)&#10;        at org.apache.hadoop.ipc.Server$Listener.run(Server.java:1159)&#10;&quot;pool-26-thread-46&quot;  prio=5 tid=328 in Object.wait()&#10;java.lang.Thread.State: WAITING (on object monitor)&#10;        at sun.misc.Unsafe.park(Native Method)&#10;        at java.util.concurrent.locks.LockSupport.park(LockSupport.java:175)&#10;        at java.util.concurrent.locks.AbstractQueuedSynchronizer$ConditionObject.await(AbstractQueuedSynchronizer.java:2039)&#10;        at java.util.concurrent.ArrayBlockingQueue.take(ArrayBlockingQueue.java:403)&#10;        at java.util.concurrent.ThreadPoolExecutor.getTask(ThreadPoolExecutor.java:1074)&#10;        at java.util.concurrent.ThreadPoolExecutor.runWorker(ThreadPoolExecutor.java:1134)&#10;        at java.util.concurrent.ThreadPoolExecutor$Worker.run(ThreadPoolExecutor.java:624)&#10;        at java.lang.Thread.run(Thread.java:748)&#10;&quot;IPC Server handler 7 on 38663&quot; daemon prio=5 tid=76 timed_waiting&#10;java.lang.Thread.State: TIMED_WAITING&#10;        at sun.misc.Unsafe.park(Native Method)&#10;        at java.util.concurrent.locks.LockSupport.parkNanos(LockSupport.java:215)&#10;        at java.util.concurrent.locks.AbstractQueuedSynchronizer$ConditionObject.awaitNanos(AbstractQueuedSynchronizer.java:2078)&#10;        at java.util.concurrent.LinkedBlockingQueue.poll(LinkedBlockingQueue.java:467)&#10;        at org.apache.hadoop.ipc.CallQueueManager.take(CallQueueManager.java:288)&#10;        at org.apache.hadoop.ipc.Server$Handler.run(Server.java:2668)&#10;&quot;pool-36-thread-59&quot;  prio=5 tid=345 in Object.wait()&#10;java.lang.Thread.State: WAITING (on object monitor)&#10;        at sun.misc.Unsafe.park(Native Method)&#10;        at java.util.concurrent.locks.LockSupport.park(LockSupport.java:175)&#10;        at java.util.concurrent.locks.AbstractQueuedSynchronizer$ConditionObject.await(AbstractQueuedSynchronizer.java:2039)&#10;        at java.util.concurrent.ArrayBlockingQueue.take(ArrayBlockingQueue.java:403)&#10;        at java.util.concurrent.ThreadPoolExecutor.getTask(ThreadPoolExecutor.java:1074)&#10;        at java.util.concurrent.ThreadPoolExecutor.runWorker(ThreadPoolExecutor.java:1134)&#10;        at java.util.concurrent.ThreadPoolExecutor$Worker.run(ThreadPoolExecutor.java:624)&#10;        at java.lang.Thread.run(Thread.java:748)&#10;&quot;pool-26-thread-13&quot;  prio=5 tid=259 in Object.wait()&#10;java.lang.Thread.State: WAITING (on object monitor)&#10;        at sun.misc.Unsafe.park(Native Method)&#10;        at java.util.concurrent.locks.LockSupport.park(LockSupport.java:175)&#10;        at java.util.concurrent.locks.AbstractQueuedSynchronizer$ConditionObject.await(AbstractQueuedSynchronizer.java:2039)&#10;        at java.util.concurrent.ArrayBlockingQueue.take(ArrayBlockingQueue.java:403)&#10;        at java.util.concurrent.ThreadPoolExecutor.getTask(ThreadPoolExecutor.java:1074)&#10;        at java.util.concurrent.ThreadPoolExecutor.runWorker(ThreadPoolExecutor.java:1134)&#10;        at java.util.concurrent.ThreadPoolExecutor$Worker.run(ThreadPoolExecutor.java:624)&#10;        at java.lang.Thread.run(Thread.java:748)&#10;&quot;metrics-hadoop-metrics2-reporter-31-thread-1&quot; daemon prio=5 tid=588 timed_waiting&#10;java.lang.Thread.State: TIMED_WAITING&#10;        at sun.misc.Unsafe.park(Native Method)&#10;        at java.util.concurrent.locks.LockSupport.parkNanos(LockSupport.java:215)&#10;        at java.util.concurrent.locks.AbstractQueuedSynchronizer$ConditionObject.awaitNanos(AbstractQueuedSynchronizer.java:2078)&#10;        at java.util.concurrent.ScheduledThreadPoolExecutor$DelayedWorkQueue.take(ScheduledThreadPoolExecutor.java:1093)&#10;        at java.util.concurrent.ScheduledThreadPoolExecutor$DelayedWorkQueue.take(ScheduledThreadPoolExecutor.java:809)&#10;        at java.util.concurrent.ThreadPoolExecutor.getTask(ThreadPoolExecutor.java:1074)&#10;        at java.util.concurrent.ThreadPoolExecutor.runWorker(ThreadPoolExecutor.java:1134)&#10;        at java.util.concurrent.ThreadPoolExecutor$Worker.run(ThreadPoolExecutor.java:624)&#10;        at java.lang.Thread.run(Thread.java:748)&#10;&quot;Datanode State Machine Thread - 0&quot; daemon prio=5 tid=231 timed_waiting&#10;java.lang.Thread.State: TIMED_WAITING&#10;        at sun.misc.Unsafe.park(Native Method)&#10;        at java.util.concurrent.locks.LockSupport.parkNanos(LockSupport.java:215)&#10;        at java.util.concurrent.SynchronousQueue$TransferStack.awaitFulfill(SynchronousQueue.java:460)&#10;        at java.util.concurrent.SynchronousQueue$TransferStack.transfer(SynchronousQueue.java:362)&#10;        at java.util.concurrent.SynchronousQueue.poll(SynchronousQueue.java:941)&#10;        at java.util.concurrent.ThreadPoolExecutor.getTask(ThreadPoolExecutor.java:1073)&#10;        at java.util.concurrent.ThreadPoolExecutor.runWorker(ThreadPoolExecutor.java:1134)&#10;        at java.util.concurrent.ThreadPoolExecutor$Worker.run(ThreadPoolExecutor.java:624)&#10;        at java.lang.Thread.run(Thread.java:748)&#10;&quot;IPC Server handler 15 on 35339&quot; daemon prio=5 tid=130 timed_waiting&#10;java.lang.Thread.State: TIMED_WAITING&#10;        at sun.misc.Unsafe.park(Native Method)&#10;        at java.util.concurrent.locks.LockSupport.parkNanos(LockSupport.java:215)&#10;        at java.util.concurrent.locks.AbstractQueuedSynchronizer$ConditionObject.awaitNanos(AbstractQueuedSynchronizer.java:2078)&#10;        at java.util.concurrent.LinkedBlockingQueue.poll(LinkedBlockingQueue.java:467)&#10;        at org.apache.hadoop.ipc.CallQueueManager.take(CallQueueManager.java:288)&#10;        at org.apache.hadoop.ipc.Server$Handler.run(Server.java:2668)&#10;&quot;IPC Server listener on 38663&quot; daemon prio=5 tid=14 runnable&#10;java.lang.Thread.State: RUNNABLE&#10;        at sun.nio.ch.EPollArrayWrapper.epollWait(Native Method)&#10;        at sun.nio.ch.EPollArrayWrapper.poll(EPollArrayWrapper.java:269)&#10;        at sun.nio.ch.EPollSelectorImpl.doSelect(EPollSelectorImpl.java:93)&#10;        at sun.nio.ch.SelectorImpl.lockAndDoSelect(SelectorImpl.java:86)&#10;        at sun.nio.ch.SelectorImpl.select(SelectorImpl.java:97)&#10;        at sun.nio.ch.SelectorImpl.select(SelectorImpl.java:101)&#10;        at org.apache.hadoop.ipc.Server$Listener.run(Server.java:1159)&#10;&#10;" type="java.util.concurrent.TimeoutException">java.util.concurrent.TimeoutException: 
Timed out waiting for condition. Thread diagnostics:
Timestamp: 2019-10-16 09:12:13,219

"org.eclipse.jetty.server.session.HashSessionManager@7f353d99Timer" daemon prio=5 tid=196 timed_waiting
java.lang.Thread.State: TIMED_WAITING
        at sun.misc.Unsafe.park(Native Method)
        at java.util.concurrent.locks.LockSupport.parkNanos(LockSupport.java:215)
        at java.util.concurrent.locks.AbstractQueuedSynchronizer$ConditionObject.awaitNanos(AbstractQueuedSynchronizer.java:2078)
        at java.util.concurrent.ScheduledThreadPoolExecutor$DelayedWorkQueue.take(ScheduledThreadPoolExecutor.java:1093)
        at java.util.concurrent.ScheduledThreadPoolExecutor$DelayedWorkQueue.take(ScheduledThreadPoolExecutor.java:809)
        at java.util.concurrent.ThreadPoolExecutor.getTask(ThreadPoolExecutor.java:1074)
        at java.util.concurrent.ThreadPoolExecutor.runWorker(ThreadPoolExecutor.java:1134)
        at java.util.concurrent.ThreadPoolExecutor$Worker.run(ThreadPoolExecutor.java:624)
        at java.lang.Thread.run(Thread.java:748)
"pool-26-thread-11"  prio=5 tid=254 in Object.wait()
java.lang.Thread.State: WAITING (on object monitor)
        at sun.misc.Unsafe.park(Native Method)
        at java.util.concurrent.locks.LockSupport.park(LockSupport.java:175)
        at java.util.concurrent.locks.AbstractQueuedSynchronizer$ConditionObject.await(AbstractQueuedSynchronizer.java:2039)
        at java.util.concurrent.ArrayBlockingQueue.take(ArrayBlockingQueue.java:403)
        at java.util.concurrent.ThreadPoolExecutor.getTask(ThreadPoolExecutor.java:1074)
        at java.util.concurrent.ThreadPoolExecutor.runWorker(ThreadPoolExecutor.java:1134)
        at java.util.concurrent.ThreadPoolExecutor$Worker.run(ThreadPoolExecutor.java:624)
        at java.lang.Thread.run(Thread.java:748)
"pool-46-thread-41"  prio=5 tid=393 in Object.wait()
java.lang.Thread.State: WAITING (on object monitor)
        at sun.misc.Unsafe.park(Native Method)
        at java.util.concurrent.locks.LockSupport.park(LockSupport.java:175)
        at java.util.concurrent.locks.AbstractQueuedSynchronizer$ConditionObject.await(AbstractQueuedSynchronizer.java:2039)
        at java.util.concurrent.ArrayBlockingQueue.take(ArrayBlockingQueue.java:403)
        at java.util.concurrent.ThreadPoolExecutor.getTask(ThreadPoolExecutor.java:1074)
        at java.util.concurrent.ThreadPoolExecutor.runWorker(ThreadPoolExecutor.java:1134)
        at java.util.concurrent.ThreadPoolExecutor$Worker.run(ThreadPoolExecutor.java:624)
        at java.lang.Thread.run(Thread.java:748)
"IPC Server handler 17 on 38663" daemon prio=5 tid=86 timed_waiting
java.lang.Thread.State: TIMED_WAITING
        at sun.misc.Unsafe.park(Native Method)
        at java.util.concurrent.locks.LockSupport.parkNanos(LockSupport.java:215)
        at java.util.concurrent.locks.AbstractQueuedSynchronizer$ConditionObject.awaitNanos(AbstractQueuedSynchronizer.java:2078)
        at java.util.concurrent.LinkedBlockingQueue.poll(LinkedBlockingQueue.java:467)
        at org.apache.hadoop.ipc.CallQueueManager.take(CallQueueManager.java:288)
        at org.apache.hadoop.ipc.Server$Handler.run(Server.java:2668)
"grpc-default-executor-2" daemon prio=5 tid=469 timed_waiting
java.lang.Thread.State: TIMED_WAITING
        at sun.misc.Unsafe.park(Native Method)
        at java.util.concurrent.locks.LockSupport.parkNanos(LockSupport.java:215)
        at java.util.concurrent.SynchronousQueue$TransferStack.awaitFulfill(SynchronousQueue.java:460)
        at java.util.concurrent.SynchronousQueue$TransferStack.transfer(SynchronousQueue.java:362)
        at java.util.concurrent.SynchronousQueue.poll(SynchronousQueue.java:941)
        at java.util.concurrent.ThreadPoolExecutor.getTask(ThreadPoolExecutor.java:1073)
        at java.util.concurrent.ThreadPoolExecutor.runWorker(ThreadPoolExecutor.java:1134)
        at java.util.concurrent.ThreadPoolExecutor$Worker.run(ThreadPoolExecutor.java:624)
        at java.lang.Thread.run(Thread.java:748)
"org.eclipse.jetty.server.session.HashSessionManager@2eae4349Timer" daemon prio=5 tid=223 timed_waiting
java.lang.Thread.State: TIMED_WAITING
        at sun.misc.Unsafe.park(Native Method)
        at java.util.concurrent.locks.LockSupport.parkNanos(LockSupport.java:215)
        at java.util.concurrent.locks.AbstractQueuedSynchronizer$ConditionObject.awaitNanos(AbstractQueuedSynchronizer.java:2078)
        at java.util.concurrent.ScheduledThreadPoolExecutor$DelayedWorkQueue.take(ScheduledThreadPoolExecutor.java:1093)
        at java.util.concurrent.ScheduledThreadPoolExecutor$DelayedWorkQueue.take(ScheduledThreadPoolExecutor.java:809)
        at java.util.concurrent.ThreadPoolExecutor.getTask(ThreadPoolExecutor.java:1074)
        at java.util.concurrent.ThreadPoolExecutor.runWorker(ThreadPoolExecutor.java:1134)
        at java.util.concurrent.ThreadPoolExecutor$Worker.run(ThreadPoolExecutor.java:624)
        at java.lang.Thread.run(Thread.java:748)
"pool-46-thread-27"  prio=5 tid=379 in Object.wait()
java.lang.Thread.State: WAITING (on object monitor)
        at sun.misc.Unsafe.park(Native Method)
        at java.util.concurrent.locks.LockSupport.park(LockSupport.java:175)
        at java.util.concurrent.locks.AbstractQueuedSynchronizer$ConditionObject.await(AbstractQueuedSynchronizer.java:2039)
        at java.util.concurrent.ArrayBlockingQueue.take(ArrayBlockingQueue.java:403)
        at java.util.concurrent.ThreadPoolExecutor.getTask(ThreadPoolExecutor.java:1074)
        at java.util.concurrent.ThreadPoolExecutor.runWorker(ThreadPoolExecutor.java:1134)
        at java.util.concurrent.ThreadPoolExecutor$Worker.run(ThreadPoolExecutor.java:624)
        at java.lang.Thread.run(Thread.java:748)
"pool-36-thread-17"  prio=5 tid=263 in Object.wait()
java.lang.Thread.State: WAITING (on object monitor)
        at sun.misc.Unsafe.park(Native Method)
        at java.util.concurrent.locks.LockSupport.park(LockSupport.java:175)
        at java.util.concurrent.locks.AbstractQueuedSynchronizer$ConditionObject.await(AbstractQueuedSynchronizer.java:2039)
        at java.util.concurrent.ArrayBlockingQueue.take(ArrayBlockingQueue.java:403)
        at java.util.concurrent.ThreadPoolExecutor.getTask(ThreadPoolExecutor.java:1074)
        at java.util.concurrent.ThreadPoolExecutor.runWorker(ThreadPoolExecutor.java:1134)
        at java.util.concurrent.ThreadPoolExecutor$Worker.run(ThreadPoolExecutor.java:624)
        at java.lang.Thread.run(Thread.java:748)
"grpc-default-worker-ELG-3-1" daemon prio=5 tid=429 runnable
java.lang.Thread.State: RUNNABLE
        at sun.nio.ch.EPollArrayWrapper.epollWait(Native Method)
        at sun.nio.ch.EPollArrayWrapper.poll(EPollArrayWrapper.java:269)
        at sun.nio.ch.EPollSelectorImpl.doSelect(EPollSelectorImpl.java:93)
        at sun.nio.ch.SelectorImpl.lockAndDoSelect(SelectorImpl.java:86)
        at sun.nio.ch.SelectorImpl.select(SelectorImpl.java:97)
        at org.apache.ratis.thirdparty.io.netty.channel.nio.SelectedSelectionKeySetSelector.select(SelectedSelectionKeySetSelector.java:62)
        at org.apache.ratis.thirdparty.io.netty.channel.nio.NioEventLoop.select(NioEventLoop.java:753)
        at org.apache.ratis.thirdparty.io.netty.channel.nio.NioEventLoop.run(NioEventLoop.java:408)
        at org.apache.ratis.thirdparty.io.netty.util.concurrent.SingleThreadEventExecutor$5.run(SingleThreadEventExecutor.java:897)
        at org.apache.ratis.thirdparty.io.netty.util.concurrent.FastThreadLocalRunnable.run(FastThreadLocalRunnable.java:30)
        at java.lang.Thread.run(Thread.java:748)
"IPC Server handler 11 on 38663" daemon prio=5 tid=80 timed_waiting
java.lang.Thread.State: TIMED_WAITING
        at sun.misc.Unsafe.park(Native Method)
        at java.util.concurrent.locks.LockSupport.parkNanos(LockSupport.java:215)
        at java.util.concurrent.locks.AbstractQueuedSynchronizer$ConditionObject.awaitNanos(AbstractQueuedSynchronizer.java:2078)
        at java.util.concurrent.LinkedBlockingQueue.poll(LinkedBlockingQueue.java:467)
        at org.apache.hadoop.ipc.CallQueueManager.take(CallQueueManager.java:288)
        at org.apache.hadoop.ipc.Server$Handler.run(Server.java:2668)
"SCM Heartbeat Processing Thread - 0" daemon prio=5 tid=13 timed_waiting
java.lang.Thread.State: TIMED_WAITING
        at sun.misc.Unsafe.park(Native Method)
        at java.util.concurrent.locks.LockSupport.parkNanos(LockSupport.java:215)
        at java.util.concurrent.locks.AbstractQueuedSynchronizer$ConditionObject.awaitNanos(AbstractQueuedSynchronizer.java:2078)
        at java.util.concurrent.ScheduledThreadPoolExecutor$DelayedWorkQueue.take(ScheduledThreadPoolExecutor.java:1093)
        at java.util.concurrent.ScheduledThreadPoolExecutor$DelayedWorkQueue.take(ScheduledThreadPoolExecutor.java:809)
        at java.util.concurrent.ThreadPoolExecutor.getTask(ThreadPoolExecutor.java:1074)
        at java.util.concurrent.ThreadPoolExecutor.runWorker(ThreadPoolExecutor.java:1134)
        at java.util.concurrent.ThreadPoolExecutor$Worker.run(ThreadPoolExecutor.java:624)
        at java.lang.Thread.run(Thread.java:748)
"pool-40-thread-1"  prio=5 tid=185 timed_waiting
java.lang.Thread.State: TIMED_WAITING
        at sun.misc.Unsafe.park(Native Method)
        at java.util.concurrent.locks.LockSupport.parkNanos(LockSupport.java:215)
        at java.util.concurrent.locks.AbstractQueuedSynchronizer$ConditionObject.awaitNanos(AbstractQueuedSynchronizer.java:2078)
        at java.util.concurrent.ScheduledThreadPoolExecutor$DelayedWorkQueue.take(ScheduledThreadPoolExecutor.java:1093)
        at java.util.concurrent.ScheduledThreadPoolExecutor$DelayedWorkQueue.take(ScheduledThreadPoolExecutor.java:809)
        at java.util.concurrent.ThreadPoolExecutor.getTask(ThreadPoolExecutor.java:1074)
        at java.util.concurrent.ThreadPoolExecutor.runWorker(ThreadPoolExecutor.java:1134)
        at java.util.concurrent.ThreadPoolExecutor$Worker.run(ThreadPoolExecutor.java:624)
        at java.lang.Thread.run(Thread.java:748)
"pool-36-thread-38"  prio=5 tid=303 in Object.wait()
java.lang.Thread.State: WAITING (on object monitor)
        at sun.misc.Unsafe.park(Native Method)
        at java.util.concurrent.locks.LockSupport.park(LockSupport.java:175)
        at java.util.concurrent.locks.AbstractQueuedSynchronizer$ConditionObject.await(AbstractQueuedSynchronizer.java:2039)
        at java.util.concurrent.ArrayBlockingQueue.take(ArrayBlockingQueue.java:403)
        at java.util.concurrent.ThreadPoolExecutor.getTask(ThreadPoolExecutor.java:1074)
        at java.util.concurrent.ThreadPoolExecutor.runWorker(ThreadPoolExecutor.java:1134)
        at java.util.concurrent.ThreadPoolExecutor$Worker.run(ThreadPoolExecutor.java:624)
        at java.lang.Thread.run(Thread.java:748)
"org.apache.hadoop.util.JvmPauseMonitor$Monitor@15d6fcd1" daemon prio=5 tid=230 timed_waiting
java.lang.Thread.State: TIMED_WAITING
        at java.lang.Thread.sleep(Native Method)
        at org.apache.hadoop.util.JvmPauseMonitor$Monitor.run(JvmPauseMonitor.java:192)
        at java.lang.Thread.run(Thread.java:748)
"pool-30-thread-1"  prio=5 tid=158 timed_waiting
java.lang.Thread.State: TIMED_WAITING
        at sun.misc.Unsafe.park(Native Method)
        at java.util.concurrent.locks.LockSupport.parkNanos(LockSupport.java:215)
        at java.util.concurrent.locks.AbstractQueuedSynchronizer$ConditionObject.awaitNanos(AbstractQueuedSynchronizer.java:2078)
        at java.util.concurrent.ScheduledThreadPoolExecutor$DelayedWorkQueue.take(ScheduledThreadPoolExecutor.java:1093)
        at java.util.concurrent.ScheduledThreadPoolExecutor$DelayedWorkQueue.take(ScheduledThreadPoolExecutor.java:809)
        at java.util.concurrent.ThreadPoolExecutor.getTask(ThreadPoolExecutor.java:1074)
        at java.util.concurrent.ThreadPoolExecutor.runWorker(ThreadPoolExecutor.java:1134)
        at java.util.concurrent.ThreadPoolExecutor$Worker.run(ThreadPoolExecutor.java:624)
        at java.lang.Thread.run(Thread.java:748)
"pool-46-thread-28"  prio=5 tid=380 in Object.wait()
java.lang.Thread.State: WAITING (on object monitor)
        at sun.misc.Unsafe.park(Native Method)
        at java.util.concurrent.locks.LockSupport.park(LockSupport.java:175)
        at java.util.concurrent.locks.AbstractQueuedSynchronizer$ConditionObject.await(AbstractQueuedSynchronizer.java:2039)
        at java.util.concurrent.ArrayBlockingQueue.take(ArrayBlockingQueue.java:403)
        at java.util.concurrent.ThreadPoolExecutor.getTask(ThreadPoolExecutor.java:1074)
        at java.util.concurrent.ThreadPoolExecutor.runWorker(ThreadPoolExecutor.java:1134)
        at java.util.concurrent.ThreadPoolExecutor$Worker.run(ThreadPoolExecutor.java:624)
        at java.lang.Thread.run(Thread.java:748)
"pool-36-thread-12"  prio=5 tid=255 in Object.wait()
java.lang.Thread.State: WAITING (on object monitor)
        at sun.misc.Unsafe.park(Native Method)
        at java.util.concurrent.locks.LockSupport.park(LockSupport.java:175)
        at java.util.concurrent.locks.AbstractQueuedSynchronizer$ConditionObject.await(AbstractQueuedSynchronizer.java:2039)
        at java.util.concurrent.ArrayBlockingQueue.take(ArrayBlockingQueue.java:403)
        at java.util.concurrent.ThreadPoolExecutor.getTask(ThreadPoolExecutor.java:1074)
        at java.util.concurrent.ThreadPoolExecutor.runWorker(ThreadPoolExecutor.java:1134)
        at java.util.concurrent.ThreadPoolExecutor$Worker.run(ThreadPoolExecutor.java:624)
        at java.lang.Thread.run(Thread.java:748)
"qtp498748934-190" daemon prio=5 tid=190 timed_waiting
java.lang.Thread.State: TIMED_WAITING
        at sun.misc.Unsafe.park(Native Method)
        at java.util.concurrent.locks.LockSupport.parkNanos(LockSupport.java:215)
        at java.util.concurrent.locks.AbstractQueuedSynchronizer$ConditionObject.awaitNanos(AbstractQueuedSynchronizer.java:2078)
        at org.eclipse.jetty.util.BlockingArrayQueue.poll(BlockingArrayQueue.java:392)
        at org.eclipse.jetty.util.thread.QueuedThreadPool.idleJobPoll(QueuedThreadPool.java:563)
        at org.eclipse.jetty.util.thread.QueuedThreadPool.access$800(QueuedThreadPool.java:48)
        at org.eclipse.jetty.util.thread.QueuedThreadPool$2.run(QueuedThreadPool.java:626)
        at java.lang.Thread.run(Thread.java:748)
"pool-26-thread-54"  prio=5 tid=344 in Object.wait()
java.lang.Thread.State: WAITING (on object monitor)
        at sun.misc.Unsafe.park(Native Method)
        at java.util.concurrent.locks.LockSupport.park(LockSupport.java:175)
        at java.util.concurrent.locks.AbstractQueuedSynchronizer$ConditionObject.await(AbstractQueuedSynchronizer.java:2039)
        at java.util.concurrent.ArrayBlockingQueue.take(ArrayBlockingQueue.java:403)
        at java.util.concurrent.ThreadPoolExecutor.getTask(ThreadPoolExecutor.java:1074)
        at java.util.concurrent.ThreadPoolExecutor.runWorker(ThreadPoolExecutor.java:1134)
        at java.util.concurrent.ThreadPoolExecutor$Worker.run(ThreadPoolExecutor.java:624)
        at java.lang.Thread.run(Thread.java:748)
"IPC Server handler 5 on 35339" daemon prio=5 tid=119 timed_waiting
java.lang.Thread.State: TIMED_WAITING
        at sun.misc.Unsafe.park(Native Method)
        at java.util.concurrent.locks.LockSupport.parkNanos(LockSupport.java:215)
        at java.util.concurrent.locks.AbstractQueuedSynchronizer$ConditionObject.awaitNanos(AbstractQueuedSynchronizer.java:2078)
        at java.util.concurrent.LinkedBlockingQueue.poll(LinkedBlockingQueue.java:467)
        at org.apache.hadoop.ipc.CallQueueManager.take(CallQueueManager.java:288)
        at org.apache.hadoop.ipc.Server$Handler.run(Server.java:2668)
"IPC Server handler 18 on 46440" daemon prio=5 tid=67 timed_waiting
java.lang.Thread.State: TIMED_WAITING
        at sun.misc.Unsafe.park(Native Method)
        at java.util.concurrent.locks.LockSupport.parkNanos(LockSupport.java:215)
        at java.util.concurrent.locks.AbstractQueuedSynchronizer$ConditionObject.awaitNanos(AbstractQueuedSynchronizer.java:2078)
        at java.util.concurrent.LinkedBlockingQueue.poll(LinkedBlockingQueue.java:467)
        at org.apache.hadoop.ipc.CallQueueManager.take(CallQueueManager.java:288)
        at org.apache.hadoop.ipc.Server$Handler.run(Server.java:2668)
"pool-36-thread-20"  prio=5 tid=268 in Object.wait()
java.lang.Thread.State: WAITING (on object monitor)
        at sun.misc.Unsafe.park(Native Method)
        at java.util.concurrent.locks.LockSupport.park(LockSupport.java:175)
        at java.util.concurrent.locks.AbstractQueuedSynchronizer$ConditionObject.await(AbstractQueuedSynchronizer.java:2039)
        at java.util.concurrent.ArrayBlockingQueue.take(ArrayBlockingQueue.java:403)
        at java.util.concurrent.ThreadPoolExecutor.getTask(ThreadPoolExecutor.java:1074)
        at java.util.concurrent.ThreadPoolExecutor.runWorker(ThreadPoolExecutor.java:1134)
        at java.util.concurrent.ThreadPoolExecutor$Worker.run(ThreadPoolExecutor.java:624)
        at java.lang.Thread.run(Thread.java:748)
"pool-26-thread-16"  prio=5 tid=267 in Object.wait()
java.lang.Thread.State: WAITING (on object monitor)
        at sun.misc.Unsafe.park(Native Method)
        at java.util.concurrent.locks.LockSupport.park(LockSupport.java:175)
        at java.util.concurrent.locks.AbstractQueuedSynchronizer$ConditionObject.await(AbstractQueuedSynchronizer.java:2039)
        at java.util.concurrent.ArrayBlockingQueue.take(ArrayBlockingQueue.java:403)
        at java.util.concurrent.ThreadPoolExecutor.getTask(ThreadPoolExecutor.java:1074)
        at java.util.concurrent.ThreadPoolExecutor.runWorker(ThreadPoolExecutor.java:1134)
        at java.util.concurrent.ThreadPoolExecutor$Worker.run(ThreadPoolExecutor.java:624)
        at java.lang.Thread.run(Thread.java:748)
"IPC Server handler 11 on 45958" daemon prio=5 tid=40 timed_waiting
java.lang.Thread.State: TIMED_WAITING
        at sun.misc.Unsafe.park(Native Method)
        at java.util.concurrent.locks.LockSupport.parkNanos(LockSupport.java:215)
        at java.util.concurrent.locks.AbstractQueuedSynchronizer$ConditionObject.awaitNanos(AbstractQueuedSynchronizer.java:2078)
        at java.util.concurrent.LinkedBlockingQueue.poll(LinkedBlockingQueue.java:467)
        at org.apache.hadoop.ipc.CallQueueManager.take(CallQueueManager.java:288)
        at org.apache.hadoop.ipc.Server$Handler.run(Server.java:2668)
"Datanode ReportManager Thread - 1" daemon prio=5 tid=199 in Object.wait()
java.lang.Thread.State: WAITING (on object monitor)
        at sun.misc.Unsafe.park(Native Method)
        at java.util.concurrent.locks.LockSupport.park(LockSupport.java:175)
        at java.util.concurrent.locks.AbstractQueuedSynchronizer$ConditionObject.await(AbstractQueuedSynchronizer.java:2039)
        at java.util.concurrent.ScheduledThreadPoolExecutor$DelayedWorkQueue.take(ScheduledThreadPoolExecutor.java:1088)
        at java.util.concurrent.ScheduledThreadPoolExecutor$DelayedWorkQueue.take(ScheduledThreadPoolExecutor.java:809)
        at java.util.concurrent.ThreadPoolExecutor.getTask(ThreadPoolExecutor.java:1074)
        at java.util.concurrent.ThreadPoolExecutor.runWorker(ThreadPoolExecutor.java:1134)
        at java.util.concurrent.ThreadPoolExecutor$Worker.run(ThreadPoolExecutor.java:624)
        at java.lang.Thread.run(Thread.java:748)
"pool-46-thread-20"  prio=5 tid=372 in Object.wait()
java.lang.Thread.State: WAITING (on object monitor)
        at sun.misc.Unsafe.park(Native Method)
        at java.util.concurrent.locks.LockSupport.park(LockSupport.java:175)
        at java.util.concurrent.locks.AbstractQueuedSynchronizer$ConditionObject.await(AbstractQueuedSynchronizer.java:2039)
        at java.util.concurrent.ArrayBlockingQueue.take(ArrayBlockingQueue.java:403)
        at java.util.concurrent.ThreadPoolExecutor.getTask(ThreadPoolExecutor.java:1074)
        at java.util.concurrent.ThreadPoolExecutor.runWorker(ThreadPoolExecutor.java:1134)
        at java.util.concurrent.ThreadPoolExecutor$Worker.run(ThreadPoolExecutor.java:624)
        at java.lang.Thread.run(Thread.java:748)
"pool-36-thread-6"  prio=5 tid=243 in Object.wait()
java.lang.Thread.State: WAITING (on object monitor)
        at sun.misc.Unsafe.park(Native Method)
        at java.util.concurrent.locks.LockSupport.park(LockSupport.java:175)
        at java.util.concurrent.locks.AbstractQueuedSynchronizer$ConditionObject.await(AbstractQueuedSynchronizer.java:2039)
        at java.util.concurrent.ArrayBlockingQueue.take(ArrayBlockingQueue.java:403)
        at java.util.concurrent.ThreadPoolExecutor.getTask(ThreadPoolExecutor.java:1074)
        at java.util.concurrent.ThreadPoolExecutor.runWorker(ThreadPoolExecutor.java:1134)
        at java.util.concurrent.ThreadPoolExecutor$Worker.run(ThreadPoolExecutor.java:624)
        at java.lang.Thread.run(Thread.java:748)
"pool-46-thread-29"  prio=5 tid=381 in Object.wait()
java.lang.Thread.State: WAITING (on object monitor)
        at sun.misc.Unsafe.park(Native Method)
        at java.util.concurrent.locks.LockSupport.park(LockSupport.java:175)
        at java.util.concurrent.locks.AbstractQueuedSynchronizer$ConditionObject.await(AbstractQueuedSynchronizer.java:2039)
        at java.util.concurrent.ArrayBlockingQueue.take(ArrayBlockingQueue.java:403)
        at java.util.concurrent.ThreadPoolExecutor.getTask(ThreadPoolExecutor.java:1074)
        at java.util.concurrent.ThreadPoolExecutor.runWorker(ThreadPoolExecutor.java:1134)
        at java.util.concurrent.ThreadPoolExecutor$Worker.run(ThreadPoolExecutor.java:624)
        at java.lang.Thread.run(Thread.java:748)
"pool-26-thread-55"  prio=5 tid=346 in Object.wait()
java.lang.Thread.State: WAITING (on object monitor)
        at sun.misc.Unsafe.park(Native Method)
        at java.util.concurrent.locks.LockSupport.park(LockSupport.java:175)
        at java.util.concurrent.locks.AbstractQueuedSynchronizer$ConditionObject.await(AbstractQueuedSynchronizer.java:2039)
        at java.util.concurrent.ArrayBlockingQueue.take(ArrayBlockingQueue.java:403)
        at java.util.concurrent.ThreadPoolExecutor.getTask(ThreadPoolExecutor.java:1074)
        at java.util.concurrent.ThreadPoolExecutor.runWorker(ThreadPoolExecutor.java:1134)
        at java.util.concurrent.ThreadPoolExecutor$Worker.run(ThreadPoolExecutor.java:624)
        at java.lang.Thread.run(Thread.java:748)
"pool-26-thread-52"  prio=5 tid=340 in Object.wait()
java.lang.Thread.State: WAITING (on object monitor)
        at sun.misc.Unsafe.park(Native Method)
        at java.util.concurrent.locks.LockSupport.park(LockSupport.java:175)
        at java.util.concurrent.locks.AbstractQueuedSynchronizer$ConditionObject.await(AbstractQueuedSynchronizer.java:2039)
        at java.util.concurrent.ArrayBlockingQueue.take(ArrayBlockingQueue.java:403)
        at java.util.concurrent.ThreadPoolExecutor.getTask(ThreadPoolExecutor.java:1074)
        at java.util.concurrent.ThreadPoolExecutor.runWorker(ThreadPoolExecutor.java:1134)
        at java.util.concurrent.ThreadPoolExecutor$Worker.run(ThreadPoolExecutor.java:624)
        at java.lang.Thread.run(Thread.java:748)
"qtp498748934-188" daemon prio=5 tid=188 timed_waiting
java.lang.Thread.State: TIMED_WAITING
        at sun.misc.Unsafe.park(Native Method)
        at java.util.concurrent.locks.LockSupport.parkNanos(LockSupport.java:215)
        at java.util.concurrent.locks.AbstractQueuedSynchronizer$ConditionObject.awaitNanos(AbstractQueuedSynchronizer.java:2078)
        at org.eclipse.jetty.util.BlockingArrayQueue.poll(BlockingArrayQueue.java:392)
        at org.eclipse.jetty.util.thread.QueuedThreadPool.idleJobPoll(QueuedThreadPool.java:563)
        at org.eclipse.jetty.util.thread.QueuedThreadPool.access$800(QueuedThreadPool.java:48)
        at org.eclipse.jetty.util.thread.QueuedThreadPool$2.run(QueuedThreadPool.java:626)
        at java.lang.Thread.run(Thread.java:748)
"metrics-hadoop-metrics2-reporter-25-thread-1" daemon prio=5 tid=567 timed_waiting
java.lang.Thread.State: TIMED_WAITING
        at sun.misc.Unsafe.park(Native Method)
        at java.util.concurrent.locks.LockSupport.parkNanos(LockSupport.java:215)
        at java.util.concurrent.locks.AbstractQueuedSynchronizer$ConditionObject.awaitNanos(AbstractQueuedSynchronizer.java:2078)
        at java.util.concurrent.ScheduledThreadPoolExecutor$DelayedWorkQueue.take(ScheduledThreadPoolExecutor.java:1093)
        at java.util.concurrent.ScheduledThreadPoolExecutor$DelayedWorkQueue.take(ScheduledThreadPoolExecutor.java:809)
        at java.util.concurrent.ThreadPoolExecutor.getTask(ThreadPoolExecutor.java:1074)
        at java.util.concurrent.ThreadPoolExecutor.runWorker(ThreadPoolExecutor.java:1134)
        at java.util.concurrent.ThreadPoolExecutor$Worker.run(ThreadPoolExecutor.java:624)
        at java.lang.Thread.run(Thread.java:748)
"pool-26-thread-8"  prio=5 tid=248 in Object.wait()
java.lang.Thread.State: WAITING (on object monitor)
        at sun.misc.Unsafe.park(Native Method)
        at java.util.concurrent.locks.LockSupport.park(LockSupport.java:175)
        at java.util.concurrent.locks.AbstractQueuedSynchronizer$ConditionObject.await(AbstractQueuedSynchronizer.java:2039)
        at java.util.concurrent.ArrayBlockingQueue.take(ArrayBlockingQueue.java:403)
        at java.util.concurrent.ThreadPoolExecutor.getTask(ThreadPoolExecutor.java:1074)
        at java.util.concurrent.ThreadPoolExecutor.runWorker(ThreadPoolExecutor.java:1134)
        at java.util.concurrent.ThreadPoolExecutor$Worker.run(ThreadPoolExecutor.java:624)
        at java.lang.Thread.run(Thread.java:748)
"qtp2095970915-143" daemon prio=5 tid=143 timed_waiting
java.lang.Thread.State: TIMED_WAITING
        at sun.misc.Unsafe.park(Native Method)
        at java.util.concurrent.locks.LockSupport.parkNanos(LockSupport.java:215)
        at java.util.concurrent.locks.AbstractQueuedSynchronizer$ConditionObject.awaitNanos(AbstractQueuedSynchronizer.java:2078)
        at org.eclipse.jetty.util.BlockingArrayQueue.poll(BlockingArrayQueue.java:392)
        at org.eclipse.jetty.util.thread.QueuedThreadPool.idleJobPoll(QueuedThreadPool.java:563)
        at org.eclipse.jetty.util.thread.QueuedThreadPool.access$800(QueuedThreadPool.java:48)
        at org.eclipse.jetty.util.thread.QueuedThreadPool$2.run(QueuedThreadPool.java:626)
        at java.lang.Thread.run(Thread.java:748)
"IPC Server handler 8 on 38663" daemon prio=5 tid=77 timed_waiting
java.lang.Thread.State: TIMED_WAITING
        at sun.misc.Unsafe.park(Native Method)
        at java.util.concurrent.locks.LockSupport.parkNanos(LockSupport.java:215)
        at java.util.concurrent.locks.AbstractQueuedSynchronizer$ConditionObject.awaitNanos(AbstractQueuedSynchronizer.java:2078)
        at java.util.concurrent.LinkedBlockingQueue.poll(LinkedBlockingQueue.java:467)
        at org.apache.hadoop.ipc.CallQueueManager.take(CallQueueManager.java:288)
        at org.apache.hadoop.ipc.Server$Handler.run(Server.java:2668)
"pool-46-thread-52"  prio=5 tid=404 in Object.wait()
java.lang.Thread.State: WAITING (on object monitor)
        at sun.misc.Unsafe.park(Native Method)
        at java.util.concurrent.locks.LockSupport.park(LockSupport.java:175)
        at java.util.concurrent.locks.AbstractQueuedSynchronizer$ConditionObject.await(AbstractQueuedSynchronizer.java:2039)
        at java.util.concurrent.ArrayBlockingQueue.take(ArrayBlockingQueue.java:403)
        at java.util.concurrent.ThreadPoolExecutor.getTask(ThreadPoolExecutor.java:1074)
        at java.util.concurrent.ThreadPoolExecutor.runWorker(ThreadPoolExecutor.java:1134)
        at java.util.concurrent.ThreadPoolExecutor$Worker.run(ThreadPoolExecutor.java:624)
        at java.lang.Thread.run(Thread.java:748)
"pool-36-thread-40"  prio=5 tid=307 in Object.wait()
java.lang.Thread.State: WAITING (on object monitor)
        at sun.misc.Unsafe.park(Native Method)
        at java.util.concurrent.locks.LockSupport.park(LockSupport.java:175)
        at java.util.concurrent.locks.AbstractQueuedSynchronizer$ConditionObject.await(AbstractQueuedSynchronizer.java:2039)
        at java.util.concurrent.ArrayBlockingQueue.take(ArrayBlockingQueue.java:403)
        at java.util.concurrent.ThreadPoolExecutor.getTask(ThreadPoolExecutor.java:1074)
        at java.util.concurrent.ThreadPoolExecutor.runWorker(ThreadPoolExecutor.java:1134)
        at java.util.concurrent.ThreadPoolExecutor$Worker.run(ThreadPoolExecutor.java:624)
        at java.lang.Thread.run(Thread.java:748)
"surefire-forkedjvm-command-thread" daemon prio=5 tid=8 runnable
java.lang.Thread.State: RUNNABLE
        at java.io.FileInputStream.readBytes(Native Method)
        at java.io.FileInputStream.read(FileInputStream.java:255)
        at java.io.BufferedInputStream.fill(BufferedInputStream.java:246)
        at java.io.BufferedInputStream.read(BufferedInputStream.java:265)
        at java.io.DataInputStream.readInt(DataInputStream.java:387)
        at org.apache.maven.surefire.booter.MasterProcessCommand.decode(MasterProcessCommand.java:115)
        at org.apache.maven.surefire.booter.CommandReader$CommandRunnable.run(CommandReader.java:390)
        at java.lang.Thread.run(Thread.java:748)
"pool-26-thread-27"  prio=5 tid=290 in Object.wait()
java.lang.Thread.State: WAITING (on object monitor)
        at sun.misc.Unsafe.park(Native Method)
        at java.util.concurrent.locks.LockSupport.park(LockSupport.java:175)
        at java.util.concurrent.locks.AbstractQueuedSynchronizer$ConditionObject.await(AbstractQueuedSynchronizer.java:2039)
        at java.util.concurrent.ArrayBlockingQueue.take(ArrayBlockingQueue.java:403)
        at java.util.concurrent.ThreadPoolExecutor.getTask(ThreadPoolExecutor.java:1074)
        at java.util.concurrent.ThreadPoolExecutor.runWorker(ThreadPoolExecutor.java:1134)
        at java.util.concurrent.ThreadPoolExecutor$Worker.run(ThreadPoolExecutor.java:624)
        at java.lang.Thread.run(Thread.java:748)
"IPC Server handler 2 on 38663" daemon prio=5 tid=71 timed_waiting
java.lang.Thread.State: TIMED_WAITING
        at sun.misc.Unsafe.park(Native Method)
        at java.util.concurrent.locks.LockSupport.parkNanos(LockSupport.java:215)
        at java.util.concurrent.locks.AbstractQueuedSynchronizer$ConditionObject.awaitNanos(AbstractQueuedSynchronizer.java:2078)
        at java.util.concurrent.LinkedBlockingQueue.poll(LinkedBlockingQueue.java:467)
        at org.apache.hadoop.ipc.CallQueueManager.take(CallQueueManager.java:288)
        at org.apache.hadoop.ipc.Server$Handler.run(Server.java:2668)
"pool-26-thread-12"  prio=5 tid=257 in Object.wait()
java.lang.Thread.State: WAITING (on object monitor)
        at sun.misc.Unsafe.park(Native Method)
        at java.util.concurrent.locks.LockSupport.park(LockSupport.java:175)
        at java.util.concurrent.locks.AbstractQueuedSynchronizer$ConditionObject.await(AbstractQueuedSynchronizer.java:2039)
        at java.util.concurrent.ArrayBlockingQueue.take(ArrayBlockingQueue.java:403)
        at java.util.concurrent.ThreadPoolExecutor.getTask(ThreadPoolExecutor.java:1074)
        at java.util.concurrent.ThreadPoolExecutor.runWorker(ThreadPoolExecutor.java:1134)
        at java.util.concurrent.ThreadPoolExecutor$Worker.run(ThreadPoolExecutor.java:624)
        at java.lang.Thread.run(Thread.java:748)
"Thread-184" daemon prio=5 tid=450 timed_waiting
java.lang.Thread.State: TIMED_WAITING
        at sun.misc.Unsafe.park(Native Method)
        at java.util.concurrent.locks.LockSupport.parkNanos(LockSupport.java:215)
        at java.util.concurrent.locks.AbstractQueuedSynchronizer$ConditionObject.awaitNanos(AbstractQueuedSynchronizer.java:2078)
        at java.util.concurrent.ArrayBlockingQueue.poll(ArrayBlockingQueue.java:418)
        at org.apache.ratis.server.impl.LeaderState$EventQueue.poll(LeaderState.java:115)
        at org.apache.ratis.server.impl.LeaderState$EventProcessor.run(LeaderState.java:467)
"IPC Server handler 4 on 45958" daemon prio=5 tid=33 timed_waiting
java.lang.Thread.State: TIMED_WAITING
        at sun.misc.Unsafe.park(Native Method)
        at java.util.concurrent.locks.LockSupport.parkNanos(LockSupport.java:215)
        at java.util.concurrent.locks.AbstractQueuedSynchronizer$ConditionObject.awaitNanos(AbstractQueuedSynchronizer.java:2078)
        at java.util.concurrent.LinkedBlockingQueue.poll(LinkedBlockingQueue.java:467)
        at org.apache.hadoop.ipc.CallQueueManager.take(CallQueueManager.java:288)
        at org.apache.hadoop.ipc.Server$Handler.run(Server.java:2668)
"Socket Reader #1 for port 46440"  prio=5 tid=19 runnable
java.lang.Thread.State: RUNNABLE
        at sun.nio.ch.EPollArrayWrapper.epollWait(Native Method)
        at sun.nio.ch.EPollArrayWrapper.poll(EPollArrayWrapper.java:269)
        at sun.nio.ch.EPollSelectorImpl.doSelect(EPollSelectorImpl.java:93)
        at sun.nio.ch.SelectorImpl.lockAndDoSelect(SelectorImpl.java:86)
        at sun.nio.ch.SelectorImpl.select(SelectorImpl.java:97)
        at sun.nio.ch.SelectorImpl.select(SelectorImpl.java:101)
        at org.apache.hadoop.ipc.Server$Listener$Reader.doRunLoop(Server.java:1097)
        at org.apache.hadoop.ipc.Server$Listener$Reader.run(Server.java:1076)
"52743044-8979-4a08-8013-92a14c548982@group-146C50BE7901-StateMachineUpdater" daemon prio=5 tid=569 in Object.wait()
java.lang.Thread.State: WAITING (on object monitor)
        at java.lang.Object.wait(Native Method)
        at java.lang.Object.wait(Object.java:502)
        at org.apache.ratis.server.impl.StateMachineUpdater.waitForCommit(StateMachineUpdater.java:194)
        at org.apache.ratis.server.impl.StateMachineUpdater.run(StateMachineUpdater.java:159)
        at java.lang.Thread.run(Thread.java:748)
"IPC Server handler 5 on 45958" daemon prio=5 tid=34 timed_waiting
java.lang.Thread.State: TIMED_WAITING
        at sun.misc.Unsafe.park(Native Method)
        at java.util.concurrent.locks.LockSupport.parkNanos(LockSupport.java:215)
        at java.util.concurrent.locks.AbstractQueuedSynchronizer$ConditionObject.awaitNanos(AbstractQueuedSynchronizer.java:2078)
        at java.util.concurrent.LinkedBlockingQueue.poll(LinkedBlockingQueue.java:467)
        at org.apache.hadoop.ipc.CallQueueManager.take(CallQueueManager.java:288)
        at org.apache.hadoop.ipc.Server$Handler.run(Server.java:2668)
"RatisPipelineUtilsThread"  prio=5 tid=421 timed_waiting
java.lang.Thread.State: TIMED_WAITING
        at sun.misc.Unsafe.park(Native Method)
        at java.util.concurrent.locks.LockSupport.parkNanos(LockSupport.java:215)
        at java.util.concurrent.locks.AbstractQueuedSynchronizer$ConditionObject.awaitNanos(AbstractQueuedSynchronizer.java:2078)
        at java.util.concurrent.ScheduledThreadPoolExecutor$DelayedWorkQueue.take(ScheduledThreadPoolExecutor.java:1093)
        at java.util.concurrent.ScheduledThreadPoolExecutor$DelayedWorkQueue.take(ScheduledThreadPoolExecutor.java:809)
        at java.util.concurrent.ThreadPoolExecutor.getTask(ThreadPoolExecutor.java:1074)
        at java.util.concurrent.ThreadPoolExecutor.runWorker(ThreadPoolExecutor.java:1134)
        at java.util.concurrent.ThreadPoolExecutor$Worker.run(ThreadPoolExecutor.java:624)
        at java.lang.Thread.run(Thread.java:748)
"metrics-hadoop-metrics2-reporter-29-thread-1" daemon prio=5 tid=578 timed_waiting
java.lang.Thread.State: TIMED_WAITING
        at sun.misc.Unsafe.park(Native Method)
        at java.util.concurrent.locks.LockSupport.parkNanos(LockSupport.java:215)
        at java.util.concurrent.locks.AbstractQueuedSynchronizer$ConditionObject.awaitNanos(AbstractQueuedSynchronizer.java:2078)
        at java.util.concurrent.ScheduledThreadPoolExecutor$DelayedWorkQueue.take(ScheduledThreadPoolExecutor.java:1093)
        at java.util.concurrent.ScheduledThreadPoolExecutor$DelayedWorkQueue.take(ScheduledThreadPoolExecutor.java:809)
        at java.util.concurrent.ThreadPoolExecutor.getTask(ThreadPoolExecutor.java:1074)
        at java.util.concurrent.ThreadPoolExecutor.runWorker(ThreadPoolExecutor.java:1134)
        at java.util.concurrent.ThreadPoolExecutor$Worker.run(ThreadPoolExecutor.java:624)
        at java.lang.Thread.run(Thread.java:748)
"org.eclipse.jetty.server.session.HashSessionManager@687a762cTimer" daemon prio=5 tid=99 timed_waiting
java.lang.Thread.State: TIMED_WAITING
        at sun.misc.Unsafe.park(Native Method)
        at java.util.concurrent.locks.LockSupport.parkNanos(LockSupport.java:215)
        at java.util.concurrent.locks.AbstractQueuedSynchronizer$ConditionObject.awaitNanos(AbstractQueuedSynchronizer.java:2078)
        at java.util.concurrent.ScheduledThreadPoolExecutor$DelayedWorkQueue.take(ScheduledThreadPoolExecutor.java:1093)
        at java.util.concurrent.ScheduledThreadPoolExecutor$DelayedWorkQueue.take(ScheduledThreadPoolExecutor.java:809)
        at java.util.concurrent.ThreadPoolExecutor.getTask(ThreadPoolExecutor.java:1074)
        at java.util.concurrent.ThreadPoolExecutor.runWorker(ThreadPoolExecutor.java:1134)
        at java.util.concurrent.ThreadPoolExecutor$Worker.run(ThreadPoolExecutor.java:624)
        at java.lang.Thread.run(Thread.java:748)
"metrics-hadoop-metrics2-reporter-5-thread-1" daemon prio=5 tid=446 timed_waiting
java.lang.Thread.State: TIMED_WAITING
        at sun.misc.Unsafe.park(Native Method)
        at java.util.concurrent.locks.LockSupport.parkNanos(LockSupport.java:215)
        at java.util.concurrent.locks.AbstractQueuedSynchronizer$ConditionObject.awaitNanos(AbstractQueuedSynchronizer.java:2078)
        at java.util.concurrent.ScheduledThreadPoolExecutor$DelayedWorkQueue.take(ScheduledThreadPoolExecutor.java:1093)
        at java.util.concurrent.ScheduledThreadPoolExecutor$DelayedWorkQueue.take(ScheduledThreadPoolExecutor.java:809)
        at java.util.concurrent.ThreadPoolExecutor.getTask(ThreadPoolExecutor.java:1074)
        at java.util.concurrent.ThreadPoolExecutor.runWorker(ThreadPoolExecutor.java:1134)
        at java.util.concurrent.ThreadPoolExecutor$Worker.run(ThreadPoolExecutor.java:624)
        at java.lang.Thread.run(Thread.java:748)
"org.apache.hadoop.util.JvmPauseMonitor$Monitor@490b5cdf" daemon prio=5 tid=203 timed_waiting
java.lang.Thread.State: TIMED_WAITING
        at java.lang.Thread.sleep(Native Method)
        at org.apache.hadoop.util.JvmPauseMonitor$Monitor.run(JvmPauseMonitor.java:192)
        at java.lang.Thread.run(Thread.java:748)
"Datanode ReportManager Thread - 0" daemon prio=5 tid=198 in Object.wait()
java.lang.Thread.State: WAITING (on object monitor)
        at sun.misc.Unsafe.park(Native Method)
        at java.util.concurrent.locks.LockSupport.park(LockSupport.java:175)
        at java.util.concurrent.locks.AbstractQueuedSynchronizer$ConditionObject.await(AbstractQueuedSynchronizer.java:2039)
        at java.util.concurrent.ScheduledThreadPoolExecutor$DelayedWorkQueue.take(ScheduledThreadPoolExecutor.java:1088)
        at java.util.concurrent.ScheduledThreadPoolExecutor$DelayedWorkQueue.take(ScheduledThreadPoolExecutor.java:809)
        at java.util.concurrent.ThreadPoolExecutor.getTask(ThreadPoolExecutor.java:1074)
        at java.util.concurrent.ThreadPoolExecutor.runWorker(ThreadPoolExecutor.java:1134)
        at java.util.concurrent.ThreadPoolExecutor$Worker.run(ThreadPoolExecutor.java:624)
        at java.lang.Thread.run(Thread.java:748)
"grpc-default-worker-ELG-3-4" daemon prio=5 tid=433 runnable
java.lang.Thread.State: RUNNABLE
        at sun.nio.ch.EPollArrayWrapper.epollWait(Native Method)
        at sun.nio.ch.EPollArrayWrapper.poll(EPollArrayWrapper.java:269)
        at sun.nio.ch.EPollSelectorImpl.doSelect(EPollSelectorImpl.java:93)
        at sun.nio.ch.SelectorImpl.lockAndDoSelect(SelectorImpl.java:86)
        at sun.nio.ch.SelectorImpl.select(SelectorImpl.java:97)
        at org.apache.ratis.thirdparty.io.netty.channel.nio.SelectedSelectionKeySetSelector.select(SelectedSelectionKeySetSelector.java:62)
        at org.apache.ratis.thirdparty.io.netty.channel.nio.NioEventLoop.select(NioEventLoop.java:753)
        at org.apache.ratis.thirdparty.io.netty.channel.nio.NioEventLoop.run(NioEventLoop.java:408)
        at org.apache.ratis.thirdparty.io.netty.util.concurrent.SingleThreadEventExecutor$5.run(SingleThreadEventExecutor.java:897)
        at org.apache.ratis.thirdparty.io.netty.util.concurrent.FastThreadLocalRunnable.run(FastThreadLocalRunnable.java:30)
        at java.lang.Thread.run(Thread.java:748)
"pool-46-thread-48"  prio=5 tid=400 in Object.wait()
java.lang.Thread.State: WAITING (on object monitor)
        at sun.misc.Unsafe.park(Native Method)
        at java.util.concurrent.locks.LockSupport.park(LockSupport.java:175)
        at java.util.concurrent.locks.AbstractQueuedSynchronizer$ConditionObject.await(AbstractQueuedSynchronizer.java:2039)
        at java.util.concurrent.ArrayBlockingQueue.take(ArrayBlockingQueue.java:403)
        at java.util.concurrent.ThreadPoolExecutor.getTask(ThreadPoolExecutor.java:1074)
        at java.util.concurrent.ThreadPoolExecutor.runWorker(ThreadPoolExecutor.java:1134)
        at java.util.concurrent.ThreadPoolExecutor$Worker.run(ThreadPoolExecutor.java:624)
        at java.lang.Thread.run(Thread.java:748)
"IPC Server handler 18 on 45958" daemon prio=5 tid=47 timed_waiting
java.lang.Thread.State: TIMED_WAITING
        at sun.misc.Unsafe.park(Native Method)
        at java.util.concurrent.locks.LockSupport.parkNanos(LockSupport.java:215)
        at java.util.concurrent.locks.AbstractQueuedSynchronizer$ConditionObject.awaitNanos(AbstractQueuedSynchronizer.java:2078)
        at java.util.concurrent.LinkedBlockingQueue.poll(LinkedBlockingQueue.java:467)
        at org.apache.hadoop.ipc.CallQueueManager.take(CallQueueManager.java:288)
        at org.apache.hadoop.ipc.Server$Handler.run(Server.java:2668)
"IPC Server handler 16 on 35339" daemon prio=5 tid=131 timed_waiting
java.lang.Thread.State: TIMED_WAITING
        at sun.misc.Unsafe.park(Native Method)
        at java.util.concurrent.locks.LockSupport.parkNanos(LockSupport.java:215)
        at java.util.concurrent.locks.AbstractQueuedSynchronizer$ConditionObject.awaitNanos(AbstractQueuedSynchronizer.java:2078)
        at java.util.concurrent.LinkedBlockingQueue.poll(LinkedBlockingQueue.java:467)
        at org.apache.hadoop.ipc.CallQueueManager.take(CallQueueManager.java:288)
        at org.apache.hadoop.ipc.Server$Handler.run(Server.java:2668)
"pool-37-thread-1"  prio=5 tid=456 in Object.wait()
java.lang.Thread.State: WAITING (on object monitor)
        at sun.misc.Unsafe.park(Native Method)
        at java.util.concurrent.locks.LockSupport.park(LockSupport.java:175)
        at java.util.concurrent.locks.AbstractQueuedSynchronizer$ConditionObject.await(AbstractQueuedSynchronizer.java:2039)
        at java.util.concurrent.LinkedBlockingQueue.take(LinkedBlockingQueue.java:442)
        at java.util.concurrent.ThreadPoolExecutor.getTask(ThreadPoolExecutor.java:1074)
        at java.util.concurrent.ThreadPoolExecutor.runWorker(ThreadPoolExecutor.java:1134)
        at java.util.concurrent.ThreadPoolExecutor$Worker.run(ThreadPoolExecutor.java:624)
        at java.lang.Thread.run(Thread.java:748)
"pool-46-thread-9"  prio=5 tid=361 in Object.wait()
java.lang.Thread.State: WAITING (on object monitor)
        at sun.misc.Unsafe.park(Native Method)
        at java.util.concurrent.locks.LockSupport.park(LockSupport.java:175)
        at java.util.concurrent.locks.AbstractQueuedSynchronizer$ConditionObject.await(AbstractQueuedSynchronizer.java:2039)
        at java.util.concurrent.ArrayBlockingQueue.take(ArrayBlockingQueue.java:403)
        at java.util.concurrent.ThreadPoolExecutor.getTask(ThreadPoolExecutor.java:1074)
        at java.util.concurrent.ThreadPoolExecutor.runWorker(ThreadPoolExecutor.java:1134)
        at java.util.concurrent.ThreadPoolExecutor$Worker.run(ThreadPoolExecutor.java:624)
        at java.lang.Thread.run(Thread.java:748)
"org.eclipse.jetty.server.session.HashSessionManager@7a639ec5Timer" daemon prio=5 tid=144 timed_waiting
java.lang.Thread.State: TIMED_WAITING
        at sun.misc.Unsafe.park(Native Method)
        at java.util.concurrent.locks.LockSupport.parkNanos(LockSupport.java:215)
        at java.util.concurrent.locks.AbstractQueuedSynchronizer$ConditionObject.awaitNanos(AbstractQueuedSynchronizer.java:2078)
        at java.util.concurrent.ScheduledThreadPoolExecutor$DelayedWorkQueue.take(ScheduledThreadPoolExecutor.java:1093)
        at java.util.concurrent.ScheduledThreadPoolExecutor$DelayedWorkQueue.take(ScheduledThreadPoolExecutor.java:809)
        at java.util.concurrent.ThreadPoolExecutor.getTask(ThreadPoolExecutor.java:1074)
        at java.util.concurrent.ThreadPoolExecutor.runWorker(ThreadPoolExecutor.java:1134)
        at java.util.concurrent.ThreadPoolExecutor$Worker.run(ThreadPoolExecutor.java:624)
        at java.lang.Thread.run(Thread.java:748)
"IPC Server handler 12 on 46440" daemon prio=5 tid=61 timed_waiting
java.lang.Thread.State: TIMED_WAITING
        at sun.misc.Unsafe.park(Native Method)
        at java.util.concurrent.locks.LockSupport.parkNanos(LockSupport.java:215)
        at java.util.concurrent.locks.AbstractQueuedSynchronizer$ConditionObject.awaitNanos(AbstractQueuedSynchronizer.java:2078)
        at java.util.concurrent.LinkedBlockingQueue.poll(LinkedBlockingQueue.java:467)
        at org.apache.hadoop.ipc.CallQueueManager.take(CallQueueManager.java:288)
        at org.apache.hadoop.ipc.Server$Handler.run(Server.java:2668)
"pool-26-thread-48"  prio=5 tid=332 in Object.wait()
java.lang.Thread.State: WAITING (on object monitor)
        at sun.misc.Unsafe.park(Native Method)
        at java.util.concurrent.locks.LockSupport.park(LockSupport.java:175)
        at java.util.concurrent.locks.AbstractQueuedSynchronizer$ConditionObject.await(AbstractQueuedSynchronizer.java:2039)
        at java.util.concurrent.ArrayBlockingQueue.take(ArrayBlockingQueue.java:403)
        at java.util.concurrent.ThreadPoolExecutor.getTask(ThreadPoolExecutor.java:1074)
        at java.util.concurrent.ThreadPoolExecutor.runWorker(ThreadPoolExecutor.java:1134)
        at java.util.concurrent.ThreadPoolExecutor$Worker.run(ThreadPoolExecutor.java:624)
        at java.lang.Thread.run(Thread.java:748)
"pool-26-thread-10"  prio=5 tid=252 in Object.wait()
java.lang.Thread.State: WAITING (on object monitor)
        at sun.misc.Unsafe.park(Native Method)
        at java.util.concurrent.locks.LockSupport.park(LockSupport.java:175)
        at java.util.concurrent.locks.AbstractQueuedSynchronizer$ConditionObject.await(AbstractQueuedSynchronizer.java:2039)
        at java.util.concurrent.ArrayBlockingQueue.take(ArrayBlockingQueue.java:403)
        at java.util.concurrent.ThreadPoolExecutor.getTask(ThreadPoolExecutor.java:1074)
        at java.util.concurrent.ThreadPoolExecutor.runWorker(ThreadPoolExecutor.java:1134)
        at java.util.concurrent.ThreadPoolExecutor$Worker.run(ThreadPoolExecutor.java:624)
        at java.lang.Thread.run(Thread.java:748)
"pool-26-thread-2"  prio=5 tid=236 in Object.wait()
java.lang.Thread.State: WAITING (on object monitor)
        at sun.misc.Unsafe.park(Native Method)
        at java.util.concurrent.locks.LockSupport.park(LockSupport.java:175)
        at java.util.concurrent.locks.AbstractQueuedSynchronizer$ConditionObject.await(AbstractQueuedSynchronizer.java:2039)
        at java.util.concurrent.ArrayBlockingQueue.take(ArrayBlockingQueue.java:403)
        at java.util.concurrent.ThreadPoolExecutor.getTask(ThreadPoolExecutor.java:1074)
        at java.util.concurrent.ThreadPoolExecutor.runWorker(ThreadPoolExecutor.java:1134)
        at java.util.concurrent.ThreadPoolExecutor$Worker.run(ThreadPoolExecutor.java:624)
        at java.lang.Thread.run(Thread.java:748)
"IPC Server handler 9 on 38663" daemon prio=5 tid=78 timed_waiting
java.lang.Thread.State: TIMED_WAITING
        at sun.misc.Unsafe.park(Native Method)
        at java.util.concurrent.locks.LockSupport.parkNanos(LockSupport.java:215)
        at java.util.concurrent.locks.AbstractQueuedSynchronizer$ConditionObject.awaitNanos(AbstractQueuedSynchronizer.java:2078)
        at java.util.concurrent.LinkedBlockingQueue.poll(LinkedBlockingQueue.java:467)
        at org.apache.hadoop.ipc.CallQueueManager.take(CallQueueManager.java:288)
        at org.apache.hadoop.ipc.Server$Handler.run(Server.java:2668)
"pool-26-thread-36"  prio=5 tid=308 in Object.wait()
java.lang.Thread.State: WAITING (on object monitor)
        at sun.misc.Unsafe.park(Native Method)
        at java.util.concurrent.locks.LockSupport.park(LockSupport.java:175)
        at java.util.concurrent.locks.AbstractQueuedSynchronizer$ConditionObject.await(AbstractQueuedSynchronizer.java:2039)
        at java.util.concurrent.ArrayBlockingQueue.take(ArrayBlockingQueue.java:403)
        at java.util.concurrent.ThreadPoolExecutor.getTask(ThreadPoolExecutor.java:1074)
        at java.util.concurrent.ThreadPoolExecutor.runWorker(ThreadPoolExecutor.java:1134)
        at java.util.concurrent.ThreadPoolExecutor$Worker.run(ThreadPoolExecutor.java:624)
        at java.lang.Thread.run(Thread.java:748)
"pool-36-thread-56"  prio=5 tid=339 in Object.wait()
java.lang.Thread.State: WAITING (on object monitor)
        at sun.misc.Unsafe.park(Native Method)
        at java.util.concurrent.locks.LockSupport.park(LockSupport.java:175)
        at java.util.concurrent.locks.AbstractQueuedSynchronizer$ConditionObject.await(AbstractQueuedSynchronizer.java:2039)
        at java.util.concurrent.ArrayBlockingQueue.take(ArrayBlockingQueue.java:403)
        at java.util.concurrent.ThreadPoolExecutor.getTask(ThreadPoolExecutor.java:1074)
        at java.util.concurrent.ThreadPoolExecutor.runWorker(ThreadPoolExecutor.java:1134)
        at java.util.concurrent.ThreadPoolExecutor$Worker.run(ThreadPoolExecutor.java:624)
        at java.lang.Thread.run(Thread.java:748)
"Timer-0"  prio=5 tid=112 timed_waiting
java.lang.Thread.State: TIMED_WAITING
        at java.lang.Object.wait(Native Method)
        at java.util.TimerThread.mainLoop(Timer.java:552)
        at java.util.TimerThread.run(Timer.java:505)
"grpc-default-executor-1" daemon prio=5 tid=468 runnable
java.lang.Thread.State: RUNNABLE
        at sun.nio.ch.FileDispatcherImpl.force0(Native Method)
        at sun.nio.ch.FileDispatcherImpl.force(FileDispatcherImpl.java:80)
        at sun.nio.ch.FileChannelImpl.force(FileChannelImpl.java:388)
        at org.apache.ratis.util.AtomicFileOutputStream.close(AtomicFileOutputStream.java:60)
        at org.apache.ratis.server.storage.MetaFile.writeFile(MetaFile.java:96)
        at org.apache.ratis.server.storage.MetaFile.set(MetaFile.java:75)
        at org.apache.ratis.server.raftlog.segmented.SegmentedRaftLog.writeMetadata(SegmentedRaftLog.java:473)
        at org.apache.ratis.server.impl.ServerState.persistMetadata(ServerState.java:231)
        at org.apache.ratis.server.impl.RaftServerImpl.requestVote(RaftServerImpl.java:788)
        at org.apache.ratis.server.impl.RaftServerImpl.requestVote(RaftServerImpl.java:754)
        at org.apache.ratis.server.impl.RaftServerProxy.requestVote(RaftServerProxy.java:443)
        at org.apache.ratis.grpc.server.GrpcServerProtocolService.requestVote(GrpcServerProtocolService.java:142)
        at org.apache.ratis.proto.grpc.RaftServerProtocolServiceGrpc$MethodHandlers.invoke(RaftServerProtocolServiceGrpc.java:319)
        at org.apache.ratis.thirdparty.io.grpc.stub.ServerCalls$UnaryServerCallHandler$UnaryServerCallListener.onHalfClose(ServerCalls.java:171)
        at org.apache.ratis.thirdparty.io.grpc.internal.ServerCallImpl$ServerStreamListenerImpl.halfClosed(ServerCallImpl.java:283)
        at org.apache.ratis.thirdparty.io.grpc.internal.ServerImpl$JumpToApplicationThreadServerStreamListener$1HalfClosed.runInContext(ServerImpl.java:710)
        at org.apache.ratis.thirdparty.io.grpc.internal.ContextRunnable.run(ContextRunnable.java:37)
        at org.apache.ratis.thirdparty.io.grpc.internal.SerializingExecutor.run(SerializingExecutor.java:123)
        at java.util.concurrent.ThreadPoolExecutor.runWorker(ThreadPoolExecutor.java:1149)
        at java.util.concurrent.ThreadPoolExecutor$Worker.run(ThreadPoolExecutor.java:624)
        at java.lang.Thread.run(Thread.java:748)
"IPC Server handler 17 on 35339" daemon prio=5 tid=132 timed_waiting
java.lang.Thread.State: TIMED_WAITING
        at sun.misc.Unsafe.park(Native Method)
        at java.util.concurrent.locks.LockSupport.parkNanos(LockSupport.java:215)
        at java.util.concurrent.locks.AbstractQueuedSynchronizer$ConditionObject.awaitNanos(AbstractQueuedSynchronizer.java:2078)
        at java.util.concurrent.LinkedBlockingQueue.poll(LinkedBlockingQueue.java:467)
        at org.apache.hadoop.ipc.CallQueueManager.take(CallQueueManager.java:288)
        at org.apache.hadoop.ipc.Server$Handler.run(Server.java:2668)
"metrics-hadoop-metrics2-reporter-1-thread-1" daemon prio=5 tid=435 timed_waiting
java.lang.Thread.State: TIMED_WAITING
        at sun.misc.Unsafe.park(Native Method)
        at java.util.concurrent.locks.LockSupport.parkNanos(LockSupport.java:215)
        at java.util.concurrent.locks.AbstractQueuedSynchronizer$ConditionObject.awaitNanos(AbstractQueuedSynchronizer.java:2078)
        at java.util.concurrent.ScheduledThreadPoolExecutor$DelayedWorkQueue.take(ScheduledThreadPoolExecutor.java:1093)
        at java.util.concurrent.ScheduledThreadPoolExecutor$DelayedWorkQueue.take(ScheduledThreadPoolExecutor.java:809)
        at java.util.concurrent.ThreadPoolExecutor.getTask(ThreadPoolExecutor.java:1074)
        at java.util.concurrent.ThreadPoolExecutor.runWorker(ThreadPoolExecutor.java:1134)
        at java.util.concurrent.ThreadPoolExecutor$Worker.run(ThreadPoolExecutor.java:624)
        at java.lang.Thread.run(Thread.java:748)
"pool-36-thread-9"  prio=5 tid=249 in Object.wait()
java.lang.Thread.State: WAITING (on object monitor)
        at sun.misc.Unsafe.park(Native Method)
        at java.util.concurrent.locks.LockSupport.park(LockSupport.java:175)
        at java.util.concurrent.locks.AbstractQueuedSynchronizer$ConditionObject.await(AbstractQueuedSynchronizer.java:2039)
        at java.util.concurrent.ArrayBlockingQueue.take(ArrayBlockingQueue.java:403)
        at java.util.concurrent.ThreadPoolExecutor.getTask(ThreadPoolExecutor.java:1074)
        at java.util.concurrent.ThreadPoolExecutor.runWorker(ThreadPoolExecutor.java:1134)
        at java.util.concurrent.ThreadPoolExecutor$Worker.run(ThreadPoolExecutor.java:624)
        at java.lang.Thread.run(Thread.java:748)
"IPC Server handler 15 on 45958" daemon prio=5 tid=44 timed_waiting
java.lang.Thread.State: TIMED_WAITING
        at sun.misc.Unsafe.park(Native Method)
        at java.util.concurrent.locks.LockSupport.parkNanos(LockSupport.java:215)
        at java.util.concurrent.locks.AbstractQueuedSynchronizer$ConditionObject.awaitNanos(AbstractQueuedSynchronizer.java:2078)
        at java.util.concurrent.LinkedBlockingQueue.poll(LinkedBlockingQueue.java:467)
        at org.apache.hadoop.ipc.CallQueueManager.take(CallQueueManager.java:288)
        at org.apache.hadoop.ipc.Server$Handler.run(Server.java:2668)
"EventQueue-NodeReportForNodeReportHandler" daemon prio=5 tid=2241 in Object.wait()
java.lang.Thread.State: WAITING (on object monitor)
        at sun.misc.Unsafe.park(Native Method)
        at java.util.concurrent.locks.LockSupport.park(LockSupport.java:175)
        at java.util.concurrent.locks.AbstractQueuedSynchronizer$ConditionObject.await(AbstractQueuedSynchronizer.java:2039)
        at java.util.concurrent.LinkedBlockingQueue.take(LinkedBlockingQueue.java:442)
        at java.util.concurrent.ThreadPoolExecutor.getTask(ThreadPoolExecutor.java:1074)
        at java.util.concurrent.ThreadPoolExecutor.runWorker(ThreadPoolExecutor.java:1134)
        at java.util.concurrent.ThreadPoolExecutor$Worker.run(ThreadPoolExecutor.java:624)
        at java.lang.Thread.run(Thread.java:748)
"65da0c80-3604-4ac2-9a39-ee88d748a153@group-146C50BE7901-SegmentedRaftLogWorker"  prio=5 tid=564 timed_waiting
java.lang.Thread.State: TIMED_WAITING
        at sun.misc.Unsafe.park(Native Method)
        at java.util.concurrent.locks.LockSupport.parkNanos(LockSupport.java:215)
        at java.util.concurrent.locks.AbstractQueuedSynchronizer$ConditionObject.awaitNanos(AbstractQueuedSynchronizer.java:2078)
        at org.apache.ratis.util.DataBlockingQueue.poll(DataBlockingQueue.java:137)
        at org.apache.ratis.server.raftlog.segmented.SegmentedRaftLogWorker.run(SegmentedRaftLogWorker.java:282)
        at java.lang.Thread.run(Thread.java:748)
"ReplicationMonitor" daemon prio=5 tid=559 timed_waiting
java.lang.Thread.State: TIMED_WAITING
        at java.lang.Object.wait(Native Method)
        at org.apache.hadoop.hdds.scm.container.ReplicationManager.run(ReplicationManager.java:229)
        at org.apache.hadoop.hdds.scm.container.ReplicationManager$$Lambda$480/210567704.run(Unknown Source)
        at java.lang.Thread.run(Thread.java:748)
"IPC Server handler 4 on 38663" daemon prio=5 tid=73 timed_waiting
java.lang.Thread.State: TIMED_WAITING
        at sun.misc.Unsafe.park(Native Method)
        at java.util.concurrent.locks.LockSupport.parkNanos(LockSupport.java:215)
        at java.util.concurrent.locks.AbstractQueuedSynchronizer$ConditionObject.awaitNanos(AbstractQueuedSynchronizer.java:2078)
        at java.util.concurrent.LinkedBlockingQueue.poll(LinkedBlockingQueue.java:467)
        at org.apache.hadoop.ipc.CallQueueManager.take(CallQueueManager.java:288)
        at org.apache.hadoop.ipc.Server$Handler.run(Server.java:2668)
"pool-46-thread-25"  prio=5 tid=377 in Object.wait()
java.lang.Thread.State: WAITING (on object monitor)
        at sun.misc.Unsafe.park(Native Method)
        at java.util.concurrent.locks.LockSupport.park(LockSupport.java:175)
        at java.util.concurrent.locks.AbstractQueuedSynchronizer$ConditionObject.await(AbstractQueuedSynchronizer.java:2039)
        at java.util.concurrent.ArrayBlockingQueue.take(ArrayBlockingQueue.java:403)
        at java.util.concurrent.ThreadPoolExecutor.getTask(ThreadPoolExecutor.java:1074)
        at java.util.concurrent.ThreadPoolExecutor.runWorker(ThreadPoolExecutor.java:1134)
        at java.util.concurrent.ThreadPoolExecutor$Worker.run(ThreadPoolExecutor.java:624)
        at java.lang.Thread.run(Thread.java:748)
"52743044-8979-4a08-8013-92a14c548982@group-33D345B1B9EE-SegmentedRaftLogWorker"  prio=5 tid=447 timed_waiting
java.lang.Thread.State: TIMED_WAITING
        at sun.misc.Unsafe.park(Native Method)
        at java.util.concurrent.locks.LockSupport.parkNanos(LockSupport.java:215)
        at java.util.concurrent.locks.AbstractQueuedSynchronizer$ConditionObject.awaitNanos(AbstractQueuedSynchronizer.java:2078)
        at org.apache.ratis.util.DataBlockingQueue.poll(DataBlockingQueue.java:137)
        at org.apache.ratis.server.raftlog.segmented.SegmentedRaftLogWorker.run(SegmentedRaftLogWorker.java:282)
        at java.lang.Thread.run(Thread.java:748)
"pool-36-thread-42"  prio=5 tid=311 in Object.wait()
java.lang.Thread.State: WAITING (on object monitor)
        at sun.misc.Unsafe.park(Native Method)
        at java.util.concurrent.locks.LockSupport.park(LockSupport.java:175)
        at java.util.concurrent.locks.AbstractQueuedSynchronizer$ConditionObject.await(AbstractQueuedSynchronizer.java:2039)
        at java.util.concurrent.ArrayBlockingQueue.take(ArrayBlockingQueue.java:403)
        at java.util.concurrent.ThreadPoolExecutor.getTask(ThreadPoolExecutor.java:1074)
        at java.util.concurrent.ThreadPoolExecutor.runWorker(ThreadPoolExecutor.java:1134)
        at java.util.concurrent.ThreadPoolExecutor$Worker.run(ThreadPoolExecutor.java:624)
        at java.lang.Thread.run(Thread.java:748)
"pool-36-thread-25"  prio=5 tid=277 in Object.wait()
java.lang.Thread.State: WAITING (on object monitor)
        at sun.misc.Unsafe.park(Native Method)
        at java.util.concurrent.locks.LockSupport.park(LockSupport.java:175)
        at java.util.concurrent.locks.AbstractQueuedSynchronizer$ConditionObject.await(AbstractQueuedSynchronizer.java:2039)
        at java.util.concurrent.ArrayBlockingQueue.take(ArrayBlockingQueue.java:403)
        at java.util.concurrent.ThreadPoolExecutor.getTask(ThreadPoolExecutor.java:1074)
        at java.util.concurrent.ThreadPoolExecutor.runWorker(ThreadPoolExecutor.java:1134)
        at java.util.concurrent.ThreadPoolExecutor$Worker.run(ThreadPoolExecutor.java:624)
        at java.lang.Thread.run(Thread.java:748)
"SCMBlockDeletingService#0" daemon prio=5 tid=101 timed_waiting
java.lang.Thread.State: TIMED_WAITING
        at sun.misc.Unsafe.park(Native Method)
        at java.util.concurrent.locks.LockSupport.parkNanos(LockSupport.java:215)
        at java.util.concurrent.locks.AbstractQueuedSynchronizer$ConditionObject.awaitNanos(AbstractQueuedSynchronizer.java:2078)
        at java.util.concurrent.ScheduledThreadPoolExecutor$DelayedWorkQueue.take(ScheduledThreadPoolExecutor.java:1093)
        at java.util.concurrent.ScheduledThreadPoolExecutor$DelayedWorkQueue.take(ScheduledThreadPoolExecutor.java:809)
        at java.util.concurrent.ThreadPoolExecutor.getTask(ThreadPoolExecutor.java:1074)
        at java.util.concurrent.ThreadPoolExecutor.runWorker(ThreadPoolExecutor.java:1134)
        at java.util.concurrent.ThreadPoolExecutor$Worker.run(ThreadPoolExecutor.java:624)
        at java.lang.Thread.run(Thread.java:748)
"pool-26-thread-40"  prio=5 tid=316 in Object.wait()
java.lang.Thread.State: WAITING (on object monitor)
        at sun.misc.Unsafe.park(Native Method)
        at java.util.concurrent.locks.LockSupport.park(LockSupport.java:175)
        at java.util.concurrent.locks.AbstractQueuedSynchronizer$ConditionObject.await(AbstractQueuedSynchronizer.java:2039)
        at java.util.concurrent.ArrayBlockingQueue.take(ArrayBlockingQueue.java:403)
        at java.util.concurrent.ThreadPoolExecutor.getTask(ThreadPoolExecutor.java:1074)
        at java.util.concurrent.ThreadPoolExecutor.runWorker(ThreadPoolExecutor.java:1134)
        at java.util.concurrent.ThreadPoolExecutor$Worker.run(ThreadPoolExecutor.java:624)
        at java.lang.Thread.run(Thread.java:748)
"pool-26-thread-19"  prio=5 tid=274 in Object.wait()
java.lang.Thread.State: WAITING (on object monitor)
        at sun.misc.Unsafe.park(Native Method)
        at java.util.concurrent.locks.LockSupport.park(LockSupport.java:175)
        at java.util.concurrent.locks.AbstractQueuedSynchronizer$ConditionObject.await(AbstractQueuedSynchronizer.java:2039)
        at java.util.concurrent.ArrayBlockingQueue.take(ArrayBlockingQueue.java:403)
        at java.util.concurrent.ThreadPoolExecutor.getTask(ThreadPoolExecutor.java:1074)
        at java.util.concurrent.ThreadPoolExecutor.runWorker(ThreadPoolExecutor.java:1134)
        at java.util.concurrent.ThreadPoolExecutor$Worker.run(ThreadPoolExecutor.java:624)
        at java.lang.Thread.run(Thread.java:748)
"pool-36-thread-1"  prio=5 tid=233 in Object.wait()
java.lang.Thread.State: WAITING (on object monitor)
        at sun.misc.Unsafe.park(Native Method)
        at java.util.concurrent.locks.LockSupport.park(LockSupport.java:175)
        at java.util.concurrent.locks.AbstractQueuedSynchronizer$ConditionObject.await(AbstractQueuedSynchronizer.java:2039)
        at java.util.concurrent.ArrayBlockingQueue.take(ArrayBlockingQueue.java:403)
        at java.util.concurrent.ThreadPoolExecutor.getTask(ThreadPoolExecutor.java:1074)
        at java.util.concurrent.ThreadPoolExecutor.runWorker(ThreadPoolExecutor.java:1134)
        at java.util.concurrent.ThreadPoolExecutor$Worker.run(ThreadPoolExecutor.java:624)
        at java.lang.Thread.run(Thread.java:748)
"org.eclipse.jetty.server.session.HashSessionManager@3d904e9cTimer" daemon prio=5 tid=194 timed_waiting
java.lang.Thread.State: TIMED_WAITING
        at sun.misc.Unsafe.park(Native Method)
        at java.util.concurrent.locks.LockSupport.parkNanos(LockSupport.java:215)
        at java.util.concurrent.locks.AbstractQueuedSynchronizer$ConditionObject.awaitNanos(AbstractQueuedSynchronizer.java:2078)
        at java.util.concurrent.ScheduledThreadPoolExecutor$DelayedWorkQueue.take(ScheduledThreadPoolExecutor.java:1093)
        at java.util.concurrent.ScheduledThreadPoolExecutor$DelayedWorkQueue.take(ScheduledThreadPoolExecutor.java:809)
        at java.util.concurrent.ThreadPoolExecutor.getTask(ThreadPoolExecutor.java:1074)
        at java.util.concurrent.ThreadPoolExecutor.runWorker(ThreadPoolExecutor.java:1134)
        at java.util.concurrent.ThreadPoolExecutor$Worker.run(ThreadPoolExecutor.java:624)
        at java.lang.Thread.run(Thread.java:748)
"KeyDeletingService#1" daemon prio=5 tid=127 in Object.wait()
java.lang.Thread.State: WAITING (on object monitor)
        at sun.misc.Unsafe.park(Native Method)
        at java.util.concurrent.locks.LockSupport.park(LockSupport.java:175)
        at java.util.concurrent.locks.AbstractQueuedSynchronizer$ConditionObject.await(AbstractQueuedSynchronizer.java:2039)
        at java.util.concurrent.ScheduledThreadPoolExecutor$DelayedWorkQueue.take(ScheduledThreadPoolExecutor.java:1088)
        at java.util.concurrent.ScheduledThreadPoolExecutor$DelayedWorkQueue.take(ScheduledThreadPoolExecutor.java:809)
        at java.util.concurrent.ThreadPoolExecutor.getTask(ThreadPoolExecutor.java:1074)
        at java.util.concurrent.ThreadPoolExecutor.runWorker(ThreadPoolExecutor.java:1134)
        at java.util.concurrent.ThreadPoolExecutor$Worker.run(ThreadPoolExecutor.java:624)
        at java.lang.Thread.run(Thread.java:748)
"IPC Parameter Sending Thread #0" daemon prio=5 tid=105 timed_waiting
java.lang.Thread.State: TIMED_WAITING
        at sun.misc.Unsafe.park(Native Method)
        at java.util.concurrent.locks.LockSupport.parkNanos(LockSupport.java:215)
        at java.util.concurrent.SynchronousQueue$TransferStack.awaitFulfill(SynchronousQueue.java:460)
        at java.util.concurrent.SynchronousQueue$TransferStack.transfer(SynchronousQueue.java:362)
        at java.util.concurrent.SynchronousQueue.poll(SynchronousQueue.java:941)
        at java.util.concurrent.ThreadPoolExecutor.getTask(ThreadPoolExecutor.java:1073)
        at java.util.concurrent.ThreadPoolExecutor.runWorker(ThreadPoolExecutor.java:1134)
        at java.util.concurrent.ThreadPoolExecutor$Worker.run(ThreadPoolExecutor.java:624)
        at java.lang.Thread.run(Thread.java:748)
"process reaper" daemon prio=10 tid=10 runnable
java.lang.Thread.State: RUNNABLE
        at sun.misc.Unsafe.park(Native Method)
        at java.util.concurrent.locks.LockSupport.parkNanos(LockSupport.java:215)
        at java.util.concurrent.SynchronousQueue$TransferStack.awaitFulfill(SynchronousQueue.java:460)
        at java.util.concurrent.SynchronousQueue$TransferStack.transfer(SynchronousQueue.java:362)
        at java.util.concurrent.SynchronousQueue.poll(SynchronousQueue.java:941)
        at java.util.concurrent.ThreadPoolExecutor.getTask(ThreadPoolExecutor.java:1073)
        at java.util.concurrent.ThreadPoolExecutor.runWorker(ThreadPoolExecutor.java:1134)
        at java.util.concurrent.ThreadPoolExecutor$Worker.run(ThreadPoolExecutor.java:624)
        at java.lang.Thread.run(Thread.java:748)
"Periodic HDDS volume checker"  prio=5 tid=206 timed_waiting
java.lang.Thread.State: TIMED_WAITING
        at sun.misc.Unsafe.park(Native Method)
        at java.util.concurrent.locks.LockSupport.parkNanos(LockSupport.java:215)
        at java.util.concurrent.locks.AbstractQueuedSynchronizer$ConditionObject.awaitNanos(AbstractQueuedSynchronizer.java:2078)
        at java.util.concurrent.ScheduledThreadPoolExecutor$DelayedWorkQueue.take(ScheduledThreadPoolExecutor.java:1093)
        at java.util.concurrent.ScheduledThreadPoolExecutor$DelayedWorkQueue.take(ScheduledThreadPoolExecutor.java:809)
        at java.util.concurrent.ThreadPoolExecutor.getTask(ThreadPoolExecutor.java:1074)
        at java.util.concurrent.ThreadPoolExecutor.runWorker(ThreadPoolExecutor.java:1134)
        at java.util.concurrent.ThreadPoolExecutor$Worker.run(ThreadPoolExecutor.java:624)
        at java.lang.Thread.run(Thread.java:748)
"IPC Server handler 19 on 35339" daemon prio=5 tid=134 timed_waiting
java.lang.Thread.State: TIMED_WAITING
        at sun.misc.Unsafe.park(Native Method)
        at java.util.concurrent.locks.LockSupport.parkNanos(LockSupport.java:215)
        at java.util.concurrent.locks.AbstractQueuedSynchronizer$ConditionObject.awaitNanos(AbstractQueuedSynchronizer.java:2078)
        at java.util.concurrent.LinkedBlockingQueue.poll(LinkedBlockingQueue.java:467)
        at org.apache.hadoop.ipc.CallQueueManager.take(CallQueueManager.java:288)
        at org.apache.hadoop.ipc.Server$Handler.run(Server.java:2668)
"pool-36-thread-27"  prio=5 tid=281 in Object.wait()
java.lang.Thread.State: WAITING (on object monitor)
        at sun.misc.Unsafe.park(Native Method)
        at java.util.concurrent.locks.LockSupport.park(LockSupport.java:175)
        at java.util.concurrent.locks.AbstractQueuedSynchronizer$ConditionObject.await(AbstractQueuedSynchronizer.java:2039)
        at java.util.concurrent.ArrayBlockingQueue.take(ArrayBlockingQueue.java:403)
        at java.util.concurrent.ThreadPoolExecutor.getTask(ThreadPoolExecutor.java:1074)
        at java.util.concurrent.ThreadPoolExecutor.runWorker(ThreadPoolExecutor.java:1134)
        at java.util.concurrent.ThreadPoolExecutor$Worker.run(ThreadPoolExecutor.java:624)
        at java.lang.Thread.run(Thread.java:748)
"IPC Server handler 2 on 46440" daemon prio=5 tid=51 timed_waiting
java.lang.Thread.State: TIMED_WAITING
        at sun.misc.Unsafe.park(Native Method)
        at java.util.concurrent.locks.LockSupport.parkNanos(LockSupport.java:215)
        at java.util.concurrent.locks.AbstractQueuedSynchronizer$ConditionObject.awaitNanos(AbstractQueuedSynchronizer.java:2078)
        at java.util.concurrent.LinkedBlockingQueue.poll(LinkedBlockingQueue.java:467)
        at org.apache.hadoop.ipc.CallQueueManager.take(CallQueueManager.java:288)
        at org.apache.hadoop.ipc.Server$Handler.run(Server.java:2668)
"IPC Server handler 6 on 38663" daemon prio=5 tid=75 timed_waiting
java.lang.Thread.State: TIMED_WAITING
        at sun.misc.Unsafe.park(Native Method)
        at java.util.concurrent.locks.LockSupport.parkNanos(LockSupport.java:215)
        at java.util.concurrent.locks.AbstractQueuedSynchronizer$ConditionObject.awaitNanos(AbstractQueuedSynchronizer.java:2078)
        at java.util.concurrent.LinkedBlockingQueue.poll(LinkedBlockingQueue.java:467)
        at org.apache.hadoop.ipc.CallQueueManager.take(CallQueueManager.java:288)
        at org.apache.hadoop.ipc.Server$Handler.run(Server.java:2668)
"qtp2095970915-136" daemon prio=5 tid=136 runnable
java.lang.Thread.State: RUNNABLE
        at sun.nio.ch.EPollArrayWrapper.epollWait(Native Method)
        at sun.nio.ch.EPollArrayWrapper.poll(EPollArrayWrapper.java:269)
        at sun.nio.ch.EPollSelectorImpl.doSelect(EPollSelectorImpl.java:93)
        at sun.nio.ch.SelectorImpl.lockAndDoSelect(SelectorImpl.java:86)
        at sun.nio.ch.SelectorImpl.select(SelectorImpl.java:97)
        at sun.nio.ch.SelectorImpl.select(SelectorImpl.java:101)
        at org.eclipse.jetty.io.ManagedSelector$SelectorProducer.select(ManagedSelector.java:243)
        at org.eclipse.jetty.io.ManagedSelector$SelectorProducer.produce(ManagedSelector.java:191)
        at org.eclipse.jetty.util.thread.strategy.ExecuteProduceConsume.executeProduceConsume(ExecuteProduceConsume.java:249)
        at org.eclipse.jetty.util.thread.strategy.ExecuteProduceConsume.produceConsume(ExecuteProduceConsume.java:148)
        at org.eclipse.jetty.util.thread.strategy.ExecuteProduceConsume.execute(ExecuteProduceConsume.java:100)
        at org.eclipse.jetty.io.ManagedSelector.run(ManagedSelector.java:147)
        at org.eclipse.jetty.util.thread.QueuedThreadPool.runJob(QueuedThreadPool.java:671)
        at org.eclipse.jetty.util.thread.QueuedThreadPool$2.run(QueuedThreadPool.java:589)
        at java.lang.Thread.run(Thread.java:748)
"65da0c80-3604-4ac2-9a39-ee88d748a153@group-146C50BE7901-StateMachineUpdater" daemon prio=5 tid=568 in Object.wait()
java.lang.Thread.State: WAITING (on object monitor)
        at java.lang.Object.wait(Native Method)
        at java.lang.Object.wait(Object.java:502)
        at org.apache.ratis.server.impl.StateMachineUpdater.waitForCommit(StateMachineUpdater.java:194)
        at org.apache.ratis.server.impl.StateMachineUpdater.run(StateMachineUpdater.java:159)
        at java.lang.Thread.run(Thread.java:748)
"pool-26-thread-14"  prio=5 tid=262 in Object.wait()
java.lang.Thread.State: WAITING (on object monitor)
        at sun.misc.Unsafe.park(Native Method)
        at java.util.concurrent.locks.LockSupport.park(LockSupport.java:175)
        at java.util.concurrent.locks.AbstractQueuedSynchronizer$ConditionObject.await(AbstractQueuedSynchronizer.java:2039)
        at java.util.concurrent.ArrayBlockingQueue.take(ArrayBlockingQueue.java:403)
        at java.util.concurrent.ThreadPoolExecutor.getTask(ThreadPoolExecutor.java:1074)
        at java.util.concurrent.ThreadPoolExecutor.runWorker(ThreadPoolExecutor.java:1134)
        at java.util.concurrent.ThreadPoolExecutor$Worker.run(ThreadPoolExecutor.java:624)
        at java.lang.Thread.run(Thread.java:748)
"qtp653553574-215" daemon prio=5 tid=215 timed_waiting
java.lang.Thread.State: TIMED_WAITING
        at sun.misc.Unsafe.park(Native Method)
        at java.util.concurrent.locks.LockSupport.parkNanos(LockSupport.java:215)
        at java.util.concurrent.locks.AbstractQueuedSynchronizer$ConditionObject.awaitNanos(AbstractQueuedSynchronizer.java:2078)
        at org.eclipse.jetty.util.BlockingArrayQueue.poll(BlockingArrayQueue.java:392)
        at org.eclipse.jetty.util.thread.QueuedThreadPool.idleJobPoll(QueuedThreadPool.java:563)
        at org.eclipse.jetty.util.thread.QueuedThreadPool.access$800(QueuedThreadPool.java:48)
        at org.eclipse.jetty.util.thread.QueuedThreadPool$2.run(QueuedThreadPool.java:626)
        at java.lang.Thread.run(Thread.java:748)
"65da0c80-3604-4ac2-9a39-ee88d748a153@group-3188A2C41C7C-SegmentedRaftLogWorker"  prio=5 tid=459 timed_waiting
java.lang.Thread.State: TIMED_WAITING
        at sun.misc.Unsafe.park(Native Method)
        at java.util.concurrent.locks.LockSupport.parkNanos(LockSupport.java:215)
        at java.util.concurrent.locks.AbstractQueuedSynchronizer$ConditionObject.awaitNanos(AbstractQueuedSynchronizer.java:2078)
        at org.apache.ratis.util.DataBlockingQueue.poll(DataBlockingQueue.java:137)
        at org.apache.ratis.server.raftlog.segmented.SegmentedRaftLogWorker.run(SegmentedRaftLogWorker.java:282)
        at java.lang.Thread.run(Thread.java:748)
"metrics-hadoop-metrics2-reporter-8-thread-1" daemon prio=5 tid=453 timed_waiting
java.lang.Thread.State: TIMED_WAITING
        at sun.misc.Unsafe.park(Native Method)
        at java.util.concurrent.locks.LockSupport.parkNanos(LockSupport.java:215)
        at java.util.concurrent.locks.AbstractQueuedSynchronizer$ConditionObject.awaitNanos(AbstractQueuedSynchronizer.java:2078)
        at java.util.concurrent.ScheduledThreadPoolExecutor$DelayedWorkQueue.take(ScheduledThreadPoolExecutor.java:1093)
        at java.util.concurrent.ScheduledThreadPoolExecutor$DelayedWorkQueue.take(ScheduledThreadPoolExecutor.java:809)
        at java.util.concurrent.ThreadPoolExecutor.getTask(ThreadPoolExecutor.java:1074)
        at java.util.concurrent.ThreadPoolExecutor.runWorker(ThreadPoolExecutor.java:1134)
        at java.util.concurrent.ThreadPoolExecutor$Worker.run(ThreadPoolExecutor.java:624)
        at java.lang.Thread.run(Thread.java:748)
"OMDoubleBufferFlushThread" daemon prio=5 tid=106 timed_waiting
java.lang.Thread.State: TIMED_WAITING
        at java.lang.Object.wait(Native Method)
        at org.apache.hadoop.ozone.om.ratis.OzoneManagerDoubleBuffer.canFlush(OzoneManagerDoubleBuffer.java:322)
        at org.apache.hadoop.ozone.om.ratis.OzoneManagerDoubleBuffer.flushTransactions(OzoneManagerDoubleBuffer.java:130)
        at org.apache.hadoop.ozone.om.ratis.OzoneManagerDoubleBuffer$$Lambda$49/1554118033.run(Unknown Source)
        at java.lang.Thread.run(Thread.java:748)
"metrics-hadoop-metrics2-reporter-17-thread-1" daemon prio=5 tid=481 timed_waiting
java.lang.Thread.State: TIMED_WAITING
        at sun.misc.Unsafe.park(Native Method)
        at java.util.concurrent.locks.LockSupport.parkNanos(LockSupport.java:215)
        at java.util.concurrent.locks.AbstractQueuedSynchronizer$ConditionObject.awaitNanos(AbstractQueuedSynchronizer.java:2078)
        at java.util.concurrent.ScheduledThreadPoolExecutor$DelayedWorkQueue.take(ScheduledThreadPoolExecutor.java:1093)
        at java.util.concurrent.ScheduledThreadPoolExecutor$DelayedWorkQueue.take(ScheduledThreadPoolExecutor.java:809)
        at java.util.concurrent.ThreadPoolExecutor.getTask(ThreadPoolExecutor.java:1074)
        at java.util.concurrent.ThreadPoolExecutor.runWorker(ThreadPoolExecutor.java:1134)
        at java.util.concurrent.ThreadPoolExecutor$Worker.run(ThreadPoolExecutor.java:624)
        at java.lang.Thread.run(Thread.java:748)
"65da0c80-3604-4ac2-9a39-ee88d748a153@group-3188A2C41C7C-StateMachineUpdater" daemon prio=5 tid=460 in Object.wait()
java.lang.Thread.State: WAITING (on object monitor)
        at java.lang.Object.wait(Native Method)
        at java.lang.Object.wait(Object.java:502)
        at org.apache.ratis.server.impl.StateMachineUpdater.waitForCommit(StateMachineUpdater.java:194)
        at org.apache.ratis.server.impl.StateMachineUpdater.run(StateMachineUpdater.java:159)
        at java.lang.Thread.run(Thread.java:748)
"pool-36-thread-52"  prio=5 tid=331 in Object.wait()
java.lang.Thread.State: WAITING (on object monitor)
        at sun.misc.Unsafe.park(Native Method)
        at java.util.concurrent.locks.LockSupport.park(LockSupport.java:175)
        at java.util.concurrent.locks.AbstractQueuedSynchronizer$ConditionObject.await(AbstractQueuedSynchronizer.java:2039)
        at java.util.concurrent.ArrayBlockingQueue.take(ArrayBlockingQueue.java:403)
        at java.util.concurrent.ThreadPoolExecutor.getTask(ThreadPoolExecutor.java:1074)
        at java.util.concurrent.ThreadPoolExecutor.runWorker(ThreadPoolExecutor.java:1134)
        at java.util.concurrent.ThreadPoolExecutor$Worker.run(ThreadPoolExecutor.java:624)
        at java.lang.Thread.run(Thread.java:748)
"EventQueue-SafemodestatusForSafeModeHandler" daemon prio=5 tid=426 in Object.wait()
java.lang.Thread.State: WAITING (on object monitor)
        at sun.misc.Unsafe.park(Native Method)
        at java.util.concurrent.locks.LockSupport.park(LockSupport.java:175)
        at java.util.concurrent.locks.AbstractQueuedSynchronizer$ConditionObject.await(AbstractQueuedSynchronizer.java:2039)
        at java.util.concurrent.LinkedBlockingQueue.take(LinkedBlockingQueue.java:442)
        at java.util.concurrent.ThreadPoolExecutor.getTask(ThreadPoolExecutor.java:1074)
        at java.util.concurrent.ThreadPoolExecutor.runWorker(ThreadPoolExecutor.java:1134)
        at java.util.concurrent.ThreadPoolExecutor$Worker.run(ThreadPoolExecutor.java:624)
        at java.lang.Thread.run(Thread.java:748)
"Datanode ReportManager Thread - 0" daemon prio=5 tid=171 in Object.wait()
java.lang.Thread.State: WAITING (on object monitor)
        at sun.misc.Unsafe.park(Native Method)
        at java.util.concurrent.locks.LockSupport.park(LockSupport.java:175)
        at java.util.concurrent.locks.AbstractQueuedSynchronizer$ConditionObject.await(AbstractQueuedSynchronizer.java:2039)
        at java.util.concurrent.ScheduledThreadPoolExecutor$DelayedWorkQueue.take(ScheduledThreadPoolExecutor.java:1088)
        at java.util.concurrent.ScheduledThreadPoolExecutor$DelayedWorkQueue.take(ScheduledThreadPoolExecutor.java:809)
        at java.util.concurrent.ThreadPoolExecutor.getTask(ThreadPoolExecutor.java:1074)
        at java.util.concurrent.ThreadPoolExecutor.runWorker(ThreadPoolExecutor.java:1134)
        at java.util.concurrent.ThreadPoolExecutor$Worker.run(ThreadPoolExecutor.java:624)
        at java.lang.Thread.run(Thread.java:748)
"IPC Server idle connection scanner for port 46440" daemon prio=5 tid=20 timed_waiting
java.lang.Thread.State: TIMED_WAITING
        at java.lang.Object.wait(Native Method)
        at java.util.TimerThread.mainLoop(Timer.java:552)
        at java.util.TimerThread.run(Timer.java:505)
"metrics-hadoop-metrics2-reporter-7-thread-1" daemon prio=5 tid=451 timed_waiting
java.lang.Thread.State: TIMED_WAITING
        at sun.misc.Unsafe.park(Native Method)
        at java.util.concurrent.locks.LockSupport.parkNanos(LockSupport.java:215)
        at java.util.concurrent.locks.AbstractQueuedSynchronizer$ConditionObject.awaitNanos(AbstractQueuedSynchronizer.java:2078)
        at java.util.concurrent.ScheduledThreadPoolExecutor$DelayedWorkQueue.take(ScheduledThreadPoolExecutor.java:1093)
        at java.util.concurrent.ScheduledThreadPoolExecutor$DelayedWorkQueue.take(ScheduledThreadPoolExecutor.java:809)
        at java.util.concurrent.ThreadPoolExecutor.getTask(ThreadPoolExecutor.java:1074)
        at java.util.concurrent.ThreadPoolExecutor.runWorker(ThreadPoolExecutor.java:1134)
        at java.util.concurrent.ThreadPoolExecutor$Worker.run(ThreadPoolExecutor.java:624)
        at java.lang.Thread.run(Thread.java:748)
"metrics-hadoop-metrics2-reporter-26-thread-1" daemon prio=5 tid=570 timed_waiting
java.lang.Thread.State: TIMED_WAITING
        at sun.misc.Unsafe.park(Native Method)
        at java.util.concurrent.locks.LockSupport.parkNanos(LockSupport.java:215)
        at java.util.concurrent.locks.AbstractQueuedSynchronizer$ConditionObject.awaitNanos(AbstractQueuedSynchronizer.java:2078)
        at java.util.concurrent.ScheduledThreadPoolExecutor$DelayedWorkQueue.take(ScheduledThreadPoolExecutor.java:1093)
        at java.util.concurrent.ScheduledThreadPoolExecutor$DelayedWorkQueue.take(ScheduledThreadPoolExecutor.java:809)
        at java.util.concurrent.ThreadPoolExecutor.getTask(ThreadPoolExecutor.java:1074)
        at java.util.concurrent.ThreadPoolExecutor.runWorker(ThreadPoolExecutor.java:1134)
        at java.util.concurrent.ThreadPoolExecutor$Worker.run(ThreadPoolExecutor.java:624)
        at java.lang.Thread.run(Thread.java:748)
"pool-46-thread-33"  prio=5 tid=385 in Object.wait()
java.lang.Thread.State: WAITING (on object monitor)
        at sun.misc.Unsafe.park(Native Method)
        at java.util.concurrent.locks.LockSupport.park(LockSupport.java:175)
        at java.util.concurrent.locks.AbstractQueuedSynchronizer$ConditionObject.await(AbstractQueuedSynchronizer.java:2039)
        at java.util.concurrent.ArrayBlockingQueue.take(ArrayBlockingQueue.java:403)
        at java.util.concurrent.ThreadPoolExecutor.getTask(ThreadPoolExecutor.java:1074)
        at java.util.concurrent.ThreadPoolExecutor.runWorker(ThreadPoolExecutor.java:1134)
        at java.util.concurrent.ThreadPoolExecutor$Worker.run(ThreadPoolExecutor.java:624)
        at java.lang.Thread.run(Thread.java:748)
"Signal Dispatcher" daemon prio=9 tid=4 runnable
java.lang.Thread.State: RUNNABLE
"pool-36-thread-46"  prio=5 tid=319 in Object.wait()
java.lang.Thread.State: WAITING (on object monitor)
        at sun.misc.Unsafe.park(Native Method)
        at java.util.concurrent.locks.LockSupport.park(LockSupport.java:175)
        at java.util.concurrent.locks.AbstractQueuedSynchronizer$ConditionObject.await(AbstractQueuedSynchronizer.java:2039)
        at java.util.concurrent.ArrayBlockingQueue.take(ArrayBlockingQueue.java:403)
        at java.util.concurrent.ThreadPoolExecutor.getTask(ThreadPoolExecutor.java:1074)
        at java.util.concurrent.ThreadPoolExecutor.runWorker(ThreadPoolExecutor.java:1134)
        at java.util.concurrent.ThreadPoolExecutor$Worker.run(ThreadPoolExecutor.java:624)
        at java.lang.Thread.run(Thread.java:748)
"IPC Server handler 6 on 46440" daemon prio=5 tid=55 timed_waiting
java.lang.Thread.State: TIMED_WAITING
        at sun.misc.Unsafe.park(Native Method)
        at java.util.concurrent.locks.LockSupport.parkNanos(LockSupport.java:215)
        at java.util.concurrent.locks.AbstractQueuedSynchronizer$ConditionObject.awaitNanos(AbstractQueuedSynchronizer.java:2078)
        at java.util.concurrent.LinkedBlockingQueue.poll(LinkedBlockingQueue.java:467)
        at org.apache.hadoop.ipc.CallQueueManager.take(CallQueueManager.java:288)
        at org.apache.hadoop.ipc.Server$Handler.run(Server.java:2668)
"IPC Server handler 10 on 46440" daemon prio=5 tid=59 timed_waiting
java.lang.Thread.State: TIMED_WAITING
        at sun.misc.Unsafe.park(Native Method)
        at java.util.concurrent.locks.LockSupport.parkNanos(LockSupport.java:215)
        at java.util.concurrent.locks.AbstractQueuedSynchronizer$ConditionObject.awaitNanos(AbstractQueuedSynchronizer.java:2078)
        at java.util.concurrent.LinkedBlockingQueue.poll(LinkedBlockingQueue.java:467)
        at org.apache.hadoop.ipc.CallQueueManager.take(CallQueueManager.java:288)
        at org.apache.hadoop.ipc.Server$Handler.run(Server.java:2668)
"pool-36-thread-13"  prio=5 tid=256 in Object.wait()
java.lang.Thread.State: WAITING (on object monitor)
        at sun.misc.Unsafe.park(Native Method)
        at java.util.concurrent.locks.LockSupport.park(LockSupport.java:175)
        at java.util.concurrent.locks.AbstractQueuedSynchronizer$ConditionObject.await(AbstractQueuedSynchronizer.java:2039)
        at java.util.concurrent.ArrayBlockingQueue.take(ArrayBlockingQueue.java:403)
        at java.util.concurrent.ThreadPoolExecutor.getTask(ThreadPoolExecutor.java:1074)
        at java.util.concurrent.ThreadPoolExecutor.runWorker(ThreadPoolExecutor.java:1134)
        at java.util.concurrent.ThreadPoolExecutor$Worker.run(ThreadPoolExecutor.java:624)
        at java.lang.Thread.run(Thread.java:748)
"pool-36-thread-5"  prio=5 tid=241 in Object.wait()
java.lang.Thread.State: WAITING (on object monitor)
        at sun.misc.Unsafe.park(Native Method)
        at java.util.concurrent.locks.LockSupport.park(LockSupport.java:175)
        at java.util.concurrent.locks.AbstractQueuedSynchronizer$ConditionObject.await(AbstractQueuedSynchronizer.java:2039)
        at java.util.concurrent.ArrayBlockingQueue.take(ArrayBlockingQueue.java:403)
        at java.util.concurrent.ThreadPoolExecutor.getTask(ThreadPoolExecutor.java:1074)
        at java.util.concurrent.ThreadPoolExecutor.runWorker(ThreadPoolExecutor.java:1134)
        at java.util.concurrent.ThreadPoolExecutor$Worker.run(ThreadPoolExecutor.java:624)
        at java.lang.Thread.run(Thread.java:748)
"IPC Server idle connection scanner for port 45958" daemon prio=5 tid=24 timed_waiting
java.lang.Thread.State: TIMED_WAITING
        at java.lang.Object.wait(Native Method)
        at java.util.TimerThread.mainLoop(Timer.java:552)
        at java.util.TimerThread.run(Timer.java:505)
"org.eclipse.jetty.server.session.HashSessionManager@1a4d1ab7Timer" daemon prio=5 tid=169 timed_waiting
java.lang.Thread.State: TIMED_WAITING
        at sun.misc.Unsafe.park(Native Method)
        at java.util.concurrent.locks.LockSupport.parkNanos(LockSupport.java:215)
        at java.util.concurrent.locks.AbstractQueuedSynchronizer$ConditionObject.awaitNanos(AbstractQueuedSynchronizer.java:2078)
        at java.util.concurrent.ScheduledThreadPoolExecutor$DelayedWorkQueue.take(ScheduledThreadPoolExecutor.java:1093)
        at java.util.concurrent.ScheduledThreadPoolExecutor$DelayedWorkQueue.take(ScheduledThreadPoolExecutor.java:809)
        at java.util.concurrent.ThreadPoolExecutor.getTask(ThreadPoolExecutor.java:1074)
        at java.util.concurrent.ThreadPoolExecutor.runWorker(ThreadPoolExecutor.java:1134)
        at java.util.concurrent.ThreadPoolExecutor$Worker.run(ThreadPoolExecutor.java:624)
        at java.lang.Thread.run(Thread.java:748)
"IPC Server handler 13 on 46440" daemon prio=5 tid=62 timed_waiting
java.lang.Thread.State: TIMED_WAITING
        at sun.misc.Unsafe.park(Native Method)
        at java.util.concurrent.locks.LockSupport.parkNanos(LockSupport.java:215)
        at java.util.concurrent.locks.AbstractQueuedSynchronizer$ConditionObject.awaitNanos(AbstractQueuedSynchronizer.java:2078)
        at java.util.concurrent.LinkedBlockingQueue.poll(LinkedBlockingQueue.java:467)
        at org.apache.hadoop.ipc.CallQueueManager.take(CallQueueManager.java:288)
        at org.apache.hadoop.ipc.Server$Handler.run(Server.java:2668)
"refreshUsed-/workdir/hadoop-ozone/integration-test/target/test-dir/MiniOzoneClusterImpl-5bbdf16d-a65b-4877-b412-d21df752c328/datanode-0/data/containers" daemon prio=5 tid=154 timed_waiting
java.lang.Thread.State: TIMED_WAITING
        at java.lang.Thread.sleep(Native Method)
        at org.apache.hadoop.fs.CachingGetSpaceUsed$RefreshThread.run(CachingGetSpaceUsed.java:179)
        at java.lang.Thread.run(Thread.java:748)
"pool-26-thread-33"  prio=5 tid=302 in Object.wait()
java.lang.Thread.State: WAITING (on object monitor)
        at sun.misc.Unsafe.park(Native Method)
        at java.util.concurrent.locks.LockSupport.park(LockSupport.java:175)
        at java.util.concurrent.locks.AbstractQueuedSynchronizer$ConditionObject.await(AbstractQueuedSynchronizer.java:2039)
        at java.util.concurrent.ArrayBlockingQueue.take(ArrayBlockingQueue.java:403)
        at java.util.concurrent.ThreadPoolExecutor.getTask(ThreadPoolExecutor.java:1074)
        at java.util.concurrent.ThreadPoolExecutor.runWorker(ThreadPoolExecutor.java:1134)
        at java.util.concurrent.ThreadPoolExecutor$Worker.run(ThreadPoolExecutor.java:624)
        at java.lang.Thread.run(Thread.java:748)
"grpc-default-worker-ELG-3-2" daemon prio=5 tid=431 runnable
java.lang.Thread.State: RUNNABLE
        at sun.nio.ch.EPollArrayWrapper.epollWait(Native Method)
        at sun.nio.ch.EPollArrayWrapper.poll(EPollArrayWrapper.java:269)
        at sun.nio.ch.EPollSelectorImpl.doSelect(EPollSelectorImpl.java:93)
        at sun.nio.ch.SelectorImpl.lockAndDoSelect(SelectorImpl.java:86)
        at sun.nio.ch.SelectorImpl.select(SelectorImpl.java:97)
        at org.apache.ratis.thirdparty.io.netty.channel.nio.SelectedSelectionKeySetSelector.select(SelectedSelectionKeySetSelector.java:62)
        at org.apache.ratis.thirdparty.io.netty.channel.nio.NioEventLoop.select(NioEventLoop.java:753)
        at org.apache.ratis.thirdparty.io.netty.channel.nio.NioEventLoop.run(NioEventLoop.java:408)
        at org.apache.ratis.thirdparty.io.netty.util.concurrent.SingleThreadEventExecutor$5.run(SingleThreadEventExecutor.java:897)
        at org.apache.ratis.thirdparty.io.netty.util.concurrent.FastThreadLocalRunnable.run(FastThreadLocalRunnable.java:30)
        at java.lang.Thread.run(Thread.java:748)
"Command processor thread" daemon prio=5 tid=202 timed_waiting
java.lang.Thread.State: TIMED_WAITING
        at java.lang.Thread.sleep(Native Method)
        at org.apache.hadoop.ozone.container.common.statemachine.DatanodeStateMachine.lambda$initCommandHandlerThread$1(DatanodeStateMachine.java:439)
        at org.apache.hadoop.ozone.container.common.statemachine.DatanodeStateMachine$$Lambda$141/1386624617.run(Unknown Source)
        at java.lang.Thread.run(Thread.java:748)
"IPC Server handler 3 on 38663" daemon prio=5 tid=72 timed_waiting
java.lang.Thread.State: TIMED_WAITING
        at sun.misc.Unsafe.park(Native Method)
        at java.util.concurrent.locks.LockSupport.parkNanos(LockSupport.java:215)
        at java.util.concurrent.locks.AbstractQueuedSynchronizer$ConditionObject.awaitNanos(AbstractQueuedSynchronizer.java:2078)
        at java.util.concurrent.LinkedBlockingQueue.poll(LinkedBlockingQueue.java:467)
        at org.apache.hadoop.ipc.CallQueueManager.take(CallQueueManager.java:288)
        at org.apache.hadoop.ipc.Server$Handler.run(Server.java:2668)
"metrics-hadoop-metrics2-reporter-3-thread-1" daemon prio=5 tid=439 timed_waiting
java.lang.Thread.State: TIMED_WAITING
        at sun.misc.Unsafe.park(Native Method)
        at java.util.concurrent.locks.LockSupport.parkNanos(LockSupport.java:215)
        at java.util.concurrent.locks.AbstractQueuedSynchronizer$ConditionObject.awaitNanos(AbstractQueuedSynchronizer.java:2078)
        at java.util.concurrent.ScheduledThreadPoolExecutor$DelayedWorkQueue.take(ScheduledThreadPoolExecutor.java:1093)
        at java.util.concurrent.ScheduledThreadPoolExecutor$DelayedWorkQueue.take(ScheduledThreadPoolExecutor.java:809)
        at java.util.concurrent.ThreadPoolExecutor.getTask(ThreadPoolExecutor.java:1074)
        at java.util.concurrent.ThreadPoolExecutor.runWorker(ThreadPoolExecutor.java:1134)
        at java.util.concurrent.ThreadPoolExecutor$Worker.run(ThreadPoolExecutor.java:624)
        at java.lang.Thread.run(Thread.java:748)
"org.eclipse.jetty.server.session.HashSessionManager@61cd1c71Timer" daemon prio=5 tid=168 timed_waiting
java.lang.Thread.State: TIMED_WAITING
        at sun.misc.Unsafe.park(Native Method)
        at java.util.concurrent.locks.LockSupport.parkNanos(LockSupport.java:215)
        at java.util.concurrent.locks.AbstractQueuedSynchronizer$ConditionObject.awaitNanos(AbstractQueuedSynchronizer.java:2078)
        at java.util.concurrent.ScheduledThreadPoolExecutor$DelayedWorkQueue.take(ScheduledThreadPoolExecutor.java:1093)
        at java.util.concurrent.ScheduledThreadPoolExecutor$DelayedWorkQueue.take(ScheduledThreadPoolExecutor.java:809)
        at java.util.concurrent.ThreadPoolExecutor.getTask(ThreadPoolExecutor.java:1074)
        at java.util.concurrent.ThreadPoolExecutor.runWorker(ThreadPoolExecutor.java:1134)
        at java.util.concurrent.ThreadPoolExecutor$Worker.run(ThreadPoolExecutor.java:624)
        at java.lang.Thread.run(Thread.java:748)
"EventQueue-NodeRegistrationContainerReportForDataNodeSafeModeRule" daemon prio=5 tid=423 in Object.wait()
java.lang.Thread.State: WAITING (on object monitor)
        at sun.misc.Unsafe.park(Native Method)
        at java.util.concurrent.locks.LockSupport.park(LockSupport.java:175)
        at java.util.concurrent.locks.AbstractQueuedSynchronizer$ConditionObject.await(AbstractQueuedSynchronizer.java:2039)
        at java.util.concurrent.LinkedBlockingQueue.take(LinkedBlockingQueue.java:442)
        at java.util.concurrent.ThreadPoolExecutor.getTask(ThreadPoolExecutor.java:1074)
        at java.util.concurrent.ThreadPoolExecutor.runWorker(ThreadPoolExecutor.java:1134)
        at java.util.concurrent.ThreadPoolExecutor$Worker.run(ThreadPoolExecutor.java:624)
        at java.lang.Thread.run(Thread.java:748)
"pool-36-thread-10"  prio=5 tid=251 in Object.wait()
java.lang.Thread.State: WAITING (on object monitor)
        at sun.misc.Unsafe.park(Native Method)
        at java.util.concurrent.locks.LockSupport.park(LockSupport.java:175)
        at java.util.concurrent.locks.AbstractQueuedSynchronizer$ConditionObject.await(AbstractQueuedSynchronizer.java:2039)
        at java.util.concurrent.ArrayBlockingQueue.take(ArrayBlockingQueue.java:403)
        at java.util.concurrent.ThreadPoolExecutor.getTask(ThreadPoolExecutor.java:1074)
        at java.util.concurrent.ThreadPoolExecutor.runWorker(ThreadPoolExecutor.java:1134)
        at java.util.concurrent.ThreadPoolExecutor$Worker.run(ThreadPoolExecutor.java:624)
        at java.lang.Thread.run(Thread.java:748)
"metrics-hadoop-metrics2-reporter-4-thread-1" daemon prio=5 tid=441 timed_waiting
java.lang.Thread.State: TIMED_WAITING
        at sun.misc.Unsafe.park(Native Method)
        at java.util.concurrent.locks.LockSupport.parkNanos(LockSupport.java:215)
        at java.util.concurrent.locks.AbstractQueuedSynchronizer$ConditionObject.awaitNanos(AbstractQueuedSynchronizer.java:2078)
        at java.util.concurrent.ScheduledThreadPoolExecutor$DelayedWorkQueue.take(ScheduledThreadPoolExecutor.java:1093)
        at java.util.concurrent.ScheduledThreadPoolExecutor$DelayedWorkQueue.take(ScheduledThreadPoolExecutor.java:809)
        at java.util.concurrent.ThreadPoolExecutor.getTask(ThreadPoolExecutor.java:1074)
        at java.util.concurrent.ThreadPoolExecutor.runWorker(ThreadPoolExecutor.java:1134)
        at java.util.concurrent.ThreadPoolExecutor$Worker.run(ThreadPoolExecutor.java:624)
        at java.lang.Thread.run(Thread.java:748)
"pool-27-thread-1"  prio=5 tid=434 in Object.wait()
java.lang.Thread.State: WAITING (on object monitor)
        at sun.misc.Unsafe.park(Native Method)
        at java.util.concurrent.locks.LockSupport.park(LockSupport.java:175)
        at java.util.concurrent.locks.AbstractQueuedSynchronizer$ConditionObject.await(AbstractQueuedSynchronizer.java:2039)
        at java.util.concurrent.LinkedBlockingQueue.take(LinkedBlockingQueue.java:442)
        at java.util.concurrent.ThreadPoolExecutor.getTask(ThreadPoolExecutor.java:1074)
        at java.util.concurrent.ThreadPoolExecutor.runWorker(ThreadPoolExecutor.java:1134)
        at java.util.concurrent.ThreadPoolExecutor$Worker.run(ThreadPoolExecutor.java:624)
        at java.lang.Thread.run(Thread.java:748)
"IPC Server Responder" daemon prio=5 tid=110 runnable
java.lang.Thread.State: RUNNABLE
        at sun.nio.ch.EPollArrayWrapper.epollWait(Native Method)
        at sun.nio.ch.EPollArrayWrapper.poll(EPollArrayWrapper.java:269)
        at sun.nio.ch.EPollSelectorImpl.doSelect(EPollSelectorImpl.java:93)
        at sun.nio.ch.SelectorImpl.lockAndDoSelect(SelectorImpl.java:86)
        at sun.nio.ch.SelectorImpl.select(SelectorImpl.java:97)
        at org.apache.hadoop.ipc.Server$Responder.doRunLoop(Server.java:1334)
        at org.apache.hadoop.ipc.Server$Responder.run(Server.java:1317)
"IPC Server handler 2 on 35339" daemon prio=5 tid=116 timed_waiting
java.lang.Thread.State: TIMED_WAITING
        at sun.misc.Unsafe.park(Native Method)
        at java.util.concurrent.locks.LockSupport.parkNanos(LockSupport.java:215)
        at java.util.concurrent.locks.AbstractQueuedSynchronizer$ConditionObject.awaitNanos(AbstractQueuedSynchronizer.java:2078)
        at java.util.concurrent.LinkedBlockingQueue.poll(LinkedBlockingQueue.java:467)
        at org.apache.hadoop.ipc.CallQueueManager.take(CallQueueManager.java:288)
        at org.apache.hadoop.ipc.Server$Handler.run(Server.java:2668)
"Datanode ReportManager Thread - 3" daemon prio=5 tid=201 in Object.wait()
java.lang.Thread.State: WAITING (on object monitor)
        at sun.misc.Unsafe.park(Native Method)
        at java.util.concurrent.locks.LockSupport.park(LockSupport.java:175)
        at java.util.concurrent.locks.AbstractQueuedSynchronizer$ConditionObject.await(AbstractQueuedSynchronizer.java:2039)
        at java.util.concurrent.ScheduledThreadPoolExecutor$DelayedWorkQueue.take(ScheduledThreadPoolExecutor.java:1088)
        at java.util.concurrent.ScheduledThreadPoolExecutor$DelayedWorkQueue.take(ScheduledThreadPoolExecutor.java:809)
        at java.util.concurrent.ThreadPoolExecutor.getTask(ThreadPoolExecutor.java:1074)
        at java.util.concurrent.ThreadPoolExecutor.runWorker(ThreadPoolExecutor.java:1134)
        at java.util.concurrent.ThreadPoolExecutor$Worker.run(ThreadPoolExecutor.java:624)
        at java.lang.Thread.run(Thread.java:748)
"pool-36-thread-48"  prio=5 tid=323 in Object.wait()
java.lang.Thread.State: WAITING (on object monitor)
        at sun.misc.Unsafe.park(Native Method)
        at java.util.concurrent.locks.LockSupport.park(LockSupport.java:175)
        at java.util.concurrent.locks.AbstractQueuedSynchronizer$ConditionObject.await(AbstractQueuedSynchronizer.java:2039)
        at java.util.concurrent.ArrayBlockingQueue.take(ArrayBlockingQueue.java:403)
        at java.util.concurrent.ThreadPoolExecutor.getTask(ThreadPoolExecutor.java:1074)
        at java.util.concurrent.ThreadPoolExecutor.runWorker(ThreadPoolExecutor.java:1134)
        at java.util.concurrent.ThreadPoolExecutor$Worker.run(ThreadPoolExecutor.java:624)
        at java.lang.Thread.run(Thread.java:748)
"Datanode State Machine Thread - 0" daemon prio=5 tid=180 timed_waiting
java.lang.Thread.State: TIMED_WAITING
        at sun.misc.Unsafe.park(Native Method)
        at java.util.concurrent.locks.LockSupport.parkNanos(LockSupport.java:215)
        at java.util.concurrent.SynchronousQueue$TransferStack.awaitFulfill(SynchronousQueue.java:460)
        at java.util.concurrent.SynchronousQueue$TransferStack.transfer(SynchronousQueue.java:362)
        at java.util.concurrent.SynchronousQueue.poll(SynchronousQueue.java:941)
        at java.util.concurrent.ThreadPoolExecutor.getTask(ThreadPoolExecutor.java:1073)
        at java.util.concurrent.ThreadPoolExecutor.runWorker(ThreadPoolExecutor.java:1134)
        at java.util.concurrent.ThreadPoolExecutor$Worker.run(ThreadPoolExecutor.java:624)
        at java.lang.Thread.run(Thread.java:748)
"pool-46-thread-7"  prio=5 tid=359 in Object.wait()
java.lang.Thread.State: WAITING (on object monitor)
        at sun.misc.Unsafe.park(Native Method)
        at java.util.concurrent.locks.LockSupport.park(LockSupport.java:175)
        at java.util.concurrent.locks.AbstractQueuedSynchronizer$ConditionObject.await(AbstractQueuedSynchronizer.java:2039)
        at java.util.concurrent.ArrayBlockingQueue.take(ArrayBlockingQueue.java:403)
        at java.util.concurrent.ThreadPoolExecutor.getTask(ThreadPoolExecutor.java:1074)
        at java.util.concurrent.ThreadPoolExecutor.runWorker(ThreadPoolExecutor.java:1134)
        at java.util.concurrent.ThreadPoolExecutor$Worker.run(ThreadPoolExecutor.java:624)
        at java.lang.Thread.run(Thread.java:748)
"CommandWatcher-LeaseManager#LeaseMonitor" daemon prio=5 tid=28 timed_waiting
java.lang.Thread.State: TIMED_WAITING
        at java.lang.Thread.sleep(Native Method)
        at org.apache.hadoop.ozone.lease.LeaseManager$LeaseMonitor.run(LeaseManager.java:234)
        at java.lang.Thread.run(Thread.java:748)
"pool-46-thread-3"  prio=5 tid=355 in Object.wait()
java.lang.Thread.State: WAITING (on object monitor)
        at sun.misc.Unsafe.park(Native Method)
        at java.util.concurrent.locks.LockSupport.park(LockSupport.java:175)
        at java.util.concurrent.locks.AbstractQueuedSynchronizer$ConditionObject.await(AbstractQueuedSynchronizer.java:2039)
        at java.util.concurrent.ArrayBlockingQueue.take(ArrayBlockingQueue.java:403)
        at java.util.concurrent.ThreadPoolExecutor.getTask(ThreadPoolExecutor.java:1074)
        at java.util.concurrent.ThreadPoolExecutor.runWorker(ThreadPoolExecutor.java:1134)
        at java.util.concurrent.ThreadPoolExecutor$Worker.run(ThreadPoolExecutor.java:624)
        at java.lang.Thread.run(Thread.java:748)
"org.eclipse.jetty.server.session.HashSessionManager@4c6007fbTimer" daemon prio=5 tid=222 timed_waiting
java.lang.Thread.State: TIMED_WAITING
        at sun.misc.Unsafe.park(Native Method)
        at java.util.concurrent.locks.LockSupport.parkNanos(LockSupport.java:215)
        at java.util.concurrent.locks.AbstractQueuedSynchronizer$ConditionObject.awaitNanos(AbstractQueuedSynchronizer.java:2078)
        at java.util.concurrent.ScheduledThreadPoolExecutor$DelayedWorkQueue.take(ScheduledThreadPoolExecutor.java:1093)
        at java.util.concurrent.ScheduledThreadPoolExecutor$DelayedWorkQueue.take(ScheduledThreadPoolExecutor.java:809)
        at java.util.concurrent.ThreadPoolExecutor.getTask(ThreadPoolExecutor.java:1074)
        at java.util.concurrent.ThreadPoolExecutor.runWorker(ThreadPoolExecutor.java:1134)
        at java.util.concurrent.ThreadPoolExecutor$Worker.run(ThreadPoolExecutor.java:624)
        at java.lang.Thread.run(Thread.java:748)
"BlockDeletingService#1" daemon prio=5 tid=418 in Object.wait()
java.lang.Thread.State: WAITING (on object monitor)
        at sun.misc.Unsafe.park(Native Method)
        at java.util.concurrent.locks.LockSupport.park(LockSupport.java:175)
        at java.util.concurrent.locks.AbstractQueuedSynchronizer$ConditionObject.await(AbstractQueuedSynchronizer.java:2039)
        at java.util.concurrent.ScheduledThreadPoolExecutor$DelayedWorkQueue.take(ScheduledThreadPoolExecutor.java:1088)
        at java.util.concurrent.ScheduledThreadPoolExecutor$DelayedWorkQueue.take(ScheduledThreadPoolExecutor.java:809)
        at java.util.concurrent.ThreadPoolExecutor.getTask(ThreadPoolExecutor.java:1074)
        at java.util.concurrent.ThreadPoolExecutor.runWorker(ThreadPoolExecutor.java:1134)
        at java.util.concurrent.ThreadPoolExecutor$Worker.run(ThreadPoolExecutor.java:624)
        at java.lang.Thread.run(Thread.java:748)
"IPC Server Responder" daemon prio=5 tid=25 runnable
java.lang.Thread.State: RUNNABLE
        at sun.nio.ch.EPollArrayWrapper.epollWait(Native Method)
        at sun.nio.ch.EPollArrayWrapper.poll(EPollArrayWrapper.java:269)
        at sun.nio.ch.EPollSelectorImpl.doSelect(EPollSelectorImpl.java:93)
        at sun.nio.ch.SelectorImpl.lockAndDoSelect(SelectorImpl.java:86)
        at sun.nio.ch.SelectorImpl.select(SelectorImpl.java:97)
        at org.apache.hadoop.ipc.Server$Responder.doRunLoop(Server.java:1334)
        at org.apache.hadoop.ipc.Server$Responder.run(Server.java:1317)
"Socket Reader #1 for port 35339"  prio=5 tid=108 runnable
java.lang.Thread.State: RUNNABLE
        at sun.nio.ch.EPollArrayWrapper.epollWait(Native Method)
        at sun.nio.ch.EPollArrayWrapper.poll(EPollArrayWrapper.java:269)
        at sun.nio.ch.EPollSelectorImpl.doSelect(EPollSelectorImpl.java:93)
        at sun.nio.ch.SelectorImpl.lockAndDoSelect(SelectorImpl.java:86)
        at sun.nio.ch.SelectorImpl.select(SelectorImpl.java:97)
        at sun.nio.ch.SelectorImpl.select(SelectorImpl.java:101)
        at org.apache.hadoop.ipc.Server$Listener$Reader.doRunLoop(Server.java:1097)
        at org.apache.hadoop.ipc.Server$Listener$Reader.run(Server.java:1076)
"IPC Server handler 11 on 46440" daemon prio=5 tid=60 timed_waiting
java.lang.Thread.State: TIMED_WAITING
        at sun.misc.Unsafe.park(Native Method)
        at java.util.concurrent.locks.LockSupport.parkNanos(LockSupport.java:215)
        at java.util.concurrent.locks.AbstractQueuedSynchronizer$ConditionObject.awaitNanos(AbstractQueuedSynchronizer.java:2078)
        at java.util.concurrent.LinkedBlockingQueue.poll(LinkedBlockingQueue.java:467)
        at org.apache.hadoop.ipc.CallQueueManager.take(CallQueueManager.java:288)
        at org.apache.hadoop.ipc.Server$Handler.run(Server.java:2668)
"pool-46-thread-47"  prio=5 tid=399 in Object.wait()
java.lang.Thread.State: WAITING (on object monitor)
        at sun.misc.Unsafe.park(Native Method)
        at java.util.concurrent.locks.LockSupport.park(LockSupport.java:175)
        at java.util.concurrent.locks.AbstractQueuedSynchronizer$ConditionObject.await(AbstractQueuedSynchronizer.java:2039)
        at java.util.concurrent.ArrayBlockingQueue.take(ArrayBlockingQueue.java:403)
        at java.util.concurrent.ThreadPoolExecutor.getTask(ThreadPoolExecutor.java:1074)
        at java.util.concurrent.ThreadPoolExecutor.runWorker(ThreadPoolExecutor.java:1134)
        at java.util.concurrent.ThreadPoolExecutor$Worker.run(ThreadPoolExecutor.java:624)
        at java.lang.Thread.run(Thread.java:748)
"metrics-hadoop-metrics2-reporter-2-thread-1" daemon prio=5 tid=438 timed_waiting
java.lang.Thread.State: TIMED_WAITING
        at sun.misc.Unsafe.park(Native Method)
        at java.util.concurrent.locks.LockSupport.parkNanos(LockSupport.java:215)
        at java.util.concurrent.locks.AbstractQueuedSynchronizer$ConditionObject.awaitNanos(AbstractQueuedSynchronizer.java:2078)
        at java.util.concurrent.ScheduledThreadPoolExecutor$DelayedWorkQueue.take(ScheduledThreadPoolExecutor.java:1093)
        at java.util.concurrent.ScheduledThreadPoolExecutor$DelayedWorkQueue.take(ScheduledThreadPoolExecutor.java:809)
        at java.util.concurrent.ThreadPoolExecutor.getTask(ThreadPoolExecutor.java:1074)
        at java.util.concurrent.ThreadPoolExecutor.runWorker(ThreadPoolExecutor.java:1134)
        at java.util.concurrent.ThreadPoolExecutor$Worker.run(ThreadPoolExecutor.java:624)
        at java.lang.Thread.run(Thread.java:748)
"IPC Server handler 14 on 38663" daemon prio=5 tid=83 timed_waiting
java.lang.Thread.State: TIMED_WAITING
        at sun.misc.Unsafe.park(Native Method)
        at java.util.concurrent.locks.LockSupport.parkNanos(LockSupport.java:215)
        at java.util.concurrent.locks.AbstractQueuedSynchronizer$ConditionObject.awaitNanos(AbstractQueuedSynchronizer.java:2078)
        at java.util.concurrent.LinkedBlockingQueue.poll(LinkedBlockingQueue.java:467)
        at org.apache.hadoop.ipc.CallQueueManager.take(CallQueueManager.java:288)
        at org.apache.hadoop.ipc.Server$Handler.run(Server.java:2668)
"IPC Server handler 3 on 45958" daemon prio=5 tid=32 timed_waiting
java.lang.Thread.State: TIMED_WAITING
        at sun.misc.Unsafe.park(Native Method)
        at java.util.concurrent.locks.LockSupport.parkNanos(LockSupport.java:215)
        at java.util.concurrent.locks.AbstractQueuedSynchronizer$ConditionObject.awaitNanos(AbstractQueuedSynchronizer.java:2078)
        at java.util.concurrent.LinkedBlockingQueue.poll(LinkedBlockingQueue.java:467)
        at org.apache.hadoop.ipc.CallQueueManager.take(CallQueueManager.java:288)
        at org.apache.hadoop.ipc.Server$Handler.run(Server.java:2668)
"IPC Server handler 18 on 35339" daemon prio=5 tid=133 timed_waiting
java.lang.Thread.State: TIMED_WAITING
        at sun.misc.Unsafe.park(Native Method)
        at java.util.concurrent.locks.LockSupport.parkNanos(LockSupport.java:215)
        at java.util.concurrent.locks.AbstractQueuedSynchronizer$ConditionObject.awaitNanos(AbstractQueuedSynchronizer.java:2078)
        at java.util.concurrent.LinkedBlockingQueue.poll(LinkedBlockingQueue.java:467)
        at org.apache.hadoop.ipc.CallQueueManager.take(CallQueueManager.java:288)
        at org.apache.hadoop.ipc.Server$Handler.run(Server.java:2668)
"Timer for 'StorageContainerManager' metrics system" daemon prio=5 tid=27 timed_waiting
java.lang.Thread.State: TIMED_WAITING
        at java.lang.Object.wait(Native Method)
        at java.util.TimerThread.mainLoop(Timer.java:552)
        at java.util.TimerThread.run(Timer.java:505)
"pool-26-thread-32"  prio=5 tid=300 in Object.wait()
java.lang.Thread.State: WAITING (on object monitor)
        at sun.misc.Unsafe.park(Native Method)
        at java.util.concurrent.locks.LockSupport.park(LockSupport.java:175)
        at java.util.concurrent.locks.AbstractQueuedSynchronizer$ConditionObject.await(AbstractQueuedSynchronizer.java:2039)
        at java.util.concurrent.ArrayBlockingQueue.take(ArrayBlockingQueue.java:403)
        at java.util.concurrent.ThreadPoolExecutor.getTask(ThreadPoolExecutor.java:1074)
        at java.util.concurrent.ThreadPoolExecutor.runWorker(ThreadPoolExecutor.java:1134)
        at java.util.concurrent.ThreadPoolExecutor$Worker.run(ThreadPoolExecutor.java:624)
        at java.lang.Thread.run(Thread.java:748)
"qtp653553574-219" daemon prio=5 tid=219 timed_waiting
java.lang.Thread.State: TIMED_WAITING
        at sun.misc.Unsafe.park(Native Method)
        at java.util.concurrent.locks.LockSupport.parkNanos(LockSupport.java:215)
        at java.util.concurrent.locks.AbstractQueuedSynchronizer$ConditionObject.awaitNanos(AbstractQueuedSynchronizer.java:2078)
        at org.eclipse.jetty.util.BlockingArrayQueue.poll(BlockingArrayQueue.java:392)
        at org.eclipse.jetty.util.thread.QueuedThreadPool.idleJobPoll(QueuedThreadPool.java:563)
        at org.eclipse.jetty.util.thread.QueuedThreadPool.access$800(QueuedThreadPool.java:48)
        at org.eclipse.jetty.util.thread.QueuedThreadPool$2.run(QueuedThreadPool.java:626)
        at java.lang.Thread.run(Thread.java:748)
"pool-46-thread-37"  prio=5 tid=389 in Object.wait()
java.lang.Thread.State: WAITING (on object monitor)
        at sun.misc.Unsafe.park(Native Method)
        at java.util.concurrent.locks.LockSupport.park(LockSupport.java:175)
        at java.util.concurrent.locks.AbstractQueuedSynchronizer$ConditionObject.await(AbstractQueuedSynchronizer.java:2039)
        at java.util.concurrent.ArrayBlockingQueue.take(ArrayBlockingQueue.java:403)
        at java.util.concurrent.ThreadPoolExecutor.getTask(ThreadPoolExecutor.java:1074)
        at java.util.concurrent.ThreadPoolExecutor.runWorker(ThreadPoolExecutor.java:1134)
        at java.util.concurrent.ThreadPoolExecutor$Worker.run(ThreadPoolExecutor.java:624)
        at java.lang.Thread.run(Thread.java:748)
"pool-26-thread-3"  prio=5 tid=238 in Object.wait()
java.lang.Thread.State: WAITING (on object monitor)
        at sun.misc.Unsafe.park(Native Method)
        at java.util.concurrent.locks.LockSupport.park(LockSupport.java:175)
        at java.util.concurrent.locks.AbstractQueuedSynchronizer$ConditionObject.await(AbstractQueuedSynchronizer.java:2039)
        at java.util.concurrent.ArrayBlockingQueue.take(ArrayBlockingQueue.java:403)
        at java.util.concurrent.ThreadPoolExecutor.getTask(ThreadPoolExecutor.java:1074)
        at java.util.concurrent.ThreadPoolExecutor.runWorker(ThreadPoolExecutor.java:1134)
        at java.util.concurrent.ThreadPoolExecutor$Worker.run(ThreadPoolExecutor.java:624)
        at java.lang.Thread.run(Thread.java:748)
"pool-36-thread-55"  prio=5 tid=337 in Object.wait()
java.lang.Thread.State: WAITING (on object monitor)
        at sun.misc.Unsafe.park(Native Method)
        at java.util.concurrent.locks.LockSupport.park(LockSupport.java:175)
        at java.util.concurrent.locks.AbstractQueuedSynchronizer$ConditionObject.await(AbstractQueuedSynchronizer.java:2039)
        at java.util.concurrent.ArrayBlockingQueue.take(ArrayBlockingQueue.java:403)
        at java.util.concurrent.ThreadPoolExecutor.getTask(ThreadPoolExecutor.java:1074)
        at java.util.concurrent.ThreadPoolExecutor.runWorker(ThreadPoolExecutor.java:1134)
        at java.util.concurrent.ThreadPoolExecutor$Worker.run(ThreadPoolExecutor.java:624)
        at java.lang.Thread.run(Thread.java:748)
"Datanode ReportManager Thread - 1" daemon prio=5 tid=172 in Object.wait()
java.lang.Thread.State: WAITING (on object monitor)
        at sun.misc.Unsafe.park(Native Method)
        at java.util.concurrent.locks.LockSupport.park(LockSupport.java:175)
        at java.util.concurrent.locks.AbstractQueuedSynchronizer$ConditionObject.await(AbstractQueuedSynchronizer.java:2039)
        at java.util.concurrent.ScheduledThreadPoolExecutor$DelayedWorkQueue.take(ScheduledThreadPoolExecutor.java:1088)
        at java.util.concurrent.ScheduledThreadPoolExecutor$DelayedWorkQueue.take(ScheduledThreadPoolExecutor.java:809)
        at java.util.concurrent.ThreadPoolExecutor.getTask(ThreadPoolExecutor.java:1074)
        at java.util.concurrent.ThreadPoolExecutor.runWorker(ThreadPoolExecutor.java:1134)
        at java.util.concurrent.ThreadPoolExecutor$Worker.run(ThreadPoolExecutor.java:624)
        at java.lang.Thread.run(Thread.java:748)
"IPC Server handler 10 on 35339" daemon prio=5 tid=124 timed_waiting
java.lang.Thread.State: TIMED_WAITING
        at sun.misc.Unsafe.park(Native Method)
        at java.util.concurrent.locks.LockSupport.parkNanos(LockSupport.java:215)
        at java.util.concurrent.locks.AbstractQueuedSynchronizer$ConditionObject.awaitNanos(AbstractQueuedSynchronizer.java:2078)
        at java.util.concurrent.LinkedBlockingQueue.poll(LinkedBlockingQueue.java:467)
        at org.apache.hadoop.ipc.CallQueueManager.take(CallQueueManager.java:288)
        at org.apache.hadoop.ipc.Server$Handler.run(Server.java:2668)
"qtp573136580-89" daemon prio=5 tid=89 runnable
java.lang.Thread.State: RUNNABLE
        at sun.nio.ch.EPollArrayWrapper.epollWait(Native Method)
        at sun.nio.ch.EPollArrayWrapper.poll(EPollArrayWrapper.java:269)
        at sun.nio.ch.EPollSelectorImpl.doSelect(EPollSelectorImpl.java:93)
        at sun.nio.ch.SelectorImpl.lockAndDoSelect(SelectorImpl.java:86)
        at sun.nio.ch.SelectorImpl.select(SelectorImpl.java:97)
        at sun.nio.ch.SelectorImpl.select(SelectorImpl.java:101)
        at org.eclipse.jetty.io.ManagedSelector$SelectorProducer.select(ManagedSelector.java:243)
        at org.eclipse.jetty.io.ManagedSelector$SelectorProducer.produce(ManagedSelector.java:191)
        at org.eclipse.jetty.util.thread.strategy.ExecuteProduceConsume.executeProduceConsume(ExecuteProduceConsume.java:249)
        at org.eclipse.jetty.util.thread.strategy.ExecuteProduceConsume.produceConsume(ExecuteProduceConsume.java:148)
        at org.eclipse.jetty.util.thread.strategy.ExecuteProduceConsume.execute(ExecuteProduceConsume.java:100)
        at org.eclipse.jetty.io.ManagedSelector.run(ManagedSelector.java:147)
        at org.eclipse.jetty.util.thread.QueuedThreadPool.runJob(QueuedThreadPool.java:671)
        at org.eclipse.jetty.util.thread.QueuedThreadPool$2.run(QueuedThreadPool.java:589)
        at java.lang.Thread.run(Thread.java:748)
"qtp653553574-216" daemon prio=5 tid=216 timed_waiting
java.lang.Thread.State: TIMED_WAITING
        at sun.misc.Unsafe.park(Native Method)
        at java.util.concurrent.locks.LockSupport.parkNanos(LockSupport.java:215)
        at java.util.concurrent.locks.AbstractQueuedSynchronizer$ConditionObject.awaitNanos(AbstractQueuedSynchronizer.java:2078)
        at org.eclipse.jetty.util.BlockingArrayQueue.poll(BlockingArrayQueue.java:392)
        at org.eclipse.jetty.util.thread.QueuedThreadPool.idleJobPoll(QueuedThreadPool.java:563)
        at org.eclipse.jetty.util.thread.QueuedThreadPool.access$800(QueuedThreadPool.java:48)
        at org.eclipse.jetty.util.thread.QueuedThreadPool$2.run(QueuedThreadPool.java:626)
        at java.lang.Thread.run(Thread.java:748)
"pool-46-thread-12"  prio=5 tid=364 in Object.wait()
java.lang.Thread.State: WAITING (on object monitor)
        at sun.misc.Unsafe.park(Native Method)
        at java.util.concurrent.locks.LockSupport.park(LockSupport.java:175)
        at java.util.concurrent.locks.AbstractQueuedSynchronizer$ConditionObject.await(AbstractQueuedSynchronizer.java:2039)
        at java.util.concurrent.ArrayBlockingQueue.take(ArrayBlockingQueue.java:403)
        at java.util.concurrent.ThreadPoolExecutor.getTask(ThreadPoolExecutor.java:1074)
        at java.util.concurrent.ThreadPoolExecutor.runWorker(ThreadPoolExecutor.java:1134)
        at java.util.concurrent.ThreadPoolExecutor$Worker.run(ThreadPoolExecutor.java:624)
        at java.lang.Thread.run(Thread.java:748)
"org.eclipse.jetty.server.session.HashSessionManager@24a298a6Timer" daemon prio=5 tid=146 timed_waiting
java.lang.Thread.State: TIMED_WAITING
        at sun.misc.Unsafe.park(Native Method)
        at java.util.concurrent.locks.LockSupport.parkNanos(LockSupport.java:215)
        at java.util.concurrent.locks.AbstractQueuedSynchronizer$ConditionObject.awaitNanos(AbstractQueuedSynchronizer.java:2078)
        at java.util.concurrent.ScheduledThreadPoolExecutor$DelayedWorkQueue.take(ScheduledThreadPoolExecutor.java:1093)
        at java.util.concurrent.ScheduledThreadPoolExecutor$DelayedWorkQueue.take(ScheduledThreadPoolExecutor.java:809)
        at java.util.concurrent.ThreadPoolExecutor.getTask(ThreadPoolExecutor.java:1074)
        at java.util.concurrent.ThreadPoolExecutor.runWorker(ThreadPoolExecutor.java:1134)
        at java.util.concurrent.ThreadPoolExecutor$Worker.run(ThreadPoolExecutor.java:624)
        at java.lang.Thread.run(Thread.java:748)
"pool-26-thread-60"  prio=5 tid=352 in Object.wait()
java.lang.Thread.State: WAITING (on object monitor)
        at sun.misc.Unsafe.park(Native Method)
        at java.util.concurrent.locks.LockSupport.park(LockSupport.java:175)
        at java.util.concurrent.locks.AbstractQueuedSynchronizer$ConditionObject.await(AbstractQueuedSynchronizer.java:2039)
        at java.util.concurrent.ArrayBlockingQueue.take(ArrayBlockingQueue.java:403)
        at java.util.concurrent.ThreadPoolExecutor.getTask(ThreadPoolExecutor.java:1074)
        at java.util.concurrent.ThreadPoolExecutor.runWorker(ThreadPoolExecutor.java:1134)
        at java.util.concurrent.ThreadPoolExecutor$Worker.run(ThreadPoolExecutor.java:624)
        at java.lang.Thread.run(Thread.java:748)
"IPC Server handler 8 on 45958" daemon prio=5 tid=37 timed_waiting
java.lang.Thread.State: TIMED_WAITING
        at sun.misc.Unsafe.park(Native Method)
        at java.util.concurrent.locks.LockSupport.parkNanos(LockSupport.java:215)
        at java.util.concurrent.locks.AbstractQueuedSynchronizer$ConditionObject.awaitNanos(AbstractQueuedSynchronizer.java:2078)
        at java.util.concurrent.LinkedBlockingQueue.poll(LinkedBlockingQueue.java:467)
        at org.apache.hadoop.ipc.CallQueueManager.take(CallQueueManager.java:288)
        at org.apache.hadoop.ipc.Server$Handler.run(Server.java:2668)
"pool-26-thread-51"  prio=5 tid=338 in Object.wait()
java.lang.Thread.State: WAITING (on object monitor)
        at sun.misc.Unsafe.park(Native Method)
        at java.util.concurrent.locks.LockSupport.park(LockSupport.java:175)
        at java.util.concurrent.locks.AbstractQueuedSynchronizer$ConditionObject.await(AbstractQueuedSynchronizer.java:2039)
        at java.util.concurrent.ArrayBlockingQueue.take(ArrayBlockingQueue.java:403)
        at java.util.concurrent.ThreadPoolExecutor.getTask(ThreadPoolExecutor.java:1074)
        at java.util.concurrent.ThreadPoolExecutor.runWorker(ThreadPoolExecutor.java:1134)
        at java.util.concurrent.ThreadPoolExecutor$Worker.run(ThreadPoolExecutor.java:624)
        at java.lang.Thread.run(Thread.java:748)
"pool-36-thread-37"  prio=5 tid=301 in Object.wait()
java.lang.Thread.State: WAITING (on object monitor)
        at sun.misc.Unsafe.park(Native Method)
        at java.util.concurrent.locks.LockSupport.park(LockSupport.java:175)
        at java.util.concurrent.locks.AbstractQueuedSynchronizer$ConditionObject.await(AbstractQueuedSynchronizer.java:2039)
        at java.util.concurrent.ArrayBlockingQueue.take(ArrayBlockingQueue.java:403)
        at java.util.concurrent.ThreadPoolExecutor.getTask(ThreadPoolExecutor.java:1074)
        at java.util.concurrent.ThreadPoolExecutor.runWorker(ThreadPoolExecutor.java:1134)
        at java.util.concurrent.ThreadPoolExecutor$Worker.run(ThreadPoolExecutor.java:624)
        at java.lang.Thread.run(Thread.java:748)
"org.eclipse.jetty.server.session.HashSessionManager@71a06021Timer" daemon prio=5 tid=221 timed_waiting
java.lang.Thread.State: TIMED_WAITING
        at sun.misc.Unsafe.park(Native Method)
        at java.util.concurrent.locks.LockSupport.parkNanos(LockSupport.java:215)
        at java.util.concurrent.locks.AbstractQueuedSynchronizer$ConditionObject.awaitNanos(AbstractQueuedSynchronizer.java:2078)
        at java.util.concurrent.ScheduledThreadPoolExecutor$DelayedWorkQueue.take(ScheduledThreadPoolExecutor.java:1093)
        at java.util.concurrent.ScheduledThreadPoolExecutor$DelayedWorkQueue.take(ScheduledThreadPoolExecutor.java:809)
        at java.util.concurrent.ThreadPoolExecutor.getTask(ThreadPoolExecutor.java:1074)
        at java.util.concurrent.ThreadPoolExecutor.runWorker(ThreadPoolExecutor.java:1134)
        at java.util.concurrent.ThreadPoolExecutor$Worker.run(ThreadPoolExecutor.java:624)
        at java.lang.Thread.run(Thread.java:748)
"Finalizer" daemon prio=8 tid=3 in Object.wait()
java.lang.Thread.State: WAITING (on object monitor)
        at java.lang.Object.wait(Native Method)
        at java.lang.ref.ReferenceQueue.remove(ReferenceQueue.java:144)
        at java.lang.ref.ReferenceQueue.remove(ReferenceQueue.java:165)
        at java.lang.ref.Finalizer$FinalizerThread.run(Finalizer.java:216)
"surefire-forkedjvm-ping-30s" daemon prio=5 tid=9 timed_waiting
java.lang.Thread.State: TIMED_WAITING
        at sun.misc.Unsafe.park(Native Method)
        at java.util.concurrent.locks.LockSupport.parkNanos(LockSupport.java:215)
        at java.util.concurrent.locks.AbstractQueuedSynchronizer$ConditionObject.awaitNanos(AbstractQueuedSynchronizer.java:2078)
        at java.util.concurrent.ScheduledThreadPoolExecutor$DelayedWorkQueue.take(ScheduledThreadPoolExecutor.java:1093)
        at java.util.concurrent.ScheduledThreadPoolExecutor$DelayedWorkQueue.take(ScheduledThreadPoolExecutor.java:809)
        at java.util.concurrent.ThreadPoolExecutor.getTask(ThreadPoolExecutor.java:1074)
        at java.util.concurrent.ThreadPoolExecutor.runWorker(ThreadPoolExecutor.java:1134)
        at java.util.concurrent.ThreadPoolExecutor$Worker.run(ThreadPoolExecutor.java:624)
        at java.lang.Thread.run(Thread.java:748)
"pool-36-thread-57"  prio=5 tid=341 in Object.wait()
java.lang.Thread.State: WAITING (on object monitor)
        at sun.misc.Unsafe.park(Native Method)
        at java.util.concurrent.locks.LockSupport.park(LockSupport.java:175)
        at java.util.concurrent.locks.AbstractQueuedSynchronizer$ConditionObject.await(AbstractQueuedSynchronizer.java:2039)
        at java.util.concurrent.ArrayBlockingQueue.take(ArrayBlockingQueue.java:403)
        at java.util.concurrent.ThreadPoolExecutor.getTask(ThreadPoolExecutor.java:1074)
        at java.util.concurrent.ThreadPoolExecutor.runWorker(ThreadPoolExecutor.java:1134)
        at java.util.concurrent.ThreadPoolExecutor$Worker.run(ThreadPoolExecutor.java:624)
        at java.lang.Thread.run(Thread.java:748)
"refreshUsed-/workdir/hadoop-ozone/integration-test/target/test-dir/MiniOzoneClusterImpl-5bbdf16d-a65b-4877-b412-d21df752c328/datanode-1/data/containers" daemon prio=5 tid=181 timed_waiting
java.lang.Thread.State: TIMED_WAITING
        at java.lang.Thread.sleep(Native Method)
        at org.apache.hadoop.fs.CachingGetSpaceUsed$RefreshThread.run(CachingGetSpaceUsed.java:179)
        at java.lang.Thread.run(Thread.java:748)
"pool-36-thread-15"  prio=5 tid=260 in Object.wait()
java.lang.Thread.State: WAITING (on object monitor)
        at sun.misc.Unsafe.park(Native Method)
        at java.util.concurrent.locks.LockSupport.park(LockSupport.java:175)
        at java.util.concurrent.locks.AbstractQueuedSynchronizer$ConditionObject.await(AbstractQueuedSynchronizer.java:2039)
        at java.util.concurrent.ArrayBlockingQueue.take(ArrayBlockingQueue.java:403)
        at java.util.concurrent.ThreadPoolExecutor.getTask(ThreadPoolExecutor.java:1074)
        at java.util.concurrent.ThreadPoolExecutor.runWorker(ThreadPoolExecutor.java:1134)
        at java.util.concurrent.ThreadPoolExecutor$Worker.run(ThreadPoolExecutor.java:624)
        at java.lang.Thread.run(Thread.java:748)
"org.eclipse.jetty.server.session.HashSessionManager@7df587efTimer" daemon prio=5 tid=97 timed_waiting
java.lang.Thread.State: TIMED_WAITING
        at sun.misc.Unsafe.park(Native Method)
        at java.util.concurrent.locks.LockSupport.parkNanos(LockSupport.java:215)
        at java.util.concurrent.locks.AbstractQueuedSynchronizer$ConditionObject.awaitNanos(AbstractQueuedSynchronizer.java:2078)
        at java.util.concurrent.ScheduledThreadPoolExecutor$DelayedWorkQueue.take(ScheduledThreadPoolExecutor.java:1093)
        at java.util.concurrent.ScheduledThreadPoolExecutor$DelayedWorkQueue.take(ScheduledThreadPoolExecutor.java:809)
        at java.util.concurrent.ThreadPoolExecutor.getTask(ThreadPoolExecutor.java:1074)
        at java.util.concurrent.ThreadPoolExecutor.runWorker(ThreadPoolExecutor.java:1134)
        at java.util.concurrent.ThreadPoolExecutor$Worker.run(ThreadPoolExecutor.java:624)
        at java.lang.Thread.run(Thread.java:748)
"pool-46-thread-36"  prio=5 tid=388 in Object.wait()
java.lang.Thread.State: WAITING (on object monitor)
        at sun.misc.Unsafe.park(Native Method)
        at java.util.concurrent.locks.LockSupport.park(LockSupport.java:175)
        at java.util.concurrent.locks.AbstractQueuedSynchronizer$ConditionObject.await(AbstractQueuedSynchronizer.java:2039)
        at java.util.concurrent.ArrayBlockingQueue.take(ArrayBlockingQueue.java:403)
        at java.util.concurrent.ThreadPoolExecutor.getTask(ThreadPoolExecutor.java:1074)
        at java.util.concurrent.ThreadPoolExecutor.runWorker(ThreadPoolExecutor.java:1134)
        at java.util.concurrent.ThreadPoolExecutor$Worker.run(ThreadPoolExecutor.java:624)
        at java.lang.Thread.run(Thread.java:748)
"pool-36-thread-16"  prio=5 tid=261 in Object.wait()
java.lang.Thread.State: WAITING (on object monitor)
        at sun.misc.Unsafe.park(Native Method)
        at java.util.concurrent.locks.LockSupport.park(LockSupport.java:175)
        at java.util.concurrent.locks.AbstractQueuedSynchronizer$ConditionObject.await(AbstractQueuedSynchronizer.java:2039)
        at java.util.concurrent.ArrayBlockingQueue.take(ArrayBlockingQueue.java:403)
        at java.util.concurrent.ThreadPoolExecutor.getTask(ThreadPoolExecutor.java:1074)
        at java.util.concurrent.ThreadPoolExecutor.runWorker(ThreadPoolExecutor.java:1134)
        at java.util.concurrent.ThreadPoolExecutor$Worker.run(ThreadPoolExecutor.java:624)
        at java.lang.Thread.run(Thread.java:748)
"pool-46-thread-15"  prio=5 tid=367 in Object.wait()
java.lang.Thread.State: WAITING (on object monitor)
        at sun.misc.Unsafe.park(Native Method)
        at java.util.concurrent.locks.LockSupport.park(LockSupport.java:175)
        at java.util.concurrent.locks.AbstractQueuedSynchronizer$ConditionObject.await(AbstractQueuedSynchronizer.java:2039)
        at java.util.concurrent.ArrayBlockingQueue.take(ArrayBlockingQueue.java:403)
        at java.util.concurrent.ThreadPoolExecutor.getTask(ThreadPoolExecutor.java:1074)
        at java.util.concurrent.ThreadPoolExecutor.runWorker(ThreadPoolExecutor.java:1134)
        at java.util.concurrent.ThreadPoolExecutor$Worker.run(ThreadPoolExecutor.java:624)
        at java.lang.Thread.run(Thread.java:748)
"pool-46-thread-26"  prio=5 tid=378 in Object.wait()
java.lang.Thread.State: WAITING (on object monitor)
        at sun.misc.Unsafe.park(Native Method)
        at java.util.concurrent.locks.LockSupport.park(LockSupport.java:175)
        at java.util.concurrent.locks.AbstractQueuedSynchronizer$ConditionObject.await(AbstractQueuedSynchronizer.java:2039)
        at java.util.concurrent.ArrayBlockingQueue.take(ArrayBlockingQueue.java:403)
        at java.util.concurrent.ThreadPoolExecutor.getTask(ThreadPoolExecutor.java:1074)
        at java.util.concurrent.ThreadPoolExecutor.runWorker(ThreadPoolExecutor.java:1134)
        at java.util.concurrent.ThreadPoolExecutor$Worker.run(ThreadPoolExecutor.java:624)
        at java.lang.Thread.run(Thread.java:748)
"pool-46-thread-10"  prio=5 tid=362 in Object.wait()
java.lang.Thread.State: WAITING (on object monitor)
        at sun.misc.Unsafe.park(Native Method)
        at java.util.concurrent.locks.LockSupport.park(LockSupport.java:175)
        at java.util.concurrent.locks.AbstractQueuedSynchronizer$ConditionObject.await(AbstractQueuedSynchronizer.java:2039)
        at java.util.concurrent.ArrayBlockingQueue.take(ArrayBlockingQueue.java:403)
        at java.util.concurrent.ThreadPoolExecutor.getTask(ThreadPoolExecutor.java:1074)
        at java.util.concurrent.ThreadPoolExecutor.runWorker(ThreadPoolExecutor.java:1134)
        at java.util.concurrent.ThreadPoolExecutor$Worker.run(ThreadPoolExecutor.java:624)
        at java.lang.Thread.run(Thread.java:748)
"pool-36-thread-11"  prio=5 tid=253 in Object.wait()
java.lang.Thread.State: WAITING (on object monitor)
        at sun.misc.Unsafe.park(Native Method)
        at java.util.concurrent.locks.LockSupport.park(LockSupport.java:175)
        at java.util.concurrent.locks.AbstractQueuedSynchronizer$ConditionObject.await(AbstractQueuedSynchronizer.java:2039)
        at java.util.concurrent.ArrayBlockingQueue.take(ArrayBlockingQueue.java:403)
        at java.util.concurrent.ThreadPoolExecutor.getTask(ThreadPoolExecutor.java:1074)
        at java.util.concurrent.ThreadPoolExecutor.runWorker(ThreadPoolExecutor.java:1134)
        at java.util.concurrent.ThreadPoolExecutor$Worker.run(ThreadPoolExecutor.java:624)
        at java.lang.Thread.run(Thread.java:748)
"metrics-hadoop-metrics2-reporter-32-thread-1" daemon prio=5 tid=590 timed_waiting
java.lang.Thread.State: TIMED_WAITING
        at sun.misc.Unsafe.park(Native Method)
        at java.util.concurrent.locks.LockSupport.parkNanos(LockSupport.java:215)
        at java.util.concurrent.locks.AbstractQueuedSynchronizer$ConditionObject.awaitNanos(AbstractQueuedSynchronizer.java:2078)
        at java.util.concurrent.ScheduledThreadPoolExecutor$DelayedWorkQueue.take(ScheduledThreadPoolExecutor.java:1093)
        at java.util.concurrent.ScheduledThreadPoolExecutor$DelayedWorkQueue.take(ScheduledThreadPoolExecutor.java:809)
        at java.util.concurrent.ThreadPoolExecutor.getTask(ThreadPoolExecutor.java:1074)
        at java.util.concurrent.ThreadPoolExecutor.runWorker(ThreadPoolExecutor.java:1134)
        at java.util.concurrent.ThreadPoolExecutor$Worker.run(ThreadPoolExecutor.java:624)
        at java.lang.Thread.run(Thread.java:748)
"BlockDeletingService#0" daemon prio=5 tid=416 timed_waiting
java.lang.Thread.State: TIMED_WAITING
        at sun.misc.Unsafe.park(Native Method)
        at java.util.concurrent.locks.LockSupport.parkNanos(LockSupport.java:215)
        at java.util.concurrent.locks.AbstractQueuedSynchronizer$ConditionObject.awaitNanos(AbstractQueuedSynchronizer.java:2078)
        at java.util.concurrent.ScheduledThreadPoolExecutor$DelayedWorkQueue.take(ScheduledThreadPoolExecutor.java:1093)
        at java.util.concurrent.ScheduledThreadPoolExecutor$DelayedWorkQueue.take(ScheduledThreadPoolExecutor.java:809)
        at java.util.concurrent.ThreadPoolExecutor.getTask(ThreadPoolExecutor.java:1074)
        at java.util.concurrent.ThreadPoolExecutor.runWorker(ThreadPoolExecutor.java:1134)
        at java.util.concurrent.ThreadPoolExecutor$Worker.run(ThreadPoolExecutor.java:624)
        at java.lang.Thread.run(Thread.java:748)
"pool-26-thread-45"  prio=5 tid=326 in Object.wait()
java.lang.Thread.State: WAITING (on object monitor)
        at sun.misc.Unsafe.park(Native Method)
        at java.util.concurrent.locks.LockSupport.park(LockSupport.java:175)
        at java.util.concurrent.locks.AbstractQueuedSynchronizer$ConditionObject.await(AbstractQueuedSynchronizer.java:2039)
        at java.util.concurrent.ArrayBlockingQueue.take(ArrayBlockingQueue.java:403)
        at java.util.concurrent.ThreadPoolExecutor.getTask(ThreadPoolExecutor.java:1074)
        at java.util.concurrent.ThreadPoolExecutor.runWorker(ThreadPoolExecutor.java:1134)
        at java.util.concurrent.ThreadPoolExecutor$Worker.run(ThreadPoolExecutor.java:624)
        at java.lang.Thread.run(Thread.java:748)
"IPC Server handler 1 on 35339" daemon prio=5 tid=115 timed_waiting
java.lang.Thread.State: TIMED_WAITING
        at sun.misc.Unsafe.park(Native Method)
        at java.util.concurrent.locks.LockSupport.parkNanos(LockSupport.java:215)
        at java.util.concurrent.locks.AbstractQueuedSynchronizer$ConditionObject.awaitNanos(AbstractQueuedSynchronizer.java:2078)
        at java.util.concurrent.LinkedBlockingQueue.poll(LinkedBlockingQueue.java:467)
        at org.apache.hadoop.ipc.CallQueueManager.take(CallQueueManager.java:288)
        at org.apache.hadoop.ipc.Server$Handler.run(Server.java:2668)
"pool-46-thread-31"  prio=5 tid=383 in Object.wait()
java.lang.Thread.State: WAITING (on object monitor)
        at sun.misc.Unsafe.park(Native Method)
        at java.util.concurrent.locks.LockSupport.park(LockSupport.java:175)
        at java.util.concurrent.locks.AbstractQueuedSynchronizer$ConditionObject.await(AbstractQueuedSynchronizer.java:2039)
        at java.util.concurrent.ArrayBlockingQueue.take(ArrayBlockingQueue.java:403)
        at java.util.concurrent.ThreadPoolExecutor.getTask(ThreadPoolExecutor.java:1074)
        at java.util.concurrent.ThreadPoolExecutor.runWorker(ThreadPoolExecutor.java:1134)
        at java.util.concurrent.ThreadPoolExecutor$Worker.run(ThreadPoolExecutor.java:624)
        at java.lang.Thread.run(Thread.java:748)
"pool-26-thread-50"  prio=5 tid=336 in Object.wait()
java.lang.Thread.State: WAITING (on object monitor)
        at sun.misc.Unsafe.park(Native Method)
        at java.util.concurrent.locks.LockSupport.park(LockSupport.java:175)
        at java.util.concurrent.locks.AbstractQueuedSynchronizer$ConditionObject.await(AbstractQueuedSynchronizer.java:2039)
        at java.util.concurrent.ArrayBlockingQueue.take(ArrayBlockingQueue.java:403)
        at java.util.concurrent.ThreadPoolExecutor.getTask(ThreadPoolExecutor.java:1074)
        at java.util.concurrent.ThreadPoolExecutor.runWorker(ThreadPoolExecutor.java:1134)
        at java.util.concurrent.ThreadPoolExecutor$Worker.run(ThreadPoolExecutor.java:624)
        at java.lang.Thread.run(Thread.java:748)
"pool-36-thread-8"  prio=5 tid=247 in Object.wait()
java.lang.Thread.State: WAITING (on object monitor)
        at sun.misc.Unsafe.park(Native Method)
        at java.util.concurrent.locks.LockSupport.park(LockSupport.java:175)
        at java.util.concurrent.locks.AbstractQueuedSynchronizer$ConditionObject.await(AbstractQueuedSynchronizer.java:2039)
        at java.util.concurrent.ArrayBlockingQueue.take(ArrayBlockingQueue.java:403)
        at java.util.concurrent.ThreadPoolExecutor.getTask(ThreadPoolExecutor.java:1074)
        at java.util.concurrent.ThreadPoolExecutor.runWorker(ThreadPoolExecutor.java:1134)
        at java.util.concurrent.ThreadPoolExecutor$Worker.run(ThreadPoolExecutor.java:624)
        at java.lang.Thread.run(Thread.java:748)
"pool-36-thread-31"  prio=5 tid=289 in Object.wait()
java.lang.Thread.State: WAITING (on object monitor)
        at sun.misc.Unsafe.park(Native Method)
        at java.util.concurrent.locks.LockSupport.park(LockSupport.java:175)
        at java.util.concurrent.locks.AbstractQueuedSynchronizer$ConditionObject.await(AbstractQueuedSynchronizer.java:2039)
        at java.util.concurrent.ArrayBlockingQueue.take(ArrayBlockingQueue.java:403)
        at java.util.concurrent.ThreadPoolExecutor.getTask(ThreadPoolExecutor.java:1074)
        at java.util.concurrent.ThreadPoolExecutor.runWorker(ThreadPoolExecutor.java:1134)
        at java.util.concurrent.ThreadPoolExecutor$Worker.run(ThreadPoolExecutor.java:624)
        at java.lang.Thread.run(Thread.java:748)
"qtp245298614-163" daemon prio=5 tid=163 timed_waiting
java.lang.Thread.State: TIMED_WAITING
        at sun.misc.Unsafe.park(Native Method)
        at java.util.concurrent.locks.LockSupport.parkNanos(LockSupport.java:215)
        at java.util.concurrent.locks.AbstractQueuedSynchronizer$ConditionObject.awaitNanos(AbstractQueuedSynchronizer.java:2078)
        at org.eclipse.jetty.util.BlockingArrayQueue.poll(BlockingArrayQueue.java:392)
        at org.eclipse.jetty.util.thread.QueuedThreadPool.idleJobPoll(QueuedThreadPool.java:563)
        at org.eclipse.jetty.util.thread.QueuedThreadPool.access$800(QueuedThreadPool.java:48)
        at org.eclipse.jetty.util.thread.QueuedThreadPool$2.run(QueuedThreadPool.java:626)
        at java.lang.Thread.run(Thread.java:748)
"EventQueue-ContainerReportForContainerReportHandler" daemon prio=5 tid=422 in Object.wait()
java.lang.Thread.State: WAITING (on object monitor)
        at sun.misc.Unsafe.park(Native Method)
        at java.util.concurrent.locks.LockSupport.park(LockSupport.java:175)
        at java.util.concurrent.locks.AbstractQueuedSynchronizer$ConditionObject.await(AbstractQueuedSynchronizer.java:2039)
        at java.util.concurrent.LinkedBlockingQueue.take(LinkedBlockingQueue.java:442)
        at java.util.concurrent.ThreadPoolExecutor.getTask(ThreadPoolExecutor.java:1074)
        at java.util.concurrent.ThreadPoolExecutor.runWorker(ThreadPoolExecutor.java:1134)
        at java.util.concurrent.ThreadPoolExecutor$Worker.run(ThreadPoolExecutor.java:624)
        at java.lang.Thread.run(Thread.java:748)
"IPC Server handler 17 on 45958" daemon prio=5 tid=46 timed_waiting
java.lang.Thread.State: TIMED_WAITING
        at sun.misc.Unsafe.park(Native Method)
        at java.util.concurrent.locks.LockSupport.parkNanos(LockSupport.java:215)
        at java.util.concurrent.locks.AbstractQueuedSynchronizer$ConditionObject.awaitNanos(AbstractQueuedSynchronizer.java:2078)
        at java.util.concurrent.LinkedBlockingQueue.poll(LinkedBlockingQueue.java:467)
        at org.apache.hadoop.ipc.CallQueueManager.take(CallQueueManager.java:288)
        at org.apache.hadoop.ipc.Server$Handler.run(Server.java:2668)
"pool-26-thread-21"  prio=5 tid=278 in Object.wait()
java.lang.Thread.State: WAITING (on object monitor)
        at sun.misc.Unsafe.park(Native Method)
        at java.util.concurrent.locks.LockSupport.park(LockSupport.java:175)
        at java.util.concurrent.locks.AbstractQueuedSynchronizer$ConditionObject.await(AbstractQueuedSynchronizer.java:2039)
        at java.util.concurrent.ArrayBlockingQueue.take(ArrayBlockingQueue.java:403)
        at java.util.concurrent.ThreadPoolExecutor.getTask(ThreadPoolExecutor.java:1074)
        at java.util.concurrent.ThreadPoolExecutor.runWorker(ThreadPoolExecutor.java:1134)
        at java.util.concurrent.ThreadPoolExecutor$Worker.run(ThreadPoolExecutor.java:624)
        at java.lang.Thread.run(Thread.java:748)
"pool-26-thread-47"  prio=5 tid=330 in Object.wait()
java.lang.Thread.State: WAITING (on object monitor)
        at sun.misc.Unsafe.park(Native Method)
        at java.util.concurrent.locks.LockSupport.park(LockSupport.java:175)
        at java.util.concurrent.locks.AbstractQueuedSynchronizer$ConditionObject.await(AbstractQueuedSynchronizer.java:2039)
        at java.util.concurrent.ArrayBlockingQueue.take(ArrayBlockingQueue.java:403)
        at java.util.concurrent.ThreadPoolExecutor.getTask(ThreadPoolExecutor.java:1074)
        at java.util.concurrent.ThreadPoolExecutor.runWorker(ThreadPoolExecutor.java:1134)
        at java.util.concurrent.ThreadPoolExecutor$Worker.run(ThreadPoolExecutor.java:624)
        at java.lang.Thread.run(Thread.java:748)
"grpc-default-executor-0" daemon prio=5 tid=430 runnable
java.lang.Thread.State: RUNNABLE
        at sun.nio.ch.FileDispatcherImpl.force0(Native Method)
        at sun.nio.ch.FileDispatcherImpl.force(FileDispatcherImpl.java:80)
        at sun.nio.ch.FileChannelImpl.force(FileChannelImpl.java:388)
        at org.apache.ratis.util.AtomicFileOutputStream.close(AtomicFileOutputStream.java:60)
        at org.apache.ratis.server.storage.MetaFile.writeFile(MetaFile.java:96)
        at org.apache.ratis.server.storage.MetaFile.set(MetaFile.java:75)
        at org.apache.ratis.server.raftlog.segmented.SegmentedRaftLog.writeMetadata(SegmentedRaftLog.java:473)
        at org.apache.ratis.server.impl.ServerState.persistMetadata(ServerState.java:231)
        at org.apache.ratis.server.impl.RaftServerImpl.requestVote(RaftServerImpl.java:788)
        at org.apache.ratis.server.impl.RaftServerImpl.requestVote(RaftServerImpl.java:754)
        at org.apache.ratis.server.impl.RaftServerProxy.requestVote(RaftServerProxy.java:443)
        at org.apache.ratis.grpc.server.GrpcServerProtocolService.requestVote(GrpcServerProtocolService.java:142)
        at org.apache.ratis.proto.grpc.RaftServerProtocolServiceGrpc$MethodHandlers.invoke(RaftServerProtocolServiceGrpc.java:319)
        at org.apache.ratis.thirdparty.io.grpc.stub.ServerCalls$UnaryServerCallHandler$UnaryServerCallListener.onHalfClose(ServerCalls.java:171)
        at org.apache.ratis.thirdparty.io.grpc.internal.ServerCallImpl$ServerStreamListenerImpl.halfClosed(ServerCallImpl.java:283)
        at org.apache.ratis.thirdparty.io.grpc.internal.ServerImpl$JumpToApplicationThreadServerStreamListener$1HalfClosed.runInContext(ServerImpl.java:710)
        at org.apache.ratis.thirdparty.io.grpc.internal.ContextRunnable.run(ContextRunnable.java:37)
        at org.apache.ratis.thirdparty.io.grpc.internal.SerializingExecutor.run(SerializingExecutor.java:123)
        at java.util.concurrent.ThreadPoolExecutor.runWorker(ThreadPoolExecutor.java:1149)
        at java.util.concurrent.ThreadPoolExecutor$Worker.run(ThreadPoolExecutor.java:624)
        at java.lang.Thread.run(Thread.java:748)
"metrics-hadoop-metrics2-reporter-12-thread-1" daemon prio=5 tid=462 timed_waiting
java.lang.Thread.State: TIMED_WAITING
        at sun.misc.Unsafe.park(Native Method)
        at java.util.concurrent.locks.LockSupport.parkNanos(LockSupport.java:215)
        at java.util.concurrent.locks.AbstractQueuedSynchronizer$ConditionObject.awaitNanos(AbstractQueuedSynchronizer.java:2078)
        at java.util.concurrent.ScheduledThreadPoolExecutor$DelayedWorkQueue.take(ScheduledThreadPoolExecutor.java:1093)
        at java.util.concurrent.ScheduledThreadPoolExecutor$DelayedWorkQueue.take(ScheduledThreadPoolExecutor.java:809)
        at java.util.concurrent.ThreadPoolExecutor.getTask(ThreadPoolExecutor.java:1074)
        at java.util.concurrent.ThreadPoolExecutor.runWorker(ThreadPoolExecutor.java:1134)
        at java.util.concurrent.ThreadPoolExecutor$Worker.run(ThreadPoolExecutor.java:624)
        at java.lang.Thread.run(Thread.java:748)
"pool-26-thread-56"  prio=5 tid=348 in Object.wait()
java.lang.Thread.State: WAITING (on object monitor)
        at sun.misc.Unsafe.park(Native Method)
        at java.util.concurrent.locks.LockSupport.park(LockSupport.java:175)
        at java.util.concurrent.locks.AbstractQueuedSynchronizer$ConditionObject.await(AbstractQueuedSynchronizer.java:2039)
        at java.util.concurrent.ArrayBlockingQueue.take(ArrayBlockingQueue.java:403)
        at java.util.concurrent.ThreadPoolExecutor.getTask(ThreadPoolExecutor.java:1074)
        at java.util.concurrent.ThreadPoolExecutor.runWorker(ThreadPoolExecutor.java:1134)
        at java.util.concurrent.ThreadPoolExecutor$Worker.run(ThreadPoolExecutor.java:624)
        at java.lang.Thread.run(Thread.java:748)
"pool-26-thread-28"  prio=5 tid=292 in Object.wait()
java.lang.Thread.State: WAITING (on object monitor)
        at sun.misc.Unsafe.park(Native Method)
        at java.util.concurrent.locks.LockSupport.park(LockSupport.java:175)
        at java.util.concurrent.locks.AbstractQueuedSynchronizer$ConditionObject.await(AbstractQueuedSynchronizer.java:2039)
        at java.util.concurrent.ArrayBlockingQueue.take(ArrayBlockingQueue.java:403)
        at java.util.concurrent.ThreadPoolExecutor.getTask(ThreadPoolExecutor.java:1074)
        at java.util.concurrent.ThreadPoolExecutor.runWorker(ThreadPoolExecutor.java:1134)
        at java.util.concurrent.ThreadPoolExecutor$Worker.run(ThreadPoolExecutor.java:624)
        at java.lang.Thread.run(Thread.java:748)
"qtp573136580-93" daemon prio=5 tid=93 timed_waiting
java.lang.Thread.State: TIMED_WAITING
        at sun.misc.Unsafe.park(Native Method)
        at java.util.concurrent.locks.LockSupport.parkNanos(LockSupport.java:215)
        at java.util.concurrent.locks.AbstractQueuedSynchronizer$ConditionObject.awaitNanos(AbstractQueuedSynchronizer.java:2078)
        at org.eclipse.jetty.util.BlockingArrayQueue.poll(BlockingArrayQueue.java:392)
        at org.eclipse.jetty.util.thread.QueuedThreadPool.idleJobPoll(QueuedThreadPool.java:563)
        at org.eclipse.jetty.util.thread.QueuedThreadPool.access$800(QueuedThreadPool.java:48)
        at org.eclipse.jetty.util.thread.QueuedThreadPool$2.run(QueuedThreadPool.java:626)
        at java.lang.Thread.run(Thread.java:748)
"qtp245298614-165" daemon prio=5 tid=165 timed_waiting
java.lang.Thread.State: TIMED_WAITING
        at sun.misc.Unsafe.park(Native Method)
        at java.util.concurrent.locks.LockSupport.parkNanos(LockSupport.java:215)
        at java.util.concurrent.locks.AbstractQueuedSynchronizer$ConditionObject.awaitNanos(AbstractQueuedSynchronizer.java:2078)
        at org.eclipse.jetty.util.BlockingArrayQueue.poll(BlockingArrayQueue.java:392)
        at org.eclipse.jetty.util.thread.QueuedThreadPool.idleJobPoll(QueuedThreadPool.java:563)
        at org.eclipse.jetty.util.thread.QueuedThreadPool.access$800(QueuedThreadPool.java:48)
        at org.eclipse.jetty.util.thread.QueuedThreadPool$2.run(QueuedThreadPool.java:626)
        at java.lang.Thread.run(Thread.java:748)
"metrics-hadoop-metrics2-reporter-14-thread-1" daemon prio=5 tid=472 timed_waiting
java.lang.Thread.State: TIMED_WAITING
        at sun.misc.Unsafe.park(Native Method)
        at java.util.concurrent.locks.LockSupport.parkNanos(LockSupport.java:215)
        at java.util.concurrent.locks.AbstractQueuedSynchronizer$ConditionObject.awaitNanos(AbstractQueuedSynchronizer.java:2078)
        at java.util.concurrent.ScheduledThreadPoolExecutor$DelayedWorkQueue.take(ScheduledThreadPoolExecutor.java:1093)
        at java.util.concurrent.ScheduledThreadPoolExecutor$DelayedWorkQueue.take(ScheduledThreadPoolExecutor.java:809)
        at java.util.concurrent.ThreadPoolExecutor.getTask(ThreadPoolExecutor.java:1074)
        at java.util.concurrent.ThreadPoolExecutor.runWorker(ThreadPoolExecutor.java:1134)
        at java.util.concurrent.ThreadPoolExecutor$Worker.run(ThreadPoolExecutor.java:624)
        at java.lang.Thread.run(Thread.java:748)
"BlockDeletingService#0" daemon prio=5 tid=415 timed_waiting
java.lang.Thread.State: TIMED_WAITING
        at sun.misc.Unsafe.park(Native Method)
        at java.util.concurrent.locks.LockSupport.parkNanos(LockSupport.java:215)
        at java.util.concurrent.locks.AbstractQueuedSynchronizer$ConditionObject.awaitNanos(AbstractQueuedSynchronizer.java:2078)
        at java.util.concurrent.ScheduledThreadPoolExecutor$DelayedWorkQueue.take(ScheduledThreadPoolExecutor.java:1093)
        at java.util.concurrent.ScheduledThreadPoolExecutor$DelayedWorkQueue.take(ScheduledThreadPoolExecutor.java:809)
        at java.util.concurrent.ThreadPoolExecutor.getTask(ThreadPoolExecutor.java:1074)
        at java.util.concurrent.ThreadPoolExecutor.runWorker(ThreadPoolExecutor.java:1134)
        at java.util.concurrent.ThreadPoolExecutor$Worker.run(ThreadPoolExecutor.java:624)
        at java.lang.Thread.run(Thread.java:748)
"pool-36-thread-32"  prio=5 tid=291 in Object.wait()
java.lang.Thread.State: WAITING (on object monitor)
        at sun.misc.Unsafe.park(Native Method)
        at java.util.concurrent.locks.LockSupport.park(LockSupport.java:175)
        at java.util.concurrent.locks.AbstractQueuedSynchronizer$ConditionObject.await(AbstractQueuedSynchronizer.java:2039)
        at java.util.concurrent.ArrayBlockingQueue.take(ArrayBlockingQueue.java:403)
        at java.util.concurrent.ThreadPoolExecutor.getTask(ThreadPoolExecutor.java:1074)
        at java.util.concurrent.ThreadPoolExecutor.runWorker(ThreadPoolExecutor.java:1134)
        at java.util.concurrent.ThreadPoolExecutor$Worker.run(ThreadPoolExecutor.java:624)
        at java.lang.Thread.run(Thread.java:748)
"52743044-8979-4a08-8013-92a14c548982@group-146C50BE7901-LeaderElection250-1" daemon prio=5 tid=2265 in Object.wait()
java.lang.Thread.State: WAITING (on object monitor)
        at sun.misc.Unsafe.park(Native Method)
        at java.util.concurrent.locks.LockSupport.park(LockSupport.java:175)
        at java.util.concurrent.locks.AbstractQueuedSynchronizer$ConditionObject.await(AbstractQueuedSynchronizer.java:2039)
        at java.util.concurrent.LinkedBlockingQueue.take(LinkedBlockingQueue.java:442)
        at org.apache.ratis.thirdparty.io.grpc.stub.ClientCalls$ThreadlessExecutor.waitAndDrain(ClientCalls.java:642)
        at org.apache.ratis.thirdparty.io.grpc.stub.ClientCalls.blockingUnaryCall(ClientCalls.java:130)
        at org.apache.ratis.proto.grpc.RaftServerProtocolServiceGrpc$RaftServerProtocolServiceBlockingStub.requestVote(RaftServerProtocolServiceGrpc.java:265)
        at org.apache.ratis.grpc.server.GrpcServerProtocolClient.requestVote(GrpcServerProtocolClient.java:99)
        at org.apache.ratis.grpc.server.GrpcService.requestVote(GrpcService.java:204)
        at org.apache.ratis.server.impl.LeaderElection.lambda$submitRequests$1(LeaderElection.java:234)
        at org.apache.ratis.server.impl.LeaderElection$$Lambda$383/142902806.call(Unknown Source)
        at java.util.concurrent.FutureTask.run(FutureTask.java:266)
        at java.util.concurrent.Executors$RunnableAdapter.call(Executors.java:511)
        at java.util.concurrent.FutureTask.run(FutureTask.java:266)
        at java.util.concurrent.ThreadPoolExecutor.runWorker(ThreadPoolExecutor.java:1149)
        at java.util.concurrent.ThreadPoolExecutor$Worker.run(ThreadPoolExecutor.java:624)
        at java.lang.Thread.run(Thread.java:748)
"IPC Server handler 19 on 45958" daemon prio=5 tid=48 timed_waiting
java.lang.Thread.State: TIMED_WAITING
        at sun.misc.Unsafe.park(Native Method)
        at java.util.concurrent.locks.LockSupport.parkNanos(LockSupport.java:215)
        at java.util.concurrent.locks.AbstractQueuedSynchronizer$ConditionObject.awaitNanos(AbstractQueuedSynchronizer.java:2078)
        at java.util.concurrent.LinkedBlockingQueue.poll(LinkedBlockingQueue.java:467)
        at org.apache.hadoop.ipc.CallQueueManager.take(CallQueueManager.java:288)
        at org.apache.hadoop.ipc.Server$Handler.run(Server.java:2668)
"IPC Server handler 16 on 45958" daemon prio=5 tid=45 timed_waiting
java.lang.Thread.State: TIMED_WAITING
        at sun.misc.Unsafe.park(Native Method)
        at java.util.concurrent.locks.LockSupport.parkNanos(LockSupport.java:215)
        at java.util.concurrent.locks.AbstractQueuedSynchronizer$ConditionObject.awaitNanos(AbstractQueuedSynchronizer.java:2078)
        at java.util.concurrent.LinkedBlockingQueue.poll(LinkedBlockingQueue.java:467)
        at org.apache.hadoop.ipc.CallQueueManager.take(CallQueueManager.java:288)
        at org.apache.hadoop.ipc.Server$Handler.run(Server.java:2668)
"IPC Server handler 19 on 46440" daemon prio=5 tid=68 timed_waiting
java.lang.Thread.State: TIMED_WAITING
        at sun.misc.Unsafe.park(Native Method)
        at java.util.concurrent.locks.LockSupport.parkNanos(LockSupport.java:215)
        at java.util.concurrent.locks.AbstractQueuedSynchronizer$ConditionObject.awaitNanos(AbstractQueuedSynchronizer.java:2078)
        at java.util.concurrent.LinkedBlockingQueue.poll(LinkedBlockingQueue.java:467)
        at org.apache.hadoop.ipc.CallQueueManager.take(CallQueueManager.java:288)
        at org.apache.hadoop.ipc.Server$Handler.run(Server.java:2668)
"pool-46-thread-59"  prio=5 tid=411 in Object.wait()
java.lang.Thread.State: WAITING (on object monitor)
        at sun.misc.Unsafe.park(Native Method)
        at java.util.concurrent.locks.LockSupport.park(LockSupport.java:175)
        at java.util.concurrent.locks.AbstractQueuedSynchronizer$ConditionObject.await(AbstractQueuedSynchronizer.java:2039)
        at java.util.concurrent.ArrayBlockingQueue.take(ArrayBlockingQueue.java:403)
        at java.util.concurrent.ThreadPoolExecutor.getTask(ThreadPoolExecutor.java:1074)
        at java.util.concurrent.ThreadPoolExecutor.runWorker(ThreadPoolExecutor.java:1134)
        at java.util.concurrent.ThreadPoolExecutor$Worker.run(ThreadPoolExecutor.java:624)
        at java.lang.Thread.run(Thread.java:748)
"Datanode ReportManager Thread - 1" daemon prio=5 tid=226 in Object.wait()
java.lang.Thread.State: WAITING (on object monitor)
        at sun.misc.Unsafe.park(Native Method)
        at java.util.concurrent.locks.LockSupport.park(LockSupport.java:175)
        at java.util.concurrent.locks.AbstractQueuedSynchronizer$ConditionObject.await(AbstractQueuedSynchronizer.java:2039)
        at java.util.concurrent.ScheduledThreadPoolExecutor$DelayedWorkQueue.take(ScheduledThreadPoolExecutor.java:1088)
        at java.util.concurrent.ScheduledThreadPoolExecutor$DelayedWorkQueue.take(ScheduledThreadPoolExecutor.java:809)
        at java.util.concurrent.ThreadPoolExecutor.getTask(ThreadPoolExecutor.java:1074)
        at java.util.concurrent.ThreadPoolExecutor.runWorker(ThreadPoolExecutor.java:1134)
        at java.util.concurrent.ThreadPoolExecutor$Worker.run(ThreadPoolExecutor.java:624)
        at java.lang.Thread.run(Thread.java:748)
"pool-36-thread-39"  prio=5 tid=305 in Object.wait()
java.lang.Thread.State: WAITING (on object monitor)
        at sun.misc.Unsafe.park(Native Method)
        at java.util.concurrent.locks.LockSupport.park(LockSupport.java:175)
        at java.util.concurrent.locks.AbstractQueuedSynchronizer$ConditionObject.await(AbstractQueuedSynchronizer.java:2039)
        at java.util.concurrent.ArrayBlockingQueue.take(ArrayBlockingQueue.java:403)
        at java.util.concurrent.ThreadPoolExecutor.getTask(ThreadPoolExecutor.java:1074)
        at java.util.concurrent.ThreadPoolExecutor.runWorker(ThreadPoolExecutor.java:1134)
        at java.util.concurrent.ThreadPoolExecutor$Worker.run(ThreadPoolExecutor.java:624)
        at java.lang.Thread.run(Thread.java:748)
"qtp498748934-189" daemon prio=5 tid=189 timed_waiting
java.lang.Thread.State: TIMED_WAITING
        at sun.misc.Unsafe.park(Native Method)
        at java.util.concurrent.locks.LockSupport.parkNanos(LockSupport.java:215)
        at java.util.concurrent.locks.AbstractQueuedSynchronizer$ConditionObject.awaitNanos(AbstractQueuedSynchronizer.java:2078)
        at org.eclipse.jetty.util.BlockingArrayQueue.poll(BlockingArrayQueue.java:392)
        at org.eclipse.jetty.util.thread.QueuedThreadPool.idleJobPoll(QueuedThreadPool.java:563)
        at org.eclipse.jetty.util.thread.QueuedThreadPool.access$800(QueuedThreadPool.java:48)
        at org.eclipse.jetty.util.thread.QueuedThreadPool$2.run(QueuedThreadPool.java:626)
        at java.lang.Thread.run(Thread.java:748)
"EventQueue-NodeRegistrationContainerReportForContainerSafeModeRule" daemon prio=5 tid=424 in Object.wait()
java.lang.Thread.State: WAITING (on object monitor)
        at sun.misc.Unsafe.park(Native Method)
        at java.util.concurrent.locks.LockSupport.park(LockSupport.java:175)
        at java.util.concurrent.locks.AbstractQueuedSynchronizer$ConditionObject.await(AbstractQueuedSynchronizer.java:2039)
        at java.util.concurrent.LinkedBlockingQueue.take(LinkedBlockingQueue.java:442)
        at java.util.concurrent.ThreadPoolExecutor.getTask(ThreadPoolExecutor.java:1074)
        at java.util.concurrent.ThreadPoolExecutor.runWorker(ThreadPoolExecutor.java:1134)
        at java.util.concurrent.ThreadPoolExecutor$Worker.run(ThreadPoolExecutor.java:624)
        at java.lang.Thread.run(Thread.java:748)
"IPC Server Responder" daemon prio=5 tid=21 runnable
java.lang.Thread.State: RUNNABLE
        at sun.nio.ch.EPollArrayWrapper.epollWait(Native Method)
        at sun.nio.ch.EPollArrayWrapper.poll(EPollArrayWrapper.java:269)
        at sun.nio.ch.EPollSelectorImpl.doSelect(EPollSelectorImpl.java:93)
        at sun.nio.ch.SelectorImpl.lockAndDoSelect(SelectorImpl.java:86)
        at sun.nio.ch.SelectorImpl.select(SelectorImpl.java:97)
        at org.apache.hadoop.ipc.Server$Responder.doRunLoop(Server.java:1334)
        at org.apache.hadoop.ipc.Server$Responder.run(Server.java:1317)
"pool-46-thread-58"  prio=5 tid=410 in Object.wait()
java.lang.Thread.State: WAITING (on object monitor)
        at sun.misc.Unsafe.park(Native Method)
        at java.util.concurrent.locks.LockSupport.park(LockSupport.java:175)
        at java.util.concurrent.locks.AbstractQueuedSynchronizer$ConditionObject.await(AbstractQueuedSynchronizer.java:2039)
        at java.util.concurrent.ArrayBlockingQueue.take(ArrayBlockingQueue.java:403)
        at java.util.concurrent.ThreadPoolExecutor.getTask(ThreadPoolExecutor.java:1074)
        at java.util.concurrent.ThreadPoolExecutor.runWorker(ThreadPoolExecutor.java:1134)
        at java.util.concurrent.ThreadPoolExecutor$Worker.run(ThreadPoolExecutor.java:624)
        at java.lang.Thread.run(Thread.java:748)
"pool-26-thread-17"  prio=5 tid=270 in Object.wait()
java.lang.Thread.State: WAITING (on object monitor)
        at sun.misc.Unsafe.park(Native Method)
        at java.util.concurrent.locks.LockSupport.park(LockSupport.java:175)
        at java.util.concurrent.locks.AbstractQueuedSynchronizer$ConditionObject.await(AbstractQueuedSynchronizer.java:2039)
        at java.util.concurrent.ArrayBlockingQueue.take(ArrayBlockingQueue.java:403)
        at java.util.concurrent.ThreadPoolExecutor.getTask(ThreadPoolExecutor.java:1074)
        at java.util.concurrent.ThreadPoolExecutor.runWorker(ThreadPoolExecutor.java:1134)
        at java.util.concurrent.ThreadPoolExecutor$Worker.run(ThreadPoolExecutor.java:624)
        at java.lang.Thread.run(Thread.java:748)
"IPC Server handler 2 on 45958" daemon prio=5 tid=31 timed_waiting
java.lang.Thread.State: TIMED_WAITING
        at sun.misc.Unsafe.park(Native Method)
        at java.util.concurrent.locks.LockSupport.parkNanos(LockSupport.java:215)
        at java.util.concurrent.locks.AbstractQueuedSynchronizer$ConditionObject.awaitNanos(AbstractQueuedSynchronizer.java:2078)
        at java.util.concurrent.LinkedBlockingQueue.poll(LinkedBlockingQueue.java:467)
        at org.apache.hadoop.ipc.CallQueueManager.take(CallQueueManager.java:288)
        at org.apache.hadoop.ipc.Server$Handler.run(Server.java:2668)
"pool-26-thread-57"  prio=5 tid=349 in Object.wait()
java.lang.Thread.State: WAITING (on object monitor)
        at sun.misc.Unsafe.park(Native Method)
        at java.util.concurrent.locks.LockSupport.park(LockSupport.java:175)
        at java.util.concurrent.locks.AbstractQueuedSynchronizer$ConditionObject.await(AbstractQueuedSynchronizer.java:2039)
        at java.util.concurrent.ArrayBlockingQueue.take(ArrayBlockingQueue.java:403)
        at java.util.concurrent.ThreadPoolExecutor.getTask(ThreadPoolExecutor.java:1074)
        at java.util.concurrent.ThreadPoolExecutor.runWorker(ThreadPoolExecutor.java:1134)
        at java.util.concurrent.ThreadPoolExecutor$Worker.run(ThreadPoolExecutor.java:624)
        at java.lang.Thread.run(Thread.java:748)
"KeyDeletingService#0" daemon prio=5 tid=113 timed_waiting
java.lang.Thread.State: TIMED_WAITING
        at sun.misc.Unsafe.park(Native Method)
        at java.util.concurrent.locks.LockSupport.parkNanos(LockSupport.java:215)
        at java.util.concurrent.locks.AbstractQueuedSynchronizer$ConditionObject.awaitNanos(AbstractQueuedSynchronizer.java:2078)
        at java.util.concurrent.ScheduledThreadPoolExecutor$DelayedWorkQueue.take(ScheduledThreadPoolExecutor.java:1093)
        at java.util.concurrent.ScheduledThreadPoolExecutor$DelayedWorkQueue.take(ScheduledThreadPoolExecutor.java:809)
        at java.util.concurrent.ThreadPoolExecutor.getTask(ThreadPoolExecutor.java:1074)
        at java.util.concurrent.ThreadPoolExecutor.runWorker(ThreadPoolExecutor.java:1134)
        at java.util.concurrent.ThreadPoolExecutor$Worker.run(ThreadPoolExecutor.java:624)
        at java.lang.Thread.run(Thread.java:748)
"prometheus" daemon prio=5 tid=100 in Object.wait()
java.lang.Thread.State: WAITING (on object monitor)
        at java.lang.Object.wait(Native Method)
        at java.lang.Object.wait(Object.java:502)
        at org.apache.hadoop.metrics2.impl.SinkQueue.waitForData(SinkQueue.java:114)
        at org.apache.hadoop.metrics2.impl.SinkQueue.consumeAll(SinkQueue.java:83)
        at org.apache.hadoop.metrics2.impl.MetricsSinkAdapter.publishMetricsFromQueue(MetricsSinkAdapter.java:135)
        at org.apache.hadoop.metrics2.impl.MetricsSinkAdapter$1.run(MetricsSinkAdapter.java:89)
"IPC Server Responder" daemon prio=5 tid=17 runnable
java.lang.Thread.State: RUNNABLE
        at sun.nio.ch.EPollArrayWrapper.epollWait(Native Method)
        at sun.nio.ch.EPollArrayWrapper.poll(EPollArrayWrapper.java:269)
        at sun.nio.ch.EPollSelectorImpl.doSelect(EPollSelectorImpl.java:93)
        at sun.nio.ch.SelectorImpl.lockAndDoSelect(SelectorImpl.java:86)
        at sun.nio.ch.SelectorImpl.select(SelectorImpl.java:97)
        at org.apache.hadoop.ipc.Server$Responder.doRunLoop(Server.java:1334)
        at org.apache.hadoop.ipc.Server$Responder.run(Server.java:1317)
"pool-46-thread-56"  prio=5 tid=408 in Object.wait()
java.lang.Thread.State: WAITING (on object monitor)
        at sun.misc.Unsafe.park(Native Method)
        at java.util.concurrent.locks.LockSupport.park(LockSupport.java:175)
        at java.util.concurrent.locks.AbstractQueuedSynchronizer$ConditionObject.await(AbstractQueuedSynchronizer.java:2039)
        at java.util.concurrent.ArrayBlockingQueue.take(ArrayBlockingQueue.java:403)
        at java.util.concurrent.ThreadPoolExecutor.getTask(ThreadPoolExecutor.java:1074)
        at java.util.concurrent.ThreadPoolExecutor.runWorker(ThreadPoolExecutor.java:1134)
        at java.util.concurrent.ThreadPoolExecutor$Worker.run(ThreadPoolExecutor.java:624)
        at java.lang.Thread.run(Thread.java:748)
"pool-26-thread-30"  prio=5 tid=296 in Object.wait()
java.lang.Thread.State: WAITING (on object monitor)
        at sun.misc.Unsafe.park(Native Method)
        at java.util.concurrent.locks.LockSupport.park(LockSupport.java:175)
        at java.util.concurrent.locks.AbstractQueuedSynchronizer$ConditionObject.await(AbstractQueuedSynchronizer.java:2039)
        at java.util.concurrent.ArrayBlockingQueue.take(ArrayBlockingQueue.java:403)
        at java.util.concurrent.ThreadPoolExecutor.getTask(ThreadPoolExecutor.java:1074)
        at java.util.concurrent.ThreadPoolExecutor.runWorker(ThreadPoolExecutor.java:1134)
        at java.util.concurrent.ThreadPoolExecutor$Worker.run(ThreadPoolExecutor.java:624)
        at java.lang.Thread.run(Thread.java:748)
"pool-26-thread-38"  prio=5 tid=312 in Object.wait()
java.lang.Thread.State: WAITING (on object monitor)
        at sun.misc.Unsafe.park(Native Method)
        at java.util.concurrent.locks.LockSupport.park(LockSupport.java:175)
        at java.util.concurrent.locks.AbstractQueuedSynchronizer$ConditionObject.await(AbstractQueuedSynchronizer.java:2039)
        at java.util.concurrent.ArrayBlockingQueue.take(ArrayBlockingQueue.java:403)
        at java.util.concurrent.ThreadPoolExecutor.getTask(ThreadPoolExecutor.java:1074)
        at java.util.concurrent.ThreadPoolExecutor.runWorker(ThreadPoolExecutor.java:1134)
        at java.util.concurrent.ThreadPoolExecutor$Worker.run(ThreadPoolExecutor.java:624)
        at java.lang.Thread.run(Thread.java:748)
"IPC Server handler 8 on 46440" daemon prio=5 tid=57 timed_waiting
java.lang.Thread.State: TIMED_WAITING
        at sun.misc.Unsafe.park(Native Method)
        at java.util.concurrent.locks.LockSupport.parkNanos(LockSupport.java:215)
        at java.util.concurrent.locks.AbstractQueuedSynchronizer$ConditionObject.awaitNanos(AbstractQueuedSynchronizer.java:2078)
        at java.util.concurrent.LinkedBlockingQueue.poll(LinkedBlockingQueue.java:467)
        at org.apache.hadoop.ipc.CallQueueManager.take(CallQueueManager.java:288)
        at org.apache.hadoop.ipc.Server$Handler.run(Server.java:2668)
"IPC Server handler 13 on 45958" daemon prio=5 tid=42 timed_waiting
java.lang.Thread.State: TIMED_WAITING
        at sun.misc.Unsafe.park(Native Method)
        at java.util.concurrent.locks.LockSupport.parkNanos(LockSupport.java:215)
        at java.util.concurrent.locks.AbstractQueuedSynchronizer$ConditionObject.awaitNanos(AbstractQueuedSynchronizer.java:2078)
        at java.util.concurrent.LinkedBlockingQueue.poll(LinkedBlockingQueue.java:467)
        at org.apache.hadoop.ipc.CallQueueManager.take(CallQueueManager.java:288)
        at org.apache.hadoop.ipc.Server$Handler.run(Server.java:2668)
"qtp245298614-161" daemon prio=5 tid=161 timed_waiting
java.lang.Thread.State: TIMED_WAITING
        at sun.misc.Unsafe.park(Native Method)
        at java.util.concurrent.locks.LockSupport.parkNanos(LockSupport.java:215)
        at java.util.concurrent.locks.AbstractQueuedSynchronizer$ConditionObject.awaitNanos(AbstractQueuedSynchronizer.java:2078)
        at org.eclipse.jetty.util.BlockingArrayQueue.poll(BlockingArrayQueue.java:392)
        at org.eclipse.jetty.util.thread.QueuedThreadPool.idleJobPoll(QueuedThreadPool.java:563)
        at org.eclipse.jetty.util.thread.QueuedThreadPool.access$800(QueuedThreadPool.java:48)
        at org.eclipse.jetty.util.thread.QueuedThreadPool$2.run(QueuedThreadPool.java:626)
        at java.lang.Thread.run(Thread.java:748)
"qtp573136580-90-acceptor-0@340505c9-ServerConnector@21ca139c{HTTP/1.1,[http/1.1]}{0.0.0.0:39464}" daemon prio=3 tid=90 runnable
java.lang.Thread.State: RUNNABLE
        at sun.nio.ch.ServerSocketChannelImpl.accept0(Native Method)
        at sun.nio.ch.ServerSocketChannelImpl.accept(ServerSocketChannelImpl.java:422)
        at sun.nio.ch.ServerSocketChannelImpl.accept(ServerSocketChannelImpl.java:250)
        at org.eclipse.jetty.server.ServerConnector.accept(ServerConnector.java:397)
        at org.eclipse.jetty.server.AbstractConnector$Acceptor.run(AbstractConnector.java:601)
        at org.eclipse.jetty.util.thread.QueuedThreadPool.runJob(QueuedThreadPool.java:671)
        at org.eclipse.jetty.util.thread.QueuedThreadPool$2.run(QueuedThreadPool.java:589)
        at java.lang.Thread.run(Thread.java:748)
"IPC Server handler 15 on 46440" daemon prio=5 tid=64 timed_waiting
java.lang.Thread.State: TIMED_WAITING
        at sun.misc.Unsafe.park(Native Method)
        at java.util.concurrent.locks.LockSupport.parkNanos(LockSupport.java:215)
        at java.util.concurrent.locks.AbstractQueuedSynchronizer$ConditionObject.awaitNanos(AbstractQueuedSynchronizer.java:2078)
        at java.util.concurrent.LinkedBlockingQueue.poll(LinkedBlockingQueue.java:467)
        at org.apache.hadoop.ipc.CallQueueManager.take(CallQueueManager.java:288)
        at org.apache.hadoop.ipc.Server$Handler.run(Server.java:2668)
"pool-50-thread-1"  prio=5 tid=212 timed_waiting
java.lang.Thread.State: TIMED_WAITING
        at sun.misc.Unsafe.park(Native Method)
        at java.util.concurrent.locks.LockSupport.parkNanos(LockSupport.java:215)
        at java.util.concurrent.locks.AbstractQueuedSynchronizer$ConditionObject.awaitNanos(AbstractQueuedSynchronizer.java:2078)
        at java.util.concurrent.ScheduledThreadPoolExecutor$DelayedWorkQueue.take(ScheduledThreadPoolExecutor.java:1093)
        at java.util.concurrent.ScheduledThreadPoolExecutor$DelayedWorkQueue.take(ScheduledThreadPoolExecutor.java:809)
        at java.util.concurrent.ThreadPoolExecutor.getTask(ThreadPoolExecutor.java:1074)
        at java.util.concurrent.ThreadPoolExecutor.runWorker(ThreadPoolExecutor.java:1134)
        at java.util.concurrent.ThreadPoolExecutor$Worker.run(ThreadPoolExecutor.java:624)
        at java.lang.Thread.run(Thread.java:748)
"pool-34-thread-1" daemon prio=5 tid=183 timed_waiting
java.lang.Thread.State: TIMED_WAITING
        at sun.misc.Unsafe.park(Native Method)
        at java.util.concurrent.locks.LockSupport.parkNanos(LockSupport.java:215)
        at java.util.concurrent.locks.AbstractQueuedSynchronizer$ConditionObject.awaitNanos(AbstractQueuedSynchronizer.java:2078)
        at java.util.concurrent.ScheduledThreadPoolExecutor$DelayedWorkQueue.take(ScheduledThreadPoolExecutor.java:1093)
        at java.util.concurrent.ScheduledThreadPoolExecutor$DelayedWorkQueue.take(ScheduledThreadPoolExecutor.java:809)
        at java.util.concurrent.ThreadPoolExecutor.getTask(ThreadPoolExecutor.java:1074)
        at java.util.concurrent.ThreadPoolExecutor.runWorker(ThreadPoolExecutor.java:1134)
        at java.util.concurrent.ThreadPoolExecutor$Worker.run(ThreadPoolExecutor.java:624)
        at java.lang.Thread.run(Thread.java:748)
"pool-21-thread-1"  prio=5 tid=135 timed_waiting
java.lang.Thread.State: TIMED_WAITING
        at sun.misc.Unsafe.park(Native Method)
        at java.util.concurrent.locks.LockSupport.parkNanos(LockSupport.java:215)
        at java.util.concurrent.locks.AbstractQueuedSynchronizer$ConditionObject.awaitNanos(AbstractQueuedSynchronizer.java:2078)
        at java.util.concurrent.ScheduledThreadPoolExecutor$DelayedWorkQueue.take(ScheduledThreadPoolExecutor.java:1093)
        at java.util.concurrent.ScheduledThreadPoolExecutor$DelayedWorkQueue.take(ScheduledThreadPoolExecutor.java:809)
        at java.util.concurrent.ThreadPoolExecutor.getTask(ThreadPoolExecutor.java:1074)
        at java.util.concurrent.ThreadPoolExecutor.runWorker(ThreadPoolExecutor.java:1134)
        at java.util.concurrent.ThreadPoolExecutor$Worker.run(ThreadPoolExecutor.java:624)
        at java.lang.Thread.run(Thread.java:748)
"pool-26-thread-53"  prio=5 tid=342 in Object.wait()
java.lang.Thread.State: WAITING (on object monitor)
        at sun.misc.Unsafe.park(Native Method)
        at java.util.concurrent.locks.LockSupport.park(LockSupport.java:175)
        at java.util.concurrent.locks.AbstractQueuedSynchronizer$ConditionObject.await(AbstractQueuedSynchronizer.java:2039)
        at java.util.concurrent.ArrayBlockingQueue.take(ArrayBlockingQueue.java:403)
        at java.util.concurrent.ThreadPoolExecutor.getTask(ThreadPoolExecutor.java:1074)
        at java.util.concurrent.ThreadPoolExecutor.runWorker(ThreadPoolExecutor.java:1134)
        at java.util.concurrent.ThreadPoolExecutor$Worker.run(ThreadPoolExecutor.java:624)
        at java.lang.Thread.run(Thread.java:748)
"pool-46-thread-16"  prio=5 tid=368 in Object.wait()
java.lang.Thread.State: WAITING (on object monitor)
        at sun.misc.Unsafe.park(Native Method)
        at java.util.concurrent.locks.LockSupport.park(LockSupport.java:175)
        at java.util.concurrent.locks.AbstractQueuedSynchronizer$ConditionObject.await(AbstractQueuedSynchronizer.java:2039)
        at java.util.concurrent.ArrayBlockingQueue.take(ArrayBlockingQueue.java:403)
        at java.util.concurrent.ThreadPoolExecutor.getTask(ThreadPoolExecutor.java:1074)
        at java.util.concurrent.ThreadPoolExecutor.runWorker(ThreadPoolExecutor.java:1134)
        at java.util.concurrent.ThreadPoolExecutor$Worker.run(ThreadPoolExecutor.java:624)
        at java.lang.Thread.run(Thread.java:748)
"pool-36-thread-28"  prio=5 tid=283 in Object.wait()
java.lang.Thread.State: WAITING (on object monitor)
        at sun.misc.Unsafe.park(Native Method)
        at java.util.concurrent.locks.LockSupport.park(LockSupport.java:175)
        at java.util.concurrent.locks.AbstractQueuedSynchronizer$ConditionObject.await(AbstractQueuedSynchronizer.java:2039)
        at java.util.concurrent.ArrayBlockingQueue.take(ArrayBlockingQueue.java:403)
        at java.util.concurrent.ThreadPoolExecutor.getTask(ThreadPoolExecutor.java:1074)
        at java.util.concurrent.ThreadPoolExecutor.runWorker(ThreadPoolExecutor.java:1134)
        at java.util.concurrent.ThreadPoolExecutor$Worker.run(ThreadPoolExecutor.java:624)
        at java.lang.Thread.run(Thread.java:748)
"grpc-default-executor-3" daemon prio=5 tid=499 timed_waiting
java.lang.Thread.State: TIMED_WAITING
        at sun.misc.Unsafe.park(Native Method)
        at java.util.concurrent.locks.LockSupport.parkNanos(LockSupport.java:215)
        at java.util.concurrent.SynchronousQueue$TransferStack.awaitFulfill(SynchronousQueue.java:460)
        at java.util.concurrent.SynchronousQueue$TransferStack.transfer(SynchronousQueue.java:362)
        at java.util.concurrent.SynchronousQueue.poll(SynchronousQueue.java:941)
        at java.util.concurrent.ThreadPoolExecutor.getTask(ThreadPoolExecutor.java:1073)
        at java.util.concurrent.ThreadPoolExecutor.runWorker(ThreadPoolExecutor.java:1134)
        at java.util.concurrent.ThreadPoolExecutor$Worker.run(ThreadPoolExecutor.java:624)
        at java.lang.Thread.run(Thread.java:748)
"SCMBlockDeletingService#1" daemon prio=5 tid=103 in Object.wait()
java.lang.Thread.State: WAITING (on object monitor)
        at sun.misc.Unsafe.park(Native Method)
        at java.util.concurrent.locks.LockSupport.park(LockSupport.java:175)
        at java.util.concurrent.locks.AbstractQueuedSynchronizer$ConditionObject.await(AbstractQueuedSynchronizer.java:2039)
        at java.util.concurrent.ScheduledThreadPoolExecutor$DelayedWorkQueue.take(ScheduledThreadPoolExecutor.java:1088)
        at java.util.concurrent.ScheduledThreadPoolExecutor$DelayedWorkQueue.take(ScheduledThreadPoolExecutor.java:809)
        at java.util.concurrent.ThreadPoolExecutor.getTask(ThreadPoolExecutor.java:1074)
        at java.util.concurrent.ThreadPoolExecutor.runWorker(ThreadPoolExecutor.java:1134)
        at java.util.concurrent.ThreadPoolExecutor$Worker.run(ThreadPoolExecutor.java:624)
        at java.lang.Thread.run(Thread.java:748)
"pool-36-thread-47"  prio=5 tid=321 in Object.wait()
java.lang.Thread.State: WAITING (on object monitor)
        at sun.misc.Unsafe.park(Native Method)
        at java.util.concurrent.locks.LockSupport.park(LockSupport.java:175)
        at java.util.concurrent.locks.AbstractQueuedSynchronizer$ConditionObject.await(AbstractQueuedSynchronizer.java:2039)
        at java.util.concurrent.ArrayBlockingQueue.take(ArrayBlockingQueue.java:403)
        at java.util.concurrent.ThreadPoolExecutor.getTask(ThreadPoolExecutor.java:1074)
        at java.util.concurrent.ThreadPoolExecutor.runWorker(ThreadPoolExecutor.java:1134)
        at java.util.concurrent.ThreadPoolExecutor$Worker.run(ThreadPoolExecutor.java:624)
        at java.lang.Thread.run(Thread.java:748)
"pool-36-thread-21"  prio=5 tid=269 in Object.wait()
java.lang.Thread.State: WAITING (on object monitor)
        at sun.misc.Unsafe.park(Native Method)
        at java.util.concurrent.locks.LockSupport.park(LockSupport.java:175)
        at java.util.concurrent.locks.AbstractQueuedSynchronizer$ConditionObject.await(AbstractQueuedSynchronizer.java:2039)
        at java.util.concurrent.ArrayBlockingQueue.take(ArrayBlockingQueue.java:403)
        at java.util.concurrent.ThreadPoolExecutor.getTask(ThreadPoolExecutor.java:1074)
        at java.util.concurrent.ThreadPoolExecutor.runWorker(ThreadPoolExecutor.java:1134)
        at java.util.concurrent.ThreadPoolExecutor$Worker.run(ThreadPoolExecutor.java:624)
        at java.lang.Thread.run(Thread.java:748)
"904f39be-c3d3-4df4-99c0-2e4526e577e3@group-146C50BE7901-StateMachineUpdater" daemon prio=5 tid=565 in Object.wait()
java.lang.Thread.State: WAITING (on object monitor)
        at java.lang.Object.wait(Native Method)
        at java.lang.Object.wait(Object.java:502)
        at org.apache.ratis.server.impl.StateMachineUpdater.waitForCommit(StateMachineUpdater.java:194)
        at org.apache.ratis.server.impl.StateMachineUpdater.run(StateMachineUpdater.java:159)
        at java.lang.Thread.run(Thread.java:748)
"pool-46-thread-44"  prio=5 tid=396 in Object.wait()
java.lang.Thread.State: WAITING (on object monitor)
        at sun.misc.Unsafe.park(Native Method)
        at java.util.concurrent.locks.LockSupport.park(LockSupport.java:175)
        at java.util.concurrent.locks.AbstractQueuedSynchronizer$ConditionObject.await(AbstractQueuedSynchronizer.java:2039)
        at java.util.concurrent.ArrayBlockingQueue.take(ArrayBlockingQueue.java:403)
        at java.util.concurrent.ThreadPoolExecutor.getTask(ThreadPoolExecutor.java:1074)
        at java.util.concurrent.ThreadPoolExecutor.runWorker(ThreadPoolExecutor.java:1134)
        at java.util.concurrent.ThreadPoolExecutor$Worker.run(ThreadPoolExecutor.java:624)
        at java.lang.Thread.run(Thread.java:748)
"pool-46-thread-21"  prio=5 tid=373 in Object.wait()
java.lang.Thread.State: WAITING (on object monitor)
        at sun.misc.Unsafe.park(Native Method)
        at java.util.concurrent.locks.LockSupport.park(LockSupport.java:175)
        at java.util.concurrent.locks.AbstractQueuedSynchronizer$ConditionObject.await(AbstractQueuedSynchronizer.java:2039)
        at java.util.concurrent.ArrayBlockingQueue.take(ArrayBlockingQueue.java:403)
        at java.util.concurrent.ThreadPoolExecutor.getTask(ThreadPoolExecutor.java:1074)
        at java.util.concurrent.ThreadPoolExecutor.runWorker(ThreadPoolExecutor.java:1134)
        at java.util.concurrent.ThreadPoolExecutor$Worker.run(ThreadPoolExecutor.java:624)
        at java.lang.Thread.run(Thread.java:748)
"IPC Client (740467528) connection to /0.0.0.0:38663 from jenkins1000" daemon prio=5 tid=232 timed_waiting
java.lang.Thread.State: TIMED_WAITING
        at java.lang.Object.wait(Native Method)
        at org.apache.hadoop.ipc.Client$Connection.waitForWork(Client.java:1024)
        at org.apache.hadoop.ipc.Client$Connection.run(Client.java:1068)
"IPC Server idle connection scanner for port 38663" daemon prio=5 tid=16 timed_waiting
java.lang.Thread.State: TIMED_WAITING
        at java.lang.Object.wait(Native Method)
        at java.util.TimerThread.mainLoop(Timer.java:552)
        at java.util.TimerThread.run(Timer.java:505)
"Thread-1962" daemon prio=5 tid=2268 timed_waiting
java.lang.Thread.State: TIMED_WAITING
        at java.lang.Thread.sleep(Native Method)
        at org.apache.ratis.util.JavaUtils.sleep(JavaUtils.java:247)
        at org.apache.ratis.server.impl.FollowerState.run(FollowerState.java:97)
"Command processor thread" daemon prio=5 tid=229 timed_waiting
java.lang.Thread.State: TIMED_WAITING
        at java.lang.Thread.sleep(Native Method)
        at org.apache.hadoop.ozone.container.common.statemachine.DatanodeStateMachine.lambda$initCommandHandlerThread$1(DatanodeStateMachine.java:439)
        at org.apache.hadoop.ozone.container.common.statemachine.DatanodeStateMachine$$Lambda$141/1386624617.run(Unknown Source)
        at java.lang.Thread.run(Thread.java:748)
"qtp653553574-220" daemon prio=5 tid=220 timed_waiting
java.lang.Thread.State: TIMED_WAITING
        at sun.misc.Unsafe.park(Native Method)
        at java.util.concurrent.locks.LockSupport.parkNanos(LockSupport.java:215)
        at java.util.concurrent.locks.AbstractQueuedSynchronizer$ConditionObject.awaitNanos(AbstractQueuedSynchronizer.java:2078)
        at org.eclipse.jetty.util.BlockingArrayQueue.poll(BlockingArrayQueue.java:392)
        at org.eclipse.jetty.util.thread.QueuedThreadPool.idleJobPoll(QueuedThreadPool.java:563)
        at org.eclipse.jetty.util.thread.QueuedThreadPool.access$800(QueuedThreadPool.java:48)
        at org.eclipse.jetty.util.thread.QueuedThreadPool$2.run(QueuedThreadPool.java:626)
        at java.lang.Thread.run(Thread.java:748)
"Thread-193" daemon prio=5 tid=473 timed_waiting
java.lang.Thread.State: TIMED_WAITING
        at sun.misc.Unsafe.park(Native Method)
        at java.util.concurrent.locks.LockSupport.parkNanos(LockSupport.java:215)
        at java.util.concurrent.locks.AbstractQueuedSynchronizer$ConditionObject.awaitNanos(AbstractQueuedSynchronizer.java:2078)
        at java.util.concurrent.ArrayBlockingQueue.poll(ArrayBlockingQueue.java:418)
        at org.apache.ratis.server.impl.LeaderState$EventQueue.poll(LeaderState.java:115)
        at org.apache.ratis.server.impl.LeaderState$EventProcessor.run(LeaderState.java:467)
"pool-26-thread-6"  prio=5 tid=244 in Object.wait()
java.lang.Thread.State: WAITING (on object monitor)
        at sun.misc.Unsafe.park(Native Method)
        at java.util.concurrent.locks.LockSupport.park(LockSupport.java:175)
        at java.util.concurrent.locks.AbstractQueuedSynchronizer$ConditionObject.await(AbstractQueuedSynchronizer.java:2039)
        at java.util.concurrent.ArrayBlockingQueue.take(ArrayBlockingQueue.java:403)
        at java.util.concurrent.ThreadPoolExecutor.getTask(ThreadPoolExecutor.java:1074)
        at java.util.concurrent.ThreadPoolExecutor.runWorker(ThreadPoolExecutor.java:1134)
        at java.util.concurrent.ThreadPoolExecutor$Worker.run(ThreadPoolExecutor.java:624)
        at java.lang.Thread.run(Thread.java:748)
"pool-26-thread-23"  prio=5 tid=282 in Object.wait()
java.lang.Thread.State: WAITING (on object monitor)
        at sun.misc.Unsafe.park(Native Method)
        at java.util.concurrent.locks.LockSupport.park(LockSupport.java:175)
        at java.util.concurrent.locks.AbstractQueuedSynchronizer$ConditionObject.await(AbstractQueuedSynchronizer.java:2039)
        at java.util.concurrent.ArrayBlockingQueue.take(ArrayBlockingQueue.java:403)
        at java.util.concurrent.ThreadPoolExecutor.getTask(ThreadPoolExecutor.java:1074)
        at java.util.concurrent.ThreadPoolExecutor.runWorker(ThreadPoolExecutor.java:1134)
        at java.util.concurrent.ThreadPoolExecutor$Worker.run(ThreadPoolExecutor.java:624)
        at java.lang.Thread.run(Thread.java:748)
"pool-46-thread-2"  prio=5 tid=354 in Object.wait()
java.lang.Thread.State: WAITING (on object monitor)
        at sun.misc.Unsafe.park(Native Method)
        at java.util.concurrent.locks.LockSupport.park(LockSupport.java:175)
        at java.util.concurrent.locks.AbstractQueuedSynchronizer$ConditionObject.await(AbstractQueuedSynchronizer.java:2039)
        at java.util.concurrent.ArrayBlockingQueue.take(ArrayBlockingQueue.java:403)
        at java.util.concurrent.ThreadPoolExecutor.getTask(ThreadPoolExecutor.java:1074)
        at java.util.concurrent.ThreadPoolExecutor.runWorker(ThreadPoolExecutor.java:1134)
        at java.util.concurrent.ThreadPoolExecutor$Worker.run(ThreadPoolExecutor.java:624)
        at java.lang.Thread.run(Thread.java:748)
"Command processor thread" daemon prio=5 tid=175 timed_waiting
java.lang.Thread.State: TIMED_WAITING
        at java.lang.Thread.sleep(Native Method)
        at org.apache.hadoop.ozone.container.common.statemachine.DatanodeStateMachine.lambda$initCommandHandlerThread$1(DatanodeStateMachine.java:439)
        at org.apache.hadoop.ozone.container.common.statemachine.DatanodeStateMachine$$Lambda$141/1386624617.run(Unknown Source)
        at java.lang.Thread.run(Thread.java:748)
"metrics-hadoop-metrics2-reporter-27-thread-1" daemon prio=5 tid=571 timed_waiting
java.lang.Thread.State: TIMED_WAITING
        at sun.misc.Unsafe.park(Native Method)
        at java.util.concurrent.locks.LockSupport.parkNanos(LockSupport.java:215)
        at java.util.concurrent.locks.AbstractQueuedSynchronizer$ConditionObject.awaitNanos(AbstractQueuedSynchronizer.java:2078)
        at java.util.concurrent.ScheduledThreadPoolExecutor$DelayedWorkQueue.take(ScheduledThreadPoolExecutor.java:1093)
        at java.util.concurrent.ScheduledThreadPoolExecutor$DelayedWorkQueue.take(ScheduledThreadPoolExecutor.java:809)
        at java.util.concurrent.ThreadPoolExecutor.getTask(ThreadPoolExecutor.java:1074)
        at java.util.concurrent.ThreadPoolExecutor.runWorker(ThreadPoolExecutor.java:1134)
        at java.util.concurrent.ThreadPoolExecutor$Worker.run(ThreadPoolExecutor.java:624)
        at java.lang.Thread.run(Thread.java:748)
"metrics-hadoop-metrics2-reporter-23-thread-1" daemon prio=5 tid=523 timed_waiting
java.lang.Thread.State: TIMED_WAITING
        at sun.misc.Unsafe.park(Native Method)
        at java.util.concurrent.locks.LockSupport.parkNanos(LockSupport.java:215)
        at java.util.concurrent.locks.AbstractQueuedSynchronizer$ConditionObject.awaitNanos(AbstractQueuedSynchronizer.java:2078)
        at java.util.concurrent.ScheduledThreadPoolExecutor$DelayedWorkQueue.take(ScheduledThreadPoolExecutor.java:1093)
        at java.util.concurrent.ScheduledThreadPoolExecutor$DelayedWorkQueue.take(ScheduledThreadPoolExecutor.java:809)
        at java.util.concurrent.ThreadPoolExecutor.getTask(ThreadPoolExecutor.java:1074)
        at java.util.concurrent.ThreadPoolExecutor.runWorker(ThreadPoolExecutor.java:1134)
        at java.util.concurrent.ThreadPoolExecutor$Worker.run(ThreadPoolExecutor.java:624)
        at java.lang.Thread.run(Thread.java:748)
"refreshUsed-/workdir/hadoop-ozone/integration-test/target/test-dir/MiniOzoneClusterImpl-5bbdf16d-a65b-4877-b412-d21df752c328/datanode-2/data/containers" daemon prio=5 tid=208 timed_waiting
java.lang.Thread.State: TIMED_WAITING
        at java.lang.Thread.sleep(Native Method)
        at org.apache.hadoop.fs.CachingGetSpaceUsed$RefreshThread.run(CachingGetSpaceUsed.java:179)
        at java.lang.Thread.run(Thread.java:748)
"qtp498748934-187-acceptor-0@2c14725e-ServerConnector@38d17d80{HTTP/1.1,[http/1.1]}{0.0.0.0:36825}" daemon prio=3 tid=187 runnable
java.lang.Thread.State: RUNNABLE
        at sun.nio.ch.ServerSocketChannelImpl.accept0(Native Method)
        at sun.nio.ch.ServerSocketChannelImpl.accept(ServerSocketChannelImpl.java:422)
        at sun.nio.ch.ServerSocketChannelImpl.accept(ServerSocketChannelImpl.java:250)
        at org.eclipse.jetty.server.ServerConnector.accept(ServerConnector.java:397)
        at org.eclipse.jetty.server.AbstractConnector$Acceptor.run(AbstractConnector.java:601)
        at org.eclipse.jetty.util.thread.QueuedThreadPool.runJob(QueuedThreadPool.java:671)
        at org.eclipse.jetty.util.thread.QueuedThreadPool$2.run(QueuedThreadPool.java:589)
        at java.lang.Thread.run(Thread.java:748)
"IPC Server handler 12 on 35339" daemon prio=5 tid=126 timed_waiting
java.lang.Thread.State: TIMED_WAITING
        at sun.misc.Unsafe.park(Native Method)
        at java.util.concurrent.locks.LockSupport.parkNanos(LockSupport.java:215)
        at java.util.concurrent.locks.AbstractQueuedSynchronizer$ConditionObject.awaitNanos(AbstractQueuedSynchronizer.java:2078)
        at java.util.concurrent.LinkedBlockingQueue.poll(LinkedBlockingQueue.java:467)
        at org.apache.hadoop.ipc.CallQueueManager.take(CallQueueManager.java:288)
        at org.apache.hadoop.ipc.Server$Handler.run(Server.java:2668)
"pool-26-thread-25"  prio=5 tid=286 in Object.wait()
java.lang.Thread.State: WAITING (on object monitor)
        at sun.misc.Unsafe.park(Native Method)
        at java.util.concurrent.locks.LockSupport.park(LockSupport.java:175)
        at java.util.concurrent.locks.AbstractQueuedSynchronizer$ConditionObject.await(AbstractQueuedSynchronizer.java:2039)
        at java.util.concurrent.ArrayBlockingQueue.take(ArrayBlockingQueue.java:403)
        at java.util.concurrent.ThreadPoolExecutor.getTask(ThreadPoolExecutor.java:1074)
        at java.util.concurrent.ThreadPoolExecutor.runWorker(ThreadPoolExecutor.java:1134)
        at java.util.concurrent.ThreadPoolExecutor$Worker.run(ThreadPoolExecutor.java:624)
        at java.lang.Thread.run(Thread.java:748)
"pool-36-thread-26"  prio=5 tid=279 in Object.wait()
java.lang.Thread.State: WAITING (on object monitor)
        at sun.misc.Unsafe.park(Native Method)
        at java.util.concurrent.locks.LockSupport.park(LockSupport.java:175)
        at java.util.concurrent.locks.AbstractQueuedSynchronizer$ConditionObject.await(AbstractQueuedSynchronizer.java:2039)
        at java.util.concurrent.ArrayBlockingQueue.take(ArrayBlockingQueue.java:403)
        at java.util.concurrent.ThreadPoolExecutor.getTask(ThreadPoolExecutor.java:1074)
        at java.util.concurrent.ThreadPoolExecutor.runWorker(ThreadPoolExecutor.java:1134)
        at java.util.concurrent.ThreadPoolExecutor$Worker.run(ThreadPoolExecutor.java:624)
        at java.lang.Thread.run(Thread.java:748)
"qtp653553574-217" daemon prio=5 tid=217 timed_waiting
java.lang.Thread.State: TIMED_WAITING
        at sun.misc.Unsafe.park(Native Method)
        at java.util.concurrent.locks.LockSupport.parkNanos(LockSupport.java:215)
        at java.util.concurrent.locks.AbstractQueuedSynchronizer$ConditionObject.awaitNanos(AbstractQueuedSynchronizer.java:2078)
        at org.eclipse.jetty.util.BlockingArrayQueue.poll(BlockingArrayQueue.java:392)
        at org.eclipse.jetty.util.thread.QueuedThreadPool.idleJobPoll(QueuedThreadPool.java:563)
        at org.eclipse.jetty.util.thread.QueuedThreadPool.access$800(QueuedThreadPool.java:48)
        at org.eclipse.jetty.util.thread.QueuedThreadPool$2.run(QueuedThreadPool.java:626)
        at java.lang.Thread.run(Thread.java:748)
"pool-46-thread-14"  prio=5 tid=366 in Object.wait()
java.lang.Thread.State: WAITING (on object monitor)
        at sun.misc.Unsafe.park(Native Method)
        at java.util.concurrent.locks.LockSupport.park(LockSupport.java:175)
        at java.util.concurrent.locks.AbstractQueuedSynchronizer$ConditionObject.await(AbstractQueuedSynchronizer.java:2039)
        at java.util.concurrent.ArrayBlockingQueue.take(ArrayBlockingQueue.java:403)
        at java.util.concurrent.ThreadPoolExecutor.getTask(ThreadPoolExecutor.java:1074)
        at java.util.concurrent.ThreadPoolExecutor.runWorker(ThreadPoolExecutor.java:1134)
        at java.util.concurrent.ThreadPoolExecutor$Worker.run(ThreadPoolExecutor.java:624)
        at java.lang.Thread.run(Thread.java:748)
"metrics-hadoop-metrics2-reporter-16-thread-1" daemon prio=5 tid=480 timed_waiting
java.lang.Thread.State: TIMED_WAITING
        at sun.misc.Unsafe.park(Native Method)
        at java.util.concurrent.locks.LockSupport.parkNanos(LockSupport.java:215)
        at java.util.concurrent.locks.AbstractQueuedSynchronizer$ConditionObject.awaitNanos(AbstractQueuedSynchronizer.java:2078)
        at java.util.concurrent.ScheduledThreadPoolExecutor$DelayedWorkQueue.take(ScheduledThreadPoolExecutor.java:1093)
        at java.util.concurrent.ScheduledThreadPoolExecutor$DelayedWorkQueue.take(ScheduledThreadPoolExecutor.java:809)
        at java.util.concurrent.ThreadPoolExecutor.getTask(ThreadPoolExecutor.java:1074)
        at java.util.concurrent.ThreadPoolExecutor.runWorker(ThreadPoolExecutor.java:1134)
        at java.util.concurrent.ThreadPoolExecutor$Worker.run(ThreadPoolExecutor.java:624)
        at java.lang.Thread.run(Thread.java:748)
"pool-46-thread-55"  prio=5 tid=407 in Object.wait()
java.lang.Thread.State: WAITING (on object monitor)
        at sun.misc.Unsafe.park(Native Method)
        at java.util.concurrent.locks.LockSupport.park(LockSupport.java:175)
        at java.util.concurrent.locks.AbstractQueuedSynchronizer$ConditionObject.await(AbstractQueuedSynchronizer.java:2039)
        at java.util.concurrent.ArrayBlockingQueue.take(ArrayBlockingQueue.java:403)
        at java.util.concurrent.ThreadPoolExecutor.getTask(ThreadPoolExecutor.java:1074)
        at java.util.concurrent.ThreadPoolExecutor.runWorker(ThreadPoolExecutor.java:1134)
        at java.util.concurrent.ThreadPoolExecutor$Worker.run(ThreadPoolExecutor.java:624)
        at java.lang.Thread.run(Thread.java:748)
"qtp245298614-166" daemon prio=5 tid=166 timed_waiting
java.lang.Thread.State: TIMED_WAITING
        at sun.misc.Unsafe.park(Native Method)
        at java.util.concurrent.locks.LockSupport.parkNanos(LockSupport.java:215)
        at java.util.concurrent.locks.AbstractQueuedSynchronizer$ConditionObject.awaitNanos(AbstractQueuedSynchronizer.java:2078)
        at org.eclipse.jetty.util.BlockingArrayQueue.poll(BlockingArrayQueue.java:392)
        at org.eclipse.jetty.util.thread.QueuedThreadPool.idleJobPoll(QueuedThreadPool.java:563)
        at org.eclipse.jetty.util.thread.QueuedThreadPool.access$800(QueuedThreadPool.java:48)
        at org.eclipse.jetty.util.thread.QueuedThreadPool$2.run(QueuedThreadPool.java:626)
        at java.lang.Thread.run(Thread.java:748)
"pool-36-thread-30"  prio=5 tid=287 in Object.wait()
java.lang.Thread.State: WAITING (on object monitor)
        at sun.misc.Unsafe.park(Native Method)
        at java.util.concurrent.locks.LockSupport.park(LockSupport.java:175)
        at java.util.concurrent.locks.AbstractQueuedSynchronizer$ConditionObject.await(AbstractQueuedSynchronizer.java:2039)
        at java.util.concurrent.ArrayBlockingQueue.take(ArrayBlockingQueue.java:403)
        at java.util.concurrent.ThreadPoolExecutor.getTask(ThreadPoolExecutor.java:1074)
        at java.util.concurrent.ThreadPoolExecutor.runWorker(ThreadPoolExecutor.java:1134)
        at java.util.concurrent.ThreadPoolExecutor$Worker.run(ThreadPoolExecutor.java:624)
        at java.lang.Thread.run(Thread.java:748)
"pool-36-thread-53"  prio=5 tid=333 in Object.wait()
java.lang.Thread.State: WAITING (on object monitor)
        at sun.misc.Unsafe.park(Native Method)
        at java.util.concurrent.locks.LockSupport.park(LockSupport.java:175)
        at java.util.concurrent.locks.AbstractQueuedSynchronizer$ConditionObject.await(AbstractQueuedSynchronizer.java:2039)
        at java.util.concurrent.ArrayBlockingQueue.take(ArrayBlockingQueue.java:403)
        at java.util.concurrent.ThreadPoolExecutor.getTask(ThreadPoolExecutor.java:1074)
        at java.util.concurrent.ThreadPoolExecutor.runWorker(ThreadPoolExecutor.java:1134)
        at java.util.concurrent.ThreadPoolExecutor$Worker.run(ThreadPoolExecutor.java:624)
        at java.lang.Thread.run(Thread.java:748)
"qtp653553574-213" daemon prio=5 tid=213 runnable
java.lang.Thread.State: RUNNABLE
        at sun.nio.ch.EPollArrayWrapper.epollWait(Native Method)
        at sun.nio.ch.EPollArrayWrapper.poll(EPollArrayWrapper.java:269)
        at sun.nio.ch.EPollSelectorImpl.doSelect(EPollSelectorImpl.java:93)
        at sun.nio.ch.SelectorImpl.lockAndDoSelect(SelectorImpl.java:86)
        at sun.nio.ch.SelectorImpl.select(SelectorImpl.java:97)
        at sun.nio.ch.SelectorImpl.select(SelectorImpl.java:101)
        at org.eclipse.jetty.io.ManagedSelector$SelectorProducer.select(ManagedSelector.java:243)
        at org.eclipse.jetty.io.ManagedSelector$SelectorProducer.produce(ManagedSelector.java:191)
        at org.eclipse.jetty.util.thread.strategy.ExecuteProduceConsume.executeProduceConsume(ExecuteProduceConsume.java:249)
        at org.eclipse.jetty.util.thread.strategy.ExecuteProduceConsume.produceConsume(ExecuteProduceConsume.java:148)
        at org.eclipse.jetty.util.thread.strategy.ExecuteProduceConsume.execute(ExecuteProduceConsume.java:100)
        at org.eclipse.jetty.io.ManagedSelector.run(ManagedSelector.java:147)
        at org.eclipse.jetty.util.thread.QueuedThreadPool.runJob(QueuedThreadPool.java:671)
        at org.eclipse.jetty.util.thread.QueuedThreadPool$2.run(QueuedThreadPool.java:589)
        at java.lang.Thread.run(Thread.java:748)
"IPC Server handler 15 on 38663" daemon prio=5 tid=84 timed_waiting
java.lang.Thread.State: TIMED_WAITING
        at sun.misc.Unsafe.park(Native Method)
        at java.util.concurrent.locks.LockSupport.parkNanos(LockSupport.java:215)
        at java.util.concurrent.locks.AbstractQueuedSynchronizer$ConditionObject.awaitNanos(AbstractQueuedSynchronizer.java:2078)
        at java.util.concurrent.LinkedBlockingQueue.poll(LinkedBlockingQueue.java:467)
        at org.apache.hadoop.ipc.CallQueueManager.take(CallQueueManager.java:288)
        at org.apache.hadoop.ipc.Server$Handler.run(Server.java:2668)
"IPC Server handler 12 on 45958" daemon prio=5 tid=41 timed_waiting
java.lang.Thread.State: TIMED_WAITING
        at sun.misc.Unsafe.park(Native Method)
        at java.util.concurrent.locks.LockSupport.parkNanos(LockSupport.java:215)
        at java.util.concurrent.locks.AbstractQueuedSynchronizer$ConditionObject.awaitNanos(AbstractQueuedSynchronizer.java:2078)
        at java.util.concurrent.LinkedBlockingQueue.poll(LinkedBlockingQueue.java:467)
        at org.apache.hadoop.ipc.CallQueueManager.take(CallQueueManager.java:288)
        at org.apache.hadoop.ipc.Server$Handler.run(Server.java:2668)
"pool-46-thread-53"  prio=5 tid=405 in Object.wait()
java.lang.Thread.State: WAITING (on object monitor)
        at sun.misc.Unsafe.park(Native Method)
        at java.util.concurrent.locks.LockSupport.park(LockSupport.java:175)
        at java.util.concurrent.locks.AbstractQueuedSynchronizer$ConditionObject.await(AbstractQueuedSynchronizer.java:2039)
        at java.util.concurrent.ArrayBlockingQueue.take(ArrayBlockingQueue.java:403)
        at java.util.concurrent.ThreadPoolExecutor.getTask(ThreadPoolExecutor.java:1074)
        at java.util.concurrent.ThreadPoolExecutor.runWorker(ThreadPoolExecutor.java:1134)
        at java.util.concurrent.ThreadPoolExecutor$Worker.run(ThreadPoolExecutor.java:624)
        at java.lang.Thread.run(Thread.java:748)
"Thread-191" daemon prio=5 tid=470 timed_waiting
java.lang.Thread.State: TIMED_WAITING
        at sun.misc.Unsafe.park(Native Method)
        at java.util.concurrent.locks.LockSupport.parkNanos(LockSupport.java:215)
        at java.util.concurrent.locks.AbstractQueuedSynchronizer$ConditionObject.awaitNanos(AbstractQueuedSynchronizer.java:2078)
        at java.util.concurrent.ArrayBlockingQueue.poll(ArrayBlockingQueue.java:418)
        at org.apache.ratis.server.impl.LeaderState$EventQueue.poll(LeaderState.java:115)
        at org.apache.ratis.server.impl.LeaderState$EventProcessor.run(LeaderState.java:467)
"metrics-hadoop-metrics2-reporter-11-thread-1" daemon prio=5 tid=461 timed_waiting
java.lang.Thread.State: TIMED_WAITING
        at sun.misc.Unsafe.park(Native Method)
        at java.util.concurrent.locks.LockSupport.parkNanos(LockSupport.java:215)
        at java.util.concurrent.locks.AbstractQueuedSynchronizer$ConditionObject.awaitNanos(AbstractQueuedSynchronizer.java:2078)
        at java.util.concurrent.ScheduledThreadPoolExecutor$DelayedWorkQueue.take(ScheduledThreadPoolExecutor.java:1093)
        at java.util.concurrent.ScheduledThreadPoolExecutor$DelayedWorkQueue.take(ScheduledThreadPoolExecutor.java:809)
        at java.util.concurrent.ThreadPoolExecutor.getTask(ThreadPoolExecutor.java:1074)
        at java.util.concurrent.ThreadPoolExecutor.runWorker(ThreadPoolExecutor.java:1134)
        at java.util.concurrent.ThreadPoolExecutor$Worker.run(ThreadPoolExecutor.java:624)
        at java.lang.Thread.run(Thread.java:748)
"pool-36-thread-29"  prio=5 tid=285 in Object.wait()
java.lang.Thread.State: WAITING (on object monitor)
        at sun.misc.Unsafe.park(Native Method)
        at java.util.concurrent.locks.LockSupport.park(LockSupport.java:175)
        at java.util.concurrent.locks.AbstractQueuedSynchronizer$ConditionObject.await(AbstractQueuedSynchronizer.java:2039)
        at java.util.concurrent.ArrayBlockingQueue.take(ArrayBlockingQueue.java:403)
        at java.util.concurrent.ThreadPoolExecutor.getTask(ThreadPoolExecutor.java:1074)
        at java.util.concurrent.ThreadPoolExecutor.runWorker(ThreadPoolExecutor.java:1134)
        at java.util.concurrent.ThreadPoolExecutor$Worker.run(ThreadPoolExecutor.java:624)
        at java.lang.Thread.run(Thread.java:748)
"pool-46-thread-13"  prio=5 tid=365 in Object.wait()
java.lang.Thread.State: WAITING (on object monitor)
        at sun.misc.Unsafe.park(Native Method)
        at java.util.concurrent.locks.LockSupport.park(LockSupport.java:175)
        at java.util.concurrent.locks.AbstractQueuedSynchronizer$ConditionObject.await(AbstractQueuedSynchronizer.java:2039)
        at java.util.concurrent.ArrayBlockingQueue.take(ArrayBlockingQueue.java:403)
        at java.util.concurrent.ThreadPoolExecutor.getTask(ThreadPoolExecutor.java:1074)
        at java.util.concurrent.ThreadPoolExecutor.runWorker(ThreadPoolExecutor.java:1134)
        at java.util.concurrent.ThreadPoolExecutor$Worker.run(ThreadPoolExecutor.java:624)
        at java.lang.Thread.run(Thread.java:748)
"pool-36-thread-19"  prio=5 tid=266 in Object.wait()
java.lang.Thread.State: WAITING (on object monitor)
        at sun.misc.Unsafe.park(Native Method)
        at java.util.concurrent.locks.LockSupport.park(LockSupport.java:175)
        at java.util.concurrent.locks.AbstractQueuedSynchronizer$ConditionObject.await(AbstractQueuedSynchronizer.java:2039)
        at java.util.concurrent.ArrayBlockingQueue.take(ArrayBlockingQueue.java:403)
        at java.util.concurrent.ThreadPoolExecutor.getTask(ThreadPoolExecutor.java:1074)
        at java.util.concurrent.ThreadPoolExecutor.runWorker(ThreadPoolExecutor.java:1134)
        at java.util.concurrent.ThreadPoolExecutor$Worker.run(ThreadPoolExecutor.java:624)
        at java.lang.Thread.run(Thread.java:748)
"grpc-default-worker-ELG-3-3" daemon prio=5 tid=432 runnable
java.lang.Thread.State: RUNNABLE
        at sun.nio.ch.EPollArrayWrapper.epollWait(Native Method)
        at sun.nio.ch.EPollArrayWrapper.poll(EPollArrayWrapper.java:269)
        at sun.nio.ch.EPollSelectorImpl.doSelect(EPollSelectorImpl.java:93)
        at sun.nio.ch.SelectorImpl.lockAndDoSelect(SelectorImpl.java:86)
        at sun.nio.ch.SelectorImpl.select(SelectorImpl.java:97)
        at org.apache.ratis.thirdparty.io.netty.channel.nio.SelectedSelectionKeySetSelector.select(SelectedSelectionKeySetSelector.java:62)
        at org.apache.ratis.thirdparty.io.netty.channel.nio.NioEventLoop.select(NioEventLoop.java:753)
        at org.apache.ratis.thirdparty.io.netty.channel.nio.NioEventLoop.run(NioEventLoop.java:408)
        at org.apache.ratis.thirdparty.io.netty.util.concurrent.SingleThreadEventExecutor$5.run(SingleThreadEventExecutor.java:897)
        at org.apache.ratis.thirdparty.io.netty.util.concurrent.FastThreadLocalRunnable.run(FastThreadLocalRunnable.java:30)
        at java.lang.Thread.run(Thread.java:748)
"org.apache.hadoop.util.JvmPauseMonitor$Monitor@2ad43364" daemon prio=5 tid=178 timed_waiting
java.lang.Thread.State: TIMED_WAITING
        at java.lang.Thread.sleep(Native Method)
        at org.apache.hadoop.util.JvmPauseMonitor$Monitor.run(JvmPauseMonitor.java:192)
        at java.lang.Thread.run(Thread.java:748)
"qtp573136580-95" daemon prio=5 tid=95 timed_waiting
java.lang.Thread.State: TIMED_WAITING
        at sun.misc.Unsafe.park(Native Method)
        at java.util.concurrent.locks.LockSupport.parkNanos(LockSupport.java:215)
        at java.util.concurrent.locks.AbstractQueuedSynchronizer$ConditionObject.awaitNanos(AbstractQueuedSynchronizer.java:2078)
        at org.eclipse.jetty.util.BlockingArrayQueue.poll(BlockingArrayQueue.java:392)
        at org.eclipse.jetty.util.thread.QueuedThreadPool.idleJobPoll(QueuedThreadPool.java:563)
        at org.eclipse.jetty.util.thread.QueuedThreadPool.access$800(QueuedThreadPool.java:48)
        at org.eclipse.jetty.util.thread.QueuedThreadPool$2.run(QueuedThreadPool.java:626)
        at java.lang.Thread.run(Thread.java:748)
"Thread-1961" daemon prio=5 tid=2267 timed_waiting
java.lang.Thread.State: TIMED_WAITING
        at java.lang.Thread.sleep(Native Method)
        at org.apache.ratis.util.JavaUtils.sleep(JavaUtils.java:247)
        at org.apache.ratis.server.impl.FollowerState.run(FollowerState.java:97)
"52743044-8979-4a08-8013-92a14c548982@group-146C50BE7901-SegmentedRaftLogWorker"  prio=5 tid=566 timed_waiting
java.lang.Thread.State: TIMED_WAITING
        at sun.misc.Unsafe.park(Native Method)
        at java.util.concurrent.locks.LockSupport.parkNanos(LockSupport.java:215)
        at java.util.concurrent.locks.AbstractQueuedSynchronizer$ConditionObject.awaitNanos(AbstractQueuedSynchronizer.java:2078)
        at org.apache.ratis.util.DataBlockingQueue.poll(DataBlockingQueue.java:137)
        at org.apache.ratis.server.raftlog.segmented.SegmentedRaftLogWorker.run(SegmentedRaftLogWorker.java:282)
        at java.lang.Thread.run(Thread.java:748)
"IPC Server handler 1 on 38663" daemon prio=5 tid=70 timed_waiting
java.lang.Thread.State: TIMED_WAITING
        at sun.misc.Unsafe.park(Native Method)
        at java.util.concurrent.locks.LockSupport.parkNanos(LockSupport.java:215)
        at java.util.concurrent.locks.AbstractQueuedSynchronizer$ConditionObject.awaitNanos(AbstractQueuedSynchronizer.java:2078)
        at java.util.concurrent.LinkedBlockingQueue.poll(LinkedBlockingQueue.java:467)
        at org.apache.hadoop.ipc.CallQueueManager.take(CallQueueManager.java:288)
        at org.apache.hadoop.ipc.Server$Handler.run(Server.java:2668)
"pool-46-thread-46"  prio=5 tid=398 in Object.wait()
java.lang.Thread.State: WAITING (on object monitor)
        at sun.misc.Unsafe.park(Native Method)
        at java.util.concurrent.locks.LockSupport.park(LockSupport.java:175)
        at java.util.concurrent.locks.AbstractQueuedSynchronizer$ConditionObject.await(AbstractQueuedSynchronizer.java:2039)
        at java.util.concurrent.ArrayBlockingQueue.take(ArrayBlockingQueue.java:403)
        at java.util.concurrent.ThreadPoolExecutor.getTask(ThreadPoolExecutor.java:1074)
        at java.util.concurrent.ThreadPoolExecutor.runWorker(ThreadPoolExecutor.java:1134)
        at java.util.concurrent.ThreadPoolExecutor$Worker.run(ThreadPoolExecutor.java:624)
        at java.lang.Thread.run(Thread.java:748)
"pool-36-thread-35"  prio=5 tid=297 in Object.wait()
java.lang.Thread.State: WAITING (on object monitor)
        at sun.misc.Unsafe.park(Native Method)
        at java.util.concurrent.locks.LockSupport.park(LockSupport.java:175)
        at java.util.concurrent.locks.AbstractQueuedSynchronizer$ConditionObject.await(AbstractQueuedSynchronizer.java:2039)
        at java.util.concurrent.ArrayBlockingQueue.take(ArrayBlockingQueue.java:403)
        at java.util.concurrent.ThreadPoolExecutor.getTask(ThreadPoolExecutor.java:1074)
        at java.util.concurrent.ThreadPoolExecutor.runWorker(ThreadPoolExecutor.java:1134)
        at java.util.concurrent.ThreadPoolExecutor$Worker.run(ThreadPoolExecutor.java:624)
        at java.lang.Thread.run(Thread.java:748)
"BlockDeletingService#1" daemon prio=5 tid=419 in Object.wait()
java.lang.Thread.State: WAITING (on object monitor)
        at sun.misc.Unsafe.park(Native Method)
        at java.util.concurrent.locks.LockSupport.park(LockSupport.java:175)
        at java.util.concurrent.locks.AbstractQueuedSynchronizer$ConditionObject.await(AbstractQueuedSynchronizer.java:2039)
        at java.util.concurrent.ScheduledThreadPoolExecutor$DelayedWorkQueue.take(ScheduledThreadPoolExecutor.java:1088)
        at java.util.concurrent.ScheduledThreadPoolExecutor$DelayedWorkQueue.take(ScheduledThreadPoolExecutor.java:809)
        at java.util.concurrent.ThreadPoolExecutor.getTask(ThreadPoolExecutor.java:1074)
        at java.util.concurrent.ThreadPoolExecutor.runWorker(ThreadPoolExecutor.java:1134)
        at java.util.concurrent.ThreadPoolExecutor$Worker.run(ThreadPoolExecutor.java:624)
        at java.lang.Thread.run(Thread.java:748)
"Reference Handler" daemon prio=10 tid=2 in Object.wait()
java.lang.Thread.State: WAITING (on object monitor)
        at java.lang.Object.wait(Native Method)
        at java.lang.Object.wait(Object.java:502)
        at java.lang.ref.Reference.tryHandlePending(Reference.java:191)
        at java.lang.ref.Reference$ReferenceHandler.run(Reference.java:153)
"pool-36-thread-14"  prio=5 tid=258 in Object.wait()
java.lang.Thread.State: WAITING (on object monitor)
        at sun.misc.Unsafe.park(Native Method)
        at java.util.concurrent.locks.LockSupport.park(LockSupport.java:175)
        at java.util.concurrent.locks.AbstractQueuedSynchronizer$ConditionObject.await(AbstractQueuedSynchronizer.java:2039)
        at java.util.concurrent.ArrayBlockingQueue.take(ArrayBlockingQueue.java:403)
        at java.util.concurrent.ThreadPoolExecutor.getTask(ThreadPoolExecutor.java:1074)
        at java.util.concurrent.ThreadPoolExecutor.runWorker(ThreadPoolExecutor.java:1134)
        at java.util.concurrent.ThreadPoolExecutor$Worker.run(ThreadPoolExecutor.java:624)
        at java.lang.Thread.run(Thread.java:748)
"IPC Server handler 3 on 46440" daemon prio=5 tid=52 timed_waiting
java.lang.Thread.State: TIMED_WAITING
        at sun.misc.Unsafe.park(Native Method)
        at java.util.concurrent.locks.LockSupport.parkNanos(LockSupport.java:215)
        at java.util.concurrent.locks.AbstractQueuedSynchronizer$ConditionObject.awaitNanos(AbstractQueuedSynchronizer.java:2078)
        at java.util.concurrent.LinkedBlockingQueue.poll(LinkedBlockingQueue.java:467)
        at org.apache.hadoop.ipc.CallQueueManager.take(CallQueueManager.java:288)
        at org.apache.hadoop.ipc.Server$Handler.run(Server.java:2668)
"org.eclipse.jetty.server.session.HashSessionManager@4b790d86Timer" daemon prio=5 tid=167 timed_waiting
java.lang.Thread.State: TIMED_WAITING
        at sun.misc.Unsafe.park(Native Method)
        at java.util.concurrent.locks.LockSupport.parkNanos(LockSupport.java:215)
        at java.util.concurrent.locks.AbstractQueuedSynchronizer$ConditionObject.awaitNanos(AbstractQueuedSynchronizer.java:2078)
        at java.util.concurrent.ScheduledThreadPoolExecutor$DelayedWorkQueue.take(ScheduledThreadPoolExecutor.java:1093)
        at java.util.concurrent.ScheduledThreadPoolExecutor$DelayedWorkQueue.take(ScheduledThreadPoolExecutor.java:809)
        at java.util.concurrent.ThreadPoolExecutor.getTask(ThreadPoolExecutor.java:1074)
        at java.util.concurrent.ThreadPoolExecutor.runWorker(ThreadPoolExecutor.java:1134)
        at java.util.concurrent.ThreadPoolExecutor$Worker.run(ThreadPoolExecutor.java:624)
        at java.lang.Thread.run(Thread.java:748)
"qtp2095970915-138" daemon prio=5 tid=138 timed_waiting
java.lang.Thread.State: TIMED_WAITING
        at sun.misc.Unsafe.park(Native Method)
        at java.util.concurrent.locks.LockSupport.parkNanos(LockSupport.java:215)
        at java.util.concurrent.locks.AbstractQueuedSynchronizer$ConditionObject.awaitNanos(AbstractQueuedSynchronizer.java:2078)
        at org.eclipse.jetty.util.BlockingArrayQueue.poll(BlockingArrayQueue.java:392)
        at org.eclipse.jetty.util.thread.QueuedThreadPool.idleJobPoll(QueuedThreadPool.java:563)
        at org.eclipse.jetty.util.thread.QueuedThreadPool.access$800(QueuedThreadPool.java:48)
        at org.eclipse.jetty.util.thread.QueuedThreadPool$2.run(QueuedThreadPool.java:626)
        at java.lang.Thread.run(Thread.java:748)
"pool-46-thread-49"  prio=5 tid=401 in Object.wait()
java.lang.Thread.State: WAITING (on object monitor)
        at sun.misc.Unsafe.park(Native Method)
        at java.util.concurrent.locks.LockSupport.park(LockSupport.java:175)
        at java.util.concurrent.locks.AbstractQueuedSynchronizer$ConditionObject.await(AbstractQueuedSynchronizer.java:2039)
        at java.util.concurrent.ArrayBlockingQueue.take(ArrayBlockingQueue.java:403)
        at java.util.concurrent.ThreadPoolExecutor.getTask(ThreadPoolExecutor.java:1074)
        at java.util.concurrent.ThreadPoolExecutor.runWorker(ThreadPoolExecutor.java:1134)
        at java.util.concurrent.ThreadPoolExecutor$Worker.run(ThreadPoolExecutor.java:624)
        at java.lang.Thread.run(Thread.java:748)
"java.util.concurrent.ThreadPoolExecutor$Worker@414e038a[State = -1, empty queue]" daemon prio=5 tid=526 timed_waiting
java.lang.Thread.State: TIMED_WAITING
        at sun.misc.Unsafe.park(Native Method)
        at java.util.concurrent.locks.LockSupport.parkNanos(LockSupport.java:215)
        at java.util.concurrent.locks.AbstractQueuedSynchronizer$ConditionObject.awaitNanos(AbstractQueuedSynchronizer.java:2078)
        at java.util.concurrent.ScheduledThreadPoolExecutor$DelayedWorkQueue.take(ScheduledThreadPoolExecutor.java:1093)
        at java.util.concurrent.ScheduledThreadPoolExecutor$DelayedWorkQueue.take(ScheduledThreadPoolExecutor.java:809)
        at java.util.concurrent.ThreadPoolExecutor.getTask(ThreadPoolExecutor.java:1074)
        at java.util.concurrent.ThreadPoolExecutor.runWorker(ThreadPoolExecutor.java:1134)
        at java.util.concurrent.ThreadPoolExecutor$Worker.run(ThreadPoolExecutor.java:624)
        at java.lang.Thread.run(Thread.java:748)
"BlockDeletingService#0" daemon prio=5 tid=414 timed_waiting
java.lang.Thread.State: TIMED_WAITING
        at sun.misc.Unsafe.park(Native Method)
        at java.util.concurrent.locks.LockSupport.parkNanos(LockSupport.java:215)
        at java.util.concurrent.locks.AbstractQueuedSynchronizer$ConditionObject.awaitNanos(AbstractQueuedSynchronizer.java:2078)
        at java.util.concurrent.ScheduledThreadPoolExecutor$DelayedWorkQueue.take(ScheduledThreadPoolExecutor.java:1093)
        at java.util.concurrent.ScheduledThreadPoolExecutor$DelayedWorkQueue.take(ScheduledThreadPoolExecutor.java:809)
        at java.util.concurrent.ThreadPoolExecutor.getTask(ThreadPoolExecutor.java:1074)
        at java.util.concurrent.ThreadPoolExecutor.runWorker(ThreadPoolExecutor.java:1134)
        at java.util.concurrent.ThreadPoolExecutor$Worker.run(ThreadPoolExecutor.java:624)
        at java.lang.Thread.run(Thread.java:748)
"pool-36-thread-50"  prio=5 tid=327 in Object.wait()
java.lang.Thread.State: WAITING (on object monitor)
        at sun.misc.Unsafe.park(Native Method)
        at java.util.concurrent.locks.LockSupport.park(LockSupport.java:175)
        at java.util.concurrent.locks.AbstractQueuedSynchronizer$ConditionObject.await(AbstractQueuedSynchronizer.java:2039)
        at java.util.concurrent.ArrayBlockingQueue.take(ArrayBlockingQueue.java:403)
        at java.util.concurrent.ThreadPoolExecutor.getTask(ThreadPoolExecutor.java:1074)
        at java.util.concurrent.ThreadPoolExecutor.runWorker(ThreadPoolExecutor.java:1134)
        at java.util.concurrent.ThreadPoolExecutor$Worker.run(ThreadPoolExecutor.java:624)
        at java.lang.Thread.run(Thread.java:748)
"qtp653553574-218" daemon prio=5 tid=218 timed_waiting
java.lang.Thread.State: TIMED_WAITING
        at sun.misc.Unsafe.park(Native Method)
        at java.util.concurrent.locks.LockSupport.parkNanos(LockSupport.java:215)
        at java.util.concurrent.locks.AbstractQueuedSynchronizer$ConditionObject.awaitNanos(AbstractQueuedSynchronizer.java:2078)
        at org.eclipse.jetty.util.BlockingArrayQueue.poll(BlockingArrayQueue.java:392)
        at org.eclipse.jetty.util.thread.QueuedThreadPool.idleJobPoll(QueuedThreadPool.java:563)
        at org.eclipse.jetty.util.thread.QueuedThreadPool.access$800(QueuedThreadPool.java:48)
        at org.eclipse.jetty.util.thread.QueuedThreadPool$2.run(QueuedThreadPool.java:626)
        at java.lang.Thread.run(Thread.java:748)
"Datanode State Machine Thread - 0" daemon prio=5 tid=197 timed_waiting
java.lang.Thread.State: TIMED_WAITING
        at java.lang.Thread.sleep(Native Method)
        at org.apache.hadoop.ozone.container.common.statemachine.DatanodeStateMachine.start(DatanodeStateMachine.java:191)
        at org.apache.hadoop.ozone.container.common.statemachine.DatanodeStateMachine.lambda$startDaemon$0(DatanodeStateMachine.java:349)
        at org.apache.hadoop.ozone.container.common.statemachine.DatanodeStateMachine$$Lambda$140/903195729.run(Unknown Source)
        at java.lang.Thread.run(Thread.java:748)
"pool-46-thread-34"  prio=5 tid=386 in Object.wait()
java.lang.Thread.State: WAITING (on object monitor)
        at sun.misc.Unsafe.park(Native Method)
        at java.util.concurrent.locks.LockSupport.park(LockSupport.java:175)
        at java.util.concurrent.locks.AbstractQueuedSynchronizer$ConditionObject.await(AbstractQueuedSynchronizer.java:2039)
        at java.util.concurrent.ArrayBlockingQueue.take(ArrayBlockingQueue.java:403)
        at java.util.concurrent.ThreadPoolExecutor.getTask(ThreadPoolExecutor.java:1074)
        at java.util.concurrent.ThreadPoolExecutor.runWorker(ThreadPoolExecutor.java:1134)
        at java.util.concurrent.ThreadPoolExecutor$Worker.run(ThreadPoolExecutor.java:624)
        at java.lang.Thread.run(Thread.java:748)
"pool-46-thread-5"  prio=5 tid=357 in Object.wait()
java.lang.Thread.State: WAITING (on object monitor)
        at sun.misc.Unsafe.park(Native Method)
        at java.util.concurrent.locks.LockSupport.park(LockSupport.java:175)
        at java.util.concurrent.locks.AbstractQueuedSynchronizer$ConditionObject.await(AbstractQueuedSynchronizer.java:2039)
        at java.util.concurrent.ArrayBlockingQueue.take(ArrayBlockingQueue.java:403)
        at java.util.concurrent.ThreadPoolExecutor.getTask(ThreadPoolExecutor.java:1074)
        at java.util.concurrent.ThreadPoolExecutor.runWorker(ThreadPoolExecutor.java:1134)
        at java.util.concurrent.ThreadPoolExecutor$Worker.run(ThreadPoolExecutor.java:624)
        at java.lang.Thread.run(Thread.java:748)
"qtp245298614-159" daemon prio=5 tid=159 runnable
java.lang.Thread.State: RUNNABLE
        at sun.nio.ch.EPollArrayWrapper.epollWait(Native Method)
        at sun.nio.ch.EPollArrayWrapper.poll(EPollArrayWrapper.java:269)
        at sun.nio.ch.EPollSelectorImpl.doSelect(EPollSelectorImpl.java:93)
        at sun.nio.ch.SelectorImpl.lockAndDoSelect(SelectorImpl.java:86)
        at sun.nio.ch.SelectorImpl.select(SelectorImpl.java:97)
        at sun.nio.ch.SelectorImpl.select(SelectorImpl.java:101)
        at org.eclipse.jetty.io.ManagedSelector$SelectorProducer.select(ManagedSelector.java:243)
        at org.eclipse.jetty.io.ManagedSelector$SelectorProducer.produce(ManagedSelector.java:191)
        at org.eclipse.jetty.util.thread.strategy.ExecuteProduceConsume.executeProduceConsume(ExecuteProduceConsume.java:249)
        at org.eclipse.jetty.util.thread.strategy.ExecuteProduceConsume.produceConsume(ExecuteProduceConsume.java:148)
        at org.eclipse.jetty.util.thread.strategy.ExecuteProduceConsume.execute(ExecuteProduceConsume.java:100)
        at org.eclipse.jetty.io.ManagedSelector.run(ManagedSelector.java:147)
        at org.eclipse.jetty.util.thread.QueuedThreadPool.runJob(QueuedThreadPool.java:671)
        at org.eclipse.jetty.util.thread.QueuedThreadPool$2.run(QueuedThreadPool.java:589)
        at java.lang.Thread.run(Thread.java:748)
"pool-36-thread-54"  prio=5 tid=335 in Object.wait()
java.lang.Thread.State: WAITING (on object monitor)
        at sun.misc.Unsafe.park(Native Method)
        at java.util.concurrent.locks.LockSupport.park(LockSupport.java:175)
        at java.util.concurrent.locks.AbstractQueuedSynchronizer$ConditionObject.await(AbstractQueuedSynchronizer.java:2039)
        at java.util.concurrent.ArrayBlockingQueue.take(ArrayBlockingQueue.java:403)
        at java.util.concurrent.ThreadPoolExecutor.getTask(ThreadPoolExecutor.java:1074)
        at java.util.concurrent.ThreadPoolExecutor.runWorker(ThreadPoolExecutor.java:1134)
        at java.util.concurrent.ThreadPoolExecutor$Worker.run(ThreadPoolExecutor.java:624)
        at java.lang.Thread.run(Thread.java:748)
"pool-46-thread-45"  prio=5 tid=397 in Object.wait()
java.lang.Thread.State: WAITING (on object monitor)
        at sun.misc.Unsafe.park(Native Method)
        at java.util.concurrent.locks.LockSupport.park(LockSupport.java:175)
        at java.util.concurrent.locks.AbstractQueuedSynchronizer$ConditionObject.await(AbstractQueuedSynchronizer.java:2039)
        at java.util.concurrent.ArrayBlockingQueue.take(ArrayBlockingQueue.java:403)
        at java.util.concurrent.ThreadPoolExecutor.getTask(ThreadPoolExecutor.java:1074)
        at java.util.concurrent.ThreadPoolExecutor.runWorker(ThreadPoolExecutor.java:1134)
        at java.util.concurrent.ThreadPoolExecutor$Worker.run(ThreadPoolExecutor.java:624)
        at java.lang.Thread.run(Thread.java:748)
"pool-46-thread-24"  prio=5 tid=376 in Object.wait()
java.lang.Thread.State: WAITING (on object monitor)
        at sun.misc.Unsafe.park(Native Method)
        at java.util.concurrent.locks.LockSupport.park(LockSupport.java:175)
        at java.util.concurrent.locks.AbstractQueuedSynchronizer$ConditionObject.await(AbstractQueuedSynchronizer.java:2039)
        at java.util.concurrent.ArrayBlockingQueue.take(ArrayBlockingQueue.java:403)
        at java.util.concurrent.ThreadPoolExecutor.getTask(ThreadPoolExecutor.java:1074)
        at java.util.concurrent.ThreadPoolExecutor.runWorker(ThreadPoolExecutor.java:1134)
        at java.util.concurrent.ThreadPoolExecutor$Worker.run(ThreadPoolExecutor.java:624)
        at java.lang.Thread.run(Thread.java:748)
"IPC Server handler 14 on 35339" daemon prio=5 tid=129 timed_waiting
java.lang.Thread.State: TIMED_WAITING
        at sun.misc.Unsafe.park(Native Method)
        at java.util.concurrent.locks.LockSupport.parkNanos(LockSupport.java:215)
        at java.util.concurrent.locks.AbstractQueuedSynchronizer$ConditionObject.awaitNanos(AbstractQueuedSynchronizer.java:2078)
        at java.util.concurrent.LinkedBlockingQueue.poll(LinkedBlockingQueue.java:467)
        at org.apache.hadoop.ipc.CallQueueManager.take(CallQueueManager.java:288)
        at org.apache.hadoop.ipc.Server$Handler.run(Server.java:2668)
"pool-46-thread-43"  prio=5 tid=395 in Object.wait()
java.lang.Thread.State: WAITING (on object monitor)
        at sun.misc.Unsafe.park(Native Method)
        at java.util.concurrent.locks.LockSupport.park(LockSupport.java:175)
        at java.util.concurrent.locks.AbstractQueuedSynchronizer$ConditionObject.await(AbstractQueuedSynchronizer.java:2039)
        at java.util.concurrent.ArrayBlockingQueue.take(ArrayBlockingQueue.java:403)
        at java.util.concurrent.ThreadPoolExecutor.getTask(ThreadPoolExecutor.java:1074)
        at java.util.concurrent.ThreadPoolExecutor.runWorker(ThreadPoolExecutor.java:1134)
        at java.util.concurrent.ThreadPoolExecutor$Worker.run(ThreadPoolExecutor.java:624)
        at java.lang.Thread.run(Thread.java:748)
"pool-36-thread-44"  prio=5 tid=315 in Object.wait()
java.lang.Thread.State: WAITING (on object monitor)
        at sun.misc.Unsafe.park(Native Method)
        at java.util.concurrent.locks.LockSupport.park(LockSupport.java:175)
        at java.util.concurrent.locks.AbstractQueuedSynchronizer$ConditionObject.await(AbstractQueuedSynchronizer.java:2039)
        at java.util.concurrent.ArrayBlockingQueue.take(ArrayBlockingQueue.java:403)
        at java.util.concurrent.ThreadPoolExecutor.getTask(ThreadPoolExecutor.java:1074)
        at java.util.concurrent.ThreadPoolExecutor.runWorker(ThreadPoolExecutor.java:1134)
        at java.util.concurrent.ThreadPoolExecutor$Worker.run(ThreadPoolExecutor.java:624)
        at java.lang.Thread.run(Thread.java:748)
"pool-46-thread-4"  prio=5 tid=356 in Object.wait()
java.lang.Thread.State: WAITING (on object monitor)
        at sun.misc.Unsafe.park(Native Method)
        at java.util.concurrent.locks.LockSupport.park(LockSupport.java:175)
        at java.util.concurrent.locks.AbstractQueuedSynchronizer$ConditionObject.await(AbstractQueuedSynchronizer.java:2039)
        at java.util.concurrent.ArrayBlockingQueue.take(ArrayBlockingQueue.java:403)
        at java.util.concurrent.ThreadPoolExecutor.getTask(ThreadPoolExecutor.java:1074)
        at java.util.concurrent.ThreadPoolExecutor.runWorker(ThreadPoolExecutor.java:1134)
        at java.util.concurrent.ThreadPoolExecutor$Worker.run(ThreadPoolExecutor.java:624)
        at java.lang.Thread.run(Thread.java:748)
"IPC Server handler 4 on 46440" daemon prio=5 tid=53 timed_waiting
java.lang.Thread.State: TIMED_WAITING
        at sun.misc.Unsafe.park(Native Method)
        at java.util.concurrent.locks.LockSupport.parkNanos(LockSupport.java:215)
        at java.util.concurrent.locks.AbstractQueuedSynchronizer$ConditionObject.awaitNanos(AbstractQueuedSynchronizer.java:2078)
        at java.util.concurrent.LinkedBlockingQueue.poll(LinkedBlockingQueue.java:467)
        at org.apache.hadoop.ipc.CallQueueManager.take(CallQueueManager.java:288)
        at org.apache.hadoop.ipc.Server$Handler.run(Server.java:2668)
"qtp498748934-186" daemon prio=5 tid=186 runnable
java.lang.Thread.State: RUNNABLE
        at sun.nio.ch.EPollArrayWrapper.epollWait(Native Method)
        at sun.nio.ch.EPollArrayWrapper.poll(EPollArrayWrapper.java:269)
        at sun.nio.ch.EPollSelectorImpl.doSelect(EPollSelectorImpl.java:93)
        at sun.nio.ch.SelectorImpl.lockAndDoSelect(SelectorImpl.java:86)
        at sun.nio.ch.SelectorImpl.select(SelectorImpl.java:97)
        at sun.nio.ch.SelectorImpl.select(SelectorImpl.java:101)
        at org.eclipse.jetty.io.ManagedSelector$SelectorProducer.select(ManagedSelector.java:243)
        at org.eclipse.jetty.io.ManagedSelector$SelectorProducer.produce(ManagedSelector.java:191)
        at org.eclipse.jetty.util.thread.strategy.ExecuteProduceConsume.executeProduceConsume(ExecuteProduceConsume.java:249)
        at org.eclipse.jetty.util.thread.strategy.ExecuteProduceConsume.produceConsume(ExecuteProduceConsume.java:148)
        at org.eclipse.jetty.util.thread.strategy.ExecuteProduceConsume.execute(ExecuteProduceConsume.java:100)
        at org.eclipse.jetty.io.ManagedSelector.run(ManagedSelector.java:147)
        at org.eclipse.jetty.util.thread.QueuedThreadPool.runJob(QueuedThreadPool.java:671)
        at org.eclipse.jetty.util.thread.QueuedThreadPool$2.run(QueuedThreadPool.java:589)
        at java.lang.Thread.run(Thread.java:748)
"IPC Server handler 13 on 38663" daemon prio=5 tid=82 timed_waiting
java.lang.Thread.State: TIMED_WAITING
        at sun.misc.Unsafe.park(Native Method)
        at java.util.concurrent.locks.LockSupport.parkNanos(LockSupport.java:215)
        at java.util.concurrent.locks.AbstractQueuedSynchronizer$ConditionObject.awaitNanos(AbstractQueuedSynchronizer.java:2078)
        at java.util.concurrent.LinkedBlockingQueue.poll(LinkedBlockingQueue.java:467)
        at org.apache.hadoop.ipc.CallQueueManager.take(CallQueueManager.java:288)
        at org.apache.hadoop.ipc.Server$Handler.run(Server.java:2668)
"IPC Server listener on 45958" daemon prio=5 tid=22 runnable
java.lang.Thread.State: RUNNABLE
        at sun.nio.ch.EPollArrayWrapper.epollWait(Native Method)
        at sun.nio.ch.EPollArrayWrapper.poll(EPollArrayWrapper.java:269)
        at sun.nio.ch.EPollSelectorImpl.doSelect(EPollSelectorImpl.java:93)
        at sun.nio.ch.SelectorImpl.lockAndDoSelect(SelectorImpl.java:86)
        at sun.nio.ch.SelectorImpl.select(SelectorImpl.java:97)
        at sun.nio.ch.SelectorImpl.select(SelectorImpl.java:101)
        at org.apache.hadoop.ipc.Server$Listener.run(Server.java:1159)
"qtp573136580-92" daemon prio=5 tid=92 timed_waiting
java.lang.Thread.State: TIMED_WAITING
        at sun.misc.Unsafe.park(Native Method)
        at java.util.concurrent.locks.LockSupport.parkNanos(LockSupport.java:215)
        at java.util.concurrent.locks.AbstractQueuedSynchronizer$ConditionObject.awaitNanos(AbstractQueuedSynchronizer.java:2078)
        at org.eclipse.jetty.util.BlockingArrayQueue.poll(BlockingArrayQueue.java:392)
        at org.eclipse.jetty.util.thread.QueuedThreadPool.idleJobPoll(QueuedThreadPool.java:563)
        at org.eclipse.jetty.util.thread.QueuedThreadPool.access$800(QueuedThreadPool.java:48)
        at org.eclipse.jetty.util.thread.QueuedThreadPool$2.run(QueuedThreadPool.java:626)
        at java.lang.Thread.run(Thread.java:748)
"IPC Server handler 16 on 38663" daemon prio=5 tid=85 timed_waiting
java.lang.Thread.State: TIMED_WAITING
        at sun.misc.Unsafe.park(Native Method)
        at java.util.concurrent.locks.LockSupport.parkNanos(LockSupport.java:215)
        at java.util.concurrent.locks.AbstractQueuedSynchronizer$ConditionObject.awaitNanos(AbstractQueuedSynchronizer.java:2078)
        at java.util.concurrent.LinkedBlockingQueue.poll(LinkedBlockingQueue.java:467)
        at org.apache.hadoop.ipc.CallQueueManager.take(CallQueueManager.java:288)
        at org.apache.hadoop.ipc.Server$Handler.run(Server.java:2668)
"pool-26-thread-18"  prio=5 tid=272 in Object.wait()
java.lang.Thread.State: WAITING (on object monitor)
        at sun.misc.Unsafe.park(Native Method)
        at java.util.concurrent.locks.LockSupport.park(LockSupport.java:175)
        at java.util.concurrent.locks.AbstractQueuedSynchronizer$ConditionObject.await(AbstractQueuedSynchronizer.java:2039)
        at java.util.concurrent.ArrayBlockingQueue.take(ArrayBlockingQueue.java:403)
        at java.util.concurrent.ThreadPoolExecutor.getTask(ThreadPoolExecutor.java:1074)
        at java.util.concurrent.ThreadPoolExecutor.runWorker(ThreadPoolExecutor.java:1134)
        at java.util.concurrent.ThreadPoolExecutor$Worker.run(ThreadPoolExecutor.java:624)
        at java.lang.Thread.run(Thread.java:748)
"qtp245298614-162" daemon prio=5 tid=162 timed_waiting
java.lang.Thread.State: TIMED_WAITING
        at sun.misc.Unsafe.park(Native Method)
        at java.util.concurrent.locks.LockSupport.parkNanos(LockSupport.java:215)
        at java.util.concurrent.locks.AbstractQueuedSynchronizer$ConditionObject.awaitNanos(AbstractQueuedSynchronizer.java:2078)
        at org.eclipse.jetty.util.BlockingArrayQueue.poll(BlockingArrayQueue.java:392)
        at org.eclipse.jetty.util.thread.QueuedThreadPool.idleJobPoll(QueuedThreadPool.java:563)
        at org.eclipse.jetty.util.thread.QueuedThreadPool.access$800(QueuedThreadPool.java:48)
        at org.eclipse.jetty.util.thread.QueuedThreadPool$2.run(QueuedThreadPool.java:626)
        at java.lang.Thread.run(Thread.java:748)
"pool-36-thread-4"  prio=5 tid=239 in Object.wait()
java.lang.Thread.State: WAITING (on object monitor)
        at sun.misc.Unsafe.park(Native Method)
        at java.util.concurrent.locks.LockSupport.park(LockSupport.java:175)
        at java.util.concurrent.locks.AbstractQueuedSynchronizer$ConditionObject.await(AbstractQueuedSynchronizer.java:2039)
        at java.util.concurrent.ArrayBlockingQueue.take(ArrayBlockingQueue.java:403)
        at java.util.concurrent.ThreadPoolExecutor.getTask(ThreadPoolExecutor.java:1074)
        at java.util.concurrent.ThreadPoolExecutor.runWorker(ThreadPoolExecutor.java:1134)
        at java.util.concurrent.ThreadPoolExecutor$Worker.run(ThreadPoolExecutor.java:624)
        at java.lang.Thread.run(Thread.java:748)
"pool-44-thread-1" daemon prio=5 tid=210 timed_waiting
java.lang.Thread.State: TIMED_WAITING
        at sun.misc.Unsafe.park(Native Method)
        at java.util.concurrent.locks.LockSupport.parkNanos(LockSupport.java:215)
        at java.util.concurrent.locks.AbstractQueuedSynchronizer$ConditionObject.awaitNanos(AbstractQueuedSynchronizer.java:2078)
        at java.util.concurrent.ScheduledThreadPoolExecutor$DelayedWorkQueue.take(ScheduledThreadPoolExecutor.java:1093)
        at java.util.concurrent.ScheduledThreadPoolExecutor$DelayedWorkQueue.take(ScheduledThreadPoolExecutor.java:809)
        at java.util.concurrent.ThreadPoolExecutor.getTask(ThreadPoolExecutor.java:1074)
        at java.util.concurrent.ThreadPoolExecutor.runWorker(ThreadPoolExecutor.java:1134)
        at java.util.concurrent.ThreadPoolExecutor$Worker.run(ThreadPoolExecutor.java:624)
        at java.lang.Thread.run(Thread.java:748)
"EventQueue-PipelineReportForPipelineReportHandler" daemon prio=5 tid=425 in Object.wait()
java.lang.Thread.State: WAITING (on object monitor)
        at sun.misc.Unsafe.park(Native Method)
        at java.util.concurrent.locks.LockSupport.park(LockSupport.java:175)
        at java.util.concurrent.locks.AbstractQueuedSynchronizer$ConditionObject.await(AbstractQueuedSynchronizer.java:2039)
        at java.util.concurrent.LinkedBlockingQueue.take(LinkedBlockingQueue.java:442)
        at java.util.concurrent.ThreadPoolExecutor.getTask(ThreadPoolExecutor.java:1074)
        at java.util.concurrent.ThreadPoolExecutor.runWorker(ThreadPoolExecutor.java:1134)
        at java.util.concurrent.ThreadPoolExecutor$Worker.run(ThreadPoolExecutor.java:624)
        at java.lang.Thread.run(Thread.java:748)
"pool-46-thread-42"  prio=5 tid=394 in Object.wait()
java.lang.Thread.State: WAITING (on object monitor)
        at sun.misc.Unsafe.park(Native Method)
        at java.util.concurrent.locks.LockSupport.park(LockSupport.java:175)
        at java.util.concurrent.locks.AbstractQueuedSynchronizer$ConditionObject.await(AbstractQueuedSynchronizer.java:2039)
        at java.util.concurrent.ArrayBlockingQueue.take(ArrayBlockingQueue.java:403)
        at java.util.concurrent.ThreadPoolExecutor.getTask(ThreadPoolExecutor.java:1074)
        at java.util.concurrent.ThreadPoolExecutor.runWorker(ThreadPoolExecutor.java:1134)
        at java.util.concurrent.ThreadPoolExecutor$Worker.run(ThreadPoolExecutor.java:624)
        at java.lang.Thread.run(Thread.java:748)
"qtp2095970915-137-acceptor-0@3e11ada1-ServerConnector@7bef452c{HTTP/1.1,[http/1.1]}{0.0.0.0:33567}" daemon prio=3 tid=137 runnable
java.lang.Thread.State: RUNNABLE
        at sun.nio.ch.ServerSocketChannelImpl.accept0(Native Method)
        at sun.nio.ch.ServerSocketChannelImpl.accept(ServerSocketChannelImpl.java:422)
        at sun.nio.ch.ServerSocketChannelImpl.accept(ServerSocketChannelImpl.java:250)
        at org.eclipse.jetty.server.ServerConnector.accept(ServerConnector.java:397)
        at org.eclipse.jetty.server.AbstractConnector$Acceptor.run(AbstractConnector.java:601)
        at org.eclipse.jetty.util.thread.QueuedThreadPool.runJob(QueuedThreadPool.java:671)
        at org.eclipse.jetty.util.thread.QueuedThreadPool$2.run(QueuedThreadPool.java:589)
        at java.lang.Thread.run(Thread.java:748)
"pool-36-thread-3"  prio=5 tid=237 in Object.wait()
java.lang.Thread.State: WAITING (on object monitor)
        at sun.misc.Unsafe.park(Native Method)
        at java.util.concurrent.locks.LockSupport.park(LockSupport.java:175)
        at java.util.concurrent.locks.AbstractQueuedSynchronizer$ConditionObject.await(AbstractQueuedSynchronizer.java:2039)
        at java.util.concurrent.ArrayBlockingQueue.take(ArrayBlockingQueue.java:403)
        at java.util.concurrent.ThreadPoolExecutor.getTask(ThreadPoolExecutor.java:1074)
        at java.util.concurrent.ThreadPoolExecutor.runWorker(ThreadPoolExecutor.java:1134)
        at java.util.concurrent.ThreadPoolExecutor$Worker.run(ThreadPoolExecutor.java:624)
        at java.lang.Thread.run(Thread.java:748)
"Timer-1" daemon prio=5 tid=149 timed_waiting
java.lang.Thread.State: TIMED_WAITING
        at java.lang.Object.wait(Native Method)
        at java.util.TimerThread.mainLoop(Timer.java:552)
        at java.util.TimerThread.run(Timer.java:505)
"pool-46-thread-60"  prio=5 tid=412 in Object.wait()
java.lang.Thread.State: WAITING (on object monitor)
        at sun.misc.Unsafe.park(Native Method)
        at java.util.concurrent.locks.LockSupport.park(LockSupport.java:175)
        at java.util.concurrent.locks.AbstractQueuedSynchronizer$ConditionObject.await(AbstractQueuedSynchronizer.java:2039)
        at java.util.concurrent.ArrayBlockingQueue.take(ArrayBlockingQueue.java:403)
        at java.util.concurrent.ThreadPoolExecutor.getTask(ThreadPoolExecutor.java:1074)
        at java.util.concurrent.ThreadPoolExecutor.runWorker(ThreadPoolExecutor.java:1134)
        at java.util.concurrent.ThreadPoolExecutor$Worker.run(ThreadPoolExecutor.java:624)
        at java.lang.Thread.run(Thread.java:748)
"pool-36-thread-45"  prio=5 tid=317 in Object.wait()
java.lang.Thread.State: WAITING (on object monitor)
        at sun.misc.Unsafe.park(Native Method)
        at java.util.concurrent.locks.LockSupport.park(LockSupport.java:175)
        at java.util.concurrent.locks.AbstractQueuedSynchronizer$ConditionObject.await(AbstractQueuedSynchronizer.java:2039)
        at java.util.concurrent.ArrayBlockingQueue.take(ArrayBlockingQueue.java:403)
        at java.util.concurrent.ThreadPoolExecutor.getTask(ThreadPoolExecutor.java:1074)
        at java.util.concurrent.ThreadPoolExecutor.runWorker(ThreadPoolExecutor.java:1134)
        at java.util.concurrent.ThreadPoolExecutor$Worker.run(ThreadPoolExecutor.java:624)
        at java.lang.Thread.run(Thread.java:748)
"metrics-hadoop-metrics2-reporter-33-thread-1" daemon prio=5 tid=592 timed_waiting
java.lang.Thread.State: TIMED_WAITING
        at sun.misc.Unsafe.park(Native Method)
        at java.util.concurrent.locks.LockSupport.parkNanos(LockSupport.java:215)
        at java.util.concurrent.locks.AbstractQueuedSynchronizer$ConditionObject.awaitNanos(AbstractQueuedSynchronizer.java:2078)
        at java.util.concurrent.ScheduledThreadPoolExecutor$DelayedWorkQueue.take(ScheduledThreadPoolExecutor.java:1093)
        at java.util.concurrent.ScheduledThreadPoolExecutor$DelayedWorkQueue.take(ScheduledThreadPoolExecutor.java:809)
        at java.util.concurrent.ThreadPoolExecutor.getTask(ThreadPoolExecutor.java:1074)
        at java.util.concurrent.ThreadPoolExecutor.runWorker(ThreadPoolExecutor.java:1134)
        at java.util.concurrent.ThreadPoolExecutor$Worker.run(ThreadPoolExecutor.java:624)
        at java.lang.Thread.run(Thread.java:748)
"pool-36-thread-18"  prio=5 tid=264 in Object.wait()
java.lang.Thread.State: WAITING (on object monitor)
        at sun.misc.Unsafe.park(Native Method)
        at java.util.concurrent.locks.LockSupport.park(LockSupport.java:175)
        at java.util.concurrent.locks.AbstractQueuedSynchronizer$ConditionObject.await(AbstractQueuedSynchronizer.java:2039)
        at java.util.concurrent.ArrayBlockingQueue.take(ArrayBlockingQueue.java:403)
        at java.util.concurrent.ThreadPoolExecutor.getTask(ThreadPoolExecutor.java:1074)
        at java.util.concurrent.ThreadPoolExecutor.runWorker(ThreadPoolExecutor.java:1134)
        at java.util.concurrent.ThreadPoolExecutor$Worker.run(ThreadPoolExecutor.java:624)
        at java.lang.Thread.run(Thread.java:748)
"Datanode ReportManager Thread - 0" daemon prio=5 tid=225 in Object.wait()
java.lang.Thread.State: WAITING (on object monitor)
        at sun.misc.Unsafe.park(Native Method)
        at java.util.concurrent.locks.LockSupport.park(LockSupport.java:175)
        at java.util.concurrent.locks.AbstractQueuedSynchronizer$ConditionObject.await(AbstractQueuedSynchronizer.java:2039)
        at java.util.concurrent.ScheduledThreadPoolExecutor$DelayedWorkQueue.take(ScheduledThreadPoolExecutor.java:1088)
        at java.util.concurrent.ScheduledThreadPoolExecutor$DelayedWorkQueue.take(ScheduledThreadPoolExecutor.java:809)
        at java.util.concurrent.ThreadPoolExecutor.getTask(ThreadPoolExecutor.java:1074)
        at java.util.concurrent.ThreadPoolExecutor.runWorker(ThreadPoolExecutor.java:1134)
        at java.util.concurrent.ThreadPoolExecutor$Worker.run(ThreadPoolExecutor.java:624)
        at java.lang.Thread.run(Thread.java:748)
"pool-36-thread-34"  prio=5 tid=295 in Object.wait()
java.lang.Thread.State: WAITING (on object monitor)
        at sun.misc.Unsafe.park(Native Method)
        at java.util.concurrent.locks.LockSupport.park(LockSupport.java:175)
        at java.util.concurrent.locks.AbstractQueuedSynchronizer$ConditionObject.await(AbstractQueuedSynchronizer.java:2039)
        at java.util.concurrent.ArrayBlockingQueue.take(ArrayBlockingQueue.java:403)
        at java.util.concurrent.ThreadPoolExecutor.getTask(ThreadPoolExecutor.java:1074)
        at java.util.concurrent.ThreadPoolExecutor.runWorker(ThreadPoolExecutor.java:1134)
        at java.util.concurrent.ThreadPoolExecutor$Worker.run(ThreadPoolExecutor.java:624)
        at java.lang.Thread.run(Thread.java:748)
"Periodic HDDS volume checker"  prio=5 tid=152 timed_waiting
java.lang.Thread.State: TIMED_WAITING
        at sun.misc.Unsafe.park(Native Method)
        at java.util.concurrent.locks.LockSupport.parkNanos(LockSupport.java:215)
        at java.util.concurrent.locks.AbstractQueuedSynchronizer$ConditionObject.awaitNanos(AbstractQueuedSynchronizer.java:2078)
        at java.util.concurrent.ScheduledThreadPoolExecutor$DelayedWorkQueue.take(ScheduledThreadPoolExecutor.java:1093)
        at java.util.concurrent.ScheduledThreadPoolExecutor$DelayedWorkQueue.take(ScheduledThreadPoolExecutor.java:809)
        at java.util.concurrent.ThreadPoolExecutor.getTask(ThreadPoolExecutor.java:1074)
        at java.util.concurrent.ThreadPoolExecutor.runWorker(ThreadPoolExecutor.java:1134)
        at java.util.concurrent.ThreadPoolExecutor$Worker.run(ThreadPoolExecutor.java:624)
        at java.lang.Thread.run(Thread.java:748)
"Datanode ReportManager Thread - 2" daemon prio=5 tid=227 timed_waiting
java.lang.Thread.State: TIMED_WAITING
        at sun.misc.Unsafe.park(Native Method)
        at java.util.concurrent.locks.LockSupport.parkNanos(LockSupport.java:215)
        at java.util.concurrent.locks.AbstractQueuedSynchronizer$ConditionObject.awaitNanos(AbstractQueuedSynchronizer.java:2078)
        at java.util.concurrent.ScheduledThreadPoolExecutor$DelayedWorkQueue.take(ScheduledThreadPoolExecutor.java:1093)
        at java.util.concurrent.ScheduledThreadPoolExecutor$DelayedWorkQueue.take(ScheduledThreadPoolExecutor.java:809)
        at java.util.concurrent.ThreadPoolExecutor.getTask(ThreadPoolExecutor.java:1074)
        at java.util.concurrent.ThreadPoolExecutor.runWorker(ThreadPoolExecutor.java:1134)
        at java.util.concurrent.ThreadPoolExecutor$Worker.run(ThreadPoolExecutor.java:624)
        at java.lang.Thread.run(Thread.java:748)
"IPC Server handler 14 on 46440" daemon prio=5 tid=63 timed_waiting
java.lang.Thread.State: TIMED_WAITING
        at sun.misc.Unsafe.park(Native Method)
        at java.util.concurrent.locks.LockSupport.parkNanos(LockSupport.java:215)
        at java.util.concurrent.locks.AbstractQueuedSynchronizer$ConditionObject.awaitNanos(AbstractQueuedSynchronizer.java:2078)
        at java.util.concurrent.LinkedBlockingQueue.poll(LinkedBlockingQueue.java:467)
        at org.apache.hadoop.ipc.CallQueueManager.take(CallQueueManager.java:288)
        at org.apache.hadoop.ipc.Server$Handler.run(Server.java:2668)
"pool-26-thread-43"  prio=5 tid=322 in Object.wait()
java.lang.Thread.State: WAITING (on object monitor)
        at sun.misc.Unsafe.park(Native Method)
        at java.util.concurrent.locks.LockSupport.park(LockSupport.java:175)
        at java.util.concurrent.locks.AbstractQueuedSynchronizer$ConditionObject.await(AbstractQueuedSynchronizer.java:2039)
        at java.util.concurrent.ArrayBlockingQueue.take(ArrayBlockingQueue.java:403)
        at java.util.concurrent.ThreadPoolExecutor.getTask(ThreadPoolExecutor.java:1074)
        at java.util.concurrent.ThreadPoolExecutor.runWorker(ThreadPoolExecutor.java:1134)
        at java.util.concurrent.ThreadPoolExecutor$Worker.run(ThreadPoolExecutor.java:624)
        at java.lang.Thread.run(Thread.java:748)
"Datanode ReportManager Thread - 3" daemon prio=5 tid=228 in Object.wait()
java.lang.Thread.State: WAITING (on object monitor)
        at sun.misc.Unsafe.park(Native Method)
        at java.util.concurrent.locks.LockSupport.park(LockSupport.java:175)
        at java.util.concurrent.locks.AbstractQueuedSynchronizer$ConditionObject.await(AbstractQueuedSynchronizer.java:2039)
        at java.util.concurrent.ScheduledThreadPoolExecutor$DelayedWorkQueue.take(ScheduledThreadPoolExecutor.java:1088)
        at java.util.concurrent.ScheduledThreadPoolExecutor$DelayedWorkQueue.take(ScheduledThreadPoolExecutor.java:809)
        at java.util.concurrent.ThreadPoolExecutor.getTask(ThreadPoolExecutor.java:1074)
        at java.util.concurrent.ThreadPoolExecutor.runWorker(ThreadPoolExecutor.java:1134)
        at java.util.concurrent.ThreadPoolExecutor$Worker.run(ThreadPoolExecutor.java:624)
        at java.lang.Thread.run(Thread.java:748)
"IPC Server handler 6 on 35339" daemon prio=5 tid=120 timed_waiting
java.lang.Thread.State: TIMED_WAITING
        at sun.misc.Unsafe.park(Native Method)
        at java.util.concurrent.locks.LockSupport.parkNanos(LockSupport.java:215)
        at java.util.concurrent.locks.AbstractQueuedSynchronizer$ConditionObject.awaitNanos(AbstractQueuedSynchronizer.java:2078)
        at java.util.concurrent.LinkedBlockingQueue.poll(LinkedBlockingQueue.java:467)
        at org.apache.hadoop.ipc.CallQueueManager.take(CallQueueManager.java:288)
        at org.apache.hadoop.ipc.Server$Handler.run(Server.java:2668)
"pool-26-thread-49"  prio=5 tid=334 in Object.wait()
java.lang.Thread.State: WAITING (on object monitor)
        at sun.misc.Unsafe.park(Native Method)
        at java.util.concurrent.locks.LockSupport.park(LockSupport.java:175)
        at java.util.concurrent.locks.AbstractQueuedSynchronizer$ConditionObject.await(AbstractQueuedSynchronizer.java:2039)
        at java.util.concurrent.ArrayBlockingQueue.take(ArrayBlockingQueue.java:403)
        at java.util.concurrent.ThreadPoolExecutor.getTask(ThreadPoolExecutor.java:1074)
        at java.util.concurrent.ThreadPoolExecutor.runWorker(ThreadPoolExecutor.java:1134)
        at java.util.concurrent.ThreadPoolExecutor$Worker.run(ThreadPoolExecutor.java:624)
        at java.lang.Thread.run(Thread.java:748)
"pool-26-thread-31"  prio=5 tid=298 in Object.wait()
java.lang.Thread.State: WAITING (on object monitor)
        at sun.misc.Unsafe.park(Native Method)
        at java.util.concurrent.locks.LockSupport.park(LockSupport.java:175)
        at java.util.concurrent.locks.AbstractQueuedSynchronizer$ConditionObject.await(AbstractQueuedSynchronizer.java:2039)
        at java.util.concurrent.ArrayBlockingQueue.take(ArrayBlockingQueue.java:403)
        at java.util.concurrent.ThreadPoolExecutor.getTask(ThreadPoolExecutor.java:1074)
        at java.util.concurrent.ThreadPoolExecutor.runWorker(ThreadPoolExecutor.java:1134)
        at java.util.concurrent.ThreadPoolExecutor$Worker.run(ThreadPoolExecutor.java:624)
        at java.lang.Thread.run(Thread.java:748)
"904f39be-c3d3-4df4-99c0-2e4526e577e3@group-B549722E11F2-StateMachineUpdater" daemon prio=5 tid=437 in Object.wait()
java.lang.Thread.State: WAITING (on object monitor)
        at java.lang.Object.wait(Native Method)
        at java.lang.Object.wait(Object.java:502)
        at org.apache.ratis.server.impl.StateMachineUpdater.waitForCommit(StateMachineUpdater.java:194)
        at org.apache.ratis.server.impl.StateMachineUpdater.run(StateMachineUpdater.java:159)
        at java.lang.Thread.run(Thread.java:748)
"pool-46-thread-57"  prio=5 tid=409 in Object.wait()
java.lang.Thread.State: WAITING (on object monitor)
        at sun.misc.Unsafe.park(Native Method)
        at java.util.concurrent.locks.LockSupport.park(LockSupport.java:175)
        at java.util.concurrent.locks.AbstractQueuedSynchronizer$ConditionObject.await(AbstractQueuedSynchronizer.java:2039)
        at java.util.concurrent.ArrayBlockingQueue.take(ArrayBlockingQueue.java:403)
        at java.util.concurrent.ThreadPoolExecutor.getTask(ThreadPoolExecutor.java:1074)
        at java.util.concurrent.ThreadPoolExecutor.runWorker(ThreadPoolExecutor.java:1134)
        at java.util.concurrent.ThreadPoolExecutor$Worker.run(ThreadPoolExecutor.java:624)
        at java.lang.Thread.run(Thread.java:748)
"pool-36-thread-60"  prio=5 tid=347 in Object.wait()
java.lang.Thread.State: WAITING (on object monitor)
        at sun.misc.Unsafe.park(Native Method)
        at java.util.concurrent.locks.LockSupport.park(LockSupport.java:175)
        at java.util.concurrent.locks.AbstractQueuedSynchronizer$ConditionObject.await(AbstractQueuedSynchronizer.java:2039)
        at java.util.concurrent.ArrayBlockingQueue.take(ArrayBlockingQueue.java:403)
        at java.util.concurrent.ThreadPoolExecutor.getTask(ThreadPoolExecutor.java:1074)
        at java.util.concurrent.ThreadPoolExecutor.runWorker(ThreadPoolExecutor.java:1134)
        at java.util.concurrent.ThreadPoolExecutor$Worker.run(ThreadPoolExecutor.java:624)
        at java.lang.Thread.run(Thread.java:748)
"Datanode ReportManager Thread - 2" daemon prio=5 tid=200 timed_waiting
java.lang.Thread.State: TIMED_WAITING
        at sun.misc.Unsafe.park(Native Method)
        at java.util.concurrent.locks.LockSupport.parkNanos(LockSupport.java:215)
        at java.util.concurrent.locks.AbstractQueuedSynchronizer$ConditionObject.awaitNanos(AbstractQueuedSynchronizer.java:2078)
        at java.util.concurrent.ScheduledThreadPoolExecutor$DelayedWorkQueue.take(ScheduledThreadPoolExecutor.java:1093)
        at java.util.concurrent.ScheduledThreadPoolExecutor$DelayedWorkQueue.take(ScheduledThreadPoolExecutor.java:809)
        at java.util.concurrent.ThreadPoolExecutor.getTask(ThreadPoolExecutor.java:1074)
        at java.util.concurrent.ThreadPoolExecutor.runWorker(ThreadPoolExecutor.java:1134)
        at java.util.concurrent.ThreadPoolExecutor$Worker.run(ThreadPoolExecutor.java:624)
        at java.lang.Thread.run(Thread.java:748)
"metrics-hadoop-metrics2-reporter-30-thread-1" daemon prio=5 tid=579 timed_waiting
java.lang.Thread.State: TIMED_WAITING
        at sun.misc.Unsafe.park(Native Method)
        at java.util.concurrent.locks.LockSupport.parkNanos(LockSupport.java:215)
        at java.util.concurrent.locks.AbstractQueuedSynchronizer$ConditionObject.awaitNanos(AbstractQueuedSynchronizer.java:2078)
        at java.util.concurrent.ScheduledThreadPoolExecutor$DelayedWorkQueue.take(ScheduledThreadPoolExecutor.java:1093)
        at java.util.concurrent.ScheduledThreadPoolExecutor$DelayedWorkQueue.take(ScheduledThreadPoolExecutor.java:809)
        at java.util.concurrent.ThreadPoolExecutor.getTask(ThreadPoolExecutor.java:1074)
        at java.util.concurrent.ThreadPoolExecutor.runWorker(ThreadPoolExecutor.java:1134)
        at java.util.concurrent.ThreadPoolExecutor$Worker.run(ThreadPoolExecutor.java:624)
        at java.lang.Thread.run(Thread.java:748)
"pool-36-thread-49"  prio=5 tid=325 in Object.wait()
java.lang.Thread.State: WAITING (on object monitor)
        at sun.misc.Unsafe.park(Native Method)
        at java.util.concurrent.locks.LockSupport.park(LockSupport.java:175)
        at java.util.concurrent.locks.AbstractQueuedSynchronizer$ConditionObject.await(AbstractQueuedSynchronizer.java:2039)
        at java.util.concurrent.ArrayBlockingQueue.take(ArrayBlockingQueue.java:403)
        at java.util.concurrent.ThreadPoolExecutor.getTask(ThreadPoolExecutor.java:1074)
        at java.util.concurrent.ThreadPoolExecutor.runWorker(ThreadPoolExecutor.java:1134)
        at java.util.concurrent.ThreadPoolExecutor$Worker.run(ThreadPoolExecutor.java:624)
        at java.lang.Thread.run(Thread.java:748)
"pool-36-thread-7"  prio=5 tid=245 in Object.wait()
java.lang.Thread.State: WAITING (on object monitor)
        at sun.misc.Unsafe.park(Native Method)
        at java.util.concurrent.locks.LockSupport.park(LockSupport.java:175)
        at java.util.concurrent.locks.AbstractQueuedSynchronizer$ConditionObject.await(AbstractQueuedSynchronizer.java:2039)
        at java.util.concurrent.ArrayBlockingQueue.take(ArrayBlockingQueue.java:403)
        at java.util.concurrent.ThreadPoolExecutor.getTask(ThreadPoolExecutor.java:1074)
        at java.util.concurrent.ThreadPoolExecutor.runWorker(ThreadPoolExecutor.java:1134)
        at java.util.concurrent.ThreadPoolExecutor$Worker.run(ThreadPoolExecutor.java:624)
        at java.lang.Thread.run(Thread.java:748)
"pool-46-thread-32"  prio=5 tid=384 in Object.wait()
java.lang.Thread.State: WAITING (on object monitor)
        at sun.misc.Unsafe.park(Native Method)
        at java.util.concurrent.locks.LockSupport.park(LockSupport.java:175)
        at java.util.concurrent.locks.AbstractQueuedSynchronizer$ConditionObject.await(AbstractQueuedSynchronizer.java:2039)
        at java.util.concurrent.ArrayBlockingQueue.take(ArrayBlockingQueue.java:403)
        at java.util.concurrent.ThreadPoolExecutor.getTask(ThreadPoolExecutor.java:1074)
        at java.util.concurrent.ThreadPoolExecutor.runWorker(ThreadPoolExecutor.java:1134)
        at java.util.concurrent.ThreadPoolExecutor$Worker.run(ThreadPoolExecutor.java:624)
        at java.lang.Thread.run(Thread.java:748)
"java.util.concurrent.ThreadPoolExecutor$Worker@9624e4a[State = -1, empty queue]" daemon prio=5 tid=593 timed_waiting
java.lang.Thread.State: TIMED_WAITING
        at sun.misc.Unsafe.park(Native Method)
        at java.util.concurrent.locks.LockSupport.parkNanos(LockSupport.java:215)
        at java.util.concurrent.locks.AbstractQueuedSynchronizer$ConditionObject.awaitNanos(AbstractQueuedSynchronizer.java:2078)
        at java.util.concurrent.ScheduledThreadPoolExecutor$DelayedWorkQueue.take(ScheduledThreadPoolExecutor.java:1093)
        at java.util.concurrent.ScheduledThreadPoolExecutor$DelayedWorkQueue.take(ScheduledThreadPoolExecutor.java:809)
        at java.util.concurrent.ThreadPoolExecutor.getTask(ThreadPoolExecutor.java:1074)
        at java.util.concurrent.ThreadPoolExecutor.runWorker(ThreadPoolExecutor.java:1134)
        at java.util.concurrent.ThreadPoolExecutor$Worker.run(ThreadPoolExecutor.java:624)
        at java.lang.Thread.run(Thread.java:748)
"IPC Server handler 9 on 45958" daemon prio=5 tid=38 timed_waiting
java.lang.Thread.State: TIMED_WAITING
        at sun.misc.Unsafe.park(Native Method)
        at java.util.concurrent.locks.LockSupport.parkNanos(LockSupport.java:215)
        at java.util.concurrent.locks.AbstractQueuedSynchronizer$ConditionObject.awaitNanos(AbstractQueuedSynchronizer.java:2078)
        at java.util.concurrent.LinkedBlockingQueue.poll(LinkedBlockingQueue.java:467)
        at org.apache.hadoop.ipc.CallQueueManager.take(CallQueueManager.java:288)
        at org.apache.hadoop.ipc.Server$Handler.run(Server.java:2668)
"IPC Server handler 10 on 38663" daemon prio=5 tid=79 timed_waiting
java.lang.Thread.State: TIMED_WAITING
        at sun.misc.Unsafe.park(Native Method)
        at java.util.concurrent.locks.LockSupport.parkNanos(LockSupport.java:215)
        at java.util.concurrent.locks.AbstractQueuedSynchronizer$ConditionObject.awaitNanos(AbstractQueuedSynchronizer.java:2078)
        at java.util.concurrent.LinkedBlockingQueue.poll(LinkedBlockingQueue.java:467)
        at org.apache.hadoop.ipc.CallQueueManager.take(CallQueueManager.java:288)
        at org.apache.hadoop.ipc.Server$Handler.run(Server.java:2668)
"pool-26-thread-29"  prio=5 tid=294 in Object.wait()
java.lang.Thread.State: WAITING (on object monitor)
        at sun.misc.Unsafe.park(Native Method)
        at java.util.concurrent.locks.LockSupport.park(LockSupport.java:175)
        at java.util.concurrent.locks.AbstractQueuedSynchronizer$ConditionObject.await(AbstractQueuedSynchronizer.java:2039)
        at java.util.concurrent.ArrayBlockingQueue.take(ArrayBlockingQueue.java:403)
        at java.util.concurrent.ThreadPoolExecutor.getTask(ThreadPoolExecutor.java:1074)
        at java.util.concurrent.ThreadPoolExecutor.runWorker(ThreadPoolExecutor.java:1134)
        at java.util.concurrent.ThreadPoolExecutor$Worker.run(ThreadPoolExecutor.java:624)
        at java.lang.Thread.run(Thread.java:748)
"metrics-hadoop-metrics2-reporter-10-thread-1" daemon prio=5 tid=458 timed_waiting
java.lang.Thread.State: TIMED_WAITING
        at sun.misc.Unsafe.park(Native Method)
        at java.util.concurrent.locks.LockSupport.parkNanos(LockSupport.java:215)
        at java.util.concurrent.locks.AbstractQueuedSynchronizer$ConditionObject.awaitNanos(AbstractQueuedSynchronizer.java:2078)
        at java.util.concurrent.ScheduledThreadPoolExecutor$DelayedWorkQueue.take(ScheduledThreadPoolExecutor.java:1093)
        at java.util.concurrent.ScheduledThreadPoolExecutor$DelayedWorkQueue.take(ScheduledThreadPoolExecutor.java:809)
        at java.util.concurrent.ThreadPoolExecutor.getTask(ThreadPoolExecutor.java:1074)
        at java.util.concurrent.ThreadPoolExecutor.runWorker(ThreadPoolExecutor.java:1134)
        at java.util.concurrent.ThreadPoolExecutor$Worker.run(ThreadPoolExecutor.java:624)
        at java.lang.Thread.run(Thread.java:748)
"grpc-default-boss-ELG-1-1" daemon prio=5 tid=413 runnable
java.lang.Thread.State: RUNNABLE
        at sun.nio.ch.EPollArrayWrapper.epollWait(Native Method)
        at sun.nio.ch.EPollArrayWrapper.poll(EPollArrayWrapper.java:269)
        at sun.nio.ch.EPollSelectorImpl.doSelect(EPollSelectorImpl.java:93)
        at sun.nio.ch.SelectorImpl.lockAndDoSelect(SelectorImpl.java:86)
        at sun.nio.ch.SelectorImpl.select(SelectorImpl.java:97)
        at org.apache.ratis.thirdparty.io.netty.channel.nio.SelectedSelectionKeySetSelector.select(SelectedSelectionKeySetSelector.java:62)
        at org.apache.ratis.thirdparty.io.netty.channel.nio.NioEventLoop.select(NioEventLoop.java:753)
        at org.apache.ratis.thirdparty.io.netty.channel.nio.NioEventLoop.run(NioEventLoop.java:408)
        at org.apache.ratis.thirdparty.io.netty.util.concurrent.SingleThreadEventExecutor$5.run(SingleThreadEventExecutor.java:897)
        at org.apache.ratis.thirdparty.io.netty.util.concurrent.FastThreadLocalRunnable.run(FastThreadLocalRunnable.java:30)
        at java.lang.Thread.run(Thread.java:748)
"IPC Server idle connection scanner for port 35339" daemon prio=5 tid=109 timed_waiting
java.lang.Thread.State: TIMED_WAITING
        at java.lang.Object.wait(Native Method)
        at java.util.TimerThread.mainLoop(Timer.java:552)
        at java.util.TimerThread.run(Timer.java:505)
"metrics-hadoop-metrics2-reporter-13-thread-1" daemon prio=5 tid=464 timed_waiting
java.lang.Thread.State: TIMED_WAITING
        at sun.misc.Unsafe.park(Native Method)
        at java.util.concurrent.locks.LockSupport.parkNanos(LockSupport.java:215)
        at java.util.concurrent.locks.AbstractQueuedSynchronizer$ConditionObject.awaitNanos(AbstractQueuedSynchronizer.java:2078)
        at java.util.concurrent.ScheduledThreadPoolExecutor$DelayedWorkQueue.take(ScheduledThreadPoolExecutor.java:1093)
        at java.util.concurrent.ScheduledThreadPoolExecutor$DelayedWorkQueue.take(ScheduledThreadPoolExecutor.java:809)
        at java.util.concurrent.ThreadPoolExecutor.getTask(ThreadPoolExecutor.java:1074)
        at java.util.concurrent.ThreadPoolExecutor.runWorker(ThreadPoolExecutor.java:1134)
        at java.util.concurrent.ThreadPoolExecutor$Worker.run(ThreadPoolExecutor.java:624)
        at java.lang.Thread.run(Thread.java:748)
"IPC Server handler 19 on 38663" daemon prio=5 tid=88 timed_waiting
java.lang.Thread.State: TIMED_WAITING
        at sun.misc.Unsafe.park(Native Method)
        at java.util.concurrent.locks.LockSupport.parkNanos(LockSupport.java:215)
        at java.util.concurrent.locks.AbstractQueuedSynchronizer$ConditionObject.awaitNanos(AbstractQueuedSynchronizer.java:2078)
        at java.util.concurrent.LinkedBlockingQueue.poll(LinkedBlockingQueue.java:467)
        at org.apache.hadoop.ipc.CallQueueManager.take(CallQueueManager.java:288)
        at org.apache.hadoop.ipc.Server$Handler.run(Server.java:2668)
"IPC Server handler 10 on 45958" daemon prio=5 tid=39 timed_waiting
java.lang.Thread.State: TIMED_WAITING
        at sun.misc.Unsafe.park(Native Method)
        at java.util.concurrent.locks.LockSupport.parkNanos(LockSupport.java:215)
        at java.util.concurrent.locks.AbstractQueuedSynchronizer$ConditionObject.awaitNanos(AbstractQueuedSynchronizer.java:2078)
        at java.util.concurrent.LinkedBlockingQueue.poll(LinkedBlockingQueue.java:467)
        at org.apache.hadoop.ipc.CallQueueManager.take(CallQueueManager.java:288)
        at org.apache.hadoop.ipc.Server$Handler.run(Server.java:2668)
"pool-46-thread-38"  prio=5 tid=390 in Object.wait()
java.lang.Thread.State: WAITING (on object monitor)
        at sun.misc.Unsafe.park(Native Method)
        at java.util.concurrent.locks.LockSupport.park(LockSupport.java:175)
        at java.util.concurrent.locks.AbstractQueuedSynchronizer$ConditionObject.await(AbstractQueuedSynchronizer.java:2039)
        at java.util.concurrent.ArrayBlockingQueue.take(ArrayBlockingQueue.java:403)
        at java.util.concurrent.ThreadPoolExecutor.getTask(ThreadPoolExecutor.java:1074)
        at java.util.concurrent.ThreadPoolExecutor.runWorker(ThreadPoolExecutor.java:1134)
        at java.util.concurrent.ThreadPoolExecutor$Worker.run(ThreadPoolExecutor.java:624)
        at java.lang.Thread.run(Thread.java:748)
"qtp498748934-191" daemon prio=5 tid=191 timed_waiting
java.lang.Thread.State: TIMED_WAITING
        at sun.misc.Unsafe.park(Native Method)
        at java.util.concurrent.locks.LockSupport.parkNanos(LockSupport.java:215)
        at java.util.concurrent.locks.AbstractQueuedSynchronizer$ConditionObject.awaitNanos(AbstractQueuedSynchronizer.java:2078)
        at org.eclipse.jetty.util.BlockingArrayQueue.poll(BlockingArrayQueue.java:392)
        at org.eclipse.jetty.util.thread.QueuedThreadPool.idleJobPoll(QueuedThreadPool.java:563)
        at org.eclipse.jetty.util.thread.QueuedThreadPool.access$800(QueuedThreadPool.java:48)
        at org.eclipse.jetty.util.thread.QueuedThreadPool$2.run(QueuedThreadPool.java:626)
        at java.lang.Thread.run(Thread.java:748)
"pool-46-thread-30"  prio=5 tid=382 in Object.wait()
java.lang.Thread.State: WAITING (on object monitor)
        at sun.misc.Unsafe.park(Native Method)
        at java.util.concurrent.locks.LockSupport.park(LockSupport.java:175)
        at java.util.concurrent.locks.AbstractQueuedSynchronizer$ConditionObject.await(AbstractQueuedSynchronizer.java:2039)
        at java.util.concurrent.ArrayBlockingQueue.take(ArrayBlockingQueue.java:403)
        at java.util.concurrent.ThreadPoolExecutor.getTask(ThreadPoolExecutor.java:1074)
        at java.util.concurrent.ThreadPoolExecutor.runWorker(ThreadPoolExecutor.java:1134)
        at java.util.concurrent.ThreadPoolExecutor$Worker.run(ThreadPoolExecutor.java:624)
        at java.lang.Thread.run(Thread.java:748)
"pool-46-thread-50"  prio=5 tid=402 in Object.wait()
java.lang.Thread.State: WAITING (on object monitor)
        at sun.misc.Unsafe.park(Native Method)
        at java.util.concurrent.locks.LockSupport.park(LockSupport.java:175)
        at java.util.concurrent.locks.AbstractQueuedSynchronizer$ConditionObject.await(AbstractQueuedSynchronizer.java:2039)
        at java.util.concurrent.ArrayBlockingQueue.take(ArrayBlockingQueue.java:403)
        at java.util.concurrent.ThreadPoolExecutor.getTask(ThreadPoolExecutor.java:1074)
        at java.util.concurrent.ThreadPoolExecutor.runWorker(ThreadPoolExecutor.java:1134)
        at java.util.concurrent.ThreadPoolExecutor$Worker.run(ThreadPoolExecutor.java:624)
        at java.lang.Thread.run(Thread.java:748)
"pool-26-thread-26"  prio=5 tid=288 in Object.wait()
java.lang.Thread.State: WAITING (on object monitor)
        at sun.misc.Unsafe.park(Native Method)
        at java.util.concurrent.locks.LockSupport.park(LockSupport.java:175)
        at java.util.concurrent.locks.AbstractQueuedSynchronizer$ConditionObject.await(AbstractQueuedSynchronizer.java:2039)
        at java.util.concurrent.ArrayBlockingQueue.take(ArrayBlockingQueue.java:403)
        at java.util.concurrent.ThreadPoolExecutor.getTask(ThreadPoolExecutor.java:1074)
        at java.util.concurrent.ThreadPoolExecutor.runWorker(ThreadPoolExecutor.java:1134)
        at java.util.concurrent.ThreadPoolExecutor$Worker.run(ThreadPoolExecutor.java:624)
        at java.lang.Thread.run(Thread.java:748)
"IPC Server handler 18 on 38663" daemon prio=5 tid=87 timed_waiting
java.lang.Thread.State: TIMED_WAITING
        at sun.misc.Unsafe.park(Native Method)
        at java.util.concurrent.locks.LockSupport.parkNanos(LockSupport.java:215)
        at java.util.concurrent.locks.AbstractQueuedSynchronizer$ConditionObject.awaitNanos(AbstractQueuedSynchronizer.java:2078)
        at java.util.concurrent.LinkedBlockingQueue.poll(LinkedBlockingQueue.java:467)
        at org.apache.hadoop.ipc.CallQueueManager.take(CallQueueManager.java:288)
        at org.apache.hadoop.ipc.Server$Handler.run(Server.java:2668)
"pool-36-thread-33"  prio=5 tid=293 in Object.wait()
java.lang.Thread.State: WAITING (on object monitor)
        at sun.misc.Unsafe.park(Native Method)
        at java.util.concurrent.locks.LockSupport.park(LockSupport.java:175)
        at java.util.concurrent.locks.AbstractQueuedSynchronizer$ConditionObject.await(AbstractQueuedSynchronizer.java:2039)
        at java.util.concurrent.ArrayBlockingQueue.take(ArrayBlockingQueue.java:403)
        at java.util.concurrent.ThreadPoolExecutor.getTask(ThreadPoolExecutor.java:1074)
        at java.util.concurrent.ThreadPoolExecutor.runWorker(ThreadPoolExecutor.java:1134)
        at java.util.concurrent.ThreadPoolExecutor$Worker.run(ThreadPoolExecutor.java:624)
        at java.lang.Thread.run(Thread.java:748)
"EventQueue-NewNodeForNewNodeHandler" daemon prio=5 tid=420 in Object.wait()
java.lang.Thread.State: WAITING (on object monitor)
        at sun.misc.Unsafe.park(Native Method)
        at java.util.concurrent.locks.LockSupport.park(LockSupport.java:175)
        at java.util.concurrent.locks.AbstractQueuedSynchronizer$ConditionObject.await(AbstractQueuedSynchronizer.java:2039)
        at java.util.concurrent.LinkedBlockingQueue.take(LinkedBlockingQueue.java:442)
        at java.util.concurrent.ThreadPoolExecutor.getTask(ThreadPoolExecutor.java:1074)
        at java.util.concurrent.ThreadPoolExecutor.runWorker(ThreadPoolExecutor.java:1134)
        at java.util.concurrent.ThreadPoolExecutor$Worker.run(ThreadPoolExecutor.java:624)
        at java.lang.Thread.run(Thread.java:748)
"pool-46-thread-17"  prio=5 tid=369 in Object.wait()
java.lang.Thread.State: WAITING (on object monitor)
        at sun.misc.Unsafe.park(Native Method)
        at java.util.concurrent.locks.LockSupport.park(LockSupport.java:175)
        at java.util.concurrent.locks.AbstractQueuedSynchronizer$ConditionObject.await(AbstractQueuedSynchronizer.java:2039)
        at java.util.concurrent.ArrayBlockingQueue.take(ArrayBlockingQueue.java:403)
        at java.util.concurrent.ThreadPoolExecutor.getTask(ThreadPoolExecutor.java:1074)
        at java.util.concurrent.ThreadPoolExecutor.runWorker(ThreadPoolExecutor.java:1134)
        at java.util.concurrent.ThreadPoolExecutor$Worker.run(ThreadPoolExecutor.java:624)
        at java.lang.Thread.run(Thread.java:748)
"IPC Server handler 7 on 46440" daemon prio=5 tid=56 timed_waiting
java.lang.Thread.State: TIMED_WAITING
        at sun.misc.Unsafe.park(Native Method)
        at java.util.concurrent.locks.LockSupport.parkNanos(LockSupport.java:215)
        at java.util.concurrent.locks.AbstractQueuedSynchronizer$ConditionObject.awaitNanos(AbstractQueuedSynchronizer.java:2078)
        at java.util.concurrent.LinkedBlockingQueue.poll(LinkedBlockingQueue.java:467)
        at org.apache.hadoop.ipc.CallQueueManager.take(CallQueueManager.java:288)
        at org.apache.hadoop.ipc.Server$Handler.run(Server.java:2668)
"pool-46-thread-51"  prio=5 tid=403 in Object.wait()
java.lang.Thread.State: WAITING (on object monitor)
        at sun.misc.Unsafe.park(Native Method)
        at java.util.concurrent.locks.LockSupport.park(LockSupport.java:175)
        at java.util.concurrent.locks.AbstractQueuedSynchronizer$ConditionObject.await(AbstractQueuedSynchronizer.java:2039)
        at java.util.concurrent.ArrayBlockingQueue.take(ArrayBlockingQueue.java:403)
        at java.util.concurrent.ThreadPoolExecutor.getTask(ThreadPoolExecutor.java:1074)
        at java.util.concurrent.ThreadPoolExecutor.runWorker(ThreadPoolExecutor.java:1134)
        at java.util.concurrent.ThreadPoolExecutor$Worker.run(ThreadPoolExecutor.java:624)
        at java.lang.Thread.run(Thread.java:748)
"IPC Server handler 13 on 35339" daemon prio=5 tid=128 timed_waiting
java.lang.Thread.State: TIMED_WAITING
        at sun.misc.Unsafe.park(Native Method)
        at java.util.concurrent.locks.LockSupport.parkNanos(LockSupport.java:215)
        at java.util.concurrent.locks.AbstractQueuedSynchronizer$ConditionObject.awaitNanos(AbstractQueuedSynchronizer.java:2078)
        at java.util.concurrent.LinkedBlockingQueue.poll(LinkedBlockingQueue.java:467)
        at org.apache.hadoop.ipc.CallQueueManager.take(CallQueueManager.java:288)
        at org.apache.hadoop.ipc.Server$Handler.run(Server.java:2668)
"metrics-hadoop-metrics2-reporter-22-thread-1" daemon prio=5 tid=521 timed_waiting
java.lang.Thread.State: TIMED_WAITING
        at sun.misc.Unsafe.park(Native Method)
        at java.util.concurrent.locks.LockSupport.parkNanos(LockSupport.java:215)
        at java.util.concurrent.locks.AbstractQueuedSynchronizer$ConditionObject.awaitNanos(AbstractQueuedSynchronizer.java:2078)
        at java.util.concurrent.ScheduledThreadPoolExecutor$DelayedWorkQueue.take(ScheduledThreadPoolExecutor.java:1093)
        at java.util.concurrent.ScheduledThreadPoolExecutor$DelayedWorkQueue.take(ScheduledThreadPoolExecutor.java:809)
        at java.util.concurrent.ThreadPoolExecutor.getTask(ThreadPoolExecutor.java:1074)
        at java.util.concurrent.ThreadPoolExecutor.runWorker(ThreadPoolExecutor.java:1134)
        at java.util.concurrent.ThreadPoolExecutor$Worker.run(ThreadPoolExecutor.java:624)
        at java.lang.Thread.run(Thread.java:748)
"jaeger.RemoteReporter-QueueProcessor" daemon prio=5 tid=147 in Object.wait()
java.lang.Thread.State: WAITING (on object monitor)
        at sun.misc.Unsafe.park(Native Method)
        at java.util.concurrent.locks.LockSupport.park(LockSupport.java:175)
        at java.util.concurrent.locks.AbstractQueuedSynchronizer$ConditionObject.await(AbstractQueuedSynchronizer.java:2039)
        at java.util.concurrent.ArrayBlockingQueue.take(ArrayBlockingQueue.java:403)
        at io.jaegertracing.internal.reporters.RemoteReporter$QueueProcessor.run(RemoteReporter.java:173)
        at java.lang.Thread.run(Thread.java:748)
"Datanode State Machine Thread - 0" daemon prio=5 tid=170 timed_waiting
java.lang.Thread.State: TIMED_WAITING
        at java.lang.Thread.sleep(Native Method)
        at org.apache.hadoop.ozone.container.common.statemachine.DatanodeStateMachine.start(DatanodeStateMachine.java:191)
        at org.apache.hadoop.ozone.container.common.statemachine.DatanodeStateMachine.lambda$startDaemon$0(DatanodeStateMachine.java:349)
        at org.apache.hadoop.ozone.container.common.statemachine.DatanodeStateMachine$$Lambda$140/903195729.run(Unknown Source)
        at java.lang.Thread.run(Thread.java:748)
"pool-26-thread-9"  prio=5 tid=250 in Object.wait()
java.lang.Thread.State: WAITING (on object monitor)
        at sun.misc.Unsafe.park(Native Method)
        at java.util.concurrent.locks.LockSupport.park(LockSupport.java:175)
        at java.util.concurrent.locks.AbstractQueuedSynchronizer$ConditionObject.await(AbstractQueuedSynchronizer.java:2039)
        at java.util.concurrent.ArrayBlockingQueue.take(ArrayBlockingQueue.java:403)
        at java.util.concurrent.ThreadPoolExecutor.getTask(ThreadPoolExecutor.java:1074)
        at java.util.concurrent.ThreadPoolExecutor.runWorker(ThreadPoolExecutor.java:1134)
        at java.util.concurrent.ThreadPoolExecutor$Worker.run(ThreadPoolExecutor.java:624)
        at java.lang.Thread.run(Thread.java:748)
"Periodic HDDS volume checker"  prio=5 tid=177 timed_waiting
java.lang.Thread.State: TIMED_WAITING
        at sun.misc.Unsafe.park(Native Method)
        at java.util.concurrent.locks.LockSupport.parkNanos(LockSupport.java:215)
        at java.util.concurrent.locks.AbstractQueuedSynchronizer$ConditionObject.awaitNanos(AbstractQueuedSynchronizer.java:2078)
        at java.util.concurrent.ScheduledThreadPoolExecutor$DelayedWorkQueue.take(ScheduledThreadPoolExecutor.java:1093)
        at java.util.concurrent.ScheduledThreadPoolExecutor$DelayedWorkQueue.take(ScheduledThreadPoolExecutor.java:809)
        at java.util.concurrent.ThreadPoolExecutor.getTask(ThreadPoolExecutor.java:1074)
        at java.util.concurrent.ThreadPoolExecutor.runWorker(ThreadPoolExecutor.java:1134)
        at java.util.concurrent.ThreadPoolExecutor$Worker.run(ThreadPoolExecutor.java:624)
        at java.lang.Thread.run(Thread.java:748)
"pool-46-thread-6"  prio=5 tid=358 in Object.wait()
java.lang.Thread.State: WAITING (on object monitor)
        at sun.misc.Unsafe.park(Native Method)
        at java.util.concurrent.locks.LockSupport.park(LockSupport.java:175)
        at java.util.concurrent.locks.AbstractQueuedSynchronizer$ConditionObject.await(AbstractQueuedSynchronizer.java:2039)
        at java.util.concurrent.ArrayBlockingQueue.take(ArrayBlockingQueue.java:403)
        at java.util.concurrent.ThreadPoolExecutor.getTask(ThreadPoolExecutor.java:1074)
        at java.util.concurrent.ThreadPoolExecutor.runWorker(ThreadPoolExecutor.java:1134)
        at java.util.concurrent.ThreadPoolExecutor$Worker.run(ThreadPoolExecutor.java:624)
        at java.lang.Thread.run(Thread.java:748)
"pool-46-thread-1"  prio=5 tid=353 in Object.wait()
java.lang.Thread.State: WAITING (on object monitor)
        at sun.misc.Unsafe.park(Native Method)
        at java.util.concurrent.locks.LockSupport.park(LockSupport.java:175)
        at java.util.concurrent.locks.AbstractQueuedSynchronizer$ConditionObject.await(AbstractQueuedSynchronizer.java:2039)
        at java.util.concurrent.ArrayBlockingQueue.take(ArrayBlockingQueue.java:403)
        at java.util.concurrent.ThreadPoolExecutor.getTask(ThreadPoolExecutor.java:1074)
        at java.util.concurrent.ThreadPoolExecutor.runWorker(ThreadPoolExecutor.java:1134)
        at java.util.concurrent.ThreadPoolExecutor$Worker.run(ThreadPoolExecutor.java:624)
        at java.lang.Thread.run(Thread.java:748)
"pool-26-thread-34"  prio=5 tid=304 in Object.wait()
java.lang.Thread.State: WAITING (on object monitor)
        at sun.misc.Unsafe.park(Native Method)
        at java.util.concurrent.locks.LockSupport.park(LockSupport.java:175)
        at java.util.concurrent.locks.AbstractQueuedSynchronizer$ConditionObject.await(AbstractQueuedSynchronizer.java:2039)
        at java.util.concurrent.ArrayBlockingQueue.take(ArrayBlockingQueue.java:403)
        at java.util.concurrent.ThreadPoolExecutor.getTask(ThreadPoolExecutor.java:1074)
        at java.util.concurrent.ThreadPoolExecutor.runWorker(ThreadPoolExecutor.java:1134)
        at java.util.concurrent.ThreadPoolExecutor$Worker.run(ThreadPoolExecutor.java:624)
        at java.lang.Thread.run(Thread.java:748)
"metrics-hadoop-metrics2-reporter-6-thread-1" daemon prio=5 tid=449 timed_waiting
java.lang.Thread.State: TIMED_WAITING
        at sun.misc.Unsafe.park(Native Method)
        at java.util.concurrent.locks.LockSupport.parkNanos(LockSupport.java:215)
        at java.util.concurrent.locks.AbstractQueuedSynchronizer$ConditionObject.awaitNanos(AbstractQueuedSynchronizer.java:2078)
        at java.util.concurrent.ScheduledThreadPoolExecutor$DelayedWorkQueue.take(ScheduledThreadPoolExecutor.java:1093)
        at java.util.concurrent.ScheduledThreadPoolExecutor$DelayedWorkQueue.take(ScheduledThreadPoolExecutor.java:809)
        at java.util.concurrent.ThreadPoolExecutor.getTask(ThreadPoolExecutor.java:1074)
        at java.util.concurrent.ThreadPoolExecutor.runWorker(ThreadPoolExecutor.java:1134)
        at java.util.concurrent.ThreadPoolExecutor$Worker.run(ThreadPoolExecutor.java:624)
        at java.lang.Thread.run(Thread.java:748)
"metrics-hadoop-metrics2-reporter-20-thread-1" daemon prio=5 tid=489 timed_waiting
java.lang.Thread.State: TIMED_WAITING
        at sun.misc.Unsafe.park(Native Method)
        at java.util.concurrent.locks.LockSupport.parkNanos(LockSupport.java:215)
        at java.util.concurrent.locks.AbstractQueuedSynchronizer$ConditionObject.awaitNanos(AbstractQueuedSynchronizer.java:2078)
        at java.util.concurrent.ScheduledThreadPoolExecutor$DelayedWorkQueue.take(ScheduledThreadPoolExecutor.java:1093)
        at java.util.concurrent.ScheduledThreadPoolExecutor$DelayedWorkQueue.take(ScheduledThreadPoolExecutor.java:809)
        at java.util.concurrent.ThreadPoolExecutor.getTask(ThreadPoolExecutor.java:1074)
        at java.util.concurrent.ThreadPoolExecutor.runWorker(ThreadPoolExecutor.java:1134)
        at java.util.concurrent.ThreadPoolExecutor$Worker.run(ThreadPoolExecutor.java:624)
        at java.lang.Thread.run(Thread.java:748)
"IPC Server handler 0 on 35339" daemon prio=5 tid=114 timed_waiting
java.lang.Thread.State: TIMED_WAITING
        at sun.misc.Unsafe.park(Native Method)
        at java.util.concurrent.locks.LockSupport.parkNanos(LockSupport.java:215)
        at java.util.concurrent.locks.AbstractQueuedSynchronizer$ConditionObject.awaitNanos(AbstractQueuedSynchronizer.java:2078)
        at java.util.concurrent.LinkedBlockingQueue.poll(LinkedBlockingQueue.java:467)
        at org.apache.hadoop.ipc.CallQueueManager.take(CallQueueManager.java:288)
        at org.apache.hadoop.ipc.Server$Handler.run(Server.java:2668)
"pool-36-thread-24"  prio=5 tid=275 in Object.wait()
java.lang.Thread.State: WAITING (on object monitor)
        at sun.misc.Unsafe.park(Native Method)
        at java.util.concurrent.locks.LockSupport.park(LockSupport.java:175)
        at java.util.concurrent.locks.AbstractQueuedSynchronizer$ConditionObject.await(AbstractQueuedSynchronizer.java:2039)
        at java.util.concurrent.ArrayBlockingQueue.take(ArrayBlockingQueue.java:403)
        at java.util.concurrent.ThreadPoolExecutor.getTask(ThreadPoolExecutor.java:1074)
        at java.util.concurrent.ThreadPoolExecutor.runWorker(ThreadPoolExecutor.java:1134)
        at java.util.concurrent.ThreadPoolExecutor$Worker.run(ThreadPoolExecutor.java:624)
        at java.lang.Thread.run(Thread.java:748)
"pool-26-thread-39"  prio=5 tid=314 in Object.wait()
java.lang.Thread.State: WAITING (on object monitor)
        at sun.misc.Unsafe.park(Native Method)
        at java.util.concurrent.locks.LockSupport.park(LockSupport.java:175)
        at java.util.concurrent.locks.AbstractQueuedSynchronizer$ConditionObject.await(AbstractQueuedSynchronizer.java:2039)
        at java.util.concurrent.ArrayBlockingQueue.take(ArrayBlockingQueue.java:403)
        at java.util.concurrent.ThreadPoolExecutor.getTask(ThreadPoolExecutor.java:1074)
        at java.util.concurrent.ThreadPoolExecutor.runWorker(ThreadPoolExecutor.java:1134)
        at java.util.concurrent.ThreadPoolExecutor$Worker.run(ThreadPoolExecutor.java:624)
        at java.lang.Thread.run(Thread.java:748)
"Datanode State Machine Thread - 0" daemon prio=5 tid=204 timed_waiting
java.lang.Thread.State: TIMED_WAITING
        at sun.misc.Unsafe.park(Native Method)
        at java.util.concurrent.locks.LockSupport.parkNanos(LockSupport.java:215)
        at java.util.concurrent.SynchronousQueue$TransferStack.awaitFulfill(SynchronousQueue.java:460)
        at java.util.concurrent.SynchronousQueue$TransferStack.transfer(SynchronousQueue.java:362)
        at java.util.concurrent.SynchronousQueue.poll(SynchronousQueue.java:941)
        at java.util.concurrent.ThreadPoolExecutor.getTask(ThreadPoolExecutor.java:1073)
        at java.util.concurrent.ThreadPoolExecutor.runWorker(ThreadPoolExecutor.java:1134)
        at java.util.concurrent.ThreadPoolExecutor$Worker.run(ThreadPoolExecutor.java:624)
        at java.lang.Thread.run(Thread.java:748)
"IPC Server handler 6 on 45958" daemon prio=5 tid=35 timed_waiting
java.lang.Thread.State: TIMED_WAITING
        at sun.misc.Unsafe.park(Native Method)
        at java.util.concurrent.locks.LockSupport.parkNanos(LockSupport.java:215)
        at java.util.concurrent.locks.AbstractQueuedSynchronizer$ConditionObject.awaitNanos(AbstractQueuedSynchronizer.java:2078)
        at java.util.concurrent.LinkedBlockingQueue.poll(LinkedBlockingQueue.java:467)
        at org.apache.hadoop.ipc.CallQueueManager.take(CallQueueManager.java:288)
        at org.apache.hadoop.ipc.Server$Handler.run(Server.java:2668)
"pool-36-thread-36"  prio=5 tid=299 in Object.wait()
java.lang.Thread.State: WAITING (on object monitor)
        at sun.misc.Unsafe.park(Native Method)
        at java.util.concurrent.locks.LockSupport.park(LockSupport.java:175)
        at java.util.concurrent.locks.AbstractQueuedSynchronizer$ConditionObject.await(AbstractQueuedSynchronizer.java:2039)
        at java.util.concurrent.ArrayBlockingQueue.take(ArrayBlockingQueue.java:403)
        at java.util.concurrent.ThreadPoolExecutor.getTask(ThreadPoolExecutor.java:1074)
        at java.util.concurrent.ThreadPoolExecutor.runWorker(ThreadPoolExecutor.java:1134)
        at java.util.concurrent.ThreadPoolExecutor$Worker.run(ThreadPoolExecutor.java:624)
        at java.lang.Thread.run(Thread.java:748)
"qtp2095970915-140" daemon prio=5 tid=140 timed_waiting
java.lang.Thread.State: TIMED_WAITING
        at sun.misc.Unsafe.park(Native Method)
        at java.util.concurrent.locks.LockSupport.parkNanos(LockSupport.java:215)
        at java.util.concurrent.locks.AbstractQueuedSynchronizer$ConditionObject.awaitNanos(AbstractQueuedSynchronizer.java:2078)
        at org.eclipse.jetty.util.BlockingArrayQueue.poll(BlockingArrayQueue.java:392)
        at org.eclipse.jetty.util.thread.QueuedThreadPool.idleJobPoll(QueuedThreadPool.java:563)
        at org.eclipse.jetty.util.thread.QueuedThreadPool.access$800(QueuedThreadPool.java:48)
        at org.eclipse.jetty.util.thread.QueuedThreadPool$2.run(QueuedThreadPool.java:626)
        at java.lang.Thread.run(Thread.java:748)
"IPC Server handler 9 on 35339" daemon prio=5 tid=123 timed_waiting
java.lang.Thread.State: TIMED_WAITING
        at sun.misc.Unsafe.park(Native Method)
        at java.util.concurrent.locks.LockSupport.parkNanos(LockSupport.java:215)
        at java.util.concurrent.locks.AbstractQueuedSynchronizer$ConditionObject.awaitNanos(AbstractQueuedSynchronizer.java:2078)
        at java.util.concurrent.LinkedBlockingQueue.poll(LinkedBlockingQueue.java:467)
        at org.apache.hadoop.ipc.CallQueueManager.take(CallQueueManager.java:288)
        at org.apache.hadoop.ipc.Server$Handler.run(Server.java:2668)
"org.apache.hadoop.util.JvmPauseMonitor$Monitor@5aa0dbf4" daemon prio=5 tid=102 timed_waiting
java.lang.Thread.State: TIMED_WAITING
        at java.lang.Thread.sleep(Native Method)
        at org.apache.hadoop.util.JvmPauseMonitor$Monitor.run(JvmPauseMonitor.java:192)
        at java.lang.Thread.run(Thread.java:748)
"IPC Server handler 0 on 38663" daemon prio=5 tid=69 timed_waiting
java.lang.Thread.State: TIMED_WAITING
        at sun.misc.Unsafe.park(Native Method)
        at java.util.concurrent.locks.LockSupport.parkNanos(LockSupport.java:215)
        at java.util.concurrent.locks.AbstractQueuedSynchronizer$ConditionObject.awaitNanos(AbstractQueuedSynchronizer.java:2078)
        at java.util.concurrent.LinkedBlockingQueue.poll(LinkedBlockingQueue.java:467)
        at org.apache.hadoop.ipc.CallQueueManager.take(CallQueueManager.java:288)
        at org.apache.hadoop.ipc.Server$Handler.run(Server.java:2668)
"pool-26-thread-41"  prio=5 tid=318 in Object.wait()
java.lang.Thread.State: WAITING (on object monitor)
        at sun.misc.Unsafe.park(Native Method)
        at java.util.concurrent.locks.LockSupport.park(LockSupport.java:175)
        at java.util.concurrent.locks.AbstractQueuedSynchronizer$ConditionObject.await(AbstractQueuedSynchronizer.java:2039)
        at java.util.concurrent.ArrayBlockingQueue.take(ArrayBlockingQueue.java:403)
        at java.util.concurrent.ThreadPoolExecutor.getTask(ThreadPoolExecutor.java:1074)
        at java.util.concurrent.ThreadPoolExecutor.runWorker(ThreadPoolExecutor.java:1134)
        at java.util.concurrent.ThreadPoolExecutor$Worker.run(ThreadPoolExecutor.java:624)
        at java.lang.Thread.run(Thread.java:748)
"pool-46-thread-23"  prio=5 tid=375 in Object.wait()
java.lang.Thread.State: WAITING (on object monitor)
        at sun.misc.Unsafe.park(Native Method)
        at java.util.concurrent.locks.LockSupport.park(LockSupport.java:175)
        at java.util.concurrent.locks.AbstractQueuedSynchronizer$ConditionObject.await(AbstractQueuedSynchronizer.java:2039)
        at java.util.concurrent.ArrayBlockingQueue.take(ArrayBlockingQueue.java:403)
        at java.util.concurrent.ThreadPoolExecutor.getTask(ThreadPoolExecutor.java:1074)
        at java.util.concurrent.ThreadPoolExecutor.runWorker(ThreadPoolExecutor.java:1134)
        at java.util.concurrent.ThreadPoolExecutor$Worker.run(ThreadPoolExecutor.java:624)
        at java.lang.Thread.run(Thread.java:748)
"Socket Reader #1 for port 45958"  prio=5 tid=23 runnable
java.lang.Thread.State: RUNNABLE
        at sun.nio.ch.EPollArrayWrapper.epollWait(Native Method)
        at sun.nio.ch.EPollArrayWrapper.poll(EPollArrayWrapper.java:269)
        at sun.nio.ch.EPollSelectorImpl.doSelect(EPollSelectorImpl.java:93)
        at sun.nio.ch.SelectorImpl.lockAndDoSelect(SelectorImpl.java:86)
        at sun.nio.ch.SelectorImpl.select(SelectorImpl.java:97)
        at sun.nio.ch.SelectorImpl.select(SelectorImpl.java:101)
        at org.apache.hadoop.ipc.Server$Listener$Reader.doRunLoop(Server.java:1097)
        at org.apache.hadoop.ipc.Server$Listener$Reader.run(Server.java:1076)
"metrics-hadoop-metrics2-reporter-9-thread-1" daemon prio=5 tid=455 timed_waiting
java.lang.Thread.State: TIMED_WAITING
        at sun.misc.Unsafe.park(Native Method)
        at java.util.concurrent.locks.LockSupport.parkNanos(LockSupport.java:215)
        at java.util.concurrent.locks.AbstractQueuedSynchronizer$ConditionObject.awaitNanos(AbstractQueuedSynchronizer.java:2078)
        at java.util.concurrent.ScheduledThreadPoolExecutor$DelayedWorkQueue.take(ScheduledThreadPoolExecutor.java:1093)
        at java.util.concurrent.ScheduledThreadPoolExecutor$DelayedWorkQueue.take(ScheduledThreadPoolExecutor.java:809)
        at java.util.concurrent.ThreadPoolExecutor.getTask(ThreadPoolExecutor.java:1074)
        at java.util.concurrent.ThreadPoolExecutor.runWorker(ThreadPoolExecutor.java:1134)
        at java.util.concurrent.ThreadPoolExecutor$Worker.run(ThreadPoolExecutor.java:624)
        at java.lang.Thread.run(Thread.java:748)
"IPC Server handler 14 on 45958" daemon prio=5 tid=43 timed_waiting
java.lang.Thread.State: TIMED_WAITING
        at sun.misc.Unsafe.park(Native Method)
        at java.util.concurrent.locks.LockSupport.parkNanos(LockSupport.java:215)
        at java.util.concurrent.locks.AbstractQueuedSynchronizer$ConditionObject.awaitNanos(AbstractQueuedSynchronizer.java:2078)
        at java.util.concurrent.LinkedBlockingQueue.poll(LinkedBlockingQueue.java:467)
        at org.apache.hadoop.ipc.CallQueueManager.take(CallQueueManager.java:288)
        at org.apache.hadoop.ipc.Server$Handler.run(Server.java:2668)
"pool-26-thread-42"  prio=5 tid=320 in Object.wait()
java.lang.Thread.State: WAITING (on object monitor)
        at sun.misc.Unsafe.park(Native Method)
        at java.util.concurrent.locks.LockSupport.park(LockSupport.java:175)
        at java.util.concurrent.locks.AbstractQueuedSynchronizer$ConditionObject.await(AbstractQueuedSynchronizer.java:2039)
        at java.util.concurrent.ArrayBlockingQueue.take(ArrayBlockingQueue.java:403)
        at java.util.concurrent.ThreadPoolExecutor.getTask(ThreadPoolExecutor.java:1074)
        at java.util.concurrent.ThreadPoolExecutor.runWorker(ThreadPoolExecutor.java:1134)
        at java.util.concurrent.ThreadPoolExecutor$Worker.run(ThreadPoolExecutor.java:624)
        at java.lang.Thread.run(Thread.java:748)
"904f39be-c3d3-4df4-99c0-2e4526e577e3@group-146C50BE7901-SegmentedRaftLogWorker"  prio=5 tid=563 timed_waiting
java.lang.Thread.State: TIMED_WAITING
        at sun.misc.Unsafe.park(Native Method)
        at java.util.concurrent.locks.LockSupport.parkNanos(LockSupport.java:215)
        at java.util.concurrent.locks.AbstractQueuedSynchronizer$ConditionObject.awaitNanos(AbstractQueuedSynchronizer.java:2078)
        at org.apache.ratis.util.DataBlockingQueue.poll(DataBlockingQueue.java:137)
        at org.apache.ratis.server.raftlog.segmented.SegmentedRaftLogWorker.run(SegmentedRaftLogWorker.java:282)
        at java.lang.Thread.run(Thread.java:748)
"IPC Server handler 3 on 35339" daemon prio=5 tid=117 timed_waiting
java.lang.Thread.State: TIMED_WAITING
        at sun.misc.Unsafe.park(Native Method)
        at java.util.concurrent.locks.LockSupport.parkNanos(LockSupport.java:215)
        at java.util.concurrent.locks.AbstractQueuedSynchronizer$ConditionObject.awaitNanos(AbstractQueuedSynchronizer.java:2078)
        at java.util.concurrent.LinkedBlockingQueue.poll(LinkedBlockingQueue.java:467)
        at org.apache.hadoop.ipc.CallQueueManager.take(CallQueueManager.java:288)
        at org.apache.hadoop.ipc.Server$Handler.run(Server.java:2668)
"pool-26-thread-22"  prio=5 tid=280 in Object.wait()
java.lang.Thread.State: WAITING (on object monitor)
        at sun.misc.Unsafe.park(Native Method)
        at java.util.concurrent.locks.LockSupport.park(LockSupport.java:175)
        at java.util.concurrent.locks.AbstractQueuedSynchronizer$ConditionObject.await(AbstractQueuedSynchronizer.java:2039)
        at java.util.concurrent.ArrayBlockingQueue.take(ArrayBlockingQueue.java:403)
        at java.util.concurrent.ThreadPoolExecutor.getTask(ThreadPoolExecutor.java:1074)
        at java.util.concurrent.ThreadPoolExecutor.runWorker(ThreadPoolExecutor.java:1134)
        at java.util.concurrent.ThreadPoolExecutor$Worker.run(ThreadPoolExecutor.java:624)
        at java.lang.Thread.run(Thread.java:748)
"IPC Server handler 8 on 35339" daemon prio=5 tid=122 timed_waiting
java.lang.Thread.State: TIMED_WAITING
        at sun.misc.Unsafe.park(Native Method)
        at java.util.concurrent.locks.LockSupport.parkNanos(LockSupport.java:215)
        at java.util.concurrent.locks.AbstractQueuedSynchronizer$ConditionObject.awaitNanos(AbstractQueuedSynchronizer.java:2078)
        at java.util.concurrent.LinkedBlockingQueue.poll(LinkedBlockingQueue.java:467)
        at org.apache.hadoop.ipc.CallQueueManager.take(CallQueueManager.java:288)
        at org.apache.hadoop.ipc.Server$Handler.run(Server.java:2668)
"pool-36-thread-51"  prio=5 tid=329 in Object.wait()
java.lang.Thread.State: WAITING (on object monitor)
        at sun.misc.Unsafe.park(Native Method)
        at java.util.concurrent.locks.LockSupport.park(LockSupport.java:175)
        at java.util.concurrent.locks.AbstractQueuedSynchronizer$ConditionObject.await(AbstractQueuedSynchronizer.java:2039)
        at java.util.concurrent.ArrayBlockingQueue.take(ArrayBlockingQueue.java:403)
        at java.util.concurrent.ThreadPoolExecutor.getTask(ThreadPoolExecutor.java:1074)
        at java.util.concurrent.ThreadPoolExecutor.runWorker(ThreadPoolExecutor.java:1134)
        at java.util.concurrent.ThreadPoolExecutor$Worker.run(ThreadPoolExecutor.java:624)
        at java.lang.Thread.run(Thread.java:748)
"52743044-8979-4a08-8013-92a14c548982@group-146C50BE7901-LeaderElection250-2" daemon prio=5 tid=2266 in Object.wait()
java.lang.Thread.State: WAITING (on object monitor)
        at sun.misc.Unsafe.park(Native Method)
        at java.util.concurrent.locks.LockSupport.park(LockSupport.java:175)
        at java.util.concurrent.locks.AbstractQueuedSynchronizer$ConditionObject.await(AbstractQueuedSynchronizer.java:2039)
        at java.util.concurrent.LinkedBlockingQueue.take(LinkedBlockingQueue.java:442)
        at org.apache.ratis.thirdparty.io.grpc.stub.ClientCalls$ThreadlessExecutor.waitAndDrain(ClientCalls.java:642)
        at org.apache.ratis.thirdparty.io.grpc.stub.ClientCalls.blockingUnaryCall(ClientCalls.java:130)
        at org.apache.ratis.proto.grpc.RaftServerProtocolServiceGrpc$RaftServerProtocolServiceBlockingStub.requestVote(RaftServerProtocolServiceGrpc.java:265)
        at org.apache.ratis.grpc.server.GrpcServerProtocolClient.requestVote(GrpcServerProtocolClient.java:99)
        at org.apache.ratis.grpc.server.GrpcService.requestVote(GrpcService.java:204)
        at org.apache.ratis.server.impl.LeaderElection.lambda$submitRequests$1(LeaderElection.java:234)
        at org.apache.ratis.server.impl.LeaderElection$$Lambda$383/142902806.call(Unknown Source)
        at java.util.concurrent.FutureTask.run(FutureTask.java:266)
        at java.util.concurrent.Executors$RunnableAdapter.call(Executors.java:511)
        at java.util.concurrent.FutureTask.run(FutureTask.java:266)
        at java.util.concurrent.ThreadPoolExecutor.runWorker(ThreadPoolExecutor.java:1149)
        at java.util.concurrent.ThreadPoolExecutor$Worker.run(ThreadPoolExecutor.java:624)
        at java.lang.Thread.run(Thread.java:748)
"qtp2095970915-141" daemon prio=5 tid=141 timed_waiting
java.lang.Thread.State: TIMED_WAITING
        at sun.misc.Unsafe.park(Native Method)
        at java.util.concurrent.locks.LockSupport.parkNanos(LockSupport.java:215)
        at java.util.concurrent.locks.AbstractQueuedSynchronizer$ConditionObject.awaitNanos(AbstractQueuedSynchronizer.java:2078)
        at org.eclipse.jetty.util.BlockingArrayQueue.poll(BlockingArrayQueue.java:392)
        at org.eclipse.jetty.util.thread.QueuedThreadPool.idleJobPoll(QueuedThreadPool.java:563)
        at org.eclipse.jetty.util.thread.QueuedThreadPool.access$800(QueuedThreadPool.java:48)
        at org.eclipse.jetty.util.thread.QueuedThreadPool$2.run(QueuedThreadPool.java:626)
        at java.lang.Thread.run(Thread.java:748)
"qtp245298614-164" daemon prio=5 tid=164 timed_waiting
java.lang.Thread.State: TIMED_WAITING
        at sun.misc.Unsafe.park(Native Method)
        at java.util.concurrent.locks.LockSupport.parkNanos(LockSupport.java:215)
        at java.util.concurrent.locks.AbstractQueuedSynchronizer$ConditionObject.awaitNanos(AbstractQueuedSynchronizer.java:2078)
        at org.eclipse.jetty.util.BlockingArrayQueue.poll(BlockingArrayQueue.java:392)
        at org.eclipse.jetty.util.thread.QueuedThreadPool.idleJobPoll(QueuedThreadPool.java:563)
        at org.eclipse.jetty.util.thread.QueuedThreadPool.access$800(QueuedThreadPool.java:48)
        at org.eclipse.jetty.util.thread.QueuedThreadPool$2.run(QueuedThreadPool.java:626)
        at java.lang.Thread.run(Thread.java:748)
"Datanode State Machine Thread - 0" daemon prio=5 tid=224 timed_waiting
java.lang.Thread.State: TIMED_WAITING
        at java.lang.Thread.sleep(Native Method)
        at org.apache.hadoop.ozone.container.common.statemachine.DatanodeStateMachine.start(DatanodeStateMachine.java:191)
        at org.apache.hadoop.ozone.container.common.statemachine.DatanodeStateMachine.lambda$startDaemon$0(DatanodeStateMachine.java:349)
        at org.apache.hadoop.ozone.container.common.statemachine.DatanodeStateMachine$$Lambda$140/903195729.run(Unknown Source)
        at java.lang.Thread.run(Thread.java:748)
"IPC Server handler 11 on 35339" daemon prio=5 tid=125 timed_waiting
java.lang.Thread.State: TIMED_WAITING
        at sun.misc.Unsafe.park(Native Method)
        at java.util.concurrent.locks.LockSupport.parkNanos(LockSupport.java:215)
        at java.util.concurrent.locks.AbstractQueuedSynchronizer$ConditionObject.awaitNanos(AbstractQueuedSynchronizer.java:2078)
        at java.util.concurrent.LinkedBlockingQueue.poll(LinkedBlockingQueue.java:467)
        at org.apache.hadoop.ipc.CallQueueManager.take(CallQueueManager.java:288)
        at org.apache.hadoop.ipc.Server$Handler.run(Server.java:2668)
"org.eclipse.jetty.server.session.HashSessionManager@548e76f1Timer" daemon prio=5 tid=98 timed_waiting
java.lang.Thread.State: TIMED_WAITING
        at sun.misc.Unsafe.park(Native Method)
        at java.util.concurrent.locks.LockSupport.parkNanos(LockSupport.java:215)
        at java.util.concurrent.locks.AbstractQueuedSynchronizer$ConditionObject.awaitNanos(AbstractQueuedSynchronizer.java:2078)
        at java.util.concurrent.ScheduledThreadPoolExecutor$DelayedWorkQueue.take(ScheduledThreadPoolExecutor.java:1093)
        at java.util.concurrent.ScheduledThreadPoolExecutor$DelayedWorkQueue.take(ScheduledThreadPoolExecutor.java:809)
        at java.util.concurrent.ThreadPoolExecutor.getTask(ThreadPoolExecutor.java:1074)
        at java.util.concurrent.ThreadPoolExecutor.runWorker(ThreadPoolExecutor.java:1134)
        at java.util.concurrent.ThreadPoolExecutor$Worker.run(ThreadPoolExecutor.java:624)
        at java.lang.Thread.run(Thread.java:748)
"metrics-hadoop-metrics2-reporter-18-thread-1" daemon prio=5 tid=483 timed_waiting
java.lang.Thread.State: TIMED_WAITING
        at sun.misc.Unsafe.park(Native Method)
        at java.util.concurrent.locks.LockSupport.parkNanos(LockSupport.java:215)
        at java.util.concurrent.locks.AbstractQueuedSynchronizer$ConditionObject.awaitNanos(AbstractQueuedSynchronizer.java:2078)
        at java.util.concurrent.ScheduledThreadPoolExecutor$DelayedWorkQueue.take(ScheduledThreadPoolExecutor.java:1093)
        at java.util.concurrent.ScheduledThreadPoolExecutor$DelayedWorkQueue.take(ScheduledThreadPoolExecutor.java:809)
        at java.util.concurrent.ThreadPoolExecutor.getTask(ThreadPoolExecutor.java:1074)
        at java.util.concurrent.ThreadPoolExecutor.runWorker(ThreadPoolExecutor.java:1134)
        at java.util.concurrent.ThreadPoolExecutor$Worker.run(ThreadPoolExecutor.java:624)
        at java.lang.Thread.run(Thread.java:748)
"pool-36-thread-22"  prio=5 tid=271 in Object.wait()
java.lang.Thread.State: WAITING (on object monitor)
        at sun.misc.Unsafe.park(Native Method)
        at java.util.concurrent.locks.LockSupport.park(LockSupport.java:175)
        at java.util.concurrent.locks.AbstractQueuedSynchronizer$ConditionObject.await(AbstractQueuedSynchronizer.java:2039)
        at java.util.concurrent.ArrayBlockingQueue.take(ArrayBlockingQueue.java:403)
        at java.util.concurrent.ThreadPoolExecutor.getTask(ThreadPoolExecutor.java:1074)
        at java.util.concurrent.ThreadPoolExecutor.runWorker(ThreadPoolExecutor.java:1134)
        at java.util.concurrent.ThreadPoolExecutor$Worker.run(ThreadPoolExecutor.java:624)
        at java.lang.Thread.run(Thread.java:748)
"qtp573136580-96" daemon prio=5 tid=96 timed_waiting
java.lang.Thread.State: TIMED_WAITING
        at sun.misc.Unsafe.park(Native Method)
        at java.util.concurrent.locks.LockSupport.parkNanos(LockSupport.java:215)
        at java.util.concurrent.locks.AbstractQueuedSynchronizer$ConditionObject.awaitNanos(AbstractQueuedSynchronizer.java:2078)
        at org.eclipse.jetty.util.BlockingArrayQueue.poll(BlockingArrayQueue.java:392)
        at org.eclipse.jetty.util.thread.QueuedThreadPool.idleJobPoll(QueuedThreadPool.java:563)
        at org.eclipse.jetty.util.thread.QueuedThreadPool.access$800(QueuedThreadPool.java:48)
        at org.eclipse.jetty.util.thread.QueuedThreadPool$2.run(QueuedThreadPool.java:626)
        at java.lang.Thread.run(Thread.java:748)
"pool-6-thread-1"  prio=5 tid=26 timed_waiting
java.lang.Thread.State: TIMED_WAITING
        at sun.misc.Unsafe.park(Native Method)
        at java.util.concurrent.locks.LockSupport.parkNanos(LockSupport.java:215)
        at java.util.concurrent.locks.AbstractQueuedSynchronizer$ConditionObject.awaitNanos(AbstractQueuedSynchronizer.java:2078)
        at java.util.concurrent.ScheduledThreadPoolExecutor$DelayedWorkQueue.take(ScheduledThreadPoolExecutor.java:1093)
        at java.util.concurrent.ScheduledThreadPoolExecutor$DelayedWorkQueue.take(ScheduledThreadPoolExecutor.java:809)
        at java.util.concurrent.ThreadPoolExecutor.getTask(ThreadPoolExecutor.java:1074)
        at java.util.concurrent.ThreadPoolExecutor.runWorker(ThreadPoolExecutor.java:1134)
        at java.util.concurrent.ThreadPoolExecutor$Worker.run(ThreadPoolExecutor.java:624)
        at java.lang.Thread.run(Thread.java:748)
"metrics-hadoop-metrics2-reporter-15-thread-1" daemon prio=5 tid=474 timed_waiting
java.lang.Thread.State: TIMED_WAITING
        at sun.misc.Unsafe.park(Native Method)
        at java.util.concurrent.locks.LockSupport.parkNanos(LockSupport.java:215)
        at java.util.concurrent.locks.AbstractQueuedSynchronizer$ConditionObject.awaitNanos(AbstractQueuedSynchronizer.java:2078)
        at java.util.concurrent.ScheduledThreadPoolExecutor$DelayedWorkQueue.take(ScheduledThreadPoolExecutor.java:1093)
        at java.util.concurrent.ScheduledThreadPoolExecutor$DelayedWorkQueue.take(ScheduledThreadPoolExecutor.java:809)
        at java.util.concurrent.ThreadPoolExecutor.getTask(ThreadPoolExecutor.java:1074)
        at java.util.concurrent.ThreadPoolExecutor.runWorker(ThreadPoolExecutor.java:1134)
        at java.util.concurrent.ThreadPoolExecutor$Worker.run(ThreadPoolExecutor.java:624)
        at java.lang.Thread.run(Thread.java:748)
"qtp2095970915-139" daemon prio=5 tid=139 timed_waiting
java.lang.Thread.State: TIMED_WAITING
        at sun.misc.Unsafe.park(Native Method)
        at java.util.concurrent.locks.LockSupport.parkNanos(LockSupport.java:215)
        at java.util.concurrent.locks.AbstractQueuedSynchronizer$ConditionObject.awaitNanos(AbstractQueuedSynchronizer.java:2078)
        at org.eclipse.jetty.util.BlockingArrayQueue.poll(BlockingArrayQueue.java:392)
        at org.eclipse.jetty.util.thread.QueuedThreadPool.idleJobPoll(QueuedThreadPool.java:563)
        at org.eclipse.jetty.util.thread.QueuedThreadPool.access$800(QueuedThreadPool.java:48)
        at org.eclipse.jetty.util.thread.QueuedThreadPool$2.run(QueuedThreadPool.java:626)
        at java.lang.Thread.run(Thread.java:748)
"java.util.concurrent.ThreadPoolExecutor$Worker@6d2bbd7d[State = -1, empty queue]" daemon prio=5 tid=594 timed_waiting
java.lang.Thread.State: TIMED_WAITING
        at sun.misc.Unsafe.park(Native Method)
        at java.util.concurrent.locks.LockSupport.parkNanos(LockSupport.java:215)
        at java.util.concurrent.locks.AbstractQueuedSynchronizer$ConditionObject.awaitNanos(AbstractQueuedSynchronizer.java:2078)
        at java.util.concurrent.ScheduledThreadPoolExecutor$DelayedWorkQueue.take(ScheduledThreadPoolExecutor.java:1093)
        at java.util.concurrent.ScheduledThreadPoolExecutor$DelayedWorkQueue.take(ScheduledThreadPoolExecutor.java:809)
        at java.util.concurrent.ThreadPoolExecutor.getTask(ThreadPoolExecutor.java:1074)
        at java.util.concurrent.ThreadPoolExecutor.runWorker(ThreadPoolExecutor.java:1134)
        at java.util.concurrent.ThreadPoolExecutor$Worker.run(ThreadPoolExecutor.java:624)
        at java.lang.Thread.run(Thread.java:748)
"pool-36-thread-43"  prio=5 tid=313 in Object.wait()
java.lang.Thread.State: WAITING (on object monitor)
        at sun.misc.Unsafe.park(Native Method)
        at java.util.concurrent.locks.LockSupport.park(LockSupport.java:175)
        at java.util.concurrent.locks.AbstractQueuedSynchronizer$ConditionObject.await(AbstractQueuedSynchronizer.java:2039)
        at java.util.concurrent.ArrayBlockingQueue.take(ArrayBlockingQueue.java:403)
        at java.util.concurrent.ThreadPoolExecutor.getTask(ThreadPoolExecutor.java:1074)
        at java.util.concurrent.ThreadPoolExecutor.runWorker(ThreadPoolExecutor.java:1134)
        at java.util.concurrent.ThreadPoolExecutor$Worker.run(ThreadPoolExecutor.java:624)
        at java.lang.Thread.run(Thread.java:748)
"pool-46-thread-11"  prio=5 tid=363 in Object.wait()
java.lang.Thread.State: WAITING (on object monitor)
        at sun.misc.Unsafe.park(Native Method)
        at java.util.concurrent.locks.LockSupport.park(LockSupport.java:175)
        at java.util.concurrent.locks.AbstractQueuedSynchronizer$ConditionObject.await(AbstractQueuedSynchronizer.java:2039)
        at java.util.concurrent.ArrayBlockingQueue.take(ArrayBlockingQueue.java:403)
        at java.util.concurrent.ThreadPoolExecutor.getTask(ThreadPoolExecutor.java:1074)
        at java.util.concurrent.ThreadPoolExecutor.runWorker(ThreadPoolExecutor.java:1134)
        at java.util.concurrent.ThreadPoolExecutor$Worker.run(ThreadPoolExecutor.java:624)
        at java.lang.Thread.run(Thread.java:748)
"pool-26-thread-1"  prio=5 tid=234 in Object.wait()
java.lang.Thread.State: WAITING (on object monitor)
        at sun.misc.Unsafe.park(Native Method)
        at java.util.concurrent.locks.LockSupport.park(LockSupport.java:175)
        at java.util.concurrent.locks.AbstractQueuedSynchronizer$ConditionObject.await(AbstractQueuedSynchronizer.java:2039)
        at java.util.concurrent.ArrayBlockingQueue.take(ArrayBlockingQueue.java:403)
        at java.util.concurrent.ThreadPoolExecutor.getTask(ThreadPoolExecutor.java:1074)
        at java.util.concurrent.ThreadPoolExecutor.runWorker(ThreadPoolExecutor.java:1134)
        at java.util.concurrent.ThreadPoolExecutor$Worker.run(ThreadPoolExecutor.java:624)
        at java.lang.Thread.run(Thread.java:748)
"qtp2095970915-142" daemon prio=5 tid=142 timed_waiting
java.lang.Thread.State: TIMED_WAITING
        at sun.misc.Unsafe.park(Native Method)
        at java.util.concurrent.locks.LockSupport.parkNanos(LockSupport.java:215)
        at java.util.concurrent.locks.AbstractQueuedSynchronizer$ConditionObject.awaitNanos(AbstractQueuedSynchronizer.java:2078)
        at org.eclipse.jetty.util.BlockingArrayQueue.poll(BlockingArrayQueue.java:392)
        at org.eclipse.jetty.util.thread.QueuedThreadPool.idleJobPoll(QueuedThreadPool.java:563)
        at org.eclipse.jetty.util.thread.QueuedThreadPool.access$800(QueuedThreadPool.java:48)
        at org.eclipse.jetty.util.thread.QueuedThreadPool$2.run(QueuedThreadPool.java:626)
        at java.lang.Thread.run(Thread.java:748)
"IPC Server handler 9 on 46440" daemon prio=5 tid=58 timed_waiting
java.lang.Thread.State: TIMED_WAITING
        at sun.misc.Unsafe.park(Native Method)
        at java.util.concurrent.locks.LockSupport.parkNanos(LockSupport.java:215)
        at java.util.concurrent.locks.AbstractQueuedSynchronizer$ConditionObject.awaitNanos(AbstractQueuedSynchronizer.java:2078)
        at java.util.concurrent.LinkedBlockingQueue.poll(LinkedBlockingQueue.java:467)
        at org.apache.hadoop.ipc.CallQueueManager.take(CallQueueManager.java:288)
        at org.apache.hadoop.ipc.Server$Handler.run(Server.java:2668)
"pool-46-thread-54"  prio=5 tid=406 in Object.wait()
java.lang.Thread.State: WAITING (on object monitor)
        at sun.misc.Unsafe.park(Native Method)
        at java.util.concurrent.locks.LockSupport.park(LockSupport.java:175)
        at java.util.concurrent.locks.AbstractQueuedSynchronizer$ConditionObject.await(AbstractQueuedSynchronizer.java:2039)
        at java.util.concurrent.ArrayBlockingQueue.take(ArrayBlockingQueue.java:403)
        at java.util.concurrent.ThreadPoolExecutor.getTask(ThreadPoolExecutor.java:1074)
        at java.util.concurrent.ThreadPoolExecutor.runWorker(ThreadPoolExecutor.java:1134)
        at java.util.concurrent.ThreadPoolExecutor$Worker.run(ThreadPoolExecutor.java:624)
        at java.lang.Thread.run(Thread.java:748)
"pool-46-thread-22"  prio=5 tid=374 in Object.wait()
java.lang.Thread.State: WAITING (on object monitor)
        at sun.misc.Unsafe.park(Native Method)
        at java.util.concurrent.locks.LockSupport.park(LockSupport.java:175)
        at java.util.concurrent.locks.AbstractQueuedSynchronizer$ConditionObject.await(AbstractQueuedSynchronizer.java:2039)
        at java.util.concurrent.ArrayBlockingQueue.take(ArrayBlockingQueue.java:403)
        at java.util.concurrent.ThreadPoolExecutor.getTask(ThreadPoolExecutor.java:1074)
        at java.util.concurrent.ThreadPoolExecutor.runWorker(ThreadPoolExecutor.java:1134)
        at java.util.concurrent.ThreadPoolExecutor$Worker.run(ThreadPoolExecutor.java:624)
        at java.lang.Thread.run(Thread.java:748)
"904f39be-c3d3-4df4-99c0-2e4526e577e3@group-B549722E11F2-SegmentedRaftLogWorker"  prio=5 tid=436 timed_waiting
java.lang.Thread.State: TIMED_WAITING
        at sun.misc.Unsafe.park(Native Method)
        at java.util.concurrent.locks.LockSupport.parkNanos(LockSupport.java:215)
        at java.util.concurrent.locks.AbstractQueuedSynchronizer$ConditionObject.awaitNanos(AbstractQueuedSynchronizer.java:2078)
        at org.apache.ratis.util.DataBlockingQueue.poll(DataBlockingQueue.java:137)
        at org.apache.ratis.server.raftlog.segmented.SegmentedRaftLogWorker.run(SegmentedRaftLogWorker.java:282)
        at java.lang.Thread.run(Thread.java:748)
"main"  prio=5 tid=1 runnable
java.lang.Thread.State: RUNNABLE
        at java.lang.Thread.dumpThreads(Native Method)
        at java.lang.Thread.getAllStackTraces(Thread.java:1610)
        at org.apache.hadoop.test.TimedOutTestsListener.buildThreadDump(TimedOutTestsListener.java:87)
        at org.apache.hadoop.test.TimedOutTestsListener.buildThreadDiagnosticString(TimedOutTestsListener.java:73)
        at org.apache.hadoop.test.GenericTestUtils.waitFor(GenericTestUtils.java:389)
        at org.apache.hadoop.ozone.MiniOzoneClusterImpl.waitForClusterToBeReady(MiniOzoneClusterImpl.java:149)
        at org.apache.hadoop.ozone.client.rpc.TestOzoneRpcClientAbstract.startCluster(TestOzoneRpcClientAbstract.java:170)
        at org.apache.hadoop.ozone.client.rpc.TestOzoneRpcClient.init(TestOzoneRpcClient.java:45)
        at sun.reflect.NativeMethodAccessorImpl.invoke0(Native Method)
        at sun.reflect.NativeMethodAccessorImpl.invoke(NativeMethodAccessorImpl.java:62)
        at sun.reflect.DelegatingMethodAccessorImpl.invoke(DelegatingMethodAccessorImpl.java:43)
        at java.lang.reflect.Method.invoke(Method.java:498)
        at org.junit.runners.model.FrameworkMethod$1.runReflectiveCall(FrameworkMethod.java:47)
        at org.junit.internal.runners.model.ReflectiveCallable.run(ReflectiveCallable.java:12)
        at org.junit.runners.model.FrameworkMethod.invokeExplosively(FrameworkMethod.java:44)
        at org.junit.internal.runners.statements.RunBefores.evaluate(RunBefores.java:24)
        at org.junit.internal.runners.statements.RunAfters.evaluate(RunAfters.java:27)
        at org.junit.runners.ParentRunner.run(ParentRunner.java:309)
        at org.apache.maven.surefire.junit4.JUnit4Provider.execute(JUnit4Provider.java:365)
        at org.apache.maven.surefire.junit4.JUnit4Provider.executeWithRerun(JUnit4Provider.java:273)
        at org.apache.maven.surefire.junit4.JUnit4Provider.executeTestSet(JUnit4Provider.java:238)
        at org.apache.maven.surefire.junit4.JUnit4Provider.invoke(JUnit4Provider.java:159)
        at org.apache.maven.surefire.booter.ForkedBooter.invokeProviderInSameClassLoader(ForkedBooter.java:384)
        at org.apache.maven.surefire.booter.ForkedBooter.runSuitesInProcess(ForkedBooter.java:345)
        at org.apache.maven.surefire.booter.ForkedBooter.execute(ForkedBooter.java:126)
        at org.apache.maven.surefire.booter.ForkedBooter.main(ForkedBooter.java:418)
"pool-26-thread-59"  prio=5 tid=351 in Object.wait()
java.lang.Thread.State: WAITING (on object monitor)
        at sun.misc.Unsafe.park(Native Method)
        at java.util.concurrent.locks.LockSupport.park(LockSupport.java:175)
        at java.util.concurrent.locks.AbstractQueuedSynchronizer$ConditionObject.await(AbstractQueuedSynchronizer.java:2039)
        at java.util.concurrent.ArrayBlockingQueue.take(ArrayBlockingQueue.java:403)
        at java.util.concurrent.ThreadPoolExecutor.getTask(ThreadPoolExecutor.java:1074)
        at java.util.concurrent.ThreadPoolExecutor.runWorker(ThreadPoolExecutor.java:1134)
        at java.util.concurrent.ThreadPoolExecutor$Worker.run(ThreadPoolExecutor.java:624)
        at java.lang.Thread.run(Thread.java:748)
"org.eclipse.jetty.server.session.HashSessionManager@2a49feTimer" daemon prio=5 tid=145 timed_waiting
java.lang.Thread.State: TIMED_WAITING
        at sun.misc.Unsafe.park(Native Method)
        at java.util.concurrent.locks.LockSupport.parkNanos(LockSupport.java:215)
        at java.util.concurrent.locks.AbstractQueuedSynchronizer$ConditionObject.awaitNanos(AbstractQueuedSynchronizer.java:2078)
        at java.util.concurrent.ScheduledThreadPoolExecutor$DelayedWorkQueue.take(ScheduledThreadPoolExecutor.java:1093)
        at java.util.concurrent.ScheduledThreadPoolExecutor$DelayedWorkQueue.take(ScheduledThreadPoolExecutor.java:809)
        at java.util.concurrent.ThreadPoolExecutor.getTask(ThreadPoolExecutor.java:1074)
        at java.util.concurrent.ThreadPoolExecutor.runWorker(ThreadPoolExecutor.java:1134)
        at java.util.concurrent.ThreadPoolExecutor$Worker.run(ThreadPoolExecutor.java:624)
        at java.lang.Thread.run(Thread.java:748)
"metrics-hadoop-metrics2-reporter-28-thread-1" daemon prio=5 tid=573 timed_waiting
java.lang.Thread.State: TIMED_WAITING
        at sun.misc.Unsafe.park(Native Method)
        at java.util.concurrent.locks.LockSupport.parkNanos(LockSupport.java:215)
        at java.util.concurrent.locks.AbstractQueuedSynchronizer$ConditionObject.awaitNanos(AbstractQueuedSynchronizer.java:2078)
        at java.util.concurrent.ScheduledThreadPoolExecutor$DelayedWorkQueue.take(ScheduledThreadPoolExecutor.java:1093)
        at java.util.concurrent.ScheduledThreadPoolExecutor$DelayedWorkQueue.take(ScheduledThreadPoolExecutor.java:809)
        at java.util.concurrent.ThreadPoolExecutor.getTask(ThreadPoolExecutor.java:1074)
        at java.util.concurrent.ThreadPoolExecutor.runWorker(ThreadPoolExecutor.java:1134)
        at java.util.concurrent.ThreadPoolExecutor$Worker.run(ThreadPoolExecutor.java:624)
        at java.lang.Thread.run(Thread.java:748)
"org.eclipse.jetty.server.session.HashSessionManager@1e58512cTimer" daemon prio=5 tid=195 timed_waiting
java.lang.Thread.State: TIMED_WAITING
        at sun.misc.Unsafe.park(Native Method)
        at java.util.concurrent.locks.LockSupport.parkNanos(LockSupport.java:215)
        at java.util.concurrent.locks.AbstractQueuedSynchronizer$ConditionObject.awaitNanos(AbstractQueuedSynchronizer.java:2078)
        at java.util.concurrent.ScheduledThreadPoolExecutor$DelayedWorkQueue.take(ScheduledThreadPoolExecutor.java:1093)
        at java.util.concurrent.ScheduledThreadPoolExecutor$DelayedWorkQueue.take(ScheduledThreadPoolExecutor.java:809)
        at java.util.concurrent.ThreadPoolExecutor.getTask(ThreadPoolExecutor.java:1074)
        at java.util.concurrent.ThreadPoolExecutor.runWorker(ThreadPoolExecutor.java:1134)
        at java.util.concurrent.ThreadPoolExecutor$Worker.run(ThreadPoolExecutor.java:624)
        at java.lang.Thread.run(Thread.java:748)
"qtp498748934-192" daemon prio=5 tid=192 timed_waiting
java.lang.Thread.State: TIMED_WAITING
        at sun.misc.Unsafe.park(Native Method)
        at java.util.concurrent.locks.LockSupport.parkNanos(LockSupport.java:215)
        at java.util.concurrent.locks.AbstractQueuedSynchronizer$ConditionObject.awaitNanos(AbstractQueuedSynchronizer.java:2078)
        at org.eclipse.jetty.util.BlockingArrayQueue.poll(BlockingArrayQueue.java:392)
        at org.eclipse.jetty.util.thread.QueuedThreadPool.idleJobPoll(QueuedThreadPool.java:563)
        at org.eclipse.jetty.util.thread.QueuedThreadPool.access$800(QueuedThreadPool.java:48)
        at org.eclipse.jetty.util.thread.QueuedThreadPool$2.run(QueuedThreadPool.java:626)
        at java.lang.Thread.run(Thread.java:748)
"BlockDeletingService#1" daemon prio=5 tid=417 in Object.wait()
java.lang.Thread.State: WAITING (on object monitor)
        at sun.misc.Unsafe.park(Native Method)
        at java.util.concurrent.locks.LockSupport.park(LockSupport.java:175)
        at java.util.concurrent.locks.AbstractQueuedSynchronizer$ConditionObject.await(AbstractQueuedSynchronizer.java:2039)
        at java.util.concurrent.ScheduledThreadPoolExecutor$DelayedWorkQueue.take(ScheduledThreadPoolExecutor.java:1088)
        at java.util.concurrent.ScheduledThreadPoolExecutor$DelayedWorkQueue.take(ScheduledThreadPoolExecutor.java:809)
        at java.util.concurrent.ThreadPoolExecutor.getTask(ThreadPoolExecutor.java:1074)
        at java.util.concurrent.ThreadPoolExecutor.runWorker(ThreadPoolExecutor.java:1134)
        at java.util.concurrent.ThreadPoolExecutor$Worker.run(ThreadPoolExecutor.java:624)
        at java.lang.Thread.run(Thread.java:748)
"pool-26-thread-15"  prio=5 tid=265 in Object.wait()
java.lang.Thread.State: WAITING (on object monitor)
        at sun.misc.Unsafe.park(Native Method)
        at java.util.concurrent.locks.LockSupport.park(LockSupport.java:175)
        at java.util.concurrent.locks.AbstractQueuedSynchronizer$ConditionObject.await(AbstractQueuedSynchronizer.java:2039)
        at java.util.concurrent.ArrayBlockingQueue.take(ArrayBlockingQueue.java:403)
        at java.util.concurrent.ThreadPoolExecutor.getTask(ThreadPoolExecutor.java:1074)
        at java.util.concurrent.ThreadPoolExecutor.runWorker(ThreadPoolExecutor.java:1134)
        at java.util.concurrent.ThreadPoolExecutor$Worker.run(ThreadPoolExecutor.java:624)
        at java.lang.Thread.run(Thread.java:748)
"pool-26-thread-7"  prio=5 tid=246 in Object.wait()
java.lang.Thread.State: WAITING (on object monitor)
        at sun.misc.Unsafe.park(Native Method)
        at java.util.concurrent.locks.LockSupport.park(LockSupport.java:175)
        at java.util.concurrent.locks.AbstractQueuedSynchronizer$ConditionObject.await(AbstractQueuedSynchronizer.java:2039)
        at java.util.concurrent.ArrayBlockingQueue.take(ArrayBlockingQueue.java:403)
        at java.util.concurrent.ThreadPoolExecutor.getTask(ThreadPoolExecutor.java:1074)
        at java.util.concurrent.ThreadPoolExecutor.runWorker(ThreadPoolExecutor.java:1134)
        at java.util.concurrent.ThreadPoolExecutor$Worker.run(ThreadPoolExecutor.java:624)
        at java.lang.Thread.run(Thread.java:748)
"pool-26-thread-5"  prio=5 tid=242 in Object.wait()
java.lang.Thread.State: WAITING (on object monitor)
        at sun.misc.Unsafe.park(Native Method)
        at java.util.concurrent.locks.LockSupport.park(LockSupport.java:175)
        at java.util.concurrent.locks.AbstractQueuedSynchronizer$ConditionObject.await(AbstractQueuedSynchronizer.java:2039)
        at java.util.concurrent.ArrayBlockingQueue.take(ArrayBlockingQueue.java:403)
        at java.util.concurrent.ThreadPoolExecutor.getTask(ThreadPoolExecutor.java:1074)
        at java.util.concurrent.ThreadPoolExecutor.runWorker(ThreadPoolExecutor.java:1134)
        at java.util.concurrent.ThreadPoolExecutor$Worker.run(ThreadPoolExecutor.java:624)
        at java.lang.Thread.run(Thread.java:748)
"IPC Server handler 17 on 46440" daemon prio=5 tid=66 timed_waiting
java.lang.Thread.State: TIMED_WAITING
        at sun.misc.Unsafe.park(Native Method)
        at java.util.concurrent.locks.LockSupport.parkNanos(LockSupport.java:215)
        at java.util.concurrent.locks.AbstractQueuedSynchronizer$ConditionObject.awaitNanos(AbstractQueuedSynchronizer.java:2078)
        at java.util.concurrent.LinkedBlockingQueue.poll(LinkedBlockingQueue.java:467)
        at org.apache.hadoop.ipc.CallQueueManager.take(CallQueueManager.java:288)
        at org.apache.hadoop.ipc.Server$Handler.run(Server.java:2668)
"qtp573136580-91" daemon prio=5 tid=91 timed_waiting
java.lang.Thread.State: TIMED_WAITING
        at sun.misc.Unsafe.park(Native Method)
        at java.util.concurrent.locks.LockSupport.parkNanos(LockSupport.java:215)
        at java.util.concurrent.locks.AbstractQueuedSynchronizer$ConditionObject.awaitNanos(AbstractQueuedSynchronizer.java:2078)
        at org.eclipse.jetty.util.BlockingArrayQueue.poll(BlockingArrayQueue.java:392)
        at org.eclipse.jetty.util.thread.QueuedThreadPool.idleJobPoll(QueuedThreadPool.java:563)
        at org.eclipse.jetty.util.thread.QueuedThreadPool.access$800(QueuedThreadPool.java:48)
        at org.eclipse.jetty.util.thread.QueuedThreadPool$2.run(QueuedThreadPool.java:626)
        at java.lang.Thread.run(Thread.java:748)
"IPC Server handler 4 on 35339" daemon prio=5 tid=118 timed_waiting
java.lang.Thread.State: TIMED_WAITING
        at sun.misc.Unsafe.park(Native Method)
        at java.util.concurrent.locks.LockSupport.parkNanos(LockSupport.java:215)
        at java.util.concurrent.locks.AbstractQueuedSynchronizer$ConditionObject.awaitNanos(AbstractQueuedSynchronizer.java:2078)
        at java.util.concurrent.LinkedBlockingQueue.poll(LinkedBlockingQueue.java:467)
        at org.apache.hadoop.ipc.CallQueueManager.take(CallQueueManager.java:288)
        at org.apache.hadoop.ipc.Server$Handler.run(Server.java:2668)
"IPC Server handler 5 on 46440" daemon prio=5 tid=54 timed_waiting
java.lang.Thread.State: TIMED_WAITING
        at sun.misc.Unsafe.park(Native Method)
        at java.util.concurrent.locks.LockSupport.parkNanos(LockSupport.java:215)
        at java.util.concurrent.locks.AbstractQueuedSynchronizer$ConditionObject.awaitNanos(AbstractQueuedSynchronizer.java:2078)
        at java.util.concurrent.LinkedBlockingQueue.poll(LinkedBlockingQueue.java:467)
        at org.apache.hadoop.ipc.CallQueueManager.take(CallQueueManager.java:288)
        at org.apache.hadoop.ipc.Server$Handler.run(Server.java:2668)
"metrics-hadoop-metrics2-reporter-24-thread-1" daemon prio=5 tid=525 timed_waiting
java.lang.Thread.State: TIMED_WAITING
        at sun.misc.Unsafe.park(Native Method)
        at java.util.concurrent.locks.LockSupport.parkNanos(LockSupport.java:215)
        at java.util.concurrent.locks.AbstractQueuedSynchronizer$ConditionObject.awaitNanos(AbstractQueuedSynchronizer.java:2078)
        at java.util.concurrent.ScheduledThreadPoolExecutor$DelayedWorkQueue.take(ScheduledThreadPoolExecutor.java:1093)
        at java.util.concurrent.ScheduledThreadPoolExecutor$DelayedWorkQueue.take(ScheduledThreadPoolExecutor.java:809)
        at java.util.concurrent.ThreadPoolExecutor.getTask(ThreadPoolExecutor.java:1074)
        at java.util.concurrent.ThreadPoolExecutor.runWorker(ThreadPoolExecutor.java:1134)
        at java.util.concurrent.ThreadPoolExecutor$Worker.run(ThreadPoolExecutor.java:624)
        at java.lang.Thread.run(Thread.java:748)
"pool-46-thread-40"  prio=5 tid=392 in Object.wait()
java.lang.Thread.State: WAITING (on object monitor)
        at sun.misc.Unsafe.park(Native Method)
        at java.util.concurrent.locks.LockSupport.park(LockSupport.java:175)
        at java.util.concurrent.locks.AbstractQueuedSynchronizer$ConditionObject.await(AbstractQueuedSynchronizer.java:2039)
        at java.util.concurrent.ArrayBlockingQueue.take(ArrayBlockingQueue.java:403)
        at java.util.concurrent.ThreadPoolExecutor.getTask(ThreadPoolExecutor.java:1074)
        at java.util.concurrent.ThreadPoolExecutor.runWorker(ThreadPoolExecutor.java:1134)
        at java.util.concurrent.ThreadPoolExecutor$Worker.run(ThreadPoolExecutor.java:624)
        at java.lang.Thread.run(Thread.java:748)
"52743044-8979-4a08-8013-92a14c548982@group-146C50BE7901-LeaderElection250" daemon prio=5 tid=2264 runnable
java.lang.Thread.State: RUNNABLE
        at sun.misc.Unsafe.park(Native Method)
        at java.util.concurrent.locks.LockSupport.parkNanos(LockSupport.java:215)
        at java.util.concurrent.locks.AbstractQueuedSynchronizer$ConditionObject.awaitNanos(AbstractQueuedSynchronizer.java:2078)
        at java.util.concurrent.LinkedBlockingQueue.poll(LinkedBlockingQueue.java:467)
        at java.util.concurrent.ExecutorCompletionService.poll(ExecutorCompletionService.java:202)
        at org.apache.ratis.server.impl.LeaderElection$Executor.poll(LeaderElection.java:100)
        at org.apache.ratis.server.impl.LeaderElection.waitForResults(LeaderElection.java:254)
        at org.apache.ratis.server.impl.LeaderElection.askForVotes(LeaderElection.java:197)
        at org.apache.ratis.server.impl.LeaderElection.run(LeaderElection.java:133)
        at java.lang.Thread.run(Thread.java:748)
"IPC Server handler 5 on 38663" daemon prio=5 tid=74 timed_waiting
java.lang.Thread.State: TIMED_WAITING
        at sun.misc.Unsafe.park(Native Method)
        at java.util.concurrent.locks.LockSupport.parkNanos(LockSupport.java:215)
        at java.util.concurrent.locks.AbstractQueuedSynchronizer$ConditionObject.awaitNanos(AbstractQueuedSynchronizer.java:2078)
        at java.util.concurrent.LinkedBlockingQueue.poll(LinkedBlockingQueue.java:467)
        at org.apache.hadoop.ipc.CallQueueManager.take(CallQueueManager.java:288)
        at org.apache.hadoop.ipc.Server$Handler.run(Server.java:2668)
"pool-26-thread-44"  prio=5 tid=324 in Object.wait()
java.lang.Thread.State: WAITING (on object monitor)
        at sun.misc.Unsafe.park(Native Method)
        at java.util.concurrent.locks.LockSupport.park(LockSupport.java:175)
        at java.util.concurrent.locks.AbstractQueuedSynchronizer$ConditionObject.await(AbstractQueuedSynchronizer.java:2039)
        at java.util.concurrent.ArrayBlockingQueue.take(ArrayBlockingQueue.java:403)
        at java.util.concurrent.ThreadPoolExecutor.getTask(ThreadPoolExecutor.java:1074)
        at java.util.concurrent.ThreadPoolExecutor.runWorker(ThreadPoolExecutor.java:1134)
        at java.util.concurrent.ThreadPoolExecutor$Worker.run(ThreadPoolExecutor.java:624)
        at java.lang.Thread.run(Thread.java:748)
"pool-36-thread-41"  prio=5 tid=309 in Object.wait()
java.lang.Thread.State: WAITING (on object monitor)
        at sun.misc.Unsafe.park(Native Method)
        at java.util.concurrent.locks.LockSupport.park(LockSupport.java:175)
        at java.util.concurrent.locks.AbstractQueuedSynchronizer$ConditionObject.await(AbstractQueuedSynchronizer.java:2039)
        at java.util.concurrent.ArrayBlockingQueue.take(ArrayBlockingQueue.java:403)
        at java.util.concurrent.ThreadPoolExecutor.getTask(ThreadPoolExecutor.java:1074)
        at java.util.concurrent.ThreadPoolExecutor.runWorker(ThreadPoolExecutor.java:1134)
        at java.util.concurrent.ThreadPoolExecutor$Worker.run(ThreadPoolExecutor.java:624)
        at java.lang.Thread.run(Thread.java:748)
"java.util.concurrent.ThreadPoolExecutor$Worker@4d14d062[State = -1, empty queue]" daemon prio=5 tid=527 timed_waiting
java.lang.Thread.State: TIMED_WAITING
        at sun.misc.Unsafe.park(Native Method)
        at java.util.concurrent.locks.LockSupport.parkNanos(LockSupport.java:215)
        at java.util.concurrent.locks.AbstractQueuedSynchronizer$ConditionObject.awaitNanos(AbstractQueuedSynchronizer.java:2078)
        at java.util.concurrent.ScheduledThreadPoolExecutor$DelayedWorkQueue.take(ScheduledThreadPoolExecutor.java:1093)
        at java.util.concurrent.ScheduledThreadPoolExecutor$DelayedWorkQueue.take(ScheduledThreadPoolExecutor.java:809)
        at java.util.concurrent.ThreadPoolExecutor.getTask(ThreadPoolExecutor.java:1074)
        at java.util.concurrent.ThreadPoolExecutor.runWorker(ThreadPoolExecutor.java:1134)
        at java.util.concurrent.ThreadPoolExecutor$Worker.run(ThreadPoolExecutor.java:624)
        at java.lang.Thread.run(Thread.java:748)
"pool-26-thread-4"  prio=5 tid=240 in Object.wait()
java.lang.Thread.State: WAITING (on object monitor)
        at sun.misc.Unsafe.park(Native Method)
        at java.util.concurrent.locks.LockSupport.park(LockSupport.java:175)
        at java.util.concurrent.locks.AbstractQueuedSynchronizer$ConditionObject.await(AbstractQueuedSynchronizer.java:2039)
        at java.util.concurrent.ArrayBlockingQueue.take(ArrayBlockingQueue.java:403)
        at java.util.concurrent.ThreadPoolExecutor.getTask(ThreadPoolExecutor.java:1074)
        at java.util.concurrent.ThreadPoolExecutor.runWorker(ThreadPoolExecutor.java:1134)
        at java.util.concurrent.ThreadPoolExecutor$Worker.run(ThreadPoolExecutor.java:624)
        at java.lang.Thread.run(Thread.java:748)
"IPC Server listener on 35339" daemon prio=5 tid=107 runnable
java.lang.Thread.State: RUNNABLE
        at sun.nio.ch.EPollArrayWrapper.epollWait(Native Method)
        at sun.nio.ch.EPollArrayWrapper.poll(EPollArrayWrapper.java:269)
        at sun.nio.ch.EPollSelectorImpl.doSelect(EPollSelectorImpl.java:93)
        at sun.nio.ch.SelectorImpl.lockAndDoSelect(SelectorImpl.java:86)
        at sun.nio.ch.SelectorImpl.select(SelectorImpl.java:97)
        at sun.nio.ch.SelectorImpl.select(SelectorImpl.java:101)
        at org.apache.hadoop.ipc.Server$Listener.run(Server.java:1159)
"qtp245298614-160-acceptor-0@362d1b6b-ServerConnector@60783105{HTTP/1.1,[http/1.1]}{0.0.0.0:34951}" daemon prio=3 tid=160 runnable
java.lang.Thread.State: RUNNABLE
        at sun.nio.ch.ServerSocketChannelImpl.accept0(Native Method)
        at sun.nio.ch.ServerSocketChannelImpl.accept(ServerSocketChannelImpl.java:422)
        at sun.nio.ch.ServerSocketChannelImpl.accept(ServerSocketChannelImpl.java:250)
        at org.eclipse.jetty.server.ServerConnector.accept(ServerConnector.java:397)
        at org.eclipse.jetty.server.AbstractConnector$Acceptor.run(AbstractConnector.java:601)
        at org.eclipse.jetty.util.thread.QueuedThreadPool.runJob(QueuedThreadPool.java:671)
        at org.eclipse.jetty.util.thread.QueuedThreadPool$2.run(QueuedThreadPool.java:589)
        at java.lang.Thread.run(Thread.java:748)
"pool-26-thread-20"  prio=5 tid=276 in Object.wait()
java.lang.Thread.State: WAITING (on object monitor)
        at sun.misc.Unsafe.park(Native Method)
        at java.util.concurrent.locks.LockSupport.park(LockSupport.java:175)
        at java.util.concurrent.locks.AbstractQueuedSynchronizer$ConditionObject.await(AbstractQueuedSynchronizer.java:2039)
        at java.util.concurrent.ArrayBlockingQueue.take(ArrayBlockingQueue.java:403)
        at java.util.concurrent.ThreadPoolExecutor.getTask(ThreadPoolExecutor.java:1074)
        at java.util.concurrent.ThreadPoolExecutor.runWorker(ThreadPoolExecutor.java:1134)
        at java.util.concurrent.ThreadPoolExecutor$Worker.run(ThreadPoolExecutor.java:624)
        at java.lang.Thread.run(Thread.java:748)
"52743044-8979-4a08-8013-92a14c548982@group-33D345B1B9EE-StateMachineUpdater" daemon prio=5 tid=448 in Object.wait()
java.lang.Thread.State: WAITING (on object monitor)
        at java.lang.Object.wait(Native Method)
        at java.lang.Object.wait(Object.java:502)
        at org.apache.ratis.server.impl.StateMachineUpdater.waitForCommit(StateMachineUpdater.java:194)
        at org.apache.ratis.server.impl.StateMachineUpdater.run(StateMachineUpdater.java:159)
        at java.lang.Thread.run(Thread.java:748)
"pool-46-thread-8"  prio=5 tid=360 in Object.wait()
java.lang.Thread.State: WAITING (on object monitor)
        at sun.misc.Unsafe.park(Native Method)
        at java.util.concurrent.locks.LockSupport.park(LockSupport.java:175)
        at java.util.concurrent.locks.AbstractQueuedSynchronizer$ConditionObject.await(AbstractQueuedSynchronizer.java:2039)
        at java.util.concurrent.ArrayBlockingQueue.take(ArrayBlockingQueue.java:403)
        at java.util.concurrent.ThreadPoolExecutor.getTask(ThreadPoolExecutor.java:1074)
        at java.util.concurrent.ThreadPoolExecutor.runWorker(ThreadPoolExecutor.java:1134)
        at java.util.concurrent.ThreadPoolExecutor$Worker.run(ThreadPoolExecutor.java:624)
        at java.lang.Thread.run(Thread.java:748)
"qtp573136580-94" daemon prio=5 tid=94 timed_waiting
java.lang.Thread.State: TIMED_WAITING
        at sun.misc.Unsafe.park(Native Method)
        at java.util.concurrent.locks.LockSupport.parkNanos(LockSupport.java:215)
        at java.util.concurrent.locks.AbstractQueuedSynchronizer$ConditionObject.awaitNanos(AbstractQueuedSynchronizer.java:2078)
        at org.eclipse.jetty.util.BlockingArrayQueue.poll(BlockingArrayQueue.java:392)
        at org.eclipse.jetty.util.thread.QueuedThreadPool.idleJobPoll(QueuedThreadPool.java:563)
        at org.eclipse.jetty.util.thread.QueuedThreadPool.access$800(QueuedThreadPool.java:48)
        at org.eclipse.jetty.util.thread.QueuedThreadPool$2.run(QueuedThreadPool.java:626)
        at java.lang.Thread.run(Thread.java:748)
"metrics-hadoop-metrics2-reporter-19-thread-1" daemon prio=5 tid=487 timed_waiting
java.lang.Thread.State: TIMED_WAITING
        at sun.misc.Unsafe.park(Native Method)
        at java.util.concurrent.locks.LockSupport.parkNanos(LockSupport.java:215)
        at java.util.concurrent.locks.AbstractQueuedSynchronizer$ConditionObject.awaitNanos(AbstractQueuedSynchronizer.java:2078)
        at java.util.concurrent.ScheduledThreadPoolExecutor$DelayedWorkQueue.take(ScheduledThreadPoolExecutor.java:1093)
        at java.util.concurrent.ScheduledThreadPoolExecutor$DelayedWorkQueue.take(ScheduledThreadPoolExecutor.java:809)
        at java.util.concurrent.ThreadPoolExecutor.getTask(ThreadPoolExecutor.java:1074)
        at java.util.concurrent.ThreadPoolExecutor.runWorker(ThreadPoolExecutor.java:1134)
        at java.util.concurrent.ThreadPoolExecutor$Worker.run(ThreadPoolExecutor.java:624)
        at java.lang.Thread.run(Thread.java:748)
"qtp498748934-193" daemon prio=5 tid=193 timed_waiting
java.lang.Thread.State: TIMED_WAITING
        at sun.misc.Unsafe.park(Native Method)
        at java.util.concurrent.locks.LockSupport.parkNanos(LockSupport.java:215)
        at java.util.concurrent.locks.AbstractQueuedSynchronizer$ConditionObject.awaitNanos(AbstractQueuedSynchronizer.java:2078)
        at org.eclipse.jetty.util.BlockingArrayQueue.poll(BlockingArrayQueue.java:392)
        at org.eclipse.jetty.util.thread.QueuedThreadPool.idleJobPoll(QueuedThreadPool.java:563)
        at org.eclipse.jetty.util.thread.QueuedThreadPool.access$800(QueuedThreadPool.java:48)
        at org.eclipse.jetty.util.thread.QueuedThreadPool$2.run(QueuedThreadPool.java:626)
        at java.lang.Thread.run(Thread.java:748)
"Socket Reader #1 for port 38663"  prio=5 tid=15 runnable
java.lang.Thread.State: RUNNABLE
        at sun.nio.ch.EPollArrayWrapper.epollWait(Native Method)
        at sun.nio.ch.EPollArrayWrapper.poll(EPollArrayWrapper.java:269)
        at sun.nio.ch.EPollSelectorImpl.doSelect(EPollSelectorImpl.java:93)
        at sun.nio.ch.SelectorImpl.lockAndDoSelect(SelectorImpl.java:86)
        at sun.nio.ch.SelectorImpl.select(SelectorImpl.java:97)
        at sun.nio.ch.SelectorImpl.select(SelectorImpl.java:101)
        at org.apache.hadoop.ipc.Server$Listener$Reader.doRunLoop(Server.java:1097)
        at org.apache.hadoop.ipc.Server$Listener$Reader.run(Server.java:1076)
"pool-26-thread-35"  prio=5 tid=306 in Object.wait()
java.lang.Thread.State: WAITING (on object monitor)
        at sun.misc.Unsafe.park(Native Method)
        at java.util.concurrent.locks.LockSupport.park(LockSupport.java:175)
        at java.util.concurrent.locks.AbstractQueuedSynchronizer$ConditionObject.await(AbstractQueuedSynchronizer.java:2039)
        at java.util.concurrent.ArrayBlockingQueue.take(ArrayBlockingQueue.java:403)
        at java.util.concurrent.ThreadPoolExecutor.getTask(ThreadPoolExecutor.java:1074)
        at java.util.concurrent.ThreadPoolExecutor.runWorker(ThreadPoolExecutor.java:1134)
        at java.util.concurrent.ThreadPoolExecutor$Worker.run(ThreadPoolExecutor.java:624)
        at java.lang.Thread.run(Thread.java:748)
"pool-36-thread-58"  prio=5 tid=343 in Object.wait()
java.lang.Thread.State: WAITING (on object monitor)
        at sun.misc.Unsafe.park(Native Method)
        at java.util.concurrent.locks.LockSupport.park(LockSupport.java:175)
        at java.util.concurrent.locks.AbstractQueuedSynchronizer$ConditionObject.await(AbstractQueuedSynchronizer.java:2039)
        at java.util.concurrent.ArrayBlockingQueue.take(ArrayBlockingQueue.java:403)
        at java.util.concurrent.ThreadPoolExecutor.getTask(ThreadPoolExecutor.java:1074)
        at java.util.concurrent.ThreadPoolExecutor.runWorker(ThreadPoolExecutor.java:1134)
        at java.util.concurrent.ThreadPoolExecutor$Worker.run(ThreadPoolExecutor.java:624)
        at java.lang.Thread.run(Thread.java:748)
"IPC Server handler 12 on 38663" daemon prio=5 tid=81 timed_waiting
java.lang.Thread.State: TIMED_WAITING
        at sun.misc.Unsafe.park(Native Method)
        at java.util.concurrent.locks.LockSupport.parkNanos(LockSupport.java:215)
        at java.util.concurrent.locks.AbstractQueuedSynchronizer$ConditionObject.awaitNanos(AbstractQueuedSynchronizer.java:2078)
        at java.util.concurrent.LinkedBlockingQueue.poll(LinkedBlockingQueue.java:467)
        at org.apache.hadoop.ipc.CallQueueManager.take(CallQueueManager.java:288)
        at org.apache.hadoop.ipc.Server$Handler.run(Server.java:2668)
"pool-46-thread-35"  prio=5 tid=387 in Object.wait()
java.lang.Thread.State: WAITING (on object monitor)
        at sun.misc.Unsafe.park(Native Method)
        at java.util.concurrent.locks.LockSupport.park(LockSupport.java:175)
        at java.util.concurrent.locks.AbstractQueuedSynchronizer$ConditionObject.await(AbstractQueuedSynchronizer.java:2039)
        at java.util.concurrent.ArrayBlockingQueue.take(ArrayBlockingQueue.java:403)
        at java.util.concurrent.ThreadPoolExecutor.getTask(ThreadPoolExecutor.java:1074)
        at java.util.concurrent.ThreadPoolExecutor.runWorker(ThreadPoolExecutor.java:1134)
        at java.util.concurrent.ThreadPoolExecutor$Worker.run(ThreadPoolExecutor.java:624)
        at java.lang.Thread.run(Thread.java:748)
"IPC Server handler 1 on 45958" daemon prio=5 tid=30 timed_waiting
java.lang.Thread.State: TIMED_WAITING
        at sun.misc.Unsafe.park(Native Method)
        at java.util.concurrent.locks.LockSupport.parkNanos(LockSupport.java:215)
        at java.util.concurrent.locks.AbstractQueuedSynchronizer$ConditionObject.awaitNanos(AbstractQueuedSynchronizer.java:2078)
        at java.util.concurrent.LinkedBlockingQueue.poll(LinkedBlockingQueue.java:467)
        at org.apache.hadoop.ipc.CallQueueManager.take(CallQueueManager.java:288)
        at org.apache.hadoop.ipc.Server$Handler.run(Server.java:2668)
"pool-46-thread-18"  prio=5 tid=370 in Object.wait()
java.lang.Thread.State: WAITING (on object monitor)
        at sun.misc.Unsafe.park(Native Method)
        at java.util.concurrent.locks.LockSupport.park(LockSupport.java:175)
        at java.util.concurrent.locks.AbstractQueuedSynchronizer$ConditionObject.await(AbstractQueuedSynchronizer.java:2039)
        at java.util.concurrent.ArrayBlockingQueue.take(ArrayBlockingQueue.java:403)
        at java.util.concurrent.ThreadPoolExecutor.getTask(ThreadPoolExecutor.java:1074)
        at java.util.concurrent.ThreadPoolExecutor.runWorker(ThreadPoolExecutor.java:1134)
        at java.util.concurrent.ThreadPoolExecutor$Worker.run(ThreadPoolExecutor.java:624)
        at java.lang.Thread.run(Thread.java:748)
"Datanode ReportManager Thread - 2" daemon prio=5 tid=173 timed_waiting
java.lang.Thread.State: TIMED_WAITING
        at sun.misc.Unsafe.park(Native Method)
        at java.util.concurrent.locks.LockSupport.parkNanos(LockSupport.java:215)
        at java.util.concurrent.locks.AbstractQueuedSynchronizer$ConditionObject.awaitNanos(AbstractQueuedSynchronizer.java:2078)
        at java.util.concurrent.ScheduledThreadPoolExecutor$DelayedWorkQueue.take(ScheduledThreadPoolExecutor.java:1093)
        at java.util.concurrent.ScheduledThreadPoolExecutor$DelayedWorkQueue.take(ScheduledThreadPoolExecutor.java:809)
        at java.util.concurrent.ThreadPoolExecutor.getTask(ThreadPoolExecutor.java:1074)
        at java.util.concurrent.ThreadPoolExecutor.runWorker(ThreadPoolExecutor.java:1134)
        at java.util.concurrent.ThreadPoolExecutor$Worker.run(ThreadPoolExecutor.java:624)
        at java.lang.Thread.run(Thread.java:748)
"pool-24-thread-1" daemon prio=5 tid=156 timed_waiting
java.lang.Thread.State: TIMED_WAITING
        at sun.misc.Unsafe.park(Native Method)
        at java.util.concurrent.locks.LockSupport.parkNanos(LockSupport.java:215)
        at java.util.concurrent.locks.AbstractQueuedSynchronizer$ConditionObject.awaitNanos(AbstractQueuedSynchronizer.java:2078)
        at java.util.concurrent.ScheduledThreadPoolExecutor$DelayedWorkQueue.take(ScheduledThreadPoolExecutor.java:1093)
        at java.util.concurrent.ScheduledThreadPoolExecutor$DelayedWorkQueue.take(ScheduledThreadPoolExecutor.java:809)
        at java.util.concurrent.ThreadPoolExecutor.getTask(ThreadPoolExecutor.java:1074)
        at java.util.concurrent.ThreadPoolExecutor.runWorker(ThreadPoolExecutor.java:1134)
        at java.util.concurrent.ThreadPoolExecutor$Worker.run(ThreadPoolExecutor.java:624)
        at java.lang.Thread.run(Thread.java:748)
"pool-36-thread-23"  prio=5 tid=273 in Object.wait()
java.lang.Thread.State: WAITING (on object monitor)
        at sun.misc.Unsafe.park(Native Method)
        at java.util.concurrent.locks.LockSupport.park(LockSupport.java:175)
        at java.util.concurrent.locks.AbstractQueuedSynchronizer$ConditionObject.await(AbstractQueuedSynchronizer.java:2039)
        at java.util.concurrent.ArrayBlockingQueue.take(ArrayBlockingQueue.java:403)
        at java.util.concurrent.ThreadPoolExecutor.getTask(ThreadPoolExecutor.java:1074)
        at java.util.concurrent.ThreadPoolExecutor.runWorker(ThreadPoolExecutor.java:1134)
        at java.util.concurrent.ThreadPoolExecutor$Worker.run(ThreadPoolExecutor.java:624)
        at java.lang.Thread.run(Thread.java:748)
"IPC Server handler 16 on 46440" daemon prio=5 tid=65 timed_waiting
java.lang.Thread.State: TIMED_WAITING
        at sun.misc.Unsafe.park(Native Method)
        at java.util.concurrent.locks.LockSupport.parkNanos(LockSupport.java:215)
        at java.util.concurrent.locks.AbstractQueuedSynchronizer$ConditionObject.awaitNanos(AbstractQueuedSynchronizer.java:2078)
        at java.util.concurrent.LinkedBlockingQueue.poll(LinkedBlockingQueue.java:467)
        at org.apache.hadoop.ipc.CallQueueManager.take(CallQueueManager.java:288)
        at org.apache.hadoop.ipc.Server$Handler.run(Server.java:2668)
"IPC Server handler 0 on 46440" daemon prio=5 tid=49 timed_waiting
java.lang.Thread.State: TIMED_WAITING
        at sun.misc.Unsafe.park(Native Method)
        at java.util.concurrent.locks.LockSupport.parkNanos(LockSupport.java:215)
        at java.util.concurrent.locks.AbstractQueuedSynchronizer$ConditionObject.awaitNanos(AbstractQueuedSynchronizer.java:2078)
        at java.util.concurrent.LinkedBlockingQueue.poll(LinkedBlockingQueue.java:467)
        at org.apache.hadoop.ipc.CallQueueManager.take(CallQueueManager.java:288)
        at org.apache.hadoop.ipc.Server$Handler.run(Server.java:2668)
"pool-47-thread-1"  prio=5 tid=444 in Object.wait()
java.lang.Thread.State: WAITING (on object monitor)
        at sun.misc.Unsafe.park(Native Method)
        at java.util.concurrent.locks.LockSupport.park(LockSupport.java:175)
        at java.util.concurrent.locks.AbstractQueuedSynchronizer$ConditionObject.await(AbstractQueuedSynchronizer.java:2039)
        at java.util.concurrent.LinkedBlockingQueue.take(LinkedBlockingQueue.java:442)
        at java.util.concurrent.ThreadPoolExecutor.getTask(ThreadPoolExecutor.java:1074)
        at java.util.concurrent.ThreadPoolExecutor.runWorker(ThreadPoolExecutor.java:1134)
        at java.util.concurrent.ThreadPoolExecutor$Worker.run(ThreadPoolExecutor.java:624)
        at java.lang.Thread.run(Thread.java:748)
"pool-46-thread-19"  prio=5 tid=371 in Object.wait()
java.lang.Thread.State: WAITING (on object monitor)
        at sun.misc.Unsafe.park(Native Method)
        at java.util.concurrent.locks.LockSupport.park(LockSupport.java:175)
        at java.util.concurrent.locks.AbstractQueuedSynchronizer$ConditionObject.await(AbstractQueuedSynchronizer.java:2039)
        at java.util.concurrent.ArrayBlockingQueue.take(ArrayBlockingQueue.java:403)
        at java.util.concurrent.ThreadPoolExecutor.getTask(ThreadPoolExecutor.java:1074)
        at java.util.concurrent.ThreadPoolExecutor.runWorker(ThreadPoolExecutor.java:1134)
        at java.util.concurrent.ThreadPoolExecutor$Worker.run(ThreadPoolExecutor.java:624)
        at java.lang.Thread.run(Thread.java:748)
"pool-26-thread-58"  prio=5 tid=350 in Object.wait()
java.lang.Thread.State: WAITING (on object monitor)
        at sun.misc.Unsafe.park(Native Method)
        at java.util.concurrent.locks.LockSupport.park(LockSupport.java:175)
        at java.util.concurrent.locks.AbstractQueuedSynchronizer$ConditionObject.await(AbstractQueuedSynchronizer.java:2039)
        at java.util.concurrent.ArrayBlockingQueue.take(ArrayBlockingQueue.java:403)
        at java.util.concurrent.ThreadPoolExecutor.getTask(ThreadPoolExecutor.java:1074)
        at java.util.concurrent.ThreadPoolExecutor.runWorker(ThreadPoolExecutor.java:1134)
        at java.util.concurrent.ThreadPoolExecutor$Worker.run(ThreadPoolExecutor.java:624)
        at java.lang.Thread.run(Thread.java:748)
"IPC Server handler 0 on 45958" daemon prio=5 tid=29 timed_waiting
java.lang.Thread.State: TIMED_WAITING
        at sun.misc.Unsafe.park(Native Method)
        at java.util.concurrent.locks.LockSupport.parkNanos(LockSupport.java:215)
        at java.util.concurrent.locks.AbstractQueuedSynchronizer$ConditionObject.awaitNanos(AbstractQueuedSynchronizer.java:2078)
        at java.util.concurrent.LinkedBlockingQueue.poll(LinkedBlockingQueue.java:467)
        at org.apache.hadoop.ipc.CallQueueManager.take(CallQueueManager.java:288)
        at org.apache.hadoop.ipc.Server$Handler.run(Server.java:2668)
"metrics-hadoop-metrics2-reporter-21-thread-1" daemon prio=5 tid=488 timed_waiting
java.lang.Thread.State: TIMED_WAITING
        at sun.misc.Unsafe.park(Native Method)
        at java.util.concurrent.locks.LockSupport.parkNanos(LockSupport.java:215)
        at java.util.concurrent.locks.AbstractQueuedSynchronizer$ConditionObject.awaitNanos(AbstractQueuedSynchronizer.java:2078)
        at java.util.concurrent.ScheduledThreadPoolExecutor$DelayedWorkQueue.take(ScheduledThreadPoolExecutor.java:1093)
        at java.util.concurrent.ScheduledThreadPoolExecutor$DelayedWorkQueue.take(ScheduledThreadPoolExecutor.java:809)
        at java.util.concurrent.ThreadPoolExecutor.getTask(ThreadPoolExecutor.java:1074)
        at java.util.concurrent.ThreadPoolExecutor.runWorker(ThreadPoolExecutor.java:1134)
        at java.util.concurrent.ThreadPoolExecutor$Worker.run(ThreadPoolExecutor.java:624)
        at java.lang.Thread.run(Thread.java:748)
"pool-26-thread-37"  prio=5 tid=310 in Object.wait()
java.lang.Thread.State: WAITING (on object monitor)
        at sun.misc.Unsafe.park(Native Method)
        at java.util.concurrent.locks.LockSupport.park(LockSupport.java:175)
        at java.util.concurrent.locks.AbstractQueuedSynchronizer$ConditionObject.await(AbstractQueuedSynchronizer.java:2039)
        at java.util.concurrent.ArrayBlockingQueue.take(ArrayBlockingQueue.java:403)
        at java.util.concurrent.ThreadPoolExecutor.getTask(ThreadPoolExecutor.java:1074)
        at java.util.concurrent.ThreadPoolExecutor.runWorker(ThreadPoolExecutor.java:1134)
        at java.util.concurrent.ThreadPoolExecutor$Worker.run(ThreadPoolExecutor.java:624)
        at java.lang.Thread.run(Thread.java:748)
"pool-26-thread-24"  prio=5 tid=284 in Object.wait()
java.lang.Thread.State: WAITING (on object monitor)
        at sun.misc.Unsafe.park(Native Method)
        at java.util.concurrent.locks.LockSupport.park(LockSupport.java:175)
        at java.util.concurrent.locks.AbstractQueuedSynchronizer$ConditionObject.await(AbstractQueuedSynchronizer.java:2039)
        at java.util.concurrent.ArrayBlockingQueue.take(ArrayBlockingQueue.java:403)
        at java.util.concurrent.ThreadPoolExecutor.getTask(ThreadPoolExecutor.java:1074)
        at java.util.concurrent.ThreadPoolExecutor.runWorker(ThreadPoolExecutor.java:1134)
        at java.util.concurrent.ThreadPoolExecutor$Worker.run(ThreadPoolExecutor.java:624)
        at java.lang.Thread.run(Thread.java:748)
"jaeger.RemoteReporter-FlushTimer" daemon prio=5 tid=148 timed_waiting
java.lang.Thread.State: TIMED_WAITING
        at java.lang.Object.wait(Native Method)
        at java.util.TimerThread.mainLoop(Timer.java:552)
        at java.util.TimerThread.run(Timer.java:505)
"IPC Server handler 7 on 45958" daemon prio=5 tid=36 timed_waiting
java.lang.Thread.State: TIMED_WAITING
        at sun.misc.Unsafe.park(Native Method)
        at java.util.concurrent.locks.LockSupport.parkNanos(LockSupport.java:215)
        at java.util.concurrent.locks.AbstractQueuedSynchronizer$ConditionObject.awaitNanos(AbstractQueuedSynchronizer.java:2078)
        at java.util.concurrent.LinkedBlockingQueue.poll(LinkedBlockingQueue.java:467)
        at org.apache.hadoop.ipc.CallQueueManager.take(CallQueueManager.java:288)
        at org.apache.hadoop.ipc.Server$Handler.run(Server.java:2668)
"IPC Server handler 7 on 35339" daemon prio=5 tid=121 timed_waiting
java.lang.Thread.State: TIMED_WAITING
        at sun.misc.Unsafe.park(Native Method)
        at java.util.concurrent.locks.LockSupport.parkNanos(LockSupport.java:215)
        at java.util.concurrent.locks.AbstractQueuedSynchronizer$ConditionObject.awaitNanos(AbstractQueuedSynchronizer.java:2078)
        at java.util.concurrent.LinkedBlockingQueue.poll(LinkedBlockingQueue.java:467)
        at org.apache.hadoop.ipc.CallQueueManager.take(CallQueueManager.java:288)
        at org.apache.hadoop.ipc.Server$Handler.run(Server.java:2668)
"pool-36-thread-2"  prio=5 tid=235 in Object.wait()
java.lang.Thread.State: WAITING (on object monitor)
        at sun.misc.Unsafe.park(Native Method)
        at java.util.concurrent.locks.LockSupport.park(LockSupport.java:175)
        at java.util.concurrent.locks.AbstractQueuedSynchronizer$ConditionObject.await(AbstractQueuedSynchronizer.java:2039)
        at java.util.concurrent.ArrayBlockingQueue.take(ArrayBlockingQueue.java:403)
        at java.util.concurrent.ThreadPoolExecutor.getTask(ThreadPoolExecutor.java:1074)
        at java.util.concurrent.ThreadPoolExecutor.runWorker(ThreadPoolExecutor.java:1134)
        at java.util.concurrent.ThreadPoolExecutor$Worker.run(ThreadPoolExecutor.java:624)
        at java.lang.Thread.run(Thread.java:748)
"Datanode ReportManager Thread - 3" daemon prio=5 tid=174 timed_waiting
java.lang.Thread.State: TIMED_WAITING
        at sun.misc.Unsafe.park(Native Method)
        at java.util.concurrent.locks.LockSupport.parkNanos(LockSupport.java:215)
        at java.util.concurrent.locks.AbstractQueuedSynchronizer$ConditionObject.awaitNanos(AbstractQueuedSynchronizer.java:2078)
        at java.util.concurrent.ScheduledThreadPoolExecutor$DelayedWorkQueue.take(ScheduledThreadPoolExecutor.java:1093)
        at java.util.concurrent.ScheduledThreadPoolExecutor$DelayedWorkQueue.take(ScheduledThreadPoolExecutor.java:809)
        at java.util.concurrent.ThreadPoolExecutor.getTask(ThreadPoolExecutor.java:1074)
        at java.util.concurrent.ThreadPoolExecutor.runWorker(ThreadPoolExecutor.java:1134)
        at java.util.concurrent.ThreadPoolExecutor$Worker.run(ThreadPoolExecutor.java:624)
        at java.lang.Thread.run(Thread.java:748)
"pool-46-thread-39"  prio=5 tid=391 in Object.wait()
java.lang.Thread.State: WAITING (on object monitor)
        at sun.misc.Unsafe.park(Native Method)
        at java.util.concurrent.locks.LockSupport.park(LockSupport.java:175)
        at java.util.concurrent.locks.AbstractQueuedSynchronizer$ConditionObject.await(AbstractQueuedSynchronizer.java:2039)
        at java.util.concurrent.ArrayBlockingQueue.take(ArrayBlockingQueue.java:403)
        at java.util.concurrent.ThreadPoolExecutor.getTask(ThreadPoolExecutor.java:1074)
        at java.util.concurrent.ThreadPoolExecutor.runWorker(ThreadPoolExecutor.java:1134)
        at java.util.concurrent.ThreadPoolExecutor$Worker.run(ThreadPoolExecutor.java:624)
        at java.lang.Thread.run(Thread.java:748)
"IPC Server handler 1 on 46440" daemon prio=5 tid=50 timed_waiting
java.lang.Thread.State: TIMED_WAITING
        at sun.misc.Unsafe.park(Native Method)
        at java.util.concurrent.locks.LockSupport.parkNanos(LockSupport.java:215)
        at java.util.concurrent.locks.AbstractQueuedSynchronizer$ConditionObject.awaitNanos(AbstractQueuedSynchronizer.java:2078)
        at java.util.concurrent.LinkedBlockingQueue.poll(LinkedBlockingQueue.java:467)
        at org.apache.hadoop.ipc.CallQueueManager.take(CallQueueManager.java:288)
        at org.apache.hadoop.ipc.Server$Handler.run(Server.java:2668)
"qtp653553574-214-acceptor-0@51405467-ServerConnector@646c0a67{HTTP/1.1,[http/1.1]}{0.0.0.0:35045}" daemon prio=3 tid=214 runnable
java.lang.Thread.State: RUNNABLE
        at sun.nio.ch.ServerSocketChannelImpl.accept0(Native Method)
        at sun.nio.ch.ServerSocketChannelImpl.accept(ServerSocketChannelImpl.java:422)
        at sun.nio.ch.ServerSocketChannelImpl.accept(ServerSocketChannelImpl.java:250)
        at org.eclipse.jetty.server.ServerConnector.accept(ServerConnector.java:397)
        at org.eclipse.jetty.server.AbstractConnector$Acceptor.run(AbstractConnector.java:601)
        at org.eclipse.jetty.util.thread.QueuedThreadPool.runJob(QueuedThreadPool.java:671)
        at org.eclipse.jetty.util.thread.QueuedThreadPool$2.run(QueuedThreadPool.java:589)
        at java.lang.Thread.run(Thread.java:748)
"IPC Server listener on 46440" daemon prio=5 tid=18 runnable
java.lang.Thread.State: RUNNABLE
        at sun.nio.ch.EPollArrayWrapper.epollWait(Native Method)
        at sun.nio.ch.EPollArrayWrapper.poll(EPollArrayWrapper.java:269)
        at sun.nio.ch.EPollSelectorImpl.doSelect(EPollSelectorImpl.java:93)
        at sun.nio.ch.SelectorImpl.lockAndDoSelect(SelectorImpl.java:86)
        at sun.nio.ch.SelectorImpl.select(SelectorImpl.java:97)
        at sun.nio.ch.SelectorImpl.select(SelectorImpl.java:101)
        at org.apache.hadoop.ipc.Server$Listener.run(Server.java:1159)
"pool-26-thread-46"  prio=5 tid=328 in Object.wait()
java.lang.Thread.State: WAITING (on object monitor)
        at sun.misc.Unsafe.park(Native Method)
        at java.util.concurrent.locks.LockSupport.park(LockSupport.java:175)
        at java.util.concurrent.locks.AbstractQueuedSynchronizer$ConditionObject.await(AbstractQueuedSynchronizer.java:2039)
        at java.util.concurrent.ArrayBlockingQueue.take(ArrayBlockingQueue.java:403)
        at java.util.concurrent.ThreadPoolExecutor.getTask(ThreadPoolExecutor.java:1074)
        at java.util.concurrent.ThreadPoolExecutor.runWorker(ThreadPoolExecutor.java:1134)
        at java.util.concurrent.ThreadPoolExecutor$Worker.run(ThreadPoolExecutor.java:624)
        at java.lang.Thread.run(Thread.java:748)
"IPC Server handler 7 on 38663" daemon prio=5 tid=76 timed_waiting
java.lang.Thread.State: TIMED_WAITING
        at sun.misc.Unsafe.park(Native Method)
        at java.util.concurrent.locks.LockSupport.parkNanos(LockSupport.java:215)
        at java.util.concurrent.locks.AbstractQueuedSynchronizer$ConditionObject.awaitNanos(AbstractQueuedSynchronizer.java:2078)
        at java.util.concurrent.LinkedBlockingQueue.poll(LinkedBlockingQueue.java:467)
        at org.apache.hadoop.ipc.CallQueueManager.take(CallQueueManager.java:288)
        at org.apache.hadoop.ipc.Server$Handler.run(Server.java:2668)
"pool-36-thread-59"  prio=5 tid=345 in Object.wait()
java.lang.Thread.State: WAITING (on object monitor)
        at sun.misc.Unsafe.park(Native Method)
        at java.util.concurrent.locks.LockSupport.park(LockSupport.java:175)
        at java.util.concurrent.locks.AbstractQueuedSynchronizer$ConditionObject.await(AbstractQueuedSynchronizer.java:2039)
        at java.util.concurrent.ArrayBlockingQueue.take(ArrayBlockingQueue.java:403)
        at java.util.concurrent.ThreadPoolExecutor.getTask(ThreadPoolExecutor.java:1074)
        at java.util.concurrent.ThreadPoolExecutor.runWorker(ThreadPoolExecutor.java:1134)
        at java.util.concurrent.ThreadPoolExecutor$Worker.run(ThreadPoolExecutor.java:624)
        at java.lang.Thread.run(Thread.java:748)
"pool-26-thread-13"  prio=5 tid=259 in Object.wait()
java.lang.Thread.State: WAITING (on object monitor)
        at sun.misc.Unsafe.park(Native Method)
        at java.util.concurrent.locks.LockSupport.park(LockSupport.java:175)
        at java.util.concurrent.locks.AbstractQueuedSynchronizer$ConditionObject.await(AbstractQueuedSynchronizer.java:2039)
        at java.util.concurrent.ArrayBlockingQueue.take(ArrayBlockingQueue.java:403)
        at java.util.concurrent.ThreadPoolExecutor.getTask(ThreadPoolExecutor.java:1074)
        at java.util.concurrent.ThreadPoolExecutor.runWorker(ThreadPoolExecutor.java:1134)
        at java.util.concurrent.ThreadPoolExecutor$Worker.run(ThreadPoolExecutor.java:624)
        at java.lang.Thread.run(Thread.java:748)
"metrics-hadoop-metrics2-reporter-31-thread-1" daemon prio=5 tid=588 timed_waiting
java.lang.Thread.State: TIMED_WAITING
        at sun.misc.Unsafe.park(Native Method)
        at java.util.concurrent.locks.LockSupport.parkNanos(LockSupport.java:215)
        at java.util.concurrent.locks.AbstractQueuedSynchronizer$ConditionObject.awaitNanos(AbstractQueuedSynchronizer.java:2078)
        at java.util.concurrent.ScheduledThreadPoolExecutor$DelayedWorkQueue.take(ScheduledThreadPoolExecutor.java:1093)
        at java.util.concurrent.ScheduledThreadPoolExecutor$DelayedWorkQueue.take(ScheduledThreadPoolExecutor.java:809)
        at java.util.concurrent.ThreadPoolExecutor.getTask(ThreadPoolExecutor.java:1074)
        at java.util.concurrent.ThreadPoolExecutor.runWorker(ThreadPoolExecutor.java:1134)
        at java.util.concurrent.ThreadPoolExecutor$Worker.run(ThreadPoolExecutor.java:624)
        at java.lang.Thread.run(Thread.java:748)
"Datanode State Machine Thread - 0" daemon prio=5 tid=231 timed_waiting
java.lang.Thread.State: TIMED_WAITING
        at sun.misc.Unsafe.park(Native Method)
        at java.util.concurrent.locks.LockSupport.parkNanos(LockSupport.java:215)
        at java.util.concurrent.SynchronousQueue$TransferStack.awaitFulfill(SynchronousQueue.java:460)
        at java.util.concurrent.SynchronousQueue$TransferStack.transfer(SynchronousQueue.java:362)
        at java.util.concurrent.SynchronousQueue.poll(SynchronousQueue.java:941)
        at java.util.concurrent.ThreadPoolExecutor.getTask(ThreadPoolExecutor.java:1073)
        at java.util.concurrent.ThreadPoolExecutor.runWorker(ThreadPoolExecutor.java:1134)
        at java.util.concurrent.ThreadPoolExecutor$Worker.run(ThreadPoolExecutor.java:624)
        at java.lang.Thread.run(Thread.java:748)
"IPC Server handler 15 on 35339" daemon prio=5 tid=130 timed_waiting
java.lang.Thread.State: TIMED_WAITING
        at sun.misc.Unsafe.park(Native Method)
        at java.util.concurrent.locks.LockSupport.parkNanos(LockSupport.java:215)
        at java.util.concurrent.locks.AbstractQueuedSynchronizer$ConditionObject.awaitNanos(AbstractQueuedSynchronizer.java:2078)
        at java.util.concurrent.LinkedBlockingQueue.poll(LinkedBlockingQueue.java:467)
        at org.apache.hadoop.ipc.CallQueueManager.take(CallQueueManager.java:288)
        at org.apache.hadoop.ipc.Server$Handler.run(Server.java:2668)
"IPC Server listener on 38663" daemon prio=5 tid=14 runnable
java.lang.Thread.State: RUNNABLE
        at sun.nio.ch.EPollArrayWrapper.epollWait(Native Method)
        at sun.nio.ch.EPollArrayWrapper.poll(EPollArrayWrapper.java:269)
        at sun.nio.ch.EPollSelectorImpl.doSelect(EPollSelectorImpl.java:93)
        at sun.nio.ch.SelectorImpl.lockAndDoSelect(SelectorImpl.java:86)
        at sun.nio.ch.SelectorImpl.select(SelectorImpl.java:97)
        at sun.nio.ch.SelectorImpl.select(SelectorImpl.java:101)
        at org.apache.hadoop.ipc.Server$Listener.run(Server.java:1159)


	at org.apache.hadoop.test.GenericTestUtils.waitFor(GenericTestUtils.java:389)
	at org.apache.hadoop.ozone.MiniOzoneClusterImpl.waitForClusterToBeReady(MiniOzoneClusterImpl.java:149)
	at org.apache.hadoop.ozone.client.rpc.TestOzoneRpcClientAbstract.startCluster(TestOzoneRpcClientAbstract.java:170)
	at org.apache.hadoop.ozone.client.rpc.TestOzoneRpcClient.init(TestOzoneRpcClient.java:45)
	at sun.reflect.NativeMethodAccessorImpl.invoke0(Native Method)
	at sun.reflect.NativeMethodAccessorImpl.invoke(NativeMethodAccessorImpl.java:62)
	at sun.reflect.DelegatingMethodAccessorImpl.invoke(DelegatingMethodAccessorImpl.java:43)
	at java.lang.reflect.Method.invoke(Method.java:498)
	at org.junit.runners.model.FrameworkMethod$1.runReflectiveCall(FrameworkMethod.java:47)
	at org.junit.internal.runners.model.ReflectiveCallable.run(ReflectiveCallable.java:12)
	at org.junit.runners.model.FrameworkMethod.invokeExplosively(FrameworkMethod.java:44)
	at org.junit.internal.runners.statements.RunBefores.evaluate(RunBefores.java:24)
	at org.junit.internal.runners.statements.RunAfters.evaluate(RunAfters.java:27)
	at org.junit.runners.ParentRunner.run(ParentRunner.java:309)
	at org.apache.maven.surefire.junit4.JUnit4Provider.execute(JUnit4Provider.java:365)
	at org.apache.maven.surefire.junit4.JUnit4Provider.executeWithRerun(JUnit4Provider.java:273)
	at org.apache.maven.surefire.junit4.JUnit4Provider.executeTestSet(JUnit4Provider.java:238)
	at org.apache.maven.surefire.junit4.JUnit4Provider.invoke(JUnit4Provider.java:159)
	at org.apache.maven.surefire.booter.ForkedBooter.invokeProviderInSameClassLoader(ForkedBooter.java:384)
	at org.apache.maven.surefire.booter.ForkedBooter.runSuitesInProcess(ForkedBooter.java:345)
	at org.apache.maven.surefire.booter.ForkedBooter.execute(ForkedBooter.java:126)
	at org.apache.maven.surefire.booter.ForkedBooter.main(ForkedBooter.java:418)
</error>
    <system-out><![CDATA[2019-10-16 21:11:06,655 [main] WARN  server.ServerUtils (ServerUtils.java:getScmDbDir(145)) - ozone.scm.db.dirs is not configured. We recommend adding this setting. Falling back to ozone.metadata.dirs instead.
2019-10-16 21:11:06,779 [main] WARN  server.ServerUtils (ServerUtils.java:getScmDbDir(145)) - ozone.scm.db.dirs is not configured. We recommend adding this setting. Falling back to ozone.metadata.dirs instead.
2019-10-16 21:11:06,782 [main] WARN  server.ServerUtils (ServerUtils.java:getScmDbDir(145)) - ozone.scm.db.dirs is not configured. We recommend adding this setting. Falling back to ozone.metadata.dirs instead.
2019-10-16 21:11:06,805 [main] INFO  util.log (Log.java:initialized(192)) - Logging initialized @824ms
2019-10-16 21:11:06,893 [main] INFO  db.DBStoreBuilder (DBStoreBuilder.java:addTable(117)) - using custom profile for table: deletedBlocks
2019-10-16 21:11:06,893 [main] INFO  db.DBStoreBuilder (DBStoreBuilder.java:processTables(168)) - Using default column profile:DBProfile.DISK for Table:deletedBlocks
2019-10-16 21:11:06,894 [main] INFO  db.DBStoreBuilder (DBStoreBuilder.java:addTable(117)) - using custom profile for table: validCerts
2019-10-16 21:11:06,894 [main] INFO  db.DBStoreBuilder (DBStoreBuilder.java:processTables(168)) - Using default column profile:DBProfile.DISK for Table:validCerts
2019-10-16 21:11:06,894 [main] INFO  db.DBStoreBuilder (DBStoreBuilder.java:addTable(117)) - using custom profile for table: revokedCerts
2019-10-16 21:11:06,894 [main] INFO  db.DBStoreBuilder (DBStoreBuilder.java:processTables(168)) - Using default column profile:DBProfile.DISK for Table:revokedCerts
2019-10-16 21:11:06,904 [main] INFO  db.DBStoreBuilder (DBStoreBuilder.java:addTable(117)) - using custom profile for table: default
2019-10-16 21:11:06,904 [main] INFO  db.DBStoreBuilder (DBStoreBuilder.java:processTables(174)) - Using default column profile:DBProfile.DISK for Table:default
2019-10-16 21:11:06,906 [main] INFO  db.DBStoreBuilder (DBStoreBuilder.java:getDbProfile(205)) - Using default options. DBProfile.DISK
2019-10-16 21:11:07,386 [main] INFO  net.NodeSchemaLoader (NodeSchemaLoader.java:loadSchemaFromFile(125)) - Loading file from sun.misc.CompoundEnumeration@5aa9e4eb
2019-10-16 21:11:07,387 [main] INFO  net.NodeSchemaLoader (NodeSchemaLoader.java:loadSchema(171)) - Loading network topology layer schema file
2019-10-16 21:11:07,444 [main] WARN  server.ServerUtils (ServerUtils.java:sanitizeUserArgs(70)) - ozone.scm.stale.node.interval value = 300000 is larger than max = 100000 based on the key value of ozone.scm.heartbeat.thread.interval, reset to the max value 100000.
2019-10-16 21:11:07,446 [main] WARN  server.ServerUtils (ServerUtils.java:sanitizeUserArgs(70)) - ozone.scm.stale.node.interval value = 300000 is larger than max = 100000 based on the key value of ozone.scm.heartbeat.thread.interval, reset to the max value 100000.
2019-10-16 21:11:07,448 [main] INFO  node.SCMNodeManager (SCMNodeManager.java:<init>(116)) - Entering startup safe mode.
2019-10-16 21:11:07,512 [main] INFO  algorithms.ContainerPlacementPolicyFactory (ContainerPlacementPolicyFactory.java:getPolicy(57)) - Create container placement policy of type org.apache.hadoop.hdds.scm.container.placement.algorithms.SCMContainerPlacementRandom
2019-10-16 21:11:07,532 [main] WARN  server.ServerUtils (ServerUtils.java:getScmDbDir(145)) - ozone.scm.db.dirs is not configured. We recommend adding this setting. Falling back to ozone.metadata.dirs instead.
2019-10-16 21:11:07,601 [main] INFO  pipeline.SCMPipelineManager (SCMPipelineManager.java:initializePipelineState(132)) - No pipeline exists in current db
2019-10-16 21:11:07,604 [main] WARN  server.ServerUtils (ServerUtils.java:getScmDbDir(145)) - ozone.scm.db.dirs is not configured. We recommend adding this setting. Falling back to ozone.metadata.dirs instead.
2019-10-16 21:11:08,146 [main] WARN  events.EventQueue (EventQueue.java:fireEvent(183)) - No event handler registered for event TypedEvent{payloadType=SafeModeStatus, name='SafeModeStatus'}
2019-10-16 21:11:08,482 [main] INFO  ipc.CallQueueManager (CallQueueManager.java:<init>(84)) - Using callQueue: class java.util.concurrent.LinkedBlockingQueue, queueCapacity: 2000, scheduler: class org.apache.hadoop.ipc.DefaultRpcScheduler, ipcBackoff: false.
2019-10-16 21:11:08,593 [Socket Reader #1 for port 38663] INFO  ipc.Server (Server.java:run(1074)) - Starting Socket Reader #1 for port 38663
2019-10-16 21:11:08,616 [main] INFO  ipc.CallQueueManager (CallQueueManager.java:<init>(84)) - Using callQueue: class java.util.concurrent.LinkedBlockingQueue, queueCapacity: 2000, scheduler: class org.apache.hadoop.ipc.DefaultRpcScheduler, ipcBackoff: false.
2019-10-16 21:11:08,617 [Socket Reader #1 for port 46440] INFO  ipc.Server (Server.java:run(1074)) - Starting Socket Reader #1 for port 46440
2019-10-16 21:11:08,623 [main] INFO  ipc.CallQueueManager (CallQueueManager.java:<init>(84)) - Using callQueue: class java.util.concurrent.LinkedBlockingQueue, queueCapacity: 2000, scheduler: class org.apache.hadoop.ipc.DefaultRpcScheduler, ipcBackoff: false.
2019-10-16 21:11:08,624 [Socket Reader #1 for port 45958] INFO  ipc.Server (Server.java:run(1074)) - Starting Socket Reader #1 for port 45958
2019-10-16 21:11:08,645 [main] INFO  hdfs.DFSUtil (DFSUtil.java:httpServerTemplateForNNAndJN(1641)) - Starting Web-server for scm at: http://0.0.0.0:0
2019-10-16 21:11:08,800 [main] INFO  server.AuthenticationFilter (AuthenticationFilter.java:constructSecretProvider(240)) - Unable to initialize FileSignerSecretProvider, falling back to use random secrets.
2019-10-16 21:11:08,807 [main] WARN  http.HttpRequestLog (HttpRequestLog.java:getRequestLog(97)) - Jetty request log can only be enabled using Log4j
2019-10-16 21:11:08,815 [main] INFO  http.HttpServer2 (HttpServer2.java:addGlobalFilter(975)) - Added global filter 'safety' (class=org.apache.hadoop.http.HttpServer2$QuotingInputFilter)
2019-10-16 21:11:08,818 [main] INFO  http.HttpServer2 (HttpServer2.java:addFilter(948)) - Added filter static_user_filter (class=org.apache.hadoop.http.lib.StaticUserWebFilter$StaticUserFilter) to context scm
2019-10-16 21:11:08,818 [main] INFO  http.HttpServer2 (HttpServer2.java:addFilter(958)) - Added filter static_user_filter (class=org.apache.hadoop.http.lib.StaticUserWebFilter$StaticUserFilter) to context logs
2019-10-16 21:11:08,818 [main] INFO  http.HttpServer2 (HttpServer2.java:addFilter(958)) - Added filter static_user_filter (class=org.apache.hadoop.http.lib.StaticUserWebFilter$StaticUserFilter) to context static
2019-10-16 21:11:08,848 [main] INFO  server.StorageContainerManager (StorageContainerManager.java:start(772)) - StorageContainerLocationProtocol RPC server is listening at /0.0.0.0:45958
2019-10-16 21:11:08,909 [main] WARN  impl.MetricsConfig (MetricsConfig.java:loadFirst(134)) - Cannot locate configuration: tried hadoop-metrics2-storagecontainermanager.properties,hadoop-metrics2.properties
2019-10-16 21:11:08,921 [main] INFO  impl.MetricsSystemImpl (MetricsSystemImpl.java:startTimer(374)) - Scheduled Metric snapshot period at 10 second(s).
2019-10-16 21:11:08,921 [main] INFO  impl.MetricsSystemImpl (MetricsSystemImpl.java:start(191)) - StorageContainerManager metrics system started
2019-10-16 21:11:09,143 [main] INFO  server.SCMClientProtocolServer (SCMClientProtocolServer.java:start(159)) - RPC server for Client  is listening at /0.0.0.0:45958
2019-10-16 21:11:09,144 [IPC Server listener on 45958] INFO  ipc.Server (Server.java:run(1153)) - IPC Server listener on 45958: starting
2019-10-16 21:11:09,144 [IPC Server Responder] INFO  ipc.Server (Server.java:run(1314)) - IPC Server Responder: starting
2019-10-16 21:11:09,146 [main] INFO  server.StorageContainerManager (StorageContainerManager.java:start(782)) - ScmBlockLocationProtocol RPC server is listening at /0.0.0.0:46440
2019-10-16 21:11:09,147 [main] INFO  server.SCMBlockProtocolServer (SCMBlockProtocolServer.java:start(146)) - RPC server for Block Protocol is listening at /0.0.0.0:46440
2019-10-16 21:11:09,147 [IPC Server Responder] INFO  ipc.Server (Server.java:run(1314)) - IPC Server Responder: starting
2019-10-16 21:11:09,147 [IPC Server listener on 46440] INFO  ipc.Server (Server.java:run(1153)) - IPC Server listener on 46440: starting
2019-10-16 21:11:09,149 [main] INFO  server.StorageContainerManager (StorageContainerManager.java:start(786)) - ScmDatanodeProtocl RPC server is listening at /0.0.0.0:38663
2019-10-16 21:11:09,149 [main] INFO  server.SCMDatanodeProtocolServer (SCMDatanodeProtocolServer.java:start(169)) - RPC server for DataNodes is listening at /0.0.0.0:38663
2019-10-16 21:11:09,150 [IPC Server Responder] INFO  ipc.Server (Server.java:run(1314)) - IPC Server Responder: starting
2019-10-16 21:11:09,150 [IPC Server listener on 38663] INFO  ipc.Server (Server.java:run(1153)) - IPC Server listener on 38663: starting
2019-10-16 21:11:09,153 [main] INFO  http.HttpServer2 (HttpServer2.java:bindListener(1191)) - Jetty bound to port 39464
2019-10-16 21:11:09,155 [main] INFO  server.Server (Server.java:doStart(351)) - jetty-9.3.25.v20180904, build timestamp: 2018-09-04T21:11:46Z, git hash: 3ce520221d0240229c862b122d2b06c12a625732
2019-10-16 21:11:09,187 [main] INFO  handler.ContextHandler (ContextHandler.java:doStart(781)) - Started o.e.j.s.ServletContextHandler@ccb4b1b{/logs,file:///workdir/hadoop-ozone/integration-test/target/log,AVAILABLE}
2019-10-16 21:11:09,188 [main] INFO  handler.ContextHandler (ContextHandler.java:doStart(781)) - Started o.e.j.s.ServletContextHandler@ec2cc4{/static,file:///workdir/hadoop-ozone/integration-test/target/test-classes/webapps/static,AVAILABLE}
2019-10-16 21:11:09,219 [main] INFO  handler.ContextHandler (ContextHandler.java:doStart(781)) - Started o.e.j.w.WebAppContext@4108fa66{/,file:///workdir/hadoop-ozone/integration-test/target/test-classes/webapps/scm/,AVAILABLE}{/scm}
2019-10-16 21:11:09,224 [main] INFO  server.AbstractConnector (AbstractConnector.java:doStart(278)) - Started ServerConnector@21ca139c{HTTP/1.1,[http/1.1]}{0.0.0.0:39464}
2019-10-16 21:11:09,224 [main] INFO  server.Server (Server.java:doStart(419)) - Started @3243ms
2019-10-16 21:11:09,226 [main] INFO  impl.MetricsSinkAdapter (MetricsSinkAdapter.java:start(204)) - Sink prometheus started
2019-10-16 21:11:09,227 [main] INFO  impl.MetricsSystemImpl (MetricsSystemImpl.java:registerSink(301)) - Registered sink prometheus
2019-10-16 21:11:09,228 [main] INFO  server.BaseHttpServer (BaseHttpServer.java:updateConnectorAddress(215)) - HTTP server of SCM is listening at http://0.0.0.0:39464
2019-10-16 21:11:09,233 [org.apache.hadoop.util.JvmPauseMonitor$Monitor@5aa0dbf4] INFO  util.JvmPauseMonitor (JvmPauseMonitor.java:run(188)) - Starting JVM pause monitor
2019-10-16 21:11:09,236 [main] WARN  server.ServerUtils (ServerUtils.java:getDBPath(222)) - ozone.om.db.dirs is not configured. We recommend adding this setting. Falling back to ozone.metadata.dirs instead.
2019-10-16 21:11:09,408 [main] INFO  ha.OMHANodeDetails (OMHANodeDetails.java:loadOMHAConfig(190)) - Configuration either no ozone.om.address set. Falling back to the default OM address /127.0.0.1:0
2019-10-16 21:11:09,408 [main] INFO  ha.OMHANodeDetails (OMHANodeDetails.java:getOMNodeDetails(220)) - OM Service ID is not set. Setting it to the default ID: omServiceIdDefault
2019-10-16 21:11:09,410 [main] WARN  server.ServerUtils (ServerUtils.java:getDBPath(222)) - ozone.om.db.dirs is not configured. We recommend adding this setting. Falling back to ozone.metadata.dirs instead.
2019-10-16 21:11:09,411 [main] WARN  server.ServerUtils (ServerUtils.java:getDBPath(222)) - ozone.om.db.dirs is not configured. We recommend adding this setting. Falling back to ozone.metadata.dirs instead.
2019-10-16 21:11:10,060 [main] WARN  server.ServerUtils (ServerUtils.java:getDBPath(222)) - ozone.om.db.dirs is not configured. We recommend adding this setting. Falling back to ozone.metadata.dirs instead.
2019-10-16 21:11:10,068 [main] INFO  db.DBStoreBuilder (DBStoreBuilder.java:addTable(117)) - using custom profile for table: userTable
2019-10-16 21:11:10,068 [main] INFO  db.DBStoreBuilder (DBStoreBuilder.java:processTables(168)) - Using default column profile:DBProfile.DISK for Table:userTable
2019-10-16 21:11:10,068 [main] INFO  db.DBStoreBuilder (DBStoreBuilder.java:addTable(117)) - using custom profile for table: volumeTable
2019-10-16 21:11:10,069 [main] INFO  db.DBStoreBuilder (DBStoreBuilder.java:processTables(168)) - Using default column profile:DBProfile.DISK for Table:volumeTable
2019-10-16 21:11:10,069 [main] INFO  db.DBStoreBuilder (DBStoreBuilder.java:addTable(117)) - using custom profile for table: bucketTable
2019-10-16 21:11:10,069 [main] INFO  db.DBStoreBuilder (DBStoreBuilder.java:processTables(168)) - Using default column profile:DBProfile.DISK for Table:bucketTable
2019-10-16 21:11:10,069 [main] INFO  db.DBStoreBuilder (DBStoreBuilder.java:addTable(117)) - using custom profile for table: keyTable
2019-10-16 21:11:10,070 [main] INFO  db.DBStoreBuilder (DBStoreBuilder.java:processTables(168)) - Using default column profile:DBProfile.DISK for Table:keyTable
2019-10-16 21:11:10,070 [main] INFO  db.DBStoreBuilder (DBStoreBuilder.java:addTable(117)) - using custom profile for table: deletedTable
2019-10-16 21:11:10,070 [main] INFO  db.DBStoreBuilder (DBStoreBuilder.java:processTables(168)) - Using default column profile:DBProfile.DISK for Table:deletedTable
2019-10-16 21:11:10,070 [main] INFO  db.DBStoreBuilder (DBStoreBuilder.java:addTable(117)) - using custom profile for table: openKeyTable
2019-10-16 21:11:10,070 [main] INFO  db.DBStoreBuilder (DBStoreBuilder.java:processTables(168)) - Using default column profile:DBProfile.DISK for Table:openKeyTable
2019-10-16 21:11:10,071 [main] INFO  db.DBStoreBuilder (DBStoreBuilder.java:addTable(117)) - using custom profile for table: s3Table
2019-10-16 21:11:10,071 [main] INFO  db.DBStoreBuilder (DBStoreBuilder.java:processTables(168)) - Using default column profile:DBProfile.DISK for Table:s3Table
2019-10-16 21:11:10,071 [main] INFO  db.DBStoreBuilder (DBStoreBuilder.java:addTable(117)) - using custom profile for table: multipartInfoTable
2019-10-16 21:11:10,071 [main] INFO  db.DBStoreBuilder (DBStoreBuilder.java:processTables(168)) - Using default column profile:DBProfile.DISK for Table:multipartInfoTable
2019-10-16 21:11:10,072 [main] INFO  db.DBStoreBuilder (DBStoreBuilder.java:addTable(117)) - using custom profile for table: dTokenTable
2019-10-16 21:11:10,072 [main] INFO  db.DBStoreBuilder (DBStoreBuilder.java:processTables(168)) - Using default column profile:DBProfile.DISK for Table:dTokenTable
2019-10-16 21:11:10,072 [main] INFO  db.DBStoreBuilder (DBStoreBuilder.java:addTable(117)) - using custom profile for table: s3SecretTable
2019-10-16 21:11:10,072 [main] INFO  db.DBStoreBuilder (DBStoreBuilder.java:processTables(168)) - Using default column profile:DBProfile.DISK for Table:s3SecretTable
2019-10-16 21:11:10,072 [main] INFO  db.DBStoreBuilder (DBStoreBuilder.java:addTable(117)) - using custom profile for table: prefixTable
2019-10-16 21:11:10,073 [main] INFO  db.DBStoreBuilder (DBStoreBuilder.java:processTables(168)) - Using default column profile:DBProfile.DISK for Table:prefixTable
2019-10-16 21:11:10,073 [main] INFO  db.DBStoreBuilder (DBStoreBuilder.java:addTable(117)) - using custom profile for table: default
2019-10-16 21:11:10,073 [main] INFO  db.DBStoreBuilder (DBStoreBuilder.java:processTables(174)) - Using default column profile:DBProfile.DISK for Table:default
2019-10-16 21:11:10,073 [main] INFO  db.DBStoreBuilder (DBStoreBuilder.java:getDbProfile(205)) - Using default options. DBProfile.DISK
2019-10-16 21:11:11,294 [main] INFO  ipc.CallQueueManager (CallQueueManager.java:<init>(84)) - Using callQueue: class java.util.concurrent.LinkedBlockingQueue, queueCapacity: 2000, scheduler: class org.apache.hadoop.ipc.DefaultRpcScheduler, ipcBackoff: false.
2019-10-16 21:11:11,295 [Socket Reader #1 for port 35339] INFO  ipc.Server (Server.java:run(1074)) - Starting Socket Reader #1 for port 35339
2019-10-16 21:11:11,317 [main] INFO  om.OzoneManager (OzoneManager.java:start(1071)) - OzoneManager RPC server is listening at localhost/127.0.0.1:35339
2019-10-16 21:11:11,317 [main] INFO  impl.MetricsSystemImpl (MetricsSystemImpl.java:init(158)) - OzoneManager metrics system started (again)
2019-10-16 21:11:11,328 [IPC Server Responder] INFO  ipc.Server (Server.java:run(1314)) - IPC Server Responder: starting
2019-10-16 21:11:11,328 [IPC Server listener on 35339] INFO  ipc.Server (Server.java:run(1153)) - IPC Server listener on 35339: starting
2019-10-16 21:11:11,337 [main] INFO  hdfs.DFSUtil (DFSUtil.java:httpServerTemplateForNNAndJN(1641)) - Starting Web-server for ozoneManager at: http://0.0.0.0:0
2019-10-16 21:11:11,340 [main] INFO  server.AuthenticationFilter (AuthenticationFilter.java:constructSecretProvider(240)) - Unable to initialize FileSignerSecretProvider, falling back to use random secrets.
2019-10-16 21:11:11,340 [main] WARN  http.HttpRequestLog (HttpRequestLog.java:getRequestLog(97)) - Jetty request log can only be enabled using Log4j
2019-10-16 21:11:11,343 [main] INFO  http.HttpServer2 (HttpServer2.java:addGlobalFilter(975)) - Added global filter 'safety' (class=org.apache.hadoop.http.HttpServer2$QuotingInputFilter)
2019-10-16 21:11:11,344 [main] INFO  http.HttpServer2 (HttpServer2.java:addFilter(948)) - Added filter static_user_filter (class=org.apache.hadoop.http.lib.StaticUserWebFilter$StaticUserFilter) to context ozoneManager
2019-10-16 21:11:11,344 [main] INFO  http.HttpServer2 (HttpServer2.java:addFilter(958)) - Added filter static_user_filter (class=org.apache.hadoop.http.lib.StaticUserWebFilter$StaticUserFilter) to context static
2019-10-16 21:11:11,344 [main] INFO  http.HttpServer2 (HttpServer2.java:addFilter(958)) - Added filter static_user_filter (class=org.apache.hadoop.http.lib.StaticUserWebFilter$StaticUserFilter) to context logs
2019-10-16 21:11:11,347 [main] INFO  http.HttpServer2 (HttpServer2.java:bindListener(1191)) - Jetty bound to port 33567
2019-10-16 21:11:11,347 [main] INFO  server.Server (Server.java:doStart(351)) - jetty-9.3.25.v20180904, build timestamp: 2018-09-04T21:11:46Z, git hash: 3ce520221d0240229c862b122d2b06c12a625732
2019-10-16 21:11:11,350 [main] INFO  handler.ContextHandler (ContextHandler.java:doStart(781)) - Started o.e.j.s.ServletContextHandler@4e8e8621{/logs,file:///workdir/hadoop-ozone/integration-test/target/log,AVAILABLE}
2019-10-16 21:11:11,351 [main] INFO  handler.ContextHandler (ContextHandler.java:doStart(781)) - Started o.e.j.s.ServletContextHandler@3af356f{/static,file:///workdir/hadoop-ozone/integration-test/target/test-classes/webapps/static,AVAILABLE}
2019-10-16 21:11:11,356 [main] INFO  handler.ContextHandler (ContextHandler.java:doStart(781)) - Started o.e.j.w.WebAppContext@27f74733{/,file:///workdir/hadoop-ozone/integration-test/target/test-classes/webapps/ozoneManager/,AVAILABLE}{/ozoneManager}
2019-10-16 21:11:11,357 [main] INFO  server.AbstractConnector (AbstractConnector.java:doStart(278)) - Started ServerConnector@7bef452c{HTTP/1.1,[http/1.1]}{0.0.0.0:33567}
2019-10-16 21:11:11,358 [main] INFO  server.Server (Server.java:doStart(419)) - Started @5376ms
2019-10-16 21:11:11,358 [main] WARN  impl.MetricsSystemImpl (MetricsSystemImpl.java:register(276)) - Sink prometheus already exists!
2019-10-16 21:11:11,359 [main] INFO  server.BaseHttpServer (BaseHttpServer.java:updateConnectorAddress(215)) - HTTP server of OZONEMANAGER is listening at http://0.0.0.0:33567
2019-10-16 21:11:11,637 [main] INFO  impl.MetricsSystemImpl (MetricsSystemImpl.java:init(158)) - HddsDatanode metrics system started (again)
2019-10-16 21:11:11,681 [main] INFO  ozone.HddsDatanodeService (HddsDatanodeService.java:start(184)) - HddsDatanodeService host:pr-hdds-1868-qdb9g-714931517 ip:192.168.157.254
2019-10-16 21:11:11,712 [main] INFO  volume.HddsVolume (HddsVolume.java:<init>(176)) - Creating Volume: /workdir/hadoop-ozone/integration-test/target/test-dir/MiniOzoneClusterImpl-5bbdf16d-a65b-4877-b412-d21df752c328/datanode-0/data/containers/hdds of  storage type : DISK and capacity : 1482555576320
2019-10-16 21:11:11,714 [main] INFO  volume.VolumeSet (VolumeSet.java:initializeVolumeSet(170)) - Added Volume : /workdir/hadoop-ozone/integration-test/target/test-dir/MiniOzoneClusterImpl-5bbdf16d-a65b-4877-b412-d21df752c328/datanode-0/data/containers/hdds to VolumeSet
2019-10-16 21:11:11,717 [main] INFO  volume.ThrottledAsyncChecker (ThrottledAsyncChecker.java:schedule(141)) - Scheduling a check for /workdir/hadoop-ozone/integration-test/target/test-dir/MiniOzoneClusterImpl-5bbdf16d-a65b-4877-b412-d21df752c328/datanode-0/data/containers/hdds
2019-10-16 21:11:11,733 [main] INFO  volume.HddsVolumeChecker (HddsVolumeChecker.java:checkAllVolumes(204)) - Scheduled health check for volume /workdir/hadoop-ozone/integration-test/target/test-dir/MiniOzoneClusterImpl-5bbdf16d-a65b-4877-b412-d21df752c328/datanode-0/data/containers/hdds
2019-10-16 21:11:11,838 [main] INFO  impl.RaftServerProxy (ConfUtils.java:logGet(43)) - raft.rpc.type = GRPC (default)
2019-10-16 21:11:11,895 [main] INFO  grpc.GrpcFactory (GrpcFactory.java:checkPooledByteBufAllocatorUseCacheForAllThreads(45)) - PERFORMANCE WARNING: useCacheForAllThreads is true that may cause Netty to create a lot garbage objects and, as a result, trigger GC.
	It is recommended to disable useCacheForAllThreads by setting -Dorg.apache.ratis.thirdparty.io.netty.allocator.useCacheForAllThreads=false in command line.
2019-10-16 21:11:11,899 [main] INFO  grpc.GrpcConfigKeys$Server (ConfUtils.java:logGet(43)) - raft.grpc.server.port = 0 (default)
2019-10-16 21:11:11,900 [main] INFO  server.GrpcService (ConfUtils.java:logGet(43)) - raft.grpc.message.size.max = 33570816 (custom)
2019-10-16 21:11:11,901 [main] INFO  server.RaftServerConfigKeys (ConfUtils.java:logGet(43)) - raft.server.log.appender.buffer.byte-limit = 33554432 (custom)
2019-10-16 21:11:11,902 [main] INFO  server.GrpcService (ConfUtils.java:logGet(43)) - raft.grpc.flow.control.window = 1MB (=1048576) (default)
2019-10-16 21:11:11,902 [main] INFO  server.RaftServerConfigKeys (ConfUtils.java:logGet(43)) - raft.server.rpc.request.timeout = 3000ms (default)
2019-10-16 21:11:12,039 [main] INFO  server.RaftServerConfigKeys (ConfUtils.java:logGet(43)) - raft.server.storage.dir = [/workdir/hadoop-ozone/integration-test/target/test-dir/MiniOzoneClusterImpl-5bbdf16d-a65b-4877-b412-d21df752c328/datanode-0/data/ratis] (custom)
2019-10-16 21:11:12,082 [main] INFO  hdfs.DFSUtil (DFSUtil.java:httpServerTemplateForNNAndJN(1641)) - Starting Web-server for hddsDatanode at: http://0.0.0.0:0
2019-10-16 21:11:12,083 [main] INFO  server.AuthenticationFilter (AuthenticationFilter.java:constructSecretProvider(240)) - Unable to initialize FileSignerSecretProvider, falling back to use random secrets.
2019-10-16 21:11:12,084 [main] WARN  http.HttpRequestLog (HttpRequestLog.java:getRequestLog(97)) - Jetty request log can only be enabled using Log4j
2019-10-16 21:11:12,086 [main] INFO  http.HttpServer2 (HttpServer2.java:addGlobalFilter(975)) - Added global filter 'safety' (class=org.apache.hadoop.http.HttpServer2$QuotingInputFilter)
2019-10-16 21:11:12,086 [main] INFO  http.HttpServer2 (HttpServer2.java:addFilter(948)) - Added filter static_user_filter (class=org.apache.hadoop.http.lib.StaticUserWebFilter$StaticUserFilter) to context hddsDatanode
2019-10-16 21:11:12,087 [main] INFO  http.HttpServer2 (HttpServer2.java:addFilter(958)) - Added filter static_user_filter (class=org.apache.hadoop.http.lib.StaticUserWebFilter$StaticUserFilter) to context static
2019-10-16 21:11:12,087 [main] INFO  http.HttpServer2 (HttpServer2.java:addFilter(958)) - Added filter static_user_filter (class=org.apache.hadoop.http.lib.StaticUserWebFilter$StaticUserFilter) to context logs
2019-10-16 21:11:12,088 [main] INFO  http.HttpServer2 (HttpServer2.java:bindListener(1191)) - Jetty bound to port 34951
2019-10-16 21:11:12,088 [main] INFO  server.Server (Server.java:doStart(351)) - jetty-9.3.25.v20180904, build timestamp: 2018-09-04T21:11:46Z, git hash: 3ce520221d0240229c862b122d2b06c12a625732
2019-10-16 21:11:12,090 [main] INFO  handler.ContextHandler (ContextHandler.java:doStart(781)) - Started o.e.j.s.ServletContextHandler@62e93c3a{/logs,file:///workdir/hadoop-ozone/integration-test/target/log,AVAILABLE}
2019-10-16 21:11:12,091 [main] INFO  handler.ContextHandler (ContextHandler.java:doStart(781)) - Started o.e.j.s.ServletContextHandler@25d93198{/static,jar:file:/home/user/.m2/repository/org/apache/hadoop/hadoop-hdds-container-service/0.5.0-SNAPSHOT/hadoop-hdds-container-service-0.5.0-SNAPSHOT.jar!/webapps/static,AVAILABLE}
2019-10-16 21:11:12,126 [main] INFO  handler.ContextHandler (ContextHandler.java:doStart(781)) - Started o.e.j.w.WebAppContext@4674d90{/,file:///tmp/jetty-0.0.0.0-34951-hddsDatanode-_-any-5768745692796602461.dir/webapp/,AVAILABLE}{/hddsDatanode}
2019-10-16 21:11:12,127 [main] INFO  server.AbstractConnector (AbstractConnector.java:doStart(278)) - Started ServerConnector@60783105{HTTP/1.1,[http/1.1]}{0.0.0.0:34951}
2019-10-16 21:11:12,127 [main] INFO  server.Server (Server.java:doStart(419)) - Started @6146ms
2019-10-16 21:11:12,128 [main] WARN  impl.MetricsSystemImpl (MetricsSystemImpl.java:register(276)) - Sink prometheus already exists!
2019-10-16 21:11:12,129 [main] INFO  server.BaseHttpServer (BaseHttpServer.java:updateConnectorAddress(215)) - HTTP server of HDDSDATANODE is listening at http://0.0.0.0:34951
2019-10-16 21:11:12,130 [main] INFO  impl.MetricsSystemImpl (MetricsSystemImpl.java:init(158)) - HddsDatanode metrics system started (again)
2019-10-16 21:11:12,132 [main] INFO  ozone.HddsDatanodeService (HddsDatanodeService.java:start(184)) - HddsDatanodeService host:pr-hdds-1868-qdb9g-714931517 ip:192.168.157.254
2019-10-16 21:11:12,134 [org.apache.hadoop.util.JvmPauseMonitor$Monitor@2ad43364] INFO  util.JvmPauseMonitor (JvmPauseMonitor.java:run(188)) - Starting JVM pause monitor
2019-10-16 21:11:12,139 [main] INFO  volume.HddsVolume (HddsVolume.java:<init>(176)) - Creating Volume: /workdir/hadoop-ozone/integration-test/target/test-dir/MiniOzoneClusterImpl-5bbdf16d-a65b-4877-b412-d21df752c328/datanode-1/data/containers/hdds of  storage type : DISK and capacity : 1482555576320
2019-10-16 21:11:12,139 [main] INFO  volume.VolumeSet (VolumeSet.java:initializeVolumeSet(170)) - Added Volume : /workdir/hadoop-ozone/integration-test/target/test-dir/MiniOzoneClusterImpl-5bbdf16d-a65b-4877-b412-d21df752c328/datanode-1/data/containers/hdds to VolumeSet
2019-10-16 21:11:12,140 [main] INFO  volume.ThrottledAsyncChecker (ThrottledAsyncChecker.java:schedule(141)) - Scheduling a check for /workdir/hadoop-ozone/integration-test/target/test-dir/MiniOzoneClusterImpl-5bbdf16d-a65b-4877-b412-d21df752c328/datanode-1/data/containers/hdds
2019-10-16 21:11:12,141 [main] INFO  volume.HddsVolumeChecker (HddsVolumeChecker.java:checkAllVolumes(204)) - Scheduled health check for volume /workdir/hadoop-ozone/integration-test/target/test-dir/MiniOzoneClusterImpl-5bbdf16d-a65b-4877-b412-d21df752c328/datanode-1/data/containers/hdds
2019-10-16 21:11:12,153 [main] INFO  impl.RaftServerProxy (ConfUtils.java:logGet(43)) - raft.rpc.type = GRPC (default)
2019-10-16 21:11:12,153 [main] INFO  grpc.GrpcFactory (GrpcFactory.java:checkPooledByteBufAllocatorUseCacheForAllThreads(45)) - PERFORMANCE WARNING: useCacheForAllThreads is true that may cause Netty to create a lot garbage objects and, as a result, trigger GC.
	It is recommended to disable useCacheForAllThreads by setting -Dorg.apache.ratis.thirdparty.io.netty.allocator.useCacheForAllThreads=false in command line.
2019-10-16 21:11:12,153 [main] INFO  grpc.GrpcConfigKeys$Server (ConfUtils.java:logGet(43)) - raft.grpc.server.port = 0 (default)
2019-10-16 21:11:12,153 [main] INFO  server.GrpcService (ConfUtils.java:logGet(43)) - raft.grpc.message.size.max = 33570816 (custom)
2019-10-16 21:11:12,154 [main] INFO  server.RaftServerConfigKeys (ConfUtils.java:logGet(43)) - raft.server.log.appender.buffer.byte-limit = 33554432 (custom)
2019-10-16 21:11:12,154 [main] INFO  server.GrpcService (ConfUtils.java:logGet(43)) - raft.grpc.flow.control.window = 1MB (=1048576) (default)
2019-10-16 21:11:12,154 [main] INFO  server.RaftServerConfigKeys (ConfUtils.java:logGet(43)) - raft.server.rpc.request.timeout = 3000ms (default)
2019-10-16 21:11:12,155 [main] INFO  server.RaftServerConfigKeys (ConfUtils.java:logGet(43)) - raft.server.storage.dir = [/workdir/hadoop-ozone/integration-test/target/test-dir/MiniOzoneClusterImpl-5bbdf16d-a65b-4877-b412-d21df752c328/datanode-1/data/ratis] (custom)
2019-10-16 21:11:12,156 [main] INFO  hdfs.DFSUtil (DFSUtil.java:httpServerTemplateForNNAndJN(1641)) - Starting Web-server for hddsDatanode at: http://0.0.0.0:0
2019-10-16 21:11:12,158 [main] INFO  server.AuthenticationFilter (AuthenticationFilter.java:constructSecretProvider(240)) - Unable to initialize FileSignerSecretProvider, falling back to use random secrets.
2019-10-16 21:11:12,159 [main] WARN  http.HttpRequestLog (HttpRequestLog.java:getRequestLog(97)) - Jetty request log can only be enabled using Log4j
2019-10-16 21:11:12,160 [main] INFO  http.HttpServer2 (HttpServer2.java:addGlobalFilter(975)) - Added global filter 'safety' (class=org.apache.hadoop.http.HttpServer2$QuotingInputFilter)
2019-10-16 21:11:12,161 [main] INFO  http.HttpServer2 (HttpServer2.java:addFilter(948)) - Added filter static_user_filter (class=org.apache.hadoop.http.lib.StaticUserWebFilter$StaticUserFilter) to context hddsDatanode
2019-10-16 21:11:12,162 [main] INFO  http.HttpServer2 (HttpServer2.java:addFilter(958)) - Added filter static_user_filter (class=org.apache.hadoop.http.lib.StaticUserWebFilter$StaticUserFilter) to context static
2019-10-16 21:11:12,162 [main] INFO  http.HttpServer2 (HttpServer2.java:addFilter(958)) - Added filter static_user_filter (class=org.apache.hadoop.http.lib.StaticUserWebFilter$StaticUserFilter) to context logs
2019-10-16 21:11:12,163 [main] INFO  http.HttpServer2 (HttpServer2.java:bindListener(1191)) - Jetty bound to port 36825
2019-10-16 21:11:12,164 [main] INFO  server.Server (Server.java:doStart(351)) - jetty-9.3.25.v20180904, build timestamp: 2018-09-04T21:11:46Z, git hash: 3ce520221d0240229c862b122d2b06c12a625732
2019-10-16 21:11:12,168 [main] INFO  handler.ContextHandler (ContextHandler.java:doStart(781)) - Started o.e.j.s.ServletContextHandler@2f37f1f9{/logs,file:///workdir/hadoop-ozone/integration-test/target/log,AVAILABLE}
2019-10-16 21:11:12,169 [main] INFO  handler.ContextHandler (ContextHandler.java:doStart(781)) - Started o.e.j.s.ServletContextHandler@2af69643{/static,jar:file:/home/user/.m2/repository/org/apache/hadoop/hadoop-hdds-container-service/0.5.0-SNAPSHOT/hadoop-hdds-container-service-0.5.0-SNAPSHOT.jar!/webapps/static,AVAILABLE}
2019-10-16 21:11:12,199 [main] INFO  handler.ContextHandler (ContextHandler.java:doStart(781)) - Started o.e.j.w.WebAppContext@5d43409a{/,file:///tmp/jetty-0.0.0.0-36825-hddsDatanode-_-any-2321961911959519778.dir/webapp/,AVAILABLE}{/hddsDatanode}
2019-10-16 21:11:12,200 [main] INFO  server.AbstractConnector (AbstractConnector.java:doStart(278)) - Started ServerConnector@38d17d80{HTTP/1.1,[http/1.1]}{0.0.0.0:36825}
2019-10-16 21:11:12,200 [main] INFO  server.Server (Server.java:doStart(419)) - Started @6219ms
2019-10-16 21:11:12,201 [main] WARN  impl.MetricsSystemImpl (MetricsSystemImpl.java:register(276)) - Sink prometheus already exists!
2019-10-16 21:11:12,202 [main] INFO  server.BaseHttpServer (BaseHttpServer.java:updateConnectorAddress(215)) - HTTP server of HDDSDATANODE is listening at http://0.0.0.0:36825
2019-10-16 21:11:12,202 [main] INFO  impl.MetricsSystemImpl (MetricsSystemImpl.java:init(158)) - HddsDatanode metrics system started (again)
2019-10-16 21:11:12,204 [main] INFO  ozone.HddsDatanodeService (HddsDatanodeService.java:start(184)) - HddsDatanodeService host:pr-hdds-1868-qdb9g-714931517 ip:192.168.157.254
2019-10-16 21:11:12,204 [org.apache.hadoop.util.JvmPauseMonitor$Monitor@490b5cdf] INFO  util.JvmPauseMonitor (JvmPauseMonitor.java:run(188)) - Starting JVM pause monitor
2019-10-16 21:11:12,211 [main] INFO  volume.HddsVolume (HddsVolume.java:<init>(176)) - Creating Volume: /workdir/hadoop-ozone/integration-test/target/test-dir/MiniOzoneClusterImpl-5bbdf16d-a65b-4877-b412-d21df752c328/datanode-2/data/containers/hdds of  storage type : DISK and capacity : 1482555576320
2019-10-16 21:11:12,212 [main] INFO  volume.VolumeSet (VolumeSet.java:initializeVolumeSet(170)) - Added Volume : /workdir/hadoop-ozone/integration-test/target/test-dir/MiniOzoneClusterImpl-5bbdf16d-a65b-4877-b412-d21df752c328/datanode-2/data/containers/hdds to VolumeSet
2019-10-16 21:11:12,212 [main] INFO  volume.ThrottledAsyncChecker (ThrottledAsyncChecker.java:schedule(141)) - Scheduling a check for /workdir/hadoop-ozone/integration-test/target/test-dir/MiniOzoneClusterImpl-5bbdf16d-a65b-4877-b412-d21df752c328/datanode-2/data/containers/hdds
2019-10-16 21:11:12,213 [main] INFO  volume.HddsVolumeChecker (HddsVolumeChecker.java:checkAllVolumes(204)) - Scheduled health check for volume /workdir/hadoop-ozone/integration-test/target/test-dir/MiniOzoneClusterImpl-5bbdf16d-a65b-4877-b412-d21df752c328/datanode-2/data/containers/hdds
2019-10-16 21:11:12,231 [main] INFO  impl.RaftServerProxy (ConfUtils.java:logGet(43)) - raft.rpc.type = GRPC (default)
2019-10-16 21:11:12,231 [main] INFO  grpc.GrpcFactory (GrpcFactory.java:checkPooledByteBufAllocatorUseCacheForAllThreads(45)) - PERFORMANCE WARNING: useCacheForAllThreads is true that may cause Netty to create a lot garbage objects and, as a result, trigger GC.
	It is recommended to disable useCacheForAllThreads by setting -Dorg.apache.ratis.thirdparty.io.netty.allocator.useCacheForAllThreads=false in command line.
2019-10-16 21:11:12,232 [main] INFO  grpc.GrpcConfigKeys$Server (ConfUtils.java:logGet(43)) - raft.grpc.server.port = 0 (default)
2019-10-16 21:11:12,232 [main] INFO  server.GrpcService (ConfUtils.java:logGet(43)) - raft.grpc.message.size.max = 33570816 (custom)
2019-10-16 21:11:12,232 [main] INFO  server.RaftServerConfigKeys (ConfUtils.java:logGet(43)) - raft.server.log.appender.buffer.byte-limit = 33554432 (custom)
2019-10-16 21:11:12,232 [main] INFO  server.GrpcService (ConfUtils.java:logGet(43)) - raft.grpc.flow.control.window = 1MB (=1048576) (default)
2019-10-16 21:11:12,233 [main] INFO  server.RaftServerConfigKeys (ConfUtils.java:logGet(43)) - raft.server.rpc.request.timeout = 3000ms (default)
2019-10-16 21:11:12,233 [main] INFO  server.RaftServerConfigKeys (ConfUtils.java:logGet(43)) - raft.server.storage.dir = [/workdir/hadoop-ozone/integration-test/target/test-dir/MiniOzoneClusterImpl-5bbdf16d-a65b-4877-b412-d21df752c328/datanode-2/data/ratis] (custom)
2019-10-16 21:11:12,235 [main] INFO  hdfs.DFSUtil (DFSUtil.java:httpServerTemplateForNNAndJN(1641)) - Starting Web-server for hddsDatanode at: http://0.0.0.0:0
2019-10-16 21:11:12,237 [main] INFO  server.AuthenticationFilter (AuthenticationFilter.java:constructSecretProvider(240)) - Unable to initialize FileSignerSecretProvider, falling back to use random secrets.
2019-10-16 21:11:12,238 [main] WARN  http.HttpRequestLog (HttpRequestLog.java:getRequestLog(97)) - Jetty request log can only be enabled using Log4j
2019-10-16 21:11:12,239 [main] INFO  http.HttpServer2 (HttpServer2.java:addGlobalFilter(975)) - Added global filter 'safety' (class=org.apache.hadoop.http.HttpServer2$QuotingInputFilter)
2019-10-16 21:11:12,240 [main] INFO  http.HttpServer2 (HttpServer2.java:addFilter(948)) - Added filter static_user_filter (class=org.apache.hadoop.http.lib.StaticUserWebFilter$StaticUserFilter) to context hddsDatanode
2019-10-16 21:11:12,240 [main] INFO  http.HttpServer2 (HttpServer2.java:addFilter(958)) - Added filter static_user_filter (class=org.apache.hadoop.http.lib.StaticUserWebFilter$StaticUserFilter) to context logs
2019-10-16 21:11:12,240 [main] INFO  http.HttpServer2 (HttpServer2.java:addFilter(958)) - Added filter static_user_filter (class=org.apache.hadoop.http.lib.StaticUserWebFilter$StaticUserFilter) to context static
2019-10-16 21:11:12,241 [main] INFO  http.HttpServer2 (HttpServer2.java:bindListener(1191)) - Jetty bound to port 35045
2019-10-16 21:11:12,241 [main] INFO  server.Server (Server.java:doStart(351)) - jetty-9.3.25.v20180904, build timestamp: 2018-09-04T21:11:46Z, git hash: 3ce520221d0240229c862b122d2b06c12a625732
2019-10-16 21:11:12,243 [main] INFO  handler.ContextHandler (ContextHandler.java:doStart(781)) - Started o.e.j.s.ServletContextHandler@70228253{/logs,file:///workdir/hadoop-ozone/integration-test/target/log,AVAILABLE}
2019-10-16 21:11:12,243 [main] INFO  handler.ContextHandler (ContextHandler.java:doStart(781)) - Started o.e.j.s.ServletContextHandler@21bd20ee{/static,jar:file:/home/user/.m2/repository/org/apache/hadoop/hadoop-hdds-container-service/0.5.0-SNAPSHOT/hadoop-hdds-container-service-0.5.0-SNAPSHOT.jar!/webapps/static,AVAILABLE}
2019-10-16 21:11:12,244 [Datanode State Machine Thread - 0] INFO  datanode.InitDatanodeState (InitDatanodeState.java:persistContainerDatanodeDetails(140)) - DatanodeDetails is persisted to /workdir/hadoop-ozone/integration-test/target/test-dir/MiniOzoneClusterImpl-5bbdf16d-a65b-4877-b412-d21df752c328/datanode-0/meta/datanode.id
2019-10-16 21:11:12,247 [Datanode State Machine Thread - 0] INFO  datanode.InitDatanodeState (InitDatanodeState.java:persistContainerDatanodeDetails(140)) - DatanodeDetails is persisted to /workdir/hadoop-ozone/integration-test/target/test-dir/MiniOzoneClusterImpl-5bbdf16d-a65b-4877-b412-d21df752c328/datanode-1/meta/datanode.id
2019-10-16 21:11:12,279 [main] INFO  handler.ContextHandler (ContextHandler.java:doStart(781)) - Started o.e.j.w.WebAppContext@68a4dcc6{/,file:///tmp/jetty-0.0.0.0-35045-hddsDatanode-_-any-5757589249464541877.dir/webapp/,AVAILABLE}{/hddsDatanode}
2019-10-16 21:11:12,280 [main] INFO  server.AbstractConnector (AbstractConnector.java:doStart(278)) - Started ServerConnector@646c0a67{HTTP/1.1,[http/1.1]}{0.0.0.0:35045}
2019-10-16 21:11:12,281 [main] INFO  server.Server (Server.java:doStart(419)) - Started @6299ms
2019-10-16 21:11:12,281 [main] WARN  impl.MetricsSystemImpl (MetricsSystemImpl.java:register(276)) - Sink prometheus already exists!
2019-10-16 21:11:12,282 [main] INFO  server.BaseHttpServer (BaseHttpServer.java:updateConnectorAddress(215)) - HTTP server of HDDSDATANODE is listening at http://0.0.0.0:35045
2019-10-16 21:11:12,284 [main] INFO  ozone.MiniOzoneClusterImpl (MiniOzoneClusterImpl.java:lambda$waitForClusterToBeReady$2(172)) - Waiting for cluster to be ready. Got 0 of 3 DN Heartbeats.
2019-10-16 21:11:12,285 [org.apache.hadoop.util.JvmPauseMonitor$Monitor@15d6fcd1] INFO  util.JvmPauseMonitor (JvmPauseMonitor.java:run(188)) - Starting JVM pause monitor
2019-10-16 21:11:12,288 [Datanode State Machine Thread - 0] INFO  datanode.InitDatanodeState (InitDatanodeState.java:persistContainerDatanodeDetails(140)) - DatanodeDetails is persisted to /workdir/hadoop-ozone/integration-test/target/test-dir/MiniOzoneClusterImpl-5bbdf16d-a65b-4877-b412-d21df752c328/datanode-2/meta/datanode.id
2019-10-16 21:11:13,284 [main] INFO  ozone.MiniOzoneClusterImpl (MiniOzoneClusterImpl.java:lambda$waitForClusterToBeReady$2(172)) - Waiting for cluster to be ready. Got 0 of 3 DN Heartbeats.
2019-10-16 21:11:14,285 [main] INFO  ozone.MiniOzoneClusterImpl (MiniOzoneClusterImpl.java:lambda$waitForClusterToBeReady$2(172)) - Waiting for cluster to be ready. Got 0 of 3 DN Heartbeats.
2019-10-16 21:11:14,332 [Datanode State Machine Thread - 0] INFO  ozoneimpl.OzoneContainer (OzoneContainer.java:start(213)) - Attempting to start container services.
2019-10-16 21:11:14,332 [Datanode State Machine Thread - 0] INFO  ozoneimpl.OzoneContainer (OzoneContainer.java:start(213)) - Attempting to start container services.
2019-10-16 21:11:14,336 [Datanode State Machine Thread - 0] INFO  ozoneimpl.OzoneContainer (OzoneContainer.java:startContainerScrub(177)) - Background container scanner has been disabled.
2019-10-16 21:11:14,336 [Datanode State Machine Thread - 0] INFO  ozoneimpl.OzoneContainer (OzoneContainer.java:startContainerScrub(177)) - Background container scanner has been disabled.
2019-10-16 21:11:14,336 [Datanode State Machine Thread - 0] INFO  ratis.XceiverServerRatis (XceiverServerRatis.java:start(425)) - Starting XceiverServerRatis 65da0c80-3604-4ac2-9a39-ee88d748a153 at port 0
2019-10-16 21:11:14,336 [Datanode State Machine Thread - 0] INFO  ratis.XceiverServerRatis (XceiverServerRatis.java:start(425)) - Starting XceiverServerRatis 904f39be-c3d3-4df4-99c0-2e4526e577e3 at port 0
2019-10-16 21:11:14,371 [Datanode State Machine Thread - 0] INFO  impl.RaftServerProxy (RaftServerProxy.java:lambda$start$3(299)) - 904f39be-c3d3-4df4-99c0-2e4526e577e3: start RPC server
2019-10-16 21:11:14,371 [Datanode State Machine Thread - 0] INFO  impl.RaftServerProxy (RaftServerProxy.java:lambda$start$3(299)) - 65da0c80-3604-4ac2-9a39-ee88d748a153: start RPC server
2019-10-16 21:11:14,373 [Datanode State Machine Thread - 0] INFO  ozoneimpl.OzoneContainer (OzoneContainer.java:start(213)) - Attempting to start container services.
2019-10-16 21:11:14,378 [Datanode State Machine Thread - 0] INFO  ozoneimpl.OzoneContainer (OzoneContainer.java:startContainerScrub(177)) - Background container scanner has been disabled.
2019-10-16 21:11:14,378 [Datanode State Machine Thread - 0] INFO  ratis.XceiverServerRatis (XceiverServerRatis.java:start(425)) - Starting XceiverServerRatis 52743044-8979-4a08-8013-92a14c548982 at port 0
2019-10-16 21:11:14,390 [Datanode State Machine Thread - 0] INFO  impl.RaftServerProxy (RaftServerProxy.java:lambda$start$3(299)) - 52743044-8979-4a08-8013-92a14c548982: start RPC server
2019-10-16 21:11:14,507 [Datanode State Machine Thread - 0] INFO  server.GrpcService (GrpcService.java:startImpl(158)) - 52743044-8979-4a08-8013-92a14c548982: GrpcService started, listening on 0.0.0.0/0.0.0.0:36428
2019-10-16 21:11:14,507 [Datanode State Machine Thread - 0] INFO  server.GrpcService (GrpcService.java:startImpl(158)) - 904f39be-c3d3-4df4-99c0-2e4526e577e3: GrpcService started, listening on 0.0.0.0/0.0.0.0:45339
2019-10-16 21:11:14,507 [Datanode State Machine Thread - 0] INFO  server.GrpcService (GrpcService.java:startImpl(158)) - 65da0c80-3604-4ac2-9a39-ee88d748a153: GrpcService started, listening on 0.0.0.0/0.0.0.0:37466
2019-10-16 21:11:14,508 [Datanode State Machine Thread - 0] INFO  ratis.XceiverServerRatis (XceiverServerRatis.java:start(435)) - XceiverServerRatis 904f39be-c3d3-4df4-99c0-2e4526e577e3 is started using port 45339
2019-10-16 21:11:14,508 [Datanode State Machine Thread - 0] INFO  ratis.XceiverServerRatis (XceiverServerRatis.java:start(435)) - XceiverServerRatis 52743044-8979-4a08-8013-92a14c548982 is started using port 36428
2019-10-16 21:11:14,508 [Datanode State Machine Thread - 0] INFO  ratis.XceiverServerRatis (XceiverServerRatis.java:start(435)) - XceiverServerRatis 65da0c80-3604-4ac2-9a39-ee88d748a153 is started using port 37466
2019-10-16 21:11:14,513 [Datanode State Machine Thread - 0] INFO  server.XceiverServerGrpc (XceiverServerGrpc.java:start(149)) - XceiverServerGrpc 65da0c80-3604-4ac2-9a39-ee88d748a153 is started using port 40927
2019-10-16 21:11:14,514 [Datanode State Machine Thread - 0] INFO  server.XceiverServerGrpc (XceiverServerGrpc.java:start(149)) - XceiverServerGrpc 904f39be-c3d3-4df4-99c0-2e4526e577e3 is started using port 35296
2019-10-16 21:11:14,513 [Datanode State Machine Thread - 0] INFO  server.XceiverServerGrpc (XceiverServerGrpc.java:start(149)) - XceiverServerGrpc 52743044-8979-4a08-8013-92a14c548982 is started using port 41384
2019-10-16 21:11:15,285 [main] INFO  ozone.MiniOzoneClusterImpl (MiniOzoneClusterImpl.java:lambda$waitForClusterToBeReady$2(172)) - Waiting for cluster to be ready. Got 0 of 3 DN Heartbeats.
2019-10-16 21:11:16,175 [IPC Server handler 0 on 38663] INFO  net.NetworkTopology (NetworkTopologyImpl.java:add(111)) - Added a new node: /default-rack/904f39be-c3d3-4df4-99c0-2e4526e577e3
2019-10-16 21:11:16,176 [IPC Server handler 0 on 38663] INFO  node.SCMNodeManager (SCMNodeManager.java:register(268)) - Registered Data node : 904f39be-c3d3-4df4-99c0-2e4526e577e3{ip: 192.168.157.254, host: pr-hdds-1868-qdb9g-714931517, networkLocation: /default-rack, certSerialId: null}
2019-10-16 21:11:16,180 [EventQueue-NodeRegistrationContainerReportForDataNodeSafeModeRule] INFO  safemode.SCMSafeModeManager (DataNodeSafeModeRule.java:process(71)) - SCM in safe mode. 1 DataNodes registered, 1 required.
2019-10-16 21:11:16,180 [EventQueue-NodeRegistrationContainerReportForDataNodeSafeModeRule] INFO  safemode.SCMSafeModeManager (SCMSafeModeManager.java:validateSafeModeExitRules(177)) - ScmSafeModeManager, all rules are successfully validated
2019-10-16 21:11:16,180 [EventQueue-NodeRegistrationContainerReportForDataNodeSafeModeRule] INFO  safemode.SCMSafeModeManager (SCMSafeModeManager.java:exitSafeMode(193)) - SCM exiting safe mode.
2019-10-16 21:11:16,207 [IPC Server handler 2 on 38663] INFO  net.NetworkTopology (NetworkTopologyImpl.java:add(111)) - Added a new node: /default-rack/65da0c80-3604-4ac2-9a39-ee88d748a153
2019-10-16 21:11:16,208 [IPC Server handler 2 on 38663] INFO  node.SCMNodeManager (SCMNodeManager.java:register(268)) - Registered Data node : 65da0c80-3604-4ac2-9a39-ee88d748a153{ip: 192.168.157.254, host: pr-hdds-1868-qdb9g-714931517, networkLocation: /default-rack, certSerialId: null}
2019-10-16 21:11:16,289 [IPC Server handler 1 on 38663] INFO  net.NetworkTopology (NetworkTopologyImpl.java:add(111)) - Added a new node: /default-rack/52743044-8979-4a08-8013-92a14c548982
2019-10-16 21:11:16,289 [IPC Server handler 1 on 38663] INFO  node.SCMNodeManager (SCMNodeManager.java:register(268)) - Registered Data node : 52743044-8979-4a08-8013-92a14c548982{ip: 192.168.157.254, host: pr-hdds-1868-qdb9g-714931517, networkLocation: /default-rack, certSerialId: null}
2019-10-16 21:11:16,635 [grpc-default-executor-0] INFO  impl.RaftServerProxy (RaftServerProxy.java:addNew(89)) - 904f39be-c3d3-4df4-99c0-2e4526e577e3: addNew group-B549722E11F2:[904f39be-c3d3-4df4-99c0-2e4526e577e3:192.168.157.254:45339] returns group-B549722E11F2:java.util.concurrent.CompletableFuture@28cbc51e[Not completed]
2019-10-16 21:11:16,650 [pool-27-thread-1] INFO  impl.RaftServerImpl (RaftServerImpl.java:<init>(104)) - 904f39be-c3d3-4df4-99c0-2e4526e577e3: new RaftServerImpl for group-B549722E11F2:[904f39be-c3d3-4df4-99c0-2e4526e577e3:192.168.157.254:45339] with ContainerStateMachine:uninitialized
2019-10-16 21:11:16,652 [pool-27-thread-1] INFO  server.RaftServerConfigKeys (ConfUtils.java:logGet(43)) - raft.server.rpc.timeout.min = 5s (custom)
2019-10-16 21:11:16,653 [pool-27-thread-1] INFO  server.RaftServerConfigKeys (ConfUtils.java:logGet(43)) - raft.server.rpc.timeout.max = 5200ms (custom)
2019-10-16 21:11:16,653 [pool-27-thread-1] INFO  server.RaftServerConfigKeys (ConfUtils.java:logGet(43)) - raft.server.rpcslowness.timeout = 120s (custom)
2019-10-16 21:11:16,654 [pool-27-thread-1] INFO  server.RaftServerConfigKeys (ConfUtils.java:logGet(43)) - raft.server.sleep.deviation.threshold = 300 (default)
2019-10-16 21:11:16,655 [pool-27-thread-1] INFO  server.RaftServerConfigKeys (ConfUtils.java:logGet(43)) - raft.server.log.appender.install.snapshot.enabled = false (custom)
2019-10-16 21:11:16,665 [pool-27-thread-1] INFO  impl.RaftServerImpl (ServerState.java:<init>(103)) - 904f39be-c3d3-4df4-99c0-2e4526e577e3@group-B549722E11F2: ConfigurationManager, init=-1: [904f39be-c3d3-4df4-99c0-2e4526e577e3:192.168.157.254:45339], old=null, confs=<EMPTY_MAP>
2019-10-16 21:11:16,665 [pool-27-thread-1] INFO  server.RaftServerConfigKeys (ConfUtils.java:logGet(43)) - raft.server.storage.dir = [/workdir/hadoop-ozone/integration-test/target/test-dir/MiniOzoneClusterImpl-5bbdf16d-a65b-4877-b412-d21df752c328/datanode-0/data/ratis] (custom)
2019-10-16 21:11:16,673 [pool-27-thread-1] INFO  server.RaftServerConfigKeys (ConfUtils.java:logGet(43)) - raft.server.log.corruption.policy = EXCEPTION (default)
2019-10-16 21:11:16,675 [pool-27-thread-1] INFO  storage.RaftStorageDirectory (RaftStorageDirectory.java:analyzeStorage(246)) - The storage directory /workdir/hadoop-ozone/integration-test/target/test-dir/MiniOzoneClusterImpl-5bbdf16d-a65b-4877-b412-d21df752c328/datanode-0/data/ratis/0acc6eb0-37f8-445a-b8f6-b549722e11f2 does not exist. Creating ...
2019-10-16 21:11:16,794 [pool-27-thread-1] INFO  storage.RaftStorageDirectory (RaftStorageDirectory.java:tryLock(328)) - Lock on /workdir/hadoop-ozone/integration-test/target/test-dir/MiniOzoneClusterImpl-5bbdf16d-a65b-4877-b412-d21df752c328/datanode-0/data/ratis/0acc6eb0-37f8-445a-b8f6-b549722e11f2/in_use.lock acquired by nodename 13572@pr-hdds-1868-qdb9g-714931517
2019-10-16 21:11:16,827 [pool-27-thread-1] INFO  storage.RaftStorage (RaftStorage.java:format(84)) - Storage directory /workdir/hadoop-ozone/integration-test/target/test-dir/MiniOzoneClusterImpl-5bbdf16d-a65b-4877-b412-d21df752c328/datanode-0/data/ratis/0acc6eb0-37f8-445a-b8f6-b549722e11f2 has been successfully formatted.
2019-10-16 21:11:16,831 [pool-27-thread-1] INFO  ratis.ContainerStateMachine (ContainerStateMachine.java:loadSnapshot(233)) - group-B549722E11F2: The snapshot info is null. Setting the last applied indexto:(t:0, i:~)
2019-10-16 21:11:16,831 [pool-27-thread-1] INFO  server.RaftServerConfigKeys (ConfUtils.java:logGet(43)) - raft.server.notification.no-leader.timeout = 120s (custom)
2019-10-16 21:11:16,834 [pool-27-thread-1] INFO  server.RaftServerConfigKeys (ConfUtils.java:logGet(43)) - raft.server.log.use.memory = false (default)
2019-10-16 21:11:16,841 [pool-27-thread-1] INFO  server.RaftServerConfigKeys (ConfUtils.java:logGet(43)) - raft.server.log.purge.gap = 1000000 (custom)
2019-10-16 21:11:16,841 [pool-27-thread-1] INFO  server.RaftServerConfigKeys (ConfUtils.java:logGet(43)) - raft.server.log.appender.buffer.byte-limit = 33554432 (custom)
2019-10-16 21:11:16,844 [pool-27-thread-1] INFO  server.RaftServerConfigKeys (ConfUtils.java:logGet(43)) - raft.server.log.segment.size.max = 1048576 (custom)
2019-10-16 21:11:16,846 [pool-27-thread-1] INFO  impl.MetricsSystemImpl (MetricsSystemImpl.java:init(158)) - ratis metrics system started (again)
2019-10-16 21:11:16,851 [pool-27-thread-1] INFO  metrics.MetricRegistries (MetricRegistriesLoader.java:load(64)) - Loaded MetricRegistries class org.apache.ratis.metrics.impl.MetricRegistriesImpl
2019-10-16 21:11:16,890 [pool-27-thread-1] INFO  server.RaftServerConfigKeys (ConfUtils.java:logGet(43)) - raft.server.log.segment.cache.num.max = 2 (custom)
2019-10-16 21:11:16,895 [pool-27-thread-1] INFO  segmented.SegmentedRaftLogWorker (SegmentedRaftLogWorker.java:<init>(173)) - new 904f39be-c3d3-4df4-99c0-2e4526e577e3@group-B549722E11F2-SegmentedRaftLogWorker for RaftStorage:Storage Directory /workdir/hadoop-ozone/integration-test/target/test-dir/MiniOzoneClusterImpl-5bbdf16d-a65b-4877-b412-d21df752c328/datanode-0/data/ratis/0acc6eb0-37f8-445a-b8f6-b549722e11f2
2019-10-16 21:11:16,896 [pool-27-thread-1] INFO  server.RaftServerConfigKeys (ConfUtils.java:logGet(43)) - raft.server.log.queue.byte-limit = 2147483647 (custom)
2019-10-16 21:11:16,896 [pool-27-thread-1] INFO  server.RaftServerConfigKeys (ConfUtils.java:logGet(43)) - raft.server.log.queue.element-limit = 1024 (custom)
2019-10-16 21:11:16,898 [pool-27-thread-1] INFO  server.RaftServerConfigKeys (ConfUtils.java:logGet(43)) - raft.server.log.segment.size.max = 1048576 (custom)
2019-10-16 21:11:16,898 [pool-27-thread-1] INFO  server.RaftServerConfigKeys (ConfUtils.java:logGet(43)) - raft.server.log.preallocated.size = 16384 (custom)
2019-10-16 21:11:16,899 [pool-27-thread-1] INFO  server.RaftServerConfigKeys (ConfUtils.java:logGet(43)) - raft.server.log.write.buffer.size = 33554432 (custom)
2019-10-16 21:11:16,899 [pool-27-thread-1] INFO  server.RaftServerConfigKeys (ConfUtils.java:logGet(43)) - raft.server.log.force.sync.num = 128 (default)
2019-10-16 21:11:16,900 [pool-27-thread-1] INFO  server.RaftServerConfigKeys (ConfUtils.java:logGet(43)) - raft.server.log.statemachine.data.sync = true (default)
2019-10-16 21:11:16,900 [pool-27-thread-1] INFO  server.RaftServerConfigKeys (ConfUtils.java:logGet(43)) - raft.server.log.statemachine.data.sync.timeout = 10s (default)
2019-10-16 21:11:16,901 [pool-27-thread-1] INFO  server.RaftServerConfigKeys (ConfUtils.java:logGet(43)) - raft.server.log.statemachine.data.sync.timeout.retry = -1 (default)
2019-10-16 21:11:16,912 [pool-27-thread-1] INFO  server.RaftServerConfigKeys (ConfUtils.java:logGet(43)) - raft.server.log.statemachine.data.caching.enabled = true (custom)
2019-10-16 21:11:16,917 [pool-27-thread-1] INFO  segmented.SegmentedRaftLogWorker (SegmentedRaftLogWorker.java:lambda$new$0(128)) - 904f39be-c3d3-4df4-99c0-2e4526e577e3@group-B549722E11F2-SegmentedRaftLogWorker: flushIndex: setUnconditionally 0 -> -1
2019-10-16 21:11:16,921 [pool-27-thread-1] INFO  server.RaftServerConfigKeys (ConfUtils.java:logGet(43)) - raft.server.snapshot.auto.trigger.enabled = true (custom)
2019-10-16 21:11:16,922 [pool-27-thread-1] INFO  server.RaftServerConfigKeys (ConfUtils.java:logGet(43)) - raft.server.snapshot.auto.trigger.threshold = 10000 (custom)
2019-10-16 21:11:16,923 [pool-27-thread-1] INFO  server.RaftServerConfigKeys (ConfUtils.java:logGet(43)) - raft.server.snapshot.retention.file.num = 5 (custom)
2019-10-16 21:11:16,923 [pool-27-thread-1] INFO  server.RaftServerConfigKeys (ConfUtils.java:logGet(43)) - raft.server.retrycache.expirytime = 600000ms (custom)
2019-10-16 21:11:16,955 [pool-27-thread-1] INFO  impl.RaftServerImpl (RaftServerImpl.java:start(195)) - 904f39be-c3d3-4df4-99c0-2e4526e577e3@group-B549722E11F2: start as a follower, conf=-1: [904f39be-c3d3-4df4-99c0-2e4526e577e3:192.168.157.254:45339], old=null
2019-10-16 21:11:16,956 [pool-27-thread-1] INFO  impl.RaftServerImpl (RaftServerImpl.java:setRole(184)) - 904f39be-c3d3-4df4-99c0-2e4526e577e3@group-B549722E11F2: changes role from      null to FOLLOWER at term 0 for startAsFollower
2019-10-16 21:11:16,957 [pool-27-thread-1] INFO  impl.RoleInfo (RoleInfo.java:updateAndGet(143)) - 904f39be-c3d3-4df4-99c0-2e4526e577e3: start FollowerState
2019-10-16 21:11:16,959 [pool-27-thread-1] INFO  util.JmxRegister (JmxRegister.java:tryRegister(44)) - Successfully registered JMX Bean with object name Ratis:service=RaftServer,group=group-B549722E11F2,id=904f39be-c3d3-4df4-99c0-2e4526e577e3
2019-10-16 21:11:17,033 [RatisPipelineUtilsThread] INFO  pipeline.PipelineStateManager (PipelineStateManager.java:addPipeline(57)) - Created pipeline Pipeline[ Id: 0acc6eb0-37f8-445a-b8f6-b549722e11f2, Nodes: 904f39be-c3d3-4df4-99c0-2e4526e577e3{ip: 192.168.157.254, host: pr-hdds-1868-qdb9g-714931517, networkLocation: /default-rack, certSerialId: null}, Type:RATIS, Factor:ONE, State:ALLOCATED]
2019-10-16 21:11:17,055 [grpc-default-executor-0] INFO  impl.RaftServerProxy (RaftServerProxy.java:addNew(89)) - 52743044-8979-4a08-8013-92a14c548982: addNew group-33D345B1B9EE:[52743044-8979-4a08-8013-92a14c548982:192.168.157.254:36428] returns group-33D345B1B9EE:java.util.concurrent.CompletableFuture@6d9a56d5[Not completed]
2019-10-16 21:11:17,072 [pool-47-thread-1] INFO  impl.RaftServerImpl (RaftServerImpl.java:<init>(104)) - 52743044-8979-4a08-8013-92a14c548982: new RaftServerImpl for group-33D345B1B9EE:[52743044-8979-4a08-8013-92a14c548982:192.168.157.254:36428] with ContainerStateMachine:uninitialized
2019-10-16 21:11:17,073 [pool-47-thread-1] INFO  server.RaftServerConfigKeys (ConfUtils.java:logGet(43)) - raft.server.rpc.timeout.min = 5s (custom)
2019-10-16 21:11:17,073 [pool-47-thread-1] INFO  server.RaftServerConfigKeys (ConfUtils.java:logGet(43)) - raft.server.rpc.timeout.max = 5200ms (custom)
2019-10-16 21:11:17,074 [pool-47-thread-1] INFO  server.RaftServerConfigKeys (ConfUtils.java:logGet(43)) - raft.server.rpcslowness.timeout = 120s (custom)
2019-10-16 21:11:17,074 [pool-47-thread-1] INFO  server.RaftServerConfigKeys (ConfUtils.java:logGet(43)) - raft.server.sleep.deviation.threshold = 300 (default)
2019-10-16 21:11:17,074 [pool-47-thread-1] INFO  server.RaftServerConfigKeys (ConfUtils.java:logGet(43)) - raft.server.log.appender.install.snapshot.enabled = false (custom)
2019-10-16 21:11:17,074 [pool-47-thread-1] INFO  impl.RaftServerImpl (ServerState.java:<init>(103)) - 52743044-8979-4a08-8013-92a14c548982@group-33D345B1B9EE: ConfigurationManager, init=-1: [52743044-8979-4a08-8013-92a14c548982:192.168.157.254:36428], old=null, confs=<EMPTY_MAP>
2019-10-16 21:11:17,074 [pool-47-thread-1] INFO  server.RaftServerConfigKeys (ConfUtils.java:logGet(43)) - raft.server.storage.dir = [/workdir/hadoop-ozone/integration-test/target/test-dir/MiniOzoneClusterImpl-5bbdf16d-a65b-4877-b412-d21df752c328/datanode-2/data/ratis] (custom)
2019-10-16 21:11:17,075 [pool-47-thread-1] INFO  server.RaftServerConfigKeys (ConfUtils.java:logGet(43)) - raft.server.log.corruption.policy = EXCEPTION (default)
2019-10-16 21:11:17,075 [pool-47-thread-1] INFO  storage.RaftStorageDirectory (RaftStorageDirectory.java:analyzeStorage(246)) - The storage directory /workdir/hadoop-ozone/integration-test/target/test-dir/MiniOzoneClusterImpl-5bbdf16d-a65b-4877-b412-d21df752c328/datanode-2/data/ratis/96c0533a-3948-4ab8-a3c6-33d345b1b9ee does not exist. Creating ...
2019-10-16 21:11:17,090 [Thread-180] INFO  impl.FollowerState (FollowerState.java:run(108)) - 904f39be-c3d3-4df4-99c0-2e4526e577e3@group-B549722E11F2-FollowerState: change to CANDIDATE, lastRpcTime:133ms, electionTimeout:132ms
2019-10-16 21:11:17,092 [Thread-180] INFO  impl.RoleInfo (RoleInfo.java:shutdownFollowerState(121)) - 904f39be-c3d3-4df4-99c0-2e4526e577e3: shutdown FollowerState
2019-10-16 21:11:17,093 [Thread-180] INFO  impl.RaftServerImpl (RaftServerImpl.java:setRole(184)) - 904f39be-c3d3-4df4-99c0-2e4526e577e3@group-B549722E11F2: changes role from  FOLLOWER to CANDIDATE at term 0 for changeToCandidate
2019-10-16 21:11:17,098 [Thread-180] INFO  impl.RoleInfo (RoleInfo.java:updateAndGet(143)) - 904f39be-c3d3-4df4-99c0-2e4526e577e3: start LeaderElection
2019-10-16 21:11:17,104 [pool-47-thread-1] INFO  storage.RaftStorageDirectory (RaftStorageDirectory.java:tryLock(328)) - Lock on /workdir/hadoop-ozone/integration-test/target/test-dir/MiniOzoneClusterImpl-5bbdf16d-a65b-4877-b412-d21df752c328/datanode-2/data/ratis/96c0533a-3948-4ab8-a3c6-33d345b1b9ee/in_use.lock acquired by nodename 13572@pr-hdds-1868-qdb9g-714931517
2019-10-16 21:11:17,128 [pool-47-thread-1] INFO  storage.RaftStorage (RaftStorage.java:format(84)) - Storage directory /workdir/hadoop-ozone/integration-test/target/test-dir/MiniOzoneClusterImpl-5bbdf16d-a65b-4877-b412-d21df752c328/datanode-2/data/ratis/96c0533a-3948-4ab8-a3c6-33d345b1b9ee has been successfully formatted.
2019-10-16 21:11:17,128 [904f39be-c3d3-4df4-99c0-2e4526e577e3@group-B549722E11F2-LeaderElection1] INFO  impl.LeaderElection (LeaderElection.java:askForVotes(178)) - 904f39be-c3d3-4df4-99c0-2e4526e577e3@group-B549722E11F2-LeaderElection1: begin an election at term 1 for -1: [904f39be-c3d3-4df4-99c0-2e4526e577e3:192.168.157.254:45339], old=null
2019-10-16 21:11:17,129 [pool-47-thread-1] INFO  ratis.ContainerStateMachine (ContainerStateMachine.java:loadSnapshot(233)) - group-33D345B1B9EE: The snapshot info is null. Setting the last applied indexto:(t:0, i:~)
2019-10-16 21:11:17,129 [pool-47-thread-1] INFO  server.RaftServerConfigKeys (ConfUtils.java:logGet(43)) - raft.server.notification.no-leader.timeout = 120s (custom)
2019-10-16 21:11:17,129 [pool-47-thread-1] INFO  server.RaftServerConfigKeys (ConfUtils.java:logGet(43)) - raft.server.log.use.memory = false (default)
2019-10-16 21:11:17,130 [pool-47-thread-1] INFO  server.RaftServerConfigKeys (ConfUtils.java:logGet(43)) - raft.server.log.purge.gap = 1000000 (custom)
2019-10-16 21:11:17,130 [pool-47-thread-1] INFO  server.RaftServerConfigKeys (ConfUtils.java:logGet(43)) - raft.server.log.appender.buffer.byte-limit = 33554432 (custom)
2019-10-16 21:11:17,130 [pool-47-thread-1] INFO  server.RaftServerConfigKeys (ConfUtils.java:logGet(43)) - raft.server.log.segment.size.max = 1048576 (custom)
2019-10-16 21:11:17,130 [904f39be-c3d3-4df4-99c0-2e4526e577e3@group-B549722E11F2-LeaderElection1] INFO  impl.RoleInfo (RoleInfo.java:shutdownLeaderElection(134)) - 904f39be-c3d3-4df4-99c0-2e4526e577e3: shutdown LeaderElection
2019-10-16 21:11:17,131 [904f39be-c3d3-4df4-99c0-2e4526e577e3@group-B549722E11F2-LeaderElection1] INFO  impl.RaftServerImpl (RaftServerImpl.java:setRole(184)) - 904f39be-c3d3-4df4-99c0-2e4526e577e3@group-B549722E11F2: changes role from CANDIDATE to LEADER at term 1 for changeToLeader
2019-10-16 21:11:17,131 [904f39be-c3d3-4df4-99c0-2e4526e577e3@group-B549722E11F2-LeaderElection1] INFO  ratis.XceiverServerRatis (XceiverServerRatis.java:handleLeaderChangedNotification(700)) - Leader change notification received for group: group-B549722E11F2 with new leaderId: 904f39be-c3d3-4df4-99c0-2e4526e577e3
2019-10-16 21:11:17,134 [pool-47-thread-1] INFO  server.RaftServerConfigKeys (ConfUtils.java:logGet(43)) - raft.server.log.segment.cache.num.max = 2 (custom)
2019-10-16 21:11:17,134 [904f39be-c3d3-4df4-99c0-2e4526e577e3@group-B549722E11F2-LeaderElection1] INFO  impl.RaftServerImpl (ServerState.java:setLeader(256)) - 904f39be-c3d3-4df4-99c0-2e4526e577e3@group-B549722E11F2: change Leader from null to 904f39be-c3d3-4df4-99c0-2e4526e577e3 at term 1 for becomeLeader, leader elected after 299ms
2019-10-16 21:11:17,134 [pool-47-thread-1] INFO  segmented.SegmentedRaftLogWorker (SegmentedRaftLogWorker.java:<init>(173)) - new 52743044-8979-4a08-8013-92a14c548982@group-33D345B1B9EE-SegmentedRaftLogWorker for RaftStorage:Storage Directory /workdir/hadoop-ozone/integration-test/target/test-dir/MiniOzoneClusterImpl-5bbdf16d-a65b-4877-b412-d21df752c328/datanode-2/data/ratis/96c0533a-3948-4ab8-a3c6-33d345b1b9ee
2019-10-16 21:11:17,135 [pool-47-thread-1] INFO  server.RaftServerConfigKeys (ConfUtils.java:logGet(43)) - raft.server.log.queue.byte-limit = 2147483647 (custom)
2019-10-16 21:11:17,136 [pool-47-thread-1] INFO  server.RaftServerConfigKeys (ConfUtils.java:logGet(43)) - raft.server.log.queue.element-limit = 1024 (custom)
2019-10-16 21:11:17,136 [pool-47-thread-1] INFO  server.RaftServerConfigKeys (ConfUtils.java:logGet(43)) - raft.server.log.segment.size.max = 1048576 (custom)
2019-10-16 21:11:17,136 [pool-47-thread-1] INFO  server.RaftServerConfigKeys (ConfUtils.java:logGet(43)) - raft.server.log.preallocated.size = 16384 (custom)
2019-10-16 21:11:17,136 [pool-47-thread-1] INFO  server.RaftServerConfigKeys (ConfUtils.java:logGet(43)) - raft.server.log.write.buffer.size = 33554432 (custom)
2019-10-16 21:11:17,136 [pool-47-thread-1] INFO  server.RaftServerConfigKeys (ConfUtils.java:logGet(43)) - raft.server.log.force.sync.num = 128 (default)
2019-10-16 21:11:17,136 [pool-47-thread-1] INFO  server.RaftServerConfigKeys (ConfUtils.java:logGet(43)) - raft.server.log.statemachine.data.sync = true (default)
2019-10-16 21:11:17,137 [pool-47-thread-1] INFO  server.RaftServerConfigKeys (ConfUtils.java:logGet(43)) - raft.server.log.statemachine.data.sync.timeout = 10s (default)
2019-10-16 21:11:17,137 [pool-47-thread-1] INFO  server.RaftServerConfigKeys (ConfUtils.java:logGet(43)) - raft.server.log.statemachine.data.sync.timeout.retry = -1 (default)
2019-10-16 21:11:17,138 [pool-47-thread-1] INFO  server.RaftServerConfigKeys (ConfUtils.java:logGet(43)) - raft.server.log.statemachine.data.caching.enabled = true (custom)
2019-10-16 21:11:17,138 [pool-47-thread-1] INFO  segmented.SegmentedRaftLogWorker (SegmentedRaftLogWorker.java:lambda$new$0(128)) - 52743044-8979-4a08-8013-92a14c548982@group-33D345B1B9EE-SegmentedRaftLogWorker: flushIndex: setUnconditionally 0 -> -1
2019-10-16 21:11:17,138 [pool-47-thread-1] INFO  server.RaftServerConfigKeys (ConfUtils.java:logGet(43)) - raft.server.snapshot.auto.trigger.enabled = true (custom)
2019-10-16 21:11:17,139 [pool-47-thread-1] INFO  server.RaftServerConfigKeys (ConfUtils.java:logGet(43)) - raft.server.snapshot.auto.trigger.threshold = 10000 (custom)
2019-10-16 21:11:17,139 [pool-47-thread-1] INFO  server.RaftServerConfigKeys (ConfUtils.java:logGet(43)) - raft.server.snapshot.retention.file.num = 5 (custom)
2019-10-16 21:11:17,139 [pool-47-thread-1] INFO  server.RaftServerConfigKeys (ConfUtils.java:logGet(43)) - raft.server.retrycache.expirytime = 600000ms (custom)
2019-10-16 21:11:17,140 [904f39be-c3d3-4df4-99c0-2e4526e577e3@group-B549722E11F2-LeaderElection1] INFO  server.RaftServerConfigKeys (ConfUtils.java:logGet(43)) - raft.server.staging.catchup.gap = 1000 (default)
2019-10-16 21:11:17,140 [904f39be-c3d3-4df4-99c0-2e4526e577e3@group-B549722E11F2-LeaderElection1] INFO  server.RaftServerConfigKeys (ConfUtils.java:logGet(43)) - raft.server.rpc.sleep.time = 25ms (default)
2019-10-16 21:11:17,145 [904f39be-c3d3-4df4-99c0-2e4526e577e3@group-B549722E11F2-LeaderElection1] INFO  server.RaftServerConfigKeys (ConfUtils.java:logGet(43)) - raft.server.write.element-limit = 4096 (default)
2019-10-16 21:11:17,147 [pool-47-thread-1] INFO  impl.RaftServerImpl (RaftServerImpl.java:start(195)) - 52743044-8979-4a08-8013-92a14c548982@group-33D345B1B9EE: start as a follower, conf=-1: [52743044-8979-4a08-8013-92a14c548982:192.168.157.254:36428], old=null
2019-10-16 21:11:17,147 [pool-47-thread-1] INFO  impl.RaftServerImpl (RaftServerImpl.java:setRole(184)) - 52743044-8979-4a08-8013-92a14c548982@group-33D345B1B9EE: changes role from      null to FOLLOWER at term 0 for startAsFollower
2019-10-16 21:11:17,147 [904f39be-c3d3-4df4-99c0-2e4526e577e3@group-B549722E11F2-LeaderElection1] INFO  server.RaftServerConfigKeys (ConfUtils.java:logGet(43)) - raft.server.watch.timeout = 10s (default)
2019-10-16 21:11:17,147 [pool-47-thread-1] INFO  impl.RoleInfo (RoleInfo.java:updateAndGet(143)) - 52743044-8979-4a08-8013-92a14c548982: start FollowerState
2019-10-16 21:11:17,148 [904f39be-c3d3-4df4-99c0-2e4526e577e3@group-B549722E11F2-LeaderElection1] INFO  server.RaftServerConfigKeys (ConfUtils.java:logGet(43)) - raft.server.watch.timeout.denomination = 1s (default)
2019-10-16 21:11:17,148 [pool-47-thread-1] INFO  util.JmxRegister (JmxRegister.java:tryRegister(44)) - Successfully registered JMX Bean with object name Ratis:service=RaftServer,group=group-33D345B1B9EE,id=52743044-8979-4a08-8013-92a14c548982
2019-10-16 21:11:17,149 [904f39be-c3d3-4df4-99c0-2e4526e577e3@group-B549722E11F2-LeaderElection1] INFO  server.RaftServerConfigKeys (ConfUtils.java:logGet(43)) - raft.server.watch.element-limit = 65536 (default)
2019-10-16 21:11:17,181 [RatisPipelineUtilsThread] INFO  pipeline.PipelineStateManager (PipelineStateManager.java:addPipeline(57)) - Created pipeline Pipeline[ Id: 96c0533a-3948-4ab8-a3c6-33d345b1b9ee, Nodes: 52743044-8979-4a08-8013-92a14c548982{ip: 192.168.157.254, host: pr-hdds-1868-qdb9g-714931517, networkLocation: /default-rack, certSerialId: null}, Type:RATIS, Factor:ONE, State:ALLOCATED]
2019-10-16 21:11:17,183 [main] INFO  ozone.MiniOzoneClusterImpl (MiniOzoneClusterImpl.java:lambda$waitForClusterToBeReady$2(164)) - Waiting for 2 number of pipelines out of 2, to report a leader.
2019-10-16 21:11:17,185 [904f39be-c3d3-4df4-99c0-2e4526e577e3@group-B549722E11F2-LeaderElection1] INFO  impl.RoleInfo (RoleInfo.java:updateAndGet(143)) - 904f39be-c3d3-4df4-99c0-2e4526e577e3: start LeaderState
2019-10-16 21:11:17,200 [grpc-default-executor-0] INFO  impl.RaftServerProxy (RaftServerProxy.java:addNew(89)) - 65da0c80-3604-4ac2-9a39-ee88d748a153: addNew group-3188A2C41C7C:[65da0c80-3604-4ac2-9a39-ee88d748a153:192.168.157.254:37466] returns group-3188A2C41C7C:java.util.concurrent.CompletableFuture@3031cae2[Not completed]
2019-10-16 21:11:17,202 [pool-37-thread-1] INFO  impl.RaftServerImpl (RaftServerImpl.java:<init>(104)) - 65da0c80-3604-4ac2-9a39-ee88d748a153: new RaftServerImpl for group-3188A2C41C7C:[65da0c80-3604-4ac2-9a39-ee88d748a153:192.168.157.254:37466] with ContainerStateMachine:uninitialized
2019-10-16 21:11:17,202 [pool-37-thread-1] INFO  server.RaftServerConfigKeys (ConfUtils.java:logGet(43)) - raft.server.rpc.timeout.min = 5s (custom)
2019-10-16 21:11:17,202 [pool-37-thread-1] INFO  server.RaftServerConfigKeys (ConfUtils.java:logGet(43)) - raft.server.rpc.timeout.max = 5200ms (custom)
2019-10-16 21:11:17,203 [pool-37-thread-1] INFO  server.RaftServerConfigKeys (ConfUtils.java:logGet(43)) - raft.server.rpcslowness.timeout = 120s (custom)
2019-10-16 21:11:17,203 [pool-37-thread-1] INFO  server.RaftServerConfigKeys (ConfUtils.java:logGet(43)) - raft.server.sleep.deviation.threshold = 300 (default)
2019-10-16 21:11:17,203 [pool-37-thread-1] INFO  server.RaftServerConfigKeys (ConfUtils.java:logGet(43)) - raft.server.log.appender.install.snapshot.enabled = false (custom)
2019-10-16 21:11:17,203 [pool-37-thread-1] INFO  impl.RaftServerImpl (ServerState.java:<init>(103)) - 65da0c80-3604-4ac2-9a39-ee88d748a153@group-3188A2C41C7C: ConfigurationManager, init=-1: [65da0c80-3604-4ac2-9a39-ee88d748a153:192.168.157.254:37466], old=null, confs=<EMPTY_MAP>
2019-10-16 21:11:17,203 [pool-37-thread-1] INFO  server.RaftServerConfigKeys (ConfUtils.java:logGet(43)) - raft.server.storage.dir = [/workdir/hadoop-ozone/integration-test/target/test-dir/MiniOzoneClusterImpl-5bbdf16d-a65b-4877-b412-d21df752c328/datanode-1/data/ratis] (custom)
2019-10-16 21:11:17,203 [pool-37-thread-1] INFO  server.RaftServerConfigKeys (ConfUtils.java:logGet(43)) - raft.server.log.corruption.policy = EXCEPTION (default)
2019-10-16 21:11:17,204 [pool-37-thread-1] INFO  storage.RaftStorageDirectory (RaftStorageDirectory.java:analyzeStorage(246)) - The storage directory /workdir/hadoop-ozone/integration-test/target/test-dir/MiniOzoneClusterImpl-5bbdf16d-a65b-4877-b412-d21df752c328/datanode-1/data/ratis/183e2dab-eccb-471a-9481-3188a2c41c7c does not exist. Creating ...
2019-10-16 21:11:17,207 [904f39be-c3d3-4df4-99c0-2e4526e577e3@group-B549722E11F2-LeaderElection1] INFO  segmented.SegmentedRaftLogWorker (SegmentedRaftLogWorker.java:startLogSegment(385)) - 904f39be-c3d3-4df4-99c0-2e4526e577e3@group-B549722E11F2-SegmentedRaftLogWorker: Starting segment from index:0
2019-10-16 21:11:17,216 [904f39be-c3d3-4df4-99c0-2e4526e577e3@group-B549722E11F2-LeaderElection1] INFO  impl.RaftServerImpl (ServerState.java:setRaftConf(357)) - 904f39be-c3d3-4df4-99c0-2e4526e577e3@group-B549722E11F2: set configuration 0: [904f39be-c3d3-4df4-99c0-2e4526e577e3:192.168.157.254:45339], old=null at 0
2019-10-16 21:11:17,291 [pool-37-thread-1] INFO  storage.RaftStorageDirectory (RaftStorageDirectory.java:tryLock(328)) - Lock on /workdir/hadoop-ozone/integration-test/target/test-dir/MiniOzoneClusterImpl-5bbdf16d-a65b-4877-b412-d21df752c328/datanode-1/data/ratis/183e2dab-eccb-471a-9481-3188a2c41c7c/in_use.lock acquired by nodename 13572@pr-hdds-1868-qdb9g-714931517
2019-10-16 21:11:17,311 [Thread-185] INFO  impl.FollowerState (FollowerState.java:run(108)) - 52743044-8979-4a08-8013-92a14c548982@group-33D345B1B9EE-FollowerState: change to CANDIDATE, lastRpcTime:163ms, electionTimeout:163ms
2019-10-16 21:11:17,312 [Thread-185] INFO  impl.RoleInfo (RoleInfo.java:shutdownFollowerState(121)) - 52743044-8979-4a08-8013-92a14c548982: shutdown FollowerState
2019-10-16 21:11:17,312 [Thread-185] INFO  impl.RaftServerImpl (RaftServerImpl.java:setRole(184)) - 52743044-8979-4a08-8013-92a14c548982@group-33D345B1B9EE: changes role from  FOLLOWER to CANDIDATE at term 0 for changeToCandidate
2019-10-16 21:11:17,312 [Thread-185] INFO  impl.RoleInfo (RoleInfo.java:updateAndGet(143)) - 52743044-8979-4a08-8013-92a14c548982: start LeaderElection
2019-10-16 21:11:17,390 [pool-37-thread-1] INFO  storage.RaftStorage (RaftStorage.java:format(84)) - Storage directory /workdir/hadoop-ozone/integration-test/target/test-dir/MiniOzoneClusterImpl-5bbdf16d-a65b-4877-b412-d21df752c328/datanode-1/data/ratis/183e2dab-eccb-471a-9481-3188a2c41c7c has been successfully formatted.
2019-10-16 21:11:17,390 [pool-37-thread-1] INFO  ratis.ContainerStateMachine (ContainerStateMachine.java:loadSnapshot(233)) - group-3188A2C41C7C: The snapshot info is null. Setting the last applied indexto:(t:0, i:~)
2019-10-16 21:11:17,391 [pool-37-thread-1] INFO  server.RaftServerConfigKeys (ConfUtils.java:logGet(43)) - raft.server.notification.no-leader.timeout = 120s (custom)
2019-10-16 21:11:17,391 [pool-37-thread-1] INFO  server.RaftServerConfigKeys (ConfUtils.java:logGet(43)) - raft.server.log.use.memory = false (default)
2019-10-16 21:11:17,391 [pool-37-thread-1] INFO  server.RaftServerConfigKeys (ConfUtils.java:logGet(43)) - raft.server.log.purge.gap = 1000000 (custom)
2019-10-16 21:11:17,391 [pool-37-thread-1] INFO  server.RaftServerConfigKeys (ConfUtils.java:logGet(43)) - raft.server.log.appender.buffer.byte-limit = 33554432 (custom)
2019-10-16 21:11:17,391 [pool-37-thread-1] INFO  server.RaftServerConfigKeys (ConfUtils.java:logGet(43)) - raft.server.log.segment.size.max = 1048576 (custom)
2019-10-16 21:11:17,395 [pool-37-thread-1] INFO  server.RaftServerConfigKeys (ConfUtils.java:logGet(43)) - raft.server.log.segment.cache.num.max = 2 (custom)
2019-10-16 21:11:17,396 [pool-37-thread-1] INFO  segmented.SegmentedRaftLogWorker (SegmentedRaftLogWorker.java:<init>(173)) - new 65da0c80-3604-4ac2-9a39-ee88d748a153@group-3188A2C41C7C-SegmentedRaftLogWorker for RaftStorage:Storage Directory /workdir/hadoop-ozone/integration-test/target/test-dir/MiniOzoneClusterImpl-5bbdf16d-a65b-4877-b412-d21df752c328/datanode-1/data/ratis/183e2dab-eccb-471a-9481-3188a2c41c7c
2019-10-16 21:11:17,396 [pool-37-thread-1] INFO  server.RaftServerConfigKeys (ConfUtils.java:logGet(43)) - raft.server.log.queue.byte-limit = 2147483647 (custom)
2019-10-16 21:11:17,396 [pool-37-thread-1] INFO  server.RaftServerConfigKeys (ConfUtils.java:logGet(43)) - raft.server.log.queue.element-limit = 1024 (custom)
2019-10-16 21:11:17,396 [pool-37-thread-1] INFO  server.RaftServerConfigKeys (ConfUtils.java:logGet(43)) - raft.server.log.segment.size.max = 1048576 (custom)
2019-10-16 21:11:17,397 [pool-37-thread-1] INFO  server.RaftServerConfigKeys (ConfUtils.java:logGet(43)) - raft.server.log.preallocated.size = 16384 (custom)
2019-10-16 21:11:17,397 [pool-37-thread-1] INFO  server.RaftServerConfigKeys (ConfUtils.java:logGet(43)) - raft.server.log.write.buffer.size = 33554432 (custom)
2019-10-16 21:11:17,397 [pool-37-thread-1] INFO  server.RaftServerConfigKeys (ConfUtils.java:logGet(43)) - raft.server.log.force.sync.num = 128 (default)
2019-10-16 21:11:17,397 [pool-37-thread-1] INFO  server.RaftServerConfigKeys (ConfUtils.java:logGet(43)) - raft.server.log.statemachine.data.sync = true (default)
2019-10-16 21:11:17,397 [pool-37-thread-1] INFO  server.RaftServerConfigKeys (ConfUtils.java:logGet(43)) - raft.server.log.statemachine.data.sync.timeout = 10s (default)
2019-10-16 21:11:17,398 [pool-37-thread-1] INFO  server.RaftServerConfigKeys (ConfUtils.java:logGet(43)) - raft.server.log.statemachine.data.sync.timeout.retry = -1 (default)
2019-10-16 21:11:17,398 [pool-37-thread-1] INFO  server.RaftServerConfigKeys (ConfUtils.java:logGet(43)) - raft.server.log.statemachine.data.caching.enabled = true (custom)
2019-10-16 21:11:17,399 [pool-37-thread-1] INFO  segmented.SegmentedRaftLogWorker (SegmentedRaftLogWorker.java:lambda$new$0(128)) - 65da0c80-3604-4ac2-9a39-ee88d748a153@group-3188A2C41C7C-SegmentedRaftLogWorker: flushIndex: setUnconditionally 0 -> -1
2019-10-16 21:11:17,399 [pool-37-thread-1] INFO  server.RaftServerConfigKeys (ConfUtils.java:logGet(43)) - raft.server.snapshot.auto.trigger.enabled = true (custom)
2019-10-16 21:11:17,400 [pool-37-thread-1] INFO  server.RaftServerConfigKeys (ConfUtils.java:logGet(43)) - raft.server.snapshot.auto.trigger.threshold = 10000 (custom)
2019-10-16 21:11:17,400 [pool-37-thread-1] INFO  server.RaftServerConfigKeys (ConfUtils.java:logGet(43)) - raft.server.snapshot.retention.file.num = 5 (custom)
2019-10-16 21:11:17,400 [pool-37-thread-1] INFO  server.RaftServerConfigKeys (ConfUtils.java:logGet(43)) - raft.server.retrycache.expirytime = 600000ms (custom)
2019-10-16 21:11:17,406 [pool-37-thread-1] INFO  impl.RaftServerImpl (RaftServerImpl.java:start(195)) - 65da0c80-3604-4ac2-9a39-ee88d748a153@group-3188A2C41C7C: start as a follower, conf=-1: [65da0c80-3604-4ac2-9a39-ee88d748a153:192.168.157.254:37466], old=null
2019-10-16 21:11:17,406 [pool-37-thread-1] INFO  impl.RaftServerImpl (RaftServerImpl.java:setRole(184)) - 65da0c80-3604-4ac2-9a39-ee88d748a153@group-3188A2C41C7C: changes role from      null to FOLLOWER at term 0 for startAsFollower
2019-10-16 21:11:17,406 [pool-37-thread-1] INFO  impl.RoleInfo (RoleInfo.java:updateAndGet(143)) - 65da0c80-3604-4ac2-9a39-ee88d748a153: start FollowerState
2019-10-16 21:11:17,407 [pool-37-thread-1] INFO  util.JmxRegister (JmxRegister.java:tryRegister(44)) - Successfully registered JMX Bean with object name Ratis:service=RaftServer,group=group-3188A2C41C7C,id=65da0c80-3604-4ac2-9a39-ee88d748a153
2019-10-16 21:11:17,421 [RatisPipelineUtilsThread] INFO  pipeline.PipelineStateManager (PipelineStateManager.java:addPipeline(57)) - Created pipeline Pipeline[ Id: 183e2dab-eccb-471a-9481-3188a2c41c7c, Nodes: 65da0c80-3604-4ac2-9a39-ee88d748a153{ip: 192.168.157.254, host: pr-hdds-1868-qdb9g-714931517, networkLocation: /default-rack, certSerialId: null}, Type:RATIS, Factor:ONE, State:ALLOCATED]
2019-10-16 21:11:17,426 [52743044-8979-4a08-8013-92a14c548982@group-33D345B1B9EE-LeaderElection2] INFO  impl.LeaderElection (LeaderElection.java:askForVotes(178)) - 52743044-8979-4a08-8013-92a14c548982@group-33D345B1B9EE-LeaderElection2: begin an election at term 1 for -1: [52743044-8979-4a08-8013-92a14c548982:192.168.157.254:36428], old=null
2019-10-16 21:11:17,427 [52743044-8979-4a08-8013-92a14c548982@group-33D345B1B9EE-LeaderElection2] INFO  impl.RoleInfo (RoleInfo.java:shutdownLeaderElection(134)) - 52743044-8979-4a08-8013-92a14c548982: shutdown LeaderElection
2019-10-16 21:11:17,427 [52743044-8979-4a08-8013-92a14c548982@group-33D345B1B9EE-LeaderElection2] INFO  impl.RaftServerImpl (RaftServerImpl.java:setRole(184)) - 52743044-8979-4a08-8013-92a14c548982@group-33D345B1B9EE: changes role from CANDIDATE to LEADER at term 1 for changeToLeader
2019-10-16 21:11:17,427 [52743044-8979-4a08-8013-92a14c548982@group-33D345B1B9EE-LeaderElection2] INFO  ratis.XceiverServerRatis (XceiverServerRatis.java:handleLeaderChangedNotification(700)) - Leader change notification received for group: group-33D345B1B9EE with new leaderId: 52743044-8979-4a08-8013-92a14c548982
2019-10-16 21:11:17,428 [52743044-8979-4a08-8013-92a14c548982@group-33D345B1B9EE-LeaderElection2] INFO  impl.RaftServerImpl (ServerState.java:setLeader(256)) - 52743044-8979-4a08-8013-92a14c548982@group-33D345B1B9EE: change Leader from null to 52743044-8979-4a08-8013-92a14c548982 at term 1 for becomeLeader, leader elected after 297ms
2019-10-16 21:11:17,428 [52743044-8979-4a08-8013-92a14c548982@group-33D345B1B9EE-LeaderElection2] INFO  server.RaftServerConfigKeys (ConfUtils.java:logGet(43)) - raft.server.staging.catchup.gap = 1000 (default)
2019-10-16 21:11:17,429 [52743044-8979-4a08-8013-92a14c548982@group-33D345B1B9EE-LeaderElection2] INFO  server.RaftServerConfigKeys (ConfUtils.java:logGet(43)) - raft.server.rpc.sleep.time = 25ms (default)
2019-10-16 21:11:17,430 [52743044-8979-4a08-8013-92a14c548982@group-33D345B1B9EE-LeaderElection2] INFO  server.RaftServerConfigKeys (ConfUtils.java:logGet(43)) - raft.server.write.element-limit = 4096 (default)
2019-10-16 21:11:17,432 [52743044-8979-4a08-8013-92a14c548982@group-33D345B1B9EE-LeaderElection2] INFO  server.RaftServerConfigKeys (ConfUtils.java:logGet(43)) - raft.server.watch.timeout = 10s (default)
2019-10-16 21:11:17,432 [52743044-8979-4a08-8013-92a14c548982@group-33D345B1B9EE-LeaderElection2] INFO  server.RaftServerConfigKeys (ConfUtils.java:logGet(43)) - raft.server.watch.timeout.denomination = 1s (default)
2019-10-16 21:11:17,434 [52743044-8979-4a08-8013-92a14c548982@group-33D345B1B9EE-LeaderElection2] INFO  server.RaftServerConfigKeys (ConfUtils.java:logGet(43)) - raft.server.watch.element-limit = 65536 (default)
2019-10-16 21:11:17,435 [Thread-189] INFO  impl.FollowerState (FollowerState.java:run(108)) - 65da0c80-3604-4ac2-9a39-ee88d748a153@group-3188A2C41C7C-FollowerState: change to CANDIDATE, lastRpcTime:28ms, electionTimeout:27ms
2019-10-16 21:11:17,437 [904f39be-c3d3-4df4-99c0-2e4526e577e3@group-B549722E11F2-SegmentedRaftLogWorker] INFO  segmented.SegmentedRaftLogWorker (SegmentedRaftLogWorker.java:execute(576)) - 904f39be-c3d3-4df4-99c0-2e4526e577e3@group-B549722E11F2-SegmentedRaftLogWorker: created new log segment /workdir/hadoop-ozone/integration-test/target/test-dir/MiniOzoneClusterImpl-5bbdf16d-a65b-4877-b412-d21df752c328/datanode-0/data/ratis/0acc6eb0-37f8-445a-b8f6-b549722e11f2/current/log_inprogress_0
2019-10-16 21:11:17,437 [Thread-189] INFO  impl.RoleInfo (RoleInfo.java:shutdownFollowerState(121)) - 65da0c80-3604-4ac2-9a39-ee88d748a153: shutdown FollowerState
2019-10-16 21:11:17,437 [Thread-189] INFO  impl.RaftServerImpl (RaftServerImpl.java:setRole(184)) - 65da0c80-3604-4ac2-9a39-ee88d748a153@group-3188A2C41C7C: changes role from  FOLLOWER to CANDIDATE at term 0 for changeToCandidate
2019-10-16 21:11:17,439 [Thread-189] INFO  impl.RoleInfo (RoleInfo.java:updateAndGet(143)) - 65da0c80-3604-4ac2-9a39-ee88d748a153: start LeaderElection
2019-10-16 21:11:17,447 [52743044-8979-4a08-8013-92a14c548982@group-33D345B1B9EE-LeaderElection2] INFO  impl.RoleInfo (RoleInfo.java:updateAndGet(143)) - 52743044-8979-4a08-8013-92a14c548982: start LeaderState
2019-10-16 21:11:17,450 [52743044-8979-4a08-8013-92a14c548982@group-33D345B1B9EE-LeaderElection2] INFO  segmented.SegmentedRaftLogWorker (SegmentedRaftLogWorker.java:startLogSegment(385)) - 52743044-8979-4a08-8013-92a14c548982@group-33D345B1B9EE-SegmentedRaftLogWorker: Starting segment from index:0
2019-10-16 21:11:17,488 [52743044-8979-4a08-8013-92a14c548982@group-33D345B1B9EE-LeaderElection2] INFO  impl.RaftServerImpl (ServerState.java:setRaftConf(357)) - 52743044-8979-4a08-8013-92a14c548982@group-33D345B1B9EE: set configuration 0: [52743044-8979-4a08-8013-92a14c548982:192.168.157.254:36428], old=null at 0
2019-10-16 21:11:17,495 [grpc-default-executor-1] INFO  impl.RaftServerProxy (RaftServerProxy.java:addNew(89)) - 904f39be-c3d3-4df4-99c0-2e4526e577e3: addNew group-2E0D626E0A80:[904f39be-c3d3-4df4-99c0-2e4526e577e3:192.168.157.254:45339, 52743044-8979-4a08-8013-92a14c548982:192.168.157.254:36428, 65da0c80-3604-4ac2-9a39-ee88d748a153:192.168.157.254:37466] returns group-2E0D626E0A80:java.util.concurrent.CompletableFuture@32bf6636[Not completed]
2019-10-16 21:11:17,495 [grpc-default-executor-2] INFO  impl.RaftServerProxy (RaftServerProxy.java:addNew(89)) - 65da0c80-3604-4ac2-9a39-ee88d748a153: addNew group-2E0D626E0A80:[904f39be-c3d3-4df4-99c0-2e4526e577e3:192.168.157.254:45339, 52743044-8979-4a08-8013-92a14c548982:192.168.157.254:36428, 65da0c80-3604-4ac2-9a39-ee88d748a153:192.168.157.254:37466] returns group-2E0D626E0A80:java.util.concurrent.CompletableFuture@41b50ff7[Not completed]
2019-10-16 21:11:17,495 [grpc-default-executor-0] INFO  impl.RaftServerProxy (RaftServerProxy.java:addNew(89)) - 52743044-8979-4a08-8013-92a14c548982: addNew group-2E0D626E0A80:[904f39be-c3d3-4df4-99c0-2e4526e577e3:192.168.157.254:45339, 52743044-8979-4a08-8013-92a14c548982:192.168.157.254:36428, 65da0c80-3604-4ac2-9a39-ee88d748a153:192.168.157.254:37466] returns group-2E0D626E0A80:java.util.concurrent.CompletableFuture@6b809a86[Not completed]
2019-10-16 21:11:17,497 [pool-37-thread-1] INFO  impl.RaftServerImpl (RaftServerImpl.java:<init>(104)) - 65da0c80-3604-4ac2-9a39-ee88d748a153: new RaftServerImpl for group-2E0D626E0A80:[904f39be-c3d3-4df4-99c0-2e4526e577e3:192.168.157.254:45339, 52743044-8979-4a08-8013-92a14c548982:192.168.157.254:36428, 65da0c80-3604-4ac2-9a39-ee88d748a153:192.168.157.254:37466] with ContainerStateMachine:uninitialized
2019-10-16 21:11:17,498 [pool-37-thread-1] INFO  server.RaftServerConfigKeys (ConfUtils.java:logGet(43)) - raft.server.rpc.timeout.min = 5s (custom)
2019-10-16 21:11:17,499 [pool-37-thread-1] INFO  server.RaftServerConfigKeys (ConfUtils.java:logGet(43)) - raft.server.rpc.timeout.max = 5200ms (custom)
2019-10-16 21:11:17,499 [pool-37-thread-1] INFO  server.RaftServerConfigKeys (ConfUtils.java:logGet(43)) - raft.server.rpcslowness.timeout = 120s (custom)
2019-10-16 21:11:17,499 [pool-47-thread-1] INFO  impl.RaftServerImpl (RaftServerImpl.java:<init>(104)) - 52743044-8979-4a08-8013-92a14c548982: new RaftServerImpl for group-2E0D626E0A80:[904f39be-c3d3-4df4-99c0-2e4526e577e3:192.168.157.254:45339, 52743044-8979-4a08-8013-92a14c548982:192.168.157.254:36428, 65da0c80-3604-4ac2-9a39-ee88d748a153:192.168.157.254:37466] with ContainerStateMachine:uninitialized
2019-10-16 21:11:17,499 [pool-37-thread-1] INFO  server.RaftServerConfigKeys (ConfUtils.java:logGet(43)) - raft.server.sleep.deviation.threshold = 300 (default)
2019-10-16 21:11:17,499 [pool-47-thread-1] INFO  server.RaftServerConfigKeys (ConfUtils.java:logGet(43)) - raft.server.rpc.timeout.min = 5s (custom)
2019-10-16 21:11:17,500 [pool-37-thread-1] INFO  server.RaftServerConfigKeys (ConfUtils.java:logGet(43)) - raft.server.log.appender.install.snapshot.enabled = false (custom)
2019-10-16 21:11:17,500 [pool-47-thread-1] INFO  server.RaftServerConfigKeys (ConfUtils.java:logGet(43)) - raft.server.rpc.timeout.max = 5200ms (custom)
2019-10-16 21:11:17,500 [pool-37-thread-1] INFO  impl.RaftServerImpl (ServerState.java:<init>(103)) - 65da0c80-3604-4ac2-9a39-ee88d748a153@group-2E0D626E0A80: ConfigurationManager, init=-1: [904f39be-c3d3-4df4-99c0-2e4526e577e3:192.168.157.254:45339, 52743044-8979-4a08-8013-92a14c548982:192.168.157.254:36428, 65da0c80-3604-4ac2-9a39-ee88d748a153:192.168.157.254:37466], old=null, confs=<EMPTY_MAP>
2019-10-16 21:11:17,500 [pool-47-thread-1] INFO  server.RaftServerConfigKeys (ConfUtils.java:logGet(43)) - raft.server.rpcslowness.timeout = 120s (custom)
2019-10-16 21:11:17,500 [pool-27-thread-1] INFO  impl.RaftServerImpl (RaftServerImpl.java:<init>(104)) - 904f39be-c3d3-4df4-99c0-2e4526e577e3: new RaftServerImpl for group-2E0D626E0A80:[904f39be-c3d3-4df4-99c0-2e4526e577e3:192.168.157.254:45339, 52743044-8979-4a08-8013-92a14c548982:192.168.157.254:36428, 65da0c80-3604-4ac2-9a39-ee88d748a153:192.168.157.254:37466] with ContainerStateMachine:uninitialized
2019-10-16 21:11:17,501 [pool-47-thread-1] INFO  server.RaftServerConfigKeys (ConfUtils.java:logGet(43)) - raft.server.sleep.deviation.threshold = 300 (default)
2019-10-16 21:11:17,501 [pool-37-thread-1] INFO  server.RaftServerConfigKeys (ConfUtils.java:logGet(43)) - raft.server.storage.dir = [/workdir/hadoop-ozone/integration-test/target/test-dir/MiniOzoneClusterImpl-5bbdf16d-a65b-4877-b412-d21df752c328/datanode-1/data/ratis] (custom)
2019-10-16 21:11:17,501 [pool-47-thread-1] INFO  server.RaftServerConfigKeys (ConfUtils.java:logGet(43)) - raft.server.log.appender.install.snapshot.enabled = false (custom)
2019-10-16 21:11:17,501 [pool-27-thread-1] INFO  server.RaftServerConfigKeys (ConfUtils.java:logGet(43)) - raft.server.rpc.timeout.min = 5s (custom)
2019-10-16 21:11:17,502 [pool-47-thread-1] INFO  impl.RaftServerImpl (ServerState.java:<init>(103)) - 52743044-8979-4a08-8013-92a14c548982@group-2E0D626E0A80: ConfigurationManager, init=-1: [904f39be-c3d3-4df4-99c0-2e4526e577e3:192.168.157.254:45339, 52743044-8979-4a08-8013-92a14c548982:192.168.157.254:36428, 65da0c80-3604-4ac2-9a39-ee88d748a153:192.168.157.254:37466], old=null, confs=<EMPTY_MAP>
2019-10-16 21:11:17,502 [pool-37-thread-1] INFO  server.RaftServerConfigKeys (ConfUtils.java:logGet(43)) - raft.server.log.corruption.policy = EXCEPTION (default)
2019-10-16 21:11:17,502 [pool-27-thread-1] INFO  server.RaftServerConfigKeys (ConfUtils.java:logGet(43)) - raft.server.rpc.timeout.max = 5200ms (custom)
2019-10-16 21:11:17,502 [pool-37-thread-1] INFO  storage.RaftStorageDirectory (RaftStorageDirectory.java:analyzeStorage(246)) - The storage directory /workdir/hadoop-ozone/integration-test/target/test-dir/MiniOzoneClusterImpl-5bbdf16d-a65b-4877-b412-d21df752c328/datanode-1/data/ratis/81e5e220-f29d-473b-934a-2e0d626e0a80 does not exist. Creating ...
2019-10-16 21:11:17,502 [pool-47-thread-1] INFO  server.RaftServerConfigKeys (ConfUtils.java:logGet(43)) - raft.server.storage.dir = [/workdir/hadoop-ozone/integration-test/target/test-dir/MiniOzoneClusterImpl-5bbdf16d-a65b-4877-b412-d21df752c328/datanode-2/data/ratis] (custom)
2019-10-16 21:11:17,502 [pool-27-thread-1] INFO  server.RaftServerConfigKeys (ConfUtils.java:logGet(43)) - raft.server.rpcslowness.timeout = 120s (custom)
2019-10-16 21:11:17,503 [pool-27-thread-1] INFO  server.RaftServerConfigKeys (ConfUtils.java:logGet(43)) - raft.server.sleep.deviation.threshold = 300 (default)
2019-10-16 21:11:17,503 [pool-47-thread-1] INFO  server.RaftServerConfigKeys (ConfUtils.java:logGet(43)) - raft.server.log.corruption.policy = EXCEPTION (default)
2019-10-16 21:11:17,503 [pool-27-thread-1] INFO  server.RaftServerConfigKeys (ConfUtils.java:logGet(43)) - raft.server.log.appender.install.snapshot.enabled = false (custom)
2019-10-16 21:11:17,503 [pool-47-thread-1] INFO  storage.RaftStorageDirectory (RaftStorageDirectory.java:analyzeStorage(246)) - The storage directory /workdir/hadoop-ozone/integration-test/target/test-dir/MiniOzoneClusterImpl-5bbdf16d-a65b-4877-b412-d21df752c328/datanode-2/data/ratis/81e5e220-f29d-473b-934a-2e0d626e0a80 does not exist. Creating ...
2019-10-16 21:11:17,503 [pool-27-thread-1] INFO  impl.RaftServerImpl (ServerState.java:<init>(103)) - 904f39be-c3d3-4df4-99c0-2e4526e577e3@group-2E0D626E0A80: ConfigurationManager, init=-1: [904f39be-c3d3-4df4-99c0-2e4526e577e3:192.168.157.254:45339, 52743044-8979-4a08-8013-92a14c548982:192.168.157.254:36428, 65da0c80-3604-4ac2-9a39-ee88d748a153:192.168.157.254:37466], old=null, confs=<EMPTY_MAP>
2019-10-16 21:11:17,504 [pool-27-thread-1] INFO  server.RaftServerConfigKeys (ConfUtils.java:logGet(43)) - raft.server.storage.dir = [/workdir/hadoop-ozone/integration-test/target/test-dir/MiniOzoneClusterImpl-5bbdf16d-a65b-4877-b412-d21df752c328/datanode-0/data/ratis] (custom)
2019-10-16 21:11:17,504 [pool-27-thread-1] INFO  server.RaftServerConfigKeys (ConfUtils.java:logGet(43)) - raft.server.log.corruption.policy = EXCEPTION (default)
2019-10-16 21:11:17,504 [pool-27-thread-1] INFO  storage.RaftStorageDirectory (RaftStorageDirectory.java:analyzeStorage(246)) - The storage directory /workdir/hadoop-ozone/integration-test/target/test-dir/MiniOzoneClusterImpl-5bbdf16d-a65b-4877-b412-d21df752c328/datanode-0/data/ratis/81e5e220-f29d-473b-934a-2e0d626e0a80 does not exist. Creating ...
2019-10-16 21:11:17,571 [65da0c80-3604-4ac2-9a39-ee88d748a153@group-3188A2C41C7C-LeaderElection3] INFO  impl.LeaderElection (LeaderElection.java:askForVotes(178)) - 65da0c80-3604-4ac2-9a39-ee88d748a153@group-3188A2C41C7C-LeaderElection3: begin an election at term 1 for -1: [65da0c80-3604-4ac2-9a39-ee88d748a153:192.168.157.254:37466], old=null
2019-10-16 21:11:17,571 [65da0c80-3604-4ac2-9a39-ee88d748a153@group-3188A2C41C7C-LeaderElection3] INFO  impl.RoleInfo (RoleInfo.java:shutdownLeaderElection(134)) - 65da0c80-3604-4ac2-9a39-ee88d748a153: shutdown LeaderElection
2019-10-16 21:11:17,571 [65da0c80-3604-4ac2-9a39-ee88d748a153@group-3188A2C41C7C-LeaderElection3] INFO  impl.RaftServerImpl (RaftServerImpl.java:setRole(184)) - 65da0c80-3604-4ac2-9a39-ee88d748a153@group-3188A2C41C7C: changes role from CANDIDATE to LEADER at term 1 for changeToLeader
2019-10-16 21:11:17,571 [65da0c80-3604-4ac2-9a39-ee88d748a153@group-3188A2C41C7C-LeaderElection3] INFO  ratis.XceiverServerRatis (XceiverServerRatis.java:handleLeaderChangedNotification(700)) - Leader change notification received for group: group-3188A2C41C7C with new leaderId: 65da0c80-3604-4ac2-9a39-ee88d748a153
2019-10-16 21:11:17,572 [65da0c80-3604-4ac2-9a39-ee88d748a153@group-3188A2C41C7C-LeaderElection3] INFO  impl.RaftServerImpl (ServerState.java:setLeader(256)) - 65da0c80-3604-4ac2-9a39-ee88d748a153@group-3188A2C41C7C: change Leader from null to 65da0c80-3604-4ac2-9a39-ee88d748a153 at term 1 for becomeLeader, leader elected after 180ms
2019-10-16 21:11:17,572 [65da0c80-3604-4ac2-9a39-ee88d748a153@group-3188A2C41C7C-LeaderElection3] INFO  server.RaftServerConfigKeys (ConfUtils.java:logGet(43)) - raft.server.staging.catchup.gap = 1000 (default)
2019-10-16 21:11:17,572 [65da0c80-3604-4ac2-9a39-ee88d748a153@group-3188A2C41C7C-LeaderElection3] INFO  server.RaftServerConfigKeys (ConfUtils.java:logGet(43)) - raft.server.rpc.sleep.time = 25ms (default)
2019-10-16 21:11:17,573 [65da0c80-3604-4ac2-9a39-ee88d748a153@group-3188A2C41C7C-LeaderElection3] INFO  server.RaftServerConfigKeys (ConfUtils.java:logGet(43)) - raft.server.write.element-limit = 4096 (default)
2019-10-16 21:11:17,573 [65da0c80-3604-4ac2-9a39-ee88d748a153@group-3188A2C41C7C-LeaderElection3] INFO  server.RaftServerConfigKeys (ConfUtils.java:logGet(43)) - raft.server.watch.timeout = 10s (default)
2019-10-16 21:11:17,574 [65da0c80-3604-4ac2-9a39-ee88d748a153@group-3188A2C41C7C-LeaderElection3] INFO  server.RaftServerConfigKeys (ConfUtils.java:logGet(43)) - raft.server.watch.timeout.denomination = 1s (default)
2019-10-16 21:11:17,574 [65da0c80-3604-4ac2-9a39-ee88d748a153@group-3188A2C41C7C-LeaderElection3] INFO  server.RaftServerConfigKeys (ConfUtils.java:logGet(43)) - raft.server.watch.element-limit = 65536 (default)
2019-10-16 21:11:17,577 [65da0c80-3604-4ac2-9a39-ee88d748a153@group-3188A2C41C7C-LeaderElection3] INFO  impl.RoleInfo (RoleInfo.java:updateAndGet(143)) - 65da0c80-3604-4ac2-9a39-ee88d748a153: start LeaderState
2019-10-16 21:11:17,578 [65da0c80-3604-4ac2-9a39-ee88d748a153@group-3188A2C41C7C-LeaderElection3] INFO  segmented.SegmentedRaftLogWorker (SegmentedRaftLogWorker.java:startLogSegment(385)) - 65da0c80-3604-4ac2-9a39-ee88d748a153@group-3188A2C41C7C-SegmentedRaftLogWorker: Starting segment from index:0
2019-10-16 21:11:17,579 [65da0c80-3604-4ac2-9a39-ee88d748a153@group-3188A2C41C7C-LeaderElection3] INFO  impl.RaftServerImpl (ServerState.java:setRaftConf(357)) - 65da0c80-3604-4ac2-9a39-ee88d748a153@group-3188A2C41C7C: set configuration 0: [65da0c80-3604-4ac2-9a39-ee88d748a153:192.168.157.254:37466], old=null at 0
2019-10-16 21:11:17,617 [pool-47-thread-1] INFO  storage.RaftStorageDirectory (RaftStorageDirectory.java:tryLock(328)) - Lock on /workdir/hadoop-ozone/integration-test/target/test-dir/MiniOzoneClusterImpl-5bbdf16d-a65b-4877-b412-d21df752c328/datanode-2/data/ratis/81e5e220-f29d-473b-934a-2e0d626e0a80/in_use.lock acquired by nodename 13572@pr-hdds-1868-qdb9g-714931517
2019-10-16 21:11:17,617 [52743044-8979-4a08-8013-92a14c548982@group-33D345B1B9EE-SegmentedRaftLogWorker] INFO  segmented.SegmentedRaftLogWorker (SegmentedRaftLogWorker.java:execute(576)) - 52743044-8979-4a08-8013-92a14c548982@group-33D345B1B9EE-SegmentedRaftLogWorker: created new log segment /workdir/hadoop-ozone/integration-test/target/test-dir/MiniOzoneClusterImpl-5bbdf16d-a65b-4877-b412-d21df752c328/datanode-2/data/ratis/96c0533a-3948-4ab8-a3c6-33d345b1b9ee/current/log_inprogress_0
2019-10-16 21:11:17,617 [pool-37-thread-1] INFO  storage.RaftStorageDirectory (RaftStorageDirectory.java:tryLock(328)) - Lock on /workdir/hadoop-ozone/integration-test/target/test-dir/MiniOzoneClusterImpl-5bbdf16d-a65b-4877-b412-d21df752c328/datanode-1/data/ratis/81e5e220-f29d-473b-934a-2e0d626e0a80/in_use.lock acquired by nodename 13572@pr-hdds-1868-qdb9g-714931517
2019-10-16 21:11:17,617 [pool-27-thread-1] INFO  storage.RaftStorageDirectory (RaftStorageDirectory.java:tryLock(328)) - Lock on /workdir/hadoop-ozone/integration-test/target/test-dir/MiniOzoneClusterImpl-5bbdf16d-a65b-4877-b412-d21df752c328/datanode-0/data/ratis/81e5e220-f29d-473b-934a-2e0d626e0a80/in_use.lock acquired by nodename 13572@pr-hdds-1868-qdb9g-714931517
2019-10-16 21:11:17,720 [65da0c80-3604-4ac2-9a39-ee88d748a153@group-3188A2C41C7C-SegmentedRaftLogWorker] INFO  segmented.SegmentedRaftLogWorker (SegmentedRaftLogWorker.java:execute(576)) - 65da0c80-3604-4ac2-9a39-ee88d748a153@group-3188A2C41C7C-SegmentedRaftLogWorker: created new log segment /workdir/hadoop-ozone/integration-test/target/test-dir/MiniOzoneClusterImpl-5bbdf16d-a65b-4877-b412-d21df752c328/datanode-1/data/ratis/183e2dab-eccb-471a-9481-3188a2c41c7c/current/log_inprogress_0
2019-10-16 21:11:17,721 [pool-27-thread-1] INFO  storage.RaftStorage (RaftStorage.java:format(84)) - Storage directory /workdir/hadoop-ozone/integration-test/target/test-dir/MiniOzoneClusterImpl-5bbdf16d-a65b-4877-b412-d21df752c328/datanode-0/data/ratis/81e5e220-f29d-473b-934a-2e0d626e0a80 has been successfully formatted.
2019-10-16 21:11:17,721 [pool-37-thread-1] INFO  storage.RaftStorage (RaftStorage.java:format(84)) - Storage directory /workdir/hadoop-ozone/integration-test/target/test-dir/MiniOzoneClusterImpl-5bbdf16d-a65b-4877-b412-d21df752c328/datanode-1/data/ratis/81e5e220-f29d-473b-934a-2e0d626e0a80 has been successfully formatted.
2019-10-16 21:11:17,720 [pool-47-thread-1] INFO  storage.RaftStorage (RaftStorage.java:format(84)) - Storage directory /workdir/hadoop-ozone/integration-test/target/test-dir/MiniOzoneClusterImpl-5bbdf16d-a65b-4877-b412-d21df752c328/datanode-2/data/ratis/81e5e220-f29d-473b-934a-2e0d626e0a80 has been successfully formatted.
2019-10-16 21:11:17,721 [pool-27-thread-1] INFO  ratis.ContainerStateMachine (ContainerStateMachine.java:loadSnapshot(233)) - group-2E0D626E0A80: The snapshot info is null. Setting the last applied indexto:(t:0, i:~)
2019-10-16 21:11:17,721 [pool-37-thread-1] INFO  ratis.ContainerStateMachine (ContainerStateMachine.java:loadSnapshot(233)) - group-2E0D626E0A80: The snapshot info is null. Setting the last applied indexto:(t:0, i:~)
2019-10-16 21:11:17,722 [pool-27-thread-1] INFO  server.RaftServerConfigKeys (ConfUtils.java:logGet(43)) - raft.server.notification.no-leader.timeout = 120s (custom)
2019-10-16 21:11:17,722 [pool-47-thread-1] INFO  ratis.ContainerStateMachine (ContainerStateMachine.java:loadSnapshot(233)) - group-2E0D626E0A80: The snapshot info is null. Setting the last applied indexto:(t:0, i:~)
2019-10-16 21:11:17,722 [pool-27-thread-1] INFO  server.RaftServerConfigKeys (ConfUtils.java:logGet(43)) - raft.server.log.use.memory = false (default)
2019-10-16 21:11:17,722 [pool-37-thread-1] INFO  server.RaftServerConfigKeys (ConfUtils.java:logGet(43)) - raft.server.notification.no-leader.timeout = 120s (custom)
2019-10-16 21:11:17,722 [pool-27-thread-1] INFO  server.RaftServerConfigKeys (ConfUtils.java:logGet(43)) - raft.server.log.purge.gap = 1000000 (custom)
2019-10-16 21:11:17,722 [pool-47-thread-1] INFO  server.RaftServerConfigKeys (ConfUtils.java:logGet(43)) - raft.server.notification.no-leader.timeout = 120s (custom)
2019-10-16 21:11:17,723 [pool-27-thread-1] INFO  server.RaftServerConfigKeys (ConfUtils.java:logGet(43)) - raft.server.log.appender.buffer.byte-limit = 33554432 (custom)
2019-10-16 21:11:17,723 [pool-37-thread-1] INFO  server.RaftServerConfigKeys (ConfUtils.java:logGet(43)) - raft.server.log.use.memory = false (default)
2019-10-16 21:11:17,723 [pool-27-thread-1] INFO  server.RaftServerConfigKeys (ConfUtils.java:logGet(43)) - raft.server.log.segment.size.max = 1048576 (custom)
2019-10-16 21:11:17,723 [pool-47-thread-1] INFO  server.RaftServerConfigKeys (ConfUtils.java:logGet(43)) - raft.server.log.use.memory = false (default)
2019-10-16 21:11:17,724 [pool-27-thread-1] INFO  server.RaftServerConfigKeys (ConfUtils.java:logGet(43)) - raft.server.log.segment.cache.num.max = 2 (custom)
2019-10-16 21:11:17,724 [pool-47-thread-1] INFO  server.RaftServerConfigKeys (ConfUtils.java:logGet(43)) - raft.server.log.purge.gap = 1000000 (custom)
2019-10-16 21:11:17,723 [pool-37-thread-1] INFO  server.RaftServerConfigKeys (ConfUtils.java:logGet(43)) - raft.server.log.purge.gap = 1000000 (custom)
2019-10-16 21:11:17,724 [pool-47-thread-1] INFO  server.RaftServerConfigKeys (ConfUtils.java:logGet(43)) - raft.server.log.appender.buffer.byte-limit = 33554432 (custom)
2019-10-16 21:11:17,724 [pool-27-thread-1] INFO  segmented.SegmentedRaftLogWorker (SegmentedRaftLogWorker.java:<init>(173)) - new 904f39be-c3d3-4df4-99c0-2e4526e577e3@group-2E0D626E0A80-SegmentedRaftLogWorker for RaftStorage:Storage Directory /workdir/hadoop-ozone/integration-test/target/test-dir/MiniOzoneClusterImpl-5bbdf16d-a65b-4877-b412-d21df752c328/datanode-0/data/ratis/81e5e220-f29d-473b-934a-2e0d626e0a80
2019-10-16 21:11:17,724 [pool-47-thread-1] INFO  server.RaftServerConfigKeys (ConfUtils.java:logGet(43)) - raft.server.log.segment.size.max = 1048576 (custom)
2019-10-16 21:11:17,724 [pool-37-thread-1] INFO  server.RaftServerConfigKeys (ConfUtils.java:logGet(43)) - raft.server.log.appender.buffer.byte-limit = 33554432 (custom)
2019-10-16 21:11:17,725 [pool-47-thread-1] INFO  server.RaftServerConfigKeys (ConfUtils.java:logGet(43)) - raft.server.log.segment.cache.num.max = 2 (custom)
2019-10-16 21:11:17,724 [pool-27-thread-1] INFO  server.RaftServerConfigKeys (ConfUtils.java:logGet(43)) - raft.server.log.queue.byte-limit = 2147483647 (custom)
2019-10-16 21:11:17,725 [pool-47-thread-1] INFO  segmented.SegmentedRaftLogWorker (SegmentedRaftLogWorker.java:<init>(173)) - new 52743044-8979-4a08-8013-92a14c548982@group-2E0D626E0A80-SegmentedRaftLogWorker for RaftStorage:Storage Directory /workdir/hadoop-ozone/integration-test/target/test-dir/MiniOzoneClusterImpl-5bbdf16d-a65b-4877-b412-d21df752c328/datanode-2/data/ratis/81e5e220-f29d-473b-934a-2e0d626e0a80
2019-10-16 21:11:17,725 [pool-37-thread-1] INFO  server.RaftServerConfigKeys (ConfUtils.java:logGet(43)) - raft.server.log.segment.size.max = 1048576 (custom)
2019-10-16 21:11:17,725 [pool-47-thread-1] INFO  server.RaftServerConfigKeys (ConfUtils.java:logGet(43)) - raft.server.log.queue.byte-limit = 2147483647 (custom)
2019-10-16 21:11:17,725 [pool-27-thread-1] INFO  server.RaftServerConfigKeys (ConfUtils.java:logGet(43)) - raft.server.log.queue.element-limit = 1024 (custom)
2019-10-16 21:11:17,726 [pool-47-thread-1] INFO  server.RaftServerConfigKeys (ConfUtils.java:logGet(43)) - raft.server.log.queue.element-limit = 1024 (custom)
2019-10-16 21:11:17,726 [pool-37-thread-1] INFO  server.RaftServerConfigKeys (ConfUtils.java:logGet(43)) - raft.server.log.segment.cache.num.max = 2 (custom)
2019-10-16 21:11:17,726 [pool-47-thread-1] INFO  server.RaftServerConfigKeys (ConfUtils.java:logGet(43)) - raft.server.log.segment.size.max = 1048576 (custom)
2019-10-16 21:11:17,726 [pool-27-thread-1] INFO  server.RaftServerConfigKeys (ConfUtils.java:logGet(43)) - raft.server.log.segment.size.max = 1048576 (custom)
2019-10-16 21:11:17,726 [pool-47-thread-1] INFO  server.RaftServerConfigKeys (ConfUtils.java:logGet(43)) - raft.server.log.preallocated.size = 16384 (custom)
2019-10-16 21:11:17,726 [pool-37-thread-1] INFO  segmented.SegmentedRaftLogWorker (SegmentedRaftLogWorker.java:<init>(173)) - new 65da0c80-3604-4ac2-9a39-ee88d748a153@group-2E0D626E0A80-SegmentedRaftLogWorker for RaftStorage:Storage Directory /workdir/hadoop-ozone/integration-test/target/test-dir/MiniOzoneClusterImpl-5bbdf16d-a65b-4877-b412-d21df752c328/datanode-1/data/ratis/81e5e220-f29d-473b-934a-2e0d626e0a80
2019-10-16 21:11:17,727 [pool-47-thread-1] INFO  server.RaftServerConfigKeys (ConfUtils.java:logGet(43)) - raft.server.log.write.buffer.size = 33554432 (custom)
2019-10-16 21:11:17,726 [pool-27-thread-1] INFO  server.RaftServerConfigKeys (ConfUtils.java:logGet(43)) - raft.server.log.preallocated.size = 16384 (custom)
2019-10-16 21:11:17,727 [pool-47-thread-1] INFO  server.RaftServerConfigKeys (ConfUtils.java:logGet(43)) - raft.server.log.force.sync.num = 128 (default)
2019-10-16 21:11:17,727 [pool-37-thread-1] INFO  server.RaftServerConfigKeys (ConfUtils.java:logGet(43)) - raft.server.log.queue.byte-limit = 2147483647 (custom)
2019-10-16 21:11:17,727 [pool-47-thread-1] INFO  server.RaftServerConfigKeys (ConfUtils.java:logGet(43)) - raft.server.log.statemachine.data.sync = true (default)
2019-10-16 21:11:17,727 [pool-27-thread-1] INFO  server.RaftServerConfigKeys (ConfUtils.java:logGet(43)) - raft.server.log.write.buffer.size = 33554432 (custom)
2019-10-16 21:11:17,728 [pool-47-thread-1] INFO  server.RaftServerConfigKeys (ConfUtils.java:logGet(43)) - raft.server.log.statemachine.data.sync.timeout = 10s (default)
2019-10-16 21:11:17,728 [pool-37-thread-1] INFO  server.RaftServerConfigKeys (ConfUtils.java:logGet(43)) - raft.server.log.queue.element-limit = 1024 (custom)
2019-10-16 21:11:17,728 [pool-47-thread-1] INFO  server.RaftServerConfigKeys (ConfUtils.java:logGet(43)) - raft.server.log.statemachine.data.sync.timeout.retry = -1 (default)
2019-10-16 21:11:17,728 [pool-27-thread-1] INFO  server.RaftServerConfigKeys (ConfUtils.java:logGet(43)) - raft.server.log.force.sync.num = 128 (default)
2019-10-16 21:11:17,728 [pool-37-thread-1] INFO  server.RaftServerConfigKeys (ConfUtils.java:logGet(43)) - raft.server.log.segment.size.max = 1048576 (custom)
2019-10-16 21:11:17,729 [pool-27-thread-1] INFO  server.RaftServerConfigKeys (ConfUtils.java:logGet(43)) - raft.server.log.statemachine.data.sync = true (default)
2019-10-16 21:11:17,729 [pool-47-thread-1] INFO  server.RaftServerConfigKeys (ConfUtils.java:logGet(43)) - raft.server.log.statemachine.data.caching.enabled = true (custom)
2019-10-16 21:11:17,729 [pool-27-thread-1] INFO  server.RaftServerConfigKeys (ConfUtils.java:logGet(43)) - raft.server.log.statemachine.data.sync.timeout = 10s (default)
2019-10-16 21:11:17,729 [pool-37-thread-1] INFO  server.RaftServerConfigKeys (ConfUtils.java:logGet(43)) - raft.server.log.preallocated.size = 16384 (custom)
2019-10-16 21:11:17,729 [pool-27-thread-1] INFO  server.RaftServerConfigKeys (ConfUtils.java:logGet(43)) - raft.server.log.statemachine.data.sync.timeout.retry = -1 (default)
2019-10-16 21:11:17,729 [pool-47-thread-1] INFO  segmented.SegmentedRaftLogWorker (SegmentedRaftLogWorker.java:lambda$new$0(128)) - 52743044-8979-4a08-8013-92a14c548982@group-2E0D626E0A80-SegmentedRaftLogWorker: flushIndex: setUnconditionally 0 -> -1
2019-10-16 21:11:17,730 [pool-37-thread-1] INFO  server.RaftServerConfigKeys (ConfUtils.java:logGet(43)) - raft.server.log.write.buffer.size = 33554432 (custom)
2019-10-16 21:11:17,730 [pool-27-thread-1] INFO  server.RaftServerConfigKeys (ConfUtils.java:logGet(43)) - raft.server.log.statemachine.data.caching.enabled = true (custom)
2019-10-16 21:11:17,730 [pool-37-thread-1] INFO  server.RaftServerConfigKeys (ConfUtils.java:logGet(43)) - raft.server.log.force.sync.num = 128 (default)
2019-10-16 21:11:17,730 [pool-47-thread-1] INFO  server.RaftServerConfigKeys (ConfUtils.java:logGet(43)) - raft.server.snapshot.auto.trigger.enabled = true (custom)
2019-10-16 21:11:17,731 [pool-27-thread-1] INFO  segmented.SegmentedRaftLogWorker (SegmentedRaftLogWorker.java:lambda$new$0(128)) - 904f39be-c3d3-4df4-99c0-2e4526e577e3@group-2E0D626E0A80-SegmentedRaftLogWorker: flushIndex: setUnconditionally 0 -> -1
2019-10-16 21:11:17,731 [pool-37-thread-1] INFO  server.RaftServerConfigKeys (ConfUtils.java:logGet(43)) - raft.server.log.statemachine.data.sync = true (default)
2019-10-16 21:11:17,731 [pool-47-thread-1] INFO  server.RaftServerConfigKeys (ConfUtils.java:logGet(43)) - raft.server.snapshot.auto.trigger.threshold = 10000 (custom)
2019-10-16 21:11:17,731 [pool-27-thread-1] INFO  server.RaftServerConfigKeys (ConfUtils.java:logGet(43)) - raft.server.snapshot.auto.trigger.enabled = true (custom)
2019-10-16 21:11:17,731 [pool-37-thread-1] INFO  server.RaftServerConfigKeys (ConfUtils.java:logGet(43)) - raft.server.log.statemachine.data.sync.timeout = 10s (default)
2019-10-16 21:11:17,732 [pool-27-thread-1] INFO  server.RaftServerConfigKeys (ConfUtils.java:logGet(43)) - raft.server.snapshot.auto.trigger.threshold = 10000 (custom)
2019-10-16 21:11:17,731 [pool-47-thread-1] INFO  server.RaftServerConfigKeys (ConfUtils.java:logGet(43)) - raft.server.snapshot.retention.file.num = 5 (custom)
2019-10-16 21:11:17,732 [pool-27-thread-1] INFO  server.RaftServerConfigKeys (ConfUtils.java:logGet(43)) - raft.server.snapshot.retention.file.num = 5 (custom)
2019-10-16 21:11:17,732 [pool-47-thread-1] INFO  server.RaftServerConfigKeys (ConfUtils.java:logGet(43)) - raft.server.retrycache.expirytime = 600000ms (custom)
2019-10-16 21:11:17,732 [pool-27-thread-1] INFO  server.RaftServerConfigKeys (ConfUtils.java:logGet(43)) - raft.server.retrycache.expirytime = 600000ms (custom)
2019-10-16 21:11:17,732 [pool-37-thread-1] INFO  server.RaftServerConfigKeys (ConfUtils.java:logGet(43)) - raft.server.log.statemachine.data.sync.timeout.retry = -1 (default)
2019-10-16 21:11:17,733 [pool-37-thread-1] INFO  server.RaftServerConfigKeys (ConfUtils.java:logGet(43)) - raft.server.log.statemachine.data.caching.enabled = true (custom)
2019-10-16 21:11:17,733 [pool-37-thread-1] INFO  segmented.SegmentedRaftLogWorker (SegmentedRaftLogWorker.java:lambda$new$0(128)) - 65da0c80-3604-4ac2-9a39-ee88d748a153@group-2E0D626E0A80-SegmentedRaftLogWorker: flushIndex: setUnconditionally 0 -> -1
2019-10-16 21:11:17,733 [pool-37-thread-1] INFO  server.RaftServerConfigKeys (ConfUtils.java:logGet(43)) - raft.server.snapshot.auto.trigger.enabled = true (custom)
2019-10-16 21:11:17,734 [pool-37-thread-1] INFO  server.RaftServerConfigKeys (ConfUtils.java:logGet(43)) - raft.server.snapshot.auto.trigger.threshold = 10000 (custom)
2019-10-16 21:11:17,734 [pool-37-thread-1] INFO  server.RaftServerConfigKeys (ConfUtils.java:logGet(43)) - raft.server.snapshot.retention.file.num = 5 (custom)
2019-10-16 21:11:17,734 [pool-37-thread-1] INFO  server.RaftServerConfigKeys (ConfUtils.java:logGet(43)) - raft.server.retrycache.expirytime = 600000ms (custom)
2019-10-16 21:11:17,738 [pool-47-thread-1] INFO  impl.RaftServerImpl (RaftServerImpl.java:start(195)) - 52743044-8979-4a08-8013-92a14c548982@group-2E0D626E0A80: start as a follower, conf=-1: [904f39be-c3d3-4df4-99c0-2e4526e577e3:192.168.157.254:45339, 52743044-8979-4a08-8013-92a14c548982:192.168.157.254:36428, 65da0c80-3604-4ac2-9a39-ee88d748a153:192.168.157.254:37466], old=null
2019-10-16 21:11:17,738 [pool-47-thread-1] INFO  impl.RaftServerImpl (RaftServerImpl.java:setRole(184)) - 52743044-8979-4a08-8013-92a14c548982@group-2E0D626E0A80: changes role from      null to FOLLOWER at term 0 for startAsFollower
2019-10-16 21:11:17,738 [pool-27-thread-1] INFO  impl.RaftServerImpl (RaftServerImpl.java:start(195)) - 904f39be-c3d3-4df4-99c0-2e4526e577e3@group-2E0D626E0A80: start as a follower, conf=-1: [904f39be-c3d3-4df4-99c0-2e4526e577e3:192.168.157.254:45339, 52743044-8979-4a08-8013-92a14c548982:192.168.157.254:36428, 65da0c80-3604-4ac2-9a39-ee88d748a153:192.168.157.254:37466], old=null
2019-10-16 21:11:17,738 [pool-47-thread-1] INFO  impl.RoleInfo (RoleInfo.java:updateAndGet(143)) - 52743044-8979-4a08-8013-92a14c548982: start FollowerState
2019-10-16 21:11:17,739 [pool-27-thread-1] INFO  impl.RaftServerImpl (RaftServerImpl.java:setRole(184)) - 904f39be-c3d3-4df4-99c0-2e4526e577e3@group-2E0D626E0A80: changes role from      null to FOLLOWER at term 0 for startAsFollower
2019-10-16 21:11:17,739 [pool-37-thread-1] INFO  impl.RaftServerImpl (RaftServerImpl.java:start(195)) - 65da0c80-3604-4ac2-9a39-ee88d748a153@group-2E0D626E0A80: start as a follower, conf=-1: [904f39be-c3d3-4df4-99c0-2e4526e577e3:192.168.157.254:45339, 52743044-8979-4a08-8013-92a14c548982:192.168.157.254:36428, 65da0c80-3604-4ac2-9a39-ee88d748a153:192.168.157.254:37466], old=null
2019-10-16 21:11:17,739 [pool-27-thread-1] INFO  impl.RoleInfo (RoleInfo.java:updateAndGet(143)) - 904f39be-c3d3-4df4-99c0-2e4526e577e3: start FollowerState
2019-10-16 21:11:17,739 [pool-37-thread-1] INFO  impl.RaftServerImpl (RaftServerImpl.java:setRole(184)) - 65da0c80-3604-4ac2-9a39-ee88d748a153@group-2E0D626E0A80: changes role from      null to FOLLOWER at term 0 for startAsFollower
2019-10-16 21:11:17,739 [pool-47-thread-1] INFO  util.JmxRegister (JmxRegister.java:tryRegister(44)) - Successfully registered JMX Bean with object name Ratis:service=RaftServer,group=group-2E0D626E0A80,id=52743044-8979-4a08-8013-92a14c548982
2019-10-16 21:11:17,739 [pool-37-thread-1] INFO  impl.RoleInfo (RoleInfo.java:updateAndGet(143)) - 65da0c80-3604-4ac2-9a39-ee88d748a153: start FollowerState
2019-10-16 21:11:17,740 [pool-27-thread-1] INFO  util.JmxRegister (JmxRegister.java:tryRegister(44)) - Successfully registered JMX Bean with object name Ratis:service=RaftServer,group=group-2E0D626E0A80,id=904f39be-c3d3-4df4-99c0-2e4526e577e3
2019-10-16 21:11:17,740 [pool-37-thread-1] INFO  util.JmxRegister (JmxRegister.java:tryRegister(44)) - Successfully registered JMX Bean with object name Ratis:service=RaftServer,group=group-2E0D626E0A80,id=65da0c80-3604-4ac2-9a39-ee88d748a153
2019-10-16 21:11:17,754 [Thread-199] INFO  impl.FollowerState (FollowerState.java:run(108)) - 65da0c80-3604-4ac2-9a39-ee88d748a153@group-2E0D626E0A80-FollowerState: change to CANDIDATE, lastRpcTime:15ms, electionTimeout:12ms
2019-10-16 21:11:17,756 [Thread-199] INFO  impl.RoleInfo (RoleInfo.java:shutdownFollowerState(121)) - 65da0c80-3604-4ac2-9a39-ee88d748a153: shutdown FollowerState
2019-10-16 21:11:17,756 [Thread-199] INFO  impl.RaftServerImpl (RaftServerImpl.java:setRole(184)) - 65da0c80-3604-4ac2-9a39-ee88d748a153@group-2E0D626E0A80: changes role from  FOLLOWER to CANDIDATE at term 0 for changeToCandidate
2019-10-16 21:11:17,757 [Thread-199] INFO  impl.RoleInfo (RoleInfo.java:updateAndGet(143)) - 65da0c80-3604-4ac2-9a39-ee88d748a153: start LeaderElection
2019-10-16 21:11:17,772 [RatisPipelineUtilsThread] INFO  pipeline.PipelineStateManager (PipelineStateManager.java:addPipeline(57)) - Created pipeline Pipeline[ Id: 81e5e220-f29d-473b-934a-2e0d626e0a80, Nodes: 904f39be-c3d3-4df4-99c0-2e4526e577e3{ip: 192.168.157.254, host: pr-hdds-1868-qdb9g-714931517, networkLocation: /default-rack, certSerialId: null}52743044-8979-4a08-8013-92a14c548982{ip: 192.168.157.254, host: pr-hdds-1868-qdb9g-714931517, networkLocation: /default-rack, certSerialId: null}65da0c80-3604-4ac2-9a39-ee88d748a153{ip: 192.168.157.254, host: pr-hdds-1868-qdb9g-714931517, networkLocation: /default-rack, certSerialId: null}, Type:RATIS, Factor:THREE, State:ALLOCATED]
2019-10-16 21:11:17,774 [Thread-197] INFO  impl.FollowerState (FollowerState.java:run(108)) - 52743044-8979-4a08-8013-92a14c548982@group-2E0D626E0A80-FollowerState: change to CANDIDATE, lastRpcTime:35ms, electionTimeout:35ms
2019-10-16 21:11:17,774 [Thread-197] INFO  impl.RoleInfo (RoleInfo.java:shutdownFollowerState(121)) - 52743044-8979-4a08-8013-92a14c548982: shutdown FollowerState
2019-10-16 21:11:17,775 [Thread-197] INFO  impl.RaftServerImpl (RaftServerImpl.java:setRole(184)) - 52743044-8979-4a08-8013-92a14c548982@group-2E0D626E0A80: changes role from  FOLLOWER to CANDIDATE at term 0 for changeToCandidate
2019-10-16 21:11:17,775 [Thread-197] INFO  impl.RoleInfo (RoleInfo.java:updateAndGet(143)) - 52743044-8979-4a08-8013-92a14c548982: start LeaderElection
2019-10-16 21:11:17,775 [EventQueue-PipelineReportForPipelineReportHandler] INFO  pipeline.PipelineReportHandler (PipelineReportHandler.java:processPipelineReport(119)) - Pipeline PipelineID=0acc6eb0-37f8-445a-b8f6-b549722e11f2 reported by 904f39be-c3d3-4df4-99c0-2e4526e577e3{ip: 192.168.157.254, host: pr-hdds-1868-qdb9g-714931517, networkLocation: /default-rack, certSerialId: null} with leaderId 904f39be-c3d3-4df4-99c0-2e4526e577e3
2019-10-16 21:11:17,783 [EventQueue-PipelineReportForPipelineReportHandler] INFO  pipeline.PipelineStateManager (PipelineStateManager.java:openPipeline(136)) - Pipeline Pipeline[ Id: 0acc6eb0-37f8-445a-b8f6-b549722e11f2, Nodes: 904f39be-c3d3-4df4-99c0-2e4526e577e3{ip: 192.168.157.254, host: pr-hdds-1868-qdb9g-714931517, networkLocation: /default-rack, certSerialId: null}, Type:RATIS, Factor:ONE, State:OPEN] moved to OPEN state
2019-10-16 21:11:17,784 [EventQueue-PipelineReportForPipelineReportHandler] INFO  pipeline.PipelineReportHandler (PipelineReportHandler.java:processPipelineReport(119)) - Pipeline PipelineID=96c0533a-3948-4ab8-a3c6-33d345b1b9ee reported by 52743044-8979-4a08-8013-92a14c548982{ip: 192.168.157.254, host: pr-hdds-1868-qdb9g-714931517, networkLocation: /default-rack, certSerialId: null} with leaderId 52743044-8979-4a08-8013-92a14c548982
2019-10-16 21:11:17,784 [EventQueue-PipelineReportForPipelineReportHandler] INFO  pipeline.PipelineStateManager (PipelineStateManager.java:openPipeline(136)) - Pipeline Pipeline[ Id: 96c0533a-3948-4ab8-a3c6-33d345b1b9ee, Nodes: 52743044-8979-4a08-8013-92a14c548982{ip: 192.168.157.254, host: pr-hdds-1868-qdb9g-714931517, networkLocation: /default-rack, certSerialId: null}, Type:RATIS, Factor:ONE, State:OPEN] moved to OPEN state
2019-10-16 21:11:17,784 [EventQueue-PipelineReportForPipelineReportHandler] INFO  pipeline.PipelineReportHandler (PipelineReportHandler.java:processPipelineReport(119)) - Pipeline PipelineID=183e2dab-eccb-471a-9481-3188a2c41c7c reported by 65da0c80-3604-4ac2-9a39-ee88d748a153{ip: 192.168.157.254, host: pr-hdds-1868-qdb9g-714931517, networkLocation: /default-rack, certSerialId: null} with leaderId 65da0c80-3604-4ac2-9a39-ee88d748a153
2019-10-16 21:11:17,784 [EventQueue-PipelineReportForPipelineReportHandler] INFO  pipeline.PipelineStateManager (PipelineStateManager.java:openPipeline(136)) - Pipeline Pipeline[ Id: 183e2dab-eccb-471a-9481-3188a2c41c7c, Nodes: 65da0c80-3604-4ac2-9a39-ee88d748a153{ip: 192.168.157.254, host: pr-hdds-1868-qdb9g-714931517, networkLocation: /default-rack, certSerialId: null}, Type:RATIS, Factor:ONE, State:OPEN] moved to OPEN state
2019-10-16 21:11:17,784 [EventQueue-PipelineReportForPipelineReportHandler] INFO  pipeline.PipelineReportHandler (PipelineReportHandler.java:processPipelineReport(119)) - Pipeline PipelineID=81e5e220-f29d-473b-934a-2e0d626e0a80 reported by 65da0c80-3604-4ac2-9a39-ee88d748a153{ip: 192.168.157.254, host: pr-hdds-1868-qdb9g-714931517, networkLocation: /default-rack, certSerialId: null} with leaderId 
2019-10-16 21:11:17,817 [65da0c80-3604-4ac2-9a39-ee88d748a153@group-2E0D626E0A80-LeaderElection4] INFO  impl.LeaderElection (LeaderElection.java:askForVotes(178)) - 65da0c80-3604-4ac2-9a39-ee88d748a153@group-2E0D626E0A80-LeaderElection4: begin an election at term 1 for -1: [904f39be-c3d3-4df4-99c0-2e4526e577e3:192.168.157.254:45339, 52743044-8979-4a08-8013-92a14c548982:192.168.157.254:36428, 65da0c80-3604-4ac2-9a39-ee88d748a153:192.168.157.254:37466], old=null
2019-10-16 21:11:17,817 [52743044-8979-4a08-8013-92a14c548982@group-2E0D626E0A80-LeaderElection5] INFO  impl.LeaderElection (LeaderElection.java:askForVotes(178)) - 52743044-8979-4a08-8013-92a14c548982@group-2E0D626E0A80-LeaderElection5: begin an election at term 1 for -1: [904f39be-c3d3-4df4-99c0-2e4526e577e3:192.168.157.254:45339, 52743044-8979-4a08-8013-92a14c548982:192.168.157.254:36428, 65da0c80-3604-4ac2-9a39-ee88d748a153:192.168.157.254:37466], old=null
2019-10-16 21:11:17,862 [grpc-default-executor-1] INFO  impl.RaftServerImpl (RaftServerImpl.java:setRole(184)) - 904f39be-c3d3-4df4-99c0-2e4526e577e3@group-2E0D626E0A80: changes role from  FOLLOWER to FOLLOWER at term 1 for recognizeCandidate:65da0c80-3604-4ac2-9a39-ee88d748a153
2019-10-16 21:11:17,863 [grpc-default-executor-1] INFO  impl.RoleInfo (RoleInfo.java:shutdownFollowerState(121)) - 904f39be-c3d3-4df4-99c0-2e4526e577e3: shutdown FollowerState
2019-10-16 21:11:17,863 [Thread-198] INFO  impl.FollowerState (FollowerState.java:run(117)) - 904f39be-c3d3-4df4-99c0-2e4526e577e3@group-2E0D626E0A80-FollowerState was interrupted: java.lang.InterruptedException: sleep interrupted
2019-10-16 21:11:17,863 [grpc-default-executor-1] INFO  impl.RoleInfo (RoleInfo.java:updateAndGet(143)) - 904f39be-c3d3-4df4-99c0-2e4526e577e3: start FollowerState
2019-10-16 21:11:17,909 [65da0c80-3604-4ac2-9a39-ee88d748a153@group-2E0D626E0A80-LeaderElection4] INFO  impl.LeaderElection (LeaderElection.java:logAndReturn(56)) - 65da0c80-3604-4ac2-9a39-ee88d748a153@group-2E0D626E0A80-LeaderElection4: Election TIMEOUT; received 1 response(s) [65da0c80-3604-4ac2-9a39-ee88d748a153<-52743044-8979-4a08-8013-92a14c548982#0:FAIL-t1] and 0 exception(s); 65da0c80-3604-4ac2-9a39-ee88d748a153@group-2E0D626E0A80:t1, leader=null, voted=65da0c80-3604-4ac2-9a39-ee88d748a153, raftlog=65da0c80-3604-4ac2-9a39-ee88d748a153@group-2E0D626E0A80-SegmentedRaftLog:OPENED:c-1,f-1,i0, conf=-1: [904f39be-c3d3-4df4-99c0-2e4526e577e3:192.168.157.254:45339, 52743044-8979-4a08-8013-92a14c548982:192.168.157.254:36428, 65da0c80-3604-4ac2-9a39-ee88d748a153:192.168.157.254:37466], old=null
2019-10-16 21:11:17,954 [Thread-209] INFO  impl.FollowerState (FollowerState.java:run(108)) - 904f39be-c3d3-4df4-99c0-2e4526e577e3@group-2E0D626E0A80-FollowerState: change to CANDIDATE, lastRpcTime:91ms, electionTimeout:89ms
2019-10-16 21:11:17,957 [Thread-209] INFO  impl.RoleInfo (RoleInfo.java:shutdownFollowerState(121)) - 904f39be-c3d3-4df4-99c0-2e4526e577e3: shutdown FollowerState
2019-10-16 21:11:17,958 [Thread-209] INFO  impl.RaftServerImpl (RaftServerImpl.java:setRole(184)) - 904f39be-c3d3-4df4-99c0-2e4526e577e3@group-2E0D626E0A80: changes role from  FOLLOWER to CANDIDATE at term 1 for changeToCandidate
2019-10-16 21:11:17,959 [Thread-209] INFO  impl.RoleInfo (RoleInfo.java:updateAndGet(143)) - 904f39be-c3d3-4df4-99c0-2e4526e577e3: start LeaderElection
2019-10-16 21:11:17,962 [52743044-8979-4a08-8013-92a14c548982@group-2E0D626E0A80-LeaderElection5] INFO  impl.LeaderElection (LeaderElection.java:logAndReturn(56)) - 52743044-8979-4a08-8013-92a14c548982@group-2E0D626E0A80-LeaderElection5: Election REJECTED; received 2 response(s) [52743044-8979-4a08-8013-92a14c548982<-904f39be-c3d3-4df4-99c0-2e4526e577e3#0:FAIL-t1, 52743044-8979-4a08-8013-92a14c548982<-65da0c80-3604-4ac2-9a39-ee88d748a153#0:FAIL-t1] and 0 exception(s); 52743044-8979-4a08-8013-92a14c548982@group-2E0D626E0A80:t1, leader=null, voted=52743044-8979-4a08-8013-92a14c548982, raftlog=52743044-8979-4a08-8013-92a14c548982@group-2E0D626E0A80-SegmentedRaftLog:OPENED:c-1,f-1,i0, conf=-1: [904f39be-c3d3-4df4-99c0-2e4526e577e3:192.168.157.254:45339, 52743044-8979-4a08-8013-92a14c548982:192.168.157.254:36428, 65da0c80-3604-4ac2-9a39-ee88d748a153:192.168.157.254:37466], old=null
2019-10-16 21:11:17,963 [52743044-8979-4a08-8013-92a14c548982@group-2E0D626E0A80-LeaderElection5] INFO  impl.RaftServerImpl (RaftServerImpl.java:setRole(184)) - 52743044-8979-4a08-8013-92a14c548982@group-2E0D626E0A80: changes role from CANDIDATE to FOLLOWER at term 1 for DISCOVERED_A_NEW_TERM
2019-10-16 21:11:17,964 [52743044-8979-4a08-8013-92a14c548982@group-2E0D626E0A80-LeaderElection5] INFO  impl.RoleInfo (RoleInfo.java:shutdownLeaderElection(134)) - 52743044-8979-4a08-8013-92a14c548982: shutdown LeaderElection
2019-10-16 21:11:17,964 [52743044-8979-4a08-8013-92a14c548982@group-2E0D626E0A80-LeaderElection5] INFO  impl.RoleInfo (RoleInfo.java:updateAndGet(143)) - 52743044-8979-4a08-8013-92a14c548982: start FollowerState
2019-10-16 21:11:17,984 [Thread-211] INFO  impl.FollowerState (FollowerState.java:run(108)) - 52743044-8979-4a08-8013-92a14c548982@group-2E0D626E0A80-FollowerState: change to CANDIDATE, lastRpcTime:19ms, electionTimeout:18ms
2019-10-16 21:11:17,985 [Thread-211] INFO  impl.RoleInfo (RoleInfo.java:shutdownFollowerState(121)) - 52743044-8979-4a08-8013-92a14c548982: shutdown FollowerState
2019-10-16 21:11:17,985 [Thread-211] INFO  impl.RaftServerImpl (RaftServerImpl.java:setRole(184)) - 52743044-8979-4a08-8013-92a14c548982@group-2E0D626E0A80: changes role from  FOLLOWER to CANDIDATE at term 1 for changeToCandidate
2019-10-16 21:11:17,985 [Thread-211] INFO  impl.RoleInfo (RoleInfo.java:updateAndGet(143)) - 52743044-8979-4a08-8013-92a14c548982: start LeaderElection
2019-10-16 21:11:18,002 [65da0c80-3604-4ac2-9a39-ee88d748a153@group-2E0D626E0A80-LeaderElection4] INFO  impl.LeaderElection (LeaderElection.java:askForVotes(178)) - 65da0c80-3604-4ac2-9a39-ee88d748a153@group-2E0D626E0A80-LeaderElection4: begin an election at term 2 for -1: [904f39be-c3d3-4df4-99c0-2e4526e577e3:192.168.157.254:45339, 52743044-8979-4a08-8013-92a14c548982:192.168.157.254:36428, 65da0c80-3604-4ac2-9a39-ee88d748a153:192.168.157.254:37466], old=null
2019-10-16 21:11:18,022 [904f39be-c3d3-4df4-99c0-2e4526e577e3@group-2E0D626E0A80-LeaderElection6] INFO  impl.LeaderElection (LeaderElection.java:askForVotes(178)) - 904f39be-c3d3-4df4-99c0-2e4526e577e3@group-2E0D626E0A80-LeaderElection6: begin an election at term 2 for -1: [904f39be-c3d3-4df4-99c0-2e4526e577e3:192.168.157.254:45339, 52743044-8979-4a08-8013-92a14c548982:192.168.157.254:36428, 65da0c80-3604-4ac2-9a39-ee88d748a153:192.168.157.254:37466], old=null
2019-10-16 21:11:18,085 [52743044-8979-4a08-8013-92a14c548982@group-2E0D626E0A80-LeaderElection7] INFO  impl.LeaderElection (LeaderElection.java:askForVotes(178)) - 52743044-8979-4a08-8013-92a14c548982@group-2E0D626E0A80-LeaderElection7: begin an election at term 2 for -1: [904f39be-c3d3-4df4-99c0-2e4526e577e3:192.168.157.254:45339, 52743044-8979-4a08-8013-92a14c548982:192.168.157.254:36428, 65da0c80-3604-4ac2-9a39-ee88d748a153:192.168.157.254:37466], old=null
2019-10-16 21:11:18,090 [904f39be-c3d3-4df4-99c0-2e4526e577e3@group-2E0D626E0A80-LeaderElection6] INFO  impl.LeaderElection (LeaderElection.java:logAndReturn(56)) - 904f39be-c3d3-4df4-99c0-2e4526e577e3@group-2E0D626E0A80-LeaderElection6: Election REJECTED; received 2 response(s) [904f39be-c3d3-4df4-99c0-2e4526e577e3<-52743044-8979-4a08-8013-92a14c548982#0:FAIL-t2, 904f39be-c3d3-4df4-99c0-2e4526e577e3<-65da0c80-3604-4ac2-9a39-ee88d748a153#0:FAIL-t2] and 0 exception(s); 904f39be-c3d3-4df4-99c0-2e4526e577e3@group-2E0D626E0A80:t2, leader=null, voted=904f39be-c3d3-4df4-99c0-2e4526e577e3, raftlog=904f39be-c3d3-4df4-99c0-2e4526e577e3@group-2E0D626E0A80-SegmentedRaftLog:OPENED:c-1,f-1,i0, conf=-1: [904f39be-c3d3-4df4-99c0-2e4526e577e3:192.168.157.254:45339, 52743044-8979-4a08-8013-92a14c548982:192.168.157.254:36428, 65da0c80-3604-4ac2-9a39-ee88d748a153:192.168.157.254:37466], old=null
2019-10-16 21:11:18,092 [904f39be-c3d3-4df4-99c0-2e4526e577e3@group-2E0D626E0A80-LeaderElection6] INFO  impl.RaftServerImpl (RaftServerImpl.java:setRole(184)) - 904f39be-c3d3-4df4-99c0-2e4526e577e3@group-2E0D626E0A80: changes role from CANDIDATE to FOLLOWER at term 2 for DISCOVERED_A_NEW_TERM
2019-10-16 21:11:18,093 [904f39be-c3d3-4df4-99c0-2e4526e577e3@group-2E0D626E0A80-LeaderElection6] INFO  impl.RoleInfo (RoleInfo.java:shutdownLeaderElection(134)) - 904f39be-c3d3-4df4-99c0-2e4526e577e3: shutdown LeaderElection
2019-10-16 21:11:18,094 [904f39be-c3d3-4df4-99c0-2e4526e577e3@group-2E0D626E0A80-LeaderElection6] INFO  impl.RoleInfo (RoleInfo.java:updateAndGet(143)) - 904f39be-c3d3-4df4-99c0-2e4526e577e3: start FollowerState
2019-10-16 21:11:18,097 [65da0c80-3604-4ac2-9a39-ee88d748a153@group-2E0D626E0A80-LeaderElection4] INFO  impl.LeaderElection (LeaderElection.java:logAndReturn(56)) - 65da0c80-3604-4ac2-9a39-ee88d748a153@group-2E0D626E0A80-LeaderElection4: Election REJECTED; received 2 response(s) [65da0c80-3604-4ac2-9a39-ee88d748a153<-904f39be-c3d3-4df4-99c0-2e4526e577e3#0:FAIL-t2, 65da0c80-3604-4ac2-9a39-ee88d748a153<-52743044-8979-4a08-8013-92a14c548982#0:FAIL-t2] and 0 exception(s); 65da0c80-3604-4ac2-9a39-ee88d748a153@group-2E0D626E0A80:t2, leader=null, voted=65da0c80-3604-4ac2-9a39-ee88d748a153, raftlog=65da0c80-3604-4ac2-9a39-ee88d748a153@group-2E0D626E0A80-SegmentedRaftLog:OPENED:c-1,f-1,i0, conf=-1: [904f39be-c3d3-4df4-99c0-2e4526e577e3:192.168.157.254:45339, 52743044-8979-4a08-8013-92a14c548982:192.168.157.254:36428, 65da0c80-3604-4ac2-9a39-ee88d748a153:192.168.157.254:37466], old=null
2019-10-16 21:11:18,099 [65da0c80-3604-4ac2-9a39-ee88d748a153@group-2E0D626E0A80-LeaderElection4] INFO  impl.RaftServerImpl (RaftServerImpl.java:setRole(184)) - 65da0c80-3604-4ac2-9a39-ee88d748a153@group-2E0D626E0A80: changes role from CANDIDATE to FOLLOWER at term 2 for DISCOVERED_A_NEW_TERM
2019-10-16 21:11:18,100 [65da0c80-3604-4ac2-9a39-ee88d748a153@group-2E0D626E0A80-LeaderElection4] INFO  impl.RoleInfo (RoleInfo.java:shutdownLeaderElection(134)) - 65da0c80-3604-4ac2-9a39-ee88d748a153: shutdown LeaderElection
2019-10-16 21:11:18,101 [65da0c80-3604-4ac2-9a39-ee88d748a153@group-2E0D626E0A80-LeaderElection4] INFO  impl.RoleInfo (RoleInfo.java:updateAndGet(143)) - 65da0c80-3604-4ac2-9a39-ee88d748a153: start FollowerState
2019-10-16 21:11:18,107 [52743044-8979-4a08-8013-92a14c548982@group-2E0D626E0A80-LeaderElection7] INFO  impl.LeaderElection (LeaderElection.java:logAndReturn(56)) - 52743044-8979-4a08-8013-92a14c548982@group-2E0D626E0A80-LeaderElection7: Election REJECTED; received 2 response(s) [52743044-8979-4a08-8013-92a14c548982<-904f39be-c3d3-4df4-99c0-2e4526e577e3#0:FAIL-t2, 52743044-8979-4a08-8013-92a14c548982<-65da0c80-3604-4ac2-9a39-ee88d748a153#0:FAIL-t2] and 0 exception(s); 52743044-8979-4a08-8013-92a14c548982@group-2E0D626E0A80:t2, leader=null, voted=52743044-8979-4a08-8013-92a14c548982, raftlog=52743044-8979-4a08-8013-92a14c548982@group-2E0D626E0A80-SegmentedRaftLog:OPENED:c-1,f-1,i0, conf=-1: [904f39be-c3d3-4df4-99c0-2e4526e577e3:192.168.157.254:45339, 52743044-8979-4a08-8013-92a14c548982:192.168.157.254:36428, 65da0c80-3604-4ac2-9a39-ee88d748a153:192.168.157.254:37466], old=null
2019-10-16 21:11:18,108 [52743044-8979-4a08-8013-92a14c548982@group-2E0D626E0A80-LeaderElection7] INFO  impl.RaftServerImpl (RaftServerImpl.java:setRole(184)) - 52743044-8979-4a08-8013-92a14c548982@group-2E0D626E0A80: changes role from CANDIDATE to FOLLOWER at term 2 for DISCOVERED_A_NEW_TERM
2019-10-16 21:11:18,109 [52743044-8979-4a08-8013-92a14c548982@group-2E0D626E0A80-LeaderElection7] INFO  impl.RoleInfo (RoleInfo.java:shutdownLeaderElection(134)) - 52743044-8979-4a08-8013-92a14c548982: shutdown LeaderElection
2019-10-16 21:11:18,109 [52743044-8979-4a08-8013-92a14c548982@group-2E0D626E0A80-LeaderElection7] INFO  impl.RoleInfo (RoleInfo.java:updateAndGet(143)) - 52743044-8979-4a08-8013-92a14c548982: start FollowerState
2019-10-16 21:11:18,117 [Thread-219] INFO  impl.FollowerState (FollowerState.java:run(108)) - 904f39be-c3d3-4df4-99c0-2e4526e577e3@group-2E0D626E0A80-FollowerState: change to CANDIDATE, lastRpcTime:22ms, electionTimeout:20ms
2019-10-16 21:11:18,117 [Thread-219] INFO  impl.RoleInfo (RoleInfo.java:shutdownFollowerState(121)) - 904f39be-c3d3-4df4-99c0-2e4526e577e3: shutdown FollowerState
2019-10-16 21:11:18,118 [Thread-219] INFO  impl.RaftServerImpl (RaftServerImpl.java:setRole(184)) - 904f39be-c3d3-4df4-99c0-2e4526e577e3@group-2E0D626E0A80: changes role from  FOLLOWER to CANDIDATE at term 2 for changeToCandidate
2019-10-16 21:11:18,118 [Thread-219] INFO  impl.RoleInfo (RoleInfo.java:updateAndGet(143)) - 904f39be-c3d3-4df4-99c0-2e4526e577e3: start LeaderElection
2019-10-16 21:11:18,183 [Thread-221] INFO  impl.FollowerState (FollowerState.java:run(108)) - 52743044-8979-4a08-8013-92a14c548982@group-2E0D626E0A80-FollowerState: change to CANDIDATE, lastRpcTime:73ms, electionTimeout:72ms
2019-10-16 21:11:18,183 [Thread-221] INFO  impl.RoleInfo (RoleInfo.java:shutdownFollowerState(121)) - 52743044-8979-4a08-8013-92a14c548982: shutdown FollowerState
2019-10-16 21:11:18,183 [Thread-221] INFO  impl.RaftServerImpl (RaftServerImpl.java:setRole(184)) - 52743044-8979-4a08-8013-92a14c548982@group-2E0D626E0A80: changes role from  FOLLOWER to CANDIDATE at term 2 for changeToCandidate
2019-10-16 21:11:18,183 [main] INFO  ozone.MiniOzoneClusterImpl (MiniOzoneClusterImpl.java:lambda$waitForClusterToBeReady$2(164)) - Waiting for 1 number of pipelines out of 4, to report a leader.
2019-10-16 21:11:18,183 [Thread-221] INFO  impl.RoleInfo (RoleInfo.java:updateAndGet(143)) - 52743044-8979-4a08-8013-92a14c548982: start LeaderElection
2019-10-16 21:11:18,188 [904f39be-c3d3-4df4-99c0-2e4526e577e3@group-2E0D626E0A80-LeaderElection8] INFO  impl.LeaderElection (LeaderElection.java:askForVotes(178)) - 904f39be-c3d3-4df4-99c0-2e4526e577e3@group-2E0D626E0A80-LeaderElection8: begin an election at term 3 for -1: [904f39be-c3d3-4df4-99c0-2e4526e577e3:192.168.157.254:45339, 52743044-8979-4a08-8013-92a14c548982:192.168.157.254:36428, 65da0c80-3604-4ac2-9a39-ee88d748a153:192.168.157.254:37466], old=null
2019-10-16 21:11:18,194 [grpc-default-executor-0] INFO  impl.RaftServerImpl (RaftServerImpl.java:setRole(184)) - 65da0c80-3604-4ac2-9a39-ee88d748a153@group-2E0D626E0A80: changes role from  FOLLOWER to FOLLOWER at term 3 for recognizeCandidate:904f39be-c3d3-4df4-99c0-2e4526e577e3
2019-10-16 21:11:18,194 [grpc-default-executor-0] INFO  impl.RoleInfo (RoleInfo.java:shutdownFollowerState(121)) - 65da0c80-3604-4ac2-9a39-ee88d748a153: shutdown FollowerState
2019-10-16 21:11:18,195 [Thread-220] INFO  impl.FollowerState (FollowerState.java:run(117)) - 65da0c80-3604-4ac2-9a39-ee88d748a153@group-2E0D626E0A80-FollowerState was interrupted: java.lang.InterruptedException: sleep interrupted
2019-10-16 21:11:18,195 [grpc-default-executor-0] INFO  impl.RoleInfo (RoleInfo.java:updateAndGet(143)) - 65da0c80-3604-4ac2-9a39-ee88d748a153: start FollowerState
2019-10-16 21:11:18,208 [52743044-8979-4a08-8013-92a14c548982@group-2E0D626E0A80-LeaderElection9] INFO  impl.LeaderElection (LeaderElection.java:askForVotes(178)) - 52743044-8979-4a08-8013-92a14c548982@group-2E0D626E0A80-LeaderElection9: begin an election at term 3 for -1: [904f39be-c3d3-4df4-99c0-2e4526e577e3:192.168.157.254:45339, 52743044-8979-4a08-8013-92a14c548982:192.168.157.254:36428, 65da0c80-3604-4ac2-9a39-ee88d748a153:192.168.157.254:37466], old=null
2019-10-16 21:11:18,215 [904f39be-c3d3-4df4-99c0-2e4526e577e3@group-2E0D626E0A80-LeaderElection8] INFO  impl.LeaderElection (LeaderElection.java:logAndReturn(56)) - 904f39be-c3d3-4df4-99c0-2e4526e577e3@group-2E0D626E0A80-LeaderElection8: Election PASSED; received 1 response(s) [904f39be-c3d3-4df4-99c0-2e4526e577e3<-65da0c80-3604-4ac2-9a39-ee88d748a153#0:OK-t3] and 0 exception(s); 904f39be-c3d3-4df4-99c0-2e4526e577e3@group-2E0D626E0A80:t3, leader=null, voted=904f39be-c3d3-4df4-99c0-2e4526e577e3, raftlog=904f39be-c3d3-4df4-99c0-2e4526e577e3@group-2E0D626E0A80-SegmentedRaftLog:OPENED:c-1,f-1,i0, conf=-1: [904f39be-c3d3-4df4-99c0-2e4526e577e3:192.168.157.254:45339, 52743044-8979-4a08-8013-92a14c548982:192.168.157.254:36428, 65da0c80-3604-4ac2-9a39-ee88d748a153:192.168.157.254:37466], old=null
2019-10-16 21:11:18,215 [904f39be-c3d3-4df4-99c0-2e4526e577e3@group-2E0D626E0A80-LeaderElection8] INFO  impl.RoleInfo (RoleInfo.java:shutdownLeaderElection(134)) - 904f39be-c3d3-4df4-99c0-2e4526e577e3: shutdown LeaderElection
2019-10-16 21:11:18,216 [904f39be-c3d3-4df4-99c0-2e4526e577e3@group-2E0D626E0A80-LeaderElection8] INFO  impl.RaftServerImpl (RaftServerImpl.java:setRole(184)) - 904f39be-c3d3-4df4-99c0-2e4526e577e3@group-2E0D626E0A80: changes role from CANDIDATE to LEADER at term 3 for changeToLeader
2019-10-16 21:11:18,216 [904f39be-c3d3-4df4-99c0-2e4526e577e3@group-2E0D626E0A80-LeaderElection8] INFO  ratis.XceiverServerRatis (XceiverServerRatis.java:handleLeaderChangedNotification(700)) - Leader change notification received for group: group-2E0D626E0A80 with new leaderId: 904f39be-c3d3-4df4-99c0-2e4526e577e3
2019-10-16 21:11:18,217 [904f39be-c3d3-4df4-99c0-2e4526e577e3@group-2E0D626E0A80-LeaderElection8] INFO  impl.RaftServerImpl (ServerState.java:setLeader(256)) - 904f39be-c3d3-4df4-99c0-2e4526e577e3@group-2E0D626E0A80: change Leader from null to 904f39be-c3d3-4df4-99c0-2e4526e577e3 at term 3 for becomeLeader, leader elected after 494ms
2019-10-16 21:11:18,217 [904f39be-c3d3-4df4-99c0-2e4526e577e3@group-2E0D626E0A80-LeaderElection8] INFO  server.RaftServerConfigKeys (ConfUtils.java:logGet(43)) - raft.server.staging.catchup.gap = 1000 (default)
2019-10-16 21:11:18,217 [904f39be-c3d3-4df4-99c0-2e4526e577e3@group-2E0D626E0A80-LeaderElection8] INFO  server.RaftServerConfigKeys (ConfUtils.java:logGet(43)) - raft.server.rpc.sleep.time = 25ms (default)
2019-10-16 21:11:18,218 [904f39be-c3d3-4df4-99c0-2e4526e577e3@group-2E0D626E0A80-LeaderElection8] INFO  server.RaftServerConfigKeys (ConfUtils.java:logGet(43)) - raft.server.write.element-limit = 4096 (default)
2019-10-16 21:11:18,219 [904f39be-c3d3-4df4-99c0-2e4526e577e3@group-2E0D626E0A80-LeaderElection8] INFO  server.RaftServerConfigKeys (ConfUtils.java:logGet(43)) - raft.server.watch.timeout = 10s (default)
2019-10-16 21:11:18,219 [904f39be-c3d3-4df4-99c0-2e4526e577e3@group-2E0D626E0A80-LeaderElection8] INFO  server.RaftServerConfigKeys (ConfUtils.java:logGet(43)) - raft.server.watch.timeout.denomination = 1s (default)
2019-10-16 21:11:18,219 [904f39be-c3d3-4df4-99c0-2e4526e577e3@group-2E0D626E0A80-LeaderElection8] INFO  server.RaftServerConfigKeys (ConfUtils.java:logGet(43)) - raft.server.watch.element-limit = 65536 (default)
2019-10-16 21:11:18,222 [EventQueue-PipelineReportForPipelineReportHandler] INFO  pipeline.PipelineReportHandler (PipelineReportHandler.java:processPipelineReport(119)) - Pipeline PipelineID=81e5e220-f29d-473b-934a-2e0d626e0a80 reported by 904f39be-c3d3-4df4-99c0-2e4526e577e3{ip: 192.168.157.254, host: pr-hdds-1868-qdb9g-714931517, networkLocation: /default-rack, certSerialId: null} with leaderId 904f39be-c3d3-4df4-99c0-2e4526e577e3
2019-10-16 21:11:18,229 [904f39be-c3d3-4df4-99c0-2e4526e577e3@group-2E0D626E0A80-LeaderElection8] INFO  server.RaftServerConfigKeys (ConfUtils.java:logGet(43)) - raft.server.log.appender.snapshot.chunk.size.max = 16MB (=16777216) (default)
2019-10-16 21:11:18,230 [904f39be-c3d3-4df4-99c0-2e4526e577e3@group-2E0D626E0A80-LeaderElection8] INFO  server.RaftServerConfigKeys (ConfUtils.java:logGet(43)) - raft.server.log.appender.buffer.byte-limit = 33554432 (custom)
2019-10-16 21:11:18,230 [904f39be-c3d3-4df4-99c0-2e4526e577e3@group-2E0D626E0A80-LeaderElection8] INFO  server.RaftServerConfigKeys (ConfUtils.java:logGet(43)) - raft.server.log.appender.buffer.element-limit = 1 (custom)
2019-10-16 21:11:18,236 [904f39be-c3d3-4df4-99c0-2e4526e577e3@group-2E0D626E0A80-LeaderElection8] INFO  grpc.GrpcConfigKeys$Server (ConfUtils.java:logGet(43)) - raft.grpc.server.leader.outstanding.appends.max = 128 (default)
2019-10-16 21:11:18,238 [904f39be-c3d3-4df4-99c0-2e4526e577e3@group-2E0D626E0A80-LeaderElection8] INFO  server.RaftServerConfigKeys (ConfUtils.java:logGet(43)) - raft.server.rpc.request.timeout = 3000ms (default)
2019-10-16 21:11:18,238 [904f39be-c3d3-4df4-99c0-2e4526e577e3@group-2E0D626E0A80-LeaderElection8] INFO  server.RaftServerConfigKeys (ConfUtils.java:logGet(43)) - raft.server.log.appender.install.snapshot.enabled = false (custom)
2019-10-16 21:11:18,246 [904f39be-c3d3-4df4-99c0-2e4526e577e3@group-2E0D626E0A80-LeaderElection8] INFO  server.RaftServerConfigKeys (ConfUtils.java:logGet(43)) - raft.server.log.appender.snapshot.chunk.size.max = 16MB (=16777216) (default)
2019-10-16 21:11:18,246 [904f39be-c3d3-4df4-99c0-2e4526e577e3@group-2E0D626E0A80-LeaderElection8] INFO  server.RaftServerConfigKeys (ConfUtils.java:logGet(43)) - raft.server.log.appender.buffer.byte-limit = 33554432 (custom)
2019-10-16 21:11:18,246 [904f39be-c3d3-4df4-99c0-2e4526e577e3@group-2E0D626E0A80-LeaderElection8] INFO  server.RaftServerConfigKeys (ConfUtils.java:logGet(43)) - raft.server.log.appender.buffer.element-limit = 1 (custom)
2019-10-16 21:11:18,246 [904f39be-c3d3-4df4-99c0-2e4526e577e3@group-2E0D626E0A80-LeaderElection8] INFO  grpc.GrpcConfigKeys$Server (ConfUtils.java:logGet(43)) - raft.grpc.server.leader.outstanding.appends.max = 128 (default)
2019-10-16 21:11:18,247 [904f39be-c3d3-4df4-99c0-2e4526e577e3@group-2E0D626E0A80-LeaderElection8] INFO  server.RaftServerConfigKeys (ConfUtils.java:logGet(43)) - raft.server.rpc.request.timeout = 3000ms (default)
2019-10-16 21:11:18,247 [904f39be-c3d3-4df4-99c0-2e4526e577e3@group-2E0D626E0A80-LeaderElection8] INFO  server.RaftServerConfigKeys (ConfUtils.java:logGet(43)) - raft.server.log.appender.install.snapshot.enabled = false (custom)
2019-10-16 21:11:18,254 [904f39be-c3d3-4df4-99c0-2e4526e577e3@group-2E0D626E0A80-LeaderElection8] INFO  impl.RoleInfo (RoleInfo.java:updateAndGet(143)) - 904f39be-c3d3-4df4-99c0-2e4526e577e3: start LeaderState
2019-10-16 21:11:18,255 [904f39be-c3d3-4df4-99c0-2e4526e577e3@group-2E0D626E0A80-LeaderElection8] INFO  segmented.SegmentedRaftLogWorker (SegmentedRaftLogWorker.java:startLogSegment(385)) - 904f39be-c3d3-4df4-99c0-2e4526e577e3@group-2E0D626E0A80-SegmentedRaftLogWorker: Starting segment from index:0
2019-10-16 21:11:18,257 [904f39be-c3d3-4df4-99c0-2e4526e577e3@group-2E0D626E0A80-LeaderElection8] INFO  impl.RaftServerImpl (ServerState.java:setRaftConf(357)) - 904f39be-c3d3-4df4-99c0-2e4526e577e3@group-2E0D626E0A80: set configuration 0: [904f39be-c3d3-4df4-99c0-2e4526e577e3:192.168.157.254:45339, 52743044-8979-4a08-8013-92a14c548982:192.168.157.254:36428, 65da0c80-3604-4ac2-9a39-ee88d748a153:192.168.157.254:37466], old=null at 0
2019-10-16 21:11:18,292 [52743044-8979-4a08-8013-92a14c548982@group-2E0D626E0A80-LeaderElection9] INFO  impl.LeaderElection (LeaderElection.java:logAndReturn(56)) - 52743044-8979-4a08-8013-92a14c548982@group-2E0D626E0A80-LeaderElection9: Election TIMEOUT; received 1 response(s) [52743044-8979-4a08-8013-92a14c548982<-65da0c80-3604-4ac2-9a39-ee88d748a153#0:FAIL-t3] and 0 exception(s); 52743044-8979-4a08-8013-92a14c548982@group-2E0D626E0A80:t3, leader=null, voted=52743044-8979-4a08-8013-92a14c548982, raftlog=52743044-8979-4a08-8013-92a14c548982@group-2E0D626E0A80-SegmentedRaftLog:OPENED:c-1,f-1,i0, conf=-1: [904f39be-c3d3-4df4-99c0-2e4526e577e3:192.168.157.254:45339, 52743044-8979-4a08-8013-92a14c548982:192.168.157.254:36428, 65da0c80-3604-4ac2-9a39-ee88d748a153:192.168.157.254:37466], old=null
2019-10-16 21:11:18,292 [grpc-default-executor-1] INFO  impl.RaftServerImpl (RaftServerImpl.java:requestVote(776)) - 904f39be-c3d3-4df4-99c0-2e4526e577e3@group-2E0D626E0A80-   LEADER: Withhold vote from candidate 52743044-8979-4a08-8013-92a14c548982 with term 3. State: leader=904f39be-c3d3-4df4-99c0-2e4526e577e3, term=3, lastRpcElapsed=null
2019-10-16 21:11:18,314 [grpc-default-executor-0] INFO  ratis.XceiverServerRatis (XceiverServerRatis.java:handleLeaderChangedNotification(700)) - Leader change notification received for group: group-2E0D626E0A80 with new leaderId: 904f39be-c3d3-4df4-99c0-2e4526e577e3
2019-10-16 21:11:18,315 [grpc-default-executor-0] INFO  impl.RaftServerImpl (ServerState.java:setLeader(256)) - 65da0c80-3604-4ac2-9a39-ee88d748a153@group-2E0D626E0A80: change Leader from null to 904f39be-c3d3-4df4-99c0-2e4526e577e3 at term 3 for appendEntries, leader elected after 592ms
2019-10-16 21:11:18,320 [EventQueue-PipelineReportForPipelineReportHandler] INFO  pipeline.PipelineReportHandler (PipelineReportHandler.java:processPipelineReport(119)) - Pipeline PipelineID=81e5e220-f29d-473b-934a-2e0d626e0a80 reported by 65da0c80-3604-4ac2-9a39-ee88d748a153{ip: 192.168.157.254, host: pr-hdds-1868-qdb9g-714931517, networkLocation: /default-rack, certSerialId: null} with leaderId 904f39be-c3d3-4df4-99c0-2e4526e577e3
2019-10-16 21:11:18,333 [grpc-default-executor-0] INFO  impl.RaftServerImpl (ServerState.java:setRaftConf(357)) - 65da0c80-3604-4ac2-9a39-ee88d748a153@group-2E0D626E0A80: set configuration 0: [904f39be-c3d3-4df4-99c0-2e4526e577e3:192.168.157.254:45339, 52743044-8979-4a08-8013-92a14c548982:192.168.157.254:36428, 65da0c80-3604-4ac2-9a39-ee88d748a153:192.168.157.254:37466], old=null at 0
2019-10-16 21:11:18,334 [grpc-default-executor-0] INFO  segmented.SegmentedRaftLogWorker (SegmentedRaftLogWorker.java:startLogSegment(385)) - 65da0c80-3604-4ac2-9a39-ee88d748a153@group-2E0D626E0A80-SegmentedRaftLogWorker: Starting segment from index:0
2019-10-16 21:11:18,360 [904f39be-c3d3-4df4-99c0-2e4526e577e3@group-2E0D626E0A80-SegmentedRaftLogWorker] INFO  segmented.SegmentedRaftLogWorker (SegmentedRaftLogWorker.java:execute(576)) - 904f39be-c3d3-4df4-99c0-2e4526e577e3@group-2E0D626E0A80-SegmentedRaftLogWorker: created new log segment /workdir/hadoop-ozone/integration-test/target/test-dir/MiniOzoneClusterImpl-5bbdf16d-a65b-4877-b412-d21df752c328/datanode-0/data/ratis/81e5e220-f29d-473b-934a-2e0d626e0a80/current/log_inprogress_0
2019-10-16 21:11:18,360 [52743044-8979-4a08-8013-92a14c548982@group-2E0D626E0A80-LeaderElection9] INFO  impl.LeaderElection (LeaderElection.java:askForVotes(178)) - 52743044-8979-4a08-8013-92a14c548982@group-2E0D626E0A80-LeaderElection9: begin an election at term 4 for -1: [904f39be-c3d3-4df4-99c0-2e4526e577e3:192.168.157.254:45339, 52743044-8979-4a08-8013-92a14c548982:192.168.157.254:36428, 65da0c80-3604-4ac2-9a39-ee88d748a153:192.168.157.254:37466], old=null
2019-10-16 21:11:18,367 [grpc-default-executor-0] INFO  impl.RaftServerImpl (ServerState.java:setLeader(256)) - 65da0c80-3604-4ac2-9a39-ee88d748a153@group-2E0D626E0A80: change Leader from 904f39be-c3d3-4df4-99c0-2e4526e577e3 to null at term 4 for updateCurrentTerm
2019-10-16 21:11:18,368 [grpc-default-executor-0] INFO  impl.RaftServerImpl (RaftServerImpl.java:setRole(184)) - 65da0c80-3604-4ac2-9a39-ee88d748a153@group-2E0D626E0A80: changes role from  FOLLOWER to FOLLOWER at term 4 for recognizeCandidate:52743044-8979-4a08-8013-92a14c548982
2019-10-16 21:11:18,368 [Thread-229] INFO  impl.RaftServerImpl (ServerState.java:setLeader(256)) - 904f39be-c3d3-4df4-99c0-2e4526e577e3@group-2E0D626E0A80: change Leader from 904f39be-c3d3-4df4-99c0-2e4526e577e3 to null at term 4 for updateCurrentTerm
2019-10-16 21:11:18,368 [grpc-default-executor-0] INFO  impl.RoleInfo (RoleInfo.java:shutdownFollowerState(121)) - 65da0c80-3604-4ac2-9a39-ee88d748a153: shutdown FollowerState
2019-10-16 21:11:18,369 [Thread-229] INFO  impl.RaftServerImpl (RaftServerImpl.java:setRole(184)) - 904f39be-c3d3-4df4-99c0-2e4526e577e3@group-2E0D626E0A80: changes role from    LEADER to FOLLOWER at term 4 for stepDown
2019-10-16 21:11:18,369 [grpc-default-executor-0] INFO  impl.RoleInfo (RoleInfo.java:updateAndGet(143)) - 65da0c80-3604-4ac2-9a39-ee88d748a153: start FollowerState
2019-10-16 21:11:18,369 [Thread-229] INFO  impl.RoleInfo (RoleInfo.java:shutdownLeaderState(104)) - 904f39be-c3d3-4df4-99c0-2e4526e577e3: shutdown LeaderState
2019-10-16 21:11:18,371 [org.apache.ratis.server.impl.LogAppender$AppenderDaemon$$Lambda$408/1186774663@2d35915e] WARN  server.GrpcLogAppender (GrpcLogAppender.java:mayWait(149)) - 904f39be-c3d3-4df4-99c0-2e4526e577e3@group-2E0D626E0A80->65da0c80-3604-4ac2-9a39-ee88d748a153-GrpcLogAppender: Wait interrupted by java.lang.InterruptedException
2019-10-16 21:11:18,371 [org.apache.ratis.server.impl.LogAppender$AppenderDaemon$$Lambda$408/1186774663@1287372c] WARN  server.GrpcLogAppender (GrpcLogAppender.java:mayWait(149)) - 904f39be-c3d3-4df4-99c0-2e4526e577e3@group-2E0D626E0A80->52743044-8979-4a08-8013-92a14c548982-GrpcLogAppender: Wait interrupted by java.lang.InterruptedException
2019-10-16 21:11:18,372 [Thread-229] INFO  impl.PendingRequests (PendingRequests.java:sendNotLeaderResponses(202)) - 904f39be-c3d3-4df4-99c0-2e4526e577e3@group-2E0D626E0A80-PendingRequests: sendNotLeaderResponses
2019-10-16 21:11:18,373 [grpc-default-executor-3] INFO  server.GrpcServerProtocolService (GrpcServerProtocolService.java:onCompleted(113)) - 52743044-8979-4a08-8013-92a14c548982: Completed APPEND_ENTRIES, lastRequest: 904f39be-c3d3-4df4-99c0-2e4526e577e3->52743044-8979-4a08-8013-92a14c548982#0-t3, previous=(t:0, i:0), leaderCommit=-1, initializing? false, entries: <empty>
2019-10-16 21:11:18,374 [grpc-default-executor-2] INFO  server.GrpcServerProtocolService (GrpcServerProtocolService.java:onCompleted(113)) - 65da0c80-3604-4ac2-9a39-ee88d748a153: Completed APPEND_ENTRIES, lastRequest: 904f39be-c3d3-4df4-99c0-2e4526e577e3->65da0c80-3604-4ac2-9a39-ee88d748a153#1-t3, previous=(t:0, i:0), leaderCommit=-1, initializing? false, entries: size=1, first=(t:3, i:0), CONFIGURATIONENTRY
2019-10-16 21:11:18,375 [Thread-229] INFO  impl.RoleInfo (RoleInfo.java:updateAndGet(143)) - 904f39be-c3d3-4df4-99c0-2e4526e577e3: start FollowerState
2019-10-16 21:11:18,376 [grpc-default-executor-2] INFO  server.GrpcLogAppender (GrpcLogAppender.java:onCompleted(308)) - 904f39be-c3d3-4df4-99c0-2e4526e577e3@group-2E0D626E0A80->52743044-8979-4a08-8013-92a14c548982-AppendLogResponseHandler: follower responses appendEntries COMPLETED
2019-10-16 21:11:18,378 [grpc-default-executor-3] INFO  server.GrpcLogAppender (GrpcLogAppender.java:onCompleted(308)) - 904f39be-c3d3-4df4-99c0-2e4526e577e3@group-2E0D626E0A80->65da0c80-3604-4ac2-9a39-ee88d748a153-AppendLogResponseHandler: follower responses appendEntries COMPLETED
2019-10-16 21:11:18,380 [grpc-default-executor-2] INFO  impl.FollowerInfo (FollowerInfo.java:lambda$new$0(51)) - 904f39be-c3d3-4df4-99c0-2e4526e577e3@group-2E0D626E0A80->52743044-8979-4a08-8013-92a14c548982: nextIndex: updateUnconditionally 0 -> 0
2019-10-16 21:11:18,380 [grpc-default-executor-3] INFO  impl.FollowerInfo (FollowerInfo.java:lambda$new$0(51)) - 904f39be-c3d3-4df4-99c0-2e4526e577e3@group-2E0D626E0A80->65da0c80-3604-4ac2-9a39-ee88d748a153: nextIndex: updateUnconditionally 1 -> 0
2019-10-16 21:11:18,465 [65da0c80-3604-4ac2-9a39-ee88d748a153@group-2E0D626E0A80-SegmentedRaftLogWorker] INFO  segmented.SegmentedRaftLogWorker (SegmentedRaftLogWorker.java:execute(576)) - 65da0c80-3604-4ac2-9a39-ee88d748a153@group-2E0D626E0A80-SegmentedRaftLogWorker: created new log segment /workdir/hadoop-ozone/integration-test/target/test-dir/MiniOzoneClusterImpl-5bbdf16d-a65b-4877-b412-d21df752c328/datanode-1/data/ratis/81e5e220-f29d-473b-934a-2e0d626e0a80/current/log_inprogress_0
2019-10-16 21:11:18,465 [grpc-default-executor-1] INFO  impl.RaftServerImpl (RaftServerImpl.java:setRole(184)) - 904f39be-c3d3-4df4-99c0-2e4526e577e3@group-2E0D626E0A80: changes role from  FOLLOWER to FOLLOWER at term 4 for recognizeCandidate:52743044-8979-4a08-8013-92a14c548982
2019-10-16 21:11:18,467 [grpc-default-executor-1] INFO  impl.RoleInfo (RoleInfo.java:shutdownFollowerState(121)) - 904f39be-c3d3-4df4-99c0-2e4526e577e3: shutdown FollowerState
2019-10-16 21:11:18,468 [Thread-238] INFO  impl.FollowerState (FollowerState.java:run(117)) - 904f39be-c3d3-4df4-99c0-2e4526e577e3@group-2E0D626E0A80-FollowerState was interrupted: java.lang.InterruptedException: sleep interrupted
2019-10-16 21:11:18,468 [grpc-default-executor-1] INFO  impl.RoleInfo (RoleInfo.java:updateAndGet(143)) - 904f39be-c3d3-4df4-99c0-2e4526e577e3: start FollowerState
2019-10-16 21:11:18,469 [52743044-8979-4a08-8013-92a14c548982@group-2E0D626E0A80-LeaderElection9] INFO  impl.LeaderElection (LeaderElection.java:logAndReturn(56)) - 52743044-8979-4a08-8013-92a14c548982@group-2E0D626E0A80-LeaderElection9: Election TIMEOUT; received 0 response(s) [] and 0 exception(s); 52743044-8979-4a08-8013-92a14c548982@group-2E0D626E0A80:t4, leader=null, voted=52743044-8979-4a08-8013-92a14c548982, raftlog=52743044-8979-4a08-8013-92a14c548982@group-2E0D626E0A80-SegmentedRaftLog:OPENED:c-1,f-1,i0, conf=-1: [904f39be-c3d3-4df4-99c0-2e4526e577e3:192.168.157.254:45339, 52743044-8979-4a08-8013-92a14c548982:192.168.157.254:36428, 65da0c80-3604-4ac2-9a39-ee88d748a153:192.168.157.254:37466], old=null
2019-10-16 21:11:18,531 [52743044-8979-4a08-8013-92a14c548982@group-2E0D626E0A80-LeaderElection9] INFO  impl.LeaderElection (LeaderElection.java:askForVotes(178)) - 52743044-8979-4a08-8013-92a14c548982@group-2E0D626E0A80-LeaderElection9: begin an election at term 5 for -1: [904f39be-c3d3-4df4-99c0-2e4526e577e3:192.168.157.254:45339, 52743044-8979-4a08-8013-92a14c548982:192.168.157.254:36428, 65da0c80-3604-4ac2-9a39-ee88d748a153:192.168.157.254:37466], old=null
2019-10-16 21:11:18,536 [grpc-default-executor-1] INFO  impl.RaftServerImpl (RaftServerImpl.java:setRole(184)) - 904f39be-c3d3-4df4-99c0-2e4526e577e3@group-2E0D626E0A80: changes role from  FOLLOWER to FOLLOWER at term 5 for recognizeCandidate:52743044-8979-4a08-8013-92a14c548982
2019-10-16 21:11:18,538 [grpc-default-executor-1] INFO  impl.RoleInfo (RoleInfo.java:shutdownFollowerState(121)) - 904f39be-c3d3-4df4-99c0-2e4526e577e3: shutdown FollowerState
2019-10-16 21:11:18,538 [Thread-239] INFO  impl.FollowerState (FollowerState.java:run(117)) - 904f39be-c3d3-4df4-99c0-2e4526e577e3@group-2E0D626E0A80-FollowerState was interrupted: java.lang.InterruptedException: sleep interrupted
2019-10-16 21:11:18,538 [grpc-default-executor-1] INFO  impl.RoleInfo (RoleInfo.java:updateAndGet(143)) - 904f39be-c3d3-4df4-99c0-2e4526e577e3: start FollowerState
2019-10-16 21:11:18,539 [grpc-default-executor-0] INFO  impl.RaftServerImpl (RaftServerImpl.java:setRole(184)) - 65da0c80-3604-4ac2-9a39-ee88d748a153@group-2E0D626E0A80: changes role from  FOLLOWER to FOLLOWER at term 5 for recognizeCandidate:52743044-8979-4a08-8013-92a14c548982
2019-10-16 21:11:18,539 [grpc-default-executor-0] INFO  impl.RoleInfo (RoleInfo.java:shutdownFollowerState(121)) - 65da0c80-3604-4ac2-9a39-ee88d748a153: shutdown FollowerState
2019-10-16 21:11:18,540 [Thread-237] INFO  impl.FollowerState (FollowerState.java:run(117)) - 65da0c80-3604-4ac2-9a39-ee88d748a153@group-2E0D626E0A80-FollowerState was interrupted: java.lang.InterruptedException: sleep interrupted
2019-10-16 21:11:18,540 [grpc-default-executor-0] INFO  impl.RoleInfo (RoleInfo.java:updateAndGet(143)) - 65da0c80-3604-4ac2-9a39-ee88d748a153: start FollowerState
2019-10-16 21:11:18,599 [52743044-8979-4a08-8013-92a14c548982@group-2E0D626E0A80-LeaderElection9] INFO  impl.LeaderElection (LeaderElection.java:logAndReturn(56)) - 52743044-8979-4a08-8013-92a14c548982@group-2E0D626E0A80-LeaderElection9: Election TIMEOUT; received 0 response(s) [] and 0 exception(s); 52743044-8979-4a08-8013-92a14c548982@group-2E0D626E0A80:t5, leader=null, voted=52743044-8979-4a08-8013-92a14c548982, raftlog=52743044-8979-4a08-8013-92a14c548982@group-2E0D626E0A80-SegmentedRaftLog:OPENED:c-1,f-1,i0, conf=-1: [904f39be-c3d3-4df4-99c0-2e4526e577e3:192.168.157.254:45339, 52743044-8979-4a08-8013-92a14c548982:192.168.157.254:36428, 65da0c80-3604-4ac2-9a39-ee88d748a153:192.168.157.254:37466], old=null
2019-10-16 21:11:18,667 [52743044-8979-4a08-8013-92a14c548982@group-2E0D626E0A80-LeaderElection9] INFO  impl.LeaderElection (LeaderElection.java:askForVotes(178)) - 52743044-8979-4a08-8013-92a14c548982@group-2E0D626E0A80-LeaderElection9: begin an election at term 6 for -1: [904f39be-c3d3-4df4-99c0-2e4526e577e3:192.168.157.254:45339, 52743044-8979-4a08-8013-92a14c548982:192.168.157.254:36428, 65da0c80-3604-4ac2-9a39-ee88d748a153:192.168.157.254:37466], old=null
2019-10-16 21:11:18,672 [grpc-default-executor-0] INFO  impl.RaftServerImpl (RaftServerImpl.java:setRole(184)) - 904f39be-c3d3-4df4-99c0-2e4526e577e3@group-2E0D626E0A80: changes role from  FOLLOWER to FOLLOWER at term 6 for recognizeCandidate:52743044-8979-4a08-8013-92a14c548982
2019-10-16 21:11:18,673 [grpc-default-executor-0] INFO  impl.RoleInfo (RoleInfo.java:shutdownFollowerState(121)) - 904f39be-c3d3-4df4-99c0-2e4526e577e3: shutdown FollowerState
2019-10-16 21:11:18,673 [Thread-243] INFO  impl.FollowerState (FollowerState.java:run(117)) - 904f39be-c3d3-4df4-99c0-2e4526e577e3@group-2E0D626E0A80-FollowerState was interrupted: java.lang.InterruptedException: sleep interrupted
2019-10-16 21:11:18,673 [grpc-default-executor-0] INFO  impl.RoleInfo (RoleInfo.java:updateAndGet(143)) - 904f39be-c3d3-4df4-99c0-2e4526e577e3: start FollowerState
2019-10-16 21:11:18,675 [grpc-default-executor-1] INFO  impl.RaftServerImpl (RaftServerImpl.java:setRole(184)) - 65da0c80-3604-4ac2-9a39-ee88d748a153@group-2E0D626E0A80: changes role from  FOLLOWER to FOLLOWER at term 6 for recognizeCandidate:52743044-8979-4a08-8013-92a14c548982
2019-10-16 21:11:18,675 [grpc-default-executor-1] INFO  impl.RoleInfo (RoleInfo.java:shutdownFollowerState(121)) - 65da0c80-3604-4ac2-9a39-ee88d748a153: shutdown FollowerState
2019-10-16 21:11:18,676 [Thread-244] INFO  impl.FollowerState (FollowerState.java:run(117)) - 65da0c80-3604-4ac2-9a39-ee88d748a153@group-2E0D626E0A80-FollowerState was interrupted: java.lang.InterruptedException: sleep interrupted
2019-10-16 21:11:18,676 [grpc-default-executor-1] INFO  impl.RoleInfo (RoleInfo.java:updateAndGet(143)) - 65da0c80-3604-4ac2-9a39-ee88d748a153: start FollowerState
2019-10-16 21:11:18,695 [52743044-8979-4a08-8013-92a14c548982@group-2E0D626E0A80-LeaderElection9] INFO  impl.LeaderElection (LeaderElection.java:logAndReturn(56)) - 52743044-8979-4a08-8013-92a14c548982@group-2E0D626E0A80-LeaderElection9: Election TIMEOUT; received 0 response(s) [] and 0 exception(s); 52743044-8979-4a08-8013-92a14c548982@group-2E0D626E0A80:t6, leader=null, voted=52743044-8979-4a08-8013-92a14c548982, raftlog=52743044-8979-4a08-8013-92a14c548982@group-2E0D626E0A80-SegmentedRaftLog:OPENED:c-1,f-1,i0, conf=-1: [904f39be-c3d3-4df4-99c0-2e4526e577e3:192.168.157.254:45339, 52743044-8979-4a08-8013-92a14c548982:192.168.157.254:36428, 65da0c80-3604-4ac2-9a39-ee88d748a153:192.168.157.254:37466], old=null
2019-10-16 21:11:18,756 [52743044-8979-4a08-8013-92a14c548982@group-2E0D626E0A80-LeaderElection9] INFO  impl.LeaderElection (LeaderElection.java:askForVotes(178)) - 52743044-8979-4a08-8013-92a14c548982@group-2E0D626E0A80-LeaderElection9: begin an election at term 7 for -1: [904f39be-c3d3-4df4-99c0-2e4526e577e3:192.168.157.254:45339, 52743044-8979-4a08-8013-92a14c548982:192.168.157.254:36428, 65da0c80-3604-4ac2-9a39-ee88d748a153:192.168.157.254:37466], old=null
2019-10-16 21:11:18,761 [grpc-default-executor-1] INFO  impl.RaftServerImpl (RaftServerImpl.java:setRole(184)) - 65da0c80-3604-4ac2-9a39-ee88d748a153@group-2E0D626E0A80: changes role from  FOLLOWER to FOLLOWER at term 7 for recognizeCandidate:52743044-8979-4a08-8013-92a14c548982
2019-10-16 21:11:18,763 [grpc-default-executor-1] INFO  impl.RoleInfo (RoleInfo.java:shutdownFollowerState(121)) - 65da0c80-3604-4ac2-9a39-ee88d748a153: shutdown FollowerState
2019-10-16 21:11:18,763 [Thread-248] INFO  impl.FollowerState (FollowerState.java:run(117)) - 65da0c80-3604-4ac2-9a39-ee88d748a153@group-2E0D626E0A80-FollowerState was interrupted: java.lang.InterruptedException: sleep interrupted
2019-10-16 21:11:18,763 [grpc-default-executor-0] INFO  impl.RaftServerImpl (RaftServerImpl.java:setRole(184)) - 904f39be-c3d3-4df4-99c0-2e4526e577e3@group-2E0D626E0A80: changes role from  FOLLOWER to FOLLOWER at term 7 for recognizeCandidate:52743044-8979-4a08-8013-92a14c548982
2019-10-16 21:11:18,763 [grpc-default-executor-1] INFO  impl.RoleInfo (RoleInfo.java:updateAndGet(143)) - 65da0c80-3604-4ac2-9a39-ee88d748a153: start FollowerState
2019-10-16 21:11:18,764 [grpc-default-executor-0] INFO  impl.RoleInfo (RoleInfo.java:shutdownFollowerState(121)) - 904f39be-c3d3-4df4-99c0-2e4526e577e3: shutdown FollowerState
2019-10-16 21:11:18,764 [grpc-default-executor-0] INFO  impl.RoleInfo (RoleInfo.java:updateAndGet(143)) - 904f39be-c3d3-4df4-99c0-2e4526e577e3: start FollowerState
2019-10-16 21:11:18,764 [Thread-247] INFO  impl.FollowerState (FollowerState.java:run(117)) - 904f39be-c3d3-4df4-99c0-2e4526e577e3@group-2E0D626E0A80-FollowerState was interrupted: java.lang.InterruptedException: sleep interrupted
2019-10-16 21:11:18,872 [52743044-8979-4a08-8013-92a14c548982@group-2E0D626E0A80-LeaderElection9] INFO  impl.LeaderElection (LeaderElection.java:logAndReturn(56)) - 52743044-8979-4a08-8013-92a14c548982@group-2E0D626E0A80-LeaderElection9: Election REJECTED; received 2 response(s) [52743044-8979-4a08-8013-92a14c548982<-904f39be-c3d3-4df4-99c0-2e4526e577e3#0:FAIL-t7, 52743044-8979-4a08-8013-92a14c548982<-65da0c80-3604-4ac2-9a39-ee88d748a153#0:FAIL-t7] and 0 exception(s); 52743044-8979-4a08-8013-92a14c548982@group-2E0D626E0A80:t7, leader=null, voted=52743044-8979-4a08-8013-92a14c548982, raftlog=52743044-8979-4a08-8013-92a14c548982@group-2E0D626E0A80-SegmentedRaftLog:OPENED:c-1,f-1,i0, conf=-1: [904f39be-c3d3-4df4-99c0-2e4526e577e3:192.168.157.254:45339, 52743044-8979-4a08-8013-92a14c548982:192.168.157.254:36428, 65da0c80-3604-4ac2-9a39-ee88d748a153:192.168.157.254:37466], old=null
2019-10-16 21:11:18,873 [52743044-8979-4a08-8013-92a14c548982@group-2E0D626E0A80-LeaderElection9] INFO  impl.RaftServerImpl (RaftServerImpl.java:setRole(184)) - 52743044-8979-4a08-8013-92a14c548982@group-2E0D626E0A80: changes role from CANDIDATE to FOLLOWER at term 7 for DISCOVERED_A_NEW_TERM
2019-10-16 21:11:18,874 [52743044-8979-4a08-8013-92a14c548982@group-2E0D626E0A80-LeaderElection9] INFO  impl.RoleInfo (RoleInfo.java:shutdownLeaderElection(134)) - 52743044-8979-4a08-8013-92a14c548982: shutdown LeaderElection
2019-10-16 21:11:18,874 [52743044-8979-4a08-8013-92a14c548982@group-2E0D626E0A80-LeaderElection9] INFO  impl.RoleInfo (RoleInfo.java:updateAndGet(143)) - 52743044-8979-4a08-8013-92a14c548982: start FollowerState
2019-10-16 21:11:18,931 [Thread-253] INFO  impl.FollowerState (FollowerState.java:run(108)) - 52743044-8979-4a08-8013-92a14c548982@group-2E0D626E0A80-FollowerState: change to CANDIDATE, lastRpcTime:56ms, electionTimeout:56ms
2019-10-16 21:11:18,932 [Thread-253] INFO  impl.RoleInfo (RoleInfo.java:shutdownFollowerState(121)) - 52743044-8979-4a08-8013-92a14c548982: shutdown FollowerState
2019-10-16 21:11:18,932 [Thread-253] INFO  impl.RaftServerImpl (RaftServerImpl.java:setRole(184)) - 52743044-8979-4a08-8013-92a14c548982@group-2E0D626E0A80: changes role from  FOLLOWER to CANDIDATE at term 7 for changeToCandidate
2019-10-16 21:11:18,932 [Thread-253] INFO  impl.RoleInfo (RoleInfo.java:updateAndGet(143)) - 52743044-8979-4a08-8013-92a14c548982: start LeaderElection
2019-10-16 21:11:18,983 [52743044-8979-4a08-8013-92a14c548982@group-2E0D626E0A80-LeaderElection10] INFO  impl.LeaderElection (LeaderElection.java:askForVotes(178)) - 52743044-8979-4a08-8013-92a14c548982@group-2E0D626E0A80-LeaderElection10: begin an election at term 8 for -1: [904f39be-c3d3-4df4-99c0-2e4526e577e3:192.168.157.254:45339, 52743044-8979-4a08-8013-92a14c548982:192.168.157.254:36428, 65da0c80-3604-4ac2-9a39-ee88d748a153:192.168.157.254:37466], old=null
2019-10-16 21:11:19,000 [grpc-default-executor-1] INFO  impl.RaftServerImpl (RaftServerImpl.java:setRole(184)) - 65da0c80-3604-4ac2-9a39-ee88d748a153@group-2E0D626E0A80: changes role from  FOLLOWER to FOLLOWER at term 8 for recognizeCandidate:52743044-8979-4a08-8013-92a14c548982
2019-10-16 21:11:19,000 [grpc-default-executor-1] INFO  impl.RoleInfo (RoleInfo.java:shutdownFollowerState(121)) - 65da0c80-3604-4ac2-9a39-ee88d748a153: shutdown FollowerState
2019-10-16 21:11:19,000 [grpc-default-executor-0] INFO  impl.RaftServerImpl (RaftServerImpl.java:setRole(184)) - 904f39be-c3d3-4df4-99c0-2e4526e577e3@group-2E0D626E0A80: changes role from  FOLLOWER to FOLLOWER at term 8 for recognizeCandidate:52743044-8979-4a08-8013-92a14c548982
2019-10-16 21:11:19,000 [grpc-default-executor-1] INFO  impl.RoleInfo (RoleInfo.java:updateAndGet(143)) - 65da0c80-3604-4ac2-9a39-ee88d748a153: start FollowerState
2019-10-16 21:11:19,000 [Thread-251] INFO  impl.FollowerState (FollowerState.java:run(117)) - 65da0c80-3604-4ac2-9a39-ee88d748a153@group-2E0D626E0A80-FollowerState was interrupted: java.lang.InterruptedException: sleep interrupted
2019-10-16 21:11:19,001 [grpc-default-executor-0] INFO  impl.RoleInfo (RoleInfo.java:shutdownFollowerState(121)) - 904f39be-c3d3-4df4-99c0-2e4526e577e3: shutdown FollowerState
2019-10-16 21:11:19,001 [Thread-252] INFO  impl.FollowerState (FollowerState.java:run(117)) - 904f39be-c3d3-4df4-99c0-2e4526e577e3@group-2E0D626E0A80-FollowerState was interrupted: java.lang.InterruptedException: sleep interrupted
2019-10-16 21:11:19,001 [grpc-default-executor-0] INFO  impl.RoleInfo (RoleInfo.java:updateAndGet(143)) - 904f39be-c3d3-4df4-99c0-2e4526e577e3: start FollowerState
2019-10-16 21:11:19,049 [52743044-8979-4a08-8013-92a14c548982@group-2E0D626E0A80-LeaderElection10] INFO  impl.LeaderElection (LeaderElection.java:logAndReturn(56)) - 52743044-8979-4a08-8013-92a14c548982@group-2E0D626E0A80-LeaderElection10: Election REJECTED; received 2 response(s) [52743044-8979-4a08-8013-92a14c548982<-904f39be-c3d3-4df4-99c0-2e4526e577e3#0:FAIL-t8, 52743044-8979-4a08-8013-92a14c548982<-65da0c80-3604-4ac2-9a39-ee88d748a153#0:FAIL-t8] and 0 exception(s); 52743044-8979-4a08-8013-92a14c548982@group-2E0D626E0A80:t8, leader=null, voted=52743044-8979-4a08-8013-92a14c548982, raftlog=52743044-8979-4a08-8013-92a14c548982@group-2E0D626E0A80-SegmentedRaftLog:OPENED:c-1,f-1,i0, conf=-1: [904f39be-c3d3-4df4-99c0-2e4526e577e3:192.168.157.254:45339, 52743044-8979-4a08-8013-92a14c548982:192.168.157.254:36428, 65da0c80-3604-4ac2-9a39-ee88d748a153:192.168.157.254:37466], old=null
2019-10-16 21:11:19,049 [52743044-8979-4a08-8013-92a14c548982@group-2E0D626E0A80-LeaderElection10] INFO  impl.RaftServerImpl (RaftServerImpl.java:setRole(184)) - 52743044-8979-4a08-8013-92a14c548982@group-2E0D626E0A80: changes role from CANDIDATE to FOLLOWER at term 8 for DISCOVERED_A_NEW_TERM
2019-10-16 21:11:19,051 [52743044-8979-4a08-8013-92a14c548982@group-2E0D626E0A80-LeaderElection10] INFO  impl.RoleInfo (RoleInfo.java:shutdownLeaderElection(134)) - 52743044-8979-4a08-8013-92a14c548982: shutdown LeaderElection
2019-10-16 21:11:19,051 [52743044-8979-4a08-8013-92a14c548982@group-2E0D626E0A80-LeaderElection10] INFO  impl.RoleInfo (RoleInfo.java:updateAndGet(143)) - 52743044-8979-4a08-8013-92a14c548982: start FollowerState
2019-10-16 21:11:19,077 [Thread-259] INFO  impl.FollowerState (FollowerState.java:run(108)) - 52743044-8979-4a08-8013-92a14c548982@group-2E0D626E0A80-FollowerState: change to CANDIDATE, lastRpcTime:26ms, electionTimeout:25ms
2019-10-16 21:11:19,078 [Thread-259] INFO  impl.RoleInfo (RoleInfo.java:shutdownFollowerState(121)) - 52743044-8979-4a08-8013-92a14c548982: shutdown FollowerState
2019-10-16 21:11:19,078 [Thread-259] INFO  impl.RaftServerImpl (RaftServerImpl.java:setRole(184)) - 52743044-8979-4a08-8013-92a14c548982@group-2E0D626E0A80: changes role from  FOLLOWER to CANDIDATE at term 8 for changeToCandidate
2019-10-16 21:11:19,078 [Thread-259] INFO  impl.RoleInfo (RoleInfo.java:updateAndGet(143)) - 52743044-8979-4a08-8013-92a14c548982: start LeaderElection
2019-10-16 21:11:19,158 [52743044-8979-4a08-8013-92a14c548982@group-2E0D626E0A80-LeaderElection11] INFO  impl.LeaderElection (LeaderElection.java:askForVotes(178)) - 52743044-8979-4a08-8013-92a14c548982@group-2E0D626E0A80-LeaderElection11: begin an election at term 9 for -1: [904f39be-c3d3-4df4-99c0-2e4526e577e3:192.168.157.254:45339, 52743044-8979-4a08-8013-92a14c548982:192.168.157.254:36428, 65da0c80-3604-4ac2-9a39-ee88d748a153:192.168.157.254:37466], old=null
2019-10-16 21:11:19,164 [grpc-default-executor-1] INFO  impl.RaftServerImpl (RaftServerImpl.java:setRole(184)) - 904f39be-c3d3-4df4-99c0-2e4526e577e3@group-2E0D626E0A80: changes role from  FOLLOWER to FOLLOWER at term 9 for recognizeCandidate:52743044-8979-4a08-8013-92a14c548982
2019-10-16 21:11:19,164 [grpc-default-executor-1] INFO  impl.RoleInfo (RoleInfo.java:shutdownFollowerState(121)) - 904f39be-c3d3-4df4-99c0-2e4526e577e3: shutdown FollowerState
2019-10-16 21:11:19,165 [Thread-258] INFO  impl.FollowerState (FollowerState.java:run(117)) - 904f39be-c3d3-4df4-99c0-2e4526e577e3@group-2E0D626E0A80-FollowerState was interrupted: java.lang.InterruptedException: sleep interrupted
2019-10-16 21:11:19,165 [grpc-default-executor-1] INFO  impl.RoleInfo (RoleInfo.java:updateAndGet(143)) - 904f39be-c3d3-4df4-99c0-2e4526e577e3: start FollowerState
2019-10-16 21:11:19,167 [grpc-default-executor-0] INFO  impl.RaftServerImpl (RaftServerImpl.java:setRole(184)) - 65da0c80-3604-4ac2-9a39-ee88d748a153@group-2E0D626E0A80: changes role from  FOLLOWER to FOLLOWER at term 9 for recognizeCandidate:52743044-8979-4a08-8013-92a14c548982
2019-10-16 21:11:19,167 [grpc-default-executor-0] INFO  impl.RoleInfo (RoleInfo.java:shutdownFollowerState(121)) - 65da0c80-3604-4ac2-9a39-ee88d748a153: shutdown FollowerState
2019-10-16 21:11:19,167 [Thread-257] INFO  impl.FollowerState (FollowerState.java:run(117)) - 65da0c80-3604-4ac2-9a39-ee88d748a153@group-2E0D626E0A80-FollowerState was interrupted: java.lang.InterruptedException: sleep interrupted
2019-10-16 21:11:19,167 [grpc-default-executor-0] INFO  impl.RoleInfo (RoleInfo.java:updateAndGet(143)) - 65da0c80-3604-4ac2-9a39-ee88d748a153: start FollowerState
2019-10-16 21:11:19,184 [main] INFO  ozone.MiniOzoneClusterImpl (MiniOzoneClusterImpl.java:lambda$waitForClusterToBeReady$2(164)) - Waiting for 1 number of pipelines out of 4, to report a leader.
2019-10-16 21:11:19,187 [Thread-178] INFO  container.ReplicationManager (ReplicationManager.java:start(162)) - Starting Replication Monitor Thread.
2019-10-16 21:11:19,189 [Thread-178] INFO  pipeline.SCMPipelineManager (SCMPipelineManager.java:finalizeAndDestroyPipeline(315)) - destroying pipeline:Pipeline[ Id: 81e5e220-f29d-473b-934a-2e0d626e0a80, Nodes: 904f39be-c3d3-4df4-99c0-2e4526e577e3{ip: 192.168.157.254, host: pr-hdds-1868-qdb9g-714931517, networkLocation: /default-rack, certSerialId: null}52743044-8979-4a08-8013-92a14c548982{ip: 192.168.157.254, host: pr-hdds-1868-qdb9g-714931517, networkLocation: /default-rack, certSerialId: null}65da0c80-3604-4ac2-9a39-ee88d748a153{ip: 192.168.157.254, host: pr-hdds-1868-qdb9g-714931517, networkLocation: /default-rack, certSerialId: null}, Type:RATIS, Factor:THREE, State:ALLOCATED]
2019-10-16 21:11:19,189 [ReplicationMonitor] INFO  container.ReplicationManager (ReplicationManager.java:run(225)) - Replication Monitor Thread took 1 milliseconds for processing 0 containers.
2019-10-16 21:11:19,189 [Thread-178] INFO  pipeline.PipelineStateManager (PipelineStateManager.java:finalizePipeline(123)) - Pipeline Pipeline[ Id: 81e5e220-f29d-473b-934a-2e0d626e0a80, Nodes: 904f39be-c3d3-4df4-99c0-2e4526e577e3{ip: 192.168.157.254, host: pr-hdds-1868-qdb9g-714931517, networkLocation: /default-rack, certSerialId: null}52743044-8979-4a08-8013-92a14c548982{ip: 192.168.157.254, host: pr-hdds-1868-qdb9g-714931517, networkLocation: /default-rack, certSerialId: null}65da0c80-3604-4ac2-9a39-ee88d748a153{ip: 192.168.157.254, host: pr-hdds-1868-qdb9g-714931517, networkLocation: /default-rack, certSerialId: null}, Type:RATIS, Factor:THREE, State:CLOSED] moved to CLOSED state
2019-10-16 21:11:19,209 [grpc-default-executor-3] INFO  impl.RaftServerProxy (RaftServerProxy.java:remove(95)) - 904f39be-c3d3-4df4-99c0-2e4526e577e3: remove  FOLLOWER 904f39be-c3d3-4df4-99c0-2e4526e577e3@group-2E0D626E0A80:t9, leader=null, voted=null, raftlog=904f39be-c3d3-4df4-99c0-2e4526e577e3@group-2E0D626E0A80-SegmentedRaftLog:OPENED:c-1,f0,i0, conf=0: [904f39be-c3d3-4df4-99c0-2e4526e577e3:192.168.157.254:45339, 52743044-8979-4a08-8013-92a14c548982:192.168.157.254:36428, 65da0c80-3604-4ac2-9a39-ee88d748a153:192.168.157.254:37466], old=null RUNNING
2019-10-16 21:11:19,213 [grpc-default-executor-3] INFO  impl.RaftServerImpl (RaftServerImpl.java:lambda$shutdown$3(261)) - 904f39be-c3d3-4df4-99c0-2e4526e577e3@group-2E0D626E0A80: shutdown
2019-10-16 21:11:19,213 [grpc-default-executor-3] INFO  util.JmxRegister (JmxRegister.java:unregister(73)) - Successfully un-registered JMX Bean with object name Ratis:service=RaftServer,group=group-2E0D626E0A80,id=904f39be-c3d3-4df4-99c0-2e4526e577e3
2019-10-16 21:11:19,213 [grpc-default-executor-3] INFO  impl.RoleInfo (RoleInfo.java:shutdownFollowerState(121)) - 904f39be-c3d3-4df4-99c0-2e4526e577e3: shutdown FollowerState
2019-10-16 21:11:19,214 [grpc-default-executor-3] INFO  impl.StateMachineUpdater (StateMachineUpdater.java:stopAndJoin(136)) - 904f39be-c3d3-4df4-99c0-2e4526e577e3@group-2E0D626E0A80-StateMachineUpdater: set stopIndex = -1
2019-10-16 21:11:19,214 [Thread-263] INFO  impl.FollowerState (FollowerState.java:run(117)) - 904f39be-c3d3-4df4-99c0-2e4526e577e3@group-2E0D626E0A80-FollowerState was interrupted: java.lang.InterruptedException: sleep interrupted
2019-10-16 21:11:19,215 [grpc-default-executor-3] INFO  impl.RaftServerImpl (ServerState.java:close(388)) - 904f39be-c3d3-4df4-99c0-2e4526e577e3@group-2E0D626E0A80: closes. applyIndex: -1
2019-10-16 21:11:19,219 [904f39be-c3d3-4df4-99c0-2e4526e577e3@group-2E0D626E0A80-SegmentedRaftLogWorker] INFO  segmented.SegmentedRaftLogWorker (SegmentedRaftLogWorker.java:run(316)) - 904f39be-c3d3-4df4-99c0-2e4526e577e3@group-2E0D626E0A80-SegmentedRaftLogWorker was interrupted, exiting. There are 0 tasks remaining in the queue.
2019-10-16 21:11:19,222 [grpc-default-executor-3] INFO  segmented.SegmentedRaftLogWorker (SegmentedRaftLogWorker.java:close(224)) - 904f39be-c3d3-4df4-99c0-2e4526e577e3@group-2E0D626E0A80-SegmentedRaftLogWorker close()
2019-10-16 21:11:19,234 [grpc-default-executor-1] WARN  util.FileUtils (LogUtils.java:runAndLog(55)) - Failed to Files.move /workdir/hadoop-ozone/integration-test/target/test-dir/MiniOzoneClusterImpl-5bbdf16d-a65b-4877-b412-d21df752c328/datanode-0/data/ratis/81e5e220-f29d-473b-934a-2e0d626e0a80/current/raft-meta.tmp to /workdir/hadoop-ozone/integration-test/target/test-dir/MiniOzoneClusterImpl-5bbdf16d-a65b-4877-b412-d21df752c328/datanode-0/data/ratis/81e5e220-f29d-473b-934a-2e0d626e0a80/current/raft-meta: java.nio.file.NoSuchFileException: /workdir/hadoop-ozone/integration-test/target/test-dir/MiniOzoneClusterImpl-5bbdf16d-a65b-4877-b412-d21df752c328/datanode-0/data/ratis/81e5e220-f29d-473b-934a-2e0d626e0a80/current/raft-meta.tmp
2019-10-16 21:11:19,234 [grpc-default-executor-1] WARN  util.AtomicFileOutputStream (AtomicFileOutputStream.java:abort(100)) - Unable to delete tmp file during abort /workdir/hadoop-ozone/integration-test/target/test-dir/MiniOzoneClusterImpl-5bbdf16d-a65b-4877-b412-d21df752c328/datanode-0/data/ratis/81e5e220-f29d-473b-934a-2e0d626e0a80/current/raft-meta.tmp
2019-10-16 21:11:19,237 [grpc-default-executor-1] WARN  server.GrpcServerProtocolService (LogUtils.java:warn(136)) - 904f39be-c3d3-4df4-99c0-2e4526e577e3: Failed requestVote 52743044-8979-4a08-8013-92a14c548982->904f39be-c3d3-4df4-99c0-2e4526e577e3#0
java.nio.file.NoSuchFileException: /workdir/hadoop-ozone/integration-test/target/test-dir/MiniOzoneClusterImpl-5bbdf16d-a65b-4877-b412-d21df752c328/datanode-0/data/ratis/81e5e220-f29d-473b-934a-2e0d626e0a80/current/raft-meta.tmp
	at sun.nio.fs.UnixException.translateToIOException(UnixException.java:86)
	at sun.nio.fs.UnixException.rethrowAsIOException(UnixException.java:102)
	at sun.nio.fs.UnixException.rethrowAsIOException(UnixException.java:107)
	at sun.nio.fs.UnixCopyFile.move(UnixCopyFile.java:409)
	at sun.nio.fs.UnixFileSystemProvider.move(UnixFileSystemProvider.java:262)
	at java.nio.file.Files.move(Files.java:1395)
	at org.apache.ratis.util.FileUtils.lambda$move$6(FileUtils.java:65)
	at org.apache.ratis.util.LogUtils.runAndLog(LogUtils.java:50)
	at org.apache.ratis.util.FileUtils.move(FileUtils.java:64)
	at org.apache.ratis.util.FileUtils.move(FileUtils.java:60)
	at org.apache.ratis.util.AtomicFileOutputStream.close(AtomicFileOutputStream.java:73)
	at org.apache.ratis.server.storage.MetaFile.writeFile(MetaFile.java:96)
	at org.apache.ratis.server.storage.MetaFile.set(MetaFile.java:75)
	at org.apache.ratis.server.raftlog.segmented.SegmentedRaftLog.writeMetadata(SegmentedRaftLog.java:473)
	at org.apache.ratis.server.impl.ServerState.persistMetadata(ServerState.java:231)
	at org.apache.ratis.server.impl.RaftServerImpl.requestVote(RaftServerImpl.java:788)
	at org.apache.ratis.server.impl.RaftServerImpl.requestVote(RaftServerImpl.java:754)
	at org.apache.ratis.server.impl.RaftServerProxy.requestVote(RaftServerProxy.java:443)
	at org.apache.ratis.grpc.server.GrpcServerProtocolService.requestVote(GrpcServerProtocolService.java:142)
	at org.apache.ratis.proto.grpc.RaftServerProtocolServiceGrpc$MethodHandlers.invoke(RaftServerProtocolServiceGrpc.java:319)
	at org.apache.ratis.thirdparty.io.grpc.stub.ServerCalls$UnaryServerCallHandler$UnaryServerCallListener.onHalfClose(ServerCalls.java:171)
	at org.apache.ratis.thirdparty.io.grpc.internal.ServerCallImpl$ServerStreamListenerImpl.halfClosed(ServerCallImpl.java:283)
	at org.apache.ratis.thirdparty.io.grpc.internal.ServerImpl$JumpToApplicationThreadServerStreamListener$1HalfClosed.runInContext(ServerImpl.java:710)
	at org.apache.ratis.thirdparty.io.grpc.internal.ContextRunnable.run(ContextRunnable.java:37)
	at org.apache.ratis.thirdparty.io.grpc.internal.SerializingExecutor.run(SerializingExecutor.java:123)
	at java.util.concurrent.ThreadPoolExecutor.runWorker(ThreadPoolExecutor.java:1149)
	at java.util.concurrent.ThreadPoolExecutor$Worker.run(ThreadPoolExecutor.java:624)
	at java.lang.Thread.run(Thread.java:748)
2019-10-16 21:11:19,245 [grpc-default-executor-0] INFO  impl.RaftServerProxy (RaftServerProxy.java:remove(95)) - 52743044-8979-4a08-8013-92a14c548982: remove CANDIDATE 52743044-8979-4a08-8013-92a14c548982@group-2E0D626E0A80:t9, leader=null, voted=52743044-8979-4a08-8013-92a14c548982, raftlog=52743044-8979-4a08-8013-92a14c548982@group-2E0D626E0A80-SegmentedRaftLog:OPENED:c-1,f-1,i0, conf=-1: [904f39be-c3d3-4df4-99c0-2e4526e577e3:192.168.157.254:45339, 52743044-8979-4a08-8013-92a14c548982:192.168.157.254:36428, 65da0c80-3604-4ac2-9a39-ee88d748a153:192.168.157.254:37466], old=null RUNNING
2019-10-16 21:11:19,246 [grpc-default-executor-0] INFO  impl.RaftServerImpl (RaftServerImpl.java:lambda$shutdown$3(261)) - 52743044-8979-4a08-8013-92a14c548982@group-2E0D626E0A80: shutdown
2019-10-16 21:11:19,246 [grpc-default-executor-0] INFO  util.JmxRegister (JmxRegister.java:unregister(73)) - Successfully un-registered JMX Bean with object name Ratis:service=RaftServer,group=group-2E0D626E0A80,id=52743044-8979-4a08-8013-92a14c548982
2019-10-16 21:11:19,246 [grpc-default-executor-0] INFO  impl.RoleInfo (RoleInfo.java:shutdownLeaderElection(134)) - 52743044-8979-4a08-8013-92a14c548982: shutdown LeaderElection
2019-10-16 21:11:19,246 [grpc-default-executor-0] INFO  impl.StateMachineUpdater (StateMachineUpdater.java:stopAndJoin(136)) - 52743044-8979-4a08-8013-92a14c548982@group-2E0D626E0A80-StateMachineUpdater: set stopIndex = -1
2019-10-16 21:11:19,249 [grpc-default-executor-0] INFO  impl.RaftServerImpl (ServerState.java:close(388)) - 52743044-8979-4a08-8013-92a14c548982@group-2E0D626E0A80: closes. applyIndex: -1
2019-10-16 21:11:19,249 [52743044-8979-4a08-8013-92a14c548982@group-2E0D626E0A80-SegmentedRaftLogWorker] INFO  segmented.SegmentedRaftLogWorker (SegmentedRaftLogWorker.java:run(316)) - 52743044-8979-4a08-8013-92a14c548982@group-2E0D626E0A80-SegmentedRaftLogWorker was interrupted, exiting. There are 0 tasks remaining in the queue.
2019-10-16 21:11:19,250 [grpc-default-executor-0] INFO  segmented.SegmentedRaftLogWorker (SegmentedRaftLogWorker.java:close(224)) - 52743044-8979-4a08-8013-92a14c548982@group-2E0D626E0A80-SegmentedRaftLogWorker close()
2019-10-16 21:11:19,267 [grpc-default-executor-0] INFO  impl.RaftServerProxy (RaftServerProxy.java:remove(95)) - 65da0c80-3604-4ac2-9a39-ee88d748a153: remove  FOLLOWER 65da0c80-3604-4ac2-9a39-ee88d748a153@group-2E0D626E0A80:t9, leader=null, voted=null, raftlog=65da0c80-3604-4ac2-9a39-ee88d748a153@group-2E0D626E0A80-SegmentedRaftLog:OPENED:c-1,f0,i0, conf=0: [904f39be-c3d3-4df4-99c0-2e4526e577e3:192.168.157.254:45339, 52743044-8979-4a08-8013-92a14c548982:192.168.157.254:36428, 65da0c80-3604-4ac2-9a39-ee88d748a153:192.168.157.254:37466], old=null RUNNING
2019-10-16 21:11:19,267 [grpc-default-executor-0] INFO  impl.RaftServerImpl (RaftServerImpl.java:lambda$shutdown$3(261)) - 65da0c80-3604-4ac2-9a39-ee88d748a153@group-2E0D626E0A80: shutdown
2019-10-16 21:11:19,267 [grpc-default-executor-0] INFO  util.JmxRegister (JmxRegister.java:unregister(73)) - Successfully un-registered JMX Bean with object name Ratis:service=RaftServer,group=group-2E0D626E0A80,id=65da0c80-3604-4ac2-9a39-ee88d748a153
2019-10-16 21:11:19,267 [grpc-default-executor-0] INFO  impl.RoleInfo (RoleInfo.java:shutdownFollowerState(121)) - 65da0c80-3604-4ac2-9a39-ee88d748a153: shutdown FollowerState
2019-10-16 21:11:19,268 [grpc-default-executor-0] INFO  impl.StateMachineUpdater (StateMachineUpdater.java:stopAndJoin(136)) - 65da0c80-3604-4ac2-9a39-ee88d748a153@group-2E0D626E0A80-StateMachineUpdater: set stopIndex = -1
2019-10-16 21:11:19,268 [Thread-264] INFO  impl.FollowerState (FollowerState.java:run(117)) - 65da0c80-3604-4ac2-9a39-ee88d748a153@group-2E0D626E0A80-FollowerState was interrupted: java.lang.InterruptedException: sleep interrupted
2019-10-16 21:11:19,268 [grpc-default-executor-0] INFO  impl.RaftServerImpl (ServerState.java:close(388)) - 65da0c80-3604-4ac2-9a39-ee88d748a153@group-2E0D626E0A80: closes. applyIndex: -1
2019-10-16 21:11:19,270 [65da0c80-3604-4ac2-9a39-ee88d748a153@group-2E0D626E0A80-SegmentedRaftLogWorker] INFO  segmented.SegmentedRaftLogWorker (SegmentedRaftLogWorker.java:run(316)) - 65da0c80-3604-4ac2-9a39-ee88d748a153@group-2E0D626E0A80-SegmentedRaftLogWorker was interrupted, exiting. There are 0 tasks remaining in the queue.
2019-10-16 21:11:19,271 [grpc-default-executor-0] INFO  segmented.SegmentedRaftLogWorker (SegmentedRaftLogWorker.java:close(224)) - 65da0c80-3604-4ac2-9a39-ee88d748a153@group-2E0D626E0A80-SegmentedRaftLogWorker close()
2019-10-16 21:11:19,278 [Thread-178] INFO  pipeline.PipelineStateManager (PipelineStateManager.java:removePipeline(108)) - Pipeline Pipeline[ Id: 81e5e220-f29d-473b-934a-2e0d626e0a80, Nodes: 904f39be-c3d3-4df4-99c0-2e4526e577e3{ip: 192.168.157.254, host: pr-hdds-1868-qdb9g-714931517, networkLocation: /default-rack, certSerialId: null}52743044-8979-4a08-8013-92a14c548982{ip: 192.168.157.254, host: pr-hdds-1868-qdb9g-714931517, networkLocation: /default-rack, certSerialId: null}65da0c80-3604-4ac2-9a39-ee88d748a153{ip: 192.168.157.254, host: pr-hdds-1868-qdb9g-714931517, networkLocation: /default-rack, certSerialId: null}, Type:RATIS, Factor:THREE, State:CLOSED] removed from db
2019-10-16 21:11:19,298 [grpc-default-executor-2] INFO  impl.RaftServerProxy (RaftServerProxy.java:addNew(89)) - 904f39be-c3d3-4df4-99c0-2e4526e577e3: addNew group-146C50BE7901:[904f39be-c3d3-4df4-99c0-2e4526e577e3:192.168.157.254:45339, 52743044-8979-4a08-8013-92a14c548982:192.168.157.254:36428, 65da0c80-3604-4ac2-9a39-ee88d748a153:192.168.157.254:37466] returns group-146C50BE7901:java.util.concurrent.CompletableFuture@3a774220[Not completed]
2019-10-16 21:11:19,298 [grpc-default-executor-0] INFO  impl.RaftServerProxy (RaftServerProxy.java:addNew(89)) - 52743044-8979-4a08-8013-92a14c548982: addNew group-146C50BE7901:[904f39be-c3d3-4df4-99c0-2e4526e577e3:192.168.157.254:45339, 52743044-8979-4a08-8013-92a14c548982:192.168.157.254:36428, 65da0c80-3604-4ac2-9a39-ee88d748a153:192.168.157.254:37466] returns group-146C50BE7901:java.util.concurrent.CompletableFuture@13a8cbd5[Not completed]
2019-10-16 21:11:19,298 [grpc-default-executor-3] INFO  impl.RaftServerProxy (RaftServerProxy.java:addNew(89)) - 65da0c80-3604-4ac2-9a39-ee88d748a153: addNew group-146C50BE7901:[904f39be-c3d3-4df4-99c0-2e4526e577e3:192.168.157.254:45339, 52743044-8979-4a08-8013-92a14c548982:192.168.157.254:36428, 65da0c80-3604-4ac2-9a39-ee88d748a153:192.168.157.254:37466] returns group-146C50BE7901:java.util.concurrent.CompletableFuture@3a23781f[Not completed]
2019-10-16 21:11:19,301 [pool-47-thread-1] INFO  impl.RaftServerImpl (RaftServerImpl.java:<init>(104)) - 52743044-8979-4a08-8013-92a14c548982: new RaftServerImpl for group-146C50BE7901:[904f39be-c3d3-4df4-99c0-2e4526e577e3:192.168.157.254:45339, 52743044-8979-4a08-8013-92a14c548982:192.168.157.254:36428, 65da0c80-3604-4ac2-9a39-ee88d748a153:192.168.157.254:37466] with ContainerStateMachine:uninitialized
2019-10-16 21:11:19,301 [pool-47-thread-1] INFO  server.RaftServerConfigKeys (ConfUtils.java:logGet(43)) - raft.server.rpc.timeout.min = 5s (custom)
2019-10-16 21:11:19,302 [pool-47-thread-1] INFO  server.RaftServerConfigKeys (ConfUtils.java:logGet(43)) - raft.server.rpc.timeout.max = 5200ms (custom)
2019-10-16 21:11:19,302 [pool-47-thread-1] INFO  server.RaftServerConfigKeys (ConfUtils.java:logGet(43)) - raft.server.rpcslowness.timeout = 120s (custom)
2019-10-16 21:11:19,302 [pool-47-thread-1] INFO  server.RaftServerConfigKeys (ConfUtils.java:logGet(43)) - raft.server.sleep.deviation.threshold = 300 (default)
2019-10-16 21:11:19,302 [pool-47-thread-1] INFO  server.RaftServerConfigKeys (ConfUtils.java:logGet(43)) - raft.server.log.appender.install.snapshot.enabled = false (custom)
2019-10-16 21:11:19,302 [pool-47-thread-1] INFO  impl.RaftServerImpl (ServerState.java:<init>(103)) - 52743044-8979-4a08-8013-92a14c548982@group-146C50BE7901: ConfigurationManager, init=-1: [904f39be-c3d3-4df4-99c0-2e4526e577e3:192.168.157.254:45339, 52743044-8979-4a08-8013-92a14c548982:192.168.157.254:36428, 65da0c80-3604-4ac2-9a39-ee88d748a153:192.168.157.254:37466], old=null, confs=<EMPTY_MAP>
2019-10-16 21:11:19,302 [pool-27-thread-1] INFO  impl.RaftServerImpl (RaftServerImpl.java:<init>(104)) - 904f39be-c3d3-4df4-99c0-2e4526e577e3: new RaftServerImpl for group-146C50BE7901:[904f39be-c3d3-4df4-99c0-2e4526e577e3:192.168.157.254:45339, 52743044-8979-4a08-8013-92a14c548982:192.168.157.254:36428, 65da0c80-3604-4ac2-9a39-ee88d748a153:192.168.157.254:37466] with ContainerStateMachine:uninitialized
2019-10-16 21:11:19,303 [pool-47-thread-1] INFO  server.RaftServerConfigKeys (ConfUtils.java:logGet(43)) - raft.server.storage.dir = [/workdir/hadoop-ozone/integration-test/target/test-dir/MiniOzoneClusterImpl-5bbdf16d-a65b-4877-b412-d21df752c328/datanode-2/data/ratis] (custom)
2019-10-16 21:11:19,303 [pool-27-thread-1] INFO  server.RaftServerConfigKeys (ConfUtils.java:logGet(43)) - raft.server.rpc.timeout.min = 5s (custom)
2019-10-16 21:11:19,303 [pool-27-thread-1] INFO  server.RaftServerConfigKeys (ConfUtils.java:logGet(43)) - raft.server.rpc.timeout.max = 5200ms (custom)
2019-10-16 21:11:19,303 [pool-47-thread-1] INFO  server.RaftServerConfigKeys (ConfUtils.java:logGet(43)) - raft.server.log.corruption.policy = EXCEPTION (default)
2019-10-16 21:11:19,303 [pool-27-thread-1] INFO  server.RaftServerConfigKeys (ConfUtils.java:logGet(43)) - raft.server.rpcslowness.timeout = 120s (custom)
2019-10-16 21:11:19,303 [pool-47-thread-1] INFO  storage.RaftStorageDirectory (RaftStorageDirectory.java:analyzeStorage(246)) - The storage directory /workdir/hadoop-ozone/integration-test/target/test-dir/MiniOzoneClusterImpl-5bbdf16d-a65b-4877-b412-d21df752c328/datanode-2/data/ratis/9f5a7b9b-6503-4dd3-80bb-146c50be7901 does not exist. Creating ...
2019-10-16 21:11:19,303 [pool-27-thread-1] INFO  server.RaftServerConfigKeys (ConfUtils.java:logGet(43)) - raft.server.sleep.deviation.threshold = 300 (default)
2019-10-16 21:11:19,303 [pool-37-thread-1] INFO  impl.RaftServerImpl (RaftServerImpl.java:<init>(104)) - 65da0c80-3604-4ac2-9a39-ee88d748a153: new RaftServerImpl for group-146C50BE7901:[904f39be-c3d3-4df4-99c0-2e4526e577e3:192.168.157.254:45339, 52743044-8979-4a08-8013-92a14c548982:192.168.157.254:36428, 65da0c80-3604-4ac2-9a39-ee88d748a153:192.168.157.254:37466] with ContainerStateMachine:uninitialized
2019-10-16 21:11:19,303 [pool-27-thread-1] INFO  server.RaftServerConfigKeys (ConfUtils.java:logGet(43)) - raft.server.log.appender.install.snapshot.enabled = false (custom)
2019-10-16 21:11:19,304 [pool-37-thread-1] INFO  server.RaftServerConfigKeys (ConfUtils.java:logGet(43)) - raft.server.rpc.timeout.min = 5s (custom)
2019-10-16 21:11:19,304 [pool-27-thread-1] INFO  impl.RaftServerImpl (ServerState.java:<init>(103)) - 904f39be-c3d3-4df4-99c0-2e4526e577e3@group-146C50BE7901: ConfigurationManager, init=-1: [904f39be-c3d3-4df4-99c0-2e4526e577e3:192.168.157.254:45339, 52743044-8979-4a08-8013-92a14c548982:192.168.157.254:36428, 65da0c80-3604-4ac2-9a39-ee88d748a153:192.168.157.254:37466], old=null, confs=<EMPTY_MAP>
2019-10-16 21:11:19,304 [pool-37-thread-1] INFO  server.RaftServerConfigKeys (ConfUtils.java:logGet(43)) - raft.server.rpc.timeout.max = 5200ms (custom)
2019-10-16 21:11:19,304 [pool-27-thread-1] INFO  server.RaftServerConfigKeys (ConfUtils.java:logGet(43)) - raft.server.storage.dir = [/workdir/hadoop-ozone/integration-test/target/test-dir/MiniOzoneClusterImpl-5bbdf16d-a65b-4877-b412-d21df752c328/datanode-0/data/ratis] (custom)
2019-10-16 21:11:19,304 [pool-37-thread-1] INFO  server.RaftServerConfigKeys (ConfUtils.java:logGet(43)) - raft.server.rpcslowness.timeout = 120s (custom)
2019-10-16 21:11:19,304 [pool-37-thread-1] INFO  server.RaftServerConfigKeys (ConfUtils.java:logGet(43)) - raft.server.sleep.deviation.threshold = 300 (default)
2019-10-16 21:11:19,304 [pool-27-thread-1] INFO  server.RaftServerConfigKeys (ConfUtils.java:logGet(43)) - raft.server.log.corruption.policy = EXCEPTION (default)
2019-10-16 21:11:19,305 [pool-37-thread-1] INFO  server.RaftServerConfigKeys (ConfUtils.java:logGet(43)) - raft.server.log.appender.install.snapshot.enabled = false (custom)
2019-10-16 21:11:19,305 [pool-27-thread-1] INFO  storage.RaftStorageDirectory (RaftStorageDirectory.java:analyzeStorage(246)) - The storage directory /workdir/hadoop-ozone/integration-test/target/test-dir/MiniOzoneClusterImpl-5bbdf16d-a65b-4877-b412-d21df752c328/datanode-0/data/ratis/9f5a7b9b-6503-4dd3-80bb-146c50be7901 does not exist. Creating ...
2019-10-16 21:11:19,305 [pool-37-thread-1] INFO  impl.RaftServerImpl (ServerState.java:<init>(103)) - 65da0c80-3604-4ac2-9a39-ee88d748a153@group-146C50BE7901: ConfigurationManager, init=-1: [904f39be-c3d3-4df4-99c0-2e4526e577e3:192.168.157.254:45339, 52743044-8979-4a08-8013-92a14c548982:192.168.157.254:36428, 65da0c80-3604-4ac2-9a39-ee88d748a153:192.168.157.254:37466], old=null, confs=<EMPTY_MAP>
2019-10-16 21:11:19,305 [pool-37-thread-1] INFO  server.RaftServerConfigKeys (ConfUtils.java:logGet(43)) - raft.server.storage.dir = [/workdir/hadoop-ozone/integration-test/target/test-dir/MiniOzoneClusterImpl-5bbdf16d-a65b-4877-b412-d21df752c328/datanode-1/data/ratis] (custom)
2019-10-16 21:11:19,305 [pool-37-thread-1] INFO  server.RaftServerConfigKeys (ConfUtils.java:logGet(43)) - raft.server.log.corruption.policy = EXCEPTION (default)
2019-10-16 21:11:19,306 [pool-37-thread-1] INFO  storage.RaftStorageDirectory (RaftStorageDirectory.java:analyzeStorage(246)) - The storage directory /workdir/hadoop-ozone/integration-test/target/test-dir/MiniOzoneClusterImpl-5bbdf16d-a65b-4877-b412-d21df752c328/datanode-1/data/ratis/9f5a7b9b-6503-4dd3-80bb-146c50be7901 does not exist. Creating ...
2019-10-16 21:11:19,309 [52743044-8979-4a08-8013-92a14c548982@group-2E0D626E0A80-LeaderElection11] INFO  impl.LeaderElection (LogUtils.java:infoOrTrace(149)) - 52743044-8979-4a08-8013-92a14c548982@group-2E0D626E0A80-LeaderElection11 got exception when requesting votes: {}
java.util.concurrent.ExecutionException: org.apache.ratis.thirdparty.io.grpc.StatusRuntimeException: INTERNAL: /workdir/hadoop-ozone/integration-test/target/test-dir/MiniOzoneClusterImpl-5bbdf16d-a65b-4877-b412-d21df752c328/datanode-0/data/ratis/81e5e220-f29d-473b-934a-2e0d626e0a80/current/raft-meta.tmp
	at java.util.concurrent.FutureTask.report(FutureTask.java:122)
	at java.util.concurrent.FutureTask.get(FutureTask.java:192)
	at org.apache.ratis.server.impl.LeaderElection.waitForResults(LeaderElection.java:259)
	at org.apache.ratis.server.impl.LeaderElection.askForVotes(LeaderElection.java:197)
	at org.apache.ratis.server.impl.LeaderElection.run(LeaderElection.java:133)
	at java.lang.Thread.run(Thread.java:748)
Caused by: org.apache.ratis.thirdparty.io.grpc.StatusRuntimeException: INTERNAL: /workdir/hadoop-ozone/integration-test/target/test-dir/MiniOzoneClusterImpl-5bbdf16d-a65b-4877-b412-d21df752c328/datanode-0/data/ratis/81e5e220-f29d-473b-934a-2e0d626e0a80/current/raft-meta.tmp
	at org.apache.ratis.thirdparty.io.grpc.stub.ClientCalls.toStatusRuntimeException(ClientCalls.java:233)
	at org.apache.ratis.thirdparty.io.grpc.stub.ClientCalls.getUnchecked(ClientCalls.java:214)
	at org.apache.ratis.thirdparty.io.grpc.stub.ClientCalls.blockingUnaryCall(ClientCalls.java:139)
	at org.apache.ratis.proto.grpc.RaftServerProtocolServiceGrpc$RaftServerProtocolServiceBlockingStub.requestVote(RaftServerProtocolServiceGrpc.java:265)
	at org.apache.ratis.grpc.server.GrpcServerProtocolClient.requestVote(GrpcServerProtocolClient.java:99)
	at org.apache.ratis.grpc.server.GrpcService.requestVote(GrpcService.java:204)
	at org.apache.ratis.server.impl.LeaderElection.lambda$submitRequests$1(LeaderElection.java:234)
	at java.util.concurrent.FutureTask.run(FutureTask.java:266)
	at java.util.concurrent.Executors$RunnableAdapter.call(Executors.java:511)
	at java.util.concurrent.FutureTask.run(FutureTask.java:266)
	at java.util.concurrent.ThreadPoolExecutor.runWorker(ThreadPoolExecutor.java:1149)
	at java.util.concurrent.ThreadPoolExecutor$Worker.run(ThreadPoolExecutor.java:624)
	... 1 more
2019-10-16 21:11:19,310 [52743044-8979-4a08-8013-92a14c548982@group-2E0D626E0A80-LeaderElection11] INFO  impl.LeaderElection (LeaderElection.java:logAndReturn(56)) - 52743044-8979-4a08-8013-92a14c548982@group-2E0D626E0A80-LeaderElection11: Election REJECTED; received 1 response(s) [52743044-8979-4a08-8013-92a14c548982<-65da0c80-3604-4ac2-9a39-ee88d748a153#0:FAIL-t9] and 1 exception(s); 52743044-8979-4a08-8013-92a14c548982@group-2E0D626E0A80:t9, leader=null, voted=52743044-8979-4a08-8013-92a14c548982, raftlog=52743044-8979-4a08-8013-92a14c548982@group-2E0D626E0A80-SegmentedRaftLog:CLOSED:c-1, conf=-1: [904f39be-c3d3-4df4-99c0-2e4526e577e3:192.168.157.254:45339, 52743044-8979-4a08-8013-92a14c548982:192.168.157.254:36428, 65da0c80-3604-4ac2-9a39-ee88d748a153:192.168.157.254:37466], old=null
2019-10-16 21:11:19,311 [52743044-8979-4a08-8013-92a14c548982@group-2E0D626E0A80-LeaderElection11] INFO  impl.LeaderElection (LogUtils.java:infoOrTrace(149)) -   Exception 0: {}
java.util.concurrent.ExecutionException: org.apache.ratis.thirdparty.io.grpc.StatusRuntimeException: INTERNAL: /workdir/hadoop-ozone/integration-test/target/test-dir/MiniOzoneClusterImpl-5bbdf16d-a65b-4877-b412-d21df752c328/datanode-0/data/ratis/81e5e220-f29d-473b-934a-2e0d626e0a80/current/raft-meta.tmp
	at java.util.concurrent.FutureTask.report(FutureTask.java:122)
	at java.util.concurrent.FutureTask.get(FutureTask.java:192)
	at org.apache.ratis.server.impl.LeaderElection.waitForResults(LeaderElection.java:259)
	at org.apache.ratis.server.impl.LeaderElection.askForVotes(LeaderElection.java:197)
	at org.apache.ratis.server.impl.LeaderElection.run(LeaderElection.java:133)
	at java.lang.Thread.run(Thread.java:748)
Caused by: org.apache.ratis.thirdparty.io.grpc.StatusRuntimeException: INTERNAL: /workdir/hadoop-ozone/integration-test/target/test-dir/MiniOzoneClusterImpl-5bbdf16d-a65b-4877-b412-d21df752c328/datanode-0/data/ratis/81e5e220-f29d-473b-934a-2e0d626e0a80/current/raft-meta.tmp
	at org.apache.ratis.thirdparty.io.grpc.stub.ClientCalls.toStatusRuntimeException(ClientCalls.java:233)
	at org.apache.ratis.thirdparty.io.grpc.stub.ClientCalls.getUnchecked(ClientCalls.java:214)
	at org.apache.ratis.thirdparty.io.grpc.stub.ClientCalls.blockingUnaryCall(ClientCalls.java:139)
	at org.apache.ratis.proto.grpc.RaftServerProtocolServiceGrpc$RaftServerProtocolServiceBlockingStub.requestVote(RaftServerProtocolServiceGrpc.java:265)
	at org.apache.ratis.grpc.server.GrpcServerProtocolClient.requestVote(GrpcServerProtocolClient.java:99)
	at org.apache.ratis.grpc.server.GrpcService.requestVote(GrpcService.java:204)
	at org.apache.ratis.server.impl.LeaderElection.lambda$submitRequests$1(LeaderElection.java:234)
	at java.util.concurrent.FutureTask.run(FutureTask.java:266)
	at java.util.concurrent.Executors$RunnableAdapter.call(Executors.java:511)
	at java.util.concurrent.FutureTask.run(FutureTask.java:266)
	at java.util.concurrent.ThreadPoolExecutor.runWorker(ThreadPoolExecutor.java:1149)
	at java.util.concurrent.ThreadPoolExecutor$Worker.run(ThreadPoolExecutor.java:624)
	... 1 more
2019-10-16 21:11:19,429 [pool-37-thread-1] INFO  storage.RaftStorageDirectory (RaftStorageDirectory.java:tryLock(328)) - Lock on /workdir/hadoop-ozone/integration-test/target/test-dir/MiniOzoneClusterImpl-5bbdf16d-a65b-4877-b412-d21df752c328/datanode-1/data/ratis/9f5a7b9b-6503-4dd3-80bb-146c50be7901/in_use.lock acquired by nodename 13572@pr-hdds-1868-qdb9g-714931517
2019-10-16 21:11:19,429 [pool-27-thread-1] INFO  storage.RaftStorageDirectory (RaftStorageDirectory.java:tryLock(328)) - Lock on /workdir/hadoop-ozone/integration-test/target/test-dir/MiniOzoneClusterImpl-5bbdf16d-a65b-4877-b412-d21df752c328/datanode-0/data/ratis/9f5a7b9b-6503-4dd3-80bb-146c50be7901/in_use.lock acquired by nodename 13572@pr-hdds-1868-qdb9g-714931517
2019-10-16 21:11:19,429 [pool-47-thread-1] INFO  storage.RaftStorageDirectory (RaftStorageDirectory.java:tryLock(328)) - Lock on /workdir/hadoop-ozone/integration-test/target/test-dir/MiniOzoneClusterImpl-5bbdf16d-a65b-4877-b412-d21df752c328/datanode-2/data/ratis/9f5a7b9b-6503-4dd3-80bb-146c50be7901/in_use.lock acquired by nodename 13572@pr-hdds-1868-qdb9g-714931517
2019-10-16 21:11:19,505 [pool-37-thread-1] INFO  storage.RaftStorage (RaftStorage.java:format(84)) - Storage directory /workdir/hadoop-ozone/integration-test/target/test-dir/MiniOzoneClusterImpl-5bbdf16d-a65b-4877-b412-d21df752c328/datanode-1/data/ratis/9f5a7b9b-6503-4dd3-80bb-146c50be7901 has been successfully formatted.
2019-10-16 21:11:19,505 [pool-47-thread-1] INFO  storage.RaftStorage (RaftStorage.java:format(84)) - Storage directory /workdir/hadoop-ozone/integration-test/target/test-dir/MiniOzoneClusterImpl-5bbdf16d-a65b-4877-b412-d21df752c328/datanode-2/data/ratis/9f5a7b9b-6503-4dd3-80bb-146c50be7901 has been successfully formatted.
2019-10-16 21:11:19,505 [pool-27-thread-1] INFO  storage.RaftStorage (RaftStorage.java:format(84)) - Storage directory /workdir/hadoop-ozone/integration-test/target/test-dir/MiniOzoneClusterImpl-5bbdf16d-a65b-4877-b412-d21df752c328/datanode-0/data/ratis/9f5a7b9b-6503-4dd3-80bb-146c50be7901 has been successfully formatted.
2019-10-16 21:11:19,506 [pool-37-thread-1] INFO  ratis.ContainerStateMachine (ContainerStateMachine.java:loadSnapshot(233)) - group-146C50BE7901: The snapshot info is null. Setting the last applied indexto:(t:0, i:~)
2019-10-16 21:11:19,506 [pool-27-thread-1] INFO  ratis.ContainerStateMachine (ContainerStateMachine.java:loadSnapshot(233)) - group-146C50BE7901: The snapshot info is null. Setting the last applied indexto:(t:0, i:~)
2019-10-16 21:11:19,506 [pool-47-thread-1] INFO  ratis.ContainerStateMachine (ContainerStateMachine.java:loadSnapshot(233)) - group-146C50BE7901: The snapshot info is null. Setting the last applied indexto:(t:0, i:~)
2019-10-16 21:11:19,506 [pool-27-thread-1] INFO  server.RaftServerConfigKeys (ConfUtils.java:logGet(43)) - raft.server.notification.no-leader.timeout = 120s (custom)
2019-10-16 21:11:19,506 [pool-37-thread-1] INFO  server.RaftServerConfigKeys (ConfUtils.java:logGet(43)) - raft.server.notification.no-leader.timeout = 120s (custom)
2019-10-16 21:11:19,507 [pool-27-thread-1] INFO  server.RaftServerConfigKeys (ConfUtils.java:logGet(43)) - raft.server.log.use.memory = false (default)
2019-10-16 21:11:19,506 [pool-47-thread-1] INFO  server.RaftServerConfigKeys (ConfUtils.java:logGet(43)) - raft.server.notification.no-leader.timeout = 120s (custom)
2019-10-16 21:11:19,507 [pool-27-thread-1] INFO  server.RaftServerConfigKeys (ConfUtils.java:logGet(43)) - raft.server.log.purge.gap = 1000000 (custom)
2019-10-16 21:11:19,507 [pool-37-thread-1] INFO  server.RaftServerConfigKeys (ConfUtils.java:logGet(43)) - raft.server.log.use.memory = false (default)
2019-10-16 21:11:19,507 [pool-27-thread-1] INFO  server.RaftServerConfigKeys (ConfUtils.java:logGet(43)) - raft.server.log.appender.buffer.byte-limit = 33554432 (custom)
2019-10-16 21:11:19,507 [pool-47-thread-1] INFO  server.RaftServerConfigKeys (ConfUtils.java:logGet(43)) - raft.server.log.use.memory = false (default)
2019-10-16 21:11:19,508 [pool-27-thread-1] INFO  server.RaftServerConfigKeys (ConfUtils.java:logGet(43)) - raft.server.log.segment.size.max = 1048576 (custom)
2019-10-16 21:11:19,507 [pool-37-thread-1] INFO  server.RaftServerConfigKeys (ConfUtils.java:logGet(43)) - raft.server.log.purge.gap = 1000000 (custom)
2019-10-16 21:11:19,508 [pool-27-thread-1] INFO  server.RaftServerConfigKeys (ConfUtils.java:logGet(43)) - raft.server.log.segment.cache.num.max = 2 (custom)
2019-10-16 21:11:19,508 [pool-47-thread-1] INFO  server.RaftServerConfigKeys (ConfUtils.java:logGet(43)) - raft.server.log.purge.gap = 1000000 (custom)
2019-10-16 21:11:19,508 [pool-27-thread-1] INFO  segmented.SegmentedRaftLogWorker (SegmentedRaftLogWorker.java:<init>(173)) - new 904f39be-c3d3-4df4-99c0-2e4526e577e3@group-146C50BE7901-SegmentedRaftLogWorker for RaftStorage:Storage Directory /workdir/hadoop-ozone/integration-test/target/test-dir/MiniOzoneClusterImpl-5bbdf16d-a65b-4877-b412-d21df752c328/datanode-0/data/ratis/9f5a7b9b-6503-4dd3-80bb-146c50be7901
2019-10-16 21:11:19,508 [pool-37-thread-1] INFO  server.RaftServerConfigKeys (ConfUtils.java:logGet(43)) - raft.server.log.appender.buffer.byte-limit = 33554432 (custom)
2019-10-16 21:11:19,508 [pool-27-thread-1] INFO  server.RaftServerConfigKeys (ConfUtils.java:logGet(43)) - raft.server.log.queue.byte-limit = 2147483647 (custom)
2019-10-16 21:11:19,508 [pool-47-thread-1] INFO  server.RaftServerConfigKeys (ConfUtils.java:logGet(43)) - raft.server.log.appender.buffer.byte-limit = 33554432 (custom)
2019-10-16 21:11:19,509 [pool-27-thread-1] INFO  server.RaftServerConfigKeys (ConfUtils.java:logGet(43)) - raft.server.log.queue.element-limit = 1024 (custom)
2019-10-16 21:11:19,509 [pool-37-thread-1] INFO  server.RaftServerConfigKeys (ConfUtils.java:logGet(43)) - raft.server.log.segment.size.max = 1048576 (custom)
2019-10-16 21:11:19,509 [pool-27-thread-1] INFO  server.RaftServerConfigKeys (ConfUtils.java:logGet(43)) - raft.server.log.segment.size.max = 1048576 (custom)
2019-10-16 21:11:19,509 [pool-47-thread-1] INFO  server.RaftServerConfigKeys (ConfUtils.java:logGet(43)) - raft.server.log.segment.size.max = 1048576 (custom)
2019-10-16 21:11:19,509 [pool-27-thread-1] INFO  server.RaftServerConfigKeys (ConfUtils.java:logGet(43)) - raft.server.log.preallocated.size = 16384 (custom)
2019-10-16 21:11:19,509 [pool-37-thread-1] INFO  server.RaftServerConfigKeys (ConfUtils.java:logGet(43)) - raft.server.log.segment.cache.num.max = 2 (custom)
2019-10-16 21:11:19,510 [pool-27-thread-1] INFO  server.RaftServerConfigKeys (ConfUtils.java:logGet(43)) - raft.server.log.write.buffer.size = 33554432 (custom)
2019-10-16 21:11:19,510 [pool-47-thread-1] INFO  server.RaftServerConfigKeys (ConfUtils.java:logGet(43)) - raft.server.log.segment.cache.num.max = 2 (custom)
2019-10-16 21:11:19,510 [pool-27-thread-1] INFO  server.RaftServerConfigKeys (ConfUtils.java:logGet(43)) - raft.server.log.force.sync.num = 128 (default)
2019-10-16 21:11:19,510 [pool-37-thread-1] INFO  segmented.SegmentedRaftLogWorker (SegmentedRaftLogWorker.java:<init>(173)) - new 65da0c80-3604-4ac2-9a39-ee88d748a153@group-146C50BE7901-SegmentedRaftLogWorker for RaftStorage:Storage Directory /workdir/hadoop-ozone/integration-test/target/test-dir/MiniOzoneClusterImpl-5bbdf16d-a65b-4877-b412-d21df752c328/datanode-1/data/ratis/9f5a7b9b-6503-4dd3-80bb-146c50be7901
2019-10-16 21:11:19,510 [pool-27-thread-1] INFO  server.RaftServerConfigKeys (ConfUtils.java:logGet(43)) - raft.server.log.statemachine.data.sync = true (default)
2019-10-16 21:11:19,510 [pool-47-thread-1] INFO  segmented.SegmentedRaftLogWorker (SegmentedRaftLogWorker.java:<init>(173)) - new 52743044-8979-4a08-8013-92a14c548982@group-146C50BE7901-SegmentedRaftLogWorker for RaftStorage:Storage Directory /workdir/hadoop-ozone/integration-test/target/test-dir/MiniOzoneClusterImpl-5bbdf16d-a65b-4877-b412-d21df752c328/datanode-2/data/ratis/9f5a7b9b-6503-4dd3-80bb-146c50be7901
2019-10-16 21:11:19,511 [pool-27-thread-1] INFO  server.RaftServerConfigKeys (ConfUtils.java:logGet(43)) - raft.server.log.statemachine.data.sync.timeout = 10s (default)
2019-10-16 21:11:19,510 [pool-37-thread-1] INFO  server.RaftServerConfigKeys (ConfUtils.java:logGet(43)) - raft.server.log.queue.byte-limit = 2147483647 (custom)
2019-10-16 21:11:19,511 [pool-27-thread-1] INFO  server.RaftServerConfigKeys (ConfUtils.java:logGet(43)) - raft.server.log.statemachine.data.sync.timeout.retry = -1 (default)
2019-10-16 21:11:19,511 [pool-47-thread-1] INFO  server.RaftServerConfigKeys (ConfUtils.java:logGet(43)) - raft.server.log.queue.byte-limit = 2147483647 (custom)
2019-10-16 21:11:19,511 [pool-37-thread-1] INFO  server.RaftServerConfigKeys (ConfUtils.java:logGet(43)) - raft.server.log.queue.element-limit = 1024 (custom)
2019-10-16 21:11:19,511 [pool-27-thread-1] INFO  server.RaftServerConfigKeys (ConfUtils.java:logGet(43)) - raft.server.log.statemachine.data.caching.enabled = true (custom)
2019-10-16 21:11:19,511 [pool-47-thread-1] INFO  server.RaftServerConfigKeys (ConfUtils.java:logGet(43)) - raft.server.log.queue.element-limit = 1024 (custom)
2019-10-16 21:11:19,511 [pool-37-thread-1] INFO  server.RaftServerConfigKeys (ConfUtils.java:logGet(43)) - raft.server.log.segment.size.max = 1048576 (custom)
2019-10-16 21:11:19,512 [pool-27-thread-1] INFO  segmented.SegmentedRaftLogWorker (SegmentedRaftLogWorker.java:lambda$new$0(128)) - 904f39be-c3d3-4df4-99c0-2e4526e577e3@group-146C50BE7901-SegmentedRaftLogWorker: flushIndex: setUnconditionally 0 -> -1
2019-10-16 21:11:19,512 [pool-47-thread-1] INFO  server.RaftServerConfigKeys (ConfUtils.java:logGet(43)) - raft.server.log.segment.size.max = 1048576 (custom)
2019-10-16 21:11:19,512 [pool-37-thread-1] INFO  server.RaftServerConfigKeys (ConfUtils.java:logGet(43)) - raft.server.log.preallocated.size = 16384 (custom)
2019-10-16 21:11:19,512 [pool-47-thread-1] INFO  server.RaftServerConfigKeys (ConfUtils.java:logGet(43)) - raft.server.log.preallocated.size = 16384 (custom)
2019-10-16 21:11:19,512 [pool-37-thread-1] INFO  server.RaftServerConfigKeys (ConfUtils.java:logGet(43)) - raft.server.log.write.buffer.size = 33554432 (custom)
2019-10-16 21:11:19,512 [pool-27-thread-1] INFO  server.RaftServerConfigKeys (ConfUtils.java:logGet(43)) - raft.server.snapshot.auto.trigger.enabled = true (custom)
2019-10-16 21:11:19,513 [pool-37-thread-1] INFO  server.RaftServerConfigKeys (ConfUtils.java:logGet(43)) - raft.server.log.force.sync.num = 128 (default)
2019-10-16 21:11:19,513 [pool-47-thread-1] INFO  server.RaftServerConfigKeys (ConfUtils.java:logGet(43)) - raft.server.log.write.buffer.size = 33554432 (custom)
2019-10-16 21:11:19,513 [pool-37-thread-1] INFO  server.RaftServerConfigKeys (ConfUtils.java:logGet(43)) - raft.server.log.statemachine.data.sync = true (default)
2019-10-16 21:11:19,513 [pool-27-thread-1] INFO  server.RaftServerConfigKeys (ConfUtils.java:logGet(43)) - raft.server.snapshot.auto.trigger.threshold = 10000 (custom)
2019-10-16 21:11:19,513 [pool-37-thread-1] INFO  server.RaftServerConfigKeys (ConfUtils.java:logGet(43)) - raft.server.log.statemachine.data.sync.timeout = 10s (default)
2019-10-16 21:11:19,513 [pool-47-thread-1] INFO  server.RaftServerConfigKeys (ConfUtils.java:logGet(43)) - raft.server.log.force.sync.num = 128 (default)
2019-10-16 21:11:19,514 [pool-37-thread-1] INFO  server.RaftServerConfigKeys (ConfUtils.java:logGet(43)) - raft.server.log.statemachine.data.sync.timeout.retry = -1 (default)
2019-10-16 21:11:19,513 [pool-27-thread-1] INFO  server.RaftServerConfigKeys (ConfUtils.java:logGet(43)) - raft.server.snapshot.retention.file.num = 5 (custom)
2019-10-16 21:11:19,514 [pool-47-thread-1] INFO  server.RaftServerConfigKeys (ConfUtils.java:logGet(43)) - raft.server.log.statemachine.data.sync = true (default)
2019-10-16 21:11:19,514 [pool-27-thread-1] INFO  server.RaftServerConfigKeys (ConfUtils.java:logGet(43)) - raft.server.retrycache.expirytime = 600000ms (custom)
2019-10-16 21:11:19,514 [pool-37-thread-1] INFO  server.RaftServerConfigKeys (ConfUtils.java:logGet(43)) - raft.server.log.statemachine.data.caching.enabled = true (custom)
2019-10-16 21:11:19,514 [pool-47-thread-1] INFO  server.RaftServerConfigKeys (ConfUtils.java:logGet(43)) - raft.server.log.statemachine.data.sync.timeout = 10s (default)
2019-10-16 21:11:19,515 [pool-47-thread-1] INFO  server.RaftServerConfigKeys (ConfUtils.java:logGet(43)) - raft.server.log.statemachine.data.sync.timeout.retry = -1 (default)
2019-10-16 21:11:19,515 [pool-37-thread-1] INFO  segmented.SegmentedRaftLogWorker (SegmentedRaftLogWorker.java:lambda$new$0(128)) - 65da0c80-3604-4ac2-9a39-ee88d748a153@group-146C50BE7901-SegmentedRaftLogWorker: flushIndex: setUnconditionally 0 -> -1
2019-10-16 21:11:19,515 [pool-47-thread-1] INFO  server.RaftServerConfigKeys (ConfUtils.java:logGet(43)) - raft.server.log.statemachine.data.caching.enabled = true (custom)
2019-10-16 21:11:19,515 [pool-37-thread-1] INFO  server.RaftServerConfigKeys (ConfUtils.java:logGet(43)) - raft.server.snapshot.auto.trigger.enabled = true (custom)
2019-10-16 21:11:19,515 [pool-47-thread-1] INFO  segmented.SegmentedRaftLogWorker (SegmentedRaftLogWorker.java:lambda$new$0(128)) - 52743044-8979-4a08-8013-92a14c548982@group-146C50BE7901-SegmentedRaftLogWorker: flushIndex: setUnconditionally 0 -> -1
2019-10-16 21:11:19,515 [pool-37-thread-1] INFO  server.RaftServerConfigKeys (ConfUtils.java:logGet(43)) - raft.server.snapshot.auto.trigger.threshold = 10000 (custom)
2019-10-16 21:11:19,516 [pool-47-thread-1] INFO  server.RaftServerConfigKeys (ConfUtils.java:logGet(43)) - raft.server.snapshot.auto.trigger.enabled = true (custom)
2019-10-16 21:11:19,516 [pool-37-thread-1] INFO  server.RaftServerConfigKeys (ConfUtils.java:logGet(43)) - raft.server.snapshot.retention.file.num = 5 (custom)
2019-10-16 21:11:19,516 [pool-47-thread-1] INFO  server.RaftServerConfigKeys (ConfUtils.java:logGet(43)) - raft.server.snapshot.auto.trigger.threshold = 10000 (custom)
2019-10-16 21:11:19,516 [pool-47-thread-1] INFO  server.RaftServerConfigKeys (ConfUtils.java:logGet(43)) - raft.server.snapshot.retention.file.num = 5 (custom)
2019-10-16 21:11:19,516 [pool-37-thread-1] INFO  server.RaftServerConfigKeys (ConfUtils.java:logGet(43)) - raft.server.retrycache.expirytime = 600000ms (custom)
2019-10-16 21:11:19,516 [pool-47-thread-1] INFO  server.RaftServerConfigKeys (ConfUtils.java:logGet(43)) - raft.server.retrycache.expirytime = 600000ms (custom)
2019-10-16 21:11:19,518 [pool-27-thread-1] INFO  impl.RaftServerImpl (RaftServerImpl.java:start(195)) - 904f39be-c3d3-4df4-99c0-2e4526e577e3@group-146C50BE7901: start as a follower, conf=-1: [904f39be-c3d3-4df4-99c0-2e4526e577e3:192.168.157.254:45339, 52743044-8979-4a08-8013-92a14c548982:192.168.157.254:36428, 65da0c80-3604-4ac2-9a39-ee88d748a153:192.168.157.254:37466], old=null
2019-10-16 21:11:19,518 [pool-27-thread-1] INFO  impl.RaftServerImpl (RaftServerImpl.java:setRole(184)) - 904f39be-c3d3-4df4-99c0-2e4526e577e3@group-146C50BE7901: changes role from      null to FOLLOWER at term 0 for startAsFollower
2019-10-16 21:11:19,518 [pool-27-thread-1] INFO  impl.RoleInfo (RoleInfo.java:updateAndGet(143)) - 904f39be-c3d3-4df4-99c0-2e4526e577e3: start FollowerState
2019-10-16 21:11:19,519 [pool-27-thread-1] INFO  util.JmxRegister (JmxRegister.java:tryRegister(44)) - Successfully registered JMX Bean with object name Ratis:service=RaftServer,group=group-146C50BE7901,id=904f39be-c3d3-4df4-99c0-2e4526e577e3
2019-10-16 21:11:19,524 [Thread-272] INFO  impl.FollowerState (FollowerState.java:run(108)) - 904f39be-c3d3-4df4-99c0-2e4526e577e3@group-146C50BE7901-FollowerState: change to CANDIDATE, lastRpcTime:5ms, electionTimeout:2ms
2019-10-16 21:11:19,524 [Thread-272] INFO  impl.RoleInfo (RoleInfo.java:shutdownFollowerState(121)) - 904f39be-c3d3-4df4-99c0-2e4526e577e3: shutdown FollowerState
2019-10-16 21:11:19,525 [Thread-272] INFO  impl.RaftServerImpl (RaftServerImpl.java:setRole(184)) - 904f39be-c3d3-4df4-99c0-2e4526e577e3@group-146C50BE7901: changes role from  FOLLOWER to CANDIDATE at term 0 for changeToCandidate
2019-10-16 21:11:19,525 [pool-37-thread-1] INFO  impl.RaftServerImpl (RaftServerImpl.java:start(195)) - 65da0c80-3604-4ac2-9a39-ee88d748a153@group-146C50BE7901: start as a follower, conf=-1: [904f39be-c3d3-4df4-99c0-2e4526e577e3:192.168.157.254:45339, 52743044-8979-4a08-8013-92a14c548982:192.168.157.254:36428, 65da0c80-3604-4ac2-9a39-ee88d748a153:192.168.157.254:37466], old=null
2019-10-16 21:11:19,525 [Thread-272] INFO  impl.RoleInfo (RoleInfo.java:updateAndGet(143)) - 904f39be-c3d3-4df4-99c0-2e4526e577e3: start LeaderElection
2019-10-16 21:11:19,525 [pool-37-thread-1] INFO  impl.RaftServerImpl (RaftServerImpl.java:setRole(184)) - 65da0c80-3604-4ac2-9a39-ee88d748a153@group-146C50BE7901: changes role from      null to FOLLOWER at term 0 for startAsFollower
2019-10-16 21:11:19,525 [pool-47-thread-1] INFO  impl.RaftServerImpl (RaftServerImpl.java:start(195)) - 52743044-8979-4a08-8013-92a14c548982@group-146C50BE7901: start as a follower, conf=-1: [904f39be-c3d3-4df4-99c0-2e4526e577e3:192.168.157.254:45339, 52743044-8979-4a08-8013-92a14c548982:192.168.157.254:36428, 65da0c80-3604-4ac2-9a39-ee88d748a153:192.168.157.254:37466], old=null
2019-10-16 21:11:19,525 [pool-37-thread-1] INFO  impl.RoleInfo (RoleInfo.java:updateAndGet(143)) - 65da0c80-3604-4ac2-9a39-ee88d748a153: start FollowerState
2019-10-16 21:11:19,528 [pool-47-thread-1] INFO  impl.RaftServerImpl (RaftServerImpl.java:setRole(184)) - 52743044-8979-4a08-8013-92a14c548982@group-146C50BE7901: changes role from      null to FOLLOWER at term 0 for startAsFollower
2019-10-16 21:11:19,528 [pool-47-thread-1] INFO  impl.RoleInfo (RoleInfo.java:updateAndGet(143)) - 52743044-8979-4a08-8013-92a14c548982: start FollowerState
2019-10-16 21:11:19,528 [pool-37-thread-1] INFO  util.JmxRegister (JmxRegister.java:tryRegister(44)) - Successfully registered JMX Bean with object name Ratis:service=RaftServer,group=group-146C50BE7901,id=65da0c80-3604-4ac2-9a39-ee88d748a153
2019-10-16 21:11:19,528 [pool-47-thread-1] INFO  util.JmxRegister (JmxRegister.java:tryRegister(44)) - Successfully registered JMX Bean with object name Ratis:service=RaftServer,group=group-146C50BE7901,id=52743044-8979-4a08-8013-92a14c548982
2019-10-16 21:11:19,539 [RatisPipelineUtilsThread] INFO  pipeline.PipelineStateManager (PipelineStateManager.java:addPipeline(57)) - Created pipeline Pipeline[ Id: 9f5a7b9b-6503-4dd3-80bb-146c50be7901, Nodes: 904f39be-c3d3-4df4-99c0-2e4526e577e3{ip: 192.168.157.254, host: pr-hdds-1868-qdb9g-714931517, networkLocation: /default-rack, certSerialId: null}52743044-8979-4a08-8013-92a14c548982{ip: 192.168.157.254, host: pr-hdds-1868-qdb9g-714931517, networkLocation: /default-rack, certSerialId: null}65da0c80-3604-4ac2-9a39-ee88d748a153{ip: 192.168.157.254, host: pr-hdds-1868-qdb9g-714931517, networkLocation: /default-rack, certSerialId: null}, Type:RATIS, Factor:THREE, State:ALLOCATED]
2019-10-16 21:11:19,657 [904f39be-c3d3-4df4-99c0-2e4526e577e3@group-146C50BE7901-LeaderElection12] INFO  impl.LeaderElection (LeaderElection.java:askForVotes(178)) - 904f39be-c3d3-4df4-99c0-2e4526e577e3@group-146C50BE7901-LeaderElection12: begin an election at term 1 for -1: [904f39be-c3d3-4df4-99c0-2e4526e577e3:192.168.157.254:45339, 52743044-8979-4a08-8013-92a14c548982:192.168.157.254:36428, 65da0c80-3604-4ac2-9a39-ee88d748a153:192.168.157.254:37466], old=null
2019-10-16 21:11:19,671 [grpc-default-executor-1] INFO  impl.RaftServerImpl (RaftServerImpl.java:setRole(184)) - 65da0c80-3604-4ac2-9a39-ee88d748a153@group-146C50BE7901: changes role from  FOLLOWER to FOLLOWER at term 1 for recognizeCandidate:904f39be-c3d3-4df4-99c0-2e4526e577e3
2019-10-16 21:11:19,672 [grpc-default-executor-3] INFO  impl.RaftServerImpl (RaftServerImpl.java:setRole(184)) - 52743044-8979-4a08-8013-92a14c548982@group-146C50BE7901: changes role from  FOLLOWER to FOLLOWER at term 1 for recognizeCandidate:904f39be-c3d3-4df4-99c0-2e4526e577e3
2019-10-16 21:11:19,673 [grpc-default-executor-1] INFO  impl.RoleInfo (RoleInfo.java:shutdownFollowerState(121)) - 65da0c80-3604-4ac2-9a39-ee88d748a153: shutdown FollowerState
2019-10-16 21:11:19,673 [grpc-default-executor-3] INFO  impl.RoleInfo (RoleInfo.java:shutdownFollowerState(121)) - 52743044-8979-4a08-8013-92a14c548982: shutdown FollowerState
2019-10-16 21:11:19,673 [grpc-default-executor-1] INFO  impl.RoleInfo (RoleInfo.java:updateAndGet(143)) - 65da0c80-3604-4ac2-9a39-ee88d748a153: start FollowerState
2019-10-16 21:11:19,673 [Thread-274] INFO  impl.FollowerState (FollowerState.java:run(117)) - 65da0c80-3604-4ac2-9a39-ee88d748a153@group-146C50BE7901-FollowerState was interrupted: java.lang.InterruptedException: sleep interrupted
2019-10-16 21:11:19,673 [grpc-default-executor-3] INFO  impl.RoleInfo (RoleInfo.java:updateAndGet(143)) - 52743044-8979-4a08-8013-92a14c548982: start FollowerState
2019-10-16 21:11:19,673 [Thread-275] INFO  impl.FollowerState (FollowerState.java:run(117)) - 52743044-8979-4a08-8013-92a14c548982@group-146C50BE7901-FollowerState was interrupted: java.lang.InterruptedException: sleep interrupted
2019-10-16 21:11:19,725 [Thread-282] INFO  impl.FollowerState (FollowerState.java:run(108)) - 52743044-8979-4a08-8013-92a14c548982@group-146C50BE7901-FollowerState: change to CANDIDATE, lastRpcTime:52ms, electionTimeout:38ms
2019-10-16 21:11:19,726 [Thread-282] INFO  impl.RoleInfo (RoleInfo.java:shutdownFollowerState(121)) - 52743044-8979-4a08-8013-92a14c548982: shutdown FollowerState
2019-10-16 21:11:19,726 [Thread-282] INFO  impl.RaftServerImpl (RaftServerImpl.java:setRole(184)) - 52743044-8979-4a08-8013-92a14c548982@group-146C50BE7901: changes role from  FOLLOWER to CANDIDATE at term 1 for changeToCandidate
2019-10-16 21:11:19,726 [Thread-282] INFO  impl.RoleInfo (RoleInfo.java:updateAndGet(143)) - 52743044-8979-4a08-8013-92a14c548982: start LeaderElection
2019-10-16 21:11:19,733 [904f39be-c3d3-4df4-99c0-2e4526e577e3@group-146C50BE7901-LeaderElection12] INFO  impl.LeaderElection (LeaderElection.java:logAndReturn(56)) - 904f39be-c3d3-4df4-99c0-2e4526e577e3@group-146C50BE7901-LeaderElection12: Election PASSED; received 1 response(s) [904f39be-c3d3-4df4-99c0-2e4526e577e3<-52743044-8979-4a08-8013-92a14c548982#0:OK-t1] and 0 exception(s); 904f39be-c3d3-4df4-99c0-2e4526e577e3@group-146C50BE7901:t1, leader=null, voted=904f39be-c3d3-4df4-99c0-2e4526e577e3, raftlog=904f39be-c3d3-4df4-99c0-2e4526e577e3@group-146C50BE7901-SegmentedRaftLog:OPENED:c-1,f-1,i0, conf=-1: [904f39be-c3d3-4df4-99c0-2e4526e577e3:192.168.157.254:45339, 52743044-8979-4a08-8013-92a14c548982:192.168.157.254:36428, 65da0c80-3604-4ac2-9a39-ee88d748a153:192.168.157.254:37466], old=null
2019-10-16 21:11:19,733 [904f39be-c3d3-4df4-99c0-2e4526e577e3@group-146C50BE7901-LeaderElection12] INFO  impl.RoleInfo (RoleInfo.java:shutdownLeaderElection(134)) - 904f39be-c3d3-4df4-99c0-2e4526e577e3: shutdown LeaderElection
2019-10-16 21:11:19,734 [904f39be-c3d3-4df4-99c0-2e4526e577e3@group-146C50BE7901-LeaderElection12] INFO  impl.RaftServerImpl (RaftServerImpl.java:setRole(184)) - 904f39be-c3d3-4df4-99c0-2e4526e577e3@group-146C50BE7901: changes role from CANDIDATE to LEADER at term 1 for changeToLeader
2019-10-16 21:11:19,735 [904f39be-c3d3-4df4-99c0-2e4526e577e3@group-146C50BE7901-LeaderElection12] INFO  ratis.XceiverServerRatis (XceiverServerRatis.java:handleLeaderChangedNotification(700)) - Leader change notification received for group: group-146C50BE7901 with new leaderId: 904f39be-c3d3-4df4-99c0-2e4526e577e3
2019-10-16 21:11:19,735 [904f39be-c3d3-4df4-99c0-2e4526e577e3@group-146C50BE7901-LeaderElection12] INFO  impl.RaftServerImpl (ServerState.java:setLeader(256)) - 904f39be-c3d3-4df4-99c0-2e4526e577e3@group-146C50BE7901: change Leader from null to 904f39be-c3d3-4df4-99c0-2e4526e577e3 at term 1 for becomeLeader, leader elected after 228ms
2019-10-16 21:11:19,735 [904f39be-c3d3-4df4-99c0-2e4526e577e3@group-146C50BE7901-LeaderElection12] INFO  server.RaftServerConfigKeys (ConfUtils.java:logGet(43)) - raft.server.staging.catchup.gap = 1000 (default)
2019-10-16 21:11:19,735 [904f39be-c3d3-4df4-99c0-2e4526e577e3@group-146C50BE7901-LeaderElection12] INFO  server.RaftServerConfigKeys (ConfUtils.java:logGet(43)) - raft.server.rpc.sleep.time = 25ms (default)
2019-10-16 21:11:19,736 [904f39be-c3d3-4df4-99c0-2e4526e577e3@group-146C50BE7901-LeaderElection12] INFO  server.RaftServerConfigKeys (ConfUtils.java:logGet(43)) - raft.server.write.element-limit = 4096 (default)
2019-10-16 21:11:19,736 [904f39be-c3d3-4df4-99c0-2e4526e577e3@group-146C50BE7901-LeaderElection12] INFO  server.RaftServerConfigKeys (ConfUtils.java:logGet(43)) - raft.server.watch.timeout = 10s (default)
2019-10-16 21:11:19,736 [904f39be-c3d3-4df4-99c0-2e4526e577e3@group-146C50BE7901-LeaderElection12] INFO  server.RaftServerConfigKeys (ConfUtils.java:logGet(43)) - raft.server.watch.timeout.denomination = 1s (default)
2019-10-16 21:11:19,736 [904f39be-c3d3-4df4-99c0-2e4526e577e3@group-146C50BE7901-LeaderElection12] INFO  server.RaftServerConfigKeys (ConfUtils.java:logGet(43)) - raft.server.watch.element-limit = 65536 (default)
2019-10-16 21:11:19,738 [EventQueue-PipelineReportForPipelineReportHandler] INFO  pipeline.PipelineReportHandler (PipelineReportHandler.java:processPipelineReport(119)) - Pipeline PipelineID=9f5a7b9b-6503-4dd3-80bb-146c50be7901 reported by 904f39be-c3d3-4df4-99c0-2e4526e577e3{ip: 192.168.157.254, host: pr-hdds-1868-qdb9g-714931517, networkLocation: /default-rack, certSerialId: null} with leaderId 904f39be-c3d3-4df4-99c0-2e4526e577e3
2019-10-16 21:11:19,740 [904f39be-c3d3-4df4-99c0-2e4526e577e3@group-146C50BE7901-LeaderElection12] INFO  server.RaftServerConfigKeys (ConfUtils.java:logGet(43)) - raft.server.log.appender.snapshot.chunk.size.max = 16MB (=16777216) (default)
2019-10-16 21:11:19,740 [904f39be-c3d3-4df4-99c0-2e4526e577e3@group-146C50BE7901-LeaderElection12] INFO  server.RaftServerConfigKeys (ConfUtils.java:logGet(43)) - raft.server.log.appender.buffer.byte-limit = 33554432 (custom)
2019-10-16 21:11:19,740 [904f39be-c3d3-4df4-99c0-2e4526e577e3@group-146C50BE7901-LeaderElection12] INFO  server.RaftServerConfigKeys (ConfUtils.java:logGet(43)) - raft.server.log.appender.buffer.element-limit = 1 (custom)
2019-10-16 21:11:19,740 [904f39be-c3d3-4df4-99c0-2e4526e577e3@group-146C50BE7901-LeaderElection12] INFO  grpc.GrpcConfigKeys$Server (ConfUtils.java:logGet(43)) - raft.grpc.server.leader.outstanding.appends.max = 128 (default)
2019-10-16 21:11:19,741 [904f39be-c3d3-4df4-99c0-2e4526e577e3@group-146C50BE7901-LeaderElection12] INFO  server.RaftServerConfigKeys (ConfUtils.java:logGet(43)) - raft.server.rpc.request.timeout = 3000ms (default)
2019-10-16 21:11:19,741 [904f39be-c3d3-4df4-99c0-2e4526e577e3@group-146C50BE7901-LeaderElection12] INFO  server.RaftServerConfigKeys (ConfUtils.java:logGet(43)) - raft.server.log.appender.install.snapshot.enabled = false (custom)
2019-10-16 21:11:19,743 [904f39be-c3d3-4df4-99c0-2e4526e577e3@group-146C50BE7901-LeaderElection12] INFO  server.RaftServerConfigKeys (ConfUtils.java:logGet(43)) - raft.server.log.appender.snapshot.chunk.size.max = 16MB (=16777216) (default)
2019-10-16 21:11:19,743 [904f39be-c3d3-4df4-99c0-2e4526e577e3@group-146C50BE7901-LeaderElection12] INFO  server.RaftServerConfigKeys (ConfUtils.java:logGet(43)) - raft.server.log.appender.buffer.byte-limit = 33554432 (custom)
2019-10-16 21:11:19,743 [904f39be-c3d3-4df4-99c0-2e4526e577e3@group-146C50BE7901-LeaderElection12] INFO  server.RaftServerConfigKeys (ConfUtils.java:logGet(43)) - raft.server.log.appender.buffer.element-limit = 1 (custom)
2019-10-16 21:11:19,744 [904f39be-c3d3-4df4-99c0-2e4526e577e3@group-146C50BE7901-LeaderElection12] INFO  grpc.GrpcConfigKeys$Server (ConfUtils.java:logGet(43)) - raft.grpc.server.leader.outstanding.appends.max = 128 (default)
2019-10-16 21:11:19,744 [904f39be-c3d3-4df4-99c0-2e4526e577e3@group-146C50BE7901-LeaderElection12] INFO  server.RaftServerConfigKeys (ConfUtils.java:logGet(43)) - raft.server.rpc.request.timeout = 3000ms (default)
2019-10-16 21:11:19,744 [904f39be-c3d3-4df4-99c0-2e4526e577e3@group-146C50BE7901-LeaderElection12] INFO  server.RaftServerConfigKeys (ConfUtils.java:logGet(43)) - raft.server.log.appender.install.snapshot.enabled = false (custom)
2019-10-16 21:11:19,746 [904f39be-c3d3-4df4-99c0-2e4526e577e3@group-146C50BE7901-LeaderElection12] INFO  impl.RoleInfo (RoleInfo.java:updateAndGet(143)) - 904f39be-c3d3-4df4-99c0-2e4526e577e3: start LeaderState
2019-10-16 21:11:19,746 [904f39be-c3d3-4df4-99c0-2e4526e577e3@group-146C50BE7901-LeaderElection12] INFO  segmented.SegmentedRaftLogWorker (SegmentedRaftLogWorker.java:startLogSegment(385)) - 904f39be-c3d3-4df4-99c0-2e4526e577e3@group-146C50BE7901-SegmentedRaftLogWorker: Starting segment from index:0
2019-10-16 21:11:19,747 [904f39be-c3d3-4df4-99c0-2e4526e577e3@group-146C50BE7901-LeaderElection12] INFO  impl.RaftServerImpl (ServerState.java:setRaftConf(357)) - 904f39be-c3d3-4df4-99c0-2e4526e577e3@group-146C50BE7901: set configuration 0: [904f39be-c3d3-4df4-99c0-2e4526e577e3:192.168.157.254:45339, 52743044-8979-4a08-8013-92a14c548982:192.168.157.254:36428, 65da0c80-3604-4ac2-9a39-ee88d748a153:192.168.157.254:37466], old=null at 0
2019-10-16 21:11:19,754 [grpc-default-executor-3] INFO  ratis.XceiverServerRatis (XceiverServerRatis.java:handleLeaderChangedNotification(700)) - Leader change notification received for group: group-146C50BE7901 with new leaderId: 904f39be-c3d3-4df4-99c0-2e4526e577e3
2019-10-16 21:11:19,755 [grpc-default-executor-3] INFO  impl.RaftServerImpl (ServerState.java:setLeader(256)) - 65da0c80-3604-4ac2-9a39-ee88d748a153@group-146C50BE7901: change Leader from null to 904f39be-c3d3-4df4-99c0-2e4526e577e3 at term 1 for appendEntries, leader elected after 248ms
2019-10-16 21:11:19,757 [EventQueue-PipelineReportForPipelineReportHandler] INFO  pipeline.PipelineReportHandler (PipelineReportHandler.java:processPipelineReport(119)) - Pipeline PipelineID=9f5a7b9b-6503-4dd3-80bb-146c50be7901 reported by 65da0c80-3604-4ac2-9a39-ee88d748a153{ip: 192.168.157.254, host: pr-hdds-1868-qdb9g-714931517, networkLocation: /default-rack, certSerialId: null} with leaderId 904f39be-c3d3-4df4-99c0-2e4526e577e3
2019-10-16 21:11:19,759 [grpc-default-executor-3] INFO  impl.RaftServerImpl (ServerState.java:setRaftConf(357)) - 65da0c80-3604-4ac2-9a39-ee88d748a153@group-146C50BE7901: set configuration 0: [904f39be-c3d3-4df4-99c0-2e4526e577e3:192.168.157.254:45339, 52743044-8979-4a08-8013-92a14c548982:192.168.157.254:36428, 65da0c80-3604-4ac2-9a39-ee88d748a153:192.168.157.254:37466], old=null at 0
2019-10-16 21:11:19,759 [grpc-default-executor-3] INFO  segmented.SegmentedRaftLogWorker (SegmentedRaftLogWorker.java:startLogSegment(385)) - 65da0c80-3604-4ac2-9a39-ee88d748a153@group-146C50BE7901-SegmentedRaftLogWorker: Starting segment from index:0
2019-10-16 21:11:19,791 [52743044-8979-4a08-8013-92a14c548982@group-146C50BE7901-LeaderElection13] INFO  impl.LeaderElection (LeaderElection.java:askForVotes(178)) - 52743044-8979-4a08-8013-92a14c548982@group-146C50BE7901-LeaderElection13: begin an election at term 2 for -1: [904f39be-c3d3-4df4-99c0-2e4526e577e3:192.168.157.254:45339, 52743044-8979-4a08-8013-92a14c548982:192.168.157.254:36428, 65da0c80-3604-4ac2-9a39-ee88d748a153:192.168.157.254:37466], old=null
2019-10-16 21:11:19,793 [Thread-284] INFO  impl.RaftServerImpl (ServerState.java:setLeader(256)) - 904f39be-c3d3-4df4-99c0-2e4526e577e3@group-146C50BE7901: change Leader from 904f39be-c3d3-4df4-99c0-2e4526e577e3 to null at term 2 for updateCurrentTerm
2019-10-16 21:11:19,793 [Thread-284] INFO  impl.RaftServerImpl (RaftServerImpl.java:setRole(184)) - 904f39be-c3d3-4df4-99c0-2e4526e577e3@group-146C50BE7901: changes role from    LEADER to FOLLOWER at term 2 for stepDown
2019-10-16 21:11:19,793 [Thread-284] INFO  impl.RoleInfo (RoleInfo.java:shutdownLeaderState(104)) - 904f39be-c3d3-4df4-99c0-2e4526e577e3: shutdown LeaderState
2019-10-16 21:11:19,801 [org.apache.ratis.server.impl.LogAppender$AppenderDaemon$$Lambda$408/1186774663@64c16a7f] WARN  server.GrpcLogAppender (GrpcLogAppender.java:mayWait(149)) - 904f39be-c3d3-4df4-99c0-2e4526e577e3@group-146C50BE7901->52743044-8979-4a08-8013-92a14c548982-GrpcLogAppender: Wait interrupted by java.lang.InterruptedException
2019-10-16 21:11:19,801 [Thread-284] INFO  impl.PendingRequests (PendingRequests.java:sendNotLeaderResponses(202)) - 904f39be-c3d3-4df4-99c0-2e4526e577e3@group-146C50BE7901-PendingRequests: sendNotLeaderResponses
2019-10-16 21:11:19,801 [org.apache.ratis.server.impl.LogAppender$AppenderDaemon$$Lambda$408/1186774663@55efa8d9] WARN  server.GrpcLogAppender (GrpcLogAppender.java:mayWait(149)) - 904f39be-c3d3-4df4-99c0-2e4526e577e3@group-146C50BE7901->65da0c80-3604-4ac2-9a39-ee88d748a153-GrpcLogAppender: Wait interrupted by java.lang.InterruptedException
2019-10-16 21:11:19,802 [Thread-284] INFO  impl.RoleInfo (RoleInfo.java:updateAndGet(143)) - 904f39be-c3d3-4df4-99c0-2e4526e577e3: start FollowerState
2019-10-16 21:11:19,803 [grpc-default-executor-3] INFO  server.GrpcServerProtocolService (GrpcServerProtocolService.java:onCompleted(113)) - 52743044-8979-4a08-8013-92a14c548982: Completed APPEND_ENTRIES, lastRequest: 904f39be-c3d3-4df4-99c0-2e4526e577e3->52743044-8979-4a08-8013-92a14c548982#0-t1, previous=(t:0, i:0), leaderCommit=-1, initializing? false, entries: <empty>
2019-10-16 21:11:19,803 [grpc-default-executor-2] INFO  server.GrpcServerProtocolService (GrpcServerProtocolService.java:onCompleted(113)) - 65da0c80-3604-4ac2-9a39-ee88d748a153: Completed APPEND_ENTRIES, lastRequest: 904f39be-c3d3-4df4-99c0-2e4526e577e3->65da0c80-3604-4ac2-9a39-ee88d748a153#1-t1, previous=(t:0, i:0), leaderCommit=-1, initializing? false, entries: size=1, first=(t:1, i:0), CONFIGURATIONENTRY
2019-10-16 21:11:19,803 [grpc-default-executor-0] INFO  impl.RaftServerImpl (ServerState.java:setLeader(256)) - 65da0c80-3604-4ac2-9a39-ee88d748a153@group-146C50BE7901: change Leader from 904f39be-c3d3-4df4-99c0-2e4526e577e3 to null at term 2 for updateCurrentTerm
2019-10-16 21:11:19,804 [grpc-default-executor-2] INFO  server.GrpcLogAppender (GrpcLogAppender.java:onCompleted(308)) - 904f39be-c3d3-4df4-99c0-2e4526e577e3@group-146C50BE7901->52743044-8979-4a08-8013-92a14c548982-AppendLogResponseHandler: follower responses appendEntries COMPLETED
2019-10-16 21:11:19,804 [grpc-default-executor-0] INFO  impl.RaftServerImpl (RaftServerImpl.java:setRole(184)) - 65da0c80-3604-4ac2-9a39-ee88d748a153@group-146C50BE7901: changes role from  FOLLOWER to FOLLOWER at term 2 for recognizeCandidate:52743044-8979-4a08-8013-92a14c548982
2019-10-16 21:11:19,805 [grpc-default-executor-3] INFO  server.GrpcLogAppender (GrpcLogAppender.java:onCompleted(308)) - 904f39be-c3d3-4df4-99c0-2e4526e577e3@group-146C50BE7901->65da0c80-3604-4ac2-9a39-ee88d748a153-AppendLogResponseHandler: follower responses appendEntries COMPLETED
2019-10-16 21:11:19,805 [grpc-default-executor-0] INFO  impl.RoleInfo (RoleInfo.java:shutdownFollowerState(121)) - 65da0c80-3604-4ac2-9a39-ee88d748a153: shutdown FollowerState
2019-10-16 21:11:19,805 [Thread-281] INFO  impl.FollowerState (FollowerState.java:run(117)) - 65da0c80-3604-4ac2-9a39-ee88d748a153@group-146C50BE7901-FollowerState was interrupted: java.lang.InterruptedException: sleep interrupted
2019-10-16 21:11:19,805 [grpc-default-executor-0] INFO  impl.RoleInfo (RoleInfo.java:updateAndGet(143)) - 65da0c80-3604-4ac2-9a39-ee88d748a153: start FollowerState
2019-10-16 21:11:19,806 [grpc-default-executor-2] INFO  impl.FollowerInfo (FollowerInfo.java:lambda$new$0(51)) - 904f39be-c3d3-4df4-99c0-2e4526e577e3@group-146C50BE7901->52743044-8979-4a08-8013-92a14c548982: nextIndex: updateUnconditionally 0 -> 0
2019-10-16 21:11:19,807 [grpc-default-executor-3] INFO  impl.FollowerInfo (FollowerInfo.java:lambda$new$0(51)) - 904f39be-c3d3-4df4-99c0-2e4526e577e3@group-146C50BE7901->65da0c80-3604-4ac2-9a39-ee88d748a153: nextIndex: updateUnconditionally 1 -> 0
2019-10-16 21:11:19,915 [65da0c80-3604-4ac2-9a39-ee88d748a153@group-146C50BE7901-SegmentedRaftLogWorker] INFO  segmented.SegmentedRaftLogWorker (SegmentedRaftLogWorker.java:execute(576)) - 65da0c80-3604-4ac2-9a39-ee88d748a153@group-146C50BE7901-SegmentedRaftLogWorker: created new log segment /workdir/hadoop-ozone/integration-test/target/test-dir/MiniOzoneClusterImpl-5bbdf16d-a65b-4877-b412-d21df752c328/datanode-1/data/ratis/9f5a7b9b-6503-4dd3-80bb-146c50be7901/current/log_inprogress_0
2019-10-16 21:11:19,915 [904f39be-c3d3-4df4-99c0-2e4526e577e3@group-146C50BE7901-SegmentedRaftLogWorker] INFO  segmented.SegmentedRaftLogWorker (SegmentedRaftLogWorker.java:execute(576)) - 904f39be-c3d3-4df4-99c0-2e4526e577e3@group-146C50BE7901-SegmentedRaftLogWorker: created new log segment /workdir/hadoop-ozone/integration-test/target/test-dir/MiniOzoneClusterImpl-5bbdf16d-a65b-4877-b412-d21df752c328/datanode-0/data/ratis/9f5a7b9b-6503-4dd3-80bb-146c50be7901/current/log_inprogress_0
2019-10-16 21:11:19,916 [grpc-default-executor-1] INFO  impl.RaftServerImpl (RaftServerImpl.java:setRole(184)) - 904f39be-c3d3-4df4-99c0-2e4526e577e3@group-146C50BE7901: changes role from  FOLLOWER to FOLLOWER at term 2 for recognizeCandidate:52743044-8979-4a08-8013-92a14c548982
2019-10-16 21:11:19,917 [grpc-default-executor-1] INFO  impl.RoleInfo (RoleInfo.java:shutdownFollowerState(121)) - 904f39be-c3d3-4df4-99c0-2e4526e577e3: shutdown FollowerState
2019-10-16 21:11:19,917 [Thread-292] INFO  impl.FollowerState (FollowerState.java:run(117)) - 904f39be-c3d3-4df4-99c0-2e4526e577e3@group-146C50BE7901-FollowerState was interrupted: java.lang.InterruptedException: sleep interrupted
2019-10-16 21:11:19,917 [grpc-default-executor-1] INFO  impl.RoleInfo (RoleInfo.java:updateAndGet(143)) - 904f39be-c3d3-4df4-99c0-2e4526e577e3: start FollowerState
2019-10-16 21:11:19,920 [52743044-8979-4a08-8013-92a14c548982@group-146C50BE7901-LeaderElection13] INFO  impl.LeaderElection (LeaderElection.java:logAndReturn(56)) - 52743044-8979-4a08-8013-92a14c548982@group-146C50BE7901-LeaderElection13: Election REJECTED; received 2 response(s) [52743044-8979-4a08-8013-92a14c548982<-904f39be-c3d3-4df4-99c0-2e4526e577e3#0:FAIL-t2, 52743044-8979-4a08-8013-92a14c548982<-65da0c80-3604-4ac2-9a39-ee88d748a153#0:FAIL-t2] and 0 exception(s); 52743044-8979-4a08-8013-92a14c548982@group-146C50BE7901:t2, leader=null, voted=52743044-8979-4a08-8013-92a14c548982, raftlog=52743044-8979-4a08-8013-92a14c548982@group-146C50BE7901-SegmentedRaftLog:OPENED:c-1,f-1,i0, conf=-1: [904f39be-c3d3-4df4-99c0-2e4526e577e3:192.168.157.254:45339, 52743044-8979-4a08-8013-92a14c548982:192.168.157.254:36428, 65da0c80-3604-4ac2-9a39-ee88d748a153:192.168.157.254:37466], old=null
2019-10-16 21:11:19,921 [52743044-8979-4a08-8013-92a14c548982@group-146C50BE7901-LeaderElection13] INFO  impl.RaftServerImpl (RaftServerImpl.java:setRole(184)) - 52743044-8979-4a08-8013-92a14c548982@group-146C50BE7901: changes role from CANDIDATE to FOLLOWER at term 2 for DISCOVERED_A_NEW_TERM
2019-10-16 21:11:19,921 [52743044-8979-4a08-8013-92a14c548982@group-146C50BE7901-LeaderElection13] INFO  impl.RoleInfo (RoleInfo.java:shutdownLeaderElection(134)) - 52743044-8979-4a08-8013-92a14c548982: shutdown LeaderElection
2019-10-16 21:11:19,921 [52743044-8979-4a08-8013-92a14c548982@group-146C50BE7901-LeaderElection13] INFO  impl.RoleInfo (RoleInfo.java:updateAndGet(143)) - 52743044-8979-4a08-8013-92a14c548982: start FollowerState
2019-10-16 21:11:20,092 [Thread-295] INFO  impl.FollowerState (FollowerState.java:run(108)) - 52743044-8979-4a08-8013-92a14c548982@group-146C50BE7901-FollowerState: change to CANDIDATE, lastRpcTime:170ms, electionTimeout:170ms
2019-10-16 21:11:20,094 [Thread-295] INFO  impl.RoleInfo (RoleInfo.java:shutdownFollowerState(121)) - 52743044-8979-4a08-8013-92a14c548982: shutdown FollowerState
2019-10-16 21:11:20,094 [Thread-295] INFO  impl.RaftServerImpl (RaftServerImpl.java:setRole(184)) - 52743044-8979-4a08-8013-92a14c548982@group-146C50BE7901: changes role from  FOLLOWER to CANDIDATE at term 2 for changeToCandidate
2019-10-16 21:11:20,094 [Thread-295] INFO  impl.RoleInfo (RoleInfo.java:updateAndGet(143)) - 52743044-8979-4a08-8013-92a14c548982: start LeaderElection
2019-10-16 21:11:20,163 [52743044-8979-4a08-8013-92a14c548982@group-146C50BE7901-LeaderElection14] INFO  impl.LeaderElection (LeaderElection.java:askForVotes(178)) - 52743044-8979-4a08-8013-92a14c548982@group-146C50BE7901-LeaderElection14: begin an election at term 3 for -1: [904f39be-c3d3-4df4-99c0-2e4526e577e3:192.168.157.254:45339, 52743044-8979-4a08-8013-92a14c548982:192.168.157.254:36428, 65da0c80-3604-4ac2-9a39-ee88d748a153:192.168.157.254:37466], old=null
2019-10-16 21:11:20,168 [grpc-default-executor-0] INFO  impl.RaftServerImpl (RaftServerImpl.java:setRole(184)) - 904f39be-c3d3-4df4-99c0-2e4526e577e3@group-146C50BE7901: changes role from  FOLLOWER to FOLLOWER at term 3 for recognizeCandidate:52743044-8979-4a08-8013-92a14c548982
2019-10-16 21:11:20,168 [grpc-default-executor-1] INFO  impl.RaftServerImpl (RaftServerImpl.java:setRole(184)) - 65da0c80-3604-4ac2-9a39-ee88d748a153@group-146C50BE7901: changes role from  FOLLOWER to FOLLOWER at term 3 for recognizeCandidate:52743044-8979-4a08-8013-92a14c548982
2019-10-16 21:11:20,168 [grpc-default-executor-0] INFO  impl.RoleInfo (RoleInfo.java:shutdownFollowerState(121)) - 904f39be-c3d3-4df4-99c0-2e4526e577e3: shutdown FollowerState
2019-10-16 21:11:20,169 [grpc-default-executor-1] INFO  impl.RoleInfo (RoleInfo.java:shutdownFollowerState(121)) - 65da0c80-3604-4ac2-9a39-ee88d748a153: shutdown FollowerState
2019-10-16 21:11:20,169 [Thread-294] INFO  impl.FollowerState (FollowerState.java:run(117)) - 904f39be-c3d3-4df4-99c0-2e4526e577e3@group-146C50BE7901-FollowerState was interrupted: java.lang.InterruptedException: sleep interrupted
2019-10-16 21:11:20,169 [grpc-default-executor-1] INFO  impl.RoleInfo (RoleInfo.java:updateAndGet(143)) - 65da0c80-3604-4ac2-9a39-ee88d748a153: start FollowerState
2019-10-16 21:11:20,169 [Thread-293] INFO  impl.FollowerState (FollowerState.java:run(117)) - 65da0c80-3604-4ac2-9a39-ee88d748a153@group-146C50BE7901-FollowerState was interrupted: java.lang.InterruptedException: sleep interrupted
2019-10-16 21:11:20,169 [grpc-default-executor-0] INFO  impl.RoleInfo (RoleInfo.java:updateAndGet(143)) - 904f39be-c3d3-4df4-99c0-2e4526e577e3: start FollowerState
2019-10-16 21:11:20,184 [main] INFO  ozone.MiniOzoneClusterImpl (MiniOzoneClusterImpl.java:lambda$waitForClusterToBeReady$2(164)) - Waiting for 1 number of pipelines out of 4, to report a leader.
2019-10-16 21:11:20,252 [52743044-8979-4a08-8013-92a14c548982@group-146C50BE7901-LeaderElection14] INFO  impl.LeaderElection (LeaderElection.java:logAndReturn(56)) - 52743044-8979-4a08-8013-92a14c548982@group-146C50BE7901-LeaderElection14: Election REJECTED; received 2 response(s) [52743044-8979-4a08-8013-92a14c548982<-904f39be-c3d3-4df4-99c0-2e4526e577e3#0:FAIL-t3, 52743044-8979-4a08-8013-92a14c548982<-65da0c80-3604-4ac2-9a39-ee88d748a153#0:FAIL-t3] and 0 exception(s); 52743044-8979-4a08-8013-92a14c548982@group-146C50BE7901:t3, leader=null, voted=52743044-8979-4a08-8013-92a14c548982, raftlog=52743044-8979-4a08-8013-92a14c548982@group-146C50BE7901-SegmentedRaftLog:OPENED:c-1,f-1,i0, conf=-1: [904f39be-c3d3-4df4-99c0-2e4526e577e3:192.168.157.254:45339, 52743044-8979-4a08-8013-92a14c548982:192.168.157.254:36428, 65da0c80-3604-4ac2-9a39-ee88d748a153:192.168.157.254:37466], old=null
2019-10-16 21:11:20,252 [52743044-8979-4a08-8013-92a14c548982@group-146C50BE7901-LeaderElection14] INFO  impl.RaftServerImpl (RaftServerImpl.java:setRole(184)) - 52743044-8979-4a08-8013-92a14c548982@group-146C50BE7901: changes role from CANDIDATE to FOLLOWER at term 3 for DISCOVERED_A_NEW_TERM
2019-10-16 21:11:20,252 [52743044-8979-4a08-8013-92a14c548982@group-146C50BE7901-LeaderElection14] INFO  impl.RoleInfo (RoleInfo.java:shutdownLeaderElection(134)) - 52743044-8979-4a08-8013-92a14c548982: shutdown LeaderElection
2019-10-16 21:11:20,252 [52743044-8979-4a08-8013-92a14c548982@group-146C50BE7901-LeaderElection14] INFO  impl.RoleInfo (RoleInfo.java:updateAndGet(143)) - 52743044-8979-4a08-8013-92a14c548982: start FollowerState
2019-10-16 21:11:20,271 [Thread-302] INFO  impl.FollowerState (FollowerState.java:run(108)) - 52743044-8979-4a08-8013-92a14c548982@group-146C50BE7901-FollowerState: change to CANDIDATE, lastRpcTime:18ms, electionTimeout:18ms
2019-10-16 21:11:20,272 [Thread-302] INFO  impl.RoleInfo (RoleInfo.java:shutdownFollowerState(121)) - 52743044-8979-4a08-8013-92a14c548982: shutdown FollowerState
2019-10-16 21:11:20,272 [Thread-302] INFO  impl.RaftServerImpl (RaftServerImpl.java:setRole(184)) - 52743044-8979-4a08-8013-92a14c548982@group-146C50BE7901: changes role from  FOLLOWER to CANDIDATE at term 3 for changeToCandidate
2019-10-16 21:11:20,272 [Thread-302] INFO  impl.RoleInfo (RoleInfo.java:updateAndGet(143)) - 52743044-8979-4a08-8013-92a14c548982: start LeaderElection
2019-10-16 21:11:20,363 [52743044-8979-4a08-8013-92a14c548982@group-146C50BE7901-LeaderElection15] INFO  impl.LeaderElection (LeaderElection.java:askForVotes(178)) - 52743044-8979-4a08-8013-92a14c548982@group-146C50BE7901-LeaderElection15: begin an election at term 4 for -1: [904f39be-c3d3-4df4-99c0-2e4526e577e3:192.168.157.254:45339, 52743044-8979-4a08-8013-92a14c548982:192.168.157.254:36428, 65da0c80-3604-4ac2-9a39-ee88d748a153:192.168.157.254:37466], old=null
2019-10-16 21:11:20,367 [grpc-default-executor-1] INFO  impl.RaftServerImpl (RaftServerImpl.java:setRole(184)) - 65da0c80-3604-4ac2-9a39-ee88d748a153@group-146C50BE7901: changes role from  FOLLOWER to FOLLOWER at term 4 for recognizeCandidate:52743044-8979-4a08-8013-92a14c548982
2019-10-16 21:11:20,368 [grpc-default-executor-1] INFO  impl.RoleInfo (RoleInfo.java:shutdownFollowerState(121)) - 65da0c80-3604-4ac2-9a39-ee88d748a153: shutdown FollowerState
2019-10-16 21:11:20,368 [grpc-default-executor-1] INFO  impl.RoleInfo (RoleInfo.java:updateAndGet(143)) - 65da0c80-3604-4ac2-9a39-ee88d748a153: start FollowerState
2019-10-16 21:11:20,368 [Thread-301] INFO  impl.FollowerState (FollowerState.java:run(117)) - 65da0c80-3604-4ac2-9a39-ee88d748a153@group-146C50BE7901-FollowerState was interrupted: java.lang.InterruptedException: sleep interrupted
2019-10-16 21:11:20,368 [grpc-default-executor-0] INFO  impl.RaftServerImpl (RaftServerImpl.java:setRole(184)) - 904f39be-c3d3-4df4-99c0-2e4526e577e3@group-146C50BE7901: changes role from  FOLLOWER to FOLLOWER at term 4 for recognizeCandidate:52743044-8979-4a08-8013-92a14c548982
2019-10-16 21:11:20,370 [grpc-default-executor-0] INFO  impl.RoleInfo (RoleInfo.java:shutdownFollowerState(121)) - 904f39be-c3d3-4df4-99c0-2e4526e577e3: shutdown FollowerState
2019-10-16 21:11:20,371 [grpc-default-executor-0] INFO  impl.RoleInfo (RoleInfo.java:updateAndGet(143)) - 904f39be-c3d3-4df4-99c0-2e4526e577e3: start FollowerState
2019-10-16 21:11:20,371 [Thread-300] INFO  impl.FollowerState (FollowerState.java:run(117)) - 904f39be-c3d3-4df4-99c0-2e4526e577e3@group-146C50BE7901-FollowerState was interrupted: java.lang.InterruptedException: sleep interrupted
2019-10-16 21:11:20,462 [52743044-8979-4a08-8013-92a14c548982@group-146C50BE7901-LeaderElection15] INFO  impl.LeaderElection (LeaderElection.java:logAndReturn(56)) - 52743044-8979-4a08-8013-92a14c548982@group-146C50BE7901-LeaderElection15: Election REJECTED; received 2 response(s) [52743044-8979-4a08-8013-92a14c548982<-904f39be-c3d3-4df4-99c0-2e4526e577e3#0:FAIL-t4, 52743044-8979-4a08-8013-92a14c548982<-65da0c80-3604-4ac2-9a39-ee88d748a153#0:FAIL-t4] and 0 exception(s); 52743044-8979-4a08-8013-92a14c548982@group-146C50BE7901:t4, leader=null, voted=52743044-8979-4a08-8013-92a14c548982, raftlog=52743044-8979-4a08-8013-92a14c548982@group-146C50BE7901-SegmentedRaftLog:OPENED:c-1,f-1,i0, conf=-1: [904f39be-c3d3-4df4-99c0-2e4526e577e3:192.168.157.254:45339, 52743044-8979-4a08-8013-92a14c548982:192.168.157.254:36428, 65da0c80-3604-4ac2-9a39-ee88d748a153:192.168.157.254:37466], old=null
2019-10-16 21:11:20,462 [52743044-8979-4a08-8013-92a14c548982@group-146C50BE7901-LeaderElection15] INFO  impl.RaftServerImpl (RaftServerImpl.java:setRole(184)) - 52743044-8979-4a08-8013-92a14c548982@group-146C50BE7901: changes role from CANDIDATE to FOLLOWER at term 4 for DISCOVERED_A_NEW_TERM
2019-10-16 21:11:20,462 [52743044-8979-4a08-8013-92a14c548982@group-146C50BE7901-LeaderElection15] INFO  impl.RoleInfo (RoleInfo.java:shutdownLeaderElection(134)) - 52743044-8979-4a08-8013-92a14c548982: shutdown LeaderElection
2019-10-16 21:11:20,462 [52743044-8979-4a08-8013-92a14c548982@group-146C50BE7901-LeaderElection15] INFO  impl.RoleInfo (RoleInfo.java:updateAndGet(143)) - 52743044-8979-4a08-8013-92a14c548982: start FollowerState
2019-10-16 21:11:20,598 [Thread-308] INFO  impl.FollowerState (FollowerState.java:run(108)) - 52743044-8979-4a08-8013-92a14c548982@group-146C50BE7901-FollowerState: change to CANDIDATE, lastRpcTime:135ms, electionTimeout:135ms
2019-10-16 21:11:20,599 [Thread-308] INFO  impl.RoleInfo (RoleInfo.java:shutdownFollowerState(121)) - 52743044-8979-4a08-8013-92a14c548982: shutdown FollowerState
2019-10-16 21:11:20,599 [Thread-308] INFO  impl.RaftServerImpl (RaftServerImpl.java:setRole(184)) - 52743044-8979-4a08-8013-92a14c548982@group-146C50BE7901: changes role from  FOLLOWER to CANDIDATE at term 4 for changeToCandidate
2019-10-16 21:11:20,599 [Thread-308] INFO  impl.RoleInfo (RoleInfo.java:updateAndGet(143)) - 52743044-8979-4a08-8013-92a14c548982: start LeaderElection
2019-10-16 21:11:20,640 [52743044-8979-4a08-8013-92a14c548982@group-146C50BE7901-LeaderElection16] INFO  impl.LeaderElection (LeaderElection.java:askForVotes(178)) - 52743044-8979-4a08-8013-92a14c548982@group-146C50BE7901-LeaderElection16: begin an election at term 5 for -1: [904f39be-c3d3-4df4-99c0-2e4526e577e3:192.168.157.254:45339, 52743044-8979-4a08-8013-92a14c548982:192.168.157.254:36428, 65da0c80-3604-4ac2-9a39-ee88d748a153:192.168.157.254:37466], old=null
2019-10-16 21:11:20,645 [grpc-default-executor-1] INFO  impl.RaftServerImpl (RaftServerImpl.java:setRole(184)) - 65da0c80-3604-4ac2-9a39-ee88d748a153@group-146C50BE7901: changes role from  FOLLOWER to FOLLOWER at term 5 for recognizeCandidate:52743044-8979-4a08-8013-92a14c548982
2019-10-16 21:11:20,646 [grpc-default-executor-1] INFO  impl.RoleInfo (RoleInfo.java:shutdownFollowerState(121)) - 65da0c80-3604-4ac2-9a39-ee88d748a153: shutdown FollowerState
2019-10-16 21:11:20,646 [grpc-default-executor-1] INFO  impl.RoleInfo (RoleInfo.java:updateAndGet(143)) - 65da0c80-3604-4ac2-9a39-ee88d748a153: start FollowerState
2019-10-16 21:11:20,646 [grpc-default-executor-0] INFO  impl.RaftServerImpl (RaftServerImpl.java:setRole(184)) - 904f39be-c3d3-4df4-99c0-2e4526e577e3@group-146C50BE7901: changes role from  FOLLOWER to FOLLOWER at term 5 for recognizeCandidate:52743044-8979-4a08-8013-92a14c548982
2019-10-16 21:11:20,646 [grpc-default-executor-0] INFO  impl.RoleInfo (RoleInfo.java:shutdownFollowerState(121)) - 904f39be-c3d3-4df4-99c0-2e4526e577e3: shutdown FollowerState
2019-10-16 21:11:20,646 [Thread-306] INFO  impl.FollowerState (FollowerState.java:run(117)) - 65da0c80-3604-4ac2-9a39-ee88d748a153@group-146C50BE7901-FollowerState was interrupted: java.lang.InterruptedException: sleep interrupted
2019-10-16 21:11:20,646 [Thread-307] INFO  impl.FollowerState (FollowerState.java:run(117)) - 904f39be-c3d3-4df4-99c0-2e4526e577e3@group-146C50BE7901-FollowerState was interrupted: java.lang.InterruptedException: sleep interrupted
2019-10-16 21:11:20,646 [grpc-default-executor-0] INFO  impl.RoleInfo (RoleInfo.java:updateAndGet(143)) - 904f39be-c3d3-4df4-99c0-2e4526e577e3: start FollowerState
2019-10-16 21:11:20,776 [52743044-8979-4a08-8013-92a14c548982@group-146C50BE7901-LeaderElection16] INFO  impl.LeaderElection (LeaderElection.java:logAndReturn(56)) - 52743044-8979-4a08-8013-92a14c548982@group-146C50BE7901-LeaderElection16: Election REJECTED; received 2 response(s) [52743044-8979-4a08-8013-92a14c548982<-904f39be-c3d3-4df4-99c0-2e4526e577e3#0:FAIL-t5, 52743044-8979-4a08-8013-92a14c548982<-65da0c80-3604-4ac2-9a39-ee88d748a153#0:FAIL-t5] and 0 exception(s); 52743044-8979-4a08-8013-92a14c548982@group-146C50BE7901:t5, leader=null, voted=52743044-8979-4a08-8013-92a14c548982, raftlog=52743044-8979-4a08-8013-92a14c548982@group-146C50BE7901-SegmentedRaftLog:OPENED:c-1,f-1,i0, conf=-1: [904f39be-c3d3-4df4-99c0-2e4526e577e3:192.168.157.254:45339, 52743044-8979-4a08-8013-92a14c548982:192.168.157.254:36428, 65da0c80-3604-4ac2-9a39-ee88d748a153:192.168.157.254:37466], old=null
2019-10-16 21:11:20,777 [52743044-8979-4a08-8013-92a14c548982@group-146C50BE7901-LeaderElection16] INFO  impl.RaftServerImpl (RaftServerImpl.java:setRole(184)) - 52743044-8979-4a08-8013-92a14c548982@group-146C50BE7901: changes role from CANDIDATE to FOLLOWER at term 5 for DISCOVERED_A_NEW_TERM
2019-10-16 21:11:20,777 [52743044-8979-4a08-8013-92a14c548982@group-146C50BE7901-LeaderElection16] INFO  impl.RoleInfo (RoleInfo.java:shutdownLeaderElection(134)) - 52743044-8979-4a08-8013-92a14c548982: shutdown LeaderElection
2019-10-16 21:11:20,777 [52743044-8979-4a08-8013-92a14c548982@group-146C50BE7901-LeaderElection16] INFO  impl.RoleInfo (RoleInfo.java:updateAndGet(143)) - 52743044-8979-4a08-8013-92a14c548982: start FollowerState
2019-10-16 21:11:20,794 [Thread-314] INFO  impl.FollowerState (FollowerState.java:run(108)) - 52743044-8979-4a08-8013-92a14c548982@group-146C50BE7901-FollowerState: change to CANDIDATE, lastRpcTime:16ms, electionTimeout:16ms
2019-10-16 21:11:20,795 [Thread-314] INFO  impl.RoleInfo (RoleInfo.java:shutdownFollowerState(121)) - 52743044-8979-4a08-8013-92a14c548982: shutdown FollowerState
2019-10-16 21:11:20,795 [Thread-314] INFO  impl.RaftServerImpl (RaftServerImpl.java:setRole(184)) - 52743044-8979-4a08-8013-92a14c548982@group-146C50BE7901: changes role from  FOLLOWER to CANDIDATE at term 5 for changeToCandidate
2019-10-16 21:11:20,795 [Thread-314] INFO  impl.RoleInfo (RoleInfo.java:updateAndGet(143)) - 52743044-8979-4a08-8013-92a14c548982: start LeaderElection
2019-10-16 21:11:20,860 [52743044-8979-4a08-8013-92a14c548982@group-146C50BE7901-LeaderElection17] INFO  impl.LeaderElection (LeaderElection.java:askForVotes(178)) - 52743044-8979-4a08-8013-92a14c548982@group-146C50BE7901-LeaderElection17: begin an election at term 6 for -1: [904f39be-c3d3-4df4-99c0-2e4526e577e3:192.168.157.254:45339, 52743044-8979-4a08-8013-92a14c548982:192.168.157.254:36428, 65da0c80-3604-4ac2-9a39-ee88d748a153:192.168.157.254:37466], old=null
2019-10-16 21:11:20,864 [grpc-default-executor-1] INFO  impl.RaftServerImpl (RaftServerImpl.java:setRole(184)) - 904f39be-c3d3-4df4-99c0-2e4526e577e3@group-146C50BE7901: changes role from  FOLLOWER to FOLLOWER at term 6 for recognizeCandidate:52743044-8979-4a08-8013-92a14c548982
2019-10-16 21:11:20,864 [grpc-default-executor-1] INFO  impl.RoleInfo (RoleInfo.java:shutdownFollowerState(121)) - 904f39be-c3d3-4df4-99c0-2e4526e577e3: shutdown FollowerState
2019-10-16 21:11:20,864 [grpc-default-executor-0] INFO  impl.RaftServerImpl (RaftServerImpl.java:setRole(184)) - 65da0c80-3604-4ac2-9a39-ee88d748a153@group-146C50BE7901: changes role from  FOLLOWER to FOLLOWER at term 6 for recognizeCandidate:52743044-8979-4a08-8013-92a14c548982
2019-10-16 21:11:20,864 [Thread-313] INFO  impl.FollowerState (FollowerState.java:run(117)) - 904f39be-c3d3-4df4-99c0-2e4526e577e3@group-146C50BE7901-FollowerState was interrupted: java.lang.InterruptedException: sleep interrupted
2019-10-16 21:11:20,864 [grpc-default-executor-1] INFO  impl.RoleInfo (RoleInfo.java:updateAndGet(143)) - 904f39be-c3d3-4df4-99c0-2e4526e577e3: start FollowerState
2019-10-16 21:11:20,865 [grpc-default-executor-0] INFO  impl.RoleInfo (RoleInfo.java:shutdownFollowerState(121)) - 65da0c80-3604-4ac2-9a39-ee88d748a153: shutdown FollowerState
2019-10-16 21:11:20,865 [Thread-312] INFO  impl.FollowerState (FollowerState.java:run(117)) - 65da0c80-3604-4ac2-9a39-ee88d748a153@group-146C50BE7901-FollowerState was interrupted: java.lang.InterruptedException: sleep interrupted
2019-10-16 21:11:20,865 [grpc-default-executor-0] INFO  impl.RoleInfo (RoleInfo.java:updateAndGet(143)) - 65da0c80-3604-4ac2-9a39-ee88d748a153: start FollowerState
2019-10-16 21:11:20,886 [52743044-8979-4a08-8013-92a14c548982@group-146C50BE7901-LeaderElection17] INFO  impl.LeaderElection (LeaderElection.java:logAndReturn(56)) - 52743044-8979-4a08-8013-92a14c548982@group-146C50BE7901-LeaderElection17: Election TIMEOUT; received 0 response(s) [] and 0 exception(s); 52743044-8979-4a08-8013-92a14c548982@group-146C50BE7901:t6, leader=null, voted=52743044-8979-4a08-8013-92a14c548982, raftlog=52743044-8979-4a08-8013-92a14c548982@group-146C50BE7901-SegmentedRaftLog:OPENED:c-1,f-1,i0, conf=-1: [904f39be-c3d3-4df4-99c0-2e4526e577e3:192.168.157.254:45339, 52743044-8979-4a08-8013-92a14c548982:192.168.157.254:36428, 65da0c80-3604-4ac2-9a39-ee88d748a153:192.168.157.254:37466], old=null
2019-10-16 21:11:21,008 [52743044-8979-4a08-8013-92a14c548982@group-146C50BE7901-LeaderElection17] INFO  impl.LeaderElection (LeaderElection.java:askForVotes(178)) - 52743044-8979-4a08-8013-92a14c548982@group-146C50BE7901-LeaderElection17: begin an election at term 7 for -1: [904f39be-c3d3-4df4-99c0-2e4526e577e3:192.168.157.254:45339, 52743044-8979-4a08-8013-92a14c548982:192.168.157.254:36428, 65da0c80-3604-4ac2-9a39-ee88d748a153:192.168.157.254:37466], old=null
2019-10-16 21:11:21,013 [grpc-default-executor-1] INFO  impl.RaftServerImpl (RaftServerImpl.java:setRole(184)) - 904f39be-c3d3-4df4-99c0-2e4526e577e3@group-146C50BE7901: changes role from  FOLLOWER to FOLLOWER at term 7 for recognizeCandidate:52743044-8979-4a08-8013-92a14c548982
2019-10-16 21:11:21,015 [grpc-default-executor-1] INFO  impl.RoleInfo (RoleInfo.java:shutdownFollowerState(121)) - 904f39be-c3d3-4df4-99c0-2e4526e577e3: shutdown FollowerState
2019-10-16 21:11:21,015 [grpc-default-executor-0] INFO  impl.RaftServerImpl (RaftServerImpl.java:setRole(184)) - 65da0c80-3604-4ac2-9a39-ee88d748a153@group-146C50BE7901: changes role from  FOLLOWER to FOLLOWER at term 7 for recognizeCandidate:52743044-8979-4a08-8013-92a14c548982
2019-10-16 21:11:21,015 [Thread-318] INFO  impl.FollowerState (FollowerState.java:run(117)) - 904f39be-c3d3-4df4-99c0-2e4526e577e3@group-146C50BE7901-FollowerState was interrupted: java.lang.InterruptedException: sleep interrupted
2019-10-16 21:11:21,015 [grpc-default-executor-1] INFO  impl.RoleInfo (RoleInfo.java:updateAndGet(143)) - 904f39be-c3d3-4df4-99c0-2e4526e577e3: start FollowerState
2019-10-16 21:11:21,015 [grpc-default-executor-0] INFO  impl.RoleInfo (RoleInfo.java:shutdownFollowerState(121)) - 65da0c80-3604-4ac2-9a39-ee88d748a153: shutdown FollowerState
2019-10-16 21:11:21,016 [Thread-319] INFO  impl.FollowerState (FollowerState.java:run(117)) - 65da0c80-3604-4ac2-9a39-ee88d748a153@group-146C50BE7901-FollowerState was interrupted: java.lang.InterruptedException: sleep interrupted
2019-10-16 21:11:21,016 [grpc-default-executor-0] INFO  impl.RoleInfo (RoleInfo.java:updateAndGet(143)) - 65da0c80-3604-4ac2-9a39-ee88d748a153: start FollowerState
2019-10-16 21:11:21,081 [52743044-8979-4a08-8013-92a14c548982@group-146C50BE7901-LeaderElection17] INFO  impl.LeaderElection (LeaderElection.java:logAndReturn(56)) - 52743044-8979-4a08-8013-92a14c548982@group-146C50BE7901-LeaderElection17: Election REJECTED; received 2 response(s) [52743044-8979-4a08-8013-92a14c548982<-904f39be-c3d3-4df4-99c0-2e4526e577e3#0:FAIL-t7, 52743044-8979-4a08-8013-92a14c548982<-65da0c80-3604-4ac2-9a39-ee88d748a153#0:FAIL-t7] and 0 exception(s); 52743044-8979-4a08-8013-92a14c548982@group-146C50BE7901:t7, leader=null, voted=52743044-8979-4a08-8013-92a14c548982, raftlog=52743044-8979-4a08-8013-92a14c548982@group-146C50BE7901-SegmentedRaftLog:OPENED:c-1,f-1,i0, conf=-1: [904f39be-c3d3-4df4-99c0-2e4526e577e3:192.168.157.254:45339, 52743044-8979-4a08-8013-92a14c548982:192.168.157.254:36428, 65da0c80-3604-4ac2-9a39-ee88d748a153:192.168.157.254:37466], old=null
2019-10-16 21:11:21,081 [52743044-8979-4a08-8013-92a14c548982@group-146C50BE7901-LeaderElection17] INFO  impl.RaftServerImpl (RaftServerImpl.java:setRole(184)) - 52743044-8979-4a08-8013-92a14c548982@group-146C50BE7901: changes role from CANDIDATE to FOLLOWER at term 7 for DISCOVERED_A_NEW_TERM
2019-10-16 21:11:21,081 [52743044-8979-4a08-8013-92a14c548982@group-146C50BE7901-LeaderElection17] INFO  impl.RoleInfo (RoleInfo.java:shutdownLeaderElection(134)) - 52743044-8979-4a08-8013-92a14c548982: shutdown LeaderElection
2019-10-16 21:11:21,081 [52743044-8979-4a08-8013-92a14c548982@group-146C50BE7901-LeaderElection17] INFO  impl.RoleInfo (RoleInfo.java:updateAndGet(143)) - 52743044-8979-4a08-8013-92a14c548982: start FollowerState
2019-10-16 21:11:21,185 [main] INFO  ozone.MiniOzoneClusterImpl (MiniOzoneClusterImpl.java:lambda$waitForClusterToBeReady$2(164)) - Waiting for 1 number of pipelines out of 4, to report a leader.
2019-10-16 21:11:21,208 [Thread-324] INFO  impl.FollowerState (FollowerState.java:run(108)) - 52743044-8979-4a08-8013-92a14c548982@group-146C50BE7901-FollowerState: change to CANDIDATE, lastRpcTime:126ms, electionTimeout:126ms
2019-10-16 21:11:21,208 [Thread-324] INFO  impl.RoleInfo (RoleInfo.java:shutdownFollowerState(121)) - 52743044-8979-4a08-8013-92a14c548982: shutdown FollowerState
2019-10-16 21:11:21,208 [Thread-324] INFO  impl.RaftServerImpl (RaftServerImpl.java:setRole(184)) - 52743044-8979-4a08-8013-92a14c548982@group-146C50BE7901: changes role from  FOLLOWER to CANDIDATE at term 7 for changeToCandidate
2019-10-16 21:11:21,209 [Thread-324] INFO  impl.RoleInfo (RoleInfo.java:updateAndGet(143)) - 52743044-8979-4a08-8013-92a14c548982: start LeaderElection
2019-10-16 21:11:21,286 [52743044-8979-4a08-8013-92a14c548982@group-146C50BE7901-LeaderElection18] INFO  impl.LeaderElection (LeaderElection.java:askForVotes(178)) - 52743044-8979-4a08-8013-92a14c548982@group-146C50BE7901-LeaderElection18: begin an election at term 8 for -1: [904f39be-c3d3-4df4-99c0-2e4526e577e3:192.168.157.254:45339, 52743044-8979-4a08-8013-92a14c548982:192.168.157.254:36428, 65da0c80-3604-4ac2-9a39-ee88d748a153:192.168.157.254:37466], old=null
2019-10-16 21:11:21,290 [grpc-default-executor-0] INFO  impl.RaftServerImpl (RaftServerImpl.java:setRole(184)) - 65da0c80-3604-4ac2-9a39-ee88d748a153@group-146C50BE7901: changes role from  FOLLOWER to FOLLOWER at term 8 for recognizeCandidate:52743044-8979-4a08-8013-92a14c548982
2019-10-16 21:11:21,290 [grpc-default-executor-0] INFO  impl.RoleInfo (RoleInfo.java:shutdownFollowerState(121)) - 65da0c80-3604-4ac2-9a39-ee88d748a153: shutdown FollowerState
2019-10-16 21:11:21,291 [grpc-default-executor-0] INFO  impl.RoleInfo (RoleInfo.java:updateAndGet(143)) - 65da0c80-3604-4ac2-9a39-ee88d748a153: start FollowerState
2019-10-16 21:11:21,291 [Thread-323] INFO  impl.FollowerState (FollowerState.java:run(117)) - 65da0c80-3604-4ac2-9a39-ee88d748a153@group-146C50BE7901-FollowerState was interrupted: java.lang.InterruptedException: sleep interrupted
2019-10-16 21:11:21,291 [grpc-default-executor-1] INFO  impl.RaftServerImpl (RaftServerImpl.java:setRole(184)) - 904f39be-c3d3-4df4-99c0-2e4526e577e3@group-146C50BE7901: changes role from  FOLLOWER to FOLLOWER at term 8 for recognizeCandidate:52743044-8979-4a08-8013-92a14c548982
2019-10-16 21:11:21,291 [grpc-default-executor-1] INFO  impl.RoleInfo (RoleInfo.java:shutdownFollowerState(121)) - 904f39be-c3d3-4df4-99c0-2e4526e577e3: shutdown FollowerState
2019-10-16 21:11:21,291 [grpc-default-executor-1] INFO  impl.RoleInfo (RoleInfo.java:updateAndGet(143)) - 904f39be-c3d3-4df4-99c0-2e4526e577e3: start FollowerState
2019-10-16 21:11:21,291 [Thread-322] INFO  impl.FollowerState (FollowerState.java:run(117)) - 904f39be-c3d3-4df4-99c0-2e4526e577e3@group-146C50BE7901-FollowerState was interrupted: java.lang.InterruptedException: sleep interrupted
2019-10-16 21:11:21,374 [52743044-8979-4a08-8013-92a14c548982@group-146C50BE7901-LeaderElection18] INFO  impl.LeaderElection (LeaderElection.java:logAndReturn(56)) - 52743044-8979-4a08-8013-92a14c548982@group-146C50BE7901-LeaderElection18: Election REJECTED; received 2 response(s) [52743044-8979-4a08-8013-92a14c548982<-904f39be-c3d3-4df4-99c0-2e4526e577e3#0:FAIL-t8, 52743044-8979-4a08-8013-92a14c548982<-65da0c80-3604-4ac2-9a39-ee88d748a153#0:FAIL-t8] and 0 exception(s); 52743044-8979-4a08-8013-92a14c548982@group-146C50BE7901:t8, leader=null, voted=52743044-8979-4a08-8013-92a14c548982, raftlog=52743044-8979-4a08-8013-92a14c548982@group-146C50BE7901-SegmentedRaftLog:OPENED:c-1,f-1,i0, conf=-1: [904f39be-c3d3-4df4-99c0-2e4526e577e3:192.168.157.254:45339, 52743044-8979-4a08-8013-92a14c548982:192.168.157.254:36428, 65da0c80-3604-4ac2-9a39-ee88d748a153:192.168.157.254:37466], old=null
2019-10-16 21:11:21,374 [52743044-8979-4a08-8013-92a14c548982@group-146C50BE7901-LeaderElection18] INFO  impl.RaftServerImpl (RaftServerImpl.java:setRole(184)) - 52743044-8979-4a08-8013-92a14c548982@group-146C50BE7901: changes role from CANDIDATE to FOLLOWER at term 8 for DISCOVERED_A_NEW_TERM
2019-10-16 21:11:21,374 [52743044-8979-4a08-8013-92a14c548982@group-146C50BE7901-LeaderElection18] INFO  impl.RoleInfo (RoleInfo.java:shutdownLeaderElection(134)) - 52743044-8979-4a08-8013-92a14c548982: shutdown LeaderElection
2019-10-16 21:11:21,375 [52743044-8979-4a08-8013-92a14c548982@group-146C50BE7901-LeaderElection18] INFO  impl.RoleInfo (RoleInfo.java:updateAndGet(143)) - 52743044-8979-4a08-8013-92a14c548982: start FollowerState
2019-10-16 21:11:21,516 [Thread-330] INFO  impl.FollowerState (FollowerState.java:run(108)) - 52743044-8979-4a08-8013-92a14c548982@group-146C50BE7901-FollowerState: change to CANDIDATE, lastRpcTime:141ms, electionTimeout:141ms
2019-10-16 21:11:21,518 [Thread-330] INFO  impl.RoleInfo (RoleInfo.java:shutdownFollowerState(121)) - 52743044-8979-4a08-8013-92a14c548982: shutdown FollowerState
2019-10-16 21:11:21,518 [Thread-330] INFO  impl.RaftServerImpl (RaftServerImpl.java:setRole(184)) - 52743044-8979-4a08-8013-92a14c548982@group-146C50BE7901: changes role from  FOLLOWER to CANDIDATE at term 8 for changeToCandidate
2019-10-16 21:11:21,518 [Thread-330] INFO  impl.RoleInfo (RoleInfo.java:updateAndGet(143)) - 52743044-8979-4a08-8013-92a14c548982: start LeaderElection
2019-10-16 21:11:21,641 [52743044-8979-4a08-8013-92a14c548982@group-146C50BE7901-LeaderElection19] INFO  impl.LeaderElection (LeaderElection.java:askForVotes(178)) - 52743044-8979-4a08-8013-92a14c548982@group-146C50BE7901-LeaderElection19: begin an election at term 9 for -1: [904f39be-c3d3-4df4-99c0-2e4526e577e3:192.168.157.254:45339, 52743044-8979-4a08-8013-92a14c548982:192.168.157.254:36428, 65da0c80-3604-4ac2-9a39-ee88d748a153:192.168.157.254:37466], old=null
2019-10-16 21:11:21,645 [grpc-default-executor-0] INFO  impl.RaftServerImpl (RaftServerImpl.java:setRole(184)) - 65da0c80-3604-4ac2-9a39-ee88d748a153@group-146C50BE7901: changes role from  FOLLOWER to FOLLOWER at term 9 for recognizeCandidate:52743044-8979-4a08-8013-92a14c548982
2019-10-16 21:11:21,645 [grpc-default-executor-1] INFO  impl.RaftServerImpl (RaftServerImpl.java:setRole(184)) - 904f39be-c3d3-4df4-99c0-2e4526e577e3@group-146C50BE7901: changes role from  FOLLOWER to FOLLOWER at term 9 for recognizeCandidate:52743044-8979-4a08-8013-92a14c548982
2019-10-16 21:11:21,645 [grpc-default-executor-0] INFO  impl.RoleInfo (RoleInfo.java:shutdownFollowerState(121)) - 65da0c80-3604-4ac2-9a39-ee88d748a153: shutdown FollowerState
2019-10-16 21:11:21,645 [grpc-default-executor-1] INFO  impl.RoleInfo (RoleInfo.java:shutdownFollowerState(121)) - 904f39be-c3d3-4df4-99c0-2e4526e577e3: shutdown FollowerState
2019-10-16 21:11:21,646 [Thread-328] INFO  impl.FollowerState (FollowerState.java:run(117)) - 65da0c80-3604-4ac2-9a39-ee88d748a153@group-146C50BE7901-FollowerState was interrupted: java.lang.InterruptedException: sleep interrupted
2019-10-16 21:11:21,646 [grpc-default-executor-0] INFO  impl.RoleInfo (RoleInfo.java:updateAndGet(143)) - 65da0c80-3604-4ac2-9a39-ee88d748a153: start FollowerState
2019-10-16 21:11:21,646 [grpc-default-executor-1] INFO  impl.RoleInfo (RoleInfo.java:updateAndGet(143)) - 904f39be-c3d3-4df4-99c0-2e4526e577e3: start FollowerState
2019-10-16 21:11:21,646 [Thread-329] INFO  impl.FollowerState (FollowerState.java:run(117)) - 904f39be-c3d3-4df4-99c0-2e4526e577e3@group-146C50BE7901-FollowerState was interrupted: java.lang.InterruptedException: sleep interrupted
2019-10-16 21:11:21,785 [52743044-8979-4a08-8013-92a14c548982@group-146C50BE7901-LeaderElection19] INFO  impl.LeaderElection (LeaderElection.java:logAndReturn(56)) - 52743044-8979-4a08-8013-92a14c548982@group-146C50BE7901-LeaderElection19: Election REJECTED; received 2 response(s) [52743044-8979-4a08-8013-92a14c548982<-904f39be-c3d3-4df4-99c0-2e4526e577e3#0:FAIL-t9, 52743044-8979-4a08-8013-92a14c548982<-65da0c80-3604-4ac2-9a39-ee88d748a153#0:FAIL-t9] and 0 exception(s); 52743044-8979-4a08-8013-92a14c548982@group-146C50BE7901:t9, leader=null, voted=52743044-8979-4a08-8013-92a14c548982, raftlog=52743044-8979-4a08-8013-92a14c548982@group-146C50BE7901-SegmentedRaftLog:OPENED:c-1,f-1,i0, conf=-1: [904f39be-c3d3-4df4-99c0-2e4526e577e3:192.168.157.254:45339, 52743044-8979-4a08-8013-92a14c548982:192.168.157.254:36428, 65da0c80-3604-4ac2-9a39-ee88d748a153:192.168.157.254:37466], old=null
2019-10-16 21:11:21,785 [52743044-8979-4a08-8013-92a14c548982@group-146C50BE7901-LeaderElection19] INFO  impl.RaftServerImpl (RaftServerImpl.java:setRole(184)) - 52743044-8979-4a08-8013-92a14c548982@group-146C50BE7901: changes role from CANDIDATE to FOLLOWER at term 9 for DISCOVERED_A_NEW_TERM
2019-10-16 21:11:21,785 [52743044-8979-4a08-8013-92a14c548982@group-146C50BE7901-LeaderElection19] INFO  impl.RoleInfo (RoleInfo.java:shutdownLeaderElection(134)) - 52743044-8979-4a08-8013-92a14c548982: shutdown LeaderElection
2019-10-16 21:11:21,786 [52743044-8979-4a08-8013-92a14c548982@group-146C50BE7901-LeaderElection19] INFO  impl.RoleInfo (RoleInfo.java:updateAndGet(143)) - 52743044-8979-4a08-8013-92a14c548982: start FollowerState
2019-10-16 21:11:21,918 [Thread-336] INFO  impl.FollowerState (FollowerState.java:run(108)) - 52743044-8979-4a08-8013-92a14c548982@group-146C50BE7901-FollowerState: change to CANDIDATE, lastRpcTime:132ms, electionTimeout:132ms
2019-10-16 21:11:21,919 [Thread-336] INFO  impl.RoleInfo (RoleInfo.java:shutdownFollowerState(121)) - 52743044-8979-4a08-8013-92a14c548982: shutdown FollowerState
2019-10-16 21:11:21,919 [Thread-336] INFO  impl.RaftServerImpl (RaftServerImpl.java:setRole(184)) - 52743044-8979-4a08-8013-92a14c548982@group-146C50BE7901: changes role from  FOLLOWER to CANDIDATE at term 9 for changeToCandidate
2019-10-16 21:11:21,920 [Thread-336] INFO  impl.RoleInfo (RoleInfo.java:updateAndGet(143)) - 52743044-8979-4a08-8013-92a14c548982: start LeaderElection
2019-10-16 21:11:21,990 [52743044-8979-4a08-8013-92a14c548982@group-146C50BE7901-LeaderElection20] INFO  impl.LeaderElection (LeaderElection.java:askForVotes(178)) - 52743044-8979-4a08-8013-92a14c548982@group-146C50BE7901-LeaderElection20: begin an election at term 10 for -1: [904f39be-c3d3-4df4-99c0-2e4526e577e3:192.168.157.254:45339, 52743044-8979-4a08-8013-92a14c548982:192.168.157.254:36428, 65da0c80-3604-4ac2-9a39-ee88d748a153:192.168.157.254:37466], old=null
2019-10-16 21:11:21,994 [grpc-default-executor-1] INFO  impl.RaftServerImpl (RaftServerImpl.java:setRole(184)) - 904f39be-c3d3-4df4-99c0-2e4526e577e3@group-146C50BE7901: changes role from  FOLLOWER to FOLLOWER at term 10 for recognizeCandidate:52743044-8979-4a08-8013-92a14c548982
2019-10-16 21:11:21,994 [grpc-default-executor-0] INFO  impl.RaftServerImpl (RaftServerImpl.java:setRole(184)) - 65da0c80-3604-4ac2-9a39-ee88d748a153@group-146C50BE7901: changes role from  FOLLOWER to FOLLOWER at term 10 for recognizeCandidate:52743044-8979-4a08-8013-92a14c548982
2019-10-16 21:11:21,994 [grpc-default-executor-1] INFO  impl.RoleInfo (RoleInfo.java:shutdownFollowerState(121)) - 904f39be-c3d3-4df4-99c0-2e4526e577e3: shutdown FollowerState
2019-10-16 21:11:21,995 [grpc-default-executor-0] INFO  impl.RoleInfo (RoleInfo.java:shutdownFollowerState(121)) - 65da0c80-3604-4ac2-9a39-ee88d748a153: shutdown FollowerState
2019-10-16 21:11:21,995 [grpc-default-executor-1] INFO  impl.RoleInfo (RoleInfo.java:updateAndGet(143)) - 904f39be-c3d3-4df4-99c0-2e4526e577e3: start FollowerState
2019-10-16 21:11:21,995 [Thread-335] INFO  impl.FollowerState (FollowerState.java:run(117)) - 904f39be-c3d3-4df4-99c0-2e4526e577e3@group-146C50BE7901-FollowerState was interrupted: java.lang.InterruptedException: sleep interrupted
2019-10-16 21:11:21,995 [Thread-334] INFO  impl.FollowerState (FollowerState.java:run(117)) - 65da0c80-3604-4ac2-9a39-ee88d748a153@group-146C50BE7901-FollowerState was interrupted: java.lang.InterruptedException: sleep interrupted
2019-10-16 21:11:21,995 [grpc-default-executor-0] INFO  impl.RoleInfo (RoleInfo.java:updateAndGet(143)) - 65da0c80-3604-4ac2-9a39-ee88d748a153: start FollowerState
2019-10-16 21:11:22,104 [52743044-8979-4a08-8013-92a14c548982@group-146C50BE7901-LeaderElection20] INFO  impl.LeaderElection (LeaderElection.java:logAndReturn(56)) - 52743044-8979-4a08-8013-92a14c548982@group-146C50BE7901-LeaderElection20: Election REJECTED; received 2 response(s) [52743044-8979-4a08-8013-92a14c548982<-904f39be-c3d3-4df4-99c0-2e4526e577e3#0:FAIL-t10, 52743044-8979-4a08-8013-92a14c548982<-65da0c80-3604-4ac2-9a39-ee88d748a153#0:FAIL-t10] and 0 exception(s); 52743044-8979-4a08-8013-92a14c548982@group-146C50BE7901:t10, leader=null, voted=52743044-8979-4a08-8013-92a14c548982, raftlog=52743044-8979-4a08-8013-92a14c548982@group-146C50BE7901-SegmentedRaftLog:OPENED:c-1,f-1,i0, conf=-1: [904f39be-c3d3-4df4-99c0-2e4526e577e3:192.168.157.254:45339, 52743044-8979-4a08-8013-92a14c548982:192.168.157.254:36428, 65da0c80-3604-4ac2-9a39-ee88d748a153:192.168.157.254:37466], old=null
2019-10-16 21:11:22,104 [52743044-8979-4a08-8013-92a14c548982@group-146C50BE7901-LeaderElection20] INFO  impl.RaftServerImpl (RaftServerImpl.java:setRole(184)) - 52743044-8979-4a08-8013-92a14c548982@group-146C50BE7901: changes role from CANDIDATE to FOLLOWER at term 10 for DISCOVERED_A_NEW_TERM
2019-10-16 21:11:22,105 [52743044-8979-4a08-8013-92a14c548982@group-146C50BE7901-LeaderElection20] INFO  impl.RoleInfo (RoleInfo.java:shutdownLeaderElection(134)) - 52743044-8979-4a08-8013-92a14c548982: shutdown LeaderElection
2019-10-16 21:11:22,105 [52743044-8979-4a08-8013-92a14c548982@group-146C50BE7901-LeaderElection20] INFO  impl.RoleInfo (RoleInfo.java:updateAndGet(143)) - 52743044-8979-4a08-8013-92a14c548982: start FollowerState
2019-10-16 21:11:22,169 [Thread-342] INFO  impl.FollowerState (FollowerState.java:run(108)) - 52743044-8979-4a08-8013-92a14c548982@group-146C50BE7901-FollowerState: change to CANDIDATE, lastRpcTime:64ms, electionTimeout:64ms
2019-10-16 21:11:22,171 [Thread-342] INFO  impl.RoleInfo (RoleInfo.java:shutdownFollowerState(121)) - 52743044-8979-4a08-8013-92a14c548982: shutdown FollowerState
2019-10-16 21:11:22,171 [Thread-342] INFO  impl.RaftServerImpl (RaftServerImpl.java:setRole(184)) - 52743044-8979-4a08-8013-92a14c548982@group-146C50BE7901: changes role from  FOLLOWER to CANDIDATE at term 10 for changeToCandidate
2019-10-16 21:11:22,171 [Thread-342] INFO  impl.RoleInfo (RoleInfo.java:updateAndGet(143)) - 52743044-8979-4a08-8013-92a14c548982: start LeaderElection
2019-10-16 21:11:22,187 [main] INFO  ozone.MiniOzoneClusterImpl (MiniOzoneClusterImpl.java:lambda$waitForClusterToBeReady$2(164)) - Waiting for 1 number of pipelines out of 4, to report a leader.
2019-10-16 21:11:22,280 [52743044-8979-4a08-8013-92a14c548982@group-146C50BE7901-LeaderElection21] INFO  impl.LeaderElection (LeaderElection.java:askForVotes(178)) - 52743044-8979-4a08-8013-92a14c548982@group-146C50BE7901-LeaderElection21: begin an election at term 11 for -1: [904f39be-c3d3-4df4-99c0-2e4526e577e3:192.168.157.254:45339, 52743044-8979-4a08-8013-92a14c548982:192.168.157.254:36428, 65da0c80-3604-4ac2-9a39-ee88d748a153:192.168.157.254:37466], old=null
2019-10-16 21:11:22,284 [grpc-default-executor-1] INFO  impl.RaftServerImpl (RaftServerImpl.java:setRole(184)) - 904f39be-c3d3-4df4-99c0-2e4526e577e3@group-146C50BE7901: changes role from  FOLLOWER to FOLLOWER at term 11 for recognizeCandidate:52743044-8979-4a08-8013-92a14c548982
2019-10-16 21:11:22,284 [grpc-default-executor-1] INFO  impl.RoleInfo (RoleInfo.java:shutdownFollowerState(121)) - 904f39be-c3d3-4df4-99c0-2e4526e577e3: shutdown FollowerState
2019-10-16 21:11:22,284 [grpc-default-executor-1] INFO  impl.RoleInfo (RoleInfo.java:updateAndGet(143)) - 904f39be-c3d3-4df4-99c0-2e4526e577e3: start FollowerState
2019-10-16 21:11:22,284 [grpc-default-executor-0] INFO  impl.RaftServerImpl (RaftServerImpl.java:setRole(184)) - 65da0c80-3604-4ac2-9a39-ee88d748a153@group-146C50BE7901: changes role from  FOLLOWER to FOLLOWER at term 11 for recognizeCandidate:52743044-8979-4a08-8013-92a14c548982
2019-10-16 21:11:22,284 [Thread-340] INFO  impl.FollowerState (FollowerState.java:run(117)) - 904f39be-c3d3-4df4-99c0-2e4526e577e3@group-146C50BE7901-FollowerState was interrupted: java.lang.InterruptedException: sleep interrupted
2019-10-16 21:11:22,284 [grpc-default-executor-0] INFO  impl.RoleInfo (RoleInfo.java:shutdownFollowerState(121)) - 65da0c80-3604-4ac2-9a39-ee88d748a153: shutdown FollowerState
2019-10-16 21:11:22,285 [Thread-341] INFO  impl.FollowerState (FollowerState.java:run(117)) - 65da0c80-3604-4ac2-9a39-ee88d748a153@group-146C50BE7901-FollowerState was interrupted: java.lang.InterruptedException: sleep interrupted
2019-10-16 21:11:22,285 [grpc-default-executor-0] INFO  impl.RoleInfo (RoleInfo.java:updateAndGet(143)) - 65da0c80-3604-4ac2-9a39-ee88d748a153: start FollowerState
2019-10-16 21:11:22,395 [52743044-8979-4a08-8013-92a14c548982@group-146C50BE7901-LeaderElection21] INFO  impl.LeaderElection (LeaderElection.java:logAndReturn(56)) - 52743044-8979-4a08-8013-92a14c548982@group-146C50BE7901-LeaderElection21: Election REJECTED; received 2 response(s) [52743044-8979-4a08-8013-92a14c548982<-904f39be-c3d3-4df4-99c0-2e4526e577e3#0:FAIL-t11, 52743044-8979-4a08-8013-92a14c548982<-65da0c80-3604-4ac2-9a39-ee88d748a153#0:FAIL-t11] and 0 exception(s); 52743044-8979-4a08-8013-92a14c548982@group-146C50BE7901:t11, leader=null, voted=52743044-8979-4a08-8013-92a14c548982, raftlog=52743044-8979-4a08-8013-92a14c548982@group-146C50BE7901-SegmentedRaftLog:OPENED:c-1,f-1,i0, conf=-1: [904f39be-c3d3-4df4-99c0-2e4526e577e3:192.168.157.254:45339, 52743044-8979-4a08-8013-92a14c548982:192.168.157.254:36428, 65da0c80-3604-4ac2-9a39-ee88d748a153:192.168.157.254:37466], old=null
2019-10-16 21:11:22,396 [52743044-8979-4a08-8013-92a14c548982@group-146C50BE7901-LeaderElection21] INFO  impl.RaftServerImpl (RaftServerImpl.java:setRole(184)) - 52743044-8979-4a08-8013-92a14c548982@group-146C50BE7901: changes role from CANDIDATE to FOLLOWER at term 11 for DISCOVERED_A_NEW_TERM
2019-10-16 21:11:22,396 [52743044-8979-4a08-8013-92a14c548982@group-146C50BE7901-LeaderElection21] INFO  impl.RoleInfo (RoleInfo.java:shutdownLeaderElection(134)) - 52743044-8979-4a08-8013-92a14c548982: shutdown LeaderElection
2019-10-16 21:11:22,396 [52743044-8979-4a08-8013-92a14c548982@group-146C50BE7901-LeaderElection21] INFO  impl.RoleInfo (RoleInfo.java:updateAndGet(143)) - 52743044-8979-4a08-8013-92a14c548982: start FollowerState
2019-10-16 21:11:22,550 [Thread-348] INFO  impl.FollowerState (FollowerState.java:run(108)) - 52743044-8979-4a08-8013-92a14c548982@group-146C50BE7901-FollowerState: change to CANDIDATE, lastRpcTime:153ms, electionTimeout:153ms
2019-10-16 21:11:22,551 [Thread-348] INFO  impl.RoleInfo (RoleInfo.java:shutdownFollowerState(121)) - 52743044-8979-4a08-8013-92a14c548982: shutdown FollowerState
2019-10-16 21:11:22,551 [Thread-348] INFO  impl.RaftServerImpl (RaftServerImpl.java:setRole(184)) - 52743044-8979-4a08-8013-92a14c548982@group-146C50BE7901: changes role from  FOLLOWER to CANDIDATE at term 11 for changeToCandidate
2019-10-16 21:11:22,551 [Thread-348] INFO  impl.RoleInfo (RoleInfo.java:updateAndGet(143)) - 52743044-8979-4a08-8013-92a14c548982: start LeaderElection
2019-10-16 21:11:22,608 [52743044-8979-4a08-8013-92a14c548982@group-146C50BE7901-LeaderElection22] INFO  impl.LeaderElection (LeaderElection.java:askForVotes(178)) - 52743044-8979-4a08-8013-92a14c548982@group-146C50BE7901-LeaderElection22: begin an election at term 12 for -1: [904f39be-c3d3-4df4-99c0-2e4526e577e3:192.168.157.254:45339, 52743044-8979-4a08-8013-92a14c548982:192.168.157.254:36428, 65da0c80-3604-4ac2-9a39-ee88d748a153:192.168.157.254:37466], old=null
2019-10-16 21:11:22,612 [grpc-default-executor-1] INFO  impl.RaftServerImpl (RaftServerImpl.java:setRole(184)) - 904f39be-c3d3-4df4-99c0-2e4526e577e3@group-146C50BE7901: changes role from  FOLLOWER to FOLLOWER at term 12 for recognizeCandidate:52743044-8979-4a08-8013-92a14c548982
2019-10-16 21:11:22,612 [grpc-default-executor-0] INFO  impl.RaftServerImpl (RaftServerImpl.java:setRole(184)) - 65da0c80-3604-4ac2-9a39-ee88d748a153@group-146C50BE7901: changes role from  FOLLOWER to FOLLOWER at term 12 for recognizeCandidate:52743044-8979-4a08-8013-92a14c548982
2019-10-16 21:11:22,612 [grpc-default-executor-1] INFO  impl.RoleInfo (RoleInfo.java:shutdownFollowerState(121)) - 904f39be-c3d3-4df4-99c0-2e4526e577e3: shutdown FollowerState
2019-10-16 21:11:22,612 [grpc-default-executor-0] INFO  impl.RoleInfo (RoleInfo.java:shutdownFollowerState(121)) - 65da0c80-3604-4ac2-9a39-ee88d748a153: shutdown FollowerState
2019-10-16 21:11:22,612 [Thread-346] INFO  impl.FollowerState (FollowerState.java:run(117)) - 904f39be-c3d3-4df4-99c0-2e4526e577e3@group-146C50BE7901-FollowerState was interrupted: java.lang.InterruptedException: sleep interrupted
2019-10-16 21:11:22,612 [grpc-default-executor-0] INFO  impl.RoleInfo (RoleInfo.java:updateAndGet(143)) - 65da0c80-3604-4ac2-9a39-ee88d748a153: start FollowerState
2019-10-16 21:11:22,612 [Thread-347] INFO  impl.FollowerState (FollowerState.java:run(117)) - 65da0c80-3604-4ac2-9a39-ee88d748a153@group-146C50BE7901-FollowerState was interrupted: java.lang.InterruptedException: sleep interrupted
2019-10-16 21:11:22,612 [grpc-default-executor-1] INFO  impl.RoleInfo (RoleInfo.java:updateAndGet(143)) - 904f39be-c3d3-4df4-99c0-2e4526e577e3: start FollowerState
2019-10-16 21:11:22,625 [52743044-8979-4a08-8013-92a14c548982@group-146C50BE7901-LeaderElection22] INFO  impl.LeaderElection (LeaderElection.java:logAndReturn(56)) - 52743044-8979-4a08-8013-92a14c548982@group-146C50BE7901-LeaderElection22: Election TIMEOUT; received 0 response(s) [] and 0 exception(s); 52743044-8979-4a08-8013-92a14c548982@group-146C50BE7901:t12, leader=null, voted=52743044-8979-4a08-8013-92a14c548982, raftlog=52743044-8979-4a08-8013-92a14c548982@group-146C50BE7901-SegmentedRaftLog:OPENED:c-1,f-1,i0, conf=-1: [904f39be-c3d3-4df4-99c0-2e4526e577e3:192.168.157.254:45339, 52743044-8979-4a08-8013-92a14c548982:192.168.157.254:36428, 65da0c80-3604-4ac2-9a39-ee88d748a153:192.168.157.254:37466], old=null
2019-10-16 21:11:22,653 [52743044-8979-4a08-8013-92a14c548982@group-146C50BE7901-LeaderElection22] INFO  impl.LeaderElection (LeaderElection.java:askForVotes(178)) - 52743044-8979-4a08-8013-92a14c548982@group-146C50BE7901-LeaderElection22: begin an election at term 13 for -1: [904f39be-c3d3-4df4-99c0-2e4526e577e3:192.168.157.254:45339, 52743044-8979-4a08-8013-92a14c548982:192.168.157.254:36428, 65da0c80-3604-4ac2-9a39-ee88d748a153:192.168.157.254:37466], old=null
2019-10-16 21:11:22,657 [grpc-default-executor-0] INFO  impl.RaftServerImpl (RaftServerImpl.java:setRole(184)) - 904f39be-c3d3-4df4-99c0-2e4526e577e3@group-146C50BE7901: changes role from  FOLLOWER to FOLLOWER at term 13 for recognizeCandidate:52743044-8979-4a08-8013-92a14c548982
2019-10-16 21:11:22,659 [grpc-default-executor-0] INFO  impl.RoleInfo (RoleInfo.java:shutdownFollowerState(121)) - 904f39be-c3d3-4df4-99c0-2e4526e577e3: shutdown FollowerState
2019-10-16 21:11:22,659 [grpc-default-executor-1] INFO  impl.RaftServerImpl (RaftServerImpl.java:setRole(184)) - 65da0c80-3604-4ac2-9a39-ee88d748a153@group-146C50BE7901: changes role from  FOLLOWER to FOLLOWER at term 13 for recognizeCandidate:52743044-8979-4a08-8013-92a14c548982
2019-10-16 21:11:22,659 [grpc-default-executor-0] INFO  impl.RoleInfo (RoleInfo.java:updateAndGet(143)) - 904f39be-c3d3-4df4-99c0-2e4526e577e3: start FollowerState
2019-10-16 21:11:22,659 [Thread-352] INFO  impl.FollowerState (FollowerState.java:run(117)) - 904f39be-c3d3-4df4-99c0-2e4526e577e3@group-146C50BE7901-FollowerState was interrupted: java.lang.InterruptedException: sleep interrupted
2019-10-16 21:11:22,659 [grpc-default-executor-1] INFO  impl.RoleInfo (RoleInfo.java:shutdownFollowerState(121)) - 65da0c80-3604-4ac2-9a39-ee88d748a153: shutdown FollowerState
2019-10-16 21:11:22,660 [Thread-353] INFO  impl.FollowerState (FollowerState.java:run(117)) - 65da0c80-3604-4ac2-9a39-ee88d748a153@group-146C50BE7901-FollowerState was interrupted: java.lang.InterruptedException: sleep interrupted
2019-10-16 21:11:22,660 [grpc-default-executor-1] INFO  impl.RoleInfo (RoleInfo.java:updateAndGet(143)) - 65da0c80-3604-4ac2-9a39-ee88d748a153: start FollowerState
2019-10-16 21:11:22,685 [52743044-8979-4a08-8013-92a14c548982@group-146C50BE7901-LeaderElection22] INFO  impl.LeaderElection (LeaderElection.java:logAndReturn(56)) - 52743044-8979-4a08-8013-92a14c548982@group-146C50BE7901-LeaderElection22: Election TIMEOUT; received 0 response(s) [] and 0 exception(s); 52743044-8979-4a08-8013-92a14c548982@group-146C50BE7901:t13, leader=null, voted=52743044-8979-4a08-8013-92a14c548982, raftlog=52743044-8979-4a08-8013-92a14c548982@group-146C50BE7901-SegmentedRaftLog:OPENED:c-1,f-1,i0, conf=-1: [904f39be-c3d3-4df4-99c0-2e4526e577e3:192.168.157.254:45339, 52743044-8979-4a08-8013-92a14c548982:192.168.157.254:36428, 65da0c80-3604-4ac2-9a39-ee88d748a153:192.168.157.254:37466], old=null
2019-10-16 21:11:22,779 [52743044-8979-4a08-8013-92a14c548982@group-146C50BE7901-LeaderElection22] INFO  impl.LeaderElection (LeaderElection.java:askForVotes(178)) - 52743044-8979-4a08-8013-92a14c548982@group-146C50BE7901-LeaderElection22: begin an election at term 14 for -1: [904f39be-c3d3-4df4-99c0-2e4526e577e3:192.168.157.254:45339, 52743044-8979-4a08-8013-92a14c548982:192.168.157.254:36428, 65da0c80-3604-4ac2-9a39-ee88d748a153:192.168.157.254:37466], old=null
2019-10-16 21:11:22,782 [52743044-8979-4a08-8013-92a14c548982@group-146C50BE7901-LeaderElection22] INFO  impl.LeaderElection (LeaderElection.java:logAndReturn(56)) - 52743044-8979-4a08-8013-92a14c548982@group-146C50BE7901-LeaderElection22: Election TIMEOUT; received 0 response(s) [] and 0 exception(s); 52743044-8979-4a08-8013-92a14c548982@group-146C50BE7901:t14, leader=null, voted=52743044-8979-4a08-8013-92a14c548982, raftlog=52743044-8979-4a08-8013-92a14c548982@group-146C50BE7901-SegmentedRaftLog:OPENED:c-1,f-1,i0, conf=-1: [904f39be-c3d3-4df4-99c0-2e4526e577e3:192.168.157.254:45339, 52743044-8979-4a08-8013-92a14c548982:192.168.157.254:36428, 65da0c80-3604-4ac2-9a39-ee88d748a153:192.168.157.254:37466], old=null
2019-10-16 21:11:22,782 [grpc-default-executor-0] INFO  impl.RaftServerImpl (RaftServerImpl.java:setRole(184)) - 65da0c80-3604-4ac2-9a39-ee88d748a153@group-146C50BE7901: changes role from  FOLLOWER to FOLLOWER at term 14 for recognizeCandidate:52743044-8979-4a08-8013-92a14c548982
2019-10-16 21:11:22,783 [grpc-default-executor-0] INFO  impl.RoleInfo (RoleInfo.java:shutdownFollowerState(121)) - 65da0c80-3604-4ac2-9a39-ee88d748a153: shutdown FollowerState
2019-10-16 21:11:22,783 [grpc-default-executor-1] INFO  impl.RaftServerImpl (RaftServerImpl.java:setRole(184)) - 904f39be-c3d3-4df4-99c0-2e4526e577e3@group-146C50BE7901: changes role from  FOLLOWER to FOLLOWER at term 14 for recognizeCandidate:52743044-8979-4a08-8013-92a14c548982
2019-10-16 21:11:22,784 [grpc-default-executor-0] INFO  impl.RoleInfo (RoleInfo.java:updateAndGet(143)) - 65da0c80-3604-4ac2-9a39-ee88d748a153: start FollowerState
2019-10-16 21:11:22,784 [Thread-357] INFO  impl.FollowerState (FollowerState.java:run(117)) - 65da0c80-3604-4ac2-9a39-ee88d748a153@group-146C50BE7901-FollowerState was interrupted: java.lang.InterruptedException: sleep interrupted
2019-10-16 21:11:22,784 [grpc-default-executor-1] INFO  impl.RoleInfo (RoleInfo.java:shutdownFollowerState(121)) - 904f39be-c3d3-4df4-99c0-2e4526e577e3: shutdown FollowerState
2019-10-16 21:11:22,785 [Thread-356] INFO  impl.FollowerState (FollowerState.java:run(117)) - 904f39be-c3d3-4df4-99c0-2e4526e577e3@group-146C50BE7901-FollowerState was interrupted: java.lang.InterruptedException: sleep interrupted
2019-10-16 21:11:22,785 [grpc-default-executor-1] INFO  impl.RoleInfo (RoleInfo.java:updateAndGet(143)) - 904f39be-c3d3-4df4-99c0-2e4526e577e3: start FollowerState
2019-10-16 21:11:22,898 [52743044-8979-4a08-8013-92a14c548982@group-146C50BE7901-LeaderElection22] INFO  impl.LeaderElection (LeaderElection.java:askForVotes(178)) - 52743044-8979-4a08-8013-92a14c548982@group-146C50BE7901-LeaderElection22: begin an election at term 15 for -1: [904f39be-c3d3-4df4-99c0-2e4526e577e3:192.168.157.254:45339, 52743044-8979-4a08-8013-92a14c548982:192.168.157.254:36428, 65da0c80-3604-4ac2-9a39-ee88d748a153:192.168.157.254:37466], old=null
2019-10-16 21:11:22,901 [grpc-default-executor-0] INFO  impl.RaftServerImpl (RaftServerImpl.java:setRole(184)) - 65da0c80-3604-4ac2-9a39-ee88d748a153@group-146C50BE7901: changes role from  FOLLOWER to FOLLOWER at term 15 for recognizeCandidate:52743044-8979-4a08-8013-92a14c548982
2019-10-16 21:11:22,901 [grpc-default-executor-1] INFO  impl.RaftServerImpl (RaftServerImpl.java:setRole(184)) - 904f39be-c3d3-4df4-99c0-2e4526e577e3@group-146C50BE7901: changes role from  FOLLOWER to FOLLOWER at term 15 for recognizeCandidate:52743044-8979-4a08-8013-92a14c548982
2019-10-16 21:11:22,901 [grpc-default-executor-0] INFO  impl.RoleInfo (RoleInfo.java:shutdownFollowerState(121)) - 65da0c80-3604-4ac2-9a39-ee88d748a153: shutdown FollowerState
2019-10-16 21:11:22,902 [grpc-default-executor-1] INFO  impl.RoleInfo (RoleInfo.java:shutdownFollowerState(121)) - 904f39be-c3d3-4df4-99c0-2e4526e577e3: shutdown FollowerState
2019-10-16 21:11:22,902 [Thread-360] INFO  impl.FollowerState (FollowerState.java:run(117)) - 65da0c80-3604-4ac2-9a39-ee88d748a153@group-146C50BE7901-FollowerState was interrupted: java.lang.InterruptedException: sleep interrupted
2019-10-16 21:11:22,902 [grpc-default-executor-1] INFO  impl.RoleInfo (RoleInfo.java:updateAndGet(143)) - 904f39be-c3d3-4df4-99c0-2e4526e577e3: start FollowerState
2019-10-16 21:11:22,902 [grpc-default-executor-0] INFO  impl.RoleInfo (RoleInfo.java:updateAndGet(143)) - 65da0c80-3604-4ac2-9a39-ee88d748a153: start FollowerState
2019-10-16 21:11:22,902 [Thread-361] INFO  impl.FollowerState (FollowerState.java:run(117)) - 904f39be-c3d3-4df4-99c0-2e4526e577e3@group-146C50BE7901-FollowerState was interrupted: java.lang.InterruptedException: sleep interrupted
2019-10-16 21:11:23,053 [52743044-8979-4a08-8013-92a14c548982@group-146C50BE7901-LeaderElection22] INFO  impl.LeaderElection (LeaderElection.java:logAndReturn(56)) - 52743044-8979-4a08-8013-92a14c548982@group-146C50BE7901-LeaderElection22: Election REJECTED; received 2 response(s) [52743044-8979-4a08-8013-92a14c548982<-904f39be-c3d3-4df4-99c0-2e4526e577e3#0:FAIL-t15, 52743044-8979-4a08-8013-92a14c548982<-65da0c80-3604-4ac2-9a39-ee88d748a153#0:FAIL-t15] and 0 exception(s); 52743044-8979-4a08-8013-92a14c548982@group-146C50BE7901:t15, leader=null, voted=52743044-8979-4a08-8013-92a14c548982, raftlog=52743044-8979-4a08-8013-92a14c548982@group-146C50BE7901-SegmentedRaftLog:OPENED:c-1,f-1,i0, conf=-1: [904f39be-c3d3-4df4-99c0-2e4526e577e3:192.168.157.254:45339, 52743044-8979-4a08-8013-92a14c548982:192.168.157.254:36428, 65da0c80-3604-4ac2-9a39-ee88d748a153:192.168.157.254:37466], old=null
2019-10-16 21:11:23,054 [52743044-8979-4a08-8013-92a14c548982@group-146C50BE7901-LeaderElection22] INFO  impl.RaftServerImpl (RaftServerImpl.java:setRole(184)) - 52743044-8979-4a08-8013-92a14c548982@group-146C50BE7901: changes role from CANDIDATE to FOLLOWER at term 15 for DISCOVERED_A_NEW_TERM
2019-10-16 21:11:23,054 [52743044-8979-4a08-8013-92a14c548982@group-146C50BE7901-LeaderElection22] INFO  impl.RoleInfo (RoleInfo.java:shutdownLeaderElection(134)) - 52743044-8979-4a08-8013-92a14c548982: shutdown LeaderElection
2019-10-16 21:11:23,054 [52743044-8979-4a08-8013-92a14c548982@group-146C50BE7901-LeaderElection22] INFO  impl.RoleInfo (RoleInfo.java:updateAndGet(143)) - 52743044-8979-4a08-8013-92a14c548982: start FollowerState
2019-10-16 21:11:23,187 [main] INFO  ozone.MiniOzoneClusterImpl (MiniOzoneClusterImpl.java:lambda$waitForClusterToBeReady$2(164)) - Waiting for 1 number of pipelines out of 4, to report a leader.
2019-10-16 21:11:23,213 [Thread-366] INFO  impl.FollowerState (FollowerState.java:run(108)) - 52743044-8979-4a08-8013-92a14c548982@group-146C50BE7901-FollowerState: change to CANDIDATE, lastRpcTime:159ms, electionTimeout:159ms
2019-10-16 21:11:23,214 [Thread-366] INFO  impl.RoleInfo (RoleInfo.java:shutdownFollowerState(121)) - 52743044-8979-4a08-8013-92a14c548982: shutdown FollowerState
2019-10-16 21:11:23,214 [Thread-366] INFO  impl.RaftServerImpl (RaftServerImpl.java:setRole(184)) - 52743044-8979-4a08-8013-92a14c548982@group-146C50BE7901: changes role from  FOLLOWER to CANDIDATE at term 15 for changeToCandidate
2019-10-16 21:11:23,214 [Thread-366] INFO  impl.RoleInfo (RoleInfo.java:updateAndGet(143)) - 52743044-8979-4a08-8013-92a14c548982: start LeaderElection
2019-10-16 21:11:23,380 [52743044-8979-4a08-8013-92a14c548982@group-146C50BE7901-LeaderElection23] INFO  impl.LeaderElection (LeaderElection.java:askForVotes(178)) - 52743044-8979-4a08-8013-92a14c548982@group-146C50BE7901-LeaderElection23: begin an election at term 16 for -1: [904f39be-c3d3-4df4-99c0-2e4526e577e3:192.168.157.254:45339, 52743044-8979-4a08-8013-92a14c548982:192.168.157.254:36428, 65da0c80-3604-4ac2-9a39-ee88d748a153:192.168.157.254:37466], old=null
2019-10-16 21:11:23,385 [grpc-default-executor-1] INFO  impl.RaftServerImpl (RaftServerImpl.java:setRole(184)) - 65da0c80-3604-4ac2-9a39-ee88d748a153@group-146C50BE7901: changes role from  FOLLOWER to FOLLOWER at term 16 for recognizeCandidate:52743044-8979-4a08-8013-92a14c548982
2019-10-16 21:11:23,385 [grpc-default-executor-0] INFO  impl.RaftServerImpl (RaftServerImpl.java:setRole(184)) - 904f39be-c3d3-4df4-99c0-2e4526e577e3@group-146C50BE7901: changes role from  FOLLOWER to FOLLOWER at term 16 for recognizeCandidate:52743044-8979-4a08-8013-92a14c548982
2019-10-16 21:11:23,385 [grpc-default-executor-1] INFO  impl.RoleInfo (RoleInfo.java:shutdownFollowerState(121)) - 65da0c80-3604-4ac2-9a39-ee88d748a153: shutdown FollowerState
2019-10-16 21:11:23,385 [grpc-default-executor-0] INFO  impl.RoleInfo (RoleInfo.java:shutdownFollowerState(121)) - 904f39be-c3d3-4df4-99c0-2e4526e577e3: shutdown FollowerState
2019-10-16 21:11:23,386 [Thread-364] INFO  impl.FollowerState (FollowerState.java:run(117)) - 65da0c80-3604-4ac2-9a39-ee88d748a153@group-146C50BE7901-FollowerState was interrupted: java.lang.InterruptedException: sleep interrupted
2019-10-16 21:11:23,386 [Thread-365] INFO  impl.FollowerState (FollowerState.java:run(117)) - 904f39be-c3d3-4df4-99c0-2e4526e577e3@group-146C50BE7901-FollowerState was interrupted: java.lang.InterruptedException: sleep interrupted
2019-10-16 21:11:23,386 [grpc-default-executor-1] INFO  impl.RoleInfo (RoleInfo.java:updateAndGet(143)) - 65da0c80-3604-4ac2-9a39-ee88d748a153: start FollowerState
2019-10-16 21:11:23,386 [grpc-default-executor-0] INFO  impl.RoleInfo (RoleInfo.java:updateAndGet(143)) - 904f39be-c3d3-4df4-99c0-2e4526e577e3: start FollowerState
2019-10-16 21:11:23,445 [52743044-8979-4a08-8013-92a14c548982@group-146C50BE7901-LeaderElection23] INFO  impl.LeaderElection (LeaderElection.java:logAndReturn(56)) - 52743044-8979-4a08-8013-92a14c548982@group-146C50BE7901-LeaderElection23: Election REJECTED; received 2 response(s) [52743044-8979-4a08-8013-92a14c548982<-904f39be-c3d3-4df4-99c0-2e4526e577e3#0:FAIL-t16, 52743044-8979-4a08-8013-92a14c548982<-65da0c80-3604-4ac2-9a39-ee88d748a153#0:FAIL-t16] and 0 exception(s); 52743044-8979-4a08-8013-92a14c548982@group-146C50BE7901:t16, leader=null, voted=52743044-8979-4a08-8013-92a14c548982, raftlog=52743044-8979-4a08-8013-92a14c548982@group-146C50BE7901-SegmentedRaftLog:OPENED:c-1,f-1,i0, conf=-1: [904f39be-c3d3-4df4-99c0-2e4526e577e3:192.168.157.254:45339, 52743044-8979-4a08-8013-92a14c548982:192.168.157.254:36428, 65da0c80-3604-4ac2-9a39-ee88d748a153:192.168.157.254:37466], old=null
2019-10-16 21:11:23,445 [52743044-8979-4a08-8013-92a14c548982@group-146C50BE7901-LeaderElection23] INFO  impl.RaftServerImpl (RaftServerImpl.java:setRole(184)) - 52743044-8979-4a08-8013-92a14c548982@group-146C50BE7901: changes role from CANDIDATE to FOLLOWER at term 16 for DISCOVERED_A_NEW_TERM
2019-10-16 21:11:23,445 [52743044-8979-4a08-8013-92a14c548982@group-146C50BE7901-LeaderElection23] INFO  impl.RoleInfo (RoleInfo.java:shutdownLeaderElection(134)) - 52743044-8979-4a08-8013-92a14c548982: shutdown LeaderElection
2019-10-16 21:11:23,445 [52743044-8979-4a08-8013-92a14c548982@group-146C50BE7901-LeaderElection23] INFO  impl.RoleInfo (RoleInfo.java:updateAndGet(143)) - 52743044-8979-4a08-8013-92a14c548982: start FollowerState
2019-10-16 21:11:23,563 [Thread-372] INFO  impl.FollowerState (FollowerState.java:run(108)) - 52743044-8979-4a08-8013-92a14c548982@group-146C50BE7901-FollowerState: change to CANDIDATE, lastRpcTime:117ms, electionTimeout:117ms
2019-10-16 21:11:23,565 [Thread-372] INFO  impl.RoleInfo (RoleInfo.java:shutdownFollowerState(121)) - 52743044-8979-4a08-8013-92a14c548982: shutdown FollowerState
2019-10-16 21:11:23,565 [Thread-372] INFO  impl.RaftServerImpl (RaftServerImpl.java:setRole(184)) - 52743044-8979-4a08-8013-92a14c548982@group-146C50BE7901: changes role from  FOLLOWER to CANDIDATE at term 16 for changeToCandidate
2019-10-16 21:11:23,565 [Thread-372] INFO  impl.RoleInfo (RoleInfo.java:updateAndGet(143)) - 52743044-8979-4a08-8013-92a14c548982: start LeaderElection
2019-10-16 21:11:23,635 [52743044-8979-4a08-8013-92a14c548982@group-146C50BE7901-LeaderElection24] INFO  impl.LeaderElection (LeaderElection.java:askForVotes(178)) - 52743044-8979-4a08-8013-92a14c548982@group-146C50BE7901-LeaderElection24: begin an election at term 17 for -1: [904f39be-c3d3-4df4-99c0-2e4526e577e3:192.168.157.254:45339, 52743044-8979-4a08-8013-92a14c548982:192.168.157.254:36428, 65da0c80-3604-4ac2-9a39-ee88d748a153:192.168.157.254:37466], old=null
2019-10-16 21:11:23,639 [grpc-default-executor-0] INFO  impl.RaftServerImpl (RaftServerImpl.java:setRole(184)) - 904f39be-c3d3-4df4-99c0-2e4526e577e3@group-146C50BE7901: changes role from  FOLLOWER to FOLLOWER at term 17 for recognizeCandidate:52743044-8979-4a08-8013-92a14c548982
2019-10-16 21:11:23,639 [grpc-default-executor-0] INFO  impl.RoleInfo (RoleInfo.java:shutdownFollowerState(121)) - 904f39be-c3d3-4df4-99c0-2e4526e577e3: shutdown FollowerState
2019-10-16 21:11:23,639 [grpc-default-executor-1] INFO  impl.RaftServerImpl (RaftServerImpl.java:setRole(184)) - 65da0c80-3604-4ac2-9a39-ee88d748a153@group-146C50BE7901: changes role from  FOLLOWER to FOLLOWER at term 17 for recognizeCandidate:52743044-8979-4a08-8013-92a14c548982
2019-10-16 21:11:23,639 [grpc-default-executor-0] INFO  impl.RoleInfo (RoleInfo.java:updateAndGet(143)) - 904f39be-c3d3-4df4-99c0-2e4526e577e3: start FollowerState
2019-10-16 21:11:23,639 [grpc-default-executor-1] INFO  impl.RoleInfo (RoleInfo.java:shutdownFollowerState(121)) - 65da0c80-3604-4ac2-9a39-ee88d748a153: shutdown FollowerState
2019-10-16 21:11:23,639 [Thread-371] INFO  impl.FollowerState (FollowerState.java:run(117)) - 904f39be-c3d3-4df4-99c0-2e4526e577e3@group-146C50BE7901-FollowerState was interrupted: java.lang.InterruptedException: sleep interrupted
2019-10-16 21:11:23,640 [Thread-370] INFO  impl.FollowerState (FollowerState.java:run(117)) - 65da0c80-3604-4ac2-9a39-ee88d748a153@group-146C50BE7901-FollowerState was interrupted: java.lang.InterruptedException: sleep interrupted
2019-10-16 21:11:23,640 [grpc-default-executor-1] INFO  impl.RoleInfo (RoleInfo.java:updateAndGet(143)) - 65da0c80-3604-4ac2-9a39-ee88d748a153: start FollowerState
2019-10-16 21:11:23,656 [52743044-8979-4a08-8013-92a14c548982@group-146C50BE7901-LeaderElection24] INFO  impl.LeaderElection (LeaderElection.java:logAndReturn(56)) - 52743044-8979-4a08-8013-92a14c548982@group-146C50BE7901-LeaderElection24: Election TIMEOUT; received 0 response(s) [] and 0 exception(s); 52743044-8979-4a08-8013-92a14c548982@group-146C50BE7901:t17, leader=null, voted=52743044-8979-4a08-8013-92a14c548982, raftlog=52743044-8979-4a08-8013-92a14c548982@group-146C50BE7901-SegmentedRaftLog:OPENED:c-1,f-1,i0, conf=-1: [904f39be-c3d3-4df4-99c0-2e4526e577e3:192.168.157.254:45339, 52743044-8979-4a08-8013-92a14c548982:192.168.157.254:36428, 65da0c80-3604-4ac2-9a39-ee88d748a153:192.168.157.254:37466], old=null
2019-10-16 21:11:23,722 [52743044-8979-4a08-8013-92a14c548982@group-146C50BE7901-LeaderElection24] INFO  impl.LeaderElection (LeaderElection.java:askForVotes(178)) - 52743044-8979-4a08-8013-92a14c548982@group-146C50BE7901-LeaderElection24: begin an election at term 18 for -1: [904f39be-c3d3-4df4-99c0-2e4526e577e3:192.168.157.254:45339, 52743044-8979-4a08-8013-92a14c548982:192.168.157.254:36428, 65da0c80-3604-4ac2-9a39-ee88d748a153:192.168.157.254:37466], old=null
2019-10-16 21:11:23,725 [grpc-default-executor-0] INFO  impl.RaftServerImpl (RaftServerImpl.java:setRole(184)) - 904f39be-c3d3-4df4-99c0-2e4526e577e3@group-146C50BE7901: changes role from  FOLLOWER to FOLLOWER at term 18 for recognizeCandidate:52743044-8979-4a08-8013-92a14c548982
2019-10-16 21:11:23,726 [grpc-default-executor-0] INFO  impl.RoleInfo (RoleInfo.java:shutdownFollowerState(121)) - 904f39be-c3d3-4df4-99c0-2e4526e577e3: shutdown FollowerState
2019-10-16 21:11:23,727 [grpc-default-executor-1] INFO  impl.RaftServerImpl (RaftServerImpl.java:setRole(184)) - 65da0c80-3604-4ac2-9a39-ee88d748a153@group-146C50BE7901: changes role from  FOLLOWER to FOLLOWER at term 18 for recognizeCandidate:52743044-8979-4a08-8013-92a14c548982
2019-10-16 21:11:23,727 [grpc-default-executor-0] INFO  impl.RoleInfo (RoleInfo.java:updateAndGet(143)) - 904f39be-c3d3-4df4-99c0-2e4526e577e3: start FollowerState
2019-10-16 21:11:23,727 [Thread-376] INFO  impl.FollowerState (FollowerState.java:run(117)) - 904f39be-c3d3-4df4-99c0-2e4526e577e3@group-146C50BE7901-FollowerState was interrupted: java.lang.InterruptedException: sleep interrupted
2019-10-16 21:11:23,727 [grpc-default-executor-1] INFO  impl.RoleInfo (RoleInfo.java:shutdownFollowerState(121)) - 65da0c80-3604-4ac2-9a39-ee88d748a153: shutdown FollowerState
2019-10-16 21:11:23,727 [Thread-377] INFO  impl.FollowerState (FollowerState.java:run(117)) - 65da0c80-3604-4ac2-9a39-ee88d748a153@group-146C50BE7901-FollowerState was interrupted: java.lang.InterruptedException: sleep interrupted
2019-10-16 21:11:23,727 [grpc-default-executor-1] INFO  impl.RoleInfo (RoleInfo.java:updateAndGet(143)) - 65da0c80-3604-4ac2-9a39-ee88d748a153: start FollowerState
2019-10-16 21:11:23,916 [52743044-8979-4a08-8013-92a14c548982@group-146C50BE7901-LeaderElection24] INFO  impl.LeaderElection (LeaderElection.java:logAndReturn(56)) - 52743044-8979-4a08-8013-92a14c548982@group-146C50BE7901-LeaderElection24: Election REJECTED; received 2 response(s) [52743044-8979-4a08-8013-92a14c548982<-904f39be-c3d3-4df4-99c0-2e4526e577e3#0:FAIL-t18, 52743044-8979-4a08-8013-92a14c548982<-65da0c80-3604-4ac2-9a39-ee88d748a153#0:FAIL-t18] and 0 exception(s); 52743044-8979-4a08-8013-92a14c548982@group-146C50BE7901:t18, leader=null, voted=52743044-8979-4a08-8013-92a14c548982, raftlog=52743044-8979-4a08-8013-92a14c548982@group-146C50BE7901-SegmentedRaftLog:OPENED:c-1,f-1,i0, conf=-1: [904f39be-c3d3-4df4-99c0-2e4526e577e3:192.168.157.254:45339, 52743044-8979-4a08-8013-92a14c548982:192.168.157.254:36428, 65da0c80-3604-4ac2-9a39-ee88d748a153:192.168.157.254:37466], old=null
2019-10-16 21:11:23,916 [52743044-8979-4a08-8013-92a14c548982@group-146C50BE7901-LeaderElection24] INFO  impl.RaftServerImpl (RaftServerImpl.java:setRole(184)) - 52743044-8979-4a08-8013-92a14c548982@group-146C50BE7901: changes role from CANDIDATE to FOLLOWER at term 18 for DISCOVERED_A_NEW_TERM
2019-10-16 21:11:23,916 [52743044-8979-4a08-8013-92a14c548982@group-146C50BE7901-LeaderElection24] INFO  impl.RoleInfo (RoleInfo.java:shutdownLeaderElection(134)) - 52743044-8979-4a08-8013-92a14c548982: shutdown LeaderElection
2019-10-16 21:11:23,917 [52743044-8979-4a08-8013-92a14c548982@group-146C50BE7901-LeaderElection24] INFO  impl.RoleInfo (RoleInfo.java:updateAndGet(143)) - 52743044-8979-4a08-8013-92a14c548982: start FollowerState
2019-10-16 21:11:23,926 [Thread-382] INFO  impl.FollowerState (FollowerState.java:run(108)) - 52743044-8979-4a08-8013-92a14c548982@group-146C50BE7901-FollowerState: change to CANDIDATE, lastRpcTime:9ms, electionTimeout:9ms
2019-10-16 21:11:23,931 [Thread-382] INFO  impl.RoleInfo (RoleInfo.java:shutdownFollowerState(121)) - 52743044-8979-4a08-8013-92a14c548982: shutdown FollowerState
2019-10-16 21:11:23,931 [Thread-382] INFO  impl.RaftServerImpl (RaftServerImpl.java:setRole(184)) - 52743044-8979-4a08-8013-92a14c548982@group-146C50BE7901: changes role from  FOLLOWER to CANDIDATE at term 18 for changeToCandidate
2019-10-16 21:11:23,931 [Thread-382] INFO  impl.RoleInfo (RoleInfo.java:updateAndGet(143)) - 52743044-8979-4a08-8013-92a14c548982: start LeaderElection
2019-10-16 21:11:24,015 [52743044-8979-4a08-8013-92a14c548982@group-146C50BE7901-LeaderElection25] INFO  impl.LeaderElection (LeaderElection.java:askForVotes(178)) - 52743044-8979-4a08-8013-92a14c548982@group-146C50BE7901-LeaderElection25: begin an election at term 19 for -1: [904f39be-c3d3-4df4-99c0-2e4526e577e3:192.168.157.254:45339, 52743044-8979-4a08-8013-92a14c548982:192.168.157.254:36428, 65da0c80-3604-4ac2-9a39-ee88d748a153:192.168.157.254:37466], old=null
2019-10-16 21:11:24,020 [grpc-default-executor-0] INFO  impl.RaftServerImpl (RaftServerImpl.java:setRole(184)) - 904f39be-c3d3-4df4-99c0-2e4526e577e3@group-146C50BE7901: changes role from  FOLLOWER to FOLLOWER at term 19 for recognizeCandidate:52743044-8979-4a08-8013-92a14c548982
2019-10-16 21:11:24,020 [grpc-default-executor-0] INFO  impl.RoleInfo (RoleInfo.java:shutdownFollowerState(121)) - 904f39be-c3d3-4df4-99c0-2e4526e577e3: shutdown FollowerState
2019-10-16 21:11:24,020 [grpc-default-executor-1] INFO  impl.RaftServerImpl (RaftServerImpl.java:setRole(184)) - 65da0c80-3604-4ac2-9a39-ee88d748a153@group-146C50BE7901: changes role from  FOLLOWER to FOLLOWER at term 19 for recognizeCandidate:52743044-8979-4a08-8013-92a14c548982
2019-10-16 21:11:24,020 [Thread-380] INFO  impl.FollowerState (FollowerState.java:run(117)) - 904f39be-c3d3-4df4-99c0-2e4526e577e3@group-146C50BE7901-FollowerState was interrupted: java.lang.InterruptedException: sleep interrupted
2019-10-16 21:11:24,020 [grpc-default-executor-1] INFO  impl.RoleInfo (RoleInfo.java:shutdownFollowerState(121)) - 65da0c80-3604-4ac2-9a39-ee88d748a153: shutdown FollowerState
2019-10-16 21:11:24,020 [grpc-default-executor-0] INFO  impl.RoleInfo (RoleInfo.java:updateAndGet(143)) - 904f39be-c3d3-4df4-99c0-2e4526e577e3: start FollowerState
2019-10-16 21:11:24,021 [Thread-381] INFO  impl.FollowerState (FollowerState.java:run(117)) - 65da0c80-3604-4ac2-9a39-ee88d748a153@group-146C50BE7901-FollowerState was interrupted: java.lang.InterruptedException: sleep interrupted
2019-10-16 21:11:24,021 [grpc-default-executor-1] INFO  impl.RoleInfo (RoleInfo.java:updateAndGet(143)) - 65da0c80-3604-4ac2-9a39-ee88d748a153: start FollowerState
2019-10-16 21:11:24,145 [52743044-8979-4a08-8013-92a14c548982@group-146C50BE7901-LeaderElection25] INFO  impl.LeaderElection (LeaderElection.java:logAndReturn(56)) - 52743044-8979-4a08-8013-92a14c548982@group-146C50BE7901-LeaderElection25: Election REJECTED; received 2 response(s) [52743044-8979-4a08-8013-92a14c548982<-904f39be-c3d3-4df4-99c0-2e4526e577e3#0:FAIL-t19, 52743044-8979-4a08-8013-92a14c548982<-65da0c80-3604-4ac2-9a39-ee88d748a153#0:FAIL-t19] and 0 exception(s); 52743044-8979-4a08-8013-92a14c548982@group-146C50BE7901:t19, leader=null, voted=52743044-8979-4a08-8013-92a14c548982, raftlog=52743044-8979-4a08-8013-92a14c548982@group-146C50BE7901-SegmentedRaftLog:OPENED:c-1,f-1,i0, conf=-1: [904f39be-c3d3-4df4-99c0-2e4526e577e3:192.168.157.254:45339, 52743044-8979-4a08-8013-92a14c548982:192.168.157.254:36428, 65da0c80-3604-4ac2-9a39-ee88d748a153:192.168.157.254:37466], old=null
2019-10-16 21:11:24,145 [52743044-8979-4a08-8013-92a14c548982@group-146C50BE7901-LeaderElection25] INFO  impl.RaftServerImpl (RaftServerImpl.java:setRole(184)) - 52743044-8979-4a08-8013-92a14c548982@group-146C50BE7901: changes role from CANDIDATE to FOLLOWER at term 19 for DISCOVERED_A_NEW_TERM
2019-10-16 21:11:24,146 [52743044-8979-4a08-8013-92a14c548982@group-146C50BE7901-LeaderElection25] INFO  impl.RoleInfo (RoleInfo.java:shutdownLeaderElection(134)) - 52743044-8979-4a08-8013-92a14c548982: shutdown LeaderElection
2019-10-16 21:11:24,146 [52743044-8979-4a08-8013-92a14c548982@group-146C50BE7901-LeaderElection25] INFO  impl.RoleInfo (RoleInfo.java:updateAndGet(143)) - 52743044-8979-4a08-8013-92a14c548982: start FollowerState
2019-10-16 21:11:24,189 [main] INFO  ozone.MiniOzoneClusterImpl (MiniOzoneClusterImpl.java:lambda$waitForClusterToBeReady$2(164)) - Waiting for 1 number of pipelines out of 4, to report a leader.
2019-10-16 21:11:24,308 [Thread-388] INFO  impl.FollowerState (FollowerState.java:run(108)) - 52743044-8979-4a08-8013-92a14c548982@group-146C50BE7901-FollowerState: change to CANDIDATE, lastRpcTime:162ms, electionTimeout:162ms
2019-10-16 21:11:24,309 [Thread-388] INFO  impl.RoleInfo (RoleInfo.java:shutdownFollowerState(121)) - 52743044-8979-4a08-8013-92a14c548982: shutdown FollowerState
2019-10-16 21:11:24,309 [Thread-388] INFO  impl.RaftServerImpl (RaftServerImpl.java:setRole(184)) - 52743044-8979-4a08-8013-92a14c548982@group-146C50BE7901: changes role from  FOLLOWER to CANDIDATE at term 19 for changeToCandidate
2019-10-16 21:11:24,309 [Thread-388] INFO  impl.RoleInfo (RoleInfo.java:updateAndGet(143)) - 52743044-8979-4a08-8013-92a14c548982: start LeaderElection
2019-10-16 21:11:24,410 [52743044-8979-4a08-8013-92a14c548982@group-146C50BE7901-LeaderElection26] INFO  impl.LeaderElection (LeaderElection.java:askForVotes(178)) - 52743044-8979-4a08-8013-92a14c548982@group-146C50BE7901-LeaderElection26: begin an election at term 20 for -1: [904f39be-c3d3-4df4-99c0-2e4526e577e3:192.168.157.254:45339, 52743044-8979-4a08-8013-92a14c548982:192.168.157.254:36428, 65da0c80-3604-4ac2-9a39-ee88d748a153:192.168.157.254:37466], old=null
2019-10-16 21:11:24,414 [grpc-default-executor-0] INFO  impl.RaftServerImpl (RaftServerImpl.java:setRole(184)) - 65da0c80-3604-4ac2-9a39-ee88d748a153@group-146C50BE7901: changes role from  FOLLOWER to FOLLOWER at term 20 for recognizeCandidate:52743044-8979-4a08-8013-92a14c548982
2019-10-16 21:11:24,414 [grpc-default-executor-1] INFO  impl.RaftServerImpl (RaftServerImpl.java:setRole(184)) - 904f39be-c3d3-4df4-99c0-2e4526e577e3@group-146C50BE7901: changes role from  FOLLOWER to FOLLOWER at term 20 for recognizeCandidate:52743044-8979-4a08-8013-92a14c548982
2019-10-16 21:11:24,414 [grpc-default-executor-0] INFO  impl.RoleInfo (RoleInfo.java:shutdownFollowerState(121)) - 65da0c80-3604-4ac2-9a39-ee88d748a153: shutdown FollowerState
2019-10-16 21:11:24,414 [grpc-default-executor-1] INFO  impl.RoleInfo (RoleInfo.java:shutdownFollowerState(121)) - 904f39be-c3d3-4df4-99c0-2e4526e577e3: shutdown FollowerState
2019-10-16 21:11:24,415 [grpc-default-executor-0] INFO  impl.RoleInfo (RoleInfo.java:updateAndGet(143)) - 65da0c80-3604-4ac2-9a39-ee88d748a153: start FollowerState
2019-10-16 21:11:24,415 [Thread-386] INFO  impl.FollowerState (FollowerState.java:run(117)) - 904f39be-c3d3-4df4-99c0-2e4526e577e3@group-146C50BE7901-FollowerState was interrupted: java.lang.InterruptedException: sleep interrupted
2019-10-16 21:11:24,415 [grpc-default-executor-1] INFO  impl.RoleInfo (RoleInfo.java:updateAndGet(143)) - 904f39be-c3d3-4df4-99c0-2e4526e577e3: start FollowerState
2019-10-16 21:11:24,415 [Thread-387] INFO  impl.FollowerState (FollowerState.java:run(117)) - 65da0c80-3604-4ac2-9a39-ee88d748a153@group-146C50BE7901-FollowerState was interrupted: java.lang.InterruptedException: sleep interrupted
2019-10-16 21:11:24,467 [52743044-8979-4a08-8013-92a14c548982@group-146C50BE7901-LeaderElection26] INFO  impl.LeaderElection (LeaderElection.java:logAndReturn(56)) - 52743044-8979-4a08-8013-92a14c548982@group-146C50BE7901-LeaderElection26: Election REJECTED; received 2 response(s) [52743044-8979-4a08-8013-92a14c548982<-904f39be-c3d3-4df4-99c0-2e4526e577e3#0:FAIL-t20, 52743044-8979-4a08-8013-92a14c548982<-65da0c80-3604-4ac2-9a39-ee88d748a153#0:FAIL-t20] and 0 exception(s); 52743044-8979-4a08-8013-92a14c548982@group-146C50BE7901:t20, leader=null, voted=52743044-8979-4a08-8013-92a14c548982, raftlog=52743044-8979-4a08-8013-92a14c548982@group-146C50BE7901-SegmentedRaftLog:OPENED:c-1,f-1,i0, conf=-1: [904f39be-c3d3-4df4-99c0-2e4526e577e3:192.168.157.254:45339, 52743044-8979-4a08-8013-92a14c548982:192.168.157.254:36428, 65da0c80-3604-4ac2-9a39-ee88d748a153:192.168.157.254:37466], old=null
2019-10-16 21:11:24,467 [52743044-8979-4a08-8013-92a14c548982@group-146C50BE7901-LeaderElection26] INFO  impl.RaftServerImpl (RaftServerImpl.java:setRole(184)) - 52743044-8979-4a08-8013-92a14c548982@group-146C50BE7901: changes role from CANDIDATE to FOLLOWER at term 20 for DISCOVERED_A_NEW_TERM
2019-10-16 21:11:24,468 [52743044-8979-4a08-8013-92a14c548982@group-146C50BE7901-LeaderElection26] INFO  impl.RoleInfo (RoleInfo.java:shutdownLeaderElection(134)) - 52743044-8979-4a08-8013-92a14c548982: shutdown LeaderElection
2019-10-16 21:11:24,468 [52743044-8979-4a08-8013-92a14c548982@group-146C50BE7901-LeaderElection26] INFO  impl.RoleInfo (RoleInfo.java:updateAndGet(143)) - 52743044-8979-4a08-8013-92a14c548982: start FollowerState
2019-10-16 21:11:24,504 [Thread-394] INFO  impl.FollowerState (FollowerState.java:run(108)) - 52743044-8979-4a08-8013-92a14c548982@group-146C50BE7901-FollowerState: change to CANDIDATE, lastRpcTime:36ms, electionTimeout:36ms
2019-10-16 21:11:24,504 [Thread-394] INFO  impl.RoleInfo (RoleInfo.java:shutdownFollowerState(121)) - 52743044-8979-4a08-8013-92a14c548982: shutdown FollowerState
2019-10-16 21:11:24,505 [Thread-394] INFO  impl.RaftServerImpl (RaftServerImpl.java:setRole(184)) - 52743044-8979-4a08-8013-92a14c548982@group-146C50BE7901: changes role from  FOLLOWER to CANDIDATE at term 20 for changeToCandidate
2019-10-16 21:11:24,505 [Thread-394] INFO  impl.RoleInfo (RoleInfo.java:updateAndGet(143)) - 52743044-8979-4a08-8013-92a14c548982: start LeaderElection
2019-10-16 21:11:24,610 [52743044-8979-4a08-8013-92a14c548982@group-146C50BE7901-LeaderElection27] INFO  impl.LeaderElection (LeaderElection.java:askForVotes(178)) - 52743044-8979-4a08-8013-92a14c548982@group-146C50BE7901-LeaderElection27: begin an election at term 21 for -1: [904f39be-c3d3-4df4-99c0-2e4526e577e3:192.168.157.254:45339, 52743044-8979-4a08-8013-92a14c548982:192.168.157.254:36428, 65da0c80-3604-4ac2-9a39-ee88d748a153:192.168.157.254:37466], old=null
2019-10-16 21:11:24,615 [grpc-default-executor-0] INFO  impl.RaftServerImpl (RaftServerImpl.java:setRole(184)) - 904f39be-c3d3-4df4-99c0-2e4526e577e3@group-146C50BE7901: changes role from  FOLLOWER to FOLLOWER at term 21 for recognizeCandidate:52743044-8979-4a08-8013-92a14c548982
2019-10-16 21:11:24,615 [grpc-default-executor-1] INFO  impl.RaftServerImpl (RaftServerImpl.java:setRole(184)) - 65da0c80-3604-4ac2-9a39-ee88d748a153@group-146C50BE7901: changes role from  FOLLOWER to FOLLOWER at term 21 for recognizeCandidate:52743044-8979-4a08-8013-92a14c548982
2019-10-16 21:11:24,615 [grpc-default-executor-0] INFO  impl.RoleInfo (RoleInfo.java:shutdownFollowerState(121)) - 904f39be-c3d3-4df4-99c0-2e4526e577e3: shutdown FollowerState
2019-10-16 21:11:24,615 [grpc-default-executor-1] INFO  impl.RoleInfo (RoleInfo.java:shutdownFollowerState(121)) - 65da0c80-3604-4ac2-9a39-ee88d748a153: shutdown FollowerState
2019-10-16 21:11:24,616 [grpc-default-executor-0] INFO  impl.RoleInfo (RoleInfo.java:updateAndGet(143)) - 904f39be-c3d3-4df4-99c0-2e4526e577e3: start FollowerState
2019-10-16 21:11:24,616 [Thread-393] INFO  impl.FollowerState (FollowerState.java:run(117)) - 904f39be-c3d3-4df4-99c0-2e4526e577e3@group-146C50BE7901-FollowerState was interrupted: java.lang.InterruptedException: sleep interrupted
2019-10-16 21:11:24,616 [grpc-default-executor-1] INFO  impl.RoleInfo (RoleInfo.java:updateAndGet(143)) - 65da0c80-3604-4ac2-9a39-ee88d748a153: start FollowerState
2019-10-16 21:11:24,616 [Thread-392] INFO  impl.FollowerState (FollowerState.java:run(117)) - 65da0c80-3604-4ac2-9a39-ee88d748a153@group-146C50BE7901-FollowerState was interrupted: java.lang.InterruptedException: sleep interrupted
2019-10-16 21:11:24,726 [52743044-8979-4a08-8013-92a14c548982@group-146C50BE7901-LeaderElection27] INFO  impl.LeaderElection (LeaderElection.java:logAndReturn(56)) - 52743044-8979-4a08-8013-92a14c548982@group-146C50BE7901-LeaderElection27: Election REJECTED; received 2 response(s) [52743044-8979-4a08-8013-92a14c548982<-904f39be-c3d3-4df4-99c0-2e4526e577e3#0:FAIL-t21, 52743044-8979-4a08-8013-92a14c548982<-65da0c80-3604-4ac2-9a39-ee88d748a153#0:FAIL-t21] and 0 exception(s); 52743044-8979-4a08-8013-92a14c548982@group-146C50BE7901:t21, leader=null, voted=52743044-8979-4a08-8013-92a14c548982, raftlog=52743044-8979-4a08-8013-92a14c548982@group-146C50BE7901-SegmentedRaftLog:OPENED:c-1,f-1,i0, conf=-1: [904f39be-c3d3-4df4-99c0-2e4526e577e3:192.168.157.254:45339, 52743044-8979-4a08-8013-92a14c548982:192.168.157.254:36428, 65da0c80-3604-4ac2-9a39-ee88d748a153:192.168.157.254:37466], old=null
2019-10-16 21:11:24,727 [52743044-8979-4a08-8013-92a14c548982@group-146C50BE7901-LeaderElection27] INFO  impl.RaftServerImpl (RaftServerImpl.java:setRole(184)) - 52743044-8979-4a08-8013-92a14c548982@group-146C50BE7901: changes role from CANDIDATE to FOLLOWER at term 21 for DISCOVERED_A_NEW_TERM
2019-10-16 21:11:24,727 [52743044-8979-4a08-8013-92a14c548982@group-146C50BE7901-LeaderElection27] INFO  impl.RoleInfo (RoleInfo.java:shutdownLeaderElection(134)) - 52743044-8979-4a08-8013-92a14c548982: shutdown LeaderElection
2019-10-16 21:11:24,727 [52743044-8979-4a08-8013-92a14c548982@group-146C50BE7901-LeaderElection27] INFO  impl.RoleInfo (RoleInfo.java:updateAndGet(143)) - 52743044-8979-4a08-8013-92a14c548982: start FollowerState
2019-10-16 21:11:24,861 [Thread-400] INFO  impl.FollowerState (FollowerState.java:run(108)) - 52743044-8979-4a08-8013-92a14c548982@group-146C50BE7901-FollowerState: change to CANDIDATE, lastRpcTime:133ms, electionTimeout:133ms
2019-10-16 21:11:24,861 [Thread-400] INFO  impl.RoleInfo (RoleInfo.java:shutdownFollowerState(121)) - 52743044-8979-4a08-8013-92a14c548982: shutdown FollowerState
2019-10-16 21:11:24,861 [Thread-400] INFO  impl.RaftServerImpl (RaftServerImpl.java:setRole(184)) - 52743044-8979-4a08-8013-92a14c548982@group-146C50BE7901: changes role from  FOLLOWER to CANDIDATE at term 21 for changeToCandidate
2019-10-16 21:11:24,862 [Thread-400] INFO  impl.RoleInfo (RoleInfo.java:updateAndGet(143)) - 52743044-8979-4a08-8013-92a14c548982: start LeaderElection
2019-10-16 21:11:24,921 [52743044-8979-4a08-8013-92a14c548982@group-146C50BE7901-LeaderElection28] INFO  impl.LeaderElection (LeaderElection.java:askForVotes(178)) - 52743044-8979-4a08-8013-92a14c548982@group-146C50BE7901-LeaderElection28: begin an election at term 22 for -1: [904f39be-c3d3-4df4-99c0-2e4526e577e3:192.168.157.254:45339, 52743044-8979-4a08-8013-92a14c548982:192.168.157.254:36428, 65da0c80-3604-4ac2-9a39-ee88d748a153:192.168.157.254:37466], old=null
2019-10-16 21:11:24,925 [grpc-default-executor-1] INFO  impl.RaftServerImpl (RaftServerImpl.java:setRole(184)) - 904f39be-c3d3-4df4-99c0-2e4526e577e3@group-146C50BE7901: changes role from  FOLLOWER to FOLLOWER at term 22 for recognizeCandidate:52743044-8979-4a08-8013-92a14c548982
2019-10-16 21:11:24,925 [grpc-default-executor-1] INFO  impl.RoleInfo (RoleInfo.java:shutdownFollowerState(121)) - 904f39be-c3d3-4df4-99c0-2e4526e577e3: shutdown FollowerState
2019-10-16 21:11:24,925 [Thread-398] INFO  impl.FollowerState (FollowerState.java:run(117)) - 904f39be-c3d3-4df4-99c0-2e4526e577e3@group-146C50BE7901-FollowerState was interrupted: java.lang.InterruptedException: sleep interrupted
2019-10-16 21:11:24,925 [grpc-default-executor-0] INFO  impl.RaftServerImpl (RaftServerImpl.java:setRole(184)) - 65da0c80-3604-4ac2-9a39-ee88d748a153@group-146C50BE7901: changes role from  FOLLOWER to FOLLOWER at term 22 for recognizeCandidate:52743044-8979-4a08-8013-92a14c548982
2019-10-16 21:11:24,925 [grpc-default-executor-1] INFO  impl.RoleInfo (RoleInfo.java:updateAndGet(143)) - 904f39be-c3d3-4df4-99c0-2e4526e577e3: start FollowerState
2019-10-16 21:11:24,925 [grpc-default-executor-0] INFO  impl.RoleInfo (RoleInfo.java:shutdownFollowerState(121)) - 65da0c80-3604-4ac2-9a39-ee88d748a153: shutdown FollowerState
2019-10-16 21:11:24,926 [Thread-399] INFO  impl.FollowerState (FollowerState.java:run(117)) - 65da0c80-3604-4ac2-9a39-ee88d748a153@group-146C50BE7901-FollowerState was interrupted: java.lang.InterruptedException: sleep interrupted
2019-10-16 21:11:24,926 [grpc-default-executor-0] INFO  impl.RoleInfo (RoleInfo.java:updateAndGet(143)) - 65da0c80-3604-4ac2-9a39-ee88d748a153: start FollowerState
2019-10-16 21:11:24,936 [52743044-8979-4a08-8013-92a14c548982@group-146C50BE7901-LeaderElection28] INFO  impl.LeaderElection (LeaderElection.java:logAndReturn(56)) - 52743044-8979-4a08-8013-92a14c548982@group-146C50BE7901-LeaderElection28: Election REJECTED; received 2 response(s) [52743044-8979-4a08-8013-92a14c548982<-904f39be-c3d3-4df4-99c0-2e4526e577e3#0:FAIL-t22, 52743044-8979-4a08-8013-92a14c548982<-65da0c80-3604-4ac2-9a39-ee88d748a153#0:FAIL-t22] and 0 exception(s); 52743044-8979-4a08-8013-92a14c548982@group-146C50BE7901:t22, leader=null, voted=52743044-8979-4a08-8013-92a14c548982, raftlog=52743044-8979-4a08-8013-92a14c548982@group-146C50BE7901-SegmentedRaftLog:OPENED:c-1,f-1,i0, conf=-1: [904f39be-c3d3-4df4-99c0-2e4526e577e3:192.168.157.254:45339, 52743044-8979-4a08-8013-92a14c548982:192.168.157.254:36428, 65da0c80-3604-4ac2-9a39-ee88d748a153:192.168.157.254:37466], old=null
2019-10-16 21:11:24,936 [52743044-8979-4a08-8013-92a14c548982@group-146C50BE7901-LeaderElection28] INFO  impl.RaftServerImpl (RaftServerImpl.java:setRole(184)) - 52743044-8979-4a08-8013-92a14c548982@group-146C50BE7901: changes role from CANDIDATE to FOLLOWER at term 22 for DISCOVERED_A_NEW_TERM
2019-10-16 21:11:24,937 [52743044-8979-4a08-8013-92a14c548982@group-146C50BE7901-LeaderElection28] INFO  impl.RoleInfo (RoleInfo.java:shutdownLeaderElection(134)) - 52743044-8979-4a08-8013-92a14c548982: shutdown LeaderElection
2019-10-16 21:11:24,937 [52743044-8979-4a08-8013-92a14c548982@group-146C50BE7901-LeaderElection28] INFO  impl.RoleInfo (RoleInfo.java:updateAndGet(143)) - 52743044-8979-4a08-8013-92a14c548982: start FollowerState
2019-10-16 21:11:24,981 [Thread-406] INFO  impl.FollowerState (FollowerState.java:run(108)) - 52743044-8979-4a08-8013-92a14c548982@group-146C50BE7901-FollowerState: change to CANDIDATE, lastRpcTime:44ms, electionTimeout:44ms
2019-10-16 21:11:24,981 [Thread-406] INFO  impl.RoleInfo (RoleInfo.java:shutdownFollowerState(121)) - 52743044-8979-4a08-8013-92a14c548982: shutdown FollowerState
2019-10-16 21:11:24,982 [Thread-406] INFO  impl.RaftServerImpl (RaftServerImpl.java:setRole(184)) - 52743044-8979-4a08-8013-92a14c548982@group-146C50BE7901: changes role from  FOLLOWER to CANDIDATE at term 22 for changeToCandidate
2019-10-16 21:11:24,982 [Thread-406] INFO  impl.RoleInfo (RoleInfo.java:updateAndGet(143)) - 52743044-8979-4a08-8013-92a14c548982: start LeaderElection
2019-10-16 21:11:25,043 [52743044-8979-4a08-8013-92a14c548982@group-146C50BE7901-LeaderElection29] INFO  impl.LeaderElection (LeaderElection.java:askForVotes(178)) - 52743044-8979-4a08-8013-92a14c548982@group-146C50BE7901-LeaderElection29: begin an election at term 23 for -1: [904f39be-c3d3-4df4-99c0-2e4526e577e3:192.168.157.254:45339, 52743044-8979-4a08-8013-92a14c548982:192.168.157.254:36428, 65da0c80-3604-4ac2-9a39-ee88d748a153:192.168.157.254:37466], old=null
2019-10-16 21:11:25,049 [grpc-default-executor-1] INFO  impl.RaftServerImpl (RaftServerImpl.java:setRole(184)) - 904f39be-c3d3-4df4-99c0-2e4526e577e3@group-146C50BE7901: changes role from  FOLLOWER to FOLLOWER at term 23 for recognizeCandidate:52743044-8979-4a08-8013-92a14c548982
2019-10-16 21:11:25,050 [grpc-default-executor-1] INFO  impl.RoleInfo (RoleInfo.java:shutdownFollowerState(121)) - 904f39be-c3d3-4df4-99c0-2e4526e577e3: shutdown FollowerState
2019-10-16 21:11:25,050 [Thread-404] INFO  impl.FollowerState (FollowerState.java:run(117)) - 904f39be-c3d3-4df4-99c0-2e4526e577e3@group-146C50BE7901-FollowerState was interrupted: java.lang.InterruptedException: sleep interrupted
2019-10-16 21:11:25,050 [grpc-default-executor-1] INFO  impl.RoleInfo (RoleInfo.java:updateAndGet(143)) - 904f39be-c3d3-4df4-99c0-2e4526e577e3: start FollowerState
2019-10-16 21:11:25,051 [grpc-default-executor-0] INFO  impl.RaftServerImpl (RaftServerImpl.java:setRole(184)) - 65da0c80-3604-4ac2-9a39-ee88d748a153@group-146C50BE7901: changes role from  FOLLOWER to FOLLOWER at term 23 for recognizeCandidate:52743044-8979-4a08-8013-92a14c548982
2019-10-16 21:11:25,052 [grpc-default-executor-0] INFO  impl.RoleInfo (RoleInfo.java:shutdownFollowerState(121)) - 65da0c80-3604-4ac2-9a39-ee88d748a153: shutdown FollowerState
2019-10-16 21:11:25,052 [Thread-405] INFO  impl.FollowerState (FollowerState.java:run(117)) - 65da0c80-3604-4ac2-9a39-ee88d748a153@group-146C50BE7901-FollowerState was interrupted: java.lang.InterruptedException: sleep interrupted
2019-10-16 21:11:25,052 [grpc-default-executor-0] INFO  impl.RoleInfo (RoleInfo.java:updateAndGet(143)) - 65da0c80-3604-4ac2-9a39-ee88d748a153: start FollowerState
2019-10-16 21:11:25,135 [52743044-8979-4a08-8013-92a14c548982@group-146C50BE7901-LeaderElection29] INFO  impl.LeaderElection (LeaderElection.java:logAndReturn(56)) - 52743044-8979-4a08-8013-92a14c548982@group-146C50BE7901-LeaderElection29: Election TIMEOUT; received 0 response(s) [] and 0 exception(s); 52743044-8979-4a08-8013-92a14c548982@group-146C50BE7901:t23, leader=null, voted=52743044-8979-4a08-8013-92a14c548982, raftlog=52743044-8979-4a08-8013-92a14c548982@group-146C50BE7901-SegmentedRaftLog:OPENED:c-1,f-1,i0, conf=-1: [904f39be-c3d3-4df4-99c0-2e4526e577e3:192.168.157.254:45339, 52743044-8979-4a08-8013-92a14c548982:192.168.157.254:36428, 65da0c80-3604-4ac2-9a39-ee88d748a153:192.168.157.254:37466], old=null
2019-10-16 21:11:25,190 [main] INFO  ozone.MiniOzoneClusterImpl (MiniOzoneClusterImpl.java:lambda$waitForClusterToBeReady$2(164)) - Waiting for 1 number of pipelines out of 4, to report a leader.
2019-10-16 21:11:25,923 [52743044-8979-4a08-8013-92a14c548982@group-146C50BE7901-LeaderElection29] INFO  impl.LeaderElection (LeaderElection.java:askForVotes(178)) - 52743044-8979-4a08-8013-92a14c548982@group-146C50BE7901-LeaderElection29: begin an election at term 24 for -1: [904f39be-c3d3-4df4-99c0-2e4526e577e3:192.168.157.254:45339, 52743044-8979-4a08-8013-92a14c548982:192.168.157.254:36428, 65da0c80-3604-4ac2-9a39-ee88d748a153:192.168.157.254:37466], old=null
2019-10-16 21:11:25,928 [grpc-default-executor-0] INFO  impl.RaftServerImpl (RaftServerImpl.java:setRole(184)) - 65da0c80-3604-4ac2-9a39-ee88d748a153@group-146C50BE7901: changes role from  FOLLOWER to FOLLOWER at term 24 for recognizeCandidate:52743044-8979-4a08-8013-92a14c548982
2019-10-16 21:11:25,928 [grpc-default-executor-1] INFO  impl.RaftServerImpl (RaftServerImpl.java:setRole(184)) - 904f39be-c3d3-4df4-99c0-2e4526e577e3@group-146C50BE7901: changes role from  FOLLOWER to FOLLOWER at term 24 for recognizeCandidate:52743044-8979-4a08-8013-92a14c548982
2019-10-16 21:11:25,928 [grpc-default-executor-0] INFO  impl.RoleInfo (RoleInfo.java:shutdownFollowerState(121)) - 65da0c80-3604-4ac2-9a39-ee88d748a153: shutdown FollowerState
2019-10-16 21:11:25,928 [grpc-default-executor-1] INFO  impl.RoleInfo (RoleInfo.java:shutdownFollowerState(121)) - 904f39be-c3d3-4df4-99c0-2e4526e577e3: shutdown FollowerState
2019-10-16 21:11:25,929 [grpc-default-executor-0] INFO  impl.RoleInfo (RoleInfo.java:updateAndGet(143)) - 65da0c80-3604-4ac2-9a39-ee88d748a153: start FollowerState
2019-10-16 21:11:25,929 [Thread-411] INFO  impl.FollowerState (FollowerState.java:run(117)) - 65da0c80-3604-4ac2-9a39-ee88d748a153@group-146C50BE7901-FollowerState was interrupted: java.lang.InterruptedException: sleep interrupted
2019-10-16 21:11:25,929 [grpc-default-executor-1] INFO  impl.RoleInfo (RoleInfo.java:updateAndGet(143)) - 904f39be-c3d3-4df4-99c0-2e4526e577e3: start FollowerState
2019-10-16 21:11:25,929 [Thread-410] INFO  impl.FollowerState (FollowerState.java:run(117)) - 904f39be-c3d3-4df4-99c0-2e4526e577e3@group-146C50BE7901-FollowerState was interrupted: java.lang.InterruptedException: sleep interrupted
2019-10-16 21:11:26,005 [52743044-8979-4a08-8013-92a14c548982@group-146C50BE7901-LeaderElection29] INFO  impl.LeaderElection (LeaderElection.java:logAndReturn(56)) - 52743044-8979-4a08-8013-92a14c548982@group-146C50BE7901-LeaderElection29: Election REJECTED; received 2 response(s) [52743044-8979-4a08-8013-92a14c548982<-904f39be-c3d3-4df4-99c0-2e4526e577e3#0:FAIL-t24, 52743044-8979-4a08-8013-92a14c548982<-65da0c80-3604-4ac2-9a39-ee88d748a153#0:FAIL-t24] and 0 exception(s); 52743044-8979-4a08-8013-92a14c548982@group-146C50BE7901:t24, leader=null, voted=52743044-8979-4a08-8013-92a14c548982, raftlog=52743044-8979-4a08-8013-92a14c548982@group-146C50BE7901-SegmentedRaftLog:OPENED:c-1,f-1,i0, conf=-1: [904f39be-c3d3-4df4-99c0-2e4526e577e3:192.168.157.254:45339, 52743044-8979-4a08-8013-92a14c548982:192.168.157.254:36428, 65da0c80-3604-4ac2-9a39-ee88d748a153:192.168.157.254:37466], old=null
2019-10-16 21:11:26,005 [52743044-8979-4a08-8013-92a14c548982@group-146C50BE7901-LeaderElection29] INFO  impl.RaftServerImpl (RaftServerImpl.java:setRole(184)) - 52743044-8979-4a08-8013-92a14c548982@group-146C50BE7901: changes role from CANDIDATE to FOLLOWER at term 24 for DISCOVERED_A_NEW_TERM
2019-10-16 21:11:26,006 [52743044-8979-4a08-8013-92a14c548982@group-146C50BE7901-LeaderElection29] INFO  impl.RoleInfo (RoleInfo.java:shutdownLeaderElection(134)) - 52743044-8979-4a08-8013-92a14c548982: shutdown LeaderElection
2019-10-16 21:11:26,006 [52743044-8979-4a08-8013-92a14c548982@group-146C50BE7901-LeaderElection29] INFO  impl.RoleInfo (RoleInfo.java:updateAndGet(143)) - 52743044-8979-4a08-8013-92a14c548982: start FollowerState
2019-10-16 21:11:26,079 [Thread-416] INFO  impl.FollowerState (FollowerState.java:run(108)) - 52743044-8979-4a08-8013-92a14c548982@group-146C50BE7901-FollowerState: change to CANDIDATE, lastRpcTime:73ms, electionTimeout:73ms
2019-10-16 21:11:26,079 [Thread-416] INFO  impl.RoleInfo (RoleInfo.java:shutdownFollowerState(121)) - 52743044-8979-4a08-8013-92a14c548982: shutdown FollowerState
2019-10-16 21:11:26,080 [Thread-416] INFO  impl.RaftServerImpl (RaftServerImpl.java:setRole(184)) - 52743044-8979-4a08-8013-92a14c548982@group-146C50BE7901: changes role from  FOLLOWER to CANDIDATE at term 24 for changeToCandidate
2019-10-16 21:11:26,080 [Thread-416] INFO  impl.RoleInfo (RoleInfo.java:updateAndGet(143)) - 52743044-8979-4a08-8013-92a14c548982: start LeaderElection
2019-10-16 21:11:26,152 [52743044-8979-4a08-8013-92a14c548982@group-146C50BE7901-LeaderElection30] INFO  impl.LeaderElection (LeaderElection.java:askForVotes(178)) - 52743044-8979-4a08-8013-92a14c548982@group-146C50BE7901-LeaderElection30: begin an election at term 25 for -1: [904f39be-c3d3-4df4-99c0-2e4526e577e3:192.168.157.254:45339, 52743044-8979-4a08-8013-92a14c548982:192.168.157.254:36428, 65da0c80-3604-4ac2-9a39-ee88d748a153:192.168.157.254:37466], old=null
2019-10-16 21:11:26,155 [grpc-default-executor-0] INFO  impl.RaftServerImpl (RaftServerImpl.java:setRole(184)) - 904f39be-c3d3-4df4-99c0-2e4526e577e3@group-146C50BE7901: changes role from  FOLLOWER to FOLLOWER at term 25 for recognizeCandidate:52743044-8979-4a08-8013-92a14c548982
2019-10-16 21:11:26,155 [grpc-default-executor-0] INFO  impl.RoleInfo (RoleInfo.java:shutdownFollowerState(121)) - 904f39be-c3d3-4df4-99c0-2e4526e577e3: shutdown FollowerState
2019-10-16 21:11:26,155 [grpc-default-executor-0] INFO  impl.RoleInfo (RoleInfo.java:updateAndGet(143)) - 904f39be-c3d3-4df4-99c0-2e4526e577e3: start FollowerState
2019-10-16 21:11:26,155 [Thread-415] INFO  impl.FollowerState (FollowerState.java:run(117)) - 904f39be-c3d3-4df4-99c0-2e4526e577e3@group-146C50BE7901-FollowerState was interrupted: java.lang.InterruptedException: sleep interrupted
2019-10-16 21:11:26,155 [grpc-default-executor-1] INFO  impl.RaftServerImpl (RaftServerImpl.java:setRole(184)) - 65da0c80-3604-4ac2-9a39-ee88d748a153@group-146C50BE7901: changes role from  FOLLOWER to FOLLOWER at term 25 for recognizeCandidate:52743044-8979-4a08-8013-92a14c548982
2019-10-16 21:11:26,155 [grpc-default-executor-1] INFO  impl.RoleInfo (RoleInfo.java:shutdownFollowerState(121)) - 65da0c80-3604-4ac2-9a39-ee88d748a153: shutdown FollowerState
2019-10-16 21:11:26,156 [Thread-414] INFO  impl.FollowerState (FollowerState.java:run(117)) - 65da0c80-3604-4ac2-9a39-ee88d748a153@group-146C50BE7901-FollowerState was interrupted: java.lang.InterruptedException: sleep interrupted
2019-10-16 21:11:26,156 [grpc-default-executor-1] INFO  impl.RoleInfo (RoleInfo.java:updateAndGet(143)) - 65da0c80-3604-4ac2-9a39-ee88d748a153: start FollowerState
2019-10-16 21:11:26,191 [main] INFO  ozone.MiniOzoneClusterImpl (MiniOzoneClusterImpl.java:lambda$waitForClusterToBeReady$2(164)) - Waiting for 1 number of pipelines out of 4, to report a leader.
2019-10-16 21:11:26,207 [52743044-8979-4a08-8013-92a14c548982@group-146C50BE7901-LeaderElection30] INFO  impl.LeaderElection (LeaderElection.java:logAndReturn(56)) - 52743044-8979-4a08-8013-92a14c548982@group-146C50BE7901-LeaderElection30: Election REJECTED; received 2 response(s) [52743044-8979-4a08-8013-92a14c548982<-904f39be-c3d3-4df4-99c0-2e4526e577e3#0:FAIL-t25, 52743044-8979-4a08-8013-92a14c548982<-65da0c80-3604-4ac2-9a39-ee88d748a153#0:FAIL-t25] and 0 exception(s); 52743044-8979-4a08-8013-92a14c548982@group-146C50BE7901:t25, leader=null, voted=52743044-8979-4a08-8013-92a14c548982, raftlog=52743044-8979-4a08-8013-92a14c548982@group-146C50BE7901-SegmentedRaftLog:OPENED:c-1,f-1,i0, conf=-1: [904f39be-c3d3-4df4-99c0-2e4526e577e3:192.168.157.254:45339, 52743044-8979-4a08-8013-92a14c548982:192.168.157.254:36428, 65da0c80-3604-4ac2-9a39-ee88d748a153:192.168.157.254:37466], old=null
2019-10-16 21:11:26,207 [52743044-8979-4a08-8013-92a14c548982@group-146C50BE7901-LeaderElection30] INFO  impl.RaftServerImpl (RaftServerImpl.java:setRole(184)) - 52743044-8979-4a08-8013-92a14c548982@group-146C50BE7901: changes role from CANDIDATE to FOLLOWER at term 25 for DISCOVERED_A_NEW_TERM
2019-10-16 21:11:26,208 [52743044-8979-4a08-8013-92a14c548982@group-146C50BE7901-LeaderElection30] INFO  impl.RoleInfo (RoleInfo.java:shutdownLeaderElection(134)) - 52743044-8979-4a08-8013-92a14c548982: shutdown LeaderElection
2019-10-16 21:11:26,208 [52743044-8979-4a08-8013-92a14c548982@group-146C50BE7901-LeaderElection30] INFO  impl.RoleInfo (RoleInfo.java:updateAndGet(143)) - 52743044-8979-4a08-8013-92a14c548982: start FollowerState
2019-10-16 21:11:26,368 [Thread-422] INFO  impl.FollowerState (FollowerState.java:run(108)) - 52743044-8979-4a08-8013-92a14c548982@group-146C50BE7901-FollowerState: change to CANDIDATE, lastRpcTime:159ms, electionTimeout:159ms
2019-10-16 21:11:26,368 [Thread-422] INFO  impl.RoleInfo (RoleInfo.java:shutdownFollowerState(121)) - 52743044-8979-4a08-8013-92a14c548982: shutdown FollowerState
2019-10-16 21:11:26,368 [Thread-422] INFO  impl.RaftServerImpl (RaftServerImpl.java:setRole(184)) - 52743044-8979-4a08-8013-92a14c548982@group-146C50BE7901: changes role from  FOLLOWER to CANDIDATE at term 25 for changeToCandidate
2019-10-16 21:11:26,368 [Thread-422] INFO  impl.RoleInfo (RoleInfo.java:updateAndGet(143)) - 52743044-8979-4a08-8013-92a14c548982: start LeaderElection
2019-10-16 21:11:26,440 [52743044-8979-4a08-8013-92a14c548982@group-146C50BE7901-LeaderElection31] INFO  impl.LeaderElection (LeaderElection.java:askForVotes(178)) - 52743044-8979-4a08-8013-92a14c548982@group-146C50BE7901-LeaderElection31: begin an election at term 26 for -1: [904f39be-c3d3-4df4-99c0-2e4526e577e3:192.168.157.254:45339, 52743044-8979-4a08-8013-92a14c548982:192.168.157.254:36428, 65da0c80-3604-4ac2-9a39-ee88d748a153:192.168.157.254:37466], old=null
2019-10-16 21:11:26,445 [grpc-default-executor-1] INFO  impl.RaftServerImpl (RaftServerImpl.java:setRole(184)) - 904f39be-c3d3-4df4-99c0-2e4526e577e3@group-146C50BE7901: changes role from  FOLLOWER to FOLLOWER at term 26 for recognizeCandidate:52743044-8979-4a08-8013-92a14c548982
2019-10-16 21:11:26,445 [grpc-default-executor-0] INFO  impl.RaftServerImpl (RaftServerImpl.java:setRole(184)) - 65da0c80-3604-4ac2-9a39-ee88d748a153@group-146C50BE7901: changes role from  FOLLOWER to FOLLOWER at term 26 for recognizeCandidate:52743044-8979-4a08-8013-92a14c548982
2019-10-16 21:11:26,445 [grpc-default-executor-1] INFO  impl.RoleInfo (RoleInfo.java:shutdownFollowerState(121)) - 904f39be-c3d3-4df4-99c0-2e4526e577e3: shutdown FollowerState
2019-10-16 21:11:26,446 [grpc-default-executor-0] INFO  impl.RoleInfo (RoleInfo.java:shutdownFollowerState(121)) - 65da0c80-3604-4ac2-9a39-ee88d748a153: shutdown FollowerState
2019-10-16 21:11:26,446 [grpc-default-executor-1] INFO  impl.RoleInfo (RoleInfo.java:updateAndGet(143)) - 904f39be-c3d3-4df4-99c0-2e4526e577e3: start FollowerState
2019-10-16 21:11:26,446 [Thread-421] INFO  impl.FollowerState (FollowerState.java:run(117)) - 65da0c80-3604-4ac2-9a39-ee88d748a153@group-146C50BE7901-FollowerState was interrupted: java.lang.InterruptedException: sleep interrupted
2019-10-16 21:11:26,446 [grpc-default-executor-0] INFO  impl.RoleInfo (RoleInfo.java:updateAndGet(143)) - 65da0c80-3604-4ac2-9a39-ee88d748a153: start FollowerState
2019-10-16 21:11:26,446 [Thread-420] INFO  impl.FollowerState (FollowerState.java:run(117)) - 904f39be-c3d3-4df4-99c0-2e4526e577e3@group-146C50BE7901-FollowerState was interrupted: java.lang.InterruptedException: sleep interrupted
2019-10-16 21:11:26,499 [52743044-8979-4a08-8013-92a14c548982@group-146C50BE7901-LeaderElection31] INFO  impl.LeaderElection (LeaderElection.java:logAndReturn(56)) - 52743044-8979-4a08-8013-92a14c548982@group-146C50BE7901-LeaderElection31: Election REJECTED; received 2 response(s) [52743044-8979-4a08-8013-92a14c548982<-904f39be-c3d3-4df4-99c0-2e4526e577e3#0:FAIL-t26, 52743044-8979-4a08-8013-92a14c548982<-65da0c80-3604-4ac2-9a39-ee88d748a153#0:FAIL-t26] and 0 exception(s); 52743044-8979-4a08-8013-92a14c548982@group-146C50BE7901:t26, leader=null, voted=52743044-8979-4a08-8013-92a14c548982, raftlog=52743044-8979-4a08-8013-92a14c548982@group-146C50BE7901-SegmentedRaftLog:OPENED:c-1,f-1,i0, conf=-1: [904f39be-c3d3-4df4-99c0-2e4526e577e3:192.168.157.254:45339, 52743044-8979-4a08-8013-92a14c548982:192.168.157.254:36428, 65da0c80-3604-4ac2-9a39-ee88d748a153:192.168.157.254:37466], old=null
2019-10-16 21:11:26,500 [52743044-8979-4a08-8013-92a14c548982@group-146C50BE7901-LeaderElection31] INFO  impl.RaftServerImpl (RaftServerImpl.java:setRole(184)) - 52743044-8979-4a08-8013-92a14c548982@group-146C50BE7901: changes role from CANDIDATE to FOLLOWER at term 26 for DISCOVERED_A_NEW_TERM
2019-10-16 21:11:26,500 [52743044-8979-4a08-8013-92a14c548982@group-146C50BE7901-LeaderElection31] INFO  impl.RoleInfo (RoleInfo.java:shutdownLeaderElection(134)) - 52743044-8979-4a08-8013-92a14c548982: shutdown LeaderElection
2019-10-16 21:11:26,500 [52743044-8979-4a08-8013-92a14c548982@group-146C50BE7901-LeaderElection31] INFO  impl.RoleInfo (RoleInfo.java:updateAndGet(143)) - 52743044-8979-4a08-8013-92a14c548982: start FollowerState
2019-10-16 21:11:26,562 [Thread-428] INFO  impl.FollowerState (FollowerState.java:run(108)) - 52743044-8979-4a08-8013-92a14c548982@group-146C50BE7901-FollowerState: change to CANDIDATE, lastRpcTime:62ms, electionTimeout:62ms
2019-10-16 21:11:26,563 [Thread-428] INFO  impl.RoleInfo (RoleInfo.java:shutdownFollowerState(121)) - 52743044-8979-4a08-8013-92a14c548982: shutdown FollowerState
2019-10-16 21:11:26,563 [Thread-428] INFO  impl.RaftServerImpl (RaftServerImpl.java:setRole(184)) - 52743044-8979-4a08-8013-92a14c548982@group-146C50BE7901: changes role from  FOLLOWER to CANDIDATE at term 26 for changeToCandidate
2019-10-16 21:11:26,563 [Thread-428] INFO  impl.RoleInfo (RoleInfo.java:updateAndGet(143)) - 52743044-8979-4a08-8013-92a14c548982: start LeaderElection
2019-10-16 21:11:26,611 [52743044-8979-4a08-8013-92a14c548982@group-146C50BE7901-LeaderElection32] INFO  impl.LeaderElection (LeaderElection.java:askForVotes(178)) - 52743044-8979-4a08-8013-92a14c548982@group-146C50BE7901-LeaderElection32: begin an election at term 27 for -1: [904f39be-c3d3-4df4-99c0-2e4526e577e3:192.168.157.254:45339, 52743044-8979-4a08-8013-92a14c548982:192.168.157.254:36428, 65da0c80-3604-4ac2-9a39-ee88d748a153:192.168.157.254:37466], old=null
2019-10-16 21:11:26,614 [grpc-default-executor-0] INFO  impl.RaftServerImpl (RaftServerImpl.java:setRole(184)) - 904f39be-c3d3-4df4-99c0-2e4526e577e3@group-146C50BE7901: changes role from  FOLLOWER to FOLLOWER at term 27 for recognizeCandidate:52743044-8979-4a08-8013-92a14c548982
2019-10-16 21:11:26,614 [grpc-default-executor-0] INFO  impl.RoleInfo (RoleInfo.java:shutdownFollowerState(121)) - 904f39be-c3d3-4df4-99c0-2e4526e577e3: shutdown FollowerState
2019-10-16 21:11:26,614 [grpc-default-executor-0] INFO  impl.RoleInfo (RoleInfo.java:updateAndGet(143)) - 904f39be-c3d3-4df4-99c0-2e4526e577e3: start FollowerState
2019-10-16 21:11:26,614 [Thread-426] INFO  impl.FollowerState (FollowerState.java:run(117)) - 904f39be-c3d3-4df4-99c0-2e4526e577e3@group-146C50BE7901-FollowerState was interrupted: java.lang.InterruptedException: sleep interrupted
2019-10-16 21:11:26,615 [grpc-default-executor-1] INFO  impl.RaftServerImpl (RaftServerImpl.java:setRole(184)) - 65da0c80-3604-4ac2-9a39-ee88d748a153@group-146C50BE7901: changes role from  FOLLOWER to FOLLOWER at term 27 for recognizeCandidate:52743044-8979-4a08-8013-92a14c548982
2019-10-16 21:11:26,615 [grpc-default-executor-1] INFO  impl.RoleInfo (RoleInfo.java:shutdownFollowerState(121)) - 65da0c80-3604-4ac2-9a39-ee88d748a153: shutdown FollowerState
2019-10-16 21:11:26,615 [grpc-default-executor-1] INFO  impl.RoleInfo (RoleInfo.java:updateAndGet(143)) - 65da0c80-3604-4ac2-9a39-ee88d748a153: start FollowerState
2019-10-16 21:11:26,615 [Thread-427] INFO  impl.FollowerState (FollowerState.java:run(117)) - 65da0c80-3604-4ac2-9a39-ee88d748a153@group-146C50BE7901-FollowerState was interrupted: java.lang.InterruptedException: sleep interrupted
2019-10-16 21:11:26,652 [52743044-8979-4a08-8013-92a14c548982@group-146C50BE7901-LeaderElection32] INFO  impl.LeaderElection (LeaderElection.java:logAndReturn(56)) - 52743044-8979-4a08-8013-92a14c548982@group-146C50BE7901-LeaderElection32: Election TIMEOUT; received 0 response(s) [] and 0 exception(s); 52743044-8979-4a08-8013-92a14c548982@group-146C50BE7901:t27, leader=null, voted=52743044-8979-4a08-8013-92a14c548982, raftlog=52743044-8979-4a08-8013-92a14c548982@group-146C50BE7901-SegmentedRaftLog:OPENED:c-1,f-1,i0, conf=-1: [904f39be-c3d3-4df4-99c0-2e4526e577e3:192.168.157.254:45339, 52743044-8979-4a08-8013-92a14c548982:192.168.157.254:36428, 65da0c80-3604-4ac2-9a39-ee88d748a153:192.168.157.254:37466], old=null
2019-10-16 21:11:26,670 [52743044-8979-4a08-8013-92a14c548982@group-146C50BE7901-LeaderElection32] INFO  impl.LeaderElection (LeaderElection.java:askForVotes(178)) - 52743044-8979-4a08-8013-92a14c548982@group-146C50BE7901-LeaderElection32: begin an election at term 28 for -1: [904f39be-c3d3-4df4-99c0-2e4526e577e3:192.168.157.254:45339, 52743044-8979-4a08-8013-92a14c548982:192.168.157.254:36428, 65da0c80-3604-4ac2-9a39-ee88d748a153:192.168.157.254:37466], old=null
2019-10-16 21:11:26,674 [grpc-default-executor-1] INFO  impl.RaftServerImpl (RaftServerImpl.java:setRole(184)) - 65da0c80-3604-4ac2-9a39-ee88d748a153@group-146C50BE7901: changes role from  FOLLOWER to FOLLOWER at term 28 for recognizeCandidate:52743044-8979-4a08-8013-92a14c548982
2019-10-16 21:11:26,674 [grpc-default-executor-0] INFO  impl.RaftServerImpl (RaftServerImpl.java:setRole(184)) - 904f39be-c3d3-4df4-99c0-2e4526e577e3@group-146C50BE7901: changes role from  FOLLOWER to FOLLOWER at term 28 for recognizeCandidate:52743044-8979-4a08-8013-92a14c548982
2019-10-16 21:11:26,674 [grpc-default-executor-1] INFO  impl.RoleInfo (RoleInfo.java:shutdownFollowerState(121)) - 65da0c80-3604-4ac2-9a39-ee88d748a153: shutdown FollowerState
2019-10-16 21:11:26,674 [grpc-default-executor-0] INFO  impl.RoleInfo (RoleInfo.java:shutdownFollowerState(121)) - 904f39be-c3d3-4df4-99c0-2e4526e577e3: shutdown FollowerState
2019-10-16 21:11:26,674 [grpc-default-executor-1] INFO  impl.RoleInfo (RoleInfo.java:updateAndGet(143)) - 65da0c80-3604-4ac2-9a39-ee88d748a153: start FollowerState
2019-10-16 21:11:26,674 [Thread-433] INFO  impl.FollowerState (FollowerState.java:run(117)) - 65da0c80-3604-4ac2-9a39-ee88d748a153@group-146C50BE7901-FollowerState was interrupted: java.lang.InterruptedException: sleep interrupted
2019-10-16 21:11:26,675 [grpc-default-executor-0] INFO  impl.RoleInfo (RoleInfo.java:updateAndGet(143)) - 904f39be-c3d3-4df4-99c0-2e4526e577e3: start FollowerState
2019-10-16 21:11:26,675 [Thread-432] INFO  impl.FollowerState (FollowerState.java:run(117)) - 904f39be-c3d3-4df4-99c0-2e4526e577e3@group-146C50BE7901-FollowerState was interrupted: java.lang.InterruptedException: sleep interrupted
2019-10-16 21:11:26,733 [52743044-8979-4a08-8013-92a14c548982@group-146C50BE7901-LeaderElection32] INFO  impl.LeaderElection (LeaderElection.java:logAndReturn(56)) - 52743044-8979-4a08-8013-92a14c548982@group-146C50BE7901-LeaderElection32: Election REJECTED; received 2 response(s) [52743044-8979-4a08-8013-92a14c548982<-904f39be-c3d3-4df4-99c0-2e4526e577e3#0:FAIL-t28, 52743044-8979-4a08-8013-92a14c548982<-65da0c80-3604-4ac2-9a39-ee88d748a153#0:FAIL-t28] and 0 exception(s); 52743044-8979-4a08-8013-92a14c548982@group-146C50BE7901:t28, leader=null, voted=52743044-8979-4a08-8013-92a14c548982, raftlog=52743044-8979-4a08-8013-92a14c548982@group-146C50BE7901-SegmentedRaftLog:OPENED:c-1,f-1,i0, conf=-1: [904f39be-c3d3-4df4-99c0-2e4526e577e3:192.168.157.254:45339, 52743044-8979-4a08-8013-92a14c548982:192.168.157.254:36428, 65da0c80-3604-4ac2-9a39-ee88d748a153:192.168.157.254:37466], old=null
2019-10-16 21:11:26,733 [52743044-8979-4a08-8013-92a14c548982@group-146C50BE7901-LeaderElection32] INFO  impl.RaftServerImpl (RaftServerImpl.java:setRole(184)) - 52743044-8979-4a08-8013-92a14c548982@group-146C50BE7901: changes role from CANDIDATE to FOLLOWER at term 28 for DISCOVERED_A_NEW_TERM
2019-10-16 21:11:26,733 [52743044-8979-4a08-8013-92a14c548982@group-146C50BE7901-LeaderElection32] INFO  impl.RoleInfo (RoleInfo.java:shutdownLeaderElection(134)) - 52743044-8979-4a08-8013-92a14c548982: shutdown LeaderElection
2019-10-16 21:11:26,733 [52743044-8979-4a08-8013-92a14c548982@group-146C50BE7901-LeaderElection32] INFO  impl.RoleInfo (RoleInfo.java:updateAndGet(143)) - 52743044-8979-4a08-8013-92a14c548982: start FollowerState
2019-10-16 21:11:26,809 [Thread-438] INFO  impl.FollowerState (FollowerState.java:run(108)) - 52743044-8979-4a08-8013-92a14c548982@group-146C50BE7901-FollowerState: change to CANDIDATE, lastRpcTime:75ms, electionTimeout:75ms
2019-10-16 21:11:26,809 [Thread-438] INFO  impl.RoleInfo (RoleInfo.java:shutdownFollowerState(121)) - 52743044-8979-4a08-8013-92a14c548982: shutdown FollowerState
2019-10-16 21:11:26,809 [Thread-438] INFO  impl.RaftServerImpl (RaftServerImpl.java:setRole(184)) - 52743044-8979-4a08-8013-92a14c548982@group-146C50BE7901: changes role from  FOLLOWER to CANDIDATE at term 28 for changeToCandidate
2019-10-16 21:11:26,809 [Thread-438] INFO  impl.RoleInfo (RoleInfo.java:updateAndGet(143)) - 52743044-8979-4a08-8013-92a14c548982: start LeaderElection
2019-10-16 21:11:26,870 [52743044-8979-4a08-8013-92a14c548982@group-146C50BE7901-LeaderElection33] INFO  impl.LeaderElection (LeaderElection.java:askForVotes(178)) - 52743044-8979-4a08-8013-92a14c548982@group-146C50BE7901-LeaderElection33: begin an election at term 29 for -1: [904f39be-c3d3-4df4-99c0-2e4526e577e3:192.168.157.254:45339, 52743044-8979-4a08-8013-92a14c548982:192.168.157.254:36428, 65da0c80-3604-4ac2-9a39-ee88d748a153:192.168.157.254:37466], old=null
2019-10-16 21:11:26,874 [grpc-default-executor-1] INFO  impl.RaftServerImpl (RaftServerImpl.java:setRole(184)) - 904f39be-c3d3-4df4-99c0-2e4526e577e3@group-146C50BE7901: changes role from  FOLLOWER to FOLLOWER at term 29 for recognizeCandidate:52743044-8979-4a08-8013-92a14c548982
2019-10-16 21:11:26,874 [grpc-default-executor-1] INFO  impl.RoleInfo (RoleInfo.java:shutdownFollowerState(121)) - 904f39be-c3d3-4df4-99c0-2e4526e577e3: shutdown FollowerState
2019-10-16 21:11:26,874 [grpc-default-executor-0] INFO  impl.RaftServerImpl (RaftServerImpl.java:setRole(184)) - 65da0c80-3604-4ac2-9a39-ee88d748a153@group-146C50BE7901: changes role from  FOLLOWER to FOLLOWER at term 29 for recognizeCandidate:52743044-8979-4a08-8013-92a14c548982
2019-10-16 21:11:26,874 [Thread-437] INFO  impl.FollowerState (FollowerState.java:run(117)) - 904f39be-c3d3-4df4-99c0-2e4526e577e3@group-146C50BE7901-FollowerState was interrupted: java.lang.InterruptedException: sleep interrupted
2019-10-16 21:11:26,874 [grpc-default-executor-0] INFO  impl.RoleInfo (RoleInfo.java:shutdownFollowerState(121)) - 65da0c80-3604-4ac2-9a39-ee88d748a153: shutdown FollowerState
2019-10-16 21:11:26,874 [grpc-default-executor-1] INFO  impl.RoleInfo (RoleInfo.java:updateAndGet(143)) - 904f39be-c3d3-4df4-99c0-2e4526e577e3: start FollowerState
2019-10-16 21:11:26,875 [Thread-436] INFO  impl.FollowerState (FollowerState.java:run(117)) - 65da0c80-3604-4ac2-9a39-ee88d748a153@group-146C50BE7901-FollowerState was interrupted: java.lang.InterruptedException: sleep interrupted
2019-10-16 21:11:26,874 [grpc-default-executor-0] INFO  impl.RoleInfo (RoleInfo.java:updateAndGet(143)) - 65da0c80-3604-4ac2-9a39-ee88d748a153: start FollowerState
2019-10-16 21:11:26,948 [52743044-8979-4a08-8013-92a14c548982@group-146C50BE7901-LeaderElection33] INFO  impl.LeaderElection (LeaderElection.java:logAndReturn(56)) - 52743044-8979-4a08-8013-92a14c548982@group-146C50BE7901-LeaderElection33: Election REJECTED; received 2 response(s) [52743044-8979-4a08-8013-92a14c548982<-904f39be-c3d3-4df4-99c0-2e4526e577e3#0:FAIL-t29, 52743044-8979-4a08-8013-92a14c548982<-65da0c80-3604-4ac2-9a39-ee88d748a153#0:FAIL-t29] and 0 exception(s); 52743044-8979-4a08-8013-92a14c548982@group-146C50BE7901:t29, leader=null, voted=52743044-8979-4a08-8013-92a14c548982, raftlog=52743044-8979-4a08-8013-92a14c548982@group-146C50BE7901-SegmentedRaftLog:OPENED:c-1,f-1,i0, conf=-1: [904f39be-c3d3-4df4-99c0-2e4526e577e3:192.168.157.254:45339, 52743044-8979-4a08-8013-92a14c548982:192.168.157.254:36428, 65da0c80-3604-4ac2-9a39-ee88d748a153:192.168.157.254:37466], old=null
2019-10-16 21:11:26,949 [52743044-8979-4a08-8013-92a14c548982@group-146C50BE7901-LeaderElection33] INFO  impl.RaftServerImpl (RaftServerImpl.java:setRole(184)) - 52743044-8979-4a08-8013-92a14c548982@group-146C50BE7901: changes role from CANDIDATE to FOLLOWER at term 29 for DISCOVERED_A_NEW_TERM
2019-10-16 21:11:26,949 [52743044-8979-4a08-8013-92a14c548982@group-146C50BE7901-LeaderElection33] INFO  impl.RoleInfo (RoleInfo.java:shutdownLeaderElection(134)) - 52743044-8979-4a08-8013-92a14c548982: shutdown LeaderElection
2019-10-16 21:11:26,949 [52743044-8979-4a08-8013-92a14c548982@group-146C50BE7901-LeaderElection33] INFO  impl.RoleInfo (RoleInfo.java:updateAndGet(143)) - 52743044-8979-4a08-8013-92a14c548982: start FollowerState
2019-10-16 21:11:27,038 [Thread-444] INFO  impl.FollowerState (FollowerState.java:run(108)) - 52743044-8979-4a08-8013-92a14c548982@group-146C50BE7901-FollowerState: change to CANDIDATE, lastRpcTime:88ms, electionTimeout:88ms
2019-10-16 21:11:27,038 [Thread-444] INFO  impl.RoleInfo (RoleInfo.java:shutdownFollowerState(121)) - 52743044-8979-4a08-8013-92a14c548982: shutdown FollowerState
2019-10-16 21:11:27,038 [Thread-444] INFO  impl.RaftServerImpl (RaftServerImpl.java:setRole(184)) - 52743044-8979-4a08-8013-92a14c548982@group-146C50BE7901: changes role from  FOLLOWER to CANDIDATE at term 29 for changeToCandidate
2019-10-16 21:11:27,038 [Thread-444] INFO  impl.RoleInfo (RoleInfo.java:updateAndGet(143)) - 52743044-8979-4a08-8013-92a14c548982: start LeaderElection
2019-10-16 21:11:27,088 [52743044-8979-4a08-8013-92a14c548982@group-146C50BE7901-LeaderElection34] INFO  impl.LeaderElection (LeaderElection.java:askForVotes(178)) - 52743044-8979-4a08-8013-92a14c548982@group-146C50BE7901-LeaderElection34: begin an election at term 30 for -1: [904f39be-c3d3-4df4-99c0-2e4526e577e3:192.168.157.254:45339, 52743044-8979-4a08-8013-92a14c548982:192.168.157.254:36428, 65da0c80-3604-4ac2-9a39-ee88d748a153:192.168.157.254:37466], old=null
2019-10-16 21:11:27,092 [grpc-default-executor-1] INFO  impl.RaftServerImpl (RaftServerImpl.java:setRole(184)) - 904f39be-c3d3-4df4-99c0-2e4526e577e3@group-146C50BE7901: changes role from  FOLLOWER to FOLLOWER at term 30 for recognizeCandidate:52743044-8979-4a08-8013-92a14c548982
2019-10-16 21:11:27,092 [grpc-default-executor-0] INFO  impl.RaftServerImpl (RaftServerImpl.java:setRole(184)) - 65da0c80-3604-4ac2-9a39-ee88d748a153@group-146C50BE7901: changes role from  FOLLOWER to FOLLOWER at term 30 for recognizeCandidate:52743044-8979-4a08-8013-92a14c548982
2019-10-16 21:11:27,092 [grpc-default-executor-1] INFO  impl.RoleInfo (RoleInfo.java:shutdownFollowerState(121)) - 904f39be-c3d3-4df4-99c0-2e4526e577e3: shutdown FollowerState
2019-10-16 21:11:27,093 [grpc-default-executor-0] INFO  impl.RoleInfo (RoleInfo.java:shutdownFollowerState(121)) - 65da0c80-3604-4ac2-9a39-ee88d748a153: shutdown FollowerState
2019-10-16 21:11:27,093 [Thread-442] INFO  impl.FollowerState (FollowerState.java:run(117)) - 904f39be-c3d3-4df4-99c0-2e4526e577e3@group-146C50BE7901-FollowerState was interrupted: java.lang.InterruptedException: sleep interrupted
2019-10-16 21:11:27,093 [grpc-default-executor-1] INFO  impl.RoleInfo (RoleInfo.java:updateAndGet(143)) - 904f39be-c3d3-4df4-99c0-2e4526e577e3: start FollowerState
2019-10-16 21:11:27,093 [grpc-default-executor-0] INFO  impl.RoleInfo (RoleInfo.java:updateAndGet(143)) - 65da0c80-3604-4ac2-9a39-ee88d748a153: start FollowerState
2019-10-16 21:11:27,093 [Thread-443] INFO  impl.FollowerState (FollowerState.java:run(117)) - 65da0c80-3604-4ac2-9a39-ee88d748a153@group-146C50BE7901-FollowerState was interrupted: java.lang.InterruptedException: sleep interrupted
2019-10-16 21:11:27,135 [52743044-8979-4a08-8013-92a14c548982@group-146C50BE7901-LeaderElection34] INFO  impl.LeaderElection (LeaderElection.java:logAndReturn(56)) - 52743044-8979-4a08-8013-92a14c548982@group-146C50BE7901-LeaderElection34: Election REJECTED; received 2 response(s) [52743044-8979-4a08-8013-92a14c548982<-904f39be-c3d3-4df4-99c0-2e4526e577e3#0:FAIL-t30, 52743044-8979-4a08-8013-92a14c548982<-65da0c80-3604-4ac2-9a39-ee88d748a153#0:FAIL-t30] and 0 exception(s); 52743044-8979-4a08-8013-92a14c548982@group-146C50BE7901:t30, leader=null, voted=52743044-8979-4a08-8013-92a14c548982, raftlog=52743044-8979-4a08-8013-92a14c548982@group-146C50BE7901-SegmentedRaftLog:OPENED:c-1,f-1,i0, conf=-1: [904f39be-c3d3-4df4-99c0-2e4526e577e3:192.168.157.254:45339, 52743044-8979-4a08-8013-92a14c548982:192.168.157.254:36428, 65da0c80-3604-4ac2-9a39-ee88d748a153:192.168.157.254:37466], old=null
2019-10-16 21:11:27,135 [52743044-8979-4a08-8013-92a14c548982@group-146C50BE7901-LeaderElection34] INFO  impl.RaftServerImpl (RaftServerImpl.java:setRole(184)) - 52743044-8979-4a08-8013-92a14c548982@group-146C50BE7901: changes role from CANDIDATE to FOLLOWER at term 30 for DISCOVERED_A_NEW_TERM
2019-10-16 21:11:27,135 [52743044-8979-4a08-8013-92a14c548982@group-146C50BE7901-LeaderElection34] INFO  impl.RoleInfo (RoleInfo.java:shutdownLeaderElection(134)) - 52743044-8979-4a08-8013-92a14c548982: shutdown LeaderElection
2019-10-16 21:11:27,136 [52743044-8979-4a08-8013-92a14c548982@group-146C50BE7901-LeaderElection34] INFO  impl.RoleInfo (RoleInfo.java:updateAndGet(143)) - 52743044-8979-4a08-8013-92a14c548982: start FollowerState
2019-10-16 21:11:27,137 [Thread-450] INFO  impl.FollowerState (FollowerState.java:run(108)) - 52743044-8979-4a08-8013-92a14c548982@group-146C50BE7901-FollowerState: change to CANDIDATE, lastRpcTime:1ms, electionTimeout:1ms
2019-10-16 21:11:27,137 [Thread-450] INFO  impl.RoleInfo (RoleInfo.java:shutdownFollowerState(121)) - 52743044-8979-4a08-8013-92a14c548982: shutdown FollowerState
2019-10-16 21:11:27,138 [Thread-450] INFO  impl.RaftServerImpl (RaftServerImpl.java:setRole(184)) - 52743044-8979-4a08-8013-92a14c548982@group-146C50BE7901: changes role from  FOLLOWER to CANDIDATE at term 30 for changeToCandidate
2019-10-16 21:11:27,138 [Thread-450] INFO  impl.RoleInfo (RoleInfo.java:updateAndGet(143)) - 52743044-8979-4a08-8013-92a14c548982: start LeaderElection
2019-10-16 21:11:27,189 [52743044-8979-4a08-8013-92a14c548982@group-146C50BE7901-LeaderElection35] INFO  impl.LeaderElection (LeaderElection.java:askForVotes(178)) - 52743044-8979-4a08-8013-92a14c548982@group-146C50BE7901-LeaderElection35: begin an election at term 31 for -1: [904f39be-c3d3-4df4-99c0-2e4526e577e3:192.168.157.254:45339, 52743044-8979-4a08-8013-92a14c548982:192.168.157.254:36428, 65da0c80-3604-4ac2-9a39-ee88d748a153:192.168.157.254:37466], old=null
2019-10-16 21:11:27,193 [grpc-default-executor-0] INFO  impl.RaftServerImpl (RaftServerImpl.java:setRole(184)) - 65da0c80-3604-4ac2-9a39-ee88d748a153@group-146C50BE7901: changes role from  FOLLOWER to FOLLOWER at term 31 for recognizeCandidate:52743044-8979-4a08-8013-92a14c548982
2019-10-16 21:11:27,193 [grpc-default-executor-0] INFO  impl.RoleInfo (RoleInfo.java:shutdownFollowerState(121)) - 65da0c80-3604-4ac2-9a39-ee88d748a153: shutdown FollowerState
2019-10-16 21:11:27,193 [grpc-default-executor-1] INFO  impl.RaftServerImpl (RaftServerImpl.java:setRole(184)) - 904f39be-c3d3-4df4-99c0-2e4526e577e3@group-146C50BE7901: changes role from  FOLLOWER to FOLLOWER at term 31 for recognizeCandidate:52743044-8979-4a08-8013-92a14c548982
2019-10-16 21:11:27,193 [main] INFO  ozone.MiniOzoneClusterImpl (MiniOzoneClusterImpl.java:lambda$waitForClusterToBeReady$2(164)) - Waiting for 1 number of pipelines out of 4, to report a leader.
2019-10-16 21:11:27,193 [Thread-449] INFO  impl.FollowerState (FollowerState.java:run(117)) - 65da0c80-3604-4ac2-9a39-ee88d748a153@group-146C50BE7901-FollowerState was interrupted: java.lang.InterruptedException: sleep interrupted
2019-10-16 21:11:27,193 [grpc-default-executor-0] INFO  impl.RoleInfo (RoleInfo.java:updateAndGet(143)) - 65da0c80-3604-4ac2-9a39-ee88d748a153: start FollowerState
2019-10-16 21:11:27,193 [grpc-default-executor-1] INFO  impl.RoleInfo (RoleInfo.java:shutdownFollowerState(121)) - 904f39be-c3d3-4df4-99c0-2e4526e577e3: shutdown FollowerState
2019-10-16 21:11:27,194 [Thread-448] INFO  impl.FollowerState (FollowerState.java:run(117)) - 904f39be-c3d3-4df4-99c0-2e4526e577e3@group-146C50BE7901-FollowerState was interrupted: java.lang.InterruptedException: sleep interrupted
2019-10-16 21:11:27,194 [52743044-8979-4a08-8013-92a14c548982@group-146C50BE7901-LeaderElection35] INFO  impl.LeaderElection (LeaderElection.java:logAndReturn(56)) - 52743044-8979-4a08-8013-92a14c548982@group-146C50BE7901-LeaderElection35: Election TIMEOUT; received 0 response(s) [] and 0 exception(s); 52743044-8979-4a08-8013-92a14c548982@group-146C50BE7901:t31, leader=null, voted=52743044-8979-4a08-8013-92a14c548982, raftlog=52743044-8979-4a08-8013-92a14c548982@group-146C50BE7901-SegmentedRaftLog:OPENED:c-1,f-1,i0, conf=-1: [904f39be-c3d3-4df4-99c0-2e4526e577e3:192.168.157.254:45339, 52743044-8979-4a08-8013-92a14c548982:192.168.157.254:36428, 65da0c80-3604-4ac2-9a39-ee88d748a153:192.168.157.254:37466], old=null
2019-10-16 21:11:27,194 [grpc-default-executor-1] INFO  impl.RoleInfo (RoleInfo.java:updateAndGet(143)) - 904f39be-c3d3-4df4-99c0-2e4526e577e3: start FollowerState
2019-10-16 21:11:27,205 [52743044-8979-4a08-8013-92a14c548982@group-146C50BE7901-LeaderElection35] INFO  impl.LeaderElection (LeaderElection.java:askForVotes(178)) - 52743044-8979-4a08-8013-92a14c548982@group-146C50BE7901-LeaderElection35: begin an election at term 32 for -1: [904f39be-c3d3-4df4-99c0-2e4526e577e3:192.168.157.254:45339, 52743044-8979-4a08-8013-92a14c548982:192.168.157.254:36428, 65da0c80-3604-4ac2-9a39-ee88d748a153:192.168.157.254:37466], old=null
2019-10-16 21:11:27,208 [grpc-default-executor-0] INFO  impl.RaftServerImpl (RaftServerImpl.java:setRole(184)) - 904f39be-c3d3-4df4-99c0-2e4526e577e3@group-146C50BE7901: changes role from  FOLLOWER to FOLLOWER at term 32 for recognizeCandidate:52743044-8979-4a08-8013-92a14c548982
2019-10-16 21:11:27,208 [grpc-default-executor-0] INFO  impl.RoleInfo (RoleInfo.java:shutdownFollowerState(121)) - 904f39be-c3d3-4df4-99c0-2e4526e577e3: shutdown FollowerState
2019-10-16 21:11:27,209 [grpc-default-executor-1] INFO  impl.RaftServerImpl (RaftServerImpl.java:setRole(184)) - 65da0c80-3604-4ac2-9a39-ee88d748a153@group-146C50BE7901: changes role from  FOLLOWER to FOLLOWER at term 32 for recognizeCandidate:52743044-8979-4a08-8013-92a14c548982
2019-10-16 21:11:27,209 [grpc-default-executor-1] INFO  impl.RoleInfo (RoleInfo.java:shutdownFollowerState(121)) - 65da0c80-3604-4ac2-9a39-ee88d748a153: shutdown FollowerState
2019-10-16 21:11:27,209 [Thread-455] INFO  impl.FollowerState (FollowerState.java:run(117)) - 904f39be-c3d3-4df4-99c0-2e4526e577e3@group-146C50BE7901-FollowerState was interrupted: java.lang.InterruptedException: sleep interrupted
2019-10-16 21:11:27,209 [grpc-default-executor-0] INFO  impl.RoleInfo (RoleInfo.java:updateAndGet(143)) - 904f39be-c3d3-4df4-99c0-2e4526e577e3: start FollowerState
2019-10-16 21:11:27,209 [Thread-454] INFO  impl.FollowerState (FollowerState.java:run(117)) - 65da0c80-3604-4ac2-9a39-ee88d748a153@group-146C50BE7901-FollowerState was interrupted: java.lang.InterruptedException: sleep interrupted
2019-10-16 21:11:27,209 [grpc-default-executor-1] INFO  impl.RoleInfo (RoleInfo.java:updateAndGet(143)) - 65da0c80-3604-4ac2-9a39-ee88d748a153: start FollowerState
2019-10-16 21:11:27,266 [52743044-8979-4a08-8013-92a14c548982@group-146C50BE7901-LeaderElection35] INFO  impl.LeaderElection (LeaderElection.java:logAndReturn(56)) - 52743044-8979-4a08-8013-92a14c548982@group-146C50BE7901-LeaderElection35: Election REJECTED; received 2 response(s) [52743044-8979-4a08-8013-92a14c548982<-904f39be-c3d3-4df4-99c0-2e4526e577e3#0:FAIL-t32, 52743044-8979-4a08-8013-92a14c548982<-65da0c80-3604-4ac2-9a39-ee88d748a153#0:FAIL-t32] and 0 exception(s); 52743044-8979-4a08-8013-92a14c548982@group-146C50BE7901:t32, leader=null, voted=52743044-8979-4a08-8013-92a14c548982, raftlog=52743044-8979-4a08-8013-92a14c548982@group-146C50BE7901-SegmentedRaftLog:OPENED:c-1,f-1,i0, conf=-1: [904f39be-c3d3-4df4-99c0-2e4526e577e3:192.168.157.254:45339, 52743044-8979-4a08-8013-92a14c548982:192.168.157.254:36428, 65da0c80-3604-4ac2-9a39-ee88d748a153:192.168.157.254:37466], old=null
2019-10-16 21:11:27,266 [52743044-8979-4a08-8013-92a14c548982@group-146C50BE7901-LeaderElection35] INFO  impl.RaftServerImpl (RaftServerImpl.java:setRole(184)) - 52743044-8979-4a08-8013-92a14c548982@group-146C50BE7901: changes role from CANDIDATE to FOLLOWER at term 32 for DISCOVERED_A_NEW_TERM
2019-10-16 21:11:27,266 [52743044-8979-4a08-8013-92a14c548982@group-146C50BE7901-LeaderElection35] INFO  impl.RoleInfo (RoleInfo.java:shutdownLeaderElection(134)) - 52743044-8979-4a08-8013-92a14c548982: shutdown LeaderElection
2019-10-16 21:11:27,267 [52743044-8979-4a08-8013-92a14c548982@group-146C50BE7901-LeaderElection35] INFO  impl.RoleInfo (RoleInfo.java:updateAndGet(143)) - 52743044-8979-4a08-8013-92a14c548982: start FollowerState
2019-10-16 21:11:27,465 [Thread-460] INFO  impl.FollowerState (FollowerState.java:run(108)) - 52743044-8979-4a08-8013-92a14c548982@group-146C50BE7901-FollowerState: change to CANDIDATE, lastRpcTime:198ms, electionTimeout:198ms
2019-10-16 21:11:27,465 [Thread-460] INFO  impl.RoleInfo (RoleInfo.java:shutdownFollowerState(121)) - 52743044-8979-4a08-8013-92a14c548982: shutdown FollowerState
2019-10-16 21:11:27,465 [Thread-460] INFO  impl.RaftServerImpl (RaftServerImpl.java:setRole(184)) - 52743044-8979-4a08-8013-92a14c548982@group-146C50BE7901: changes role from  FOLLOWER to CANDIDATE at term 32 for changeToCandidate
2019-10-16 21:11:27,466 [Thread-460] INFO  impl.RoleInfo (RoleInfo.java:updateAndGet(143)) - 52743044-8979-4a08-8013-92a14c548982: start LeaderElection
2019-10-16 21:11:27,481 [52743044-8979-4a08-8013-92a14c548982@group-146C50BE7901-LeaderElection36] INFO  impl.LeaderElection (LeaderElection.java:askForVotes(178)) - 52743044-8979-4a08-8013-92a14c548982@group-146C50BE7901-LeaderElection36: begin an election at term 33 for -1: [904f39be-c3d3-4df4-99c0-2e4526e577e3:192.168.157.254:45339, 52743044-8979-4a08-8013-92a14c548982:192.168.157.254:36428, 65da0c80-3604-4ac2-9a39-ee88d748a153:192.168.157.254:37466], old=null
2019-10-16 21:11:27,485 [grpc-default-executor-0] INFO  impl.RaftServerImpl (RaftServerImpl.java:setRole(184)) - 904f39be-c3d3-4df4-99c0-2e4526e577e3@group-146C50BE7901: changes role from  FOLLOWER to FOLLOWER at term 33 for recognizeCandidate:52743044-8979-4a08-8013-92a14c548982
2019-10-16 21:11:27,485 [grpc-default-executor-0] INFO  impl.RoleInfo (RoleInfo.java:shutdownFollowerState(121)) - 904f39be-c3d3-4df4-99c0-2e4526e577e3: shutdown FollowerState
2019-10-16 21:11:27,485 [grpc-default-executor-0] INFO  impl.RoleInfo (RoleInfo.java:updateAndGet(143)) - 904f39be-c3d3-4df4-99c0-2e4526e577e3: start FollowerState
2019-10-16 21:11:27,485 [Thread-458] INFO  impl.FollowerState (FollowerState.java:run(117)) - 904f39be-c3d3-4df4-99c0-2e4526e577e3@group-146C50BE7901-FollowerState was interrupted: java.lang.InterruptedException: sleep interrupted
2019-10-16 21:11:27,485 [grpc-default-executor-1] INFO  impl.RaftServerImpl (RaftServerImpl.java:setRole(184)) - 65da0c80-3604-4ac2-9a39-ee88d748a153@group-146C50BE7901: changes role from  FOLLOWER to FOLLOWER at term 33 for recognizeCandidate:52743044-8979-4a08-8013-92a14c548982
2019-10-16 21:11:27,486 [grpc-default-executor-1] INFO  impl.RoleInfo (RoleInfo.java:shutdownFollowerState(121)) - 65da0c80-3604-4ac2-9a39-ee88d748a153: shutdown FollowerState
2019-10-16 21:11:27,486 [Thread-459] INFO  impl.FollowerState (FollowerState.java:run(117)) - 65da0c80-3604-4ac2-9a39-ee88d748a153@group-146C50BE7901-FollowerState was interrupted: java.lang.InterruptedException: sleep interrupted
2019-10-16 21:11:27,486 [grpc-default-executor-1] INFO  impl.RoleInfo (RoleInfo.java:updateAndGet(143)) - 65da0c80-3604-4ac2-9a39-ee88d748a153: start FollowerState
2019-10-16 21:11:27,513 [52743044-8979-4a08-8013-92a14c548982@group-146C50BE7901-LeaderElection36] INFO  impl.LeaderElection (LeaderElection.java:logAndReturn(56)) - 52743044-8979-4a08-8013-92a14c548982@group-146C50BE7901-LeaderElection36: Election REJECTED; received 2 response(s) [52743044-8979-4a08-8013-92a14c548982<-904f39be-c3d3-4df4-99c0-2e4526e577e3#0:FAIL-t33, 52743044-8979-4a08-8013-92a14c548982<-65da0c80-3604-4ac2-9a39-ee88d748a153#0:FAIL-t33] and 0 exception(s); 52743044-8979-4a08-8013-92a14c548982@group-146C50BE7901:t33, leader=null, voted=52743044-8979-4a08-8013-92a14c548982, raftlog=52743044-8979-4a08-8013-92a14c548982@group-146C50BE7901-SegmentedRaftLog:OPENED:c-1,f-1,i0, conf=-1: [904f39be-c3d3-4df4-99c0-2e4526e577e3:192.168.157.254:45339, 52743044-8979-4a08-8013-92a14c548982:192.168.157.254:36428, 65da0c80-3604-4ac2-9a39-ee88d748a153:192.168.157.254:37466], old=null
2019-10-16 21:11:27,513 [52743044-8979-4a08-8013-92a14c548982@group-146C50BE7901-LeaderElection36] INFO  impl.RaftServerImpl (RaftServerImpl.java:setRole(184)) - 52743044-8979-4a08-8013-92a14c548982@group-146C50BE7901: changes role from CANDIDATE to FOLLOWER at term 33 for DISCOVERED_A_NEW_TERM
2019-10-16 21:11:27,513 [52743044-8979-4a08-8013-92a14c548982@group-146C50BE7901-LeaderElection36] INFO  impl.RoleInfo (RoleInfo.java:shutdownLeaderElection(134)) - 52743044-8979-4a08-8013-92a14c548982: shutdown LeaderElection
2019-10-16 21:11:27,514 [52743044-8979-4a08-8013-92a14c548982@group-146C50BE7901-LeaderElection36] INFO  impl.RoleInfo (RoleInfo.java:updateAndGet(143)) - 52743044-8979-4a08-8013-92a14c548982: start FollowerState
2019-10-16 21:11:27,580 [Thread-466] INFO  impl.FollowerState (FollowerState.java:run(108)) - 52743044-8979-4a08-8013-92a14c548982@group-146C50BE7901-FollowerState: change to CANDIDATE, lastRpcTime:66ms, electionTimeout:66ms
2019-10-16 21:11:27,580 [Thread-466] INFO  impl.RoleInfo (RoleInfo.java:shutdownFollowerState(121)) - 52743044-8979-4a08-8013-92a14c548982: shutdown FollowerState
2019-10-16 21:11:27,580 [Thread-466] INFO  impl.RaftServerImpl (RaftServerImpl.java:setRole(184)) - 52743044-8979-4a08-8013-92a14c548982@group-146C50BE7901: changes role from  FOLLOWER to CANDIDATE at term 33 for changeToCandidate
2019-10-16 21:11:27,581 [Thread-466] INFO  impl.RoleInfo (RoleInfo.java:updateAndGet(143)) - 52743044-8979-4a08-8013-92a14c548982: start LeaderElection
2019-10-16 21:11:27,589 [52743044-8979-4a08-8013-92a14c548982@group-146C50BE7901-LeaderElection37] INFO  impl.LeaderElection (LeaderElection.java:askForVotes(178)) - 52743044-8979-4a08-8013-92a14c548982@group-146C50BE7901-LeaderElection37: begin an election at term 34 for -1: [904f39be-c3d3-4df4-99c0-2e4526e577e3:192.168.157.254:45339, 52743044-8979-4a08-8013-92a14c548982:192.168.157.254:36428, 65da0c80-3604-4ac2-9a39-ee88d748a153:192.168.157.254:37466], old=null
2019-10-16 21:11:27,592 [grpc-default-executor-1] INFO  impl.RaftServerImpl (RaftServerImpl.java:setRole(184)) - 904f39be-c3d3-4df4-99c0-2e4526e577e3@group-146C50BE7901: changes role from  FOLLOWER to FOLLOWER at term 34 for recognizeCandidate:52743044-8979-4a08-8013-92a14c548982
2019-10-16 21:11:27,592 [grpc-default-executor-1] INFO  impl.RoleInfo (RoleInfo.java:shutdownFollowerState(121)) - 904f39be-c3d3-4df4-99c0-2e4526e577e3: shutdown FollowerState
2019-10-16 21:11:27,592 [grpc-default-executor-0] INFO  impl.RaftServerImpl (RaftServerImpl.java:setRole(184)) - 65da0c80-3604-4ac2-9a39-ee88d748a153@group-146C50BE7901: changes role from  FOLLOWER to FOLLOWER at term 34 for recognizeCandidate:52743044-8979-4a08-8013-92a14c548982
2019-10-16 21:11:27,592 [grpc-default-executor-1] INFO  impl.RoleInfo (RoleInfo.java:updateAndGet(143)) - 904f39be-c3d3-4df4-99c0-2e4526e577e3: start FollowerState
2019-10-16 21:11:27,592 [Thread-464] INFO  impl.FollowerState (FollowerState.java:run(117)) - 904f39be-c3d3-4df4-99c0-2e4526e577e3@group-146C50BE7901-FollowerState was interrupted: java.lang.InterruptedException: sleep interrupted
2019-10-16 21:11:27,593 [grpc-default-executor-0] INFO  impl.RoleInfo (RoleInfo.java:shutdownFollowerState(121)) - 65da0c80-3604-4ac2-9a39-ee88d748a153: shutdown FollowerState
2019-10-16 21:11:27,593 [Thread-465] INFO  impl.FollowerState (FollowerState.java:run(117)) - 65da0c80-3604-4ac2-9a39-ee88d748a153@group-146C50BE7901-FollowerState was interrupted: java.lang.InterruptedException: sleep interrupted
2019-10-16 21:11:27,593 [grpc-default-executor-0] INFO  impl.RoleInfo (RoleInfo.java:updateAndGet(143)) - 65da0c80-3604-4ac2-9a39-ee88d748a153: start FollowerState
2019-10-16 21:11:27,646 [52743044-8979-4a08-8013-92a14c548982@group-146C50BE7901-LeaderElection37] INFO  impl.LeaderElection (LeaderElection.java:logAndReturn(56)) - 52743044-8979-4a08-8013-92a14c548982@group-146C50BE7901-LeaderElection37: Election REJECTED; received 2 response(s) [52743044-8979-4a08-8013-92a14c548982<-904f39be-c3d3-4df4-99c0-2e4526e577e3#0:FAIL-t34, 52743044-8979-4a08-8013-92a14c548982<-65da0c80-3604-4ac2-9a39-ee88d748a153#0:FAIL-t34] and 0 exception(s); 52743044-8979-4a08-8013-92a14c548982@group-146C50BE7901:t34, leader=null, voted=52743044-8979-4a08-8013-92a14c548982, raftlog=52743044-8979-4a08-8013-92a14c548982@group-146C50BE7901-SegmentedRaftLog:OPENED:c-1,f-1,i0, conf=-1: [904f39be-c3d3-4df4-99c0-2e4526e577e3:192.168.157.254:45339, 52743044-8979-4a08-8013-92a14c548982:192.168.157.254:36428, 65da0c80-3604-4ac2-9a39-ee88d748a153:192.168.157.254:37466], old=null
2019-10-16 21:11:27,646 [52743044-8979-4a08-8013-92a14c548982@group-146C50BE7901-LeaderElection37] INFO  impl.RaftServerImpl (RaftServerImpl.java:setRole(184)) - 52743044-8979-4a08-8013-92a14c548982@group-146C50BE7901: changes role from CANDIDATE to FOLLOWER at term 34 for DISCOVERED_A_NEW_TERM
2019-10-16 21:11:27,646 [52743044-8979-4a08-8013-92a14c548982@group-146C50BE7901-LeaderElection37] INFO  impl.RoleInfo (RoleInfo.java:shutdownLeaderElection(134)) - 52743044-8979-4a08-8013-92a14c548982: shutdown LeaderElection
2019-10-16 21:11:27,647 [52743044-8979-4a08-8013-92a14c548982@group-146C50BE7901-LeaderElection37] INFO  impl.RoleInfo (RoleInfo.java:updateAndGet(143)) - 52743044-8979-4a08-8013-92a14c548982: start FollowerState
2019-10-16 21:11:27,764 [Thread-472] INFO  impl.FollowerState (FollowerState.java:run(108)) - 52743044-8979-4a08-8013-92a14c548982@group-146C50BE7901-FollowerState: change to CANDIDATE, lastRpcTime:117ms, electionTimeout:117ms
2019-10-16 21:11:27,764 [Thread-472] INFO  impl.RoleInfo (RoleInfo.java:shutdownFollowerState(121)) - 52743044-8979-4a08-8013-92a14c548982: shutdown FollowerState
2019-10-16 21:11:27,765 [Thread-472] INFO  impl.RaftServerImpl (RaftServerImpl.java:setRole(184)) - 52743044-8979-4a08-8013-92a14c548982@group-146C50BE7901: changes role from  FOLLOWER to CANDIDATE at term 34 for changeToCandidate
2019-10-16 21:11:27,765 [Thread-472] INFO  impl.RoleInfo (RoleInfo.java:updateAndGet(143)) - 52743044-8979-4a08-8013-92a14c548982: start LeaderElection
2019-10-16 21:11:27,801 [52743044-8979-4a08-8013-92a14c548982@group-146C50BE7901-LeaderElection38] INFO  impl.LeaderElection (LeaderElection.java:askForVotes(178)) - 52743044-8979-4a08-8013-92a14c548982@group-146C50BE7901-LeaderElection38: begin an election at term 35 for -1: [904f39be-c3d3-4df4-99c0-2e4526e577e3:192.168.157.254:45339, 52743044-8979-4a08-8013-92a14c548982:192.168.157.254:36428, 65da0c80-3604-4ac2-9a39-ee88d748a153:192.168.157.254:37466], old=null
2019-10-16 21:11:27,804 [grpc-default-executor-0] INFO  impl.RaftServerImpl (RaftServerImpl.java:setRole(184)) - 904f39be-c3d3-4df4-99c0-2e4526e577e3@group-146C50BE7901: changes role from  FOLLOWER to FOLLOWER at term 35 for recognizeCandidate:52743044-8979-4a08-8013-92a14c548982
2019-10-16 21:11:27,804 [grpc-default-executor-0] INFO  impl.RoleInfo (RoleInfo.java:shutdownFollowerState(121)) - 904f39be-c3d3-4df4-99c0-2e4526e577e3: shutdown FollowerState
2019-10-16 21:11:27,804 [grpc-default-executor-0] INFO  impl.RoleInfo (RoleInfo.java:updateAndGet(143)) - 904f39be-c3d3-4df4-99c0-2e4526e577e3: start FollowerState
2019-10-16 21:11:27,804 [Thread-470] INFO  impl.FollowerState (FollowerState.java:run(117)) - 904f39be-c3d3-4df4-99c0-2e4526e577e3@group-146C50BE7901-FollowerState was interrupted: java.lang.InterruptedException: sleep interrupted
2019-10-16 21:11:27,805 [grpc-default-executor-1] INFO  impl.RaftServerImpl (RaftServerImpl.java:setRole(184)) - 65da0c80-3604-4ac2-9a39-ee88d748a153@group-146C50BE7901: changes role from  FOLLOWER to FOLLOWER at term 35 for recognizeCandidate:52743044-8979-4a08-8013-92a14c548982
2019-10-16 21:11:27,805 [grpc-default-executor-1] INFO  impl.RoleInfo (RoleInfo.java:shutdownFollowerState(121)) - 65da0c80-3604-4ac2-9a39-ee88d748a153: shutdown FollowerState
2019-10-16 21:11:27,805 [Thread-471] INFO  impl.FollowerState (FollowerState.java:run(117)) - 65da0c80-3604-4ac2-9a39-ee88d748a153@group-146C50BE7901-FollowerState was interrupted: java.lang.InterruptedException: sleep interrupted
2019-10-16 21:11:27,805 [grpc-default-executor-1] INFO  impl.RoleInfo (RoleInfo.java:updateAndGet(143)) - 65da0c80-3604-4ac2-9a39-ee88d748a153: start FollowerState
2019-10-16 21:11:27,828 [52743044-8979-4a08-8013-92a14c548982@group-146C50BE7901-LeaderElection38] INFO  impl.LeaderElection (LeaderElection.java:logAndReturn(56)) - 52743044-8979-4a08-8013-92a14c548982@group-146C50BE7901-LeaderElection38: Election REJECTED; received 2 response(s) [52743044-8979-4a08-8013-92a14c548982<-904f39be-c3d3-4df4-99c0-2e4526e577e3#0:FAIL-t35, 52743044-8979-4a08-8013-92a14c548982<-65da0c80-3604-4ac2-9a39-ee88d748a153#0:FAIL-t35] and 0 exception(s); 52743044-8979-4a08-8013-92a14c548982@group-146C50BE7901:t35, leader=null, voted=52743044-8979-4a08-8013-92a14c548982, raftlog=52743044-8979-4a08-8013-92a14c548982@group-146C50BE7901-SegmentedRaftLog:OPENED:c-1,f-1,i0, conf=-1: [904f39be-c3d3-4df4-99c0-2e4526e577e3:192.168.157.254:45339, 52743044-8979-4a08-8013-92a14c548982:192.168.157.254:36428, 65da0c80-3604-4ac2-9a39-ee88d748a153:192.168.157.254:37466], old=null
2019-10-16 21:11:27,828 [52743044-8979-4a08-8013-92a14c548982@group-146C50BE7901-LeaderElection38] INFO  impl.RaftServerImpl (RaftServerImpl.java:setRole(184)) - 52743044-8979-4a08-8013-92a14c548982@group-146C50BE7901: changes role from CANDIDATE to FOLLOWER at term 35 for DISCOVERED_A_NEW_TERM
2019-10-16 21:11:27,828 [52743044-8979-4a08-8013-92a14c548982@group-146C50BE7901-LeaderElection38] INFO  impl.RoleInfo (RoleInfo.java:shutdownLeaderElection(134)) - 52743044-8979-4a08-8013-92a14c548982: shutdown LeaderElection
2019-10-16 21:11:27,828 [52743044-8979-4a08-8013-92a14c548982@group-146C50BE7901-LeaderElection38] INFO  impl.RoleInfo (RoleInfo.java:updateAndGet(143)) - 52743044-8979-4a08-8013-92a14c548982: start FollowerState
2019-10-16 21:11:27,921 [Thread-478] INFO  impl.FollowerState (FollowerState.java:run(108)) - 52743044-8979-4a08-8013-92a14c548982@group-146C50BE7901-FollowerState: change to CANDIDATE, lastRpcTime:92ms, electionTimeout:92ms
2019-10-16 21:11:27,921 [Thread-478] INFO  impl.RoleInfo (RoleInfo.java:shutdownFollowerState(121)) - 52743044-8979-4a08-8013-92a14c548982: shutdown FollowerState
2019-10-16 21:11:27,921 [Thread-478] INFO  impl.RaftServerImpl (RaftServerImpl.java:setRole(184)) - 52743044-8979-4a08-8013-92a14c548982@group-146C50BE7901: changes role from  FOLLOWER to CANDIDATE at term 35 for changeToCandidate
2019-10-16 21:11:27,921 [Thread-478] INFO  impl.RoleInfo (RoleInfo.java:updateAndGet(143)) - 52743044-8979-4a08-8013-92a14c548982: start LeaderElection
2019-10-16 21:11:27,981 [52743044-8979-4a08-8013-92a14c548982@group-146C50BE7901-LeaderElection39] INFO  impl.LeaderElection (LeaderElection.java:askForVotes(178)) - 52743044-8979-4a08-8013-92a14c548982@group-146C50BE7901-LeaderElection39: begin an election at term 36 for -1: [904f39be-c3d3-4df4-99c0-2e4526e577e3:192.168.157.254:45339, 52743044-8979-4a08-8013-92a14c548982:192.168.157.254:36428, 65da0c80-3604-4ac2-9a39-ee88d748a153:192.168.157.254:37466], old=null
2019-10-16 21:11:27,985 [grpc-default-executor-1] INFO  impl.RaftServerImpl (RaftServerImpl.java:setRole(184)) - 65da0c80-3604-4ac2-9a39-ee88d748a153@group-146C50BE7901: changes role from  FOLLOWER to FOLLOWER at term 36 for recognizeCandidate:52743044-8979-4a08-8013-92a14c548982
2019-10-16 21:11:27,985 [grpc-default-executor-1] INFO  impl.RoleInfo (RoleInfo.java:shutdownFollowerState(121)) - 65da0c80-3604-4ac2-9a39-ee88d748a153: shutdown FollowerState
2019-10-16 21:11:27,985 [grpc-default-executor-1] INFO  impl.RoleInfo (RoleInfo.java:updateAndGet(143)) - 65da0c80-3604-4ac2-9a39-ee88d748a153: start FollowerState
2019-10-16 21:11:27,985 [grpc-default-executor-0] INFO  impl.RaftServerImpl (RaftServerImpl.java:setRole(184)) - 904f39be-c3d3-4df4-99c0-2e4526e577e3@group-146C50BE7901: changes role from  FOLLOWER to FOLLOWER at term 36 for recognizeCandidate:52743044-8979-4a08-8013-92a14c548982
2019-10-16 21:11:27,985 [grpc-default-executor-0] INFO  impl.RoleInfo (RoleInfo.java:shutdownFollowerState(121)) - 904f39be-c3d3-4df4-99c0-2e4526e577e3: shutdown FollowerState
2019-10-16 21:11:27,985 [Thread-477] INFO  impl.FollowerState (FollowerState.java:run(117)) - 65da0c80-3604-4ac2-9a39-ee88d748a153@group-146C50BE7901-FollowerState was interrupted: java.lang.InterruptedException: sleep interrupted
2019-10-16 21:11:27,986 [Thread-476] INFO  impl.FollowerState (FollowerState.java:run(117)) - 904f39be-c3d3-4df4-99c0-2e4526e577e3@group-146C50BE7901-FollowerState was interrupted: java.lang.InterruptedException: sleep interrupted
2019-10-16 21:11:27,986 [grpc-default-executor-0] INFO  impl.RoleInfo (RoleInfo.java:updateAndGet(143)) - 904f39be-c3d3-4df4-99c0-2e4526e577e3: start FollowerState
2019-10-16 21:11:28,026 [52743044-8979-4a08-8013-92a14c548982@group-146C50BE7901-LeaderElection39] INFO  impl.LeaderElection (LeaderElection.java:logAndReturn(56)) - 52743044-8979-4a08-8013-92a14c548982@group-146C50BE7901-LeaderElection39: Election REJECTED; received 2 response(s) [52743044-8979-4a08-8013-92a14c548982<-904f39be-c3d3-4df4-99c0-2e4526e577e3#0:FAIL-t36, 52743044-8979-4a08-8013-92a14c548982<-65da0c80-3604-4ac2-9a39-ee88d748a153#0:FAIL-t36] and 0 exception(s); 52743044-8979-4a08-8013-92a14c548982@group-146C50BE7901:t36, leader=null, voted=52743044-8979-4a08-8013-92a14c548982, raftlog=52743044-8979-4a08-8013-92a14c548982@group-146C50BE7901-SegmentedRaftLog:OPENED:c-1,f-1,i0, conf=-1: [904f39be-c3d3-4df4-99c0-2e4526e577e3:192.168.157.254:45339, 52743044-8979-4a08-8013-92a14c548982:192.168.157.254:36428, 65da0c80-3604-4ac2-9a39-ee88d748a153:192.168.157.254:37466], old=null
2019-10-16 21:11:28,027 [52743044-8979-4a08-8013-92a14c548982@group-146C50BE7901-LeaderElection39] INFO  impl.RaftServerImpl (RaftServerImpl.java:setRole(184)) - 52743044-8979-4a08-8013-92a14c548982@group-146C50BE7901: changes role from CANDIDATE to FOLLOWER at term 36 for DISCOVERED_A_NEW_TERM
2019-10-16 21:11:28,027 [52743044-8979-4a08-8013-92a14c548982@group-146C50BE7901-LeaderElection39] INFO  impl.RoleInfo (RoleInfo.java:shutdownLeaderElection(134)) - 52743044-8979-4a08-8013-92a14c548982: shutdown LeaderElection
2019-10-16 21:11:28,027 [52743044-8979-4a08-8013-92a14c548982@group-146C50BE7901-LeaderElection39] INFO  impl.RoleInfo (RoleInfo.java:updateAndGet(143)) - 52743044-8979-4a08-8013-92a14c548982: start FollowerState
2019-10-16 21:11:28,181 [Thread-484] INFO  impl.FollowerState (FollowerState.java:run(108)) - 52743044-8979-4a08-8013-92a14c548982@group-146C50BE7901-FollowerState: change to CANDIDATE, lastRpcTime:154ms, electionTimeout:154ms
2019-10-16 21:11:28,182 [Thread-484] INFO  impl.RoleInfo (RoleInfo.java:shutdownFollowerState(121)) - 52743044-8979-4a08-8013-92a14c548982: shutdown FollowerState
2019-10-16 21:11:28,182 [Thread-484] INFO  impl.RaftServerImpl (RaftServerImpl.java:setRole(184)) - 52743044-8979-4a08-8013-92a14c548982@group-146C50BE7901: changes role from  FOLLOWER to CANDIDATE at term 36 for changeToCandidate
2019-10-16 21:11:28,182 [Thread-484] INFO  impl.RoleInfo (RoleInfo.java:updateAndGet(143)) - 52743044-8979-4a08-8013-92a14c548982: start LeaderElection
2019-10-16 21:11:28,194 [main] INFO  ozone.MiniOzoneClusterImpl (MiniOzoneClusterImpl.java:lambda$waitForClusterToBeReady$2(164)) - Waiting for 1 number of pipelines out of 4, to report a leader.
2019-10-16 21:11:28,196 [52743044-8979-4a08-8013-92a14c548982@group-146C50BE7901-LeaderElection40] INFO  impl.LeaderElection (LeaderElection.java:askForVotes(178)) - 52743044-8979-4a08-8013-92a14c548982@group-146C50BE7901-LeaderElection40: begin an election at term 37 for -1: [904f39be-c3d3-4df4-99c0-2e4526e577e3:192.168.157.254:45339, 52743044-8979-4a08-8013-92a14c548982:192.168.157.254:36428, 65da0c80-3604-4ac2-9a39-ee88d748a153:192.168.157.254:37466], old=null
2019-10-16 21:11:28,200 [grpc-default-executor-0] INFO  impl.RaftServerImpl (RaftServerImpl.java:setRole(184)) - 904f39be-c3d3-4df4-99c0-2e4526e577e3@group-146C50BE7901: changes role from  FOLLOWER to FOLLOWER at term 37 for recognizeCandidate:52743044-8979-4a08-8013-92a14c548982
2019-10-16 21:11:28,200 [grpc-default-executor-0] INFO  impl.RoleInfo (RoleInfo.java:shutdownFollowerState(121)) - 904f39be-c3d3-4df4-99c0-2e4526e577e3: shutdown FollowerState
2019-10-16 21:11:28,200 [grpc-default-executor-0] INFO  impl.RoleInfo (RoleInfo.java:updateAndGet(143)) - 904f39be-c3d3-4df4-99c0-2e4526e577e3: start FollowerState
2019-10-16 21:11:28,200 [grpc-default-executor-1] INFO  impl.RaftServerImpl (RaftServerImpl.java:setRole(184)) - 65da0c80-3604-4ac2-9a39-ee88d748a153@group-146C50BE7901: changes role from  FOLLOWER to FOLLOWER at term 37 for recognizeCandidate:52743044-8979-4a08-8013-92a14c548982
2019-10-16 21:11:28,201 [grpc-default-executor-1] INFO  impl.RoleInfo (RoleInfo.java:shutdownFollowerState(121)) - 65da0c80-3604-4ac2-9a39-ee88d748a153: shutdown FollowerState
2019-10-16 21:11:28,200 [Thread-483] INFO  impl.FollowerState (FollowerState.java:run(117)) - 904f39be-c3d3-4df4-99c0-2e4526e577e3@group-146C50BE7901-FollowerState was interrupted: java.lang.InterruptedException: sleep interrupted
2019-10-16 21:11:28,201 [Thread-482] INFO  impl.FollowerState (FollowerState.java:run(117)) - 65da0c80-3604-4ac2-9a39-ee88d748a153@group-146C50BE7901-FollowerState was interrupted: java.lang.InterruptedException: sleep interrupted
2019-10-16 21:11:28,201 [grpc-default-executor-1] INFO  impl.RoleInfo (RoleInfo.java:updateAndGet(143)) - 65da0c80-3604-4ac2-9a39-ee88d748a153: start FollowerState
2019-10-16 21:11:28,217 [52743044-8979-4a08-8013-92a14c548982@group-146C50BE7901-LeaderElection40] INFO  impl.LeaderElection (LeaderElection.java:logAndReturn(56)) - 52743044-8979-4a08-8013-92a14c548982@group-146C50BE7901-LeaderElection40: Election REJECTED; received 2 response(s) [52743044-8979-4a08-8013-92a14c548982<-904f39be-c3d3-4df4-99c0-2e4526e577e3#0:FAIL-t37, 52743044-8979-4a08-8013-92a14c548982<-65da0c80-3604-4ac2-9a39-ee88d748a153#0:FAIL-t37] and 0 exception(s); 52743044-8979-4a08-8013-92a14c548982@group-146C50BE7901:t37, leader=null, voted=52743044-8979-4a08-8013-92a14c548982, raftlog=52743044-8979-4a08-8013-92a14c548982@group-146C50BE7901-SegmentedRaftLog:OPENED:c-1,f-1,i0, conf=-1: [904f39be-c3d3-4df4-99c0-2e4526e577e3:192.168.157.254:45339, 52743044-8979-4a08-8013-92a14c548982:192.168.157.254:36428, 65da0c80-3604-4ac2-9a39-ee88d748a153:192.168.157.254:37466], old=null
2019-10-16 21:11:28,218 [52743044-8979-4a08-8013-92a14c548982@group-146C50BE7901-LeaderElection40] INFO  impl.RaftServerImpl (RaftServerImpl.java:setRole(184)) - 52743044-8979-4a08-8013-92a14c548982@group-146C50BE7901: changes role from CANDIDATE to FOLLOWER at term 37 for DISCOVERED_A_NEW_TERM
2019-10-16 21:11:28,218 [52743044-8979-4a08-8013-92a14c548982@group-146C50BE7901-LeaderElection40] INFO  impl.RoleInfo (RoleInfo.java:shutdownLeaderElection(134)) - 52743044-8979-4a08-8013-92a14c548982: shutdown LeaderElection
2019-10-16 21:11:28,218 [52743044-8979-4a08-8013-92a14c548982@group-146C50BE7901-LeaderElection40] INFO  impl.RoleInfo (RoleInfo.java:updateAndGet(143)) - 52743044-8979-4a08-8013-92a14c548982: start FollowerState
2019-10-16 21:11:28,315 [Thread-490] INFO  impl.FollowerState (FollowerState.java:run(108)) - 52743044-8979-4a08-8013-92a14c548982@group-146C50BE7901-FollowerState: change to CANDIDATE, lastRpcTime:97ms, electionTimeout:97ms
2019-10-16 21:11:28,316 [Thread-490] INFO  impl.RoleInfo (RoleInfo.java:shutdownFollowerState(121)) - 52743044-8979-4a08-8013-92a14c548982: shutdown FollowerState
2019-10-16 21:11:28,316 [Thread-490] INFO  impl.RaftServerImpl (RaftServerImpl.java:setRole(184)) - 52743044-8979-4a08-8013-92a14c548982@group-146C50BE7901: changes role from  FOLLOWER to CANDIDATE at term 37 for changeToCandidate
2019-10-16 21:11:28,316 [Thread-490] INFO  impl.RoleInfo (RoleInfo.java:updateAndGet(143)) - 52743044-8979-4a08-8013-92a14c548982: start LeaderElection
2019-10-16 21:11:28,330 [52743044-8979-4a08-8013-92a14c548982@group-146C50BE7901-LeaderElection41] INFO  impl.LeaderElection (LeaderElection.java:askForVotes(178)) - 52743044-8979-4a08-8013-92a14c548982@group-146C50BE7901-LeaderElection41: begin an election at term 38 for -1: [904f39be-c3d3-4df4-99c0-2e4526e577e3:192.168.157.254:45339, 52743044-8979-4a08-8013-92a14c548982:192.168.157.254:36428, 65da0c80-3604-4ac2-9a39-ee88d748a153:192.168.157.254:37466], old=null
2019-10-16 21:11:28,334 [grpc-default-executor-0] INFO  impl.RaftServerImpl (RaftServerImpl.java:setRole(184)) - 65da0c80-3604-4ac2-9a39-ee88d748a153@group-146C50BE7901: changes role from  FOLLOWER to FOLLOWER at term 38 for recognizeCandidate:52743044-8979-4a08-8013-92a14c548982
2019-10-16 21:11:28,334 [grpc-default-executor-0] INFO  impl.RoleInfo (RoleInfo.java:shutdownFollowerState(121)) - 65da0c80-3604-4ac2-9a39-ee88d748a153: shutdown FollowerState
2019-10-16 21:11:28,334 [grpc-default-executor-0] INFO  impl.RoleInfo (RoleInfo.java:updateAndGet(143)) - 65da0c80-3604-4ac2-9a39-ee88d748a153: start FollowerState
2019-10-16 21:11:28,334 [Thread-489] INFO  impl.FollowerState (FollowerState.java:run(117)) - 65da0c80-3604-4ac2-9a39-ee88d748a153@group-146C50BE7901-FollowerState was interrupted: java.lang.InterruptedException: sleep interrupted
2019-10-16 21:11:28,334 [grpc-default-executor-1] INFO  impl.RaftServerImpl (RaftServerImpl.java:setRole(184)) - 904f39be-c3d3-4df4-99c0-2e4526e577e3@group-146C50BE7901: changes role from  FOLLOWER to FOLLOWER at term 38 for recognizeCandidate:52743044-8979-4a08-8013-92a14c548982
2019-10-16 21:11:28,334 [grpc-default-executor-1] INFO  impl.RoleInfo (RoleInfo.java:shutdownFollowerState(121)) - 904f39be-c3d3-4df4-99c0-2e4526e577e3: shutdown FollowerState
2019-10-16 21:11:28,335 [grpc-default-executor-1] INFO  impl.RoleInfo (RoleInfo.java:updateAndGet(143)) - 904f39be-c3d3-4df4-99c0-2e4526e577e3: start FollowerState
2019-10-16 21:11:28,335 [Thread-488] INFO  impl.FollowerState (FollowerState.java:run(117)) - 904f39be-c3d3-4df4-99c0-2e4526e577e3@group-146C50BE7901-FollowerState was interrupted: java.lang.InterruptedException: sleep interrupted
2019-10-16 21:11:28,350 [52743044-8979-4a08-8013-92a14c548982@group-146C50BE7901-LeaderElection41] INFO  impl.LeaderElection (LeaderElection.java:logAndReturn(56)) - 52743044-8979-4a08-8013-92a14c548982@group-146C50BE7901-LeaderElection41: Election REJECTED; received 2 response(s) [52743044-8979-4a08-8013-92a14c548982<-904f39be-c3d3-4df4-99c0-2e4526e577e3#0:FAIL-t38, 52743044-8979-4a08-8013-92a14c548982<-65da0c80-3604-4ac2-9a39-ee88d748a153#0:FAIL-t38] and 0 exception(s); 52743044-8979-4a08-8013-92a14c548982@group-146C50BE7901:t38, leader=null, voted=52743044-8979-4a08-8013-92a14c548982, raftlog=52743044-8979-4a08-8013-92a14c548982@group-146C50BE7901-SegmentedRaftLog:OPENED:c-1,f-1,i0, conf=-1: [904f39be-c3d3-4df4-99c0-2e4526e577e3:192.168.157.254:45339, 52743044-8979-4a08-8013-92a14c548982:192.168.157.254:36428, 65da0c80-3604-4ac2-9a39-ee88d748a153:192.168.157.254:37466], old=null
2019-10-16 21:11:28,350 [52743044-8979-4a08-8013-92a14c548982@group-146C50BE7901-LeaderElection41] INFO  impl.RaftServerImpl (RaftServerImpl.java:setRole(184)) - 52743044-8979-4a08-8013-92a14c548982@group-146C50BE7901: changes role from CANDIDATE to FOLLOWER at term 38 for DISCOVERED_A_NEW_TERM
2019-10-16 21:11:28,350 [52743044-8979-4a08-8013-92a14c548982@group-146C50BE7901-LeaderElection41] INFO  impl.RoleInfo (RoleInfo.java:shutdownLeaderElection(134)) - 52743044-8979-4a08-8013-92a14c548982: shutdown LeaderElection
2019-10-16 21:11:28,350 [52743044-8979-4a08-8013-92a14c548982@group-146C50BE7901-LeaderElection41] INFO  impl.RoleInfo (RoleInfo.java:updateAndGet(143)) - 52743044-8979-4a08-8013-92a14c548982: start FollowerState
2019-10-16 21:11:28,426 [Thread-496] INFO  impl.FollowerState (FollowerState.java:run(108)) - 52743044-8979-4a08-8013-92a14c548982@group-146C50BE7901-FollowerState: change to CANDIDATE, lastRpcTime:75ms, electionTimeout:75ms
2019-10-16 21:11:28,426 [Thread-496] INFO  impl.RoleInfo (RoleInfo.java:shutdownFollowerState(121)) - 52743044-8979-4a08-8013-92a14c548982: shutdown FollowerState
2019-10-16 21:11:28,426 [Thread-496] INFO  impl.RaftServerImpl (RaftServerImpl.java:setRole(184)) - 52743044-8979-4a08-8013-92a14c548982@group-146C50BE7901: changes role from  FOLLOWER to CANDIDATE at term 38 for changeToCandidate
2019-10-16 21:11:28,427 [Thread-496] INFO  impl.RoleInfo (RoleInfo.java:updateAndGet(143)) - 52743044-8979-4a08-8013-92a14c548982: start LeaderElection
2019-10-16 21:11:28,441 [52743044-8979-4a08-8013-92a14c548982@group-146C50BE7901-LeaderElection42] INFO  impl.LeaderElection (LeaderElection.java:askForVotes(178)) - 52743044-8979-4a08-8013-92a14c548982@group-146C50BE7901-LeaderElection42: begin an election at term 39 for -1: [904f39be-c3d3-4df4-99c0-2e4526e577e3:192.168.157.254:45339, 52743044-8979-4a08-8013-92a14c548982:192.168.157.254:36428, 65da0c80-3604-4ac2-9a39-ee88d748a153:192.168.157.254:37466], old=null
2019-10-16 21:11:28,444 [grpc-default-executor-1] INFO  impl.RaftServerImpl (RaftServerImpl.java:setRole(184)) - 904f39be-c3d3-4df4-99c0-2e4526e577e3@group-146C50BE7901: changes role from  FOLLOWER to FOLLOWER at term 39 for recognizeCandidate:52743044-8979-4a08-8013-92a14c548982
2019-10-16 21:11:28,444 [grpc-default-executor-1] INFO  impl.RoleInfo (RoleInfo.java:shutdownFollowerState(121)) - 904f39be-c3d3-4df4-99c0-2e4526e577e3: shutdown FollowerState
2019-10-16 21:11:28,444 [grpc-default-executor-0] INFO  impl.RaftServerImpl (RaftServerImpl.java:setRole(184)) - 65da0c80-3604-4ac2-9a39-ee88d748a153@group-146C50BE7901: changes role from  FOLLOWER to FOLLOWER at term 39 for recognizeCandidate:52743044-8979-4a08-8013-92a14c548982
2019-10-16 21:11:28,445 [Thread-495] INFO  impl.FollowerState (FollowerState.java:run(117)) - 904f39be-c3d3-4df4-99c0-2e4526e577e3@group-146C50BE7901-FollowerState was interrupted: java.lang.InterruptedException: sleep interrupted
2019-10-16 21:11:28,444 [grpc-default-executor-1] INFO  impl.RoleInfo (RoleInfo.java:updateAndGet(143)) - 904f39be-c3d3-4df4-99c0-2e4526e577e3: start FollowerState
2019-10-16 21:11:28,445 [grpc-default-executor-0] INFO  impl.RoleInfo (RoleInfo.java:shutdownFollowerState(121)) - 65da0c80-3604-4ac2-9a39-ee88d748a153: shutdown FollowerState
2019-10-16 21:11:28,445 [grpc-default-executor-0] INFO  impl.RoleInfo (RoleInfo.java:updateAndGet(143)) - 65da0c80-3604-4ac2-9a39-ee88d748a153: start FollowerState
2019-10-16 21:11:28,445 [Thread-494] INFO  impl.FollowerState (FollowerState.java:run(117)) - 65da0c80-3604-4ac2-9a39-ee88d748a153@group-146C50BE7901-FollowerState was interrupted: java.lang.InterruptedException: sleep interrupted
2019-10-16 21:11:28,454 [52743044-8979-4a08-8013-92a14c548982@group-146C50BE7901-LeaderElection42] INFO  impl.LeaderElection (LeaderElection.java:logAndReturn(56)) - 52743044-8979-4a08-8013-92a14c548982@group-146C50BE7901-LeaderElection42: Election TIMEOUT; received 0 response(s) [] and 0 exception(s); 52743044-8979-4a08-8013-92a14c548982@group-146C50BE7901:t39, leader=null, voted=52743044-8979-4a08-8013-92a14c548982, raftlog=52743044-8979-4a08-8013-92a14c548982@group-146C50BE7901-SegmentedRaftLog:OPENED:c-1,f-1,i0, conf=-1: [904f39be-c3d3-4df4-99c0-2e4526e577e3:192.168.157.254:45339, 52743044-8979-4a08-8013-92a14c548982:192.168.157.254:36428, 65da0c80-3604-4ac2-9a39-ee88d748a153:192.168.157.254:37466], old=null
2019-10-16 21:11:28,495 [52743044-8979-4a08-8013-92a14c548982@group-146C50BE7901-LeaderElection42] INFO  impl.LeaderElection (LeaderElection.java:askForVotes(178)) - 52743044-8979-4a08-8013-92a14c548982@group-146C50BE7901-LeaderElection42: begin an election at term 40 for -1: [904f39be-c3d3-4df4-99c0-2e4526e577e3:192.168.157.254:45339, 52743044-8979-4a08-8013-92a14c548982:192.168.157.254:36428, 65da0c80-3604-4ac2-9a39-ee88d748a153:192.168.157.254:37466], old=null
2019-10-16 21:11:28,498 [grpc-default-executor-1] INFO  impl.RaftServerImpl (RaftServerImpl.java:setRole(184)) - 65da0c80-3604-4ac2-9a39-ee88d748a153@group-146C50BE7901: changes role from  FOLLOWER to FOLLOWER at term 40 for recognizeCandidate:52743044-8979-4a08-8013-92a14c548982
2019-10-16 21:11:28,498 [grpc-default-executor-1] INFO  impl.RoleInfo (RoleInfo.java:shutdownFollowerState(121)) - 65da0c80-3604-4ac2-9a39-ee88d748a153: shutdown FollowerState
2019-10-16 21:11:28,498 [grpc-default-executor-1] INFO  impl.RoleInfo (RoleInfo.java:updateAndGet(143)) - 65da0c80-3604-4ac2-9a39-ee88d748a153: start FollowerState
2019-10-16 21:11:28,498 [Thread-501] INFO  impl.FollowerState (FollowerState.java:run(117)) - 65da0c80-3604-4ac2-9a39-ee88d748a153@group-146C50BE7901-FollowerState was interrupted: java.lang.InterruptedException: sleep interrupted
2019-10-16 21:11:28,499 [grpc-default-executor-0] INFO  impl.RaftServerImpl (RaftServerImpl.java:setRole(184)) - 904f39be-c3d3-4df4-99c0-2e4526e577e3@group-146C50BE7901: changes role from  FOLLOWER to FOLLOWER at term 40 for recognizeCandidate:52743044-8979-4a08-8013-92a14c548982
2019-10-16 21:11:28,499 [grpc-default-executor-0] INFO  impl.RoleInfo (RoleInfo.java:shutdownFollowerState(121)) - 904f39be-c3d3-4df4-99c0-2e4526e577e3: shutdown FollowerState
2019-10-16 21:11:28,499 [grpc-default-executor-0] INFO  impl.RoleInfo (RoleInfo.java:updateAndGet(143)) - 904f39be-c3d3-4df4-99c0-2e4526e577e3: start FollowerState
2019-10-16 21:11:28,499 [Thread-500] INFO  impl.FollowerState (FollowerState.java:run(117)) - 904f39be-c3d3-4df4-99c0-2e4526e577e3@group-146C50BE7901-FollowerState was interrupted: java.lang.InterruptedException: sleep interrupted
2019-10-16 21:11:28,541 [52743044-8979-4a08-8013-92a14c548982@group-146C50BE7901-LeaderElection42] INFO  impl.LeaderElection (LeaderElection.java:logAndReturn(56)) - 52743044-8979-4a08-8013-92a14c548982@group-146C50BE7901-LeaderElection42: Election TIMEOUT; received 0 response(s) [] and 0 exception(s); 52743044-8979-4a08-8013-92a14c548982@group-146C50BE7901:t40, leader=null, voted=52743044-8979-4a08-8013-92a14c548982, raftlog=52743044-8979-4a08-8013-92a14c548982@group-146C50BE7901-SegmentedRaftLog:OPENED:c-1,f-1,i0, conf=-1: [904f39be-c3d3-4df4-99c0-2e4526e577e3:192.168.157.254:45339, 52743044-8979-4a08-8013-92a14c548982:192.168.157.254:36428, 65da0c80-3604-4ac2-9a39-ee88d748a153:192.168.157.254:37466], old=null
2019-10-16 21:11:28,558 [52743044-8979-4a08-8013-92a14c548982@group-146C50BE7901-LeaderElection42] INFO  impl.LeaderElection (LeaderElection.java:askForVotes(178)) - 52743044-8979-4a08-8013-92a14c548982@group-146C50BE7901-LeaderElection42: begin an election at term 41 for -1: [904f39be-c3d3-4df4-99c0-2e4526e577e3:192.168.157.254:45339, 52743044-8979-4a08-8013-92a14c548982:192.168.157.254:36428, 65da0c80-3604-4ac2-9a39-ee88d748a153:192.168.157.254:37466], old=null
2019-10-16 21:11:28,561 [grpc-default-executor-1] INFO  impl.RaftServerImpl (RaftServerImpl.java:setRole(184)) - 65da0c80-3604-4ac2-9a39-ee88d748a153@group-146C50BE7901: changes role from  FOLLOWER to FOLLOWER at term 41 for recognizeCandidate:52743044-8979-4a08-8013-92a14c548982
2019-10-16 21:11:28,561 [grpc-default-executor-1] INFO  impl.RoleInfo (RoleInfo.java:shutdownFollowerState(121)) - 65da0c80-3604-4ac2-9a39-ee88d748a153: shutdown FollowerState
2019-10-16 21:11:28,561 [grpc-default-executor-0] INFO  impl.RaftServerImpl (RaftServerImpl.java:setRole(184)) - 904f39be-c3d3-4df4-99c0-2e4526e577e3@group-146C50BE7901: changes role from  FOLLOWER to FOLLOWER at term 41 for recognizeCandidate:52743044-8979-4a08-8013-92a14c548982
2019-10-16 21:11:28,561 [Thread-504] INFO  impl.FollowerState (FollowerState.java:run(117)) - 65da0c80-3604-4ac2-9a39-ee88d748a153@group-146C50BE7901-FollowerState was interrupted: java.lang.InterruptedException: sleep interrupted
2019-10-16 21:11:28,561 [grpc-default-executor-1] INFO  impl.RoleInfo (RoleInfo.java:updateAndGet(143)) - 65da0c80-3604-4ac2-9a39-ee88d748a153: start FollowerState
2019-10-16 21:11:28,562 [grpc-default-executor-0] INFO  impl.RoleInfo (RoleInfo.java:shutdownFollowerState(121)) - 904f39be-c3d3-4df4-99c0-2e4526e577e3: shutdown FollowerState
2019-10-16 21:11:28,562 [grpc-default-executor-0] INFO  impl.RoleInfo (RoleInfo.java:updateAndGet(143)) - 904f39be-c3d3-4df4-99c0-2e4526e577e3: start FollowerState
2019-10-16 21:11:28,562 [Thread-505] INFO  impl.FollowerState (FollowerState.java:run(117)) - 904f39be-c3d3-4df4-99c0-2e4526e577e3@group-146C50BE7901-FollowerState was interrupted: java.lang.InterruptedException: sleep interrupted
2019-10-16 21:11:28,585 [52743044-8979-4a08-8013-92a14c548982@group-146C50BE7901-LeaderElection42] INFO  impl.LeaderElection (LeaderElection.java:logAndReturn(56)) - 52743044-8979-4a08-8013-92a14c548982@group-146C50BE7901-LeaderElection42: Election REJECTED; received 2 response(s) [52743044-8979-4a08-8013-92a14c548982<-904f39be-c3d3-4df4-99c0-2e4526e577e3#0:FAIL-t41, 52743044-8979-4a08-8013-92a14c548982<-65da0c80-3604-4ac2-9a39-ee88d748a153#0:FAIL-t41] and 0 exception(s); 52743044-8979-4a08-8013-92a14c548982@group-146C50BE7901:t41, leader=null, voted=52743044-8979-4a08-8013-92a14c548982, raftlog=52743044-8979-4a08-8013-92a14c548982@group-146C50BE7901-SegmentedRaftLog:OPENED:c-1,f-1,i0, conf=-1: [904f39be-c3d3-4df4-99c0-2e4526e577e3:192.168.157.254:45339, 52743044-8979-4a08-8013-92a14c548982:192.168.157.254:36428, 65da0c80-3604-4ac2-9a39-ee88d748a153:192.168.157.254:37466], old=null
2019-10-16 21:11:28,586 [52743044-8979-4a08-8013-92a14c548982@group-146C50BE7901-LeaderElection42] INFO  impl.RaftServerImpl (RaftServerImpl.java:setRole(184)) - 52743044-8979-4a08-8013-92a14c548982@group-146C50BE7901: changes role from CANDIDATE to FOLLOWER at term 41 for DISCOVERED_A_NEW_TERM
2019-10-16 21:11:28,586 [52743044-8979-4a08-8013-92a14c548982@group-146C50BE7901-LeaderElection42] INFO  impl.RoleInfo (RoleInfo.java:shutdownLeaderElection(134)) - 52743044-8979-4a08-8013-92a14c548982: shutdown LeaderElection
2019-10-16 21:11:28,586 [52743044-8979-4a08-8013-92a14c548982@group-146C50BE7901-LeaderElection42] INFO  impl.RoleInfo (RoleInfo.java:updateAndGet(143)) - 52743044-8979-4a08-8013-92a14c548982: start FollowerState
2019-10-16 21:11:28,613 [Thread-510] INFO  impl.FollowerState (FollowerState.java:run(108)) - 52743044-8979-4a08-8013-92a14c548982@group-146C50BE7901-FollowerState: change to CANDIDATE, lastRpcTime:26ms, electionTimeout:26ms
2019-10-16 21:11:28,613 [Thread-510] INFO  impl.RoleInfo (RoleInfo.java:shutdownFollowerState(121)) - 52743044-8979-4a08-8013-92a14c548982: shutdown FollowerState
2019-10-16 21:11:28,613 [Thread-510] INFO  impl.RaftServerImpl (RaftServerImpl.java:setRole(184)) - 52743044-8979-4a08-8013-92a14c548982@group-146C50BE7901: changes role from  FOLLOWER to CANDIDATE at term 41 for changeToCandidate
2019-10-16 21:11:28,613 [Thread-510] INFO  impl.RoleInfo (RoleInfo.java:updateAndGet(143)) - 52743044-8979-4a08-8013-92a14c548982: start LeaderElection
2019-10-16 21:11:28,693 [52743044-8979-4a08-8013-92a14c548982@group-146C50BE7901-LeaderElection43] INFO  impl.LeaderElection (LeaderElection.java:askForVotes(178)) - 52743044-8979-4a08-8013-92a14c548982@group-146C50BE7901-LeaderElection43: begin an election at term 42 for -1: [904f39be-c3d3-4df4-99c0-2e4526e577e3:192.168.157.254:45339, 52743044-8979-4a08-8013-92a14c548982:192.168.157.254:36428, 65da0c80-3604-4ac2-9a39-ee88d748a153:192.168.157.254:37466], old=null
2019-10-16 21:11:28,697 [grpc-default-executor-1] INFO  impl.RaftServerImpl (RaftServerImpl.java:setRole(184)) - 65da0c80-3604-4ac2-9a39-ee88d748a153@group-146C50BE7901: changes role from  FOLLOWER to FOLLOWER at term 42 for recognizeCandidate:52743044-8979-4a08-8013-92a14c548982
2019-10-16 21:11:28,697 [grpc-default-executor-1] INFO  impl.RoleInfo (RoleInfo.java:shutdownFollowerState(121)) - 65da0c80-3604-4ac2-9a39-ee88d748a153: shutdown FollowerState
2019-10-16 21:11:28,697 [grpc-default-executor-0] INFO  impl.RaftServerImpl (RaftServerImpl.java:setRole(184)) - 904f39be-c3d3-4df4-99c0-2e4526e577e3@group-146C50BE7901: changes role from  FOLLOWER to FOLLOWER at term 42 for recognizeCandidate:52743044-8979-4a08-8013-92a14c548982
2019-10-16 21:11:28,697 [Thread-508] INFO  impl.FollowerState (FollowerState.java:run(117)) - 65da0c80-3604-4ac2-9a39-ee88d748a153@group-146C50BE7901-FollowerState was interrupted: java.lang.InterruptedException: sleep interrupted
2019-10-16 21:11:28,697 [grpc-default-executor-1] INFO  impl.RoleInfo (RoleInfo.java:updateAndGet(143)) - 65da0c80-3604-4ac2-9a39-ee88d748a153: start FollowerState
2019-10-16 21:11:28,697 [grpc-default-executor-0] INFO  impl.RoleInfo (RoleInfo.java:shutdownFollowerState(121)) - 904f39be-c3d3-4df4-99c0-2e4526e577e3: shutdown FollowerState
2019-10-16 21:11:28,698 [grpc-default-executor-0] INFO  impl.RoleInfo (RoleInfo.java:updateAndGet(143)) - 904f39be-c3d3-4df4-99c0-2e4526e577e3: start FollowerState
2019-10-16 21:11:28,698 [Thread-509] INFO  impl.FollowerState (FollowerState.java:run(117)) - 904f39be-c3d3-4df4-99c0-2e4526e577e3@group-146C50BE7901-FollowerState was interrupted: java.lang.InterruptedException: sleep interrupted
2019-10-16 21:11:28,743 [52743044-8979-4a08-8013-92a14c548982@group-146C50BE7901-LeaderElection43] INFO  impl.LeaderElection (LeaderElection.java:logAndReturn(56)) - 52743044-8979-4a08-8013-92a14c548982@group-146C50BE7901-LeaderElection43: Election REJECTED; received 2 response(s) [52743044-8979-4a08-8013-92a14c548982<-904f39be-c3d3-4df4-99c0-2e4526e577e3#0:FAIL-t42, 52743044-8979-4a08-8013-92a14c548982<-65da0c80-3604-4ac2-9a39-ee88d748a153#0:FAIL-t42] and 0 exception(s); 52743044-8979-4a08-8013-92a14c548982@group-146C50BE7901:t42, leader=null, voted=52743044-8979-4a08-8013-92a14c548982, raftlog=52743044-8979-4a08-8013-92a14c548982@group-146C50BE7901-SegmentedRaftLog:OPENED:c-1,f-1,i0, conf=-1: [904f39be-c3d3-4df4-99c0-2e4526e577e3:192.168.157.254:45339, 52743044-8979-4a08-8013-92a14c548982:192.168.157.254:36428, 65da0c80-3604-4ac2-9a39-ee88d748a153:192.168.157.254:37466], old=null
2019-10-16 21:11:28,744 [52743044-8979-4a08-8013-92a14c548982@group-146C50BE7901-LeaderElection43] INFO  impl.RaftServerImpl (RaftServerImpl.java:setRole(184)) - 52743044-8979-4a08-8013-92a14c548982@group-146C50BE7901: changes role from CANDIDATE to FOLLOWER at term 42 for DISCOVERED_A_NEW_TERM
2019-10-16 21:11:28,744 [52743044-8979-4a08-8013-92a14c548982@group-146C50BE7901-LeaderElection43] INFO  impl.RoleInfo (RoleInfo.java:shutdownLeaderElection(134)) - 52743044-8979-4a08-8013-92a14c548982: shutdown LeaderElection
2019-10-16 21:11:28,744 [52743044-8979-4a08-8013-92a14c548982@group-146C50BE7901-LeaderElection43] INFO  impl.RoleInfo (RoleInfo.java:updateAndGet(143)) - 52743044-8979-4a08-8013-92a14c548982: start FollowerState
2019-10-16 21:11:28,836 [Thread-516] INFO  impl.FollowerState (FollowerState.java:run(108)) - 52743044-8979-4a08-8013-92a14c548982@group-146C50BE7901-FollowerState: change to CANDIDATE, lastRpcTime:91ms, electionTimeout:91ms
2019-10-16 21:11:28,836 [Thread-516] INFO  impl.RoleInfo (RoleInfo.java:shutdownFollowerState(121)) - 52743044-8979-4a08-8013-92a14c548982: shutdown FollowerState
2019-10-16 21:11:28,836 [Thread-516] INFO  impl.RaftServerImpl (RaftServerImpl.java:setRole(184)) - 52743044-8979-4a08-8013-92a14c548982@group-146C50BE7901: changes role from  FOLLOWER to CANDIDATE at term 42 for changeToCandidate
2019-10-16 21:11:28,836 [Thread-516] INFO  impl.RoleInfo (RoleInfo.java:updateAndGet(143)) - 52743044-8979-4a08-8013-92a14c548982: start LeaderElection
2019-10-16 21:11:28,843 [52743044-8979-4a08-8013-92a14c548982@group-146C50BE7901-LeaderElection44] INFO  impl.LeaderElection (LeaderElection.java:askForVotes(178)) - 52743044-8979-4a08-8013-92a14c548982@group-146C50BE7901-LeaderElection44: begin an election at term 43 for -1: [904f39be-c3d3-4df4-99c0-2e4526e577e3:192.168.157.254:45339, 52743044-8979-4a08-8013-92a14c548982:192.168.157.254:36428, 65da0c80-3604-4ac2-9a39-ee88d748a153:192.168.157.254:37466], old=null
2019-10-16 21:11:28,847 [grpc-default-executor-0] INFO  impl.RaftServerImpl (RaftServerImpl.java:setRole(184)) - 904f39be-c3d3-4df4-99c0-2e4526e577e3@group-146C50BE7901: changes role from  FOLLOWER to FOLLOWER at term 43 for recognizeCandidate:52743044-8979-4a08-8013-92a14c548982
2019-10-16 21:11:28,847 [grpc-default-executor-0] INFO  impl.RoleInfo (RoleInfo.java:shutdownFollowerState(121)) - 904f39be-c3d3-4df4-99c0-2e4526e577e3: shutdown FollowerState
2019-10-16 21:11:28,847 [grpc-default-executor-0] INFO  impl.RoleInfo (RoleInfo.java:updateAndGet(143)) - 904f39be-c3d3-4df4-99c0-2e4526e577e3: start FollowerState
2019-10-16 21:11:28,847 [Thread-515] INFO  impl.FollowerState (FollowerState.java:run(117)) - 904f39be-c3d3-4df4-99c0-2e4526e577e3@group-146C50BE7901-FollowerState was interrupted: java.lang.InterruptedException: sleep interrupted
2019-10-16 21:11:28,847 [grpc-default-executor-1] INFO  impl.RaftServerImpl (RaftServerImpl.java:setRole(184)) - 65da0c80-3604-4ac2-9a39-ee88d748a153@group-146C50BE7901: changes role from  FOLLOWER to FOLLOWER at term 43 for recognizeCandidate:52743044-8979-4a08-8013-92a14c548982
2019-10-16 21:11:28,848 [grpc-default-executor-1] INFO  impl.RoleInfo (RoleInfo.java:shutdownFollowerState(121)) - 65da0c80-3604-4ac2-9a39-ee88d748a153: shutdown FollowerState
2019-10-16 21:11:28,848 [grpc-default-executor-1] INFO  impl.RoleInfo (RoleInfo.java:updateAndGet(143)) - 65da0c80-3604-4ac2-9a39-ee88d748a153: start FollowerState
2019-10-16 21:11:28,848 [Thread-514] INFO  impl.FollowerState (FollowerState.java:run(117)) - 65da0c80-3604-4ac2-9a39-ee88d748a153@group-146C50BE7901-FollowerState was interrupted: java.lang.InterruptedException: sleep interrupted
2019-10-16 21:11:28,856 [52743044-8979-4a08-8013-92a14c548982@group-146C50BE7901-LeaderElection44] INFO  impl.LeaderElection (LeaderElection.java:logAndReturn(56)) - 52743044-8979-4a08-8013-92a14c548982@group-146C50BE7901-LeaderElection44: Election REJECTED; received 2 response(s) [52743044-8979-4a08-8013-92a14c548982<-904f39be-c3d3-4df4-99c0-2e4526e577e3#0:FAIL-t43, 52743044-8979-4a08-8013-92a14c548982<-65da0c80-3604-4ac2-9a39-ee88d748a153#0:FAIL-t43] and 0 exception(s); 52743044-8979-4a08-8013-92a14c548982@group-146C50BE7901:t43, leader=null, voted=52743044-8979-4a08-8013-92a14c548982, raftlog=52743044-8979-4a08-8013-92a14c548982@group-146C50BE7901-SegmentedRaftLog:OPENED:c-1,f-1,i0, conf=-1: [904f39be-c3d3-4df4-99c0-2e4526e577e3:192.168.157.254:45339, 52743044-8979-4a08-8013-92a14c548982:192.168.157.254:36428, 65da0c80-3604-4ac2-9a39-ee88d748a153:192.168.157.254:37466], old=null
2019-10-16 21:11:28,856 [52743044-8979-4a08-8013-92a14c548982@group-146C50BE7901-LeaderElection44] INFO  impl.RaftServerImpl (RaftServerImpl.java:setRole(184)) - 52743044-8979-4a08-8013-92a14c548982@group-146C50BE7901: changes role from CANDIDATE to FOLLOWER at term 43 for DISCOVERED_A_NEW_TERM
2019-10-16 21:11:28,857 [52743044-8979-4a08-8013-92a14c548982@group-146C50BE7901-LeaderElection44] INFO  impl.RoleInfo (RoleInfo.java:shutdownLeaderElection(134)) - 52743044-8979-4a08-8013-92a14c548982: shutdown LeaderElection
2019-10-16 21:11:28,857 [52743044-8979-4a08-8013-92a14c548982@group-146C50BE7901-LeaderElection44] INFO  impl.RoleInfo (RoleInfo.java:updateAndGet(143)) - 52743044-8979-4a08-8013-92a14c548982: start FollowerState
2019-10-16 21:11:28,869 [Thread-522] INFO  impl.FollowerState (FollowerState.java:run(108)) - 52743044-8979-4a08-8013-92a14c548982@group-146C50BE7901-FollowerState: change to CANDIDATE, lastRpcTime:12ms, electionTimeout:12ms
2019-10-16 21:11:28,869 [Thread-522] INFO  impl.RoleInfo (RoleInfo.java:shutdownFollowerState(121)) - 52743044-8979-4a08-8013-92a14c548982: shutdown FollowerState
2019-10-16 21:11:28,869 [Thread-522] INFO  impl.RaftServerImpl (RaftServerImpl.java:setRole(184)) - 52743044-8979-4a08-8013-92a14c548982@group-146C50BE7901: changes role from  FOLLOWER to CANDIDATE at term 43 for changeToCandidate
2019-10-16 21:11:28,869 [Thread-522] INFO  impl.RoleInfo (RoleInfo.java:updateAndGet(143)) - 52743044-8979-4a08-8013-92a14c548982: start LeaderElection
2019-10-16 21:11:28,935 [52743044-8979-4a08-8013-92a14c548982@group-146C50BE7901-LeaderElection45] INFO  impl.LeaderElection (LeaderElection.java:askForVotes(178)) - 52743044-8979-4a08-8013-92a14c548982@group-146C50BE7901-LeaderElection45: begin an election at term 44 for -1: [904f39be-c3d3-4df4-99c0-2e4526e577e3:192.168.157.254:45339, 52743044-8979-4a08-8013-92a14c548982:192.168.157.254:36428, 65da0c80-3604-4ac2-9a39-ee88d748a153:192.168.157.254:37466], old=null
2019-10-16 21:11:28,939 [grpc-default-executor-0] INFO  impl.RaftServerImpl (RaftServerImpl.java:setRole(184)) - 65da0c80-3604-4ac2-9a39-ee88d748a153@group-146C50BE7901: changes role from  FOLLOWER to FOLLOWER at term 44 for recognizeCandidate:52743044-8979-4a08-8013-92a14c548982
2019-10-16 21:11:28,939 [grpc-default-executor-0] INFO  impl.RoleInfo (RoleInfo.java:shutdownFollowerState(121)) - 65da0c80-3604-4ac2-9a39-ee88d748a153: shutdown FollowerState
2019-10-16 21:11:28,940 [Thread-521] INFO  impl.FollowerState (FollowerState.java:run(117)) - 65da0c80-3604-4ac2-9a39-ee88d748a153@group-146C50BE7901-FollowerState was interrupted: java.lang.InterruptedException: sleep interrupted
2019-10-16 21:11:28,940 [grpc-default-executor-0] INFO  impl.RoleInfo (RoleInfo.java:updateAndGet(143)) - 65da0c80-3604-4ac2-9a39-ee88d748a153: start FollowerState
2019-10-16 21:11:28,942 [grpc-default-executor-1] INFO  impl.RaftServerImpl (RaftServerImpl.java:setRole(184)) - 904f39be-c3d3-4df4-99c0-2e4526e577e3@group-146C50BE7901: changes role from  FOLLOWER to FOLLOWER at term 44 for recognizeCandidate:52743044-8979-4a08-8013-92a14c548982
2019-10-16 21:11:28,942 [grpc-default-executor-1] INFO  impl.RoleInfo (RoleInfo.java:shutdownFollowerState(121)) - 904f39be-c3d3-4df4-99c0-2e4526e577e3: shutdown FollowerState
2019-10-16 21:11:28,942 [grpc-default-executor-1] INFO  impl.RoleInfo (RoleInfo.java:updateAndGet(143)) - 904f39be-c3d3-4df4-99c0-2e4526e577e3: start FollowerState
2019-10-16 21:11:28,942 [Thread-520] INFO  impl.FollowerState (FollowerState.java:run(117)) - 904f39be-c3d3-4df4-99c0-2e4526e577e3@group-146C50BE7901-FollowerState was interrupted: java.lang.InterruptedException: sleep interrupted
2019-10-16 21:11:29,013 [52743044-8979-4a08-8013-92a14c548982@group-146C50BE7901-LeaderElection45] INFO  impl.LeaderElection (LeaderElection.java:logAndReturn(56)) - 52743044-8979-4a08-8013-92a14c548982@group-146C50BE7901-LeaderElection45: Election REJECTED; received 2 response(s) [52743044-8979-4a08-8013-92a14c548982<-904f39be-c3d3-4df4-99c0-2e4526e577e3#0:FAIL-t44, 52743044-8979-4a08-8013-92a14c548982<-65da0c80-3604-4ac2-9a39-ee88d748a153#0:FAIL-t44] and 0 exception(s); 52743044-8979-4a08-8013-92a14c548982@group-146C50BE7901:t44, leader=null, voted=52743044-8979-4a08-8013-92a14c548982, raftlog=52743044-8979-4a08-8013-92a14c548982@group-146C50BE7901-SegmentedRaftLog:OPENED:c-1,f-1,i0, conf=-1: [904f39be-c3d3-4df4-99c0-2e4526e577e3:192.168.157.254:45339, 52743044-8979-4a08-8013-92a14c548982:192.168.157.254:36428, 65da0c80-3604-4ac2-9a39-ee88d748a153:192.168.157.254:37466], old=null
2019-10-16 21:11:29,014 [52743044-8979-4a08-8013-92a14c548982@group-146C50BE7901-LeaderElection45] INFO  impl.RaftServerImpl (RaftServerImpl.java:setRole(184)) - 52743044-8979-4a08-8013-92a14c548982@group-146C50BE7901: changes role from CANDIDATE to FOLLOWER at term 44 for DISCOVERED_A_NEW_TERM
2019-10-16 21:11:29,014 [52743044-8979-4a08-8013-92a14c548982@group-146C50BE7901-LeaderElection45] INFO  impl.RoleInfo (RoleInfo.java:shutdownLeaderElection(134)) - 52743044-8979-4a08-8013-92a14c548982: shutdown LeaderElection
2019-10-16 21:11:29,014 [52743044-8979-4a08-8013-92a14c548982@group-146C50BE7901-LeaderElection45] INFO  impl.RoleInfo (RoleInfo.java:updateAndGet(143)) - 52743044-8979-4a08-8013-92a14c548982: start FollowerState
2019-10-16 21:11:29,063 [Thread-528] INFO  impl.FollowerState (FollowerState.java:run(108)) - 52743044-8979-4a08-8013-92a14c548982@group-146C50BE7901-FollowerState: change to CANDIDATE, lastRpcTime:48ms, electionTimeout:48ms
2019-10-16 21:11:29,063 [Thread-528] INFO  impl.RoleInfo (RoleInfo.java:shutdownFollowerState(121)) - 52743044-8979-4a08-8013-92a14c548982: shutdown FollowerState
2019-10-16 21:11:29,064 [Thread-528] INFO  impl.RaftServerImpl (RaftServerImpl.java:setRole(184)) - 52743044-8979-4a08-8013-92a14c548982@group-146C50BE7901: changes role from  FOLLOWER to CANDIDATE at term 44 for changeToCandidate
2019-10-16 21:11:29,064 [Thread-528] INFO  impl.RoleInfo (RoleInfo.java:updateAndGet(143)) - 52743044-8979-4a08-8013-92a14c548982: start LeaderElection
2019-10-16 21:11:29,123 [52743044-8979-4a08-8013-92a14c548982@group-146C50BE7901-LeaderElection46] INFO  impl.LeaderElection (LeaderElection.java:askForVotes(178)) - 52743044-8979-4a08-8013-92a14c548982@group-146C50BE7901-LeaderElection46: begin an election at term 45 for -1: [904f39be-c3d3-4df4-99c0-2e4526e577e3:192.168.157.254:45339, 52743044-8979-4a08-8013-92a14c548982:192.168.157.254:36428, 65da0c80-3604-4ac2-9a39-ee88d748a153:192.168.157.254:37466], old=null
2019-10-16 21:11:29,127 [grpc-default-executor-1] INFO  impl.RaftServerImpl (RaftServerImpl.java:setRole(184)) - 65da0c80-3604-4ac2-9a39-ee88d748a153@group-146C50BE7901: changes role from  FOLLOWER to FOLLOWER at term 45 for recognizeCandidate:52743044-8979-4a08-8013-92a14c548982
2019-10-16 21:11:29,127 [grpc-default-executor-1] INFO  impl.RoleInfo (RoleInfo.java:shutdownFollowerState(121)) - 65da0c80-3604-4ac2-9a39-ee88d748a153: shutdown FollowerState
2019-10-16 21:11:29,127 [grpc-default-executor-1] INFO  impl.RoleInfo (RoleInfo.java:updateAndGet(143)) - 65da0c80-3604-4ac2-9a39-ee88d748a153: start FollowerState
2019-10-16 21:11:29,127 [Thread-526] INFO  impl.FollowerState (FollowerState.java:run(117)) - 65da0c80-3604-4ac2-9a39-ee88d748a153@group-146C50BE7901-FollowerState was interrupted: java.lang.InterruptedException: sleep interrupted
2019-10-16 21:11:29,127 [grpc-default-executor-0] INFO  impl.RaftServerImpl (RaftServerImpl.java:setRole(184)) - 904f39be-c3d3-4df4-99c0-2e4526e577e3@group-146C50BE7901: changes role from  FOLLOWER to FOLLOWER at term 45 for recognizeCandidate:52743044-8979-4a08-8013-92a14c548982
2019-10-16 21:11:29,128 [grpc-default-executor-0] INFO  impl.RoleInfo (RoleInfo.java:shutdownFollowerState(121)) - 904f39be-c3d3-4df4-99c0-2e4526e577e3: shutdown FollowerState
2019-10-16 21:11:29,128 [grpc-default-executor-0] INFO  impl.RoleInfo (RoleInfo.java:updateAndGet(143)) - 904f39be-c3d3-4df4-99c0-2e4526e577e3: start FollowerState
2019-10-16 21:11:29,128 [Thread-527] INFO  impl.FollowerState (FollowerState.java:run(117)) - 904f39be-c3d3-4df4-99c0-2e4526e577e3@group-146C50BE7901-FollowerState was interrupted: java.lang.InterruptedException: sleep interrupted
2019-10-16 21:11:29,162 [52743044-8979-4a08-8013-92a14c548982@group-146C50BE7901-LeaderElection46] INFO  impl.LeaderElection (LeaderElection.java:logAndReturn(56)) - 52743044-8979-4a08-8013-92a14c548982@group-146C50BE7901-LeaderElection46: Election REJECTED; received 2 response(s) [52743044-8979-4a08-8013-92a14c548982<-904f39be-c3d3-4df4-99c0-2e4526e577e3#0:FAIL-t45, 52743044-8979-4a08-8013-92a14c548982<-65da0c80-3604-4ac2-9a39-ee88d748a153#0:FAIL-t45] and 0 exception(s); 52743044-8979-4a08-8013-92a14c548982@group-146C50BE7901:t45, leader=null, voted=52743044-8979-4a08-8013-92a14c548982, raftlog=52743044-8979-4a08-8013-92a14c548982@group-146C50BE7901-SegmentedRaftLog:OPENED:c-1,f-1,i0, conf=-1: [904f39be-c3d3-4df4-99c0-2e4526e577e3:192.168.157.254:45339, 52743044-8979-4a08-8013-92a14c548982:192.168.157.254:36428, 65da0c80-3604-4ac2-9a39-ee88d748a153:192.168.157.254:37466], old=null
2019-10-16 21:11:29,162 [52743044-8979-4a08-8013-92a14c548982@group-146C50BE7901-LeaderElection46] INFO  impl.RaftServerImpl (RaftServerImpl.java:setRole(184)) - 52743044-8979-4a08-8013-92a14c548982@group-146C50BE7901: changes role from CANDIDATE to FOLLOWER at term 45 for DISCOVERED_A_NEW_TERM
2019-10-16 21:11:29,162 [52743044-8979-4a08-8013-92a14c548982@group-146C50BE7901-LeaderElection46] INFO  impl.RoleInfo (RoleInfo.java:shutdownLeaderElection(134)) - 52743044-8979-4a08-8013-92a14c548982: shutdown LeaderElection
2019-10-16 21:11:29,162 [52743044-8979-4a08-8013-92a14c548982@group-146C50BE7901-LeaderElection46] INFO  impl.RoleInfo (RoleInfo.java:updateAndGet(143)) - 52743044-8979-4a08-8013-92a14c548982: start FollowerState
2019-10-16 21:11:29,194 [main] INFO  ozone.MiniOzoneClusterImpl (MiniOzoneClusterImpl.java:lambda$waitForClusterToBeReady$2(164)) - Waiting for 1 number of pipelines out of 4, to report a leader.
2019-10-16 21:11:29,250 [Thread-534] INFO  impl.FollowerState (FollowerState.java:run(108)) - 52743044-8979-4a08-8013-92a14c548982@group-146C50BE7901-FollowerState: change to CANDIDATE, lastRpcTime:87ms, electionTimeout:87ms
2019-10-16 21:11:29,250 [Thread-534] INFO  impl.RoleInfo (RoleInfo.java:shutdownFollowerState(121)) - 52743044-8979-4a08-8013-92a14c548982: shutdown FollowerState
2019-10-16 21:11:29,250 [Thread-534] INFO  impl.RaftServerImpl (RaftServerImpl.java:setRole(184)) - 52743044-8979-4a08-8013-92a14c548982@group-146C50BE7901: changes role from  FOLLOWER to CANDIDATE at term 45 for changeToCandidate
2019-10-16 21:11:29,250 [Thread-534] INFO  impl.RoleInfo (RoleInfo.java:updateAndGet(143)) - 52743044-8979-4a08-8013-92a14c548982: start LeaderElection
2019-10-16 21:11:29,265 [52743044-8979-4a08-8013-92a14c548982@group-146C50BE7901-LeaderElection47] INFO  impl.LeaderElection (LeaderElection.java:askForVotes(178)) - 52743044-8979-4a08-8013-92a14c548982@group-146C50BE7901-LeaderElection47: begin an election at term 46 for -1: [904f39be-c3d3-4df4-99c0-2e4526e577e3:192.168.157.254:45339, 52743044-8979-4a08-8013-92a14c548982:192.168.157.254:36428, 65da0c80-3604-4ac2-9a39-ee88d748a153:192.168.157.254:37466], old=null
2019-10-16 21:11:29,268 [grpc-default-executor-1] INFO  impl.RaftServerImpl (RaftServerImpl.java:setRole(184)) - 904f39be-c3d3-4df4-99c0-2e4526e577e3@group-146C50BE7901: changes role from  FOLLOWER to FOLLOWER at term 46 for recognizeCandidate:52743044-8979-4a08-8013-92a14c548982
2019-10-16 21:11:29,268 [grpc-default-executor-1] INFO  impl.RoleInfo (RoleInfo.java:shutdownFollowerState(121)) - 904f39be-c3d3-4df4-99c0-2e4526e577e3: shutdown FollowerState
2019-10-16 21:11:29,269 [grpc-default-executor-0] INFO  impl.RaftServerImpl (RaftServerImpl.java:setRole(184)) - 65da0c80-3604-4ac2-9a39-ee88d748a153@group-146C50BE7901: changes role from  FOLLOWER to FOLLOWER at term 46 for recognizeCandidate:52743044-8979-4a08-8013-92a14c548982
2019-10-16 21:11:29,269 [Thread-533] INFO  impl.FollowerState (FollowerState.java:run(117)) - 904f39be-c3d3-4df4-99c0-2e4526e577e3@group-146C50BE7901-FollowerState was interrupted: java.lang.InterruptedException: sleep interrupted
2019-10-16 21:11:29,269 [grpc-default-executor-1] INFO  impl.RoleInfo (RoleInfo.java:updateAndGet(143)) - 904f39be-c3d3-4df4-99c0-2e4526e577e3: start FollowerState
2019-10-16 21:11:29,269 [grpc-default-executor-0] INFO  impl.RoleInfo (RoleInfo.java:shutdownFollowerState(121)) - 65da0c80-3604-4ac2-9a39-ee88d748a153: shutdown FollowerState
2019-10-16 21:11:29,269 [grpc-default-executor-0] INFO  impl.RoleInfo (RoleInfo.java:updateAndGet(143)) - 65da0c80-3604-4ac2-9a39-ee88d748a153: start FollowerState
2019-10-16 21:11:29,269 [Thread-532] INFO  impl.FollowerState (FollowerState.java:run(117)) - 65da0c80-3604-4ac2-9a39-ee88d748a153@group-146C50BE7901-FollowerState was interrupted: java.lang.InterruptedException: sleep interrupted
2019-10-16 21:11:29,277 [52743044-8979-4a08-8013-92a14c548982@group-146C50BE7901-LeaderElection47] INFO  impl.LeaderElection (LeaderElection.java:logAndReturn(56)) - 52743044-8979-4a08-8013-92a14c548982@group-146C50BE7901-LeaderElection47: Election REJECTED; received 2 response(s) [52743044-8979-4a08-8013-92a14c548982<-904f39be-c3d3-4df4-99c0-2e4526e577e3#0:FAIL-t46, 52743044-8979-4a08-8013-92a14c548982<-65da0c80-3604-4ac2-9a39-ee88d748a153#0:FAIL-t46] and 0 exception(s); 52743044-8979-4a08-8013-92a14c548982@group-146C50BE7901:t46, leader=null, voted=52743044-8979-4a08-8013-92a14c548982, raftlog=52743044-8979-4a08-8013-92a14c548982@group-146C50BE7901-SegmentedRaftLog:OPENED:c-1,f-1,i0, conf=-1: [904f39be-c3d3-4df4-99c0-2e4526e577e3:192.168.157.254:45339, 52743044-8979-4a08-8013-92a14c548982:192.168.157.254:36428, 65da0c80-3604-4ac2-9a39-ee88d748a153:192.168.157.254:37466], old=null
2019-10-16 21:11:29,277 [52743044-8979-4a08-8013-92a14c548982@group-146C50BE7901-LeaderElection47] INFO  impl.RaftServerImpl (RaftServerImpl.java:setRole(184)) - 52743044-8979-4a08-8013-92a14c548982@group-146C50BE7901: changes role from CANDIDATE to FOLLOWER at term 46 for DISCOVERED_A_NEW_TERM
2019-10-16 21:11:29,277 [52743044-8979-4a08-8013-92a14c548982@group-146C50BE7901-LeaderElection47] INFO  impl.RoleInfo (RoleInfo.java:shutdownLeaderElection(134)) - 52743044-8979-4a08-8013-92a14c548982: shutdown LeaderElection
2019-10-16 21:11:29,278 [52743044-8979-4a08-8013-92a14c548982@group-146C50BE7901-LeaderElection47] INFO  impl.RoleInfo (RoleInfo.java:updateAndGet(143)) - 52743044-8979-4a08-8013-92a14c548982: start FollowerState
2019-10-16 21:11:29,298 [Thread-540] INFO  impl.FollowerState (FollowerState.java:run(108)) - 52743044-8979-4a08-8013-92a14c548982@group-146C50BE7901-FollowerState: change to CANDIDATE, lastRpcTime:20ms, electionTimeout:20ms
2019-10-16 21:11:29,298 [Thread-540] INFO  impl.RoleInfo (RoleInfo.java:shutdownFollowerState(121)) - 52743044-8979-4a08-8013-92a14c548982: shutdown FollowerState
2019-10-16 21:11:29,298 [Thread-540] INFO  impl.RaftServerImpl (RaftServerImpl.java:setRole(184)) - 52743044-8979-4a08-8013-92a14c548982@group-146C50BE7901: changes role from  FOLLOWER to CANDIDATE at term 46 for changeToCandidate
2019-10-16 21:11:29,298 [Thread-540] INFO  impl.RoleInfo (RoleInfo.java:updateAndGet(143)) - 52743044-8979-4a08-8013-92a14c548982: start LeaderElection
2019-10-16 21:11:29,318 [52743044-8979-4a08-8013-92a14c548982@group-146C50BE7901-LeaderElection48] INFO  impl.LeaderElection (LeaderElection.java:askForVotes(178)) - 52743044-8979-4a08-8013-92a14c548982@group-146C50BE7901-LeaderElection48: begin an election at term 47 for -1: [904f39be-c3d3-4df4-99c0-2e4526e577e3:192.168.157.254:45339, 52743044-8979-4a08-8013-92a14c548982:192.168.157.254:36428, 65da0c80-3604-4ac2-9a39-ee88d748a153:192.168.157.254:37466], old=null
2019-10-16 21:11:29,321 [grpc-default-executor-1] INFO  impl.RaftServerImpl (RaftServerImpl.java:setRole(184)) - 904f39be-c3d3-4df4-99c0-2e4526e577e3@group-146C50BE7901: changes role from  FOLLOWER to FOLLOWER at term 47 for recognizeCandidate:52743044-8979-4a08-8013-92a14c548982
2019-10-16 21:11:29,321 [grpc-default-executor-1] INFO  impl.RoleInfo (RoleInfo.java:shutdownFollowerState(121)) - 904f39be-c3d3-4df4-99c0-2e4526e577e3: shutdown FollowerState
2019-10-16 21:11:29,321 [grpc-default-executor-1] INFO  impl.RoleInfo (RoleInfo.java:updateAndGet(143)) - 904f39be-c3d3-4df4-99c0-2e4526e577e3: start FollowerState
2019-10-16 21:11:29,321 [Thread-538] INFO  impl.FollowerState (FollowerState.java:run(117)) - 904f39be-c3d3-4df4-99c0-2e4526e577e3@group-146C50BE7901-FollowerState was interrupted: java.lang.InterruptedException: sleep interrupted
2019-10-16 21:11:29,321 [grpc-default-executor-0] INFO  impl.RaftServerImpl (RaftServerImpl.java:setRole(184)) - 65da0c80-3604-4ac2-9a39-ee88d748a153@group-146C50BE7901: changes role from  FOLLOWER to FOLLOWER at term 47 for recognizeCandidate:52743044-8979-4a08-8013-92a14c548982
2019-10-16 21:11:29,321 [grpc-default-executor-0] INFO  impl.RoleInfo (RoleInfo.java:shutdownFollowerState(121)) - 65da0c80-3604-4ac2-9a39-ee88d748a153: shutdown FollowerState
2019-10-16 21:11:29,322 [grpc-default-executor-0] INFO  impl.RoleInfo (RoleInfo.java:updateAndGet(143)) - 65da0c80-3604-4ac2-9a39-ee88d748a153: start FollowerState
2019-10-16 21:11:29,322 [Thread-539] INFO  impl.FollowerState (FollowerState.java:run(117)) - 65da0c80-3604-4ac2-9a39-ee88d748a153@group-146C50BE7901-FollowerState was interrupted: java.lang.InterruptedException: sleep interrupted
2019-10-16 21:11:29,337 [52743044-8979-4a08-8013-92a14c548982@group-146C50BE7901-LeaderElection48] INFO  impl.LeaderElection (LeaderElection.java:logAndReturn(56)) - 52743044-8979-4a08-8013-92a14c548982@group-146C50BE7901-LeaderElection48: Election REJECTED; received 2 response(s) [52743044-8979-4a08-8013-92a14c548982<-904f39be-c3d3-4df4-99c0-2e4526e577e3#0:FAIL-t47, 52743044-8979-4a08-8013-92a14c548982<-65da0c80-3604-4ac2-9a39-ee88d748a153#0:FAIL-t47] and 0 exception(s); 52743044-8979-4a08-8013-92a14c548982@group-146C50BE7901:t47, leader=null, voted=52743044-8979-4a08-8013-92a14c548982, raftlog=52743044-8979-4a08-8013-92a14c548982@group-146C50BE7901-SegmentedRaftLog:OPENED:c-1,f-1,i0, conf=-1: [904f39be-c3d3-4df4-99c0-2e4526e577e3:192.168.157.254:45339, 52743044-8979-4a08-8013-92a14c548982:192.168.157.254:36428, 65da0c80-3604-4ac2-9a39-ee88d748a153:192.168.157.254:37466], old=null
2019-10-16 21:11:29,338 [52743044-8979-4a08-8013-92a14c548982@group-146C50BE7901-LeaderElection48] INFO  impl.RaftServerImpl (RaftServerImpl.java:setRole(184)) - 52743044-8979-4a08-8013-92a14c548982@group-146C50BE7901: changes role from CANDIDATE to FOLLOWER at term 47 for DISCOVERED_A_NEW_TERM
2019-10-16 21:11:29,338 [52743044-8979-4a08-8013-92a14c548982@group-146C50BE7901-LeaderElection48] INFO  impl.RoleInfo (RoleInfo.java:shutdownLeaderElection(134)) - 52743044-8979-4a08-8013-92a14c548982: shutdown LeaderElection
2019-10-16 21:11:29,338 [52743044-8979-4a08-8013-92a14c548982@group-146C50BE7901-LeaderElection48] INFO  impl.RoleInfo (RoleInfo.java:updateAndGet(143)) - 52743044-8979-4a08-8013-92a14c548982: start FollowerState
2019-10-16 21:11:29,491 [Thread-546] INFO  impl.FollowerState (FollowerState.java:run(108)) - 52743044-8979-4a08-8013-92a14c548982@group-146C50BE7901-FollowerState: change to CANDIDATE, lastRpcTime:153ms, electionTimeout:153ms
2019-10-16 21:11:29,491 [Thread-546] INFO  impl.RoleInfo (RoleInfo.java:shutdownFollowerState(121)) - 52743044-8979-4a08-8013-92a14c548982: shutdown FollowerState
2019-10-16 21:11:29,492 [Thread-546] INFO  impl.RaftServerImpl (RaftServerImpl.java:setRole(184)) - 52743044-8979-4a08-8013-92a14c548982@group-146C50BE7901: changes role from  FOLLOWER to CANDIDATE at term 47 for changeToCandidate
2019-10-16 21:11:29,492 [Thread-546] INFO  impl.RoleInfo (RoleInfo.java:updateAndGet(143)) - 52743044-8979-4a08-8013-92a14c548982: start LeaderElection
2019-10-16 21:11:29,505 [52743044-8979-4a08-8013-92a14c548982@group-146C50BE7901-LeaderElection49] INFO  impl.LeaderElection (LeaderElection.java:askForVotes(178)) - 52743044-8979-4a08-8013-92a14c548982@group-146C50BE7901-LeaderElection49: begin an election at term 48 for -1: [904f39be-c3d3-4df4-99c0-2e4526e577e3:192.168.157.254:45339, 52743044-8979-4a08-8013-92a14c548982:192.168.157.254:36428, 65da0c80-3604-4ac2-9a39-ee88d748a153:192.168.157.254:37466], old=null
2019-10-16 21:11:29,509 [grpc-default-executor-0] INFO  impl.RaftServerImpl (RaftServerImpl.java:setRole(184)) - 65da0c80-3604-4ac2-9a39-ee88d748a153@group-146C50BE7901: changes role from  FOLLOWER to FOLLOWER at term 48 for recognizeCandidate:52743044-8979-4a08-8013-92a14c548982
2019-10-16 21:11:29,509 [grpc-default-executor-1] INFO  impl.RaftServerImpl (RaftServerImpl.java:setRole(184)) - 904f39be-c3d3-4df4-99c0-2e4526e577e3@group-146C50BE7901: changes role from  FOLLOWER to FOLLOWER at term 48 for recognizeCandidate:52743044-8979-4a08-8013-92a14c548982
2019-10-16 21:11:29,509 [grpc-default-executor-0] INFO  impl.RoleInfo (RoleInfo.java:shutdownFollowerState(121)) - 65da0c80-3604-4ac2-9a39-ee88d748a153: shutdown FollowerState
2019-10-16 21:11:29,509 [grpc-default-executor-1] INFO  impl.RoleInfo (RoleInfo.java:shutdownFollowerState(121)) - 904f39be-c3d3-4df4-99c0-2e4526e577e3: shutdown FollowerState
2019-10-16 21:11:29,509 [Thread-545] INFO  impl.FollowerState (FollowerState.java:run(117)) - 65da0c80-3604-4ac2-9a39-ee88d748a153@group-146C50BE7901-FollowerState was interrupted: java.lang.InterruptedException: sleep interrupted
2019-10-16 21:11:29,509 [grpc-default-executor-0] INFO  impl.RoleInfo (RoleInfo.java:updateAndGet(143)) - 65da0c80-3604-4ac2-9a39-ee88d748a153: start FollowerState
2019-10-16 21:11:29,509 [grpc-default-executor-1] INFO  impl.RoleInfo (RoleInfo.java:updateAndGet(143)) - 904f39be-c3d3-4df4-99c0-2e4526e577e3: start FollowerState
2019-10-16 21:11:29,509 [Thread-544] INFO  impl.FollowerState (FollowerState.java:run(117)) - 904f39be-c3d3-4df4-99c0-2e4526e577e3@group-146C50BE7901-FollowerState was interrupted: java.lang.InterruptedException: sleep interrupted
2019-10-16 21:11:29,557 [52743044-8979-4a08-8013-92a14c548982@group-146C50BE7901-LeaderElection49] INFO  impl.LeaderElection (LeaderElection.java:logAndReturn(56)) - 52743044-8979-4a08-8013-92a14c548982@group-146C50BE7901-LeaderElection49: Election TIMEOUT; received 0 response(s) [] and 0 exception(s); 52743044-8979-4a08-8013-92a14c548982@group-146C50BE7901:t48, leader=null, voted=52743044-8979-4a08-8013-92a14c548982, raftlog=52743044-8979-4a08-8013-92a14c548982@group-146C50BE7901-SegmentedRaftLog:OPENED:c-1,f-1,i0, conf=-1: [904f39be-c3d3-4df4-99c0-2e4526e577e3:192.168.157.254:45339, 52743044-8979-4a08-8013-92a14c548982:192.168.157.254:36428, 65da0c80-3604-4ac2-9a39-ee88d748a153:192.168.157.254:37466], old=null
2019-10-16 21:11:29,588 [52743044-8979-4a08-8013-92a14c548982@group-146C50BE7901-LeaderElection49] INFO  impl.LeaderElection (LeaderElection.java:askForVotes(178)) - 52743044-8979-4a08-8013-92a14c548982@group-146C50BE7901-LeaderElection49: begin an election at term 49 for -1: [904f39be-c3d3-4df4-99c0-2e4526e577e3:192.168.157.254:45339, 52743044-8979-4a08-8013-92a14c548982:192.168.157.254:36428, 65da0c80-3604-4ac2-9a39-ee88d748a153:192.168.157.254:37466], old=null
2019-10-16 21:11:29,590 [grpc-default-executor-0] INFO  impl.RaftServerImpl (RaftServerImpl.java:setRole(184)) - 904f39be-c3d3-4df4-99c0-2e4526e577e3@group-146C50BE7901: changes role from  FOLLOWER to FOLLOWER at term 49 for recognizeCandidate:52743044-8979-4a08-8013-92a14c548982
2019-10-16 21:11:29,590 [grpc-default-executor-0] INFO  impl.RoleInfo (RoleInfo.java:shutdownFollowerState(121)) - 904f39be-c3d3-4df4-99c0-2e4526e577e3: shutdown FollowerState
2019-10-16 21:11:29,590 [grpc-default-executor-0] INFO  impl.RoleInfo (RoleInfo.java:updateAndGet(143)) - 904f39be-c3d3-4df4-99c0-2e4526e577e3: start FollowerState
2019-10-16 21:11:29,590 [Thread-551] INFO  impl.FollowerState (FollowerState.java:run(117)) - 904f39be-c3d3-4df4-99c0-2e4526e577e3@group-146C50BE7901-FollowerState was interrupted: java.lang.InterruptedException: sleep interrupted
2019-10-16 21:11:29,590 [grpc-default-executor-1] INFO  impl.RaftServerImpl (RaftServerImpl.java:setRole(184)) - 65da0c80-3604-4ac2-9a39-ee88d748a153@group-146C50BE7901: changes role from  FOLLOWER to FOLLOWER at term 49 for recognizeCandidate:52743044-8979-4a08-8013-92a14c548982
2019-10-16 21:11:29,591 [grpc-default-executor-1] INFO  impl.RoleInfo (RoleInfo.java:shutdownFollowerState(121)) - 65da0c80-3604-4ac2-9a39-ee88d748a153: shutdown FollowerState
2019-10-16 21:11:29,591 [Thread-550] INFO  impl.FollowerState (FollowerState.java:run(117)) - 65da0c80-3604-4ac2-9a39-ee88d748a153@group-146C50BE7901-FollowerState was interrupted: java.lang.InterruptedException: sleep interrupted
2019-10-16 21:11:29,591 [grpc-default-executor-1] INFO  impl.RoleInfo (RoleInfo.java:updateAndGet(143)) - 65da0c80-3604-4ac2-9a39-ee88d748a153: start FollowerState
2019-10-16 21:11:29,621 [52743044-8979-4a08-8013-92a14c548982@group-146C50BE7901-LeaderElection49] INFO  impl.LeaderElection (LeaderElection.java:logAndReturn(56)) - 52743044-8979-4a08-8013-92a14c548982@group-146C50BE7901-LeaderElection49: Election TIMEOUT; received 0 response(s) [] and 0 exception(s); 52743044-8979-4a08-8013-92a14c548982@group-146C50BE7901:t49, leader=null, voted=52743044-8979-4a08-8013-92a14c548982, raftlog=52743044-8979-4a08-8013-92a14c548982@group-146C50BE7901-SegmentedRaftLog:OPENED:c-1,f-1,i0, conf=-1: [904f39be-c3d3-4df4-99c0-2e4526e577e3:192.168.157.254:45339, 52743044-8979-4a08-8013-92a14c548982:192.168.157.254:36428, 65da0c80-3604-4ac2-9a39-ee88d748a153:192.168.157.254:37466], old=null
2019-10-16 21:11:29,673 [52743044-8979-4a08-8013-92a14c548982@group-146C50BE7901-LeaderElection49] INFO  impl.LeaderElection (LeaderElection.java:askForVotes(178)) - 52743044-8979-4a08-8013-92a14c548982@group-146C50BE7901-LeaderElection49: begin an election at term 50 for -1: [904f39be-c3d3-4df4-99c0-2e4526e577e3:192.168.157.254:45339, 52743044-8979-4a08-8013-92a14c548982:192.168.157.254:36428, 65da0c80-3604-4ac2-9a39-ee88d748a153:192.168.157.254:37466], old=null
2019-10-16 21:11:29,676 [grpc-default-executor-0] INFO  impl.RaftServerImpl (RaftServerImpl.java:setRole(184)) - 904f39be-c3d3-4df4-99c0-2e4526e577e3@group-146C50BE7901: changes role from  FOLLOWER to FOLLOWER at term 50 for recognizeCandidate:52743044-8979-4a08-8013-92a14c548982
2019-10-16 21:11:29,676 [grpc-default-executor-0] INFO  impl.RoleInfo (RoleInfo.java:shutdownFollowerState(121)) - 904f39be-c3d3-4df4-99c0-2e4526e577e3: shutdown FollowerState
2019-10-16 21:11:29,676 [grpc-default-executor-1] INFO  impl.RaftServerImpl (RaftServerImpl.java:setRole(184)) - 65da0c80-3604-4ac2-9a39-ee88d748a153@group-146C50BE7901: changes role from  FOLLOWER to FOLLOWER at term 50 for recognizeCandidate:52743044-8979-4a08-8013-92a14c548982
2019-10-16 21:11:29,676 [Thread-554] INFO  impl.FollowerState (FollowerState.java:run(117)) - 904f39be-c3d3-4df4-99c0-2e4526e577e3@group-146C50BE7901-FollowerState was interrupted: java.lang.InterruptedException: sleep interrupted
2019-10-16 21:11:29,676 [grpc-default-executor-0] INFO  impl.RoleInfo (RoleInfo.java:updateAndGet(143)) - 904f39be-c3d3-4df4-99c0-2e4526e577e3: start FollowerState
2019-10-16 21:11:29,676 [grpc-default-executor-1] INFO  impl.RoleInfo (RoleInfo.java:shutdownFollowerState(121)) - 65da0c80-3604-4ac2-9a39-ee88d748a153: shutdown FollowerState
2019-10-16 21:11:29,677 [Thread-555] INFO  impl.FollowerState (FollowerState.java:run(117)) - 65da0c80-3604-4ac2-9a39-ee88d748a153@group-146C50BE7901-FollowerState was interrupted: java.lang.InterruptedException: sleep interrupted
2019-10-16 21:11:29,677 [grpc-default-executor-1] INFO  impl.RoleInfo (RoleInfo.java:updateAndGet(143)) - 65da0c80-3604-4ac2-9a39-ee88d748a153: start FollowerState
2019-10-16 21:11:29,703 [52743044-8979-4a08-8013-92a14c548982@group-146C50BE7901-LeaderElection49] INFO  impl.LeaderElection (LeaderElection.java:logAndReturn(56)) - 52743044-8979-4a08-8013-92a14c548982@group-146C50BE7901-LeaderElection49: Election REJECTED; received 2 response(s) [52743044-8979-4a08-8013-92a14c548982<-904f39be-c3d3-4df4-99c0-2e4526e577e3#0:FAIL-t50, 52743044-8979-4a08-8013-92a14c548982<-65da0c80-3604-4ac2-9a39-ee88d748a153#0:FAIL-t50] and 0 exception(s); 52743044-8979-4a08-8013-92a14c548982@group-146C50BE7901:t50, leader=null, voted=52743044-8979-4a08-8013-92a14c548982, raftlog=52743044-8979-4a08-8013-92a14c548982@group-146C50BE7901-SegmentedRaftLog:OPENED:c-1,f-1,i0, conf=-1: [904f39be-c3d3-4df4-99c0-2e4526e577e3:192.168.157.254:45339, 52743044-8979-4a08-8013-92a14c548982:192.168.157.254:36428, 65da0c80-3604-4ac2-9a39-ee88d748a153:192.168.157.254:37466], old=null
2019-10-16 21:11:29,703 [52743044-8979-4a08-8013-92a14c548982@group-146C50BE7901-LeaderElection49] INFO  impl.RaftServerImpl (RaftServerImpl.java:setRole(184)) - 52743044-8979-4a08-8013-92a14c548982@group-146C50BE7901: changes role from CANDIDATE to FOLLOWER at term 50 for DISCOVERED_A_NEW_TERM
2019-10-16 21:11:29,703 [52743044-8979-4a08-8013-92a14c548982@group-146C50BE7901-LeaderElection49] INFO  impl.RoleInfo (RoleInfo.java:shutdownLeaderElection(134)) - 52743044-8979-4a08-8013-92a14c548982: shutdown LeaderElection
2019-10-16 21:11:29,704 [52743044-8979-4a08-8013-92a14c548982@group-146C50BE7901-LeaderElection49] INFO  impl.RoleInfo (RoleInfo.java:updateAndGet(143)) - 52743044-8979-4a08-8013-92a14c548982: start FollowerState
2019-10-16 21:11:29,899 [Thread-560] INFO  impl.FollowerState (FollowerState.java:run(108)) - 52743044-8979-4a08-8013-92a14c548982@group-146C50BE7901-FollowerState: change to CANDIDATE, lastRpcTime:195ms, electionTimeout:195ms
2019-10-16 21:11:29,899 [Thread-560] INFO  impl.RoleInfo (RoleInfo.java:shutdownFollowerState(121)) - 52743044-8979-4a08-8013-92a14c548982: shutdown FollowerState
2019-10-16 21:11:29,899 [Thread-560] INFO  impl.RaftServerImpl (RaftServerImpl.java:setRole(184)) - 52743044-8979-4a08-8013-92a14c548982@group-146C50BE7901: changes role from  FOLLOWER to CANDIDATE at term 50 for changeToCandidate
2019-10-16 21:11:29,899 [Thread-560] INFO  impl.RoleInfo (RoleInfo.java:updateAndGet(143)) - 52743044-8979-4a08-8013-92a14c548982: start LeaderElection
2019-10-16 21:11:29,913 [52743044-8979-4a08-8013-92a14c548982@group-146C50BE7901-LeaderElection50] INFO  impl.LeaderElection (LeaderElection.java:askForVotes(178)) - 52743044-8979-4a08-8013-92a14c548982@group-146C50BE7901-LeaderElection50: begin an election at term 51 for -1: [904f39be-c3d3-4df4-99c0-2e4526e577e3:192.168.157.254:45339, 52743044-8979-4a08-8013-92a14c548982:192.168.157.254:36428, 65da0c80-3604-4ac2-9a39-ee88d748a153:192.168.157.254:37466], old=null
2019-10-16 21:11:29,915 [grpc-default-executor-0] INFO  impl.RaftServerImpl (RaftServerImpl.java:setRole(184)) - 65da0c80-3604-4ac2-9a39-ee88d748a153@group-146C50BE7901: changes role from  FOLLOWER to FOLLOWER at term 51 for recognizeCandidate:52743044-8979-4a08-8013-92a14c548982
2019-10-16 21:11:29,915 [grpc-default-executor-1] INFO  impl.RaftServerImpl (RaftServerImpl.java:setRole(184)) - 904f39be-c3d3-4df4-99c0-2e4526e577e3@group-146C50BE7901: changes role from  FOLLOWER to FOLLOWER at term 51 for recognizeCandidate:52743044-8979-4a08-8013-92a14c548982
2019-10-16 21:11:29,916 [grpc-default-executor-0] INFO  impl.RoleInfo (RoleInfo.java:shutdownFollowerState(121)) - 65da0c80-3604-4ac2-9a39-ee88d748a153: shutdown FollowerState
2019-10-16 21:11:29,916 [grpc-default-executor-1] INFO  impl.RoleInfo (RoleInfo.java:shutdownFollowerState(121)) - 904f39be-c3d3-4df4-99c0-2e4526e577e3: shutdown FollowerState
2019-10-16 21:11:29,916 [Thread-559] INFO  impl.FollowerState (FollowerState.java:run(117)) - 65da0c80-3604-4ac2-9a39-ee88d748a153@group-146C50BE7901-FollowerState was interrupted: java.lang.InterruptedException: sleep interrupted
2019-10-16 21:11:29,916 [grpc-default-executor-0] INFO  impl.RoleInfo (RoleInfo.java:updateAndGet(143)) - 65da0c80-3604-4ac2-9a39-ee88d748a153: start FollowerState
2019-10-16 21:11:29,916 [grpc-default-executor-1] INFO  impl.RoleInfo (RoleInfo.java:updateAndGet(143)) - 904f39be-c3d3-4df4-99c0-2e4526e577e3: start FollowerState
2019-10-16 21:11:29,916 [Thread-558] INFO  impl.FollowerState (FollowerState.java:run(117)) - 904f39be-c3d3-4df4-99c0-2e4526e577e3@group-146C50BE7901-FollowerState was interrupted: java.lang.InterruptedException: sleep interrupted
2019-10-16 21:11:29,932 [52743044-8979-4a08-8013-92a14c548982@group-146C50BE7901-LeaderElection50] INFO  impl.LeaderElection (LeaderElection.java:logAndReturn(56)) - 52743044-8979-4a08-8013-92a14c548982@group-146C50BE7901-LeaderElection50: Election REJECTED; received 2 response(s) [52743044-8979-4a08-8013-92a14c548982<-904f39be-c3d3-4df4-99c0-2e4526e577e3#0:FAIL-t51, 52743044-8979-4a08-8013-92a14c548982<-65da0c80-3604-4ac2-9a39-ee88d748a153#0:FAIL-t51] and 0 exception(s); 52743044-8979-4a08-8013-92a14c548982@group-146C50BE7901:t51, leader=null, voted=52743044-8979-4a08-8013-92a14c548982, raftlog=52743044-8979-4a08-8013-92a14c548982@group-146C50BE7901-SegmentedRaftLog:OPENED:c-1,f-1,i0, conf=-1: [904f39be-c3d3-4df4-99c0-2e4526e577e3:192.168.157.254:45339, 52743044-8979-4a08-8013-92a14c548982:192.168.157.254:36428, 65da0c80-3604-4ac2-9a39-ee88d748a153:192.168.157.254:37466], old=null
2019-10-16 21:11:29,933 [52743044-8979-4a08-8013-92a14c548982@group-146C50BE7901-LeaderElection50] INFO  impl.RaftServerImpl (RaftServerImpl.java:setRole(184)) - 52743044-8979-4a08-8013-92a14c548982@group-146C50BE7901: changes role from CANDIDATE to FOLLOWER at term 51 for DISCOVERED_A_NEW_TERM
2019-10-16 21:11:29,933 [52743044-8979-4a08-8013-92a14c548982@group-146C50BE7901-LeaderElection50] INFO  impl.RoleInfo (RoleInfo.java:shutdownLeaderElection(134)) - 52743044-8979-4a08-8013-92a14c548982: shutdown LeaderElection
2019-10-16 21:11:29,933 [52743044-8979-4a08-8013-92a14c548982@group-146C50BE7901-LeaderElection50] INFO  impl.RoleInfo (RoleInfo.java:updateAndGet(143)) - 52743044-8979-4a08-8013-92a14c548982: start FollowerState
2019-10-16 21:11:29,946 [Thread-566] INFO  impl.FollowerState (FollowerState.java:run(108)) - 52743044-8979-4a08-8013-92a14c548982@group-146C50BE7901-FollowerState: change to CANDIDATE, lastRpcTime:13ms, electionTimeout:13ms
2019-10-16 21:11:29,946 [Thread-566] INFO  impl.RoleInfo (RoleInfo.java:shutdownFollowerState(121)) - 52743044-8979-4a08-8013-92a14c548982: shutdown FollowerState
2019-10-16 21:11:29,947 [Thread-566] INFO  impl.RaftServerImpl (RaftServerImpl.java:setRole(184)) - 52743044-8979-4a08-8013-92a14c548982@group-146C50BE7901: changes role from  FOLLOWER to CANDIDATE at term 51 for changeToCandidate
2019-10-16 21:11:29,947 [Thread-566] INFO  impl.RoleInfo (RoleInfo.java:updateAndGet(143)) - 52743044-8979-4a08-8013-92a14c548982: start LeaderElection
2019-10-16 21:11:29,959 [52743044-8979-4a08-8013-92a14c548982@group-146C50BE7901-LeaderElection51] INFO  impl.LeaderElection (LeaderElection.java:askForVotes(178)) - 52743044-8979-4a08-8013-92a14c548982@group-146C50BE7901-LeaderElection51: begin an election at term 52 for -1: [904f39be-c3d3-4df4-99c0-2e4526e577e3:192.168.157.254:45339, 52743044-8979-4a08-8013-92a14c548982:192.168.157.254:36428, 65da0c80-3604-4ac2-9a39-ee88d748a153:192.168.157.254:37466], old=null
2019-10-16 21:11:29,961 [grpc-default-executor-0] INFO  impl.RaftServerImpl (RaftServerImpl.java:setRole(184)) - 904f39be-c3d3-4df4-99c0-2e4526e577e3@group-146C50BE7901: changes role from  FOLLOWER to FOLLOWER at term 52 for recognizeCandidate:52743044-8979-4a08-8013-92a14c548982
2019-10-16 21:11:29,961 [grpc-default-executor-0] INFO  impl.RoleInfo (RoleInfo.java:shutdownFollowerState(121)) - 904f39be-c3d3-4df4-99c0-2e4526e577e3: shutdown FollowerState
2019-10-16 21:11:29,962 [grpc-default-executor-0] INFO  impl.RoleInfo (RoleInfo.java:updateAndGet(143)) - 904f39be-c3d3-4df4-99c0-2e4526e577e3: start FollowerState
2019-10-16 21:11:29,962 [Thread-565] INFO  impl.FollowerState (FollowerState.java:run(117)) - 904f39be-c3d3-4df4-99c0-2e4526e577e3@group-146C50BE7901-FollowerState was interrupted: java.lang.InterruptedException: sleep interrupted
2019-10-16 21:11:29,962 [grpc-default-executor-1] INFO  impl.RaftServerImpl (RaftServerImpl.java:setRole(184)) - 65da0c80-3604-4ac2-9a39-ee88d748a153@group-146C50BE7901: changes role from  FOLLOWER to FOLLOWER at term 52 for recognizeCandidate:52743044-8979-4a08-8013-92a14c548982
2019-10-16 21:11:29,962 [grpc-default-executor-1] INFO  impl.RoleInfo (RoleInfo.java:shutdownFollowerState(121)) - 65da0c80-3604-4ac2-9a39-ee88d748a153: shutdown FollowerState
2019-10-16 21:11:29,962 [Thread-564] INFO  impl.FollowerState (FollowerState.java:run(117)) - 65da0c80-3604-4ac2-9a39-ee88d748a153@group-146C50BE7901-FollowerState was interrupted: java.lang.InterruptedException: sleep interrupted
2019-10-16 21:11:29,962 [grpc-default-executor-1] INFO  impl.RoleInfo (RoleInfo.java:updateAndGet(143)) - 65da0c80-3604-4ac2-9a39-ee88d748a153: start FollowerState
2019-10-16 21:11:30,145 [52743044-8979-4a08-8013-92a14c548982@group-146C50BE7901-LeaderElection51] INFO  impl.LeaderElection (LeaderElection.java:logAndReturn(56)) - 52743044-8979-4a08-8013-92a14c548982@group-146C50BE7901-LeaderElection51: Election TIMEOUT; received 0 response(s) [] and 0 exception(s); 52743044-8979-4a08-8013-92a14c548982@group-146C50BE7901:t52, leader=null, voted=52743044-8979-4a08-8013-92a14c548982, raftlog=52743044-8979-4a08-8013-92a14c548982@group-146C50BE7901-SegmentedRaftLog:OPENED:c-1,f-1,i0, conf=-1: [904f39be-c3d3-4df4-99c0-2e4526e577e3:192.168.157.254:45339, 52743044-8979-4a08-8013-92a14c548982:192.168.157.254:36428, 65da0c80-3604-4ac2-9a39-ee88d748a153:192.168.157.254:37466], old=null
2019-10-16 21:11:30,177 [52743044-8979-4a08-8013-92a14c548982@group-146C50BE7901-LeaderElection51] INFO  impl.LeaderElection (LeaderElection.java:askForVotes(178)) - 52743044-8979-4a08-8013-92a14c548982@group-146C50BE7901-LeaderElection51: begin an election at term 53 for -1: [904f39be-c3d3-4df4-99c0-2e4526e577e3:192.168.157.254:45339, 52743044-8979-4a08-8013-92a14c548982:192.168.157.254:36428, 65da0c80-3604-4ac2-9a39-ee88d748a153:192.168.157.254:37466], old=null
2019-10-16 21:11:30,181 [grpc-default-executor-0] INFO  impl.RaftServerImpl (RaftServerImpl.java:setRole(184)) - 904f39be-c3d3-4df4-99c0-2e4526e577e3@group-146C50BE7901: changes role from  FOLLOWER to FOLLOWER at term 53 for recognizeCandidate:52743044-8979-4a08-8013-92a14c548982
2019-10-16 21:11:30,181 [grpc-default-executor-0] INFO  impl.RoleInfo (RoleInfo.java:shutdownFollowerState(121)) - 904f39be-c3d3-4df4-99c0-2e4526e577e3: shutdown FollowerState
2019-10-16 21:11:30,181 [grpc-default-executor-0] INFO  impl.RoleInfo (RoleInfo.java:updateAndGet(143)) - 904f39be-c3d3-4df4-99c0-2e4526e577e3: start FollowerState
2019-10-16 21:11:30,181 [Thread-570] INFO  impl.FollowerState (FollowerState.java:run(117)) - 904f39be-c3d3-4df4-99c0-2e4526e577e3@group-146C50BE7901-FollowerState was interrupted: java.lang.InterruptedException: sleep interrupted
2019-10-16 21:11:30,182 [grpc-default-executor-1] INFO  impl.RaftServerImpl (RaftServerImpl.java:setRole(184)) - 65da0c80-3604-4ac2-9a39-ee88d748a153@group-146C50BE7901: changes role from  FOLLOWER to FOLLOWER at term 53 for recognizeCandidate:52743044-8979-4a08-8013-92a14c548982
2019-10-16 21:11:30,182 [grpc-default-executor-1] INFO  impl.RoleInfo (RoleInfo.java:shutdownFollowerState(121)) - 65da0c80-3604-4ac2-9a39-ee88d748a153: shutdown FollowerState
2019-10-16 21:11:30,182 [Thread-571] INFO  impl.FollowerState (FollowerState.java:run(117)) - 65da0c80-3604-4ac2-9a39-ee88d748a153@group-146C50BE7901-FollowerState was interrupted: java.lang.InterruptedException: sleep interrupted
2019-10-16 21:11:30,182 [grpc-default-executor-1] INFO  impl.RoleInfo (RoleInfo.java:updateAndGet(143)) - 65da0c80-3604-4ac2-9a39-ee88d748a153: start FollowerState
2019-10-16 21:11:30,194 [main] INFO  ozone.MiniOzoneClusterImpl (MiniOzoneClusterImpl.java:lambda$waitForClusterToBeReady$2(164)) - Waiting for 1 number of pipelines out of 4, to report a leader.
2019-10-16 21:11:30,197 [52743044-8979-4a08-8013-92a14c548982@group-146C50BE7901-LeaderElection51] INFO  impl.LeaderElection (LeaderElection.java:logAndReturn(56)) - 52743044-8979-4a08-8013-92a14c548982@group-146C50BE7901-LeaderElection51: Election REJECTED; received 2 response(s) [52743044-8979-4a08-8013-92a14c548982<-904f39be-c3d3-4df4-99c0-2e4526e577e3#0:FAIL-t53, 52743044-8979-4a08-8013-92a14c548982<-65da0c80-3604-4ac2-9a39-ee88d748a153#0:FAIL-t53] and 0 exception(s); 52743044-8979-4a08-8013-92a14c548982@group-146C50BE7901:t53, leader=null, voted=52743044-8979-4a08-8013-92a14c548982, raftlog=52743044-8979-4a08-8013-92a14c548982@group-146C50BE7901-SegmentedRaftLog:OPENED:c-1,f-1,i0, conf=-1: [904f39be-c3d3-4df4-99c0-2e4526e577e3:192.168.157.254:45339, 52743044-8979-4a08-8013-92a14c548982:192.168.157.254:36428, 65da0c80-3604-4ac2-9a39-ee88d748a153:192.168.157.254:37466], old=null
2019-10-16 21:11:30,197 [52743044-8979-4a08-8013-92a14c548982@group-146C50BE7901-LeaderElection51] INFO  impl.RaftServerImpl (RaftServerImpl.java:setRole(184)) - 52743044-8979-4a08-8013-92a14c548982@group-146C50BE7901: changes role from CANDIDATE to FOLLOWER at term 53 for DISCOVERED_A_NEW_TERM
2019-10-16 21:11:30,197 [52743044-8979-4a08-8013-92a14c548982@group-146C50BE7901-LeaderElection51] INFO  impl.RoleInfo (RoleInfo.java:shutdownLeaderElection(134)) - 52743044-8979-4a08-8013-92a14c548982: shutdown LeaderElection
2019-10-16 21:11:30,198 [52743044-8979-4a08-8013-92a14c548982@group-146C50BE7901-LeaderElection51] INFO  impl.RoleInfo (RoleInfo.java:updateAndGet(143)) - 52743044-8979-4a08-8013-92a14c548982: start FollowerState
2019-10-16 21:11:30,297 [Thread-576] INFO  impl.FollowerState (FollowerState.java:run(108)) - 52743044-8979-4a08-8013-92a14c548982@group-146C50BE7901-FollowerState: change to CANDIDATE, lastRpcTime:99ms, electionTimeout:99ms
2019-10-16 21:11:30,297 [Thread-576] INFO  impl.RoleInfo (RoleInfo.java:shutdownFollowerState(121)) - 52743044-8979-4a08-8013-92a14c548982: shutdown FollowerState
2019-10-16 21:11:30,297 [Thread-576] INFO  impl.RaftServerImpl (RaftServerImpl.java:setRole(184)) - 52743044-8979-4a08-8013-92a14c548982@group-146C50BE7901: changes role from  FOLLOWER to CANDIDATE at term 53 for changeToCandidate
2019-10-16 21:11:30,297 [Thread-576] INFO  impl.RoleInfo (RoleInfo.java:updateAndGet(143)) - 52743044-8979-4a08-8013-92a14c548982: start LeaderElection
2019-10-16 21:11:30,311 [52743044-8979-4a08-8013-92a14c548982@group-146C50BE7901-LeaderElection52] INFO  impl.LeaderElection (LeaderElection.java:askForVotes(178)) - 52743044-8979-4a08-8013-92a14c548982@group-146C50BE7901-LeaderElection52: begin an election at term 54 for -1: [904f39be-c3d3-4df4-99c0-2e4526e577e3:192.168.157.254:45339, 52743044-8979-4a08-8013-92a14c548982:192.168.157.254:36428, 65da0c80-3604-4ac2-9a39-ee88d748a153:192.168.157.254:37466], old=null
2019-10-16 21:11:30,313 [grpc-default-executor-0] INFO  impl.RaftServerImpl (RaftServerImpl.java:setRole(184)) - 904f39be-c3d3-4df4-99c0-2e4526e577e3@group-146C50BE7901: changes role from  FOLLOWER to FOLLOWER at term 54 for recognizeCandidate:52743044-8979-4a08-8013-92a14c548982
2019-10-16 21:11:30,313 [grpc-default-executor-0] INFO  impl.RoleInfo (RoleInfo.java:shutdownFollowerState(121)) - 904f39be-c3d3-4df4-99c0-2e4526e577e3: shutdown FollowerState
2019-10-16 21:11:30,314 [grpc-default-executor-1] INFO  impl.RaftServerImpl (RaftServerImpl.java:setRole(184)) - 65da0c80-3604-4ac2-9a39-ee88d748a153@group-146C50BE7901: changes role from  FOLLOWER to FOLLOWER at term 54 for recognizeCandidate:52743044-8979-4a08-8013-92a14c548982
2019-10-16 21:11:30,314 [Thread-574] INFO  impl.FollowerState (FollowerState.java:run(117)) - 904f39be-c3d3-4df4-99c0-2e4526e577e3@group-146C50BE7901-FollowerState was interrupted: java.lang.InterruptedException: sleep interrupted
2019-10-16 21:11:30,314 [grpc-default-executor-0] INFO  impl.RoleInfo (RoleInfo.java:updateAndGet(143)) - 904f39be-c3d3-4df4-99c0-2e4526e577e3: start FollowerState
2019-10-16 21:11:30,314 [grpc-default-executor-1] INFO  impl.RoleInfo (RoleInfo.java:shutdownFollowerState(121)) - 65da0c80-3604-4ac2-9a39-ee88d748a153: shutdown FollowerState
2019-10-16 21:11:30,314 [grpc-default-executor-1] INFO  impl.RoleInfo (RoleInfo.java:updateAndGet(143)) - 65da0c80-3604-4ac2-9a39-ee88d748a153: start FollowerState
2019-10-16 21:11:30,314 [Thread-575] INFO  impl.FollowerState (FollowerState.java:run(117)) - 65da0c80-3604-4ac2-9a39-ee88d748a153@group-146C50BE7901-FollowerState was interrupted: java.lang.InterruptedException: sleep interrupted
2019-10-16 21:11:30,329 [52743044-8979-4a08-8013-92a14c548982@group-146C50BE7901-LeaderElection52] INFO  impl.LeaderElection (LeaderElection.java:logAndReturn(56)) - 52743044-8979-4a08-8013-92a14c548982@group-146C50BE7901-LeaderElection52: Election REJECTED; received 2 response(s) [52743044-8979-4a08-8013-92a14c548982<-904f39be-c3d3-4df4-99c0-2e4526e577e3#0:FAIL-t54, 52743044-8979-4a08-8013-92a14c548982<-65da0c80-3604-4ac2-9a39-ee88d748a153#0:FAIL-t54] and 0 exception(s); 52743044-8979-4a08-8013-92a14c548982@group-146C50BE7901:t54, leader=null, voted=52743044-8979-4a08-8013-92a14c548982, raftlog=52743044-8979-4a08-8013-92a14c548982@group-146C50BE7901-SegmentedRaftLog:OPENED:c-1,f-1,i0, conf=-1: [904f39be-c3d3-4df4-99c0-2e4526e577e3:192.168.157.254:45339, 52743044-8979-4a08-8013-92a14c548982:192.168.157.254:36428, 65da0c80-3604-4ac2-9a39-ee88d748a153:192.168.157.254:37466], old=null
2019-10-16 21:11:30,329 [52743044-8979-4a08-8013-92a14c548982@group-146C50BE7901-LeaderElection52] INFO  impl.RaftServerImpl (RaftServerImpl.java:setRole(184)) - 52743044-8979-4a08-8013-92a14c548982@group-146C50BE7901: changes role from CANDIDATE to FOLLOWER at term 54 for DISCOVERED_A_NEW_TERM
2019-10-16 21:11:30,330 [52743044-8979-4a08-8013-92a14c548982@group-146C50BE7901-LeaderElection52] INFO  impl.RoleInfo (RoleInfo.java:shutdownLeaderElection(134)) - 52743044-8979-4a08-8013-92a14c548982: shutdown LeaderElection
2019-10-16 21:11:30,330 [52743044-8979-4a08-8013-92a14c548982@group-146C50BE7901-LeaderElection52] INFO  impl.RoleInfo (RoleInfo.java:updateAndGet(143)) - 52743044-8979-4a08-8013-92a14c548982: start FollowerState
2019-10-16 21:11:30,413 [Thread-582] INFO  impl.FollowerState (FollowerState.java:run(108)) - 52743044-8979-4a08-8013-92a14c548982@group-146C50BE7901-FollowerState: change to CANDIDATE, lastRpcTime:83ms, electionTimeout:83ms
2019-10-16 21:11:30,413 [Thread-582] INFO  impl.RoleInfo (RoleInfo.java:shutdownFollowerState(121)) - 52743044-8979-4a08-8013-92a14c548982: shutdown FollowerState
2019-10-16 21:11:30,413 [Thread-582] INFO  impl.RaftServerImpl (RaftServerImpl.java:setRole(184)) - 52743044-8979-4a08-8013-92a14c548982@group-146C50BE7901: changes role from  FOLLOWER to CANDIDATE at term 54 for changeToCandidate
2019-10-16 21:11:30,413 [Thread-582] INFO  impl.RoleInfo (RoleInfo.java:updateAndGet(143)) - 52743044-8979-4a08-8013-92a14c548982: start LeaderElection
2019-10-16 21:11:30,470 [52743044-8979-4a08-8013-92a14c548982@group-146C50BE7901-LeaderElection53] INFO  impl.LeaderElection (LeaderElection.java:askForVotes(178)) - 52743044-8979-4a08-8013-92a14c548982@group-146C50BE7901-LeaderElection53: begin an election at term 55 for -1: [904f39be-c3d3-4df4-99c0-2e4526e577e3:192.168.157.254:45339, 52743044-8979-4a08-8013-92a14c548982:192.168.157.254:36428, 65da0c80-3604-4ac2-9a39-ee88d748a153:192.168.157.254:37466], old=null
2019-10-16 21:11:30,473 [grpc-default-executor-0] INFO  impl.RaftServerImpl (RaftServerImpl.java:setRole(184)) - 904f39be-c3d3-4df4-99c0-2e4526e577e3@group-146C50BE7901: changes role from  FOLLOWER to FOLLOWER at term 55 for recognizeCandidate:52743044-8979-4a08-8013-92a14c548982
2019-10-16 21:11:30,473 [grpc-default-executor-0] INFO  impl.RoleInfo (RoleInfo.java:shutdownFollowerState(121)) - 904f39be-c3d3-4df4-99c0-2e4526e577e3: shutdown FollowerState
2019-10-16 21:11:30,473 [grpc-default-executor-1] INFO  impl.RaftServerImpl (RaftServerImpl.java:setRole(184)) - 65da0c80-3604-4ac2-9a39-ee88d748a153@group-146C50BE7901: changes role from  FOLLOWER to FOLLOWER at term 55 for recognizeCandidate:52743044-8979-4a08-8013-92a14c548982
2019-10-16 21:11:30,473 [Thread-580] INFO  impl.FollowerState (FollowerState.java:run(117)) - 904f39be-c3d3-4df4-99c0-2e4526e577e3@group-146C50BE7901-FollowerState was interrupted: java.lang.InterruptedException: sleep interrupted
2019-10-16 21:11:30,473 [grpc-default-executor-0] INFO  impl.RoleInfo (RoleInfo.java:updateAndGet(143)) - 904f39be-c3d3-4df4-99c0-2e4526e577e3: start FollowerState
2019-10-16 21:11:30,473 [grpc-default-executor-1] INFO  impl.RoleInfo (RoleInfo.java:shutdownFollowerState(121)) - 65da0c80-3604-4ac2-9a39-ee88d748a153: shutdown FollowerState
2019-10-16 21:11:30,474 [grpc-default-executor-1] INFO  impl.RoleInfo (RoleInfo.java:updateAndGet(143)) - 65da0c80-3604-4ac2-9a39-ee88d748a153: start FollowerState
2019-10-16 21:11:30,474 [Thread-581] INFO  impl.FollowerState (FollowerState.java:run(117)) - 65da0c80-3604-4ac2-9a39-ee88d748a153@group-146C50BE7901-FollowerState was interrupted: java.lang.InterruptedException: sleep interrupted
2019-10-16 21:11:30,490 [52743044-8979-4a08-8013-92a14c548982@group-146C50BE7901-LeaderElection53] INFO  impl.LeaderElection (LeaderElection.java:logAndReturn(56)) - 52743044-8979-4a08-8013-92a14c548982@group-146C50BE7901-LeaderElection53: Election REJECTED; received 2 response(s) [52743044-8979-4a08-8013-92a14c548982<-904f39be-c3d3-4df4-99c0-2e4526e577e3#0:FAIL-t55, 52743044-8979-4a08-8013-92a14c548982<-65da0c80-3604-4ac2-9a39-ee88d748a153#0:FAIL-t55] and 0 exception(s); 52743044-8979-4a08-8013-92a14c548982@group-146C50BE7901:t55, leader=null, voted=52743044-8979-4a08-8013-92a14c548982, raftlog=52743044-8979-4a08-8013-92a14c548982@group-146C50BE7901-SegmentedRaftLog:OPENED:c-1,f-1,i0, conf=-1: [904f39be-c3d3-4df4-99c0-2e4526e577e3:192.168.157.254:45339, 52743044-8979-4a08-8013-92a14c548982:192.168.157.254:36428, 65da0c80-3604-4ac2-9a39-ee88d748a153:192.168.157.254:37466], old=null
2019-10-16 21:11:30,490 [52743044-8979-4a08-8013-92a14c548982@group-146C50BE7901-LeaderElection53] INFO  impl.RaftServerImpl (RaftServerImpl.java:setRole(184)) - 52743044-8979-4a08-8013-92a14c548982@group-146C50BE7901: changes role from CANDIDATE to FOLLOWER at term 55 for DISCOVERED_A_NEW_TERM
2019-10-16 21:11:30,490 [52743044-8979-4a08-8013-92a14c548982@group-146C50BE7901-LeaderElection53] INFO  impl.RoleInfo (RoleInfo.java:shutdownLeaderElection(134)) - 52743044-8979-4a08-8013-92a14c548982: shutdown LeaderElection
2019-10-16 21:11:30,490 [52743044-8979-4a08-8013-92a14c548982@group-146C50BE7901-LeaderElection53] INFO  impl.RoleInfo (RoleInfo.java:updateAndGet(143)) - 52743044-8979-4a08-8013-92a14c548982: start FollowerState
2019-10-16 21:11:30,625 [Thread-588] INFO  impl.FollowerState (FollowerState.java:run(108)) - 52743044-8979-4a08-8013-92a14c548982@group-146C50BE7901-FollowerState: change to CANDIDATE, lastRpcTime:135ms, electionTimeout:135ms
2019-10-16 21:11:30,626 [Thread-588] INFO  impl.RoleInfo (RoleInfo.java:shutdownFollowerState(121)) - 52743044-8979-4a08-8013-92a14c548982: shutdown FollowerState
2019-10-16 21:11:30,626 [Thread-588] INFO  impl.RaftServerImpl (RaftServerImpl.java:setRole(184)) - 52743044-8979-4a08-8013-92a14c548982@group-146C50BE7901: changes role from  FOLLOWER to CANDIDATE at term 55 for changeToCandidate
2019-10-16 21:11:30,626 [Thread-588] INFO  impl.RoleInfo (RoleInfo.java:updateAndGet(143)) - 52743044-8979-4a08-8013-92a14c548982: start LeaderElection
2019-10-16 21:11:30,650 [52743044-8979-4a08-8013-92a14c548982@group-146C50BE7901-LeaderElection54] INFO  impl.LeaderElection (LeaderElection.java:askForVotes(178)) - 52743044-8979-4a08-8013-92a14c548982@group-146C50BE7901-LeaderElection54: begin an election at term 56 for -1: [904f39be-c3d3-4df4-99c0-2e4526e577e3:192.168.157.254:45339, 52743044-8979-4a08-8013-92a14c548982:192.168.157.254:36428, 65da0c80-3604-4ac2-9a39-ee88d748a153:192.168.157.254:37466], old=null
2019-10-16 21:11:30,652 [grpc-default-executor-1] INFO  impl.RaftServerImpl (RaftServerImpl.java:setRole(184)) - 904f39be-c3d3-4df4-99c0-2e4526e577e3@group-146C50BE7901: changes role from  FOLLOWER to FOLLOWER at term 56 for recognizeCandidate:52743044-8979-4a08-8013-92a14c548982
2019-10-16 21:11:30,652 [grpc-default-executor-1] INFO  impl.RoleInfo (RoleInfo.java:shutdownFollowerState(121)) - 904f39be-c3d3-4df4-99c0-2e4526e577e3: shutdown FollowerState
2019-10-16 21:11:30,653 [grpc-default-executor-1] INFO  impl.RoleInfo (RoleInfo.java:updateAndGet(143)) - 904f39be-c3d3-4df4-99c0-2e4526e577e3: start FollowerState
2019-10-16 21:11:30,653 [grpc-default-executor-0] INFO  impl.RaftServerImpl (RaftServerImpl.java:setRole(184)) - 65da0c80-3604-4ac2-9a39-ee88d748a153@group-146C50BE7901: changes role from  FOLLOWER to FOLLOWER at term 56 for recognizeCandidate:52743044-8979-4a08-8013-92a14c548982
2019-10-16 21:11:30,653 [Thread-586] INFO  impl.FollowerState (FollowerState.java:run(117)) - 904f39be-c3d3-4df4-99c0-2e4526e577e3@group-146C50BE7901-FollowerState was interrupted: java.lang.InterruptedException: sleep interrupted
2019-10-16 21:11:30,653 [grpc-default-executor-0] INFO  impl.RoleInfo (RoleInfo.java:shutdownFollowerState(121)) - 65da0c80-3604-4ac2-9a39-ee88d748a153: shutdown FollowerState
2019-10-16 21:11:30,653 [grpc-default-executor-0] INFO  impl.RoleInfo (RoleInfo.java:updateAndGet(143)) - 65da0c80-3604-4ac2-9a39-ee88d748a153: start FollowerState
2019-10-16 21:11:30,653 [Thread-587] INFO  impl.FollowerState (FollowerState.java:run(117)) - 65da0c80-3604-4ac2-9a39-ee88d748a153@group-146C50BE7901-FollowerState was interrupted: java.lang.InterruptedException: sleep interrupted
2019-10-16 21:11:30,697 [52743044-8979-4a08-8013-92a14c548982@group-146C50BE7901-LeaderElection54] INFO  impl.LeaderElection (LeaderElection.java:logAndReturn(56)) - 52743044-8979-4a08-8013-92a14c548982@group-146C50BE7901-LeaderElection54: Election REJECTED; received 2 response(s) [52743044-8979-4a08-8013-92a14c548982<-904f39be-c3d3-4df4-99c0-2e4526e577e3#0:FAIL-t56, 52743044-8979-4a08-8013-92a14c548982<-65da0c80-3604-4ac2-9a39-ee88d748a153#0:FAIL-t56] and 0 exception(s); 52743044-8979-4a08-8013-92a14c548982@group-146C50BE7901:t56, leader=null, voted=52743044-8979-4a08-8013-92a14c548982, raftlog=52743044-8979-4a08-8013-92a14c548982@group-146C50BE7901-SegmentedRaftLog:OPENED:c-1,f-1,i0, conf=-1: [904f39be-c3d3-4df4-99c0-2e4526e577e3:192.168.157.254:45339, 52743044-8979-4a08-8013-92a14c548982:192.168.157.254:36428, 65da0c80-3604-4ac2-9a39-ee88d748a153:192.168.157.254:37466], old=null
2019-10-16 21:11:30,697 [52743044-8979-4a08-8013-92a14c548982@group-146C50BE7901-LeaderElection54] INFO  impl.RaftServerImpl (RaftServerImpl.java:setRole(184)) - 52743044-8979-4a08-8013-92a14c548982@group-146C50BE7901: changes role from CANDIDATE to FOLLOWER at term 56 for DISCOVERED_A_NEW_TERM
2019-10-16 21:11:30,697 [52743044-8979-4a08-8013-92a14c548982@group-146C50BE7901-LeaderElection54] INFO  impl.RoleInfo (RoleInfo.java:shutdownLeaderElection(134)) - 52743044-8979-4a08-8013-92a14c548982: shutdown LeaderElection
2019-10-16 21:11:30,698 [52743044-8979-4a08-8013-92a14c548982@group-146C50BE7901-LeaderElection54] INFO  impl.RoleInfo (RoleInfo.java:updateAndGet(143)) - 52743044-8979-4a08-8013-92a14c548982: start FollowerState
2019-10-16 21:11:30,897 [Thread-594] INFO  impl.FollowerState (FollowerState.java:run(108)) - 52743044-8979-4a08-8013-92a14c548982@group-146C50BE7901-FollowerState: change to CANDIDATE, lastRpcTime:199ms, electionTimeout:199ms
2019-10-16 21:11:30,897 [Thread-594] INFO  impl.RoleInfo (RoleInfo.java:shutdownFollowerState(121)) - 52743044-8979-4a08-8013-92a14c548982: shutdown FollowerState
2019-10-16 21:11:30,897 [Thread-594] INFO  impl.RaftServerImpl (RaftServerImpl.java:setRole(184)) - 52743044-8979-4a08-8013-92a14c548982@group-146C50BE7901: changes role from  FOLLOWER to CANDIDATE at term 56 for changeToCandidate
2019-10-16 21:11:30,898 [Thread-594] INFO  impl.RoleInfo (RoleInfo.java:updateAndGet(143)) - 52743044-8979-4a08-8013-92a14c548982: start LeaderElection
2019-10-16 21:11:31,195 [main] INFO  ozone.MiniOzoneClusterImpl (MiniOzoneClusterImpl.java:lambda$waitForClusterToBeReady$2(164)) - Waiting for 1 number of pipelines out of 4, to report a leader.
2019-10-16 21:11:31,895 [52743044-8979-4a08-8013-92a14c548982@group-146C50BE7901-LeaderElection55] INFO  impl.LeaderElection (LeaderElection.java:askForVotes(178)) - 52743044-8979-4a08-8013-92a14c548982@group-146C50BE7901-LeaderElection55: begin an election at term 57 for -1: [904f39be-c3d3-4df4-99c0-2e4526e577e3:192.168.157.254:45339, 52743044-8979-4a08-8013-92a14c548982:192.168.157.254:36428, 65da0c80-3604-4ac2-9a39-ee88d748a153:192.168.157.254:37466], old=null
2019-10-16 21:11:31,898 [grpc-default-executor-0] INFO  impl.RaftServerImpl (RaftServerImpl.java:setRole(184)) - 904f39be-c3d3-4df4-99c0-2e4526e577e3@group-146C50BE7901: changes role from  FOLLOWER to FOLLOWER at term 57 for recognizeCandidate:52743044-8979-4a08-8013-92a14c548982
2019-10-16 21:11:31,898 [grpc-default-executor-0] INFO  impl.RoleInfo (RoleInfo.java:shutdownFollowerState(121)) - 904f39be-c3d3-4df4-99c0-2e4526e577e3: shutdown FollowerState
2019-10-16 21:11:31,898 [grpc-default-executor-1] INFO  impl.RaftServerImpl (RaftServerImpl.java:setRole(184)) - 65da0c80-3604-4ac2-9a39-ee88d748a153@group-146C50BE7901: changes role from  FOLLOWER to FOLLOWER at term 57 for recognizeCandidate:52743044-8979-4a08-8013-92a14c548982
2019-10-16 21:11:31,899 [Thread-592] INFO  impl.FollowerState (FollowerState.java:run(117)) - 904f39be-c3d3-4df4-99c0-2e4526e577e3@group-146C50BE7901-FollowerState was interrupted: java.lang.InterruptedException: sleep interrupted
2019-10-16 21:11:31,899 [grpc-default-executor-0] INFO  impl.RoleInfo (RoleInfo.java:updateAndGet(143)) - 904f39be-c3d3-4df4-99c0-2e4526e577e3: start FollowerState
2019-10-16 21:11:31,899 [grpc-default-executor-1] INFO  impl.RoleInfo (RoleInfo.java:shutdownFollowerState(121)) - 65da0c80-3604-4ac2-9a39-ee88d748a153: shutdown FollowerState
2019-10-16 21:11:31,899 [grpc-default-executor-1] INFO  impl.RoleInfo (RoleInfo.java:updateAndGet(143)) - 65da0c80-3604-4ac2-9a39-ee88d748a153: start FollowerState
2019-10-16 21:11:31,899 [Thread-593] INFO  impl.FollowerState (FollowerState.java:run(117)) - 65da0c80-3604-4ac2-9a39-ee88d748a153@group-146C50BE7901-FollowerState was interrupted: java.lang.InterruptedException: sleep interrupted
2019-10-16 21:11:32,067 [52743044-8979-4a08-8013-92a14c548982@group-146C50BE7901-LeaderElection55] INFO  impl.LeaderElection (LeaderElection.java:logAndReturn(56)) - 52743044-8979-4a08-8013-92a14c548982@group-146C50BE7901-LeaderElection55: Election TIMEOUT; received 0 response(s) [] and 0 exception(s); 52743044-8979-4a08-8013-92a14c548982@group-146C50BE7901:t57, leader=null, voted=52743044-8979-4a08-8013-92a14c548982, raftlog=52743044-8979-4a08-8013-92a14c548982@group-146C50BE7901-SegmentedRaftLog:OPENED:c-1,f-1,i0, conf=-1: [904f39be-c3d3-4df4-99c0-2e4526e577e3:192.168.157.254:45339, 52743044-8979-4a08-8013-92a14c548982:192.168.157.254:36428, 65da0c80-3604-4ac2-9a39-ee88d748a153:192.168.157.254:37466], old=null
2019-10-16 21:11:32,195 [main] INFO  ozone.MiniOzoneClusterImpl (MiniOzoneClusterImpl.java:lambda$waitForClusterToBeReady$2(164)) - Waiting for 1 number of pipelines out of 4, to report a leader.
2019-10-16 21:11:32,684 [52743044-8979-4a08-8013-92a14c548982@group-146C50BE7901-LeaderElection55] INFO  impl.LeaderElection (LeaderElection.java:askForVotes(178)) - 52743044-8979-4a08-8013-92a14c548982@group-146C50BE7901-LeaderElection55: begin an election at term 58 for -1: [904f39be-c3d3-4df4-99c0-2e4526e577e3:192.168.157.254:45339, 52743044-8979-4a08-8013-92a14c548982:192.168.157.254:36428, 65da0c80-3604-4ac2-9a39-ee88d748a153:192.168.157.254:37466], old=null
2019-10-16 21:11:32,687 [grpc-default-executor-0] INFO  impl.RaftServerImpl (RaftServerImpl.java:setRole(184)) - 65da0c80-3604-4ac2-9a39-ee88d748a153@group-146C50BE7901: changes role from  FOLLOWER to FOLLOWER at term 58 for recognizeCandidate:52743044-8979-4a08-8013-92a14c548982
2019-10-16 21:11:32,687 [grpc-default-executor-1] INFO  impl.RaftServerImpl (RaftServerImpl.java:setRole(184)) - 904f39be-c3d3-4df4-99c0-2e4526e577e3@group-146C50BE7901: changes role from  FOLLOWER to FOLLOWER at term 58 for recognizeCandidate:52743044-8979-4a08-8013-92a14c548982
2019-10-16 21:11:32,687 [grpc-default-executor-1] INFO  impl.RoleInfo (RoleInfo.java:shutdownFollowerState(121)) - 904f39be-c3d3-4df4-99c0-2e4526e577e3: shutdown FollowerState
2019-10-16 21:11:32,687 [grpc-default-executor-0] INFO  impl.RoleInfo (RoleInfo.java:shutdownFollowerState(121)) - 65da0c80-3604-4ac2-9a39-ee88d748a153: shutdown FollowerState
2019-10-16 21:11:32,687 [Thread-598] INFO  impl.FollowerState (FollowerState.java:run(117)) - 904f39be-c3d3-4df4-99c0-2e4526e577e3@group-146C50BE7901-FollowerState was interrupted: java.lang.InterruptedException: sleep interrupted
2019-10-16 21:11:32,688 [Thread-599] INFO  impl.FollowerState (FollowerState.java:run(117)) - 65da0c80-3604-4ac2-9a39-ee88d748a153@group-146C50BE7901-FollowerState was interrupted: java.lang.InterruptedException: sleep interrupted
2019-10-16 21:11:32,687 [grpc-default-executor-1] INFO  impl.RoleInfo (RoleInfo.java:updateAndGet(143)) - 904f39be-c3d3-4df4-99c0-2e4526e577e3: start FollowerState
2019-10-16 21:11:32,688 [grpc-default-executor-0] INFO  impl.RoleInfo (RoleInfo.java:updateAndGet(143)) - 65da0c80-3604-4ac2-9a39-ee88d748a153: start FollowerState
2019-10-16 21:11:32,835 [52743044-8979-4a08-8013-92a14c548982@group-146C50BE7901-LeaderElection55] INFO  impl.LeaderElection (LeaderElection.java:logAndReturn(56)) - 52743044-8979-4a08-8013-92a14c548982@group-146C50BE7901-LeaderElection55: Election TIMEOUT; received 0 response(s) [] and 0 exception(s); 52743044-8979-4a08-8013-92a14c548982@group-146C50BE7901:t58, leader=null, voted=52743044-8979-4a08-8013-92a14c548982, raftlog=52743044-8979-4a08-8013-92a14c548982@group-146C50BE7901-SegmentedRaftLog:OPENED:c-1,f-1,i0, conf=-1: [904f39be-c3d3-4df4-99c0-2e4526e577e3:192.168.157.254:45339, 52743044-8979-4a08-8013-92a14c548982:192.168.157.254:36428, 65da0c80-3604-4ac2-9a39-ee88d748a153:192.168.157.254:37466], old=null
2019-10-16 21:11:33,196 [main] INFO  ozone.MiniOzoneClusterImpl (MiniOzoneClusterImpl.java:lambda$waitForClusterToBeReady$2(164)) - Waiting for 1 number of pipelines out of 4, to report a leader.
2019-10-16 21:11:34,197 [main] INFO  ozone.MiniOzoneClusterImpl (MiniOzoneClusterImpl.java:lambda$waitForClusterToBeReady$2(164)) - Waiting for 1 number of pipelines out of 4, to report a leader.
2019-10-16 21:11:35,039 [52743044-8979-4a08-8013-92a14c548982@group-146C50BE7901-LeaderElection55] INFO  impl.LeaderElection (LeaderElection.java:askForVotes(178)) - 52743044-8979-4a08-8013-92a14c548982@group-146C50BE7901-LeaderElection55: begin an election at term 59 for -1: [904f39be-c3d3-4df4-99c0-2e4526e577e3:192.168.157.254:45339, 52743044-8979-4a08-8013-92a14c548982:192.168.157.254:36428, 65da0c80-3604-4ac2-9a39-ee88d748a153:192.168.157.254:37466], old=null
2019-10-16 21:11:35,042 [grpc-default-executor-1] INFO  impl.RaftServerImpl (RaftServerImpl.java:setRole(184)) - 65da0c80-3604-4ac2-9a39-ee88d748a153@group-146C50BE7901: changes role from  FOLLOWER to FOLLOWER at term 59 for recognizeCandidate:52743044-8979-4a08-8013-92a14c548982
2019-10-16 21:11:35,042 [grpc-default-executor-1] INFO  impl.RoleInfo (RoleInfo.java:shutdownFollowerState(121)) - 65da0c80-3604-4ac2-9a39-ee88d748a153: shutdown FollowerState
2019-10-16 21:11:35,042 [grpc-default-executor-0] INFO  impl.RaftServerImpl (RaftServerImpl.java:setRole(184)) - 904f39be-c3d3-4df4-99c0-2e4526e577e3@group-146C50BE7901: changes role from  FOLLOWER to FOLLOWER at term 59 for recognizeCandidate:52743044-8979-4a08-8013-92a14c548982
2019-10-16 21:11:35,042 [Thread-603] INFO  impl.FollowerState (FollowerState.java:run(117)) - 65da0c80-3604-4ac2-9a39-ee88d748a153@group-146C50BE7901-FollowerState was interrupted: java.lang.InterruptedException: sleep interrupted
2019-10-16 21:11:35,042 [grpc-default-executor-0] INFO  impl.RoleInfo (RoleInfo.java:shutdownFollowerState(121)) - 904f39be-c3d3-4df4-99c0-2e4526e577e3: shutdown FollowerState
2019-10-16 21:11:35,042 [grpc-default-executor-1] INFO  impl.RoleInfo (RoleInfo.java:updateAndGet(143)) - 65da0c80-3604-4ac2-9a39-ee88d748a153: start FollowerState
2019-10-16 21:11:35,043 [Thread-602] INFO  impl.FollowerState (FollowerState.java:run(117)) - 904f39be-c3d3-4df4-99c0-2e4526e577e3@group-146C50BE7901-FollowerState was interrupted: java.lang.InterruptedException: sleep interrupted
2019-10-16 21:11:35,043 [grpc-default-executor-0] INFO  impl.RoleInfo (RoleInfo.java:updateAndGet(143)) - 904f39be-c3d3-4df4-99c0-2e4526e577e3: start FollowerState
2019-10-16 21:11:35,145 [52743044-8979-4a08-8013-92a14c548982@group-146C50BE7901-LeaderElection55] INFO  impl.LeaderElection (LeaderElection.java:logAndReturn(56)) - 52743044-8979-4a08-8013-92a14c548982@group-146C50BE7901-LeaderElection55: Election TIMEOUT; received 0 response(s) [] and 0 exception(s); 52743044-8979-4a08-8013-92a14c548982@group-146C50BE7901:t59, leader=null, voted=52743044-8979-4a08-8013-92a14c548982, raftlog=52743044-8979-4a08-8013-92a14c548982@group-146C50BE7901-SegmentedRaftLog:OPENED:c-1,f-1,i0, conf=-1: [904f39be-c3d3-4df4-99c0-2e4526e577e3:192.168.157.254:45339, 52743044-8979-4a08-8013-92a14c548982:192.168.157.254:36428, 65da0c80-3604-4ac2-9a39-ee88d748a153:192.168.157.254:37466], old=null
2019-10-16 21:11:35,197 [main] INFO  ozone.MiniOzoneClusterImpl (MiniOzoneClusterImpl.java:lambda$waitForClusterToBeReady$2(164)) - Waiting for 1 number of pipelines out of 4, to report a leader.
2019-10-16 21:11:36,198 [main] INFO  ozone.MiniOzoneClusterImpl (MiniOzoneClusterImpl.java:lambda$waitForClusterToBeReady$2(164)) - Waiting for 1 number of pipelines out of 4, to report a leader.
2019-10-16 21:11:36,980 [52743044-8979-4a08-8013-92a14c548982@group-146C50BE7901-LeaderElection55] INFO  impl.LeaderElection (LeaderElection.java:askForVotes(178)) - 52743044-8979-4a08-8013-92a14c548982@group-146C50BE7901-LeaderElection55: begin an election at term 60 for -1: [904f39be-c3d3-4df4-99c0-2e4526e577e3:192.168.157.254:45339, 52743044-8979-4a08-8013-92a14c548982:192.168.157.254:36428, 65da0c80-3604-4ac2-9a39-ee88d748a153:192.168.157.254:37466], old=null
2019-10-16 21:11:36,982 [grpc-default-executor-0] INFO  impl.RaftServerImpl (RaftServerImpl.java:setRole(184)) - 904f39be-c3d3-4df4-99c0-2e4526e577e3@group-146C50BE7901: changes role from  FOLLOWER to FOLLOWER at term 60 for recognizeCandidate:52743044-8979-4a08-8013-92a14c548982
2019-10-16 21:11:36,983 [grpc-default-executor-0] INFO  impl.RoleInfo (RoleInfo.java:shutdownFollowerState(121)) - 904f39be-c3d3-4df4-99c0-2e4526e577e3: shutdown FollowerState
2019-10-16 21:11:36,983 [grpc-default-executor-1] INFO  impl.RaftServerImpl (RaftServerImpl.java:setRole(184)) - 65da0c80-3604-4ac2-9a39-ee88d748a153@group-146C50BE7901: changes role from  FOLLOWER to FOLLOWER at term 60 for recognizeCandidate:52743044-8979-4a08-8013-92a14c548982
2019-10-16 21:11:36,983 [Thread-607] INFO  impl.FollowerState (FollowerState.java:run(117)) - 904f39be-c3d3-4df4-99c0-2e4526e577e3@group-146C50BE7901-FollowerState was interrupted: java.lang.InterruptedException: sleep interrupted
2019-10-16 21:11:36,983 [grpc-default-executor-0] INFO  impl.RoleInfo (RoleInfo.java:updateAndGet(143)) - 904f39be-c3d3-4df4-99c0-2e4526e577e3: start FollowerState
2019-10-16 21:11:36,983 [grpc-default-executor-1] INFO  impl.RoleInfo (RoleInfo.java:shutdownFollowerState(121)) - 65da0c80-3604-4ac2-9a39-ee88d748a153: shutdown FollowerState
2019-10-16 21:11:36,983 [grpc-default-executor-1] INFO  impl.RoleInfo (RoleInfo.java:updateAndGet(143)) - 65da0c80-3604-4ac2-9a39-ee88d748a153: start FollowerState
2019-10-16 21:11:36,983 [Thread-606] INFO  impl.FollowerState (FollowerState.java:run(117)) - 65da0c80-3604-4ac2-9a39-ee88d748a153@group-146C50BE7901-FollowerState was interrupted: java.lang.InterruptedException: sleep interrupted
2019-10-16 21:11:37,091 [52743044-8979-4a08-8013-92a14c548982@group-146C50BE7901-LeaderElection55] INFO  impl.LeaderElection (LeaderElection.java:logAndReturn(56)) - 52743044-8979-4a08-8013-92a14c548982@group-146C50BE7901-LeaderElection55: Election REJECTED; received 2 response(s) [52743044-8979-4a08-8013-92a14c548982<-904f39be-c3d3-4df4-99c0-2e4526e577e3#0:FAIL-t60, 52743044-8979-4a08-8013-92a14c548982<-65da0c80-3604-4ac2-9a39-ee88d748a153#0:FAIL-t60] and 0 exception(s); 52743044-8979-4a08-8013-92a14c548982@group-146C50BE7901:t60, leader=null, voted=52743044-8979-4a08-8013-92a14c548982, raftlog=52743044-8979-4a08-8013-92a14c548982@group-146C50BE7901-SegmentedRaftLog:OPENED:c-1,f-1,i0, conf=-1: [904f39be-c3d3-4df4-99c0-2e4526e577e3:192.168.157.254:45339, 52743044-8979-4a08-8013-92a14c548982:192.168.157.254:36428, 65da0c80-3604-4ac2-9a39-ee88d748a153:192.168.157.254:37466], old=null
2019-10-16 21:11:37,092 [52743044-8979-4a08-8013-92a14c548982@group-146C50BE7901-LeaderElection55] INFO  impl.RaftServerImpl (RaftServerImpl.java:setRole(184)) - 52743044-8979-4a08-8013-92a14c548982@group-146C50BE7901: changes role from CANDIDATE to FOLLOWER at term 60 for DISCOVERED_A_NEW_TERM
2019-10-16 21:11:37,092 [52743044-8979-4a08-8013-92a14c548982@group-146C50BE7901-LeaderElection55] INFO  impl.RoleInfo (RoleInfo.java:shutdownLeaderElection(134)) - 52743044-8979-4a08-8013-92a14c548982: shutdown LeaderElection
2019-10-16 21:11:37,092 [52743044-8979-4a08-8013-92a14c548982@group-146C50BE7901-LeaderElection55] INFO  impl.RoleInfo (RoleInfo.java:updateAndGet(143)) - 52743044-8979-4a08-8013-92a14c548982: start FollowerState
2019-10-16 21:11:37,198 [main] INFO  ozone.MiniOzoneClusterImpl (MiniOzoneClusterImpl.java:lambda$waitForClusterToBeReady$2(164)) - Waiting for 1 number of pipelines out of 4, to report a leader.
2019-10-16 21:11:37,258 [Thread-612] INFO  impl.FollowerState (FollowerState.java:run(108)) - 52743044-8979-4a08-8013-92a14c548982@group-146C50BE7901-FollowerState: change to CANDIDATE, lastRpcTime:165ms, electionTimeout:165ms
2019-10-16 21:11:37,258 [Thread-612] INFO  impl.RoleInfo (RoleInfo.java:shutdownFollowerState(121)) - 52743044-8979-4a08-8013-92a14c548982: shutdown FollowerState
2019-10-16 21:11:37,258 [Thread-612] INFO  impl.RaftServerImpl (RaftServerImpl.java:setRole(184)) - 52743044-8979-4a08-8013-92a14c548982@group-146C50BE7901: changes role from  FOLLOWER to CANDIDATE at term 60 for changeToCandidate
2019-10-16 21:11:37,258 [Thread-612] INFO  impl.RoleInfo (RoleInfo.java:updateAndGet(143)) - 52743044-8979-4a08-8013-92a14c548982: start LeaderElection
2019-10-16 21:11:37,345 [52743044-8979-4a08-8013-92a14c548982@group-146C50BE7901-LeaderElection56] INFO  impl.LeaderElection (LeaderElection.java:askForVotes(178)) - 52743044-8979-4a08-8013-92a14c548982@group-146C50BE7901-LeaderElection56: begin an election at term 61 for -1: [904f39be-c3d3-4df4-99c0-2e4526e577e3:192.168.157.254:45339, 52743044-8979-4a08-8013-92a14c548982:192.168.157.254:36428, 65da0c80-3604-4ac2-9a39-ee88d748a153:192.168.157.254:37466], old=null
2019-10-16 21:11:37,348 [grpc-default-executor-0] INFO  impl.RaftServerImpl (RaftServerImpl.java:setRole(184)) - 904f39be-c3d3-4df4-99c0-2e4526e577e3@group-146C50BE7901: changes role from  FOLLOWER to FOLLOWER at term 61 for recognizeCandidate:52743044-8979-4a08-8013-92a14c548982
2019-10-16 21:11:37,348 [grpc-default-executor-0] INFO  impl.RoleInfo (RoleInfo.java:shutdownFollowerState(121)) - 904f39be-c3d3-4df4-99c0-2e4526e577e3: shutdown FollowerState
2019-10-16 21:11:37,348 [grpc-default-executor-1] INFO  impl.RaftServerImpl (RaftServerImpl.java:setRole(184)) - 65da0c80-3604-4ac2-9a39-ee88d748a153@group-146C50BE7901: changes role from  FOLLOWER to FOLLOWER at term 61 for recognizeCandidate:52743044-8979-4a08-8013-92a14c548982
2019-10-16 21:11:37,348 [Thread-610] INFO  impl.FollowerState (FollowerState.java:run(117)) - 904f39be-c3d3-4df4-99c0-2e4526e577e3@group-146C50BE7901-FollowerState was interrupted: java.lang.InterruptedException: sleep interrupted
2019-10-16 21:11:37,348 [grpc-default-executor-0] INFO  impl.RoleInfo (RoleInfo.java:updateAndGet(143)) - 904f39be-c3d3-4df4-99c0-2e4526e577e3: start FollowerState
2019-10-16 21:11:37,348 [grpc-default-executor-1] INFO  impl.RoleInfo (RoleInfo.java:shutdownFollowerState(121)) - 65da0c80-3604-4ac2-9a39-ee88d748a153: shutdown FollowerState
2019-10-16 21:11:37,349 [grpc-default-executor-1] INFO  impl.RoleInfo (RoleInfo.java:updateAndGet(143)) - 65da0c80-3604-4ac2-9a39-ee88d748a153: start FollowerState
2019-10-16 21:11:37,349 [Thread-611] INFO  impl.FollowerState (FollowerState.java:run(117)) - 65da0c80-3604-4ac2-9a39-ee88d748a153@group-146C50BE7901-FollowerState was interrupted: java.lang.InterruptedException: sleep interrupted
2019-10-16 21:11:37,439 [52743044-8979-4a08-8013-92a14c548982@group-146C50BE7901-LeaderElection56] INFO  impl.LeaderElection (LeaderElection.java:logAndReturn(56)) - 52743044-8979-4a08-8013-92a14c548982@group-146C50BE7901-LeaderElection56: Election REJECTED; received 2 response(s) [52743044-8979-4a08-8013-92a14c548982<-904f39be-c3d3-4df4-99c0-2e4526e577e3#0:FAIL-t61, 52743044-8979-4a08-8013-92a14c548982<-65da0c80-3604-4ac2-9a39-ee88d748a153#0:FAIL-t61] and 0 exception(s); 52743044-8979-4a08-8013-92a14c548982@group-146C50BE7901:t61, leader=null, voted=52743044-8979-4a08-8013-92a14c548982, raftlog=52743044-8979-4a08-8013-92a14c548982@group-146C50BE7901-SegmentedRaftLog:OPENED:c-1,f-1,i0, conf=-1: [904f39be-c3d3-4df4-99c0-2e4526e577e3:192.168.157.254:45339, 52743044-8979-4a08-8013-92a14c548982:192.168.157.254:36428, 65da0c80-3604-4ac2-9a39-ee88d748a153:192.168.157.254:37466], old=null
2019-10-16 21:11:37,439 [52743044-8979-4a08-8013-92a14c548982@group-146C50BE7901-LeaderElection56] INFO  impl.RaftServerImpl (RaftServerImpl.java:setRole(184)) - 52743044-8979-4a08-8013-92a14c548982@group-146C50BE7901: changes role from CANDIDATE to FOLLOWER at term 61 for DISCOVERED_A_NEW_TERM
2019-10-16 21:11:37,439 [52743044-8979-4a08-8013-92a14c548982@group-146C50BE7901-LeaderElection56] INFO  impl.RoleInfo (RoleInfo.java:shutdownLeaderElection(134)) - 52743044-8979-4a08-8013-92a14c548982: shutdown LeaderElection
2019-10-16 21:11:37,439 [52743044-8979-4a08-8013-92a14c548982@group-146C50BE7901-LeaderElection56] INFO  impl.RoleInfo (RoleInfo.java:updateAndGet(143)) - 52743044-8979-4a08-8013-92a14c548982: start FollowerState
2019-10-16 21:11:37,611 [Thread-618] INFO  impl.FollowerState (FollowerState.java:run(108)) - 52743044-8979-4a08-8013-92a14c548982@group-146C50BE7901-FollowerState: change to CANDIDATE, lastRpcTime:171ms, electionTimeout:171ms
2019-10-16 21:11:37,611 [Thread-618] INFO  impl.RoleInfo (RoleInfo.java:shutdownFollowerState(121)) - 52743044-8979-4a08-8013-92a14c548982: shutdown FollowerState
2019-10-16 21:11:37,611 [Thread-618] INFO  impl.RaftServerImpl (RaftServerImpl.java:setRole(184)) - 52743044-8979-4a08-8013-92a14c548982@group-146C50BE7901: changes role from  FOLLOWER to CANDIDATE at term 61 for changeToCandidate
2019-10-16 21:11:37,611 [Thread-618] INFO  impl.RoleInfo (RoleInfo.java:updateAndGet(143)) - 52743044-8979-4a08-8013-92a14c548982: start LeaderElection
2019-10-16 21:11:37,626 [52743044-8979-4a08-8013-92a14c548982@group-146C50BE7901-LeaderElection57] INFO  impl.LeaderElection (LeaderElection.java:askForVotes(178)) - 52743044-8979-4a08-8013-92a14c548982@group-146C50BE7901-LeaderElection57: begin an election at term 62 for -1: [904f39be-c3d3-4df4-99c0-2e4526e577e3:192.168.157.254:45339, 52743044-8979-4a08-8013-92a14c548982:192.168.157.254:36428, 65da0c80-3604-4ac2-9a39-ee88d748a153:192.168.157.254:37466], old=null
2019-10-16 21:11:37,628 [grpc-default-executor-1] INFO  impl.RaftServerImpl (RaftServerImpl.java:setRole(184)) - 904f39be-c3d3-4df4-99c0-2e4526e577e3@group-146C50BE7901: changes role from  FOLLOWER to FOLLOWER at term 62 for recognizeCandidate:52743044-8979-4a08-8013-92a14c548982
2019-10-16 21:11:37,629 [grpc-default-executor-0] INFO  impl.RaftServerImpl (RaftServerImpl.java:setRole(184)) - 65da0c80-3604-4ac2-9a39-ee88d748a153@group-146C50BE7901: changes role from  FOLLOWER to FOLLOWER at term 62 for recognizeCandidate:52743044-8979-4a08-8013-92a14c548982
2019-10-16 21:11:37,629 [grpc-default-executor-0] INFO  impl.RoleInfo (RoleInfo.java:shutdownFollowerState(121)) - 65da0c80-3604-4ac2-9a39-ee88d748a153: shutdown FollowerState
2019-10-16 21:11:37,629 [grpc-default-executor-1] INFO  impl.RoleInfo (RoleInfo.java:shutdownFollowerState(121)) - 904f39be-c3d3-4df4-99c0-2e4526e577e3: shutdown FollowerState
2019-10-16 21:11:37,629 [Thread-617] INFO  impl.FollowerState (FollowerState.java:run(117)) - 65da0c80-3604-4ac2-9a39-ee88d748a153@group-146C50BE7901-FollowerState was interrupted: java.lang.InterruptedException: sleep interrupted
2019-10-16 21:11:37,629 [grpc-default-executor-0] INFO  impl.RoleInfo (RoleInfo.java:updateAndGet(143)) - 65da0c80-3604-4ac2-9a39-ee88d748a153: start FollowerState
2019-10-16 21:11:37,629 [grpc-default-executor-1] INFO  impl.RoleInfo (RoleInfo.java:updateAndGet(143)) - 904f39be-c3d3-4df4-99c0-2e4526e577e3: start FollowerState
2019-10-16 21:11:37,629 [Thread-616] INFO  impl.FollowerState (FollowerState.java:run(117)) - 904f39be-c3d3-4df4-99c0-2e4526e577e3@group-146C50BE7901-FollowerState was interrupted: java.lang.InterruptedException: sleep interrupted
2019-10-16 21:11:37,640 [52743044-8979-4a08-8013-92a14c548982@group-146C50BE7901-LeaderElection57] INFO  impl.LeaderElection (LeaderElection.java:logAndReturn(56)) - 52743044-8979-4a08-8013-92a14c548982@group-146C50BE7901-LeaderElection57: Election TIMEOUT; received 0 response(s) [] and 0 exception(s); 52743044-8979-4a08-8013-92a14c548982@group-146C50BE7901:t62, leader=null, voted=52743044-8979-4a08-8013-92a14c548982, raftlog=52743044-8979-4a08-8013-92a14c548982@group-146C50BE7901-SegmentedRaftLog:OPENED:c-1,f-1,i0, conf=-1: [904f39be-c3d3-4df4-99c0-2e4526e577e3:192.168.157.254:45339, 52743044-8979-4a08-8013-92a14c548982:192.168.157.254:36428, 65da0c80-3604-4ac2-9a39-ee88d748a153:192.168.157.254:37466], old=null
2019-10-16 21:11:37,674 [52743044-8979-4a08-8013-92a14c548982@group-146C50BE7901-LeaderElection57] INFO  impl.LeaderElection (LeaderElection.java:askForVotes(178)) - 52743044-8979-4a08-8013-92a14c548982@group-146C50BE7901-LeaderElection57: begin an election at term 63 for -1: [904f39be-c3d3-4df4-99c0-2e4526e577e3:192.168.157.254:45339, 52743044-8979-4a08-8013-92a14c548982:192.168.157.254:36428, 65da0c80-3604-4ac2-9a39-ee88d748a153:192.168.157.254:37466], old=null
2019-10-16 21:11:37,676 [grpc-default-executor-0] INFO  impl.RaftServerImpl (RaftServerImpl.java:setRole(184)) - 904f39be-c3d3-4df4-99c0-2e4526e577e3@group-146C50BE7901: changes role from  FOLLOWER to FOLLOWER at term 63 for recognizeCandidate:52743044-8979-4a08-8013-92a14c548982
2019-10-16 21:11:37,676 [grpc-default-executor-0] INFO  impl.RoleInfo (RoleInfo.java:shutdownFollowerState(121)) - 904f39be-c3d3-4df4-99c0-2e4526e577e3: shutdown FollowerState
2019-10-16 21:11:37,676 [grpc-default-executor-0] INFO  impl.RoleInfo (RoleInfo.java:updateAndGet(143)) - 904f39be-c3d3-4df4-99c0-2e4526e577e3: start FollowerState
2019-10-16 21:11:37,676 [grpc-default-executor-1] INFO  impl.RaftServerImpl (RaftServerImpl.java:setRole(184)) - 65da0c80-3604-4ac2-9a39-ee88d748a153@group-146C50BE7901: changes role from  FOLLOWER to FOLLOWER at term 63 for recognizeCandidate:52743044-8979-4a08-8013-92a14c548982
2019-10-16 21:11:37,676 [Thread-623] INFO  impl.FollowerState (FollowerState.java:run(117)) - 904f39be-c3d3-4df4-99c0-2e4526e577e3@group-146C50BE7901-FollowerState was interrupted: java.lang.InterruptedException: sleep interrupted
2019-10-16 21:11:37,676 [grpc-default-executor-1] INFO  impl.RoleInfo (RoleInfo.java:shutdownFollowerState(121)) - 65da0c80-3604-4ac2-9a39-ee88d748a153: shutdown FollowerState
2019-10-16 21:11:37,677 [grpc-default-executor-1] INFO  impl.RoleInfo (RoleInfo.java:updateAndGet(143)) - 65da0c80-3604-4ac2-9a39-ee88d748a153: start FollowerState
2019-10-16 21:11:37,677 [Thread-622] INFO  impl.FollowerState (FollowerState.java:run(117)) - 65da0c80-3604-4ac2-9a39-ee88d748a153@group-146C50BE7901-FollowerState was interrupted: java.lang.InterruptedException: sleep interrupted
2019-10-16 21:11:37,684 [52743044-8979-4a08-8013-92a14c548982@group-146C50BE7901-LeaderElection57] INFO  impl.LeaderElection (LeaderElection.java:logAndReturn(56)) - 52743044-8979-4a08-8013-92a14c548982@group-146C50BE7901-LeaderElection57: Election TIMEOUT; received 0 response(s) [] and 0 exception(s); 52743044-8979-4a08-8013-92a14c548982@group-146C50BE7901:t63, leader=null, voted=52743044-8979-4a08-8013-92a14c548982, raftlog=52743044-8979-4a08-8013-92a14c548982@group-146C50BE7901-SegmentedRaftLog:OPENED:c-1,f-1,i0, conf=-1: [904f39be-c3d3-4df4-99c0-2e4526e577e3:192.168.157.254:45339, 52743044-8979-4a08-8013-92a14c548982:192.168.157.254:36428, 65da0c80-3604-4ac2-9a39-ee88d748a153:192.168.157.254:37466], old=null
2019-10-16 21:11:37,692 [52743044-8979-4a08-8013-92a14c548982@group-146C50BE7901-LeaderElection57] INFO  impl.LeaderElection (LeaderElection.java:askForVotes(178)) - 52743044-8979-4a08-8013-92a14c548982@group-146C50BE7901-LeaderElection57: begin an election at term 64 for -1: [904f39be-c3d3-4df4-99c0-2e4526e577e3:192.168.157.254:45339, 52743044-8979-4a08-8013-92a14c548982:192.168.157.254:36428, 65da0c80-3604-4ac2-9a39-ee88d748a153:192.168.157.254:37466], old=null
2019-10-16 21:11:37,694 [grpc-default-executor-1] INFO  impl.RaftServerImpl (RaftServerImpl.java:setRole(184)) - 904f39be-c3d3-4df4-99c0-2e4526e577e3@group-146C50BE7901: changes role from  FOLLOWER to FOLLOWER at term 64 for recognizeCandidate:52743044-8979-4a08-8013-92a14c548982
2019-10-16 21:11:37,694 [grpc-default-executor-1] INFO  impl.RoleInfo (RoleInfo.java:shutdownFollowerState(121)) - 904f39be-c3d3-4df4-99c0-2e4526e577e3: shutdown FollowerState
2019-10-16 21:11:37,694 [grpc-default-executor-0] INFO  impl.RaftServerImpl (RaftServerImpl.java:setRole(184)) - 65da0c80-3604-4ac2-9a39-ee88d748a153@group-146C50BE7901: changes role from  FOLLOWER to FOLLOWER at term 64 for recognizeCandidate:52743044-8979-4a08-8013-92a14c548982
2019-10-16 21:11:37,694 [grpc-default-executor-1] INFO  impl.RoleInfo (RoleInfo.java:updateAndGet(143)) - 904f39be-c3d3-4df4-99c0-2e4526e577e3: start FollowerState
2019-10-16 21:11:37,694 [Thread-626] INFO  impl.FollowerState (FollowerState.java:run(117)) - 904f39be-c3d3-4df4-99c0-2e4526e577e3@group-146C50BE7901-FollowerState was interrupted: java.lang.InterruptedException: sleep interrupted
2019-10-16 21:11:37,694 [grpc-default-executor-0] INFO  impl.RoleInfo (RoleInfo.java:shutdownFollowerState(121)) - 65da0c80-3604-4ac2-9a39-ee88d748a153: shutdown FollowerState
2019-10-16 21:11:37,695 [grpc-default-executor-0] INFO  impl.RoleInfo (RoleInfo.java:updateAndGet(143)) - 65da0c80-3604-4ac2-9a39-ee88d748a153: start FollowerState
2019-10-16 21:11:37,695 [Thread-627] INFO  impl.FollowerState (FollowerState.java:run(117)) - 65da0c80-3604-4ac2-9a39-ee88d748a153@group-146C50BE7901-FollowerState was interrupted: java.lang.InterruptedException: sleep interrupted
2019-10-16 21:11:37,720 [52743044-8979-4a08-8013-92a14c548982@group-146C50BE7901-LeaderElection57] INFO  impl.LeaderElection (LeaderElection.java:logAndReturn(56)) - 52743044-8979-4a08-8013-92a14c548982@group-146C50BE7901-LeaderElection57: Election REJECTED; received 2 response(s) [52743044-8979-4a08-8013-92a14c548982<-904f39be-c3d3-4df4-99c0-2e4526e577e3#0:FAIL-t64, 52743044-8979-4a08-8013-92a14c548982<-65da0c80-3604-4ac2-9a39-ee88d748a153#0:FAIL-t64] and 0 exception(s); 52743044-8979-4a08-8013-92a14c548982@group-146C50BE7901:t64, leader=null, voted=52743044-8979-4a08-8013-92a14c548982, raftlog=52743044-8979-4a08-8013-92a14c548982@group-146C50BE7901-SegmentedRaftLog:OPENED:c-1,f-1,i0, conf=-1: [904f39be-c3d3-4df4-99c0-2e4526e577e3:192.168.157.254:45339, 52743044-8979-4a08-8013-92a14c548982:192.168.157.254:36428, 65da0c80-3604-4ac2-9a39-ee88d748a153:192.168.157.254:37466], old=null
2019-10-16 21:11:37,720 [52743044-8979-4a08-8013-92a14c548982@group-146C50BE7901-LeaderElection57] INFO  impl.RaftServerImpl (RaftServerImpl.java:setRole(184)) - 52743044-8979-4a08-8013-92a14c548982@group-146C50BE7901: changes role from CANDIDATE to FOLLOWER at term 64 for DISCOVERED_A_NEW_TERM
2019-10-16 21:11:37,720 [52743044-8979-4a08-8013-92a14c548982@group-146C50BE7901-LeaderElection57] INFO  impl.RoleInfo (RoleInfo.java:shutdownLeaderElection(134)) - 52743044-8979-4a08-8013-92a14c548982: shutdown LeaderElection
2019-10-16 21:11:37,720 [52743044-8979-4a08-8013-92a14c548982@group-146C50BE7901-LeaderElection57] INFO  impl.RoleInfo (RoleInfo.java:updateAndGet(143)) - 52743044-8979-4a08-8013-92a14c548982: start FollowerState
2019-10-16 21:11:37,793 [Thread-632] INFO  impl.FollowerState (FollowerState.java:run(108)) - 52743044-8979-4a08-8013-92a14c548982@group-146C50BE7901-FollowerState: change to CANDIDATE, lastRpcTime:72ms, electionTimeout:72ms
2019-10-16 21:11:37,793 [Thread-632] INFO  impl.RoleInfo (RoleInfo.java:shutdownFollowerState(121)) - 52743044-8979-4a08-8013-92a14c548982: shutdown FollowerState
2019-10-16 21:11:37,793 [Thread-632] INFO  impl.RaftServerImpl (RaftServerImpl.java:setRole(184)) - 52743044-8979-4a08-8013-92a14c548982@group-146C50BE7901: changes role from  FOLLOWER to CANDIDATE at term 64 for changeToCandidate
2019-10-16 21:11:37,793 [Thread-632] INFO  impl.RoleInfo (RoleInfo.java:updateAndGet(143)) - 52743044-8979-4a08-8013-92a14c548982: start LeaderElection
2019-10-16 21:11:37,831 [52743044-8979-4a08-8013-92a14c548982@group-146C50BE7901-LeaderElection58] INFO  impl.LeaderElection (LeaderElection.java:askForVotes(178)) - 52743044-8979-4a08-8013-92a14c548982@group-146C50BE7901-LeaderElection58: begin an election at term 65 for -1: [904f39be-c3d3-4df4-99c0-2e4526e577e3:192.168.157.254:45339, 52743044-8979-4a08-8013-92a14c548982:192.168.157.254:36428, 65da0c80-3604-4ac2-9a39-ee88d748a153:192.168.157.254:37466], old=null
2019-10-16 21:11:37,833 [grpc-default-executor-0] INFO  impl.RaftServerImpl (RaftServerImpl.java:setRole(184)) - 904f39be-c3d3-4df4-99c0-2e4526e577e3@group-146C50BE7901: changes role from  FOLLOWER to FOLLOWER at term 65 for recognizeCandidate:52743044-8979-4a08-8013-92a14c548982
2019-10-16 21:11:37,834 [grpc-default-executor-0] INFO  impl.RoleInfo (RoleInfo.java:shutdownFollowerState(121)) - 904f39be-c3d3-4df4-99c0-2e4526e577e3: shutdown FollowerState
2019-10-16 21:11:37,834 [grpc-default-executor-1] INFO  impl.RaftServerImpl (RaftServerImpl.java:setRole(184)) - 65da0c80-3604-4ac2-9a39-ee88d748a153@group-146C50BE7901: changes role from  FOLLOWER to FOLLOWER at term 65 for recognizeCandidate:52743044-8979-4a08-8013-92a14c548982
2019-10-16 21:11:37,834 [grpc-default-executor-0] INFO  impl.RoleInfo (RoleInfo.java:updateAndGet(143)) - 904f39be-c3d3-4df4-99c0-2e4526e577e3: start FollowerState
2019-10-16 21:11:37,834 [Thread-630] INFO  impl.FollowerState (FollowerState.java:run(117)) - 904f39be-c3d3-4df4-99c0-2e4526e577e3@group-146C50BE7901-FollowerState was interrupted: java.lang.InterruptedException: sleep interrupted
2019-10-16 21:11:37,834 [grpc-default-executor-1] INFO  impl.RoleInfo (RoleInfo.java:shutdownFollowerState(121)) - 65da0c80-3604-4ac2-9a39-ee88d748a153: shutdown FollowerState
2019-10-16 21:11:37,834 [grpc-default-executor-1] INFO  impl.RoleInfo (RoleInfo.java:updateAndGet(143)) - 65da0c80-3604-4ac2-9a39-ee88d748a153: start FollowerState
2019-10-16 21:11:37,834 [Thread-631] INFO  impl.FollowerState (FollowerState.java:run(117)) - 65da0c80-3604-4ac2-9a39-ee88d748a153@group-146C50BE7901-FollowerState was interrupted: java.lang.InterruptedException: sleep interrupted
2019-10-16 21:11:37,863 [52743044-8979-4a08-8013-92a14c548982@group-146C50BE7901-LeaderElection58] INFO  impl.LeaderElection (LeaderElection.java:logAndReturn(56)) - 52743044-8979-4a08-8013-92a14c548982@group-146C50BE7901-LeaderElection58: Election REJECTED; received 2 response(s) [52743044-8979-4a08-8013-92a14c548982<-904f39be-c3d3-4df4-99c0-2e4526e577e3#0:FAIL-t65, 52743044-8979-4a08-8013-92a14c548982<-65da0c80-3604-4ac2-9a39-ee88d748a153#0:FAIL-t65] and 0 exception(s); 52743044-8979-4a08-8013-92a14c548982@group-146C50BE7901:t65, leader=null, voted=52743044-8979-4a08-8013-92a14c548982, raftlog=52743044-8979-4a08-8013-92a14c548982@group-146C50BE7901-SegmentedRaftLog:OPENED:c-1,f-1,i0, conf=-1: [904f39be-c3d3-4df4-99c0-2e4526e577e3:192.168.157.254:45339, 52743044-8979-4a08-8013-92a14c548982:192.168.157.254:36428, 65da0c80-3604-4ac2-9a39-ee88d748a153:192.168.157.254:37466], old=null
2019-10-16 21:11:37,864 [52743044-8979-4a08-8013-92a14c548982@group-146C50BE7901-LeaderElection58] INFO  impl.RaftServerImpl (RaftServerImpl.java:setRole(184)) - 52743044-8979-4a08-8013-92a14c548982@group-146C50BE7901: changes role from CANDIDATE to FOLLOWER at term 65 for DISCOVERED_A_NEW_TERM
2019-10-16 21:11:37,864 [52743044-8979-4a08-8013-92a14c548982@group-146C50BE7901-LeaderElection58] INFO  impl.RoleInfo (RoleInfo.java:shutdownLeaderElection(134)) - 52743044-8979-4a08-8013-92a14c548982: shutdown LeaderElection
2019-10-16 21:11:37,864 [52743044-8979-4a08-8013-92a14c548982@group-146C50BE7901-LeaderElection58] INFO  impl.RoleInfo (RoleInfo.java:updateAndGet(143)) - 52743044-8979-4a08-8013-92a14c548982: start FollowerState
2019-10-16 21:11:37,939 [Thread-638] INFO  impl.FollowerState (FollowerState.java:run(108)) - 52743044-8979-4a08-8013-92a14c548982@group-146C50BE7901-FollowerState: change to CANDIDATE, lastRpcTime:75ms, electionTimeout:75ms
2019-10-16 21:11:37,939 [Thread-638] INFO  impl.RoleInfo (RoleInfo.java:shutdownFollowerState(121)) - 52743044-8979-4a08-8013-92a14c548982: shutdown FollowerState
2019-10-16 21:11:37,940 [Thread-638] INFO  impl.RaftServerImpl (RaftServerImpl.java:setRole(184)) - 52743044-8979-4a08-8013-92a14c548982@group-146C50BE7901: changes role from  FOLLOWER to CANDIDATE at term 65 for changeToCandidate
2019-10-16 21:11:37,940 [Thread-638] INFO  impl.RoleInfo (RoleInfo.java:updateAndGet(143)) - 52743044-8979-4a08-8013-92a14c548982: start LeaderElection
2019-10-16 21:11:38,011 [52743044-8979-4a08-8013-92a14c548982@group-146C50BE7901-LeaderElection59] INFO  impl.LeaderElection (LeaderElection.java:askForVotes(178)) - 52743044-8979-4a08-8013-92a14c548982@group-146C50BE7901-LeaderElection59: begin an election at term 66 for -1: [904f39be-c3d3-4df4-99c0-2e4526e577e3:192.168.157.254:45339, 52743044-8979-4a08-8013-92a14c548982:192.168.157.254:36428, 65da0c80-3604-4ac2-9a39-ee88d748a153:192.168.157.254:37466], old=null
2019-10-16 21:11:38,013 [grpc-default-executor-0] INFO  impl.RaftServerImpl (RaftServerImpl.java:setRole(184)) - 904f39be-c3d3-4df4-99c0-2e4526e577e3@group-146C50BE7901: changes role from  FOLLOWER to FOLLOWER at term 66 for recognizeCandidate:52743044-8979-4a08-8013-92a14c548982
2019-10-16 21:11:38,014 [grpc-default-executor-0] INFO  impl.RoleInfo (RoleInfo.java:shutdownFollowerState(121)) - 904f39be-c3d3-4df4-99c0-2e4526e577e3: shutdown FollowerState
2019-10-16 21:11:38,014 [grpc-default-executor-1] INFO  impl.RaftServerImpl (RaftServerImpl.java:setRole(184)) - 65da0c80-3604-4ac2-9a39-ee88d748a153@group-146C50BE7901: changes role from  FOLLOWER to FOLLOWER at term 66 for recognizeCandidate:52743044-8979-4a08-8013-92a14c548982
2019-10-16 21:11:38,014 [Thread-636] INFO  impl.FollowerState (FollowerState.java:run(117)) - 904f39be-c3d3-4df4-99c0-2e4526e577e3@group-146C50BE7901-FollowerState was interrupted: java.lang.InterruptedException: sleep interrupted
2019-10-16 21:11:38,014 [grpc-default-executor-0] INFO  impl.RoleInfo (RoleInfo.java:updateAndGet(143)) - 904f39be-c3d3-4df4-99c0-2e4526e577e3: start FollowerState
2019-10-16 21:11:38,014 [grpc-default-executor-1] INFO  impl.RoleInfo (RoleInfo.java:shutdownFollowerState(121)) - 65da0c80-3604-4ac2-9a39-ee88d748a153: shutdown FollowerState
2019-10-16 21:11:38,014 [grpc-default-executor-1] INFO  impl.RoleInfo (RoleInfo.java:updateAndGet(143)) - 65da0c80-3604-4ac2-9a39-ee88d748a153: start FollowerState
2019-10-16 21:11:38,014 [Thread-637] INFO  impl.FollowerState (FollowerState.java:run(117)) - 65da0c80-3604-4ac2-9a39-ee88d748a153@group-146C50BE7901-FollowerState was interrupted: java.lang.InterruptedException: sleep interrupted
2019-10-16 21:11:38,070 [52743044-8979-4a08-8013-92a14c548982@group-146C50BE7901-LeaderElection59] INFO  impl.LeaderElection (LeaderElection.java:logAndReturn(56)) - 52743044-8979-4a08-8013-92a14c548982@group-146C50BE7901-LeaderElection59: Election REJECTED; received 2 response(s) [52743044-8979-4a08-8013-92a14c548982<-904f39be-c3d3-4df4-99c0-2e4526e577e3#0:FAIL-t66, 52743044-8979-4a08-8013-92a14c548982<-65da0c80-3604-4ac2-9a39-ee88d748a153#0:FAIL-t66] and 0 exception(s); 52743044-8979-4a08-8013-92a14c548982@group-146C50BE7901:t66, leader=null, voted=52743044-8979-4a08-8013-92a14c548982, raftlog=52743044-8979-4a08-8013-92a14c548982@group-146C50BE7901-SegmentedRaftLog:OPENED:c-1,f-1,i0, conf=-1: [904f39be-c3d3-4df4-99c0-2e4526e577e3:192.168.157.254:45339, 52743044-8979-4a08-8013-92a14c548982:192.168.157.254:36428, 65da0c80-3604-4ac2-9a39-ee88d748a153:192.168.157.254:37466], old=null
2019-10-16 21:11:38,071 [52743044-8979-4a08-8013-92a14c548982@group-146C50BE7901-LeaderElection59] INFO  impl.RaftServerImpl (RaftServerImpl.java:setRole(184)) - 52743044-8979-4a08-8013-92a14c548982@group-146C50BE7901: changes role from CANDIDATE to FOLLOWER at term 66 for DISCOVERED_A_NEW_TERM
2019-10-16 21:11:38,071 [52743044-8979-4a08-8013-92a14c548982@group-146C50BE7901-LeaderElection59] INFO  impl.RoleInfo (RoleInfo.java:shutdownLeaderElection(134)) - 52743044-8979-4a08-8013-92a14c548982: shutdown LeaderElection
2019-10-16 21:11:38,071 [52743044-8979-4a08-8013-92a14c548982@group-146C50BE7901-LeaderElection59] INFO  impl.RoleInfo (RoleInfo.java:updateAndGet(143)) - 52743044-8979-4a08-8013-92a14c548982: start FollowerState
2019-10-16 21:11:38,176 [Thread-644] INFO  impl.FollowerState (FollowerState.java:run(108)) - 52743044-8979-4a08-8013-92a14c548982@group-146C50BE7901-FollowerState: change to CANDIDATE, lastRpcTime:105ms, electionTimeout:105ms
2019-10-16 21:11:38,176 [Thread-644] INFO  impl.RoleInfo (RoleInfo.java:shutdownFollowerState(121)) - 52743044-8979-4a08-8013-92a14c548982: shutdown FollowerState
2019-10-16 21:11:38,177 [Thread-644] INFO  impl.RaftServerImpl (RaftServerImpl.java:setRole(184)) - 52743044-8979-4a08-8013-92a14c548982@group-146C50BE7901: changes role from  FOLLOWER to CANDIDATE at term 66 for changeToCandidate
2019-10-16 21:11:38,177 [Thread-644] INFO  impl.RoleInfo (RoleInfo.java:updateAndGet(143)) - 52743044-8979-4a08-8013-92a14c548982: start LeaderElection
2019-10-16 21:11:38,191 [52743044-8979-4a08-8013-92a14c548982@group-146C50BE7901-LeaderElection60] INFO  impl.LeaderElection (LeaderElection.java:askForVotes(178)) - 52743044-8979-4a08-8013-92a14c548982@group-146C50BE7901-LeaderElection60: begin an election at term 67 for -1: [904f39be-c3d3-4df4-99c0-2e4526e577e3:192.168.157.254:45339, 52743044-8979-4a08-8013-92a14c548982:192.168.157.254:36428, 65da0c80-3604-4ac2-9a39-ee88d748a153:192.168.157.254:37466], old=null
2019-10-16 21:11:38,193 [grpc-default-executor-0] INFO  impl.RaftServerImpl (RaftServerImpl.java:setRole(184)) - 904f39be-c3d3-4df4-99c0-2e4526e577e3@group-146C50BE7901: changes role from  FOLLOWER to FOLLOWER at term 67 for recognizeCandidate:52743044-8979-4a08-8013-92a14c548982
2019-10-16 21:11:38,193 [grpc-default-executor-0] INFO  impl.RoleInfo (RoleInfo.java:shutdownFollowerState(121)) - 904f39be-c3d3-4df4-99c0-2e4526e577e3: shutdown FollowerState
2019-10-16 21:11:38,193 [grpc-default-executor-0] INFO  impl.RoleInfo (RoleInfo.java:updateAndGet(143)) - 904f39be-c3d3-4df4-99c0-2e4526e577e3: start FollowerState
2019-10-16 21:11:38,193 [grpc-default-executor-1] INFO  impl.RaftServerImpl (RaftServerImpl.java:setRole(184)) - 65da0c80-3604-4ac2-9a39-ee88d748a153@group-146C50BE7901: changes role from  FOLLOWER to FOLLOWER at term 67 for recognizeCandidate:52743044-8979-4a08-8013-92a14c548982
2019-10-16 21:11:38,193 [Thread-642] INFO  impl.FollowerState (FollowerState.java:run(117)) - 904f39be-c3d3-4df4-99c0-2e4526e577e3@group-146C50BE7901-FollowerState was interrupted: java.lang.InterruptedException: sleep interrupted
2019-10-16 21:11:38,194 [grpc-default-executor-1] INFO  impl.RoleInfo (RoleInfo.java:shutdownFollowerState(121)) - 65da0c80-3604-4ac2-9a39-ee88d748a153: shutdown FollowerState
2019-10-16 21:11:38,194 [grpc-default-executor-1] INFO  impl.RoleInfo (RoleInfo.java:updateAndGet(143)) - 65da0c80-3604-4ac2-9a39-ee88d748a153: start FollowerState
2019-10-16 21:11:38,194 [Thread-643] INFO  impl.FollowerState (FollowerState.java:run(117)) - 65da0c80-3604-4ac2-9a39-ee88d748a153@group-146C50BE7901-FollowerState was interrupted: java.lang.InterruptedException: sleep interrupted
2019-10-16 21:11:38,199 [main] INFO  ozone.MiniOzoneClusterImpl (MiniOzoneClusterImpl.java:lambda$waitForClusterToBeReady$2(164)) - Waiting for 1 number of pipelines out of 4, to report a leader.
2019-10-16 21:11:38,210 [52743044-8979-4a08-8013-92a14c548982@group-146C50BE7901-LeaderElection60] INFO  impl.LeaderElection (LeaderElection.java:logAndReturn(56)) - 52743044-8979-4a08-8013-92a14c548982@group-146C50BE7901-LeaderElection60: Election REJECTED; received 2 response(s) [52743044-8979-4a08-8013-92a14c548982<-904f39be-c3d3-4df4-99c0-2e4526e577e3#0:FAIL-t67, 52743044-8979-4a08-8013-92a14c548982<-65da0c80-3604-4ac2-9a39-ee88d748a153#0:FAIL-t67] and 0 exception(s); 52743044-8979-4a08-8013-92a14c548982@group-146C50BE7901:t67, leader=null, voted=52743044-8979-4a08-8013-92a14c548982, raftlog=52743044-8979-4a08-8013-92a14c548982@group-146C50BE7901-SegmentedRaftLog:OPENED:c-1,f-1,i0, conf=-1: [904f39be-c3d3-4df4-99c0-2e4526e577e3:192.168.157.254:45339, 52743044-8979-4a08-8013-92a14c548982:192.168.157.254:36428, 65da0c80-3604-4ac2-9a39-ee88d748a153:192.168.157.254:37466], old=null
2019-10-16 21:11:38,210 [52743044-8979-4a08-8013-92a14c548982@group-146C50BE7901-LeaderElection60] INFO  impl.RaftServerImpl (RaftServerImpl.java:setRole(184)) - 52743044-8979-4a08-8013-92a14c548982@group-146C50BE7901: changes role from CANDIDATE to FOLLOWER at term 67 for DISCOVERED_A_NEW_TERM
2019-10-16 21:11:38,210 [52743044-8979-4a08-8013-92a14c548982@group-146C50BE7901-LeaderElection60] INFO  impl.RoleInfo (RoleInfo.java:shutdownLeaderElection(134)) - 52743044-8979-4a08-8013-92a14c548982: shutdown LeaderElection
2019-10-16 21:11:38,210 [52743044-8979-4a08-8013-92a14c548982@group-146C50BE7901-LeaderElection60] INFO  impl.RoleInfo (RoleInfo.java:updateAndGet(143)) - 52743044-8979-4a08-8013-92a14c548982: start FollowerState
2019-10-16 21:11:38,355 [Thread-650] INFO  impl.FollowerState (FollowerState.java:run(108)) - 52743044-8979-4a08-8013-92a14c548982@group-146C50BE7901-FollowerState: change to CANDIDATE, lastRpcTime:144ms, electionTimeout:144ms
2019-10-16 21:11:38,355 [Thread-650] INFO  impl.RoleInfo (RoleInfo.java:shutdownFollowerState(121)) - 52743044-8979-4a08-8013-92a14c548982: shutdown FollowerState
2019-10-16 21:11:38,355 [Thread-650] INFO  impl.RaftServerImpl (RaftServerImpl.java:setRole(184)) - 52743044-8979-4a08-8013-92a14c548982@group-146C50BE7901: changes role from  FOLLOWER to CANDIDATE at term 67 for changeToCandidate
2019-10-16 21:11:38,355 [Thread-650] INFO  impl.RoleInfo (RoleInfo.java:updateAndGet(143)) - 52743044-8979-4a08-8013-92a14c548982: start LeaderElection
2019-10-16 21:11:38,379 [52743044-8979-4a08-8013-92a14c548982@group-146C50BE7901-LeaderElection61] INFO  impl.LeaderElection (LeaderElection.java:askForVotes(178)) - 52743044-8979-4a08-8013-92a14c548982@group-146C50BE7901-LeaderElection61: begin an election at term 68 for -1: [904f39be-c3d3-4df4-99c0-2e4526e577e3:192.168.157.254:45339, 52743044-8979-4a08-8013-92a14c548982:192.168.157.254:36428, 65da0c80-3604-4ac2-9a39-ee88d748a153:192.168.157.254:37466], old=null
2019-10-16 21:11:38,382 [grpc-default-executor-1] INFO  impl.RaftServerImpl (RaftServerImpl.java:setRole(184)) - 904f39be-c3d3-4df4-99c0-2e4526e577e3@group-146C50BE7901: changes role from  FOLLOWER to FOLLOWER at term 68 for recognizeCandidate:52743044-8979-4a08-8013-92a14c548982
2019-10-16 21:11:38,382 [grpc-default-executor-1] INFO  impl.RoleInfo (RoleInfo.java:shutdownFollowerState(121)) - 904f39be-c3d3-4df4-99c0-2e4526e577e3: shutdown FollowerState
2019-10-16 21:11:38,382 [grpc-default-executor-0] INFO  impl.RaftServerImpl (RaftServerImpl.java:setRole(184)) - 65da0c80-3604-4ac2-9a39-ee88d748a153@group-146C50BE7901: changes role from  FOLLOWER to FOLLOWER at term 68 for recognizeCandidate:52743044-8979-4a08-8013-92a14c548982
2019-10-16 21:11:38,382 [Thread-648] INFO  impl.FollowerState (FollowerState.java:run(117)) - 904f39be-c3d3-4df4-99c0-2e4526e577e3@group-146C50BE7901-FollowerState was interrupted: java.lang.InterruptedException: sleep interrupted
2019-10-16 21:11:38,382 [grpc-default-executor-1] INFO  impl.RoleInfo (RoleInfo.java:updateAndGet(143)) - 904f39be-c3d3-4df4-99c0-2e4526e577e3: start FollowerState
2019-10-16 21:11:38,382 [grpc-default-executor-0] INFO  impl.RoleInfo (RoleInfo.java:shutdownFollowerState(121)) - 65da0c80-3604-4ac2-9a39-ee88d748a153: shutdown FollowerState
2019-10-16 21:11:38,383 [grpc-default-executor-0] INFO  impl.RoleInfo (RoleInfo.java:updateAndGet(143)) - 65da0c80-3604-4ac2-9a39-ee88d748a153: start FollowerState
2019-10-16 21:11:38,383 [Thread-649] INFO  impl.FollowerState (FollowerState.java:run(117)) - 65da0c80-3604-4ac2-9a39-ee88d748a153@group-146C50BE7901-FollowerState was interrupted: java.lang.InterruptedException: sleep interrupted
2019-10-16 21:11:38,425 [52743044-8979-4a08-8013-92a14c548982@group-146C50BE7901-LeaderElection61] INFO  impl.LeaderElection (LeaderElection.java:logAndReturn(56)) - 52743044-8979-4a08-8013-92a14c548982@group-146C50BE7901-LeaderElection61: Election REJECTED; received 2 response(s) [52743044-8979-4a08-8013-92a14c548982<-904f39be-c3d3-4df4-99c0-2e4526e577e3#0:FAIL-t68, 52743044-8979-4a08-8013-92a14c548982<-65da0c80-3604-4ac2-9a39-ee88d748a153#0:FAIL-t68] and 0 exception(s); 52743044-8979-4a08-8013-92a14c548982@group-146C50BE7901:t68, leader=null, voted=52743044-8979-4a08-8013-92a14c548982, raftlog=52743044-8979-4a08-8013-92a14c548982@group-146C50BE7901-SegmentedRaftLog:OPENED:c-1,f-1,i0, conf=-1: [904f39be-c3d3-4df4-99c0-2e4526e577e3:192.168.157.254:45339, 52743044-8979-4a08-8013-92a14c548982:192.168.157.254:36428, 65da0c80-3604-4ac2-9a39-ee88d748a153:192.168.157.254:37466], old=null
2019-10-16 21:11:38,426 [52743044-8979-4a08-8013-92a14c548982@group-146C50BE7901-LeaderElection61] INFO  impl.RaftServerImpl (RaftServerImpl.java:setRole(184)) - 52743044-8979-4a08-8013-92a14c548982@group-146C50BE7901: changes role from CANDIDATE to FOLLOWER at term 68 for DISCOVERED_A_NEW_TERM
2019-10-16 21:11:38,426 [52743044-8979-4a08-8013-92a14c548982@group-146C50BE7901-LeaderElection61] INFO  impl.RoleInfo (RoleInfo.java:shutdownLeaderElection(134)) - 52743044-8979-4a08-8013-92a14c548982: shutdown LeaderElection
2019-10-16 21:11:38,426 [52743044-8979-4a08-8013-92a14c548982@group-146C50BE7901-LeaderElection61] INFO  impl.RoleInfo (RoleInfo.java:updateAndGet(143)) - 52743044-8979-4a08-8013-92a14c548982: start FollowerState
2019-10-16 21:11:38,460 [Thread-656] INFO  impl.FollowerState (FollowerState.java:run(108)) - 52743044-8979-4a08-8013-92a14c548982@group-146C50BE7901-FollowerState: change to CANDIDATE, lastRpcTime:34ms, electionTimeout:34ms
2019-10-16 21:11:38,460 [Thread-656] INFO  impl.RoleInfo (RoleInfo.java:shutdownFollowerState(121)) - 52743044-8979-4a08-8013-92a14c548982: shutdown FollowerState
2019-10-16 21:11:38,461 [Thread-656] INFO  impl.RaftServerImpl (RaftServerImpl.java:setRole(184)) - 52743044-8979-4a08-8013-92a14c548982@group-146C50BE7901: changes role from  FOLLOWER to CANDIDATE at term 68 for changeToCandidate
2019-10-16 21:11:38,461 [Thread-656] INFO  impl.RoleInfo (RoleInfo.java:updateAndGet(143)) - 52743044-8979-4a08-8013-92a14c548982: start LeaderElection
2019-10-16 21:11:38,474 [52743044-8979-4a08-8013-92a14c548982@group-146C50BE7901-LeaderElection62] INFO  impl.LeaderElection (LeaderElection.java:askForVotes(178)) - 52743044-8979-4a08-8013-92a14c548982@group-146C50BE7901-LeaderElection62: begin an election at term 69 for -1: [904f39be-c3d3-4df4-99c0-2e4526e577e3:192.168.157.254:45339, 52743044-8979-4a08-8013-92a14c548982:192.168.157.254:36428, 65da0c80-3604-4ac2-9a39-ee88d748a153:192.168.157.254:37466], old=null
2019-10-16 21:11:38,477 [grpc-default-executor-1] INFO  impl.RaftServerImpl (RaftServerImpl.java:setRole(184)) - 65da0c80-3604-4ac2-9a39-ee88d748a153@group-146C50BE7901: changes role from  FOLLOWER to FOLLOWER at term 69 for recognizeCandidate:52743044-8979-4a08-8013-92a14c548982
2019-10-16 21:11:38,477 [grpc-default-executor-1] INFO  impl.RoleInfo (RoleInfo.java:shutdownFollowerState(121)) - 65da0c80-3604-4ac2-9a39-ee88d748a153: shutdown FollowerState
2019-10-16 21:11:38,477 [grpc-default-executor-0] INFO  impl.RaftServerImpl (RaftServerImpl.java:setRole(184)) - 904f39be-c3d3-4df4-99c0-2e4526e577e3@group-146C50BE7901: changes role from  FOLLOWER to FOLLOWER at term 69 for recognizeCandidate:52743044-8979-4a08-8013-92a14c548982
2019-10-16 21:11:38,477 [grpc-default-executor-0] INFO  impl.RoleInfo (RoleInfo.java:shutdownFollowerState(121)) - 904f39be-c3d3-4df4-99c0-2e4526e577e3: shutdown FollowerState
2019-10-16 21:11:38,477 [Thread-655] INFO  impl.FollowerState (FollowerState.java:run(117)) - 65da0c80-3604-4ac2-9a39-ee88d748a153@group-146C50BE7901-FollowerState was interrupted: java.lang.InterruptedException: sleep interrupted
2019-10-16 21:11:38,477 [grpc-default-executor-1] INFO  impl.RoleInfo (RoleInfo.java:updateAndGet(143)) - 65da0c80-3604-4ac2-9a39-ee88d748a153: start FollowerState
2019-10-16 21:11:38,477 [Thread-654] INFO  impl.FollowerState (FollowerState.java:run(117)) - 904f39be-c3d3-4df4-99c0-2e4526e577e3@group-146C50BE7901-FollowerState was interrupted: java.lang.InterruptedException: sleep interrupted
2019-10-16 21:11:38,477 [grpc-default-executor-0] INFO  impl.RoleInfo (RoleInfo.java:updateAndGet(143)) - 904f39be-c3d3-4df4-99c0-2e4526e577e3: start FollowerState
2019-10-16 21:11:38,495 [52743044-8979-4a08-8013-92a14c548982@group-146C50BE7901-LeaderElection62] INFO  impl.LeaderElection (LeaderElection.java:logAndReturn(56)) - 52743044-8979-4a08-8013-92a14c548982@group-146C50BE7901-LeaderElection62: Election REJECTED; received 2 response(s) [52743044-8979-4a08-8013-92a14c548982<-904f39be-c3d3-4df4-99c0-2e4526e577e3#0:FAIL-t69, 52743044-8979-4a08-8013-92a14c548982<-65da0c80-3604-4ac2-9a39-ee88d748a153#0:FAIL-t69] and 0 exception(s); 52743044-8979-4a08-8013-92a14c548982@group-146C50BE7901:t69, leader=null, voted=52743044-8979-4a08-8013-92a14c548982, raftlog=52743044-8979-4a08-8013-92a14c548982@group-146C50BE7901-SegmentedRaftLog:OPENED:c-1,f-1,i0, conf=-1: [904f39be-c3d3-4df4-99c0-2e4526e577e3:192.168.157.254:45339, 52743044-8979-4a08-8013-92a14c548982:192.168.157.254:36428, 65da0c80-3604-4ac2-9a39-ee88d748a153:192.168.157.254:37466], old=null
2019-10-16 21:11:38,495 [52743044-8979-4a08-8013-92a14c548982@group-146C50BE7901-LeaderElection62] INFO  impl.RaftServerImpl (RaftServerImpl.java:setRole(184)) - 52743044-8979-4a08-8013-92a14c548982@group-146C50BE7901: changes role from CANDIDATE to FOLLOWER at term 69 for DISCOVERED_A_NEW_TERM
2019-10-16 21:11:38,495 [52743044-8979-4a08-8013-92a14c548982@group-146C50BE7901-LeaderElection62] INFO  impl.RoleInfo (RoleInfo.java:shutdownLeaderElection(134)) - 52743044-8979-4a08-8013-92a14c548982: shutdown LeaderElection
2019-10-16 21:11:38,495 [52743044-8979-4a08-8013-92a14c548982@group-146C50BE7901-LeaderElection62] INFO  impl.RoleInfo (RoleInfo.java:updateAndGet(143)) - 52743044-8979-4a08-8013-92a14c548982: start FollowerState
2019-10-16 21:11:38,524 [Thread-662] INFO  impl.FollowerState (FollowerState.java:run(108)) - 52743044-8979-4a08-8013-92a14c548982@group-146C50BE7901-FollowerState: change to CANDIDATE, lastRpcTime:28ms, electionTimeout:28ms
2019-10-16 21:11:38,524 [Thread-662] INFO  impl.RoleInfo (RoleInfo.java:shutdownFollowerState(121)) - 52743044-8979-4a08-8013-92a14c548982: shutdown FollowerState
2019-10-16 21:11:38,524 [Thread-662] INFO  impl.RaftServerImpl (RaftServerImpl.java:setRole(184)) - 52743044-8979-4a08-8013-92a14c548982@group-146C50BE7901: changes role from  FOLLOWER to CANDIDATE at term 69 for changeToCandidate
2019-10-16 21:11:38,524 [Thread-662] INFO  impl.RoleInfo (RoleInfo.java:updateAndGet(143)) - 52743044-8979-4a08-8013-92a14c548982: start LeaderElection
2019-10-16 21:11:38,593 [52743044-8979-4a08-8013-92a14c548982@group-146C50BE7901-LeaderElection63] INFO  impl.LeaderElection (LeaderElection.java:askForVotes(178)) - 52743044-8979-4a08-8013-92a14c548982@group-146C50BE7901-LeaderElection63: begin an election at term 70 for -1: [904f39be-c3d3-4df4-99c0-2e4526e577e3:192.168.157.254:45339, 52743044-8979-4a08-8013-92a14c548982:192.168.157.254:36428, 65da0c80-3604-4ac2-9a39-ee88d748a153:192.168.157.254:37466], old=null
2019-10-16 21:11:38,595 [grpc-default-executor-0] INFO  impl.RaftServerImpl (RaftServerImpl.java:setRole(184)) - 904f39be-c3d3-4df4-99c0-2e4526e577e3@group-146C50BE7901: changes role from  FOLLOWER to FOLLOWER at term 70 for recognizeCandidate:52743044-8979-4a08-8013-92a14c548982
2019-10-16 21:11:38,596 [grpc-default-executor-0] INFO  impl.RoleInfo (RoleInfo.java:shutdownFollowerState(121)) - 904f39be-c3d3-4df4-99c0-2e4526e577e3: shutdown FollowerState
2019-10-16 21:11:38,596 [grpc-default-executor-1] INFO  impl.RaftServerImpl (RaftServerImpl.java:setRole(184)) - 65da0c80-3604-4ac2-9a39-ee88d748a153@group-146C50BE7901: changes role from  FOLLOWER to FOLLOWER at term 70 for recognizeCandidate:52743044-8979-4a08-8013-92a14c548982
2019-10-16 21:11:38,596 [Thread-661] INFO  impl.FollowerState (FollowerState.java:run(117)) - 904f39be-c3d3-4df4-99c0-2e4526e577e3@group-146C50BE7901-FollowerState was interrupted: java.lang.InterruptedException: sleep interrupted
2019-10-16 21:11:38,596 [grpc-default-executor-0] INFO  impl.RoleInfo (RoleInfo.java:updateAndGet(143)) - 904f39be-c3d3-4df4-99c0-2e4526e577e3: start FollowerState
2019-10-16 21:11:38,596 [grpc-default-executor-1] INFO  impl.RoleInfo (RoleInfo.java:shutdownFollowerState(121)) - 65da0c80-3604-4ac2-9a39-ee88d748a153: shutdown FollowerState
2019-10-16 21:11:38,596 [grpc-default-executor-1] INFO  impl.RoleInfo (RoleInfo.java:updateAndGet(143)) - 65da0c80-3604-4ac2-9a39-ee88d748a153: start FollowerState
2019-10-16 21:11:38,596 [Thread-660] INFO  impl.FollowerState (FollowerState.java:run(117)) - 65da0c80-3604-4ac2-9a39-ee88d748a153@group-146C50BE7901-FollowerState was interrupted: java.lang.InterruptedException: sleep interrupted
2019-10-16 21:11:38,653 [52743044-8979-4a08-8013-92a14c548982@group-146C50BE7901-LeaderElection63] INFO  impl.LeaderElection (LeaderElection.java:logAndReturn(56)) - 52743044-8979-4a08-8013-92a14c548982@group-146C50BE7901-LeaderElection63: Election TIMEOUT; received 0 response(s) [] and 0 exception(s); 52743044-8979-4a08-8013-92a14c548982@group-146C50BE7901:t70, leader=null, voted=52743044-8979-4a08-8013-92a14c548982, raftlog=52743044-8979-4a08-8013-92a14c548982@group-146C50BE7901-SegmentedRaftLog:OPENED:c-1,f-1,i0, conf=-1: [904f39be-c3d3-4df4-99c0-2e4526e577e3:192.168.157.254:45339, 52743044-8979-4a08-8013-92a14c548982:192.168.157.254:36428, 65da0c80-3604-4ac2-9a39-ee88d748a153:192.168.157.254:37466], old=null
2019-10-16 21:11:38,678 [52743044-8979-4a08-8013-92a14c548982@group-146C50BE7901-LeaderElection63] INFO  impl.LeaderElection (LeaderElection.java:askForVotes(178)) - 52743044-8979-4a08-8013-92a14c548982@group-146C50BE7901-LeaderElection63: begin an election at term 71 for -1: [904f39be-c3d3-4df4-99c0-2e4526e577e3:192.168.157.254:45339, 52743044-8979-4a08-8013-92a14c548982:192.168.157.254:36428, 65da0c80-3604-4ac2-9a39-ee88d748a153:192.168.157.254:37466], old=null
2019-10-16 21:11:38,680 [grpc-default-executor-1] INFO  impl.RaftServerImpl (RaftServerImpl.java:setRole(184)) - 904f39be-c3d3-4df4-99c0-2e4526e577e3@group-146C50BE7901: changes role from  FOLLOWER to FOLLOWER at term 71 for recognizeCandidate:52743044-8979-4a08-8013-92a14c548982
2019-10-16 21:11:38,681 [grpc-default-executor-1] INFO  impl.RoleInfo (RoleInfo.java:shutdownFollowerState(121)) - 904f39be-c3d3-4df4-99c0-2e4526e577e3: shutdown FollowerState
2019-10-16 21:11:38,681 [grpc-default-executor-1] INFO  impl.RoleInfo (RoleInfo.java:updateAndGet(143)) - 904f39be-c3d3-4df4-99c0-2e4526e577e3: start FollowerState
2019-10-16 21:11:38,681 [grpc-default-executor-0] INFO  impl.RaftServerImpl (RaftServerImpl.java:setRole(184)) - 65da0c80-3604-4ac2-9a39-ee88d748a153@group-146C50BE7901: changes role from  FOLLOWER to FOLLOWER at term 71 for recognizeCandidate:52743044-8979-4a08-8013-92a14c548982
2019-10-16 21:11:38,681 [Thread-666] INFO  impl.FollowerState (FollowerState.java:run(117)) - 904f39be-c3d3-4df4-99c0-2e4526e577e3@group-146C50BE7901-FollowerState was interrupted: java.lang.InterruptedException: sleep interrupted
2019-10-16 21:11:38,681 [grpc-default-executor-0] INFO  impl.RoleInfo (RoleInfo.java:shutdownFollowerState(121)) - 65da0c80-3604-4ac2-9a39-ee88d748a153: shutdown FollowerState
2019-10-16 21:11:38,681 [grpc-default-executor-0] INFO  impl.RoleInfo (RoleInfo.java:updateAndGet(143)) - 65da0c80-3604-4ac2-9a39-ee88d748a153: start FollowerState
2019-10-16 21:11:38,681 [Thread-667] INFO  impl.FollowerState (FollowerState.java:run(117)) - 65da0c80-3604-4ac2-9a39-ee88d748a153@group-146C50BE7901-FollowerState was interrupted: java.lang.InterruptedException: sleep interrupted
2019-10-16 21:11:38,734 [52743044-8979-4a08-8013-92a14c548982@group-146C50BE7901-LeaderElection63] INFO  impl.LeaderElection (LeaderElection.java:logAndReturn(56)) - 52743044-8979-4a08-8013-92a14c548982@group-146C50BE7901-LeaderElection63: Election REJECTED; received 2 response(s) [52743044-8979-4a08-8013-92a14c548982<-904f39be-c3d3-4df4-99c0-2e4526e577e3#0:FAIL-t71, 52743044-8979-4a08-8013-92a14c548982<-65da0c80-3604-4ac2-9a39-ee88d748a153#0:FAIL-t71] and 0 exception(s); 52743044-8979-4a08-8013-92a14c548982@group-146C50BE7901:t71, leader=null, voted=52743044-8979-4a08-8013-92a14c548982, raftlog=52743044-8979-4a08-8013-92a14c548982@group-146C50BE7901-SegmentedRaftLog:OPENED:c-1,f-1,i0, conf=-1: [904f39be-c3d3-4df4-99c0-2e4526e577e3:192.168.157.254:45339, 52743044-8979-4a08-8013-92a14c548982:192.168.157.254:36428, 65da0c80-3604-4ac2-9a39-ee88d748a153:192.168.157.254:37466], old=null
2019-10-16 21:11:38,735 [52743044-8979-4a08-8013-92a14c548982@group-146C50BE7901-LeaderElection63] INFO  impl.RaftServerImpl (RaftServerImpl.java:setRole(184)) - 52743044-8979-4a08-8013-92a14c548982@group-146C50BE7901: changes role from CANDIDATE to FOLLOWER at term 71 for DISCOVERED_A_NEW_TERM
2019-10-16 21:11:38,735 [52743044-8979-4a08-8013-92a14c548982@group-146C50BE7901-LeaderElection63] INFO  impl.RoleInfo (RoleInfo.java:shutdownLeaderElection(134)) - 52743044-8979-4a08-8013-92a14c548982: shutdown LeaderElection
2019-10-16 21:11:38,735 [52743044-8979-4a08-8013-92a14c548982@group-146C50BE7901-LeaderElection63] INFO  impl.RoleInfo (RoleInfo.java:updateAndGet(143)) - 52743044-8979-4a08-8013-92a14c548982: start FollowerState
2019-10-16 21:11:38,759 [Thread-672] INFO  impl.FollowerState (FollowerState.java:run(108)) - 52743044-8979-4a08-8013-92a14c548982@group-146C50BE7901-FollowerState: change to CANDIDATE, lastRpcTime:24ms, electionTimeout:24ms
2019-10-16 21:11:38,760 [Thread-672] INFO  impl.RoleInfo (RoleInfo.java:shutdownFollowerState(121)) - 52743044-8979-4a08-8013-92a14c548982: shutdown FollowerState
2019-10-16 21:11:38,760 [Thread-672] INFO  impl.RaftServerImpl (RaftServerImpl.java:setRole(184)) - 52743044-8979-4a08-8013-92a14c548982@group-146C50BE7901: changes role from  FOLLOWER to CANDIDATE at term 71 for changeToCandidate
2019-10-16 21:11:38,760 [Thread-672] INFO  impl.RoleInfo (RoleInfo.java:updateAndGet(143)) - 52743044-8979-4a08-8013-92a14c548982: start LeaderElection
2019-10-16 21:11:38,774 [52743044-8979-4a08-8013-92a14c548982@group-146C50BE7901-LeaderElection64] INFO  impl.LeaderElection (LeaderElection.java:askForVotes(178)) - 52743044-8979-4a08-8013-92a14c548982@group-146C50BE7901-LeaderElection64: begin an election at term 72 for -1: [904f39be-c3d3-4df4-99c0-2e4526e577e3:192.168.157.254:45339, 52743044-8979-4a08-8013-92a14c548982:192.168.157.254:36428, 65da0c80-3604-4ac2-9a39-ee88d748a153:192.168.157.254:37466], old=null
2019-10-16 21:11:38,777 [grpc-default-executor-0] INFO  impl.RaftServerImpl (RaftServerImpl.java:setRole(184)) - 65da0c80-3604-4ac2-9a39-ee88d748a153@group-146C50BE7901: changes role from  FOLLOWER to FOLLOWER at term 72 for recognizeCandidate:52743044-8979-4a08-8013-92a14c548982
2019-10-16 21:11:38,777 [grpc-default-executor-1] INFO  impl.RaftServerImpl (RaftServerImpl.java:setRole(184)) - 904f39be-c3d3-4df4-99c0-2e4526e577e3@group-146C50BE7901: changes role from  FOLLOWER to FOLLOWER at term 72 for recognizeCandidate:52743044-8979-4a08-8013-92a14c548982
2019-10-16 21:11:38,777 [grpc-default-executor-0] INFO  impl.RoleInfo (RoleInfo.java:shutdownFollowerState(121)) - 65da0c80-3604-4ac2-9a39-ee88d748a153: shutdown FollowerState
2019-10-16 21:11:38,778 [grpc-default-executor-1] INFO  impl.RoleInfo (RoleInfo.java:shutdownFollowerState(121)) - 904f39be-c3d3-4df4-99c0-2e4526e577e3: shutdown FollowerState
2019-10-16 21:11:38,778 [Thread-671] INFO  impl.FollowerState (FollowerState.java:run(117)) - 65da0c80-3604-4ac2-9a39-ee88d748a153@group-146C50BE7901-FollowerState was interrupted: java.lang.InterruptedException: sleep interrupted
2019-10-16 21:11:38,778 [grpc-default-executor-0] INFO  impl.RoleInfo (RoleInfo.java:updateAndGet(143)) - 65da0c80-3604-4ac2-9a39-ee88d748a153: start FollowerState
2019-10-16 21:11:38,778 [Thread-670] INFO  impl.FollowerState (FollowerState.java:run(117)) - 904f39be-c3d3-4df4-99c0-2e4526e577e3@group-146C50BE7901-FollowerState was interrupted: java.lang.InterruptedException: sleep interrupted
2019-10-16 21:11:38,778 [grpc-default-executor-1] INFO  impl.RoleInfo (RoleInfo.java:updateAndGet(143)) - 904f39be-c3d3-4df4-99c0-2e4526e577e3: start FollowerState
2019-10-16 21:11:38,793 [52743044-8979-4a08-8013-92a14c548982@group-146C50BE7901-LeaderElection64] INFO  impl.LeaderElection (LeaderElection.java:logAndReturn(56)) - 52743044-8979-4a08-8013-92a14c548982@group-146C50BE7901-LeaderElection64: Election TIMEOUT; received 0 response(s) [] and 0 exception(s); 52743044-8979-4a08-8013-92a14c548982@group-146C50BE7901:t72, leader=null, voted=52743044-8979-4a08-8013-92a14c548982, raftlog=52743044-8979-4a08-8013-92a14c548982@group-146C50BE7901-SegmentedRaftLog:OPENED:c-1,f-1,i0, conf=-1: [904f39be-c3d3-4df4-99c0-2e4526e577e3:192.168.157.254:45339, 52743044-8979-4a08-8013-92a14c548982:192.168.157.254:36428, 65da0c80-3604-4ac2-9a39-ee88d748a153:192.168.157.254:37466], old=null
2019-10-16 21:11:38,828 [52743044-8979-4a08-8013-92a14c548982@group-146C50BE7901-LeaderElection64] INFO  impl.LeaderElection (LeaderElection.java:askForVotes(178)) - 52743044-8979-4a08-8013-92a14c548982@group-146C50BE7901-LeaderElection64: begin an election at term 73 for -1: [904f39be-c3d3-4df4-99c0-2e4526e577e3:192.168.157.254:45339, 52743044-8979-4a08-8013-92a14c548982:192.168.157.254:36428, 65da0c80-3604-4ac2-9a39-ee88d748a153:192.168.157.254:37466], old=null
2019-10-16 21:11:38,831 [grpc-default-executor-1] INFO  impl.RaftServerImpl (RaftServerImpl.java:setRole(184)) - 904f39be-c3d3-4df4-99c0-2e4526e577e3@group-146C50BE7901: changes role from  FOLLOWER to FOLLOWER at term 73 for recognizeCandidate:52743044-8979-4a08-8013-92a14c548982
2019-10-16 21:11:38,831 [grpc-default-executor-1] INFO  impl.RoleInfo (RoleInfo.java:shutdownFollowerState(121)) - 904f39be-c3d3-4df4-99c0-2e4526e577e3: shutdown FollowerState
2019-10-16 21:11:38,831 [grpc-default-executor-0] INFO  impl.RaftServerImpl (RaftServerImpl.java:setRole(184)) - 65da0c80-3604-4ac2-9a39-ee88d748a153@group-146C50BE7901: changes role from  FOLLOWER to FOLLOWER at term 73 for recognizeCandidate:52743044-8979-4a08-8013-92a14c548982
2019-10-16 21:11:38,831 [Thread-677] INFO  impl.FollowerState (FollowerState.java:run(117)) - 904f39be-c3d3-4df4-99c0-2e4526e577e3@group-146C50BE7901-FollowerState was interrupted: java.lang.InterruptedException: sleep interrupted
2019-10-16 21:11:38,831 [grpc-default-executor-1] INFO  impl.RoleInfo (RoleInfo.java:updateAndGet(143)) - 904f39be-c3d3-4df4-99c0-2e4526e577e3: start FollowerState
2019-10-16 21:11:38,831 [grpc-default-executor-0] INFO  impl.RoleInfo (RoleInfo.java:shutdownFollowerState(121)) - 65da0c80-3604-4ac2-9a39-ee88d748a153: shutdown FollowerState
2019-10-16 21:11:38,832 [grpc-default-executor-0] INFO  impl.RoleInfo (RoleInfo.java:updateAndGet(143)) - 65da0c80-3604-4ac2-9a39-ee88d748a153: start FollowerState
2019-10-16 21:11:38,832 [Thread-676] INFO  impl.FollowerState (FollowerState.java:run(117)) - 65da0c80-3604-4ac2-9a39-ee88d748a153@group-146C50BE7901-FollowerState was interrupted: java.lang.InterruptedException: sleep interrupted
2019-10-16 21:11:38,875 [52743044-8979-4a08-8013-92a14c548982@group-146C50BE7901-LeaderElection64] INFO  impl.LeaderElection (LeaderElection.java:logAndReturn(56)) - 52743044-8979-4a08-8013-92a14c548982@group-146C50BE7901-LeaderElection64: Election TIMEOUT; received 0 response(s) [] and 0 exception(s); 52743044-8979-4a08-8013-92a14c548982@group-146C50BE7901:t73, leader=null, voted=52743044-8979-4a08-8013-92a14c548982, raftlog=52743044-8979-4a08-8013-92a14c548982@group-146C50BE7901-SegmentedRaftLog:OPENED:c-1,f-1,i0, conf=-1: [904f39be-c3d3-4df4-99c0-2e4526e577e3:192.168.157.254:45339, 52743044-8979-4a08-8013-92a14c548982:192.168.157.254:36428, 65da0c80-3604-4ac2-9a39-ee88d748a153:192.168.157.254:37466], old=null
2019-10-16 21:11:38,905 [52743044-8979-4a08-8013-92a14c548982@group-146C50BE7901-LeaderElection64] INFO  impl.LeaderElection (LeaderElection.java:askForVotes(178)) - 52743044-8979-4a08-8013-92a14c548982@group-146C50BE7901-LeaderElection64: begin an election at term 74 for -1: [904f39be-c3d3-4df4-99c0-2e4526e577e3:192.168.157.254:45339, 52743044-8979-4a08-8013-92a14c548982:192.168.157.254:36428, 65da0c80-3604-4ac2-9a39-ee88d748a153:192.168.157.254:37466], old=null
2019-10-16 21:11:38,908 [grpc-default-executor-0] INFO  impl.RaftServerImpl (RaftServerImpl.java:setRole(184)) - 904f39be-c3d3-4df4-99c0-2e4526e577e3@group-146C50BE7901: changes role from  FOLLOWER to FOLLOWER at term 74 for recognizeCandidate:52743044-8979-4a08-8013-92a14c548982
2019-10-16 21:11:38,908 [grpc-default-executor-0] INFO  impl.RoleInfo (RoleInfo.java:shutdownFollowerState(121)) - 904f39be-c3d3-4df4-99c0-2e4526e577e3: shutdown FollowerState
2019-10-16 21:11:38,908 [grpc-default-executor-0] INFO  impl.RoleInfo (RoleInfo.java:updateAndGet(143)) - 904f39be-c3d3-4df4-99c0-2e4526e577e3: start FollowerState
2019-10-16 21:11:38,908 [Thread-680] INFO  impl.FollowerState (FollowerState.java:run(117)) - 904f39be-c3d3-4df4-99c0-2e4526e577e3@group-146C50BE7901-FollowerState was interrupted: java.lang.InterruptedException: sleep interrupted
2019-10-16 21:11:38,908 [grpc-default-executor-1] INFO  impl.RaftServerImpl (RaftServerImpl.java:setRole(184)) - 65da0c80-3604-4ac2-9a39-ee88d748a153@group-146C50BE7901: changes role from  FOLLOWER to FOLLOWER at term 74 for recognizeCandidate:52743044-8979-4a08-8013-92a14c548982
2019-10-16 21:11:38,909 [grpc-default-executor-1] INFO  impl.RoleInfo (RoleInfo.java:shutdownFollowerState(121)) - 65da0c80-3604-4ac2-9a39-ee88d748a153: shutdown FollowerState
2019-10-16 21:11:38,909 [grpc-default-executor-1] INFO  impl.RoleInfo (RoleInfo.java:updateAndGet(143)) - 65da0c80-3604-4ac2-9a39-ee88d748a153: start FollowerState
2019-10-16 21:11:38,909 [Thread-681] INFO  impl.FollowerState (FollowerState.java:run(117)) - 65da0c80-3604-4ac2-9a39-ee88d748a153@group-146C50BE7901-FollowerState was interrupted: java.lang.InterruptedException: sleep interrupted
2019-10-16 21:11:38,948 [52743044-8979-4a08-8013-92a14c548982@group-146C50BE7901-LeaderElection64] INFO  impl.LeaderElection (LeaderElection.java:logAndReturn(56)) - 52743044-8979-4a08-8013-92a14c548982@group-146C50BE7901-LeaderElection64: Election REJECTED; received 2 response(s) [52743044-8979-4a08-8013-92a14c548982<-904f39be-c3d3-4df4-99c0-2e4526e577e3#0:FAIL-t74, 52743044-8979-4a08-8013-92a14c548982<-65da0c80-3604-4ac2-9a39-ee88d748a153#0:FAIL-t74] and 0 exception(s); 52743044-8979-4a08-8013-92a14c548982@group-146C50BE7901:t74, leader=null, voted=52743044-8979-4a08-8013-92a14c548982, raftlog=52743044-8979-4a08-8013-92a14c548982@group-146C50BE7901-SegmentedRaftLog:OPENED:c-1,f-1,i0, conf=-1: [904f39be-c3d3-4df4-99c0-2e4526e577e3:192.168.157.254:45339, 52743044-8979-4a08-8013-92a14c548982:192.168.157.254:36428, 65da0c80-3604-4ac2-9a39-ee88d748a153:192.168.157.254:37466], old=null
2019-10-16 21:11:38,949 [52743044-8979-4a08-8013-92a14c548982@group-146C50BE7901-LeaderElection64] INFO  impl.RaftServerImpl (RaftServerImpl.java:setRole(184)) - 52743044-8979-4a08-8013-92a14c548982@group-146C50BE7901: changes role from CANDIDATE to FOLLOWER at term 74 for DISCOVERED_A_NEW_TERM
2019-10-16 21:11:38,949 [52743044-8979-4a08-8013-92a14c548982@group-146C50BE7901-LeaderElection64] INFO  impl.RoleInfo (RoleInfo.java:shutdownLeaderElection(134)) - 52743044-8979-4a08-8013-92a14c548982: shutdown LeaderElection
2019-10-16 21:11:38,949 [52743044-8979-4a08-8013-92a14c548982@group-146C50BE7901-LeaderElection64] INFO  impl.RoleInfo (RoleInfo.java:updateAndGet(143)) - 52743044-8979-4a08-8013-92a14c548982: start FollowerState
2019-10-16 21:11:39,130 [Thread-686] INFO  impl.FollowerState (FollowerState.java:run(108)) - 52743044-8979-4a08-8013-92a14c548982@group-146C50BE7901-FollowerState: change to CANDIDATE, lastRpcTime:180ms, electionTimeout:180ms
2019-10-16 21:11:39,130 [Thread-686] INFO  impl.RoleInfo (RoleInfo.java:shutdownFollowerState(121)) - 52743044-8979-4a08-8013-92a14c548982: shutdown FollowerState
2019-10-16 21:11:39,130 [Thread-686] INFO  impl.RaftServerImpl (RaftServerImpl.java:setRole(184)) - 52743044-8979-4a08-8013-92a14c548982@group-146C50BE7901: changes role from  FOLLOWER to CANDIDATE at term 74 for changeToCandidate
2019-10-16 21:11:39,130 [Thread-686] INFO  impl.RoleInfo (RoleInfo.java:updateAndGet(143)) - 52743044-8979-4a08-8013-92a14c548982: start LeaderElection
2019-10-16 21:11:39,145 [52743044-8979-4a08-8013-92a14c548982@group-146C50BE7901-LeaderElection65] INFO  impl.LeaderElection (LeaderElection.java:askForVotes(178)) - 52743044-8979-4a08-8013-92a14c548982@group-146C50BE7901-LeaderElection65: begin an election at term 75 for -1: [904f39be-c3d3-4df4-99c0-2e4526e577e3:192.168.157.254:45339, 52743044-8979-4a08-8013-92a14c548982:192.168.157.254:36428, 65da0c80-3604-4ac2-9a39-ee88d748a153:192.168.157.254:37466], old=null
2019-10-16 21:11:39,148 [grpc-default-executor-1] INFO  impl.RaftServerImpl (RaftServerImpl.java:setRole(184)) - 65da0c80-3604-4ac2-9a39-ee88d748a153@group-146C50BE7901: changes role from  FOLLOWER to FOLLOWER at term 75 for recognizeCandidate:52743044-8979-4a08-8013-92a14c548982
2019-10-16 21:11:39,149 [grpc-default-executor-1] INFO  impl.RoleInfo (RoleInfo.java:shutdownFollowerState(121)) - 65da0c80-3604-4ac2-9a39-ee88d748a153: shutdown FollowerState
2019-10-16 21:11:39,149 [grpc-default-executor-0] INFO  impl.RaftServerImpl (RaftServerImpl.java:setRole(184)) - 904f39be-c3d3-4df4-99c0-2e4526e577e3@group-146C50BE7901: changes role from  FOLLOWER to FOLLOWER at term 75 for recognizeCandidate:52743044-8979-4a08-8013-92a14c548982
2019-10-16 21:11:39,149 [Thread-685] INFO  impl.FollowerState (FollowerState.java:run(117)) - 65da0c80-3604-4ac2-9a39-ee88d748a153@group-146C50BE7901-FollowerState was interrupted: java.lang.InterruptedException: sleep interrupted
2019-10-16 21:11:39,149 [grpc-default-executor-1] INFO  impl.RoleInfo (RoleInfo.java:updateAndGet(143)) - 65da0c80-3604-4ac2-9a39-ee88d748a153: start FollowerState
2019-10-16 21:11:39,149 [grpc-default-executor-0] INFO  impl.RoleInfo (RoleInfo.java:shutdownFollowerState(121)) - 904f39be-c3d3-4df4-99c0-2e4526e577e3: shutdown FollowerState
2019-10-16 21:11:39,150 [grpc-default-executor-0] INFO  impl.RoleInfo (RoleInfo.java:updateAndGet(143)) - 904f39be-c3d3-4df4-99c0-2e4526e577e3: start FollowerState
2019-10-16 21:11:39,150 [Thread-684] INFO  impl.FollowerState (FollowerState.java:run(117)) - 904f39be-c3d3-4df4-99c0-2e4526e577e3@group-146C50BE7901-FollowerState was interrupted: java.lang.InterruptedException: sleep interrupted
2019-10-16 21:11:39,161 [52743044-8979-4a08-8013-92a14c548982@group-146C50BE7901-LeaderElection65] INFO  impl.LeaderElection (LeaderElection.java:logAndReturn(56)) - 52743044-8979-4a08-8013-92a14c548982@group-146C50BE7901-LeaderElection65: Election TIMEOUT; received 0 response(s) [] and 0 exception(s); 52743044-8979-4a08-8013-92a14c548982@group-146C50BE7901:t75, leader=null, voted=52743044-8979-4a08-8013-92a14c548982, raftlog=52743044-8979-4a08-8013-92a14c548982@group-146C50BE7901-SegmentedRaftLog:OPENED:c-1,f-1,i0, conf=-1: [904f39be-c3d3-4df4-99c0-2e4526e577e3:192.168.157.254:45339, 52743044-8979-4a08-8013-92a14c548982:192.168.157.254:36428, 65da0c80-3604-4ac2-9a39-ee88d748a153:192.168.157.254:37466], old=null
2019-10-16 21:11:39,185 [52743044-8979-4a08-8013-92a14c548982@group-146C50BE7901-LeaderElection65] INFO  impl.LeaderElection (LeaderElection.java:askForVotes(178)) - 52743044-8979-4a08-8013-92a14c548982@group-146C50BE7901-LeaderElection65: begin an election at term 76 for -1: [904f39be-c3d3-4df4-99c0-2e4526e577e3:192.168.157.254:45339, 52743044-8979-4a08-8013-92a14c548982:192.168.157.254:36428, 65da0c80-3604-4ac2-9a39-ee88d748a153:192.168.157.254:37466], old=null
2019-10-16 21:11:39,187 [grpc-default-executor-1] INFO  impl.RaftServerImpl (RaftServerImpl.java:setRole(184)) - 65da0c80-3604-4ac2-9a39-ee88d748a153@group-146C50BE7901: changes role from  FOLLOWER to FOLLOWER at term 76 for recognizeCandidate:52743044-8979-4a08-8013-92a14c548982
2019-10-16 21:11:39,188 [grpc-default-executor-1] INFO  impl.RoleInfo (RoleInfo.java:shutdownFollowerState(121)) - 65da0c80-3604-4ac2-9a39-ee88d748a153: shutdown FollowerState
2019-10-16 21:11:39,188 [grpc-default-executor-0] INFO  impl.RaftServerImpl (RaftServerImpl.java:setRole(184)) - 904f39be-c3d3-4df4-99c0-2e4526e577e3@group-146C50BE7901: changes role from  FOLLOWER to FOLLOWER at term 76 for recognizeCandidate:52743044-8979-4a08-8013-92a14c548982
2019-10-16 21:11:39,188 [Thread-690] INFO  impl.FollowerState (FollowerState.java:run(117)) - 65da0c80-3604-4ac2-9a39-ee88d748a153@group-146C50BE7901-FollowerState was interrupted: java.lang.InterruptedException: sleep interrupted
2019-10-16 21:11:39,188 [grpc-default-executor-1] INFO  impl.RoleInfo (RoleInfo.java:updateAndGet(143)) - 65da0c80-3604-4ac2-9a39-ee88d748a153: start FollowerState
2019-10-16 21:11:39,188 [grpc-default-executor-0] INFO  impl.RoleInfo (RoleInfo.java:shutdownFollowerState(121)) - 904f39be-c3d3-4df4-99c0-2e4526e577e3: shutdown FollowerState
2019-10-16 21:11:39,188 [grpc-default-executor-0] INFO  impl.RoleInfo (RoleInfo.java:updateAndGet(143)) - 904f39be-c3d3-4df4-99c0-2e4526e577e3: start FollowerState
2019-10-16 21:11:39,189 [Thread-691] INFO  impl.FollowerState (FollowerState.java:run(117)) - 904f39be-c3d3-4df4-99c0-2e4526e577e3@group-146C50BE7901-FollowerState was interrupted: java.lang.InterruptedException: sleep interrupted
2019-10-16 21:11:39,189 [52743044-8979-4a08-8013-92a14c548982@group-146C50BE7901-LeaderElection65] INFO  impl.LeaderElection (LeaderElection.java:logAndReturn(56)) - 52743044-8979-4a08-8013-92a14c548982@group-146C50BE7901-LeaderElection65: Election TIMEOUT; received 0 response(s) [] and 0 exception(s); 52743044-8979-4a08-8013-92a14c548982@group-146C50BE7901:t76, leader=null, voted=52743044-8979-4a08-8013-92a14c548982, raftlog=52743044-8979-4a08-8013-92a14c548982@group-146C50BE7901-SegmentedRaftLog:OPENED:c-1,f-1,i0, conf=-1: [904f39be-c3d3-4df4-99c0-2e4526e577e3:192.168.157.254:45339, 52743044-8979-4a08-8013-92a14c548982:192.168.157.254:36428, 65da0c80-3604-4ac2-9a39-ee88d748a153:192.168.157.254:37466], old=null
2019-10-16 21:11:39,198 [52743044-8979-4a08-8013-92a14c548982@group-146C50BE7901-LeaderElection65] INFO  impl.LeaderElection (LeaderElection.java:askForVotes(178)) - 52743044-8979-4a08-8013-92a14c548982@group-146C50BE7901-LeaderElection65: begin an election at term 77 for -1: [904f39be-c3d3-4df4-99c0-2e4526e577e3:192.168.157.254:45339, 52743044-8979-4a08-8013-92a14c548982:192.168.157.254:36428, 65da0c80-3604-4ac2-9a39-ee88d748a153:192.168.157.254:37466], old=null
2019-10-16 21:11:39,199 [main] INFO  ozone.MiniOzoneClusterImpl (MiniOzoneClusterImpl.java:lambda$waitForClusterToBeReady$2(164)) - Waiting for 1 number of pipelines out of 4, to report a leader.
2019-10-16 21:11:39,200 [grpc-default-executor-0] INFO  impl.RaftServerImpl (RaftServerImpl.java:setRole(184)) - 65da0c80-3604-4ac2-9a39-ee88d748a153@group-146C50BE7901: changes role from  FOLLOWER to FOLLOWER at term 77 for recognizeCandidate:52743044-8979-4a08-8013-92a14c548982
2019-10-16 21:11:39,200 [grpc-default-executor-1] INFO  impl.RaftServerImpl (RaftServerImpl.java:setRole(184)) - 904f39be-c3d3-4df4-99c0-2e4526e577e3@group-146C50BE7901: changes role from  FOLLOWER to FOLLOWER at term 77 for recognizeCandidate:52743044-8979-4a08-8013-92a14c548982
2019-10-16 21:11:39,200 [grpc-default-executor-0] INFO  impl.RoleInfo (RoleInfo.java:shutdownFollowerState(121)) - 65da0c80-3604-4ac2-9a39-ee88d748a153: shutdown FollowerState
2019-10-16 21:11:39,201 [grpc-default-executor-1] INFO  impl.RoleInfo (RoleInfo.java:shutdownFollowerState(121)) - 904f39be-c3d3-4df4-99c0-2e4526e577e3: shutdown FollowerState
2019-10-16 21:11:39,201 [Thread-694] INFO  impl.FollowerState (FollowerState.java:run(117)) - 65da0c80-3604-4ac2-9a39-ee88d748a153@group-146C50BE7901-FollowerState was interrupted: java.lang.InterruptedException: sleep interrupted
2019-10-16 21:11:39,201 [grpc-default-executor-0] INFO  impl.RoleInfo (RoleInfo.java:updateAndGet(143)) - 65da0c80-3604-4ac2-9a39-ee88d748a153: start FollowerState
2019-10-16 21:11:39,201 [Thread-695] INFO  impl.FollowerState (FollowerState.java:run(117)) - 904f39be-c3d3-4df4-99c0-2e4526e577e3@group-146C50BE7901-FollowerState was interrupted: java.lang.InterruptedException: sleep interrupted
2019-10-16 21:11:39,201 [grpc-default-executor-1] INFO  impl.RoleInfo (RoleInfo.java:updateAndGet(143)) - 904f39be-c3d3-4df4-99c0-2e4526e577e3: start FollowerState
2019-10-16 21:11:39,281 [52743044-8979-4a08-8013-92a14c548982@group-146C50BE7901-LeaderElection65] INFO  impl.LeaderElection (LeaderElection.java:logAndReturn(56)) - 52743044-8979-4a08-8013-92a14c548982@group-146C50BE7901-LeaderElection65: Election REJECTED; received 2 response(s) [52743044-8979-4a08-8013-92a14c548982<-904f39be-c3d3-4df4-99c0-2e4526e577e3#0:FAIL-t77, 52743044-8979-4a08-8013-92a14c548982<-65da0c80-3604-4ac2-9a39-ee88d748a153#0:FAIL-t77] and 0 exception(s); 52743044-8979-4a08-8013-92a14c548982@group-146C50BE7901:t77, leader=null, voted=52743044-8979-4a08-8013-92a14c548982, raftlog=52743044-8979-4a08-8013-92a14c548982@group-146C50BE7901-SegmentedRaftLog:OPENED:c-1,f-1,i0, conf=-1: [904f39be-c3d3-4df4-99c0-2e4526e577e3:192.168.157.254:45339, 52743044-8979-4a08-8013-92a14c548982:192.168.157.254:36428, 65da0c80-3604-4ac2-9a39-ee88d748a153:192.168.157.254:37466], old=null
2019-10-16 21:11:39,282 [52743044-8979-4a08-8013-92a14c548982@group-146C50BE7901-LeaderElection65] INFO  impl.RaftServerImpl (RaftServerImpl.java:setRole(184)) - 52743044-8979-4a08-8013-92a14c548982@group-146C50BE7901: changes role from CANDIDATE to FOLLOWER at term 77 for DISCOVERED_A_NEW_TERM
2019-10-16 21:11:39,282 [52743044-8979-4a08-8013-92a14c548982@group-146C50BE7901-LeaderElection65] INFO  impl.RoleInfo (RoleInfo.java:shutdownLeaderElection(134)) - 52743044-8979-4a08-8013-92a14c548982: shutdown LeaderElection
2019-10-16 21:11:39,282 [52743044-8979-4a08-8013-92a14c548982@group-146C50BE7901-LeaderElection65] INFO  impl.RoleInfo (RoleInfo.java:updateAndGet(143)) - 52743044-8979-4a08-8013-92a14c548982: start FollowerState
2019-10-16 21:11:39,363 [Thread-700] INFO  impl.FollowerState (FollowerState.java:run(108)) - 52743044-8979-4a08-8013-92a14c548982@group-146C50BE7901-FollowerState: change to CANDIDATE, lastRpcTime:81ms, electionTimeout:81ms
2019-10-16 21:11:39,363 [Thread-700] INFO  impl.RoleInfo (RoleInfo.java:shutdownFollowerState(121)) - 52743044-8979-4a08-8013-92a14c548982: shutdown FollowerState
2019-10-16 21:11:39,364 [Thread-700] INFO  impl.RaftServerImpl (RaftServerImpl.java:setRole(184)) - 52743044-8979-4a08-8013-92a14c548982@group-146C50BE7901: changes role from  FOLLOWER to CANDIDATE at term 77 for changeToCandidate
2019-10-16 21:11:39,364 [Thread-700] INFO  impl.RoleInfo (RoleInfo.java:updateAndGet(143)) - 52743044-8979-4a08-8013-92a14c548982: start LeaderElection
2019-10-16 21:11:39,420 [52743044-8979-4a08-8013-92a14c548982@group-146C50BE7901-LeaderElection66] INFO  impl.LeaderElection (LeaderElection.java:askForVotes(178)) - 52743044-8979-4a08-8013-92a14c548982@group-146C50BE7901-LeaderElection66: begin an election at term 78 for -1: [904f39be-c3d3-4df4-99c0-2e4526e577e3:192.168.157.254:45339, 52743044-8979-4a08-8013-92a14c548982:192.168.157.254:36428, 65da0c80-3604-4ac2-9a39-ee88d748a153:192.168.157.254:37466], old=null
2019-10-16 21:11:39,423 [grpc-default-executor-0] INFO  impl.RaftServerImpl (RaftServerImpl.java:setRole(184)) - 904f39be-c3d3-4df4-99c0-2e4526e577e3@group-146C50BE7901: changes role from  FOLLOWER to FOLLOWER at term 78 for recognizeCandidate:52743044-8979-4a08-8013-92a14c548982
2019-10-16 21:11:39,423 [grpc-default-executor-0] INFO  impl.RoleInfo (RoleInfo.java:shutdownFollowerState(121)) - 904f39be-c3d3-4df4-99c0-2e4526e577e3: shutdown FollowerState
2019-10-16 21:11:39,423 [grpc-default-executor-0] INFO  impl.RoleInfo (RoleInfo.java:updateAndGet(143)) - 904f39be-c3d3-4df4-99c0-2e4526e577e3: start FollowerState
2019-10-16 21:11:39,423 [Thread-699] INFO  impl.FollowerState (FollowerState.java:run(117)) - 904f39be-c3d3-4df4-99c0-2e4526e577e3@group-146C50BE7901-FollowerState was interrupted: java.lang.InterruptedException: sleep interrupted
2019-10-16 21:11:39,423 [grpc-default-executor-1] INFO  impl.RaftServerImpl (RaftServerImpl.java:setRole(184)) - 65da0c80-3604-4ac2-9a39-ee88d748a153@group-146C50BE7901: changes role from  FOLLOWER to FOLLOWER at term 78 for recognizeCandidate:52743044-8979-4a08-8013-92a14c548982
2019-10-16 21:11:39,423 [grpc-default-executor-1] INFO  impl.RoleInfo (RoleInfo.java:shutdownFollowerState(121)) - 65da0c80-3604-4ac2-9a39-ee88d748a153: shutdown FollowerState
2019-10-16 21:11:39,424 [grpc-default-executor-1] INFO  impl.RoleInfo (RoleInfo.java:updateAndGet(143)) - 65da0c80-3604-4ac2-9a39-ee88d748a153: start FollowerState
2019-10-16 21:11:39,424 [Thread-698] INFO  impl.FollowerState (FollowerState.java:run(117)) - 65da0c80-3604-4ac2-9a39-ee88d748a153@group-146C50BE7901-FollowerState was interrupted: java.lang.InterruptedException: sleep interrupted
2019-10-16 21:11:39,460 [52743044-8979-4a08-8013-92a14c548982@group-146C50BE7901-LeaderElection66] INFO  impl.LeaderElection (LeaderElection.java:logAndReturn(56)) - 52743044-8979-4a08-8013-92a14c548982@group-146C50BE7901-LeaderElection66: Election REJECTED; received 2 response(s) [52743044-8979-4a08-8013-92a14c548982<-904f39be-c3d3-4df4-99c0-2e4526e577e3#0:FAIL-t78, 52743044-8979-4a08-8013-92a14c548982<-65da0c80-3604-4ac2-9a39-ee88d748a153#0:FAIL-t78] and 0 exception(s); 52743044-8979-4a08-8013-92a14c548982@group-146C50BE7901:t78, leader=null, voted=52743044-8979-4a08-8013-92a14c548982, raftlog=52743044-8979-4a08-8013-92a14c548982@group-146C50BE7901-SegmentedRaftLog:OPENED:c-1,f-1,i0, conf=-1: [904f39be-c3d3-4df4-99c0-2e4526e577e3:192.168.157.254:45339, 52743044-8979-4a08-8013-92a14c548982:192.168.157.254:36428, 65da0c80-3604-4ac2-9a39-ee88d748a153:192.168.157.254:37466], old=null
2019-10-16 21:11:39,460 [52743044-8979-4a08-8013-92a14c548982@group-146C50BE7901-LeaderElection66] INFO  impl.RaftServerImpl (RaftServerImpl.java:setRole(184)) - 52743044-8979-4a08-8013-92a14c548982@group-146C50BE7901: changes role from CANDIDATE to FOLLOWER at term 78 for DISCOVERED_A_NEW_TERM
2019-10-16 21:11:39,460 [52743044-8979-4a08-8013-92a14c548982@group-146C50BE7901-LeaderElection66] INFO  impl.RoleInfo (RoleInfo.java:shutdownLeaderElection(134)) - 52743044-8979-4a08-8013-92a14c548982: shutdown LeaderElection
2019-10-16 21:11:39,460 [52743044-8979-4a08-8013-92a14c548982@group-146C50BE7901-LeaderElection66] INFO  impl.RoleInfo (RoleInfo.java:updateAndGet(143)) - 52743044-8979-4a08-8013-92a14c548982: start FollowerState
2019-10-16 21:11:39,502 [Thread-706] INFO  impl.FollowerState (FollowerState.java:run(108)) - 52743044-8979-4a08-8013-92a14c548982@group-146C50BE7901-FollowerState: change to CANDIDATE, lastRpcTime:41ms, electionTimeout:41ms
2019-10-16 21:11:39,502 [Thread-706] INFO  impl.RoleInfo (RoleInfo.java:shutdownFollowerState(121)) - 52743044-8979-4a08-8013-92a14c548982: shutdown FollowerState
2019-10-16 21:11:39,502 [Thread-706] INFO  impl.RaftServerImpl (RaftServerImpl.java:setRole(184)) - 52743044-8979-4a08-8013-92a14c548982@group-146C50BE7901: changes role from  FOLLOWER to CANDIDATE at term 78 for changeToCandidate
2019-10-16 21:11:39,502 [Thread-706] INFO  impl.RoleInfo (RoleInfo.java:updateAndGet(143)) - 52743044-8979-4a08-8013-92a14c548982: start LeaderElection
2019-10-16 21:11:39,516 [52743044-8979-4a08-8013-92a14c548982@group-146C50BE7901-LeaderElection67] INFO  impl.LeaderElection (LeaderElection.java:askForVotes(178)) - 52743044-8979-4a08-8013-92a14c548982@group-146C50BE7901-LeaderElection67: begin an election at term 79 for -1: [904f39be-c3d3-4df4-99c0-2e4526e577e3:192.168.157.254:45339, 52743044-8979-4a08-8013-92a14c548982:192.168.157.254:36428, 65da0c80-3604-4ac2-9a39-ee88d748a153:192.168.157.254:37466], old=null
2019-10-16 21:11:39,519 [grpc-default-executor-1] INFO  impl.RaftServerImpl (RaftServerImpl.java:setRole(184)) - 65da0c80-3604-4ac2-9a39-ee88d748a153@group-146C50BE7901: changes role from  FOLLOWER to FOLLOWER at term 79 for recognizeCandidate:52743044-8979-4a08-8013-92a14c548982
2019-10-16 21:11:39,519 [grpc-default-executor-0] INFO  impl.RaftServerImpl (RaftServerImpl.java:setRole(184)) - 904f39be-c3d3-4df4-99c0-2e4526e577e3@group-146C50BE7901: changes role from  FOLLOWER to FOLLOWER at term 79 for recognizeCandidate:52743044-8979-4a08-8013-92a14c548982
2019-10-16 21:11:39,519 [grpc-default-executor-1] INFO  impl.RoleInfo (RoleInfo.java:shutdownFollowerState(121)) - 65da0c80-3604-4ac2-9a39-ee88d748a153: shutdown FollowerState
2019-10-16 21:11:39,519 [grpc-default-executor-0] INFO  impl.RoleInfo (RoleInfo.java:shutdownFollowerState(121)) - 904f39be-c3d3-4df4-99c0-2e4526e577e3: shutdown FollowerState
2019-10-16 21:11:39,519 [Thread-705] INFO  impl.FollowerState (FollowerState.java:run(117)) - 65da0c80-3604-4ac2-9a39-ee88d748a153@group-146C50BE7901-FollowerState was interrupted: java.lang.InterruptedException: sleep interrupted
2019-10-16 21:11:39,520 [Thread-704] INFO  impl.FollowerState (FollowerState.java:run(117)) - 904f39be-c3d3-4df4-99c0-2e4526e577e3@group-146C50BE7901-FollowerState was interrupted: java.lang.InterruptedException: sleep interrupted
2019-10-16 21:11:39,519 [grpc-default-executor-1] INFO  impl.RoleInfo (RoleInfo.java:updateAndGet(143)) - 65da0c80-3604-4ac2-9a39-ee88d748a153: start FollowerState
2019-10-16 21:11:39,520 [grpc-default-executor-0] INFO  impl.RoleInfo (RoleInfo.java:updateAndGet(143)) - 904f39be-c3d3-4df4-99c0-2e4526e577e3: start FollowerState
2019-10-16 21:11:39,574 [52743044-8979-4a08-8013-92a14c548982@group-146C50BE7901-LeaderElection67] INFO  impl.LeaderElection (LeaderElection.java:logAndReturn(56)) - 52743044-8979-4a08-8013-92a14c548982@group-146C50BE7901-LeaderElection67: Election REJECTED; received 2 response(s) [52743044-8979-4a08-8013-92a14c548982<-904f39be-c3d3-4df4-99c0-2e4526e577e3#0:FAIL-t79, 52743044-8979-4a08-8013-92a14c548982<-65da0c80-3604-4ac2-9a39-ee88d748a153#0:FAIL-t79] and 0 exception(s); 52743044-8979-4a08-8013-92a14c548982@group-146C50BE7901:t79, leader=null, voted=52743044-8979-4a08-8013-92a14c548982, raftlog=52743044-8979-4a08-8013-92a14c548982@group-146C50BE7901-SegmentedRaftLog:OPENED:c-1,f-1,i0, conf=-1: [904f39be-c3d3-4df4-99c0-2e4526e577e3:192.168.157.254:45339, 52743044-8979-4a08-8013-92a14c548982:192.168.157.254:36428, 65da0c80-3604-4ac2-9a39-ee88d748a153:192.168.157.254:37466], old=null
2019-10-16 21:11:39,574 [52743044-8979-4a08-8013-92a14c548982@group-146C50BE7901-LeaderElection67] INFO  impl.RaftServerImpl (RaftServerImpl.java:setRole(184)) - 52743044-8979-4a08-8013-92a14c548982@group-146C50BE7901: changes role from CANDIDATE to FOLLOWER at term 79 for DISCOVERED_A_NEW_TERM
2019-10-16 21:11:39,575 [52743044-8979-4a08-8013-92a14c548982@group-146C50BE7901-LeaderElection67] INFO  impl.RoleInfo (RoleInfo.java:shutdownLeaderElection(134)) - 52743044-8979-4a08-8013-92a14c548982: shutdown LeaderElection
2019-10-16 21:11:39,575 [52743044-8979-4a08-8013-92a14c548982@group-146C50BE7901-LeaderElection67] INFO  impl.RoleInfo (RoleInfo.java:updateAndGet(143)) - 52743044-8979-4a08-8013-92a14c548982: start FollowerState
2019-10-16 21:11:39,645 [Thread-712] INFO  impl.FollowerState (FollowerState.java:run(108)) - 52743044-8979-4a08-8013-92a14c548982@group-146C50BE7901-FollowerState: change to CANDIDATE, lastRpcTime:70ms, electionTimeout:70ms
2019-10-16 21:11:39,645 [Thread-712] INFO  impl.RoleInfo (RoleInfo.java:shutdownFollowerState(121)) - 52743044-8979-4a08-8013-92a14c548982: shutdown FollowerState
2019-10-16 21:11:39,645 [Thread-712] INFO  impl.RaftServerImpl (RaftServerImpl.java:setRole(184)) - 52743044-8979-4a08-8013-92a14c548982@group-146C50BE7901: changes role from  FOLLOWER to CANDIDATE at term 79 for changeToCandidate
2019-10-16 21:11:39,645 [Thread-712] INFO  impl.RoleInfo (RoleInfo.java:updateAndGet(143)) - 52743044-8979-4a08-8013-92a14c548982: start LeaderElection
2019-10-16 21:11:39,673 [52743044-8979-4a08-8013-92a14c548982@group-146C50BE7901-LeaderElection68] INFO  impl.LeaderElection (LeaderElection.java:askForVotes(178)) - 52743044-8979-4a08-8013-92a14c548982@group-146C50BE7901-LeaderElection68: begin an election at term 80 for -1: [904f39be-c3d3-4df4-99c0-2e4526e577e3:192.168.157.254:45339, 52743044-8979-4a08-8013-92a14c548982:192.168.157.254:36428, 65da0c80-3604-4ac2-9a39-ee88d748a153:192.168.157.254:37466], old=null
2019-10-16 21:11:39,676 [grpc-default-executor-1] INFO  impl.RaftServerImpl (RaftServerImpl.java:setRole(184)) - 65da0c80-3604-4ac2-9a39-ee88d748a153@group-146C50BE7901: changes role from  FOLLOWER to FOLLOWER at term 80 for recognizeCandidate:52743044-8979-4a08-8013-92a14c548982
2019-10-16 21:11:39,676 [grpc-default-executor-1] INFO  impl.RoleInfo (RoleInfo.java:shutdownFollowerState(121)) - 65da0c80-3604-4ac2-9a39-ee88d748a153: shutdown FollowerState
2019-10-16 21:11:39,676 [grpc-default-executor-0] INFO  impl.RaftServerImpl (RaftServerImpl.java:setRole(184)) - 904f39be-c3d3-4df4-99c0-2e4526e577e3@group-146C50BE7901: changes role from  FOLLOWER to FOLLOWER at term 80 for recognizeCandidate:52743044-8979-4a08-8013-92a14c548982
2019-10-16 21:11:39,677 [Thread-710] INFO  impl.FollowerState (FollowerState.java:run(117)) - 65da0c80-3604-4ac2-9a39-ee88d748a153@group-146C50BE7901-FollowerState was interrupted: java.lang.InterruptedException: sleep interrupted
2019-10-16 21:11:39,677 [grpc-default-executor-1] INFO  impl.RoleInfo (RoleInfo.java:updateAndGet(143)) - 65da0c80-3604-4ac2-9a39-ee88d748a153: start FollowerState
2019-10-16 21:11:39,677 [grpc-default-executor-0] INFO  impl.RoleInfo (RoleInfo.java:shutdownFollowerState(121)) - 904f39be-c3d3-4df4-99c0-2e4526e577e3: shutdown FollowerState
2019-10-16 21:11:39,677 [grpc-default-executor-0] INFO  impl.RoleInfo (RoleInfo.java:updateAndGet(143)) - 904f39be-c3d3-4df4-99c0-2e4526e577e3: start FollowerState
2019-10-16 21:11:39,677 [Thread-711] INFO  impl.FollowerState (FollowerState.java:run(117)) - 904f39be-c3d3-4df4-99c0-2e4526e577e3@group-146C50BE7901-FollowerState was interrupted: java.lang.InterruptedException: sleep interrupted
2019-10-16 21:11:39,765 [52743044-8979-4a08-8013-92a14c548982@group-146C50BE7901-LeaderElection68] INFO  impl.LeaderElection (LeaderElection.java:logAndReturn(56)) - 52743044-8979-4a08-8013-92a14c548982@group-146C50BE7901-LeaderElection68: Election REJECTED; received 2 response(s) [52743044-8979-4a08-8013-92a14c548982<-904f39be-c3d3-4df4-99c0-2e4526e577e3#0:FAIL-t80, 52743044-8979-4a08-8013-92a14c548982<-65da0c80-3604-4ac2-9a39-ee88d748a153#0:FAIL-t80] and 0 exception(s); 52743044-8979-4a08-8013-92a14c548982@group-146C50BE7901:t80, leader=null, voted=52743044-8979-4a08-8013-92a14c548982, raftlog=52743044-8979-4a08-8013-92a14c548982@group-146C50BE7901-SegmentedRaftLog:OPENED:c-1,f-1,i0, conf=-1: [904f39be-c3d3-4df4-99c0-2e4526e577e3:192.168.157.254:45339, 52743044-8979-4a08-8013-92a14c548982:192.168.157.254:36428, 65da0c80-3604-4ac2-9a39-ee88d748a153:192.168.157.254:37466], old=null
2019-10-16 21:11:39,765 [52743044-8979-4a08-8013-92a14c548982@group-146C50BE7901-LeaderElection68] INFO  impl.RaftServerImpl (RaftServerImpl.java:setRole(184)) - 52743044-8979-4a08-8013-92a14c548982@group-146C50BE7901: changes role from CANDIDATE to FOLLOWER at term 80 for DISCOVERED_A_NEW_TERM
2019-10-16 21:11:39,765 [52743044-8979-4a08-8013-92a14c548982@group-146C50BE7901-LeaderElection68] INFO  impl.RoleInfo (RoleInfo.java:shutdownLeaderElection(134)) - 52743044-8979-4a08-8013-92a14c548982: shutdown LeaderElection
2019-10-16 21:11:39,766 [52743044-8979-4a08-8013-92a14c548982@group-146C50BE7901-LeaderElection68] INFO  impl.RoleInfo (RoleInfo.java:updateAndGet(143)) - 52743044-8979-4a08-8013-92a14c548982: start FollowerState
2019-10-16 21:11:39,862 [Thread-718] INFO  impl.FollowerState (FollowerState.java:run(108)) - 52743044-8979-4a08-8013-92a14c548982@group-146C50BE7901-FollowerState: change to CANDIDATE, lastRpcTime:96ms, electionTimeout:96ms
2019-10-16 21:11:39,862 [Thread-718] INFO  impl.RoleInfo (RoleInfo.java:shutdownFollowerState(121)) - 52743044-8979-4a08-8013-92a14c548982: shutdown FollowerState
2019-10-16 21:11:39,862 [Thread-718] INFO  impl.RaftServerImpl (RaftServerImpl.java:setRole(184)) - 52743044-8979-4a08-8013-92a14c548982@group-146C50BE7901: changes role from  FOLLOWER to CANDIDATE at term 80 for changeToCandidate
2019-10-16 21:11:39,862 [Thread-718] INFO  impl.RoleInfo (RoleInfo.java:updateAndGet(143)) - 52743044-8979-4a08-8013-92a14c548982: start LeaderElection
2019-10-16 21:11:39,917 [52743044-8979-4a08-8013-92a14c548982@group-146C50BE7901-LeaderElection69] INFO  impl.LeaderElection (LeaderElection.java:askForVotes(178)) - 52743044-8979-4a08-8013-92a14c548982@group-146C50BE7901-LeaderElection69: begin an election at term 81 for -1: [904f39be-c3d3-4df4-99c0-2e4526e577e3:192.168.157.254:45339, 52743044-8979-4a08-8013-92a14c548982:192.168.157.254:36428, 65da0c80-3604-4ac2-9a39-ee88d748a153:192.168.157.254:37466], old=null
2019-10-16 21:11:39,920 [grpc-default-executor-0] INFO  impl.RaftServerImpl (RaftServerImpl.java:setRole(184)) - 65da0c80-3604-4ac2-9a39-ee88d748a153@group-146C50BE7901: changes role from  FOLLOWER to FOLLOWER at term 81 for recognizeCandidate:52743044-8979-4a08-8013-92a14c548982
2019-10-16 21:11:39,920 [grpc-default-executor-1] INFO  impl.RaftServerImpl (RaftServerImpl.java:setRole(184)) - 904f39be-c3d3-4df4-99c0-2e4526e577e3@group-146C50BE7901: changes role from  FOLLOWER to FOLLOWER at term 81 for recognizeCandidate:52743044-8979-4a08-8013-92a14c548982
2019-10-16 21:11:39,920 [grpc-default-executor-0] INFO  impl.RoleInfo (RoleInfo.java:shutdownFollowerState(121)) - 65da0c80-3604-4ac2-9a39-ee88d748a153: shutdown FollowerState
2019-10-16 21:11:39,921 [grpc-default-executor-1] INFO  impl.RoleInfo (RoleInfo.java:shutdownFollowerState(121)) - 904f39be-c3d3-4df4-99c0-2e4526e577e3: shutdown FollowerState
2019-10-16 21:11:39,921 [Thread-716] INFO  impl.FollowerState (FollowerState.java:run(117)) - 65da0c80-3604-4ac2-9a39-ee88d748a153@group-146C50BE7901-FollowerState was interrupted: java.lang.InterruptedException: sleep interrupted
2019-10-16 21:11:39,921 [grpc-default-executor-0] INFO  impl.RoleInfo (RoleInfo.java:updateAndGet(143)) - 65da0c80-3604-4ac2-9a39-ee88d748a153: start FollowerState
2019-10-16 21:11:39,921 [grpc-default-executor-1] INFO  impl.RoleInfo (RoleInfo.java:updateAndGet(143)) - 904f39be-c3d3-4df4-99c0-2e4526e577e3: start FollowerState
2019-10-16 21:11:39,921 [Thread-717] INFO  impl.FollowerState (FollowerState.java:run(117)) - 904f39be-c3d3-4df4-99c0-2e4526e577e3@group-146C50BE7901-FollowerState was interrupted: java.lang.InterruptedException: sleep interrupted
2019-10-16 21:11:39,987 [52743044-8979-4a08-8013-92a14c548982@group-146C50BE7901-LeaderElection69] INFO  impl.LeaderElection (LeaderElection.java:logAndReturn(56)) - 52743044-8979-4a08-8013-92a14c548982@group-146C50BE7901-LeaderElection69: Election REJECTED; received 2 response(s) [52743044-8979-4a08-8013-92a14c548982<-904f39be-c3d3-4df4-99c0-2e4526e577e3#0:FAIL-t81, 52743044-8979-4a08-8013-92a14c548982<-65da0c80-3604-4ac2-9a39-ee88d748a153#0:FAIL-t81] and 0 exception(s); 52743044-8979-4a08-8013-92a14c548982@group-146C50BE7901:t81, leader=null, voted=52743044-8979-4a08-8013-92a14c548982, raftlog=52743044-8979-4a08-8013-92a14c548982@group-146C50BE7901-SegmentedRaftLog:OPENED:c-1,f-1,i0, conf=-1: [904f39be-c3d3-4df4-99c0-2e4526e577e3:192.168.157.254:45339, 52743044-8979-4a08-8013-92a14c548982:192.168.157.254:36428, 65da0c80-3604-4ac2-9a39-ee88d748a153:192.168.157.254:37466], old=null
2019-10-16 21:11:39,987 [52743044-8979-4a08-8013-92a14c548982@group-146C50BE7901-LeaderElection69] INFO  impl.RaftServerImpl (RaftServerImpl.java:setRole(184)) - 52743044-8979-4a08-8013-92a14c548982@group-146C50BE7901: changes role from CANDIDATE to FOLLOWER at term 81 for DISCOVERED_A_NEW_TERM
2019-10-16 21:11:39,987 [52743044-8979-4a08-8013-92a14c548982@group-146C50BE7901-LeaderElection69] INFO  impl.RoleInfo (RoleInfo.java:shutdownLeaderElection(134)) - 52743044-8979-4a08-8013-92a14c548982: shutdown LeaderElection
2019-10-16 21:11:39,987 [52743044-8979-4a08-8013-92a14c548982@group-146C50BE7901-LeaderElection69] INFO  impl.RoleInfo (RoleInfo.java:updateAndGet(143)) - 52743044-8979-4a08-8013-92a14c548982: start FollowerState
2019-10-16 21:11:40,144 [Thread-724] INFO  impl.FollowerState (FollowerState.java:run(108)) - 52743044-8979-4a08-8013-92a14c548982@group-146C50BE7901-FollowerState: change to CANDIDATE, lastRpcTime:157ms, electionTimeout:157ms
2019-10-16 21:11:40,144 [Thread-724] INFO  impl.RoleInfo (RoleInfo.java:shutdownFollowerState(121)) - 52743044-8979-4a08-8013-92a14c548982: shutdown FollowerState
2019-10-16 21:11:40,145 [Thread-724] INFO  impl.RaftServerImpl (RaftServerImpl.java:setRole(184)) - 52743044-8979-4a08-8013-92a14c548982@group-146C50BE7901: changes role from  FOLLOWER to CANDIDATE at term 81 for changeToCandidate
2019-10-16 21:11:40,145 [Thread-724] INFO  impl.RoleInfo (RoleInfo.java:updateAndGet(143)) - 52743044-8979-4a08-8013-92a14c548982: start LeaderElection
2019-10-16 21:11:40,170 [52743044-8979-4a08-8013-92a14c548982@group-146C50BE7901-LeaderElection70] INFO  impl.LeaderElection (LeaderElection.java:askForVotes(178)) - 52743044-8979-4a08-8013-92a14c548982@group-146C50BE7901-LeaderElection70: begin an election at term 82 for -1: [904f39be-c3d3-4df4-99c0-2e4526e577e3:192.168.157.254:45339, 52743044-8979-4a08-8013-92a14c548982:192.168.157.254:36428, 65da0c80-3604-4ac2-9a39-ee88d748a153:192.168.157.254:37466], old=null
2019-10-16 21:11:40,173 [grpc-default-executor-0] INFO  impl.RaftServerImpl (RaftServerImpl.java:setRole(184)) - 904f39be-c3d3-4df4-99c0-2e4526e577e3@group-146C50BE7901: changes role from  FOLLOWER to FOLLOWER at term 82 for recognizeCandidate:52743044-8979-4a08-8013-92a14c548982
2019-10-16 21:11:40,173 [grpc-default-executor-0] INFO  impl.RoleInfo (RoleInfo.java:shutdownFollowerState(121)) - 904f39be-c3d3-4df4-99c0-2e4526e577e3: shutdown FollowerState
2019-10-16 21:11:40,173 [grpc-default-executor-1] INFO  impl.RaftServerImpl (RaftServerImpl.java:setRole(184)) - 65da0c80-3604-4ac2-9a39-ee88d748a153@group-146C50BE7901: changes role from  FOLLOWER to FOLLOWER at term 82 for recognizeCandidate:52743044-8979-4a08-8013-92a14c548982
2019-10-16 21:11:40,173 [grpc-default-executor-0] INFO  impl.RoleInfo (RoleInfo.java:updateAndGet(143)) - 904f39be-c3d3-4df4-99c0-2e4526e577e3: start FollowerState
2019-10-16 21:11:40,173 [Thread-723] INFO  impl.FollowerState (FollowerState.java:run(117)) - 904f39be-c3d3-4df4-99c0-2e4526e577e3@group-146C50BE7901-FollowerState was interrupted: java.lang.InterruptedException: sleep interrupted
2019-10-16 21:11:40,173 [grpc-default-executor-1] INFO  impl.RoleInfo (RoleInfo.java:shutdownFollowerState(121)) - 65da0c80-3604-4ac2-9a39-ee88d748a153: shutdown FollowerState
2019-10-16 21:11:40,173 [grpc-default-executor-1] INFO  impl.RoleInfo (RoleInfo.java:updateAndGet(143)) - 65da0c80-3604-4ac2-9a39-ee88d748a153: start FollowerState
2019-10-16 21:11:40,173 [Thread-722] INFO  impl.FollowerState (FollowerState.java:run(117)) - 65da0c80-3604-4ac2-9a39-ee88d748a153@group-146C50BE7901-FollowerState was interrupted: java.lang.InterruptedException: sleep interrupted
2019-10-16 21:11:40,189 [52743044-8979-4a08-8013-92a14c548982@group-146C50BE7901-LeaderElection70] INFO  impl.LeaderElection (LeaderElection.java:logAndReturn(56)) - 52743044-8979-4a08-8013-92a14c548982@group-146C50BE7901-LeaderElection70: Election REJECTED; received 2 response(s) [52743044-8979-4a08-8013-92a14c548982<-904f39be-c3d3-4df4-99c0-2e4526e577e3#0:FAIL-t82, 52743044-8979-4a08-8013-92a14c548982<-65da0c80-3604-4ac2-9a39-ee88d748a153#0:FAIL-t82] and 0 exception(s); 52743044-8979-4a08-8013-92a14c548982@group-146C50BE7901:t82, leader=null, voted=52743044-8979-4a08-8013-92a14c548982, raftlog=52743044-8979-4a08-8013-92a14c548982@group-146C50BE7901-SegmentedRaftLog:OPENED:c-1,f-1,i0, conf=-1: [904f39be-c3d3-4df4-99c0-2e4526e577e3:192.168.157.254:45339, 52743044-8979-4a08-8013-92a14c548982:192.168.157.254:36428, 65da0c80-3604-4ac2-9a39-ee88d748a153:192.168.157.254:37466], old=null
2019-10-16 21:11:40,189 [52743044-8979-4a08-8013-92a14c548982@group-146C50BE7901-LeaderElection70] INFO  impl.RaftServerImpl (RaftServerImpl.java:setRole(184)) - 52743044-8979-4a08-8013-92a14c548982@group-146C50BE7901: changes role from CANDIDATE to FOLLOWER at term 82 for DISCOVERED_A_NEW_TERM
2019-10-16 21:11:40,189 [52743044-8979-4a08-8013-92a14c548982@group-146C50BE7901-LeaderElection70] INFO  impl.RoleInfo (RoleInfo.java:shutdownLeaderElection(134)) - 52743044-8979-4a08-8013-92a14c548982: shutdown LeaderElection
2019-10-16 21:11:40,189 [52743044-8979-4a08-8013-92a14c548982@group-146C50BE7901-LeaderElection70] INFO  impl.RoleInfo (RoleInfo.java:updateAndGet(143)) - 52743044-8979-4a08-8013-92a14c548982: start FollowerState
2019-10-16 21:11:40,200 [main] INFO  ozone.MiniOzoneClusterImpl (MiniOzoneClusterImpl.java:lambda$waitForClusterToBeReady$2(164)) - Waiting for 1 number of pipelines out of 4, to report a leader.
2019-10-16 21:11:40,358 [Thread-730] INFO  impl.FollowerState (FollowerState.java:run(108)) - 52743044-8979-4a08-8013-92a14c548982@group-146C50BE7901-FollowerState: change to CANDIDATE, lastRpcTime:169ms, electionTimeout:169ms
2019-10-16 21:11:40,359 [Thread-730] INFO  impl.RoleInfo (RoleInfo.java:shutdownFollowerState(121)) - 52743044-8979-4a08-8013-92a14c548982: shutdown FollowerState
2019-10-16 21:11:40,359 [Thread-730] INFO  impl.RaftServerImpl (RaftServerImpl.java:setRole(184)) - 52743044-8979-4a08-8013-92a14c548982@group-146C50BE7901: changes role from  FOLLOWER to CANDIDATE at term 82 for changeToCandidate
2019-10-16 21:11:40,359 [Thread-730] INFO  impl.RoleInfo (RoleInfo.java:updateAndGet(143)) - 52743044-8979-4a08-8013-92a14c548982: start LeaderElection
2019-10-16 21:11:40,396 [52743044-8979-4a08-8013-92a14c548982@group-146C50BE7901-LeaderElection71] INFO  impl.LeaderElection (LeaderElection.java:askForVotes(178)) - 52743044-8979-4a08-8013-92a14c548982@group-146C50BE7901-LeaderElection71: begin an election at term 83 for -1: [904f39be-c3d3-4df4-99c0-2e4526e577e3:192.168.157.254:45339, 52743044-8979-4a08-8013-92a14c548982:192.168.157.254:36428, 65da0c80-3604-4ac2-9a39-ee88d748a153:192.168.157.254:37466], old=null
2019-10-16 21:11:40,398 [grpc-default-executor-0] INFO  impl.RaftServerImpl (RaftServerImpl.java:setRole(184)) - 65da0c80-3604-4ac2-9a39-ee88d748a153@group-146C50BE7901: changes role from  FOLLOWER to FOLLOWER at term 83 for recognizeCandidate:52743044-8979-4a08-8013-92a14c548982
2019-10-16 21:11:40,398 [grpc-default-executor-0] INFO  impl.RoleInfo (RoleInfo.java:shutdownFollowerState(121)) - 65da0c80-3604-4ac2-9a39-ee88d748a153: shutdown FollowerState
2019-10-16 21:11:40,398 [grpc-default-executor-1] INFO  impl.RaftServerImpl (RaftServerImpl.java:setRole(184)) - 904f39be-c3d3-4df4-99c0-2e4526e577e3@group-146C50BE7901: changes role from  FOLLOWER to FOLLOWER at term 83 for recognizeCandidate:52743044-8979-4a08-8013-92a14c548982
2019-10-16 21:11:40,398 [Thread-729] INFO  impl.FollowerState (FollowerState.java:run(117)) - 65da0c80-3604-4ac2-9a39-ee88d748a153@group-146C50BE7901-FollowerState was interrupted: java.lang.InterruptedException: sleep interrupted
2019-10-16 21:11:40,398 [grpc-default-executor-0] INFO  impl.RoleInfo (RoleInfo.java:updateAndGet(143)) - 65da0c80-3604-4ac2-9a39-ee88d748a153: start FollowerState
2019-10-16 21:11:40,398 [grpc-default-executor-1] INFO  impl.RoleInfo (RoleInfo.java:shutdownFollowerState(121)) - 904f39be-c3d3-4df4-99c0-2e4526e577e3: shutdown FollowerState
2019-10-16 21:11:40,399 [grpc-default-executor-1] INFO  impl.RoleInfo (RoleInfo.java:updateAndGet(143)) - 904f39be-c3d3-4df4-99c0-2e4526e577e3: start FollowerState
2019-10-16 21:11:40,399 [Thread-728] INFO  impl.FollowerState (FollowerState.java:run(117)) - 904f39be-c3d3-4df4-99c0-2e4526e577e3@group-146C50BE7901-FollowerState was interrupted: java.lang.InterruptedException: sleep interrupted
2019-10-16 21:11:40,415 [52743044-8979-4a08-8013-92a14c548982@group-146C50BE7901-LeaderElection71] INFO  impl.LeaderElection (LeaderElection.java:logAndReturn(56)) - 52743044-8979-4a08-8013-92a14c548982@group-146C50BE7901-LeaderElection71: Election REJECTED; received 2 response(s) [52743044-8979-4a08-8013-92a14c548982<-904f39be-c3d3-4df4-99c0-2e4526e577e3#0:FAIL-t83, 52743044-8979-4a08-8013-92a14c548982<-65da0c80-3604-4ac2-9a39-ee88d748a153#0:FAIL-t83] and 0 exception(s); 52743044-8979-4a08-8013-92a14c548982@group-146C50BE7901:t83, leader=null, voted=52743044-8979-4a08-8013-92a14c548982, raftlog=52743044-8979-4a08-8013-92a14c548982@group-146C50BE7901-SegmentedRaftLog:OPENED:c-1,f-1,i0, conf=-1: [904f39be-c3d3-4df4-99c0-2e4526e577e3:192.168.157.254:45339, 52743044-8979-4a08-8013-92a14c548982:192.168.157.254:36428, 65da0c80-3604-4ac2-9a39-ee88d748a153:192.168.157.254:37466], old=null
2019-10-16 21:11:40,415 [52743044-8979-4a08-8013-92a14c548982@group-146C50BE7901-LeaderElection71] INFO  impl.RaftServerImpl (RaftServerImpl.java:setRole(184)) - 52743044-8979-4a08-8013-92a14c548982@group-146C50BE7901: changes role from CANDIDATE to FOLLOWER at term 83 for DISCOVERED_A_NEW_TERM
2019-10-16 21:11:40,415 [52743044-8979-4a08-8013-92a14c548982@group-146C50BE7901-LeaderElection71] INFO  impl.RoleInfo (RoleInfo.java:shutdownLeaderElection(134)) - 52743044-8979-4a08-8013-92a14c548982: shutdown LeaderElection
2019-10-16 21:11:40,415 [52743044-8979-4a08-8013-92a14c548982@group-146C50BE7901-LeaderElection71] INFO  impl.RoleInfo (RoleInfo.java:updateAndGet(143)) - 52743044-8979-4a08-8013-92a14c548982: start FollowerState
2019-10-16 21:11:40,461 [Thread-736] INFO  impl.FollowerState (FollowerState.java:run(108)) - 52743044-8979-4a08-8013-92a14c548982@group-146C50BE7901-FollowerState: change to CANDIDATE, lastRpcTime:46ms, electionTimeout:46ms
2019-10-16 21:11:40,462 [Thread-736] INFO  impl.RoleInfo (RoleInfo.java:shutdownFollowerState(121)) - 52743044-8979-4a08-8013-92a14c548982: shutdown FollowerState
2019-10-16 21:11:40,462 [Thread-736] INFO  impl.RaftServerImpl (RaftServerImpl.java:setRole(184)) - 52743044-8979-4a08-8013-92a14c548982@group-146C50BE7901: changes role from  FOLLOWER to CANDIDATE at term 83 for changeToCandidate
2019-10-16 21:11:40,462 [Thread-736] INFO  impl.RoleInfo (RoleInfo.java:updateAndGet(143)) - 52743044-8979-4a08-8013-92a14c548982: start LeaderElection
2019-10-16 21:11:40,491 [52743044-8979-4a08-8013-92a14c548982@group-146C50BE7901-LeaderElection72] INFO  impl.LeaderElection (LeaderElection.java:askForVotes(178)) - 52743044-8979-4a08-8013-92a14c548982@group-146C50BE7901-LeaderElection72: begin an election at term 84 for -1: [904f39be-c3d3-4df4-99c0-2e4526e577e3:192.168.157.254:45339, 52743044-8979-4a08-8013-92a14c548982:192.168.157.254:36428, 65da0c80-3604-4ac2-9a39-ee88d748a153:192.168.157.254:37466], old=null
2019-10-16 21:11:40,493 [grpc-default-executor-1] INFO  impl.RaftServerImpl (RaftServerImpl.java:setRole(184)) - 65da0c80-3604-4ac2-9a39-ee88d748a153@group-146C50BE7901: changes role from  FOLLOWER to FOLLOWER at term 84 for recognizeCandidate:52743044-8979-4a08-8013-92a14c548982
2019-10-16 21:11:40,493 [grpc-default-executor-1] INFO  impl.RoleInfo (RoleInfo.java:shutdownFollowerState(121)) - 65da0c80-3604-4ac2-9a39-ee88d748a153: shutdown FollowerState
2019-10-16 21:11:40,494 [grpc-default-executor-0] INFO  impl.RaftServerImpl (RaftServerImpl.java:setRole(184)) - 904f39be-c3d3-4df4-99c0-2e4526e577e3@group-146C50BE7901: changes role from  FOLLOWER to FOLLOWER at term 84 for recognizeCandidate:52743044-8979-4a08-8013-92a14c548982
2019-10-16 21:11:40,494 [grpc-default-executor-1] INFO  impl.RoleInfo (RoleInfo.java:updateAndGet(143)) - 65da0c80-3604-4ac2-9a39-ee88d748a153: start FollowerState
2019-10-16 21:11:40,494 [Thread-734] INFO  impl.FollowerState (FollowerState.java:run(117)) - 65da0c80-3604-4ac2-9a39-ee88d748a153@group-146C50BE7901-FollowerState was interrupted: java.lang.InterruptedException: sleep interrupted
2019-10-16 21:11:40,494 [grpc-default-executor-0] INFO  impl.RoleInfo (RoleInfo.java:shutdownFollowerState(121)) - 904f39be-c3d3-4df4-99c0-2e4526e577e3: shutdown FollowerState
2019-10-16 21:11:40,494 [grpc-default-executor-0] INFO  impl.RoleInfo (RoleInfo.java:updateAndGet(143)) - 904f39be-c3d3-4df4-99c0-2e4526e577e3: start FollowerState
2019-10-16 21:11:40,494 [Thread-735] INFO  impl.FollowerState (FollowerState.java:run(117)) - 904f39be-c3d3-4df4-99c0-2e4526e577e3@group-146C50BE7901-FollowerState was interrupted: java.lang.InterruptedException: sleep interrupted
2019-10-16 21:11:40,510 [52743044-8979-4a08-8013-92a14c548982@group-146C50BE7901-LeaderElection72] INFO  impl.LeaderElection (LeaderElection.java:logAndReturn(56)) - 52743044-8979-4a08-8013-92a14c548982@group-146C50BE7901-LeaderElection72: Election REJECTED; received 2 response(s) [52743044-8979-4a08-8013-92a14c548982<-904f39be-c3d3-4df4-99c0-2e4526e577e3#0:FAIL-t84, 52743044-8979-4a08-8013-92a14c548982<-65da0c80-3604-4ac2-9a39-ee88d748a153#0:FAIL-t84] and 0 exception(s); 52743044-8979-4a08-8013-92a14c548982@group-146C50BE7901:t84, leader=null, voted=52743044-8979-4a08-8013-92a14c548982, raftlog=52743044-8979-4a08-8013-92a14c548982@group-146C50BE7901-SegmentedRaftLog:OPENED:c-1,f-1,i0, conf=-1: [904f39be-c3d3-4df4-99c0-2e4526e577e3:192.168.157.254:45339, 52743044-8979-4a08-8013-92a14c548982:192.168.157.254:36428, 65da0c80-3604-4ac2-9a39-ee88d748a153:192.168.157.254:37466], old=null
2019-10-16 21:11:40,510 [52743044-8979-4a08-8013-92a14c548982@group-146C50BE7901-LeaderElection72] INFO  impl.RaftServerImpl (RaftServerImpl.java:setRole(184)) - 52743044-8979-4a08-8013-92a14c548982@group-146C50BE7901: changes role from CANDIDATE to FOLLOWER at term 84 for DISCOVERED_A_NEW_TERM
2019-10-16 21:11:40,510 [52743044-8979-4a08-8013-92a14c548982@group-146C50BE7901-LeaderElection72] INFO  impl.RoleInfo (RoleInfo.java:shutdownLeaderElection(134)) - 52743044-8979-4a08-8013-92a14c548982: shutdown LeaderElection
2019-10-16 21:11:40,510 [52743044-8979-4a08-8013-92a14c548982@group-146C50BE7901-LeaderElection72] INFO  impl.RoleInfo (RoleInfo.java:updateAndGet(143)) - 52743044-8979-4a08-8013-92a14c548982: start FollowerState
2019-10-16 21:11:40,549 [Thread-742] INFO  impl.FollowerState (FollowerState.java:run(108)) - 52743044-8979-4a08-8013-92a14c548982@group-146C50BE7901-FollowerState: change to CANDIDATE, lastRpcTime:38ms, electionTimeout:38ms
2019-10-16 21:11:40,549 [Thread-742] INFO  impl.RoleInfo (RoleInfo.java:shutdownFollowerState(121)) - 52743044-8979-4a08-8013-92a14c548982: shutdown FollowerState
2019-10-16 21:11:40,549 [Thread-742] INFO  impl.RaftServerImpl (RaftServerImpl.java:setRole(184)) - 52743044-8979-4a08-8013-92a14c548982@group-146C50BE7901: changes role from  FOLLOWER to CANDIDATE at term 84 for changeToCandidate
2019-10-16 21:11:40,549 [Thread-742] INFO  impl.RoleInfo (RoleInfo.java:updateAndGet(143)) - 52743044-8979-4a08-8013-92a14c548982: start LeaderElection
2019-10-16 21:11:40,564 [52743044-8979-4a08-8013-92a14c548982@group-146C50BE7901-LeaderElection73] INFO  impl.LeaderElection (LeaderElection.java:askForVotes(178)) - 52743044-8979-4a08-8013-92a14c548982@group-146C50BE7901-LeaderElection73: begin an election at term 85 for -1: [904f39be-c3d3-4df4-99c0-2e4526e577e3:192.168.157.254:45339, 52743044-8979-4a08-8013-92a14c548982:192.168.157.254:36428, 65da0c80-3604-4ac2-9a39-ee88d748a153:192.168.157.254:37466], old=null
2019-10-16 21:11:40,566 [grpc-default-executor-1] INFO  impl.RaftServerImpl (RaftServerImpl.java:setRole(184)) - 904f39be-c3d3-4df4-99c0-2e4526e577e3@group-146C50BE7901: changes role from  FOLLOWER to FOLLOWER at term 85 for recognizeCandidate:52743044-8979-4a08-8013-92a14c548982
2019-10-16 21:11:40,566 [grpc-default-executor-1] INFO  impl.RoleInfo (RoleInfo.java:shutdownFollowerState(121)) - 904f39be-c3d3-4df4-99c0-2e4526e577e3: shutdown FollowerState
2019-10-16 21:11:40,566 [grpc-default-executor-1] INFO  impl.RoleInfo (RoleInfo.java:updateAndGet(143)) - 904f39be-c3d3-4df4-99c0-2e4526e577e3: start FollowerState
2019-10-16 21:11:40,567 [Thread-741] INFO  impl.FollowerState (FollowerState.java:run(117)) - 904f39be-c3d3-4df4-99c0-2e4526e577e3@group-146C50BE7901-FollowerState was interrupted: java.lang.InterruptedException: sleep interrupted
2019-10-16 21:11:40,567 [grpc-default-executor-0] INFO  impl.RaftServerImpl (RaftServerImpl.java:setRole(184)) - 65da0c80-3604-4ac2-9a39-ee88d748a153@group-146C50BE7901: changes role from  FOLLOWER to FOLLOWER at term 85 for recognizeCandidate:52743044-8979-4a08-8013-92a14c548982
2019-10-16 21:11:40,567 [grpc-default-executor-0] INFO  impl.RoleInfo (RoleInfo.java:shutdownFollowerState(121)) - 65da0c80-3604-4ac2-9a39-ee88d748a153: shutdown FollowerState
2019-10-16 21:11:40,567 [grpc-default-executor-0] INFO  impl.RoleInfo (RoleInfo.java:updateAndGet(143)) - 65da0c80-3604-4ac2-9a39-ee88d748a153: start FollowerState
2019-10-16 21:11:40,567 [Thread-740] INFO  impl.FollowerState (FollowerState.java:run(117)) - 65da0c80-3604-4ac2-9a39-ee88d748a153@group-146C50BE7901-FollowerState was interrupted: java.lang.InterruptedException: sleep interrupted
2019-10-16 21:11:40,647 [52743044-8979-4a08-8013-92a14c548982@group-146C50BE7901-LeaderElection73] INFO  impl.LeaderElection (LeaderElection.java:logAndReturn(56)) - 52743044-8979-4a08-8013-92a14c548982@group-146C50BE7901-LeaderElection73: Election REJECTED; received 2 response(s) [52743044-8979-4a08-8013-92a14c548982<-904f39be-c3d3-4df4-99c0-2e4526e577e3#0:FAIL-t85, 52743044-8979-4a08-8013-92a14c548982<-65da0c80-3604-4ac2-9a39-ee88d748a153#0:FAIL-t85] and 0 exception(s); 52743044-8979-4a08-8013-92a14c548982@group-146C50BE7901:t85, leader=null, voted=52743044-8979-4a08-8013-92a14c548982, raftlog=52743044-8979-4a08-8013-92a14c548982@group-146C50BE7901-SegmentedRaftLog:OPENED:c-1,f-1,i0, conf=-1: [904f39be-c3d3-4df4-99c0-2e4526e577e3:192.168.157.254:45339, 52743044-8979-4a08-8013-92a14c548982:192.168.157.254:36428, 65da0c80-3604-4ac2-9a39-ee88d748a153:192.168.157.254:37466], old=null
2019-10-16 21:11:40,647 [52743044-8979-4a08-8013-92a14c548982@group-146C50BE7901-LeaderElection73] INFO  impl.RaftServerImpl (RaftServerImpl.java:setRole(184)) - 52743044-8979-4a08-8013-92a14c548982@group-146C50BE7901: changes role from CANDIDATE to FOLLOWER at term 85 for DISCOVERED_A_NEW_TERM
2019-10-16 21:11:40,647 [52743044-8979-4a08-8013-92a14c548982@group-146C50BE7901-LeaderElection73] INFO  impl.RoleInfo (RoleInfo.java:shutdownLeaderElection(134)) - 52743044-8979-4a08-8013-92a14c548982: shutdown LeaderElection
2019-10-16 21:11:40,648 [52743044-8979-4a08-8013-92a14c548982@group-146C50BE7901-LeaderElection73] INFO  impl.RoleInfo (RoleInfo.java:updateAndGet(143)) - 52743044-8979-4a08-8013-92a14c548982: start FollowerState
2019-10-16 21:11:40,716 [Thread-748] INFO  impl.FollowerState (FollowerState.java:run(108)) - 52743044-8979-4a08-8013-92a14c548982@group-146C50BE7901-FollowerState: change to CANDIDATE, lastRpcTime:68ms, electionTimeout:68ms
2019-10-16 21:11:40,716 [Thread-748] INFO  impl.RoleInfo (RoleInfo.java:shutdownFollowerState(121)) - 52743044-8979-4a08-8013-92a14c548982: shutdown FollowerState
2019-10-16 21:11:40,716 [Thread-748] INFO  impl.RaftServerImpl (RaftServerImpl.java:setRole(184)) - 52743044-8979-4a08-8013-92a14c548982@group-146C50BE7901: changes role from  FOLLOWER to CANDIDATE at term 85 for changeToCandidate
2019-10-16 21:11:40,716 [Thread-748] INFO  impl.RoleInfo (RoleInfo.java:updateAndGet(143)) - 52743044-8979-4a08-8013-92a14c548982: start LeaderElection
2019-10-16 21:11:40,731 [52743044-8979-4a08-8013-92a14c548982@group-146C50BE7901-LeaderElection74] INFO  impl.LeaderElection (LeaderElection.java:askForVotes(178)) - 52743044-8979-4a08-8013-92a14c548982@group-146C50BE7901-LeaderElection74: begin an election at term 86 for -1: [904f39be-c3d3-4df4-99c0-2e4526e577e3:192.168.157.254:45339, 52743044-8979-4a08-8013-92a14c548982:192.168.157.254:36428, 65da0c80-3604-4ac2-9a39-ee88d748a153:192.168.157.254:37466], old=null
2019-10-16 21:11:40,733 [grpc-default-executor-0] INFO  impl.RaftServerImpl (RaftServerImpl.java:setRole(184)) - 904f39be-c3d3-4df4-99c0-2e4526e577e3@group-146C50BE7901: changes role from  FOLLOWER to FOLLOWER at term 86 for recognizeCandidate:52743044-8979-4a08-8013-92a14c548982
2019-10-16 21:11:40,733 [grpc-default-executor-0] INFO  impl.RoleInfo (RoleInfo.java:shutdownFollowerState(121)) - 904f39be-c3d3-4df4-99c0-2e4526e577e3: shutdown FollowerState
2019-10-16 21:11:40,734 [grpc-default-executor-0] INFO  impl.RoleInfo (RoleInfo.java:updateAndGet(143)) - 904f39be-c3d3-4df4-99c0-2e4526e577e3: start FollowerState
2019-10-16 21:11:40,734 [Thread-746] INFO  impl.FollowerState (FollowerState.java:run(117)) - 904f39be-c3d3-4df4-99c0-2e4526e577e3@group-146C50BE7901-FollowerState was interrupted: java.lang.InterruptedException: sleep interrupted
2019-10-16 21:11:40,734 [grpc-default-executor-1] INFO  impl.RaftServerImpl (RaftServerImpl.java:setRole(184)) - 65da0c80-3604-4ac2-9a39-ee88d748a153@group-146C50BE7901: changes role from  FOLLOWER to FOLLOWER at term 86 for recognizeCandidate:52743044-8979-4a08-8013-92a14c548982
2019-10-16 21:11:40,734 [grpc-default-executor-1] INFO  impl.RoleInfo (RoleInfo.java:shutdownFollowerState(121)) - 65da0c80-3604-4ac2-9a39-ee88d748a153: shutdown FollowerState
2019-10-16 21:11:40,734 [grpc-default-executor-1] INFO  impl.RoleInfo (RoleInfo.java:updateAndGet(143)) - 65da0c80-3604-4ac2-9a39-ee88d748a153: start FollowerState
2019-10-16 21:11:40,734 [Thread-747] INFO  impl.FollowerState (FollowerState.java:run(117)) - 65da0c80-3604-4ac2-9a39-ee88d748a153@group-146C50BE7901-FollowerState was interrupted: java.lang.InterruptedException: sleep interrupted
2019-10-16 21:11:40,761 [52743044-8979-4a08-8013-92a14c548982@group-146C50BE7901-LeaderElection74] INFO  impl.LeaderElection (LeaderElection.java:logAndReturn(56)) - 52743044-8979-4a08-8013-92a14c548982@group-146C50BE7901-LeaderElection74: Election REJECTED; received 2 response(s) [52743044-8979-4a08-8013-92a14c548982<-904f39be-c3d3-4df4-99c0-2e4526e577e3#0:FAIL-t86, 52743044-8979-4a08-8013-92a14c548982<-65da0c80-3604-4ac2-9a39-ee88d748a153#0:FAIL-t86] and 0 exception(s); 52743044-8979-4a08-8013-92a14c548982@group-146C50BE7901:t86, leader=null, voted=52743044-8979-4a08-8013-92a14c548982, raftlog=52743044-8979-4a08-8013-92a14c548982@group-146C50BE7901-SegmentedRaftLog:OPENED:c-1,f-1,i0, conf=-1: [904f39be-c3d3-4df4-99c0-2e4526e577e3:192.168.157.254:45339, 52743044-8979-4a08-8013-92a14c548982:192.168.157.254:36428, 65da0c80-3604-4ac2-9a39-ee88d748a153:192.168.157.254:37466], old=null
2019-10-16 21:11:40,761 [52743044-8979-4a08-8013-92a14c548982@group-146C50BE7901-LeaderElection74] INFO  impl.RaftServerImpl (RaftServerImpl.java:setRole(184)) - 52743044-8979-4a08-8013-92a14c548982@group-146C50BE7901: changes role from CANDIDATE to FOLLOWER at term 86 for DISCOVERED_A_NEW_TERM
2019-10-16 21:11:40,761 [52743044-8979-4a08-8013-92a14c548982@group-146C50BE7901-LeaderElection74] INFO  impl.RoleInfo (RoleInfo.java:shutdownLeaderElection(134)) - 52743044-8979-4a08-8013-92a14c548982: shutdown LeaderElection
2019-10-16 21:11:40,761 [52743044-8979-4a08-8013-92a14c548982@group-146C50BE7901-LeaderElection74] INFO  impl.RoleInfo (RoleInfo.java:updateAndGet(143)) - 52743044-8979-4a08-8013-92a14c548982: start FollowerState
2019-10-16 21:11:40,928 [Thread-754] INFO  impl.FollowerState (FollowerState.java:run(108)) - 52743044-8979-4a08-8013-92a14c548982@group-146C50BE7901-FollowerState: change to CANDIDATE, lastRpcTime:166ms, electionTimeout:166ms
2019-10-16 21:11:40,928 [Thread-754] INFO  impl.RoleInfo (RoleInfo.java:shutdownFollowerState(121)) - 52743044-8979-4a08-8013-92a14c548982: shutdown FollowerState
2019-10-16 21:11:40,928 [Thread-754] INFO  impl.RaftServerImpl (RaftServerImpl.java:setRole(184)) - 52743044-8979-4a08-8013-92a14c548982@group-146C50BE7901: changes role from  FOLLOWER to CANDIDATE at term 86 for changeToCandidate
2019-10-16 21:11:40,928 [Thread-754] INFO  impl.RoleInfo (RoleInfo.java:updateAndGet(143)) - 52743044-8979-4a08-8013-92a14c548982: start LeaderElection
2019-10-16 21:11:40,967 [52743044-8979-4a08-8013-92a14c548982@group-146C50BE7901-LeaderElection75] INFO  impl.LeaderElection (LeaderElection.java:askForVotes(178)) - 52743044-8979-4a08-8013-92a14c548982@group-146C50BE7901-LeaderElection75: begin an election at term 87 for -1: [904f39be-c3d3-4df4-99c0-2e4526e577e3:192.168.157.254:45339, 52743044-8979-4a08-8013-92a14c548982:192.168.157.254:36428, 65da0c80-3604-4ac2-9a39-ee88d748a153:192.168.157.254:37466], old=null
2019-10-16 21:11:40,970 [grpc-default-executor-0] INFO  impl.RaftServerImpl (RaftServerImpl.java:setRole(184)) - 904f39be-c3d3-4df4-99c0-2e4526e577e3@group-146C50BE7901: changes role from  FOLLOWER to FOLLOWER at term 87 for recognizeCandidate:52743044-8979-4a08-8013-92a14c548982
2019-10-16 21:11:40,970 [grpc-default-executor-1] INFO  impl.RaftServerImpl (RaftServerImpl.java:setRole(184)) - 65da0c80-3604-4ac2-9a39-ee88d748a153@group-146C50BE7901: changes role from  FOLLOWER to FOLLOWER at term 87 for recognizeCandidate:52743044-8979-4a08-8013-92a14c548982
2019-10-16 21:11:40,970 [grpc-default-executor-0] INFO  impl.RoleInfo (RoleInfo.java:shutdownFollowerState(121)) - 904f39be-c3d3-4df4-99c0-2e4526e577e3: shutdown FollowerState
2019-10-16 21:11:40,970 [grpc-default-executor-1] INFO  impl.RoleInfo (RoleInfo.java:shutdownFollowerState(121)) - 65da0c80-3604-4ac2-9a39-ee88d748a153: shutdown FollowerState
2019-10-16 21:11:40,971 [grpc-default-executor-0] INFO  impl.RoleInfo (RoleInfo.java:updateAndGet(143)) - 904f39be-c3d3-4df4-99c0-2e4526e577e3: start FollowerState
2019-10-16 21:11:40,971 [grpc-default-executor-1] INFO  impl.RoleInfo (RoleInfo.java:updateAndGet(143)) - 65da0c80-3604-4ac2-9a39-ee88d748a153: start FollowerState
2019-10-16 21:11:40,971 [Thread-752] INFO  impl.FollowerState (FollowerState.java:run(117)) - 904f39be-c3d3-4df4-99c0-2e4526e577e3@group-146C50BE7901-FollowerState was interrupted: java.lang.InterruptedException: sleep interrupted
2019-10-16 21:11:40,971 [Thread-753] INFO  impl.FollowerState (FollowerState.java:run(117)) - 65da0c80-3604-4ac2-9a39-ee88d748a153@group-146C50BE7901-FollowerState was interrupted: java.lang.InterruptedException: sleep interrupted
2019-10-16 21:11:41,055 [52743044-8979-4a08-8013-92a14c548982@group-146C50BE7901-LeaderElection75] INFO  impl.LeaderElection (LeaderElection.java:logAndReturn(56)) - 52743044-8979-4a08-8013-92a14c548982@group-146C50BE7901-LeaderElection75: Election TIMEOUT; received 0 response(s) [] and 0 exception(s); 52743044-8979-4a08-8013-92a14c548982@group-146C50BE7901:t87, leader=null, voted=52743044-8979-4a08-8013-92a14c548982, raftlog=52743044-8979-4a08-8013-92a14c548982@group-146C50BE7901-SegmentedRaftLog:OPENED:c-1,f-1,i0, conf=-1: [904f39be-c3d3-4df4-99c0-2e4526e577e3:192.168.157.254:45339, 52743044-8979-4a08-8013-92a14c548982:192.168.157.254:36428, 65da0c80-3604-4ac2-9a39-ee88d748a153:192.168.157.254:37466], old=null
2019-10-16 21:11:41,101 [52743044-8979-4a08-8013-92a14c548982@group-146C50BE7901-LeaderElection75] INFO  impl.LeaderElection (LeaderElection.java:askForVotes(178)) - 52743044-8979-4a08-8013-92a14c548982@group-146C50BE7901-LeaderElection75: begin an election at term 88 for -1: [904f39be-c3d3-4df4-99c0-2e4526e577e3:192.168.157.254:45339, 52743044-8979-4a08-8013-92a14c548982:192.168.157.254:36428, 65da0c80-3604-4ac2-9a39-ee88d748a153:192.168.157.254:37466], old=null
2019-10-16 21:11:41,104 [grpc-default-executor-1] INFO  impl.RaftServerImpl (RaftServerImpl.java:setRole(184)) - 65da0c80-3604-4ac2-9a39-ee88d748a153@group-146C50BE7901: changes role from  FOLLOWER to FOLLOWER at term 88 for recognizeCandidate:52743044-8979-4a08-8013-92a14c548982
2019-10-16 21:11:41,104 [grpc-default-executor-0] INFO  impl.RaftServerImpl (RaftServerImpl.java:setRole(184)) - 904f39be-c3d3-4df4-99c0-2e4526e577e3@group-146C50BE7901: changes role from  FOLLOWER to FOLLOWER at term 88 for recognizeCandidate:52743044-8979-4a08-8013-92a14c548982
2019-10-16 21:11:41,105 [grpc-default-executor-0] INFO  impl.RoleInfo (RoleInfo.java:shutdownFollowerState(121)) - 904f39be-c3d3-4df4-99c0-2e4526e577e3: shutdown FollowerState
2019-10-16 21:11:41,105 [grpc-default-executor-1] INFO  impl.RoleInfo (RoleInfo.java:shutdownFollowerState(121)) - 65da0c80-3604-4ac2-9a39-ee88d748a153: shutdown FollowerState
2019-10-16 21:11:41,105 [Thread-758] INFO  impl.FollowerState (FollowerState.java:run(117)) - 904f39be-c3d3-4df4-99c0-2e4526e577e3@group-146C50BE7901-FollowerState was interrupted: java.lang.InterruptedException: sleep interrupted
2019-10-16 21:11:41,105 [grpc-default-executor-0] INFO  impl.RoleInfo (RoleInfo.java:updateAndGet(143)) - 904f39be-c3d3-4df4-99c0-2e4526e577e3: start FollowerState
2019-10-16 21:11:41,105 [Thread-759] INFO  impl.FollowerState (FollowerState.java:run(117)) - 65da0c80-3604-4ac2-9a39-ee88d748a153@group-146C50BE7901-FollowerState was interrupted: java.lang.InterruptedException: sleep interrupted
2019-10-16 21:11:41,105 [grpc-default-executor-1] INFO  impl.RoleInfo (RoleInfo.java:updateAndGet(143)) - 65da0c80-3604-4ac2-9a39-ee88d748a153: start FollowerState
2019-10-16 21:11:41,176 [52743044-8979-4a08-8013-92a14c548982@group-146C50BE7901-LeaderElection75] INFO  impl.LeaderElection (LeaderElection.java:logAndReturn(56)) - 52743044-8979-4a08-8013-92a14c548982@group-146C50BE7901-LeaderElection75: Election REJECTED; received 2 response(s) [52743044-8979-4a08-8013-92a14c548982<-904f39be-c3d3-4df4-99c0-2e4526e577e3#0:FAIL-t88, 52743044-8979-4a08-8013-92a14c548982<-65da0c80-3604-4ac2-9a39-ee88d748a153#0:FAIL-t88] and 0 exception(s); 52743044-8979-4a08-8013-92a14c548982@group-146C50BE7901:t88, leader=null, voted=52743044-8979-4a08-8013-92a14c548982, raftlog=52743044-8979-4a08-8013-92a14c548982@group-146C50BE7901-SegmentedRaftLog:OPENED:c-1,f-1,i0, conf=-1: [904f39be-c3d3-4df4-99c0-2e4526e577e3:192.168.157.254:45339, 52743044-8979-4a08-8013-92a14c548982:192.168.157.254:36428, 65da0c80-3604-4ac2-9a39-ee88d748a153:192.168.157.254:37466], old=null
2019-10-16 21:11:41,177 [52743044-8979-4a08-8013-92a14c548982@group-146C50BE7901-LeaderElection75] INFO  impl.RaftServerImpl (RaftServerImpl.java:setRole(184)) - 52743044-8979-4a08-8013-92a14c548982@group-146C50BE7901: changes role from CANDIDATE to FOLLOWER at term 88 for DISCOVERED_A_NEW_TERM
2019-10-16 21:11:41,177 [52743044-8979-4a08-8013-92a14c548982@group-146C50BE7901-LeaderElection75] INFO  impl.RoleInfo (RoleInfo.java:shutdownLeaderElection(134)) - 52743044-8979-4a08-8013-92a14c548982: shutdown LeaderElection
2019-10-16 21:11:41,177 [52743044-8979-4a08-8013-92a14c548982@group-146C50BE7901-LeaderElection75] INFO  impl.RoleInfo (RoleInfo.java:updateAndGet(143)) - 52743044-8979-4a08-8013-92a14c548982: start FollowerState
2019-10-16 21:11:41,200 [main] INFO  ozone.MiniOzoneClusterImpl (MiniOzoneClusterImpl.java:lambda$waitForClusterToBeReady$2(164)) - Waiting for 1 number of pipelines out of 4, to report a leader.
2019-10-16 21:11:41,364 [Thread-764] INFO  impl.FollowerState (FollowerState.java:run(108)) - 52743044-8979-4a08-8013-92a14c548982@group-146C50BE7901-FollowerState: change to CANDIDATE, lastRpcTime:187ms, electionTimeout:187ms
2019-10-16 21:11:41,365 [Thread-764] INFO  impl.RoleInfo (RoleInfo.java:shutdownFollowerState(121)) - 52743044-8979-4a08-8013-92a14c548982: shutdown FollowerState
2019-10-16 21:11:41,365 [Thread-764] INFO  impl.RaftServerImpl (RaftServerImpl.java:setRole(184)) - 52743044-8979-4a08-8013-92a14c548982@group-146C50BE7901: changes role from  FOLLOWER to CANDIDATE at term 88 for changeToCandidate
2019-10-16 21:11:41,365 [Thread-764] INFO  impl.RoleInfo (RoleInfo.java:updateAndGet(143)) - 52743044-8979-4a08-8013-92a14c548982: start LeaderElection
2019-10-16 21:11:41,430 [52743044-8979-4a08-8013-92a14c548982@group-146C50BE7901-LeaderElection76] INFO  impl.LeaderElection (LeaderElection.java:askForVotes(178)) - 52743044-8979-4a08-8013-92a14c548982@group-146C50BE7901-LeaderElection76: begin an election at term 89 for -1: [904f39be-c3d3-4df4-99c0-2e4526e577e3:192.168.157.254:45339, 52743044-8979-4a08-8013-92a14c548982:192.168.157.254:36428, 65da0c80-3604-4ac2-9a39-ee88d748a153:192.168.157.254:37466], old=null
2019-10-16 21:11:41,433 [grpc-default-executor-0] INFO  impl.RaftServerImpl (RaftServerImpl.java:setRole(184)) - 65da0c80-3604-4ac2-9a39-ee88d748a153@group-146C50BE7901: changes role from  FOLLOWER to FOLLOWER at term 89 for recognizeCandidate:52743044-8979-4a08-8013-92a14c548982
2019-10-16 21:11:41,433 [grpc-default-executor-0] INFO  impl.RoleInfo (RoleInfo.java:shutdownFollowerState(121)) - 65da0c80-3604-4ac2-9a39-ee88d748a153: shutdown FollowerState
2019-10-16 21:11:41,433 [grpc-default-executor-0] INFO  impl.RoleInfo (RoleInfo.java:updateAndGet(143)) - 65da0c80-3604-4ac2-9a39-ee88d748a153: start FollowerState
2019-10-16 21:11:41,434 [Thread-763] INFO  impl.FollowerState (FollowerState.java:run(117)) - 65da0c80-3604-4ac2-9a39-ee88d748a153@group-146C50BE7901-FollowerState was interrupted: java.lang.InterruptedException: sleep interrupted
2019-10-16 21:11:41,434 [grpc-default-executor-1] INFO  impl.RaftServerImpl (RaftServerImpl.java:setRole(184)) - 904f39be-c3d3-4df4-99c0-2e4526e577e3@group-146C50BE7901: changes role from  FOLLOWER to FOLLOWER at term 89 for recognizeCandidate:52743044-8979-4a08-8013-92a14c548982
2019-10-16 21:11:41,434 [grpc-default-executor-1] INFO  impl.RoleInfo (RoleInfo.java:shutdownFollowerState(121)) - 904f39be-c3d3-4df4-99c0-2e4526e577e3: shutdown FollowerState
2019-10-16 21:11:41,434 [grpc-default-executor-1] INFO  impl.RoleInfo (RoleInfo.java:updateAndGet(143)) - 904f39be-c3d3-4df4-99c0-2e4526e577e3: start FollowerState
2019-10-16 21:11:41,434 [Thread-762] INFO  impl.FollowerState (FollowerState.java:run(117)) - 904f39be-c3d3-4df4-99c0-2e4526e577e3@group-146C50BE7901-FollowerState was interrupted: java.lang.InterruptedException: sleep interrupted
2019-10-16 21:11:41,489 [52743044-8979-4a08-8013-92a14c548982@group-146C50BE7901-LeaderElection76] INFO  impl.LeaderElection (LeaderElection.java:logAndReturn(56)) - 52743044-8979-4a08-8013-92a14c548982@group-146C50BE7901-LeaderElection76: Election REJECTED; received 2 response(s) [52743044-8979-4a08-8013-92a14c548982<-904f39be-c3d3-4df4-99c0-2e4526e577e3#0:FAIL-t89, 52743044-8979-4a08-8013-92a14c548982<-65da0c80-3604-4ac2-9a39-ee88d748a153#0:FAIL-t89] and 0 exception(s); 52743044-8979-4a08-8013-92a14c548982@group-146C50BE7901:t89, leader=null, voted=52743044-8979-4a08-8013-92a14c548982, raftlog=52743044-8979-4a08-8013-92a14c548982@group-146C50BE7901-SegmentedRaftLog:OPENED:c-1,f-1,i0, conf=-1: [904f39be-c3d3-4df4-99c0-2e4526e577e3:192.168.157.254:45339, 52743044-8979-4a08-8013-92a14c548982:192.168.157.254:36428, 65da0c80-3604-4ac2-9a39-ee88d748a153:192.168.157.254:37466], old=null
2019-10-16 21:11:41,489 [52743044-8979-4a08-8013-92a14c548982@group-146C50BE7901-LeaderElection76] INFO  impl.RaftServerImpl (RaftServerImpl.java:setRole(184)) - 52743044-8979-4a08-8013-92a14c548982@group-146C50BE7901: changes role from CANDIDATE to FOLLOWER at term 89 for DISCOVERED_A_NEW_TERM
2019-10-16 21:11:41,489 [52743044-8979-4a08-8013-92a14c548982@group-146C50BE7901-LeaderElection76] INFO  impl.RoleInfo (RoleInfo.java:shutdownLeaderElection(134)) - 52743044-8979-4a08-8013-92a14c548982: shutdown LeaderElection
2019-10-16 21:11:41,489 [52743044-8979-4a08-8013-92a14c548982@group-146C50BE7901-LeaderElection76] INFO  impl.RoleInfo (RoleInfo.java:updateAndGet(143)) - 52743044-8979-4a08-8013-92a14c548982: start FollowerState
2019-10-16 21:11:41,648 [Thread-770] INFO  impl.FollowerState (FollowerState.java:run(108)) - 52743044-8979-4a08-8013-92a14c548982@group-146C50BE7901-FollowerState: change to CANDIDATE, lastRpcTime:158ms, electionTimeout:158ms
2019-10-16 21:11:41,648 [Thread-770] INFO  impl.RoleInfo (RoleInfo.java:shutdownFollowerState(121)) - 52743044-8979-4a08-8013-92a14c548982: shutdown FollowerState
2019-10-16 21:11:41,648 [Thread-770] INFO  impl.RaftServerImpl (RaftServerImpl.java:setRole(184)) - 52743044-8979-4a08-8013-92a14c548982@group-146C50BE7901: changes role from  FOLLOWER to CANDIDATE at term 89 for changeToCandidate
2019-10-16 21:11:41,648 [Thread-770] INFO  impl.RoleInfo (RoleInfo.java:updateAndGet(143)) - 52743044-8979-4a08-8013-92a14c548982: start LeaderElection
2019-10-16 21:11:41,688 [52743044-8979-4a08-8013-92a14c548982@group-146C50BE7901-LeaderElection77] INFO  impl.LeaderElection (LeaderElection.java:askForVotes(178)) - 52743044-8979-4a08-8013-92a14c548982@group-146C50BE7901-LeaderElection77: begin an election at term 90 for -1: [904f39be-c3d3-4df4-99c0-2e4526e577e3:192.168.157.254:45339, 52743044-8979-4a08-8013-92a14c548982:192.168.157.254:36428, 65da0c80-3604-4ac2-9a39-ee88d748a153:192.168.157.254:37466], old=null
2019-10-16 21:11:41,691 [grpc-default-executor-1] INFO  impl.RaftServerImpl (RaftServerImpl.java:setRole(184)) - 904f39be-c3d3-4df4-99c0-2e4526e577e3@group-146C50BE7901: changes role from  FOLLOWER to FOLLOWER at term 90 for recognizeCandidate:52743044-8979-4a08-8013-92a14c548982
2019-10-16 21:11:41,691 [grpc-default-executor-1] INFO  impl.RoleInfo (RoleInfo.java:shutdownFollowerState(121)) - 904f39be-c3d3-4df4-99c0-2e4526e577e3: shutdown FollowerState
2019-10-16 21:11:41,692 [grpc-default-executor-1] INFO  impl.RoleInfo (RoleInfo.java:updateAndGet(143)) - 904f39be-c3d3-4df4-99c0-2e4526e577e3: start FollowerState
2019-10-16 21:11:41,692 [Thread-769] INFO  impl.FollowerState (FollowerState.java:run(117)) - 904f39be-c3d3-4df4-99c0-2e4526e577e3@group-146C50BE7901-FollowerState was interrupted: java.lang.InterruptedException: sleep interrupted
2019-10-16 21:11:41,692 [grpc-default-executor-0] INFO  impl.RaftServerImpl (RaftServerImpl.java:setRole(184)) - 65da0c80-3604-4ac2-9a39-ee88d748a153@group-146C50BE7901: changes role from  FOLLOWER to FOLLOWER at term 90 for recognizeCandidate:52743044-8979-4a08-8013-92a14c548982
2019-10-16 21:11:41,692 [grpc-default-executor-0] INFO  impl.RoleInfo (RoleInfo.java:shutdownFollowerState(121)) - 65da0c80-3604-4ac2-9a39-ee88d748a153: shutdown FollowerState
2019-10-16 21:11:41,692 [grpc-default-executor-0] INFO  impl.RoleInfo (RoleInfo.java:updateAndGet(143)) - 65da0c80-3604-4ac2-9a39-ee88d748a153: start FollowerState
2019-10-16 21:11:41,692 [Thread-768] INFO  impl.FollowerState (FollowerState.java:run(117)) - 65da0c80-3604-4ac2-9a39-ee88d748a153@group-146C50BE7901-FollowerState was interrupted: java.lang.InterruptedException: sleep interrupted
2019-10-16 21:11:41,723 [52743044-8979-4a08-8013-92a14c548982@group-146C50BE7901-LeaderElection77] INFO  impl.LeaderElection (LeaderElection.java:logAndReturn(56)) - 52743044-8979-4a08-8013-92a14c548982@group-146C50BE7901-LeaderElection77: Election REJECTED; received 2 response(s) [52743044-8979-4a08-8013-92a14c548982<-904f39be-c3d3-4df4-99c0-2e4526e577e3#0:FAIL-t90, 52743044-8979-4a08-8013-92a14c548982<-65da0c80-3604-4ac2-9a39-ee88d748a153#0:FAIL-t90] and 0 exception(s); 52743044-8979-4a08-8013-92a14c548982@group-146C50BE7901:t90, leader=null, voted=52743044-8979-4a08-8013-92a14c548982, raftlog=52743044-8979-4a08-8013-92a14c548982@group-146C50BE7901-SegmentedRaftLog:OPENED:c-1,f-1,i0, conf=-1: [904f39be-c3d3-4df4-99c0-2e4526e577e3:192.168.157.254:45339, 52743044-8979-4a08-8013-92a14c548982:192.168.157.254:36428, 65da0c80-3604-4ac2-9a39-ee88d748a153:192.168.157.254:37466], old=null
2019-10-16 21:11:41,723 [52743044-8979-4a08-8013-92a14c548982@group-146C50BE7901-LeaderElection77] INFO  impl.RaftServerImpl (RaftServerImpl.java:setRole(184)) - 52743044-8979-4a08-8013-92a14c548982@group-146C50BE7901: changes role from CANDIDATE to FOLLOWER at term 90 for DISCOVERED_A_NEW_TERM
2019-10-16 21:11:41,723 [52743044-8979-4a08-8013-92a14c548982@group-146C50BE7901-LeaderElection77] INFO  impl.RoleInfo (RoleInfo.java:shutdownLeaderElection(134)) - 52743044-8979-4a08-8013-92a14c548982: shutdown LeaderElection
2019-10-16 21:11:41,723 [52743044-8979-4a08-8013-92a14c548982@group-146C50BE7901-LeaderElection77] INFO  impl.RoleInfo (RoleInfo.java:updateAndGet(143)) - 52743044-8979-4a08-8013-92a14c548982: start FollowerState
2019-10-16 21:11:41,759 [Thread-776] INFO  impl.FollowerState (FollowerState.java:run(108)) - 52743044-8979-4a08-8013-92a14c548982@group-146C50BE7901-FollowerState: change to CANDIDATE, lastRpcTime:35ms, electionTimeout:35ms
2019-10-16 21:11:41,759 [Thread-776] INFO  impl.RoleInfo (RoleInfo.java:shutdownFollowerState(121)) - 52743044-8979-4a08-8013-92a14c548982: shutdown FollowerState
2019-10-16 21:11:41,759 [Thread-776] INFO  impl.RaftServerImpl (RaftServerImpl.java:setRole(184)) - 52743044-8979-4a08-8013-92a14c548982@group-146C50BE7901: changes role from  FOLLOWER to CANDIDATE at term 90 for changeToCandidate
2019-10-16 21:11:41,759 [Thread-776] INFO  impl.RoleInfo (RoleInfo.java:updateAndGet(143)) - 52743044-8979-4a08-8013-92a14c548982: start LeaderElection
2019-10-16 21:11:41,807 [52743044-8979-4a08-8013-92a14c548982@group-146C50BE7901-LeaderElection78] INFO  impl.LeaderElection (LeaderElection.java:askForVotes(178)) - 52743044-8979-4a08-8013-92a14c548982@group-146C50BE7901-LeaderElection78: begin an election at term 91 for -1: [904f39be-c3d3-4df4-99c0-2e4526e577e3:192.168.157.254:45339, 52743044-8979-4a08-8013-92a14c548982:192.168.157.254:36428, 65da0c80-3604-4ac2-9a39-ee88d748a153:192.168.157.254:37466], old=null
2019-10-16 21:11:41,810 [grpc-default-executor-1] INFO  impl.RaftServerImpl (RaftServerImpl.java:setRole(184)) - 904f39be-c3d3-4df4-99c0-2e4526e577e3@group-146C50BE7901: changes role from  FOLLOWER to FOLLOWER at term 91 for recognizeCandidate:52743044-8979-4a08-8013-92a14c548982
2019-10-16 21:11:41,810 [grpc-default-executor-1] INFO  impl.RoleInfo (RoleInfo.java:shutdownFollowerState(121)) - 904f39be-c3d3-4df4-99c0-2e4526e577e3: shutdown FollowerState
2019-10-16 21:11:41,811 [grpc-default-executor-1] INFO  impl.RoleInfo (RoleInfo.java:updateAndGet(143)) - 904f39be-c3d3-4df4-99c0-2e4526e577e3: start FollowerState
2019-10-16 21:11:41,811 [Thread-774] INFO  impl.FollowerState (FollowerState.java:run(117)) - 904f39be-c3d3-4df4-99c0-2e4526e577e3@group-146C50BE7901-FollowerState was interrupted: java.lang.InterruptedException: sleep interrupted
2019-10-16 21:11:41,811 [grpc-default-executor-0] INFO  impl.RaftServerImpl (RaftServerImpl.java:setRole(184)) - 65da0c80-3604-4ac2-9a39-ee88d748a153@group-146C50BE7901: changes role from  FOLLOWER to FOLLOWER at term 91 for recognizeCandidate:52743044-8979-4a08-8013-92a14c548982
2019-10-16 21:11:41,811 [grpc-default-executor-0] INFO  impl.RoleInfo (RoleInfo.java:shutdownFollowerState(121)) - 65da0c80-3604-4ac2-9a39-ee88d748a153: shutdown FollowerState
2019-10-16 21:11:41,811 [grpc-default-executor-0] INFO  impl.RoleInfo (RoleInfo.java:updateAndGet(143)) - 65da0c80-3604-4ac2-9a39-ee88d748a153: start FollowerState
2019-10-16 21:11:41,811 [Thread-775] INFO  impl.FollowerState (FollowerState.java:run(117)) - 65da0c80-3604-4ac2-9a39-ee88d748a153@group-146C50BE7901-FollowerState was interrupted: java.lang.InterruptedException: sleep interrupted
2019-10-16 21:11:41,859 [52743044-8979-4a08-8013-92a14c548982@group-146C50BE7901-LeaderElection78] INFO  impl.LeaderElection (LeaderElection.java:logAndReturn(56)) - 52743044-8979-4a08-8013-92a14c548982@group-146C50BE7901-LeaderElection78: Election REJECTED; received 2 response(s) [52743044-8979-4a08-8013-92a14c548982<-904f39be-c3d3-4df4-99c0-2e4526e577e3#0:FAIL-t91, 52743044-8979-4a08-8013-92a14c548982<-65da0c80-3604-4ac2-9a39-ee88d748a153#0:FAIL-t91] and 0 exception(s); 52743044-8979-4a08-8013-92a14c548982@group-146C50BE7901:t91, leader=null, voted=52743044-8979-4a08-8013-92a14c548982, raftlog=52743044-8979-4a08-8013-92a14c548982@group-146C50BE7901-SegmentedRaftLog:OPENED:c-1,f-1,i0, conf=-1: [904f39be-c3d3-4df4-99c0-2e4526e577e3:192.168.157.254:45339, 52743044-8979-4a08-8013-92a14c548982:192.168.157.254:36428, 65da0c80-3604-4ac2-9a39-ee88d748a153:192.168.157.254:37466], old=null
2019-10-16 21:11:41,859 [52743044-8979-4a08-8013-92a14c548982@group-146C50BE7901-LeaderElection78] INFO  impl.RaftServerImpl (RaftServerImpl.java:setRole(184)) - 52743044-8979-4a08-8013-92a14c548982@group-146C50BE7901: changes role from CANDIDATE to FOLLOWER at term 91 for DISCOVERED_A_NEW_TERM
2019-10-16 21:11:41,859 [52743044-8979-4a08-8013-92a14c548982@group-146C50BE7901-LeaderElection78] INFO  impl.RoleInfo (RoleInfo.java:shutdownLeaderElection(134)) - 52743044-8979-4a08-8013-92a14c548982: shutdown LeaderElection
2019-10-16 21:11:41,859 [52743044-8979-4a08-8013-92a14c548982@group-146C50BE7901-LeaderElection78] INFO  impl.RoleInfo (RoleInfo.java:updateAndGet(143)) - 52743044-8979-4a08-8013-92a14c548982: start FollowerState
2019-10-16 21:11:42,007 [Thread-782] INFO  impl.FollowerState (FollowerState.java:run(108)) - 52743044-8979-4a08-8013-92a14c548982@group-146C50BE7901-FollowerState: change to CANDIDATE, lastRpcTime:147ms, electionTimeout:147ms
2019-10-16 21:11:42,007 [Thread-782] INFO  impl.RoleInfo (RoleInfo.java:shutdownFollowerState(121)) - 52743044-8979-4a08-8013-92a14c548982: shutdown FollowerState
2019-10-16 21:11:42,007 [Thread-782] INFO  impl.RaftServerImpl (RaftServerImpl.java:setRole(184)) - 52743044-8979-4a08-8013-92a14c548982@group-146C50BE7901: changes role from  FOLLOWER to CANDIDATE at term 91 for changeToCandidate
2019-10-16 21:11:42,007 [Thread-782] INFO  impl.RoleInfo (RoleInfo.java:updateAndGet(143)) - 52743044-8979-4a08-8013-92a14c548982: start LeaderElection
2019-10-16 21:11:42,044 [52743044-8979-4a08-8013-92a14c548982@group-146C50BE7901-LeaderElection79] INFO  impl.LeaderElection (LeaderElection.java:askForVotes(178)) - 52743044-8979-4a08-8013-92a14c548982@group-146C50BE7901-LeaderElection79: begin an election at term 92 for -1: [904f39be-c3d3-4df4-99c0-2e4526e577e3:192.168.157.254:45339, 52743044-8979-4a08-8013-92a14c548982:192.168.157.254:36428, 65da0c80-3604-4ac2-9a39-ee88d748a153:192.168.157.254:37466], old=null
2019-10-16 21:11:42,047 [grpc-default-executor-1] INFO  impl.RaftServerImpl (RaftServerImpl.java:setRole(184)) - 904f39be-c3d3-4df4-99c0-2e4526e577e3@group-146C50BE7901: changes role from  FOLLOWER to FOLLOWER at term 92 for recognizeCandidate:52743044-8979-4a08-8013-92a14c548982
2019-10-16 21:11:42,047 [grpc-default-executor-0] INFO  impl.RaftServerImpl (RaftServerImpl.java:setRole(184)) - 65da0c80-3604-4ac2-9a39-ee88d748a153@group-146C50BE7901: changes role from  FOLLOWER to FOLLOWER at term 92 for recognizeCandidate:52743044-8979-4a08-8013-92a14c548982
2019-10-16 21:11:42,047 [grpc-default-executor-0] INFO  impl.RoleInfo (RoleInfo.java:shutdownFollowerState(121)) - 65da0c80-3604-4ac2-9a39-ee88d748a153: shutdown FollowerState
2019-10-16 21:11:42,047 [grpc-default-executor-1] INFO  impl.RoleInfo (RoleInfo.java:shutdownFollowerState(121)) - 904f39be-c3d3-4df4-99c0-2e4526e577e3: shutdown FollowerState
2019-10-16 21:11:42,047 [grpc-default-executor-0] INFO  impl.RoleInfo (RoleInfo.java:updateAndGet(143)) - 65da0c80-3604-4ac2-9a39-ee88d748a153: start FollowerState
2019-10-16 21:11:42,048 [Thread-780] INFO  impl.FollowerState (FollowerState.java:run(117)) - 904f39be-c3d3-4df4-99c0-2e4526e577e3@group-146C50BE7901-FollowerState was interrupted: java.lang.InterruptedException: sleep interrupted
2019-10-16 21:11:42,048 [grpc-default-executor-1] INFO  impl.RoleInfo (RoleInfo.java:updateAndGet(143)) - 904f39be-c3d3-4df4-99c0-2e4526e577e3: start FollowerState
2019-10-16 21:11:42,047 [Thread-781] INFO  impl.FollowerState (FollowerState.java:run(117)) - 65da0c80-3604-4ac2-9a39-ee88d748a153@group-146C50BE7901-FollowerState was interrupted: java.lang.InterruptedException: sleep interrupted
2019-10-16 21:11:42,063 [52743044-8979-4a08-8013-92a14c548982@group-146C50BE7901-LeaderElection79] INFO  impl.LeaderElection (LeaderElection.java:logAndReturn(56)) - 52743044-8979-4a08-8013-92a14c548982@group-146C50BE7901-LeaderElection79: Election REJECTED; received 2 response(s) [52743044-8979-4a08-8013-92a14c548982<-904f39be-c3d3-4df4-99c0-2e4526e577e3#0:FAIL-t92, 52743044-8979-4a08-8013-92a14c548982<-65da0c80-3604-4ac2-9a39-ee88d748a153#0:FAIL-t92] and 0 exception(s); 52743044-8979-4a08-8013-92a14c548982@group-146C50BE7901:t92, leader=null, voted=52743044-8979-4a08-8013-92a14c548982, raftlog=52743044-8979-4a08-8013-92a14c548982@group-146C50BE7901-SegmentedRaftLog:OPENED:c-1,f-1,i0, conf=-1: [904f39be-c3d3-4df4-99c0-2e4526e577e3:192.168.157.254:45339, 52743044-8979-4a08-8013-92a14c548982:192.168.157.254:36428, 65da0c80-3604-4ac2-9a39-ee88d748a153:192.168.157.254:37466], old=null
2019-10-16 21:11:42,063 [52743044-8979-4a08-8013-92a14c548982@group-146C50BE7901-LeaderElection79] INFO  impl.RaftServerImpl (RaftServerImpl.java:setRole(184)) - 52743044-8979-4a08-8013-92a14c548982@group-146C50BE7901: changes role from CANDIDATE to FOLLOWER at term 92 for DISCOVERED_A_NEW_TERM
2019-10-16 21:11:42,063 [52743044-8979-4a08-8013-92a14c548982@group-146C50BE7901-LeaderElection79] INFO  impl.RoleInfo (RoleInfo.java:shutdownLeaderElection(134)) - 52743044-8979-4a08-8013-92a14c548982: shutdown LeaderElection
2019-10-16 21:11:42,063 [52743044-8979-4a08-8013-92a14c548982@group-146C50BE7901-LeaderElection79] INFO  impl.RoleInfo (RoleInfo.java:updateAndGet(143)) - 52743044-8979-4a08-8013-92a14c548982: start FollowerState
2019-10-16 21:11:42,107 [Thread-788] INFO  impl.FollowerState (FollowerState.java:run(108)) - 52743044-8979-4a08-8013-92a14c548982@group-146C50BE7901-FollowerState: change to CANDIDATE, lastRpcTime:44ms, electionTimeout:44ms
2019-10-16 21:11:42,107 [Thread-788] INFO  impl.RoleInfo (RoleInfo.java:shutdownFollowerState(121)) - 52743044-8979-4a08-8013-92a14c548982: shutdown FollowerState
2019-10-16 21:11:42,107 [Thread-788] INFO  impl.RaftServerImpl (RaftServerImpl.java:setRole(184)) - 52743044-8979-4a08-8013-92a14c548982@group-146C50BE7901: changes role from  FOLLOWER to CANDIDATE at term 92 for changeToCandidate
2019-10-16 21:11:42,108 [Thread-788] INFO  impl.RoleInfo (RoleInfo.java:updateAndGet(143)) - 52743044-8979-4a08-8013-92a14c548982: start LeaderElection
2019-10-16 21:11:42,162 [52743044-8979-4a08-8013-92a14c548982@group-146C50BE7901-LeaderElection80] INFO  impl.LeaderElection (LeaderElection.java:askForVotes(178)) - 52743044-8979-4a08-8013-92a14c548982@group-146C50BE7901-LeaderElection80: begin an election at term 93 for -1: [904f39be-c3d3-4df4-99c0-2e4526e577e3:192.168.157.254:45339, 52743044-8979-4a08-8013-92a14c548982:192.168.157.254:36428, 65da0c80-3604-4ac2-9a39-ee88d748a153:192.168.157.254:37466], old=null
2019-10-16 21:11:42,165 [grpc-default-executor-1] INFO  impl.RaftServerImpl (RaftServerImpl.java:setRole(184)) - 904f39be-c3d3-4df4-99c0-2e4526e577e3@group-146C50BE7901: changes role from  FOLLOWER to FOLLOWER at term 93 for recognizeCandidate:52743044-8979-4a08-8013-92a14c548982
2019-10-16 21:11:42,165 [grpc-default-executor-0] INFO  impl.RaftServerImpl (RaftServerImpl.java:setRole(184)) - 65da0c80-3604-4ac2-9a39-ee88d748a153@group-146C50BE7901: changes role from  FOLLOWER to FOLLOWER at term 93 for recognizeCandidate:52743044-8979-4a08-8013-92a14c548982
2019-10-16 21:11:42,165 [grpc-default-executor-0] INFO  impl.RoleInfo (RoleInfo.java:shutdownFollowerState(121)) - 65da0c80-3604-4ac2-9a39-ee88d748a153: shutdown FollowerState
2019-10-16 21:11:42,165 [grpc-default-executor-1] INFO  impl.RoleInfo (RoleInfo.java:shutdownFollowerState(121)) - 904f39be-c3d3-4df4-99c0-2e4526e577e3: shutdown FollowerState
2019-10-16 21:11:42,165 [grpc-default-executor-0] INFO  impl.RoleInfo (RoleInfo.java:updateAndGet(143)) - 65da0c80-3604-4ac2-9a39-ee88d748a153: start FollowerState
2019-10-16 21:11:42,165 [grpc-default-executor-1] INFO  impl.RoleInfo (RoleInfo.java:updateAndGet(143)) - 904f39be-c3d3-4df4-99c0-2e4526e577e3: start FollowerState
2019-10-16 21:11:42,165 [Thread-786] INFO  impl.FollowerState (FollowerState.java:run(117)) - 65da0c80-3604-4ac2-9a39-ee88d748a153@group-146C50BE7901-FollowerState was interrupted: java.lang.InterruptedException: sleep interrupted
2019-10-16 21:11:42,166 [Thread-787] INFO  impl.FollowerState (FollowerState.java:run(117)) - 904f39be-c3d3-4df4-99c0-2e4526e577e3@group-146C50BE7901-FollowerState was interrupted: java.lang.InterruptedException: sleep interrupted
2019-10-16 21:11:42,201 [main] INFO  ozone.MiniOzoneClusterImpl (MiniOzoneClusterImpl.java:lambda$waitForClusterToBeReady$2(164)) - Waiting for 1 number of pipelines out of 4, to report a leader.
2019-10-16 21:11:42,238 [52743044-8979-4a08-8013-92a14c548982@group-146C50BE7901-LeaderElection80] INFO  impl.LeaderElection (LeaderElection.java:logAndReturn(56)) - 52743044-8979-4a08-8013-92a14c548982@group-146C50BE7901-LeaderElection80: Election REJECTED; received 2 response(s) [52743044-8979-4a08-8013-92a14c548982<-904f39be-c3d3-4df4-99c0-2e4526e577e3#0:FAIL-t93, 52743044-8979-4a08-8013-92a14c548982<-65da0c80-3604-4ac2-9a39-ee88d748a153#0:FAIL-t93] and 0 exception(s); 52743044-8979-4a08-8013-92a14c548982@group-146C50BE7901:t93, leader=null, voted=52743044-8979-4a08-8013-92a14c548982, raftlog=52743044-8979-4a08-8013-92a14c548982@group-146C50BE7901-SegmentedRaftLog:OPENED:c-1,f-1,i0, conf=-1: [904f39be-c3d3-4df4-99c0-2e4526e577e3:192.168.157.254:45339, 52743044-8979-4a08-8013-92a14c548982:192.168.157.254:36428, 65da0c80-3604-4ac2-9a39-ee88d748a153:192.168.157.254:37466], old=null
2019-10-16 21:11:42,238 [52743044-8979-4a08-8013-92a14c548982@group-146C50BE7901-LeaderElection80] INFO  impl.RaftServerImpl (RaftServerImpl.java:setRole(184)) - 52743044-8979-4a08-8013-92a14c548982@group-146C50BE7901: changes role from CANDIDATE to FOLLOWER at term 93 for DISCOVERED_A_NEW_TERM
2019-10-16 21:11:42,238 [52743044-8979-4a08-8013-92a14c548982@group-146C50BE7901-LeaderElection80] INFO  impl.RoleInfo (RoleInfo.java:shutdownLeaderElection(134)) - 52743044-8979-4a08-8013-92a14c548982: shutdown LeaderElection
2019-10-16 21:11:42,238 [52743044-8979-4a08-8013-92a14c548982@group-146C50BE7901-LeaderElection80] INFO  impl.RoleInfo (RoleInfo.java:updateAndGet(143)) - 52743044-8979-4a08-8013-92a14c548982: start FollowerState
2019-10-16 21:11:42,403 [Thread-794] INFO  impl.FollowerState (FollowerState.java:run(108)) - 52743044-8979-4a08-8013-92a14c548982@group-146C50BE7901-FollowerState: change to CANDIDATE, lastRpcTime:164ms, electionTimeout:164ms
2019-10-16 21:11:42,403 [Thread-794] INFO  impl.RoleInfo (RoleInfo.java:shutdownFollowerState(121)) - 52743044-8979-4a08-8013-92a14c548982: shutdown FollowerState
2019-10-16 21:11:42,403 [Thread-794] INFO  impl.RaftServerImpl (RaftServerImpl.java:setRole(184)) - 52743044-8979-4a08-8013-92a14c548982@group-146C50BE7901: changes role from  FOLLOWER to CANDIDATE at term 93 for changeToCandidate
2019-10-16 21:11:42,403 [Thread-794] INFO  impl.RoleInfo (RoleInfo.java:updateAndGet(143)) - 52743044-8979-4a08-8013-92a14c548982: start LeaderElection
2019-10-16 21:11:42,466 [52743044-8979-4a08-8013-92a14c548982@group-146C50BE7901-LeaderElection81] INFO  impl.LeaderElection (LeaderElection.java:askForVotes(178)) - 52743044-8979-4a08-8013-92a14c548982@group-146C50BE7901-LeaderElection81: begin an election at term 94 for -1: [904f39be-c3d3-4df4-99c0-2e4526e577e3:192.168.157.254:45339, 52743044-8979-4a08-8013-92a14c548982:192.168.157.254:36428, 65da0c80-3604-4ac2-9a39-ee88d748a153:192.168.157.254:37466], old=null
2019-10-16 21:11:42,468 [grpc-default-executor-1] INFO  impl.RaftServerImpl (RaftServerImpl.java:setRole(184)) - 65da0c80-3604-4ac2-9a39-ee88d748a153@group-146C50BE7901: changes role from  FOLLOWER to FOLLOWER at term 94 for recognizeCandidate:52743044-8979-4a08-8013-92a14c548982
2019-10-16 21:11:42,468 [grpc-default-executor-1] INFO  impl.RoleInfo (RoleInfo.java:shutdownFollowerState(121)) - 65da0c80-3604-4ac2-9a39-ee88d748a153: shutdown FollowerState
2019-10-16 21:11:42,468 [grpc-default-executor-1] INFO  impl.RoleInfo (RoleInfo.java:updateAndGet(143)) - 65da0c80-3604-4ac2-9a39-ee88d748a153: start FollowerState
2019-10-16 21:11:42,468 [Thread-792] INFO  impl.FollowerState (FollowerState.java:run(117)) - 65da0c80-3604-4ac2-9a39-ee88d748a153@group-146C50BE7901-FollowerState was interrupted: java.lang.InterruptedException: sleep interrupted
2019-10-16 21:11:42,469 [grpc-default-executor-0] INFO  impl.RaftServerImpl (RaftServerImpl.java:setRole(184)) - 904f39be-c3d3-4df4-99c0-2e4526e577e3@group-146C50BE7901: changes role from  FOLLOWER to FOLLOWER at term 94 for recognizeCandidate:52743044-8979-4a08-8013-92a14c548982
2019-10-16 21:11:42,469 [grpc-default-executor-0] INFO  impl.RoleInfo (RoleInfo.java:shutdownFollowerState(121)) - 904f39be-c3d3-4df4-99c0-2e4526e577e3: shutdown FollowerState
2019-10-16 21:11:42,469 [grpc-default-executor-0] INFO  impl.RoleInfo (RoleInfo.java:updateAndGet(143)) - 904f39be-c3d3-4df4-99c0-2e4526e577e3: start FollowerState
2019-10-16 21:11:42,469 [Thread-793] INFO  impl.FollowerState (FollowerState.java:run(117)) - 904f39be-c3d3-4df4-99c0-2e4526e577e3@group-146C50BE7901-FollowerState was interrupted: java.lang.InterruptedException: sleep interrupted
2019-10-16 21:11:42,527 [52743044-8979-4a08-8013-92a14c548982@group-146C50BE7901-LeaderElection81] INFO  impl.LeaderElection (LeaderElection.java:logAndReturn(56)) - 52743044-8979-4a08-8013-92a14c548982@group-146C50BE7901-LeaderElection81: Election REJECTED; received 2 response(s) [52743044-8979-4a08-8013-92a14c548982<-904f39be-c3d3-4df4-99c0-2e4526e577e3#0:FAIL-t94, 52743044-8979-4a08-8013-92a14c548982<-65da0c80-3604-4ac2-9a39-ee88d748a153#0:FAIL-t94] and 0 exception(s); 52743044-8979-4a08-8013-92a14c548982@group-146C50BE7901:t94, leader=null, voted=52743044-8979-4a08-8013-92a14c548982, raftlog=52743044-8979-4a08-8013-92a14c548982@group-146C50BE7901-SegmentedRaftLog:OPENED:c-1,f-1,i0, conf=-1: [904f39be-c3d3-4df4-99c0-2e4526e577e3:192.168.157.254:45339, 52743044-8979-4a08-8013-92a14c548982:192.168.157.254:36428, 65da0c80-3604-4ac2-9a39-ee88d748a153:192.168.157.254:37466], old=null
2019-10-16 21:11:42,527 [52743044-8979-4a08-8013-92a14c548982@group-146C50BE7901-LeaderElection81] INFO  impl.RaftServerImpl (RaftServerImpl.java:setRole(184)) - 52743044-8979-4a08-8013-92a14c548982@group-146C50BE7901: changes role from CANDIDATE to FOLLOWER at term 94 for DISCOVERED_A_NEW_TERM
2019-10-16 21:11:42,527 [52743044-8979-4a08-8013-92a14c548982@group-146C50BE7901-LeaderElection81] INFO  impl.RoleInfo (RoleInfo.java:shutdownLeaderElection(134)) - 52743044-8979-4a08-8013-92a14c548982: shutdown LeaderElection
2019-10-16 21:11:42,527 [52743044-8979-4a08-8013-92a14c548982@group-146C50BE7901-LeaderElection81] INFO  impl.RoleInfo (RoleInfo.java:updateAndGet(143)) - 52743044-8979-4a08-8013-92a14c548982: start FollowerState
2019-10-16 21:11:42,658 [Thread-800] INFO  impl.FollowerState (FollowerState.java:run(108)) - 52743044-8979-4a08-8013-92a14c548982@group-146C50BE7901-FollowerState: change to CANDIDATE, lastRpcTime:131ms, electionTimeout:131ms
2019-10-16 21:11:42,659 [Thread-800] INFO  impl.RoleInfo (RoleInfo.java:shutdownFollowerState(121)) - 52743044-8979-4a08-8013-92a14c548982: shutdown FollowerState
2019-10-16 21:11:42,659 [Thread-800] INFO  impl.RaftServerImpl (RaftServerImpl.java:setRole(184)) - 52743044-8979-4a08-8013-92a14c548982@group-146C50BE7901: changes role from  FOLLOWER to CANDIDATE at term 94 for changeToCandidate
2019-10-16 21:11:42,659 [Thread-800] INFO  impl.RoleInfo (RoleInfo.java:updateAndGet(143)) - 52743044-8979-4a08-8013-92a14c548982: start LeaderElection
2019-10-16 21:11:42,684 [52743044-8979-4a08-8013-92a14c548982@group-146C50BE7901-LeaderElection82] INFO  impl.LeaderElection (LeaderElection.java:askForVotes(178)) - 52743044-8979-4a08-8013-92a14c548982@group-146C50BE7901-LeaderElection82: begin an election at term 95 for -1: [904f39be-c3d3-4df4-99c0-2e4526e577e3:192.168.157.254:45339, 52743044-8979-4a08-8013-92a14c548982:192.168.157.254:36428, 65da0c80-3604-4ac2-9a39-ee88d748a153:192.168.157.254:37466], old=null
2019-10-16 21:11:42,686 [grpc-default-executor-1] INFO  impl.RaftServerImpl (RaftServerImpl.java:setRole(184)) - 904f39be-c3d3-4df4-99c0-2e4526e577e3@group-146C50BE7901: changes role from  FOLLOWER to FOLLOWER at term 95 for recognizeCandidate:52743044-8979-4a08-8013-92a14c548982
2019-10-16 21:11:42,686 [grpc-default-executor-0] INFO  impl.RaftServerImpl (RaftServerImpl.java:setRole(184)) - 65da0c80-3604-4ac2-9a39-ee88d748a153@group-146C50BE7901: changes role from  FOLLOWER to FOLLOWER at term 95 for recognizeCandidate:52743044-8979-4a08-8013-92a14c548982
2019-10-16 21:11:42,686 [grpc-default-executor-0] INFO  impl.RoleInfo (RoleInfo.java:shutdownFollowerState(121)) - 65da0c80-3604-4ac2-9a39-ee88d748a153: shutdown FollowerState
2019-10-16 21:11:42,686 [grpc-default-executor-1] INFO  impl.RoleInfo (RoleInfo.java:shutdownFollowerState(121)) - 904f39be-c3d3-4df4-99c0-2e4526e577e3: shutdown FollowerState
2019-10-16 21:11:42,687 [Thread-798] INFO  impl.FollowerState (FollowerState.java:run(117)) - 65da0c80-3604-4ac2-9a39-ee88d748a153@group-146C50BE7901-FollowerState was interrupted: java.lang.InterruptedException: sleep interrupted
2019-10-16 21:11:42,687 [grpc-default-executor-0] INFO  impl.RoleInfo (RoleInfo.java:updateAndGet(143)) - 65da0c80-3604-4ac2-9a39-ee88d748a153: start FollowerState
2019-10-16 21:11:42,687 [Thread-799] INFO  impl.FollowerState (FollowerState.java:run(117)) - 904f39be-c3d3-4df4-99c0-2e4526e577e3@group-146C50BE7901-FollowerState was interrupted: java.lang.InterruptedException: sleep interrupted
2019-10-16 21:11:42,687 [grpc-default-executor-1] INFO  impl.RoleInfo (RoleInfo.java:updateAndGet(143)) - 904f39be-c3d3-4df4-99c0-2e4526e577e3: start FollowerState
2019-10-16 21:11:42,698 [52743044-8979-4a08-8013-92a14c548982@group-146C50BE7901-LeaderElection82] INFO  impl.LeaderElection (LeaderElection.java:logAndReturn(56)) - 52743044-8979-4a08-8013-92a14c548982@group-146C50BE7901-LeaderElection82: Election REJECTED; received 2 response(s) [52743044-8979-4a08-8013-92a14c548982<-904f39be-c3d3-4df4-99c0-2e4526e577e3#0:FAIL-t95, 52743044-8979-4a08-8013-92a14c548982<-65da0c80-3604-4ac2-9a39-ee88d748a153#0:FAIL-t95] and 0 exception(s); 52743044-8979-4a08-8013-92a14c548982@group-146C50BE7901:t95, leader=null, voted=52743044-8979-4a08-8013-92a14c548982, raftlog=52743044-8979-4a08-8013-92a14c548982@group-146C50BE7901-SegmentedRaftLog:OPENED:c-1,f-1,i0, conf=-1: [904f39be-c3d3-4df4-99c0-2e4526e577e3:192.168.157.254:45339, 52743044-8979-4a08-8013-92a14c548982:192.168.157.254:36428, 65da0c80-3604-4ac2-9a39-ee88d748a153:192.168.157.254:37466], old=null
2019-10-16 21:11:42,698 [52743044-8979-4a08-8013-92a14c548982@group-146C50BE7901-LeaderElection82] INFO  impl.RaftServerImpl (RaftServerImpl.java:setRole(184)) - 52743044-8979-4a08-8013-92a14c548982@group-146C50BE7901: changes role from CANDIDATE to FOLLOWER at term 95 for DISCOVERED_A_NEW_TERM
2019-10-16 21:11:42,698 [52743044-8979-4a08-8013-92a14c548982@group-146C50BE7901-LeaderElection82] INFO  impl.RoleInfo (RoleInfo.java:shutdownLeaderElection(134)) - 52743044-8979-4a08-8013-92a14c548982: shutdown LeaderElection
2019-10-16 21:11:42,698 [52743044-8979-4a08-8013-92a14c548982@group-146C50BE7901-LeaderElection82] INFO  impl.RoleInfo (RoleInfo.java:updateAndGet(143)) - 52743044-8979-4a08-8013-92a14c548982: start FollowerState
2019-10-16 21:11:42,734 [Thread-806] INFO  impl.FollowerState (FollowerState.java:run(108)) - 52743044-8979-4a08-8013-92a14c548982@group-146C50BE7901-FollowerState: change to CANDIDATE, lastRpcTime:35ms, electionTimeout:35ms
2019-10-16 21:11:42,734 [Thread-806] INFO  impl.RoleInfo (RoleInfo.java:shutdownFollowerState(121)) - 52743044-8979-4a08-8013-92a14c548982: shutdown FollowerState
2019-10-16 21:11:42,734 [Thread-806] INFO  impl.RaftServerImpl (RaftServerImpl.java:setRole(184)) - 52743044-8979-4a08-8013-92a14c548982@group-146C50BE7901: changes role from  FOLLOWER to CANDIDATE at term 95 for changeToCandidate
2019-10-16 21:11:42,734 [Thread-806] INFO  impl.RoleInfo (RoleInfo.java:updateAndGet(143)) - 52743044-8979-4a08-8013-92a14c548982: start LeaderElection
2019-10-16 21:11:42,802 [52743044-8979-4a08-8013-92a14c548982@group-146C50BE7901-LeaderElection83] INFO  impl.LeaderElection (LeaderElection.java:askForVotes(178)) - 52743044-8979-4a08-8013-92a14c548982@group-146C50BE7901-LeaderElection83: begin an election at term 96 for -1: [904f39be-c3d3-4df4-99c0-2e4526e577e3:192.168.157.254:45339, 52743044-8979-4a08-8013-92a14c548982:192.168.157.254:36428, 65da0c80-3604-4ac2-9a39-ee88d748a153:192.168.157.254:37466], old=null
2019-10-16 21:11:42,805 [grpc-default-executor-1] INFO  impl.RaftServerImpl (RaftServerImpl.java:setRole(184)) - 904f39be-c3d3-4df4-99c0-2e4526e577e3@group-146C50BE7901: changes role from  FOLLOWER to FOLLOWER at term 96 for recognizeCandidate:52743044-8979-4a08-8013-92a14c548982
2019-10-16 21:11:42,805 [grpc-default-executor-1] INFO  impl.RoleInfo (RoleInfo.java:shutdownFollowerState(121)) - 904f39be-c3d3-4df4-99c0-2e4526e577e3: shutdown FollowerState
2019-10-16 21:11:42,806 [grpc-default-executor-0] INFO  impl.RaftServerImpl (RaftServerImpl.java:setRole(184)) - 65da0c80-3604-4ac2-9a39-ee88d748a153@group-146C50BE7901: changes role from  FOLLOWER to FOLLOWER at term 96 for recognizeCandidate:52743044-8979-4a08-8013-92a14c548982
2019-10-16 21:11:42,806 [grpc-default-executor-0] INFO  impl.RoleInfo (RoleInfo.java:shutdownFollowerState(121)) - 65da0c80-3604-4ac2-9a39-ee88d748a153: shutdown FollowerState
2019-10-16 21:11:42,806 [grpc-default-executor-1] INFO  impl.RoleInfo (RoleInfo.java:updateAndGet(143)) - 904f39be-c3d3-4df4-99c0-2e4526e577e3: start FollowerState
2019-10-16 21:11:42,806 [grpc-default-executor-0] INFO  impl.RoleInfo (RoleInfo.java:updateAndGet(143)) - 65da0c80-3604-4ac2-9a39-ee88d748a153: start FollowerState
2019-10-16 21:11:42,806 [Thread-805] INFO  impl.FollowerState (FollowerState.java:run(117)) - 904f39be-c3d3-4df4-99c0-2e4526e577e3@group-146C50BE7901-FollowerState was interrupted: java.lang.InterruptedException: sleep interrupted
2019-10-16 21:11:42,806 [Thread-804] INFO  impl.FollowerState (FollowerState.java:run(117)) - 65da0c80-3604-4ac2-9a39-ee88d748a153@group-146C50BE7901-FollowerState was interrupted: java.lang.InterruptedException: sleep interrupted
2019-10-16 21:11:42,860 [52743044-8979-4a08-8013-92a14c548982@group-146C50BE7901-LeaderElection83] INFO  impl.LeaderElection (LeaderElection.java:logAndReturn(56)) - 52743044-8979-4a08-8013-92a14c548982@group-146C50BE7901-LeaderElection83: Election TIMEOUT; received 0 response(s) [] and 0 exception(s); 52743044-8979-4a08-8013-92a14c548982@group-146C50BE7901:t96, leader=null, voted=52743044-8979-4a08-8013-92a14c548982, raftlog=52743044-8979-4a08-8013-92a14c548982@group-146C50BE7901-SegmentedRaftLog:OPENED:c-1,f-1,i0, conf=-1: [904f39be-c3d3-4df4-99c0-2e4526e577e3:192.168.157.254:45339, 52743044-8979-4a08-8013-92a14c548982:192.168.157.254:36428, 65da0c80-3604-4ac2-9a39-ee88d748a153:192.168.157.254:37466], old=null
2019-10-16 21:11:42,918 [52743044-8979-4a08-8013-92a14c548982@group-146C50BE7901-LeaderElection83] INFO  impl.LeaderElection (LeaderElection.java:askForVotes(178)) - 52743044-8979-4a08-8013-92a14c548982@group-146C50BE7901-LeaderElection83: begin an election at term 97 for -1: [904f39be-c3d3-4df4-99c0-2e4526e577e3:192.168.157.254:45339, 52743044-8979-4a08-8013-92a14c548982:192.168.157.254:36428, 65da0c80-3604-4ac2-9a39-ee88d748a153:192.168.157.254:37466], old=null
2019-10-16 21:11:42,921 [grpc-default-executor-0] INFO  impl.RaftServerImpl (RaftServerImpl.java:setRole(184)) - 904f39be-c3d3-4df4-99c0-2e4526e577e3@group-146C50BE7901: changes role from  FOLLOWER to FOLLOWER at term 97 for recognizeCandidate:52743044-8979-4a08-8013-92a14c548982
2019-10-16 21:11:42,921 [grpc-default-executor-1] INFO  impl.RaftServerImpl (RaftServerImpl.java:setRole(184)) - 65da0c80-3604-4ac2-9a39-ee88d748a153@group-146C50BE7901: changes role from  FOLLOWER to FOLLOWER at term 97 for recognizeCandidate:52743044-8979-4a08-8013-92a14c548982
2019-10-16 21:11:42,921 [grpc-default-executor-1] INFO  impl.RoleInfo (RoleInfo.java:shutdownFollowerState(121)) - 65da0c80-3604-4ac2-9a39-ee88d748a153: shutdown FollowerState
2019-10-16 21:11:42,921 [grpc-default-executor-0] INFO  impl.RoleInfo (RoleInfo.java:shutdownFollowerState(121)) - 904f39be-c3d3-4df4-99c0-2e4526e577e3: shutdown FollowerState
2019-10-16 21:11:42,921 [grpc-default-executor-1] INFO  impl.RoleInfo (RoleInfo.java:updateAndGet(143)) - 65da0c80-3604-4ac2-9a39-ee88d748a153: start FollowerState
2019-10-16 21:11:42,921 [grpc-default-executor-0] INFO  impl.RoleInfo (RoleInfo.java:updateAndGet(143)) - 904f39be-c3d3-4df4-99c0-2e4526e577e3: start FollowerState
2019-10-16 21:11:42,921 [Thread-811] INFO  impl.FollowerState (FollowerState.java:run(117)) - 65da0c80-3604-4ac2-9a39-ee88d748a153@group-146C50BE7901-FollowerState was interrupted: java.lang.InterruptedException: sleep interrupted
2019-10-16 21:11:42,921 [Thread-810] INFO  impl.FollowerState (FollowerState.java:run(117)) - 904f39be-c3d3-4df4-99c0-2e4526e577e3@group-146C50BE7901-FollowerState was interrupted: java.lang.InterruptedException: sleep interrupted
2019-10-16 21:11:42,981 [52743044-8979-4a08-8013-92a14c548982@group-146C50BE7901-LeaderElection83] INFO  impl.LeaderElection (LeaderElection.java:logAndReturn(56)) - 52743044-8979-4a08-8013-92a14c548982@group-146C50BE7901-LeaderElection83: Election REJECTED; received 2 response(s) [52743044-8979-4a08-8013-92a14c548982<-904f39be-c3d3-4df4-99c0-2e4526e577e3#0:FAIL-t97, 52743044-8979-4a08-8013-92a14c548982<-65da0c80-3604-4ac2-9a39-ee88d748a153#0:FAIL-t97] and 0 exception(s); 52743044-8979-4a08-8013-92a14c548982@group-146C50BE7901:t97, leader=null, voted=52743044-8979-4a08-8013-92a14c548982, raftlog=52743044-8979-4a08-8013-92a14c548982@group-146C50BE7901-SegmentedRaftLog:OPENED:c-1,f-1,i0, conf=-1: [904f39be-c3d3-4df4-99c0-2e4526e577e3:192.168.157.254:45339, 52743044-8979-4a08-8013-92a14c548982:192.168.157.254:36428, 65da0c80-3604-4ac2-9a39-ee88d748a153:192.168.157.254:37466], old=null
2019-10-16 21:11:42,981 [52743044-8979-4a08-8013-92a14c548982@group-146C50BE7901-LeaderElection83] INFO  impl.RaftServerImpl (RaftServerImpl.java:setRole(184)) - 52743044-8979-4a08-8013-92a14c548982@group-146C50BE7901: changes role from CANDIDATE to FOLLOWER at term 97 for DISCOVERED_A_NEW_TERM
2019-10-16 21:11:42,981 [52743044-8979-4a08-8013-92a14c548982@group-146C50BE7901-LeaderElection83] INFO  impl.RoleInfo (RoleInfo.java:shutdownLeaderElection(134)) - 52743044-8979-4a08-8013-92a14c548982: shutdown LeaderElection
2019-10-16 21:11:42,981 [52743044-8979-4a08-8013-92a14c548982@group-146C50BE7901-LeaderElection83] INFO  impl.RoleInfo (RoleInfo.java:updateAndGet(143)) - 52743044-8979-4a08-8013-92a14c548982: start FollowerState
2019-10-16 21:11:43,047 [Thread-816] INFO  impl.FollowerState (FollowerState.java:run(108)) - 52743044-8979-4a08-8013-92a14c548982@group-146C50BE7901-FollowerState: change to CANDIDATE, lastRpcTime:65ms, electionTimeout:65ms
2019-10-16 21:11:43,047 [Thread-816] INFO  impl.RoleInfo (RoleInfo.java:shutdownFollowerState(121)) - 52743044-8979-4a08-8013-92a14c548982: shutdown FollowerState
2019-10-16 21:11:43,047 [Thread-816] INFO  impl.RaftServerImpl (RaftServerImpl.java:setRole(184)) - 52743044-8979-4a08-8013-92a14c548982@group-146C50BE7901: changes role from  FOLLOWER to CANDIDATE at term 97 for changeToCandidate
2019-10-16 21:11:43,048 [Thread-816] INFO  impl.RoleInfo (RoleInfo.java:updateAndGet(143)) - 52743044-8979-4a08-8013-92a14c548982: start LeaderElection
2019-10-16 21:11:43,098 [52743044-8979-4a08-8013-92a14c548982@group-146C50BE7901-LeaderElection84] INFO  impl.LeaderElection (LeaderElection.java:askForVotes(178)) - 52743044-8979-4a08-8013-92a14c548982@group-146C50BE7901-LeaderElection84: begin an election at term 98 for -1: [904f39be-c3d3-4df4-99c0-2e4526e577e3:192.168.157.254:45339, 52743044-8979-4a08-8013-92a14c548982:192.168.157.254:36428, 65da0c80-3604-4ac2-9a39-ee88d748a153:192.168.157.254:37466], old=null
2019-10-16 21:11:43,101 [grpc-default-executor-0] INFO  impl.RaftServerImpl (RaftServerImpl.java:setRole(184)) - 65da0c80-3604-4ac2-9a39-ee88d748a153@group-146C50BE7901: changes role from  FOLLOWER to FOLLOWER at term 98 for recognizeCandidate:52743044-8979-4a08-8013-92a14c548982
2019-10-16 21:11:43,102 [grpc-default-executor-0] INFO  impl.RoleInfo (RoleInfo.java:shutdownFollowerState(121)) - 65da0c80-3604-4ac2-9a39-ee88d748a153: shutdown FollowerState
2019-10-16 21:11:43,102 [grpc-default-executor-1] INFO  impl.RaftServerImpl (RaftServerImpl.java:setRole(184)) - 904f39be-c3d3-4df4-99c0-2e4526e577e3@group-146C50BE7901: changes role from  FOLLOWER to FOLLOWER at term 98 for recognizeCandidate:52743044-8979-4a08-8013-92a14c548982
2019-10-16 21:11:43,102 [Thread-814] INFO  impl.FollowerState (FollowerState.java:run(117)) - 65da0c80-3604-4ac2-9a39-ee88d748a153@group-146C50BE7901-FollowerState was interrupted: java.lang.InterruptedException: sleep interrupted
2019-10-16 21:11:43,102 [grpc-default-executor-0] INFO  impl.RoleInfo (RoleInfo.java:updateAndGet(143)) - 65da0c80-3604-4ac2-9a39-ee88d748a153: start FollowerState
2019-10-16 21:11:43,102 [grpc-default-executor-1] INFO  impl.RoleInfo (RoleInfo.java:shutdownFollowerState(121)) - 904f39be-c3d3-4df4-99c0-2e4526e577e3: shutdown FollowerState
2019-10-16 21:11:43,102 [grpc-default-executor-1] INFO  impl.RoleInfo (RoleInfo.java:updateAndGet(143)) - 904f39be-c3d3-4df4-99c0-2e4526e577e3: start FollowerState
2019-10-16 21:11:43,102 [Thread-815] INFO  impl.FollowerState (FollowerState.java:run(117)) - 904f39be-c3d3-4df4-99c0-2e4526e577e3@group-146C50BE7901-FollowerState was interrupted: java.lang.InterruptedException: sleep interrupted
2019-10-16 21:11:43,147 [52743044-8979-4a08-8013-92a14c548982@group-146C50BE7901-LeaderElection84] INFO  impl.LeaderElection (LeaderElection.java:logAndReturn(56)) - 52743044-8979-4a08-8013-92a14c548982@group-146C50BE7901-LeaderElection84: Election REJECTED; received 2 response(s) [52743044-8979-4a08-8013-92a14c548982<-904f39be-c3d3-4df4-99c0-2e4526e577e3#0:FAIL-t98, 52743044-8979-4a08-8013-92a14c548982<-65da0c80-3604-4ac2-9a39-ee88d748a153#0:FAIL-t98] and 0 exception(s); 52743044-8979-4a08-8013-92a14c548982@group-146C50BE7901:t98, leader=null, voted=52743044-8979-4a08-8013-92a14c548982, raftlog=52743044-8979-4a08-8013-92a14c548982@group-146C50BE7901-SegmentedRaftLog:OPENED:c-1,f-1,i0, conf=-1: [904f39be-c3d3-4df4-99c0-2e4526e577e3:192.168.157.254:45339, 52743044-8979-4a08-8013-92a14c548982:192.168.157.254:36428, 65da0c80-3604-4ac2-9a39-ee88d748a153:192.168.157.254:37466], old=null
2019-10-16 21:11:43,147 [52743044-8979-4a08-8013-92a14c548982@group-146C50BE7901-LeaderElection84] INFO  impl.RaftServerImpl (RaftServerImpl.java:setRole(184)) - 52743044-8979-4a08-8013-92a14c548982@group-146C50BE7901: changes role from CANDIDATE to FOLLOWER at term 98 for DISCOVERED_A_NEW_TERM
2019-10-16 21:11:43,147 [52743044-8979-4a08-8013-92a14c548982@group-146C50BE7901-LeaderElection84] INFO  impl.RoleInfo (RoleInfo.java:shutdownLeaderElection(134)) - 52743044-8979-4a08-8013-92a14c548982: shutdown LeaderElection
2019-10-16 21:11:43,147 [52743044-8979-4a08-8013-92a14c548982@group-146C50BE7901-LeaderElection84] INFO  impl.RoleInfo (RoleInfo.java:updateAndGet(143)) - 52743044-8979-4a08-8013-92a14c548982: start FollowerState
2019-10-16 21:11:43,170 [Thread-822] INFO  impl.FollowerState (FollowerState.java:run(108)) - 52743044-8979-4a08-8013-92a14c548982@group-146C50BE7901-FollowerState: change to CANDIDATE, lastRpcTime:22ms, electionTimeout:22ms
2019-10-16 21:11:43,170 [Thread-822] INFO  impl.RoleInfo (RoleInfo.java:shutdownFollowerState(121)) - 52743044-8979-4a08-8013-92a14c548982: shutdown FollowerState
2019-10-16 21:11:43,170 [Thread-822] INFO  impl.RaftServerImpl (RaftServerImpl.java:setRole(184)) - 52743044-8979-4a08-8013-92a14c548982@group-146C50BE7901: changes role from  FOLLOWER to CANDIDATE at term 98 for changeToCandidate
2019-10-16 21:11:43,170 [Thread-822] INFO  impl.RoleInfo (RoleInfo.java:updateAndGet(143)) - 52743044-8979-4a08-8013-92a14c548982: start LeaderElection
2019-10-16 21:11:43,194 [52743044-8979-4a08-8013-92a14c548982@group-146C50BE7901-LeaderElection85] INFO  impl.LeaderElection (LeaderElection.java:askForVotes(178)) - 52743044-8979-4a08-8013-92a14c548982@group-146C50BE7901-LeaderElection85: begin an election at term 99 for -1: [904f39be-c3d3-4df4-99c0-2e4526e577e3:192.168.157.254:45339, 52743044-8979-4a08-8013-92a14c548982:192.168.157.254:36428, 65da0c80-3604-4ac2-9a39-ee88d748a153:192.168.157.254:37466], old=null
2019-10-16 21:11:43,196 [grpc-default-executor-0] INFO  impl.RaftServerImpl (RaftServerImpl.java:setRole(184)) - 65da0c80-3604-4ac2-9a39-ee88d748a153@group-146C50BE7901: changes role from  FOLLOWER to FOLLOWER at term 99 for recognizeCandidate:52743044-8979-4a08-8013-92a14c548982
2019-10-16 21:11:43,196 [grpc-default-executor-0] INFO  impl.RoleInfo (RoleInfo.java:shutdownFollowerState(121)) - 65da0c80-3604-4ac2-9a39-ee88d748a153: shutdown FollowerState
2019-10-16 21:11:43,197 [grpc-default-executor-0] INFO  impl.RoleInfo (RoleInfo.java:updateAndGet(143)) - 65da0c80-3604-4ac2-9a39-ee88d748a153: start FollowerState
2019-10-16 21:11:43,197 [Thread-820] INFO  impl.FollowerState (FollowerState.java:run(117)) - 65da0c80-3604-4ac2-9a39-ee88d748a153@group-146C50BE7901-FollowerState was interrupted: java.lang.InterruptedException: sleep interrupted
2019-10-16 21:11:43,197 [grpc-default-executor-1] INFO  impl.RaftServerImpl (RaftServerImpl.java:setRole(184)) - 904f39be-c3d3-4df4-99c0-2e4526e577e3@group-146C50BE7901: changes role from  FOLLOWER to FOLLOWER at term 99 for recognizeCandidate:52743044-8979-4a08-8013-92a14c548982
2019-10-16 21:11:43,197 [grpc-default-executor-1] INFO  impl.RoleInfo (RoleInfo.java:shutdownFollowerState(121)) - 904f39be-c3d3-4df4-99c0-2e4526e577e3: shutdown FollowerState
2019-10-16 21:11:43,197 [grpc-default-executor-1] INFO  impl.RoleInfo (RoleInfo.java:updateAndGet(143)) - 904f39be-c3d3-4df4-99c0-2e4526e577e3: start FollowerState
2019-10-16 21:11:43,197 [Thread-821] INFO  impl.FollowerState (FollowerState.java:run(117)) - 904f39be-c3d3-4df4-99c0-2e4526e577e3@group-146C50BE7901-FollowerState was interrupted: java.lang.InterruptedException: sleep interrupted
2019-10-16 21:11:43,201 [main] INFO  ozone.MiniOzoneClusterImpl (MiniOzoneClusterImpl.java:lambda$waitForClusterToBeReady$2(164)) - Waiting for 1 number of pipelines out of 4, to report a leader.
2019-10-16 21:11:43,265 [52743044-8979-4a08-8013-92a14c548982@group-146C50BE7901-LeaderElection85] INFO  impl.LeaderElection (LeaderElection.java:logAndReturn(56)) - 52743044-8979-4a08-8013-92a14c548982@group-146C50BE7901-LeaderElection85: Election REJECTED; received 2 response(s) [52743044-8979-4a08-8013-92a14c548982<-904f39be-c3d3-4df4-99c0-2e4526e577e3#0:FAIL-t99, 52743044-8979-4a08-8013-92a14c548982<-65da0c80-3604-4ac2-9a39-ee88d748a153#0:FAIL-t99] and 0 exception(s); 52743044-8979-4a08-8013-92a14c548982@group-146C50BE7901:t99, leader=null, voted=52743044-8979-4a08-8013-92a14c548982, raftlog=52743044-8979-4a08-8013-92a14c548982@group-146C50BE7901-SegmentedRaftLog:OPENED:c-1,f-1,i0, conf=-1: [904f39be-c3d3-4df4-99c0-2e4526e577e3:192.168.157.254:45339, 52743044-8979-4a08-8013-92a14c548982:192.168.157.254:36428, 65da0c80-3604-4ac2-9a39-ee88d748a153:192.168.157.254:37466], old=null
2019-10-16 21:11:43,266 [52743044-8979-4a08-8013-92a14c548982@group-146C50BE7901-LeaderElection85] INFO  impl.RaftServerImpl (RaftServerImpl.java:setRole(184)) - 52743044-8979-4a08-8013-92a14c548982@group-146C50BE7901: changes role from CANDIDATE to FOLLOWER at term 99 for DISCOVERED_A_NEW_TERM
2019-10-16 21:11:43,266 [52743044-8979-4a08-8013-92a14c548982@group-146C50BE7901-LeaderElection85] INFO  impl.RoleInfo (RoleInfo.java:shutdownLeaderElection(134)) - 52743044-8979-4a08-8013-92a14c548982: shutdown LeaderElection
2019-10-16 21:11:43,266 [52743044-8979-4a08-8013-92a14c548982@group-146C50BE7901-LeaderElection85] INFO  impl.RoleInfo (RoleInfo.java:updateAndGet(143)) - 52743044-8979-4a08-8013-92a14c548982: start FollowerState
2019-10-16 21:11:43,439 [Thread-828] INFO  impl.FollowerState (FollowerState.java:run(108)) - 52743044-8979-4a08-8013-92a14c548982@group-146C50BE7901-FollowerState: change to CANDIDATE, lastRpcTime:173ms, electionTimeout:173ms
2019-10-16 21:11:43,440 [Thread-828] INFO  impl.RoleInfo (RoleInfo.java:shutdownFollowerState(121)) - 52743044-8979-4a08-8013-92a14c548982: shutdown FollowerState
2019-10-16 21:11:43,440 [Thread-828] INFO  impl.RaftServerImpl (RaftServerImpl.java:setRole(184)) - 52743044-8979-4a08-8013-92a14c548982@group-146C50BE7901: changes role from  FOLLOWER to CANDIDATE at term 99 for changeToCandidate
2019-10-16 21:11:43,440 [Thread-828] INFO  impl.RoleInfo (RoleInfo.java:updateAndGet(143)) - 52743044-8979-4a08-8013-92a14c548982: start LeaderElection
2019-10-16 21:11:43,499 [52743044-8979-4a08-8013-92a14c548982@group-146C50BE7901-LeaderElection86] INFO  impl.LeaderElection (LeaderElection.java:askForVotes(178)) - 52743044-8979-4a08-8013-92a14c548982@group-146C50BE7901-LeaderElection86: begin an election at term 100 for -1: [904f39be-c3d3-4df4-99c0-2e4526e577e3:192.168.157.254:45339, 52743044-8979-4a08-8013-92a14c548982:192.168.157.254:36428, 65da0c80-3604-4ac2-9a39-ee88d748a153:192.168.157.254:37466], old=null
2019-10-16 21:11:43,502 [grpc-default-executor-0] INFO  impl.RaftServerImpl (RaftServerImpl.java:setRole(184)) - 904f39be-c3d3-4df4-99c0-2e4526e577e3@group-146C50BE7901: changes role from  FOLLOWER to FOLLOWER at term 100 for recognizeCandidate:52743044-8979-4a08-8013-92a14c548982
2019-10-16 21:11:43,502 [grpc-default-executor-0] INFO  impl.RoleInfo (RoleInfo.java:shutdownFollowerState(121)) - 904f39be-c3d3-4df4-99c0-2e4526e577e3: shutdown FollowerState
2019-10-16 21:11:43,502 [grpc-default-executor-1] INFO  impl.RaftServerImpl (RaftServerImpl.java:setRole(184)) - 65da0c80-3604-4ac2-9a39-ee88d748a153@group-146C50BE7901: changes role from  FOLLOWER to FOLLOWER at term 100 for recognizeCandidate:52743044-8979-4a08-8013-92a14c548982
2019-10-16 21:11:43,502 [Thread-827] INFO  impl.FollowerState (FollowerState.java:run(117)) - 904f39be-c3d3-4df4-99c0-2e4526e577e3@group-146C50BE7901-FollowerState was interrupted: java.lang.InterruptedException: sleep interrupted
2019-10-16 21:11:43,502 [grpc-default-executor-0] INFO  impl.RoleInfo (RoleInfo.java:updateAndGet(143)) - 904f39be-c3d3-4df4-99c0-2e4526e577e3: start FollowerState
2019-10-16 21:11:43,502 [grpc-default-executor-1] INFO  impl.RoleInfo (RoleInfo.java:shutdownFollowerState(121)) - 65da0c80-3604-4ac2-9a39-ee88d748a153: shutdown FollowerState
2019-10-16 21:11:43,503 [grpc-default-executor-1] INFO  impl.RoleInfo (RoleInfo.java:updateAndGet(143)) - 65da0c80-3604-4ac2-9a39-ee88d748a153: start FollowerState
2019-10-16 21:11:43,503 [Thread-826] INFO  impl.FollowerState (FollowerState.java:run(117)) - 65da0c80-3604-4ac2-9a39-ee88d748a153@group-146C50BE7901-FollowerState was interrupted: java.lang.InterruptedException: sleep interrupted
2019-10-16 21:11:43,554 [52743044-8979-4a08-8013-92a14c548982@group-146C50BE7901-LeaderElection86] INFO  impl.LeaderElection (LeaderElection.java:logAndReturn(56)) - 52743044-8979-4a08-8013-92a14c548982@group-146C50BE7901-LeaderElection86: Election REJECTED; received 2 response(s) [52743044-8979-4a08-8013-92a14c548982<-904f39be-c3d3-4df4-99c0-2e4526e577e3#0:FAIL-t100, 52743044-8979-4a08-8013-92a14c548982<-65da0c80-3604-4ac2-9a39-ee88d748a153#0:FAIL-t100] and 0 exception(s); 52743044-8979-4a08-8013-92a14c548982@group-146C50BE7901:t100, leader=null, voted=52743044-8979-4a08-8013-92a14c548982, raftlog=52743044-8979-4a08-8013-92a14c548982@group-146C50BE7901-SegmentedRaftLog:OPENED:c-1,f-1,i0, conf=-1: [904f39be-c3d3-4df4-99c0-2e4526e577e3:192.168.157.254:45339, 52743044-8979-4a08-8013-92a14c548982:192.168.157.254:36428, 65da0c80-3604-4ac2-9a39-ee88d748a153:192.168.157.254:37466], old=null
2019-10-16 21:11:43,554 [52743044-8979-4a08-8013-92a14c548982@group-146C50BE7901-LeaderElection86] INFO  impl.RaftServerImpl (RaftServerImpl.java:setRole(184)) - 52743044-8979-4a08-8013-92a14c548982@group-146C50BE7901: changes role from CANDIDATE to FOLLOWER at term 100 for DISCOVERED_A_NEW_TERM
2019-10-16 21:11:43,554 [52743044-8979-4a08-8013-92a14c548982@group-146C50BE7901-LeaderElection86] INFO  impl.RoleInfo (RoleInfo.java:shutdownLeaderElection(134)) - 52743044-8979-4a08-8013-92a14c548982: shutdown LeaderElection
2019-10-16 21:11:43,554 [52743044-8979-4a08-8013-92a14c548982@group-146C50BE7901-LeaderElection86] INFO  impl.RoleInfo (RoleInfo.java:updateAndGet(143)) - 52743044-8979-4a08-8013-92a14c548982: start FollowerState
2019-10-16 21:11:43,580 [Thread-834] INFO  impl.FollowerState (FollowerState.java:run(108)) - 52743044-8979-4a08-8013-92a14c548982@group-146C50BE7901-FollowerState: change to CANDIDATE, lastRpcTime:25ms, electionTimeout:25ms
2019-10-16 21:11:43,580 [Thread-834] INFO  impl.RoleInfo (RoleInfo.java:shutdownFollowerState(121)) - 52743044-8979-4a08-8013-92a14c548982: shutdown FollowerState
2019-10-16 21:11:43,580 [Thread-834] INFO  impl.RaftServerImpl (RaftServerImpl.java:setRole(184)) - 52743044-8979-4a08-8013-92a14c548982@group-146C50BE7901: changes role from  FOLLOWER to CANDIDATE at term 100 for changeToCandidate
2019-10-16 21:11:43,580 [Thread-834] INFO  impl.RoleInfo (RoleInfo.java:updateAndGet(143)) - 52743044-8979-4a08-8013-92a14c548982: start LeaderElection
2019-10-16 21:11:43,618 [52743044-8979-4a08-8013-92a14c548982@group-146C50BE7901-LeaderElection87] INFO  impl.LeaderElection (LeaderElection.java:askForVotes(178)) - 52743044-8979-4a08-8013-92a14c548982@group-146C50BE7901-LeaderElection87: begin an election at term 101 for -1: [904f39be-c3d3-4df4-99c0-2e4526e577e3:192.168.157.254:45339, 52743044-8979-4a08-8013-92a14c548982:192.168.157.254:36428, 65da0c80-3604-4ac2-9a39-ee88d748a153:192.168.157.254:37466], old=null
2019-10-16 21:11:43,620 [grpc-default-executor-0] INFO  impl.RaftServerImpl (RaftServerImpl.java:setRole(184)) - 904f39be-c3d3-4df4-99c0-2e4526e577e3@group-146C50BE7901: changes role from  FOLLOWER to FOLLOWER at term 101 for recognizeCandidate:52743044-8979-4a08-8013-92a14c548982
2019-10-16 21:11:43,620 [grpc-default-executor-0] INFO  impl.RoleInfo (RoleInfo.java:shutdownFollowerState(121)) - 904f39be-c3d3-4df4-99c0-2e4526e577e3: shutdown FollowerState
2019-10-16 21:11:43,621 [grpc-default-executor-0] INFO  impl.RoleInfo (RoleInfo.java:updateAndGet(143)) - 904f39be-c3d3-4df4-99c0-2e4526e577e3: start FollowerState
2019-10-16 21:11:43,621 [Thread-832] INFO  impl.FollowerState (FollowerState.java:run(117)) - 904f39be-c3d3-4df4-99c0-2e4526e577e3@group-146C50BE7901-FollowerState was interrupted: java.lang.InterruptedException: sleep interrupted
2019-10-16 21:11:43,621 [grpc-default-executor-1] INFO  impl.RaftServerImpl (RaftServerImpl.java:setRole(184)) - 65da0c80-3604-4ac2-9a39-ee88d748a153@group-146C50BE7901: changes role from  FOLLOWER to FOLLOWER at term 101 for recognizeCandidate:52743044-8979-4a08-8013-92a14c548982
2019-10-16 21:11:43,621 [grpc-default-executor-1] INFO  impl.RoleInfo (RoleInfo.java:shutdownFollowerState(121)) - 65da0c80-3604-4ac2-9a39-ee88d748a153: shutdown FollowerState
2019-10-16 21:11:43,621 [grpc-default-executor-1] INFO  impl.RoleInfo (RoleInfo.java:updateAndGet(143)) - 65da0c80-3604-4ac2-9a39-ee88d748a153: start FollowerState
2019-10-16 21:11:43,621 [Thread-833] INFO  impl.FollowerState (FollowerState.java:run(117)) - 65da0c80-3604-4ac2-9a39-ee88d748a153@group-146C50BE7901-FollowerState was interrupted: java.lang.InterruptedException: sleep interrupted
2019-10-16 21:11:43,676 [52743044-8979-4a08-8013-92a14c548982@group-146C50BE7901-LeaderElection87] INFO  impl.LeaderElection (LeaderElection.java:logAndReturn(56)) - 52743044-8979-4a08-8013-92a14c548982@group-146C50BE7901-LeaderElection87: Election REJECTED; received 2 response(s) [52743044-8979-4a08-8013-92a14c548982<-904f39be-c3d3-4df4-99c0-2e4526e577e3#0:FAIL-t101, 52743044-8979-4a08-8013-92a14c548982<-65da0c80-3604-4ac2-9a39-ee88d748a153#0:FAIL-t101] and 0 exception(s); 52743044-8979-4a08-8013-92a14c548982@group-146C50BE7901:t101, leader=null, voted=52743044-8979-4a08-8013-92a14c548982, raftlog=52743044-8979-4a08-8013-92a14c548982@group-146C50BE7901-SegmentedRaftLog:OPENED:c-1,f-1,i0, conf=-1: [904f39be-c3d3-4df4-99c0-2e4526e577e3:192.168.157.254:45339, 52743044-8979-4a08-8013-92a14c548982:192.168.157.254:36428, 65da0c80-3604-4ac2-9a39-ee88d748a153:192.168.157.254:37466], old=null
2019-10-16 21:11:43,676 [52743044-8979-4a08-8013-92a14c548982@group-146C50BE7901-LeaderElection87] INFO  impl.RaftServerImpl (RaftServerImpl.java:setRole(184)) - 52743044-8979-4a08-8013-92a14c548982@group-146C50BE7901: changes role from CANDIDATE to FOLLOWER at term 101 for DISCOVERED_A_NEW_TERM
2019-10-16 21:11:43,676 [52743044-8979-4a08-8013-92a14c548982@group-146C50BE7901-LeaderElection87] INFO  impl.RoleInfo (RoleInfo.java:shutdownLeaderElection(134)) - 52743044-8979-4a08-8013-92a14c548982: shutdown LeaderElection
2019-10-16 21:11:43,677 [52743044-8979-4a08-8013-92a14c548982@group-146C50BE7901-LeaderElection87] INFO  impl.RoleInfo (RoleInfo.java:updateAndGet(143)) - 52743044-8979-4a08-8013-92a14c548982: start FollowerState
2019-10-16 21:11:43,715 [Thread-840] INFO  impl.FollowerState (FollowerState.java:run(108)) - 52743044-8979-4a08-8013-92a14c548982@group-146C50BE7901-FollowerState: change to CANDIDATE, lastRpcTime:38ms, electionTimeout:38ms
2019-10-16 21:11:43,715 [Thread-840] INFO  impl.RoleInfo (RoleInfo.java:shutdownFollowerState(121)) - 52743044-8979-4a08-8013-92a14c548982: shutdown FollowerState
2019-10-16 21:11:43,715 [Thread-840] INFO  impl.RaftServerImpl (RaftServerImpl.java:setRole(184)) - 52743044-8979-4a08-8013-92a14c548982@group-146C50BE7901: changes role from  FOLLOWER to CANDIDATE at term 101 for changeToCandidate
2019-10-16 21:11:43,715 [Thread-840] INFO  impl.RoleInfo (RoleInfo.java:updateAndGet(143)) - 52743044-8979-4a08-8013-92a14c548982: start LeaderElection
2019-10-16 21:11:43,779 [52743044-8979-4a08-8013-92a14c548982@group-146C50BE7901-LeaderElection88] INFO  impl.LeaderElection (LeaderElection.java:askForVotes(178)) - 52743044-8979-4a08-8013-92a14c548982@group-146C50BE7901-LeaderElection88: begin an election at term 102 for -1: [904f39be-c3d3-4df4-99c0-2e4526e577e3:192.168.157.254:45339, 52743044-8979-4a08-8013-92a14c548982:192.168.157.254:36428, 65da0c80-3604-4ac2-9a39-ee88d748a153:192.168.157.254:37466], old=null
2019-10-16 21:11:43,781 [grpc-default-executor-1] INFO  impl.RaftServerImpl (RaftServerImpl.java:setRole(184)) - 904f39be-c3d3-4df4-99c0-2e4526e577e3@group-146C50BE7901: changes role from  FOLLOWER to FOLLOWER at term 102 for recognizeCandidate:52743044-8979-4a08-8013-92a14c548982
2019-10-16 21:11:43,781 [grpc-default-executor-1] INFO  impl.RoleInfo (RoleInfo.java:shutdownFollowerState(121)) - 904f39be-c3d3-4df4-99c0-2e4526e577e3: shutdown FollowerState
2019-10-16 21:11:43,781 [grpc-default-executor-1] INFO  impl.RoleInfo (RoleInfo.java:updateAndGet(143)) - 904f39be-c3d3-4df4-99c0-2e4526e577e3: start FollowerState
2019-10-16 21:11:43,781 [Thread-838] INFO  impl.FollowerState (FollowerState.java:run(117)) - 904f39be-c3d3-4df4-99c0-2e4526e577e3@group-146C50BE7901-FollowerState was interrupted: java.lang.InterruptedException: sleep interrupted
2019-10-16 21:11:43,781 [grpc-default-executor-0] INFO  impl.RaftServerImpl (RaftServerImpl.java:setRole(184)) - 65da0c80-3604-4ac2-9a39-ee88d748a153@group-146C50BE7901: changes role from  FOLLOWER to FOLLOWER at term 102 for recognizeCandidate:52743044-8979-4a08-8013-92a14c548982
2019-10-16 21:11:43,782 [grpc-default-executor-0] INFO  impl.RoleInfo (RoleInfo.java:shutdownFollowerState(121)) - 65da0c80-3604-4ac2-9a39-ee88d748a153: shutdown FollowerState
2019-10-16 21:11:43,782 [grpc-default-executor-0] INFO  impl.RoleInfo (RoleInfo.java:updateAndGet(143)) - 65da0c80-3604-4ac2-9a39-ee88d748a153: start FollowerState
2019-10-16 21:11:43,782 [Thread-839] INFO  impl.FollowerState (FollowerState.java:run(117)) - 65da0c80-3604-4ac2-9a39-ee88d748a153@group-146C50BE7901-FollowerState was interrupted: java.lang.InterruptedException: sleep interrupted
2019-10-16 21:11:43,803 [52743044-8979-4a08-8013-92a14c548982@group-146C50BE7901-LeaderElection88] INFO  impl.LeaderElection (LeaderElection.java:logAndReturn(56)) - 52743044-8979-4a08-8013-92a14c548982@group-146C50BE7901-LeaderElection88: Election REJECTED; received 2 response(s) [52743044-8979-4a08-8013-92a14c548982<-904f39be-c3d3-4df4-99c0-2e4526e577e3#0:FAIL-t102, 52743044-8979-4a08-8013-92a14c548982<-65da0c80-3604-4ac2-9a39-ee88d748a153#0:FAIL-t102] and 0 exception(s); 52743044-8979-4a08-8013-92a14c548982@group-146C50BE7901:t102, leader=null, voted=52743044-8979-4a08-8013-92a14c548982, raftlog=52743044-8979-4a08-8013-92a14c548982@group-146C50BE7901-SegmentedRaftLog:OPENED:c-1,f-1,i0, conf=-1: [904f39be-c3d3-4df4-99c0-2e4526e577e3:192.168.157.254:45339, 52743044-8979-4a08-8013-92a14c548982:192.168.157.254:36428, 65da0c80-3604-4ac2-9a39-ee88d748a153:192.168.157.254:37466], old=null
2019-10-16 21:11:43,803 [52743044-8979-4a08-8013-92a14c548982@group-146C50BE7901-LeaderElection88] INFO  impl.RaftServerImpl (RaftServerImpl.java:setRole(184)) - 52743044-8979-4a08-8013-92a14c548982@group-146C50BE7901: changes role from CANDIDATE to FOLLOWER at term 102 for DISCOVERED_A_NEW_TERM
2019-10-16 21:11:43,804 [52743044-8979-4a08-8013-92a14c548982@group-146C50BE7901-LeaderElection88] INFO  impl.RoleInfo (RoleInfo.java:shutdownLeaderElection(134)) - 52743044-8979-4a08-8013-92a14c548982: shutdown LeaderElection
2019-10-16 21:11:43,804 [52743044-8979-4a08-8013-92a14c548982@group-146C50BE7901-LeaderElection88] INFO  impl.RoleInfo (RoleInfo.java:updateAndGet(143)) - 52743044-8979-4a08-8013-92a14c548982: start FollowerState
2019-10-16 21:11:43,973 [Thread-846] INFO  impl.FollowerState (FollowerState.java:run(108)) - 52743044-8979-4a08-8013-92a14c548982@group-146C50BE7901-FollowerState: change to CANDIDATE, lastRpcTime:169ms, electionTimeout:169ms
2019-10-16 21:11:43,973 [Thread-846] INFO  impl.RoleInfo (RoleInfo.java:shutdownFollowerState(121)) - 52743044-8979-4a08-8013-92a14c548982: shutdown FollowerState
2019-10-16 21:11:43,973 [Thread-846] INFO  impl.RaftServerImpl (RaftServerImpl.java:setRole(184)) - 52743044-8979-4a08-8013-92a14c548982@group-146C50BE7901: changes role from  FOLLOWER to CANDIDATE at term 102 for changeToCandidate
2019-10-16 21:11:43,974 [Thread-846] INFO  impl.RoleInfo (RoleInfo.java:updateAndGet(143)) - 52743044-8979-4a08-8013-92a14c548982: start LeaderElection
2019-10-16 21:11:44,041 [52743044-8979-4a08-8013-92a14c548982@group-146C50BE7901-LeaderElection89] INFO  impl.LeaderElection (LeaderElection.java:askForVotes(178)) - 52743044-8979-4a08-8013-92a14c548982@group-146C50BE7901-LeaderElection89: begin an election at term 103 for -1: [904f39be-c3d3-4df4-99c0-2e4526e577e3:192.168.157.254:45339, 52743044-8979-4a08-8013-92a14c548982:192.168.157.254:36428, 65da0c80-3604-4ac2-9a39-ee88d748a153:192.168.157.254:37466], old=null
2019-10-16 21:11:44,043 [grpc-default-executor-1] INFO  impl.RaftServerImpl (RaftServerImpl.java:setRole(184)) - 904f39be-c3d3-4df4-99c0-2e4526e577e3@group-146C50BE7901: changes role from  FOLLOWER to FOLLOWER at term 103 for recognizeCandidate:52743044-8979-4a08-8013-92a14c548982
2019-10-16 21:11:44,044 [grpc-default-executor-1] INFO  impl.RoleInfo (RoleInfo.java:shutdownFollowerState(121)) - 904f39be-c3d3-4df4-99c0-2e4526e577e3: shutdown FollowerState
2019-10-16 21:11:44,044 [grpc-default-executor-1] INFO  impl.RoleInfo (RoleInfo.java:updateAndGet(143)) - 904f39be-c3d3-4df4-99c0-2e4526e577e3: start FollowerState
2019-10-16 21:11:44,044 [Thread-844] INFO  impl.FollowerState (FollowerState.java:run(117)) - 904f39be-c3d3-4df4-99c0-2e4526e577e3@group-146C50BE7901-FollowerState was interrupted: java.lang.InterruptedException: sleep interrupted
2019-10-16 21:11:44,044 [grpc-default-executor-0] INFO  impl.RaftServerImpl (RaftServerImpl.java:setRole(184)) - 65da0c80-3604-4ac2-9a39-ee88d748a153@group-146C50BE7901: changes role from  FOLLOWER to FOLLOWER at term 103 for recognizeCandidate:52743044-8979-4a08-8013-92a14c548982
2019-10-16 21:11:44,044 [grpc-default-executor-0] INFO  impl.RoleInfo (RoleInfo.java:shutdownFollowerState(121)) - 65da0c80-3604-4ac2-9a39-ee88d748a153: shutdown FollowerState
2019-10-16 21:11:44,044 [grpc-default-executor-0] INFO  impl.RoleInfo (RoleInfo.java:updateAndGet(143)) - 65da0c80-3604-4ac2-9a39-ee88d748a153: start FollowerState
2019-10-16 21:11:44,045 [Thread-845] INFO  impl.FollowerState (FollowerState.java:run(117)) - 65da0c80-3604-4ac2-9a39-ee88d748a153@group-146C50BE7901-FollowerState was interrupted: java.lang.InterruptedException: sleep interrupted
2019-10-16 21:11:44,090 [52743044-8979-4a08-8013-92a14c548982@group-146C50BE7901-LeaderElection89] INFO  impl.LeaderElection (LeaderElection.java:logAndReturn(56)) - 52743044-8979-4a08-8013-92a14c548982@group-146C50BE7901-LeaderElection89: Election TIMEOUT; received 0 response(s) [] and 0 exception(s); 52743044-8979-4a08-8013-92a14c548982@group-146C50BE7901:t103, leader=null, voted=52743044-8979-4a08-8013-92a14c548982, raftlog=52743044-8979-4a08-8013-92a14c548982@group-146C50BE7901-SegmentedRaftLog:OPENED:c-1,f-1,i0, conf=-1: [904f39be-c3d3-4df4-99c0-2e4526e577e3:192.168.157.254:45339, 52743044-8979-4a08-8013-92a14c548982:192.168.157.254:36428, 65da0c80-3604-4ac2-9a39-ee88d748a153:192.168.157.254:37466], old=null
2019-10-16 21:11:44,105 [52743044-8979-4a08-8013-92a14c548982@group-146C50BE7901-LeaderElection89] INFO  impl.LeaderElection (LeaderElection.java:askForVotes(178)) - 52743044-8979-4a08-8013-92a14c548982@group-146C50BE7901-LeaderElection89: begin an election at term 104 for -1: [904f39be-c3d3-4df4-99c0-2e4526e577e3:192.168.157.254:45339, 52743044-8979-4a08-8013-92a14c548982:192.168.157.254:36428, 65da0c80-3604-4ac2-9a39-ee88d748a153:192.168.157.254:37466], old=null
2019-10-16 21:11:44,107 [grpc-default-executor-0] INFO  impl.RaftServerImpl (RaftServerImpl.java:setRole(184)) - 904f39be-c3d3-4df4-99c0-2e4526e577e3@group-146C50BE7901: changes role from  FOLLOWER to FOLLOWER at term 104 for recognizeCandidate:52743044-8979-4a08-8013-92a14c548982
2019-10-16 21:11:44,107 [grpc-default-executor-0] INFO  impl.RoleInfo (RoleInfo.java:shutdownFollowerState(121)) - 904f39be-c3d3-4df4-99c0-2e4526e577e3: shutdown FollowerState
2019-10-16 21:11:44,107 [grpc-default-executor-1] INFO  impl.RaftServerImpl (RaftServerImpl.java:setRole(184)) - 65da0c80-3604-4ac2-9a39-ee88d748a153@group-146C50BE7901: changes role from  FOLLOWER to FOLLOWER at term 104 for recognizeCandidate:52743044-8979-4a08-8013-92a14c548982
2019-10-16 21:11:44,107 [Thread-850] INFO  impl.FollowerState (FollowerState.java:run(117)) - 904f39be-c3d3-4df4-99c0-2e4526e577e3@group-146C50BE7901-FollowerState was interrupted: java.lang.InterruptedException: sleep interrupted
2019-10-16 21:11:44,107 [grpc-default-executor-0] INFO  impl.RoleInfo (RoleInfo.java:updateAndGet(143)) - 904f39be-c3d3-4df4-99c0-2e4526e577e3: start FollowerState
2019-10-16 21:11:44,107 [grpc-default-executor-1] INFO  impl.RoleInfo (RoleInfo.java:shutdownFollowerState(121)) - 65da0c80-3604-4ac2-9a39-ee88d748a153: shutdown FollowerState
2019-10-16 21:11:44,108 [grpc-default-executor-1] INFO  impl.RoleInfo (RoleInfo.java:updateAndGet(143)) - 65da0c80-3604-4ac2-9a39-ee88d748a153: start FollowerState
2019-10-16 21:11:44,108 [Thread-851] INFO  impl.FollowerState (FollowerState.java:run(117)) - 65da0c80-3604-4ac2-9a39-ee88d748a153@group-146C50BE7901-FollowerState was interrupted: java.lang.InterruptedException: sleep interrupted
2019-10-16 21:11:44,125 [52743044-8979-4a08-8013-92a14c548982@group-146C50BE7901-LeaderElection89] INFO  impl.LeaderElection (LeaderElection.java:logAndReturn(56)) - 52743044-8979-4a08-8013-92a14c548982@group-146C50BE7901-LeaderElection89: Election REJECTED; received 2 response(s) [52743044-8979-4a08-8013-92a14c548982<-904f39be-c3d3-4df4-99c0-2e4526e577e3#0:FAIL-t104, 52743044-8979-4a08-8013-92a14c548982<-65da0c80-3604-4ac2-9a39-ee88d748a153#0:FAIL-t104] and 0 exception(s); 52743044-8979-4a08-8013-92a14c548982@group-146C50BE7901:t104, leader=null, voted=52743044-8979-4a08-8013-92a14c548982, raftlog=52743044-8979-4a08-8013-92a14c548982@group-146C50BE7901-SegmentedRaftLog:OPENED:c-1,f-1,i0, conf=-1: [904f39be-c3d3-4df4-99c0-2e4526e577e3:192.168.157.254:45339, 52743044-8979-4a08-8013-92a14c548982:192.168.157.254:36428, 65da0c80-3604-4ac2-9a39-ee88d748a153:192.168.157.254:37466], old=null
2019-10-16 21:11:44,125 [52743044-8979-4a08-8013-92a14c548982@group-146C50BE7901-LeaderElection89] INFO  impl.RaftServerImpl (RaftServerImpl.java:setRole(184)) - 52743044-8979-4a08-8013-92a14c548982@group-146C50BE7901: changes role from CANDIDATE to FOLLOWER at term 104 for DISCOVERED_A_NEW_TERM
2019-10-16 21:11:44,125 [52743044-8979-4a08-8013-92a14c548982@group-146C50BE7901-LeaderElection89] INFO  impl.RoleInfo (RoleInfo.java:shutdownLeaderElection(134)) - 52743044-8979-4a08-8013-92a14c548982: shutdown LeaderElection
2019-10-16 21:11:44,125 [52743044-8979-4a08-8013-92a14c548982@group-146C50BE7901-LeaderElection89] INFO  impl.RoleInfo (RoleInfo.java:updateAndGet(143)) - 52743044-8979-4a08-8013-92a14c548982: start FollowerState
2019-10-16 21:11:44,202 [main] INFO  ozone.MiniOzoneClusterImpl (MiniOzoneClusterImpl.java:lambda$waitForClusterToBeReady$2(164)) - Waiting for 1 number of pipelines out of 4, to report a leader.
2019-10-16 21:11:44,230 [Thread-856] INFO  impl.FollowerState (FollowerState.java:run(108)) - 52743044-8979-4a08-8013-92a14c548982@group-146C50BE7901-FollowerState: change to CANDIDATE, lastRpcTime:104ms, electionTimeout:104ms
2019-10-16 21:11:44,230 [Thread-856] INFO  impl.RoleInfo (RoleInfo.java:shutdownFollowerState(121)) - 52743044-8979-4a08-8013-92a14c548982: shutdown FollowerState
2019-10-16 21:11:44,230 [Thread-856] INFO  impl.RaftServerImpl (RaftServerImpl.java:setRole(184)) - 52743044-8979-4a08-8013-92a14c548982@group-146C50BE7901: changes role from  FOLLOWER to CANDIDATE at term 104 for changeToCandidate
2019-10-16 21:11:44,230 [Thread-856] INFO  impl.RoleInfo (RoleInfo.java:updateAndGet(143)) - 52743044-8979-4a08-8013-92a14c548982: start LeaderElection
2019-10-16 21:11:44,243 [52743044-8979-4a08-8013-92a14c548982@group-146C50BE7901-LeaderElection90] INFO  impl.LeaderElection (LeaderElection.java:askForVotes(178)) - 52743044-8979-4a08-8013-92a14c548982@group-146C50BE7901-LeaderElection90: begin an election at term 105 for -1: [904f39be-c3d3-4df4-99c0-2e4526e577e3:192.168.157.254:45339, 52743044-8979-4a08-8013-92a14c548982:192.168.157.254:36428, 65da0c80-3604-4ac2-9a39-ee88d748a153:192.168.157.254:37466], old=null
2019-10-16 21:11:44,246 [grpc-default-executor-1] INFO  impl.RaftServerImpl (RaftServerImpl.java:setRole(184)) - 904f39be-c3d3-4df4-99c0-2e4526e577e3@group-146C50BE7901: changes role from  FOLLOWER to FOLLOWER at term 105 for recognizeCandidate:52743044-8979-4a08-8013-92a14c548982
2019-10-16 21:11:44,246 [grpc-default-executor-1] INFO  impl.RoleInfo (RoleInfo.java:shutdownFollowerState(121)) - 904f39be-c3d3-4df4-99c0-2e4526e577e3: shutdown FollowerState
2019-10-16 21:11:44,246 [grpc-default-executor-0] INFO  impl.RaftServerImpl (RaftServerImpl.java:setRole(184)) - 65da0c80-3604-4ac2-9a39-ee88d748a153@group-146C50BE7901: changes role from  FOLLOWER to FOLLOWER at term 105 for recognizeCandidate:52743044-8979-4a08-8013-92a14c548982
2019-10-16 21:11:44,246 [Thread-854] INFO  impl.FollowerState (FollowerState.java:run(117)) - 904f39be-c3d3-4df4-99c0-2e4526e577e3@group-146C50BE7901-FollowerState was interrupted: java.lang.InterruptedException: sleep interrupted
2019-10-16 21:11:44,246 [grpc-default-executor-1] INFO  impl.RoleInfo (RoleInfo.java:updateAndGet(143)) - 904f39be-c3d3-4df4-99c0-2e4526e577e3: start FollowerState
2019-10-16 21:11:44,246 [grpc-default-executor-0] INFO  impl.RoleInfo (RoleInfo.java:shutdownFollowerState(121)) - 65da0c80-3604-4ac2-9a39-ee88d748a153: shutdown FollowerState
2019-10-16 21:11:44,247 [grpc-default-executor-0] INFO  impl.RoleInfo (RoleInfo.java:updateAndGet(143)) - 65da0c80-3604-4ac2-9a39-ee88d748a153: start FollowerState
2019-10-16 21:11:44,247 [Thread-855] INFO  impl.FollowerState (FollowerState.java:run(117)) - 65da0c80-3604-4ac2-9a39-ee88d748a153@group-146C50BE7901-FollowerState was interrupted: java.lang.InterruptedException: sleep interrupted
2019-10-16 21:11:44,263 [52743044-8979-4a08-8013-92a14c548982@group-146C50BE7901-LeaderElection90] INFO  impl.LeaderElection (LeaderElection.java:logAndReturn(56)) - 52743044-8979-4a08-8013-92a14c548982@group-146C50BE7901-LeaderElection90: Election REJECTED; received 2 response(s) [52743044-8979-4a08-8013-92a14c548982<-904f39be-c3d3-4df4-99c0-2e4526e577e3#0:FAIL-t105, 52743044-8979-4a08-8013-92a14c548982<-65da0c80-3604-4ac2-9a39-ee88d748a153#0:FAIL-t105] and 0 exception(s); 52743044-8979-4a08-8013-92a14c548982@group-146C50BE7901:t105, leader=null, voted=52743044-8979-4a08-8013-92a14c548982, raftlog=52743044-8979-4a08-8013-92a14c548982@group-146C50BE7901-SegmentedRaftLog:OPENED:c-1,f-1,i0, conf=-1: [904f39be-c3d3-4df4-99c0-2e4526e577e3:192.168.157.254:45339, 52743044-8979-4a08-8013-92a14c548982:192.168.157.254:36428, 65da0c80-3604-4ac2-9a39-ee88d748a153:192.168.157.254:37466], old=null
2019-10-16 21:11:44,263 [52743044-8979-4a08-8013-92a14c548982@group-146C50BE7901-LeaderElection90] INFO  impl.RaftServerImpl (RaftServerImpl.java:setRole(184)) - 52743044-8979-4a08-8013-92a14c548982@group-146C50BE7901: changes role from CANDIDATE to FOLLOWER at term 105 for DISCOVERED_A_NEW_TERM
2019-10-16 21:11:44,263 [52743044-8979-4a08-8013-92a14c548982@group-146C50BE7901-LeaderElection90] INFO  impl.RoleInfo (RoleInfo.java:shutdownLeaderElection(134)) - 52743044-8979-4a08-8013-92a14c548982: shutdown LeaderElection
2019-10-16 21:11:44,263 [52743044-8979-4a08-8013-92a14c548982@group-146C50BE7901-LeaderElection90] INFO  impl.RoleInfo (RoleInfo.java:updateAndGet(143)) - 52743044-8979-4a08-8013-92a14c548982: start FollowerState
2019-10-16 21:11:44,424 [Thread-862] INFO  impl.FollowerState (FollowerState.java:run(108)) - 52743044-8979-4a08-8013-92a14c548982@group-146C50BE7901-FollowerState: change to CANDIDATE, lastRpcTime:161ms, electionTimeout:161ms
2019-10-16 21:11:44,424 [Thread-862] INFO  impl.RoleInfo (RoleInfo.java:shutdownFollowerState(121)) - 52743044-8979-4a08-8013-92a14c548982: shutdown FollowerState
2019-10-16 21:11:44,425 [Thread-862] INFO  impl.RaftServerImpl (RaftServerImpl.java:setRole(184)) - 52743044-8979-4a08-8013-92a14c548982@group-146C50BE7901: changes role from  FOLLOWER to CANDIDATE at term 105 for changeToCandidate
2019-10-16 21:11:44,425 [Thread-862] INFO  impl.RoleInfo (RoleInfo.java:updateAndGet(143)) - 52743044-8979-4a08-8013-92a14c548982: start LeaderElection
2019-10-16 21:11:44,480 [52743044-8979-4a08-8013-92a14c548982@group-146C50BE7901-LeaderElection91] INFO  impl.LeaderElection (LeaderElection.java:askForVotes(178)) - 52743044-8979-4a08-8013-92a14c548982@group-146C50BE7901-LeaderElection91: begin an election at term 106 for -1: [904f39be-c3d3-4df4-99c0-2e4526e577e3:192.168.157.254:45339, 52743044-8979-4a08-8013-92a14c548982:192.168.157.254:36428, 65da0c80-3604-4ac2-9a39-ee88d748a153:192.168.157.254:37466], old=null
2019-10-16 21:11:44,482 [grpc-default-executor-0] INFO  impl.RaftServerImpl (RaftServerImpl.java:setRole(184)) - 904f39be-c3d3-4df4-99c0-2e4526e577e3@group-146C50BE7901: changes role from  FOLLOWER to FOLLOWER at term 106 for recognizeCandidate:52743044-8979-4a08-8013-92a14c548982
2019-10-16 21:11:44,482 [grpc-default-executor-0] INFO  impl.RoleInfo (RoleInfo.java:shutdownFollowerState(121)) - 904f39be-c3d3-4df4-99c0-2e4526e577e3: shutdown FollowerState
2019-10-16 21:11:44,483 [grpc-default-executor-0] INFO  impl.RoleInfo (RoleInfo.java:updateAndGet(143)) - 904f39be-c3d3-4df4-99c0-2e4526e577e3: start FollowerState
2019-10-16 21:11:44,483 [grpc-default-executor-1] INFO  impl.RaftServerImpl (RaftServerImpl.java:setRole(184)) - 65da0c80-3604-4ac2-9a39-ee88d748a153@group-146C50BE7901: changes role from  FOLLOWER to FOLLOWER at term 106 for recognizeCandidate:52743044-8979-4a08-8013-92a14c548982
2019-10-16 21:11:44,483 [grpc-default-executor-1] INFO  impl.RoleInfo (RoleInfo.java:shutdownFollowerState(121)) - 65da0c80-3604-4ac2-9a39-ee88d748a153: shutdown FollowerState
2019-10-16 21:11:44,483 [Thread-860] INFO  impl.FollowerState (FollowerState.java:run(117)) - 904f39be-c3d3-4df4-99c0-2e4526e577e3@group-146C50BE7901-FollowerState was interrupted: java.lang.InterruptedException: sleep interrupted
2019-10-16 21:11:44,483 [52743044-8979-4a08-8013-92a14c548982@group-146C50BE7901-LeaderElection91] INFO  impl.LeaderElection (LeaderElection.java:logAndReturn(56)) - 52743044-8979-4a08-8013-92a14c548982@group-146C50BE7901-LeaderElection91: Election TIMEOUT; received 0 response(s) [] and 0 exception(s); 52743044-8979-4a08-8013-92a14c548982@group-146C50BE7901:t106, leader=null, voted=52743044-8979-4a08-8013-92a14c548982, raftlog=52743044-8979-4a08-8013-92a14c548982@group-146C50BE7901-SegmentedRaftLog:OPENED:c-1,f-1,i0, conf=-1: [904f39be-c3d3-4df4-99c0-2e4526e577e3:192.168.157.254:45339, 52743044-8979-4a08-8013-92a14c548982:192.168.157.254:36428, 65da0c80-3604-4ac2-9a39-ee88d748a153:192.168.157.254:37466], old=null
2019-10-16 21:11:44,483 [grpc-default-executor-1] INFO  impl.RoleInfo (RoleInfo.java:updateAndGet(143)) - 65da0c80-3604-4ac2-9a39-ee88d748a153: start FollowerState
2019-10-16 21:11:44,484 [Thread-861] INFO  impl.FollowerState (FollowerState.java:run(117)) - 65da0c80-3604-4ac2-9a39-ee88d748a153@group-146C50BE7901-FollowerState was interrupted: java.lang.InterruptedException: sleep interrupted
2019-10-16 21:11:44,506 [52743044-8979-4a08-8013-92a14c548982@group-146C50BE7901-LeaderElection91] INFO  impl.LeaderElection (LeaderElection.java:askForVotes(178)) - 52743044-8979-4a08-8013-92a14c548982@group-146C50BE7901-LeaderElection91: begin an election at term 107 for -1: [904f39be-c3d3-4df4-99c0-2e4526e577e3:192.168.157.254:45339, 52743044-8979-4a08-8013-92a14c548982:192.168.157.254:36428, 65da0c80-3604-4ac2-9a39-ee88d748a153:192.168.157.254:37466], old=null
2019-10-16 21:11:44,508 [grpc-default-executor-1] INFO  impl.RaftServerImpl (RaftServerImpl.java:setRole(184)) - 904f39be-c3d3-4df4-99c0-2e4526e577e3@group-146C50BE7901: changes role from  FOLLOWER to FOLLOWER at term 107 for recognizeCandidate:52743044-8979-4a08-8013-92a14c548982
2019-10-16 21:11:44,508 [grpc-default-executor-1] INFO  impl.RoleInfo (RoleInfo.java:shutdownFollowerState(121)) - 904f39be-c3d3-4df4-99c0-2e4526e577e3: shutdown FollowerState
2019-10-16 21:11:44,508 [grpc-default-executor-1] INFO  impl.RoleInfo (RoleInfo.java:updateAndGet(143)) - 904f39be-c3d3-4df4-99c0-2e4526e577e3: start FollowerState
2019-10-16 21:11:44,509 [Thread-866] INFO  impl.FollowerState (FollowerState.java:run(117)) - 904f39be-c3d3-4df4-99c0-2e4526e577e3@group-146C50BE7901-FollowerState was interrupted: java.lang.InterruptedException: sleep interrupted
2019-10-16 21:11:44,509 [grpc-default-executor-0] INFO  impl.RaftServerImpl (RaftServerImpl.java:setRole(184)) - 65da0c80-3604-4ac2-9a39-ee88d748a153@group-146C50BE7901: changes role from  FOLLOWER to FOLLOWER at term 107 for recognizeCandidate:52743044-8979-4a08-8013-92a14c548982
2019-10-16 21:11:44,509 [grpc-default-executor-0] INFO  impl.RoleInfo (RoleInfo.java:shutdownFollowerState(121)) - 65da0c80-3604-4ac2-9a39-ee88d748a153: shutdown FollowerState
2019-10-16 21:11:44,509 [grpc-default-executor-0] INFO  impl.RoleInfo (RoleInfo.java:updateAndGet(143)) - 65da0c80-3604-4ac2-9a39-ee88d748a153: start FollowerState
2019-10-16 21:11:44,509 [Thread-867] INFO  impl.FollowerState (FollowerState.java:run(117)) - 65da0c80-3604-4ac2-9a39-ee88d748a153@group-146C50BE7901-FollowerState was interrupted: java.lang.InterruptedException: sleep interrupted
2019-10-16 21:11:44,529 [52743044-8979-4a08-8013-92a14c548982@group-146C50BE7901-LeaderElection91] INFO  impl.LeaderElection (LeaderElection.java:logAndReturn(56)) - 52743044-8979-4a08-8013-92a14c548982@group-146C50BE7901-LeaderElection91: Election REJECTED; received 2 response(s) [52743044-8979-4a08-8013-92a14c548982<-904f39be-c3d3-4df4-99c0-2e4526e577e3#0:FAIL-t107, 52743044-8979-4a08-8013-92a14c548982<-65da0c80-3604-4ac2-9a39-ee88d748a153#0:FAIL-t107] and 0 exception(s); 52743044-8979-4a08-8013-92a14c548982@group-146C50BE7901:t107, leader=null, voted=52743044-8979-4a08-8013-92a14c548982, raftlog=52743044-8979-4a08-8013-92a14c548982@group-146C50BE7901-SegmentedRaftLog:OPENED:c-1,f-1,i0, conf=-1: [904f39be-c3d3-4df4-99c0-2e4526e577e3:192.168.157.254:45339, 52743044-8979-4a08-8013-92a14c548982:192.168.157.254:36428, 65da0c80-3604-4ac2-9a39-ee88d748a153:192.168.157.254:37466], old=null
2019-10-16 21:11:44,530 [52743044-8979-4a08-8013-92a14c548982@group-146C50BE7901-LeaderElection91] INFO  impl.RaftServerImpl (RaftServerImpl.java:setRole(184)) - 52743044-8979-4a08-8013-92a14c548982@group-146C50BE7901: changes role from CANDIDATE to FOLLOWER at term 107 for DISCOVERED_A_NEW_TERM
2019-10-16 21:11:44,530 [52743044-8979-4a08-8013-92a14c548982@group-146C50BE7901-LeaderElection91] INFO  impl.RoleInfo (RoleInfo.java:shutdownLeaderElection(134)) - 52743044-8979-4a08-8013-92a14c548982: shutdown LeaderElection
2019-10-16 21:11:44,530 [52743044-8979-4a08-8013-92a14c548982@group-146C50BE7901-LeaderElection91] INFO  impl.RoleInfo (RoleInfo.java:updateAndGet(143)) - 52743044-8979-4a08-8013-92a14c548982: start FollowerState
2019-10-16 21:11:44,636 [Thread-872] INFO  impl.FollowerState (FollowerState.java:run(108)) - 52743044-8979-4a08-8013-92a14c548982@group-146C50BE7901-FollowerState: change to CANDIDATE, lastRpcTime:106ms, electionTimeout:106ms
2019-10-16 21:11:44,636 [Thread-872] INFO  impl.RoleInfo (RoleInfo.java:shutdownFollowerState(121)) - 52743044-8979-4a08-8013-92a14c548982: shutdown FollowerState
2019-10-16 21:11:44,636 [Thread-872] INFO  impl.RaftServerImpl (RaftServerImpl.java:setRole(184)) - 52743044-8979-4a08-8013-92a14c548982@group-146C50BE7901: changes role from  FOLLOWER to CANDIDATE at term 107 for changeToCandidate
2019-10-16 21:11:44,636 [Thread-872] INFO  impl.RoleInfo (RoleInfo.java:updateAndGet(143)) - 52743044-8979-4a08-8013-92a14c548982: start LeaderElection
2019-10-16 21:11:44,650 [52743044-8979-4a08-8013-92a14c548982@group-146C50BE7901-LeaderElection92] INFO  impl.LeaderElection (LeaderElection.java:askForVotes(178)) - 52743044-8979-4a08-8013-92a14c548982@group-146C50BE7901-LeaderElection92: begin an election at term 108 for -1: [904f39be-c3d3-4df4-99c0-2e4526e577e3:192.168.157.254:45339, 52743044-8979-4a08-8013-92a14c548982:192.168.157.254:36428, 65da0c80-3604-4ac2-9a39-ee88d748a153:192.168.157.254:37466], old=null
2019-10-16 21:11:44,654 [grpc-default-executor-0] INFO  impl.RaftServerImpl (RaftServerImpl.java:setRole(184)) - 65da0c80-3604-4ac2-9a39-ee88d748a153@group-146C50BE7901: changes role from  FOLLOWER to FOLLOWER at term 108 for recognizeCandidate:52743044-8979-4a08-8013-92a14c548982
2019-10-16 21:11:44,654 [grpc-default-executor-0] INFO  impl.RoleInfo (RoleInfo.java:shutdownFollowerState(121)) - 65da0c80-3604-4ac2-9a39-ee88d748a153: shutdown FollowerState
2019-10-16 21:11:44,654 [grpc-default-executor-0] INFO  impl.RoleInfo (RoleInfo.java:updateAndGet(143)) - 65da0c80-3604-4ac2-9a39-ee88d748a153: start FollowerState
2019-10-16 21:11:44,654 [Thread-871] INFO  impl.FollowerState (FollowerState.java:run(117)) - 65da0c80-3604-4ac2-9a39-ee88d748a153@group-146C50BE7901-FollowerState was interrupted: java.lang.InterruptedException: sleep interrupted
2019-10-16 21:11:44,656 [grpc-default-executor-1] INFO  impl.RaftServerImpl (RaftServerImpl.java:setRole(184)) - 904f39be-c3d3-4df4-99c0-2e4526e577e3@group-146C50BE7901: changes role from  FOLLOWER to FOLLOWER at term 108 for recognizeCandidate:52743044-8979-4a08-8013-92a14c548982
2019-10-16 21:11:44,656 [grpc-default-executor-1] INFO  impl.RoleInfo (RoleInfo.java:shutdownFollowerState(121)) - 904f39be-c3d3-4df4-99c0-2e4526e577e3: shutdown FollowerState
2019-10-16 21:11:44,656 [grpc-default-executor-1] INFO  impl.RoleInfo (RoleInfo.java:updateAndGet(143)) - 904f39be-c3d3-4df4-99c0-2e4526e577e3: start FollowerState
2019-10-16 21:11:44,656 [Thread-870] INFO  impl.FollowerState (FollowerState.java:run(117)) - 904f39be-c3d3-4df4-99c0-2e4526e577e3@group-146C50BE7901-FollowerState was interrupted: java.lang.InterruptedException: sleep interrupted
2019-10-16 21:11:44,657 [52743044-8979-4a08-8013-92a14c548982@group-146C50BE7901-LeaderElection92] INFO  impl.LeaderElection (LeaderElection.java:logAndReturn(56)) - 52743044-8979-4a08-8013-92a14c548982@group-146C50BE7901-LeaderElection92: Election TIMEOUT; received 0 response(s) [] and 0 exception(s); 52743044-8979-4a08-8013-92a14c548982@group-146C50BE7901:t108, leader=null, voted=52743044-8979-4a08-8013-92a14c548982, raftlog=52743044-8979-4a08-8013-92a14c548982@group-146C50BE7901-SegmentedRaftLog:OPENED:c-1,f-1,i0, conf=-1: [904f39be-c3d3-4df4-99c0-2e4526e577e3:192.168.157.254:45339, 52743044-8979-4a08-8013-92a14c548982:192.168.157.254:36428, 65da0c80-3604-4ac2-9a39-ee88d748a153:192.168.157.254:37466], old=null
2019-10-16 21:11:44,668 [52743044-8979-4a08-8013-92a14c548982@group-146C50BE7901-LeaderElection92] INFO  impl.LeaderElection (LeaderElection.java:askForVotes(178)) - 52743044-8979-4a08-8013-92a14c548982@group-146C50BE7901-LeaderElection92: begin an election at term 109 for -1: [904f39be-c3d3-4df4-99c0-2e4526e577e3:192.168.157.254:45339, 52743044-8979-4a08-8013-92a14c548982:192.168.157.254:36428, 65da0c80-3604-4ac2-9a39-ee88d748a153:192.168.157.254:37466], old=null
2019-10-16 21:11:44,670 [grpc-default-executor-0] INFO  impl.RaftServerImpl (RaftServerImpl.java:setRole(184)) - 904f39be-c3d3-4df4-99c0-2e4526e577e3@group-146C50BE7901: changes role from  FOLLOWER to FOLLOWER at term 109 for recognizeCandidate:52743044-8979-4a08-8013-92a14c548982
2019-10-16 21:11:44,670 [grpc-default-executor-0] INFO  impl.RoleInfo (RoleInfo.java:shutdownFollowerState(121)) - 904f39be-c3d3-4df4-99c0-2e4526e577e3: shutdown FollowerState
2019-10-16 21:11:44,671 [grpc-default-executor-0] INFO  impl.RoleInfo (RoleInfo.java:updateAndGet(143)) - 904f39be-c3d3-4df4-99c0-2e4526e577e3: start FollowerState
2019-10-16 21:11:44,671 [grpc-default-executor-1] INFO  impl.RaftServerImpl (RaftServerImpl.java:setRole(184)) - 65da0c80-3604-4ac2-9a39-ee88d748a153@group-146C50BE7901: changes role from  FOLLOWER to FOLLOWER at term 109 for recognizeCandidate:52743044-8979-4a08-8013-92a14c548982
2019-10-16 21:11:44,671 [Thread-877] INFO  impl.FollowerState (FollowerState.java:run(117)) - 904f39be-c3d3-4df4-99c0-2e4526e577e3@group-146C50BE7901-FollowerState was interrupted: java.lang.InterruptedException: sleep interrupted
2019-10-16 21:11:44,671 [grpc-default-executor-1] INFO  impl.RoleInfo (RoleInfo.java:shutdownFollowerState(121)) - 65da0c80-3604-4ac2-9a39-ee88d748a153: shutdown FollowerState
2019-10-16 21:11:44,671 [grpc-default-executor-1] INFO  impl.RoleInfo (RoleInfo.java:updateAndGet(143)) - 65da0c80-3604-4ac2-9a39-ee88d748a153: start FollowerState
2019-10-16 21:11:44,671 [Thread-876] INFO  impl.FollowerState (FollowerState.java:run(117)) - 65da0c80-3604-4ac2-9a39-ee88d748a153@group-146C50BE7901-FollowerState was interrupted: java.lang.InterruptedException: sleep interrupted
2019-10-16 21:11:44,680 [52743044-8979-4a08-8013-92a14c548982@group-146C50BE7901-LeaderElection92] INFO  impl.LeaderElection (LeaderElection.java:logAndReturn(56)) - 52743044-8979-4a08-8013-92a14c548982@group-146C50BE7901-LeaderElection92: Election REJECTED; received 2 response(s) [52743044-8979-4a08-8013-92a14c548982<-904f39be-c3d3-4df4-99c0-2e4526e577e3#0:FAIL-t109, 52743044-8979-4a08-8013-92a14c548982<-65da0c80-3604-4ac2-9a39-ee88d748a153#0:FAIL-t109] and 0 exception(s); 52743044-8979-4a08-8013-92a14c548982@group-146C50BE7901:t109, leader=null, voted=52743044-8979-4a08-8013-92a14c548982, raftlog=52743044-8979-4a08-8013-92a14c548982@group-146C50BE7901-SegmentedRaftLog:OPENED:c-1,f-1,i0, conf=-1: [904f39be-c3d3-4df4-99c0-2e4526e577e3:192.168.157.254:45339, 52743044-8979-4a08-8013-92a14c548982:192.168.157.254:36428, 65da0c80-3604-4ac2-9a39-ee88d748a153:192.168.157.254:37466], old=null
2019-10-16 21:11:44,680 [52743044-8979-4a08-8013-92a14c548982@group-146C50BE7901-LeaderElection92] INFO  impl.RaftServerImpl (RaftServerImpl.java:setRole(184)) - 52743044-8979-4a08-8013-92a14c548982@group-146C50BE7901: changes role from CANDIDATE to FOLLOWER at term 109 for DISCOVERED_A_NEW_TERM
2019-10-16 21:11:44,680 [52743044-8979-4a08-8013-92a14c548982@group-146C50BE7901-LeaderElection92] INFO  impl.RoleInfo (RoleInfo.java:shutdownLeaderElection(134)) - 52743044-8979-4a08-8013-92a14c548982: shutdown LeaderElection
2019-10-16 21:11:44,681 [52743044-8979-4a08-8013-92a14c548982@group-146C50BE7901-LeaderElection92] INFO  impl.RoleInfo (RoleInfo.java:updateAndGet(143)) - 52743044-8979-4a08-8013-92a14c548982: start FollowerState
2019-10-16 21:11:44,881 [Thread-882] INFO  impl.FollowerState (FollowerState.java:run(108)) - 52743044-8979-4a08-8013-92a14c548982@group-146C50BE7901-FollowerState: change to CANDIDATE, lastRpcTime:200ms, electionTimeout:200ms
2019-10-16 21:11:44,881 [Thread-882] INFO  impl.RoleInfo (RoleInfo.java:shutdownFollowerState(121)) - 52743044-8979-4a08-8013-92a14c548982: shutdown FollowerState
2019-10-16 21:11:44,881 [Thread-882] INFO  impl.RaftServerImpl (RaftServerImpl.java:setRole(184)) - 52743044-8979-4a08-8013-92a14c548982@group-146C50BE7901: changes role from  FOLLOWER to CANDIDATE at term 109 for changeToCandidate
2019-10-16 21:11:44,881 [Thread-882] INFO  impl.RoleInfo (RoleInfo.java:updateAndGet(143)) - 52743044-8979-4a08-8013-92a14c548982: start LeaderElection
2019-10-16 21:11:44,927 [52743044-8979-4a08-8013-92a14c548982@group-146C50BE7901-LeaderElection93] INFO  impl.LeaderElection (LeaderElection.java:askForVotes(178)) - 52743044-8979-4a08-8013-92a14c548982@group-146C50BE7901-LeaderElection93: begin an election at term 110 for -1: [904f39be-c3d3-4df4-99c0-2e4526e577e3:192.168.157.254:45339, 52743044-8979-4a08-8013-92a14c548982:192.168.157.254:36428, 65da0c80-3604-4ac2-9a39-ee88d748a153:192.168.157.254:37466], old=null
2019-10-16 21:11:44,930 [grpc-default-executor-1] INFO  impl.RaftServerImpl (RaftServerImpl.java:setRole(184)) - 904f39be-c3d3-4df4-99c0-2e4526e577e3@group-146C50BE7901: changes role from  FOLLOWER to FOLLOWER at term 110 for recognizeCandidate:52743044-8979-4a08-8013-92a14c548982
2019-10-16 21:11:44,930 [grpc-default-executor-1] INFO  impl.RoleInfo (RoleInfo.java:shutdownFollowerState(121)) - 904f39be-c3d3-4df4-99c0-2e4526e577e3: shutdown FollowerState
2019-10-16 21:11:44,930 [grpc-default-executor-0] INFO  impl.RaftServerImpl (RaftServerImpl.java:setRole(184)) - 65da0c80-3604-4ac2-9a39-ee88d748a153@group-146C50BE7901: changes role from  FOLLOWER to FOLLOWER at term 110 for recognizeCandidate:52743044-8979-4a08-8013-92a14c548982
2019-10-16 21:11:44,930 [grpc-default-executor-1] INFO  impl.RoleInfo (RoleInfo.java:updateAndGet(143)) - 904f39be-c3d3-4df4-99c0-2e4526e577e3: start FollowerState
2019-10-16 21:11:44,930 [Thread-880] INFO  impl.FollowerState (FollowerState.java:run(117)) - 904f39be-c3d3-4df4-99c0-2e4526e577e3@group-146C50BE7901-FollowerState was interrupted: java.lang.InterruptedException: sleep interrupted
2019-10-16 21:11:44,930 [grpc-default-executor-0] INFO  impl.RoleInfo (RoleInfo.java:shutdownFollowerState(121)) - 65da0c80-3604-4ac2-9a39-ee88d748a153: shutdown FollowerState
2019-10-16 21:11:44,931 [grpc-default-executor-0] INFO  impl.RoleInfo (RoleInfo.java:updateAndGet(143)) - 65da0c80-3604-4ac2-9a39-ee88d748a153: start FollowerState
2019-10-16 21:11:44,931 [Thread-881] INFO  impl.FollowerState (FollowerState.java:run(117)) - 65da0c80-3604-4ac2-9a39-ee88d748a153@group-146C50BE7901-FollowerState was interrupted: java.lang.InterruptedException: sleep interrupted
2019-10-16 21:11:44,946 [52743044-8979-4a08-8013-92a14c548982@group-146C50BE7901-LeaderElection93] INFO  impl.LeaderElection (LeaderElection.java:logAndReturn(56)) - 52743044-8979-4a08-8013-92a14c548982@group-146C50BE7901-LeaderElection93: Election REJECTED; received 2 response(s) [52743044-8979-4a08-8013-92a14c548982<-904f39be-c3d3-4df4-99c0-2e4526e577e3#0:FAIL-t110, 52743044-8979-4a08-8013-92a14c548982<-65da0c80-3604-4ac2-9a39-ee88d748a153#0:FAIL-t110] and 0 exception(s); 52743044-8979-4a08-8013-92a14c548982@group-146C50BE7901:t110, leader=null, voted=52743044-8979-4a08-8013-92a14c548982, raftlog=52743044-8979-4a08-8013-92a14c548982@group-146C50BE7901-SegmentedRaftLog:OPENED:c-1,f-1,i0, conf=-1: [904f39be-c3d3-4df4-99c0-2e4526e577e3:192.168.157.254:45339, 52743044-8979-4a08-8013-92a14c548982:192.168.157.254:36428, 65da0c80-3604-4ac2-9a39-ee88d748a153:192.168.157.254:37466], old=null
2019-10-16 21:11:44,946 [52743044-8979-4a08-8013-92a14c548982@group-146C50BE7901-LeaderElection93] INFO  impl.RaftServerImpl (RaftServerImpl.java:setRole(184)) - 52743044-8979-4a08-8013-92a14c548982@group-146C50BE7901: changes role from CANDIDATE to FOLLOWER at term 110 for DISCOVERED_A_NEW_TERM
2019-10-16 21:11:44,947 [52743044-8979-4a08-8013-92a14c548982@group-146C50BE7901-LeaderElection93] INFO  impl.RoleInfo (RoleInfo.java:shutdownLeaderElection(134)) - 52743044-8979-4a08-8013-92a14c548982: shutdown LeaderElection
2019-10-16 21:11:44,947 [52743044-8979-4a08-8013-92a14c548982@group-146C50BE7901-LeaderElection93] INFO  impl.RoleInfo (RoleInfo.java:updateAndGet(143)) - 52743044-8979-4a08-8013-92a14c548982: start FollowerState
2019-10-16 21:11:45,094 [Thread-888] INFO  impl.FollowerState (FollowerState.java:run(108)) - 52743044-8979-4a08-8013-92a14c548982@group-146C50BE7901-FollowerState: change to CANDIDATE, lastRpcTime:147ms, electionTimeout:147ms
2019-10-16 21:11:45,095 [Thread-888] INFO  impl.RoleInfo (RoleInfo.java:shutdownFollowerState(121)) - 52743044-8979-4a08-8013-92a14c548982: shutdown FollowerState
2019-10-16 21:11:45,095 [Thread-888] INFO  impl.RaftServerImpl (RaftServerImpl.java:setRole(184)) - 52743044-8979-4a08-8013-92a14c548982@group-146C50BE7901: changes role from  FOLLOWER to CANDIDATE at term 110 for changeToCandidate
2019-10-16 21:11:45,095 [Thread-888] INFO  impl.RoleInfo (RoleInfo.java:updateAndGet(143)) - 52743044-8979-4a08-8013-92a14c548982: start LeaderElection
2019-10-16 21:11:45,109 [52743044-8979-4a08-8013-92a14c548982@group-146C50BE7901-LeaderElection94] INFO  impl.LeaderElection (LeaderElection.java:askForVotes(178)) - 52743044-8979-4a08-8013-92a14c548982@group-146C50BE7901-LeaderElection94: begin an election at term 111 for -1: [904f39be-c3d3-4df4-99c0-2e4526e577e3:192.168.157.254:45339, 52743044-8979-4a08-8013-92a14c548982:192.168.157.254:36428, 65da0c80-3604-4ac2-9a39-ee88d748a153:192.168.157.254:37466], old=null
2019-10-16 21:11:45,112 [grpc-default-executor-1] INFO  impl.RaftServerImpl (RaftServerImpl.java:setRole(184)) - 65da0c80-3604-4ac2-9a39-ee88d748a153@group-146C50BE7901: changes role from  FOLLOWER to FOLLOWER at term 111 for recognizeCandidate:52743044-8979-4a08-8013-92a14c548982
2019-10-16 21:11:45,112 [grpc-default-executor-0] INFO  impl.RaftServerImpl (RaftServerImpl.java:setRole(184)) - 904f39be-c3d3-4df4-99c0-2e4526e577e3@group-146C50BE7901: changes role from  FOLLOWER to FOLLOWER at term 111 for recognizeCandidate:52743044-8979-4a08-8013-92a14c548982
2019-10-16 21:11:45,112 [grpc-default-executor-1] INFO  impl.RoleInfo (RoleInfo.java:shutdownFollowerState(121)) - 65da0c80-3604-4ac2-9a39-ee88d748a153: shutdown FollowerState
2019-10-16 21:11:45,113 [grpc-default-executor-0] INFO  impl.RoleInfo (RoleInfo.java:shutdownFollowerState(121)) - 904f39be-c3d3-4df4-99c0-2e4526e577e3: shutdown FollowerState
2019-10-16 21:11:45,113 [grpc-default-executor-1] INFO  impl.RoleInfo (RoleInfo.java:updateAndGet(143)) - 65da0c80-3604-4ac2-9a39-ee88d748a153: start FollowerState
2019-10-16 21:11:45,113 [Thread-886] INFO  impl.FollowerState (FollowerState.java:run(117)) - 904f39be-c3d3-4df4-99c0-2e4526e577e3@group-146C50BE7901-FollowerState was interrupted: java.lang.InterruptedException: sleep interrupted
2019-10-16 21:11:45,113 [Thread-887] INFO  impl.FollowerState (FollowerState.java:run(117)) - 65da0c80-3604-4ac2-9a39-ee88d748a153@group-146C50BE7901-FollowerState was interrupted: java.lang.InterruptedException: sleep interrupted
2019-10-16 21:11:45,113 [grpc-default-executor-0] INFO  impl.RoleInfo (RoleInfo.java:updateAndGet(143)) - 904f39be-c3d3-4df4-99c0-2e4526e577e3: start FollowerState
2019-10-16 21:11:45,128 [52743044-8979-4a08-8013-92a14c548982@group-146C50BE7901-LeaderElection94] INFO  impl.LeaderElection (LeaderElection.java:logAndReturn(56)) - 52743044-8979-4a08-8013-92a14c548982@group-146C50BE7901-LeaderElection94: Election REJECTED; received 2 response(s) [52743044-8979-4a08-8013-92a14c548982<-904f39be-c3d3-4df4-99c0-2e4526e577e3#0:FAIL-t111, 52743044-8979-4a08-8013-92a14c548982<-65da0c80-3604-4ac2-9a39-ee88d748a153#0:FAIL-t111] and 0 exception(s); 52743044-8979-4a08-8013-92a14c548982@group-146C50BE7901:t111, leader=null, voted=52743044-8979-4a08-8013-92a14c548982, raftlog=52743044-8979-4a08-8013-92a14c548982@group-146C50BE7901-SegmentedRaftLog:OPENED:c-1,f-1,i0, conf=-1: [904f39be-c3d3-4df4-99c0-2e4526e577e3:192.168.157.254:45339, 52743044-8979-4a08-8013-92a14c548982:192.168.157.254:36428, 65da0c80-3604-4ac2-9a39-ee88d748a153:192.168.157.254:37466], old=null
2019-10-16 21:11:45,128 [52743044-8979-4a08-8013-92a14c548982@group-146C50BE7901-LeaderElection94] INFO  impl.RaftServerImpl (RaftServerImpl.java:setRole(184)) - 52743044-8979-4a08-8013-92a14c548982@group-146C50BE7901: changes role from CANDIDATE to FOLLOWER at term 111 for DISCOVERED_A_NEW_TERM
2019-10-16 21:11:45,128 [52743044-8979-4a08-8013-92a14c548982@group-146C50BE7901-LeaderElection94] INFO  impl.RoleInfo (RoleInfo.java:shutdownLeaderElection(134)) - 52743044-8979-4a08-8013-92a14c548982: shutdown LeaderElection
2019-10-16 21:11:45,128 [52743044-8979-4a08-8013-92a14c548982@group-146C50BE7901-LeaderElection94] INFO  impl.RoleInfo (RoleInfo.java:updateAndGet(143)) - 52743044-8979-4a08-8013-92a14c548982: start FollowerState
2019-10-16 21:11:45,129 [Thread-894] INFO  impl.FollowerState (FollowerState.java:run(108)) - 52743044-8979-4a08-8013-92a14c548982@group-146C50BE7901-FollowerState: change to CANDIDATE, lastRpcTime:0ms, electionTimeout:0ms
2019-10-16 21:11:45,129 [Thread-894] INFO  impl.RoleInfo (RoleInfo.java:shutdownFollowerState(121)) - 52743044-8979-4a08-8013-92a14c548982: shutdown FollowerState
2019-10-16 21:11:45,129 [Thread-894] INFO  impl.RaftServerImpl (RaftServerImpl.java:setRole(184)) - 52743044-8979-4a08-8013-92a14c548982@group-146C50BE7901: changes role from  FOLLOWER to CANDIDATE at term 111 for changeToCandidate
2019-10-16 21:11:45,129 [Thread-894] INFO  impl.RoleInfo (RoleInfo.java:updateAndGet(143)) - 52743044-8979-4a08-8013-92a14c548982: start LeaderElection
2019-10-16 21:11:45,142 [52743044-8979-4a08-8013-92a14c548982@group-146C50BE7901-LeaderElection95] INFO  impl.LeaderElection (LeaderElection.java:askForVotes(178)) - 52743044-8979-4a08-8013-92a14c548982@group-146C50BE7901-LeaderElection95: begin an election at term 112 for -1: [904f39be-c3d3-4df4-99c0-2e4526e577e3:192.168.157.254:45339, 52743044-8979-4a08-8013-92a14c548982:192.168.157.254:36428, 65da0c80-3604-4ac2-9a39-ee88d748a153:192.168.157.254:37466], old=null
2019-10-16 21:11:45,144 [grpc-default-executor-1] INFO  impl.RaftServerImpl (RaftServerImpl.java:setRole(184)) - 904f39be-c3d3-4df4-99c0-2e4526e577e3@group-146C50BE7901: changes role from  FOLLOWER to FOLLOWER at term 112 for recognizeCandidate:52743044-8979-4a08-8013-92a14c548982
2019-10-16 21:11:45,145 [grpc-default-executor-1] INFO  impl.RoleInfo (RoleInfo.java:shutdownFollowerState(121)) - 904f39be-c3d3-4df4-99c0-2e4526e577e3: shutdown FollowerState
2019-10-16 21:11:45,145 [grpc-default-executor-1] INFO  impl.RoleInfo (RoleInfo.java:updateAndGet(143)) - 904f39be-c3d3-4df4-99c0-2e4526e577e3: start FollowerState
2019-10-16 21:11:45,145 [grpc-default-executor-0] INFO  impl.RaftServerImpl (RaftServerImpl.java:setRole(184)) - 65da0c80-3604-4ac2-9a39-ee88d748a153@group-146C50BE7901: changes role from  FOLLOWER to FOLLOWER at term 112 for recognizeCandidate:52743044-8979-4a08-8013-92a14c548982
2019-10-16 21:11:45,145 [grpc-default-executor-0] INFO  impl.RoleInfo (RoleInfo.java:shutdownFollowerState(121)) - 65da0c80-3604-4ac2-9a39-ee88d748a153: shutdown FollowerState
2019-10-16 21:11:45,145 [Thread-893] INFO  impl.FollowerState (FollowerState.java:run(117)) - 904f39be-c3d3-4df4-99c0-2e4526e577e3@group-146C50BE7901-FollowerState was interrupted: java.lang.InterruptedException: sleep interrupted
2019-10-16 21:11:45,145 [Thread-892] INFO  impl.FollowerState (FollowerState.java:run(117)) - 65da0c80-3604-4ac2-9a39-ee88d748a153@group-146C50BE7901-FollowerState was interrupted: java.lang.InterruptedException: sleep interrupted
2019-10-16 21:11:45,145 [grpc-default-executor-0] INFO  impl.RoleInfo (RoleInfo.java:updateAndGet(143)) - 65da0c80-3604-4ac2-9a39-ee88d748a153: start FollowerState
2019-10-16 21:11:45,159 [52743044-8979-4a08-8013-92a14c548982@group-146C50BE7901-LeaderElection95] INFO  impl.LeaderElection (LeaderElection.java:logAndReturn(56)) - 52743044-8979-4a08-8013-92a14c548982@group-146C50BE7901-LeaderElection95: Election REJECTED; received 2 response(s) [52743044-8979-4a08-8013-92a14c548982<-904f39be-c3d3-4df4-99c0-2e4526e577e3#0:FAIL-t112, 52743044-8979-4a08-8013-92a14c548982<-65da0c80-3604-4ac2-9a39-ee88d748a153#0:FAIL-t112] and 0 exception(s); 52743044-8979-4a08-8013-92a14c548982@group-146C50BE7901:t112, leader=null, voted=52743044-8979-4a08-8013-92a14c548982, raftlog=52743044-8979-4a08-8013-92a14c548982@group-146C50BE7901-SegmentedRaftLog:OPENED:c-1,f-1,i0, conf=-1: [904f39be-c3d3-4df4-99c0-2e4526e577e3:192.168.157.254:45339, 52743044-8979-4a08-8013-92a14c548982:192.168.157.254:36428, 65da0c80-3604-4ac2-9a39-ee88d748a153:192.168.157.254:37466], old=null
2019-10-16 21:11:45,160 [52743044-8979-4a08-8013-92a14c548982@group-146C50BE7901-LeaderElection95] INFO  impl.RaftServerImpl (RaftServerImpl.java:setRole(184)) - 52743044-8979-4a08-8013-92a14c548982@group-146C50BE7901: changes role from CANDIDATE to FOLLOWER at term 112 for DISCOVERED_A_NEW_TERM
2019-10-16 21:11:45,160 [52743044-8979-4a08-8013-92a14c548982@group-146C50BE7901-LeaderElection95] INFO  impl.RoleInfo (RoleInfo.java:shutdownLeaderElection(134)) - 52743044-8979-4a08-8013-92a14c548982: shutdown LeaderElection
2019-10-16 21:11:45,160 [52743044-8979-4a08-8013-92a14c548982@group-146C50BE7901-LeaderElection95] INFO  impl.RoleInfo (RoleInfo.java:updateAndGet(143)) - 52743044-8979-4a08-8013-92a14c548982: start FollowerState
2019-10-16 21:11:45,202 [main] INFO  ozone.MiniOzoneClusterImpl (MiniOzoneClusterImpl.java:lambda$waitForClusterToBeReady$2(164)) - Waiting for 1 number of pipelines out of 4, to report a leader.
2019-10-16 21:11:45,217 [Thread-900] INFO  impl.FollowerState (FollowerState.java:run(108)) - 52743044-8979-4a08-8013-92a14c548982@group-146C50BE7901-FollowerState: change to CANDIDATE, lastRpcTime:57ms, electionTimeout:57ms
2019-10-16 21:11:45,218 [Thread-900] INFO  impl.RoleInfo (RoleInfo.java:shutdownFollowerState(121)) - 52743044-8979-4a08-8013-92a14c548982: shutdown FollowerState
2019-10-16 21:11:45,218 [Thread-900] INFO  impl.RaftServerImpl (RaftServerImpl.java:setRole(184)) - 52743044-8979-4a08-8013-92a14c548982@group-146C50BE7901: changes role from  FOLLOWER to CANDIDATE at term 112 for changeToCandidate
2019-10-16 21:11:45,218 [Thread-900] INFO  impl.RoleInfo (RoleInfo.java:updateAndGet(143)) - 52743044-8979-4a08-8013-92a14c548982: start LeaderElection
2019-10-16 21:11:45,232 [52743044-8979-4a08-8013-92a14c548982@group-146C50BE7901-LeaderElection96] INFO  impl.LeaderElection (LeaderElection.java:askForVotes(178)) - 52743044-8979-4a08-8013-92a14c548982@group-146C50BE7901-LeaderElection96: begin an election at term 113 for -1: [904f39be-c3d3-4df4-99c0-2e4526e577e3:192.168.157.254:45339, 52743044-8979-4a08-8013-92a14c548982:192.168.157.254:36428, 65da0c80-3604-4ac2-9a39-ee88d748a153:192.168.157.254:37466], old=null
2019-10-16 21:11:45,234 [grpc-default-executor-0] INFO  impl.RaftServerImpl (RaftServerImpl.java:setRole(184)) - 904f39be-c3d3-4df4-99c0-2e4526e577e3@group-146C50BE7901: changes role from  FOLLOWER to FOLLOWER at term 113 for recognizeCandidate:52743044-8979-4a08-8013-92a14c548982
2019-10-16 21:11:45,234 [grpc-default-executor-0] INFO  impl.RoleInfo (RoleInfo.java:shutdownFollowerState(121)) - 904f39be-c3d3-4df4-99c0-2e4526e577e3: shutdown FollowerState
2019-10-16 21:11:45,234 [grpc-default-executor-1] INFO  impl.RaftServerImpl (RaftServerImpl.java:setRole(184)) - 65da0c80-3604-4ac2-9a39-ee88d748a153@group-146C50BE7901: changes role from  FOLLOWER to FOLLOWER at term 113 for recognizeCandidate:52743044-8979-4a08-8013-92a14c548982
2019-10-16 21:11:45,235 [grpc-default-executor-1] INFO  impl.RoleInfo (RoleInfo.java:shutdownFollowerState(121)) - 65da0c80-3604-4ac2-9a39-ee88d748a153: shutdown FollowerState
2019-10-16 21:11:45,235 [Thread-898] INFO  impl.FollowerState (FollowerState.java:run(117)) - 904f39be-c3d3-4df4-99c0-2e4526e577e3@group-146C50BE7901-FollowerState was interrupted: java.lang.InterruptedException: sleep interrupted
2019-10-16 21:11:45,234 [grpc-default-executor-0] INFO  impl.RoleInfo (RoleInfo.java:updateAndGet(143)) - 904f39be-c3d3-4df4-99c0-2e4526e577e3: start FollowerState
2019-10-16 21:11:45,235 [Thread-899] INFO  impl.FollowerState (FollowerState.java:run(117)) - 65da0c80-3604-4ac2-9a39-ee88d748a153@group-146C50BE7901-FollowerState was interrupted: java.lang.InterruptedException: sleep interrupted
2019-10-16 21:11:45,235 [grpc-default-executor-1] INFO  impl.RoleInfo (RoleInfo.java:updateAndGet(143)) - 65da0c80-3604-4ac2-9a39-ee88d748a153: start FollowerState
2019-10-16 21:11:45,255 [52743044-8979-4a08-8013-92a14c548982@group-146C50BE7901-LeaderElection96] INFO  impl.LeaderElection (LeaderElection.java:logAndReturn(56)) - 52743044-8979-4a08-8013-92a14c548982@group-146C50BE7901-LeaderElection96: Election REJECTED; received 2 response(s) [52743044-8979-4a08-8013-92a14c548982<-904f39be-c3d3-4df4-99c0-2e4526e577e3#0:FAIL-t113, 52743044-8979-4a08-8013-92a14c548982<-65da0c80-3604-4ac2-9a39-ee88d748a153#0:FAIL-t113] and 0 exception(s); 52743044-8979-4a08-8013-92a14c548982@group-146C50BE7901:t113, leader=null, voted=52743044-8979-4a08-8013-92a14c548982, raftlog=52743044-8979-4a08-8013-92a14c548982@group-146C50BE7901-SegmentedRaftLog:OPENED:c-1,f-1,i0, conf=-1: [904f39be-c3d3-4df4-99c0-2e4526e577e3:192.168.157.254:45339, 52743044-8979-4a08-8013-92a14c548982:192.168.157.254:36428, 65da0c80-3604-4ac2-9a39-ee88d748a153:192.168.157.254:37466], old=null
2019-10-16 21:11:45,255 [52743044-8979-4a08-8013-92a14c548982@group-146C50BE7901-LeaderElection96] INFO  impl.RaftServerImpl (RaftServerImpl.java:setRole(184)) - 52743044-8979-4a08-8013-92a14c548982@group-146C50BE7901: changes role from CANDIDATE to FOLLOWER at term 113 for DISCOVERED_A_NEW_TERM
2019-10-16 21:11:45,256 [52743044-8979-4a08-8013-92a14c548982@group-146C50BE7901-LeaderElection96] INFO  impl.RoleInfo (RoleInfo.java:shutdownLeaderElection(134)) - 52743044-8979-4a08-8013-92a14c548982: shutdown LeaderElection
2019-10-16 21:11:45,256 [52743044-8979-4a08-8013-92a14c548982@group-146C50BE7901-LeaderElection96] INFO  impl.RoleInfo (RoleInfo.java:updateAndGet(143)) - 52743044-8979-4a08-8013-92a14c548982: start FollowerState
2019-10-16 21:11:45,312 [Thread-906] INFO  impl.FollowerState (FollowerState.java:run(108)) - 52743044-8979-4a08-8013-92a14c548982@group-146C50BE7901-FollowerState: change to CANDIDATE, lastRpcTime:56ms, electionTimeout:56ms
2019-10-16 21:11:45,312 [Thread-906] INFO  impl.RoleInfo (RoleInfo.java:shutdownFollowerState(121)) - 52743044-8979-4a08-8013-92a14c548982: shutdown FollowerState
2019-10-16 21:11:45,312 [Thread-906] INFO  impl.RaftServerImpl (RaftServerImpl.java:setRole(184)) - 52743044-8979-4a08-8013-92a14c548982@group-146C50BE7901: changes role from  FOLLOWER to CANDIDATE at term 113 for changeToCandidate
2019-10-16 21:11:45,313 [Thread-906] INFO  impl.RoleInfo (RoleInfo.java:updateAndGet(143)) - 52743044-8979-4a08-8013-92a14c548982: start LeaderElection
2019-10-16 21:11:45,327 [52743044-8979-4a08-8013-92a14c548982@group-146C50BE7901-LeaderElection97] INFO  impl.LeaderElection (LeaderElection.java:askForVotes(178)) - 52743044-8979-4a08-8013-92a14c548982@group-146C50BE7901-LeaderElection97: begin an election at term 114 for -1: [904f39be-c3d3-4df4-99c0-2e4526e577e3:192.168.157.254:45339, 52743044-8979-4a08-8013-92a14c548982:192.168.157.254:36428, 65da0c80-3604-4ac2-9a39-ee88d748a153:192.168.157.254:37466], old=null
2019-10-16 21:11:45,329 [grpc-default-executor-1] INFO  impl.RaftServerImpl (RaftServerImpl.java:setRole(184)) - 904f39be-c3d3-4df4-99c0-2e4526e577e3@group-146C50BE7901: changes role from  FOLLOWER to FOLLOWER at term 114 for recognizeCandidate:52743044-8979-4a08-8013-92a14c548982
2019-10-16 21:11:45,330 [grpc-default-executor-1] INFO  impl.RoleInfo (RoleInfo.java:shutdownFollowerState(121)) - 904f39be-c3d3-4df4-99c0-2e4526e577e3: shutdown FollowerState
2019-10-16 21:11:45,330 [grpc-default-executor-1] INFO  impl.RoleInfo (RoleInfo.java:updateAndGet(143)) - 904f39be-c3d3-4df4-99c0-2e4526e577e3: start FollowerState
2019-10-16 21:11:45,330 [grpc-default-executor-0] INFO  impl.RaftServerImpl (RaftServerImpl.java:setRole(184)) - 65da0c80-3604-4ac2-9a39-ee88d748a153@group-146C50BE7901: changes role from  FOLLOWER to FOLLOWER at term 114 for recognizeCandidate:52743044-8979-4a08-8013-92a14c548982
2019-10-16 21:11:45,330 [Thread-904] INFO  impl.FollowerState (FollowerState.java:run(117)) - 904f39be-c3d3-4df4-99c0-2e4526e577e3@group-146C50BE7901-FollowerState was interrupted: java.lang.InterruptedException: sleep interrupted
2019-10-16 21:11:45,330 [grpc-default-executor-0] INFO  impl.RoleInfo (RoleInfo.java:shutdownFollowerState(121)) - 65da0c80-3604-4ac2-9a39-ee88d748a153: shutdown FollowerState
2019-10-16 21:11:45,330 [grpc-default-executor-0] INFO  impl.RoleInfo (RoleInfo.java:updateAndGet(143)) - 65da0c80-3604-4ac2-9a39-ee88d748a153: start FollowerState
2019-10-16 21:11:45,330 [Thread-905] INFO  impl.FollowerState (FollowerState.java:run(117)) - 65da0c80-3604-4ac2-9a39-ee88d748a153@group-146C50BE7901-FollowerState was interrupted: java.lang.InterruptedException: sleep interrupted
2019-10-16 21:11:45,344 [52743044-8979-4a08-8013-92a14c548982@group-146C50BE7901-LeaderElection97] INFO  impl.LeaderElection (LeaderElection.java:logAndReturn(56)) - 52743044-8979-4a08-8013-92a14c548982@group-146C50BE7901-LeaderElection97: Election REJECTED; received 2 response(s) [52743044-8979-4a08-8013-92a14c548982<-904f39be-c3d3-4df4-99c0-2e4526e577e3#0:FAIL-t114, 52743044-8979-4a08-8013-92a14c548982<-65da0c80-3604-4ac2-9a39-ee88d748a153#0:FAIL-t114] and 0 exception(s); 52743044-8979-4a08-8013-92a14c548982@group-146C50BE7901:t114, leader=null, voted=52743044-8979-4a08-8013-92a14c548982, raftlog=52743044-8979-4a08-8013-92a14c548982@group-146C50BE7901-SegmentedRaftLog:OPENED:c-1,f-1,i0, conf=-1: [904f39be-c3d3-4df4-99c0-2e4526e577e3:192.168.157.254:45339, 52743044-8979-4a08-8013-92a14c548982:192.168.157.254:36428, 65da0c80-3604-4ac2-9a39-ee88d748a153:192.168.157.254:37466], old=null
2019-10-16 21:11:45,344 [52743044-8979-4a08-8013-92a14c548982@group-146C50BE7901-LeaderElection97] INFO  impl.RaftServerImpl (RaftServerImpl.java:setRole(184)) - 52743044-8979-4a08-8013-92a14c548982@group-146C50BE7901: changes role from CANDIDATE to FOLLOWER at term 114 for DISCOVERED_A_NEW_TERM
2019-10-16 21:11:45,345 [52743044-8979-4a08-8013-92a14c548982@group-146C50BE7901-LeaderElection97] INFO  impl.RoleInfo (RoleInfo.java:shutdownLeaderElection(134)) - 52743044-8979-4a08-8013-92a14c548982: shutdown LeaderElection
2019-10-16 21:11:45,345 [52743044-8979-4a08-8013-92a14c548982@group-146C50BE7901-LeaderElection97] INFO  impl.RoleInfo (RoleInfo.java:updateAndGet(143)) - 52743044-8979-4a08-8013-92a14c548982: start FollowerState
2019-10-16 21:11:45,355 [Thread-912] INFO  impl.FollowerState (FollowerState.java:run(108)) - 52743044-8979-4a08-8013-92a14c548982@group-146C50BE7901-FollowerState: change to CANDIDATE, lastRpcTime:10ms, electionTimeout:10ms
2019-10-16 21:11:45,355 [Thread-912] INFO  impl.RoleInfo (RoleInfo.java:shutdownFollowerState(121)) - 52743044-8979-4a08-8013-92a14c548982: shutdown FollowerState
2019-10-16 21:11:45,355 [Thread-912] INFO  impl.RaftServerImpl (RaftServerImpl.java:setRole(184)) - 52743044-8979-4a08-8013-92a14c548982@group-146C50BE7901: changes role from  FOLLOWER to CANDIDATE at term 114 for changeToCandidate
2019-10-16 21:11:45,355 [Thread-912] INFO  impl.RoleInfo (RoleInfo.java:updateAndGet(143)) - 52743044-8979-4a08-8013-92a14c548982: start LeaderElection
2019-10-16 21:11:45,369 [52743044-8979-4a08-8013-92a14c548982@group-146C50BE7901-LeaderElection98] INFO  impl.LeaderElection (LeaderElection.java:askForVotes(178)) - 52743044-8979-4a08-8013-92a14c548982@group-146C50BE7901-LeaderElection98: begin an election at term 115 for -1: [904f39be-c3d3-4df4-99c0-2e4526e577e3:192.168.157.254:45339, 52743044-8979-4a08-8013-92a14c548982:192.168.157.254:36428, 65da0c80-3604-4ac2-9a39-ee88d748a153:192.168.157.254:37466], old=null
2019-10-16 21:11:45,371 [grpc-default-executor-1] INFO  impl.RaftServerImpl (RaftServerImpl.java:setRole(184)) - 904f39be-c3d3-4df4-99c0-2e4526e577e3@group-146C50BE7901: changes role from  FOLLOWER to FOLLOWER at term 115 for recognizeCandidate:52743044-8979-4a08-8013-92a14c548982
2019-10-16 21:11:45,371 [grpc-default-executor-1] INFO  impl.RoleInfo (RoleInfo.java:shutdownFollowerState(121)) - 904f39be-c3d3-4df4-99c0-2e4526e577e3: shutdown FollowerState
2019-10-16 21:11:45,371 [grpc-default-executor-1] INFO  impl.RoleInfo (RoleInfo.java:updateAndGet(143)) - 904f39be-c3d3-4df4-99c0-2e4526e577e3: start FollowerState
2019-10-16 21:11:45,371 [Thread-910] INFO  impl.FollowerState (FollowerState.java:run(117)) - 904f39be-c3d3-4df4-99c0-2e4526e577e3@group-146C50BE7901-FollowerState was interrupted: java.lang.InterruptedException: sleep interrupted
2019-10-16 21:11:45,371 [grpc-default-executor-0] INFO  impl.RaftServerImpl (RaftServerImpl.java:setRole(184)) - 65da0c80-3604-4ac2-9a39-ee88d748a153@group-146C50BE7901: changes role from  FOLLOWER to FOLLOWER at term 115 for recognizeCandidate:52743044-8979-4a08-8013-92a14c548982
2019-10-16 21:11:45,371 [grpc-default-executor-0] INFO  impl.RoleInfo (RoleInfo.java:shutdownFollowerState(121)) - 65da0c80-3604-4ac2-9a39-ee88d748a153: shutdown FollowerState
2019-10-16 21:11:45,371 [grpc-default-executor-0] INFO  impl.RoleInfo (RoleInfo.java:updateAndGet(143)) - 65da0c80-3604-4ac2-9a39-ee88d748a153: start FollowerState
2019-10-16 21:11:45,372 [Thread-911] INFO  impl.FollowerState (FollowerState.java:run(117)) - 65da0c80-3604-4ac2-9a39-ee88d748a153@group-146C50BE7901-FollowerState was interrupted: java.lang.InterruptedException: sleep interrupted
2019-10-16 21:11:45,404 [52743044-8979-4a08-8013-92a14c548982@group-146C50BE7901-LeaderElection98] INFO  impl.LeaderElection (LeaderElection.java:logAndReturn(56)) - 52743044-8979-4a08-8013-92a14c548982@group-146C50BE7901-LeaderElection98: Election REJECTED; received 2 response(s) [52743044-8979-4a08-8013-92a14c548982<-904f39be-c3d3-4df4-99c0-2e4526e577e3#0:FAIL-t115, 52743044-8979-4a08-8013-92a14c548982<-65da0c80-3604-4ac2-9a39-ee88d748a153#0:FAIL-t115] and 0 exception(s); 52743044-8979-4a08-8013-92a14c548982@group-146C50BE7901:t115, leader=null, voted=52743044-8979-4a08-8013-92a14c548982, raftlog=52743044-8979-4a08-8013-92a14c548982@group-146C50BE7901-SegmentedRaftLog:OPENED:c-1,f-1,i0, conf=-1: [904f39be-c3d3-4df4-99c0-2e4526e577e3:192.168.157.254:45339, 52743044-8979-4a08-8013-92a14c548982:192.168.157.254:36428, 65da0c80-3604-4ac2-9a39-ee88d748a153:192.168.157.254:37466], old=null
2019-10-16 21:11:45,404 [52743044-8979-4a08-8013-92a14c548982@group-146C50BE7901-LeaderElection98] INFO  impl.RaftServerImpl (RaftServerImpl.java:setRole(184)) - 52743044-8979-4a08-8013-92a14c548982@group-146C50BE7901: changes role from CANDIDATE to FOLLOWER at term 115 for DISCOVERED_A_NEW_TERM
2019-10-16 21:11:45,405 [52743044-8979-4a08-8013-92a14c548982@group-146C50BE7901-LeaderElection98] INFO  impl.RoleInfo (RoleInfo.java:shutdownLeaderElection(134)) - 52743044-8979-4a08-8013-92a14c548982: shutdown LeaderElection
2019-10-16 21:11:45,405 [52743044-8979-4a08-8013-92a14c548982@group-146C50BE7901-LeaderElection98] INFO  impl.RoleInfo (RoleInfo.java:updateAndGet(143)) - 52743044-8979-4a08-8013-92a14c548982: start FollowerState
2019-10-16 21:11:45,486 [Thread-918] INFO  impl.FollowerState (FollowerState.java:run(108)) - 52743044-8979-4a08-8013-92a14c548982@group-146C50BE7901-FollowerState: change to CANDIDATE, lastRpcTime:81ms, electionTimeout:81ms
2019-10-16 21:11:45,486 [Thread-918] INFO  impl.RoleInfo (RoleInfo.java:shutdownFollowerState(121)) - 52743044-8979-4a08-8013-92a14c548982: shutdown FollowerState
2019-10-16 21:11:45,486 [Thread-918] INFO  impl.RaftServerImpl (RaftServerImpl.java:setRole(184)) - 52743044-8979-4a08-8013-92a14c548982@group-146C50BE7901: changes role from  FOLLOWER to CANDIDATE at term 115 for changeToCandidate
2019-10-16 21:11:45,487 [Thread-918] INFO  impl.RoleInfo (RoleInfo.java:updateAndGet(143)) - 52743044-8979-4a08-8013-92a14c548982: start LeaderElection
2019-10-16 21:11:45,500 [52743044-8979-4a08-8013-92a14c548982@group-146C50BE7901-LeaderElection99] INFO  impl.LeaderElection (LeaderElection.java:askForVotes(178)) - 52743044-8979-4a08-8013-92a14c548982@group-146C50BE7901-LeaderElection99: begin an election at term 116 for -1: [904f39be-c3d3-4df4-99c0-2e4526e577e3:192.168.157.254:45339, 52743044-8979-4a08-8013-92a14c548982:192.168.157.254:36428, 65da0c80-3604-4ac2-9a39-ee88d748a153:192.168.157.254:37466], old=null
2019-10-16 21:11:45,502 [grpc-default-executor-0] INFO  impl.RaftServerImpl (RaftServerImpl.java:setRole(184)) - 65da0c80-3604-4ac2-9a39-ee88d748a153@group-146C50BE7901: changes role from  FOLLOWER to FOLLOWER at term 116 for recognizeCandidate:52743044-8979-4a08-8013-92a14c548982
2019-10-16 21:11:45,502 [grpc-default-executor-1] INFO  impl.RaftServerImpl (RaftServerImpl.java:setRole(184)) - 904f39be-c3d3-4df4-99c0-2e4526e577e3@group-146C50BE7901: changes role from  FOLLOWER to FOLLOWER at term 116 for recognizeCandidate:52743044-8979-4a08-8013-92a14c548982
2019-10-16 21:11:45,502 [grpc-default-executor-0] INFO  impl.RoleInfo (RoleInfo.java:shutdownFollowerState(121)) - 65da0c80-3604-4ac2-9a39-ee88d748a153: shutdown FollowerState
2019-10-16 21:11:45,502 [grpc-default-executor-1] INFO  impl.RoleInfo (RoleInfo.java:shutdownFollowerState(121)) - 904f39be-c3d3-4df4-99c0-2e4526e577e3: shutdown FollowerState
2019-10-16 21:11:45,503 [Thread-917] INFO  impl.FollowerState (FollowerState.java:run(117)) - 65da0c80-3604-4ac2-9a39-ee88d748a153@group-146C50BE7901-FollowerState was interrupted: java.lang.InterruptedException: sleep interrupted
2019-10-16 21:11:45,503 [grpc-default-executor-0] INFO  impl.RoleInfo (RoleInfo.java:updateAndGet(143)) - 65da0c80-3604-4ac2-9a39-ee88d748a153: start FollowerState
2019-10-16 21:11:45,503 [Thread-916] INFO  impl.FollowerState (FollowerState.java:run(117)) - 904f39be-c3d3-4df4-99c0-2e4526e577e3@group-146C50BE7901-FollowerState was interrupted: java.lang.InterruptedException: sleep interrupted
2019-10-16 21:11:45,503 [grpc-default-executor-1] INFO  impl.RoleInfo (RoleInfo.java:updateAndGet(143)) - 904f39be-c3d3-4df4-99c0-2e4526e577e3: start FollowerState
2019-10-16 21:11:45,519 [52743044-8979-4a08-8013-92a14c548982@group-146C50BE7901-LeaderElection99] INFO  impl.LeaderElection (LeaderElection.java:logAndReturn(56)) - 52743044-8979-4a08-8013-92a14c548982@group-146C50BE7901-LeaderElection99: Election REJECTED; received 2 response(s) [52743044-8979-4a08-8013-92a14c548982<-904f39be-c3d3-4df4-99c0-2e4526e577e3#0:FAIL-t116, 52743044-8979-4a08-8013-92a14c548982<-65da0c80-3604-4ac2-9a39-ee88d748a153#0:FAIL-t116] and 0 exception(s); 52743044-8979-4a08-8013-92a14c548982@group-146C50BE7901:t116, leader=null, voted=52743044-8979-4a08-8013-92a14c548982, raftlog=52743044-8979-4a08-8013-92a14c548982@group-146C50BE7901-SegmentedRaftLog:OPENED:c-1,f-1,i0, conf=-1: [904f39be-c3d3-4df4-99c0-2e4526e577e3:192.168.157.254:45339, 52743044-8979-4a08-8013-92a14c548982:192.168.157.254:36428, 65da0c80-3604-4ac2-9a39-ee88d748a153:192.168.157.254:37466], old=null
2019-10-16 21:11:45,519 [52743044-8979-4a08-8013-92a14c548982@group-146C50BE7901-LeaderElection99] INFO  impl.RaftServerImpl (RaftServerImpl.java:setRole(184)) - 52743044-8979-4a08-8013-92a14c548982@group-146C50BE7901: changes role from CANDIDATE to FOLLOWER at term 116 for DISCOVERED_A_NEW_TERM
2019-10-16 21:11:45,519 [52743044-8979-4a08-8013-92a14c548982@group-146C50BE7901-LeaderElection99] INFO  impl.RoleInfo (RoleInfo.java:shutdownLeaderElection(134)) - 52743044-8979-4a08-8013-92a14c548982: shutdown LeaderElection
2019-10-16 21:11:45,520 [52743044-8979-4a08-8013-92a14c548982@group-146C50BE7901-LeaderElection99] INFO  impl.RoleInfo (RoleInfo.java:updateAndGet(143)) - 52743044-8979-4a08-8013-92a14c548982: start FollowerState
2019-10-16 21:11:45,629 [Thread-924] INFO  impl.FollowerState (FollowerState.java:run(108)) - 52743044-8979-4a08-8013-92a14c548982@group-146C50BE7901-FollowerState: change to CANDIDATE, lastRpcTime:109ms, electionTimeout:109ms
2019-10-16 21:11:45,629 [Thread-924] INFO  impl.RoleInfo (RoleInfo.java:shutdownFollowerState(121)) - 52743044-8979-4a08-8013-92a14c548982: shutdown FollowerState
2019-10-16 21:11:45,629 [Thread-924] INFO  impl.RaftServerImpl (RaftServerImpl.java:setRole(184)) - 52743044-8979-4a08-8013-92a14c548982@group-146C50BE7901: changes role from  FOLLOWER to CANDIDATE at term 116 for changeToCandidate
2019-10-16 21:11:45,629 [Thread-924] INFO  impl.RoleInfo (RoleInfo.java:updateAndGet(143)) - 52743044-8979-4a08-8013-92a14c548982: start LeaderElection
2019-10-16 21:11:45,668 [52743044-8979-4a08-8013-92a14c548982@group-146C50BE7901-LeaderElection100] INFO  impl.LeaderElection (LeaderElection.java:askForVotes(178)) - 52743044-8979-4a08-8013-92a14c548982@group-146C50BE7901-LeaderElection100: begin an election at term 117 for -1: [904f39be-c3d3-4df4-99c0-2e4526e577e3:192.168.157.254:45339, 52743044-8979-4a08-8013-92a14c548982:192.168.157.254:36428, 65da0c80-3604-4ac2-9a39-ee88d748a153:192.168.157.254:37466], old=null
2019-10-16 21:11:45,670 [grpc-default-executor-1] INFO  impl.RaftServerImpl (RaftServerImpl.java:setRole(184)) - 904f39be-c3d3-4df4-99c0-2e4526e577e3@group-146C50BE7901: changes role from  FOLLOWER to FOLLOWER at term 117 for recognizeCandidate:52743044-8979-4a08-8013-92a14c548982
2019-10-16 21:11:45,671 [grpc-default-executor-0] INFO  impl.RaftServerImpl (RaftServerImpl.java:setRole(184)) - 65da0c80-3604-4ac2-9a39-ee88d748a153@group-146C50BE7901: changes role from  FOLLOWER to FOLLOWER at term 117 for recognizeCandidate:52743044-8979-4a08-8013-92a14c548982
2019-10-16 21:11:45,671 [grpc-default-executor-0] INFO  impl.RoleInfo (RoleInfo.java:shutdownFollowerState(121)) - 65da0c80-3604-4ac2-9a39-ee88d748a153: shutdown FollowerState
2019-10-16 21:11:45,671 [grpc-default-executor-1] INFO  impl.RoleInfo (RoleInfo.java:shutdownFollowerState(121)) - 904f39be-c3d3-4df4-99c0-2e4526e577e3: shutdown FollowerState
2019-10-16 21:11:45,671 [Thread-922] INFO  impl.FollowerState (FollowerState.java:run(117)) - 65da0c80-3604-4ac2-9a39-ee88d748a153@group-146C50BE7901-FollowerState was interrupted: java.lang.InterruptedException: sleep interrupted
2019-10-16 21:11:45,671 [grpc-default-executor-0] INFO  impl.RoleInfo (RoleInfo.java:updateAndGet(143)) - 65da0c80-3604-4ac2-9a39-ee88d748a153: start FollowerState
2019-10-16 21:11:45,671 [Thread-923] INFO  impl.FollowerState (FollowerState.java:run(117)) - 904f39be-c3d3-4df4-99c0-2e4526e577e3@group-146C50BE7901-FollowerState was interrupted: java.lang.InterruptedException: sleep interrupted
2019-10-16 21:11:45,671 [grpc-default-executor-1] INFO  impl.RoleInfo (RoleInfo.java:updateAndGet(143)) - 904f39be-c3d3-4df4-99c0-2e4526e577e3: start FollowerState
2019-10-16 21:11:45,686 [52743044-8979-4a08-8013-92a14c548982@group-146C50BE7901-LeaderElection100] INFO  impl.LeaderElection (LeaderElection.java:logAndReturn(56)) - 52743044-8979-4a08-8013-92a14c548982@group-146C50BE7901-LeaderElection100: Election REJECTED; received 2 response(s) [52743044-8979-4a08-8013-92a14c548982<-904f39be-c3d3-4df4-99c0-2e4526e577e3#0:FAIL-t117, 52743044-8979-4a08-8013-92a14c548982<-65da0c80-3604-4ac2-9a39-ee88d748a153#0:FAIL-t117] and 0 exception(s); 52743044-8979-4a08-8013-92a14c548982@group-146C50BE7901:t117, leader=null, voted=52743044-8979-4a08-8013-92a14c548982, raftlog=52743044-8979-4a08-8013-92a14c548982@group-146C50BE7901-SegmentedRaftLog:OPENED:c-1,f-1,i0, conf=-1: [904f39be-c3d3-4df4-99c0-2e4526e577e3:192.168.157.254:45339, 52743044-8979-4a08-8013-92a14c548982:192.168.157.254:36428, 65da0c80-3604-4ac2-9a39-ee88d748a153:192.168.157.254:37466], old=null
2019-10-16 21:11:45,687 [52743044-8979-4a08-8013-92a14c548982@group-146C50BE7901-LeaderElection100] INFO  impl.RaftServerImpl (RaftServerImpl.java:setRole(184)) - 52743044-8979-4a08-8013-92a14c548982@group-146C50BE7901: changes role from CANDIDATE to FOLLOWER at term 117 for DISCOVERED_A_NEW_TERM
2019-10-16 21:11:45,687 [52743044-8979-4a08-8013-92a14c548982@group-146C50BE7901-LeaderElection100] INFO  impl.RoleInfo (RoleInfo.java:shutdownLeaderElection(134)) - 52743044-8979-4a08-8013-92a14c548982: shutdown LeaderElection
2019-10-16 21:11:45,687 [52743044-8979-4a08-8013-92a14c548982@group-146C50BE7901-LeaderElection100] INFO  impl.RoleInfo (RoleInfo.java:updateAndGet(143)) - 52743044-8979-4a08-8013-92a14c548982: start FollowerState
2019-10-16 21:11:45,703 [Thread-930] INFO  impl.FollowerState (FollowerState.java:run(108)) - 52743044-8979-4a08-8013-92a14c548982@group-146C50BE7901-FollowerState: change to CANDIDATE, lastRpcTime:16ms, electionTimeout:16ms
2019-10-16 21:11:45,703 [Thread-930] INFO  impl.RoleInfo (RoleInfo.java:shutdownFollowerState(121)) - 52743044-8979-4a08-8013-92a14c548982: shutdown FollowerState
2019-10-16 21:11:45,704 [Thread-930] INFO  impl.RaftServerImpl (RaftServerImpl.java:setRole(184)) - 52743044-8979-4a08-8013-92a14c548982@group-146C50BE7901: changes role from  FOLLOWER to CANDIDATE at term 117 for changeToCandidate
2019-10-16 21:11:45,704 [Thread-930] INFO  impl.RoleInfo (RoleInfo.java:updateAndGet(143)) - 52743044-8979-4a08-8013-92a14c548982: start LeaderElection
2019-10-16 21:11:45,747 [52743044-8979-4a08-8013-92a14c548982@group-146C50BE7901-LeaderElection101] INFO  impl.LeaderElection (LeaderElection.java:askForVotes(178)) - 52743044-8979-4a08-8013-92a14c548982@group-146C50BE7901-LeaderElection101: begin an election at term 118 for -1: [904f39be-c3d3-4df4-99c0-2e4526e577e3:192.168.157.254:45339, 52743044-8979-4a08-8013-92a14c548982:192.168.157.254:36428, 65da0c80-3604-4ac2-9a39-ee88d748a153:192.168.157.254:37466], old=null
2019-10-16 21:11:45,749 [grpc-default-executor-0] INFO  impl.RaftServerImpl (RaftServerImpl.java:setRole(184)) - 904f39be-c3d3-4df4-99c0-2e4526e577e3@group-146C50BE7901: changes role from  FOLLOWER to FOLLOWER at term 118 for recognizeCandidate:52743044-8979-4a08-8013-92a14c548982
2019-10-16 21:11:45,749 [grpc-default-executor-1] INFO  impl.RaftServerImpl (RaftServerImpl.java:setRole(184)) - 65da0c80-3604-4ac2-9a39-ee88d748a153@group-146C50BE7901: changes role from  FOLLOWER to FOLLOWER at term 118 for recognizeCandidate:52743044-8979-4a08-8013-92a14c548982
2019-10-16 21:11:45,750 [grpc-default-executor-1] INFO  impl.RoleInfo (RoleInfo.java:shutdownFollowerState(121)) - 65da0c80-3604-4ac2-9a39-ee88d748a153: shutdown FollowerState
2019-10-16 21:11:45,749 [grpc-default-executor-0] INFO  impl.RoleInfo (RoleInfo.java:shutdownFollowerState(121)) - 904f39be-c3d3-4df4-99c0-2e4526e577e3: shutdown FollowerState
2019-10-16 21:11:45,750 [Thread-928] INFO  impl.FollowerState (FollowerState.java:run(117)) - 65da0c80-3604-4ac2-9a39-ee88d748a153@group-146C50BE7901-FollowerState was interrupted: java.lang.InterruptedException: sleep interrupted
2019-10-16 21:11:45,750 [grpc-default-executor-1] INFO  impl.RoleInfo (RoleInfo.java:updateAndGet(143)) - 65da0c80-3604-4ac2-9a39-ee88d748a153: start FollowerState
2019-10-16 21:11:45,750 [Thread-929] INFO  impl.FollowerState (FollowerState.java:run(117)) - 904f39be-c3d3-4df4-99c0-2e4526e577e3@group-146C50BE7901-FollowerState was interrupted: java.lang.InterruptedException: sleep interrupted
2019-10-16 21:11:45,750 [grpc-default-executor-0] INFO  impl.RoleInfo (RoleInfo.java:updateAndGet(143)) - 904f39be-c3d3-4df4-99c0-2e4526e577e3: start FollowerState
2019-10-16 21:11:45,824 [52743044-8979-4a08-8013-92a14c548982@group-146C50BE7901-LeaderElection101] INFO  impl.LeaderElection (LeaderElection.java:logAndReturn(56)) - 52743044-8979-4a08-8013-92a14c548982@group-146C50BE7901-LeaderElection101: Election REJECTED; received 2 response(s) [52743044-8979-4a08-8013-92a14c548982<-904f39be-c3d3-4df4-99c0-2e4526e577e3#0:FAIL-t118, 52743044-8979-4a08-8013-92a14c548982<-65da0c80-3604-4ac2-9a39-ee88d748a153#0:FAIL-t118] and 0 exception(s); 52743044-8979-4a08-8013-92a14c548982@group-146C50BE7901:t118, leader=null, voted=52743044-8979-4a08-8013-92a14c548982, raftlog=52743044-8979-4a08-8013-92a14c548982@group-146C50BE7901-SegmentedRaftLog:OPENED:c-1,f-1,i0, conf=-1: [904f39be-c3d3-4df4-99c0-2e4526e577e3:192.168.157.254:45339, 52743044-8979-4a08-8013-92a14c548982:192.168.157.254:36428, 65da0c80-3604-4ac2-9a39-ee88d748a153:192.168.157.254:37466], old=null
2019-10-16 21:11:45,825 [52743044-8979-4a08-8013-92a14c548982@group-146C50BE7901-LeaderElection101] INFO  impl.RaftServerImpl (RaftServerImpl.java:setRole(184)) - 52743044-8979-4a08-8013-92a14c548982@group-146C50BE7901: changes role from CANDIDATE to FOLLOWER at term 118 for DISCOVERED_A_NEW_TERM
2019-10-16 21:11:45,825 [52743044-8979-4a08-8013-92a14c548982@group-146C50BE7901-LeaderElection101] INFO  impl.RoleInfo (RoleInfo.java:shutdownLeaderElection(134)) - 52743044-8979-4a08-8013-92a14c548982: shutdown LeaderElection
2019-10-16 21:11:45,825 [52743044-8979-4a08-8013-92a14c548982@group-146C50BE7901-LeaderElection101] INFO  impl.RoleInfo (RoleInfo.java:updateAndGet(143)) - 52743044-8979-4a08-8013-92a14c548982: start FollowerState
2019-10-16 21:11:45,872 [Thread-936] INFO  impl.FollowerState (FollowerState.java:run(108)) - 52743044-8979-4a08-8013-92a14c548982@group-146C50BE7901-FollowerState: change to CANDIDATE, lastRpcTime:46ms, electionTimeout:46ms
2019-10-16 21:11:45,872 [Thread-936] INFO  impl.RoleInfo (RoleInfo.java:shutdownFollowerState(121)) - 52743044-8979-4a08-8013-92a14c548982: shutdown FollowerState
2019-10-16 21:11:45,872 [Thread-936] INFO  impl.RaftServerImpl (RaftServerImpl.java:setRole(184)) - 52743044-8979-4a08-8013-92a14c548982@group-146C50BE7901: changes role from  FOLLOWER to CANDIDATE at term 118 for changeToCandidate
2019-10-16 21:11:45,872 [Thread-936] INFO  impl.RoleInfo (RoleInfo.java:updateAndGet(143)) - 52743044-8979-4a08-8013-92a14c548982: start LeaderElection
2019-10-16 21:11:45,918 [52743044-8979-4a08-8013-92a14c548982@group-146C50BE7901-LeaderElection102] INFO  impl.LeaderElection (LeaderElection.java:askForVotes(178)) - 52743044-8979-4a08-8013-92a14c548982@group-146C50BE7901-LeaderElection102: begin an election at term 119 for -1: [904f39be-c3d3-4df4-99c0-2e4526e577e3:192.168.157.254:45339, 52743044-8979-4a08-8013-92a14c548982:192.168.157.254:36428, 65da0c80-3604-4ac2-9a39-ee88d748a153:192.168.157.254:37466], old=null
2019-10-16 21:11:45,920 [grpc-default-executor-0] INFO  impl.RaftServerImpl (RaftServerImpl.java:setRole(184)) - 904f39be-c3d3-4df4-99c0-2e4526e577e3@group-146C50BE7901: changes role from  FOLLOWER to FOLLOWER at term 119 for recognizeCandidate:52743044-8979-4a08-8013-92a14c548982
2019-10-16 21:11:45,920 [grpc-default-executor-0] INFO  impl.RoleInfo (RoleInfo.java:shutdownFollowerState(121)) - 904f39be-c3d3-4df4-99c0-2e4526e577e3: shutdown FollowerState
2019-10-16 21:11:45,920 [grpc-default-executor-1] INFO  impl.RaftServerImpl (RaftServerImpl.java:setRole(184)) - 65da0c80-3604-4ac2-9a39-ee88d748a153@group-146C50BE7901: changes role from  FOLLOWER to FOLLOWER at term 119 for recognizeCandidate:52743044-8979-4a08-8013-92a14c548982
2019-10-16 21:11:45,920 [Thread-935] INFO  impl.FollowerState (FollowerState.java:run(117)) - 904f39be-c3d3-4df4-99c0-2e4526e577e3@group-146C50BE7901-FollowerState was interrupted: java.lang.InterruptedException: sleep interrupted
2019-10-16 21:11:45,920 [grpc-default-executor-0] INFO  impl.RoleInfo (RoleInfo.java:updateAndGet(143)) - 904f39be-c3d3-4df4-99c0-2e4526e577e3: start FollowerState
2019-10-16 21:11:45,920 [grpc-default-executor-1] INFO  impl.RoleInfo (RoleInfo.java:shutdownFollowerState(121)) - 65da0c80-3604-4ac2-9a39-ee88d748a153: shutdown FollowerState
2019-10-16 21:11:45,921 [grpc-default-executor-1] INFO  impl.RoleInfo (RoleInfo.java:updateAndGet(143)) - 65da0c80-3604-4ac2-9a39-ee88d748a153: start FollowerState
2019-10-16 21:11:45,921 [Thread-934] INFO  impl.FollowerState (FollowerState.java:run(117)) - 65da0c80-3604-4ac2-9a39-ee88d748a153@group-146C50BE7901-FollowerState was interrupted: java.lang.InterruptedException: sleep interrupted
2019-10-16 21:11:45,990 [52743044-8979-4a08-8013-92a14c548982@group-146C50BE7901-LeaderElection102] INFO  impl.LeaderElection (LeaderElection.java:logAndReturn(56)) - 52743044-8979-4a08-8013-92a14c548982@group-146C50BE7901-LeaderElection102: Election REJECTED; received 2 response(s) [52743044-8979-4a08-8013-92a14c548982<-904f39be-c3d3-4df4-99c0-2e4526e577e3#0:FAIL-t119, 52743044-8979-4a08-8013-92a14c548982<-65da0c80-3604-4ac2-9a39-ee88d748a153#0:FAIL-t119] and 0 exception(s); 52743044-8979-4a08-8013-92a14c548982@group-146C50BE7901:t119, leader=null, voted=52743044-8979-4a08-8013-92a14c548982, raftlog=52743044-8979-4a08-8013-92a14c548982@group-146C50BE7901-SegmentedRaftLog:OPENED:c-1,f-1,i0, conf=-1: [904f39be-c3d3-4df4-99c0-2e4526e577e3:192.168.157.254:45339, 52743044-8979-4a08-8013-92a14c548982:192.168.157.254:36428, 65da0c80-3604-4ac2-9a39-ee88d748a153:192.168.157.254:37466], old=null
2019-10-16 21:11:45,991 [52743044-8979-4a08-8013-92a14c548982@group-146C50BE7901-LeaderElection102] INFO  impl.RaftServerImpl (RaftServerImpl.java:setRole(184)) - 52743044-8979-4a08-8013-92a14c548982@group-146C50BE7901: changes role from CANDIDATE to FOLLOWER at term 119 for DISCOVERED_A_NEW_TERM
2019-10-16 21:11:45,991 [52743044-8979-4a08-8013-92a14c548982@group-146C50BE7901-LeaderElection102] INFO  impl.RoleInfo (RoleInfo.java:shutdownLeaderElection(134)) - 52743044-8979-4a08-8013-92a14c548982: shutdown LeaderElection
2019-10-16 21:11:45,991 [52743044-8979-4a08-8013-92a14c548982@group-146C50BE7901-LeaderElection102] INFO  impl.RoleInfo (RoleInfo.java:updateAndGet(143)) - 52743044-8979-4a08-8013-92a14c548982: start FollowerState
2019-10-16 21:11:46,042 [Thread-942] INFO  impl.FollowerState (FollowerState.java:run(108)) - 52743044-8979-4a08-8013-92a14c548982@group-146C50BE7901-FollowerState: change to CANDIDATE, lastRpcTime:50ms, electionTimeout:50ms
2019-10-16 21:11:46,042 [Thread-942] INFO  impl.RoleInfo (RoleInfo.java:shutdownFollowerState(121)) - 52743044-8979-4a08-8013-92a14c548982: shutdown FollowerState
2019-10-16 21:11:46,042 [Thread-942] INFO  impl.RaftServerImpl (RaftServerImpl.java:setRole(184)) - 52743044-8979-4a08-8013-92a14c548982@group-146C50BE7901: changes role from  FOLLOWER to CANDIDATE at term 119 for changeToCandidate
2019-10-16 21:11:46,042 [Thread-942] INFO  impl.RoleInfo (RoleInfo.java:updateAndGet(143)) - 52743044-8979-4a08-8013-92a14c548982: start LeaderElection
2019-10-16 21:11:46,109 [52743044-8979-4a08-8013-92a14c548982@group-146C50BE7901-LeaderElection103] INFO  impl.LeaderElection (LeaderElection.java:askForVotes(178)) - 52743044-8979-4a08-8013-92a14c548982@group-146C50BE7901-LeaderElection103: begin an election at term 120 for -1: [904f39be-c3d3-4df4-99c0-2e4526e577e3:192.168.157.254:45339, 52743044-8979-4a08-8013-92a14c548982:192.168.157.254:36428, 65da0c80-3604-4ac2-9a39-ee88d748a153:192.168.157.254:37466], old=null
2019-10-16 21:11:46,111 [grpc-default-executor-1] INFO  impl.RaftServerImpl (RaftServerImpl.java:setRole(184)) - 904f39be-c3d3-4df4-99c0-2e4526e577e3@group-146C50BE7901: changes role from  FOLLOWER to FOLLOWER at term 120 for recognizeCandidate:52743044-8979-4a08-8013-92a14c548982
2019-10-16 21:11:46,111 [grpc-default-executor-1] INFO  impl.RoleInfo (RoleInfo.java:shutdownFollowerState(121)) - 904f39be-c3d3-4df4-99c0-2e4526e577e3: shutdown FollowerState
2019-10-16 21:11:46,111 [grpc-default-executor-1] INFO  impl.RoleInfo (RoleInfo.java:updateAndGet(143)) - 904f39be-c3d3-4df4-99c0-2e4526e577e3: start FollowerState
2019-10-16 21:11:46,111 [Thread-940] INFO  impl.FollowerState (FollowerState.java:run(117)) - 904f39be-c3d3-4df4-99c0-2e4526e577e3@group-146C50BE7901-FollowerState was interrupted: java.lang.InterruptedException: sleep interrupted
2019-10-16 21:11:46,111 [grpc-default-executor-0] INFO  impl.RaftServerImpl (RaftServerImpl.java:setRole(184)) - 65da0c80-3604-4ac2-9a39-ee88d748a153@group-146C50BE7901: changes role from  FOLLOWER to FOLLOWER at term 120 for recognizeCandidate:52743044-8979-4a08-8013-92a14c548982
2019-10-16 21:11:46,111 [grpc-default-executor-0] INFO  impl.RoleInfo (RoleInfo.java:shutdownFollowerState(121)) - 65da0c80-3604-4ac2-9a39-ee88d748a153: shutdown FollowerState
2019-10-16 21:11:46,112 [grpc-default-executor-0] INFO  impl.RoleInfo (RoleInfo.java:updateAndGet(143)) - 65da0c80-3604-4ac2-9a39-ee88d748a153: start FollowerState
2019-10-16 21:11:46,112 [Thread-941] INFO  impl.FollowerState (FollowerState.java:run(117)) - 65da0c80-3604-4ac2-9a39-ee88d748a153@group-146C50BE7901-FollowerState was interrupted: java.lang.InterruptedException: sleep interrupted
2019-10-16 21:11:46,190 [52743044-8979-4a08-8013-92a14c548982@group-146C50BE7901-LeaderElection103] INFO  impl.LeaderElection (LeaderElection.java:logAndReturn(56)) - 52743044-8979-4a08-8013-92a14c548982@group-146C50BE7901-LeaderElection103: Election REJECTED; received 2 response(s) [52743044-8979-4a08-8013-92a14c548982<-904f39be-c3d3-4df4-99c0-2e4526e577e3#0:FAIL-t120, 52743044-8979-4a08-8013-92a14c548982<-65da0c80-3604-4ac2-9a39-ee88d748a153#0:FAIL-t120] and 0 exception(s); 52743044-8979-4a08-8013-92a14c548982@group-146C50BE7901:t120, leader=null, voted=52743044-8979-4a08-8013-92a14c548982, raftlog=52743044-8979-4a08-8013-92a14c548982@group-146C50BE7901-SegmentedRaftLog:OPENED:c-1,f-1,i0, conf=-1: [904f39be-c3d3-4df4-99c0-2e4526e577e3:192.168.157.254:45339, 52743044-8979-4a08-8013-92a14c548982:192.168.157.254:36428, 65da0c80-3604-4ac2-9a39-ee88d748a153:192.168.157.254:37466], old=null
2019-10-16 21:11:46,190 [52743044-8979-4a08-8013-92a14c548982@group-146C50BE7901-LeaderElection103] INFO  impl.RaftServerImpl (RaftServerImpl.java:setRole(184)) - 52743044-8979-4a08-8013-92a14c548982@group-146C50BE7901: changes role from CANDIDATE to FOLLOWER at term 120 for DISCOVERED_A_NEW_TERM
2019-10-16 21:11:46,190 [52743044-8979-4a08-8013-92a14c548982@group-146C50BE7901-LeaderElection103] INFO  impl.RoleInfo (RoleInfo.java:shutdownLeaderElection(134)) - 52743044-8979-4a08-8013-92a14c548982: shutdown LeaderElection
2019-10-16 21:11:46,190 [52743044-8979-4a08-8013-92a14c548982@group-146C50BE7901-LeaderElection103] INFO  impl.RoleInfo (RoleInfo.java:updateAndGet(143)) - 52743044-8979-4a08-8013-92a14c548982: start FollowerState
2019-10-16 21:11:46,202 [main] INFO  ozone.MiniOzoneClusterImpl (MiniOzoneClusterImpl.java:lambda$waitForClusterToBeReady$2(164)) - Waiting for 1 number of pipelines out of 4, to report a leader.
2019-10-16 21:11:46,323 [Thread-948] INFO  impl.FollowerState (FollowerState.java:run(108)) - 52743044-8979-4a08-8013-92a14c548982@group-146C50BE7901-FollowerState: change to CANDIDATE, lastRpcTime:132ms, electionTimeout:132ms
2019-10-16 21:11:46,323 [Thread-948] INFO  impl.RoleInfo (RoleInfo.java:shutdownFollowerState(121)) - 52743044-8979-4a08-8013-92a14c548982: shutdown FollowerState
2019-10-16 21:11:46,323 [Thread-948] INFO  impl.RaftServerImpl (RaftServerImpl.java:setRole(184)) - 52743044-8979-4a08-8013-92a14c548982@group-146C50BE7901: changes role from  FOLLOWER to CANDIDATE at term 120 for changeToCandidate
2019-10-16 21:11:46,323 [Thread-948] INFO  impl.RoleInfo (RoleInfo.java:updateAndGet(143)) - 52743044-8979-4a08-8013-92a14c548982: start LeaderElection
2019-10-16 21:11:46,351 [52743044-8979-4a08-8013-92a14c548982@group-146C50BE7901-LeaderElection104] INFO  impl.LeaderElection (LeaderElection.java:askForVotes(178)) - 52743044-8979-4a08-8013-92a14c548982@group-146C50BE7901-LeaderElection104: begin an election at term 121 for -1: [904f39be-c3d3-4df4-99c0-2e4526e577e3:192.168.157.254:45339, 52743044-8979-4a08-8013-92a14c548982:192.168.157.254:36428, 65da0c80-3604-4ac2-9a39-ee88d748a153:192.168.157.254:37466], old=null
2019-10-16 21:11:46,353 [grpc-default-executor-1] INFO  impl.RaftServerImpl (RaftServerImpl.java:setRole(184)) - 65da0c80-3604-4ac2-9a39-ee88d748a153@group-146C50BE7901: changes role from  FOLLOWER to FOLLOWER at term 121 for recognizeCandidate:52743044-8979-4a08-8013-92a14c548982
2019-10-16 21:11:46,353 [grpc-default-executor-1] INFO  impl.RoleInfo (RoleInfo.java:shutdownFollowerState(121)) - 65da0c80-3604-4ac2-9a39-ee88d748a153: shutdown FollowerState
2019-10-16 21:11:46,354 [grpc-default-executor-1] INFO  impl.RoleInfo (RoleInfo.java:updateAndGet(143)) - 65da0c80-3604-4ac2-9a39-ee88d748a153: start FollowerState
2019-10-16 21:11:46,354 [grpc-default-executor-0] INFO  impl.RaftServerImpl (RaftServerImpl.java:setRole(184)) - 904f39be-c3d3-4df4-99c0-2e4526e577e3@group-146C50BE7901: changes role from  FOLLOWER to FOLLOWER at term 121 for recognizeCandidate:52743044-8979-4a08-8013-92a14c548982
2019-10-16 21:11:46,354 [Thread-947] INFO  impl.FollowerState (FollowerState.java:run(117)) - 65da0c80-3604-4ac2-9a39-ee88d748a153@group-146C50BE7901-FollowerState was interrupted: java.lang.InterruptedException: sleep interrupted
2019-10-16 21:11:46,354 [grpc-default-executor-0] INFO  impl.RoleInfo (RoleInfo.java:shutdownFollowerState(121)) - 904f39be-c3d3-4df4-99c0-2e4526e577e3: shutdown FollowerState
2019-10-16 21:11:46,354 [grpc-default-executor-0] INFO  impl.RoleInfo (RoleInfo.java:updateAndGet(143)) - 904f39be-c3d3-4df4-99c0-2e4526e577e3: start FollowerState
2019-10-16 21:11:46,354 [Thread-946] INFO  impl.FollowerState (FollowerState.java:run(117)) - 904f39be-c3d3-4df4-99c0-2e4526e577e3@group-146C50BE7901-FollowerState was interrupted: java.lang.InterruptedException: sleep interrupted
2019-10-16 21:11:46,398 [52743044-8979-4a08-8013-92a14c548982@group-146C50BE7901-LeaderElection104] INFO  impl.LeaderElection (LeaderElection.java:logAndReturn(56)) - 52743044-8979-4a08-8013-92a14c548982@group-146C50BE7901-LeaderElection104: Election REJECTED; received 2 response(s) [52743044-8979-4a08-8013-92a14c548982<-904f39be-c3d3-4df4-99c0-2e4526e577e3#0:FAIL-t121, 52743044-8979-4a08-8013-92a14c548982<-65da0c80-3604-4ac2-9a39-ee88d748a153#0:FAIL-t121] and 0 exception(s); 52743044-8979-4a08-8013-92a14c548982@group-146C50BE7901:t121, leader=null, voted=52743044-8979-4a08-8013-92a14c548982, raftlog=52743044-8979-4a08-8013-92a14c548982@group-146C50BE7901-SegmentedRaftLog:OPENED:c-1,f-1,i0, conf=-1: [904f39be-c3d3-4df4-99c0-2e4526e577e3:192.168.157.254:45339, 52743044-8979-4a08-8013-92a14c548982:192.168.157.254:36428, 65da0c80-3604-4ac2-9a39-ee88d748a153:192.168.157.254:37466], old=null
2019-10-16 21:11:46,398 [52743044-8979-4a08-8013-92a14c548982@group-146C50BE7901-LeaderElection104] INFO  impl.RaftServerImpl (RaftServerImpl.java:setRole(184)) - 52743044-8979-4a08-8013-92a14c548982@group-146C50BE7901: changes role from CANDIDATE to FOLLOWER at term 121 for DISCOVERED_A_NEW_TERM
2019-10-16 21:11:46,399 [52743044-8979-4a08-8013-92a14c548982@group-146C50BE7901-LeaderElection104] INFO  impl.RoleInfo (RoleInfo.java:shutdownLeaderElection(134)) - 52743044-8979-4a08-8013-92a14c548982: shutdown LeaderElection
2019-10-16 21:11:46,399 [52743044-8979-4a08-8013-92a14c548982@group-146C50BE7901-LeaderElection104] INFO  impl.RoleInfo (RoleInfo.java:updateAndGet(143)) - 52743044-8979-4a08-8013-92a14c548982: start FollowerState
2019-10-16 21:11:46,591 [Thread-954] INFO  impl.FollowerState (FollowerState.java:run(108)) - 52743044-8979-4a08-8013-92a14c548982@group-146C50BE7901-FollowerState: change to CANDIDATE, lastRpcTime:192ms, electionTimeout:192ms
2019-10-16 21:11:46,591 [Thread-954] INFO  impl.RoleInfo (RoleInfo.java:shutdownFollowerState(121)) - 52743044-8979-4a08-8013-92a14c548982: shutdown FollowerState
2019-10-16 21:11:46,591 [Thread-954] INFO  impl.RaftServerImpl (RaftServerImpl.java:setRole(184)) - 52743044-8979-4a08-8013-92a14c548982@group-146C50BE7901: changes role from  FOLLOWER to CANDIDATE at term 121 for changeToCandidate
2019-10-16 21:11:46,592 [Thread-954] INFO  impl.RoleInfo (RoleInfo.java:updateAndGet(143)) - 52743044-8979-4a08-8013-92a14c548982: start LeaderElection
2019-10-16 21:11:46,633 [52743044-8979-4a08-8013-92a14c548982@group-146C50BE7901-LeaderElection105] INFO  impl.LeaderElection (LeaderElection.java:askForVotes(178)) - 52743044-8979-4a08-8013-92a14c548982@group-146C50BE7901-LeaderElection105: begin an election at term 122 for -1: [904f39be-c3d3-4df4-99c0-2e4526e577e3:192.168.157.254:45339, 52743044-8979-4a08-8013-92a14c548982:192.168.157.254:36428, 65da0c80-3604-4ac2-9a39-ee88d748a153:192.168.157.254:37466], old=null
2019-10-16 21:11:46,635 [grpc-default-executor-0] INFO  impl.RaftServerImpl (RaftServerImpl.java:setRole(184)) - 904f39be-c3d3-4df4-99c0-2e4526e577e3@group-146C50BE7901: changes role from  FOLLOWER to FOLLOWER at term 122 for recognizeCandidate:52743044-8979-4a08-8013-92a14c548982
2019-10-16 21:11:46,635 [grpc-default-executor-0] INFO  impl.RoleInfo (RoleInfo.java:shutdownFollowerState(121)) - 904f39be-c3d3-4df4-99c0-2e4526e577e3: shutdown FollowerState
2019-10-16 21:11:46,635 [grpc-default-executor-1] INFO  impl.RaftServerImpl (RaftServerImpl.java:setRole(184)) - 65da0c80-3604-4ac2-9a39-ee88d748a153@group-146C50BE7901: changes role from  FOLLOWER to FOLLOWER at term 122 for recognizeCandidate:52743044-8979-4a08-8013-92a14c548982
2019-10-16 21:11:46,635 [Thread-953] INFO  impl.FollowerState (FollowerState.java:run(117)) - 904f39be-c3d3-4df4-99c0-2e4526e577e3@group-146C50BE7901-FollowerState was interrupted: java.lang.InterruptedException: sleep interrupted
2019-10-16 21:11:46,635 [grpc-default-executor-0] INFO  impl.RoleInfo (RoleInfo.java:updateAndGet(143)) - 904f39be-c3d3-4df4-99c0-2e4526e577e3: start FollowerState
2019-10-16 21:11:46,635 [grpc-default-executor-1] INFO  impl.RoleInfo (RoleInfo.java:shutdownFollowerState(121)) - 65da0c80-3604-4ac2-9a39-ee88d748a153: shutdown FollowerState
2019-10-16 21:11:46,636 [grpc-default-executor-1] INFO  impl.RoleInfo (RoleInfo.java:updateAndGet(143)) - 65da0c80-3604-4ac2-9a39-ee88d748a153: start FollowerState
2019-10-16 21:11:46,636 [Thread-952] INFO  impl.FollowerState (FollowerState.java:run(117)) - 65da0c80-3604-4ac2-9a39-ee88d748a153@group-146C50BE7901-FollowerState was interrupted: java.lang.InterruptedException: sleep interrupted
2019-10-16 21:11:46,645 [52743044-8979-4a08-8013-92a14c548982@group-146C50BE7901-LeaderElection105] INFO  impl.LeaderElection (LeaderElection.java:logAndReturn(56)) - 52743044-8979-4a08-8013-92a14c548982@group-146C50BE7901-LeaderElection105: Election TIMEOUT; received 0 response(s) [] and 0 exception(s); 52743044-8979-4a08-8013-92a14c548982@group-146C50BE7901:t122, leader=null, voted=52743044-8979-4a08-8013-92a14c548982, raftlog=52743044-8979-4a08-8013-92a14c548982@group-146C50BE7901-SegmentedRaftLog:OPENED:c-1,f-1,i0, conf=-1: [904f39be-c3d3-4df4-99c0-2e4526e577e3:192.168.157.254:45339, 52743044-8979-4a08-8013-92a14c548982:192.168.157.254:36428, 65da0c80-3604-4ac2-9a39-ee88d748a153:192.168.157.254:37466], old=null
2019-10-16 21:11:46,649 [52743044-8979-4a08-8013-92a14c548982@group-146C50BE7901-LeaderElection105] INFO  impl.LeaderElection (LeaderElection.java:askForVotes(178)) - 52743044-8979-4a08-8013-92a14c548982@group-146C50BE7901-LeaderElection105: begin an election at term 123 for -1: [904f39be-c3d3-4df4-99c0-2e4526e577e3:192.168.157.254:45339, 52743044-8979-4a08-8013-92a14c548982:192.168.157.254:36428, 65da0c80-3604-4ac2-9a39-ee88d748a153:192.168.157.254:37466], old=null
2019-10-16 21:11:46,651 [grpc-default-executor-0] INFO  impl.RaftServerImpl (RaftServerImpl.java:setRole(184)) - 65da0c80-3604-4ac2-9a39-ee88d748a153@group-146C50BE7901: changes role from  FOLLOWER to FOLLOWER at term 123 for recognizeCandidate:52743044-8979-4a08-8013-92a14c548982
2019-10-16 21:11:46,652 [grpc-default-executor-0] INFO  impl.RoleInfo (RoleInfo.java:shutdownFollowerState(121)) - 65da0c80-3604-4ac2-9a39-ee88d748a153: shutdown FollowerState
2019-10-16 21:11:46,651 [grpc-default-executor-1] INFO  impl.RaftServerImpl (RaftServerImpl.java:setRole(184)) - 904f39be-c3d3-4df4-99c0-2e4526e577e3@group-146C50BE7901: changes role from  FOLLOWER to FOLLOWER at term 123 for recognizeCandidate:52743044-8979-4a08-8013-92a14c548982
2019-10-16 21:11:46,652 [Thread-959] INFO  impl.FollowerState (FollowerState.java:run(117)) - 65da0c80-3604-4ac2-9a39-ee88d748a153@group-146C50BE7901-FollowerState was interrupted: java.lang.InterruptedException: sleep interrupted
2019-10-16 21:11:46,652 [grpc-default-executor-0] INFO  impl.RoleInfo (RoleInfo.java:updateAndGet(143)) - 65da0c80-3604-4ac2-9a39-ee88d748a153: start FollowerState
2019-10-16 21:11:46,652 [grpc-default-executor-1] INFO  impl.RoleInfo (RoleInfo.java:shutdownFollowerState(121)) - 904f39be-c3d3-4df4-99c0-2e4526e577e3: shutdown FollowerState
2019-10-16 21:11:46,652 [grpc-default-executor-1] INFO  impl.RoleInfo (RoleInfo.java:updateAndGet(143)) - 904f39be-c3d3-4df4-99c0-2e4526e577e3: start FollowerState
2019-10-16 21:11:46,652 [Thread-958] INFO  impl.FollowerState (FollowerState.java:run(117)) - 904f39be-c3d3-4df4-99c0-2e4526e577e3@group-146C50BE7901-FollowerState was interrupted: java.lang.InterruptedException: sleep interrupted
2019-10-16 21:11:46,670 [52743044-8979-4a08-8013-92a14c548982@group-146C50BE7901-LeaderElection105] INFO  impl.LeaderElection (LeaderElection.java:logAndReturn(56)) - 52743044-8979-4a08-8013-92a14c548982@group-146C50BE7901-LeaderElection105: Election REJECTED; received 2 response(s) [52743044-8979-4a08-8013-92a14c548982<-904f39be-c3d3-4df4-99c0-2e4526e577e3#0:FAIL-t123, 52743044-8979-4a08-8013-92a14c548982<-65da0c80-3604-4ac2-9a39-ee88d748a153#0:FAIL-t123] and 0 exception(s); 52743044-8979-4a08-8013-92a14c548982@group-146C50BE7901:t123, leader=null, voted=52743044-8979-4a08-8013-92a14c548982, raftlog=52743044-8979-4a08-8013-92a14c548982@group-146C50BE7901-SegmentedRaftLog:OPENED:c-1,f-1,i0, conf=-1: [904f39be-c3d3-4df4-99c0-2e4526e577e3:192.168.157.254:45339, 52743044-8979-4a08-8013-92a14c548982:192.168.157.254:36428, 65da0c80-3604-4ac2-9a39-ee88d748a153:192.168.157.254:37466], old=null
2019-10-16 21:11:46,670 [52743044-8979-4a08-8013-92a14c548982@group-146C50BE7901-LeaderElection105] INFO  impl.RaftServerImpl (RaftServerImpl.java:setRole(184)) - 52743044-8979-4a08-8013-92a14c548982@group-146C50BE7901: changes role from CANDIDATE to FOLLOWER at term 123 for DISCOVERED_A_NEW_TERM
2019-10-16 21:11:46,670 [52743044-8979-4a08-8013-92a14c548982@group-146C50BE7901-LeaderElection105] INFO  impl.RoleInfo (RoleInfo.java:shutdownLeaderElection(134)) - 52743044-8979-4a08-8013-92a14c548982: shutdown LeaderElection
2019-10-16 21:11:46,671 [52743044-8979-4a08-8013-92a14c548982@group-146C50BE7901-LeaderElection105] INFO  impl.RoleInfo (RoleInfo.java:updateAndGet(143)) - 52743044-8979-4a08-8013-92a14c548982: start FollowerState
2019-10-16 21:11:46,835 [Thread-964] INFO  impl.FollowerState (FollowerState.java:run(108)) - 52743044-8979-4a08-8013-92a14c548982@group-146C50BE7901-FollowerState: change to CANDIDATE, lastRpcTime:164ms, electionTimeout:164ms
2019-10-16 21:11:46,835 [Thread-964] INFO  impl.RoleInfo (RoleInfo.java:shutdownFollowerState(121)) - 52743044-8979-4a08-8013-92a14c548982: shutdown FollowerState
2019-10-16 21:11:46,835 [Thread-964] INFO  impl.RaftServerImpl (RaftServerImpl.java:setRole(184)) - 52743044-8979-4a08-8013-92a14c548982@group-146C50BE7901: changes role from  FOLLOWER to CANDIDATE at term 123 for changeToCandidate
2019-10-16 21:11:46,836 [Thread-964] INFO  impl.RoleInfo (RoleInfo.java:updateAndGet(143)) - 52743044-8979-4a08-8013-92a14c548982: start LeaderElection
2019-10-16 21:11:46,884 [52743044-8979-4a08-8013-92a14c548982@group-146C50BE7901-LeaderElection106] INFO  impl.LeaderElection (LeaderElection.java:askForVotes(178)) - 52743044-8979-4a08-8013-92a14c548982@group-146C50BE7901-LeaderElection106: begin an election at term 124 for -1: [904f39be-c3d3-4df4-99c0-2e4526e577e3:192.168.157.254:45339, 52743044-8979-4a08-8013-92a14c548982:192.168.157.254:36428, 65da0c80-3604-4ac2-9a39-ee88d748a153:192.168.157.254:37466], old=null
2019-10-16 21:11:46,886 [grpc-default-executor-0] INFO  impl.RaftServerImpl (RaftServerImpl.java:setRole(184)) - 904f39be-c3d3-4df4-99c0-2e4526e577e3@group-146C50BE7901: changes role from  FOLLOWER to FOLLOWER at term 124 for recognizeCandidate:52743044-8979-4a08-8013-92a14c548982
2019-10-16 21:11:46,886 [grpc-default-executor-0] INFO  impl.RoleInfo (RoleInfo.java:shutdownFollowerState(121)) - 904f39be-c3d3-4df4-99c0-2e4526e577e3: shutdown FollowerState
2019-10-16 21:11:46,887 [grpc-default-executor-1] INFO  impl.RaftServerImpl (RaftServerImpl.java:setRole(184)) - 65da0c80-3604-4ac2-9a39-ee88d748a153@group-146C50BE7901: changes role from  FOLLOWER to FOLLOWER at term 124 for recognizeCandidate:52743044-8979-4a08-8013-92a14c548982
2019-10-16 21:11:46,887 [Thread-963] INFO  impl.FollowerState (FollowerState.java:run(117)) - 904f39be-c3d3-4df4-99c0-2e4526e577e3@group-146C50BE7901-FollowerState was interrupted: java.lang.InterruptedException: sleep interrupted
2019-10-16 21:11:46,887 [grpc-default-executor-0] INFO  impl.RoleInfo (RoleInfo.java:updateAndGet(143)) - 904f39be-c3d3-4df4-99c0-2e4526e577e3: start FollowerState
2019-10-16 21:11:46,887 [grpc-default-executor-1] INFO  impl.RoleInfo (RoleInfo.java:shutdownFollowerState(121)) - 65da0c80-3604-4ac2-9a39-ee88d748a153: shutdown FollowerState
2019-10-16 21:11:46,887 [grpc-default-executor-1] INFO  impl.RoleInfo (RoleInfo.java:updateAndGet(143)) - 65da0c80-3604-4ac2-9a39-ee88d748a153: start FollowerState
2019-10-16 21:11:46,887 [Thread-962] INFO  impl.FollowerState (FollowerState.java:run(117)) - 65da0c80-3604-4ac2-9a39-ee88d748a153@group-146C50BE7901-FollowerState was interrupted: java.lang.InterruptedException: sleep interrupted
2019-10-16 21:11:46,902 [52743044-8979-4a08-8013-92a14c548982@group-146C50BE7901-LeaderElection106] INFO  impl.LeaderElection (LeaderElection.java:logAndReturn(56)) - 52743044-8979-4a08-8013-92a14c548982@group-146C50BE7901-LeaderElection106: Election REJECTED; received 2 response(s) [52743044-8979-4a08-8013-92a14c548982<-904f39be-c3d3-4df4-99c0-2e4526e577e3#0:FAIL-t124, 52743044-8979-4a08-8013-92a14c548982<-65da0c80-3604-4ac2-9a39-ee88d748a153#0:FAIL-t124] and 0 exception(s); 52743044-8979-4a08-8013-92a14c548982@group-146C50BE7901:t124, leader=null, voted=52743044-8979-4a08-8013-92a14c548982, raftlog=52743044-8979-4a08-8013-92a14c548982@group-146C50BE7901-SegmentedRaftLog:OPENED:c-1,f-1,i0, conf=-1: [904f39be-c3d3-4df4-99c0-2e4526e577e3:192.168.157.254:45339, 52743044-8979-4a08-8013-92a14c548982:192.168.157.254:36428, 65da0c80-3604-4ac2-9a39-ee88d748a153:192.168.157.254:37466], old=null
2019-10-16 21:11:46,902 [52743044-8979-4a08-8013-92a14c548982@group-146C50BE7901-LeaderElection106] INFO  impl.RaftServerImpl (RaftServerImpl.java:setRole(184)) - 52743044-8979-4a08-8013-92a14c548982@group-146C50BE7901: changes role from CANDIDATE to FOLLOWER at term 124 for DISCOVERED_A_NEW_TERM
2019-10-16 21:11:46,902 [52743044-8979-4a08-8013-92a14c548982@group-146C50BE7901-LeaderElection106] INFO  impl.RoleInfo (RoleInfo.java:shutdownLeaderElection(134)) - 52743044-8979-4a08-8013-92a14c548982: shutdown LeaderElection
2019-10-16 21:11:46,902 [52743044-8979-4a08-8013-92a14c548982@group-146C50BE7901-LeaderElection106] INFO  impl.RoleInfo (RoleInfo.java:updateAndGet(143)) - 52743044-8979-4a08-8013-92a14c548982: start FollowerState
2019-10-16 21:11:47,086 [Thread-970] INFO  impl.FollowerState (FollowerState.java:run(108)) - 52743044-8979-4a08-8013-92a14c548982@group-146C50BE7901-FollowerState: change to CANDIDATE, lastRpcTime:183ms, electionTimeout:183ms
2019-10-16 21:11:47,086 [Thread-970] INFO  impl.RoleInfo (RoleInfo.java:shutdownFollowerState(121)) - 52743044-8979-4a08-8013-92a14c548982: shutdown FollowerState
2019-10-16 21:11:47,086 [Thread-970] INFO  impl.RaftServerImpl (RaftServerImpl.java:setRole(184)) - 52743044-8979-4a08-8013-92a14c548982@group-146C50BE7901: changes role from  FOLLOWER to CANDIDATE at term 124 for changeToCandidate
2019-10-16 21:11:47,086 [Thread-970] INFO  impl.RoleInfo (RoleInfo.java:updateAndGet(143)) - 52743044-8979-4a08-8013-92a14c548982: start LeaderElection
2019-10-16 21:11:47,118 [52743044-8979-4a08-8013-92a14c548982@group-146C50BE7901-LeaderElection107] INFO  impl.LeaderElection (LeaderElection.java:askForVotes(178)) - 52743044-8979-4a08-8013-92a14c548982@group-146C50BE7901-LeaderElection107: begin an election at term 125 for -1: [904f39be-c3d3-4df4-99c0-2e4526e577e3:192.168.157.254:45339, 52743044-8979-4a08-8013-92a14c548982:192.168.157.254:36428, 65da0c80-3604-4ac2-9a39-ee88d748a153:192.168.157.254:37466], old=null
2019-10-16 21:11:47,120 [grpc-default-executor-0] INFO  impl.RaftServerImpl (RaftServerImpl.java:setRole(184)) - 904f39be-c3d3-4df4-99c0-2e4526e577e3@group-146C50BE7901: changes role from  FOLLOWER to FOLLOWER at term 125 for recognizeCandidate:52743044-8979-4a08-8013-92a14c548982
2019-10-16 21:11:47,121 [grpc-default-executor-1] INFO  impl.RaftServerImpl (RaftServerImpl.java:setRole(184)) - 65da0c80-3604-4ac2-9a39-ee88d748a153@group-146C50BE7901: changes role from  FOLLOWER to FOLLOWER at term 125 for recognizeCandidate:52743044-8979-4a08-8013-92a14c548982
2019-10-16 21:11:47,121 [grpc-default-executor-1] INFO  impl.RoleInfo (RoleInfo.java:shutdownFollowerState(121)) - 65da0c80-3604-4ac2-9a39-ee88d748a153: shutdown FollowerState
2019-10-16 21:11:47,121 [grpc-default-executor-0] INFO  impl.RoleInfo (RoleInfo.java:shutdownFollowerState(121)) - 904f39be-c3d3-4df4-99c0-2e4526e577e3: shutdown FollowerState
2019-10-16 21:11:47,121 [Thread-969] INFO  impl.FollowerState (FollowerState.java:run(117)) - 65da0c80-3604-4ac2-9a39-ee88d748a153@group-146C50BE7901-FollowerState was interrupted: java.lang.InterruptedException: sleep interrupted
2019-10-16 21:11:47,121 [grpc-default-executor-1] INFO  impl.RoleInfo (RoleInfo.java:updateAndGet(143)) - 65da0c80-3604-4ac2-9a39-ee88d748a153: start FollowerState
2019-10-16 21:11:47,121 [Thread-968] INFO  impl.FollowerState (FollowerState.java:run(117)) - 904f39be-c3d3-4df4-99c0-2e4526e577e3@group-146C50BE7901-FollowerState was interrupted: java.lang.InterruptedException: sleep interrupted
2019-10-16 21:11:47,121 [grpc-default-executor-0] INFO  impl.RoleInfo (RoleInfo.java:updateAndGet(143)) - 904f39be-c3d3-4df4-99c0-2e4526e577e3: start FollowerState
2019-10-16 21:11:47,138 [52743044-8979-4a08-8013-92a14c548982@group-146C50BE7901-LeaderElection107] INFO  impl.LeaderElection (LeaderElection.java:logAndReturn(56)) - 52743044-8979-4a08-8013-92a14c548982@group-146C50BE7901-LeaderElection107: Election REJECTED; received 2 response(s) [52743044-8979-4a08-8013-92a14c548982<-904f39be-c3d3-4df4-99c0-2e4526e577e3#0:FAIL-t125, 52743044-8979-4a08-8013-92a14c548982<-65da0c80-3604-4ac2-9a39-ee88d748a153#0:FAIL-t125] and 0 exception(s); 52743044-8979-4a08-8013-92a14c548982@group-146C50BE7901:t125, leader=null, voted=52743044-8979-4a08-8013-92a14c548982, raftlog=52743044-8979-4a08-8013-92a14c548982@group-146C50BE7901-SegmentedRaftLog:OPENED:c-1,f-1,i0, conf=-1: [904f39be-c3d3-4df4-99c0-2e4526e577e3:192.168.157.254:45339, 52743044-8979-4a08-8013-92a14c548982:192.168.157.254:36428, 65da0c80-3604-4ac2-9a39-ee88d748a153:192.168.157.254:37466], old=null
2019-10-16 21:11:47,138 [52743044-8979-4a08-8013-92a14c548982@group-146C50BE7901-LeaderElection107] INFO  impl.RaftServerImpl (RaftServerImpl.java:setRole(184)) - 52743044-8979-4a08-8013-92a14c548982@group-146C50BE7901: changes role from CANDIDATE to FOLLOWER at term 125 for DISCOVERED_A_NEW_TERM
2019-10-16 21:11:47,138 [52743044-8979-4a08-8013-92a14c548982@group-146C50BE7901-LeaderElection107] INFO  impl.RoleInfo (RoleInfo.java:shutdownLeaderElection(134)) - 52743044-8979-4a08-8013-92a14c548982: shutdown LeaderElection
2019-10-16 21:11:47,139 [52743044-8979-4a08-8013-92a14c548982@group-146C50BE7901-LeaderElection107] INFO  impl.RoleInfo (RoleInfo.java:updateAndGet(143)) - 52743044-8979-4a08-8013-92a14c548982: start FollowerState
2019-10-16 21:11:47,203 [main] INFO  ozone.MiniOzoneClusterImpl (MiniOzoneClusterImpl.java:lambda$waitForClusterToBeReady$2(164)) - Waiting for 1 number of pipelines out of 4, to report a leader.
2019-10-16 21:11:47,260 [Thread-976] INFO  impl.FollowerState (FollowerState.java:run(108)) - 52743044-8979-4a08-8013-92a14c548982@group-146C50BE7901-FollowerState: change to CANDIDATE, lastRpcTime:121ms, electionTimeout:121ms
2019-10-16 21:11:47,260 [Thread-976] INFO  impl.RoleInfo (RoleInfo.java:shutdownFollowerState(121)) - 52743044-8979-4a08-8013-92a14c548982: shutdown FollowerState
2019-10-16 21:11:47,260 [Thread-976] INFO  impl.RaftServerImpl (RaftServerImpl.java:setRole(184)) - 52743044-8979-4a08-8013-92a14c548982@group-146C50BE7901: changes role from  FOLLOWER to CANDIDATE at term 125 for changeToCandidate
2019-10-16 21:11:47,261 [Thread-976] INFO  impl.RoleInfo (RoleInfo.java:updateAndGet(143)) - 52743044-8979-4a08-8013-92a14c548982: start LeaderElection
2019-10-16 21:11:47,275 [52743044-8979-4a08-8013-92a14c548982@group-146C50BE7901-LeaderElection108] INFO  impl.LeaderElection (LeaderElection.java:askForVotes(178)) - 52743044-8979-4a08-8013-92a14c548982@group-146C50BE7901-LeaderElection108: begin an election at term 126 for -1: [904f39be-c3d3-4df4-99c0-2e4526e577e3:192.168.157.254:45339, 52743044-8979-4a08-8013-92a14c548982:192.168.157.254:36428, 65da0c80-3604-4ac2-9a39-ee88d748a153:192.168.157.254:37466], old=null
2019-10-16 21:11:47,278 [grpc-default-executor-0] INFO  impl.RaftServerImpl (RaftServerImpl.java:setRole(184)) - 904f39be-c3d3-4df4-99c0-2e4526e577e3@group-146C50BE7901: changes role from  FOLLOWER to FOLLOWER at term 126 for recognizeCandidate:52743044-8979-4a08-8013-92a14c548982
2019-10-16 21:11:47,278 [grpc-default-executor-0] INFO  impl.RoleInfo (RoleInfo.java:shutdownFollowerState(121)) - 904f39be-c3d3-4df4-99c0-2e4526e577e3: shutdown FollowerState
2019-10-16 21:11:47,278 [grpc-default-executor-1] INFO  impl.RaftServerImpl (RaftServerImpl.java:setRole(184)) - 65da0c80-3604-4ac2-9a39-ee88d748a153@group-146C50BE7901: changes role from  FOLLOWER to FOLLOWER at term 126 for recognizeCandidate:52743044-8979-4a08-8013-92a14c548982
2019-10-16 21:11:47,278 [grpc-default-executor-0] INFO  impl.RoleInfo (RoleInfo.java:updateAndGet(143)) - 904f39be-c3d3-4df4-99c0-2e4526e577e3: start FollowerState
2019-10-16 21:11:47,279 [Thread-975] INFO  impl.FollowerState (FollowerState.java:run(117)) - 904f39be-c3d3-4df4-99c0-2e4526e577e3@group-146C50BE7901-FollowerState was interrupted: java.lang.InterruptedException: sleep interrupted
2019-10-16 21:11:47,279 [grpc-default-executor-1] INFO  impl.RoleInfo (RoleInfo.java:shutdownFollowerState(121)) - 65da0c80-3604-4ac2-9a39-ee88d748a153: shutdown FollowerState
2019-10-16 21:11:47,279 [grpc-default-executor-1] INFO  impl.RoleInfo (RoleInfo.java:updateAndGet(143)) - 65da0c80-3604-4ac2-9a39-ee88d748a153: start FollowerState
2019-10-16 21:11:47,279 [Thread-974] INFO  impl.FollowerState (FollowerState.java:run(117)) - 65da0c80-3604-4ac2-9a39-ee88d748a153@group-146C50BE7901-FollowerState was interrupted: java.lang.InterruptedException: sleep interrupted
2019-10-16 21:11:47,294 [52743044-8979-4a08-8013-92a14c548982@group-146C50BE7901-LeaderElection108] INFO  impl.LeaderElection (LeaderElection.java:logAndReturn(56)) - 52743044-8979-4a08-8013-92a14c548982@group-146C50BE7901-LeaderElection108: Election REJECTED; received 2 response(s) [52743044-8979-4a08-8013-92a14c548982<-904f39be-c3d3-4df4-99c0-2e4526e577e3#0:FAIL-t126, 52743044-8979-4a08-8013-92a14c548982<-65da0c80-3604-4ac2-9a39-ee88d748a153#0:FAIL-t126] and 0 exception(s); 52743044-8979-4a08-8013-92a14c548982@group-146C50BE7901:t126, leader=null, voted=52743044-8979-4a08-8013-92a14c548982, raftlog=52743044-8979-4a08-8013-92a14c548982@group-146C50BE7901-SegmentedRaftLog:OPENED:c-1,f-1,i0, conf=-1: [904f39be-c3d3-4df4-99c0-2e4526e577e3:192.168.157.254:45339, 52743044-8979-4a08-8013-92a14c548982:192.168.157.254:36428, 65da0c80-3604-4ac2-9a39-ee88d748a153:192.168.157.254:37466], old=null
2019-10-16 21:11:47,294 [52743044-8979-4a08-8013-92a14c548982@group-146C50BE7901-LeaderElection108] INFO  impl.RaftServerImpl (RaftServerImpl.java:setRole(184)) - 52743044-8979-4a08-8013-92a14c548982@group-146C50BE7901: changes role from CANDIDATE to FOLLOWER at term 126 for DISCOVERED_A_NEW_TERM
2019-10-16 21:11:47,294 [52743044-8979-4a08-8013-92a14c548982@group-146C50BE7901-LeaderElection108] INFO  impl.RoleInfo (RoleInfo.java:shutdownLeaderElection(134)) - 52743044-8979-4a08-8013-92a14c548982: shutdown LeaderElection
2019-10-16 21:11:47,294 [52743044-8979-4a08-8013-92a14c548982@group-146C50BE7901-LeaderElection108] INFO  impl.RoleInfo (RoleInfo.java:updateAndGet(143)) - 52743044-8979-4a08-8013-92a14c548982: start FollowerState
2019-10-16 21:11:47,465 [Thread-982] INFO  impl.FollowerState (FollowerState.java:run(108)) - 52743044-8979-4a08-8013-92a14c548982@group-146C50BE7901-FollowerState: change to CANDIDATE, lastRpcTime:170ms, electionTimeout:170ms
2019-10-16 21:11:47,465 [Thread-982] INFO  impl.RoleInfo (RoleInfo.java:shutdownFollowerState(121)) - 52743044-8979-4a08-8013-92a14c548982: shutdown FollowerState
2019-10-16 21:11:47,465 [Thread-982] INFO  impl.RaftServerImpl (RaftServerImpl.java:setRole(184)) - 52743044-8979-4a08-8013-92a14c548982@group-146C50BE7901: changes role from  FOLLOWER to CANDIDATE at term 126 for changeToCandidate
2019-10-16 21:11:47,465 [Thread-982] INFO  impl.RoleInfo (RoleInfo.java:updateAndGet(143)) - 52743044-8979-4a08-8013-92a14c548982: start LeaderElection
2019-10-16 21:11:47,490 [52743044-8979-4a08-8013-92a14c548982@group-146C50BE7901-LeaderElection109] INFO  impl.LeaderElection (LeaderElection.java:askForVotes(178)) - 52743044-8979-4a08-8013-92a14c548982@group-146C50BE7901-LeaderElection109: begin an election at term 127 for -1: [904f39be-c3d3-4df4-99c0-2e4526e577e3:192.168.157.254:45339, 52743044-8979-4a08-8013-92a14c548982:192.168.157.254:36428, 65da0c80-3604-4ac2-9a39-ee88d748a153:192.168.157.254:37466], old=null
2019-10-16 21:11:47,492 [grpc-default-executor-1] INFO  impl.RaftServerImpl (RaftServerImpl.java:setRole(184)) - 904f39be-c3d3-4df4-99c0-2e4526e577e3@group-146C50BE7901: changes role from  FOLLOWER to FOLLOWER at term 127 for recognizeCandidate:52743044-8979-4a08-8013-92a14c548982
2019-10-16 21:11:47,492 [grpc-default-executor-1] INFO  impl.RoleInfo (RoleInfo.java:shutdownFollowerState(121)) - 904f39be-c3d3-4df4-99c0-2e4526e577e3: shutdown FollowerState
2019-10-16 21:11:47,492 [grpc-default-executor-0] INFO  impl.RaftServerImpl (RaftServerImpl.java:setRole(184)) - 65da0c80-3604-4ac2-9a39-ee88d748a153@group-146C50BE7901: changes role from  FOLLOWER to FOLLOWER at term 127 for recognizeCandidate:52743044-8979-4a08-8013-92a14c548982
2019-10-16 21:11:47,492 [Thread-980] INFO  impl.FollowerState (FollowerState.java:run(117)) - 904f39be-c3d3-4df4-99c0-2e4526e577e3@group-146C50BE7901-FollowerState was interrupted: java.lang.InterruptedException: sleep interrupted
2019-10-16 21:11:47,492 [grpc-default-executor-1] INFO  impl.RoleInfo (RoleInfo.java:updateAndGet(143)) - 904f39be-c3d3-4df4-99c0-2e4526e577e3: start FollowerState
2019-10-16 21:11:47,492 [grpc-default-executor-0] INFO  impl.RoleInfo (RoleInfo.java:shutdownFollowerState(121)) - 65da0c80-3604-4ac2-9a39-ee88d748a153: shutdown FollowerState
2019-10-16 21:11:47,493 [grpc-default-executor-0] INFO  impl.RoleInfo (RoleInfo.java:updateAndGet(143)) - 65da0c80-3604-4ac2-9a39-ee88d748a153: start FollowerState
2019-10-16 21:11:47,493 [Thread-981] INFO  impl.FollowerState (FollowerState.java:run(117)) - 65da0c80-3604-4ac2-9a39-ee88d748a153@group-146C50BE7901-FollowerState was interrupted: java.lang.InterruptedException: sleep interrupted
2019-10-16 21:11:47,507 [52743044-8979-4a08-8013-92a14c548982@group-146C50BE7901-LeaderElection109] INFO  impl.LeaderElection (LeaderElection.java:logAndReturn(56)) - 52743044-8979-4a08-8013-92a14c548982@group-146C50BE7901-LeaderElection109: Election REJECTED; received 2 response(s) [52743044-8979-4a08-8013-92a14c548982<-904f39be-c3d3-4df4-99c0-2e4526e577e3#0:FAIL-t127, 52743044-8979-4a08-8013-92a14c548982<-65da0c80-3604-4ac2-9a39-ee88d748a153#0:FAIL-t127] and 0 exception(s); 52743044-8979-4a08-8013-92a14c548982@group-146C50BE7901:t127, leader=null, voted=52743044-8979-4a08-8013-92a14c548982, raftlog=52743044-8979-4a08-8013-92a14c548982@group-146C50BE7901-SegmentedRaftLog:OPENED:c-1,f-1,i0, conf=-1: [904f39be-c3d3-4df4-99c0-2e4526e577e3:192.168.157.254:45339, 52743044-8979-4a08-8013-92a14c548982:192.168.157.254:36428, 65da0c80-3604-4ac2-9a39-ee88d748a153:192.168.157.254:37466], old=null
2019-10-16 21:11:47,508 [52743044-8979-4a08-8013-92a14c548982@group-146C50BE7901-LeaderElection109] INFO  impl.RaftServerImpl (RaftServerImpl.java:setRole(184)) - 52743044-8979-4a08-8013-92a14c548982@group-146C50BE7901: changes role from CANDIDATE to FOLLOWER at term 127 for DISCOVERED_A_NEW_TERM
2019-10-16 21:11:47,508 [52743044-8979-4a08-8013-92a14c548982@group-146C50BE7901-LeaderElection109] INFO  impl.RoleInfo (RoleInfo.java:shutdownLeaderElection(134)) - 52743044-8979-4a08-8013-92a14c548982: shutdown LeaderElection
2019-10-16 21:11:47,508 [52743044-8979-4a08-8013-92a14c548982@group-146C50BE7901-LeaderElection109] INFO  impl.RoleInfo (RoleInfo.java:updateAndGet(143)) - 52743044-8979-4a08-8013-92a14c548982: start FollowerState
2019-10-16 21:11:47,568 [Thread-988] INFO  impl.FollowerState (FollowerState.java:run(108)) - 52743044-8979-4a08-8013-92a14c548982@group-146C50BE7901-FollowerState: change to CANDIDATE, lastRpcTime:60ms, electionTimeout:60ms
2019-10-16 21:11:47,569 [Thread-988] INFO  impl.RoleInfo (RoleInfo.java:shutdownFollowerState(121)) - 52743044-8979-4a08-8013-92a14c548982: shutdown FollowerState
2019-10-16 21:11:47,569 [Thread-988] INFO  impl.RaftServerImpl (RaftServerImpl.java:setRole(184)) - 52743044-8979-4a08-8013-92a14c548982@group-146C50BE7901: changes role from  FOLLOWER to CANDIDATE at term 127 for changeToCandidate
2019-10-16 21:11:47,569 [Thread-988] INFO  impl.RoleInfo (RoleInfo.java:updateAndGet(143)) - 52743044-8979-4a08-8013-92a14c548982: start LeaderElection
2019-10-16 21:11:47,584 [52743044-8979-4a08-8013-92a14c548982@group-146C50BE7901-LeaderElection110] INFO  impl.LeaderElection (LeaderElection.java:askForVotes(178)) - 52743044-8979-4a08-8013-92a14c548982@group-146C50BE7901-LeaderElection110: begin an election at term 128 for -1: [904f39be-c3d3-4df4-99c0-2e4526e577e3:192.168.157.254:45339, 52743044-8979-4a08-8013-92a14c548982:192.168.157.254:36428, 65da0c80-3604-4ac2-9a39-ee88d748a153:192.168.157.254:37466], old=null
2019-10-16 21:11:47,586 [grpc-default-executor-1] INFO  impl.RaftServerImpl (RaftServerImpl.java:setRole(184)) - 65da0c80-3604-4ac2-9a39-ee88d748a153@group-146C50BE7901: changes role from  FOLLOWER to FOLLOWER at term 128 for recognizeCandidate:52743044-8979-4a08-8013-92a14c548982
2019-10-16 21:11:47,586 [grpc-default-executor-0] INFO  impl.RaftServerImpl (RaftServerImpl.java:setRole(184)) - 904f39be-c3d3-4df4-99c0-2e4526e577e3@group-146C50BE7901: changes role from  FOLLOWER to FOLLOWER at term 128 for recognizeCandidate:52743044-8979-4a08-8013-92a14c548982
2019-10-16 21:11:47,586 [grpc-default-executor-1] INFO  impl.RoleInfo (RoleInfo.java:shutdownFollowerState(121)) - 65da0c80-3604-4ac2-9a39-ee88d748a153: shutdown FollowerState
2019-10-16 21:11:47,586 [grpc-default-executor-0] INFO  impl.RoleInfo (RoleInfo.java:shutdownFollowerState(121)) - 904f39be-c3d3-4df4-99c0-2e4526e577e3: shutdown FollowerState
2019-10-16 21:11:47,587 [Thread-987] INFO  impl.FollowerState (FollowerState.java:run(117)) - 65da0c80-3604-4ac2-9a39-ee88d748a153@group-146C50BE7901-FollowerState was interrupted: java.lang.InterruptedException: sleep interrupted
2019-10-16 21:11:47,586 [grpc-default-executor-1] INFO  impl.RoleInfo (RoleInfo.java:updateAndGet(143)) - 65da0c80-3604-4ac2-9a39-ee88d748a153: start FollowerState
2019-10-16 21:11:47,587 [Thread-986] INFO  impl.FollowerState (FollowerState.java:run(117)) - 904f39be-c3d3-4df4-99c0-2e4526e577e3@group-146C50BE7901-FollowerState was interrupted: java.lang.InterruptedException: sleep interrupted
2019-10-16 21:11:47,587 [grpc-default-executor-0] INFO  impl.RoleInfo (RoleInfo.java:updateAndGet(143)) - 904f39be-c3d3-4df4-99c0-2e4526e577e3: start FollowerState
2019-10-16 21:11:47,603 [52743044-8979-4a08-8013-92a14c548982@group-146C50BE7901-LeaderElection110] INFO  impl.LeaderElection (LeaderElection.java:logAndReturn(56)) - 52743044-8979-4a08-8013-92a14c548982@group-146C50BE7901-LeaderElection110: Election REJECTED; received 2 response(s) [52743044-8979-4a08-8013-92a14c548982<-904f39be-c3d3-4df4-99c0-2e4526e577e3#0:FAIL-t128, 52743044-8979-4a08-8013-92a14c548982<-65da0c80-3604-4ac2-9a39-ee88d748a153#0:FAIL-t128] and 0 exception(s); 52743044-8979-4a08-8013-92a14c548982@group-146C50BE7901:t128, leader=null, voted=52743044-8979-4a08-8013-92a14c548982, raftlog=52743044-8979-4a08-8013-92a14c548982@group-146C50BE7901-SegmentedRaftLog:OPENED:c-1,f-1,i0, conf=-1: [904f39be-c3d3-4df4-99c0-2e4526e577e3:192.168.157.254:45339, 52743044-8979-4a08-8013-92a14c548982:192.168.157.254:36428, 65da0c80-3604-4ac2-9a39-ee88d748a153:192.168.157.254:37466], old=null
2019-10-16 21:11:47,603 [52743044-8979-4a08-8013-92a14c548982@group-146C50BE7901-LeaderElection110] INFO  impl.RaftServerImpl (RaftServerImpl.java:setRole(184)) - 52743044-8979-4a08-8013-92a14c548982@group-146C50BE7901: changes role from CANDIDATE to FOLLOWER at term 128 for DISCOVERED_A_NEW_TERM
2019-10-16 21:11:47,603 [52743044-8979-4a08-8013-92a14c548982@group-146C50BE7901-LeaderElection110] INFO  impl.RoleInfo (RoleInfo.java:shutdownLeaderElection(134)) - 52743044-8979-4a08-8013-92a14c548982: shutdown LeaderElection
2019-10-16 21:11:47,603 [52743044-8979-4a08-8013-92a14c548982@group-146C50BE7901-LeaderElection110] INFO  impl.RoleInfo (RoleInfo.java:updateAndGet(143)) - 52743044-8979-4a08-8013-92a14c548982: start FollowerState
2019-10-16 21:11:47,618 [Thread-994] INFO  impl.FollowerState (FollowerState.java:run(108)) - 52743044-8979-4a08-8013-92a14c548982@group-146C50BE7901-FollowerState: change to CANDIDATE, lastRpcTime:14ms, electionTimeout:14ms
2019-10-16 21:11:47,618 [Thread-994] INFO  impl.RoleInfo (RoleInfo.java:shutdownFollowerState(121)) - 52743044-8979-4a08-8013-92a14c548982: shutdown FollowerState
2019-10-16 21:11:47,618 [Thread-994] INFO  impl.RaftServerImpl (RaftServerImpl.java:setRole(184)) - 52743044-8979-4a08-8013-92a14c548982@group-146C50BE7901: changes role from  FOLLOWER to CANDIDATE at term 128 for changeToCandidate
2019-10-16 21:11:47,618 [Thread-994] INFO  impl.RoleInfo (RoleInfo.java:updateAndGet(143)) - 52743044-8979-4a08-8013-92a14c548982: start LeaderElection
2019-10-16 21:11:47,672 [52743044-8979-4a08-8013-92a14c548982@group-146C50BE7901-LeaderElection111] INFO  impl.LeaderElection (LeaderElection.java:askForVotes(178)) - 52743044-8979-4a08-8013-92a14c548982@group-146C50BE7901-LeaderElection111: begin an election at term 129 for -1: [904f39be-c3d3-4df4-99c0-2e4526e577e3:192.168.157.254:45339, 52743044-8979-4a08-8013-92a14c548982:192.168.157.254:36428, 65da0c80-3604-4ac2-9a39-ee88d748a153:192.168.157.254:37466], old=null
2019-10-16 21:11:47,674 [grpc-default-executor-1] INFO  impl.RaftServerImpl (RaftServerImpl.java:setRole(184)) - 904f39be-c3d3-4df4-99c0-2e4526e577e3@group-146C50BE7901: changes role from  FOLLOWER to FOLLOWER at term 129 for recognizeCandidate:52743044-8979-4a08-8013-92a14c548982
2019-10-16 21:11:47,674 [grpc-default-executor-1] INFO  impl.RoleInfo (RoleInfo.java:shutdownFollowerState(121)) - 904f39be-c3d3-4df4-99c0-2e4526e577e3: shutdown FollowerState
2019-10-16 21:11:47,674 [grpc-default-executor-1] INFO  impl.RoleInfo (RoleInfo.java:updateAndGet(143)) - 904f39be-c3d3-4df4-99c0-2e4526e577e3: start FollowerState
2019-10-16 21:11:47,675 [Thread-993] INFO  impl.FollowerState (FollowerState.java:run(117)) - 904f39be-c3d3-4df4-99c0-2e4526e577e3@group-146C50BE7901-FollowerState was interrupted: java.lang.InterruptedException: sleep interrupted
2019-10-16 21:11:47,675 [grpc-default-executor-0] INFO  impl.RaftServerImpl (RaftServerImpl.java:setRole(184)) - 65da0c80-3604-4ac2-9a39-ee88d748a153@group-146C50BE7901: changes role from  FOLLOWER to FOLLOWER at term 129 for recognizeCandidate:52743044-8979-4a08-8013-92a14c548982
2019-10-16 21:11:47,675 [grpc-default-executor-0] INFO  impl.RoleInfo (RoleInfo.java:shutdownFollowerState(121)) - 65da0c80-3604-4ac2-9a39-ee88d748a153: shutdown FollowerState
2019-10-16 21:11:47,675 [grpc-default-executor-0] INFO  impl.RoleInfo (RoleInfo.java:updateAndGet(143)) - 65da0c80-3604-4ac2-9a39-ee88d748a153: start FollowerState
2019-10-16 21:11:47,675 [Thread-992] INFO  impl.FollowerState (FollowerState.java:run(117)) - 65da0c80-3604-4ac2-9a39-ee88d748a153@group-146C50BE7901-FollowerState was interrupted: java.lang.InterruptedException: sleep interrupted
2019-10-16 21:11:47,707 [52743044-8979-4a08-8013-92a14c548982@group-146C50BE7901-LeaderElection111] INFO  impl.LeaderElection (LeaderElection.java:logAndReturn(56)) - 52743044-8979-4a08-8013-92a14c548982@group-146C50BE7901-LeaderElection111: Election TIMEOUT; received 0 response(s) [] and 0 exception(s); 52743044-8979-4a08-8013-92a14c548982@group-146C50BE7901:t129, leader=null, voted=52743044-8979-4a08-8013-92a14c548982, raftlog=52743044-8979-4a08-8013-92a14c548982@group-146C50BE7901-SegmentedRaftLog:OPENED:c-1,f-1,i0, conf=-1: [904f39be-c3d3-4df4-99c0-2e4526e577e3:192.168.157.254:45339, 52743044-8979-4a08-8013-92a14c548982:192.168.157.254:36428, 65da0c80-3604-4ac2-9a39-ee88d748a153:192.168.157.254:37466], old=null
2019-10-16 21:11:47,710 [52743044-8979-4a08-8013-92a14c548982@group-146C50BE7901-LeaderElection111] INFO  impl.LeaderElection (LeaderElection.java:askForVotes(178)) - 52743044-8979-4a08-8013-92a14c548982@group-146C50BE7901-LeaderElection111: begin an election at term 130 for -1: [904f39be-c3d3-4df4-99c0-2e4526e577e3:192.168.157.254:45339, 52743044-8979-4a08-8013-92a14c548982:192.168.157.254:36428, 65da0c80-3604-4ac2-9a39-ee88d748a153:192.168.157.254:37466], old=null
2019-10-16 21:11:47,712 [grpc-default-executor-0] INFO  impl.RaftServerImpl (RaftServerImpl.java:setRole(184)) - 904f39be-c3d3-4df4-99c0-2e4526e577e3@group-146C50BE7901: changes role from  FOLLOWER to FOLLOWER at term 130 for recognizeCandidate:52743044-8979-4a08-8013-92a14c548982
2019-10-16 21:11:47,712 [grpc-default-executor-0] INFO  impl.RoleInfo (RoleInfo.java:shutdownFollowerState(121)) - 904f39be-c3d3-4df4-99c0-2e4526e577e3: shutdown FollowerState
2019-10-16 21:11:47,712 [grpc-default-executor-1] INFO  impl.RaftServerImpl (RaftServerImpl.java:setRole(184)) - 65da0c80-3604-4ac2-9a39-ee88d748a153@group-146C50BE7901: changes role from  FOLLOWER to FOLLOWER at term 130 for recognizeCandidate:52743044-8979-4a08-8013-92a14c548982
2019-10-16 21:11:47,713 [Thread-998] INFO  impl.FollowerState (FollowerState.java:run(117)) - 904f39be-c3d3-4df4-99c0-2e4526e577e3@group-146C50BE7901-FollowerState was interrupted: java.lang.InterruptedException: sleep interrupted
2019-10-16 21:11:47,712 [grpc-default-executor-0] INFO  impl.RoleInfo (RoleInfo.java:updateAndGet(143)) - 904f39be-c3d3-4df4-99c0-2e4526e577e3: start FollowerState
2019-10-16 21:11:47,713 [grpc-default-executor-1] INFO  impl.RoleInfo (RoleInfo.java:shutdownFollowerState(121)) - 65da0c80-3604-4ac2-9a39-ee88d748a153: shutdown FollowerState
2019-10-16 21:11:47,713 [grpc-default-executor-1] INFO  impl.RoleInfo (RoleInfo.java:updateAndGet(143)) - 65da0c80-3604-4ac2-9a39-ee88d748a153: start FollowerState
2019-10-16 21:11:47,713 [Thread-999] INFO  impl.FollowerState (FollowerState.java:run(117)) - 65da0c80-3604-4ac2-9a39-ee88d748a153@group-146C50BE7901-FollowerState was interrupted: java.lang.InterruptedException: sleep interrupted
2019-10-16 21:11:47,728 [52743044-8979-4a08-8013-92a14c548982@group-146C50BE7901-LeaderElection111] INFO  impl.LeaderElection (LeaderElection.java:logAndReturn(56)) - 52743044-8979-4a08-8013-92a14c548982@group-146C50BE7901-LeaderElection111: Election REJECTED; received 2 response(s) [52743044-8979-4a08-8013-92a14c548982<-904f39be-c3d3-4df4-99c0-2e4526e577e3#0:FAIL-t130, 52743044-8979-4a08-8013-92a14c548982<-65da0c80-3604-4ac2-9a39-ee88d748a153#0:FAIL-t130] and 0 exception(s); 52743044-8979-4a08-8013-92a14c548982@group-146C50BE7901:t130, leader=null, voted=52743044-8979-4a08-8013-92a14c548982, raftlog=52743044-8979-4a08-8013-92a14c548982@group-146C50BE7901-SegmentedRaftLog:OPENED:c-1,f-1,i0, conf=-1: [904f39be-c3d3-4df4-99c0-2e4526e577e3:192.168.157.254:45339, 52743044-8979-4a08-8013-92a14c548982:192.168.157.254:36428, 65da0c80-3604-4ac2-9a39-ee88d748a153:192.168.157.254:37466], old=null
2019-10-16 21:11:47,728 [52743044-8979-4a08-8013-92a14c548982@group-146C50BE7901-LeaderElection111] INFO  impl.RaftServerImpl (RaftServerImpl.java:setRole(184)) - 52743044-8979-4a08-8013-92a14c548982@group-146C50BE7901: changes role from CANDIDATE to FOLLOWER at term 130 for DISCOVERED_A_NEW_TERM
2019-10-16 21:11:47,728 [52743044-8979-4a08-8013-92a14c548982@group-146C50BE7901-LeaderElection111] INFO  impl.RoleInfo (RoleInfo.java:shutdownLeaderElection(134)) - 52743044-8979-4a08-8013-92a14c548982: shutdown LeaderElection
2019-10-16 21:11:47,728 [52743044-8979-4a08-8013-92a14c548982@group-146C50BE7901-LeaderElection111] INFO  impl.RoleInfo (RoleInfo.java:updateAndGet(143)) - 52743044-8979-4a08-8013-92a14c548982: start FollowerState
2019-10-16 21:11:47,810 [Thread-1004] INFO  impl.FollowerState (FollowerState.java:run(108)) - 52743044-8979-4a08-8013-92a14c548982@group-146C50BE7901-FollowerState: change to CANDIDATE, lastRpcTime:81ms, electionTimeout:81ms
2019-10-16 21:11:47,810 [Thread-1004] INFO  impl.RoleInfo (RoleInfo.java:shutdownFollowerState(121)) - 52743044-8979-4a08-8013-92a14c548982: shutdown FollowerState
2019-10-16 21:11:47,810 [Thread-1004] INFO  impl.RaftServerImpl (RaftServerImpl.java:setRole(184)) - 52743044-8979-4a08-8013-92a14c548982@group-146C50BE7901: changes role from  FOLLOWER to CANDIDATE at term 130 for changeToCandidate
2019-10-16 21:11:47,810 [Thread-1004] INFO  impl.RoleInfo (RoleInfo.java:updateAndGet(143)) - 52743044-8979-4a08-8013-92a14c548982: start LeaderElection
2019-10-16 21:11:47,840 [52743044-8979-4a08-8013-92a14c548982@group-146C50BE7901-LeaderElection112] INFO  impl.LeaderElection (LeaderElection.java:askForVotes(178)) - 52743044-8979-4a08-8013-92a14c548982@group-146C50BE7901-LeaderElection112: begin an election at term 131 for -1: [904f39be-c3d3-4df4-99c0-2e4526e577e3:192.168.157.254:45339, 52743044-8979-4a08-8013-92a14c548982:192.168.157.254:36428, 65da0c80-3604-4ac2-9a39-ee88d748a153:192.168.157.254:37466], old=null
2019-10-16 21:11:47,842 [grpc-default-executor-1] INFO  impl.RaftServerImpl (RaftServerImpl.java:setRole(184)) - 904f39be-c3d3-4df4-99c0-2e4526e577e3@group-146C50BE7901: changes role from  FOLLOWER to FOLLOWER at term 131 for recognizeCandidate:52743044-8979-4a08-8013-92a14c548982
2019-10-16 21:11:47,842 [grpc-default-executor-1] INFO  impl.RoleInfo (RoleInfo.java:shutdownFollowerState(121)) - 904f39be-c3d3-4df4-99c0-2e4526e577e3: shutdown FollowerState
2019-10-16 21:11:47,842 [grpc-default-executor-1] INFO  impl.RoleInfo (RoleInfo.java:updateAndGet(143)) - 904f39be-c3d3-4df4-99c0-2e4526e577e3: start FollowerState
2019-10-16 21:11:47,842 [Thread-1002] INFO  impl.FollowerState (FollowerState.java:run(117)) - 904f39be-c3d3-4df4-99c0-2e4526e577e3@group-146C50BE7901-FollowerState was interrupted: java.lang.InterruptedException: sleep interrupted
2019-10-16 21:11:47,842 [grpc-default-executor-0] INFO  impl.RaftServerImpl (RaftServerImpl.java:setRole(184)) - 65da0c80-3604-4ac2-9a39-ee88d748a153@group-146C50BE7901: changes role from  FOLLOWER to FOLLOWER at term 131 for recognizeCandidate:52743044-8979-4a08-8013-92a14c548982
2019-10-16 21:11:47,843 [grpc-default-executor-0] INFO  impl.RoleInfo (RoleInfo.java:shutdownFollowerState(121)) - 65da0c80-3604-4ac2-9a39-ee88d748a153: shutdown FollowerState
2019-10-16 21:11:47,843 [grpc-default-executor-0] INFO  impl.RoleInfo (RoleInfo.java:updateAndGet(143)) - 65da0c80-3604-4ac2-9a39-ee88d748a153: start FollowerState
2019-10-16 21:11:47,843 [Thread-1003] INFO  impl.FollowerState (FollowerState.java:run(117)) - 65da0c80-3604-4ac2-9a39-ee88d748a153@group-146C50BE7901-FollowerState was interrupted: java.lang.InterruptedException: sleep interrupted
2019-10-16 21:11:47,886 [52743044-8979-4a08-8013-92a14c548982@group-146C50BE7901-LeaderElection112] INFO  impl.LeaderElection (LeaderElection.java:logAndReturn(56)) - 52743044-8979-4a08-8013-92a14c548982@group-146C50BE7901-LeaderElection112: Election REJECTED; received 2 response(s) [52743044-8979-4a08-8013-92a14c548982<-904f39be-c3d3-4df4-99c0-2e4526e577e3#0:FAIL-t131, 52743044-8979-4a08-8013-92a14c548982<-65da0c80-3604-4ac2-9a39-ee88d748a153#0:FAIL-t131] and 0 exception(s); 52743044-8979-4a08-8013-92a14c548982@group-146C50BE7901:t131, leader=null, voted=52743044-8979-4a08-8013-92a14c548982, raftlog=52743044-8979-4a08-8013-92a14c548982@group-146C50BE7901-SegmentedRaftLog:OPENED:c-1,f-1,i0, conf=-1: [904f39be-c3d3-4df4-99c0-2e4526e577e3:192.168.157.254:45339, 52743044-8979-4a08-8013-92a14c548982:192.168.157.254:36428, 65da0c80-3604-4ac2-9a39-ee88d748a153:192.168.157.254:37466], old=null
2019-10-16 21:11:47,886 [52743044-8979-4a08-8013-92a14c548982@group-146C50BE7901-LeaderElection112] INFO  impl.RaftServerImpl (RaftServerImpl.java:setRole(184)) - 52743044-8979-4a08-8013-92a14c548982@group-146C50BE7901: changes role from CANDIDATE to FOLLOWER at term 131 for DISCOVERED_A_NEW_TERM
2019-10-16 21:11:47,886 [52743044-8979-4a08-8013-92a14c548982@group-146C50BE7901-LeaderElection112] INFO  impl.RoleInfo (RoleInfo.java:shutdownLeaderElection(134)) - 52743044-8979-4a08-8013-92a14c548982: shutdown LeaderElection
2019-10-16 21:11:47,886 [52743044-8979-4a08-8013-92a14c548982@group-146C50BE7901-LeaderElection112] INFO  impl.RoleInfo (RoleInfo.java:updateAndGet(143)) - 52743044-8979-4a08-8013-92a14c548982: start FollowerState
2019-10-16 21:11:48,083 [Thread-1010] INFO  impl.FollowerState (FollowerState.java:run(108)) - 52743044-8979-4a08-8013-92a14c548982@group-146C50BE7901-FollowerState: change to CANDIDATE, lastRpcTime:196ms, electionTimeout:196ms
2019-10-16 21:11:48,083 [Thread-1010] INFO  impl.RoleInfo (RoleInfo.java:shutdownFollowerState(121)) - 52743044-8979-4a08-8013-92a14c548982: shutdown FollowerState
2019-10-16 21:11:48,083 [Thread-1010] INFO  impl.RaftServerImpl (RaftServerImpl.java:setRole(184)) - 52743044-8979-4a08-8013-92a14c548982@group-146C50BE7901: changes role from  FOLLOWER to CANDIDATE at term 131 for changeToCandidate
2019-10-16 21:11:48,083 [Thread-1010] INFO  impl.RoleInfo (RoleInfo.java:updateAndGet(143)) - 52743044-8979-4a08-8013-92a14c548982: start LeaderElection
2019-10-16 21:11:48,147 [52743044-8979-4a08-8013-92a14c548982@group-146C50BE7901-LeaderElection113] INFO  impl.LeaderElection (LeaderElection.java:askForVotes(178)) - 52743044-8979-4a08-8013-92a14c548982@group-146C50BE7901-LeaderElection113: begin an election at term 132 for -1: [904f39be-c3d3-4df4-99c0-2e4526e577e3:192.168.157.254:45339, 52743044-8979-4a08-8013-92a14c548982:192.168.157.254:36428, 65da0c80-3604-4ac2-9a39-ee88d748a153:192.168.157.254:37466], old=null
2019-10-16 21:11:48,149 [52743044-8979-4a08-8013-92a14c548982@group-146C50BE7901-LeaderElection113] INFO  impl.LeaderElection (LeaderElection.java:logAndReturn(56)) - 52743044-8979-4a08-8013-92a14c548982@group-146C50BE7901-LeaderElection113: Election TIMEOUT; received 0 response(s) [] and 0 exception(s); 52743044-8979-4a08-8013-92a14c548982@group-146C50BE7901:t132, leader=null, voted=52743044-8979-4a08-8013-92a14c548982, raftlog=52743044-8979-4a08-8013-92a14c548982@group-146C50BE7901-SegmentedRaftLog:OPENED:c-1,f-1,i0, conf=-1: [904f39be-c3d3-4df4-99c0-2e4526e577e3:192.168.157.254:45339, 52743044-8979-4a08-8013-92a14c548982:192.168.157.254:36428, 65da0c80-3604-4ac2-9a39-ee88d748a153:192.168.157.254:37466], old=null
2019-10-16 21:11:48,149 [grpc-default-executor-1] INFO  impl.RaftServerImpl (RaftServerImpl.java:setRole(184)) - 904f39be-c3d3-4df4-99c0-2e4526e577e3@group-146C50BE7901: changes role from  FOLLOWER to FOLLOWER at term 132 for recognizeCandidate:52743044-8979-4a08-8013-92a14c548982
2019-10-16 21:11:48,149 [grpc-default-executor-1] INFO  impl.RoleInfo (RoleInfo.java:shutdownFollowerState(121)) - 904f39be-c3d3-4df4-99c0-2e4526e577e3: shutdown FollowerState
2019-10-16 21:11:48,149 [grpc-default-executor-1] INFO  impl.RoleInfo (RoleInfo.java:updateAndGet(143)) - 904f39be-c3d3-4df4-99c0-2e4526e577e3: start FollowerState
2019-10-16 21:11:48,149 [Thread-1008] INFO  impl.FollowerState (FollowerState.java:run(117)) - 904f39be-c3d3-4df4-99c0-2e4526e577e3@group-146C50BE7901-FollowerState was interrupted: java.lang.InterruptedException: sleep interrupted
2019-10-16 21:11:48,149 [grpc-default-executor-0] INFO  impl.RaftServerImpl (RaftServerImpl.java:setRole(184)) - 65da0c80-3604-4ac2-9a39-ee88d748a153@group-146C50BE7901: changes role from  FOLLOWER to FOLLOWER at term 132 for recognizeCandidate:52743044-8979-4a08-8013-92a14c548982
2019-10-16 21:11:48,150 [grpc-default-executor-0] INFO  impl.RoleInfo (RoleInfo.java:shutdownFollowerState(121)) - 65da0c80-3604-4ac2-9a39-ee88d748a153: shutdown FollowerState
2019-10-16 21:11:48,150 [grpc-default-executor-0] INFO  impl.RoleInfo (RoleInfo.java:updateAndGet(143)) - 65da0c80-3604-4ac2-9a39-ee88d748a153: start FollowerState
2019-10-16 21:11:48,150 [Thread-1009] INFO  impl.FollowerState (FollowerState.java:run(117)) - 65da0c80-3604-4ac2-9a39-ee88d748a153@group-146C50BE7901-FollowerState was interrupted: java.lang.InterruptedException: sleep interrupted
2019-10-16 21:11:48,183 [52743044-8979-4a08-8013-92a14c548982@group-146C50BE7901-LeaderElection113] INFO  impl.LeaderElection (LeaderElection.java:askForVotes(178)) - 52743044-8979-4a08-8013-92a14c548982@group-146C50BE7901-LeaderElection113: begin an election at term 133 for -1: [904f39be-c3d3-4df4-99c0-2e4526e577e3:192.168.157.254:45339, 52743044-8979-4a08-8013-92a14c548982:192.168.157.254:36428, 65da0c80-3604-4ac2-9a39-ee88d748a153:192.168.157.254:37466], old=null
2019-10-16 21:11:48,185 [grpc-default-executor-1] INFO  impl.RaftServerImpl (RaftServerImpl.java:setRole(184)) - 904f39be-c3d3-4df4-99c0-2e4526e577e3@group-146C50BE7901: changes role from  FOLLOWER to FOLLOWER at term 133 for recognizeCandidate:52743044-8979-4a08-8013-92a14c548982
2019-10-16 21:11:48,185 [grpc-default-executor-0] INFO  impl.RaftServerImpl (RaftServerImpl.java:setRole(184)) - 65da0c80-3604-4ac2-9a39-ee88d748a153@group-146C50BE7901: changes role from  FOLLOWER to FOLLOWER at term 133 for recognizeCandidate:52743044-8979-4a08-8013-92a14c548982
2019-10-16 21:11:48,185 [grpc-default-executor-1] INFO  impl.RoleInfo (RoleInfo.java:shutdownFollowerState(121)) - 904f39be-c3d3-4df4-99c0-2e4526e577e3: shutdown FollowerState
2019-10-16 21:11:48,185 [grpc-default-executor-0] INFO  impl.RoleInfo (RoleInfo.java:shutdownFollowerState(121)) - 65da0c80-3604-4ac2-9a39-ee88d748a153: shutdown FollowerState
2019-10-16 21:11:48,186 [Thread-1014] INFO  impl.FollowerState (FollowerState.java:run(117)) - 904f39be-c3d3-4df4-99c0-2e4526e577e3@group-146C50BE7901-FollowerState was interrupted: java.lang.InterruptedException: sleep interrupted
2019-10-16 21:11:48,185 [grpc-default-executor-1] INFO  impl.RoleInfo (RoleInfo.java:updateAndGet(143)) - 904f39be-c3d3-4df4-99c0-2e4526e577e3: start FollowerState
2019-10-16 21:11:48,186 [Thread-1015] INFO  impl.FollowerState (FollowerState.java:run(117)) - 65da0c80-3604-4ac2-9a39-ee88d748a153@group-146C50BE7901-FollowerState was interrupted: java.lang.InterruptedException: sleep interrupted
2019-10-16 21:11:48,186 [grpc-default-executor-0] INFO  impl.RoleInfo (RoleInfo.java:updateAndGet(143)) - 65da0c80-3604-4ac2-9a39-ee88d748a153: start FollowerState
2019-10-16 21:11:48,204 [main] INFO  ozone.MiniOzoneClusterImpl (MiniOzoneClusterImpl.java:lambda$waitForClusterToBeReady$2(164)) - Waiting for 1 number of pipelines out of 4, to report a leader.
2019-10-16 21:11:48,230 [52743044-8979-4a08-8013-92a14c548982@group-146C50BE7901-LeaderElection113] INFO  impl.LeaderElection (LeaderElection.java:logAndReturn(56)) - 52743044-8979-4a08-8013-92a14c548982@group-146C50BE7901-LeaderElection113: Election REJECTED; received 2 response(s) [52743044-8979-4a08-8013-92a14c548982<-904f39be-c3d3-4df4-99c0-2e4526e577e3#0:FAIL-t133, 52743044-8979-4a08-8013-92a14c548982<-65da0c80-3604-4ac2-9a39-ee88d748a153#0:FAIL-t133] and 0 exception(s); 52743044-8979-4a08-8013-92a14c548982@group-146C50BE7901:t133, leader=null, voted=52743044-8979-4a08-8013-92a14c548982, raftlog=52743044-8979-4a08-8013-92a14c548982@group-146C50BE7901-SegmentedRaftLog:OPENED:c-1,f-1,i0, conf=-1: [904f39be-c3d3-4df4-99c0-2e4526e577e3:192.168.157.254:45339, 52743044-8979-4a08-8013-92a14c548982:192.168.157.254:36428, 65da0c80-3604-4ac2-9a39-ee88d748a153:192.168.157.254:37466], old=null
2019-10-16 21:11:48,230 [52743044-8979-4a08-8013-92a14c548982@group-146C50BE7901-LeaderElection113] INFO  impl.RaftServerImpl (RaftServerImpl.java:setRole(184)) - 52743044-8979-4a08-8013-92a14c548982@group-146C50BE7901: changes role from CANDIDATE to FOLLOWER at term 133 for DISCOVERED_A_NEW_TERM
2019-10-16 21:11:48,231 [52743044-8979-4a08-8013-92a14c548982@group-146C50BE7901-LeaderElection113] INFO  impl.RoleInfo (RoleInfo.java:shutdownLeaderElection(134)) - 52743044-8979-4a08-8013-92a14c548982: shutdown LeaderElection
2019-10-16 21:11:48,231 [52743044-8979-4a08-8013-92a14c548982@group-146C50BE7901-LeaderElection113] INFO  impl.RoleInfo (RoleInfo.java:updateAndGet(143)) - 52743044-8979-4a08-8013-92a14c548982: start FollowerState
2019-10-16 21:11:48,334 [Thread-1020] INFO  impl.FollowerState (FollowerState.java:run(108)) - 52743044-8979-4a08-8013-92a14c548982@group-146C50BE7901-FollowerState: change to CANDIDATE, lastRpcTime:103ms, electionTimeout:103ms
2019-10-16 21:11:48,334 [Thread-1020] INFO  impl.RoleInfo (RoleInfo.java:shutdownFollowerState(121)) - 52743044-8979-4a08-8013-92a14c548982: shutdown FollowerState
2019-10-16 21:11:48,335 [Thread-1020] INFO  impl.RaftServerImpl (RaftServerImpl.java:setRole(184)) - 52743044-8979-4a08-8013-92a14c548982@group-146C50BE7901: changes role from  FOLLOWER to CANDIDATE at term 133 for changeToCandidate
2019-10-16 21:11:48,335 [Thread-1020] INFO  impl.RoleInfo (RoleInfo.java:updateAndGet(143)) - 52743044-8979-4a08-8013-92a14c548982: start LeaderElection
2019-10-16 21:11:48,395 [52743044-8979-4a08-8013-92a14c548982@group-146C50BE7901-LeaderElection114] INFO  impl.LeaderElection (LeaderElection.java:askForVotes(178)) - 52743044-8979-4a08-8013-92a14c548982@group-146C50BE7901-LeaderElection114: begin an election at term 134 for -1: [904f39be-c3d3-4df4-99c0-2e4526e577e3:192.168.157.254:45339, 52743044-8979-4a08-8013-92a14c548982:192.168.157.254:36428, 65da0c80-3604-4ac2-9a39-ee88d748a153:192.168.157.254:37466], old=null
2019-10-16 21:11:48,397 [grpc-default-executor-0] INFO  impl.RaftServerImpl (RaftServerImpl.java:setRole(184)) - 65da0c80-3604-4ac2-9a39-ee88d748a153@group-146C50BE7901: changes role from  FOLLOWER to FOLLOWER at term 134 for recognizeCandidate:52743044-8979-4a08-8013-92a14c548982
2019-10-16 21:11:48,397 [grpc-default-executor-0] INFO  impl.RoleInfo (RoleInfo.java:shutdownFollowerState(121)) - 65da0c80-3604-4ac2-9a39-ee88d748a153: shutdown FollowerState
2019-10-16 21:11:48,397 [grpc-default-executor-1] INFO  impl.RaftServerImpl (RaftServerImpl.java:setRole(184)) - 904f39be-c3d3-4df4-99c0-2e4526e577e3@group-146C50BE7901: changes role from  FOLLOWER to FOLLOWER at term 134 for recognizeCandidate:52743044-8979-4a08-8013-92a14c548982
2019-10-16 21:11:48,397 [Thread-1019] INFO  impl.FollowerState (FollowerState.java:run(117)) - 65da0c80-3604-4ac2-9a39-ee88d748a153@group-146C50BE7901-FollowerState was interrupted: java.lang.InterruptedException: sleep interrupted
2019-10-16 21:11:48,397 [grpc-default-executor-0] INFO  impl.RoleInfo (RoleInfo.java:updateAndGet(143)) - 65da0c80-3604-4ac2-9a39-ee88d748a153: start FollowerState
2019-10-16 21:11:48,397 [grpc-default-executor-1] INFO  impl.RoleInfo (RoleInfo.java:shutdownFollowerState(121)) - 904f39be-c3d3-4df4-99c0-2e4526e577e3: shutdown FollowerState
2019-10-16 21:11:48,398 [grpc-default-executor-1] INFO  impl.RoleInfo (RoleInfo.java:updateAndGet(143)) - 904f39be-c3d3-4df4-99c0-2e4526e577e3: start FollowerState
2019-10-16 21:11:48,398 [Thread-1018] INFO  impl.FollowerState (FollowerState.java:run(117)) - 904f39be-c3d3-4df4-99c0-2e4526e577e3@group-146C50BE7901-FollowerState was interrupted: java.lang.InterruptedException: sleep interrupted
2019-10-16 21:11:48,413 [52743044-8979-4a08-8013-92a14c548982@group-146C50BE7901-LeaderElection114] INFO  impl.LeaderElection (LeaderElection.java:logAndReturn(56)) - 52743044-8979-4a08-8013-92a14c548982@group-146C50BE7901-LeaderElection114: Election REJECTED; received 2 response(s) [52743044-8979-4a08-8013-92a14c548982<-904f39be-c3d3-4df4-99c0-2e4526e577e3#0:FAIL-t134, 52743044-8979-4a08-8013-92a14c548982<-65da0c80-3604-4ac2-9a39-ee88d748a153#0:FAIL-t134] and 0 exception(s); 52743044-8979-4a08-8013-92a14c548982@group-146C50BE7901:t134, leader=null, voted=52743044-8979-4a08-8013-92a14c548982, raftlog=52743044-8979-4a08-8013-92a14c548982@group-146C50BE7901-SegmentedRaftLog:OPENED:c-1,f-1,i0, conf=-1: [904f39be-c3d3-4df4-99c0-2e4526e577e3:192.168.157.254:45339, 52743044-8979-4a08-8013-92a14c548982:192.168.157.254:36428, 65da0c80-3604-4ac2-9a39-ee88d748a153:192.168.157.254:37466], old=null
2019-10-16 21:11:48,413 [52743044-8979-4a08-8013-92a14c548982@group-146C50BE7901-LeaderElection114] INFO  impl.RaftServerImpl (RaftServerImpl.java:setRole(184)) - 52743044-8979-4a08-8013-92a14c548982@group-146C50BE7901: changes role from CANDIDATE to FOLLOWER at term 134 for DISCOVERED_A_NEW_TERM
2019-10-16 21:11:48,413 [52743044-8979-4a08-8013-92a14c548982@group-146C50BE7901-LeaderElection114] INFO  impl.RoleInfo (RoleInfo.java:shutdownLeaderElection(134)) - 52743044-8979-4a08-8013-92a14c548982: shutdown LeaderElection
2019-10-16 21:11:48,413 [52743044-8979-4a08-8013-92a14c548982@group-146C50BE7901-LeaderElection114] INFO  impl.RoleInfo (RoleInfo.java:updateAndGet(143)) - 52743044-8979-4a08-8013-92a14c548982: start FollowerState
2019-10-16 21:11:48,578 [Thread-1026] INFO  impl.FollowerState (FollowerState.java:run(108)) - 52743044-8979-4a08-8013-92a14c548982@group-146C50BE7901-FollowerState: change to CANDIDATE, lastRpcTime:165ms, electionTimeout:165ms
2019-10-16 21:11:48,579 [Thread-1026] INFO  impl.RoleInfo (RoleInfo.java:shutdownFollowerState(121)) - 52743044-8979-4a08-8013-92a14c548982: shutdown FollowerState
2019-10-16 21:11:48,579 [Thread-1026] INFO  impl.RaftServerImpl (RaftServerImpl.java:setRole(184)) - 52743044-8979-4a08-8013-92a14c548982@group-146C50BE7901: changes role from  FOLLOWER to CANDIDATE at term 134 for changeToCandidate
2019-10-16 21:11:48,579 [Thread-1026] INFO  impl.RoleInfo (RoleInfo.java:updateAndGet(143)) - 52743044-8979-4a08-8013-92a14c548982: start LeaderElection
2019-10-16 21:11:48,598 [52743044-8979-4a08-8013-92a14c548982@group-146C50BE7901-LeaderElection115] INFO  impl.LeaderElection (LeaderElection.java:askForVotes(178)) - 52743044-8979-4a08-8013-92a14c548982@group-146C50BE7901-LeaderElection115: begin an election at term 135 for -1: [904f39be-c3d3-4df4-99c0-2e4526e577e3:192.168.157.254:45339, 52743044-8979-4a08-8013-92a14c548982:192.168.157.254:36428, 65da0c80-3604-4ac2-9a39-ee88d748a153:192.168.157.254:37466], old=null
2019-10-16 21:11:48,601 [grpc-default-executor-0] INFO  impl.RaftServerImpl (RaftServerImpl.java:setRole(184)) - 904f39be-c3d3-4df4-99c0-2e4526e577e3@group-146C50BE7901: changes role from  FOLLOWER to FOLLOWER at term 135 for recognizeCandidate:52743044-8979-4a08-8013-92a14c548982
2019-10-16 21:11:48,601 [grpc-default-executor-0] INFO  impl.RoleInfo (RoleInfo.java:shutdownFollowerState(121)) - 904f39be-c3d3-4df4-99c0-2e4526e577e3: shutdown FollowerState
2019-10-16 21:11:48,601 [grpc-default-executor-1] INFO  impl.RaftServerImpl (RaftServerImpl.java:setRole(184)) - 65da0c80-3604-4ac2-9a39-ee88d748a153@group-146C50BE7901: changes role from  FOLLOWER to FOLLOWER at term 135 for recognizeCandidate:52743044-8979-4a08-8013-92a14c548982
2019-10-16 21:11:48,601 [grpc-default-executor-1] INFO  impl.RoleInfo (RoleInfo.java:shutdownFollowerState(121)) - 65da0c80-3604-4ac2-9a39-ee88d748a153: shutdown FollowerState
2019-10-16 21:11:48,601 [Thread-1025] INFO  impl.FollowerState (FollowerState.java:run(117)) - 904f39be-c3d3-4df4-99c0-2e4526e577e3@group-146C50BE7901-FollowerState was interrupted: java.lang.InterruptedException: sleep interrupted
2019-10-16 21:11:48,601 [grpc-default-executor-0] INFO  impl.RoleInfo (RoleInfo.java:updateAndGet(143)) - 904f39be-c3d3-4df4-99c0-2e4526e577e3: start FollowerState
2019-10-16 21:11:48,602 [Thread-1024] INFO  impl.FollowerState (FollowerState.java:run(117)) - 65da0c80-3604-4ac2-9a39-ee88d748a153@group-146C50BE7901-FollowerState was interrupted: java.lang.InterruptedException: sleep interrupted
2019-10-16 21:11:48,601 [grpc-default-executor-1] INFO  impl.RoleInfo (RoleInfo.java:updateAndGet(143)) - 65da0c80-3604-4ac2-9a39-ee88d748a153: start FollowerState
2019-10-16 21:11:48,617 [52743044-8979-4a08-8013-92a14c548982@group-146C50BE7901-LeaderElection115] INFO  impl.LeaderElection (LeaderElection.java:logAndReturn(56)) - 52743044-8979-4a08-8013-92a14c548982@group-146C50BE7901-LeaderElection115: Election REJECTED; received 2 response(s) [52743044-8979-4a08-8013-92a14c548982<-904f39be-c3d3-4df4-99c0-2e4526e577e3#0:FAIL-t135, 52743044-8979-4a08-8013-92a14c548982<-65da0c80-3604-4ac2-9a39-ee88d748a153#0:FAIL-t135] and 0 exception(s); 52743044-8979-4a08-8013-92a14c548982@group-146C50BE7901:t135, leader=null, voted=52743044-8979-4a08-8013-92a14c548982, raftlog=52743044-8979-4a08-8013-92a14c548982@group-146C50BE7901-SegmentedRaftLog:OPENED:c-1,f-1,i0, conf=-1: [904f39be-c3d3-4df4-99c0-2e4526e577e3:192.168.157.254:45339, 52743044-8979-4a08-8013-92a14c548982:192.168.157.254:36428, 65da0c80-3604-4ac2-9a39-ee88d748a153:192.168.157.254:37466], old=null
2019-10-16 21:11:48,617 [52743044-8979-4a08-8013-92a14c548982@group-146C50BE7901-LeaderElection115] INFO  impl.RaftServerImpl (RaftServerImpl.java:setRole(184)) - 52743044-8979-4a08-8013-92a14c548982@group-146C50BE7901: changes role from CANDIDATE to FOLLOWER at term 135 for DISCOVERED_A_NEW_TERM
2019-10-16 21:11:48,617 [52743044-8979-4a08-8013-92a14c548982@group-146C50BE7901-LeaderElection115] INFO  impl.RoleInfo (RoleInfo.java:shutdownLeaderElection(134)) - 52743044-8979-4a08-8013-92a14c548982: shutdown LeaderElection
2019-10-16 21:11:48,617 [52743044-8979-4a08-8013-92a14c548982@group-146C50BE7901-LeaderElection115] INFO  impl.RoleInfo (RoleInfo.java:updateAndGet(143)) - 52743044-8979-4a08-8013-92a14c548982: start FollowerState
2019-10-16 21:11:48,653 [Thread-1032] INFO  impl.FollowerState (FollowerState.java:run(108)) - 52743044-8979-4a08-8013-92a14c548982@group-146C50BE7901-FollowerState: change to CANDIDATE, lastRpcTime:36ms, electionTimeout:36ms
2019-10-16 21:11:48,654 [Thread-1032] INFO  impl.RoleInfo (RoleInfo.java:shutdownFollowerState(121)) - 52743044-8979-4a08-8013-92a14c548982: shutdown FollowerState
2019-10-16 21:11:48,654 [Thread-1032] INFO  impl.RaftServerImpl (RaftServerImpl.java:setRole(184)) - 52743044-8979-4a08-8013-92a14c548982@group-146C50BE7901: changes role from  FOLLOWER to CANDIDATE at term 135 for changeToCandidate
2019-10-16 21:11:48,654 [Thread-1032] INFO  impl.RoleInfo (RoleInfo.java:updateAndGet(143)) - 52743044-8979-4a08-8013-92a14c548982: start LeaderElection
2019-10-16 21:11:48,694 [52743044-8979-4a08-8013-92a14c548982@group-146C50BE7901-LeaderElection116] INFO  impl.LeaderElection (LeaderElection.java:askForVotes(178)) - 52743044-8979-4a08-8013-92a14c548982@group-146C50BE7901-LeaderElection116: begin an election at term 136 for -1: [904f39be-c3d3-4df4-99c0-2e4526e577e3:192.168.157.254:45339, 52743044-8979-4a08-8013-92a14c548982:192.168.157.254:36428, 65da0c80-3604-4ac2-9a39-ee88d748a153:192.168.157.254:37466], old=null
2019-10-16 21:11:48,697 [grpc-default-executor-1] INFO  impl.RaftServerImpl (RaftServerImpl.java:setRole(184)) - 65da0c80-3604-4ac2-9a39-ee88d748a153@group-146C50BE7901: changes role from  FOLLOWER to FOLLOWER at term 136 for recognizeCandidate:52743044-8979-4a08-8013-92a14c548982
2019-10-16 21:11:48,697 [grpc-default-executor-1] INFO  impl.RoleInfo (RoleInfo.java:shutdownFollowerState(121)) - 65da0c80-3604-4ac2-9a39-ee88d748a153: shutdown FollowerState
2019-10-16 21:11:48,697 [grpc-default-executor-0] INFO  impl.RaftServerImpl (RaftServerImpl.java:setRole(184)) - 904f39be-c3d3-4df4-99c0-2e4526e577e3@group-146C50BE7901: changes role from  FOLLOWER to FOLLOWER at term 136 for recognizeCandidate:52743044-8979-4a08-8013-92a14c548982
2019-10-16 21:11:48,697 [Thread-1031] INFO  impl.FollowerState (FollowerState.java:run(117)) - 65da0c80-3604-4ac2-9a39-ee88d748a153@group-146C50BE7901-FollowerState was interrupted: java.lang.InterruptedException: sleep interrupted
2019-10-16 21:11:48,697 [grpc-default-executor-1] INFO  impl.RoleInfo (RoleInfo.java:updateAndGet(143)) - 65da0c80-3604-4ac2-9a39-ee88d748a153: start FollowerState
2019-10-16 21:11:48,697 [grpc-default-executor-0] INFO  impl.RoleInfo (RoleInfo.java:shutdownFollowerState(121)) - 904f39be-c3d3-4df4-99c0-2e4526e577e3: shutdown FollowerState
2019-10-16 21:11:48,698 [grpc-default-executor-0] INFO  impl.RoleInfo (RoleInfo.java:updateAndGet(143)) - 904f39be-c3d3-4df4-99c0-2e4526e577e3: start FollowerState
2019-10-16 21:11:48,698 [Thread-1030] INFO  impl.FollowerState (FollowerState.java:run(117)) - 904f39be-c3d3-4df4-99c0-2e4526e577e3@group-146C50BE7901-FollowerState was interrupted: java.lang.InterruptedException: sleep interrupted
2019-10-16 21:11:48,736 [52743044-8979-4a08-8013-92a14c548982@group-146C50BE7901-LeaderElection116] INFO  impl.LeaderElection (LeaderElection.java:logAndReturn(56)) - 52743044-8979-4a08-8013-92a14c548982@group-146C50BE7901-LeaderElection116: Election REJECTED; received 2 response(s) [52743044-8979-4a08-8013-92a14c548982<-904f39be-c3d3-4df4-99c0-2e4526e577e3#0:FAIL-t136, 52743044-8979-4a08-8013-92a14c548982<-65da0c80-3604-4ac2-9a39-ee88d748a153#0:FAIL-t136] and 0 exception(s); 52743044-8979-4a08-8013-92a14c548982@group-146C50BE7901:t136, leader=null, voted=52743044-8979-4a08-8013-92a14c548982, raftlog=52743044-8979-4a08-8013-92a14c548982@group-146C50BE7901-SegmentedRaftLog:OPENED:c-1,f-1,i0, conf=-1: [904f39be-c3d3-4df4-99c0-2e4526e577e3:192.168.157.254:45339, 52743044-8979-4a08-8013-92a14c548982:192.168.157.254:36428, 65da0c80-3604-4ac2-9a39-ee88d748a153:192.168.157.254:37466], old=null
2019-10-16 21:11:48,736 [52743044-8979-4a08-8013-92a14c548982@group-146C50BE7901-LeaderElection116] INFO  impl.RaftServerImpl (RaftServerImpl.java:setRole(184)) - 52743044-8979-4a08-8013-92a14c548982@group-146C50BE7901: changes role from CANDIDATE to FOLLOWER at term 136 for DISCOVERED_A_NEW_TERM
2019-10-16 21:11:48,736 [52743044-8979-4a08-8013-92a14c548982@group-146C50BE7901-LeaderElection116] INFO  impl.RoleInfo (RoleInfo.java:shutdownLeaderElection(134)) - 52743044-8979-4a08-8013-92a14c548982: shutdown LeaderElection
2019-10-16 21:11:48,736 [52743044-8979-4a08-8013-92a14c548982@group-146C50BE7901-LeaderElection116] INFO  impl.RoleInfo (RoleInfo.java:updateAndGet(143)) - 52743044-8979-4a08-8013-92a14c548982: start FollowerState
2019-10-16 21:11:48,811 [Thread-1038] INFO  impl.FollowerState (FollowerState.java:run(108)) - 52743044-8979-4a08-8013-92a14c548982@group-146C50BE7901-FollowerState: change to CANDIDATE, lastRpcTime:74ms, electionTimeout:74ms
2019-10-16 21:11:48,811 [Thread-1038] INFO  impl.RoleInfo (RoleInfo.java:shutdownFollowerState(121)) - 52743044-8979-4a08-8013-92a14c548982: shutdown FollowerState
2019-10-16 21:11:48,811 [Thread-1038] INFO  impl.RaftServerImpl (RaftServerImpl.java:setRole(184)) - 52743044-8979-4a08-8013-92a14c548982@group-146C50BE7901: changes role from  FOLLOWER to CANDIDATE at term 136 for changeToCandidate
2019-10-16 21:11:48,811 [Thread-1038] INFO  impl.RoleInfo (RoleInfo.java:updateAndGet(143)) - 52743044-8979-4a08-8013-92a14c548982: start LeaderElection
2019-10-16 21:11:48,829 [52743044-8979-4a08-8013-92a14c548982@group-146C50BE7901-LeaderElection117] INFO  impl.LeaderElection (LeaderElection.java:askForVotes(178)) - 52743044-8979-4a08-8013-92a14c548982@group-146C50BE7901-LeaderElection117: begin an election at term 137 for -1: [904f39be-c3d3-4df4-99c0-2e4526e577e3:192.168.157.254:45339, 52743044-8979-4a08-8013-92a14c548982:192.168.157.254:36428, 65da0c80-3604-4ac2-9a39-ee88d748a153:192.168.157.254:37466], old=null
2019-10-16 21:11:48,831 [grpc-default-executor-0] INFO  impl.RaftServerImpl (RaftServerImpl.java:setRole(184)) - 904f39be-c3d3-4df4-99c0-2e4526e577e3@group-146C50BE7901: changes role from  FOLLOWER to FOLLOWER at term 137 for recognizeCandidate:52743044-8979-4a08-8013-92a14c548982
2019-10-16 21:11:48,831 [grpc-default-executor-1] INFO  impl.RaftServerImpl (RaftServerImpl.java:setRole(184)) - 65da0c80-3604-4ac2-9a39-ee88d748a153@group-146C50BE7901: changes role from  FOLLOWER to FOLLOWER at term 137 for recognizeCandidate:52743044-8979-4a08-8013-92a14c548982
2019-10-16 21:11:48,831 [grpc-default-executor-0] INFO  impl.RoleInfo (RoleInfo.java:shutdownFollowerState(121)) - 904f39be-c3d3-4df4-99c0-2e4526e577e3: shutdown FollowerState
2019-10-16 21:11:48,831 [grpc-default-executor-1] INFO  impl.RoleInfo (RoleInfo.java:shutdownFollowerState(121)) - 65da0c80-3604-4ac2-9a39-ee88d748a153: shutdown FollowerState
2019-10-16 21:11:48,832 [Thread-1037] INFO  impl.FollowerState (FollowerState.java:run(117)) - 904f39be-c3d3-4df4-99c0-2e4526e577e3@group-146C50BE7901-FollowerState was interrupted: java.lang.InterruptedException: sleep interrupted
2019-10-16 21:11:48,832 [grpc-default-executor-0] INFO  impl.RoleInfo (RoleInfo.java:updateAndGet(143)) - 904f39be-c3d3-4df4-99c0-2e4526e577e3: start FollowerState
2019-10-16 21:11:48,832 [Thread-1036] INFO  impl.FollowerState (FollowerState.java:run(117)) - 65da0c80-3604-4ac2-9a39-ee88d748a153@group-146C50BE7901-FollowerState was interrupted: java.lang.InterruptedException: sleep interrupted
2019-10-16 21:11:48,832 [grpc-default-executor-1] INFO  impl.RoleInfo (RoleInfo.java:updateAndGet(143)) - 65da0c80-3604-4ac2-9a39-ee88d748a153: start FollowerState
2019-10-16 21:11:48,889 [52743044-8979-4a08-8013-92a14c548982@group-146C50BE7901-LeaderElection117] INFO  impl.LeaderElection (LeaderElection.java:logAndReturn(56)) - 52743044-8979-4a08-8013-92a14c548982@group-146C50BE7901-LeaderElection117: Election REJECTED; received 2 response(s) [52743044-8979-4a08-8013-92a14c548982<-904f39be-c3d3-4df4-99c0-2e4526e577e3#0:FAIL-t137, 52743044-8979-4a08-8013-92a14c548982<-65da0c80-3604-4ac2-9a39-ee88d748a153#0:FAIL-t137] and 0 exception(s); 52743044-8979-4a08-8013-92a14c548982@group-146C50BE7901:t137, leader=null, voted=52743044-8979-4a08-8013-92a14c548982, raftlog=52743044-8979-4a08-8013-92a14c548982@group-146C50BE7901-SegmentedRaftLog:OPENED:c-1,f-1,i0, conf=-1: [904f39be-c3d3-4df4-99c0-2e4526e577e3:192.168.157.254:45339, 52743044-8979-4a08-8013-92a14c548982:192.168.157.254:36428, 65da0c80-3604-4ac2-9a39-ee88d748a153:192.168.157.254:37466], old=null
2019-10-16 21:11:48,889 [52743044-8979-4a08-8013-92a14c548982@group-146C50BE7901-LeaderElection117] INFO  impl.RaftServerImpl (RaftServerImpl.java:setRole(184)) - 52743044-8979-4a08-8013-92a14c548982@group-146C50BE7901: changes role from CANDIDATE to FOLLOWER at term 137 for DISCOVERED_A_NEW_TERM
2019-10-16 21:11:48,889 [52743044-8979-4a08-8013-92a14c548982@group-146C50BE7901-LeaderElection117] INFO  impl.RoleInfo (RoleInfo.java:shutdownLeaderElection(134)) - 52743044-8979-4a08-8013-92a14c548982: shutdown LeaderElection
2019-10-16 21:11:48,889 [52743044-8979-4a08-8013-92a14c548982@group-146C50BE7901-LeaderElection117] INFO  impl.RoleInfo (RoleInfo.java:updateAndGet(143)) - 52743044-8979-4a08-8013-92a14c548982: start FollowerState
2019-10-16 21:11:49,012 [Thread-1044] INFO  impl.FollowerState (FollowerState.java:run(108)) - 52743044-8979-4a08-8013-92a14c548982@group-146C50BE7901-FollowerState: change to CANDIDATE, lastRpcTime:123ms, electionTimeout:123ms
2019-10-16 21:11:49,013 [Thread-1044] INFO  impl.RoleInfo (RoleInfo.java:shutdownFollowerState(121)) - 52743044-8979-4a08-8013-92a14c548982: shutdown FollowerState
2019-10-16 21:11:49,013 [Thread-1044] INFO  impl.RaftServerImpl (RaftServerImpl.java:setRole(184)) - 52743044-8979-4a08-8013-92a14c548982@group-146C50BE7901: changes role from  FOLLOWER to CANDIDATE at term 137 for changeToCandidate
2019-10-16 21:11:49,013 [Thread-1044] INFO  impl.RoleInfo (RoleInfo.java:updateAndGet(143)) - 52743044-8979-4a08-8013-92a14c548982: start LeaderElection
2019-10-16 21:11:49,028 [52743044-8979-4a08-8013-92a14c548982@group-146C50BE7901-LeaderElection118] INFO  impl.LeaderElection (LeaderElection.java:askForVotes(178)) - 52743044-8979-4a08-8013-92a14c548982@group-146C50BE7901-LeaderElection118: begin an election at term 138 for -1: [904f39be-c3d3-4df4-99c0-2e4526e577e3:192.168.157.254:45339, 52743044-8979-4a08-8013-92a14c548982:192.168.157.254:36428, 65da0c80-3604-4ac2-9a39-ee88d748a153:192.168.157.254:37466], old=null
2019-10-16 21:11:49,031 [grpc-default-executor-1] INFO  impl.RaftServerImpl (RaftServerImpl.java:setRole(184)) - 904f39be-c3d3-4df4-99c0-2e4526e577e3@group-146C50BE7901: changes role from  FOLLOWER to FOLLOWER at term 138 for recognizeCandidate:52743044-8979-4a08-8013-92a14c548982
2019-10-16 21:11:49,031 [grpc-default-executor-1] INFO  impl.RoleInfo (RoleInfo.java:shutdownFollowerState(121)) - 904f39be-c3d3-4df4-99c0-2e4526e577e3: shutdown FollowerState
2019-10-16 21:11:49,031 [grpc-default-executor-0] INFO  impl.RaftServerImpl (RaftServerImpl.java:setRole(184)) - 65da0c80-3604-4ac2-9a39-ee88d748a153@group-146C50BE7901: changes role from  FOLLOWER to FOLLOWER at term 138 for recognizeCandidate:52743044-8979-4a08-8013-92a14c548982
2019-10-16 21:11:49,031 [grpc-default-executor-1] INFO  impl.RoleInfo (RoleInfo.java:updateAndGet(143)) - 904f39be-c3d3-4df4-99c0-2e4526e577e3: start FollowerState
2019-10-16 21:11:49,031 [Thread-1042] INFO  impl.FollowerState (FollowerState.java:run(117)) - 904f39be-c3d3-4df4-99c0-2e4526e577e3@group-146C50BE7901-FollowerState was interrupted: java.lang.InterruptedException: sleep interrupted
2019-10-16 21:11:49,031 [grpc-default-executor-0] INFO  impl.RoleInfo (RoleInfo.java:shutdownFollowerState(121)) - 65da0c80-3604-4ac2-9a39-ee88d748a153: shutdown FollowerState
2019-10-16 21:11:49,031 [grpc-default-executor-0] INFO  impl.RoleInfo (RoleInfo.java:updateAndGet(143)) - 65da0c80-3604-4ac2-9a39-ee88d748a153: start FollowerState
2019-10-16 21:11:49,032 [Thread-1043] INFO  impl.FollowerState (FollowerState.java:run(117)) - 65da0c80-3604-4ac2-9a39-ee88d748a153@group-146C50BE7901-FollowerState was interrupted: java.lang.InterruptedException: sleep interrupted
2019-10-16 21:11:49,046 [52743044-8979-4a08-8013-92a14c548982@group-146C50BE7901-LeaderElection118] INFO  impl.LeaderElection (LeaderElection.java:logAndReturn(56)) - 52743044-8979-4a08-8013-92a14c548982@group-146C50BE7901-LeaderElection118: Election REJECTED; received 2 response(s) [52743044-8979-4a08-8013-92a14c548982<-904f39be-c3d3-4df4-99c0-2e4526e577e3#0:FAIL-t138, 52743044-8979-4a08-8013-92a14c548982<-65da0c80-3604-4ac2-9a39-ee88d748a153#0:FAIL-t138] and 0 exception(s); 52743044-8979-4a08-8013-92a14c548982@group-146C50BE7901:t138, leader=null, voted=52743044-8979-4a08-8013-92a14c548982, raftlog=52743044-8979-4a08-8013-92a14c548982@group-146C50BE7901-SegmentedRaftLog:OPENED:c-1,f-1,i0, conf=-1: [904f39be-c3d3-4df4-99c0-2e4526e577e3:192.168.157.254:45339, 52743044-8979-4a08-8013-92a14c548982:192.168.157.254:36428, 65da0c80-3604-4ac2-9a39-ee88d748a153:192.168.157.254:37466], old=null
2019-10-16 21:11:49,047 [52743044-8979-4a08-8013-92a14c548982@group-146C50BE7901-LeaderElection118] INFO  impl.RaftServerImpl (RaftServerImpl.java:setRole(184)) - 52743044-8979-4a08-8013-92a14c548982@group-146C50BE7901: changes role from CANDIDATE to FOLLOWER at term 138 for DISCOVERED_A_NEW_TERM
2019-10-16 21:11:49,047 [52743044-8979-4a08-8013-92a14c548982@group-146C50BE7901-LeaderElection118] INFO  impl.RoleInfo (RoleInfo.java:shutdownLeaderElection(134)) - 52743044-8979-4a08-8013-92a14c548982: shutdown LeaderElection
2019-10-16 21:11:49,047 [52743044-8979-4a08-8013-92a14c548982@group-146C50BE7901-LeaderElection118] INFO  impl.RoleInfo (RoleInfo.java:updateAndGet(143)) - 52743044-8979-4a08-8013-92a14c548982: start FollowerState
2019-10-16 21:11:49,127 [Thread-1050] INFO  impl.FollowerState (FollowerState.java:run(108)) - 52743044-8979-4a08-8013-92a14c548982@group-146C50BE7901-FollowerState: change to CANDIDATE, lastRpcTime:80ms, electionTimeout:79ms
2019-10-16 21:11:49,127 [Thread-1050] INFO  impl.RoleInfo (RoleInfo.java:shutdownFollowerState(121)) - 52743044-8979-4a08-8013-92a14c548982: shutdown FollowerState
2019-10-16 21:11:49,128 [Thread-1050] INFO  impl.RaftServerImpl (RaftServerImpl.java:setRole(184)) - 52743044-8979-4a08-8013-92a14c548982@group-146C50BE7901: changes role from  FOLLOWER to CANDIDATE at term 138 for changeToCandidate
2019-10-16 21:11:49,128 [Thread-1050] INFO  impl.RoleInfo (RoleInfo.java:updateAndGet(143)) - 52743044-8979-4a08-8013-92a14c548982: start LeaderElection
2019-10-16 21:11:49,184 [52743044-8979-4a08-8013-92a14c548982@group-146C50BE7901-LeaderElection119] INFO  impl.LeaderElection (LeaderElection.java:askForVotes(178)) - 52743044-8979-4a08-8013-92a14c548982@group-146C50BE7901-LeaderElection119: begin an election at term 139 for -1: [904f39be-c3d3-4df4-99c0-2e4526e577e3:192.168.157.254:45339, 52743044-8979-4a08-8013-92a14c548982:192.168.157.254:36428, 65da0c80-3604-4ac2-9a39-ee88d748a153:192.168.157.254:37466], old=null
2019-10-16 21:11:49,187 [grpc-default-executor-0] INFO  impl.RaftServerImpl (RaftServerImpl.java:setRole(184)) - 65da0c80-3604-4ac2-9a39-ee88d748a153@group-146C50BE7901: changes role from  FOLLOWER to FOLLOWER at term 139 for recognizeCandidate:52743044-8979-4a08-8013-92a14c548982
2019-10-16 21:11:49,187 [grpc-default-executor-0] INFO  impl.RoleInfo (RoleInfo.java:shutdownFollowerState(121)) - 65da0c80-3604-4ac2-9a39-ee88d748a153: shutdown FollowerState
2019-10-16 21:11:49,188 [grpc-default-executor-0] INFO  impl.RoleInfo (RoleInfo.java:updateAndGet(143)) - 65da0c80-3604-4ac2-9a39-ee88d748a153: start FollowerState
2019-10-16 21:11:49,188 [grpc-default-executor-1] INFO  impl.RaftServerImpl (RaftServerImpl.java:setRole(184)) - 904f39be-c3d3-4df4-99c0-2e4526e577e3@group-146C50BE7901: changes role from  FOLLOWER to FOLLOWER at term 139 for recognizeCandidate:52743044-8979-4a08-8013-92a14c548982
2019-10-16 21:11:49,188 [grpc-default-executor-1] INFO  impl.RoleInfo (RoleInfo.java:shutdownFollowerState(121)) - 904f39be-c3d3-4df4-99c0-2e4526e577e3: shutdown FollowerState
2019-10-16 21:11:49,188 [grpc-default-executor-1] INFO  impl.RoleInfo (RoleInfo.java:updateAndGet(143)) - 904f39be-c3d3-4df4-99c0-2e4526e577e3: start FollowerState
2019-10-16 21:11:49,188 [Thread-1049] INFO  impl.FollowerState (FollowerState.java:run(117)) - 65da0c80-3604-4ac2-9a39-ee88d748a153@group-146C50BE7901-FollowerState was interrupted: java.lang.InterruptedException: sleep interrupted
2019-10-16 21:11:49,188 [Thread-1048] INFO  impl.FollowerState (FollowerState.java:run(117)) - 904f39be-c3d3-4df4-99c0-2e4526e577e3@group-146C50BE7901-FollowerState was interrupted: java.lang.InterruptedException: sleep interrupted
2019-10-16 21:11:49,204 [main] INFO  ozone.MiniOzoneClusterImpl (MiniOzoneClusterImpl.java:lambda$waitForClusterToBeReady$2(164)) - Waiting for 1 number of pipelines out of 4, to report a leader.
2019-10-16 21:11:49,258 [52743044-8979-4a08-8013-92a14c548982@group-146C50BE7901-LeaderElection119] INFO  impl.LeaderElection (LeaderElection.java:logAndReturn(56)) - 52743044-8979-4a08-8013-92a14c548982@group-146C50BE7901-LeaderElection119: Election REJECTED; received 2 response(s) [52743044-8979-4a08-8013-92a14c548982<-904f39be-c3d3-4df4-99c0-2e4526e577e3#0:FAIL-t139, 52743044-8979-4a08-8013-92a14c548982<-65da0c80-3604-4ac2-9a39-ee88d748a153#0:FAIL-t139] and 0 exception(s); 52743044-8979-4a08-8013-92a14c548982@group-146C50BE7901:t139, leader=null, voted=52743044-8979-4a08-8013-92a14c548982, raftlog=52743044-8979-4a08-8013-92a14c548982@group-146C50BE7901-SegmentedRaftLog:OPENED:c-1,f-1,i0, conf=-1: [904f39be-c3d3-4df4-99c0-2e4526e577e3:192.168.157.254:45339, 52743044-8979-4a08-8013-92a14c548982:192.168.157.254:36428, 65da0c80-3604-4ac2-9a39-ee88d748a153:192.168.157.254:37466], old=null
2019-10-16 21:11:49,258 [52743044-8979-4a08-8013-92a14c548982@group-146C50BE7901-LeaderElection119] INFO  impl.RaftServerImpl (RaftServerImpl.java:setRole(184)) - 52743044-8979-4a08-8013-92a14c548982@group-146C50BE7901: changes role from CANDIDATE to FOLLOWER at term 139 for DISCOVERED_A_NEW_TERM
2019-10-16 21:11:49,258 [52743044-8979-4a08-8013-92a14c548982@group-146C50BE7901-LeaderElection119] INFO  impl.RoleInfo (RoleInfo.java:shutdownLeaderElection(134)) - 52743044-8979-4a08-8013-92a14c548982: shutdown LeaderElection
2019-10-16 21:11:49,258 [52743044-8979-4a08-8013-92a14c548982@group-146C50BE7901-LeaderElection119] INFO  impl.RoleInfo (RoleInfo.java:updateAndGet(143)) - 52743044-8979-4a08-8013-92a14c548982: start FollowerState
2019-10-16 21:11:49,450 [Thread-1056] INFO  impl.FollowerState (FollowerState.java:run(108)) - 52743044-8979-4a08-8013-92a14c548982@group-146C50BE7901-FollowerState: change to CANDIDATE, lastRpcTime:192ms, electionTimeout:192ms
2019-10-16 21:11:49,451 [Thread-1056] INFO  impl.RoleInfo (RoleInfo.java:shutdownFollowerState(121)) - 52743044-8979-4a08-8013-92a14c548982: shutdown FollowerState
2019-10-16 21:11:49,451 [Thread-1056] INFO  impl.RaftServerImpl (RaftServerImpl.java:setRole(184)) - 52743044-8979-4a08-8013-92a14c548982@group-146C50BE7901: changes role from  FOLLOWER to CANDIDATE at term 139 for changeToCandidate
2019-10-16 21:11:49,451 [Thread-1056] INFO  impl.RoleInfo (RoleInfo.java:updateAndGet(143)) - 52743044-8979-4a08-8013-92a14c548982: start LeaderElection
2019-10-16 21:11:49,466 [52743044-8979-4a08-8013-92a14c548982@group-146C50BE7901-LeaderElection120] INFO  impl.LeaderElection (LeaderElection.java:askForVotes(178)) - 52743044-8979-4a08-8013-92a14c548982@group-146C50BE7901-LeaderElection120: begin an election at term 140 for -1: [904f39be-c3d3-4df4-99c0-2e4526e577e3:192.168.157.254:45339, 52743044-8979-4a08-8013-92a14c548982:192.168.157.254:36428, 65da0c80-3604-4ac2-9a39-ee88d748a153:192.168.157.254:37466], old=null
2019-10-16 21:11:49,469 [grpc-default-executor-1] INFO  impl.RaftServerImpl (RaftServerImpl.java:setRole(184)) - 904f39be-c3d3-4df4-99c0-2e4526e577e3@group-146C50BE7901: changes role from  FOLLOWER to FOLLOWER at term 140 for recognizeCandidate:52743044-8979-4a08-8013-92a14c548982
2019-10-16 21:11:49,469 [grpc-default-executor-1] INFO  impl.RoleInfo (RoleInfo.java:shutdownFollowerState(121)) - 904f39be-c3d3-4df4-99c0-2e4526e577e3: shutdown FollowerState
2019-10-16 21:11:49,469 [grpc-default-executor-0] INFO  impl.RaftServerImpl (RaftServerImpl.java:setRole(184)) - 65da0c80-3604-4ac2-9a39-ee88d748a153@group-146C50BE7901: changes role from  FOLLOWER to FOLLOWER at term 140 for recognizeCandidate:52743044-8979-4a08-8013-92a14c548982
2019-10-16 21:11:49,469 [Thread-1055] INFO  impl.FollowerState (FollowerState.java:run(117)) - 904f39be-c3d3-4df4-99c0-2e4526e577e3@group-146C50BE7901-FollowerState was interrupted: java.lang.InterruptedException: sleep interrupted
2019-10-16 21:11:49,469 [grpc-default-executor-1] INFO  impl.RoleInfo (RoleInfo.java:updateAndGet(143)) - 904f39be-c3d3-4df4-99c0-2e4526e577e3: start FollowerState
2019-10-16 21:11:49,469 [grpc-default-executor-0] INFO  impl.RoleInfo (RoleInfo.java:shutdownFollowerState(121)) - 65da0c80-3604-4ac2-9a39-ee88d748a153: shutdown FollowerState
2019-10-16 21:11:49,470 [grpc-default-executor-0] INFO  impl.RoleInfo (RoleInfo.java:updateAndGet(143)) - 65da0c80-3604-4ac2-9a39-ee88d748a153: start FollowerState
2019-10-16 21:11:49,470 [Thread-1054] INFO  impl.FollowerState (FollowerState.java:run(117)) - 65da0c80-3604-4ac2-9a39-ee88d748a153@group-146C50BE7901-FollowerState was interrupted: java.lang.InterruptedException: sleep interrupted
2019-10-16 21:11:49,485 [52743044-8979-4a08-8013-92a14c548982@group-146C50BE7901-LeaderElection120] INFO  impl.LeaderElection (LeaderElection.java:logAndReturn(56)) - 52743044-8979-4a08-8013-92a14c548982@group-146C50BE7901-LeaderElection120: Election REJECTED; received 2 response(s) [52743044-8979-4a08-8013-92a14c548982<-904f39be-c3d3-4df4-99c0-2e4526e577e3#0:FAIL-t140, 52743044-8979-4a08-8013-92a14c548982<-65da0c80-3604-4ac2-9a39-ee88d748a153#0:FAIL-t140] and 0 exception(s); 52743044-8979-4a08-8013-92a14c548982@group-146C50BE7901:t140, leader=null, voted=52743044-8979-4a08-8013-92a14c548982, raftlog=52743044-8979-4a08-8013-92a14c548982@group-146C50BE7901-SegmentedRaftLog:OPENED:c-1,f-1,i0, conf=-1: [904f39be-c3d3-4df4-99c0-2e4526e577e3:192.168.157.254:45339, 52743044-8979-4a08-8013-92a14c548982:192.168.157.254:36428, 65da0c80-3604-4ac2-9a39-ee88d748a153:192.168.157.254:37466], old=null
2019-10-16 21:11:49,485 [52743044-8979-4a08-8013-92a14c548982@group-146C50BE7901-LeaderElection120] INFO  impl.RaftServerImpl (RaftServerImpl.java:setRole(184)) - 52743044-8979-4a08-8013-92a14c548982@group-146C50BE7901: changes role from CANDIDATE to FOLLOWER at term 140 for DISCOVERED_A_NEW_TERM
2019-10-16 21:11:49,485 [52743044-8979-4a08-8013-92a14c548982@group-146C50BE7901-LeaderElection120] INFO  impl.RoleInfo (RoleInfo.java:shutdownLeaderElection(134)) - 52743044-8979-4a08-8013-92a14c548982: shutdown LeaderElection
2019-10-16 21:11:49,485 [52743044-8979-4a08-8013-92a14c548982@group-146C50BE7901-LeaderElection120] INFO  impl.RoleInfo (RoleInfo.java:updateAndGet(143)) - 52743044-8979-4a08-8013-92a14c548982: start FollowerState
2019-10-16 21:11:49,633 [Thread-1062] INFO  impl.FollowerState (FollowerState.java:run(108)) - 52743044-8979-4a08-8013-92a14c548982@group-146C50BE7901-FollowerState: change to CANDIDATE, lastRpcTime:147ms, electionTimeout:147ms
2019-10-16 21:11:49,633 [Thread-1062] INFO  impl.RoleInfo (RoleInfo.java:shutdownFollowerState(121)) - 52743044-8979-4a08-8013-92a14c548982: shutdown FollowerState
2019-10-16 21:11:49,633 [Thread-1062] INFO  impl.RaftServerImpl (RaftServerImpl.java:setRole(184)) - 52743044-8979-4a08-8013-92a14c548982@group-146C50BE7901: changes role from  FOLLOWER to CANDIDATE at term 140 for changeToCandidate
2019-10-16 21:11:49,633 [Thread-1062] INFO  impl.RoleInfo (RoleInfo.java:updateAndGet(143)) - 52743044-8979-4a08-8013-92a14c548982: start LeaderElection
2019-10-16 21:11:49,689 [52743044-8979-4a08-8013-92a14c548982@group-146C50BE7901-LeaderElection121] INFO  impl.LeaderElection (LeaderElection.java:askForVotes(178)) - 52743044-8979-4a08-8013-92a14c548982@group-146C50BE7901-LeaderElection121: begin an election at term 141 for -1: [904f39be-c3d3-4df4-99c0-2e4526e577e3:192.168.157.254:45339, 52743044-8979-4a08-8013-92a14c548982:192.168.157.254:36428, 65da0c80-3604-4ac2-9a39-ee88d748a153:192.168.157.254:37466], old=null
2019-10-16 21:11:49,691 [grpc-default-executor-1] INFO  impl.RaftServerImpl (RaftServerImpl.java:setRole(184)) - 65da0c80-3604-4ac2-9a39-ee88d748a153@group-146C50BE7901: changes role from  FOLLOWER to FOLLOWER at term 141 for recognizeCandidate:52743044-8979-4a08-8013-92a14c548982
2019-10-16 21:11:49,691 [grpc-default-executor-1] INFO  impl.RoleInfo (RoleInfo.java:shutdownFollowerState(121)) - 65da0c80-3604-4ac2-9a39-ee88d748a153: shutdown FollowerState
2019-10-16 21:11:49,691 [grpc-default-executor-0] INFO  impl.RaftServerImpl (RaftServerImpl.java:setRole(184)) - 904f39be-c3d3-4df4-99c0-2e4526e577e3@group-146C50BE7901: changes role from  FOLLOWER to FOLLOWER at term 141 for recognizeCandidate:52743044-8979-4a08-8013-92a14c548982
2019-10-16 21:11:49,692 [Thread-1061] INFO  impl.FollowerState (FollowerState.java:run(117)) - 65da0c80-3604-4ac2-9a39-ee88d748a153@group-146C50BE7901-FollowerState was interrupted: java.lang.InterruptedException: sleep interrupted
2019-10-16 21:11:49,692 [grpc-default-executor-1] INFO  impl.RoleInfo (RoleInfo.java:updateAndGet(143)) - 65da0c80-3604-4ac2-9a39-ee88d748a153: start FollowerState
2019-10-16 21:11:49,692 [grpc-default-executor-0] INFO  impl.RoleInfo (RoleInfo.java:shutdownFollowerState(121)) - 904f39be-c3d3-4df4-99c0-2e4526e577e3: shutdown FollowerState
2019-10-16 21:11:49,692 [grpc-default-executor-0] INFO  impl.RoleInfo (RoleInfo.java:updateAndGet(143)) - 904f39be-c3d3-4df4-99c0-2e4526e577e3: start FollowerState
2019-10-16 21:11:49,692 [Thread-1060] INFO  impl.FollowerState (FollowerState.java:run(117)) - 904f39be-c3d3-4df4-99c0-2e4526e577e3@group-146C50BE7901-FollowerState was interrupted: java.lang.InterruptedException: sleep interrupted
2019-10-16 21:11:49,706 [52743044-8979-4a08-8013-92a14c548982@group-146C50BE7901-LeaderElection121] INFO  impl.LeaderElection (LeaderElection.java:logAndReturn(56)) - 52743044-8979-4a08-8013-92a14c548982@group-146C50BE7901-LeaderElection121: Election TIMEOUT; received 0 response(s) [] and 0 exception(s); 52743044-8979-4a08-8013-92a14c548982@group-146C50BE7901:t141, leader=null, voted=52743044-8979-4a08-8013-92a14c548982, raftlog=52743044-8979-4a08-8013-92a14c548982@group-146C50BE7901-SegmentedRaftLog:OPENED:c-1,f-1,i0, conf=-1: [904f39be-c3d3-4df4-99c0-2e4526e577e3:192.168.157.254:45339, 52743044-8979-4a08-8013-92a14c548982:192.168.157.254:36428, 65da0c80-3604-4ac2-9a39-ee88d748a153:192.168.157.254:37466], old=null
2019-10-16 21:11:49,743 [52743044-8979-4a08-8013-92a14c548982@group-146C50BE7901-LeaderElection121] INFO  impl.LeaderElection (LeaderElection.java:askForVotes(178)) - 52743044-8979-4a08-8013-92a14c548982@group-146C50BE7901-LeaderElection121: begin an election at term 142 for -1: [904f39be-c3d3-4df4-99c0-2e4526e577e3:192.168.157.254:45339, 52743044-8979-4a08-8013-92a14c548982:192.168.157.254:36428, 65da0c80-3604-4ac2-9a39-ee88d748a153:192.168.157.254:37466], old=null
2019-10-16 21:11:49,745 [grpc-default-executor-0] INFO  impl.RaftServerImpl (RaftServerImpl.java:setRole(184)) - 65da0c80-3604-4ac2-9a39-ee88d748a153@group-146C50BE7901: changes role from  FOLLOWER to FOLLOWER at term 142 for recognizeCandidate:52743044-8979-4a08-8013-92a14c548982
2019-10-16 21:11:49,745 [grpc-default-executor-0] INFO  impl.RoleInfo (RoleInfo.java:shutdownFollowerState(121)) - 65da0c80-3604-4ac2-9a39-ee88d748a153: shutdown FollowerState
2019-10-16 21:11:49,745 [grpc-default-executor-0] INFO  impl.RoleInfo (RoleInfo.java:updateAndGet(143)) - 65da0c80-3604-4ac2-9a39-ee88d748a153: start FollowerState
2019-10-16 21:11:49,745 [Thread-1066] INFO  impl.FollowerState (FollowerState.java:run(117)) - 65da0c80-3604-4ac2-9a39-ee88d748a153@group-146C50BE7901-FollowerState was interrupted: java.lang.InterruptedException: sleep interrupted
2019-10-16 21:11:49,745 [grpc-default-executor-1] INFO  impl.RaftServerImpl (RaftServerImpl.java:setRole(184)) - 904f39be-c3d3-4df4-99c0-2e4526e577e3@group-146C50BE7901: changes role from  FOLLOWER to FOLLOWER at term 142 for recognizeCandidate:52743044-8979-4a08-8013-92a14c548982
2019-10-16 21:11:49,746 [grpc-default-executor-1] INFO  impl.RoleInfo (RoleInfo.java:shutdownFollowerState(121)) - 904f39be-c3d3-4df4-99c0-2e4526e577e3: shutdown FollowerState
2019-10-16 21:11:49,746 [grpc-default-executor-1] INFO  impl.RoleInfo (RoleInfo.java:updateAndGet(143)) - 904f39be-c3d3-4df4-99c0-2e4526e577e3: start FollowerState
2019-10-16 21:11:49,746 [Thread-1067] INFO  impl.FollowerState (FollowerState.java:run(117)) - 904f39be-c3d3-4df4-99c0-2e4526e577e3@group-146C50BE7901-FollowerState was interrupted: java.lang.InterruptedException: sleep interrupted
2019-10-16 21:11:49,790 [52743044-8979-4a08-8013-92a14c548982@group-146C50BE7901-LeaderElection121] INFO  impl.LeaderElection (LeaderElection.java:logAndReturn(56)) - 52743044-8979-4a08-8013-92a14c548982@group-146C50BE7901-LeaderElection121: Election REJECTED; received 2 response(s) [52743044-8979-4a08-8013-92a14c548982<-904f39be-c3d3-4df4-99c0-2e4526e577e3#0:FAIL-t142, 52743044-8979-4a08-8013-92a14c548982<-65da0c80-3604-4ac2-9a39-ee88d748a153#0:FAIL-t142] and 0 exception(s); 52743044-8979-4a08-8013-92a14c548982@group-146C50BE7901:t142, leader=null, voted=52743044-8979-4a08-8013-92a14c548982, raftlog=52743044-8979-4a08-8013-92a14c548982@group-146C50BE7901-SegmentedRaftLog:OPENED:c-1,f-1,i0, conf=-1: [904f39be-c3d3-4df4-99c0-2e4526e577e3:192.168.157.254:45339, 52743044-8979-4a08-8013-92a14c548982:192.168.157.254:36428, 65da0c80-3604-4ac2-9a39-ee88d748a153:192.168.157.254:37466], old=null
2019-10-16 21:11:49,790 [52743044-8979-4a08-8013-92a14c548982@group-146C50BE7901-LeaderElection121] INFO  impl.RaftServerImpl (RaftServerImpl.java:setRole(184)) - 52743044-8979-4a08-8013-92a14c548982@group-146C50BE7901: changes role from CANDIDATE to FOLLOWER at term 142 for DISCOVERED_A_NEW_TERM
2019-10-16 21:11:49,790 [52743044-8979-4a08-8013-92a14c548982@group-146C50BE7901-LeaderElection121] INFO  impl.RoleInfo (RoleInfo.java:shutdownLeaderElection(134)) - 52743044-8979-4a08-8013-92a14c548982: shutdown LeaderElection
2019-10-16 21:11:49,790 [52743044-8979-4a08-8013-92a14c548982@group-146C50BE7901-LeaderElection121] INFO  impl.RoleInfo (RoleInfo.java:updateAndGet(143)) - 52743044-8979-4a08-8013-92a14c548982: start FollowerState
2019-10-16 21:11:49,911 [Thread-1072] INFO  impl.FollowerState (FollowerState.java:run(108)) - 52743044-8979-4a08-8013-92a14c548982@group-146C50BE7901-FollowerState: change to CANDIDATE, lastRpcTime:120ms, electionTimeout:120ms
2019-10-16 21:11:49,911 [Thread-1072] INFO  impl.RoleInfo (RoleInfo.java:shutdownFollowerState(121)) - 52743044-8979-4a08-8013-92a14c548982: shutdown FollowerState
2019-10-16 21:11:49,911 [Thread-1072] INFO  impl.RaftServerImpl (RaftServerImpl.java:setRole(184)) - 52743044-8979-4a08-8013-92a14c548982@group-146C50BE7901: changes role from  FOLLOWER to CANDIDATE at term 142 for changeToCandidate
2019-10-16 21:11:49,911 [Thread-1072] INFO  impl.RoleInfo (RoleInfo.java:updateAndGet(143)) - 52743044-8979-4a08-8013-92a14c548982: start LeaderElection
2019-10-16 21:11:49,958 [52743044-8979-4a08-8013-92a14c548982@group-146C50BE7901-LeaderElection122] INFO  impl.LeaderElection (LeaderElection.java:askForVotes(178)) - 52743044-8979-4a08-8013-92a14c548982@group-146C50BE7901-LeaderElection122: begin an election at term 143 for -1: [904f39be-c3d3-4df4-99c0-2e4526e577e3:192.168.157.254:45339, 52743044-8979-4a08-8013-92a14c548982:192.168.157.254:36428, 65da0c80-3604-4ac2-9a39-ee88d748a153:192.168.157.254:37466], old=null
2019-10-16 21:11:49,960 [grpc-default-executor-0] INFO  impl.RaftServerImpl (RaftServerImpl.java:setRole(184)) - 904f39be-c3d3-4df4-99c0-2e4526e577e3@group-146C50BE7901: changes role from  FOLLOWER to FOLLOWER at term 143 for recognizeCandidate:52743044-8979-4a08-8013-92a14c548982
2019-10-16 21:11:49,961 [grpc-default-executor-1] INFO  impl.RaftServerImpl (RaftServerImpl.java:setRole(184)) - 65da0c80-3604-4ac2-9a39-ee88d748a153@group-146C50BE7901: changes role from  FOLLOWER to FOLLOWER at term 143 for recognizeCandidate:52743044-8979-4a08-8013-92a14c548982
2019-10-16 21:11:49,961 [grpc-default-executor-0] INFO  impl.RoleInfo (RoleInfo.java:shutdownFollowerState(121)) - 904f39be-c3d3-4df4-99c0-2e4526e577e3: shutdown FollowerState
2019-10-16 21:11:49,961 [grpc-default-executor-1] INFO  impl.RoleInfo (RoleInfo.java:shutdownFollowerState(121)) - 65da0c80-3604-4ac2-9a39-ee88d748a153: shutdown FollowerState
2019-10-16 21:11:49,961 [Thread-1071] INFO  impl.FollowerState (FollowerState.java:run(117)) - 904f39be-c3d3-4df4-99c0-2e4526e577e3@group-146C50BE7901-FollowerState was interrupted: java.lang.InterruptedException: sleep interrupted
2019-10-16 21:11:49,961 [grpc-default-executor-0] INFO  impl.RoleInfo (RoleInfo.java:updateAndGet(143)) - 904f39be-c3d3-4df4-99c0-2e4526e577e3: start FollowerState
2019-10-16 21:11:49,961 [Thread-1070] INFO  impl.FollowerState (FollowerState.java:run(117)) - 65da0c80-3604-4ac2-9a39-ee88d748a153@group-146C50BE7901-FollowerState was interrupted: java.lang.InterruptedException: sleep interrupted
2019-10-16 21:11:49,961 [grpc-default-executor-1] INFO  impl.RoleInfo (RoleInfo.java:updateAndGet(143)) - 65da0c80-3604-4ac2-9a39-ee88d748a153: start FollowerState
2019-10-16 21:11:50,007 [52743044-8979-4a08-8013-92a14c548982@group-146C50BE7901-LeaderElection122] INFO  impl.LeaderElection (LeaderElection.java:logAndReturn(56)) - 52743044-8979-4a08-8013-92a14c548982@group-146C50BE7901-LeaderElection122: Election REJECTED; received 2 response(s) [52743044-8979-4a08-8013-92a14c548982<-904f39be-c3d3-4df4-99c0-2e4526e577e3#0:FAIL-t143, 52743044-8979-4a08-8013-92a14c548982<-65da0c80-3604-4ac2-9a39-ee88d748a153#0:FAIL-t143] and 0 exception(s); 52743044-8979-4a08-8013-92a14c548982@group-146C50BE7901:t143, leader=null, voted=52743044-8979-4a08-8013-92a14c548982, raftlog=52743044-8979-4a08-8013-92a14c548982@group-146C50BE7901-SegmentedRaftLog:OPENED:c-1,f-1,i0, conf=-1: [904f39be-c3d3-4df4-99c0-2e4526e577e3:192.168.157.254:45339, 52743044-8979-4a08-8013-92a14c548982:192.168.157.254:36428, 65da0c80-3604-4ac2-9a39-ee88d748a153:192.168.157.254:37466], old=null
2019-10-16 21:11:50,007 [52743044-8979-4a08-8013-92a14c548982@group-146C50BE7901-LeaderElection122] INFO  impl.RaftServerImpl (RaftServerImpl.java:setRole(184)) - 52743044-8979-4a08-8013-92a14c548982@group-146C50BE7901: changes role from CANDIDATE to FOLLOWER at term 143 for DISCOVERED_A_NEW_TERM
2019-10-16 21:11:50,007 [52743044-8979-4a08-8013-92a14c548982@group-146C50BE7901-LeaderElection122] INFO  impl.RoleInfo (RoleInfo.java:shutdownLeaderElection(134)) - 52743044-8979-4a08-8013-92a14c548982: shutdown LeaderElection
2019-10-16 21:11:50,008 [52743044-8979-4a08-8013-92a14c548982@group-146C50BE7901-LeaderElection122] INFO  impl.RoleInfo (RoleInfo.java:updateAndGet(143)) - 52743044-8979-4a08-8013-92a14c548982: start FollowerState
2019-10-16 21:11:50,152 [Thread-1078] INFO  impl.FollowerState (FollowerState.java:run(108)) - 52743044-8979-4a08-8013-92a14c548982@group-146C50BE7901-FollowerState: change to CANDIDATE, lastRpcTime:144ms, electionTimeout:144ms
2019-10-16 21:11:50,152 [Thread-1078] INFO  impl.RoleInfo (RoleInfo.java:shutdownFollowerState(121)) - 52743044-8979-4a08-8013-92a14c548982: shutdown FollowerState
2019-10-16 21:11:50,152 [Thread-1078] INFO  impl.RaftServerImpl (RaftServerImpl.java:setRole(184)) - 52743044-8979-4a08-8013-92a14c548982@group-146C50BE7901: changes role from  FOLLOWER to CANDIDATE at term 143 for changeToCandidate
2019-10-16 21:11:50,153 [Thread-1078] INFO  impl.RoleInfo (RoleInfo.java:updateAndGet(143)) - 52743044-8979-4a08-8013-92a14c548982: start LeaderElection
2019-10-16 21:11:50,167 [52743044-8979-4a08-8013-92a14c548982@group-146C50BE7901-LeaderElection123] INFO  impl.LeaderElection (LeaderElection.java:askForVotes(178)) - 52743044-8979-4a08-8013-92a14c548982@group-146C50BE7901-LeaderElection123: begin an election at term 144 for -1: [904f39be-c3d3-4df4-99c0-2e4526e577e3:192.168.157.254:45339, 52743044-8979-4a08-8013-92a14c548982:192.168.157.254:36428, 65da0c80-3604-4ac2-9a39-ee88d748a153:192.168.157.254:37466], old=null
2019-10-16 21:11:50,170 [grpc-default-executor-0] INFO  impl.RaftServerImpl (RaftServerImpl.java:setRole(184)) - 904f39be-c3d3-4df4-99c0-2e4526e577e3@group-146C50BE7901: changes role from  FOLLOWER to FOLLOWER at term 144 for recognizeCandidate:52743044-8979-4a08-8013-92a14c548982
2019-10-16 21:11:50,170 [grpc-default-executor-0] INFO  impl.RoleInfo (RoleInfo.java:shutdownFollowerState(121)) - 904f39be-c3d3-4df4-99c0-2e4526e577e3: shutdown FollowerState
2019-10-16 21:11:50,170 [grpc-default-executor-1] INFO  impl.RaftServerImpl (RaftServerImpl.java:setRole(184)) - 65da0c80-3604-4ac2-9a39-ee88d748a153@group-146C50BE7901: changes role from  FOLLOWER to FOLLOWER at term 144 for recognizeCandidate:52743044-8979-4a08-8013-92a14c548982
2019-10-16 21:11:50,170 [grpc-default-executor-1] INFO  impl.RoleInfo (RoleInfo.java:shutdownFollowerState(121)) - 65da0c80-3604-4ac2-9a39-ee88d748a153: shutdown FollowerState
2019-10-16 21:11:50,170 [Thread-1076] INFO  impl.FollowerState (FollowerState.java:run(117)) - 904f39be-c3d3-4df4-99c0-2e4526e577e3@group-146C50BE7901-FollowerState was interrupted: java.lang.InterruptedException: sleep interrupted
2019-10-16 21:11:50,170 [grpc-default-executor-0] INFO  impl.RoleInfo (RoleInfo.java:updateAndGet(143)) - 904f39be-c3d3-4df4-99c0-2e4526e577e3: start FollowerState
2019-10-16 21:11:50,171 [Thread-1077] INFO  impl.FollowerState (FollowerState.java:run(117)) - 65da0c80-3604-4ac2-9a39-ee88d748a153@group-146C50BE7901-FollowerState was interrupted: java.lang.InterruptedException: sleep interrupted
2019-10-16 21:11:50,170 [grpc-default-executor-1] INFO  impl.RoleInfo (RoleInfo.java:updateAndGet(143)) - 65da0c80-3604-4ac2-9a39-ee88d748a153: start FollowerState
2019-10-16 21:11:50,191 [52743044-8979-4a08-8013-92a14c548982@group-146C50BE7901-LeaderElection123] INFO  impl.LeaderElection (LeaderElection.java:logAndReturn(56)) - 52743044-8979-4a08-8013-92a14c548982@group-146C50BE7901-LeaderElection123: Election REJECTED; received 2 response(s) [52743044-8979-4a08-8013-92a14c548982<-904f39be-c3d3-4df4-99c0-2e4526e577e3#0:FAIL-t144, 52743044-8979-4a08-8013-92a14c548982<-65da0c80-3604-4ac2-9a39-ee88d748a153#0:FAIL-t144] and 0 exception(s); 52743044-8979-4a08-8013-92a14c548982@group-146C50BE7901:t144, leader=null, voted=52743044-8979-4a08-8013-92a14c548982, raftlog=52743044-8979-4a08-8013-92a14c548982@group-146C50BE7901-SegmentedRaftLog:OPENED:c-1,f-1,i0, conf=-1: [904f39be-c3d3-4df4-99c0-2e4526e577e3:192.168.157.254:45339, 52743044-8979-4a08-8013-92a14c548982:192.168.157.254:36428, 65da0c80-3604-4ac2-9a39-ee88d748a153:192.168.157.254:37466], old=null
2019-10-16 21:11:50,191 [52743044-8979-4a08-8013-92a14c548982@group-146C50BE7901-LeaderElection123] INFO  impl.RaftServerImpl (RaftServerImpl.java:setRole(184)) - 52743044-8979-4a08-8013-92a14c548982@group-146C50BE7901: changes role from CANDIDATE to FOLLOWER at term 144 for DISCOVERED_A_NEW_TERM
2019-10-16 21:11:50,191 [52743044-8979-4a08-8013-92a14c548982@group-146C50BE7901-LeaderElection123] INFO  impl.RoleInfo (RoleInfo.java:shutdownLeaderElection(134)) - 52743044-8979-4a08-8013-92a14c548982: shutdown LeaderElection
2019-10-16 21:11:50,191 [52743044-8979-4a08-8013-92a14c548982@group-146C50BE7901-LeaderElection123] INFO  impl.RoleInfo (RoleInfo.java:updateAndGet(143)) - 52743044-8979-4a08-8013-92a14c548982: start FollowerState
2019-10-16 21:11:50,204 [main] INFO  ozone.MiniOzoneClusterImpl (MiniOzoneClusterImpl.java:lambda$waitForClusterToBeReady$2(164)) - Waiting for 1 number of pipelines out of 4, to report a leader.
2019-10-16 21:11:50,299 [Thread-1084] INFO  impl.FollowerState (FollowerState.java:run(108)) - 52743044-8979-4a08-8013-92a14c548982@group-146C50BE7901-FollowerState: change to CANDIDATE, lastRpcTime:107ms, electionTimeout:107ms
2019-10-16 21:11:50,299 [Thread-1084] INFO  impl.RoleInfo (RoleInfo.java:shutdownFollowerState(121)) - 52743044-8979-4a08-8013-92a14c548982: shutdown FollowerState
2019-10-16 21:11:50,299 [Thread-1084] INFO  impl.RaftServerImpl (RaftServerImpl.java:setRole(184)) - 52743044-8979-4a08-8013-92a14c548982@group-146C50BE7901: changes role from  FOLLOWER to CANDIDATE at term 144 for changeToCandidate
2019-10-16 21:11:50,299 [Thread-1084] INFO  impl.RoleInfo (RoleInfo.java:updateAndGet(143)) - 52743044-8979-4a08-8013-92a14c548982: start LeaderElection
2019-10-16 21:11:50,313 [52743044-8979-4a08-8013-92a14c548982@group-146C50BE7901-LeaderElection124] INFO  impl.LeaderElection (LeaderElection.java:askForVotes(178)) - 52743044-8979-4a08-8013-92a14c548982@group-146C50BE7901-LeaderElection124: begin an election at term 145 for -1: [904f39be-c3d3-4df4-99c0-2e4526e577e3:192.168.157.254:45339, 52743044-8979-4a08-8013-92a14c548982:192.168.157.254:36428, 65da0c80-3604-4ac2-9a39-ee88d748a153:192.168.157.254:37466], old=null
2019-10-16 21:11:50,315 [grpc-default-executor-0] INFO  impl.RaftServerImpl (RaftServerImpl.java:setRole(184)) - 904f39be-c3d3-4df4-99c0-2e4526e577e3@group-146C50BE7901: changes role from  FOLLOWER to FOLLOWER at term 145 for recognizeCandidate:52743044-8979-4a08-8013-92a14c548982
2019-10-16 21:11:50,316 [grpc-default-executor-0] INFO  impl.RoleInfo (RoleInfo.java:shutdownFollowerState(121)) - 904f39be-c3d3-4df4-99c0-2e4526e577e3: shutdown FollowerState
2019-10-16 21:11:50,316 [grpc-default-executor-1] INFO  impl.RaftServerImpl (RaftServerImpl.java:setRole(184)) - 65da0c80-3604-4ac2-9a39-ee88d748a153@group-146C50BE7901: changes role from  FOLLOWER to FOLLOWER at term 145 for recognizeCandidate:52743044-8979-4a08-8013-92a14c548982
2019-10-16 21:11:50,316 [Thread-1082] INFO  impl.FollowerState (FollowerState.java:run(117)) - 904f39be-c3d3-4df4-99c0-2e4526e577e3@group-146C50BE7901-FollowerState was interrupted: java.lang.InterruptedException: sleep interrupted
2019-10-16 21:11:50,316 [grpc-default-executor-0] INFO  impl.RoleInfo (RoleInfo.java:updateAndGet(143)) - 904f39be-c3d3-4df4-99c0-2e4526e577e3: start FollowerState
2019-10-16 21:11:50,316 [grpc-default-executor-1] INFO  impl.RoleInfo (RoleInfo.java:shutdownFollowerState(121)) - 65da0c80-3604-4ac2-9a39-ee88d748a153: shutdown FollowerState
2019-10-16 21:11:50,317 [grpc-default-executor-1] INFO  impl.RoleInfo (RoleInfo.java:updateAndGet(143)) - 65da0c80-3604-4ac2-9a39-ee88d748a153: start FollowerState
2019-10-16 21:11:50,317 [Thread-1083] INFO  impl.FollowerState (FollowerState.java:run(117)) - 65da0c80-3604-4ac2-9a39-ee88d748a153@group-146C50BE7901-FollowerState was interrupted: java.lang.InterruptedException: sleep interrupted
2019-10-16 21:11:50,331 [52743044-8979-4a08-8013-92a14c548982@group-146C50BE7901-LeaderElection124] INFO  impl.LeaderElection (LeaderElection.java:logAndReturn(56)) - 52743044-8979-4a08-8013-92a14c548982@group-146C50BE7901-LeaderElection124: Election REJECTED; received 2 response(s) [52743044-8979-4a08-8013-92a14c548982<-904f39be-c3d3-4df4-99c0-2e4526e577e3#0:FAIL-t145, 52743044-8979-4a08-8013-92a14c548982<-65da0c80-3604-4ac2-9a39-ee88d748a153#0:FAIL-t145] and 0 exception(s); 52743044-8979-4a08-8013-92a14c548982@group-146C50BE7901:t145, leader=null, voted=52743044-8979-4a08-8013-92a14c548982, raftlog=52743044-8979-4a08-8013-92a14c548982@group-146C50BE7901-SegmentedRaftLog:OPENED:c-1,f-1,i0, conf=-1: [904f39be-c3d3-4df4-99c0-2e4526e577e3:192.168.157.254:45339, 52743044-8979-4a08-8013-92a14c548982:192.168.157.254:36428, 65da0c80-3604-4ac2-9a39-ee88d748a153:192.168.157.254:37466], old=null
2019-10-16 21:11:50,331 [52743044-8979-4a08-8013-92a14c548982@group-146C50BE7901-LeaderElection124] INFO  impl.RaftServerImpl (RaftServerImpl.java:setRole(184)) - 52743044-8979-4a08-8013-92a14c548982@group-146C50BE7901: changes role from CANDIDATE to FOLLOWER at term 145 for DISCOVERED_A_NEW_TERM
2019-10-16 21:11:50,331 [52743044-8979-4a08-8013-92a14c548982@group-146C50BE7901-LeaderElection124] INFO  impl.RoleInfo (RoleInfo.java:shutdownLeaderElection(134)) - 52743044-8979-4a08-8013-92a14c548982: shutdown LeaderElection
2019-10-16 21:11:50,332 [52743044-8979-4a08-8013-92a14c548982@group-146C50BE7901-LeaderElection124] INFO  impl.RoleInfo (RoleInfo.java:updateAndGet(143)) - 52743044-8979-4a08-8013-92a14c548982: start FollowerState
2019-10-16 21:11:50,479 [Thread-1090] INFO  impl.FollowerState (FollowerState.java:run(108)) - 52743044-8979-4a08-8013-92a14c548982@group-146C50BE7901-FollowerState: change to CANDIDATE, lastRpcTime:147ms, electionTimeout:147ms
2019-10-16 21:11:50,479 [Thread-1090] INFO  impl.RoleInfo (RoleInfo.java:shutdownFollowerState(121)) - 52743044-8979-4a08-8013-92a14c548982: shutdown FollowerState
2019-10-16 21:11:50,479 [Thread-1090] INFO  impl.RaftServerImpl (RaftServerImpl.java:setRole(184)) - 52743044-8979-4a08-8013-92a14c548982@group-146C50BE7901: changes role from  FOLLOWER to CANDIDATE at term 145 for changeToCandidate
2019-10-16 21:11:50,480 [Thread-1090] INFO  impl.RoleInfo (RoleInfo.java:updateAndGet(143)) - 52743044-8979-4a08-8013-92a14c548982: start LeaderElection
2019-10-16 21:11:50,494 [52743044-8979-4a08-8013-92a14c548982@group-146C50BE7901-LeaderElection125] INFO  impl.LeaderElection (LeaderElection.java:askForVotes(178)) - 52743044-8979-4a08-8013-92a14c548982@group-146C50BE7901-LeaderElection125: begin an election at term 146 for -1: [904f39be-c3d3-4df4-99c0-2e4526e577e3:192.168.157.254:45339, 52743044-8979-4a08-8013-92a14c548982:192.168.157.254:36428, 65da0c80-3604-4ac2-9a39-ee88d748a153:192.168.157.254:37466], old=null
2019-10-16 21:11:50,496 [grpc-default-executor-1] INFO  impl.RaftServerImpl (RaftServerImpl.java:setRole(184)) - 904f39be-c3d3-4df4-99c0-2e4526e577e3@group-146C50BE7901: changes role from  FOLLOWER to FOLLOWER at term 146 for recognizeCandidate:52743044-8979-4a08-8013-92a14c548982
2019-10-16 21:11:50,496 [grpc-default-executor-1] INFO  impl.RoleInfo (RoleInfo.java:shutdownFollowerState(121)) - 904f39be-c3d3-4df4-99c0-2e4526e577e3: shutdown FollowerState
2019-10-16 21:11:50,496 [grpc-default-executor-0] INFO  impl.RaftServerImpl (RaftServerImpl.java:setRole(184)) - 65da0c80-3604-4ac2-9a39-ee88d748a153@group-146C50BE7901: changes role from  FOLLOWER to FOLLOWER at term 146 for recognizeCandidate:52743044-8979-4a08-8013-92a14c548982
2019-10-16 21:11:50,496 [grpc-default-executor-0] INFO  impl.RoleInfo (RoleInfo.java:shutdownFollowerState(121)) - 65da0c80-3604-4ac2-9a39-ee88d748a153: shutdown FollowerState
2019-10-16 21:11:50,496 [Thread-1088] INFO  impl.FollowerState (FollowerState.java:run(117)) - 904f39be-c3d3-4df4-99c0-2e4526e577e3@group-146C50BE7901-FollowerState was interrupted: java.lang.InterruptedException: sleep interrupted
2019-10-16 21:11:50,496 [grpc-default-executor-1] INFO  impl.RoleInfo (RoleInfo.java:updateAndGet(143)) - 904f39be-c3d3-4df4-99c0-2e4526e577e3: start FollowerState
2019-10-16 21:11:50,497 [Thread-1089] INFO  impl.FollowerState (FollowerState.java:run(117)) - 65da0c80-3604-4ac2-9a39-ee88d748a153@group-146C50BE7901-FollowerState was interrupted: java.lang.InterruptedException: sleep interrupted
2019-10-16 21:11:50,496 [grpc-default-executor-0] INFO  impl.RoleInfo (RoleInfo.java:updateAndGet(143)) - 65da0c80-3604-4ac2-9a39-ee88d748a153: start FollowerState
2019-10-16 21:11:50,512 [52743044-8979-4a08-8013-92a14c548982@group-146C50BE7901-LeaderElection125] INFO  impl.LeaderElection (LeaderElection.java:logAndReturn(56)) - 52743044-8979-4a08-8013-92a14c548982@group-146C50BE7901-LeaderElection125: Election REJECTED; received 2 response(s) [52743044-8979-4a08-8013-92a14c548982<-904f39be-c3d3-4df4-99c0-2e4526e577e3#0:FAIL-t146, 52743044-8979-4a08-8013-92a14c548982<-65da0c80-3604-4ac2-9a39-ee88d748a153#0:FAIL-t146] and 0 exception(s); 52743044-8979-4a08-8013-92a14c548982@group-146C50BE7901:t146, leader=null, voted=52743044-8979-4a08-8013-92a14c548982, raftlog=52743044-8979-4a08-8013-92a14c548982@group-146C50BE7901-SegmentedRaftLog:OPENED:c-1,f-1,i0, conf=-1: [904f39be-c3d3-4df4-99c0-2e4526e577e3:192.168.157.254:45339, 52743044-8979-4a08-8013-92a14c548982:192.168.157.254:36428, 65da0c80-3604-4ac2-9a39-ee88d748a153:192.168.157.254:37466], old=null
2019-10-16 21:11:50,512 [52743044-8979-4a08-8013-92a14c548982@group-146C50BE7901-LeaderElection125] INFO  impl.RaftServerImpl (RaftServerImpl.java:setRole(184)) - 52743044-8979-4a08-8013-92a14c548982@group-146C50BE7901: changes role from CANDIDATE to FOLLOWER at term 146 for DISCOVERED_A_NEW_TERM
2019-10-16 21:11:50,512 [52743044-8979-4a08-8013-92a14c548982@group-146C50BE7901-LeaderElection125] INFO  impl.RoleInfo (RoleInfo.java:shutdownLeaderElection(134)) - 52743044-8979-4a08-8013-92a14c548982: shutdown LeaderElection
2019-10-16 21:11:50,512 [52743044-8979-4a08-8013-92a14c548982@group-146C50BE7901-LeaderElection125] INFO  impl.RoleInfo (RoleInfo.java:updateAndGet(143)) - 52743044-8979-4a08-8013-92a14c548982: start FollowerState
2019-10-16 21:11:50,616 [Thread-1096] INFO  impl.FollowerState (FollowerState.java:run(108)) - 52743044-8979-4a08-8013-92a14c548982@group-146C50BE7901-FollowerState: change to CANDIDATE, lastRpcTime:103ms, electionTimeout:103ms
2019-10-16 21:11:50,616 [Thread-1096] INFO  impl.RoleInfo (RoleInfo.java:shutdownFollowerState(121)) - 52743044-8979-4a08-8013-92a14c548982: shutdown FollowerState
2019-10-16 21:11:50,616 [Thread-1096] INFO  impl.RaftServerImpl (RaftServerImpl.java:setRole(184)) - 52743044-8979-4a08-8013-92a14c548982@group-146C50BE7901: changes role from  FOLLOWER to CANDIDATE at term 146 for changeToCandidate
2019-10-16 21:11:50,616 [Thread-1096] INFO  impl.RoleInfo (RoleInfo.java:updateAndGet(143)) - 52743044-8979-4a08-8013-92a14c548982: start LeaderElection
2019-10-16 21:11:50,664 [52743044-8979-4a08-8013-92a14c548982@group-146C50BE7901-LeaderElection126] INFO  impl.LeaderElection (LeaderElection.java:askForVotes(178)) - 52743044-8979-4a08-8013-92a14c548982@group-146C50BE7901-LeaderElection126: begin an election at term 147 for -1: [904f39be-c3d3-4df4-99c0-2e4526e577e3:192.168.157.254:45339, 52743044-8979-4a08-8013-92a14c548982:192.168.157.254:36428, 65da0c80-3604-4ac2-9a39-ee88d748a153:192.168.157.254:37466], old=null
2019-10-16 21:11:50,667 [grpc-default-executor-1] INFO  impl.RaftServerImpl (RaftServerImpl.java:setRole(184)) - 904f39be-c3d3-4df4-99c0-2e4526e577e3@group-146C50BE7901: changes role from  FOLLOWER to FOLLOWER at term 147 for recognizeCandidate:52743044-8979-4a08-8013-92a14c548982
2019-10-16 21:11:50,667 [grpc-default-executor-1] INFO  impl.RoleInfo (RoleInfo.java:shutdownFollowerState(121)) - 904f39be-c3d3-4df4-99c0-2e4526e577e3: shutdown FollowerState
2019-10-16 21:11:50,667 [grpc-default-executor-1] INFO  impl.RoleInfo (RoleInfo.java:updateAndGet(143)) - 904f39be-c3d3-4df4-99c0-2e4526e577e3: start FollowerState
2019-10-16 21:11:50,667 [grpc-default-executor-0] INFO  impl.RaftServerImpl (RaftServerImpl.java:setRole(184)) - 65da0c80-3604-4ac2-9a39-ee88d748a153@group-146C50BE7901: changes role from  FOLLOWER to FOLLOWER at term 147 for recognizeCandidate:52743044-8979-4a08-8013-92a14c548982
2019-10-16 21:11:50,667 [Thread-1094] INFO  impl.FollowerState (FollowerState.java:run(117)) - 904f39be-c3d3-4df4-99c0-2e4526e577e3@group-146C50BE7901-FollowerState was interrupted: java.lang.InterruptedException: sleep interrupted
2019-10-16 21:11:50,667 [grpc-default-executor-0] INFO  impl.RoleInfo (RoleInfo.java:shutdownFollowerState(121)) - 65da0c80-3604-4ac2-9a39-ee88d748a153: shutdown FollowerState
2019-10-16 21:11:50,668 [grpc-default-executor-0] INFO  impl.RoleInfo (RoleInfo.java:updateAndGet(143)) - 65da0c80-3604-4ac2-9a39-ee88d748a153: start FollowerState
2019-10-16 21:11:50,668 [Thread-1095] INFO  impl.FollowerState (FollowerState.java:run(117)) - 65da0c80-3604-4ac2-9a39-ee88d748a153@group-146C50BE7901-FollowerState was interrupted: java.lang.InterruptedException: sleep interrupted
2019-10-16 21:11:50,677 [52743044-8979-4a08-8013-92a14c548982@group-146C50BE7901-LeaderElection126] INFO  impl.LeaderElection (LeaderElection.java:logAndReturn(56)) - 52743044-8979-4a08-8013-92a14c548982@group-146C50BE7901-LeaderElection126: Election REJECTED; received 2 response(s) [52743044-8979-4a08-8013-92a14c548982<-904f39be-c3d3-4df4-99c0-2e4526e577e3#0:FAIL-t147, 52743044-8979-4a08-8013-92a14c548982<-65da0c80-3604-4ac2-9a39-ee88d748a153#0:FAIL-t147] and 0 exception(s); 52743044-8979-4a08-8013-92a14c548982@group-146C50BE7901:t147, leader=null, voted=52743044-8979-4a08-8013-92a14c548982, raftlog=52743044-8979-4a08-8013-92a14c548982@group-146C50BE7901-SegmentedRaftLog:OPENED:c-1,f-1,i0, conf=-1: [904f39be-c3d3-4df4-99c0-2e4526e577e3:192.168.157.254:45339, 52743044-8979-4a08-8013-92a14c548982:192.168.157.254:36428, 65da0c80-3604-4ac2-9a39-ee88d748a153:192.168.157.254:37466], old=null
2019-10-16 21:11:50,677 [52743044-8979-4a08-8013-92a14c548982@group-146C50BE7901-LeaderElection126] INFO  impl.RaftServerImpl (RaftServerImpl.java:setRole(184)) - 52743044-8979-4a08-8013-92a14c548982@group-146C50BE7901: changes role from CANDIDATE to FOLLOWER at term 147 for DISCOVERED_A_NEW_TERM
2019-10-16 21:11:50,677 [52743044-8979-4a08-8013-92a14c548982@group-146C50BE7901-LeaderElection126] INFO  impl.RoleInfo (RoleInfo.java:shutdownLeaderElection(134)) - 52743044-8979-4a08-8013-92a14c548982: shutdown LeaderElection
2019-10-16 21:11:50,677 [52743044-8979-4a08-8013-92a14c548982@group-146C50BE7901-LeaderElection126] INFO  impl.RoleInfo (RoleInfo.java:updateAndGet(143)) - 52743044-8979-4a08-8013-92a14c548982: start FollowerState
2019-10-16 21:11:50,750 [Thread-1102] INFO  impl.FollowerState (FollowerState.java:run(108)) - 52743044-8979-4a08-8013-92a14c548982@group-146C50BE7901-FollowerState: change to CANDIDATE, lastRpcTime:72ms, electionTimeout:72ms
2019-10-16 21:11:50,750 [Thread-1102] INFO  impl.RoleInfo (RoleInfo.java:shutdownFollowerState(121)) - 52743044-8979-4a08-8013-92a14c548982: shutdown FollowerState
2019-10-16 21:11:50,750 [Thread-1102] INFO  impl.RaftServerImpl (RaftServerImpl.java:setRole(184)) - 52743044-8979-4a08-8013-92a14c548982@group-146C50BE7901: changes role from  FOLLOWER to CANDIDATE at term 147 for changeToCandidate
2019-10-16 21:11:50,750 [Thread-1102] INFO  impl.RoleInfo (RoleInfo.java:updateAndGet(143)) - 52743044-8979-4a08-8013-92a14c548982: start LeaderElection
2019-10-16 21:11:50,757 [52743044-8979-4a08-8013-92a14c548982@group-146C50BE7901-LeaderElection127] INFO  impl.LeaderElection (LeaderElection.java:askForVotes(178)) - 52743044-8979-4a08-8013-92a14c548982@group-146C50BE7901-LeaderElection127: begin an election at term 148 for -1: [904f39be-c3d3-4df4-99c0-2e4526e577e3:192.168.157.254:45339, 52743044-8979-4a08-8013-92a14c548982:192.168.157.254:36428, 65da0c80-3604-4ac2-9a39-ee88d748a153:192.168.157.254:37466], old=null
2019-10-16 21:11:50,759 [grpc-default-executor-1] INFO  impl.RaftServerImpl (RaftServerImpl.java:setRole(184)) - 904f39be-c3d3-4df4-99c0-2e4526e577e3@group-146C50BE7901: changes role from  FOLLOWER to FOLLOWER at term 148 for recognizeCandidate:52743044-8979-4a08-8013-92a14c548982
2019-10-16 21:11:50,759 [grpc-default-executor-1] INFO  impl.RoleInfo (RoleInfo.java:shutdownFollowerState(121)) - 904f39be-c3d3-4df4-99c0-2e4526e577e3: shutdown FollowerState
2019-10-16 21:11:50,760 [grpc-default-executor-1] INFO  impl.RoleInfo (RoleInfo.java:updateAndGet(143)) - 904f39be-c3d3-4df4-99c0-2e4526e577e3: start FollowerState
2019-10-16 21:11:50,760 [grpc-default-executor-0] INFO  impl.RaftServerImpl (RaftServerImpl.java:setRole(184)) - 65da0c80-3604-4ac2-9a39-ee88d748a153@group-146C50BE7901: changes role from  FOLLOWER to FOLLOWER at term 148 for recognizeCandidate:52743044-8979-4a08-8013-92a14c548982
2019-10-16 21:11:50,760 [Thread-1100] INFO  impl.FollowerState (FollowerState.java:run(117)) - 904f39be-c3d3-4df4-99c0-2e4526e577e3@group-146C50BE7901-FollowerState was interrupted: java.lang.InterruptedException: sleep interrupted
2019-10-16 21:11:50,760 [grpc-default-executor-0] INFO  impl.RoleInfo (RoleInfo.java:shutdownFollowerState(121)) - 65da0c80-3604-4ac2-9a39-ee88d748a153: shutdown FollowerState
2019-10-16 21:11:50,760 [grpc-default-executor-0] INFO  impl.RoleInfo (RoleInfo.java:updateAndGet(143)) - 65da0c80-3604-4ac2-9a39-ee88d748a153: start FollowerState
2019-10-16 21:11:50,760 [Thread-1101] INFO  impl.FollowerState (FollowerState.java:run(117)) - 65da0c80-3604-4ac2-9a39-ee88d748a153@group-146C50BE7901-FollowerState was interrupted: java.lang.InterruptedException: sleep interrupted
2019-10-16 21:11:50,767 [52743044-8979-4a08-8013-92a14c548982@group-146C50BE7901-LeaderElection127] INFO  impl.LeaderElection (LeaderElection.java:logAndReturn(56)) - 52743044-8979-4a08-8013-92a14c548982@group-146C50BE7901-LeaderElection127: Election REJECTED; received 2 response(s) [52743044-8979-4a08-8013-92a14c548982<-904f39be-c3d3-4df4-99c0-2e4526e577e3#0:FAIL-t148, 52743044-8979-4a08-8013-92a14c548982<-65da0c80-3604-4ac2-9a39-ee88d748a153#0:FAIL-t148] and 0 exception(s); 52743044-8979-4a08-8013-92a14c548982@group-146C50BE7901:t148, leader=null, voted=52743044-8979-4a08-8013-92a14c548982, raftlog=52743044-8979-4a08-8013-92a14c548982@group-146C50BE7901-SegmentedRaftLog:OPENED:c-1,f-1,i0, conf=-1: [904f39be-c3d3-4df4-99c0-2e4526e577e3:192.168.157.254:45339, 52743044-8979-4a08-8013-92a14c548982:192.168.157.254:36428, 65da0c80-3604-4ac2-9a39-ee88d748a153:192.168.157.254:37466], old=null
2019-10-16 21:11:50,768 [52743044-8979-4a08-8013-92a14c548982@group-146C50BE7901-LeaderElection127] INFO  impl.RaftServerImpl (RaftServerImpl.java:setRole(184)) - 52743044-8979-4a08-8013-92a14c548982@group-146C50BE7901: changes role from CANDIDATE to FOLLOWER at term 148 for DISCOVERED_A_NEW_TERM
2019-10-16 21:11:50,768 [52743044-8979-4a08-8013-92a14c548982@group-146C50BE7901-LeaderElection127] INFO  impl.RoleInfo (RoleInfo.java:shutdownLeaderElection(134)) - 52743044-8979-4a08-8013-92a14c548982: shutdown LeaderElection
2019-10-16 21:11:50,768 [52743044-8979-4a08-8013-92a14c548982@group-146C50BE7901-LeaderElection127] INFO  impl.RoleInfo (RoleInfo.java:updateAndGet(143)) - 52743044-8979-4a08-8013-92a14c548982: start FollowerState
2019-10-16 21:11:50,887 [Thread-1108] INFO  impl.FollowerState (FollowerState.java:run(108)) - 52743044-8979-4a08-8013-92a14c548982@group-146C50BE7901-FollowerState: change to CANDIDATE, lastRpcTime:119ms, electionTimeout:119ms
2019-10-16 21:11:50,887 [Thread-1108] INFO  impl.RoleInfo (RoleInfo.java:shutdownFollowerState(121)) - 52743044-8979-4a08-8013-92a14c548982: shutdown FollowerState
2019-10-16 21:11:50,888 [Thread-1108] INFO  impl.RaftServerImpl (RaftServerImpl.java:setRole(184)) - 52743044-8979-4a08-8013-92a14c548982@group-146C50BE7901: changes role from  FOLLOWER to CANDIDATE at term 148 for changeToCandidate
2019-10-16 21:11:50,888 [Thread-1108] INFO  impl.RoleInfo (RoleInfo.java:updateAndGet(143)) - 52743044-8979-4a08-8013-92a14c548982: start LeaderElection
2019-10-16 21:11:50,902 [52743044-8979-4a08-8013-92a14c548982@group-146C50BE7901-LeaderElection128] INFO  impl.LeaderElection (LeaderElection.java:askForVotes(178)) - 52743044-8979-4a08-8013-92a14c548982@group-146C50BE7901-LeaderElection128: begin an election at term 149 for -1: [904f39be-c3d3-4df4-99c0-2e4526e577e3:192.168.157.254:45339, 52743044-8979-4a08-8013-92a14c548982:192.168.157.254:36428, 65da0c80-3604-4ac2-9a39-ee88d748a153:192.168.157.254:37466], old=null
2019-10-16 21:11:50,904 [grpc-default-executor-1] INFO  impl.RaftServerImpl (RaftServerImpl.java:setRole(184)) - 904f39be-c3d3-4df4-99c0-2e4526e577e3@group-146C50BE7901: changes role from  FOLLOWER to FOLLOWER at term 149 for recognizeCandidate:52743044-8979-4a08-8013-92a14c548982
2019-10-16 21:11:50,905 [grpc-default-executor-1] INFO  impl.RoleInfo (RoleInfo.java:shutdownFollowerState(121)) - 904f39be-c3d3-4df4-99c0-2e4526e577e3: shutdown FollowerState
2019-10-16 21:11:50,905 [grpc-default-executor-1] INFO  impl.RoleInfo (RoleInfo.java:updateAndGet(143)) - 904f39be-c3d3-4df4-99c0-2e4526e577e3: start FollowerState
2019-10-16 21:11:50,905 [Thread-1106] INFO  impl.FollowerState (FollowerState.java:run(117)) - 904f39be-c3d3-4df4-99c0-2e4526e577e3@group-146C50BE7901-FollowerState was interrupted: java.lang.InterruptedException: sleep interrupted
2019-10-16 21:11:50,905 [grpc-default-executor-0] INFO  impl.RaftServerImpl (RaftServerImpl.java:setRole(184)) - 65da0c80-3604-4ac2-9a39-ee88d748a153@group-146C50BE7901: changes role from  FOLLOWER to FOLLOWER at term 149 for recognizeCandidate:52743044-8979-4a08-8013-92a14c548982
2019-10-16 21:11:50,905 [grpc-default-executor-0] INFO  impl.RoleInfo (RoleInfo.java:shutdownFollowerState(121)) - 65da0c80-3604-4ac2-9a39-ee88d748a153: shutdown FollowerState
2019-10-16 21:11:50,906 [grpc-default-executor-0] INFO  impl.RoleInfo (RoleInfo.java:updateAndGet(143)) - 65da0c80-3604-4ac2-9a39-ee88d748a153: start FollowerState
2019-10-16 21:11:50,906 [Thread-1107] INFO  impl.FollowerState (FollowerState.java:run(117)) - 65da0c80-3604-4ac2-9a39-ee88d748a153@group-146C50BE7901-FollowerState was interrupted: java.lang.InterruptedException: sleep interrupted
2019-10-16 21:11:50,920 [52743044-8979-4a08-8013-92a14c548982@group-146C50BE7901-LeaderElection128] INFO  impl.LeaderElection (LeaderElection.java:logAndReturn(56)) - 52743044-8979-4a08-8013-92a14c548982@group-146C50BE7901-LeaderElection128: Election REJECTED; received 2 response(s) [52743044-8979-4a08-8013-92a14c548982<-904f39be-c3d3-4df4-99c0-2e4526e577e3#0:FAIL-t149, 52743044-8979-4a08-8013-92a14c548982<-65da0c80-3604-4ac2-9a39-ee88d748a153#0:FAIL-t149] and 0 exception(s); 52743044-8979-4a08-8013-92a14c548982@group-146C50BE7901:t149, leader=null, voted=52743044-8979-4a08-8013-92a14c548982, raftlog=52743044-8979-4a08-8013-92a14c548982@group-146C50BE7901-SegmentedRaftLog:OPENED:c-1,f-1,i0, conf=-1: [904f39be-c3d3-4df4-99c0-2e4526e577e3:192.168.157.254:45339, 52743044-8979-4a08-8013-92a14c548982:192.168.157.254:36428, 65da0c80-3604-4ac2-9a39-ee88d748a153:192.168.157.254:37466], old=null
2019-10-16 21:11:50,920 [52743044-8979-4a08-8013-92a14c548982@group-146C50BE7901-LeaderElection128] INFO  impl.RaftServerImpl (RaftServerImpl.java:setRole(184)) - 52743044-8979-4a08-8013-92a14c548982@group-146C50BE7901: changes role from CANDIDATE to FOLLOWER at term 149 for DISCOVERED_A_NEW_TERM
2019-10-16 21:11:50,920 [52743044-8979-4a08-8013-92a14c548982@group-146C50BE7901-LeaderElection128] INFO  impl.RoleInfo (RoleInfo.java:shutdownLeaderElection(134)) - 52743044-8979-4a08-8013-92a14c548982: shutdown LeaderElection
2019-10-16 21:11:50,921 [52743044-8979-4a08-8013-92a14c548982@group-146C50BE7901-LeaderElection128] INFO  impl.RoleInfo (RoleInfo.java:updateAndGet(143)) - 52743044-8979-4a08-8013-92a14c548982: start FollowerState
2019-10-16 21:11:50,945 [Thread-1114] INFO  impl.FollowerState (FollowerState.java:run(108)) - 52743044-8979-4a08-8013-92a14c548982@group-146C50BE7901-FollowerState: change to CANDIDATE, lastRpcTime:24ms, electionTimeout:24ms
2019-10-16 21:11:50,945 [Thread-1114] INFO  impl.RoleInfo (RoleInfo.java:shutdownFollowerState(121)) - 52743044-8979-4a08-8013-92a14c548982: shutdown FollowerState
2019-10-16 21:11:50,945 [Thread-1114] INFO  impl.RaftServerImpl (RaftServerImpl.java:setRole(184)) - 52743044-8979-4a08-8013-92a14c548982@group-146C50BE7901: changes role from  FOLLOWER to CANDIDATE at term 149 for changeToCandidate
2019-10-16 21:11:50,945 [Thread-1114] INFO  impl.RoleInfo (RoleInfo.java:updateAndGet(143)) - 52743044-8979-4a08-8013-92a14c548982: start LeaderElection
2019-10-16 21:11:50,959 [52743044-8979-4a08-8013-92a14c548982@group-146C50BE7901-LeaderElection129] INFO  impl.LeaderElection (LeaderElection.java:askForVotes(178)) - 52743044-8979-4a08-8013-92a14c548982@group-146C50BE7901-LeaderElection129: begin an election at term 150 for -1: [904f39be-c3d3-4df4-99c0-2e4526e577e3:192.168.157.254:45339, 52743044-8979-4a08-8013-92a14c548982:192.168.157.254:36428, 65da0c80-3604-4ac2-9a39-ee88d748a153:192.168.157.254:37466], old=null
2019-10-16 21:11:50,959 [52743044-8979-4a08-8013-92a14c548982@group-146C50BE7901-LeaderElection129] INFO  impl.LeaderElection (LeaderElection.java:logAndReturn(56)) - 52743044-8979-4a08-8013-92a14c548982@group-146C50BE7901-LeaderElection129: Election TIMEOUT; received 0 response(s) [] and 0 exception(s); 52743044-8979-4a08-8013-92a14c548982@group-146C50BE7901:t150, leader=null, voted=52743044-8979-4a08-8013-92a14c548982, raftlog=52743044-8979-4a08-8013-92a14c548982@group-146C50BE7901-SegmentedRaftLog:OPENED:c-1,f-1,i0, conf=-1: [904f39be-c3d3-4df4-99c0-2e4526e577e3:192.168.157.254:45339, 52743044-8979-4a08-8013-92a14c548982:192.168.157.254:36428, 65da0c80-3604-4ac2-9a39-ee88d748a153:192.168.157.254:37466], old=null
2019-10-16 21:11:50,961 [grpc-default-executor-0] INFO  impl.RaftServerImpl (RaftServerImpl.java:setRole(184)) - 904f39be-c3d3-4df4-99c0-2e4526e577e3@group-146C50BE7901: changes role from  FOLLOWER to FOLLOWER at term 150 for recognizeCandidate:52743044-8979-4a08-8013-92a14c548982
2019-10-16 21:11:50,961 [grpc-default-executor-0] INFO  impl.RoleInfo (RoleInfo.java:shutdownFollowerState(121)) - 904f39be-c3d3-4df4-99c0-2e4526e577e3: shutdown FollowerState
2019-10-16 21:11:50,961 [grpc-default-executor-1] INFO  impl.RaftServerImpl (RaftServerImpl.java:setRole(184)) - 65da0c80-3604-4ac2-9a39-ee88d748a153@group-146C50BE7901: changes role from  FOLLOWER to FOLLOWER at term 150 for recognizeCandidate:52743044-8979-4a08-8013-92a14c548982
2019-10-16 21:11:50,961 [Thread-1112] INFO  impl.FollowerState (FollowerState.java:run(117)) - 904f39be-c3d3-4df4-99c0-2e4526e577e3@group-146C50BE7901-FollowerState was interrupted: java.lang.InterruptedException: sleep interrupted
2019-10-16 21:11:50,961 [grpc-default-executor-0] INFO  impl.RoleInfo (RoleInfo.java:updateAndGet(143)) - 904f39be-c3d3-4df4-99c0-2e4526e577e3: start FollowerState
2019-10-16 21:11:50,961 [grpc-default-executor-1] INFO  impl.RoleInfo (RoleInfo.java:shutdownFollowerState(121)) - 65da0c80-3604-4ac2-9a39-ee88d748a153: shutdown FollowerState
2019-10-16 21:11:50,962 [grpc-default-executor-1] INFO  impl.RoleInfo (RoleInfo.java:updateAndGet(143)) - 65da0c80-3604-4ac2-9a39-ee88d748a153: start FollowerState
2019-10-16 21:11:50,962 [Thread-1113] INFO  impl.FollowerState (FollowerState.java:run(117)) - 65da0c80-3604-4ac2-9a39-ee88d748a153@group-146C50BE7901-FollowerState was interrupted: java.lang.InterruptedException: sleep interrupted
2019-10-16 21:11:50,973 [52743044-8979-4a08-8013-92a14c548982@group-146C50BE7901-LeaderElection129] INFO  impl.LeaderElection (LeaderElection.java:askForVotes(178)) - 52743044-8979-4a08-8013-92a14c548982@group-146C50BE7901-LeaderElection129: begin an election at term 151 for -1: [904f39be-c3d3-4df4-99c0-2e4526e577e3:192.168.157.254:45339, 52743044-8979-4a08-8013-92a14c548982:192.168.157.254:36428, 65da0c80-3604-4ac2-9a39-ee88d748a153:192.168.157.254:37466], old=null
2019-10-16 21:11:50,975 [grpc-default-executor-1] INFO  impl.RaftServerImpl (RaftServerImpl.java:setRole(184)) - 904f39be-c3d3-4df4-99c0-2e4526e577e3@group-146C50BE7901: changes role from  FOLLOWER to FOLLOWER at term 151 for recognizeCandidate:52743044-8979-4a08-8013-92a14c548982
2019-10-16 21:11:50,975 [grpc-default-executor-1] INFO  impl.RoleInfo (RoleInfo.java:shutdownFollowerState(121)) - 904f39be-c3d3-4df4-99c0-2e4526e577e3: shutdown FollowerState
2019-10-16 21:11:50,975 [grpc-default-executor-0] INFO  impl.RaftServerImpl (RaftServerImpl.java:setRole(184)) - 65da0c80-3604-4ac2-9a39-ee88d748a153@group-146C50BE7901: changes role from  FOLLOWER to FOLLOWER at term 151 for recognizeCandidate:52743044-8979-4a08-8013-92a14c548982
2019-10-16 21:11:50,976 [grpc-default-executor-0] INFO  impl.RoleInfo (RoleInfo.java:shutdownFollowerState(121)) - 65da0c80-3604-4ac2-9a39-ee88d748a153: shutdown FollowerState
2019-10-16 21:11:50,976 [grpc-default-executor-1] INFO  impl.RoleInfo (RoleInfo.java:updateAndGet(143)) - 904f39be-c3d3-4df4-99c0-2e4526e577e3: start FollowerState
2019-10-16 21:11:50,976 [Thread-1119] INFO  impl.FollowerState (FollowerState.java:run(117)) - 65da0c80-3604-4ac2-9a39-ee88d748a153@group-146C50BE7901-FollowerState was interrupted: java.lang.InterruptedException: sleep interrupted
2019-10-16 21:11:50,976 [grpc-default-executor-0] INFO  impl.RoleInfo (RoleInfo.java:updateAndGet(143)) - 65da0c80-3604-4ac2-9a39-ee88d748a153: start FollowerState
2019-10-16 21:11:50,976 [Thread-1118] INFO  impl.FollowerState (FollowerState.java:run(117)) - 904f39be-c3d3-4df4-99c0-2e4526e577e3@group-146C50BE7901-FollowerState was interrupted: java.lang.InterruptedException: sleep interrupted
2019-10-16 21:11:50,990 [52743044-8979-4a08-8013-92a14c548982@group-146C50BE7901-LeaderElection129] INFO  impl.LeaderElection (LeaderElection.java:logAndReturn(56)) - 52743044-8979-4a08-8013-92a14c548982@group-146C50BE7901-LeaderElection129: Election REJECTED; received 2 response(s) [52743044-8979-4a08-8013-92a14c548982<-904f39be-c3d3-4df4-99c0-2e4526e577e3#0:FAIL-t151, 52743044-8979-4a08-8013-92a14c548982<-65da0c80-3604-4ac2-9a39-ee88d748a153#0:FAIL-t151] and 0 exception(s); 52743044-8979-4a08-8013-92a14c548982@group-146C50BE7901:t151, leader=null, voted=52743044-8979-4a08-8013-92a14c548982, raftlog=52743044-8979-4a08-8013-92a14c548982@group-146C50BE7901-SegmentedRaftLog:OPENED:c-1,f-1,i0, conf=-1: [904f39be-c3d3-4df4-99c0-2e4526e577e3:192.168.157.254:45339, 52743044-8979-4a08-8013-92a14c548982:192.168.157.254:36428, 65da0c80-3604-4ac2-9a39-ee88d748a153:192.168.157.254:37466], old=null
2019-10-16 21:11:50,990 [52743044-8979-4a08-8013-92a14c548982@group-146C50BE7901-LeaderElection129] INFO  impl.RaftServerImpl (RaftServerImpl.java:setRole(184)) - 52743044-8979-4a08-8013-92a14c548982@group-146C50BE7901: changes role from CANDIDATE to FOLLOWER at term 151 for DISCOVERED_A_NEW_TERM
2019-10-16 21:11:50,990 [52743044-8979-4a08-8013-92a14c548982@group-146C50BE7901-LeaderElection129] INFO  impl.RoleInfo (RoleInfo.java:shutdownLeaderElection(134)) - 52743044-8979-4a08-8013-92a14c548982: shutdown LeaderElection
2019-10-16 21:11:50,991 [52743044-8979-4a08-8013-92a14c548982@group-146C50BE7901-LeaderElection129] INFO  impl.RoleInfo (RoleInfo.java:updateAndGet(143)) - 52743044-8979-4a08-8013-92a14c548982: start FollowerState
2019-10-16 21:11:51,012 [Thread-1124] INFO  impl.FollowerState (FollowerState.java:run(108)) - 52743044-8979-4a08-8013-92a14c548982@group-146C50BE7901-FollowerState: change to CANDIDATE, lastRpcTime:21ms, electionTimeout:21ms
2019-10-16 21:11:51,012 [Thread-1124] INFO  impl.RoleInfo (RoleInfo.java:shutdownFollowerState(121)) - 52743044-8979-4a08-8013-92a14c548982: shutdown FollowerState
2019-10-16 21:11:51,012 [Thread-1124] INFO  impl.RaftServerImpl (RaftServerImpl.java:setRole(184)) - 52743044-8979-4a08-8013-92a14c548982@group-146C50BE7901: changes role from  FOLLOWER to CANDIDATE at term 151 for changeToCandidate
2019-10-16 21:11:51,013 [Thread-1124] INFO  impl.RoleInfo (RoleInfo.java:updateAndGet(143)) - 52743044-8979-4a08-8013-92a14c548982: start LeaderElection
2019-10-16 21:11:51,026 [52743044-8979-4a08-8013-92a14c548982@group-146C50BE7901-LeaderElection130] INFO  impl.LeaderElection (LeaderElection.java:askForVotes(178)) - 52743044-8979-4a08-8013-92a14c548982@group-146C50BE7901-LeaderElection130: begin an election at term 152 for -1: [904f39be-c3d3-4df4-99c0-2e4526e577e3:192.168.157.254:45339, 52743044-8979-4a08-8013-92a14c548982:192.168.157.254:36428, 65da0c80-3604-4ac2-9a39-ee88d748a153:192.168.157.254:37466], old=null
2019-10-16 21:11:51,029 [52743044-8979-4a08-8013-92a14c548982@group-146C50BE7901-LeaderElection130] INFO  impl.LeaderElection (LeaderElection.java:logAndReturn(56)) - 52743044-8979-4a08-8013-92a14c548982@group-146C50BE7901-LeaderElection130: Election TIMEOUT; received 0 response(s) [] and 0 exception(s); 52743044-8979-4a08-8013-92a14c548982@group-146C50BE7901:t152, leader=null, voted=52743044-8979-4a08-8013-92a14c548982, raftlog=52743044-8979-4a08-8013-92a14c548982@group-146C50BE7901-SegmentedRaftLog:OPENED:c-1,f-1,i0, conf=-1: [904f39be-c3d3-4df4-99c0-2e4526e577e3:192.168.157.254:45339, 52743044-8979-4a08-8013-92a14c548982:192.168.157.254:36428, 65da0c80-3604-4ac2-9a39-ee88d748a153:192.168.157.254:37466], old=null
2019-10-16 21:11:51,033 [grpc-default-executor-1] INFO  impl.RaftServerImpl (RaftServerImpl.java:setRole(184)) - 904f39be-c3d3-4df4-99c0-2e4526e577e3@group-146C50BE7901: changes role from  FOLLOWER to FOLLOWER at term 152 for recognizeCandidate:52743044-8979-4a08-8013-92a14c548982
2019-10-16 21:11:51,033 [grpc-default-executor-1] INFO  impl.RoleInfo (RoleInfo.java:shutdownFollowerState(121)) - 904f39be-c3d3-4df4-99c0-2e4526e577e3: shutdown FollowerState
2019-10-16 21:11:51,033 [grpc-default-executor-0] INFO  impl.RaftServerImpl (RaftServerImpl.java:setRole(184)) - 65da0c80-3604-4ac2-9a39-ee88d748a153@group-146C50BE7901: changes role from  FOLLOWER to FOLLOWER at term 152 for recognizeCandidate:52743044-8979-4a08-8013-92a14c548982
2019-10-16 21:11:51,033 [grpc-default-executor-0] INFO  impl.RoleInfo (RoleInfo.java:shutdownFollowerState(121)) - 65da0c80-3604-4ac2-9a39-ee88d748a153: shutdown FollowerState
2019-10-16 21:11:51,033 [grpc-default-executor-1] INFO  impl.RoleInfo (RoleInfo.java:updateAndGet(143)) - 904f39be-c3d3-4df4-99c0-2e4526e577e3: start FollowerState
2019-10-16 21:11:51,033 [grpc-default-executor-0] INFO  impl.RoleInfo (RoleInfo.java:updateAndGet(143)) - 65da0c80-3604-4ac2-9a39-ee88d748a153: start FollowerState
2019-10-16 21:11:51,033 [Thread-1122] INFO  impl.FollowerState (FollowerState.java:run(117)) - 904f39be-c3d3-4df4-99c0-2e4526e577e3@group-146C50BE7901-FollowerState was interrupted: java.lang.InterruptedException: sleep interrupted
2019-10-16 21:11:51,033 [Thread-1123] INFO  impl.FollowerState (FollowerState.java:run(117)) - 65da0c80-3604-4ac2-9a39-ee88d748a153@group-146C50BE7901-FollowerState was interrupted: java.lang.InterruptedException: sleep interrupted
2019-10-16 21:11:51,042 [52743044-8979-4a08-8013-92a14c548982@group-146C50BE7901-LeaderElection130] INFO  impl.LeaderElection (LeaderElection.java:askForVotes(178)) - 52743044-8979-4a08-8013-92a14c548982@group-146C50BE7901-LeaderElection130: begin an election at term 153 for -1: [904f39be-c3d3-4df4-99c0-2e4526e577e3:192.168.157.254:45339, 52743044-8979-4a08-8013-92a14c548982:192.168.157.254:36428, 65da0c80-3604-4ac2-9a39-ee88d748a153:192.168.157.254:37466], old=null
2019-10-16 21:11:51,045 [grpc-default-executor-1] INFO  impl.RaftServerImpl (RaftServerImpl.java:setRole(184)) - 65da0c80-3604-4ac2-9a39-ee88d748a153@group-146C50BE7901: changes role from  FOLLOWER to FOLLOWER at term 153 for recognizeCandidate:52743044-8979-4a08-8013-92a14c548982
2019-10-16 21:11:51,045 [grpc-default-executor-0] INFO  impl.RaftServerImpl (RaftServerImpl.java:setRole(184)) - 904f39be-c3d3-4df4-99c0-2e4526e577e3@group-146C50BE7901: changes role from  FOLLOWER to FOLLOWER at term 153 for recognizeCandidate:52743044-8979-4a08-8013-92a14c548982
2019-10-16 21:11:51,045 [grpc-default-executor-1] INFO  impl.RoleInfo (RoleInfo.java:shutdownFollowerState(121)) - 65da0c80-3604-4ac2-9a39-ee88d748a153: shutdown FollowerState
2019-10-16 21:11:51,045 [grpc-default-executor-0] INFO  impl.RoleInfo (RoleInfo.java:shutdownFollowerState(121)) - 904f39be-c3d3-4df4-99c0-2e4526e577e3: shutdown FollowerState
2019-10-16 21:11:51,045 [Thread-1129] INFO  impl.FollowerState (FollowerState.java:run(117)) - 65da0c80-3604-4ac2-9a39-ee88d748a153@group-146C50BE7901-FollowerState was interrupted: java.lang.InterruptedException: sleep interrupted
2019-10-16 21:11:51,045 [grpc-default-executor-1] INFO  impl.RoleInfo (RoleInfo.java:updateAndGet(143)) - 65da0c80-3604-4ac2-9a39-ee88d748a153: start FollowerState
2019-10-16 21:11:51,045 [Thread-1128] INFO  impl.FollowerState (FollowerState.java:run(117)) - 904f39be-c3d3-4df4-99c0-2e4526e577e3@group-146C50BE7901-FollowerState was interrupted: java.lang.InterruptedException: sleep interrupted
2019-10-16 21:11:51,045 [grpc-default-executor-0] INFO  impl.RoleInfo (RoleInfo.java:updateAndGet(143)) - 904f39be-c3d3-4df4-99c0-2e4526e577e3: start FollowerState
2019-10-16 21:11:51,059 [52743044-8979-4a08-8013-92a14c548982@group-146C50BE7901-LeaderElection130] INFO  impl.LeaderElection (LeaderElection.java:logAndReturn(56)) - 52743044-8979-4a08-8013-92a14c548982@group-146C50BE7901-LeaderElection130: Election REJECTED; received 2 response(s) [52743044-8979-4a08-8013-92a14c548982<-904f39be-c3d3-4df4-99c0-2e4526e577e3#0:FAIL-t153, 52743044-8979-4a08-8013-92a14c548982<-65da0c80-3604-4ac2-9a39-ee88d748a153#0:FAIL-t153] and 0 exception(s); 52743044-8979-4a08-8013-92a14c548982@group-146C50BE7901:t153, leader=null, voted=52743044-8979-4a08-8013-92a14c548982, raftlog=52743044-8979-4a08-8013-92a14c548982@group-146C50BE7901-SegmentedRaftLog:OPENED:c-1,f-1,i0, conf=-1: [904f39be-c3d3-4df4-99c0-2e4526e577e3:192.168.157.254:45339, 52743044-8979-4a08-8013-92a14c548982:192.168.157.254:36428, 65da0c80-3604-4ac2-9a39-ee88d748a153:192.168.157.254:37466], old=null
2019-10-16 21:11:51,059 [52743044-8979-4a08-8013-92a14c548982@group-146C50BE7901-LeaderElection130] INFO  impl.RaftServerImpl (RaftServerImpl.java:setRole(184)) - 52743044-8979-4a08-8013-92a14c548982@group-146C50BE7901: changes role from CANDIDATE to FOLLOWER at term 153 for DISCOVERED_A_NEW_TERM
2019-10-16 21:11:51,059 [52743044-8979-4a08-8013-92a14c548982@group-146C50BE7901-LeaderElection130] INFO  impl.RoleInfo (RoleInfo.java:shutdownLeaderElection(134)) - 52743044-8979-4a08-8013-92a14c548982: shutdown LeaderElection
2019-10-16 21:11:51,059 [52743044-8979-4a08-8013-92a14c548982@group-146C50BE7901-LeaderElection130] INFO  impl.RoleInfo (RoleInfo.java:updateAndGet(143)) - 52743044-8979-4a08-8013-92a14c548982: start FollowerState
2019-10-16 21:11:51,166 [Thread-1134] INFO  impl.FollowerState (FollowerState.java:run(108)) - 52743044-8979-4a08-8013-92a14c548982@group-146C50BE7901-FollowerState: change to CANDIDATE, lastRpcTime:106ms, electionTimeout:106ms
2019-10-16 21:11:51,166 [Thread-1134] INFO  impl.RoleInfo (RoleInfo.java:shutdownFollowerState(121)) - 52743044-8979-4a08-8013-92a14c548982: shutdown FollowerState
2019-10-16 21:11:51,166 [Thread-1134] INFO  impl.RaftServerImpl (RaftServerImpl.java:setRole(184)) - 52743044-8979-4a08-8013-92a14c548982@group-146C50BE7901: changes role from  FOLLOWER to CANDIDATE at term 153 for changeToCandidate
2019-10-16 21:11:51,167 [Thread-1134] INFO  impl.RoleInfo (RoleInfo.java:updateAndGet(143)) - 52743044-8979-4a08-8013-92a14c548982: start LeaderElection
2019-10-16 21:11:51,181 [52743044-8979-4a08-8013-92a14c548982@group-146C50BE7901-LeaderElection131] INFO  impl.LeaderElection (LeaderElection.java:askForVotes(178)) - 52743044-8979-4a08-8013-92a14c548982@group-146C50BE7901-LeaderElection131: begin an election at term 154 for -1: [904f39be-c3d3-4df4-99c0-2e4526e577e3:192.168.157.254:45339, 52743044-8979-4a08-8013-92a14c548982:192.168.157.254:36428, 65da0c80-3604-4ac2-9a39-ee88d748a153:192.168.157.254:37466], old=null
2019-10-16 21:11:51,183 [grpc-default-executor-1] INFO  impl.RaftServerImpl (RaftServerImpl.java:setRole(184)) - 904f39be-c3d3-4df4-99c0-2e4526e577e3@group-146C50BE7901: changes role from  FOLLOWER to FOLLOWER at term 154 for recognizeCandidate:52743044-8979-4a08-8013-92a14c548982
2019-10-16 21:11:51,184 [grpc-default-executor-1] INFO  impl.RoleInfo (RoleInfo.java:shutdownFollowerState(121)) - 904f39be-c3d3-4df4-99c0-2e4526e577e3: shutdown FollowerState
2019-10-16 21:11:51,184 [grpc-default-executor-1] INFO  impl.RoleInfo (RoleInfo.java:updateAndGet(143)) - 904f39be-c3d3-4df4-99c0-2e4526e577e3: start FollowerState
2019-10-16 21:11:51,184 [Thread-1133] INFO  impl.FollowerState (FollowerState.java:run(117)) - 904f39be-c3d3-4df4-99c0-2e4526e577e3@group-146C50BE7901-FollowerState was interrupted: java.lang.InterruptedException: sleep interrupted
2019-10-16 21:11:51,184 [grpc-default-executor-0] INFO  impl.RaftServerImpl (RaftServerImpl.java:setRole(184)) - 65da0c80-3604-4ac2-9a39-ee88d748a153@group-146C50BE7901: changes role from  FOLLOWER to FOLLOWER at term 154 for recognizeCandidate:52743044-8979-4a08-8013-92a14c548982
2019-10-16 21:11:51,184 [grpc-default-executor-0] INFO  impl.RoleInfo (RoleInfo.java:shutdownFollowerState(121)) - 65da0c80-3604-4ac2-9a39-ee88d748a153: shutdown FollowerState
2019-10-16 21:11:51,185 [grpc-default-executor-0] INFO  impl.RoleInfo (RoleInfo.java:updateAndGet(143)) - 65da0c80-3604-4ac2-9a39-ee88d748a153: start FollowerState
2019-10-16 21:11:51,185 [Thread-1132] INFO  impl.FollowerState (FollowerState.java:run(117)) - 65da0c80-3604-4ac2-9a39-ee88d748a153@group-146C50BE7901-FollowerState was interrupted: java.lang.InterruptedException: sleep interrupted
2019-10-16 21:11:51,199 [52743044-8979-4a08-8013-92a14c548982@group-146C50BE7901-LeaderElection131] INFO  impl.LeaderElection (LeaderElection.java:logAndReturn(56)) - 52743044-8979-4a08-8013-92a14c548982@group-146C50BE7901-LeaderElection131: Election REJECTED; received 2 response(s) [52743044-8979-4a08-8013-92a14c548982<-904f39be-c3d3-4df4-99c0-2e4526e577e3#0:FAIL-t154, 52743044-8979-4a08-8013-92a14c548982<-65da0c80-3604-4ac2-9a39-ee88d748a153#0:FAIL-t154] and 0 exception(s); 52743044-8979-4a08-8013-92a14c548982@group-146C50BE7901:t154, leader=null, voted=52743044-8979-4a08-8013-92a14c548982, raftlog=52743044-8979-4a08-8013-92a14c548982@group-146C50BE7901-SegmentedRaftLog:OPENED:c-1,f-1,i0, conf=-1: [904f39be-c3d3-4df4-99c0-2e4526e577e3:192.168.157.254:45339, 52743044-8979-4a08-8013-92a14c548982:192.168.157.254:36428, 65da0c80-3604-4ac2-9a39-ee88d748a153:192.168.157.254:37466], old=null
2019-10-16 21:11:51,199 [52743044-8979-4a08-8013-92a14c548982@group-146C50BE7901-LeaderElection131] INFO  impl.RaftServerImpl (RaftServerImpl.java:setRole(184)) - 52743044-8979-4a08-8013-92a14c548982@group-146C50BE7901: changes role from CANDIDATE to FOLLOWER at term 154 for DISCOVERED_A_NEW_TERM
2019-10-16 21:11:51,199 [52743044-8979-4a08-8013-92a14c548982@group-146C50BE7901-LeaderElection131] INFO  impl.RoleInfo (RoleInfo.java:shutdownLeaderElection(134)) - 52743044-8979-4a08-8013-92a14c548982: shutdown LeaderElection
2019-10-16 21:11:51,200 [52743044-8979-4a08-8013-92a14c548982@group-146C50BE7901-LeaderElection131] INFO  impl.RoleInfo (RoleInfo.java:updateAndGet(143)) - 52743044-8979-4a08-8013-92a14c548982: start FollowerState
2019-10-16 21:11:51,205 [main] INFO  ozone.MiniOzoneClusterImpl (MiniOzoneClusterImpl.java:lambda$waitForClusterToBeReady$2(164)) - Waiting for 1 number of pipelines out of 4, to report a leader.
2019-10-16 21:11:51,275 [Thread-1140] INFO  impl.FollowerState (FollowerState.java:run(108)) - 52743044-8979-4a08-8013-92a14c548982@group-146C50BE7901-FollowerState: change to CANDIDATE, lastRpcTime:75ms, electionTimeout:75ms
2019-10-16 21:11:51,275 [Thread-1140] INFO  impl.RoleInfo (RoleInfo.java:shutdownFollowerState(121)) - 52743044-8979-4a08-8013-92a14c548982: shutdown FollowerState
2019-10-16 21:11:51,275 [Thread-1140] INFO  impl.RaftServerImpl (RaftServerImpl.java:setRole(184)) - 52743044-8979-4a08-8013-92a14c548982@group-146C50BE7901: changes role from  FOLLOWER to CANDIDATE at term 154 for changeToCandidate
2019-10-16 21:11:51,276 [Thread-1140] INFO  impl.RoleInfo (RoleInfo.java:updateAndGet(143)) - 52743044-8979-4a08-8013-92a14c548982: start LeaderElection
2019-10-16 21:11:51,289 [52743044-8979-4a08-8013-92a14c548982@group-146C50BE7901-LeaderElection132] INFO  impl.LeaderElection (LeaderElection.java:askForVotes(178)) - 52743044-8979-4a08-8013-92a14c548982@group-146C50BE7901-LeaderElection132: begin an election at term 155 for -1: [904f39be-c3d3-4df4-99c0-2e4526e577e3:192.168.157.254:45339, 52743044-8979-4a08-8013-92a14c548982:192.168.157.254:36428, 65da0c80-3604-4ac2-9a39-ee88d748a153:192.168.157.254:37466], old=null
2019-10-16 21:11:51,291 [grpc-default-executor-0] INFO  impl.RaftServerImpl (RaftServerImpl.java:setRole(184)) - 904f39be-c3d3-4df4-99c0-2e4526e577e3@group-146C50BE7901: changes role from  FOLLOWER to FOLLOWER at term 155 for recognizeCandidate:52743044-8979-4a08-8013-92a14c548982
2019-10-16 21:11:51,292 [grpc-default-executor-0] INFO  impl.RoleInfo (RoleInfo.java:shutdownFollowerState(121)) - 904f39be-c3d3-4df4-99c0-2e4526e577e3: shutdown FollowerState
2019-10-16 21:11:51,292 [grpc-default-executor-0] INFO  impl.RoleInfo (RoleInfo.java:updateAndGet(143)) - 904f39be-c3d3-4df4-99c0-2e4526e577e3: start FollowerState
2019-10-16 21:11:51,292 [Thread-1138] INFO  impl.FollowerState (FollowerState.java:run(117)) - 904f39be-c3d3-4df4-99c0-2e4526e577e3@group-146C50BE7901-FollowerState was interrupted: java.lang.InterruptedException: sleep interrupted
2019-10-16 21:11:51,292 [grpc-default-executor-1] INFO  impl.RaftServerImpl (RaftServerImpl.java:setRole(184)) - 65da0c80-3604-4ac2-9a39-ee88d748a153@group-146C50BE7901: changes role from  FOLLOWER to FOLLOWER at term 155 for recognizeCandidate:52743044-8979-4a08-8013-92a14c548982
2019-10-16 21:11:51,292 [grpc-default-executor-1] INFO  impl.RoleInfo (RoleInfo.java:shutdownFollowerState(121)) - 65da0c80-3604-4ac2-9a39-ee88d748a153: shutdown FollowerState
2019-10-16 21:11:51,292 [grpc-default-executor-1] INFO  impl.RoleInfo (RoleInfo.java:updateAndGet(143)) - 65da0c80-3604-4ac2-9a39-ee88d748a153: start FollowerState
2019-10-16 21:11:51,293 [Thread-1139] INFO  impl.FollowerState (FollowerState.java:run(117)) - 65da0c80-3604-4ac2-9a39-ee88d748a153@group-146C50BE7901-FollowerState was interrupted: java.lang.InterruptedException: sleep interrupted
2019-10-16 21:11:51,307 [52743044-8979-4a08-8013-92a14c548982@group-146C50BE7901-LeaderElection132] INFO  impl.LeaderElection (LeaderElection.java:logAndReturn(56)) - 52743044-8979-4a08-8013-92a14c548982@group-146C50BE7901-LeaderElection132: Election REJECTED; received 2 response(s) [52743044-8979-4a08-8013-92a14c548982<-904f39be-c3d3-4df4-99c0-2e4526e577e3#0:FAIL-t155, 52743044-8979-4a08-8013-92a14c548982<-65da0c80-3604-4ac2-9a39-ee88d748a153#0:FAIL-t155] and 0 exception(s); 52743044-8979-4a08-8013-92a14c548982@group-146C50BE7901:t155, leader=null, voted=52743044-8979-4a08-8013-92a14c548982, raftlog=52743044-8979-4a08-8013-92a14c548982@group-146C50BE7901-SegmentedRaftLog:OPENED:c-1,f-1,i0, conf=-1: [904f39be-c3d3-4df4-99c0-2e4526e577e3:192.168.157.254:45339, 52743044-8979-4a08-8013-92a14c548982:192.168.157.254:36428, 65da0c80-3604-4ac2-9a39-ee88d748a153:192.168.157.254:37466], old=null
2019-10-16 21:11:51,307 [52743044-8979-4a08-8013-92a14c548982@group-146C50BE7901-LeaderElection132] INFO  impl.RaftServerImpl (RaftServerImpl.java:setRole(184)) - 52743044-8979-4a08-8013-92a14c548982@group-146C50BE7901: changes role from CANDIDATE to FOLLOWER at term 155 for DISCOVERED_A_NEW_TERM
2019-10-16 21:11:51,307 [52743044-8979-4a08-8013-92a14c548982@group-146C50BE7901-LeaderElection132] INFO  impl.RoleInfo (RoleInfo.java:shutdownLeaderElection(134)) - 52743044-8979-4a08-8013-92a14c548982: shutdown LeaderElection
2019-10-16 21:11:51,307 [52743044-8979-4a08-8013-92a14c548982@group-146C50BE7901-LeaderElection132] INFO  impl.RoleInfo (RoleInfo.java:updateAndGet(143)) - 52743044-8979-4a08-8013-92a14c548982: start FollowerState
2019-10-16 21:11:51,319 [Thread-1146] INFO  impl.FollowerState (FollowerState.java:run(108)) - 52743044-8979-4a08-8013-92a14c548982@group-146C50BE7901-FollowerState: change to CANDIDATE, lastRpcTime:11ms, electionTimeout:11ms
2019-10-16 21:11:51,319 [Thread-1146] INFO  impl.RoleInfo (RoleInfo.java:shutdownFollowerState(121)) - 52743044-8979-4a08-8013-92a14c548982: shutdown FollowerState
2019-10-16 21:11:51,319 [Thread-1146] INFO  impl.RaftServerImpl (RaftServerImpl.java:setRole(184)) - 52743044-8979-4a08-8013-92a14c548982@group-146C50BE7901: changes role from  FOLLOWER to CANDIDATE at term 155 for changeToCandidate
2019-10-16 21:11:51,319 [Thread-1146] INFO  impl.RoleInfo (RoleInfo.java:updateAndGet(143)) - 52743044-8979-4a08-8013-92a14c548982: start LeaderElection
2019-10-16 21:11:51,333 [52743044-8979-4a08-8013-92a14c548982@group-146C50BE7901-LeaderElection133] INFO  impl.LeaderElection (LeaderElection.java:askForVotes(178)) - 52743044-8979-4a08-8013-92a14c548982@group-146C50BE7901-LeaderElection133: begin an election at term 156 for -1: [904f39be-c3d3-4df4-99c0-2e4526e577e3:192.168.157.254:45339, 52743044-8979-4a08-8013-92a14c548982:192.168.157.254:36428, 65da0c80-3604-4ac2-9a39-ee88d748a153:192.168.157.254:37466], old=null
2019-10-16 21:11:51,335 [grpc-default-executor-0] INFO  impl.RaftServerImpl (RaftServerImpl.java:setRole(184)) - 904f39be-c3d3-4df4-99c0-2e4526e577e3@group-146C50BE7901: changes role from  FOLLOWER to FOLLOWER at term 156 for recognizeCandidate:52743044-8979-4a08-8013-92a14c548982
2019-10-16 21:11:51,335 [grpc-default-executor-0] INFO  impl.RoleInfo (RoleInfo.java:shutdownFollowerState(121)) - 904f39be-c3d3-4df4-99c0-2e4526e577e3: shutdown FollowerState
2019-10-16 21:11:51,335 [grpc-default-executor-1] INFO  impl.RaftServerImpl (RaftServerImpl.java:setRole(184)) - 65da0c80-3604-4ac2-9a39-ee88d748a153@group-146C50BE7901: changes role from  FOLLOWER to FOLLOWER at term 156 for recognizeCandidate:52743044-8979-4a08-8013-92a14c548982
2019-10-16 21:11:51,336 [Thread-1144] INFO  impl.FollowerState (FollowerState.java:run(117)) - 904f39be-c3d3-4df4-99c0-2e4526e577e3@group-146C50BE7901-FollowerState was interrupted: java.lang.InterruptedException: sleep interrupted
2019-10-16 21:11:51,335 [grpc-default-executor-0] INFO  impl.RoleInfo (RoleInfo.java:updateAndGet(143)) - 904f39be-c3d3-4df4-99c0-2e4526e577e3: start FollowerState
2019-10-16 21:11:51,336 [grpc-default-executor-1] INFO  impl.RoleInfo (RoleInfo.java:shutdownFollowerState(121)) - 65da0c80-3604-4ac2-9a39-ee88d748a153: shutdown FollowerState
2019-10-16 21:11:51,336 [grpc-default-executor-1] INFO  impl.RoleInfo (RoleInfo.java:updateAndGet(143)) - 65da0c80-3604-4ac2-9a39-ee88d748a153: start FollowerState
2019-10-16 21:11:51,336 [Thread-1145] INFO  impl.FollowerState (FollowerState.java:run(117)) - 65da0c80-3604-4ac2-9a39-ee88d748a153@group-146C50BE7901-FollowerState was interrupted: java.lang.InterruptedException: sleep interrupted
2019-10-16 21:11:51,347 [52743044-8979-4a08-8013-92a14c548982@group-146C50BE7901-LeaderElection133] INFO  impl.LeaderElection (LeaderElection.java:logAndReturn(56)) - 52743044-8979-4a08-8013-92a14c548982@group-146C50BE7901-LeaderElection133: Election REJECTED; received 2 response(s) [52743044-8979-4a08-8013-92a14c548982<-904f39be-c3d3-4df4-99c0-2e4526e577e3#0:FAIL-t156, 52743044-8979-4a08-8013-92a14c548982<-65da0c80-3604-4ac2-9a39-ee88d748a153#0:FAIL-t156] and 0 exception(s); 52743044-8979-4a08-8013-92a14c548982@group-146C50BE7901:t156, leader=null, voted=52743044-8979-4a08-8013-92a14c548982, raftlog=52743044-8979-4a08-8013-92a14c548982@group-146C50BE7901-SegmentedRaftLog:OPENED:c-1,f-1,i0, conf=-1: [904f39be-c3d3-4df4-99c0-2e4526e577e3:192.168.157.254:45339, 52743044-8979-4a08-8013-92a14c548982:192.168.157.254:36428, 65da0c80-3604-4ac2-9a39-ee88d748a153:192.168.157.254:37466], old=null
2019-10-16 21:11:51,348 [52743044-8979-4a08-8013-92a14c548982@group-146C50BE7901-LeaderElection133] INFO  impl.RaftServerImpl (RaftServerImpl.java:setRole(184)) - 52743044-8979-4a08-8013-92a14c548982@group-146C50BE7901: changes role from CANDIDATE to FOLLOWER at term 156 for DISCOVERED_A_NEW_TERM
2019-10-16 21:11:51,348 [52743044-8979-4a08-8013-92a14c548982@group-146C50BE7901-LeaderElection133] INFO  impl.RoleInfo (RoleInfo.java:shutdownLeaderElection(134)) - 52743044-8979-4a08-8013-92a14c548982: shutdown LeaderElection
2019-10-16 21:11:51,348 [52743044-8979-4a08-8013-92a14c548982@group-146C50BE7901-LeaderElection133] INFO  impl.RoleInfo (RoleInfo.java:updateAndGet(143)) - 52743044-8979-4a08-8013-92a14c548982: start FollowerState
2019-10-16 21:11:51,522 [Thread-1152] INFO  impl.FollowerState (FollowerState.java:run(108)) - 52743044-8979-4a08-8013-92a14c548982@group-146C50BE7901-FollowerState: change to CANDIDATE, lastRpcTime:174ms, electionTimeout:174ms
2019-10-16 21:11:51,523 [Thread-1152] INFO  impl.RoleInfo (RoleInfo.java:shutdownFollowerState(121)) - 52743044-8979-4a08-8013-92a14c548982: shutdown FollowerState
2019-10-16 21:11:51,523 [Thread-1152] INFO  impl.RaftServerImpl (RaftServerImpl.java:setRole(184)) - 52743044-8979-4a08-8013-92a14c548982@group-146C50BE7901: changes role from  FOLLOWER to CANDIDATE at term 156 for changeToCandidate
2019-10-16 21:11:51,523 [Thread-1152] INFO  impl.RoleInfo (RoleInfo.java:updateAndGet(143)) - 52743044-8979-4a08-8013-92a14c548982: start LeaderElection
2019-10-16 21:11:51,537 [52743044-8979-4a08-8013-92a14c548982@group-146C50BE7901-LeaderElection134] INFO  impl.LeaderElection (LeaderElection.java:askForVotes(178)) - 52743044-8979-4a08-8013-92a14c548982@group-146C50BE7901-LeaderElection134: begin an election at term 157 for -1: [904f39be-c3d3-4df4-99c0-2e4526e577e3:192.168.157.254:45339, 52743044-8979-4a08-8013-92a14c548982:192.168.157.254:36428, 65da0c80-3604-4ac2-9a39-ee88d748a153:192.168.157.254:37466], old=null
2019-10-16 21:11:51,539 [grpc-default-executor-1] INFO  impl.RaftServerImpl (RaftServerImpl.java:setRole(184)) - 904f39be-c3d3-4df4-99c0-2e4526e577e3@group-146C50BE7901: changes role from  FOLLOWER to FOLLOWER at term 157 for recognizeCandidate:52743044-8979-4a08-8013-92a14c548982
2019-10-16 21:11:51,539 [grpc-default-executor-1] INFO  impl.RoleInfo (RoleInfo.java:shutdownFollowerState(121)) - 904f39be-c3d3-4df4-99c0-2e4526e577e3: shutdown FollowerState
2019-10-16 21:11:51,539 [grpc-default-executor-0] INFO  impl.RaftServerImpl (RaftServerImpl.java:setRole(184)) - 65da0c80-3604-4ac2-9a39-ee88d748a153@group-146C50BE7901: changes role from  FOLLOWER to FOLLOWER at term 157 for recognizeCandidate:52743044-8979-4a08-8013-92a14c548982
2019-10-16 21:11:51,540 [Thread-1150] INFO  impl.FollowerState (FollowerState.java:run(117)) - 904f39be-c3d3-4df4-99c0-2e4526e577e3@group-146C50BE7901-FollowerState was interrupted: java.lang.InterruptedException: sleep interrupted
2019-10-16 21:11:51,540 [grpc-default-executor-1] INFO  impl.RoleInfo (RoleInfo.java:updateAndGet(143)) - 904f39be-c3d3-4df4-99c0-2e4526e577e3: start FollowerState
2019-10-16 21:11:51,540 [grpc-default-executor-0] INFO  impl.RoleInfo (RoleInfo.java:shutdownFollowerState(121)) - 65da0c80-3604-4ac2-9a39-ee88d748a153: shutdown FollowerState
2019-10-16 21:11:51,540 [grpc-default-executor-0] INFO  impl.RoleInfo (RoleInfo.java:updateAndGet(143)) - 65da0c80-3604-4ac2-9a39-ee88d748a153: start FollowerState
2019-10-16 21:11:51,540 [Thread-1151] INFO  impl.FollowerState (FollowerState.java:run(117)) - 65da0c80-3604-4ac2-9a39-ee88d748a153@group-146C50BE7901-FollowerState was interrupted: java.lang.InterruptedException: sleep interrupted
2019-10-16 21:11:51,555 [52743044-8979-4a08-8013-92a14c548982@group-146C50BE7901-LeaderElection134] INFO  impl.LeaderElection (LeaderElection.java:logAndReturn(56)) - 52743044-8979-4a08-8013-92a14c548982@group-146C50BE7901-LeaderElection134: Election REJECTED; received 2 response(s) [52743044-8979-4a08-8013-92a14c548982<-904f39be-c3d3-4df4-99c0-2e4526e577e3#0:FAIL-t157, 52743044-8979-4a08-8013-92a14c548982<-65da0c80-3604-4ac2-9a39-ee88d748a153#0:FAIL-t157] and 0 exception(s); 52743044-8979-4a08-8013-92a14c548982@group-146C50BE7901:t157, leader=null, voted=52743044-8979-4a08-8013-92a14c548982, raftlog=52743044-8979-4a08-8013-92a14c548982@group-146C50BE7901-SegmentedRaftLog:OPENED:c-1,f-1,i0, conf=-1: [904f39be-c3d3-4df4-99c0-2e4526e577e3:192.168.157.254:45339, 52743044-8979-4a08-8013-92a14c548982:192.168.157.254:36428, 65da0c80-3604-4ac2-9a39-ee88d748a153:192.168.157.254:37466], old=null
2019-10-16 21:11:51,556 [52743044-8979-4a08-8013-92a14c548982@group-146C50BE7901-LeaderElection134] INFO  impl.RaftServerImpl (RaftServerImpl.java:setRole(184)) - 52743044-8979-4a08-8013-92a14c548982@group-146C50BE7901: changes role from CANDIDATE to FOLLOWER at term 157 for DISCOVERED_A_NEW_TERM
2019-10-16 21:11:51,556 [52743044-8979-4a08-8013-92a14c548982@group-146C50BE7901-LeaderElection134] INFO  impl.RoleInfo (RoleInfo.java:shutdownLeaderElection(134)) - 52743044-8979-4a08-8013-92a14c548982: shutdown LeaderElection
2019-10-16 21:11:51,556 [52743044-8979-4a08-8013-92a14c548982@group-146C50BE7901-LeaderElection134] INFO  impl.RoleInfo (RoleInfo.java:updateAndGet(143)) - 52743044-8979-4a08-8013-92a14c548982: start FollowerState
2019-10-16 21:11:51,751 [Thread-1158] INFO  impl.FollowerState (FollowerState.java:run(108)) - 52743044-8979-4a08-8013-92a14c548982@group-146C50BE7901-FollowerState: change to CANDIDATE, lastRpcTime:195ms, electionTimeout:195ms
2019-10-16 21:11:51,752 [Thread-1158] INFO  impl.RoleInfo (RoleInfo.java:shutdownFollowerState(121)) - 52743044-8979-4a08-8013-92a14c548982: shutdown FollowerState
2019-10-16 21:11:51,752 [Thread-1158] INFO  impl.RaftServerImpl (RaftServerImpl.java:setRole(184)) - 52743044-8979-4a08-8013-92a14c548982@group-146C50BE7901: changes role from  FOLLOWER to CANDIDATE at term 157 for changeToCandidate
2019-10-16 21:11:51,752 [Thread-1158] INFO  impl.RoleInfo (RoleInfo.java:updateAndGet(143)) - 52743044-8979-4a08-8013-92a14c548982: start LeaderElection
2019-10-16 21:11:51,766 [52743044-8979-4a08-8013-92a14c548982@group-146C50BE7901-LeaderElection135] INFO  impl.LeaderElection (LeaderElection.java:askForVotes(178)) - 52743044-8979-4a08-8013-92a14c548982@group-146C50BE7901-LeaderElection135: begin an election at term 158 for -1: [904f39be-c3d3-4df4-99c0-2e4526e577e3:192.168.157.254:45339, 52743044-8979-4a08-8013-92a14c548982:192.168.157.254:36428, 65da0c80-3604-4ac2-9a39-ee88d748a153:192.168.157.254:37466], old=null
2019-10-16 21:11:51,768 [grpc-default-executor-1] INFO  impl.RaftServerImpl (RaftServerImpl.java:setRole(184)) - 65da0c80-3604-4ac2-9a39-ee88d748a153@group-146C50BE7901: changes role from  FOLLOWER to FOLLOWER at term 158 for recognizeCandidate:52743044-8979-4a08-8013-92a14c548982
2019-10-16 21:11:51,768 [grpc-default-executor-1] INFO  impl.RoleInfo (RoleInfo.java:shutdownFollowerState(121)) - 65da0c80-3604-4ac2-9a39-ee88d748a153: shutdown FollowerState
2019-10-16 21:11:51,768 [grpc-default-executor-1] INFO  impl.RoleInfo (RoleInfo.java:updateAndGet(143)) - 65da0c80-3604-4ac2-9a39-ee88d748a153: start FollowerState
2019-10-16 21:11:51,768 [grpc-default-executor-0] INFO  impl.RaftServerImpl (RaftServerImpl.java:setRole(184)) - 904f39be-c3d3-4df4-99c0-2e4526e577e3@group-146C50BE7901: changes role from  FOLLOWER to FOLLOWER at term 158 for recognizeCandidate:52743044-8979-4a08-8013-92a14c548982
2019-10-16 21:11:51,768 [Thread-1157] INFO  impl.FollowerState (FollowerState.java:run(117)) - 65da0c80-3604-4ac2-9a39-ee88d748a153@group-146C50BE7901-FollowerState was interrupted: java.lang.InterruptedException: sleep interrupted
2019-10-16 21:11:51,769 [grpc-default-executor-0] INFO  impl.RoleInfo (RoleInfo.java:shutdownFollowerState(121)) - 904f39be-c3d3-4df4-99c0-2e4526e577e3: shutdown FollowerState
2019-10-16 21:11:51,769 [grpc-default-executor-0] INFO  impl.RoleInfo (RoleInfo.java:updateAndGet(143)) - 904f39be-c3d3-4df4-99c0-2e4526e577e3: start FollowerState
2019-10-16 21:11:51,769 [Thread-1156] INFO  impl.FollowerState (FollowerState.java:run(117)) - 904f39be-c3d3-4df4-99c0-2e4526e577e3@group-146C50BE7901-FollowerState was interrupted: java.lang.InterruptedException: sleep interrupted
2019-10-16 21:11:51,783 [52743044-8979-4a08-8013-92a14c548982@group-146C50BE7901-LeaderElection135] INFO  impl.LeaderElection (LeaderElection.java:logAndReturn(56)) - 52743044-8979-4a08-8013-92a14c548982@group-146C50BE7901-LeaderElection135: Election REJECTED; received 2 response(s) [52743044-8979-4a08-8013-92a14c548982<-904f39be-c3d3-4df4-99c0-2e4526e577e3#0:FAIL-t158, 52743044-8979-4a08-8013-92a14c548982<-65da0c80-3604-4ac2-9a39-ee88d748a153#0:FAIL-t158] and 0 exception(s); 52743044-8979-4a08-8013-92a14c548982@group-146C50BE7901:t158, leader=null, voted=52743044-8979-4a08-8013-92a14c548982, raftlog=52743044-8979-4a08-8013-92a14c548982@group-146C50BE7901-SegmentedRaftLog:OPENED:c-1,f-1,i0, conf=-1: [904f39be-c3d3-4df4-99c0-2e4526e577e3:192.168.157.254:45339, 52743044-8979-4a08-8013-92a14c548982:192.168.157.254:36428, 65da0c80-3604-4ac2-9a39-ee88d748a153:192.168.157.254:37466], old=null
2019-10-16 21:11:51,783 [52743044-8979-4a08-8013-92a14c548982@group-146C50BE7901-LeaderElection135] INFO  impl.RaftServerImpl (RaftServerImpl.java:setRole(184)) - 52743044-8979-4a08-8013-92a14c548982@group-146C50BE7901: changes role from CANDIDATE to FOLLOWER at term 158 for DISCOVERED_A_NEW_TERM
2019-10-16 21:11:51,783 [52743044-8979-4a08-8013-92a14c548982@group-146C50BE7901-LeaderElection135] INFO  impl.RoleInfo (RoleInfo.java:shutdownLeaderElection(134)) - 52743044-8979-4a08-8013-92a14c548982: shutdown LeaderElection
2019-10-16 21:11:51,783 [52743044-8979-4a08-8013-92a14c548982@group-146C50BE7901-LeaderElection135] INFO  impl.RoleInfo (RoleInfo.java:updateAndGet(143)) - 52743044-8979-4a08-8013-92a14c548982: start FollowerState
2019-10-16 21:11:51,953 [Thread-1164] INFO  impl.FollowerState (FollowerState.java:run(108)) - 52743044-8979-4a08-8013-92a14c548982@group-146C50BE7901-FollowerState: change to CANDIDATE, lastRpcTime:169ms, electionTimeout:169ms
2019-10-16 21:11:51,953 [Thread-1164] INFO  impl.RoleInfo (RoleInfo.java:shutdownFollowerState(121)) - 52743044-8979-4a08-8013-92a14c548982: shutdown FollowerState
2019-10-16 21:11:51,953 [Thread-1164] INFO  impl.RaftServerImpl (RaftServerImpl.java:setRole(184)) - 52743044-8979-4a08-8013-92a14c548982@group-146C50BE7901: changes role from  FOLLOWER to CANDIDATE at term 158 for changeToCandidate
2019-10-16 21:11:51,953 [Thread-1164] INFO  impl.RoleInfo (RoleInfo.java:updateAndGet(143)) - 52743044-8979-4a08-8013-92a14c548982: start LeaderElection
2019-10-16 21:11:51,966 [52743044-8979-4a08-8013-92a14c548982@group-146C50BE7901-LeaderElection136] INFO  impl.LeaderElection (LeaderElection.java:askForVotes(178)) - 52743044-8979-4a08-8013-92a14c548982@group-146C50BE7901-LeaderElection136: begin an election at term 159 for -1: [904f39be-c3d3-4df4-99c0-2e4526e577e3:192.168.157.254:45339, 52743044-8979-4a08-8013-92a14c548982:192.168.157.254:36428, 65da0c80-3604-4ac2-9a39-ee88d748a153:192.168.157.254:37466], old=null
2019-10-16 21:11:51,969 [grpc-default-executor-0] INFO  impl.RaftServerImpl (RaftServerImpl.java:setRole(184)) - 65da0c80-3604-4ac2-9a39-ee88d748a153@group-146C50BE7901: changes role from  FOLLOWER to FOLLOWER at term 159 for recognizeCandidate:52743044-8979-4a08-8013-92a14c548982
2019-10-16 21:11:51,969 [grpc-default-executor-1] INFO  impl.RaftServerImpl (RaftServerImpl.java:setRole(184)) - 904f39be-c3d3-4df4-99c0-2e4526e577e3@group-146C50BE7901: changes role from  FOLLOWER to FOLLOWER at term 159 for recognizeCandidate:52743044-8979-4a08-8013-92a14c548982
2019-10-16 21:11:51,969 [grpc-default-executor-1] INFO  impl.RoleInfo (RoleInfo.java:shutdownFollowerState(121)) - 904f39be-c3d3-4df4-99c0-2e4526e577e3: shutdown FollowerState
2019-10-16 21:11:51,969 [grpc-default-executor-0] INFO  impl.RoleInfo (RoleInfo.java:shutdownFollowerState(121)) - 65da0c80-3604-4ac2-9a39-ee88d748a153: shutdown FollowerState
2019-10-16 21:11:51,970 [Thread-1163] INFO  impl.FollowerState (FollowerState.java:run(117)) - 904f39be-c3d3-4df4-99c0-2e4526e577e3@group-146C50BE7901-FollowerState was interrupted: java.lang.InterruptedException: sleep interrupted
2019-10-16 21:11:51,969 [grpc-default-executor-1] INFO  impl.RoleInfo (RoleInfo.java:updateAndGet(143)) - 904f39be-c3d3-4df4-99c0-2e4526e577e3: start FollowerState
2019-10-16 21:11:51,970 [Thread-1162] INFO  impl.FollowerState (FollowerState.java:run(117)) - 65da0c80-3604-4ac2-9a39-ee88d748a153@group-146C50BE7901-FollowerState was interrupted: java.lang.InterruptedException: sleep interrupted
2019-10-16 21:11:51,970 [grpc-default-executor-0] INFO  impl.RoleInfo (RoleInfo.java:updateAndGet(143)) - 65da0c80-3604-4ac2-9a39-ee88d748a153: start FollowerState
2019-10-16 21:11:51,985 [52743044-8979-4a08-8013-92a14c548982@group-146C50BE7901-LeaderElection136] INFO  impl.LeaderElection (LeaderElection.java:logAndReturn(56)) - 52743044-8979-4a08-8013-92a14c548982@group-146C50BE7901-LeaderElection136: Election REJECTED; received 2 response(s) [52743044-8979-4a08-8013-92a14c548982<-904f39be-c3d3-4df4-99c0-2e4526e577e3#0:FAIL-t159, 52743044-8979-4a08-8013-92a14c548982<-65da0c80-3604-4ac2-9a39-ee88d748a153#0:FAIL-t159] and 0 exception(s); 52743044-8979-4a08-8013-92a14c548982@group-146C50BE7901:t159, leader=null, voted=52743044-8979-4a08-8013-92a14c548982, raftlog=52743044-8979-4a08-8013-92a14c548982@group-146C50BE7901-SegmentedRaftLog:OPENED:c-1,f-1,i0, conf=-1: [904f39be-c3d3-4df4-99c0-2e4526e577e3:192.168.157.254:45339, 52743044-8979-4a08-8013-92a14c548982:192.168.157.254:36428, 65da0c80-3604-4ac2-9a39-ee88d748a153:192.168.157.254:37466], old=null
2019-10-16 21:11:51,985 [52743044-8979-4a08-8013-92a14c548982@group-146C50BE7901-LeaderElection136] INFO  impl.RaftServerImpl (RaftServerImpl.java:setRole(184)) - 52743044-8979-4a08-8013-92a14c548982@group-146C50BE7901: changes role from CANDIDATE to FOLLOWER at term 159 for DISCOVERED_A_NEW_TERM
2019-10-16 21:11:51,985 [52743044-8979-4a08-8013-92a14c548982@group-146C50BE7901-LeaderElection136] INFO  impl.RoleInfo (RoleInfo.java:shutdownLeaderElection(134)) - 52743044-8979-4a08-8013-92a14c548982: shutdown LeaderElection
2019-10-16 21:11:51,985 [52743044-8979-4a08-8013-92a14c548982@group-146C50BE7901-LeaderElection136] INFO  impl.RoleInfo (RoleInfo.java:updateAndGet(143)) - 52743044-8979-4a08-8013-92a14c548982: start FollowerState
2019-10-16 21:11:52,172 [Thread-1170] INFO  impl.FollowerState (FollowerState.java:run(108)) - 52743044-8979-4a08-8013-92a14c548982@group-146C50BE7901-FollowerState: change to CANDIDATE, lastRpcTime:187ms, electionTimeout:187ms
2019-10-16 21:11:52,173 [Thread-1170] INFO  impl.RoleInfo (RoleInfo.java:shutdownFollowerState(121)) - 52743044-8979-4a08-8013-92a14c548982: shutdown FollowerState
2019-10-16 21:11:52,173 [Thread-1170] INFO  impl.RaftServerImpl (RaftServerImpl.java:setRole(184)) - 52743044-8979-4a08-8013-92a14c548982@group-146C50BE7901: changes role from  FOLLOWER to CANDIDATE at term 159 for changeToCandidate
2019-10-16 21:11:52,173 [Thread-1170] INFO  impl.RoleInfo (RoleInfo.java:updateAndGet(143)) - 52743044-8979-4a08-8013-92a14c548982: start LeaderElection
2019-10-16 21:11:52,187 [52743044-8979-4a08-8013-92a14c548982@group-146C50BE7901-LeaderElection137] INFO  impl.LeaderElection (LeaderElection.java:askForVotes(178)) - 52743044-8979-4a08-8013-92a14c548982@group-146C50BE7901-LeaderElection137: begin an election at term 160 for -1: [904f39be-c3d3-4df4-99c0-2e4526e577e3:192.168.157.254:45339, 52743044-8979-4a08-8013-92a14c548982:192.168.157.254:36428, 65da0c80-3604-4ac2-9a39-ee88d748a153:192.168.157.254:37466], old=null
2019-10-16 21:11:52,189 [grpc-default-executor-0] INFO  impl.RaftServerImpl (RaftServerImpl.java:setRole(184)) - 904f39be-c3d3-4df4-99c0-2e4526e577e3@group-146C50BE7901: changes role from  FOLLOWER to FOLLOWER at term 160 for recognizeCandidate:52743044-8979-4a08-8013-92a14c548982
2019-10-16 21:11:52,189 [grpc-default-executor-1] INFO  impl.RaftServerImpl (RaftServerImpl.java:setRole(184)) - 65da0c80-3604-4ac2-9a39-ee88d748a153@group-146C50BE7901: changes role from  FOLLOWER to FOLLOWER at term 160 for recognizeCandidate:52743044-8979-4a08-8013-92a14c548982
2019-10-16 21:11:52,189 [grpc-default-executor-0] INFO  impl.RoleInfo (RoleInfo.java:shutdownFollowerState(121)) - 904f39be-c3d3-4df4-99c0-2e4526e577e3: shutdown FollowerState
2019-10-16 21:11:52,189 [grpc-default-executor-1] INFO  impl.RoleInfo (RoleInfo.java:shutdownFollowerState(121)) - 65da0c80-3604-4ac2-9a39-ee88d748a153: shutdown FollowerState
2019-10-16 21:11:52,190 [grpc-default-executor-0] INFO  impl.RoleInfo (RoleInfo.java:updateAndGet(143)) - 904f39be-c3d3-4df4-99c0-2e4526e577e3: start FollowerState
2019-10-16 21:11:52,190 [grpc-default-executor-1] INFO  impl.RoleInfo (RoleInfo.java:updateAndGet(143)) - 65da0c80-3604-4ac2-9a39-ee88d748a153: start FollowerState
2019-10-16 21:11:52,190 [Thread-1168] INFO  impl.FollowerState (FollowerState.java:run(117)) - 904f39be-c3d3-4df4-99c0-2e4526e577e3@group-146C50BE7901-FollowerState was interrupted: java.lang.InterruptedException: sleep interrupted
2019-10-16 21:11:52,190 [Thread-1169] INFO  impl.FollowerState (FollowerState.java:run(117)) - 65da0c80-3604-4ac2-9a39-ee88d748a153@group-146C50BE7901-FollowerState was interrupted: java.lang.InterruptedException: sleep interrupted
2019-10-16 21:11:52,205 [main] INFO  ozone.MiniOzoneClusterImpl (MiniOzoneClusterImpl.java:lambda$waitForClusterToBeReady$2(164)) - Waiting for 1 number of pipelines out of 4, to report a leader.
2019-10-16 21:11:52,207 [52743044-8979-4a08-8013-92a14c548982@group-146C50BE7901-LeaderElection137] INFO  impl.LeaderElection (LeaderElection.java:logAndReturn(56)) - 52743044-8979-4a08-8013-92a14c548982@group-146C50BE7901-LeaderElection137: Election REJECTED; received 2 response(s) [52743044-8979-4a08-8013-92a14c548982<-904f39be-c3d3-4df4-99c0-2e4526e577e3#0:FAIL-t160, 52743044-8979-4a08-8013-92a14c548982<-65da0c80-3604-4ac2-9a39-ee88d748a153#0:FAIL-t160] and 0 exception(s); 52743044-8979-4a08-8013-92a14c548982@group-146C50BE7901:t160, leader=null, voted=52743044-8979-4a08-8013-92a14c548982, raftlog=52743044-8979-4a08-8013-92a14c548982@group-146C50BE7901-SegmentedRaftLog:OPENED:c-1,f-1,i0, conf=-1: [904f39be-c3d3-4df4-99c0-2e4526e577e3:192.168.157.254:45339, 52743044-8979-4a08-8013-92a14c548982:192.168.157.254:36428, 65da0c80-3604-4ac2-9a39-ee88d748a153:192.168.157.254:37466], old=null
2019-10-16 21:11:52,207 [52743044-8979-4a08-8013-92a14c548982@group-146C50BE7901-LeaderElection137] INFO  impl.RaftServerImpl (RaftServerImpl.java:setRole(184)) - 52743044-8979-4a08-8013-92a14c548982@group-146C50BE7901: changes role from CANDIDATE to FOLLOWER at term 160 for DISCOVERED_A_NEW_TERM
2019-10-16 21:11:52,207 [52743044-8979-4a08-8013-92a14c548982@group-146C50BE7901-LeaderElection137] INFO  impl.RoleInfo (RoleInfo.java:shutdownLeaderElection(134)) - 52743044-8979-4a08-8013-92a14c548982: shutdown LeaderElection
2019-10-16 21:11:52,207 [52743044-8979-4a08-8013-92a14c548982@group-146C50BE7901-LeaderElection137] INFO  impl.RoleInfo (RoleInfo.java:updateAndGet(143)) - 52743044-8979-4a08-8013-92a14c548982: start FollowerState
2019-10-16 21:11:52,330 [Thread-1176] INFO  impl.FollowerState (FollowerState.java:run(108)) - 52743044-8979-4a08-8013-92a14c548982@group-146C50BE7901-FollowerState: change to CANDIDATE, lastRpcTime:122ms, electionTimeout:122ms
2019-10-16 21:11:52,330 [Thread-1176] INFO  impl.RoleInfo (RoleInfo.java:shutdownFollowerState(121)) - 52743044-8979-4a08-8013-92a14c548982: shutdown FollowerState
2019-10-16 21:11:52,330 [Thread-1176] INFO  impl.RaftServerImpl (RaftServerImpl.java:setRole(184)) - 52743044-8979-4a08-8013-92a14c548982@group-146C50BE7901: changes role from  FOLLOWER to CANDIDATE at term 160 for changeToCandidate
2019-10-16 21:11:52,330 [Thread-1176] INFO  impl.RoleInfo (RoleInfo.java:updateAndGet(143)) - 52743044-8979-4a08-8013-92a14c548982: start LeaderElection
2019-10-16 21:11:52,344 [52743044-8979-4a08-8013-92a14c548982@group-146C50BE7901-LeaderElection138] INFO  impl.LeaderElection (LeaderElection.java:askForVotes(178)) - 52743044-8979-4a08-8013-92a14c548982@group-146C50BE7901-LeaderElection138: begin an election at term 161 for -1: [904f39be-c3d3-4df4-99c0-2e4526e577e3:192.168.157.254:45339, 52743044-8979-4a08-8013-92a14c548982:192.168.157.254:36428, 65da0c80-3604-4ac2-9a39-ee88d748a153:192.168.157.254:37466], old=null
2019-10-16 21:11:52,346 [grpc-default-executor-1] INFO  impl.RaftServerImpl (RaftServerImpl.java:setRole(184)) - 904f39be-c3d3-4df4-99c0-2e4526e577e3@group-146C50BE7901: changes role from  FOLLOWER to FOLLOWER at term 161 for recognizeCandidate:52743044-8979-4a08-8013-92a14c548982
2019-10-16 21:11:52,346 [grpc-default-executor-0] INFO  impl.RaftServerImpl (RaftServerImpl.java:setRole(184)) - 65da0c80-3604-4ac2-9a39-ee88d748a153@group-146C50BE7901: changes role from  FOLLOWER to FOLLOWER at term 161 for recognizeCandidate:52743044-8979-4a08-8013-92a14c548982
2019-10-16 21:11:52,347 [grpc-default-executor-0] INFO  impl.RoleInfo (RoleInfo.java:shutdownFollowerState(121)) - 65da0c80-3604-4ac2-9a39-ee88d748a153: shutdown FollowerState
2019-10-16 21:11:52,346 [grpc-default-executor-1] INFO  impl.RoleInfo (RoleInfo.java:shutdownFollowerState(121)) - 904f39be-c3d3-4df4-99c0-2e4526e577e3: shutdown FollowerState
2019-10-16 21:11:52,347 [Thread-1175] INFO  impl.FollowerState (FollowerState.java:run(117)) - 65da0c80-3604-4ac2-9a39-ee88d748a153@group-146C50BE7901-FollowerState was interrupted: java.lang.InterruptedException: sleep interrupted
2019-10-16 21:11:52,347 [grpc-default-executor-0] INFO  impl.RoleInfo (RoleInfo.java:updateAndGet(143)) - 65da0c80-3604-4ac2-9a39-ee88d748a153: start FollowerState
2019-10-16 21:11:52,347 [grpc-default-executor-1] INFO  impl.RoleInfo (RoleInfo.java:updateAndGet(143)) - 904f39be-c3d3-4df4-99c0-2e4526e577e3: start FollowerState
2019-10-16 21:11:52,347 [Thread-1174] INFO  impl.FollowerState (FollowerState.java:run(117)) - 904f39be-c3d3-4df4-99c0-2e4526e577e3@group-146C50BE7901-FollowerState was interrupted: java.lang.InterruptedException: sleep interrupted
2019-10-16 21:11:52,362 [52743044-8979-4a08-8013-92a14c548982@group-146C50BE7901-LeaderElection138] INFO  impl.LeaderElection (LeaderElection.java:logAndReturn(56)) - 52743044-8979-4a08-8013-92a14c548982@group-146C50BE7901-LeaderElection138: Election REJECTED; received 2 response(s) [52743044-8979-4a08-8013-92a14c548982<-904f39be-c3d3-4df4-99c0-2e4526e577e3#0:FAIL-t161, 52743044-8979-4a08-8013-92a14c548982<-65da0c80-3604-4ac2-9a39-ee88d748a153#0:FAIL-t161] and 0 exception(s); 52743044-8979-4a08-8013-92a14c548982@group-146C50BE7901:t161, leader=null, voted=52743044-8979-4a08-8013-92a14c548982, raftlog=52743044-8979-4a08-8013-92a14c548982@group-146C50BE7901-SegmentedRaftLog:OPENED:c-1,f-1,i0, conf=-1: [904f39be-c3d3-4df4-99c0-2e4526e577e3:192.168.157.254:45339, 52743044-8979-4a08-8013-92a14c548982:192.168.157.254:36428, 65da0c80-3604-4ac2-9a39-ee88d748a153:192.168.157.254:37466], old=null
2019-10-16 21:11:52,362 [52743044-8979-4a08-8013-92a14c548982@group-146C50BE7901-LeaderElection138] INFO  impl.RaftServerImpl (RaftServerImpl.java:setRole(184)) - 52743044-8979-4a08-8013-92a14c548982@group-146C50BE7901: changes role from CANDIDATE to FOLLOWER at term 161 for DISCOVERED_A_NEW_TERM
2019-10-16 21:11:52,362 [52743044-8979-4a08-8013-92a14c548982@group-146C50BE7901-LeaderElection138] INFO  impl.RoleInfo (RoleInfo.java:shutdownLeaderElection(134)) - 52743044-8979-4a08-8013-92a14c548982: shutdown LeaderElection
2019-10-16 21:11:52,363 [52743044-8979-4a08-8013-92a14c548982@group-146C50BE7901-LeaderElection138] INFO  impl.RoleInfo (RoleInfo.java:updateAndGet(143)) - 52743044-8979-4a08-8013-92a14c548982: start FollowerState
2019-10-16 21:11:52,497 [Thread-1182] INFO  impl.FollowerState (FollowerState.java:run(108)) - 52743044-8979-4a08-8013-92a14c548982@group-146C50BE7901-FollowerState: change to CANDIDATE, lastRpcTime:134ms, electionTimeout:134ms
2019-10-16 21:11:52,497 [Thread-1182] INFO  impl.RoleInfo (RoleInfo.java:shutdownFollowerState(121)) - 52743044-8979-4a08-8013-92a14c548982: shutdown FollowerState
2019-10-16 21:11:52,497 [Thread-1182] INFO  impl.RaftServerImpl (RaftServerImpl.java:setRole(184)) - 52743044-8979-4a08-8013-92a14c548982@group-146C50BE7901: changes role from  FOLLOWER to CANDIDATE at term 161 for changeToCandidate
2019-10-16 21:11:52,498 [Thread-1182] INFO  impl.RoleInfo (RoleInfo.java:updateAndGet(143)) - 52743044-8979-4a08-8013-92a14c548982: start LeaderElection
2019-10-16 21:11:52,544 [52743044-8979-4a08-8013-92a14c548982@group-146C50BE7901-LeaderElection139] INFO  impl.LeaderElection (LeaderElection.java:askForVotes(178)) - 52743044-8979-4a08-8013-92a14c548982@group-146C50BE7901-LeaderElection139: begin an election at term 162 for -1: [904f39be-c3d3-4df4-99c0-2e4526e577e3:192.168.157.254:45339, 52743044-8979-4a08-8013-92a14c548982:192.168.157.254:36428, 65da0c80-3604-4ac2-9a39-ee88d748a153:192.168.157.254:37466], old=null
2019-10-16 21:11:52,547 [grpc-default-executor-1] INFO  impl.RaftServerImpl (RaftServerImpl.java:setRole(184)) - 65da0c80-3604-4ac2-9a39-ee88d748a153@group-146C50BE7901: changes role from  FOLLOWER to FOLLOWER at term 162 for recognizeCandidate:52743044-8979-4a08-8013-92a14c548982
2019-10-16 21:11:52,547 [grpc-default-executor-0] INFO  impl.RaftServerImpl (RaftServerImpl.java:setRole(184)) - 904f39be-c3d3-4df4-99c0-2e4526e577e3@group-146C50BE7901: changes role from  FOLLOWER to FOLLOWER at term 162 for recognizeCandidate:52743044-8979-4a08-8013-92a14c548982
2019-10-16 21:11:52,547 [grpc-default-executor-0] INFO  impl.RoleInfo (RoleInfo.java:shutdownFollowerState(121)) - 904f39be-c3d3-4df4-99c0-2e4526e577e3: shutdown FollowerState
2019-10-16 21:11:52,547 [grpc-default-executor-1] INFO  impl.RoleInfo (RoleInfo.java:shutdownFollowerState(121)) - 65da0c80-3604-4ac2-9a39-ee88d748a153: shutdown FollowerState
2019-10-16 21:11:52,548 [grpc-default-executor-0] INFO  impl.RoleInfo (RoleInfo.java:updateAndGet(143)) - 904f39be-c3d3-4df4-99c0-2e4526e577e3: start FollowerState
2019-10-16 21:11:52,548 [Thread-1181] INFO  impl.FollowerState (FollowerState.java:run(117)) - 904f39be-c3d3-4df4-99c0-2e4526e577e3@group-146C50BE7901-FollowerState was interrupted: java.lang.InterruptedException: sleep interrupted
2019-10-16 21:11:52,548 [grpc-default-executor-1] INFO  impl.RoleInfo (RoleInfo.java:updateAndGet(143)) - 65da0c80-3604-4ac2-9a39-ee88d748a153: start FollowerState
2019-10-16 21:11:52,548 [Thread-1180] INFO  impl.FollowerState (FollowerState.java:run(117)) - 65da0c80-3604-4ac2-9a39-ee88d748a153@group-146C50BE7901-FollowerState was interrupted: java.lang.InterruptedException: sleep interrupted
2019-10-16 21:11:52,560 [52743044-8979-4a08-8013-92a14c548982@group-146C50BE7901-LeaderElection139] INFO  impl.LeaderElection (LeaderElection.java:logAndReturn(56)) - 52743044-8979-4a08-8013-92a14c548982@group-146C50BE7901-LeaderElection139: Election TIMEOUT; received 0 response(s) [] and 0 exception(s); 52743044-8979-4a08-8013-92a14c548982@group-146C50BE7901:t162, leader=null, voted=52743044-8979-4a08-8013-92a14c548982, raftlog=52743044-8979-4a08-8013-92a14c548982@group-146C50BE7901-SegmentedRaftLog:OPENED:c-1,f-1,i0, conf=-1: [904f39be-c3d3-4df4-99c0-2e4526e577e3:192.168.157.254:45339, 52743044-8979-4a08-8013-92a14c548982:192.168.157.254:36428, 65da0c80-3604-4ac2-9a39-ee88d748a153:192.168.157.254:37466], old=null
2019-10-16 21:11:52,563 [52743044-8979-4a08-8013-92a14c548982@group-146C50BE7901-LeaderElection139] INFO  impl.LeaderElection (LeaderElection.java:askForVotes(178)) - 52743044-8979-4a08-8013-92a14c548982@group-146C50BE7901-LeaderElection139: begin an election at term 163 for -1: [904f39be-c3d3-4df4-99c0-2e4526e577e3:192.168.157.254:45339, 52743044-8979-4a08-8013-92a14c548982:192.168.157.254:36428, 65da0c80-3604-4ac2-9a39-ee88d748a153:192.168.157.254:37466], old=null
2019-10-16 21:11:52,565 [grpc-default-executor-0] INFO  impl.RaftServerImpl (RaftServerImpl.java:setRole(184)) - 904f39be-c3d3-4df4-99c0-2e4526e577e3@group-146C50BE7901: changes role from  FOLLOWER to FOLLOWER at term 163 for recognizeCandidate:52743044-8979-4a08-8013-92a14c548982
2019-10-16 21:11:52,565 [grpc-default-executor-0] INFO  impl.RoleInfo (RoleInfo.java:shutdownFollowerState(121)) - 904f39be-c3d3-4df4-99c0-2e4526e577e3: shutdown FollowerState
2019-10-16 21:11:52,565 [grpc-default-executor-0] INFO  impl.RoleInfo (RoleInfo.java:updateAndGet(143)) - 904f39be-c3d3-4df4-99c0-2e4526e577e3: start FollowerState
2019-10-16 21:11:52,565 [Thread-1186] INFO  impl.FollowerState (FollowerState.java:run(117)) - 904f39be-c3d3-4df4-99c0-2e4526e577e3@group-146C50BE7901-FollowerState was interrupted: java.lang.InterruptedException: sleep interrupted
2019-10-16 21:11:52,565 [grpc-default-executor-1] INFO  impl.RaftServerImpl (RaftServerImpl.java:setRole(184)) - 65da0c80-3604-4ac2-9a39-ee88d748a153@group-146C50BE7901: changes role from  FOLLOWER to FOLLOWER at term 163 for recognizeCandidate:52743044-8979-4a08-8013-92a14c548982
2019-10-16 21:11:52,566 [grpc-default-executor-1] INFO  impl.RoleInfo (RoleInfo.java:shutdownFollowerState(121)) - 65da0c80-3604-4ac2-9a39-ee88d748a153: shutdown FollowerState
2019-10-16 21:11:52,566 [grpc-default-executor-1] INFO  impl.RoleInfo (RoleInfo.java:updateAndGet(143)) - 65da0c80-3604-4ac2-9a39-ee88d748a153: start FollowerState
2019-10-16 21:11:52,566 [Thread-1187] INFO  impl.FollowerState (FollowerState.java:run(117)) - 65da0c80-3604-4ac2-9a39-ee88d748a153@group-146C50BE7901-FollowerState was interrupted: java.lang.InterruptedException: sleep interrupted
2019-10-16 21:11:52,580 [52743044-8979-4a08-8013-92a14c548982@group-146C50BE7901-LeaderElection139] INFO  impl.LeaderElection (LeaderElection.java:logAndReturn(56)) - 52743044-8979-4a08-8013-92a14c548982@group-146C50BE7901-LeaderElection139: Election REJECTED; received 2 response(s) [52743044-8979-4a08-8013-92a14c548982<-904f39be-c3d3-4df4-99c0-2e4526e577e3#0:FAIL-t163, 52743044-8979-4a08-8013-92a14c548982<-65da0c80-3604-4ac2-9a39-ee88d748a153#0:FAIL-t163] and 0 exception(s); 52743044-8979-4a08-8013-92a14c548982@group-146C50BE7901:t163, leader=null, voted=52743044-8979-4a08-8013-92a14c548982, raftlog=52743044-8979-4a08-8013-92a14c548982@group-146C50BE7901-SegmentedRaftLog:OPENED:c-1,f-1,i0, conf=-1: [904f39be-c3d3-4df4-99c0-2e4526e577e3:192.168.157.254:45339, 52743044-8979-4a08-8013-92a14c548982:192.168.157.254:36428, 65da0c80-3604-4ac2-9a39-ee88d748a153:192.168.157.254:37466], old=null
2019-10-16 21:11:52,580 [52743044-8979-4a08-8013-92a14c548982@group-146C50BE7901-LeaderElection139] INFO  impl.RaftServerImpl (RaftServerImpl.java:setRole(184)) - 52743044-8979-4a08-8013-92a14c548982@group-146C50BE7901: changes role from CANDIDATE to FOLLOWER at term 163 for DISCOVERED_A_NEW_TERM
2019-10-16 21:11:52,580 [52743044-8979-4a08-8013-92a14c548982@group-146C50BE7901-LeaderElection139] INFO  impl.RoleInfo (RoleInfo.java:shutdownLeaderElection(134)) - 52743044-8979-4a08-8013-92a14c548982: shutdown LeaderElection
2019-10-16 21:11:52,580 [52743044-8979-4a08-8013-92a14c548982@group-146C50BE7901-LeaderElection139] INFO  impl.RoleInfo (RoleInfo.java:updateAndGet(143)) - 52743044-8979-4a08-8013-92a14c548982: start FollowerState
2019-10-16 21:11:52,711 [Thread-1192] INFO  impl.FollowerState (FollowerState.java:run(108)) - 52743044-8979-4a08-8013-92a14c548982@group-146C50BE7901-FollowerState: change to CANDIDATE, lastRpcTime:131ms, electionTimeout:131ms
2019-10-16 21:11:52,712 [Thread-1192] INFO  impl.RoleInfo (RoleInfo.java:shutdownFollowerState(121)) - 52743044-8979-4a08-8013-92a14c548982: shutdown FollowerState
2019-10-16 21:11:52,712 [Thread-1192] INFO  impl.RaftServerImpl (RaftServerImpl.java:setRole(184)) - 52743044-8979-4a08-8013-92a14c548982@group-146C50BE7901: changes role from  FOLLOWER to CANDIDATE at term 163 for changeToCandidate
2019-10-16 21:11:52,712 [Thread-1192] INFO  impl.RoleInfo (RoleInfo.java:updateAndGet(143)) - 52743044-8979-4a08-8013-92a14c548982: start LeaderElection
2019-10-16 21:11:52,726 [52743044-8979-4a08-8013-92a14c548982@group-146C50BE7901-LeaderElection140] INFO  impl.LeaderElection (LeaderElection.java:askForVotes(178)) - 52743044-8979-4a08-8013-92a14c548982@group-146C50BE7901-LeaderElection140: begin an election at term 164 for -1: [904f39be-c3d3-4df4-99c0-2e4526e577e3:192.168.157.254:45339, 52743044-8979-4a08-8013-92a14c548982:192.168.157.254:36428, 65da0c80-3604-4ac2-9a39-ee88d748a153:192.168.157.254:37466], old=null
2019-10-16 21:11:52,728 [grpc-default-executor-1] INFO  impl.RaftServerImpl (RaftServerImpl.java:setRole(184)) - 65da0c80-3604-4ac2-9a39-ee88d748a153@group-146C50BE7901: changes role from  FOLLOWER to FOLLOWER at term 164 for recognizeCandidate:52743044-8979-4a08-8013-92a14c548982
2019-10-16 21:11:52,728 [grpc-default-executor-1] INFO  impl.RoleInfo (RoleInfo.java:shutdownFollowerState(121)) - 65da0c80-3604-4ac2-9a39-ee88d748a153: shutdown FollowerState
2019-10-16 21:11:52,728 [grpc-default-executor-0] INFO  impl.RaftServerImpl (RaftServerImpl.java:setRole(184)) - 904f39be-c3d3-4df4-99c0-2e4526e577e3@group-146C50BE7901: changes role from  FOLLOWER to FOLLOWER at term 164 for recognizeCandidate:52743044-8979-4a08-8013-92a14c548982
2019-10-16 21:11:52,728 [grpc-default-executor-0] INFO  impl.RoleInfo (RoleInfo.java:shutdownFollowerState(121)) - 904f39be-c3d3-4df4-99c0-2e4526e577e3: shutdown FollowerState
2019-10-16 21:11:52,728 [grpc-default-executor-1] INFO  impl.RoleInfo (RoleInfo.java:updateAndGet(143)) - 65da0c80-3604-4ac2-9a39-ee88d748a153: start FollowerState
2019-10-16 21:11:52,729 [Thread-1190] INFO  impl.FollowerState (FollowerState.java:run(117)) - 904f39be-c3d3-4df4-99c0-2e4526e577e3@group-146C50BE7901-FollowerState was interrupted: java.lang.InterruptedException: sleep interrupted
2019-10-16 21:11:52,729 [grpc-default-executor-0] INFO  impl.RoleInfo (RoleInfo.java:updateAndGet(143)) - 904f39be-c3d3-4df4-99c0-2e4526e577e3: start FollowerState
2019-10-16 21:11:52,729 [Thread-1191] INFO  impl.FollowerState (FollowerState.java:run(117)) - 65da0c80-3604-4ac2-9a39-ee88d748a153@group-146C50BE7901-FollowerState was interrupted: java.lang.InterruptedException: sleep interrupted
2019-10-16 21:11:52,743 [52743044-8979-4a08-8013-92a14c548982@group-146C50BE7901-LeaderElection140] INFO  impl.LeaderElection (LeaderElection.java:logAndReturn(56)) - 52743044-8979-4a08-8013-92a14c548982@group-146C50BE7901-LeaderElection140: Election REJECTED; received 2 response(s) [52743044-8979-4a08-8013-92a14c548982<-904f39be-c3d3-4df4-99c0-2e4526e577e3#0:FAIL-t164, 52743044-8979-4a08-8013-92a14c548982<-65da0c80-3604-4ac2-9a39-ee88d748a153#0:FAIL-t164] and 0 exception(s); 52743044-8979-4a08-8013-92a14c548982@group-146C50BE7901:t164, leader=null, voted=52743044-8979-4a08-8013-92a14c548982, raftlog=52743044-8979-4a08-8013-92a14c548982@group-146C50BE7901-SegmentedRaftLog:OPENED:c-1,f-1,i0, conf=-1: [904f39be-c3d3-4df4-99c0-2e4526e577e3:192.168.157.254:45339, 52743044-8979-4a08-8013-92a14c548982:192.168.157.254:36428, 65da0c80-3604-4ac2-9a39-ee88d748a153:192.168.157.254:37466], old=null
2019-10-16 21:11:52,743 [52743044-8979-4a08-8013-92a14c548982@group-146C50BE7901-LeaderElection140] INFO  impl.RaftServerImpl (RaftServerImpl.java:setRole(184)) - 52743044-8979-4a08-8013-92a14c548982@group-146C50BE7901: changes role from CANDIDATE to FOLLOWER at term 164 for DISCOVERED_A_NEW_TERM
2019-10-16 21:11:52,743 [52743044-8979-4a08-8013-92a14c548982@group-146C50BE7901-LeaderElection140] INFO  impl.RoleInfo (RoleInfo.java:shutdownLeaderElection(134)) - 52743044-8979-4a08-8013-92a14c548982: shutdown LeaderElection
2019-10-16 21:11:52,743 [52743044-8979-4a08-8013-92a14c548982@group-146C50BE7901-LeaderElection140] INFO  impl.RoleInfo (RoleInfo.java:updateAndGet(143)) - 52743044-8979-4a08-8013-92a14c548982: start FollowerState
2019-10-16 21:11:52,819 [Thread-1198] INFO  impl.FollowerState (FollowerState.java:run(108)) - 52743044-8979-4a08-8013-92a14c548982@group-146C50BE7901-FollowerState: change to CANDIDATE, lastRpcTime:75ms, electionTimeout:75ms
2019-10-16 21:11:52,819 [Thread-1198] INFO  impl.RoleInfo (RoleInfo.java:shutdownFollowerState(121)) - 52743044-8979-4a08-8013-92a14c548982: shutdown FollowerState
2019-10-16 21:11:52,819 [Thread-1198] INFO  impl.RaftServerImpl (RaftServerImpl.java:setRole(184)) - 52743044-8979-4a08-8013-92a14c548982@group-146C50BE7901: changes role from  FOLLOWER to CANDIDATE at term 164 for changeToCandidate
2019-10-16 21:11:52,819 [Thread-1198] INFO  impl.RoleInfo (RoleInfo.java:updateAndGet(143)) - 52743044-8979-4a08-8013-92a14c548982: start LeaderElection
2019-10-16 21:11:52,853 [52743044-8979-4a08-8013-92a14c548982@group-146C50BE7901-LeaderElection141] INFO  impl.LeaderElection (LeaderElection.java:askForVotes(178)) - 52743044-8979-4a08-8013-92a14c548982@group-146C50BE7901-LeaderElection141: begin an election at term 165 for -1: [904f39be-c3d3-4df4-99c0-2e4526e577e3:192.168.157.254:45339, 52743044-8979-4a08-8013-92a14c548982:192.168.157.254:36428, 65da0c80-3604-4ac2-9a39-ee88d748a153:192.168.157.254:37466], old=null
2019-10-16 21:11:52,856 [grpc-default-executor-1] INFO  impl.RaftServerImpl (RaftServerImpl.java:setRole(184)) - 904f39be-c3d3-4df4-99c0-2e4526e577e3@group-146C50BE7901: changes role from  FOLLOWER to FOLLOWER at term 165 for recognizeCandidate:52743044-8979-4a08-8013-92a14c548982
2019-10-16 21:11:52,856 [grpc-default-executor-0] INFO  impl.RaftServerImpl (RaftServerImpl.java:setRole(184)) - 65da0c80-3604-4ac2-9a39-ee88d748a153@group-146C50BE7901: changes role from  FOLLOWER to FOLLOWER at term 165 for recognizeCandidate:52743044-8979-4a08-8013-92a14c548982
2019-10-16 21:11:52,856 [grpc-default-executor-0] INFO  impl.RoleInfo (RoleInfo.java:shutdownFollowerState(121)) - 65da0c80-3604-4ac2-9a39-ee88d748a153: shutdown FollowerState
2019-10-16 21:11:52,856 [grpc-default-executor-1] INFO  impl.RoleInfo (RoleInfo.java:shutdownFollowerState(121)) - 904f39be-c3d3-4df4-99c0-2e4526e577e3: shutdown FollowerState
2019-10-16 21:11:52,856 [Thread-1196] INFO  impl.FollowerState (FollowerState.java:run(117)) - 65da0c80-3604-4ac2-9a39-ee88d748a153@group-146C50BE7901-FollowerState was interrupted: java.lang.InterruptedException: sleep interrupted
2019-10-16 21:11:52,856 [grpc-default-executor-0] INFO  impl.RoleInfo (RoleInfo.java:updateAndGet(143)) - 65da0c80-3604-4ac2-9a39-ee88d748a153: start FollowerState
2019-10-16 21:11:52,856 [Thread-1197] INFO  impl.FollowerState (FollowerState.java:run(117)) - 904f39be-c3d3-4df4-99c0-2e4526e577e3@group-146C50BE7901-FollowerState was interrupted: java.lang.InterruptedException: sleep interrupted
2019-10-16 21:11:52,856 [grpc-default-executor-1] INFO  impl.RoleInfo (RoleInfo.java:updateAndGet(143)) - 904f39be-c3d3-4df4-99c0-2e4526e577e3: start FollowerState
2019-10-16 21:11:52,907 [52743044-8979-4a08-8013-92a14c548982@group-146C50BE7901-LeaderElection141] INFO  impl.LeaderElection (LeaderElection.java:logAndReturn(56)) - 52743044-8979-4a08-8013-92a14c548982@group-146C50BE7901-LeaderElection141: Election REJECTED; received 2 response(s) [52743044-8979-4a08-8013-92a14c548982<-904f39be-c3d3-4df4-99c0-2e4526e577e3#0:FAIL-t165, 52743044-8979-4a08-8013-92a14c548982<-65da0c80-3604-4ac2-9a39-ee88d748a153#0:FAIL-t165] and 0 exception(s); 52743044-8979-4a08-8013-92a14c548982@group-146C50BE7901:t165, leader=null, voted=52743044-8979-4a08-8013-92a14c548982, raftlog=52743044-8979-4a08-8013-92a14c548982@group-146C50BE7901-SegmentedRaftLog:OPENED:c-1,f-1,i0, conf=-1: [904f39be-c3d3-4df4-99c0-2e4526e577e3:192.168.157.254:45339, 52743044-8979-4a08-8013-92a14c548982:192.168.157.254:36428, 65da0c80-3604-4ac2-9a39-ee88d748a153:192.168.157.254:37466], old=null
2019-10-16 21:11:52,907 [52743044-8979-4a08-8013-92a14c548982@group-146C50BE7901-LeaderElection141] INFO  impl.RaftServerImpl (RaftServerImpl.java:setRole(184)) - 52743044-8979-4a08-8013-92a14c548982@group-146C50BE7901: changes role from CANDIDATE to FOLLOWER at term 165 for DISCOVERED_A_NEW_TERM
2019-10-16 21:11:52,908 [52743044-8979-4a08-8013-92a14c548982@group-146C50BE7901-LeaderElection141] INFO  impl.RoleInfo (RoleInfo.java:shutdownLeaderElection(134)) - 52743044-8979-4a08-8013-92a14c548982: shutdown LeaderElection
2019-10-16 21:11:52,908 [52743044-8979-4a08-8013-92a14c548982@group-146C50BE7901-LeaderElection141] INFO  impl.RoleInfo (RoleInfo.java:updateAndGet(143)) - 52743044-8979-4a08-8013-92a14c548982: start FollowerState
2019-10-16 21:11:53,061 [Thread-1204] INFO  impl.FollowerState (FollowerState.java:run(108)) - 52743044-8979-4a08-8013-92a14c548982@group-146C50BE7901-FollowerState: change to CANDIDATE, lastRpcTime:153ms, electionTimeout:153ms
2019-10-16 21:11:53,061 [Thread-1204] INFO  impl.RoleInfo (RoleInfo.java:shutdownFollowerState(121)) - 52743044-8979-4a08-8013-92a14c548982: shutdown FollowerState
2019-10-16 21:11:53,062 [Thread-1204] INFO  impl.RaftServerImpl (RaftServerImpl.java:setRole(184)) - 52743044-8979-4a08-8013-92a14c548982@group-146C50BE7901: changes role from  FOLLOWER to CANDIDATE at term 165 for changeToCandidate
2019-10-16 21:11:53,062 [Thread-1204] INFO  impl.RoleInfo (RoleInfo.java:updateAndGet(143)) - 52743044-8979-4a08-8013-92a14c548982: start LeaderElection
2019-10-16 21:11:53,095 [52743044-8979-4a08-8013-92a14c548982@group-146C50BE7901-LeaderElection142] INFO  impl.LeaderElection (LeaderElection.java:askForVotes(178)) - 52743044-8979-4a08-8013-92a14c548982@group-146C50BE7901-LeaderElection142: begin an election at term 166 for -1: [904f39be-c3d3-4df4-99c0-2e4526e577e3:192.168.157.254:45339, 52743044-8979-4a08-8013-92a14c548982:192.168.157.254:36428, 65da0c80-3604-4ac2-9a39-ee88d748a153:192.168.157.254:37466], old=null
2019-10-16 21:11:53,098 [grpc-default-executor-1] INFO  impl.RaftServerImpl (RaftServerImpl.java:setRole(184)) - 904f39be-c3d3-4df4-99c0-2e4526e577e3@group-146C50BE7901: changes role from  FOLLOWER to FOLLOWER at term 166 for recognizeCandidate:52743044-8979-4a08-8013-92a14c548982
2019-10-16 21:11:53,098 [grpc-default-executor-0] INFO  impl.RaftServerImpl (RaftServerImpl.java:setRole(184)) - 65da0c80-3604-4ac2-9a39-ee88d748a153@group-146C50BE7901: changes role from  FOLLOWER to FOLLOWER at term 166 for recognizeCandidate:52743044-8979-4a08-8013-92a14c548982
2019-10-16 21:11:53,098 [grpc-default-executor-0] INFO  impl.RoleInfo (RoleInfo.java:shutdownFollowerState(121)) - 65da0c80-3604-4ac2-9a39-ee88d748a153: shutdown FollowerState
2019-10-16 21:11:53,098 [grpc-default-executor-1] INFO  impl.RoleInfo (RoleInfo.java:shutdownFollowerState(121)) - 904f39be-c3d3-4df4-99c0-2e4526e577e3: shutdown FollowerState
2019-10-16 21:11:53,099 [grpc-default-executor-0] INFO  impl.RoleInfo (RoleInfo.java:updateAndGet(143)) - 65da0c80-3604-4ac2-9a39-ee88d748a153: start FollowerState
2019-10-16 21:11:53,099 [Thread-1202] INFO  impl.FollowerState (FollowerState.java:run(117)) - 65da0c80-3604-4ac2-9a39-ee88d748a153@group-146C50BE7901-FollowerState was interrupted: java.lang.InterruptedException: sleep interrupted
2019-10-16 21:11:53,099 [grpc-default-executor-1] INFO  impl.RoleInfo (RoleInfo.java:updateAndGet(143)) - 904f39be-c3d3-4df4-99c0-2e4526e577e3: start FollowerState
2019-10-16 21:11:53,099 [Thread-1203] INFO  impl.FollowerState (FollowerState.java:run(117)) - 904f39be-c3d3-4df4-99c0-2e4526e577e3@group-146C50BE7901-FollowerState was interrupted: java.lang.InterruptedException: sleep interrupted
2019-10-16 21:11:53,117 [52743044-8979-4a08-8013-92a14c548982@group-146C50BE7901-LeaderElection142] INFO  impl.LeaderElection (LeaderElection.java:logAndReturn(56)) - 52743044-8979-4a08-8013-92a14c548982@group-146C50BE7901-LeaderElection142: Election REJECTED; received 2 response(s) [52743044-8979-4a08-8013-92a14c548982<-904f39be-c3d3-4df4-99c0-2e4526e577e3#0:FAIL-t166, 52743044-8979-4a08-8013-92a14c548982<-65da0c80-3604-4ac2-9a39-ee88d748a153#0:FAIL-t166] and 0 exception(s); 52743044-8979-4a08-8013-92a14c548982@group-146C50BE7901:t166, leader=null, voted=52743044-8979-4a08-8013-92a14c548982, raftlog=52743044-8979-4a08-8013-92a14c548982@group-146C50BE7901-SegmentedRaftLog:OPENED:c-1,f-1,i0, conf=-1: [904f39be-c3d3-4df4-99c0-2e4526e577e3:192.168.157.254:45339, 52743044-8979-4a08-8013-92a14c548982:192.168.157.254:36428, 65da0c80-3604-4ac2-9a39-ee88d748a153:192.168.157.254:37466], old=null
2019-10-16 21:11:53,117 [52743044-8979-4a08-8013-92a14c548982@group-146C50BE7901-LeaderElection142] INFO  impl.RaftServerImpl (RaftServerImpl.java:setRole(184)) - 52743044-8979-4a08-8013-92a14c548982@group-146C50BE7901: changes role from CANDIDATE to FOLLOWER at term 166 for DISCOVERED_A_NEW_TERM
2019-10-16 21:11:53,117 [52743044-8979-4a08-8013-92a14c548982@group-146C50BE7901-LeaderElection142] INFO  impl.RoleInfo (RoleInfo.java:shutdownLeaderElection(134)) - 52743044-8979-4a08-8013-92a14c548982: shutdown LeaderElection
2019-10-16 21:11:53,117 [52743044-8979-4a08-8013-92a14c548982@group-146C50BE7901-LeaderElection142] INFO  impl.RoleInfo (RoleInfo.java:updateAndGet(143)) - 52743044-8979-4a08-8013-92a14c548982: start FollowerState
2019-10-16 21:11:53,189 [Thread-1210] INFO  impl.FollowerState (FollowerState.java:run(108)) - 52743044-8979-4a08-8013-92a14c548982@group-146C50BE7901-FollowerState: change to CANDIDATE, lastRpcTime:72ms, electionTimeout:72ms
2019-10-16 21:11:53,190 [Thread-1210] INFO  impl.RoleInfo (RoleInfo.java:shutdownFollowerState(121)) - 52743044-8979-4a08-8013-92a14c548982: shutdown FollowerState
2019-10-16 21:11:53,190 [Thread-1210] INFO  impl.RaftServerImpl (RaftServerImpl.java:setRole(184)) - 52743044-8979-4a08-8013-92a14c548982@group-146C50BE7901: changes role from  FOLLOWER to CANDIDATE at term 166 for changeToCandidate
2019-10-16 21:11:53,190 [Thread-1210] INFO  impl.RoleInfo (RoleInfo.java:updateAndGet(143)) - 52743044-8979-4a08-8013-92a14c548982: start LeaderElection
2019-10-16 21:11:53,203 [52743044-8979-4a08-8013-92a14c548982@group-146C50BE7901-LeaderElection143] INFO  impl.LeaderElection (LeaderElection.java:askForVotes(178)) - 52743044-8979-4a08-8013-92a14c548982@group-146C50BE7901-LeaderElection143: begin an election at term 167 for -1: [904f39be-c3d3-4df4-99c0-2e4526e577e3:192.168.157.254:45339, 52743044-8979-4a08-8013-92a14c548982:192.168.157.254:36428, 65da0c80-3604-4ac2-9a39-ee88d748a153:192.168.157.254:37466], old=null
2019-10-16 21:11:53,205 [grpc-default-executor-1] INFO  impl.RaftServerImpl (RaftServerImpl.java:setRole(184)) - 904f39be-c3d3-4df4-99c0-2e4526e577e3@group-146C50BE7901: changes role from  FOLLOWER to FOLLOWER at term 167 for recognizeCandidate:52743044-8979-4a08-8013-92a14c548982
2019-10-16 21:11:53,206 [grpc-default-executor-1] INFO  impl.RoleInfo (RoleInfo.java:shutdownFollowerState(121)) - 904f39be-c3d3-4df4-99c0-2e4526e577e3: shutdown FollowerState
2019-10-16 21:11:53,206 [main] INFO  ozone.MiniOzoneClusterImpl (MiniOzoneClusterImpl.java:lambda$waitForClusterToBeReady$2(164)) - Waiting for 1 number of pipelines out of 4, to report a leader.
2019-10-16 21:11:53,206 [Thread-1209] INFO  impl.FollowerState (FollowerState.java:run(117)) - 904f39be-c3d3-4df4-99c0-2e4526e577e3@group-146C50BE7901-FollowerState was interrupted: java.lang.InterruptedException: sleep interrupted
2019-10-16 21:11:53,206 [grpc-default-executor-1] INFO  impl.RoleInfo (RoleInfo.java:updateAndGet(143)) - 904f39be-c3d3-4df4-99c0-2e4526e577e3: start FollowerState
2019-10-16 21:11:53,206 [grpc-default-executor-0] INFO  impl.RaftServerImpl (RaftServerImpl.java:setRole(184)) - 65da0c80-3604-4ac2-9a39-ee88d748a153@group-146C50BE7901: changes role from  FOLLOWER to FOLLOWER at term 167 for recognizeCandidate:52743044-8979-4a08-8013-92a14c548982
2019-10-16 21:11:53,207 [grpc-default-executor-0] INFO  impl.RoleInfo (RoleInfo.java:shutdownFollowerState(121)) - 65da0c80-3604-4ac2-9a39-ee88d748a153: shutdown FollowerState
2019-10-16 21:11:53,207 [grpc-default-executor-0] INFO  impl.RoleInfo (RoleInfo.java:updateAndGet(143)) - 65da0c80-3604-4ac2-9a39-ee88d748a153: start FollowerState
2019-10-16 21:11:53,207 [Thread-1208] INFO  impl.FollowerState (FollowerState.java:run(117)) - 65da0c80-3604-4ac2-9a39-ee88d748a153@group-146C50BE7901-FollowerState was interrupted: java.lang.InterruptedException: sleep interrupted
2019-10-16 21:11:53,221 [52743044-8979-4a08-8013-92a14c548982@group-146C50BE7901-LeaderElection143] INFO  impl.LeaderElection (LeaderElection.java:logAndReturn(56)) - 52743044-8979-4a08-8013-92a14c548982@group-146C50BE7901-LeaderElection143: Election REJECTED; received 2 response(s) [52743044-8979-4a08-8013-92a14c548982<-904f39be-c3d3-4df4-99c0-2e4526e577e3#0:FAIL-t167, 52743044-8979-4a08-8013-92a14c548982<-65da0c80-3604-4ac2-9a39-ee88d748a153#0:FAIL-t167] and 0 exception(s); 52743044-8979-4a08-8013-92a14c548982@group-146C50BE7901:t167, leader=null, voted=52743044-8979-4a08-8013-92a14c548982, raftlog=52743044-8979-4a08-8013-92a14c548982@group-146C50BE7901-SegmentedRaftLog:OPENED:c-1,f-1,i0, conf=-1: [904f39be-c3d3-4df4-99c0-2e4526e577e3:192.168.157.254:45339, 52743044-8979-4a08-8013-92a14c548982:192.168.157.254:36428, 65da0c80-3604-4ac2-9a39-ee88d748a153:192.168.157.254:37466], old=null
2019-10-16 21:11:53,221 [52743044-8979-4a08-8013-92a14c548982@group-146C50BE7901-LeaderElection143] INFO  impl.RaftServerImpl (RaftServerImpl.java:setRole(184)) - 52743044-8979-4a08-8013-92a14c548982@group-146C50BE7901: changes role from CANDIDATE to FOLLOWER at term 167 for DISCOVERED_A_NEW_TERM
2019-10-16 21:11:53,221 [52743044-8979-4a08-8013-92a14c548982@group-146C50BE7901-LeaderElection143] INFO  impl.RoleInfo (RoleInfo.java:shutdownLeaderElection(134)) - 52743044-8979-4a08-8013-92a14c548982: shutdown LeaderElection
2019-10-16 21:11:53,222 [52743044-8979-4a08-8013-92a14c548982@group-146C50BE7901-LeaderElection143] INFO  impl.RoleInfo (RoleInfo.java:updateAndGet(143)) - 52743044-8979-4a08-8013-92a14c548982: start FollowerState
2019-10-16 21:11:53,377 [Thread-1216] INFO  impl.FollowerState (FollowerState.java:run(108)) - 52743044-8979-4a08-8013-92a14c548982@group-146C50BE7901-FollowerState: change to CANDIDATE, lastRpcTime:155ms, electionTimeout:155ms
2019-10-16 21:11:53,377 [Thread-1216] INFO  impl.RoleInfo (RoleInfo.java:shutdownFollowerState(121)) - 52743044-8979-4a08-8013-92a14c548982: shutdown FollowerState
2019-10-16 21:11:53,377 [Thread-1216] INFO  impl.RaftServerImpl (RaftServerImpl.java:setRole(184)) - 52743044-8979-4a08-8013-92a14c548982@group-146C50BE7901: changes role from  FOLLOWER to CANDIDATE at term 167 for changeToCandidate
2019-10-16 21:11:53,377 [Thread-1216] INFO  impl.RoleInfo (RoleInfo.java:updateAndGet(143)) - 52743044-8979-4a08-8013-92a14c548982: start LeaderElection
2019-10-16 21:11:53,391 [52743044-8979-4a08-8013-92a14c548982@group-146C50BE7901-LeaderElection144] INFO  impl.LeaderElection (LeaderElection.java:askForVotes(178)) - 52743044-8979-4a08-8013-92a14c548982@group-146C50BE7901-LeaderElection144: begin an election at term 168 for -1: [904f39be-c3d3-4df4-99c0-2e4526e577e3:192.168.157.254:45339, 52743044-8979-4a08-8013-92a14c548982:192.168.157.254:36428, 65da0c80-3604-4ac2-9a39-ee88d748a153:192.168.157.254:37466], old=null
2019-10-16 21:11:53,393 [grpc-default-executor-1] INFO  impl.RaftServerImpl (RaftServerImpl.java:setRole(184)) - 904f39be-c3d3-4df4-99c0-2e4526e577e3@group-146C50BE7901: changes role from  FOLLOWER to FOLLOWER at term 168 for recognizeCandidate:52743044-8979-4a08-8013-92a14c548982
2019-10-16 21:11:53,393 [grpc-default-executor-1] INFO  impl.RoleInfo (RoleInfo.java:shutdownFollowerState(121)) - 904f39be-c3d3-4df4-99c0-2e4526e577e3: shutdown FollowerState
2019-10-16 21:11:53,394 [grpc-default-executor-1] INFO  impl.RoleInfo (RoleInfo.java:updateAndGet(143)) - 904f39be-c3d3-4df4-99c0-2e4526e577e3: start FollowerState
2019-10-16 21:11:53,394 [Thread-1214] INFO  impl.FollowerState (FollowerState.java:run(117)) - 904f39be-c3d3-4df4-99c0-2e4526e577e3@group-146C50BE7901-FollowerState was interrupted: java.lang.InterruptedException: sleep interrupted
2019-10-16 21:11:53,394 [grpc-default-executor-0] INFO  impl.RaftServerImpl (RaftServerImpl.java:setRole(184)) - 65da0c80-3604-4ac2-9a39-ee88d748a153@group-146C50BE7901: changes role from  FOLLOWER to FOLLOWER at term 168 for recognizeCandidate:52743044-8979-4a08-8013-92a14c548982
2019-10-16 21:11:53,394 [grpc-default-executor-0] INFO  impl.RoleInfo (RoleInfo.java:shutdownFollowerState(121)) - 65da0c80-3604-4ac2-9a39-ee88d748a153: shutdown FollowerState
2019-10-16 21:11:53,394 [grpc-default-executor-0] INFO  impl.RoleInfo (RoleInfo.java:updateAndGet(143)) - 65da0c80-3604-4ac2-9a39-ee88d748a153: start FollowerState
2019-10-16 21:11:53,394 [Thread-1215] INFO  impl.FollowerState (FollowerState.java:run(117)) - 65da0c80-3604-4ac2-9a39-ee88d748a153@group-146C50BE7901-FollowerState was interrupted: java.lang.InterruptedException: sleep interrupted
2019-10-16 21:11:53,409 [52743044-8979-4a08-8013-92a14c548982@group-146C50BE7901-LeaderElection144] INFO  impl.LeaderElection (LeaderElection.java:logAndReturn(56)) - 52743044-8979-4a08-8013-92a14c548982@group-146C50BE7901-LeaderElection144: Election REJECTED; received 2 response(s) [52743044-8979-4a08-8013-92a14c548982<-904f39be-c3d3-4df4-99c0-2e4526e577e3#0:FAIL-t168, 52743044-8979-4a08-8013-92a14c548982<-65da0c80-3604-4ac2-9a39-ee88d748a153#0:FAIL-t168] and 0 exception(s); 52743044-8979-4a08-8013-92a14c548982@group-146C50BE7901:t168, leader=null, voted=52743044-8979-4a08-8013-92a14c548982, raftlog=52743044-8979-4a08-8013-92a14c548982@group-146C50BE7901-SegmentedRaftLog:OPENED:c-1,f-1,i0, conf=-1: [904f39be-c3d3-4df4-99c0-2e4526e577e3:192.168.157.254:45339, 52743044-8979-4a08-8013-92a14c548982:192.168.157.254:36428, 65da0c80-3604-4ac2-9a39-ee88d748a153:192.168.157.254:37466], old=null
2019-10-16 21:11:53,409 [52743044-8979-4a08-8013-92a14c548982@group-146C50BE7901-LeaderElection144] INFO  impl.RaftServerImpl (RaftServerImpl.java:setRole(184)) - 52743044-8979-4a08-8013-92a14c548982@group-146C50BE7901: changes role from CANDIDATE to FOLLOWER at term 168 for DISCOVERED_A_NEW_TERM
2019-10-16 21:11:53,409 [52743044-8979-4a08-8013-92a14c548982@group-146C50BE7901-LeaderElection144] INFO  impl.RoleInfo (RoleInfo.java:shutdownLeaderElection(134)) - 52743044-8979-4a08-8013-92a14c548982: shutdown LeaderElection
2019-10-16 21:11:53,409 [52743044-8979-4a08-8013-92a14c548982@group-146C50BE7901-LeaderElection144] INFO  impl.RoleInfo (RoleInfo.java:updateAndGet(143)) - 52743044-8979-4a08-8013-92a14c548982: start FollowerState
2019-10-16 21:11:53,496 [Thread-1222] INFO  impl.FollowerState (FollowerState.java:run(108)) - 52743044-8979-4a08-8013-92a14c548982@group-146C50BE7901-FollowerState: change to CANDIDATE, lastRpcTime:86ms, electionTimeout:86ms
2019-10-16 21:11:53,496 [Thread-1222] INFO  impl.RoleInfo (RoleInfo.java:shutdownFollowerState(121)) - 52743044-8979-4a08-8013-92a14c548982: shutdown FollowerState
2019-10-16 21:11:53,496 [Thread-1222] INFO  impl.RaftServerImpl (RaftServerImpl.java:setRole(184)) - 52743044-8979-4a08-8013-92a14c548982@group-146C50BE7901: changes role from  FOLLOWER to CANDIDATE at term 168 for changeToCandidate
2019-10-16 21:11:53,496 [Thread-1222] INFO  impl.RoleInfo (RoleInfo.java:updateAndGet(143)) - 52743044-8979-4a08-8013-92a14c548982: start LeaderElection
2019-10-16 21:11:53,509 [52743044-8979-4a08-8013-92a14c548982@group-146C50BE7901-LeaderElection145] INFO  impl.LeaderElection (LeaderElection.java:askForVotes(178)) - 52743044-8979-4a08-8013-92a14c548982@group-146C50BE7901-LeaderElection145: begin an election at term 169 for -1: [904f39be-c3d3-4df4-99c0-2e4526e577e3:192.168.157.254:45339, 52743044-8979-4a08-8013-92a14c548982:192.168.157.254:36428, 65da0c80-3604-4ac2-9a39-ee88d748a153:192.168.157.254:37466], old=null
2019-10-16 21:11:53,512 [grpc-default-executor-0] INFO  impl.RaftServerImpl (RaftServerImpl.java:setRole(184)) - 904f39be-c3d3-4df4-99c0-2e4526e577e3@group-146C50BE7901: changes role from  FOLLOWER to FOLLOWER at term 169 for recognizeCandidate:52743044-8979-4a08-8013-92a14c548982
2019-10-16 21:11:53,512 [grpc-default-executor-0] INFO  impl.RoleInfo (RoleInfo.java:shutdownFollowerState(121)) - 904f39be-c3d3-4df4-99c0-2e4526e577e3: shutdown FollowerState
2019-10-16 21:11:53,512 [grpc-default-executor-0] INFO  impl.RoleInfo (RoleInfo.java:updateAndGet(143)) - 904f39be-c3d3-4df4-99c0-2e4526e577e3: start FollowerState
2019-10-16 21:11:53,512 [Thread-1220] INFO  impl.FollowerState (FollowerState.java:run(117)) - 904f39be-c3d3-4df4-99c0-2e4526e577e3@group-146C50BE7901-FollowerState was interrupted: java.lang.InterruptedException: sleep interrupted
2019-10-16 21:11:53,512 [grpc-default-executor-1] INFO  impl.RaftServerImpl (RaftServerImpl.java:setRole(184)) - 65da0c80-3604-4ac2-9a39-ee88d748a153@group-146C50BE7901: changes role from  FOLLOWER to FOLLOWER at term 169 for recognizeCandidate:52743044-8979-4a08-8013-92a14c548982
2019-10-16 21:11:53,512 [grpc-default-executor-1] INFO  impl.RoleInfo (RoleInfo.java:shutdownFollowerState(121)) - 65da0c80-3604-4ac2-9a39-ee88d748a153: shutdown FollowerState
2019-10-16 21:11:53,512 [grpc-default-executor-1] INFO  impl.RoleInfo (RoleInfo.java:updateAndGet(143)) - 65da0c80-3604-4ac2-9a39-ee88d748a153: start FollowerState
2019-10-16 21:11:53,513 [Thread-1221] INFO  impl.FollowerState (FollowerState.java:run(117)) - 65da0c80-3604-4ac2-9a39-ee88d748a153@group-146C50BE7901-FollowerState was interrupted: java.lang.InterruptedException: sleep interrupted
2019-10-16 21:11:53,537 [52743044-8979-4a08-8013-92a14c548982@group-146C50BE7901-LeaderElection145] INFO  impl.LeaderElection (LeaderElection.java:logAndReturn(56)) - 52743044-8979-4a08-8013-92a14c548982@group-146C50BE7901-LeaderElection145: Election REJECTED; received 2 response(s) [52743044-8979-4a08-8013-92a14c548982<-904f39be-c3d3-4df4-99c0-2e4526e577e3#0:FAIL-t169, 52743044-8979-4a08-8013-92a14c548982<-65da0c80-3604-4ac2-9a39-ee88d748a153#0:FAIL-t169] and 0 exception(s); 52743044-8979-4a08-8013-92a14c548982@group-146C50BE7901:t169, leader=null, voted=52743044-8979-4a08-8013-92a14c548982, raftlog=52743044-8979-4a08-8013-92a14c548982@group-146C50BE7901-SegmentedRaftLog:OPENED:c-1,f-1,i0, conf=-1: [904f39be-c3d3-4df4-99c0-2e4526e577e3:192.168.157.254:45339, 52743044-8979-4a08-8013-92a14c548982:192.168.157.254:36428, 65da0c80-3604-4ac2-9a39-ee88d748a153:192.168.157.254:37466], old=null
2019-10-16 21:11:53,538 [52743044-8979-4a08-8013-92a14c548982@group-146C50BE7901-LeaderElection145] INFO  impl.RaftServerImpl (RaftServerImpl.java:setRole(184)) - 52743044-8979-4a08-8013-92a14c548982@group-146C50BE7901: changes role from CANDIDATE to FOLLOWER at term 169 for DISCOVERED_A_NEW_TERM
2019-10-16 21:11:53,538 [52743044-8979-4a08-8013-92a14c548982@group-146C50BE7901-LeaderElection145] INFO  impl.RoleInfo (RoleInfo.java:shutdownLeaderElection(134)) - 52743044-8979-4a08-8013-92a14c548982: shutdown LeaderElection
2019-10-16 21:11:53,538 [52743044-8979-4a08-8013-92a14c548982@group-146C50BE7901-LeaderElection145] INFO  impl.RoleInfo (RoleInfo.java:updateAndGet(143)) - 52743044-8979-4a08-8013-92a14c548982: start FollowerState
2019-10-16 21:11:53,733 [Thread-1228] INFO  impl.FollowerState (FollowerState.java:run(108)) - 52743044-8979-4a08-8013-92a14c548982@group-146C50BE7901-FollowerState: change to CANDIDATE, lastRpcTime:195ms, electionTimeout:195ms
2019-10-16 21:11:53,733 [Thread-1228] INFO  impl.RoleInfo (RoleInfo.java:shutdownFollowerState(121)) - 52743044-8979-4a08-8013-92a14c548982: shutdown FollowerState
2019-10-16 21:11:53,734 [Thread-1228] INFO  impl.RaftServerImpl (RaftServerImpl.java:setRole(184)) - 52743044-8979-4a08-8013-92a14c548982@group-146C50BE7901: changes role from  FOLLOWER to CANDIDATE at term 169 for changeToCandidate
2019-10-16 21:11:53,734 [Thread-1228] INFO  impl.RoleInfo (RoleInfo.java:updateAndGet(143)) - 52743044-8979-4a08-8013-92a14c548982: start LeaderElection
2019-10-16 21:11:53,747 [52743044-8979-4a08-8013-92a14c548982@group-146C50BE7901-LeaderElection146] INFO  impl.LeaderElection (LeaderElection.java:askForVotes(178)) - 52743044-8979-4a08-8013-92a14c548982@group-146C50BE7901-LeaderElection146: begin an election at term 170 for -1: [904f39be-c3d3-4df4-99c0-2e4526e577e3:192.168.157.254:45339, 52743044-8979-4a08-8013-92a14c548982:192.168.157.254:36428, 65da0c80-3604-4ac2-9a39-ee88d748a153:192.168.157.254:37466], old=null
2019-10-16 21:11:53,749 [grpc-default-executor-0] INFO  impl.RaftServerImpl (RaftServerImpl.java:setRole(184)) - 904f39be-c3d3-4df4-99c0-2e4526e577e3@group-146C50BE7901: changes role from  FOLLOWER to FOLLOWER at term 170 for recognizeCandidate:52743044-8979-4a08-8013-92a14c548982
2019-10-16 21:11:53,749 [grpc-default-executor-0] INFO  impl.RoleInfo (RoleInfo.java:shutdownFollowerState(121)) - 904f39be-c3d3-4df4-99c0-2e4526e577e3: shutdown FollowerState
2019-10-16 21:11:53,749 [grpc-default-executor-1] INFO  impl.RaftServerImpl (RaftServerImpl.java:setRole(184)) - 65da0c80-3604-4ac2-9a39-ee88d748a153@group-146C50BE7901: changes role from  FOLLOWER to FOLLOWER at term 170 for recognizeCandidate:52743044-8979-4a08-8013-92a14c548982
2019-10-16 21:11:53,749 [grpc-default-executor-1] INFO  impl.RoleInfo (RoleInfo.java:shutdownFollowerState(121)) - 65da0c80-3604-4ac2-9a39-ee88d748a153: shutdown FollowerState
2019-10-16 21:11:53,749 [grpc-default-executor-0] INFO  impl.RoleInfo (RoleInfo.java:updateAndGet(143)) - 904f39be-c3d3-4df4-99c0-2e4526e577e3: start FollowerState
2019-10-16 21:11:53,750 [Thread-1227] INFO  impl.FollowerState (FollowerState.java:run(117)) - 65da0c80-3604-4ac2-9a39-ee88d748a153@group-146C50BE7901-FollowerState was interrupted: java.lang.InterruptedException: sleep interrupted
2019-10-16 21:11:53,749 [grpc-default-executor-1] INFO  impl.RoleInfo (RoleInfo.java:updateAndGet(143)) - 65da0c80-3604-4ac2-9a39-ee88d748a153: start FollowerState
2019-10-16 21:11:53,749 [Thread-1226] INFO  impl.FollowerState (FollowerState.java:run(117)) - 904f39be-c3d3-4df4-99c0-2e4526e577e3@group-146C50BE7901-FollowerState was interrupted: java.lang.InterruptedException: sleep interrupted
2019-10-16 21:11:53,764 [52743044-8979-4a08-8013-92a14c548982@group-146C50BE7901-LeaderElection146] INFO  impl.LeaderElection (LeaderElection.java:logAndReturn(56)) - 52743044-8979-4a08-8013-92a14c548982@group-146C50BE7901-LeaderElection146: Election REJECTED; received 2 response(s) [52743044-8979-4a08-8013-92a14c548982<-904f39be-c3d3-4df4-99c0-2e4526e577e3#0:FAIL-t170, 52743044-8979-4a08-8013-92a14c548982<-65da0c80-3604-4ac2-9a39-ee88d748a153#0:FAIL-t170] and 0 exception(s); 52743044-8979-4a08-8013-92a14c548982@group-146C50BE7901:t170, leader=null, voted=52743044-8979-4a08-8013-92a14c548982, raftlog=52743044-8979-4a08-8013-92a14c548982@group-146C50BE7901-SegmentedRaftLog:OPENED:c-1,f-1,i0, conf=-1: [904f39be-c3d3-4df4-99c0-2e4526e577e3:192.168.157.254:45339, 52743044-8979-4a08-8013-92a14c548982:192.168.157.254:36428, 65da0c80-3604-4ac2-9a39-ee88d748a153:192.168.157.254:37466], old=null
2019-10-16 21:11:53,764 [52743044-8979-4a08-8013-92a14c548982@group-146C50BE7901-LeaderElection146] INFO  impl.RaftServerImpl (RaftServerImpl.java:setRole(184)) - 52743044-8979-4a08-8013-92a14c548982@group-146C50BE7901: changes role from CANDIDATE to FOLLOWER at term 170 for DISCOVERED_A_NEW_TERM
2019-10-16 21:11:53,765 [52743044-8979-4a08-8013-92a14c548982@group-146C50BE7901-LeaderElection146] INFO  impl.RoleInfo (RoleInfo.java:shutdownLeaderElection(134)) - 52743044-8979-4a08-8013-92a14c548982: shutdown LeaderElection
2019-10-16 21:11:53,765 [52743044-8979-4a08-8013-92a14c548982@group-146C50BE7901-LeaderElection146] INFO  impl.RoleInfo (RoleInfo.java:updateAndGet(143)) - 52743044-8979-4a08-8013-92a14c548982: start FollowerState
2019-10-16 21:11:53,964 [Thread-1234] INFO  impl.FollowerState (FollowerState.java:run(108)) - 52743044-8979-4a08-8013-92a14c548982@group-146C50BE7901-FollowerState: change to CANDIDATE, lastRpcTime:199ms, electionTimeout:199ms
2019-10-16 21:11:53,964 [Thread-1234] INFO  impl.RoleInfo (RoleInfo.java:shutdownFollowerState(121)) - 52743044-8979-4a08-8013-92a14c548982: shutdown FollowerState
2019-10-16 21:11:53,964 [Thread-1234] INFO  impl.RaftServerImpl (RaftServerImpl.java:setRole(184)) - 52743044-8979-4a08-8013-92a14c548982@group-146C50BE7901: changes role from  FOLLOWER to CANDIDATE at term 170 for changeToCandidate
2019-10-16 21:11:53,965 [Thread-1234] INFO  impl.RoleInfo (RoleInfo.java:updateAndGet(143)) - 52743044-8979-4a08-8013-92a14c548982: start LeaderElection
2019-10-16 21:11:53,980 [52743044-8979-4a08-8013-92a14c548982@group-146C50BE7901-LeaderElection147] INFO  impl.LeaderElection (LeaderElection.java:askForVotes(178)) - 52743044-8979-4a08-8013-92a14c548982@group-146C50BE7901-LeaderElection147: begin an election at term 171 for -1: [904f39be-c3d3-4df4-99c0-2e4526e577e3:192.168.157.254:45339, 52743044-8979-4a08-8013-92a14c548982:192.168.157.254:36428, 65da0c80-3604-4ac2-9a39-ee88d748a153:192.168.157.254:37466], old=null
2019-10-16 21:11:53,982 [grpc-default-executor-1] INFO  impl.RaftServerImpl (RaftServerImpl.java:setRole(184)) - 904f39be-c3d3-4df4-99c0-2e4526e577e3@group-146C50BE7901: changes role from  FOLLOWER to FOLLOWER at term 171 for recognizeCandidate:52743044-8979-4a08-8013-92a14c548982
2019-10-16 21:11:53,982 [grpc-default-executor-1] INFO  impl.RoleInfo (RoleInfo.java:shutdownFollowerState(121)) - 904f39be-c3d3-4df4-99c0-2e4526e577e3: shutdown FollowerState
2019-10-16 21:11:53,982 [grpc-default-executor-1] INFO  impl.RoleInfo (RoleInfo.java:updateAndGet(143)) - 904f39be-c3d3-4df4-99c0-2e4526e577e3: start FollowerState
2019-10-16 21:11:53,982 [Thread-1232] INFO  impl.FollowerState (FollowerState.java:run(117)) - 904f39be-c3d3-4df4-99c0-2e4526e577e3@group-146C50BE7901-FollowerState was interrupted: java.lang.InterruptedException: sleep interrupted
2019-10-16 21:11:53,983 [grpc-default-executor-0] INFO  impl.RaftServerImpl (RaftServerImpl.java:setRole(184)) - 65da0c80-3604-4ac2-9a39-ee88d748a153@group-146C50BE7901: changes role from  FOLLOWER to FOLLOWER at term 171 for recognizeCandidate:52743044-8979-4a08-8013-92a14c548982
2019-10-16 21:11:53,983 [grpc-default-executor-0] INFO  impl.RoleInfo (RoleInfo.java:shutdownFollowerState(121)) - 65da0c80-3604-4ac2-9a39-ee88d748a153: shutdown FollowerState
2019-10-16 21:11:53,983 [grpc-default-executor-0] INFO  impl.RoleInfo (RoleInfo.java:updateAndGet(143)) - 65da0c80-3604-4ac2-9a39-ee88d748a153: start FollowerState
2019-10-16 21:11:53,983 [Thread-1233] INFO  impl.FollowerState (FollowerState.java:run(117)) - 65da0c80-3604-4ac2-9a39-ee88d748a153@group-146C50BE7901-FollowerState was interrupted: java.lang.InterruptedException: sleep interrupted
2019-10-16 21:11:53,997 [52743044-8979-4a08-8013-92a14c548982@group-146C50BE7901-LeaderElection147] INFO  impl.LeaderElection (LeaderElection.java:logAndReturn(56)) - 52743044-8979-4a08-8013-92a14c548982@group-146C50BE7901-LeaderElection147: Election REJECTED; received 2 response(s) [52743044-8979-4a08-8013-92a14c548982<-904f39be-c3d3-4df4-99c0-2e4526e577e3#0:FAIL-t171, 52743044-8979-4a08-8013-92a14c548982<-65da0c80-3604-4ac2-9a39-ee88d748a153#0:FAIL-t171] and 0 exception(s); 52743044-8979-4a08-8013-92a14c548982@group-146C50BE7901:t171, leader=null, voted=52743044-8979-4a08-8013-92a14c548982, raftlog=52743044-8979-4a08-8013-92a14c548982@group-146C50BE7901-SegmentedRaftLog:OPENED:c-1,f-1,i0, conf=-1: [904f39be-c3d3-4df4-99c0-2e4526e577e3:192.168.157.254:45339, 52743044-8979-4a08-8013-92a14c548982:192.168.157.254:36428, 65da0c80-3604-4ac2-9a39-ee88d748a153:192.168.157.254:37466], old=null
2019-10-16 21:11:53,997 [52743044-8979-4a08-8013-92a14c548982@group-146C50BE7901-LeaderElection147] INFO  impl.RaftServerImpl (RaftServerImpl.java:setRole(184)) - 52743044-8979-4a08-8013-92a14c548982@group-146C50BE7901: changes role from CANDIDATE to FOLLOWER at term 171 for DISCOVERED_A_NEW_TERM
2019-10-16 21:11:53,997 [52743044-8979-4a08-8013-92a14c548982@group-146C50BE7901-LeaderElection147] INFO  impl.RoleInfo (RoleInfo.java:shutdownLeaderElection(134)) - 52743044-8979-4a08-8013-92a14c548982: shutdown LeaderElection
2019-10-16 21:11:53,998 [52743044-8979-4a08-8013-92a14c548982@group-146C50BE7901-LeaderElection147] INFO  impl.RoleInfo (RoleInfo.java:updateAndGet(143)) - 52743044-8979-4a08-8013-92a14c548982: start FollowerState
2019-10-16 21:11:54,145 [Thread-1240] INFO  impl.FollowerState (FollowerState.java:run(108)) - 52743044-8979-4a08-8013-92a14c548982@group-146C50BE7901-FollowerState: change to CANDIDATE, lastRpcTime:147ms, electionTimeout:147ms
2019-10-16 21:11:54,145 [Thread-1240] INFO  impl.RoleInfo (RoleInfo.java:shutdownFollowerState(121)) - 52743044-8979-4a08-8013-92a14c548982: shutdown FollowerState
2019-10-16 21:11:54,145 [Thread-1240] INFO  impl.RaftServerImpl (RaftServerImpl.java:setRole(184)) - 52743044-8979-4a08-8013-92a14c548982@group-146C50BE7901: changes role from  FOLLOWER to CANDIDATE at term 171 for changeToCandidate
2019-10-16 21:11:54,145 [Thread-1240] INFO  impl.RoleInfo (RoleInfo.java:updateAndGet(143)) - 52743044-8979-4a08-8013-92a14c548982: start LeaderElection
2019-10-16 21:11:54,161 [52743044-8979-4a08-8013-92a14c548982@group-146C50BE7901-LeaderElection148] INFO  impl.LeaderElection (LeaderElection.java:askForVotes(178)) - 52743044-8979-4a08-8013-92a14c548982@group-146C50BE7901-LeaderElection148: begin an election at term 172 for -1: [904f39be-c3d3-4df4-99c0-2e4526e577e3:192.168.157.254:45339, 52743044-8979-4a08-8013-92a14c548982:192.168.157.254:36428, 65da0c80-3604-4ac2-9a39-ee88d748a153:192.168.157.254:37466], old=null
2019-10-16 21:11:54,164 [grpc-default-executor-0] INFO  impl.RaftServerImpl (RaftServerImpl.java:setRole(184)) - 65da0c80-3604-4ac2-9a39-ee88d748a153@group-146C50BE7901: changes role from  FOLLOWER to FOLLOWER at term 172 for recognizeCandidate:52743044-8979-4a08-8013-92a14c548982
2019-10-16 21:11:54,164 [grpc-default-executor-0] INFO  impl.RoleInfo (RoleInfo.java:shutdownFollowerState(121)) - 65da0c80-3604-4ac2-9a39-ee88d748a153: shutdown FollowerState
2019-10-16 21:11:54,164 [grpc-default-executor-1] INFO  impl.RaftServerImpl (RaftServerImpl.java:setRole(184)) - 904f39be-c3d3-4df4-99c0-2e4526e577e3@group-146C50BE7901: changes role from  FOLLOWER to FOLLOWER at term 172 for recognizeCandidate:52743044-8979-4a08-8013-92a14c548982
2019-10-16 21:11:54,164 [Thread-1239] INFO  impl.FollowerState (FollowerState.java:run(117)) - 65da0c80-3604-4ac2-9a39-ee88d748a153@group-146C50BE7901-FollowerState was interrupted: java.lang.InterruptedException: sleep interrupted
2019-10-16 21:11:54,164 [grpc-default-executor-0] INFO  impl.RoleInfo (RoleInfo.java:updateAndGet(143)) - 65da0c80-3604-4ac2-9a39-ee88d748a153: start FollowerState
2019-10-16 21:11:54,164 [grpc-default-executor-1] INFO  impl.RoleInfo (RoleInfo.java:shutdownFollowerState(121)) - 904f39be-c3d3-4df4-99c0-2e4526e577e3: shutdown FollowerState
2019-10-16 21:11:54,165 [grpc-default-executor-1] INFO  impl.RoleInfo (RoleInfo.java:updateAndGet(143)) - 904f39be-c3d3-4df4-99c0-2e4526e577e3: start FollowerState
2019-10-16 21:11:54,165 [Thread-1238] INFO  impl.FollowerState (FollowerState.java:run(117)) - 904f39be-c3d3-4df4-99c0-2e4526e577e3@group-146C50BE7901-FollowerState was interrupted: java.lang.InterruptedException: sleep interrupted
2019-10-16 21:11:54,206 [main] INFO  ozone.MiniOzoneClusterImpl (MiniOzoneClusterImpl.java:lambda$waitForClusterToBeReady$2(164)) - Waiting for 1 number of pipelines out of 4, to report a leader.
2019-10-16 21:11:54,210 [52743044-8979-4a08-8013-92a14c548982@group-146C50BE7901-LeaderElection148] INFO  impl.LeaderElection (LeaderElection.java:logAndReturn(56)) - 52743044-8979-4a08-8013-92a14c548982@group-146C50BE7901-LeaderElection148: Election REJECTED; received 2 response(s) [52743044-8979-4a08-8013-92a14c548982<-904f39be-c3d3-4df4-99c0-2e4526e577e3#0:FAIL-t172, 52743044-8979-4a08-8013-92a14c548982<-65da0c80-3604-4ac2-9a39-ee88d748a153#0:FAIL-t172] and 0 exception(s); 52743044-8979-4a08-8013-92a14c548982@group-146C50BE7901:t172, leader=null, voted=52743044-8979-4a08-8013-92a14c548982, raftlog=52743044-8979-4a08-8013-92a14c548982@group-146C50BE7901-SegmentedRaftLog:OPENED:c-1,f-1,i0, conf=-1: [904f39be-c3d3-4df4-99c0-2e4526e577e3:192.168.157.254:45339, 52743044-8979-4a08-8013-92a14c548982:192.168.157.254:36428, 65da0c80-3604-4ac2-9a39-ee88d748a153:192.168.157.254:37466], old=null
2019-10-16 21:11:54,210 [52743044-8979-4a08-8013-92a14c548982@group-146C50BE7901-LeaderElection148] INFO  impl.RaftServerImpl (RaftServerImpl.java:setRole(184)) - 52743044-8979-4a08-8013-92a14c548982@group-146C50BE7901: changes role from CANDIDATE to FOLLOWER at term 172 for DISCOVERED_A_NEW_TERM
2019-10-16 21:11:54,211 [52743044-8979-4a08-8013-92a14c548982@group-146C50BE7901-LeaderElection148] INFO  impl.RoleInfo (RoleInfo.java:shutdownLeaderElection(134)) - 52743044-8979-4a08-8013-92a14c548982: shutdown LeaderElection
2019-10-16 21:11:54,211 [52743044-8979-4a08-8013-92a14c548982@group-146C50BE7901-LeaderElection148] INFO  impl.RoleInfo (RoleInfo.java:updateAndGet(143)) - 52743044-8979-4a08-8013-92a14c548982: start FollowerState
2019-10-16 21:11:54,323 [Thread-1246] INFO  impl.FollowerState (FollowerState.java:run(108)) - 52743044-8979-4a08-8013-92a14c548982@group-146C50BE7901-FollowerState: change to CANDIDATE, lastRpcTime:112ms, electionTimeout:112ms
2019-10-16 21:11:54,323 [Thread-1246] INFO  impl.RoleInfo (RoleInfo.java:shutdownFollowerState(121)) - 52743044-8979-4a08-8013-92a14c548982: shutdown FollowerState
2019-10-16 21:11:54,324 [Thread-1246] INFO  impl.RaftServerImpl (RaftServerImpl.java:setRole(184)) - 52743044-8979-4a08-8013-92a14c548982@group-146C50BE7901: changes role from  FOLLOWER to CANDIDATE at term 172 for changeToCandidate
2019-10-16 21:11:54,324 [Thread-1246] INFO  impl.RoleInfo (RoleInfo.java:updateAndGet(143)) - 52743044-8979-4a08-8013-92a14c548982: start LeaderElection
2019-10-16 21:11:54,351 [52743044-8979-4a08-8013-92a14c548982@group-146C50BE7901-LeaderElection149] INFO  impl.LeaderElection (LeaderElection.java:askForVotes(178)) - 52743044-8979-4a08-8013-92a14c548982@group-146C50BE7901-LeaderElection149: begin an election at term 173 for -1: [904f39be-c3d3-4df4-99c0-2e4526e577e3:192.168.157.254:45339, 52743044-8979-4a08-8013-92a14c548982:192.168.157.254:36428, 65da0c80-3604-4ac2-9a39-ee88d748a153:192.168.157.254:37466], old=null
2019-10-16 21:11:54,353 [grpc-default-executor-0] INFO  impl.RaftServerImpl (RaftServerImpl.java:setRole(184)) - 904f39be-c3d3-4df4-99c0-2e4526e577e3@group-146C50BE7901: changes role from  FOLLOWER to FOLLOWER at term 173 for recognizeCandidate:52743044-8979-4a08-8013-92a14c548982
2019-10-16 21:11:54,354 [grpc-default-executor-0] INFO  impl.RoleInfo (RoleInfo.java:shutdownFollowerState(121)) - 904f39be-c3d3-4df4-99c0-2e4526e577e3: shutdown FollowerState
2019-10-16 21:11:54,354 [grpc-default-executor-0] INFO  impl.RoleInfo (RoleInfo.java:updateAndGet(143)) - 904f39be-c3d3-4df4-99c0-2e4526e577e3: start FollowerState
2019-10-16 21:11:54,354 [Thread-1245] INFO  impl.FollowerState (FollowerState.java:run(117)) - 904f39be-c3d3-4df4-99c0-2e4526e577e3@group-146C50BE7901-FollowerState was interrupted: java.lang.InterruptedException: sleep interrupted
2019-10-16 21:11:54,354 [grpc-default-executor-1] INFO  impl.RaftServerImpl (RaftServerImpl.java:setRole(184)) - 65da0c80-3604-4ac2-9a39-ee88d748a153@group-146C50BE7901: changes role from  FOLLOWER to FOLLOWER at term 173 for recognizeCandidate:52743044-8979-4a08-8013-92a14c548982
2019-10-16 21:11:54,354 [grpc-default-executor-1] INFO  impl.RoleInfo (RoleInfo.java:shutdownFollowerState(121)) - 65da0c80-3604-4ac2-9a39-ee88d748a153: shutdown FollowerState
2019-10-16 21:11:54,354 [grpc-default-executor-1] INFO  impl.RoleInfo (RoleInfo.java:updateAndGet(143)) - 65da0c80-3604-4ac2-9a39-ee88d748a153: start FollowerState
2019-10-16 21:11:54,355 [Thread-1244] INFO  impl.FollowerState (FollowerState.java:run(117)) - 65da0c80-3604-4ac2-9a39-ee88d748a153@group-146C50BE7901-FollowerState was interrupted: java.lang.InterruptedException: sleep interrupted
2019-10-16 21:11:54,369 [52743044-8979-4a08-8013-92a14c548982@group-146C50BE7901-LeaderElection149] INFO  impl.LeaderElection (LeaderElection.java:logAndReturn(56)) - 52743044-8979-4a08-8013-92a14c548982@group-146C50BE7901-LeaderElection149: Election REJECTED; received 2 response(s) [52743044-8979-4a08-8013-92a14c548982<-904f39be-c3d3-4df4-99c0-2e4526e577e3#0:FAIL-t173, 52743044-8979-4a08-8013-92a14c548982<-65da0c80-3604-4ac2-9a39-ee88d748a153#0:FAIL-t173] and 0 exception(s); 52743044-8979-4a08-8013-92a14c548982@group-146C50BE7901:t173, leader=null, voted=52743044-8979-4a08-8013-92a14c548982, raftlog=52743044-8979-4a08-8013-92a14c548982@group-146C50BE7901-SegmentedRaftLog:OPENED:c-1,f-1,i0, conf=-1: [904f39be-c3d3-4df4-99c0-2e4526e577e3:192.168.157.254:45339, 52743044-8979-4a08-8013-92a14c548982:192.168.157.254:36428, 65da0c80-3604-4ac2-9a39-ee88d748a153:192.168.157.254:37466], old=null
2019-10-16 21:11:54,369 [52743044-8979-4a08-8013-92a14c548982@group-146C50BE7901-LeaderElection149] INFO  impl.RaftServerImpl (RaftServerImpl.java:setRole(184)) - 52743044-8979-4a08-8013-92a14c548982@group-146C50BE7901: changes role from CANDIDATE to FOLLOWER at term 173 for DISCOVERED_A_NEW_TERM
2019-10-16 21:11:54,369 [52743044-8979-4a08-8013-92a14c548982@group-146C50BE7901-LeaderElection149] INFO  impl.RoleInfo (RoleInfo.java:shutdownLeaderElection(134)) - 52743044-8979-4a08-8013-92a14c548982: shutdown LeaderElection
2019-10-16 21:11:54,369 [52743044-8979-4a08-8013-92a14c548982@group-146C50BE7901-LeaderElection149] INFO  impl.RoleInfo (RoleInfo.java:updateAndGet(143)) - 52743044-8979-4a08-8013-92a14c548982: start FollowerState
2019-10-16 21:11:54,564 [Thread-1252] INFO  impl.FollowerState (FollowerState.java:run(108)) - 52743044-8979-4a08-8013-92a14c548982@group-146C50BE7901-FollowerState: change to CANDIDATE, lastRpcTime:194ms, electionTimeout:194ms
2019-10-16 21:11:54,564 [Thread-1252] INFO  impl.RoleInfo (RoleInfo.java:shutdownFollowerState(121)) - 52743044-8979-4a08-8013-92a14c548982: shutdown FollowerState
2019-10-16 21:11:54,564 [Thread-1252] INFO  impl.RaftServerImpl (RaftServerImpl.java:setRole(184)) - 52743044-8979-4a08-8013-92a14c548982@group-146C50BE7901: changes role from  FOLLOWER to CANDIDATE at term 173 for changeToCandidate
2019-10-16 21:11:54,564 [Thread-1252] INFO  impl.RoleInfo (RoleInfo.java:updateAndGet(143)) - 52743044-8979-4a08-8013-92a14c548982: start LeaderElection
2019-10-16 21:11:54,578 [52743044-8979-4a08-8013-92a14c548982@group-146C50BE7901-LeaderElection150] INFO  impl.LeaderElection (LeaderElection.java:askForVotes(178)) - 52743044-8979-4a08-8013-92a14c548982@group-146C50BE7901-LeaderElection150: begin an election at term 174 for -1: [904f39be-c3d3-4df4-99c0-2e4526e577e3:192.168.157.254:45339, 52743044-8979-4a08-8013-92a14c548982:192.168.157.254:36428, 65da0c80-3604-4ac2-9a39-ee88d748a153:192.168.157.254:37466], old=null
2019-10-16 21:11:54,580 [grpc-default-executor-0] INFO  impl.RaftServerImpl (RaftServerImpl.java:setRole(184)) - 904f39be-c3d3-4df4-99c0-2e4526e577e3@group-146C50BE7901: changes role from  FOLLOWER to FOLLOWER at term 174 for recognizeCandidate:52743044-8979-4a08-8013-92a14c548982
2019-10-16 21:11:54,580 [grpc-default-executor-0] INFO  impl.RoleInfo (RoleInfo.java:shutdownFollowerState(121)) - 904f39be-c3d3-4df4-99c0-2e4526e577e3: shutdown FollowerState
2019-10-16 21:11:54,580 [grpc-default-executor-0] INFO  impl.RoleInfo (RoleInfo.java:updateAndGet(143)) - 904f39be-c3d3-4df4-99c0-2e4526e577e3: start FollowerState
2019-10-16 21:11:54,580 [Thread-1250] INFO  impl.FollowerState (FollowerState.java:run(117)) - 904f39be-c3d3-4df4-99c0-2e4526e577e3@group-146C50BE7901-FollowerState was interrupted: java.lang.InterruptedException: sleep interrupted
2019-10-16 21:11:54,580 [grpc-default-executor-1] INFO  impl.RaftServerImpl (RaftServerImpl.java:setRole(184)) - 65da0c80-3604-4ac2-9a39-ee88d748a153@group-146C50BE7901: changes role from  FOLLOWER to FOLLOWER at term 174 for recognizeCandidate:52743044-8979-4a08-8013-92a14c548982
2019-10-16 21:11:54,581 [grpc-default-executor-1] INFO  impl.RoleInfo (RoleInfo.java:shutdownFollowerState(121)) - 65da0c80-3604-4ac2-9a39-ee88d748a153: shutdown FollowerState
2019-10-16 21:11:54,581 [grpc-default-executor-1] INFO  impl.RoleInfo (RoleInfo.java:updateAndGet(143)) - 65da0c80-3604-4ac2-9a39-ee88d748a153: start FollowerState
2019-10-16 21:11:54,581 [Thread-1251] INFO  impl.FollowerState (FollowerState.java:run(117)) - 65da0c80-3604-4ac2-9a39-ee88d748a153@group-146C50BE7901-FollowerState was interrupted: java.lang.InterruptedException: sleep interrupted
2019-10-16 21:11:54,594 [52743044-8979-4a08-8013-92a14c548982@group-146C50BE7901-LeaderElection150] INFO  impl.LeaderElection (LeaderElection.java:logAndReturn(56)) - 52743044-8979-4a08-8013-92a14c548982@group-146C50BE7901-LeaderElection150: Election REJECTED; received 2 response(s) [52743044-8979-4a08-8013-92a14c548982<-904f39be-c3d3-4df4-99c0-2e4526e577e3#0:FAIL-t174, 52743044-8979-4a08-8013-92a14c548982<-65da0c80-3604-4ac2-9a39-ee88d748a153#0:FAIL-t174] and 0 exception(s); 52743044-8979-4a08-8013-92a14c548982@group-146C50BE7901:t174, leader=null, voted=52743044-8979-4a08-8013-92a14c548982, raftlog=52743044-8979-4a08-8013-92a14c548982@group-146C50BE7901-SegmentedRaftLog:OPENED:c-1,f-1,i0, conf=-1: [904f39be-c3d3-4df4-99c0-2e4526e577e3:192.168.157.254:45339, 52743044-8979-4a08-8013-92a14c548982:192.168.157.254:36428, 65da0c80-3604-4ac2-9a39-ee88d748a153:192.168.157.254:37466], old=null
2019-10-16 21:11:54,595 [52743044-8979-4a08-8013-92a14c548982@group-146C50BE7901-LeaderElection150] INFO  impl.RaftServerImpl (RaftServerImpl.java:setRole(184)) - 52743044-8979-4a08-8013-92a14c548982@group-146C50BE7901: changes role from CANDIDATE to FOLLOWER at term 174 for DISCOVERED_A_NEW_TERM
2019-10-16 21:11:54,595 [52743044-8979-4a08-8013-92a14c548982@group-146C50BE7901-LeaderElection150] INFO  impl.RoleInfo (RoleInfo.java:shutdownLeaderElection(134)) - 52743044-8979-4a08-8013-92a14c548982: shutdown LeaderElection
2019-10-16 21:11:54,595 [52743044-8979-4a08-8013-92a14c548982@group-146C50BE7901-LeaderElection150] INFO  impl.RoleInfo (RoleInfo.java:updateAndGet(143)) - 52743044-8979-4a08-8013-92a14c548982: start FollowerState
2019-10-16 21:11:54,719 [Thread-1258] INFO  impl.FollowerState (FollowerState.java:run(108)) - 52743044-8979-4a08-8013-92a14c548982@group-146C50BE7901-FollowerState: change to CANDIDATE, lastRpcTime:124ms, electionTimeout:124ms
2019-10-16 21:11:54,719 [Thread-1258] INFO  impl.RoleInfo (RoleInfo.java:shutdownFollowerState(121)) - 52743044-8979-4a08-8013-92a14c548982: shutdown FollowerState
2019-10-16 21:11:54,720 [Thread-1258] INFO  impl.RaftServerImpl (RaftServerImpl.java:setRole(184)) - 52743044-8979-4a08-8013-92a14c548982@group-146C50BE7901: changes role from  FOLLOWER to CANDIDATE at term 174 for changeToCandidate
2019-10-16 21:11:54,720 [Thread-1258] INFO  impl.RoleInfo (RoleInfo.java:updateAndGet(143)) - 52743044-8979-4a08-8013-92a14c548982: start LeaderElection
2019-10-16 21:11:54,733 [52743044-8979-4a08-8013-92a14c548982@group-146C50BE7901-LeaderElection151] INFO  impl.LeaderElection (LeaderElection.java:askForVotes(178)) - 52743044-8979-4a08-8013-92a14c548982@group-146C50BE7901-LeaderElection151: begin an election at term 175 for -1: [904f39be-c3d3-4df4-99c0-2e4526e577e3:192.168.157.254:45339, 52743044-8979-4a08-8013-92a14c548982:192.168.157.254:36428, 65da0c80-3604-4ac2-9a39-ee88d748a153:192.168.157.254:37466], old=null
2019-10-16 21:11:54,735 [grpc-default-executor-1] INFO  impl.RaftServerImpl (RaftServerImpl.java:setRole(184)) - 65da0c80-3604-4ac2-9a39-ee88d748a153@group-146C50BE7901: changes role from  FOLLOWER to FOLLOWER at term 175 for recognizeCandidate:52743044-8979-4a08-8013-92a14c548982
2019-10-16 21:11:54,735 [grpc-default-executor-0] INFO  impl.RaftServerImpl (RaftServerImpl.java:setRole(184)) - 904f39be-c3d3-4df4-99c0-2e4526e577e3@group-146C50BE7901: changes role from  FOLLOWER to FOLLOWER at term 175 for recognizeCandidate:52743044-8979-4a08-8013-92a14c548982
2019-10-16 21:11:54,735 [grpc-default-executor-0] INFO  impl.RoleInfo (RoleInfo.java:shutdownFollowerState(121)) - 904f39be-c3d3-4df4-99c0-2e4526e577e3: shutdown FollowerState
2019-10-16 21:11:54,735 [grpc-default-executor-1] INFO  impl.RoleInfo (RoleInfo.java:shutdownFollowerState(121)) - 65da0c80-3604-4ac2-9a39-ee88d748a153: shutdown FollowerState
2019-10-16 21:11:54,735 [Thread-1256] INFO  impl.FollowerState (FollowerState.java:run(117)) - 904f39be-c3d3-4df4-99c0-2e4526e577e3@group-146C50BE7901-FollowerState was interrupted: java.lang.InterruptedException: sleep interrupted
2019-10-16 21:11:54,735 [grpc-default-executor-0] INFO  impl.RoleInfo (RoleInfo.java:updateAndGet(143)) - 904f39be-c3d3-4df4-99c0-2e4526e577e3: start FollowerState
2019-10-16 21:11:54,736 [Thread-1257] INFO  impl.FollowerState (FollowerState.java:run(117)) - 65da0c80-3604-4ac2-9a39-ee88d748a153@group-146C50BE7901-FollowerState was interrupted: java.lang.InterruptedException: sleep interrupted
2019-10-16 21:11:54,736 [grpc-default-executor-1] INFO  impl.RoleInfo (RoleInfo.java:updateAndGet(143)) - 65da0c80-3604-4ac2-9a39-ee88d748a153: start FollowerState
2019-10-16 21:11:54,751 [52743044-8979-4a08-8013-92a14c548982@group-146C50BE7901-LeaderElection151] INFO  impl.LeaderElection (LeaderElection.java:logAndReturn(56)) - 52743044-8979-4a08-8013-92a14c548982@group-146C50BE7901-LeaderElection151: Election REJECTED; received 2 response(s) [52743044-8979-4a08-8013-92a14c548982<-904f39be-c3d3-4df4-99c0-2e4526e577e3#0:FAIL-t175, 52743044-8979-4a08-8013-92a14c548982<-65da0c80-3604-4ac2-9a39-ee88d748a153#0:FAIL-t175] and 0 exception(s); 52743044-8979-4a08-8013-92a14c548982@group-146C50BE7901:t175, leader=null, voted=52743044-8979-4a08-8013-92a14c548982, raftlog=52743044-8979-4a08-8013-92a14c548982@group-146C50BE7901-SegmentedRaftLog:OPENED:c-1,f-1,i0, conf=-1: [904f39be-c3d3-4df4-99c0-2e4526e577e3:192.168.157.254:45339, 52743044-8979-4a08-8013-92a14c548982:192.168.157.254:36428, 65da0c80-3604-4ac2-9a39-ee88d748a153:192.168.157.254:37466], old=null
2019-10-16 21:11:54,752 [52743044-8979-4a08-8013-92a14c548982@group-146C50BE7901-LeaderElection151] INFO  impl.RaftServerImpl (RaftServerImpl.java:setRole(184)) - 52743044-8979-4a08-8013-92a14c548982@group-146C50BE7901: changes role from CANDIDATE to FOLLOWER at term 175 for DISCOVERED_A_NEW_TERM
2019-10-16 21:11:54,752 [52743044-8979-4a08-8013-92a14c548982@group-146C50BE7901-LeaderElection151] INFO  impl.RoleInfo (RoleInfo.java:shutdownLeaderElection(134)) - 52743044-8979-4a08-8013-92a14c548982: shutdown LeaderElection
2019-10-16 21:11:54,752 [52743044-8979-4a08-8013-92a14c548982@group-146C50BE7901-LeaderElection151] INFO  impl.RoleInfo (RoleInfo.java:updateAndGet(143)) - 52743044-8979-4a08-8013-92a14c548982: start FollowerState
2019-10-16 21:11:54,753 [Thread-1264] INFO  impl.FollowerState (FollowerState.java:run(108)) - 52743044-8979-4a08-8013-92a14c548982@group-146C50BE7901-FollowerState: change to CANDIDATE, lastRpcTime:1ms, electionTimeout:1ms
2019-10-16 21:11:54,753 [Thread-1264] INFO  impl.RoleInfo (RoleInfo.java:shutdownFollowerState(121)) - 52743044-8979-4a08-8013-92a14c548982: shutdown FollowerState
2019-10-16 21:11:54,753 [Thread-1264] INFO  impl.RaftServerImpl (RaftServerImpl.java:setRole(184)) - 52743044-8979-4a08-8013-92a14c548982@group-146C50BE7901: changes role from  FOLLOWER to CANDIDATE at term 175 for changeToCandidate
2019-10-16 21:11:54,753 [Thread-1264] INFO  impl.RoleInfo (RoleInfo.java:updateAndGet(143)) - 52743044-8979-4a08-8013-92a14c548982: start LeaderElection
2019-10-16 21:11:54,760 [52743044-8979-4a08-8013-92a14c548982@group-146C50BE7901-LeaderElection152] INFO  impl.LeaderElection (LeaderElection.java:askForVotes(178)) - 52743044-8979-4a08-8013-92a14c548982@group-146C50BE7901-LeaderElection152: begin an election at term 176 for -1: [904f39be-c3d3-4df4-99c0-2e4526e577e3:192.168.157.254:45339, 52743044-8979-4a08-8013-92a14c548982:192.168.157.254:36428, 65da0c80-3604-4ac2-9a39-ee88d748a153:192.168.157.254:37466], old=null
2019-10-16 21:11:54,762 [grpc-default-executor-1] INFO  impl.RaftServerImpl (RaftServerImpl.java:setRole(184)) - 65da0c80-3604-4ac2-9a39-ee88d748a153@group-146C50BE7901: changes role from  FOLLOWER to FOLLOWER at term 176 for recognizeCandidate:52743044-8979-4a08-8013-92a14c548982
2019-10-16 21:11:54,762 [grpc-default-executor-1] INFO  impl.RoleInfo (RoleInfo.java:shutdownFollowerState(121)) - 65da0c80-3604-4ac2-9a39-ee88d748a153: shutdown FollowerState
2019-10-16 21:11:54,762 [grpc-default-executor-0] INFO  impl.RaftServerImpl (RaftServerImpl.java:setRole(184)) - 904f39be-c3d3-4df4-99c0-2e4526e577e3@group-146C50BE7901: changes role from  FOLLOWER to FOLLOWER at term 176 for recognizeCandidate:52743044-8979-4a08-8013-92a14c548982
2019-10-16 21:11:54,762 [grpc-default-executor-0] INFO  impl.RoleInfo (RoleInfo.java:shutdownFollowerState(121)) - 904f39be-c3d3-4df4-99c0-2e4526e577e3: shutdown FollowerState
2019-10-16 21:11:54,762 [grpc-default-executor-1] INFO  impl.RoleInfo (RoleInfo.java:updateAndGet(143)) - 65da0c80-3604-4ac2-9a39-ee88d748a153: start FollowerState
2019-10-16 21:11:54,763 [Thread-1262] INFO  impl.FollowerState (FollowerState.java:run(117)) - 904f39be-c3d3-4df4-99c0-2e4526e577e3@group-146C50BE7901-FollowerState was interrupted: java.lang.InterruptedException: sleep interrupted
2019-10-16 21:11:54,762 [grpc-default-executor-0] INFO  impl.RoleInfo (RoleInfo.java:updateAndGet(143)) - 904f39be-c3d3-4df4-99c0-2e4526e577e3: start FollowerState
2019-10-16 21:11:54,762 [Thread-1263] INFO  impl.FollowerState (FollowerState.java:run(117)) - 65da0c80-3604-4ac2-9a39-ee88d748a153@group-146C50BE7901-FollowerState was interrupted: java.lang.InterruptedException: sleep interrupted
2019-10-16 21:11:54,778 [52743044-8979-4a08-8013-92a14c548982@group-146C50BE7901-LeaderElection152] INFO  impl.LeaderElection (LeaderElection.java:logAndReturn(56)) - 52743044-8979-4a08-8013-92a14c548982@group-146C50BE7901-LeaderElection152: Election REJECTED; received 2 response(s) [52743044-8979-4a08-8013-92a14c548982<-904f39be-c3d3-4df4-99c0-2e4526e577e3#0:FAIL-t176, 52743044-8979-4a08-8013-92a14c548982<-65da0c80-3604-4ac2-9a39-ee88d748a153#0:FAIL-t176] and 0 exception(s); 52743044-8979-4a08-8013-92a14c548982@group-146C50BE7901:t176, leader=null, voted=52743044-8979-4a08-8013-92a14c548982, raftlog=52743044-8979-4a08-8013-92a14c548982@group-146C50BE7901-SegmentedRaftLog:OPENED:c-1,f-1,i0, conf=-1: [904f39be-c3d3-4df4-99c0-2e4526e577e3:192.168.157.254:45339, 52743044-8979-4a08-8013-92a14c548982:192.168.157.254:36428, 65da0c80-3604-4ac2-9a39-ee88d748a153:192.168.157.254:37466], old=null
2019-10-16 21:11:54,778 [52743044-8979-4a08-8013-92a14c548982@group-146C50BE7901-LeaderElection152] INFO  impl.RaftServerImpl (RaftServerImpl.java:setRole(184)) - 52743044-8979-4a08-8013-92a14c548982@group-146C50BE7901: changes role from CANDIDATE to FOLLOWER at term 176 for DISCOVERED_A_NEW_TERM
2019-10-16 21:11:54,778 [52743044-8979-4a08-8013-92a14c548982@group-146C50BE7901-LeaderElection152] INFO  impl.RoleInfo (RoleInfo.java:shutdownLeaderElection(134)) - 52743044-8979-4a08-8013-92a14c548982: shutdown LeaderElection
2019-10-16 21:11:54,778 [52743044-8979-4a08-8013-92a14c548982@group-146C50BE7901-LeaderElection152] INFO  impl.RoleInfo (RoleInfo.java:updateAndGet(143)) - 52743044-8979-4a08-8013-92a14c548982: start FollowerState
2019-10-16 21:11:54,955 [Thread-1270] INFO  impl.FollowerState (FollowerState.java:run(108)) - 52743044-8979-4a08-8013-92a14c548982@group-146C50BE7901-FollowerState: change to CANDIDATE, lastRpcTime:177ms, electionTimeout:177ms
2019-10-16 21:11:54,956 [Thread-1270] INFO  impl.RoleInfo (RoleInfo.java:shutdownFollowerState(121)) - 52743044-8979-4a08-8013-92a14c548982: shutdown FollowerState
2019-10-16 21:11:54,956 [Thread-1270] INFO  impl.RaftServerImpl (RaftServerImpl.java:setRole(184)) - 52743044-8979-4a08-8013-92a14c548982@group-146C50BE7901: changes role from  FOLLOWER to CANDIDATE at term 176 for changeToCandidate
2019-10-16 21:11:54,956 [Thread-1270] INFO  impl.RoleInfo (RoleInfo.java:updateAndGet(143)) - 52743044-8979-4a08-8013-92a14c548982: start LeaderElection
2019-10-16 21:11:54,970 [52743044-8979-4a08-8013-92a14c548982@group-146C50BE7901-LeaderElection153] INFO  impl.LeaderElection (LeaderElection.java:askForVotes(178)) - 52743044-8979-4a08-8013-92a14c548982@group-146C50BE7901-LeaderElection153: begin an election at term 177 for -1: [904f39be-c3d3-4df4-99c0-2e4526e577e3:192.168.157.254:45339, 52743044-8979-4a08-8013-92a14c548982:192.168.157.254:36428, 65da0c80-3604-4ac2-9a39-ee88d748a153:192.168.157.254:37466], old=null
2019-10-16 21:11:54,973 [grpc-default-executor-1] INFO  impl.RaftServerImpl (RaftServerImpl.java:setRole(184)) - 65da0c80-3604-4ac2-9a39-ee88d748a153@group-146C50BE7901: changes role from  FOLLOWER to FOLLOWER at term 177 for recognizeCandidate:52743044-8979-4a08-8013-92a14c548982
2019-10-16 21:11:54,973 [grpc-default-executor-1] INFO  impl.RoleInfo (RoleInfo.java:shutdownFollowerState(121)) - 65da0c80-3604-4ac2-9a39-ee88d748a153: shutdown FollowerState
2019-10-16 21:11:54,973 [grpc-default-executor-0] INFO  impl.RaftServerImpl (RaftServerImpl.java:setRole(184)) - 904f39be-c3d3-4df4-99c0-2e4526e577e3@group-146C50BE7901: changes role from  FOLLOWER to FOLLOWER at term 177 for recognizeCandidate:52743044-8979-4a08-8013-92a14c548982
2019-10-16 21:11:54,973 [Thread-1268] INFO  impl.FollowerState (FollowerState.java:run(117)) - 65da0c80-3604-4ac2-9a39-ee88d748a153@group-146C50BE7901-FollowerState was interrupted: java.lang.InterruptedException: sleep interrupted
2019-10-16 21:11:54,973 [grpc-default-executor-1] INFO  impl.RoleInfo (RoleInfo.java:updateAndGet(143)) - 65da0c80-3604-4ac2-9a39-ee88d748a153: start FollowerState
2019-10-16 21:11:54,973 [grpc-default-executor-0] INFO  impl.RoleInfo (RoleInfo.java:shutdownFollowerState(121)) - 904f39be-c3d3-4df4-99c0-2e4526e577e3: shutdown FollowerState
2019-10-16 21:11:54,974 [grpc-default-executor-0] INFO  impl.RoleInfo (RoleInfo.java:updateAndGet(143)) - 904f39be-c3d3-4df4-99c0-2e4526e577e3: start FollowerState
2019-10-16 21:11:54,974 [Thread-1269] INFO  impl.FollowerState (FollowerState.java:run(117)) - 904f39be-c3d3-4df4-99c0-2e4526e577e3@group-146C50BE7901-FollowerState was interrupted: java.lang.InterruptedException: sleep interrupted
2019-10-16 21:11:54,988 [52743044-8979-4a08-8013-92a14c548982@group-146C50BE7901-LeaderElection153] INFO  impl.LeaderElection (LeaderElection.java:logAndReturn(56)) - 52743044-8979-4a08-8013-92a14c548982@group-146C50BE7901-LeaderElection153: Election REJECTED; received 2 response(s) [52743044-8979-4a08-8013-92a14c548982<-904f39be-c3d3-4df4-99c0-2e4526e577e3#0:FAIL-t177, 52743044-8979-4a08-8013-92a14c548982<-65da0c80-3604-4ac2-9a39-ee88d748a153#0:FAIL-t177] and 0 exception(s); 52743044-8979-4a08-8013-92a14c548982@group-146C50BE7901:t177, leader=null, voted=52743044-8979-4a08-8013-92a14c548982, raftlog=52743044-8979-4a08-8013-92a14c548982@group-146C50BE7901-SegmentedRaftLog:OPENED:c-1,f-1,i0, conf=-1: [904f39be-c3d3-4df4-99c0-2e4526e577e3:192.168.157.254:45339, 52743044-8979-4a08-8013-92a14c548982:192.168.157.254:36428, 65da0c80-3604-4ac2-9a39-ee88d748a153:192.168.157.254:37466], old=null
2019-10-16 21:11:54,988 [52743044-8979-4a08-8013-92a14c548982@group-146C50BE7901-LeaderElection153] INFO  impl.RaftServerImpl (RaftServerImpl.java:setRole(184)) - 52743044-8979-4a08-8013-92a14c548982@group-146C50BE7901: changes role from CANDIDATE to FOLLOWER at term 177 for DISCOVERED_A_NEW_TERM
2019-10-16 21:11:54,988 [52743044-8979-4a08-8013-92a14c548982@group-146C50BE7901-LeaderElection153] INFO  impl.RoleInfo (RoleInfo.java:shutdownLeaderElection(134)) - 52743044-8979-4a08-8013-92a14c548982: shutdown LeaderElection
2019-10-16 21:11:54,989 [52743044-8979-4a08-8013-92a14c548982@group-146C50BE7901-LeaderElection153] INFO  impl.RoleInfo (RoleInfo.java:updateAndGet(143)) - 52743044-8979-4a08-8013-92a14c548982: start FollowerState
2019-10-16 21:11:55,125 [Thread-1276] INFO  impl.FollowerState (FollowerState.java:run(108)) - 52743044-8979-4a08-8013-92a14c548982@group-146C50BE7901-FollowerState: change to CANDIDATE, lastRpcTime:136ms, electionTimeout:136ms
2019-10-16 21:11:55,125 [Thread-1276] INFO  impl.RoleInfo (RoleInfo.java:shutdownFollowerState(121)) - 52743044-8979-4a08-8013-92a14c548982: shutdown FollowerState
2019-10-16 21:11:55,125 [Thread-1276] INFO  impl.RaftServerImpl (RaftServerImpl.java:setRole(184)) - 52743044-8979-4a08-8013-92a14c548982@group-146C50BE7901: changes role from  FOLLOWER to CANDIDATE at term 177 for changeToCandidate
2019-10-16 21:11:55,126 [Thread-1276] INFO  impl.RoleInfo (RoleInfo.java:updateAndGet(143)) - 52743044-8979-4a08-8013-92a14c548982: start LeaderElection
2019-10-16 21:11:55,140 [52743044-8979-4a08-8013-92a14c548982@group-146C50BE7901-LeaderElection154] INFO  impl.LeaderElection (LeaderElection.java:askForVotes(178)) - 52743044-8979-4a08-8013-92a14c548982@group-146C50BE7901-LeaderElection154: begin an election at term 178 for -1: [904f39be-c3d3-4df4-99c0-2e4526e577e3:192.168.157.254:45339, 52743044-8979-4a08-8013-92a14c548982:192.168.157.254:36428, 65da0c80-3604-4ac2-9a39-ee88d748a153:192.168.157.254:37466], old=null
2019-10-16 21:11:55,143 [grpc-default-executor-0] INFO  impl.RaftServerImpl (RaftServerImpl.java:setRole(184)) - 65da0c80-3604-4ac2-9a39-ee88d748a153@group-146C50BE7901: changes role from  FOLLOWER to FOLLOWER at term 178 for recognizeCandidate:52743044-8979-4a08-8013-92a14c548982
2019-10-16 21:11:55,143 [grpc-default-executor-0] INFO  impl.RoleInfo (RoleInfo.java:shutdownFollowerState(121)) - 65da0c80-3604-4ac2-9a39-ee88d748a153: shutdown FollowerState
2019-10-16 21:11:55,143 [grpc-default-executor-1] INFO  impl.RaftServerImpl (RaftServerImpl.java:setRole(184)) - 904f39be-c3d3-4df4-99c0-2e4526e577e3@group-146C50BE7901: changes role from  FOLLOWER to FOLLOWER at term 178 for recognizeCandidate:52743044-8979-4a08-8013-92a14c548982
2019-10-16 21:11:55,143 [Thread-1274] INFO  impl.FollowerState (FollowerState.java:run(117)) - 65da0c80-3604-4ac2-9a39-ee88d748a153@group-146C50BE7901-FollowerState was interrupted: java.lang.InterruptedException: sleep interrupted
2019-10-16 21:11:55,143 [grpc-default-executor-0] INFO  impl.RoleInfo (RoleInfo.java:updateAndGet(143)) - 65da0c80-3604-4ac2-9a39-ee88d748a153: start FollowerState
2019-10-16 21:11:55,143 [grpc-default-executor-1] INFO  impl.RoleInfo (RoleInfo.java:shutdownFollowerState(121)) - 904f39be-c3d3-4df4-99c0-2e4526e577e3: shutdown FollowerState
2019-10-16 21:11:55,143 [grpc-default-executor-1] INFO  impl.RoleInfo (RoleInfo.java:updateAndGet(143)) - 904f39be-c3d3-4df4-99c0-2e4526e577e3: start FollowerState
2019-10-16 21:11:55,144 [Thread-1275] INFO  impl.FollowerState (FollowerState.java:run(117)) - 904f39be-c3d3-4df4-99c0-2e4526e577e3@group-146C50BE7901-FollowerState was interrupted: java.lang.InterruptedException: sleep interrupted
2019-10-16 21:11:55,187 [52743044-8979-4a08-8013-92a14c548982@group-146C50BE7901-LeaderElection154] INFO  impl.LeaderElection (LeaderElection.java:logAndReturn(56)) - 52743044-8979-4a08-8013-92a14c548982@group-146C50BE7901-LeaderElection154: Election REJECTED; received 2 response(s) [52743044-8979-4a08-8013-92a14c548982<-904f39be-c3d3-4df4-99c0-2e4526e577e3#0:FAIL-t178, 52743044-8979-4a08-8013-92a14c548982<-65da0c80-3604-4ac2-9a39-ee88d748a153#0:FAIL-t178] and 0 exception(s); 52743044-8979-4a08-8013-92a14c548982@group-146C50BE7901:t178, leader=null, voted=52743044-8979-4a08-8013-92a14c548982, raftlog=52743044-8979-4a08-8013-92a14c548982@group-146C50BE7901-SegmentedRaftLog:OPENED:c-1,f-1,i0, conf=-1: [904f39be-c3d3-4df4-99c0-2e4526e577e3:192.168.157.254:45339, 52743044-8979-4a08-8013-92a14c548982:192.168.157.254:36428, 65da0c80-3604-4ac2-9a39-ee88d748a153:192.168.157.254:37466], old=null
2019-10-16 21:11:55,187 [52743044-8979-4a08-8013-92a14c548982@group-146C50BE7901-LeaderElection154] INFO  impl.RaftServerImpl (RaftServerImpl.java:setRole(184)) - 52743044-8979-4a08-8013-92a14c548982@group-146C50BE7901: changes role from CANDIDATE to FOLLOWER at term 178 for DISCOVERED_A_NEW_TERM
2019-10-16 21:11:55,187 [52743044-8979-4a08-8013-92a14c548982@group-146C50BE7901-LeaderElection154] INFO  impl.RoleInfo (RoleInfo.java:shutdownLeaderElection(134)) - 52743044-8979-4a08-8013-92a14c548982: shutdown LeaderElection
2019-10-16 21:11:55,187 [52743044-8979-4a08-8013-92a14c548982@group-146C50BE7901-LeaderElection154] INFO  impl.RoleInfo (RoleInfo.java:updateAndGet(143)) - 52743044-8979-4a08-8013-92a14c548982: start FollowerState
2019-10-16 21:11:55,206 [main] INFO  ozone.MiniOzoneClusterImpl (MiniOzoneClusterImpl.java:lambda$waitForClusterToBeReady$2(164)) - Waiting for 1 number of pipelines out of 4, to report a leader.
2019-10-16 21:11:55,270 [Thread-1282] INFO  impl.FollowerState (FollowerState.java:run(108)) - 52743044-8979-4a08-8013-92a14c548982@group-146C50BE7901-FollowerState: change to CANDIDATE, lastRpcTime:83ms, electionTimeout:83ms
2019-10-16 21:11:55,271 [Thread-1282] INFO  impl.RoleInfo (RoleInfo.java:shutdownFollowerState(121)) - 52743044-8979-4a08-8013-92a14c548982: shutdown FollowerState
2019-10-16 21:11:55,271 [Thread-1282] INFO  impl.RaftServerImpl (RaftServerImpl.java:setRole(184)) - 52743044-8979-4a08-8013-92a14c548982@group-146C50BE7901: changes role from  FOLLOWER to CANDIDATE at term 178 for changeToCandidate
2019-10-16 21:11:55,271 [Thread-1282] INFO  impl.RoleInfo (RoleInfo.java:updateAndGet(143)) - 52743044-8979-4a08-8013-92a14c548982: start LeaderElection
2019-10-16 21:11:55,285 [52743044-8979-4a08-8013-92a14c548982@group-146C50BE7901-LeaderElection155] INFO  impl.LeaderElection (LeaderElection.java:askForVotes(178)) - 52743044-8979-4a08-8013-92a14c548982@group-146C50BE7901-LeaderElection155: begin an election at term 179 for -1: [904f39be-c3d3-4df4-99c0-2e4526e577e3:192.168.157.254:45339, 52743044-8979-4a08-8013-92a14c548982:192.168.157.254:36428, 65da0c80-3604-4ac2-9a39-ee88d748a153:192.168.157.254:37466], old=null
2019-10-16 21:11:55,287 [grpc-default-executor-1] INFO  impl.RaftServerImpl (RaftServerImpl.java:setRole(184)) - 904f39be-c3d3-4df4-99c0-2e4526e577e3@group-146C50BE7901: changes role from  FOLLOWER to FOLLOWER at term 179 for recognizeCandidate:52743044-8979-4a08-8013-92a14c548982
2019-10-16 21:11:55,287 [grpc-default-executor-1] INFO  impl.RoleInfo (RoleInfo.java:shutdownFollowerState(121)) - 904f39be-c3d3-4df4-99c0-2e4526e577e3: shutdown FollowerState
2019-10-16 21:11:55,287 [grpc-default-executor-0] INFO  impl.RaftServerImpl (RaftServerImpl.java:setRole(184)) - 65da0c80-3604-4ac2-9a39-ee88d748a153@group-146C50BE7901: changes role from  FOLLOWER to FOLLOWER at term 179 for recognizeCandidate:52743044-8979-4a08-8013-92a14c548982
2019-10-16 21:11:55,287 [Thread-1281] INFO  impl.FollowerState (FollowerState.java:run(117)) - 904f39be-c3d3-4df4-99c0-2e4526e577e3@group-146C50BE7901-FollowerState was interrupted: java.lang.InterruptedException: sleep interrupted
2019-10-16 21:11:55,287 [grpc-default-executor-1] INFO  impl.RoleInfo (RoleInfo.java:updateAndGet(143)) - 904f39be-c3d3-4df4-99c0-2e4526e577e3: start FollowerState
2019-10-16 21:11:55,287 [grpc-default-executor-0] INFO  impl.RoleInfo (RoleInfo.java:shutdownFollowerState(121)) - 65da0c80-3604-4ac2-9a39-ee88d748a153: shutdown FollowerState
2019-10-16 21:11:55,288 [grpc-default-executor-0] INFO  impl.RoleInfo (RoleInfo.java:updateAndGet(143)) - 65da0c80-3604-4ac2-9a39-ee88d748a153: start FollowerState
2019-10-16 21:11:55,288 [Thread-1280] INFO  impl.FollowerState (FollowerState.java:run(117)) - 65da0c80-3604-4ac2-9a39-ee88d748a153@group-146C50BE7901-FollowerState was interrupted: java.lang.InterruptedException: sleep interrupted
2019-10-16 21:11:55,304 [52743044-8979-4a08-8013-92a14c548982@group-146C50BE7901-LeaderElection155] INFO  impl.LeaderElection (LeaderElection.java:logAndReturn(56)) - 52743044-8979-4a08-8013-92a14c548982@group-146C50BE7901-LeaderElection155: Election REJECTED; received 2 response(s) [52743044-8979-4a08-8013-92a14c548982<-904f39be-c3d3-4df4-99c0-2e4526e577e3#0:FAIL-t179, 52743044-8979-4a08-8013-92a14c548982<-65da0c80-3604-4ac2-9a39-ee88d748a153#0:FAIL-t179] and 0 exception(s); 52743044-8979-4a08-8013-92a14c548982@group-146C50BE7901:t179, leader=null, voted=52743044-8979-4a08-8013-92a14c548982, raftlog=52743044-8979-4a08-8013-92a14c548982@group-146C50BE7901-SegmentedRaftLog:OPENED:c-1,f-1,i0, conf=-1: [904f39be-c3d3-4df4-99c0-2e4526e577e3:192.168.157.254:45339, 52743044-8979-4a08-8013-92a14c548982:192.168.157.254:36428, 65da0c80-3604-4ac2-9a39-ee88d748a153:192.168.157.254:37466], old=null
2019-10-16 21:11:55,304 [52743044-8979-4a08-8013-92a14c548982@group-146C50BE7901-LeaderElection155] INFO  impl.RaftServerImpl (RaftServerImpl.java:setRole(184)) - 52743044-8979-4a08-8013-92a14c548982@group-146C50BE7901: changes role from CANDIDATE to FOLLOWER at term 179 for DISCOVERED_A_NEW_TERM
2019-10-16 21:11:55,304 [52743044-8979-4a08-8013-92a14c548982@group-146C50BE7901-LeaderElection155] INFO  impl.RoleInfo (RoleInfo.java:shutdownLeaderElection(134)) - 52743044-8979-4a08-8013-92a14c548982: shutdown LeaderElection
2019-10-16 21:11:55,304 [52743044-8979-4a08-8013-92a14c548982@group-146C50BE7901-LeaderElection155] INFO  impl.RoleInfo (RoleInfo.java:updateAndGet(143)) - 52743044-8979-4a08-8013-92a14c548982: start FollowerState
2019-10-16 21:11:55,386 [Thread-1288] INFO  impl.FollowerState (FollowerState.java:run(108)) - 52743044-8979-4a08-8013-92a14c548982@group-146C50BE7901-FollowerState: change to CANDIDATE, lastRpcTime:81ms, electionTimeout:81ms
2019-10-16 21:11:55,386 [Thread-1288] INFO  impl.RoleInfo (RoleInfo.java:shutdownFollowerState(121)) - 52743044-8979-4a08-8013-92a14c548982: shutdown FollowerState
2019-10-16 21:11:55,386 [Thread-1288] INFO  impl.RaftServerImpl (RaftServerImpl.java:setRole(184)) - 52743044-8979-4a08-8013-92a14c548982@group-146C50BE7901: changes role from  FOLLOWER to CANDIDATE at term 179 for changeToCandidate
2019-10-16 21:11:55,386 [Thread-1288] INFO  impl.RoleInfo (RoleInfo.java:updateAndGet(143)) - 52743044-8979-4a08-8013-92a14c548982: start LeaderElection
2019-10-16 21:11:55,400 [52743044-8979-4a08-8013-92a14c548982@group-146C50BE7901-LeaderElection156] INFO  impl.LeaderElection (LeaderElection.java:askForVotes(178)) - 52743044-8979-4a08-8013-92a14c548982@group-146C50BE7901-LeaderElection156: begin an election at term 180 for -1: [904f39be-c3d3-4df4-99c0-2e4526e577e3:192.168.157.254:45339, 52743044-8979-4a08-8013-92a14c548982:192.168.157.254:36428, 65da0c80-3604-4ac2-9a39-ee88d748a153:192.168.157.254:37466], old=null
2019-10-16 21:11:55,402 [grpc-default-executor-1] INFO  impl.RaftServerImpl (RaftServerImpl.java:setRole(184)) - 65da0c80-3604-4ac2-9a39-ee88d748a153@group-146C50BE7901: changes role from  FOLLOWER to FOLLOWER at term 180 for recognizeCandidate:52743044-8979-4a08-8013-92a14c548982
2019-10-16 21:11:55,402 [grpc-default-executor-1] INFO  impl.RoleInfo (RoleInfo.java:shutdownFollowerState(121)) - 65da0c80-3604-4ac2-9a39-ee88d748a153: shutdown FollowerState
2019-10-16 21:11:55,402 [grpc-default-executor-1] INFO  impl.RoleInfo (RoleInfo.java:updateAndGet(143)) - 65da0c80-3604-4ac2-9a39-ee88d748a153: start FollowerState
2019-10-16 21:11:55,402 [Thread-1287] INFO  impl.FollowerState (FollowerState.java:run(117)) - 65da0c80-3604-4ac2-9a39-ee88d748a153@group-146C50BE7901-FollowerState was interrupted: java.lang.InterruptedException: sleep interrupted
2019-10-16 21:11:55,402 [grpc-default-executor-0] INFO  impl.RaftServerImpl (RaftServerImpl.java:setRole(184)) - 904f39be-c3d3-4df4-99c0-2e4526e577e3@group-146C50BE7901: changes role from  FOLLOWER to FOLLOWER at term 180 for recognizeCandidate:52743044-8979-4a08-8013-92a14c548982
2019-10-16 21:11:55,403 [grpc-default-executor-0] INFO  impl.RoleInfo (RoleInfo.java:shutdownFollowerState(121)) - 904f39be-c3d3-4df4-99c0-2e4526e577e3: shutdown FollowerState
2019-10-16 21:11:55,403 [grpc-default-executor-0] INFO  impl.RoleInfo (RoleInfo.java:updateAndGet(143)) - 904f39be-c3d3-4df4-99c0-2e4526e577e3: start FollowerState
2019-10-16 21:11:55,403 [Thread-1286] INFO  impl.FollowerState (FollowerState.java:run(117)) - 904f39be-c3d3-4df4-99c0-2e4526e577e3@group-146C50BE7901-FollowerState was interrupted: java.lang.InterruptedException: sleep interrupted
2019-10-16 21:11:55,417 [52743044-8979-4a08-8013-92a14c548982@group-146C50BE7901-LeaderElection156] INFO  impl.LeaderElection (LeaderElection.java:logAndReturn(56)) - 52743044-8979-4a08-8013-92a14c548982@group-146C50BE7901-LeaderElection156: Election REJECTED; received 2 response(s) [52743044-8979-4a08-8013-92a14c548982<-904f39be-c3d3-4df4-99c0-2e4526e577e3#0:FAIL-t180, 52743044-8979-4a08-8013-92a14c548982<-65da0c80-3604-4ac2-9a39-ee88d748a153#0:FAIL-t180] and 0 exception(s); 52743044-8979-4a08-8013-92a14c548982@group-146C50BE7901:t180, leader=null, voted=52743044-8979-4a08-8013-92a14c548982, raftlog=52743044-8979-4a08-8013-92a14c548982@group-146C50BE7901-SegmentedRaftLog:OPENED:c-1,f-1,i0, conf=-1: [904f39be-c3d3-4df4-99c0-2e4526e577e3:192.168.157.254:45339, 52743044-8979-4a08-8013-92a14c548982:192.168.157.254:36428, 65da0c80-3604-4ac2-9a39-ee88d748a153:192.168.157.254:37466], old=null
2019-10-16 21:11:55,418 [52743044-8979-4a08-8013-92a14c548982@group-146C50BE7901-LeaderElection156] INFO  impl.RaftServerImpl (RaftServerImpl.java:setRole(184)) - 52743044-8979-4a08-8013-92a14c548982@group-146C50BE7901: changes role from CANDIDATE to FOLLOWER at term 180 for DISCOVERED_A_NEW_TERM
2019-10-16 21:11:55,418 [52743044-8979-4a08-8013-92a14c548982@group-146C50BE7901-LeaderElection156] INFO  impl.RoleInfo (RoleInfo.java:shutdownLeaderElection(134)) - 52743044-8979-4a08-8013-92a14c548982: shutdown LeaderElection
2019-10-16 21:11:55,418 [52743044-8979-4a08-8013-92a14c548982@group-146C50BE7901-LeaderElection156] INFO  impl.RoleInfo (RoleInfo.java:updateAndGet(143)) - 52743044-8979-4a08-8013-92a14c548982: start FollowerState
2019-10-16 21:11:55,585 [Thread-1294] INFO  impl.FollowerState (FollowerState.java:run(108)) - 52743044-8979-4a08-8013-92a14c548982@group-146C50BE7901-FollowerState: change to CANDIDATE, lastRpcTime:167ms, electionTimeout:167ms
2019-10-16 21:11:55,585 [Thread-1294] INFO  impl.RoleInfo (RoleInfo.java:shutdownFollowerState(121)) - 52743044-8979-4a08-8013-92a14c548982: shutdown FollowerState
2019-10-16 21:11:55,586 [Thread-1294] INFO  impl.RaftServerImpl (RaftServerImpl.java:setRole(184)) - 52743044-8979-4a08-8013-92a14c548982@group-146C50BE7901: changes role from  FOLLOWER to CANDIDATE at term 180 for changeToCandidate
2019-10-16 21:11:55,586 [Thread-1294] INFO  impl.RoleInfo (RoleInfo.java:updateAndGet(143)) - 52743044-8979-4a08-8013-92a14c548982: start LeaderElection
2019-10-16 21:11:55,636 [52743044-8979-4a08-8013-92a14c548982@group-146C50BE7901-LeaderElection157] INFO  impl.LeaderElection (LeaderElection.java:askForVotes(178)) - 52743044-8979-4a08-8013-92a14c548982@group-146C50BE7901-LeaderElection157: begin an election at term 181 for -1: [904f39be-c3d3-4df4-99c0-2e4526e577e3:192.168.157.254:45339, 52743044-8979-4a08-8013-92a14c548982:192.168.157.254:36428, 65da0c80-3604-4ac2-9a39-ee88d748a153:192.168.157.254:37466], old=null
2019-10-16 21:11:55,638 [grpc-default-executor-0] INFO  impl.RaftServerImpl (RaftServerImpl.java:setRole(184)) - 904f39be-c3d3-4df4-99c0-2e4526e577e3@group-146C50BE7901: changes role from  FOLLOWER to FOLLOWER at term 181 for recognizeCandidate:52743044-8979-4a08-8013-92a14c548982
2019-10-16 21:11:55,638 [grpc-default-executor-0] INFO  impl.RoleInfo (RoleInfo.java:shutdownFollowerState(121)) - 904f39be-c3d3-4df4-99c0-2e4526e577e3: shutdown FollowerState
2019-10-16 21:11:55,638 [grpc-default-executor-1] INFO  impl.RaftServerImpl (RaftServerImpl.java:setRole(184)) - 65da0c80-3604-4ac2-9a39-ee88d748a153@group-146C50BE7901: changes role from  FOLLOWER to FOLLOWER at term 181 for recognizeCandidate:52743044-8979-4a08-8013-92a14c548982
2019-10-16 21:11:55,639 [grpc-default-executor-0] INFO  impl.RoleInfo (RoleInfo.java:updateAndGet(143)) - 904f39be-c3d3-4df4-99c0-2e4526e577e3: start FollowerState
2019-10-16 21:11:55,639 [Thread-1293] INFO  impl.FollowerState (FollowerState.java:run(117)) - 904f39be-c3d3-4df4-99c0-2e4526e577e3@group-146C50BE7901-FollowerState was interrupted: java.lang.InterruptedException: sleep interrupted
2019-10-16 21:11:55,639 [grpc-default-executor-1] INFO  impl.RoleInfo (RoleInfo.java:shutdownFollowerState(121)) - 65da0c80-3604-4ac2-9a39-ee88d748a153: shutdown FollowerState
2019-10-16 21:11:55,639 [grpc-default-executor-1] INFO  impl.RoleInfo (RoleInfo.java:updateAndGet(143)) - 65da0c80-3604-4ac2-9a39-ee88d748a153: start FollowerState
2019-10-16 21:11:55,639 [Thread-1292] INFO  impl.FollowerState (FollowerState.java:run(117)) - 65da0c80-3604-4ac2-9a39-ee88d748a153@group-146C50BE7901-FollowerState was interrupted: java.lang.InterruptedException: sleep interrupted
2019-10-16 21:11:55,640 [52743044-8979-4a08-8013-92a14c548982@group-146C50BE7901-LeaderElection157] INFO  impl.LeaderElection (LeaderElection.java:logAndReturn(56)) - 52743044-8979-4a08-8013-92a14c548982@group-146C50BE7901-LeaderElection157: Election TIMEOUT; received 0 response(s) [] and 0 exception(s); 52743044-8979-4a08-8013-92a14c548982@group-146C50BE7901:t181, leader=null, voted=52743044-8979-4a08-8013-92a14c548982, raftlog=52743044-8979-4a08-8013-92a14c548982@group-146C50BE7901-SegmentedRaftLog:OPENED:c-1,f-1,i0, conf=-1: [904f39be-c3d3-4df4-99c0-2e4526e577e3:192.168.157.254:45339, 52743044-8979-4a08-8013-92a14c548982:192.168.157.254:36428, 65da0c80-3604-4ac2-9a39-ee88d748a153:192.168.157.254:37466], old=null
2019-10-16 21:11:55,660 [52743044-8979-4a08-8013-92a14c548982@group-146C50BE7901-LeaderElection157] INFO  impl.LeaderElection (LeaderElection.java:askForVotes(178)) - 52743044-8979-4a08-8013-92a14c548982@group-146C50BE7901-LeaderElection157: begin an election at term 182 for -1: [904f39be-c3d3-4df4-99c0-2e4526e577e3:192.168.157.254:45339, 52743044-8979-4a08-8013-92a14c548982:192.168.157.254:36428, 65da0c80-3604-4ac2-9a39-ee88d748a153:192.168.157.254:37466], old=null
2019-10-16 21:11:55,662 [grpc-default-executor-1] INFO  impl.RaftServerImpl (RaftServerImpl.java:setRole(184)) - 904f39be-c3d3-4df4-99c0-2e4526e577e3@group-146C50BE7901: changes role from  FOLLOWER to FOLLOWER at term 182 for recognizeCandidate:52743044-8979-4a08-8013-92a14c548982
2019-10-16 21:11:55,662 [grpc-default-executor-1] INFO  impl.RoleInfo (RoleInfo.java:shutdownFollowerState(121)) - 904f39be-c3d3-4df4-99c0-2e4526e577e3: shutdown FollowerState
2019-10-16 21:11:55,662 [grpc-default-executor-1] INFO  impl.RoleInfo (RoleInfo.java:updateAndGet(143)) - 904f39be-c3d3-4df4-99c0-2e4526e577e3: start FollowerState
2019-10-16 21:11:55,662 [Thread-1298] INFO  impl.FollowerState (FollowerState.java:run(117)) - 904f39be-c3d3-4df4-99c0-2e4526e577e3@group-146C50BE7901-FollowerState was interrupted: java.lang.InterruptedException: sleep interrupted
2019-10-16 21:11:55,662 [grpc-default-executor-0] INFO  impl.RaftServerImpl (RaftServerImpl.java:setRole(184)) - 65da0c80-3604-4ac2-9a39-ee88d748a153@group-146C50BE7901: changes role from  FOLLOWER to FOLLOWER at term 182 for recognizeCandidate:52743044-8979-4a08-8013-92a14c548982
2019-10-16 21:11:55,662 [grpc-default-executor-0] INFO  impl.RoleInfo (RoleInfo.java:shutdownFollowerState(121)) - 65da0c80-3604-4ac2-9a39-ee88d748a153: shutdown FollowerState
2019-10-16 21:11:55,663 [grpc-default-executor-0] INFO  impl.RoleInfo (RoleInfo.java:updateAndGet(143)) - 65da0c80-3604-4ac2-9a39-ee88d748a153: start FollowerState
2019-10-16 21:11:55,663 [Thread-1299] INFO  impl.FollowerState (FollowerState.java:run(117)) - 65da0c80-3604-4ac2-9a39-ee88d748a153@group-146C50BE7901-FollowerState was interrupted: java.lang.InterruptedException: sleep interrupted
2019-10-16 21:11:55,718 [52743044-8979-4a08-8013-92a14c548982@group-146C50BE7901-LeaderElection157] INFO  impl.LeaderElection (LeaderElection.java:logAndReturn(56)) - 52743044-8979-4a08-8013-92a14c548982@group-146C50BE7901-LeaderElection157: Election REJECTED; received 2 response(s) [52743044-8979-4a08-8013-92a14c548982<-904f39be-c3d3-4df4-99c0-2e4526e577e3#0:FAIL-t182, 52743044-8979-4a08-8013-92a14c548982<-65da0c80-3604-4ac2-9a39-ee88d748a153#0:FAIL-t182] and 0 exception(s); 52743044-8979-4a08-8013-92a14c548982@group-146C50BE7901:t182, leader=null, voted=52743044-8979-4a08-8013-92a14c548982, raftlog=52743044-8979-4a08-8013-92a14c548982@group-146C50BE7901-SegmentedRaftLog:OPENED:c-1,f-1,i0, conf=-1: [904f39be-c3d3-4df4-99c0-2e4526e577e3:192.168.157.254:45339, 52743044-8979-4a08-8013-92a14c548982:192.168.157.254:36428, 65da0c80-3604-4ac2-9a39-ee88d748a153:192.168.157.254:37466], old=null
2019-10-16 21:11:55,719 [52743044-8979-4a08-8013-92a14c548982@group-146C50BE7901-LeaderElection157] INFO  impl.RaftServerImpl (RaftServerImpl.java:setRole(184)) - 52743044-8979-4a08-8013-92a14c548982@group-146C50BE7901: changes role from CANDIDATE to FOLLOWER at term 182 for DISCOVERED_A_NEW_TERM
2019-10-16 21:11:55,719 [52743044-8979-4a08-8013-92a14c548982@group-146C50BE7901-LeaderElection157] INFO  impl.RoleInfo (RoleInfo.java:shutdownLeaderElection(134)) - 52743044-8979-4a08-8013-92a14c548982: shutdown LeaderElection
2019-10-16 21:11:55,719 [52743044-8979-4a08-8013-92a14c548982@group-146C50BE7901-LeaderElection157] INFO  impl.RoleInfo (RoleInfo.java:updateAndGet(143)) - 52743044-8979-4a08-8013-92a14c548982: start FollowerState
2019-10-16 21:11:55,801 [Thread-1304] INFO  impl.FollowerState (FollowerState.java:run(108)) - 52743044-8979-4a08-8013-92a14c548982@group-146C50BE7901-FollowerState: change to CANDIDATE, lastRpcTime:82ms, electionTimeout:82ms
2019-10-16 21:11:55,802 [Thread-1304] INFO  impl.RoleInfo (RoleInfo.java:shutdownFollowerState(121)) - 52743044-8979-4a08-8013-92a14c548982: shutdown FollowerState
2019-10-16 21:11:55,802 [Thread-1304] INFO  impl.RaftServerImpl (RaftServerImpl.java:setRole(184)) - 52743044-8979-4a08-8013-92a14c548982@group-146C50BE7901: changes role from  FOLLOWER to CANDIDATE at term 182 for changeToCandidate
2019-10-16 21:11:55,802 [Thread-1304] INFO  impl.RoleInfo (RoleInfo.java:updateAndGet(143)) - 52743044-8979-4a08-8013-92a14c548982: start LeaderElection
2019-10-16 21:11:55,827 [52743044-8979-4a08-8013-92a14c548982@group-146C50BE7901-LeaderElection158] INFO  impl.LeaderElection (LeaderElection.java:askForVotes(178)) - 52743044-8979-4a08-8013-92a14c548982@group-146C50BE7901-LeaderElection158: begin an election at term 183 for -1: [904f39be-c3d3-4df4-99c0-2e4526e577e3:192.168.157.254:45339, 52743044-8979-4a08-8013-92a14c548982:192.168.157.254:36428, 65da0c80-3604-4ac2-9a39-ee88d748a153:192.168.157.254:37466], old=null
2019-10-16 21:11:55,830 [grpc-default-executor-1] INFO  impl.RaftServerImpl (RaftServerImpl.java:setRole(184)) - 65da0c80-3604-4ac2-9a39-ee88d748a153@group-146C50BE7901: changes role from  FOLLOWER to FOLLOWER at term 183 for recognizeCandidate:52743044-8979-4a08-8013-92a14c548982
2019-10-16 21:11:55,830 [grpc-default-executor-0] INFO  impl.RaftServerImpl (RaftServerImpl.java:setRole(184)) - 904f39be-c3d3-4df4-99c0-2e4526e577e3@group-146C50BE7901: changes role from  FOLLOWER to FOLLOWER at term 183 for recognizeCandidate:52743044-8979-4a08-8013-92a14c548982
2019-10-16 21:11:55,830 [grpc-default-executor-1] INFO  impl.RoleInfo (RoleInfo.java:shutdownFollowerState(121)) - 65da0c80-3604-4ac2-9a39-ee88d748a153: shutdown FollowerState
2019-10-16 21:11:55,830 [grpc-default-executor-0] INFO  impl.RoleInfo (RoleInfo.java:shutdownFollowerState(121)) - 904f39be-c3d3-4df4-99c0-2e4526e577e3: shutdown FollowerState
2019-10-16 21:11:55,830 [grpc-default-executor-1] INFO  impl.RoleInfo (RoleInfo.java:updateAndGet(143)) - 65da0c80-3604-4ac2-9a39-ee88d748a153: start FollowerState
2019-10-16 21:11:55,831 [Thread-1303] INFO  impl.FollowerState (FollowerState.java:run(117)) - 65da0c80-3604-4ac2-9a39-ee88d748a153@group-146C50BE7901-FollowerState was interrupted: java.lang.InterruptedException: sleep interrupted
2019-10-16 21:11:55,831 [grpc-default-executor-0] INFO  impl.RoleInfo (RoleInfo.java:updateAndGet(143)) - 904f39be-c3d3-4df4-99c0-2e4526e577e3: start FollowerState
2019-10-16 21:11:55,831 [Thread-1302] INFO  impl.FollowerState (FollowerState.java:run(117)) - 904f39be-c3d3-4df4-99c0-2e4526e577e3@group-146C50BE7901-FollowerState was interrupted: java.lang.InterruptedException: sleep interrupted
2019-10-16 21:11:55,889 [52743044-8979-4a08-8013-92a14c548982@group-146C50BE7901-LeaderElection158] INFO  impl.LeaderElection (LeaderElection.java:logAndReturn(56)) - 52743044-8979-4a08-8013-92a14c548982@group-146C50BE7901-LeaderElection158: Election REJECTED; received 2 response(s) [52743044-8979-4a08-8013-92a14c548982<-904f39be-c3d3-4df4-99c0-2e4526e577e3#0:FAIL-t183, 52743044-8979-4a08-8013-92a14c548982<-65da0c80-3604-4ac2-9a39-ee88d748a153#0:FAIL-t183] and 0 exception(s); 52743044-8979-4a08-8013-92a14c548982@group-146C50BE7901:t183, leader=null, voted=52743044-8979-4a08-8013-92a14c548982, raftlog=52743044-8979-4a08-8013-92a14c548982@group-146C50BE7901-SegmentedRaftLog:OPENED:c-1,f-1,i0, conf=-1: [904f39be-c3d3-4df4-99c0-2e4526e577e3:192.168.157.254:45339, 52743044-8979-4a08-8013-92a14c548982:192.168.157.254:36428, 65da0c80-3604-4ac2-9a39-ee88d748a153:192.168.157.254:37466], old=null
2019-10-16 21:11:55,889 [52743044-8979-4a08-8013-92a14c548982@group-146C50BE7901-LeaderElection158] INFO  impl.RaftServerImpl (RaftServerImpl.java:setRole(184)) - 52743044-8979-4a08-8013-92a14c548982@group-146C50BE7901: changes role from CANDIDATE to FOLLOWER at term 183 for DISCOVERED_A_NEW_TERM
2019-10-16 21:11:55,889 [52743044-8979-4a08-8013-92a14c548982@group-146C50BE7901-LeaderElection158] INFO  impl.RoleInfo (RoleInfo.java:shutdownLeaderElection(134)) - 52743044-8979-4a08-8013-92a14c548982: shutdown LeaderElection
2019-10-16 21:11:55,890 [52743044-8979-4a08-8013-92a14c548982@group-146C50BE7901-LeaderElection158] INFO  impl.RoleInfo (RoleInfo.java:updateAndGet(143)) - 52743044-8979-4a08-8013-92a14c548982: start FollowerState
2019-10-16 21:11:56,016 [Thread-1310] INFO  impl.FollowerState (FollowerState.java:run(108)) - 52743044-8979-4a08-8013-92a14c548982@group-146C50BE7901-FollowerState: change to CANDIDATE, lastRpcTime:126ms, electionTimeout:126ms
2019-10-16 21:11:56,016 [Thread-1310] INFO  impl.RoleInfo (RoleInfo.java:shutdownFollowerState(121)) - 52743044-8979-4a08-8013-92a14c548982: shutdown FollowerState
2019-10-16 21:11:56,016 [Thread-1310] INFO  impl.RaftServerImpl (RaftServerImpl.java:setRole(184)) - 52743044-8979-4a08-8013-92a14c548982@group-146C50BE7901: changes role from  FOLLOWER to CANDIDATE at term 183 for changeToCandidate
2019-10-16 21:11:56,017 [Thread-1310] INFO  impl.RoleInfo (RoleInfo.java:updateAndGet(143)) - 52743044-8979-4a08-8013-92a14c548982: start LeaderElection
2019-10-16 21:11:56,031 [52743044-8979-4a08-8013-92a14c548982@group-146C50BE7901-LeaderElection159] INFO  impl.LeaderElection (LeaderElection.java:askForVotes(178)) - 52743044-8979-4a08-8013-92a14c548982@group-146C50BE7901-LeaderElection159: begin an election at term 184 for -1: [904f39be-c3d3-4df4-99c0-2e4526e577e3:192.168.157.254:45339, 52743044-8979-4a08-8013-92a14c548982:192.168.157.254:36428, 65da0c80-3604-4ac2-9a39-ee88d748a153:192.168.157.254:37466], old=null
2019-10-16 21:11:56,033 [grpc-default-executor-1] INFO  impl.RaftServerImpl (RaftServerImpl.java:setRole(184)) - 904f39be-c3d3-4df4-99c0-2e4526e577e3@group-146C50BE7901: changes role from  FOLLOWER to FOLLOWER at term 184 for recognizeCandidate:52743044-8979-4a08-8013-92a14c548982
2019-10-16 21:11:56,033 [grpc-default-executor-1] INFO  impl.RoleInfo (RoleInfo.java:shutdownFollowerState(121)) - 904f39be-c3d3-4df4-99c0-2e4526e577e3: shutdown FollowerState
2019-10-16 21:11:56,033 [grpc-default-executor-0] INFO  impl.RaftServerImpl (RaftServerImpl.java:setRole(184)) - 65da0c80-3604-4ac2-9a39-ee88d748a153@group-146C50BE7901: changes role from  FOLLOWER to FOLLOWER at term 184 for recognizeCandidate:52743044-8979-4a08-8013-92a14c548982
2019-10-16 21:11:56,033 [Thread-1309] INFO  impl.FollowerState (FollowerState.java:run(117)) - 904f39be-c3d3-4df4-99c0-2e4526e577e3@group-146C50BE7901-FollowerState was interrupted: java.lang.InterruptedException: sleep interrupted
2019-10-16 21:11:56,033 [grpc-default-executor-0] INFO  impl.RoleInfo (RoleInfo.java:shutdownFollowerState(121)) - 65da0c80-3604-4ac2-9a39-ee88d748a153: shutdown FollowerState
2019-10-16 21:11:56,033 [grpc-default-executor-1] INFO  impl.RoleInfo (RoleInfo.java:updateAndGet(143)) - 904f39be-c3d3-4df4-99c0-2e4526e577e3: start FollowerState
2019-10-16 21:11:56,034 [Thread-1308] INFO  impl.FollowerState (FollowerState.java:run(117)) - 65da0c80-3604-4ac2-9a39-ee88d748a153@group-146C50BE7901-FollowerState was interrupted: java.lang.InterruptedException: sleep interrupted
2019-10-16 21:11:56,034 [grpc-default-executor-0] INFO  impl.RoleInfo (RoleInfo.java:updateAndGet(143)) - 65da0c80-3604-4ac2-9a39-ee88d748a153: start FollowerState
2019-10-16 21:11:56,054 [52743044-8979-4a08-8013-92a14c548982@group-146C50BE7901-LeaderElection159] INFO  impl.LeaderElection (LeaderElection.java:logAndReturn(56)) - 52743044-8979-4a08-8013-92a14c548982@group-146C50BE7901-LeaderElection159: Election REJECTED; received 2 response(s) [52743044-8979-4a08-8013-92a14c548982<-904f39be-c3d3-4df4-99c0-2e4526e577e3#0:FAIL-t184, 52743044-8979-4a08-8013-92a14c548982<-65da0c80-3604-4ac2-9a39-ee88d748a153#0:FAIL-t184] and 0 exception(s); 52743044-8979-4a08-8013-92a14c548982@group-146C50BE7901:t184, leader=null, voted=52743044-8979-4a08-8013-92a14c548982, raftlog=52743044-8979-4a08-8013-92a14c548982@group-146C50BE7901-SegmentedRaftLog:OPENED:c-1,f-1,i0, conf=-1: [904f39be-c3d3-4df4-99c0-2e4526e577e3:192.168.157.254:45339, 52743044-8979-4a08-8013-92a14c548982:192.168.157.254:36428, 65da0c80-3604-4ac2-9a39-ee88d748a153:192.168.157.254:37466], old=null
2019-10-16 21:11:56,055 [52743044-8979-4a08-8013-92a14c548982@group-146C50BE7901-LeaderElection159] INFO  impl.RaftServerImpl (RaftServerImpl.java:setRole(184)) - 52743044-8979-4a08-8013-92a14c548982@group-146C50BE7901: changes role from CANDIDATE to FOLLOWER at term 184 for DISCOVERED_A_NEW_TERM
2019-10-16 21:11:56,055 [52743044-8979-4a08-8013-92a14c548982@group-146C50BE7901-LeaderElection159] INFO  impl.RoleInfo (RoleInfo.java:shutdownLeaderElection(134)) - 52743044-8979-4a08-8013-92a14c548982: shutdown LeaderElection
2019-10-16 21:11:56,055 [52743044-8979-4a08-8013-92a14c548982@group-146C50BE7901-LeaderElection159] INFO  impl.RoleInfo (RoleInfo.java:updateAndGet(143)) - 52743044-8979-4a08-8013-92a14c548982: start FollowerState
2019-10-16 21:11:56,152 [Thread-1316] INFO  impl.FollowerState (FollowerState.java:run(108)) - 52743044-8979-4a08-8013-92a14c548982@group-146C50BE7901-FollowerState: change to CANDIDATE, lastRpcTime:97ms, electionTimeout:97ms
2019-10-16 21:11:56,152 [Thread-1316] INFO  impl.RoleInfo (RoleInfo.java:shutdownFollowerState(121)) - 52743044-8979-4a08-8013-92a14c548982: shutdown FollowerState
2019-10-16 21:11:56,153 [Thread-1316] INFO  impl.RaftServerImpl (RaftServerImpl.java:setRole(184)) - 52743044-8979-4a08-8013-92a14c548982@group-146C50BE7901: changes role from  FOLLOWER to CANDIDATE at term 184 for changeToCandidate
2019-10-16 21:11:56,153 [Thread-1316] INFO  impl.RoleInfo (RoleInfo.java:updateAndGet(143)) - 52743044-8979-4a08-8013-92a14c548982: start LeaderElection
2019-10-16 21:11:56,189 [52743044-8979-4a08-8013-92a14c548982@group-146C50BE7901-LeaderElection160] INFO  impl.LeaderElection (LeaderElection.java:askForVotes(178)) - 52743044-8979-4a08-8013-92a14c548982@group-146C50BE7901-LeaderElection160: begin an election at term 185 for -1: [904f39be-c3d3-4df4-99c0-2e4526e577e3:192.168.157.254:45339, 52743044-8979-4a08-8013-92a14c548982:192.168.157.254:36428, 65da0c80-3604-4ac2-9a39-ee88d748a153:192.168.157.254:37466], old=null
2019-10-16 21:11:56,192 [grpc-default-executor-1] INFO  impl.RaftServerImpl (RaftServerImpl.java:setRole(184)) - 904f39be-c3d3-4df4-99c0-2e4526e577e3@group-146C50BE7901: changes role from  FOLLOWER to FOLLOWER at term 185 for recognizeCandidate:52743044-8979-4a08-8013-92a14c548982
2019-10-16 21:11:56,192 [grpc-default-executor-1] INFO  impl.RoleInfo (RoleInfo.java:shutdownFollowerState(121)) - 904f39be-c3d3-4df4-99c0-2e4526e577e3: shutdown FollowerState
2019-10-16 21:11:56,192 [grpc-default-executor-0] INFO  impl.RaftServerImpl (RaftServerImpl.java:setRole(184)) - 65da0c80-3604-4ac2-9a39-ee88d748a153@group-146C50BE7901: changes role from  FOLLOWER to FOLLOWER at term 185 for recognizeCandidate:52743044-8979-4a08-8013-92a14c548982
2019-10-16 21:11:56,192 [Thread-1314] INFO  impl.FollowerState (FollowerState.java:run(117)) - 904f39be-c3d3-4df4-99c0-2e4526e577e3@group-146C50BE7901-FollowerState was interrupted: java.lang.InterruptedException: sleep interrupted
2019-10-16 21:11:56,192 [grpc-default-executor-1] INFO  impl.RoleInfo (RoleInfo.java:updateAndGet(143)) - 904f39be-c3d3-4df4-99c0-2e4526e577e3: start FollowerState
2019-10-16 21:11:56,192 [grpc-default-executor-0] INFO  impl.RoleInfo (RoleInfo.java:shutdownFollowerState(121)) - 65da0c80-3604-4ac2-9a39-ee88d748a153: shutdown FollowerState
2019-10-16 21:11:56,192 [grpc-default-executor-0] INFO  impl.RoleInfo (RoleInfo.java:updateAndGet(143)) - 65da0c80-3604-4ac2-9a39-ee88d748a153: start FollowerState
2019-10-16 21:11:56,193 [Thread-1315] INFO  impl.FollowerState (FollowerState.java:run(117)) - 65da0c80-3604-4ac2-9a39-ee88d748a153@group-146C50BE7901-FollowerState was interrupted: java.lang.InterruptedException: sleep interrupted
2019-10-16 21:11:56,207 [main] INFO  ozone.MiniOzoneClusterImpl (MiniOzoneClusterImpl.java:lambda$waitForClusterToBeReady$2(164)) - Waiting for 1 number of pipelines out of 4, to report a leader.
2019-10-16 21:11:56,226 [52743044-8979-4a08-8013-92a14c548982@group-146C50BE7901-LeaderElection160] INFO  impl.LeaderElection (LeaderElection.java:logAndReturn(56)) - 52743044-8979-4a08-8013-92a14c548982@group-146C50BE7901-LeaderElection160: Election REJECTED; received 2 response(s) [52743044-8979-4a08-8013-92a14c548982<-904f39be-c3d3-4df4-99c0-2e4526e577e3#0:FAIL-t185, 52743044-8979-4a08-8013-92a14c548982<-65da0c80-3604-4ac2-9a39-ee88d748a153#0:FAIL-t185] and 0 exception(s); 52743044-8979-4a08-8013-92a14c548982@group-146C50BE7901:t185, leader=null, voted=52743044-8979-4a08-8013-92a14c548982, raftlog=52743044-8979-4a08-8013-92a14c548982@group-146C50BE7901-SegmentedRaftLog:OPENED:c-1,f-1,i0, conf=-1: [904f39be-c3d3-4df4-99c0-2e4526e577e3:192.168.157.254:45339, 52743044-8979-4a08-8013-92a14c548982:192.168.157.254:36428, 65da0c80-3604-4ac2-9a39-ee88d748a153:192.168.157.254:37466], old=null
2019-10-16 21:11:56,226 [52743044-8979-4a08-8013-92a14c548982@group-146C50BE7901-LeaderElection160] INFO  impl.RaftServerImpl (RaftServerImpl.java:setRole(184)) - 52743044-8979-4a08-8013-92a14c548982@group-146C50BE7901: changes role from CANDIDATE to FOLLOWER at term 185 for DISCOVERED_A_NEW_TERM
2019-10-16 21:11:56,226 [52743044-8979-4a08-8013-92a14c548982@group-146C50BE7901-LeaderElection160] INFO  impl.RoleInfo (RoleInfo.java:shutdownLeaderElection(134)) - 52743044-8979-4a08-8013-92a14c548982: shutdown LeaderElection
2019-10-16 21:11:56,226 [52743044-8979-4a08-8013-92a14c548982@group-146C50BE7901-LeaderElection160] INFO  impl.RoleInfo (RoleInfo.java:updateAndGet(143)) - 52743044-8979-4a08-8013-92a14c548982: start FollowerState
2019-10-16 21:11:56,283 [Thread-1322] INFO  impl.FollowerState (FollowerState.java:run(108)) - 52743044-8979-4a08-8013-92a14c548982@group-146C50BE7901-FollowerState: change to CANDIDATE, lastRpcTime:56ms, electionTimeout:56ms
2019-10-16 21:11:56,283 [Thread-1322] INFO  impl.RoleInfo (RoleInfo.java:shutdownFollowerState(121)) - 52743044-8979-4a08-8013-92a14c548982: shutdown FollowerState
2019-10-16 21:11:56,283 [Thread-1322] INFO  impl.RaftServerImpl (RaftServerImpl.java:setRole(184)) - 52743044-8979-4a08-8013-92a14c548982@group-146C50BE7901: changes role from  FOLLOWER to CANDIDATE at term 185 for changeToCandidate
2019-10-16 21:11:56,283 [Thread-1322] INFO  impl.RoleInfo (RoleInfo.java:updateAndGet(143)) - 52743044-8979-4a08-8013-92a14c548982: start LeaderElection
2019-10-16 21:11:56,676 [52743044-8979-4a08-8013-92a14c548982@group-146C50BE7901-LeaderElection161] INFO  impl.LeaderElection (LeaderElection.java:askForVotes(178)) - 52743044-8979-4a08-8013-92a14c548982@group-146C50BE7901-LeaderElection161: begin an election at term 186 for -1: [904f39be-c3d3-4df4-99c0-2e4526e577e3:192.168.157.254:45339, 52743044-8979-4a08-8013-92a14c548982:192.168.157.254:36428, 65da0c80-3604-4ac2-9a39-ee88d748a153:192.168.157.254:37466], old=null
2019-10-16 21:11:56,678 [grpc-default-executor-1] INFO  impl.RaftServerImpl (RaftServerImpl.java:setRole(184)) - 904f39be-c3d3-4df4-99c0-2e4526e577e3@group-146C50BE7901: changes role from  FOLLOWER to FOLLOWER at term 186 for recognizeCandidate:52743044-8979-4a08-8013-92a14c548982
2019-10-16 21:11:56,678 [grpc-default-executor-1] INFO  impl.RoleInfo (RoleInfo.java:shutdownFollowerState(121)) - 904f39be-c3d3-4df4-99c0-2e4526e577e3: shutdown FollowerState
2019-10-16 21:11:56,678 [grpc-default-executor-0] INFO  impl.RaftServerImpl (RaftServerImpl.java:setRole(184)) - 65da0c80-3604-4ac2-9a39-ee88d748a153@group-146C50BE7901: changes role from  FOLLOWER to FOLLOWER at term 186 for recognizeCandidate:52743044-8979-4a08-8013-92a14c548982
2019-10-16 21:11:56,679 [grpc-default-executor-0] INFO  impl.RoleInfo (RoleInfo.java:shutdownFollowerState(121)) - 65da0c80-3604-4ac2-9a39-ee88d748a153: shutdown FollowerState
2019-10-16 21:11:56,679 [grpc-default-executor-1] INFO  impl.RoleInfo (RoleInfo.java:updateAndGet(143)) - 904f39be-c3d3-4df4-99c0-2e4526e577e3: start FollowerState
2019-10-16 21:11:56,679 [Thread-1321] INFO  impl.FollowerState (FollowerState.java:run(117)) - 65da0c80-3604-4ac2-9a39-ee88d748a153@group-146C50BE7901-FollowerState was interrupted: java.lang.InterruptedException: sleep interrupted
2019-10-16 21:11:56,679 [grpc-default-executor-0] INFO  impl.RoleInfo (RoleInfo.java:updateAndGet(143)) - 65da0c80-3604-4ac2-9a39-ee88d748a153: start FollowerState
2019-10-16 21:11:56,679 [Thread-1320] INFO  impl.FollowerState (FollowerState.java:run(117)) - 904f39be-c3d3-4df4-99c0-2e4526e577e3@group-146C50BE7901-FollowerState was interrupted: java.lang.InterruptedException: sleep interrupted
2019-10-16 21:11:56,693 [52743044-8979-4a08-8013-92a14c548982@group-146C50BE7901-LeaderElection161] INFO  impl.LeaderElection (LeaderElection.java:logAndReturn(56)) - 52743044-8979-4a08-8013-92a14c548982@group-146C50BE7901-LeaderElection161: Election TIMEOUT; received 0 response(s) [] and 0 exception(s); 52743044-8979-4a08-8013-92a14c548982@group-146C50BE7901:t186, leader=null, voted=52743044-8979-4a08-8013-92a14c548982, raftlog=52743044-8979-4a08-8013-92a14c548982@group-146C50BE7901-SegmentedRaftLog:OPENED:c-1,f-1,i0, conf=-1: [904f39be-c3d3-4df4-99c0-2e4526e577e3:192.168.157.254:45339, 52743044-8979-4a08-8013-92a14c548982:192.168.157.254:36428, 65da0c80-3604-4ac2-9a39-ee88d748a153:192.168.157.254:37466], old=null
2019-10-16 21:11:56,724 [52743044-8979-4a08-8013-92a14c548982@group-146C50BE7901-LeaderElection161] INFO  impl.LeaderElection (LeaderElection.java:askForVotes(178)) - 52743044-8979-4a08-8013-92a14c548982@group-146C50BE7901-LeaderElection161: begin an election at term 187 for -1: [904f39be-c3d3-4df4-99c0-2e4526e577e3:192.168.157.254:45339, 52743044-8979-4a08-8013-92a14c548982:192.168.157.254:36428, 65da0c80-3604-4ac2-9a39-ee88d748a153:192.168.157.254:37466], old=null
2019-10-16 21:11:56,726 [grpc-default-executor-0] INFO  impl.RaftServerImpl (RaftServerImpl.java:setRole(184)) - 904f39be-c3d3-4df4-99c0-2e4526e577e3@group-146C50BE7901: changes role from  FOLLOWER to FOLLOWER at term 187 for recognizeCandidate:52743044-8979-4a08-8013-92a14c548982
2019-10-16 21:11:56,726 [grpc-default-executor-0] INFO  impl.RoleInfo (RoleInfo.java:shutdownFollowerState(121)) - 904f39be-c3d3-4df4-99c0-2e4526e577e3: shutdown FollowerState
2019-10-16 21:11:56,726 [grpc-default-executor-1] INFO  impl.RaftServerImpl (RaftServerImpl.java:setRole(184)) - 65da0c80-3604-4ac2-9a39-ee88d748a153@group-146C50BE7901: changes role from  FOLLOWER to FOLLOWER at term 187 for recognizeCandidate:52743044-8979-4a08-8013-92a14c548982
2019-10-16 21:11:56,727 [Thread-1326] INFO  impl.FollowerState (FollowerState.java:run(117)) - 904f39be-c3d3-4df4-99c0-2e4526e577e3@group-146C50BE7901-FollowerState was interrupted: java.lang.InterruptedException: sleep interrupted
2019-10-16 21:11:56,727 [grpc-default-executor-0] INFO  impl.RoleInfo (RoleInfo.java:updateAndGet(143)) - 904f39be-c3d3-4df4-99c0-2e4526e577e3: start FollowerState
2019-10-16 21:11:56,727 [grpc-default-executor-1] INFO  impl.RoleInfo (RoleInfo.java:shutdownFollowerState(121)) - 65da0c80-3604-4ac2-9a39-ee88d748a153: shutdown FollowerState
2019-10-16 21:11:56,727 [grpc-default-executor-1] INFO  impl.RoleInfo (RoleInfo.java:updateAndGet(143)) - 65da0c80-3604-4ac2-9a39-ee88d748a153: start FollowerState
2019-10-16 21:11:56,727 [Thread-1327] INFO  impl.FollowerState (FollowerState.java:run(117)) - 65da0c80-3604-4ac2-9a39-ee88d748a153@group-146C50BE7901-FollowerState was interrupted: java.lang.InterruptedException: sleep interrupted
2019-10-16 21:11:56,773 [52743044-8979-4a08-8013-92a14c548982@group-146C50BE7901-LeaderElection161] INFO  impl.LeaderElection (LeaderElection.java:logAndReturn(56)) - 52743044-8979-4a08-8013-92a14c548982@group-146C50BE7901-LeaderElection161: Election REJECTED; received 2 response(s) [52743044-8979-4a08-8013-92a14c548982<-904f39be-c3d3-4df4-99c0-2e4526e577e3#0:FAIL-t187, 52743044-8979-4a08-8013-92a14c548982<-65da0c80-3604-4ac2-9a39-ee88d748a153#0:FAIL-t187] and 0 exception(s); 52743044-8979-4a08-8013-92a14c548982@group-146C50BE7901:t187, leader=null, voted=52743044-8979-4a08-8013-92a14c548982, raftlog=52743044-8979-4a08-8013-92a14c548982@group-146C50BE7901-SegmentedRaftLog:OPENED:c-1,f-1,i0, conf=-1: [904f39be-c3d3-4df4-99c0-2e4526e577e3:192.168.157.254:45339, 52743044-8979-4a08-8013-92a14c548982:192.168.157.254:36428, 65da0c80-3604-4ac2-9a39-ee88d748a153:192.168.157.254:37466], old=null
2019-10-16 21:11:56,773 [52743044-8979-4a08-8013-92a14c548982@group-146C50BE7901-LeaderElection161] INFO  impl.RaftServerImpl (RaftServerImpl.java:setRole(184)) - 52743044-8979-4a08-8013-92a14c548982@group-146C50BE7901: changes role from CANDIDATE to FOLLOWER at term 187 for DISCOVERED_A_NEW_TERM
2019-10-16 21:11:56,773 [52743044-8979-4a08-8013-92a14c548982@group-146C50BE7901-LeaderElection161] INFO  impl.RoleInfo (RoleInfo.java:shutdownLeaderElection(134)) - 52743044-8979-4a08-8013-92a14c548982: shutdown LeaderElection
2019-10-16 21:11:56,773 [52743044-8979-4a08-8013-92a14c548982@group-146C50BE7901-LeaderElection161] INFO  impl.RoleInfo (RoleInfo.java:updateAndGet(143)) - 52743044-8979-4a08-8013-92a14c548982: start FollowerState
2019-10-16 21:11:56,890 [Thread-1332] INFO  impl.FollowerState (FollowerState.java:run(108)) - 52743044-8979-4a08-8013-92a14c548982@group-146C50BE7901-FollowerState: change to CANDIDATE, lastRpcTime:116ms, electionTimeout:116ms
2019-10-16 21:11:56,890 [Thread-1332] INFO  impl.RoleInfo (RoleInfo.java:shutdownFollowerState(121)) - 52743044-8979-4a08-8013-92a14c548982: shutdown FollowerState
2019-10-16 21:11:56,890 [Thread-1332] INFO  impl.RaftServerImpl (RaftServerImpl.java:setRole(184)) - 52743044-8979-4a08-8013-92a14c548982@group-146C50BE7901: changes role from  FOLLOWER to CANDIDATE at term 187 for changeToCandidate
2019-10-16 21:11:56,890 [Thread-1332] INFO  impl.RoleInfo (RoleInfo.java:updateAndGet(143)) - 52743044-8979-4a08-8013-92a14c548982: start LeaderElection
2019-10-16 21:11:56,905 [52743044-8979-4a08-8013-92a14c548982@group-146C50BE7901-LeaderElection162] INFO  impl.LeaderElection (LeaderElection.java:askForVotes(178)) - 52743044-8979-4a08-8013-92a14c548982@group-146C50BE7901-LeaderElection162: begin an election at term 188 for -1: [904f39be-c3d3-4df4-99c0-2e4526e577e3:192.168.157.254:45339, 52743044-8979-4a08-8013-92a14c548982:192.168.157.254:36428, 65da0c80-3604-4ac2-9a39-ee88d748a153:192.168.157.254:37466], old=null
2019-10-16 21:11:56,907 [grpc-default-executor-1] INFO  impl.RaftServerImpl (RaftServerImpl.java:setRole(184)) - 904f39be-c3d3-4df4-99c0-2e4526e577e3@group-146C50BE7901: changes role from  FOLLOWER to FOLLOWER at term 188 for recognizeCandidate:52743044-8979-4a08-8013-92a14c548982
2019-10-16 21:11:56,907 [grpc-default-executor-1] INFO  impl.RoleInfo (RoleInfo.java:shutdownFollowerState(121)) - 904f39be-c3d3-4df4-99c0-2e4526e577e3: shutdown FollowerState
2019-10-16 21:11:56,907 [grpc-default-executor-1] INFO  impl.RoleInfo (RoleInfo.java:updateAndGet(143)) - 904f39be-c3d3-4df4-99c0-2e4526e577e3: start FollowerState
2019-10-16 21:11:56,907 [grpc-default-executor-0] INFO  impl.RaftServerImpl (RaftServerImpl.java:setRole(184)) - 65da0c80-3604-4ac2-9a39-ee88d748a153@group-146C50BE7901: changes role from  FOLLOWER to FOLLOWER at term 188 for recognizeCandidate:52743044-8979-4a08-8013-92a14c548982
2019-10-16 21:11:56,907 [Thread-1330] INFO  impl.FollowerState (FollowerState.java:run(117)) - 904f39be-c3d3-4df4-99c0-2e4526e577e3@group-146C50BE7901-FollowerState was interrupted: java.lang.InterruptedException: sleep interrupted
2019-10-16 21:11:56,908 [grpc-default-executor-0] INFO  impl.RoleInfo (RoleInfo.java:shutdownFollowerState(121)) - 65da0c80-3604-4ac2-9a39-ee88d748a153: shutdown FollowerState
2019-10-16 21:11:56,908 [grpc-default-executor-0] INFO  impl.RoleInfo (RoleInfo.java:updateAndGet(143)) - 65da0c80-3604-4ac2-9a39-ee88d748a153: start FollowerState
2019-10-16 21:11:56,908 [Thread-1331] INFO  impl.FollowerState (FollowerState.java:run(117)) - 65da0c80-3604-4ac2-9a39-ee88d748a153@group-146C50BE7901-FollowerState was interrupted: java.lang.InterruptedException: sleep interrupted
2019-10-16 21:11:56,922 [52743044-8979-4a08-8013-92a14c548982@group-146C50BE7901-LeaderElection162] INFO  impl.LeaderElection (LeaderElection.java:logAndReturn(56)) - 52743044-8979-4a08-8013-92a14c548982@group-146C50BE7901-LeaderElection162: Election TIMEOUT; received 0 response(s) [] and 0 exception(s); 52743044-8979-4a08-8013-92a14c548982@group-146C50BE7901:t188, leader=null, voted=52743044-8979-4a08-8013-92a14c548982, raftlog=52743044-8979-4a08-8013-92a14c548982@group-146C50BE7901-SegmentedRaftLog:OPENED:c-1,f-1,i0, conf=-1: [904f39be-c3d3-4df4-99c0-2e4526e577e3:192.168.157.254:45339, 52743044-8979-4a08-8013-92a14c548982:192.168.157.254:36428, 65da0c80-3604-4ac2-9a39-ee88d748a153:192.168.157.254:37466], old=null
2019-10-16 21:11:56,926 [52743044-8979-4a08-8013-92a14c548982@group-146C50BE7901-LeaderElection162] INFO  impl.LeaderElection (LeaderElection.java:askForVotes(178)) - 52743044-8979-4a08-8013-92a14c548982@group-146C50BE7901-LeaderElection162: begin an election at term 189 for -1: [904f39be-c3d3-4df4-99c0-2e4526e577e3:192.168.157.254:45339, 52743044-8979-4a08-8013-92a14c548982:192.168.157.254:36428, 65da0c80-3604-4ac2-9a39-ee88d748a153:192.168.157.254:37466], old=null
2019-10-16 21:11:56,928 [grpc-default-executor-0] INFO  impl.RaftServerImpl (RaftServerImpl.java:setRole(184)) - 904f39be-c3d3-4df4-99c0-2e4526e577e3@group-146C50BE7901: changes role from  FOLLOWER to FOLLOWER at term 189 for recognizeCandidate:52743044-8979-4a08-8013-92a14c548982
2019-10-16 21:11:56,928 [grpc-default-executor-0] INFO  impl.RoleInfo (RoleInfo.java:shutdownFollowerState(121)) - 904f39be-c3d3-4df4-99c0-2e4526e577e3: shutdown FollowerState
2019-10-16 21:11:56,928 [grpc-default-executor-1] INFO  impl.RaftServerImpl (RaftServerImpl.java:setRole(184)) - 65da0c80-3604-4ac2-9a39-ee88d748a153@group-146C50BE7901: changes role from  FOLLOWER to FOLLOWER at term 189 for recognizeCandidate:52743044-8979-4a08-8013-92a14c548982
2019-10-16 21:11:56,928 [grpc-default-executor-0] INFO  impl.RoleInfo (RoleInfo.java:updateAndGet(143)) - 904f39be-c3d3-4df4-99c0-2e4526e577e3: start FollowerState
2019-10-16 21:11:56,929 [Thread-1336] INFO  impl.FollowerState (FollowerState.java:run(117)) - 904f39be-c3d3-4df4-99c0-2e4526e577e3@group-146C50BE7901-FollowerState was interrupted: java.lang.InterruptedException: sleep interrupted
2019-10-16 21:11:56,929 [grpc-default-executor-1] INFO  impl.RoleInfo (RoleInfo.java:shutdownFollowerState(121)) - 65da0c80-3604-4ac2-9a39-ee88d748a153: shutdown FollowerState
2019-10-16 21:11:56,929 [grpc-default-executor-1] INFO  impl.RoleInfo (RoleInfo.java:updateAndGet(143)) - 65da0c80-3604-4ac2-9a39-ee88d748a153: start FollowerState
2019-10-16 21:11:56,929 [Thread-1337] INFO  impl.FollowerState (FollowerState.java:run(117)) - 65da0c80-3604-4ac2-9a39-ee88d748a153@group-146C50BE7901-FollowerState was interrupted: java.lang.InterruptedException: sleep interrupted
2019-10-16 21:11:56,988 [52743044-8979-4a08-8013-92a14c548982@group-146C50BE7901-LeaderElection162] INFO  impl.LeaderElection (LeaderElection.java:logAndReturn(56)) - 52743044-8979-4a08-8013-92a14c548982@group-146C50BE7901-LeaderElection162: Election REJECTED; received 2 response(s) [52743044-8979-4a08-8013-92a14c548982<-904f39be-c3d3-4df4-99c0-2e4526e577e3#0:FAIL-t189, 52743044-8979-4a08-8013-92a14c548982<-65da0c80-3604-4ac2-9a39-ee88d748a153#0:FAIL-t189] and 0 exception(s); 52743044-8979-4a08-8013-92a14c548982@group-146C50BE7901:t189, leader=null, voted=52743044-8979-4a08-8013-92a14c548982, raftlog=52743044-8979-4a08-8013-92a14c548982@group-146C50BE7901-SegmentedRaftLog:OPENED:c-1,f-1,i0, conf=-1: [904f39be-c3d3-4df4-99c0-2e4526e577e3:192.168.157.254:45339, 52743044-8979-4a08-8013-92a14c548982:192.168.157.254:36428, 65da0c80-3604-4ac2-9a39-ee88d748a153:192.168.157.254:37466], old=null
2019-10-16 21:11:56,988 [52743044-8979-4a08-8013-92a14c548982@group-146C50BE7901-LeaderElection162] INFO  impl.RaftServerImpl (RaftServerImpl.java:setRole(184)) - 52743044-8979-4a08-8013-92a14c548982@group-146C50BE7901: changes role from CANDIDATE to FOLLOWER at term 189 for DISCOVERED_A_NEW_TERM
2019-10-16 21:11:56,988 [52743044-8979-4a08-8013-92a14c548982@group-146C50BE7901-LeaderElection162] INFO  impl.RoleInfo (RoleInfo.java:shutdownLeaderElection(134)) - 52743044-8979-4a08-8013-92a14c548982: shutdown LeaderElection
2019-10-16 21:11:56,988 [52743044-8979-4a08-8013-92a14c548982@group-146C50BE7901-LeaderElection162] INFO  impl.RoleInfo (RoleInfo.java:updateAndGet(143)) - 52743044-8979-4a08-8013-92a14c548982: start FollowerState
2019-10-16 21:11:57,006 [Thread-1342] INFO  impl.FollowerState (FollowerState.java:run(108)) - 52743044-8979-4a08-8013-92a14c548982@group-146C50BE7901-FollowerState: change to CANDIDATE, lastRpcTime:17ms, electionTimeout:17ms
2019-10-16 21:11:57,006 [Thread-1342] INFO  impl.RoleInfo (RoleInfo.java:shutdownFollowerState(121)) - 52743044-8979-4a08-8013-92a14c548982: shutdown FollowerState
2019-10-16 21:11:57,006 [Thread-1342] INFO  impl.RaftServerImpl (RaftServerImpl.java:setRole(184)) - 52743044-8979-4a08-8013-92a14c548982@group-146C50BE7901: changes role from  FOLLOWER to CANDIDATE at term 189 for changeToCandidate
2019-10-16 21:11:57,006 [Thread-1342] INFO  impl.RoleInfo (RoleInfo.java:updateAndGet(143)) - 52743044-8979-4a08-8013-92a14c548982: start LeaderElection
2019-10-16 21:11:57,064 [52743044-8979-4a08-8013-92a14c548982@group-146C50BE7901-LeaderElection163] INFO  impl.LeaderElection (LeaderElection.java:askForVotes(178)) - 52743044-8979-4a08-8013-92a14c548982@group-146C50BE7901-LeaderElection163: begin an election at term 190 for -1: [904f39be-c3d3-4df4-99c0-2e4526e577e3:192.168.157.254:45339, 52743044-8979-4a08-8013-92a14c548982:192.168.157.254:36428, 65da0c80-3604-4ac2-9a39-ee88d748a153:192.168.157.254:37466], old=null
2019-10-16 21:11:57,066 [grpc-default-executor-0] INFO  impl.RaftServerImpl (RaftServerImpl.java:setRole(184)) - 65da0c80-3604-4ac2-9a39-ee88d748a153@group-146C50BE7901: changes role from  FOLLOWER to FOLLOWER at term 190 for recognizeCandidate:52743044-8979-4a08-8013-92a14c548982
2019-10-16 21:11:57,066 [grpc-default-executor-1] INFO  impl.RaftServerImpl (RaftServerImpl.java:setRole(184)) - 904f39be-c3d3-4df4-99c0-2e4526e577e3@group-146C50BE7901: changes role from  FOLLOWER to FOLLOWER at term 190 for recognizeCandidate:52743044-8979-4a08-8013-92a14c548982
2019-10-16 21:11:57,067 [grpc-default-executor-0] INFO  impl.RoleInfo (RoleInfo.java:shutdownFollowerState(121)) - 65da0c80-3604-4ac2-9a39-ee88d748a153: shutdown FollowerState
2019-10-16 21:11:57,067 [grpc-default-executor-1] INFO  impl.RoleInfo (RoleInfo.java:shutdownFollowerState(121)) - 904f39be-c3d3-4df4-99c0-2e4526e577e3: shutdown FollowerState
2019-10-16 21:11:57,067 [grpc-default-executor-0] INFO  impl.RoleInfo (RoleInfo.java:updateAndGet(143)) - 65da0c80-3604-4ac2-9a39-ee88d748a153: start FollowerState
2019-10-16 21:11:57,067 [Thread-1341] INFO  impl.FollowerState (FollowerState.java:run(117)) - 65da0c80-3604-4ac2-9a39-ee88d748a153@group-146C50BE7901-FollowerState was interrupted: java.lang.InterruptedException: sleep interrupted
2019-10-16 21:11:57,067 [grpc-default-executor-1] INFO  impl.RoleInfo (RoleInfo.java:updateAndGet(143)) - 904f39be-c3d3-4df4-99c0-2e4526e577e3: start FollowerState
2019-10-16 21:11:57,067 [Thread-1340] INFO  impl.FollowerState (FollowerState.java:run(117)) - 904f39be-c3d3-4df4-99c0-2e4526e577e3@group-146C50BE7901-FollowerState was interrupted: java.lang.InterruptedException: sleep interrupted
2019-10-16 21:11:57,126 [52743044-8979-4a08-8013-92a14c548982@group-146C50BE7901-LeaderElection163] INFO  impl.LeaderElection (LeaderElection.java:logAndReturn(56)) - 52743044-8979-4a08-8013-92a14c548982@group-146C50BE7901-LeaderElection163: Election REJECTED; received 2 response(s) [52743044-8979-4a08-8013-92a14c548982<-904f39be-c3d3-4df4-99c0-2e4526e577e3#0:FAIL-t190, 52743044-8979-4a08-8013-92a14c548982<-65da0c80-3604-4ac2-9a39-ee88d748a153#0:FAIL-t190] and 0 exception(s); 52743044-8979-4a08-8013-92a14c548982@group-146C50BE7901:t190, leader=null, voted=52743044-8979-4a08-8013-92a14c548982, raftlog=52743044-8979-4a08-8013-92a14c548982@group-146C50BE7901-SegmentedRaftLog:OPENED:c-1,f-1,i0, conf=-1: [904f39be-c3d3-4df4-99c0-2e4526e577e3:192.168.157.254:45339, 52743044-8979-4a08-8013-92a14c548982:192.168.157.254:36428, 65da0c80-3604-4ac2-9a39-ee88d748a153:192.168.157.254:37466], old=null
2019-10-16 21:11:57,126 [52743044-8979-4a08-8013-92a14c548982@group-146C50BE7901-LeaderElection163] INFO  impl.RaftServerImpl (RaftServerImpl.java:setRole(184)) - 52743044-8979-4a08-8013-92a14c548982@group-146C50BE7901: changes role from CANDIDATE to FOLLOWER at term 190 for DISCOVERED_A_NEW_TERM
2019-10-16 21:11:57,126 [52743044-8979-4a08-8013-92a14c548982@group-146C50BE7901-LeaderElection163] INFO  impl.RoleInfo (RoleInfo.java:shutdownLeaderElection(134)) - 52743044-8979-4a08-8013-92a14c548982: shutdown LeaderElection
2019-10-16 21:11:57,127 [52743044-8979-4a08-8013-92a14c548982@group-146C50BE7901-LeaderElection163] INFO  impl.RoleInfo (RoleInfo.java:updateAndGet(143)) - 52743044-8979-4a08-8013-92a14c548982: start FollowerState
2019-10-16 21:11:57,207 [main] INFO  ozone.MiniOzoneClusterImpl (MiniOzoneClusterImpl.java:lambda$waitForClusterToBeReady$2(164)) - Waiting for 1 number of pipelines out of 4, to report a leader.
2019-10-16 21:11:57,212 [Thread-1348] INFO  impl.FollowerState (FollowerState.java:run(108)) - 52743044-8979-4a08-8013-92a14c548982@group-146C50BE7901-FollowerState: change to CANDIDATE, lastRpcTime:85ms, electionTimeout:85ms
2019-10-16 21:11:57,212 [Thread-1348] INFO  impl.RoleInfo (RoleInfo.java:shutdownFollowerState(121)) - 52743044-8979-4a08-8013-92a14c548982: shutdown FollowerState
2019-10-16 21:11:57,212 [Thread-1348] INFO  impl.RaftServerImpl (RaftServerImpl.java:setRole(184)) - 52743044-8979-4a08-8013-92a14c548982@group-146C50BE7901: changes role from  FOLLOWER to CANDIDATE at term 190 for changeToCandidate
2019-10-16 21:11:57,213 [Thread-1348] INFO  impl.RoleInfo (RoleInfo.java:updateAndGet(143)) - 52743044-8979-4a08-8013-92a14c548982: start LeaderElection
2019-10-16 21:11:57,233 [52743044-8979-4a08-8013-92a14c548982@group-146C50BE7901-LeaderElection164] INFO  impl.LeaderElection (LeaderElection.java:askForVotes(178)) - 52743044-8979-4a08-8013-92a14c548982@group-146C50BE7901-LeaderElection164: begin an election at term 191 for -1: [904f39be-c3d3-4df4-99c0-2e4526e577e3:192.168.157.254:45339, 52743044-8979-4a08-8013-92a14c548982:192.168.157.254:36428, 65da0c80-3604-4ac2-9a39-ee88d748a153:192.168.157.254:37466], old=null
2019-10-16 21:11:57,236 [grpc-default-executor-0] INFO  impl.RaftServerImpl (RaftServerImpl.java:setRole(184)) - 904f39be-c3d3-4df4-99c0-2e4526e577e3@group-146C50BE7901: changes role from  FOLLOWER to FOLLOWER at term 191 for recognizeCandidate:52743044-8979-4a08-8013-92a14c548982
2019-10-16 21:11:57,236 [grpc-default-executor-0] INFO  impl.RoleInfo (RoleInfo.java:shutdownFollowerState(121)) - 904f39be-c3d3-4df4-99c0-2e4526e577e3: shutdown FollowerState
2019-10-16 21:11:57,236 [grpc-default-executor-1] INFO  impl.RaftServerImpl (RaftServerImpl.java:setRole(184)) - 65da0c80-3604-4ac2-9a39-ee88d748a153@group-146C50BE7901: changes role from  FOLLOWER to FOLLOWER at term 191 for recognizeCandidate:52743044-8979-4a08-8013-92a14c548982
2019-10-16 21:11:57,237 [Thread-1347] INFO  impl.FollowerState (FollowerState.java:run(117)) - 904f39be-c3d3-4df4-99c0-2e4526e577e3@group-146C50BE7901-FollowerState was interrupted: java.lang.InterruptedException: sleep interrupted
2019-10-16 21:11:57,236 [grpc-default-executor-0] INFO  impl.RoleInfo (RoleInfo.java:updateAndGet(143)) - 904f39be-c3d3-4df4-99c0-2e4526e577e3: start FollowerState
2019-10-16 21:11:57,237 [grpc-default-executor-1] INFO  impl.RoleInfo (RoleInfo.java:shutdownFollowerState(121)) - 65da0c80-3604-4ac2-9a39-ee88d748a153: shutdown FollowerState
2019-10-16 21:11:57,237 [grpc-default-executor-1] INFO  impl.RoleInfo (RoleInfo.java:updateAndGet(143)) - 65da0c80-3604-4ac2-9a39-ee88d748a153: start FollowerState
2019-10-16 21:11:57,237 [Thread-1346] INFO  impl.FollowerState (FollowerState.java:run(117)) - 65da0c80-3604-4ac2-9a39-ee88d748a153@group-146C50BE7901-FollowerState was interrupted: java.lang.InterruptedException: sleep interrupted
2019-10-16 21:11:57,262 [52743044-8979-4a08-8013-92a14c548982@group-146C50BE7901-LeaderElection164] INFO  impl.LeaderElection (LeaderElection.java:logAndReturn(56)) - 52743044-8979-4a08-8013-92a14c548982@group-146C50BE7901-LeaderElection164: Election TIMEOUT; received 0 response(s) [] and 0 exception(s); 52743044-8979-4a08-8013-92a14c548982@group-146C50BE7901:t191, leader=null, voted=52743044-8979-4a08-8013-92a14c548982, raftlog=52743044-8979-4a08-8013-92a14c548982@group-146C50BE7901-SegmentedRaftLog:OPENED:c-1,f-1,i0, conf=-1: [904f39be-c3d3-4df4-99c0-2e4526e577e3:192.168.157.254:45339, 52743044-8979-4a08-8013-92a14c548982:192.168.157.254:36428, 65da0c80-3604-4ac2-9a39-ee88d748a153:192.168.157.254:37466], old=null
2019-10-16 21:11:57,277 [52743044-8979-4a08-8013-92a14c548982@group-146C50BE7901-LeaderElection164] INFO  impl.LeaderElection (LeaderElection.java:askForVotes(178)) - 52743044-8979-4a08-8013-92a14c548982@group-146C50BE7901-LeaderElection164: begin an election at term 192 for -1: [904f39be-c3d3-4df4-99c0-2e4526e577e3:192.168.157.254:45339, 52743044-8979-4a08-8013-92a14c548982:192.168.157.254:36428, 65da0c80-3604-4ac2-9a39-ee88d748a153:192.168.157.254:37466], old=null
2019-10-16 21:11:57,279 [grpc-default-executor-0] INFO  impl.RaftServerImpl (RaftServerImpl.java:setRole(184)) - 904f39be-c3d3-4df4-99c0-2e4526e577e3@group-146C50BE7901: changes role from  FOLLOWER to FOLLOWER at term 192 for recognizeCandidate:52743044-8979-4a08-8013-92a14c548982
2019-10-16 21:11:57,279 [grpc-default-executor-0] INFO  impl.RoleInfo (RoleInfo.java:shutdownFollowerState(121)) - 904f39be-c3d3-4df4-99c0-2e4526e577e3: shutdown FollowerState
2019-10-16 21:11:57,279 [grpc-default-executor-0] INFO  impl.RoleInfo (RoleInfo.java:updateAndGet(143)) - 904f39be-c3d3-4df4-99c0-2e4526e577e3: start FollowerState
2019-10-16 21:11:57,279 [Thread-1352] INFO  impl.FollowerState (FollowerState.java:run(117)) - 904f39be-c3d3-4df4-99c0-2e4526e577e3@group-146C50BE7901-FollowerState was interrupted: java.lang.InterruptedException: sleep interrupted
2019-10-16 21:11:57,279 [grpc-default-executor-1] INFO  impl.RaftServerImpl (RaftServerImpl.java:setRole(184)) - 65da0c80-3604-4ac2-9a39-ee88d748a153@group-146C50BE7901: changes role from  FOLLOWER to FOLLOWER at term 192 for recognizeCandidate:52743044-8979-4a08-8013-92a14c548982
2019-10-16 21:11:57,279 [grpc-default-executor-1] INFO  impl.RoleInfo (RoleInfo.java:shutdownFollowerState(121)) - 65da0c80-3604-4ac2-9a39-ee88d748a153: shutdown FollowerState
2019-10-16 21:11:57,280 [grpc-default-executor-1] INFO  impl.RoleInfo (RoleInfo.java:updateAndGet(143)) - 65da0c80-3604-4ac2-9a39-ee88d748a153: start FollowerState
2019-10-16 21:11:57,280 [Thread-1353] INFO  impl.FollowerState (FollowerState.java:run(117)) - 65da0c80-3604-4ac2-9a39-ee88d748a153@group-146C50BE7901-FollowerState was interrupted: java.lang.InterruptedException: sleep interrupted
2019-10-16 21:11:57,304 [52743044-8979-4a08-8013-92a14c548982@group-146C50BE7901-LeaderElection164] INFO  impl.LeaderElection (LeaderElection.java:logAndReturn(56)) - 52743044-8979-4a08-8013-92a14c548982@group-146C50BE7901-LeaderElection164: Election REJECTED; received 2 response(s) [52743044-8979-4a08-8013-92a14c548982<-904f39be-c3d3-4df4-99c0-2e4526e577e3#0:FAIL-t192, 52743044-8979-4a08-8013-92a14c548982<-65da0c80-3604-4ac2-9a39-ee88d748a153#0:FAIL-t192] and 0 exception(s); 52743044-8979-4a08-8013-92a14c548982@group-146C50BE7901:t192, leader=null, voted=52743044-8979-4a08-8013-92a14c548982, raftlog=52743044-8979-4a08-8013-92a14c548982@group-146C50BE7901-SegmentedRaftLog:OPENED:c-1,f-1,i0, conf=-1: [904f39be-c3d3-4df4-99c0-2e4526e577e3:192.168.157.254:45339, 52743044-8979-4a08-8013-92a14c548982:192.168.157.254:36428, 65da0c80-3604-4ac2-9a39-ee88d748a153:192.168.157.254:37466], old=null
2019-10-16 21:11:57,304 [52743044-8979-4a08-8013-92a14c548982@group-146C50BE7901-LeaderElection164] INFO  impl.RaftServerImpl (RaftServerImpl.java:setRole(184)) - 52743044-8979-4a08-8013-92a14c548982@group-146C50BE7901: changes role from CANDIDATE to FOLLOWER at term 192 for DISCOVERED_A_NEW_TERM
2019-10-16 21:11:57,304 [52743044-8979-4a08-8013-92a14c548982@group-146C50BE7901-LeaderElection164] INFO  impl.RoleInfo (RoleInfo.java:shutdownLeaderElection(134)) - 52743044-8979-4a08-8013-92a14c548982: shutdown LeaderElection
2019-10-16 21:11:57,304 [52743044-8979-4a08-8013-92a14c548982@group-146C50BE7901-LeaderElection164] INFO  impl.RoleInfo (RoleInfo.java:updateAndGet(143)) - 52743044-8979-4a08-8013-92a14c548982: start FollowerState
2019-10-16 21:11:57,497 [Thread-1358] INFO  impl.FollowerState (FollowerState.java:run(108)) - 52743044-8979-4a08-8013-92a14c548982@group-146C50BE7901-FollowerState: change to CANDIDATE, lastRpcTime:192ms, electionTimeout:192ms
2019-10-16 21:11:57,497 [Thread-1358] INFO  impl.RoleInfo (RoleInfo.java:shutdownFollowerState(121)) - 52743044-8979-4a08-8013-92a14c548982: shutdown FollowerState
2019-10-16 21:11:57,497 [Thread-1358] INFO  impl.RaftServerImpl (RaftServerImpl.java:setRole(184)) - 52743044-8979-4a08-8013-92a14c548982@group-146C50BE7901: changes role from  FOLLOWER to CANDIDATE at term 192 for changeToCandidate
2019-10-16 21:11:57,497 [Thread-1358] INFO  impl.RoleInfo (RoleInfo.java:updateAndGet(143)) - 52743044-8979-4a08-8013-92a14c548982: start LeaderElection
2019-10-16 21:11:57,512 [52743044-8979-4a08-8013-92a14c548982@group-146C50BE7901-LeaderElection165] INFO  impl.LeaderElection (LeaderElection.java:askForVotes(178)) - 52743044-8979-4a08-8013-92a14c548982@group-146C50BE7901-LeaderElection165: begin an election at term 193 for -1: [904f39be-c3d3-4df4-99c0-2e4526e577e3:192.168.157.254:45339, 52743044-8979-4a08-8013-92a14c548982:192.168.157.254:36428, 65da0c80-3604-4ac2-9a39-ee88d748a153:192.168.157.254:37466], old=null
2019-10-16 21:11:57,514 [grpc-default-executor-0] INFO  impl.RaftServerImpl (RaftServerImpl.java:setRole(184)) - 904f39be-c3d3-4df4-99c0-2e4526e577e3@group-146C50BE7901: changes role from  FOLLOWER to FOLLOWER at term 193 for recognizeCandidate:52743044-8979-4a08-8013-92a14c548982
2019-10-16 21:11:57,514 [grpc-default-executor-0] INFO  impl.RoleInfo (RoleInfo.java:shutdownFollowerState(121)) - 904f39be-c3d3-4df4-99c0-2e4526e577e3: shutdown FollowerState
2019-10-16 21:11:57,514 [grpc-default-executor-0] INFO  impl.RoleInfo (RoleInfo.java:updateAndGet(143)) - 904f39be-c3d3-4df4-99c0-2e4526e577e3: start FollowerState
2019-10-16 21:11:57,515 [Thread-1356] INFO  impl.FollowerState (FollowerState.java:run(117)) - 904f39be-c3d3-4df4-99c0-2e4526e577e3@group-146C50BE7901-FollowerState was interrupted: java.lang.InterruptedException: sleep interrupted
2019-10-16 21:11:57,515 [grpc-default-executor-1] INFO  impl.RaftServerImpl (RaftServerImpl.java:setRole(184)) - 65da0c80-3604-4ac2-9a39-ee88d748a153@group-146C50BE7901: changes role from  FOLLOWER to FOLLOWER at term 193 for recognizeCandidate:52743044-8979-4a08-8013-92a14c548982
2019-10-16 21:11:57,515 [grpc-default-executor-1] INFO  impl.RoleInfo (RoleInfo.java:shutdownFollowerState(121)) - 65da0c80-3604-4ac2-9a39-ee88d748a153: shutdown FollowerState
2019-10-16 21:11:57,515 [grpc-default-executor-1] INFO  impl.RoleInfo (RoleInfo.java:updateAndGet(143)) - 65da0c80-3604-4ac2-9a39-ee88d748a153: start FollowerState
2019-10-16 21:11:57,515 [Thread-1357] INFO  impl.FollowerState (FollowerState.java:run(117)) - 65da0c80-3604-4ac2-9a39-ee88d748a153@group-146C50BE7901-FollowerState was interrupted: java.lang.InterruptedException: sleep interrupted
2019-10-16 21:11:57,557 [52743044-8979-4a08-8013-92a14c548982@group-146C50BE7901-LeaderElection165] INFO  impl.LeaderElection (LeaderElection.java:logAndReturn(56)) - 52743044-8979-4a08-8013-92a14c548982@group-146C50BE7901-LeaderElection165: Election REJECTED; received 2 response(s) [52743044-8979-4a08-8013-92a14c548982<-904f39be-c3d3-4df4-99c0-2e4526e577e3#0:FAIL-t193, 52743044-8979-4a08-8013-92a14c548982<-65da0c80-3604-4ac2-9a39-ee88d748a153#0:FAIL-t193] and 0 exception(s); 52743044-8979-4a08-8013-92a14c548982@group-146C50BE7901:t193, leader=null, voted=52743044-8979-4a08-8013-92a14c548982, raftlog=52743044-8979-4a08-8013-92a14c548982@group-146C50BE7901-SegmentedRaftLog:OPENED:c-1,f-1,i0, conf=-1: [904f39be-c3d3-4df4-99c0-2e4526e577e3:192.168.157.254:45339, 52743044-8979-4a08-8013-92a14c548982:192.168.157.254:36428, 65da0c80-3604-4ac2-9a39-ee88d748a153:192.168.157.254:37466], old=null
2019-10-16 21:11:57,557 [52743044-8979-4a08-8013-92a14c548982@group-146C50BE7901-LeaderElection165] INFO  impl.RaftServerImpl (RaftServerImpl.java:setRole(184)) - 52743044-8979-4a08-8013-92a14c548982@group-146C50BE7901: changes role from CANDIDATE to FOLLOWER at term 193 for DISCOVERED_A_NEW_TERM
2019-10-16 21:11:57,557 [52743044-8979-4a08-8013-92a14c548982@group-146C50BE7901-LeaderElection165] INFO  impl.RoleInfo (RoleInfo.java:shutdownLeaderElection(134)) - 52743044-8979-4a08-8013-92a14c548982: shutdown LeaderElection
2019-10-16 21:11:57,558 [52743044-8979-4a08-8013-92a14c548982@group-146C50BE7901-LeaderElection165] INFO  impl.RoleInfo (RoleInfo.java:updateAndGet(143)) - 52743044-8979-4a08-8013-92a14c548982: start FollowerState
2019-10-16 21:11:57,726 [Thread-1364] INFO  impl.FollowerState (FollowerState.java:run(108)) - 52743044-8979-4a08-8013-92a14c548982@group-146C50BE7901-FollowerState: change to CANDIDATE, lastRpcTime:168ms, electionTimeout:168ms
2019-10-16 21:11:57,726 [Thread-1364] INFO  impl.RoleInfo (RoleInfo.java:shutdownFollowerState(121)) - 52743044-8979-4a08-8013-92a14c548982: shutdown FollowerState
2019-10-16 21:11:57,726 [Thread-1364] INFO  impl.RaftServerImpl (RaftServerImpl.java:setRole(184)) - 52743044-8979-4a08-8013-92a14c548982@group-146C50BE7901: changes role from  FOLLOWER to CANDIDATE at term 193 for changeToCandidate
2019-10-16 21:11:57,727 [Thread-1364] INFO  impl.RoleInfo (RoleInfo.java:updateAndGet(143)) - 52743044-8979-4a08-8013-92a14c548982: start LeaderElection
2019-10-16 21:11:57,740 [52743044-8979-4a08-8013-92a14c548982@group-146C50BE7901-LeaderElection166] INFO  impl.LeaderElection (LeaderElection.java:askForVotes(178)) - 52743044-8979-4a08-8013-92a14c548982@group-146C50BE7901-LeaderElection166: begin an election at term 194 for -1: [904f39be-c3d3-4df4-99c0-2e4526e577e3:192.168.157.254:45339, 52743044-8979-4a08-8013-92a14c548982:192.168.157.254:36428, 65da0c80-3604-4ac2-9a39-ee88d748a153:192.168.157.254:37466], old=null
2019-10-16 21:11:57,743 [grpc-default-executor-1] INFO  impl.RaftServerImpl (RaftServerImpl.java:setRole(184)) - 904f39be-c3d3-4df4-99c0-2e4526e577e3@group-146C50BE7901: changes role from  FOLLOWER to FOLLOWER at term 194 for recognizeCandidate:52743044-8979-4a08-8013-92a14c548982
2019-10-16 21:11:57,743 [grpc-default-executor-1] INFO  impl.RoleInfo (RoleInfo.java:shutdownFollowerState(121)) - 904f39be-c3d3-4df4-99c0-2e4526e577e3: shutdown FollowerState
2019-10-16 21:11:57,744 [grpc-default-executor-1] INFO  impl.RoleInfo (RoleInfo.java:updateAndGet(143)) - 904f39be-c3d3-4df4-99c0-2e4526e577e3: start FollowerState
2019-10-16 21:11:57,744 [Thread-1362] INFO  impl.FollowerState (FollowerState.java:run(117)) - 904f39be-c3d3-4df4-99c0-2e4526e577e3@group-146C50BE7901-FollowerState was interrupted: java.lang.InterruptedException: sleep interrupted
2019-10-16 21:11:57,744 [grpc-default-executor-0] INFO  impl.RaftServerImpl (RaftServerImpl.java:setRole(184)) - 65da0c80-3604-4ac2-9a39-ee88d748a153@group-146C50BE7901: changes role from  FOLLOWER to FOLLOWER at term 194 for recognizeCandidate:52743044-8979-4a08-8013-92a14c548982
2019-10-16 21:11:57,744 [grpc-default-executor-0] INFO  impl.RoleInfo (RoleInfo.java:shutdownFollowerState(121)) - 65da0c80-3604-4ac2-9a39-ee88d748a153: shutdown FollowerState
2019-10-16 21:11:57,744 [grpc-default-executor-0] INFO  impl.RoleInfo (RoleInfo.java:updateAndGet(143)) - 65da0c80-3604-4ac2-9a39-ee88d748a153: start FollowerState
2019-10-16 21:11:57,744 [Thread-1363] INFO  impl.FollowerState (FollowerState.java:run(117)) - 65da0c80-3604-4ac2-9a39-ee88d748a153@group-146C50BE7901-FollowerState was interrupted: java.lang.InterruptedException: sleep interrupted
2019-10-16 21:11:57,775 [52743044-8979-4a08-8013-92a14c548982@group-146C50BE7901-LeaderElection166] INFO  impl.LeaderElection (LeaderElection.java:logAndReturn(56)) - 52743044-8979-4a08-8013-92a14c548982@group-146C50BE7901-LeaderElection166: Election REJECTED; received 2 response(s) [52743044-8979-4a08-8013-92a14c548982<-904f39be-c3d3-4df4-99c0-2e4526e577e3#0:FAIL-t194, 52743044-8979-4a08-8013-92a14c548982<-65da0c80-3604-4ac2-9a39-ee88d748a153#0:FAIL-t194] and 0 exception(s); 52743044-8979-4a08-8013-92a14c548982@group-146C50BE7901:t194, leader=null, voted=52743044-8979-4a08-8013-92a14c548982, raftlog=52743044-8979-4a08-8013-92a14c548982@group-146C50BE7901-SegmentedRaftLog:OPENED:c-1,f-1,i0, conf=-1: [904f39be-c3d3-4df4-99c0-2e4526e577e3:192.168.157.254:45339, 52743044-8979-4a08-8013-92a14c548982:192.168.157.254:36428, 65da0c80-3604-4ac2-9a39-ee88d748a153:192.168.157.254:37466], old=null
2019-10-16 21:11:57,775 [52743044-8979-4a08-8013-92a14c548982@group-146C50BE7901-LeaderElection166] INFO  impl.RaftServerImpl (RaftServerImpl.java:setRole(184)) - 52743044-8979-4a08-8013-92a14c548982@group-146C50BE7901: changes role from CANDIDATE to FOLLOWER at term 194 for DISCOVERED_A_NEW_TERM
2019-10-16 21:11:57,775 [52743044-8979-4a08-8013-92a14c548982@group-146C50BE7901-LeaderElection166] INFO  impl.RoleInfo (RoleInfo.java:shutdownLeaderElection(134)) - 52743044-8979-4a08-8013-92a14c548982: shutdown LeaderElection
2019-10-16 21:11:57,775 [52743044-8979-4a08-8013-92a14c548982@group-146C50BE7901-LeaderElection166] INFO  impl.RoleInfo (RoleInfo.java:updateAndGet(143)) - 52743044-8979-4a08-8013-92a14c548982: start FollowerState
2019-10-16 21:11:57,803 [Thread-1370] INFO  impl.FollowerState (FollowerState.java:run(108)) - 52743044-8979-4a08-8013-92a14c548982@group-146C50BE7901-FollowerState: change to CANDIDATE, lastRpcTime:28ms, electionTimeout:28ms
2019-10-16 21:11:57,804 [Thread-1370] INFO  impl.RoleInfo (RoleInfo.java:shutdownFollowerState(121)) - 52743044-8979-4a08-8013-92a14c548982: shutdown FollowerState
2019-10-16 21:11:57,804 [Thread-1370] INFO  impl.RaftServerImpl (RaftServerImpl.java:setRole(184)) - 52743044-8979-4a08-8013-92a14c548982@group-146C50BE7901: changes role from  FOLLOWER to CANDIDATE at term 194 for changeToCandidate
2019-10-16 21:11:57,804 [Thread-1370] INFO  impl.RoleInfo (RoleInfo.java:updateAndGet(143)) - 52743044-8979-4a08-8013-92a14c548982: start LeaderElection
2019-10-16 21:11:57,828 [52743044-8979-4a08-8013-92a14c548982@group-146C50BE7901-LeaderElection167] INFO  impl.LeaderElection (LeaderElection.java:askForVotes(178)) - 52743044-8979-4a08-8013-92a14c548982@group-146C50BE7901-LeaderElection167: begin an election at term 195 for -1: [904f39be-c3d3-4df4-99c0-2e4526e577e3:192.168.157.254:45339, 52743044-8979-4a08-8013-92a14c548982:192.168.157.254:36428, 65da0c80-3604-4ac2-9a39-ee88d748a153:192.168.157.254:37466], old=null
2019-10-16 21:11:57,831 [grpc-default-executor-0] INFO  impl.RaftServerImpl (RaftServerImpl.java:setRole(184)) - 904f39be-c3d3-4df4-99c0-2e4526e577e3@group-146C50BE7901: changes role from  FOLLOWER to FOLLOWER at term 195 for recognizeCandidate:52743044-8979-4a08-8013-92a14c548982
2019-10-16 21:11:57,831 [grpc-default-executor-0] INFO  impl.RoleInfo (RoleInfo.java:shutdownFollowerState(121)) - 904f39be-c3d3-4df4-99c0-2e4526e577e3: shutdown FollowerState
2019-10-16 21:11:57,831 [grpc-default-executor-1] INFO  impl.RaftServerImpl (RaftServerImpl.java:setRole(184)) - 65da0c80-3604-4ac2-9a39-ee88d748a153@group-146C50BE7901: changes role from  FOLLOWER to FOLLOWER at term 195 for recognizeCandidate:52743044-8979-4a08-8013-92a14c548982
2019-10-16 21:11:57,831 [grpc-default-executor-1] INFO  impl.RoleInfo (RoleInfo.java:shutdownFollowerState(121)) - 65da0c80-3604-4ac2-9a39-ee88d748a153: shutdown FollowerState
2019-10-16 21:11:57,831 [Thread-1368] INFO  impl.FollowerState (FollowerState.java:run(117)) - 904f39be-c3d3-4df4-99c0-2e4526e577e3@group-146C50BE7901-FollowerState was interrupted: java.lang.InterruptedException: sleep interrupted
2019-10-16 21:11:57,831 [grpc-default-executor-0] INFO  impl.RoleInfo (RoleInfo.java:updateAndGet(143)) - 904f39be-c3d3-4df4-99c0-2e4526e577e3: start FollowerState
2019-10-16 21:11:57,832 [Thread-1369] INFO  impl.FollowerState (FollowerState.java:run(117)) - 65da0c80-3604-4ac2-9a39-ee88d748a153@group-146C50BE7901-FollowerState was interrupted: java.lang.InterruptedException: sleep interrupted
2019-10-16 21:11:57,831 [grpc-default-executor-1] INFO  impl.RoleInfo (RoleInfo.java:updateAndGet(143)) - 65da0c80-3604-4ac2-9a39-ee88d748a153: start FollowerState
2019-10-16 21:11:57,884 [52743044-8979-4a08-8013-92a14c548982@group-146C50BE7901-LeaderElection167] INFO  impl.LeaderElection (LeaderElection.java:logAndReturn(56)) - 52743044-8979-4a08-8013-92a14c548982@group-146C50BE7901-LeaderElection167: Election REJECTED; received 2 response(s) [52743044-8979-4a08-8013-92a14c548982<-904f39be-c3d3-4df4-99c0-2e4526e577e3#0:FAIL-t195, 52743044-8979-4a08-8013-92a14c548982<-65da0c80-3604-4ac2-9a39-ee88d748a153#0:FAIL-t195] and 0 exception(s); 52743044-8979-4a08-8013-92a14c548982@group-146C50BE7901:t195, leader=null, voted=52743044-8979-4a08-8013-92a14c548982, raftlog=52743044-8979-4a08-8013-92a14c548982@group-146C50BE7901-SegmentedRaftLog:OPENED:c-1,f-1,i0, conf=-1: [904f39be-c3d3-4df4-99c0-2e4526e577e3:192.168.157.254:45339, 52743044-8979-4a08-8013-92a14c548982:192.168.157.254:36428, 65da0c80-3604-4ac2-9a39-ee88d748a153:192.168.157.254:37466], old=null
2019-10-16 21:11:57,884 [52743044-8979-4a08-8013-92a14c548982@group-146C50BE7901-LeaderElection167] INFO  impl.RaftServerImpl (RaftServerImpl.java:setRole(184)) - 52743044-8979-4a08-8013-92a14c548982@group-146C50BE7901: changes role from CANDIDATE to FOLLOWER at term 195 for DISCOVERED_A_NEW_TERM
2019-10-16 21:11:57,884 [52743044-8979-4a08-8013-92a14c548982@group-146C50BE7901-LeaderElection167] INFO  impl.RoleInfo (RoleInfo.java:shutdownLeaderElection(134)) - 52743044-8979-4a08-8013-92a14c548982: shutdown LeaderElection
2019-10-16 21:11:57,884 [52743044-8979-4a08-8013-92a14c548982@group-146C50BE7901-LeaderElection167] INFO  impl.RoleInfo (RoleInfo.java:updateAndGet(143)) - 52743044-8979-4a08-8013-92a14c548982: start FollowerState
2019-10-16 21:11:57,989 [Thread-1376] INFO  impl.FollowerState (FollowerState.java:run(108)) - 52743044-8979-4a08-8013-92a14c548982@group-146C50BE7901-FollowerState: change to CANDIDATE, lastRpcTime:104ms, electionTimeout:104ms
2019-10-16 21:11:57,990 [Thread-1376] INFO  impl.RoleInfo (RoleInfo.java:shutdownFollowerState(121)) - 52743044-8979-4a08-8013-92a14c548982: shutdown FollowerState
2019-10-16 21:11:57,990 [Thread-1376] INFO  impl.RaftServerImpl (RaftServerImpl.java:setRole(184)) - 52743044-8979-4a08-8013-92a14c548982@group-146C50BE7901: changes role from  FOLLOWER to CANDIDATE at term 195 for changeToCandidate
2019-10-16 21:11:57,991 [Thread-1376] INFO  impl.RoleInfo (RoleInfo.java:updateAndGet(143)) - 52743044-8979-4a08-8013-92a14c548982: start LeaderElection
2019-10-16 21:11:58,027 [52743044-8979-4a08-8013-92a14c548982@group-146C50BE7901-LeaderElection168] INFO  impl.LeaderElection (LeaderElection.java:askForVotes(178)) - 52743044-8979-4a08-8013-92a14c548982@group-146C50BE7901-LeaderElection168: begin an election at term 196 for -1: [904f39be-c3d3-4df4-99c0-2e4526e577e3:192.168.157.254:45339, 52743044-8979-4a08-8013-92a14c548982:192.168.157.254:36428, 65da0c80-3604-4ac2-9a39-ee88d748a153:192.168.157.254:37466], old=null
2019-10-16 21:11:58,036 [grpc-default-executor-1] INFO  impl.RaftServerImpl (RaftServerImpl.java:setRole(184)) - 65da0c80-3604-4ac2-9a39-ee88d748a153@group-146C50BE7901: changes role from  FOLLOWER to FOLLOWER at term 196 for recognizeCandidate:52743044-8979-4a08-8013-92a14c548982
2019-10-16 21:11:58,036 [grpc-default-executor-1] INFO  impl.RoleInfo (RoleInfo.java:shutdownFollowerState(121)) - 65da0c80-3604-4ac2-9a39-ee88d748a153: shutdown FollowerState
2019-10-16 21:11:58,036 [grpc-default-executor-0] INFO  impl.RaftServerImpl (RaftServerImpl.java:setRole(184)) - 904f39be-c3d3-4df4-99c0-2e4526e577e3@group-146C50BE7901: changes role from  FOLLOWER to FOLLOWER at term 196 for recognizeCandidate:52743044-8979-4a08-8013-92a14c548982
2019-10-16 21:11:58,036 [grpc-default-executor-1] INFO  impl.RoleInfo (RoleInfo.java:updateAndGet(143)) - 65da0c80-3604-4ac2-9a39-ee88d748a153: start FollowerState
2019-10-16 21:11:58,036 [Thread-1375] INFO  impl.FollowerState (FollowerState.java:run(117)) - 65da0c80-3604-4ac2-9a39-ee88d748a153@group-146C50BE7901-FollowerState was interrupted: java.lang.InterruptedException: sleep interrupted
2019-10-16 21:11:58,036 [grpc-default-executor-0] INFO  impl.RoleInfo (RoleInfo.java:shutdownFollowerState(121)) - 904f39be-c3d3-4df4-99c0-2e4526e577e3: shutdown FollowerState
2019-10-16 21:11:58,037 [grpc-default-executor-0] INFO  impl.RoleInfo (RoleInfo.java:updateAndGet(143)) - 904f39be-c3d3-4df4-99c0-2e4526e577e3: start FollowerState
2019-10-16 21:11:58,037 [Thread-1374] INFO  impl.FollowerState (FollowerState.java:run(117)) - 904f39be-c3d3-4df4-99c0-2e4526e577e3@group-146C50BE7901-FollowerState was interrupted: java.lang.InterruptedException: sleep interrupted
2019-10-16 21:11:58,046 [52743044-8979-4a08-8013-92a14c548982@group-146C50BE7901-LeaderElection168] INFO  impl.LeaderElection (LeaderElection.java:logAndReturn(56)) - 52743044-8979-4a08-8013-92a14c548982@group-146C50BE7901-LeaderElection168: Election REJECTED; received 2 response(s) [52743044-8979-4a08-8013-92a14c548982<-904f39be-c3d3-4df4-99c0-2e4526e577e3#0:FAIL-t196, 52743044-8979-4a08-8013-92a14c548982<-65da0c80-3604-4ac2-9a39-ee88d748a153#0:FAIL-t196] and 0 exception(s); 52743044-8979-4a08-8013-92a14c548982@group-146C50BE7901:t196, leader=null, voted=52743044-8979-4a08-8013-92a14c548982, raftlog=52743044-8979-4a08-8013-92a14c548982@group-146C50BE7901-SegmentedRaftLog:OPENED:c-1,f-1,i0, conf=-1: [904f39be-c3d3-4df4-99c0-2e4526e577e3:192.168.157.254:45339, 52743044-8979-4a08-8013-92a14c548982:192.168.157.254:36428, 65da0c80-3604-4ac2-9a39-ee88d748a153:192.168.157.254:37466], old=null
2019-10-16 21:11:58,046 [52743044-8979-4a08-8013-92a14c548982@group-146C50BE7901-LeaderElection168] INFO  impl.RaftServerImpl (RaftServerImpl.java:setRole(184)) - 52743044-8979-4a08-8013-92a14c548982@group-146C50BE7901: changes role from CANDIDATE to FOLLOWER at term 196 for DISCOVERED_A_NEW_TERM
2019-10-16 21:11:58,046 [52743044-8979-4a08-8013-92a14c548982@group-146C50BE7901-LeaderElection168] INFO  impl.RoleInfo (RoleInfo.java:shutdownLeaderElection(134)) - 52743044-8979-4a08-8013-92a14c548982: shutdown LeaderElection
2019-10-16 21:11:58,046 [52743044-8979-4a08-8013-92a14c548982@group-146C50BE7901-LeaderElection168] INFO  impl.RoleInfo (RoleInfo.java:updateAndGet(143)) - 52743044-8979-4a08-8013-92a14c548982: start FollowerState
2019-10-16 21:11:58,090 [Thread-1382] INFO  impl.FollowerState (FollowerState.java:run(108)) - 52743044-8979-4a08-8013-92a14c548982@group-146C50BE7901-FollowerState: change to CANDIDATE, lastRpcTime:43ms, electionTimeout:43ms
2019-10-16 21:11:58,090 [Thread-1382] INFO  impl.RoleInfo (RoleInfo.java:shutdownFollowerState(121)) - 52743044-8979-4a08-8013-92a14c548982: shutdown FollowerState
2019-10-16 21:11:58,090 [Thread-1382] INFO  impl.RaftServerImpl (RaftServerImpl.java:setRole(184)) - 52743044-8979-4a08-8013-92a14c548982@group-146C50BE7901: changes role from  FOLLOWER to CANDIDATE at term 196 for changeToCandidate
2019-10-16 21:11:58,090 [Thread-1382] INFO  impl.RoleInfo (RoleInfo.java:updateAndGet(143)) - 52743044-8979-4a08-8013-92a14c548982: start LeaderElection
2019-10-16 21:11:58,113 [52743044-8979-4a08-8013-92a14c548982@group-146C50BE7901-LeaderElection169] INFO  impl.LeaderElection (LeaderElection.java:askForVotes(178)) - 52743044-8979-4a08-8013-92a14c548982@group-146C50BE7901-LeaderElection169: begin an election at term 197 for -1: [904f39be-c3d3-4df4-99c0-2e4526e577e3:192.168.157.254:45339, 52743044-8979-4a08-8013-92a14c548982:192.168.157.254:36428, 65da0c80-3604-4ac2-9a39-ee88d748a153:192.168.157.254:37466], old=null
2019-10-16 21:11:58,115 [grpc-default-executor-1] INFO  impl.RaftServerImpl (RaftServerImpl.java:setRole(184)) - 904f39be-c3d3-4df4-99c0-2e4526e577e3@group-146C50BE7901: changes role from  FOLLOWER to FOLLOWER at term 197 for recognizeCandidate:52743044-8979-4a08-8013-92a14c548982
2019-10-16 21:11:58,116 [grpc-default-executor-1] INFO  impl.RoleInfo (RoleInfo.java:shutdownFollowerState(121)) - 904f39be-c3d3-4df4-99c0-2e4526e577e3: shutdown FollowerState
2019-10-16 21:11:58,116 [grpc-default-executor-0] INFO  impl.RaftServerImpl (RaftServerImpl.java:setRole(184)) - 65da0c80-3604-4ac2-9a39-ee88d748a153@group-146C50BE7901: changes role from  FOLLOWER to FOLLOWER at term 197 for recognizeCandidate:52743044-8979-4a08-8013-92a14c548982
2019-10-16 21:11:58,116 [grpc-default-executor-0] INFO  impl.RoleInfo (RoleInfo.java:shutdownFollowerState(121)) - 65da0c80-3604-4ac2-9a39-ee88d748a153: shutdown FollowerState
2019-10-16 21:11:58,116 [grpc-default-executor-1] INFO  impl.RoleInfo (RoleInfo.java:updateAndGet(143)) - 904f39be-c3d3-4df4-99c0-2e4526e577e3: start FollowerState
2019-10-16 21:11:58,116 [grpc-default-executor-0] INFO  impl.RoleInfo (RoleInfo.java:updateAndGet(143)) - 65da0c80-3604-4ac2-9a39-ee88d748a153: start FollowerState
2019-10-16 21:11:58,116 [Thread-1381] INFO  impl.FollowerState (FollowerState.java:run(117)) - 904f39be-c3d3-4df4-99c0-2e4526e577e3@group-146C50BE7901-FollowerState was interrupted: java.lang.InterruptedException: sleep interrupted
2019-10-16 21:11:58,116 [Thread-1380] INFO  impl.FollowerState (FollowerState.java:run(117)) - 65da0c80-3604-4ac2-9a39-ee88d748a153@group-146C50BE7901-FollowerState was interrupted: java.lang.InterruptedException: sleep interrupted
2019-10-16 21:11:58,176 [52743044-8979-4a08-8013-92a14c548982@group-146C50BE7901-LeaderElection169] INFO  impl.LeaderElection (LeaderElection.java:logAndReturn(56)) - 52743044-8979-4a08-8013-92a14c548982@group-146C50BE7901-LeaderElection169: Election REJECTED; received 2 response(s) [52743044-8979-4a08-8013-92a14c548982<-904f39be-c3d3-4df4-99c0-2e4526e577e3#0:FAIL-t197, 52743044-8979-4a08-8013-92a14c548982<-65da0c80-3604-4ac2-9a39-ee88d748a153#0:FAIL-t197] and 0 exception(s); 52743044-8979-4a08-8013-92a14c548982@group-146C50BE7901:t197, leader=null, voted=52743044-8979-4a08-8013-92a14c548982, raftlog=52743044-8979-4a08-8013-92a14c548982@group-146C50BE7901-SegmentedRaftLog:OPENED:c-1,f-1,i0, conf=-1: [904f39be-c3d3-4df4-99c0-2e4526e577e3:192.168.157.254:45339, 52743044-8979-4a08-8013-92a14c548982:192.168.157.254:36428, 65da0c80-3604-4ac2-9a39-ee88d748a153:192.168.157.254:37466], old=null
2019-10-16 21:11:58,176 [52743044-8979-4a08-8013-92a14c548982@group-146C50BE7901-LeaderElection169] INFO  impl.RaftServerImpl (RaftServerImpl.java:setRole(184)) - 52743044-8979-4a08-8013-92a14c548982@group-146C50BE7901: changes role from CANDIDATE to FOLLOWER at term 197 for DISCOVERED_A_NEW_TERM
2019-10-16 21:11:58,176 [52743044-8979-4a08-8013-92a14c548982@group-146C50BE7901-LeaderElection169] INFO  impl.RoleInfo (RoleInfo.java:shutdownLeaderElection(134)) - 52743044-8979-4a08-8013-92a14c548982: shutdown LeaderElection
2019-10-16 21:11:58,177 [52743044-8979-4a08-8013-92a14c548982@group-146C50BE7901-LeaderElection169] INFO  impl.RoleInfo (RoleInfo.java:updateAndGet(143)) - 52743044-8979-4a08-8013-92a14c548982: start FollowerState
2019-10-16 21:11:58,208 [main] INFO  ozone.MiniOzoneClusterImpl (MiniOzoneClusterImpl.java:lambda$waitForClusterToBeReady$2(164)) - Waiting for 1 number of pipelines out of 4, to report a leader.
2019-10-16 21:11:58,284 [Thread-1388] INFO  impl.FollowerState (FollowerState.java:run(108)) - 52743044-8979-4a08-8013-92a14c548982@group-146C50BE7901-FollowerState: change to CANDIDATE, lastRpcTime:107ms, electionTimeout:107ms
2019-10-16 21:11:58,284 [Thread-1388] INFO  impl.RoleInfo (RoleInfo.java:shutdownFollowerState(121)) - 52743044-8979-4a08-8013-92a14c548982: shutdown FollowerState
2019-10-16 21:11:58,285 [Thread-1388] INFO  impl.RaftServerImpl (RaftServerImpl.java:setRole(184)) - 52743044-8979-4a08-8013-92a14c548982@group-146C50BE7901: changes role from  FOLLOWER to CANDIDATE at term 197 for changeToCandidate
2019-10-16 21:11:58,285 [Thread-1388] INFO  impl.RoleInfo (RoleInfo.java:updateAndGet(143)) - 52743044-8979-4a08-8013-92a14c548982: start LeaderElection
2019-10-16 21:11:58,309 [52743044-8979-4a08-8013-92a14c548982@group-146C50BE7901-LeaderElection170] INFO  impl.LeaderElection (LeaderElection.java:askForVotes(178)) - 52743044-8979-4a08-8013-92a14c548982@group-146C50BE7901-LeaderElection170: begin an election at term 198 for -1: [904f39be-c3d3-4df4-99c0-2e4526e577e3:192.168.157.254:45339, 52743044-8979-4a08-8013-92a14c548982:192.168.157.254:36428, 65da0c80-3604-4ac2-9a39-ee88d748a153:192.168.157.254:37466], old=null
2019-10-16 21:11:58,312 [grpc-default-executor-1] INFO  impl.RaftServerImpl (RaftServerImpl.java:setRole(184)) - 904f39be-c3d3-4df4-99c0-2e4526e577e3@group-146C50BE7901: changes role from  FOLLOWER to FOLLOWER at term 198 for recognizeCandidate:52743044-8979-4a08-8013-92a14c548982
2019-10-16 21:11:58,312 [grpc-default-executor-1] INFO  impl.RoleInfo (RoleInfo.java:shutdownFollowerState(121)) - 904f39be-c3d3-4df4-99c0-2e4526e577e3: shutdown FollowerState
2019-10-16 21:11:58,312 [grpc-default-executor-1] INFO  impl.RoleInfo (RoleInfo.java:updateAndGet(143)) - 904f39be-c3d3-4df4-99c0-2e4526e577e3: start FollowerState
2019-10-16 21:11:58,312 [Thread-1386] INFO  impl.FollowerState (FollowerState.java:run(117)) - 904f39be-c3d3-4df4-99c0-2e4526e577e3@group-146C50BE7901-FollowerState was interrupted: java.lang.InterruptedException: sleep interrupted
2019-10-16 21:11:58,312 [grpc-default-executor-0] INFO  impl.RaftServerImpl (RaftServerImpl.java:setRole(184)) - 65da0c80-3604-4ac2-9a39-ee88d748a153@group-146C50BE7901: changes role from  FOLLOWER to FOLLOWER at term 198 for recognizeCandidate:52743044-8979-4a08-8013-92a14c548982
2019-10-16 21:11:58,313 [grpc-default-executor-0] INFO  impl.RoleInfo (RoleInfo.java:shutdownFollowerState(121)) - 65da0c80-3604-4ac2-9a39-ee88d748a153: shutdown FollowerState
2019-10-16 21:11:58,313 [grpc-default-executor-0] INFO  impl.RoleInfo (RoleInfo.java:updateAndGet(143)) - 65da0c80-3604-4ac2-9a39-ee88d748a153: start FollowerState
2019-10-16 21:11:58,313 [Thread-1387] INFO  impl.FollowerState (FollowerState.java:run(117)) - 65da0c80-3604-4ac2-9a39-ee88d748a153@group-146C50BE7901-FollowerState was interrupted: java.lang.InterruptedException: sleep interrupted
2019-10-16 21:11:58,322 [52743044-8979-4a08-8013-92a14c548982@group-146C50BE7901-LeaderElection170] INFO  impl.LeaderElection (LeaderElection.java:logAndReturn(56)) - 52743044-8979-4a08-8013-92a14c548982@group-146C50BE7901-LeaderElection170: Election TIMEOUT; received 0 response(s) [] and 0 exception(s); 52743044-8979-4a08-8013-92a14c548982@group-146C50BE7901:t198, leader=null, voted=52743044-8979-4a08-8013-92a14c548982, raftlog=52743044-8979-4a08-8013-92a14c548982@group-146C50BE7901-SegmentedRaftLog:OPENED:c-1,f-1,i0, conf=-1: [904f39be-c3d3-4df4-99c0-2e4526e577e3:192.168.157.254:45339, 52743044-8979-4a08-8013-92a14c548982:192.168.157.254:36428, 65da0c80-3604-4ac2-9a39-ee88d748a153:192.168.157.254:37466], old=null
2019-10-16 21:11:58,335 [52743044-8979-4a08-8013-92a14c548982@group-146C50BE7901-LeaderElection170] INFO  impl.LeaderElection (LeaderElection.java:askForVotes(178)) - 52743044-8979-4a08-8013-92a14c548982@group-146C50BE7901-LeaderElection170: begin an election at term 199 for -1: [904f39be-c3d3-4df4-99c0-2e4526e577e3:192.168.157.254:45339, 52743044-8979-4a08-8013-92a14c548982:192.168.157.254:36428, 65da0c80-3604-4ac2-9a39-ee88d748a153:192.168.157.254:37466], old=null
2019-10-16 21:11:58,337 [grpc-default-executor-0] INFO  impl.RaftServerImpl (RaftServerImpl.java:setRole(184)) - 904f39be-c3d3-4df4-99c0-2e4526e577e3@group-146C50BE7901: changes role from  FOLLOWER to FOLLOWER at term 199 for recognizeCandidate:52743044-8979-4a08-8013-92a14c548982
2019-10-16 21:11:58,337 [grpc-default-executor-0] INFO  impl.RoleInfo (RoleInfo.java:shutdownFollowerState(121)) - 904f39be-c3d3-4df4-99c0-2e4526e577e3: shutdown FollowerState
2019-10-16 21:11:58,337 [grpc-default-executor-0] INFO  impl.RoleInfo (RoleInfo.java:updateAndGet(143)) - 904f39be-c3d3-4df4-99c0-2e4526e577e3: start FollowerState
2019-10-16 21:11:58,337 [Thread-1392] INFO  impl.FollowerState (FollowerState.java:run(117)) - 904f39be-c3d3-4df4-99c0-2e4526e577e3@group-146C50BE7901-FollowerState was interrupted: java.lang.InterruptedException: sleep interrupted
2019-10-16 21:11:58,338 [grpc-default-executor-1] INFO  impl.RaftServerImpl (RaftServerImpl.java:setRole(184)) - 65da0c80-3604-4ac2-9a39-ee88d748a153@group-146C50BE7901: changes role from  FOLLOWER to FOLLOWER at term 199 for recognizeCandidate:52743044-8979-4a08-8013-92a14c548982
2019-10-16 21:11:58,338 [grpc-default-executor-1] INFO  impl.RoleInfo (RoleInfo.java:shutdownFollowerState(121)) - 65da0c80-3604-4ac2-9a39-ee88d748a153: shutdown FollowerState
2019-10-16 21:11:58,338 [grpc-default-executor-1] INFO  impl.RoleInfo (RoleInfo.java:updateAndGet(143)) - 65da0c80-3604-4ac2-9a39-ee88d748a153: start FollowerState
2019-10-16 21:11:58,338 [Thread-1393] INFO  impl.FollowerState (FollowerState.java:run(117)) - 65da0c80-3604-4ac2-9a39-ee88d748a153@group-146C50BE7901-FollowerState was interrupted: java.lang.InterruptedException: sleep interrupted
2019-10-16 21:11:58,363 [52743044-8979-4a08-8013-92a14c548982@group-146C50BE7901-LeaderElection170] INFO  impl.LeaderElection (LeaderElection.java:logAndReturn(56)) - 52743044-8979-4a08-8013-92a14c548982@group-146C50BE7901-LeaderElection170: Election REJECTED; received 2 response(s) [52743044-8979-4a08-8013-92a14c548982<-904f39be-c3d3-4df4-99c0-2e4526e577e3#0:FAIL-t199, 52743044-8979-4a08-8013-92a14c548982<-65da0c80-3604-4ac2-9a39-ee88d748a153#0:FAIL-t199] and 0 exception(s); 52743044-8979-4a08-8013-92a14c548982@group-146C50BE7901:t199, leader=null, voted=52743044-8979-4a08-8013-92a14c548982, raftlog=52743044-8979-4a08-8013-92a14c548982@group-146C50BE7901-SegmentedRaftLog:OPENED:c-1,f-1,i0, conf=-1: [904f39be-c3d3-4df4-99c0-2e4526e577e3:192.168.157.254:45339, 52743044-8979-4a08-8013-92a14c548982:192.168.157.254:36428, 65da0c80-3604-4ac2-9a39-ee88d748a153:192.168.157.254:37466], old=null
2019-10-16 21:11:58,363 [52743044-8979-4a08-8013-92a14c548982@group-146C50BE7901-LeaderElection170] INFO  impl.RaftServerImpl (RaftServerImpl.java:setRole(184)) - 52743044-8979-4a08-8013-92a14c548982@group-146C50BE7901: changes role from CANDIDATE to FOLLOWER at term 199 for DISCOVERED_A_NEW_TERM
2019-10-16 21:11:58,363 [52743044-8979-4a08-8013-92a14c548982@group-146C50BE7901-LeaderElection170] INFO  impl.RoleInfo (RoleInfo.java:shutdownLeaderElection(134)) - 52743044-8979-4a08-8013-92a14c548982: shutdown LeaderElection
2019-10-16 21:11:58,363 [52743044-8979-4a08-8013-92a14c548982@group-146C50BE7901-LeaderElection170] INFO  impl.RoleInfo (RoleInfo.java:updateAndGet(143)) - 52743044-8979-4a08-8013-92a14c548982: start FollowerState
2019-10-16 21:11:58,541 [Thread-1398] INFO  impl.FollowerState (FollowerState.java:run(108)) - 52743044-8979-4a08-8013-92a14c548982@group-146C50BE7901-FollowerState: change to CANDIDATE, lastRpcTime:177ms, electionTimeout:177ms
2019-10-16 21:11:58,541 [Thread-1398] INFO  impl.RoleInfo (RoleInfo.java:shutdownFollowerState(121)) - 52743044-8979-4a08-8013-92a14c548982: shutdown FollowerState
2019-10-16 21:11:58,541 [Thread-1398] INFO  impl.RaftServerImpl (RaftServerImpl.java:setRole(184)) - 52743044-8979-4a08-8013-92a14c548982@group-146C50BE7901: changes role from  FOLLOWER to CANDIDATE at term 199 for changeToCandidate
2019-10-16 21:11:58,541 [Thread-1398] INFO  impl.RoleInfo (RoleInfo.java:updateAndGet(143)) - 52743044-8979-4a08-8013-92a14c548982: start LeaderElection
2019-10-16 21:11:58,555 [52743044-8979-4a08-8013-92a14c548982@group-146C50BE7901-LeaderElection171] INFO  impl.LeaderElection (LeaderElection.java:askForVotes(178)) - 52743044-8979-4a08-8013-92a14c548982@group-146C50BE7901-LeaderElection171: begin an election at term 200 for -1: [904f39be-c3d3-4df4-99c0-2e4526e577e3:192.168.157.254:45339, 52743044-8979-4a08-8013-92a14c548982:192.168.157.254:36428, 65da0c80-3604-4ac2-9a39-ee88d748a153:192.168.157.254:37466], old=null
2019-10-16 21:11:58,558 [grpc-default-executor-0] INFO  impl.RaftServerImpl (RaftServerImpl.java:setRole(184)) - 904f39be-c3d3-4df4-99c0-2e4526e577e3@group-146C50BE7901: changes role from  FOLLOWER to FOLLOWER at term 200 for recognizeCandidate:52743044-8979-4a08-8013-92a14c548982
2019-10-16 21:11:58,558 [grpc-default-executor-0] INFO  impl.RoleInfo (RoleInfo.java:shutdownFollowerState(121)) - 904f39be-c3d3-4df4-99c0-2e4526e577e3: shutdown FollowerState
2019-10-16 21:11:58,558 [grpc-default-executor-1] INFO  impl.RaftServerImpl (RaftServerImpl.java:setRole(184)) - 65da0c80-3604-4ac2-9a39-ee88d748a153@group-146C50BE7901: changes role from  FOLLOWER to FOLLOWER at term 200 for recognizeCandidate:52743044-8979-4a08-8013-92a14c548982
2019-10-16 21:11:58,558 [Thread-1396] INFO  impl.FollowerState (FollowerState.java:run(117)) - 904f39be-c3d3-4df4-99c0-2e4526e577e3@group-146C50BE7901-FollowerState was interrupted: java.lang.InterruptedException: sleep interrupted
2019-10-16 21:11:58,558 [grpc-default-executor-0] INFO  impl.RoleInfo (RoleInfo.java:updateAndGet(143)) - 904f39be-c3d3-4df4-99c0-2e4526e577e3: start FollowerState
2019-10-16 21:11:58,558 [grpc-default-executor-1] INFO  impl.RoleInfo (RoleInfo.java:shutdownFollowerState(121)) - 65da0c80-3604-4ac2-9a39-ee88d748a153: shutdown FollowerState
2019-10-16 21:11:58,559 [grpc-default-executor-1] INFO  impl.RoleInfo (RoleInfo.java:updateAndGet(143)) - 65da0c80-3604-4ac2-9a39-ee88d748a153: start FollowerState
2019-10-16 21:11:58,559 [Thread-1397] INFO  impl.FollowerState (FollowerState.java:run(117)) - 65da0c80-3604-4ac2-9a39-ee88d748a153@group-146C50BE7901-FollowerState was interrupted: java.lang.InterruptedException: sleep interrupted
2019-10-16 21:11:58,617 [52743044-8979-4a08-8013-92a14c548982@group-146C50BE7901-LeaderElection171] INFO  impl.LeaderElection (LeaderElection.java:logAndReturn(56)) - 52743044-8979-4a08-8013-92a14c548982@group-146C50BE7901-LeaderElection171: Election REJECTED; received 2 response(s) [52743044-8979-4a08-8013-92a14c548982<-904f39be-c3d3-4df4-99c0-2e4526e577e3#0:FAIL-t200, 52743044-8979-4a08-8013-92a14c548982<-65da0c80-3604-4ac2-9a39-ee88d748a153#0:FAIL-t200] and 0 exception(s); 52743044-8979-4a08-8013-92a14c548982@group-146C50BE7901:t200, leader=null, voted=52743044-8979-4a08-8013-92a14c548982, raftlog=52743044-8979-4a08-8013-92a14c548982@group-146C50BE7901-SegmentedRaftLog:OPENED:c-1,f-1,i0, conf=-1: [904f39be-c3d3-4df4-99c0-2e4526e577e3:192.168.157.254:45339, 52743044-8979-4a08-8013-92a14c548982:192.168.157.254:36428, 65da0c80-3604-4ac2-9a39-ee88d748a153:192.168.157.254:37466], old=null
2019-10-16 21:11:58,617 [52743044-8979-4a08-8013-92a14c548982@group-146C50BE7901-LeaderElection171] INFO  impl.RaftServerImpl (RaftServerImpl.java:setRole(184)) - 52743044-8979-4a08-8013-92a14c548982@group-146C50BE7901: changes role from CANDIDATE to FOLLOWER at term 200 for DISCOVERED_A_NEW_TERM
2019-10-16 21:11:58,618 [52743044-8979-4a08-8013-92a14c548982@group-146C50BE7901-LeaderElection171] INFO  impl.RoleInfo (RoleInfo.java:shutdownLeaderElection(134)) - 52743044-8979-4a08-8013-92a14c548982: shutdown LeaderElection
2019-10-16 21:11:58,618 [52743044-8979-4a08-8013-92a14c548982@group-146C50BE7901-LeaderElection171] INFO  impl.RoleInfo (RoleInfo.java:updateAndGet(143)) - 52743044-8979-4a08-8013-92a14c548982: start FollowerState
2019-10-16 21:11:58,749 [Thread-1404] INFO  impl.FollowerState (FollowerState.java:run(108)) - 52743044-8979-4a08-8013-92a14c548982@group-146C50BE7901-FollowerState: change to CANDIDATE, lastRpcTime:131ms, electionTimeout:131ms
2019-10-16 21:11:58,749 [Thread-1404] INFO  impl.RoleInfo (RoleInfo.java:shutdownFollowerState(121)) - 52743044-8979-4a08-8013-92a14c548982: shutdown FollowerState
2019-10-16 21:11:58,750 [Thread-1404] INFO  impl.RaftServerImpl (RaftServerImpl.java:setRole(184)) - 52743044-8979-4a08-8013-92a14c548982@group-146C50BE7901: changes role from  FOLLOWER to CANDIDATE at term 200 for changeToCandidate
2019-10-16 21:11:58,750 [Thread-1404] INFO  impl.RoleInfo (RoleInfo.java:updateAndGet(143)) - 52743044-8979-4a08-8013-92a14c548982: start LeaderElection
2019-10-16 21:11:58,803 [52743044-8979-4a08-8013-92a14c548982@group-146C50BE7901-LeaderElection172] INFO  impl.LeaderElection (LeaderElection.java:askForVotes(178)) - 52743044-8979-4a08-8013-92a14c548982@group-146C50BE7901-LeaderElection172: begin an election at term 201 for -1: [904f39be-c3d3-4df4-99c0-2e4526e577e3:192.168.157.254:45339, 52743044-8979-4a08-8013-92a14c548982:192.168.157.254:36428, 65da0c80-3604-4ac2-9a39-ee88d748a153:192.168.157.254:37466], old=null
2019-10-16 21:11:58,806 [grpc-default-executor-0] INFO  impl.RaftServerImpl (RaftServerImpl.java:setRole(184)) - 904f39be-c3d3-4df4-99c0-2e4526e577e3@group-146C50BE7901: changes role from  FOLLOWER to FOLLOWER at term 201 for recognizeCandidate:52743044-8979-4a08-8013-92a14c548982
2019-10-16 21:11:58,806 [grpc-default-executor-0] INFO  impl.RoleInfo (RoleInfo.java:shutdownFollowerState(121)) - 904f39be-c3d3-4df4-99c0-2e4526e577e3: shutdown FollowerState
2019-10-16 21:11:58,806 [grpc-default-executor-0] INFO  impl.RoleInfo (RoleInfo.java:updateAndGet(143)) - 904f39be-c3d3-4df4-99c0-2e4526e577e3: start FollowerState
2019-10-16 21:11:58,806 [Thread-1402] INFO  impl.FollowerState (FollowerState.java:run(117)) - 904f39be-c3d3-4df4-99c0-2e4526e577e3@group-146C50BE7901-FollowerState was interrupted: java.lang.InterruptedException: sleep interrupted
2019-10-16 21:11:58,807 [grpc-default-executor-1] INFO  impl.RaftServerImpl (RaftServerImpl.java:setRole(184)) - 65da0c80-3604-4ac2-9a39-ee88d748a153@group-146C50BE7901: changes role from  FOLLOWER to FOLLOWER at term 201 for recognizeCandidate:52743044-8979-4a08-8013-92a14c548982
2019-10-16 21:11:58,807 [grpc-default-executor-1] INFO  impl.RoleInfo (RoleInfo.java:shutdownFollowerState(121)) - 65da0c80-3604-4ac2-9a39-ee88d748a153: shutdown FollowerState
2019-10-16 21:11:58,807 [grpc-default-executor-1] INFO  impl.RoleInfo (RoleInfo.java:updateAndGet(143)) - 65da0c80-3604-4ac2-9a39-ee88d748a153: start FollowerState
2019-10-16 21:11:58,808 [Thread-1403] INFO  impl.FollowerState (FollowerState.java:run(117)) - 65da0c80-3604-4ac2-9a39-ee88d748a153@group-146C50BE7901-FollowerState was interrupted: java.lang.InterruptedException: sleep interrupted
2019-10-16 21:11:58,869 [52743044-8979-4a08-8013-92a14c548982@group-146C50BE7901-LeaderElection172] INFO  impl.LeaderElection (LeaderElection.java:logAndReturn(56)) - 52743044-8979-4a08-8013-92a14c548982@group-146C50BE7901-LeaderElection172: Election REJECTED; received 2 response(s) [52743044-8979-4a08-8013-92a14c548982<-904f39be-c3d3-4df4-99c0-2e4526e577e3#0:FAIL-t201, 52743044-8979-4a08-8013-92a14c548982<-65da0c80-3604-4ac2-9a39-ee88d748a153#0:FAIL-t201] and 0 exception(s); 52743044-8979-4a08-8013-92a14c548982@group-146C50BE7901:t201, leader=null, voted=52743044-8979-4a08-8013-92a14c548982, raftlog=52743044-8979-4a08-8013-92a14c548982@group-146C50BE7901-SegmentedRaftLog:OPENED:c-1,f-1,i0, conf=-1: [904f39be-c3d3-4df4-99c0-2e4526e577e3:192.168.157.254:45339, 52743044-8979-4a08-8013-92a14c548982:192.168.157.254:36428, 65da0c80-3604-4ac2-9a39-ee88d748a153:192.168.157.254:37466], old=null
2019-10-16 21:11:58,869 [52743044-8979-4a08-8013-92a14c548982@group-146C50BE7901-LeaderElection172] INFO  impl.RaftServerImpl (RaftServerImpl.java:setRole(184)) - 52743044-8979-4a08-8013-92a14c548982@group-146C50BE7901: changes role from CANDIDATE to FOLLOWER at term 201 for DISCOVERED_A_NEW_TERM
2019-10-16 21:11:58,869 [52743044-8979-4a08-8013-92a14c548982@group-146C50BE7901-LeaderElection172] INFO  impl.RoleInfo (RoleInfo.java:shutdownLeaderElection(134)) - 52743044-8979-4a08-8013-92a14c548982: shutdown LeaderElection
2019-10-16 21:11:58,869 [52743044-8979-4a08-8013-92a14c548982@group-146C50BE7901-LeaderElection172] INFO  impl.RoleInfo (RoleInfo.java:updateAndGet(143)) - 52743044-8979-4a08-8013-92a14c548982: start FollowerState
2019-10-16 21:11:59,030 [Thread-1410] INFO  impl.FollowerState (FollowerState.java:run(108)) - 52743044-8979-4a08-8013-92a14c548982@group-146C50BE7901-FollowerState: change to CANDIDATE, lastRpcTime:160ms, electionTimeout:160ms
2019-10-16 21:11:59,030 [Thread-1410] INFO  impl.RoleInfo (RoleInfo.java:shutdownFollowerState(121)) - 52743044-8979-4a08-8013-92a14c548982: shutdown FollowerState
2019-10-16 21:11:59,030 [Thread-1410] INFO  impl.RaftServerImpl (RaftServerImpl.java:setRole(184)) - 52743044-8979-4a08-8013-92a14c548982@group-146C50BE7901: changes role from  FOLLOWER to CANDIDATE at term 201 for changeToCandidate
2019-10-16 21:11:59,031 [Thread-1410] INFO  impl.RoleInfo (RoleInfo.java:updateAndGet(143)) - 52743044-8979-4a08-8013-92a14c548982: start LeaderElection
2019-10-16 21:11:59,059 [52743044-8979-4a08-8013-92a14c548982@group-146C50BE7901-LeaderElection173] INFO  impl.LeaderElection (LeaderElection.java:askForVotes(178)) - 52743044-8979-4a08-8013-92a14c548982@group-146C50BE7901-LeaderElection173: begin an election at term 202 for -1: [904f39be-c3d3-4df4-99c0-2e4526e577e3:192.168.157.254:45339, 52743044-8979-4a08-8013-92a14c548982:192.168.157.254:36428, 65da0c80-3604-4ac2-9a39-ee88d748a153:192.168.157.254:37466], old=null
2019-10-16 21:11:59,062 [grpc-default-executor-1] INFO  impl.RaftServerImpl (RaftServerImpl.java:setRole(184)) - 65da0c80-3604-4ac2-9a39-ee88d748a153@group-146C50BE7901: changes role from  FOLLOWER to FOLLOWER at term 202 for recognizeCandidate:52743044-8979-4a08-8013-92a14c548982
2019-10-16 21:11:59,062 [grpc-default-executor-1] INFO  impl.RoleInfo (RoleInfo.java:shutdownFollowerState(121)) - 65da0c80-3604-4ac2-9a39-ee88d748a153: shutdown FollowerState
2019-10-16 21:11:59,062 [grpc-default-executor-1] INFO  impl.RoleInfo (RoleInfo.java:updateAndGet(143)) - 65da0c80-3604-4ac2-9a39-ee88d748a153: start FollowerState
2019-10-16 21:11:59,062 [grpc-default-executor-0] INFO  impl.RaftServerImpl (RaftServerImpl.java:setRole(184)) - 904f39be-c3d3-4df4-99c0-2e4526e577e3@group-146C50BE7901: changes role from  FOLLOWER to FOLLOWER at term 202 for recognizeCandidate:52743044-8979-4a08-8013-92a14c548982
2019-10-16 21:11:59,062 [grpc-default-executor-0] INFO  impl.RoleInfo (RoleInfo.java:shutdownFollowerState(121)) - 904f39be-c3d3-4df4-99c0-2e4526e577e3: shutdown FollowerState
2019-10-16 21:11:59,062 [Thread-1409] INFO  impl.FollowerState (FollowerState.java:run(117)) - 65da0c80-3604-4ac2-9a39-ee88d748a153@group-146C50BE7901-FollowerState was interrupted: java.lang.InterruptedException: sleep interrupted
2019-10-16 21:11:59,063 [grpc-default-executor-0] INFO  impl.RoleInfo (RoleInfo.java:updateAndGet(143)) - 904f39be-c3d3-4df4-99c0-2e4526e577e3: start FollowerState
2019-10-16 21:11:59,063 [Thread-1408] INFO  impl.FollowerState (FollowerState.java:run(117)) - 904f39be-c3d3-4df4-99c0-2e4526e577e3@group-146C50BE7901-FollowerState was interrupted: java.lang.InterruptedException: sleep interrupted
2019-10-16 21:11:59,116 [52743044-8979-4a08-8013-92a14c548982@group-146C50BE7901-LeaderElection173] INFO  impl.LeaderElection (LeaderElection.java:logAndReturn(56)) - 52743044-8979-4a08-8013-92a14c548982@group-146C50BE7901-LeaderElection173: Election REJECTED; received 2 response(s) [52743044-8979-4a08-8013-92a14c548982<-904f39be-c3d3-4df4-99c0-2e4526e577e3#0:FAIL-t202, 52743044-8979-4a08-8013-92a14c548982<-65da0c80-3604-4ac2-9a39-ee88d748a153#0:FAIL-t202] and 0 exception(s); 52743044-8979-4a08-8013-92a14c548982@group-146C50BE7901:t202, leader=null, voted=52743044-8979-4a08-8013-92a14c548982, raftlog=52743044-8979-4a08-8013-92a14c548982@group-146C50BE7901-SegmentedRaftLog:OPENED:c-1,f-1,i0, conf=-1: [904f39be-c3d3-4df4-99c0-2e4526e577e3:192.168.157.254:45339, 52743044-8979-4a08-8013-92a14c548982:192.168.157.254:36428, 65da0c80-3604-4ac2-9a39-ee88d748a153:192.168.157.254:37466], old=null
2019-10-16 21:11:59,117 [52743044-8979-4a08-8013-92a14c548982@group-146C50BE7901-LeaderElection173] INFO  impl.RaftServerImpl (RaftServerImpl.java:setRole(184)) - 52743044-8979-4a08-8013-92a14c548982@group-146C50BE7901: changes role from CANDIDATE to FOLLOWER at term 202 for DISCOVERED_A_NEW_TERM
2019-10-16 21:11:59,117 [52743044-8979-4a08-8013-92a14c548982@group-146C50BE7901-LeaderElection173] INFO  impl.RoleInfo (RoleInfo.java:shutdownLeaderElection(134)) - 52743044-8979-4a08-8013-92a14c548982: shutdown LeaderElection
2019-10-16 21:11:59,117 [52743044-8979-4a08-8013-92a14c548982@group-146C50BE7901-LeaderElection173] INFO  impl.RoleInfo (RoleInfo.java:updateAndGet(143)) - 52743044-8979-4a08-8013-92a14c548982: start FollowerState
2019-10-16 21:11:59,184 [Thread-1416] INFO  impl.FollowerState (FollowerState.java:run(108)) - 52743044-8979-4a08-8013-92a14c548982@group-146C50BE7901-FollowerState: change to CANDIDATE, lastRpcTime:67ms, electionTimeout:67ms
2019-10-16 21:11:59,185 [Thread-1416] INFO  impl.RoleInfo (RoleInfo.java:shutdownFollowerState(121)) - 52743044-8979-4a08-8013-92a14c548982: shutdown FollowerState
2019-10-16 21:11:59,185 [Thread-1416] INFO  impl.RaftServerImpl (RaftServerImpl.java:setRole(184)) - 52743044-8979-4a08-8013-92a14c548982@group-146C50BE7901: changes role from  FOLLOWER to CANDIDATE at term 202 for changeToCandidate
2019-10-16 21:11:59,185 [Thread-1416] INFO  impl.RoleInfo (RoleInfo.java:updateAndGet(143)) - 52743044-8979-4a08-8013-92a14c548982: start LeaderElection
2019-10-16 21:11:59,209 [main] INFO  ozone.MiniOzoneClusterImpl (MiniOzoneClusterImpl.java:lambda$waitForClusterToBeReady$2(164)) - Waiting for 1 number of pipelines out of 4, to report a leader.
2019-10-16 21:11:59,211 [52743044-8979-4a08-8013-92a14c548982@group-146C50BE7901-LeaderElection174] INFO  impl.LeaderElection (LeaderElection.java:askForVotes(178)) - 52743044-8979-4a08-8013-92a14c548982@group-146C50BE7901-LeaderElection174: begin an election at term 203 for -1: [904f39be-c3d3-4df4-99c0-2e4526e577e3:192.168.157.254:45339, 52743044-8979-4a08-8013-92a14c548982:192.168.157.254:36428, 65da0c80-3604-4ac2-9a39-ee88d748a153:192.168.157.254:37466], old=null
2019-10-16 21:11:59,213 [grpc-default-executor-0] INFO  impl.RaftServerImpl (RaftServerImpl.java:setRole(184)) - 65da0c80-3604-4ac2-9a39-ee88d748a153@group-146C50BE7901: changes role from  FOLLOWER to FOLLOWER at term 203 for recognizeCandidate:52743044-8979-4a08-8013-92a14c548982
2019-10-16 21:11:59,213 [grpc-default-executor-0] INFO  impl.RoleInfo (RoleInfo.java:shutdownFollowerState(121)) - 65da0c80-3604-4ac2-9a39-ee88d748a153: shutdown FollowerState
2019-10-16 21:11:59,213 [grpc-default-executor-0] INFO  impl.RoleInfo (RoleInfo.java:updateAndGet(143)) - 65da0c80-3604-4ac2-9a39-ee88d748a153: start FollowerState
2019-10-16 21:11:59,213 [Thread-1414] INFO  impl.FollowerState (FollowerState.java:run(117)) - 65da0c80-3604-4ac2-9a39-ee88d748a153@group-146C50BE7901-FollowerState was interrupted: java.lang.InterruptedException: sleep interrupted
2019-10-16 21:11:59,214 [grpc-default-executor-1] INFO  impl.RaftServerImpl (RaftServerImpl.java:setRole(184)) - 904f39be-c3d3-4df4-99c0-2e4526e577e3@group-146C50BE7901: changes role from  FOLLOWER to FOLLOWER at term 203 for recognizeCandidate:52743044-8979-4a08-8013-92a14c548982
2019-10-16 21:11:59,214 [grpc-default-executor-1] INFO  impl.RoleInfo (RoleInfo.java:shutdownFollowerState(121)) - 904f39be-c3d3-4df4-99c0-2e4526e577e3: shutdown FollowerState
2019-10-16 21:11:59,214 [grpc-default-executor-1] INFO  impl.RoleInfo (RoleInfo.java:updateAndGet(143)) - 904f39be-c3d3-4df4-99c0-2e4526e577e3: start FollowerState
2019-10-16 21:11:59,214 [Thread-1415] INFO  impl.FollowerState (FollowerState.java:run(117)) - 904f39be-c3d3-4df4-99c0-2e4526e577e3@group-146C50BE7901-FollowerState was interrupted: java.lang.InterruptedException: sleep interrupted
2019-10-16 21:11:59,223 [52743044-8979-4a08-8013-92a14c548982@group-146C50BE7901-LeaderElection174] INFO  impl.LeaderElection (LeaderElection.java:logAndReturn(56)) - 52743044-8979-4a08-8013-92a14c548982@group-146C50BE7901-LeaderElection174: Election REJECTED; received 2 response(s) [52743044-8979-4a08-8013-92a14c548982<-904f39be-c3d3-4df4-99c0-2e4526e577e3#0:FAIL-t203, 52743044-8979-4a08-8013-92a14c548982<-65da0c80-3604-4ac2-9a39-ee88d748a153#0:FAIL-t203] and 0 exception(s); 52743044-8979-4a08-8013-92a14c548982@group-146C50BE7901:t203, leader=null, voted=52743044-8979-4a08-8013-92a14c548982, raftlog=52743044-8979-4a08-8013-92a14c548982@group-146C50BE7901-SegmentedRaftLog:OPENED:c-1,f-1,i0, conf=-1: [904f39be-c3d3-4df4-99c0-2e4526e577e3:192.168.157.254:45339, 52743044-8979-4a08-8013-92a14c548982:192.168.157.254:36428, 65da0c80-3604-4ac2-9a39-ee88d748a153:192.168.157.254:37466], old=null
2019-10-16 21:11:59,223 [52743044-8979-4a08-8013-92a14c548982@group-146C50BE7901-LeaderElection174] INFO  impl.RaftServerImpl (RaftServerImpl.java:setRole(184)) - 52743044-8979-4a08-8013-92a14c548982@group-146C50BE7901: changes role from CANDIDATE to FOLLOWER at term 203 for DISCOVERED_A_NEW_TERM
2019-10-16 21:11:59,224 [52743044-8979-4a08-8013-92a14c548982@group-146C50BE7901-LeaderElection174] INFO  impl.RoleInfo (RoleInfo.java:shutdownLeaderElection(134)) - 52743044-8979-4a08-8013-92a14c548982: shutdown LeaderElection
2019-10-16 21:11:59,224 [52743044-8979-4a08-8013-92a14c548982@group-146C50BE7901-LeaderElection174] INFO  impl.RoleInfo (RoleInfo.java:updateAndGet(143)) - 52743044-8979-4a08-8013-92a14c548982: start FollowerState
2019-10-16 21:11:59,356 [Thread-1422] INFO  impl.FollowerState (FollowerState.java:run(108)) - 52743044-8979-4a08-8013-92a14c548982@group-146C50BE7901-FollowerState: change to CANDIDATE, lastRpcTime:132ms, electionTimeout:132ms
2019-10-16 21:11:59,356 [Thread-1422] INFO  impl.RoleInfo (RoleInfo.java:shutdownFollowerState(121)) - 52743044-8979-4a08-8013-92a14c548982: shutdown FollowerState
2019-10-16 21:11:59,356 [Thread-1422] INFO  impl.RaftServerImpl (RaftServerImpl.java:setRole(184)) - 52743044-8979-4a08-8013-92a14c548982@group-146C50BE7901: changes role from  FOLLOWER to CANDIDATE at term 203 for changeToCandidate
2019-10-16 21:11:59,357 [Thread-1422] INFO  impl.RoleInfo (RoleInfo.java:updateAndGet(143)) - 52743044-8979-4a08-8013-92a14c548982: start LeaderElection
2019-10-16 21:11:59,385 [52743044-8979-4a08-8013-92a14c548982@group-146C50BE7901-LeaderElection175] INFO  impl.LeaderElection (LeaderElection.java:askForVotes(178)) - 52743044-8979-4a08-8013-92a14c548982@group-146C50BE7901-LeaderElection175: begin an election at term 204 for -1: [904f39be-c3d3-4df4-99c0-2e4526e577e3:192.168.157.254:45339, 52743044-8979-4a08-8013-92a14c548982:192.168.157.254:36428, 65da0c80-3604-4ac2-9a39-ee88d748a153:192.168.157.254:37466], old=null
2019-10-16 21:11:59,388 [52743044-8979-4a08-8013-92a14c548982@group-146C50BE7901-LeaderElection175] INFO  impl.LeaderElection (LeaderElection.java:logAndReturn(56)) - 52743044-8979-4a08-8013-92a14c548982@group-146C50BE7901-LeaderElection175: Election TIMEOUT; received 0 response(s) [] and 0 exception(s); 52743044-8979-4a08-8013-92a14c548982@group-146C50BE7901:t204, leader=null, voted=52743044-8979-4a08-8013-92a14c548982, raftlog=52743044-8979-4a08-8013-92a14c548982@group-146C50BE7901-SegmentedRaftLog:OPENED:c-1,f-1,i0, conf=-1: [904f39be-c3d3-4df4-99c0-2e4526e577e3:192.168.157.254:45339, 52743044-8979-4a08-8013-92a14c548982:192.168.157.254:36428, 65da0c80-3604-4ac2-9a39-ee88d748a153:192.168.157.254:37466], old=null
2019-10-16 21:11:59,388 [grpc-default-executor-1] INFO  impl.RaftServerImpl (RaftServerImpl.java:setRole(184)) - 904f39be-c3d3-4df4-99c0-2e4526e577e3@group-146C50BE7901: changes role from  FOLLOWER to FOLLOWER at term 204 for recognizeCandidate:52743044-8979-4a08-8013-92a14c548982
2019-10-16 21:11:59,388 [grpc-default-executor-1] INFO  impl.RoleInfo (RoleInfo.java:shutdownFollowerState(121)) - 904f39be-c3d3-4df4-99c0-2e4526e577e3: shutdown FollowerState
2019-10-16 21:11:59,388 [grpc-default-executor-1] INFO  impl.RoleInfo (RoleInfo.java:updateAndGet(143)) - 904f39be-c3d3-4df4-99c0-2e4526e577e3: start FollowerState
2019-10-16 21:11:59,389 [Thread-1421] INFO  impl.FollowerState (FollowerState.java:run(117)) - 904f39be-c3d3-4df4-99c0-2e4526e577e3@group-146C50BE7901-FollowerState was interrupted: java.lang.InterruptedException: sleep interrupted
2019-10-16 21:11:59,388 [grpc-default-executor-0] INFO  impl.RaftServerImpl (RaftServerImpl.java:setRole(184)) - 65da0c80-3604-4ac2-9a39-ee88d748a153@group-146C50BE7901: changes role from  FOLLOWER to FOLLOWER at term 204 for recognizeCandidate:52743044-8979-4a08-8013-92a14c548982
2019-10-16 21:11:59,389 [grpc-default-executor-0] INFO  impl.RoleInfo (RoleInfo.java:shutdownFollowerState(121)) - 65da0c80-3604-4ac2-9a39-ee88d748a153: shutdown FollowerState
2019-10-16 21:11:59,389 [grpc-default-executor-0] INFO  impl.RoleInfo (RoleInfo.java:updateAndGet(143)) - 65da0c80-3604-4ac2-9a39-ee88d748a153: start FollowerState
2019-10-16 21:11:59,389 [Thread-1420] INFO  impl.FollowerState (FollowerState.java:run(117)) - 65da0c80-3604-4ac2-9a39-ee88d748a153@group-146C50BE7901-FollowerState was interrupted: java.lang.InterruptedException: sleep interrupted
2019-10-16 21:11:59,398 [52743044-8979-4a08-8013-92a14c548982@group-146C50BE7901-LeaderElection175] INFO  impl.LeaderElection (LeaderElection.java:askForVotes(178)) - 52743044-8979-4a08-8013-92a14c548982@group-146C50BE7901-LeaderElection175: begin an election at term 205 for -1: [904f39be-c3d3-4df4-99c0-2e4526e577e3:192.168.157.254:45339, 52743044-8979-4a08-8013-92a14c548982:192.168.157.254:36428, 65da0c80-3604-4ac2-9a39-ee88d748a153:192.168.157.254:37466], old=null
2019-10-16 21:11:59,400 [grpc-default-executor-1] INFO  impl.RaftServerImpl (RaftServerImpl.java:setRole(184)) - 904f39be-c3d3-4df4-99c0-2e4526e577e3@group-146C50BE7901: changes role from  FOLLOWER to FOLLOWER at term 205 for recognizeCandidate:52743044-8979-4a08-8013-92a14c548982
2019-10-16 21:11:59,400 [grpc-default-executor-1] INFO  impl.RoleInfo (RoleInfo.java:shutdownFollowerState(121)) - 904f39be-c3d3-4df4-99c0-2e4526e577e3: shutdown FollowerState
2019-10-16 21:11:59,400 [grpc-default-executor-0] INFO  impl.RaftServerImpl (RaftServerImpl.java:setRole(184)) - 65da0c80-3604-4ac2-9a39-ee88d748a153@group-146C50BE7901: changes role from  FOLLOWER to FOLLOWER at term 205 for recognizeCandidate:52743044-8979-4a08-8013-92a14c548982
2019-10-16 21:11:59,400 [Thread-1426] INFO  impl.FollowerState (FollowerState.java:run(117)) - 904f39be-c3d3-4df4-99c0-2e4526e577e3@group-146C50BE7901-FollowerState was interrupted: java.lang.InterruptedException: sleep interrupted
2019-10-16 21:11:59,400 [grpc-default-executor-0] INFO  impl.RoleInfo (RoleInfo.java:shutdownFollowerState(121)) - 65da0c80-3604-4ac2-9a39-ee88d748a153: shutdown FollowerState
2019-10-16 21:11:59,400 [grpc-default-executor-1] INFO  impl.RoleInfo (RoleInfo.java:updateAndGet(143)) - 904f39be-c3d3-4df4-99c0-2e4526e577e3: start FollowerState
2019-10-16 21:11:59,401 [grpc-default-executor-0] INFO  impl.RoleInfo (RoleInfo.java:updateAndGet(143)) - 65da0c80-3604-4ac2-9a39-ee88d748a153: start FollowerState
2019-10-16 21:11:59,401 [Thread-1427] INFO  impl.FollowerState (FollowerState.java:run(117)) - 65da0c80-3604-4ac2-9a39-ee88d748a153@group-146C50BE7901-FollowerState was interrupted: java.lang.InterruptedException: sleep interrupted
2019-10-16 21:11:59,444 [52743044-8979-4a08-8013-92a14c548982@group-146C50BE7901-LeaderElection175] INFO  impl.LeaderElection (LeaderElection.java:logAndReturn(56)) - 52743044-8979-4a08-8013-92a14c548982@group-146C50BE7901-LeaderElection175: Election REJECTED; received 2 response(s) [52743044-8979-4a08-8013-92a14c548982<-904f39be-c3d3-4df4-99c0-2e4526e577e3#0:FAIL-t205, 52743044-8979-4a08-8013-92a14c548982<-65da0c80-3604-4ac2-9a39-ee88d748a153#0:FAIL-t205] and 0 exception(s); 52743044-8979-4a08-8013-92a14c548982@group-146C50BE7901:t205, leader=null, voted=52743044-8979-4a08-8013-92a14c548982, raftlog=52743044-8979-4a08-8013-92a14c548982@group-146C50BE7901-SegmentedRaftLog:OPENED:c-1,f-1,i0, conf=-1: [904f39be-c3d3-4df4-99c0-2e4526e577e3:192.168.157.254:45339, 52743044-8979-4a08-8013-92a14c548982:192.168.157.254:36428, 65da0c80-3604-4ac2-9a39-ee88d748a153:192.168.157.254:37466], old=null
2019-10-16 21:11:59,445 [52743044-8979-4a08-8013-92a14c548982@group-146C50BE7901-LeaderElection175] INFO  impl.RaftServerImpl (RaftServerImpl.java:setRole(184)) - 52743044-8979-4a08-8013-92a14c548982@group-146C50BE7901: changes role from CANDIDATE to FOLLOWER at term 205 for DISCOVERED_A_NEW_TERM
2019-10-16 21:11:59,445 [52743044-8979-4a08-8013-92a14c548982@group-146C50BE7901-LeaderElection175] INFO  impl.RoleInfo (RoleInfo.java:shutdownLeaderElection(134)) - 52743044-8979-4a08-8013-92a14c548982: shutdown LeaderElection
2019-10-16 21:11:59,445 [52743044-8979-4a08-8013-92a14c548982@group-146C50BE7901-LeaderElection175] INFO  impl.RoleInfo (RoleInfo.java:updateAndGet(143)) - 52743044-8979-4a08-8013-92a14c548982: start FollowerState
2019-10-16 21:11:59,539 [Thread-1432] INFO  impl.FollowerState (FollowerState.java:run(108)) - 52743044-8979-4a08-8013-92a14c548982@group-146C50BE7901-FollowerState: change to CANDIDATE, lastRpcTime:93ms, electionTimeout:93ms
2019-10-16 21:11:59,539 [Thread-1432] INFO  impl.RoleInfo (RoleInfo.java:shutdownFollowerState(121)) - 52743044-8979-4a08-8013-92a14c548982: shutdown FollowerState
2019-10-16 21:11:59,539 [Thread-1432] INFO  impl.RaftServerImpl (RaftServerImpl.java:setRole(184)) - 52743044-8979-4a08-8013-92a14c548982@group-146C50BE7901: changes role from  FOLLOWER to CANDIDATE at term 205 for changeToCandidate
2019-10-16 21:11:59,539 [Thread-1432] INFO  impl.RoleInfo (RoleInfo.java:updateAndGet(143)) - 52743044-8979-4a08-8013-92a14c548982: start LeaderElection
2019-10-16 21:11:59,577 [52743044-8979-4a08-8013-92a14c548982@group-146C50BE7901-LeaderElection176] INFO  impl.LeaderElection (LeaderElection.java:askForVotes(178)) - 52743044-8979-4a08-8013-92a14c548982@group-146C50BE7901-LeaderElection176: begin an election at term 206 for -1: [904f39be-c3d3-4df4-99c0-2e4526e577e3:192.168.157.254:45339, 52743044-8979-4a08-8013-92a14c548982:192.168.157.254:36428, 65da0c80-3604-4ac2-9a39-ee88d748a153:192.168.157.254:37466], old=null
2019-10-16 21:11:59,580 [grpc-default-executor-1] INFO  impl.RaftServerImpl (RaftServerImpl.java:setRole(184)) - 904f39be-c3d3-4df4-99c0-2e4526e577e3@group-146C50BE7901: changes role from  FOLLOWER to FOLLOWER at term 206 for recognizeCandidate:52743044-8979-4a08-8013-92a14c548982
2019-10-16 21:11:59,580 [grpc-default-executor-0] INFO  impl.RaftServerImpl (RaftServerImpl.java:setRole(184)) - 65da0c80-3604-4ac2-9a39-ee88d748a153@group-146C50BE7901: changes role from  FOLLOWER to FOLLOWER at term 206 for recognizeCandidate:52743044-8979-4a08-8013-92a14c548982
2019-10-16 21:11:59,580 [grpc-default-executor-0] INFO  impl.RoleInfo (RoleInfo.java:shutdownFollowerState(121)) - 65da0c80-3604-4ac2-9a39-ee88d748a153: shutdown FollowerState
2019-10-16 21:11:59,580 [grpc-default-executor-1] INFO  impl.RoleInfo (RoleInfo.java:shutdownFollowerState(121)) - 904f39be-c3d3-4df4-99c0-2e4526e577e3: shutdown FollowerState
2019-10-16 21:11:59,581 [Thread-1431] INFO  impl.FollowerState (FollowerState.java:run(117)) - 65da0c80-3604-4ac2-9a39-ee88d748a153@group-146C50BE7901-FollowerState was interrupted: java.lang.InterruptedException: sleep interrupted
2019-10-16 21:11:59,581 [grpc-default-executor-1] INFO  impl.RoleInfo (RoleInfo.java:updateAndGet(143)) - 904f39be-c3d3-4df4-99c0-2e4526e577e3: start FollowerState
2019-10-16 21:11:59,581 [grpc-default-executor-0] INFO  impl.RoleInfo (RoleInfo.java:updateAndGet(143)) - 65da0c80-3604-4ac2-9a39-ee88d748a153: start FollowerState
2019-10-16 21:11:59,581 [Thread-1430] INFO  impl.FollowerState (FollowerState.java:run(117)) - 904f39be-c3d3-4df4-99c0-2e4526e577e3@group-146C50BE7901-FollowerState was interrupted: java.lang.InterruptedException: sleep interrupted
2019-10-16 21:11:59,615 [52743044-8979-4a08-8013-92a14c548982@group-146C50BE7901-LeaderElection176] INFO  impl.LeaderElection (LeaderElection.java:logAndReturn(56)) - 52743044-8979-4a08-8013-92a14c548982@group-146C50BE7901-LeaderElection176: Election REJECTED; received 2 response(s) [52743044-8979-4a08-8013-92a14c548982<-904f39be-c3d3-4df4-99c0-2e4526e577e3#0:FAIL-t206, 52743044-8979-4a08-8013-92a14c548982<-65da0c80-3604-4ac2-9a39-ee88d748a153#0:FAIL-t206] and 0 exception(s); 52743044-8979-4a08-8013-92a14c548982@group-146C50BE7901:t206, leader=null, voted=52743044-8979-4a08-8013-92a14c548982, raftlog=52743044-8979-4a08-8013-92a14c548982@group-146C50BE7901-SegmentedRaftLog:OPENED:c-1,f-1,i0, conf=-1: [904f39be-c3d3-4df4-99c0-2e4526e577e3:192.168.157.254:45339, 52743044-8979-4a08-8013-92a14c548982:192.168.157.254:36428, 65da0c80-3604-4ac2-9a39-ee88d748a153:192.168.157.254:37466], old=null
2019-10-16 21:11:59,615 [52743044-8979-4a08-8013-92a14c548982@group-146C50BE7901-LeaderElection176] INFO  impl.RaftServerImpl (RaftServerImpl.java:setRole(184)) - 52743044-8979-4a08-8013-92a14c548982@group-146C50BE7901: changes role from CANDIDATE to FOLLOWER at term 206 for DISCOVERED_A_NEW_TERM
2019-10-16 21:11:59,616 [52743044-8979-4a08-8013-92a14c548982@group-146C50BE7901-LeaderElection176] INFO  impl.RoleInfo (RoleInfo.java:shutdownLeaderElection(134)) - 52743044-8979-4a08-8013-92a14c548982: shutdown LeaderElection
2019-10-16 21:11:59,616 [52743044-8979-4a08-8013-92a14c548982@group-146C50BE7901-LeaderElection176] INFO  impl.RoleInfo (RoleInfo.java:updateAndGet(143)) - 52743044-8979-4a08-8013-92a14c548982: start FollowerState
2019-10-16 21:11:59,721 [Thread-1438] INFO  impl.FollowerState (FollowerState.java:run(108)) - 52743044-8979-4a08-8013-92a14c548982@group-146C50BE7901-FollowerState: change to CANDIDATE, lastRpcTime:105ms, electionTimeout:105ms
2019-10-16 21:11:59,721 [Thread-1438] INFO  impl.RoleInfo (RoleInfo.java:shutdownFollowerState(121)) - 52743044-8979-4a08-8013-92a14c548982: shutdown FollowerState
2019-10-16 21:11:59,722 [Thread-1438] INFO  impl.RaftServerImpl (RaftServerImpl.java:setRole(184)) - 52743044-8979-4a08-8013-92a14c548982@group-146C50BE7901: changes role from  FOLLOWER to CANDIDATE at term 206 for changeToCandidate
2019-10-16 21:11:59,722 [Thread-1438] INFO  impl.RoleInfo (RoleInfo.java:updateAndGet(143)) - 52743044-8979-4a08-8013-92a14c548982: start LeaderElection
2019-10-16 21:11:59,766 [52743044-8979-4a08-8013-92a14c548982@group-146C50BE7901-LeaderElection177] INFO  impl.LeaderElection (LeaderElection.java:askForVotes(178)) - 52743044-8979-4a08-8013-92a14c548982@group-146C50BE7901-LeaderElection177: begin an election at term 207 for -1: [904f39be-c3d3-4df4-99c0-2e4526e577e3:192.168.157.254:45339, 52743044-8979-4a08-8013-92a14c548982:192.168.157.254:36428, 65da0c80-3604-4ac2-9a39-ee88d748a153:192.168.157.254:37466], old=null
2019-10-16 21:11:59,768 [grpc-default-executor-0] INFO  impl.RaftServerImpl (RaftServerImpl.java:setRole(184)) - 904f39be-c3d3-4df4-99c0-2e4526e577e3@group-146C50BE7901: changes role from  FOLLOWER to FOLLOWER at term 207 for recognizeCandidate:52743044-8979-4a08-8013-92a14c548982
2019-10-16 21:11:59,769 [grpc-default-executor-0] INFO  impl.RoleInfo (RoleInfo.java:shutdownFollowerState(121)) - 904f39be-c3d3-4df4-99c0-2e4526e577e3: shutdown FollowerState
2019-10-16 21:11:59,769 [grpc-default-executor-1] INFO  impl.RaftServerImpl (RaftServerImpl.java:setRole(184)) - 65da0c80-3604-4ac2-9a39-ee88d748a153@group-146C50BE7901: changes role from  FOLLOWER to FOLLOWER at term 207 for recognizeCandidate:52743044-8979-4a08-8013-92a14c548982
2019-10-16 21:11:59,769 [Thread-1437] INFO  impl.FollowerState (FollowerState.java:run(117)) - 904f39be-c3d3-4df4-99c0-2e4526e577e3@group-146C50BE7901-FollowerState was interrupted: java.lang.InterruptedException: sleep interrupted
2019-10-16 21:11:59,769 [grpc-default-executor-0] INFO  impl.RoleInfo (RoleInfo.java:updateAndGet(143)) - 904f39be-c3d3-4df4-99c0-2e4526e577e3: start FollowerState
2019-10-16 21:11:59,769 [grpc-default-executor-1] INFO  impl.RoleInfo (RoleInfo.java:shutdownFollowerState(121)) - 65da0c80-3604-4ac2-9a39-ee88d748a153: shutdown FollowerState
2019-10-16 21:11:59,769 [grpc-default-executor-1] INFO  impl.RoleInfo (RoleInfo.java:updateAndGet(143)) - 65da0c80-3604-4ac2-9a39-ee88d748a153: start FollowerState
2019-10-16 21:11:59,770 [Thread-1436] INFO  impl.FollowerState (FollowerState.java:run(117)) - 65da0c80-3604-4ac2-9a39-ee88d748a153@group-146C50BE7901-FollowerState was interrupted: java.lang.InterruptedException: sleep interrupted
2019-10-16 21:11:59,817 [52743044-8979-4a08-8013-92a14c548982@group-146C50BE7901-LeaderElection177] INFO  impl.LeaderElection (LeaderElection.java:logAndReturn(56)) - 52743044-8979-4a08-8013-92a14c548982@group-146C50BE7901-LeaderElection177: Election REJECTED; received 2 response(s) [52743044-8979-4a08-8013-92a14c548982<-904f39be-c3d3-4df4-99c0-2e4526e577e3#0:FAIL-t207, 52743044-8979-4a08-8013-92a14c548982<-65da0c80-3604-4ac2-9a39-ee88d748a153#0:FAIL-t207] and 0 exception(s); 52743044-8979-4a08-8013-92a14c548982@group-146C50BE7901:t207, leader=null, voted=52743044-8979-4a08-8013-92a14c548982, raftlog=52743044-8979-4a08-8013-92a14c548982@group-146C50BE7901-SegmentedRaftLog:OPENED:c-1,f-1,i0, conf=-1: [904f39be-c3d3-4df4-99c0-2e4526e577e3:192.168.157.254:45339, 52743044-8979-4a08-8013-92a14c548982:192.168.157.254:36428, 65da0c80-3604-4ac2-9a39-ee88d748a153:192.168.157.254:37466], old=null
2019-10-16 21:11:59,817 [52743044-8979-4a08-8013-92a14c548982@group-146C50BE7901-LeaderElection177] INFO  impl.RaftServerImpl (RaftServerImpl.java:setRole(184)) - 52743044-8979-4a08-8013-92a14c548982@group-146C50BE7901: changes role from CANDIDATE to FOLLOWER at term 207 for DISCOVERED_A_NEW_TERM
2019-10-16 21:11:59,818 [52743044-8979-4a08-8013-92a14c548982@group-146C50BE7901-LeaderElection177] INFO  impl.RoleInfo (RoleInfo.java:shutdownLeaderElection(134)) - 52743044-8979-4a08-8013-92a14c548982: shutdown LeaderElection
2019-10-16 21:11:59,818 [52743044-8979-4a08-8013-92a14c548982@group-146C50BE7901-LeaderElection177] INFO  impl.RoleInfo (RoleInfo.java:updateAndGet(143)) - 52743044-8979-4a08-8013-92a14c548982: start FollowerState
2019-10-16 21:11:59,854 [Thread-1444] INFO  impl.FollowerState (FollowerState.java:run(108)) - 52743044-8979-4a08-8013-92a14c548982@group-146C50BE7901-FollowerState: change to CANDIDATE, lastRpcTime:36ms, electionTimeout:36ms
2019-10-16 21:11:59,854 [Thread-1444] INFO  impl.RoleInfo (RoleInfo.java:shutdownFollowerState(121)) - 52743044-8979-4a08-8013-92a14c548982: shutdown FollowerState
2019-10-16 21:11:59,854 [Thread-1444] INFO  impl.RaftServerImpl (RaftServerImpl.java:setRole(184)) - 52743044-8979-4a08-8013-92a14c548982@group-146C50BE7901: changes role from  FOLLOWER to CANDIDATE at term 207 for changeToCandidate
2019-10-16 21:11:59,854 [Thread-1444] INFO  impl.RoleInfo (RoleInfo.java:updateAndGet(143)) - 52743044-8979-4a08-8013-92a14c548982: start LeaderElection
2019-10-16 21:11:59,904 [52743044-8979-4a08-8013-92a14c548982@group-146C50BE7901-LeaderElection178] INFO  impl.LeaderElection (LeaderElection.java:askForVotes(178)) - 52743044-8979-4a08-8013-92a14c548982@group-146C50BE7901-LeaderElection178: begin an election at term 208 for -1: [904f39be-c3d3-4df4-99c0-2e4526e577e3:192.168.157.254:45339, 52743044-8979-4a08-8013-92a14c548982:192.168.157.254:36428, 65da0c80-3604-4ac2-9a39-ee88d748a153:192.168.157.254:37466], old=null
2019-10-16 21:11:59,906 [grpc-default-executor-0] INFO  impl.RaftServerImpl (RaftServerImpl.java:setRole(184)) - 904f39be-c3d3-4df4-99c0-2e4526e577e3@group-146C50BE7901: changes role from  FOLLOWER to FOLLOWER at term 208 for recognizeCandidate:52743044-8979-4a08-8013-92a14c548982
2019-10-16 21:11:59,906 [grpc-default-executor-0] INFO  impl.RoleInfo (RoleInfo.java:shutdownFollowerState(121)) - 904f39be-c3d3-4df4-99c0-2e4526e577e3: shutdown FollowerState
2019-10-16 21:11:59,906 [grpc-default-executor-1] INFO  impl.RaftServerImpl (RaftServerImpl.java:setRole(184)) - 65da0c80-3604-4ac2-9a39-ee88d748a153@group-146C50BE7901: changes role from  FOLLOWER to FOLLOWER at term 208 for recognizeCandidate:52743044-8979-4a08-8013-92a14c548982
2019-10-16 21:11:59,906 [grpc-default-executor-0] INFO  impl.RoleInfo (RoleInfo.java:updateAndGet(143)) - 904f39be-c3d3-4df4-99c0-2e4526e577e3: start FollowerState
2019-10-16 21:11:59,906 [Thread-1442] INFO  impl.FollowerState (FollowerState.java:run(117)) - 904f39be-c3d3-4df4-99c0-2e4526e577e3@group-146C50BE7901-FollowerState was interrupted: java.lang.InterruptedException: sleep interrupted
2019-10-16 21:11:59,906 [grpc-default-executor-1] INFO  impl.RoleInfo (RoleInfo.java:shutdownFollowerState(121)) - 65da0c80-3604-4ac2-9a39-ee88d748a153: shutdown FollowerState
2019-10-16 21:11:59,907 [grpc-default-executor-1] INFO  impl.RoleInfo (RoleInfo.java:updateAndGet(143)) - 65da0c80-3604-4ac2-9a39-ee88d748a153: start FollowerState
2019-10-16 21:11:59,907 [Thread-1443] INFO  impl.FollowerState (FollowerState.java:run(117)) - 65da0c80-3604-4ac2-9a39-ee88d748a153@group-146C50BE7901-FollowerState was interrupted: java.lang.InterruptedException: sleep interrupted
2019-10-16 21:11:59,919 [52743044-8979-4a08-8013-92a14c548982@group-146C50BE7901-LeaderElection178] INFO  impl.LeaderElection (LeaderElection.java:logAndReturn(56)) - 52743044-8979-4a08-8013-92a14c548982@group-146C50BE7901-LeaderElection178: Election TIMEOUT; received 0 response(s) [] and 0 exception(s); 52743044-8979-4a08-8013-92a14c548982@group-146C50BE7901:t208, leader=null, voted=52743044-8979-4a08-8013-92a14c548982, raftlog=52743044-8979-4a08-8013-92a14c548982@group-146C50BE7901-SegmentedRaftLog:OPENED:c-1,f-1,i0, conf=-1: [904f39be-c3d3-4df4-99c0-2e4526e577e3:192.168.157.254:45339, 52743044-8979-4a08-8013-92a14c548982:192.168.157.254:36428, 65da0c80-3604-4ac2-9a39-ee88d748a153:192.168.157.254:37466], old=null
2019-10-16 21:11:59,966 [52743044-8979-4a08-8013-92a14c548982@group-146C50BE7901-LeaderElection178] INFO  impl.LeaderElection (LeaderElection.java:askForVotes(178)) - 52743044-8979-4a08-8013-92a14c548982@group-146C50BE7901-LeaderElection178: begin an election at term 209 for -1: [904f39be-c3d3-4df4-99c0-2e4526e577e3:192.168.157.254:45339, 52743044-8979-4a08-8013-92a14c548982:192.168.157.254:36428, 65da0c80-3604-4ac2-9a39-ee88d748a153:192.168.157.254:37466], old=null
2019-10-16 21:11:59,968 [grpc-default-executor-0] INFO  impl.RaftServerImpl (RaftServerImpl.java:setRole(184)) - 904f39be-c3d3-4df4-99c0-2e4526e577e3@group-146C50BE7901: changes role from  FOLLOWER to FOLLOWER at term 209 for recognizeCandidate:52743044-8979-4a08-8013-92a14c548982
2019-10-16 21:11:59,968 [grpc-default-executor-1] INFO  impl.RaftServerImpl (RaftServerImpl.java:setRole(184)) - 65da0c80-3604-4ac2-9a39-ee88d748a153@group-146C50BE7901: changes role from  FOLLOWER to FOLLOWER at term 209 for recognizeCandidate:52743044-8979-4a08-8013-92a14c548982
2019-10-16 21:11:59,968 [grpc-default-executor-1] INFO  impl.RoleInfo (RoleInfo.java:shutdownFollowerState(121)) - 65da0c80-3604-4ac2-9a39-ee88d748a153: shutdown FollowerState
2019-10-16 21:11:59,968 [grpc-default-executor-0] INFO  impl.RoleInfo (RoleInfo.java:shutdownFollowerState(121)) - 904f39be-c3d3-4df4-99c0-2e4526e577e3: shutdown FollowerState
2019-10-16 21:11:59,968 [grpc-default-executor-1] INFO  impl.RoleInfo (RoleInfo.java:updateAndGet(143)) - 65da0c80-3604-4ac2-9a39-ee88d748a153: start FollowerState
2019-10-16 21:11:59,969 [grpc-default-executor-0] INFO  impl.RoleInfo (RoleInfo.java:updateAndGet(143)) - 904f39be-c3d3-4df4-99c0-2e4526e577e3: start FollowerState
2019-10-16 21:11:59,969 [Thread-1449] INFO  impl.FollowerState (FollowerState.java:run(117)) - 65da0c80-3604-4ac2-9a39-ee88d748a153@group-146C50BE7901-FollowerState was interrupted: java.lang.InterruptedException: sleep interrupted
2019-10-16 21:11:59,969 [Thread-1448] INFO  impl.FollowerState (FollowerState.java:run(117)) - 904f39be-c3d3-4df4-99c0-2e4526e577e3@group-146C50BE7901-FollowerState was interrupted: java.lang.InterruptedException: sleep interrupted
2019-10-16 21:12:00,019 [52743044-8979-4a08-8013-92a14c548982@group-146C50BE7901-LeaderElection178] INFO  impl.LeaderElection (LeaderElection.java:logAndReturn(56)) - 52743044-8979-4a08-8013-92a14c548982@group-146C50BE7901-LeaderElection178: Election REJECTED; received 2 response(s) [52743044-8979-4a08-8013-92a14c548982<-904f39be-c3d3-4df4-99c0-2e4526e577e3#0:FAIL-t209, 52743044-8979-4a08-8013-92a14c548982<-65da0c80-3604-4ac2-9a39-ee88d748a153#0:FAIL-t209] and 0 exception(s); 52743044-8979-4a08-8013-92a14c548982@group-146C50BE7901:t209, leader=null, voted=52743044-8979-4a08-8013-92a14c548982, raftlog=52743044-8979-4a08-8013-92a14c548982@group-146C50BE7901-SegmentedRaftLog:OPENED:c-1,f-1,i0, conf=-1: [904f39be-c3d3-4df4-99c0-2e4526e577e3:192.168.157.254:45339, 52743044-8979-4a08-8013-92a14c548982:192.168.157.254:36428, 65da0c80-3604-4ac2-9a39-ee88d748a153:192.168.157.254:37466], old=null
2019-10-16 21:12:00,019 [52743044-8979-4a08-8013-92a14c548982@group-146C50BE7901-LeaderElection178] INFO  impl.RaftServerImpl (RaftServerImpl.java:setRole(184)) - 52743044-8979-4a08-8013-92a14c548982@group-146C50BE7901: changes role from CANDIDATE to FOLLOWER at term 209 for DISCOVERED_A_NEW_TERM
2019-10-16 21:12:00,019 [52743044-8979-4a08-8013-92a14c548982@group-146C50BE7901-LeaderElection178] INFO  impl.RoleInfo (RoleInfo.java:shutdownLeaderElection(134)) - 52743044-8979-4a08-8013-92a14c548982: shutdown LeaderElection
2019-10-16 21:12:00,020 [52743044-8979-4a08-8013-92a14c548982@group-146C50BE7901-LeaderElection178] INFO  impl.RoleInfo (RoleInfo.java:updateAndGet(143)) - 52743044-8979-4a08-8013-92a14c548982: start FollowerState
2019-10-16 21:12:00,108 [Thread-1454] INFO  impl.FollowerState (FollowerState.java:run(108)) - 52743044-8979-4a08-8013-92a14c548982@group-146C50BE7901-FollowerState: change to CANDIDATE, lastRpcTime:88ms, electionTimeout:88ms
2019-10-16 21:12:00,108 [Thread-1454] INFO  impl.RoleInfo (RoleInfo.java:shutdownFollowerState(121)) - 52743044-8979-4a08-8013-92a14c548982: shutdown FollowerState
2019-10-16 21:12:00,108 [Thread-1454] INFO  impl.RaftServerImpl (RaftServerImpl.java:setRole(184)) - 52743044-8979-4a08-8013-92a14c548982@group-146C50BE7901: changes role from  FOLLOWER to CANDIDATE at term 209 for changeToCandidate
2019-10-16 21:12:00,108 [Thread-1454] INFO  impl.RoleInfo (RoleInfo.java:updateAndGet(143)) - 52743044-8979-4a08-8013-92a14c548982: start LeaderElection
2019-10-16 21:12:00,155 [52743044-8979-4a08-8013-92a14c548982@group-146C50BE7901-LeaderElection179] INFO  impl.LeaderElection (LeaderElection.java:askForVotes(178)) - 52743044-8979-4a08-8013-92a14c548982@group-146C50BE7901-LeaderElection179: begin an election at term 210 for -1: [904f39be-c3d3-4df4-99c0-2e4526e577e3:192.168.157.254:45339, 52743044-8979-4a08-8013-92a14c548982:192.168.157.254:36428, 65da0c80-3604-4ac2-9a39-ee88d748a153:192.168.157.254:37466], old=null
2019-10-16 21:12:00,158 [grpc-default-executor-1] INFO  impl.RaftServerImpl (RaftServerImpl.java:setRole(184)) - 65da0c80-3604-4ac2-9a39-ee88d748a153@group-146C50BE7901: changes role from  FOLLOWER to FOLLOWER at term 210 for recognizeCandidate:52743044-8979-4a08-8013-92a14c548982
2019-10-16 21:12:00,158 [grpc-default-executor-0] INFO  impl.RaftServerImpl (RaftServerImpl.java:setRole(184)) - 904f39be-c3d3-4df4-99c0-2e4526e577e3@group-146C50BE7901: changes role from  FOLLOWER to FOLLOWER at term 210 for recognizeCandidate:52743044-8979-4a08-8013-92a14c548982
2019-10-16 21:12:00,158 [grpc-default-executor-1] INFO  impl.RoleInfo (RoleInfo.java:shutdownFollowerState(121)) - 65da0c80-3604-4ac2-9a39-ee88d748a153: shutdown FollowerState
2019-10-16 21:12:00,158 [grpc-default-executor-0] INFO  impl.RoleInfo (RoleInfo.java:shutdownFollowerState(121)) - 904f39be-c3d3-4df4-99c0-2e4526e577e3: shutdown FollowerState
2019-10-16 21:12:00,158 [grpc-default-executor-1] INFO  impl.RoleInfo (RoleInfo.java:updateAndGet(143)) - 65da0c80-3604-4ac2-9a39-ee88d748a153: start FollowerState
2019-10-16 21:12:00,159 [grpc-default-executor-0] INFO  impl.RoleInfo (RoleInfo.java:updateAndGet(143)) - 904f39be-c3d3-4df4-99c0-2e4526e577e3: start FollowerState
2019-10-16 21:12:00,159 [Thread-1452] INFO  impl.FollowerState (FollowerState.java:run(117)) - 65da0c80-3604-4ac2-9a39-ee88d748a153@group-146C50BE7901-FollowerState was interrupted: java.lang.InterruptedException: sleep interrupted
2019-10-16 21:12:00,159 [Thread-1453] INFO  impl.FollowerState (FollowerState.java:run(117)) - 904f39be-c3d3-4df4-99c0-2e4526e577e3@group-146C50BE7901-FollowerState was interrupted: java.lang.InterruptedException: sleep interrupted
2019-10-16 21:12:00,192 [52743044-8979-4a08-8013-92a14c548982@group-146C50BE7901-LeaderElection179] INFO  impl.LeaderElection (LeaderElection.java:logAndReturn(56)) - 52743044-8979-4a08-8013-92a14c548982@group-146C50BE7901-LeaderElection179: Election TIMEOUT; received 0 response(s) [] and 0 exception(s); 52743044-8979-4a08-8013-92a14c548982@group-146C50BE7901:t210, leader=null, voted=52743044-8979-4a08-8013-92a14c548982, raftlog=52743044-8979-4a08-8013-92a14c548982@group-146C50BE7901-SegmentedRaftLog:OPENED:c-1,f-1,i0, conf=-1: [904f39be-c3d3-4df4-99c0-2e4526e577e3:192.168.157.254:45339, 52743044-8979-4a08-8013-92a14c548982:192.168.157.254:36428, 65da0c80-3604-4ac2-9a39-ee88d748a153:192.168.157.254:37466], old=null
2019-10-16 21:12:00,209 [main] INFO  ozone.MiniOzoneClusterImpl (MiniOzoneClusterImpl.java:lambda$waitForClusterToBeReady$2(164)) - Waiting for 1 number of pipelines out of 4, to report a leader.
2019-10-16 21:12:00,285 [52743044-8979-4a08-8013-92a14c548982@group-146C50BE7901-LeaderElection179] INFO  impl.LeaderElection (LeaderElection.java:askForVotes(178)) - 52743044-8979-4a08-8013-92a14c548982@group-146C50BE7901-LeaderElection179: begin an election at term 211 for -1: [904f39be-c3d3-4df4-99c0-2e4526e577e3:192.168.157.254:45339, 52743044-8979-4a08-8013-92a14c548982:192.168.157.254:36428, 65da0c80-3604-4ac2-9a39-ee88d748a153:192.168.157.254:37466], old=null
2019-10-16 21:12:00,287 [grpc-default-executor-1] INFO  impl.RaftServerImpl (RaftServerImpl.java:setRole(184)) - 904f39be-c3d3-4df4-99c0-2e4526e577e3@group-146C50BE7901: changes role from  FOLLOWER to FOLLOWER at term 211 for recognizeCandidate:52743044-8979-4a08-8013-92a14c548982
2019-10-16 21:12:00,287 [grpc-default-executor-1] INFO  impl.RoleInfo (RoleInfo.java:shutdownFollowerState(121)) - 904f39be-c3d3-4df4-99c0-2e4526e577e3: shutdown FollowerState
2019-10-16 21:12:00,287 [grpc-default-executor-1] INFO  impl.RoleInfo (RoleInfo.java:updateAndGet(143)) - 904f39be-c3d3-4df4-99c0-2e4526e577e3: start FollowerState
2019-10-16 21:12:00,288 [grpc-default-executor-0] INFO  impl.RaftServerImpl (RaftServerImpl.java:setRole(184)) - 65da0c80-3604-4ac2-9a39-ee88d748a153@group-146C50BE7901: changes role from  FOLLOWER to FOLLOWER at term 211 for recognizeCandidate:52743044-8979-4a08-8013-92a14c548982
2019-10-16 21:12:00,288 [Thread-1459] INFO  impl.FollowerState (FollowerState.java:run(117)) - 904f39be-c3d3-4df4-99c0-2e4526e577e3@group-146C50BE7901-FollowerState was interrupted: java.lang.InterruptedException: sleep interrupted
2019-10-16 21:12:00,288 [grpc-default-executor-0] INFO  impl.RoleInfo (RoleInfo.java:shutdownFollowerState(121)) - 65da0c80-3604-4ac2-9a39-ee88d748a153: shutdown FollowerState
2019-10-16 21:12:00,288 [grpc-default-executor-0] INFO  impl.RoleInfo (RoleInfo.java:updateAndGet(143)) - 65da0c80-3604-4ac2-9a39-ee88d748a153: start FollowerState
2019-10-16 21:12:00,288 [Thread-1458] INFO  impl.FollowerState (FollowerState.java:run(117)) - 65da0c80-3604-4ac2-9a39-ee88d748a153@group-146C50BE7901-FollowerState was interrupted: java.lang.InterruptedException: sleep interrupted
2019-10-16 21:12:00,321 [52743044-8979-4a08-8013-92a14c548982@group-146C50BE7901-LeaderElection179] INFO  impl.LeaderElection (LeaderElection.java:logAndReturn(56)) - 52743044-8979-4a08-8013-92a14c548982@group-146C50BE7901-LeaderElection179: Election REJECTED; received 2 response(s) [52743044-8979-4a08-8013-92a14c548982<-904f39be-c3d3-4df4-99c0-2e4526e577e3#0:FAIL-t211, 52743044-8979-4a08-8013-92a14c548982<-65da0c80-3604-4ac2-9a39-ee88d748a153#0:FAIL-t211] and 0 exception(s); 52743044-8979-4a08-8013-92a14c548982@group-146C50BE7901:t211, leader=null, voted=52743044-8979-4a08-8013-92a14c548982, raftlog=52743044-8979-4a08-8013-92a14c548982@group-146C50BE7901-SegmentedRaftLog:OPENED:c-1,f-1,i0, conf=-1: [904f39be-c3d3-4df4-99c0-2e4526e577e3:192.168.157.254:45339, 52743044-8979-4a08-8013-92a14c548982:192.168.157.254:36428, 65da0c80-3604-4ac2-9a39-ee88d748a153:192.168.157.254:37466], old=null
2019-10-16 21:12:00,321 [52743044-8979-4a08-8013-92a14c548982@group-146C50BE7901-LeaderElection179] INFO  impl.RaftServerImpl (RaftServerImpl.java:setRole(184)) - 52743044-8979-4a08-8013-92a14c548982@group-146C50BE7901: changes role from CANDIDATE to FOLLOWER at term 211 for DISCOVERED_A_NEW_TERM
2019-10-16 21:12:00,321 [52743044-8979-4a08-8013-92a14c548982@group-146C50BE7901-LeaderElection179] INFO  impl.RoleInfo (RoleInfo.java:shutdownLeaderElection(134)) - 52743044-8979-4a08-8013-92a14c548982: shutdown LeaderElection
2019-10-16 21:12:00,321 [52743044-8979-4a08-8013-92a14c548982@group-146C50BE7901-LeaderElection179] INFO  impl.RoleInfo (RoleInfo.java:updateAndGet(143)) - 52743044-8979-4a08-8013-92a14c548982: start FollowerState
2019-10-16 21:12:00,449 [Thread-1464] INFO  impl.FollowerState (FollowerState.java:run(108)) - 52743044-8979-4a08-8013-92a14c548982@group-146C50BE7901-FollowerState: change to CANDIDATE, lastRpcTime:127ms, electionTimeout:127ms
2019-10-16 21:12:00,449 [Thread-1464] INFO  impl.RoleInfo (RoleInfo.java:shutdownFollowerState(121)) - 52743044-8979-4a08-8013-92a14c548982: shutdown FollowerState
2019-10-16 21:12:00,449 [Thread-1464] INFO  impl.RaftServerImpl (RaftServerImpl.java:setRole(184)) - 52743044-8979-4a08-8013-92a14c548982@group-146C50BE7901: changes role from  FOLLOWER to CANDIDATE at term 211 for changeToCandidate
2019-10-16 21:12:00,449 [Thread-1464] INFO  impl.RoleInfo (RoleInfo.java:updateAndGet(143)) - 52743044-8979-4a08-8013-92a14c548982: start LeaderElection
2019-10-16 21:12:00,506 [52743044-8979-4a08-8013-92a14c548982@group-146C50BE7901-LeaderElection180] INFO  impl.LeaderElection (LeaderElection.java:askForVotes(178)) - 52743044-8979-4a08-8013-92a14c548982@group-146C50BE7901-LeaderElection180: begin an election at term 212 for -1: [904f39be-c3d3-4df4-99c0-2e4526e577e3:192.168.157.254:45339, 52743044-8979-4a08-8013-92a14c548982:192.168.157.254:36428, 65da0c80-3604-4ac2-9a39-ee88d748a153:192.168.157.254:37466], old=null
2019-10-16 21:12:00,509 [grpc-default-executor-1] INFO  impl.RaftServerImpl (RaftServerImpl.java:setRole(184)) - 904f39be-c3d3-4df4-99c0-2e4526e577e3@group-146C50BE7901: changes role from  FOLLOWER to FOLLOWER at term 212 for recognizeCandidate:52743044-8979-4a08-8013-92a14c548982
2019-10-16 21:12:00,509 [grpc-default-executor-1] INFO  impl.RoleInfo (RoleInfo.java:shutdownFollowerState(121)) - 904f39be-c3d3-4df4-99c0-2e4526e577e3: shutdown FollowerState
2019-10-16 21:12:00,509 [grpc-default-executor-1] INFO  impl.RoleInfo (RoleInfo.java:updateAndGet(143)) - 904f39be-c3d3-4df4-99c0-2e4526e577e3: start FollowerState
2019-10-16 21:12:00,509 [grpc-default-executor-0] INFO  impl.RaftServerImpl (RaftServerImpl.java:setRole(184)) - 65da0c80-3604-4ac2-9a39-ee88d748a153@group-146C50BE7901: changes role from  FOLLOWER to FOLLOWER at term 212 for recognizeCandidate:52743044-8979-4a08-8013-92a14c548982
2019-10-16 21:12:00,509 [grpc-default-executor-0] INFO  impl.RoleInfo (RoleInfo.java:shutdownFollowerState(121)) - 65da0c80-3604-4ac2-9a39-ee88d748a153: shutdown FollowerState
2019-10-16 21:12:00,509 [Thread-1462] INFO  impl.FollowerState (FollowerState.java:run(117)) - 904f39be-c3d3-4df4-99c0-2e4526e577e3@group-146C50BE7901-FollowerState was interrupted: java.lang.InterruptedException: sleep interrupted
2019-10-16 21:12:00,509 [grpc-default-executor-0] INFO  impl.RoleInfo (RoleInfo.java:updateAndGet(143)) - 65da0c80-3604-4ac2-9a39-ee88d748a153: start FollowerState
2019-10-16 21:12:00,510 [Thread-1463] INFO  impl.FollowerState (FollowerState.java:run(117)) - 65da0c80-3604-4ac2-9a39-ee88d748a153@group-146C50BE7901-FollowerState was interrupted: java.lang.InterruptedException: sleep interrupted
2019-10-16 21:12:00,563 [52743044-8979-4a08-8013-92a14c548982@group-146C50BE7901-LeaderElection180] INFO  impl.LeaderElection (LeaderElection.java:logAndReturn(56)) - 52743044-8979-4a08-8013-92a14c548982@group-146C50BE7901-LeaderElection180: Election REJECTED; received 2 response(s) [52743044-8979-4a08-8013-92a14c548982<-904f39be-c3d3-4df4-99c0-2e4526e577e3#0:FAIL-t212, 52743044-8979-4a08-8013-92a14c548982<-65da0c80-3604-4ac2-9a39-ee88d748a153#0:FAIL-t212] and 0 exception(s); 52743044-8979-4a08-8013-92a14c548982@group-146C50BE7901:t212, leader=null, voted=52743044-8979-4a08-8013-92a14c548982, raftlog=52743044-8979-4a08-8013-92a14c548982@group-146C50BE7901-SegmentedRaftLog:OPENED:c-1,f-1,i0, conf=-1: [904f39be-c3d3-4df4-99c0-2e4526e577e3:192.168.157.254:45339, 52743044-8979-4a08-8013-92a14c548982:192.168.157.254:36428, 65da0c80-3604-4ac2-9a39-ee88d748a153:192.168.157.254:37466], old=null
2019-10-16 21:12:00,563 [52743044-8979-4a08-8013-92a14c548982@group-146C50BE7901-LeaderElection180] INFO  impl.RaftServerImpl (RaftServerImpl.java:setRole(184)) - 52743044-8979-4a08-8013-92a14c548982@group-146C50BE7901: changes role from CANDIDATE to FOLLOWER at term 212 for DISCOVERED_A_NEW_TERM
2019-10-16 21:12:00,563 [52743044-8979-4a08-8013-92a14c548982@group-146C50BE7901-LeaderElection180] INFO  impl.RoleInfo (RoleInfo.java:shutdownLeaderElection(134)) - 52743044-8979-4a08-8013-92a14c548982: shutdown LeaderElection
2019-10-16 21:12:00,563 [52743044-8979-4a08-8013-92a14c548982@group-146C50BE7901-LeaderElection180] INFO  impl.RoleInfo (RoleInfo.java:updateAndGet(143)) - 52743044-8979-4a08-8013-92a14c548982: start FollowerState
2019-10-16 21:12:00,677 [Thread-1470] INFO  impl.FollowerState (FollowerState.java:run(108)) - 52743044-8979-4a08-8013-92a14c548982@group-146C50BE7901-FollowerState: change to CANDIDATE, lastRpcTime:113ms, electionTimeout:113ms
2019-10-16 21:12:00,677 [Thread-1470] INFO  impl.RoleInfo (RoleInfo.java:shutdownFollowerState(121)) - 52743044-8979-4a08-8013-92a14c548982: shutdown FollowerState
2019-10-16 21:12:00,677 [Thread-1470] INFO  impl.RaftServerImpl (RaftServerImpl.java:setRole(184)) - 52743044-8979-4a08-8013-92a14c548982@group-146C50BE7901: changes role from  FOLLOWER to CANDIDATE at term 212 for changeToCandidate
2019-10-16 21:12:00,677 [Thread-1470] INFO  impl.RoleInfo (RoleInfo.java:updateAndGet(143)) - 52743044-8979-4a08-8013-92a14c548982: start LeaderElection
2019-10-16 21:12:00,692 [52743044-8979-4a08-8013-92a14c548982@group-146C50BE7901-LeaderElection181] INFO  impl.LeaderElection (LeaderElection.java:askForVotes(178)) - 52743044-8979-4a08-8013-92a14c548982@group-146C50BE7901-LeaderElection181: begin an election at term 213 for -1: [904f39be-c3d3-4df4-99c0-2e4526e577e3:192.168.157.254:45339, 52743044-8979-4a08-8013-92a14c548982:192.168.157.254:36428, 65da0c80-3604-4ac2-9a39-ee88d748a153:192.168.157.254:37466], old=null
2019-10-16 21:12:00,694 [grpc-default-executor-1] INFO  impl.RaftServerImpl (RaftServerImpl.java:setRole(184)) - 904f39be-c3d3-4df4-99c0-2e4526e577e3@group-146C50BE7901: changes role from  FOLLOWER to FOLLOWER at term 213 for recognizeCandidate:52743044-8979-4a08-8013-92a14c548982
2019-10-16 21:12:00,694 [grpc-default-executor-1] INFO  impl.RoleInfo (RoleInfo.java:shutdownFollowerState(121)) - 904f39be-c3d3-4df4-99c0-2e4526e577e3: shutdown FollowerState
2019-10-16 21:12:00,694 [grpc-default-executor-1] INFO  impl.RoleInfo (RoleInfo.java:updateAndGet(143)) - 904f39be-c3d3-4df4-99c0-2e4526e577e3: start FollowerState
2019-10-16 21:12:00,694 [Thread-1468] INFO  impl.FollowerState (FollowerState.java:run(117)) - 904f39be-c3d3-4df4-99c0-2e4526e577e3@group-146C50BE7901-FollowerState was interrupted: java.lang.InterruptedException: sleep interrupted
2019-10-16 21:12:00,694 [grpc-default-executor-0] INFO  impl.RaftServerImpl (RaftServerImpl.java:setRole(184)) - 65da0c80-3604-4ac2-9a39-ee88d748a153@group-146C50BE7901: changes role from  FOLLOWER to FOLLOWER at term 213 for recognizeCandidate:52743044-8979-4a08-8013-92a14c548982
2019-10-16 21:12:00,695 [grpc-default-executor-0] INFO  impl.RoleInfo (RoleInfo.java:shutdownFollowerState(121)) - 65da0c80-3604-4ac2-9a39-ee88d748a153: shutdown FollowerState
2019-10-16 21:12:00,695 [grpc-default-executor-0] INFO  impl.RoleInfo (RoleInfo.java:updateAndGet(143)) - 65da0c80-3604-4ac2-9a39-ee88d748a153: start FollowerState
2019-10-16 21:12:00,695 [Thread-1469] INFO  impl.FollowerState (FollowerState.java:run(117)) - 65da0c80-3604-4ac2-9a39-ee88d748a153@group-146C50BE7901-FollowerState was interrupted: java.lang.InterruptedException: sleep interrupted
2019-10-16 21:12:00,709 [52743044-8979-4a08-8013-92a14c548982@group-146C50BE7901-LeaderElection181] INFO  impl.LeaderElection (LeaderElection.java:logAndReturn(56)) - 52743044-8979-4a08-8013-92a14c548982@group-146C50BE7901-LeaderElection181: Election REJECTED; received 2 response(s) [52743044-8979-4a08-8013-92a14c548982<-904f39be-c3d3-4df4-99c0-2e4526e577e3#0:FAIL-t213, 52743044-8979-4a08-8013-92a14c548982<-65da0c80-3604-4ac2-9a39-ee88d748a153#0:FAIL-t213] and 0 exception(s); 52743044-8979-4a08-8013-92a14c548982@group-146C50BE7901:t213, leader=null, voted=52743044-8979-4a08-8013-92a14c548982, raftlog=52743044-8979-4a08-8013-92a14c548982@group-146C50BE7901-SegmentedRaftLog:OPENED:c-1,f-1,i0, conf=-1: [904f39be-c3d3-4df4-99c0-2e4526e577e3:192.168.157.254:45339, 52743044-8979-4a08-8013-92a14c548982:192.168.157.254:36428, 65da0c80-3604-4ac2-9a39-ee88d748a153:192.168.157.254:37466], old=null
2019-10-16 21:12:00,710 [52743044-8979-4a08-8013-92a14c548982@group-146C50BE7901-LeaderElection181] INFO  impl.RaftServerImpl (RaftServerImpl.java:setRole(184)) - 52743044-8979-4a08-8013-92a14c548982@group-146C50BE7901: changes role from CANDIDATE to FOLLOWER at term 213 for DISCOVERED_A_NEW_TERM
2019-10-16 21:12:00,710 [52743044-8979-4a08-8013-92a14c548982@group-146C50BE7901-LeaderElection181] INFO  impl.RoleInfo (RoleInfo.java:shutdownLeaderElection(134)) - 52743044-8979-4a08-8013-92a14c548982: shutdown LeaderElection
2019-10-16 21:12:00,710 [52743044-8979-4a08-8013-92a14c548982@group-146C50BE7901-LeaderElection181] INFO  impl.RoleInfo (RoleInfo.java:updateAndGet(143)) - 52743044-8979-4a08-8013-92a14c548982: start FollowerState
2019-10-16 21:12:00,903 [Thread-1476] INFO  impl.FollowerState (FollowerState.java:run(108)) - 52743044-8979-4a08-8013-92a14c548982@group-146C50BE7901-FollowerState: change to CANDIDATE, lastRpcTime:193ms, electionTimeout:193ms
2019-10-16 21:12:00,903 [Thread-1476] INFO  impl.RoleInfo (RoleInfo.java:shutdownFollowerState(121)) - 52743044-8979-4a08-8013-92a14c548982: shutdown FollowerState
2019-10-16 21:12:00,904 [Thread-1476] INFO  impl.RaftServerImpl (RaftServerImpl.java:setRole(184)) - 52743044-8979-4a08-8013-92a14c548982@group-146C50BE7901: changes role from  FOLLOWER to CANDIDATE at term 213 for changeToCandidate
2019-10-16 21:12:00,904 [Thread-1476] INFO  impl.RoleInfo (RoleInfo.java:updateAndGet(143)) - 52743044-8979-4a08-8013-92a14c548982: start LeaderElection
2019-10-16 21:12:00,918 [52743044-8979-4a08-8013-92a14c548982@group-146C50BE7901-LeaderElection182] INFO  impl.LeaderElection (LeaderElection.java:askForVotes(178)) - 52743044-8979-4a08-8013-92a14c548982@group-146C50BE7901-LeaderElection182: begin an election at term 214 for -1: [904f39be-c3d3-4df4-99c0-2e4526e577e3:192.168.157.254:45339, 52743044-8979-4a08-8013-92a14c548982:192.168.157.254:36428, 65da0c80-3604-4ac2-9a39-ee88d748a153:192.168.157.254:37466], old=null
2019-10-16 21:12:00,920 [grpc-default-executor-0] INFO  impl.RaftServerImpl (RaftServerImpl.java:setRole(184)) - 904f39be-c3d3-4df4-99c0-2e4526e577e3@group-146C50BE7901: changes role from  FOLLOWER to FOLLOWER at term 214 for recognizeCandidate:52743044-8979-4a08-8013-92a14c548982
2019-10-16 21:12:00,920 [grpc-default-executor-0] INFO  impl.RoleInfo (RoleInfo.java:shutdownFollowerState(121)) - 904f39be-c3d3-4df4-99c0-2e4526e577e3: shutdown FollowerState
2019-10-16 21:12:00,920 [grpc-default-executor-1] INFO  impl.RaftServerImpl (RaftServerImpl.java:setRole(184)) - 65da0c80-3604-4ac2-9a39-ee88d748a153@group-146C50BE7901: changes role from  FOLLOWER to FOLLOWER at term 214 for recognizeCandidate:52743044-8979-4a08-8013-92a14c548982
2019-10-16 21:12:00,920 [grpc-default-executor-0] INFO  impl.RoleInfo (RoleInfo.java:updateAndGet(143)) - 904f39be-c3d3-4df4-99c0-2e4526e577e3: start FollowerState
2019-10-16 21:12:00,920 [Thread-1474] INFO  impl.FollowerState (FollowerState.java:run(117)) - 904f39be-c3d3-4df4-99c0-2e4526e577e3@group-146C50BE7901-FollowerState was interrupted: java.lang.InterruptedException: sleep interrupted
2019-10-16 21:12:00,920 [grpc-default-executor-1] INFO  impl.RoleInfo (RoleInfo.java:shutdownFollowerState(121)) - 65da0c80-3604-4ac2-9a39-ee88d748a153: shutdown FollowerState
2019-10-16 21:12:00,921 [grpc-default-executor-1] INFO  impl.RoleInfo (RoleInfo.java:updateAndGet(143)) - 65da0c80-3604-4ac2-9a39-ee88d748a153: start FollowerState
2019-10-16 21:12:00,921 [Thread-1475] INFO  impl.FollowerState (FollowerState.java:run(117)) - 65da0c80-3604-4ac2-9a39-ee88d748a153@group-146C50BE7901-FollowerState was interrupted: java.lang.InterruptedException: sleep interrupted
2019-10-16 21:12:00,937 [52743044-8979-4a08-8013-92a14c548982@group-146C50BE7901-LeaderElection182] INFO  impl.LeaderElection (LeaderElection.java:logAndReturn(56)) - 52743044-8979-4a08-8013-92a14c548982@group-146C50BE7901-LeaderElection182: Election REJECTED; received 2 response(s) [52743044-8979-4a08-8013-92a14c548982<-904f39be-c3d3-4df4-99c0-2e4526e577e3#0:FAIL-t214, 52743044-8979-4a08-8013-92a14c548982<-65da0c80-3604-4ac2-9a39-ee88d748a153#0:FAIL-t214] and 0 exception(s); 52743044-8979-4a08-8013-92a14c548982@group-146C50BE7901:t214, leader=null, voted=52743044-8979-4a08-8013-92a14c548982, raftlog=52743044-8979-4a08-8013-92a14c548982@group-146C50BE7901-SegmentedRaftLog:OPENED:c-1,f-1,i0, conf=-1: [904f39be-c3d3-4df4-99c0-2e4526e577e3:192.168.157.254:45339, 52743044-8979-4a08-8013-92a14c548982:192.168.157.254:36428, 65da0c80-3604-4ac2-9a39-ee88d748a153:192.168.157.254:37466], old=null
2019-10-16 21:12:00,938 [52743044-8979-4a08-8013-92a14c548982@group-146C50BE7901-LeaderElection182] INFO  impl.RaftServerImpl (RaftServerImpl.java:setRole(184)) - 52743044-8979-4a08-8013-92a14c548982@group-146C50BE7901: changes role from CANDIDATE to FOLLOWER at term 214 for DISCOVERED_A_NEW_TERM
2019-10-16 21:12:00,938 [52743044-8979-4a08-8013-92a14c548982@group-146C50BE7901-LeaderElection182] INFO  impl.RoleInfo (RoleInfo.java:shutdownLeaderElection(134)) - 52743044-8979-4a08-8013-92a14c548982: shutdown LeaderElection
2019-10-16 21:12:00,938 [52743044-8979-4a08-8013-92a14c548982@group-146C50BE7901-LeaderElection182] INFO  impl.RoleInfo (RoleInfo.java:updateAndGet(143)) - 52743044-8979-4a08-8013-92a14c548982: start FollowerState
2019-10-16 21:12:01,078 [Thread-1482] INFO  impl.FollowerState (FollowerState.java:run(108)) - 52743044-8979-4a08-8013-92a14c548982@group-146C50BE7901-FollowerState: change to CANDIDATE, lastRpcTime:140ms, electionTimeout:140ms
2019-10-16 21:12:01,079 [Thread-1482] INFO  impl.RoleInfo (RoleInfo.java:shutdownFollowerState(121)) - 52743044-8979-4a08-8013-92a14c548982: shutdown FollowerState
2019-10-16 21:12:01,079 [Thread-1482] INFO  impl.RaftServerImpl (RaftServerImpl.java:setRole(184)) - 52743044-8979-4a08-8013-92a14c548982@group-146C50BE7901: changes role from  FOLLOWER to CANDIDATE at term 214 for changeToCandidate
2019-10-16 21:12:01,079 [Thread-1482] INFO  impl.RoleInfo (RoleInfo.java:updateAndGet(143)) - 52743044-8979-4a08-8013-92a14c548982: start LeaderElection
2019-10-16 21:12:01,096 [52743044-8979-4a08-8013-92a14c548982@group-146C50BE7901-LeaderElection183] INFO  impl.LeaderElection (LeaderElection.java:askForVotes(178)) - 52743044-8979-4a08-8013-92a14c548982@group-146C50BE7901-LeaderElection183: begin an election at term 215 for -1: [904f39be-c3d3-4df4-99c0-2e4526e577e3:192.168.157.254:45339, 52743044-8979-4a08-8013-92a14c548982:192.168.157.254:36428, 65da0c80-3604-4ac2-9a39-ee88d748a153:192.168.157.254:37466], old=null
2019-10-16 21:12:01,099 [grpc-default-executor-1] INFO  impl.RaftServerImpl (RaftServerImpl.java:setRole(184)) - 904f39be-c3d3-4df4-99c0-2e4526e577e3@group-146C50BE7901: changes role from  FOLLOWER to FOLLOWER at term 215 for recognizeCandidate:52743044-8979-4a08-8013-92a14c548982
2019-10-16 21:12:01,099 [grpc-default-executor-1] INFO  impl.RoleInfo (RoleInfo.java:shutdownFollowerState(121)) - 904f39be-c3d3-4df4-99c0-2e4526e577e3: shutdown FollowerState
2019-10-16 21:12:01,099 [grpc-default-executor-0] INFO  impl.RaftServerImpl (RaftServerImpl.java:setRole(184)) - 65da0c80-3604-4ac2-9a39-ee88d748a153@group-146C50BE7901: changes role from  FOLLOWER to FOLLOWER at term 215 for recognizeCandidate:52743044-8979-4a08-8013-92a14c548982
2019-10-16 21:12:01,100 [Thread-1480] INFO  impl.FollowerState (FollowerState.java:run(117)) - 904f39be-c3d3-4df4-99c0-2e4526e577e3@group-146C50BE7901-FollowerState was interrupted: java.lang.InterruptedException: sleep interrupted
2019-10-16 21:12:01,099 [grpc-default-executor-1] INFO  impl.RoleInfo (RoleInfo.java:updateAndGet(143)) - 904f39be-c3d3-4df4-99c0-2e4526e577e3: start FollowerState
2019-10-16 21:12:01,100 [grpc-default-executor-0] INFO  impl.RoleInfo (RoleInfo.java:shutdownFollowerState(121)) - 65da0c80-3604-4ac2-9a39-ee88d748a153: shutdown FollowerState
2019-10-16 21:12:01,100 [grpc-default-executor-0] INFO  impl.RoleInfo (RoleInfo.java:updateAndGet(143)) - 65da0c80-3604-4ac2-9a39-ee88d748a153: start FollowerState
2019-10-16 21:12:01,100 [Thread-1481] INFO  impl.FollowerState (FollowerState.java:run(117)) - 65da0c80-3604-4ac2-9a39-ee88d748a153@group-146C50BE7901-FollowerState was interrupted: java.lang.InterruptedException: sleep interrupted
2019-10-16 21:12:01,111 [52743044-8979-4a08-8013-92a14c548982@group-146C50BE7901-LeaderElection183] INFO  impl.LeaderElection (LeaderElection.java:logAndReturn(56)) - 52743044-8979-4a08-8013-92a14c548982@group-146C50BE7901-LeaderElection183: Election REJECTED; received 2 response(s) [52743044-8979-4a08-8013-92a14c548982<-904f39be-c3d3-4df4-99c0-2e4526e577e3#0:FAIL-t215, 52743044-8979-4a08-8013-92a14c548982<-65da0c80-3604-4ac2-9a39-ee88d748a153#0:FAIL-t215] and 0 exception(s); 52743044-8979-4a08-8013-92a14c548982@group-146C50BE7901:t215, leader=null, voted=52743044-8979-4a08-8013-92a14c548982, raftlog=52743044-8979-4a08-8013-92a14c548982@group-146C50BE7901-SegmentedRaftLog:OPENED:c-1,f-1,i0, conf=-1: [904f39be-c3d3-4df4-99c0-2e4526e577e3:192.168.157.254:45339, 52743044-8979-4a08-8013-92a14c548982:192.168.157.254:36428, 65da0c80-3604-4ac2-9a39-ee88d748a153:192.168.157.254:37466], old=null
2019-10-16 21:12:01,112 [52743044-8979-4a08-8013-92a14c548982@group-146C50BE7901-LeaderElection183] INFO  impl.RaftServerImpl (RaftServerImpl.java:setRole(184)) - 52743044-8979-4a08-8013-92a14c548982@group-146C50BE7901: changes role from CANDIDATE to FOLLOWER at term 215 for DISCOVERED_A_NEW_TERM
2019-10-16 21:12:01,112 [52743044-8979-4a08-8013-92a14c548982@group-146C50BE7901-LeaderElection183] INFO  impl.RoleInfo (RoleInfo.java:shutdownLeaderElection(134)) - 52743044-8979-4a08-8013-92a14c548982: shutdown LeaderElection
2019-10-16 21:12:01,112 [52743044-8979-4a08-8013-92a14c548982@group-146C50BE7901-LeaderElection183] INFO  impl.RoleInfo (RoleInfo.java:updateAndGet(143)) - 52743044-8979-4a08-8013-92a14c548982: start FollowerState
2019-10-16 21:12:01,116 [Thread-1488] INFO  impl.FollowerState (FollowerState.java:run(108)) - 52743044-8979-4a08-8013-92a14c548982@group-146C50BE7901-FollowerState: change to CANDIDATE, lastRpcTime:4ms, electionTimeout:4ms
2019-10-16 21:12:01,116 [Thread-1488] INFO  impl.RoleInfo (RoleInfo.java:shutdownFollowerState(121)) - 52743044-8979-4a08-8013-92a14c548982: shutdown FollowerState
2019-10-16 21:12:01,116 [Thread-1488] INFO  impl.RaftServerImpl (RaftServerImpl.java:setRole(184)) - 52743044-8979-4a08-8013-92a14c548982@group-146C50BE7901: changes role from  FOLLOWER to CANDIDATE at term 215 for changeToCandidate
2019-10-16 21:12:01,117 [Thread-1488] INFO  impl.RoleInfo (RoleInfo.java:updateAndGet(143)) - 52743044-8979-4a08-8013-92a14c548982: start LeaderElection
2019-10-16 21:12:01,133 [52743044-8979-4a08-8013-92a14c548982@group-146C50BE7901-LeaderElection184] INFO  impl.LeaderElection (LeaderElection.java:askForVotes(178)) - 52743044-8979-4a08-8013-92a14c548982@group-146C50BE7901-LeaderElection184: begin an election at term 216 for -1: [904f39be-c3d3-4df4-99c0-2e4526e577e3:192.168.157.254:45339, 52743044-8979-4a08-8013-92a14c548982:192.168.157.254:36428, 65da0c80-3604-4ac2-9a39-ee88d748a153:192.168.157.254:37466], old=null
2019-10-16 21:12:01,135 [grpc-default-executor-0] INFO  impl.RaftServerImpl (RaftServerImpl.java:setRole(184)) - 904f39be-c3d3-4df4-99c0-2e4526e577e3@group-146C50BE7901: changes role from  FOLLOWER to FOLLOWER at term 216 for recognizeCandidate:52743044-8979-4a08-8013-92a14c548982
2019-10-16 21:12:01,135 [grpc-default-executor-1] INFO  impl.RaftServerImpl (RaftServerImpl.java:setRole(184)) - 65da0c80-3604-4ac2-9a39-ee88d748a153@group-146C50BE7901: changes role from  FOLLOWER to FOLLOWER at term 216 for recognizeCandidate:52743044-8979-4a08-8013-92a14c548982
2019-10-16 21:12:01,135 [grpc-default-executor-1] INFO  impl.RoleInfo (RoleInfo.java:shutdownFollowerState(121)) - 65da0c80-3604-4ac2-9a39-ee88d748a153: shutdown FollowerState
2019-10-16 21:12:01,135 [grpc-default-executor-0] INFO  impl.RoleInfo (RoleInfo.java:shutdownFollowerState(121)) - 904f39be-c3d3-4df4-99c0-2e4526e577e3: shutdown FollowerState
2019-10-16 21:12:01,135 [Thread-1487] INFO  impl.FollowerState (FollowerState.java:run(117)) - 65da0c80-3604-4ac2-9a39-ee88d748a153@group-146C50BE7901-FollowerState was interrupted: java.lang.InterruptedException: sleep interrupted
2019-10-16 21:12:01,135 [Thread-1486] INFO  impl.FollowerState (FollowerState.java:run(117)) - 904f39be-c3d3-4df4-99c0-2e4526e577e3@group-146C50BE7901-FollowerState was interrupted: java.lang.InterruptedException: sleep interrupted
2019-10-16 21:12:01,135 [grpc-default-executor-1] INFO  impl.RoleInfo (RoleInfo.java:updateAndGet(143)) - 65da0c80-3604-4ac2-9a39-ee88d748a153: start FollowerState
2019-10-16 21:12:01,135 [grpc-default-executor-0] INFO  impl.RoleInfo (RoleInfo.java:updateAndGet(143)) - 904f39be-c3d3-4df4-99c0-2e4526e577e3: start FollowerState
2019-10-16 21:12:01,146 [52743044-8979-4a08-8013-92a14c548982@group-146C50BE7901-LeaderElection184] INFO  impl.LeaderElection (LeaderElection.java:logAndReturn(56)) - 52743044-8979-4a08-8013-92a14c548982@group-146C50BE7901-LeaderElection184: Election REJECTED; received 2 response(s) [52743044-8979-4a08-8013-92a14c548982<-904f39be-c3d3-4df4-99c0-2e4526e577e3#0:FAIL-t216, 52743044-8979-4a08-8013-92a14c548982<-65da0c80-3604-4ac2-9a39-ee88d748a153#0:FAIL-t216] and 0 exception(s); 52743044-8979-4a08-8013-92a14c548982@group-146C50BE7901:t216, leader=null, voted=52743044-8979-4a08-8013-92a14c548982, raftlog=52743044-8979-4a08-8013-92a14c548982@group-146C50BE7901-SegmentedRaftLog:OPENED:c-1,f-1,i0, conf=-1: [904f39be-c3d3-4df4-99c0-2e4526e577e3:192.168.157.254:45339, 52743044-8979-4a08-8013-92a14c548982:192.168.157.254:36428, 65da0c80-3604-4ac2-9a39-ee88d748a153:192.168.157.254:37466], old=null
2019-10-16 21:12:01,146 [52743044-8979-4a08-8013-92a14c548982@group-146C50BE7901-LeaderElection184] INFO  impl.RaftServerImpl (RaftServerImpl.java:setRole(184)) - 52743044-8979-4a08-8013-92a14c548982@group-146C50BE7901: changes role from CANDIDATE to FOLLOWER at term 216 for DISCOVERED_A_NEW_TERM
2019-10-16 21:12:01,146 [52743044-8979-4a08-8013-92a14c548982@group-146C50BE7901-LeaderElection184] INFO  impl.RoleInfo (RoleInfo.java:shutdownLeaderElection(134)) - 52743044-8979-4a08-8013-92a14c548982: shutdown LeaderElection
2019-10-16 21:12:01,146 [52743044-8979-4a08-8013-92a14c548982@group-146C50BE7901-LeaderElection184] INFO  impl.RoleInfo (RoleInfo.java:updateAndGet(143)) - 52743044-8979-4a08-8013-92a14c548982: start FollowerState
2019-10-16 21:12:01,210 [main] INFO  ozone.MiniOzoneClusterImpl (MiniOzoneClusterImpl.java:lambda$waitForClusterToBeReady$2(164)) - Waiting for 1 number of pipelines out of 4, to report a leader.
2019-10-16 21:12:01,264 [Thread-1494] INFO  impl.FollowerState (FollowerState.java:run(108)) - 52743044-8979-4a08-8013-92a14c548982@group-146C50BE7901-FollowerState: change to CANDIDATE, lastRpcTime:117ms, electionTimeout:117ms
2019-10-16 21:12:01,264 [Thread-1494] INFO  impl.RoleInfo (RoleInfo.java:shutdownFollowerState(121)) - 52743044-8979-4a08-8013-92a14c548982: shutdown FollowerState
2019-10-16 21:12:01,264 [Thread-1494] INFO  impl.RaftServerImpl (RaftServerImpl.java:setRole(184)) - 52743044-8979-4a08-8013-92a14c548982@group-146C50BE7901: changes role from  FOLLOWER to CANDIDATE at term 216 for changeToCandidate
2019-10-16 21:12:01,264 [Thread-1494] INFO  impl.RoleInfo (RoleInfo.java:updateAndGet(143)) - 52743044-8979-4a08-8013-92a14c548982: start LeaderElection
2019-10-16 21:12:01,279 [52743044-8979-4a08-8013-92a14c548982@group-146C50BE7901-LeaderElection185] INFO  impl.LeaderElection (LeaderElection.java:askForVotes(178)) - 52743044-8979-4a08-8013-92a14c548982@group-146C50BE7901-LeaderElection185: begin an election at term 217 for -1: [904f39be-c3d3-4df4-99c0-2e4526e577e3:192.168.157.254:45339, 52743044-8979-4a08-8013-92a14c548982:192.168.157.254:36428, 65da0c80-3604-4ac2-9a39-ee88d748a153:192.168.157.254:37466], old=null
2019-10-16 21:12:01,281 [grpc-default-executor-0] INFO  impl.RaftServerImpl (RaftServerImpl.java:setRole(184)) - 904f39be-c3d3-4df4-99c0-2e4526e577e3@group-146C50BE7901: changes role from  FOLLOWER to FOLLOWER at term 217 for recognizeCandidate:52743044-8979-4a08-8013-92a14c548982
2019-10-16 21:12:01,281 [grpc-default-executor-0] INFO  impl.RoleInfo (RoleInfo.java:shutdownFollowerState(121)) - 904f39be-c3d3-4df4-99c0-2e4526e577e3: shutdown FollowerState
2019-10-16 21:12:01,281 [grpc-default-executor-0] INFO  impl.RoleInfo (RoleInfo.java:updateAndGet(143)) - 904f39be-c3d3-4df4-99c0-2e4526e577e3: start FollowerState
2019-10-16 21:12:01,281 [Thread-1493] INFO  impl.FollowerState (FollowerState.java:run(117)) - 904f39be-c3d3-4df4-99c0-2e4526e577e3@group-146C50BE7901-FollowerState was interrupted: java.lang.InterruptedException: sleep interrupted
2019-10-16 21:12:01,281 [grpc-default-executor-1] INFO  impl.RaftServerImpl (RaftServerImpl.java:setRole(184)) - 65da0c80-3604-4ac2-9a39-ee88d748a153@group-146C50BE7901: changes role from  FOLLOWER to FOLLOWER at term 217 for recognizeCandidate:52743044-8979-4a08-8013-92a14c548982
2019-10-16 21:12:01,282 [grpc-default-executor-1] INFO  impl.RoleInfo (RoleInfo.java:shutdownFollowerState(121)) - 65da0c80-3604-4ac2-9a39-ee88d748a153: shutdown FollowerState
2019-10-16 21:12:01,282 [grpc-default-executor-1] INFO  impl.RoleInfo (RoleInfo.java:updateAndGet(143)) - 65da0c80-3604-4ac2-9a39-ee88d748a153: start FollowerState
2019-10-16 21:12:01,282 [Thread-1492] INFO  impl.FollowerState (FollowerState.java:run(117)) - 65da0c80-3604-4ac2-9a39-ee88d748a153@group-146C50BE7901-FollowerState was interrupted: java.lang.InterruptedException: sleep interrupted
2019-10-16 21:12:01,296 [52743044-8979-4a08-8013-92a14c548982@group-146C50BE7901-LeaderElection185] INFO  impl.LeaderElection (LeaderElection.java:logAndReturn(56)) - 52743044-8979-4a08-8013-92a14c548982@group-146C50BE7901-LeaderElection185: Election REJECTED; received 2 response(s) [52743044-8979-4a08-8013-92a14c548982<-904f39be-c3d3-4df4-99c0-2e4526e577e3#0:FAIL-t217, 52743044-8979-4a08-8013-92a14c548982<-65da0c80-3604-4ac2-9a39-ee88d748a153#0:FAIL-t217] and 0 exception(s); 52743044-8979-4a08-8013-92a14c548982@group-146C50BE7901:t217, leader=null, voted=52743044-8979-4a08-8013-92a14c548982, raftlog=52743044-8979-4a08-8013-92a14c548982@group-146C50BE7901-SegmentedRaftLog:OPENED:c-1,f-1,i0, conf=-1: [904f39be-c3d3-4df4-99c0-2e4526e577e3:192.168.157.254:45339, 52743044-8979-4a08-8013-92a14c548982:192.168.157.254:36428, 65da0c80-3604-4ac2-9a39-ee88d748a153:192.168.157.254:37466], old=null
2019-10-16 21:12:01,296 [52743044-8979-4a08-8013-92a14c548982@group-146C50BE7901-LeaderElection185] INFO  impl.RaftServerImpl (RaftServerImpl.java:setRole(184)) - 52743044-8979-4a08-8013-92a14c548982@group-146C50BE7901: changes role from CANDIDATE to FOLLOWER at term 217 for DISCOVERED_A_NEW_TERM
2019-10-16 21:12:01,296 [52743044-8979-4a08-8013-92a14c548982@group-146C50BE7901-LeaderElection185] INFO  impl.RoleInfo (RoleInfo.java:shutdownLeaderElection(134)) - 52743044-8979-4a08-8013-92a14c548982: shutdown LeaderElection
2019-10-16 21:12:01,296 [52743044-8979-4a08-8013-92a14c548982@group-146C50BE7901-LeaderElection185] INFO  impl.RoleInfo (RoleInfo.java:updateAndGet(143)) - 52743044-8979-4a08-8013-92a14c548982: start FollowerState
2019-10-16 21:12:01,423 [Thread-1500] INFO  impl.FollowerState (FollowerState.java:run(108)) - 52743044-8979-4a08-8013-92a14c548982@group-146C50BE7901-FollowerState: change to CANDIDATE, lastRpcTime:127ms, electionTimeout:127ms
2019-10-16 21:12:01,424 [Thread-1500] INFO  impl.RoleInfo (RoleInfo.java:shutdownFollowerState(121)) - 52743044-8979-4a08-8013-92a14c548982: shutdown FollowerState
2019-10-16 21:12:01,424 [Thread-1500] INFO  impl.RaftServerImpl (RaftServerImpl.java:setRole(184)) - 52743044-8979-4a08-8013-92a14c548982@group-146C50BE7901: changes role from  FOLLOWER to CANDIDATE at term 217 for changeToCandidate
2019-10-16 21:12:01,424 [Thread-1500] INFO  impl.RoleInfo (RoleInfo.java:updateAndGet(143)) - 52743044-8979-4a08-8013-92a14c548982: start LeaderElection
2019-10-16 21:12:01,437 [52743044-8979-4a08-8013-92a14c548982@group-146C50BE7901-LeaderElection186] INFO  impl.LeaderElection (LeaderElection.java:askForVotes(178)) - 52743044-8979-4a08-8013-92a14c548982@group-146C50BE7901-LeaderElection186: begin an election at term 218 for -1: [904f39be-c3d3-4df4-99c0-2e4526e577e3:192.168.157.254:45339, 52743044-8979-4a08-8013-92a14c548982:192.168.157.254:36428, 65da0c80-3604-4ac2-9a39-ee88d748a153:192.168.157.254:37466], old=null
2019-10-16 21:12:01,440 [grpc-default-executor-0] INFO  impl.RaftServerImpl (RaftServerImpl.java:setRole(184)) - 904f39be-c3d3-4df4-99c0-2e4526e577e3@group-146C50BE7901: changes role from  FOLLOWER to FOLLOWER at term 218 for recognizeCandidate:52743044-8979-4a08-8013-92a14c548982
2019-10-16 21:12:01,440 [grpc-default-executor-0] INFO  impl.RoleInfo (RoleInfo.java:shutdownFollowerState(121)) - 904f39be-c3d3-4df4-99c0-2e4526e577e3: shutdown FollowerState
2019-10-16 21:12:01,440 [grpc-default-executor-1] INFO  impl.RaftServerImpl (RaftServerImpl.java:setRole(184)) - 65da0c80-3604-4ac2-9a39-ee88d748a153@group-146C50BE7901: changes role from  FOLLOWER to FOLLOWER at term 218 for recognizeCandidate:52743044-8979-4a08-8013-92a14c548982
2019-10-16 21:12:01,440 [grpc-default-executor-1] INFO  impl.RoleInfo (RoleInfo.java:shutdownFollowerState(121)) - 65da0c80-3604-4ac2-9a39-ee88d748a153: shutdown FollowerState
2019-10-16 21:12:01,440 [grpc-default-executor-0] INFO  impl.RoleInfo (RoleInfo.java:updateAndGet(143)) - 904f39be-c3d3-4df4-99c0-2e4526e577e3: start FollowerState
2019-10-16 21:12:01,441 [Thread-1499] INFO  impl.FollowerState (FollowerState.java:run(117)) - 65da0c80-3604-4ac2-9a39-ee88d748a153@group-146C50BE7901-FollowerState was interrupted: java.lang.InterruptedException: sleep interrupted
2019-10-16 21:12:01,441 [grpc-default-executor-1] INFO  impl.RoleInfo (RoleInfo.java:updateAndGet(143)) - 65da0c80-3604-4ac2-9a39-ee88d748a153: start FollowerState
2019-10-16 21:12:01,441 [Thread-1498] INFO  impl.FollowerState (FollowerState.java:run(117)) - 904f39be-c3d3-4df4-99c0-2e4526e577e3@group-146C50BE7901-FollowerState was interrupted: java.lang.InterruptedException: sleep interrupted
2019-10-16 21:12:01,488 [52743044-8979-4a08-8013-92a14c548982@group-146C50BE7901-LeaderElection186] INFO  impl.LeaderElection (LeaderElection.java:logAndReturn(56)) - 52743044-8979-4a08-8013-92a14c548982@group-146C50BE7901-LeaderElection186: Election REJECTED; received 2 response(s) [52743044-8979-4a08-8013-92a14c548982<-904f39be-c3d3-4df4-99c0-2e4526e577e3#0:FAIL-t218, 52743044-8979-4a08-8013-92a14c548982<-65da0c80-3604-4ac2-9a39-ee88d748a153#0:FAIL-t218] and 0 exception(s); 52743044-8979-4a08-8013-92a14c548982@group-146C50BE7901:t218, leader=null, voted=52743044-8979-4a08-8013-92a14c548982, raftlog=52743044-8979-4a08-8013-92a14c548982@group-146C50BE7901-SegmentedRaftLog:OPENED:c-1,f-1,i0, conf=-1: [904f39be-c3d3-4df4-99c0-2e4526e577e3:192.168.157.254:45339, 52743044-8979-4a08-8013-92a14c548982:192.168.157.254:36428, 65da0c80-3604-4ac2-9a39-ee88d748a153:192.168.157.254:37466], old=null
2019-10-16 21:12:01,489 [52743044-8979-4a08-8013-92a14c548982@group-146C50BE7901-LeaderElection186] INFO  impl.RaftServerImpl (RaftServerImpl.java:setRole(184)) - 52743044-8979-4a08-8013-92a14c548982@group-146C50BE7901: changes role from CANDIDATE to FOLLOWER at term 218 for DISCOVERED_A_NEW_TERM
2019-10-16 21:12:01,489 [52743044-8979-4a08-8013-92a14c548982@group-146C50BE7901-LeaderElection186] INFO  impl.RoleInfo (RoleInfo.java:shutdownLeaderElection(134)) - 52743044-8979-4a08-8013-92a14c548982: shutdown LeaderElection
2019-10-16 21:12:01,489 [52743044-8979-4a08-8013-92a14c548982@group-146C50BE7901-LeaderElection186] INFO  impl.RoleInfo (RoleInfo.java:updateAndGet(143)) - 52743044-8979-4a08-8013-92a14c548982: start FollowerState
2019-10-16 21:12:01,576 [Thread-1506] INFO  impl.FollowerState (FollowerState.java:run(108)) - 52743044-8979-4a08-8013-92a14c548982@group-146C50BE7901-FollowerState: change to CANDIDATE, lastRpcTime:87ms, electionTimeout:87ms
2019-10-16 21:12:01,577 [Thread-1506] INFO  impl.RoleInfo (RoleInfo.java:shutdownFollowerState(121)) - 52743044-8979-4a08-8013-92a14c548982: shutdown FollowerState
2019-10-16 21:12:01,577 [Thread-1506] INFO  impl.RaftServerImpl (RaftServerImpl.java:setRole(184)) - 52743044-8979-4a08-8013-92a14c548982@group-146C50BE7901: changes role from  FOLLOWER to CANDIDATE at term 218 for changeToCandidate
2019-10-16 21:12:01,577 [Thread-1506] INFO  impl.RoleInfo (RoleInfo.java:updateAndGet(143)) - 52743044-8979-4a08-8013-92a14c548982: start LeaderElection
2019-10-16 21:12:01,591 [52743044-8979-4a08-8013-92a14c548982@group-146C50BE7901-LeaderElection187] INFO  impl.LeaderElection (LeaderElection.java:askForVotes(178)) - 52743044-8979-4a08-8013-92a14c548982@group-146C50BE7901-LeaderElection187: begin an election at term 219 for -1: [904f39be-c3d3-4df4-99c0-2e4526e577e3:192.168.157.254:45339, 52743044-8979-4a08-8013-92a14c548982:192.168.157.254:36428, 65da0c80-3604-4ac2-9a39-ee88d748a153:192.168.157.254:37466], old=null
2019-10-16 21:12:01,593 [grpc-default-executor-0] INFO  impl.RaftServerImpl (RaftServerImpl.java:setRole(184)) - 904f39be-c3d3-4df4-99c0-2e4526e577e3@group-146C50BE7901: changes role from  FOLLOWER to FOLLOWER at term 219 for recognizeCandidate:52743044-8979-4a08-8013-92a14c548982
2019-10-16 21:12:01,593 [grpc-default-executor-0] INFO  impl.RoleInfo (RoleInfo.java:shutdownFollowerState(121)) - 904f39be-c3d3-4df4-99c0-2e4526e577e3: shutdown FollowerState
2019-10-16 21:12:01,593 [grpc-default-executor-0] INFO  impl.RoleInfo (RoleInfo.java:updateAndGet(143)) - 904f39be-c3d3-4df4-99c0-2e4526e577e3: start FollowerState
2019-10-16 21:12:01,593 [grpc-default-executor-1] INFO  impl.RaftServerImpl (RaftServerImpl.java:setRole(184)) - 65da0c80-3604-4ac2-9a39-ee88d748a153@group-146C50BE7901: changes role from  FOLLOWER to FOLLOWER at term 219 for recognizeCandidate:52743044-8979-4a08-8013-92a14c548982
2019-10-16 21:12:01,593 [grpc-default-executor-1] INFO  impl.RoleInfo (RoleInfo.java:shutdownFollowerState(121)) - 65da0c80-3604-4ac2-9a39-ee88d748a153: shutdown FollowerState
2019-10-16 21:12:01,593 [Thread-1504] INFO  impl.FollowerState (FollowerState.java:run(117)) - 904f39be-c3d3-4df4-99c0-2e4526e577e3@group-146C50BE7901-FollowerState was interrupted: java.lang.InterruptedException: sleep interrupted
2019-10-16 21:12:01,594 [grpc-default-executor-1] INFO  impl.RoleInfo (RoleInfo.java:updateAndGet(143)) - 65da0c80-3604-4ac2-9a39-ee88d748a153: start FollowerState
2019-10-16 21:12:01,594 [Thread-1505] INFO  impl.FollowerState (FollowerState.java:run(117)) - 65da0c80-3604-4ac2-9a39-ee88d748a153@group-146C50BE7901-FollowerState was interrupted: java.lang.InterruptedException: sleep interrupted
2019-10-16 21:12:01,620 [52743044-8979-4a08-8013-92a14c548982@group-146C50BE7901-LeaderElection187] INFO  impl.LeaderElection (LeaderElection.java:logAndReturn(56)) - 52743044-8979-4a08-8013-92a14c548982@group-146C50BE7901-LeaderElection187: Election REJECTED; received 2 response(s) [52743044-8979-4a08-8013-92a14c548982<-904f39be-c3d3-4df4-99c0-2e4526e577e3#0:FAIL-t219, 52743044-8979-4a08-8013-92a14c548982<-65da0c80-3604-4ac2-9a39-ee88d748a153#0:FAIL-t219] and 0 exception(s); 52743044-8979-4a08-8013-92a14c548982@group-146C50BE7901:t219, leader=null, voted=52743044-8979-4a08-8013-92a14c548982, raftlog=52743044-8979-4a08-8013-92a14c548982@group-146C50BE7901-SegmentedRaftLog:OPENED:c-1,f-1,i0, conf=-1: [904f39be-c3d3-4df4-99c0-2e4526e577e3:192.168.157.254:45339, 52743044-8979-4a08-8013-92a14c548982:192.168.157.254:36428, 65da0c80-3604-4ac2-9a39-ee88d748a153:192.168.157.254:37466], old=null
2019-10-16 21:12:01,620 [52743044-8979-4a08-8013-92a14c548982@group-146C50BE7901-LeaderElection187] INFO  impl.RaftServerImpl (RaftServerImpl.java:setRole(184)) - 52743044-8979-4a08-8013-92a14c548982@group-146C50BE7901: changes role from CANDIDATE to FOLLOWER at term 219 for DISCOVERED_A_NEW_TERM
2019-10-16 21:12:01,620 [52743044-8979-4a08-8013-92a14c548982@group-146C50BE7901-LeaderElection187] INFO  impl.RoleInfo (RoleInfo.java:shutdownLeaderElection(134)) - 52743044-8979-4a08-8013-92a14c548982: shutdown LeaderElection
2019-10-16 21:12:01,620 [52743044-8979-4a08-8013-92a14c548982@group-146C50BE7901-LeaderElection187] INFO  impl.RoleInfo (RoleInfo.java:updateAndGet(143)) - 52743044-8979-4a08-8013-92a14c548982: start FollowerState
2019-10-16 21:12:01,696 [Thread-1512] INFO  impl.FollowerState (FollowerState.java:run(108)) - 52743044-8979-4a08-8013-92a14c548982@group-146C50BE7901-FollowerState: change to CANDIDATE, lastRpcTime:75ms, electionTimeout:75ms
2019-10-16 21:12:01,696 [Thread-1512] INFO  impl.RoleInfo (RoleInfo.java:shutdownFollowerState(121)) - 52743044-8979-4a08-8013-92a14c548982: shutdown FollowerState
2019-10-16 21:12:01,696 [Thread-1512] INFO  impl.RaftServerImpl (RaftServerImpl.java:setRole(184)) - 52743044-8979-4a08-8013-92a14c548982@group-146C50BE7901: changes role from  FOLLOWER to CANDIDATE at term 219 for changeToCandidate
2019-10-16 21:12:01,696 [Thread-1512] INFO  impl.RoleInfo (RoleInfo.java:updateAndGet(143)) - 52743044-8979-4a08-8013-92a14c548982: start LeaderElection
2019-10-16 21:12:01,711 [52743044-8979-4a08-8013-92a14c548982@group-146C50BE7901-LeaderElection188] INFO  impl.LeaderElection (LeaderElection.java:askForVotes(178)) - 52743044-8979-4a08-8013-92a14c548982@group-146C50BE7901-LeaderElection188: begin an election at term 220 for -1: [904f39be-c3d3-4df4-99c0-2e4526e577e3:192.168.157.254:45339, 52743044-8979-4a08-8013-92a14c548982:192.168.157.254:36428, 65da0c80-3604-4ac2-9a39-ee88d748a153:192.168.157.254:37466], old=null
2019-10-16 21:12:01,713 [grpc-default-executor-1] INFO  impl.RaftServerImpl (RaftServerImpl.java:setRole(184)) - 904f39be-c3d3-4df4-99c0-2e4526e577e3@group-146C50BE7901: changes role from  FOLLOWER to FOLLOWER at term 220 for recognizeCandidate:52743044-8979-4a08-8013-92a14c548982
2019-10-16 21:12:01,713 [grpc-default-executor-1] INFO  impl.RoleInfo (RoleInfo.java:shutdownFollowerState(121)) - 904f39be-c3d3-4df4-99c0-2e4526e577e3: shutdown FollowerState
2019-10-16 21:12:01,713 [grpc-default-executor-1] INFO  impl.RoleInfo (RoleInfo.java:updateAndGet(143)) - 904f39be-c3d3-4df4-99c0-2e4526e577e3: start FollowerState
2019-10-16 21:12:01,713 [grpc-default-executor-0] INFO  impl.RaftServerImpl (RaftServerImpl.java:setRole(184)) - 65da0c80-3604-4ac2-9a39-ee88d748a153@group-146C50BE7901: changes role from  FOLLOWER to FOLLOWER at term 220 for recognizeCandidate:52743044-8979-4a08-8013-92a14c548982
2019-10-16 21:12:01,713 [grpc-default-executor-0] INFO  impl.RoleInfo (RoleInfo.java:shutdownFollowerState(121)) - 65da0c80-3604-4ac2-9a39-ee88d748a153: shutdown FollowerState
2019-10-16 21:12:01,713 [Thread-1510] INFO  impl.FollowerState (FollowerState.java:run(117)) - 904f39be-c3d3-4df4-99c0-2e4526e577e3@group-146C50BE7901-FollowerState was interrupted: java.lang.InterruptedException: sleep interrupted
2019-10-16 21:12:01,713 [grpc-default-executor-0] INFO  impl.RoleInfo (RoleInfo.java:updateAndGet(143)) - 65da0c80-3604-4ac2-9a39-ee88d748a153: start FollowerState
2019-10-16 21:12:01,713 [Thread-1511] INFO  impl.FollowerState (FollowerState.java:run(117)) - 65da0c80-3604-4ac2-9a39-ee88d748a153@group-146C50BE7901-FollowerState was interrupted: java.lang.InterruptedException: sleep interrupted
2019-10-16 21:12:01,727 [52743044-8979-4a08-8013-92a14c548982@group-146C50BE7901-LeaderElection188] INFO  impl.LeaderElection (LeaderElection.java:logAndReturn(56)) - 52743044-8979-4a08-8013-92a14c548982@group-146C50BE7901-LeaderElection188: Election REJECTED; received 2 response(s) [52743044-8979-4a08-8013-92a14c548982<-904f39be-c3d3-4df4-99c0-2e4526e577e3#0:FAIL-t220, 52743044-8979-4a08-8013-92a14c548982<-65da0c80-3604-4ac2-9a39-ee88d748a153#0:FAIL-t220] and 0 exception(s); 52743044-8979-4a08-8013-92a14c548982@group-146C50BE7901:t220, leader=null, voted=52743044-8979-4a08-8013-92a14c548982, raftlog=52743044-8979-4a08-8013-92a14c548982@group-146C50BE7901-SegmentedRaftLog:OPENED:c-1,f-1,i0, conf=-1: [904f39be-c3d3-4df4-99c0-2e4526e577e3:192.168.157.254:45339, 52743044-8979-4a08-8013-92a14c548982:192.168.157.254:36428, 65da0c80-3604-4ac2-9a39-ee88d748a153:192.168.157.254:37466], old=null
2019-10-16 21:12:01,727 [52743044-8979-4a08-8013-92a14c548982@group-146C50BE7901-LeaderElection188] INFO  impl.RaftServerImpl (RaftServerImpl.java:setRole(184)) - 52743044-8979-4a08-8013-92a14c548982@group-146C50BE7901: changes role from CANDIDATE to FOLLOWER at term 220 for DISCOVERED_A_NEW_TERM
2019-10-16 21:12:01,727 [52743044-8979-4a08-8013-92a14c548982@group-146C50BE7901-LeaderElection188] INFO  impl.RoleInfo (RoleInfo.java:shutdownLeaderElection(134)) - 52743044-8979-4a08-8013-92a14c548982: shutdown LeaderElection
2019-10-16 21:12:01,728 [52743044-8979-4a08-8013-92a14c548982@group-146C50BE7901-LeaderElection188] INFO  impl.RoleInfo (RoleInfo.java:updateAndGet(143)) - 52743044-8979-4a08-8013-92a14c548982: start FollowerState
2019-10-16 21:12:01,881 [Thread-1518] INFO  impl.FollowerState (FollowerState.java:run(108)) - 52743044-8979-4a08-8013-92a14c548982@group-146C50BE7901-FollowerState: change to CANDIDATE, lastRpcTime:153ms, electionTimeout:153ms
2019-10-16 21:12:01,881 [Thread-1518] INFO  impl.RoleInfo (RoleInfo.java:shutdownFollowerState(121)) - 52743044-8979-4a08-8013-92a14c548982: shutdown FollowerState
2019-10-16 21:12:01,881 [Thread-1518] INFO  impl.RaftServerImpl (RaftServerImpl.java:setRole(184)) - 52743044-8979-4a08-8013-92a14c548982@group-146C50BE7901: changes role from  FOLLOWER to CANDIDATE at term 220 for changeToCandidate
2019-10-16 21:12:01,881 [Thread-1518] INFO  impl.RoleInfo (RoleInfo.java:updateAndGet(143)) - 52743044-8979-4a08-8013-92a14c548982: start LeaderElection
2019-10-16 21:12:01,911 [52743044-8979-4a08-8013-92a14c548982@group-146C50BE7901-LeaderElection189] INFO  impl.LeaderElection (LeaderElection.java:askForVotes(178)) - 52743044-8979-4a08-8013-92a14c548982@group-146C50BE7901-LeaderElection189: begin an election at term 221 for -1: [904f39be-c3d3-4df4-99c0-2e4526e577e3:192.168.157.254:45339, 52743044-8979-4a08-8013-92a14c548982:192.168.157.254:36428, 65da0c80-3604-4ac2-9a39-ee88d748a153:192.168.157.254:37466], old=null
2019-10-16 21:12:01,914 [grpc-default-executor-1] INFO  impl.RaftServerImpl (RaftServerImpl.java:setRole(184)) - 904f39be-c3d3-4df4-99c0-2e4526e577e3@group-146C50BE7901: changes role from  FOLLOWER to FOLLOWER at term 221 for recognizeCandidate:52743044-8979-4a08-8013-92a14c548982
2019-10-16 21:12:01,914 [grpc-default-executor-1] INFO  impl.RoleInfo (RoleInfo.java:shutdownFollowerState(121)) - 904f39be-c3d3-4df4-99c0-2e4526e577e3: shutdown FollowerState
2019-10-16 21:12:01,914 [grpc-default-executor-0] INFO  impl.RaftServerImpl (RaftServerImpl.java:setRole(184)) - 65da0c80-3604-4ac2-9a39-ee88d748a153@group-146C50BE7901: changes role from  FOLLOWER to FOLLOWER at term 221 for recognizeCandidate:52743044-8979-4a08-8013-92a14c548982
2019-10-16 21:12:01,914 [grpc-default-executor-0] INFO  impl.RoleInfo (RoleInfo.java:shutdownFollowerState(121)) - 65da0c80-3604-4ac2-9a39-ee88d748a153: shutdown FollowerState
2019-10-16 21:12:01,914 [Thread-1516] INFO  impl.FollowerState (FollowerState.java:run(117)) - 904f39be-c3d3-4df4-99c0-2e4526e577e3@group-146C50BE7901-FollowerState was interrupted: java.lang.InterruptedException: sleep interrupted
2019-10-16 21:12:01,914 [grpc-default-executor-1] INFO  impl.RoleInfo (RoleInfo.java:updateAndGet(143)) - 904f39be-c3d3-4df4-99c0-2e4526e577e3: start FollowerState
2019-10-16 21:12:01,914 [Thread-1517] INFO  impl.FollowerState (FollowerState.java:run(117)) - 65da0c80-3604-4ac2-9a39-ee88d748a153@group-146C50BE7901-FollowerState was interrupted: java.lang.InterruptedException: sleep interrupted
2019-10-16 21:12:01,914 [grpc-default-executor-0] INFO  impl.RoleInfo (RoleInfo.java:updateAndGet(143)) - 65da0c80-3604-4ac2-9a39-ee88d748a153: start FollowerState
2019-10-16 21:12:01,929 [52743044-8979-4a08-8013-92a14c548982@group-146C50BE7901-LeaderElection189] INFO  impl.LeaderElection (LeaderElection.java:logAndReturn(56)) - 52743044-8979-4a08-8013-92a14c548982@group-146C50BE7901-LeaderElection189: Election REJECTED; received 2 response(s) [52743044-8979-4a08-8013-92a14c548982<-904f39be-c3d3-4df4-99c0-2e4526e577e3#0:FAIL-t221, 52743044-8979-4a08-8013-92a14c548982<-65da0c80-3604-4ac2-9a39-ee88d748a153#0:FAIL-t221] and 0 exception(s); 52743044-8979-4a08-8013-92a14c548982@group-146C50BE7901:t221, leader=null, voted=52743044-8979-4a08-8013-92a14c548982, raftlog=52743044-8979-4a08-8013-92a14c548982@group-146C50BE7901-SegmentedRaftLog:OPENED:c-1,f-1,i0, conf=-1: [904f39be-c3d3-4df4-99c0-2e4526e577e3:192.168.157.254:45339, 52743044-8979-4a08-8013-92a14c548982:192.168.157.254:36428, 65da0c80-3604-4ac2-9a39-ee88d748a153:192.168.157.254:37466], old=null
2019-10-16 21:12:01,929 [52743044-8979-4a08-8013-92a14c548982@group-146C50BE7901-LeaderElection189] INFO  impl.RaftServerImpl (RaftServerImpl.java:setRole(184)) - 52743044-8979-4a08-8013-92a14c548982@group-146C50BE7901: changes role from CANDIDATE to FOLLOWER at term 221 for DISCOVERED_A_NEW_TERM
2019-10-16 21:12:01,929 [52743044-8979-4a08-8013-92a14c548982@group-146C50BE7901-LeaderElection189] INFO  impl.RoleInfo (RoleInfo.java:shutdownLeaderElection(134)) - 52743044-8979-4a08-8013-92a14c548982: shutdown LeaderElection
2019-10-16 21:12:01,929 [52743044-8979-4a08-8013-92a14c548982@group-146C50BE7901-LeaderElection189] INFO  impl.RoleInfo (RoleInfo.java:updateAndGet(143)) - 52743044-8979-4a08-8013-92a14c548982: start FollowerState
2019-10-16 21:12:02,015 [Thread-1524] INFO  impl.FollowerState (FollowerState.java:run(108)) - 52743044-8979-4a08-8013-92a14c548982@group-146C50BE7901-FollowerState: change to CANDIDATE, lastRpcTime:85ms, electionTimeout:85ms
2019-10-16 21:12:02,015 [Thread-1524] INFO  impl.RoleInfo (RoleInfo.java:shutdownFollowerState(121)) - 52743044-8979-4a08-8013-92a14c548982: shutdown FollowerState
2019-10-16 21:12:02,015 [Thread-1524] INFO  impl.RaftServerImpl (RaftServerImpl.java:setRole(184)) - 52743044-8979-4a08-8013-92a14c548982@group-146C50BE7901: changes role from  FOLLOWER to CANDIDATE at term 221 for changeToCandidate
2019-10-16 21:12:02,015 [Thread-1524] INFO  impl.RoleInfo (RoleInfo.java:updateAndGet(143)) - 52743044-8979-4a08-8013-92a14c548982: start LeaderElection
2019-10-16 21:12:02,028 [52743044-8979-4a08-8013-92a14c548982@group-146C50BE7901-LeaderElection190] INFO  impl.LeaderElection (LeaderElection.java:askForVotes(178)) - 52743044-8979-4a08-8013-92a14c548982@group-146C50BE7901-LeaderElection190: begin an election at term 222 for -1: [904f39be-c3d3-4df4-99c0-2e4526e577e3:192.168.157.254:45339, 52743044-8979-4a08-8013-92a14c548982:192.168.157.254:36428, 65da0c80-3604-4ac2-9a39-ee88d748a153:192.168.157.254:37466], old=null
2019-10-16 21:12:02,030 [grpc-default-executor-0] INFO  impl.RaftServerImpl (RaftServerImpl.java:setRole(184)) - 65da0c80-3604-4ac2-9a39-ee88d748a153@group-146C50BE7901: changes role from  FOLLOWER to FOLLOWER at term 222 for recognizeCandidate:52743044-8979-4a08-8013-92a14c548982
2019-10-16 21:12:02,030 [grpc-default-executor-1] INFO  impl.RaftServerImpl (RaftServerImpl.java:setRole(184)) - 904f39be-c3d3-4df4-99c0-2e4526e577e3@group-146C50BE7901: changes role from  FOLLOWER to FOLLOWER at term 222 for recognizeCandidate:52743044-8979-4a08-8013-92a14c548982
2019-10-16 21:12:02,030 [grpc-default-executor-0] INFO  impl.RoleInfo (RoleInfo.java:shutdownFollowerState(121)) - 65da0c80-3604-4ac2-9a39-ee88d748a153: shutdown FollowerState
2019-10-16 21:12:02,031 [grpc-default-executor-1] INFO  impl.RoleInfo (RoleInfo.java:shutdownFollowerState(121)) - 904f39be-c3d3-4df4-99c0-2e4526e577e3: shutdown FollowerState
2019-10-16 21:12:02,031 [grpc-default-executor-0] INFO  impl.RoleInfo (RoleInfo.java:updateAndGet(143)) - 65da0c80-3604-4ac2-9a39-ee88d748a153: start FollowerState
2019-10-16 21:12:02,031 [grpc-default-executor-1] INFO  impl.RoleInfo (RoleInfo.java:updateAndGet(143)) - 904f39be-c3d3-4df4-99c0-2e4526e577e3: start FollowerState
2019-10-16 21:12:02,031 [Thread-1523] INFO  impl.FollowerState (FollowerState.java:run(117)) - 65da0c80-3604-4ac2-9a39-ee88d748a153@group-146C50BE7901-FollowerState was interrupted: java.lang.InterruptedException: sleep interrupted
2019-10-16 21:12:02,031 [Thread-1522] INFO  impl.FollowerState (FollowerState.java:run(117)) - 904f39be-c3d3-4df4-99c0-2e4526e577e3@group-146C50BE7901-FollowerState was interrupted: java.lang.InterruptedException: sleep interrupted
2019-10-16 21:12:02,045 [52743044-8979-4a08-8013-92a14c548982@group-146C50BE7901-LeaderElection190] INFO  impl.LeaderElection (LeaderElection.java:logAndReturn(56)) - 52743044-8979-4a08-8013-92a14c548982@group-146C50BE7901-LeaderElection190: Election REJECTED; received 2 response(s) [52743044-8979-4a08-8013-92a14c548982<-904f39be-c3d3-4df4-99c0-2e4526e577e3#0:FAIL-t222, 52743044-8979-4a08-8013-92a14c548982<-65da0c80-3604-4ac2-9a39-ee88d748a153#0:FAIL-t222] and 0 exception(s); 52743044-8979-4a08-8013-92a14c548982@group-146C50BE7901:t222, leader=null, voted=52743044-8979-4a08-8013-92a14c548982, raftlog=52743044-8979-4a08-8013-92a14c548982@group-146C50BE7901-SegmentedRaftLog:OPENED:c-1,f-1,i0, conf=-1: [904f39be-c3d3-4df4-99c0-2e4526e577e3:192.168.157.254:45339, 52743044-8979-4a08-8013-92a14c548982:192.168.157.254:36428, 65da0c80-3604-4ac2-9a39-ee88d748a153:192.168.157.254:37466], old=null
2019-10-16 21:12:02,045 [52743044-8979-4a08-8013-92a14c548982@group-146C50BE7901-LeaderElection190] INFO  impl.RaftServerImpl (RaftServerImpl.java:setRole(184)) - 52743044-8979-4a08-8013-92a14c548982@group-146C50BE7901: changes role from CANDIDATE to FOLLOWER at term 222 for DISCOVERED_A_NEW_TERM
2019-10-16 21:12:02,045 [52743044-8979-4a08-8013-92a14c548982@group-146C50BE7901-LeaderElection190] INFO  impl.RoleInfo (RoleInfo.java:shutdownLeaderElection(134)) - 52743044-8979-4a08-8013-92a14c548982: shutdown LeaderElection
2019-10-16 21:12:02,045 [52743044-8979-4a08-8013-92a14c548982@group-146C50BE7901-LeaderElection190] INFO  impl.RoleInfo (RoleInfo.java:updateAndGet(143)) - 52743044-8979-4a08-8013-92a14c548982: start FollowerState
2019-10-16 21:12:02,074 [Thread-1530] INFO  impl.FollowerState (FollowerState.java:run(108)) - 52743044-8979-4a08-8013-92a14c548982@group-146C50BE7901-FollowerState: change to CANDIDATE, lastRpcTime:28ms, electionTimeout:28ms
2019-10-16 21:12:02,074 [Thread-1530] INFO  impl.RoleInfo (RoleInfo.java:shutdownFollowerState(121)) - 52743044-8979-4a08-8013-92a14c548982: shutdown FollowerState
2019-10-16 21:12:02,074 [Thread-1530] INFO  impl.RaftServerImpl (RaftServerImpl.java:setRole(184)) - 52743044-8979-4a08-8013-92a14c548982@group-146C50BE7901: changes role from  FOLLOWER to CANDIDATE at term 222 for changeToCandidate
2019-10-16 21:12:02,074 [Thread-1530] INFO  impl.RoleInfo (RoleInfo.java:updateAndGet(143)) - 52743044-8979-4a08-8013-92a14c548982: start LeaderElection
2019-10-16 21:12:02,088 [52743044-8979-4a08-8013-92a14c548982@group-146C50BE7901-LeaderElection191] INFO  impl.LeaderElection (LeaderElection.java:askForVotes(178)) - 52743044-8979-4a08-8013-92a14c548982@group-146C50BE7901-LeaderElection191: begin an election at term 223 for -1: [904f39be-c3d3-4df4-99c0-2e4526e577e3:192.168.157.254:45339, 52743044-8979-4a08-8013-92a14c548982:192.168.157.254:36428, 65da0c80-3604-4ac2-9a39-ee88d748a153:192.168.157.254:37466], old=null
2019-10-16 21:12:02,090 [grpc-default-executor-1] INFO  impl.RaftServerImpl (RaftServerImpl.java:setRole(184)) - 65da0c80-3604-4ac2-9a39-ee88d748a153@group-146C50BE7901: changes role from  FOLLOWER to FOLLOWER at term 223 for recognizeCandidate:52743044-8979-4a08-8013-92a14c548982
2019-10-16 21:12:02,090 [grpc-default-executor-1] INFO  impl.RoleInfo (RoleInfo.java:shutdownFollowerState(121)) - 65da0c80-3604-4ac2-9a39-ee88d748a153: shutdown FollowerState
2019-10-16 21:12:02,090 [grpc-default-executor-0] INFO  impl.RaftServerImpl (RaftServerImpl.java:setRole(184)) - 904f39be-c3d3-4df4-99c0-2e4526e577e3@group-146C50BE7901: changes role from  FOLLOWER to FOLLOWER at term 223 for recognizeCandidate:52743044-8979-4a08-8013-92a14c548982
2019-10-16 21:12:02,090 [grpc-default-executor-1] INFO  impl.RoleInfo (RoleInfo.java:updateAndGet(143)) - 65da0c80-3604-4ac2-9a39-ee88d748a153: start FollowerState
2019-10-16 21:12:02,090 [Thread-1528] INFO  impl.FollowerState (FollowerState.java:run(117)) - 65da0c80-3604-4ac2-9a39-ee88d748a153@group-146C50BE7901-FollowerState was interrupted: java.lang.InterruptedException: sleep interrupted
2019-10-16 21:12:02,090 [grpc-default-executor-0] INFO  impl.RoleInfo (RoleInfo.java:shutdownFollowerState(121)) - 904f39be-c3d3-4df4-99c0-2e4526e577e3: shutdown FollowerState
2019-10-16 21:12:02,090 [grpc-default-executor-0] INFO  impl.RoleInfo (RoleInfo.java:updateAndGet(143)) - 904f39be-c3d3-4df4-99c0-2e4526e577e3: start FollowerState
2019-10-16 21:12:02,091 [Thread-1529] INFO  impl.FollowerState (FollowerState.java:run(117)) - 904f39be-c3d3-4df4-99c0-2e4526e577e3@group-146C50BE7901-FollowerState was interrupted: java.lang.InterruptedException: sleep interrupted
2019-10-16 21:12:02,105 [52743044-8979-4a08-8013-92a14c548982@group-146C50BE7901-LeaderElection191] INFO  impl.LeaderElection (LeaderElection.java:logAndReturn(56)) - 52743044-8979-4a08-8013-92a14c548982@group-146C50BE7901-LeaderElection191: Election REJECTED; received 2 response(s) [52743044-8979-4a08-8013-92a14c548982<-904f39be-c3d3-4df4-99c0-2e4526e577e3#0:FAIL-t223, 52743044-8979-4a08-8013-92a14c548982<-65da0c80-3604-4ac2-9a39-ee88d748a153#0:FAIL-t223] and 0 exception(s); 52743044-8979-4a08-8013-92a14c548982@group-146C50BE7901:t223, leader=null, voted=52743044-8979-4a08-8013-92a14c548982, raftlog=52743044-8979-4a08-8013-92a14c548982@group-146C50BE7901-SegmentedRaftLog:OPENED:c-1,f-1,i0, conf=-1: [904f39be-c3d3-4df4-99c0-2e4526e577e3:192.168.157.254:45339, 52743044-8979-4a08-8013-92a14c548982:192.168.157.254:36428, 65da0c80-3604-4ac2-9a39-ee88d748a153:192.168.157.254:37466], old=null
2019-10-16 21:12:02,105 [52743044-8979-4a08-8013-92a14c548982@group-146C50BE7901-LeaderElection191] INFO  impl.RaftServerImpl (RaftServerImpl.java:setRole(184)) - 52743044-8979-4a08-8013-92a14c548982@group-146C50BE7901: changes role from CANDIDATE to FOLLOWER at term 223 for DISCOVERED_A_NEW_TERM
2019-10-16 21:12:02,105 [52743044-8979-4a08-8013-92a14c548982@group-146C50BE7901-LeaderElection191] INFO  impl.RoleInfo (RoleInfo.java:shutdownLeaderElection(134)) - 52743044-8979-4a08-8013-92a14c548982: shutdown LeaderElection
2019-10-16 21:12:02,105 [52743044-8979-4a08-8013-92a14c548982@group-146C50BE7901-LeaderElection191] INFO  impl.RoleInfo (RoleInfo.java:updateAndGet(143)) - 52743044-8979-4a08-8013-92a14c548982: start FollowerState
2019-10-16 21:12:02,193 [Thread-1536] INFO  impl.FollowerState (FollowerState.java:run(108)) - 52743044-8979-4a08-8013-92a14c548982@group-146C50BE7901-FollowerState: change to CANDIDATE, lastRpcTime:87ms, electionTimeout:87ms
2019-10-16 21:12:02,193 [Thread-1536] INFO  impl.RoleInfo (RoleInfo.java:shutdownFollowerState(121)) - 52743044-8979-4a08-8013-92a14c548982: shutdown FollowerState
2019-10-16 21:12:02,193 [Thread-1536] INFO  impl.RaftServerImpl (RaftServerImpl.java:setRole(184)) - 52743044-8979-4a08-8013-92a14c548982@group-146C50BE7901: changes role from  FOLLOWER to CANDIDATE at term 223 for changeToCandidate
2019-10-16 21:12:02,193 [Thread-1536] INFO  impl.RoleInfo (RoleInfo.java:updateAndGet(143)) - 52743044-8979-4a08-8013-92a14c548982: start LeaderElection
2019-10-16 21:12:02,207 [52743044-8979-4a08-8013-92a14c548982@group-146C50BE7901-LeaderElection192] INFO  impl.LeaderElection (LeaderElection.java:askForVotes(178)) - 52743044-8979-4a08-8013-92a14c548982@group-146C50BE7901-LeaderElection192: begin an election at term 224 for -1: [904f39be-c3d3-4df4-99c0-2e4526e577e3:192.168.157.254:45339, 52743044-8979-4a08-8013-92a14c548982:192.168.157.254:36428, 65da0c80-3604-4ac2-9a39-ee88d748a153:192.168.157.254:37466], old=null
2019-10-16 21:12:02,209 [grpc-default-executor-0] INFO  impl.RaftServerImpl (RaftServerImpl.java:setRole(184)) - 904f39be-c3d3-4df4-99c0-2e4526e577e3@group-146C50BE7901: changes role from  FOLLOWER to FOLLOWER at term 224 for recognizeCandidate:52743044-8979-4a08-8013-92a14c548982
2019-10-16 21:12:02,209 [grpc-default-executor-0] INFO  impl.RoleInfo (RoleInfo.java:shutdownFollowerState(121)) - 904f39be-c3d3-4df4-99c0-2e4526e577e3: shutdown FollowerState
2019-10-16 21:12:02,209 [grpc-default-executor-1] INFO  impl.RaftServerImpl (RaftServerImpl.java:setRole(184)) - 65da0c80-3604-4ac2-9a39-ee88d748a153@group-146C50BE7901: changes role from  FOLLOWER to FOLLOWER at term 224 for recognizeCandidate:52743044-8979-4a08-8013-92a14c548982
2019-10-16 21:12:02,209 [grpc-default-executor-1] INFO  impl.RoleInfo (RoleInfo.java:shutdownFollowerState(121)) - 65da0c80-3604-4ac2-9a39-ee88d748a153: shutdown FollowerState
2019-10-16 21:12:02,209 [grpc-default-executor-0] INFO  impl.RoleInfo (RoleInfo.java:updateAndGet(143)) - 904f39be-c3d3-4df4-99c0-2e4526e577e3: start FollowerState
2019-10-16 21:12:02,209 [Thread-1535] INFO  impl.FollowerState (FollowerState.java:run(117)) - 904f39be-c3d3-4df4-99c0-2e4526e577e3@group-146C50BE7901-FollowerState was interrupted: java.lang.InterruptedException: sleep interrupted
2019-10-16 21:12:02,209 [grpc-default-executor-1] INFO  impl.RoleInfo (RoleInfo.java:updateAndGet(143)) - 65da0c80-3604-4ac2-9a39-ee88d748a153: start FollowerState
2019-10-16 21:12:02,209 [Thread-1534] INFO  impl.FollowerState (FollowerState.java:run(117)) - 65da0c80-3604-4ac2-9a39-ee88d748a153@group-146C50BE7901-FollowerState was interrupted: java.lang.InterruptedException: sleep interrupted
2019-10-16 21:12:02,210 [main] INFO  ozone.MiniOzoneClusterImpl (MiniOzoneClusterImpl.java:lambda$waitForClusterToBeReady$2(164)) - Waiting for 1 number of pipelines out of 4, to report a leader.
2019-10-16 21:12:02,223 [52743044-8979-4a08-8013-92a14c548982@group-146C50BE7901-LeaderElection192] INFO  impl.LeaderElection (LeaderElection.java:logAndReturn(56)) - 52743044-8979-4a08-8013-92a14c548982@group-146C50BE7901-LeaderElection192: Election REJECTED; received 2 response(s) [52743044-8979-4a08-8013-92a14c548982<-904f39be-c3d3-4df4-99c0-2e4526e577e3#0:FAIL-t224, 52743044-8979-4a08-8013-92a14c548982<-65da0c80-3604-4ac2-9a39-ee88d748a153#0:FAIL-t224] and 0 exception(s); 52743044-8979-4a08-8013-92a14c548982@group-146C50BE7901:t224, leader=null, voted=52743044-8979-4a08-8013-92a14c548982, raftlog=52743044-8979-4a08-8013-92a14c548982@group-146C50BE7901-SegmentedRaftLog:OPENED:c-1,f-1,i0, conf=-1: [904f39be-c3d3-4df4-99c0-2e4526e577e3:192.168.157.254:45339, 52743044-8979-4a08-8013-92a14c548982:192.168.157.254:36428, 65da0c80-3604-4ac2-9a39-ee88d748a153:192.168.157.254:37466], old=null
2019-10-16 21:12:02,223 [52743044-8979-4a08-8013-92a14c548982@group-146C50BE7901-LeaderElection192] INFO  impl.RaftServerImpl (RaftServerImpl.java:setRole(184)) - 52743044-8979-4a08-8013-92a14c548982@group-146C50BE7901: changes role from CANDIDATE to FOLLOWER at term 224 for DISCOVERED_A_NEW_TERM
2019-10-16 21:12:02,223 [52743044-8979-4a08-8013-92a14c548982@group-146C50BE7901-LeaderElection192] INFO  impl.RoleInfo (RoleInfo.java:shutdownLeaderElection(134)) - 52743044-8979-4a08-8013-92a14c548982: shutdown LeaderElection
2019-10-16 21:12:02,224 [52743044-8979-4a08-8013-92a14c548982@group-146C50BE7901-LeaderElection192] INFO  impl.RoleInfo (RoleInfo.java:updateAndGet(143)) - 52743044-8979-4a08-8013-92a14c548982: start FollowerState
2019-10-16 21:12:02,295 [Thread-1542] INFO  impl.FollowerState (FollowerState.java:run(108)) - 52743044-8979-4a08-8013-92a14c548982@group-146C50BE7901-FollowerState: change to CANDIDATE, lastRpcTime:71ms, electionTimeout:71ms
2019-10-16 21:12:02,295 [Thread-1542] INFO  impl.RoleInfo (RoleInfo.java:shutdownFollowerState(121)) - 52743044-8979-4a08-8013-92a14c548982: shutdown FollowerState
2019-10-16 21:12:02,295 [Thread-1542] INFO  impl.RaftServerImpl (RaftServerImpl.java:setRole(184)) - 52743044-8979-4a08-8013-92a14c548982@group-146C50BE7901: changes role from  FOLLOWER to CANDIDATE at term 224 for changeToCandidate
2019-10-16 21:12:02,295 [Thread-1542] INFO  impl.RoleInfo (RoleInfo.java:updateAndGet(143)) - 52743044-8979-4a08-8013-92a14c548982: start LeaderElection
2019-10-16 21:12:02,309 [52743044-8979-4a08-8013-92a14c548982@group-146C50BE7901-LeaderElection193] INFO  impl.LeaderElection (LeaderElection.java:askForVotes(178)) - 52743044-8979-4a08-8013-92a14c548982@group-146C50BE7901-LeaderElection193: begin an election at term 225 for -1: [904f39be-c3d3-4df4-99c0-2e4526e577e3:192.168.157.254:45339, 52743044-8979-4a08-8013-92a14c548982:192.168.157.254:36428, 65da0c80-3604-4ac2-9a39-ee88d748a153:192.168.157.254:37466], old=null
2019-10-16 21:12:02,311 [grpc-default-executor-1] INFO  impl.RaftServerImpl (RaftServerImpl.java:setRole(184)) - 904f39be-c3d3-4df4-99c0-2e4526e577e3@group-146C50BE7901: changes role from  FOLLOWER to FOLLOWER at term 225 for recognizeCandidate:52743044-8979-4a08-8013-92a14c548982
2019-10-16 21:12:02,311 [grpc-default-executor-0] INFO  impl.RaftServerImpl (RaftServerImpl.java:setRole(184)) - 65da0c80-3604-4ac2-9a39-ee88d748a153@group-146C50BE7901: changes role from  FOLLOWER to FOLLOWER at term 225 for recognizeCandidate:52743044-8979-4a08-8013-92a14c548982
2019-10-16 21:12:02,311 [grpc-default-executor-1] INFO  impl.RoleInfo (RoleInfo.java:shutdownFollowerState(121)) - 904f39be-c3d3-4df4-99c0-2e4526e577e3: shutdown FollowerState
2019-10-16 21:12:02,311 [grpc-default-executor-0] INFO  impl.RoleInfo (RoleInfo.java:shutdownFollowerState(121)) - 65da0c80-3604-4ac2-9a39-ee88d748a153: shutdown FollowerState
2019-10-16 21:12:02,311 [grpc-default-executor-1] INFO  impl.RoleInfo (RoleInfo.java:updateAndGet(143)) - 904f39be-c3d3-4df4-99c0-2e4526e577e3: start FollowerState
2019-10-16 21:12:02,311 [grpc-default-executor-0] INFO  impl.RoleInfo (RoleInfo.java:updateAndGet(143)) - 65da0c80-3604-4ac2-9a39-ee88d748a153: start FollowerState
2019-10-16 21:12:02,312 [Thread-1540] INFO  impl.FollowerState (FollowerState.java:run(117)) - 904f39be-c3d3-4df4-99c0-2e4526e577e3@group-146C50BE7901-FollowerState was interrupted: java.lang.InterruptedException: sleep interrupted
2019-10-16 21:12:02,312 [Thread-1541] INFO  impl.FollowerState (FollowerState.java:run(117)) - 65da0c80-3604-4ac2-9a39-ee88d748a153@group-146C50BE7901-FollowerState was interrupted: java.lang.InterruptedException: sleep interrupted
2019-10-16 21:12:02,362 [52743044-8979-4a08-8013-92a14c548982@group-146C50BE7901-LeaderElection193] INFO  impl.LeaderElection (LeaderElection.java:logAndReturn(56)) - 52743044-8979-4a08-8013-92a14c548982@group-146C50BE7901-LeaderElection193: Election REJECTED; received 2 response(s) [52743044-8979-4a08-8013-92a14c548982<-904f39be-c3d3-4df4-99c0-2e4526e577e3#0:FAIL-t225, 52743044-8979-4a08-8013-92a14c548982<-65da0c80-3604-4ac2-9a39-ee88d748a153#0:FAIL-t225] and 0 exception(s); 52743044-8979-4a08-8013-92a14c548982@group-146C50BE7901:t225, leader=null, voted=52743044-8979-4a08-8013-92a14c548982, raftlog=52743044-8979-4a08-8013-92a14c548982@group-146C50BE7901-SegmentedRaftLog:OPENED:c-1,f-1,i0, conf=-1: [904f39be-c3d3-4df4-99c0-2e4526e577e3:192.168.157.254:45339, 52743044-8979-4a08-8013-92a14c548982:192.168.157.254:36428, 65da0c80-3604-4ac2-9a39-ee88d748a153:192.168.157.254:37466], old=null
2019-10-16 21:12:02,362 [52743044-8979-4a08-8013-92a14c548982@group-146C50BE7901-LeaderElection193] INFO  impl.RaftServerImpl (RaftServerImpl.java:setRole(184)) - 52743044-8979-4a08-8013-92a14c548982@group-146C50BE7901: changes role from CANDIDATE to FOLLOWER at term 225 for DISCOVERED_A_NEW_TERM
2019-10-16 21:12:02,362 [52743044-8979-4a08-8013-92a14c548982@group-146C50BE7901-LeaderElection193] INFO  impl.RoleInfo (RoleInfo.java:shutdownLeaderElection(134)) - 52743044-8979-4a08-8013-92a14c548982: shutdown LeaderElection
2019-10-16 21:12:02,362 [52743044-8979-4a08-8013-92a14c548982@group-146C50BE7901-LeaderElection193] INFO  impl.RoleInfo (RoleInfo.java:updateAndGet(143)) - 52743044-8979-4a08-8013-92a14c548982: start FollowerState
2019-10-16 21:12:02,445 [Thread-1548] INFO  impl.FollowerState (FollowerState.java:run(108)) - 52743044-8979-4a08-8013-92a14c548982@group-146C50BE7901-FollowerState: change to CANDIDATE, lastRpcTime:82ms, electionTimeout:82ms
2019-10-16 21:12:02,445 [Thread-1548] INFO  impl.RoleInfo (RoleInfo.java:shutdownFollowerState(121)) - 52743044-8979-4a08-8013-92a14c548982: shutdown FollowerState
2019-10-16 21:12:02,445 [Thread-1548] INFO  impl.RaftServerImpl (RaftServerImpl.java:setRole(184)) - 52743044-8979-4a08-8013-92a14c548982@group-146C50BE7901: changes role from  FOLLOWER to CANDIDATE at term 225 for changeToCandidate
2019-10-16 21:12:02,445 [Thread-1548] INFO  impl.RoleInfo (RoleInfo.java:updateAndGet(143)) - 52743044-8979-4a08-8013-92a14c548982: start LeaderElection
2019-10-16 21:12:02,459 [52743044-8979-4a08-8013-92a14c548982@group-146C50BE7901-LeaderElection194] INFO  impl.LeaderElection (LeaderElection.java:askForVotes(178)) - 52743044-8979-4a08-8013-92a14c548982@group-146C50BE7901-LeaderElection194: begin an election at term 226 for -1: [904f39be-c3d3-4df4-99c0-2e4526e577e3:192.168.157.254:45339, 52743044-8979-4a08-8013-92a14c548982:192.168.157.254:36428, 65da0c80-3604-4ac2-9a39-ee88d748a153:192.168.157.254:37466], old=null
2019-10-16 21:12:02,461 [grpc-default-executor-1] INFO  impl.RaftServerImpl (RaftServerImpl.java:setRole(184)) - 904f39be-c3d3-4df4-99c0-2e4526e577e3@group-146C50BE7901: changes role from  FOLLOWER to FOLLOWER at term 226 for recognizeCandidate:52743044-8979-4a08-8013-92a14c548982
2019-10-16 21:12:02,462 [grpc-default-executor-1] INFO  impl.RoleInfo (RoleInfo.java:shutdownFollowerState(121)) - 904f39be-c3d3-4df4-99c0-2e4526e577e3: shutdown FollowerState
2019-10-16 21:12:02,462 [grpc-default-executor-0] INFO  impl.RaftServerImpl (RaftServerImpl.java:setRole(184)) - 65da0c80-3604-4ac2-9a39-ee88d748a153@group-146C50BE7901: changes role from  FOLLOWER to FOLLOWER at term 226 for recognizeCandidate:52743044-8979-4a08-8013-92a14c548982
2019-10-16 21:12:02,462 [Thread-1546] INFO  impl.FollowerState (FollowerState.java:run(117)) - 904f39be-c3d3-4df4-99c0-2e4526e577e3@group-146C50BE7901-FollowerState was interrupted: java.lang.InterruptedException: sleep interrupted
2019-10-16 21:12:02,462 [grpc-default-executor-1] INFO  impl.RoleInfo (RoleInfo.java:updateAndGet(143)) - 904f39be-c3d3-4df4-99c0-2e4526e577e3: start FollowerState
2019-10-16 21:12:02,462 [grpc-default-executor-0] INFO  impl.RoleInfo (RoleInfo.java:shutdownFollowerState(121)) - 65da0c80-3604-4ac2-9a39-ee88d748a153: shutdown FollowerState
2019-10-16 21:12:02,463 [grpc-default-executor-0] INFO  impl.RoleInfo (RoleInfo.java:updateAndGet(143)) - 65da0c80-3604-4ac2-9a39-ee88d748a153: start FollowerState
2019-10-16 21:12:02,463 [Thread-1547] INFO  impl.FollowerState (FollowerState.java:run(117)) - 65da0c80-3604-4ac2-9a39-ee88d748a153@group-146C50BE7901-FollowerState was interrupted: java.lang.InterruptedException: sleep interrupted
2019-10-16 21:12:02,464 [52743044-8979-4a08-8013-92a14c548982@group-146C50BE7901-LeaderElection194] INFO  impl.LeaderElection (LeaderElection.java:logAndReturn(56)) - 52743044-8979-4a08-8013-92a14c548982@group-146C50BE7901-LeaderElection194: Election TIMEOUT; received 0 response(s) [] and 0 exception(s); 52743044-8979-4a08-8013-92a14c548982@group-146C50BE7901:t226, leader=null, voted=52743044-8979-4a08-8013-92a14c548982, raftlog=52743044-8979-4a08-8013-92a14c548982@group-146C50BE7901-SegmentedRaftLog:OPENED:c-1,f-1,i0, conf=-1: [904f39be-c3d3-4df4-99c0-2e4526e577e3:192.168.157.254:45339, 52743044-8979-4a08-8013-92a14c548982:192.168.157.254:36428, 65da0c80-3604-4ac2-9a39-ee88d748a153:192.168.157.254:37466], old=null
2019-10-16 21:12:02,497 [52743044-8979-4a08-8013-92a14c548982@group-146C50BE7901-LeaderElection194] INFO  impl.LeaderElection (LeaderElection.java:askForVotes(178)) - 52743044-8979-4a08-8013-92a14c548982@group-146C50BE7901-LeaderElection194: begin an election at term 227 for -1: [904f39be-c3d3-4df4-99c0-2e4526e577e3:192.168.157.254:45339, 52743044-8979-4a08-8013-92a14c548982:192.168.157.254:36428, 65da0c80-3604-4ac2-9a39-ee88d748a153:192.168.157.254:37466], old=null
2019-10-16 21:12:02,499 [grpc-default-executor-0] INFO  impl.RaftServerImpl (RaftServerImpl.java:setRole(184)) - 904f39be-c3d3-4df4-99c0-2e4526e577e3@group-146C50BE7901: changes role from  FOLLOWER to FOLLOWER at term 227 for recognizeCandidate:52743044-8979-4a08-8013-92a14c548982
2019-10-16 21:12:02,500 [grpc-default-executor-0] INFO  impl.RoleInfo (RoleInfo.java:shutdownFollowerState(121)) - 904f39be-c3d3-4df4-99c0-2e4526e577e3: shutdown FollowerState
2019-10-16 21:12:02,500 [grpc-default-executor-0] INFO  impl.RoleInfo (RoleInfo.java:updateAndGet(143)) - 904f39be-c3d3-4df4-99c0-2e4526e577e3: start FollowerState
2019-10-16 21:12:02,500 [Thread-1552] INFO  impl.FollowerState (FollowerState.java:run(117)) - 904f39be-c3d3-4df4-99c0-2e4526e577e3@group-146C50BE7901-FollowerState was interrupted: java.lang.InterruptedException: sleep interrupted
2019-10-16 21:12:02,500 [grpc-default-executor-1] INFO  impl.RaftServerImpl (RaftServerImpl.java:setRole(184)) - 65da0c80-3604-4ac2-9a39-ee88d748a153@group-146C50BE7901: changes role from  FOLLOWER to FOLLOWER at term 227 for recognizeCandidate:52743044-8979-4a08-8013-92a14c548982
2019-10-16 21:12:02,500 [grpc-default-executor-1] INFO  impl.RoleInfo (RoleInfo.java:shutdownFollowerState(121)) - 65da0c80-3604-4ac2-9a39-ee88d748a153: shutdown FollowerState
2019-10-16 21:12:02,501 [grpc-default-executor-1] INFO  impl.RoleInfo (RoleInfo.java:updateAndGet(143)) - 65da0c80-3604-4ac2-9a39-ee88d748a153: start FollowerState
2019-10-16 21:12:02,501 [Thread-1553] INFO  impl.FollowerState (FollowerState.java:run(117)) - 65da0c80-3604-4ac2-9a39-ee88d748a153@group-146C50BE7901-FollowerState was interrupted: java.lang.InterruptedException: sleep interrupted
2019-10-16 21:12:02,551 [52743044-8979-4a08-8013-92a14c548982@group-146C50BE7901-LeaderElection194] INFO  impl.LeaderElection (LeaderElection.java:logAndReturn(56)) - 52743044-8979-4a08-8013-92a14c548982@group-146C50BE7901-LeaderElection194: Election TIMEOUT; received 0 response(s) [] and 0 exception(s); 52743044-8979-4a08-8013-92a14c548982@group-146C50BE7901:t227, leader=null, voted=52743044-8979-4a08-8013-92a14c548982, raftlog=52743044-8979-4a08-8013-92a14c548982@group-146C50BE7901-SegmentedRaftLog:OPENED:c-1,f-1,i0, conf=-1: [904f39be-c3d3-4df4-99c0-2e4526e577e3:192.168.157.254:45339, 52743044-8979-4a08-8013-92a14c548982:192.168.157.254:36428, 65da0c80-3604-4ac2-9a39-ee88d748a153:192.168.157.254:37466], old=null
2019-10-16 21:12:02,597 [52743044-8979-4a08-8013-92a14c548982@group-146C50BE7901-LeaderElection194] INFO  impl.LeaderElection (LeaderElection.java:askForVotes(178)) - 52743044-8979-4a08-8013-92a14c548982@group-146C50BE7901-LeaderElection194: begin an election at term 228 for -1: [904f39be-c3d3-4df4-99c0-2e4526e577e3:192.168.157.254:45339, 52743044-8979-4a08-8013-92a14c548982:192.168.157.254:36428, 65da0c80-3604-4ac2-9a39-ee88d748a153:192.168.157.254:37466], old=null
2019-10-16 21:12:02,599 [grpc-default-executor-1] INFO  impl.RaftServerImpl (RaftServerImpl.java:setRole(184)) - 904f39be-c3d3-4df4-99c0-2e4526e577e3@group-146C50BE7901: changes role from  FOLLOWER to FOLLOWER at term 228 for recognizeCandidate:52743044-8979-4a08-8013-92a14c548982
2019-10-16 21:12:02,599 [grpc-default-executor-1] INFO  impl.RoleInfo (RoleInfo.java:shutdownFollowerState(121)) - 904f39be-c3d3-4df4-99c0-2e4526e577e3: shutdown FollowerState
2019-10-16 21:12:02,599 [grpc-default-executor-0] INFO  impl.RaftServerImpl (RaftServerImpl.java:setRole(184)) - 65da0c80-3604-4ac2-9a39-ee88d748a153@group-146C50BE7901: changes role from  FOLLOWER to FOLLOWER at term 228 for recognizeCandidate:52743044-8979-4a08-8013-92a14c548982
2019-10-16 21:12:02,600 [grpc-default-executor-0] INFO  impl.RoleInfo (RoleInfo.java:shutdownFollowerState(121)) - 65da0c80-3604-4ac2-9a39-ee88d748a153: shutdown FollowerState
2019-10-16 21:12:02,599 [Thread-1556] INFO  impl.FollowerState (FollowerState.java:run(117)) - 904f39be-c3d3-4df4-99c0-2e4526e577e3@group-146C50BE7901-FollowerState was interrupted: java.lang.InterruptedException: sleep interrupted
2019-10-16 21:12:02,599 [grpc-default-executor-1] INFO  impl.RoleInfo (RoleInfo.java:updateAndGet(143)) - 904f39be-c3d3-4df4-99c0-2e4526e577e3: start FollowerState
2019-10-16 21:12:02,600 [Thread-1557] INFO  impl.FollowerState (FollowerState.java:run(117)) - 65da0c80-3604-4ac2-9a39-ee88d748a153@group-146C50BE7901-FollowerState was interrupted: java.lang.InterruptedException: sleep interrupted
2019-10-16 21:12:02,600 [grpc-default-executor-0] INFO  impl.RoleInfo (RoleInfo.java:updateAndGet(143)) - 65da0c80-3604-4ac2-9a39-ee88d748a153: start FollowerState
2019-10-16 21:12:02,622 [52743044-8979-4a08-8013-92a14c548982@group-146C50BE7901-LeaderElection194] INFO  impl.LeaderElection (LeaderElection.java:logAndReturn(56)) - 52743044-8979-4a08-8013-92a14c548982@group-146C50BE7901-LeaderElection194: Election TIMEOUT; received 0 response(s) [] and 0 exception(s); 52743044-8979-4a08-8013-92a14c548982@group-146C50BE7901:t228, leader=null, voted=52743044-8979-4a08-8013-92a14c548982, raftlog=52743044-8979-4a08-8013-92a14c548982@group-146C50BE7901-SegmentedRaftLog:OPENED:c-1,f-1,i0, conf=-1: [904f39be-c3d3-4df4-99c0-2e4526e577e3:192.168.157.254:45339, 52743044-8979-4a08-8013-92a14c548982:192.168.157.254:36428, 65da0c80-3604-4ac2-9a39-ee88d748a153:192.168.157.254:37466], old=null
2019-10-16 21:12:02,626 [52743044-8979-4a08-8013-92a14c548982@group-146C50BE7901-LeaderElection194] INFO  impl.LeaderElection (LeaderElection.java:askForVotes(178)) - 52743044-8979-4a08-8013-92a14c548982@group-146C50BE7901-LeaderElection194: begin an election at term 229 for -1: [904f39be-c3d3-4df4-99c0-2e4526e577e3:192.168.157.254:45339, 52743044-8979-4a08-8013-92a14c548982:192.168.157.254:36428, 65da0c80-3604-4ac2-9a39-ee88d748a153:192.168.157.254:37466], old=null
2019-10-16 21:12:02,627 [grpc-default-executor-1] INFO  impl.RaftServerImpl (RaftServerImpl.java:setRole(184)) - 904f39be-c3d3-4df4-99c0-2e4526e577e3@group-146C50BE7901: changes role from  FOLLOWER to FOLLOWER at term 229 for recognizeCandidate:52743044-8979-4a08-8013-92a14c548982
2019-10-16 21:12:02,628 [grpc-default-executor-1] INFO  impl.RoleInfo (RoleInfo.java:shutdownFollowerState(121)) - 904f39be-c3d3-4df4-99c0-2e4526e577e3: shutdown FollowerState
2019-10-16 21:12:02,628 [grpc-default-executor-1] INFO  impl.RoleInfo (RoleInfo.java:updateAndGet(143)) - 904f39be-c3d3-4df4-99c0-2e4526e577e3: start FollowerState
2019-10-16 21:12:02,628 [Thread-1560] INFO  impl.FollowerState (FollowerState.java:run(117)) - 904f39be-c3d3-4df4-99c0-2e4526e577e3@group-146C50BE7901-FollowerState was interrupted: java.lang.InterruptedException: sleep interrupted
2019-10-16 21:12:02,628 [grpc-default-executor-0] INFO  impl.RaftServerImpl (RaftServerImpl.java:setRole(184)) - 65da0c80-3604-4ac2-9a39-ee88d748a153@group-146C50BE7901: changes role from  FOLLOWER to FOLLOWER at term 229 for recognizeCandidate:52743044-8979-4a08-8013-92a14c548982
2019-10-16 21:12:02,628 [grpc-default-executor-0] INFO  impl.RoleInfo (RoleInfo.java:shutdownFollowerState(121)) - 65da0c80-3604-4ac2-9a39-ee88d748a153: shutdown FollowerState
2019-10-16 21:12:02,628 [grpc-default-executor-0] INFO  impl.RoleInfo (RoleInfo.java:updateAndGet(143)) - 65da0c80-3604-4ac2-9a39-ee88d748a153: start FollowerState
2019-10-16 21:12:02,629 [Thread-1561] INFO  impl.FollowerState (FollowerState.java:run(117)) - 65da0c80-3604-4ac2-9a39-ee88d748a153@group-146C50BE7901-FollowerState was interrupted: java.lang.InterruptedException: sleep interrupted
2019-10-16 21:12:02,666 [52743044-8979-4a08-8013-92a14c548982@group-146C50BE7901-LeaderElection194] INFO  impl.LeaderElection (LeaderElection.java:logAndReturn(56)) - 52743044-8979-4a08-8013-92a14c548982@group-146C50BE7901-LeaderElection194: Election TIMEOUT; received 0 response(s) [] and 0 exception(s); 52743044-8979-4a08-8013-92a14c548982@group-146C50BE7901:t229, leader=null, voted=52743044-8979-4a08-8013-92a14c548982, raftlog=52743044-8979-4a08-8013-92a14c548982@group-146C50BE7901-SegmentedRaftLog:OPENED:c-1,f-1,i0, conf=-1: [904f39be-c3d3-4df4-99c0-2e4526e577e3:192.168.157.254:45339, 52743044-8979-4a08-8013-92a14c548982:192.168.157.254:36428, 65da0c80-3604-4ac2-9a39-ee88d748a153:192.168.157.254:37466], old=null
2019-10-16 21:12:02,725 [52743044-8979-4a08-8013-92a14c548982@group-146C50BE7901-LeaderElection194] INFO  impl.LeaderElection (LeaderElection.java:askForVotes(178)) - 52743044-8979-4a08-8013-92a14c548982@group-146C50BE7901-LeaderElection194: begin an election at term 230 for -1: [904f39be-c3d3-4df4-99c0-2e4526e577e3:192.168.157.254:45339, 52743044-8979-4a08-8013-92a14c548982:192.168.157.254:36428, 65da0c80-3604-4ac2-9a39-ee88d748a153:192.168.157.254:37466], old=null
2019-10-16 21:12:02,728 [grpc-default-executor-0] INFO  impl.RaftServerImpl (RaftServerImpl.java:setRole(184)) - 904f39be-c3d3-4df4-99c0-2e4526e577e3@group-146C50BE7901: changes role from  FOLLOWER to FOLLOWER at term 230 for recognizeCandidate:52743044-8979-4a08-8013-92a14c548982
2019-10-16 21:12:02,728 [grpc-default-executor-0] INFO  impl.RoleInfo (RoleInfo.java:shutdownFollowerState(121)) - 904f39be-c3d3-4df4-99c0-2e4526e577e3: shutdown FollowerState
2019-10-16 21:12:02,728 [grpc-default-executor-0] INFO  impl.RoleInfo (RoleInfo.java:updateAndGet(143)) - 904f39be-c3d3-4df4-99c0-2e4526e577e3: start FollowerState
2019-10-16 21:12:02,728 [Thread-1564] INFO  impl.FollowerState (FollowerState.java:run(117)) - 904f39be-c3d3-4df4-99c0-2e4526e577e3@group-146C50BE7901-FollowerState was interrupted: java.lang.InterruptedException: sleep interrupted
2019-10-16 21:12:02,728 [grpc-default-executor-1] INFO  impl.RaftServerImpl (RaftServerImpl.java:setRole(184)) - 65da0c80-3604-4ac2-9a39-ee88d748a153@group-146C50BE7901: changes role from  FOLLOWER to FOLLOWER at term 230 for recognizeCandidate:52743044-8979-4a08-8013-92a14c548982
2019-10-16 21:12:02,728 [grpc-default-executor-1] INFO  impl.RoleInfo (RoleInfo.java:shutdownFollowerState(121)) - 65da0c80-3604-4ac2-9a39-ee88d748a153: shutdown FollowerState
2019-10-16 21:12:02,728 [grpc-default-executor-1] INFO  impl.RoleInfo (RoleInfo.java:updateAndGet(143)) - 65da0c80-3604-4ac2-9a39-ee88d748a153: start FollowerState
2019-10-16 21:12:02,729 [Thread-1565] INFO  impl.FollowerState (FollowerState.java:run(117)) - 65da0c80-3604-4ac2-9a39-ee88d748a153@group-146C50BE7901-FollowerState was interrupted: java.lang.InterruptedException: sleep interrupted
2019-10-16 21:12:02,770 [52743044-8979-4a08-8013-92a14c548982@group-146C50BE7901-LeaderElection194] INFO  impl.LeaderElection (LeaderElection.java:logAndReturn(56)) - 52743044-8979-4a08-8013-92a14c548982@group-146C50BE7901-LeaderElection194: Election REJECTED; received 2 response(s) [52743044-8979-4a08-8013-92a14c548982<-904f39be-c3d3-4df4-99c0-2e4526e577e3#0:FAIL-t230, 52743044-8979-4a08-8013-92a14c548982<-65da0c80-3604-4ac2-9a39-ee88d748a153#0:FAIL-t230] and 0 exception(s); 52743044-8979-4a08-8013-92a14c548982@group-146C50BE7901:t230, leader=null, voted=52743044-8979-4a08-8013-92a14c548982, raftlog=52743044-8979-4a08-8013-92a14c548982@group-146C50BE7901-SegmentedRaftLog:OPENED:c-1,f-1,i0, conf=-1: [904f39be-c3d3-4df4-99c0-2e4526e577e3:192.168.157.254:45339, 52743044-8979-4a08-8013-92a14c548982:192.168.157.254:36428, 65da0c80-3604-4ac2-9a39-ee88d748a153:192.168.157.254:37466], old=null
2019-10-16 21:12:02,770 [52743044-8979-4a08-8013-92a14c548982@group-146C50BE7901-LeaderElection194] INFO  impl.RaftServerImpl (RaftServerImpl.java:setRole(184)) - 52743044-8979-4a08-8013-92a14c548982@group-146C50BE7901: changes role from CANDIDATE to FOLLOWER at term 230 for DISCOVERED_A_NEW_TERM
2019-10-16 21:12:02,771 [52743044-8979-4a08-8013-92a14c548982@group-146C50BE7901-LeaderElection194] INFO  impl.RoleInfo (RoleInfo.java:shutdownLeaderElection(134)) - 52743044-8979-4a08-8013-92a14c548982: shutdown LeaderElection
2019-10-16 21:12:02,771 [52743044-8979-4a08-8013-92a14c548982@group-146C50BE7901-LeaderElection194] INFO  impl.RoleInfo (RoleInfo.java:updateAndGet(143)) - 52743044-8979-4a08-8013-92a14c548982: start FollowerState
2019-10-16 21:12:02,957 [Thread-1570] INFO  impl.FollowerState (FollowerState.java:run(108)) - 52743044-8979-4a08-8013-92a14c548982@group-146C50BE7901-FollowerState: change to CANDIDATE, lastRpcTime:186ms, electionTimeout:186ms
2019-10-16 21:12:02,957 [Thread-1570] INFO  impl.RoleInfo (RoleInfo.java:shutdownFollowerState(121)) - 52743044-8979-4a08-8013-92a14c548982: shutdown FollowerState
2019-10-16 21:12:02,957 [Thread-1570] INFO  impl.RaftServerImpl (RaftServerImpl.java:setRole(184)) - 52743044-8979-4a08-8013-92a14c548982@group-146C50BE7901: changes role from  FOLLOWER to CANDIDATE at term 230 for changeToCandidate
2019-10-16 21:12:02,958 [Thread-1570] INFO  impl.RoleInfo (RoleInfo.java:updateAndGet(143)) - 52743044-8979-4a08-8013-92a14c548982: start LeaderElection
2019-10-16 21:12:02,971 [52743044-8979-4a08-8013-92a14c548982@group-146C50BE7901-LeaderElection195] INFO  impl.LeaderElection (LeaderElection.java:askForVotes(178)) - 52743044-8979-4a08-8013-92a14c548982@group-146C50BE7901-LeaderElection195: begin an election at term 231 for -1: [904f39be-c3d3-4df4-99c0-2e4526e577e3:192.168.157.254:45339, 52743044-8979-4a08-8013-92a14c548982:192.168.157.254:36428, 65da0c80-3604-4ac2-9a39-ee88d748a153:192.168.157.254:37466], old=null
2019-10-16 21:12:02,973 [grpc-default-executor-0] INFO  impl.RaftServerImpl (RaftServerImpl.java:setRole(184)) - 904f39be-c3d3-4df4-99c0-2e4526e577e3@group-146C50BE7901: changes role from  FOLLOWER to FOLLOWER at term 231 for recognizeCandidate:52743044-8979-4a08-8013-92a14c548982
2019-10-16 21:12:02,974 [grpc-default-executor-0] INFO  impl.RoleInfo (RoleInfo.java:shutdownFollowerState(121)) - 904f39be-c3d3-4df4-99c0-2e4526e577e3: shutdown FollowerState
2019-10-16 21:12:02,974 [grpc-default-executor-0] INFO  impl.RoleInfo (RoleInfo.java:updateAndGet(143)) - 904f39be-c3d3-4df4-99c0-2e4526e577e3: start FollowerState
2019-10-16 21:12:02,974 [grpc-default-executor-1] INFO  impl.RaftServerImpl (RaftServerImpl.java:setRole(184)) - 65da0c80-3604-4ac2-9a39-ee88d748a153@group-146C50BE7901: changes role from  FOLLOWER to FOLLOWER at term 231 for recognizeCandidate:52743044-8979-4a08-8013-92a14c548982
2019-10-16 21:12:02,974 [grpc-default-executor-1] INFO  impl.RoleInfo (RoleInfo.java:shutdownFollowerState(121)) - 65da0c80-3604-4ac2-9a39-ee88d748a153: shutdown FollowerState
2019-10-16 21:12:02,974 [Thread-1568] INFO  impl.FollowerState (FollowerState.java:run(117)) - 904f39be-c3d3-4df4-99c0-2e4526e577e3@group-146C50BE7901-FollowerState was interrupted: java.lang.InterruptedException: sleep interrupted
2019-10-16 21:12:02,974 [grpc-default-executor-1] INFO  impl.RoleInfo (RoleInfo.java:updateAndGet(143)) - 65da0c80-3604-4ac2-9a39-ee88d748a153: start FollowerState
2019-10-16 21:12:02,974 [Thread-1569] INFO  impl.FollowerState (FollowerState.java:run(117)) - 65da0c80-3604-4ac2-9a39-ee88d748a153@group-146C50BE7901-FollowerState was interrupted: java.lang.InterruptedException: sleep interrupted
2019-10-16 21:12:02,999 [52743044-8979-4a08-8013-92a14c548982@group-146C50BE7901-LeaderElection195] INFO  impl.LeaderElection (LeaderElection.java:logAndReturn(56)) - 52743044-8979-4a08-8013-92a14c548982@group-146C50BE7901-LeaderElection195: Election REJECTED; received 2 response(s) [52743044-8979-4a08-8013-92a14c548982<-904f39be-c3d3-4df4-99c0-2e4526e577e3#0:FAIL-t231, 52743044-8979-4a08-8013-92a14c548982<-65da0c80-3604-4ac2-9a39-ee88d748a153#0:FAIL-t231] and 0 exception(s); 52743044-8979-4a08-8013-92a14c548982@group-146C50BE7901:t231, leader=null, voted=52743044-8979-4a08-8013-92a14c548982, raftlog=52743044-8979-4a08-8013-92a14c548982@group-146C50BE7901-SegmentedRaftLog:OPENED:c-1,f-1,i0, conf=-1: [904f39be-c3d3-4df4-99c0-2e4526e577e3:192.168.157.254:45339, 52743044-8979-4a08-8013-92a14c548982:192.168.157.254:36428, 65da0c80-3604-4ac2-9a39-ee88d748a153:192.168.157.254:37466], old=null
2019-10-16 21:12:02,999 [52743044-8979-4a08-8013-92a14c548982@group-146C50BE7901-LeaderElection195] INFO  impl.RaftServerImpl (RaftServerImpl.java:setRole(184)) - 52743044-8979-4a08-8013-92a14c548982@group-146C50BE7901: changes role from CANDIDATE to FOLLOWER at term 231 for DISCOVERED_A_NEW_TERM
2019-10-16 21:12:02,999 [52743044-8979-4a08-8013-92a14c548982@group-146C50BE7901-LeaderElection195] INFO  impl.RoleInfo (RoleInfo.java:shutdownLeaderElection(134)) - 52743044-8979-4a08-8013-92a14c548982: shutdown LeaderElection
2019-10-16 21:12:03,000 [52743044-8979-4a08-8013-92a14c548982@group-146C50BE7901-LeaderElection195] INFO  impl.RoleInfo (RoleInfo.java:updateAndGet(143)) - 52743044-8979-4a08-8013-92a14c548982: start FollowerState
2019-10-16 21:12:03,089 [Thread-1576] INFO  impl.FollowerState (FollowerState.java:run(108)) - 52743044-8979-4a08-8013-92a14c548982@group-146C50BE7901-FollowerState: change to CANDIDATE, lastRpcTime:89ms, electionTimeout:89ms
2019-10-16 21:12:03,089 [Thread-1576] INFO  impl.RoleInfo (RoleInfo.java:shutdownFollowerState(121)) - 52743044-8979-4a08-8013-92a14c548982: shutdown FollowerState
2019-10-16 21:12:03,090 [Thread-1576] INFO  impl.RaftServerImpl (RaftServerImpl.java:setRole(184)) - 52743044-8979-4a08-8013-92a14c548982@group-146C50BE7901: changes role from  FOLLOWER to CANDIDATE at term 231 for changeToCandidate
2019-10-16 21:12:03,090 [Thread-1576] INFO  impl.RoleInfo (RoleInfo.java:updateAndGet(143)) - 52743044-8979-4a08-8013-92a14c548982: start LeaderElection
2019-10-16 21:12:03,126 [52743044-8979-4a08-8013-92a14c548982@group-146C50BE7901-LeaderElection196] INFO  impl.LeaderElection (LeaderElection.java:askForVotes(178)) - 52743044-8979-4a08-8013-92a14c548982@group-146C50BE7901-LeaderElection196: begin an election at term 232 for -1: [904f39be-c3d3-4df4-99c0-2e4526e577e3:192.168.157.254:45339, 52743044-8979-4a08-8013-92a14c548982:192.168.157.254:36428, 65da0c80-3604-4ac2-9a39-ee88d748a153:192.168.157.254:37466], old=null
2019-10-16 21:12:03,129 [grpc-default-executor-1] INFO  impl.RaftServerImpl (RaftServerImpl.java:setRole(184)) - 65da0c80-3604-4ac2-9a39-ee88d748a153@group-146C50BE7901: changes role from  FOLLOWER to FOLLOWER at term 232 for recognizeCandidate:52743044-8979-4a08-8013-92a14c548982
2019-10-16 21:12:03,129 [grpc-default-executor-1] INFO  impl.RoleInfo (RoleInfo.java:shutdownFollowerState(121)) - 65da0c80-3604-4ac2-9a39-ee88d748a153: shutdown FollowerState
2019-10-16 21:12:03,129 [grpc-default-executor-1] INFO  impl.RoleInfo (RoleInfo.java:updateAndGet(143)) - 65da0c80-3604-4ac2-9a39-ee88d748a153: start FollowerState
2019-10-16 21:12:03,129 [Thread-1575] INFO  impl.FollowerState (FollowerState.java:run(117)) - 65da0c80-3604-4ac2-9a39-ee88d748a153@group-146C50BE7901-FollowerState was interrupted: java.lang.InterruptedException: sleep interrupted
2019-10-16 21:12:03,129 [grpc-default-executor-0] INFO  impl.RaftServerImpl (RaftServerImpl.java:setRole(184)) - 904f39be-c3d3-4df4-99c0-2e4526e577e3@group-146C50BE7901: changes role from  FOLLOWER to FOLLOWER at term 232 for recognizeCandidate:52743044-8979-4a08-8013-92a14c548982
2019-10-16 21:12:03,130 [grpc-default-executor-0] INFO  impl.RoleInfo (RoleInfo.java:shutdownFollowerState(121)) - 904f39be-c3d3-4df4-99c0-2e4526e577e3: shutdown FollowerState
2019-10-16 21:12:03,130 [grpc-default-executor-0] INFO  impl.RoleInfo (RoleInfo.java:updateAndGet(143)) - 904f39be-c3d3-4df4-99c0-2e4526e577e3: start FollowerState
2019-10-16 21:12:03,130 [Thread-1574] INFO  impl.FollowerState (FollowerState.java:run(117)) - 904f39be-c3d3-4df4-99c0-2e4526e577e3@group-146C50BE7901-FollowerState was interrupted: java.lang.InterruptedException: sleep interrupted
2019-10-16 21:12:03,162 [52743044-8979-4a08-8013-92a14c548982@group-146C50BE7901-LeaderElection196] INFO  impl.LeaderElection (LeaderElection.java:logAndReturn(56)) - 52743044-8979-4a08-8013-92a14c548982@group-146C50BE7901-LeaderElection196: Election TIMEOUT; received 0 response(s) [] and 0 exception(s); 52743044-8979-4a08-8013-92a14c548982@group-146C50BE7901:t232, leader=null, voted=52743044-8979-4a08-8013-92a14c548982, raftlog=52743044-8979-4a08-8013-92a14c548982@group-146C50BE7901-SegmentedRaftLog:OPENED:c-1,f-1,i0, conf=-1: [904f39be-c3d3-4df4-99c0-2e4526e577e3:192.168.157.254:45339, 52743044-8979-4a08-8013-92a14c548982:192.168.157.254:36428, 65da0c80-3604-4ac2-9a39-ee88d748a153:192.168.157.254:37466], old=null
2019-10-16 21:12:03,207 [52743044-8979-4a08-8013-92a14c548982@group-146C50BE7901-LeaderElection196] INFO  impl.LeaderElection (LeaderElection.java:askForVotes(178)) - 52743044-8979-4a08-8013-92a14c548982@group-146C50BE7901-LeaderElection196: begin an election at term 233 for -1: [904f39be-c3d3-4df4-99c0-2e4526e577e3:192.168.157.254:45339, 52743044-8979-4a08-8013-92a14c548982:192.168.157.254:36428, 65da0c80-3604-4ac2-9a39-ee88d748a153:192.168.157.254:37466], old=null
2019-10-16 21:12:03,209 [grpc-default-executor-0] INFO  impl.RaftServerImpl (RaftServerImpl.java:setRole(184)) - 904f39be-c3d3-4df4-99c0-2e4526e577e3@group-146C50BE7901: changes role from  FOLLOWER to FOLLOWER at term 233 for recognizeCandidate:52743044-8979-4a08-8013-92a14c548982
2019-10-16 21:12:03,209 [grpc-default-executor-0] INFO  impl.RoleInfo (RoleInfo.java:shutdownFollowerState(121)) - 904f39be-c3d3-4df4-99c0-2e4526e577e3: shutdown FollowerState
2019-10-16 21:12:03,209 [grpc-default-executor-0] INFO  impl.RoleInfo (RoleInfo.java:updateAndGet(143)) - 904f39be-c3d3-4df4-99c0-2e4526e577e3: start FollowerState
2019-10-16 21:12:03,209 [Thread-1581] INFO  impl.FollowerState (FollowerState.java:run(117)) - 904f39be-c3d3-4df4-99c0-2e4526e577e3@group-146C50BE7901-FollowerState was interrupted: java.lang.InterruptedException: sleep interrupted
2019-10-16 21:12:03,209 [grpc-default-executor-1] INFO  impl.RaftServerImpl (RaftServerImpl.java:setRole(184)) - 65da0c80-3604-4ac2-9a39-ee88d748a153@group-146C50BE7901: changes role from  FOLLOWER to FOLLOWER at term 233 for recognizeCandidate:52743044-8979-4a08-8013-92a14c548982
2019-10-16 21:12:03,209 [grpc-default-executor-1] INFO  impl.RoleInfo (RoleInfo.java:shutdownFollowerState(121)) - 65da0c80-3604-4ac2-9a39-ee88d748a153: shutdown FollowerState
2019-10-16 21:12:03,210 [grpc-default-executor-1] INFO  impl.RoleInfo (RoleInfo.java:updateAndGet(143)) - 65da0c80-3604-4ac2-9a39-ee88d748a153: start FollowerState
2019-10-16 21:12:03,210 [Thread-1580] INFO  impl.FollowerState (FollowerState.java:run(117)) - 65da0c80-3604-4ac2-9a39-ee88d748a153@group-146C50BE7901-FollowerState was interrupted: java.lang.InterruptedException: sleep interrupted
2019-10-16 21:12:03,211 [main] INFO  ozone.MiniOzoneClusterImpl (MiniOzoneClusterImpl.java:lambda$waitForClusterToBeReady$2(164)) - Waiting for 1 number of pipelines out of 4, to report a leader.
2019-10-16 21:12:03,218 [52743044-8979-4a08-8013-92a14c548982@group-146C50BE7901-LeaderElection196] INFO  impl.LeaderElection (LeaderElection.java:logAndReturn(56)) - 52743044-8979-4a08-8013-92a14c548982@group-146C50BE7901-LeaderElection196: Election TIMEOUT; received 0 response(s) [] and 0 exception(s); 52743044-8979-4a08-8013-92a14c548982@group-146C50BE7901:t233, leader=null, voted=52743044-8979-4a08-8013-92a14c548982, raftlog=52743044-8979-4a08-8013-92a14c548982@group-146C50BE7901-SegmentedRaftLog:OPENED:c-1,f-1,i0, conf=-1: [904f39be-c3d3-4df4-99c0-2e4526e577e3:192.168.157.254:45339, 52743044-8979-4a08-8013-92a14c548982:192.168.157.254:36428, 65da0c80-3604-4ac2-9a39-ee88d748a153:192.168.157.254:37466], old=null
2019-10-16 21:12:03,223 [52743044-8979-4a08-8013-92a14c548982@group-146C50BE7901-LeaderElection196] INFO  impl.LeaderElection (LeaderElection.java:askForVotes(178)) - 52743044-8979-4a08-8013-92a14c548982@group-146C50BE7901-LeaderElection196: begin an election at term 234 for -1: [904f39be-c3d3-4df4-99c0-2e4526e577e3:192.168.157.254:45339, 52743044-8979-4a08-8013-92a14c548982:192.168.157.254:36428, 65da0c80-3604-4ac2-9a39-ee88d748a153:192.168.157.254:37466], old=null
2019-10-16 21:12:03,225 [grpc-default-executor-1] INFO  impl.RaftServerImpl (RaftServerImpl.java:setRole(184)) - 904f39be-c3d3-4df4-99c0-2e4526e577e3@group-146C50BE7901: changes role from  FOLLOWER to FOLLOWER at term 234 for recognizeCandidate:52743044-8979-4a08-8013-92a14c548982
2019-10-16 21:12:03,226 [grpc-default-executor-1] INFO  impl.RoleInfo (RoleInfo.java:shutdownFollowerState(121)) - 904f39be-c3d3-4df4-99c0-2e4526e577e3: shutdown FollowerState
2019-10-16 21:12:03,226 [grpc-default-executor-1] INFO  impl.RoleInfo (RoleInfo.java:updateAndGet(143)) - 904f39be-c3d3-4df4-99c0-2e4526e577e3: start FollowerState
2019-10-16 21:12:03,226 [Thread-1584] INFO  impl.FollowerState (FollowerState.java:run(117)) - 904f39be-c3d3-4df4-99c0-2e4526e577e3@group-146C50BE7901-FollowerState was interrupted: java.lang.InterruptedException: sleep interrupted
2019-10-16 21:12:03,226 [grpc-default-executor-0] INFO  impl.RaftServerImpl (RaftServerImpl.java:setRole(184)) - 65da0c80-3604-4ac2-9a39-ee88d748a153@group-146C50BE7901: changes role from  FOLLOWER to FOLLOWER at term 234 for recognizeCandidate:52743044-8979-4a08-8013-92a14c548982
2019-10-16 21:12:03,226 [grpc-default-executor-0] INFO  impl.RoleInfo (RoleInfo.java:shutdownFollowerState(121)) - 65da0c80-3604-4ac2-9a39-ee88d748a153: shutdown FollowerState
2019-10-16 21:12:03,226 [grpc-default-executor-0] INFO  impl.RoleInfo (RoleInfo.java:updateAndGet(143)) - 65da0c80-3604-4ac2-9a39-ee88d748a153: start FollowerState
2019-10-16 21:12:03,227 [Thread-1585] INFO  impl.FollowerState (FollowerState.java:run(117)) - 65da0c80-3604-4ac2-9a39-ee88d748a153@group-146C50BE7901-FollowerState was interrupted: java.lang.InterruptedException: sleep interrupted
2019-10-16 21:12:03,241 [52743044-8979-4a08-8013-92a14c548982@group-146C50BE7901-LeaderElection196] INFO  impl.LeaderElection (LeaderElection.java:logAndReturn(56)) - 52743044-8979-4a08-8013-92a14c548982@group-146C50BE7901-LeaderElection196: Election REJECTED; received 2 response(s) [52743044-8979-4a08-8013-92a14c548982<-904f39be-c3d3-4df4-99c0-2e4526e577e3#0:FAIL-t234, 52743044-8979-4a08-8013-92a14c548982<-65da0c80-3604-4ac2-9a39-ee88d748a153#0:FAIL-t234] and 0 exception(s); 52743044-8979-4a08-8013-92a14c548982@group-146C50BE7901:t234, leader=null, voted=52743044-8979-4a08-8013-92a14c548982, raftlog=52743044-8979-4a08-8013-92a14c548982@group-146C50BE7901-SegmentedRaftLog:OPENED:c-1,f-1,i0, conf=-1: [904f39be-c3d3-4df4-99c0-2e4526e577e3:192.168.157.254:45339, 52743044-8979-4a08-8013-92a14c548982:192.168.157.254:36428, 65da0c80-3604-4ac2-9a39-ee88d748a153:192.168.157.254:37466], old=null
2019-10-16 21:12:03,241 [52743044-8979-4a08-8013-92a14c548982@group-146C50BE7901-LeaderElection196] INFO  impl.RaftServerImpl (RaftServerImpl.java:setRole(184)) - 52743044-8979-4a08-8013-92a14c548982@group-146C50BE7901: changes role from CANDIDATE to FOLLOWER at term 234 for DISCOVERED_A_NEW_TERM
2019-10-16 21:12:03,241 [52743044-8979-4a08-8013-92a14c548982@group-146C50BE7901-LeaderElection196] INFO  impl.RoleInfo (RoleInfo.java:shutdownLeaderElection(134)) - 52743044-8979-4a08-8013-92a14c548982: shutdown LeaderElection
2019-10-16 21:12:03,241 [52743044-8979-4a08-8013-92a14c548982@group-146C50BE7901-LeaderElection196] INFO  impl.RoleInfo (RoleInfo.java:updateAndGet(143)) - 52743044-8979-4a08-8013-92a14c548982: start FollowerState
2019-10-16 21:12:03,388 [Thread-1590] INFO  impl.FollowerState (FollowerState.java:run(108)) - 52743044-8979-4a08-8013-92a14c548982@group-146C50BE7901-FollowerState: change to CANDIDATE, lastRpcTime:147ms, electionTimeout:147ms
2019-10-16 21:12:03,389 [Thread-1590] INFO  impl.RoleInfo (RoleInfo.java:shutdownFollowerState(121)) - 52743044-8979-4a08-8013-92a14c548982: shutdown FollowerState
2019-10-16 21:12:03,389 [Thread-1590] INFO  impl.RaftServerImpl (RaftServerImpl.java:setRole(184)) - 52743044-8979-4a08-8013-92a14c548982@group-146C50BE7901: changes role from  FOLLOWER to CANDIDATE at term 234 for changeToCandidate
2019-10-16 21:12:03,389 [Thread-1590] INFO  impl.RoleInfo (RoleInfo.java:updateAndGet(143)) - 52743044-8979-4a08-8013-92a14c548982: start LeaderElection
2019-10-16 21:12:03,439 [52743044-8979-4a08-8013-92a14c548982@group-146C50BE7901-LeaderElection197] INFO  impl.LeaderElection (LeaderElection.java:askForVotes(178)) - 52743044-8979-4a08-8013-92a14c548982@group-146C50BE7901-LeaderElection197: begin an election at term 235 for -1: [904f39be-c3d3-4df4-99c0-2e4526e577e3:192.168.157.254:45339, 52743044-8979-4a08-8013-92a14c548982:192.168.157.254:36428, 65da0c80-3604-4ac2-9a39-ee88d748a153:192.168.157.254:37466], old=null
2019-10-16 21:12:03,441 [grpc-default-executor-1] INFO  impl.RaftServerImpl (RaftServerImpl.java:setRole(184)) - 904f39be-c3d3-4df4-99c0-2e4526e577e3@group-146C50BE7901: changes role from  FOLLOWER to FOLLOWER at term 235 for recognizeCandidate:52743044-8979-4a08-8013-92a14c548982
2019-10-16 21:12:03,441 [grpc-default-executor-1] INFO  impl.RoleInfo (RoleInfo.java:shutdownFollowerState(121)) - 904f39be-c3d3-4df4-99c0-2e4526e577e3: shutdown FollowerState
2019-10-16 21:12:03,442 [grpc-default-executor-1] INFO  impl.RoleInfo (RoleInfo.java:updateAndGet(143)) - 904f39be-c3d3-4df4-99c0-2e4526e577e3: start FollowerState
2019-10-16 21:12:03,442 [Thread-1588] INFO  impl.FollowerState (FollowerState.java:run(117)) - 904f39be-c3d3-4df4-99c0-2e4526e577e3@group-146C50BE7901-FollowerState was interrupted: java.lang.InterruptedException: sleep interrupted
2019-10-16 21:12:03,443 [grpc-default-executor-0] INFO  impl.RaftServerImpl (RaftServerImpl.java:setRole(184)) - 65da0c80-3604-4ac2-9a39-ee88d748a153@group-146C50BE7901: changes role from  FOLLOWER to FOLLOWER at term 235 for recognizeCandidate:52743044-8979-4a08-8013-92a14c548982
2019-10-16 21:12:03,443 [grpc-default-executor-0] INFO  impl.RoleInfo (RoleInfo.java:shutdownFollowerState(121)) - 65da0c80-3604-4ac2-9a39-ee88d748a153: shutdown FollowerState
2019-10-16 21:12:03,443 [grpc-default-executor-0] INFO  impl.RoleInfo (RoleInfo.java:updateAndGet(143)) - 65da0c80-3604-4ac2-9a39-ee88d748a153: start FollowerState
2019-10-16 21:12:03,443 [Thread-1589] INFO  impl.FollowerState (FollowerState.java:run(117)) - 65da0c80-3604-4ac2-9a39-ee88d748a153@group-146C50BE7901-FollowerState was interrupted: java.lang.InterruptedException: sleep interrupted
2019-10-16 21:12:03,458 [52743044-8979-4a08-8013-92a14c548982@group-146C50BE7901-LeaderElection197] INFO  impl.LeaderElection (LeaderElection.java:logAndReturn(56)) - 52743044-8979-4a08-8013-92a14c548982@group-146C50BE7901-LeaderElection197: Election TIMEOUT; received 0 response(s) [] and 0 exception(s); 52743044-8979-4a08-8013-92a14c548982@group-146C50BE7901:t235, leader=null, voted=52743044-8979-4a08-8013-92a14c548982, raftlog=52743044-8979-4a08-8013-92a14c548982@group-146C50BE7901-SegmentedRaftLog:OPENED:c-1,f-1,i0, conf=-1: [904f39be-c3d3-4df4-99c0-2e4526e577e3:192.168.157.254:45339, 52743044-8979-4a08-8013-92a14c548982:192.168.157.254:36428, 65da0c80-3604-4ac2-9a39-ee88d748a153:192.168.157.254:37466], old=null
2019-10-16 21:12:03,497 [52743044-8979-4a08-8013-92a14c548982@group-146C50BE7901-LeaderElection197] INFO  impl.LeaderElection (LeaderElection.java:askForVotes(178)) - 52743044-8979-4a08-8013-92a14c548982@group-146C50BE7901-LeaderElection197: begin an election at term 236 for -1: [904f39be-c3d3-4df4-99c0-2e4526e577e3:192.168.157.254:45339, 52743044-8979-4a08-8013-92a14c548982:192.168.157.254:36428, 65da0c80-3604-4ac2-9a39-ee88d748a153:192.168.157.254:37466], old=null
2019-10-16 21:12:03,499 [grpc-default-executor-0] INFO  impl.RaftServerImpl (RaftServerImpl.java:setRole(184)) - 904f39be-c3d3-4df4-99c0-2e4526e577e3@group-146C50BE7901: changes role from  FOLLOWER to FOLLOWER at term 236 for recognizeCandidate:52743044-8979-4a08-8013-92a14c548982
2019-10-16 21:12:03,500 [grpc-default-executor-0] INFO  impl.RoleInfo (RoleInfo.java:shutdownFollowerState(121)) - 904f39be-c3d3-4df4-99c0-2e4526e577e3: shutdown FollowerState
2019-10-16 21:12:03,500 [grpc-default-executor-1] INFO  impl.RaftServerImpl (RaftServerImpl.java:setRole(184)) - 65da0c80-3604-4ac2-9a39-ee88d748a153@group-146C50BE7901: changes role from  FOLLOWER to FOLLOWER at term 236 for recognizeCandidate:52743044-8979-4a08-8013-92a14c548982
2019-10-16 21:12:03,500 [Thread-1594] INFO  impl.FollowerState (FollowerState.java:run(117)) - 904f39be-c3d3-4df4-99c0-2e4526e577e3@group-146C50BE7901-FollowerState was interrupted: java.lang.InterruptedException: sleep interrupted
2019-10-16 21:12:03,500 [grpc-default-executor-0] INFO  impl.RoleInfo (RoleInfo.java:updateAndGet(143)) - 904f39be-c3d3-4df4-99c0-2e4526e577e3: start FollowerState
2019-10-16 21:12:03,500 [grpc-default-executor-1] INFO  impl.RoleInfo (RoleInfo.java:shutdownFollowerState(121)) - 65da0c80-3604-4ac2-9a39-ee88d748a153: shutdown FollowerState
2019-10-16 21:12:03,500 [grpc-default-executor-1] INFO  impl.RoleInfo (RoleInfo.java:updateAndGet(143)) - 65da0c80-3604-4ac2-9a39-ee88d748a153: start FollowerState
2019-10-16 21:12:03,500 [Thread-1595] INFO  impl.FollowerState (FollowerState.java:run(117)) - 65da0c80-3604-4ac2-9a39-ee88d748a153@group-146C50BE7901-FollowerState was interrupted: java.lang.InterruptedException: sleep interrupted
2019-10-16 21:12:03,545 [52743044-8979-4a08-8013-92a14c548982@group-146C50BE7901-LeaderElection197] INFO  impl.LeaderElection (LeaderElection.java:logAndReturn(56)) - 52743044-8979-4a08-8013-92a14c548982@group-146C50BE7901-LeaderElection197: Election REJECTED; received 2 response(s) [52743044-8979-4a08-8013-92a14c548982<-904f39be-c3d3-4df4-99c0-2e4526e577e3#0:FAIL-t236, 52743044-8979-4a08-8013-92a14c548982<-65da0c80-3604-4ac2-9a39-ee88d748a153#0:FAIL-t236] and 0 exception(s); 52743044-8979-4a08-8013-92a14c548982@group-146C50BE7901:t236, leader=null, voted=52743044-8979-4a08-8013-92a14c548982, raftlog=52743044-8979-4a08-8013-92a14c548982@group-146C50BE7901-SegmentedRaftLog:OPENED:c-1,f-1,i0, conf=-1: [904f39be-c3d3-4df4-99c0-2e4526e577e3:192.168.157.254:45339, 52743044-8979-4a08-8013-92a14c548982:192.168.157.254:36428, 65da0c80-3604-4ac2-9a39-ee88d748a153:192.168.157.254:37466], old=null
2019-10-16 21:12:03,545 [52743044-8979-4a08-8013-92a14c548982@group-146C50BE7901-LeaderElection197] INFO  impl.RaftServerImpl (RaftServerImpl.java:setRole(184)) - 52743044-8979-4a08-8013-92a14c548982@group-146C50BE7901: changes role from CANDIDATE to FOLLOWER at term 236 for DISCOVERED_A_NEW_TERM
2019-10-16 21:12:03,545 [52743044-8979-4a08-8013-92a14c548982@group-146C50BE7901-LeaderElection197] INFO  impl.RoleInfo (RoleInfo.java:shutdownLeaderElection(134)) - 52743044-8979-4a08-8013-92a14c548982: shutdown LeaderElection
2019-10-16 21:12:03,545 [52743044-8979-4a08-8013-92a14c548982@group-146C50BE7901-LeaderElection197] INFO  impl.RoleInfo (RoleInfo.java:updateAndGet(143)) - 52743044-8979-4a08-8013-92a14c548982: start FollowerState
2019-10-16 21:12:03,681 [Thread-1600] INFO  impl.FollowerState (FollowerState.java:run(108)) - 52743044-8979-4a08-8013-92a14c548982@group-146C50BE7901-FollowerState: change to CANDIDATE, lastRpcTime:135ms, electionTimeout:135ms
2019-10-16 21:12:03,681 [Thread-1600] INFO  impl.RoleInfo (RoleInfo.java:shutdownFollowerState(121)) - 52743044-8979-4a08-8013-92a14c548982: shutdown FollowerState
2019-10-16 21:12:03,681 [Thread-1600] INFO  impl.RaftServerImpl (RaftServerImpl.java:setRole(184)) - 52743044-8979-4a08-8013-92a14c548982@group-146C50BE7901: changes role from  FOLLOWER to CANDIDATE at term 236 for changeToCandidate
2019-10-16 21:12:03,681 [Thread-1600] INFO  impl.RoleInfo (RoleInfo.java:updateAndGet(143)) - 52743044-8979-4a08-8013-92a14c548982: start LeaderElection
2019-10-16 21:12:03,711 [52743044-8979-4a08-8013-92a14c548982@group-146C50BE7901-LeaderElection198] INFO  impl.LeaderElection (LeaderElection.java:askForVotes(178)) - 52743044-8979-4a08-8013-92a14c548982@group-146C50BE7901-LeaderElection198: begin an election at term 237 for -1: [904f39be-c3d3-4df4-99c0-2e4526e577e3:192.168.157.254:45339, 52743044-8979-4a08-8013-92a14c548982:192.168.157.254:36428, 65da0c80-3604-4ac2-9a39-ee88d748a153:192.168.157.254:37466], old=null
2019-10-16 21:12:03,713 [grpc-default-executor-0] INFO  impl.RaftServerImpl (RaftServerImpl.java:setRole(184)) - 904f39be-c3d3-4df4-99c0-2e4526e577e3@group-146C50BE7901: changes role from  FOLLOWER to FOLLOWER at term 237 for recognizeCandidate:52743044-8979-4a08-8013-92a14c548982
2019-10-16 21:12:03,713 [grpc-default-executor-0] INFO  impl.RoleInfo (RoleInfo.java:shutdownFollowerState(121)) - 904f39be-c3d3-4df4-99c0-2e4526e577e3: shutdown FollowerState
2019-10-16 21:12:03,713 [grpc-default-executor-1] INFO  impl.RaftServerImpl (RaftServerImpl.java:setRole(184)) - 65da0c80-3604-4ac2-9a39-ee88d748a153@group-146C50BE7901: changes role from  FOLLOWER to FOLLOWER at term 237 for recognizeCandidate:52743044-8979-4a08-8013-92a14c548982
2019-10-16 21:12:03,713 [Thread-1598] INFO  impl.FollowerState (FollowerState.java:run(117)) - 904f39be-c3d3-4df4-99c0-2e4526e577e3@group-146C50BE7901-FollowerState was interrupted: java.lang.InterruptedException: sleep interrupted
2019-10-16 21:12:03,713 [grpc-default-executor-0] INFO  impl.RoleInfo (RoleInfo.java:updateAndGet(143)) - 904f39be-c3d3-4df4-99c0-2e4526e577e3: start FollowerState
2019-10-16 21:12:03,713 [grpc-default-executor-1] INFO  impl.RoleInfo (RoleInfo.java:shutdownFollowerState(121)) - 65da0c80-3604-4ac2-9a39-ee88d748a153: shutdown FollowerState
2019-10-16 21:12:03,714 [grpc-default-executor-1] INFO  impl.RoleInfo (RoleInfo.java:updateAndGet(143)) - 65da0c80-3604-4ac2-9a39-ee88d748a153: start FollowerState
2019-10-16 21:12:03,714 [Thread-1599] INFO  impl.FollowerState (FollowerState.java:run(117)) - 65da0c80-3604-4ac2-9a39-ee88d748a153@group-146C50BE7901-FollowerState was interrupted: java.lang.InterruptedException: sleep interrupted
2019-10-16 21:12:03,714 [52743044-8979-4a08-8013-92a14c548982@group-146C50BE7901-LeaderElection198] INFO  impl.LeaderElection (LeaderElection.java:logAndReturn(56)) - 52743044-8979-4a08-8013-92a14c548982@group-146C50BE7901-LeaderElection198: Election TIMEOUT; received 0 response(s) [] and 0 exception(s); 52743044-8979-4a08-8013-92a14c548982@group-146C50BE7901:t237, leader=null, voted=52743044-8979-4a08-8013-92a14c548982, raftlog=52743044-8979-4a08-8013-92a14c548982@group-146C50BE7901-SegmentedRaftLog:OPENED:c-1,f-1,i0, conf=-1: [904f39be-c3d3-4df4-99c0-2e4526e577e3:192.168.157.254:45339, 52743044-8979-4a08-8013-92a14c548982:192.168.157.254:36428, 65da0c80-3604-4ac2-9a39-ee88d748a153:192.168.157.254:37466], old=null
2019-10-16 21:12:03,756 [52743044-8979-4a08-8013-92a14c548982@group-146C50BE7901-LeaderElection198] INFO  impl.LeaderElection (LeaderElection.java:askForVotes(178)) - 52743044-8979-4a08-8013-92a14c548982@group-146C50BE7901-LeaderElection198: begin an election at term 238 for -1: [904f39be-c3d3-4df4-99c0-2e4526e577e3:192.168.157.254:45339, 52743044-8979-4a08-8013-92a14c548982:192.168.157.254:36428, 65da0c80-3604-4ac2-9a39-ee88d748a153:192.168.157.254:37466], old=null
2019-10-16 21:12:03,758 [grpc-default-executor-0] INFO  impl.RaftServerImpl (RaftServerImpl.java:setRole(184)) - 904f39be-c3d3-4df4-99c0-2e4526e577e3@group-146C50BE7901: changes role from  FOLLOWER to FOLLOWER at term 238 for recognizeCandidate:52743044-8979-4a08-8013-92a14c548982
2019-10-16 21:12:03,758 [grpc-default-executor-0] INFO  impl.RoleInfo (RoleInfo.java:shutdownFollowerState(121)) - 904f39be-c3d3-4df4-99c0-2e4526e577e3: shutdown FollowerState
2019-10-16 21:12:03,759 [grpc-default-executor-0] INFO  impl.RoleInfo (RoleInfo.java:updateAndGet(143)) - 904f39be-c3d3-4df4-99c0-2e4526e577e3: start FollowerState
2019-10-16 21:12:03,759 [Thread-1604] INFO  impl.FollowerState (FollowerState.java:run(117)) - 904f39be-c3d3-4df4-99c0-2e4526e577e3@group-146C50BE7901-FollowerState was interrupted: java.lang.InterruptedException: sleep interrupted
2019-10-16 21:12:03,763 [grpc-default-executor-1] INFO  impl.RaftServerImpl (RaftServerImpl.java:setRole(184)) - 65da0c80-3604-4ac2-9a39-ee88d748a153@group-146C50BE7901: changes role from  FOLLOWER to FOLLOWER at term 238 for recognizeCandidate:52743044-8979-4a08-8013-92a14c548982
2019-10-16 21:12:03,763 [grpc-default-executor-1] INFO  impl.RoleInfo (RoleInfo.java:shutdownFollowerState(121)) - 65da0c80-3604-4ac2-9a39-ee88d748a153: shutdown FollowerState
2019-10-16 21:12:03,763 [grpc-default-executor-1] INFO  impl.RoleInfo (RoleInfo.java:updateAndGet(143)) - 65da0c80-3604-4ac2-9a39-ee88d748a153: start FollowerState
2019-10-16 21:12:03,763 [Thread-1605] INFO  impl.FollowerState (FollowerState.java:run(117)) - 65da0c80-3604-4ac2-9a39-ee88d748a153@group-146C50BE7901-FollowerState was interrupted: java.lang.InterruptedException: sleep interrupted
2019-10-16 21:12:03,814 [52743044-8979-4a08-8013-92a14c548982@group-146C50BE7901-LeaderElection198] INFO  impl.LeaderElection (LeaderElection.java:logAndReturn(56)) - 52743044-8979-4a08-8013-92a14c548982@group-146C50BE7901-LeaderElection198: Election REJECTED; received 2 response(s) [52743044-8979-4a08-8013-92a14c548982<-904f39be-c3d3-4df4-99c0-2e4526e577e3#0:FAIL-t238, 52743044-8979-4a08-8013-92a14c548982<-65da0c80-3604-4ac2-9a39-ee88d748a153#0:FAIL-t238] and 0 exception(s); 52743044-8979-4a08-8013-92a14c548982@group-146C50BE7901:t238, leader=null, voted=52743044-8979-4a08-8013-92a14c548982, raftlog=52743044-8979-4a08-8013-92a14c548982@group-146C50BE7901-SegmentedRaftLog:OPENED:c-1,f-1,i0, conf=-1: [904f39be-c3d3-4df4-99c0-2e4526e577e3:192.168.157.254:45339, 52743044-8979-4a08-8013-92a14c548982:192.168.157.254:36428, 65da0c80-3604-4ac2-9a39-ee88d748a153:192.168.157.254:37466], old=null
2019-10-16 21:12:03,814 [52743044-8979-4a08-8013-92a14c548982@group-146C50BE7901-LeaderElection198] INFO  impl.RaftServerImpl (RaftServerImpl.java:setRole(184)) - 52743044-8979-4a08-8013-92a14c548982@group-146C50BE7901: changes role from CANDIDATE to FOLLOWER at term 238 for DISCOVERED_A_NEW_TERM
2019-10-16 21:12:03,814 [52743044-8979-4a08-8013-92a14c548982@group-146C50BE7901-LeaderElection198] INFO  impl.RoleInfo (RoleInfo.java:shutdownLeaderElection(134)) - 52743044-8979-4a08-8013-92a14c548982: shutdown LeaderElection
2019-10-16 21:12:03,814 [52743044-8979-4a08-8013-92a14c548982@group-146C50BE7901-LeaderElection198] INFO  impl.RoleInfo (RoleInfo.java:updateAndGet(143)) - 52743044-8979-4a08-8013-92a14c548982: start FollowerState
2019-10-16 21:12:04,000 [Thread-1610] INFO  impl.FollowerState (FollowerState.java:run(108)) - 52743044-8979-4a08-8013-92a14c548982@group-146C50BE7901-FollowerState: change to CANDIDATE, lastRpcTime:185ms, electionTimeout:185ms
2019-10-16 21:12:04,000 [Thread-1610] INFO  impl.RoleInfo (RoleInfo.java:shutdownFollowerState(121)) - 52743044-8979-4a08-8013-92a14c548982: shutdown FollowerState
2019-10-16 21:12:04,000 [Thread-1610] INFO  impl.RaftServerImpl (RaftServerImpl.java:setRole(184)) - 52743044-8979-4a08-8013-92a14c548982@group-146C50BE7901: changes role from  FOLLOWER to CANDIDATE at term 238 for changeToCandidate
2019-10-16 21:12:04,000 [Thread-1610] INFO  impl.RoleInfo (RoleInfo.java:updateAndGet(143)) - 52743044-8979-4a08-8013-92a14c548982: start LeaderElection
2019-10-16 21:12:04,014 [52743044-8979-4a08-8013-92a14c548982@group-146C50BE7901-LeaderElection199] INFO  impl.LeaderElection (LeaderElection.java:askForVotes(178)) - 52743044-8979-4a08-8013-92a14c548982@group-146C50BE7901-LeaderElection199: begin an election at term 239 for -1: [904f39be-c3d3-4df4-99c0-2e4526e577e3:192.168.157.254:45339, 52743044-8979-4a08-8013-92a14c548982:192.168.157.254:36428, 65da0c80-3604-4ac2-9a39-ee88d748a153:192.168.157.254:37466], old=null
2019-10-16 21:12:04,016 [grpc-default-executor-1] INFO  impl.RaftServerImpl (RaftServerImpl.java:setRole(184)) - 904f39be-c3d3-4df4-99c0-2e4526e577e3@group-146C50BE7901: changes role from  FOLLOWER to FOLLOWER at term 239 for recognizeCandidate:52743044-8979-4a08-8013-92a14c548982
2019-10-16 21:12:04,016 [grpc-default-executor-1] INFO  impl.RoleInfo (RoleInfo.java:shutdownFollowerState(121)) - 904f39be-c3d3-4df4-99c0-2e4526e577e3: shutdown FollowerState
2019-10-16 21:12:04,017 [grpc-default-executor-1] INFO  impl.RoleInfo (RoleInfo.java:updateAndGet(143)) - 904f39be-c3d3-4df4-99c0-2e4526e577e3: start FollowerState
2019-10-16 21:12:04,017 [Thread-1608] INFO  impl.FollowerState (FollowerState.java:run(117)) - 904f39be-c3d3-4df4-99c0-2e4526e577e3@group-146C50BE7901-FollowerState was interrupted: java.lang.InterruptedException: sleep interrupted
2019-10-16 21:12:04,017 [grpc-default-executor-0] INFO  impl.RaftServerImpl (RaftServerImpl.java:setRole(184)) - 65da0c80-3604-4ac2-9a39-ee88d748a153@group-146C50BE7901: changes role from  FOLLOWER to FOLLOWER at term 239 for recognizeCandidate:52743044-8979-4a08-8013-92a14c548982
2019-10-16 21:12:04,017 [grpc-default-executor-0] INFO  impl.RoleInfo (RoleInfo.java:shutdownFollowerState(121)) - 65da0c80-3604-4ac2-9a39-ee88d748a153: shutdown FollowerState
2019-10-16 21:12:04,017 [grpc-default-executor-0] INFO  impl.RoleInfo (RoleInfo.java:updateAndGet(143)) - 65da0c80-3604-4ac2-9a39-ee88d748a153: start FollowerState
2019-10-16 21:12:04,017 [Thread-1609] INFO  impl.FollowerState (FollowerState.java:run(117)) - 65da0c80-3604-4ac2-9a39-ee88d748a153@group-146C50BE7901-FollowerState was interrupted: java.lang.InterruptedException: sleep interrupted
2019-10-16 21:12:04,060 [52743044-8979-4a08-8013-92a14c548982@group-146C50BE7901-LeaderElection199] INFO  impl.LeaderElection (LeaderElection.java:logAndReturn(56)) - 52743044-8979-4a08-8013-92a14c548982@group-146C50BE7901-LeaderElection199: Election REJECTED; received 2 response(s) [52743044-8979-4a08-8013-92a14c548982<-904f39be-c3d3-4df4-99c0-2e4526e577e3#0:FAIL-t239, 52743044-8979-4a08-8013-92a14c548982<-65da0c80-3604-4ac2-9a39-ee88d748a153#0:FAIL-t239] and 0 exception(s); 52743044-8979-4a08-8013-92a14c548982@group-146C50BE7901:t239, leader=null, voted=52743044-8979-4a08-8013-92a14c548982, raftlog=52743044-8979-4a08-8013-92a14c548982@group-146C50BE7901-SegmentedRaftLog:OPENED:c-1,f-1,i0, conf=-1: [904f39be-c3d3-4df4-99c0-2e4526e577e3:192.168.157.254:45339, 52743044-8979-4a08-8013-92a14c548982:192.168.157.254:36428, 65da0c80-3604-4ac2-9a39-ee88d748a153:192.168.157.254:37466], old=null
2019-10-16 21:12:04,060 [52743044-8979-4a08-8013-92a14c548982@group-146C50BE7901-LeaderElection199] INFO  impl.RaftServerImpl (RaftServerImpl.java:setRole(184)) - 52743044-8979-4a08-8013-92a14c548982@group-146C50BE7901: changes role from CANDIDATE to FOLLOWER at term 239 for DISCOVERED_A_NEW_TERM
2019-10-16 21:12:04,061 [52743044-8979-4a08-8013-92a14c548982@group-146C50BE7901-LeaderElection199] INFO  impl.RoleInfo (RoleInfo.java:shutdownLeaderElection(134)) - 52743044-8979-4a08-8013-92a14c548982: shutdown LeaderElection
2019-10-16 21:12:04,061 [52743044-8979-4a08-8013-92a14c548982@group-146C50BE7901-LeaderElection199] INFO  impl.RoleInfo (RoleInfo.java:updateAndGet(143)) - 52743044-8979-4a08-8013-92a14c548982: start FollowerState
2019-10-16 21:12:04,211 [main] INFO  ozone.MiniOzoneClusterImpl (MiniOzoneClusterImpl.java:lambda$waitForClusterToBeReady$2(164)) - Waiting for 1 number of pipelines out of 4, to report a leader.
2019-10-16 21:12:04,247 [Thread-1616] INFO  impl.FollowerState (FollowerState.java:run(108)) - 52743044-8979-4a08-8013-92a14c548982@group-146C50BE7901-FollowerState: change to CANDIDATE, lastRpcTime:186ms, electionTimeout:186ms
2019-10-16 21:12:04,247 [Thread-1616] INFO  impl.RoleInfo (RoleInfo.java:shutdownFollowerState(121)) - 52743044-8979-4a08-8013-92a14c548982: shutdown FollowerState
2019-10-16 21:12:04,247 [Thread-1616] INFO  impl.RaftServerImpl (RaftServerImpl.java:setRole(184)) - 52743044-8979-4a08-8013-92a14c548982@group-146C50BE7901: changes role from  FOLLOWER to CANDIDATE at term 239 for changeToCandidate
2019-10-16 21:12:04,248 [Thread-1616] INFO  impl.RoleInfo (RoleInfo.java:updateAndGet(143)) - 52743044-8979-4a08-8013-92a14c548982: start LeaderElection
2019-10-16 21:12:04,283 [52743044-8979-4a08-8013-92a14c548982@group-146C50BE7901-LeaderElection200] INFO  impl.LeaderElection (LeaderElection.java:askForVotes(178)) - 52743044-8979-4a08-8013-92a14c548982@group-146C50BE7901-LeaderElection200: begin an election at term 240 for -1: [904f39be-c3d3-4df4-99c0-2e4526e577e3:192.168.157.254:45339, 52743044-8979-4a08-8013-92a14c548982:192.168.157.254:36428, 65da0c80-3604-4ac2-9a39-ee88d748a153:192.168.157.254:37466], old=null
2019-10-16 21:12:04,285 [grpc-default-executor-0] INFO  impl.RaftServerImpl (RaftServerImpl.java:setRole(184)) - 904f39be-c3d3-4df4-99c0-2e4526e577e3@group-146C50BE7901: changes role from  FOLLOWER to FOLLOWER at term 240 for recognizeCandidate:52743044-8979-4a08-8013-92a14c548982
2019-10-16 21:12:04,285 [grpc-default-executor-0] INFO  impl.RoleInfo (RoleInfo.java:shutdownFollowerState(121)) - 904f39be-c3d3-4df4-99c0-2e4526e577e3: shutdown FollowerState
2019-10-16 21:12:04,285 [grpc-default-executor-1] INFO  impl.RaftServerImpl (RaftServerImpl.java:setRole(184)) - 65da0c80-3604-4ac2-9a39-ee88d748a153@group-146C50BE7901: changes role from  FOLLOWER to FOLLOWER at term 240 for recognizeCandidate:52743044-8979-4a08-8013-92a14c548982
2019-10-16 21:12:04,286 [Thread-1614] INFO  impl.FollowerState (FollowerState.java:run(117)) - 904f39be-c3d3-4df4-99c0-2e4526e577e3@group-146C50BE7901-FollowerState was interrupted: java.lang.InterruptedException: sleep interrupted
2019-10-16 21:12:04,285 [grpc-default-executor-0] INFO  impl.RoleInfo (RoleInfo.java:updateAndGet(143)) - 904f39be-c3d3-4df4-99c0-2e4526e577e3: start FollowerState
2019-10-16 21:12:04,286 [grpc-default-executor-1] INFO  impl.RoleInfo (RoleInfo.java:shutdownFollowerState(121)) - 65da0c80-3604-4ac2-9a39-ee88d748a153: shutdown FollowerState
2019-10-16 21:12:04,286 [grpc-default-executor-1] INFO  impl.RoleInfo (RoleInfo.java:updateAndGet(143)) - 65da0c80-3604-4ac2-9a39-ee88d748a153: start FollowerState
2019-10-16 21:12:04,286 [Thread-1615] INFO  impl.FollowerState (FollowerState.java:run(117)) - 65da0c80-3604-4ac2-9a39-ee88d748a153@group-146C50BE7901-FollowerState was interrupted: java.lang.InterruptedException: sleep interrupted
2019-10-16 21:12:04,303 [52743044-8979-4a08-8013-92a14c548982@group-146C50BE7901-LeaderElection200] INFO  impl.LeaderElection (LeaderElection.java:logAndReturn(56)) - 52743044-8979-4a08-8013-92a14c548982@group-146C50BE7901-LeaderElection200: Election REJECTED; received 2 response(s) [52743044-8979-4a08-8013-92a14c548982<-904f39be-c3d3-4df4-99c0-2e4526e577e3#0:FAIL-t240, 52743044-8979-4a08-8013-92a14c548982<-65da0c80-3604-4ac2-9a39-ee88d748a153#0:FAIL-t240] and 0 exception(s); 52743044-8979-4a08-8013-92a14c548982@group-146C50BE7901:t240, leader=null, voted=52743044-8979-4a08-8013-92a14c548982, raftlog=52743044-8979-4a08-8013-92a14c548982@group-146C50BE7901-SegmentedRaftLog:OPENED:c-1,f-1,i0, conf=-1: [904f39be-c3d3-4df4-99c0-2e4526e577e3:192.168.157.254:45339, 52743044-8979-4a08-8013-92a14c548982:192.168.157.254:36428, 65da0c80-3604-4ac2-9a39-ee88d748a153:192.168.157.254:37466], old=null
2019-10-16 21:12:04,303 [52743044-8979-4a08-8013-92a14c548982@group-146C50BE7901-LeaderElection200] INFO  impl.RaftServerImpl (RaftServerImpl.java:setRole(184)) - 52743044-8979-4a08-8013-92a14c548982@group-146C50BE7901: changes role from CANDIDATE to FOLLOWER at term 240 for DISCOVERED_A_NEW_TERM
2019-10-16 21:12:04,303 [52743044-8979-4a08-8013-92a14c548982@group-146C50BE7901-LeaderElection200] INFO  impl.RoleInfo (RoleInfo.java:shutdownLeaderElection(134)) - 52743044-8979-4a08-8013-92a14c548982: shutdown LeaderElection
2019-10-16 21:12:04,303 [52743044-8979-4a08-8013-92a14c548982@group-146C50BE7901-LeaderElection200] INFO  impl.RoleInfo (RoleInfo.java:updateAndGet(143)) - 52743044-8979-4a08-8013-92a14c548982: start FollowerState
2019-10-16 21:12:04,416 [Thread-1622] INFO  impl.FollowerState (FollowerState.java:run(108)) - 52743044-8979-4a08-8013-92a14c548982@group-146C50BE7901-FollowerState: change to CANDIDATE, lastRpcTime:112ms, electionTimeout:112ms
2019-10-16 21:12:04,416 [Thread-1622] INFO  impl.RoleInfo (RoleInfo.java:shutdownFollowerState(121)) - 52743044-8979-4a08-8013-92a14c548982: shutdown FollowerState
2019-10-16 21:12:04,416 [Thread-1622] INFO  impl.RaftServerImpl (RaftServerImpl.java:setRole(184)) - 52743044-8979-4a08-8013-92a14c548982@group-146C50BE7901: changes role from  FOLLOWER to CANDIDATE at term 240 for changeToCandidate
2019-10-16 21:12:04,416 [Thread-1622] INFO  impl.RoleInfo (RoleInfo.java:updateAndGet(143)) - 52743044-8979-4a08-8013-92a14c548982: start LeaderElection
2019-10-16 21:12:04,431 [52743044-8979-4a08-8013-92a14c548982@group-146C50BE7901-LeaderElection201] INFO  impl.LeaderElection (LeaderElection.java:askForVotes(178)) - 52743044-8979-4a08-8013-92a14c548982@group-146C50BE7901-LeaderElection201: begin an election at term 241 for -1: [904f39be-c3d3-4df4-99c0-2e4526e577e3:192.168.157.254:45339, 52743044-8979-4a08-8013-92a14c548982:192.168.157.254:36428, 65da0c80-3604-4ac2-9a39-ee88d748a153:192.168.157.254:37466], old=null
2019-10-16 21:12:04,433 [grpc-default-executor-1] INFO  impl.RaftServerImpl (RaftServerImpl.java:setRole(184)) - 65da0c80-3604-4ac2-9a39-ee88d748a153@group-146C50BE7901: changes role from  FOLLOWER to FOLLOWER at term 241 for recognizeCandidate:52743044-8979-4a08-8013-92a14c548982
2019-10-16 21:12:04,433 [grpc-default-executor-0] INFO  impl.RaftServerImpl (RaftServerImpl.java:setRole(184)) - 904f39be-c3d3-4df4-99c0-2e4526e577e3@group-146C50BE7901: changes role from  FOLLOWER to FOLLOWER at term 241 for recognizeCandidate:52743044-8979-4a08-8013-92a14c548982
2019-10-16 21:12:04,433 [grpc-default-executor-1] INFO  impl.RoleInfo (RoleInfo.java:shutdownFollowerState(121)) - 65da0c80-3604-4ac2-9a39-ee88d748a153: shutdown FollowerState
2019-10-16 21:12:04,433 [grpc-default-executor-0] INFO  impl.RoleInfo (RoleInfo.java:shutdownFollowerState(121)) - 904f39be-c3d3-4df4-99c0-2e4526e577e3: shutdown FollowerState
2019-10-16 21:12:04,433 [grpc-default-executor-1] INFO  impl.RoleInfo (RoleInfo.java:updateAndGet(143)) - 65da0c80-3604-4ac2-9a39-ee88d748a153: start FollowerState
2019-10-16 21:12:04,434 [Thread-1620] INFO  impl.FollowerState (FollowerState.java:run(117)) - 904f39be-c3d3-4df4-99c0-2e4526e577e3@group-146C50BE7901-FollowerState was interrupted: java.lang.InterruptedException: sleep interrupted
2019-10-16 21:12:04,433 [grpc-default-executor-0] INFO  impl.RoleInfo (RoleInfo.java:updateAndGet(143)) - 904f39be-c3d3-4df4-99c0-2e4526e577e3: start FollowerState
2019-10-16 21:12:04,433 [Thread-1621] INFO  impl.FollowerState (FollowerState.java:run(117)) - 65da0c80-3604-4ac2-9a39-ee88d748a153@group-146C50BE7901-FollowerState was interrupted: java.lang.InterruptedException: sleep interrupted
2019-10-16 21:12:04,470 [52743044-8979-4a08-8013-92a14c548982@group-146C50BE7901-LeaderElection201] INFO  impl.LeaderElection (LeaderElection.java:logAndReturn(56)) - 52743044-8979-4a08-8013-92a14c548982@group-146C50BE7901-LeaderElection201: Election REJECTED; received 2 response(s) [52743044-8979-4a08-8013-92a14c548982<-904f39be-c3d3-4df4-99c0-2e4526e577e3#0:FAIL-t241, 52743044-8979-4a08-8013-92a14c548982<-65da0c80-3604-4ac2-9a39-ee88d748a153#0:FAIL-t241] and 0 exception(s); 52743044-8979-4a08-8013-92a14c548982@group-146C50BE7901:t241, leader=null, voted=52743044-8979-4a08-8013-92a14c548982, raftlog=52743044-8979-4a08-8013-92a14c548982@group-146C50BE7901-SegmentedRaftLog:OPENED:c-1,f-1,i0, conf=-1: [904f39be-c3d3-4df4-99c0-2e4526e577e3:192.168.157.254:45339, 52743044-8979-4a08-8013-92a14c548982:192.168.157.254:36428, 65da0c80-3604-4ac2-9a39-ee88d748a153:192.168.157.254:37466], old=null
2019-10-16 21:12:04,470 [52743044-8979-4a08-8013-92a14c548982@group-146C50BE7901-LeaderElection201] INFO  impl.RaftServerImpl (RaftServerImpl.java:setRole(184)) - 52743044-8979-4a08-8013-92a14c548982@group-146C50BE7901: changes role from CANDIDATE to FOLLOWER at term 241 for DISCOVERED_A_NEW_TERM
2019-10-16 21:12:04,470 [52743044-8979-4a08-8013-92a14c548982@group-146C50BE7901-LeaderElection201] INFO  impl.RoleInfo (RoleInfo.java:shutdownLeaderElection(134)) - 52743044-8979-4a08-8013-92a14c548982: shutdown LeaderElection
2019-10-16 21:12:04,470 [52743044-8979-4a08-8013-92a14c548982@group-146C50BE7901-LeaderElection201] INFO  impl.RoleInfo (RoleInfo.java:updateAndGet(143)) - 52743044-8979-4a08-8013-92a14c548982: start FollowerState
2019-10-16 21:12:04,545 [Thread-1628] INFO  impl.FollowerState (FollowerState.java:run(108)) - 52743044-8979-4a08-8013-92a14c548982@group-146C50BE7901-FollowerState: change to CANDIDATE, lastRpcTime:75ms, electionTimeout:75ms
2019-10-16 21:12:04,546 [Thread-1628] INFO  impl.RoleInfo (RoleInfo.java:shutdownFollowerState(121)) - 52743044-8979-4a08-8013-92a14c548982: shutdown FollowerState
2019-10-16 21:12:04,546 [Thread-1628] INFO  impl.RaftServerImpl (RaftServerImpl.java:setRole(184)) - 52743044-8979-4a08-8013-92a14c548982@group-146C50BE7901: changes role from  FOLLOWER to CANDIDATE at term 241 for changeToCandidate
2019-10-16 21:12:04,546 [Thread-1628] INFO  impl.RoleInfo (RoleInfo.java:updateAndGet(143)) - 52743044-8979-4a08-8013-92a14c548982: start LeaderElection
2019-10-16 21:12:04,585 [52743044-8979-4a08-8013-92a14c548982@group-146C50BE7901-LeaderElection202] INFO  impl.LeaderElection (LeaderElection.java:askForVotes(178)) - 52743044-8979-4a08-8013-92a14c548982@group-146C50BE7901-LeaderElection202: begin an election at term 242 for -1: [904f39be-c3d3-4df4-99c0-2e4526e577e3:192.168.157.254:45339, 52743044-8979-4a08-8013-92a14c548982:192.168.157.254:36428, 65da0c80-3604-4ac2-9a39-ee88d748a153:192.168.157.254:37466], old=null
2019-10-16 21:12:04,587 [grpc-default-executor-1] INFO  impl.RaftServerImpl (RaftServerImpl.java:setRole(184)) - 904f39be-c3d3-4df4-99c0-2e4526e577e3@group-146C50BE7901: changes role from  FOLLOWER to FOLLOWER at term 242 for recognizeCandidate:52743044-8979-4a08-8013-92a14c548982
2019-10-16 21:12:04,588 [grpc-default-executor-1] INFO  impl.RoleInfo (RoleInfo.java:shutdownFollowerState(121)) - 904f39be-c3d3-4df4-99c0-2e4526e577e3: shutdown FollowerState
2019-10-16 21:12:04,588 [grpc-default-executor-0] INFO  impl.RaftServerImpl (RaftServerImpl.java:setRole(184)) - 65da0c80-3604-4ac2-9a39-ee88d748a153@group-146C50BE7901: changes role from  FOLLOWER to FOLLOWER at term 242 for recognizeCandidate:52743044-8979-4a08-8013-92a14c548982
2019-10-16 21:12:04,588 [Thread-1627] INFO  impl.FollowerState (FollowerState.java:run(117)) - 904f39be-c3d3-4df4-99c0-2e4526e577e3@group-146C50BE7901-FollowerState was interrupted: java.lang.InterruptedException: sleep interrupted
2019-10-16 21:12:04,588 [grpc-default-executor-1] INFO  impl.RoleInfo (RoleInfo.java:updateAndGet(143)) - 904f39be-c3d3-4df4-99c0-2e4526e577e3: start FollowerState
2019-10-16 21:12:04,588 [grpc-default-executor-0] INFO  impl.RoleInfo (RoleInfo.java:shutdownFollowerState(121)) - 65da0c80-3604-4ac2-9a39-ee88d748a153: shutdown FollowerState
2019-10-16 21:12:04,588 [grpc-default-executor-0] INFO  impl.RoleInfo (RoleInfo.java:updateAndGet(143)) - 65da0c80-3604-4ac2-9a39-ee88d748a153: start FollowerState
2019-10-16 21:12:04,588 [Thread-1626] INFO  impl.FollowerState (FollowerState.java:run(117)) - 65da0c80-3604-4ac2-9a39-ee88d748a153@group-146C50BE7901-FollowerState was interrupted: java.lang.InterruptedException: sleep interrupted
2019-10-16 21:12:04,632 [52743044-8979-4a08-8013-92a14c548982@group-146C50BE7901-LeaderElection202] INFO  impl.LeaderElection (LeaderElection.java:logAndReturn(56)) - 52743044-8979-4a08-8013-92a14c548982@group-146C50BE7901-LeaderElection202: Election REJECTED; received 2 response(s) [52743044-8979-4a08-8013-92a14c548982<-904f39be-c3d3-4df4-99c0-2e4526e577e3#0:FAIL-t242, 52743044-8979-4a08-8013-92a14c548982<-65da0c80-3604-4ac2-9a39-ee88d748a153#0:FAIL-t242] and 0 exception(s); 52743044-8979-4a08-8013-92a14c548982@group-146C50BE7901:t242, leader=null, voted=52743044-8979-4a08-8013-92a14c548982, raftlog=52743044-8979-4a08-8013-92a14c548982@group-146C50BE7901-SegmentedRaftLog:OPENED:c-1,f-1,i0, conf=-1: [904f39be-c3d3-4df4-99c0-2e4526e577e3:192.168.157.254:45339, 52743044-8979-4a08-8013-92a14c548982:192.168.157.254:36428, 65da0c80-3604-4ac2-9a39-ee88d748a153:192.168.157.254:37466], old=null
2019-10-16 21:12:04,632 [52743044-8979-4a08-8013-92a14c548982@group-146C50BE7901-LeaderElection202] INFO  impl.RaftServerImpl (RaftServerImpl.java:setRole(184)) - 52743044-8979-4a08-8013-92a14c548982@group-146C50BE7901: changes role from CANDIDATE to FOLLOWER at term 242 for DISCOVERED_A_NEW_TERM
2019-10-16 21:12:04,632 [52743044-8979-4a08-8013-92a14c548982@group-146C50BE7901-LeaderElection202] INFO  impl.RoleInfo (RoleInfo.java:shutdownLeaderElection(134)) - 52743044-8979-4a08-8013-92a14c548982: shutdown LeaderElection
2019-10-16 21:12:04,633 [52743044-8979-4a08-8013-92a14c548982@group-146C50BE7901-LeaderElection202] INFO  impl.RoleInfo (RoleInfo.java:updateAndGet(143)) - 52743044-8979-4a08-8013-92a14c548982: start FollowerState
2019-10-16 21:12:04,661 [Thread-1634] INFO  impl.FollowerState (FollowerState.java:run(108)) - 52743044-8979-4a08-8013-92a14c548982@group-146C50BE7901-FollowerState: change to CANDIDATE, lastRpcTime:28ms, electionTimeout:28ms
2019-10-16 21:12:04,661 [Thread-1634] INFO  impl.RoleInfo (RoleInfo.java:shutdownFollowerState(121)) - 52743044-8979-4a08-8013-92a14c548982: shutdown FollowerState
2019-10-16 21:12:04,661 [Thread-1634] INFO  impl.RaftServerImpl (RaftServerImpl.java:setRole(184)) - 52743044-8979-4a08-8013-92a14c548982@group-146C50BE7901: changes role from  FOLLOWER to CANDIDATE at term 242 for changeToCandidate
2019-10-16 21:12:04,661 [Thread-1634] INFO  impl.RoleInfo (RoleInfo.java:updateAndGet(143)) - 52743044-8979-4a08-8013-92a14c548982: start LeaderElection
2019-10-16 21:12:04,718 [52743044-8979-4a08-8013-92a14c548982@group-146C50BE7901-LeaderElection203] INFO  impl.LeaderElection (LeaderElection.java:askForVotes(178)) - 52743044-8979-4a08-8013-92a14c548982@group-146C50BE7901-LeaderElection203: begin an election at term 243 for -1: [904f39be-c3d3-4df4-99c0-2e4526e577e3:192.168.157.254:45339, 52743044-8979-4a08-8013-92a14c548982:192.168.157.254:36428, 65da0c80-3604-4ac2-9a39-ee88d748a153:192.168.157.254:37466], old=null
2019-10-16 21:12:04,720 [grpc-default-executor-1] INFO  impl.RaftServerImpl (RaftServerImpl.java:setRole(184)) - 65da0c80-3604-4ac2-9a39-ee88d748a153@group-146C50BE7901: changes role from  FOLLOWER to FOLLOWER at term 243 for recognizeCandidate:52743044-8979-4a08-8013-92a14c548982
2019-10-16 21:12:04,720 [grpc-default-executor-1] INFO  impl.RoleInfo (RoleInfo.java:shutdownFollowerState(121)) - 65da0c80-3604-4ac2-9a39-ee88d748a153: shutdown FollowerState
2019-10-16 21:12:04,720 [grpc-default-executor-0] INFO  impl.RaftServerImpl (RaftServerImpl.java:setRole(184)) - 904f39be-c3d3-4df4-99c0-2e4526e577e3@group-146C50BE7901: changes role from  FOLLOWER to FOLLOWER at term 243 for recognizeCandidate:52743044-8979-4a08-8013-92a14c548982
2019-10-16 21:12:04,720 [grpc-default-executor-0] INFO  impl.RoleInfo (RoleInfo.java:shutdownFollowerState(121)) - 904f39be-c3d3-4df4-99c0-2e4526e577e3: shutdown FollowerState
2019-10-16 21:12:04,720 [grpc-default-executor-1] INFO  impl.RoleInfo (RoleInfo.java:updateAndGet(143)) - 65da0c80-3604-4ac2-9a39-ee88d748a153: start FollowerState
2019-10-16 21:12:04,720 [grpc-default-executor-0] INFO  impl.RoleInfo (RoleInfo.java:updateAndGet(143)) - 904f39be-c3d3-4df4-99c0-2e4526e577e3: start FollowerState
2019-10-16 21:12:04,720 [Thread-1633] INFO  impl.FollowerState (FollowerState.java:run(117)) - 65da0c80-3604-4ac2-9a39-ee88d748a153@group-146C50BE7901-FollowerState was interrupted: java.lang.InterruptedException: sleep interrupted
2019-10-16 21:12:04,720 [Thread-1632] INFO  impl.FollowerState (FollowerState.java:run(117)) - 904f39be-c3d3-4df4-99c0-2e4526e577e3@group-146C50BE7901-FollowerState was interrupted: java.lang.InterruptedException: sleep interrupted
2019-10-16 21:12:04,769 [52743044-8979-4a08-8013-92a14c548982@group-146C50BE7901-LeaderElection203] INFO  impl.LeaderElection (LeaderElection.java:logAndReturn(56)) - 52743044-8979-4a08-8013-92a14c548982@group-146C50BE7901-LeaderElection203: Election REJECTED; received 2 response(s) [52743044-8979-4a08-8013-92a14c548982<-904f39be-c3d3-4df4-99c0-2e4526e577e3#0:FAIL-t243, 52743044-8979-4a08-8013-92a14c548982<-65da0c80-3604-4ac2-9a39-ee88d748a153#0:FAIL-t243] and 0 exception(s); 52743044-8979-4a08-8013-92a14c548982@group-146C50BE7901:t243, leader=null, voted=52743044-8979-4a08-8013-92a14c548982, raftlog=52743044-8979-4a08-8013-92a14c548982@group-146C50BE7901-SegmentedRaftLog:OPENED:c-1,f-1,i0, conf=-1: [904f39be-c3d3-4df4-99c0-2e4526e577e3:192.168.157.254:45339, 52743044-8979-4a08-8013-92a14c548982:192.168.157.254:36428, 65da0c80-3604-4ac2-9a39-ee88d748a153:192.168.157.254:37466], old=null
2019-10-16 21:12:04,769 [52743044-8979-4a08-8013-92a14c548982@group-146C50BE7901-LeaderElection203] INFO  impl.RaftServerImpl (RaftServerImpl.java:setRole(184)) - 52743044-8979-4a08-8013-92a14c548982@group-146C50BE7901: changes role from CANDIDATE to FOLLOWER at term 243 for DISCOVERED_A_NEW_TERM
2019-10-16 21:12:04,769 [52743044-8979-4a08-8013-92a14c548982@group-146C50BE7901-LeaderElection203] INFO  impl.RoleInfo (RoleInfo.java:shutdownLeaderElection(134)) - 52743044-8979-4a08-8013-92a14c548982: shutdown LeaderElection
2019-10-16 21:12:04,769 [52743044-8979-4a08-8013-92a14c548982@group-146C50BE7901-LeaderElection203] INFO  impl.RoleInfo (RoleInfo.java:updateAndGet(143)) - 52743044-8979-4a08-8013-92a14c548982: start FollowerState
2019-10-16 21:12:04,924 [Thread-1640] INFO  impl.FollowerState (FollowerState.java:run(108)) - 52743044-8979-4a08-8013-92a14c548982@group-146C50BE7901-FollowerState: change to CANDIDATE, lastRpcTime:155ms, electionTimeout:155ms
2019-10-16 21:12:04,925 [Thread-1640] INFO  impl.RoleInfo (RoleInfo.java:shutdownFollowerState(121)) - 52743044-8979-4a08-8013-92a14c548982: shutdown FollowerState
2019-10-16 21:12:04,925 [Thread-1640] INFO  impl.RaftServerImpl (RaftServerImpl.java:setRole(184)) - 52743044-8979-4a08-8013-92a14c548982@group-146C50BE7901: changes role from  FOLLOWER to CANDIDATE at term 243 for changeToCandidate
2019-10-16 21:12:04,925 [Thread-1640] INFO  impl.RoleInfo (RoleInfo.java:updateAndGet(143)) - 52743044-8979-4a08-8013-92a14c548982: start LeaderElection
2019-10-16 21:12:04,972 [52743044-8979-4a08-8013-92a14c548982@group-146C50BE7901-LeaderElection204] INFO  impl.LeaderElection (LeaderElection.java:askForVotes(178)) - 52743044-8979-4a08-8013-92a14c548982@group-146C50BE7901-LeaderElection204: begin an election at term 244 for -1: [904f39be-c3d3-4df4-99c0-2e4526e577e3:192.168.157.254:45339, 52743044-8979-4a08-8013-92a14c548982:192.168.157.254:36428, 65da0c80-3604-4ac2-9a39-ee88d748a153:192.168.157.254:37466], old=null
2019-10-16 21:12:04,974 [grpc-default-executor-0] INFO  impl.RaftServerImpl (RaftServerImpl.java:setRole(184)) - 904f39be-c3d3-4df4-99c0-2e4526e577e3@group-146C50BE7901: changes role from  FOLLOWER to FOLLOWER at term 244 for recognizeCandidate:52743044-8979-4a08-8013-92a14c548982
2019-10-16 21:12:04,974 [grpc-default-executor-0] INFO  impl.RoleInfo (RoleInfo.java:shutdownFollowerState(121)) - 904f39be-c3d3-4df4-99c0-2e4526e577e3: shutdown FollowerState
2019-10-16 21:12:04,974 [grpc-default-executor-1] INFO  impl.RaftServerImpl (RaftServerImpl.java:setRole(184)) - 65da0c80-3604-4ac2-9a39-ee88d748a153@group-146C50BE7901: changes role from  FOLLOWER to FOLLOWER at term 244 for recognizeCandidate:52743044-8979-4a08-8013-92a14c548982
2019-10-16 21:12:04,975 [grpc-default-executor-1] INFO  impl.RoleInfo (RoleInfo.java:shutdownFollowerState(121)) - 65da0c80-3604-4ac2-9a39-ee88d748a153: shutdown FollowerState
2019-10-16 21:12:04,975 [grpc-default-executor-0] INFO  impl.RoleInfo (RoleInfo.java:updateAndGet(143)) - 904f39be-c3d3-4df4-99c0-2e4526e577e3: start FollowerState
2019-10-16 21:12:04,975 [grpc-default-executor-1] INFO  impl.RoleInfo (RoleInfo.java:updateAndGet(143)) - 65da0c80-3604-4ac2-9a39-ee88d748a153: start FollowerState
2019-10-16 21:12:04,975 [Thread-1639] INFO  impl.FollowerState (FollowerState.java:run(117)) - 904f39be-c3d3-4df4-99c0-2e4526e577e3@group-146C50BE7901-FollowerState was interrupted: java.lang.InterruptedException: sleep interrupted
2019-10-16 21:12:04,975 [Thread-1638] INFO  impl.FollowerState (FollowerState.java:run(117)) - 65da0c80-3604-4ac2-9a39-ee88d748a153@group-146C50BE7901-FollowerState was interrupted: java.lang.InterruptedException: sleep interrupted
2019-10-16 21:12:05,039 [52743044-8979-4a08-8013-92a14c548982@group-146C50BE7901-LeaderElection204] INFO  impl.LeaderElection (LeaderElection.java:logAndReturn(56)) - 52743044-8979-4a08-8013-92a14c548982@group-146C50BE7901-LeaderElection204: Election REJECTED; received 2 response(s) [52743044-8979-4a08-8013-92a14c548982<-904f39be-c3d3-4df4-99c0-2e4526e577e3#0:FAIL-t244, 52743044-8979-4a08-8013-92a14c548982<-65da0c80-3604-4ac2-9a39-ee88d748a153#0:FAIL-t244] and 0 exception(s); 52743044-8979-4a08-8013-92a14c548982@group-146C50BE7901:t244, leader=null, voted=52743044-8979-4a08-8013-92a14c548982, raftlog=52743044-8979-4a08-8013-92a14c548982@group-146C50BE7901-SegmentedRaftLog:OPENED:c-1,f-1,i0, conf=-1: [904f39be-c3d3-4df4-99c0-2e4526e577e3:192.168.157.254:45339, 52743044-8979-4a08-8013-92a14c548982:192.168.157.254:36428, 65da0c80-3604-4ac2-9a39-ee88d748a153:192.168.157.254:37466], old=null
2019-10-16 21:12:05,039 [52743044-8979-4a08-8013-92a14c548982@group-146C50BE7901-LeaderElection204] INFO  impl.RaftServerImpl (RaftServerImpl.java:setRole(184)) - 52743044-8979-4a08-8013-92a14c548982@group-146C50BE7901: changes role from CANDIDATE to FOLLOWER at term 244 for DISCOVERED_A_NEW_TERM
2019-10-16 21:12:05,039 [52743044-8979-4a08-8013-92a14c548982@group-146C50BE7901-LeaderElection204] INFO  impl.RoleInfo (RoleInfo.java:shutdownLeaderElection(134)) - 52743044-8979-4a08-8013-92a14c548982: shutdown LeaderElection
2019-10-16 21:12:05,039 [52743044-8979-4a08-8013-92a14c548982@group-146C50BE7901-LeaderElection204] INFO  impl.RoleInfo (RoleInfo.java:updateAndGet(143)) - 52743044-8979-4a08-8013-92a14c548982: start FollowerState
2019-10-16 21:12:05,054 [Thread-1646] INFO  impl.FollowerState (FollowerState.java:run(108)) - 52743044-8979-4a08-8013-92a14c548982@group-146C50BE7901-FollowerState: change to CANDIDATE, lastRpcTime:14ms, electionTimeout:14ms
2019-10-16 21:12:05,054 [Thread-1646] INFO  impl.RoleInfo (RoleInfo.java:shutdownFollowerState(121)) - 52743044-8979-4a08-8013-92a14c548982: shutdown FollowerState
2019-10-16 21:12:05,054 [Thread-1646] INFO  impl.RaftServerImpl (RaftServerImpl.java:setRole(184)) - 52743044-8979-4a08-8013-92a14c548982@group-146C50BE7901: changes role from  FOLLOWER to CANDIDATE at term 244 for changeToCandidate
2019-10-16 21:12:05,054 [Thread-1646] INFO  impl.RoleInfo (RoleInfo.java:updateAndGet(143)) - 52743044-8979-4a08-8013-92a14c548982: start LeaderElection
2019-10-16 21:12:05,073 [52743044-8979-4a08-8013-92a14c548982@group-146C50BE7901-LeaderElection205] INFO  impl.LeaderElection (LeaderElection.java:askForVotes(178)) - 52743044-8979-4a08-8013-92a14c548982@group-146C50BE7901-LeaderElection205: begin an election at term 245 for -1: [904f39be-c3d3-4df4-99c0-2e4526e577e3:192.168.157.254:45339, 52743044-8979-4a08-8013-92a14c548982:192.168.157.254:36428, 65da0c80-3604-4ac2-9a39-ee88d748a153:192.168.157.254:37466], old=null
2019-10-16 21:12:05,076 [grpc-default-executor-1] INFO  impl.RaftServerImpl (RaftServerImpl.java:setRole(184)) - 904f39be-c3d3-4df4-99c0-2e4526e577e3@group-146C50BE7901: changes role from  FOLLOWER to FOLLOWER at term 245 for recognizeCandidate:52743044-8979-4a08-8013-92a14c548982
2019-10-16 21:12:05,076 [grpc-default-executor-0] INFO  impl.RaftServerImpl (RaftServerImpl.java:setRole(184)) - 65da0c80-3604-4ac2-9a39-ee88d748a153@group-146C50BE7901: changes role from  FOLLOWER to FOLLOWER at term 245 for recognizeCandidate:52743044-8979-4a08-8013-92a14c548982
2019-10-16 21:12:05,076 [grpc-default-executor-1] INFO  impl.RoleInfo (RoleInfo.java:shutdownFollowerState(121)) - 904f39be-c3d3-4df4-99c0-2e4526e577e3: shutdown FollowerState
2019-10-16 21:12:05,076 [grpc-default-executor-0] INFO  impl.RoleInfo (RoleInfo.java:shutdownFollowerState(121)) - 65da0c80-3604-4ac2-9a39-ee88d748a153: shutdown FollowerState
2019-10-16 21:12:05,077 [Thread-1644] INFO  impl.FollowerState (FollowerState.java:run(117)) - 904f39be-c3d3-4df4-99c0-2e4526e577e3@group-146C50BE7901-FollowerState was interrupted: java.lang.InterruptedException: sleep interrupted
2019-10-16 21:12:05,077 [Thread-1645] INFO  impl.FollowerState (FollowerState.java:run(117)) - 65da0c80-3604-4ac2-9a39-ee88d748a153@group-146C50BE7901-FollowerState was interrupted: java.lang.InterruptedException: sleep interrupted
2019-10-16 21:12:05,076 [grpc-default-executor-1] INFO  impl.RoleInfo (RoleInfo.java:updateAndGet(143)) - 904f39be-c3d3-4df4-99c0-2e4526e577e3: start FollowerState
2019-10-16 21:12:05,077 [grpc-default-executor-0] INFO  impl.RoleInfo (RoleInfo.java:updateAndGet(143)) - 65da0c80-3604-4ac2-9a39-ee88d748a153: start FollowerState
2019-10-16 21:12:05,129 [52743044-8979-4a08-8013-92a14c548982@group-146C50BE7901-LeaderElection205] INFO  impl.LeaderElection (LeaderElection.java:logAndReturn(56)) - 52743044-8979-4a08-8013-92a14c548982@group-146C50BE7901-LeaderElection205: Election REJECTED; received 2 response(s) [52743044-8979-4a08-8013-92a14c548982<-904f39be-c3d3-4df4-99c0-2e4526e577e3#0:FAIL-t245, 52743044-8979-4a08-8013-92a14c548982<-65da0c80-3604-4ac2-9a39-ee88d748a153#0:FAIL-t245] and 0 exception(s); 52743044-8979-4a08-8013-92a14c548982@group-146C50BE7901:t245, leader=null, voted=52743044-8979-4a08-8013-92a14c548982, raftlog=52743044-8979-4a08-8013-92a14c548982@group-146C50BE7901-SegmentedRaftLog:OPENED:c-1,f-1,i0, conf=-1: [904f39be-c3d3-4df4-99c0-2e4526e577e3:192.168.157.254:45339, 52743044-8979-4a08-8013-92a14c548982:192.168.157.254:36428, 65da0c80-3604-4ac2-9a39-ee88d748a153:192.168.157.254:37466], old=null
2019-10-16 21:12:05,129 [52743044-8979-4a08-8013-92a14c548982@group-146C50BE7901-LeaderElection205] INFO  impl.RaftServerImpl (RaftServerImpl.java:setRole(184)) - 52743044-8979-4a08-8013-92a14c548982@group-146C50BE7901: changes role from CANDIDATE to FOLLOWER at term 245 for DISCOVERED_A_NEW_TERM
2019-10-16 21:12:05,129 [52743044-8979-4a08-8013-92a14c548982@group-146C50BE7901-LeaderElection205] INFO  impl.RoleInfo (RoleInfo.java:shutdownLeaderElection(134)) - 52743044-8979-4a08-8013-92a14c548982: shutdown LeaderElection
2019-10-16 21:12:05,129 [52743044-8979-4a08-8013-92a14c548982@group-146C50BE7901-LeaderElection205] INFO  impl.RoleInfo (RoleInfo.java:updateAndGet(143)) - 52743044-8979-4a08-8013-92a14c548982: start FollowerState
2019-10-16 21:12:05,211 [main] INFO  ozone.MiniOzoneClusterImpl (MiniOzoneClusterImpl.java:lambda$waitForClusterToBeReady$2(164)) - Waiting for 1 number of pipelines out of 4, to report a leader.
2019-10-16 21:12:05,212 [Thread-1652] INFO  impl.FollowerState (FollowerState.java:run(108)) - 52743044-8979-4a08-8013-92a14c548982@group-146C50BE7901-FollowerState: change to CANDIDATE, lastRpcTime:82ms, electionTimeout:82ms
2019-10-16 21:12:05,212 [Thread-1652] INFO  impl.RoleInfo (RoleInfo.java:shutdownFollowerState(121)) - 52743044-8979-4a08-8013-92a14c548982: shutdown FollowerState
2019-10-16 21:12:05,212 [Thread-1652] INFO  impl.RaftServerImpl (RaftServerImpl.java:setRole(184)) - 52743044-8979-4a08-8013-92a14c548982@group-146C50BE7901: changes role from  FOLLOWER to CANDIDATE at term 245 for changeToCandidate
2019-10-16 21:12:05,212 [Thread-1652] INFO  impl.RoleInfo (RoleInfo.java:updateAndGet(143)) - 52743044-8979-4a08-8013-92a14c548982: start LeaderElection
2019-10-16 21:12:05,252 [52743044-8979-4a08-8013-92a14c548982@group-146C50BE7901-LeaderElection206] INFO  impl.LeaderElection (LeaderElection.java:askForVotes(178)) - 52743044-8979-4a08-8013-92a14c548982@group-146C50BE7901-LeaderElection206: begin an election at term 246 for -1: [904f39be-c3d3-4df4-99c0-2e4526e577e3:192.168.157.254:45339, 52743044-8979-4a08-8013-92a14c548982:192.168.157.254:36428, 65da0c80-3604-4ac2-9a39-ee88d748a153:192.168.157.254:37466], old=null
2019-10-16 21:12:05,254 [grpc-default-executor-0] INFO  impl.RaftServerImpl (RaftServerImpl.java:setRole(184)) - 904f39be-c3d3-4df4-99c0-2e4526e577e3@group-146C50BE7901: changes role from  FOLLOWER to FOLLOWER at term 246 for recognizeCandidate:52743044-8979-4a08-8013-92a14c548982
2019-10-16 21:12:05,254 [grpc-default-executor-0] INFO  impl.RoleInfo (RoleInfo.java:shutdownFollowerState(121)) - 904f39be-c3d3-4df4-99c0-2e4526e577e3: shutdown FollowerState
2019-10-16 21:12:05,254 [grpc-default-executor-1] INFO  impl.RaftServerImpl (RaftServerImpl.java:setRole(184)) - 65da0c80-3604-4ac2-9a39-ee88d748a153@group-146C50BE7901: changes role from  FOLLOWER to FOLLOWER at term 246 for recognizeCandidate:52743044-8979-4a08-8013-92a14c548982
2019-10-16 21:12:05,254 [grpc-default-executor-0] INFO  impl.RoleInfo (RoleInfo.java:updateAndGet(143)) - 904f39be-c3d3-4df4-99c0-2e4526e577e3: start FollowerState
2019-10-16 21:12:05,254 [Thread-1650] INFO  impl.FollowerState (FollowerState.java:run(117)) - 904f39be-c3d3-4df4-99c0-2e4526e577e3@group-146C50BE7901-FollowerState was interrupted: java.lang.InterruptedException: sleep interrupted
2019-10-16 21:12:05,254 [grpc-default-executor-1] INFO  impl.RoleInfo (RoleInfo.java:shutdownFollowerState(121)) - 65da0c80-3604-4ac2-9a39-ee88d748a153: shutdown FollowerState
2019-10-16 21:12:05,255 [grpc-default-executor-1] INFO  impl.RoleInfo (RoleInfo.java:updateAndGet(143)) - 65da0c80-3604-4ac2-9a39-ee88d748a153: start FollowerState
2019-10-16 21:12:05,255 [Thread-1651] INFO  impl.FollowerState (FollowerState.java:run(117)) - 65da0c80-3604-4ac2-9a39-ee88d748a153@group-146C50BE7901-FollowerState was interrupted: java.lang.InterruptedException: sleep interrupted
2019-10-16 21:12:05,268 [52743044-8979-4a08-8013-92a14c548982@group-146C50BE7901-LeaderElection206] INFO  impl.LeaderElection (LeaderElection.java:logAndReturn(56)) - 52743044-8979-4a08-8013-92a14c548982@group-146C50BE7901-LeaderElection206: Election REJECTED; received 2 response(s) [52743044-8979-4a08-8013-92a14c548982<-904f39be-c3d3-4df4-99c0-2e4526e577e3#0:FAIL-t246, 52743044-8979-4a08-8013-92a14c548982<-65da0c80-3604-4ac2-9a39-ee88d748a153#0:FAIL-t246] and 0 exception(s); 52743044-8979-4a08-8013-92a14c548982@group-146C50BE7901:t246, leader=null, voted=52743044-8979-4a08-8013-92a14c548982, raftlog=52743044-8979-4a08-8013-92a14c548982@group-146C50BE7901-SegmentedRaftLog:OPENED:c-1,f-1,i0, conf=-1: [904f39be-c3d3-4df4-99c0-2e4526e577e3:192.168.157.254:45339, 52743044-8979-4a08-8013-92a14c548982:192.168.157.254:36428, 65da0c80-3604-4ac2-9a39-ee88d748a153:192.168.157.254:37466], old=null
2019-10-16 21:12:05,268 [52743044-8979-4a08-8013-92a14c548982@group-146C50BE7901-LeaderElection206] INFO  impl.RaftServerImpl (RaftServerImpl.java:setRole(184)) - 52743044-8979-4a08-8013-92a14c548982@group-146C50BE7901: changes role from CANDIDATE to FOLLOWER at term 246 for DISCOVERED_A_NEW_TERM
2019-10-16 21:12:05,269 [52743044-8979-4a08-8013-92a14c548982@group-146C50BE7901-LeaderElection206] INFO  impl.RoleInfo (RoleInfo.java:shutdownLeaderElection(134)) - 52743044-8979-4a08-8013-92a14c548982: shutdown LeaderElection
2019-10-16 21:12:05,269 [52743044-8979-4a08-8013-92a14c548982@group-146C50BE7901-LeaderElection206] INFO  impl.RoleInfo (RoleInfo.java:updateAndGet(143)) - 52743044-8979-4a08-8013-92a14c548982: start FollowerState
2019-10-16 21:12:05,456 [Thread-1658] INFO  impl.FollowerState (FollowerState.java:run(108)) - 52743044-8979-4a08-8013-92a14c548982@group-146C50BE7901-FollowerState: change to CANDIDATE, lastRpcTime:187ms, electionTimeout:187ms
2019-10-16 21:12:05,456 [Thread-1658] INFO  impl.RoleInfo (RoleInfo.java:shutdownFollowerState(121)) - 52743044-8979-4a08-8013-92a14c548982: shutdown FollowerState
2019-10-16 21:12:05,456 [Thread-1658] INFO  impl.RaftServerImpl (RaftServerImpl.java:setRole(184)) - 52743044-8979-4a08-8013-92a14c548982@group-146C50BE7901: changes role from  FOLLOWER to CANDIDATE at term 246 for changeToCandidate
2019-10-16 21:12:05,457 [Thread-1658] INFO  impl.RoleInfo (RoleInfo.java:updateAndGet(143)) - 52743044-8979-4a08-8013-92a14c548982: start LeaderElection
2019-10-16 21:12:05,497 [52743044-8979-4a08-8013-92a14c548982@group-146C50BE7901-LeaderElection207] INFO  impl.LeaderElection (LeaderElection.java:askForVotes(178)) - 52743044-8979-4a08-8013-92a14c548982@group-146C50BE7901-LeaderElection207: begin an election at term 247 for -1: [904f39be-c3d3-4df4-99c0-2e4526e577e3:192.168.157.254:45339, 52743044-8979-4a08-8013-92a14c548982:192.168.157.254:36428, 65da0c80-3604-4ac2-9a39-ee88d748a153:192.168.157.254:37466], old=null
2019-10-16 21:12:05,500 [grpc-default-executor-1] INFO  impl.RaftServerImpl (RaftServerImpl.java:setRole(184)) - 904f39be-c3d3-4df4-99c0-2e4526e577e3@group-146C50BE7901: changes role from  FOLLOWER to FOLLOWER at term 247 for recognizeCandidate:52743044-8979-4a08-8013-92a14c548982
2019-10-16 21:12:05,500 [grpc-default-executor-1] INFO  impl.RoleInfo (RoleInfo.java:shutdownFollowerState(121)) - 904f39be-c3d3-4df4-99c0-2e4526e577e3: shutdown FollowerState
2019-10-16 21:12:05,500 [grpc-default-executor-0] INFO  impl.RaftServerImpl (RaftServerImpl.java:setRole(184)) - 65da0c80-3604-4ac2-9a39-ee88d748a153@group-146C50BE7901: changes role from  FOLLOWER to FOLLOWER at term 247 for recognizeCandidate:52743044-8979-4a08-8013-92a14c548982
2019-10-16 21:12:05,500 [Thread-1656] INFO  impl.FollowerState (FollowerState.java:run(117)) - 904f39be-c3d3-4df4-99c0-2e4526e577e3@group-146C50BE7901-FollowerState was interrupted: java.lang.InterruptedException: sleep interrupted
2019-10-16 21:12:05,500 [grpc-default-executor-1] INFO  impl.RoleInfo (RoleInfo.java:updateAndGet(143)) - 904f39be-c3d3-4df4-99c0-2e4526e577e3: start FollowerState
2019-10-16 21:12:05,501 [grpc-default-executor-0] INFO  impl.RoleInfo (RoleInfo.java:shutdownFollowerState(121)) - 65da0c80-3604-4ac2-9a39-ee88d748a153: shutdown FollowerState
2019-10-16 21:12:05,501 [grpc-default-executor-0] INFO  impl.RoleInfo (RoleInfo.java:updateAndGet(143)) - 65da0c80-3604-4ac2-9a39-ee88d748a153: start FollowerState
2019-10-16 21:12:05,501 [Thread-1657] INFO  impl.FollowerState (FollowerState.java:run(117)) - 65da0c80-3604-4ac2-9a39-ee88d748a153@group-146C50BE7901-FollowerState was interrupted: java.lang.InterruptedException: sleep interrupted
2019-10-16 21:12:05,516 [52743044-8979-4a08-8013-92a14c548982@group-146C50BE7901-LeaderElection207] INFO  impl.LeaderElection (LeaderElection.java:logAndReturn(56)) - 52743044-8979-4a08-8013-92a14c548982@group-146C50BE7901-LeaderElection207: Election REJECTED; received 2 response(s) [52743044-8979-4a08-8013-92a14c548982<-904f39be-c3d3-4df4-99c0-2e4526e577e3#0:FAIL-t247, 52743044-8979-4a08-8013-92a14c548982<-65da0c80-3604-4ac2-9a39-ee88d748a153#0:FAIL-t247] and 0 exception(s); 52743044-8979-4a08-8013-92a14c548982@group-146C50BE7901:t247, leader=null, voted=52743044-8979-4a08-8013-92a14c548982, raftlog=52743044-8979-4a08-8013-92a14c548982@group-146C50BE7901-SegmentedRaftLog:OPENED:c-1,f-1,i0, conf=-1: [904f39be-c3d3-4df4-99c0-2e4526e577e3:192.168.157.254:45339, 52743044-8979-4a08-8013-92a14c548982:192.168.157.254:36428, 65da0c80-3604-4ac2-9a39-ee88d748a153:192.168.157.254:37466], old=null
2019-10-16 21:12:05,516 [52743044-8979-4a08-8013-92a14c548982@group-146C50BE7901-LeaderElection207] INFO  impl.RaftServerImpl (RaftServerImpl.java:setRole(184)) - 52743044-8979-4a08-8013-92a14c548982@group-146C50BE7901: changes role from CANDIDATE to FOLLOWER at term 247 for DISCOVERED_A_NEW_TERM
2019-10-16 21:12:05,516 [52743044-8979-4a08-8013-92a14c548982@group-146C50BE7901-LeaderElection207] INFO  impl.RoleInfo (RoleInfo.java:shutdownLeaderElection(134)) - 52743044-8979-4a08-8013-92a14c548982: shutdown LeaderElection
2019-10-16 21:12:05,516 [52743044-8979-4a08-8013-92a14c548982@group-146C50BE7901-LeaderElection207] INFO  impl.RoleInfo (RoleInfo.java:updateAndGet(143)) - 52743044-8979-4a08-8013-92a14c548982: start FollowerState
2019-10-16 21:12:05,580 [Thread-1664] INFO  impl.FollowerState (FollowerState.java:run(108)) - 52743044-8979-4a08-8013-92a14c548982@group-146C50BE7901-FollowerState: change to CANDIDATE, lastRpcTime:63ms, electionTimeout:63ms
2019-10-16 21:12:05,580 [Thread-1664] INFO  impl.RoleInfo (RoleInfo.java:shutdownFollowerState(121)) - 52743044-8979-4a08-8013-92a14c548982: shutdown FollowerState
2019-10-16 21:12:05,580 [Thread-1664] INFO  impl.RaftServerImpl (RaftServerImpl.java:setRole(184)) - 52743044-8979-4a08-8013-92a14c548982@group-146C50BE7901: changes role from  FOLLOWER to CANDIDATE at term 247 for changeToCandidate
2019-10-16 21:12:05,580 [Thread-1664] INFO  impl.RoleInfo (RoleInfo.java:updateAndGet(143)) - 52743044-8979-4a08-8013-92a14c548982: start LeaderElection
2019-10-16 21:12:05,630 [52743044-8979-4a08-8013-92a14c548982@group-146C50BE7901-LeaderElection208] INFO  impl.LeaderElection (LeaderElection.java:askForVotes(178)) - 52743044-8979-4a08-8013-92a14c548982@group-146C50BE7901-LeaderElection208: begin an election at term 248 for -1: [904f39be-c3d3-4df4-99c0-2e4526e577e3:192.168.157.254:45339, 52743044-8979-4a08-8013-92a14c548982:192.168.157.254:36428, 65da0c80-3604-4ac2-9a39-ee88d748a153:192.168.157.254:37466], old=null
2019-10-16 21:12:05,632 [grpc-default-executor-1] INFO  impl.RaftServerImpl (RaftServerImpl.java:setRole(184)) - 904f39be-c3d3-4df4-99c0-2e4526e577e3@group-146C50BE7901: changes role from  FOLLOWER to FOLLOWER at term 248 for recognizeCandidate:52743044-8979-4a08-8013-92a14c548982
2019-10-16 21:12:05,632 [grpc-default-executor-1] INFO  impl.RoleInfo (RoleInfo.java:shutdownFollowerState(121)) - 904f39be-c3d3-4df4-99c0-2e4526e577e3: shutdown FollowerState
2019-10-16 21:12:05,632 [grpc-default-executor-0] INFO  impl.RaftServerImpl (RaftServerImpl.java:setRole(184)) - 65da0c80-3604-4ac2-9a39-ee88d748a153@group-146C50BE7901: changes role from  FOLLOWER to FOLLOWER at term 248 for recognizeCandidate:52743044-8979-4a08-8013-92a14c548982
2019-10-16 21:12:05,632 [grpc-default-executor-1] INFO  impl.RoleInfo (RoleInfo.java:updateAndGet(143)) - 904f39be-c3d3-4df4-99c0-2e4526e577e3: start FollowerState
2019-10-16 21:12:05,632 [Thread-1662] INFO  impl.FollowerState (FollowerState.java:run(117)) - 904f39be-c3d3-4df4-99c0-2e4526e577e3@group-146C50BE7901-FollowerState was interrupted: java.lang.InterruptedException: sleep interrupted
2019-10-16 21:12:05,632 [grpc-default-executor-0] INFO  impl.RoleInfo (RoleInfo.java:shutdownFollowerState(121)) - 65da0c80-3604-4ac2-9a39-ee88d748a153: shutdown FollowerState
2019-10-16 21:12:05,633 [grpc-default-executor-0] INFO  impl.RoleInfo (RoleInfo.java:updateAndGet(143)) - 65da0c80-3604-4ac2-9a39-ee88d748a153: start FollowerState
2019-10-16 21:12:05,633 [Thread-1663] INFO  impl.FollowerState (FollowerState.java:run(117)) - 65da0c80-3604-4ac2-9a39-ee88d748a153@group-146C50BE7901-FollowerState was interrupted: java.lang.InterruptedException: sleep interrupted
2019-10-16 21:12:05,652 [52743044-8979-4a08-8013-92a14c548982@group-146C50BE7901-LeaderElection208] INFO  impl.LeaderElection (LeaderElection.java:logAndReturn(56)) - 52743044-8979-4a08-8013-92a14c548982@group-146C50BE7901-LeaderElection208: Election REJECTED; received 2 response(s) [52743044-8979-4a08-8013-92a14c548982<-904f39be-c3d3-4df4-99c0-2e4526e577e3#0:FAIL-t248, 52743044-8979-4a08-8013-92a14c548982<-65da0c80-3604-4ac2-9a39-ee88d748a153#0:FAIL-t248] and 0 exception(s); 52743044-8979-4a08-8013-92a14c548982@group-146C50BE7901:t248, leader=null, voted=52743044-8979-4a08-8013-92a14c548982, raftlog=52743044-8979-4a08-8013-92a14c548982@group-146C50BE7901-SegmentedRaftLog:OPENED:c-1,f-1,i0, conf=-1: [904f39be-c3d3-4df4-99c0-2e4526e577e3:192.168.157.254:45339, 52743044-8979-4a08-8013-92a14c548982:192.168.157.254:36428, 65da0c80-3604-4ac2-9a39-ee88d748a153:192.168.157.254:37466], old=null
2019-10-16 21:12:05,652 [52743044-8979-4a08-8013-92a14c548982@group-146C50BE7901-LeaderElection208] INFO  impl.RaftServerImpl (RaftServerImpl.java:setRole(184)) - 52743044-8979-4a08-8013-92a14c548982@group-146C50BE7901: changes role from CANDIDATE to FOLLOWER at term 248 for DISCOVERED_A_NEW_TERM
2019-10-16 21:12:05,653 [52743044-8979-4a08-8013-92a14c548982@group-146C50BE7901-LeaderElection208] INFO  impl.RoleInfo (RoleInfo.java:shutdownLeaderElection(134)) - 52743044-8979-4a08-8013-92a14c548982: shutdown LeaderElection
2019-10-16 21:12:05,653 [52743044-8979-4a08-8013-92a14c548982@group-146C50BE7901-LeaderElection208] INFO  impl.RoleInfo (RoleInfo.java:updateAndGet(143)) - 52743044-8979-4a08-8013-92a14c548982: start FollowerState
2019-10-16 21:12:05,694 [Thread-1670] INFO  impl.FollowerState (FollowerState.java:run(108)) - 52743044-8979-4a08-8013-92a14c548982@group-146C50BE7901-FollowerState: change to CANDIDATE, lastRpcTime:41ms, electionTimeout:41ms
2019-10-16 21:12:05,694 [Thread-1670] INFO  impl.RoleInfo (RoleInfo.java:shutdownFollowerState(121)) - 52743044-8979-4a08-8013-92a14c548982: shutdown FollowerState
2019-10-16 21:12:05,694 [Thread-1670] INFO  impl.RaftServerImpl (RaftServerImpl.java:setRole(184)) - 52743044-8979-4a08-8013-92a14c548982@group-146C50BE7901: changes role from  FOLLOWER to CANDIDATE at term 248 for changeToCandidate
2019-10-16 21:12:05,695 [Thread-1670] INFO  impl.RoleInfo (RoleInfo.java:updateAndGet(143)) - 52743044-8979-4a08-8013-92a14c548982: start LeaderElection
2019-10-16 21:12:05,723 [52743044-8979-4a08-8013-92a14c548982@group-146C50BE7901-LeaderElection209] INFO  impl.LeaderElection (LeaderElection.java:askForVotes(178)) - 52743044-8979-4a08-8013-92a14c548982@group-146C50BE7901-LeaderElection209: begin an election at term 249 for -1: [904f39be-c3d3-4df4-99c0-2e4526e577e3:192.168.157.254:45339, 52743044-8979-4a08-8013-92a14c548982:192.168.157.254:36428, 65da0c80-3604-4ac2-9a39-ee88d748a153:192.168.157.254:37466], old=null
2019-10-16 21:12:05,725 [grpc-default-executor-1] INFO  impl.RaftServerImpl (RaftServerImpl.java:setRole(184)) - 65da0c80-3604-4ac2-9a39-ee88d748a153@group-146C50BE7901: changes role from  FOLLOWER to FOLLOWER at term 249 for recognizeCandidate:52743044-8979-4a08-8013-92a14c548982
2019-10-16 21:12:05,725 [grpc-default-executor-1] INFO  impl.RoleInfo (RoleInfo.java:shutdownFollowerState(121)) - 65da0c80-3604-4ac2-9a39-ee88d748a153: shutdown FollowerState
2019-10-16 21:12:05,725 [grpc-default-executor-0] INFO  impl.RaftServerImpl (RaftServerImpl.java:setRole(184)) - 904f39be-c3d3-4df4-99c0-2e4526e577e3@group-146C50BE7901: changes role from  FOLLOWER to FOLLOWER at term 249 for recognizeCandidate:52743044-8979-4a08-8013-92a14c548982
2019-10-16 21:12:05,725 [grpc-default-executor-1] INFO  impl.RoleInfo (RoleInfo.java:updateAndGet(143)) - 65da0c80-3604-4ac2-9a39-ee88d748a153: start FollowerState
2019-10-16 21:12:05,725 [Thread-1669] INFO  impl.FollowerState (FollowerState.java:run(117)) - 65da0c80-3604-4ac2-9a39-ee88d748a153@group-146C50BE7901-FollowerState was interrupted: java.lang.InterruptedException: sleep interrupted
2019-10-16 21:12:05,725 [grpc-default-executor-0] INFO  impl.RoleInfo (RoleInfo.java:shutdownFollowerState(121)) - 904f39be-c3d3-4df4-99c0-2e4526e577e3: shutdown FollowerState
2019-10-16 21:12:05,726 [grpc-default-executor-0] INFO  impl.RoleInfo (RoleInfo.java:updateAndGet(143)) - 904f39be-c3d3-4df4-99c0-2e4526e577e3: start FollowerState
2019-10-16 21:12:05,726 [Thread-1668] INFO  impl.FollowerState (FollowerState.java:run(117)) - 904f39be-c3d3-4df4-99c0-2e4526e577e3@group-146C50BE7901-FollowerState was interrupted: java.lang.InterruptedException: sleep interrupted
2019-10-16 21:12:05,746 [52743044-8979-4a08-8013-92a14c548982@group-146C50BE7901-LeaderElection209] INFO  impl.LeaderElection (LeaderElection.java:logAndReturn(56)) - 52743044-8979-4a08-8013-92a14c548982@group-146C50BE7901-LeaderElection209: Election REJECTED; received 2 response(s) [52743044-8979-4a08-8013-92a14c548982<-904f39be-c3d3-4df4-99c0-2e4526e577e3#0:FAIL-t249, 52743044-8979-4a08-8013-92a14c548982<-65da0c80-3604-4ac2-9a39-ee88d748a153#0:FAIL-t249] and 0 exception(s); 52743044-8979-4a08-8013-92a14c548982@group-146C50BE7901:t249, leader=null, voted=52743044-8979-4a08-8013-92a14c548982, raftlog=52743044-8979-4a08-8013-92a14c548982@group-146C50BE7901-SegmentedRaftLog:OPENED:c-1,f-1,i0, conf=-1: [904f39be-c3d3-4df4-99c0-2e4526e577e3:192.168.157.254:45339, 52743044-8979-4a08-8013-92a14c548982:192.168.157.254:36428, 65da0c80-3604-4ac2-9a39-ee88d748a153:192.168.157.254:37466], old=null
2019-10-16 21:12:05,746 [52743044-8979-4a08-8013-92a14c548982@group-146C50BE7901-LeaderElection209] INFO  impl.RaftServerImpl (RaftServerImpl.java:setRole(184)) - 52743044-8979-4a08-8013-92a14c548982@group-146C50BE7901: changes role from CANDIDATE to FOLLOWER at term 249 for DISCOVERED_A_NEW_TERM
2019-10-16 21:12:05,746 [52743044-8979-4a08-8013-92a14c548982@group-146C50BE7901-LeaderElection209] INFO  impl.RoleInfo (RoleInfo.java:shutdownLeaderElection(134)) - 52743044-8979-4a08-8013-92a14c548982: shutdown LeaderElection
2019-10-16 21:12:05,746 [52743044-8979-4a08-8013-92a14c548982@group-146C50BE7901-LeaderElection209] INFO  impl.RoleInfo (RoleInfo.java:updateAndGet(143)) - 52743044-8979-4a08-8013-92a14c548982: start FollowerState
2019-10-16 21:12:05,885 [Thread-1676] INFO  impl.FollowerState (FollowerState.java:run(108)) - 52743044-8979-4a08-8013-92a14c548982@group-146C50BE7901-FollowerState: change to CANDIDATE, lastRpcTime:139ms, electionTimeout:139ms
2019-10-16 21:12:05,885 [Thread-1676] INFO  impl.RoleInfo (RoleInfo.java:shutdownFollowerState(121)) - 52743044-8979-4a08-8013-92a14c548982: shutdown FollowerState
2019-10-16 21:12:05,886 [Thread-1676] INFO  impl.RaftServerImpl (RaftServerImpl.java:setRole(184)) - 52743044-8979-4a08-8013-92a14c548982@group-146C50BE7901: changes role from  FOLLOWER to CANDIDATE at term 249 for changeToCandidate
2019-10-16 21:12:05,886 [Thread-1676] INFO  impl.RoleInfo (RoleInfo.java:updateAndGet(143)) - 52743044-8979-4a08-8013-92a14c548982: start LeaderElection
2019-10-16 21:12:05,899 [52743044-8979-4a08-8013-92a14c548982@group-146C50BE7901-LeaderElection210] INFO  impl.LeaderElection (LeaderElection.java:askForVotes(178)) - 52743044-8979-4a08-8013-92a14c548982@group-146C50BE7901-LeaderElection210: begin an election at term 250 for -1: [904f39be-c3d3-4df4-99c0-2e4526e577e3:192.168.157.254:45339, 52743044-8979-4a08-8013-92a14c548982:192.168.157.254:36428, 65da0c80-3604-4ac2-9a39-ee88d748a153:192.168.157.254:37466], old=null
2019-10-16 21:12:05,901 [grpc-default-executor-1] INFO  impl.RaftServerImpl (RaftServerImpl.java:setRole(184)) - 904f39be-c3d3-4df4-99c0-2e4526e577e3@group-146C50BE7901: changes role from  FOLLOWER to FOLLOWER at term 250 for recognizeCandidate:52743044-8979-4a08-8013-92a14c548982
2019-10-16 21:12:05,901 [grpc-default-executor-0] INFO  impl.RaftServerImpl (RaftServerImpl.java:setRole(184)) - 65da0c80-3604-4ac2-9a39-ee88d748a153@group-146C50BE7901: changes role from  FOLLOWER to FOLLOWER at term 250 for recognizeCandidate:52743044-8979-4a08-8013-92a14c548982
2019-10-16 21:12:05,901 [grpc-default-executor-1] INFO  impl.RoleInfo (RoleInfo.java:shutdownFollowerState(121)) - 904f39be-c3d3-4df4-99c0-2e4526e577e3: shutdown FollowerState
2019-10-16 21:12:05,901 [grpc-default-executor-0] INFO  impl.RoleInfo (RoleInfo.java:shutdownFollowerState(121)) - 65da0c80-3604-4ac2-9a39-ee88d748a153: shutdown FollowerState
2019-10-16 21:12:05,901 [grpc-default-executor-1] INFO  impl.RoleInfo (RoleInfo.java:updateAndGet(143)) - 904f39be-c3d3-4df4-99c0-2e4526e577e3: start FollowerState
2019-10-16 21:12:05,902 [grpc-default-executor-0] INFO  impl.RoleInfo (RoleInfo.java:updateAndGet(143)) - 65da0c80-3604-4ac2-9a39-ee88d748a153: start FollowerState
2019-10-16 21:12:05,902 [Thread-1675] INFO  impl.FollowerState (FollowerState.java:run(117)) - 904f39be-c3d3-4df4-99c0-2e4526e577e3@group-146C50BE7901-FollowerState was interrupted: java.lang.InterruptedException: sleep interrupted
2019-10-16 21:12:05,902 [Thread-1674] INFO  impl.FollowerState (FollowerState.java:run(117)) - 65da0c80-3604-4ac2-9a39-ee88d748a153@group-146C50BE7901-FollowerState was interrupted: java.lang.InterruptedException: sleep interrupted
2019-10-16 21:12:05,941 [52743044-8979-4a08-8013-92a14c548982@group-146C50BE7901-LeaderElection210] INFO  impl.LeaderElection (LeaderElection.java:logAndReturn(56)) - 52743044-8979-4a08-8013-92a14c548982@group-146C50BE7901-LeaderElection210: Election REJECTED; received 2 response(s) [52743044-8979-4a08-8013-92a14c548982<-904f39be-c3d3-4df4-99c0-2e4526e577e3#0:FAIL-t250, 52743044-8979-4a08-8013-92a14c548982<-65da0c80-3604-4ac2-9a39-ee88d748a153#0:FAIL-t250] and 0 exception(s); 52743044-8979-4a08-8013-92a14c548982@group-146C50BE7901:t250, leader=null, voted=52743044-8979-4a08-8013-92a14c548982, raftlog=52743044-8979-4a08-8013-92a14c548982@group-146C50BE7901-SegmentedRaftLog:OPENED:c-1,f-1,i0, conf=-1: [904f39be-c3d3-4df4-99c0-2e4526e577e3:192.168.157.254:45339, 52743044-8979-4a08-8013-92a14c548982:192.168.157.254:36428, 65da0c80-3604-4ac2-9a39-ee88d748a153:192.168.157.254:37466], old=null
2019-10-16 21:12:05,942 [52743044-8979-4a08-8013-92a14c548982@group-146C50BE7901-LeaderElection210] INFO  impl.RaftServerImpl (RaftServerImpl.java:setRole(184)) - 52743044-8979-4a08-8013-92a14c548982@group-146C50BE7901: changes role from CANDIDATE to FOLLOWER at term 250 for DISCOVERED_A_NEW_TERM
2019-10-16 21:12:05,942 [52743044-8979-4a08-8013-92a14c548982@group-146C50BE7901-LeaderElection210] INFO  impl.RoleInfo (RoleInfo.java:shutdownLeaderElection(134)) - 52743044-8979-4a08-8013-92a14c548982: shutdown LeaderElection
2019-10-16 21:12:05,942 [52743044-8979-4a08-8013-92a14c548982@group-146C50BE7901-LeaderElection210] INFO  impl.RoleInfo (RoleInfo.java:updateAndGet(143)) - 52743044-8979-4a08-8013-92a14c548982: start FollowerState
2019-10-16 21:12:06,093 [Thread-1682] INFO  impl.FollowerState (FollowerState.java:run(108)) - 52743044-8979-4a08-8013-92a14c548982@group-146C50BE7901-FollowerState: change to CANDIDATE, lastRpcTime:151ms, electionTimeout:151ms
2019-10-16 21:12:06,094 [Thread-1682] INFO  impl.RoleInfo (RoleInfo.java:shutdownFollowerState(121)) - 52743044-8979-4a08-8013-92a14c548982: shutdown FollowerState
2019-10-16 21:12:06,094 [Thread-1682] INFO  impl.RaftServerImpl (RaftServerImpl.java:setRole(184)) - 52743044-8979-4a08-8013-92a14c548982@group-146C50BE7901: changes role from  FOLLOWER to CANDIDATE at term 250 for changeToCandidate
2019-10-16 21:12:06,094 [Thread-1682] INFO  impl.RoleInfo (RoleInfo.java:updateAndGet(143)) - 52743044-8979-4a08-8013-92a14c548982: start LeaderElection
2019-10-16 21:12:06,121 [52743044-8979-4a08-8013-92a14c548982@group-146C50BE7901-LeaderElection211] INFO  impl.LeaderElection (LeaderElection.java:askForVotes(178)) - 52743044-8979-4a08-8013-92a14c548982@group-146C50BE7901-LeaderElection211: begin an election at term 251 for -1: [904f39be-c3d3-4df4-99c0-2e4526e577e3:192.168.157.254:45339, 52743044-8979-4a08-8013-92a14c548982:192.168.157.254:36428, 65da0c80-3604-4ac2-9a39-ee88d748a153:192.168.157.254:37466], old=null
2019-10-16 21:12:06,123 [grpc-default-executor-1] INFO  impl.RaftServerImpl (RaftServerImpl.java:setRole(184)) - 65da0c80-3604-4ac2-9a39-ee88d748a153@group-146C50BE7901: changes role from  FOLLOWER to FOLLOWER at term 251 for recognizeCandidate:52743044-8979-4a08-8013-92a14c548982
2019-10-16 21:12:06,124 [grpc-default-executor-0] INFO  impl.RaftServerImpl (RaftServerImpl.java:setRole(184)) - 904f39be-c3d3-4df4-99c0-2e4526e577e3@group-146C50BE7901: changes role from  FOLLOWER to FOLLOWER at term 251 for recognizeCandidate:52743044-8979-4a08-8013-92a14c548982
2019-10-16 21:12:06,124 [grpc-default-executor-1] INFO  impl.RoleInfo (RoleInfo.java:shutdownFollowerState(121)) - 65da0c80-3604-4ac2-9a39-ee88d748a153: shutdown FollowerState
2019-10-16 21:12:06,124 [grpc-default-executor-0] INFO  impl.RoleInfo (RoleInfo.java:shutdownFollowerState(121)) - 904f39be-c3d3-4df4-99c0-2e4526e577e3: shutdown FollowerState
2019-10-16 21:12:06,124 [grpc-default-executor-1] INFO  impl.RoleInfo (RoleInfo.java:updateAndGet(143)) - 65da0c80-3604-4ac2-9a39-ee88d748a153: start FollowerState
2019-10-16 21:12:06,124 [grpc-default-executor-0] INFO  impl.RoleInfo (RoleInfo.java:updateAndGet(143)) - 904f39be-c3d3-4df4-99c0-2e4526e577e3: start FollowerState
2019-10-16 21:12:06,124 [Thread-1681] INFO  impl.FollowerState (FollowerState.java:run(117)) - 65da0c80-3604-4ac2-9a39-ee88d748a153@group-146C50BE7901-FollowerState was interrupted: java.lang.InterruptedException: sleep interrupted
2019-10-16 21:12:06,124 [Thread-1680] INFO  impl.FollowerState (FollowerState.java:run(117)) - 904f39be-c3d3-4df4-99c0-2e4526e577e3@group-146C50BE7901-FollowerState was interrupted: java.lang.InterruptedException: sleep interrupted
2019-10-16 21:12:06,134 [52743044-8979-4a08-8013-92a14c548982@group-146C50BE7901-LeaderElection211] INFO  impl.LeaderElection (LeaderElection.java:logAndReturn(56)) - 52743044-8979-4a08-8013-92a14c548982@group-146C50BE7901-LeaderElection211: Election TIMEOUT; received 0 response(s) [] and 0 exception(s); 52743044-8979-4a08-8013-92a14c548982@group-146C50BE7901:t251, leader=null, voted=52743044-8979-4a08-8013-92a14c548982, raftlog=52743044-8979-4a08-8013-92a14c548982@group-146C50BE7901-SegmentedRaftLog:OPENED:c-1,f-1,i0, conf=-1: [904f39be-c3d3-4df4-99c0-2e4526e577e3:192.168.157.254:45339, 52743044-8979-4a08-8013-92a14c548982:192.168.157.254:36428, 65da0c80-3604-4ac2-9a39-ee88d748a153:192.168.157.254:37466], old=null
2019-10-16 21:12:06,176 [52743044-8979-4a08-8013-92a14c548982@group-146C50BE7901-LeaderElection211] INFO  impl.LeaderElection (LeaderElection.java:askForVotes(178)) - 52743044-8979-4a08-8013-92a14c548982@group-146C50BE7901-LeaderElection211: begin an election at term 252 for -1: [904f39be-c3d3-4df4-99c0-2e4526e577e3:192.168.157.254:45339, 52743044-8979-4a08-8013-92a14c548982:192.168.157.254:36428, 65da0c80-3604-4ac2-9a39-ee88d748a153:192.168.157.254:37466], old=null
2019-10-16 21:12:06,178 [grpc-default-executor-1] INFO  impl.RaftServerImpl (RaftServerImpl.java:setRole(184)) - 65da0c80-3604-4ac2-9a39-ee88d748a153@group-146C50BE7901: changes role from  FOLLOWER to FOLLOWER at term 252 for recognizeCandidate:52743044-8979-4a08-8013-92a14c548982
2019-10-16 21:12:06,178 [grpc-default-executor-0] INFO  impl.RaftServerImpl (RaftServerImpl.java:setRole(184)) - 904f39be-c3d3-4df4-99c0-2e4526e577e3@group-146C50BE7901: changes role from  FOLLOWER to FOLLOWER at term 252 for recognizeCandidate:52743044-8979-4a08-8013-92a14c548982
2019-10-16 21:12:06,178 [grpc-default-executor-1] INFO  impl.RoleInfo (RoleInfo.java:shutdownFollowerState(121)) - 65da0c80-3604-4ac2-9a39-ee88d748a153: shutdown FollowerState
2019-10-16 21:12:06,179 [grpc-default-executor-0] INFO  impl.RoleInfo (RoleInfo.java:shutdownFollowerState(121)) - 904f39be-c3d3-4df4-99c0-2e4526e577e3: shutdown FollowerState
2019-10-16 21:12:06,179 [Thread-1686] INFO  impl.FollowerState (FollowerState.java:run(117)) - 65da0c80-3604-4ac2-9a39-ee88d748a153@group-146C50BE7901-FollowerState was interrupted: java.lang.InterruptedException: sleep interrupted
2019-10-16 21:12:06,179 [grpc-default-executor-1] INFO  impl.RoleInfo (RoleInfo.java:updateAndGet(143)) - 65da0c80-3604-4ac2-9a39-ee88d748a153: start FollowerState
2019-10-16 21:12:06,179 [Thread-1687] INFO  impl.FollowerState (FollowerState.java:run(117)) - 904f39be-c3d3-4df4-99c0-2e4526e577e3@group-146C50BE7901-FollowerState was interrupted: java.lang.InterruptedException: sleep interrupted
2019-10-16 21:12:06,179 [grpc-default-executor-0] INFO  impl.RoleInfo (RoleInfo.java:updateAndGet(143)) - 904f39be-c3d3-4df4-99c0-2e4526e577e3: start FollowerState
2019-10-16 21:12:06,198 [52743044-8979-4a08-8013-92a14c548982@group-146C50BE7901-LeaderElection211] INFO  impl.LeaderElection (LeaderElection.java:logAndReturn(56)) - 52743044-8979-4a08-8013-92a14c548982@group-146C50BE7901-LeaderElection211: Election REJECTED; received 2 response(s) [52743044-8979-4a08-8013-92a14c548982<-904f39be-c3d3-4df4-99c0-2e4526e577e3#0:FAIL-t252, 52743044-8979-4a08-8013-92a14c548982<-65da0c80-3604-4ac2-9a39-ee88d748a153#0:FAIL-t252] and 0 exception(s); 52743044-8979-4a08-8013-92a14c548982@group-146C50BE7901:t252, leader=null, voted=52743044-8979-4a08-8013-92a14c548982, raftlog=52743044-8979-4a08-8013-92a14c548982@group-146C50BE7901-SegmentedRaftLog:OPENED:c-1,f-1,i0, conf=-1: [904f39be-c3d3-4df4-99c0-2e4526e577e3:192.168.157.254:45339, 52743044-8979-4a08-8013-92a14c548982:192.168.157.254:36428, 65da0c80-3604-4ac2-9a39-ee88d748a153:192.168.157.254:37466], old=null
2019-10-16 21:12:06,198 [52743044-8979-4a08-8013-92a14c548982@group-146C50BE7901-LeaderElection211] INFO  impl.RaftServerImpl (RaftServerImpl.java:setRole(184)) - 52743044-8979-4a08-8013-92a14c548982@group-146C50BE7901: changes role from CANDIDATE to FOLLOWER at term 252 for DISCOVERED_A_NEW_TERM
2019-10-16 21:12:06,198 [52743044-8979-4a08-8013-92a14c548982@group-146C50BE7901-LeaderElection211] INFO  impl.RoleInfo (RoleInfo.java:shutdownLeaderElection(134)) - 52743044-8979-4a08-8013-92a14c548982: shutdown LeaderElection
2019-10-16 21:12:06,199 [52743044-8979-4a08-8013-92a14c548982@group-146C50BE7901-LeaderElection211] INFO  impl.RoleInfo (RoleInfo.java:updateAndGet(143)) - 52743044-8979-4a08-8013-92a14c548982: start FollowerState
2019-10-16 21:12:06,212 [main] INFO  ozone.MiniOzoneClusterImpl (MiniOzoneClusterImpl.java:lambda$waitForClusterToBeReady$2(164)) - Waiting for 1 number of pipelines out of 4, to report a leader.
2019-10-16 21:12:06,395 [Thread-1692] INFO  impl.FollowerState (FollowerState.java:run(108)) - 52743044-8979-4a08-8013-92a14c548982@group-146C50BE7901-FollowerState: change to CANDIDATE, lastRpcTime:196ms, electionTimeout:196ms
2019-10-16 21:12:06,395 [Thread-1692] INFO  impl.RoleInfo (RoleInfo.java:shutdownFollowerState(121)) - 52743044-8979-4a08-8013-92a14c548982: shutdown FollowerState
2019-10-16 21:12:06,395 [Thread-1692] INFO  impl.RaftServerImpl (RaftServerImpl.java:setRole(184)) - 52743044-8979-4a08-8013-92a14c548982@group-146C50BE7901: changes role from  FOLLOWER to CANDIDATE at term 252 for changeToCandidate
2019-10-16 21:12:06,395 [Thread-1692] INFO  impl.RoleInfo (RoleInfo.java:updateAndGet(143)) - 52743044-8979-4a08-8013-92a14c548982: start LeaderElection
2019-10-16 21:12:06,442 [52743044-8979-4a08-8013-92a14c548982@group-146C50BE7901-LeaderElection212] INFO  impl.LeaderElection (LeaderElection.java:askForVotes(178)) - 52743044-8979-4a08-8013-92a14c548982@group-146C50BE7901-LeaderElection212: begin an election at term 253 for -1: [904f39be-c3d3-4df4-99c0-2e4526e577e3:192.168.157.254:45339, 52743044-8979-4a08-8013-92a14c548982:192.168.157.254:36428, 65da0c80-3604-4ac2-9a39-ee88d748a153:192.168.157.254:37466], old=null
2019-10-16 21:12:06,444 [grpc-default-executor-0] INFO  impl.RaftServerImpl (RaftServerImpl.java:setRole(184)) - 904f39be-c3d3-4df4-99c0-2e4526e577e3@group-146C50BE7901: changes role from  FOLLOWER to FOLLOWER at term 253 for recognizeCandidate:52743044-8979-4a08-8013-92a14c548982
2019-10-16 21:12:06,444 [grpc-default-executor-1] INFO  impl.RaftServerImpl (RaftServerImpl.java:setRole(184)) - 65da0c80-3604-4ac2-9a39-ee88d748a153@group-146C50BE7901: changes role from  FOLLOWER to FOLLOWER at term 253 for recognizeCandidate:52743044-8979-4a08-8013-92a14c548982
2019-10-16 21:12:06,444 [grpc-default-executor-0] INFO  impl.RoleInfo (RoleInfo.java:shutdownFollowerState(121)) - 904f39be-c3d3-4df4-99c0-2e4526e577e3: shutdown FollowerState
2019-10-16 21:12:06,444 [grpc-default-executor-1] INFO  impl.RoleInfo (RoleInfo.java:shutdownFollowerState(121)) - 65da0c80-3604-4ac2-9a39-ee88d748a153: shutdown FollowerState
2019-10-16 21:12:06,445 [grpc-default-executor-0] INFO  impl.RoleInfo (RoleInfo.java:updateAndGet(143)) - 904f39be-c3d3-4df4-99c0-2e4526e577e3: start FollowerState
2019-10-16 21:12:06,445 [Thread-1690] INFO  impl.FollowerState (FollowerState.java:run(117)) - 65da0c80-3604-4ac2-9a39-ee88d748a153@group-146C50BE7901-FollowerState was interrupted: java.lang.InterruptedException: sleep interrupted
2019-10-16 21:12:06,445 [Thread-1691] INFO  impl.FollowerState (FollowerState.java:run(117)) - 904f39be-c3d3-4df4-99c0-2e4526e577e3@group-146C50BE7901-FollowerState was interrupted: java.lang.InterruptedException: sleep interrupted
2019-10-16 21:12:06,445 [grpc-default-executor-1] INFO  impl.RoleInfo (RoleInfo.java:updateAndGet(143)) - 65da0c80-3604-4ac2-9a39-ee88d748a153: start FollowerState
2019-10-16 21:12:06,447 [52743044-8979-4a08-8013-92a14c548982@group-146C50BE7901-LeaderElection212] INFO  impl.LeaderElection (LeaderElection.java:logAndReturn(56)) - 52743044-8979-4a08-8013-92a14c548982@group-146C50BE7901-LeaderElection212: Election TIMEOUT; received 0 response(s) [] and 0 exception(s); 52743044-8979-4a08-8013-92a14c548982@group-146C50BE7901:t253, leader=null, voted=52743044-8979-4a08-8013-92a14c548982, raftlog=52743044-8979-4a08-8013-92a14c548982@group-146C50BE7901-SegmentedRaftLog:OPENED:c-1,f-1,i0, conf=-1: [904f39be-c3d3-4df4-99c0-2e4526e577e3:192.168.157.254:45339, 52743044-8979-4a08-8013-92a14c548982:192.168.157.254:36428, 65da0c80-3604-4ac2-9a39-ee88d748a153:192.168.157.254:37466], old=null
2019-10-16 21:12:06,458 [52743044-8979-4a08-8013-92a14c548982@group-146C50BE7901-LeaderElection212] INFO  impl.LeaderElection (LeaderElection.java:askForVotes(178)) - 52743044-8979-4a08-8013-92a14c548982@group-146C50BE7901-LeaderElection212: begin an election at term 254 for -1: [904f39be-c3d3-4df4-99c0-2e4526e577e3:192.168.157.254:45339, 52743044-8979-4a08-8013-92a14c548982:192.168.157.254:36428, 65da0c80-3604-4ac2-9a39-ee88d748a153:192.168.157.254:37466], old=null
2019-10-16 21:12:06,460 [grpc-default-executor-1] INFO  impl.RaftServerImpl (RaftServerImpl.java:setRole(184)) - 904f39be-c3d3-4df4-99c0-2e4526e577e3@group-146C50BE7901: changes role from  FOLLOWER to FOLLOWER at term 254 for recognizeCandidate:52743044-8979-4a08-8013-92a14c548982
2019-10-16 21:12:06,461 [grpc-default-executor-1] INFO  impl.RoleInfo (RoleInfo.java:shutdownFollowerState(121)) - 904f39be-c3d3-4df4-99c0-2e4526e577e3: shutdown FollowerState
2019-10-16 21:12:06,461 [grpc-default-executor-1] INFO  impl.RoleInfo (RoleInfo.java:updateAndGet(143)) - 904f39be-c3d3-4df4-99c0-2e4526e577e3: start FollowerState
2019-10-16 21:12:06,461 [Thread-1696] INFO  impl.FollowerState (FollowerState.java:run(117)) - 904f39be-c3d3-4df4-99c0-2e4526e577e3@group-146C50BE7901-FollowerState was interrupted: java.lang.InterruptedException: sleep interrupted
2019-10-16 21:12:06,461 [grpc-default-executor-0] INFO  impl.RaftServerImpl (RaftServerImpl.java:setRole(184)) - 65da0c80-3604-4ac2-9a39-ee88d748a153@group-146C50BE7901: changes role from  FOLLOWER to FOLLOWER at term 254 for recognizeCandidate:52743044-8979-4a08-8013-92a14c548982
2019-10-16 21:12:06,461 [grpc-default-executor-0] INFO  impl.RoleInfo (RoleInfo.java:shutdownFollowerState(121)) - 65da0c80-3604-4ac2-9a39-ee88d748a153: shutdown FollowerState
2019-10-16 21:12:06,461 [grpc-default-executor-0] INFO  impl.RoleInfo (RoleInfo.java:updateAndGet(143)) - 65da0c80-3604-4ac2-9a39-ee88d748a153: start FollowerState
2019-10-16 21:12:06,461 [Thread-1697] INFO  impl.FollowerState (FollowerState.java:run(117)) - 65da0c80-3604-4ac2-9a39-ee88d748a153@group-146C50BE7901-FollowerState was interrupted: java.lang.InterruptedException: sleep interrupted
2019-10-16 21:12:06,516 [52743044-8979-4a08-8013-92a14c548982@group-146C50BE7901-LeaderElection212] INFO  impl.LeaderElection (LeaderElection.java:logAndReturn(56)) - 52743044-8979-4a08-8013-92a14c548982@group-146C50BE7901-LeaderElection212: Election REJECTED; received 2 response(s) [52743044-8979-4a08-8013-92a14c548982<-904f39be-c3d3-4df4-99c0-2e4526e577e3#0:FAIL-t254, 52743044-8979-4a08-8013-92a14c548982<-65da0c80-3604-4ac2-9a39-ee88d748a153#0:FAIL-t254] and 0 exception(s); 52743044-8979-4a08-8013-92a14c548982@group-146C50BE7901:t254, leader=null, voted=52743044-8979-4a08-8013-92a14c548982, raftlog=52743044-8979-4a08-8013-92a14c548982@group-146C50BE7901-SegmentedRaftLog:OPENED:c-1,f-1,i0, conf=-1: [904f39be-c3d3-4df4-99c0-2e4526e577e3:192.168.157.254:45339, 52743044-8979-4a08-8013-92a14c548982:192.168.157.254:36428, 65da0c80-3604-4ac2-9a39-ee88d748a153:192.168.157.254:37466], old=null
2019-10-16 21:12:06,517 [52743044-8979-4a08-8013-92a14c548982@group-146C50BE7901-LeaderElection212] INFO  impl.RaftServerImpl (RaftServerImpl.java:setRole(184)) - 52743044-8979-4a08-8013-92a14c548982@group-146C50BE7901: changes role from CANDIDATE to FOLLOWER at term 254 for DISCOVERED_A_NEW_TERM
2019-10-16 21:12:06,517 [52743044-8979-4a08-8013-92a14c548982@group-146C50BE7901-LeaderElection212] INFO  impl.RoleInfo (RoleInfo.java:shutdownLeaderElection(134)) - 52743044-8979-4a08-8013-92a14c548982: shutdown LeaderElection
2019-10-16 21:12:06,517 [52743044-8979-4a08-8013-92a14c548982@group-146C50BE7901-LeaderElection212] INFO  impl.RoleInfo (RoleInfo.java:updateAndGet(143)) - 52743044-8979-4a08-8013-92a14c548982: start FollowerState
2019-10-16 21:12:06,595 [Thread-1702] INFO  impl.FollowerState (FollowerState.java:run(108)) - 52743044-8979-4a08-8013-92a14c548982@group-146C50BE7901-FollowerState: change to CANDIDATE, lastRpcTime:78ms, electionTimeout:78ms
2019-10-16 21:12:06,595 [Thread-1702] INFO  impl.RoleInfo (RoleInfo.java:shutdownFollowerState(121)) - 52743044-8979-4a08-8013-92a14c548982: shutdown FollowerState
2019-10-16 21:12:06,596 [Thread-1702] INFO  impl.RaftServerImpl (RaftServerImpl.java:setRole(184)) - 52743044-8979-4a08-8013-92a14c548982@group-146C50BE7901: changes role from  FOLLOWER to CANDIDATE at term 254 for changeToCandidate
2019-10-16 21:12:06,596 [Thread-1702] INFO  impl.RoleInfo (RoleInfo.java:updateAndGet(143)) - 52743044-8979-4a08-8013-92a14c548982: start LeaderElection
2019-10-16 21:12:06,610 [52743044-8979-4a08-8013-92a14c548982@group-146C50BE7901-LeaderElection213] INFO  impl.LeaderElection (LeaderElection.java:askForVotes(178)) - 52743044-8979-4a08-8013-92a14c548982@group-146C50BE7901-LeaderElection213: begin an election at term 255 for -1: [904f39be-c3d3-4df4-99c0-2e4526e577e3:192.168.157.254:45339, 52743044-8979-4a08-8013-92a14c548982:192.168.157.254:36428, 65da0c80-3604-4ac2-9a39-ee88d748a153:192.168.157.254:37466], old=null
2019-10-16 21:12:06,611 [grpc-default-executor-0] INFO  impl.RaftServerImpl (RaftServerImpl.java:setRole(184)) - 904f39be-c3d3-4df4-99c0-2e4526e577e3@group-146C50BE7901: changes role from  FOLLOWER to FOLLOWER at term 255 for recognizeCandidate:52743044-8979-4a08-8013-92a14c548982
2019-10-16 21:12:06,611 [grpc-default-executor-0] INFO  impl.RoleInfo (RoleInfo.java:shutdownFollowerState(121)) - 904f39be-c3d3-4df4-99c0-2e4526e577e3: shutdown FollowerState
2019-10-16 21:12:06,611 [grpc-default-executor-1] INFO  impl.RaftServerImpl (RaftServerImpl.java:setRole(184)) - 65da0c80-3604-4ac2-9a39-ee88d748a153@group-146C50BE7901: changes role from  FOLLOWER to FOLLOWER at term 255 for recognizeCandidate:52743044-8979-4a08-8013-92a14c548982
2019-10-16 21:12:06,612 [grpc-default-executor-1] INFO  impl.RoleInfo (RoleInfo.java:shutdownFollowerState(121)) - 65da0c80-3604-4ac2-9a39-ee88d748a153: shutdown FollowerState
2019-10-16 21:12:06,612 [grpc-default-executor-0] INFO  impl.RoleInfo (RoleInfo.java:updateAndGet(143)) - 904f39be-c3d3-4df4-99c0-2e4526e577e3: start FollowerState
2019-10-16 21:12:06,612 [Thread-1700] INFO  impl.FollowerState (FollowerState.java:run(117)) - 904f39be-c3d3-4df4-99c0-2e4526e577e3@group-146C50BE7901-FollowerState was interrupted: java.lang.InterruptedException: sleep interrupted
2019-10-16 21:12:06,612 [Thread-1701] INFO  impl.FollowerState (FollowerState.java:run(117)) - 65da0c80-3604-4ac2-9a39-ee88d748a153@group-146C50BE7901-FollowerState was interrupted: java.lang.InterruptedException: sleep interrupted
2019-10-16 21:12:06,612 [grpc-default-executor-1] INFO  impl.RoleInfo (RoleInfo.java:updateAndGet(143)) - 65da0c80-3604-4ac2-9a39-ee88d748a153: start FollowerState
2019-10-16 21:12:06,631 [52743044-8979-4a08-8013-92a14c548982@group-146C50BE7901-LeaderElection213] INFO  impl.LeaderElection (LeaderElection.java:logAndReturn(56)) - 52743044-8979-4a08-8013-92a14c548982@group-146C50BE7901-LeaderElection213: Election REJECTED; received 2 response(s) [52743044-8979-4a08-8013-92a14c548982<-904f39be-c3d3-4df4-99c0-2e4526e577e3#0:FAIL-t255, 52743044-8979-4a08-8013-92a14c548982<-65da0c80-3604-4ac2-9a39-ee88d748a153#0:FAIL-t255] and 0 exception(s); 52743044-8979-4a08-8013-92a14c548982@group-146C50BE7901:t255, leader=null, voted=52743044-8979-4a08-8013-92a14c548982, raftlog=52743044-8979-4a08-8013-92a14c548982@group-146C50BE7901-SegmentedRaftLog:OPENED:c-1,f-1,i0, conf=-1: [904f39be-c3d3-4df4-99c0-2e4526e577e3:192.168.157.254:45339, 52743044-8979-4a08-8013-92a14c548982:192.168.157.254:36428, 65da0c80-3604-4ac2-9a39-ee88d748a153:192.168.157.254:37466], old=null
2019-10-16 21:12:06,632 [52743044-8979-4a08-8013-92a14c548982@group-146C50BE7901-LeaderElection213] INFO  impl.RaftServerImpl (RaftServerImpl.java:setRole(184)) - 52743044-8979-4a08-8013-92a14c548982@group-146C50BE7901: changes role from CANDIDATE to FOLLOWER at term 255 for DISCOVERED_A_NEW_TERM
2019-10-16 21:12:06,632 [52743044-8979-4a08-8013-92a14c548982@group-146C50BE7901-LeaderElection213] INFO  impl.RoleInfo (RoleInfo.java:shutdownLeaderElection(134)) - 52743044-8979-4a08-8013-92a14c548982: shutdown LeaderElection
2019-10-16 21:12:06,632 [52743044-8979-4a08-8013-92a14c548982@group-146C50BE7901-LeaderElection213] INFO  impl.RoleInfo (RoleInfo.java:updateAndGet(143)) - 52743044-8979-4a08-8013-92a14c548982: start FollowerState
2019-10-16 21:12:06,783 [Thread-1708] INFO  impl.FollowerState (FollowerState.java:run(108)) - 52743044-8979-4a08-8013-92a14c548982@group-146C50BE7901-FollowerState: change to CANDIDATE, lastRpcTime:151ms, electionTimeout:151ms
2019-10-16 21:12:06,783 [Thread-1708] INFO  impl.RoleInfo (RoleInfo.java:shutdownFollowerState(121)) - 52743044-8979-4a08-8013-92a14c548982: shutdown FollowerState
2019-10-16 21:12:06,783 [Thread-1708] INFO  impl.RaftServerImpl (RaftServerImpl.java:setRole(184)) - 52743044-8979-4a08-8013-92a14c548982@group-146C50BE7901: changes role from  FOLLOWER to CANDIDATE at term 255 for changeToCandidate
2019-10-16 21:12:06,784 [Thread-1708] INFO  impl.RoleInfo (RoleInfo.java:updateAndGet(143)) - 52743044-8979-4a08-8013-92a14c548982: start LeaderElection
2019-10-16 21:12:06,818 [52743044-8979-4a08-8013-92a14c548982@group-146C50BE7901-LeaderElection214] INFO  impl.LeaderElection (LeaderElection.java:askForVotes(178)) - 52743044-8979-4a08-8013-92a14c548982@group-146C50BE7901-LeaderElection214: begin an election at term 256 for -1: [904f39be-c3d3-4df4-99c0-2e4526e577e3:192.168.157.254:45339, 52743044-8979-4a08-8013-92a14c548982:192.168.157.254:36428, 65da0c80-3604-4ac2-9a39-ee88d748a153:192.168.157.254:37466], old=null
2019-10-16 21:12:06,820 [grpc-default-executor-1] INFO  impl.RaftServerImpl (RaftServerImpl.java:setRole(184)) - 904f39be-c3d3-4df4-99c0-2e4526e577e3@group-146C50BE7901: changes role from  FOLLOWER to FOLLOWER at term 256 for recognizeCandidate:52743044-8979-4a08-8013-92a14c548982
2019-10-16 21:12:06,820 [grpc-default-executor-0] INFO  impl.RaftServerImpl (RaftServerImpl.java:setRole(184)) - 65da0c80-3604-4ac2-9a39-ee88d748a153@group-146C50BE7901: changes role from  FOLLOWER to FOLLOWER at term 256 for recognizeCandidate:52743044-8979-4a08-8013-92a14c548982
2019-10-16 21:12:06,820 [grpc-default-executor-1] INFO  impl.RoleInfo (RoleInfo.java:shutdownFollowerState(121)) - 904f39be-c3d3-4df4-99c0-2e4526e577e3: shutdown FollowerState
2019-10-16 21:12:06,820 [grpc-default-executor-0] INFO  impl.RoleInfo (RoleInfo.java:shutdownFollowerState(121)) - 65da0c80-3604-4ac2-9a39-ee88d748a153: shutdown FollowerState
2019-10-16 21:12:06,820 [grpc-default-executor-1] INFO  impl.RoleInfo (RoleInfo.java:updateAndGet(143)) - 904f39be-c3d3-4df4-99c0-2e4526e577e3: start FollowerState
2019-10-16 21:12:06,820 [Thread-1706] INFO  impl.FollowerState (FollowerState.java:run(117)) - 904f39be-c3d3-4df4-99c0-2e4526e577e3@group-146C50BE7901-FollowerState was interrupted: java.lang.InterruptedException: sleep interrupted
2019-10-16 21:12:06,820 [grpc-default-executor-0] INFO  impl.RoleInfo (RoleInfo.java:updateAndGet(143)) - 65da0c80-3604-4ac2-9a39-ee88d748a153: start FollowerState
2019-10-16 21:12:06,820 [Thread-1707] INFO  impl.FollowerState (FollowerState.java:run(117)) - 65da0c80-3604-4ac2-9a39-ee88d748a153@group-146C50BE7901-FollowerState was interrupted: java.lang.InterruptedException: sleep interrupted
2019-10-16 21:12:06,855 [52743044-8979-4a08-8013-92a14c548982@group-146C50BE7901-LeaderElection214] INFO  impl.LeaderElection (LeaderElection.java:logAndReturn(56)) - 52743044-8979-4a08-8013-92a14c548982@group-146C50BE7901-LeaderElection214: Election REJECTED; received 2 response(s) [52743044-8979-4a08-8013-92a14c548982<-904f39be-c3d3-4df4-99c0-2e4526e577e3#0:FAIL-t256, 52743044-8979-4a08-8013-92a14c548982<-65da0c80-3604-4ac2-9a39-ee88d748a153#0:FAIL-t256] and 0 exception(s); 52743044-8979-4a08-8013-92a14c548982@group-146C50BE7901:t256, leader=null, voted=52743044-8979-4a08-8013-92a14c548982, raftlog=52743044-8979-4a08-8013-92a14c548982@group-146C50BE7901-SegmentedRaftLog:OPENED:c-1,f-1,i0, conf=-1: [904f39be-c3d3-4df4-99c0-2e4526e577e3:192.168.157.254:45339, 52743044-8979-4a08-8013-92a14c548982:192.168.157.254:36428, 65da0c80-3604-4ac2-9a39-ee88d748a153:192.168.157.254:37466], old=null
2019-10-16 21:12:06,856 [52743044-8979-4a08-8013-92a14c548982@group-146C50BE7901-LeaderElection214] INFO  impl.RaftServerImpl (RaftServerImpl.java:setRole(184)) - 52743044-8979-4a08-8013-92a14c548982@group-146C50BE7901: changes role from CANDIDATE to FOLLOWER at term 256 for DISCOVERED_A_NEW_TERM
2019-10-16 21:12:06,856 [52743044-8979-4a08-8013-92a14c548982@group-146C50BE7901-LeaderElection214] INFO  impl.RoleInfo (RoleInfo.java:shutdownLeaderElection(134)) - 52743044-8979-4a08-8013-92a14c548982: shutdown LeaderElection
2019-10-16 21:12:06,856 [52743044-8979-4a08-8013-92a14c548982@group-146C50BE7901-LeaderElection214] INFO  impl.RoleInfo (RoleInfo.java:updateAndGet(143)) - 52743044-8979-4a08-8013-92a14c548982: start FollowerState
2019-10-16 21:12:06,911 [Thread-1714] INFO  impl.FollowerState (FollowerState.java:run(108)) - 52743044-8979-4a08-8013-92a14c548982@group-146C50BE7901-FollowerState: change to CANDIDATE, lastRpcTime:55ms, electionTimeout:55ms
2019-10-16 21:12:06,911 [Thread-1714] INFO  impl.RoleInfo (RoleInfo.java:shutdownFollowerState(121)) - 52743044-8979-4a08-8013-92a14c548982: shutdown FollowerState
2019-10-16 21:12:06,911 [Thread-1714] INFO  impl.RaftServerImpl (RaftServerImpl.java:setRole(184)) - 52743044-8979-4a08-8013-92a14c548982@group-146C50BE7901: changes role from  FOLLOWER to CANDIDATE at term 256 for changeToCandidate
2019-10-16 21:12:06,911 [Thread-1714] INFO  impl.RoleInfo (RoleInfo.java:updateAndGet(143)) - 52743044-8979-4a08-8013-92a14c548982: start LeaderElection
2019-10-16 21:12:06,967 [52743044-8979-4a08-8013-92a14c548982@group-146C50BE7901-LeaderElection215] INFO  impl.LeaderElection (LeaderElection.java:askForVotes(178)) - 52743044-8979-4a08-8013-92a14c548982@group-146C50BE7901-LeaderElection215: begin an election at term 257 for -1: [904f39be-c3d3-4df4-99c0-2e4526e577e3:192.168.157.254:45339, 52743044-8979-4a08-8013-92a14c548982:192.168.157.254:36428, 65da0c80-3604-4ac2-9a39-ee88d748a153:192.168.157.254:37466], old=null
2019-10-16 21:12:06,968 [grpc-default-executor-1] INFO  impl.RaftServerImpl (RaftServerImpl.java:setRole(184)) - 65da0c80-3604-4ac2-9a39-ee88d748a153@group-146C50BE7901: changes role from  FOLLOWER to FOLLOWER at term 257 for recognizeCandidate:52743044-8979-4a08-8013-92a14c548982
2019-10-16 21:12:06,969 [grpc-default-executor-0] INFO  impl.RaftServerImpl (RaftServerImpl.java:setRole(184)) - 904f39be-c3d3-4df4-99c0-2e4526e577e3@group-146C50BE7901: changes role from  FOLLOWER to FOLLOWER at term 257 for recognizeCandidate:52743044-8979-4a08-8013-92a14c548982
2019-10-16 21:12:06,969 [grpc-default-executor-1] INFO  impl.RoleInfo (RoleInfo.java:shutdownFollowerState(121)) - 65da0c80-3604-4ac2-9a39-ee88d748a153: shutdown FollowerState
2019-10-16 21:12:06,969 [grpc-default-executor-0] INFO  impl.RoleInfo (RoleInfo.java:shutdownFollowerState(121)) - 904f39be-c3d3-4df4-99c0-2e4526e577e3: shutdown FollowerState
2019-10-16 21:12:06,969 [grpc-default-executor-1] INFO  impl.RoleInfo (RoleInfo.java:updateAndGet(143)) - 65da0c80-3604-4ac2-9a39-ee88d748a153: start FollowerState
2019-10-16 21:12:06,969 [Thread-1713] INFO  impl.FollowerState (FollowerState.java:run(117)) - 65da0c80-3604-4ac2-9a39-ee88d748a153@group-146C50BE7901-FollowerState was interrupted: java.lang.InterruptedException: sleep interrupted
2019-10-16 21:12:06,969 [grpc-default-executor-0] INFO  impl.RoleInfo (RoleInfo.java:updateAndGet(143)) - 904f39be-c3d3-4df4-99c0-2e4526e577e3: start FollowerState
2019-10-16 21:12:06,969 [Thread-1712] INFO  impl.FollowerState (FollowerState.java:run(117)) - 904f39be-c3d3-4df4-99c0-2e4526e577e3@group-146C50BE7901-FollowerState was interrupted: java.lang.InterruptedException: sleep interrupted
2019-10-16 21:12:06,983 [52743044-8979-4a08-8013-92a14c548982@group-146C50BE7901-LeaderElection215] INFO  impl.LeaderElection (LeaderElection.java:logAndReturn(56)) - 52743044-8979-4a08-8013-92a14c548982@group-146C50BE7901-LeaderElection215: Election REJECTED; received 2 response(s) [52743044-8979-4a08-8013-92a14c548982<-904f39be-c3d3-4df4-99c0-2e4526e577e3#0:FAIL-t257, 52743044-8979-4a08-8013-92a14c548982<-65da0c80-3604-4ac2-9a39-ee88d748a153#0:FAIL-t257] and 0 exception(s); 52743044-8979-4a08-8013-92a14c548982@group-146C50BE7901:t257, leader=null, voted=52743044-8979-4a08-8013-92a14c548982, raftlog=52743044-8979-4a08-8013-92a14c548982@group-146C50BE7901-SegmentedRaftLog:OPENED:c-1,f-1,i0, conf=-1: [904f39be-c3d3-4df4-99c0-2e4526e577e3:192.168.157.254:45339, 52743044-8979-4a08-8013-92a14c548982:192.168.157.254:36428, 65da0c80-3604-4ac2-9a39-ee88d748a153:192.168.157.254:37466], old=null
2019-10-16 21:12:06,983 [52743044-8979-4a08-8013-92a14c548982@group-146C50BE7901-LeaderElection215] INFO  impl.RaftServerImpl (RaftServerImpl.java:setRole(184)) - 52743044-8979-4a08-8013-92a14c548982@group-146C50BE7901: changes role from CANDIDATE to FOLLOWER at term 257 for DISCOVERED_A_NEW_TERM
2019-10-16 21:12:06,983 [52743044-8979-4a08-8013-92a14c548982@group-146C50BE7901-LeaderElection215] INFO  impl.RoleInfo (RoleInfo.java:shutdownLeaderElection(134)) - 52743044-8979-4a08-8013-92a14c548982: shutdown LeaderElection
2019-10-16 21:12:06,984 [52743044-8979-4a08-8013-92a14c548982@group-146C50BE7901-LeaderElection215] INFO  impl.RoleInfo (RoleInfo.java:updateAndGet(143)) - 52743044-8979-4a08-8013-92a14c548982: start FollowerState
2019-10-16 21:12:07,020 [Thread-1720] INFO  impl.FollowerState (FollowerState.java:run(108)) - 52743044-8979-4a08-8013-92a14c548982@group-146C50BE7901-FollowerState: change to CANDIDATE, lastRpcTime:36ms, electionTimeout:36ms
2019-10-16 21:12:07,020 [Thread-1720] INFO  impl.RoleInfo (RoleInfo.java:shutdownFollowerState(121)) - 52743044-8979-4a08-8013-92a14c548982: shutdown FollowerState
2019-10-16 21:12:07,020 [Thread-1720] INFO  impl.RaftServerImpl (RaftServerImpl.java:setRole(184)) - 52743044-8979-4a08-8013-92a14c548982@group-146C50BE7901: changes role from  FOLLOWER to CANDIDATE at term 257 for changeToCandidate
2019-10-16 21:12:07,021 [Thread-1720] INFO  impl.RoleInfo (RoleInfo.java:updateAndGet(143)) - 52743044-8979-4a08-8013-92a14c548982: start LeaderElection
2019-10-16 21:12:07,034 [52743044-8979-4a08-8013-92a14c548982@group-146C50BE7901-LeaderElection216] INFO  impl.LeaderElection (LeaderElection.java:askForVotes(178)) - 52743044-8979-4a08-8013-92a14c548982@group-146C50BE7901-LeaderElection216: begin an election at term 258 for -1: [904f39be-c3d3-4df4-99c0-2e4526e577e3:192.168.157.254:45339, 52743044-8979-4a08-8013-92a14c548982:192.168.157.254:36428, 65da0c80-3604-4ac2-9a39-ee88d748a153:192.168.157.254:37466], old=null
2019-10-16 21:12:07,036 [grpc-default-executor-1] INFO  impl.RaftServerImpl (RaftServerImpl.java:setRole(184)) - 904f39be-c3d3-4df4-99c0-2e4526e577e3@group-146C50BE7901: changes role from  FOLLOWER to FOLLOWER at term 258 for recognizeCandidate:52743044-8979-4a08-8013-92a14c548982
2019-10-16 21:12:07,036 [grpc-default-executor-0] INFO  impl.RaftServerImpl (RaftServerImpl.java:setRole(184)) - 65da0c80-3604-4ac2-9a39-ee88d748a153@group-146C50BE7901: changes role from  FOLLOWER to FOLLOWER at term 258 for recognizeCandidate:52743044-8979-4a08-8013-92a14c548982
2019-10-16 21:12:07,036 [grpc-default-executor-1] INFO  impl.RoleInfo (RoleInfo.java:shutdownFollowerState(121)) - 904f39be-c3d3-4df4-99c0-2e4526e577e3: shutdown FollowerState
2019-10-16 21:12:07,036 [grpc-default-executor-0] INFO  impl.RoleInfo (RoleInfo.java:shutdownFollowerState(121)) - 65da0c80-3604-4ac2-9a39-ee88d748a153: shutdown FollowerState
2019-10-16 21:12:07,037 [grpc-default-executor-1] INFO  impl.RoleInfo (RoleInfo.java:updateAndGet(143)) - 904f39be-c3d3-4df4-99c0-2e4526e577e3: start FollowerState
2019-10-16 21:12:07,037 [Thread-1719] INFO  impl.FollowerState (FollowerState.java:run(117)) - 904f39be-c3d3-4df4-99c0-2e4526e577e3@group-146C50BE7901-FollowerState was interrupted: java.lang.InterruptedException: sleep interrupted
2019-10-16 21:12:07,037 [Thread-1718] INFO  impl.FollowerState (FollowerState.java:run(117)) - 65da0c80-3604-4ac2-9a39-ee88d748a153@group-146C50BE7901-FollowerState was interrupted: java.lang.InterruptedException: sleep interrupted
2019-10-16 21:12:07,037 [grpc-default-executor-0] INFO  impl.RoleInfo (RoleInfo.java:updateAndGet(143)) - 65da0c80-3604-4ac2-9a39-ee88d748a153: start FollowerState
2019-10-16 21:12:07,067 [52743044-8979-4a08-8013-92a14c548982@group-146C50BE7901-LeaderElection216] INFO  impl.LeaderElection (LeaderElection.java:logAndReturn(56)) - 52743044-8979-4a08-8013-92a14c548982@group-146C50BE7901-LeaderElection216: Election REJECTED; received 2 response(s) [52743044-8979-4a08-8013-92a14c548982<-904f39be-c3d3-4df4-99c0-2e4526e577e3#0:FAIL-t258, 52743044-8979-4a08-8013-92a14c548982<-65da0c80-3604-4ac2-9a39-ee88d748a153#0:FAIL-t258] and 0 exception(s); 52743044-8979-4a08-8013-92a14c548982@group-146C50BE7901:t258, leader=null, voted=52743044-8979-4a08-8013-92a14c548982, raftlog=52743044-8979-4a08-8013-92a14c548982@group-146C50BE7901-SegmentedRaftLog:OPENED:c-1,f-1,i0, conf=-1: [904f39be-c3d3-4df4-99c0-2e4526e577e3:192.168.157.254:45339, 52743044-8979-4a08-8013-92a14c548982:192.168.157.254:36428, 65da0c80-3604-4ac2-9a39-ee88d748a153:192.168.157.254:37466], old=null
2019-10-16 21:12:07,067 [52743044-8979-4a08-8013-92a14c548982@group-146C50BE7901-LeaderElection216] INFO  impl.RaftServerImpl (RaftServerImpl.java:setRole(184)) - 52743044-8979-4a08-8013-92a14c548982@group-146C50BE7901: changes role from CANDIDATE to FOLLOWER at term 258 for DISCOVERED_A_NEW_TERM
2019-10-16 21:12:07,068 [52743044-8979-4a08-8013-92a14c548982@group-146C50BE7901-LeaderElection216] INFO  impl.RoleInfo (RoleInfo.java:shutdownLeaderElection(134)) - 52743044-8979-4a08-8013-92a14c548982: shutdown LeaderElection
2019-10-16 21:12:07,068 [52743044-8979-4a08-8013-92a14c548982@group-146C50BE7901-LeaderElection216] INFO  impl.RoleInfo (RoleInfo.java:updateAndGet(143)) - 52743044-8979-4a08-8013-92a14c548982: start FollowerState
2019-10-16 21:12:07,212 [main] INFO  ozone.MiniOzoneClusterImpl (MiniOzoneClusterImpl.java:lambda$waitForClusterToBeReady$2(164)) - Waiting for 1 number of pipelines out of 4, to report a leader.
2019-10-16 21:12:07,262 [Thread-1726] INFO  impl.FollowerState (FollowerState.java:run(108)) - 52743044-8979-4a08-8013-92a14c548982@group-146C50BE7901-FollowerState: change to CANDIDATE, lastRpcTime:194ms, electionTimeout:194ms
2019-10-16 21:12:07,262 [Thread-1726] INFO  impl.RoleInfo (RoleInfo.java:shutdownFollowerState(121)) - 52743044-8979-4a08-8013-92a14c548982: shutdown FollowerState
2019-10-16 21:12:07,262 [Thread-1726] INFO  impl.RaftServerImpl (RaftServerImpl.java:setRole(184)) - 52743044-8979-4a08-8013-92a14c548982@group-146C50BE7901: changes role from  FOLLOWER to CANDIDATE at term 258 for changeToCandidate
2019-10-16 21:12:07,263 [Thread-1726] INFO  impl.RoleInfo (RoleInfo.java:updateAndGet(143)) - 52743044-8979-4a08-8013-92a14c548982: start LeaderElection
2019-10-16 21:12:07,380 [52743044-8979-4a08-8013-92a14c548982@group-146C50BE7901-LeaderElection217] INFO  impl.LeaderElection (LeaderElection.java:askForVotes(178)) - 52743044-8979-4a08-8013-92a14c548982@group-146C50BE7901-LeaderElection217: begin an election at term 259 for -1: [904f39be-c3d3-4df4-99c0-2e4526e577e3:192.168.157.254:45339, 52743044-8979-4a08-8013-92a14c548982:192.168.157.254:36428, 65da0c80-3604-4ac2-9a39-ee88d748a153:192.168.157.254:37466], old=null
2019-10-16 21:12:07,382 [grpc-default-executor-0] INFO  impl.RaftServerImpl (RaftServerImpl.java:setRole(184)) - 904f39be-c3d3-4df4-99c0-2e4526e577e3@group-146C50BE7901: changes role from  FOLLOWER to FOLLOWER at term 259 for recognizeCandidate:52743044-8979-4a08-8013-92a14c548982
2019-10-16 21:12:07,382 [grpc-default-executor-0] INFO  impl.RoleInfo (RoleInfo.java:shutdownFollowerState(121)) - 904f39be-c3d3-4df4-99c0-2e4526e577e3: shutdown FollowerState
2019-10-16 21:12:07,382 [grpc-default-executor-1] INFO  impl.RaftServerImpl (RaftServerImpl.java:setRole(184)) - 65da0c80-3604-4ac2-9a39-ee88d748a153@group-146C50BE7901: changes role from  FOLLOWER to FOLLOWER at term 259 for recognizeCandidate:52743044-8979-4a08-8013-92a14c548982
2019-10-16 21:12:07,382 [grpc-default-executor-0] INFO  impl.RoleInfo (RoleInfo.java:updateAndGet(143)) - 904f39be-c3d3-4df4-99c0-2e4526e577e3: start FollowerState
2019-10-16 21:12:07,382 [grpc-default-executor-1] INFO  impl.RoleInfo (RoleInfo.java:shutdownFollowerState(121)) - 65da0c80-3604-4ac2-9a39-ee88d748a153: shutdown FollowerState
2019-10-16 21:12:07,382 [grpc-default-executor-1] INFO  impl.RoleInfo (RoleInfo.java:updateAndGet(143)) - 65da0c80-3604-4ac2-9a39-ee88d748a153: start FollowerState
2019-10-16 21:12:07,382 [Thread-1724] INFO  impl.FollowerState (FollowerState.java:run(117)) - 904f39be-c3d3-4df4-99c0-2e4526e577e3@group-146C50BE7901-FollowerState was interrupted: java.lang.InterruptedException: sleep interrupted
2019-10-16 21:12:07,382 [Thread-1725] INFO  impl.FollowerState (FollowerState.java:run(117)) - 65da0c80-3604-4ac2-9a39-ee88d748a153@group-146C50BE7901-FollowerState was interrupted: java.lang.InterruptedException: sleep interrupted
2019-10-16 21:12:07,440 [52743044-8979-4a08-8013-92a14c548982@group-146C50BE7901-LeaderElection217] INFO  impl.LeaderElection (LeaderElection.java:logAndReturn(56)) - 52743044-8979-4a08-8013-92a14c548982@group-146C50BE7901-LeaderElection217: Election TIMEOUT; received 0 response(s) [] and 0 exception(s); 52743044-8979-4a08-8013-92a14c548982@group-146C50BE7901:t259, leader=null, voted=52743044-8979-4a08-8013-92a14c548982, raftlog=52743044-8979-4a08-8013-92a14c548982@group-146C50BE7901-SegmentedRaftLog:OPENED:c-1,f-1,i0, conf=-1: [904f39be-c3d3-4df4-99c0-2e4526e577e3:192.168.157.254:45339, 52743044-8979-4a08-8013-92a14c548982:192.168.157.254:36428, 65da0c80-3604-4ac2-9a39-ee88d748a153:192.168.157.254:37466], old=null
2019-10-16 21:12:07,465 [52743044-8979-4a08-8013-92a14c548982@group-146C50BE7901-LeaderElection217] INFO  impl.LeaderElection (LeaderElection.java:askForVotes(178)) - 52743044-8979-4a08-8013-92a14c548982@group-146C50BE7901-LeaderElection217: begin an election at term 260 for -1: [904f39be-c3d3-4df4-99c0-2e4526e577e3:192.168.157.254:45339, 52743044-8979-4a08-8013-92a14c548982:192.168.157.254:36428, 65da0c80-3604-4ac2-9a39-ee88d748a153:192.168.157.254:37466], old=null
2019-10-16 21:12:07,466 [grpc-default-executor-0] INFO  impl.RaftServerImpl (RaftServerImpl.java:setRole(184)) - 904f39be-c3d3-4df4-99c0-2e4526e577e3@group-146C50BE7901: changes role from  FOLLOWER to FOLLOWER at term 260 for recognizeCandidate:52743044-8979-4a08-8013-92a14c548982
2019-10-16 21:12:07,467 [grpc-default-executor-0] INFO  impl.RoleInfo (RoleInfo.java:shutdownFollowerState(121)) - 904f39be-c3d3-4df4-99c0-2e4526e577e3: shutdown FollowerState
2019-10-16 21:12:07,467 [grpc-default-executor-0] INFO  impl.RoleInfo (RoleInfo.java:updateAndGet(143)) - 904f39be-c3d3-4df4-99c0-2e4526e577e3: start FollowerState
2019-10-16 21:12:07,467 [Thread-1730] INFO  impl.FollowerState (FollowerState.java:run(117)) - 904f39be-c3d3-4df4-99c0-2e4526e577e3@group-146C50BE7901-FollowerState was interrupted: java.lang.InterruptedException: sleep interrupted
2019-10-16 21:12:07,467 [grpc-default-executor-1] INFO  impl.RaftServerImpl (RaftServerImpl.java:setRole(184)) - 65da0c80-3604-4ac2-9a39-ee88d748a153@group-146C50BE7901: changes role from  FOLLOWER to FOLLOWER at term 260 for recognizeCandidate:52743044-8979-4a08-8013-92a14c548982
2019-10-16 21:12:07,467 [grpc-default-executor-1] INFO  impl.RoleInfo (RoleInfo.java:shutdownFollowerState(121)) - 65da0c80-3604-4ac2-9a39-ee88d748a153: shutdown FollowerState
2019-10-16 21:12:07,467 [grpc-default-executor-1] INFO  impl.RoleInfo (RoleInfo.java:updateAndGet(143)) - 65da0c80-3604-4ac2-9a39-ee88d748a153: start FollowerState
2019-10-16 21:12:07,467 [Thread-1731] INFO  impl.FollowerState (FollowerState.java:run(117)) - 65da0c80-3604-4ac2-9a39-ee88d748a153@group-146C50BE7901-FollowerState was interrupted: java.lang.InterruptedException: sleep interrupted
2019-10-16 21:12:07,527 [52743044-8979-4a08-8013-92a14c548982@group-146C50BE7901-LeaderElection217] INFO  impl.LeaderElection (LeaderElection.java:logAndReturn(56)) - 52743044-8979-4a08-8013-92a14c548982@group-146C50BE7901-LeaderElection217: Election REJECTED; received 2 response(s) [52743044-8979-4a08-8013-92a14c548982<-904f39be-c3d3-4df4-99c0-2e4526e577e3#0:FAIL-t260, 52743044-8979-4a08-8013-92a14c548982<-65da0c80-3604-4ac2-9a39-ee88d748a153#0:FAIL-t260] and 0 exception(s); 52743044-8979-4a08-8013-92a14c548982@group-146C50BE7901:t260, leader=null, voted=52743044-8979-4a08-8013-92a14c548982, raftlog=52743044-8979-4a08-8013-92a14c548982@group-146C50BE7901-SegmentedRaftLog:OPENED:c-1,f-1,i0, conf=-1: [904f39be-c3d3-4df4-99c0-2e4526e577e3:192.168.157.254:45339, 52743044-8979-4a08-8013-92a14c548982:192.168.157.254:36428, 65da0c80-3604-4ac2-9a39-ee88d748a153:192.168.157.254:37466], old=null
2019-10-16 21:12:07,527 [52743044-8979-4a08-8013-92a14c548982@group-146C50BE7901-LeaderElection217] INFO  impl.RaftServerImpl (RaftServerImpl.java:setRole(184)) - 52743044-8979-4a08-8013-92a14c548982@group-146C50BE7901: changes role from CANDIDATE to FOLLOWER at term 260 for DISCOVERED_A_NEW_TERM
2019-10-16 21:12:07,527 [52743044-8979-4a08-8013-92a14c548982@group-146C50BE7901-LeaderElection217] INFO  impl.RoleInfo (RoleInfo.java:shutdownLeaderElection(134)) - 52743044-8979-4a08-8013-92a14c548982: shutdown LeaderElection
2019-10-16 21:12:07,527 [52743044-8979-4a08-8013-92a14c548982@group-146C50BE7901-LeaderElection217] INFO  impl.RoleInfo (RoleInfo.java:updateAndGet(143)) - 52743044-8979-4a08-8013-92a14c548982: start FollowerState
2019-10-16 21:12:07,640 [Thread-1736] INFO  impl.FollowerState (FollowerState.java:run(108)) - 52743044-8979-4a08-8013-92a14c548982@group-146C50BE7901-FollowerState: change to CANDIDATE, lastRpcTime:113ms, electionTimeout:113ms
2019-10-16 21:12:07,641 [Thread-1736] INFO  impl.RoleInfo (RoleInfo.java:shutdownFollowerState(121)) - 52743044-8979-4a08-8013-92a14c548982: shutdown FollowerState
2019-10-16 21:12:07,641 [Thread-1736] INFO  impl.RaftServerImpl (RaftServerImpl.java:setRole(184)) - 52743044-8979-4a08-8013-92a14c548982@group-146C50BE7901: changes role from  FOLLOWER to CANDIDATE at term 260 for changeToCandidate
2019-10-16 21:12:07,641 [Thread-1736] INFO  impl.RoleInfo (RoleInfo.java:updateAndGet(143)) - 52743044-8979-4a08-8013-92a14c548982: start LeaderElection
2019-10-16 21:12:07,663 [52743044-8979-4a08-8013-92a14c548982@group-146C50BE7901-LeaderElection218] INFO  impl.LeaderElection (LeaderElection.java:askForVotes(178)) - 52743044-8979-4a08-8013-92a14c548982@group-146C50BE7901-LeaderElection218: begin an election at term 261 for -1: [904f39be-c3d3-4df4-99c0-2e4526e577e3:192.168.157.254:45339, 52743044-8979-4a08-8013-92a14c548982:192.168.157.254:36428, 65da0c80-3604-4ac2-9a39-ee88d748a153:192.168.157.254:37466], old=null
2019-10-16 21:12:07,666 [grpc-default-executor-0] INFO  impl.RaftServerImpl (RaftServerImpl.java:setRole(184)) - 65da0c80-3604-4ac2-9a39-ee88d748a153@group-146C50BE7901: changes role from  FOLLOWER to FOLLOWER at term 261 for recognizeCandidate:52743044-8979-4a08-8013-92a14c548982
2019-10-16 21:12:07,666 [grpc-default-executor-0] INFO  impl.RoleInfo (RoleInfo.java:shutdownFollowerState(121)) - 65da0c80-3604-4ac2-9a39-ee88d748a153: shutdown FollowerState
2019-10-16 21:12:07,666 [grpc-default-executor-1] INFO  impl.RaftServerImpl (RaftServerImpl.java:setRole(184)) - 904f39be-c3d3-4df4-99c0-2e4526e577e3@group-146C50BE7901: changes role from  FOLLOWER to FOLLOWER at term 261 for recognizeCandidate:52743044-8979-4a08-8013-92a14c548982
2019-10-16 21:12:07,666 [Thread-1735] INFO  impl.FollowerState (FollowerState.java:run(117)) - 65da0c80-3604-4ac2-9a39-ee88d748a153@group-146C50BE7901-FollowerState was interrupted: java.lang.InterruptedException: sleep interrupted
2019-10-16 21:12:07,666 [grpc-default-executor-0] INFO  impl.RoleInfo (RoleInfo.java:updateAndGet(143)) - 65da0c80-3604-4ac2-9a39-ee88d748a153: start FollowerState
2019-10-16 21:12:07,666 [grpc-default-executor-1] INFO  impl.RoleInfo (RoleInfo.java:shutdownFollowerState(121)) - 904f39be-c3d3-4df4-99c0-2e4526e577e3: shutdown FollowerState
2019-10-16 21:12:07,667 [grpc-default-executor-1] INFO  impl.RoleInfo (RoleInfo.java:updateAndGet(143)) - 904f39be-c3d3-4df4-99c0-2e4526e577e3: start FollowerState
2019-10-16 21:12:07,667 [Thread-1734] INFO  impl.FollowerState (FollowerState.java:run(117)) - 904f39be-c3d3-4df4-99c0-2e4526e577e3@group-146C50BE7901-FollowerState was interrupted: java.lang.InterruptedException: sleep interrupted
2019-10-16 21:12:07,700 [52743044-8979-4a08-8013-92a14c548982@group-146C50BE7901-LeaderElection218] INFO  impl.LeaderElection (LeaderElection.java:logAndReturn(56)) - 52743044-8979-4a08-8013-92a14c548982@group-146C50BE7901-LeaderElection218: Election REJECTED; received 2 response(s) [52743044-8979-4a08-8013-92a14c548982<-904f39be-c3d3-4df4-99c0-2e4526e577e3#0:FAIL-t261, 52743044-8979-4a08-8013-92a14c548982<-65da0c80-3604-4ac2-9a39-ee88d748a153#0:FAIL-t261] and 0 exception(s); 52743044-8979-4a08-8013-92a14c548982@group-146C50BE7901:t261, leader=null, voted=52743044-8979-4a08-8013-92a14c548982, raftlog=52743044-8979-4a08-8013-92a14c548982@group-146C50BE7901-SegmentedRaftLog:OPENED:c-1,f-1,i0, conf=-1: [904f39be-c3d3-4df4-99c0-2e4526e577e3:192.168.157.254:45339, 52743044-8979-4a08-8013-92a14c548982:192.168.157.254:36428, 65da0c80-3604-4ac2-9a39-ee88d748a153:192.168.157.254:37466], old=null
2019-10-16 21:12:07,700 [52743044-8979-4a08-8013-92a14c548982@group-146C50BE7901-LeaderElection218] INFO  impl.RaftServerImpl (RaftServerImpl.java:setRole(184)) - 52743044-8979-4a08-8013-92a14c548982@group-146C50BE7901: changes role from CANDIDATE to FOLLOWER at term 261 for DISCOVERED_A_NEW_TERM
2019-10-16 21:12:07,700 [52743044-8979-4a08-8013-92a14c548982@group-146C50BE7901-LeaderElection218] INFO  impl.RoleInfo (RoleInfo.java:shutdownLeaderElection(134)) - 52743044-8979-4a08-8013-92a14c548982: shutdown LeaderElection
2019-10-16 21:12:07,700 [52743044-8979-4a08-8013-92a14c548982@group-146C50BE7901-LeaderElection218] INFO  impl.RoleInfo (RoleInfo.java:updateAndGet(143)) - 52743044-8979-4a08-8013-92a14c548982: start FollowerState
2019-10-16 21:12:07,717 [Thread-1742] INFO  impl.FollowerState (FollowerState.java:run(108)) - 52743044-8979-4a08-8013-92a14c548982@group-146C50BE7901-FollowerState: change to CANDIDATE, lastRpcTime:16ms, electionTimeout:16ms
2019-10-16 21:12:07,717 [Thread-1742] INFO  impl.RoleInfo (RoleInfo.java:shutdownFollowerState(121)) - 52743044-8979-4a08-8013-92a14c548982: shutdown FollowerState
2019-10-16 21:12:07,717 [Thread-1742] INFO  impl.RaftServerImpl (RaftServerImpl.java:setRole(184)) - 52743044-8979-4a08-8013-92a14c548982@group-146C50BE7901: changes role from  FOLLOWER to CANDIDATE at term 261 for changeToCandidate
2019-10-16 21:12:07,717 [Thread-1742] INFO  impl.RoleInfo (RoleInfo.java:updateAndGet(143)) - 52743044-8979-4a08-8013-92a14c548982: start LeaderElection
2019-10-16 21:12:07,731 [52743044-8979-4a08-8013-92a14c548982@group-146C50BE7901-LeaderElection219] INFO  impl.LeaderElection (LeaderElection.java:askForVotes(178)) - 52743044-8979-4a08-8013-92a14c548982@group-146C50BE7901-LeaderElection219: begin an election at term 262 for -1: [904f39be-c3d3-4df4-99c0-2e4526e577e3:192.168.157.254:45339, 52743044-8979-4a08-8013-92a14c548982:192.168.157.254:36428, 65da0c80-3604-4ac2-9a39-ee88d748a153:192.168.157.254:37466], old=null
2019-10-16 21:12:07,733 [grpc-default-executor-1] INFO  impl.RaftServerImpl (RaftServerImpl.java:setRole(184)) - 904f39be-c3d3-4df4-99c0-2e4526e577e3@group-146C50BE7901: changes role from  FOLLOWER to FOLLOWER at term 262 for recognizeCandidate:52743044-8979-4a08-8013-92a14c548982
2019-10-16 21:12:07,733 [grpc-default-executor-1] INFO  impl.RoleInfo (RoleInfo.java:shutdownFollowerState(121)) - 904f39be-c3d3-4df4-99c0-2e4526e577e3: shutdown FollowerState
2019-10-16 21:12:07,733 [grpc-default-executor-0] INFO  impl.RaftServerImpl (RaftServerImpl.java:setRole(184)) - 65da0c80-3604-4ac2-9a39-ee88d748a153@group-146C50BE7901: changes role from  FOLLOWER to FOLLOWER at term 262 for recognizeCandidate:52743044-8979-4a08-8013-92a14c548982
2019-10-16 21:12:07,733 [grpc-default-executor-1] INFO  impl.RoleInfo (RoleInfo.java:updateAndGet(143)) - 904f39be-c3d3-4df4-99c0-2e4526e577e3: start FollowerState
2019-10-16 21:12:07,733 [grpc-default-executor-0] INFO  impl.RoleInfo (RoleInfo.java:shutdownFollowerState(121)) - 65da0c80-3604-4ac2-9a39-ee88d748a153: shutdown FollowerState
2019-10-16 21:12:07,733 [Thread-1741] INFO  impl.FollowerState (FollowerState.java:run(117)) - 904f39be-c3d3-4df4-99c0-2e4526e577e3@group-146C50BE7901-FollowerState was interrupted: java.lang.InterruptedException: sleep interrupted
2019-10-16 21:12:07,734 [Thread-1740] INFO  impl.FollowerState (FollowerState.java:run(117)) - 65da0c80-3604-4ac2-9a39-ee88d748a153@group-146C50BE7901-FollowerState was interrupted: java.lang.InterruptedException: sleep interrupted
2019-10-16 21:12:07,734 [grpc-default-executor-0] INFO  impl.RoleInfo (RoleInfo.java:updateAndGet(143)) - 65da0c80-3604-4ac2-9a39-ee88d748a153: start FollowerState
2019-10-16 21:12:07,740 [52743044-8979-4a08-8013-92a14c548982@group-146C50BE7901-LeaderElection219] INFO  impl.LeaderElection (LeaderElection.java:logAndReturn(56)) - 52743044-8979-4a08-8013-92a14c548982@group-146C50BE7901-LeaderElection219: Election TIMEOUT; received 0 response(s) [] and 0 exception(s); 52743044-8979-4a08-8013-92a14c548982@group-146C50BE7901:t262, leader=null, voted=52743044-8979-4a08-8013-92a14c548982, raftlog=52743044-8979-4a08-8013-92a14c548982@group-146C50BE7901-SegmentedRaftLog:OPENED:c-1,f-1,i0, conf=-1: [904f39be-c3d3-4df4-99c0-2e4526e577e3:192.168.157.254:45339, 52743044-8979-4a08-8013-92a14c548982:192.168.157.254:36428, 65da0c80-3604-4ac2-9a39-ee88d748a153:192.168.157.254:37466], old=null
2019-10-16 21:12:07,748 [52743044-8979-4a08-8013-92a14c548982@group-146C50BE7901-LeaderElection219] INFO  impl.LeaderElection (LeaderElection.java:askForVotes(178)) - 52743044-8979-4a08-8013-92a14c548982@group-146C50BE7901-LeaderElection219: begin an election at term 263 for -1: [904f39be-c3d3-4df4-99c0-2e4526e577e3:192.168.157.254:45339, 52743044-8979-4a08-8013-92a14c548982:192.168.157.254:36428, 65da0c80-3604-4ac2-9a39-ee88d748a153:192.168.157.254:37466], old=null
2019-10-16 21:12:07,750 [grpc-default-executor-1] INFO  impl.RaftServerImpl (RaftServerImpl.java:setRole(184)) - 904f39be-c3d3-4df4-99c0-2e4526e577e3@group-146C50BE7901: changes role from  FOLLOWER to FOLLOWER at term 263 for recognizeCandidate:52743044-8979-4a08-8013-92a14c548982
2019-10-16 21:12:07,750 [grpc-default-executor-1] INFO  impl.RoleInfo (RoleInfo.java:shutdownFollowerState(121)) - 904f39be-c3d3-4df4-99c0-2e4526e577e3: shutdown FollowerState
2019-10-16 21:12:07,750 [grpc-default-executor-1] INFO  impl.RoleInfo (RoleInfo.java:updateAndGet(143)) - 904f39be-c3d3-4df4-99c0-2e4526e577e3: start FollowerState
2019-10-16 21:12:07,750 [Thread-1746] INFO  impl.FollowerState (FollowerState.java:run(117)) - 904f39be-c3d3-4df4-99c0-2e4526e577e3@group-146C50BE7901-FollowerState was interrupted: java.lang.InterruptedException: sleep interrupted
2019-10-16 21:12:07,750 [grpc-default-executor-0] INFO  impl.RaftServerImpl (RaftServerImpl.java:setRole(184)) - 65da0c80-3604-4ac2-9a39-ee88d748a153@group-146C50BE7901: changes role from  FOLLOWER to FOLLOWER at term 263 for recognizeCandidate:52743044-8979-4a08-8013-92a14c548982
2019-10-16 21:12:07,750 [grpc-default-executor-0] INFO  impl.RoleInfo (RoleInfo.java:shutdownFollowerState(121)) - 65da0c80-3604-4ac2-9a39-ee88d748a153: shutdown FollowerState
2019-10-16 21:12:07,751 [grpc-default-executor-0] INFO  impl.RoleInfo (RoleInfo.java:updateAndGet(143)) - 65da0c80-3604-4ac2-9a39-ee88d748a153: start FollowerState
2019-10-16 21:12:07,751 [Thread-1747] INFO  impl.FollowerState (FollowerState.java:run(117)) - 65da0c80-3604-4ac2-9a39-ee88d748a153@group-146C50BE7901-FollowerState was interrupted: java.lang.InterruptedException: sleep interrupted
2019-10-16 21:12:07,765 [52743044-8979-4a08-8013-92a14c548982@group-146C50BE7901-LeaderElection219] INFO  impl.LeaderElection (LeaderElection.java:logAndReturn(56)) - 52743044-8979-4a08-8013-92a14c548982@group-146C50BE7901-LeaderElection219: Election REJECTED; received 2 response(s) [52743044-8979-4a08-8013-92a14c548982<-904f39be-c3d3-4df4-99c0-2e4526e577e3#0:FAIL-t263, 52743044-8979-4a08-8013-92a14c548982<-65da0c80-3604-4ac2-9a39-ee88d748a153#0:FAIL-t263] and 0 exception(s); 52743044-8979-4a08-8013-92a14c548982@group-146C50BE7901:t263, leader=null, voted=52743044-8979-4a08-8013-92a14c548982, raftlog=52743044-8979-4a08-8013-92a14c548982@group-146C50BE7901-SegmentedRaftLog:OPENED:c-1,f-1,i0, conf=-1: [904f39be-c3d3-4df4-99c0-2e4526e577e3:192.168.157.254:45339, 52743044-8979-4a08-8013-92a14c548982:192.168.157.254:36428, 65da0c80-3604-4ac2-9a39-ee88d748a153:192.168.157.254:37466], old=null
2019-10-16 21:12:07,766 [52743044-8979-4a08-8013-92a14c548982@group-146C50BE7901-LeaderElection219] INFO  impl.RaftServerImpl (RaftServerImpl.java:setRole(184)) - 52743044-8979-4a08-8013-92a14c548982@group-146C50BE7901: changes role from CANDIDATE to FOLLOWER at term 263 for DISCOVERED_A_NEW_TERM
2019-10-16 21:12:07,766 [52743044-8979-4a08-8013-92a14c548982@group-146C50BE7901-LeaderElection219] INFO  impl.RoleInfo (RoleInfo.java:shutdownLeaderElection(134)) - 52743044-8979-4a08-8013-92a14c548982: shutdown LeaderElection
2019-10-16 21:12:07,766 [52743044-8979-4a08-8013-92a14c548982@group-146C50BE7901-LeaderElection219] INFO  impl.RoleInfo (RoleInfo.java:updateAndGet(143)) - 52743044-8979-4a08-8013-92a14c548982: start FollowerState
2019-10-16 21:12:07,852 [Thread-1752] INFO  impl.FollowerState (FollowerState.java:run(108)) - 52743044-8979-4a08-8013-92a14c548982@group-146C50BE7901-FollowerState: change to CANDIDATE, lastRpcTime:86ms, electionTimeout:86ms
2019-10-16 21:12:07,852 [Thread-1752] INFO  impl.RoleInfo (RoleInfo.java:shutdownFollowerState(121)) - 52743044-8979-4a08-8013-92a14c548982: shutdown FollowerState
2019-10-16 21:12:07,853 [Thread-1752] INFO  impl.RaftServerImpl (RaftServerImpl.java:setRole(184)) - 52743044-8979-4a08-8013-92a14c548982@group-146C50BE7901: changes role from  FOLLOWER to CANDIDATE at term 263 for changeToCandidate
2019-10-16 21:12:07,853 [Thread-1752] INFO  impl.RoleInfo (RoleInfo.java:updateAndGet(143)) - 52743044-8979-4a08-8013-92a14c548982: start LeaderElection
2019-10-16 21:12:07,892 [52743044-8979-4a08-8013-92a14c548982@group-146C50BE7901-LeaderElection220] INFO  impl.LeaderElection (LeaderElection.java:askForVotes(178)) - 52743044-8979-4a08-8013-92a14c548982@group-146C50BE7901-LeaderElection220: begin an election at term 264 for -1: [904f39be-c3d3-4df4-99c0-2e4526e577e3:192.168.157.254:45339, 52743044-8979-4a08-8013-92a14c548982:192.168.157.254:36428, 65da0c80-3604-4ac2-9a39-ee88d748a153:192.168.157.254:37466], old=null
2019-10-16 21:12:07,894 [grpc-default-executor-0] INFO  impl.RaftServerImpl (RaftServerImpl.java:setRole(184)) - 904f39be-c3d3-4df4-99c0-2e4526e577e3@group-146C50BE7901: changes role from  FOLLOWER to FOLLOWER at term 264 for recognizeCandidate:52743044-8979-4a08-8013-92a14c548982
2019-10-16 21:12:07,894 [grpc-default-executor-0] INFO  impl.RoleInfo (RoleInfo.java:shutdownFollowerState(121)) - 904f39be-c3d3-4df4-99c0-2e4526e577e3: shutdown FollowerState
2019-10-16 21:12:07,894 [grpc-default-executor-0] INFO  impl.RoleInfo (RoleInfo.java:updateAndGet(143)) - 904f39be-c3d3-4df4-99c0-2e4526e577e3: start FollowerState
2019-10-16 21:12:07,894 [grpc-default-executor-1] INFO  impl.RaftServerImpl (RaftServerImpl.java:setRole(184)) - 65da0c80-3604-4ac2-9a39-ee88d748a153@group-146C50BE7901: changes role from  FOLLOWER to FOLLOWER at term 264 for recognizeCandidate:52743044-8979-4a08-8013-92a14c548982
2019-10-16 21:12:07,894 [Thread-1750] INFO  impl.FollowerState (FollowerState.java:run(117)) - 904f39be-c3d3-4df4-99c0-2e4526e577e3@group-146C50BE7901-FollowerState was interrupted: java.lang.InterruptedException: sleep interrupted
2019-10-16 21:12:07,895 [grpc-default-executor-1] INFO  impl.RoleInfo (RoleInfo.java:shutdownFollowerState(121)) - 65da0c80-3604-4ac2-9a39-ee88d748a153: shutdown FollowerState
2019-10-16 21:12:07,895 [grpc-default-executor-1] INFO  impl.RoleInfo (RoleInfo.java:updateAndGet(143)) - 65da0c80-3604-4ac2-9a39-ee88d748a153: start FollowerState
2019-10-16 21:12:07,895 [Thread-1751] INFO  impl.FollowerState (FollowerState.java:run(117)) - 65da0c80-3604-4ac2-9a39-ee88d748a153@group-146C50BE7901-FollowerState was interrupted: java.lang.InterruptedException: sleep interrupted
2019-10-16 21:12:07,912 [52743044-8979-4a08-8013-92a14c548982@group-146C50BE7901-LeaderElection220] INFO  impl.LeaderElection (LeaderElection.java:logAndReturn(56)) - 52743044-8979-4a08-8013-92a14c548982@group-146C50BE7901-LeaderElection220: Election REJECTED; received 2 response(s) [52743044-8979-4a08-8013-92a14c548982<-904f39be-c3d3-4df4-99c0-2e4526e577e3#0:FAIL-t264, 52743044-8979-4a08-8013-92a14c548982<-65da0c80-3604-4ac2-9a39-ee88d748a153#0:FAIL-t264] and 0 exception(s); 52743044-8979-4a08-8013-92a14c548982@group-146C50BE7901:t264, leader=null, voted=52743044-8979-4a08-8013-92a14c548982, raftlog=52743044-8979-4a08-8013-92a14c548982@group-146C50BE7901-SegmentedRaftLog:OPENED:c-1,f-1,i0, conf=-1: [904f39be-c3d3-4df4-99c0-2e4526e577e3:192.168.157.254:45339, 52743044-8979-4a08-8013-92a14c548982:192.168.157.254:36428, 65da0c80-3604-4ac2-9a39-ee88d748a153:192.168.157.254:37466], old=null
2019-10-16 21:12:07,912 [52743044-8979-4a08-8013-92a14c548982@group-146C50BE7901-LeaderElection220] INFO  impl.RaftServerImpl (RaftServerImpl.java:setRole(184)) - 52743044-8979-4a08-8013-92a14c548982@group-146C50BE7901: changes role from CANDIDATE to FOLLOWER at term 264 for DISCOVERED_A_NEW_TERM
2019-10-16 21:12:07,912 [52743044-8979-4a08-8013-92a14c548982@group-146C50BE7901-LeaderElection220] INFO  impl.RoleInfo (RoleInfo.java:shutdownLeaderElection(134)) - 52743044-8979-4a08-8013-92a14c548982: shutdown LeaderElection
2019-10-16 21:12:07,912 [52743044-8979-4a08-8013-92a14c548982@group-146C50BE7901-LeaderElection220] INFO  impl.RoleInfo (RoleInfo.java:updateAndGet(143)) - 52743044-8979-4a08-8013-92a14c548982: start FollowerState
2019-10-16 21:12:07,927 [Thread-1758] INFO  impl.FollowerState (FollowerState.java:run(108)) - 52743044-8979-4a08-8013-92a14c548982@group-146C50BE7901-FollowerState: change to CANDIDATE, lastRpcTime:14ms, electionTimeout:14ms
2019-10-16 21:12:07,927 [Thread-1758] INFO  impl.RoleInfo (RoleInfo.java:shutdownFollowerState(121)) - 52743044-8979-4a08-8013-92a14c548982: shutdown FollowerState
2019-10-16 21:12:07,927 [Thread-1758] INFO  impl.RaftServerImpl (RaftServerImpl.java:setRole(184)) - 52743044-8979-4a08-8013-92a14c548982@group-146C50BE7901: changes role from  FOLLOWER to CANDIDATE at term 264 for changeToCandidate
2019-10-16 21:12:07,927 [Thread-1758] INFO  impl.RoleInfo (RoleInfo.java:updateAndGet(143)) - 52743044-8979-4a08-8013-92a14c548982: start LeaderElection
2019-10-16 21:12:07,955 [52743044-8979-4a08-8013-92a14c548982@group-146C50BE7901-LeaderElection221] INFO  impl.LeaderElection (LeaderElection.java:askForVotes(178)) - 52743044-8979-4a08-8013-92a14c548982@group-146C50BE7901-LeaderElection221: begin an election at term 265 for -1: [904f39be-c3d3-4df4-99c0-2e4526e577e3:192.168.157.254:45339, 52743044-8979-4a08-8013-92a14c548982:192.168.157.254:36428, 65da0c80-3604-4ac2-9a39-ee88d748a153:192.168.157.254:37466], old=null
2019-10-16 21:12:07,958 [grpc-default-executor-1] INFO  impl.RaftServerImpl (RaftServerImpl.java:setRole(184)) - 904f39be-c3d3-4df4-99c0-2e4526e577e3@group-146C50BE7901: changes role from  FOLLOWER to FOLLOWER at term 265 for recognizeCandidate:52743044-8979-4a08-8013-92a14c548982
2019-10-16 21:12:07,958 [grpc-default-executor-0] INFO  impl.RaftServerImpl (RaftServerImpl.java:setRole(184)) - 65da0c80-3604-4ac2-9a39-ee88d748a153@group-146C50BE7901: changes role from  FOLLOWER to FOLLOWER at term 265 for recognizeCandidate:52743044-8979-4a08-8013-92a14c548982
2019-10-16 21:12:07,958 [grpc-default-executor-1] INFO  impl.RoleInfo (RoleInfo.java:shutdownFollowerState(121)) - 904f39be-c3d3-4df4-99c0-2e4526e577e3: shutdown FollowerState
2019-10-16 21:12:07,958 [grpc-default-executor-0] INFO  impl.RoleInfo (RoleInfo.java:shutdownFollowerState(121)) - 65da0c80-3604-4ac2-9a39-ee88d748a153: shutdown FollowerState
2019-10-16 21:12:07,958 [Thread-1756] INFO  impl.FollowerState (FollowerState.java:run(117)) - 904f39be-c3d3-4df4-99c0-2e4526e577e3@group-146C50BE7901-FollowerState was interrupted: java.lang.InterruptedException: sleep interrupted
2019-10-16 21:12:07,958 [Thread-1757] INFO  impl.FollowerState (FollowerState.java:run(117)) - 65da0c80-3604-4ac2-9a39-ee88d748a153@group-146C50BE7901-FollowerState was interrupted: java.lang.InterruptedException: sleep interrupted
2019-10-16 21:12:07,958 [grpc-default-executor-1] INFO  impl.RoleInfo (RoleInfo.java:updateAndGet(143)) - 904f39be-c3d3-4df4-99c0-2e4526e577e3: start FollowerState
2019-10-16 21:12:07,958 [grpc-default-executor-0] INFO  impl.RoleInfo (RoleInfo.java:updateAndGet(143)) - 65da0c80-3604-4ac2-9a39-ee88d748a153: start FollowerState
2019-10-16 21:12:07,996 [52743044-8979-4a08-8013-92a14c548982@group-146C50BE7901-LeaderElection221] INFO  impl.LeaderElection (LeaderElection.java:logAndReturn(56)) - 52743044-8979-4a08-8013-92a14c548982@group-146C50BE7901-LeaderElection221: Election REJECTED; received 2 response(s) [52743044-8979-4a08-8013-92a14c548982<-904f39be-c3d3-4df4-99c0-2e4526e577e3#0:FAIL-t265, 52743044-8979-4a08-8013-92a14c548982<-65da0c80-3604-4ac2-9a39-ee88d748a153#0:FAIL-t265] and 0 exception(s); 52743044-8979-4a08-8013-92a14c548982@group-146C50BE7901:t265, leader=null, voted=52743044-8979-4a08-8013-92a14c548982, raftlog=52743044-8979-4a08-8013-92a14c548982@group-146C50BE7901-SegmentedRaftLog:OPENED:c-1,f-1,i0, conf=-1: [904f39be-c3d3-4df4-99c0-2e4526e577e3:192.168.157.254:45339, 52743044-8979-4a08-8013-92a14c548982:192.168.157.254:36428, 65da0c80-3604-4ac2-9a39-ee88d748a153:192.168.157.254:37466], old=null
2019-10-16 21:12:07,996 [52743044-8979-4a08-8013-92a14c548982@group-146C50BE7901-LeaderElection221] INFO  impl.RaftServerImpl (RaftServerImpl.java:setRole(184)) - 52743044-8979-4a08-8013-92a14c548982@group-146C50BE7901: changes role from CANDIDATE to FOLLOWER at term 265 for DISCOVERED_A_NEW_TERM
2019-10-16 21:12:07,996 [52743044-8979-4a08-8013-92a14c548982@group-146C50BE7901-LeaderElection221] INFO  impl.RoleInfo (RoleInfo.java:shutdownLeaderElection(134)) - 52743044-8979-4a08-8013-92a14c548982: shutdown LeaderElection
2019-10-16 21:12:07,996 [52743044-8979-4a08-8013-92a14c548982@group-146C50BE7901-LeaderElection221] INFO  impl.RoleInfo (RoleInfo.java:updateAndGet(143)) - 52743044-8979-4a08-8013-92a14c548982: start FollowerState
2019-10-16 21:12:08,090 [Thread-1764] INFO  impl.FollowerState (FollowerState.java:run(108)) - 52743044-8979-4a08-8013-92a14c548982@group-146C50BE7901-FollowerState: change to CANDIDATE, lastRpcTime:93ms, electionTimeout:93ms
2019-10-16 21:12:08,090 [Thread-1764] INFO  impl.RoleInfo (RoleInfo.java:shutdownFollowerState(121)) - 52743044-8979-4a08-8013-92a14c548982: shutdown FollowerState
2019-10-16 21:12:08,090 [Thread-1764] INFO  impl.RaftServerImpl (RaftServerImpl.java:setRole(184)) - 52743044-8979-4a08-8013-92a14c548982@group-146C50BE7901: changes role from  FOLLOWER to CANDIDATE at term 265 for changeToCandidate
2019-10-16 21:12:08,090 [Thread-1764] INFO  impl.RoleInfo (RoleInfo.java:updateAndGet(143)) - 52743044-8979-4a08-8013-92a14c548982: start LeaderElection
2019-10-16 21:12:08,140 [52743044-8979-4a08-8013-92a14c548982@group-146C50BE7901-LeaderElection222] INFO  impl.LeaderElection (LeaderElection.java:askForVotes(178)) - 52743044-8979-4a08-8013-92a14c548982@group-146C50BE7901-LeaderElection222: begin an election at term 266 for -1: [904f39be-c3d3-4df4-99c0-2e4526e577e3:192.168.157.254:45339, 52743044-8979-4a08-8013-92a14c548982:192.168.157.254:36428, 65da0c80-3604-4ac2-9a39-ee88d748a153:192.168.157.254:37466], old=null
2019-10-16 21:12:08,142 [grpc-default-executor-1] INFO  impl.RaftServerImpl (RaftServerImpl.java:setRole(184)) - 904f39be-c3d3-4df4-99c0-2e4526e577e3@group-146C50BE7901: changes role from  FOLLOWER to FOLLOWER at term 266 for recognizeCandidate:52743044-8979-4a08-8013-92a14c548982
2019-10-16 21:12:08,143 [grpc-default-executor-1] INFO  impl.RoleInfo (RoleInfo.java:shutdownFollowerState(121)) - 904f39be-c3d3-4df4-99c0-2e4526e577e3: shutdown FollowerState
2019-10-16 21:12:08,143 [grpc-default-executor-1] INFO  impl.RoleInfo (RoleInfo.java:updateAndGet(143)) - 904f39be-c3d3-4df4-99c0-2e4526e577e3: start FollowerState
2019-10-16 21:12:08,143 [grpc-default-executor-0] INFO  impl.RaftServerImpl (RaftServerImpl.java:setRole(184)) - 65da0c80-3604-4ac2-9a39-ee88d748a153@group-146C50BE7901: changes role from  FOLLOWER to FOLLOWER at term 266 for recognizeCandidate:52743044-8979-4a08-8013-92a14c548982
2019-10-16 21:12:08,143 [grpc-default-executor-0] INFO  impl.RoleInfo (RoleInfo.java:shutdownFollowerState(121)) - 65da0c80-3604-4ac2-9a39-ee88d748a153: shutdown FollowerState
2019-10-16 21:12:08,143 [Thread-1762] INFO  impl.FollowerState (FollowerState.java:run(117)) - 904f39be-c3d3-4df4-99c0-2e4526e577e3@group-146C50BE7901-FollowerState was interrupted: java.lang.InterruptedException: sleep interrupted
2019-10-16 21:12:08,143 [Thread-1763] INFO  impl.FollowerState (FollowerState.java:run(117)) - 65da0c80-3604-4ac2-9a39-ee88d748a153@group-146C50BE7901-FollowerState was interrupted: java.lang.InterruptedException: sleep interrupted
2019-10-16 21:12:08,143 [grpc-default-executor-0] INFO  impl.RoleInfo (RoleInfo.java:updateAndGet(143)) - 65da0c80-3604-4ac2-9a39-ee88d748a153: start FollowerState
2019-10-16 21:12:08,195 [52743044-8979-4a08-8013-92a14c548982@group-146C50BE7901-LeaderElection222] INFO  impl.LeaderElection (LeaderElection.java:logAndReturn(56)) - 52743044-8979-4a08-8013-92a14c548982@group-146C50BE7901-LeaderElection222: Election REJECTED; received 2 response(s) [52743044-8979-4a08-8013-92a14c548982<-904f39be-c3d3-4df4-99c0-2e4526e577e3#0:FAIL-t266, 52743044-8979-4a08-8013-92a14c548982<-65da0c80-3604-4ac2-9a39-ee88d748a153#0:FAIL-t266] and 0 exception(s); 52743044-8979-4a08-8013-92a14c548982@group-146C50BE7901:t266, leader=null, voted=52743044-8979-4a08-8013-92a14c548982, raftlog=52743044-8979-4a08-8013-92a14c548982@group-146C50BE7901-SegmentedRaftLog:OPENED:c-1,f-1,i0, conf=-1: [904f39be-c3d3-4df4-99c0-2e4526e577e3:192.168.157.254:45339, 52743044-8979-4a08-8013-92a14c548982:192.168.157.254:36428, 65da0c80-3604-4ac2-9a39-ee88d748a153:192.168.157.254:37466], old=null
2019-10-16 21:12:08,196 [52743044-8979-4a08-8013-92a14c548982@group-146C50BE7901-LeaderElection222] INFO  impl.RaftServerImpl (RaftServerImpl.java:setRole(184)) - 52743044-8979-4a08-8013-92a14c548982@group-146C50BE7901: changes role from CANDIDATE to FOLLOWER at term 266 for DISCOVERED_A_NEW_TERM
2019-10-16 21:12:08,196 [52743044-8979-4a08-8013-92a14c548982@group-146C50BE7901-LeaderElection222] INFO  impl.RoleInfo (RoleInfo.java:shutdownLeaderElection(134)) - 52743044-8979-4a08-8013-92a14c548982: shutdown LeaderElection
2019-10-16 21:12:08,196 [52743044-8979-4a08-8013-92a14c548982@group-146C50BE7901-LeaderElection222] INFO  impl.RoleInfo (RoleInfo.java:updateAndGet(143)) - 52743044-8979-4a08-8013-92a14c548982: start FollowerState
2019-10-16 21:12:08,211 [Thread-1770] INFO  impl.FollowerState (FollowerState.java:run(108)) - 52743044-8979-4a08-8013-92a14c548982@group-146C50BE7901-FollowerState: change to CANDIDATE, lastRpcTime:15ms, electionTimeout:15ms
2019-10-16 21:12:08,211 [Thread-1770] INFO  impl.RoleInfo (RoleInfo.java:shutdownFollowerState(121)) - 52743044-8979-4a08-8013-92a14c548982: shutdown FollowerState
2019-10-16 21:12:08,211 [Thread-1770] INFO  impl.RaftServerImpl (RaftServerImpl.java:setRole(184)) - 52743044-8979-4a08-8013-92a14c548982@group-146C50BE7901: changes role from  FOLLOWER to CANDIDATE at term 266 for changeToCandidate
2019-10-16 21:12:08,212 [Thread-1770] INFO  impl.RoleInfo (RoleInfo.java:updateAndGet(143)) - 52743044-8979-4a08-8013-92a14c548982: start LeaderElection
2019-10-16 21:12:08,213 [main] INFO  ozone.MiniOzoneClusterImpl (MiniOzoneClusterImpl.java:lambda$waitForClusterToBeReady$2(164)) - Waiting for 1 number of pipelines out of 4, to report a leader.
2019-10-16 21:12:08,267 [52743044-8979-4a08-8013-92a14c548982@group-146C50BE7901-LeaderElection223] INFO  impl.LeaderElection (LeaderElection.java:askForVotes(178)) - 52743044-8979-4a08-8013-92a14c548982@group-146C50BE7901-LeaderElection223: begin an election at term 267 for -1: [904f39be-c3d3-4df4-99c0-2e4526e577e3:192.168.157.254:45339, 52743044-8979-4a08-8013-92a14c548982:192.168.157.254:36428, 65da0c80-3604-4ac2-9a39-ee88d748a153:192.168.157.254:37466], old=null
2019-10-16 21:12:08,270 [grpc-default-executor-0] INFO  impl.RaftServerImpl (RaftServerImpl.java:setRole(184)) - 65da0c80-3604-4ac2-9a39-ee88d748a153@group-146C50BE7901: changes role from  FOLLOWER to FOLLOWER at term 267 for recognizeCandidate:52743044-8979-4a08-8013-92a14c548982
2019-10-16 21:12:08,270 [grpc-default-executor-0] INFO  impl.RoleInfo (RoleInfo.java:shutdownFollowerState(121)) - 65da0c80-3604-4ac2-9a39-ee88d748a153: shutdown FollowerState
2019-10-16 21:12:08,270 [grpc-default-executor-1] INFO  impl.RaftServerImpl (RaftServerImpl.java:setRole(184)) - 904f39be-c3d3-4df4-99c0-2e4526e577e3@group-146C50BE7901: changes role from  FOLLOWER to FOLLOWER at term 267 for recognizeCandidate:52743044-8979-4a08-8013-92a14c548982
2019-10-16 21:12:08,270 [Thread-1769] INFO  impl.FollowerState (FollowerState.java:run(117)) - 65da0c80-3604-4ac2-9a39-ee88d748a153@group-146C50BE7901-FollowerState was interrupted: java.lang.InterruptedException: sleep interrupted
2019-10-16 21:12:08,270 [grpc-default-executor-0] INFO  impl.RoleInfo (RoleInfo.java:updateAndGet(143)) - 65da0c80-3604-4ac2-9a39-ee88d748a153: start FollowerState
2019-10-16 21:12:08,270 [grpc-default-executor-1] INFO  impl.RoleInfo (RoleInfo.java:shutdownFollowerState(121)) - 904f39be-c3d3-4df4-99c0-2e4526e577e3: shutdown FollowerState
2019-10-16 21:12:08,271 [grpc-default-executor-1] INFO  impl.RoleInfo (RoleInfo.java:updateAndGet(143)) - 904f39be-c3d3-4df4-99c0-2e4526e577e3: start FollowerState
2019-10-16 21:12:08,271 [Thread-1768] INFO  impl.FollowerState (FollowerState.java:run(117)) - 904f39be-c3d3-4df4-99c0-2e4526e577e3@group-146C50BE7901-FollowerState was interrupted: java.lang.InterruptedException: sleep interrupted
2019-10-16 21:12:08,307 [52743044-8979-4a08-8013-92a14c548982@group-146C50BE7901-LeaderElection223] INFO  impl.LeaderElection (LeaderElection.java:logAndReturn(56)) - 52743044-8979-4a08-8013-92a14c548982@group-146C50BE7901-LeaderElection223: Election TIMEOUT; received 0 response(s) [] and 0 exception(s); 52743044-8979-4a08-8013-92a14c548982@group-146C50BE7901:t267, leader=null, voted=52743044-8979-4a08-8013-92a14c548982, raftlog=52743044-8979-4a08-8013-92a14c548982@group-146C50BE7901-SegmentedRaftLog:OPENED:c-1,f-1,i0, conf=-1: [904f39be-c3d3-4df4-99c0-2e4526e577e3:192.168.157.254:45339, 52743044-8979-4a08-8013-92a14c548982:192.168.157.254:36428, 65da0c80-3604-4ac2-9a39-ee88d748a153:192.168.157.254:37466], old=null
2019-10-16 21:12:08,320 [52743044-8979-4a08-8013-92a14c548982@group-146C50BE7901-LeaderElection223] INFO  impl.LeaderElection (LeaderElection.java:askForVotes(178)) - 52743044-8979-4a08-8013-92a14c548982@group-146C50BE7901-LeaderElection223: begin an election at term 268 for -1: [904f39be-c3d3-4df4-99c0-2e4526e577e3:192.168.157.254:45339, 52743044-8979-4a08-8013-92a14c548982:192.168.157.254:36428, 65da0c80-3604-4ac2-9a39-ee88d748a153:192.168.157.254:37466], old=null
2019-10-16 21:12:08,322 [grpc-default-executor-1] INFO  impl.RaftServerImpl (RaftServerImpl.java:setRole(184)) - 904f39be-c3d3-4df4-99c0-2e4526e577e3@group-146C50BE7901: changes role from  FOLLOWER to FOLLOWER at term 268 for recognizeCandidate:52743044-8979-4a08-8013-92a14c548982
2019-10-16 21:12:08,322 [grpc-default-executor-1] INFO  impl.RoleInfo (RoleInfo.java:shutdownFollowerState(121)) - 904f39be-c3d3-4df4-99c0-2e4526e577e3: shutdown FollowerState
2019-10-16 21:12:08,322 [grpc-default-executor-1] INFO  impl.RoleInfo (RoleInfo.java:updateAndGet(143)) - 904f39be-c3d3-4df4-99c0-2e4526e577e3: start FollowerState
2019-10-16 21:12:08,322 [Thread-1775] INFO  impl.FollowerState (FollowerState.java:run(117)) - 904f39be-c3d3-4df4-99c0-2e4526e577e3@group-146C50BE7901-FollowerState was interrupted: java.lang.InterruptedException: sleep interrupted
2019-10-16 21:12:08,322 [grpc-default-executor-0] INFO  impl.RaftServerImpl (RaftServerImpl.java:setRole(184)) - 65da0c80-3604-4ac2-9a39-ee88d748a153@group-146C50BE7901: changes role from  FOLLOWER to FOLLOWER at term 268 for recognizeCandidate:52743044-8979-4a08-8013-92a14c548982
2019-10-16 21:12:08,323 [grpc-default-executor-0] INFO  impl.RoleInfo (RoleInfo.java:shutdownFollowerState(121)) - 65da0c80-3604-4ac2-9a39-ee88d748a153: shutdown FollowerState
2019-10-16 21:12:08,323 [grpc-default-executor-0] INFO  impl.RoleInfo (RoleInfo.java:updateAndGet(143)) - 65da0c80-3604-4ac2-9a39-ee88d748a153: start FollowerState
2019-10-16 21:12:08,323 [Thread-1774] INFO  impl.FollowerState (FollowerState.java:run(117)) - 65da0c80-3604-4ac2-9a39-ee88d748a153@group-146C50BE7901-FollowerState was interrupted: java.lang.InterruptedException: sleep interrupted
2019-10-16 21:12:08,330 [52743044-8979-4a08-8013-92a14c548982@group-146C50BE7901-LeaderElection223] INFO  impl.LeaderElection (LeaderElection.java:logAndReturn(56)) - 52743044-8979-4a08-8013-92a14c548982@group-146C50BE7901-LeaderElection223: Election TIMEOUT; received 0 response(s) [] and 0 exception(s); 52743044-8979-4a08-8013-92a14c548982@group-146C50BE7901:t268, leader=null, voted=52743044-8979-4a08-8013-92a14c548982, raftlog=52743044-8979-4a08-8013-92a14c548982@group-146C50BE7901-SegmentedRaftLog:OPENED:c-1,f-1,i0, conf=-1: [904f39be-c3d3-4df4-99c0-2e4526e577e3:192.168.157.254:45339, 52743044-8979-4a08-8013-92a14c548982:192.168.157.254:36428, 65da0c80-3604-4ac2-9a39-ee88d748a153:192.168.157.254:37466], old=null
2019-10-16 21:12:08,369 [52743044-8979-4a08-8013-92a14c548982@group-146C50BE7901-LeaderElection223] INFO  impl.LeaderElection (LeaderElection.java:askForVotes(178)) - 52743044-8979-4a08-8013-92a14c548982@group-146C50BE7901-LeaderElection223: begin an election at term 269 for -1: [904f39be-c3d3-4df4-99c0-2e4526e577e3:192.168.157.254:45339, 52743044-8979-4a08-8013-92a14c548982:192.168.157.254:36428, 65da0c80-3604-4ac2-9a39-ee88d748a153:192.168.157.254:37466], old=null
2019-10-16 21:12:08,371 [grpc-default-executor-1] INFO  impl.RaftServerImpl (RaftServerImpl.java:setRole(184)) - 904f39be-c3d3-4df4-99c0-2e4526e577e3@group-146C50BE7901: changes role from  FOLLOWER to FOLLOWER at term 269 for recognizeCandidate:52743044-8979-4a08-8013-92a14c548982
2019-10-16 21:12:08,371 [grpc-default-executor-1] INFO  impl.RoleInfo (RoleInfo.java:shutdownFollowerState(121)) - 904f39be-c3d3-4df4-99c0-2e4526e577e3: shutdown FollowerState
2019-10-16 21:12:08,372 [grpc-default-executor-1] INFO  impl.RoleInfo (RoleInfo.java:updateAndGet(143)) - 904f39be-c3d3-4df4-99c0-2e4526e577e3: start FollowerState
2019-10-16 21:12:08,372 [Thread-1778] INFO  impl.FollowerState (FollowerState.java:run(117)) - 904f39be-c3d3-4df4-99c0-2e4526e577e3@group-146C50BE7901-FollowerState was interrupted: java.lang.InterruptedException: sleep interrupted
2019-10-16 21:12:08,372 [grpc-default-executor-0] INFO  impl.RaftServerImpl (RaftServerImpl.java:setRole(184)) - 65da0c80-3604-4ac2-9a39-ee88d748a153@group-146C50BE7901: changes role from  FOLLOWER to FOLLOWER at term 269 for recognizeCandidate:52743044-8979-4a08-8013-92a14c548982
2019-10-16 21:12:08,372 [grpc-default-executor-0] INFO  impl.RoleInfo (RoleInfo.java:shutdownFollowerState(121)) - 65da0c80-3604-4ac2-9a39-ee88d748a153: shutdown FollowerState
2019-10-16 21:12:08,372 [grpc-default-executor-0] INFO  impl.RoleInfo (RoleInfo.java:updateAndGet(143)) - 65da0c80-3604-4ac2-9a39-ee88d748a153: start FollowerState
2019-10-16 21:12:08,372 [Thread-1779] INFO  impl.FollowerState (FollowerState.java:run(117)) - 65da0c80-3604-4ac2-9a39-ee88d748a153@group-146C50BE7901-FollowerState was interrupted: java.lang.InterruptedException: sleep interrupted
2019-10-16 21:12:08,436 [52743044-8979-4a08-8013-92a14c548982@group-146C50BE7901-LeaderElection223] INFO  impl.LeaderElection (LeaderElection.java:logAndReturn(56)) - 52743044-8979-4a08-8013-92a14c548982@group-146C50BE7901-LeaderElection223: Election REJECTED; received 2 response(s) [52743044-8979-4a08-8013-92a14c548982<-904f39be-c3d3-4df4-99c0-2e4526e577e3#0:FAIL-t269, 52743044-8979-4a08-8013-92a14c548982<-65da0c80-3604-4ac2-9a39-ee88d748a153#0:FAIL-t269] and 0 exception(s); 52743044-8979-4a08-8013-92a14c548982@group-146C50BE7901:t269, leader=null, voted=52743044-8979-4a08-8013-92a14c548982, raftlog=52743044-8979-4a08-8013-92a14c548982@group-146C50BE7901-SegmentedRaftLog:OPENED:c-1,f-1,i0, conf=-1: [904f39be-c3d3-4df4-99c0-2e4526e577e3:192.168.157.254:45339, 52743044-8979-4a08-8013-92a14c548982:192.168.157.254:36428, 65da0c80-3604-4ac2-9a39-ee88d748a153:192.168.157.254:37466], old=null
2019-10-16 21:12:08,436 [52743044-8979-4a08-8013-92a14c548982@group-146C50BE7901-LeaderElection223] INFO  impl.RaftServerImpl (RaftServerImpl.java:setRole(184)) - 52743044-8979-4a08-8013-92a14c548982@group-146C50BE7901: changes role from CANDIDATE to FOLLOWER at term 269 for DISCOVERED_A_NEW_TERM
2019-10-16 21:12:08,436 [52743044-8979-4a08-8013-92a14c548982@group-146C50BE7901-LeaderElection223] INFO  impl.RoleInfo (RoleInfo.java:shutdownLeaderElection(134)) - 52743044-8979-4a08-8013-92a14c548982: shutdown LeaderElection
2019-10-16 21:12:08,436 [52743044-8979-4a08-8013-92a14c548982@group-146C50BE7901-LeaderElection223] INFO  impl.RoleInfo (RoleInfo.java:updateAndGet(143)) - 52743044-8979-4a08-8013-92a14c548982: start FollowerState
2019-10-16 21:12:08,624 [Thread-1784] INFO  impl.FollowerState (FollowerState.java:run(108)) - 52743044-8979-4a08-8013-92a14c548982@group-146C50BE7901-FollowerState: change to CANDIDATE, lastRpcTime:187ms, electionTimeout:187ms
2019-10-16 21:12:08,624 [Thread-1784] INFO  impl.RoleInfo (RoleInfo.java:shutdownFollowerState(121)) - 52743044-8979-4a08-8013-92a14c548982: shutdown FollowerState
2019-10-16 21:12:08,624 [Thread-1784] INFO  impl.RaftServerImpl (RaftServerImpl.java:setRole(184)) - 52743044-8979-4a08-8013-92a14c548982@group-146C50BE7901: changes role from  FOLLOWER to CANDIDATE at term 269 for changeToCandidate
2019-10-16 21:12:08,624 [Thread-1784] INFO  impl.RoleInfo (RoleInfo.java:updateAndGet(143)) - 52743044-8979-4a08-8013-92a14c548982: start LeaderElection
2019-10-16 21:12:08,649 [52743044-8979-4a08-8013-92a14c548982@group-146C50BE7901-LeaderElection224] INFO  impl.LeaderElection (LeaderElection.java:askForVotes(178)) - 52743044-8979-4a08-8013-92a14c548982@group-146C50BE7901-LeaderElection224: begin an election at term 270 for -1: [904f39be-c3d3-4df4-99c0-2e4526e577e3:192.168.157.254:45339, 52743044-8979-4a08-8013-92a14c548982:192.168.157.254:36428, 65da0c80-3604-4ac2-9a39-ee88d748a153:192.168.157.254:37466], old=null
2019-10-16 21:12:08,652 [grpc-default-executor-1] INFO  impl.RaftServerImpl (RaftServerImpl.java:setRole(184)) - 904f39be-c3d3-4df4-99c0-2e4526e577e3@group-146C50BE7901: changes role from  FOLLOWER to FOLLOWER at term 270 for recognizeCandidate:52743044-8979-4a08-8013-92a14c548982
2019-10-16 21:12:08,652 [grpc-default-executor-1] INFO  impl.RoleInfo (RoleInfo.java:shutdownFollowerState(121)) - 904f39be-c3d3-4df4-99c0-2e4526e577e3: shutdown FollowerState
2019-10-16 21:12:08,652 [grpc-default-executor-0] INFO  impl.RaftServerImpl (RaftServerImpl.java:setRole(184)) - 65da0c80-3604-4ac2-9a39-ee88d748a153@group-146C50BE7901: changes role from  FOLLOWER to FOLLOWER at term 270 for recognizeCandidate:52743044-8979-4a08-8013-92a14c548982
2019-10-16 21:12:08,652 [Thread-1782] INFO  impl.FollowerState (FollowerState.java:run(117)) - 904f39be-c3d3-4df4-99c0-2e4526e577e3@group-146C50BE7901-FollowerState was interrupted: java.lang.InterruptedException: sleep interrupted
2019-10-16 21:12:08,652 [grpc-default-executor-1] INFO  impl.RoleInfo (RoleInfo.java:updateAndGet(143)) - 904f39be-c3d3-4df4-99c0-2e4526e577e3: start FollowerState
2019-10-16 21:12:08,652 [grpc-default-executor-0] INFO  impl.RoleInfo (RoleInfo.java:shutdownFollowerState(121)) - 65da0c80-3604-4ac2-9a39-ee88d748a153: shutdown FollowerState
2019-10-16 21:12:08,653 [grpc-default-executor-0] INFO  impl.RoleInfo (RoleInfo.java:updateAndGet(143)) - 65da0c80-3604-4ac2-9a39-ee88d748a153: start FollowerState
2019-10-16 21:12:08,653 [Thread-1783] INFO  impl.FollowerState (FollowerState.java:run(117)) - 65da0c80-3604-4ac2-9a39-ee88d748a153@group-146C50BE7901-FollowerState was interrupted: java.lang.InterruptedException: sleep interrupted
2019-10-16 21:12:08,667 [52743044-8979-4a08-8013-92a14c548982@group-146C50BE7901-LeaderElection224] INFO  impl.LeaderElection (LeaderElection.java:logAndReturn(56)) - 52743044-8979-4a08-8013-92a14c548982@group-146C50BE7901-LeaderElection224: Election REJECTED; received 2 response(s) [52743044-8979-4a08-8013-92a14c548982<-904f39be-c3d3-4df4-99c0-2e4526e577e3#0:FAIL-t270, 52743044-8979-4a08-8013-92a14c548982<-65da0c80-3604-4ac2-9a39-ee88d748a153#0:FAIL-t270] and 0 exception(s); 52743044-8979-4a08-8013-92a14c548982@group-146C50BE7901:t270, leader=null, voted=52743044-8979-4a08-8013-92a14c548982, raftlog=52743044-8979-4a08-8013-92a14c548982@group-146C50BE7901-SegmentedRaftLog:OPENED:c-1,f-1,i0, conf=-1: [904f39be-c3d3-4df4-99c0-2e4526e577e3:192.168.157.254:45339, 52743044-8979-4a08-8013-92a14c548982:192.168.157.254:36428, 65da0c80-3604-4ac2-9a39-ee88d748a153:192.168.157.254:37466], old=null
2019-10-16 21:12:08,668 [52743044-8979-4a08-8013-92a14c548982@group-146C50BE7901-LeaderElection224] INFO  impl.RaftServerImpl (RaftServerImpl.java:setRole(184)) - 52743044-8979-4a08-8013-92a14c548982@group-146C50BE7901: changes role from CANDIDATE to FOLLOWER at term 270 for DISCOVERED_A_NEW_TERM
2019-10-16 21:12:08,668 [52743044-8979-4a08-8013-92a14c548982@group-146C50BE7901-LeaderElection224] INFO  impl.RoleInfo (RoleInfo.java:shutdownLeaderElection(134)) - 52743044-8979-4a08-8013-92a14c548982: shutdown LeaderElection
2019-10-16 21:12:08,668 [52743044-8979-4a08-8013-92a14c548982@group-146C50BE7901-LeaderElection224] INFO  impl.RoleInfo (RoleInfo.java:updateAndGet(143)) - 52743044-8979-4a08-8013-92a14c548982: start FollowerState
2019-10-16 21:12:08,739 [Thread-1790] INFO  impl.FollowerState (FollowerState.java:run(108)) - 52743044-8979-4a08-8013-92a14c548982@group-146C50BE7901-FollowerState: change to CANDIDATE, lastRpcTime:71ms, electionTimeout:71ms
2019-10-16 21:12:08,739 [Thread-1790] INFO  impl.RoleInfo (RoleInfo.java:shutdownFollowerState(121)) - 52743044-8979-4a08-8013-92a14c548982: shutdown FollowerState
2019-10-16 21:12:08,740 [Thread-1790] INFO  impl.RaftServerImpl (RaftServerImpl.java:setRole(184)) - 52743044-8979-4a08-8013-92a14c548982@group-146C50BE7901: changes role from  FOLLOWER to CANDIDATE at term 270 for changeToCandidate
2019-10-16 21:12:08,740 [Thread-1790] INFO  impl.RoleInfo (RoleInfo.java:updateAndGet(143)) - 52743044-8979-4a08-8013-92a14c548982: start LeaderElection
2019-10-16 21:12:08,792 [52743044-8979-4a08-8013-92a14c548982@group-146C50BE7901-LeaderElection225] INFO  impl.LeaderElection (LeaderElection.java:askForVotes(178)) - 52743044-8979-4a08-8013-92a14c548982@group-146C50BE7901-LeaderElection225: begin an election at term 271 for -1: [904f39be-c3d3-4df4-99c0-2e4526e577e3:192.168.157.254:45339, 52743044-8979-4a08-8013-92a14c548982:192.168.157.254:36428, 65da0c80-3604-4ac2-9a39-ee88d748a153:192.168.157.254:37466], old=null
2019-10-16 21:12:08,795 [grpc-default-executor-0] INFO  impl.RaftServerImpl (RaftServerImpl.java:setRole(184)) - 904f39be-c3d3-4df4-99c0-2e4526e577e3@group-146C50BE7901: changes role from  FOLLOWER to FOLLOWER at term 271 for recognizeCandidate:52743044-8979-4a08-8013-92a14c548982
2019-10-16 21:12:08,795 [grpc-default-executor-0] INFO  impl.RoleInfo (RoleInfo.java:shutdownFollowerState(121)) - 904f39be-c3d3-4df4-99c0-2e4526e577e3: shutdown FollowerState
2019-10-16 21:12:08,795 [grpc-default-executor-1] INFO  impl.RaftServerImpl (RaftServerImpl.java:setRole(184)) - 65da0c80-3604-4ac2-9a39-ee88d748a153@group-146C50BE7901: changes role from  FOLLOWER to FOLLOWER at term 271 for recognizeCandidate:52743044-8979-4a08-8013-92a14c548982
2019-10-16 21:12:08,795 [grpc-default-executor-0] INFO  impl.RoleInfo (RoleInfo.java:updateAndGet(143)) - 904f39be-c3d3-4df4-99c0-2e4526e577e3: start FollowerState
2019-10-16 21:12:08,795 [Thread-1788] INFO  impl.FollowerState (FollowerState.java:run(117)) - 904f39be-c3d3-4df4-99c0-2e4526e577e3@group-146C50BE7901-FollowerState was interrupted: java.lang.InterruptedException: sleep interrupted
2019-10-16 21:12:08,795 [grpc-default-executor-1] INFO  impl.RoleInfo (RoleInfo.java:shutdownFollowerState(121)) - 65da0c80-3604-4ac2-9a39-ee88d748a153: shutdown FollowerState
2019-10-16 21:12:08,796 [grpc-default-executor-1] INFO  impl.RoleInfo (RoleInfo.java:updateAndGet(143)) - 65da0c80-3604-4ac2-9a39-ee88d748a153: start FollowerState
2019-10-16 21:12:08,796 [Thread-1789] INFO  impl.FollowerState (FollowerState.java:run(117)) - 65da0c80-3604-4ac2-9a39-ee88d748a153@group-146C50BE7901-FollowerState was interrupted: java.lang.InterruptedException: sleep interrupted
2019-10-16 21:12:08,846 [52743044-8979-4a08-8013-92a14c548982@group-146C50BE7901-LeaderElection225] INFO  impl.LeaderElection (LeaderElection.java:logAndReturn(56)) - 52743044-8979-4a08-8013-92a14c548982@group-146C50BE7901-LeaderElection225: Election REJECTED; received 2 response(s) [52743044-8979-4a08-8013-92a14c548982<-904f39be-c3d3-4df4-99c0-2e4526e577e3#0:FAIL-t271, 52743044-8979-4a08-8013-92a14c548982<-65da0c80-3604-4ac2-9a39-ee88d748a153#0:FAIL-t271] and 0 exception(s); 52743044-8979-4a08-8013-92a14c548982@group-146C50BE7901:t271, leader=null, voted=52743044-8979-4a08-8013-92a14c548982, raftlog=52743044-8979-4a08-8013-92a14c548982@group-146C50BE7901-SegmentedRaftLog:OPENED:c-1,f-1,i0, conf=-1: [904f39be-c3d3-4df4-99c0-2e4526e577e3:192.168.157.254:45339, 52743044-8979-4a08-8013-92a14c548982:192.168.157.254:36428, 65da0c80-3604-4ac2-9a39-ee88d748a153:192.168.157.254:37466], old=null
2019-10-16 21:12:08,846 [52743044-8979-4a08-8013-92a14c548982@group-146C50BE7901-LeaderElection225] INFO  impl.RaftServerImpl (RaftServerImpl.java:setRole(184)) - 52743044-8979-4a08-8013-92a14c548982@group-146C50BE7901: changes role from CANDIDATE to FOLLOWER at term 271 for DISCOVERED_A_NEW_TERM
2019-10-16 21:12:08,846 [52743044-8979-4a08-8013-92a14c548982@group-146C50BE7901-LeaderElection225] INFO  impl.RoleInfo (RoleInfo.java:shutdownLeaderElection(134)) - 52743044-8979-4a08-8013-92a14c548982: shutdown LeaderElection
2019-10-16 21:12:08,846 [52743044-8979-4a08-8013-92a14c548982@group-146C50BE7901-LeaderElection225] INFO  impl.RoleInfo (RoleInfo.java:updateAndGet(143)) - 52743044-8979-4a08-8013-92a14c548982: start FollowerState
2019-10-16 21:12:08,875 [Thread-1796] INFO  impl.FollowerState (FollowerState.java:run(108)) - 52743044-8979-4a08-8013-92a14c548982@group-146C50BE7901-FollowerState: change to CANDIDATE, lastRpcTime:28ms, electionTimeout:28ms
2019-10-16 21:12:08,875 [Thread-1796] INFO  impl.RoleInfo (RoleInfo.java:shutdownFollowerState(121)) - 52743044-8979-4a08-8013-92a14c548982: shutdown FollowerState
2019-10-16 21:12:08,875 [Thread-1796] INFO  impl.RaftServerImpl (RaftServerImpl.java:setRole(184)) - 52743044-8979-4a08-8013-92a14c548982@group-146C50BE7901: changes role from  FOLLOWER to CANDIDATE at term 271 for changeToCandidate
2019-10-16 21:12:08,875 [Thread-1796] INFO  impl.RoleInfo (RoleInfo.java:updateAndGet(143)) - 52743044-8979-4a08-8013-92a14c548982: start LeaderElection
2019-10-16 21:12:08,890 [52743044-8979-4a08-8013-92a14c548982@group-146C50BE7901-LeaderElection226] INFO  impl.LeaderElection (LeaderElection.java:askForVotes(178)) - 52743044-8979-4a08-8013-92a14c548982@group-146C50BE7901-LeaderElection226: begin an election at term 272 for -1: [904f39be-c3d3-4df4-99c0-2e4526e577e3:192.168.157.254:45339, 52743044-8979-4a08-8013-92a14c548982:192.168.157.254:36428, 65da0c80-3604-4ac2-9a39-ee88d748a153:192.168.157.254:37466], old=null
2019-10-16 21:12:08,892 [grpc-default-executor-0] INFO  impl.RaftServerImpl (RaftServerImpl.java:setRole(184)) - 904f39be-c3d3-4df4-99c0-2e4526e577e3@group-146C50BE7901: changes role from  FOLLOWER to FOLLOWER at term 272 for recognizeCandidate:52743044-8979-4a08-8013-92a14c548982
2019-10-16 21:12:08,893 [grpc-default-executor-0] INFO  impl.RoleInfo (RoleInfo.java:shutdownFollowerState(121)) - 904f39be-c3d3-4df4-99c0-2e4526e577e3: shutdown FollowerState
2019-10-16 21:12:08,893 [grpc-default-executor-1] INFO  impl.RaftServerImpl (RaftServerImpl.java:setRole(184)) - 65da0c80-3604-4ac2-9a39-ee88d748a153@group-146C50BE7901: changes role from  FOLLOWER to FOLLOWER at term 272 for recognizeCandidate:52743044-8979-4a08-8013-92a14c548982
2019-10-16 21:12:08,893 [grpc-default-executor-0] INFO  impl.RoleInfo (RoleInfo.java:updateAndGet(143)) - 904f39be-c3d3-4df4-99c0-2e4526e577e3: start FollowerState
2019-10-16 21:12:08,893 [Thread-1794] INFO  impl.FollowerState (FollowerState.java:run(117)) - 904f39be-c3d3-4df4-99c0-2e4526e577e3@group-146C50BE7901-FollowerState was interrupted: java.lang.InterruptedException: sleep interrupted
2019-10-16 21:12:08,893 [grpc-default-executor-1] INFO  impl.RoleInfo (RoleInfo.java:shutdownFollowerState(121)) - 65da0c80-3604-4ac2-9a39-ee88d748a153: shutdown FollowerState
2019-10-16 21:12:08,893 [grpc-default-executor-1] INFO  impl.RoleInfo (RoleInfo.java:updateAndGet(143)) - 65da0c80-3604-4ac2-9a39-ee88d748a153: start FollowerState
2019-10-16 21:12:08,893 [Thread-1795] INFO  impl.FollowerState (FollowerState.java:run(117)) - 65da0c80-3604-4ac2-9a39-ee88d748a153@group-146C50BE7901-FollowerState was interrupted: java.lang.InterruptedException: sleep interrupted
2019-10-16 21:12:08,910 [52743044-8979-4a08-8013-92a14c548982@group-146C50BE7901-LeaderElection226] INFO  impl.LeaderElection (LeaderElection.java:logAndReturn(56)) - 52743044-8979-4a08-8013-92a14c548982@group-146C50BE7901-LeaderElection226: Election REJECTED; received 2 response(s) [52743044-8979-4a08-8013-92a14c548982<-904f39be-c3d3-4df4-99c0-2e4526e577e3#0:FAIL-t272, 52743044-8979-4a08-8013-92a14c548982<-65da0c80-3604-4ac2-9a39-ee88d748a153#0:FAIL-t272] and 0 exception(s); 52743044-8979-4a08-8013-92a14c548982@group-146C50BE7901:t272, leader=null, voted=52743044-8979-4a08-8013-92a14c548982, raftlog=52743044-8979-4a08-8013-92a14c548982@group-146C50BE7901-SegmentedRaftLog:OPENED:c-1,f-1,i0, conf=-1: [904f39be-c3d3-4df4-99c0-2e4526e577e3:192.168.157.254:45339, 52743044-8979-4a08-8013-92a14c548982:192.168.157.254:36428, 65da0c80-3604-4ac2-9a39-ee88d748a153:192.168.157.254:37466], old=null
2019-10-16 21:12:08,910 [52743044-8979-4a08-8013-92a14c548982@group-146C50BE7901-LeaderElection226] INFO  impl.RaftServerImpl (RaftServerImpl.java:setRole(184)) - 52743044-8979-4a08-8013-92a14c548982@group-146C50BE7901: changes role from CANDIDATE to FOLLOWER at term 272 for DISCOVERED_A_NEW_TERM
2019-10-16 21:12:08,911 [52743044-8979-4a08-8013-92a14c548982@group-146C50BE7901-LeaderElection226] INFO  impl.RoleInfo (RoleInfo.java:shutdownLeaderElection(134)) - 52743044-8979-4a08-8013-92a14c548982: shutdown LeaderElection
2019-10-16 21:12:08,911 [52743044-8979-4a08-8013-92a14c548982@group-146C50BE7901-LeaderElection226] INFO  impl.RoleInfo (RoleInfo.java:updateAndGet(143)) - 52743044-8979-4a08-8013-92a14c548982: start FollowerState
2019-10-16 21:12:09,029 [Thread-1802] INFO  impl.FollowerState (FollowerState.java:run(108)) - 52743044-8979-4a08-8013-92a14c548982@group-146C50BE7901-FollowerState: change to CANDIDATE, lastRpcTime:118ms, electionTimeout:118ms
2019-10-16 21:12:09,029 [Thread-1802] INFO  impl.RoleInfo (RoleInfo.java:shutdownFollowerState(121)) - 52743044-8979-4a08-8013-92a14c548982: shutdown FollowerState
2019-10-16 21:12:09,030 [Thread-1802] INFO  impl.RaftServerImpl (RaftServerImpl.java:setRole(184)) - 52743044-8979-4a08-8013-92a14c548982@group-146C50BE7901: changes role from  FOLLOWER to CANDIDATE at term 272 for changeToCandidate
2019-10-16 21:12:09,030 [Thread-1802] INFO  impl.RoleInfo (RoleInfo.java:updateAndGet(143)) - 52743044-8979-4a08-8013-92a14c548982: start LeaderElection
2019-10-16 21:12:09,044 [52743044-8979-4a08-8013-92a14c548982@group-146C50BE7901-LeaderElection227] INFO  impl.LeaderElection (LeaderElection.java:askForVotes(178)) - 52743044-8979-4a08-8013-92a14c548982@group-146C50BE7901-LeaderElection227: begin an election at term 273 for -1: [904f39be-c3d3-4df4-99c0-2e4526e577e3:192.168.157.254:45339, 52743044-8979-4a08-8013-92a14c548982:192.168.157.254:36428, 65da0c80-3604-4ac2-9a39-ee88d748a153:192.168.157.254:37466], old=null
2019-10-16 21:12:09,047 [grpc-default-executor-0] INFO  impl.RaftServerImpl (RaftServerImpl.java:setRole(184)) - 65da0c80-3604-4ac2-9a39-ee88d748a153@group-146C50BE7901: changes role from  FOLLOWER to FOLLOWER at term 273 for recognizeCandidate:52743044-8979-4a08-8013-92a14c548982
2019-10-16 21:12:09,047 [grpc-default-executor-1] INFO  impl.RaftServerImpl (RaftServerImpl.java:setRole(184)) - 904f39be-c3d3-4df4-99c0-2e4526e577e3@group-146C50BE7901: changes role from  FOLLOWER to FOLLOWER at term 273 for recognizeCandidate:52743044-8979-4a08-8013-92a14c548982
2019-10-16 21:12:09,047 [grpc-default-executor-0] INFO  impl.RoleInfo (RoleInfo.java:shutdownFollowerState(121)) - 65da0c80-3604-4ac2-9a39-ee88d748a153: shutdown FollowerState
2019-10-16 21:12:09,047 [grpc-default-executor-1] INFO  impl.RoleInfo (RoleInfo.java:shutdownFollowerState(121)) - 904f39be-c3d3-4df4-99c0-2e4526e577e3: shutdown FollowerState
2019-10-16 21:12:09,047 [Thread-1801] INFO  impl.FollowerState (FollowerState.java:run(117)) - 65da0c80-3604-4ac2-9a39-ee88d748a153@group-146C50BE7901-FollowerState was interrupted: java.lang.InterruptedException: sleep interrupted
2019-10-16 21:12:09,048 [Thread-1800] INFO  impl.FollowerState (FollowerState.java:run(117)) - 904f39be-c3d3-4df4-99c0-2e4526e577e3@group-146C50BE7901-FollowerState was interrupted: java.lang.InterruptedException: sleep interrupted
2019-10-16 21:12:09,047 [grpc-default-executor-0] INFO  impl.RoleInfo (RoleInfo.java:updateAndGet(143)) - 65da0c80-3604-4ac2-9a39-ee88d748a153: start FollowerState
2019-10-16 21:12:09,048 [grpc-default-executor-1] INFO  impl.RoleInfo (RoleInfo.java:updateAndGet(143)) - 904f39be-c3d3-4df4-99c0-2e4526e577e3: start FollowerState
2019-10-16 21:12:09,085 [52743044-8979-4a08-8013-92a14c548982@group-146C50BE7901-LeaderElection227] INFO  impl.LeaderElection (LeaderElection.java:logAndReturn(56)) - 52743044-8979-4a08-8013-92a14c548982@group-146C50BE7901-LeaderElection227: Election REJECTED; received 2 response(s) [52743044-8979-4a08-8013-92a14c548982<-904f39be-c3d3-4df4-99c0-2e4526e577e3#0:FAIL-t273, 52743044-8979-4a08-8013-92a14c548982<-65da0c80-3604-4ac2-9a39-ee88d748a153#0:FAIL-t273] and 0 exception(s); 52743044-8979-4a08-8013-92a14c548982@group-146C50BE7901:t273, leader=null, voted=52743044-8979-4a08-8013-92a14c548982, raftlog=52743044-8979-4a08-8013-92a14c548982@group-146C50BE7901-SegmentedRaftLog:OPENED:c-1,f-1,i0, conf=-1: [904f39be-c3d3-4df4-99c0-2e4526e577e3:192.168.157.254:45339, 52743044-8979-4a08-8013-92a14c548982:192.168.157.254:36428, 65da0c80-3604-4ac2-9a39-ee88d748a153:192.168.157.254:37466], old=null
2019-10-16 21:12:09,085 [52743044-8979-4a08-8013-92a14c548982@group-146C50BE7901-LeaderElection227] INFO  impl.RaftServerImpl (RaftServerImpl.java:setRole(184)) - 52743044-8979-4a08-8013-92a14c548982@group-146C50BE7901: changes role from CANDIDATE to FOLLOWER at term 273 for DISCOVERED_A_NEW_TERM
2019-10-16 21:12:09,086 [52743044-8979-4a08-8013-92a14c548982@group-146C50BE7901-LeaderElection227] INFO  impl.RoleInfo (RoleInfo.java:shutdownLeaderElection(134)) - 52743044-8979-4a08-8013-92a14c548982: shutdown LeaderElection
2019-10-16 21:12:09,086 [52743044-8979-4a08-8013-92a14c548982@group-146C50BE7901-LeaderElection227] INFO  impl.RoleInfo (RoleInfo.java:updateAndGet(143)) - 52743044-8979-4a08-8013-92a14c548982: start FollowerState
2019-10-16 21:12:09,212 [Thread-1808] INFO  impl.FollowerState (FollowerState.java:run(108)) - 52743044-8979-4a08-8013-92a14c548982@group-146C50BE7901-FollowerState: change to CANDIDATE, lastRpcTime:126ms, electionTimeout:126ms
2019-10-16 21:12:09,212 [Thread-1808] INFO  impl.RoleInfo (RoleInfo.java:shutdownFollowerState(121)) - 52743044-8979-4a08-8013-92a14c548982: shutdown FollowerState
2019-10-16 21:12:09,213 [Thread-1808] INFO  impl.RaftServerImpl (RaftServerImpl.java:setRole(184)) - 52743044-8979-4a08-8013-92a14c548982@group-146C50BE7901: changes role from  FOLLOWER to CANDIDATE at term 273 for changeToCandidate
2019-10-16 21:12:09,213 [Thread-1808] INFO  impl.RoleInfo (RoleInfo.java:updateAndGet(143)) - 52743044-8979-4a08-8013-92a14c548982: start LeaderElection
2019-10-16 21:12:09,213 [main] INFO  ozone.MiniOzoneClusterImpl (MiniOzoneClusterImpl.java:lambda$waitForClusterToBeReady$2(164)) - Waiting for 1 number of pipelines out of 4, to report a leader.
2019-10-16 21:12:09,240 [52743044-8979-4a08-8013-92a14c548982@group-146C50BE7901-LeaderElection228] INFO  impl.LeaderElection (LeaderElection.java:askForVotes(178)) - 52743044-8979-4a08-8013-92a14c548982@group-146C50BE7901-LeaderElection228: begin an election at term 274 for -1: [904f39be-c3d3-4df4-99c0-2e4526e577e3:192.168.157.254:45339, 52743044-8979-4a08-8013-92a14c548982:192.168.157.254:36428, 65da0c80-3604-4ac2-9a39-ee88d748a153:192.168.157.254:37466], old=null
2019-10-16 21:12:09,242 [grpc-default-executor-1] INFO  impl.RaftServerImpl (RaftServerImpl.java:setRole(184)) - 904f39be-c3d3-4df4-99c0-2e4526e577e3@group-146C50BE7901: changes role from  FOLLOWER to FOLLOWER at term 274 for recognizeCandidate:52743044-8979-4a08-8013-92a14c548982
2019-10-16 21:12:09,242 [grpc-default-executor-1] INFO  impl.RoleInfo (RoleInfo.java:shutdownFollowerState(121)) - 904f39be-c3d3-4df4-99c0-2e4526e577e3: shutdown FollowerState
2019-10-16 21:12:09,243 [grpc-default-executor-1] INFO  impl.RoleInfo (RoleInfo.java:updateAndGet(143)) - 904f39be-c3d3-4df4-99c0-2e4526e577e3: start FollowerState
2019-10-16 21:12:09,243 [grpc-default-executor-0] INFO  impl.RaftServerImpl (RaftServerImpl.java:setRole(184)) - 65da0c80-3604-4ac2-9a39-ee88d748a153@group-146C50BE7901: changes role from  FOLLOWER to FOLLOWER at term 274 for recognizeCandidate:52743044-8979-4a08-8013-92a14c548982
2019-10-16 21:12:09,243 [grpc-default-executor-0] INFO  impl.RoleInfo (RoleInfo.java:shutdownFollowerState(121)) - 65da0c80-3604-4ac2-9a39-ee88d748a153: shutdown FollowerState
2019-10-16 21:12:09,243 [Thread-1807] INFO  impl.FollowerState (FollowerState.java:run(117)) - 904f39be-c3d3-4df4-99c0-2e4526e577e3@group-146C50BE7901-FollowerState was interrupted: java.lang.InterruptedException: sleep interrupted
2019-10-16 21:12:09,243 [Thread-1806] INFO  impl.FollowerState (FollowerState.java:run(117)) - 65da0c80-3604-4ac2-9a39-ee88d748a153@group-146C50BE7901-FollowerState was interrupted: java.lang.InterruptedException: sleep interrupted
2019-10-16 21:12:09,243 [grpc-default-executor-0] INFO  impl.RoleInfo (RoleInfo.java:updateAndGet(143)) - 65da0c80-3604-4ac2-9a39-ee88d748a153: start FollowerState
2019-10-16 21:12:09,258 [52743044-8979-4a08-8013-92a14c548982@group-146C50BE7901-LeaderElection228] INFO  impl.LeaderElection (LeaderElection.java:logAndReturn(56)) - 52743044-8979-4a08-8013-92a14c548982@group-146C50BE7901-LeaderElection228: Election REJECTED; received 2 response(s) [52743044-8979-4a08-8013-92a14c548982<-904f39be-c3d3-4df4-99c0-2e4526e577e3#0:FAIL-t274, 52743044-8979-4a08-8013-92a14c548982<-65da0c80-3604-4ac2-9a39-ee88d748a153#0:FAIL-t274] and 0 exception(s); 52743044-8979-4a08-8013-92a14c548982@group-146C50BE7901:t274, leader=null, voted=52743044-8979-4a08-8013-92a14c548982, raftlog=52743044-8979-4a08-8013-92a14c548982@group-146C50BE7901-SegmentedRaftLog:OPENED:c-1,f-1,i0, conf=-1: [904f39be-c3d3-4df4-99c0-2e4526e577e3:192.168.157.254:45339, 52743044-8979-4a08-8013-92a14c548982:192.168.157.254:36428, 65da0c80-3604-4ac2-9a39-ee88d748a153:192.168.157.254:37466], old=null
2019-10-16 21:12:09,258 [52743044-8979-4a08-8013-92a14c548982@group-146C50BE7901-LeaderElection228] INFO  impl.RaftServerImpl (RaftServerImpl.java:setRole(184)) - 52743044-8979-4a08-8013-92a14c548982@group-146C50BE7901: changes role from CANDIDATE to FOLLOWER at term 274 for DISCOVERED_A_NEW_TERM
2019-10-16 21:12:09,259 [52743044-8979-4a08-8013-92a14c548982@group-146C50BE7901-LeaderElection228] INFO  impl.RoleInfo (RoleInfo.java:shutdownLeaderElection(134)) - 52743044-8979-4a08-8013-92a14c548982: shutdown LeaderElection
2019-10-16 21:12:09,259 [52743044-8979-4a08-8013-92a14c548982@group-146C50BE7901-LeaderElection228] INFO  impl.RoleInfo (RoleInfo.java:updateAndGet(143)) - 52743044-8979-4a08-8013-92a14c548982: start FollowerState
2019-10-16 21:12:09,315 [Thread-1814] INFO  impl.FollowerState (FollowerState.java:run(108)) - 52743044-8979-4a08-8013-92a14c548982@group-146C50BE7901-FollowerState: change to CANDIDATE, lastRpcTime:56ms, electionTimeout:56ms
2019-10-16 21:12:09,315 [Thread-1814] INFO  impl.RoleInfo (RoleInfo.java:shutdownFollowerState(121)) - 52743044-8979-4a08-8013-92a14c548982: shutdown FollowerState
2019-10-16 21:12:09,315 [Thread-1814] INFO  impl.RaftServerImpl (RaftServerImpl.java:setRole(184)) - 52743044-8979-4a08-8013-92a14c548982@group-146C50BE7901: changes role from  FOLLOWER to CANDIDATE at term 274 for changeToCandidate
2019-10-16 21:12:09,316 [Thread-1814] INFO  impl.RoleInfo (RoleInfo.java:updateAndGet(143)) - 52743044-8979-4a08-8013-92a14c548982: start LeaderElection
2019-10-16 21:12:09,361 [52743044-8979-4a08-8013-92a14c548982@group-146C50BE7901-LeaderElection229] INFO  impl.LeaderElection (LeaderElection.java:askForVotes(178)) - 52743044-8979-4a08-8013-92a14c548982@group-146C50BE7901-LeaderElection229: begin an election at term 275 for -1: [904f39be-c3d3-4df4-99c0-2e4526e577e3:192.168.157.254:45339, 52743044-8979-4a08-8013-92a14c548982:192.168.157.254:36428, 65da0c80-3604-4ac2-9a39-ee88d748a153:192.168.157.254:37466], old=null
2019-10-16 21:12:09,362 [grpc-default-executor-1] INFO  impl.RaftServerImpl (RaftServerImpl.java:setRole(184)) - 904f39be-c3d3-4df4-99c0-2e4526e577e3@group-146C50BE7901: changes role from  FOLLOWER to FOLLOWER at term 275 for recognizeCandidate:52743044-8979-4a08-8013-92a14c548982
2019-10-16 21:12:09,362 [grpc-default-executor-1] INFO  impl.RoleInfo (RoleInfo.java:shutdownFollowerState(121)) - 904f39be-c3d3-4df4-99c0-2e4526e577e3: shutdown FollowerState
2019-10-16 21:12:09,362 [grpc-default-executor-0] INFO  impl.RaftServerImpl (RaftServerImpl.java:setRole(184)) - 65da0c80-3604-4ac2-9a39-ee88d748a153@group-146C50BE7901: changes role from  FOLLOWER to FOLLOWER at term 275 for recognizeCandidate:52743044-8979-4a08-8013-92a14c548982
2019-10-16 21:12:09,363 [grpc-default-executor-0] INFO  impl.RoleInfo (RoleInfo.java:shutdownFollowerState(121)) - 65da0c80-3604-4ac2-9a39-ee88d748a153: shutdown FollowerState
2019-10-16 21:12:09,363 [grpc-default-executor-1] INFO  impl.RoleInfo (RoleInfo.java:updateAndGet(143)) - 904f39be-c3d3-4df4-99c0-2e4526e577e3: start FollowerState
2019-10-16 21:12:09,363 [Thread-1813] INFO  impl.FollowerState (FollowerState.java:run(117)) - 65da0c80-3604-4ac2-9a39-ee88d748a153@group-146C50BE7901-FollowerState was interrupted: java.lang.InterruptedException: sleep interrupted
2019-10-16 21:12:09,363 [grpc-default-executor-0] INFO  impl.RoleInfo (RoleInfo.java:updateAndGet(143)) - 65da0c80-3604-4ac2-9a39-ee88d748a153: start FollowerState
2019-10-16 21:12:09,363 [Thread-1812] INFO  impl.FollowerState (FollowerState.java:run(117)) - 904f39be-c3d3-4df4-99c0-2e4526e577e3@group-146C50BE7901-FollowerState was interrupted: java.lang.InterruptedException: sleep interrupted
2019-10-16 21:12:09,391 [52743044-8979-4a08-8013-92a14c548982@group-146C50BE7901-LeaderElection229] INFO  impl.LeaderElection (LeaderElection.java:logAndReturn(56)) - 52743044-8979-4a08-8013-92a14c548982@group-146C50BE7901-LeaderElection229: Election REJECTED; received 2 response(s) [52743044-8979-4a08-8013-92a14c548982<-904f39be-c3d3-4df4-99c0-2e4526e577e3#0:FAIL-t275, 52743044-8979-4a08-8013-92a14c548982<-65da0c80-3604-4ac2-9a39-ee88d748a153#0:FAIL-t275] and 0 exception(s); 52743044-8979-4a08-8013-92a14c548982@group-146C50BE7901:t275, leader=null, voted=52743044-8979-4a08-8013-92a14c548982, raftlog=52743044-8979-4a08-8013-92a14c548982@group-146C50BE7901-SegmentedRaftLog:OPENED:c-1,f-1,i0, conf=-1: [904f39be-c3d3-4df4-99c0-2e4526e577e3:192.168.157.254:45339, 52743044-8979-4a08-8013-92a14c548982:192.168.157.254:36428, 65da0c80-3604-4ac2-9a39-ee88d748a153:192.168.157.254:37466], old=null
2019-10-16 21:12:09,391 [52743044-8979-4a08-8013-92a14c548982@group-146C50BE7901-LeaderElection229] INFO  impl.RaftServerImpl (RaftServerImpl.java:setRole(184)) - 52743044-8979-4a08-8013-92a14c548982@group-146C50BE7901: changes role from CANDIDATE to FOLLOWER at term 275 for DISCOVERED_A_NEW_TERM
2019-10-16 21:12:09,392 [52743044-8979-4a08-8013-92a14c548982@group-146C50BE7901-LeaderElection229] INFO  impl.RoleInfo (RoleInfo.java:shutdownLeaderElection(134)) - 52743044-8979-4a08-8013-92a14c548982: shutdown LeaderElection
2019-10-16 21:12:09,392 [52743044-8979-4a08-8013-92a14c548982@group-146C50BE7901-LeaderElection229] INFO  impl.RoleInfo (RoleInfo.java:updateAndGet(143)) - 52743044-8979-4a08-8013-92a14c548982: start FollowerState
2019-10-16 21:12:09,399 [Thread-1820] INFO  impl.FollowerState (FollowerState.java:run(108)) - 52743044-8979-4a08-8013-92a14c548982@group-146C50BE7901-FollowerState: change to CANDIDATE, lastRpcTime:7ms, electionTimeout:7ms
2019-10-16 21:12:09,399 [Thread-1820] INFO  impl.RoleInfo (RoleInfo.java:shutdownFollowerState(121)) - 52743044-8979-4a08-8013-92a14c548982: shutdown FollowerState
2019-10-16 21:12:09,399 [Thread-1820] INFO  impl.RaftServerImpl (RaftServerImpl.java:setRole(184)) - 52743044-8979-4a08-8013-92a14c548982@group-146C50BE7901: changes role from  FOLLOWER to CANDIDATE at term 275 for changeToCandidate
2019-10-16 21:12:09,400 [Thread-1820] INFO  impl.RoleInfo (RoleInfo.java:updateAndGet(143)) - 52743044-8979-4a08-8013-92a14c548982: start LeaderElection
2019-10-16 21:12:09,413 [52743044-8979-4a08-8013-92a14c548982@group-146C50BE7901-LeaderElection230] INFO  impl.LeaderElection (LeaderElection.java:askForVotes(178)) - 52743044-8979-4a08-8013-92a14c548982@group-146C50BE7901-LeaderElection230: begin an election at term 276 for -1: [904f39be-c3d3-4df4-99c0-2e4526e577e3:192.168.157.254:45339, 52743044-8979-4a08-8013-92a14c548982:192.168.157.254:36428, 65da0c80-3604-4ac2-9a39-ee88d748a153:192.168.157.254:37466], old=null
2019-10-16 21:12:09,415 [grpc-default-executor-1] INFO  impl.RaftServerImpl (RaftServerImpl.java:setRole(184)) - 904f39be-c3d3-4df4-99c0-2e4526e577e3@group-146C50BE7901: changes role from  FOLLOWER to FOLLOWER at term 276 for recognizeCandidate:52743044-8979-4a08-8013-92a14c548982
2019-10-16 21:12:09,415 [grpc-default-executor-1] INFO  impl.RoleInfo (RoleInfo.java:shutdownFollowerState(121)) - 904f39be-c3d3-4df4-99c0-2e4526e577e3: shutdown FollowerState
2019-10-16 21:12:09,415 [grpc-default-executor-0] INFO  impl.RaftServerImpl (RaftServerImpl.java:setRole(184)) - 65da0c80-3604-4ac2-9a39-ee88d748a153@group-146C50BE7901: changes role from  FOLLOWER to FOLLOWER at term 276 for recognizeCandidate:52743044-8979-4a08-8013-92a14c548982
2019-10-16 21:12:09,416 [grpc-default-executor-0] INFO  impl.RoleInfo (RoleInfo.java:shutdownFollowerState(121)) - 65da0c80-3604-4ac2-9a39-ee88d748a153: shutdown FollowerState
2019-10-16 21:12:09,415 [Thread-1818] INFO  impl.FollowerState (FollowerState.java:run(117)) - 904f39be-c3d3-4df4-99c0-2e4526e577e3@group-146C50BE7901-FollowerState was interrupted: java.lang.InterruptedException: sleep interrupted
2019-10-16 21:12:09,415 [grpc-default-executor-1] INFO  impl.RoleInfo (RoleInfo.java:updateAndGet(143)) - 904f39be-c3d3-4df4-99c0-2e4526e577e3: start FollowerState
2019-10-16 21:12:09,416 [Thread-1819] INFO  impl.FollowerState (FollowerState.java:run(117)) - 65da0c80-3604-4ac2-9a39-ee88d748a153@group-146C50BE7901-FollowerState was interrupted: java.lang.InterruptedException: sleep interrupted
2019-10-16 21:12:09,416 [grpc-default-executor-0] INFO  impl.RoleInfo (RoleInfo.java:updateAndGet(143)) - 65da0c80-3604-4ac2-9a39-ee88d748a153: start FollowerState
2019-10-16 21:12:09,458 [52743044-8979-4a08-8013-92a14c548982@group-146C50BE7901-LeaderElection230] INFO  impl.LeaderElection (LeaderElection.java:logAndReturn(56)) - 52743044-8979-4a08-8013-92a14c548982@group-146C50BE7901-LeaderElection230: Election REJECTED; received 2 response(s) [52743044-8979-4a08-8013-92a14c548982<-904f39be-c3d3-4df4-99c0-2e4526e577e3#0:FAIL-t276, 52743044-8979-4a08-8013-92a14c548982<-65da0c80-3604-4ac2-9a39-ee88d748a153#0:FAIL-t276] and 0 exception(s); 52743044-8979-4a08-8013-92a14c548982@group-146C50BE7901:t276, leader=null, voted=52743044-8979-4a08-8013-92a14c548982, raftlog=52743044-8979-4a08-8013-92a14c548982@group-146C50BE7901-SegmentedRaftLog:OPENED:c-1,f-1,i0, conf=-1: [904f39be-c3d3-4df4-99c0-2e4526e577e3:192.168.157.254:45339, 52743044-8979-4a08-8013-92a14c548982:192.168.157.254:36428, 65da0c80-3604-4ac2-9a39-ee88d748a153:192.168.157.254:37466], old=null
2019-10-16 21:12:09,458 [52743044-8979-4a08-8013-92a14c548982@group-146C50BE7901-LeaderElection230] INFO  impl.RaftServerImpl (RaftServerImpl.java:setRole(184)) - 52743044-8979-4a08-8013-92a14c548982@group-146C50BE7901: changes role from CANDIDATE to FOLLOWER at term 276 for DISCOVERED_A_NEW_TERM
2019-10-16 21:12:09,458 [52743044-8979-4a08-8013-92a14c548982@group-146C50BE7901-LeaderElection230] INFO  impl.RoleInfo (RoleInfo.java:shutdownLeaderElection(134)) - 52743044-8979-4a08-8013-92a14c548982: shutdown LeaderElection
2019-10-16 21:12:09,458 [52743044-8979-4a08-8013-92a14c548982@group-146C50BE7901-LeaderElection230] INFO  impl.RoleInfo (RoleInfo.java:updateAndGet(143)) - 52743044-8979-4a08-8013-92a14c548982: start FollowerState
2019-10-16 21:12:09,578 [Thread-1826] INFO  impl.FollowerState (FollowerState.java:run(108)) - 52743044-8979-4a08-8013-92a14c548982@group-146C50BE7901-FollowerState: change to CANDIDATE, lastRpcTime:119ms, electionTimeout:119ms
2019-10-16 21:12:09,578 [Thread-1826] INFO  impl.RoleInfo (RoleInfo.java:shutdownFollowerState(121)) - 52743044-8979-4a08-8013-92a14c548982: shutdown FollowerState
2019-10-16 21:12:09,578 [Thread-1826] INFO  impl.RaftServerImpl (RaftServerImpl.java:setRole(184)) - 52743044-8979-4a08-8013-92a14c548982@group-146C50BE7901: changes role from  FOLLOWER to CANDIDATE at term 276 for changeToCandidate
2019-10-16 21:12:09,578 [Thread-1826] INFO  impl.RoleInfo (RoleInfo.java:updateAndGet(143)) - 52743044-8979-4a08-8013-92a14c548982: start LeaderElection
2019-10-16 21:12:09,629 [52743044-8979-4a08-8013-92a14c548982@group-146C50BE7901-LeaderElection231] INFO  impl.LeaderElection (LeaderElection.java:askForVotes(178)) - 52743044-8979-4a08-8013-92a14c548982@group-146C50BE7901-LeaderElection231: begin an election at term 277 for -1: [904f39be-c3d3-4df4-99c0-2e4526e577e3:192.168.157.254:45339, 52743044-8979-4a08-8013-92a14c548982:192.168.157.254:36428, 65da0c80-3604-4ac2-9a39-ee88d748a153:192.168.157.254:37466], old=null
2019-10-16 21:12:09,631 [grpc-default-executor-0] INFO  impl.RaftServerImpl (RaftServerImpl.java:setRole(184)) - 65da0c80-3604-4ac2-9a39-ee88d748a153@group-146C50BE7901: changes role from  FOLLOWER to FOLLOWER at term 277 for recognizeCandidate:52743044-8979-4a08-8013-92a14c548982
2019-10-16 21:12:09,631 [grpc-default-executor-0] INFO  impl.RoleInfo (RoleInfo.java:shutdownFollowerState(121)) - 65da0c80-3604-4ac2-9a39-ee88d748a153: shutdown FollowerState
2019-10-16 21:12:09,631 [grpc-default-executor-1] INFO  impl.RaftServerImpl (RaftServerImpl.java:setRole(184)) - 904f39be-c3d3-4df4-99c0-2e4526e577e3@group-146C50BE7901: changes role from  FOLLOWER to FOLLOWER at term 277 for recognizeCandidate:52743044-8979-4a08-8013-92a14c548982
2019-10-16 21:12:09,631 [Thread-1825] INFO  impl.FollowerState (FollowerState.java:run(117)) - 65da0c80-3604-4ac2-9a39-ee88d748a153@group-146C50BE7901-FollowerState was interrupted: java.lang.InterruptedException: sleep interrupted
2019-10-16 21:12:09,631 [grpc-default-executor-0] INFO  impl.RoleInfo (RoleInfo.java:updateAndGet(143)) - 65da0c80-3604-4ac2-9a39-ee88d748a153: start FollowerState
2019-10-16 21:12:09,631 [grpc-default-executor-1] INFO  impl.RoleInfo (RoleInfo.java:shutdownFollowerState(121)) - 904f39be-c3d3-4df4-99c0-2e4526e577e3: shutdown FollowerState
2019-10-16 21:12:09,632 [grpc-default-executor-1] INFO  impl.RoleInfo (RoleInfo.java:updateAndGet(143)) - 904f39be-c3d3-4df4-99c0-2e4526e577e3: start FollowerState
2019-10-16 21:12:09,632 [Thread-1824] INFO  impl.FollowerState (FollowerState.java:run(117)) - 904f39be-c3d3-4df4-99c0-2e4526e577e3@group-146C50BE7901-FollowerState was interrupted: java.lang.InterruptedException: sleep interrupted
2019-10-16 21:12:09,686 [52743044-8979-4a08-8013-92a14c548982@group-146C50BE7901-LeaderElection231] INFO  impl.LeaderElection (LeaderElection.java:logAndReturn(56)) - 52743044-8979-4a08-8013-92a14c548982@group-146C50BE7901-LeaderElection231: Election REJECTED; received 2 response(s) [52743044-8979-4a08-8013-92a14c548982<-904f39be-c3d3-4df4-99c0-2e4526e577e3#0:FAIL-t277, 52743044-8979-4a08-8013-92a14c548982<-65da0c80-3604-4ac2-9a39-ee88d748a153#0:FAIL-t277] and 0 exception(s); 52743044-8979-4a08-8013-92a14c548982@group-146C50BE7901:t277, leader=null, voted=52743044-8979-4a08-8013-92a14c548982, raftlog=52743044-8979-4a08-8013-92a14c548982@group-146C50BE7901-SegmentedRaftLog:OPENED:c-1,f-1,i0, conf=-1: [904f39be-c3d3-4df4-99c0-2e4526e577e3:192.168.157.254:45339, 52743044-8979-4a08-8013-92a14c548982:192.168.157.254:36428, 65da0c80-3604-4ac2-9a39-ee88d748a153:192.168.157.254:37466], old=null
2019-10-16 21:12:09,686 [52743044-8979-4a08-8013-92a14c548982@group-146C50BE7901-LeaderElection231] INFO  impl.RaftServerImpl (RaftServerImpl.java:setRole(184)) - 52743044-8979-4a08-8013-92a14c548982@group-146C50BE7901: changes role from CANDIDATE to FOLLOWER at term 277 for DISCOVERED_A_NEW_TERM
2019-10-16 21:12:09,686 [52743044-8979-4a08-8013-92a14c548982@group-146C50BE7901-LeaderElection231] INFO  impl.RoleInfo (RoleInfo.java:shutdownLeaderElection(134)) - 52743044-8979-4a08-8013-92a14c548982: shutdown LeaderElection
2019-10-16 21:12:09,687 [52743044-8979-4a08-8013-92a14c548982@group-146C50BE7901-LeaderElection231] INFO  impl.RoleInfo (RoleInfo.java:updateAndGet(143)) - 52743044-8979-4a08-8013-92a14c548982: start FollowerState
2019-10-16 21:12:09,779 [Thread-1832] INFO  impl.FollowerState (FollowerState.java:run(108)) - 52743044-8979-4a08-8013-92a14c548982@group-146C50BE7901-FollowerState: change to CANDIDATE, lastRpcTime:92ms, electionTimeout:92ms
2019-10-16 21:12:09,779 [Thread-1832] INFO  impl.RoleInfo (RoleInfo.java:shutdownFollowerState(121)) - 52743044-8979-4a08-8013-92a14c548982: shutdown FollowerState
2019-10-16 21:12:09,779 [Thread-1832] INFO  impl.RaftServerImpl (RaftServerImpl.java:setRole(184)) - 52743044-8979-4a08-8013-92a14c548982@group-146C50BE7901: changes role from  FOLLOWER to CANDIDATE at term 277 for changeToCandidate
2019-10-16 21:12:09,779 [Thread-1832] INFO  impl.RoleInfo (RoleInfo.java:updateAndGet(143)) - 52743044-8979-4a08-8013-92a14c548982: start LeaderElection
2019-10-16 21:12:09,804 [52743044-8979-4a08-8013-92a14c548982@group-146C50BE7901-LeaderElection232] INFO  impl.LeaderElection (LeaderElection.java:askForVotes(178)) - 52743044-8979-4a08-8013-92a14c548982@group-146C50BE7901-LeaderElection232: begin an election at term 278 for -1: [904f39be-c3d3-4df4-99c0-2e4526e577e3:192.168.157.254:45339, 52743044-8979-4a08-8013-92a14c548982:192.168.157.254:36428, 65da0c80-3604-4ac2-9a39-ee88d748a153:192.168.157.254:37466], old=null
2019-10-16 21:12:09,805 [grpc-default-executor-0] INFO  impl.RaftServerImpl (RaftServerImpl.java:setRole(184)) - 65da0c80-3604-4ac2-9a39-ee88d748a153@group-146C50BE7901: changes role from  FOLLOWER to FOLLOWER at term 278 for recognizeCandidate:52743044-8979-4a08-8013-92a14c548982
2019-10-16 21:12:09,805 [grpc-default-executor-1] INFO  impl.RaftServerImpl (RaftServerImpl.java:setRole(184)) - 904f39be-c3d3-4df4-99c0-2e4526e577e3@group-146C50BE7901: changes role from  FOLLOWER to FOLLOWER at term 278 for recognizeCandidate:52743044-8979-4a08-8013-92a14c548982
2019-10-16 21:12:09,806 [grpc-default-executor-0] INFO  impl.RoleInfo (RoleInfo.java:shutdownFollowerState(121)) - 65da0c80-3604-4ac2-9a39-ee88d748a153: shutdown FollowerState
2019-10-16 21:12:09,806 [grpc-default-executor-1] INFO  impl.RoleInfo (RoleInfo.java:shutdownFollowerState(121)) - 904f39be-c3d3-4df4-99c0-2e4526e577e3: shutdown FollowerState
2019-10-16 21:12:09,806 [Thread-1830] INFO  impl.FollowerState (FollowerState.java:run(117)) - 65da0c80-3604-4ac2-9a39-ee88d748a153@group-146C50BE7901-FollowerState was interrupted: java.lang.InterruptedException: sleep interrupted
2019-10-16 21:12:09,806 [grpc-default-executor-0] INFO  impl.RoleInfo (RoleInfo.java:updateAndGet(143)) - 65da0c80-3604-4ac2-9a39-ee88d748a153: start FollowerState
2019-10-16 21:12:09,806 [Thread-1831] INFO  impl.FollowerState (FollowerState.java:run(117)) - 904f39be-c3d3-4df4-99c0-2e4526e577e3@group-146C50BE7901-FollowerState was interrupted: java.lang.InterruptedException: sleep interrupted
2019-10-16 21:12:09,806 [grpc-default-executor-1] INFO  impl.RoleInfo (RoleInfo.java:updateAndGet(143)) - 904f39be-c3d3-4df4-99c0-2e4526e577e3: start FollowerState
2019-10-16 21:12:09,821 [52743044-8979-4a08-8013-92a14c548982@group-146C50BE7901-LeaderElection232] INFO  impl.LeaderElection (LeaderElection.java:logAndReturn(56)) - 52743044-8979-4a08-8013-92a14c548982@group-146C50BE7901-LeaderElection232: Election REJECTED; received 2 response(s) [52743044-8979-4a08-8013-92a14c548982<-904f39be-c3d3-4df4-99c0-2e4526e577e3#0:FAIL-t278, 52743044-8979-4a08-8013-92a14c548982<-65da0c80-3604-4ac2-9a39-ee88d748a153#0:FAIL-t278] and 0 exception(s); 52743044-8979-4a08-8013-92a14c548982@group-146C50BE7901:t278, leader=null, voted=52743044-8979-4a08-8013-92a14c548982, raftlog=52743044-8979-4a08-8013-92a14c548982@group-146C50BE7901-SegmentedRaftLog:OPENED:c-1,f-1,i0, conf=-1: [904f39be-c3d3-4df4-99c0-2e4526e577e3:192.168.157.254:45339, 52743044-8979-4a08-8013-92a14c548982:192.168.157.254:36428, 65da0c80-3604-4ac2-9a39-ee88d748a153:192.168.157.254:37466], old=null
2019-10-16 21:12:09,821 [52743044-8979-4a08-8013-92a14c548982@group-146C50BE7901-LeaderElection232] INFO  impl.RaftServerImpl (RaftServerImpl.java:setRole(184)) - 52743044-8979-4a08-8013-92a14c548982@group-146C50BE7901: changes role from CANDIDATE to FOLLOWER at term 278 for DISCOVERED_A_NEW_TERM
2019-10-16 21:12:09,821 [52743044-8979-4a08-8013-92a14c548982@group-146C50BE7901-LeaderElection232] INFO  impl.RoleInfo (RoleInfo.java:shutdownLeaderElection(134)) - 52743044-8979-4a08-8013-92a14c548982: shutdown LeaderElection
2019-10-16 21:12:09,821 [52743044-8979-4a08-8013-92a14c548982@group-146C50BE7901-LeaderElection232] INFO  impl.RoleInfo (RoleInfo.java:updateAndGet(143)) - 52743044-8979-4a08-8013-92a14c548982: start FollowerState
2019-10-16 21:12:09,884 [Thread-1838] INFO  impl.FollowerState (FollowerState.java:run(108)) - 52743044-8979-4a08-8013-92a14c548982@group-146C50BE7901-FollowerState: change to CANDIDATE, lastRpcTime:63ms, electionTimeout:63ms
2019-10-16 21:12:09,884 [Thread-1838] INFO  impl.RoleInfo (RoleInfo.java:shutdownFollowerState(121)) - 52743044-8979-4a08-8013-92a14c548982: shutdown FollowerState
2019-10-16 21:12:09,885 [Thread-1838] INFO  impl.RaftServerImpl (RaftServerImpl.java:setRole(184)) - 52743044-8979-4a08-8013-92a14c548982@group-146C50BE7901: changes role from  FOLLOWER to CANDIDATE at term 278 for changeToCandidate
2019-10-16 21:12:09,885 [Thread-1838] INFO  impl.RoleInfo (RoleInfo.java:updateAndGet(143)) - 52743044-8979-4a08-8013-92a14c548982: start LeaderElection
2019-10-16 21:12:09,940 [52743044-8979-4a08-8013-92a14c548982@group-146C50BE7901-LeaderElection233] INFO  impl.LeaderElection (LeaderElection.java:askForVotes(178)) - 52743044-8979-4a08-8013-92a14c548982@group-146C50BE7901-LeaderElection233: begin an election at term 279 for -1: [904f39be-c3d3-4df4-99c0-2e4526e577e3:192.168.157.254:45339, 52743044-8979-4a08-8013-92a14c548982:192.168.157.254:36428, 65da0c80-3604-4ac2-9a39-ee88d748a153:192.168.157.254:37466], old=null
2019-10-16 21:12:09,942 [grpc-default-executor-1] INFO  impl.RaftServerImpl (RaftServerImpl.java:setRole(184)) - 904f39be-c3d3-4df4-99c0-2e4526e577e3@group-146C50BE7901: changes role from  FOLLOWER to FOLLOWER at term 279 for recognizeCandidate:52743044-8979-4a08-8013-92a14c548982
2019-10-16 21:12:09,942 [grpc-default-executor-1] INFO  impl.RoleInfo (RoleInfo.java:shutdownFollowerState(121)) - 904f39be-c3d3-4df4-99c0-2e4526e577e3: shutdown FollowerState
2019-10-16 21:12:09,942 [grpc-default-executor-0] INFO  impl.RaftServerImpl (RaftServerImpl.java:setRole(184)) - 65da0c80-3604-4ac2-9a39-ee88d748a153@group-146C50BE7901: changes role from  FOLLOWER to FOLLOWER at term 279 for recognizeCandidate:52743044-8979-4a08-8013-92a14c548982
2019-10-16 21:12:09,942 [Thread-1837] INFO  impl.FollowerState (FollowerState.java:run(117)) - 904f39be-c3d3-4df4-99c0-2e4526e577e3@group-146C50BE7901-FollowerState was interrupted: java.lang.InterruptedException: sleep interrupted
2019-10-16 21:12:09,942 [grpc-default-executor-1] INFO  impl.RoleInfo (RoleInfo.java:updateAndGet(143)) - 904f39be-c3d3-4df4-99c0-2e4526e577e3: start FollowerState
2019-10-16 21:12:09,942 [grpc-default-executor-0] INFO  impl.RoleInfo (RoleInfo.java:shutdownFollowerState(121)) - 65da0c80-3604-4ac2-9a39-ee88d748a153: shutdown FollowerState
2019-10-16 21:12:09,943 [grpc-default-executor-0] INFO  impl.RoleInfo (RoleInfo.java:updateAndGet(143)) - 65da0c80-3604-4ac2-9a39-ee88d748a153: start FollowerState
2019-10-16 21:12:09,943 [Thread-1836] INFO  impl.FollowerState (FollowerState.java:run(117)) - 65da0c80-3604-4ac2-9a39-ee88d748a153@group-146C50BE7901-FollowerState was interrupted: java.lang.InterruptedException: sleep interrupted
2019-10-16 21:12:09,982 [52743044-8979-4a08-8013-92a14c548982@group-146C50BE7901-LeaderElection233] INFO  impl.LeaderElection (LeaderElection.java:logAndReturn(56)) - 52743044-8979-4a08-8013-92a14c548982@group-146C50BE7901-LeaderElection233: Election REJECTED; received 2 response(s) [52743044-8979-4a08-8013-92a14c548982<-904f39be-c3d3-4df4-99c0-2e4526e577e3#0:FAIL-t279, 52743044-8979-4a08-8013-92a14c548982<-65da0c80-3604-4ac2-9a39-ee88d748a153#0:FAIL-t279] and 0 exception(s); 52743044-8979-4a08-8013-92a14c548982@group-146C50BE7901:t279, leader=null, voted=52743044-8979-4a08-8013-92a14c548982, raftlog=52743044-8979-4a08-8013-92a14c548982@group-146C50BE7901-SegmentedRaftLog:OPENED:c-1,f-1,i0, conf=-1: [904f39be-c3d3-4df4-99c0-2e4526e577e3:192.168.157.254:45339, 52743044-8979-4a08-8013-92a14c548982:192.168.157.254:36428, 65da0c80-3604-4ac2-9a39-ee88d748a153:192.168.157.254:37466], old=null
2019-10-16 21:12:09,983 [52743044-8979-4a08-8013-92a14c548982@group-146C50BE7901-LeaderElection233] INFO  impl.RaftServerImpl (RaftServerImpl.java:setRole(184)) - 52743044-8979-4a08-8013-92a14c548982@group-146C50BE7901: changes role from CANDIDATE to FOLLOWER at term 279 for DISCOVERED_A_NEW_TERM
2019-10-16 21:12:09,983 [52743044-8979-4a08-8013-92a14c548982@group-146C50BE7901-LeaderElection233] INFO  impl.RoleInfo (RoleInfo.java:shutdownLeaderElection(134)) - 52743044-8979-4a08-8013-92a14c548982: shutdown LeaderElection
2019-10-16 21:12:09,983 [52743044-8979-4a08-8013-92a14c548982@group-146C50BE7901-LeaderElection233] INFO  impl.RoleInfo (RoleInfo.java:updateAndGet(143)) - 52743044-8979-4a08-8013-92a14c548982: start FollowerState
2019-10-16 21:12:10,056 [Thread-1844] INFO  impl.FollowerState (FollowerState.java:run(108)) - 52743044-8979-4a08-8013-92a14c548982@group-146C50BE7901-FollowerState: change to CANDIDATE, lastRpcTime:73ms, electionTimeout:73ms
2019-10-16 21:12:10,056 [Thread-1844] INFO  impl.RoleInfo (RoleInfo.java:shutdownFollowerState(121)) - 52743044-8979-4a08-8013-92a14c548982: shutdown FollowerState
2019-10-16 21:12:10,056 [Thread-1844] INFO  impl.RaftServerImpl (RaftServerImpl.java:setRole(184)) - 52743044-8979-4a08-8013-92a14c548982@group-146C50BE7901: changes role from  FOLLOWER to CANDIDATE at term 279 for changeToCandidate
2019-10-16 21:12:10,057 [Thread-1844] INFO  impl.RoleInfo (RoleInfo.java:updateAndGet(143)) - 52743044-8979-4a08-8013-92a14c548982: start LeaderElection
2019-10-16 21:12:10,098 [52743044-8979-4a08-8013-92a14c548982@group-146C50BE7901-LeaderElection234] INFO  impl.LeaderElection (LeaderElection.java:askForVotes(178)) - 52743044-8979-4a08-8013-92a14c548982@group-146C50BE7901-LeaderElection234: begin an election at term 280 for -1: [904f39be-c3d3-4df4-99c0-2e4526e577e3:192.168.157.254:45339, 52743044-8979-4a08-8013-92a14c548982:192.168.157.254:36428, 65da0c80-3604-4ac2-9a39-ee88d748a153:192.168.157.254:37466], old=null
2019-10-16 21:12:10,099 [grpc-default-executor-1] INFO  impl.RaftServerImpl (RaftServerImpl.java:setRole(184)) - 904f39be-c3d3-4df4-99c0-2e4526e577e3@group-146C50BE7901: changes role from  FOLLOWER to FOLLOWER at term 280 for recognizeCandidate:52743044-8979-4a08-8013-92a14c548982
2019-10-16 21:12:10,100 [grpc-default-executor-1] INFO  impl.RoleInfo (RoleInfo.java:shutdownFollowerState(121)) - 904f39be-c3d3-4df4-99c0-2e4526e577e3: shutdown FollowerState
2019-10-16 21:12:10,100 [grpc-default-executor-1] INFO  impl.RoleInfo (RoleInfo.java:updateAndGet(143)) - 904f39be-c3d3-4df4-99c0-2e4526e577e3: start FollowerState
2019-10-16 21:12:10,100 [Thread-1842] INFO  impl.FollowerState (FollowerState.java:run(117)) - 904f39be-c3d3-4df4-99c0-2e4526e577e3@group-146C50BE7901-FollowerState was interrupted: java.lang.InterruptedException: sleep interrupted
2019-10-16 21:12:10,100 [grpc-default-executor-0] INFO  impl.RaftServerImpl (RaftServerImpl.java:setRole(184)) - 65da0c80-3604-4ac2-9a39-ee88d748a153@group-146C50BE7901: changes role from  FOLLOWER to FOLLOWER at term 280 for recognizeCandidate:52743044-8979-4a08-8013-92a14c548982
2019-10-16 21:12:10,100 [grpc-default-executor-0] INFO  impl.RoleInfo (RoleInfo.java:shutdownFollowerState(121)) - 65da0c80-3604-4ac2-9a39-ee88d748a153: shutdown FollowerState
2019-10-16 21:12:10,100 [grpc-default-executor-0] INFO  impl.RoleInfo (RoleInfo.java:updateAndGet(143)) - 65da0c80-3604-4ac2-9a39-ee88d748a153: start FollowerState
2019-10-16 21:12:10,101 [Thread-1843] INFO  impl.FollowerState (FollowerState.java:run(117)) - 65da0c80-3604-4ac2-9a39-ee88d748a153@group-146C50BE7901-FollowerState was interrupted: java.lang.InterruptedException: sleep interrupted
2019-10-16 21:12:10,125 [52743044-8979-4a08-8013-92a14c548982@group-146C50BE7901-LeaderElection234] INFO  impl.LeaderElection (LeaderElection.java:logAndReturn(56)) - 52743044-8979-4a08-8013-92a14c548982@group-146C50BE7901-LeaderElection234: Election REJECTED; received 2 response(s) [52743044-8979-4a08-8013-92a14c548982<-904f39be-c3d3-4df4-99c0-2e4526e577e3#0:FAIL-t280, 52743044-8979-4a08-8013-92a14c548982<-65da0c80-3604-4ac2-9a39-ee88d748a153#0:FAIL-t280] and 0 exception(s); 52743044-8979-4a08-8013-92a14c548982@group-146C50BE7901:t280, leader=null, voted=52743044-8979-4a08-8013-92a14c548982, raftlog=52743044-8979-4a08-8013-92a14c548982@group-146C50BE7901-SegmentedRaftLog:OPENED:c-1,f-1,i0, conf=-1: [904f39be-c3d3-4df4-99c0-2e4526e577e3:192.168.157.254:45339, 52743044-8979-4a08-8013-92a14c548982:192.168.157.254:36428, 65da0c80-3604-4ac2-9a39-ee88d748a153:192.168.157.254:37466], old=null
2019-10-16 21:12:10,125 [52743044-8979-4a08-8013-92a14c548982@group-146C50BE7901-LeaderElection234] INFO  impl.RaftServerImpl (RaftServerImpl.java:setRole(184)) - 52743044-8979-4a08-8013-92a14c548982@group-146C50BE7901: changes role from CANDIDATE to FOLLOWER at term 280 for DISCOVERED_A_NEW_TERM
2019-10-16 21:12:10,126 [52743044-8979-4a08-8013-92a14c548982@group-146C50BE7901-LeaderElection234] INFO  impl.RoleInfo (RoleInfo.java:shutdownLeaderElection(134)) - 52743044-8979-4a08-8013-92a14c548982: shutdown LeaderElection
2019-10-16 21:12:10,126 [52743044-8979-4a08-8013-92a14c548982@group-146C50BE7901-LeaderElection234] INFO  impl.RoleInfo (RoleInfo.java:updateAndGet(143)) - 52743044-8979-4a08-8013-92a14c548982: start FollowerState
2019-10-16 21:12:10,173 [Thread-1850] INFO  impl.FollowerState (FollowerState.java:run(108)) - 52743044-8979-4a08-8013-92a14c548982@group-146C50BE7901-FollowerState: change to CANDIDATE, lastRpcTime:47ms, electionTimeout:47ms
2019-10-16 21:12:10,173 [Thread-1850] INFO  impl.RoleInfo (RoleInfo.java:shutdownFollowerState(121)) - 52743044-8979-4a08-8013-92a14c548982: shutdown FollowerState
2019-10-16 21:12:10,173 [Thread-1850] INFO  impl.RaftServerImpl (RaftServerImpl.java:setRole(184)) - 52743044-8979-4a08-8013-92a14c548982@group-146C50BE7901: changes role from  FOLLOWER to CANDIDATE at term 280 for changeToCandidate
2019-10-16 21:12:10,173 [Thread-1850] INFO  impl.RoleInfo (RoleInfo.java:updateAndGet(143)) - 52743044-8979-4a08-8013-92a14c548982: start LeaderElection
2019-10-16 21:12:10,208 [52743044-8979-4a08-8013-92a14c548982@group-146C50BE7901-LeaderElection235] INFO  impl.LeaderElection (LeaderElection.java:askForVotes(178)) - 52743044-8979-4a08-8013-92a14c548982@group-146C50BE7901-LeaderElection235: begin an election at term 281 for -1: [904f39be-c3d3-4df4-99c0-2e4526e577e3:192.168.157.254:45339, 52743044-8979-4a08-8013-92a14c548982:192.168.157.254:36428, 65da0c80-3604-4ac2-9a39-ee88d748a153:192.168.157.254:37466], old=null
2019-10-16 21:12:10,210 [grpc-default-executor-0] INFO  impl.RaftServerImpl (RaftServerImpl.java:setRole(184)) - 65da0c80-3604-4ac2-9a39-ee88d748a153@group-146C50BE7901: changes role from  FOLLOWER to FOLLOWER at term 281 for recognizeCandidate:52743044-8979-4a08-8013-92a14c548982
2019-10-16 21:12:10,210 [grpc-default-executor-0] INFO  impl.RoleInfo (RoleInfo.java:shutdownFollowerState(121)) - 65da0c80-3604-4ac2-9a39-ee88d748a153: shutdown FollowerState
2019-10-16 21:12:10,210 [grpc-default-executor-1] INFO  impl.RaftServerImpl (RaftServerImpl.java:setRole(184)) - 904f39be-c3d3-4df4-99c0-2e4526e577e3@group-146C50BE7901: changes role from  FOLLOWER to FOLLOWER at term 281 for recognizeCandidate:52743044-8979-4a08-8013-92a14c548982
2019-10-16 21:12:10,211 [Thread-1849] INFO  impl.FollowerState (FollowerState.java:run(117)) - 65da0c80-3604-4ac2-9a39-ee88d748a153@group-146C50BE7901-FollowerState was interrupted: java.lang.InterruptedException: sleep interrupted
2019-10-16 21:12:10,210 [grpc-default-executor-0] INFO  impl.RoleInfo (RoleInfo.java:updateAndGet(143)) - 65da0c80-3604-4ac2-9a39-ee88d748a153: start FollowerState
2019-10-16 21:12:10,211 [grpc-default-executor-1] INFO  impl.RoleInfo (RoleInfo.java:shutdownFollowerState(121)) - 904f39be-c3d3-4df4-99c0-2e4526e577e3: shutdown FollowerState
2019-10-16 21:12:10,211 [grpc-default-executor-1] INFO  impl.RoleInfo (RoleInfo.java:updateAndGet(143)) - 904f39be-c3d3-4df4-99c0-2e4526e577e3: start FollowerState
2019-10-16 21:12:10,211 [Thread-1848] INFO  impl.FollowerState (FollowerState.java:run(117)) - 904f39be-c3d3-4df4-99c0-2e4526e577e3@group-146C50BE7901-FollowerState was interrupted: java.lang.InterruptedException: sleep interrupted
2019-10-16 21:12:10,214 [main] INFO  ozone.MiniOzoneClusterImpl (MiniOzoneClusterImpl.java:lambda$waitForClusterToBeReady$2(164)) - Waiting for 1 number of pipelines out of 4, to report a leader.
2019-10-16 21:12:10,258 [52743044-8979-4a08-8013-92a14c548982@group-146C50BE7901-LeaderElection235] INFO  impl.LeaderElection (LeaderElection.java:logAndReturn(56)) - 52743044-8979-4a08-8013-92a14c548982@group-146C50BE7901-LeaderElection235: Election REJECTED; received 2 response(s) [52743044-8979-4a08-8013-92a14c548982<-904f39be-c3d3-4df4-99c0-2e4526e577e3#0:FAIL-t281, 52743044-8979-4a08-8013-92a14c548982<-65da0c80-3604-4ac2-9a39-ee88d748a153#0:FAIL-t281] and 0 exception(s); 52743044-8979-4a08-8013-92a14c548982@group-146C50BE7901:t281, leader=null, voted=52743044-8979-4a08-8013-92a14c548982, raftlog=52743044-8979-4a08-8013-92a14c548982@group-146C50BE7901-SegmentedRaftLog:OPENED:c-1,f-1,i0, conf=-1: [904f39be-c3d3-4df4-99c0-2e4526e577e3:192.168.157.254:45339, 52743044-8979-4a08-8013-92a14c548982:192.168.157.254:36428, 65da0c80-3604-4ac2-9a39-ee88d748a153:192.168.157.254:37466], old=null
2019-10-16 21:12:10,258 [52743044-8979-4a08-8013-92a14c548982@group-146C50BE7901-LeaderElection235] INFO  impl.RaftServerImpl (RaftServerImpl.java:setRole(184)) - 52743044-8979-4a08-8013-92a14c548982@group-146C50BE7901: changes role from CANDIDATE to FOLLOWER at term 281 for DISCOVERED_A_NEW_TERM
2019-10-16 21:12:10,258 [52743044-8979-4a08-8013-92a14c548982@group-146C50BE7901-LeaderElection235] INFO  impl.RoleInfo (RoleInfo.java:shutdownLeaderElection(134)) - 52743044-8979-4a08-8013-92a14c548982: shutdown LeaderElection
2019-10-16 21:12:10,258 [52743044-8979-4a08-8013-92a14c548982@group-146C50BE7901-LeaderElection235] INFO  impl.RoleInfo (RoleInfo.java:updateAndGet(143)) - 52743044-8979-4a08-8013-92a14c548982: start FollowerState
2019-10-16 21:12:10,265 [Thread-1856] INFO  impl.FollowerState (FollowerState.java:run(108)) - 52743044-8979-4a08-8013-92a14c548982@group-146C50BE7901-FollowerState: change to CANDIDATE, lastRpcTime:6ms, electionTimeout:6ms
2019-10-16 21:12:10,265 [Thread-1856] INFO  impl.RoleInfo (RoleInfo.java:shutdownFollowerState(121)) - 52743044-8979-4a08-8013-92a14c548982: shutdown FollowerState
2019-10-16 21:12:10,265 [Thread-1856] INFO  impl.RaftServerImpl (RaftServerImpl.java:setRole(184)) - 52743044-8979-4a08-8013-92a14c548982@group-146C50BE7901: changes role from  FOLLOWER to CANDIDATE at term 281 for changeToCandidate
2019-10-16 21:12:10,265 [Thread-1856] INFO  impl.RoleInfo (RoleInfo.java:updateAndGet(143)) - 52743044-8979-4a08-8013-92a14c548982: start LeaderElection
2019-10-16 21:12:10,279 [52743044-8979-4a08-8013-92a14c548982@group-146C50BE7901-LeaderElection236] INFO  impl.LeaderElection (LeaderElection.java:askForVotes(178)) - 52743044-8979-4a08-8013-92a14c548982@group-146C50BE7901-LeaderElection236: begin an election at term 282 for -1: [904f39be-c3d3-4df4-99c0-2e4526e577e3:192.168.157.254:45339, 52743044-8979-4a08-8013-92a14c548982:192.168.157.254:36428, 65da0c80-3604-4ac2-9a39-ee88d748a153:192.168.157.254:37466], old=null
2019-10-16 21:12:10,281 [grpc-default-executor-1] INFO  impl.RaftServerImpl (RaftServerImpl.java:setRole(184)) - 904f39be-c3d3-4df4-99c0-2e4526e577e3@group-146C50BE7901: changes role from  FOLLOWER to FOLLOWER at term 282 for recognizeCandidate:52743044-8979-4a08-8013-92a14c548982
2019-10-16 21:12:10,281 [grpc-default-executor-1] INFO  impl.RoleInfo (RoleInfo.java:shutdownFollowerState(121)) - 904f39be-c3d3-4df4-99c0-2e4526e577e3: shutdown FollowerState
2019-10-16 21:12:10,281 [grpc-default-executor-0] INFO  impl.RaftServerImpl (RaftServerImpl.java:setRole(184)) - 65da0c80-3604-4ac2-9a39-ee88d748a153@group-146C50BE7901: changes role from  FOLLOWER to FOLLOWER at term 282 for recognizeCandidate:52743044-8979-4a08-8013-92a14c548982
2019-10-16 21:12:10,282 [Thread-1855] INFO  impl.FollowerState (FollowerState.java:run(117)) - 904f39be-c3d3-4df4-99c0-2e4526e577e3@group-146C50BE7901-FollowerState was interrupted: java.lang.InterruptedException: sleep interrupted
2019-10-16 21:12:10,281 [grpc-default-executor-1] INFO  impl.RoleInfo (RoleInfo.java:updateAndGet(143)) - 904f39be-c3d3-4df4-99c0-2e4526e577e3: start FollowerState
2019-10-16 21:12:10,282 [grpc-default-executor-0] INFO  impl.RoleInfo (RoleInfo.java:shutdownFollowerState(121)) - 65da0c80-3604-4ac2-9a39-ee88d748a153: shutdown FollowerState
2019-10-16 21:12:10,282 [grpc-default-executor-0] INFO  impl.RoleInfo (RoleInfo.java:updateAndGet(143)) - 65da0c80-3604-4ac2-9a39-ee88d748a153: start FollowerState
2019-10-16 21:12:10,282 [Thread-1854] INFO  impl.FollowerState (FollowerState.java:run(117)) - 65da0c80-3604-4ac2-9a39-ee88d748a153@group-146C50BE7901-FollowerState was interrupted: java.lang.InterruptedException: sleep interrupted
2019-10-16 21:12:10,350 [52743044-8979-4a08-8013-92a14c548982@group-146C50BE7901-LeaderElection236] INFO  impl.LeaderElection (LeaderElection.java:logAndReturn(56)) - 52743044-8979-4a08-8013-92a14c548982@group-146C50BE7901-LeaderElection236: Election REJECTED; received 2 response(s) [52743044-8979-4a08-8013-92a14c548982<-904f39be-c3d3-4df4-99c0-2e4526e577e3#0:FAIL-t282, 52743044-8979-4a08-8013-92a14c548982<-65da0c80-3604-4ac2-9a39-ee88d748a153#0:FAIL-t282] and 0 exception(s); 52743044-8979-4a08-8013-92a14c548982@group-146C50BE7901:t282, leader=null, voted=52743044-8979-4a08-8013-92a14c548982, raftlog=52743044-8979-4a08-8013-92a14c548982@group-146C50BE7901-SegmentedRaftLog:OPENED:c-1,f-1,i0, conf=-1: [904f39be-c3d3-4df4-99c0-2e4526e577e3:192.168.157.254:45339, 52743044-8979-4a08-8013-92a14c548982:192.168.157.254:36428, 65da0c80-3604-4ac2-9a39-ee88d748a153:192.168.157.254:37466], old=null
2019-10-16 21:12:10,351 [52743044-8979-4a08-8013-92a14c548982@group-146C50BE7901-LeaderElection236] INFO  impl.RaftServerImpl (RaftServerImpl.java:setRole(184)) - 52743044-8979-4a08-8013-92a14c548982@group-146C50BE7901: changes role from CANDIDATE to FOLLOWER at term 282 for DISCOVERED_A_NEW_TERM
2019-10-16 21:12:10,351 [52743044-8979-4a08-8013-92a14c548982@group-146C50BE7901-LeaderElection236] INFO  impl.RoleInfo (RoleInfo.java:shutdownLeaderElection(134)) - 52743044-8979-4a08-8013-92a14c548982: shutdown LeaderElection
2019-10-16 21:12:10,351 [52743044-8979-4a08-8013-92a14c548982@group-146C50BE7901-LeaderElection236] INFO  impl.RoleInfo (RoleInfo.java:updateAndGet(143)) - 52743044-8979-4a08-8013-92a14c548982: start FollowerState
2019-10-16 21:12:10,423 [Thread-1862] INFO  impl.FollowerState (FollowerState.java:run(108)) - 52743044-8979-4a08-8013-92a14c548982@group-146C50BE7901-FollowerState: change to CANDIDATE, lastRpcTime:72ms, electionTimeout:72ms
2019-10-16 21:12:10,424 [Thread-1862] INFO  impl.RoleInfo (RoleInfo.java:shutdownFollowerState(121)) - 52743044-8979-4a08-8013-92a14c548982: shutdown FollowerState
2019-10-16 21:12:10,424 [Thread-1862] INFO  impl.RaftServerImpl (RaftServerImpl.java:setRole(184)) - 52743044-8979-4a08-8013-92a14c548982@group-146C50BE7901: changes role from  FOLLOWER to CANDIDATE at term 282 for changeToCandidate
2019-10-16 21:12:10,424 [Thread-1862] INFO  impl.RoleInfo (RoleInfo.java:updateAndGet(143)) - 52743044-8979-4a08-8013-92a14c548982: start LeaderElection
2019-10-16 21:12:10,438 [52743044-8979-4a08-8013-92a14c548982@group-146C50BE7901-LeaderElection237] INFO  impl.LeaderElection (LeaderElection.java:askForVotes(178)) - 52743044-8979-4a08-8013-92a14c548982@group-146C50BE7901-LeaderElection237: begin an election at term 283 for -1: [904f39be-c3d3-4df4-99c0-2e4526e577e3:192.168.157.254:45339, 52743044-8979-4a08-8013-92a14c548982:192.168.157.254:36428, 65da0c80-3604-4ac2-9a39-ee88d748a153:192.168.157.254:37466], old=null
2019-10-16 21:12:10,440 [grpc-default-executor-0] INFO  impl.RaftServerImpl (RaftServerImpl.java:setRole(184)) - 904f39be-c3d3-4df4-99c0-2e4526e577e3@group-146C50BE7901: changes role from  FOLLOWER to FOLLOWER at term 283 for recognizeCandidate:52743044-8979-4a08-8013-92a14c548982
2019-10-16 21:12:10,440 [grpc-default-executor-0] INFO  impl.RoleInfo (RoleInfo.java:shutdownFollowerState(121)) - 904f39be-c3d3-4df4-99c0-2e4526e577e3: shutdown FollowerState
2019-10-16 21:12:10,440 [grpc-default-executor-1] INFO  impl.RaftServerImpl (RaftServerImpl.java:setRole(184)) - 65da0c80-3604-4ac2-9a39-ee88d748a153@group-146C50BE7901: changes role from  FOLLOWER to FOLLOWER at term 283 for recognizeCandidate:52743044-8979-4a08-8013-92a14c548982
2019-10-16 21:12:10,440 [Thread-1860] INFO  impl.FollowerState (FollowerState.java:run(117)) - 904f39be-c3d3-4df4-99c0-2e4526e577e3@group-146C50BE7901-FollowerState was interrupted: java.lang.InterruptedException: sleep interrupted
2019-10-16 21:12:10,440 [grpc-default-executor-0] INFO  impl.RoleInfo (RoleInfo.java:updateAndGet(143)) - 904f39be-c3d3-4df4-99c0-2e4526e577e3: start FollowerState
2019-10-16 21:12:10,440 [grpc-default-executor-1] INFO  impl.RoleInfo (RoleInfo.java:shutdownFollowerState(121)) - 65da0c80-3604-4ac2-9a39-ee88d748a153: shutdown FollowerState
2019-10-16 21:12:10,441 [grpc-default-executor-1] INFO  impl.RoleInfo (RoleInfo.java:updateAndGet(143)) - 65da0c80-3604-4ac2-9a39-ee88d748a153: start FollowerState
2019-10-16 21:12:10,441 [Thread-1861] INFO  impl.FollowerState (FollowerState.java:run(117)) - 65da0c80-3604-4ac2-9a39-ee88d748a153@group-146C50BE7901-FollowerState was interrupted: java.lang.InterruptedException: sleep interrupted
2019-10-16 21:12:10,494 [52743044-8979-4a08-8013-92a14c548982@group-146C50BE7901-LeaderElection237] INFO  impl.LeaderElection (LeaderElection.java:logAndReturn(56)) - 52743044-8979-4a08-8013-92a14c548982@group-146C50BE7901-LeaderElection237: Election REJECTED; received 2 response(s) [52743044-8979-4a08-8013-92a14c548982<-904f39be-c3d3-4df4-99c0-2e4526e577e3#0:FAIL-t283, 52743044-8979-4a08-8013-92a14c548982<-65da0c80-3604-4ac2-9a39-ee88d748a153#0:FAIL-t283] and 0 exception(s); 52743044-8979-4a08-8013-92a14c548982@group-146C50BE7901:t283, leader=null, voted=52743044-8979-4a08-8013-92a14c548982, raftlog=52743044-8979-4a08-8013-92a14c548982@group-146C50BE7901-SegmentedRaftLog:OPENED:c-1,f-1,i0, conf=-1: [904f39be-c3d3-4df4-99c0-2e4526e577e3:192.168.157.254:45339, 52743044-8979-4a08-8013-92a14c548982:192.168.157.254:36428, 65da0c80-3604-4ac2-9a39-ee88d748a153:192.168.157.254:37466], old=null
2019-10-16 21:12:10,495 [52743044-8979-4a08-8013-92a14c548982@group-146C50BE7901-LeaderElection237] INFO  impl.RaftServerImpl (RaftServerImpl.java:setRole(184)) - 52743044-8979-4a08-8013-92a14c548982@group-146C50BE7901: changes role from CANDIDATE to FOLLOWER at term 283 for DISCOVERED_A_NEW_TERM
2019-10-16 21:12:10,495 [52743044-8979-4a08-8013-92a14c548982@group-146C50BE7901-LeaderElection237] INFO  impl.RoleInfo (RoleInfo.java:shutdownLeaderElection(134)) - 52743044-8979-4a08-8013-92a14c548982: shutdown LeaderElection
2019-10-16 21:12:10,495 [52743044-8979-4a08-8013-92a14c548982@group-146C50BE7901-LeaderElection237] INFO  impl.RoleInfo (RoleInfo.java:updateAndGet(143)) - 52743044-8979-4a08-8013-92a14c548982: start FollowerState
2019-10-16 21:12:10,524 [Thread-1868] INFO  impl.FollowerState (FollowerState.java:run(108)) - 52743044-8979-4a08-8013-92a14c548982@group-146C50BE7901-FollowerState: change to CANDIDATE, lastRpcTime:29ms, electionTimeout:29ms
2019-10-16 21:12:10,524 [Thread-1868] INFO  impl.RoleInfo (RoleInfo.java:shutdownFollowerState(121)) - 52743044-8979-4a08-8013-92a14c548982: shutdown FollowerState
2019-10-16 21:12:10,524 [Thread-1868] INFO  impl.RaftServerImpl (RaftServerImpl.java:setRole(184)) - 52743044-8979-4a08-8013-92a14c548982@group-146C50BE7901: changes role from  FOLLOWER to CANDIDATE at term 283 for changeToCandidate
2019-10-16 21:12:10,525 [Thread-1868] INFO  impl.RoleInfo (RoleInfo.java:updateAndGet(143)) - 52743044-8979-4a08-8013-92a14c548982: start LeaderElection
2019-10-16 21:12:10,539 [52743044-8979-4a08-8013-92a14c548982@group-146C50BE7901-LeaderElection238] INFO  impl.LeaderElection (LeaderElection.java:askForVotes(178)) - 52743044-8979-4a08-8013-92a14c548982@group-146C50BE7901-LeaderElection238: begin an election at term 284 for -1: [904f39be-c3d3-4df4-99c0-2e4526e577e3:192.168.157.254:45339, 52743044-8979-4a08-8013-92a14c548982:192.168.157.254:36428, 65da0c80-3604-4ac2-9a39-ee88d748a153:192.168.157.254:37466], old=null
2019-10-16 21:12:10,540 [grpc-default-executor-0] INFO  impl.RaftServerImpl (RaftServerImpl.java:setRole(184)) - 904f39be-c3d3-4df4-99c0-2e4526e577e3@group-146C50BE7901: changes role from  FOLLOWER to FOLLOWER at term 284 for recognizeCandidate:52743044-8979-4a08-8013-92a14c548982
2019-10-16 21:12:10,540 [grpc-default-executor-0] INFO  impl.RoleInfo (RoleInfo.java:shutdownFollowerState(121)) - 904f39be-c3d3-4df4-99c0-2e4526e577e3: shutdown FollowerState
2019-10-16 21:12:10,540 [grpc-default-executor-0] INFO  impl.RoleInfo (RoleInfo.java:updateAndGet(143)) - 904f39be-c3d3-4df4-99c0-2e4526e577e3: start FollowerState
2019-10-16 21:12:10,540 [Thread-1866] INFO  impl.FollowerState (FollowerState.java:run(117)) - 904f39be-c3d3-4df4-99c0-2e4526e577e3@group-146C50BE7901-FollowerState was interrupted: java.lang.InterruptedException: sleep interrupted
2019-10-16 21:12:10,540 [grpc-default-executor-1] INFO  impl.RaftServerImpl (RaftServerImpl.java:setRole(184)) - 65da0c80-3604-4ac2-9a39-ee88d748a153@group-146C50BE7901: changes role from  FOLLOWER to FOLLOWER at term 284 for recognizeCandidate:52743044-8979-4a08-8013-92a14c548982
2019-10-16 21:12:10,541 [grpc-default-executor-1] INFO  impl.RoleInfo (RoleInfo.java:shutdownFollowerState(121)) - 65da0c80-3604-4ac2-9a39-ee88d748a153: shutdown FollowerState
2019-10-16 21:12:10,541 [grpc-default-executor-1] INFO  impl.RoleInfo (RoleInfo.java:updateAndGet(143)) - 65da0c80-3604-4ac2-9a39-ee88d748a153: start FollowerState
2019-10-16 21:12:10,541 [Thread-1867] INFO  impl.FollowerState (FollowerState.java:run(117)) - 65da0c80-3604-4ac2-9a39-ee88d748a153@group-146C50BE7901-FollowerState was interrupted: java.lang.InterruptedException: sleep interrupted
2019-10-16 21:12:10,555 [52743044-8979-4a08-8013-92a14c548982@group-146C50BE7901-LeaderElection238] INFO  impl.LeaderElection (LeaderElection.java:logAndReturn(56)) - 52743044-8979-4a08-8013-92a14c548982@group-146C50BE7901-LeaderElection238: Election REJECTED; received 2 response(s) [52743044-8979-4a08-8013-92a14c548982<-904f39be-c3d3-4df4-99c0-2e4526e577e3#0:FAIL-t284, 52743044-8979-4a08-8013-92a14c548982<-65da0c80-3604-4ac2-9a39-ee88d748a153#0:FAIL-t284] and 0 exception(s); 52743044-8979-4a08-8013-92a14c548982@group-146C50BE7901:t284, leader=null, voted=52743044-8979-4a08-8013-92a14c548982, raftlog=52743044-8979-4a08-8013-92a14c548982@group-146C50BE7901-SegmentedRaftLog:OPENED:c-1,f-1,i0, conf=-1: [904f39be-c3d3-4df4-99c0-2e4526e577e3:192.168.157.254:45339, 52743044-8979-4a08-8013-92a14c548982:192.168.157.254:36428, 65da0c80-3604-4ac2-9a39-ee88d748a153:192.168.157.254:37466], old=null
2019-10-16 21:12:10,556 [52743044-8979-4a08-8013-92a14c548982@group-146C50BE7901-LeaderElection238] INFO  impl.RaftServerImpl (RaftServerImpl.java:setRole(184)) - 52743044-8979-4a08-8013-92a14c548982@group-146C50BE7901: changes role from CANDIDATE to FOLLOWER at term 284 for DISCOVERED_A_NEW_TERM
2019-10-16 21:12:10,556 [52743044-8979-4a08-8013-92a14c548982@group-146C50BE7901-LeaderElection238] INFO  impl.RoleInfo (RoleInfo.java:shutdownLeaderElection(134)) - 52743044-8979-4a08-8013-92a14c548982: shutdown LeaderElection
2019-10-16 21:12:10,556 [52743044-8979-4a08-8013-92a14c548982@group-146C50BE7901-LeaderElection238] INFO  impl.RoleInfo (RoleInfo.java:updateAndGet(143)) - 52743044-8979-4a08-8013-92a14c548982: start FollowerState
2019-10-16 21:12:10,641 [Thread-1874] INFO  impl.FollowerState (FollowerState.java:run(108)) - 52743044-8979-4a08-8013-92a14c548982@group-146C50BE7901-FollowerState: change to CANDIDATE, lastRpcTime:85ms, electionTimeout:85ms
2019-10-16 21:12:10,642 [Thread-1874] INFO  impl.RoleInfo (RoleInfo.java:shutdownFollowerState(121)) - 52743044-8979-4a08-8013-92a14c548982: shutdown FollowerState
2019-10-16 21:12:10,642 [Thread-1874] INFO  impl.RaftServerImpl (RaftServerImpl.java:setRole(184)) - 52743044-8979-4a08-8013-92a14c548982@group-146C50BE7901: changes role from  FOLLOWER to CANDIDATE at term 284 for changeToCandidate
2019-10-16 21:12:10,642 [Thread-1874] INFO  impl.RoleInfo (RoleInfo.java:updateAndGet(143)) - 52743044-8979-4a08-8013-92a14c548982: start LeaderElection
2019-10-16 21:12:10,656 [52743044-8979-4a08-8013-92a14c548982@group-146C50BE7901-LeaderElection239] INFO  impl.LeaderElection (LeaderElection.java:askForVotes(178)) - 52743044-8979-4a08-8013-92a14c548982@group-146C50BE7901-LeaderElection239: begin an election at term 285 for -1: [904f39be-c3d3-4df4-99c0-2e4526e577e3:192.168.157.254:45339, 52743044-8979-4a08-8013-92a14c548982:192.168.157.254:36428, 65da0c80-3604-4ac2-9a39-ee88d748a153:192.168.157.254:37466], old=null
2019-10-16 21:12:10,658 [grpc-default-executor-1] INFO  impl.RaftServerImpl (RaftServerImpl.java:setRole(184)) - 65da0c80-3604-4ac2-9a39-ee88d748a153@group-146C50BE7901: changes role from  FOLLOWER to FOLLOWER at term 285 for recognizeCandidate:52743044-8979-4a08-8013-92a14c548982
2019-10-16 21:12:10,658 [grpc-default-executor-1] INFO  impl.RoleInfo (RoleInfo.java:shutdownFollowerState(121)) - 65da0c80-3604-4ac2-9a39-ee88d748a153: shutdown FollowerState
2019-10-16 21:12:10,658 [grpc-default-executor-1] INFO  impl.RoleInfo (RoleInfo.java:updateAndGet(143)) - 65da0c80-3604-4ac2-9a39-ee88d748a153: start FollowerState
2019-10-16 21:12:10,658 [Thread-1873] INFO  impl.FollowerState (FollowerState.java:run(117)) - 65da0c80-3604-4ac2-9a39-ee88d748a153@group-146C50BE7901-FollowerState was interrupted: java.lang.InterruptedException: sleep interrupted
2019-10-16 21:12:10,658 [grpc-default-executor-0] INFO  impl.RaftServerImpl (RaftServerImpl.java:setRole(184)) - 904f39be-c3d3-4df4-99c0-2e4526e577e3@group-146C50BE7901: changes role from  FOLLOWER to FOLLOWER at term 285 for recognizeCandidate:52743044-8979-4a08-8013-92a14c548982
2019-10-16 21:12:10,658 [grpc-default-executor-0] INFO  impl.RoleInfo (RoleInfo.java:shutdownFollowerState(121)) - 904f39be-c3d3-4df4-99c0-2e4526e577e3: shutdown FollowerState
2019-10-16 21:12:10,659 [grpc-default-executor-0] INFO  impl.RoleInfo (RoleInfo.java:updateAndGet(143)) - 904f39be-c3d3-4df4-99c0-2e4526e577e3: start FollowerState
2019-10-16 21:12:10,659 [Thread-1872] INFO  impl.FollowerState (FollowerState.java:run(117)) - 904f39be-c3d3-4df4-99c0-2e4526e577e3@group-146C50BE7901-FollowerState was interrupted: java.lang.InterruptedException: sleep interrupted
2019-10-16 21:12:10,690 [52743044-8979-4a08-8013-92a14c548982@group-146C50BE7901-LeaderElection239] INFO  impl.LeaderElection (LeaderElection.java:logAndReturn(56)) - 52743044-8979-4a08-8013-92a14c548982@group-146C50BE7901-LeaderElection239: Election REJECTED; received 2 response(s) [52743044-8979-4a08-8013-92a14c548982<-904f39be-c3d3-4df4-99c0-2e4526e577e3#0:FAIL-t285, 52743044-8979-4a08-8013-92a14c548982<-65da0c80-3604-4ac2-9a39-ee88d748a153#0:FAIL-t285] and 0 exception(s); 52743044-8979-4a08-8013-92a14c548982@group-146C50BE7901:t285, leader=null, voted=52743044-8979-4a08-8013-92a14c548982, raftlog=52743044-8979-4a08-8013-92a14c548982@group-146C50BE7901-SegmentedRaftLog:OPENED:c-1,f-1,i0, conf=-1: [904f39be-c3d3-4df4-99c0-2e4526e577e3:192.168.157.254:45339, 52743044-8979-4a08-8013-92a14c548982:192.168.157.254:36428, 65da0c80-3604-4ac2-9a39-ee88d748a153:192.168.157.254:37466], old=null
2019-10-16 21:12:10,690 [52743044-8979-4a08-8013-92a14c548982@group-146C50BE7901-LeaderElection239] INFO  impl.RaftServerImpl (RaftServerImpl.java:setRole(184)) - 52743044-8979-4a08-8013-92a14c548982@group-146C50BE7901: changes role from CANDIDATE to FOLLOWER at term 285 for DISCOVERED_A_NEW_TERM
2019-10-16 21:12:10,691 [52743044-8979-4a08-8013-92a14c548982@group-146C50BE7901-LeaderElection239] INFO  impl.RoleInfo (RoleInfo.java:shutdownLeaderElection(134)) - 52743044-8979-4a08-8013-92a14c548982: shutdown LeaderElection
2019-10-16 21:12:10,691 [52743044-8979-4a08-8013-92a14c548982@group-146C50BE7901-LeaderElection239] INFO  impl.RoleInfo (RoleInfo.java:updateAndGet(143)) - 52743044-8979-4a08-8013-92a14c548982: start FollowerState
2019-10-16 21:12:10,803 [Thread-1880] INFO  impl.FollowerState (FollowerState.java:run(108)) - 52743044-8979-4a08-8013-92a14c548982@group-146C50BE7901-FollowerState: change to CANDIDATE, lastRpcTime:112ms, electionTimeout:112ms
2019-10-16 21:12:10,803 [Thread-1880] INFO  impl.RoleInfo (RoleInfo.java:shutdownFollowerState(121)) - 52743044-8979-4a08-8013-92a14c548982: shutdown FollowerState
2019-10-16 21:12:10,803 [Thread-1880] INFO  impl.RaftServerImpl (RaftServerImpl.java:setRole(184)) - 52743044-8979-4a08-8013-92a14c548982@group-146C50BE7901: changes role from  FOLLOWER to CANDIDATE at term 285 for changeToCandidate
2019-10-16 21:12:10,804 [Thread-1880] INFO  impl.RoleInfo (RoleInfo.java:updateAndGet(143)) - 52743044-8979-4a08-8013-92a14c548982: start LeaderElection
2019-10-16 21:12:10,839 [52743044-8979-4a08-8013-92a14c548982@group-146C50BE7901-LeaderElection240] INFO  impl.LeaderElection (LeaderElection.java:askForVotes(178)) - 52743044-8979-4a08-8013-92a14c548982@group-146C50BE7901-LeaderElection240: begin an election at term 286 for -1: [904f39be-c3d3-4df4-99c0-2e4526e577e3:192.168.157.254:45339, 52743044-8979-4a08-8013-92a14c548982:192.168.157.254:36428, 65da0c80-3604-4ac2-9a39-ee88d748a153:192.168.157.254:37466], old=null
2019-10-16 21:12:10,841 [grpc-default-executor-0] INFO  impl.RaftServerImpl (RaftServerImpl.java:setRole(184)) - 904f39be-c3d3-4df4-99c0-2e4526e577e3@group-146C50BE7901: changes role from  FOLLOWER to FOLLOWER at term 286 for recognizeCandidate:52743044-8979-4a08-8013-92a14c548982
2019-10-16 21:12:10,841 [grpc-default-executor-0] INFO  impl.RoleInfo (RoleInfo.java:shutdownFollowerState(121)) - 904f39be-c3d3-4df4-99c0-2e4526e577e3: shutdown FollowerState
2019-10-16 21:12:10,841 [grpc-default-executor-1] INFO  impl.RaftServerImpl (RaftServerImpl.java:setRole(184)) - 65da0c80-3604-4ac2-9a39-ee88d748a153@group-146C50BE7901: changes role from  FOLLOWER to FOLLOWER at term 286 for recognizeCandidate:52743044-8979-4a08-8013-92a14c548982
2019-10-16 21:12:10,841 [grpc-default-executor-1] INFO  impl.RoleInfo (RoleInfo.java:shutdownFollowerState(121)) - 65da0c80-3604-4ac2-9a39-ee88d748a153: shutdown FollowerState
2019-10-16 21:12:10,841 [Thread-1879] INFO  impl.FollowerState (FollowerState.java:run(117)) - 904f39be-c3d3-4df4-99c0-2e4526e577e3@group-146C50BE7901-FollowerState was interrupted: java.lang.InterruptedException: sleep interrupted
2019-10-16 21:12:10,841 [grpc-default-executor-1] INFO  impl.RoleInfo (RoleInfo.java:updateAndGet(143)) - 65da0c80-3604-4ac2-9a39-ee88d748a153: start FollowerState
2019-10-16 21:12:10,841 [grpc-default-executor-0] INFO  impl.RoleInfo (RoleInfo.java:updateAndGet(143)) - 904f39be-c3d3-4df4-99c0-2e4526e577e3: start FollowerState
2019-10-16 21:12:10,841 [Thread-1878] INFO  impl.FollowerState (FollowerState.java:run(117)) - 65da0c80-3604-4ac2-9a39-ee88d748a153@group-146C50BE7901-FollowerState was interrupted: java.lang.InterruptedException: sleep interrupted
2019-10-16 21:12:10,902 [52743044-8979-4a08-8013-92a14c548982@group-146C50BE7901-LeaderElection240] INFO  impl.LeaderElection (LeaderElection.java:logAndReturn(56)) - 52743044-8979-4a08-8013-92a14c548982@group-146C50BE7901-LeaderElection240: Election REJECTED; received 2 response(s) [52743044-8979-4a08-8013-92a14c548982<-904f39be-c3d3-4df4-99c0-2e4526e577e3#0:FAIL-t286, 52743044-8979-4a08-8013-92a14c548982<-65da0c80-3604-4ac2-9a39-ee88d748a153#0:FAIL-t286] and 0 exception(s); 52743044-8979-4a08-8013-92a14c548982@group-146C50BE7901:t286, leader=null, voted=52743044-8979-4a08-8013-92a14c548982, raftlog=52743044-8979-4a08-8013-92a14c548982@group-146C50BE7901-SegmentedRaftLog:OPENED:c-1,f-1,i0, conf=-1: [904f39be-c3d3-4df4-99c0-2e4526e577e3:192.168.157.254:45339, 52743044-8979-4a08-8013-92a14c548982:192.168.157.254:36428, 65da0c80-3604-4ac2-9a39-ee88d748a153:192.168.157.254:37466], old=null
2019-10-16 21:12:10,902 [52743044-8979-4a08-8013-92a14c548982@group-146C50BE7901-LeaderElection240] INFO  impl.RaftServerImpl (RaftServerImpl.java:setRole(184)) - 52743044-8979-4a08-8013-92a14c548982@group-146C50BE7901: changes role from CANDIDATE to FOLLOWER at term 286 for DISCOVERED_A_NEW_TERM
2019-10-16 21:12:10,902 [52743044-8979-4a08-8013-92a14c548982@group-146C50BE7901-LeaderElection240] INFO  impl.RoleInfo (RoleInfo.java:shutdownLeaderElection(134)) - 52743044-8979-4a08-8013-92a14c548982: shutdown LeaderElection
2019-10-16 21:12:10,902 [52743044-8979-4a08-8013-92a14c548982@group-146C50BE7901-LeaderElection240] INFO  impl.RoleInfo (RoleInfo.java:updateAndGet(143)) - 52743044-8979-4a08-8013-92a14c548982: start FollowerState
2019-10-16 21:12:11,016 [Thread-1886] INFO  impl.FollowerState (FollowerState.java:run(108)) - 52743044-8979-4a08-8013-92a14c548982@group-146C50BE7901-FollowerState: change to CANDIDATE, lastRpcTime:113ms, electionTimeout:113ms
2019-10-16 21:12:11,016 [Thread-1886] INFO  impl.RoleInfo (RoleInfo.java:shutdownFollowerState(121)) - 52743044-8979-4a08-8013-92a14c548982: shutdown FollowerState
2019-10-16 21:12:11,016 [Thread-1886] INFO  impl.RaftServerImpl (RaftServerImpl.java:setRole(184)) - 52743044-8979-4a08-8013-92a14c548982@group-146C50BE7901: changes role from  FOLLOWER to CANDIDATE at term 286 for changeToCandidate
2019-10-16 21:12:11,017 [Thread-1886] INFO  impl.RoleInfo (RoleInfo.java:updateAndGet(143)) - 52743044-8979-4a08-8013-92a14c548982: start LeaderElection
2019-10-16 21:12:11,065 [52743044-8979-4a08-8013-92a14c548982@group-146C50BE7901-LeaderElection241] INFO  impl.LeaderElection (LeaderElection.java:askForVotes(178)) - 52743044-8979-4a08-8013-92a14c548982@group-146C50BE7901-LeaderElection241: begin an election at term 287 for -1: [904f39be-c3d3-4df4-99c0-2e4526e577e3:192.168.157.254:45339, 52743044-8979-4a08-8013-92a14c548982:192.168.157.254:36428, 65da0c80-3604-4ac2-9a39-ee88d748a153:192.168.157.254:37466], old=null
2019-10-16 21:12:11,067 [grpc-default-executor-1] INFO  impl.RaftServerImpl (RaftServerImpl.java:setRole(184)) - 904f39be-c3d3-4df4-99c0-2e4526e577e3@group-146C50BE7901: changes role from  FOLLOWER to FOLLOWER at term 287 for recognizeCandidate:52743044-8979-4a08-8013-92a14c548982
2019-10-16 21:12:11,068 [grpc-default-executor-0] INFO  impl.RaftServerImpl (RaftServerImpl.java:setRole(184)) - 65da0c80-3604-4ac2-9a39-ee88d748a153@group-146C50BE7901: changes role from  FOLLOWER to FOLLOWER at term 287 for recognizeCandidate:52743044-8979-4a08-8013-92a14c548982
2019-10-16 21:12:11,068 [grpc-default-executor-1] INFO  impl.RoleInfo (RoleInfo.java:shutdownFollowerState(121)) - 904f39be-c3d3-4df4-99c0-2e4526e577e3: shutdown FollowerState
2019-10-16 21:12:11,068 [grpc-default-executor-0] INFO  impl.RoleInfo (RoleInfo.java:shutdownFollowerState(121)) - 65da0c80-3604-4ac2-9a39-ee88d748a153: shutdown FollowerState
2019-10-16 21:12:11,068 [grpc-default-executor-1] INFO  impl.RoleInfo (RoleInfo.java:updateAndGet(143)) - 904f39be-c3d3-4df4-99c0-2e4526e577e3: start FollowerState
2019-10-16 21:12:11,068 [Thread-1884] INFO  impl.FollowerState (FollowerState.java:run(117)) - 904f39be-c3d3-4df4-99c0-2e4526e577e3@group-146C50BE7901-FollowerState was interrupted: java.lang.InterruptedException: sleep interrupted
2019-10-16 21:12:11,068 [grpc-default-executor-0] INFO  impl.RoleInfo (RoleInfo.java:updateAndGet(143)) - 65da0c80-3604-4ac2-9a39-ee88d748a153: start FollowerState
2019-10-16 21:12:11,068 [Thread-1885] INFO  impl.FollowerState (FollowerState.java:run(117)) - 65da0c80-3604-4ac2-9a39-ee88d748a153@group-146C50BE7901-FollowerState was interrupted: java.lang.InterruptedException: sleep interrupted
2019-10-16 21:12:11,076 [52743044-8979-4a08-8013-92a14c548982@group-146C50BE7901-LeaderElection241] INFO  impl.LeaderElection (LeaderElection.java:logAndReturn(56)) - 52743044-8979-4a08-8013-92a14c548982@group-146C50BE7901-LeaderElection241: Election TIMEOUT; received 0 response(s) [] and 0 exception(s); 52743044-8979-4a08-8013-92a14c548982@group-146C50BE7901:t287, leader=null, voted=52743044-8979-4a08-8013-92a14c548982, raftlog=52743044-8979-4a08-8013-92a14c548982@group-146C50BE7901-SegmentedRaftLog:OPENED:c-1,f-1,i0, conf=-1: [904f39be-c3d3-4df4-99c0-2e4526e577e3:192.168.157.254:45339, 52743044-8979-4a08-8013-92a14c548982:192.168.157.254:36428, 65da0c80-3604-4ac2-9a39-ee88d748a153:192.168.157.254:37466], old=null
2019-10-16 21:12:11,130 [52743044-8979-4a08-8013-92a14c548982@group-146C50BE7901-LeaderElection241] INFO  impl.LeaderElection (LeaderElection.java:askForVotes(178)) - 52743044-8979-4a08-8013-92a14c548982@group-146C50BE7901-LeaderElection241: begin an election at term 288 for -1: [904f39be-c3d3-4df4-99c0-2e4526e577e3:192.168.157.254:45339, 52743044-8979-4a08-8013-92a14c548982:192.168.157.254:36428, 65da0c80-3604-4ac2-9a39-ee88d748a153:192.168.157.254:37466], old=null
2019-10-16 21:12:11,132 [grpc-default-executor-1] INFO  impl.RaftServerImpl (RaftServerImpl.java:setRole(184)) - 65da0c80-3604-4ac2-9a39-ee88d748a153@group-146C50BE7901: changes role from  FOLLOWER to FOLLOWER at term 288 for recognizeCandidate:52743044-8979-4a08-8013-92a14c548982
2019-10-16 21:12:11,132 [grpc-default-executor-0] INFO  impl.RaftServerImpl (RaftServerImpl.java:setRole(184)) - 904f39be-c3d3-4df4-99c0-2e4526e577e3@group-146C50BE7901: changes role from  FOLLOWER to FOLLOWER at term 288 for recognizeCandidate:52743044-8979-4a08-8013-92a14c548982
2019-10-16 21:12:11,132 [grpc-default-executor-1] INFO  impl.RoleInfo (RoleInfo.java:shutdownFollowerState(121)) - 65da0c80-3604-4ac2-9a39-ee88d748a153: shutdown FollowerState
2019-10-16 21:12:11,132 [grpc-default-executor-0] INFO  impl.RoleInfo (RoleInfo.java:shutdownFollowerState(121)) - 904f39be-c3d3-4df4-99c0-2e4526e577e3: shutdown FollowerState
2019-10-16 21:12:11,132 [Thread-1891] INFO  impl.FollowerState (FollowerState.java:run(117)) - 65da0c80-3604-4ac2-9a39-ee88d748a153@group-146C50BE7901-FollowerState was interrupted: java.lang.InterruptedException: sleep interrupted
2019-10-16 21:12:11,132 [grpc-default-executor-1] INFO  impl.RoleInfo (RoleInfo.java:updateAndGet(143)) - 65da0c80-3604-4ac2-9a39-ee88d748a153: start FollowerState
2019-10-16 21:12:11,133 [Thread-1890] INFO  impl.FollowerState (FollowerState.java:run(117)) - 904f39be-c3d3-4df4-99c0-2e4526e577e3@group-146C50BE7901-FollowerState was interrupted: java.lang.InterruptedException: sleep interrupted
2019-10-16 21:12:11,133 [grpc-default-executor-0] INFO  impl.RoleInfo (RoleInfo.java:updateAndGet(143)) - 904f39be-c3d3-4df4-99c0-2e4526e577e3: start FollowerState
2019-10-16 21:12:11,206 [52743044-8979-4a08-8013-92a14c548982@group-146C50BE7901-LeaderElection241] INFO  impl.LeaderElection (LeaderElection.java:logAndReturn(56)) - 52743044-8979-4a08-8013-92a14c548982@group-146C50BE7901-LeaderElection241: Election REJECTED; received 2 response(s) [52743044-8979-4a08-8013-92a14c548982<-904f39be-c3d3-4df4-99c0-2e4526e577e3#0:FAIL-t288, 52743044-8979-4a08-8013-92a14c548982<-65da0c80-3604-4ac2-9a39-ee88d748a153#0:FAIL-t288] and 0 exception(s); 52743044-8979-4a08-8013-92a14c548982@group-146C50BE7901:t288, leader=null, voted=52743044-8979-4a08-8013-92a14c548982, raftlog=52743044-8979-4a08-8013-92a14c548982@group-146C50BE7901-SegmentedRaftLog:OPENED:c-1,f-1,i0, conf=-1: [904f39be-c3d3-4df4-99c0-2e4526e577e3:192.168.157.254:45339, 52743044-8979-4a08-8013-92a14c548982:192.168.157.254:36428, 65da0c80-3604-4ac2-9a39-ee88d748a153:192.168.157.254:37466], old=null
2019-10-16 21:12:11,206 [52743044-8979-4a08-8013-92a14c548982@group-146C50BE7901-LeaderElection241] INFO  impl.RaftServerImpl (RaftServerImpl.java:setRole(184)) - 52743044-8979-4a08-8013-92a14c548982@group-146C50BE7901: changes role from CANDIDATE to FOLLOWER at term 288 for DISCOVERED_A_NEW_TERM
2019-10-16 21:12:11,206 [52743044-8979-4a08-8013-92a14c548982@group-146C50BE7901-LeaderElection241] INFO  impl.RoleInfo (RoleInfo.java:shutdownLeaderElection(134)) - 52743044-8979-4a08-8013-92a14c548982: shutdown LeaderElection
2019-10-16 21:12:11,206 [52743044-8979-4a08-8013-92a14c548982@group-146C50BE7901-LeaderElection241] INFO  impl.RoleInfo (RoleInfo.java:updateAndGet(143)) - 52743044-8979-4a08-8013-92a14c548982: start FollowerState
2019-10-16 21:12:11,214 [main] INFO  ozone.MiniOzoneClusterImpl (MiniOzoneClusterImpl.java:lambda$waitForClusterToBeReady$2(164)) - Waiting for 1 number of pipelines out of 4, to report a leader.
2019-10-16 21:12:11,307 [Thread-1896] INFO  impl.FollowerState (FollowerState.java:run(108)) - 52743044-8979-4a08-8013-92a14c548982@group-146C50BE7901-FollowerState: change to CANDIDATE, lastRpcTime:101ms, electionTimeout:101ms
2019-10-16 21:12:11,308 [Thread-1896] INFO  impl.RoleInfo (RoleInfo.java:shutdownFollowerState(121)) - 52743044-8979-4a08-8013-92a14c548982: shutdown FollowerState
2019-10-16 21:12:11,308 [Thread-1896] INFO  impl.RaftServerImpl (RaftServerImpl.java:setRole(184)) - 52743044-8979-4a08-8013-92a14c548982@group-146C50BE7901: changes role from  FOLLOWER to CANDIDATE at term 288 for changeToCandidate
2019-10-16 21:12:11,308 [Thread-1896] INFO  impl.RoleInfo (RoleInfo.java:updateAndGet(143)) - 52743044-8979-4a08-8013-92a14c548982: start LeaderElection
2019-10-16 21:12:11,392 [52743044-8979-4a08-8013-92a14c548982@group-146C50BE7901-LeaderElection242] INFO  impl.LeaderElection (LeaderElection.java:askForVotes(178)) - 52743044-8979-4a08-8013-92a14c548982@group-146C50BE7901-LeaderElection242: begin an election at term 289 for -1: [904f39be-c3d3-4df4-99c0-2e4526e577e3:192.168.157.254:45339, 52743044-8979-4a08-8013-92a14c548982:192.168.157.254:36428, 65da0c80-3604-4ac2-9a39-ee88d748a153:192.168.157.254:37466], old=null
2019-10-16 21:12:11,394 [grpc-default-executor-1] INFO  impl.RaftServerImpl (RaftServerImpl.java:setRole(184)) - 904f39be-c3d3-4df4-99c0-2e4526e577e3@group-146C50BE7901: changes role from  FOLLOWER to FOLLOWER at term 289 for recognizeCandidate:52743044-8979-4a08-8013-92a14c548982
2019-10-16 21:12:11,394 [grpc-default-executor-1] INFO  impl.RoleInfo (RoleInfo.java:shutdownFollowerState(121)) - 904f39be-c3d3-4df4-99c0-2e4526e577e3: shutdown FollowerState
2019-10-16 21:12:11,394 [grpc-default-executor-0] INFO  impl.RaftServerImpl (RaftServerImpl.java:setRole(184)) - 65da0c80-3604-4ac2-9a39-ee88d748a153@group-146C50BE7901: changes role from  FOLLOWER to FOLLOWER at term 289 for recognizeCandidate:52743044-8979-4a08-8013-92a14c548982
2019-10-16 21:12:11,395 [Thread-1895] INFO  impl.FollowerState (FollowerState.java:run(117)) - 904f39be-c3d3-4df4-99c0-2e4526e577e3@group-146C50BE7901-FollowerState was interrupted: java.lang.InterruptedException: sleep interrupted
2019-10-16 21:12:11,394 [grpc-default-executor-1] INFO  impl.RoleInfo (RoleInfo.java:updateAndGet(143)) - 904f39be-c3d3-4df4-99c0-2e4526e577e3: start FollowerState
2019-10-16 21:12:11,395 [grpc-default-executor-0] INFO  impl.RoleInfo (RoleInfo.java:shutdownFollowerState(121)) - 65da0c80-3604-4ac2-9a39-ee88d748a153: shutdown FollowerState
2019-10-16 21:12:11,395 [grpc-default-executor-0] INFO  impl.RoleInfo (RoleInfo.java:updateAndGet(143)) - 65da0c80-3604-4ac2-9a39-ee88d748a153: start FollowerState
2019-10-16 21:12:11,395 [Thread-1894] INFO  impl.FollowerState (FollowerState.java:run(117)) - 65da0c80-3604-4ac2-9a39-ee88d748a153@group-146C50BE7901-FollowerState was interrupted: java.lang.InterruptedException: sleep interrupted
2019-10-16 21:12:11,427 [52743044-8979-4a08-8013-92a14c548982@group-146C50BE7901-LeaderElection242] INFO  impl.LeaderElection (LeaderElection.java:logAndReturn(56)) - 52743044-8979-4a08-8013-92a14c548982@group-146C50BE7901-LeaderElection242: Election REJECTED; received 2 response(s) [52743044-8979-4a08-8013-92a14c548982<-904f39be-c3d3-4df4-99c0-2e4526e577e3#0:FAIL-t289, 52743044-8979-4a08-8013-92a14c548982<-65da0c80-3604-4ac2-9a39-ee88d748a153#0:FAIL-t289] and 0 exception(s); 52743044-8979-4a08-8013-92a14c548982@group-146C50BE7901:t289, leader=null, voted=52743044-8979-4a08-8013-92a14c548982, raftlog=52743044-8979-4a08-8013-92a14c548982@group-146C50BE7901-SegmentedRaftLog:OPENED:c-1,f-1,i0, conf=-1: [904f39be-c3d3-4df4-99c0-2e4526e577e3:192.168.157.254:45339, 52743044-8979-4a08-8013-92a14c548982:192.168.157.254:36428, 65da0c80-3604-4ac2-9a39-ee88d748a153:192.168.157.254:37466], old=null
2019-10-16 21:12:11,427 [52743044-8979-4a08-8013-92a14c548982@group-146C50BE7901-LeaderElection242] INFO  impl.RaftServerImpl (RaftServerImpl.java:setRole(184)) - 52743044-8979-4a08-8013-92a14c548982@group-146C50BE7901: changes role from CANDIDATE to FOLLOWER at term 289 for DISCOVERED_A_NEW_TERM
2019-10-16 21:12:11,427 [52743044-8979-4a08-8013-92a14c548982@group-146C50BE7901-LeaderElection242] INFO  impl.RoleInfo (RoleInfo.java:shutdownLeaderElection(134)) - 52743044-8979-4a08-8013-92a14c548982: shutdown LeaderElection
2019-10-16 21:12:11,427 [52743044-8979-4a08-8013-92a14c548982@group-146C50BE7901-LeaderElection242] INFO  impl.RoleInfo (RoleInfo.java:updateAndGet(143)) - 52743044-8979-4a08-8013-92a14c548982: start FollowerState
2019-10-16 21:12:11,453 [Thread-1902] INFO  impl.FollowerState (FollowerState.java:run(108)) - 52743044-8979-4a08-8013-92a14c548982@group-146C50BE7901-FollowerState: change to CANDIDATE, lastRpcTime:25ms, electionTimeout:25ms
2019-10-16 21:12:11,453 [Thread-1902] INFO  impl.RoleInfo (RoleInfo.java:shutdownFollowerState(121)) - 52743044-8979-4a08-8013-92a14c548982: shutdown FollowerState
2019-10-16 21:12:11,453 [Thread-1902] INFO  impl.RaftServerImpl (RaftServerImpl.java:setRole(184)) - 52743044-8979-4a08-8013-92a14c548982@group-146C50BE7901: changes role from  FOLLOWER to CANDIDATE at term 289 for changeToCandidate
2019-10-16 21:12:11,453 [Thread-1902] INFO  impl.RoleInfo (RoleInfo.java:updateAndGet(143)) - 52743044-8979-4a08-8013-92a14c548982: start LeaderElection
2019-10-16 21:12:11,523 [52743044-8979-4a08-8013-92a14c548982@group-146C50BE7901-LeaderElection243] INFO  impl.LeaderElection (LeaderElection.java:askForVotes(178)) - 52743044-8979-4a08-8013-92a14c548982@group-146C50BE7901-LeaderElection243: begin an election at term 290 for -1: [904f39be-c3d3-4df4-99c0-2e4526e577e3:192.168.157.254:45339, 52743044-8979-4a08-8013-92a14c548982:192.168.157.254:36428, 65da0c80-3604-4ac2-9a39-ee88d748a153:192.168.157.254:37466], old=null
2019-10-16 21:12:11,525 [grpc-default-executor-0] INFO  impl.RaftServerImpl (RaftServerImpl.java:setRole(184)) - 904f39be-c3d3-4df4-99c0-2e4526e577e3@group-146C50BE7901: changes role from  FOLLOWER to FOLLOWER at term 290 for recognizeCandidate:52743044-8979-4a08-8013-92a14c548982
2019-10-16 21:12:11,525 [grpc-default-executor-0] INFO  impl.RoleInfo (RoleInfo.java:shutdownFollowerState(121)) - 904f39be-c3d3-4df4-99c0-2e4526e577e3: shutdown FollowerState
2019-10-16 21:12:11,525 [grpc-default-executor-0] INFO  impl.RoleInfo (RoleInfo.java:updateAndGet(143)) - 904f39be-c3d3-4df4-99c0-2e4526e577e3: start FollowerState
2019-10-16 21:12:11,525 [Thread-1900] INFO  impl.FollowerState (FollowerState.java:run(117)) - 904f39be-c3d3-4df4-99c0-2e4526e577e3@group-146C50BE7901-FollowerState was interrupted: java.lang.InterruptedException: sleep interrupted
2019-10-16 21:12:11,525 [grpc-default-executor-1] INFO  impl.RaftServerImpl (RaftServerImpl.java:setRole(184)) - 65da0c80-3604-4ac2-9a39-ee88d748a153@group-146C50BE7901: changes role from  FOLLOWER to FOLLOWER at term 290 for recognizeCandidate:52743044-8979-4a08-8013-92a14c548982
2019-10-16 21:12:11,525 [grpc-default-executor-1] INFO  impl.RoleInfo (RoleInfo.java:shutdownFollowerState(121)) - 65da0c80-3604-4ac2-9a39-ee88d748a153: shutdown FollowerState
2019-10-16 21:12:11,526 [grpc-default-executor-1] INFO  impl.RoleInfo (RoleInfo.java:updateAndGet(143)) - 65da0c80-3604-4ac2-9a39-ee88d748a153: start FollowerState
2019-10-16 21:12:11,526 [Thread-1901] INFO  impl.FollowerState (FollowerState.java:run(117)) - 65da0c80-3604-4ac2-9a39-ee88d748a153@group-146C50BE7901-FollowerState was interrupted: java.lang.InterruptedException: sleep interrupted
2019-10-16 21:12:11,540 [52743044-8979-4a08-8013-92a14c548982@group-146C50BE7901-LeaderElection243] INFO  impl.LeaderElection (LeaderElection.java:logAndReturn(56)) - 52743044-8979-4a08-8013-92a14c548982@group-146C50BE7901-LeaderElection243: Election REJECTED; received 2 response(s) [52743044-8979-4a08-8013-92a14c548982<-904f39be-c3d3-4df4-99c0-2e4526e577e3#0:FAIL-t290, 52743044-8979-4a08-8013-92a14c548982<-65da0c80-3604-4ac2-9a39-ee88d748a153#0:FAIL-t290] and 0 exception(s); 52743044-8979-4a08-8013-92a14c548982@group-146C50BE7901:t290, leader=null, voted=52743044-8979-4a08-8013-92a14c548982, raftlog=52743044-8979-4a08-8013-92a14c548982@group-146C50BE7901-SegmentedRaftLog:OPENED:c-1,f-1,i0, conf=-1: [904f39be-c3d3-4df4-99c0-2e4526e577e3:192.168.157.254:45339, 52743044-8979-4a08-8013-92a14c548982:192.168.157.254:36428, 65da0c80-3604-4ac2-9a39-ee88d748a153:192.168.157.254:37466], old=null
2019-10-16 21:12:11,540 [52743044-8979-4a08-8013-92a14c548982@group-146C50BE7901-LeaderElection243] INFO  impl.RaftServerImpl (RaftServerImpl.java:setRole(184)) - 52743044-8979-4a08-8013-92a14c548982@group-146C50BE7901: changes role from CANDIDATE to FOLLOWER at term 290 for DISCOVERED_A_NEW_TERM
2019-10-16 21:12:11,540 [52743044-8979-4a08-8013-92a14c548982@group-146C50BE7901-LeaderElection243] INFO  impl.RoleInfo (RoleInfo.java:shutdownLeaderElection(134)) - 52743044-8979-4a08-8013-92a14c548982: shutdown LeaderElection
2019-10-16 21:12:11,540 [52743044-8979-4a08-8013-92a14c548982@group-146C50BE7901-LeaderElection243] INFO  impl.RoleInfo (RoleInfo.java:updateAndGet(143)) - 52743044-8979-4a08-8013-92a14c548982: start FollowerState
2019-10-16 21:12:11,685 [Thread-1908] INFO  impl.FollowerState (FollowerState.java:run(108)) - 52743044-8979-4a08-8013-92a14c548982@group-146C50BE7901-FollowerState: change to CANDIDATE, lastRpcTime:144ms, electionTimeout:144ms
2019-10-16 21:12:11,685 [Thread-1908] INFO  impl.RoleInfo (RoleInfo.java:shutdownFollowerState(121)) - 52743044-8979-4a08-8013-92a14c548982: shutdown FollowerState
2019-10-16 21:12:11,685 [Thread-1908] INFO  impl.RaftServerImpl (RaftServerImpl.java:setRole(184)) - 52743044-8979-4a08-8013-92a14c548982@group-146C50BE7901: changes role from  FOLLOWER to CANDIDATE at term 290 for changeToCandidate
2019-10-16 21:12:11,685 [Thread-1908] INFO  impl.RoleInfo (RoleInfo.java:updateAndGet(143)) - 52743044-8979-4a08-8013-92a14c548982: start LeaderElection
2019-10-16 21:12:11,744 [52743044-8979-4a08-8013-92a14c548982@group-146C50BE7901-LeaderElection244] INFO  impl.LeaderElection (LeaderElection.java:askForVotes(178)) - 52743044-8979-4a08-8013-92a14c548982@group-146C50BE7901-LeaderElection244: begin an election at term 291 for -1: [904f39be-c3d3-4df4-99c0-2e4526e577e3:192.168.157.254:45339, 52743044-8979-4a08-8013-92a14c548982:192.168.157.254:36428, 65da0c80-3604-4ac2-9a39-ee88d748a153:192.168.157.254:37466], old=null
2019-10-16 21:12:11,746 [grpc-default-executor-0] INFO  impl.RaftServerImpl (RaftServerImpl.java:setRole(184)) - 904f39be-c3d3-4df4-99c0-2e4526e577e3@group-146C50BE7901: changes role from  FOLLOWER to FOLLOWER at term 291 for recognizeCandidate:52743044-8979-4a08-8013-92a14c548982
2019-10-16 21:12:11,746 [grpc-default-executor-0] INFO  impl.RoleInfo (RoleInfo.java:shutdownFollowerState(121)) - 904f39be-c3d3-4df4-99c0-2e4526e577e3: shutdown FollowerState
2019-10-16 21:12:11,746 [grpc-default-executor-1] INFO  impl.RaftServerImpl (RaftServerImpl.java:setRole(184)) - 65da0c80-3604-4ac2-9a39-ee88d748a153@group-146C50BE7901: changes role from  FOLLOWER to FOLLOWER at term 291 for recognizeCandidate:52743044-8979-4a08-8013-92a14c548982
2019-10-16 21:12:11,746 [grpc-default-executor-1] INFO  impl.RoleInfo (RoleInfo.java:shutdownFollowerState(121)) - 65da0c80-3604-4ac2-9a39-ee88d748a153: shutdown FollowerState
2019-10-16 21:12:11,746 [Thread-1906] INFO  impl.FollowerState (FollowerState.java:run(117)) - 904f39be-c3d3-4df4-99c0-2e4526e577e3@group-146C50BE7901-FollowerState was interrupted: java.lang.InterruptedException: sleep interrupted
2019-10-16 21:12:11,746 [grpc-default-executor-0] INFO  impl.RoleInfo (RoleInfo.java:updateAndGet(143)) - 904f39be-c3d3-4df4-99c0-2e4526e577e3: start FollowerState
2019-10-16 21:12:11,746 [Thread-1907] INFO  impl.FollowerState (FollowerState.java:run(117)) - 65da0c80-3604-4ac2-9a39-ee88d748a153@group-146C50BE7901-FollowerState was interrupted: java.lang.InterruptedException: sleep interrupted
2019-10-16 21:12:11,746 [grpc-default-executor-1] INFO  impl.RoleInfo (RoleInfo.java:updateAndGet(143)) - 65da0c80-3604-4ac2-9a39-ee88d748a153: start FollowerState
2019-10-16 21:12:11,792 [52743044-8979-4a08-8013-92a14c548982@group-146C50BE7901-LeaderElection244] INFO  impl.LeaderElection (LeaderElection.java:logAndReturn(56)) - 52743044-8979-4a08-8013-92a14c548982@group-146C50BE7901-LeaderElection244: Election TIMEOUT; received 0 response(s) [] and 0 exception(s); 52743044-8979-4a08-8013-92a14c548982@group-146C50BE7901:t291, leader=null, voted=52743044-8979-4a08-8013-92a14c548982, raftlog=52743044-8979-4a08-8013-92a14c548982@group-146C50BE7901-SegmentedRaftLog:OPENED:c-1,f-1,i0, conf=-1: [904f39be-c3d3-4df4-99c0-2e4526e577e3:192.168.157.254:45339, 52743044-8979-4a08-8013-92a14c548982:192.168.157.254:36428, 65da0c80-3604-4ac2-9a39-ee88d748a153:192.168.157.254:37466], old=null
2019-10-16 21:12:11,850 [52743044-8979-4a08-8013-92a14c548982@group-146C50BE7901-LeaderElection244] INFO  impl.LeaderElection (LeaderElection.java:askForVotes(178)) - 52743044-8979-4a08-8013-92a14c548982@group-146C50BE7901-LeaderElection244: begin an election at term 292 for -1: [904f39be-c3d3-4df4-99c0-2e4526e577e3:192.168.157.254:45339, 52743044-8979-4a08-8013-92a14c548982:192.168.157.254:36428, 65da0c80-3604-4ac2-9a39-ee88d748a153:192.168.157.254:37466], old=null
2019-10-16 21:12:11,853 [grpc-default-executor-1] INFO  impl.RaftServerImpl (RaftServerImpl.java:setRole(184)) - 65da0c80-3604-4ac2-9a39-ee88d748a153@group-146C50BE7901: changes role from  FOLLOWER to FOLLOWER at term 292 for recognizeCandidate:52743044-8979-4a08-8013-92a14c548982
2019-10-16 21:12:11,853 [grpc-default-executor-1] INFO  impl.RoleInfo (RoleInfo.java:shutdownFollowerState(121)) - 65da0c80-3604-4ac2-9a39-ee88d748a153: shutdown FollowerState
2019-10-16 21:12:11,853 [grpc-default-executor-0] INFO  impl.RaftServerImpl (RaftServerImpl.java:setRole(184)) - 904f39be-c3d3-4df4-99c0-2e4526e577e3@group-146C50BE7901: changes role from  FOLLOWER to FOLLOWER at term 292 for recognizeCandidate:52743044-8979-4a08-8013-92a14c548982
2019-10-16 21:12:11,853 [Thread-1913] INFO  impl.FollowerState (FollowerState.java:run(117)) - 65da0c80-3604-4ac2-9a39-ee88d748a153@group-146C50BE7901-FollowerState was interrupted: java.lang.InterruptedException: sleep interrupted
2019-10-16 21:12:11,853 [grpc-default-executor-1] INFO  impl.RoleInfo (RoleInfo.java:updateAndGet(143)) - 65da0c80-3604-4ac2-9a39-ee88d748a153: start FollowerState
2019-10-16 21:12:11,853 [grpc-default-executor-0] INFO  impl.RoleInfo (RoleInfo.java:shutdownFollowerState(121)) - 904f39be-c3d3-4df4-99c0-2e4526e577e3: shutdown FollowerState
2019-10-16 21:12:11,854 [grpc-default-executor-0] INFO  impl.RoleInfo (RoleInfo.java:updateAndGet(143)) - 904f39be-c3d3-4df4-99c0-2e4526e577e3: start FollowerState
2019-10-16 21:12:11,854 [Thread-1912] INFO  impl.FollowerState (FollowerState.java:run(117)) - 904f39be-c3d3-4df4-99c0-2e4526e577e3@group-146C50BE7901-FollowerState was interrupted: java.lang.InterruptedException: sleep interrupted
2019-10-16 21:12:11,895 [52743044-8979-4a08-8013-92a14c548982@group-146C50BE7901-LeaderElection244] INFO  impl.LeaderElection (LeaderElection.java:logAndReturn(56)) - 52743044-8979-4a08-8013-92a14c548982@group-146C50BE7901-LeaderElection244: Election TIMEOUT; received 0 response(s) [] and 0 exception(s); 52743044-8979-4a08-8013-92a14c548982@group-146C50BE7901:t292, leader=null, voted=52743044-8979-4a08-8013-92a14c548982, raftlog=52743044-8979-4a08-8013-92a14c548982@group-146C50BE7901-SegmentedRaftLog:OPENED:c-1,f-1,i0, conf=-1: [904f39be-c3d3-4df4-99c0-2e4526e577e3:192.168.157.254:45339, 52743044-8979-4a08-8013-92a14c548982:192.168.157.254:36428, 65da0c80-3604-4ac2-9a39-ee88d748a153:192.168.157.254:37466], old=null
2019-10-16 21:12:11,911 [52743044-8979-4a08-8013-92a14c548982@group-146C50BE7901-LeaderElection244] INFO  impl.LeaderElection (LeaderElection.java:askForVotes(178)) - 52743044-8979-4a08-8013-92a14c548982@group-146C50BE7901-LeaderElection244: begin an election at term 293 for -1: [904f39be-c3d3-4df4-99c0-2e4526e577e3:192.168.157.254:45339, 52743044-8979-4a08-8013-92a14c548982:192.168.157.254:36428, 65da0c80-3604-4ac2-9a39-ee88d748a153:192.168.157.254:37466], old=null
2019-10-16 21:12:11,913 [grpc-default-executor-0] INFO  impl.RaftServerImpl (RaftServerImpl.java:setRole(184)) - 904f39be-c3d3-4df4-99c0-2e4526e577e3@group-146C50BE7901: changes role from  FOLLOWER to FOLLOWER at term 293 for recognizeCandidate:52743044-8979-4a08-8013-92a14c548982
2019-10-16 21:12:11,913 [grpc-default-executor-1] INFO  impl.RaftServerImpl (RaftServerImpl.java:setRole(184)) - 65da0c80-3604-4ac2-9a39-ee88d748a153@group-146C50BE7901: changes role from  FOLLOWER to FOLLOWER at term 293 for recognizeCandidate:52743044-8979-4a08-8013-92a14c548982
2019-10-16 21:12:11,914 [grpc-default-executor-0] INFO  impl.RoleInfo (RoleInfo.java:shutdownFollowerState(121)) - 904f39be-c3d3-4df4-99c0-2e4526e577e3: shutdown FollowerState
2019-10-16 21:12:11,914 [grpc-default-executor-1] INFO  impl.RoleInfo (RoleInfo.java:shutdownFollowerState(121)) - 65da0c80-3604-4ac2-9a39-ee88d748a153: shutdown FollowerState
2019-10-16 21:12:11,914 [grpc-default-executor-0] INFO  impl.RoleInfo (RoleInfo.java:updateAndGet(143)) - 904f39be-c3d3-4df4-99c0-2e4526e577e3: start FollowerState
2019-10-16 21:12:11,914 [grpc-default-executor-1] INFO  impl.RoleInfo (RoleInfo.java:updateAndGet(143)) - 65da0c80-3604-4ac2-9a39-ee88d748a153: start FollowerState
2019-10-16 21:12:11,914 [Thread-1917] INFO  impl.FollowerState (FollowerState.java:run(117)) - 904f39be-c3d3-4df4-99c0-2e4526e577e3@group-146C50BE7901-FollowerState was interrupted: java.lang.InterruptedException: sleep interrupted
2019-10-16 21:12:11,914 [Thread-1916] INFO  impl.FollowerState (FollowerState.java:run(117)) - 65da0c80-3604-4ac2-9a39-ee88d748a153@group-146C50BE7901-FollowerState was interrupted: java.lang.InterruptedException: sleep interrupted
2019-10-16 21:12:11,977 [52743044-8979-4a08-8013-92a14c548982@group-146C50BE7901-LeaderElection244] INFO  impl.LeaderElection (LeaderElection.java:logAndReturn(56)) - 52743044-8979-4a08-8013-92a14c548982@group-146C50BE7901-LeaderElection244: Election REJECTED; received 2 response(s) [52743044-8979-4a08-8013-92a14c548982<-904f39be-c3d3-4df4-99c0-2e4526e577e3#0:FAIL-t293, 52743044-8979-4a08-8013-92a14c548982<-65da0c80-3604-4ac2-9a39-ee88d748a153#0:FAIL-t293] and 0 exception(s); 52743044-8979-4a08-8013-92a14c548982@group-146C50BE7901:t293, leader=null, voted=52743044-8979-4a08-8013-92a14c548982, raftlog=52743044-8979-4a08-8013-92a14c548982@group-146C50BE7901-SegmentedRaftLog:OPENED:c-1,f-1,i0, conf=-1: [904f39be-c3d3-4df4-99c0-2e4526e577e3:192.168.157.254:45339, 52743044-8979-4a08-8013-92a14c548982:192.168.157.254:36428, 65da0c80-3604-4ac2-9a39-ee88d748a153:192.168.157.254:37466], old=null
2019-10-16 21:12:11,977 [52743044-8979-4a08-8013-92a14c548982@group-146C50BE7901-LeaderElection244] INFO  impl.RaftServerImpl (RaftServerImpl.java:setRole(184)) - 52743044-8979-4a08-8013-92a14c548982@group-146C50BE7901: changes role from CANDIDATE to FOLLOWER at term 293 for DISCOVERED_A_NEW_TERM
2019-10-16 21:12:11,977 [52743044-8979-4a08-8013-92a14c548982@group-146C50BE7901-LeaderElection244] INFO  impl.RoleInfo (RoleInfo.java:shutdownLeaderElection(134)) - 52743044-8979-4a08-8013-92a14c548982: shutdown LeaderElection
2019-10-16 21:12:11,977 [52743044-8979-4a08-8013-92a14c548982@group-146C50BE7901-LeaderElection244] INFO  impl.RoleInfo (RoleInfo.java:updateAndGet(143)) - 52743044-8979-4a08-8013-92a14c548982: start FollowerState
2019-10-16 21:12:12,051 [Thread-1922] INFO  impl.FollowerState (FollowerState.java:run(108)) - 52743044-8979-4a08-8013-92a14c548982@group-146C50BE7901-FollowerState: change to CANDIDATE, lastRpcTime:73ms, electionTimeout:73ms
2019-10-16 21:12:12,051 [Thread-1922] INFO  impl.RoleInfo (RoleInfo.java:shutdownFollowerState(121)) - 52743044-8979-4a08-8013-92a14c548982: shutdown FollowerState
2019-10-16 21:12:12,051 [Thread-1922] INFO  impl.RaftServerImpl (RaftServerImpl.java:setRole(184)) - 52743044-8979-4a08-8013-92a14c548982@group-146C50BE7901: changes role from  FOLLOWER to CANDIDATE at term 293 for changeToCandidate
2019-10-16 21:12:12,051 [Thread-1922] INFO  impl.RoleInfo (RoleInfo.java:updateAndGet(143)) - 52743044-8979-4a08-8013-92a14c548982: start LeaderElection
2019-10-16 21:12:12,091 [52743044-8979-4a08-8013-92a14c548982@group-146C50BE7901-LeaderElection245] INFO  impl.LeaderElection (LeaderElection.java:askForVotes(178)) - 52743044-8979-4a08-8013-92a14c548982@group-146C50BE7901-LeaderElection245: begin an election at term 294 for -1: [904f39be-c3d3-4df4-99c0-2e4526e577e3:192.168.157.254:45339, 52743044-8979-4a08-8013-92a14c548982:192.168.157.254:36428, 65da0c80-3604-4ac2-9a39-ee88d748a153:192.168.157.254:37466], old=null
2019-10-16 21:12:12,093 [grpc-default-executor-0] INFO  impl.RaftServerImpl (RaftServerImpl.java:setRole(184)) - 904f39be-c3d3-4df4-99c0-2e4526e577e3@group-146C50BE7901: changes role from  FOLLOWER to FOLLOWER at term 294 for recognizeCandidate:52743044-8979-4a08-8013-92a14c548982
2019-10-16 21:12:12,093 [grpc-default-executor-1] INFO  impl.RaftServerImpl (RaftServerImpl.java:setRole(184)) - 65da0c80-3604-4ac2-9a39-ee88d748a153@group-146C50BE7901: changes role from  FOLLOWER to FOLLOWER at term 294 for recognizeCandidate:52743044-8979-4a08-8013-92a14c548982
2019-10-16 21:12:12,093 [grpc-default-executor-0] INFO  impl.RoleInfo (RoleInfo.java:shutdownFollowerState(121)) - 904f39be-c3d3-4df4-99c0-2e4526e577e3: shutdown FollowerState
2019-10-16 21:12:12,093 [grpc-default-executor-1] INFO  impl.RoleInfo (RoleInfo.java:shutdownFollowerState(121)) - 65da0c80-3604-4ac2-9a39-ee88d748a153: shutdown FollowerState
2019-10-16 21:12:12,093 [grpc-default-executor-0] INFO  impl.RoleInfo (RoleInfo.java:updateAndGet(143)) - 904f39be-c3d3-4df4-99c0-2e4526e577e3: start FollowerState
2019-10-16 21:12:12,094 [Thread-1921] INFO  impl.FollowerState (FollowerState.java:run(117)) - 65da0c80-3604-4ac2-9a39-ee88d748a153@group-146C50BE7901-FollowerState was interrupted: java.lang.InterruptedException: sleep interrupted
2019-10-16 21:12:12,094 [grpc-default-executor-1] INFO  impl.RoleInfo (RoleInfo.java:updateAndGet(143)) - 65da0c80-3604-4ac2-9a39-ee88d748a153: start FollowerState
2019-10-16 21:12:12,094 [Thread-1920] INFO  impl.FollowerState (FollowerState.java:run(117)) - 904f39be-c3d3-4df4-99c0-2e4526e577e3@group-146C50BE7901-FollowerState was interrupted: java.lang.InterruptedException: sleep interrupted
2019-10-16 21:12:12,131 [52743044-8979-4a08-8013-92a14c548982@group-146C50BE7901-LeaderElection245] INFO  impl.LeaderElection (LeaderElection.java:logAndReturn(56)) - 52743044-8979-4a08-8013-92a14c548982@group-146C50BE7901-LeaderElection245: Election REJECTED; received 2 response(s) [52743044-8979-4a08-8013-92a14c548982<-904f39be-c3d3-4df4-99c0-2e4526e577e3#0:FAIL-t294, 52743044-8979-4a08-8013-92a14c548982<-65da0c80-3604-4ac2-9a39-ee88d748a153#0:FAIL-t294] and 0 exception(s); 52743044-8979-4a08-8013-92a14c548982@group-146C50BE7901:t294, leader=null, voted=52743044-8979-4a08-8013-92a14c548982, raftlog=52743044-8979-4a08-8013-92a14c548982@group-146C50BE7901-SegmentedRaftLog:OPENED:c-1,f-1,i0, conf=-1: [904f39be-c3d3-4df4-99c0-2e4526e577e3:192.168.157.254:45339, 52743044-8979-4a08-8013-92a14c548982:192.168.157.254:36428, 65da0c80-3604-4ac2-9a39-ee88d748a153:192.168.157.254:37466], old=null
2019-10-16 21:12:12,131 [52743044-8979-4a08-8013-92a14c548982@group-146C50BE7901-LeaderElection245] INFO  impl.RaftServerImpl (RaftServerImpl.java:setRole(184)) - 52743044-8979-4a08-8013-92a14c548982@group-146C50BE7901: changes role from CANDIDATE to FOLLOWER at term 294 for DISCOVERED_A_NEW_TERM
2019-10-16 21:12:12,131 [52743044-8979-4a08-8013-92a14c548982@group-146C50BE7901-LeaderElection245] INFO  impl.RoleInfo (RoleInfo.java:shutdownLeaderElection(134)) - 52743044-8979-4a08-8013-92a14c548982: shutdown LeaderElection
2019-10-16 21:12:12,131 [52743044-8979-4a08-8013-92a14c548982@group-146C50BE7901-LeaderElection245] INFO  impl.RoleInfo (RoleInfo.java:updateAndGet(143)) - 52743044-8979-4a08-8013-92a14c548982: start FollowerState
2019-10-16 21:12:12,214 [main] INFO  ozone.MiniOzoneClusterImpl (MiniOzoneClusterImpl.java:lambda$waitForClusterToBeReady$2(164)) - Waiting for 1 number of pipelines out of 4, to report a leader.
2019-10-16 21:12:12,297 [Thread-1928] INFO  impl.FollowerState (FollowerState.java:run(108)) - 52743044-8979-4a08-8013-92a14c548982@group-146C50BE7901-FollowerState: change to CANDIDATE, lastRpcTime:165ms, electionTimeout:165ms
2019-10-16 21:12:12,297 [Thread-1928] INFO  impl.RoleInfo (RoleInfo.java:shutdownFollowerState(121)) - 52743044-8979-4a08-8013-92a14c548982: shutdown FollowerState
2019-10-16 21:12:12,297 [Thread-1928] INFO  impl.RaftServerImpl (RaftServerImpl.java:setRole(184)) - 52743044-8979-4a08-8013-92a14c548982@group-146C50BE7901: changes role from  FOLLOWER to CANDIDATE at term 294 for changeToCandidate
2019-10-16 21:12:12,297 [Thread-1928] INFO  impl.RoleInfo (RoleInfo.java:updateAndGet(143)) - 52743044-8979-4a08-8013-92a14c548982: start LeaderElection
2019-10-16 21:12:12,312 [52743044-8979-4a08-8013-92a14c548982@group-146C50BE7901-LeaderElection246] INFO  impl.LeaderElection (LeaderElection.java:askForVotes(178)) - 52743044-8979-4a08-8013-92a14c548982@group-146C50BE7901-LeaderElection246: begin an election at term 295 for -1: [904f39be-c3d3-4df4-99c0-2e4526e577e3:192.168.157.254:45339, 52743044-8979-4a08-8013-92a14c548982:192.168.157.254:36428, 65da0c80-3604-4ac2-9a39-ee88d748a153:192.168.157.254:37466], old=null
2019-10-16 21:12:12,314 [grpc-default-executor-1] INFO  impl.RaftServerImpl (RaftServerImpl.java:setRole(184)) - 904f39be-c3d3-4df4-99c0-2e4526e577e3@group-146C50BE7901: changes role from  FOLLOWER to FOLLOWER at term 295 for recognizeCandidate:52743044-8979-4a08-8013-92a14c548982
2019-10-16 21:12:12,314 [grpc-default-executor-1] INFO  impl.RoleInfo (RoleInfo.java:shutdownFollowerState(121)) - 904f39be-c3d3-4df4-99c0-2e4526e577e3: shutdown FollowerState
2019-10-16 21:12:12,314 [grpc-default-executor-0] INFO  impl.RaftServerImpl (RaftServerImpl.java:setRole(184)) - 65da0c80-3604-4ac2-9a39-ee88d748a153@group-146C50BE7901: changes role from  FOLLOWER to FOLLOWER at term 295 for recognizeCandidate:52743044-8979-4a08-8013-92a14c548982
2019-10-16 21:12:12,314 [grpc-default-executor-0] INFO  impl.RoleInfo (RoleInfo.java:shutdownFollowerState(121)) - 65da0c80-3604-4ac2-9a39-ee88d748a153: shutdown FollowerState
2019-10-16 21:12:12,314 [Thread-1926] INFO  impl.FollowerState (FollowerState.java:run(117)) - 904f39be-c3d3-4df4-99c0-2e4526e577e3@group-146C50BE7901-FollowerState was interrupted: java.lang.InterruptedException: sleep interrupted
2019-10-16 21:12:12,315 [Thread-1927] INFO  impl.FollowerState (FollowerState.java:run(117)) - 65da0c80-3604-4ac2-9a39-ee88d748a153@group-146C50BE7901-FollowerState was interrupted: java.lang.InterruptedException: sleep interrupted
2019-10-16 21:12:12,314 [grpc-default-executor-1] INFO  impl.RoleInfo (RoleInfo.java:updateAndGet(143)) - 904f39be-c3d3-4df4-99c0-2e4526e577e3: start FollowerState
2019-10-16 21:12:12,315 [grpc-default-executor-0] INFO  impl.RoleInfo (RoleInfo.java:updateAndGet(143)) - 65da0c80-3604-4ac2-9a39-ee88d748a153: start FollowerState
2019-10-16 21:12:12,343 [52743044-8979-4a08-8013-92a14c548982@group-146C50BE7901-LeaderElection246] INFO  impl.LeaderElection (LeaderElection.java:logAndReturn(56)) - 52743044-8979-4a08-8013-92a14c548982@group-146C50BE7901-LeaderElection246: Election REJECTED; received 2 response(s) [52743044-8979-4a08-8013-92a14c548982<-904f39be-c3d3-4df4-99c0-2e4526e577e3#0:FAIL-t295, 52743044-8979-4a08-8013-92a14c548982<-65da0c80-3604-4ac2-9a39-ee88d748a153#0:FAIL-t295] and 0 exception(s); 52743044-8979-4a08-8013-92a14c548982@group-146C50BE7901:t295, leader=null, voted=52743044-8979-4a08-8013-92a14c548982, raftlog=52743044-8979-4a08-8013-92a14c548982@group-146C50BE7901-SegmentedRaftLog:OPENED:c-1,f-1,i0, conf=-1: [904f39be-c3d3-4df4-99c0-2e4526e577e3:192.168.157.254:45339, 52743044-8979-4a08-8013-92a14c548982:192.168.157.254:36428, 65da0c80-3604-4ac2-9a39-ee88d748a153:192.168.157.254:37466], old=null
2019-10-16 21:12:12,343 [52743044-8979-4a08-8013-92a14c548982@group-146C50BE7901-LeaderElection246] INFO  impl.RaftServerImpl (RaftServerImpl.java:setRole(184)) - 52743044-8979-4a08-8013-92a14c548982@group-146C50BE7901: changes role from CANDIDATE to FOLLOWER at term 295 for DISCOVERED_A_NEW_TERM
2019-10-16 21:12:12,343 [52743044-8979-4a08-8013-92a14c548982@group-146C50BE7901-LeaderElection246] INFO  impl.RoleInfo (RoleInfo.java:shutdownLeaderElection(134)) - 52743044-8979-4a08-8013-92a14c548982: shutdown LeaderElection
2019-10-16 21:12:12,344 [52743044-8979-4a08-8013-92a14c548982@group-146C50BE7901-LeaderElection246] INFO  impl.RoleInfo (RoleInfo.java:updateAndGet(143)) - 52743044-8979-4a08-8013-92a14c548982: start FollowerState
2019-10-16 21:12:12,487 [Thread-1934] INFO  impl.FollowerState (FollowerState.java:run(108)) - 52743044-8979-4a08-8013-92a14c548982@group-146C50BE7901-FollowerState: change to CANDIDATE, lastRpcTime:143ms, electionTimeout:143ms
2019-10-16 21:12:12,487 [Thread-1934] INFO  impl.RoleInfo (RoleInfo.java:shutdownFollowerState(121)) - 52743044-8979-4a08-8013-92a14c548982: shutdown FollowerState
2019-10-16 21:12:12,487 [Thread-1934] INFO  impl.RaftServerImpl (RaftServerImpl.java:setRole(184)) - 52743044-8979-4a08-8013-92a14c548982@group-146C50BE7901: changes role from  FOLLOWER to CANDIDATE at term 295 for changeToCandidate
2019-10-16 21:12:12,487 [Thread-1934] INFO  impl.RoleInfo (RoleInfo.java:updateAndGet(143)) - 52743044-8979-4a08-8013-92a14c548982: start LeaderElection
2019-10-16 21:12:12,576 [52743044-8979-4a08-8013-92a14c548982@group-146C50BE7901-LeaderElection247] INFO  impl.LeaderElection (LeaderElection.java:askForVotes(178)) - 52743044-8979-4a08-8013-92a14c548982@group-146C50BE7901-LeaderElection247: begin an election at term 296 for -1: [904f39be-c3d3-4df4-99c0-2e4526e577e3:192.168.157.254:45339, 52743044-8979-4a08-8013-92a14c548982:192.168.157.254:36428, 65da0c80-3604-4ac2-9a39-ee88d748a153:192.168.157.254:37466], old=null
2019-10-16 21:12:12,578 [grpc-default-executor-1] INFO  impl.RaftServerImpl (RaftServerImpl.java:setRole(184)) - 904f39be-c3d3-4df4-99c0-2e4526e577e3@group-146C50BE7901: changes role from  FOLLOWER to FOLLOWER at term 296 for recognizeCandidate:52743044-8979-4a08-8013-92a14c548982
2019-10-16 21:12:12,579 [grpc-default-executor-1] INFO  impl.RoleInfo (RoleInfo.java:shutdownFollowerState(121)) - 904f39be-c3d3-4df4-99c0-2e4526e577e3: shutdown FollowerState
2019-10-16 21:12:12,579 [grpc-default-executor-0] INFO  impl.RaftServerImpl (RaftServerImpl.java:setRole(184)) - 65da0c80-3604-4ac2-9a39-ee88d748a153@group-146C50BE7901: changes role from  FOLLOWER to FOLLOWER at term 296 for recognizeCandidate:52743044-8979-4a08-8013-92a14c548982
2019-10-16 21:12:12,579 [Thread-1932] INFO  impl.FollowerState (FollowerState.java:run(117)) - 904f39be-c3d3-4df4-99c0-2e4526e577e3@group-146C50BE7901-FollowerState was interrupted: java.lang.InterruptedException: sleep interrupted
2019-10-16 21:12:12,579 [grpc-default-executor-1] INFO  impl.RoleInfo (RoleInfo.java:updateAndGet(143)) - 904f39be-c3d3-4df4-99c0-2e4526e577e3: start FollowerState
2019-10-16 21:12:12,579 [grpc-default-executor-0] INFO  impl.RoleInfo (RoleInfo.java:shutdownFollowerState(121)) - 65da0c80-3604-4ac2-9a39-ee88d748a153: shutdown FollowerState
2019-10-16 21:12:12,579 [grpc-default-executor-0] INFO  impl.RoleInfo (RoleInfo.java:updateAndGet(143)) - 65da0c80-3604-4ac2-9a39-ee88d748a153: start FollowerState
2019-10-16 21:12:12,580 [Thread-1933] INFO  impl.FollowerState (FollowerState.java:run(117)) - 65da0c80-3604-4ac2-9a39-ee88d748a153@group-146C50BE7901-FollowerState was interrupted: java.lang.InterruptedException: sleep interrupted
2019-10-16 21:12:12,594 [52743044-8979-4a08-8013-92a14c548982@group-146C50BE7901-LeaderElection247] INFO  impl.LeaderElection (LeaderElection.java:logAndReturn(56)) - 52743044-8979-4a08-8013-92a14c548982@group-146C50BE7901-LeaderElection247: Election REJECTED; received 2 response(s) [52743044-8979-4a08-8013-92a14c548982<-904f39be-c3d3-4df4-99c0-2e4526e577e3#0:FAIL-t296, 52743044-8979-4a08-8013-92a14c548982<-65da0c80-3604-4ac2-9a39-ee88d748a153#0:FAIL-t296] and 0 exception(s); 52743044-8979-4a08-8013-92a14c548982@group-146C50BE7901:t296, leader=null, voted=52743044-8979-4a08-8013-92a14c548982, raftlog=52743044-8979-4a08-8013-92a14c548982@group-146C50BE7901-SegmentedRaftLog:OPENED:c-1,f-1,i0, conf=-1: [904f39be-c3d3-4df4-99c0-2e4526e577e3:192.168.157.254:45339, 52743044-8979-4a08-8013-92a14c548982:192.168.157.254:36428, 65da0c80-3604-4ac2-9a39-ee88d748a153:192.168.157.254:37466], old=null
2019-10-16 21:12:12,594 [52743044-8979-4a08-8013-92a14c548982@group-146C50BE7901-LeaderElection247] INFO  impl.RaftServerImpl (RaftServerImpl.java:setRole(184)) - 52743044-8979-4a08-8013-92a14c548982@group-146C50BE7901: changes role from CANDIDATE to FOLLOWER at term 296 for DISCOVERED_A_NEW_TERM
2019-10-16 21:12:12,594 [52743044-8979-4a08-8013-92a14c548982@group-146C50BE7901-LeaderElection247] INFO  impl.RoleInfo (RoleInfo.java:shutdownLeaderElection(134)) - 52743044-8979-4a08-8013-92a14c548982: shutdown LeaderElection
2019-10-16 21:12:12,595 [52743044-8979-4a08-8013-92a14c548982@group-146C50BE7901-LeaderElection247] INFO  impl.RoleInfo (RoleInfo.java:updateAndGet(143)) - 52743044-8979-4a08-8013-92a14c548982: start FollowerState
2019-10-16 21:12:12,722 [Thread-1941] INFO  impl.FollowerState (FollowerState.java:run(108)) - 52743044-8979-4a08-8013-92a14c548982@group-146C50BE7901-FollowerState: change to CANDIDATE, lastRpcTime:127ms, electionTimeout:127ms
2019-10-16 21:12:12,722 [Thread-1941] INFO  impl.RoleInfo (RoleInfo.java:shutdownFollowerState(121)) - 52743044-8979-4a08-8013-92a14c548982: shutdown FollowerState
2019-10-16 21:12:12,722 [Thread-1941] INFO  impl.RaftServerImpl (RaftServerImpl.java:setRole(184)) - 52743044-8979-4a08-8013-92a14c548982@group-146C50BE7901: changes role from  FOLLOWER to CANDIDATE at term 296 for changeToCandidate
2019-10-16 21:12:12,722 [Thread-1941] INFO  impl.RoleInfo (RoleInfo.java:updateAndGet(143)) - 52743044-8979-4a08-8013-92a14c548982: start LeaderElection
2019-10-16 21:12:12,757 [52743044-8979-4a08-8013-92a14c548982@group-146C50BE7901-LeaderElection248] INFO  impl.LeaderElection (LeaderElection.java:askForVotes(178)) - 52743044-8979-4a08-8013-92a14c548982@group-146C50BE7901-LeaderElection248: begin an election at term 297 for -1: [904f39be-c3d3-4df4-99c0-2e4526e577e3:192.168.157.254:45339, 52743044-8979-4a08-8013-92a14c548982:192.168.157.254:36428, 65da0c80-3604-4ac2-9a39-ee88d748a153:192.168.157.254:37466], old=null
2019-10-16 21:12:12,759 [grpc-default-executor-0] INFO  impl.RaftServerImpl (RaftServerImpl.java:setRole(184)) - 904f39be-c3d3-4df4-99c0-2e4526e577e3@group-146C50BE7901: changes role from  FOLLOWER to FOLLOWER at term 297 for recognizeCandidate:52743044-8979-4a08-8013-92a14c548982
2019-10-16 21:12:12,759 [grpc-default-executor-1] INFO  impl.RaftServerImpl (RaftServerImpl.java:setRole(184)) - 65da0c80-3604-4ac2-9a39-ee88d748a153@group-146C50BE7901: changes role from  FOLLOWER to FOLLOWER at term 297 for recognizeCandidate:52743044-8979-4a08-8013-92a14c548982
2019-10-16 21:12:12,759 [grpc-default-executor-0] INFO  impl.RoleInfo (RoleInfo.java:shutdownFollowerState(121)) - 904f39be-c3d3-4df4-99c0-2e4526e577e3: shutdown FollowerState
2019-10-16 21:12:12,759 [grpc-default-executor-1] INFO  impl.RoleInfo (RoleInfo.java:shutdownFollowerState(121)) - 65da0c80-3604-4ac2-9a39-ee88d748a153: shutdown FollowerState
2019-10-16 21:12:12,759 [grpc-default-executor-0] INFO  impl.RoleInfo (RoleInfo.java:updateAndGet(143)) - 904f39be-c3d3-4df4-99c0-2e4526e577e3: start FollowerState
2019-10-16 21:12:12,759 [Thread-1939] INFO  impl.FollowerState (FollowerState.java:run(117)) - 904f39be-c3d3-4df4-99c0-2e4526e577e3@group-146C50BE7901-FollowerState was interrupted: java.lang.InterruptedException: sleep interrupted
2019-10-16 21:12:12,759 [grpc-default-executor-1] INFO  impl.RoleInfo (RoleInfo.java:updateAndGet(143)) - 65da0c80-3604-4ac2-9a39-ee88d748a153: start FollowerState
2019-10-16 21:12:12,759 [Thread-1940] INFO  impl.FollowerState (FollowerState.java:run(117)) - 65da0c80-3604-4ac2-9a39-ee88d748a153@group-146C50BE7901-FollowerState was interrupted: java.lang.InterruptedException: sleep interrupted
2019-10-16 21:12:12,817 [52743044-8979-4a08-8013-92a14c548982@group-146C50BE7901-LeaderElection248] INFO  impl.LeaderElection (LeaderElection.java:logAndReturn(56)) - 52743044-8979-4a08-8013-92a14c548982@group-146C50BE7901-LeaderElection248: Election TIMEOUT; received 0 response(s) [] and 0 exception(s); 52743044-8979-4a08-8013-92a14c548982@group-146C50BE7901:t297, leader=null, voted=52743044-8979-4a08-8013-92a14c548982, raftlog=52743044-8979-4a08-8013-92a14c548982@group-146C50BE7901-SegmentedRaftLog:OPENED:c-1,f-1,i0, conf=-1: [904f39be-c3d3-4df4-99c0-2e4526e577e3:192.168.157.254:45339, 52743044-8979-4a08-8013-92a14c548982:192.168.157.254:36428, 65da0c80-3604-4ac2-9a39-ee88d748a153:192.168.157.254:37466], old=null
2019-10-16 21:12:12,890 [52743044-8979-4a08-8013-92a14c548982@group-146C50BE7901-LeaderElection248] INFO  impl.LeaderElection (LeaderElection.java:askForVotes(178)) - 52743044-8979-4a08-8013-92a14c548982@group-146C50BE7901-LeaderElection248: begin an election at term 298 for -1: [904f39be-c3d3-4df4-99c0-2e4526e577e3:192.168.157.254:45339, 52743044-8979-4a08-8013-92a14c548982:192.168.157.254:36428, 65da0c80-3604-4ac2-9a39-ee88d748a153:192.168.157.254:37466], old=null
2019-10-16 21:12:12,893 [grpc-default-executor-0] INFO  impl.RaftServerImpl (RaftServerImpl.java:setRole(184)) - 65da0c80-3604-4ac2-9a39-ee88d748a153@group-146C50BE7901: changes role from  FOLLOWER to FOLLOWER at term 298 for recognizeCandidate:52743044-8979-4a08-8013-92a14c548982
2019-10-16 21:12:12,893 [grpc-default-executor-1] INFO  impl.RaftServerImpl (RaftServerImpl.java:setRole(184)) - 904f39be-c3d3-4df4-99c0-2e4526e577e3@group-146C50BE7901: changes role from  FOLLOWER to FOLLOWER at term 298 for recognizeCandidate:52743044-8979-4a08-8013-92a14c548982
2019-10-16 21:12:12,893 [grpc-default-executor-1] INFO  impl.RoleInfo (RoleInfo.java:shutdownFollowerState(121)) - 904f39be-c3d3-4df4-99c0-2e4526e577e3: shutdown FollowerState
2019-10-16 21:12:12,893 [grpc-default-executor-0] INFO  impl.RoleInfo (RoleInfo.java:shutdownFollowerState(121)) - 65da0c80-3604-4ac2-9a39-ee88d748a153: shutdown FollowerState
2019-10-16 21:12:12,893 [grpc-default-executor-1] INFO  impl.RoleInfo (RoleInfo.java:updateAndGet(143)) - 904f39be-c3d3-4df4-99c0-2e4526e577e3: start FollowerState
2019-10-16 21:12:12,893 [Thread-1945] INFO  impl.FollowerState (FollowerState.java:run(117)) - 904f39be-c3d3-4df4-99c0-2e4526e577e3@group-146C50BE7901-FollowerState was interrupted: java.lang.InterruptedException: sleep interrupted
2019-10-16 21:12:12,893 [grpc-default-executor-0] INFO  impl.RoleInfo (RoleInfo.java:updateAndGet(143)) - 65da0c80-3604-4ac2-9a39-ee88d748a153: start FollowerState
2019-10-16 21:12:12,893 [Thread-1946] INFO  impl.FollowerState (FollowerState.java:run(117)) - 65da0c80-3604-4ac2-9a39-ee88d748a153@group-146C50BE7901-FollowerState was interrupted: java.lang.InterruptedException: sleep interrupted
2019-10-16 21:12:12,960 [52743044-8979-4a08-8013-92a14c548982@group-146C50BE7901-LeaderElection248] INFO  impl.LeaderElection (LeaderElection.java:logAndReturn(56)) - 52743044-8979-4a08-8013-92a14c548982@group-146C50BE7901-LeaderElection248: Election REJECTED; received 2 response(s) [52743044-8979-4a08-8013-92a14c548982<-904f39be-c3d3-4df4-99c0-2e4526e577e3#0:FAIL-t298, 52743044-8979-4a08-8013-92a14c548982<-65da0c80-3604-4ac2-9a39-ee88d748a153#0:FAIL-t298] and 0 exception(s); 52743044-8979-4a08-8013-92a14c548982@group-146C50BE7901:t298, leader=null, voted=52743044-8979-4a08-8013-92a14c548982, raftlog=52743044-8979-4a08-8013-92a14c548982@group-146C50BE7901-SegmentedRaftLog:OPENED:c-1,f-1,i0, conf=-1: [904f39be-c3d3-4df4-99c0-2e4526e577e3:192.168.157.254:45339, 52743044-8979-4a08-8013-92a14c548982:192.168.157.254:36428, 65da0c80-3604-4ac2-9a39-ee88d748a153:192.168.157.254:37466], old=null
2019-10-16 21:12:12,960 [52743044-8979-4a08-8013-92a14c548982@group-146C50BE7901-LeaderElection248] INFO  impl.RaftServerImpl (RaftServerImpl.java:setRole(184)) - 52743044-8979-4a08-8013-92a14c548982@group-146C50BE7901: changes role from CANDIDATE to FOLLOWER at term 298 for DISCOVERED_A_NEW_TERM
2019-10-16 21:12:12,960 [52743044-8979-4a08-8013-92a14c548982@group-146C50BE7901-LeaderElection248] INFO  impl.RoleInfo (RoleInfo.java:shutdownLeaderElection(134)) - 52743044-8979-4a08-8013-92a14c548982: shutdown LeaderElection
2019-10-16 21:12:12,961 [52743044-8979-4a08-8013-92a14c548982@group-146C50BE7901-LeaderElection248] INFO  impl.RoleInfo (RoleInfo.java:updateAndGet(143)) - 52743044-8979-4a08-8013-92a14c548982: start FollowerState
2019-10-16 21:12:13,005 [Thread-1951] INFO  impl.FollowerState (FollowerState.java:run(108)) - 52743044-8979-4a08-8013-92a14c548982@group-146C50BE7901-FollowerState: change to CANDIDATE, lastRpcTime:44ms, electionTimeout:44ms
2019-10-16 21:12:13,005 [Thread-1951] INFO  impl.RoleInfo (RoleInfo.java:shutdownFollowerState(121)) - 52743044-8979-4a08-8013-92a14c548982: shutdown FollowerState
2019-10-16 21:12:13,006 [Thread-1951] INFO  impl.RaftServerImpl (RaftServerImpl.java:setRole(184)) - 52743044-8979-4a08-8013-92a14c548982@group-146C50BE7901: changes role from  FOLLOWER to CANDIDATE at term 298 for changeToCandidate
2019-10-16 21:12:13,006 [Thread-1951] INFO  impl.RoleInfo (RoleInfo.java:updateAndGet(143)) - 52743044-8979-4a08-8013-92a14c548982: start LeaderElection
2019-10-16 21:12:13,072 [52743044-8979-4a08-8013-92a14c548982@group-146C50BE7901-LeaderElection249] INFO  impl.LeaderElection (LeaderElection.java:askForVotes(178)) - 52743044-8979-4a08-8013-92a14c548982@group-146C50BE7901-LeaderElection249: begin an election at term 299 for -1: [904f39be-c3d3-4df4-99c0-2e4526e577e3:192.168.157.254:45339, 52743044-8979-4a08-8013-92a14c548982:192.168.157.254:36428, 65da0c80-3604-4ac2-9a39-ee88d748a153:192.168.157.254:37466], old=null
2019-10-16 21:12:13,074 [grpc-default-executor-0] INFO  impl.RaftServerImpl (RaftServerImpl.java:setRole(184)) - 65da0c80-3604-4ac2-9a39-ee88d748a153@group-146C50BE7901: changes role from  FOLLOWER to FOLLOWER at term 299 for recognizeCandidate:52743044-8979-4a08-8013-92a14c548982
2019-10-16 21:12:13,075 [grpc-default-executor-0] INFO  impl.RoleInfo (RoleInfo.java:shutdownFollowerState(121)) - 65da0c80-3604-4ac2-9a39-ee88d748a153: shutdown FollowerState
2019-10-16 21:12:13,075 [grpc-default-executor-1] INFO  impl.RaftServerImpl (RaftServerImpl.java:setRole(184)) - 904f39be-c3d3-4df4-99c0-2e4526e577e3@group-146C50BE7901: changes role from  FOLLOWER to FOLLOWER at term 299 for recognizeCandidate:52743044-8979-4a08-8013-92a14c548982
2019-10-16 21:12:13,075 [grpc-default-executor-0] INFO  impl.RoleInfo (RoleInfo.java:updateAndGet(143)) - 65da0c80-3604-4ac2-9a39-ee88d748a153: start FollowerState
2019-10-16 21:12:13,075 [Thread-1950] INFO  impl.FollowerState (FollowerState.java:run(117)) - 65da0c80-3604-4ac2-9a39-ee88d748a153@group-146C50BE7901-FollowerState was interrupted: java.lang.InterruptedException: sleep interrupted
2019-10-16 21:12:13,075 [grpc-default-executor-1] INFO  impl.RoleInfo (RoleInfo.java:shutdownFollowerState(121)) - 904f39be-c3d3-4df4-99c0-2e4526e577e3: shutdown FollowerState
2019-10-16 21:12:13,076 [grpc-default-executor-1] INFO  impl.RoleInfo (RoleInfo.java:updateAndGet(143)) - 904f39be-c3d3-4df4-99c0-2e4526e577e3: start FollowerState
2019-10-16 21:12:13,076 [Thread-1949] INFO  impl.FollowerState (FollowerState.java:run(117)) - 904f39be-c3d3-4df4-99c0-2e4526e577e3@group-146C50BE7901-FollowerState was interrupted: java.lang.InterruptedException: sleep interrupted
2019-10-16 21:12:13,090 [52743044-8979-4a08-8013-92a14c548982@group-146C50BE7901-LeaderElection249] INFO  impl.LeaderElection (LeaderElection.java:logAndReturn(56)) - 52743044-8979-4a08-8013-92a14c548982@group-146C50BE7901-LeaderElection249: Election REJECTED; received 2 response(s) [52743044-8979-4a08-8013-92a14c548982<-904f39be-c3d3-4df4-99c0-2e4526e577e3#0:FAIL-t299, 52743044-8979-4a08-8013-92a14c548982<-65da0c80-3604-4ac2-9a39-ee88d748a153#0:FAIL-t299] and 0 exception(s); 52743044-8979-4a08-8013-92a14c548982@group-146C50BE7901:t299, leader=null, voted=52743044-8979-4a08-8013-92a14c548982, raftlog=52743044-8979-4a08-8013-92a14c548982@group-146C50BE7901-SegmentedRaftLog:OPENED:c-1,f-1,i0, conf=-1: [904f39be-c3d3-4df4-99c0-2e4526e577e3:192.168.157.254:45339, 52743044-8979-4a08-8013-92a14c548982:192.168.157.254:36428, 65da0c80-3604-4ac2-9a39-ee88d748a153:192.168.157.254:37466], old=null
2019-10-16 21:12:13,090 [52743044-8979-4a08-8013-92a14c548982@group-146C50BE7901-LeaderElection249] INFO  impl.RaftServerImpl (RaftServerImpl.java:setRole(184)) - 52743044-8979-4a08-8013-92a14c548982@group-146C50BE7901: changes role from CANDIDATE to FOLLOWER at term 299 for DISCOVERED_A_NEW_TERM
2019-10-16 21:12:13,090 [52743044-8979-4a08-8013-92a14c548982@group-146C50BE7901-LeaderElection249] INFO  impl.RoleInfo (RoleInfo.java:shutdownLeaderElection(134)) - 52743044-8979-4a08-8013-92a14c548982: shutdown LeaderElection
2019-10-16 21:12:13,091 [52743044-8979-4a08-8013-92a14c548982@group-146C50BE7901-LeaderElection249] INFO  impl.RoleInfo (RoleInfo.java:updateAndGet(143)) - 52743044-8979-4a08-8013-92a14c548982: start FollowerState
2019-10-16 21:12:13,162 [Thread-1957] INFO  impl.FollowerState (FollowerState.java:run(108)) - 52743044-8979-4a08-8013-92a14c548982@group-146C50BE7901-FollowerState: change to CANDIDATE, lastRpcTime:71ms, electionTimeout:71ms
2019-10-16 21:12:13,162 [Thread-1957] INFO  impl.RoleInfo (RoleInfo.java:shutdownFollowerState(121)) - 52743044-8979-4a08-8013-92a14c548982: shutdown FollowerState
2019-10-16 21:12:13,162 [Thread-1957] INFO  impl.RaftServerImpl (RaftServerImpl.java:setRole(184)) - 52743044-8979-4a08-8013-92a14c548982@group-146C50BE7901: changes role from  FOLLOWER to CANDIDATE at term 299 for changeToCandidate
2019-10-16 21:12:13,162 [Thread-1957] INFO  impl.RoleInfo (RoleInfo.java:updateAndGet(143)) - 52743044-8979-4a08-8013-92a14c548982: start LeaderElection
2019-10-16 21:12:13,205 [52743044-8979-4a08-8013-92a14c548982@group-146C50BE7901-LeaderElection250] INFO  impl.LeaderElection (LeaderElection.java:askForVotes(178)) - 52743044-8979-4a08-8013-92a14c548982@group-146C50BE7901-LeaderElection250: begin an election at term 300 for -1: [904f39be-c3d3-4df4-99c0-2e4526e577e3:192.168.157.254:45339, 52743044-8979-4a08-8013-92a14c548982:192.168.157.254:36428, 65da0c80-3604-4ac2-9a39-ee88d748a153:192.168.157.254:37466], old=null
2019-10-16 21:12:13,207 [grpc-default-executor-1] INFO  impl.RaftServerImpl (RaftServerImpl.java:setRole(184)) - 904f39be-c3d3-4df4-99c0-2e4526e577e3@group-146C50BE7901: changes role from  FOLLOWER to FOLLOWER at term 300 for recognizeCandidate:52743044-8979-4a08-8013-92a14c548982
2019-10-16 21:12:13,207 [grpc-default-executor-0] INFO  impl.RaftServerImpl (RaftServerImpl.java:setRole(184)) - 65da0c80-3604-4ac2-9a39-ee88d748a153@group-146C50BE7901: changes role from  FOLLOWER to FOLLOWER at term 300 for recognizeCandidate:52743044-8979-4a08-8013-92a14c548982
2019-10-16 21:12:13,208 [grpc-default-executor-0] INFO  impl.RoleInfo (RoleInfo.java:shutdownFollowerState(121)) - 65da0c80-3604-4ac2-9a39-ee88d748a153: shutdown FollowerState
2019-10-16 21:12:13,207 [grpc-default-executor-1] INFO  impl.RoleInfo (RoleInfo.java:shutdownFollowerState(121)) - 904f39be-c3d3-4df4-99c0-2e4526e577e3: shutdown FollowerState
2019-10-16 21:12:13,208 [grpc-default-executor-0] INFO  impl.RoleInfo (RoleInfo.java:updateAndGet(143)) - 65da0c80-3604-4ac2-9a39-ee88d748a153: start FollowerState
2019-10-16 21:12:13,208 [grpc-default-executor-1] INFO  impl.RoleInfo (RoleInfo.java:updateAndGet(143)) - 904f39be-c3d3-4df4-99c0-2e4526e577e3: start FollowerState
2019-10-16 21:12:13,208 [Thread-1955] INFO  impl.FollowerState (FollowerState.java:run(117)) - 65da0c80-3604-4ac2-9a39-ee88d748a153@group-146C50BE7901-FollowerState was interrupted: java.lang.InterruptedException: sleep interrupted
2019-10-16 21:12:13,208 [Thread-1956] INFO  impl.FollowerState (FollowerState.java:run(117)) - 904f39be-c3d3-4df4-99c0-2e4526e577e3@group-146C50BE7901-FollowerState was interrupted: java.lang.InterruptedException: sleep interrupted
2019-10-16 21:12:13,215 [main] INFO  ozone.MiniOzoneClusterImpl (MiniOzoneClusterImpl.java:lambda$waitForClusterToBeReady$2(164)) - Waiting for 1 number of pipelines out of 4, to report a leader.
2019-10-16 21:12:13,232 [52743044-8979-4a08-8013-92a14c548982@group-146C50BE7901-LeaderElection250] INFO  impl.LeaderElection (LeaderElection.java:logAndReturn(56)) - 52743044-8979-4a08-8013-92a14c548982@group-146C50BE7901-LeaderElection250: Election TIMEOUT; received 0 response(s) [] and 0 exception(s); 52743044-8979-4a08-8013-92a14c548982@group-146C50BE7901:t300, leader=null, voted=52743044-8979-4a08-8013-92a14c548982, raftlog=52743044-8979-4a08-8013-92a14c548982@group-146C50BE7901-SegmentedRaftLog:OPENED:c-1,f-1,i0, conf=-1: [904f39be-c3d3-4df4-99c0-2e4526e577e3:192.168.157.254:45339, 52743044-8979-4a08-8013-92a14c548982:192.168.157.254:36428, 65da0c80-3604-4ac2-9a39-ee88d748a153:192.168.157.254:37466], old=null
2019-10-16 21:12:13,271 [main] INFO  ozone.MiniOzoneClusterImpl (MiniOzoneClusterImpl.java:shutdown(352)) - Shutting down the Mini Ozone Cluster
2019-10-16 21:12:13,272 [main] INFO  ozone.MiniOzoneClusterImpl (MiniOzoneClusterImpl.java:stop(368)) - Stopping the Mini Ozone Cluster
2019-10-16 21:12:13,272 [main] INFO  ozone.MiniOzoneClusterImpl (MiniOzoneClusterImpl.java:stopOM(438)) - Stopping the OzoneManager
2019-10-16 21:12:13,272 [52743044-8979-4a08-8013-92a14c548982@group-146C50BE7901-LeaderElection250] INFO  impl.LeaderElection (LeaderElection.java:askForVotes(178)) - 52743044-8979-4a08-8013-92a14c548982@group-146C50BE7901-LeaderElection250: begin an election at term 301 for -1: [904f39be-c3d3-4df4-99c0-2e4526e577e3:192.168.157.254:45339, 52743044-8979-4a08-8013-92a14c548982:192.168.157.254:36428, 65da0c80-3604-4ac2-9a39-ee88d748a153:192.168.157.254:37466], old=null
2019-10-16 21:12:13,272 [main] INFO  ipc.Server (Server.java:stop(3082)) - Stopping server on 35339
2019-10-16 21:12:13,274 [IPC Server listener on 35339] INFO  ipc.Server (Server.java:run(1185)) - Stopping IPC Server listener on 35339
2019-10-16 21:12:13,274 [main] INFO  ratis.OzoneManagerDoubleBuffer (OzoneManagerDoubleBuffer.java:stop(250)) - Stopping OMDoubleBuffer flush thread
2019-10-16 21:12:13,275 [IPC Server Responder] INFO  ipc.Server (Server.java:run(1319)) - Stopping IPC Server Responder
2019-10-16 21:12:13,275 [OMDoubleBufferFlushThread] INFO  ratis.OzoneManagerDoubleBuffer (OzoneManagerDoubleBuffer.java:flushTransactions(193)) - OMDoubleBuffer flush thread OMDoubleBufferFlushThread is interrupted and will exit. OMDoubleBufferFlushThread
2019-10-16 21:12:13,276 [main] INFO  utils.BackgroundService (BackgroundService.java:shutdown(151)) - Shutting down service KeyDeletingService
2019-10-16 21:12:13,277 [grpc-default-executor-0] INFO  impl.RaftServerImpl (RaftServerImpl.java:setRole(184)) - 65da0c80-3604-4ac2-9a39-ee88d748a153@group-146C50BE7901: changes role from  FOLLOWER to FOLLOWER at term 301 for recognizeCandidate:52743044-8979-4a08-8013-92a14c548982
2019-10-16 21:12:13,277 [grpc-default-executor-0] INFO  impl.RoleInfo (RoleInfo.java:shutdownFollowerState(121)) - 65da0c80-3604-4ac2-9a39-ee88d748a153: shutdown FollowerState
2019-10-16 21:12:13,277 [grpc-default-executor-0] INFO  impl.RoleInfo (RoleInfo.java:updateAndGet(143)) - 65da0c80-3604-4ac2-9a39-ee88d748a153: start FollowerState
2019-10-16 21:12:13,277 [Thread-1961] INFO  impl.FollowerState (FollowerState.java:run(117)) - 65da0c80-3604-4ac2-9a39-ee88d748a153@group-146C50BE7901-FollowerState was interrupted: java.lang.InterruptedException: sleep interrupted
2019-10-16 21:12:13,277 [grpc-default-executor-1] INFO  impl.RaftServerImpl (RaftServerImpl.java:setRole(184)) - 904f39be-c3d3-4df4-99c0-2e4526e577e3@group-146C50BE7901: changes role from  FOLLOWER to FOLLOWER at term 301 for recognizeCandidate:52743044-8979-4a08-8013-92a14c548982
2019-10-16 21:12:13,278 [grpc-default-executor-1] INFO  impl.RoleInfo (RoleInfo.java:shutdownFollowerState(121)) - 904f39be-c3d3-4df4-99c0-2e4526e577e3: shutdown FollowerState
2019-10-16 21:12:13,278 [grpc-default-executor-1] INFO  impl.RoleInfo (RoleInfo.java:updateAndGet(143)) - 904f39be-c3d3-4df4-99c0-2e4526e577e3: start FollowerState
2019-10-16 21:12:13,278 [Thread-1962] INFO  impl.FollowerState (FollowerState.java:run(117)) - 904f39be-c3d3-4df4-99c0-2e4526e577e3@group-146C50BE7901-FollowerState was interrupted: java.lang.InterruptedException: sleep interrupted
2019-10-16 21:12:13,279 [52743044-8979-4a08-8013-92a14c548982@group-146C50BE7901-LeaderElection250] INFO  impl.LeaderElection (LeaderElection.java:logAndReturn(56)) - 52743044-8979-4a08-8013-92a14c548982@group-146C50BE7901-LeaderElection250: Election TIMEOUT; received 0 response(s) [] and 0 exception(s); 52743044-8979-4a08-8013-92a14c548982@group-146C50BE7901:t301, leader=null, voted=52743044-8979-4a08-8013-92a14c548982, raftlog=52743044-8979-4a08-8013-92a14c548982@group-146C50BE7901-SegmentedRaftLog:OPENED:c-1,f-1,i0, conf=-1: [904f39be-c3d3-4df4-99c0-2e4526e577e3:192.168.157.254:45339, 52743044-8979-4a08-8013-92a14c548982:192.168.157.254:36428, 65da0c80-3604-4ac2-9a39-ee88d748a153:192.168.157.254:37466], old=null
2019-10-16 21:12:13,280 [main] INFO  handler.ContextHandler (ContextHandler.java:doStop(910)) - Stopped o.e.j.w.WebAppContext@27f74733{/,null,UNAVAILABLE}{/ozoneManager}
2019-10-16 21:12:13,286 [main] INFO  server.AbstractConnector (AbstractConnector.java:doStop(318)) - Stopped ServerConnector@7bef452c{HTTP/1.1,[http/1.1]}{0.0.0.0:0}
2019-10-16 21:12:13,286 [main] INFO  handler.ContextHandler (ContextHandler.java:doStop(910)) - Stopped o.e.j.s.ServletContextHandler@3af356f{/static,file:///workdir/hadoop-ozone/integration-test/target/test-classes/webapps/static,UNAVAILABLE}
2019-10-16 21:12:13,286 [main] INFO  handler.ContextHandler (ContextHandler.java:doStop(910)) - Stopped o.e.j.s.ServletContextHandler@4e8e8621{/logs,file:///workdir/hadoop-ozone/integration-test/target/log,UNAVAILABLE}
2019-10-16 21:12:13,290 [main] INFO  ozone.MiniOzoneClusterImpl (MiniOzoneClusterImpl.java:stopDatanodes(415)) - Stopping the HddsDatanodes
2019-10-16 21:12:13,340 [52743044-8979-4a08-8013-92a14c548982@group-146C50BE7901-LeaderElection250] INFO  impl.LeaderElection (LeaderElection.java:askForVotes(178)) - 52743044-8979-4a08-8013-92a14c548982@group-146C50BE7901-LeaderElection250: begin an election at term 302 for -1: [904f39be-c3d3-4df4-99c0-2e4526e577e3:192.168.157.254:45339, 52743044-8979-4a08-8013-92a14c548982:192.168.157.254:36428, 65da0c80-3604-4ac2-9a39-ee88d748a153:192.168.157.254:37466], old=null
2019-10-16 21:12:13,342 [grpc-default-executor-0] INFO  impl.RaftServerImpl (RaftServerImpl.java:setRole(184)) - 904f39be-c3d3-4df4-99c0-2e4526e577e3@group-146C50BE7901: changes role from  FOLLOWER to FOLLOWER at term 302 for recognizeCandidate:52743044-8979-4a08-8013-92a14c548982
2019-10-16 21:12:13,342 [grpc-default-executor-0] INFO  impl.RoleInfo (RoleInfo.java:shutdownFollowerState(121)) - 904f39be-c3d3-4df4-99c0-2e4526e577e3: shutdown FollowerState
2019-10-16 21:12:13,342 [grpc-default-executor-0] INFO  impl.RoleInfo (RoleInfo.java:updateAndGet(143)) - 904f39be-c3d3-4df4-99c0-2e4526e577e3: start FollowerState
2019-10-16 21:12:13,342 [Thread-1966] INFO  impl.FollowerState (FollowerState.java:run(117)) - 904f39be-c3d3-4df4-99c0-2e4526e577e3@group-146C50BE7901-FollowerState was interrupted: java.lang.InterruptedException: sleep interrupted
2019-10-16 21:12:13,342 [grpc-default-executor-1] INFO  impl.RaftServerImpl (RaftServerImpl.java:setRole(184)) - 65da0c80-3604-4ac2-9a39-ee88d748a153@group-146C50BE7901: changes role from  FOLLOWER to FOLLOWER at term 302 for recognizeCandidate:52743044-8979-4a08-8013-92a14c548982
2019-10-16 21:12:13,342 [grpc-default-executor-1] INFO  impl.RoleInfo (RoleInfo.java:shutdownFollowerState(121)) - 65da0c80-3604-4ac2-9a39-ee88d748a153: shutdown FollowerState
2019-10-16 21:12:13,343 [grpc-default-executor-1] INFO  impl.RoleInfo (RoleInfo.java:updateAndGet(143)) - 65da0c80-3604-4ac2-9a39-ee88d748a153: start FollowerState
2019-10-16 21:12:13,343 [Thread-1965] INFO  impl.FollowerState (FollowerState.java:run(117)) - 65da0c80-3604-4ac2-9a39-ee88d748a153@group-146C50BE7901-FollowerState was interrupted: java.lang.InterruptedException: sleep interrupted
2019-10-16 21:12:13,434 [52743044-8979-4a08-8013-92a14c548982@group-146C50BE7901-LeaderElection250] INFO  impl.LeaderElection (LeaderElection.java:logAndReturn(56)) - 52743044-8979-4a08-8013-92a14c548982@group-146C50BE7901-LeaderElection250: Election REJECTED; received 2 response(s) [52743044-8979-4a08-8013-92a14c548982<-904f39be-c3d3-4df4-99c0-2e4526e577e3#0:FAIL-t302, 52743044-8979-4a08-8013-92a14c548982<-65da0c80-3604-4ac2-9a39-ee88d748a153#0:FAIL-t302] and 0 exception(s); 52743044-8979-4a08-8013-92a14c548982@group-146C50BE7901:t302, leader=null, voted=52743044-8979-4a08-8013-92a14c548982, raftlog=52743044-8979-4a08-8013-92a14c548982@group-146C50BE7901-SegmentedRaftLog:OPENED:c-1,f-1,i0, conf=-1: [904f39be-c3d3-4df4-99c0-2e4526e577e3:192.168.157.254:45339, 52743044-8979-4a08-8013-92a14c548982:192.168.157.254:36428, 65da0c80-3604-4ac2-9a39-ee88d748a153:192.168.157.254:37466], old=null
2019-10-16 21:12:13,435 [52743044-8979-4a08-8013-92a14c548982@group-146C50BE7901-LeaderElection250] INFO  impl.RaftServerImpl (RaftServerImpl.java:setRole(184)) - 52743044-8979-4a08-8013-92a14c548982@group-146C50BE7901: changes role from CANDIDATE to FOLLOWER at term 302 for DISCOVERED_A_NEW_TERM
2019-10-16 21:12:13,435 [52743044-8979-4a08-8013-92a14c548982@group-146C50BE7901-LeaderElection250] INFO  impl.RoleInfo (RoleInfo.java:shutdownLeaderElection(134)) - 52743044-8979-4a08-8013-92a14c548982: shutdown LeaderElection
2019-10-16 21:12:13,435 [52743044-8979-4a08-8013-92a14c548982@group-146C50BE7901-LeaderElection250] INFO  impl.RoleInfo (RoleInfo.java:updateAndGet(143)) - 52743044-8979-4a08-8013-92a14c548982: start FollowerState
2019-10-16 21:12:13,459 [Thread-1971] INFO  impl.FollowerState (FollowerState.java:run(108)) - 52743044-8979-4a08-8013-92a14c548982@group-146C50BE7901-FollowerState: change to CANDIDATE, lastRpcTime:24ms, electionTimeout:24ms
2019-10-16 21:12:13,460 [Thread-1971] INFO  impl.RoleInfo (RoleInfo.java:shutdownFollowerState(121)) - 52743044-8979-4a08-8013-92a14c548982: shutdown FollowerState
2019-10-16 21:12:13,460 [Thread-1971] INFO  impl.RaftServerImpl (RaftServerImpl.java:setRole(184)) - 52743044-8979-4a08-8013-92a14c548982@group-146C50BE7901: changes role from  FOLLOWER to CANDIDATE at term 302 for changeToCandidate
2019-10-16 21:12:13,460 [Thread-1971] INFO  impl.RoleInfo (RoleInfo.java:updateAndGet(143)) - 52743044-8979-4a08-8013-92a14c548982: start LeaderElection
2019-10-16 21:12:13,483 [52743044-8979-4a08-8013-92a14c548982@group-146C50BE7901-LeaderElection251] INFO  impl.LeaderElection (LeaderElection.java:askForVotes(178)) - 52743044-8979-4a08-8013-92a14c548982@group-146C50BE7901-LeaderElection251: begin an election at term 303 for -1: [904f39be-c3d3-4df4-99c0-2e4526e577e3:192.168.157.254:45339, 52743044-8979-4a08-8013-92a14c548982:192.168.157.254:36428, 65da0c80-3604-4ac2-9a39-ee88d748a153:192.168.157.254:37466], old=null
2019-10-16 21:12:13,485 [grpc-default-executor-1] INFO  impl.RaftServerImpl (RaftServerImpl.java:setRole(184)) - 904f39be-c3d3-4df4-99c0-2e4526e577e3@group-146C50BE7901: changes role from  FOLLOWER to FOLLOWER at term 303 for recognizeCandidate:52743044-8979-4a08-8013-92a14c548982
2019-10-16 21:12:13,485 [grpc-default-executor-1] INFO  impl.RoleInfo (RoleInfo.java:shutdownFollowerState(121)) - 904f39be-c3d3-4df4-99c0-2e4526e577e3: shutdown FollowerState
2019-10-16 21:12:13,485 [grpc-default-executor-0] INFO  impl.RaftServerImpl (RaftServerImpl.java:setRole(184)) - 65da0c80-3604-4ac2-9a39-ee88d748a153@group-146C50BE7901: changes role from  FOLLOWER to FOLLOWER at term 303 for recognizeCandidate:52743044-8979-4a08-8013-92a14c548982
2019-10-16 21:12:13,486 [Thread-1969] INFO  impl.FollowerState (FollowerState.java:run(117)) - 904f39be-c3d3-4df4-99c0-2e4526e577e3@group-146C50BE7901-FollowerState was interrupted: java.lang.InterruptedException: sleep interrupted
2019-10-16 21:12:13,486 [grpc-default-executor-1] INFO  impl.RoleInfo (RoleInfo.java:updateAndGet(143)) - 904f39be-c3d3-4df4-99c0-2e4526e577e3: start FollowerState
2019-10-16 21:12:13,486 [grpc-default-executor-0] INFO  impl.RoleInfo (RoleInfo.java:shutdownFollowerState(121)) - 65da0c80-3604-4ac2-9a39-ee88d748a153: shutdown FollowerState
2019-10-16 21:12:13,486 [grpc-default-executor-0] INFO  impl.RoleInfo (RoleInfo.java:updateAndGet(143)) - 65da0c80-3604-4ac2-9a39-ee88d748a153: start FollowerState
2019-10-16 21:12:13,486 [Thread-1970] INFO  impl.FollowerState (FollowerState.java:run(117)) - 65da0c80-3604-4ac2-9a39-ee88d748a153@group-146C50BE7901-FollowerState was interrupted: java.lang.InterruptedException: sleep interrupted
2019-10-16 21:12:13,502 [52743044-8979-4a08-8013-92a14c548982@group-146C50BE7901-LeaderElection251] INFO  impl.LeaderElection (LeaderElection.java:logAndReturn(56)) - 52743044-8979-4a08-8013-92a14c548982@group-146C50BE7901-LeaderElection251: Election REJECTED; received 2 response(s) [52743044-8979-4a08-8013-92a14c548982<-904f39be-c3d3-4df4-99c0-2e4526e577e3#0:FAIL-t303, 52743044-8979-4a08-8013-92a14c548982<-65da0c80-3604-4ac2-9a39-ee88d748a153#0:FAIL-t303] and 0 exception(s); 52743044-8979-4a08-8013-92a14c548982@group-146C50BE7901:t303, leader=null, voted=52743044-8979-4a08-8013-92a14c548982, raftlog=52743044-8979-4a08-8013-92a14c548982@group-146C50BE7901-SegmentedRaftLog:OPENED:c-1,f-1,i0, conf=-1: [904f39be-c3d3-4df4-99c0-2e4526e577e3:192.168.157.254:45339, 52743044-8979-4a08-8013-92a14c548982:192.168.157.254:36428, 65da0c80-3604-4ac2-9a39-ee88d748a153:192.168.157.254:37466], old=null
2019-10-16 21:12:13,503 [52743044-8979-4a08-8013-92a14c548982@group-146C50BE7901-LeaderElection251] INFO  impl.RaftServerImpl (RaftServerImpl.java:setRole(184)) - 52743044-8979-4a08-8013-92a14c548982@group-146C50BE7901: changes role from CANDIDATE to FOLLOWER at term 303 for DISCOVERED_A_NEW_TERM
2019-10-16 21:12:13,503 [52743044-8979-4a08-8013-92a14c548982@group-146C50BE7901-LeaderElection251] INFO  impl.RoleInfo (RoleInfo.java:shutdownLeaderElection(134)) - 52743044-8979-4a08-8013-92a14c548982: shutdown LeaderElection
2019-10-16 21:12:13,503 [52743044-8979-4a08-8013-92a14c548982@group-146C50BE7901-LeaderElection251] INFO  impl.RoleInfo (RoleInfo.java:updateAndGet(143)) - 52743044-8979-4a08-8013-92a14c548982: start FollowerState
2019-10-16 21:12:13,512 [Thread-1977] INFO  impl.FollowerState (FollowerState.java:run(108)) - 52743044-8979-4a08-8013-92a14c548982@group-146C50BE7901-FollowerState: change to CANDIDATE, lastRpcTime:9ms, electionTimeout:9ms
2019-10-16 21:12:13,512 [Thread-1977] INFO  impl.RoleInfo (RoleInfo.java:shutdownFollowerState(121)) - 52743044-8979-4a08-8013-92a14c548982: shutdown FollowerState
2019-10-16 21:12:13,512 [Thread-1977] INFO  impl.RaftServerImpl (RaftServerImpl.java:setRole(184)) - 52743044-8979-4a08-8013-92a14c548982@group-146C50BE7901: changes role from  FOLLOWER to CANDIDATE at term 303 for changeToCandidate
2019-10-16 21:12:13,513 [Thread-1977] INFO  impl.RoleInfo (RoleInfo.java:updateAndGet(143)) - 52743044-8979-4a08-8013-92a14c548982: start LeaderElection
2019-10-16 21:12:13,583 [52743044-8979-4a08-8013-92a14c548982@group-146C50BE7901-LeaderElection252] INFO  impl.LeaderElection (LeaderElection.java:askForVotes(178)) - 52743044-8979-4a08-8013-92a14c548982@group-146C50BE7901-LeaderElection252: begin an election at term 304 for -1: [904f39be-c3d3-4df4-99c0-2e4526e577e3:192.168.157.254:45339, 52743044-8979-4a08-8013-92a14c548982:192.168.157.254:36428, 65da0c80-3604-4ac2-9a39-ee88d748a153:192.168.157.254:37466], old=null
2019-10-16 21:12:13,585 [grpc-default-executor-0] INFO  impl.RaftServerImpl (RaftServerImpl.java:setRole(184)) - 904f39be-c3d3-4df4-99c0-2e4526e577e3@group-146C50BE7901: changes role from  FOLLOWER to FOLLOWER at term 304 for recognizeCandidate:52743044-8979-4a08-8013-92a14c548982
2019-10-16 21:12:13,585 [grpc-default-executor-0] INFO  impl.RoleInfo (RoleInfo.java:shutdownFollowerState(121)) - 904f39be-c3d3-4df4-99c0-2e4526e577e3: shutdown FollowerState
2019-10-16 21:12:13,585 [grpc-default-executor-1] INFO  impl.RaftServerImpl (RaftServerImpl.java:setRole(184)) - 65da0c80-3604-4ac2-9a39-ee88d748a153@group-146C50BE7901: changes role from  FOLLOWER to FOLLOWER at term 304 for recognizeCandidate:52743044-8979-4a08-8013-92a14c548982
2019-10-16 21:12:13,585 [Thread-1975] INFO  impl.FollowerState (FollowerState.java:run(117)) - 904f39be-c3d3-4df4-99c0-2e4526e577e3@group-146C50BE7901-FollowerState was interrupted: java.lang.InterruptedException: sleep interrupted
2019-10-16 21:12:13,585 [grpc-default-executor-0] INFO  impl.RoleInfo (RoleInfo.java:updateAndGet(143)) - 904f39be-c3d3-4df4-99c0-2e4526e577e3: start FollowerState
2019-10-16 21:12:13,585 [grpc-default-executor-1] INFO  impl.RoleInfo (RoleInfo.java:shutdownFollowerState(121)) - 65da0c80-3604-4ac2-9a39-ee88d748a153: shutdown FollowerState
2019-10-16 21:12:13,586 [grpc-default-executor-1] INFO  impl.RoleInfo (RoleInfo.java:updateAndGet(143)) - 65da0c80-3604-4ac2-9a39-ee88d748a153: start FollowerState
2019-10-16 21:12:13,586 [Thread-1976] INFO  impl.FollowerState (FollowerState.java:run(117)) - 65da0c80-3604-4ac2-9a39-ee88d748a153@group-146C50BE7901-FollowerState was interrupted: java.lang.InterruptedException: sleep interrupted
2019-10-16 21:12:13,641 [52743044-8979-4a08-8013-92a14c548982@group-146C50BE7901-LeaderElection252] INFO  impl.LeaderElection (LeaderElection.java:logAndReturn(56)) - 52743044-8979-4a08-8013-92a14c548982@group-146C50BE7901-LeaderElection252: Election REJECTED; received 2 response(s) [52743044-8979-4a08-8013-92a14c548982<-904f39be-c3d3-4df4-99c0-2e4526e577e3#0:FAIL-t304, 52743044-8979-4a08-8013-92a14c548982<-65da0c80-3604-4ac2-9a39-ee88d748a153#0:FAIL-t304] and 0 exception(s); 52743044-8979-4a08-8013-92a14c548982@group-146C50BE7901:t304, leader=null, voted=52743044-8979-4a08-8013-92a14c548982, raftlog=52743044-8979-4a08-8013-92a14c548982@group-146C50BE7901-SegmentedRaftLog:OPENED:c-1,f-1,i0, conf=-1: [904f39be-c3d3-4df4-99c0-2e4526e577e3:192.168.157.254:45339, 52743044-8979-4a08-8013-92a14c548982:192.168.157.254:36428, 65da0c80-3604-4ac2-9a39-ee88d748a153:192.168.157.254:37466], old=null
2019-10-16 21:12:13,641 [52743044-8979-4a08-8013-92a14c548982@group-146C50BE7901-LeaderElection252] INFO  impl.RaftServerImpl (RaftServerImpl.java:setRole(184)) - 52743044-8979-4a08-8013-92a14c548982@group-146C50BE7901: changes role from CANDIDATE to FOLLOWER at term 304 for DISCOVERED_A_NEW_TERM
2019-10-16 21:12:13,641 [52743044-8979-4a08-8013-92a14c548982@group-146C50BE7901-LeaderElection252] INFO  impl.RoleInfo (RoleInfo.java:shutdownLeaderElection(134)) - 52743044-8979-4a08-8013-92a14c548982: shutdown LeaderElection
2019-10-16 21:12:13,641 [52743044-8979-4a08-8013-92a14c548982@group-146C50BE7901-LeaderElection252] INFO  impl.RoleInfo (RoleInfo.java:updateAndGet(143)) - 52743044-8979-4a08-8013-92a14c548982: start FollowerState
2019-10-16 21:12:13,699 [Thread-1983] INFO  impl.FollowerState (FollowerState.java:run(108)) - 52743044-8979-4a08-8013-92a14c548982@group-146C50BE7901-FollowerState: change to CANDIDATE, lastRpcTime:57ms, electionTimeout:57ms
2019-10-16 21:12:13,699 [Thread-1983] INFO  impl.RoleInfo (RoleInfo.java:shutdownFollowerState(121)) - 52743044-8979-4a08-8013-92a14c548982: shutdown FollowerState
2019-10-16 21:12:13,699 [Thread-1983] INFO  impl.RaftServerImpl (RaftServerImpl.java:setRole(184)) - 52743044-8979-4a08-8013-92a14c548982@group-146C50BE7901: changes role from  FOLLOWER to CANDIDATE at term 304 for changeToCandidate
2019-10-16 21:12:13,699 [Thread-1983] INFO  impl.RoleInfo (RoleInfo.java:updateAndGet(143)) - 52743044-8979-4a08-8013-92a14c548982: start LeaderElection
2019-10-16 21:12:13,725 [52743044-8979-4a08-8013-92a14c548982@group-146C50BE7901-LeaderElection253] INFO  impl.LeaderElection (LeaderElection.java:askForVotes(178)) - 52743044-8979-4a08-8013-92a14c548982@group-146C50BE7901-LeaderElection253: begin an election at term 305 for -1: [904f39be-c3d3-4df4-99c0-2e4526e577e3:192.168.157.254:45339, 52743044-8979-4a08-8013-92a14c548982:192.168.157.254:36428, 65da0c80-3604-4ac2-9a39-ee88d748a153:192.168.157.254:37466], old=null
2019-10-16 21:12:13,727 [grpc-default-executor-1] INFO  impl.RaftServerImpl (RaftServerImpl.java:setRole(184)) - 904f39be-c3d3-4df4-99c0-2e4526e577e3@group-146C50BE7901: changes role from  FOLLOWER to FOLLOWER at term 305 for recognizeCandidate:52743044-8979-4a08-8013-92a14c548982
2019-10-16 21:12:13,727 [grpc-default-executor-1] INFO  impl.RoleInfo (RoleInfo.java:shutdownFollowerState(121)) - 904f39be-c3d3-4df4-99c0-2e4526e577e3: shutdown FollowerState
2019-10-16 21:12:13,727 [grpc-default-executor-0] INFO  impl.RaftServerImpl (RaftServerImpl.java:setRole(184)) - 65da0c80-3604-4ac2-9a39-ee88d748a153@group-146C50BE7901: changes role from  FOLLOWER to FOLLOWER at term 305 for recognizeCandidate:52743044-8979-4a08-8013-92a14c548982
2019-10-16 21:12:13,727 [Thread-1981] INFO  impl.FollowerState (FollowerState.java:run(117)) - 904f39be-c3d3-4df4-99c0-2e4526e577e3@group-146C50BE7901-FollowerState was interrupted: java.lang.InterruptedException: sleep interrupted
2019-10-16 21:12:13,727 [grpc-default-executor-1] INFO  impl.RoleInfo (RoleInfo.java:updateAndGet(143)) - 904f39be-c3d3-4df4-99c0-2e4526e577e3: start FollowerState
2019-10-16 21:12:13,727 [grpc-default-executor-0] INFO  impl.RoleInfo (RoleInfo.java:shutdownFollowerState(121)) - 65da0c80-3604-4ac2-9a39-ee88d748a153: shutdown FollowerState
2019-10-16 21:12:13,727 [grpc-default-executor-0] INFO  impl.RoleInfo (RoleInfo.java:updateAndGet(143)) - 65da0c80-3604-4ac2-9a39-ee88d748a153: start FollowerState
2019-10-16 21:12:13,727 [Thread-1982] INFO  impl.FollowerState (FollowerState.java:run(117)) - 65da0c80-3604-4ac2-9a39-ee88d748a153@group-146C50BE7901-FollowerState was interrupted: java.lang.InterruptedException: sleep interrupted
2019-10-16 21:12:13,743 [Datanode State Machine Thread - 0] INFO  statemachine.DatanodeStateMachine (DatanodeStateMachine.java:lambda$startDaemon$0(350)) - Ozone container server started.
2019-10-16 21:12:13,759 [Datanode State Machine Thread - 0] INFO  statemachine.DatanodeStateMachine (DatanodeStateMachine.java:lambda$startDaemon$0(350)) - Ozone container server started.
2019-10-16 21:12:13,770 [52743044-8979-4a08-8013-92a14c548982@group-146C50BE7901-LeaderElection253] INFO  impl.LeaderElection (LeaderElection.java:logAndReturn(56)) - 52743044-8979-4a08-8013-92a14c548982@group-146C50BE7901-LeaderElection253: Election TIMEOUT; received 0 response(s) [] and 0 exception(s); 52743044-8979-4a08-8013-92a14c548982@group-146C50BE7901:t305, leader=null, voted=52743044-8979-4a08-8013-92a14c548982, raftlog=52743044-8979-4a08-8013-92a14c548982@group-146C50BE7901-SegmentedRaftLog:OPENED:c-1,f-1,i0, conf=-1: [904f39be-c3d3-4df4-99c0-2e4526e577e3:192.168.157.254:45339, 52743044-8979-4a08-8013-92a14c548982:192.168.157.254:36428, 65da0c80-3604-4ac2-9a39-ee88d748a153:192.168.157.254:37466], old=null
2019-10-16 21:12:13,807 [52743044-8979-4a08-8013-92a14c548982@group-146C50BE7901-LeaderElection253] INFO  impl.LeaderElection (LeaderElection.java:askForVotes(178)) - 52743044-8979-4a08-8013-92a14c548982@group-146C50BE7901-LeaderElection253: begin an election at term 306 for -1: [904f39be-c3d3-4df4-99c0-2e4526e577e3:192.168.157.254:45339, 52743044-8979-4a08-8013-92a14c548982:192.168.157.254:36428, 65da0c80-3604-4ac2-9a39-ee88d748a153:192.168.157.254:37466], old=null
2019-10-16 21:12:13,809 [grpc-default-executor-1] INFO  impl.RaftServerImpl (RaftServerImpl.java:setRole(184)) - 904f39be-c3d3-4df4-99c0-2e4526e577e3@group-146C50BE7901: changes role from  FOLLOWER to FOLLOWER at term 306 for recognizeCandidate:52743044-8979-4a08-8013-92a14c548982
2019-10-16 21:12:13,809 [grpc-default-executor-1] INFO  impl.RoleInfo (RoleInfo.java:shutdownFollowerState(121)) - 904f39be-c3d3-4df4-99c0-2e4526e577e3: shutdown FollowerState
2019-10-16 21:12:13,809 [grpc-default-executor-1] INFO  impl.RoleInfo (RoleInfo.java:updateAndGet(143)) - 904f39be-c3d3-4df4-99c0-2e4526e577e3: start FollowerState
2019-10-16 21:12:13,809 [Thread-1987] INFO  impl.FollowerState (FollowerState.java:run(117)) - 904f39be-c3d3-4df4-99c0-2e4526e577e3@group-146C50BE7901-FollowerState was interrupted: java.lang.InterruptedException: sleep interrupted
2019-10-16 21:12:13,809 [grpc-default-executor-0] INFO  impl.RaftServerImpl (RaftServerImpl.java:setRole(184)) - 65da0c80-3604-4ac2-9a39-ee88d748a153@group-146C50BE7901: changes role from  FOLLOWER to FOLLOWER at term 306 for recognizeCandidate:52743044-8979-4a08-8013-92a14c548982
2019-10-16 21:12:13,809 [grpc-default-executor-0] INFO  impl.RoleInfo (RoleInfo.java:shutdownFollowerState(121)) - 65da0c80-3604-4ac2-9a39-ee88d748a153: shutdown FollowerState
2019-10-16 21:12:13,809 [grpc-default-executor-0] INFO  impl.RoleInfo (RoleInfo.java:updateAndGet(143)) - 65da0c80-3604-4ac2-9a39-ee88d748a153: start FollowerState
2019-10-16 21:12:13,810 [Thread-1988] INFO  impl.FollowerState (FollowerState.java:run(117)) - 65da0c80-3604-4ac2-9a39-ee88d748a153@group-146C50BE7901-FollowerState was interrupted: java.lang.InterruptedException: sleep interrupted
2019-10-16 21:12:13,862 [52743044-8979-4a08-8013-92a14c548982@group-146C50BE7901-LeaderElection253] INFO  impl.LeaderElection (LeaderElection.java:logAndReturn(56)) - 52743044-8979-4a08-8013-92a14c548982@group-146C50BE7901-LeaderElection253: Election REJECTED; received 2 response(s) [52743044-8979-4a08-8013-92a14c548982<-904f39be-c3d3-4df4-99c0-2e4526e577e3#0:FAIL-t306, 52743044-8979-4a08-8013-92a14c548982<-65da0c80-3604-4ac2-9a39-ee88d748a153#0:FAIL-t306] and 0 exception(s); 52743044-8979-4a08-8013-92a14c548982@group-146C50BE7901:t306, leader=null, voted=52743044-8979-4a08-8013-92a14c548982, raftlog=52743044-8979-4a08-8013-92a14c548982@group-146C50BE7901-SegmentedRaftLog:OPENED:c-1,f-1,i0, conf=-1: [904f39be-c3d3-4df4-99c0-2e4526e577e3:192.168.157.254:45339, 52743044-8979-4a08-8013-92a14c548982:192.168.157.254:36428, 65da0c80-3604-4ac2-9a39-ee88d748a153:192.168.157.254:37466], old=null
2019-10-16 21:12:13,862 [52743044-8979-4a08-8013-92a14c548982@group-146C50BE7901-LeaderElection253] INFO  impl.RaftServerImpl (RaftServerImpl.java:setRole(184)) - 52743044-8979-4a08-8013-92a14c548982@group-146C50BE7901: changes role from CANDIDATE to FOLLOWER at term 306 for DISCOVERED_A_NEW_TERM
2019-10-16 21:12:13,862 [52743044-8979-4a08-8013-92a14c548982@group-146C50BE7901-LeaderElection253] INFO  impl.RoleInfo (RoleInfo.java:shutdownLeaderElection(134)) - 52743044-8979-4a08-8013-92a14c548982: shutdown LeaderElection
2019-10-16 21:12:13,862 [52743044-8979-4a08-8013-92a14c548982@group-146C50BE7901-LeaderElection253] INFO  impl.RoleInfo (RoleInfo.java:updateAndGet(143)) - 52743044-8979-4a08-8013-92a14c548982: start FollowerState
2019-10-16 21:12:13,867 [Thread-1993] INFO  impl.FollowerState (FollowerState.java:run(108)) - 52743044-8979-4a08-8013-92a14c548982@group-146C50BE7901-FollowerState: change to CANDIDATE, lastRpcTime:5ms, electionTimeout:5ms
2019-10-16 21:12:13,868 [Thread-1993] INFO  impl.RoleInfo (RoleInfo.java:shutdownFollowerState(121)) - 52743044-8979-4a08-8013-92a14c548982: shutdown FollowerState
2019-10-16 21:12:13,868 [Thread-1993] INFO  impl.RaftServerImpl (RaftServerImpl.java:setRole(184)) - 52743044-8979-4a08-8013-92a14c548982@group-146C50BE7901: changes role from  FOLLOWER to CANDIDATE at term 306 for changeToCandidate
2019-10-16 21:12:13,868 [Thread-1993] INFO  impl.RoleInfo (RoleInfo.java:updateAndGet(143)) - 52743044-8979-4a08-8013-92a14c548982: start LeaderElection
2019-10-16 21:12:13,917 [52743044-8979-4a08-8013-92a14c548982@group-146C50BE7901-LeaderElection254] INFO  impl.LeaderElection (LeaderElection.java:askForVotes(178)) - 52743044-8979-4a08-8013-92a14c548982@group-146C50BE7901-LeaderElection254: begin an election at term 307 for -1: [904f39be-c3d3-4df4-99c0-2e4526e577e3:192.168.157.254:45339, 52743044-8979-4a08-8013-92a14c548982:192.168.157.254:36428, 65da0c80-3604-4ac2-9a39-ee88d748a153:192.168.157.254:37466], old=null
2019-10-16 21:12:13,918 [grpc-default-executor-0] INFO  impl.RaftServerImpl (RaftServerImpl.java:setRole(184)) - 904f39be-c3d3-4df4-99c0-2e4526e577e3@group-146C50BE7901: changes role from  FOLLOWER to FOLLOWER at term 307 for recognizeCandidate:52743044-8979-4a08-8013-92a14c548982
2019-10-16 21:12:13,918 [grpc-default-executor-0] INFO  impl.RoleInfo (RoleInfo.java:shutdownFollowerState(121)) - 904f39be-c3d3-4df4-99c0-2e4526e577e3: shutdown FollowerState
2019-10-16 21:12:13,919 [grpc-default-executor-1] INFO  impl.RaftServerImpl (RaftServerImpl.java:setRole(184)) - 65da0c80-3604-4ac2-9a39-ee88d748a153@group-146C50BE7901: changes role from  FOLLOWER to FOLLOWER at term 307 for recognizeCandidate:52743044-8979-4a08-8013-92a14c548982
2019-10-16 21:12:13,919 [Thread-1991] INFO  impl.FollowerState (FollowerState.java:run(117)) - 904f39be-c3d3-4df4-99c0-2e4526e577e3@group-146C50BE7901-FollowerState was interrupted: java.lang.InterruptedException: sleep interrupted
2019-10-16 21:12:13,919 [grpc-default-executor-0] INFO  impl.RoleInfo (RoleInfo.java:updateAndGet(143)) - 904f39be-c3d3-4df4-99c0-2e4526e577e3: start FollowerState
2019-10-16 21:12:13,919 [grpc-default-executor-1] INFO  impl.RoleInfo (RoleInfo.java:shutdownFollowerState(121)) - 65da0c80-3604-4ac2-9a39-ee88d748a153: shutdown FollowerState
2019-10-16 21:12:13,919 [grpc-default-executor-1] INFO  impl.RoleInfo (RoleInfo.java:updateAndGet(143)) - 65da0c80-3604-4ac2-9a39-ee88d748a153: start FollowerState
2019-10-16 21:12:13,919 [Thread-1992] INFO  impl.FollowerState (FollowerState.java:run(117)) - 65da0c80-3604-4ac2-9a39-ee88d748a153@group-146C50BE7901-FollowerState was interrupted: java.lang.InterruptedException: sleep interrupted
2019-10-16 21:12:13,989 [52743044-8979-4a08-8013-92a14c548982@group-146C50BE7901-LeaderElection254] INFO  impl.LeaderElection (LeaderElection.java:logAndReturn(56)) - 52743044-8979-4a08-8013-92a14c548982@group-146C50BE7901-LeaderElection254: Election REJECTED; received 2 response(s) [52743044-8979-4a08-8013-92a14c548982<-904f39be-c3d3-4df4-99c0-2e4526e577e3#0:FAIL-t307, 52743044-8979-4a08-8013-92a14c548982<-65da0c80-3604-4ac2-9a39-ee88d748a153#0:FAIL-t307] and 0 exception(s); 52743044-8979-4a08-8013-92a14c548982@group-146C50BE7901:t307, leader=null, voted=52743044-8979-4a08-8013-92a14c548982, raftlog=52743044-8979-4a08-8013-92a14c548982@group-146C50BE7901-SegmentedRaftLog:OPENED:c-1,f-1,i0, conf=-1: [904f39be-c3d3-4df4-99c0-2e4526e577e3:192.168.157.254:45339, 52743044-8979-4a08-8013-92a14c548982:192.168.157.254:36428, 65da0c80-3604-4ac2-9a39-ee88d748a153:192.168.157.254:37466], old=null
2019-10-16 21:12:13,990 [52743044-8979-4a08-8013-92a14c548982@group-146C50BE7901-LeaderElection254] INFO  impl.RaftServerImpl (RaftServerImpl.java:setRole(184)) - 52743044-8979-4a08-8013-92a14c548982@group-146C50BE7901: changes role from CANDIDATE to FOLLOWER at term 307 for DISCOVERED_A_NEW_TERM
2019-10-16 21:12:13,990 [52743044-8979-4a08-8013-92a14c548982@group-146C50BE7901-LeaderElection254] INFO  impl.RoleInfo (RoleInfo.java:shutdownLeaderElection(134)) - 52743044-8979-4a08-8013-92a14c548982: shutdown LeaderElection
2019-10-16 21:12:13,990 [52743044-8979-4a08-8013-92a14c548982@group-146C50BE7901-LeaderElection254] INFO  impl.RoleInfo (RoleInfo.java:updateAndGet(143)) - 52743044-8979-4a08-8013-92a14c548982: start FollowerState
2019-10-16 21:12:14,127 [Thread-1999] INFO  impl.FollowerState (FollowerState.java:run(108)) - 52743044-8979-4a08-8013-92a14c548982@group-146C50BE7901-FollowerState: change to CANDIDATE, lastRpcTime:137ms, electionTimeout:137ms
2019-10-16 21:12:14,128 [Thread-1999] INFO  impl.RoleInfo (RoleInfo.java:shutdownFollowerState(121)) - 52743044-8979-4a08-8013-92a14c548982: shutdown FollowerState
2019-10-16 21:12:14,128 [Thread-1999] INFO  impl.RaftServerImpl (RaftServerImpl.java:setRole(184)) - 52743044-8979-4a08-8013-92a14c548982@group-146C50BE7901: changes role from  FOLLOWER to CANDIDATE at term 307 for changeToCandidate
2019-10-16 21:12:14,128 [Thread-1999] INFO  impl.RoleInfo (RoleInfo.java:updateAndGet(143)) - 52743044-8979-4a08-8013-92a14c548982: start LeaderElection
2019-10-16 21:12:14,163 [52743044-8979-4a08-8013-92a14c548982@group-146C50BE7901-LeaderElection255] INFO  impl.LeaderElection (LeaderElection.java:askForVotes(178)) - 52743044-8979-4a08-8013-92a14c548982@group-146C50BE7901-LeaderElection255: begin an election at term 308 for -1: [904f39be-c3d3-4df4-99c0-2e4526e577e3:192.168.157.254:45339, 52743044-8979-4a08-8013-92a14c548982:192.168.157.254:36428, 65da0c80-3604-4ac2-9a39-ee88d748a153:192.168.157.254:37466], old=null
2019-10-16 21:12:14,165 [grpc-default-executor-0] INFO  impl.RaftServerImpl (RaftServerImpl.java:setRole(184)) - 65da0c80-3604-4ac2-9a39-ee88d748a153@group-146C50BE7901: changes role from  FOLLOWER to FOLLOWER at term 308 for recognizeCandidate:52743044-8979-4a08-8013-92a14c548982
2019-10-16 21:12:14,165 [grpc-default-executor-0] INFO  impl.RoleInfo (RoleInfo.java:shutdownFollowerState(121)) - 65da0c80-3604-4ac2-9a39-ee88d748a153: shutdown FollowerState
2019-10-16 21:12:14,165 [grpc-default-executor-1] INFO  impl.RaftServerImpl (RaftServerImpl.java:setRole(184)) - 904f39be-c3d3-4df4-99c0-2e4526e577e3@group-146C50BE7901: changes role from  FOLLOWER to FOLLOWER at term 308 for recognizeCandidate:52743044-8979-4a08-8013-92a14c548982
2019-10-16 21:12:14,165 [Thread-1998] INFO  impl.FollowerState (FollowerState.java:run(117)) - 65da0c80-3604-4ac2-9a39-ee88d748a153@group-146C50BE7901-FollowerState was interrupted: java.lang.InterruptedException: sleep interrupted
2019-10-16 21:12:14,165 [grpc-default-executor-0] INFO  impl.RoleInfo (RoleInfo.java:updateAndGet(143)) - 65da0c80-3604-4ac2-9a39-ee88d748a153: start FollowerState
2019-10-16 21:12:14,165 [grpc-default-executor-1] INFO  impl.RoleInfo (RoleInfo.java:shutdownFollowerState(121)) - 904f39be-c3d3-4df4-99c0-2e4526e577e3: shutdown FollowerState
2019-10-16 21:12:14,165 [grpc-default-executor-1] INFO  impl.RoleInfo (RoleInfo.java:updateAndGet(143)) - 904f39be-c3d3-4df4-99c0-2e4526e577e3: start FollowerState
2019-10-16 21:12:14,166 [Thread-1997] INFO  impl.FollowerState (FollowerState.java:run(117)) - 904f39be-c3d3-4df4-99c0-2e4526e577e3@group-146C50BE7901-FollowerState was interrupted: java.lang.InterruptedException: sleep interrupted
2019-10-16 21:12:14,180 [52743044-8979-4a08-8013-92a14c548982@group-146C50BE7901-LeaderElection255] INFO  impl.LeaderElection (LeaderElection.java:logAndReturn(56)) - 52743044-8979-4a08-8013-92a14c548982@group-146C50BE7901-LeaderElection255: Election REJECTED; received 2 response(s) [52743044-8979-4a08-8013-92a14c548982<-904f39be-c3d3-4df4-99c0-2e4526e577e3#0:FAIL-t308, 52743044-8979-4a08-8013-92a14c548982<-65da0c80-3604-4ac2-9a39-ee88d748a153#0:FAIL-t308] and 0 exception(s); 52743044-8979-4a08-8013-92a14c548982@group-146C50BE7901:t308, leader=null, voted=52743044-8979-4a08-8013-92a14c548982, raftlog=52743044-8979-4a08-8013-92a14c548982@group-146C50BE7901-SegmentedRaftLog:OPENED:c-1,f-1,i0, conf=-1: [904f39be-c3d3-4df4-99c0-2e4526e577e3:192.168.157.254:45339, 52743044-8979-4a08-8013-92a14c548982:192.168.157.254:36428, 65da0c80-3604-4ac2-9a39-ee88d748a153:192.168.157.254:37466], old=null
2019-10-16 21:12:14,180 [52743044-8979-4a08-8013-92a14c548982@group-146C50BE7901-LeaderElection255] INFO  impl.RaftServerImpl (RaftServerImpl.java:setRole(184)) - 52743044-8979-4a08-8013-92a14c548982@group-146C50BE7901: changes role from CANDIDATE to FOLLOWER at term 308 for DISCOVERED_A_NEW_TERM
2019-10-16 21:12:14,180 [52743044-8979-4a08-8013-92a14c548982@group-146C50BE7901-LeaderElection255] INFO  impl.RoleInfo (RoleInfo.java:shutdownLeaderElection(134)) - 52743044-8979-4a08-8013-92a14c548982: shutdown LeaderElection
2019-10-16 21:12:14,180 [52743044-8979-4a08-8013-92a14c548982@group-146C50BE7901-LeaderElection255] INFO  impl.RoleInfo (RoleInfo.java:updateAndGet(143)) - 52743044-8979-4a08-8013-92a14c548982: start FollowerState
2019-10-16 21:12:14,186 [Thread-2005] INFO  impl.FollowerState (FollowerState.java:run(108)) - 52743044-8979-4a08-8013-92a14c548982@group-146C50BE7901-FollowerState: change to CANDIDATE, lastRpcTime:5ms, electionTimeout:5ms
2019-10-16 21:12:14,186 [Thread-2005] INFO  impl.RoleInfo (RoleInfo.java:shutdownFollowerState(121)) - 52743044-8979-4a08-8013-92a14c548982: shutdown FollowerState
2019-10-16 21:12:14,186 [Thread-2005] INFO  impl.RaftServerImpl (RaftServerImpl.java:setRole(184)) - 52743044-8979-4a08-8013-92a14c548982@group-146C50BE7901: changes role from  FOLLOWER to CANDIDATE at term 308 for changeToCandidate
2019-10-16 21:12:14,186 [Thread-2005] INFO  impl.RoleInfo (RoleInfo.java:updateAndGet(143)) - 52743044-8979-4a08-8013-92a14c548982: start LeaderElection
2019-10-16 21:12:14,234 [52743044-8979-4a08-8013-92a14c548982@group-146C50BE7901-LeaderElection256] INFO  impl.LeaderElection (LeaderElection.java:askForVotes(178)) - 52743044-8979-4a08-8013-92a14c548982@group-146C50BE7901-LeaderElection256: begin an election at term 309 for -1: [904f39be-c3d3-4df4-99c0-2e4526e577e3:192.168.157.254:45339, 52743044-8979-4a08-8013-92a14c548982:192.168.157.254:36428, 65da0c80-3604-4ac2-9a39-ee88d748a153:192.168.157.254:37466], old=null
2019-10-16 21:12:14,236 [grpc-default-executor-1] INFO  impl.RaftServerImpl (RaftServerImpl.java:setRole(184)) - 904f39be-c3d3-4df4-99c0-2e4526e577e3@group-146C50BE7901: changes role from  FOLLOWER to FOLLOWER at term 309 for recognizeCandidate:52743044-8979-4a08-8013-92a14c548982
2019-10-16 21:12:14,236 [grpc-default-executor-1] INFO  impl.RoleInfo (RoleInfo.java:shutdownFollowerState(121)) - 904f39be-c3d3-4df4-99c0-2e4526e577e3: shutdown FollowerState
2019-10-16 21:12:14,236 [grpc-default-executor-0] INFO  impl.RaftServerImpl (RaftServerImpl.java:setRole(184)) - 65da0c80-3604-4ac2-9a39-ee88d748a153@group-146C50BE7901: changes role from  FOLLOWER to FOLLOWER at term 309 for recognizeCandidate:52743044-8979-4a08-8013-92a14c548982
2019-10-16 21:12:14,236 [grpc-default-executor-0] INFO  impl.RoleInfo (RoleInfo.java:shutdownFollowerState(121)) - 65da0c80-3604-4ac2-9a39-ee88d748a153: shutdown FollowerState
2019-10-16 21:12:14,236 [Thread-2004] INFO  impl.FollowerState (FollowerState.java:run(117)) - 904f39be-c3d3-4df4-99c0-2e4526e577e3@group-146C50BE7901-FollowerState was interrupted: java.lang.InterruptedException: sleep interrupted
2019-10-16 21:12:14,236 [grpc-default-executor-1] INFO  impl.RoleInfo (RoleInfo.java:updateAndGet(143)) - 904f39be-c3d3-4df4-99c0-2e4526e577e3: start FollowerState
2019-10-16 21:12:14,237 [Thread-2003] INFO  impl.FollowerState (FollowerState.java:run(117)) - 65da0c80-3604-4ac2-9a39-ee88d748a153@group-146C50BE7901-FollowerState was interrupted: java.lang.InterruptedException: sleep interrupted
2019-10-16 21:12:14,237 [grpc-default-executor-0] INFO  impl.RoleInfo (RoleInfo.java:updateAndGet(143)) - 65da0c80-3604-4ac2-9a39-ee88d748a153: start FollowerState
2019-10-16 21:12:14,276 [52743044-8979-4a08-8013-92a14c548982@group-146C50BE7901-LeaderElection256] INFO  impl.LeaderElection (LeaderElection.java:logAndReturn(56)) - 52743044-8979-4a08-8013-92a14c548982@group-146C50BE7901-LeaderElection256: Election REJECTED; received 2 response(s) [52743044-8979-4a08-8013-92a14c548982<-904f39be-c3d3-4df4-99c0-2e4526e577e3#0:FAIL-t309, 52743044-8979-4a08-8013-92a14c548982<-65da0c80-3604-4ac2-9a39-ee88d748a153#0:FAIL-t309] and 0 exception(s); 52743044-8979-4a08-8013-92a14c548982@group-146C50BE7901:t309, leader=null, voted=52743044-8979-4a08-8013-92a14c548982, raftlog=52743044-8979-4a08-8013-92a14c548982@group-146C50BE7901-SegmentedRaftLog:OPENED:c-1,f-1,i0, conf=-1: [904f39be-c3d3-4df4-99c0-2e4526e577e3:192.168.157.254:45339, 52743044-8979-4a08-8013-92a14c548982:192.168.157.254:36428, 65da0c80-3604-4ac2-9a39-ee88d748a153:192.168.157.254:37466], old=null
2019-10-16 21:12:14,276 [52743044-8979-4a08-8013-92a14c548982@group-146C50BE7901-LeaderElection256] INFO  impl.RaftServerImpl (RaftServerImpl.java:setRole(184)) - 52743044-8979-4a08-8013-92a14c548982@group-146C50BE7901: changes role from CANDIDATE to FOLLOWER at term 309 for DISCOVERED_A_NEW_TERM
2019-10-16 21:12:14,276 [52743044-8979-4a08-8013-92a14c548982@group-146C50BE7901-LeaderElection256] INFO  impl.RoleInfo (RoleInfo.java:shutdownLeaderElection(134)) - 52743044-8979-4a08-8013-92a14c548982: shutdown LeaderElection
2019-10-16 21:12:14,276 [52743044-8979-4a08-8013-92a14c548982@group-146C50BE7901-LeaderElection256] INFO  impl.RoleInfo (RoleInfo.java:updateAndGet(143)) - 52743044-8979-4a08-8013-92a14c548982: start FollowerState
2019-10-16 21:12:14,449 [Thread-2011] INFO  impl.FollowerState (FollowerState.java:run(108)) - 52743044-8979-4a08-8013-92a14c548982@group-146C50BE7901-FollowerState: change to CANDIDATE, lastRpcTime:172ms, electionTimeout:172ms
2019-10-16 21:12:14,449 [Thread-2011] INFO  impl.RoleInfo (RoleInfo.java:shutdownFollowerState(121)) - 52743044-8979-4a08-8013-92a14c548982: shutdown FollowerState
2019-10-16 21:12:14,449 [Thread-2011] INFO  impl.RaftServerImpl (RaftServerImpl.java:setRole(184)) - 52743044-8979-4a08-8013-92a14c548982@group-146C50BE7901: changes role from  FOLLOWER to CANDIDATE at term 309 for changeToCandidate
2019-10-16 21:12:14,449 [Thread-2011] INFO  impl.RoleInfo (RoleInfo.java:updateAndGet(143)) - 52743044-8979-4a08-8013-92a14c548982: start LeaderElection
2019-10-16 21:12:14,464 [52743044-8979-4a08-8013-92a14c548982@group-146C50BE7901-LeaderElection257] INFO  impl.LeaderElection (LeaderElection.java:askForVotes(178)) - 52743044-8979-4a08-8013-92a14c548982@group-146C50BE7901-LeaderElection257: begin an election at term 310 for -1: [904f39be-c3d3-4df4-99c0-2e4526e577e3:192.168.157.254:45339, 52743044-8979-4a08-8013-92a14c548982:192.168.157.254:36428, 65da0c80-3604-4ac2-9a39-ee88d748a153:192.168.157.254:37466], old=null
2019-10-16 21:12:14,465 [grpc-default-executor-1] INFO  impl.RaftServerImpl (RaftServerImpl.java:setRole(184)) - 904f39be-c3d3-4df4-99c0-2e4526e577e3@group-146C50BE7901: changes role from  FOLLOWER to FOLLOWER at term 310 for recognizeCandidate:52743044-8979-4a08-8013-92a14c548982
2019-10-16 21:12:14,466 [grpc-default-executor-1] INFO  impl.RoleInfo (RoleInfo.java:shutdownFollowerState(121)) - 904f39be-c3d3-4df4-99c0-2e4526e577e3: shutdown FollowerState
2019-10-16 21:12:14,466 [grpc-default-executor-0] INFO  impl.RaftServerImpl (RaftServerImpl.java:setRole(184)) - 65da0c80-3604-4ac2-9a39-ee88d748a153@group-146C50BE7901: changes role from  FOLLOWER to FOLLOWER at term 310 for recognizeCandidate:52743044-8979-4a08-8013-92a14c548982
2019-10-16 21:12:14,466 [grpc-default-executor-0] INFO  impl.RoleInfo (RoleInfo.java:shutdownFollowerState(121)) - 65da0c80-3604-4ac2-9a39-ee88d748a153: shutdown FollowerState
2019-10-16 21:12:14,466 [grpc-default-executor-1] INFO  impl.RoleInfo (RoleInfo.java:updateAndGet(143)) - 904f39be-c3d3-4df4-99c0-2e4526e577e3: start FollowerState
2019-10-16 21:12:14,466 [Thread-2009] INFO  impl.FollowerState (FollowerState.java:run(117)) - 904f39be-c3d3-4df4-99c0-2e4526e577e3@group-146C50BE7901-FollowerState was interrupted: java.lang.InterruptedException: sleep interrupted
2019-10-16 21:12:14,466 [Thread-2010] INFO  impl.FollowerState (FollowerState.java:run(117)) - 65da0c80-3604-4ac2-9a39-ee88d748a153@group-146C50BE7901-FollowerState was interrupted: java.lang.InterruptedException: sleep interrupted
2019-10-16 21:12:14,466 [grpc-default-executor-0] INFO  impl.RoleInfo (RoleInfo.java:updateAndGet(143)) - 65da0c80-3604-4ac2-9a39-ee88d748a153: start FollowerState
2019-10-16 21:12:14,517 [52743044-8979-4a08-8013-92a14c548982@group-146C50BE7901-LeaderElection257] INFO  impl.LeaderElection (LeaderElection.java:logAndReturn(56)) - 52743044-8979-4a08-8013-92a14c548982@group-146C50BE7901-LeaderElection257: Election REJECTED; received 2 response(s) [52743044-8979-4a08-8013-92a14c548982<-904f39be-c3d3-4df4-99c0-2e4526e577e3#0:FAIL-t310, 52743044-8979-4a08-8013-92a14c548982<-65da0c80-3604-4ac2-9a39-ee88d748a153#0:FAIL-t310] and 0 exception(s); 52743044-8979-4a08-8013-92a14c548982@group-146C50BE7901:t310, leader=null, voted=52743044-8979-4a08-8013-92a14c548982, raftlog=52743044-8979-4a08-8013-92a14c548982@group-146C50BE7901-SegmentedRaftLog:OPENED:c-1,f-1,i0, conf=-1: [904f39be-c3d3-4df4-99c0-2e4526e577e3:192.168.157.254:45339, 52743044-8979-4a08-8013-92a14c548982:192.168.157.254:36428, 65da0c80-3604-4ac2-9a39-ee88d748a153:192.168.157.254:37466], old=null
2019-10-16 21:12:14,517 [52743044-8979-4a08-8013-92a14c548982@group-146C50BE7901-LeaderElection257] INFO  impl.RaftServerImpl (RaftServerImpl.java:setRole(184)) - 52743044-8979-4a08-8013-92a14c548982@group-146C50BE7901: changes role from CANDIDATE to FOLLOWER at term 310 for DISCOVERED_A_NEW_TERM
2019-10-16 21:12:14,517 [52743044-8979-4a08-8013-92a14c548982@group-146C50BE7901-LeaderElection257] INFO  impl.RoleInfo (RoleInfo.java:shutdownLeaderElection(134)) - 52743044-8979-4a08-8013-92a14c548982: shutdown LeaderElection
2019-10-16 21:12:14,517 [52743044-8979-4a08-8013-92a14c548982@group-146C50BE7901-LeaderElection257] INFO  impl.RoleInfo (RoleInfo.java:updateAndGet(143)) - 52743044-8979-4a08-8013-92a14c548982: start FollowerState
2019-10-16 21:12:14,583 [Thread-2017] INFO  impl.FollowerState (FollowerState.java:run(108)) - 52743044-8979-4a08-8013-92a14c548982@group-146C50BE7901-FollowerState: change to CANDIDATE, lastRpcTime:66ms, electionTimeout:66ms
2019-10-16 21:12:14,584 [Thread-2017] INFO  impl.RoleInfo (RoleInfo.java:shutdownFollowerState(121)) - 52743044-8979-4a08-8013-92a14c548982: shutdown FollowerState
2019-10-16 21:12:14,584 [Thread-2017] INFO  impl.RaftServerImpl (RaftServerImpl.java:setRole(184)) - 52743044-8979-4a08-8013-92a14c548982@group-146C50BE7901: changes role from  FOLLOWER to CANDIDATE at term 310 for changeToCandidate
2019-10-16 21:12:14,584 [Thread-2017] INFO  impl.RoleInfo (RoleInfo.java:updateAndGet(143)) - 52743044-8979-4a08-8013-92a14c548982: start LeaderElection
2019-10-16 21:12:14,598 [52743044-8979-4a08-8013-92a14c548982@group-146C50BE7901-LeaderElection258] INFO  impl.LeaderElection (LeaderElection.java:askForVotes(178)) - 52743044-8979-4a08-8013-92a14c548982@group-146C50BE7901-LeaderElection258: begin an election at term 311 for -1: [904f39be-c3d3-4df4-99c0-2e4526e577e3:192.168.157.254:45339, 52743044-8979-4a08-8013-92a14c548982:192.168.157.254:36428, 65da0c80-3604-4ac2-9a39-ee88d748a153:192.168.157.254:37466], old=null
2019-10-16 21:12:14,600 [grpc-default-executor-1] INFO  impl.RaftServerImpl (RaftServerImpl.java:setRole(184)) - 904f39be-c3d3-4df4-99c0-2e4526e577e3@group-146C50BE7901: changes role from  FOLLOWER to FOLLOWER at term 311 for recognizeCandidate:52743044-8979-4a08-8013-92a14c548982
2019-10-16 21:12:14,600 [grpc-default-executor-0] INFO  impl.RaftServerImpl (RaftServerImpl.java:setRole(184)) - 65da0c80-3604-4ac2-9a39-ee88d748a153@group-146C50BE7901: changes role from  FOLLOWER to FOLLOWER at term 311 for recognizeCandidate:52743044-8979-4a08-8013-92a14c548982
2019-10-16 21:12:14,600 [grpc-default-executor-0] INFO  impl.RoleInfo (RoleInfo.java:shutdownFollowerState(121)) - 65da0c80-3604-4ac2-9a39-ee88d748a153: shutdown FollowerState
2019-10-16 21:12:14,600 [grpc-default-executor-1] INFO  impl.RoleInfo (RoleInfo.java:shutdownFollowerState(121)) - 904f39be-c3d3-4df4-99c0-2e4526e577e3: shutdown FollowerState
2019-10-16 21:12:14,600 [Thread-2016] INFO  impl.FollowerState (FollowerState.java:run(117)) - 65da0c80-3604-4ac2-9a39-ee88d748a153@group-146C50BE7901-FollowerState was interrupted: java.lang.InterruptedException: sleep interrupted
2019-10-16 21:12:14,600 [grpc-default-executor-0] INFO  impl.RoleInfo (RoleInfo.java:updateAndGet(143)) - 65da0c80-3604-4ac2-9a39-ee88d748a153: start FollowerState
2019-10-16 21:12:14,601 [Thread-2015] INFO  impl.FollowerState (FollowerState.java:run(117)) - 904f39be-c3d3-4df4-99c0-2e4526e577e3@group-146C50BE7901-FollowerState was interrupted: java.lang.InterruptedException: sleep interrupted
2019-10-16 21:12:14,601 [grpc-default-executor-1] INFO  impl.RoleInfo (RoleInfo.java:updateAndGet(143)) - 904f39be-c3d3-4df4-99c0-2e4526e577e3: start FollowerState
2019-10-16 21:12:14,615 [52743044-8979-4a08-8013-92a14c548982@group-146C50BE7901-LeaderElection258] INFO  impl.LeaderElection (LeaderElection.java:logAndReturn(56)) - 52743044-8979-4a08-8013-92a14c548982@group-146C50BE7901-LeaderElection258: Election REJECTED; received 2 response(s) [52743044-8979-4a08-8013-92a14c548982<-904f39be-c3d3-4df4-99c0-2e4526e577e3#0:FAIL-t311, 52743044-8979-4a08-8013-92a14c548982<-65da0c80-3604-4ac2-9a39-ee88d748a153#0:FAIL-t311] and 0 exception(s); 52743044-8979-4a08-8013-92a14c548982@group-146C50BE7901:t311, leader=null, voted=52743044-8979-4a08-8013-92a14c548982, raftlog=52743044-8979-4a08-8013-92a14c548982@group-146C50BE7901-SegmentedRaftLog:OPENED:c-1,f-1,i0, conf=-1: [904f39be-c3d3-4df4-99c0-2e4526e577e3:192.168.157.254:45339, 52743044-8979-4a08-8013-92a14c548982:192.168.157.254:36428, 65da0c80-3604-4ac2-9a39-ee88d748a153:192.168.157.254:37466], old=null
2019-10-16 21:12:14,616 [52743044-8979-4a08-8013-92a14c548982@group-146C50BE7901-LeaderElection258] INFO  impl.RaftServerImpl (RaftServerImpl.java:setRole(184)) - 52743044-8979-4a08-8013-92a14c548982@group-146C50BE7901: changes role from CANDIDATE to FOLLOWER at term 311 for DISCOVERED_A_NEW_TERM
2019-10-16 21:12:14,616 [52743044-8979-4a08-8013-92a14c548982@group-146C50BE7901-LeaderElection258] INFO  impl.RoleInfo (RoleInfo.java:shutdownLeaderElection(134)) - 52743044-8979-4a08-8013-92a14c548982: shutdown LeaderElection
2019-10-16 21:12:14,616 [52743044-8979-4a08-8013-92a14c548982@group-146C50BE7901-LeaderElection258] INFO  impl.RoleInfo (RoleInfo.java:updateAndGet(143)) - 52743044-8979-4a08-8013-92a14c548982: start FollowerState
2019-10-16 21:12:14,771 [Thread-2026] INFO  impl.FollowerState (FollowerState.java:run(108)) - 52743044-8979-4a08-8013-92a14c548982@group-146C50BE7901-FollowerState: change to CANDIDATE, lastRpcTime:155ms, electionTimeout:155ms
2019-10-16 21:12:14,771 [Thread-2026] INFO  impl.RoleInfo (RoleInfo.java:shutdownFollowerState(121)) - 52743044-8979-4a08-8013-92a14c548982: shutdown FollowerState
2019-10-16 21:12:14,771 [Thread-2026] INFO  impl.RaftServerImpl (RaftServerImpl.java:setRole(184)) - 52743044-8979-4a08-8013-92a14c548982@group-146C50BE7901: changes role from  FOLLOWER to CANDIDATE at term 311 for changeToCandidate
2019-10-16 21:12:14,772 [Thread-2026] INFO  impl.RoleInfo (RoleInfo.java:updateAndGet(143)) - 52743044-8979-4a08-8013-92a14c548982: start LeaderElection
2019-10-16 21:12:14,809 [52743044-8979-4a08-8013-92a14c548982@group-146C50BE7901-LeaderElection259] INFO  impl.LeaderElection (LeaderElection.java:askForVotes(178)) - 52743044-8979-4a08-8013-92a14c548982@group-146C50BE7901-LeaderElection259: begin an election at term 312 for -1: [904f39be-c3d3-4df4-99c0-2e4526e577e3:192.168.157.254:45339, 52743044-8979-4a08-8013-92a14c548982:192.168.157.254:36428, 65da0c80-3604-4ac2-9a39-ee88d748a153:192.168.157.254:37466], old=null
2019-10-16 21:12:14,811 [grpc-default-executor-1] INFO  impl.RaftServerImpl (RaftServerImpl.java:setRole(184)) - 904f39be-c3d3-4df4-99c0-2e4526e577e3@group-146C50BE7901: changes role from  FOLLOWER to FOLLOWER at term 312 for recognizeCandidate:52743044-8979-4a08-8013-92a14c548982
2019-10-16 21:12:14,811 [grpc-default-executor-1] INFO  impl.RoleInfo (RoleInfo.java:shutdownFollowerState(121)) - 904f39be-c3d3-4df4-99c0-2e4526e577e3: shutdown FollowerState
2019-10-16 21:12:14,811 [grpc-default-executor-0] INFO  impl.RaftServerImpl (RaftServerImpl.java:setRole(184)) - 65da0c80-3604-4ac2-9a39-ee88d748a153@group-146C50BE7901: changes role from  FOLLOWER to FOLLOWER at term 312 for recognizeCandidate:52743044-8979-4a08-8013-92a14c548982
2019-10-16 21:12:14,812 [grpc-default-executor-0] INFO  impl.RoleInfo (RoleInfo.java:shutdownFollowerState(121)) - 65da0c80-3604-4ac2-9a39-ee88d748a153: shutdown FollowerState
2019-10-16 21:12:14,812 [grpc-default-executor-1] INFO  impl.RoleInfo (RoleInfo.java:updateAndGet(143)) - 904f39be-c3d3-4df4-99c0-2e4526e577e3: start FollowerState
2019-10-16 21:12:14,812 [Thread-2025] INFO  impl.FollowerState (FollowerState.java:run(117)) - 904f39be-c3d3-4df4-99c0-2e4526e577e3@group-146C50BE7901-FollowerState was interrupted: java.lang.InterruptedException: sleep interrupted
2019-10-16 21:12:14,812 [Thread-2024] INFO  impl.FollowerState (FollowerState.java:run(117)) - 65da0c80-3604-4ac2-9a39-ee88d748a153@group-146C50BE7901-FollowerState was interrupted: java.lang.InterruptedException: sleep interrupted
2019-10-16 21:12:14,812 [grpc-default-executor-0] INFO  impl.RoleInfo (RoleInfo.java:updateAndGet(143)) - 65da0c80-3604-4ac2-9a39-ee88d748a153: start FollowerState
2019-10-16 21:12:14,828 [52743044-8979-4a08-8013-92a14c548982@group-146C50BE7901-LeaderElection259] INFO  impl.LeaderElection (LeaderElection.java:logAndReturn(56)) - 52743044-8979-4a08-8013-92a14c548982@group-146C50BE7901-LeaderElection259: Election REJECTED; received 2 response(s) [52743044-8979-4a08-8013-92a14c548982<-904f39be-c3d3-4df4-99c0-2e4526e577e3#0:FAIL-t312, 52743044-8979-4a08-8013-92a14c548982<-65da0c80-3604-4ac2-9a39-ee88d748a153#0:FAIL-t312] and 0 exception(s); 52743044-8979-4a08-8013-92a14c548982@group-146C50BE7901:t312, leader=null, voted=52743044-8979-4a08-8013-92a14c548982, raftlog=52743044-8979-4a08-8013-92a14c548982@group-146C50BE7901-SegmentedRaftLog:OPENED:c-1,f-1,i0, conf=-1: [904f39be-c3d3-4df4-99c0-2e4526e577e3:192.168.157.254:45339, 52743044-8979-4a08-8013-92a14c548982:192.168.157.254:36428, 65da0c80-3604-4ac2-9a39-ee88d748a153:192.168.157.254:37466], old=null
2019-10-16 21:12:14,828 [52743044-8979-4a08-8013-92a14c548982@group-146C50BE7901-LeaderElection259] INFO  impl.RaftServerImpl (RaftServerImpl.java:setRole(184)) - 52743044-8979-4a08-8013-92a14c548982@group-146C50BE7901: changes role from CANDIDATE to FOLLOWER at term 312 for DISCOVERED_A_NEW_TERM
2019-10-16 21:12:14,828 [52743044-8979-4a08-8013-92a14c548982@group-146C50BE7901-LeaderElection259] INFO  impl.RoleInfo (RoleInfo.java:shutdownLeaderElection(134)) - 52743044-8979-4a08-8013-92a14c548982: shutdown LeaderElection
2019-10-16 21:12:14,828 [52743044-8979-4a08-8013-92a14c548982@group-146C50BE7901-LeaderElection259] INFO  impl.RoleInfo (RoleInfo.java:updateAndGet(143)) - 52743044-8979-4a08-8013-92a14c548982: start FollowerState
2019-10-16 21:12:14,848 [Thread-2032] INFO  impl.FollowerState (FollowerState.java:run(108)) - 52743044-8979-4a08-8013-92a14c548982@group-146C50BE7901-FollowerState: change to CANDIDATE, lastRpcTime:19ms, electionTimeout:19ms
2019-10-16 21:12:14,848 [Thread-2032] INFO  impl.RoleInfo (RoleInfo.java:shutdownFollowerState(121)) - 52743044-8979-4a08-8013-92a14c548982: shutdown FollowerState
2019-10-16 21:12:14,848 [Thread-2032] INFO  impl.RaftServerImpl (RaftServerImpl.java:setRole(184)) - 52743044-8979-4a08-8013-92a14c548982@group-146C50BE7901: changes role from  FOLLOWER to CANDIDATE at term 312 for changeToCandidate
2019-10-16 21:12:14,848 [Thread-2032] INFO  impl.RoleInfo (RoleInfo.java:updateAndGet(143)) - 52743044-8979-4a08-8013-92a14c548982: start LeaderElection
2019-10-16 21:12:14,861 [52743044-8979-4a08-8013-92a14c548982@group-146C50BE7901-LeaderElection260] INFO  impl.LeaderElection (LeaderElection.java:askForVotes(178)) - 52743044-8979-4a08-8013-92a14c548982@group-146C50BE7901-LeaderElection260: begin an election at term 313 for -1: [904f39be-c3d3-4df4-99c0-2e4526e577e3:192.168.157.254:45339, 52743044-8979-4a08-8013-92a14c548982:192.168.157.254:36428, 65da0c80-3604-4ac2-9a39-ee88d748a153:192.168.157.254:37466], old=null
2019-10-16 21:12:14,863 [grpc-default-executor-1] INFO  impl.RaftServerImpl (RaftServerImpl.java:setRole(184)) - 904f39be-c3d3-4df4-99c0-2e4526e577e3@group-146C50BE7901: changes role from  FOLLOWER to FOLLOWER at term 313 for recognizeCandidate:52743044-8979-4a08-8013-92a14c548982
2019-10-16 21:12:14,863 [grpc-default-executor-1] INFO  impl.RoleInfo (RoleInfo.java:shutdownFollowerState(121)) - 904f39be-c3d3-4df4-99c0-2e4526e577e3: shutdown FollowerState
2019-10-16 21:12:14,863 [grpc-default-executor-0] INFO  impl.RaftServerImpl (RaftServerImpl.java:setRole(184)) - 65da0c80-3604-4ac2-9a39-ee88d748a153@group-146C50BE7901: changes role from  FOLLOWER to FOLLOWER at term 313 for recognizeCandidate:52743044-8979-4a08-8013-92a14c548982
2019-10-16 21:12:14,863 [Thread-2030] INFO  impl.FollowerState (FollowerState.java:run(117)) - 904f39be-c3d3-4df4-99c0-2e4526e577e3@group-146C50BE7901-FollowerState was interrupted: java.lang.InterruptedException: sleep interrupted
2019-10-16 21:12:14,863 [grpc-default-executor-1] INFO  impl.RoleInfo (RoleInfo.java:updateAndGet(143)) - 904f39be-c3d3-4df4-99c0-2e4526e577e3: start FollowerState
2019-10-16 21:12:14,863 [grpc-default-executor-0] INFO  impl.RoleInfo (RoleInfo.java:shutdownFollowerState(121)) - 65da0c80-3604-4ac2-9a39-ee88d748a153: shutdown FollowerState
2019-10-16 21:12:14,864 [grpc-default-executor-0] INFO  impl.RoleInfo (RoleInfo.java:updateAndGet(143)) - 65da0c80-3604-4ac2-9a39-ee88d748a153: start FollowerState
2019-10-16 21:12:14,864 [Thread-2031] INFO  impl.FollowerState (FollowerState.java:run(117)) - 65da0c80-3604-4ac2-9a39-ee88d748a153@group-146C50BE7901-FollowerState was interrupted: java.lang.InterruptedException: sleep interrupted
2019-10-16 21:12:14,864 [52743044-8979-4a08-8013-92a14c548982@group-146C50BE7901-LeaderElection260] INFO  impl.LeaderElection (LeaderElection.java:logAndReturn(56)) - 52743044-8979-4a08-8013-92a14c548982@group-146C50BE7901-LeaderElection260: Election TIMEOUT; received 0 response(s) [] and 0 exception(s); 52743044-8979-4a08-8013-92a14c548982@group-146C50BE7901:t313, leader=null, voted=52743044-8979-4a08-8013-92a14c548982, raftlog=52743044-8979-4a08-8013-92a14c548982@group-146C50BE7901-SegmentedRaftLog:OPENED:c-1,f-1,i0, conf=-1: [904f39be-c3d3-4df4-99c0-2e4526e577e3:192.168.157.254:45339, 52743044-8979-4a08-8013-92a14c548982:192.168.157.254:36428, 65da0c80-3604-4ac2-9a39-ee88d748a153:192.168.157.254:37466], old=null
2019-10-16 21:12:14,903 [52743044-8979-4a08-8013-92a14c548982@group-146C50BE7901-LeaderElection260] INFO  impl.LeaderElection (LeaderElection.java:askForVotes(178)) - 52743044-8979-4a08-8013-92a14c548982@group-146C50BE7901-LeaderElection260: begin an election at term 314 for -1: [904f39be-c3d3-4df4-99c0-2e4526e577e3:192.168.157.254:45339, 52743044-8979-4a08-8013-92a14c548982:192.168.157.254:36428, 65da0c80-3604-4ac2-9a39-ee88d748a153:192.168.157.254:37466], old=null
2019-10-16 21:12:14,905 [grpc-default-executor-0] INFO  impl.RaftServerImpl (RaftServerImpl.java:setRole(184)) - 904f39be-c3d3-4df4-99c0-2e4526e577e3@group-146C50BE7901: changes role from  FOLLOWER to FOLLOWER at term 314 for recognizeCandidate:52743044-8979-4a08-8013-92a14c548982
2019-10-16 21:12:14,905 [grpc-default-executor-1] INFO  impl.RaftServerImpl (RaftServerImpl.java:setRole(184)) - 65da0c80-3604-4ac2-9a39-ee88d748a153@group-146C50BE7901: changes role from  FOLLOWER to FOLLOWER at term 314 for recognizeCandidate:52743044-8979-4a08-8013-92a14c548982
2019-10-16 21:12:14,905 [grpc-default-executor-1] INFO  impl.RoleInfo (RoleInfo.java:shutdownFollowerState(121)) - 65da0c80-3604-4ac2-9a39-ee88d748a153: shutdown FollowerState
2019-10-16 21:12:14,905 [grpc-default-executor-0] INFO  impl.RoleInfo (RoleInfo.java:shutdownFollowerState(121)) - 904f39be-c3d3-4df4-99c0-2e4526e577e3: shutdown FollowerState
2019-10-16 21:12:14,905 [Thread-2037] INFO  impl.FollowerState (FollowerState.java:run(117)) - 65da0c80-3604-4ac2-9a39-ee88d748a153@group-146C50BE7901-FollowerState was interrupted: java.lang.InterruptedException: sleep interrupted
2019-10-16 21:12:14,905 [grpc-default-executor-1] INFO  impl.RoleInfo (RoleInfo.java:updateAndGet(143)) - 65da0c80-3604-4ac2-9a39-ee88d748a153: start FollowerState
2019-10-16 21:12:14,906 [grpc-default-executor-0] INFO  impl.RoleInfo (RoleInfo.java:updateAndGet(143)) - 904f39be-c3d3-4df4-99c0-2e4526e577e3: start FollowerState
2019-10-16 21:12:14,906 [Thread-2036] INFO  impl.FollowerState (FollowerState.java:run(117)) - 904f39be-c3d3-4df4-99c0-2e4526e577e3@group-146C50BE7901-FollowerState was interrupted: java.lang.InterruptedException: sleep interrupted
2019-10-16 21:12:14,963 [52743044-8979-4a08-8013-92a14c548982@group-146C50BE7901-LeaderElection260] INFO  impl.LeaderElection (LeaderElection.java:logAndReturn(56)) - 52743044-8979-4a08-8013-92a14c548982@group-146C50BE7901-LeaderElection260: Election REJECTED; received 2 response(s) [52743044-8979-4a08-8013-92a14c548982<-904f39be-c3d3-4df4-99c0-2e4526e577e3#0:FAIL-t314, 52743044-8979-4a08-8013-92a14c548982<-65da0c80-3604-4ac2-9a39-ee88d748a153#0:FAIL-t314] and 0 exception(s); 52743044-8979-4a08-8013-92a14c548982@group-146C50BE7901:t314, leader=null, voted=52743044-8979-4a08-8013-92a14c548982, raftlog=52743044-8979-4a08-8013-92a14c548982@group-146C50BE7901-SegmentedRaftLog:OPENED:c-1,f-1,i0, conf=-1: [904f39be-c3d3-4df4-99c0-2e4526e577e3:192.168.157.254:45339, 52743044-8979-4a08-8013-92a14c548982:192.168.157.254:36428, 65da0c80-3604-4ac2-9a39-ee88d748a153:192.168.157.254:37466], old=null
2019-10-16 21:12:14,964 [52743044-8979-4a08-8013-92a14c548982@group-146C50BE7901-LeaderElection260] INFO  impl.RaftServerImpl (RaftServerImpl.java:setRole(184)) - 52743044-8979-4a08-8013-92a14c548982@group-146C50BE7901: changes role from CANDIDATE to FOLLOWER at term 314 for DISCOVERED_A_NEW_TERM
2019-10-16 21:12:14,964 [52743044-8979-4a08-8013-92a14c548982@group-146C50BE7901-LeaderElection260] INFO  impl.RoleInfo (RoleInfo.java:shutdownLeaderElection(134)) - 52743044-8979-4a08-8013-92a14c548982: shutdown LeaderElection
2019-10-16 21:12:14,964 [52743044-8979-4a08-8013-92a14c548982@group-146C50BE7901-LeaderElection260] INFO  impl.RoleInfo (RoleInfo.java:updateAndGet(143)) - 52743044-8979-4a08-8013-92a14c548982: start FollowerState
2019-10-16 21:12:15,157 [Thread-2042] INFO  impl.FollowerState (FollowerState.java:run(108)) - 52743044-8979-4a08-8013-92a14c548982@group-146C50BE7901-FollowerState: change to CANDIDATE, lastRpcTime:193ms, electionTimeout:193ms
2019-10-16 21:12:15,158 [Thread-2042] INFO  impl.RoleInfo (RoleInfo.java:shutdownFollowerState(121)) - 52743044-8979-4a08-8013-92a14c548982: shutdown FollowerState
2019-10-16 21:12:15,158 [Thread-2042] INFO  impl.RaftServerImpl (RaftServerImpl.java:setRole(184)) - 52743044-8979-4a08-8013-92a14c548982@group-146C50BE7901: changes role from  FOLLOWER to CANDIDATE at term 314 for changeToCandidate
2019-10-16 21:12:15,158 [Thread-2042] INFO  impl.RoleInfo (RoleInfo.java:updateAndGet(143)) - 52743044-8979-4a08-8013-92a14c548982: start LeaderElection
2019-10-16 21:12:15,172 [52743044-8979-4a08-8013-92a14c548982@group-146C50BE7901-LeaderElection261] INFO  impl.LeaderElection (LeaderElection.java:askForVotes(178)) - 52743044-8979-4a08-8013-92a14c548982@group-146C50BE7901-LeaderElection261: begin an election at term 315 for -1: [904f39be-c3d3-4df4-99c0-2e4526e577e3:192.168.157.254:45339, 52743044-8979-4a08-8013-92a14c548982:192.168.157.254:36428, 65da0c80-3604-4ac2-9a39-ee88d748a153:192.168.157.254:37466], old=null
2019-10-16 21:12:15,174 [grpc-default-executor-1] INFO  impl.RaftServerImpl (RaftServerImpl.java:setRole(184)) - 904f39be-c3d3-4df4-99c0-2e4526e577e3@group-146C50BE7901: changes role from  FOLLOWER to FOLLOWER at term 315 for recognizeCandidate:52743044-8979-4a08-8013-92a14c548982
2019-10-16 21:12:15,174 [grpc-default-executor-1] INFO  impl.RoleInfo (RoleInfo.java:shutdownFollowerState(121)) - 904f39be-c3d3-4df4-99c0-2e4526e577e3: shutdown FollowerState
2019-10-16 21:12:15,174 [grpc-default-executor-0] INFO  impl.RaftServerImpl (RaftServerImpl.java:setRole(184)) - 65da0c80-3604-4ac2-9a39-ee88d748a153@group-146C50BE7901: changes role from  FOLLOWER to FOLLOWER at term 315 for recognizeCandidate:52743044-8979-4a08-8013-92a14c548982
2019-10-16 21:12:15,175 [Thread-2041] INFO  impl.FollowerState (FollowerState.java:run(117)) - 904f39be-c3d3-4df4-99c0-2e4526e577e3@group-146C50BE7901-FollowerState was interrupted: java.lang.InterruptedException: sleep interrupted
2019-10-16 21:12:15,175 [grpc-default-executor-1] INFO  impl.RoleInfo (RoleInfo.java:updateAndGet(143)) - 904f39be-c3d3-4df4-99c0-2e4526e577e3: start FollowerState
2019-10-16 21:12:15,175 [grpc-default-executor-0] INFO  impl.RoleInfo (RoleInfo.java:shutdownFollowerState(121)) - 65da0c80-3604-4ac2-9a39-ee88d748a153: shutdown FollowerState
2019-10-16 21:12:15,175 [grpc-default-executor-0] INFO  impl.RoleInfo (RoleInfo.java:updateAndGet(143)) - 65da0c80-3604-4ac2-9a39-ee88d748a153: start FollowerState
2019-10-16 21:12:15,175 [Thread-2040] INFO  impl.FollowerState (FollowerState.java:run(117)) - 65da0c80-3604-4ac2-9a39-ee88d748a153@group-146C50BE7901-FollowerState was interrupted: java.lang.InterruptedException: sleep interrupted
2019-10-16 21:12:15,209 [52743044-8979-4a08-8013-92a14c548982@group-146C50BE7901-LeaderElection261] INFO  impl.LeaderElection (LeaderElection.java:logAndReturn(56)) - 52743044-8979-4a08-8013-92a14c548982@group-146C50BE7901-LeaderElection261: Election REJECTED; received 2 response(s) [52743044-8979-4a08-8013-92a14c548982<-904f39be-c3d3-4df4-99c0-2e4526e577e3#0:FAIL-t315, 52743044-8979-4a08-8013-92a14c548982<-65da0c80-3604-4ac2-9a39-ee88d748a153#0:FAIL-t315] and 0 exception(s); 52743044-8979-4a08-8013-92a14c548982@group-146C50BE7901:t315, leader=null, voted=52743044-8979-4a08-8013-92a14c548982, raftlog=52743044-8979-4a08-8013-92a14c548982@group-146C50BE7901-SegmentedRaftLog:OPENED:c-1,f-1,i0, conf=-1: [904f39be-c3d3-4df4-99c0-2e4526e577e3:192.168.157.254:45339, 52743044-8979-4a08-8013-92a14c548982:192.168.157.254:36428, 65da0c80-3604-4ac2-9a39-ee88d748a153:192.168.157.254:37466], old=null
2019-10-16 21:12:15,209 [52743044-8979-4a08-8013-92a14c548982@group-146C50BE7901-LeaderElection261] INFO  impl.RaftServerImpl (RaftServerImpl.java:setRole(184)) - 52743044-8979-4a08-8013-92a14c548982@group-146C50BE7901: changes role from CANDIDATE to FOLLOWER at term 315 for DISCOVERED_A_NEW_TERM
2019-10-16 21:12:15,209 [52743044-8979-4a08-8013-92a14c548982@group-146C50BE7901-LeaderElection261] INFO  impl.RoleInfo (RoleInfo.java:shutdownLeaderElection(134)) - 52743044-8979-4a08-8013-92a14c548982: shutdown LeaderElection
2019-10-16 21:12:15,209 [52743044-8979-4a08-8013-92a14c548982@group-146C50BE7901-LeaderElection261] INFO  impl.RoleInfo (RoleInfo.java:updateAndGet(143)) - 52743044-8979-4a08-8013-92a14c548982: start FollowerState
2019-10-16 21:12:15,235 [Thread-2048] INFO  impl.FollowerState (FollowerState.java:run(108)) - 52743044-8979-4a08-8013-92a14c548982@group-146C50BE7901-FollowerState: change to CANDIDATE, lastRpcTime:26ms, electionTimeout:26ms
2019-10-16 21:12:15,236 [Thread-2048] INFO  impl.RoleInfo (RoleInfo.java:shutdownFollowerState(121)) - 52743044-8979-4a08-8013-92a14c548982: shutdown FollowerState
2019-10-16 21:12:15,236 [Thread-2048] INFO  impl.RaftServerImpl (RaftServerImpl.java:setRole(184)) - 52743044-8979-4a08-8013-92a14c548982@group-146C50BE7901: changes role from  FOLLOWER to CANDIDATE at term 315 for changeToCandidate
2019-10-16 21:12:15,236 [Thread-2048] INFO  impl.RoleInfo (RoleInfo.java:updateAndGet(143)) - 52743044-8979-4a08-8013-92a14c548982: start LeaderElection
2019-10-16 21:12:15,288 [52743044-8979-4a08-8013-92a14c548982@group-146C50BE7901-LeaderElection262] INFO  impl.LeaderElection (LeaderElection.java:askForVotes(178)) - 52743044-8979-4a08-8013-92a14c548982@group-146C50BE7901-LeaderElection262: begin an election at term 316 for -1: [904f39be-c3d3-4df4-99c0-2e4526e577e3:192.168.157.254:45339, 52743044-8979-4a08-8013-92a14c548982:192.168.157.254:36428, 65da0c80-3604-4ac2-9a39-ee88d748a153:192.168.157.254:37466], old=null
2019-10-16 21:12:15,289 [grpc-default-executor-1] INFO  impl.RaftServerImpl (RaftServerImpl.java:setRole(184)) - 904f39be-c3d3-4df4-99c0-2e4526e577e3@group-146C50BE7901: changes role from  FOLLOWER to FOLLOWER at term 316 for recognizeCandidate:52743044-8979-4a08-8013-92a14c548982
2019-10-16 21:12:15,289 [grpc-default-executor-0] INFO  impl.RaftServerImpl (RaftServerImpl.java:setRole(184)) - 65da0c80-3604-4ac2-9a39-ee88d748a153@group-146C50BE7901: changes role from  FOLLOWER to FOLLOWER at term 316 for recognizeCandidate:52743044-8979-4a08-8013-92a14c548982
2019-10-16 21:12:15,290 [grpc-default-executor-1] INFO  impl.RoleInfo (RoleInfo.java:shutdownFollowerState(121)) - 904f39be-c3d3-4df4-99c0-2e4526e577e3: shutdown FollowerState
2019-10-16 21:12:15,290 [grpc-default-executor-0] INFO  impl.RoleInfo (RoleInfo.java:shutdownFollowerState(121)) - 65da0c80-3604-4ac2-9a39-ee88d748a153: shutdown FollowerState
2019-10-16 21:12:15,290 [Thread-2046] INFO  impl.FollowerState (FollowerState.java:run(117)) - 904f39be-c3d3-4df4-99c0-2e4526e577e3@group-146C50BE7901-FollowerState was interrupted: java.lang.InterruptedException: sleep interrupted
2019-10-16 21:12:15,290 [grpc-default-executor-1] INFO  impl.RoleInfo (RoleInfo.java:updateAndGet(143)) - 904f39be-c3d3-4df4-99c0-2e4526e577e3: start FollowerState
2019-10-16 21:12:15,290 [Thread-2047] INFO  impl.FollowerState (FollowerState.java:run(117)) - 65da0c80-3604-4ac2-9a39-ee88d748a153@group-146C50BE7901-FollowerState was interrupted: java.lang.InterruptedException: sleep interrupted
2019-10-16 21:12:15,290 [grpc-default-executor-0] INFO  impl.RoleInfo (RoleInfo.java:updateAndGet(143)) - 65da0c80-3604-4ac2-9a39-ee88d748a153: start FollowerState
2019-10-16 21:12:15,356 [52743044-8979-4a08-8013-92a14c548982@group-146C50BE7901-LeaderElection262] INFO  impl.LeaderElection (LeaderElection.java:logAndReturn(56)) - 52743044-8979-4a08-8013-92a14c548982@group-146C50BE7901-LeaderElection262: Election REJECTED; received 2 response(s) [52743044-8979-4a08-8013-92a14c548982<-904f39be-c3d3-4df4-99c0-2e4526e577e3#0:FAIL-t316, 52743044-8979-4a08-8013-92a14c548982<-65da0c80-3604-4ac2-9a39-ee88d748a153#0:FAIL-t316] and 0 exception(s); 52743044-8979-4a08-8013-92a14c548982@group-146C50BE7901:t316, leader=null, voted=52743044-8979-4a08-8013-92a14c548982, raftlog=52743044-8979-4a08-8013-92a14c548982@group-146C50BE7901-SegmentedRaftLog:OPENED:c-1,f-1,i0, conf=-1: [904f39be-c3d3-4df4-99c0-2e4526e577e3:192.168.157.254:45339, 52743044-8979-4a08-8013-92a14c548982:192.168.157.254:36428, 65da0c80-3604-4ac2-9a39-ee88d748a153:192.168.157.254:37466], old=null
2019-10-16 21:12:15,356 [52743044-8979-4a08-8013-92a14c548982@group-146C50BE7901-LeaderElection262] INFO  impl.RaftServerImpl (RaftServerImpl.java:setRole(184)) - 52743044-8979-4a08-8013-92a14c548982@group-146C50BE7901: changes role from CANDIDATE to FOLLOWER at term 316 for DISCOVERED_A_NEW_TERM
2019-10-16 21:12:15,356 [52743044-8979-4a08-8013-92a14c548982@group-146C50BE7901-LeaderElection262] INFO  impl.RoleInfo (RoleInfo.java:shutdownLeaderElection(134)) - 52743044-8979-4a08-8013-92a14c548982: shutdown LeaderElection
2019-10-16 21:12:15,356 [52743044-8979-4a08-8013-92a14c548982@group-146C50BE7901-LeaderElection262] INFO  impl.RoleInfo (RoleInfo.java:updateAndGet(143)) - 52743044-8979-4a08-8013-92a14c548982: start FollowerState
2019-10-16 21:12:15,500 [Thread-2054] INFO  impl.FollowerState (FollowerState.java:run(108)) - 52743044-8979-4a08-8013-92a14c548982@group-146C50BE7901-FollowerState: change to CANDIDATE, lastRpcTime:143ms, electionTimeout:143ms
2019-10-16 21:12:15,500 [Thread-2054] INFO  impl.RoleInfo (RoleInfo.java:shutdownFollowerState(121)) - 52743044-8979-4a08-8013-92a14c548982: shutdown FollowerState
2019-10-16 21:12:15,500 [Thread-2054] INFO  impl.RaftServerImpl (RaftServerImpl.java:setRole(184)) - 52743044-8979-4a08-8013-92a14c548982@group-146C50BE7901: changes role from  FOLLOWER to CANDIDATE at term 316 for changeToCandidate
2019-10-16 21:12:15,500 [Thread-2054] INFO  impl.RoleInfo (RoleInfo.java:updateAndGet(143)) - 52743044-8979-4a08-8013-92a14c548982: start LeaderElection
2019-10-16 21:12:15,527 [52743044-8979-4a08-8013-92a14c548982@group-146C50BE7901-LeaderElection263] INFO  impl.LeaderElection (LeaderElection.java:askForVotes(178)) - 52743044-8979-4a08-8013-92a14c548982@group-146C50BE7901-LeaderElection263: begin an election at term 317 for -1: [904f39be-c3d3-4df4-99c0-2e4526e577e3:192.168.157.254:45339, 52743044-8979-4a08-8013-92a14c548982:192.168.157.254:36428, 65da0c80-3604-4ac2-9a39-ee88d748a153:192.168.157.254:37466], old=null
2019-10-16 21:12:15,529 [grpc-default-executor-1] INFO  impl.RaftServerImpl (RaftServerImpl.java:setRole(184)) - 904f39be-c3d3-4df4-99c0-2e4526e577e3@group-146C50BE7901: changes role from  FOLLOWER to FOLLOWER at term 317 for recognizeCandidate:52743044-8979-4a08-8013-92a14c548982
2019-10-16 21:12:15,529 [grpc-default-executor-1] INFO  impl.RoleInfo (RoleInfo.java:shutdownFollowerState(121)) - 904f39be-c3d3-4df4-99c0-2e4526e577e3: shutdown FollowerState
2019-10-16 21:12:15,529 [grpc-default-executor-0] INFO  impl.RaftServerImpl (RaftServerImpl.java:setRole(184)) - 65da0c80-3604-4ac2-9a39-ee88d748a153@group-146C50BE7901: changes role from  FOLLOWER to FOLLOWER at term 317 for recognizeCandidate:52743044-8979-4a08-8013-92a14c548982
2019-10-16 21:12:15,529 [Thread-2052] INFO  impl.FollowerState (FollowerState.java:run(117)) - 904f39be-c3d3-4df4-99c0-2e4526e577e3@group-146C50BE7901-FollowerState was interrupted: java.lang.InterruptedException: sleep interrupted
2019-10-16 21:12:15,529 [grpc-default-executor-1] INFO  impl.RoleInfo (RoleInfo.java:updateAndGet(143)) - 904f39be-c3d3-4df4-99c0-2e4526e577e3: start FollowerState
2019-10-16 21:12:15,529 [grpc-default-executor-0] INFO  impl.RoleInfo (RoleInfo.java:shutdownFollowerState(121)) - 65da0c80-3604-4ac2-9a39-ee88d748a153: shutdown FollowerState
2019-10-16 21:12:15,529 [grpc-default-executor-0] INFO  impl.RoleInfo (RoleInfo.java:updateAndGet(143)) - 65da0c80-3604-4ac2-9a39-ee88d748a153: start FollowerState
2019-10-16 21:12:15,529 [Thread-2053] INFO  impl.FollowerState (FollowerState.java:run(117)) - 65da0c80-3604-4ac2-9a39-ee88d748a153@group-146C50BE7901-FollowerState was interrupted: java.lang.InterruptedException: sleep interrupted
2019-10-16 21:12:15,546 [52743044-8979-4a08-8013-92a14c548982@group-146C50BE7901-LeaderElection263] INFO  impl.LeaderElection (LeaderElection.java:logAndReturn(56)) - 52743044-8979-4a08-8013-92a14c548982@group-146C50BE7901-LeaderElection263: Election REJECTED; received 2 response(s) [52743044-8979-4a08-8013-92a14c548982<-904f39be-c3d3-4df4-99c0-2e4526e577e3#0:FAIL-t317, 52743044-8979-4a08-8013-92a14c548982<-65da0c80-3604-4ac2-9a39-ee88d748a153#0:FAIL-t317] and 0 exception(s); 52743044-8979-4a08-8013-92a14c548982@group-146C50BE7901:t317, leader=null, voted=52743044-8979-4a08-8013-92a14c548982, raftlog=52743044-8979-4a08-8013-92a14c548982@group-146C50BE7901-SegmentedRaftLog:OPENED:c-1,f-1,i0, conf=-1: [904f39be-c3d3-4df4-99c0-2e4526e577e3:192.168.157.254:45339, 52743044-8979-4a08-8013-92a14c548982:192.168.157.254:36428, 65da0c80-3604-4ac2-9a39-ee88d748a153:192.168.157.254:37466], old=null
2019-10-16 21:12:15,546 [52743044-8979-4a08-8013-92a14c548982@group-146C50BE7901-LeaderElection263] INFO  impl.RaftServerImpl (RaftServerImpl.java:setRole(184)) - 52743044-8979-4a08-8013-92a14c548982@group-146C50BE7901: changes role from CANDIDATE to FOLLOWER at term 317 for DISCOVERED_A_NEW_TERM
2019-10-16 21:12:15,546 [52743044-8979-4a08-8013-92a14c548982@group-146C50BE7901-LeaderElection263] INFO  impl.RoleInfo (RoleInfo.java:shutdownLeaderElection(134)) - 52743044-8979-4a08-8013-92a14c548982: shutdown LeaderElection
2019-10-16 21:12:15,546 [52743044-8979-4a08-8013-92a14c548982@group-146C50BE7901-LeaderElection263] INFO  impl.RoleInfo (RoleInfo.java:updateAndGet(143)) - 52743044-8979-4a08-8013-92a14c548982: start FollowerState
2019-10-16 21:12:15,715 [Thread-2060] INFO  impl.FollowerState (FollowerState.java:run(108)) - 52743044-8979-4a08-8013-92a14c548982@group-146C50BE7901-FollowerState: change to CANDIDATE, lastRpcTime:169ms, electionTimeout:169ms
2019-10-16 21:12:15,715 [Thread-2060] INFO  impl.RoleInfo (RoleInfo.java:shutdownFollowerState(121)) - 52743044-8979-4a08-8013-92a14c548982: shutdown FollowerState
2019-10-16 21:12:15,716 [Thread-2060] INFO  impl.RaftServerImpl (RaftServerImpl.java:setRole(184)) - 52743044-8979-4a08-8013-92a14c548982@group-146C50BE7901: changes role from  FOLLOWER to CANDIDATE at term 317 for changeToCandidate
2019-10-16 21:12:15,716 [Thread-2060] INFO  impl.RoleInfo (RoleInfo.java:updateAndGet(143)) - 52743044-8979-4a08-8013-92a14c548982: start LeaderElection
2019-10-16 21:12:15,780 [52743044-8979-4a08-8013-92a14c548982@group-146C50BE7901-LeaderElection264] INFO  impl.LeaderElection (LeaderElection.java:askForVotes(178)) - 52743044-8979-4a08-8013-92a14c548982@group-146C50BE7901-LeaderElection264: begin an election at term 318 for -1: [904f39be-c3d3-4df4-99c0-2e4526e577e3:192.168.157.254:45339, 52743044-8979-4a08-8013-92a14c548982:192.168.157.254:36428, 65da0c80-3604-4ac2-9a39-ee88d748a153:192.168.157.254:37466], old=null
2019-10-16 21:12:15,781 [grpc-default-executor-1] INFO  impl.RaftServerImpl (RaftServerImpl.java:setRole(184)) - 65da0c80-3604-4ac2-9a39-ee88d748a153@group-146C50BE7901: changes role from  FOLLOWER to FOLLOWER at term 318 for recognizeCandidate:52743044-8979-4a08-8013-92a14c548982
2019-10-16 21:12:15,782 [grpc-default-executor-1] INFO  impl.RoleInfo (RoleInfo.java:shutdownFollowerState(121)) - 65da0c80-3604-4ac2-9a39-ee88d748a153: shutdown FollowerState
2019-10-16 21:12:15,782 [grpc-default-executor-0] INFO  impl.RaftServerImpl (RaftServerImpl.java:setRole(184)) - 904f39be-c3d3-4df4-99c0-2e4526e577e3@group-146C50BE7901: changes role from  FOLLOWER to FOLLOWER at term 318 for recognizeCandidate:52743044-8979-4a08-8013-92a14c548982
2019-10-16 21:12:15,782 [grpc-default-executor-0] INFO  impl.RoleInfo (RoleInfo.java:shutdownFollowerState(121)) - 904f39be-c3d3-4df4-99c0-2e4526e577e3: shutdown FollowerState
2019-10-16 21:12:15,782 [Thread-2059] INFO  impl.FollowerState (FollowerState.java:run(117)) - 65da0c80-3604-4ac2-9a39-ee88d748a153@group-146C50BE7901-FollowerState was interrupted: java.lang.InterruptedException: sleep interrupted
2019-10-16 21:12:15,782 [grpc-default-executor-1] INFO  impl.RoleInfo (RoleInfo.java:updateAndGet(143)) - 65da0c80-3604-4ac2-9a39-ee88d748a153: start FollowerState
2019-10-16 21:12:15,782 [Thread-2058] INFO  impl.FollowerState (FollowerState.java:run(117)) - 904f39be-c3d3-4df4-99c0-2e4526e577e3@group-146C50BE7901-FollowerState was interrupted: java.lang.InterruptedException: sleep interrupted
2019-10-16 21:12:15,782 [grpc-default-executor-0] INFO  impl.RoleInfo (RoleInfo.java:updateAndGet(143)) - 904f39be-c3d3-4df4-99c0-2e4526e577e3: start FollowerState
2019-10-16 21:12:15,827 [52743044-8979-4a08-8013-92a14c548982@group-146C50BE7901-LeaderElection264] INFO  impl.LeaderElection (LeaderElection.java:logAndReturn(56)) - 52743044-8979-4a08-8013-92a14c548982@group-146C50BE7901-LeaderElection264: Election TIMEOUT; received 0 response(s) [] and 0 exception(s); 52743044-8979-4a08-8013-92a14c548982@group-146C50BE7901:t318, leader=null, voted=52743044-8979-4a08-8013-92a14c548982, raftlog=52743044-8979-4a08-8013-92a14c548982@group-146C50BE7901-SegmentedRaftLog:OPENED:c-1,f-1,i0, conf=-1: [904f39be-c3d3-4df4-99c0-2e4526e577e3:192.168.157.254:45339, 52743044-8979-4a08-8013-92a14c548982:192.168.157.254:36428, 65da0c80-3604-4ac2-9a39-ee88d748a153:192.168.157.254:37466], old=null
2019-10-16 21:12:15,843 [52743044-8979-4a08-8013-92a14c548982@group-146C50BE7901-LeaderElection264] INFO  impl.LeaderElection (LeaderElection.java:askForVotes(178)) - 52743044-8979-4a08-8013-92a14c548982@group-146C50BE7901-LeaderElection264: begin an election at term 319 for -1: [904f39be-c3d3-4df4-99c0-2e4526e577e3:192.168.157.254:45339, 52743044-8979-4a08-8013-92a14c548982:192.168.157.254:36428, 65da0c80-3604-4ac2-9a39-ee88d748a153:192.168.157.254:37466], old=null
2019-10-16 21:12:15,845 [grpc-default-executor-1] INFO  impl.RaftServerImpl (RaftServerImpl.java:setRole(184)) - 904f39be-c3d3-4df4-99c0-2e4526e577e3@group-146C50BE7901: changes role from  FOLLOWER to FOLLOWER at term 319 for recognizeCandidate:52743044-8979-4a08-8013-92a14c548982
2019-10-16 21:12:15,845 [grpc-default-executor-0] INFO  impl.RaftServerImpl (RaftServerImpl.java:setRole(184)) - 65da0c80-3604-4ac2-9a39-ee88d748a153@group-146C50BE7901: changes role from  FOLLOWER to FOLLOWER at term 319 for recognizeCandidate:52743044-8979-4a08-8013-92a14c548982
2019-10-16 21:12:15,845 [grpc-default-executor-1] INFO  impl.RoleInfo (RoleInfo.java:shutdownFollowerState(121)) - 904f39be-c3d3-4df4-99c0-2e4526e577e3: shutdown FollowerState
2019-10-16 21:12:15,845 [grpc-default-executor-0] INFO  impl.RoleInfo (RoleInfo.java:shutdownFollowerState(121)) - 65da0c80-3604-4ac2-9a39-ee88d748a153: shutdown FollowerState
2019-10-16 21:12:15,845 [Thread-2065] INFO  impl.FollowerState (FollowerState.java:run(117)) - 904f39be-c3d3-4df4-99c0-2e4526e577e3@group-146C50BE7901-FollowerState was interrupted: java.lang.InterruptedException: sleep interrupted
2019-10-16 21:12:15,846 [Thread-2064] INFO  impl.FollowerState (FollowerState.java:run(117)) - 65da0c80-3604-4ac2-9a39-ee88d748a153@group-146C50BE7901-FollowerState was interrupted: java.lang.InterruptedException: sleep interrupted
2019-10-16 21:12:15,845 [grpc-default-executor-1] INFO  impl.RoleInfo (RoleInfo.java:updateAndGet(143)) - 904f39be-c3d3-4df4-99c0-2e4526e577e3: start FollowerState
2019-10-16 21:12:15,845 [grpc-default-executor-0] INFO  impl.RoleInfo (RoleInfo.java:updateAndGet(143)) - 65da0c80-3604-4ac2-9a39-ee88d748a153: start FollowerState
2019-10-16 21:12:15,849 [52743044-8979-4a08-8013-92a14c548982@group-146C50BE7901-LeaderElection264] INFO  impl.LeaderElection (LeaderElection.java:logAndReturn(56)) - 52743044-8979-4a08-8013-92a14c548982@group-146C50BE7901-LeaderElection264: Election TIMEOUT; received 0 response(s) [] and 0 exception(s); 52743044-8979-4a08-8013-92a14c548982@group-146C50BE7901:t319, leader=null, voted=52743044-8979-4a08-8013-92a14c548982, raftlog=52743044-8979-4a08-8013-92a14c548982@group-146C50BE7901-SegmentedRaftLog:OPENED:c-1,f-1,i0, conf=-1: [904f39be-c3d3-4df4-99c0-2e4526e577e3:192.168.157.254:45339, 52743044-8979-4a08-8013-92a14c548982:192.168.157.254:36428, 65da0c80-3604-4ac2-9a39-ee88d748a153:192.168.157.254:37466], old=null
2019-10-16 21:12:15,907 [52743044-8979-4a08-8013-92a14c548982@group-146C50BE7901-LeaderElection264] INFO  impl.LeaderElection (LeaderElection.java:askForVotes(178)) - 52743044-8979-4a08-8013-92a14c548982@group-146C50BE7901-LeaderElection264: begin an election at term 320 for -1: [904f39be-c3d3-4df4-99c0-2e4526e577e3:192.168.157.254:45339, 52743044-8979-4a08-8013-92a14c548982:192.168.157.254:36428, 65da0c80-3604-4ac2-9a39-ee88d748a153:192.168.157.254:37466], old=null
2019-10-16 21:12:15,909 [grpc-default-executor-0] INFO  impl.RaftServerImpl (RaftServerImpl.java:setRole(184)) - 904f39be-c3d3-4df4-99c0-2e4526e577e3@group-146C50BE7901: changes role from  FOLLOWER to FOLLOWER at term 320 for recognizeCandidate:52743044-8979-4a08-8013-92a14c548982
2019-10-16 21:12:15,909 [grpc-default-executor-1] INFO  impl.RaftServerImpl (RaftServerImpl.java:setRole(184)) - 65da0c80-3604-4ac2-9a39-ee88d748a153@group-146C50BE7901: changes role from  FOLLOWER to FOLLOWER at term 320 for recognizeCandidate:52743044-8979-4a08-8013-92a14c548982
2019-10-16 21:12:15,909 [grpc-default-executor-0] INFO  impl.RoleInfo (RoleInfo.java:shutdownFollowerState(121)) - 904f39be-c3d3-4df4-99c0-2e4526e577e3: shutdown FollowerState
2019-10-16 21:12:15,909 [grpc-default-executor-1] INFO  impl.RoleInfo (RoleInfo.java:shutdownFollowerState(121)) - 65da0c80-3604-4ac2-9a39-ee88d748a153: shutdown FollowerState
2019-10-16 21:12:15,910 [Thread-2068] INFO  impl.FollowerState (FollowerState.java:run(117)) - 904f39be-c3d3-4df4-99c0-2e4526e577e3@group-146C50BE7901-FollowerState was interrupted: java.lang.InterruptedException: sleep interrupted
2019-10-16 21:12:15,909 [grpc-default-executor-0] INFO  impl.RoleInfo (RoleInfo.java:updateAndGet(143)) - 904f39be-c3d3-4df4-99c0-2e4526e577e3: start FollowerState
2019-10-16 21:12:15,910 [Thread-2069] INFO  impl.FollowerState (FollowerState.java:run(117)) - 65da0c80-3604-4ac2-9a39-ee88d748a153@group-146C50BE7901-FollowerState was interrupted: java.lang.InterruptedException: sleep interrupted
2019-10-16 21:12:15,910 [grpc-default-executor-1] INFO  impl.RoleInfo (RoleInfo.java:updateAndGet(143)) - 65da0c80-3604-4ac2-9a39-ee88d748a153: start FollowerState
2019-10-16 21:12:15,981 [52743044-8979-4a08-8013-92a14c548982@group-146C50BE7901-LeaderElection264] INFO  impl.LeaderElection (LeaderElection.java:logAndReturn(56)) - 52743044-8979-4a08-8013-92a14c548982@group-146C50BE7901-LeaderElection264: Election REJECTED; received 2 response(s) [52743044-8979-4a08-8013-92a14c548982<-904f39be-c3d3-4df4-99c0-2e4526e577e3#0:FAIL-t320, 52743044-8979-4a08-8013-92a14c548982<-65da0c80-3604-4ac2-9a39-ee88d748a153#0:FAIL-t320] and 0 exception(s); 52743044-8979-4a08-8013-92a14c548982@group-146C50BE7901:t320, leader=null, voted=52743044-8979-4a08-8013-92a14c548982, raftlog=52743044-8979-4a08-8013-92a14c548982@group-146C50BE7901-SegmentedRaftLog:OPENED:c-1,f-1,i0, conf=-1: [904f39be-c3d3-4df4-99c0-2e4526e577e3:192.168.157.254:45339, 52743044-8979-4a08-8013-92a14c548982:192.168.157.254:36428, 65da0c80-3604-4ac2-9a39-ee88d748a153:192.168.157.254:37466], old=null
2019-10-16 21:12:15,981 [52743044-8979-4a08-8013-92a14c548982@group-146C50BE7901-LeaderElection264] INFO  impl.RaftServerImpl (RaftServerImpl.java:setRole(184)) - 52743044-8979-4a08-8013-92a14c548982@group-146C50BE7901: changes role from CANDIDATE to FOLLOWER at term 320 for DISCOVERED_A_NEW_TERM
2019-10-16 21:12:15,981 [52743044-8979-4a08-8013-92a14c548982@group-146C50BE7901-LeaderElection264] INFO  impl.RoleInfo (RoleInfo.java:shutdownLeaderElection(134)) - 52743044-8979-4a08-8013-92a14c548982: shutdown LeaderElection
2019-10-16 21:12:15,981 [52743044-8979-4a08-8013-92a14c548982@group-146C50BE7901-LeaderElection264] INFO  impl.RoleInfo (RoleInfo.java:updateAndGet(143)) - 52743044-8979-4a08-8013-92a14c548982: start FollowerState
2019-10-16 21:12:16,154 [Thread-2074] INFO  impl.FollowerState (FollowerState.java:run(108)) - 52743044-8979-4a08-8013-92a14c548982@group-146C50BE7901-FollowerState: change to CANDIDATE, lastRpcTime:172ms, electionTimeout:172ms
2019-10-16 21:12:16,154 [Thread-2074] INFO  impl.RoleInfo (RoleInfo.java:shutdownFollowerState(121)) - 52743044-8979-4a08-8013-92a14c548982: shutdown FollowerState
2019-10-16 21:12:16,154 [Thread-2074] INFO  impl.RaftServerImpl (RaftServerImpl.java:setRole(184)) - 52743044-8979-4a08-8013-92a14c548982@group-146C50BE7901: changes role from  FOLLOWER to CANDIDATE at term 320 for changeToCandidate
2019-10-16 21:12:16,154 [Thread-2074] INFO  impl.RoleInfo (RoleInfo.java:updateAndGet(143)) - 52743044-8979-4a08-8013-92a14c548982: start LeaderElection
2019-10-16 21:12:16,183 [52743044-8979-4a08-8013-92a14c548982@group-146C50BE7901-LeaderElection265] INFO  impl.LeaderElection (LeaderElection.java:askForVotes(178)) - 52743044-8979-4a08-8013-92a14c548982@group-146C50BE7901-LeaderElection265: begin an election at term 321 for -1: [904f39be-c3d3-4df4-99c0-2e4526e577e3:192.168.157.254:45339, 52743044-8979-4a08-8013-92a14c548982:192.168.157.254:36428, 65da0c80-3604-4ac2-9a39-ee88d748a153:192.168.157.254:37466], old=null
2019-10-16 21:12:16,184 [grpc-default-executor-0] INFO  impl.RaftServerImpl (RaftServerImpl.java:setRole(184)) - 904f39be-c3d3-4df4-99c0-2e4526e577e3@group-146C50BE7901: changes role from  FOLLOWER to FOLLOWER at term 321 for recognizeCandidate:52743044-8979-4a08-8013-92a14c548982
2019-10-16 21:12:16,184 [grpc-default-executor-1] INFO  impl.RaftServerImpl (RaftServerImpl.java:setRole(184)) - 65da0c80-3604-4ac2-9a39-ee88d748a153@group-146C50BE7901: changes role from  FOLLOWER to FOLLOWER at term 321 for recognizeCandidate:52743044-8979-4a08-8013-92a14c548982
2019-10-16 21:12:16,185 [grpc-default-executor-1] INFO  impl.RoleInfo (RoleInfo.java:shutdownFollowerState(121)) - 65da0c80-3604-4ac2-9a39-ee88d748a153: shutdown FollowerState
2019-10-16 21:12:16,184 [grpc-default-executor-0] INFO  impl.RoleInfo (RoleInfo.java:shutdownFollowerState(121)) - 904f39be-c3d3-4df4-99c0-2e4526e577e3: shutdown FollowerState
2019-10-16 21:12:16,185 [Thread-2073] INFO  impl.FollowerState (FollowerState.java:run(117)) - 65da0c80-3604-4ac2-9a39-ee88d748a153@group-146C50BE7901-FollowerState was interrupted: java.lang.InterruptedException: sleep interrupted
2019-10-16 21:12:16,185 [grpc-default-executor-1] INFO  impl.RoleInfo (RoleInfo.java:updateAndGet(143)) - 65da0c80-3604-4ac2-9a39-ee88d748a153: start FollowerState
2019-10-16 21:12:16,185 [Thread-2072] INFO  impl.FollowerState (FollowerState.java:run(117)) - 904f39be-c3d3-4df4-99c0-2e4526e577e3@group-146C50BE7901-FollowerState was interrupted: java.lang.InterruptedException: sleep interrupted
2019-10-16 21:12:16,185 [grpc-default-executor-0] INFO  impl.RoleInfo (RoleInfo.java:updateAndGet(143)) - 904f39be-c3d3-4df4-99c0-2e4526e577e3: start FollowerState
2019-10-16 21:12:16,210 [52743044-8979-4a08-8013-92a14c548982@group-146C50BE7901-LeaderElection265] INFO  impl.LeaderElection (LeaderElection.java:logAndReturn(56)) - 52743044-8979-4a08-8013-92a14c548982@group-146C50BE7901-LeaderElection265: Election REJECTED; received 2 response(s) [52743044-8979-4a08-8013-92a14c548982<-904f39be-c3d3-4df4-99c0-2e4526e577e3#0:FAIL-t321, 52743044-8979-4a08-8013-92a14c548982<-65da0c80-3604-4ac2-9a39-ee88d748a153#0:FAIL-t321] and 0 exception(s); 52743044-8979-4a08-8013-92a14c548982@group-146C50BE7901:t321, leader=null, voted=52743044-8979-4a08-8013-92a14c548982, raftlog=52743044-8979-4a08-8013-92a14c548982@group-146C50BE7901-SegmentedRaftLog:OPENED:c-1,f-1,i0, conf=-1: [904f39be-c3d3-4df4-99c0-2e4526e577e3:192.168.157.254:45339, 52743044-8979-4a08-8013-92a14c548982:192.168.157.254:36428, 65da0c80-3604-4ac2-9a39-ee88d748a153:192.168.157.254:37466], old=null
2019-10-16 21:12:16,210 [52743044-8979-4a08-8013-92a14c548982@group-146C50BE7901-LeaderElection265] INFO  impl.RaftServerImpl (RaftServerImpl.java:setRole(184)) - 52743044-8979-4a08-8013-92a14c548982@group-146C50BE7901: changes role from CANDIDATE to FOLLOWER at term 321 for DISCOVERED_A_NEW_TERM
2019-10-16 21:12:16,210 [52743044-8979-4a08-8013-92a14c548982@group-146C50BE7901-LeaderElection265] INFO  impl.RoleInfo (RoleInfo.java:shutdownLeaderElection(134)) - 52743044-8979-4a08-8013-92a14c548982: shutdown LeaderElection
2019-10-16 21:12:16,210 [52743044-8979-4a08-8013-92a14c548982@group-146C50BE7901-LeaderElection265] INFO  impl.RoleInfo (RoleInfo.java:updateAndGet(143)) - 52743044-8979-4a08-8013-92a14c548982: start FollowerState
2019-10-16 21:12:16,299 [Thread-2080] INFO  impl.FollowerState (FollowerState.java:run(108)) - 52743044-8979-4a08-8013-92a14c548982@group-146C50BE7901-FollowerState: change to CANDIDATE, lastRpcTime:88ms, electionTimeout:88ms
2019-10-16 21:12:16,299 [Thread-2080] INFO  impl.RoleInfo (RoleInfo.java:shutdownFollowerState(121)) - 52743044-8979-4a08-8013-92a14c548982: shutdown FollowerState
2019-10-16 21:12:16,299 [Thread-2080] INFO  impl.RaftServerImpl (RaftServerImpl.java:setRole(184)) - 52743044-8979-4a08-8013-92a14c548982@group-146C50BE7901: changes role from  FOLLOWER to CANDIDATE at term 321 for changeToCandidate
2019-10-16 21:12:16,299 [Thread-2080] INFO  impl.RoleInfo (RoleInfo.java:updateAndGet(143)) - 52743044-8979-4a08-8013-92a14c548982: start LeaderElection
2019-10-16 21:12:16,344 [52743044-8979-4a08-8013-92a14c548982@group-146C50BE7901-LeaderElection266] INFO  impl.LeaderElection (LeaderElection.java:askForVotes(178)) - 52743044-8979-4a08-8013-92a14c548982@group-146C50BE7901-LeaderElection266: begin an election at term 322 for -1: [904f39be-c3d3-4df4-99c0-2e4526e577e3:192.168.157.254:45339, 52743044-8979-4a08-8013-92a14c548982:192.168.157.254:36428, 65da0c80-3604-4ac2-9a39-ee88d748a153:192.168.157.254:37466], old=null
2019-10-16 21:12:16,346 [grpc-default-executor-1] INFO  impl.RaftServerImpl (RaftServerImpl.java:setRole(184)) - 65da0c80-3604-4ac2-9a39-ee88d748a153@group-146C50BE7901: changes role from  FOLLOWER to FOLLOWER at term 322 for recognizeCandidate:52743044-8979-4a08-8013-92a14c548982
2019-10-16 21:12:16,346 [grpc-default-executor-1] INFO  impl.RoleInfo (RoleInfo.java:shutdownFollowerState(121)) - 65da0c80-3604-4ac2-9a39-ee88d748a153: shutdown FollowerState
2019-10-16 21:12:16,346 [grpc-default-executor-0] INFO  impl.RaftServerImpl (RaftServerImpl.java:setRole(184)) - 904f39be-c3d3-4df4-99c0-2e4526e577e3@group-146C50BE7901: changes role from  FOLLOWER to FOLLOWER at term 322 for recognizeCandidate:52743044-8979-4a08-8013-92a14c548982
2019-10-16 21:12:16,346 [grpc-default-executor-0] INFO  impl.RoleInfo (RoleInfo.java:shutdownFollowerState(121)) - 904f39be-c3d3-4df4-99c0-2e4526e577e3: shutdown FollowerState
2019-10-16 21:12:16,346 [Thread-2078] INFO  impl.FollowerState (FollowerState.java:run(117)) - 65da0c80-3604-4ac2-9a39-ee88d748a153@group-146C50BE7901-FollowerState was interrupted: java.lang.InterruptedException: sleep interrupted
2019-10-16 21:12:16,346 [grpc-default-executor-1] INFO  impl.RoleInfo (RoleInfo.java:updateAndGet(143)) - 65da0c80-3604-4ac2-9a39-ee88d748a153: start FollowerState
2019-10-16 21:12:16,346 [Thread-2079] INFO  impl.FollowerState (FollowerState.java:run(117)) - 904f39be-c3d3-4df4-99c0-2e4526e577e3@group-146C50BE7901-FollowerState was interrupted: java.lang.InterruptedException: sleep interrupted
2019-10-16 21:12:16,346 [grpc-default-executor-0] INFO  impl.RoleInfo (RoleInfo.java:updateAndGet(143)) - 904f39be-c3d3-4df4-99c0-2e4526e577e3: start FollowerState
2019-10-16 21:12:16,362 [52743044-8979-4a08-8013-92a14c548982@group-146C50BE7901-LeaderElection266] INFO  impl.LeaderElection (LeaderElection.java:logAndReturn(56)) - 52743044-8979-4a08-8013-92a14c548982@group-146C50BE7901-LeaderElection266: Election REJECTED; received 2 response(s) [52743044-8979-4a08-8013-92a14c548982<-904f39be-c3d3-4df4-99c0-2e4526e577e3#0:FAIL-t322, 52743044-8979-4a08-8013-92a14c548982<-65da0c80-3604-4ac2-9a39-ee88d748a153#0:FAIL-t322] and 0 exception(s); 52743044-8979-4a08-8013-92a14c548982@group-146C50BE7901:t322, leader=null, voted=52743044-8979-4a08-8013-92a14c548982, raftlog=52743044-8979-4a08-8013-92a14c548982@group-146C50BE7901-SegmentedRaftLog:OPENED:c-1,f-1,i0, conf=-1: [904f39be-c3d3-4df4-99c0-2e4526e577e3:192.168.157.254:45339, 52743044-8979-4a08-8013-92a14c548982:192.168.157.254:36428, 65da0c80-3604-4ac2-9a39-ee88d748a153:192.168.157.254:37466], old=null
2019-10-16 21:12:16,362 [52743044-8979-4a08-8013-92a14c548982@group-146C50BE7901-LeaderElection266] INFO  impl.RaftServerImpl (RaftServerImpl.java:setRole(184)) - 52743044-8979-4a08-8013-92a14c548982@group-146C50BE7901: changes role from CANDIDATE to FOLLOWER at term 322 for DISCOVERED_A_NEW_TERM
2019-10-16 21:12:16,362 [52743044-8979-4a08-8013-92a14c548982@group-146C50BE7901-LeaderElection266] INFO  impl.RoleInfo (RoleInfo.java:shutdownLeaderElection(134)) - 52743044-8979-4a08-8013-92a14c548982: shutdown LeaderElection
2019-10-16 21:12:16,362 [52743044-8979-4a08-8013-92a14c548982@group-146C50BE7901-LeaderElection266] INFO  impl.RoleInfo (RoleInfo.java:updateAndGet(143)) - 52743044-8979-4a08-8013-92a14c548982: start FollowerState
2019-10-16 21:12:16,532 [Thread-2086] INFO  impl.FollowerState (FollowerState.java:run(108)) - 52743044-8979-4a08-8013-92a14c548982@group-146C50BE7901-FollowerState: change to CANDIDATE, lastRpcTime:170ms, electionTimeout:170ms
2019-10-16 21:12:16,533 [Thread-2086] INFO  impl.RoleInfo (RoleInfo.java:shutdownFollowerState(121)) - 52743044-8979-4a08-8013-92a14c548982: shutdown FollowerState
2019-10-16 21:12:16,533 [Thread-2086] INFO  impl.RaftServerImpl (RaftServerImpl.java:setRole(184)) - 52743044-8979-4a08-8013-92a14c548982@group-146C50BE7901: changes role from  FOLLOWER to CANDIDATE at term 322 for changeToCandidate
2019-10-16 21:12:16,533 [Thread-2086] INFO  impl.RoleInfo (RoleInfo.java:updateAndGet(143)) - 52743044-8979-4a08-8013-92a14c548982: start LeaderElection
2019-10-16 21:12:16,572 [52743044-8979-4a08-8013-92a14c548982@group-146C50BE7901-LeaderElection267] INFO  impl.LeaderElection (LeaderElection.java:askForVotes(178)) - 52743044-8979-4a08-8013-92a14c548982@group-146C50BE7901-LeaderElection267: begin an election at term 323 for -1: [904f39be-c3d3-4df4-99c0-2e4526e577e3:192.168.157.254:45339, 52743044-8979-4a08-8013-92a14c548982:192.168.157.254:36428, 65da0c80-3604-4ac2-9a39-ee88d748a153:192.168.157.254:37466], old=null
2019-10-16 21:12:16,575 [grpc-default-executor-0] INFO  impl.RaftServerImpl (RaftServerImpl.java:setRole(184)) - 65da0c80-3604-4ac2-9a39-ee88d748a153@group-146C50BE7901: changes role from  FOLLOWER to FOLLOWER at term 323 for recognizeCandidate:52743044-8979-4a08-8013-92a14c548982
2019-10-16 21:12:16,575 [grpc-default-executor-1] INFO  impl.RaftServerImpl (RaftServerImpl.java:setRole(184)) - 904f39be-c3d3-4df4-99c0-2e4526e577e3@group-146C50BE7901: changes role from  FOLLOWER to FOLLOWER at term 323 for recognizeCandidate:52743044-8979-4a08-8013-92a14c548982
2019-10-16 21:12:16,575 [grpc-default-executor-0] INFO  impl.RoleInfo (RoleInfo.java:shutdownFollowerState(121)) - 65da0c80-3604-4ac2-9a39-ee88d748a153: shutdown FollowerState
2019-10-16 21:12:16,575 [grpc-default-executor-1] INFO  impl.RoleInfo (RoleInfo.java:shutdownFollowerState(121)) - 904f39be-c3d3-4df4-99c0-2e4526e577e3: shutdown FollowerState
2019-10-16 21:12:16,575 [Thread-2084] INFO  impl.FollowerState (FollowerState.java:run(117)) - 65da0c80-3604-4ac2-9a39-ee88d748a153@group-146C50BE7901-FollowerState was interrupted: java.lang.InterruptedException: sleep interrupted
2019-10-16 21:12:16,575 [grpc-default-executor-0] INFO  impl.RoleInfo (RoleInfo.java:updateAndGet(143)) - 65da0c80-3604-4ac2-9a39-ee88d748a153: start FollowerState
2019-10-16 21:12:16,575 [Thread-2085] INFO  impl.FollowerState (FollowerState.java:run(117)) - 904f39be-c3d3-4df4-99c0-2e4526e577e3@group-146C50BE7901-FollowerState was interrupted: java.lang.InterruptedException: sleep interrupted
2019-10-16 21:12:16,575 [grpc-default-executor-1] INFO  impl.RoleInfo (RoleInfo.java:updateAndGet(143)) - 904f39be-c3d3-4df4-99c0-2e4526e577e3: start FollowerState
2019-10-16 21:12:16,671 [52743044-8979-4a08-8013-92a14c548982@group-146C50BE7901-LeaderElection267] INFO  impl.LeaderElection (LeaderElection.java:logAndReturn(56)) - 52743044-8979-4a08-8013-92a14c548982@group-146C50BE7901-LeaderElection267: Election REJECTED; received 2 response(s) [52743044-8979-4a08-8013-92a14c548982<-904f39be-c3d3-4df4-99c0-2e4526e577e3#0:FAIL-t323, 52743044-8979-4a08-8013-92a14c548982<-65da0c80-3604-4ac2-9a39-ee88d748a153#0:FAIL-t323] and 0 exception(s); 52743044-8979-4a08-8013-92a14c548982@group-146C50BE7901:t323, leader=null, voted=52743044-8979-4a08-8013-92a14c548982, raftlog=52743044-8979-4a08-8013-92a14c548982@group-146C50BE7901-SegmentedRaftLog:OPENED:c-1,f-1,i0, conf=-1: [904f39be-c3d3-4df4-99c0-2e4526e577e3:192.168.157.254:45339, 52743044-8979-4a08-8013-92a14c548982:192.168.157.254:36428, 65da0c80-3604-4ac2-9a39-ee88d748a153:192.168.157.254:37466], old=null
2019-10-16 21:12:16,671 [52743044-8979-4a08-8013-92a14c548982@group-146C50BE7901-LeaderElection267] INFO  impl.RaftServerImpl (RaftServerImpl.java:setRole(184)) - 52743044-8979-4a08-8013-92a14c548982@group-146C50BE7901: changes role from CANDIDATE to FOLLOWER at term 323 for DISCOVERED_A_NEW_TERM
2019-10-16 21:12:16,671 [52743044-8979-4a08-8013-92a14c548982@group-146C50BE7901-LeaderElection267] INFO  impl.RoleInfo (RoleInfo.java:shutdownLeaderElection(134)) - 52743044-8979-4a08-8013-92a14c548982: shutdown LeaderElection
2019-10-16 21:12:16,671 [52743044-8979-4a08-8013-92a14c548982@group-146C50BE7901-LeaderElection267] INFO  impl.RoleInfo (RoleInfo.java:updateAndGet(143)) - 52743044-8979-4a08-8013-92a14c548982: start FollowerState
2019-10-16 21:12:16,720 [Thread-2092] INFO  impl.FollowerState (FollowerState.java:run(108)) - 52743044-8979-4a08-8013-92a14c548982@group-146C50BE7901-FollowerState: change to CANDIDATE, lastRpcTime:48ms, electionTimeout:48ms
2019-10-16 21:12:16,720 [Thread-2092] INFO  impl.RoleInfo (RoleInfo.java:shutdownFollowerState(121)) - 52743044-8979-4a08-8013-92a14c548982: shutdown FollowerState
2019-10-16 21:12:16,720 [Thread-2092] INFO  impl.RaftServerImpl (RaftServerImpl.java:setRole(184)) - 52743044-8979-4a08-8013-92a14c548982@group-146C50BE7901: changes role from  FOLLOWER to CANDIDATE at term 323 for changeToCandidate
2019-10-16 21:12:16,720 [Thread-2092] INFO  impl.RoleInfo (RoleInfo.java:updateAndGet(143)) - 52743044-8979-4a08-8013-92a14c548982: start LeaderElection
2019-10-16 21:12:16,734 [52743044-8979-4a08-8013-92a14c548982@group-146C50BE7901-LeaderElection268] INFO  impl.LeaderElection (LeaderElection.java:askForVotes(178)) - 52743044-8979-4a08-8013-92a14c548982@group-146C50BE7901-LeaderElection268: begin an election at term 324 for -1: [904f39be-c3d3-4df4-99c0-2e4526e577e3:192.168.157.254:45339, 52743044-8979-4a08-8013-92a14c548982:192.168.157.254:36428, 65da0c80-3604-4ac2-9a39-ee88d748a153:192.168.157.254:37466], old=null
2019-10-16 21:12:16,736 [grpc-default-executor-1] INFO  impl.RaftServerImpl (RaftServerImpl.java:setRole(184)) - 904f39be-c3d3-4df4-99c0-2e4526e577e3@group-146C50BE7901: changes role from  FOLLOWER to FOLLOWER at term 324 for recognizeCandidate:52743044-8979-4a08-8013-92a14c548982
2019-10-16 21:12:16,736 [grpc-default-executor-0] INFO  impl.RaftServerImpl (RaftServerImpl.java:setRole(184)) - 65da0c80-3604-4ac2-9a39-ee88d748a153@group-146C50BE7901: changes role from  FOLLOWER to FOLLOWER at term 324 for recognizeCandidate:52743044-8979-4a08-8013-92a14c548982
2019-10-16 21:12:16,736 [grpc-default-executor-0] INFO  impl.RoleInfo (RoleInfo.java:shutdownFollowerState(121)) - 65da0c80-3604-4ac2-9a39-ee88d748a153: shutdown FollowerState
2019-10-16 21:12:16,736 [grpc-default-executor-1] INFO  impl.RoleInfo (RoleInfo.java:shutdownFollowerState(121)) - 904f39be-c3d3-4df4-99c0-2e4526e577e3: shutdown FollowerState
2019-10-16 21:12:16,737 [grpc-default-executor-1] INFO  impl.RoleInfo (RoleInfo.java:updateAndGet(143)) - 904f39be-c3d3-4df4-99c0-2e4526e577e3: start FollowerState
2019-10-16 21:12:16,737 [Thread-2090] INFO  impl.FollowerState (FollowerState.java:run(117)) - 65da0c80-3604-4ac2-9a39-ee88d748a153@group-146C50BE7901-FollowerState was interrupted: java.lang.InterruptedException: sleep interrupted
2019-10-16 21:12:16,736 [grpc-default-executor-0] INFO  impl.RoleInfo (RoleInfo.java:updateAndGet(143)) - 65da0c80-3604-4ac2-9a39-ee88d748a153: start FollowerState
2019-10-16 21:12:16,737 [Thread-2091] INFO  impl.FollowerState (FollowerState.java:run(117)) - 904f39be-c3d3-4df4-99c0-2e4526e577e3@group-146C50BE7901-FollowerState was interrupted: java.lang.InterruptedException: sleep interrupted
2019-10-16 21:12:16,772 [52743044-8979-4a08-8013-92a14c548982@group-146C50BE7901-LeaderElection268] INFO  impl.LeaderElection (LeaderElection.java:logAndReturn(56)) - 52743044-8979-4a08-8013-92a14c548982@group-146C50BE7901-LeaderElection268: Election REJECTED; received 2 response(s) [52743044-8979-4a08-8013-92a14c548982<-904f39be-c3d3-4df4-99c0-2e4526e577e3#0:FAIL-t324, 52743044-8979-4a08-8013-92a14c548982<-65da0c80-3604-4ac2-9a39-ee88d748a153#0:FAIL-t324] and 0 exception(s); 52743044-8979-4a08-8013-92a14c548982@group-146C50BE7901:t324, leader=null, voted=52743044-8979-4a08-8013-92a14c548982, raftlog=52743044-8979-4a08-8013-92a14c548982@group-146C50BE7901-SegmentedRaftLog:OPENED:c-1,f-1,i0, conf=-1: [904f39be-c3d3-4df4-99c0-2e4526e577e3:192.168.157.254:45339, 52743044-8979-4a08-8013-92a14c548982:192.168.157.254:36428, 65da0c80-3604-4ac2-9a39-ee88d748a153:192.168.157.254:37466], old=null
2019-10-16 21:12:16,772 [52743044-8979-4a08-8013-92a14c548982@group-146C50BE7901-LeaderElection268] INFO  impl.RaftServerImpl (RaftServerImpl.java:setRole(184)) - 52743044-8979-4a08-8013-92a14c548982@group-146C50BE7901: changes role from CANDIDATE to FOLLOWER at term 324 for DISCOVERED_A_NEW_TERM
2019-10-16 21:12:16,772 [52743044-8979-4a08-8013-92a14c548982@group-146C50BE7901-LeaderElection268] INFO  impl.RoleInfo (RoleInfo.java:shutdownLeaderElection(134)) - 52743044-8979-4a08-8013-92a14c548982: shutdown LeaderElection
2019-10-16 21:12:16,773 [52743044-8979-4a08-8013-92a14c548982@group-146C50BE7901-LeaderElection268] INFO  impl.RoleInfo (RoleInfo.java:updateAndGet(143)) - 52743044-8979-4a08-8013-92a14c548982: start FollowerState
2019-10-16 21:12:16,926 [Thread-2098] INFO  impl.FollowerState (FollowerState.java:run(108)) - 52743044-8979-4a08-8013-92a14c548982@group-146C50BE7901-FollowerState: change to CANDIDATE, lastRpcTime:153ms, electionTimeout:153ms
2019-10-16 21:12:16,926 [Thread-2098] INFO  impl.RoleInfo (RoleInfo.java:shutdownFollowerState(121)) - 52743044-8979-4a08-8013-92a14c548982: shutdown FollowerState
2019-10-16 21:12:16,926 [Thread-2098] INFO  impl.RaftServerImpl (RaftServerImpl.java:setRole(184)) - 52743044-8979-4a08-8013-92a14c548982@group-146C50BE7901: changes role from  FOLLOWER to CANDIDATE at term 324 for changeToCandidate
2019-10-16 21:12:16,926 [Thread-2098] INFO  impl.RoleInfo (RoleInfo.java:updateAndGet(143)) - 52743044-8979-4a08-8013-92a14c548982: start LeaderElection
2019-10-16 21:12:16,978 [52743044-8979-4a08-8013-92a14c548982@group-146C50BE7901-LeaderElection269] INFO  impl.LeaderElection (LeaderElection.java:askForVotes(178)) - 52743044-8979-4a08-8013-92a14c548982@group-146C50BE7901-LeaderElection269: begin an election at term 325 for -1: [904f39be-c3d3-4df4-99c0-2e4526e577e3:192.168.157.254:45339, 52743044-8979-4a08-8013-92a14c548982:192.168.157.254:36428, 65da0c80-3604-4ac2-9a39-ee88d748a153:192.168.157.254:37466], old=null
2019-10-16 21:12:16,980 [grpc-default-executor-1] INFO  impl.RaftServerImpl (RaftServerImpl.java:setRole(184)) - 904f39be-c3d3-4df4-99c0-2e4526e577e3@group-146C50BE7901: changes role from  FOLLOWER to FOLLOWER at term 325 for recognizeCandidate:52743044-8979-4a08-8013-92a14c548982
2019-10-16 21:12:16,981 [grpc-default-executor-0] INFO  impl.RaftServerImpl (RaftServerImpl.java:setRole(184)) - 65da0c80-3604-4ac2-9a39-ee88d748a153@group-146C50BE7901: changes role from  FOLLOWER to FOLLOWER at term 325 for recognizeCandidate:52743044-8979-4a08-8013-92a14c548982
2019-10-16 21:12:16,981 [grpc-default-executor-0] INFO  impl.RoleInfo (RoleInfo.java:shutdownFollowerState(121)) - 65da0c80-3604-4ac2-9a39-ee88d748a153: shutdown FollowerState
2019-10-16 21:12:16,981 [grpc-default-executor-1] INFO  impl.RoleInfo (RoleInfo.java:shutdownFollowerState(121)) - 904f39be-c3d3-4df4-99c0-2e4526e577e3: shutdown FollowerState
2019-10-16 21:12:16,981 [Thread-2096] INFO  impl.FollowerState (FollowerState.java:run(117)) - 65da0c80-3604-4ac2-9a39-ee88d748a153@group-146C50BE7901-FollowerState was interrupted: java.lang.InterruptedException: sleep interrupted
2019-10-16 21:12:16,981 [grpc-default-executor-0] INFO  impl.RoleInfo (RoleInfo.java:updateAndGet(143)) - 65da0c80-3604-4ac2-9a39-ee88d748a153: start FollowerState
2019-10-16 21:12:16,981 [grpc-default-executor-1] INFO  impl.RoleInfo (RoleInfo.java:updateAndGet(143)) - 904f39be-c3d3-4df4-99c0-2e4526e577e3: start FollowerState
2019-10-16 21:12:16,981 [Thread-2097] INFO  impl.FollowerState (FollowerState.java:run(117)) - 904f39be-c3d3-4df4-99c0-2e4526e577e3@group-146C50BE7901-FollowerState was interrupted: java.lang.InterruptedException: sleep interrupted
2019-10-16 21:12:16,997 [52743044-8979-4a08-8013-92a14c548982@group-146C50BE7901-LeaderElection269] INFO  impl.LeaderElection (LeaderElection.java:logAndReturn(56)) - 52743044-8979-4a08-8013-92a14c548982@group-146C50BE7901-LeaderElection269: Election REJECTED; received 2 response(s) [52743044-8979-4a08-8013-92a14c548982<-904f39be-c3d3-4df4-99c0-2e4526e577e3#0:FAIL-t325, 52743044-8979-4a08-8013-92a14c548982<-65da0c80-3604-4ac2-9a39-ee88d748a153#0:FAIL-t325] and 0 exception(s); 52743044-8979-4a08-8013-92a14c548982@group-146C50BE7901:t325, leader=null, voted=52743044-8979-4a08-8013-92a14c548982, raftlog=52743044-8979-4a08-8013-92a14c548982@group-146C50BE7901-SegmentedRaftLog:OPENED:c-1,f-1,i0, conf=-1: [904f39be-c3d3-4df4-99c0-2e4526e577e3:192.168.157.254:45339, 52743044-8979-4a08-8013-92a14c548982:192.168.157.254:36428, 65da0c80-3604-4ac2-9a39-ee88d748a153:192.168.157.254:37466], old=null
2019-10-16 21:12:16,997 [52743044-8979-4a08-8013-92a14c548982@group-146C50BE7901-LeaderElection269] INFO  impl.RaftServerImpl (RaftServerImpl.java:setRole(184)) - 52743044-8979-4a08-8013-92a14c548982@group-146C50BE7901: changes role from CANDIDATE to FOLLOWER at term 325 for DISCOVERED_A_NEW_TERM
2019-10-16 21:12:16,997 [52743044-8979-4a08-8013-92a14c548982@group-146C50BE7901-LeaderElection269] INFO  impl.RoleInfo (RoleInfo.java:shutdownLeaderElection(134)) - 52743044-8979-4a08-8013-92a14c548982: shutdown LeaderElection
2019-10-16 21:12:16,997 [52743044-8979-4a08-8013-92a14c548982@group-146C50BE7901-LeaderElection269] INFO  impl.RoleInfo (RoleInfo.java:updateAndGet(143)) - 52743044-8979-4a08-8013-92a14c548982: start FollowerState
2019-10-16 21:12:17,115 [Thread-2104] INFO  impl.FollowerState (FollowerState.java:run(108)) - 52743044-8979-4a08-8013-92a14c548982@group-146C50BE7901-FollowerState: change to CANDIDATE, lastRpcTime:118ms, electionTimeout:118ms
2019-10-16 21:12:17,116 [Thread-2104] INFO  impl.RoleInfo (RoleInfo.java:shutdownFollowerState(121)) - 52743044-8979-4a08-8013-92a14c548982: shutdown FollowerState
2019-10-16 21:12:17,116 [Thread-2104] INFO  impl.RaftServerImpl (RaftServerImpl.java:setRole(184)) - 52743044-8979-4a08-8013-92a14c548982@group-146C50BE7901: changes role from  FOLLOWER to CANDIDATE at term 325 for changeToCandidate
2019-10-16 21:12:17,116 [Thread-2104] INFO  impl.RoleInfo (RoleInfo.java:updateAndGet(143)) - 52743044-8979-4a08-8013-92a14c548982: start LeaderElection
2019-10-16 21:12:17,130 [52743044-8979-4a08-8013-92a14c548982@group-146C50BE7901-LeaderElection270] INFO  impl.LeaderElection (LeaderElection.java:askForVotes(178)) - 52743044-8979-4a08-8013-92a14c548982@group-146C50BE7901-LeaderElection270: begin an election at term 326 for -1: [904f39be-c3d3-4df4-99c0-2e4526e577e3:192.168.157.254:45339, 52743044-8979-4a08-8013-92a14c548982:192.168.157.254:36428, 65da0c80-3604-4ac2-9a39-ee88d748a153:192.168.157.254:37466], old=null
2019-10-16 21:12:17,132 [grpc-default-executor-1] INFO  impl.RaftServerImpl (RaftServerImpl.java:setRole(184)) - 904f39be-c3d3-4df4-99c0-2e4526e577e3@group-146C50BE7901: changes role from  FOLLOWER to FOLLOWER at term 326 for recognizeCandidate:52743044-8979-4a08-8013-92a14c548982
2019-10-16 21:12:17,132 [grpc-default-executor-0] INFO  impl.RaftServerImpl (RaftServerImpl.java:setRole(184)) - 65da0c80-3604-4ac2-9a39-ee88d748a153@group-146C50BE7901: changes role from  FOLLOWER to FOLLOWER at term 326 for recognizeCandidate:52743044-8979-4a08-8013-92a14c548982
2019-10-16 21:12:17,133 [grpc-default-executor-0] INFO  impl.RoleInfo (RoleInfo.java:shutdownFollowerState(121)) - 65da0c80-3604-4ac2-9a39-ee88d748a153: shutdown FollowerState
2019-10-16 21:12:17,133 [grpc-default-executor-1] INFO  impl.RoleInfo (RoleInfo.java:shutdownFollowerState(121)) - 904f39be-c3d3-4df4-99c0-2e4526e577e3: shutdown FollowerState
2019-10-16 21:12:17,133 [Thread-2102] INFO  impl.FollowerState (FollowerState.java:run(117)) - 65da0c80-3604-4ac2-9a39-ee88d748a153@group-146C50BE7901-FollowerState was interrupted: java.lang.InterruptedException: sleep interrupted
2019-10-16 21:12:17,133 [Thread-2103] INFO  impl.FollowerState (FollowerState.java:run(117)) - 904f39be-c3d3-4df4-99c0-2e4526e577e3@group-146C50BE7901-FollowerState was interrupted: java.lang.InterruptedException: sleep interrupted
2019-10-16 21:12:17,133 [grpc-default-executor-0] INFO  impl.RoleInfo (RoleInfo.java:updateAndGet(143)) - 65da0c80-3604-4ac2-9a39-ee88d748a153: start FollowerState
2019-10-16 21:12:17,133 [grpc-default-executor-1] INFO  impl.RoleInfo (RoleInfo.java:updateAndGet(143)) - 904f39be-c3d3-4df4-99c0-2e4526e577e3: start FollowerState
2019-10-16 21:12:17,148 [52743044-8979-4a08-8013-92a14c548982@group-146C50BE7901-LeaderElection270] INFO  impl.LeaderElection (LeaderElection.java:logAndReturn(56)) - 52743044-8979-4a08-8013-92a14c548982@group-146C50BE7901-LeaderElection270: Election REJECTED; received 2 response(s) [52743044-8979-4a08-8013-92a14c548982<-904f39be-c3d3-4df4-99c0-2e4526e577e3#0:FAIL-t326, 52743044-8979-4a08-8013-92a14c548982<-65da0c80-3604-4ac2-9a39-ee88d748a153#0:FAIL-t326] and 0 exception(s); 52743044-8979-4a08-8013-92a14c548982@group-146C50BE7901:t326, leader=null, voted=52743044-8979-4a08-8013-92a14c548982, raftlog=52743044-8979-4a08-8013-92a14c548982@group-146C50BE7901-SegmentedRaftLog:OPENED:c-1,f-1,i0, conf=-1: [904f39be-c3d3-4df4-99c0-2e4526e577e3:192.168.157.254:45339, 52743044-8979-4a08-8013-92a14c548982:192.168.157.254:36428, 65da0c80-3604-4ac2-9a39-ee88d748a153:192.168.157.254:37466], old=null
2019-10-16 21:12:17,149 [52743044-8979-4a08-8013-92a14c548982@group-146C50BE7901-LeaderElection270] INFO  impl.RaftServerImpl (RaftServerImpl.java:setRole(184)) - 52743044-8979-4a08-8013-92a14c548982@group-146C50BE7901: changes role from CANDIDATE to FOLLOWER at term 326 for DISCOVERED_A_NEW_TERM
2019-10-16 21:12:17,149 [52743044-8979-4a08-8013-92a14c548982@group-146C50BE7901-LeaderElection270] INFO  impl.RoleInfo (RoleInfo.java:shutdownLeaderElection(134)) - 52743044-8979-4a08-8013-92a14c548982: shutdown LeaderElection
2019-10-16 21:12:17,149 [52743044-8979-4a08-8013-92a14c548982@group-146C50BE7901-LeaderElection270] INFO  impl.RoleInfo (RoleInfo.java:updateAndGet(143)) - 52743044-8979-4a08-8013-92a14c548982: start FollowerState
2019-10-16 21:12:17,235 [Thread-2110] INFO  impl.FollowerState (FollowerState.java:run(108)) - 52743044-8979-4a08-8013-92a14c548982@group-146C50BE7901-FollowerState: change to CANDIDATE, lastRpcTime:86ms, electionTimeout:86ms
2019-10-16 21:12:17,235 [Thread-2110] INFO  impl.RoleInfo (RoleInfo.java:shutdownFollowerState(121)) - 52743044-8979-4a08-8013-92a14c548982: shutdown FollowerState
2019-10-16 21:12:17,236 [Thread-2110] INFO  impl.RaftServerImpl (RaftServerImpl.java:setRole(184)) - 52743044-8979-4a08-8013-92a14c548982@group-146C50BE7901: changes role from  FOLLOWER to CANDIDATE at term 326 for changeToCandidate
2019-10-16 21:12:17,236 [Thread-2110] INFO  impl.RoleInfo (RoleInfo.java:updateAndGet(143)) - 52743044-8979-4a08-8013-92a14c548982: start LeaderElection
2019-10-16 21:12:17,249 [52743044-8979-4a08-8013-92a14c548982@group-146C50BE7901-LeaderElection271] INFO  impl.LeaderElection (LeaderElection.java:askForVotes(178)) - 52743044-8979-4a08-8013-92a14c548982@group-146C50BE7901-LeaderElection271: begin an election at term 327 for -1: [904f39be-c3d3-4df4-99c0-2e4526e577e3:192.168.157.254:45339, 52743044-8979-4a08-8013-92a14c548982:192.168.157.254:36428, 65da0c80-3604-4ac2-9a39-ee88d748a153:192.168.157.254:37466], old=null
2019-10-16 21:12:17,251 [grpc-default-executor-1] INFO  impl.RaftServerImpl (RaftServerImpl.java:setRole(184)) - 904f39be-c3d3-4df4-99c0-2e4526e577e3@group-146C50BE7901: changes role from  FOLLOWER to FOLLOWER at term 327 for recognizeCandidate:52743044-8979-4a08-8013-92a14c548982
2019-10-16 21:12:17,251 [grpc-default-executor-1] INFO  impl.RoleInfo (RoleInfo.java:shutdownFollowerState(121)) - 904f39be-c3d3-4df4-99c0-2e4526e577e3: shutdown FollowerState
2019-10-16 21:12:17,251 [grpc-default-executor-0] INFO  impl.RaftServerImpl (RaftServerImpl.java:setRole(184)) - 65da0c80-3604-4ac2-9a39-ee88d748a153@group-146C50BE7901: changes role from  FOLLOWER to FOLLOWER at term 327 for recognizeCandidate:52743044-8979-4a08-8013-92a14c548982
2019-10-16 21:12:17,252 [grpc-default-executor-0] INFO  impl.RoleInfo (RoleInfo.java:shutdownFollowerState(121)) - 65da0c80-3604-4ac2-9a39-ee88d748a153: shutdown FollowerState
2019-10-16 21:12:17,252 [Thread-2109] INFO  impl.FollowerState (FollowerState.java:run(117)) - 904f39be-c3d3-4df4-99c0-2e4526e577e3@group-146C50BE7901-FollowerState was interrupted: java.lang.InterruptedException: sleep interrupted
2019-10-16 21:12:17,252 [Thread-2108] INFO  impl.FollowerState (FollowerState.java:run(117)) - 65da0c80-3604-4ac2-9a39-ee88d748a153@group-146C50BE7901-FollowerState was interrupted: java.lang.InterruptedException: sleep interrupted
2019-10-16 21:12:17,252 [grpc-default-executor-1] INFO  impl.RoleInfo (RoleInfo.java:updateAndGet(143)) - 904f39be-c3d3-4df4-99c0-2e4526e577e3: start FollowerState
2019-10-16 21:12:17,252 [grpc-default-executor-0] INFO  impl.RoleInfo (RoleInfo.java:updateAndGet(143)) - 65da0c80-3604-4ac2-9a39-ee88d748a153: start FollowerState
2019-10-16 21:12:17,266 [52743044-8979-4a08-8013-92a14c548982@group-146C50BE7901-LeaderElection271] INFO  impl.LeaderElection (LeaderElection.java:logAndReturn(56)) - 52743044-8979-4a08-8013-92a14c548982@group-146C50BE7901-LeaderElection271: Election REJECTED; received 2 response(s) [52743044-8979-4a08-8013-92a14c548982<-904f39be-c3d3-4df4-99c0-2e4526e577e3#0:FAIL-t327, 52743044-8979-4a08-8013-92a14c548982<-65da0c80-3604-4ac2-9a39-ee88d748a153#0:FAIL-t327] and 0 exception(s); 52743044-8979-4a08-8013-92a14c548982@group-146C50BE7901:t327, leader=null, voted=52743044-8979-4a08-8013-92a14c548982, raftlog=52743044-8979-4a08-8013-92a14c548982@group-146C50BE7901-SegmentedRaftLog:OPENED:c-1,f-1,i0, conf=-1: [904f39be-c3d3-4df4-99c0-2e4526e577e3:192.168.157.254:45339, 52743044-8979-4a08-8013-92a14c548982:192.168.157.254:36428, 65da0c80-3604-4ac2-9a39-ee88d748a153:192.168.157.254:37466], old=null
2019-10-16 21:12:17,267 [52743044-8979-4a08-8013-92a14c548982@group-146C50BE7901-LeaderElection271] INFO  impl.RaftServerImpl (RaftServerImpl.java:setRole(184)) - 52743044-8979-4a08-8013-92a14c548982@group-146C50BE7901: changes role from CANDIDATE to FOLLOWER at term 327 for DISCOVERED_A_NEW_TERM
2019-10-16 21:12:17,267 [52743044-8979-4a08-8013-92a14c548982@group-146C50BE7901-LeaderElection271] INFO  impl.RoleInfo (RoleInfo.java:shutdownLeaderElection(134)) - 52743044-8979-4a08-8013-92a14c548982: shutdown LeaderElection
2019-10-16 21:12:17,267 [52743044-8979-4a08-8013-92a14c548982@group-146C50BE7901-LeaderElection271] INFO  impl.RoleInfo (RoleInfo.java:updateAndGet(143)) - 52743044-8979-4a08-8013-92a14c548982: start FollowerState
2019-10-16 21:12:17,463 [Thread-2116] INFO  impl.FollowerState (FollowerState.java:run(108)) - 52743044-8979-4a08-8013-92a14c548982@group-146C50BE7901-FollowerState: change to CANDIDATE, lastRpcTime:196ms, electionTimeout:196ms
2019-10-16 21:12:17,463 [Thread-2116] INFO  impl.RoleInfo (RoleInfo.java:shutdownFollowerState(121)) - 52743044-8979-4a08-8013-92a14c548982: shutdown FollowerState
2019-10-16 21:12:17,463 [Thread-2116] INFO  impl.RaftServerImpl (RaftServerImpl.java:setRole(184)) - 52743044-8979-4a08-8013-92a14c548982@group-146C50BE7901: changes role from  FOLLOWER to CANDIDATE at term 327 for changeToCandidate
2019-10-16 21:12:17,463 [Thread-2116] INFO  impl.RoleInfo (RoleInfo.java:updateAndGet(143)) - 52743044-8979-4a08-8013-92a14c548982: start LeaderElection
2019-10-16 21:12:17,519 [52743044-8979-4a08-8013-92a14c548982@group-146C50BE7901-LeaderElection272] INFO  impl.LeaderElection (LeaderElection.java:askForVotes(178)) - 52743044-8979-4a08-8013-92a14c548982@group-146C50BE7901-LeaderElection272: begin an election at term 328 for -1: [904f39be-c3d3-4df4-99c0-2e4526e577e3:192.168.157.254:45339, 52743044-8979-4a08-8013-92a14c548982:192.168.157.254:36428, 65da0c80-3604-4ac2-9a39-ee88d748a153:192.168.157.254:37466], old=null
2019-10-16 21:12:17,521 [grpc-default-executor-1] INFO  impl.RaftServerImpl (RaftServerImpl.java:setRole(184)) - 904f39be-c3d3-4df4-99c0-2e4526e577e3@group-146C50BE7901: changes role from  FOLLOWER to FOLLOWER at term 328 for recognizeCandidate:52743044-8979-4a08-8013-92a14c548982
2019-10-16 21:12:17,521 [grpc-default-executor-0] INFO  impl.RaftServerImpl (RaftServerImpl.java:setRole(184)) - 65da0c80-3604-4ac2-9a39-ee88d748a153@group-146C50BE7901: changes role from  FOLLOWER to FOLLOWER at term 328 for recognizeCandidate:52743044-8979-4a08-8013-92a14c548982
2019-10-16 21:12:17,521 [grpc-default-executor-0] INFO  impl.RoleInfo (RoleInfo.java:shutdownFollowerState(121)) - 65da0c80-3604-4ac2-9a39-ee88d748a153: shutdown FollowerState
2019-10-16 21:12:17,521 [grpc-default-executor-1] INFO  impl.RoleInfo (RoleInfo.java:shutdownFollowerState(121)) - 904f39be-c3d3-4df4-99c0-2e4526e577e3: shutdown FollowerState
2019-10-16 21:12:17,521 [Thread-2115] INFO  impl.FollowerState (FollowerState.java:run(117)) - 65da0c80-3604-4ac2-9a39-ee88d748a153@group-146C50BE7901-FollowerState was interrupted: java.lang.InterruptedException: sleep interrupted
2019-10-16 21:12:17,521 [grpc-default-executor-0] INFO  impl.RoleInfo (RoleInfo.java:updateAndGet(143)) - 65da0c80-3604-4ac2-9a39-ee88d748a153: start FollowerState
2019-10-16 21:12:17,521 [grpc-default-executor-1] INFO  impl.RoleInfo (RoleInfo.java:updateAndGet(143)) - 904f39be-c3d3-4df4-99c0-2e4526e577e3: start FollowerState
2019-10-16 21:12:17,521 [Thread-2114] INFO  impl.FollowerState (FollowerState.java:run(117)) - 904f39be-c3d3-4df4-99c0-2e4526e577e3@group-146C50BE7901-FollowerState was interrupted: java.lang.InterruptedException: sleep interrupted
2019-10-16 21:12:17,535 [52743044-8979-4a08-8013-92a14c548982@group-146C50BE7901-LeaderElection272] INFO  impl.LeaderElection (LeaderElection.java:logAndReturn(56)) - 52743044-8979-4a08-8013-92a14c548982@group-146C50BE7901-LeaderElection272: Election REJECTED; received 2 response(s) [52743044-8979-4a08-8013-92a14c548982<-904f39be-c3d3-4df4-99c0-2e4526e577e3#0:FAIL-t328, 52743044-8979-4a08-8013-92a14c548982<-65da0c80-3604-4ac2-9a39-ee88d748a153#0:FAIL-t328] and 0 exception(s); 52743044-8979-4a08-8013-92a14c548982@group-146C50BE7901:t328, leader=null, voted=52743044-8979-4a08-8013-92a14c548982, raftlog=52743044-8979-4a08-8013-92a14c548982@group-146C50BE7901-SegmentedRaftLog:OPENED:c-1,f-1,i0, conf=-1: [904f39be-c3d3-4df4-99c0-2e4526e577e3:192.168.157.254:45339, 52743044-8979-4a08-8013-92a14c548982:192.168.157.254:36428, 65da0c80-3604-4ac2-9a39-ee88d748a153:192.168.157.254:37466], old=null
2019-10-16 21:12:17,536 [52743044-8979-4a08-8013-92a14c548982@group-146C50BE7901-LeaderElection272] INFO  impl.RaftServerImpl (RaftServerImpl.java:setRole(184)) - 52743044-8979-4a08-8013-92a14c548982@group-146C50BE7901: changes role from CANDIDATE to FOLLOWER at term 328 for DISCOVERED_A_NEW_TERM
2019-10-16 21:12:17,536 [52743044-8979-4a08-8013-92a14c548982@group-146C50BE7901-LeaderElection272] INFO  impl.RoleInfo (RoleInfo.java:shutdownLeaderElection(134)) - 52743044-8979-4a08-8013-92a14c548982: shutdown LeaderElection
2019-10-16 21:12:17,536 [52743044-8979-4a08-8013-92a14c548982@group-146C50BE7901-LeaderElection272] INFO  impl.RoleInfo (RoleInfo.java:updateAndGet(143)) - 52743044-8979-4a08-8013-92a14c548982: start FollowerState
2019-10-16 21:12:17,693 [Thread-2122] INFO  impl.FollowerState (FollowerState.java:run(108)) - 52743044-8979-4a08-8013-92a14c548982@group-146C50BE7901-FollowerState: change to CANDIDATE, lastRpcTime:157ms, electionTimeout:157ms
2019-10-16 21:12:17,693 [Thread-2122] INFO  impl.RoleInfo (RoleInfo.java:shutdownFollowerState(121)) - 52743044-8979-4a08-8013-92a14c548982: shutdown FollowerState
2019-10-16 21:12:17,693 [Thread-2122] INFO  impl.RaftServerImpl (RaftServerImpl.java:setRole(184)) - 52743044-8979-4a08-8013-92a14c548982@group-146C50BE7901: changes role from  FOLLOWER to CANDIDATE at term 328 for changeToCandidate
2019-10-16 21:12:17,693 [Thread-2122] INFO  impl.RoleInfo (RoleInfo.java:updateAndGet(143)) - 52743044-8979-4a08-8013-92a14c548982: start LeaderElection
2019-10-16 21:12:17,742 [52743044-8979-4a08-8013-92a14c548982@group-146C50BE7901-LeaderElection273] INFO  impl.LeaderElection (LeaderElection.java:askForVotes(178)) - 52743044-8979-4a08-8013-92a14c548982@group-146C50BE7901-LeaderElection273: begin an election at term 329 for -1: [904f39be-c3d3-4df4-99c0-2e4526e577e3:192.168.157.254:45339, 52743044-8979-4a08-8013-92a14c548982:192.168.157.254:36428, 65da0c80-3604-4ac2-9a39-ee88d748a153:192.168.157.254:37466], old=null
2019-10-16 21:12:17,743 [grpc-default-executor-0] INFO  impl.RaftServerImpl (RaftServerImpl.java:setRole(184)) - 904f39be-c3d3-4df4-99c0-2e4526e577e3@group-146C50BE7901: changes role from  FOLLOWER to FOLLOWER at term 329 for recognizeCandidate:52743044-8979-4a08-8013-92a14c548982
2019-10-16 21:12:17,743 [grpc-default-executor-0] INFO  impl.RoleInfo (RoleInfo.java:shutdownFollowerState(121)) - 904f39be-c3d3-4df4-99c0-2e4526e577e3: shutdown FollowerState
2019-10-16 21:12:17,743 [grpc-default-executor-0] INFO  impl.RoleInfo (RoleInfo.java:updateAndGet(143)) - 904f39be-c3d3-4df4-99c0-2e4526e577e3: start FollowerState
2019-10-16 21:12:17,743 [grpc-default-executor-1] INFO  impl.RaftServerImpl (RaftServerImpl.java:setRole(184)) - 65da0c80-3604-4ac2-9a39-ee88d748a153@group-146C50BE7901: changes role from  FOLLOWER to FOLLOWER at term 329 for recognizeCandidate:52743044-8979-4a08-8013-92a14c548982
2019-10-16 21:12:17,744 [grpc-default-executor-1] INFO  impl.RoleInfo (RoleInfo.java:shutdownFollowerState(121)) - 65da0c80-3604-4ac2-9a39-ee88d748a153: shutdown FollowerState
2019-10-16 21:12:17,743 [Thread-2121] INFO  impl.FollowerState (FollowerState.java:run(117)) - 904f39be-c3d3-4df4-99c0-2e4526e577e3@group-146C50BE7901-FollowerState was interrupted: java.lang.InterruptedException: sleep interrupted
2019-10-16 21:12:17,744 [Thread-2120] INFO  impl.FollowerState (FollowerState.java:run(117)) - 65da0c80-3604-4ac2-9a39-ee88d748a153@group-146C50BE7901-FollowerState was interrupted: java.lang.InterruptedException: sleep interrupted
2019-10-16 21:12:17,744 [grpc-default-executor-1] INFO  impl.RoleInfo (RoleInfo.java:updateAndGet(143)) - 65da0c80-3604-4ac2-9a39-ee88d748a153: start FollowerState
2019-10-16 21:12:17,792 [52743044-8979-4a08-8013-92a14c548982@group-146C50BE7901-LeaderElection273] INFO  impl.LeaderElection (LeaderElection.java:logAndReturn(56)) - 52743044-8979-4a08-8013-92a14c548982@group-146C50BE7901-LeaderElection273: Election REJECTED; received 2 response(s) [52743044-8979-4a08-8013-92a14c548982<-904f39be-c3d3-4df4-99c0-2e4526e577e3#0:FAIL-t329, 52743044-8979-4a08-8013-92a14c548982<-65da0c80-3604-4ac2-9a39-ee88d748a153#0:FAIL-t329] and 0 exception(s); 52743044-8979-4a08-8013-92a14c548982@group-146C50BE7901:t329, leader=null, voted=52743044-8979-4a08-8013-92a14c548982, raftlog=52743044-8979-4a08-8013-92a14c548982@group-146C50BE7901-SegmentedRaftLog:OPENED:c-1,f-1,i0, conf=-1: [904f39be-c3d3-4df4-99c0-2e4526e577e3:192.168.157.254:45339, 52743044-8979-4a08-8013-92a14c548982:192.168.157.254:36428, 65da0c80-3604-4ac2-9a39-ee88d748a153:192.168.157.254:37466], old=null
2019-10-16 21:12:17,792 [52743044-8979-4a08-8013-92a14c548982@group-146C50BE7901-LeaderElection273] INFO  impl.RaftServerImpl (RaftServerImpl.java:setRole(184)) - 52743044-8979-4a08-8013-92a14c548982@group-146C50BE7901: changes role from CANDIDATE to FOLLOWER at term 329 for DISCOVERED_A_NEW_TERM
2019-10-16 21:12:17,792 [52743044-8979-4a08-8013-92a14c548982@group-146C50BE7901-LeaderElection273] INFO  impl.RoleInfo (RoleInfo.java:shutdownLeaderElection(134)) - 52743044-8979-4a08-8013-92a14c548982: shutdown LeaderElection
2019-10-16 21:12:17,792 [52743044-8979-4a08-8013-92a14c548982@group-146C50BE7901-LeaderElection273] INFO  impl.RoleInfo (RoleInfo.java:updateAndGet(143)) - 52743044-8979-4a08-8013-92a14c548982: start FollowerState
2019-10-16 21:12:17,971 [Thread-2128] INFO  impl.FollowerState (FollowerState.java:run(108)) - 52743044-8979-4a08-8013-92a14c548982@group-146C50BE7901-FollowerState: change to CANDIDATE, lastRpcTime:178ms, electionTimeout:178ms
2019-10-16 21:12:17,971 [Thread-2128] INFO  impl.RoleInfo (RoleInfo.java:shutdownFollowerState(121)) - 52743044-8979-4a08-8013-92a14c548982: shutdown FollowerState
2019-10-16 21:12:17,971 [Thread-2128] INFO  impl.RaftServerImpl (RaftServerImpl.java:setRole(184)) - 52743044-8979-4a08-8013-92a14c548982@group-146C50BE7901: changes role from  FOLLOWER to CANDIDATE at term 329 for changeToCandidate
2019-10-16 21:12:17,971 [Thread-2128] INFO  impl.RoleInfo (RoleInfo.java:updateAndGet(143)) - 52743044-8979-4a08-8013-92a14c548982: start LeaderElection
2019-10-16 21:12:17,987 [52743044-8979-4a08-8013-92a14c548982@group-146C50BE7901-LeaderElection274] INFO  impl.LeaderElection (LeaderElection.java:askForVotes(178)) - 52743044-8979-4a08-8013-92a14c548982@group-146C50BE7901-LeaderElection274: begin an election at term 330 for -1: [904f39be-c3d3-4df4-99c0-2e4526e577e3:192.168.157.254:45339, 52743044-8979-4a08-8013-92a14c548982:192.168.157.254:36428, 65da0c80-3604-4ac2-9a39-ee88d748a153:192.168.157.254:37466], old=null
2019-10-16 21:12:17,988 [grpc-default-executor-1] INFO  impl.RaftServerImpl (RaftServerImpl.java:setRole(184)) - 904f39be-c3d3-4df4-99c0-2e4526e577e3@group-146C50BE7901: changes role from  FOLLOWER to FOLLOWER at term 330 for recognizeCandidate:52743044-8979-4a08-8013-92a14c548982
2019-10-16 21:12:17,988 [grpc-default-executor-1] INFO  impl.RoleInfo (RoleInfo.java:shutdownFollowerState(121)) - 904f39be-c3d3-4df4-99c0-2e4526e577e3: shutdown FollowerState
2019-10-16 21:12:17,988 [grpc-default-executor-0] INFO  impl.RaftServerImpl (RaftServerImpl.java:setRole(184)) - 65da0c80-3604-4ac2-9a39-ee88d748a153@group-146C50BE7901: changes role from  FOLLOWER to FOLLOWER at term 330 for recognizeCandidate:52743044-8979-4a08-8013-92a14c548982
2019-10-16 21:12:17,988 [Thread-2126] INFO  impl.FollowerState (FollowerState.java:run(117)) - 904f39be-c3d3-4df4-99c0-2e4526e577e3@group-146C50BE7901-FollowerState was interrupted: java.lang.InterruptedException: sleep interrupted
2019-10-16 21:12:17,988 [grpc-default-executor-1] INFO  impl.RoleInfo (RoleInfo.java:updateAndGet(143)) - 904f39be-c3d3-4df4-99c0-2e4526e577e3: start FollowerState
2019-10-16 21:12:17,989 [grpc-default-executor-0] INFO  impl.RoleInfo (RoleInfo.java:shutdownFollowerState(121)) - 65da0c80-3604-4ac2-9a39-ee88d748a153: shutdown FollowerState
2019-10-16 21:12:17,989 [grpc-default-executor-0] INFO  impl.RoleInfo (RoleInfo.java:updateAndGet(143)) - 65da0c80-3604-4ac2-9a39-ee88d748a153: start FollowerState
2019-10-16 21:12:17,989 [Thread-2127] INFO  impl.FollowerState (FollowerState.java:run(117)) - 65da0c80-3604-4ac2-9a39-ee88d748a153@group-146C50BE7901-FollowerState was interrupted: java.lang.InterruptedException: sleep interrupted
2019-10-16 21:12:18,004 [52743044-8979-4a08-8013-92a14c548982@group-146C50BE7901-LeaderElection274] INFO  impl.LeaderElection (LeaderElection.java:logAndReturn(56)) - 52743044-8979-4a08-8013-92a14c548982@group-146C50BE7901-LeaderElection274: Election REJECTED; received 2 response(s) [52743044-8979-4a08-8013-92a14c548982<-904f39be-c3d3-4df4-99c0-2e4526e577e3#0:FAIL-t330, 52743044-8979-4a08-8013-92a14c548982<-65da0c80-3604-4ac2-9a39-ee88d748a153#0:FAIL-t330] and 0 exception(s); 52743044-8979-4a08-8013-92a14c548982@group-146C50BE7901:t330, leader=null, voted=52743044-8979-4a08-8013-92a14c548982, raftlog=52743044-8979-4a08-8013-92a14c548982@group-146C50BE7901-SegmentedRaftLog:OPENED:c-1,f-1,i0, conf=-1: [904f39be-c3d3-4df4-99c0-2e4526e577e3:192.168.157.254:45339, 52743044-8979-4a08-8013-92a14c548982:192.168.157.254:36428, 65da0c80-3604-4ac2-9a39-ee88d748a153:192.168.157.254:37466], old=null
2019-10-16 21:12:18,004 [52743044-8979-4a08-8013-92a14c548982@group-146C50BE7901-LeaderElection274] INFO  impl.RaftServerImpl (RaftServerImpl.java:setRole(184)) - 52743044-8979-4a08-8013-92a14c548982@group-146C50BE7901: changes role from CANDIDATE to FOLLOWER at term 330 for DISCOVERED_A_NEW_TERM
2019-10-16 21:12:18,004 [52743044-8979-4a08-8013-92a14c548982@group-146C50BE7901-LeaderElection274] INFO  impl.RoleInfo (RoleInfo.java:shutdownLeaderElection(134)) - 52743044-8979-4a08-8013-92a14c548982: shutdown LeaderElection
2019-10-16 21:12:18,004 [52743044-8979-4a08-8013-92a14c548982@group-146C50BE7901-LeaderElection274] INFO  impl.RoleInfo (RoleInfo.java:updateAndGet(143)) - 52743044-8979-4a08-8013-92a14c548982: start FollowerState
2019-10-16 21:12:18,160 [Thread-2134] INFO  impl.FollowerState (FollowerState.java:run(108)) - 52743044-8979-4a08-8013-92a14c548982@group-146C50BE7901-FollowerState: change to CANDIDATE, lastRpcTime:155ms, electionTimeout:155ms
2019-10-16 21:12:18,160 [Thread-2134] INFO  impl.RoleInfo (RoleInfo.java:shutdownFollowerState(121)) - 52743044-8979-4a08-8013-92a14c548982: shutdown FollowerState
2019-10-16 21:12:18,160 [Thread-2134] INFO  impl.RaftServerImpl (RaftServerImpl.java:setRole(184)) - 52743044-8979-4a08-8013-92a14c548982@group-146C50BE7901: changes role from  FOLLOWER to CANDIDATE at term 330 for changeToCandidate
2019-10-16 21:12:18,160 [Thread-2134] INFO  impl.RoleInfo (RoleInfo.java:updateAndGet(143)) - 52743044-8979-4a08-8013-92a14c548982: start LeaderElection
2019-10-16 21:12:18,205 [52743044-8979-4a08-8013-92a14c548982@group-146C50BE7901-LeaderElection275] INFO  impl.LeaderElection (LeaderElection.java:askForVotes(178)) - 52743044-8979-4a08-8013-92a14c548982@group-146C50BE7901-LeaderElection275: begin an election at term 331 for -1: [904f39be-c3d3-4df4-99c0-2e4526e577e3:192.168.157.254:45339, 52743044-8979-4a08-8013-92a14c548982:192.168.157.254:36428, 65da0c80-3604-4ac2-9a39-ee88d748a153:192.168.157.254:37466], old=null
2019-10-16 21:12:18,206 [grpc-default-executor-1] INFO  impl.RaftServerImpl (RaftServerImpl.java:setRole(184)) - 65da0c80-3604-4ac2-9a39-ee88d748a153@group-146C50BE7901: changes role from  FOLLOWER to FOLLOWER at term 331 for recognizeCandidate:52743044-8979-4a08-8013-92a14c548982
2019-10-16 21:12:18,207 [grpc-default-executor-1] INFO  impl.RoleInfo (RoleInfo.java:shutdownFollowerState(121)) - 65da0c80-3604-4ac2-9a39-ee88d748a153: shutdown FollowerState
2019-10-16 21:12:18,207 [grpc-default-executor-0] INFO  impl.RaftServerImpl (RaftServerImpl.java:setRole(184)) - 904f39be-c3d3-4df4-99c0-2e4526e577e3@group-146C50BE7901: changes role from  FOLLOWER to FOLLOWER at term 331 for recognizeCandidate:52743044-8979-4a08-8013-92a14c548982
2019-10-16 21:12:18,207 [grpc-default-executor-0] INFO  impl.RoleInfo (RoleInfo.java:shutdownFollowerState(121)) - 904f39be-c3d3-4df4-99c0-2e4526e577e3: shutdown FollowerState
2019-10-16 21:12:18,207 [Thread-2133] INFO  impl.FollowerState (FollowerState.java:run(117)) - 65da0c80-3604-4ac2-9a39-ee88d748a153@group-146C50BE7901-FollowerState was interrupted: java.lang.InterruptedException: sleep interrupted
2019-10-16 21:12:18,207 [grpc-default-executor-1] INFO  impl.RoleInfo (RoleInfo.java:updateAndGet(143)) - 65da0c80-3604-4ac2-9a39-ee88d748a153: start FollowerState
2019-10-16 21:12:18,207 [grpc-default-executor-0] INFO  impl.RoleInfo (RoleInfo.java:updateAndGet(143)) - 904f39be-c3d3-4df4-99c0-2e4526e577e3: start FollowerState
2019-10-16 21:12:18,207 [Thread-2132] INFO  impl.FollowerState (FollowerState.java:run(117)) - 904f39be-c3d3-4df4-99c0-2e4526e577e3@group-146C50BE7901-FollowerState was interrupted: java.lang.InterruptedException: sleep interrupted
2019-10-16 21:12:18,243 [52743044-8979-4a08-8013-92a14c548982@group-146C50BE7901-LeaderElection275] INFO  impl.LeaderElection (LeaderElection.java:logAndReturn(56)) - 52743044-8979-4a08-8013-92a14c548982@group-146C50BE7901-LeaderElection275: Election TIMEOUT; received 0 response(s) [] and 0 exception(s); 52743044-8979-4a08-8013-92a14c548982@group-146C50BE7901:t331, leader=null, voted=52743044-8979-4a08-8013-92a14c548982, raftlog=52743044-8979-4a08-8013-92a14c548982@group-146C50BE7901-SegmentedRaftLog:OPENED:c-1,f-1,i0, conf=-1: [904f39be-c3d3-4df4-99c0-2e4526e577e3:192.168.157.254:45339, 52743044-8979-4a08-8013-92a14c548982:192.168.157.254:36428, 65da0c80-3604-4ac2-9a39-ee88d748a153:192.168.157.254:37466], old=null
2019-10-16 21:12:18,246 [52743044-8979-4a08-8013-92a14c548982@group-146C50BE7901-LeaderElection275] INFO  impl.LeaderElection (LeaderElection.java:askForVotes(178)) - 52743044-8979-4a08-8013-92a14c548982@group-146C50BE7901-LeaderElection275: begin an election at term 332 for -1: [904f39be-c3d3-4df4-99c0-2e4526e577e3:192.168.157.254:45339, 52743044-8979-4a08-8013-92a14c548982:192.168.157.254:36428, 65da0c80-3604-4ac2-9a39-ee88d748a153:192.168.157.254:37466], old=null
2019-10-16 21:12:18,248 [grpc-default-executor-1] INFO  impl.RaftServerImpl (RaftServerImpl.java:setRole(184)) - 904f39be-c3d3-4df4-99c0-2e4526e577e3@group-146C50BE7901: changes role from  FOLLOWER to FOLLOWER at term 332 for recognizeCandidate:52743044-8979-4a08-8013-92a14c548982
2019-10-16 21:12:18,248 [grpc-default-executor-0] INFO  impl.RaftServerImpl (RaftServerImpl.java:setRole(184)) - 65da0c80-3604-4ac2-9a39-ee88d748a153@group-146C50BE7901: changes role from  FOLLOWER to FOLLOWER at term 332 for recognizeCandidate:52743044-8979-4a08-8013-92a14c548982
2019-10-16 21:12:18,248 [grpc-default-executor-1] INFO  impl.RoleInfo (RoleInfo.java:shutdownFollowerState(121)) - 904f39be-c3d3-4df4-99c0-2e4526e577e3: shutdown FollowerState
2019-10-16 21:12:18,248 [grpc-default-executor-0] INFO  impl.RoleInfo (RoleInfo.java:shutdownFollowerState(121)) - 65da0c80-3604-4ac2-9a39-ee88d748a153: shutdown FollowerState
2019-10-16 21:12:18,248 [grpc-default-executor-0] INFO  impl.RoleInfo (RoleInfo.java:updateAndGet(143)) - 65da0c80-3604-4ac2-9a39-ee88d748a153: start FollowerState
2019-10-16 21:12:18,248 [Thread-2139] INFO  impl.FollowerState (FollowerState.java:run(117)) - 904f39be-c3d3-4df4-99c0-2e4526e577e3@group-146C50BE7901-FollowerState was interrupted: java.lang.InterruptedException: sleep interrupted
2019-10-16 21:12:18,248 [grpc-default-executor-1] INFO  impl.RoleInfo (RoleInfo.java:updateAndGet(143)) - 904f39be-c3d3-4df4-99c0-2e4526e577e3: start FollowerState
2019-10-16 21:12:18,248 [Thread-2138] INFO  impl.FollowerState (FollowerState.java:run(117)) - 65da0c80-3604-4ac2-9a39-ee88d748a153@group-146C50BE7901-FollowerState was interrupted: java.lang.InterruptedException: sleep interrupted
2019-10-16 21:12:18,288 [52743044-8979-4a08-8013-92a14c548982@group-146C50BE7901-LeaderElection275] INFO  impl.LeaderElection (LeaderElection.java:logAndReturn(56)) - 52743044-8979-4a08-8013-92a14c548982@group-146C50BE7901-LeaderElection275: Election REJECTED; received 2 response(s) [52743044-8979-4a08-8013-92a14c548982<-904f39be-c3d3-4df4-99c0-2e4526e577e3#0:FAIL-t332, 52743044-8979-4a08-8013-92a14c548982<-65da0c80-3604-4ac2-9a39-ee88d748a153#0:FAIL-t332] and 0 exception(s); 52743044-8979-4a08-8013-92a14c548982@group-146C50BE7901:t332, leader=null, voted=52743044-8979-4a08-8013-92a14c548982, raftlog=52743044-8979-4a08-8013-92a14c548982@group-146C50BE7901-SegmentedRaftLog:OPENED:c-1,f-1,i0, conf=-1: [904f39be-c3d3-4df4-99c0-2e4526e577e3:192.168.157.254:45339, 52743044-8979-4a08-8013-92a14c548982:192.168.157.254:36428, 65da0c80-3604-4ac2-9a39-ee88d748a153:192.168.157.254:37466], old=null
2019-10-16 21:12:18,288 [52743044-8979-4a08-8013-92a14c548982@group-146C50BE7901-LeaderElection275] INFO  impl.RaftServerImpl (RaftServerImpl.java:setRole(184)) - 52743044-8979-4a08-8013-92a14c548982@group-146C50BE7901: changes role from CANDIDATE to FOLLOWER at term 332 for DISCOVERED_A_NEW_TERM
2019-10-16 21:12:18,288 [52743044-8979-4a08-8013-92a14c548982@group-146C50BE7901-LeaderElection275] INFO  impl.RoleInfo (RoleInfo.java:shutdownLeaderElection(134)) - 52743044-8979-4a08-8013-92a14c548982: shutdown LeaderElection
2019-10-16 21:12:18,288 [52743044-8979-4a08-8013-92a14c548982@group-146C50BE7901-LeaderElection275] INFO  impl.RoleInfo (RoleInfo.java:updateAndGet(143)) - 52743044-8979-4a08-8013-92a14c548982: start FollowerState
2019-10-16 21:12:18,293 [main] INFO  ozoneimpl.OzoneContainer (OzoneContainer.java:stop(227)) - Attempting to stop container services.
2019-10-16 21:12:18,293 [ForkJoinPool.commonPool-worker-0] INFO  ozoneimpl.OzoneContainer (OzoneContainer.java:stop(227)) - Attempting to stop container services.
2019-10-16 21:12:18,295 [main] INFO  impl.RaftServerProxy (RaftServerProxy.java:lambda$close$4(314)) - 65da0c80-3604-4ac2-9a39-ee88d748a153: close
2019-10-16 21:12:18,295 [ForkJoinPool.commonPool-worker-0] INFO  impl.RaftServerProxy (RaftServerProxy.java:lambda$close$4(314)) - 904f39be-c3d3-4df4-99c0-2e4526e577e3: close
2019-10-16 21:12:18,296 [main] INFO  impl.RaftServerImpl (RaftServerImpl.java:lambda$shutdown$3(261)) - 65da0c80-3604-4ac2-9a39-ee88d748a153@group-3188A2C41C7C: shutdown
2019-10-16 21:12:18,296 [ForkJoinPool.commonPool-worker-0] INFO  impl.RaftServerImpl (RaftServerImpl.java:lambda$shutdown$3(261)) - 904f39be-c3d3-4df4-99c0-2e4526e577e3@group-146C50BE7901: shutdown
2019-10-16 21:12:18,297 [main] INFO  util.JmxRegister (JmxRegister.java:unregister(73)) - Successfully un-registered JMX Bean with object name Ratis:service=RaftServer,group=group-3188A2C41C7C,id=65da0c80-3604-4ac2-9a39-ee88d748a153
2019-10-16 21:12:18,297 [ForkJoinPool.commonPool-worker-0] INFO  util.JmxRegister (JmxRegister.java:unregister(73)) - Successfully un-registered JMX Bean with object name Ratis:service=RaftServer,group=group-146C50BE7901,id=904f39be-c3d3-4df4-99c0-2e4526e577e3
2019-10-16 21:12:18,297 [main] INFO  impl.RoleInfo (RoleInfo.java:shutdownLeaderState(104)) - 65da0c80-3604-4ac2-9a39-ee88d748a153: shutdown LeaderState
2019-10-16 21:12:18,297 [ForkJoinPool.commonPool-worker-0] INFO  impl.RoleInfo (RoleInfo.java:shutdownFollowerState(121)) - 904f39be-c3d3-4df4-99c0-2e4526e577e3: shutdown FollowerState
2019-10-16 21:12:18,298 [main] INFO  impl.PendingRequests (PendingRequests.java:sendNotLeaderResponses(202)) - 65da0c80-3604-4ac2-9a39-ee88d748a153@group-3188A2C41C7C-PendingRequests: sendNotLeaderResponses
2019-10-16 21:12:18,298 [Thread-2142] INFO  impl.FollowerState (FollowerState.java:run(117)) - 904f39be-c3d3-4df4-99c0-2e4526e577e3@group-146C50BE7901-FollowerState was interrupted: java.lang.InterruptedException: sleep interrupted
2019-10-16 21:12:18,298 [ForkJoinPool.commonPool-worker-0] INFO  impl.StateMachineUpdater (StateMachineUpdater.java:stopAndJoin(136)) - 904f39be-c3d3-4df4-99c0-2e4526e577e3@group-146C50BE7901-StateMachineUpdater: set stopIndex = -1
2019-10-16 21:12:18,298 [main] INFO  impl.StateMachineUpdater (StateMachineUpdater.java:stopAndJoin(136)) - 65da0c80-3604-4ac2-9a39-ee88d748a153@group-3188A2C41C7C-StateMachineUpdater: set stopIndex = 0
2019-10-16 21:12:18,299 [ForkJoinPool.commonPool-worker-0] INFO  impl.RaftServerImpl (ServerState.java:close(388)) - 904f39be-c3d3-4df4-99c0-2e4526e577e3@group-146C50BE7901: closes. applyIndex: -1
2019-10-16 21:12:18,299 [main] INFO  impl.RaftServerImpl (ServerState.java:close(388)) - 65da0c80-3604-4ac2-9a39-ee88d748a153@group-3188A2C41C7C: closes. applyIndex: 0
2019-10-16 21:12:18,300 [904f39be-c3d3-4df4-99c0-2e4526e577e3@group-146C50BE7901-SegmentedRaftLogWorker] INFO  segmented.SegmentedRaftLogWorker (SegmentedRaftLogWorker.java:run(316)) - 904f39be-c3d3-4df4-99c0-2e4526e577e3@group-146C50BE7901-SegmentedRaftLogWorker was interrupted, exiting. There are 0 tasks remaining in the queue.
2019-10-16 21:12:18,300 [65da0c80-3604-4ac2-9a39-ee88d748a153@group-3188A2C41C7C-SegmentedRaftLogWorker] INFO  segmented.SegmentedRaftLogWorker (SegmentedRaftLogWorker.java:run(316)) - 65da0c80-3604-4ac2-9a39-ee88d748a153@group-3188A2C41C7C-SegmentedRaftLogWorker was interrupted, exiting. There are 0 tasks remaining in the queue.
2019-10-16 21:12:18,302 [ForkJoinPool.commonPool-worker-0] INFO  segmented.SegmentedRaftLogWorker (SegmentedRaftLogWorker.java:close(224)) - 904f39be-c3d3-4df4-99c0-2e4526e577e3@group-146C50BE7901-SegmentedRaftLogWorker close()
2019-10-16 21:12:18,302 [main] INFO  segmented.SegmentedRaftLogWorker (SegmentedRaftLogWorker.java:close(224)) - 65da0c80-3604-4ac2-9a39-ee88d748a153@group-3188A2C41C7C-SegmentedRaftLogWorker close()
2019-10-16 21:12:18,304 [ForkJoinPool.commonPool-worker-0] INFO  impl.RaftServerImpl (RaftServerImpl.java:lambda$shutdown$3(261)) - 904f39be-c3d3-4df4-99c0-2e4526e577e3@group-B549722E11F2: shutdown
2019-10-16 21:12:18,306 [main] INFO  impl.RaftServerImpl (RaftServerImpl.java:lambda$shutdown$3(261)) - 65da0c80-3604-4ac2-9a39-ee88d748a153@group-146C50BE7901: shutdown
2019-10-16 21:12:18,306 [ForkJoinPool.commonPool-worker-0] INFO  util.JmxRegister (JmxRegister.java:unregister(73)) - Successfully un-registered JMX Bean with object name Ratis:service=RaftServer,group=group-B549722E11F2,id=904f39be-c3d3-4df4-99c0-2e4526e577e3
2019-10-16 21:12:18,306 [main] INFO  util.JmxRegister (JmxRegister.java:unregister(73)) - Successfully un-registered JMX Bean with object name Ratis:service=RaftServer,group=group-146C50BE7901,id=65da0c80-3604-4ac2-9a39-ee88d748a153
2019-10-16 21:12:18,306 [ForkJoinPool.commonPool-worker-0] INFO  impl.RoleInfo (RoleInfo.java:shutdownLeaderState(104)) - 904f39be-c3d3-4df4-99c0-2e4526e577e3: shutdown LeaderState
2019-10-16 21:12:18,307 [main] INFO  impl.RoleInfo (RoleInfo.java:shutdownFollowerState(121)) - 65da0c80-3604-4ac2-9a39-ee88d748a153: shutdown FollowerState
2019-10-16 21:12:18,307 [ForkJoinPool.commonPool-worker-0] INFO  impl.PendingRequests (PendingRequests.java:sendNotLeaderResponses(202)) - 904f39be-c3d3-4df4-99c0-2e4526e577e3@group-B549722E11F2-PendingRequests: sendNotLeaderResponses
2019-10-16 21:12:18,308 [Thread-2143] INFO  impl.FollowerState (FollowerState.java:run(117)) - 65da0c80-3604-4ac2-9a39-ee88d748a153@group-146C50BE7901-FollowerState was interrupted: java.lang.InterruptedException: sleep interrupted
2019-10-16 21:12:18,308 [ForkJoinPool.commonPool-worker-0] INFO  impl.StateMachineUpdater (StateMachineUpdater.java:stopAndJoin(136)) - 904f39be-c3d3-4df4-99c0-2e4526e577e3@group-B549722E11F2-StateMachineUpdater: set stopIndex = 0
2019-10-16 21:12:18,307 [main] INFO  impl.StateMachineUpdater (StateMachineUpdater.java:stopAndJoin(136)) - 65da0c80-3604-4ac2-9a39-ee88d748a153@group-146C50BE7901-StateMachineUpdater: set stopIndex = -1
2019-10-16 21:12:18,308 [main] INFO  impl.RaftServerImpl (ServerState.java:close(388)) - 65da0c80-3604-4ac2-9a39-ee88d748a153@group-146C50BE7901: closes. applyIndex: -1
2019-10-16 21:12:18,308 [ForkJoinPool.commonPool-worker-0] INFO  impl.RaftServerImpl (ServerState.java:close(388)) - 904f39be-c3d3-4df4-99c0-2e4526e577e3@group-B549722E11F2: closes. applyIndex: 0
2019-10-16 21:12:18,309 [65da0c80-3604-4ac2-9a39-ee88d748a153@group-146C50BE7901-SegmentedRaftLogWorker] INFO  segmented.SegmentedRaftLogWorker (SegmentedRaftLogWorker.java:run(316)) - 65da0c80-3604-4ac2-9a39-ee88d748a153@group-146C50BE7901-SegmentedRaftLogWorker was interrupted, exiting. There are 0 tasks remaining in the queue.
2019-10-16 21:12:18,309 [904f39be-c3d3-4df4-99c0-2e4526e577e3@group-B549722E11F2-SegmentedRaftLogWorker] INFO  segmented.SegmentedRaftLogWorker (SegmentedRaftLogWorker.java:run(316)) - 904f39be-c3d3-4df4-99c0-2e4526e577e3@group-B549722E11F2-SegmentedRaftLogWorker was interrupted, exiting. There are 0 tasks remaining in the queue.
2019-10-16 21:12:18,310 [main] INFO  segmented.SegmentedRaftLogWorker (SegmentedRaftLogWorker.java:close(224)) - 65da0c80-3604-4ac2-9a39-ee88d748a153@group-146C50BE7901-SegmentedRaftLogWorker close()
2019-10-16 21:12:18,310 [ForkJoinPool.commonPool-worker-0] INFO  segmented.SegmentedRaftLogWorker (SegmentedRaftLogWorker.java:close(224)) - 904f39be-c3d3-4df4-99c0-2e4526e577e3@group-B549722E11F2-SegmentedRaftLogWorker close()
2019-10-16 21:12:18,312 [Thread-2144] INFO  impl.FollowerState (FollowerState.java:run(108)) - 52743044-8979-4a08-8013-92a14c548982@group-146C50BE7901-FollowerState: change to CANDIDATE, lastRpcTime:23ms, electionTimeout:23ms
2019-10-16 21:12:18,314 [Thread-2144] INFO  impl.RoleInfo (RoleInfo.java:shutdownFollowerState(121)) - 52743044-8979-4a08-8013-92a14c548982: shutdown FollowerState
2019-10-16 21:12:18,314 [Thread-2144] INFO  impl.RaftServerImpl (RaftServerImpl.java:setRole(184)) - 52743044-8979-4a08-8013-92a14c548982@group-146C50BE7901: changes role from  FOLLOWER to CANDIDATE at term 332 for changeToCandidate
2019-10-16 21:12:18,314 [Thread-2144] INFO  impl.RoleInfo (RoleInfo.java:updateAndGet(143)) - 52743044-8979-4a08-8013-92a14c548982: start LeaderElection
2019-10-16 21:12:18,314 [main] INFO  server.GrpcService (GrpcService.java:closeImpl(164)) - 65da0c80-3604-4ac2-9a39-ee88d748a153: shutdown server with port 37466 now
2019-10-16 21:12:18,314 [ForkJoinPool.commonPool-worker-0] INFO  server.GrpcService (GrpcService.java:closeImpl(164)) - 904f39be-c3d3-4df4-99c0-2e4526e577e3: shutdown server with port 45339 now
2019-10-16 21:12:18,318 [ForkJoinPool.commonPool-worker-0] INFO  server.GrpcService (GrpcService.java:closeImpl(172)) - 904f39be-c3d3-4df4-99c0-2e4526e577e3: shutdown server with port 45339 successfully
2019-10-16 21:12:18,320 [main] INFO  server.GrpcService (GrpcService.java:closeImpl(172)) - 65da0c80-3604-4ac2-9a39-ee88d748a153: shutdown server with port 37466 successfully
2019-10-16 21:12:18,552 [52743044-8979-4a08-8013-92a14c548982@group-146C50BE7901-LeaderElection276] INFO  impl.LeaderElection (LeaderElection.java:askForVotes(178)) - 52743044-8979-4a08-8013-92a14c548982@group-146C50BE7901-LeaderElection276: begin an election at term 333 for -1: [904f39be-c3d3-4df4-99c0-2e4526e577e3:192.168.157.254:45339, 52743044-8979-4a08-8013-92a14c548982:192.168.157.254:36428, 65da0c80-3604-4ac2-9a39-ee88d748a153:192.168.157.254:37466], old=null
2019-10-16 21:12:18,567 [52743044-8979-4a08-8013-92a14c548982@group-146C50BE7901-LeaderElection276] INFO  impl.LeaderElection (LogUtils.java:infoOrTrace(149)) - 52743044-8979-4a08-8013-92a14c548982@group-146C50BE7901-LeaderElection276 got exception when requesting votes: {}
java.util.concurrent.ExecutionException: org.apache.ratis.thirdparty.io.grpc.StatusRuntimeException: UNAVAILABLE: HTTP/2 error code: NO_ERROR
Received Goaway
	at java.util.concurrent.FutureTask.report(FutureTask.java:122)
	at java.util.concurrent.FutureTask.get(FutureTask.java:192)
	at org.apache.ratis.server.impl.LeaderElection.waitForResults(LeaderElection.java:259)
	at org.apache.ratis.server.impl.LeaderElection.askForVotes(LeaderElection.java:197)
	at org.apache.ratis.server.impl.LeaderElection.run(LeaderElection.java:133)
	at java.lang.Thread.run(Thread.java:748)
Caused by: org.apache.ratis.thirdparty.io.grpc.StatusRuntimeException: UNAVAILABLE: HTTP/2 error code: NO_ERROR
Received Goaway
	at org.apache.ratis.thirdparty.io.grpc.stub.ClientCalls.toStatusRuntimeException(ClientCalls.java:233)
	at org.apache.ratis.thirdparty.io.grpc.stub.ClientCalls.getUnchecked(ClientCalls.java:214)
	at org.apache.ratis.thirdparty.io.grpc.stub.ClientCalls.blockingUnaryCall(ClientCalls.java:139)
	at org.apache.ratis.proto.grpc.RaftServerProtocolServiceGrpc$RaftServerProtocolServiceBlockingStub.requestVote(RaftServerProtocolServiceGrpc.java:265)
	at org.apache.ratis.grpc.server.GrpcServerProtocolClient.requestVote(GrpcServerProtocolClient.java:99)
	at org.apache.ratis.grpc.server.GrpcService.requestVote(GrpcService.java:204)
	at org.apache.ratis.server.impl.LeaderElection.lambda$submitRequests$1(LeaderElection.java:234)
	at java.util.concurrent.FutureTask.run(FutureTask.java:266)
	at java.util.concurrent.Executors$RunnableAdapter.call(Executors.java:511)
	at java.util.concurrent.FutureTask.run(FutureTask.java:266)
	at java.util.concurrent.ThreadPoolExecutor.runWorker(ThreadPoolExecutor.java:1149)
	at java.util.concurrent.ThreadPoolExecutor$Worker.run(ThreadPoolExecutor.java:624)
	... 1 more
2019-10-16 21:12:18,570 [refreshUsed-/workdir/hadoop-ozone/integration-test/target/test-dir/MiniOzoneClusterImpl-5bbdf16d-a65b-4877-b412-d21df752c328/datanode-0/data/containers] WARN  fs.CachingGetSpaceUsed (CachingGetSpaceUsed.java:run(183)) - Thread Interrupted waiting to refresh disk information: sleep interrupted
2019-10-16 21:12:18,569 [refreshUsed-/workdir/hadoop-ozone/integration-test/target/test-dir/MiniOzoneClusterImpl-5bbdf16d-a65b-4877-b412-d21df752c328/datanode-1/data/containers] WARN  fs.CachingGetSpaceUsed (CachingGetSpaceUsed.java:run(183)) - Thread Interrupted waiting to refresh disk information: sleep interrupted
2019-10-16 21:12:18,567 [grpc-default-worker-ELG-3-4] WARN  channel.AbstractChannelHandlerContext (PromiseNotificationUtil.java:tryFailure(67)) - Failed to mark a promise as failure because it has succeeded already: {}
2019-10-16 21:12:18,574 [52743044-8979-4a08-8013-92a14c548982@group-146C50BE7901-LeaderElection276] INFO  impl.LeaderElection (LogUtils.java:infoOrTrace(149)) - 52743044-8979-4a08-8013-92a14c548982@group-146C50BE7901-LeaderElection276 got exception when requesting votes: {}
java.util.concurrent.ExecutionException: org.apache.ratis.thirdparty.io.grpc.StatusRuntimeException: UNAVAILABLE: HTTP/2 error code: NO_ERROR
Received Goaway
	at java.util.concurrent.FutureTask.report(FutureTask.java:122)
	at java.util.concurrent.FutureTask.get(FutureTask.java:192)
	at org.apache.ratis.server.impl.LeaderElection.waitForResults(LeaderElection.java:259)
	at org.apache.ratis.server.impl.LeaderElection.askForVotes(LeaderElection.java:197)
	at org.apache.ratis.server.impl.LeaderElection.run(LeaderElection.java:133)
	at java.lang.Thread.run(Thread.java:748)
Caused by: org.apache.ratis.thirdparty.io.grpc.StatusRuntimeException: UNAVAILABLE: HTTP/2 error code: NO_ERROR
Received Goaway
	at org.apache.ratis.thirdparty.io.grpc.stub.ClientCalls.toStatusRuntimeException(ClientCalls.java:233)
	at org.apache.ratis.thirdparty.io.grpc.stub.ClientCalls.getUnchecked(ClientCalls.java:214)
	at org.apache.ratis.thirdparty.io.grpc.stub.ClientCalls.blockingUnaryCall(ClientCalls.java:139)
	at org.apache.ratis.proto.grpc.RaftServerProtocolServiceGrpc$RaftServerProtocolServiceBlockingStub.requestVote(RaftServerProtocolServiceGrpc.java:265)
	at org.apache.ratis.grpc.server.GrpcServerProtocolClient.requestVote(GrpcServerProtocolClient.java:99)
	at org.apache.ratis.grpc.server.GrpcService.requestVote(GrpcService.java:204)
	at org.apache.ratis.server.impl.LeaderElection.lambda$submitRequests$1(LeaderElection.java:234)
	at java.util.concurrent.FutureTask.run(FutureTask.java:266)
	at java.util.concurrent.Executors$RunnableAdapter.call(Executors.java:511)
	at java.util.concurrent.FutureTask.run(FutureTask.java:266)
	at java.util.concurrent.ThreadPoolExecutor.runWorker(ThreadPoolExecutor.java:1149)
	at java.util.concurrent.ThreadPoolExecutor$Worker.run(ThreadPoolExecutor.java:624)
	... 1 more
2019-10-16 21:12:18,575 [grpc-default-worker-ELG-3-4] WARN  channel.AbstractChannelHandlerContext (PromiseNotificationUtil.java:tryFailure(67)) - Failed to mark a promise as failure because it has succeeded already: {}
2019-10-16 21:12:18,575 [52743044-8979-4a08-8013-92a14c548982@group-146C50BE7901-LeaderElection276] INFO  impl.LeaderElection (LeaderElection.java:logAndReturn(56)) - 52743044-8979-4a08-8013-92a14c548982@group-146C50BE7901-LeaderElection276: Election REJECTED; received 0 response(s) [] and 2 exception(s); 52743044-8979-4a08-8013-92a14c548982@group-146C50BE7901:t333, leader=null, voted=52743044-8979-4a08-8013-92a14c548982, raftlog=52743044-8979-4a08-8013-92a14c548982@group-146C50BE7901-SegmentedRaftLog:OPENED:c-1,f-1,i0, conf=-1: [904f39be-c3d3-4df4-99c0-2e4526e577e3:192.168.157.254:45339, 52743044-8979-4a08-8013-92a14c548982:192.168.157.254:36428, 65da0c80-3604-4ac2-9a39-ee88d748a153:192.168.157.254:37466], old=null
2019-10-16 21:12:18,575 [52743044-8979-4a08-8013-92a14c548982@group-146C50BE7901-LeaderElection276] INFO  impl.LeaderElection (LogUtils.java:infoOrTrace(149)) -   Exception 0: {}
java.util.concurrent.ExecutionException: org.apache.ratis.thirdparty.io.grpc.StatusRuntimeException: UNAVAILABLE: HTTP/2 error code: NO_ERROR
Received Goaway
	at java.util.concurrent.FutureTask.report(FutureTask.java:122)
	at java.util.concurrent.FutureTask.get(FutureTask.java:192)
	at org.apache.ratis.server.impl.LeaderElection.waitForResults(LeaderElection.java:259)
	at org.apache.ratis.server.impl.LeaderElection.askForVotes(LeaderElection.java:197)
	at org.apache.ratis.server.impl.LeaderElection.run(LeaderElection.java:133)
	at java.lang.Thread.run(Thread.java:748)
Caused by: org.apache.ratis.thirdparty.io.grpc.StatusRuntimeException: UNAVAILABLE: HTTP/2 error code: NO_ERROR
Received Goaway
	at org.apache.ratis.thirdparty.io.grpc.stub.ClientCalls.toStatusRuntimeException(ClientCalls.java:233)
	at org.apache.ratis.thirdparty.io.grpc.stub.ClientCalls.getUnchecked(ClientCalls.java:214)
	at org.apache.ratis.thirdparty.io.grpc.stub.ClientCalls.blockingUnaryCall(ClientCalls.java:139)
	at org.apache.ratis.proto.grpc.RaftServerProtocolServiceGrpc$RaftServerProtocolServiceBlockingStub.requestVote(RaftServerProtocolServiceGrpc.java:265)
	at org.apache.ratis.grpc.server.GrpcServerProtocolClient.requestVote(GrpcServerProtocolClient.java:99)
	at org.apache.ratis.grpc.server.GrpcService.requestVote(GrpcService.java:204)
	at org.apache.ratis.server.impl.LeaderElection.lambda$submitRequests$1(LeaderElection.java:234)
	at java.util.concurrent.FutureTask.run(FutureTask.java:266)
	at java.util.concurrent.Executors$RunnableAdapter.call(Executors.java:511)
	at java.util.concurrent.FutureTask.run(FutureTask.java:266)
	at java.util.concurrent.ThreadPoolExecutor.runWorker(ThreadPoolExecutor.java:1149)
	at java.util.concurrent.ThreadPoolExecutor$Worker.run(ThreadPoolExecutor.java:624)
	... 1 more
2019-10-16 21:12:18,576 [52743044-8979-4a08-8013-92a14c548982@group-146C50BE7901-LeaderElection276] INFO  impl.LeaderElection (LogUtils.java:infoOrTrace(149)) -   Exception 1: {}
java.util.concurrent.ExecutionException: org.apache.ratis.thirdparty.io.grpc.StatusRuntimeException: UNAVAILABLE: HTTP/2 error code: NO_ERROR
Received Goaway
	at java.util.concurrent.FutureTask.report(FutureTask.java:122)
	at java.util.concurrent.FutureTask.get(FutureTask.java:192)
	at org.apache.ratis.server.impl.LeaderElection.waitForResults(LeaderElection.java:259)
	at org.apache.ratis.server.impl.LeaderElection.askForVotes(LeaderElection.java:197)
	at org.apache.ratis.server.impl.LeaderElection.run(LeaderElection.java:133)
	at java.lang.Thread.run(Thread.java:748)
Caused by: org.apache.ratis.thirdparty.io.grpc.StatusRuntimeException: UNAVAILABLE: HTTP/2 error code: NO_ERROR
Received Goaway
	at org.apache.ratis.thirdparty.io.grpc.stub.ClientCalls.toStatusRuntimeException(ClientCalls.java:233)
	at org.apache.ratis.thirdparty.io.grpc.stub.ClientCalls.getUnchecked(ClientCalls.java:214)
	at org.apache.ratis.thirdparty.io.grpc.stub.ClientCalls.blockingUnaryCall(ClientCalls.java:139)
	at org.apache.ratis.proto.grpc.RaftServerProtocolServiceGrpc$RaftServerProtocolServiceBlockingStub.requestVote(RaftServerProtocolServiceGrpc.java:265)
	at org.apache.ratis.grpc.server.GrpcServerProtocolClient.requestVote(GrpcServerProtocolClient.java:99)
	at org.apache.ratis.grpc.server.GrpcService.requestVote(GrpcService.java:204)
	at org.apache.ratis.server.impl.LeaderElection.lambda$submitRequests$1(LeaderElection.java:234)
	at java.util.concurrent.FutureTask.run(FutureTask.java:266)
	at java.util.concurrent.Executors$RunnableAdapter.call(Executors.java:511)
	at java.util.concurrent.FutureTask.run(FutureTask.java:266)
	at java.util.concurrent.ThreadPoolExecutor.runWorker(ThreadPoolExecutor.java:1149)
	at java.util.concurrent.ThreadPoolExecutor$Worker.run(ThreadPoolExecutor.java:624)
	... 1 more
2019-10-16 21:12:18,576 [52743044-8979-4a08-8013-92a14c548982@group-146C50BE7901-LeaderElection276] INFO  impl.RaftServerImpl (RaftServerImpl.java:setRole(184)) - 52743044-8979-4a08-8013-92a14c548982@group-146C50BE7901: changes role from CANDIDATE to FOLLOWER at term 333 for DISCOVERED_A_NEW_TERM
2019-10-16 21:12:18,576 [52743044-8979-4a08-8013-92a14c548982@group-146C50BE7901-LeaderElection276] INFO  impl.RoleInfo (RoleInfo.java:shutdownLeaderElection(134)) - 52743044-8979-4a08-8013-92a14c548982: shutdown LeaderElection
2019-10-16 21:12:18,576 [52743044-8979-4a08-8013-92a14c548982@group-146C50BE7901-LeaderElection276] INFO  impl.RoleInfo (RoleInfo.java:updateAndGet(143)) - 52743044-8979-4a08-8013-92a14c548982: start FollowerState
2019-10-16 21:12:18,586 [main] INFO  utils.BackgroundService (BackgroundService.java:shutdown(151)) - Shutting down service BlockDeletingService
2019-10-16 21:12:18,588 [main] INFO  statemachine.DatanodeStateMachine (DatanodeStateMachine.java:stopDaemon(395)) - Ozone container server stopped.
2019-10-16 21:12:18,589 [main] INFO  handler.ContextHandler (ContextHandler.java:doStop(910)) - Stopped o.e.j.w.WebAppContext@5d43409a{/,null,UNAVAILABLE}{/hddsDatanode}
2019-10-16 21:12:18,590 [main] INFO  server.AbstractConnector (AbstractConnector.java:doStop(318)) - Stopped ServerConnector@38d17d80{HTTP/1.1,[http/1.1]}{0.0.0.0:0}
2019-10-16 21:12:18,590 [main] INFO  handler.ContextHandler (ContextHandler.java:doStop(910)) - Stopped o.e.j.s.ServletContextHandler@2af69643{/static,jar:file:/home/user/.m2/repository/org/apache/hadoop/hadoop-hdds-container-service/0.5.0-SNAPSHOT/hadoop-hdds-container-service-0.5.0-SNAPSHOT.jar!/webapps/static,UNAVAILABLE}
2019-10-16 21:12:18,590 [main] INFO  handler.ContextHandler (ContextHandler.java:doStop(910)) - Stopped o.e.j.s.ServletContextHandler@2f37f1f9{/logs,file:///workdir/hadoop-ozone/integration-test/target/log,UNAVAILABLE}
2019-10-16 21:12:18,594 [ForkJoinPool.commonPool-worker-0] INFO  utils.BackgroundService (BackgroundService.java:shutdown(151)) - Shutting down service BlockDeletingService
2019-10-16 21:12:18,595 [ForkJoinPool.commonPool-worker-0] INFO  statemachine.DatanodeStateMachine (DatanodeStateMachine.java:stopDaemon(395)) - Ozone container server stopped.
2019-10-16 21:12:18,597 [ForkJoinPool.commonPool-worker-0] INFO  handler.ContextHandler (ContextHandler.java:doStop(910)) - Stopped o.e.j.w.WebAppContext@4674d90{/,null,UNAVAILABLE}{/hddsDatanode}
2019-10-16 21:12:18,597 [ForkJoinPool.commonPool-worker-0] INFO  server.AbstractConnector (AbstractConnector.java:doStop(318)) - Stopped ServerConnector@60783105{HTTP/1.1,[http/1.1]}{0.0.0.0:0}
2019-10-16 21:12:18,598 [ForkJoinPool.commonPool-worker-0] INFO  handler.ContextHandler (ContextHandler.java:doStop(910)) - Stopped o.e.j.s.ServletContextHandler@25d93198{/static,jar:file:/home/user/.m2/repository/org/apache/hadoop/hadoop-hdds-container-service/0.5.0-SNAPSHOT/hadoop-hdds-container-service-0.5.0-SNAPSHOT.jar!/webapps/static,UNAVAILABLE}
2019-10-16 21:12:18,599 [ForkJoinPool.commonPool-worker-0] INFO  handler.ContextHandler (ContextHandler.java:doStop(910)) - Stopped o.e.j.s.ServletContextHandler@62e93c3a{/logs,file:///workdir/hadoop-ozone/integration-test/target/log,UNAVAILABLE}
2019-10-16 21:12:18,630 [Thread-2148] INFO  impl.FollowerState (FollowerState.java:run(108)) - 52743044-8979-4a08-8013-92a14c548982@group-146C50BE7901-FollowerState: change to CANDIDATE, lastRpcTime:53ms, electionTimeout:53ms
2019-10-16 21:12:18,630 [Thread-2148] INFO  impl.RoleInfo (RoleInfo.java:shutdownFollowerState(121)) - 52743044-8979-4a08-8013-92a14c548982: shutdown FollowerState
2019-10-16 21:12:18,630 [Thread-2148] INFO  impl.RaftServerImpl (RaftServerImpl.java:setRole(184)) - 52743044-8979-4a08-8013-92a14c548982@group-146C50BE7901: changes role from  FOLLOWER to CANDIDATE at term 333 for changeToCandidate
2019-10-16 21:12:18,630 [Thread-2148] INFO  impl.RoleInfo (RoleInfo.java:updateAndGet(143)) - 52743044-8979-4a08-8013-92a14c548982: start LeaderElection
2019-10-16 21:12:18,674 [52743044-8979-4a08-8013-92a14c548982@group-146C50BE7901-LeaderElection277] INFO  impl.LeaderElection (LeaderElection.java:askForVotes(178)) - 52743044-8979-4a08-8013-92a14c548982@group-146C50BE7901-LeaderElection277: begin an election at term 334 for -1: [904f39be-c3d3-4df4-99c0-2e4526e577e3:192.168.157.254:45339, 52743044-8979-4a08-8013-92a14c548982:192.168.157.254:36428, 65da0c80-3604-4ac2-9a39-ee88d748a153:192.168.157.254:37466], old=null
2019-10-16 21:12:18,687 [52743044-8979-4a08-8013-92a14c548982@group-146C50BE7901-LeaderElection277] INFO  impl.LeaderElection (LogUtils.java:infoOrTrace(149)) - 52743044-8979-4a08-8013-92a14c548982@group-146C50BE7901-LeaderElection277 got exception when requesting votes: {}
java.util.concurrent.ExecutionException: org.apache.ratis.thirdparty.io.grpc.StatusRuntimeException: UNAVAILABLE: io exception
	at java.util.concurrent.FutureTask.report(FutureTask.java:122)
	at java.util.concurrent.FutureTask.get(FutureTask.java:192)
	at org.apache.ratis.server.impl.LeaderElection.waitForResults(LeaderElection.java:259)
	at org.apache.ratis.server.impl.LeaderElection.askForVotes(LeaderElection.java:197)
	at org.apache.ratis.server.impl.LeaderElection.run(LeaderElection.java:133)
	at java.lang.Thread.run(Thread.java:748)
Caused by: org.apache.ratis.thirdparty.io.grpc.StatusRuntimeException: UNAVAILABLE: io exception
	at org.apache.ratis.thirdparty.io.grpc.stub.ClientCalls.toStatusRuntimeException(ClientCalls.java:233)
	at org.apache.ratis.thirdparty.io.grpc.stub.ClientCalls.getUnchecked(ClientCalls.java:214)
	at org.apache.ratis.thirdparty.io.grpc.stub.ClientCalls.blockingUnaryCall(ClientCalls.java:139)
	at org.apache.ratis.proto.grpc.RaftServerProtocolServiceGrpc$RaftServerProtocolServiceBlockingStub.requestVote(RaftServerProtocolServiceGrpc.java:265)
	at org.apache.ratis.grpc.server.GrpcServerProtocolClient.requestVote(GrpcServerProtocolClient.java:99)
	at org.apache.ratis.grpc.server.GrpcService.requestVote(GrpcService.java:204)
	at org.apache.ratis.server.impl.LeaderElection.lambda$submitRequests$1(LeaderElection.java:234)
	at java.util.concurrent.FutureTask.run(FutureTask.java:266)
	at java.util.concurrent.Executors$RunnableAdapter.call(Executors.java:511)
	at java.util.concurrent.FutureTask.run(FutureTask.java:266)
	at java.util.concurrent.ThreadPoolExecutor.runWorker(ThreadPoolExecutor.java:1149)
	at java.util.concurrent.ThreadPoolExecutor$Worker.run(ThreadPoolExecutor.java:624)
	... 1 more
Caused by: org.apache.ratis.thirdparty.io.netty.channel.AbstractChannel$AnnotatedConnectException: Connection refused: /192.168.157.254:45339
	at sun.nio.ch.SocketChannelImpl.checkConnect(Native Method)
	at sun.nio.ch.SocketChannelImpl.finishConnect(SocketChannelImpl.java:717)
	at org.apache.ratis.thirdparty.io.netty.channel.socket.nio.NioSocketChannel.doFinishConnect(NioSocketChannel.java:327)
	at org.apache.ratis.thirdparty.io.netty.channel.nio.AbstractNioChannel$AbstractNioUnsafe.finishConnect(AbstractNioChannel.java:340)
	at org.apache.ratis.thirdparty.io.netty.channel.nio.NioEventLoop.processSelectedKey(NioEventLoop.java:632)
	at org.apache.ratis.thirdparty.io.netty.channel.nio.NioEventLoop.processSelectedKeysOptimized(NioEventLoop.java:579)
	at org.apache.ratis.thirdparty.io.netty.channel.nio.NioEventLoop.processSelectedKeys(NioEventLoop.java:496)
	at org.apache.ratis.thirdparty.io.netty.channel.nio.NioEventLoop.run(NioEventLoop.java:458)
	at org.apache.ratis.thirdparty.io.netty.util.concurrent.SingleThreadEventExecutor$5.run(SingleThreadEventExecutor.java:897)
	at org.apache.ratis.thirdparty.io.netty.util.concurrent.FastThreadLocalRunnable.run(FastThreadLocalRunnable.java:30)
	... 1 more
Caused by: java.net.ConnectException: Connection refused
	... 11 more
2019-10-16 21:12:18,688 [52743044-8979-4a08-8013-92a14c548982@group-146C50BE7901-LeaderElection277] INFO  impl.LeaderElection (LogUtils.java:infoOrTrace(149)) - 52743044-8979-4a08-8013-92a14c548982@group-146C50BE7901-LeaderElection277 got exception when requesting votes: {}
java.util.concurrent.ExecutionException: org.apache.ratis.thirdparty.io.grpc.StatusRuntimeException: UNAVAILABLE: io exception
	at java.util.concurrent.FutureTask.report(FutureTask.java:122)
	at java.util.concurrent.FutureTask.get(FutureTask.java:192)
	at org.apache.ratis.server.impl.LeaderElection.waitForResults(LeaderElection.java:259)
	at org.apache.ratis.server.impl.LeaderElection.askForVotes(LeaderElection.java:197)
	at org.apache.ratis.server.impl.LeaderElection.run(LeaderElection.java:133)
	at java.lang.Thread.run(Thread.java:748)
Caused by: org.apache.ratis.thirdparty.io.grpc.StatusRuntimeException: UNAVAILABLE: io exception
	at org.apache.ratis.thirdparty.io.grpc.stub.ClientCalls.toStatusRuntimeException(ClientCalls.java:233)
	at org.apache.ratis.thirdparty.io.grpc.stub.ClientCalls.getUnchecked(ClientCalls.java:214)
	at org.apache.ratis.thirdparty.io.grpc.stub.ClientCalls.blockingUnaryCall(ClientCalls.java:139)
	at org.apache.ratis.proto.grpc.RaftServerProtocolServiceGrpc$RaftServerProtocolServiceBlockingStub.requestVote(RaftServerProtocolServiceGrpc.java:265)
	at org.apache.ratis.grpc.server.GrpcServerProtocolClient.requestVote(GrpcServerProtocolClient.java:99)
	at org.apache.ratis.grpc.server.GrpcService.requestVote(GrpcService.java:204)
	at org.apache.ratis.server.impl.LeaderElection.lambda$submitRequests$1(LeaderElection.java:234)
	at java.util.concurrent.FutureTask.run(FutureTask.java:266)
	at java.util.concurrent.Executors$RunnableAdapter.call(Executors.java:511)
	at java.util.concurrent.FutureTask.run(FutureTask.java:266)
	at java.util.concurrent.ThreadPoolExecutor.runWorker(ThreadPoolExecutor.java:1149)
	at java.util.concurrent.ThreadPoolExecutor$Worker.run(ThreadPoolExecutor.java:624)
	... 1 more
Caused by: org.apache.ratis.thirdparty.io.netty.channel.AbstractChannel$AnnotatedConnectException: Connection refused: /192.168.157.254:37466
	at sun.nio.ch.SocketChannelImpl.checkConnect(Native Method)
	at sun.nio.ch.SocketChannelImpl.finishConnect(SocketChannelImpl.java:717)
	at org.apache.ratis.thirdparty.io.netty.channel.socket.nio.NioSocketChannel.doFinishConnect(NioSocketChannel.java:327)
	at org.apache.ratis.thirdparty.io.netty.channel.nio.AbstractNioChannel$AbstractNioUnsafe.finishConnect(AbstractNioChannel.java:340)
	at org.apache.ratis.thirdparty.io.netty.channel.nio.NioEventLoop.processSelectedKey(NioEventLoop.java:632)
	at org.apache.ratis.thirdparty.io.netty.channel.nio.NioEventLoop.processSelectedKeysOptimized(NioEventLoop.java:579)
	at org.apache.ratis.thirdparty.io.netty.channel.nio.NioEventLoop.processSelectedKeys(NioEventLoop.java:496)
	at org.apache.ratis.thirdparty.io.netty.channel.nio.NioEventLoop.run(NioEventLoop.java:458)
	at org.apache.ratis.thirdparty.io.netty.util.concurrent.SingleThreadEventExecutor$5.run(SingleThreadEventExecutor.java:897)
	at org.apache.ratis.thirdparty.io.netty.util.concurrent.FastThreadLocalRunnable.run(FastThreadLocalRunnable.java:30)
	... 1 more
Caused by: java.net.ConnectException: Connection refused
	... 11 more
2019-10-16 21:12:18,690 [52743044-8979-4a08-8013-92a14c548982@group-146C50BE7901-LeaderElection277] INFO  impl.LeaderElection (LeaderElection.java:logAndReturn(56)) - 52743044-8979-4a08-8013-92a14c548982@group-146C50BE7901-LeaderElection277: Election REJECTED; received 0 response(s) [] and 2 exception(s); 52743044-8979-4a08-8013-92a14c548982@group-146C50BE7901:t334, leader=null, voted=52743044-8979-4a08-8013-92a14c548982, raftlog=52743044-8979-4a08-8013-92a14c548982@group-146C50BE7901-SegmentedRaftLog:OPENED:c-1,f-1,i0, conf=-1: [904f39be-c3d3-4df4-99c0-2e4526e577e3:192.168.157.254:45339, 52743044-8979-4a08-8013-92a14c548982:192.168.157.254:36428, 65da0c80-3604-4ac2-9a39-ee88d748a153:192.168.157.254:37466], old=null
2019-10-16 21:12:18,690 [52743044-8979-4a08-8013-92a14c548982@group-146C50BE7901-LeaderElection277] INFO  impl.LeaderElection (LogUtils.java:infoOrTrace(149)) -   Exception 0: {}
java.util.concurrent.ExecutionException: org.apache.ratis.thirdparty.io.grpc.StatusRuntimeException: UNAVAILABLE: io exception
	at java.util.concurrent.FutureTask.report(FutureTask.java:122)
	at java.util.concurrent.FutureTask.get(FutureTask.java:192)
	at org.apache.ratis.server.impl.LeaderElection.waitForResults(LeaderElection.java:259)
	at org.apache.ratis.server.impl.LeaderElection.askForVotes(LeaderElection.java:197)
	at org.apache.ratis.server.impl.LeaderElection.run(LeaderElection.java:133)
	at java.lang.Thread.run(Thread.java:748)
Caused by: org.apache.ratis.thirdparty.io.grpc.StatusRuntimeException: UNAVAILABLE: io exception
	at org.apache.ratis.thirdparty.io.grpc.stub.ClientCalls.toStatusRuntimeException(ClientCalls.java:233)
	at org.apache.ratis.thirdparty.io.grpc.stub.ClientCalls.getUnchecked(ClientCalls.java:214)
	at org.apache.ratis.thirdparty.io.grpc.stub.ClientCalls.blockingUnaryCall(ClientCalls.java:139)
	at org.apache.ratis.proto.grpc.RaftServerProtocolServiceGrpc$RaftServerProtocolServiceBlockingStub.requestVote(RaftServerProtocolServiceGrpc.java:265)
	at org.apache.ratis.grpc.server.GrpcServerProtocolClient.requestVote(GrpcServerProtocolClient.java:99)
	at org.apache.ratis.grpc.server.GrpcService.requestVote(GrpcService.java:204)
	at org.apache.ratis.server.impl.LeaderElection.lambda$submitRequests$1(LeaderElection.java:234)
	at java.util.concurrent.FutureTask.run(FutureTask.java:266)
	at java.util.concurrent.Executors$RunnableAdapter.call(Executors.java:511)
	at java.util.concurrent.FutureTask.run(FutureTask.java:266)
	at java.util.concurrent.ThreadPoolExecutor.runWorker(ThreadPoolExecutor.java:1149)
	at java.util.concurrent.ThreadPoolExecutor$Worker.run(ThreadPoolExecutor.java:624)
	... 1 more
Caused by: org.apache.ratis.thirdparty.io.netty.channel.AbstractChannel$AnnotatedConnectException: Connection refused: /192.168.157.254:45339
	at sun.nio.ch.SocketChannelImpl.checkConnect(Native Method)
	at sun.nio.ch.SocketChannelImpl.finishConnect(SocketChannelImpl.java:717)
	at org.apache.ratis.thirdparty.io.netty.channel.socket.nio.NioSocketChannel.doFinishConnect(NioSocketChannel.java:327)
	at org.apache.ratis.thirdparty.io.netty.channel.nio.AbstractNioChannel$AbstractNioUnsafe.finishConnect(AbstractNioChannel.java:340)
	at org.apache.ratis.thirdparty.io.netty.channel.nio.NioEventLoop.processSelectedKey(NioEventLoop.java:632)
	at org.apache.ratis.thirdparty.io.netty.channel.nio.NioEventLoop.processSelectedKeysOptimized(NioEventLoop.java:579)
	at org.apache.ratis.thirdparty.io.netty.channel.nio.NioEventLoop.processSelectedKeys(NioEventLoop.java:496)
	at org.apache.ratis.thirdparty.io.netty.channel.nio.NioEventLoop.run(NioEventLoop.java:458)
	at org.apache.ratis.thirdparty.io.netty.util.concurrent.SingleThreadEventExecutor$5.run(SingleThreadEventExecutor.java:897)
	at org.apache.ratis.thirdparty.io.netty.util.concurrent.FastThreadLocalRunnable.run(FastThreadLocalRunnable.java:30)
	... 1 more
Caused by: java.net.ConnectException: Connection refused
	... 11 more
2019-10-16 21:12:18,691 [52743044-8979-4a08-8013-92a14c548982@group-146C50BE7901-LeaderElection277] INFO  impl.LeaderElection (LogUtils.java:infoOrTrace(149)) -   Exception 1: {}
java.util.concurrent.ExecutionException: org.apache.ratis.thirdparty.io.grpc.StatusRuntimeException: UNAVAILABLE: io exception
	at java.util.concurrent.FutureTask.report(FutureTask.java:122)
	at java.util.concurrent.FutureTask.get(FutureTask.java:192)
	at org.apache.ratis.server.impl.LeaderElection.waitForResults(LeaderElection.java:259)
	at org.apache.ratis.server.impl.LeaderElection.askForVotes(LeaderElection.java:197)
	at org.apache.ratis.server.impl.LeaderElection.run(LeaderElection.java:133)
	at java.lang.Thread.run(Thread.java:748)
Caused by: org.apache.ratis.thirdparty.io.grpc.StatusRuntimeException: UNAVAILABLE: io exception
	at org.apache.ratis.thirdparty.io.grpc.stub.ClientCalls.toStatusRuntimeException(ClientCalls.java:233)
	at org.apache.ratis.thirdparty.io.grpc.stub.ClientCalls.getUnchecked(ClientCalls.java:214)
	at org.apache.ratis.thirdparty.io.grpc.stub.ClientCalls.blockingUnaryCall(ClientCalls.java:139)
	at org.apache.ratis.proto.grpc.RaftServerProtocolServiceGrpc$RaftServerProtocolServiceBlockingStub.requestVote(RaftServerProtocolServiceGrpc.java:265)
	at org.apache.ratis.grpc.server.GrpcServerProtocolClient.requestVote(GrpcServerProtocolClient.java:99)
	at org.apache.ratis.grpc.server.GrpcService.requestVote(GrpcService.java:204)
	at org.apache.ratis.server.impl.LeaderElection.lambda$submitRequests$1(LeaderElection.java:234)
	at java.util.concurrent.FutureTask.run(FutureTask.java:266)
	at java.util.concurrent.Executors$RunnableAdapter.call(Executors.java:511)
	at java.util.concurrent.FutureTask.run(FutureTask.java:266)
	at java.util.concurrent.ThreadPoolExecutor.runWorker(ThreadPoolExecutor.java:1149)
	at java.util.concurrent.ThreadPoolExecutor$Worker.run(ThreadPoolExecutor.java:624)
	... 1 more
Caused by: org.apache.ratis.thirdparty.io.netty.channel.AbstractChannel$AnnotatedConnectException: Connection refused: /192.168.157.254:37466
	at sun.nio.ch.SocketChannelImpl.checkConnect(Native Method)
	at sun.nio.ch.SocketChannelImpl.finishConnect(SocketChannelImpl.java:717)
	at org.apache.ratis.thirdparty.io.netty.channel.socket.nio.NioSocketChannel.doFinishConnect(NioSocketChannel.java:327)
	at org.apache.ratis.thirdparty.io.netty.channel.nio.AbstractNioChannel$AbstractNioUnsafe.finishConnect(AbstractNioChannel.java:340)
	at org.apache.ratis.thirdparty.io.netty.channel.nio.NioEventLoop.processSelectedKey(NioEventLoop.java:632)
	at org.apache.ratis.thirdparty.io.netty.channel.nio.NioEventLoop.processSelectedKeysOptimized(NioEventLoop.java:579)
	at org.apache.ratis.thirdparty.io.netty.channel.nio.NioEventLoop.processSelectedKeys(NioEventLoop.java:496)
	at org.apache.ratis.thirdparty.io.netty.channel.nio.NioEventLoop.run(NioEventLoop.java:458)
	at org.apache.ratis.thirdparty.io.netty.util.concurrent.SingleThreadEventExecutor$5.run(SingleThreadEventExecutor.java:897)
	at org.apache.ratis.thirdparty.io.netty.util.concurrent.FastThreadLocalRunnable.run(FastThreadLocalRunnable.java:30)
	... 1 more
Caused by: java.net.ConnectException: Connection refused
	... 11 more
2019-10-16 21:12:18,692 [52743044-8979-4a08-8013-92a14c548982@group-146C50BE7901-LeaderElection277] INFO  impl.RaftServerImpl (RaftServerImpl.java:setRole(184)) - 52743044-8979-4a08-8013-92a14c548982@group-146C50BE7901: changes role from CANDIDATE to FOLLOWER at term 334 for DISCOVERED_A_NEW_TERM
2019-10-16 21:12:18,692 [52743044-8979-4a08-8013-92a14c548982@group-146C50BE7901-LeaderElection277] INFO  impl.RoleInfo (RoleInfo.java:shutdownLeaderElection(134)) - 52743044-8979-4a08-8013-92a14c548982: shutdown LeaderElection
2019-10-16 21:12:18,692 [52743044-8979-4a08-8013-92a14c548982@group-146C50BE7901-LeaderElection277] INFO  impl.RoleInfo (RoleInfo.java:updateAndGet(143)) - 52743044-8979-4a08-8013-92a14c548982: start FollowerState
2019-10-16 21:12:18,807 [Thread-2152] INFO  impl.FollowerState (FollowerState.java:run(108)) - 52743044-8979-4a08-8013-92a14c548982@group-146C50BE7901-FollowerState: change to CANDIDATE, lastRpcTime:114ms, electionTimeout:114ms
2019-10-16 21:12:18,807 [Thread-2152] INFO  impl.RoleInfo (RoleInfo.java:shutdownFollowerState(121)) - 52743044-8979-4a08-8013-92a14c548982: shutdown FollowerState
2019-10-16 21:12:18,807 [Thread-2152] INFO  impl.RaftServerImpl (RaftServerImpl.java:setRole(184)) - 52743044-8979-4a08-8013-92a14c548982@group-146C50BE7901: changes role from  FOLLOWER to CANDIDATE at term 334 for changeToCandidate
2019-10-16 21:12:18,808 [Thread-2152] INFO  impl.RoleInfo (RoleInfo.java:updateAndGet(143)) - 52743044-8979-4a08-8013-92a14c548982: start LeaderElection
2019-10-16 21:12:18,913 [52743044-8979-4a08-8013-92a14c548982@group-146C50BE7901-LeaderElection278] INFO  impl.LeaderElection (LeaderElection.java:askForVotes(178)) - 52743044-8979-4a08-8013-92a14c548982@group-146C50BE7901-LeaderElection278: begin an election at term 335 for -1: [904f39be-c3d3-4df4-99c0-2e4526e577e3:192.168.157.254:45339, 52743044-8979-4a08-8013-92a14c548982:192.168.157.254:36428, 65da0c80-3604-4ac2-9a39-ee88d748a153:192.168.157.254:37466], old=null
2019-10-16 21:12:18,914 [52743044-8979-4a08-8013-92a14c548982@group-146C50BE7901-LeaderElection278] INFO  impl.LeaderElection (LogUtils.java:infoOrTrace(149)) - 52743044-8979-4a08-8013-92a14c548982@group-146C50BE7901-LeaderElection278 got exception when requesting votes: {}
java.util.concurrent.ExecutionException: org.apache.ratis.thirdparty.io.grpc.StatusRuntimeException: UNAVAILABLE: io exception
	at java.util.concurrent.FutureTask.report(FutureTask.java:122)
	at java.util.concurrent.FutureTask.get(FutureTask.java:192)
	at org.apache.ratis.server.impl.LeaderElection.waitForResults(LeaderElection.java:259)
	at org.apache.ratis.server.impl.LeaderElection.askForVotes(LeaderElection.java:197)
	at org.apache.ratis.server.impl.LeaderElection.run(LeaderElection.java:133)
	at java.lang.Thread.run(Thread.java:748)
Caused by: org.apache.ratis.thirdparty.io.grpc.StatusRuntimeException: UNAVAILABLE: io exception
	at org.apache.ratis.thirdparty.io.grpc.stub.ClientCalls.toStatusRuntimeException(ClientCalls.java:233)
	at org.apache.ratis.thirdparty.io.grpc.stub.ClientCalls.getUnchecked(ClientCalls.java:214)
	at org.apache.ratis.thirdparty.io.grpc.stub.ClientCalls.blockingUnaryCall(ClientCalls.java:139)
	at org.apache.ratis.proto.grpc.RaftServerProtocolServiceGrpc$RaftServerProtocolServiceBlockingStub.requestVote(RaftServerProtocolServiceGrpc.java:265)
	at org.apache.ratis.grpc.server.GrpcServerProtocolClient.requestVote(GrpcServerProtocolClient.java:99)
	at org.apache.ratis.grpc.server.GrpcService.requestVote(GrpcService.java:204)
	at org.apache.ratis.server.impl.LeaderElection.lambda$submitRequests$1(LeaderElection.java:234)
	at java.util.concurrent.FutureTask.run(FutureTask.java:266)
	at java.util.concurrent.Executors$RunnableAdapter.call(Executors.java:511)
	at java.util.concurrent.FutureTask.run(FutureTask.java:266)
	at java.util.concurrent.ThreadPoolExecutor.runWorker(ThreadPoolExecutor.java:1149)
	at java.util.concurrent.ThreadPoolExecutor$Worker.run(ThreadPoolExecutor.java:624)
	... 1 more
Caused by: org.apache.ratis.thirdparty.io.netty.channel.AbstractChannel$AnnotatedConnectException: Connection refused: /192.168.157.254:45339
	at sun.nio.ch.SocketChannelImpl.checkConnect(Native Method)
	at sun.nio.ch.SocketChannelImpl.finishConnect(SocketChannelImpl.java:717)
	at org.apache.ratis.thirdparty.io.netty.channel.socket.nio.NioSocketChannel.doFinishConnect(NioSocketChannel.java:327)
	at org.apache.ratis.thirdparty.io.netty.channel.nio.AbstractNioChannel$AbstractNioUnsafe.finishConnect(AbstractNioChannel.java:340)
	at org.apache.ratis.thirdparty.io.netty.channel.nio.NioEventLoop.processSelectedKey(NioEventLoop.java:632)
	at org.apache.ratis.thirdparty.io.netty.channel.nio.NioEventLoop.processSelectedKeysOptimized(NioEventLoop.java:579)
	at org.apache.ratis.thirdparty.io.netty.channel.nio.NioEventLoop.processSelectedKeys(NioEventLoop.java:496)
	at org.apache.ratis.thirdparty.io.netty.channel.nio.NioEventLoop.run(NioEventLoop.java:458)
	at org.apache.ratis.thirdparty.io.netty.util.concurrent.SingleThreadEventExecutor$5.run(SingleThreadEventExecutor.java:897)
	at org.apache.ratis.thirdparty.io.netty.util.concurrent.FastThreadLocalRunnable.run(FastThreadLocalRunnable.java:30)
	... 1 more
Caused by: java.net.ConnectException: Connection refused
	... 11 more
2019-10-16 21:12:18,915 [52743044-8979-4a08-8013-92a14c548982@group-146C50BE7901-LeaderElection278] INFO  impl.LeaderElection (LogUtils.java:infoOrTrace(149)) - 52743044-8979-4a08-8013-92a14c548982@group-146C50BE7901-LeaderElection278 got exception when requesting votes: {}
java.util.concurrent.ExecutionException: org.apache.ratis.thirdparty.io.grpc.StatusRuntimeException: UNAVAILABLE: io exception
	at java.util.concurrent.FutureTask.report(FutureTask.java:122)
	at java.util.concurrent.FutureTask.get(FutureTask.java:192)
	at org.apache.ratis.server.impl.LeaderElection.waitForResults(LeaderElection.java:259)
	at org.apache.ratis.server.impl.LeaderElection.askForVotes(LeaderElection.java:197)
	at org.apache.ratis.server.impl.LeaderElection.run(LeaderElection.java:133)
	at java.lang.Thread.run(Thread.java:748)
Caused by: org.apache.ratis.thirdparty.io.grpc.StatusRuntimeException: UNAVAILABLE: io exception
	at org.apache.ratis.thirdparty.io.grpc.stub.ClientCalls.toStatusRuntimeException(ClientCalls.java:233)
	at org.apache.ratis.thirdparty.io.grpc.stub.ClientCalls.getUnchecked(ClientCalls.java:214)
	at org.apache.ratis.thirdparty.io.grpc.stub.ClientCalls.blockingUnaryCall(ClientCalls.java:139)
	at org.apache.ratis.proto.grpc.RaftServerProtocolServiceGrpc$RaftServerProtocolServiceBlockingStub.requestVote(RaftServerProtocolServiceGrpc.java:265)
	at org.apache.ratis.grpc.server.GrpcServerProtocolClient.requestVote(GrpcServerProtocolClient.java:99)
	at org.apache.ratis.grpc.server.GrpcService.requestVote(GrpcService.java:204)
	at org.apache.ratis.server.impl.LeaderElection.lambda$submitRequests$1(LeaderElection.java:234)
	at java.util.concurrent.FutureTask.run(FutureTask.java:266)
	at java.util.concurrent.Executors$RunnableAdapter.call(Executors.java:511)
	at java.util.concurrent.FutureTask.run(FutureTask.java:266)
	at java.util.concurrent.ThreadPoolExecutor.runWorker(ThreadPoolExecutor.java:1149)
	at java.util.concurrent.ThreadPoolExecutor$Worker.run(ThreadPoolExecutor.java:624)
	... 1 more
Caused by: org.apache.ratis.thirdparty.io.netty.channel.AbstractChannel$AnnotatedConnectException: Connection refused: /192.168.157.254:37466
	at sun.nio.ch.SocketChannelImpl.checkConnect(Native Method)
	at sun.nio.ch.SocketChannelImpl.finishConnect(SocketChannelImpl.java:717)
	at org.apache.ratis.thirdparty.io.netty.channel.socket.nio.NioSocketChannel.doFinishConnect(NioSocketChannel.java:327)
	at org.apache.ratis.thirdparty.io.netty.channel.nio.AbstractNioChannel$AbstractNioUnsafe.finishConnect(AbstractNioChannel.java:340)
	at org.apache.ratis.thirdparty.io.netty.channel.nio.NioEventLoop.processSelectedKey(NioEventLoop.java:632)
	at org.apache.ratis.thirdparty.io.netty.channel.nio.NioEventLoop.processSelectedKeysOptimized(NioEventLoop.java:579)
	at org.apache.ratis.thirdparty.io.netty.channel.nio.NioEventLoop.processSelectedKeys(NioEventLoop.java:496)
	at org.apache.ratis.thirdparty.io.netty.channel.nio.NioEventLoop.run(NioEventLoop.java:458)
	at org.apache.ratis.thirdparty.io.netty.util.concurrent.SingleThreadEventExecutor$5.run(SingleThreadEventExecutor.java:897)
	at org.apache.ratis.thirdparty.io.netty.util.concurrent.FastThreadLocalRunnable.run(FastThreadLocalRunnable.java:30)
	... 1 more
Caused by: java.net.ConnectException: Connection refused
	... 11 more
2019-10-16 21:12:18,916 [52743044-8979-4a08-8013-92a14c548982@group-146C50BE7901-LeaderElection278] INFO  impl.LeaderElection (LeaderElection.java:logAndReturn(56)) - 52743044-8979-4a08-8013-92a14c548982@group-146C50BE7901-LeaderElection278: Election REJECTED; received 0 response(s) [] and 2 exception(s); 52743044-8979-4a08-8013-92a14c548982@group-146C50BE7901:t335, leader=null, voted=52743044-8979-4a08-8013-92a14c548982, raftlog=52743044-8979-4a08-8013-92a14c548982@group-146C50BE7901-SegmentedRaftLog:OPENED:c-1,f-1,i0, conf=-1: [904f39be-c3d3-4df4-99c0-2e4526e577e3:192.168.157.254:45339, 52743044-8979-4a08-8013-92a14c548982:192.168.157.254:36428, 65da0c80-3604-4ac2-9a39-ee88d748a153:192.168.157.254:37466], old=null
2019-10-16 21:12:18,917 [52743044-8979-4a08-8013-92a14c548982@group-146C50BE7901-LeaderElection278] INFO  impl.LeaderElection (LogUtils.java:infoOrTrace(149)) -   Exception 0: {}
java.util.concurrent.ExecutionException: org.apache.ratis.thirdparty.io.grpc.StatusRuntimeException: UNAVAILABLE: io exception
	at java.util.concurrent.FutureTask.report(FutureTask.java:122)
	at java.util.concurrent.FutureTask.get(FutureTask.java:192)
	at org.apache.ratis.server.impl.LeaderElection.waitForResults(LeaderElection.java:259)
	at org.apache.ratis.server.impl.LeaderElection.askForVotes(LeaderElection.java:197)
	at org.apache.ratis.server.impl.LeaderElection.run(LeaderElection.java:133)
	at java.lang.Thread.run(Thread.java:748)
Caused by: org.apache.ratis.thirdparty.io.grpc.StatusRuntimeException: UNAVAILABLE: io exception
	at org.apache.ratis.thirdparty.io.grpc.stub.ClientCalls.toStatusRuntimeException(ClientCalls.java:233)
	at org.apache.ratis.thirdparty.io.grpc.stub.ClientCalls.getUnchecked(ClientCalls.java:214)
	at org.apache.ratis.thirdparty.io.grpc.stub.ClientCalls.blockingUnaryCall(ClientCalls.java:139)
	at org.apache.ratis.proto.grpc.RaftServerProtocolServiceGrpc$RaftServerProtocolServiceBlockingStub.requestVote(RaftServerProtocolServiceGrpc.java:265)
	at org.apache.ratis.grpc.server.GrpcServerProtocolClient.requestVote(GrpcServerProtocolClient.java:99)
	at org.apache.ratis.grpc.server.GrpcService.requestVote(GrpcService.java:204)
	at org.apache.ratis.server.impl.LeaderElection.lambda$submitRequests$1(LeaderElection.java:234)
	at java.util.concurrent.FutureTask.run(FutureTask.java:266)
	at java.util.concurrent.Executors$RunnableAdapter.call(Executors.java:511)
	at java.util.concurrent.FutureTask.run(FutureTask.java:266)
	at java.util.concurrent.ThreadPoolExecutor.runWorker(ThreadPoolExecutor.java:1149)
	at java.util.concurrent.ThreadPoolExecutor$Worker.run(ThreadPoolExecutor.java:624)
	... 1 more
Caused by: org.apache.ratis.thirdparty.io.netty.channel.AbstractChannel$AnnotatedConnectException: Connection refused: /192.168.157.254:45339
	at sun.nio.ch.SocketChannelImpl.checkConnect(Native Method)
	at sun.nio.ch.SocketChannelImpl.finishConnect(SocketChannelImpl.java:717)
	at org.apache.ratis.thirdparty.io.netty.channel.socket.nio.NioSocketChannel.doFinishConnect(NioSocketChannel.java:327)
	at org.apache.ratis.thirdparty.io.netty.channel.nio.AbstractNioChannel$AbstractNioUnsafe.finishConnect(AbstractNioChannel.java:340)
	at org.apache.ratis.thirdparty.io.netty.channel.nio.NioEventLoop.processSelectedKey(NioEventLoop.java:632)
	at org.apache.ratis.thirdparty.io.netty.channel.nio.NioEventLoop.processSelectedKeysOptimized(NioEventLoop.java:579)
	at org.apache.ratis.thirdparty.io.netty.channel.nio.NioEventLoop.processSelectedKeys(NioEventLoop.java:496)
	at org.apache.ratis.thirdparty.io.netty.channel.nio.NioEventLoop.run(NioEventLoop.java:458)
	at org.apache.ratis.thirdparty.io.netty.util.concurrent.SingleThreadEventExecutor$5.run(SingleThreadEventExecutor.java:897)
	at org.apache.ratis.thirdparty.io.netty.util.concurrent.FastThreadLocalRunnable.run(FastThreadLocalRunnable.java:30)
	... 1 more
Caused by: java.net.ConnectException: Connection refused
	... 11 more
2019-10-16 21:12:18,917 [52743044-8979-4a08-8013-92a14c548982@group-146C50BE7901-LeaderElection278] INFO  impl.LeaderElection (LogUtils.java:infoOrTrace(149)) -   Exception 1: {}
java.util.concurrent.ExecutionException: org.apache.ratis.thirdparty.io.grpc.StatusRuntimeException: UNAVAILABLE: io exception
	at java.util.concurrent.FutureTask.report(FutureTask.java:122)
	at java.util.concurrent.FutureTask.get(FutureTask.java:192)
	at org.apache.ratis.server.impl.LeaderElection.waitForResults(LeaderElection.java:259)
	at org.apache.ratis.server.impl.LeaderElection.askForVotes(LeaderElection.java:197)
	at org.apache.ratis.server.impl.LeaderElection.run(LeaderElection.java:133)
	at java.lang.Thread.run(Thread.java:748)
Caused by: org.apache.ratis.thirdparty.io.grpc.StatusRuntimeException: UNAVAILABLE: io exception
	at org.apache.ratis.thirdparty.io.grpc.stub.ClientCalls.toStatusRuntimeException(ClientCalls.java:233)
	at org.apache.ratis.thirdparty.io.grpc.stub.ClientCalls.getUnchecked(ClientCalls.java:214)
	at org.apache.ratis.thirdparty.io.grpc.stub.ClientCalls.blockingUnaryCall(ClientCalls.java:139)
	at org.apache.ratis.proto.grpc.RaftServerProtocolServiceGrpc$RaftServerProtocolServiceBlockingStub.requestVote(RaftServerProtocolServiceGrpc.java:265)
	at org.apache.ratis.grpc.server.GrpcServerProtocolClient.requestVote(GrpcServerProtocolClient.java:99)
	at org.apache.ratis.grpc.server.GrpcService.requestVote(GrpcService.java:204)
	at org.apache.ratis.server.impl.LeaderElection.lambda$submitRequests$1(LeaderElection.java:234)
	at java.util.concurrent.FutureTask.run(FutureTask.java:266)
	at java.util.concurrent.Executors$RunnableAdapter.call(Executors.java:511)
	at java.util.concurrent.FutureTask.run(FutureTask.java:266)
	at java.util.concurrent.ThreadPoolExecutor.runWorker(ThreadPoolExecutor.java:1149)
	at java.util.concurrent.ThreadPoolExecutor$Worker.run(ThreadPoolExecutor.java:624)
	... 1 more
Caused by: org.apache.ratis.thirdparty.io.netty.channel.AbstractChannel$AnnotatedConnectException: Connection refused: /192.168.157.254:37466
	at sun.nio.ch.SocketChannelImpl.checkConnect(Native Method)
	at sun.nio.ch.SocketChannelImpl.finishConnect(SocketChannelImpl.java:717)
	at org.apache.ratis.thirdparty.io.netty.channel.socket.nio.NioSocketChannel.doFinishConnect(NioSocketChannel.java:327)
	at org.apache.ratis.thirdparty.io.netty.channel.nio.AbstractNioChannel$AbstractNioUnsafe.finishConnect(AbstractNioChannel.java:340)
	at org.apache.ratis.thirdparty.io.netty.channel.nio.NioEventLoop.processSelectedKey(NioEventLoop.java:632)
	at org.apache.ratis.thirdparty.io.netty.channel.nio.NioEventLoop.processSelectedKeysOptimized(NioEventLoop.java:579)
	at org.apache.ratis.thirdparty.io.netty.channel.nio.NioEventLoop.processSelectedKeys(NioEventLoop.java:496)
	at org.apache.ratis.thirdparty.io.netty.channel.nio.NioEventLoop.run(NioEventLoop.java:458)
	at org.apache.ratis.thirdparty.io.netty.util.concurrent.SingleThreadEventExecutor$5.run(SingleThreadEventExecutor.java:897)
	at org.apache.ratis.thirdparty.io.netty.util.concurrent.FastThreadLocalRunnable.run(FastThreadLocalRunnable.java:30)
	... 1 more
Caused by: java.net.ConnectException: Connection refused
	... 11 more
2019-10-16 21:12:18,917 [52743044-8979-4a08-8013-92a14c548982@group-146C50BE7901-LeaderElection278] INFO  impl.RaftServerImpl (RaftServerImpl.java:setRole(184)) - 52743044-8979-4a08-8013-92a14c548982@group-146C50BE7901: changes role from CANDIDATE to FOLLOWER at term 335 for DISCOVERED_A_NEW_TERM
2019-10-16 21:12:18,917 [52743044-8979-4a08-8013-92a14c548982@group-146C50BE7901-LeaderElection278] INFO  impl.RoleInfo (RoleInfo.java:shutdownLeaderElection(134)) - 52743044-8979-4a08-8013-92a14c548982: shutdown LeaderElection
2019-10-16 21:12:18,918 [52743044-8979-4a08-8013-92a14c548982@group-146C50BE7901-LeaderElection278] INFO  impl.RoleInfo (RoleInfo.java:updateAndGet(143)) - 52743044-8979-4a08-8013-92a14c548982: start FollowerState
2019-10-16 21:12:19,056 [Thread-2156] INFO  impl.FollowerState (FollowerState.java:run(108)) - 52743044-8979-4a08-8013-92a14c548982@group-146C50BE7901-FollowerState: change to CANDIDATE, lastRpcTime:138ms, electionTimeout:138ms
2019-10-16 21:12:19,056 [Thread-2156] INFO  impl.RoleInfo (RoleInfo.java:shutdownFollowerState(121)) - 52743044-8979-4a08-8013-92a14c548982: shutdown FollowerState
2019-10-16 21:12:19,057 [Thread-2156] INFO  impl.RaftServerImpl (RaftServerImpl.java:setRole(184)) - 52743044-8979-4a08-8013-92a14c548982@group-146C50BE7901: changes role from  FOLLOWER to CANDIDATE at term 335 for changeToCandidate
2019-10-16 21:12:19,057 [Thread-2156] INFO  impl.RoleInfo (RoleInfo.java:updateAndGet(143)) - 52743044-8979-4a08-8013-92a14c548982: start LeaderElection
2019-10-16 21:12:19,105 [52743044-8979-4a08-8013-92a14c548982@group-146C50BE7901-LeaderElection279] INFO  impl.LeaderElection (LeaderElection.java:askForVotes(178)) - 52743044-8979-4a08-8013-92a14c548982@group-146C50BE7901-LeaderElection279: begin an election at term 336 for -1: [904f39be-c3d3-4df4-99c0-2e4526e577e3:192.168.157.254:45339, 52743044-8979-4a08-8013-92a14c548982:192.168.157.254:36428, 65da0c80-3604-4ac2-9a39-ee88d748a153:192.168.157.254:37466], old=null
2019-10-16 21:12:19,106 [52743044-8979-4a08-8013-92a14c548982@group-146C50BE7901-LeaderElection279] INFO  impl.LeaderElection (LogUtils.java:infoOrTrace(149)) - 52743044-8979-4a08-8013-92a14c548982@group-146C50BE7901-LeaderElection279 got exception when requesting votes: {}
java.util.concurrent.ExecutionException: org.apache.ratis.thirdparty.io.grpc.StatusRuntimeException: UNAVAILABLE: io exception
	at java.util.concurrent.FutureTask.report(FutureTask.java:122)
	at java.util.concurrent.FutureTask.get(FutureTask.java:192)
	at org.apache.ratis.server.impl.LeaderElection.waitForResults(LeaderElection.java:259)
	at org.apache.ratis.server.impl.LeaderElection.askForVotes(LeaderElection.java:197)
	at org.apache.ratis.server.impl.LeaderElection.run(LeaderElection.java:133)
	at java.lang.Thread.run(Thread.java:748)
Caused by: org.apache.ratis.thirdparty.io.grpc.StatusRuntimeException: UNAVAILABLE: io exception
	at org.apache.ratis.thirdparty.io.grpc.stub.ClientCalls.toStatusRuntimeException(ClientCalls.java:233)
	at org.apache.ratis.thirdparty.io.grpc.stub.ClientCalls.getUnchecked(ClientCalls.java:214)
	at org.apache.ratis.thirdparty.io.grpc.stub.ClientCalls.blockingUnaryCall(ClientCalls.java:139)
	at org.apache.ratis.proto.grpc.RaftServerProtocolServiceGrpc$RaftServerProtocolServiceBlockingStub.requestVote(RaftServerProtocolServiceGrpc.java:265)
	at org.apache.ratis.grpc.server.GrpcServerProtocolClient.requestVote(GrpcServerProtocolClient.java:99)
	at org.apache.ratis.grpc.server.GrpcService.requestVote(GrpcService.java:204)
	at org.apache.ratis.server.impl.LeaderElection.lambda$submitRequests$1(LeaderElection.java:234)
	at java.util.concurrent.FutureTask.run(FutureTask.java:266)
	at java.util.concurrent.Executors$RunnableAdapter.call(Executors.java:511)
	at java.util.concurrent.FutureTask.run(FutureTask.java:266)
	at java.util.concurrent.ThreadPoolExecutor.runWorker(ThreadPoolExecutor.java:1149)
	at java.util.concurrent.ThreadPoolExecutor$Worker.run(ThreadPoolExecutor.java:624)
	... 1 more
Caused by: org.apache.ratis.thirdparty.io.netty.channel.AbstractChannel$AnnotatedConnectException: Connection refused: /192.168.157.254:37466
	at sun.nio.ch.SocketChannelImpl.checkConnect(Native Method)
	at sun.nio.ch.SocketChannelImpl.finishConnect(SocketChannelImpl.java:717)
	at org.apache.ratis.thirdparty.io.netty.channel.socket.nio.NioSocketChannel.doFinishConnect(NioSocketChannel.java:327)
	at org.apache.ratis.thirdparty.io.netty.channel.nio.AbstractNioChannel$AbstractNioUnsafe.finishConnect(AbstractNioChannel.java:340)
	at org.apache.ratis.thirdparty.io.netty.channel.nio.NioEventLoop.processSelectedKey(NioEventLoop.java:632)
	at org.apache.ratis.thirdparty.io.netty.channel.nio.NioEventLoop.processSelectedKeysOptimized(NioEventLoop.java:579)
	at org.apache.ratis.thirdparty.io.netty.channel.nio.NioEventLoop.processSelectedKeys(NioEventLoop.java:496)
	at org.apache.ratis.thirdparty.io.netty.channel.nio.NioEventLoop.run(NioEventLoop.java:458)
	at org.apache.ratis.thirdparty.io.netty.util.concurrent.SingleThreadEventExecutor$5.run(SingleThreadEventExecutor.java:897)
	at org.apache.ratis.thirdparty.io.netty.util.concurrent.FastThreadLocalRunnable.run(FastThreadLocalRunnable.java:30)
	... 1 more
Caused by: java.net.ConnectException: Connection refused
	... 11 more
2019-10-16 21:12:19,108 [52743044-8979-4a08-8013-92a14c548982@group-146C50BE7901-LeaderElection279] INFO  impl.LeaderElection (LogUtils.java:infoOrTrace(149)) - 52743044-8979-4a08-8013-92a14c548982@group-146C50BE7901-LeaderElection279 got exception when requesting votes: {}
java.util.concurrent.ExecutionException: org.apache.ratis.thirdparty.io.grpc.StatusRuntimeException: UNAVAILABLE: io exception
	at java.util.concurrent.FutureTask.report(FutureTask.java:122)
	at java.util.concurrent.FutureTask.get(FutureTask.java:192)
	at org.apache.ratis.server.impl.LeaderElection.waitForResults(LeaderElection.java:259)
	at org.apache.ratis.server.impl.LeaderElection.askForVotes(LeaderElection.java:197)
	at org.apache.ratis.server.impl.LeaderElection.run(LeaderElection.java:133)
	at java.lang.Thread.run(Thread.java:748)
Caused by: org.apache.ratis.thirdparty.io.grpc.StatusRuntimeException: UNAVAILABLE: io exception
	at org.apache.ratis.thirdparty.io.grpc.stub.ClientCalls.toStatusRuntimeException(ClientCalls.java:233)
	at org.apache.ratis.thirdparty.io.grpc.stub.ClientCalls.getUnchecked(ClientCalls.java:214)
	at org.apache.ratis.thirdparty.io.grpc.stub.ClientCalls.blockingUnaryCall(ClientCalls.java:139)
	at org.apache.ratis.proto.grpc.RaftServerProtocolServiceGrpc$RaftServerProtocolServiceBlockingStub.requestVote(RaftServerProtocolServiceGrpc.java:265)
	at org.apache.ratis.grpc.server.GrpcServerProtocolClient.requestVote(GrpcServerProtocolClient.java:99)
	at org.apache.ratis.grpc.server.GrpcService.requestVote(GrpcService.java:204)
	at org.apache.ratis.server.impl.LeaderElection.lambda$submitRequests$1(LeaderElection.java:234)
	at java.util.concurrent.FutureTask.run(FutureTask.java:266)
	at java.util.concurrent.Executors$RunnableAdapter.call(Executors.java:511)
	at java.util.concurrent.FutureTask.run(FutureTask.java:266)
	at java.util.concurrent.ThreadPoolExecutor.runWorker(ThreadPoolExecutor.java:1149)
	at java.util.concurrent.ThreadPoolExecutor$Worker.run(ThreadPoolExecutor.java:624)
	... 1 more
Caused by: org.apache.ratis.thirdparty.io.netty.channel.AbstractChannel$AnnotatedConnectException: Connection refused: /192.168.157.254:45339
	at sun.nio.ch.SocketChannelImpl.checkConnect(Native Method)
	at sun.nio.ch.SocketChannelImpl.finishConnect(SocketChannelImpl.java:717)
	at org.apache.ratis.thirdparty.io.netty.channel.socket.nio.NioSocketChannel.doFinishConnect(NioSocketChannel.java:327)
	at org.apache.ratis.thirdparty.io.netty.channel.nio.AbstractNioChannel$AbstractNioUnsafe.finishConnect(AbstractNioChannel.java:340)
	at org.apache.ratis.thirdparty.io.netty.channel.nio.NioEventLoop.processSelectedKey(NioEventLoop.java:632)
	at org.apache.ratis.thirdparty.io.netty.channel.nio.NioEventLoop.processSelectedKeysOptimized(NioEventLoop.java:579)
	at org.apache.ratis.thirdparty.io.netty.channel.nio.NioEventLoop.processSelectedKeys(NioEventLoop.java:496)
	at org.apache.ratis.thirdparty.io.netty.channel.nio.NioEventLoop.run(NioEventLoop.java:458)
	at org.apache.ratis.thirdparty.io.netty.util.concurrent.SingleThreadEventExecutor$5.run(SingleThreadEventExecutor.java:897)
	at org.apache.ratis.thirdparty.io.netty.util.concurrent.FastThreadLocalRunnable.run(FastThreadLocalRunnable.java:30)
	... 1 more
Caused by: java.net.ConnectException: Connection refused
	... 11 more
2019-10-16 21:12:19,109 [52743044-8979-4a08-8013-92a14c548982@group-146C50BE7901-LeaderElection279] INFO  impl.LeaderElection (LeaderElection.java:logAndReturn(56)) - 52743044-8979-4a08-8013-92a14c548982@group-146C50BE7901-LeaderElection279: Election REJECTED; received 0 response(s) [] and 2 exception(s); 52743044-8979-4a08-8013-92a14c548982@group-146C50BE7901:t336, leader=null, voted=52743044-8979-4a08-8013-92a14c548982, raftlog=52743044-8979-4a08-8013-92a14c548982@group-146C50BE7901-SegmentedRaftLog:OPENED:c-1,f-1,i0, conf=-1: [904f39be-c3d3-4df4-99c0-2e4526e577e3:192.168.157.254:45339, 52743044-8979-4a08-8013-92a14c548982:192.168.157.254:36428, 65da0c80-3604-4ac2-9a39-ee88d748a153:192.168.157.254:37466], old=null
2019-10-16 21:12:19,109 [52743044-8979-4a08-8013-92a14c548982@group-146C50BE7901-LeaderElection279] INFO  impl.LeaderElection (LogUtils.java:infoOrTrace(149)) -   Exception 0: {}
java.util.concurrent.ExecutionException: org.apache.ratis.thirdparty.io.grpc.StatusRuntimeException: UNAVAILABLE: io exception
	at java.util.concurrent.FutureTask.report(FutureTask.java:122)
	at java.util.concurrent.FutureTask.get(FutureTask.java:192)
	at org.apache.ratis.server.impl.LeaderElection.waitForResults(LeaderElection.java:259)
	at org.apache.ratis.server.impl.LeaderElection.askForVotes(LeaderElection.java:197)
	at org.apache.ratis.server.impl.LeaderElection.run(LeaderElection.java:133)
	at java.lang.Thread.run(Thread.java:748)
Caused by: org.apache.ratis.thirdparty.io.grpc.StatusRuntimeException: UNAVAILABLE: io exception
	at org.apache.ratis.thirdparty.io.grpc.stub.ClientCalls.toStatusRuntimeException(ClientCalls.java:233)
	at org.apache.ratis.thirdparty.io.grpc.stub.ClientCalls.getUnchecked(ClientCalls.java:214)
	at org.apache.ratis.thirdparty.io.grpc.stub.ClientCalls.blockingUnaryCall(ClientCalls.java:139)
	at org.apache.ratis.proto.grpc.RaftServerProtocolServiceGrpc$RaftServerProtocolServiceBlockingStub.requestVote(RaftServerProtocolServiceGrpc.java:265)
	at org.apache.ratis.grpc.server.GrpcServerProtocolClient.requestVote(GrpcServerProtocolClient.java:99)
	at org.apache.ratis.grpc.server.GrpcService.requestVote(GrpcService.java:204)
	at org.apache.ratis.server.impl.LeaderElection.lambda$submitRequests$1(LeaderElection.java:234)
	at java.util.concurrent.FutureTask.run(FutureTask.java:266)
	at java.util.concurrent.Executors$RunnableAdapter.call(Executors.java:511)
	at java.util.concurrent.FutureTask.run(FutureTask.java:266)
	at java.util.concurrent.ThreadPoolExecutor.runWorker(ThreadPoolExecutor.java:1149)
	at java.util.concurrent.ThreadPoolExecutor$Worker.run(ThreadPoolExecutor.java:624)
	... 1 more
Caused by: org.apache.ratis.thirdparty.io.netty.channel.AbstractChannel$AnnotatedConnectException: Connection refused: /192.168.157.254:37466
	at sun.nio.ch.SocketChannelImpl.checkConnect(Native Method)
	at sun.nio.ch.SocketChannelImpl.finishConnect(SocketChannelImpl.java:717)
	at org.apache.ratis.thirdparty.io.netty.channel.socket.nio.NioSocketChannel.doFinishConnect(NioSocketChannel.java:327)
	at org.apache.ratis.thirdparty.io.netty.channel.nio.AbstractNioChannel$AbstractNioUnsafe.finishConnect(AbstractNioChannel.java:340)
	at org.apache.ratis.thirdparty.io.netty.channel.nio.NioEventLoop.processSelectedKey(NioEventLoop.java:632)
	at org.apache.ratis.thirdparty.io.netty.channel.nio.NioEventLoop.processSelectedKeysOptimized(NioEventLoop.java:579)
	at org.apache.ratis.thirdparty.io.netty.channel.nio.NioEventLoop.processSelectedKeys(NioEventLoop.java:496)
	at org.apache.ratis.thirdparty.io.netty.channel.nio.NioEventLoop.run(NioEventLoop.java:458)
	at org.apache.ratis.thirdparty.io.netty.util.concurrent.SingleThreadEventExecutor$5.run(SingleThreadEventExecutor.java:897)
	at org.apache.ratis.thirdparty.io.netty.util.concurrent.FastThreadLocalRunnable.run(FastThreadLocalRunnable.java:30)
	... 1 more
Caused by: java.net.ConnectException: Connection refused
	... 11 more
2019-10-16 21:12:19,109 [52743044-8979-4a08-8013-92a14c548982@group-146C50BE7901-LeaderElection279] INFO  impl.LeaderElection (LogUtils.java:infoOrTrace(149)) -   Exception 1: {}
java.util.concurrent.ExecutionException: org.apache.ratis.thirdparty.io.grpc.StatusRuntimeException: UNAVAILABLE: io exception
	at java.util.concurrent.FutureTask.report(FutureTask.java:122)
	at java.util.concurrent.FutureTask.get(FutureTask.java:192)
	at org.apache.ratis.server.impl.LeaderElection.waitForResults(LeaderElection.java:259)
	at org.apache.ratis.server.impl.LeaderElection.askForVotes(LeaderElection.java:197)
	at org.apache.ratis.server.impl.LeaderElection.run(LeaderElection.java:133)
	at java.lang.Thread.run(Thread.java:748)
Caused by: org.apache.ratis.thirdparty.io.grpc.StatusRuntimeException: UNAVAILABLE: io exception
	at org.apache.ratis.thirdparty.io.grpc.stub.ClientCalls.toStatusRuntimeException(ClientCalls.java:233)
	at org.apache.ratis.thirdparty.io.grpc.stub.ClientCalls.getUnchecked(ClientCalls.java:214)
	at org.apache.ratis.thirdparty.io.grpc.stub.ClientCalls.blockingUnaryCall(ClientCalls.java:139)
	at org.apache.ratis.proto.grpc.RaftServerProtocolServiceGrpc$RaftServerProtocolServiceBlockingStub.requestVote(RaftServerProtocolServiceGrpc.java:265)
	at org.apache.ratis.grpc.server.GrpcServerProtocolClient.requestVote(GrpcServerProtocolClient.java:99)
	at org.apache.ratis.grpc.server.GrpcService.requestVote(GrpcService.java:204)
	at org.apache.ratis.server.impl.LeaderElection.lambda$submitRequests$1(LeaderElection.java:234)
	at java.util.concurrent.FutureTask.run(FutureTask.java:266)
	at java.util.concurrent.Executors$RunnableAdapter.call(Executors.java:511)
	at java.util.concurrent.FutureTask.run(FutureTask.java:266)
	at java.util.concurrent.ThreadPoolExecutor.runWorker(ThreadPoolExecutor.java:1149)
	at java.util.concurrent.ThreadPoolExecutor$Worker.run(ThreadPoolExecutor.java:624)
	... 1 more
Caused by: org.apache.ratis.thirdparty.io.netty.channel.AbstractChannel$AnnotatedConnectException: Connection refused: /192.168.157.254:45339
	at sun.nio.ch.SocketChannelImpl.checkConnect(Native Method)
	at sun.nio.ch.SocketChannelImpl.finishConnect(SocketChannelImpl.java:717)
	at org.apache.ratis.thirdparty.io.netty.channel.socket.nio.NioSocketChannel.doFinishConnect(NioSocketChannel.java:327)
	at org.apache.ratis.thirdparty.io.netty.channel.nio.AbstractNioChannel$AbstractNioUnsafe.finishConnect(AbstractNioChannel.java:340)
	at org.apache.ratis.thirdparty.io.netty.channel.nio.NioEventLoop.processSelectedKey(NioEventLoop.java:632)
	at org.apache.ratis.thirdparty.io.netty.channel.nio.NioEventLoop.processSelectedKeysOptimized(NioEventLoop.java:579)
	at org.apache.ratis.thirdparty.io.netty.channel.nio.NioEventLoop.processSelectedKeys(NioEventLoop.java:496)
	at org.apache.ratis.thirdparty.io.netty.channel.nio.NioEventLoop.run(NioEventLoop.java:458)
	at org.apache.ratis.thirdparty.io.netty.util.concurrent.SingleThreadEventExecutor$5.run(SingleThreadEventExecutor.java:897)
	at org.apache.ratis.thirdparty.io.netty.util.concurrent.FastThreadLocalRunnable.run(FastThreadLocalRunnable.java:30)
	... 1 more
Caused by: java.net.ConnectException: Connection refused
	... 11 more
2019-10-16 21:12:19,109 [52743044-8979-4a08-8013-92a14c548982@group-146C50BE7901-LeaderElection279] INFO  impl.RaftServerImpl (RaftServerImpl.java:setRole(184)) - 52743044-8979-4a08-8013-92a14c548982@group-146C50BE7901: changes role from CANDIDATE to FOLLOWER at term 336 for DISCOVERED_A_NEW_TERM
2019-10-16 21:12:19,109 [52743044-8979-4a08-8013-92a14c548982@group-146C50BE7901-LeaderElection279] INFO  impl.RoleInfo (RoleInfo.java:shutdownLeaderElection(134)) - 52743044-8979-4a08-8013-92a14c548982: shutdown LeaderElection
2019-10-16 21:12:19,109 [52743044-8979-4a08-8013-92a14c548982@group-146C50BE7901-LeaderElection279] INFO  impl.RoleInfo (RoleInfo.java:updateAndGet(143)) - 52743044-8979-4a08-8013-92a14c548982: start FollowerState
2019-10-16 21:12:19,192 [Thread-2160] INFO  impl.FollowerState (FollowerState.java:run(108)) - 52743044-8979-4a08-8013-92a14c548982@group-146C50BE7901-FollowerState: change to CANDIDATE, lastRpcTime:82ms, electionTimeout:82ms
2019-10-16 21:12:19,192 [Thread-2160] INFO  impl.RoleInfo (RoleInfo.java:shutdownFollowerState(121)) - 52743044-8979-4a08-8013-92a14c548982: shutdown FollowerState
2019-10-16 21:12:19,192 [Thread-2160] INFO  impl.RaftServerImpl (RaftServerImpl.java:setRole(184)) - 52743044-8979-4a08-8013-92a14c548982@group-146C50BE7901: changes role from  FOLLOWER to CANDIDATE at term 336 for changeToCandidate
2019-10-16 21:12:19,193 [Thread-2160] INFO  impl.RoleInfo (RoleInfo.java:updateAndGet(143)) - 52743044-8979-4a08-8013-92a14c548982: start LeaderElection
2019-10-16 21:12:19,252 [52743044-8979-4a08-8013-92a14c548982@group-146C50BE7901-LeaderElection280] INFO  impl.LeaderElection (LeaderElection.java:askForVotes(178)) - 52743044-8979-4a08-8013-92a14c548982@group-146C50BE7901-LeaderElection280: begin an election at term 337 for -1: [904f39be-c3d3-4df4-99c0-2e4526e577e3:192.168.157.254:45339, 52743044-8979-4a08-8013-92a14c548982:192.168.157.254:36428, 65da0c80-3604-4ac2-9a39-ee88d748a153:192.168.157.254:37466], old=null
2019-10-16 21:12:19,253 [52743044-8979-4a08-8013-92a14c548982@group-146C50BE7901-LeaderElection280] INFO  impl.LeaderElection (LogUtils.java:infoOrTrace(149)) - 52743044-8979-4a08-8013-92a14c548982@group-146C50BE7901-LeaderElection280 got exception when requesting votes: {}
java.util.concurrent.ExecutionException: org.apache.ratis.thirdparty.io.grpc.StatusRuntimeException: UNAVAILABLE: io exception
	at java.util.concurrent.FutureTask.report(FutureTask.java:122)
	at java.util.concurrent.FutureTask.get(FutureTask.java:192)
	at org.apache.ratis.server.impl.LeaderElection.waitForResults(LeaderElection.java:259)
	at org.apache.ratis.server.impl.LeaderElection.askForVotes(LeaderElection.java:197)
	at org.apache.ratis.server.impl.LeaderElection.run(LeaderElection.java:133)
	at java.lang.Thread.run(Thread.java:748)
Caused by: org.apache.ratis.thirdparty.io.grpc.StatusRuntimeException: UNAVAILABLE: io exception
	at org.apache.ratis.thirdparty.io.grpc.stub.ClientCalls.toStatusRuntimeException(ClientCalls.java:233)
	at org.apache.ratis.thirdparty.io.grpc.stub.ClientCalls.getUnchecked(ClientCalls.java:214)
	at org.apache.ratis.thirdparty.io.grpc.stub.ClientCalls.blockingUnaryCall(ClientCalls.java:139)
	at org.apache.ratis.proto.grpc.RaftServerProtocolServiceGrpc$RaftServerProtocolServiceBlockingStub.requestVote(RaftServerProtocolServiceGrpc.java:265)
	at org.apache.ratis.grpc.server.GrpcServerProtocolClient.requestVote(GrpcServerProtocolClient.java:99)
	at org.apache.ratis.grpc.server.GrpcService.requestVote(GrpcService.java:204)
	at org.apache.ratis.server.impl.LeaderElection.lambda$submitRequests$1(LeaderElection.java:234)
	at java.util.concurrent.FutureTask.run(FutureTask.java:266)
	at java.util.concurrent.Executors$RunnableAdapter.call(Executors.java:511)
	at java.util.concurrent.FutureTask.run(FutureTask.java:266)
	at java.util.concurrent.ThreadPoolExecutor.runWorker(ThreadPoolExecutor.java:1149)
	at java.util.concurrent.ThreadPoolExecutor$Worker.run(ThreadPoolExecutor.java:624)
	... 1 more
Caused by: org.apache.ratis.thirdparty.io.netty.channel.AbstractChannel$AnnotatedConnectException: Connection refused: /192.168.157.254:45339
	at sun.nio.ch.SocketChannelImpl.checkConnect(Native Method)
	at sun.nio.ch.SocketChannelImpl.finishConnect(SocketChannelImpl.java:717)
	at org.apache.ratis.thirdparty.io.netty.channel.socket.nio.NioSocketChannel.doFinishConnect(NioSocketChannel.java:327)
	at org.apache.ratis.thirdparty.io.netty.channel.nio.AbstractNioChannel$AbstractNioUnsafe.finishConnect(AbstractNioChannel.java:340)
	at org.apache.ratis.thirdparty.io.netty.channel.nio.NioEventLoop.processSelectedKey(NioEventLoop.java:632)
	at org.apache.ratis.thirdparty.io.netty.channel.nio.NioEventLoop.processSelectedKeysOptimized(NioEventLoop.java:579)
	at org.apache.ratis.thirdparty.io.netty.channel.nio.NioEventLoop.processSelectedKeys(NioEventLoop.java:496)
	at org.apache.ratis.thirdparty.io.netty.channel.nio.NioEventLoop.run(NioEventLoop.java:458)
	at org.apache.ratis.thirdparty.io.netty.util.concurrent.SingleThreadEventExecutor$5.run(SingleThreadEventExecutor.java:897)
	at org.apache.ratis.thirdparty.io.netty.util.concurrent.FastThreadLocalRunnable.run(FastThreadLocalRunnable.java:30)
	... 1 more
Caused by: java.net.ConnectException: Connection refused
	... 11 more
2019-10-16 21:12:19,255 [52743044-8979-4a08-8013-92a14c548982@group-146C50BE7901-LeaderElection280] INFO  impl.LeaderElection (LogUtils.java:infoOrTrace(149)) - 52743044-8979-4a08-8013-92a14c548982@group-146C50BE7901-LeaderElection280 got exception when requesting votes: {}
java.util.concurrent.ExecutionException: org.apache.ratis.thirdparty.io.grpc.StatusRuntimeException: UNAVAILABLE: io exception
	at java.util.concurrent.FutureTask.report(FutureTask.java:122)
	at java.util.concurrent.FutureTask.get(FutureTask.java:192)
	at org.apache.ratis.server.impl.LeaderElection.waitForResults(LeaderElection.java:259)
	at org.apache.ratis.server.impl.LeaderElection.askForVotes(LeaderElection.java:197)
	at org.apache.ratis.server.impl.LeaderElection.run(LeaderElection.java:133)
	at java.lang.Thread.run(Thread.java:748)
Caused by: org.apache.ratis.thirdparty.io.grpc.StatusRuntimeException: UNAVAILABLE: io exception
	at org.apache.ratis.thirdparty.io.grpc.stub.ClientCalls.toStatusRuntimeException(ClientCalls.java:233)
	at org.apache.ratis.thirdparty.io.grpc.stub.ClientCalls.getUnchecked(ClientCalls.java:214)
	at org.apache.ratis.thirdparty.io.grpc.stub.ClientCalls.blockingUnaryCall(ClientCalls.java:139)
	at org.apache.ratis.proto.grpc.RaftServerProtocolServiceGrpc$RaftServerProtocolServiceBlockingStub.requestVote(RaftServerProtocolServiceGrpc.java:265)
	at org.apache.ratis.grpc.server.GrpcServerProtocolClient.requestVote(GrpcServerProtocolClient.java:99)
	at org.apache.ratis.grpc.server.GrpcService.requestVote(GrpcService.java:204)
	at org.apache.ratis.server.impl.LeaderElection.lambda$submitRequests$1(LeaderElection.java:234)
	at java.util.concurrent.FutureTask.run(FutureTask.java:266)
	at java.util.concurrent.Executors$RunnableAdapter.call(Executors.java:511)
	at java.util.concurrent.FutureTask.run(FutureTask.java:266)
	at java.util.concurrent.ThreadPoolExecutor.runWorker(ThreadPoolExecutor.java:1149)
	at java.util.concurrent.ThreadPoolExecutor$Worker.run(ThreadPoolExecutor.java:624)
	... 1 more
Caused by: org.apache.ratis.thirdparty.io.netty.channel.AbstractChannel$AnnotatedConnectException: Connection refused: /192.168.157.254:37466
	at sun.nio.ch.SocketChannelImpl.checkConnect(Native Method)
	at sun.nio.ch.SocketChannelImpl.finishConnect(SocketChannelImpl.java:717)
	at org.apache.ratis.thirdparty.io.netty.channel.socket.nio.NioSocketChannel.doFinishConnect(NioSocketChannel.java:327)
	at org.apache.ratis.thirdparty.io.netty.channel.nio.AbstractNioChannel$AbstractNioUnsafe.finishConnect(AbstractNioChannel.java:340)
	at org.apache.ratis.thirdparty.io.netty.channel.nio.NioEventLoop.processSelectedKey(NioEventLoop.java:632)
	at org.apache.ratis.thirdparty.io.netty.channel.nio.NioEventLoop.processSelectedKeysOptimized(NioEventLoop.java:579)
	at org.apache.ratis.thirdparty.io.netty.channel.nio.NioEventLoop.processSelectedKeys(NioEventLoop.java:496)
	at org.apache.ratis.thirdparty.io.netty.channel.nio.NioEventLoop.run(NioEventLoop.java:458)
	at org.apache.ratis.thirdparty.io.netty.util.concurrent.SingleThreadEventExecutor$5.run(SingleThreadEventExecutor.java:897)
	at org.apache.ratis.thirdparty.io.netty.util.concurrent.FastThreadLocalRunnable.run(FastThreadLocalRunnable.java:30)
	... 1 more
Caused by: java.net.ConnectException: Connection refused
	... 11 more
2019-10-16 21:12:19,257 [52743044-8979-4a08-8013-92a14c548982@group-146C50BE7901-LeaderElection280] INFO  impl.LeaderElection (LeaderElection.java:logAndReturn(56)) - 52743044-8979-4a08-8013-92a14c548982@group-146C50BE7901-LeaderElection280: Election REJECTED; received 0 response(s) [] and 2 exception(s); 52743044-8979-4a08-8013-92a14c548982@group-146C50BE7901:t337, leader=null, voted=52743044-8979-4a08-8013-92a14c548982, raftlog=52743044-8979-4a08-8013-92a14c548982@group-146C50BE7901-SegmentedRaftLog:OPENED:c-1,f-1,i0, conf=-1: [904f39be-c3d3-4df4-99c0-2e4526e577e3:192.168.157.254:45339, 52743044-8979-4a08-8013-92a14c548982:192.168.157.254:36428, 65da0c80-3604-4ac2-9a39-ee88d748a153:192.168.157.254:37466], old=null
2019-10-16 21:12:19,257 [52743044-8979-4a08-8013-92a14c548982@group-146C50BE7901-LeaderElection280] INFO  impl.LeaderElection (LogUtils.java:infoOrTrace(149)) -   Exception 0: {}
java.util.concurrent.ExecutionException: org.apache.ratis.thirdparty.io.grpc.StatusRuntimeException: UNAVAILABLE: io exception
	at java.util.concurrent.FutureTask.report(FutureTask.java:122)
	at java.util.concurrent.FutureTask.get(FutureTask.java:192)
	at org.apache.ratis.server.impl.LeaderElection.waitForResults(LeaderElection.java:259)
	at org.apache.ratis.server.impl.LeaderElection.askForVotes(LeaderElection.java:197)
	at org.apache.ratis.server.impl.LeaderElection.run(LeaderElection.java:133)
	at java.lang.Thread.run(Thread.java:748)
Caused by: org.apache.ratis.thirdparty.io.grpc.StatusRuntimeException: UNAVAILABLE: io exception
	at org.apache.ratis.thirdparty.io.grpc.stub.ClientCalls.toStatusRuntimeException(ClientCalls.java:233)
	at org.apache.ratis.thirdparty.io.grpc.stub.ClientCalls.getUnchecked(ClientCalls.java:214)
	at org.apache.ratis.thirdparty.io.grpc.stub.ClientCalls.blockingUnaryCall(ClientCalls.java:139)
	at org.apache.ratis.proto.grpc.RaftServerProtocolServiceGrpc$RaftServerProtocolServiceBlockingStub.requestVote(RaftServerProtocolServiceGrpc.java:265)
	at org.apache.ratis.grpc.server.GrpcServerProtocolClient.requestVote(GrpcServerProtocolClient.java:99)
	at org.apache.ratis.grpc.server.GrpcService.requestVote(GrpcService.java:204)
	at org.apache.ratis.server.impl.LeaderElection.lambda$submitRequests$1(LeaderElection.java:234)
	at java.util.concurrent.FutureTask.run(FutureTask.java:266)
	at java.util.concurrent.Executors$RunnableAdapter.call(Executors.java:511)
	at java.util.concurrent.FutureTask.run(FutureTask.java:266)
	at java.util.concurrent.ThreadPoolExecutor.runWorker(ThreadPoolExecutor.java:1149)
	at java.util.concurrent.ThreadPoolExecutor$Worker.run(ThreadPoolExecutor.java:624)
	... 1 more
Caused by: org.apache.ratis.thirdparty.io.netty.channel.AbstractChannel$AnnotatedConnectException: Connection refused: /192.168.157.254:45339
	at sun.nio.ch.SocketChannelImpl.checkConnect(Native Method)
	at sun.nio.ch.SocketChannelImpl.finishConnect(SocketChannelImpl.java:717)
	at org.apache.ratis.thirdparty.io.netty.channel.socket.nio.NioSocketChannel.doFinishConnect(NioSocketChannel.java:327)
	at org.apache.ratis.thirdparty.io.netty.channel.nio.AbstractNioChannel$AbstractNioUnsafe.finishConnect(AbstractNioChannel.java:340)
	at org.apache.ratis.thirdparty.io.netty.channel.nio.NioEventLoop.processSelectedKey(NioEventLoop.java:632)
	at org.apache.ratis.thirdparty.io.netty.channel.nio.NioEventLoop.processSelectedKeysOptimized(NioEventLoop.java:579)
	at org.apache.ratis.thirdparty.io.netty.channel.nio.NioEventLoop.processSelectedKeys(NioEventLoop.java:496)
	at org.apache.ratis.thirdparty.io.netty.channel.nio.NioEventLoop.run(NioEventLoop.java:458)
	at org.apache.ratis.thirdparty.io.netty.util.concurrent.SingleThreadEventExecutor$5.run(SingleThreadEventExecutor.java:897)
	at org.apache.ratis.thirdparty.io.netty.util.concurrent.FastThreadLocalRunnable.run(FastThreadLocalRunnable.java:30)
	... 1 more
Caused by: java.net.ConnectException: Connection refused
	... 11 more
2019-10-16 21:12:19,257 [52743044-8979-4a08-8013-92a14c548982@group-146C50BE7901-LeaderElection280] INFO  impl.LeaderElection (LogUtils.java:infoOrTrace(149)) -   Exception 1: {}
java.util.concurrent.ExecutionException: org.apache.ratis.thirdparty.io.grpc.StatusRuntimeException: UNAVAILABLE: io exception
	at java.util.concurrent.FutureTask.report(FutureTask.java:122)
	at java.util.concurrent.FutureTask.get(FutureTask.java:192)
	at org.apache.ratis.server.impl.LeaderElection.waitForResults(LeaderElection.java:259)
	at org.apache.ratis.server.impl.LeaderElection.askForVotes(LeaderElection.java:197)
	at org.apache.ratis.server.impl.LeaderElection.run(LeaderElection.java:133)
	at java.lang.Thread.run(Thread.java:748)
Caused by: org.apache.ratis.thirdparty.io.grpc.StatusRuntimeException: UNAVAILABLE: io exception
	at org.apache.ratis.thirdparty.io.grpc.stub.ClientCalls.toStatusRuntimeException(ClientCalls.java:233)
	at org.apache.ratis.thirdparty.io.grpc.stub.ClientCalls.getUnchecked(ClientCalls.java:214)
	at org.apache.ratis.thirdparty.io.grpc.stub.ClientCalls.blockingUnaryCall(ClientCalls.java:139)
	at org.apache.ratis.proto.grpc.RaftServerProtocolServiceGrpc$RaftServerProtocolServiceBlockingStub.requestVote(RaftServerProtocolServiceGrpc.java:265)
	at org.apache.ratis.grpc.server.GrpcServerProtocolClient.requestVote(GrpcServerProtocolClient.java:99)
	at org.apache.ratis.grpc.server.GrpcService.requestVote(GrpcService.java:204)
	at org.apache.ratis.server.impl.LeaderElection.lambda$submitRequests$1(LeaderElection.java:234)
	at java.util.concurrent.FutureTask.run(FutureTask.java:266)
	at java.util.concurrent.Executors$RunnableAdapter.call(Executors.java:511)
	at java.util.concurrent.FutureTask.run(FutureTask.java:266)
	at java.util.concurrent.ThreadPoolExecutor.runWorker(ThreadPoolExecutor.java:1149)
	at java.util.concurrent.ThreadPoolExecutor$Worker.run(ThreadPoolExecutor.java:624)
	... 1 more
Caused by: org.apache.ratis.thirdparty.io.netty.channel.AbstractChannel$AnnotatedConnectException: Connection refused: /192.168.157.254:37466
	at sun.nio.ch.SocketChannelImpl.checkConnect(Native Method)
	at sun.nio.ch.SocketChannelImpl.finishConnect(SocketChannelImpl.java:717)
	at org.apache.ratis.thirdparty.io.netty.channel.socket.nio.NioSocketChannel.doFinishConnect(NioSocketChannel.java:327)
	at org.apache.ratis.thirdparty.io.netty.channel.nio.AbstractNioChannel$AbstractNioUnsafe.finishConnect(AbstractNioChannel.java:340)
	at org.apache.ratis.thirdparty.io.netty.channel.nio.NioEventLoop.processSelectedKey(NioEventLoop.java:632)
	at org.apache.ratis.thirdparty.io.netty.channel.nio.NioEventLoop.processSelectedKeysOptimized(NioEventLoop.java:579)
	at org.apache.ratis.thirdparty.io.netty.channel.nio.NioEventLoop.processSelectedKeys(NioEventLoop.java:496)
	at org.apache.ratis.thirdparty.io.netty.channel.nio.NioEventLoop.run(NioEventLoop.java:458)
	at org.apache.ratis.thirdparty.io.netty.util.concurrent.SingleThreadEventExecutor$5.run(SingleThreadEventExecutor.java:897)
	at org.apache.ratis.thirdparty.io.netty.util.concurrent.FastThreadLocalRunnable.run(FastThreadLocalRunnable.java:30)
	... 1 more
Caused by: java.net.ConnectException: Connection refused
	... 11 more
2019-10-16 21:12:19,258 [52743044-8979-4a08-8013-92a14c548982@group-146C50BE7901-LeaderElection280] INFO  impl.RaftServerImpl (RaftServerImpl.java:setRole(184)) - 52743044-8979-4a08-8013-92a14c548982@group-146C50BE7901: changes role from CANDIDATE to FOLLOWER at term 337 for DISCOVERED_A_NEW_TERM
2019-10-16 21:12:19,258 [52743044-8979-4a08-8013-92a14c548982@group-146C50BE7901-LeaderElection280] INFO  impl.RoleInfo (RoleInfo.java:shutdownLeaderElection(134)) - 52743044-8979-4a08-8013-92a14c548982: shutdown LeaderElection
2019-10-16 21:12:19,258 [52743044-8979-4a08-8013-92a14c548982@group-146C50BE7901-LeaderElection280] INFO  impl.RoleInfo (RoleInfo.java:updateAndGet(143)) - 52743044-8979-4a08-8013-92a14c548982: start FollowerState
2019-10-16 21:12:19,281 [Thread-2164] INFO  impl.FollowerState (FollowerState.java:run(108)) - 52743044-8979-4a08-8013-92a14c548982@group-146C50BE7901-FollowerState: change to CANDIDATE, lastRpcTime:23ms, electionTimeout:23ms
2019-10-16 21:12:19,281 [Thread-2164] INFO  impl.RoleInfo (RoleInfo.java:shutdownFollowerState(121)) - 52743044-8979-4a08-8013-92a14c548982: shutdown FollowerState
2019-10-16 21:12:19,282 [Thread-2164] INFO  impl.RaftServerImpl (RaftServerImpl.java:setRole(184)) - 52743044-8979-4a08-8013-92a14c548982@group-146C50BE7901: changes role from  FOLLOWER to CANDIDATE at term 337 for changeToCandidate
2019-10-16 21:12:19,282 [Thread-2164] INFO  impl.RoleInfo (RoleInfo.java:updateAndGet(143)) - 52743044-8979-4a08-8013-92a14c548982: start LeaderElection
2019-10-16 21:12:19,296 [52743044-8979-4a08-8013-92a14c548982@group-146C50BE7901-LeaderElection281] INFO  impl.LeaderElection (LeaderElection.java:askForVotes(178)) - 52743044-8979-4a08-8013-92a14c548982@group-146C50BE7901-LeaderElection281: begin an election at term 338 for -1: [904f39be-c3d3-4df4-99c0-2e4526e577e3:192.168.157.254:45339, 52743044-8979-4a08-8013-92a14c548982:192.168.157.254:36428, 65da0c80-3604-4ac2-9a39-ee88d748a153:192.168.157.254:37466], old=null
2019-10-16 21:12:19,297 [52743044-8979-4a08-8013-92a14c548982@group-146C50BE7901-LeaderElection281] INFO  impl.LeaderElection (LogUtils.java:infoOrTrace(149)) - 52743044-8979-4a08-8013-92a14c548982@group-146C50BE7901-LeaderElection281 got exception when requesting votes: {}
java.util.concurrent.ExecutionException: org.apache.ratis.thirdparty.io.grpc.StatusRuntimeException: UNAVAILABLE: io exception
	at java.util.concurrent.FutureTask.report(FutureTask.java:122)
	at java.util.concurrent.FutureTask.get(FutureTask.java:192)
	at org.apache.ratis.server.impl.LeaderElection.waitForResults(LeaderElection.java:259)
	at org.apache.ratis.server.impl.LeaderElection.askForVotes(LeaderElection.java:197)
	at org.apache.ratis.server.impl.LeaderElection.run(LeaderElection.java:133)
	at java.lang.Thread.run(Thread.java:748)
Caused by: org.apache.ratis.thirdparty.io.grpc.StatusRuntimeException: UNAVAILABLE: io exception
	at org.apache.ratis.thirdparty.io.grpc.stub.ClientCalls.toStatusRuntimeException(ClientCalls.java:233)
	at org.apache.ratis.thirdparty.io.grpc.stub.ClientCalls.getUnchecked(ClientCalls.java:214)
	at org.apache.ratis.thirdparty.io.grpc.stub.ClientCalls.blockingUnaryCall(ClientCalls.java:139)
	at org.apache.ratis.proto.grpc.RaftServerProtocolServiceGrpc$RaftServerProtocolServiceBlockingStub.requestVote(RaftServerProtocolServiceGrpc.java:265)
	at org.apache.ratis.grpc.server.GrpcServerProtocolClient.requestVote(GrpcServerProtocolClient.java:99)
	at org.apache.ratis.grpc.server.GrpcService.requestVote(GrpcService.java:204)
	at org.apache.ratis.server.impl.LeaderElection.lambda$submitRequests$1(LeaderElection.java:234)
	at java.util.concurrent.FutureTask.run(FutureTask.java:266)
	at java.util.concurrent.Executors$RunnableAdapter.call(Executors.java:511)
	at java.util.concurrent.FutureTask.run(FutureTask.java:266)
	at java.util.concurrent.ThreadPoolExecutor.runWorker(ThreadPoolExecutor.java:1149)
	at java.util.concurrent.ThreadPoolExecutor$Worker.run(ThreadPoolExecutor.java:624)
	... 1 more
Caused by: org.apache.ratis.thirdparty.io.netty.channel.AbstractChannel$AnnotatedConnectException: Connection refused: /192.168.157.254:45339
	at sun.nio.ch.SocketChannelImpl.checkConnect(Native Method)
	at sun.nio.ch.SocketChannelImpl.finishConnect(SocketChannelImpl.java:717)
	at org.apache.ratis.thirdparty.io.netty.channel.socket.nio.NioSocketChannel.doFinishConnect(NioSocketChannel.java:327)
	at org.apache.ratis.thirdparty.io.netty.channel.nio.AbstractNioChannel$AbstractNioUnsafe.finishConnect(AbstractNioChannel.java:340)
	at org.apache.ratis.thirdparty.io.netty.channel.nio.NioEventLoop.processSelectedKey(NioEventLoop.java:632)
	at org.apache.ratis.thirdparty.io.netty.channel.nio.NioEventLoop.processSelectedKeysOptimized(NioEventLoop.java:579)
	at org.apache.ratis.thirdparty.io.netty.channel.nio.NioEventLoop.processSelectedKeys(NioEventLoop.java:496)
	at org.apache.ratis.thirdparty.io.netty.channel.nio.NioEventLoop.run(NioEventLoop.java:458)
	at org.apache.ratis.thirdparty.io.netty.util.concurrent.SingleThreadEventExecutor$5.run(SingleThreadEventExecutor.java:897)
	at org.apache.ratis.thirdparty.io.netty.util.concurrent.FastThreadLocalRunnable.run(FastThreadLocalRunnable.java:30)
	... 1 more
Caused by: java.net.ConnectException: Connection refused
	... 11 more
2019-10-16 21:12:19,299 [52743044-8979-4a08-8013-92a14c548982@group-146C50BE7901-LeaderElection281] INFO  impl.LeaderElection (LogUtils.java:infoOrTrace(149)) - 52743044-8979-4a08-8013-92a14c548982@group-146C50BE7901-LeaderElection281 got exception when requesting votes: {}
java.util.concurrent.ExecutionException: org.apache.ratis.thirdparty.io.grpc.StatusRuntimeException: UNAVAILABLE: io exception
	at java.util.concurrent.FutureTask.report(FutureTask.java:122)
	at java.util.concurrent.FutureTask.get(FutureTask.java:192)
	at org.apache.ratis.server.impl.LeaderElection.waitForResults(LeaderElection.java:259)
	at org.apache.ratis.server.impl.LeaderElection.askForVotes(LeaderElection.java:197)
	at org.apache.ratis.server.impl.LeaderElection.run(LeaderElection.java:133)
	at java.lang.Thread.run(Thread.java:748)
Caused by: org.apache.ratis.thirdparty.io.grpc.StatusRuntimeException: UNAVAILABLE: io exception
	at org.apache.ratis.thirdparty.io.grpc.stub.ClientCalls.toStatusRuntimeException(ClientCalls.java:233)
	at org.apache.ratis.thirdparty.io.grpc.stub.ClientCalls.getUnchecked(ClientCalls.java:214)
	at org.apache.ratis.thirdparty.io.grpc.stub.ClientCalls.blockingUnaryCall(ClientCalls.java:139)
	at org.apache.ratis.proto.grpc.RaftServerProtocolServiceGrpc$RaftServerProtocolServiceBlockingStub.requestVote(RaftServerProtocolServiceGrpc.java:265)
	at org.apache.ratis.grpc.server.GrpcServerProtocolClient.requestVote(GrpcServerProtocolClient.java:99)
	at org.apache.ratis.grpc.server.GrpcService.requestVote(GrpcService.java:204)
	at org.apache.ratis.server.impl.LeaderElection.lambda$submitRequests$1(LeaderElection.java:234)
	at java.util.concurrent.FutureTask.run(FutureTask.java:266)
	at java.util.concurrent.Executors$RunnableAdapter.call(Executors.java:511)
	at java.util.concurrent.FutureTask.run(FutureTask.java:266)
	at java.util.concurrent.ThreadPoolExecutor.runWorker(ThreadPoolExecutor.java:1149)
	at java.util.concurrent.ThreadPoolExecutor$Worker.run(ThreadPoolExecutor.java:624)
	... 1 more
Caused by: org.apache.ratis.thirdparty.io.netty.channel.AbstractChannel$AnnotatedConnectException: Connection refused: /192.168.157.254:37466
	at sun.nio.ch.SocketChannelImpl.checkConnect(Native Method)
	at sun.nio.ch.SocketChannelImpl.finishConnect(SocketChannelImpl.java:717)
	at org.apache.ratis.thirdparty.io.netty.channel.socket.nio.NioSocketChannel.doFinishConnect(NioSocketChannel.java:327)
	at org.apache.ratis.thirdparty.io.netty.channel.nio.AbstractNioChannel$AbstractNioUnsafe.finishConnect(AbstractNioChannel.java:340)
	at org.apache.ratis.thirdparty.io.netty.channel.nio.NioEventLoop.processSelectedKey(NioEventLoop.java:632)
	at org.apache.ratis.thirdparty.io.netty.channel.nio.NioEventLoop.processSelectedKeysOptimized(NioEventLoop.java:579)
	at org.apache.ratis.thirdparty.io.netty.channel.nio.NioEventLoop.processSelectedKeys(NioEventLoop.java:496)
	at org.apache.ratis.thirdparty.io.netty.channel.nio.NioEventLoop.run(NioEventLoop.java:458)
	at org.apache.ratis.thirdparty.io.netty.util.concurrent.SingleThreadEventExecutor$5.run(SingleThreadEventExecutor.java:897)
	at org.apache.ratis.thirdparty.io.netty.util.concurrent.FastThreadLocalRunnable.run(FastThreadLocalRunnable.java:30)
	... 1 more
Caused by: java.net.ConnectException: Connection refused
	... 11 more
2019-10-16 21:12:19,300 [52743044-8979-4a08-8013-92a14c548982@group-146C50BE7901-LeaderElection281] INFO  impl.LeaderElection (LeaderElection.java:logAndReturn(56)) - 52743044-8979-4a08-8013-92a14c548982@group-146C50BE7901-LeaderElection281: Election REJECTED; received 0 response(s) [] and 2 exception(s); 52743044-8979-4a08-8013-92a14c548982@group-146C50BE7901:t338, leader=null, voted=52743044-8979-4a08-8013-92a14c548982, raftlog=52743044-8979-4a08-8013-92a14c548982@group-146C50BE7901-SegmentedRaftLog:OPENED:c-1,f-1,i0, conf=-1: [904f39be-c3d3-4df4-99c0-2e4526e577e3:192.168.157.254:45339, 52743044-8979-4a08-8013-92a14c548982:192.168.157.254:36428, 65da0c80-3604-4ac2-9a39-ee88d748a153:192.168.157.254:37466], old=null
2019-10-16 21:12:19,300 [52743044-8979-4a08-8013-92a14c548982@group-146C50BE7901-LeaderElection281] INFO  impl.LeaderElection (LogUtils.java:infoOrTrace(149)) -   Exception 0: {}
java.util.concurrent.ExecutionException: org.apache.ratis.thirdparty.io.grpc.StatusRuntimeException: UNAVAILABLE: io exception
	at java.util.concurrent.FutureTask.report(FutureTask.java:122)
	at java.util.concurrent.FutureTask.get(FutureTask.java:192)
	at org.apache.ratis.server.impl.LeaderElection.waitForResults(LeaderElection.java:259)
	at org.apache.ratis.server.impl.LeaderElection.askForVotes(LeaderElection.java:197)
	at org.apache.ratis.server.impl.LeaderElection.run(LeaderElection.java:133)
	at java.lang.Thread.run(Thread.java:748)
Caused by: org.apache.ratis.thirdparty.io.grpc.StatusRuntimeException: UNAVAILABLE: io exception
	at org.apache.ratis.thirdparty.io.grpc.stub.ClientCalls.toStatusRuntimeException(ClientCalls.java:233)
	at org.apache.ratis.thirdparty.io.grpc.stub.ClientCalls.getUnchecked(ClientCalls.java:214)
	at org.apache.ratis.thirdparty.io.grpc.stub.ClientCalls.blockingUnaryCall(ClientCalls.java:139)
	at org.apache.ratis.proto.grpc.RaftServerProtocolServiceGrpc$RaftServerProtocolServiceBlockingStub.requestVote(RaftServerProtocolServiceGrpc.java:265)
	at org.apache.ratis.grpc.server.GrpcServerProtocolClient.requestVote(GrpcServerProtocolClient.java:99)
	at org.apache.ratis.grpc.server.GrpcService.requestVote(GrpcService.java:204)
	at org.apache.ratis.server.impl.LeaderElection.lambda$submitRequests$1(LeaderElection.java:234)
	at java.util.concurrent.FutureTask.run(FutureTask.java:266)
	at java.util.concurrent.Executors$RunnableAdapter.call(Executors.java:511)
	at java.util.concurrent.FutureTask.run(FutureTask.java:266)
	at java.util.concurrent.ThreadPoolExecutor.runWorker(ThreadPoolExecutor.java:1149)
	at java.util.concurrent.ThreadPoolExecutor$Worker.run(ThreadPoolExecutor.java:624)
	... 1 more
Caused by: org.apache.ratis.thirdparty.io.netty.channel.AbstractChannel$AnnotatedConnectException: Connection refused: /192.168.157.254:45339
	at sun.nio.ch.SocketChannelImpl.checkConnect(Native Method)
	at sun.nio.ch.SocketChannelImpl.finishConnect(SocketChannelImpl.java:717)
	at org.apache.ratis.thirdparty.io.netty.channel.socket.nio.NioSocketChannel.doFinishConnect(NioSocketChannel.java:327)
	at org.apache.ratis.thirdparty.io.netty.channel.nio.AbstractNioChannel$AbstractNioUnsafe.finishConnect(AbstractNioChannel.java:340)
	at org.apache.ratis.thirdparty.io.netty.channel.nio.NioEventLoop.processSelectedKey(NioEventLoop.java:632)
	at org.apache.ratis.thirdparty.io.netty.channel.nio.NioEventLoop.processSelectedKeysOptimized(NioEventLoop.java:579)
	at org.apache.ratis.thirdparty.io.netty.channel.nio.NioEventLoop.processSelectedKeys(NioEventLoop.java:496)
	at org.apache.ratis.thirdparty.io.netty.channel.nio.NioEventLoop.run(NioEventLoop.java:458)
	at org.apache.ratis.thirdparty.io.netty.util.concurrent.SingleThreadEventExecutor$5.run(SingleThreadEventExecutor.java:897)
	at org.apache.ratis.thirdparty.io.netty.util.concurrent.FastThreadLocalRunnable.run(FastThreadLocalRunnable.java:30)
	... 1 more
Caused by: java.net.ConnectException: Connection refused
	... 11 more
2019-10-16 21:12:19,300 [52743044-8979-4a08-8013-92a14c548982@group-146C50BE7901-LeaderElection281] INFO  impl.LeaderElection (LogUtils.java:infoOrTrace(149)) -   Exception 1: {}
java.util.concurrent.ExecutionException: org.apache.ratis.thirdparty.io.grpc.StatusRuntimeException: UNAVAILABLE: io exception
	at java.util.concurrent.FutureTask.report(FutureTask.java:122)
	at java.util.concurrent.FutureTask.get(FutureTask.java:192)
	at org.apache.ratis.server.impl.LeaderElection.waitForResults(LeaderElection.java:259)
	at org.apache.ratis.server.impl.LeaderElection.askForVotes(LeaderElection.java:197)
	at org.apache.ratis.server.impl.LeaderElection.run(LeaderElection.java:133)
	at java.lang.Thread.run(Thread.java:748)
Caused by: org.apache.ratis.thirdparty.io.grpc.StatusRuntimeException: UNAVAILABLE: io exception
	at org.apache.ratis.thirdparty.io.grpc.stub.ClientCalls.toStatusRuntimeException(ClientCalls.java:233)
	at org.apache.ratis.thirdparty.io.grpc.stub.ClientCalls.getUnchecked(ClientCalls.java:214)
	at org.apache.ratis.thirdparty.io.grpc.stub.ClientCalls.blockingUnaryCall(ClientCalls.java:139)
	at org.apache.ratis.proto.grpc.RaftServerProtocolServiceGrpc$RaftServerProtocolServiceBlockingStub.requestVote(RaftServerProtocolServiceGrpc.java:265)
	at org.apache.ratis.grpc.server.GrpcServerProtocolClient.requestVote(GrpcServerProtocolClient.java:99)
	at org.apache.ratis.grpc.server.GrpcService.requestVote(GrpcService.java:204)
	at org.apache.ratis.server.impl.LeaderElection.lambda$submitRequests$1(LeaderElection.java:234)
	at java.util.concurrent.FutureTask.run(FutureTask.java:266)
	at java.util.concurrent.Executors$RunnableAdapter.call(Executors.java:511)
	at java.util.concurrent.FutureTask.run(FutureTask.java:266)
	at java.util.concurrent.ThreadPoolExecutor.runWorker(ThreadPoolExecutor.java:1149)
	at java.util.concurrent.ThreadPoolExecutor$Worker.run(ThreadPoolExecutor.java:624)
	... 1 more
Caused by: org.apache.ratis.thirdparty.io.netty.channel.AbstractChannel$AnnotatedConnectException: Connection refused: /192.168.157.254:37466
	at sun.nio.ch.SocketChannelImpl.checkConnect(Native Method)
	at sun.nio.ch.SocketChannelImpl.finishConnect(SocketChannelImpl.java:717)
	at org.apache.ratis.thirdparty.io.netty.channel.socket.nio.NioSocketChannel.doFinishConnect(NioSocketChannel.java:327)
	at org.apache.ratis.thirdparty.io.netty.channel.nio.AbstractNioChannel$AbstractNioUnsafe.finishConnect(AbstractNioChannel.java:340)
	at org.apache.ratis.thirdparty.io.netty.channel.nio.NioEventLoop.processSelectedKey(NioEventLoop.java:632)
	at org.apache.ratis.thirdparty.io.netty.channel.nio.NioEventLoop.processSelectedKeysOptimized(NioEventLoop.java:579)
	at org.apache.ratis.thirdparty.io.netty.channel.nio.NioEventLoop.processSelectedKeys(NioEventLoop.java:496)
	at org.apache.ratis.thirdparty.io.netty.channel.nio.NioEventLoop.run(NioEventLoop.java:458)
	at org.apache.ratis.thirdparty.io.netty.util.concurrent.SingleThreadEventExecutor$5.run(SingleThreadEventExecutor.java:897)
	at org.apache.ratis.thirdparty.io.netty.util.concurrent.FastThreadLocalRunnable.run(FastThreadLocalRunnable.java:30)
	... 1 more
Caused by: java.net.ConnectException: Connection refused
	... 11 more
2019-10-16 21:12:19,301 [52743044-8979-4a08-8013-92a14c548982@group-146C50BE7901-LeaderElection281] INFO  impl.RaftServerImpl (RaftServerImpl.java:setRole(184)) - 52743044-8979-4a08-8013-92a14c548982@group-146C50BE7901: changes role from CANDIDATE to FOLLOWER at term 338 for DISCOVERED_A_NEW_TERM
2019-10-16 21:12:19,301 [52743044-8979-4a08-8013-92a14c548982@group-146C50BE7901-LeaderElection281] INFO  impl.RoleInfo (RoleInfo.java:shutdownLeaderElection(134)) - 52743044-8979-4a08-8013-92a14c548982: shutdown LeaderElection
2019-10-16 21:12:19,301 [52743044-8979-4a08-8013-92a14c548982@group-146C50BE7901-LeaderElection281] INFO  impl.RoleInfo (RoleInfo.java:updateAndGet(143)) - 52743044-8979-4a08-8013-92a14c548982: start FollowerState
2019-10-16 21:12:19,378 [Thread-2168] INFO  impl.FollowerState (FollowerState.java:run(108)) - 52743044-8979-4a08-8013-92a14c548982@group-146C50BE7901-FollowerState: change to CANDIDATE, lastRpcTime:76ms, electionTimeout:76ms
2019-10-16 21:12:19,378 [Thread-2168] INFO  impl.RoleInfo (RoleInfo.java:shutdownFollowerState(121)) - 52743044-8979-4a08-8013-92a14c548982: shutdown FollowerState
2019-10-16 21:12:19,378 [Thread-2168] INFO  impl.RaftServerImpl (RaftServerImpl.java:setRole(184)) - 52743044-8979-4a08-8013-92a14c548982@group-146C50BE7901: changes role from  FOLLOWER to CANDIDATE at term 338 for changeToCandidate
2019-10-16 21:12:19,378 [Thread-2168] INFO  impl.RoleInfo (RoleInfo.java:updateAndGet(143)) - 52743044-8979-4a08-8013-92a14c548982: start LeaderElection
2019-10-16 21:12:19,434 [52743044-8979-4a08-8013-92a14c548982@group-146C50BE7901-LeaderElection282] INFO  impl.LeaderElection (LeaderElection.java:askForVotes(178)) - 52743044-8979-4a08-8013-92a14c548982@group-146C50BE7901-LeaderElection282: begin an election at term 339 for -1: [904f39be-c3d3-4df4-99c0-2e4526e577e3:192.168.157.254:45339, 52743044-8979-4a08-8013-92a14c548982:192.168.157.254:36428, 65da0c80-3604-4ac2-9a39-ee88d748a153:192.168.157.254:37466], old=null
2019-10-16 21:12:19,434 [52743044-8979-4a08-8013-92a14c548982@group-146C50BE7901-LeaderElection282] INFO  impl.LeaderElection (LogUtils.java:infoOrTrace(149)) - 52743044-8979-4a08-8013-92a14c548982@group-146C50BE7901-LeaderElection282 got exception when requesting votes: {}
java.util.concurrent.ExecutionException: org.apache.ratis.thirdparty.io.grpc.StatusRuntimeException: UNAVAILABLE: io exception
	at java.util.concurrent.FutureTask.report(FutureTask.java:122)
	at java.util.concurrent.FutureTask.get(FutureTask.java:192)
	at org.apache.ratis.server.impl.LeaderElection.waitForResults(LeaderElection.java:259)
	at org.apache.ratis.server.impl.LeaderElection.askForVotes(LeaderElection.java:197)
	at org.apache.ratis.server.impl.LeaderElection.run(LeaderElection.java:133)
	at java.lang.Thread.run(Thread.java:748)
Caused by: org.apache.ratis.thirdparty.io.grpc.StatusRuntimeException: UNAVAILABLE: io exception
	at org.apache.ratis.thirdparty.io.grpc.stub.ClientCalls.toStatusRuntimeException(ClientCalls.java:233)
	at org.apache.ratis.thirdparty.io.grpc.stub.ClientCalls.getUnchecked(ClientCalls.java:214)
	at org.apache.ratis.thirdparty.io.grpc.stub.ClientCalls.blockingUnaryCall(ClientCalls.java:139)
	at org.apache.ratis.proto.grpc.RaftServerProtocolServiceGrpc$RaftServerProtocolServiceBlockingStub.requestVote(RaftServerProtocolServiceGrpc.java:265)
	at org.apache.ratis.grpc.server.GrpcServerProtocolClient.requestVote(GrpcServerProtocolClient.java:99)
	at org.apache.ratis.grpc.server.GrpcService.requestVote(GrpcService.java:204)
	at org.apache.ratis.server.impl.LeaderElection.lambda$submitRequests$1(LeaderElection.java:234)
	at java.util.concurrent.FutureTask.run(FutureTask.java:266)
	at java.util.concurrent.Executors$RunnableAdapter.call(Executors.java:511)
	at java.util.concurrent.FutureTask.run(FutureTask.java:266)
	at java.util.concurrent.ThreadPoolExecutor.runWorker(ThreadPoolExecutor.java:1149)
	at java.util.concurrent.ThreadPoolExecutor$Worker.run(ThreadPoolExecutor.java:624)
	... 1 more
Caused by: org.apache.ratis.thirdparty.io.netty.channel.AbstractChannel$AnnotatedConnectException: Connection refused: /192.168.157.254:37466
	at sun.nio.ch.SocketChannelImpl.checkConnect(Native Method)
	at sun.nio.ch.SocketChannelImpl.finishConnect(SocketChannelImpl.java:717)
	at org.apache.ratis.thirdparty.io.netty.channel.socket.nio.NioSocketChannel.doFinishConnect(NioSocketChannel.java:327)
	at org.apache.ratis.thirdparty.io.netty.channel.nio.AbstractNioChannel$AbstractNioUnsafe.finishConnect(AbstractNioChannel.java:340)
	at org.apache.ratis.thirdparty.io.netty.channel.nio.NioEventLoop.processSelectedKey(NioEventLoop.java:632)
	at org.apache.ratis.thirdparty.io.netty.channel.nio.NioEventLoop.processSelectedKeysOptimized(NioEventLoop.java:579)
	at org.apache.ratis.thirdparty.io.netty.channel.nio.NioEventLoop.processSelectedKeys(NioEventLoop.java:496)
	at org.apache.ratis.thirdparty.io.netty.channel.nio.NioEventLoop.run(NioEventLoop.java:458)
	at org.apache.ratis.thirdparty.io.netty.util.concurrent.SingleThreadEventExecutor$5.run(SingleThreadEventExecutor.java:897)
	at org.apache.ratis.thirdparty.io.netty.util.concurrent.FastThreadLocalRunnable.run(FastThreadLocalRunnable.java:30)
	... 1 more
Caused by: java.net.ConnectException: Connection refused
	... 11 more
2019-10-16 21:12:19,436 [52743044-8979-4a08-8013-92a14c548982@group-146C50BE7901-LeaderElection282] INFO  impl.LeaderElection (LogUtils.java:infoOrTrace(149)) - 52743044-8979-4a08-8013-92a14c548982@group-146C50BE7901-LeaderElection282 got exception when requesting votes: {}
java.util.concurrent.ExecutionException: org.apache.ratis.thirdparty.io.grpc.StatusRuntimeException: UNAVAILABLE: io exception
	at java.util.concurrent.FutureTask.report(FutureTask.java:122)
	at java.util.concurrent.FutureTask.get(FutureTask.java:192)
	at org.apache.ratis.server.impl.LeaderElection.waitForResults(LeaderElection.java:259)
	at org.apache.ratis.server.impl.LeaderElection.askForVotes(LeaderElection.java:197)
	at org.apache.ratis.server.impl.LeaderElection.run(LeaderElection.java:133)
	at java.lang.Thread.run(Thread.java:748)
Caused by: org.apache.ratis.thirdparty.io.grpc.StatusRuntimeException: UNAVAILABLE: io exception
	at org.apache.ratis.thirdparty.io.grpc.stub.ClientCalls.toStatusRuntimeException(ClientCalls.java:233)
	at org.apache.ratis.thirdparty.io.grpc.stub.ClientCalls.getUnchecked(ClientCalls.java:214)
	at org.apache.ratis.thirdparty.io.grpc.stub.ClientCalls.blockingUnaryCall(ClientCalls.java:139)
	at org.apache.ratis.proto.grpc.RaftServerProtocolServiceGrpc$RaftServerProtocolServiceBlockingStub.requestVote(RaftServerProtocolServiceGrpc.java:265)
	at org.apache.ratis.grpc.server.GrpcServerProtocolClient.requestVote(GrpcServerProtocolClient.java:99)
	at org.apache.ratis.grpc.server.GrpcService.requestVote(GrpcService.java:204)
	at org.apache.ratis.server.impl.LeaderElection.lambda$submitRequests$1(LeaderElection.java:234)
	at java.util.concurrent.FutureTask.run(FutureTask.java:266)
	at java.util.concurrent.Executors$RunnableAdapter.call(Executors.java:511)
	at java.util.concurrent.FutureTask.run(FutureTask.java:266)
	at java.util.concurrent.ThreadPoolExecutor.runWorker(ThreadPoolExecutor.java:1149)
	at java.util.concurrent.ThreadPoolExecutor$Worker.run(ThreadPoolExecutor.java:624)
	... 1 more
Caused by: org.apache.ratis.thirdparty.io.netty.channel.AbstractChannel$AnnotatedConnectException: Connection refused: /192.168.157.254:45339
	at sun.nio.ch.SocketChannelImpl.checkConnect(Native Method)
	at sun.nio.ch.SocketChannelImpl.finishConnect(SocketChannelImpl.java:717)
	at org.apache.ratis.thirdparty.io.netty.channel.socket.nio.NioSocketChannel.doFinishConnect(NioSocketChannel.java:327)
	at org.apache.ratis.thirdparty.io.netty.channel.nio.AbstractNioChannel$AbstractNioUnsafe.finishConnect(AbstractNioChannel.java:340)
	at org.apache.ratis.thirdparty.io.netty.channel.nio.NioEventLoop.processSelectedKey(NioEventLoop.java:632)
	at org.apache.ratis.thirdparty.io.netty.channel.nio.NioEventLoop.processSelectedKeysOptimized(NioEventLoop.java:579)
	at org.apache.ratis.thirdparty.io.netty.channel.nio.NioEventLoop.processSelectedKeys(NioEventLoop.java:496)
	at org.apache.ratis.thirdparty.io.netty.channel.nio.NioEventLoop.run(NioEventLoop.java:458)
	at org.apache.ratis.thirdparty.io.netty.util.concurrent.SingleThreadEventExecutor$5.run(SingleThreadEventExecutor.java:897)
	at org.apache.ratis.thirdparty.io.netty.util.concurrent.FastThreadLocalRunnable.run(FastThreadLocalRunnable.java:30)
	... 1 more
Caused by: java.net.ConnectException: Connection refused
	... 11 more
2019-10-16 21:12:19,437 [52743044-8979-4a08-8013-92a14c548982@group-146C50BE7901-LeaderElection282] INFO  impl.LeaderElection (LeaderElection.java:logAndReturn(56)) - 52743044-8979-4a08-8013-92a14c548982@group-146C50BE7901-LeaderElection282: Election REJECTED; received 0 response(s) [] and 2 exception(s); 52743044-8979-4a08-8013-92a14c548982@group-146C50BE7901:t339, leader=null, voted=52743044-8979-4a08-8013-92a14c548982, raftlog=52743044-8979-4a08-8013-92a14c548982@group-146C50BE7901-SegmentedRaftLog:OPENED:c-1,f-1,i0, conf=-1: [904f39be-c3d3-4df4-99c0-2e4526e577e3:192.168.157.254:45339, 52743044-8979-4a08-8013-92a14c548982:192.168.157.254:36428, 65da0c80-3604-4ac2-9a39-ee88d748a153:192.168.157.254:37466], old=null
2019-10-16 21:12:19,437 [52743044-8979-4a08-8013-92a14c548982@group-146C50BE7901-LeaderElection282] INFO  impl.LeaderElection (LogUtils.java:infoOrTrace(149)) -   Exception 0: {}
java.util.concurrent.ExecutionException: org.apache.ratis.thirdparty.io.grpc.StatusRuntimeException: UNAVAILABLE: io exception
	at java.util.concurrent.FutureTask.report(FutureTask.java:122)
	at java.util.concurrent.FutureTask.get(FutureTask.java:192)
	at org.apache.ratis.server.impl.LeaderElection.waitForResults(LeaderElection.java:259)
	at org.apache.ratis.server.impl.LeaderElection.askForVotes(LeaderElection.java:197)
	at org.apache.ratis.server.impl.LeaderElection.run(LeaderElection.java:133)
	at java.lang.Thread.run(Thread.java:748)
Caused by: org.apache.ratis.thirdparty.io.grpc.StatusRuntimeException: UNAVAILABLE: io exception
	at org.apache.ratis.thirdparty.io.grpc.stub.ClientCalls.toStatusRuntimeException(ClientCalls.java:233)
	at org.apache.ratis.thirdparty.io.grpc.stub.ClientCalls.getUnchecked(ClientCalls.java:214)
	at org.apache.ratis.thirdparty.io.grpc.stub.ClientCalls.blockingUnaryCall(ClientCalls.java:139)
	at org.apache.ratis.proto.grpc.RaftServerProtocolServiceGrpc$RaftServerProtocolServiceBlockingStub.requestVote(RaftServerProtocolServiceGrpc.java:265)
	at org.apache.ratis.grpc.server.GrpcServerProtocolClient.requestVote(GrpcServerProtocolClient.java:99)
	at org.apache.ratis.grpc.server.GrpcService.requestVote(GrpcService.java:204)
	at org.apache.ratis.server.impl.LeaderElection.lambda$submitRequests$1(LeaderElection.java:234)
	at java.util.concurrent.FutureTask.run(FutureTask.java:266)
	at java.util.concurrent.Executors$RunnableAdapter.call(Executors.java:511)
	at java.util.concurrent.FutureTask.run(FutureTask.java:266)
	at java.util.concurrent.ThreadPoolExecutor.runWorker(ThreadPoolExecutor.java:1149)
	at java.util.concurrent.ThreadPoolExecutor$Worker.run(ThreadPoolExecutor.java:624)
	... 1 more
Caused by: org.apache.ratis.thirdparty.io.netty.channel.AbstractChannel$AnnotatedConnectException: Connection refused: /192.168.157.254:37466
	at sun.nio.ch.SocketChannelImpl.checkConnect(Native Method)
	at sun.nio.ch.SocketChannelImpl.finishConnect(SocketChannelImpl.java:717)
	at org.apache.ratis.thirdparty.io.netty.channel.socket.nio.NioSocketChannel.doFinishConnect(NioSocketChannel.java:327)
	at org.apache.ratis.thirdparty.io.netty.channel.nio.AbstractNioChannel$AbstractNioUnsafe.finishConnect(AbstractNioChannel.java:340)
	at org.apache.ratis.thirdparty.io.netty.channel.nio.NioEventLoop.processSelectedKey(NioEventLoop.java:632)
	at org.apache.ratis.thirdparty.io.netty.channel.nio.NioEventLoop.processSelectedKeysOptimized(NioEventLoop.java:579)
	at org.apache.ratis.thirdparty.io.netty.channel.nio.NioEventLoop.processSelectedKeys(NioEventLoop.java:496)
	at org.apache.ratis.thirdparty.io.netty.channel.nio.NioEventLoop.run(NioEventLoop.java:458)
	at org.apache.ratis.thirdparty.io.netty.util.concurrent.SingleThreadEventExecutor$5.run(SingleThreadEventExecutor.java:897)
	at org.apache.ratis.thirdparty.io.netty.util.concurrent.FastThreadLocalRunnable.run(FastThreadLocalRunnable.java:30)
	... 1 more
Caused by: java.net.ConnectException: Connection refused
	... 11 more
2019-10-16 21:12:19,437 [52743044-8979-4a08-8013-92a14c548982@group-146C50BE7901-LeaderElection282] INFO  impl.LeaderElection (LogUtils.java:infoOrTrace(149)) -   Exception 1: {}
java.util.concurrent.ExecutionException: org.apache.ratis.thirdparty.io.grpc.StatusRuntimeException: UNAVAILABLE: io exception
	at java.util.concurrent.FutureTask.report(FutureTask.java:122)
	at java.util.concurrent.FutureTask.get(FutureTask.java:192)
	at org.apache.ratis.server.impl.LeaderElection.waitForResults(LeaderElection.java:259)
	at org.apache.ratis.server.impl.LeaderElection.askForVotes(LeaderElection.java:197)
	at org.apache.ratis.server.impl.LeaderElection.run(LeaderElection.java:133)
	at java.lang.Thread.run(Thread.java:748)
Caused by: org.apache.ratis.thirdparty.io.grpc.StatusRuntimeException: UNAVAILABLE: io exception
	at org.apache.ratis.thirdparty.io.grpc.stub.ClientCalls.toStatusRuntimeException(ClientCalls.java:233)
	at org.apache.ratis.thirdparty.io.grpc.stub.ClientCalls.getUnchecked(ClientCalls.java:214)
	at org.apache.ratis.thirdparty.io.grpc.stub.ClientCalls.blockingUnaryCall(ClientCalls.java:139)
	at org.apache.ratis.proto.grpc.RaftServerProtocolServiceGrpc$RaftServerProtocolServiceBlockingStub.requestVote(RaftServerProtocolServiceGrpc.java:265)
	at org.apache.ratis.grpc.server.GrpcServerProtocolClient.requestVote(GrpcServerProtocolClient.java:99)
	at org.apache.ratis.grpc.server.GrpcService.requestVote(GrpcService.java:204)
	at org.apache.ratis.server.impl.LeaderElection.lambda$submitRequests$1(LeaderElection.java:234)
	at java.util.concurrent.FutureTask.run(FutureTask.java:266)
	at java.util.concurrent.Executors$RunnableAdapter.call(Executors.java:511)
	at java.util.concurrent.FutureTask.run(FutureTask.java:266)
	at java.util.concurrent.ThreadPoolExecutor.runWorker(ThreadPoolExecutor.java:1149)
	at java.util.concurrent.ThreadPoolExecutor$Worker.run(ThreadPoolExecutor.java:624)
	... 1 more
Caused by: org.apache.ratis.thirdparty.io.netty.channel.AbstractChannel$AnnotatedConnectException: Connection refused: /192.168.157.254:45339
	at sun.nio.ch.SocketChannelImpl.checkConnect(Native Method)
	at sun.nio.ch.SocketChannelImpl.finishConnect(SocketChannelImpl.java:717)
	at org.apache.ratis.thirdparty.io.netty.channel.socket.nio.NioSocketChannel.doFinishConnect(NioSocketChannel.java:327)
	at org.apache.ratis.thirdparty.io.netty.channel.nio.AbstractNioChannel$AbstractNioUnsafe.finishConnect(AbstractNioChannel.java:340)
	at org.apache.ratis.thirdparty.io.netty.channel.nio.NioEventLoop.processSelectedKey(NioEventLoop.java:632)
	at org.apache.ratis.thirdparty.io.netty.channel.nio.NioEventLoop.processSelectedKeysOptimized(NioEventLoop.java:579)
	at org.apache.ratis.thirdparty.io.netty.channel.nio.NioEventLoop.processSelectedKeys(NioEventLoop.java:496)
	at org.apache.ratis.thirdparty.io.netty.channel.nio.NioEventLoop.run(NioEventLoop.java:458)
	at org.apache.ratis.thirdparty.io.netty.util.concurrent.SingleThreadEventExecutor$5.run(SingleThreadEventExecutor.java:897)
	at org.apache.ratis.thirdparty.io.netty.util.concurrent.FastThreadLocalRunnable.run(FastThreadLocalRunnable.java:30)
	... 1 more
Caused by: java.net.ConnectException: Connection refused
	... 11 more
2019-10-16 21:12:19,438 [52743044-8979-4a08-8013-92a14c548982@group-146C50BE7901-LeaderElection282] INFO  impl.RaftServerImpl (RaftServerImpl.java:setRole(184)) - 52743044-8979-4a08-8013-92a14c548982@group-146C50BE7901: changes role from CANDIDATE to FOLLOWER at term 339 for DISCOVERED_A_NEW_TERM
2019-10-16 21:12:19,438 [52743044-8979-4a08-8013-92a14c548982@group-146C50BE7901-LeaderElection282] INFO  impl.RoleInfo (RoleInfo.java:shutdownLeaderElection(134)) - 52743044-8979-4a08-8013-92a14c548982: shutdown LeaderElection
2019-10-16 21:12:19,438 [52743044-8979-4a08-8013-92a14c548982@group-146C50BE7901-LeaderElection282] INFO  impl.RoleInfo (RoleInfo.java:updateAndGet(143)) - 52743044-8979-4a08-8013-92a14c548982: start FollowerState
2019-10-16 21:12:19,542 [Datanode State Machine Thread - 0] INFO  statemachine.DatanodeStateMachine (DatanodeStateMachine.java:lambda$startDaemon$0(350)) - Ozone container server started.
2019-10-16 21:12:19,555 [Thread-2172] INFO  impl.FollowerState (FollowerState.java:run(108)) - 52743044-8979-4a08-8013-92a14c548982@group-146C50BE7901-FollowerState: change to CANDIDATE, lastRpcTime:117ms, electionTimeout:117ms
2019-10-16 21:12:19,556 [Thread-2172] INFO  impl.RoleInfo (RoleInfo.java:shutdownFollowerState(121)) - 52743044-8979-4a08-8013-92a14c548982: shutdown FollowerState
2019-10-16 21:12:19,556 [Thread-2172] INFO  impl.RaftServerImpl (RaftServerImpl.java:setRole(184)) - 52743044-8979-4a08-8013-92a14c548982@group-146C50BE7901: changes role from  FOLLOWER to CANDIDATE at term 339 for changeToCandidate
2019-10-16 21:12:19,556 [Thread-2172] INFO  impl.RoleInfo (RoleInfo.java:updateAndGet(143)) - 52743044-8979-4a08-8013-92a14c548982: start LeaderElection
2019-10-16 21:12:19,598 [52743044-8979-4a08-8013-92a14c548982@group-146C50BE7901-LeaderElection283] INFO  impl.LeaderElection (LeaderElection.java:askForVotes(178)) - 52743044-8979-4a08-8013-92a14c548982@group-146C50BE7901-LeaderElection283: begin an election at term 340 for -1: [904f39be-c3d3-4df4-99c0-2e4526e577e3:192.168.157.254:45339, 52743044-8979-4a08-8013-92a14c548982:192.168.157.254:36428, 65da0c80-3604-4ac2-9a39-ee88d748a153:192.168.157.254:37466], old=null
2019-10-16 21:12:19,599 [52743044-8979-4a08-8013-92a14c548982@group-146C50BE7901-LeaderElection283] INFO  impl.LeaderElection (LogUtils.java:infoOrTrace(149)) - 52743044-8979-4a08-8013-92a14c548982@group-146C50BE7901-LeaderElection283 got exception when requesting votes: {}
java.util.concurrent.ExecutionException: org.apache.ratis.thirdparty.io.grpc.StatusRuntimeException: UNAVAILABLE: io exception
	at java.util.concurrent.FutureTask.report(FutureTask.java:122)
	at java.util.concurrent.FutureTask.get(FutureTask.java:192)
	at org.apache.ratis.server.impl.LeaderElection.waitForResults(LeaderElection.java:259)
	at org.apache.ratis.server.impl.LeaderElection.askForVotes(LeaderElection.java:197)
	at org.apache.ratis.server.impl.LeaderElection.run(LeaderElection.java:133)
	at java.lang.Thread.run(Thread.java:748)
Caused by: org.apache.ratis.thirdparty.io.grpc.StatusRuntimeException: UNAVAILABLE: io exception
	at org.apache.ratis.thirdparty.io.grpc.stub.ClientCalls.toStatusRuntimeException(ClientCalls.java:233)
	at org.apache.ratis.thirdparty.io.grpc.stub.ClientCalls.getUnchecked(ClientCalls.java:214)
	at org.apache.ratis.thirdparty.io.grpc.stub.ClientCalls.blockingUnaryCall(ClientCalls.java:139)
	at org.apache.ratis.proto.grpc.RaftServerProtocolServiceGrpc$RaftServerProtocolServiceBlockingStub.requestVote(RaftServerProtocolServiceGrpc.java:265)
	at org.apache.ratis.grpc.server.GrpcServerProtocolClient.requestVote(GrpcServerProtocolClient.java:99)
	at org.apache.ratis.grpc.server.GrpcService.requestVote(GrpcService.java:204)
	at org.apache.ratis.server.impl.LeaderElection.lambda$submitRequests$1(LeaderElection.java:234)
	at java.util.concurrent.FutureTask.run(FutureTask.java:266)
	at java.util.concurrent.Executors$RunnableAdapter.call(Executors.java:511)
	at java.util.concurrent.FutureTask.run(FutureTask.java:266)
	at java.util.concurrent.ThreadPoolExecutor.runWorker(ThreadPoolExecutor.java:1149)
	at java.util.concurrent.ThreadPoolExecutor$Worker.run(ThreadPoolExecutor.java:624)
	... 1 more
Caused by: org.apache.ratis.thirdparty.io.netty.channel.AbstractChannel$AnnotatedConnectException: Connection refused: /192.168.157.254:45339
	at sun.nio.ch.SocketChannelImpl.checkConnect(Native Method)
	at sun.nio.ch.SocketChannelImpl.finishConnect(SocketChannelImpl.java:717)
	at org.apache.ratis.thirdparty.io.netty.channel.socket.nio.NioSocketChannel.doFinishConnect(NioSocketChannel.java:327)
	at org.apache.ratis.thirdparty.io.netty.channel.nio.AbstractNioChannel$AbstractNioUnsafe.finishConnect(AbstractNioChannel.java:340)
	at org.apache.ratis.thirdparty.io.netty.channel.nio.NioEventLoop.processSelectedKey(NioEventLoop.java:632)
	at org.apache.ratis.thirdparty.io.netty.channel.nio.NioEventLoop.processSelectedKeysOptimized(NioEventLoop.java:579)
	at org.apache.ratis.thirdparty.io.netty.channel.nio.NioEventLoop.processSelectedKeys(NioEventLoop.java:496)
	at org.apache.ratis.thirdparty.io.netty.channel.nio.NioEventLoop.run(NioEventLoop.java:458)
	at org.apache.ratis.thirdparty.io.netty.util.concurrent.SingleThreadEventExecutor$5.run(SingleThreadEventExecutor.java:897)
	at org.apache.ratis.thirdparty.io.netty.util.concurrent.FastThreadLocalRunnable.run(FastThreadLocalRunnable.java:30)
	... 1 more
Caused by: java.net.ConnectException: Connection refused
	... 11 more
2019-10-16 21:12:19,600 [52743044-8979-4a08-8013-92a14c548982@group-146C50BE7901-LeaderElection283] INFO  impl.LeaderElection (LogUtils.java:infoOrTrace(149)) - 52743044-8979-4a08-8013-92a14c548982@group-146C50BE7901-LeaderElection283 got exception when requesting votes: {}
java.util.concurrent.ExecutionException: org.apache.ratis.thirdparty.io.grpc.StatusRuntimeException: UNAVAILABLE: io exception
	at java.util.concurrent.FutureTask.report(FutureTask.java:122)
	at java.util.concurrent.FutureTask.get(FutureTask.java:192)
	at org.apache.ratis.server.impl.LeaderElection.waitForResults(LeaderElection.java:259)
	at org.apache.ratis.server.impl.LeaderElection.askForVotes(LeaderElection.java:197)
	at org.apache.ratis.server.impl.LeaderElection.run(LeaderElection.java:133)
	at java.lang.Thread.run(Thread.java:748)
Caused by: org.apache.ratis.thirdparty.io.grpc.StatusRuntimeException: UNAVAILABLE: io exception
	at org.apache.ratis.thirdparty.io.grpc.stub.ClientCalls.toStatusRuntimeException(ClientCalls.java:233)
	at org.apache.ratis.thirdparty.io.grpc.stub.ClientCalls.getUnchecked(ClientCalls.java:214)
	at org.apache.ratis.thirdparty.io.grpc.stub.ClientCalls.blockingUnaryCall(ClientCalls.java:139)
	at org.apache.ratis.proto.grpc.RaftServerProtocolServiceGrpc$RaftServerProtocolServiceBlockingStub.requestVote(RaftServerProtocolServiceGrpc.java:265)
	at org.apache.ratis.grpc.server.GrpcServerProtocolClient.requestVote(GrpcServerProtocolClient.java:99)
	at org.apache.ratis.grpc.server.GrpcService.requestVote(GrpcService.java:204)
	at org.apache.ratis.server.impl.LeaderElection.lambda$submitRequests$1(LeaderElection.java:234)
	at java.util.concurrent.FutureTask.run(FutureTask.java:266)
	at java.util.concurrent.Executors$RunnableAdapter.call(Executors.java:511)
	at java.util.concurrent.FutureTask.run(FutureTask.java:266)
	at java.util.concurrent.ThreadPoolExecutor.runWorker(ThreadPoolExecutor.java:1149)
	at java.util.concurrent.ThreadPoolExecutor$Worker.run(ThreadPoolExecutor.java:624)
	... 1 more
Caused by: org.apache.ratis.thirdparty.io.netty.channel.AbstractChannel$AnnotatedConnectException: Connection refused: /192.168.157.254:37466
	at sun.nio.ch.SocketChannelImpl.checkConnect(Native Method)
	at sun.nio.ch.SocketChannelImpl.finishConnect(SocketChannelImpl.java:717)
	at org.apache.ratis.thirdparty.io.netty.channel.socket.nio.NioSocketChannel.doFinishConnect(NioSocketChannel.java:327)
	at org.apache.ratis.thirdparty.io.netty.channel.nio.AbstractNioChannel$AbstractNioUnsafe.finishConnect(AbstractNioChannel.java:340)
	at org.apache.ratis.thirdparty.io.netty.channel.nio.NioEventLoop.processSelectedKey(NioEventLoop.java:632)
	at org.apache.ratis.thirdparty.io.netty.channel.nio.NioEventLoop.processSelectedKeysOptimized(NioEventLoop.java:579)
	at org.apache.ratis.thirdparty.io.netty.channel.nio.NioEventLoop.processSelectedKeys(NioEventLoop.java:496)
	at org.apache.ratis.thirdparty.io.netty.channel.nio.NioEventLoop.run(NioEventLoop.java:458)
	at org.apache.ratis.thirdparty.io.netty.util.concurrent.SingleThreadEventExecutor$5.run(SingleThreadEventExecutor.java:897)
	at org.apache.ratis.thirdparty.io.netty.util.concurrent.FastThreadLocalRunnable.run(FastThreadLocalRunnable.java:30)
	... 1 more
Caused by: java.net.ConnectException: Connection refused
	... 11 more
2019-10-16 21:12:19,601 [52743044-8979-4a08-8013-92a14c548982@group-146C50BE7901-LeaderElection283] INFO  impl.LeaderElection (LeaderElection.java:logAndReturn(56)) - 52743044-8979-4a08-8013-92a14c548982@group-146C50BE7901-LeaderElection283: Election REJECTED; received 0 response(s) [] and 2 exception(s); 52743044-8979-4a08-8013-92a14c548982@group-146C50BE7901:t340, leader=null, voted=52743044-8979-4a08-8013-92a14c548982, raftlog=52743044-8979-4a08-8013-92a14c548982@group-146C50BE7901-SegmentedRaftLog:OPENED:c-1,f-1,i0, conf=-1: [904f39be-c3d3-4df4-99c0-2e4526e577e3:192.168.157.254:45339, 52743044-8979-4a08-8013-92a14c548982:192.168.157.254:36428, 65da0c80-3604-4ac2-9a39-ee88d748a153:192.168.157.254:37466], old=null
2019-10-16 21:12:19,601 [52743044-8979-4a08-8013-92a14c548982@group-146C50BE7901-LeaderElection283] INFO  impl.LeaderElection (LogUtils.java:infoOrTrace(149)) -   Exception 0: {}
java.util.concurrent.ExecutionException: org.apache.ratis.thirdparty.io.grpc.StatusRuntimeException: UNAVAILABLE: io exception
	at java.util.concurrent.FutureTask.report(FutureTask.java:122)
	at java.util.concurrent.FutureTask.get(FutureTask.java:192)
	at org.apache.ratis.server.impl.LeaderElection.waitForResults(LeaderElection.java:259)
	at org.apache.ratis.server.impl.LeaderElection.askForVotes(LeaderElection.java:197)
	at org.apache.ratis.server.impl.LeaderElection.run(LeaderElection.java:133)
	at java.lang.Thread.run(Thread.java:748)
Caused by: org.apache.ratis.thirdparty.io.grpc.StatusRuntimeException: UNAVAILABLE: io exception
	at org.apache.ratis.thirdparty.io.grpc.stub.ClientCalls.toStatusRuntimeException(ClientCalls.java:233)
	at org.apache.ratis.thirdparty.io.grpc.stub.ClientCalls.getUnchecked(ClientCalls.java:214)
	at org.apache.ratis.thirdparty.io.grpc.stub.ClientCalls.blockingUnaryCall(ClientCalls.java:139)
	at org.apache.ratis.proto.grpc.RaftServerProtocolServiceGrpc$RaftServerProtocolServiceBlockingStub.requestVote(RaftServerProtocolServiceGrpc.java:265)
	at org.apache.ratis.grpc.server.GrpcServerProtocolClient.requestVote(GrpcServerProtocolClient.java:99)
	at org.apache.ratis.grpc.server.GrpcService.requestVote(GrpcService.java:204)
	at org.apache.ratis.server.impl.LeaderElection.lambda$submitRequests$1(LeaderElection.java:234)
	at java.util.concurrent.FutureTask.run(FutureTask.java:266)
	at java.util.concurrent.Executors$RunnableAdapter.call(Executors.java:511)
	at java.util.concurrent.FutureTask.run(FutureTask.java:266)
	at java.util.concurrent.ThreadPoolExecutor.runWorker(ThreadPoolExecutor.java:1149)
	at java.util.concurrent.ThreadPoolExecutor$Worker.run(ThreadPoolExecutor.java:624)
	... 1 more
Caused by: org.apache.ratis.thirdparty.io.netty.channel.AbstractChannel$AnnotatedConnectException: Connection refused: /192.168.157.254:45339
	at sun.nio.ch.SocketChannelImpl.checkConnect(Native Method)
	at sun.nio.ch.SocketChannelImpl.finishConnect(SocketChannelImpl.java:717)
	at org.apache.ratis.thirdparty.io.netty.channel.socket.nio.NioSocketChannel.doFinishConnect(NioSocketChannel.java:327)
	at org.apache.ratis.thirdparty.io.netty.channel.nio.AbstractNioChannel$AbstractNioUnsafe.finishConnect(AbstractNioChannel.java:340)
	at org.apache.ratis.thirdparty.io.netty.channel.nio.NioEventLoop.processSelectedKey(NioEventLoop.java:632)
	at org.apache.ratis.thirdparty.io.netty.channel.nio.NioEventLoop.processSelectedKeysOptimized(NioEventLoop.java:579)
	at org.apache.ratis.thirdparty.io.netty.channel.nio.NioEventLoop.processSelectedKeys(NioEventLoop.java:496)
	at org.apache.ratis.thirdparty.io.netty.channel.nio.NioEventLoop.run(NioEventLoop.java:458)
	at org.apache.ratis.thirdparty.io.netty.util.concurrent.SingleThreadEventExecutor$5.run(SingleThreadEventExecutor.java:897)
	at org.apache.ratis.thirdparty.io.netty.util.concurrent.FastThreadLocalRunnable.run(FastThreadLocalRunnable.java:30)
	... 1 more
Caused by: java.net.ConnectException: Connection refused
	... 11 more
2019-10-16 21:12:19,601 [52743044-8979-4a08-8013-92a14c548982@group-146C50BE7901-LeaderElection283] INFO  impl.LeaderElection (LogUtils.java:infoOrTrace(149)) -   Exception 1: {}
java.util.concurrent.ExecutionException: org.apache.ratis.thirdparty.io.grpc.StatusRuntimeException: UNAVAILABLE: io exception
	at java.util.concurrent.FutureTask.report(FutureTask.java:122)
	at java.util.concurrent.FutureTask.get(FutureTask.java:192)
	at org.apache.ratis.server.impl.LeaderElection.waitForResults(LeaderElection.java:259)
	at org.apache.ratis.server.impl.LeaderElection.askForVotes(LeaderElection.java:197)
	at org.apache.ratis.server.impl.LeaderElection.run(LeaderElection.java:133)
	at java.lang.Thread.run(Thread.java:748)
Caused by: org.apache.ratis.thirdparty.io.grpc.StatusRuntimeException: UNAVAILABLE: io exception
	at org.apache.ratis.thirdparty.io.grpc.stub.ClientCalls.toStatusRuntimeException(ClientCalls.java:233)
	at org.apache.ratis.thirdparty.io.grpc.stub.ClientCalls.getUnchecked(ClientCalls.java:214)
	at org.apache.ratis.thirdparty.io.grpc.stub.ClientCalls.blockingUnaryCall(ClientCalls.java:139)
	at org.apache.ratis.proto.grpc.RaftServerProtocolServiceGrpc$RaftServerProtocolServiceBlockingStub.requestVote(RaftServerProtocolServiceGrpc.java:265)
	at org.apache.ratis.grpc.server.GrpcServerProtocolClient.requestVote(GrpcServerProtocolClient.java:99)
	at org.apache.ratis.grpc.server.GrpcService.requestVote(GrpcService.java:204)
	at org.apache.ratis.server.impl.LeaderElection.lambda$submitRequests$1(LeaderElection.java:234)
	at java.util.concurrent.FutureTask.run(FutureTask.java:266)
	at java.util.concurrent.Executors$RunnableAdapter.call(Executors.java:511)
	at java.util.concurrent.FutureTask.run(FutureTask.java:266)
	at java.util.concurrent.ThreadPoolExecutor.runWorker(ThreadPoolExecutor.java:1149)
	at java.util.concurrent.ThreadPoolExecutor$Worker.run(ThreadPoolExecutor.java:624)
	... 1 more
Caused by: org.apache.ratis.thirdparty.io.netty.channel.AbstractChannel$AnnotatedConnectException: Connection refused: /192.168.157.254:37466
	at sun.nio.ch.SocketChannelImpl.checkConnect(Native Method)
	at sun.nio.ch.SocketChannelImpl.finishConnect(SocketChannelImpl.java:717)
	at org.apache.ratis.thirdparty.io.netty.channel.socket.nio.NioSocketChannel.doFinishConnect(NioSocketChannel.java:327)
	at org.apache.ratis.thirdparty.io.netty.channel.nio.AbstractNioChannel$AbstractNioUnsafe.finishConnect(AbstractNioChannel.java:340)
	at org.apache.ratis.thirdparty.io.netty.channel.nio.NioEventLoop.processSelectedKey(NioEventLoop.java:632)
	at org.apache.ratis.thirdparty.io.netty.channel.nio.NioEventLoop.processSelectedKeysOptimized(NioEventLoop.java:579)
	at org.apache.ratis.thirdparty.io.netty.channel.nio.NioEventLoop.processSelectedKeys(NioEventLoop.java:496)
	at org.apache.ratis.thirdparty.io.netty.channel.nio.NioEventLoop.run(NioEventLoop.java:458)
	at org.apache.ratis.thirdparty.io.netty.util.concurrent.SingleThreadEventExecutor$5.run(SingleThreadEventExecutor.java:897)
	at org.apache.ratis.thirdparty.io.netty.util.concurrent.FastThreadLocalRunnable.run(FastThreadLocalRunnable.java:30)
	... 1 more
Caused by: java.net.ConnectException: Connection refused
	... 11 more
2019-10-16 21:12:19,602 [52743044-8979-4a08-8013-92a14c548982@group-146C50BE7901-LeaderElection283] INFO  impl.RaftServerImpl (RaftServerImpl.java:setRole(184)) - 52743044-8979-4a08-8013-92a14c548982@group-146C50BE7901: changes role from CANDIDATE to FOLLOWER at term 340 for DISCOVERED_A_NEW_TERM
2019-10-16 21:12:19,602 [52743044-8979-4a08-8013-92a14c548982@group-146C50BE7901-LeaderElection283] INFO  impl.RoleInfo (RoleInfo.java:shutdownLeaderElection(134)) - 52743044-8979-4a08-8013-92a14c548982: shutdown LeaderElection
2019-10-16 21:12:19,602 [52743044-8979-4a08-8013-92a14c548982@group-146C50BE7901-LeaderElection283] INFO  impl.RoleInfo (RoleInfo.java:updateAndGet(143)) - 52743044-8979-4a08-8013-92a14c548982: start FollowerState
2019-10-16 21:12:19,776 [Thread-2176] INFO  impl.FollowerState (FollowerState.java:run(108)) - 52743044-8979-4a08-8013-92a14c548982@group-146C50BE7901-FollowerState: change to CANDIDATE, lastRpcTime:174ms, electionTimeout:174ms
2019-10-16 21:12:19,776 [Thread-2176] INFO  impl.RoleInfo (RoleInfo.java:shutdownFollowerState(121)) - 52743044-8979-4a08-8013-92a14c548982: shutdown FollowerState
2019-10-16 21:12:19,776 [Thread-2176] INFO  impl.RaftServerImpl (RaftServerImpl.java:setRole(184)) - 52743044-8979-4a08-8013-92a14c548982@group-146C50BE7901: changes role from  FOLLOWER to CANDIDATE at term 340 for changeToCandidate
2019-10-16 21:12:19,777 [Thread-2176] INFO  impl.RoleInfo (RoleInfo.java:updateAndGet(143)) - 52743044-8979-4a08-8013-92a14c548982: start LeaderElection
2019-10-16 21:12:19,835 [52743044-8979-4a08-8013-92a14c548982@group-146C50BE7901-LeaderElection284] INFO  impl.LeaderElection (LeaderElection.java:askForVotes(178)) - 52743044-8979-4a08-8013-92a14c548982@group-146C50BE7901-LeaderElection284: begin an election at term 341 for -1: [904f39be-c3d3-4df4-99c0-2e4526e577e3:192.168.157.254:45339, 52743044-8979-4a08-8013-92a14c548982:192.168.157.254:36428, 65da0c80-3604-4ac2-9a39-ee88d748a153:192.168.157.254:37466], old=null
2019-10-16 21:12:19,836 [52743044-8979-4a08-8013-92a14c548982@group-146C50BE7901-LeaderElection284] INFO  impl.LeaderElection (LogUtils.java:infoOrTrace(149)) - 52743044-8979-4a08-8013-92a14c548982@group-146C50BE7901-LeaderElection284 got exception when requesting votes: {}
java.util.concurrent.ExecutionException: org.apache.ratis.thirdparty.io.grpc.StatusRuntimeException: UNAVAILABLE: io exception
	at java.util.concurrent.FutureTask.report(FutureTask.java:122)
	at java.util.concurrent.FutureTask.get(FutureTask.java:192)
	at org.apache.ratis.server.impl.LeaderElection.waitForResults(LeaderElection.java:259)
	at org.apache.ratis.server.impl.LeaderElection.askForVotes(LeaderElection.java:197)
	at org.apache.ratis.server.impl.LeaderElection.run(LeaderElection.java:133)
	at java.lang.Thread.run(Thread.java:748)
Caused by: org.apache.ratis.thirdparty.io.grpc.StatusRuntimeException: UNAVAILABLE: io exception
	at org.apache.ratis.thirdparty.io.grpc.stub.ClientCalls.toStatusRuntimeException(ClientCalls.java:233)
	at org.apache.ratis.thirdparty.io.grpc.stub.ClientCalls.getUnchecked(ClientCalls.java:214)
	at org.apache.ratis.thirdparty.io.grpc.stub.ClientCalls.blockingUnaryCall(ClientCalls.java:139)
	at org.apache.ratis.proto.grpc.RaftServerProtocolServiceGrpc$RaftServerProtocolServiceBlockingStub.requestVote(RaftServerProtocolServiceGrpc.java:265)
	at org.apache.ratis.grpc.server.GrpcServerProtocolClient.requestVote(GrpcServerProtocolClient.java:99)
	at org.apache.ratis.grpc.server.GrpcService.requestVote(GrpcService.java:204)
	at org.apache.ratis.server.impl.LeaderElection.lambda$submitRequests$1(LeaderElection.java:234)
	at java.util.concurrent.FutureTask.run(FutureTask.java:266)
	at java.util.concurrent.Executors$RunnableAdapter.call(Executors.java:511)
	at java.util.concurrent.FutureTask.run(FutureTask.java:266)
	at java.util.concurrent.ThreadPoolExecutor.runWorker(ThreadPoolExecutor.java:1149)
	at java.util.concurrent.ThreadPoolExecutor$Worker.run(ThreadPoolExecutor.java:624)
	... 1 more
Caused by: org.apache.ratis.thirdparty.io.netty.channel.AbstractChannel$AnnotatedConnectException: Connection refused: /192.168.157.254:45339
	at sun.nio.ch.SocketChannelImpl.checkConnect(Native Method)
	at sun.nio.ch.SocketChannelImpl.finishConnect(SocketChannelImpl.java:717)
	at org.apache.ratis.thirdparty.io.netty.channel.socket.nio.NioSocketChannel.doFinishConnect(NioSocketChannel.java:327)
	at org.apache.ratis.thirdparty.io.netty.channel.nio.AbstractNioChannel$AbstractNioUnsafe.finishConnect(AbstractNioChannel.java:340)
	at org.apache.ratis.thirdparty.io.netty.channel.nio.NioEventLoop.processSelectedKey(NioEventLoop.java:632)
	at org.apache.ratis.thirdparty.io.netty.channel.nio.NioEventLoop.processSelectedKeysOptimized(NioEventLoop.java:579)
	at org.apache.ratis.thirdparty.io.netty.channel.nio.NioEventLoop.processSelectedKeys(NioEventLoop.java:496)
	at org.apache.ratis.thirdparty.io.netty.channel.nio.NioEventLoop.run(NioEventLoop.java:458)
	at org.apache.ratis.thirdparty.io.netty.util.concurrent.SingleThreadEventExecutor$5.run(SingleThreadEventExecutor.java:897)
	at org.apache.ratis.thirdparty.io.netty.util.concurrent.FastThreadLocalRunnable.run(FastThreadLocalRunnable.java:30)
	... 1 more
Caused by: java.net.ConnectException: Connection refused
	... 11 more
2019-10-16 21:12:19,838 [52743044-8979-4a08-8013-92a14c548982@group-146C50BE7901-LeaderElection284] INFO  impl.LeaderElection (LogUtils.java:infoOrTrace(149)) - 52743044-8979-4a08-8013-92a14c548982@group-146C50BE7901-LeaderElection284 got exception when requesting votes: {}
java.util.concurrent.ExecutionException: org.apache.ratis.thirdparty.io.grpc.StatusRuntimeException: UNAVAILABLE: io exception
	at java.util.concurrent.FutureTask.report(FutureTask.java:122)
	at java.util.concurrent.FutureTask.get(FutureTask.java:192)
	at org.apache.ratis.server.impl.LeaderElection.waitForResults(LeaderElection.java:259)
	at org.apache.ratis.server.impl.LeaderElection.askForVotes(LeaderElection.java:197)
	at org.apache.ratis.server.impl.LeaderElection.run(LeaderElection.java:133)
	at java.lang.Thread.run(Thread.java:748)
Caused by: org.apache.ratis.thirdparty.io.grpc.StatusRuntimeException: UNAVAILABLE: io exception
	at org.apache.ratis.thirdparty.io.grpc.stub.ClientCalls.toStatusRuntimeException(ClientCalls.java:233)
	at org.apache.ratis.thirdparty.io.grpc.stub.ClientCalls.getUnchecked(ClientCalls.java:214)
	at org.apache.ratis.thirdparty.io.grpc.stub.ClientCalls.blockingUnaryCall(ClientCalls.java:139)
	at org.apache.ratis.proto.grpc.RaftServerProtocolServiceGrpc$RaftServerProtocolServiceBlockingStub.requestVote(RaftServerProtocolServiceGrpc.java:265)
	at org.apache.ratis.grpc.server.GrpcServerProtocolClient.requestVote(GrpcServerProtocolClient.java:99)
	at org.apache.ratis.grpc.server.GrpcService.requestVote(GrpcService.java:204)
	at org.apache.ratis.server.impl.LeaderElection.lambda$submitRequests$1(LeaderElection.java:234)
	at java.util.concurrent.FutureTask.run(FutureTask.java:266)
	at java.util.concurrent.Executors$RunnableAdapter.call(Executors.java:511)
	at java.util.concurrent.FutureTask.run(FutureTask.java:266)
	at java.util.concurrent.ThreadPoolExecutor.runWorker(ThreadPoolExecutor.java:1149)
	at java.util.concurrent.ThreadPoolExecutor$Worker.run(ThreadPoolExecutor.java:624)
	... 1 more
Caused by: org.apache.ratis.thirdparty.io.netty.channel.AbstractChannel$AnnotatedConnectException: Connection refused: /192.168.157.254:37466
	at sun.nio.ch.SocketChannelImpl.checkConnect(Native Method)
	at sun.nio.ch.SocketChannelImpl.finishConnect(SocketChannelImpl.java:717)
	at org.apache.ratis.thirdparty.io.netty.channel.socket.nio.NioSocketChannel.doFinishConnect(NioSocketChannel.java:327)
	at org.apache.ratis.thirdparty.io.netty.channel.nio.AbstractNioChannel$AbstractNioUnsafe.finishConnect(AbstractNioChannel.java:340)
	at org.apache.ratis.thirdparty.io.netty.channel.nio.NioEventLoop.processSelectedKey(NioEventLoop.java:632)
	at org.apache.ratis.thirdparty.io.netty.channel.nio.NioEventLoop.processSelectedKeysOptimized(NioEventLoop.java:579)
	at org.apache.ratis.thirdparty.io.netty.channel.nio.NioEventLoop.processSelectedKeys(NioEventLoop.java:496)
	at org.apache.ratis.thirdparty.io.netty.channel.nio.NioEventLoop.run(NioEventLoop.java:458)
	at org.apache.ratis.thirdparty.io.netty.util.concurrent.SingleThreadEventExecutor$5.run(SingleThreadEventExecutor.java:897)
	at org.apache.ratis.thirdparty.io.netty.util.concurrent.FastThreadLocalRunnable.run(FastThreadLocalRunnable.java:30)
	... 1 more
Caused by: java.net.ConnectException: Connection refused
	... 11 more
2019-10-16 21:12:19,839 [52743044-8979-4a08-8013-92a14c548982@group-146C50BE7901-LeaderElection284] INFO  impl.LeaderElection (LeaderElection.java:logAndReturn(56)) - 52743044-8979-4a08-8013-92a14c548982@group-146C50BE7901-LeaderElection284: Election REJECTED; received 0 response(s) [] and 2 exception(s); 52743044-8979-4a08-8013-92a14c548982@group-146C50BE7901:t341, leader=null, voted=52743044-8979-4a08-8013-92a14c548982, raftlog=52743044-8979-4a08-8013-92a14c548982@group-146C50BE7901-SegmentedRaftLog:OPENED:c-1,f-1,i0, conf=-1: [904f39be-c3d3-4df4-99c0-2e4526e577e3:192.168.157.254:45339, 52743044-8979-4a08-8013-92a14c548982:192.168.157.254:36428, 65da0c80-3604-4ac2-9a39-ee88d748a153:192.168.157.254:37466], old=null
2019-10-16 21:12:19,839 [52743044-8979-4a08-8013-92a14c548982@group-146C50BE7901-LeaderElection284] INFO  impl.LeaderElection (LogUtils.java:infoOrTrace(149)) -   Exception 0: {}
java.util.concurrent.ExecutionException: org.apache.ratis.thirdparty.io.grpc.StatusRuntimeException: UNAVAILABLE: io exception
	at java.util.concurrent.FutureTask.report(FutureTask.java:122)
	at java.util.concurrent.FutureTask.get(FutureTask.java:192)
	at org.apache.ratis.server.impl.LeaderElection.waitForResults(LeaderElection.java:259)
	at org.apache.ratis.server.impl.LeaderElection.askForVotes(LeaderElection.java:197)
	at org.apache.ratis.server.impl.LeaderElection.run(LeaderElection.java:133)
	at java.lang.Thread.run(Thread.java:748)
Caused by: org.apache.ratis.thirdparty.io.grpc.StatusRuntimeException: UNAVAILABLE: io exception
	at org.apache.ratis.thirdparty.io.grpc.stub.ClientCalls.toStatusRuntimeException(ClientCalls.java:233)
	at org.apache.ratis.thirdparty.io.grpc.stub.ClientCalls.getUnchecked(ClientCalls.java:214)
	at org.apache.ratis.thirdparty.io.grpc.stub.ClientCalls.blockingUnaryCall(ClientCalls.java:139)
	at org.apache.ratis.proto.grpc.RaftServerProtocolServiceGrpc$RaftServerProtocolServiceBlockingStub.requestVote(RaftServerProtocolServiceGrpc.java:265)
	at org.apache.ratis.grpc.server.GrpcServerProtocolClient.requestVote(GrpcServerProtocolClient.java:99)
	at org.apache.ratis.grpc.server.GrpcService.requestVote(GrpcService.java:204)
	at org.apache.ratis.server.impl.LeaderElection.lambda$submitRequests$1(LeaderElection.java:234)
	at java.util.concurrent.FutureTask.run(FutureTask.java:266)
	at java.util.concurrent.Executors$RunnableAdapter.call(Executors.java:511)
	at java.util.concurrent.FutureTask.run(FutureTask.java:266)
	at java.util.concurrent.ThreadPoolExecutor.runWorker(ThreadPoolExecutor.java:1149)
	at java.util.concurrent.ThreadPoolExecutor$Worker.run(ThreadPoolExecutor.java:624)
	... 1 more
Caused by: org.apache.ratis.thirdparty.io.netty.channel.AbstractChannel$AnnotatedConnectException: Connection refused: /192.168.157.254:45339
	at sun.nio.ch.SocketChannelImpl.checkConnect(Native Method)
	at sun.nio.ch.SocketChannelImpl.finishConnect(SocketChannelImpl.java:717)
	at org.apache.ratis.thirdparty.io.netty.channel.socket.nio.NioSocketChannel.doFinishConnect(NioSocketChannel.java:327)
	at org.apache.ratis.thirdparty.io.netty.channel.nio.AbstractNioChannel$AbstractNioUnsafe.finishConnect(AbstractNioChannel.java:340)
	at org.apache.ratis.thirdparty.io.netty.channel.nio.NioEventLoop.processSelectedKey(NioEventLoop.java:632)
	at org.apache.ratis.thirdparty.io.netty.channel.nio.NioEventLoop.processSelectedKeysOptimized(NioEventLoop.java:579)
	at org.apache.ratis.thirdparty.io.netty.channel.nio.NioEventLoop.processSelectedKeys(NioEventLoop.java:496)
	at org.apache.ratis.thirdparty.io.netty.channel.nio.NioEventLoop.run(NioEventLoop.java:458)
	at org.apache.ratis.thirdparty.io.netty.util.concurrent.SingleThreadEventExecutor$5.run(SingleThreadEventExecutor.java:897)
	at org.apache.ratis.thirdparty.io.netty.util.concurrent.FastThreadLocalRunnable.run(FastThreadLocalRunnable.java:30)
	... 1 more
Caused by: java.net.ConnectException: Connection refused
	... 11 more
2019-10-16 21:12:19,839 [52743044-8979-4a08-8013-92a14c548982@group-146C50BE7901-LeaderElection284] INFO  impl.LeaderElection (LogUtils.java:infoOrTrace(149)) -   Exception 1: {}
java.util.concurrent.ExecutionException: org.apache.ratis.thirdparty.io.grpc.StatusRuntimeException: UNAVAILABLE: io exception
	at java.util.concurrent.FutureTask.report(FutureTask.java:122)
	at java.util.concurrent.FutureTask.get(FutureTask.java:192)
	at org.apache.ratis.server.impl.LeaderElection.waitForResults(LeaderElection.java:259)
	at org.apache.ratis.server.impl.LeaderElection.askForVotes(LeaderElection.java:197)
	at org.apache.ratis.server.impl.LeaderElection.run(LeaderElection.java:133)
	at java.lang.Thread.run(Thread.java:748)
Caused by: org.apache.ratis.thirdparty.io.grpc.StatusRuntimeException: UNAVAILABLE: io exception
	at org.apache.ratis.thirdparty.io.grpc.stub.ClientCalls.toStatusRuntimeException(ClientCalls.java:233)
	at org.apache.ratis.thirdparty.io.grpc.stub.ClientCalls.getUnchecked(ClientCalls.java:214)
	at org.apache.ratis.thirdparty.io.grpc.stub.ClientCalls.blockingUnaryCall(ClientCalls.java:139)
	at org.apache.ratis.proto.grpc.RaftServerProtocolServiceGrpc$RaftServerProtocolServiceBlockingStub.requestVote(RaftServerProtocolServiceGrpc.java:265)
	at org.apache.ratis.grpc.server.GrpcServerProtocolClient.requestVote(GrpcServerProtocolClient.java:99)
	at org.apache.ratis.grpc.server.GrpcService.requestVote(GrpcService.java:204)
	at org.apache.ratis.server.impl.LeaderElection.lambda$submitRequests$1(LeaderElection.java:234)
	at java.util.concurrent.FutureTask.run(FutureTask.java:266)
	at java.util.concurrent.Executors$RunnableAdapter.call(Executors.java:511)
	at java.util.concurrent.FutureTask.run(FutureTask.java:266)
	at java.util.concurrent.ThreadPoolExecutor.runWorker(ThreadPoolExecutor.java:1149)
	at java.util.concurrent.ThreadPoolExecutor$Worker.run(ThreadPoolExecutor.java:624)
	... 1 more
Caused by: org.apache.ratis.thirdparty.io.netty.channel.AbstractChannel$AnnotatedConnectException: Connection refused: /192.168.157.254:37466
	at sun.nio.ch.SocketChannelImpl.checkConnect(Native Method)
	at sun.nio.ch.SocketChannelImpl.finishConnect(SocketChannelImpl.java:717)
	at org.apache.ratis.thirdparty.io.netty.channel.socket.nio.NioSocketChannel.doFinishConnect(NioSocketChannel.java:327)
	at org.apache.ratis.thirdparty.io.netty.channel.nio.AbstractNioChannel$AbstractNioUnsafe.finishConnect(AbstractNioChannel.java:340)
	at org.apache.ratis.thirdparty.io.netty.channel.nio.NioEventLoop.processSelectedKey(NioEventLoop.java:632)
	at org.apache.ratis.thirdparty.io.netty.channel.nio.NioEventLoop.processSelectedKeysOptimized(NioEventLoop.java:579)
	at org.apache.ratis.thirdparty.io.netty.channel.nio.NioEventLoop.processSelectedKeys(NioEventLoop.java:496)
	at org.apache.ratis.thirdparty.io.netty.channel.nio.NioEventLoop.run(NioEventLoop.java:458)
	at org.apache.ratis.thirdparty.io.netty.util.concurrent.SingleThreadEventExecutor$5.run(SingleThreadEventExecutor.java:897)
	at org.apache.ratis.thirdparty.io.netty.util.concurrent.FastThreadLocalRunnable.run(FastThreadLocalRunnable.java:30)
	... 1 more
Caused by: java.net.ConnectException: Connection refused
	... 11 more
2019-10-16 21:12:19,840 [52743044-8979-4a08-8013-92a14c548982@group-146C50BE7901-LeaderElection284] INFO  impl.RaftServerImpl (RaftServerImpl.java:setRole(184)) - 52743044-8979-4a08-8013-92a14c548982@group-146C50BE7901: changes role from CANDIDATE to FOLLOWER at term 341 for DISCOVERED_A_NEW_TERM
2019-10-16 21:12:19,840 [52743044-8979-4a08-8013-92a14c548982@group-146C50BE7901-LeaderElection284] INFO  impl.RoleInfo (RoleInfo.java:shutdownLeaderElection(134)) - 52743044-8979-4a08-8013-92a14c548982: shutdown LeaderElection
2019-10-16 21:12:19,840 [52743044-8979-4a08-8013-92a14c548982@group-146C50BE7901-LeaderElection284] INFO  impl.RoleInfo (RoleInfo.java:updateAndGet(143)) - 52743044-8979-4a08-8013-92a14c548982: start FollowerState
2019-10-16 21:12:20,034 [Thread-2180] INFO  impl.FollowerState (FollowerState.java:run(108)) - 52743044-8979-4a08-8013-92a14c548982@group-146C50BE7901-FollowerState: change to CANDIDATE, lastRpcTime:194ms, electionTimeout:194ms
2019-10-16 21:12:20,035 [Thread-2180] INFO  impl.RoleInfo (RoleInfo.java:shutdownFollowerState(121)) - 52743044-8979-4a08-8013-92a14c548982: shutdown FollowerState
2019-10-16 21:12:20,035 [Thread-2180] INFO  impl.RaftServerImpl (RaftServerImpl.java:setRole(184)) - 52743044-8979-4a08-8013-92a14c548982@group-146C50BE7901: changes role from  FOLLOWER to CANDIDATE at term 341 for changeToCandidate
2019-10-16 21:12:20,035 [Thread-2180] INFO  impl.RoleInfo (RoleInfo.java:updateAndGet(143)) - 52743044-8979-4a08-8013-92a14c548982: start LeaderElection
2019-10-16 21:12:20,089 [52743044-8979-4a08-8013-92a14c548982@group-146C50BE7901-LeaderElection285] INFO  impl.LeaderElection (LeaderElection.java:askForVotes(178)) - 52743044-8979-4a08-8013-92a14c548982@group-146C50BE7901-LeaderElection285: begin an election at term 342 for -1: [904f39be-c3d3-4df4-99c0-2e4526e577e3:192.168.157.254:45339, 52743044-8979-4a08-8013-92a14c548982:192.168.157.254:36428, 65da0c80-3604-4ac2-9a39-ee88d748a153:192.168.157.254:37466], old=null
2019-10-16 21:12:20,090 [52743044-8979-4a08-8013-92a14c548982@group-146C50BE7901-LeaderElection285] INFO  impl.LeaderElection (LogUtils.java:infoOrTrace(149)) - 52743044-8979-4a08-8013-92a14c548982@group-146C50BE7901-LeaderElection285 got exception when requesting votes: {}
java.util.concurrent.ExecutionException: org.apache.ratis.thirdparty.io.grpc.StatusRuntimeException: UNAVAILABLE: io exception
	at java.util.concurrent.FutureTask.report(FutureTask.java:122)
	at java.util.concurrent.FutureTask.get(FutureTask.java:192)
	at org.apache.ratis.server.impl.LeaderElection.waitForResults(LeaderElection.java:259)
	at org.apache.ratis.server.impl.LeaderElection.askForVotes(LeaderElection.java:197)
	at org.apache.ratis.server.impl.LeaderElection.run(LeaderElection.java:133)
	at java.lang.Thread.run(Thread.java:748)
Caused by: org.apache.ratis.thirdparty.io.grpc.StatusRuntimeException: UNAVAILABLE: io exception
	at org.apache.ratis.thirdparty.io.grpc.stub.ClientCalls.toStatusRuntimeException(ClientCalls.java:233)
	at org.apache.ratis.thirdparty.io.grpc.stub.ClientCalls.getUnchecked(ClientCalls.java:214)
	at org.apache.ratis.thirdparty.io.grpc.stub.ClientCalls.blockingUnaryCall(ClientCalls.java:139)
	at org.apache.ratis.proto.grpc.RaftServerProtocolServiceGrpc$RaftServerProtocolServiceBlockingStub.requestVote(RaftServerProtocolServiceGrpc.java:265)
	at org.apache.ratis.grpc.server.GrpcServerProtocolClient.requestVote(GrpcServerProtocolClient.java:99)
	at org.apache.ratis.grpc.server.GrpcService.requestVote(GrpcService.java:204)
	at org.apache.ratis.server.impl.LeaderElection.lambda$submitRequests$1(LeaderElection.java:234)
	at java.util.concurrent.FutureTask.run(FutureTask.java:266)
	at java.util.concurrent.Executors$RunnableAdapter.call(Executors.java:511)
	at java.util.concurrent.FutureTask.run(FutureTask.java:266)
	at java.util.concurrent.ThreadPoolExecutor.runWorker(ThreadPoolExecutor.java:1149)
	at java.util.concurrent.ThreadPoolExecutor$Worker.run(ThreadPoolExecutor.java:624)
	... 1 more
Caused by: org.apache.ratis.thirdparty.io.netty.channel.AbstractChannel$AnnotatedConnectException: Connection refused: /192.168.157.254:45339
	at sun.nio.ch.SocketChannelImpl.checkConnect(Native Method)
	at sun.nio.ch.SocketChannelImpl.finishConnect(SocketChannelImpl.java:717)
	at org.apache.ratis.thirdparty.io.netty.channel.socket.nio.NioSocketChannel.doFinishConnect(NioSocketChannel.java:327)
	at org.apache.ratis.thirdparty.io.netty.channel.nio.AbstractNioChannel$AbstractNioUnsafe.finishConnect(AbstractNioChannel.java:340)
	at org.apache.ratis.thirdparty.io.netty.channel.nio.NioEventLoop.processSelectedKey(NioEventLoop.java:632)
	at org.apache.ratis.thirdparty.io.netty.channel.nio.NioEventLoop.processSelectedKeysOptimized(NioEventLoop.java:579)
	at org.apache.ratis.thirdparty.io.netty.channel.nio.NioEventLoop.processSelectedKeys(NioEventLoop.java:496)
	at org.apache.ratis.thirdparty.io.netty.channel.nio.NioEventLoop.run(NioEventLoop.java:458)
	at org.apache.ratis.thirdparty.io.netty.util.concurrent.SingleThreadEventExecutor$5.run(SingleThreadEventExecutor.java:897)
	at org.apache.ratis.thirdparty.io.netty.util.concurrent.FastThreadLocalRunnable.run(FastThreadLocalRunnable.java:30)
	... 1 more
Caused by: java.net.ConnectException: Connection refused
	... 11 more
2019-10-16 21:12:20,095 [52743044-8979-4a08-8013-92a14c548982@group-146C50BE7901-LeaderElection285] INFO  impl.LeaderElection (LogUtils.java:infoOrTrace(149)) - 52743044-8979-4a08-8013-92a14c548982@group-146C50BE7901-LeaderElection285 got exception when requesting votes: {}
java.util.concurrent.ExecutionException: org.apache.ratis.thirdparty.io.grpc.StatusRuntimeException: UNAVAILABLE: io exception
	at java.util.concurrent.FutureTask.report(FutureTask.java:122)
	at java.util.concurrent.FutureTask.get(FutureTask.java:192)
	at org.apache.ratis.server.impl.LeaderElection.waitForResults(LeaderElection.java:259)
	at org.apache.ratis.server.impl.LeaderElection.askForVotes(LeaderElection.java:197)
	at org.apache.ratis.server.impl.LeaderElection.run(LeaderElection.java:133)
	at java.lang.Thread.run(Thread.java:748)
Caused by: org.apache.ratis.thirdparty.io.grpc.StatusRuntimeException: UNAVAILABLE: io exception
	at org.apache.ratis.thirdparty.io.grpc.stub.ClientCalls.toStatusRuntimeException(ClientCalls.java:233)
	at org.apache.ratis.thirdparty.io.grpc.stub.ClientCalls.getUnchecked(ClientCalls.java:214)
	at org.apache.ratis.thirdparty.io.grpc.stub.ClientCalls.blockingUnaryCall(ClientCalls.java:139)
	at org.apache.ratis.proto.grpc.RaftServerProtocolServiceGrpc$RaftServerProtocolServiceBlockingStub.requestVote(RaftServerProtocolServiceGrpc.java:265)
	at org.apache.ratis.grpc.server.GrpcServerProtocolClient.requestVote(GrpcServerProtocolClient.java:99)
	at org.apache.ratis.grpc.server.GrpcService.requestVote(GrpcService.java:204)
	at org.apache.ratis.server.impl.LeaderElection.lambda$submitRequests$1(LeaderElection.java:234)
	at java.util.concurrent.FutureTask.run(FutureTask.java:266)
	at java.util.concurrent.Executors$RunnableAdapter.call(Executors.java:511)
	at java.util.concurrent.FutureTask.run(FutureTask.java:266)
	at java.util.concurrent.ThreadPoolExecutor.runWorker(ThreadPoolExecutor.java:1149)
	at java.util.concurrent.ThreadPoolExecutor$Worker.run(ThreadPoolExecutor.java:624)
	... 1 more
Caused by: org.apache.ratis.thirdparty.io.netty.channel.AbstractChannel$AnnotatedConnectException: Connection refused: /192.168.157.254:37466
	at sun.nio.ch.SocketChannelImpl.checkConnect(Native Method)
	at sun.nio.ch.SocketChannelImpl.finishConnect(SocketChannelImpl.java:717)
	at org.apache.ratis.thirdparty.io.netty.channel.socket.nio.NioSocketChannel.doFinishConnect(NioSocketChannel.java:327)
	at org.apache.ratis.thirdparty.io.netty.channel.nio.AbstractNioChannel$AbstractNioUnsafe.finishConnect(AbstractNioChannel.java:340)
	at org.apache.ratis.thirdparty.io.netty.channel.nio.NioEventLoop.processSelectedKey(NioEventLoop.java:632)
	at org.apache.ratis.thirdparty.io.netty.channel.nio.NioEventLoop.processSelectedKeysOptimized(NioEventLoop.java:579)
	at org.apache.ratis.thirdparty.io.netty.channel.nio.NioEventLoop.processSelectedKeys(NioEventLoop.java:496)
	at org.apache.ratis.thirdparty.io.netty.channel.nio.NioEventLoop.run(NioEventLoop.java:458)
	at org.apache.ratis.thirdparty.io.netty.util.concurrent.SingleThreadEventExecutor$5.run(SingleThreadEventExecutor.java:897)
	at org.apache.ratis.thirdparty.io.netty.util.concurrent.FastThreadLocalRunnable.run(FastThreadLocalRunnable.java:30)
	... 1 more
Caused by: java.net.ConnectException: Connection refused
	... 11 more
2019-10-16 21:12:20,095 [52743044-8979-4a08-8013-92a14c548982@group-146C50BE7901-LeaderElection285] INFO  impl.LeaderElection (LeaderElection.java:logAndReturn(56)) - 52743044-8979-4a08-8013-92a14c548982@group-146C50BE7901-LeaderElection285: Election REJECTED; received 0 response(s) [] and 2 exception(s); 52743044-8979-4a08-8013-92a14c548982@group-146C50BE7901:t342, leader=null, voted=52743044-8979-4a08-8013-92a14c548982, raftlog=52743044-8979-4a08-8013-92a14c548982@group-146C50BE7901-SegmentedRaftLog:OPENED:c-1,f-1,i0, conf=-1: [904f39be-c3d3-4df4-99c0-2e4526e577e3:192.168.157.254:45339, 52743044-8979-4a08-8013-92a14c548982:192.168.157.254:36428, 65da0c80-3604-4ac2-9a39-ee88d748a153:192.168.157.254:37466], old=null
2019-10-16 21:12:20,095 [52743044-8979-4a08-8013-92a14c548982@group-146C50BE7901-LeaderElection285] INFO  impl.LeaderElection (LogUtils.java:infoOrTrace(149)) -   Exception 0: {}
java.util.concurrent.ExecutionException: org.apache.ratis.thirdparty.io.grpc.StatusRuntimeException: UNAVAILABLE: io exception
	at java.util.concurrent.FutureTask.report(FutureTask.java:122)
	at java.util.concurrent.FutureTask.get(FutureTask.java:192)
	at org.apache.ratis.server.impl.LeaderElection.waitForResults(LeaderElection.java:259)
	at org.apache.ratis.server.impl.LeaderElection.askForVotes(LeaderElection.java:197)
	at org.apache.ratis.server.impl.LeaderElection.run(LeaderElection.java:133)
	at java.lang.Thread.run(Thread.java:748)
Caused by: org.apache.ratis.thirdparty.io.grpc.StatusRuntimeException: UNAVAILABLE: io exception
	at org.apache.ratis.thirdparty.io.grpc.stub.ClientCalls.toStatusRuntimeException(ClientCalls.java:233)
	at org.apache.ratis.thirdparty.io.grpc.stub.ClientCalls.getUnchecked(ClientCalls.java:214)
	at org.apache.ratis.thirdparty.io.grpc.stub.ClientCalls.blockingUnaryCall(ClientCalls.java:139)
	at org.apache.ratis.proto.grpc.RaftServerProtocolServiceGrpc$RaftServerProtocolServiceBlockingStub.requestVote(RaftServerProtocolServiceGrpc.java:265)
	at org.apache.ratis.grpc.server.GrpcServerProtocolClient.requestVote(GrpcServerProtocolClient.java:99)
	at org.apache.ratis.grpc.server.GrpcService.requestVote(GrpcService.java:204)
	at org.apache.ratis.server.impl.LeaderElection.lambda$submitRequests$1(LeaderElection.java:234)
	at java.util.concurrent.FutureTask.run(FutureTask.java:266)
	at java.util.concurrent.Executors$RunnableAdapter.call(Executors.java:511)
	at java.util.concurrent.FutureTask.run(FutureTask.java:266)
	at java.util.concurrent.ThreadPoolExecutor.runWorker(ThreadPoolExecutor.java:1149)
	at java.util.concurrent.ThreadPoolExecutor$Worker.run(ThreadPoolExecutor.java:624)
	... 1 more
Caused by: org.apache.ratis.thirdparty.io.netty.channel.AbstractChannel$AnnotatedConnectException: Connection refused: /192.168.157.254:45339
	at sun.nio.ch.SocketChannelImpl.checkConnect(Native Method)
	at sun.nio.ch.SocketChannelImpl.finishConnect(SocketChannelImpl.java:717)
	at org.apache.ratis.thirdparty.io.netty.channel.socket.nio.NioSocketChannel.doFinishConnect(NioSocketChannel.java:327)
	at org.apache.ratis.thirdparty.io.netty.channel.nio.AbstractNioChannel$AbstractNioUnsafe.finishConnect(AbstractNioChannel.java:340)
	at org.apache.ratis.thirdparty.io.netty.channel.nio.NioEventLoop.processSelectedKey(NioEventLoop.java:632)
	at org.apache.ratis.thirdparty.io.netty.channel.nio.NioEventLoop.processSelectedKeysOptimized(NioEventLoop.java:579)
	at org.apache.ratis.thirdparty.io.netty.channel.nio.NioEventLoop.processSelectedKeys(NioEventLoop.java:496)
	at org.apache.ratis.thirdparty.io.netty.channel.nio.NioEventLoop.run(NioEventLoop.java:458)
	at org.apache.ratis.thirdparty.io.netty.util.concurrent.SingleThreadEventExecutor$5.run(SingleThreadEventExecutor.java:897)
	at org.apache.ratis.thirdparty.io.netty.util.concurrent.FastThreadLocalRunnable.run(FastThreadLocalRunnable.java:30)
	... 1 more
Caused by: java.net.ConnectException: Connection refused
	... 11 more
2019-10-16 21:12:20,095 [52743044-8979-4a08-8013-92a14c548982@group-146C50BE7901-LeaderElection285] INFO  impl.LeaderElection (LogUtils.java:infoOrTrace(149)) -   Exception 1: {}
java.util.concurrent.ExecutionException: org.apache.ratis.thirdparty.io.grpc.StatusRuntimeException: UNAVAILABLE: io exception
	at java.util.concurrent.FutureTask.report(FutureTask.java:122)
	at java.util.concurrent.FutureTask.get(FutureTask.java:192)
	at org.apache.ratis.server.impl.LeaderElection.waitForResults(LeaderElection.java:259)
	at org.apache.ratis.server.impl.LeaderElection.askForVotes(LeaderElection.java:197)
	at org.apache.ratis.server.impl.LeaderElection.run(LeaderElection.java:133)
	at java.lang.Thread.run(Thread.java:748)
Caused by: org.apache.ratis.thirdparty.io.grpc.StatusRuntimeException: UNAVAILABLE: io exception
	at org.apache.ratis.thirdparty.io.grpc.stub.ClientCalls.toStatusRuntimeException(ClientCalls.java:233)
	at org.apache.ratis.thirdparty.io.grpc.stub.ClientCalls.getUnchecked(ClientCalls.java:214)
	at org.apache.ratis.thirdparty.io.grpc.stub.ClientCalls.blockingUnaryCall(ClientCalls.java:139)
	at org.apache.ratis.proto.grpc.RaftServerProtocolServiceGrpc$RaftServerProtocolServiceBlockingStub.requestVote(RaftServerProtocolServiceGrpc.java:265)
	at org.apache.ratis.grpc.server.GrpcServerProtocolClient.requestVote(GrpcServerProtocolClient.java:99)
	at org.apache.ratis.grpc.server.GrpcService.requestVote(GrpcService.java:204)
	at org.apache.ratis.server.impl.LeaderElection.lambda$submitRequests$1(LeaderElection.java:234)
	at java.util.concurrent.FutureTask.run(FutureTask.java:266)
	at java.util.concurrent.Executors$RunnableAdapter.call(Executors.java:511)
	at java.util.concurrent.FutureTask.run(FutureTask.java:266)
	at java.util.concurrent.ThreadPoolExecutor.runWorker(ThreadPoolExecutor.java:1149)
	at java.util.concurrent.ThreadPoolExecutor$Worker.run(ThreadPoolExecutor.java:624)
	... 1 more
Caused by: org.apache.ratis.thirdparty.io.netty.channel.AbstractChannel$AnnotatedConnectException: Connection refused: /192.168.157.254:37466
	at sun.nio.ch.SocketChannelImpl.checkConnect(Native Method)
	at sun.nio.ch.SocketChannelImpl.finishConnect(SocketChannelImpl.java:717)
	at org.apache.ratis.thirdparty.io.netty.channel.socket.nio.NioSocketChannel.doFinishConnect(NioSocketChannel.java:327)
	at org.apache.ratis.thirdparty.io.netty.channel.nio.AbstractNioChannel$AbstractNioUnsafe.finishConnect(AbstractNioChannel.java:340)
	at org.apache.ratis.thirdparty.io.netty.channel.nio.NioEventLoop.processSelectedKey(NioEventLoop.java:632)
	at org.apache.ratis.thirdparty.io.netty.channel.nio.NioEventLoop.processSelectedKeysOptimized(NioEventLoop.java:579)
	at org.apache.ratis.thirdparty.io.netty.channel.nio.NioEventLoop.processSelectedKeys(NioEventLoop.java:496)
	at org.apache.ratis.thirdparty.io.netty.channel.nio.NioEventLoop.run(NioEventLoop.java:458)
	at org.apache.ratis.thirdparty.io.netty.util.concurrent.SingleThreadEventExecutor$5.run(SingleThreadEventExecutor.java:897)
	at org.apache.ratis.thirdparty.io.netty.util.concurrent.FastThreadLocalRunnable.run(FastThreadLocalRunnable.java:30)
	... 1 more
Caused by: java.net.ConnectException: Connection refused
	... 11 more
2019-10-16 21:12:20,095 [52743044-8979-4a08-8013-92a14c548982@group-146C50BE7901-LeaderElection285] INFO  impl.RaftServerImpl (RaftServerImpl.java:setRole(184)) - 52743044-8979-4a08-8013-92a14c548982@group-146C50BE7901: changes role from CANDIDATE to FOLLOWER at term 342 for DISCOVERED_A_NEW_TERM
2019-10-16 21:12:20,095 [52743044-8979-4a08-8013-92a14c548982@group-146C50BE7901-LeaderElection285] INFO  impl.RoleInfo (RoleInfo.java:shutdownLeaderElection(134)) - 52743044-8979-4a08-8013-92a14c548982: shutdown LeaderElection
2019-10-16 21:12:20,096 [52743044-8979-4a08-8013-92a14c548982@group-146C50BE7901-LeaderElection285] INFO  impl.RoleInfo (RoleInfo.java:updateAndGet(143)) - 52743044-8979-4a08-8013-92a14c548982: start FollowerState
2019-10-16 21:12:20,114 [Thread-2184] INFO  impl.FollowerState (FollowerState.java:run(108)) - 52743044-8979-4a08-8013-92a14c548982@group-146C50BE7901-FollowerState: change to CANDIDATE, lastRpcTime:18ms, electionTimeout:18ms
2019-10-16 21:12:20,114 [Thread-2184] INFO  impl.RoleInfo (RoleInfo.java:shutdownFollowerState(121)) - 52743044-8979-4a08-8013-92a14c548982: shutdown FollowerState
2019-10-16 21:12:20,114 [Thread-2184] INFO  impl.RaftServerImpl (RaftServerImpl.java:setRole(184)) - 52743044-8979-4a08-8013-92a14c548982@group-146C50BE7901: changes role from  FOLLOWER to CANDIDATE at term 342 for changeToCandidate
2019-10-16 21:12:20,114 [Thread-2184] INFO  impl.RoleInfo (RoleInfo.java:updateAndGet(143)) - 52743044-8979-4a08-8013-92a14c548982: start LeaderElection
2019-10-16 21:12:20,182 [52743044-8979-4a08-8013-92a14c548982@group-146C50BE7901-LeaderElection286] INFO  impl.LeaderElection (LeaderElection.java:askForVotes(178)) - 52743044-8979-4a08-8013-92a14c548982@group-146C50BE7901-LeaderElection286: begin an election at term 343 for -1: [904f39be-c3d3-4df4-99c0-2e4526e577e3:192.168.157.254:45339, 52743044-8979-4a08-8013-92a14c548982:192.168.157.254:36428, 65da0c80-3604-4ac2-9a39-ee88d748a153:192.168.157.254:37466], old=null
2019-10-16 21:12:20,183 [52743044-8979-4a08-8013-92a14c548982@group-146C50BE7901-LeaderElection286] INFO  impl.LeaderElection (LogUtils.java:infoOrTrace(149)) - 52743044-8979-4a08-8013-92a14c548982@group-146C50BE7901-LeaderElection286 got exception when requesting votes: {}
java.util.concurrent.ExecutionException: org.apache.ratis.thirdparty.io.grpc.StatusRuntimeException: UNAVAILABLE: io exception
	at java.util.concurrent.FutureTask.report(FutureTask.java:122)
	at java.util.concurrent.FutureTask.get(FutureTask.java:192)
	at org.apache.ratis.server.impl.LeaderElection.waitForResults(LeaderElection.java:259)
	at org.apache.ratis.server.impl.LeaderElection.askForVotes(LeaderElection.java:197)
	at org.apache.ratis.server.impl.LeaderElection.run(LeaderElection.java:133)
	at java.lang.Thread.run(Thread.java:748)
Caused by: org.apache.ratis.thirdparty.io.grpc.StatusRuntimeException: UNAVAILABLE: io exception
	at org.apache.ratis.thirdparty.io.grpc.stub.ClientCalls.toStatusRuntimeException(ClientCalls.java:233)
	at org.apache.ratis.thirdparty.io.grpc.stub.ClientCalls.getUnchecked(ClientCalls.java:214)
	at org.apache.ratis.thirdparty.io.grpc.stub.ClientCalls.blockingUnaryCall(ClientCalls.java:139)
	at org.apache.ratis.proto.grpc.RaftServerProtocolServiceGrpc$RaftServerProtocolServiceBlockingStub.requestVote(RaftServerProtocolServiceGrpc.java:265)
	at org.apache.ratis.grpc.server.GrpcServerProtocolClient.requestVote(GrpcServerProtocolClient.java:99)
	at org.apache.ratis.grpc.server.GrpcService.requestVote(GrpcService.java:204)
	at org.apache.ratis.server.impl.LeaderElection.lambda$submitRequests$1(LeaderElection.java:234)
	at java.util.concurrent.FutureTask.run(FutureTask.java:266)
	at java.util.concurrent.Executors$RunnableAdapter.call(Executors.java:511)
	at java.util.concurrent.FutureTask.run(FutureTask.java:266)
	at java.util.concurrent.ThreadPoolExecutor.runWorker(ThreadPoolExecutor.java:1149)
	at java.util.concurrent.ThreadPoolExecutor$Worker.run(ThreadPoolExecutor.java:624)
	... 1 more
Caused by: org.apache.ratis.thirdparty.io.netty.channel.AbstractChannel$AnnotatedConnectException: Connection refused: /192.168.157.254:45339
	at sun.nio.ch.SocketChannelImpl.checkConnect(Native Method)
	at sun.nio.ch.SocketChannelImpl.finishConnect(SocketChannelImpl.java:717)
	at org.apache.ratis.thirdparty.io.netty.channel.socket.nio.NioSocketChannel.doFinishConnect(NioSocketChannel.java:327)
	at org.apache.ratis.thirdparty.io.netty.channel.nio.AbstractNioChannel$AbstractNioUnsafe.finishConnect(AbstractNioChannel.java:340)
	at org.apache.ratis.thirdparty.io.netty.channel.nio.NioEventLoop.processSelectedKey(NioEventLoop.java:632)
	at org.apache.ratis.thirdparty.io.netty.channel.nio.NioEventLoop.processSelectedKeysOptimized(NioEventLoop.java:579)
	at org.apache.ratis.thirdparty.io.netty.channel.nio.NioEventLoop.processSelectedKeys(NioEventLoop.java:496)
	at org.apache.ratis.thirdparty.io.netty.channel.nio.NioEventLoop.run(NioEventLoop.java:458)
	at org.apache.ratis.thirdparty.io.netty.util.concurrent.SingleThreadEventExecutor$5.run(SingleThreadEventExecutor.java:897)
	at org.apache.ratis.thirdparty.io.netty.util.concurrent.FastThreadLocalRunnable.run(FastThreadLocalRunnable.java:30)
	... 1 more
Caused by: java.net.ConnectException: Connection refused
	... 11 more
2019-10-16 21:12:20,184 [52743044-8979-4a08-8013-92a14c548982@group-146C50BE7901-LeaderElection286] INFO  impl.LeaderElection (LogUtils.java:infoOrTrace(149)) - 52743044-8979-4a08-8013-92a14c548982@group-146C50BE7901-LeaderElection286 got exception when requesting votes: {}
java.util.concurrent.ExecutionException: org.apache.ratis.thirdparty.io.grpc.StatusRuntimeException: UNAVAILABLE: io exception
	at java.util.concurrent.FutureTask.report(FutureTask.java:122)
	at java.util.concurrent.FutureTask.get(FutureTask.java:192)
	at org.apache.ratis.server.impl.LeaderElection.waitForResults(LeaderElection.java:259)
	at org.apache.ratis.server.impl.LeaderElection.askForVotes(LeaderElection.java:197)
	at org.apache.ratis.server.impl.LeaderElection.run(LeaderElection.java:133)
	at java.lang.Thread.run(Thread.java:748)
Caused by: org.apache.ratis.thirdparty.io.grpc.StatusRuntimeException: UNAVAILABLE: io exception
	at org.apache.ratis.thirdparty.io.grpc.stub.ClientCalls.toStatusRuntimeException(ClientCalls.java:233)
	at org.apache.ratis.thirdparty.io.grpc.stub.ClientCalls.getUnchecked(ClientCalls.java:214)
	at org.apache.ratis.thirdparty.io.grpc.stub.ClientCalls.blockingUnaryCall(ClientCalls.java:139)
	at org.apache.ratis.proto.grpc.RaftServerProtocolServiceGrpc$RaftServerProtocolServiceBlockingStub.requestVote(RaftServerProtocolServiceGrpc.java:265)
	at org.apache.ratis.grpc.server.GrpcServerProtocolClient.requestVote(GrpcServerProtocolClient.java:99)
	at org.apache.ratis.grpc.server.GrpcService.requestVote(GrpcService.java:204)
	at org.apache.ratis.server.impl.LeaderElection.lambda$submitRequests$1(LeaderElection.java:234)
	at java.util.concurrent.FutureTask.run(FutureTask.java:266)
	at java.util.concurrent.Executors$RunnableAdapter.call(Executors.java:511)
	at java.util.concurrent.FutureTask.run(FutureTask.java:266)
	at java.util.concurrent.ThreadPoolExecutor.runWorker(ThreadPoolExecutor.java:1149)
	at java.util.concurrent.ThreadPoolExecutor$Worker.run(ThreadPoolExecutor.java:624)
	... 1 more
Caused by: org.apache.ratis.thirdparty.io.netty.channel.AbstractChannel$AnnotatedConnectException: Connection refused: /192.168.157.254:37466
	at sun.nio.ch.SocketChannelImpl.checkConnect(Native Method)
	at sun.nio.ch.SocketChannelImpl.finishConnect(SocketChannelImpl.java:717)
	at org.apache.ratis.thirdparty.io.netty.channel.socket.nio.NioSocketChannel.doFinishConnect(NioSocketChannel.java:327)
	at org.apache.ratis.thirdparty.io.netty.channel.nio.AbstractNioChannel$AbstractNioUnsafe.finishConnect(AbstractNioChannel.java:340)
	at org.apache.ratis.thirdparty.io.netty.channel.nio.NioEventLoop.processSelectedKey(NioEventLoop.java:632)
	at org.apache.ratis.thirdparty.io.netty.channel.nio.NioEventLoop.processSelectedKeysOptimized(NioEventLoop.java:579)
	at org.apache.ratis.thirdparty.io.netty.channel.nio.NioEventLoop.processSelectedKeys(NioEventLoop.java:496)
	at org.apache.ratis.thirdparty.io.netty.channel.nio.NioEventLoop.run(NioEventLoop.java:458)
	at org.apache.ratis.thirdparty.io.netty.util.concurrent.SingleThreadEventExecutor$5.run(SingleThreadEventExecutor.java:897)
	at org.apache.ratis.thirdparty.io.netty.util.concurrent.FastThreadLocalRunnable.run(FastThreadLocalRunnable.java:30)
	... 1 more
Caused by: java.net.ConnectException: Connection refused
	... 11 more
2019-10-16 21:12:20,185 [52743044-8979-4a08-8013-92a14c548982@group-146C50BE7901-LeaderElection286] INFO  impl.LeaderElection (LeaderElection.java:logAndReturn(56)) - 52743044-8979-4a08-8013-92a14c548982@group-146C50BE7901-LeaderElection286: Election REJECTED; received 0 response(s) [] and 2 exception(s); 52743044-8979-4a08-8013-92a14c548982@group-146C50BE7901:t343, leader=null, voted=52743044-8979-4a08-8013-92a14c548982, raftlog=52743044-8979-4a08-8013-92a14c548982@group-146C50BE7901-SegmentedRaftLog:OPENED:c-1,f-1,i0, conf=-1: [904f39be-c3d3-4df4-99c0-2e4526e577e3:192.168.157.254:45339, 52743044-8979-4a08-8013-92a14c548982:192.168.157.254:36428, 65da0c80-3604-4ac2-9a39-ee88d748a153:192.168.157.254:37466], old=null
2019-10-16 21:12:20,185 [52743044-8979-4a08-8013-92a14c548982@group-146C50BE7901-LeaderElection286] INFO  impl.LeaderElection (LogUtils.java:infoOrTrace(149)) -   Exception 0: {}
java.util.concurrent.ExecutionException: org.apache.ratis.thirdparty.io.grpc.StatusRuntimeException: UNAVAILABLE: io exception
	at java.util.concurrent.FutureTask.report(FutureTask.java:122)
	at java.util.concurrent.FutureTask.get(FutureTask.java:192)
	at org.apache.ratis.server.impl.LeaderElection.waitForResults(LeaderElection.java:259)
	at org.apache.ratis.server.impl.LeaderElection.askForVotes(LeaderElection.java:197)
	at org.apache.ratis.server.impl.LeaderElection.run(LeaderElection.java:133)
	at java.lang.Thread.run(Thread.java:748)
Caused by: org.apache.ratis.thirdparty.io.grpc.StatusRuntimeException: UNAVAILABLE: io exception
	at org.apache.ratis.thirdparty.io.grpc.stub.ClientCalls.toStatusRuntimeException(ClientCalls.java:233)
	at org.apache.ratis.thirdparty.io.grpc.stub.ClientCalls.getUnchecked(ClientCalls.java:214)
	at org.apache.ratis.thirdparty.io.grpc.stub.ClientCalls.blockingUnaryCall(ClientCalls.java:139)
	at org.apache.ratis.proto.grpc.RaftServerProtocolServiceGrpc$RaftServerProtocolServiceBlockingStub.requestVote(RaftServerProtocolServiceGrpc.java:265)
	at org.apache.ratis.grpc.server.GrpcServerProtocolClient.requestVote(GrpcServerProtocolClient.java:99)
	at org.apache.ratis.grpc.server.GrpcService.requestVote(GrpcService.java:204)
	at org.apache.ratis.server.impl.LeaderElection.lambda$submitRequests$1(LeaderElection.java:234)
	at java.util.concurrent.FutureTask.run(FutureTask.java:266)
	at java.util.concurrent.Executors$RunnableAdapter.call(Executors.java:511)
	at java.util.concurrent.FutureTask.run(FutureTask.java:266)
	at java.util.concurrent.ThreadPoolExecutor.runWorker(ThreadPoolExecutor.java:1149)
	at java.util.concurrent.ThreadPoolExecutor$Worker.run(ThreadPoolExecutor.java:624)
	... 1 more
Caused by: org.apache.ratis.thirdparty.io.netty.channel.AbstractChannel$AnnotatedConnectException: Connection refused: /192.168.157.254:45339
	at sun.nio.ch.SocketChannelImpl.checkConnect(Native Method)
	at sun.nio.ch.SocketChannelImpl.finishConnect(SocketChannelImpl.java:717)
	at org.apache.ratis.thirdparty.io.netty.channel.socket.nio.NioSocketChannel.doFinishConnect(NioSocketChannel.java:327)
	at org.apache.ratis.thirdparty.io.netty.channel.nio.AbstractNioChannel$AbstractNioUnsafe.finishConnect(AbstractNioChannel.java:340)
	at org.apache.ratis.thirdparty.io.netty.channel.nio.NioEventLoop.processSelectedKey(NioEventLoop.java:632)
	at org.apache.ratis.thirdparty.io.netty.channel.nio.NioEventLoop.processSelectedKeysOptimized(NioEventLoop.java:579)
	at org.apache.ratis.thirdparty.io.netty.channel.nio.NioEventLoop.processSelectedKeys(NioEventLoop.java:496)
	at org.apache.ratis.thirdparty.io.netty.channel.nio.NioEventLoop.run(NioEventLoop.java:458)
	at org.apache.ratis.thirdparty.io.netty.util.concurrent.SingleThreadEventExecutor$5.run(SingleThreadEventExecutor.java:897)
	at org.apache.ratis.thirdparty.io.netty.util.concurrent.FastThreadLocalRunnable.run(FastThreadLocalRunnable.java:30)
	... 1 more
Caused by: java.net.ConnectException: Connection refused
	... 11 more
2019-10-16 21:12:20,185 [52743044-8979-4a08-8013-92a14c548982@group-146C50BE7901-LeaderElection286] INFO  impl.LeaderElection (LogUtils.java:infoOrTrace(149)) -   Exception 1: {}
java.util.concurrent.ExecutionException: org.apache.ratis.thirdparty.io.grpc.StatusRuntimeException: UNAVAILABLE: io exception
	at java.util.concurrent.FutureTask.report(FutureTask.java:122)
	at java.util.concurrent.FutureTask.get(FutureTask.java:192)
	at org.apache.ratis.server.impl.LeaderElection.waitForResults(LeaderElection.java:259)
	at org.apache.ratis.server.impl.LeaderElection.askForVotes(LeaderElection.java:197)
	at org.apache.ratis.server.impl.LeaderElection.run(LeaderElection.java:133)
	at java.lang.Thread.run(Thread.java:748)
Caused by: org.apache.ratis.thirdparty.io.grpc.StatusRuntimeException: UNAVAILABLE: io exception
	at org.apache.ratis.thirdparty.io.grpc.stub.ClientCalls.toStatusRuntimeException(ClientCalls.java:233)
	at org.apache.ratis.thirdparty.io.grpc.stub.ClientCalls.getUnchecked(ClientCalls.java:214)
	at org.apache.ratis.thirdparty.io.grpc.stub.ClientCalls.blockingUnaryCall(ClientCalls.java:139)
	at org.apache.ratis.proto.grpc.RaftServerProtocolServiceGrpc$RaftServerProtocolServiceBlockingStub.requestVote(RaftServerProtocolServiceGrpc.java:265)
	at org.apache.ratis.grpc.server.GrpcServerProtocolClient.requestVote(GrpcServerProtocolClient.java:99)
	at org.apache.ratis.grpc.server.GrpcService.requestVote(GrpcService.java:204)
	at org.apache.ratis.server.impl.LeaderElection.lambda$submitRequests$1(LeaderElection.java:234)
	at java.util.concurrent.FutureTask.run(FutureTask.java:266)
	at java.util.concurrent.Executors$RunnableAdapter.call(Executors.java:511)
	at java.util.concurrent.FutureTask.run(FutureTask.java:266)
	at java.util.concurrent.ThreadPoolExecutor.runWorker(ThreadPoolExecutor.java:1149)
	at java.util.concurrent.ThreadPoolExecutor$Worker.run(ThreadPoolExecutor.java:624)
	... 1 more
Caused by: org.apache.ratis.thirdparty.io.netty.channel.AbstractChannel$AnnotatedConnectException: Connection refused: /192.168.157.254:37466
	at sun.nio.ch.SocketChannelImpl.checkConnect(Native Method)
	at sun.nio.ch.SocketChannelImpl.finishConnect(SocketChannelImpl.java:717)
	at org.apache.ratis.thirdparty.io.netty.channel.socket.nio.NioSocketChannel.doFinishConnect(NioSocketChannel.java:327)
	at org.apache.ratis.thirdparty.io.netty.channel.nio.AbstractNioChannel$AbstractNioUnsafe.finishConnect(AbstractNioChannel.java:340)
	at org.apache.ratis.thirdparty.io.netty.channel.nio.NioEventLoop.processSelectedKey(NioEventLoop.java:632)
	at org.apache.ratis.thirdparty.io.netty.channel.nio.NioEventLoop.processSelectedKeysOptimized(NioEventLoop.java:579)
	at org.apache.ratis.thirdparty.io.netty.channel.nio.NioEventLoop.processSelectedKeys(NioEventLoop.java:496)
	at org.apache.ratis.thirdparty.io.netty.channel.nio.NioEventLoop.run(NioEventLoop.java:458)
	at org.apache.ratis.thirdparty.io.netty.util.concurrent.SingleThreadEventExecutor$5.run(SingleThreadEventExecutor.java:897)
	at org.apache.ratis.thirdparty.io.netty.util.concurrent.FastThreadLocalRunnable.run(FastThreadLocalRunnable.java:30)
	... 1 more
Caused by: java.net.ConnectException: Connection refused
	... 11 more
2019-10-16 21:12:20,186 [52743044-8979-4a08-8013-92a14c548982@group-146C50BE7901-LeaderElection286] INFO  impl.RaftServerImpl (RaftServerImpl.java:setRole(184)) - 52743044-8979-4a08-8013-92a14c548982@group-146C50BE7901: changes role from CANDIDATE to FOLLOWER at term 343 for DISCOVERED_A_NEW_TERM
2019-10-16 21:12:20,186 [52743044-8979-4a08-8013-92a14c548982@group-146C50BE7901-LeaderElection286] INFO  impl.RoleInfo (RoleInfo.java:shutdownLeaderElection(134)) - 52743044-8979-4a08-8013-92a14c548982: shutdown LeaderElection
2019-10-16 21:12:20,186 [52743044-8979-4a08-8013-92a14c548982@group-146C50BE7901-LeaderElection286] INFO  impl.RoleInfo (RoleInfo.java:updateAndGet(143)) - 52743044-8979-4a08-8013-92a14c548982: start FollowerState
2019-10-16 21:12:20,332 [Thread-2188] INFO  impl.FollowerState (FollowerState.java:run(108)) - 52743044-8979-4a08-8013-92a14c548982@group-146C50BE7901-FollowerState: change to CANDIDATE, lastRpcTime:146ms, electionTimeout:146ms
2019-10-16 21:12:20,333 [Thread-2188] INFO  impl.RoleInfo (RoleInfo.java:shutdownFollowerState(121)) - 52743044-8979-4a08-8013-92a14c548982: shutdown FollowerState
2019-10-16 21:12:20,333 [Thread-2188] INFO  impl.RaftServerImpl (RaftServerImpl.java:setRole(184)) - 52743044-8979-4a08-8013-92a14c548982@group-146C50BE7901: changes role from  FOLLOWER to CANDIDATE at term 343 for changeToCandidate
2019-10-16 21:12:20,333 [Thread-2188] INFO  impl.RoleInfo (RoleInfo.java:updateAndGet(143)) - 52743044-8979-4a08-8013-92a14c548982: start LeaderElection
2019-10-16 21:12:20,412 [52743044-8979-4a08-8013-92a14c548982@group-146C50BE7901-LeaderElection287] INFO  impl.LeaderElection (LeaderElection.java:askForVotes(178)) - 52743044-8979-4a08-8013-92a14c548982@group-146C50BE7901-LeaderElection287: begin an election at term 344 for -1: [904f39be-c3d3-4df4-99c0-2e4526e577e3:192.168.157.254:45339, 52743044-8979-4a08-8013-92a14c548982:192.168.157.254:36428, 65da0c80-3604-4ac2-9a39-ee88d748a153:192.168.157.254:37466], old=null
2019-10-16 21:12:20,413 [52743044-8979-4a08-8013-92a14c548982@group-146C50BE7901-LeaderElection287] INFO  impl.LeaderElection (LogUtils.java:infoOrTrace(149)) - 52743044-8979-4a08-8013-92a14c548982@group-146C50BE7901-LeaderElection287 got exception when requesting votes: {}
java.util.concurrent.ExecutionException: org.apache.ratis.thirdparty.io.grpc.StatusRuntimeException: UNAVAILABLE: io exception
	at java.util.concurrent.FutureTask.report(FutureTask.java:122)
	at java.util.concurrent.FutureTask.get(FutureTask.java:192)
	at org.apache.ratis.server.impl.LeaderElection.waitForResults(LeaderElection.java:259)
	at org.apache.ratis.server.impl.LeaderElection.askForVotes(LeaderElection.java:197)
	at org.apache.ratis.server.impl.LeaderElection.run(LeaderElection.java:133)
	at java.lang.Thread.run(Thread.java:748)
Caused by: org.apache.ratis.thirdparty.io.grpc.StatusRuntimeException: UNAVAILABLE: io exception
	at org.apache.ratis.thirdparty.io.grpc.stub.ClientCalls.toStatusRuntimeException(ClientCalls.java:233)
	at org.apache.ratis.thirdparty.io.grpc.stub.ClientCalls.getUnchecked(ClientCalls.java:214)
	at org.apache.ratis.thirdparty.io.grpc.stub.ClientCalls.blockingUnaryCall(ClientCalls.java:139)
	at org.apache.ratis.proto.grpc.RaftServerProtocolServiceGrpc$RaftServerProtocolServiceBlockingStub.requestVote(RaftServerProtocolServiceGrpc.java:265)
	at org.apache.ratis.grpc.server.GrpcServerProtocolClient.requestVote(GrpcServerProtocolClient.java:99)
	at org.apache.ratis.grpc.server.GrpcService.requestVote(GrpcService.java:204)
	at org.apache.ratis.server.impl.LeaderElection.lambda$submitRequests$1(LeaderElection.java:234)
	at java.util.concurrent.FutureTask.run(FutureTask.java:266)
	at java.util.concurrent.Executors$RunnableAdapter.call(Executors.java:511)
	at java.util.concurrent.FutureTask.run(FutureTask.java:266)
	at java.util.concurrent.ThreadPoolExecutor.runWorker(ThreadPoolExecutor.java:1149)
	at java.util.concurrent.ThreadPoolExecutor$Worker.run(ThreadPoolExecutor.java:624)
	... 1 more
Caused by: org.apache.ratis.thirdparty.io.netty.channel.AbstractChannel$AnnotatedConnectException: Connection refused: /192.168.157.254:45339
	at sun.nio.ch.SocketChannelImpl.checkConnect(Native Method)
	at sun.nio.ch.SocketChannelImpl.finishConnect(SocketChannelImpl.java:717)
	at org.apache.ratis.thirdparty.io.netty.channel.socket.nio.NioSocketChannel.doFinishConnect(NioSocketChannel.java:327)
	at org.apache.ratis.thirdparty.io.netty.channel.nio.AbstractNioChannel$AbstractNioUnsafe.finishConnect(AbstractNioChannel.java:340)
	at org.apache.ratis.thirdparty.io.netty.channel.nio.NioEventLoop.processSelectedKey(NioEventLoop.java:632)
	at org.apache.ratis.thirdparty.io.netty.channel.nio.NioEventLoop.processSelectedKeysOptimized(NioEventLoop.java:579)
	at org.apache.ratis.thirdparty.io.netty.channel.nio.NioEventLoop.processSelectedKeys(NioEventLoop.java:496)
	at org.apache.ratis.thirdparty.io.netty.channel.nio.NioEventLoop.run(NioEventLoop.java:458)
	at org.apache.ratis.thirdparty.io.netty.util.concurrent.SingleThreadEventExecutor$5.run(SingleThreadEventExecutor.java:897)
	at org.apache.ratis.thirdparty.io.netty.util.concurrent.FastThreadLocalRunnable.run(FastThreadLocalRunnable.java:30)
	... 1 more
Caused by: java.net.ConnectException: Connection refused
	... 11 more
2019-10-16 21:12:20,415 [52743044-8979-4a08-8013-92a14c548982@group-146C50BE7901-LeaderElection287] INFO  impl.LeaderElection (LogUtils.java:infoOrTrace(149)) - 52743044-8979-4a08-8013-92a14c548982@group-146C50BE7901-LeaderElection287 got exception when requesting votes: {}
java.util.concurrent.ExecutionException: org.apache.ratis.thirdparty.io.grpc.StatusRuntimeException: UNAVAILABLE: io exception
	at java.util.concurrent.FutureTask.report(FutureTask.java:122)
	at java.util.concurrent.FutureTask.get(FutureTask.java:192)
	at org.apache.ratis.server.impl.LeaderElection.waitForResults(LeaderElection.java:259)
	at org.apache.ratis.server.impl.LeaderElection.askForVotes(LeaderElection.java:197)
	at org.apache.ratis.server.impl.LeaderElection.run(LeaderElection.java:133)
	at java.lang.Thread.run(Thread.java:748)
Caused by: org.apache.ratis.thirdparty.io.grpc.StatusRuntimeException: UNAVAILABLE: io exception
	at org.apache.ratis.thirdparty.io.grpc.stub.ClientCalls.toStatusRuntimeException(ClientCalls.java:233)
	at org.apache.ratis.thirdparty.io.grpc.stub.ClientCalls.getUnchecked(ClientCalls.java:214)
	at org.apache.ratis.thirdparty.io.grpc.stub.ClientCalls.blockingUnaryCall(ClientCalls.java:139)
	at org.apache.ratis.proto.grpc.RaftServerProtocolServiceGrpc$RaftServerProtocolServiceBlockingStub.requestVote(RaftServerProtocolServiceGrpc.java:265)
	at org.apache.ratis.grpc.server.GrpcServerProtocolClient.requestVote(GrpcServerProtocolClient.java:99)
	at org.apache.ratis.grpc.server.GrpcService.requestVote(GrpcService.java:204)
	at org.apache.ratis.server.impl.LeaderElection.lambda$submitRequests$1(LeaderElection.java:234)
	at java.util.concurrent.FutureTask.run(FutureTask.java:266)
	at java.util.concurrent.Executors$RunnableAdapter.call(Executors.java:511)
	at java.util.concurrent.FutureTask.run(FutureTask.java:266)
	at java.util.concurrent.ThreadPoolExecutor.runWorker(ThreadPoolExecutor.java:1149)
	at java.util.concurrent.ThreadPoolExecutor$Worker.run(ThreadPoolExecutor.java:624)
	... 1 more
Caused by: org.apache.ratis.thirdparty.io.netty.channel.AbstractChannel$AnnotatedConnectException: Connection refused: /192.168.157.254:37466
	at sun.nio.ch.SocketChannelImpl.checkConnect(Native Method)
	at sun.nio.ch.SocketChannelImpl.finishConnect(SocketChannelImpl.java:717)
	at org.apache.ratis.thirdparty.io.netty.channel.socket.nio.NioSocketChannel.doFinishConnect(NioSocketChannel.java:327)
	at org.apache.ratis.thirdparty.io.netty.channel.nio.AbstractNioChannel$AbstractNioUnsafe.finishConnect(AbstractNioChannel.java:340)
	at org.apache.ratis.thirdparty.io.netty.channel.nio.NioEventLoop.processSelectedKey(NioEventLoop.java:632)
	at org.apache.ratis.thirdparty.io.netty.channel.nio.NioEventLoop.processSelectedKeysOptimized(NioEventLoop.java:579)
	at org.apache.ratis.thirdparty.io.netty.channel.nio.NioEventLoop.processSelectedKeys(NioEventLoop.java:496)
	at org.apache.ratis.thirdparty.io.netty.channel.nio.NioEventLoop.run(NioEventLoop.java:458)
	at org.apache.ratis.thirdparty.io.netty.util.concurrent.SingleThreadEventExecutor$5.run(SingleThreadEventExecutor.java:897)
	at org.apache.ratis.thirdparty.io.netty.util.concurrent.FastThreadLocalRunnable.run(FastThreadLocalRunnable.java:30)
	... 1 more
Caused by: java.net.ConnectException: Connection refused
	... 11 more
2019-10-16 21:12:20,416 [52743044-8979-4a08-8013-92a14c548982@group-146C50BE7901-LeaderElection287] INFO  impl.LeaderElection (LeaderElection.java:logAndReturn(56)) - 52743044-8979-4a08-8013-92a14c548982@group-146C50BE7901-LeaderElection287: Election REJECTED; received 0 response(s) [] and 2 exception(s); 52743044-8979-4a08-8013-92a14c548982@group-146C50BE7901:t344, leader=null, voted=52743044-8979-4a08-8013-92a14c548982, raftlog=52743044-8979-4a08-8013-92a14c548982@group-146C50BE7901-SegmentedRaftLog:OPENED:c-1,f-1,i0, conf=-1: [904f39be-c3d3-4df4-99c0-2e4526e577e3:192.168.157.254:45339, 52743044-8979-4a08-8013-92a14c548982:192.168.157.254:36428, 65da0c80-3604-4ac2-9a39-ee88d748a153:192.168.157.254:37466], old=null
2019-10-16 21:12:20,416 [52743044-8979-4a08-8013-92a14c548982@group-146C50BE7901-LeaderElection287] INFO  impl.LeaderElection (LogUtils.java:infoOrTrace(149)) -   Exception 0: {}
java.util.concurrent.ExecutionException: org.apache.ratis.thirdparty.io.grpc.StatusRuntimeException: UNAVAILABLE: io exception
	at java.util.concurrent.FutureTask.report(FutureTask.java:122)
	at java.util.concurrent.FutureTask.get(FutureTask.java:192)
	at org.apache.ratis.server.impl.LeaderElection.waitForResults(LeaderElection.java:259)
	at org.apache.ratis.server.impl.LeaderElection.askForVotes(LeaderElection.java:197)
	at org.apache.ratis.server.impl.LeaderElection.run(LeaderElection.java:133)
	at java.lang.Thread.run(Thread.java:748)
Caused by: org.apache.ratis.thirdparty.io.grpc.StatusRuntimeException: UNAVAILABLE: io exception
	at org.apache.ratis.thirdparty.io.grpc.stub.ClientCalls.toStatusRuntimeException(ClientCalls.java:233)
	at org.apache.ratis.thirdparty.io.grpc.stub.ClientCalls.getUnchecked(ClientCalls.java:214)
	at org.apache.ratis.thirdparty.io.grpc.stub.ClientCalls.blockingUnaryCall(ClientCalls.java:139)
	at org.apache.ratis.proto.grpc.RaftServerProtocolServiceGrpc$RaftServerProtocolServiceBlockingStub.requestVote(RaftServerProtocolServiceGrpc.java:265)
	at org.apache.ratis.grpc.server.GrpcServerProtocolClient.requestVote(GrpcServerProtocolClient.java:99)
	at org.apache.ratis.grpc.server.GrpcService.requestVote(GrpcService.java:204)
	at org.apache.ratis.server.impl.LeaderElection.lambda$submitRequests$1(LeaderElection.java:234)
	at java.util.concurrent.FutureTask.run(FutureTask.java:266)
	at java.util.concurrent.Executors$RunnableAdapter.call(Executors.java:511)
	at java.util.concurrent.FutureTask.run(FutureTask.java:266)
	at java.util.concurrent.ThreadPoolExecutor.runWorker(ThreadPoolExecutor.java:1149)
	at java.util.concurrent.ThreadPoolExecutor$Worker.run(ThreadPoolExecutor.java:624)
	... 1 more
Caused by: org.apache.ratis.thirdparty.io.netty.channel.AbstractChannel$AnnotatedConnectException: Connection refused: /192.168.157.254:45339
	at sun.nio.ch.SocketChannelImpl.checkConnect(Native Method)
	at sun.nio.ch.SocketChannelImpl.finishConnect(SocketChannelImpl.java:717)
	at org.apache.ratis.thirdparty.io.netty.channel.socket.nio.NioSocketChannel.doFinishConnect(NioSocketChannel.java:327)
	at org.apache.ratis.thirdparty.io.netty.channel.nio.AbstractNioChannel$AbstractNioUnsafe.finishConnect(AbstractNioChannel.java:340)
	at org.apache.ratis.thirdparty.io.netty.channel.nio.NioEventLoop.processSelectedKey(NioEventLoop.java:632)
	at org.apache.ratis.thirdparty.io.netty.channel.nio.NioEventLoop.processSelectedKeysOptimized(NioEventLoop.java:579)
	at org.apache.ratis.thirdparty.io.netty.channel.nio.NioEventLoop.processSelectedKeys(NioEventLoop.java:496)
	at org.apache.ratis.thirdparty.io.netty.channel.nio.NioEventLoop.run(NioEventLoop.java:458)
	at org.apache.ratis.thirdparty.io.netty.util.concurrent.SingleThreadEventExecutor$5.run(SingleThreadEventExecutor.java:897)
	at org.apache.ratis.thirdparty.io.netty.util.concurrent.FastThreadLocalRunnable.run(FastThreadLocalRunnable.java:30)
	... 1 more
Caused by: java.net.ConnectException: Connection refused
	... 11 more
2019-10-16 21:12:20,417 [52743044-8979-4a08-8013-92a14c548982@group-146C50BE7901-LeaderElection287] INFO  impl.LeaderElection (LogUtils.java:infoOrTrace(149)) -   Exception 1: {}
java.util.concurrent.ExecutionException: org.apache.ratis.thirdparty.io.grpc.StatusRuntimeException: UNAVAILABLE: io exception
	at java.util.concurrent.FutureTask.report(FutureTask.java:122)
	at java.util.concurrent.FutureTask.get(FutureTask.java:192)
	at org.apache.ratis.server.impl.LeaderElection.waitForResults(LeaderElection.java:259)
	at org.apache.ratis.server.impl.LeaderElection.askForVotes(LeaderElection.java:197)
	at org.apache.ratis.server.impl.LeaderElection.run(LeaderElection.java:133)
	at java.lang.Thread.run(Thread.java:748)
Caused by: org.apache.ratis.thirdparty.io.grpc.StatusRuntimeException: UNAVAILABLE: io exception
	at org.apache.ratis.thirdparty.io.grpc.stub.ClientCalls.toStatusRuntimeException(ClientCalls.java:233)
	at org.apache.ratis.thirdparty.io.grpc.stub.ClientCalls.getUnchecked(ClientCalls.java:214)
	at org.apache.ratis.thirdparty.io.grpc.stub.ClientCalls.blockingUnaryCall(ClientCalls.java:139)
	at org.apache.ratis.proto.grpc.RaftServerProtocolServiceGrpc$RaftServerProtocolServiceBlockingStub.requestVote(RaftServerProtocolServiceGrpc.java:265)
	at org.apache.ratis.grpc.server.GrpcServerProtocolClient.requestVote(GrpcServerProtocolClient.java:99)
	at org.apache.ratis.grpc.server.GrpcService.requestVote(GrpcService.java:204)
	at org.apache.ratis.server.impl.LeaderElection.lambda$submitRequests$1(LeaderElection.java:234)
	at java.util.concurrent.FutureTask.run(FutureTask.java:266)
	at java.util.concurrent.Executors$RunnableAdapter.call(Executors.java:511)
	at java.util.concurrent.FutureTask.run(FutureTask.java:266)
	at java.util.concurrent.ThreadPoolExecutor.runWorker(ThreadPoolExecutor.java:1149)
	at java.util.concurrent.ThreadPoolExecutor$Worker.run(ThreadPoolExecutor.java:624)
	... 1 more
Caused by: org.apache.ratis.thirdparty.io.netty.channel.AbstractChannel$AnnotatedConnectException: Connection refused: /192.168.157.254:37466
	at sun.nio.ch.SocketChannelImpl.checkConnect(Native Method)
	at sun.nio.ch.SocketChannelImpl.finishConnect(SocketChannelImpl.java:717)
	at org.apache.ratis.thirdparty.io.netty.channel.socket.nio.NioSocketChannel.doFinishConnect(NioSocketChannel.java:327)
	at org.apache.ratis.thirdparty.io.netty.channel.nio.AbstractNioChannel$AbstractNioUnsafe.finishConnect(AbstractNioChannel.java:340)
	at org.apache.ratis.thirdparty.io.netty.channel.nio.NioEventLoop.processSelectedKey(NioEventLoop.java:632)
	at org.apache.ratis.thirdparty.io.netty.channel.nio.NioEventLoop.processSelectedKeysOptimized(NioEventLoop.java:579)
	at org.apache.ratis.thirdparty.io.netty.channel.nio.NioEventLoop.processSelectedKeys(NioEventLoop.java:496)
	at org.apache.ratis.thirdparty.io.netty.channel.nio.NioEventLoop.run(NioEventLoop.java:458)
	at org.apache.ratis.thirdparty.io.netty.util.concurrent.SingleThreadEventExecutor$5.run(SingleThreadEventExecutor.java:897)
	at org.apache.ratis.thirdparty.io.netty.util.concurrent.FastThreadLocalRunnable.run(FastThreadLocalRunnable.java:30)
	... 1 more
Caused by: java.net.ConnectException: Connection refused
	... 11 more
2019-10-16 21:12:20,417 [52743044-8979-4a08-8013-92a14c548982@group-146C50BE7901-LeaderElection287] INFO  impl.RaftServerImpl (RaftServerImpl.java:setRole(184)) - 52743044-8979-4a08-8013-92a14c548982@group-146C50BE7901: changes role from CANDIDATE to FOLLOWER at term 344 for DISCOVERED_A_NEW_TERM
2019-10-16 21:12:20,417 [52743044-8979-4a08-8013-92a14c548982@group-146C50BE7901-LeaderElection287] INFO  impl.RoleInfo (RoleInfo.java:shutdownLeaderElection(134)) - 52743044-8979-4a08-8013-92a14c548982: shutdown LeaderElection
2019-10-16 21:12:20,417 [52743044-8979-4a08-8013-92a14c548982@group-146C50BE7901-LeaderElection287] INFO  impl.RoleInfo (RoleInfo.java:updateAndGet(143)) - 52743044-8979-4a08-8013-92a14c548982: start FollowerState
2019-10-16 21:12:20,444 [Thread-2192] INFO  impl.FollowerState (FollowerState.java:run(108)) - 52743044-8979-4a08-8013-92a14c548982@group-146C50BE7901-FollowerState: change to CANDIDATE, lastRpcTime:26ms, electionTimeout:26ms
2019-10-16 21:12:20,444 [Thread-2192] INFO  impl.RoleInfo (RoleInfo.java:shutdownFollowerState(121)) - 52743044-8979-4a08-8013-92a14c548982: shutdown FollowerState
2019-10-16 21:12:20,444 [Thread-2192] INFO  impl.RaftServerImpl (RaftServerImpl.java:setRole(184)) - 52743044-8979-4a08-8013-92a14c548982@group-146C50BE7901: changes role from  FOLLOWER to CANDIDATE at term 344 for changeToCandidate
2019-10-16 21:12:20,444 [Thread-2192] INFO  impl.RoleInfo (RoleInfo.java:updateAndGet(143)) - 52743044-8979-4a08-8013-92a14c548982: start LeaderElection
2019-10-16 21:12:20,459 [52743044-8979-4a08-8013-92a14c548982@group-146C50BE7901-LeaderElection288] INFO  impl.LeaderElection (LeaderElection.java:askForVotes(178)) - 52743044-8979-4a08-8013-92a14c548982@group-146C50BE7901-LeaderElection288: begin an election at term 345 for -1: [904f39be-c3d3-4df4-99c0-2e4526e577e3:192.168.157.254:45339, 52743044-8979-4a08-8013-92a14c548982:192.168.157.254:36428, 65da0c80-3604-4ac2-9a39-ee88d748a153:192.168.157.254:37466], old=null
2019-10-16 21:12:20,460 [52743044-8979-4a08-8013-92a14c548982@group-146C50BE7901-LeaderElection288] INFO  impl.LeaderElection (LogUtils.java:infoOrTrace(149)) - 52743044-8979-4a08-8013-92a14c548982@group-146C50BE7901-LeaderElection288 got exception when requesting votes: {}
java.util.concurrent.ExecutionException: org.apache.ratis.thirdparty.io.grpc.StatusRuntimeException: UNAVAILABLE: io exception
	at java.util.concurrent.FutureTask.report(FutureTask.java:122)
	at java.util.concurrent.FutureTask.get(FutureTask.java:192)
	at org.apache.ratis.server.impl.LeaderElection.waitForResults(LeaderElection.java:259)
	at org.apache.ratis.server.impl.LeaderElection.askForVotes(LeaderElection.java:197)
	at org.apache.ratis.server.impl.LeaderElection.run(LeaderElection.java:133)
	at java.lang.Thread.run(Thread.java:748)
Caused by: org.apache.ratis.thirdparty.io.grpc.StatusRuntimeException: UNAVAILABLE: io exception
	at org.apache.ratis.thirdparty.io.grpc.stub.ClientCalls.toStatusRuntimeException(ClientCalls.java:233)
	at org.apache.ratis.thirdparty.io.grpc.stub.ClientCalls.getUnchecked(ClientCalls.java:214)
	at org.apache.ratis.thirdparty.io.grpc.stub.ClientCalls.blockingUnaryCall(ClientCalls.java:139)
	at org.apache.ratis.proto.grpc.RaftServerProtocolServiceGrpc$RaftServerProtocolServiceBlockingStub.requestVote(RaftServerProtocolServiceGrpc.java:265)
	at org.apache.ratis.grpc.server.GrpcServerProtocolClient.requestVote(GrpcServerProtocolClient.java:99)
	at org.apache.ratis.grpc.server.GrpcService.requestVote(GrpcService.java:204)
	at org.apache.ratis.server.impl.LeaderElection.lambda$submitRequests$1(LeaderElection.java:234)
	at java.util.concurrent.FutureTask.run(FutureTask.java:266)
	at java.util.concurrent.Executors$RunnableAdapter.call(Executors.java:511)
	at java.util.concurrent.FutureTask.run(FutureTask.java:266)
	at java.util.concurrent.ThreadPoolExecutor.runWorker(ThreadPoolExecutor.java:1149)
	at java.util.concurrent.ThreadPoolExecutor$Worker.run(ThreadPoolExecutor.java:624)
	... 1 more
Caused by: org.apache.ratis.thirdparty.io.netty.channel.AbstractChannel$AnnotatedConnectException: Connection refused: /192.168.157.254:45339
	at sun.nio.ch.SocketChannelImpl.checkConnect(Native Method)
	at sun.nio.ch.SocketChannelImpl.finishConnect(SocketChannelImpl.java:717)
	at org.apache.ratis.thirdparty.io.netty.channel.socket.nio.NioSocketChannel.doFinishConnect(NioSocketChannel.java:327)
	at org.apache.ratis.thirdparty.io.netty.channel.nio.AbstractNioChannel$AbstractNioUnsafe.finishConnect(AbstractNioChannel.java:340)
	at org.apache.ratis.thirdparty.io.netty.channel.nio.NioEventLoop.processSelectedKey(NioEventLoop.java:632)
	at org.apache.ratis.thirdparty.io.netty.channel.nio.NioEventLoop.processSelectedKeysOptimized(NioEventLoop.java:579)
	at org.apache.ratis.thirdparty.io.netty.channel.nio.NioEventLoop.processSelectedKeys(NioEventLoop.java:496)
	at org.apache.ratis.thirdparty.io.netty.channel.nio.NioEventLoop.run(NioEventLoop.java:458)
	at org.apache.ratis.thirdparty.io.netty.util.concurrent.SingleThreadEventExecutor$5.run(SingleThreadEventExecutor.java:897)
	at org.apache.ratis.thirdparty.io.netty.util.concurrent.FastThreadLocalRunnable.run(FastThreadLocalRunnable.java:30)
	... 1 more
Caused by: java.net.ConnectException: Connection refused
	... 11 more
2019-10-16 21:12:20,461 [52743044-8979-4a08-8013-92a14c548982@group-146C50BE7901-LeaderElection288] INFO  impl.LeaderElection (LogUtils.java:infoOrTrace(149)) - 52743044-8979-4a08-8013-92a14c548982@group-146C50BE7901-LeaderElection288 got exception when requesting votes: {}
java.util.concurrent.ExecutionException: org.apache.ratis.thirdparty.io.grpc.StatusRuntimeException: UNAVAILABLE: io exception
	at java.util.concurrent.FutureTask.report(FutureTask.java:122)
	at java.util.concurrent.FutureTask.get(FutureTask.java:192)
	at org.apache.ratis.server.impl.LeaderElection.waitForResults(LeaderElection.java:259)
	at org.apache.ratis.server.impl.LeaderElection.askForVotes(LeaderElection.java:197)
	at org.apache.ratis.server.impl.LeaderElection.run(LeaderElection.java:133)
	at java.lang.Thread.run(Thread.java:748)
Caused by: org.apache.ratis.thirdparty.io.grpc.StatusRuntimeException: UNAVAILABLE: io exception
	at org.apache.ratis.thirdparty.io.grpc.stub.ClientCalls.toStatusRuntimeException(ClientCalls.java:233)
	at org.apache.ratis.thirdparty.io.grpc.stub.ClientCalls.getUnchecked(ClientCalls.java:214)
	at org.apache.ratis.thirdparty.io.grpc.stub.ClientCalls.blockingUnaryCall(ClientCalls.java:139)
	at org.apache.ratis.proto.grpc.RaftServerProtocolServiceGrpc$RaftServerProtocolServiceBlockingStub.requestVote(RaftServerProtocolServiceGrpc.java:265)
	at org.apache.ratis.grpc.server.GrpcServerProtocolClient.requestVote(GrpcServerProtocolClient.java:99)
	at org.apache.ratis.grpc.server.GrpcService.requestVote(GrpcService.java:204)
	at org.apache.ratis.server.impl.LeaderElection.lambda$submitRequests$1(LeaderElection.java:234)
	at java.util.concurrent.FutureTask.run(FutureTask.java:266)
	at java.util.concurrent.Executors$RunnableAdapter.call(Executors.java:511)
	at java.util.concurrent.FutureTask.run(FutureTask.java:266)
	at java.util.concurrent.ThreadPoolExecutor.runWorker(ThreadPoolExecutor.java:1149)
	at java.util.concurrent.ThreadPoolExecutor$Worker.run(ThreadPoolExecutor.java:624)
	... 1 more
Caused by: org.apache.ratis.thirdparty.io.netty.channel.AbstractChannel$AnnotatedConnectException: Connection refused: /192.168.157.254:37466
	at sun.nio.ch.SocketChannelImpl.checkConnect(Native Method)
	at sun.nio.ch.SocketChannelImpl.finishConnect(SocketChannelImpl.java:717)
	at org.apache.ratis.thirdparty.io.netty.channel.socket.nio.NioSocketChannel.doFinishConnect(NioSocketChannel.java:327)
	at org.apache.ratis.thirdparty.io.netty.channel.nio.AbstractNioChannel$AbstractNioUnsafe.finishConnect(AbstractNioChannel.java:340)
	at org.apache.ratis.thirdparty.io.netty.channel.nio.NioEventLoop.processSelectedKey(NioEventLoop.java:632)
	at org.apache.ratis.thirdparty.io.netty.channel.nio.NioEventLoop.processSelectedKeysOptimized(NioEventLoop.java:579)
	at org.apache.ratis.thirdparty.io.netty.channel.nio.NioEventLoop.processSelectedKeys(NioEventLoop.java:496)
	at org.apache.ratis.thirdparty.io.netty.channel.nio.NioEventLoop.run(NioEventLoop.java:458)
	at org.apache.ratis.thirdparty.io.netty.util.concurrent.SingleThreadEventExecutor$5.run(SingleThreadEventExecutor.java:897)
	at org.apache.ratis.thirdparty.io.netty.util.concurrent.FastThreadLocalRunnable.run(FastThreadLocalRunnable.java:30)
	... 1 more
Caused by: java.net.ConnectException: Connection refused
	... 11 more
2019-10-16 21:12:20,462 [52743044-8979-4a08-8013-92a14c548982@group-146C50BE7901-LeaderElection288] INFO  impl.LeaderElection (LeaderElection.java:logAndReturn(56)) - 52743044-8979-4a08-8013-92a14c548982@group-146C50BE7901-LeaderElection288: Election REJECTED; received 0 response(s) [] and 2 exception(s); 52743044-8979-4a08-8013-92a14c548982@group-146C50BE7901:t345, leader=null, voted=52743044-8979-4a08-8013-92a14c548982, raftlog=52743044-8979-4a08-8013-92a14c548982@group-146C50BE7901-SegmentedRaftLog:OPENED:c-1,f-1,i0, conf=-1: [904f39be-c3d3-4df4-99c0-2e4526e577e3:192.168.157.254:45339, 52743044-8979-4a08-8013-92a14c548982:192.168.157.254:36428, 65da0c80-3604-4ac2-9a39-ee88d748a153:192.168.157.254:37466], old=null
2019-10-16 21:12:20,462 [52743044-8979-4a08-8013-92a14c548982@group-146C50BE7901-LeaderElection288] INFO  impl.LeaderElection (LogUtils.java:infoOrTrace(149)) -   Exception 0: {}
java.util.concurrent.ExecutionException: org.apache.ratis.thirdparty.io.grpc.StatusRuntimeException: UNAVAILABLE: io exception
	at java.util.concurrent.FutureTask.report(FutureTask.java:122)
	at java.util.concurrent.FutureTask.get(FutureTask.java:192)
	at org.apache.ratis.server.impl.LeaderElection.waitForResults(LeaderElection.java:259)
	at org.apache.ratis.server.impl.LeaderElection.askForVotes(LeaderElection.java:197)
	at org.apache.ratis.server.impl.LeaderElection.run(LeaderElection.java:133)
	at java.lang.Thread.run(Thread.java:748)
Caused by: org.apache.ratis.thirdparty.io.grpc.StatusRuntimeException: UNAVAILABLE: io exception
	at org.apache.ratis.thirdparty.io.grpc.stub.ClientCalls.toStatusRuntimeException(ClientCalls.java:233)
	at org.apache.ratis.thirdparty.io.grpc.stub.ClientCalls.getUnchecked(ClientCalls.java:214)
	at org.apache.ratis.thirdparty.io.grpc.stub.ClientCalls.blockingUnaryCall(ClientCalls.java:139)
	at org.apache.ratis.proto.grpc.RaftServerProtocolServiceGrpc$RaftServerProtocolServiceBlockingStub.requestVote(RaftServerProtocolServiceGrpc.java:265)
	at org.apache.ratis.grpc.server.GrpcServerProtocolClient.requestVote(GrpcServerProtocolClient.java:99)
	at org.apache.ratis.grpc.server.GrpcService.requestVote(GrpcService.java:204)
	at org.apache.ratis.server.impl.LeaderElection.lambda$submitRequests$1(LeaderElection.java:234)
	at java.util.concurrent.FutureTask.run(FutureTask.java:266)
	at java.util.concurrent.Executors$RunnableAdapter.call(Executors.java:511)
	at java.util.concurrent.FutureTask.run(FutureTask.java:266)
	at java.util.concurrent.ThreadPoolExecutor.runWorker(ThreadPoolExecutor.java:1149)
	at java.util.concurrent.ThreadPoolExecutor$Worker.run(ThreadPoolExecutor.java:624)
	... 1 more
Caused by: org.apache.ratis.thirdparty.io.netty.channel.AbstractChannel$AnnotatedConnectException: Connection refused: /192.168.157.254:45339
	at sun.nio.ch.SocketChannelImpl.checkConnect(Native Method)
	at sun.nio.ch.SocketChannelImpl.finishConnect(SocketChannelImpl.java:717)
	at org.apache.ratis.thirdparty.io.netty.channel.socket.nio.NioSocketChannel.doFinishConnect(NioSocketChannel.java:327)
	at org.apache.ratis.thirdparty.io.netty.channel.nio.AbstractNioChannel$AbstractNioUnsafe.finishConnect(AbstractNioChannel.java:340)
	at org.apache.ratis.thirdparty.io.netty.channel.nio.NioEventLoop.processSelectedKey(NioEventLoop.java:632)
	at org.apache.ratis.thirdparty.io.netty.channel.nio.NioEventLoop.processSelectedKeysOptimized(NioEventLoop.java:579)
	at org.apache.ratis.thirdparty.io.netty.channel.nio.NioEventLoop.processSelectedKeys(NioEventLoop.java:496)
	at org.apache.ratis.thirdparty.io.netty.channel.nio.NioEventLoop.run(NioEventLoop.java:458)
	at org.apache.ratis.thirdparty.io.netty.util.concurrent.SingleThreadEventExecutor$5.run(SingleThreadEventExecutor.java:897)
	at org.apache.ratis.thirdparty.io.netty.util.concurrent.FastThreadLocalRunnable.run(FastThreadLocalRunnable.java:30)
	... 1 more
Caused by: java.net.ConnectException: Connection refused
	... 11 more
2019-10-16 21:12:20,463 [52743044-8979-4a08-8013-92a14c548982@group-146C50BE7901-LeaderElection288] INFO  impl.LeaderElection (LogUtils.java:infoOrTrace(149)) -   Exception 1: {}
java.util.concurrent.ExecutionException: org.apache.ratis.thirdparty.io.grpc.StatusRuntimeException: UNAVAILABLE: io exception
	at java.util.concurrent.FutureTask.report(FutureTask.java:122)
	at java.util.concurrent.FutureTask.get(FutureTask.java:192)
	at org.apache.ratis.server.impl.LeaderElection.waitForResults(LeaderElection.java:259)
	at org.apache.ratis.server.impl.LeaderElection.askForVotes(LeaderElection.java:197)
	at org.apache.ratis.server.impl.LeaderElection.run(LeaderElection.java:133)
	at java.lang.Thread.run(Thread.java:748)
Caused by: org.apache.ratis.thirdparty.io.grpc.StatusRuntimeException: UNAVAILABLE: io exception
	at org.apache.ratis.thirdparty.io.grpc.stub.ClientCalls.toStatusRuntimeException(ClientCalls.java:233)
	at org.apache.ratis.thirdparty.io.grpc.stub.ClientCalls.getUnchecked(ClientCalls.java:214)
	at org.apache.ratis.thirdparty.io.grpc.stub.ClientCalls.blockingUnaryCall(ClientCalls.java:139)
	at org.apache.ratis.proto.grpc.RaftServerProtocolServiceGrpc$RaftServerProtocolServiceBlockingStub.requestVote(RaftServerProtocolServiceGrpc.java:265)
	at org.apache.ratis.grpc.server.GrpcServerProtocolClient.requestVote(GrpcServerProtocolClient.java:99)
	at org.apache.ratis.grpc.server.GrpcService.requestVote(GrpcService.java:204)
	at org.apache.ratis.server.impl.LeaderElection.lambda$submitRequests$1(LeaderElection.java:234)
	at java.util.concurrent.FutureTask.run(FutureTask.java:266)
	at java.util.concurrent.Executors$RunnableAdapter.call(Executors.java:511)
	at java.util.concurrent.FutureTask.run(FutureTask.java:266)
	at java.util.concurrent.ThreadPoolExecutor.runWorker(ThreadPoolExecutor.java:1149)
	at java.util.concurrent.ThreadPoolExecutor$Worker.run(ThreadPoolExecutor.java:624)
	... 1 more
Caused by: org.apache.ratis.thirdparty.io.netty.channel.AbstractChannel$AnnotatedConnectException: Connection refused: /192.168.157.254:37466
	at sun.nio.ch.SocketChannelImpl.checkConnect(Native Method)
	at sun.nio.ch.SocketChannelImpl.finishConnect(SocketChannelImpl.java:717)
	at org.apache.ratis.thirdparty.io.netty.channel.socket.nio.NioSocketChannel.doFinishConnect(NioSocketChannel.java:327)
	at org.apache.ratis.thirdparty.io.netty.channel.nio.AbstractNioChannel$AbstractNioUnsafe.finishConnect(AbstractNioChannel.java:340)
	at org.apache.ratis.thirdparty.io.netty.channel.nio.NioEventLoop.processSelectedKey(NioEventLoop.java:632)
	at org.apache.ratis.thirdparty.io.netty.channel.nio.NioEventLoop.processSelectedKeysOptimized(NioEventLoop.java:579)
	at org.apache.ratis.thirdparty.io.netty.channel.nio.NioEventLoop.processSelectedKeys(NioEventLoop.java:496)
	at org.apache.ratis.thirdparty.io.netty.channel.nio.NioEventLoop.run(NioEventLoop.java:458)
	at org.apache.ratis.thirdparty.io.netty.util.concurrent.SingleThreadEventExecutor$5.run(SingleThreadEventExecutor.java:897)
	at org.apache.ratis.thirdparty.io.netty.util.concurrent.FastThreadLocalRunnable.run(FastThreadLocalRunnable.java:30)
	... 1 more
Caused by: java.net.ConnectException: Connection refused
	... 11 more
2019-10-16 21:12:20,463 [52743044-8979-4a08-8013-92a14c548982@group-146C50BE7901-LeaderElection288] INFO  impl.RaftServerImpl (RaftServerImpl.java:setRole(184)) - 52743044-8979-4a08-8013-92a14c548982@group-146C50BE7901: changes role from CANDIDATE to FOLLOWER at term 345 for DISCOVERED_A_NEW_TERM
2019-10-16 21:12:20,463 [52743044-8979-4a08-8013-92a14c548982@group-146C50BE7901-LeaderElection288] INFO  impl.RoleInfo (RoleInfo.java:shutdownLeaderElection(134)) - 52743044-8979-4a08-8013-92a14c548982: shutdown LeaderElection
2019-10-16 21:12:20,463 [52743044-8979-4a08-8013-92a14c548982@group-146C50BE7901-LeaderElection288] INFO  impl.RoleInfo (RoleInfo.java:updateAndGet(143)) - 52743044-8979-4a08-8013-92a14c548982: start FollowerState
2019-10-16 21:12:20,589 [Thread-2196] INFO  impl.FollowerState (FollowerState.java:run(108)) - 52743044-8979-4a08-8013-92a14c548982@group-146C50BE7901-FollowerState: change to CANDIDATE, lastRpcTime:125ms, electionTimeout:125ms
2019-10-16 21:12:20,589 [Thread-2196] INFO  impl.RoleInfo (RoleInfo.java:shutdownFollowerState(121)) - 52743044-8979-4a08-8013-92a14c548982: shutdown FollowerState
2019-10-16 21:12:20,589 [Thread-2196] INFO  impl.RaftServerImpl (RaftServerImpl.java:setRole(184)) - 52743044-8979-4a08-8013-92a14c548982@group-146C50BE7901: changes role from  FOLLOWER to CANDIDATE at term 345 for changeToCandidate
2019-10-16 21:12:20,589 [Thread-2196] INFO  impl.RoleInfo (RoleInfo.java:updateAndGet(143)) - 52743044-8979-4a08-8013-92a14c548982: start LeaderElection
2019-10-16 21:12:20,640 [52743044-8979-4a08-8013-92a14c548982@group-146C50BE7901-LeaderElection289] INFO  impl.LeaderElection (LeaderElection.java:askForVotes(178)) - 52743044-8979-4a08-8013-92a14c548982@group-146C50BE7901-LeaderElection289: begin an election at term 346 for -1: [904f39be-c3d3-4df4-99c0-2e4526e577e3:192.168.157.254:45339, 52743044-8979-4a08-8013-92a14c548982:192.168.157.254:36428, 65da0c80-3604-4ac2-9a39-ee88d748a153:192.168.157.254:37466], old=null
2019-10-16 21:12:20,641 [52743044-8979-4a08-8013-92a14c548982@group-146C50BE7901-LeaderElection289] INFO  impl.LeaderElection (LogUtils.java:infoOrTrace(149)) - 52743044-8979-4a08-8013-92a14c548982@group-146C50BE7901-LeaderElection289 got exception when requesting votes: {}
java.util.concurrent.ExecutionException: org.apache.ratis.thirdparty.io.grpc.StatusRuntimeException: UNAVAILABLE: io exception
	at java.util.concurrent.FutureTask.report(FutureTask.java:122)
	at java.util.concurrent.FutureTask.get(FutureTask.java:192)
	at org.apache.ratis.server.impl.LeaderElection.waitForResults(LeaderElection.java:259)
	at org.apache.ratis.server.impl.LeaderElection.askForVotes(LeaderElection.java:197)
	at org.apache.ratis.server.impl.LeaderElection.run(LeaderElection.java:133)
	at java.lang.Thread.run(Thread.java:748)
Caused by: org.apache.ratis.thirdparty.io.grpc.StatusRuntimeException: UNAVAILABLE: io exception
	at org.apache.ratis.thirdparty.io.grpc.stub.ClientCalls.toStatusRuntimeException(ClientCalls.java:233)
	at org.apache.ratis.thirdparty.io.grpc.stub.ClientCalls.getUnchecked(ClientCalls.java:214)
	at org.apache.ratis.thirdparty.io.grpc.stub.ClientCalls.blockingUnaryCall(ClientCalls.java:139)
	at org.apache.ratis.proto.grpc.RaftServerProtocolServiceGrpc$RaftServerProtocolServiceBlockingStub.requestVote(RaftServerProtocolServiceGrpc.java:265)
	at org.apache.ratis.grpc.server.GrpcServerProtocolClient.requestVote(GrpcServerProtocolClient.java:99)
	at org.apache.ratis.grpc.server.GrpcService.requestVote(GrpcService.java:204)
	at org.apache.ratis.server.impl.LeaderElection.lambda$submitRequests$1(LeaderElection.java:234)
	at java.util.concurrent.FutureTask.run(FutureTask.java:266)
	at java.util.concurrent.Executors$RunnableAdapter.call(Executors.java:511)
	at java.util.concurrent.FutureTask.run(FutureTask.java:266)
	at java.util.concurrent.ThreadPoolExecutor.runWorker(ThreadPoolExecutor.java:1149)
	at java.util.concurrent.ThreadPoolExecutor$Worker.run(ThreadPoolExecutor.java:624)
	... 1 more
Caused by: org.apache.ratis.thirdparty.io.netty.channel.AbstractChannel$AnnotatedConnectException: Connection refused: /192.168.157.254:37466
	at sun.nio.ch.SocketChannelImpl.checkConnect(Native Method)
	at sun.nio.ch.SocketChannelImpl.finishConnect(SocketChannelImpl.java:717)
	at org.apache.ratis.thirdparty.io.netty.channel.socket.nio.NioSocketChannel.doFinishConnect(NioSocketChannel.java:327)
	at org.apache.ratis.thirdparty.io.netty.channel.nio.AbstractNioChannel$AbstractNioUnsafe.finishConnect(AbstractNioChannel.java:340)
	at org.apache.ratis.thirdparty.io.netty.channel.nio.NioEventLoop.processSelectedKey(NioEventLoop.java:632)
	at org.apache.ratis.thirdparty.io.netty.channel.nio.NioEventLoop.processSelectedKeysOptimized(NioEventLoop.java:579)
	at org.apache.ratis.thirdparty.io.netty.channel.nio.NioEventLoop.processSelectedKeys(NioEventLoop.java:496)
	at org.apache.ratis.thirdparty.io.netty.channel.nio.NioEventLoop.run(NioEventLoop.java:458)
	at org.apache.ratis.thirdparty.io.netty.util.concurrent.SingleThreadEventExecutor$5.run(SingleThreadEventExecutor.java:897)
	at org.apache.ratis.thirdparty.io.netty.util.concurrent.FastThreadLocalRunnable.run(FastThreadLocalRunnable.java:30)
	... 1 more
Caused by: java.net.ConnectException: Connection refused
	... 11 more
2019-10-16 21:12:20,643 [52743044-8979-4a08-8013-92a14c548982@group-146C50BE7901-LeaderElection289] INFO  impl.LeaderElection (LogUtils.java:infoOrTrace(149)) - 52743044-8979-4a08-8013-92a14c548982@group-146C50BE7901-LeaderElection289 got exception when requesting votes: {}
java.util.concurrent.ExecutionException: org.apache.ratis.thirdparty.io.grpc.StatusRuntimeException: UNAVAILABLE: io exception
	at java.util.concurrent.FutureTask.report(FutureTask.java:122)
	at java.util.concurrent.FutureTask.get(FutureTask.java:192)
	at org.apache.ratis.server.impl.LeaderElection.waitForResults(LeaderElection.java:259)
	at org.apache.ratis.server.impl.LeaderElection.askForVotes(LeaderElection.java:197)
	at org.apache.ratis.server.impl.LeaderElection.run(LeaderElection.java:133)
	at java.lang.Thread.run(Thread.java:748)
Caused by: org.apache.ratis.thirdparty.io.grpc.StatusRuntimeException: UNAVAILABLE: io exception
	at org.apache.ratis.thirdparty.io.grpc.stub.ClientCalls.toStatusRuntimeException(ClientCalls.java:233)
	at org.apache.ratis.thirdparty.io.grpc.stub.ClientCalls.getUnchecked(ClientCalls.java:214)
	at org.apache.ratis.thirdparty.io.grpc.stub.ClientCalls.blockingUnaryCall(ClientCalls.java:139)
	at org.apache.ratis.proto.grpc.RaftServerProtocolServiceGrpc$RaftServerProtocolServiceBlockingStub.requestVote(RaftServerProtocolServiceGrpc.java:265)
	at org.apache.ratis.grpc.server.GrpcServerProtocolClient.requestVote(GrpcServerProtocolClient.java:99)
	at org.apache.ratis.grpc.server.GrpcService.requestVote(GrpcService.java:204)
	at org.apache.ratis.server.impl.LeaderElection.lambda$submitRequests$1(LeaderElection.java:234)
	at java.util.concurrent.FutureTask.run(FutureTask.java:266)
	at java.util.concurrent.Executors$RunnableAdapter.call(Executors.java:511)
	at java.util.concurrent.FutureTask.run(FutureTask.java:266)
	at java.util.concurrent.ThreadPoolExecutor.runWorker(ThreadPoolExecutor.java:1149)
	at java.util.concurrent.ThreadPoolExecutor$Worker.run(ThreadPoolExecutor.java:624)
	... 1 more
Caused by: org.apache.ratis.thirdparty.io.netty.channel.AbstractChannel$AnnotatedConnectException: Connection refused: /192.168.157.254:45339
	at sun.nio.ch.SocketChannelImpl.checkConnect(Native Method)
	at sun.nio.ch.SocketChannelImpl.finishConnect(SocketChannelImpl.java:717)
	at org.apache.ratis.thirdparty.io.netty.channel.socket.nio.NioSocketChannel.doFinishConnect(NioSocketChannel.java:327)
	at org.apache.ratis.thirdparty.io.netty.channel.nio.AbstractNioChannel$AbstractNioUnsafe.finishConnect(AbstractNioChannel.java:340)
	at org.apache.ratis.thirdparty.io.netty.channel.nio.NioEventLoop.processSelectedKey(NioEventLoop.java:632)
	at org.apache.ratis.thirdparty.io.netty.channel.nio.NioEventLoop.processSelectedKeysOptimized(NioEventLoop.java:579)
	at org.apache.ratis.thirdparty.io.netty.channel.nio.NioEventLoop.processSelectedKeys(NioEventLoop.java:496)
	at org.apache.ratis.thirdparty.io.netty.channel.nio.NioEventLoop.run(NioEventLoop.java:458)
	at org.apache.ratis.thirdparty.io.netty.util.concurrent.SingleThreadEventExecutor$5.run(SingleThreadEventExecutor.java:897)
	at org.apache.ratis.thirdparty.io.netty.util.concurrent.FastThreadLocalRunnable.run(FastThreadLocalRunnable.java:30)
	... 1 more
Caused by: java.net.ConnectException: Connection refused
	... 11 more
2019-10-16 21:12:20,644 [52743044-8979-4a08-8013-92a14c548982@group-146C50BE7901-LeaderElection289] INFO  impl.LeaderElection (LeaderElection.java:logAndReturn(56)) - 52743044-8979-4a08-8013-92a14c548982@group-146C50BE7901-LeaderElection289: Election REJECTED; received 0 response(s) [] and 2 exception(s); 52743044-8979-4a08-8013-92a14c548982@group-146C50BE7901:t346, leader=null, voted=52743044-8979-4a08-8013-92a14c548982, raftlog=52743044-8979-4a08-8013-92a14c548982@group-146C50BE7901-SegmentedRaftLog:OPENED:c-1,f-1,i0, conf=-1: [904f39be-c3d3-4df4-99c0-2e4526e577e3:192.168.157.254:45339, 52743044-8979-4a08-8013-92a14c548982:192.168.157.254:36428, 65da0c80-3604-4ac2-9a39-ee88d748a153:192.168.157.254:37466], old=null
2019-10-16 21:12:20,644 [52743044-8979-4a08-8013-92a14c548982@group-146C50BE7901-LeaderElection289] INFO  impl.LeaderElection (LogUtils.java:infoOrTrace(149)) -   Exception 0: {}
java.util.concurrent.ExecutionException: org.apache.ratis.thirdparty.io.grpc.StatusRuntimeException: UNAVAILABLE: io exception
	at java.util.concurrent.FutureTask.report(FutureTask.java:122)
	at java.util.concurrent.FutureTask.get(FutureTask.java:192)
	at org.apache.ratis.server.impl.LeaderElection.waitForResults(LeaderElection.java:259)
	at org.apache.ratis.server.impl.LeaderElection.askForVotes(LeaderElection.java:197)
	at org.apache.ratis.server.impl.LeaderElection.run(LeaderElection.java:133)
	at java.lang.Thread.run(Thread.java:748)
Caused by: org.apache.ratis.thirdparty.io.grpc.StatusRuntimeException: UNAVAILABLE: io exception
	at org.apache.ratis.thirdparty.io.grpc.stub.ClientCalls.toStatusRuntimeException(ClientCalls.java:233)
	at org.apache.ratis.thirdparty.io.grpc.stub.ClientCalls.getUnchecked(ClientCalls.java:214)
	at org.apache.ratis.thirdparty.io.grpc.stub.ClientCalls.blockingUnaryCall(ClientCalls.java:139)
	at org.apache.ratis.proto.grpc.RaftServerProtocolServiceGrpc$RaftServerProtocolServiceBlockingStub.requestVote(RaftServerProtocolServiceGrpc.java:265)
	at org.apache.ratis.grpc.server.GrpcServerProtocolClient.requestVote(GrpcServerProtocolClient.java:99)
	at org.apache.ratis.grpc.server.GrpcService.requestVote(GrpcService.java:204)
	at org.apache.ratis.server.impl.LeaderElection.lambda$submitRequests$1(LeaderElection.java:234)
	at java.util.concurrent.FutureTask.run(FutureTask.java:266)
	at java.util.concurrent.Executors$RunnableAdapter.call(Executors.java:511)
	at java.util.concurrent.FutureTask.run(FutureTask.java:266)
	at java.util.concurrent.ThreadPoolExecutor.runWorker(ThreadPoolExecutor.java:1149)
	at java.util.concurrent.ThreadPoolExecutor$Worker.run(ThreadPoolExecutor.java:624)
	... 1 more
Caused by: org.apache.ratis.thirdparty.io.netty.channel.AbstractChannel$AnnotatedConnectException: Connection refused: /192.168.157.254:37466
	at sun.nio.ch.SocketChannelImpl.checkConnect(Native Method)
	at sun.nio.ch.SocketChannelImpl.finishConnect(SocketChannelImpl.java:717)
	at org.apache.ratis.thirdparty.io.netty.channel.socket.nio.NioSocketChannel.doFinishConnect(NioSocketChannel.java:327)
	at org.apache.ratis.thirdparty.io.netty.channel.nio.AbstractNioChannel$AbstractNioUnsafe.finishConnect(AbstractNioChannel.java:340)
	at org.apache.ratis.thirdparty.io.netty.channel.nio.NioEventLoop.processSelectedKey(NioEventLoop.java:632)
	at org.apache.ratis.thirdparty.io.netty.channel.nio.NioEventLoop.processSelectedKeysOptimized(NioEventLoop.java:579)
	at org.apache.ratis.thirdparty.io.netty.channel.nio.NioEventLoop.processSelectedKeys(NioEventLoop.java:496)
	at org.apache.ratis.thirdparty.io.netty.channel.nio.NioEventLoop.run(NioEventLoop.java:458)
	at org.apache.ratis.thirdparty.io.netty.util.concurrent.SingleThreadEventExecutor$5.run(SingleThreadEventExecutor.java:897)
	at org.apache.ratis.thirdparty.io.netty.util.concurrent.FastThreadLocalRunnable.run(FastThreadLocalRunnable.java:30)
	... 1 more
Caused by: java.net.ConnectException: Connection refused
	... 11 more
2019-10-16 21:12:20,644 [52743044-8979-4a08-8013-92a14c548982@group-146C50BE7901-LeaderElection289] INFO  impl.LeaderElection (LogUtils.java:infoOrTrace(149)) -   Exception 1: {}
java.util.concurrent.ExecutionException: org.apache.ratis.thirdparty.io.grpc.StatusRuntimeException: UNAVAILABLE: io exception
	at java.util.concurrent.FutureTask.report(FutureTask.java:122)
	at java.util.concurrent.FutureTask.get(FutureTask.java:192)
	at org.apache.ratis.server.impl.LeaderElection.waitForResults(LeaderElection.java:259)
	at org.apache.ratis.server.impl.LeaderElection.askForVotes(LeaderElection.java:197)
	at org.apache.ratis.server.impl.LeaderElection.run(LeaderElection.java:133)
	at java.lang.Thread.run(Thread.java:748)
Caused by: org.apache.ratis.thirdparty.io.grpc.StatusRuntimeException: UNAVAILABLE: io exception
	at org.apache.ratis.thirdparty.io.grpc.stub.ClientCalls.toStatusRuntimeException(ClientCalls.java:233)
	at org.apache.ratis.thirdparty.io.grpc.stub.ClientCalls.getUnchecked(ClientCalls.java:214)
	at org.apache.ratis.thirdparty.io.grpc.stub.ClientCalls.blockingUnaryCall(ClientCalls.java:139)
	at org.apache.ratis.proto.grpc.RaftServerProtocolServiceGrpc$RaftServerProtocolServiceBlockingStub.requestVote(RaftServerProtocolServiceGrpc.java:265)
	at org.apache.ratis.grpc.server.GrpcServerProtocolClient.requestVote(GrpcServerProtocolClient.java:99)
	at org.apache.ratis.grpc.server.GrpcService.requestVote(GrpcService.java:204)
	at org.apache.ratis.server.impl.LeaderElection.lambda$submitRequests$1(LeaderElection.java:234)
	at java.util.concurrent.FutureTask.run(FutureTask.java:266)
	at java.util.concurrent.Executors$RunnableAdapter.call(Executors.java:511)
	at java.util.concurrent.FutureTask.run(FutureTask.java:266)
	at java.util.concurrent.ThreadPoolExecutor.runWorker(ThreadPoolExecutor.java:1149)
	at java.util.concurrent.ThreadPoolExecutor$Worker.run(ThreadPoolExecutor.java:624)
	... 1 more
Caused by: org.apache.ratis.thirdparty.io.netty.channel.AbstractChannel$AnnotatedConnectException: Connection refused: /192.168.157.254:45339
	at sun.nio.ch.SocketChannelImpl.checkConnect(Native Method)
	at sun.nio.ch.SocketChannelImpl.finishConnect(SocketChannelImpl.java:717)
	at org.apache.ratis.thirdparty.io.netty.channel.socket.nio.NioSocketChannel.doFinishConnect(NioSocketChannel.java:327)
	at org.apache.ratis.thirdparty.io.netty.channel.nio.AbstractNioChannel$AbstractNioUnsafe.finishConnect(AbstractNioChannel.java:340)
	at org.apache.ratis.thirdparty.io.netty.channel.nio.NioEventLoop.processSelectedKey(NioEventLoop.java:632)
	at org.apache.ratis.thirdparty.io.netty.channel.nio.NioEventLoop.processSelectedKeysOptimized(NioEventLoop.java:579)
	at org.apache.ratis.thirdparty.io.netty.channel.nio.NioEventLoop.processSelectedKeys(NioEventLoop.java:496)
	at org.apache.ratis.thirdparty.io.netty.channel.nio.NioEventLoop.run(NioEventLoop.java:458)
	at org.apache.ratis.thirdparty.io.netty.util.concurrent.SingleThreadEventExecutor$5.run(SingleThreadEventExecutor.java:897)
	at org.apache.ratis.thirdparty.io.netty.util.concurrent.FastThreadLocalRunnable.run(FastThreadLocalRunnable.java:30)
	... 1 more
Caused by: java.net.ConnectException: Connection refused
	... 11 more
2019-10-16 21:12:20,645 [52743044-8979-4a08-8013-92a14c548982@group-146C50BE7901-LeaderElection289] INFO  impl.RaftServerImpl (RaftServerImpl.java:setRole(184)) - 52743044-8979-4a08-8013-92a14c548982@group-146C50BE7901: changes role from CANDIDATE to FOLLOWER at term 346 for DISCOVERED_A_NEW_TERM
2019-10-16 21:12:20,645 [52743044-8979-4a08-8013-92a14c548982@group-146C50BE7901-LeaderElection289] INFO  impl.RoleInfo (RoleInfo.java:shutdownLeaderElection(134)) - 52743044-8979-4a08-8013-92a14c548982: shutdown LeaderElection
2019-10-16 21:12:20,645 [52743044-8979-4a08-8013-92a14c548982@group-146C50BE7901-LeaderElection289] INFO  impl.RoleInfo (RoleInfo.java:updateAndGet(143)) - 52743044-8979-4a08-8013-92a14c548982: start FollowerState
2019-10-16 21:12:20,782 [Thread-2200] INFO  impl.FollowerState (FollowerState.java:run(108)) - 52743044-8979-4a08-8013-92a14c548982@group-146C50BE7901-FollowerState: change to CANDIDATE, lastRpcTime:137ms, electionTimeout:137ms
2019-10-16 21:12:20,782 [Thread-2200] INFO  impl.RoleInfo (RoleInfo.java:shutdownFollowerState(121)) - 52743044-8979-4a08-8013-92a14c548982: shutdown FollowerState
2019-10-16 21:12:20,783 [Thread-2200] INFO  impl.RaftServerImpl (RaftServerImpl.java:setRole(184)) - 52743044-8979-4a08-8013-92a14c548982@group-146C50BE7901: changes role from  FOLLOWER to CANDIDATE at term 346 for changeToCandidate
2019-10-16 21:12:20,783 [Thread-2200] INFO  impl.RoleInfo (RoleInfo.java:updateAndGet(143)) - 52743044-8979-4a08-8013-92a14c548982: start LeaderElection
2019-10-16 21:12:20,862 [52743044-8979-4a08-8013-92a14c548982@group-146C50BE7901-LeaderElection290] INFO  impl.LeaderElection (LeaderElection.java:askForVotes(178)) - 52743044-8979-4a08-8013-92a14c548982@group-146C50BE7901-LeaderElection290: begin an election at term 347 for -1: [904f39be-c3d3-4df4-99c0-2e4526e577e3:192.168.157.254:45339, 52743044-8979-4a08-8013-92a14c548982:192.168.157.254:36428, 65da0c80-3604-4ac2-9a39-ee88d748a153:192.168.157.254:37466], old=null
2019-10-16 21:12:20,864 [52743044-8979-4a08-8013-92a14c548982@group-146C50BE7901-LeaderElection290] INFO  impl.LeaderElection (LogUtils.java:infoOrTrace(149)) - 52743044-8979-4a08-8013-92a14c548982@group-146C50BE7901-LeaderElection290 got exception when requesting votes: {}
java.util.concurrent.ExecutionException: org.apache.ratis.thirdparty.io.grpc.StatusRuntimeException: UNAVAILABLE: io exception
	at java.util.concurrent.FutureTask.report(FutureTask.java:122)
	at java.util.concurrent.FutureTask.get(FutureTask.java:192)
	at org.apache.ratis.server.impl.LeaderElection.waitForResults(LeaderElection.java:259)
	at org.apache.ratis.server.impl.LeaderElection.askForVotes(LeaderElection.java:197)
	at org.apache.ratis.server.impl.LeaderElection.run(LeaderElection.java:133)
	at java.lang.Thread.run(Thread.java:748)
Caused by: org.apache.ratis.thirdparty.io.grpc.StatusRuntimeException: UNAVAILABLE: io exception
	at org.apache.ratis.thirdparty.io.grpc.stub.ClientCalls.toStatusRuntimeException(ClientCalls.java:233)
	at org.apache.ratis.thirdparty.io.grpc.stub.ClientCalls.getUnchecked(ClientCalls.java:214)
	at org.apache.ratis.thirdparty.io.grpc.stub.ClientCalls.blockingUnaryCall(ClientCalls.java:139)
	at org.apache.ratis.proto.grpc.RaftServerProtocolServiceGrpc$RaftServerProtocolServiceBlockingStub.requestVote(RaftServerProtocolServiceGrpc.java:265)
	at org.apache.ratis.grpc.server.GrpcServerProtocolClient.requestVote(GrpcServerProtocolClient.java:99)
	at org.apache.ratis.grpc.server.GrpcService.requestVote(GrpcService.java:204)
	at org.apache.ratis.server.impl.LeaderElection.lambda$submitRequests$1(LeaderElection.java:234)
	at java.util.concurrent.FutureTask.run(FutureTask.java:266)
	at java.util.concurrent.Executors$RunnableAdapter.call(Executors.java:511)
	at java.util.concurrent.FutureTask.run(FutureTask.java:266)
	at java.util.concurrent.ThreadPoolExecutor.runWorker(ThreadPoolExecutor.java:1149)
	at java.util.concurrent.ThreadPoolExecutor$Worker.run(ThreadPoolExecutor.java:624)
	... 1 more
Caused by: org.apache.ratis.thirdparty.io.netty.channel.AbstractChannel$AnnotatedConnectException: Connection refused: /192.168.157.254:45339
	at sun.nio.ch.SocketChannelImpl.checkConnect(Native Method)
	at sun.nio.ch.SocketChannelImpl.finishConnect(SocketChannelImpl.java:717)
	at org.apache.ratis.thirdparty.io.netty.channel.socket.nio.NioSocketChannel.doFinishConnect(NioSocketChannel.java:327)
	at org.apache.ratis.thirdparty.io.netty.channel.nio.AbstractNioChannel$AbstractNioUnsafe.finishConnect(AbstractNioChannel.java:340)
	at org.apache.ratis.thirdparty.io.netty.channel.nio.NioEventLoop.processSelectedKey(NioEventLoop.java:632)
	at org.apache.ratis.thirdparty.io.netty.channel.nio.NioEventLoop.processSelectedKeysOptimized(NioEventLoop.java:579)
	at org.apache.ratis.thirdparty.io.netty.channel.nio.NioEventLoop.processSelectedKeys(NioEventLoop.java:496)
	at org.apache.ratis.thirdparty.io.netty.channel.nio.NioEventLoop.run(NioEventLoop.java:458)
	at org.apache.ratis.thirdparty.io.netty.util.concurrent.SingleThreadEventExecutor$5.run(SingleThreadEventExecutor.java:897)
	at org.apache.ratis.thirdparty.io.netty.util.concurrent.FastThreadLocalRunnable.run(FastThreadLocalRunnable.java:30)
	... 1 more
Caused by: java.net.ConnectException: Connection refused
	... 11 more
2019-10-16 21:12:20,865 [52743044-8979-4a08-8013-92a14c548982@group-146C50BE7901-LeaderElection290] INFO  impl.LeaderElection (LogUtils.java:infoOrTrace(149)) - 52743044-8979-4a08-8013-92a14c548982@group-146C50BE7901-LeaderElection290 got exception when requesting votes: {}
java.util.concurrent.ExecutionException: org.apache.ratis.thirdparty.io.grpc.StatusRuntimeException: UNAVAILABLE: io exception
	at java.util.concurrent.FutureTask.report(FutureTask.java:122)
	at java.util.concurrent.FutureTask.get(FutureTask.java:192)
	at org.apache.ratis.server.impl.LeaderElection.waitForResults(LeaderElection.java:259)
	at org.apache.ratis.server.impl.LeaderElection.askForVotes(LeaderElection.java:197)
	at org.apache.ratis.server.impl.LeaderElection.run(LeaderElection.java:133)
	at java.lang.Thread.run(Thread.java:748)
Caused by: org.apache.ratis.thirdparty.io.grpc.StatusRuntimeException: UNAVAILABLE: io exception
	at org.apache.ratis.thirdparty.io.grpc.stub.ClientCalls.toStatusRuntimeException(ClientCalls.java:233)
	at org.apache.ratis.thirdparty.io.grpc.stub.ClientCalls.getUnchecked(ClientCalls.java:214)
	at org.apache.ratis.thirdparty.io.grpc.stub.ClientCalls.blockingUnaryCall(ClientCalls.java:139)
	at org.apache.ratis.proto.grpc.RaftServerProtocolServiceGrpc$RaftServerProtocolServiceBlockingStub.requestVote(RaftServerProtocolServiceGrpc.java:265)
	at org.apache.ratis.grpc.server.GrpcServerProtocolClient.requestVote(GrpcServerProtocolClient.java:99)
	at org.apache.ratis.grpc.server.GrpcService.requestVote(GrpcService.java:204)
	at org.apache.ratis.server.impl.LeaderElection.lambda$submitRequests$1(LeaderElection.java:234)
	at java.util.concurrent.FutureTask.run(FutureTask.java:266)
	at java.util.concurrent.Executors$RunnableAdapter.call(Executors.java:511)
	at java.util.concurrent.FutureTask.run(FutureTask.java:266)
	at java.util.concurrent.ThreadPoolExecutor.runWorker(ThreadPoolExecutor.java:1149)
	at java.util.concurrent.ThreadPoolExecutor$Worker.run(ThreadPoolExecutor.java:624)
	... 1 more
Caused by: org.apache.ratis.thirdparty.io.netty.channel.AbstractChannel$AnnotatedConnectException: Connection refused: /192.168.157.254:37466
	at sun.nio.ch.SocketChannelImpl.checkConnect(Native Method)
	at sun.nio.ch.SocketChannelImpl.finishConnect(SocketChannelImpl.java:717)
	at org.apache.ratis.thirdparty.io.netty.channel.socket.nio.NioSocketChannel.doFinishConnect(NioSocketChannel.java:327)
	at org.apache.ratis.thirdparty.io.netty.channel.nio.AbstractNioChannel$AbstractNioUnsafe.finishConnect(AbstractNioChannel.java:340)
	at org.apache.ratis.thirdparty.io.netty.channel.nio.NioEventLoop.processSelectedKey(NioEventLoop.java:632)
	at org.apache.ratis.thirdparty.io.netty.channel.nio.NioEventLoop.processSelectedKeysOptimized(NioEventLoop.java:579)
	at org.apache.ratis.thirdparty.io.netty.channel.nio.NioEventLoop.processSelectedKeys(NioEventLoop.java:496)
	at org.apache.ratis.thirdparty.io.netty.channel.nio.NioEventLoop.run(NioEventLoop.java:458)
	at org.apache.ratis.thirdparty.io.netty.util.concurrent.SingleThreadEventExecutor$5.run(SingleThreadEventExecutor.java:897)
	at org.apache.ratis.thirdparty.io.netty.util.concurrent.FastThreadLocalRunnable.run(FastThreadLocalRunnable.java:30)
	... 1 more
Caused by: java.net.ConnectException: Connection refused
	... 11 more
2019-10-16 21:12:20,866 [52743044-8979-4a08-8013-92a14c548982@group-146C50BE7901-LeaderElection290] INFO  impl.LeaderElection (LeaderElection.java:logAndReturn(56)) - 52743044-8979-4a08-8013-92a14c548982@group-146C50BE7901-LeaderElection290: Election REJECTED; received 0 response(s) [] and 2 exception(s); 52743044-8979-4a08-8013-92a14c548982@group-146C50BE7901:t347, leader=null, voted=52743044-8979-4a08-8013-92a14c548982, raftlog=52743044-8979-4a08-8013-92a14c548982@group-146C50BE7901-SegmentedRaftLog:OPENED:c-1,f-1,i0, conf=-1: [904f39be-c3d3-4df4-99c0-2e4526e577e3:192.168.157.254:45339, 52743044-8979-4a08-8013-92a14c548982:192.168.157.254:36428, 65da0c80-3604-4ac2-9a39-ee88d748a153:192.168.157.254:37466], old=null
2019-10-16 21:12:20,866 [52743044-8979-4a08-8013-92a14c548982@group-146C50BE7901-LeaderElection290] INFO  impl.LeaderElection (LogUtils.java:infoOrTrace(149)) -   Exception 0: {}
java.util.concurrent.ExecutionException: org.apache.ratis.thirdparty.io.grpc.StatusRuntimeException: UNAVAILABLE: io exception
	at java.util.concurrent.FutureTask.report(FutureTask.java:122)
	at java.util.concurrent.FutureTask.get(FutureTask.java:192)
	at org.apache.ratis.server.impl.LeaderElection.waitForResults(LeaderElection.java:259)
	at org.apache.ratis.server.impl.LeaderElection.askForVotes(LeaderElection.java:197)
	at org.apache.ratis.server.impl.LeaderElection.run(LeaderElection.java:133)
	at java.lang.Thread.run(Thread.java:748)
Caused by: org.apache.ratis.thirdparty.io.grpc.StatusRuntimeException: UNAVAILABLE: io exception
	at org.apache.ratis.thirdparty.io.grpc.stub.ClientCalls.toStatusRuntimeException(ClientCalls.java:233)
	at org.apache.ratis.thirdparty.io.grpc.stub.ClientCalls.getUnchecked(ClientCalls.java:214)
	at org.apache.ratis.thirdparty.io.grpc.stub.ClientCalls.blockingUnaryCall(ClientCalls.java:139)
	at org.apache.ratis.proto.grpc.RaftServerProtocolServiceGrpc$RaftServerProtocolServiceBlockingStub.requestVote(RaftServerProtocolServiceGrpc.java:265)
	at org.apache.ratis.grpc.server.GrpcServerProtocolClient.requestVote(GrpcServerProtocolClient.java:99)
	at org.apache.ratis.grpc.server.GrpcService.requestVote(GrpcService.java:204)
	at org.apache.ratis.server.impl.LeaderElection.lambda$submitRequests$1(LeaderElection.java:234)
	at java.util.concurrent.FutureTask.run(FutureTask.java:266)
	at java.util.concurrent.Executors$RunnableAdapter.call(Executors.java:511)
	at java.util.concurrent.FutureTask.run(FutureTask.java:266)
	at java.util.concurrent.ThreadPoolExecutor.runWorker(ThreadPoolExecutor.java:1149)
	at java.util.concurrent.ThreadPoolExecutor$Worker.run(ThreadPoolExecutor.java:624)
	... 1 more
Caused by: org.apache.ratis.thirdparty.io.netty.channel.AbstractChannel$AnnotatedConnectException: Connection refused: /192.168.157.254:45339
	at sun.nio.ch.SocketChannelImpl.checkConnect(Native Method)
	at sun.nio.ch.SocketChannelImpl.finishConnect(SocketChannelImpl.java:717)
	at org.apache.ratis.thirdparty.io.netty.channel.socket.nio.NioSocketChannel.doFinishConnect(NioSocketChannel.java:327)
	at org.apache.ratis.thirdparty.io.netty.channel.nio.AbstractNioChannel$AbstractNioUnsafe.finishConnect(AbstractNioChannel.java:340)
	at org.apache.ratis.thirdparty.io.netty.channel.nio.NioEventLoop.processSelectedKey(NioEventLoop.java:632)
	at org.apache.ratis.thirdparty.io.netty.channel.nio.NioEventLoop.processSelectedKeysOptimized(NioEventLoop.java:579)
	at org.apache.ratis.thirdparty.io.netty.channel.nio.NioEventLoop.processSelectedKeys(NioEventLoop.java:496)
	at org.apache.ratis.thirdparty.io.netty.channel.nio.NioEventLoop.run(NioEventLoop.java:458)
	at org.apache.ratis.thirdparty.io.netty.util.concurrent.SingleThreadEventExecutor$5.run(SingleThreadEventExecutor.java:897)
	at org.apache.ratis.thirdparty.io.netty.util.concurrent.FastThreadLocalRunnable.run(FastThreadLocalRunnable.java:30)
	... 1 more
Caused by: java.net.ConnectException: Connection refused
	... 11 more
2019-10-16 21:12:20,867 [52743044-8979-4a08-8013-92a14c548982@group-146C50BE7901-LeaderElection290] INFO  impl.LeaderElection (LogUtils.java:infoOrTrace(149)) -   Exception 1: {}
java.util.concurrent.ExecutionException: org.apache.ratis.thirdparty.io.grpc.StatusRuntimeException: UNAVAILABLE: io exception
	at java.util.concurrent.FutureTask.report(FutureTask.java:122)
	at java.util.concurrent.FutureTask.get(FutureTask.java:192)
	at org.apache.ratis.server.impl.LeaderElection.waitForResults(LeaderElection.java:259)
	at org.apache.ratis.server.impl.LeaderElection.askForVotes(LeaderElection.java:197)
	at org.apache.ratis.server.impl.LeaderElection.run(LeaderElection.java:133)
	at java.lang.Thread.run(Thread.java:748)
Caused by: org.apache.ratis.thirdparty.io.grpc.StatusRuntimeException: UNAVAILABLE: io exception
	at org.apache.ratis.thirdparty.io.grpc.stub.ClientCalls.toStatusRuntimeException(ClientCalls.java:233)
	at org.apache.ratis.thirdparty.io.grpc.stub.ClientCalls.getUnchecked(ClientCalls.java:214)
	at org.apache.ratis.thirdparty.io.grpc.stub.ClientCalls.blockingUnaryCall(ClientCalls.java:139)
	at org.apache.ratis.proto.grpc.RaftServerProtocolServiceGrpc$RaftServerProtocolServiceBlockingStub.requestVote(RaftServerProtocolServiceGrpc.java:265)
	at org.apache.ratis.grpc.server.GrpcServerProtocolClient.requestVote(GrpcServerProtocolClient.java:99)
	at org.apache.ratis.grpc.server.GrpcService.requestVote(GrpcService.java:204)
	at org.apache.ratis.server.impl.LeaderElection.lambda$submitRequests$1(LeaderElection.java:234)
	at java.util.concurrent.FutureTask.run(FutureTask.java:266)
	at java.util.concurrent.Executors$RunnableAdapter.call(Executors.java:511)
	at java.util.concurrent.FutureTask.run(FutureTask.java:266)
	at java.util.concurrent.ThreadPoolExecutor.runWorker(ThreadPoolExecutor.java:1149)
	at java.util.concurrent.ThreadPoolExecutor$Worker.run(ThreadPoolExecutor.java:624)
	... 1 more
Caused by: org.apache.ratis.thirdparty.io.netty.channel.AbstractChannel$AnnotatedConnectException: Connection refused: /192.168.157.254:37466
	at sun.nio.ch.SocketChannelImpl.checkConnect(Native Method)
	at sun.nio.ch.SocketChannelImpl.finishConnect(SocketChannelImpl.java:717)
	at org.apache.ratis.thirdparty.io.netty.channel.socket.nio.NioSocketChannel.doFinishConnect(NioSocketChannel.java:327)
	at org.apache.ratis.thirdparty.io.netty.channel.nio.AbstractNioChannel$AbstractNioUnsafe.finishConnect(AbstractNioChannel.java:340)
	at org.apache.ratis.thirdparty.io.netty.channel.nio.NioEventLoop.processSelectedKey(NioEventLoop.java:632)
	at org.apache.ratis.thirdparty.io.netty.channel.nio.NioEventLoop.processSelectedKeysOptimized(NioEventLoop.java:579)
	at org.apache.ratis.thirdparty.io.netty.channel.nio.NioEventLoop.processSelectedKeys(NioEventLoop.java:496)
	at org.apache.ratis.thirdparty.io.netty.channel.nio.NioEventLoop.run(NioEventLoop.java:458)
	at org.apache.ratis.thirdparty.io.netty.util.concurrent.SingleThreadEventExecutor$5.run(SingleThreadEventExecutor.java:897)
	at org.apache.ratis.thirdparty.io.netty.util.concurrent.FastThreadLocalRunnable.run(FastThreadLocalRunnable.java:30)
	... 1 more
Caused by: java.net.ConnectException: Connection refused
	... 11 more
2019-10-16 21:12:20,867 [52743044-8979-4a08-8013-92a14c548982@group-146C50BE7901-LeaderElection290] INFO  impl.RaftServerImpl (RaftServerImpl.java:setRole(184)) - 52743044-8979-4a08-8013-92a14c548982@group-146C50BE7901: changes role from CANDIDATE to FOLLOWER at term 347 for DISCOVERED_A_NEW_TERM
2019-10-16 21:12:20,867 [52743044-8979-4a08-8013-92a14c548982@group-146C50BE7901-LeaderElection290] INFO  impl.RoleInfo (RoleInfo.java:shutdownLeaderElection(134)) - 52743044-8979-4a08-8013-92a14c548982: shutdown LeaderElection
2019-10-16 21:12:20,867 [52743044-8979-4a08-8013-92a14c548982@group-146C50BE7901-LeaderElection290] INFO  impl.RoleInfo (RoleInfo.java:updateAndGet(143)) - 52743044-8979-4a08-8013-92a14c548982: start FollowerState
2019-10-16 21:12:21,037 [Thread-2204] INFO  impl.FollowerState (FollowerState.java:run(108)) - 52743044-8979-4a08-8013-92a14c548982@group-146C50BE7901-FollowerState: change to CANDIDATE, lastRpcTime:169ms, electionTimeout:169ms
2019-10-16 21:12:21,037 [Thread-2204] INFO  impl.RoleInfo (RoleInfo.java:shutdownFollowerState(121)) - 52743044-8979-4a08-8013-92a14c548982: shutdown FollowerState
2019-10-16 21:12:21,037 [Thread-2204] INFO  impl.RaftServerImpl (RaftServerImpl.java:setRole(184)) - 52743044-8979-4a08-8013-92a14c548982@group-146C50BE7901: changes role from  FOLLOWER to CANDIDATE at term 347 for changeToCandidate
2019-10-16 21:12:21,037 [Thread-2204] INFO  impl.RoleInfo (RoleInfo.java:updateAndGet(143)) - 52743044-8979-4a08-8013-92a14c548982: start LeaderElection
2019-10-16 21:12:21,065 [52743044-8979-4a08-8013-92a14c548982@group-146C50BE7901-LeaderElection291] INFO  impl.LeaderElection (LeaderElection.java:askForVotes(178)) - 52743044-8979-4a08-8013-92a14c548982@group-146C50BE7901-LeaderElection291: begin an election at term 348 for -1: [904f39be-c3d3-4df4-99c0-2e4526e577e3:192.168.157.254:45339, 52743044-8979-4a08-8013-92a14c548982:192.168.157.254:36428, 65da0c80-3604-4ac2-9a39-ee88d748a153:192.168.157.254:37466], old=null
2019-10-16 21:12:21,066 [52743044-8979-4a08-8013-92a14c548982@group-146C50BE7901-LeaderElection291] INFO  impl.LeaderElection (LogUtils.java:infoOrTrace(149)) - 52743044-8979-4a08-8013-92a14c548982@group-146C50BE7901-LeaderElection291 got exception when requesting votes: {}
java.util.concurrent.ExecutionException: org.apache.ratis.thirdparty.io.grpc.StatusRuntimeException: UNAVAILABLE: io exception
	at java.util.concurrent.FutureTask.report(FutureTask.java:122)
	at java.util.concurrent.FutureTask.get(FutureTask.java:192)
	at org.apache.ratis.server.impl.LeaderElection.waitForResults(LeaderElection.java:259)
	at org.apache.ratis.server.impl.LeaderElection.askForVotes(LeaderElection.java:197)
	at org.apache.ratis.server.impl.LeaderElection.run(LeaderElection.java:133)
	at java.lang.Thread.run(Thread.java:748)
Caused by: org.apache.ratis.thirdparty.io.grpc.StatusRuntimeException: UNAVAILABLE: io exception
	at org.apache.ratis.thirdparty.io.grpc.stub.ClientCalls.toStatusRuntimeException(ClientCalls.java:233)
	at org.apache.ratis.thirdparty.io.grpc.stub.ClientCalls.getUnchecked(ClientCalls.java:214)
	at org.apache.ratis.thirdparty.io.grpc.stub.ClientCalls.blockingUnaryCall(ClientCalls.java:139)
	at org.apache.ratis.proto.grpc.RaftServerProtocolServiceGrpc$RaftServerProtocolServiceBlockingStub.requestVote(RaftServerProtocolServiceGrpc.java:265)
	at org.apache.ratis.grpc.server.GrpcServerProtocolClient.requestVote(GrpcServerProtocolClient.java:99)
	at org.apache.ratis.grpc.server.GrpcService.requestVote(GrpcService.java:204)
	at org.apache.ratis.server.impl.LeaderElection.lambda$submitRequests$1(LeaderElection.java:234)
	at java.util.concurrent.FutureTask.run(FutureTask.java:266)
	at java.util.concurrent.Executors$RunnableAdapter.call(Executors.java:511)
	at java.util.concurrent.FutureTask.run(FutureTask.java:266)
	at java.util.concurrent.ThreadPoolExecutor.runWorker(ThreadPoolExecutor.java:1149)
	at java.util.concurrent.ThreadPoolExecutor$Worker.run(ThreadPoolExecutor.java:624)
	... 1 more
Caused by: org.apache.ratis.thirdparty.io.netty.channel.AbstractChannel$AnnotatedConnectException: Connection refused: /192.168.157.254:37466
	at sun.nio.ch.SocketChannelImpl.checkConnect(Native Method)
	at sun.nio.ch.SocketChannelImpl.finishConnect(SocketChannelImpl.java:717)
	at org.apache.ratis.thirdparty.io.netty.channel.socket.nio.NioSocketChannel.doFinishConnect(NioSocketChannel.java:327)
	at org.apache.ratis.thirdparty.io.netty.channel.nio.AbstractNioChannel$AbstractNioUnsafe.finishConnect(AbstractNioChannel.java:340)
	at org.apache.ratis.thirdparty.io.netty.channel.nio.NioEventLoop.processSelectedKey(NioEventLoop.java:632)
	at org.apache.ratis.thirdparty.io.netty.channel.nio.NioEventLoop.processSelectedKeysOptimized(NioEventLoop.java:579)
	at org.apache.ratis.thirdparty.io.netty.channel.nio.NioEventLoop.processSelectedKeys(NioEventLoop.java:496)
	at org.apache.ratis.thirdparty.io.netty.channel.nio.NioEventLoop.run(NioEventLoop.java:458)
	at org.apache.ratis.thirdparty.io.netty.util.concurrent.SingleThreadEventExecutor$5.run(SingleThreadEventExecutor.java:897)
	at org.apache.ratis.thirdparty.io.netty.util.concurrent.FastThreadLocalRunnable.run(FastThreadLocalRunnable.java:30)
	... 1 more
Caused by: java.net.ConnectException: Connection refused
	... 11 more
2019-10-16 21:12:21,069 [52743044-8979-4a08-8013-92a14c548982@group-146C50BE7901-LeaderElection291] INFO  impl.LeaderElection (LogUtils.java:infoOrTrace(149)) - 52743044-8979-4a08-8013-92a14c548982@group-146C50BE7901-LeaderElection291 got exception when requesting votes: {}
java.util.concurrent.ExecutionException: org.apache.ratis.thirdparty.io.grpc.StatusRuntimeException: UNAVAILABLE: io exception
	at java.util.concurrent.FutureTask.report(FutureTask.java:122)
	at java.util.concurrent.FutureTask.get(FutureTask.java:192)
	at org.apache.ratis.server.impl.LeaderElection.waitForResults(LeaderElection.java:259)
	at org.apache.ratis.server.impl.LeaderElection.askForVotes(LeaderElection.java:197)
	at org.apache.ratis.server.impl.LeaderElection.run(LeaderElection.java:133)
	at java.lang.Thread.run(Thread.java:748)
Caused by: org.apache.ratis.thirdparty.io.grpc.StatusRuntimeException: UNAVAILABLE: io exception
	at org.apache.ratis.thirdparty.io.grpc.stub.ClientCalls.toStatusRuntimeException(ClientCalls.java:233)
	at org.apache.ratis.thirdparty.io.grpc.stub.ClientCalls.getUnchecked(ClientCalls.java:214)
	at org.apache.ratis.thirdparty.io.grpc.stub.ClientCalls.blockingUnaryCall(ClientCalls.java:139)
	at org.apache.ratis.proto.grpc.RaftServerProtocolServiceGrpc$RaftServerProtocolServiceBlockingStub.requestVote(RaftServerProtocolServiceGrpc.java:265)
	at org.apache.ratis.grpc.server.GrpcServerProtocolClient.requestVote(GrpcServerProtocolClient.java:99)
	at org.apache.ratis.grpc.server.GrpcService.requestVote(GrpcService.java:204)
	at org.apache.ratis.server.impl.LeaderElection.lambda$submitRequests$1(LeaderElection.java:234)
	at java.util.concurrent.FutureTask.run(FutureTask.java:266)
	at java.util.concurrent.Executors$RunnableAdapter.call(Executors.java:511)
	at java.util.concurrent.FutureTask.run(FutureTask.java:266)
	at java.util.concurrent.ThreadPoolExecutor.runWorker(ThreadPoolExecutor.java:1149)
	at java.util.concurrent.ThreadPoolExecutor$Worker.run(ThreadPoolExecutor.java:624)
	... 1 more
Caused by: org.apache.ratis.thirdparty.io.netty.channel.AbstractChannel$AnnotatedConnectException: Connection refused: /192.168.157.254:45339
	at sun.nio.ch.SocketChannelImpl.checkConnect(Native Method)
	at sun.nio.ch.SocketChannelImpl.finishConnect(SocketChannelImpl.java:717)
	at org.apache.ratis.thirdparty.io.netty.channel.socket.nio.NioSocketChannel.doFinishConnect(NioSocketChannel.java:327)
	at org.apache.ratis.thirdparty.io.netty.channel.nio.AbstractNioChannel$AbstractNioUnsafe.finishConnect(AbstractNioChannel.java:340)
	at org.apache.ratis.thirdparty.io.netty.channel.nio.NioEventLoop.processSelectedKey(NioEventLoop.java:632)
	at org.apache.ratis.thirdparty.io.netty.channel.nio.NioEventLoop.processSelectedKeysOptimized(NioEventLoop.java:579)
	at org.apache.ratis.thirdparty.io.netty.channel.nio.NioEventLoop.processSelectedKeys(NioEventLoop.java:496)
	at org.apache.ratis.thirdparty.io.netty.channel.nio.NioEventLoop.run(NioEventLoop.java:458)
	at org.apache.ratis.thirdparty.io.netty.util.concurrent.SingleThreadEventExecutor$5.run(SingleThreadEventExecutor.java:897)
	at org.apache.ratis.thirdparty.io.netty.util.concurrent.FastThreadLocalRunnable.run(FastThreadLocalRunnable.java:30)
	... 1 more
Caused by: java.net.ConnectException: Connection refused
	... 11 more
2019-10-16 21:12:21,070 [52743044-8979-4a08-8013-92a14c548982@group-146C50BE7901-LeaderElection291] INFO  impl.LeaderElection (LeaderElection.java:logAndReturn(56)) - 52743044-8979-4a08-8013-92a14c548982@group-146C50BE7901-LeaderElection291: Election REJECTED; received 0 response(s) [] and 2 exception(s); 52743044-8979-4a08-8013-92a14c548982@group-146C50BE7901:t348, leader=null, voted=52743044-8979-4a08-8013-92a14c548982, raftlog=52743044-8979-4a08-8013-92a14c548982@group-146C50BE7901-SegmentedRaftLog:OPENED:c-1,f-1,i0, conf=-1: [904f39be-c3d3-4df4-99c0-2e4526e577e3:192.168.157.254:45339, 52743044-8979-4a08-8013-92a14c548982:192.168.157.254:36428, 65da0c80-3604-4ac2-9a39-ee88d748a153:192.168.157.254:37466], old=null
2019-10-16 21:12:21,070 [52743044-8979-4a08-8013-92a14c548982@group-146C50BE7901-LeaderElection291] INFO  impl.LeaderElection (LogUtils.java:infoOrTrace(149)) -   Exception 0: {}
java.util.concurrent.ExecutionException: org.apache.ratis.thirdparty.io.grpc.StatusRuntimeException: UNAVAILABLE: io exception
	at java.util.concurrent.FutureTask.report(FutureTask.java:122)
	at java.util.concurrent.FutureTask.get(FutureTask.java:192)
	at org.apache.ratis.server.impl.LeaderElection.waitForResults(LeaderElection.java:259)
	at org.apache.ratis.server.impl.LeaderElection.askForVotes(LeaderElection.java:197)
	at org.apache.ratis.server.impl.LeaderElection.run(LeaderElection.java:133)
	at java.lang.Thread.run(Thread.java:748)
Caused by: org.apache.ratis.thirdparty.io.grpc.StatusRuntimeException: UNAVAILABLE: io exception
	at org.apache.ratis.thirdparty.io.grpc.stub.ClientCalls.toStatusRuntimeException(ClientCalls.java:233)
	at org.apache.ratis.thirdparty.io.grpc.stub.ClientCalls.getUnchecked(ClientCalls.java:214)
	at org.apache.ratis.thirdparty.io.grpc.stub.ClientCalls.blockingUnaryCall(ClientCalls.java:139)
	at org.apache.ratis.proto.grpc.RaftServerProtocolServiceGrpc$RaftServerProtocolServiceBlockingStub.requestVote(RaftServerProtocolServiceGrpc.java:265)
	at org.apache.ratis.grpc.server.GrpcServerProtocolClient.requestVote(GrpcServerProtocolClient.java:99)
	at org.apache.ratis.grpc.server.GrpcService.requestVote(GrpcService.java:204)
	at org.apache.ratis.server.impl.LeaderElection.lambda$submitRequests$1(LeaderElection.java:234)
	at java.util.concurrent.FutureTask.run(FutureTask.java:266)
	at java.util.concurrent.Executors$RunnableAdapter.call(Executors.java:511)
	at java.util.concurrent.FutureTask.run(FutureTask.java:266)
	at java.util.concurrent.ThreadPoolExecutor.runWorker(ThreadPoolExecutor.java:1149)
	at java.util.concurrent.ThreadPoolExecutor$Worker.run(ThreadPoolExecutor.java:624)
	... 1 more
Caused by: org.apache.ratis.thirdparty.io.netty.channel.AbstractChannel$AnnotatedConnectException: Connection refused: /192.168.157.254:37466
	at sun.nio.ch.SocketChannelImpl.checkConnect(Native Method)
	at sun.nio.ch.SocketChannelImpl.finishConnect(SocketChannelImpl.java:717)
	at org.apache.ratis.thirdparty.io.netty.channel.socket.nio.NioSocketChannel.doFinishConnect(NioSocketChannel.java:327)
	at org.apache.ratis.thirdparty.io.netty.channel.nio.AbstractNioChannel$AbstractNioUnsafe.finishConnect(AbstractNioChannel.java:340)
	at org.apache.ratis.thirdparty.io.netty.channel.nio.NioEventLoop.processSelectedKey(NioEventLoop.java:632)
	at org.apache.ratis.thirdparty.io.netty.channel.nio.NioEventLoop.processSelectedKeysOptimized(NioEventLoop.java:579)
	at org.apache.ratis.thirdparty.io.netty.channel.nio.NioEventLoop.processSelectedKeys(NioEventLoop.java:496)
	at org.apache.ratis.thirdparty.io.netty.channel.nio.NioEventLoop.run(NioEventLoop.java:458)
	at org.apache.ratis.thirdparty.io.netty.util.concurrent.SingleThreadEventExecutor$5.run(SingleThreadEventExecutor.java:897)
	at org.apache.ratis.thirdparty.io.netty.util.concurrent.FastThreadLocalRunnable.run(FastThreadLocalRunnable.java:30)
	... 1 more
Caused by: java.net.ConnectException: Connection refused
	... 11 more
2019-10-16 21:12:21,070 [52743044-8979-4a08-8013-92a14c548982@group-146C50BE7901-LeaderElection291] INFO  impl.LeaderElection (LogUtils.java:infoOrTrace(149)) -   Exception 1: {}
java.util.concurrent.ExecutionException: org.apache.ratis.thirdparty.io.grpc.StatusRuntimeException: UNAVAILABLE: io exception
	at java.util.concurrent.FutureTask.report(FutureTask.java:122)
	at java.util.concurrent.FutureTask.get(FutureTask.java:192)
	at org.apache.ratis.server.impl.LeaderElection.waitForResults(LeaderElection.java:259)
	at org.apache.ratis.server.impl.LeaderElection.askForVotes(LeaderElection.java:197)
	at org.apache.ratis.server.impl.LeaderElection.run(LeaderElection.java:133)
	at java.lang.Thread.run(Thread.java:748)
Caused by: org.apache.ratis.thirdparty.io.grpc.StatusRuntimeException: UNAVAILABLE: io exception
	at org.apache.ratis.thirdparty.io.grpc.stub.ClientCalls.toStatusRuntimeException(ClientCalls.java:233)
	at org.apache.ratis.thirdparty.io.grpc.stub.ClientCalls.getUnchecked(ClientCalls.java:214)
	at org.apache.ratis.thirdparty.io.grpc.stub.ClientCalls.blockingUnaryCall(ClientCalls.java:139)
	at org.apache.ratis.proto.grpc.RaftServerProtocolServiceGrpc$RaftServerProtocolServiceBlockingStub.requestVote(RaftServerProtocolServiceGrpc.java:265)
	at org.apache.ratis.grpc.server.GrpcServerProtocolClient.requestVote(GrpcServerProtocolClient.java:99)
	at org.apache.ratis.grpc.server.GrpcService.requestVote(GrpcService.java:204)
	at org.apache.ratis.server.impl.LeaderElection.lambda$submitRequests$1(LeaderElection.java:234)
	at java.util.concurrent.FutureTask.run(FutureTask.java:266)
	at java.util.concurrent.Executors$RunnableAdapter.call(Executors.java:511)
	at java.util.concurrent.FutureTask.run(FutureTask.java:266)
	at java.util.concurrent.ThreadPoolExecutor.runWorker(ThreadPoolExecutor.java:1149)
	at java.util.concurrent.ThreadPoolExecutor$Worker.run(ThreadPoolExecutor.java:624)
	... 1 more
Caused by: org.apache.ratis.thirdparty.io.netty.channel.AbstractChannel$AnnotatedConnectException: Connection refused: /192.168.157.254:45339
	at sun.nio.ch.SocketChannelImpl.checkConnect(Native Method)
	at sun.nio.ch.SocketChannelImpl.finishConnect(SocketChannelImpl.java:717)
	at org.apache.ratis.thirdparty.io.netty.channel.socket.nio.NioSocketChannel.doFinishConnect(NioSocketChannel.java:327)
	at org.apache.ratis.thirdparty.io.netty.channel.nio.AbstractNioChannel$AbstractNioUnsafe.finishConnect(AbstractNioChannel.java:340)
	at org.apache.ratis.thirdparty.io.netty.channel.nio.NioEventLoop.processSelectedKey(NioEventLoop.java:632)
	at org.apache.ratis.thirdparty.io.netty.channel.nio.NioEventLoop.processSelectedKeysOptimized(NioEventLoop.java:579)
	at org.apache.ratis.thirdparty.io.netty.channel.nio.NioEventLoop.processSelectedKeys(NioEventLoop.java:496)
	at org.apache.ratis.thirdparty.io.netty.channel.nio.NioEventLoop.run(NioEventLoop.java:458)
	at org.apache.ratis.thirdparty.io.netty.util.concurrent.SingleThreadEventExecutor$5.run(SingleThreadEventExecutor.java:897)
	at org.apache.ratis.thirdparty.io.netty.util.concurrent.FastThreadLocalRunnable.run(FastThreadLocalRunnable.java:30)
	... 1 more
Caused by: java.net.ConnectException: Connection refused
	... 11 more
2019-10-16 21:12:21,071 [52743044-8979-4a08-8013-92a14c548982@group-146C50BE7901-LeaderElection291] INFO  impl.RaftServerImpl (RaftServerImpl.java:setRole(184)) - 52743044-8979-4a08-8013-92a14c548982@group-146C50BE7901: changes role from CANDIDATE to FOLLOWER at term 348 for DISCOVERED_A_NEW_TERM
2019-10-16 21:12:21,071 [52743044-8979-4a08-8013-92a14c548982@group-146C50BE7901-LeaderElection291] INFO  impl.RoleInfo (RoleInfo.java:shutdownLeaderElection(134)) - 52743044-8979-4a08-8013-92a14c548982: shutdown LeaderElection
2019-10-16 21:12:21,071 [52743044-8979-4a08-8013-92a14c548982@group-146C50BE7901-LeaderElection291] INFO  impl.RoleInfo (RoleInfo.java:updateAndGet(143)) - 52743044-8979-4a08-8013-92a14c548982: start FollowerState
2019-10-16 21:12:21,125 [Thread-2208] INFO  impl.FollowerState (FollowerState.java:run(108)) - 52743044-8979-4a08-8013-92a14c548982@group-146C50BE7901-FollowerState: change to CANDIDATE, lastRpcTime:54ms, electionTimeout:54ms
2019-10-16 21:12:21,125 [Thread-2208] INFO  impl.RoleInfo (RoleInfo.java:shutdownFollowerState(121)) - 52743044-8979-4a08-8013-92a14c548982: shutdown FollowerState
2019-10-16 21:12:21,125 [Thread-2208] INFO  impl.RaftServerImpl (RaftServerImpl.java:setRole(184)) - 52743044-8979-4a08-8013-92a14c548982@group-146C50BE7901: changes role from  FOLLOWER to CANDIDATE at term 348 for changeToCandidate
2019-10-16 21:12:21,126 [Thread-2208] INFO  impl.RoleInfo (RoleInfo.java:updateAndGet(143)) - 52743044-8979-4a08-8013-92a14c548982: start LeaderElection
2019-10-16 21:12:21,139 [52743044-8979-4a08-8013-92a14c548982@group-146C50BE7901-LeaderElection292] INFO  impl.LeaderElection (LeaderElection.java:askForVotes(178)) - 52743044-8979-4a08-8013-92a14c548982@group-146C50BE7901-LeaderElection292: begin an election at term 349 for -1: [904f39be-c3d3-4df4-99c0-2e4526e577e3:192.168.157.254:45339, 52743044-8979-4a08-8013-92a14c548982:192.168.157.254:36428, 65da0c80-3604-4ac2-9a39-ee88d748a153:192.168.157.254:37466], old=null
2019-10-16 21:12:21,140 [52743044-8979-4a08-8013-92a14c548982@group-146C50BE7901-LeaderElection292] INFO  impl.LeaderElection (LogUtils.java:infoOrTrace(149)) - 52743044-8979-4a08-8013-92a14c548982@group-146C50BE7901-LeaderElection292 got exception when requesting votes: {}
java.util.concurrent.ExecutionException: org.apache.ratis.thirdparty.io.grpc.StatusRuntimeException: UNAVAILABLE: io exception
	at java.util.concurrent.FutureTask.report(FutureTask.java:122)
	at java.util.concurrent.FutureTask.get(FutureTask.java:192)
	at org.apache.ratis.server.impl.LeaderElection.waitForResults(LeaderElection.java:259)
	at org.apache.ratis.server.impl.LeaderElection.askForVotes(LeaderElection.java:197)
	at org.apache.ratis.server.impl.LeaderElection.run(LeaderElection.java:133)
	at java.lang.Thread.run(Thread.java:748)
Caused by: org.apache.ratis.thirdparty.io.grpc.StatusRuntimeException: UNAVAILABLE: io exception
	at org.apache.ratis.thirdparty.io.grpc.stub.ClientCalls.toStatusRuntimeException(ClientCalls.java:233)
	at org.apache.ratis.thirdparty.io.grpc.stub.ClientCalls.getUnchecked(ClientCalls.java:214)
	at org.apache.ratis.thirdparty.io.grpc.stub.ClientCalls.blockingUnaryCall(ClientCalls.java:139)
	at org.apache.ratis.proto.grpc.RaftServerProtocolServiceGrpc$RaftServerProtocolServiceBlockingStub.requestVote(RaftServerProtocolServiceGrpc.java:265)
	at org.apache.ratis.grpc.server.GrpcServerProtocolClient.requestVote(GrpcServerProtocolClient.java:99)
	at org.apache.ratis.grpc.server.GrpcService.requestVote(GrpcService.java:204)
	at org.apache.ratis.server.impl.LeaderElection.lambda$submitRequests$1(LeaderElection.java:234)
	at java.util.concurrent.FutureTask.run(FutureTask.java:266)
	at java.util.concurrent.Executors$RunnableAdapter.call(Executors.java:511)
	at java.util.concurrent.FutureTask.run(FutureTask.java:266)
	at java.util.concurrent.ThreadPoolExecutor.runWorker(ThreadPoolExecutor.java:1149)
	at java.util.concurrent.ThreadPoolExecutor$Worker.run(ThreadPoolExecutor.java:624)
	... 1 more
Caused by: org.apache.ratis.thirdparty.io.netty.channel.AbstractChannel$AnnotatedConnectException: Connection refused: /192.168.157.254:45339
	at sun.nio.ch.SocketChannelImpl.checkConnect(Native Method)
	at sun.nio.ch.SocketChannelImpl.finishConnect(SocketChannelImpl.java:717)
	at org.apache.ratis.thirdparty.io.netty.channel.socket.nio.NioSocketChannel.doFinishConnect(NioSocketChannel.java:327)
	at org.apache.ratis.thirdparty.io.netty.channel.nio.AbstractNioChannel$AbstractNioUnsafe.finishConnect(AbstractNioChannel.java:340)
	at org.apache.ratis.thirdparty.io.netty.channel.nio.NioEventLoop.processSelectedKey(NioEventLoop.java:632)
	at org.apache.ratis.thirdparty.io.netty.channel.nio.NioEventLoop.processSelectedKeysOptimized(NioEventLoop.java:579)
	at org.apache.ratis.thirdparty.io.netty.channel.nio.NioEventLoop.processSelectedKeys(NioEventLoop.java:496)
	at org.apache.ratis.thirdparty.io.netty.channel.nio.NioEventLoop.run(NioEventLoop.java:458)
	at org.apache.ratis.thirdparty.io.netty.util.concurrent.SingleThreadEventExecutor$5.run(SingleThreadEventExecutor.java:897)
	at org.apache.ratis.thirdparty.io.netty.util.concurrent.FastThreadLocalRunnable.run(FastThreadLocalRunnable.java:30)
	... 1 more
Caused by: java.net.ConnectException: Connection refused
	... 11 more
2019-10-16 21:12:21,141 [52743044-8979-4a08-8013-92a14c548982@group-146C50BE7901-LeaderElection292] INFO  impl.LeaderElection (LogUtils.java:infoOrTrace(149)) - 52743044-8979-4a08-8013-92a14c548982@group-146C50BE7901-LeaderElection292 got exception when requesting votes: {}
java.util.concurrent.ExecutionException: org.apache.ratis.thirdparty.io.grpc.StatusRuntimeException: UNAVAILABLE: io exception
	at java.util.concurrent.FutureTask.report(FutureTask.java:122)
	at java.util.concurrent.FutureTask.get(FutureTask.java:192)
	at org.apache.ratis.server.impl.LeaderElection.waitForResults(LeaderElection.java:259)
	at org.apache.ratis.server.impl.LeaderElection.askForVotes(LeaderElection.java:197)
	at org.apache.ratis.server.impl.LeaderElection.run(LeaderElection.java:133)
	at java.lang.Thread.run(Thread.java:748)
Caused by: org.apache.ratis.thirdparty.io.grpc.StatusRuntimeException: UNAVAILABLE: io exception
	at org.apache.ratis.thirdparty.io.grpc.stub.ClientCalls.toStatusRuntimeException(ClientCalls.java:233)
	at org.apache.ratis.thirdparty.io.grpc.stub.ClientCalls.getUnchecked(ClientCalls.java:214)
	at org.apache.ratis.thirdparty.io.grpc.stub.ClientCalls.blockingUnaryCall(ClientCalls.java:139)
	at org.apache.ratis.proto.grpc.RaftServerProtocolServiceGrpc$RaftServerProtocolServiceBlockingStub.requestVote(RaftServerProtocolServiceGrpc.java:265)
	at org.apache.ratis.grpc.server.GrpcServerProtocolClient.requestVote(GrpcServerProtocolClient.java:99)
	at org.apache.ratis.grpc.server.GrpcService.requestVote(GrpcService.java:204)
	at org.apache.ratis.server.impl.LeaderElection.lambda$submitRequests$1(LeaderElection.java:234)
	at java.util.concurrent.FutureTask.run(FutureTask.java:266)
	at java.util.concurrent.Executors$RunnableAdapter.call(Executors.java:511)
	at java.util.concurrent.FutureTask.run(FutureTask.java:266)
	at java.util.concurrent.ThreadPoolExecutor.runWorker(ThreadPoolExecutor.java:1149)
	at java.util.concurrent.ThreadPoolExecutor$Worker.run(ThreadPoolExecutor.java:624)
	... 1 more
Caused by: org.apache.ratis.thirdparty.io.netty.channel.AbstractChannel$AnnotatedConnectException: Connection refused: /192.168.157.254:37466
	at sun.nio.ch.SocketChannelImpl.checkConnect(Native Method)
	at sun.nio.ch.SocketChannelImpl.finishConnect(SocketChannelImpl.java:717)
	at org.apache.ratis.thirdparty.io.netty.channel.socket.nio.NioSocketChannel.doFinishConnect(NioSocketChannel.java:327)
	at org.apache.ratis.thirdparty.io.netty.channel.nio.AbstractNioChannel$AbstractNioUnsafe.finishConnect(AbstractNioChannel.java:340)
	at org.apache.ratis.thirdparty.io.netty.channel.nio.NioEventLoop.processSelectedKey(NioEventLoop.java:632)
	at org.apache.ratis.thirdparty.io.netty.channel.nio.NioEventLoop.processSelectedKeysOptimized(NioEventLoop.java:579)
	at org.apache.ratis.thirdparty.io.netty.channel.nio.NioEventLoop.processSelectedKeys(NioEventLoop.java:496)
	at org.apache.ratis.thirdparty.io.netty.channel.nio.NioEventLoop.run(NioEventLoop.java:458)
	at org.apache.ratis.thirdparty.io.netty.util.concurrent.SingleThreadEventExecutor$5.run(SingleThreadEventExecutor.java:897)
	at org.apache.ratis.thirdparty.io.netty.util.concurrent.FastThreadLocalRunnable.run(FastThreadLocalRunnable.java:30)
	... 1 more
Caused by: java.net.ConnectException: Connection refused
	... 11 more
2019-10-16 21:12:21,142 [52743044-8979-4a08-8013-92a14c548982@group-146C50BE7901-LeaderElection292] INFO  impl.LeaderElection (LeaderElection.java:logAndReturn(56)) - 52743044-8979-4a08-8013-92a14c548982@group-146C50BE7901-LeaderElection292: Election REJECTED; received 0 response(s) [] and 2 exception(s); 52743044-8979-4a08-8013-92a14c548982@group-146C50BE7901:t349, leader=null, voted=52743044-8979-4a08-8013-92a14c548982, raftlog=52743044-8979-4a08-8013-92a14c548982@group-146C50BE7901-SegmentedRaftLog:OPENED:c-1,f-1,i0, conf=-1: [904f39be-c3d3-4df4-99c0-2e4526e577e3:192.168.157.254:45339, 52743044-8979-4a08-8013-92a14c548982:192.168.157.254:36428, 65da0c80-3604-4ac2-9a39-ee88d748a153:192.168.157.254:37466], old=null
2019-10-16 21:12:21,142 [52743044-8979-4a08-8013-92a14c548982@group-146C50BE7901-LeaderElection292] INFO  impl.LeaderElection (LogUtils.java:infoOrTrace(149)) -   Exception 0: {}
java.util.concurrent.ExecutionException: org.apache.ratis.thirdparty.io.grpc.StatusRuntimeException: UNAVAILABLE: io exception
	at java.util.concurrent.FutureTask.report(FutureTask.java:122)
	at java.util.concurrent.FutureTask.get(FutureTask.java:192)
	at org.apache.ratis.server.impl.LeaderElection.waitForResults(LeaderElection.java:259)
	at org.apache.ratis.server.impl.LeaderElection.askForVotes(LeaderElection.java:197)
	at org.apache.ratis.server.impl.LeaderElection.run(LeaderElection.java:133)
	at java.lang.Thread.run(Thread.java:748)
Caused by: org.apache.ratis.thirdparty.io.grpc.StatusRuntimeException: UNAVAILABLE: io exception
	at org.apache.ratis.thirdparty.io.grpc.stub.ClientCalls.toStatusRuntimeException(ClientCalls.java:233)
	at org.apache.ratis.thirdparty.io.grpc.stub.ClientCalls.getUnchecked(ClientCalls.java:214)
	at org.apache.ratis.thirdparty.io.grpc.stub.ClientCalls.blockingUnaryCall(ClientCalls.java:139)
	at org.apache.ratis.proto.grpc.RaftServerProtocolServiceGrpc$RaftServerProtocolServiceBlockingStub.requestVote(RaftServerProtocolServiceGrpc.java:265)
	at org.apache.ratis.grpc.server.GrpcServerProtocolClient.requestVote(GrpcServerProtocolClient.java:99)
	at org.apache.ratis.grpc.server.GrpcService.requestVote(GrpcService.java:204)
	at org.apache.ratis.server.impl.LeaderElection.lambda$submitRequests$1(LeaderElection.java:234)
	at java.util.concurrent.FutureTask.run(FutureTask.java:266)
	at java.util.concurrent.Executors$RunnableAdapter.call(Executors.java:511)
	at java.util.concurrent.FutureTask.run(FutureTask.java:266)
	at java.util.concurrent.ThreadPoolExecutor.runWorker(ThreadPoolExecutor.java:1149)
	at java.util.concurrent.ThreadPoolExecutor$Worker.run(ThreadPoolExecutor.java:624)
	... 1 more
Caused by: org.apache.ratis.thirdparty.io.netty.channel.AbstractChannel$AnnotatedConnectException: Connection refused: /192.168.157.254:45339
	at sun.nio.ch.SocketChannelImpl.checkConnect(Native Method)
	at sun.nio.ch.SocketChannelImpl.finishConnect(SocketChannelImpl.java:717)
	at org.apache.ratis.thirdparty.io.netty.channel.socket.nio.NioSocketChannel.doFinishConnect(NioSocketChannel.java:327)
	at org.apache.ratis.thirdparty.io.netty.channel.nio.AbstractNioChannel$AbstractNioUnsafe.finishConnect(AbstractNioChannel.java:340)
	at org.apache.ratis.thirdparty.io.netty.channel.nio.NioEventLoop.processSelectedKey(NioEventLoop.java:632)
	at org.apache.ratis.thirdparty.io.netty.channel.nio.NioEventLoop.processSelectedKeysOptimized(NioEventLoop.java:579)
	at org.apache.ratis.thirdparty.io.netty.channel.nio.NioEventLoop.processSelectedKeys(NioEventLoop.java:496)
	at org.apache.ratis.thirdparty.io.netty.channel.nio.NioEventLoop.run(NioEventLoop.java:458)
	at org.apache.ratis.thirdparty.io.netty.util.concurrent.SingleThreadEventExecutor$5.run(SingleThreadEventExecutor.java:897)
	at org.apache.ratis.thirdparty.io.netty.util.concurrent.FastThreadLocalRunnable.run(FastThreadLocalRunnable.java:30)
	... 1 more
Caused by: java.net.ConnectException: Connection refused
	... 11 more
2019-10-16 21:12:21,142 [52743044-8979-4a08-8013-92a14c548982@group-146C50BE7901-LeaderElection292] INFO  impl.LeaderElection (LogUtils.java:infoOrTrace(149)) -   Exception 1: {}
java.util.concurrent.ExecutionException: org.apache.ratis.thirdparty.io.grpc.StatusRuntimeException: UNAVAILABLE: io exception
	at java.util.concurrent.FutureTask.report(FutureTask.java:122)
	at java.util.concurrent.FutureTask.get(FutureTask.java:192)
	at org.apache.ratis.server.impl.LeaderElection.waitForResults(LeaderElection.java:259)
	at org.apache.ratis.server.impl.LeaderElection.askForVotes(LeaderElection.java:197)
	at org.apache.ratis.server.impl.LeaderElection.run(LeaderElection.java:133)
	at java.lang.Thread.run(Thread.java:748)
Caused by: org.apache.ratis.thirdparty.io.grpc.StatusRuntimeException: UNAVAILABLE: io exception
	at org.apache.ratis.thirdparty.io.grpc.stub.ClientCalls.toStatusRuntimeException(ClientCalls.java:233)
	at org.apache.ratis.thirdparty.io.grpc.stub.ClientCalls.getUnchecked(ClientCalls.java:214)
	at org.apache.ratis.thirdparty.io.grpc.stub.ClientCalls.blockingUnaryCall(ClientCalls.java:139)
	at org.apache.ratis.proto.grpc.RaftServerProtocolServiceGrpc$RaftServerProtocolServiceBlockingStub.requestVote(RaftServerProtocolServiceGrpc.java:265)
	at org.apache.ratis.grpc.server.GrpcServerProtocolClient.requestVote(GrpcServerProtocolClient.java:99)
	at org.apache.ratis.grpc.server.GrpcService.requestVote(GrpcService.java:204)
	at org.apache.ratis.server.impl.LeaderElection.lambda$submitRequests$1(LeaderElection.java:234)
	at java.util.concurrent.FutureTask.run(FutureTask.java:266)
	at java.util.concurrent.Executors$RunnableAdapter.call(Executors.java:511)
	at java.util.concurrent.FutureTask.run(FutureTask.java:266)
	at java.util.concurrent.ThreadPoolExecutor.runWorker(ThreadPoolExecutor.java:1149)
	at java.util.concurrent.ThreadPoolExecutor$Worker.run(ThreadPoolExecutor.java:624)
	... 1 more
Caused by: org.apache.ratis.thirdparty.io.netty.channel.AbstractChannel$AnnotatedConnectException: Connection refused: /192.168.157.254:37466
	at sun.nio.ch.SocketChannelImpl.checkConnect(Native Method)
	at sun.nio.ch.SocketChannelImpl.finishConnect(SocketChannelImpl.java:717)
	at org.apache.ratis.thirdparty.io.netty.channel.socket.nio.NioSocketChannel.doFinishConnect(NioSocketChannel.java:327)
	at org.apache.ratis.thirdparty.io.netty.channel.nio.AbstractNioChannel$AbstractNioUnsafe.finishConnect(AbstractNioChannel.java:340)
	at org.apache.ratis.thirdparty.io.netty.channel.nio.NioEventLoop.processSelectedKey(NioEventLoop.java:632)
	at org.apache.ratis.thirdparty.io.netty.channel.nio.NioEventLoop.processSelectedKeysOptimized(NioEventLoop.java:579)
	at org.apache.ratis.thirdparty.io.netty.channel.nio.NioEventLoop.processSelectedKeys(NioEventLoop.java:496)
	at org.apache.ratis.thirdparty.io.netty.channel.nio.NioEventLoop.run(NioEventLoop.java:458)
	at org.apache.ratis.thirdparty.io.netty.util.concurrent.SingleThreadEventExecutor$5.run(SingleThreadEventExecutor.java:897)
	at org.apache.ratis.thirdparty.io.netty.util.concurrent.FastThreadLocalRunnable.run(FastThreadLocalRunnable.java:30)
	... 1 more
Caused by: java.net.ConnectException: Connection refused
	... 11 more
2019-10-16 21:12:21,142 [52743044-8979-4a08-8013-92a14c548982@group-146C50BE7901-LeaderElection292] INFO  impl.RaftServerImpl (RaftServerImpl.java:setRole(184)) - 52743044-8979-4a08-8013-92a14c548982@group-146C50BE7901: changes role from CANDIDATE to FOLLOWER at term 349 for DISCOVERED_A_NEW_TERM
2019-10-16 21:12:21,143 [52743044-8979-4a08-8013-92a14c548982@group-146C50BE7901-LeaderElection292] INFO  impl.RoleInfo (RoleInfo.java:shutdownLeaderElection(134)) - 52743044-8979-4a08-8013-92a14c548982: shutdown LeaderElection
2019-10-16 21:12:21,143 [52743044-8979-4a08-8013-92a14c548982@group-146C50BE7901-LeaderElection292] INFO  impl.RoleInfo (RoleInfo.java:updateAndGet(143)) - 52743044-8979-4a08-8013-92a14c548982: start FollowerState
2019-10-16 21:12:21,325 [Thread-2212] INFO  impl.FollowerState (FollowerState.java:run(108)) - 52743044-8979-4a08-8013-92a14c548982@group-146C50BE7901-FollowerState: change to CANDIDATE, lastRpcTime:182ms, electionTimeout:182ms
2019-10-16 21:12:21,325 [Thread-2212] INFO  impl.RoleInfo (RoleInfo.java:shutdownFollowerState(121)) - 52743044-8979-4a08-8013-92a14c548982: shutdown FollowerState
2019-10-16 21:12:21,325 [Thread-2212] INFO  impl.RaftServerImpl (RaftServerImpl.java:setRole(184)) - 52743044-8979-4a08-8013-92a14c548982@group-146C50BE7901: changes role from  FOLLOWER to CANDIDATE at term 349 for changeToCandidate
2019-10-16 21:12:21,325 [Thread-2212] INFO  impl.RoleInfo (RoleInfo.java:updateAndGet(143)) - 52743044-8979-4a08-8013-92a14c548982: start LeaderElection
2019-10-16 21:12:21,399 [52743044-8979-4a08-8013-92a14c548982@group-146C50BE7901-LeaderElection293] INFO  impl.LeaderElection (LeaderElection.java:askForVotes(178)) - 52743044-8979-4a08-8013-92a14c548982@group-146C50BE7901-LeaderElection293: begin an election at term 350 for -1: [904f39be-c3d3-4df4-99c0-2e4526e577e3:192.168.157.254:45339, 52743044-8979-4a08-8013-92a14c548982:192.168.157.254:36428, 65da0c80-3604-4ac2-9a39-ee88d748a153:192.168.157.254:37466], old=null
2019-10-16 21:12:21,400 [52743044-8979-4a08-8013-92a14c548982@group-146C50BE7901-LeaderElection293] INFO  impl.LeaderElection (LogUtils.java:infoOrTrace(149)) - 52743044-8979-4a08-8013-92a14c548982@group-146C50BE7901-LeaderElection293 got exception when requesting votes: {}
java.util.concurrent.ExecutionException: org.apache.ratis.thirdparty.io.grpc.StatusRuntimeException: UNAVAILABLE: io exception
	at java.util.concurrent.FutureTask.report(FutureTask.java:122)
	at java.util.concurrent.FutureTask.get(FutureTask.java:192)
	at org.apache.ratis.server.impl.LeaderElection.waitForResults(LeaderElection.java:259)
	at org.apache.ratis.server.impl.LeaderElection.askForVotes(LeaderElection.java:197)
	at org.apache.ratis.server.impl.LeaderElection.run(LeaderElection.java:133)
	at java.lang.Thread.run(Thread.java:748)
Caused by: org.apache.ratis.thirdparty.io.grpc.StatusRuntimeException: UNAVAILABLE: io exception
	at org.apache.ratis.thirdparty.io.grpc.stub.ClientCalls.toStatusRuntimeException(ClientCalls.java:233)
	at org.apache.ratis.thirdparty.io.grpc.stub.ClientCalls.getUnchecked(ClientCalls.java:214)
	at org.apache.ratis.thirdparty.io.grpc.stub.ClientCalls.blockingUnaryCall(ClientCalls.java:139)
	at org.apache.ratis.proto.grpc.RaftServerProtocolServiceGrpc$RaftServerProtocolServiceBlockingStub.requestVote(RaftServerProtocolServiceGrpc.java:265)
	at org.apache.ratis.grpc.server.GrpcServerProtocolClient.requestVote(GrpcServerProtocolClient.java:99)
	at org.apache.ratis.grpc.server.GrpcService.requestVote(GrpcService.java:204)
	at org.apache.ratis.server.impl.LeaderElection.lambda$submitRequests$1(LeaderElection.java:234)
	at java.util.concurrent.FutureTask.run(FutureTask.java:266)
	at java.util.concurrent.Executors$RunnableAdapter.call(Executors.java:511)
	at java.util.concurrent.FutureTask.run(FutureTask.java:266)
	at java.util.concurrent.ThreadPoolExecutor.runWorker(ThreadPoolExecutor.java:1149)
	at java.util.concurrent.ThreadPoolExecutor$Worker.run(ThreadPoolExecutor.java:624)
	... 1 more
Caused by: org.apache.ratis.thirdparty.io.netty.channel.AbstractChannel$AnnotatedConnectException: Connection refused: /192.168.157.254:45339
	at sun.nio.ch.SocketChannelImpl.checkConnect(Native Method)
	at sun.nio.ch.SocketChannelImpl.finishConnect(SocketChannelImpl.java:717)
	at org.apache.ratis.thirdparty.io.netty.channel.socket.nio.NioSocketChannel.doFinishConnect(NioSocketChannel.java:327)
	at org.apache.ratis.thirdparty.io.netty.channel.nio.AbstractNioChannel$AbstractNioUnsafe.finishConnect(AbstractNioChannel.java:340)
	at org.apache.ratis.thirdparty.io.netty.channel.nio.NioEventLoop.processSelectedKey(NioEventLoop.java:632)
	at org.apache.ratis.thirdparty.io.netty.channel.nio.NioEventLoop.processSelectedKeysOptimized(NioEventLoop.java:579)
	at org.apache.ratis.thirdparty.io.netty.channel.nio.NioEventLoop.processSelectedKeys(NioEventLoop.java:496)
	at org.apache.ratis.thirdparty.io.netty.channel.nio.NioEventLoop.run(NioEventLoop.java:458)
	at org.apache.ratis.thirdparty.io.netty.util.concurrent.SingleThreadEventExecutor$5.run(SingleThreadEventExecutor.java:897)
	at org.apache.ratis.thirdparty.io.netty.util.concurrent.FastThreadLocalRunnable.run(FastThreadLocalRunnable.java:30)
	... 1 more
Caused by: java.net.ConnectException: Connection refused
	... 11 more
2019-10-16 21:12:21,402 [52743044-8979-4a08-8013-92a14c548982@group-146C50BE7901-LeaderElection293] INFO  impl.LeaderElection (LogUtils.java:infoOrTrace(149)) - 52743044-8979-4a08-8013-92a14c548982@group-146C50BE7901-LeaderElection293 got exception when requesting votes: {}
java.util.concurrent.ExecutionException: org.apache.ratis.thirdparty.io.grpc.StatusRuntimeException: UNAVAILABLE: io exception
	at java.util.concurrent.FutureTask.report(FutureTask.java:122)
	at java.util.concurrent.FutureTask.get(FutureTask.java:192)
	at org.apache.ratis.server.impl.LeaderElection.waitForResults(LeaderElection.java:259)
	at org.apache.ratis.server.impl.LeaderElection.askForVotes(LeaderElection.java:197)
	at org.apache.ratis.server.impl.LeaderElection.run(LeaderElection.java:133)
	at java.lang.Thread.run(Thread.java:748)
Caused by: org.apache.ratis.thirdparty.io.grpc.StatusRuntimeException: UNAVAILABLE: io exception
	at org.apache.ratis.thirdparty.io.grpc.stub.ClientCalls.toStatusRuntimeException(ClientCalls.java:233)
	at org.apache.ratis.thirdparty.io.grpc.stub.ClientCalls.getUnchecked(ClientCalls.java:214)
	at org.apache.ratis.thirdparty.io.grpc.stub.ClientCalls.blockingUnaryCall(ClientCalls.java:139)
	at org.apache.ratis.proto.grpc.RaftServerProtocolServiceGrpc$RaftServerProtocolServiceBlockingStub.requestVote(RaftServerProtocolServiceGrpc.java:265)
	at org.apache.ratis.grpc.server.GrpcServerProtocolClient.requestVote(GrpcServerProtocolClient.java:99)
	at org.apache.ratis.grpc.server.GrpcService.requestVote(GrpcService.java:204)
	at org.apache.ratis.server.impl.LeaderElection.lambda$submitRequests$1(LeaderElection.java:234)
	at java.util.concurrent.FutureTask.run(FutureTask.java:266)
	at java.util.concurrent.Executors$RunnableAdapter.call(Executors.java:511)
	at java.util.concurrent.FutureTask.run(FutureTask.java:266)
	at java.util.concurrent.ThreadPoolExecutor.runWorker(ThreadPoolExecutor.java:1149)
	at java.util.concurrent.ThreadPoolExecutor$Worker.run(ThreadPoolExecutor.java:624)
	... 1 more
Caused by: org.apache.ratis.thirdparty.io.netty.channel.AbstractChannel$AnnotatedConnectException: Connection refused: /192.168.157.254:37466
	at sun.nio.ch.SocketChannelImpl.checkConnect(Native Method)
	at sun.nio.ch.SocketChannelImpl.finishConnect(SocketChannelImpl.java:717)
	at org.apache.ratis.thirdparty.io.netty.channel.socket.nio.NioSocketChannel.doFinishConnect(NioSocketChannel.java:327)
	at org.apache.ratis.thirdparty.io.netty.channel.nio.AbstractNioChannel$AbstractNioUnsafe.finishConnect(AbstractNioChannel.java:340)
	at org.apache.ratis.thirdparty.io.netty.channel.nio.NioEventLoop.processSelectedKey(NioEventLoop.java:632)
	at org.apache.ratis.thirdparty.io.netty.channel.nio.NioEventLoop.processSelectedKeysOptimized(NioEventLoop.java:579)
	at org.apache.ratis.thirdparty.io.netty.channel.nio.NioEventLoop.processSelectedKeys(NioEventLoop.java:496)
	at org.apache.ratis.thirdparty.io.netty.channel.nio.NioEventLoop.run(NioEventLoop.java:458)
	at org.apache.ratis.thirdparty.io.netty.util.concurrent.SingleThreadEventExecutor$5.run(SingleThreadEventExecutor.java:897)
	at org.apache.ratis.thirdparty.io.netty.util.concurrent.FastThreadLocalRunnable.run(FastThreadLocalRunnable.java:30)
	... 1 more
Caused by: java.net.ConnectException: Connection refused
	... 11 more
2019-10-16 21:12:21,403 [52743044-8979-4a08-8013-92a14c548982@group-146C50BE7901-LeaderElection293] INFO  impl.LeaderElection (LeaderElection.java:logAndReturn(56)) - 52743044-8979-4a08-8013-92a14c548982@group-146C50BE7901-LeaderElection293: Election REJECTED; received 0 response(s) [] and 2 exception(s); 52743044-8979-4a08-8013-92a14c548982@group-146C50BE7901:t350, leader=null, voted=52743044-8979-4a08-8013-92a14c548982, raftlog=52743044-8979-4a08-8013-92a14c548982@group-146C50BE7901-SegmentedRaftLog:OPENED:c-1,f-1,i0, conf=-1: [904f39be-c3d3-4df4-99c0-2e4526e577e3:192.168.157.254:45339, 52743044-8979-4a08-8013-92a14c548982:192.168.157.254:36428, 65da0c80-3604-4ac2-9a39-ee88d748a153:192.168.157.254:37466], old=null
2019-10-16 21:12:21,403 [52743044-8979-4a08-8013-92a14c548982@group-146C50BE7901-LeaderElection293] INFO  impl.LeaderElection (LogUtils.java:infoOrTrace(149)) -   Exception 0: {}
java.util.concurrent.ExecutionException: org.apache.ratis.thirdparty.io.grpc.StatusRuntimeException: UNAVAILABLE: io exception
	at java.util.concurrent.FutureTask.report(FutureTask.java:122)
	at java.util.concurrent.FutureTask.get(FutureTask.java:192)
	at org.apache.ratis.server.impl.LeaderElection.waitForResults(LeaderElection.java:259)
	at org.apache.ratis.server.impl.LeaderElection.askForVotes(LeaderElection.java:197)
	at org.apache.ratis.server.impl.LeaderElection.run(LeaderElection.java:133)
	at java.lang.Thread.run(Thread.java:748)
Caused by: org.apache.ratis.thirdparty.io.grpc.StatusRuntimeException: UNAVAILABLE: io exception
	at org.apache.ratis.thirdparty.io.grpc.stub.ClientCalls.toStatusRuntimeException(ClientCalls.java:233)
	at org.apache.ratis.thirdparty.io.grpc.stub.ClientCalls.getUnchecked(ClientCalls.java:214)
	at org.apache.ratis.thirdparty.io.grpc.stub.ClientCalls.blockingUnaryCall(ClientCalls.java:139)
	at org.apache.ratis.proto.grpc.RaftServerProtocolServiceGrpc$RaftServerProtocolServiceBlockingStub.requestVote(RaftServerProtocolServiceGrpc.java:265)
	at org.apache.ratis.grpc.server.GrpcServerProtocolClient.requestVote(GrpcServerProtocolClient.java:99)
	at org.apache.ratis.grpc.server.GrpcService.requestVote(GrpcService.java:204)
	at org.apache.ratis.server.impl.LeaderElection.lambda$submitRequests$1(LeaderElection.java:234)
	at java.util.concurrent.FutureTask.run(FutureTask.java:266)
	at java.util.concurrent.Executors$RunnableAdapter.call(Executors.java:511)
	at java.util.concurrent.FutureTask.run(FutureTask.java:266)
	at java.util.concurrent.ThreadPoolExecutor.runWorker(ThreadPoolExecutor.java:1149)
	at java.util.concurrent.ThreadPoolExecutor$Worker.run(ThreadPoolExecutor.java:624)
	... 1 more
Caused by: org.apache.ratis.thirdparty.io.netty.channel.AbstractChannel$AnnotatedConnectException: Connection refused: /192.168.157.254:45339
	at sun.nio.ch.SocketChannelImpl.checkConnect(Native Method)
	at sun.nio.ch.SocketChannelImpl.finishConnect(SocketChannelImpl.java:717)
	at org.apache.ratis.thirdparty.io.netty.channel.socket.nio.NioSocketChannel.doFinishConnect(NioSocketChannel.java:327)
	at org.apache.ratis.thirdparty.io.netty.channel.nio.AbstractNioChannel$AbstractNioUnsafe.finishConnect(AbstractNioChannel.java:340)
	at org.apache.ratis.thirdparty.io.netty.channel.nio.NioEventLoop.processSelectedKey(NioEventLoop.java:632)
	at org.apache.ratis.thirdparty.io.netty.channel.nio.NioEventLoop.processSelectedKeysOptimized(NioEventLoop.java:579)
	at org.apache.ratis.thirdparty.io.netty.channel.nio.NioEventLoop.processSelectedKeys(NioEventLoop.java:496)
	at org.apache.ratis.thirdparty.io.netty.channel.nio.NioEventLoop.run(NioEventLoop.java:458)
	at org.apache.ratis.thirdparty.io.netty.util.concurrent.SingleThreadEventExecutor$5.run(SingleThreadEventExecutor.java:897)
	at org.apache.ratis.thirdparty.io.netty.util.concurrent.FastThreadLocalRunnable.run(FastThreadLocalRunnable.java:30)
	... 1 more
Caused by: java.net.ConnectException: Connection refused
	... 11 more
2019-10-16 21:12:21,403 [52743044-8979-4a08-8013-92a14c548982@group-146C50BE7901-LeaderElection293] INFO  impl.LeaderElection (LogUtils.java:infoOrTrace(149)) -   Exception 1: {}
java.util.concurrent.ExecutionException: org.apache.ratis.thirdparty.io.grpc.StatusRuntimeException: UNAVAILABLE: io exception
	at java.util.concurrent.FutureTask.report(FutureTask.java:122)
	at java.util.concurrent.FutureTask.get(FutureTask.java:192)
	at org.apache.ratis.server.impl.LeaderElection.waitForResults(LeaderElection.java:259)
	at org.apache.ratis.server.impl.LeaderElection.askForVotes(LeaderElection.java:197)
	at org.apache.ratis.server.impl.LeaderElection.run(LeaderElection.java:133)
	at java.lang.Thread.run(Thread.java:748)
Caused by: org.apache.ratis.thirdparty.io.grpc.StatusRuntimeException: UNAVAILABLE: io exception
	at org.apache.ratis.thirdparty.io.grpc.stub.ClientCalls.toStatusRuntimeException(ClientCalls.java:233)
	at org.apache.ratis.thirdparty.io.grpc.stub.ClientCalls.getUnchecked(ClientCalls.java:214)
	at org.apache.ratis.thirdparty.io.grpc.stub.ClientCalls.blockingUnaryCall(ClientCalls.java:139)
	at org.apache.ratis.proto.grpc.RaftServerProtocolServiceGrpc$RaftServerProtocolServiceBlockingStub.requestVote(RaftServerProtocolServiceGrpc.java:265)
	at org.apache.ratis.grpc.server.GrpcServerProtocolClient.requestVote(GrpcServerProtocolClient.java:99)
	at org.apache.ratis.grpc.server.GrpcService.requestVote(GrpcService.java:204)
	at org.apache.ratis.server.impl.LeaderElection.lambda$submitRequests$1(LeaderElection.java:234)
	at java.util.concurrent.FutureTask.run(FutureTask.java:266)
	at java.util.concurrent.Executors$RunnableAdapter.call(Executors.java:511)
	at java.util.concurrent.FutureTask.run(FutureTask.java:266)
	at java.util.concurrent.ThreadPoolExecutor.runWorker(ThreadPoolExecutor.java:1149)
	at java.util.concurrent.ThreadPoolExecutor$Worker.run(ThreadPoolExecutor.java:624)
	... 1 more
Caused by: org.apache.ratis.thirdparty.io.netty.channel.AbstractChannel$AnnotatedConnectException: Connection refused: /192.168.157.254:37466
	at sun.nio.ch.SocketChannelImpl.checkConnect(Native Method)
	at sun.nio.ch.SocketChannelImpl.finishConnect(SocketChannelImpl.java:717)
	at org.apache.ratis.thirdparty.io.netty.channel.socket.nio.NioSocketChannel.doFinishConnect(NioSocketChannel.java:327)
	at org.apache.ratis.thirdparty.io.netty.channel.nio.AbstractNioChannel$AbstractNioUnsafe.finishConnect(AbstractNioChannel.java:340)
	at org.apache.ratis.thirdparty.io.netty.channel.nio.NioEventLoop.processSelectedKey(NioEventLoop.java:632)
	at org.apache.ratis.thirdparty.io.netty.channel.nio.NioEventLoop.processSelectedKeysOptimized(NioEventLoop.java:579)
	at org.apache.ratis.thirdparty.io.netty.channel.nio.NioEventLoop.processSelectedKeys(NioEventLoop.java:496)
	at org.apache.ratis.thirdparty.io.netty.channel.nio.NioEventLoop.run(NioEventLoop.java:458)
	at org.apache.ratis.thirdparty.io.netty.util.concurrent.SingleThreadEventExecutor$5.run(SingleThreadEventExecutor.java:897)
	at org.apache.ratis.thirdparty.io.netty.util.concurrent.FastThreadLocalRunnable.run(FastThreadLocalRunnable.java:30)
	... 1 more
Caused by: java.net.ConnectException: Connection refused
	... 11 more
2019-10-16 21:12:21,403 [52743044-8979-4a08-8013-92a14c548982@group-146C50BE7901-LeaderElection293] INFO  impl.RaftServerImpl (RaftServerImpl.java:setRole(184)) - 52743044-8979-4a08-8013-92a14c548982@group-146C50BE7901: changes role from CANDIDATE to FOLLOWER at term 350 for DISCOVERED_A_NEW_TERM
2019-10-16 21:12:21,404 [52743044-8979-4a08-8013-92a14c548982@group-146C50BE7901-LeaderElection293] INFO  impl.RoleInfo (RoleInfo.java:shutdownLeaderElection(134)) - 52743044-8979-4a08-8013-92a14c548982: shutdown LeaderElection
2019-10-16 21:12:21,404 [52743044-8979-4a08-8013-92a14c548982@group-146C50BE7901-LeaderElection293] INFO  impl.RoleInfo (RoleInfo.java:updateAndGet(143)) - 52743044-8979-4a08-8013-92a14c548982: start FollowerState
2019-10-16 21:12:21,510 [Thread-2216] INFO  impl.FollowerState (FollowerState.java:run(108)) - 52743044-8979-4a08-8013-92a14c548982@group-146C50BE7901-FollowerState: change to CANDIDATE, lastRpcTime:106ms, electionTimeout:106ms
2019-10-16 21:12:21,510 [Thread-2216] INFO  impl.RoleInfo (RoleInfo.java:shutdownFollowerState(121)) - 52743044-8979-4a08-8013-92a14c548982: shutdown FollowerState
2019-10-16 21:12:21,510 [Thread-2216] INFO  impl.RaftServerImpl (RaftServerImpl.java:setRole(184)) - 52743044-8979-4a08-8013-92a14c548982@group-146C50BE7901: changes role from  FOLLOWER to CANDIDATE at term 350 for changeToCandidate
2019-10-16 21:12:21,511 [Thread-2216] INFO  impl.RoleInfo (RoleInfo.java:updateAndGet(143)) - 52743044-8979-4a08-8013-92a14c548982: start LeaderElection
2019-10-16 21:12:21,705 [52743044-8979-4a08-8013-92a14c548982@group-146C50BE7901-LeaderElection294] INFO  impl.LeaderElection (LeaderElection.java:askForVotes(178)) - 52743044-8979-4a08-8013-92a14c548982@group-146C50BE7901-LeaderElection294: begin an election at term 351 for -1: [904f39be-c3d3-4df4-99c0-2e4526e577e3:192.168.157.254:45339, 52743044-8979-4a08-8013-92a14c548982:192.168.157.254:36428, 65da0c80-3604-4ac2-9a39-ee88d748a153:192.168.157.254:37466], old=null
2019-10-16 21:12:21,705 [52743044-8979-4a08-8013-92a14c548982@group-146C50BE7901-LeaderElection294] INFO  impl.LeaderElection (LogUtils.java:infoOrTrace(149)) - 52743044-8979-4a08-8013-92a14c548982@group-146C50BE7901-LeaderElection294 got exception when requesting votes: {}
java.util.concurrent.ExecutionException: org.apache.ratis.thirdparty.io.grpc.StatusRuntimeException: UNAVAILABLE: io exception
	at java.util.concurrent.FutureTask.report(FutureTask.java:122)
	at java.util.concurrent.FutureTask.get(FutureTask.java:192)
	at org.apache.ratis.server.impl.LeaderElection.waitForResults(LeaderElection.java:259)
	at org.apache.ratis.server.impl.LeaderElection.askForVotes(LeaderElection.java:197)
	at org.apache.ratis.server.impl.LeaderElection.run(LeaderElection.java:133)
	at java.lang.Thread.run(Thread.java:748)
Caused by: org.apache.ratis.thirdparty.io.grpc.StatusRuntimeException: UNAVAILABLE: io exception
	at org.apache.ratis.thirdparty.io.grpc.stub.ClientCalls.toStatusRuntimeException(ClientCalls.java:233)
	at org.apache.ratis.thirdparty.io.grpc.stub.ClientCalls.getUnchecked(ClientCalls.java:214)
	at org.apache.ratis.thirdparty.io.grpc.stub.ClientCalls.blockingUnaryCall(ClientCalls.java:139)
	at org.apache.ratis.proto.grpc.RaftServerProtocolServiceGrpc$RaftServerProtocolServiceBlockingStub.requestVote(RaftServerProtocolServiceGrpc.java:265)
	at org.apache.ratis.grpc.server.GrpcServerProtocolClient.requestVote(GrpcServerProtocolClient.java:99)
	at org.apache.ratis.grpc.server.GrpcService.requestVote(GrpcService.java:204)
	at org.apache.ratis.server.impl.LeaderElection.lambda$submitRequests$1(LeaderElection.java:234)
	at java.util.concurrent.FutureTask.run(FutureTask.java:266)
	at java.util.concurrent.Executors$RunnableAdapter.call(Executors.java:511)
	at java.util.concurrent.FutureTask.run(FutureTask.java:266)
	at java.util.concurrent.ThreadPoolExecutor.runWorker(ThreadPoolExecutor.java:1149)
	at java.util.concurrent.ThreadPoolExecutor$Worker.run(ThreadPoolExecutor.java:624)
	... 1 more
Caused by: org.apache.ratis.thirdparty.io.netty.channel.AbstractChannel$AnnotatedConnectException: Connection refused: /192.168.157.254:45339
	at sun.nio.ch.SocketChannelImpl.checkConnect(Native Method)
	at sun.nio.ch.SocketChannelImpl.finishConnect(SocketChannelImpl.java:717)
	at org.apache.ratis.thirdparty.io.netty.channel.socket.nio.NioSocketChannel.doFinishConnect(NioSocketChannel.java:327)
	at org.apache.ratis.thirdparty.io.netty.channel.nio.AbstractNioChannel$AbstractNioUnsafe.finishConnect(AbstractNioChannel.java:340)
	at org.apache.ratis.thirdparty.io.netty.channel.nio.NioEventLoop.processSelectedKey(NioEventLoop.java:632)
	at org.apache.ratis.thirdparty.io.netty.channel.nio.NioEventLoop.processSelectedKeysOptimized(NioEventLoop.java:579)
	at org.apache.ratis.thirdparty.io.netty.channel.nio.NioEventLoop.processSelectedKeys(NioEventLoop.java:496)
	at org.apache.ratis.thirdparty.io.netty.channel.nio.NioEventLoop.run(NioEventLoop.java:458)
	at org.apache.ratis.thirdparty.io.netty.util.concurrent.SingleThreadEventExecutor$5.run(SingleThreadEventExecutor.java:897)
	at org.apache.ratis.thirdparty.io.netty.util.concurrent.FastThreadLocalRunnable.run(FastThreadLocalRunnable.java:30)
	... 1 more
Caused by: java.net.ConnectException: Connection refused
	... 11 more
2019-10-16 21:12:21,707 [52743044-8979-4a08-8013-92a14c548982@group-146C50BE7901-LeaderElection294] INFO  impl.LeaderElection (LogUtils.java:infoOrTrace(149)) - 52743044-8979-4a08-8013-92a14c548982@group-146C50BE7901-LeaderElection294 got exception when requesting votes: {}
java.util.concurrent.ExecutionException: org.apache.ratis.thirdparty.io.grpc.StatusRuntimeException: UNAVAILABLE: io exception
	at java.util.concurrent.FutureTask.report(FutureTask.java:122)
	at java.util.concurrent.FutureTask.get(FutureTask.java:192)
	at org.apache.ratis.server.impl.LeaderElection.waitForResults(LeaderElection.java:259)
	at org.apache.ratis.server.impl.LeaderElection.askForVotes(LeaderElection.java:197)
	at org.apache.ratis.server.impl.LeaderElection.run(LeaderElection.java:133)
	at java.lang.Thread.run(Thread.java:748)
Caused by: org.apache.ratis.thirdparty.io.grpc.StatusRuntimeException: UNAVAILABLE: io exception
	at org.apache.ratis.thirdparty.io.grpc.stub.ClientCalls.toStatusRuntimeException(ClientCalls.java:233)
	at org.apache.ratis.thirdparty.io.grpc.stub.ClientCalls.getUnchecked(ClientCalls.java:214)
	at org.apache.ratis.thirdparty.io.grpc.stub.ClientCalls.blockingUnaryCall(ClientCalls.java:139)
	at org.apache.ratis.proto.grpc.RaftServerProtocolServiceGrpc$RaftServerProtocolServiceBlockingStub.requestVote(RaftServerProtocolServiceGrpc.java:265)
	at org.apache.ratis.grpc.server.GrpcServerProtocolClient.requestVote(GrpcServerProtocolClient.java:99)
	at org.apache.ratis.grpc.server.GrpcService.requestVote(GrpcService.java:204)
	at org.apache.ratis.server.impl.LeaderElection.lambda$submitRequests$1(LeaderElection.java:234)
	at java.util.concurrent.FutureTask.run(FutureTask.java:266)
	at java.util.concurrent.Executors$RunnableAdapter.call(Executors.java:511)
	at java.util.concurrent.FutureTask.run(FutureTask.java:266)
	at java.util.concurrent.ThreadPoolExecutor.runWorker(ThreadPoolExecutor.java:1149)
	at java.util.concurrent.ThreadPoolExecutor$Worker.run(ThreadPoolExecutor.java:624)
	... 1 more
Caused by: org.apache.ratis.thirdparty.io.netty.channel.AbstractChannel$AnnotatedConnectException: Connection refused: /192.168.157.254:37466
	at sun.nio.ch.SocketChannelImpl.checkConnect(Native Method)
	at sun.nio.ch.SocketChannelImpl.finishConnect(SocketChannelImpl.java:717)
	at org.apache.ratis.thirdparty.io.netty.channel.socket.nio.NioSocketChannel.doFinishConnect(NioSocketChannel.java:327)
	at org.apache.ratis.thirdparty.io.netty.channel.nio.AbstractNioChannel$AbstractNioUnsafe.finishConnect(AbstractNioChannel.java:340)
	at org.apache.ratis.thirdparty.io.netty.channel.nio.NioEventLoop.processSelectedKey(NioEventLoop.java:632)
	at org.apache.ratis.thirdparty.io.netty.channel.nio.NioEventLoop.processSelectedKeysOptimized(NioEventLoop.java:579)
	at org.apache.ratis.thirdparty.io.netty.channel.nio.NioEventLoop.processSelectedKeys(NioEventLoop.java:496)
	at org.apache.ratis.thirdparty.io.netty.channel.nio.NioEventLoop.run(NioEventLoop.java:458)
	at org.apache.ratis.thirdparty.io.netty.util.concurrent.SingleThreadEventExecutor$5.run(SingleThreadEventExecutor.java:897)
	at org.apache.ratis.thirdparty.io.netty.util.concurrent.FastThreadLocalRunnable.run(FastThreadLocalRunnable.java:30)
	... 1 more
Caused by: java.net.ConnectException: Connection refused
	... 11 more
2019-10-16 21:12:21,707 [52743044-8979-4a08-8013-92a14c548982@group-146C50BE7901-LeaderElection294] INFO  impl.LeaderElection (LeaderElection.java:logAndReturn(56)) - 52743044-8979-4a08-8013-92a14c548982@group-146C50BE7901-LeaderElection294: Election REJECTED; received 0 response(s) [] and 2 exception(s); 52743044-8979-4a08-8013-92a14c548982@group-146C50BE7901:t351, leader=null, voted=52743044-8979-4a08-8013-92a14c548982, raftlog=52743044-8979-4a08-8013-92a14c548982@group-146C50BE7901-SegmentedRaftLog:OPENED:c-1,f-1,i0, conf=-1: [904f39be-c3d3-4df4-99c0-2e4526e577e3:192.168.157.254:45339, 52743044-8979-4a08-8013-92a14c548982:192.168.157.254:36428, 65da0c80-3604-4ac2-9a39-ee88d748a153:192.168.157.254:37466], old=null
2019-10-16 21:12:21,707 [52743044-8979-4a08-8013-92a14c548982@group-146C50BE7901-LeaderElection294] INFO  impl.LeaderElection (LogUtils.java:infoOrTrace(149)) -   Exception 0: {}
java.util.concurrent.ExecutionException: org.apache.ratis.thirdparty.io.grpc.StatusRuntimeException: UNAVAILABLE: io exception
	at java.util.concurrent.FutureTask.report(FutureTask.java:122)
	at java.util.concurrent.FutureTask.get(FutureTask.java:192)
	at org.apache.ratis.server.impl.LeaderElection.waitForResults(LeaderElection.java:259)
	at org.apache.ratis.server.impl.LeaderElection.askForVotes(LeaderElection.java:197)
	at org.apache.ratis.server.impl.LeaderElection.run(LeaderElection.java:133)
	at java.lang.Thread.run(Thread.java:748)
Caused by: org.apache.ratis.thirdparty.io.grpc.StatusRuntimeException: UNAVAILABLE: io exception
	at org.apache.ratis.thirdparty.io.grpc.stub.ClientCalls.toStatusRuntimeException(ClientCalls.java:233)
	at org.apache.ratis.thirdparty.io.grpc.stub.ClientCalls.getUnchecked(ClientCalls.java:214)
	at org.apache.ratis.thirdparty.io.grpc.stub.ClientCalls.blockingUnaryCall(ClientCalls.java:139)
	at org.apache.ratis.proto.grpc.RaftServerProtocolServiceGrpc$RaftServerProtocolServiceBlockingStub.requestVote(RaftServerProtocolServiceGrpc.java:265)
	at org.apache.ratis.grpc.server.GrpcServerProtocolClient.requestVote(GrpcServerProtocolClient.java:99)
	at org.apache.ratis.grpc.server.GrpcService.requestVote(GrpcService.java:204)
	at org.apache.ratis.server.impl.LeaderElection.lambda$submitRequests$1(LeaderElection.java:234)
	at java.util.concurrent.FutureTask.run(FutureTask.java:266)
	at java.util.concurrent.Executors$RunnableAdapter.call(Executors.java:511)
	at java.util.concurrent.FutureTask.run(FutureTask.java:266)
	at java.util.concurrent.ThreadPoolExecutor.runWorker(ThreadPoolExecutor.java:1149)
	at java.util.concurrent.ThreadPoolExecutor$Worker.run(ThreadPoolExecutor.java:624)
	... 1 more
Caused by: org.apache.ratis.thirdparty.io.netty.channel.AbstractChannel$AnnotatedConnectException: Connection refused: /192.168.157.254:45339
	at sun.nio.ch.SocketChannelImpl.checkConnect(Native Method)
	at sun.nio.ch.SocketChannelImpl.finishConnect(SocketChannelImpl.java:717)
	at org.apache.ratis.thirdparty.io.netty.channel.socket.nio.NioSocketChannel.doFinishConnect(NioSocketChannel.java:327)
	at org.apache.ratis.thirdparty.io.netty.channel.nio.AbstractNioChannel$AbstractNioUnsafe.finishConnect(AbstractNioChannel.java:340)
	at org.apache.ratis.thirdparty.io.netty.channel.nio.NioEventLoop.processSelectedKey(NioEventLoop.java:632)
	at org.apache.ratis.thirdparty.io.netty.channel.nio.NioEventLoop.processSelectedKeysOptimized(NioEventLoop.java:579)
	at org.apache.ratis.thirdparty.io.netty.channel.nio.NioEventLoop.processSelectedKeys(NioEventLoop.java:496)
	at org.apache.ratis.thirdparty.io.netty.channel.nio.NioEventLoop.run(NioEventLoop.java:458)
	at org.apache.ratis.thirdparty.io.netty.util.concurrent.SingleThreadEventExecutor$5.run(SingleThreadEventExecutor.java:897)
	at org.apache.ratis.thirdparty.io.netty.util.concurrent.FastThreadLocalRunnable.run(FastThreadLocalRunnable.java:30)
	... 1 more
Caused by: java.net.ConnectException: Connection refused
	... 11 more
2019-10-16 21:12:21,708 [52743044-8979-4a08-8013-92a14c548982@group-146C50BE7901-LeaderElection294] INFO  impl.LeaderElection (LogUtils.java:infoOrTrace(149)) -   Exception 1: {}
java.util.concurrent.ExecutionException: org.apache.ratis.thirdparty.io.grpc.StatusRuntimeException: UNAVAILABLE: io exception
	at java.util.concurrent.FutureTask.report(FutureTask.java:122)
	at java.util.concurrent.FutureTask.get(FutureTask.java:192)
	at org.apache.ratis.server.impl.LeaderElection.waitForResults(LeaderElection.java:259)
	at org.apache.ratis.server.impl.LeaderElection.askForVotes(LeaderElection.java:197)
	at org.apache.ratis.server.impl.LeaderElection.run(LeaderElection.java:133)
	at java.lang.Thread.run(Thread.java:748)
Caused by: org.apache.ratis.thirdparty.io.grpc.StatusRuntimeException: UNAVAILABLE: io exception
	at org.apache.ratis.thirdparty.io.grpc.stub.ClientCalls.toStatusRuntimeException(ClientCalls.java:233)
	at org.apache.ratis.thirdparty.io.grpc.stub.ClientCalls.getUnchecked(ClientCalls.java:214)
	at org.apache.ratis.thirdparty.io.grpc.stub.ClientCalls.blockingUnaryCall(ClientCalls.java:139)
	at org.apache.ratis.proto.grpc.RaftServerProtocolServiceGrpc$RaftServerProtocolServiceBlockingStub.requestVote(RaftServerProtocolServiceGrpc.java:265)
	at org.apache.ratis.grpc.server.GrpcServerProtocolClient.requestVote(GrpcServerProtocolClient.java:99)
	at org.apache.ratis.grpc.server.GrpcService.requestVote(GrpcService.java:204)
	at org.apache.ratis.server.impl.LeaderElection.lambda$submitRequests$1(LeaderElection.java:234)
	at java.util.concurrent.FutureTask.run(FutureTask.java:266)
	at java.util.concurrent.Executors$RunnableAdapter.call(Executors.java:511)
	at java.util.concurrent.FutureTask.run(FutureTask.java:266)
	at java.util.concurrent.ThreadPoolExecutor.runWorker(ThreadPoolExecutor.java:1149)
	at java.util.concurrent.ThreadPoolExecutor$Worker.run(ThreadPoolExecutor.java:624)
	... 1 more
Caused by: org.apache.ratis.thirdparty.io.netty.channel.AbstractChannel$AnnotatedConnectException: Connection refused: /192.168.157.254:37466
	at sun.nio.ch.SocketChannelImpl.checkConnect(Native Method)
	at sun.nio.ch.SocketChannelImpl.finishConnect(SocketChannelImpl.java:717)
	at org.apache.ratis.thirdparty.io.netty.channel.socket.nio.NioSocketChannel.doFinishConnect(NioSocketChannel.java:327)
	at org.apache.ratis.thirdparty.io.netty.channel.nio.AbstractNioChannel$AbstractNioUnsafe.finishConnect(AbstractNioChannel.java:340)
	at org.apache.ratis.thirdparty.io.netty.channel.nio.NioEventLoop.processSelectedKey(NioEventLoop.java:632)
	at org.apache.ratis.thirdparty.io.netty.channel.nio.NioEventLoop.processSelectedKeysOptimized(NioEventLoop.java:579)
	at org.apache.ratis.thirdparty.io.netty.channel.nio.NioEventLoop.processSelectedKeys(NioEventLoop.java:496)
	at org.apache.ratis.thirdparty.io.netty.channel.nio.NioEventLoop.run(NioEventLoop.java:458)
	at org.apache.ratis.thirdparty.io.netty.util.concurrent.SingleThreadEventExecutor$5.run(SingleThreadEventExecutor.java:897)
	at org.apache.ratis.thirdparty.io.netty.util.concurrent.FastThreadLocalRunnable.run(FastThreadLocalRunnable.java:30)
	... 1 more
Caused by: java.net.ConnectException: Connection refused
	... 11 more
2019-10-16 21:12:21,708 [52743044-8979-4a08-8013-92a14c548982@group-146C50BE7901-LeaderElection294] INFO  impl.RaftServerImpl (RaftServerImpl.java:setRole(184)) - 52743044-8979-4a08-8013-92a14c548982@group-146C50BE7901: changes role from CANDIDATE to FOLLOWER at term 351 for DISCOVERED_A_NEW_TERM
2019-10-16 21:12:21,708 [52743044-8979-4a08-8013-92a14c548982@group-146C50BE7901-LeaderElection294] INFO  impl.RoleInfo (RoleInfo.java:shutdownLeaderElection(134)) - 52743044-8979-4a08-8013-92a14c548982: shutdown LeaderElection
2019-10-16 21:12:21,708 [52743044-8979-4a08-8013-92a14c548982@group-146C50BE7901-LeaderElection294] INFO  impl.RoleInfo (RoleInfo.java:updateAndGet(143)) - 52743044-8979-4a08-8013-92a14c548982: start FollowerState
2019-10-16 21:12:21,850 [Thread-2220] INFO  impl.FollowerState (FollowerState.java:run(108)) - 52743044-8979-4a08-8013-92a14c548982@group-146C50BE7901-FollowerState: change to CANDIDATE, lastRpcTime:142ms, electionTimeout:142ms
2019-10-16 21:12:21,851 [Thread-2220] INFO  impl.RoleInfo (RoleInfo.java:shutdownFollowerState(121)) - 52743044-8979-4a08-8013-92a14c548982: shutdown FollowerState
2019-10-16 21:12:21,851 [Thread-2220] INFO  impl.RaftServerImpl (RaftServerImpl.java:setRole(184)) - 52743044-8979-4a08-8013-92a14c548982@group-146C50BE7901: changes role from  FOLLOWER to CANDIDATE at term 351 for changeToCandidate
2019-10-16 21:12:21,851 [Thread-2220] INFO  impl.RoleInfo (RoleInfo.java:updateAndGet(143)) - 52743044-8979-4a08-8013-92a14c548982: start LeaderElection
2019-10-16 21:12:21,912 [52743044-8979-4a08-8013-92a14c548982@group-146C50BE7901-LeaderElection295] INFO  impl.LeaderElection (LeaderElection.java:askForVotes(178)) - 52743044-8979-4a08-8013-92a14c548982@group-146C50BE7901-LeaderElection295: begin an election at term 352 for -1: [904f39be-c3d3-4df4-99c0-2e4526e577e3:192.168.157.254:45339, 52743044-8979-4a08-8013-92a14c548982:192.168.157.254:36428, 65da0c80-3604-4ac2-9a39-ee88d748a153:192.168.157.254:37466], old=null
2019-10-16 21:12:21,913 [52743044-8979-4a08-8013-92a14c548982@group-146C50BE7901-LeaderElection295] INFO  impl.LeaderElection (LogUtils.java:infoOrTrace(149)) - 52743044-8979-4a08-8013-92a14c548982@group-146C50BE7901-LeaderElection295 got exception when requesting votes: {}
java.util.concurrent.ExecutionException: org.apache.ratis.thirdparty.io.grpc.StatusRuntimeException: UNAVAILABLE: io exception
	at java.util.concurrent.FutureTask.report(FutureTask.java:122)
	at java.util.concurrent.FutureTask.get(FutureTask.java:192)
	at org.apache.ratis.server.impl.LeaderElection.waitForResults(LeaderElection.java:259)
	at org.apache.ratis.server.impl.LeaderElection.askForVotes(LeaderElection.java:197)
	at org.apache.ratis.server.impl.LeaderElection.run(LeaderElection.java:133)
	at java.lang.Thread.run(Thread.java:748)
Caused by: org.apache.ratis.thirdparty.io.grpc.StatusRuntimeException: UNAVAILABLE: io exception
	at org.apache.ratis.thirdparty.io.grpc.stub.ClientCalls.toStatusRuntimeException(ClientCalls.java:233)
	at org.apache.ratis.thirdparty.io.grpc.stub.ClientCalls.getUnchecked(ClientCalls.java:214)
	at org.apache.ratis.thirdparty.io.grpc.stub.ClientCalls.blockingUnaryCall(ClientCalls.java:139)
	at org.apache.ratis.proto.grpc.RaftServerProtocolServiceGrpc$RaftServerProtocolServiceBlockingStub.requestVote(RaftServerProtocolServiceGrpc.java:265)
	at org.apache.ratis.grpc.server.GrpcServerProtocolClient.requestVote(GrpcServerProtocolClient.java:99)
	at org.apache.ratis.grpc.server.GrpcService.requestVote(GrpcService.java:204)
	at org.apache.ratis.server.impl.LeaderElection.lambda$submitRequests$1(LeaderElection.java:234)
	at java.util.concurrent.FutureTask.run(FutureTask.java:266)
	at java.util.concurrent.Executors$RunnableAdapter.call(Executors.java:511)
	at java.util.concurrent.FutureTask.run(FutureTask.java:266)
	at java.util.concurrent.ThreadPoolExecutor.runWorker(ThreadPoolExecutor.java:1149)
	at java.util.concurrent.ThreadPoolExecutor$Worker.run(ThreadPoolExecutor.java:624)
	... 1 more
Caused by: org.apache.ratis.thirdparty.io.netty.channel.AbstractChannel$AnnotatedConnectException: Connection refused: /192.168.157.254:45339
	at sun.nio.ch.SocketChannelImpl.checkConnect(Native Method)
	at sun.nio.ch.SocketChannelImpl.finishConnect(SocketChannelImpl.java:717)
	at org.apache.ratis.thirdparty.io.netty.channel.socket.nio.NioSocketChannel.doFinishConnect(NioSocketChannel.java:327)
	at org.apache.ratis.thirdparty.io.netty.channel.nio.AbstractNioChannel$AbstractNioUnsafe.finishConnect(AbstractNioChannel.java:340)
	at org.apache.ratis.thirdparty.io.netty.channel.nio.NioEventLoop.processSelectedKey(NioEventLoop.java:632)
	at org.apache.ratis.thirdparty.io.netty.channel.nio.NioEventLoop.processSelectedKeysOptimized(NioEventLoop.java:579)
	at org.apache.ratis.thirdparty.io.netty.channel.nio.NioEventLoop.processSelectedKeys(NioEventLoop.java:496)
	at org.apache.ratis.thirdparty.io.netty.channel.nio.NioEventLoop.run(NioEventLoop.java:458)
	at org.apache.ratis.thirdparty.io.netty.util.concurrent.SingleThreadEventExecutor$5.run(SingleThreadEventExecutor.java:897)
	at org.apache.ratis.thirdparty.io.netty.util.concurrent.FastThreadLocalRunnable.run(FastThreadLocalRunnable.java:30)
	... 1 more
Caused by: java.net.ConnectException: Connection refused
	... 11 more
2019-10-16 21:12:21,915 [52743044-8979-4a08-8013-92a14c548982@group-146C50BE7901-LeaderElection295] INFO  impl.LeaderElection (LogUtils.java:infoOrTrace(149)) - 52743044-8979-4a08-8013-92a14c548982@group-146C50BE7901-LeaderElection295 got exception when requesting votes: {}
java.util.concurrent.ExecutionException: org.apache.ratis.thirdparty.io.grpc.StatusRuntimeException: UNAVAILABLE: io exception
	at java.util.concurrent.FutureTask.report(FutureTask.java:122)
	at java.util.concurrent.FutureTask.get(FutureTask.java:192)
	at org.apache.ratis.server.impl.LeaderElection.waitForResults(LeaderElection.java:259)
	at org.apache.ratis.server.impl.LeaderElection.askForVotes(LeaderElection.java:197)
	at org.apache.ratis.server.impl.LeaderElection.run(LeaderElection.java:133)
	at java.lang.Thread.run(Thread.java:748)
Caused by: org.apache.ratis.thirdparty.io.grpc.StatusRuntimeException: UNAVAILABLE: io exception
	at org.apache.ratis.thirdparty.io.grpc.stub.ClientCalls.toStatusRuntimeException(ClientCalls.java:233)
	at org.apache.ratis.thirdparty.io.grpc.stub.ClientCalls.getUnchecked(ClientCalls.java:214)
	at org.apache.ratis.thirdparty.io.grpc.stub.ClientCalls.blockingUnaryCall(ClientCalls.java:139)
	at org.apache.ratis.proto.grpc.RaftServerProtocolServiceGrpc$RaftServerProtocolServiceBlockingStub.requestVote(RaftServerProtocolServiceGrpc.java:265)
	at org.apache.ratis.grpc.server.GrpcServerProtocolClient.requestVote(GrpcServerProtocolClient.java:99)
	at org.apache.ratis.grpc.server.GrpcService.requestVote(GrpcService.java:204)
	at org.apache.ratis.server.impl.LeaderElection.lambda$submitRequests$1(LeaderElection.java:234)
	at java.util.concurrent.FutureTask.run(FutureTask.java:266)
	at java.util.concurrent.Executors$RunnableAdapter.call(Executors.java:511)
	at java.util.concurrent.FutureTask.run(FutureTask.java:266)
	at java.util.concurrent.ThreadPoolExecutor.runWorker(ThreadPoolExecutor.java:1149)
	at java.util.concurrent.ThreadPoolExecutor$Worker.run(ThreadPoolExecutor.java:624)
	... 1 more
Caused by: org.apache.ratis.thirdparty.io.netty.channel.AbstractChannel$AnnotatedConnectException: Connection refused: /192.168.157.254:37466
	at sun.nio.ch.SocketChannelImpl.checkConnect(Native Method)
	at sun.nio.ch.SocketChannelImpl.finishConnect(SocketChannelImpl.java:717)
	at org.apache.ratis.thirdparty.io.netty.channel.socket.nio.NioSocketChannel.doFinishConnect(NioSocketChannel.java:327)
	at org.apache.ratis.thirdparty.io.netty.channel.nio.AbstractNioChannel$AbstractNioUnsafe.finishConnect(AbstractNioChannel.java:340)
	at org.apache.ratis.thirdparty.io.netty.channel.nio.NioEventLoop.processSelectedKey(NioEventLoop.java:632)
	at org.apache.ratis.thirdparty.io.netty.channel.nio.NioEventLoop.processSelectedKeysOptimized(NioEventLoop.java:579)
	at org.apache.ratis.thirdparty.io.netty.channel.nio.NioEventLoop.processSelectedKeys(NioEventLoop.java:496)
	at org.apache.ratis.thirdparty.io.netty.channel.nio.NioEventLoop.run(NioEventLoop.java:458)
	at org.apache.ratis.thirdparty.io.netty.util.concurrent.SingleThreadEventExecutor$5.run(SingleThreadEventExecutor.java:897)
	at org.apache.ratis.thirdparty.io.netty.util.concurrent.FastThreadLocalRunnable.run(FastThreadLocalRunnable.java:30)
	... 1 more
Caused by: java.net.ConnectException: Connection refused
	... 11 more
2019-10-16 21:12:21,917 [52743044-8979-4a08-8013-92a14c548982@group-146C50BE7901-LeaderElection295] INFO  impl.LeaderElection (LeaderElection.java:logAndReturn(56)) - 52743044-8979-4a08-8013-92a14c548982@group-146C50BE7901-LeaderElection295: Election REJECTED; received 0 response(s) [] and 2 exception(s); 52743044-8979-4a08-8013-92a14c548982@group-146C50BE7901:t352, leader=null, voted=52743044-8979-4a08-8013-92a14c548982, raftlog=52743044-8979-4a08-8013-92a14c548982@group-146C50BE7901-SegmentedRaftLog:OPENED:c-1,f-1,i0, conf=-1: [904f39be-c3d3-4df4-99c0-2e4526e577e3:192.168.157.254:45339, 52743044-8979-4a08-8013-92a14c548982:192.168.157.254:36428, 65da0c80-3604-4ac2-9a39-ee88d748a153:192.168.157.254:37466], old=null
2019-10-16 21:12:21,917 [52743044-8979-4a08-8013-92a14c548982@group-146C50BE7901-LeaderElection295] INFO  impl.LeaderElection (LogUtils.java:infoOrTrace(149)) -   Exception 0: {}
java.util.concurrent.ExecutionException: org.apache.ratis.thirdparty.io.grpc.StatusRuntimeException: UNAVAILABLE: io exception
	at java.util.concurrent.FutureTask.report(FutureTask.java:122)
	at java.util.concurrent.FutureTask.get(FutureTask.java:192)
	at org.apache.ratis.server.impl.LeaderElection.waitForResults(LeaderElection.java:259)
	at org.apache.ratis.server.impl.LeaderElection.askForVotes(LeaderElection.java:197)
	at org.apache.ratis.server.impl.LeaderElection.run(LeaderElection.java:133)
	at java.lang.Thread.run(Thread.java:748)
Caused by: org.apache.ratis.thirdparty.io.grpc.StatusRuntimeException: UNAVAILABLE: io exception
	at org.apache.ratis.thirdparty.io.grpc.stub.ClientCalls.toStatusRuntimeException(ClientCalls.java:233)
	at org.apache.ratis.thirdparty.io.grpc.stub.ClientCalls.getUnchecked(ClientCalls.java:214)
	at org.apache.ratis.thirdparty.io.grpc.stub.ClientCalls.blockingUnaryCall(ClientCalls.java:139)
	at org.apache.ratis.proto.grpc.RaftServerProtocolServiceGrpc$RaftServerProtocolServiceBlockingStub.requestVote(RaftServerProtocolServiceGrpc.java:265)
	at org.apache.ratis.grpc.server.GrpcServerProtocolClient.requestVote(GrpcServerProtocolClient.java:99)
	at org.apache.ratis.grpc.server.GrpcService.requestVote(GrpcService.java:204)
	at org.apache.ratis.server.impl.LeaderElection.lambda$submitRequests$1(LeaderElection.java:234)
	at java.util.concurrent.FutureTask.run(FutureTask.java:266)
	at java.util.concurrent.Executors$RunnableAdapter.call(Executors.java:511)
	at java.util.concurrent.FutureTask.run(FutureTask.java:266)
	at java.util.concurrent.ThreadPoolExecutor.runWorker(ThreadPoolExecutor.java:1149)
	at java.util.concurrent.ThreadPoolExecutor$Worker.run(ThreadPoolExecutor.java:624)
	... 1 more
Caused by: org.apache.ratis.thirdparty.io.netty.channel.AbstractChannel$AnnotatedConnectException: Connection refused: /192.168.157.254:45339
	at sun.nio.ch.SocketChannelImpl.checkConnect(Native Method)
	at sun.nio.ch.SocketChannelImpl.finishConnect(SocketChannelImpl.java:717)
	at org.apache.ratis.thirdparty.io.netty.channel.socket.nio.NioSocketChannel.doFinishConnect(NioSocketChannel.java:327)
	at org.apache.ratis.thirdparty.io.netty.channel.nio.AbstractNioChannel$AbstractNioUnsafe.finishConnect(AbstractNioChannel.java:340)
	at org.apache.ratis.thirdparty.io.netty.channel.nio.NioEventLoop.processSelectedKey(NioEventLoop.java:632)
	at org.apache.ratis.thirdparty.io.netty.channel.nio.NioEventLoop.processSelectedKeysOptimized(NioEventLoop.java:579)
	at org.apache.ratis.thirdparty.io.netty.channel.nio.NioEventLoop.processSelectedKeys(NioEventLoop.java:496)
	at org.apache.ratis.thirdparty.io.netty.channel.nio.NioEventLoop.run(NioEventLoop.java:458)
	at org.apache.ratis.thirdparty.io.netty.util.concurrent.SingleThreadEventExecutor$5.run(SingleThreadEventExecutor.java:897)
	at org.apache.ratis.thirdparty.io.netty.util.concurrent.FastThreadLocalRunnable.run(FastThreadLocalRunnable.java:30)
	... 1 more
Caused by: java.net.ConnectException: Connection refused
	... 11 more
2019-10-16 21:12:21,917 [52743044-8979-4a08-8013-92a14c548982@group-146C50BE7901-LeaderElection295] INFO  impl.LeaderElection (LogUtils.java:infoOrTrace(149)) -   Exception 1: {}
java.util.concurrent.ExecutionException: org.apache.ratis.thirdparty.io.grpc.StatusRuntimeException: UNAVAILABLE: io exception
	at java.util.concurrent.FutureTask.report(FutureTask.java:122)
	at java.util.concurrent.FutureTask.get(FutureTask.java:192)
	at org.apache.ratis.server.impl.LeaderElection.waitForResults(LeaderElection.java:259)
	at org.apache.ratis.server.impl.LeaderElection.askForVotes(LeaderElection.java:197)
	at org.apache.ratis.server.impl.LeaderElection.run(LeaderElection.java:133)
	at java.lang.Thread.run(Thread.java:748)
Caused by: org.apache.ratis.thirdparty.io.grpc.StatusRuntimeException: UNAVAILABLE: io exception
	at org.apache.ratis.thirdparty.io.grpc.stub.ClientCalls.toStatusRuntimeException(ClientCalls.java:233)
	at org.apache.ratis.thirdparty.io.grpc.stub.ClientCalls.getUnchecked(ClientCalls.java:214)
	at org.apache.ratis.thirdparty.io.grpc.stub.ClientCalls.blockingUnaryCall(ClientCalls.java:139)
	at org.apache.ratis.proto.grpc.RaftServerProtocolServiceGrpc$RaftServerProtocolServiceBlockingStub.requestVote(RaftServerProtocolServiceGrpc.java:265)
	at org.apache.ratis.grpc.server.GrpcServerProtocolClient.requestVote(GrpcServerProtocolClient.java:99)
	at org.apache.ratis.grpc.server.GrpcService.requestVote(GrpcService.java:204)
	at org.apache.ratis.server.impl.LeaderElection.lambda$submitRequests$1(LeaderElection.java:234)
	at java.util.concurrent.FutureTask.run(FutureTask.java:266)
	at java.util.concurrent.Executors$RunnableAdapter.call(Executors.java:511)
	at java.util.concurrent.FutureTask.run(FutureTask.java:266)
	at java.util.concurrent.ThreadPoolExecutor.runWorker(ThreadPoolExecutor.java:1149)
	at java.util.concurrent.ThreadPoolExecutor$Worker.run(ThreadPoolExecutor.java:624)
	... 1 more
Caused by: org.apache.ratis.thirdparty.io.netty.channel.AbstractChannel$AnnotatedConnectException: Connection refused: /192.168.157.254:37466
	at sun.nio.ch.SocketChannelImpl.checkConnect(Native Method)
	at sun.nio.ch.SocketChannelImpl.finishConnect(SocketChannelImpl.java:717)
	at org.apache.ratis.thirdparty.io.netty.channel.socket.nio.NioSocketChannel.doFinishConnect(NioSocketChannel.java:327)
	at org.apache.ratis.thirdparty.io.netty.channel.nio.AbstractNioChannel$AbstractNioUnsafe.finishConnect(AbstractNioChannel.java:340)
	at org.apache.ratis.thirdparty.io.netty.channel.nio.NioEventLoop.processSelectedKey(NioEventLoop.java:632)
	at org.apache.ratis.thirdparty.io.netty.channel.nio.NioEventLoop.processSelectedKeysOptimized(NioEventLoop.java:579)
	at org.apache.ratis.thirdparty.io.netty.channel.nio.NioEventLoop.processSelectedKeys(NioEventLoop.java:496)
	at org.apache.ratis.thirdparty.io.netty.channel.nio.NioEventLoop.run(NioEventLoop.java:458)
	at org.apache.ratis.thirdparty.io.netty.util.concurrent.SingleThreadEventExecutor$5.run(SingleThreadEventExecutor.java:897)
	at org.apache.ratis.thirdparty.io.netty.util.concurrent.FastThreadLocalRunnable.run(FastThreadLocalRunnable.java:30)
	... 1 more
Caused by: java.net.ConnectException: Connection refused
	... 11 more
2019-10-16 21:12:21,918 [52743044-8979-4a08-8013-92a14c548982@group-146C50BE7901-LeaderElection295] INFO  impl.RaftServerImpl (RaftServerImpl.java:setRole(184)) - 52743044-8979-4a08-8013-92a14c548982@group-146C50BE7901: changes role from CANDIDATE to FOLLOWER at term 352 for DISCOVERED_A_NEW_TERM
2019-10-16 21:12:21,918 [52743044-8979-4a08-8013-92a14c548982@group-146C50BE7901-LeaderElection295] INFO  impl.RoleInfo (RoleInfo.java:shutdownLeaderElection(134)) - 52743044-8979-4a08-8013-92a14c548982: shutdown LeaderElection
2019-10-16 21:12:21,918 [52743044-8979-4a08-8013-92a14c548982@group-146C50BE7901-LeaderElection295] INFO  impl.RoleInfo (RoleInfo.java:updateAndGet(143)) - 52743044-8979-4a08-8013-92a14c548982: start FollowerState
2019-10-16 21:12:21,991 [Thread-2224] INFO  impl.FollowerState (FollowerState.java:run(108)) - 52743044-8979-4a08-8013-92a14c548982@group-146C50BE7901-FollowerState: change to CANDIDATE, lastRpcTime:73ms, electionTimeout:73ms
2019-10-16 21:12:21,992 [Thread-2224] INFO  impl.RoleInfo (RoleInfo.java:shutdownFollowerState(121)) - 52743044-8979-4a08-8013-92a14c548982: shutdown FollowerState
2019-10-16 21:12:21,992 [Thread-2224] INFO  impl.RaftServerImpl (RaftServerImpl.java:setRole(184)) - 52743044-8979-4a08-8013-92a14c548982@group-146C50BE7901: changes role from  FOLLOWER to CANDIDATE at term 352 for changeToCandidate
2019-10-16 21:12:21,992 [Thread-2224] INFO  impl.RoleInfo (RoleInfo.java:updateAndGet(143)) - 52743044-8979-4a08-8013-92a14c548982: start LeaderElection
2019-10-16 21:12:22,030 [52743044-8979-4a08-8013-92a14c548982@group-146C50BE7901-LeaderElection296] INFO  impl.LeaderElection (LeaderElection.java:askForVotes(178)) - 52743044-8979-4a08-8013-92a14c548982@group-146C50BE7901-LeaderElection296: begin an election at term 353 for -1: [904f39be-c3d3-4df4-99c0-2e4526e577e3:192.168.157.254:45339, 52743044-8979-4a08-8013-92a14c548982:192.168.157.254:36428, 65da0c80-3604-4ac2-9a39-ee88d748a153:192.168.157.254:37466], old=null
2019-10-16 21:12:22,031 [52743044-8979-4a08-8013-92a14c548982@group-146C50BE7901-LeaderElection296] INFO  impl.LeaderElection (LogUtils.java:infoOrTrace(149)) - 52743044-8979-4a08-8013-92a14c548982@group-146C50BE7901-LeaderElection296 got exception when requesting votes: {}
java.util.concurrent.ExecutionException: org.apache.ratis.thirdparty.io.grpc.StatusRuntimeException: UNAVAILABLE: io exception
	at java.util.concurrent.FutureTask.report(FutureTask.java:122)
	at java.util.concurrent.FutureTask.get(FutureTask.java:192)
	at org.apache.ratis.server.impl.LeaderElection.waitForResults(LeaderElection.java:259)
	at org.apache.ratis.server.impl.LeaderElection.askForVotes(LeaderElection.java:197)
	at org.apache.ratis.server.impl.LeaderElection.run(LeaderElection.java:133)
	at java.lang.Thread.run(Thread.java:748)
Caused by: org.apache.ratis.thirdparty.io.grpc.StatusRuntimeException: UNAVAILABLE: io exception
	at org.apache.ratis.thirdparty.io.grpc.stub.ClientCalls.toStatusRuntimeException(ClientCalls.java:233)
	at org.apache.ratis.thirdparty.io.grpc.stub.ClientCalls.getUnchecked(ClientCalls.java:214)
	at org.apache.ratis.thirdparty.io.grpc.stub.ClientCalls.blockingUnaryCall(ClientCalls.java:139)
	at org.apache.ratis.proto.grpc.RaftServerProtocolServiceGrpc$RaftServerProtocolServiceBlockingStub.requestVote(RaftServerProtocolServiceGrpc.java:265)
	at org.apache.ratis.grpc.server.GrpcServerProtocolClient.requestVote(GrpcServerProtocolClient.java:99)
	at org.apache.ratis.grpc.server.GrpcService.requestVote(GrpcService.java:204)
	at org.apache.ratis.server.impl.LeaderElection.lambda$submitRequests$1(LeaderElection.java:234)
	at java.util.concurrent.FutureTask.run(FutureTask.java:266)
	at java.util.concurrent.Executors$RunnableAdapter.call(Executors.java:511)
	at java.util.concurrent.FutureTask.run(FutureTask.java:266)
	at java.util.concurrent.ThreadPoolExecutor.runWorker(ThreadPoolExecutor.java:1149)
	at java.util.concurrent.ThreadPoolExecutor$Worker.run(ThreadPoolExecutor.java:624)
	... 1 more
Caused by: org.apache.ratis.thirdparty.io.netty.channel.AbstractChannel$AnnotatedConnectException: Connection refused: /192.168.157.254:37466
	at sun.nio.ch.SocketChannelImpl.checkConnect(Native Method)
	at sun.nio.ch.SocketChannelImpl.finishConnect(SocketChannelImpl.java:717)
	at org.apache.ratis.thirdparty.io.netty.channel.socket.nio.NioSocketChannel.doFinishConnect(NioSocketChannel.java:327)
	at org.apache.ratis.thirdparty.io.netty.channel.nio.AbstractNioChannel$AbstractNioUnsafe.finishConnect(AbstractNioChannel.java:340)
	at org.apache.ratis.thirdparty.io.netty.channel.nio.NioEventLoop.processSelectedKey(NioEventLoop.java:632)
	at org.apache.ratis.thirdparty.io.netty.channel.nio.NioEventLoop.processSelectedKeysOptimized(NioEventLoop.java:579)
	at org.apache.ratis.thirdparty.io.netty.channel.nio.NioEventLoop.processSelectedKeys(NioEventLoop.java:496)
	at org.apache.ratis.thirdparty.io.netty.channel.nio.NioEventLoop.run(NioEventLoop.java:458)
	at org.apache.ratis.thirdparty.io.netty.util.concurrent.SingleThreadEventExecutor$5.run(SingleThreadEventExecutor.java:897)
	at org.apache.ratis.thirdparty.io.netty.util.concurrent.FastThreadLocalRunnable.run(FastThreadLocalRunnable.java:30)
	... 1 more
Caused by: java.net.ConnectException: Connection refused
	... 11 more
2019-10-16 21:12:22,031 [52743044-8979-4a08-8013-92a14c548982@group-146C50BE7901-LeaderElection296] INFO  impl.LeaderElection (LogUtils.java:infoOrTrace(149)) - 52743044-8979-4a08-8013-92a14c548982@group-146C50BE7901-LeaderElection296 got exception when requesting votes: {}
java.util.concurrent.ExecutionException: org.apache.ratis.thirdparty.io.grpc.StatusRuntimeException: UNAVAILABLE: io exception
	at java.util.concurrent.FutureTask.report(FutureTask.java:122)
	at java.util.concurrent.FutureTask.get(FutureTask.java:192)
	at org.apache.ratis.server.impl.LeaderElection.waitForResults(LeaderElection.java:259)
	at org.apache.ratis.server.impl.LeaderElection.askForVotes(LeaderElection.java:197)
	at org.apache.ratis.server.impl.LeaderElection.run(LeaderElection.java:133)
	at java.lang.Thread.run(Thread.java:748)
Caused by: org.apache.ratis.thirdparty.io.grpc.StatusRuntimeException: UNAVAILABLE: io exception
	at org.apache.ratis.thirdparty.io.grpc.stub.ClientCalls.toStatusRuntimeException(ClientCalls.java:233)
	at org.apache.ratis.thirdparty.io.grpc.stub.ClientCalls.getUnchecked(ClientCalls.java:214)
	at org.apache.ratis.thirdparty.io.grpc.stub.ClientCalls.blockingUnaryCall(ClientCalls.java:139)
	at org.apache.ratis.proto.grpc.RaftServerProtocolServiceGrpc$RaftServerProtocolServiceBlockingStub.requestVote(RaftServerProtocolServiceGrpc.java:265)
	at org.apache.ratis.grpc.server.GrpcServerProtocolClient.requestVote(GrpcServerProtocolClient.java:99)
	at org.apache.ratis.grpc.server.GrpcService.requestVote(GrpcService.java:204)
	at org.apache.ratis.server.impl.LeaderElection.lambda$submitRequests$1(LeaderElection.java:234)
	at java.util.concurrent.FutureTask.run(FutureTask.java:266)
	at java.util.concurrent.Executors$RunnableAdapter.call(Executors.java:511)
	at java.util.concurrent.FutureTask.run(FutureTask.java:266)
	at java.util.concurrent.ThreadPoolExecutor.runWorker(ThreadPoolExecutor.java:1149)
	at java.util.concurrent.ThreadPoolExecutor$Worker.run(ThreadPoolExecutor.java:624)
	... 1 more
Caused by: org.apache.ratis.thirdparty.io.netty.channel.AbstractChannel$AnnotatedConnectException: Connection refused: /192.168.157.254:45339
	at sun.nio.ch.SocketChannelImpl.checkConnect(Native Method)
	at sun.nio.ch.SocketChannelImpl.finishConnect(SocketChannelImpl.java:717)
	at org.apache.ratis.thirdparty.io.netty.channel.socket.nio.NioSocketChannel.doFinishConnect(NioSocketChannel.java:327)
	at org.apache.ratis.thirdparty.io.netty.channel.nio.AbstractNioChannel$AbstractNioUnsafe.finishConnect(AbstractNioChannel.java:340)
	at org.apache.ratis.thirdparty.io.netty.channel.nio.NioEventLoop.processSelectedKey(NioEventLoop.java:632)
	at org.apache.ratis.thirdparty.io.netty.channel.nio.NioEventLoop.processSelectedKeysOptimized(NioEventLoop.java:579)
	at org.apache.ratis.thirdparty.io.netty.channel.nio.NioEventLoop.processSelectedKeys(NioEventLoop.java:496)
	at org.apache.ratis.thirdparty.io.netty.channel.nio.NioEventLoop.run(NioEventLoop.java:458)
	at org.apache.ratis.thirdparty.io.netty.util.concurrent.SingleThreadEventExecutor$5.run(SingleThreadEventExecutor.java:897)
	at org.apache.ratis.thirdparty.io.netty.util.concurrent.FastThreadLocalRunnable.run(FastThreadLocalRunnable.java:30)
	... 1 more
Caused by: java.net.ConnectException: Connection refused
	... 11 more
2019-10-16 21:12:22,032 [52743044-8979-4a08-8013-92a14c548982@group-146C50BE7901-LeaderElection296] INFO  impl.LeaderElection (LeaderElection.java:logAndReturn(56)) - 52743044-8979-4a08-8013-92a14c548982@group-146C50BE7901-LeaderElection296: Election REJECTED; received 0 response(s) [] and 2 exception(s); 52743044-8979-4a08-8013-92a14c548982@group-146C50BE7901:t353, leader=null, voted=52743044-8979-4a08-8013-92a14c548982, raftlog=52743044-8979-4a08-8013-92a14c548982@group-146C50BE7901-SegmentedRaftLog:OPENED:c-1,f-1,i0, conf=-1: [904f39be-c3d3-4df4-99c0-2e4526e577e3:192.168.157.254:45339, 52743044-8979-4a08-8013-92a14c548982:192.168.157.254:36428, 65da0c80-3604-4ac2-9a39-ee88d748a153:192.168.157.254:37466], old=null
2019-10-16 21:12:22,032 [52743044-8979-4a08-8013-92a14c548982@group-146C50BE7901-LeaderElection296] INFO  impl.LeaderElection (LogUtils.java:infoOrTrace(149)) -   Exception 0: {}
java.util.concurrent.ExecutionException: org.apache.ratis.thirdparty.io.grpc.StatusRuntimeException: UNAVAILABLE: io exception
	at java.util.concurrent.FutureTask.report(FutureTask.java:122)
	at java.util.concurrent.FutureTask.get(FutureTask.java:192)
	at org.apache.ratis.server.impl.LeaderElection.waitForResults(LeaderElection.java:259)
	at org.apache.ratis.server.impl.LeaderElection.askForVotes(LeaderElection.java:197)
	at org.apache.ratis.server.impl.LeaderElection.run(LeaderElection.java:133)
	at java.lang.Thread.run(Thread.java:748)
Caused by: org.apache.ratis.thirdparty.io.grpc.StatusRuntimeException: UNAVAILABLE: io exception
	at org.apache.ratis.thirdparty.io.grpc.stub.ClientCalls.toStatusRuntimeException(ClientCalls.java:233)
	at org.apache.ratis.thirdparty.io.grpc.stub.ClientCalls.getUnchecked(ClientCalls.java:214)
	at org.apache.ratis.thirdparty.io.grpc.stub.ClientCalls.blockingUnaryCall(ClientCalls.java:139)
	at org.apache.ratis.proto.grpc.RaftServerProtocolServiceGrpc$RaftServerProtocolServiceBlockingStub.requestVote(RaftServerProtocolServiceGrpc.java:265)
	at org.apache.ratis.grpc.server.GrpcServerProtocolClient.requestVote(GrpcServerProtocolClient.java:99)
	at org.apache.ratis.grpc.server.GrpcService.requestVote(GrpcService.java:204)
	at org.apache.ratis.server.impl.LeaderElection.lambda$submitRequests$1(LeaderElection.java:234)
	at java.util.concurrent.FutureTask.run(FutureTask.java:266)
	at java.util.concurrent.Executors$RunnableAdapter.call(Executors.java:511)
	at java.util.concurrent.FutureTask.run(FutureTask.java:266)
	at java.util.concurrent.ThreadPoolExecutor.runWorker(ThreadPoolExecutor.java:1149)
	at java.util.concurrent.ThreadPoolExecutor$Worker.run(ThreadPoolExecutor.java:624)
	... 1 more
Caused by: org.apache.ratis.thirdparty.io.netty.channel.AbstractChannel$AnnotatedConnectException: Connection refused: /192.168.157.254:37466
	at sun.nio.ch.SocketChannelImpl.checkConnect(Native Method)
	at sun.nio.ch.SocketChannelImpl.finishConnect(SocketChannelImpl.java:717)
	at org.apache.ratis.thirdparty.io.netty.channel.socket.nio.NioSocketChannel.doFinishConnect(NioSocketChannel.java:327)
	at org.apache.ratis.thirdparty.io.netty.channel.nio.AbstractNioChannel$AbstractNioUnsafe.finishConnect(AbstractNioChannel.java:340)
	at org.apache.ratis.thirdparty.io.netty.channel.nio.NioEventLoop.processSelectedKey(NioEventLoop.java:632)
	at org.apache.ratis.thirdparty.io.netty.channel.nio.NioEventLoop.processSelectedKeysOptimized(NioEventLoop.java:579)
	at org.apache.ratis.thirdparty.io.netty.channel.nio.NioEventLoop.processSelectedKeys(NioEventLoop.java:496)
	at org.apache.ratis.thirdparty.io.netty.channel.nio.NioEventLoop.run(NioEventLoop.java:458)
	at org.apache.ratis.thirdparty.io.netty.util.concurrent.SingleThreadEventExecutor$5.run(SingleThreadEventExecutor.java:897)
	at org.apache.ratis.thirdparty.io.netty.util.concurrent.FastThreadLocalRunnable.run(FastThreadLocalRunnable.java:30)
	... 1 more
Caused by: java.net.ConnectException: Connection refused
	... 11 more
2019-10-16 21:12:22,032 [52743044-8979-4a08-8013-92a14c548982@group-146C50BE7901-LeaderElection296] INFO  impl.LeaderElection (LogUtils.java:infoOrTrace(149)) -   Exception 1: {}
java.util.concurrent.ExecutionException: org.apache.ratis.thirdparty.io.grpc.StatusRuntimeException: UNAVAILABLE: io exception
	at java.util.concurrent.FutureTask.report(FutureTask.java:122)
	at java.util.concurrent.FutureTask.get(FutureTask.java:192)
	at org.apache.ratis.server.impl.LeaderElection.waitForResults(LeaderElection.java:259)
	at org.apache.ratis.server.impl.LeaderElection.askForVotes(LeaderElection.java:197)
	at org.apache.ratis.server.impl.LeaderElection.run(LeaderElection.java:133)
	at java.lang.Thread.run(Thread.java:748)
Caused by: org.apache.ratis.thirdparty.io.grpc.StatusRuntimeException: UNAVAILABLE: io exception
	at org.apache.ratis.thirdparty.io.grpc.stub.ClientCalls.toStatusRuntimeException(ClientCalls.java:233)
	at org.apache.ratis.thirdparty.io.grpc.stub.ClientCalls.getUnchecked(ClientCalls.java:214)
	at org.apache.ratis.thirdparty.io.grpc.stub.ClientCalls.blockingUnaryCall(ClientCalls.java:139)
	at org.apache.ratis.proto.grpc.RaftServerProtocolServiceGrpc$RaftServerProtocolServiceBlockingStub.requestVote(RaftServerProtocolServiceGrpc.java:265)
	at org.apache.ratis.grpc.server.GrpcServerProtocolClient.requestVote(GrpcServerProtocolClient.java:99)
	at org.apache.ratis.grpc.server.GrpcService.requestVote(GrpcService.java:204)
	at org.apache.ratis.server.impl.LeaderElection.lambda$submitRequests$1(LeaderElection.java:234)
	at java.util.concurrent.FutureTask.run(FutureTask.java:266)
	at java.util.concurrent.Executors$RunnableAdapter.call(Executors.java:511)
	at java.util.concurrent.FutureTask.run(FutureTask.java:266)
	at java.util.concurrent.ThreadPoolExecutor.runWorker(ThreadPoolExecutor.java:1149)
	at java.util.concurrent.ThreadPoolExecutor$Worker.run(ThreadPoolExecutor.java:624)
	... 1 more
Caused by: org.apache.ratis.thirdparty.io.netty.channel.AbstractChannel$AnnotatedConnectException: Connection refused: /192.168.157.254:45339
	at sun.nio.ch.SocketChannelImpl.checkConnect(Native Method)
	at sun.nio.ch.SocketChannelImpl.finishConnect(SocketChannelImpl.java:717)
	at org.apache.ratis.thirdparty.io.netty.channel.socket.nio.NioSocketChannel.doFinishConnect(NioSocketChannel.java:327)
	at org.apache.ratis.thirdparty.io.netty.channel.nio.AbstractNioChannel$AbstractNioUnsafe.finishConnect(AbstractNioChannel.java:340)
	at org.apache.ratis.thirdparty.io.netty.channel.nio.NioEventLoop.processSelectedKey(NioEventLoop.java:632)
	at org.apache.ratis.thirdparty.io.netty.channel.nio.NioEventLoop.processSelectedKeysOptimized(NioEventLoop.java:579)
	at org.apache.ratis.thirdparty.io.netty.channel.nio.NioEventLoop.processSelectedKeys(NioEventLoop.java:496)
	at org.apache.ratis.thirdparty.io.netty.channel.nio.NioEventLoop.run(NioEventLoop.java:458)
	at org.apache.ratis.thirdparty.io.netty.util.concurrent.SingleThreadEventExecutor$5.run(SingleThreadEventExecutor.java:897)
	at org.apache.ratis.thirdparty.io.netty.util.concurrent.FastThreadLocalRunnable.run(FastThreadLocalRunnable.java:30)
	... 1 more
Caused by: java.net.ConnectException: Connection refused
	... 11 more
2019-10-16 21:12:22,032 [52743044-8979-4a08-8013-92a14c548982@group-146C50BE7901-LeaderElection296] INFO  impl.RaftServerImpl (RaftServerImpl.java:setRole(184)) - 52743044-8979-4a08-8013-92a14c548982@group-146C50BE7901: changes role from CANDIDATE to FOLLOWER at term 353 for DISCOVERED_A_NEW_TERM
2019-10-16 21:12:22,033 [52743044-8979-4a08-8013-92a14c548982@group-146C50BE7901-LeaderElection296] INFO  impl.RoleInfo (RoleInfo.java:shutdownLeaderElection(134)) - 52743044-8979-4a08-8013-92a14c548982: shutdown LeaderElection
2019-10-16 21:12:22,033 [52743044-8979-4a08-8013-92a14c548982@group-146C50BE7901-LeaderElection296] INFO  impl.RoleInfo (RoleInfo.java:updateAndGet(143)) - 52743044-8979-4a08-8013-92a14c548982: start FollowerState
2019-10-16 21:12:22,231 [Thread-2228] INFO  impl.FollowerState (FollowerState.java:run(108)) - 52743044-8979-4a08-8013-92a14c548982@group-146C50BE7901-FollowerState: change to CANDIDATE, lastRpcTime:198ms, electionTimeout:198ms
2019-10-16 21:12:22,231 [Thread-2228] INFO  impl.RoleInfo (RoleInfo.java:shutdownFollowerState(121)) - 52743044-8979-4a08-8013-92a14c548982: shutdown FollowerState
2019-10-16 21:12:22,231 [Thread-2228] INFO  impl.RaftServerImpl (RaftServerImpl.java:setRole(184)) - 52743044-8979-4a08-8013-92a14c548982@group-146C50BE7901: changes role from  FOLLOWER to CANDIDATE at term 353 for changeToCandidate
2019-10-16 21:12:22,232 [Thread-2228] INFO  impl.RoleInfo (RoleInfo.java:updateAndGet(143)) - 52743044-8979-4a08-8013-92a14c548982: start LeaderElection
2019-10-16 21:12:22,269 [52743044-8979-4a08-8013-92a14c548982@group-146C50BE7901-LeaderElection297] INFO  impl.LeaderElection (LeaderElection.java:askForVotes(178)) - 52743044-8979-4a08-8013-92a14c548982@group-146C50BE7901-LeaderElection297: begin an election at term 354 for -1: [904f39be-c3d3-4df4-99c0-2e4526e577e3:192.168.157.254:45339, 52743044-8979-4a08-8013-92a14c548982:192.168.157.254:36428, 65da0c80-3604-4ac2-9a39-ee88d748a153:192.168.157.254:37466], old=null
2019-10-16 21:12:22,270 [52743044-8979-4a08-8013-92a14c548982@group-146C50BE7901-LeaderElection297] INFO  impl.LeaderElection (LogUtils.java:infoOrTrace(149)) - 52743044-8979-4a08-8013-92a14c548982@group-146C50BE7901-LeaderElection297 got exception when requesting votes: {}
java.util.concurrent.ExecutionException: org.apache.ratis.thirdparty.io.grpc.StatusRuntimeException: UNAVAILABLE: io exception
	at java.util.concurrent.FutureTask.report(FutureTask.java:122)
	at java.util.concurrent.FutureTask.get(FutureTask.java:192)
	at org.apache.ratis.server.impl.LeaderElection.waitForResults(LeaderElection.java:259)
	at org.apache.ratis.server.impl.LeaderElection.askForVotes(LeaderElection.java:197)
	at org.apache.ratis.server.impl.LeaderElection.run(LeaderElection.java:133)
	at java.lang.Thread.run(Thread.java:748)
Caused by: org.apache.ratis.thirdparty.io.grpc.StatusRuntimeException: UNAVAILABLE: io exception
	at org.apache.ratis.thirdparty.io.grpc.stub.ClientCalls.toStatusRuntimeException(ClientCalls.java:233)
	at org.apache.ratis.thirdparty.io.grpc.stub.ClientCalls.getUnchecked(ClientCalls.java:214)
	at org.apache.ratis.thirdparty.io.grpc.stub.ClientCalls.blockingUnaryCall(ClientCalls.java:139)
	at org.apache.ratis.proto.grpc.RaftServerProtocolServiceGrpc$RaftServerProtocolServiceBlockingStub.requestVote(RaftServerProtocolServiceGrpc.java:265)
	at org.apache.ratis.grpc.server.GrpcServerProtocolClient.requestVote(GrpcServerProtocolClient.java:99)
	at org.apache.ratis.grpc.server.GrpcService.requestVote(GrpcService.java:204)
	at org.apache.ratis.server.impl.LeaderElection.lambda$submitRequests$1(LeaderElection.java:234)
	at java.util.concurrent.FutureTask.run(FutureTask.java:266)
	at java.util.concurrent.Executors$RunnableAdapter.call(Executors.java:511)
	at java.util.concurrent.FutureTask.run(FutureTask.java:266)
	at java.util.concurrent.ThreadPoolExecutor.runWorker(ThreadPoolExecutor.java:1149)
	at java.util.concurrent.ThreadPoolExecutor$Worker.run(ThreadPoolExecutor.java:624)
	... 1 more
Caused by: org.apache.ratis.thirdparty.io.netty.channel.AbstractChannel$AnnotatedConnectException: Connection refused: /192.168.157.254:37466
	at sun.nio.ch.SocketChannelImpl.checkConnect(Native Method)
	at sun.nio.ch.SocketChannelImpl.finishConnect(SocketChannelImpl.java:717)
	at org.apache.ratis.thirdparty.io.netty.channel.socket.nio.NioSocketChannel.doFinishConnect(NioSocketChannel.java:327)
	at org.apache.ratis.thirdparty.io.netty.channel.nio.AbstractNioChannel$AbstractNioUnsafe.finishConnect(AbstractNioChannel.java:340)
	at org.apache.ratis.thirdparty.io.netty.channel.nio.NioEventLoop.processSelectedKey(NioEventLoop.java:632)
	at org.apache.ratis.thirdparty.io.netty.channel.nio.NioEventLoop.processSelectedKeysOptimized(NioEventLoop.java:579)
	at org.apache.ratis.thirdparty.io.netty.channel.nio.NioEventLoop.processSelectedKeys(NioEventLoop.java:496)
	at org.apache.ratis.thirdparty.io.netty.channel.nio.NioEventLoop.run(NioEventLoop.java:458)
	at org.apache.ratis.thirdparty.io.netty.util.concurrent.SingleThreadEventExecutor$5.run(SingleThreadEventExecutor.java:897)
	at org.apache.ratis.thirdparty.io.netty.util.concurrent.FastThreadLocalRunnable.run(FastThreadLocalRunnable.java:30)
	... 1 more
Caused by: java.net.ConnectException: Connection refused
	... 11 more
2019-10-16 21:12:22,270 [52743044-8979-4a08-8013-92a14c548982@group-146C50BE7901-LeaderElection297] INFO  impl.LeaderElection (LogUtils.java:infoOrTrace(149)) - 52743044-8979-4a08-8013-92a14c548982@group-146C50BE7901-LeaderElection297 got exception when requesting votes: {}
java.util.concurrent.ExecutionException: org.apache.ratis.thirdparty.io.grpc.StatusRuntimeException: UNAVAILABLE: io exception
	at java.util.concurrent.FutureTask.report(FutureTask.java:122)
	at java.util.concurrent.FutureTask.get(FutureTask.java:192)
	at org.apache.ratis.server.impl.LeaderElection.waitForResults(LeaderElection.java:259)
	at org.apache.ratis.server.impl.LeaderElection.askForVotes(LeaderElection.java:197)
	at org.apache.ratis.server.impl.LeaderElection.run(LeaderElection.java:133)
	at java.lang.Thread.run(Thread.java:748)
Caused by: org.apache.ratis.thirdparty.io.grpc.StatusRuntimeException: UNAVAILABLE: io exception
	at org.apache.ratis.thirdparty.io.grpc.stub.ClientCalls.toStatusRuntimeException(ClientCalls.java:233)
	at org.apache.ratis.thirdparty.io.grpc.stub.ClientCalls.getUnchecked(ClientCalls.java:214)
	at org.apache.ratis.thirdparty.io.grpc.stub.ClientCalls.blockingUnaryCall(ClientCalls.java:139)
	at org.apache.ratis.proto.grpc.RaftServerProtocolServiceGrpc$RaftServerProtocolServiceBlockingStub.requestVote(RaftServerProtocolServiceGrpc.java:265)
	at org.apache.ratis.grpc.server.GrpcServerProtocolClient.requestVote(GrpcServerProtocolClient.java:99)
	at org.apache.ratis.grpc.server.GrpcService.requestVote(GrpcService.java:204)
	at org.apache.ratis.server.impl.LeaderElection.lambda$submitRequests$1(LeaderElection.java:234)
	at java.util.concurrent.FutureTask.run(FutureTask.java:266)
	at java.util.concurrent.Executors$RunnableAdapter.call(Executors.java:511)
	at java.util.concurrent.FutureTask.run(FutureTask.java:266)
	at java.util.concurrent.ThreadPoolExecutor.runWorker(ThreadPoolExecutor.java:1149)
	at java.util.concurrent.ThreadPoolExecutor$Worker.run(ThreadPoolExecutor.java:624)
	... 1 more
Caused by: org.apache.ratis.thirdparty.io.netty.channel.AbstractChannel$AnnotatedConnectException: Connection refused: /192.168.157.254:45339
	at sun.nio.ch.SocketChannelImpl.checkConnect(Native Method)
	at sun.nio.ch.SocketChannelImpl.finishConnect(SocketChannelImpl.java:717)
	at org.apache.ratis.thirdparty.io.netty.channel.socket.nio.NioSocketChannel.doFinishConnect(NioSocketChannel.java:327)
	at org.apache.ratis.thirdparty.io.netty.channel.nio.AbstractNioChannel$AbstractNioUnsafe.finishConnect(AbstractNioChannel.java:340)
	at org.apache.ratis.thirdparty.io.netty.channel.nio.NioEventLoop.processSelectedKey(NioEventLoop.java:632)
	at org.apache.ratis.thirdparty.io.netty.channel.nio.NioEventLoop.processSelectedKeysOptimized(NioEventLoop.java:579)
	at org.apache.ratis.thirdparty.io.netty.channel.nio.NioEventLoop.processSelectedKeys(NioEventLoop.java:496)
	at org.apache.ratis.thirdparty.io.netty.channel.nio.NioEventLoop.run(NioEventLoop.java:458)
	at org.apache.ratis.thirdparty.io.netty.util.concurrent.SingleThreadEventExecutor$5.run(SingleThreadEventExecutor.java:897)
	at org.apache.ratis.thirdparty.io.netty.util.concurrent.FastThreadLocalRunnable.run(FastThreadLocalRunnable.java:30)
	... 1 more
Caused by: java.net.ConnectException: Connection refused
	... 11 more
2019-10-16 21:12:22,270 [52743044-8979-4a08-8013-92a14c548982@group-146C50BE7901-LeaderElection297] INFO  impl.LeaderElection (LeaderElection.java:logAndReturn(56)) - 52743044-8979-4a08-8013-92a14c548982@group-146C50BE7901-LeaderElection297: Election REJECTED; received 0 response(s) [] and 2 exception(s); 52743044-8979-4a08-8013-92a14c548982@group-146C50BE7901:t354, leader=null, voted=52743044-8979-4a08-8013-92a14c548982, raftlog=52743044-8979-4a08-8013-92a14c548982@group-146C50BE7901-SegmentedRaftLog:OPENED:c-1,f-1,i0, conf=-1: [904f39be-c3d3-4df4-99c0-2e4526e577e3:192.168.157.254:45339, 52743044-8979-4a08-8013-92a14c548982:192.168.157.254:36428, 65da0c80-3604-4ac2-9a39-ee88d748a153:192.168.157.254:37466], old=null
2019-10-16 21:12:22,270 [52743044-8979-4a08-8013-92a14c548982@group-146C50BE7901-LeaderElection297] INFO  impl.LeaderElection (LogUtils.java:infoOrTrace(149)) -   Exception 0: {}
java.util.concurrent.ExecutionException: org.apache.ratis.thirdparty.io.grpc.StatusRuntimeException: UNAVAILABLE: io exception
	at java.util.concurrent.FutureTask.report(FutureTask.java:122)
	at java.util.concurrent.FutureTask.get(FutureTask.java:192)
	at org.apache.ratis.server.impl.LeaderElection.waitForResults(LeaderElection.java:259)
	at org.apache.ratis.server.impl.LeaderElection.askForVotes(LeaderElection.java:197)
	at org.apache.ratis.server.impl.LeaderElection.run(LeaderElection.java:133)
	at java.lang.Thread.run(Thread.java:748)
Caused by: org.apache.ratis.thirdparty.io.grpc.StatusRuntimeException: UNAVAILABLE: io exception
	at org.apache.ratis.thirdparty.io.grpc.stub.ClientCalls.toStatusRuntimeException(ClientCalls.java:233)
	at org.apache.ratis.thirdparty.io.grpc.stub.ClientCalls.getUnchecked(ClientCalls.java:214)
	at org.apache.ratis.thirdparty.io.grpc.stub.ClientCalls.blockingUnaryCall(ClientCalls.java:139)
	at org.apache.ratis.proto.grpc.RaftServerProtocolServiceGrpc$RaftServerProtocolServiceBlockingStub.requestVote(RaftServerProtocolServiceGrpc.java:265)
	at org.apache.ratis.grpc.server.GrpcServerProtocolClient.requestVote(GrpcServerProtocolClient.java:99)
	at org.apache.ratis.grpc.server.GrpcService.requestVote(GrpcService.java:204)
	at org.apache.ratis.server.impl.LeaderElection.lambda$submitRequests$1(LeaderElection.java:234)
	at java.util.concurrent.FutureTask.run(FutureTask.java:266)
	at java.util.concurrent.Executors$RunnableAdapter.call(Executors.java:511)
	at java.util.concurrent.FutureTask.run(FutureTask.java:266)
	at java.util.concurrent.ThreadPoolExecutor.runWorker(ThreadPoolExecutor.java:1149)
	at java.util.concurrent.ThreadPoolExecutor$Worker.run(ThreadPoolExecutor.java:624)
	... 1 more
Caused by: org.apache.ratis.thirdparty.io.netty.channel.AbstractChannel$AnnotatedConnectException: Connection refused: /192.168.157.254:37466
	at sun.nio.ch.SocketChannelImpl.checkConnect(Native Method)
	at sun.nio.ch.SocketChannelImpl.finishConnect(SocketChannelImpl.java:717)
	at org.apache.ratis.thirdparty.io.netty.channel.socket.nio.NioSocketChannel.doFinishConnect(NioSocketChannel.java:327)
	at org.apache.ratis.thirdparty.io.netty.channel.nio.AbstractNioChannel$AbstractNioUnsafe.finishConnect(AbstractNioChannel.java:340)
	at org.apache.ratis.thirdparty.io.netty.channel.nio.NioEventLoop.processSelectedKey(NioEventLoop.java:632)
	at org.apache.ratis.thirdparty.io.netty.channel.nio.NioEventLoop.processSelectedKeysOptimized(NioEventLoop.java:579)
	at org.apache.ratis.thirdparty.io.netty.channel.nio.NioEventLoop.processSelectedKeys(NioEventLoop.java:496)
	at org.apache.ratis.thirdparty.io.netty.channel.nio.NioEventLoop.run(NioEventLoop.java:458)
	at org.apache.ratis.thirdparty.io.netty.util.concurrent.SingleThreadEventExecutor$5.run(SingleThreadEventExecutor.java:897)
	at org.apache.ratis.thirdparty.io.netty.util.concurrent.FastThreadLocalRunnable.run(FastThreadLocalRunnable.java:30)
	... 1 more
Caused by: java.net.ConnectException: Connection refused
	... 11 more
2019-10-16 21:12:22,271 [52743044-8979-4a08-8013-92a14c548982@group-146C50BE7901-LeaderElection297] INFO  impl.LeaderElection (LogUtils.java:infoOrTrace(149)) -   Exception 1: {}
java.util.concurrent.ExecutionException: org.apache.ratis.thirdparty.io.grpc.StatusRuntimeException: UNAVAILABLE: io exception
	at java.util.concurrent.FutureTask.report(FutureTask.java:122)
	at java.util.concurrent.FutureTask.get(FutureTask.java:192)
	at org.apache.ratis.server.impl.LeaderElection.waitForResults(LeaderElection.java:259)
	at org.apache.ratis.server.impl.LeaderElection.askForVotes(LeaderElection.java:197)
	at org.apache.ratis.server.impl.LeaderElection.run(LeaderElection.java:133)
	at java.lang.Thread.run(Thread.java:748)
Caused by: org.apache.ratis.thirdparty.io.grpc.StatusRuntimeException: UNAVAILABLE: io exception
	at org.apache.ratis.thirdparty.io.grpc.stub.ClientCalls.toStatusRuntimeException(ClientCalls.java:233)
	at org.apache.ratis.thirdparty.io.grpc.stub.ClientCalls.getUnchecked(ClientCalls.java:214)
	at org.apache.ratis.thirdparty.io.grpc.stub.ClientCalls.blockingUnaryCall(ClientCalls.java:139)
	at org.apache.ratis.proto.grpc.RaftServerProtocolServiceGrpc$RaftServerProtocolServiceBlockingStub.requestVote(RaftServerProtocolServiceGrpc.java:265)
	at org.apache.ratis.grpc.server.GrpcServerProtocolClient.requestVote(GrpcServerProtocolClient.java:99)
	at org.apache.ratis.grpc.server.GrpcService.requestVote(GrpcService.java:204)
	at org.apache.ratis.server.impl.LeaderElection.lambda$submitRequests$1(LeaderElection.java:234)
	at java.util.concurrent.FutureTask.run(FutureTask.java:266)
	at java.util.concurrent.Executors$RunnableAdapter.call(Executors.java:511)
	at java.util.concurrent.FutureTask.run(FutureTask.java:266)
	at java.util.concurrent.ThreadPoolExecutor.runWorker(ThreadPoolExecutor.java:1149)
	at java.util.concurrent.ThreadPoolExecutor$Worker.run(ThreadPoolExecutor.java:624)
	... 1 more
Caused by: org.apache.ratis.thirdparty.io.netty.channel.AbstractChannel$AnnotatedConnectException: Connection refused: /192.168.157.254:45339
	at sun.nio.ch.SocketChannelImpl.checkConnect(Native Method)
	at sun.nio.ch.SocketChannelImpl.finishConnect(SocketChannelImpl.java:717)
	at org.apache.ratis.thirdparty.io.netty.channel.socket.nio.NioSocketChannel.doFinishConnect(NioSocketChannel.java:327)
	at org.apache.ratis.thirdparty.io.netty.channel.nio.AbstractNioChannel$AbstractNioUnsafe.finishConnect(AbstractNioChannel.java:340)
	at org.apache.ratis.thirdparty.io.netty.channel.nio.NioEventLoop.processSelectedKey(NioEventLoop.java:632)
	at org.apache.ratis.thirdparty.io.netty.channel.nio.NioEventLoop.processSelectedKeysOptimized(NioEventLoop.java:579)
	at org.apache.ratis.thirdparty.io.netty.channel.nio.NioEventLoop.processSelectedKeys(NioEventLoop.java:496)
	at org.apache.ratis.thirdparty.io.netty.channel.nio.NioEventLoop.run(NioEventLoop.java:458)
	at org.apache.ratis.thirdparty.io.netty.util.concurrent.SingleThreadEventExecutor$5.run(SingleThreadEventExecutor.java:897)
	at org.apache.ratis.thirdparty.io.netty.util.concurrent.FastThreadLocalRunnable.run(FastThreadLocalRunnable.java:30)
	... 1 more
Caused by: java.net.ConnectException: Connection refused
	... 11 more
2019-10-16 21:12:22,271 [52743044-8979-4a08-8013-92a14c548982@group-146C50BE7901-LeaderElection297] INFO  impl.RaftServerImpl (RaftServerImpl.java:setRole(184)) - 52743044-8979-4a08-8013-92a14c548982@group-146C50BE7901: changes role from CANDIDATE to FOLLOWER at term 354 for DISCOVERED_A_NEW_TERM
2019-10-16 21:12:22,271 [52743044-8979-4a08-8013-92a14c548982@group-146C50BE7901-LeaderElection297] INFO  impl.RoleInfo (RoleInfo.java:shutdownLeaderElection(134)) - 52743044-8979-4a08-8013-92a14c548982: shutdown LeaderElection
2019-10-16 21:12:22,271 [52743044-8979-4a08-8013-92a14c548982@group-146C50BE7901-LeaderElection297] INFO  impl.RoleInfo (RoleInfo.java:updateAndGet(143)) - 52743044-8979-4a08-8013-92a14c548982: start FollowerState
2019-10-16 21:12:22,284 [Thread-2232] INFO  impl.FollowerState (FollowerState.java:run(108)) - 52743044-8979-4a08-8013-92a14c548982@group-146C50BE7901-FollowerState: change to CANDIDATE, lastRpcTime:12ms, electionTimeout:12ms
2019-10-16 21:12:22,284 [Thread-2232] INFO  impl.RoleInfo (RoleInfo.java:shutdownFollowerState(121)) - 52743044-8979-4a08-8013-92a14c548982: shutdown FollowerState
2019-10-16 21:12:22,284 [Thread-2232] INFO  impl.RaftServerImpl (RaftServerImpl.java:setRole(184)) - 52743044-8979-4a08-8013-92a14c548982@group-146C50BE7901: changes role from  FOLLOWER to CANDIDATE at term 354 for changeToCandidate
2019-10-16 21:12:22,284 [Thread-2232] INFO  impl.RoleInfo (RoleInfo.java:updateAndGet(143)) - 52743044-8979-4a08-8013-92a14c548982: start LeaderElection
2019-10-16 21:12:22,324 [52743044-8979-4a08-8013-92a14c548982@group-146C50BE7901-LeaderElection298] INFO  impl.LeaderElection (LeaderElection.java:askForVotes(178)) - 52743044-8979-4a08-8013-92a14c548982@group-146C50BE7901-LeaderElection298: begin an election at term 355 for -1: [904f39be-c3d3-4df4-99c0-2e4526e577e3:192.168.157.254:45339, 52743044-8979-4a08-8013-92a14c548982:192.168.157.254:36428, 65da0c80-3604-4ac2-9a39-ee88d748a153:192.168.157.254:37466], old=null
2019-10-16 21:12:22,325 [52743044-8979-4a08-8013-92a14c548982@group-146C50BE7901-LeaderElection298] INFO  impl.LeaderElection (LogUtils.java:infoOrTrace(149)) - 52743044-8979-4a08-8013-92a14c548982@group-146C50BE7901-LeaderElection298 got exception when requesting votes: {}
java.util.concurrent.ExecutionException: org.apache.ratis.thirdparty.io.grpc.StatusRuntimeException: UNAVAILABLE: io exception
	at java.util.concurrent.FutureTask.report(FutureTask.java:122)
	at java.util.concurrent.FutureTask.get(FutureTask.java:192)
	at org.apache.ratis.server.impl.LeaderElection.waitForResults(LeaderElection.java:259)
	at org.apache.ratis.server.impl.LeaderElection.askForVotes(LeaderElection.java:197)
	at org.apache.ratis.server.impl.LeaderElection.run(LeaderElection.java:133)
	at java.lang.Thread.run(Thread.java:748)
Caused by: org.apache.ratis.thirdparty.io.grpc.StatusRuntimeException: UNAVAILABLE: io exception
	at org.apache.ratis.thirdparty.io.grpc.stub.ClientCalls.toStatusRuntimeException(ClientCalls.java:233)
	at org.apache.ratis.thirdparty.io.grpc.stub.ClientCalls.getUnchecked(ClientCalls.java:214)
	at org.apache.ratis.thirdparty.io.grpc.stub.ClientCalls.blockingUnaryCall(ClientCalls.java:139)
	at org.apache.ratis.proto.grpc.RaftServerProtocolServiceGrpc$RaftServerProtocolServiceBlockingStub.requestVote(RaftServerProtocolServiceGrpc.java:265)
	at org.apache.ratis.grpc.server.GrpcServerProtocolClient.requestVote(GrpcServerProtocolClient.java:99)
	at org.apache.ratis.grpc.server.GrpcService.requestVote(GrpcService.java:204)
	at org.apache.ratis.server.impl.LeaderElection.lambda$submitRequests$1(LeaderElection.java:234)
	at java.util.concurrent.FutureTask.run(FutureTask.java:266)
	at java.util.concurrent.Executors$RunnableAdapter.call(Executors.java:511)
	at java.util.concurrent.FutureTask.run(FutureTask.java:266)
	at java.util.concurrent.ThreadPoolExecutor.runWorker(ThreadPoolExecutor.java:1149)
	at java.util.concurrent.ThreadPoolExecutor$Worker.run(ThreadPoolExecutor.java:624)
	... 1 more
Caused by: org.apache.ratis.thirdparty.io.netty.channel.AbstractChannel$AnnotatedConnectException: Connection refused: /192.168.157.254:37466
	at sun.nio.ch.SocketChannelImpl.checkConnect(Native Method)
	at sun.nio.ch.SocketChannelImpl.finishConnect(SocketChannelImpl.java:717)
	at org.apache.ratis.thirdparty.io.netty.channel.socket.nio.NioSocketChannel.doFinishConnect(NioSocketChannel.java:327)
	at org.apache.ratis.thirdparty.io.netty.channel.nio.AbstractNioChannel$AbstractNioUnsafe.finishConnect(AbstractNioChannel.java:340)
	at org.apache.ratis.thirdparty.io.netty.channel.nio.NioEventLoop.processSelectedKey(NioEventLoop.java:632)
	at org.apache.ratis.thirdparty.io.netty.channel.nio.NioEventLoop.processSelectedKeysOptimized(NioEventLoop.java:579)
	at org.apache.ratis.thirdparty.io.netty.channel.nio.NioEventLoop.processSelectedKeys(NioEventLoop.java:496)
	at org.apache.ratis.thirdparty.io.netty.channel.nio.NioEventLoop.run(NioEventLoop.java:458)
	at org.apache.ratis.thirdparty.io.netty.util.concurrent.SingleThreadEventExecutor$5.run(SingleThreadEventExecutor.java:897)
	at org.apache.ratis.thirdparty.io.netty.util.concurrent.FastThreadLocalRunnable.run(FastThreadLocalRunnable.java:30)
	... 1 more
Caused by: java.net.ConnectException: Connection refused
	... 11 more
2019-10-16 21:12:22,325 [52743044-8979-4a08-8013-92a14c548982@group-146C50BE7901-LeaderElection298] INFO  impl.LeaderElection (LogUtils.java:infoOrTrace(149)) - 52743044-8979-4a08-8013-92a14c548982@group-146C50BE7901-LeaderElection298 got exception when requesting votes: {}
java.util.concurrent.ExecutionException: org.apache.ratis.thirdparty.io.grpc.StatusRuntimeException: UNAVAILABLE: io exception
	at java.util.concurrent.FutureTask.report(FutureTask.java:122)
	at java.util.concurrent.FutureTask.get(FutureTask.java:192)
	at org.apache.ratis.server.impl.LeaderElection.waitForResults(LeaderElection.java:259)
	at org.apache.ratis.server.impl.LeaderElection.askForVotes(LeaderElection.java:197)
	at org.apache.ratis.server.impl.LeaderElection.run(LeaderElection.java:133)
	at java.lang.Thread.run(Thread.java:748)
Caused by: org.apache.ratis.thirdparty.io.grpc.StatusRuntimeException: UNAVAILABLE: io exception
	at org.apache.ratis.thirdparty.io.grpc.stub.ClientCalls.toStatusRuntimeException(ClientCalls.java:233)
	at org.apache.ratis.thirdparty.io.grpc.stub.ClientCalls.getUnchecked(ClientCalls.java:214)
	at org.apache.ratis.thirdparty.io.grpc.stub.ClientCalls.blockingUnaryCall(ClientCalls.java:139)
	at org.apache.ratis.proto.grpc.RaftServerProtocolServiceGrpc$RaftServerProtocolServiceBlockingStub.requestVote(RaftServerProtocolServiceGrpc.java:265)
	at org.apache.ratis.grpc.server.GrpcServerProtocolClient.requestVote(GrpcServerProtocolClient.java:99)
	at org.apache.ratis.grpc.server.GrpcService.requestVote(GrpcService.java:204)
	at org.apache.ratis.server.impl.LeaderElection.lambda$submitRequests$1(LeaderElection.java:234)
	at java.util.concurrent.FutureTask.run(FutureTask.java:266)
	at java.util.concurrent.Executors$RunnableAdapter.call(Executors.java:511)
	at java.util.concurrent.FutureTask.run(FutureTask.java:266)
	at java.util.concurrent.ThreadPoolExecutor.runWorker(ThreadPoolExecutor.java:1149)
	at java.util.concurrent.ThreadPoolExecutor$Worker.run(ThreadPoolExecutor.java:624)
	... 1 more
Caused by: org.apache.ratis.thirdparty.io.netty.channel.AbstractChannel$AnnotatedConnectException: Connection refused: /192.168.157.254:45339
	at sun.nio.ch.SocketChannelImpl.checkConnect(Native Method)
	at sun.nio.ch.SocketChannelImpl.finishConnect(SocketChannelImpl.java:717)
	at org.apache.ratis.thirdparty.io.netty.channel.socket.nio.NioSocketChannel.doFinishConnect(NioSocketChannel.java:327)
	at org.apache.ratis.thirdparty.io.netty.channel.nio.AbstractNioChannel$AbstractNioUnsafe.finishConnect(AbstractNioChannel.java:340)
	at org.apache.ratis.thirdparty.io.netty.channel.nio.NioEventLoop.processSelectedKey(NioEventLoop.java:632)
	at org.apache.ratis.thirdparty.io.netty.channel.nio.NioEventLoop.processSelectedKeysOptimized(NioEventLoop.java:579)
	at org.apache.ratis.thirdparty.io.netty.channel.nio.NioEventLoop.processSelectedKeys(NioEventLoop.java:496)
	at org.apache.ratis.thirdparty.io.netty.channel.nio.NioEventLoop.run(NioEventLoop.java:458)
	at org.apache.ratis.thirdparty.io.netty.util.concurrent.SingleThreadEventExecutor$5.run(SingleThreadEventExecutor.java:897)
	at org.apache.ratis.thirdparty.io.netty.util.concurrent.FastThreadLocalRunnable.run(FastThreadLocalRunnable.java:30)
	... 1 more
Caused by: java.net.ConnectException: Connection refused
	... 11 more
2019-10-16 21:12:22,325 [52743044-8979-4a08-8013-92a14c548982@group-146C50BE7901-LeaderElection298] INFO  impl.LeaderElection (LeaderElection.java:logAndReturn(56)) - 52743044-8979-4a08-8013-92a14c548982@group-146C50BE7901-LeaderElection298: Election REJECTED; received 0 response(s) [] and 2 exception(s); 52743044-8979-4a08-8013-92a14c548982@group-146C50BE7901:t355, leader=null, voted=52743044-8979-4a08-8013-92a14c548982, raftlog=52743044-8979-4a08-8013-92a14c548982@group-146C50BE7901-SegmentedRaftLog:OPENED:c-1,f-1,i0, conf=-1: [904f39be-c3d3-4df4-99c0-2e4526e577e3:192.168.157.254:45339, 52743044-8979-4a08-8013-92a14c548982:192.168.157.254:36428, 65da0c80-3604-4ac2-9a39-ee88d748a153:192.168.157.254:37466], old=null
2019-10-16 21:12:22,326 [52743044-8979-4a08-8013-92a14c548982@group-146C50BE7901-LeaderElection298] INFO  impl.LeaderElection (LogUtils.java:infoOrTrace(149)) -   Exception 0: {}
java.util.concurrent.ExecutionException: org.apache.ratis.thirdparty.io.grpc.StatusRuntimeException: UNAVAILABLE: io exception
	at java.util.concurrent.FutureTask.report(FutureTask.java:122)
	at java.util.concurrent.FutureTask.get(FutureTask.java:192)
	at org.apache.ratis.server.impl.LeaderElection.waitForResults(LeaderElection.java:259)
	at org.apache.ratis.server.impl.LeaderElection.askForVotes(LeaderElection.java:197)
	at org.apache.ratis.server.impl.LeaderElection.run(LeaderElection.java:133)
	at java.lang.Thread.run(Thread.java:748)
Caused by: org.apache.ratis.thirdparty.io.grpc.StatusRuntimeException: UNAVAILABLE: io exception
	at org.apache.ratis.thirdparty.io.grpc.stub.ClientCalls.toStatusRuntimeException(ClientCalls.java:233)
	at org.apache.ratis.thirdparty.io.grpc.stub.ClientCalls.getUnchecked(ClientCalls.java:214)
	at org.apache.ratis.thirdparty.io.grpc.stub.ClientCalls.blockingUnaryCall(ClientCalls.java:139)
	at org.apache.ratis.proto.grpc.RaftServerProtocolServiceGrpc$RaftServerProtocolServiceBlockingStub.requestVote(RaftServerProtocolServiceGrpc.java:265)
	at org.apache.ratis.grpc.server.GrpcServerProtocolClient.requestVote(GrpcServerProtocolClient.java:99)
	at org.apache.ratis.grpc.server.GrpcService.requestVote(GrpcService.java:204)
	at org.apache.ratis.server.impl.LeaderElection.lambda$submitRequests$1(LeaderElection.java:234)
	at java.util.concurrent.FutureTask.run(FutureTask.java:266)
	at java.util.concurrent.Executors$RunnableAdapter.call(Executors.java:511)
	at java.util.concurrent.FutureTask.run(FutureTask.java:266)
	at java.util.concurrent.ThreadPoolExecutor.runWorker(ThreadPoolExecutor.java:1149)
	at java.util.concurrent.ThreadPoolExecutor$Worker.run(ThreadPoolExecutor.java:624)
	... 1 more
Caused by: org.apache.ratis.thirdparty.io.netty.channel.AbstractChannel$AnnotatedConnectException: Connection refused: /192.168.157.254:37466
	at sun.nio.ch.SocketChannelImpl.checkConnect(Native Method)
	at sun.nio.ch.SocketChannelImpl.finishConnect(SocketChannelImpl.java:717)
	at org.apache.ratis.thirdparty.io.netty.channel.socket.nio.NioSocketChannel.doFinishConnect(NioSocketChannel.java:327)
	at org.apache.ratis.thirdparty.io.netty.channel.nio.AbstractNioChannel$AbstractNioUnsafe.finishConnect(AbstractNioChannel.java:340)
	at org.apache.ratis.thirdparty.io.netty.channel.nio.NioEventLoop.processSelectedKey(NioEventLoop.java:632)
	at org.apache.ratis.thirdparty.io.netty.channel.nio.NioEventLoop.processSelectedKeysOptimized(NioEventLoop.java:579)
	at org.apache.ratis.thirdparty.io.netty.channel.nio.NioEventLoop.processSelectedKeys(NioEventLoop.java:496)
	at org.apache.ratis.thirdparty.io.netty.channel.nio.NioEventLoop.run(NioEventLoop.java:458)
	at org.apache.ratis.thirdparty.io.netty.util.concurrent.SingleThreadEventExecutor$5.run(SingleThreadEventExecutor.java:897)
	at org.apache.ratis.thirdparty.io.netty.util.concurrent.FastThreadLocalRunnable.run(FastThreadLocalRunnable.java:30)
	... 1 more
Caused by: java.net.ConnectException: Connection refused
	... 11 more
2019-10-16 21:12:22,326 [52743044-8979-4a08-8013-92a14c548982@group-146C50BE7901-LeaderElection298] INFO  impl.LeaderElection (LogUtils.java:infoOrTrace(149)) -   Exception 1: {}
java.util.concurrent.ExecutionException: org.apache.ratis.thirdparty.io.grpc.StatusRuntimeException: UNAVAILABLE: io exception
	at java.util.concurrent.FutureTask.report(FutureTask.java:122)
	at java.util.concurrent.FutureTask.get(FutureTask.java:192)
	at org.apache.ratis.server.impl.LeaderElection.waitForResults(LeaderElection.java:259)
	at org.apache.ratis.server.impl.LeaderElection.askForVotes(LeaderElection.java:197)
	at org.apache.ratis.server.impl.LeaderElection.run(LeaderElection.java:133)
	at java.lang.Thread.run(Thread.java:748)
Caused by: org.apache.ratis.thirdparty.io.grpc.StatusRuntimeException: UNAVAILABLE: io exception
	at org.apache.ratis.thirdparty.io.grpc.stub.ClientCalls.toStatusRuntimeException(ClientCalls.java:233)
	at org.apache.ratis.thirdparty.io.grpc.stub.ClientCalls.getUnchecked(ClientCalls.java:214)
	at org.apache.ratis.thirdparty.io.grpc.stub.ClientCalls.blockingUnaryCall(ClientCalls.java:139)
	at org.apache.ratis.proto.grpc.RaftServerProtocolServiceGrpc$RaftServerProtocolServiceBlockingStub.requestVote(RaftServerProtocolServiceGrpc.java:265)
	at org.apache.ratis.grpc.server.GrpcServerProtocolClient.requestVote(GrpcServerProtocolClient.java:99)
	at org.apache.ratis.grpc.server.GrpcService.requestVote(GrpcService.java:204)
	at org.apache.ratis.server.impl.LeaderElection.lambda$submitRequests$1(LeaderElection.java:234)
	at java.util.concurrent.FutureTask.run(FutureTask.java:266)
	at java.util.concurrent.Executors$RunnableAdapter.call(Executors.java:511)
	at java.util.concurrent.FutureTask.run(FutureTask.java:266)
	at java.util.concurrent.ThreadPoolExecutor.runWorker(ThreadPoolExecutor.java:1149)
	at java.util.concurrent.ThreadPoolExecutor$Worker.run(ThreadPoolExecutor.java:624)
	... 1 more
Caused by: org.apache.ratis.thirdparty.io.netty.channel.AbstractChannel$AnnotatedConnectException: Connection refused: /192.168.157.254:45339
	at sun.nio.ch.SocketChannelImpl.checkConnect(Native Method)
	at sun.nio.ch.SocketChannelImpl.finishConnect(SocketChannelImpl.java:717)
	at org.apache.ratis.thirdparty.io.netty.channel.socket.nio.NioSocketChannel.doFinishConnect(NioSocketChannel.java:327)
	at org.apache.ratis.thirdparty.io.netty.channel.nio.AbstractNioChannel$AbstractNioUnsafe.finishConnect(AbstractNioChannel.java:340)
	at org.apache.ratis.thirdparty.io.netty.channel.nio.NioEventLoop.processSelectedKey(NioEventLoop.java:632)
	at org.apache.ratis.thirdparty.io.netty.channel.nio.NioEventLoop.processSelectedKeysOptimized(NioEventLoop.java:579)
	at org.apache.ratis.thirdparty.io.netty.channel.nio.NioEventLoop.processSelectedKeys(NioEventLoop.java:496)
	at org.apache.ratis.thirdparty.io.netty.channel.nio.NioEventLoop.run(NioEventLoop.java:458)
	at org.apache.ratis.thirdparty.io.netty.util.concurrent.SingleThreadEventExecutor$5.run(SingleThreadEventExecutor.java:897)
	at org.apache.ratis.thirdparty.io.netty.util.concurrent.FastThreadLocalRunnable.run(FastThreadLocalRunnable.java:30)
	... 1 more
Caused by: java.net.ConnectException: Connection refused
	... 11 more
2019-10-16 21:12:22,326 [52743044-8979-4a08-8013-92a14c548982@group-146C50BE7901-LeaderElection298] INFO  impl.RaftServerImpl (RaftServerImpl.java:setRole(184)) - 52743044-8979-4a08-8013-92a14c548982@group-146C50BE7901: changes role from CANDIDATE to FOLLOWER at term 355 for DISCOVERED_A_NEW_TERM
2019-10-16 21:12:22,326 [52743044-8979-4a08-8013-92a14c548982@group-146C50BE7901-LeaderElection298] INFO  impl.RoleInfo (RoleInfo.java:shutdownLeaderElection(134)) - 52743044-8979-4a08-8013-92a14c548982: shutdown LeaderElection
2019-10-16 21:12:22,326 [52743044-8979-4a08-8013-92a14c548982@group-146C50BE7901-LeaderElection298] INFO  impl.RoleInfo (RoleInfo.java:updateAndGet(143)) - 52743044-8979-4a08-8013-92a14c548982: start FollowerState
2019-10-16 21:12:22,470 [Thread-2236] INFO  impl.FollowerState (FollowerState.java:run(108)) - 52743044-8979-4a08-8013-92a14c548982@group-146C50BE7901-FollowerState: change to CANDIDATE, lastRpcTime:143ms, electionTimeout:143ms
2019-10-16 21:12:22,470 [Thread-2236] INFO  impl.RoleInfo (RoleInfo.java:shutdownFollowerState(121)) - 52743044-8979-4a08-8013-92a14c548982: shutdown FollowerState
2019-10-16 21:12:22,470 [Thread-2236] INFO  impl.RaftServerImpl (RaftServerImpl.java:setRole(184)) - 52743044-8979-4a08-8013-92a14c548982@group-146C50BE7901: changes role from  FOLLOWER to CANDIDATE at term 355 for changeToCandidate
2019-10-16 21:12:22,470 [Thread-2236] INFO  impl.RoleInfo (RoleInfo.java:updateAndGet(143)) - 52743044-8979-4a08-8013-92a14c548982: start LeaderElection
2019-10-16 21:12:22,532 [52743044-8979-4a08-8013-92a14c548982@group-146C50BE7901-LeaderElection299] INFO  impl.LeaderElection (LeaderElection.java:askForVotes(178)) - 52743044-8979-4a08-8013-92a14c548982@group-146C50BE7901-LeaderElection299: begin an election at term 356 for -1: [904f39be-c3d3-4df4-99c0-2e4526e577e3:192.168.157.254:45339, 52743044-8979-4a08-8013-92a14c548982:192.168.157.254:36428, 65da0c80-3604-4ac2-9a39-ee88d748a153:192.168.157.254:37466], old=null
2019-10-16 21:12:22,533 [52743044-8979-4a08-8013-92a14c548982@group-146C50BE7901-LeaderElection299] INFO  impl.LeaderElection (LogUtils.java:infoOrTrace(149)) - 52743044-8979-4a08-8013-92a14c548982@group-146C50BE7901-LeaderElection299 got exception when requesting votes: {}
java.util.concurrent.ExecutionException: org.apache.ratis.thirdparty.io.grpc.StatusRuntimeException: UNAVAILABLE: io exception
	at java.util.concurrent.FutureTask.report(FutureTask.java:122)
	at java.util.concurrent.FutureTask.get(FutureTask.java:192)
	at org.apache.ratis.server.impl.LeaderElection.waitForResults(LeaderElection.java:259)
	at org.apache.ratis.server.impl.LeaderElection.askForVotes(LeaderElection.java:197)
	at org.apache.ratis.server.impl.LeaderElection.run(LeaderElection.java:133)
	at java.lang.Thread.run(Thread.java:748)
Caused by: org.apache.ratis.thirdparty.io.grpc.StatusRuntimeException: UNAVAILABLE: io exception
	at org.apache.ratis.thirdparty.io.grpc.stub.ClientCalls.toStatusRuntimeException(ClientCalls.java:233)
	at org.apache.ratis.thirdparty.io.grpc.stub.ClientCalls.getUnchecked(ClientCalls.java:214)
	at org.apache.ratis.thirdparty.io.grpc.stub.ClientCalls.blockingUnaryCall(ClientCalls.java:139)
	at org.apache.ratis.proto.grpc.RaftServerProtocolServiceGrpc$RaftServerProtocolServiceBlockingStub.requestVote(RaftServerProtocolServiceGrpc.java:265)
	at org.apache.ratis.grpc.server.GrpcServerProtocolClient.requestVote(GrpcServerProtocolClient.java:99)
	at org.apache.ratis.grpc.server.GrpcService.requestVote(GrpcService.java:204)
	at org.apache.ratis.server.impl.LeaderElection.lambda$submitRequests$1(LeaderElection.java:234)
	at java.util.concurrent.FutureTask.run(FutureTask.java:266)
	at java.util.concurrent.Executors$RunnableAdapter.call(Executors.java:511)
	at java.util.concurrent.FutureTask.run(FutureTask.java:266)
	at java.util.concurrent.ThreadPoolExecutor.runWorker(ThreadPoolExecutor.java:1149)
	at java.util.concurrent.ThreadPoolExecutor$Worker.run(ThreadPoolExecutor.java:624)
	... 1 more
Caused by: org.apache.ratis.thirdparty.io.netty.channel.AbstractChannel$AnnotatedConnectException: Connection refused: /192.168.157.254:45339
	at sun.nio.ch.SocketChannelImpl.checkConnect(Native Method)
	at sun.nio.ch.SocketChannelImpl.finishConnect(SocketChannelImpl.java:717)
	at org.apache.ratis.thirdparty.io.netty.channel.socket.nio.NioSocketChannel.doFinishConnect(NioSocketChannel.java:327)
	at org.apache.ratis.thirdparty.io.netty.channel.nio.AbstractNioChannel$AbstractNioUnsafe.finishConnect(AbstractNioChannel.java:340)
	at org.apache.ratis.thirdparty.io.netty.channel.nio.NioEventLoop.processSelectedKey(NioEventLoop.java:632)
	at org.apache.ratis.thirdparty.io.netty.channel.nio.NioEventLoop.processSelectedKeysOptimized(NioEventLoop.java:579)
	at org.apache.ratis.thirdparty.io.netty.channel.nio.NioEventLoop.processSelectedKeys(NioEventLoop.java:496)
	at org.apache.ratis.thirdparty.io.netty.channel.nio.NioEventLoop.run(NioEventLoop.java:458)
	at org.apache.ratis.thirdparty.io.netty.util.concurrent.SingleThreadEventExecutor$5.run(SingleThreadEventExecutor.java:897)
	at org.apache.ratis.thirdparty.io.netty.util.concurrent.FastThreadLocalRunnable.run(FastThreadLocalRunnable.java:30)
	... 1 more
Caused by: java.net.ConnectException: Connection refused
	... 11 more
2019-10-16 21:12:22,533 [52743044-8979-4a08-8013-92a14c548982@group-146C50BE7901-LeaderElection299] INFO  impl.LeaderElection (LogUtils.java:infoOrTrace(149)) - 52743044-8979-4a08-8013-92a14c548982@group-146C50BE7901-LeaderElection299 got exception when requesting votes: {}
java.util.concurrent.ExecutionException: org.apache.ratis.thirdparty.io.grpc.StatusRuntimeException: UNAVAILABLE: io exception
	at java.util.concurrent.FutureTask.report(FutureTask.java:122)
	at java.util.concurrent.FutureTask.get(FutureTask.java:192)
	at org.apache.ratis.server.impl.LeaderElection.waitForResults(LeaderElection.java:259)
	at org.apache.ratis.server.impl.LeaderElection.askForVotes(LeaderElection.java:197)
	at org.apache.ratis.server.impl.LeaderElection.run(LeaderElection.java:133)
	at java.lang.Thread.run(Thread.java:748)
Caused by: org.apache.ratis.thirdparty.io.grpc.StatusRuntimeException: UNAVAILABLE: io exception
	at org.apache.ratis.thirdparty.io.grpc.stub.ClientCalls.toStatusRuntimeException(ClientCalls.java:233)
	at org.apache.ratis.thirdparty.io.grpc.stub.ClientCalls.getUnchecked(ClientCalls.java:214)
	at org.apache.ratis.thirdparty.io.grpc.stub.ClientCalls.blockingUnaryCall(ClientCalls.java:139)
	at org.apache.ratis.proto.grpc.RaftServerProtocolServiceGrpc$RaftServerProtocolServiceBlockingStub.requestVote(RaftServerProtocolServiceGrpc.java:265)
	at org.apache.ratis.grpc.server.GrpcServerProtocolClient.requestVote(GrpcServerProtocolClient.java:99)
	at org.apache.ratis.grpc.server.GrpcService.requestVote(GrpcService.java:204)
	at org.apache.ratis.server.impl.LeaderElection.lambda$submitRequests$1(LeaderElection.java:234)
	at java.util.concurrent.FutureTask.run(FutureTask.java:266)
	at java.util.concurrent.Executors$RunnableAdapter.call(Executors.java:511)
	at java.util.concurrent.FutureTask.run(FutureTask.java:266)
	at java.util.concurrent.ThreadPoolExecutor.runWorker(ThreadPoolExecutor.java:1149)
	at java.util.concurrent.ThreadPoolExecutor$Worker.run(ThreadPoolExecutor.java:624)
	... 1 more
Caused by: org.apache.ratis.thirdparty.io.netty.channel.AbstractChannel$AnnotatedConnectException: Connection refused: /192.168.157.254:37466
	at sun.nio.ch.SocketChannelImpl.checkConnect(Native Method)
	at sun.nio.ch.SocketChannelImpl.finishConnect(SocketChannelImpl.java:717)
	at org.apache.ratis.thirdparty.io.netty.channel.socket.nio.NioSocketChannel.doFinishConnect(NioSocketChannel.java:327)
	at org.apache.ratis.thirdparty.io.netty.channel.nio.AbstractNioChannel$AbstractNioUnsafe.finishConnect(AbstractNioChannel.java:340)
	at org.apache.ratis.thirdparty.io.netty.channel.nio.NioEventLoop.processSelectedKey(NioEventLoop.java:632)
	at org.apache.ratis.thirdparty.io.netty.channel.nio.NioEventLoop.processSelectedKeysOptimized(NioEventLoop.java:579)
	at org.apache.ratis.thirdparty.io.netty.channel.nio.NioEventLoop.processSelectedKeys(NioEventLoop.java:496)
	at org.apache.ratis.thirdparty.io.netty.channel.nio.NioEventLoop.run(NioEventLoop.java:458)
	at org.apache.ratis.thirdparty.io.netty.util.concurrent.SingleThreadEventExecutor$5.run(SingleThreadEventExecutor.java:897)
	at org.apache.ratis.thirdparty.io.netty.util.concurrent.FastThreadLocalRunnable.run(FastThreadLocalRunnable.java:30)
	... 1 more
Caused by: java.net.ConnectException: Connection refused
	... 11 more
2019-10-16 21:12:22,534 [52743044-8979-4a08-8013-92a14c548982@group-146C50BE7901-LeaderElection299] INFO  impl.LeaderElection (LeaderElection.java:logAndReturn(56)) - 52743044-8979-4a08-8013-92a14c548982@group-146C50BE7901-LeaderElection299: Election REJECTED; received 0 response(s) [] and 2 exception(s); 52743044-8979-4a08-8013-92a14c548982@group-146C50BE7901:t356, leader=null, voted=52743044-8979-4a08-8013-92a14c548982, raftlog=52743044-8979-4a08-8013-92a14c548982@group-146C50BE7901-SegmentedRaftLog:OPENED:c-1,f-1,i0, conf=-1: [904f39be-c3d3-4df4-99c0-2e4526e577e3:192.168.157.254:45339, 52743044-8979-4a08-8013-92a14c548982:192.168.157.254:36428, 65da0c80-3604-4ac2-9a39-ee88d748a153:192.168.157.254:37466], old=null
2019-10-16 21:12:22,534 [52743044-8979-4a08-8013-92a14c548982@group-146C50BE7901-LeaderElection299] INFO  impl.LeaderElection (LogUtils.java:infoOrTrace(149)) -   Exception 0: {}
java.util.concurrent.ExecutionException: org.apache.ratis.thirdparty.io.grpc.StatusRuntimeException: UNAVAILABLE: io exception
	at java.util.concurrent.FutureTask.report(FutureTask.java:122)
	at java.util.concurrent.FutureTask.get(FutureTask.java:192)
	at org.apache.ratis.server.impl.LeaderElection.waitForResults(LeaderElection.java:259)
	at org.apache.ratis.server.impl.LeaderElection.askForVotes(LeaderElection.java:197)
	at org.apache.ratis.server.impl.LeaderElection.run(LeaderElection.java:133)
	at java.lang.Thread.run(Thread.java:748)
Caused by: org.apache.ratis.thirdparty.io.grpc.StatusRuntimeException: UNAVAILABLE: io exception
	at org.apache.ratis.thirdparty.io.grpc.stub.ClientCalls.toStatusRuntimeException(ClientCalls.java:233)
	at org.apache.ratis.thirdparty.io.grpc.stub.ClientCalls.getUnchecked(ClientCalls.java:214)
	at org.apache.ratis.thirdparty.io.grpc.stub.ClientCalls.blockingUnaryCall(ClientCalls.java:139)
	at org.apache.ratis.proto.grpc.RaftServerProtocolServiceGrpc$RaftServerProtocolServiceBlockingStub.requestVote(RaftServerProtocolServiceGrpc.java:265)
	at org.apache.ratis.grpc.server.GrpcServerProtocolClient.requestVote(GrpcServerProtocolClient.java:99)
	at org.apache.ratis.grpc.server.GrpcService.requestVote(GrpcService.java:204)
	at org.apache.ratis.server.impl.LeaderElection.lambda$submitRequests$1(LeaderElection.java:234)
	at java.util.concurrent.FutureTask.run(FutureTask.java:266)
	at java.util.concurrent.Executors$RunnableAdapter.call(Executors.java:511)
	at java.util.concurrent.FutureTask.run(FutureTask.java:266)
	at java.util.concurrent.ThreadPoolExecutor.runWorker(ThreadPoolExecutor.java:1149)
	at java.util.concurrent.ThreadPoolExecutor$Worker.run(ThreadPoolExecutor.java:624)
	... 1 more
Caused by: org.apache.ratis.thirdparty.io.netty.channel.AbstractChannel$AnnotatedConnectException: Connection refused: /192.168.157.254:45339
	at sun.nio.ch.SocketChannelImpl.checkConnect(Native Method)
	at sun.nio.ch.SocketChannelImpl.finishConnect(SocketChannelImpl.java:717)
	at org.apache.ratis.thirdparty.io.netty.channel.socket.nio.NioSocketChannel.doFinishConnect(NioSocketChannel.java:327)
	at org.apache.ratis.thirdparty.io.netty.channel.nio.AbstractNioChannel$AbstractNioUnsafe.finishConnect(AbstractNioChannel.java:340)
	at org.apache.ratis.thirdparty.io.netty.channel.nio.NioEventLoop.processSelectedKey(NioEventLoop.java:632)
	at org.apache.ratis.thirdparty.io.netty.channel.nio.NioEventLoop.processSelectedKeysOptimized(NioEventLoop.java:579)
	at org.apache.ratis.thirdparty.io.netty.channel.nio.NioEventLoop.processSelectedKeys(NioEventLoop.java:496)
	at org.apache.ratis.thirdparty.io.netty.channel.nio.NioEventLoop.run(NioEventLoop.java:458)
	at org.apache.ratis.thirdparty.io.netty.util.concurrent.SingleThreadEventExecutor$5.run(SingleThreadEventExecutor.java:897)
	at org.apache.ratis.thirdparty.io.netty.util.concurrent.FastThreadLocalRunnable.run(FastThreadLocalRunnable.java:30)
	... 1 more
Caused by: java.net.ConnectException: Connection refused
	... 11 more
2019-10-16 21:12:22,534 [52743044-8979-4a08-8013-92a14c548982@group-146C50BE7901-LeaderElection299] INFO  impl.LeaderElection (LogUtils.java:infoOrTrace(149)) -   Exception 1: {}
java.util.concurrent.ExecutionException: org.apache.ratis.thirdparty.io.grpc.StatusRuntimeException: UNAVAILABLE: io exception
	at java.util.concurrent.FutureTask.report(FutureTask.java:122)
	at java.util.concurrent.FutureTask.get(FutureTask.java:192)
	at org.apache.ratis.server.impl.LeaderElection.waitForResults(LeaderElection.java:259)
	at org.apache.ratis.server.impl.LeaderElection.askForVotes(LeaderElection.java:197)
	at org.apache.ratis.server.impl.LeaderElection.run(LeaderElection.java:133)
	at java.lang.Thread.run(Thread.java:748)
Caused by: org.apache.ratis.thirdparty.io.grpc.StatusRuntimeException: UNAVAILABLE: io exception
	at org.apache.ratis.thirdparty.io.grpc.stub.ClientCalls.toStatusRuntimeException(ClientCalls.java:233)
	at org.apache.ratis.thirdparty.io.grpc.stub.ClientCalls.getUnchecked(ClientCalls.java:214)
	at org.apache.ratis.thirdparty.io.grpc.stub.ClientCalls.blockingUnaryCall(ClientCalls.java:139)
	at org.apache.ratis.proto.grpc.RaftServerProtocolServiceGrpc$RaftServerProtocolServiceBlockingStub.requestVote(RaftServerProtocolServiceGrpc.java:265)
	at org.apache.ratis.grpc.server.GrpcServerProtocolClient.requestVote(GrpcServerProtocolClient.java:99)
	at org.apache.ratis.grpc.server.GrpcService.requestVote(GrpcService.java:204)
	at org.apache.ratis.server.impl.LeaderElection.lambda$submitRequests$1(LeaderElection.java:234)
	at java.util.concurrent.FutureTask.run(FutureTask.java:266)
	at java.util.concurrent.Executors$RunnableAdapter.call(Executors.java:511)
	at java.util.concurrent.FutureTask.run(FutureTask.java:266)
	at java.util.concurrent.ThreadPoolExecutor.runWorker(ThreadPoolExecutor.java:1149)
	at java.util.concurrent.ThreadPoolExecutor$Worker.run(ThreadPoolExecutor.java:624)
	... 1 more
Caused by: org.apache.ratis.thirdparty.io.netty.channel.AbstractChannel$AnnotatedConnectException: Connection refused: /192.168.157.254:37466
	at sun.nio.ch.SocketChannelImpl.checkConnect(Native Method)
	at sun.nio.ch.SocketChannelImpl.finishConnect(SocketChannelImpl.java:717)
	at org.apache.ratis.thirdparty.io.netty.channel.socket.nio.NioSocketChannel.doFinishConnect(NioSocketChannel.java:327)
	at org.apache.ratis.thirdparty.io.netty.channel.nio.AbstractNioChannel$AbstractNioUnsafe.finishConnect(AbstractNioChannel.java:340)
	at org.apache.ratis.thirdparty.io.netty.channel.nio.NioEventLoop.processSelectedKey(NioEventLoop.java:632)
	at org.apache.ratis.thirdparty.io.netty.channel.nio.NioEventLoop.processSelectedKeysOptimized(NioEventLoop.java:579)
	at org.apache.ratis.thirdparty.io.netty.channel.nio.NioEventLoop.processSelectedKeys(NioEventLoop.java:496)
	at org.apache.ratis.thirdparty.io.netty.channel.nio.NioEventLoop.run(NioEventLoop.java:458)
	at org.apache.ratis.thirdparty.io.netty.util.concurrent.SingleThreadEventExecutor$5.run(SingleThreadEventExecutor.java:897)
	at org.apache.ratis.thirdparty.io.netty.util.concurrent.FastThreadLocalRunnable.run(FastThreadLocalRunnable.java:30)
	... 1 more
Caused by: java.net.ConnectException: Connection refused
	... 11 more
2019-10-16 21:12:22,535 [52743044-8979-4a08-8013-92a14c548982@group-146C50BE7901-LeaderElection299] INFO  impl.RaftServerImpl (RaftServerImpl.java:setRole(184)) - 52743044-8979-4a08-8013-92a14c548982@group-146C50BE7901: changes role from CANDIDATE to FOLLOWER at term 356 for DISCOVERED_A_NEW_TERM
2019-10-16 21:12:22,535 [52743044-8979-4a08-8013-92a14c548982@group-146C50BE7901-LeaderElection299] INFO  impl.RoleInfo (RoleInfo.java:shutdownLeaderElection(134)) - 52743044-8979-4a08-8013-92a14c548982: shutdown LeaderElection
2019-10-16 21:12:22,535 [52743044-8979-4a08-8013-92a14c548982@group-146C50BE7901-LeaderElection299] INFO  impl.RoleInfo (RoleInfo.java:updateAndGet(143)) - 52743044-8979-4a08-8013-92a14c548982: start FollowerState
2019-10-16 21:12:22,603 [Thread-2240] INFO  impl.FollowerState (FollowerState.java:run(108)) - 52743044-8979-4a08-8013-92a14c548982@group-146C50BE7901-FollowerState: change to CANDIDATE, lastRpcTime:68ms, electionTimeout:68ms
2019-10-16 21:12:22,603 [Thread-2240] INFO  impl.RoleInfo (RoleInfo.java:shutdownFollowerState(121)) - 52743044-8979-4a08-8013-92a14c548982: shutdown FollowerState
2019-10-16 21:12:22,603 [Thread-2240] INFO  impl.RaftServerImpl (RaftServerImpl.java:setRole(184)) - 52743044-8979-4a08-8013-92a14c548982@group-146C50BE7901: changes role from  FOLLOWER to CANDIDATE at term 356 for changeToCandidate
2019-10-16 21:12:22,604 [Thread-2240] INFO  impl.RoleInfo (RoleInfo.java:updateAndGet(143)) - 52743044-8979-4a08-8013-92a14c548982: start LeaderElection
2019-10-16 21:12:22,640 [52743044-8979-4a08-8013-92a14c548982@group-146C50BE7901-LeaderElection300] INFO  impl.LeaderElection (LeaderElection.java:askForVotes(178)) - 52743044-8979-4a08-8013-92a14c548982@group-146C50BE7901-LeaderElection300: begin an election at term 357 for -1: [904f39be-c3d3-4df4-99c0-2e4526e577e3:192.168.157.254:45339, 52743044-8979-4a08-8013-92a14c548982:192.168.157.254:36428, 65da0c80-3604-4ac2-9a39-ee88d748a153:192.168.157.254:37466], old=null
2019-10-16 21:12:22,641 [52743044-8979-4a08-8013-92a14c548982@group-146C50BE7901-LeaderElection300] INFO  impl.LeaderElection (LogUtils.java:infoOrTrace(149)) - 52743044-8979-4a08-8013-92a14c548982@group-146C50BE7901-LeaderElection300 got exception when requesting votes: {}
java.util.concurrent.ExecutionException: org.apache.ratis.thirdparty.io.grpc.StatusRuntimeException: UNAVAILABLE: io exception
	at java.util.concurrent.FutureTask.report(FutureTask.java:122)
	at java.util.concurrent.FutureTask.get(FutureTask.java:192)
	at org.apache.ratis.server.impl.LeaderElection.waitForResults(LeaderElection.java:259)
	at org.apache.ratis.server.impl.LeaderElection.askForVotes(LeaderElection.java:197)
	at org.apache.ratis.server.impl.LeaderElection.run(LeaderElection.java:133)
	at java.lang.Thread.run(Thread.java:748)
Caused by: org.apache.ratis.thirdparty.io.grpc.StatusRuntimeException: UNAVAILABLE: io exception
	at org.apache.ratis.thirdparty.io.grpc.stub.ClientCalls.toStatusRuntimeException(ClientCalls.java:233)
	at org.apache.ratis.thirdparty.io.grpc.stub.ClientCalls.getUnchecked(ClientCalls.java:214)
	at org.apache.ratis.thirdparty.io.grpc.stub.ClientCalls.blockingUnaryCall(ClientCalls.java:139)
	at org.apache.ratis.proto.grpc.RaftServerProtocolServiceGrpc$RaftServerProtocolServiceBlockingStub.requestVote(RaftServerProtocolServiceGrpc.java:265)
	at org.apache.ratis.grpc.server.GrpcServerProtocolClient.requestVote(GrpcServerProtocolClient.java:99)
	at org.apache.ratis.grpc.server.GrpcService.requestVote(GrpcService.java:204)
	at org.apache.ratis.server.impl.LeaderElection.lambda$submitRequests$1(LeaderElection.java:234)
	at java.util.concurrent.FutureTask.run(FutureTask.java:266)
	at java.util.concurrent.Executors$RunnableAdapter.call(Executors.java:511)
	at java.util.concurrent.FutureTask.run(FutureTask.java:266)
	at java.util.concurrent.ThreadPoolExecutor.runWorker(ThreadPoolExecutor.java:1149)
	at java.util.concurrent.ThreadPoolExecutor$Worker.run(ThreadPoolExecutor.java:624)
	... 1 more
Caused by: org.apache.ratis.thirdparty.io.netty.channel.AbstractChannel$AnnotatedConnectException: Connection refused: /192.168.157.254:45339
	at sun.nio.ch.SocketChannelImpl.checkConnect(Native Method)
	at sun.nio.ch.SocketChannelImpl.finishConnect(SocketChannelImpl.java:717)
	at org.apache.ratis.thirdparty.io.netty.channel.socket.nio.NioSocketChannel.doFinishConnect(NioSocketChannel.java:327)
	at org.apache.ratis.thirdparty.io.netty.channel.nio.AbstractNioChannel$AbstractNioUnsafe.finishConnect(AbstractNioChannel.java:340)
	at org.apache.ratis.thirdparty.io.netty.channel.nio.NioEventLoop.processSelectedKey(NioEventLoop.java:632)
	at org.apache.ratis.thirdparty.io.netty.channel.nio.NioEventLoop.processSelectedKeysOptimized(NioEventLoop.java:579)
	at org.apache.ratis.thirdparty.io.netty.channel.nio.NioEventLoop.processSelectedKeys(NioEventLoop.java:496)
	at org.apache.ratis.thirdparty.io.netty.channel.nio.NioEventLoop.run(NioEventLoop.java:458)
	at org.apache.ratis.thirdparty.io.netty.util.concurrent.SingleThreadEventExecutor$5.run(SingleThreadEventExecutor.java:897)
	at org.apache.ratis.thirdparty.io.netty.util.concurrent.FastThreadLocalRunnable.run(FastThreadLocalRunnable.java:30)
	... 1 more
Caused by: java.net.ConnectException: Connection refused
	... 11 more
2019-10-16 21:12:22,642 [52743044-8979-4a08-8013-92a14c548982@group-146C50BE7901-LeaderElection300] INFO  impl.LeaderElection (LogUtils.java:infoOrTrace(149)) - 52743044-8979-4a08-8013-92a14c548982@group-146C50BE7901-LeaderElection300 got exception when requesting votes: {}
java.util.concurrent.ExecutionException: org.apache.ratis.thirdparty.io.grpc.StatusRuntimeException: UNAVAILABLE: io exception
	at java.util.concurrent.FutureTask.report(FutureTask.java:122)
	at java.util.concurrent.FutureTask.get(FutureTask.java:192)
	at org.apache.ratis.server.impl.LeaderElection.waitForResults(LeaderElection.java:259)
	at org.apache.ratis.server.impl.LeaderElection.askForVotes(LeaderElection.java:197)
	at org.apache.ratis.server.impl.LeaderElection.run(LeaderElection.java:133)
	at java.lang.Thread.run(Thread.java:748)
Caused by: org.apache.ratis.thirdparty.io.grpc.StatusRuntimeException: UNAVAILABLE: io exception
	at org.apache.ratis.thirdparty.io.grpc.stub.ClientCalls.toStatusRuntimeException(ClientCalls.java:233)
	at org.apache.ratis.thirdparty.io.grpc.stub.ClientCalls.getUnchecked(ClientCalls.java:214)
	at org.apache.ratis.thirdparty.io.grpc.stub.ClientCalls.blockingUnaryCall(ClientCalls.java:139)
	at org.apache.ratis.proto.grpc.RaftServerProtocolServiceGrpc$RaftServerProtocolServiceBlockingStub.requestVote(RaftServerProtocolServiceGrpc.java:265)
	at org.apache.ratis.grpc.server.GrpcServerProtocolClient.requestVote(GrpcServerProtocolClient.java:99)
	at org.apache.ratis.grpc.server.GrpcService.requestVote(GrpcService.java:204)
	at org.apache.ratis.server.impl.LeaderElection.lambda$submitRequests$1(LeaderElection.java:234)
	at java.util.concurrent.FutureTask.run(FutureTask.java:266)
	at java.util.concurrent.Executors$RunnableAdapter.call(Executors.java:511)
	at java.util.concurrent.FutureTask.run(FutureTask.java:266)
	at java.util.concurrent.ThreadPoolExecutor.runWorker(ThreadPoolExecutor.java:1149)
	at java.util.concurrent.ThreadPoolExecutor$Worker.run(ThreadPoolExecutor.java:624)
	... 1 more
Caused by: org.apache.ratis.thirdparty.io.netty.channel.AbstractChannel$AnnotatedConnectException: Connection refused: /192.168.157.254:37466
	at sun.nio.ch.SocketChannelImpl.checkConnect(Native Method)
	at sun.nio.ch.SocketChannelImpl.finishConnect(SocketChannelImpl.java:717)
	at org.apache.ratis.thirdparty.io.netty.channel.socket.nio.NioSocketChannel.doFinishConnect(NioSocketChannel.java:327)
	at org.apache.ratis.thirdparty.io.netty.channel.nio.AbstractNioChannel$AbstractNioUnsafe.finishConnect(AbstractNioChannel.java:340)
	at org.apache.ratis.thirdparty.io.netty.channel.nio.NioEventLoop.processSelectedKey(NioEventLoop.java:632)
	at org.apache.ratis.thirdparty.io.netty.channel.nio.NioEventLoop.processSelectedKeysOptimized(NioEventLoop.java:579)
	at org.apache.ratis.thirdparty.io.netty.channel.nio.NioEventLoop.processSelectedKeys(NioEventLoop.java:496)
	at org.apache.ratis.thirdparty.io.netty.channel.nio.NioEventLoop.run(NioEventLoop.java:458)
	at org.apache.ratis.thirdparty.io.netty.util.concurrent.SingleThreadEventExecutor$5.run(SingleThreadEventExecutor.java:897)
	at org.apache.ratis.thirdparty.io.netty.util.concurrent.FastThreadLocalRunnable.run(FastThreadLocalRunnable.java:30)
	... 1 more
Caused by: java.net.ConnectException: Connection refused
	... 11 more
2019-10-16 21:12:22,642 [52743044-8979-4a08-8013-92a14c548982@group-146C50BE7901-LeaderElection300] INFO  impl.LeaderElection (LeaderElection.java:logAndReturn(56)) - 52743044-8979-4a08-8013-92a14c548982@group-146C50BE7901-LeaderElection300: Election REJECTED; received 0 response(s) [] and 2 exception(s); 52743044-8979-4a08-8013-92a14c548982@group-146C50BE7901:t357, leader=null, voted=52743044-8979-4a08-8013-92a14c548982, raftlog=52743044-8979-4a08-8013-92a14c548982@group-146C50BE7901-SegmentedRaftLog:OPENED:c-1,f-1,i0, conf=-1: [904f39be-c3d3-4df4-99c0-2e4526e577e3:192.168.157.254:45339, 52743044-8979-4a08-8013-92a14c548982:192.168.157.254:36428, 65da0c80-3604-4ac2-9a39-ee88d748a153:192.168.157.254:37466], old=null
2019-10-16 21:12:22,642 [52743044-8979-4a08-8013-92a14c548982@group-146C50BE7901-LeaderElection300] INFO  impl.LeaderElection (LogUtils.java:infoOrTrace(149)) -   Exception 0: {}
java.util.concurrent.ExecutionException: org.apache.ratis.thirdparty.io.grpc.StatusRuntimeException: UNAVAILABLE: io exception
	at java.util.concurrent.FutureTask.report(FutureTask.java:122)
	at java.util.concurrent.FutureTask.get(FutureTask.java:192)
	at org.apache.ratis.server.impl.LeaderElection.waitForResults(LeaderElection.java:259)
	at org.apache.ratis.server.impl.LeaderElection.askForVotes(LeaderElection.java:197)
	at org.apache.ratis.server.impl.LeaderElection.run(LeaderElection.java:133)
	at java.lang.Thread.run(Thread.java:748)
Caused by: org.apache.ratis.thirdparty.io.grpc.StatusRuntimeException: UNAVAILABLE: io exception
	at org.apache.ratis.thirdparty.io.grpc.stub.ClientCalls.toStatusRuntimeException(ClientCalls.java:233)
	at org.apache.ratis.thirdparty.io.grpc.stub.ClientCalls.getUnchecked(ClientCalls.java:214)
	at org.apache.ratis.thirdparty.io.grpc.stub.ClientCalls.blockingUnaryCall(ClientCalls.java:139)
	at org.apache.ratis.proto.grpc.RaftServerProtocolServiceGrpc$RaftServerProtocolServiceBlockingStub.requestVote(RaftServerProtocolServiceGrpc.java:265)
	at org.apache.ratis.grpc.server.GrpcServerProtocolClient.requestVote(GrpcServerProtocolClient.java:99)
	at org.apache.ratis.grpc.server.GrpcService.requestVote(GrpcService.java:204)
	at org.apache.ratis.server.impl.LeaderElection.lambda$submitRequests$1(LeaderElection.java:234)
	at java.util.concurrent.FutureTask.run(FutureTask.java:266)
	at java.util.concurrent.Executors$RunnableAdapter.call(Executors.java:511)
	at java.util.concurrent.FutureTask.run(FutureTask.java:266)
	at java.util.concurrent.ThreadPoolExecutor.runWorker(ThreadPoolExecutor.java:1149)
	at java.util.concurrent.ThreadPoolExecutor$Worker.run(ThreadPoolExecutor.java:624)
	... 1 more
Caused by: org.apache.ratis.thirdparty.io.netty.channel.AbstractChannel$AnnotatedConnectException: Connection refused: /192.168.157.254:45339
	at sun.nio.ch.SocketChannelImpl.checkConnect(Native Method)
	at sun.nio.ch.SocketChannelImpl.finishConnect(SocketChannelImpl.java:717)
	at org.apache.ratis.thirdparty.io.netty.channel.socket.nio.NioSocketChannel.doFinishConnect(NioSocketChannel.java:327)
	at org.apache.ratis.thirdparty.io.netty.channel.nio.AbstractNioChannel$AbstractNioUnsafe.finishConnect(AbstractNioChannel.java:340)
	at org.apache.ratis.thirdparty.io.netty.channel.nio.NioEventLoop.processSelectedKey(NioEventLoop.java:632)
	at org.apache.ratis.thirdparty.io.netty.channel.nio.NioEventLoop.processSelectedKeysOptimized(NioEventLoop.java:579)
	at org.apache.ratis.thirdparty.io.netty.channel.nio.NioEventLoop.processSelectedKeys(NioEventLoop.java:496)
	at org.apache.ratis.thirdparty.io.netty.channel.nio.NioEventLoop.run(NioEventLoop.java:458)
	at org.apache.ratis.thirdparty.io.netty.util.concurrent.SingleThreadEventExecutor$5.run(SingleThreadEventExecutor.java:897)
	at org.apache.ratis.thirdparty.io.netty.util.concurrent.FastThreadLocalRunnable.run(FastThreadLocalRunnable.java:30)
	... 1 more
Caused by: java.net.ConnectException: Connection refused
	... 11 more
2019-10-16 21:12:22,643 [52743044-8979-4a08-8013-92a14c548982@group-146C50BE7901-LeaderElection300] INFO  impl.LeaderElection (LogUtils.java:infoOrTrace(149)) -   Exception 1: {}
java.util.concurrent.ExecutionException: org.apache.ratis.thirdparty.io.grpc.StatusRuntimeException: UNAVAILABLE: io exception
	at java.util.concurrent.FutureTask.report(FutureTask.java:122)
	at java.util.concurrent.FutureTask.get(FutureTask.java:192)
	at org.apache.ratis.server.impl.LeaderElection.waitForResults(LeaderElection.java:259)
	at org.apache.ratis.server.impl.LeaderElection.askForVotes(LeaderElection.java:197)
	at org.apache.ratis.server.impl.LeaderElection.run(LeaderElection.java:133)
	at java.lang.Thread.run(Thread.java:748)
Caused by: org.apache.ratis.thirdparty.io.grpc.StatusRuntimeException: UNAVAILABLE: io exception
	at org.apache.ratis.thirdparty.io.grpc.stub.ClientCalls.toStatusRuntimeException(ClientCalls.java:233)
	at org.apache.ratis.thirdparty.io.grpc.stub.ClientCalls.getUnchecked(ClientCalls.java:214)
	at org.apache.ratis.thirdparty.io.grpc.stub.ClientCalls.blockingUnaryCall(ClientCalls.java:139)
	at org.apache.ratis.proto.grpc.RaftServerProtocolServiceGrpc$RaftServerProtocolServiceBlockingStub.requestVote(RaftServerProtocolServiceGrpc.java:265)
	at org.apache.ratis.grpc.server.GrpcServerProtocolClient.requestVote(GrpcServerProtocolClient.java:99)
	at org.apache.ratis.grpc.server.GrpcService.requestVote(GrpcService.java:204)
	at org.apache.ratis.server.impl.LeaderElection.lambda$submitRequests$1(LeaderElection.java:234)
	at java.util.concurrent.FutureTask.run(FutureTask.java:266)
	at java.util.concurrent.Executors$RunnableAdapter.call(Executors.java:511)
	at java.util.concurrent.FutureTask.run(FutureTask.java:266)
	at java.util.concurrent.ThreadPoolExecutor.runWorker(ThreadPoolExecutor.java:1149)
	at java.util.concurrent.ThreadPoolExecutor$Worker.run(ThreadPoolExecutor.java:624)
	... 1 more
Caused by: org.apache.ratis.thirdparty.io.netty.channel.AbstractChannel$AnnotatedConnectException: Connection refused: /192.168.157.254:37466
	at sun.nio.ch.SocketChannelImpl.checkConnect(Native Method)
	at sun.nio.ch.SocketChannelImpl.finishConnect(SocketChannelImpl.java:717)
	at org.apache.ratis.thirdparty.io.netty.channel.socket.nio.NioSocketChannel.doFinishConnect(NioSocketChannel.java:327)
	at org.apache.ratis.thirdparty.io.netty.channel.nio.AbstractNioChannel$AbstractNioUnsafe.finishConnect(AbstractNioChannel.java:340)
	at org.apache.ratis.thirdparty.io.netty.channel.nio.NioEventLoop.processSelectedKey(NioEventLoop.java:632)
	at org.apache.ratis.thirdparty.io.netty.channel.nio.NioEventLoop.processSelectedKeysOptimized(NioEventLoop.java:579)
	at org.apache.ratis.thirdparty.io.netty.channel.nio.NioEventLoop.processSelectedKeys(NioEventLoop.java:496)
	at org.apache.ratis.thirdparty.io.netty.channel.nio.NioEventLoop.run(NioEventLoop.java:458)
	at org.apache.ratis.thirdparty.io.netty.util.concurrent.SingleThreadEventExecutor$5.run(SingleThreadEventExecutor.java:897)
	at org.apache.ratis.thirdparty.io.netty.util.concurrent.FastThreadLocalRunnable.run(FastThreadLocalRunnable.java:30)
	... 1 more
Caused by: java.net.ConnectException: Connection refused
	... 11 more
2019-10-16 21:12:22,643 [52743044-8979-4a08-8013-92a14c548982@group-146C50BE7901-LeaderElection300] INFO  impl.RaftServerImpl (RaftServerImpl.java:setRole(184)) - 52743044-8979-4a08-8013-92a14c548982@group-146C50BE7901: changes role from CANDIDATE to FOLLOWER at term 357 for DISCOVERED_A_NEW_TERM
2019-10-16 21:12:22,643 [52743044-8979-4a08-8013-92a14c548982@group-146C50BE7901-LeaderElection300] INFO  impl.RoleInfo (RoleInfo.java:shutdownLeaderElection(134)) - 52743044-8979-4a08-8013-92a14c548982: shutdown LeaderElection
2019-10-16 21:12:22,643 [52743044-8979-4a08-8013-92a14c548982@group-146C50BE7901-LeaderElection300] INFO  impl.RoleInfo (RoleInfo.java:updateAndGet(143)) - 52743044-8979-4a08-8013-92a14c548982: start FollowerState
2019-10-16 21:12:22,648 [Thread-2244] INFO  impl.FollowerState (FollowerState.java:run(108)) - 52743044-8979-4a08-8013-92a14c548982@group-146C50BE7901-FollowerState: change to CANDIDATE, lastRpcTime:4ms, electionTimeout:4ms
2019-10-16 21:12:22,648 [Thread-2244] INFO  impl.RoleInfo (RoleInfo.java:shutdownFollowerState(121)) - 52743044-8979-4a08-8013-92a14c548982: shutdown FollowerState
2019-10-16 21:12:22,648 [Thread-2244] INFO  impl.RaftServerImpl (RaftServerImpl.java:setRole(184)) - 52743044-8979-4a08-8013-92a14c548982@group-146C50BE7901: changes role from  FOLLOWER to CANDIDATE at term 357 for changeToCandidate
2019-10-16 21:12:22,648 [Thread-2244] INFO  impl.RoleInfo (RoleInfo.java:updateAndGet(143)) - 52743044-8979-4a08-8013-92a14c548982: start LeaderElection
2019-10-16 21:12:22,688 [52743044-8979-4a08-8013-92a14c548982@group-146C50BE7901-LeaderElection301] INFO  impl.LeaderElection (LeaderElection.java:askForVotes(178)) - 52743044-8979-4a08-8013-92a14c548982@group-146C50BE7901-LeaderElection301: begin an election at term 358 for -1: [904f39be-c3d3-4df4-99c0-2e4526e577e3:192.168.157.254:45339, 52743044-8979-4a08-8013-92a14c548982:192.168.157.254:36428, 65da0c80-3604-4ac2-9a39-ee88d748a153:192.168.157.254:37466], old=null
2019-10-16 21:12:22,689 [52743044-8979-4a08-8013-92a14c548982@group-146C50BE7901-LeaderElection301] INFO  impl.LeaderElection (LogUtils.java:infoOrTrace(149)) - 52743044-8979-4a08-8013-92a14c548982@group-146C50BE7901-LeaderElection301 got exception when requesting votes: {}
java.util.concurrent.ExecutionException: org.apache.ratis.thirdparty.io.grpc.StatusRuntimeException: UNAVAILABLE: io exception
	at java.util.concurrent.FutureTask.report(FutureTask.java:122)
	at java.util.concurrent.FutureTask.get(FutureTask.java:192)
	at org.apache.ratis.server.impl.LeaderElection.waitForResults(LeaderElection.java:259)
	at org.apache.ratis.server.impl.LeaderElection.askForVotes(LeaderElection.java:197)
	at org.apache.ratis.server.impl.LeaderElection.run(LeaderElection.java:133)
	at java.lang.Thread.run(Thread.java:748)
Caused by: org.apache.ratis.thirdparty.io.grpc.StatusRuntimeException: UNAVAILABLE: io exception
	at org.apache.ratis.thirdparty.io.grpc.stub.ClientCalls.toStatusRuntimeException(ClientCalls.java:233)
	at org.apache.ratis.thirdparty.io.grpc.stub.ClientCalls.getUnchecked(ClientCalls.java:214)
	at org.apache.ratis.thirdparty.io.grpc.stub.ClientCalls.blockingUnaryCall(ClientCalls.java:139)
	at org.apache.ratis.proto.grpc.RaftServerProtocolServiceGrpc$RaftServerProtocolServiceBlockingStub.requestVote(RaftServerProtocolServiceGrpc.java:265)
	at org.apache.ratis.grpc.server.GrpcServerProtocolClient.requestVote(GrpcServerProtocolClient.java:99)
	at org.apache.ratis.grpc.server.GrpcService.requestVote(GrpcService.java:204)
	at org.apache.ratis.server.impl.LeaderElection.lambda$submitRequests$1(LeaderElection.java:234)
	at java.util.concurrent.FutureTask.run(FutureTask.java:266)
	at java.util.concurrent.Executors$RunnableAdapter.call(Executors.java:511)
	at java.util.concurrent.FutureTask.run(FutureTask.java:266)
	at java.util.concurrent.ThreadPoolExecutor.runWorker(ThreadPoolExecutor.java:1149)
	at java.util.concurrent.ThreadPoolExecutor$Worker.run(ThreadPoolExecutor.java:624)
	... 1 more
Caused by: org.apache.ratis.thirdparty.io.netty.channel.AbstractChannel$AnnotatedConnectException: Connection refused: /192.168.157.254:45339
	at sun.nio.ch.SocketChannelImpl.checkConnect(Native Method)
	at sun.nio.ch.SocketChannelImpl.finishConnect(SocketChannelImpl.java:717)
	at org.apache.ratis.thirdparty.io.netty.channel.socket.nio.NioSocketChannel.doFinishConnect(NioSocketChannel.java:327)
	at org.apache.ratis.thirdparty.io.netty.channel.nio.AbstractNioChannel$AbstractNioUnsafe.finishConnect(AbstractNioChannel.java:340)
	at org.apache.ratis.thirdparty.io.netty.channel.nio.NioEventLoop.processSelectedKey(NioEventLoop.java:632)
	at org.apache.ratis.thirdparty.io.netty.channel.nio.NioEventLoop.processSelectedKeysOptimized(NioEventLoop.java:579)
	at org.apache.ratis.thirdparty.io.netty.channel.nio.NioEventLoop.processSelectedKeys(NioEventLoop.java:496)
	at org.apache.ratis.thirdparty.io.netty.channel.nio.NioEventLoop.run(NioEventLoop.java:458)
	at org.apache.ratis.thirdparty.io.netty.util.concurrent.SingleThreadEventExecutor$5.run(SingleThreadEventExecutor.java:897)
	at org.apache.ratis.thirdparty.io.netty.util.concurrent.FastThreadLocalRunnable.run(FastThreadLocalRunnable.java:30)
	... 1 more
Caused by: java.net.ConnectException: Connection refused
	... 11 more
2019-10-16 21:12:22,689 [52743044-8979-4a08-8013-92a14c548982@group-146C50BE7901-LeaderElection301] INFO  impl.LeaderElection (LogUtils.java:infoOrTrace(149)) - 52743044-8979-4a08-8013-92a14c548982@group-146C50BE7901-LeaderElection301 got exception when requesting votes: {}
java.util.concurrent.ExecutionException: org.apache.ratis.thirdparty.io.grpc.StatusRuntimeException: UNAVAILABLE: io exception
	at java.util.concurrent.FutureTask.report(FutureTask.java:122)
	at java.util.concurrent.FutureTask.get(FutureTask.java:192)
	at org.apache.ratis.server.impl.LeaderElection.waitForResults(LeaderElection.java:259)
	at org.apache.ratis.server.impl.LeaderElection.askForVotes(LeaderElection.java:197)
	at org.apache.ratis.server.impl.LeaderElection.run(LeaderElection.java:133)
	at java.lang.Thread.run(Thread.java:748)
Caused by: org.apache.ratis.thirdparty.io.grpc.StatusRuntimeException: UNAVAILABLE: io exception
	at org.apache.ratis.thirdparty.io.grpc.stub.ClientCalls.toStatusRuntimeException(ClientCalls.java:233)
	at org.apache.ratis.thirdparty.io.grpc.stub.ClientCalls.getUnchecked(ClientCalls.java:214)
	at org.apache.ratis.thirdparty.io.grpc.stub.ClientCalls.blockingUnaryCall(ClientCalls.java:139)
	at org.apache.ratis.proto.grpc.RaftServerProtocolServiceGrpc$RaftServerProtocolServiceBlockingStub.requestVote(RaftServerProtocolServiceGrpc.java:265)
	at org.apache.ratis.grpc.server.GrpcServerProtocolClient.requestVote(GrpcServerProtocolClient.java:99)
	at org.apache.ratis.grpc.server.GrpcService.requestVote(GrpcService.java:204)
	at org.apache.ratis.server.impl.LeaderElection.lambda$submitRequests$1(LeaderElection.java:234)
	at java.util.concurrent.FutureTask.run(FutureTask.java:266)
	at java.util.concurrent.Executors$RunnableAdapter.call(Executors.java:511)
	at java.util.concurrent.FutureTask.run(FutureTask.java:266)
	at java.util.concurrent.ThreadPoolExecutor.runWorker(ThreadPoolExecutor.java:1149)
	at java.util.concurrent.ThreadPoolExecutor$Worker.run(ThreadPoolExecutor.java:624)
	... 1 more
Caused by: org.apache.ratis.thirdparty.io.netty.channel.AbstractChannel$AnnotatedConnectException: Connection refused: /192.168.157.254:37466
	at sun.nio.ch.SocketChannelImpl.checkConnect(Native Method)
	at sun.nio.ch.SocketChannelImpl.finishConnect(SocketChannelImpl.java:717)
	at org.apache.ratis.thirdparty.io.netty.channel.socket.nio.NioSocketChannel.doFinishConnect(NioSocketChannel.java:327)
	at org.apache.ratis.thirdparty.io.netty.channel.nio.AbstractNioChannel$AbstractNioUnsafe.finishConnect(AbstractNioChannel.java:340)
	at org.apache.ratis.thirdparty.io.netty.channel.nio.NioEventLoop.processSelectedKey(NioEventLoop.java:632)
	at org.apache.ratis.thirdparty.io.netty.channel.nio.NioEventLoop.processSelectedKeysOptimized(NioEventLoop.java:579)
	at org.apache.ratis.thirdparty.io.netty.channel.nio.NioEventLoop.processSelectedKeys(NioEventLoop.java:496)
	at org.apache.ratis.thirdparty.io.netty.channel.nio.NioEventLoop.run(NioEventLoop.java:458)
	at org.apache.ratis.thirdparty.io.netty.util.concurrent.SingleThreadEventExecutor$5.run(SingleThreadEventExecutor.java:897)
	at org.apache.ratis.thirdparty.io.netty.util.concurrent.FastThreadLocalRunnable.run(FastThreadLocalRunnable.java:30)
	... 1 more
Caused by: java.net.ConnectException: Connection refused
	... 11 more
2019-10-16 21:12:22,690 [52743044-8979-4a08-8013-92a14c548982@group-146C50BE7901-LeaderElection301] INFO  impl.LeaderElection (LeaderElection.java:logAndReturn(56)) - 52743044-8979-4a08-8013-92a14c548982@group-146C50BE7901-LeaderElection301: Election REJECTED; received 0 response(s) [] and 2 exception(s); 52743044-8979-4a08-8013-92a14c548982@group-146C50BE7901:t358, leader=null, voted=52743044-8979-4a08-8013-92a14c548982, raftlog=52743044-8979-4a08-8013-92a14c548982@group-146C50BE7901-SegmentedRaftLog:OPENED:c-1,f-1,i0, conf=-1: [904f39be-c3d3-4df4-99c0-2e4526e577e3:192.168.157.254:45339, 52743044-8979-4a08-8013-92a14c548982:192.168.157.254:36428, 65da0c80-3604-4ac2-9a39-ee88d748a153:192.168.157.254:37466], old=null
2019-10-16 21:12:22,690 [52743044-8979-4a08-8013-92a14c548982@group-146C50BE7901-LeaderElection301] INFO  impl.LeaderElection (LogUtils.java:infoOrTrace(149)) -   Exception 0: {}
java.util.concurrent.ExecutionException: org.apache.ratis.thirdparty.io.grpc.StatusRuntimeException: UNAVAILABLE: io exception
	at java.util.concurrent.FutureTask.report(FutureTask.java:122)
	at java.util.concurrent.FutureTask.get(FutureTask.java:192)
	at org.apache.ratis.server.impl.LeaderElection.waitForResults(LeaderElection.java:259)
	at org.apache.ratis.server.impl.LeaderElection.askForVotes(LeaderElection.java:197)
	at org.apache.ratis.server.impl.LeaderElection.run(LeaderElection.java:133)
	at java.lang.Thread.run(Thread.java:748)
Caused by: org.apache.ratis.thirdparty.io.grpc.StatusRuntimeException: UNAVAILABLE: io exception
	at org.apache.ratis.thirdparty.io.grpc.stub.ClientCalls.toStatusRuntimeException(ClientCalls.java:233)
	at org.apache.ratis.thirdparty.io.grpc.stub.ClientCalls.getUnchecked(ClientCalls.java:214)
	at org.apache.ratis.thirdparty.io.grpc.stub.ClientCalls.blockingUnaryCall(ClientCalls.java:139)
	at org.apache.ratis.proto.grpc.RaftServerProtocolServiceGrpc$RaftServerProtocolServiceBlockingStub.requestVote(RaftServerProtocolServiceGrpc.java:265)
	at org.apache.ratis.grpc.server.GrpcServerProtocolClient.requestVote(GrpcServerProtocolClient.java:99)
	at org.apache.ratis.grpc.server.GrpcService.requestVote(GrpcService.java:204)
	at org.apache.ratis.server.impl.LeaderElection.lambda$submitRequests$1(LeaderElection.java:234)
	at java.util.concurrent.FutureTask.run(FutureTask.java:266)
	at java.util.concurrent.Executors$RunnableAdapter.call(Executors.java:511)
	at java.util.concurrent.FutureTask.run(FutureTask.java:266)
	at java.util.concurrent.ThreadPoolExecutor.runWorker(ThreadPoolExecutor.java:1149)
	at java.util.concurrent.ThreadPoolExecutor$Worker.run(ThreadPoolExecutor.java:624)
	... 1 more
Caused by: org.apache.ratis.thirdparty.io.netty.channel.AbstractChannel$AnnotatedConnectException: Connection refused: /192.168.157.254:45339
	at sun.nio.ch.SocketChannelImpl.checkConnect(Native Method)
	at sun.nio.ch.SocketChannelImpl.finishConnect(SocketChannelImpl.java:717)
	at org.apache.ratis.thirdparty.io.netty.channel.socket.nio.NioSocketChannel.doFinishConnect(NioSocketChannel.java:327)
	at org.apache.ratis.thirdparty.io.netty.channel.nio.AbstractNioChannel$AbstractNioUnsafe.finishConnect(AbstractNioChannel.java:340)
	at org.apache.ratis.thirdparty.io.netty.channel.nio.NioEventLoop.processSelectedKey(NioEventLoop.java:632)
	at org.apache.ratis.thirdparty.io.netty.channel.nio.NioEventLoop.processSelectedKeysOptimized(NioEventLoop.java:579)
	at org.apache.ratis.thirdparty.io.netty.channel.nio.NioEventLoop.processSelectedKeys(NioEventLoop.java:496)
	at org.apache.ratis.thirdparty.io.netty.channel.nio.NioEventLoop.run(NioEventLoop.java:458)
	at org.apache.ratis.thirdparty.io.netty.util.concurrent.SingleThreadEventExecutor$5.run(SingleThreadEventExecutor.java:897)
	at org.apache.ratis.thirdparty.io.netty.util.concurrent.FastThreadLocalRunnable.run(FastThreadLocalRunnable.java:30)
	... 1 more
Caused by: java.net.ConnectException: Connection refused
	... 11 more
2019-10-16 21:12:22,690 [52743044-8979-4a08-8013-92a14c548982@group-146C50BE7901-LeaderElection301] INFO  impl.LeaderElection (LogUtils.java:infoOrTrace(149)) -   Exception 1: {}
java.util.concurrent.ExecutionException: org.apache.ratis.thirdparty.io.grpc.StatusRuntimeException: UNAVAILABLE: io exception
	at java.util.concurrent.FutureTask.report(FutureTask.java:122)
	at java.util.concurrent.FutureTask.get(FutureTask.java:192)
	at org.apache.ratis.server.impl.LeaderElection.waitForResults(LeaderElection.java:259)
	at org.apache.ratis.server.impl.LeaderElection.askForVotes(LeaderElection.java:197)
	at org.apache.ratis.server.impl.LeaderElection.run(LeaderElection.java:133)
	at java.lang.Thread.run(Thread.java:748)
Caused by: org.apache.ratis.thirdparty.io.grpc.StatusRuntimeException: UNAVAILABLE: io exception
	at org.apache.ratis.thirdparty.io.grpc.stub.ClientCalls.toStatusRuntimeException(ClientCalls.java:233)
	at org.apache.ratis.thirdparty.io.grpc.stub.ClientCalls.getUnchecked(ClientCalls.java:214)
	at org.apache.ratis.thirdparty.io.grpc.stub.ClientCalls.blockingUnaryCall(ClientCalls.java:139)
	at org.apache.ratis.proto.grpc.RaftServerProtocolServiceGrpc$RaftServerProtocolServiceBlockingStub.requestVote(RaftServerProtocolServiceGrpc.java:265)
	at org.apache.ratis.grpc.server.GrpcServerProtocolClient.requestVote(GrpcServerProtocolClient.java:99)
	at org.apache.ratis.grpc.server.GrpcService.requestVote(GrpcService.java:204)
	at org.apache.ratis.server.impl.LeaderElection.lambda$submitRequests$1(LeaderElection.java:234)
	at java.util.concurrent.FutureTask.run(FutureTask.java:266)
	at java.util.concurrent.Executors$RunnableAdapter.call(Executors.java:511)
	at java.util.concurrent.FutureTask.run(FutureTask.java:266)
	at java.util.concurrent.ThreadPoolExecutor.runWorker(ThreadPoolExecutor.java:1149)
	at java.util.concurrent.ThreadPoolExecutor$Worker.run(ThreadPoolExecutor.java:624)
	... 1 more
Caused by: org.apache.ratis.thirdparty.io.netty.channel.AbstractChannel$AnnotatedConnectException: Connection refused: /192.168.157.254:37466
	at sun.nio.ch.SocketChannelImpl.checkConnect(Native Method)
	at sun.nio.ch.SocketChannelImpl.finishConnect(SocketChannelImpl.java:717)
	at org.apache.ratis.thirdparty.io.netty.channel.socket.nio.NioSocketChannel.doFinishConnect(NioSocketChannel.java:327)
	at org.apache.ratis.thirdparty.io.netty.channel.nio.AbstractNioChannel$AbstractNioUnsafe.finishConnect(AbstractNioChannel.java:340)
	at org.apache.ratis.thirdparty.io.netty.channel.nio.NioEventLoop.processSelectedKey(NioEventLoop.java:632)
	at org.apache.ratis.thirdparty.io.netty.channel.nio.NioEventLoop.processSelectedKeysOptimized(NioEventLoop.java:579)
	at org.apache.ratis.thirdparty.io.netty.channel.nio.NioEventLoop.processSelectedKeys(NioEventLoop.java:496)
	at org.apache.ratis.thirdparty.io.netty.channel.nio.NioEventLoop.run(NioEventLoop.java:458)
	at org.apache.ratis.thirdparty.io.netty.util.concurrent.SingleThreadEventExecutor$5.run(SingleThreadEventExecutor.java:897)
	at org.apache.ratis.thirdparty.io.netty.util.concurrent.FastThreadLocalRunnable.run(FastThreadLocalRunnable.java:30)
	... 1 more
Caused by: java.net.ConnectException: Connection refused
	... 11 more
2019-10-16 21:12:22,690 [52743044-8979-4a08-8013-92a14c548982@group-146C50BE7901-LeaderElection301] INFO  impl.RaftServerImpl (RaftServerImpl.java:setRole(184)) - 52743044-8979-4a08-8013-92a14c548982@group-146C50BE7901: changes role from CANDIDATE to FOLLOWER at term 358 for DISCOVERED_A_NEW_TERM
2019-10-16 21:12:22,690 [52743044-8979-4a08-8013-92a14c548982@group-146C50BE7901-LeaderElection301] INFO  impl.RoleInfo (RoleInfo.java:shutdownLeaderElection(134)) - 52743044-8979-4a08-8013-92a14c548982: shutdown LeaderElection
2019-10-16 21:12:22,691 [52743044-8979-4a08-8013-92a14c548982@group-146C50BE7901-LeaderElection301] INFO  impl.RoleInfo (RoleInfo.java:updateAndGet(143)) - 52743044-8979-4a08-8013-92a14c548982: start FollowerState
2019-10-16 21:12:22,729 [Thread-2248] INFO  impl.FollowerState (FollowerState.java:run(108)) - 52743044-8979-4a08-8013-92a14c548982@group-146C50BE7901-FollowerState: change to CANDIDATE, lastRpcTime:38ms, electionTimeout:38ms
2019-10-16 21:12:22,729 [Thread-2248] INFO  impl.RoleInfo (RoleInfo.java:shutdownFollowerState(121)) - 52743044-8979-4a08-8013-92a14c548982: shutdown FollowerState
2019-10-16 21:12:22,729 [Thread-2248] INFO  impl.RaftServerImpl (RaftServerImpl.java:setRole(184)) - 52743044-8979-4a08-8013-92a14c548982@group-146C50BE7901: changes role from  FOLLOWER to CANDIDATE at term 358 for changeToCandidate
2019-10-16 21:12:22,730 [Thread-2248] INFO  impl.RoleInfo (RoleInfo.java:updateAndGet(143)) - 52743044-8979-4a08-8013-92a14c548982: start LeaderElection
2019-10-16 21:12:22,795 [52743044-8979-4a08-8013-92a14c548982@group-146C50BE7901-LeaderElection302] INFO  impl.LeaderElection (LeaderElection.java:askForVotes(178)) - 52743044-8979-4a08-8013-92a14c548982@group-146C50BE7901-LeaderElection302: begin an election at term 359 for -1: [904f39be-c3d3-4df4-99c0-2e4526e577e3:192.168.157.254:45339, 52743044-8979-4a08-8013-92a14c548982:192.168.157.254:36428, 65da0c80-3604-4ac2-9a39-ee88d748a153:192.168.157.254:37466], old=null
2019-10-16 21:12:22,796 [52743044-8979-4a08-8013-92a14c548982@group-146C50BE7901-LeaderElection302] INFO  impl.LeaderElection (LogUtils.java:infoOrTrace(149)) - 52743044-8979-4a08-8013-92a14c548982@group-146C50BE7901-LeaderElection302 got exception when requesting votes: {}
java.util.concurrent.ExecutionException: org.apache.ratis.thirdparty.io.grpc.StatusRuntimeException: UNAVAILABLE: io exception
	at java.util.concurrent.FutureTask.report(FutureTask.java:122)
	at java.util.concurrent.FutureTask.get(FutureTask.java:192)
	at org.apache.ratis.server.impl.LeaderElection.waitForResults(LeaderElection.java:259)
	at org.apache.ratis.server.impl.LeaderElection.askForVotes(LeaderElection.java:197)
	at org.apache.ratis.server.impl.LeaderElection.run(LeaderElection.java:133)
	at java.lang.Thread.run(Thread.java:748)
Caused by: org.apache.ratis.thirdparty.io.grpc.StatusRuntimeException: UNAVAILABLE: io exception
	at org.apache.ratis.thirdparty.io.grpc.stub.ClientCalls.toStatusRuntimeException(ClientCalls.java:233)
	at org.apache.ratis.thirdparty.io.grpc.stub.ClientCalls.getUnchecked(ClientCalls.java:214)
	at org.apache.ratis.thirdparty.io.grpc.stub.ClientCalls.blockingUnaryCall(ClientCalls.java:139)
	at org.apache.ratis.proto.grpc.RaftServerProtocolServiceGrpc$RaftServerProtocolServiceBlockingStub.requestVote(RaftServerProtocolServiceGrpc.java:265)
	at org.apache.ratis.grpc.server.GrpcServerProtocolClient.requestVote(GrpcServerProtocolClient.java:99)
	at org.apache.ratis.grpc.server.GrpcService.requestVote(GrpcService.java:204)
	at org.apache.ratis.server.impl.LeaderElection.lambda$submitRequests$1(LeaderElection.java:234)
	at java.util.concurrent.FutureTask.run(FutureTask.java:266)
	at java.util.concurrent.Executors$RunnableAdapter.call(Executors.java:511)
	at java.util.concurrent.FutureTask.run(FutureTask.java:266)
	at java.util.concurrent.ThreadPoolExecutor.runWorker(ThreadPoolExecutor.java:1149)
	at java.util.concurrent.ThreadPoolExecutor$Worker.run(ThreadPoolExecutor.java:624)
	... 1 more
Caused by: org.apache.ratis.thirdparty.io.netty.channel.AbstractChannel$AnnotatedConnectException: Connection refused: /192.168.157.254:37466
	at sun.nio.ch.SocketChannelImpl.checkConnect(Native Method)
	at sun.nio.ch.SocketChannelImpl.finishConnect(SocketChannelImpl.java:717)
	at org.apache.ratis.thirdparty.io.netty.channel.socket.nio.NioSocketChannel.doFinishConnect(NioSocketChannel.java:327)
	at org.apache.ratis.thirdparty.io.netty.channel.nio.AbstractNioChannel$AbstractNioUnsafe.finishConnect(AbstractNioChannel.java:340)
	at org.apache.ratis.thirdparty.io.netty.channel.nio.NioEventLoop.processSelectedKey(NioEventLoop.java:632)
	at org.apache.ratis.thirdparty.io.netty.channel.nio.NioEventLoop.processSelectedKeysOptimized(NioEventLoop.java:579)
	at org.apache.ratis.thirdparty.io.netty.channel.nio.NioEventLoop.processSelectedKeys(NioEventLoop.java:496)
	at org.apache.ratis.thirdparty.io.netty.channel.nio.NioEventLoop.run(NioEventLoop.java:458)
	at org.apache.ratis.thirdparty.io.netty.util.concurrent.SingleThreadEventExecutor$5.run(SingleThreadEventExecutor.java:897)
	at org.apache.ratis.thirdparty.io.netty.util.concurrent.FastThreadLocalRunnable.run(FastThreadLocalRunnable.java:30)
	... 1 more
Caused by: java.net.ConnectException: Connection refused
	... 11 more
2019-10-16 21:12:22,797 [52743044-8979-4a08-8013-92a14c548982@group-146C50BE7901-LeaderElection302] INFO  impl.LeaderElection (LogUtils.java:infoOrTrace(149)) - 52743044-8979-4a08-8013-92a14c548982@group-146C50BE7901-LeaderElection302 got exception when requesting votes: {}
java.util.concurrent.ExecutionException: org.apache.ratis.thirdparty.io.grpc.StatusRuntimeException: UNAVAILABLE: io exception
	at java.util.concurrent.FutureTask.report(FutureTask.java:122)
	at java.util.concurrent.FutureTask.get(FutureTask.java:192)
	at org.apache.ratis.server.impl.LeaderElection.waitForResults(LeaderElection.java:259)
	at org.apache.ratis.server.impl.LeaderElection.askForVotes(LeaderElection.java:197)
	at org.apache.ratis.server.impl.LeaderElection.run(LeaderElection.java:133)
	at java.lang.Thread.run(Thread.java:748)
Caused by: org.apache.ratis.thirdparty.io.grpc.StatusRuntimeException: UNAVAILABLE: io exception
	at org.apache.ratis.thirdparty.io.grpc.stub.ClientCalls.toStatusRuntimeException(ClientCalls.java:233)
	at org.apache.ratis.thirdparty.io.grpc.stub.ClientCalls.getUnchecked(ClientCalls.java:214)
	at org.apache.ratis.thirdparty.io.grpc.stub.ClientCalls.blockingUnaryCall(ClientCalls.java:139)
	at org.apache.ratis.proto.grpc.RaftServerProtocolServiceGrpc$RaftServerProtocolServiceBlockingStub.requestVote(RaftServerProtocolServiceGrpc.java:265)
	at org.apache.ratis.grpc.server.GrpcServerProtocolClient.requestVote(GrpcServerProtocolClient.java:99)
	at org.apache.ratis.grpc.server.GrpcService.requestVote(GrpcService.java:204)
	at org.apache.ratis.server.impl.LeaderElection.lambda$submitRequests$1(LeaderElection.java:234)
	at java.util.concurrent.FutureTask.run(FutureTask.java:266)
	at java.util.concurrent.Executors$RunnableAdapter.call(Executors.java:511)
	at java.util.concurrent.FutureTask.run(FutureTask.java:266)
	at java.util.concurrent.ThreadPoolExecutor.runWorker(ThreadPoolExecutor.java:1149)
	at java.util.concurrent.ThreadPoolExecutor$Worker.run(ThreadPoolExecutor.java:624)
	... 1 more
Caused by: org.apache.ratis.thirdparty.io.netty.channel.AbstractChannel$AnnotatedConnectException: Connection refused: /192.168.157.254:45339
	at sun.nio.ch.SocketChannelImpl.checkConnect(Native Method)
	at sun.nio.ch.SocketChannelImpl.finishConnect(SocketChannelImpl.java:717)
	at org.apache.ratis.thirdparty.io.netty.channel.socket.nio.NioSocketChannel.doFinishConnect(NioSocketChannel.java:327)
	at org.apache.ratis.thirdparty.io.netty.channel.nio.AbstractNioChannel$AbstractNioUnsafe.finishConnect(AbstractNioChannel.java:340)
	at org.apache.ratis.thirdparty.io.netty.channel.nio.NioEventLoop.processSelectedKey(NioEventLoop.java:632)
	at org.apache.ratis.thirdparty.io.netty.channel.nio.NioEventLoop.processSelectedKeysOptimized(NioEventLoop.java:579)
	at org.apache.ratis.thirdparty.io.netty.channel.nio.NioEventLoop.processSelectedKeys(NioEventLoop.java:496)
	at org.apache.ratis.thirdparty.io.netty.channel.nio.NioEventLoop.run(NioEventLoop.java:458)
	at org.apache.ratis.thirdparty.io.netty.util.concurrent.SingleThreadEventExecutor$5.run(SingleThreadEventExecutor.java:897)
	at org.apache.ratis.thirdparty.io.netty.util.concurrent.FastThreadLocalRunnable.run(FastThreadLocalRunnable.java:30)
	... 1 more
Caused by: java.net.ConnectException: Connection refused
	... 11 more
2019-10-16 21:12:22,797 [52743044-8979-4a08-8013-92a14c548982@group-146C50BE7901-LeaderElection302] INFO  impl.LeaderElection (LeaderElection.java:logAndReturn(56)) - 52743044-8979-4a08-8013-92a14c548982@group-146C50BE7901-LeaderElection302: Election REJECTED; received 0 response(s) [] and 2 exception(s); 52743044-8979-4a08-8013-92a14c548982@group-146C50BE7901:t359, leader=null, voted=52743044-8979-4a08-8013-92a14c548982, raftlog=52743044-8979-4a08-8013-92a14c548982@group-146C50BE7901-SegmentedRaftLog:OPENED:c-1,f-1,i0, conf=-1: [904f39be-c3d3-4df4-99c0-2e4526e577e3:192.168.157.254:45339, 52743044-8979-4a08-8013-92a14c548982:192.168.157.254:36428, 65da0c80-3604-4ac2-9a39-ee88d748a153:192.168.157.254:37466], old=null
2019-10-16 21:12:22,797 [52743044-8979-4a08-8013-92a14c548982@group-146C50BE7901-LeaderElection302] INFO  impl.LeaderElection (LogUtils.java:infoOrTrace(149)) -   Exception 0: {}
java.util.concurrent.ExecutionException: org.apache.ratis.thirdparty.io.grpc.StatusRuntimeException: UNAVAILABLE: io exception
	at java.util.concurrent.FutureTask.report(FutureTask.java:122)
	at java.util.concurrent.FutureTask.get(FutureTask.java:192)
	at org.apache.ratis.server.impl.LeaderElection.waitForResults(LeaderElection.java:259)
	at org.apache.ratis.server.impl.LeaderElection.askForVotes(LeaderElection.java:197)
	at org.apache.ratis.server.impl.LeaderElection.run(LeaderElection.java:133)
	at java.lang.Thread.run(Thread.java:748)
Caused by: org.apache.ratis.thirdparty.io.grpc.StatusRuntimeException: UNAVAILABLE: io exception
	at org.apache.ratis.thirdparty.io.grpc.stub.ClientCalls.toStatusRuntimeException(ClientCalls.java:233)
	at org.apache.ratis.thirdparty.io.grpc.stub.ClientCalls.getUnchecked(ClientCalls.java:214)
	at org.apache.ratis.thirdparty.io.grpc.stub.ClientCalls.blockingUnaryCall(ClientCalls.java:139)
	at org.apache.ratis.proto.grpc.RaftServerProtocolServiceGrpc$RaftServerProtocolServiceBlockingStub.requestVote(RaftServerProtocolServiceGrpc.java:265)
	at org.apache.ratis.grpc.server.GrpcServerProtocolClient.requestVote(GrpcServerProtocolClient.java:99)
	at org.apache.ratis.grpc.server.GrpcService.requestVote(GrpcService.java:204)
	at org.apache.ratis.server.impl.LeaderElection.lambda$submitRequests$1(LeaderElection.java:234)
	at java.util.concurrent.FutureTask.run(FutureTask.java:266)
	at java.util.concurrent.Executors$RunnableAdapter.call(Executors.java:511)
	at java.util.concurrent.FutureTask.run(FutureTask.java:266)
	at java.util.concurrent.ThreadPoolExecutor.runWorker(ThreadPoolExecutor.java:1149)
	at java.util.concurrent.ThreadPoolExecutor$Worker.run(ThreadPoolExecutor.java:624)
	... 1 more
Caused by: org.apache.ratis.thirdparty.io.netty.channel.AbstractChannel$AnnotatedConnectException: Connection refused: /192.168.157.254:37466
	at sun.nio.ch.SocketChannelImpl.checkConnect(Native Method)
	at sun.nio.ch.SocketChannelImpl.finishConnect(SocketChannelImpl.java:717)
	at org.apache.ratis.thirdparty.io.netty.channel.socket.nio.NioSocketChannel.doFinishConnect(NioSocketChannel.java:327)
	at org.apache.ratis.thirdparty.io.netty.channel.nio.AbstractNioChannel$AbstractNioUnsafe.finishConnect(AbstractNioChannel.java:340)
	at org.apache.ratis.thirdparty.io.netty.channel.nio.NioEventLoop.processSelectedKey(NioEventLoop.java:632)
	at org.apache.ratis.thirdparty.io.netty.channel.nio.NioEventLoop.processSelectedKeysOptimized(NioEventLoop.java:579)
	at org.apache.ratis.thirdparty.io.netty.channel.nio.NioEventLoop.processSelectedKeys(NioEventLoop.java:496)
	at org.apache.ratis.thirdparty.io.netty.channel.nio.NioEventLoop.run(NioEventLoop.java:458)
	at org.apache.ratis.thirdparty.io.netty.util.concurrent.SingleThreadEventExecutor$5.run(SingleThreadEventExecutor.java:897)
	at org.apache.ratis.thirdparty.io.netty.util.concurrent.FastThreadLocalRunnable.run(FastThreadLocalRunnable.java:30)
	... 1 more
Caused by: java.net.ConnectException: Connection refused
	... 11 more
2019-10-16 21:12:22,797 [52743044-8979-4a08-8013-92a14c548982@group-146C50BE7901-LeaderElection302] INFO  impl.LeaderElection (LogUtils.java:infoOrTrace(149)) -   Exception 1: {}
java.util.concurrent.ExecutionException: org.apache.ratis.thirdparty.io.grpc.StatusRuntimeException: UNAVAILABLE: io exception
	at java.util.concurrent.FutureTask.report(FutureTask.java:122)
	at java.util.concurrent.FutureTask.get(FutureTask.java:192)
	at org.apache.ratis.server.impl.LeaderElection.waitForResults(LeaderElection.java:259)
	at org.apache.ratis.server.impl.LeaderElection.askForVotes(LeaderElection.java:197)
	at org.apache.ratis.server.impl.LeaderElection.run(LeaderElection.java:133)
	at java.lang.Thread.run(Thread.java:748)
Caused by: org.apache.ratis.thirdparty.io.grpc.StatusRuntimeException: UNAVAILABLE: io exception
	at org.apache.ratis.thirdparty.io.grpc.stub.ClientCalls.toStatusRuntimeException(ClientCalls.java:233)
	at org.apache.ratis.thirdparty.io.grpc.stub.ClientCalls.getUnchecked(ClientCalls.java:214)
	at org.apache.ratis.thirdparty.io.grpc.stub.ClientCalls.blockingUnaryCall(ClientCalls.java:139)
	at org.apache.ratis.proto.grpc.RaftServerProtocolServiceGrpc$RaftServerProtocolServiceBlockingStub.requestVote(RaftServerProtocolServiceGrpc.java:265)
	at org.apache.ratis.grpc.server.GrpcServerProtocolClient.requestVote(GrpcServerProtocolClient.java:99)
	at org.apache.ratis.grpc.server.GrpcService.requestVote(GrpcService.java:204)
	at org.apache.ratis.server.impl.LeaderElection.lambda$submitRequests$1(LeaderElection.java:234)
	at java.util.concurrent.FutureTask.run(FutureTask.java:266)
	at java.util.concurrent.Executors$RunnableAdapter.call(Executors.java:511)
	at java.util.concurrent.FutureTask.run(FutureTask.java:266)
	at java.util.concurrent.ThreadPoolExecutor.runWorker(ThreadPoolExecutor.java:1149)
	at java.util.concurrent.ThreadPoolExecutor$Worker.run(ThreadPoolExecutor.java:624)
	... 1 more
Caused by: org.apache.ratis.thirdparty.io.netty.channel.AbstractChannel$AnnotatedConnectException: Connection refused: /192.168.157.254:45339
	at sun.nio.ch.SocketChannelImpl.checkConnect(Native Method)
	at sun.nio.ch.SocketChannelImpl.finishConnect(SocketChannelImpl.java:717)
	at org.apache.ratis.thirdparty.io.netty.channel.socket.nio.NioSocketChannel.doFinishConnect(NioSocketChannel.java:327)
	at org.apache.ratis.thirdparty.io.netty.channel.nio.AbstractNioChannel$AbstractNioUnsafe.finishConnect(AbstractNioChannel.java:340)
	at org.apache.ratis.thirdparty.io.netty.channel.nio.NioEventLoop.processSelectedKey(NioEventLoop.java:632)
	at org.apache.ratis.thirdparty.io.netty.channel.nio.NioEventLoop.processSelectedKeysOptimized(NioEventLoop.java:579)
	at org.apache.ratis.thirdparty.io.netty.channel.nio.NioEventLoop.processSelectedKeys(NioEventLoop.java:496)
	at org.apache.ratis.thirdparty.io.netty.channel.nio.NioEventLoop.run(NioEventLoop.java:458)
	at org.apache.ratis.thirdparty.io.netty.util.concurrent.SingleThreadEventExecutor$5.run(SingleThreadEventExecutor.java:897)
	at org.apache.ratis.thirdparty.io.netty.util.concurrent.FastThreadLocalRunnable.run(FastThreadLocalRunnable.java:30)
	... 1 more
Caused by: java.net.ConnectException: Connection refused
	... 11 more
2019-10-16 21:12:22,798 [52743044-8979-4a08-8013-92a14c548982@group-146C50BE7901-LeaderElection302] INFO  impl.RaftServerImpl (RaftServerImpl.java:setRole(184)) - 52743044-8979-4a08-8013-92a14c548982@group-146C50BE7901: changes role from CANDIDATE to FOLLOWER at term 359 for DISCOVERED_A_NEW_TERM
2019-10-16 21:12:22,798 [52743044-8979-4a08-8013-92a14c548982@group-146C50BE7901-LeaderElection302] INFO  impl.RoleInfo (RoleInfo.java:shutdownLeaderElection(134)) - 52743044-8979-4a08-8013-92a14c548982: shutdown LeaderElection
2019-10-16 21:12:22,798 [52743044-8979-4a08-8013-92a14c548982@group-146C50BE7901-LeaderElection302] INFO  impl.RoleInfo (RoleInfo.java:updateAndGet(143)) - 52743044-8979-4a08-8013-92a14c548982: start FollowerState
2019-10-16 21:12:22,851 [Thread-2252] INFO  impl.FollowerState (FollowerState.java:run(108)) - 52743044-8979-4a08-8013-92a14c548982@group-146C50BE7901-FollowerState: change to CANDIDATE, lastRpcTime:53ms, electionTimeout:53ms
2019-10-16 21:12:22,852 [Thread-2252] INFO  impl.RoleInfo (RoleInfo.java:shutdownFollowerState(121)) - 52743044-8979-4a08-8013-92a14c548982: shutdown FollowerState
2019-10-16 21:12:22,852 [Thread-2252] INFO  impl.RaftServerImpl (RaftServerImpl.java:setRole(184)) - 52743044-8979-4a08-8013-92a14c548982@group-146C50BE7901: changes role from  FOLLOWER to CANDIDATE at term 359 for changeToCandidate
2019-10-16 21:12:22,852 [Thread-2252] INFO  impl.RoleInfo (RoleInfo.java:updateAndGet(143)) - 52743044-8979-4a08-8013-92a14c548982: start LeaderElection
2019-10-16 21:12:22,867 [52743044-8979-4a08-8013-92a14c548982@group-146C50BE7901-LeaderElection303] INFO  impl.LeaderElection (LeaderElection.java:askForVotes(178)) - 52743044-8979-4a08-8013-92a14c548982@group-146C50BE7901-LeaderElection303: begin an election at term 360 for -1: [904f39be-c3d3-4df4-99c0-2e4526e577e3:192.168.157.254:45339, 52743044-8979-4a08-8013-92a14c548982:192.168.157.254:36428, 65da0c80-3604-4ac2-9a39-ee88d748a153:192.168.157.254:37466], old=null
2019-10-16 21:12:22,868 [52743044-8979-4a08-8013-92a14c548982@group-146C50BE7901-LeaderElection303] INFO  impl.LeaderElection (LogUtils.java:infoOrTrace(149)) - 52743044-8979-4a08-8013-92a14c548982@group-146C50BE7901-LeaderElection303 got exception when requesting votes: {}
java.util.concurrent.ExecutionException: org.apache.ratis.thirdparty.io.grpc.StatusRuntimeException: UNAVAILABLE: io exception
	at java.util.concurrent.FutureTask.report(FutureTask.java:122)
	at java.util.concurrent.FutureTask.get(FutureTask.java:192)
	at org.apache.ratis.server.impl.LeaderElection.waitForResults(LeaderElection.java:259)
	at org.apache.ratis.server.impl.LeaderElection.askForVotes(LeaderElection.java:197)
	at org.apache.ratis.server.impl.LeaderElection.run(LeaderElection.java:133)
	at java.lang.Thread.run(Thread.java:748)
Caused by: org.apache.ratis.thirdparty.io.grpc.StatusRuntimeException: UNAVAILABLE: io exception
	at org.apache.ratis.thirdparty.io.grpc.stub.ClientCalls.toStatusRuntimeException(ClientCalls.java:233)
	at org.apache.ratis.thirdparty.io.grpc.stub.ClientCalls.getUnchecked(ClientCalls.java:214)
	at org.apache.ratis.thirdparty.io.grpc.stub.ClientCalls.blockingUnaryCall(ClientCalls.java:139)
	at org.apache.ratis.proto.grpc.RaftServerProtocolServiceGrpc$RaftServerProtocolServiceBlockingStub.requestVote(RaftServerProtocolServiceGrpc.java:265)
	at org.apache.ratis.grpc.server.GrpcServerProtocolClient.requestVote(GrpcServerProtocolClient.java:99)
	at org.apache.ratis.grpc.server.GrpcService.requestVote(GrpcService.java:204)
	at org.apache.ratis.server.impl.LeaderElection.lambda$submitRequests$1(LeaderElection.java:234)
	at java.util.concurrent.FutureTask.run(FutureTask.java:266)
	at java.util.concurrent.Executors$RunnableAdapter.call(Executors.java:511)
	at java.util.concurrent.FutureTask.run(FutureTask.java:266)
	at java.util.concurrent.ThreadPoolExecutor.runWorker(ThreadPoolExecutor.java:1149)
	at java.util.concurrent.ThreadPoolExecutor$Worker.run(ThreadPoolExecutor.java:624)
	... 1 more
Caused by: org.apache.ratis.thirdparty.io.netty.channel.AbstractChannel$AnnotatedConnectException: Connection refused: /192.168.157.254:45339
	at sun.nio.ch.SocketChannelImpl.checkConnect(Native Method)
	at sun.nio.ch.SocketChannelImpl.finishConnect(SocketChannelImpl.java:717)
	at org.apache.ratis.thirdparty.io.netty.channel.socket.nio.NioSocketChannel.doFinishConnect(NioSocketChannel.java:327)
	at org.apache.ratis.thirdparty.io.netty.channel.nio.AbstractNioChannel$AbstractNioUnsafe.finishConnect(AbstractNioChannel.java:340)
	at org.apache.ratis.thirdparty.io.netty.channel.nio.NioEventLoop.processSelectedKey(NioEventLoop.java:632)
	at org.apache.ratis.thirdparty.io.netty.channel.nio.NioEventLoop.processSelectedKeysOptimized(NioEventLoop.java:579)
	at org.apache.ratis.thirdparty.io.netty.channel.nio.NioEventLoop.processSelectedKeys(NioEventLoop.java:496)
	at org.apache.ratis.thirdparty.io.netty.channel.nio.NioEventLoop.run(NioEventLoop.java:458)
	at org.apache.ratis.thirdparty.io.netty.util.concurrent.SingleThreadEventExecutor$5.run(SingleThreadEventExecutor.java:897)
	at org.apache.ratis.thirdparty.io.netty.util.concurrent.FastThreadLocalRunnable.run(FastThreadLocalRunnable.java:30)
	... 1 more
Caused by: java.net.ConnectException: Connection refused
	... 11 more
2019-10-16 21:12:22,869 [52743044-8979-4a08-8013-92a14c548982@group-146C50BE7901-LeaderElection303] INFO  impl.LeaderElection (LogUtils.java:infoOrTrace(149)) - 52743044-8979-4a08-8013-92a14c548982@group-146C50BE7901-LeaderElection303 got exception when requesting votes: {}
java.util.concurrent.ExecutionException: org.apache.ratis.thirdparty.io.grpc.StatusRuntimeException: UNAVAILABLE: io exception
	at java.util.concurrent.FutureTask.report(FutureTask.java:122)
	at java.util.concurrent.FutureTask.get(FutureTask.java:192)
	at org.apache.ratis.server.impl.LeaderElection.waitForResults(LeaderElection.java:259)
	at org.apache.ratis.server.impl.LeaderElection.askForVotes(LeaderElection.java:197)
	at org.apache.ratis.server.impl.LeaderElection.run(LeaderElection.java:133)
	at java.lang.Thread.run(Thread.java:748)
Caused by: org.apache.ratis.thirdparty.io.grpc.StatusRuntimeException: UNAVAILABLE: io exception
	at org.apache.ratis.thirdparty.io.grpc.stub.ClientCalls.toStatusRuntimeException(ClientCalls.java:233)
	at org.apache.ratis.thirdparty.io.grpc.stub.ClientCalls.getUnchecked(ClientCalls.java:214)
	at org.apache.ratis.thirdparty.io.grpc.stub.ClientCalls.blockingUnaryCall(ClientCalls.java:139)
	at org.apache.ratis.proto.grpc.RaftServerProtocolServiceGrpc$RaftServerProtocolServiceBlockingStub.requestVote(RaftServerProtocolServiceGrpc.java:265)
	at org.apache.ratis.grpc.server.GrpcServerProtocolClient.requestVote(GrpcServerProtocolClient.java:99)
	at org.apache.ratis.grpc.server.GrpcService.requestVote(GrpcService.java:204)
	at org.apache.ratis.server.impl.LeaderElection.lambda$submitRequests$1(LeaderElection.java:234)
	at java.util.concurrent.FutureTask.run(FutureTask.java:266)
	at java.util.concurrent.Executors$RunnableAdapter.call(Executors.java:511)
	at java.util.concurrent.FutureTask.run(FutureTask.java:266)
	at java.util.concurrent.ThreadPoolExecutor.runWorker(ThreadPoolExecutor.java:1149)
	at java.util.concurrent.ThreadPoolExecutor$Worker.run(ThreadPoolExecutor.java:624)
	... 1 more
Caused by: org.apache.ratis.thirdparty.io.netty.channel.AbstractChannel$AnnotatedConnectException: Connection refused: /192.168.157.254:37466
	at sun.nio.ch.SocketChannelImpl.checkConnect(Native Method)
	at sun.nio.ch.SocketChannelImpl.finishConnect(SocketChannelImpl.java:717)
	at org.apache.ratis.thirdparty.io.netty.channel.socket.nio.NioSocketChannel.doFinishConnect(NioSocketChannel.java:327)
	at org.apache.ratis.thirdparty.io.netty.channel.nio.AbstractNioChannel$AbstractNioUnsafe.finishConnect(AbstractNioChannel.java:340)
	at org.apache.ratis.thirdparty.io.netty.channel.nio.NioEventLoop.processSelectedKey(NioEventLoop.java:632)
	at org.apache.ratis.thirdparty.io.netty.channel.nio.NioEventLoop.processSelectedKeysOptimized(NioEventLoop.java:579)
	at org.apache.ratis.thirdparty.io.netty.channel.nio.NioEventLoop.processSelectedKeys(NioEventLoop.java:496)
	at org.apache.ratis.thirdparty.io.netty.channel.nio.NioEventLoop.run(NioEventLoop.java:458)
	at org.apache.ratis.thirdparty.io.netty.util.concurrent.SingleThreadEventExecutor$5.run(SingleThreadEventExecutor.java:897)
	at org.apache.ratis.thirdparty.io.netty.util.concurrent.FastThreadLocalRunnable.run(FastThreadLocalRunnable.java:30)
	... 1 more
Caused by: java.net.ConnectException: Connection refused
	... 11 more
2019-10-16 21:12:22,869 [52743044-8979-4a08-8013-92a14c548982@group-146C50BE7901-LeaderElection303] INFO  impl.LeaderElection (LeaderElection.java:logAndReturn(56)) - 52743044-8979-4a08-8013-92a14c548982@group-146C50BE7901-LeaderElection303: Election REJECTED; received 0 response(s) [] and 2 exception(s); 52743044-8979-4a08-8013-92a14c548982@group-146C50BE7901:t360, leader=null, voted=52743044-8979-4a08-8013-92a14c548982, raftlog=52743044-8979-4a08-8013-92a14c548982@group-146C50BE7901-SegmentedRaftLog:OPENED:c-1,f-1,i0, conf=-1: [904f39be-c3d3-4df4-99c0-2e4526e577e3:192.168.157.254:45339, 52743044-8979-4a08-8013-92a14c548982:192.168.157.254:36428, 65da0c80-3604-4ac2-9a39-ee88d748a153:192.168.157.254:37466], old=null
2019-10-16 21:12:22,869 [52743044-8979-4a08-8013-92a14c548982@group-146C50BE7901-LeaderElection303] INFO  impl.LeaderElection (LogUtils.java:infoOrTrace(149)) -   Exception 0: {}
java.util.concurrent.ExecutionException: org.apache.ratis.thirdparty.io.grpc.StatusRuntimeException: UNAVAILABLE: io exception
	at java.util.concurrent.FutureTask.report(FutureTask.java:122)
	at java.util.concurrent.FutureTask.get(FutureTask.java:192)
	at org.apache.ratis.server.impl.LeaderElection.waitForResults(LeaderElection.java:259)
	at org.apache.ratis.server.impl.LeaderElection.askForVotes(LeaderElection.java:197)
	at org.apache.ratis.server.impl.LeaderElection.run(LeaderElection.java:133)
	at java.lang.Thread.run(Thread.java:748)
Caused by: org.apache.ratis.thirdparty.io.grpc.StatusRuntimeException: UNAVAILABLE: io exception
	at org.apache.ratis.thirdparty.io.grpc.stub.ClientCalls.toStatusRuntimeException(ClientCalls.java:233)
	at org.apache.ratis.thirdparty.io.grpc.stub.ClientCalls.getUnchecked(ClientCalls.java:214)
	at org.apache.ratis.thirdparty.io.grpc.stub.ClientCalls.blockingUnaryCall(ClientCalls.java:139)
	at org.apache.ratis.proto.grpc.RaftServerProtocolServiceGrpc$RaftServerProtocolServiceBlockingStub.requestVote(RaftServerProtocolServiceGrpc.java:265)
	at org.apache.ratis.grpc.server.GrpcServerProtocolClient.requestVote(GrpcServerProtocolClient.java:99)
	at org.apache.ratis.grpc.server.GrpcService.requestVote(GrpcService.java:204)
	at org.apache.ratis.server.impl.LeaderElection.lambda$submitRequests$1(LeaderElection.java:234)
	at java.util.concurrent.FutureTask.run(FutureTask.java:266)
	at java.util.concurrent.Executors$RunnableAdapter.call(Executors.java:511)
	at java.util.concurrent.FutureTask.run(FutureTask.java:266)
	at java.util.concurrent.ThreadPoolExecutor.runWorker(ThreadPoolExecutor.java:1149)
	at java.util.concurrent.ThreadPoolExecutor$Worker.run(ThreadPoolExecutor.java:624)
	... 1 more
Caused by: org.apache.ratis.thirdparty.io.netty.channel.AbstractChannel$AnnotatedConnectException: Connection refused: /192.168.157.254:45339
	at sun.nio.ch.SocketChannelImpl.checkConnect(Native Method)
	at sun.nio.ch.SocketChannelImpl.finishConnect(SocketChannelImpl.java:717)
	at org.apache.ratis.thirdparty.io.netty.channel.socket.nio.NioSocketChannel.doFinishConnect(NioSocketChannel.java:327)
	at org.apache.ratis.thirdparty.io.netty.channel.nio.AbstractNioChannel$AbstractNioUnsafe.finishConnect(AbstractNioChannel.java:340)
	at org.apache.ratis.thirdparty.io.netty.channel.nio.NioEventLoop.processSelectedKey(NioEventLoop.java:632)
	at org.apache.ratis.thirdparty.io.netty.channel.nio.NioEventLoop.processSelectedKeysOptimized(NioEventLoop.java:579)
	at org.apache.ratis.thirdparty.io.netty.channel.nio.NioEventLoop.processSelectedKeys(NioEventLoop.java:496)
	at org.apache.ratis.thirdparty.io.netty.channel.nio.NioEventLoop.run(NioEventLoop.java:458)
	at org.apache.ratis.thirdparty.io.netty.util.concurrent.SingleThreadEventExecutor$5.run(SingleThreadEventExecutor.java:897)
	at org.apache.ratis.thirdparty.io.netty.util.concurrent.FastThreadLocalRunnable.run(FastThreadLocalRunnable.java:30)
	... 1 more
Caused by: java.net.ConnectException: Connection refused
	... 11 more
2019-10-16 21:12:22,869 [52743044-8979-4a08-8013-92a14c548982@group-146C50BE7901-LeaderElection303] INFO  impl.LeaderElection (LogUtils.java:infoOrTrace(149)) -   Exception 1: {}
java.util.concurrent.ExecutionException: org.apache.ratis.thirdparty.io.grpc.StatusRuntimeException: UNAVAILABLE: io exception
	at java.util.concurrent.FutureTask.report(FutureTask.java:122)
	at java.util.concurrent.FutureTask.get(FutureTask.java:192)
	at org.apache.ratis.server.impl.LeaderElection.waitForResults(LeaderElection.java:259)
	at org.apache.ratis.server.impl.LeaderElection.askForVotes(LeaderElection.java:197)
	at org.apache.ratis.server.impl.LeaderElection.run(LeaderElection.java:133)
	at java.lang.Thread.run(Thread.java:748)
Caused by: org.apache.ratis.thirdparty.io.grpc.StatusRuntimeException: UNAVAILABLE: io exception
	at org.apache.ratis.thirdparty.io.grpc.stub.ClientCalls.toStatusRuntimeException(ClientCalls.java:233)
	at org.apache.ratis.thirdparty.io.grpc.stub.ClientCalls.getUnchecked(ClientCalls.java:214)
	at org.apache.ratis.thirdparty.io.grpc.stub.ClientCalls.blockingUnaryCall(ClientCalls.java:139)
	at org.apache.ratis.proto.grpc.RaftServerProtocolServiceGrpc$RaftServerProtocolServiceBlockingStub.requestVote(RaftServerProtocolServiceGrpc.java:265)
	at org.apache.ratis.grpc.server.GrpcServerProtocolClient.requestVote(GrpcServerProtocolClient.java:99)
	at org.apache.ratis.grpc.server.GrpcService.requestVote(GrpcService.java:204)
	at org.apache.ratis.server.impl.LeaderElection.lambda$submitRequests$1(LeaderElection.java:234)
	at java.util.concurrent.FutureTask.run(FutureTask.java:266)
	at java.util.concurrent.Executors$RunnableAdapter.call(Executors.java:511)
	at java.util.concurrent.FutureTask.run(FutureTask.java:266)
	at java.util.concurrent.ThreadPoolExecutor.runWorker(ThreadPoolExecutor.java:1149)
	at java.util.concurrent.ThreadPoolExecutor$Worker.run(ThreadPoolExecutor.java:624)
	... 1 more
Caused by: org.apache.ratis.thirdparty.io.netty.channel.AbstractChannel$AnnotatedConnectException: Connection refused: /192.168.157.254:37466
	at sun.nio.ch.SocketChannelImpl.checkConnect(Native Method)
	at sun.nio.ch.SocketChannelImpl.finishConnect(SocketChannelImpl.java:717)
	at org.apache.ratis.thirdparty.io.netty.channel.socket.nio.NioSocketChannel.doFinishConnect(NioSocketChannel.java:327)
	at org.apache.ratis.thirdparty.io.netty.channel.nio.AbstractNioChannel$AbstractNioUnsafe.finishConnect(AbstractNioChannel.java:340)
	at org.apache.ratis.thirdparty.io.netty.channel.nio.NioEventLoop.processSelectedKey(NioEventLoop.java:632)
	at org.apache.ratis.thirdparty.io.netty.channel.nio.NioEventLoop.processSelectedKeysOptimized(NioEventLoop.java:579)
	at org.apache.ratis.thirdparty.io.netty.channel.nio.NioEventLoop.processSelectedKeys(NioEventLoop.java:496)
	at org.apache.ratis.thirdparty.io.netty.channel.nio.NioEventLoop.run(NioEventLoop.java:458)
	at org.apache.ratis.thirdparty.io.netty.util.concurrent.SingleThreadEventExecutor$5.run(SingleThreadEventExecutor.java:897)
	at org.apache.ratis.thirdparty.io.netty.util.concurrent.FastThreadLocalRunnable.run(FastThreadLocalRunnable.java:30)
	... 1 more
Caused by: java.net.ConnectException: Connection refused
	... 11 more
2019-10-16 21:12:22,870 [52743044-8979-4a08-8013-92a14c548982@group-146C50BE7901-LeaderElection303] INFO  impl.RaftServerImpl (RaftServerImpl.java:setRole(184)) - 52743044-8979-4a08-8013-92a14c548982@group-146C50BE7901: changes role from CANDIDATE to FOLLOWER at term 360 for DISCOVERED_A_NEW_TERM
2019-10-16 21:12:22,870 [52743044-8979-4a08-8013-92a14c548982@group-146C50BE7901-LeaderElection303] INFO  impl.RoleInfo (RoleInfo.java:shutdownLeaderElection(134)) - 52743044-8979-4a08-8013-92a14c548982: shutdown LeaderElection
2019-10-16 21:12:22,870 [52743044-8979-4a08-8013-92a14c548982@group-146C50BE7901-LeaderElection303] INFO  impl.RoleInfo (RoleInfo.java:updateAndGet(143)) - 52743044-8979-4a08-8013-92a14c548982: start FollowerState
2019-10-16 21:12:23,063 [Thread-2256] INFO  impl.FollowerState (FollowerState.java:run(108)) - 52743044-8979-4a08-8013-92a14c548982@group-146C50BE7901-FollowerState: change to CANDIDATE, lastRpcTime:193ms, electionTimeout:193ms
2019-10-16 21:12:23,063 [Thread-2256] INFO  impl.RoleInfo (RoleInfo.java:shutdownFollowerState(121)) - 52743044-8979-4a08-8013-92a14c548982: shutdown FollowerState
2019-10-16 21:12:23,064 [Thread-2256] INFO  impl.RaftServerImpl (RaftServerImpl.java:setRole(184)) - 52743044-8979-4a08-8013-92a14c548982@group-146C50BE7901: changes role from  FOLLOWER to CANDIDATE at term 360 for changeToCandidate
2019-10-16 21:12:23,064 [Thread-2256] INFO  impl.RoleInfo (RoleInfo.java:updateAndGet(143)) - 52743044-8979-4a08-8013-92a14c548982: start LeaderElection
2019-10-16 21:12:23,118 [52743044-8979-4a08-8013-92a14c548982@group-146C50BE7901-LeaderElection304] INFO  impl.LeaderElection (LeaderElection.java:askForVotes(178)) - 52743044-8979-4a08-8013-92a14c548982@group-146C50BE7901-LeaderElection304: begin an election at term 361 for -1: [904f39be-c3d3-4df4-99c0-2e4526e577e3:192.168.157.254:45339, 52743044-8979-4a08-8013-92a14c548982:192.168.157.254:36428, 65da0c80-3604-4ac2-9a39-ee88d748a153:192.168.157.254:37466], old=null
2019-10-16 21:12:23,119 [52743044-8979-4a08-8013-92a14c548982@group-146C50BE7901-LeaderElection304] INFO  impl.LeaderElection (LogUtils.java:infoOrTrace(149)) - 52743044-8979-4a08-8013-92a14c548982@group-146C50BE7901-LeaderElection304 got exception when requesting votes: {}
java.util.concurrent.ExecutionException: org.apache.ratis.thirdparty.io.grpc.StatusRuntimeException: UNAVAILABLE: io exception
	at java.util.concurrent.FutureTask.report(FutureTask.java:122)
	at java.util.concurrent.FutureTask.get(FutureTask.java:192)
	at org.apache.ratis.server.impl.LeaderElection.waitForResults(LeaderElection.java:259)
	at org.apache.ratis.server.impl.LeaderElection.askForVotes(LeaderElection.java:197)
	at org.apache.ratis.server.impl.LeaderElection.run(LeaderElection.java:133)
	at java.lang.Thread.run(Thread.java:748)
Caused by: org.apache.ratis.thirdparty.io.grpc.StatusRuntimeException: UNAVAILABLE: io exception
	at org.apache.ratis.thirdparty.io.grpc.stub.ClientCalls.toStatusRuntimeException(ClientCalls.java:233)
	at org.apache.ratis.thirdparty.io.grpc.stub.ClientCalls.getUnchecked(ClientCalls.java:214)
	at org.apache.ratis.thirdparty.io.grpc.stub.ClientCalls.blockingUnaryCall(ClientCalls.java:139)
	at org.apache.ratis.proto.grpc.RaftServerProtocolServiceGrpc$RaftServerProtocolServiceBlockingStub.requestVote(RaftServerProtocolServiceGrpc.java:265)
	at org.apache.ratis.grpc.server.GrpcServerProtocolClient.requestVote(GrpcServerProtocolClient.java:99)
	at org.apache.ratis.grpc.server.GrpcService.requestVote(GrpcService.java:204)
	at org.apache.ratis.server.impl.LeaderElection.lambda$submitRequests$1(LeaderElection.java:234)
	at java.util.concurrent.FutureTask.run(FutureTask.java:266)
	at java.util.concurrent.Executors$RunnableAdapter.call(Executors.java:511)
	at java.util.concurrent.FutureTask.run(FutureTask.java:266)
	at java.util.concurrent.ThreadPoolExecutor.runWorker(ThreadPoolExecutor.java:1149)
	at java.util.concurrent.ThreadPoolExecutor$Worker.run(ThreadPoolExecutor.java:624)
	... 1 more
Caused by: org.apache.ratis.thirdparty.io.netty.channel.AbstractChannel$AnnotatedConnectException: Connection refused: /192.168.157.254:45339
	at sun.nio.ch.SocketChannelImpl.checkConnect(Native Method)
	at sun.nio.ch.SocketChannelImpl.finishConnect(SocketChannelImpl.java:717)
	at org.apache.ratis.thirdparty.io.netty.channel.socket.nio.NioSocketChannel.doFinishConnect(NioSocketChannel.java:327)
	at org.apache.ratis.thirdparty.io.netty.channel.nio.AbstractNioChannel$AbstractNioUnsafe.finishConnect(AbstractNioChannel.java:340)
	at org.apache.ratis.thirdparty.io.netty.channel.nio.NioEventLoop.processSelectedKey(NioEventLoop.java:632)
	at org.apache.ratis.thirdparty.io.netty.channel.nio.NioEventLoop.processSelectedKeysOptimized(NioEventLoop.java:579)
	at org.apache.ratis.thirdparty.io.netty.channel.nio.NioEventLoop.processSelectedKeys(NioEventLoop.java:496)
	at org.apache.ratis.thirdparty.io.netty.channel.nio.NioEventLoop.run(NioEventLoop.java:458)
	at org.apache.ratis.thirdparty.io.netty.util.concurrent.SingleThreadEventExecutor$5.run(SingleThreadEventExecutor.java:897)
	at org.apache.ratis.thirdparty.io.netty.util.concurrent.FastThreadLocalRunnable.run(FastThreadLocalRunnable.java:30)
	... 1 more
Caused by: java.net.ConnectException: Connection refused
	... 11 more
2019-10-16 21:12:23,120 [52743044-8979-4a08-8013-92a14c548982@group-146C50BE7901-LeaderElection304] INFO  impl.LeaderElection (LogUtils.java:infoOrTrace(149)) - 52743044-8979-4a08-8013-92a14c548982@group-146C50BE7901-LeaderElection304 got exception when requesting votes: {}
java.util.concurrent.ExecutionException: org.apache.ratis.thirdparty.io.grpc.StatusRuntimeException: UNAVAILABLE: io exception
	at java.util.concurrent.FutureTask.report(FutureTask.java:122)
	at java.util.concurrent.FutureTask.get(FutureTask.java:192)
	at org.apache.ratis.server.impl.LeaderElection.waitForResults(LeaderElection.java:259)
	at org.apache.ratis.server.impl.LeaderElection.askForVotes(LeaderElection.java:197)
	at org.apache.ratis.server.impl.LeaderElection.run(LeaderElection.java:133)
	at java.lang.Thread.run(Thread.java:748)
Caused by: org.apache.ratis.thirdparty.io.grpc.StatusRuntimeException: UNAVAILABLE: io exception
	at org.apache.ratis.thirdparty.io.grpc.stub.ClientCalls.toStatusRuntimeException(ClientCalls.java:233)
	at org.apache.ratis.thirdparty.io.grpc.stub.ClientCalls.getUnchecked(ClientCalls.java:214)
	at org.apache.ratis.thirdparty.io.grpc.stub.ClientCalls.blockingUnaryCall(ClientCalls.java:139)
	at org.apache.ratis.proto.grpc.RaftServerProtocolServiceGrpc$RaftServerProtocolServiceBlockingStub.requestVote(RaftServerProtocolServiceGrpc.java:265)
	at org.apache.ratis.grpc.server.GrpcServerProtocolClient.requestVote(GrpcServerProtocolClient.java:99)
	at org.apache.ratis.grpc.server.GrpcService.requestVote(GrpcService.java:204)
	at org.apache.ratis.server.impl.LeaderElection.lambda$submitRequests$1(LeaderElection.java:234)
	at java.util.concurrent.FutureTask.run(FutureTask.java:266)
	at java.util.concurrent.Executors$RunnableAdapter.call(Executors.java:511)
	at java.util.concurrent.FutureTask.run(FutureTask.java:266)
	at java.util.concurrent.ThreadPoolExecutor.runWorker(ThreadPoolExecutor.java:1149)
	at java.util.concurrent.ThreadPoolExecutor$Worker.run(ThreadPoolExecutor.java:624)
	... 1 more
Caused by: org.apache.ratis.thirdparty.io.netty.channel.AbstractChannel$AnnotatedConnectException: Connection refused: /192.168.157.254:37466
	at sun.nio.ch.SocketChannelImpl.checkConnect(Native Method)
	at sun.nio.ch.SocketChannelImpl.finishConnect(SocketChannelImpl.java:717)
	at org.apache.ratis.thirdparty.io.netty.channel.socket.nio.NioSocketChannel.doFinishConnect(NioSocketChannel.java:327)
	at org.apache.ratis.thirdparty.io.netty.channel.nio.AbstractNioChannel$AbstractNioUnsafe.finishConnect(AbstractNioChannel.java:340)
	at org.apache.ratis.thirdparty.io.netty.channel.nio.NioEventLoop.processSelectedKey(NioEventLoop.java:632)
	at org.apache.ratis.thirdparty.io.netty.channel.nio.NioEventLoop.processSelectedKeysOptimized(NioEventLoop.java:579)
	at org.apache.ratis.thirdparty.io.netty.channel.nio.NioEventLoop.processSelectedKeys(NioEventLoop.java:496)
	at org.apache.ratis.thirdparty.io.netty.channel.nio.NioEventLoop.run(NioEventLoop.java:458)
	at org.apache.ratis.thirdparty.io.netty.util.concurrent.SingleThreadEventExecutor$5.run(SingleThreadEventExecutor.java:897)
	at org.apache.ratis.thirdparty.io.netty.util.concurrent.FastThreadLocalRunnable.run(FastThreadLocalRunnable.java:30)
	... 1 more
Caused by: java.net.ConnectException: Connection refused
	... 11 more
2019-10-16 21:12:23,120 [52743044-8979-4a08-8013-92a14c548982@group-146C50BE7901-LeaderElection304] INFO  impl.LeaderElection (LeaderElection.java:logAndReturn(56)) - 52743044-8979-4a08-8013-92a14c548982@group-146C50BE7901-LeaderElection304: Election REJECTED; received 0 response(s) [] and 2 exception(s); 52743044-8979-4a08-8013-92a14c548982@group-146C50BE7901:t361, leader=null, voted=52743044-8979-4a08-8013-92a14c548982, raftlog=52743044-8979-4a08-8013-92a14c548982@group-146C50BE7901-SegmentedRaftLog:OPENED:c-1,f-1,i0, conf=-1: [904f39be-c3d3-4df4-99c0-2e4526e577e3:192.168.157.254:45339, 52743044-8979-4a08-8013-92a14c548982:192.168.157.254:36428, 65da0c80-3604-4ac2-9a39-ee88d748a153:192.168.157.254:37466], old=null
2019-10-16 21:12:23,120 [52743044-8979-4a08-8013-92a14c548982@group-146C50BE7901-LeaderElection304] INFO  impl.LeaderElection (LogUtils.java:infoOrTrace(149)) -   Exception 0: {}
java.util.concurrent.ExecutionException: org.apache.ratis.thirdparty.io.grpc.StatusRuntimeException: UNAVAILABLE: io exception
	at java.util.concurrent.FutureTask.report(FutureTask.java:122)
	at java.util.concurrent.FutureTask.get(FutureTask.java:192)
	at org.apache.ratis.server.impl.LeaderElection.waitForResults(LeaderElection.java:259)
	at org.apache.ratis.server.impl.LeaderElection.askForVotes(LeaderElection.java:197)
	at org.apache.ratis.server.impl.LeaderElection.run(LeaderElection.java:133)
	at java.lang.Thread.run(Thread.java:748)
Caused by: org.apache.ratis.thirdparty.io.grpc.StatusRuntimeException: UNAVAILABLE: io exception
	at org.apache.ratis.thirdparty.io.grpc.stub.ClientCalls.toStatusRuntimeException(ClientCalls.java:233)
	at org.apache.ratis.thirdparty.io.grpc.stub.ClientCalls.getUnchecked(ClientCalls.java:214)
	at org.apache.ratis.thirdparty.io.grpc.stub.ClientCalls.blockingUnaryCall(ClientCalls.java:139)
	at org.apache.ratis.proto.grpc.RaftServerProtocolServiceGrpc$RaftServerProtocolServiceBlockingStub.requestVote(RaftServerProtocolServiceGrpc.java:265)
	at org.apache.ratis.grpc.server.GrpcServerProtocolClient.requestVote(GrpcServerProtocolClient.java:99)
	at org.apache.ratis.grpc.server.GrpcService.requestVote(GrpcService.java:204)
	at org.apache.ratis.server.impl.LeaderElection.lambda$submitRequests$1(LeaderElection.java:234)
	at java.util.concurrent.FutureTask.run(FutureTask.java:266)
	at java.util.concurrent.Executors$RunnableAdapter.call(Executors.java:511)
	at java.util.concurrent.FutureTask.run(FutureTask.java:266)
	at java.util.concurrent.ThreadPoolExecutor.runWorker(ThreadPoolExecutor.java:1149)
	at java.util.concurrent.ThreadPoolExecutor$Worker.run(ThreadPoolExecutor.java:624)
	... 1 more
Caused by: org.apache.ratis.thirdparty.io.netty.channel.AbstractChannel$AnnotatedConnectException: Connection refused: /192.168.157.254:45339
	at sun.nio.ch.SocketChannelImpl.checkConnect(Native Method)
	at sun.nio.ch.SocketChannelImpl.finishConnect(SocketChannelImpl.java:717)
	at org.apache.ratis.thirdparty.io.netty.channel.socket.nio.NioSocketChannel.doFinishConnect(NioSocketChannel.java:327)
	at org.apache.ratis.thirdparty.io.netty.channel.nio.AbstractNioChannel$AbstractNioUnsafe.finishConnect(AbstractNioChannel.java:340)
	at org.apache.ratis.thirdparty.io.netty.channel.nio.NioEventLoop.processSelectedKey(NioEventLoop.java:632)
	at org.apache.ratis.thirdparty.io.netty.channel.nio.NioEventLoop.processSelectedKeysOptimized(NioEventLoop.java:579)
	at org.apache.ratis.thirdparty.io.netty.channel.nio.NioEventLoop.processSelectedKeys(NioEventLoop.java:496)
	at org.apache.ratis.thirdparty.io.netty.channel.nio.NioEventLoop.run(NioEventLoop.java:458)
	at org.apache.ratis.thirdparty.io.netty.util.concurrent.SingleThreadEventExecutor$5.run(SingleThreadEventExecutor.java:897)
	at org.apache.ratis.thirdparty.io.netty.util.concurrent.FastThreadLocalRunnable.run(FastThreadLocalRunnable.java:30)
	... 1 more
Caused by: java.net.ConnectException: Connection refused
	... 11 more
2019-10-16 21:12:23,121 [52743044-8979-4a08-8013-92a14c548982@group-146C50BE7901-LeaderElection304] INFO  impl.LeaderElection (LogUtils.java:infoOrTrace(149)) -   Exception 1: {}
java.util.concurrent.ExecutionException: org.apache.ratis.thirdparty.io.grpc.StatusRuntimeException: UNAVAILABLE: io exception
	at java.util.concurrent.FutureTask.report(FutureTask.java:122)
	at java.util.concurrent.FutureTask.get(FutureTask.java:192)
	at org.apache.ratis.server.impl.LeaderElection.waitForResults(LeaderElection.java:259)
	at org.apache.ratis.server.impl.LeaderElection.askForVotes(LeaderElection.java:197)
	at org.apache.ratis.server.impl.LeaderElection.run(LeaderElection.java:133)
	at java.lang.Thread.run(Thread.java:748)
Caused by: org.apache.ratis.thirdparty.io.grpc.StatusRuntimeException: UNAVAILABLE: io exception
	at org.apache.ratis.thirdparty.io.grpc.stub.ClientCalls.toStatusRuntimeException(ClientCalls.java:233)
	at org.apache.ratis.thirdparty.io.grpc.stub.ClientCalls.getUnchecked(ClientCalls.java:214)
	at org.apache.ratis.thirdparty.io.grpc.stub.ClientCalls.blockingUnaryCall(ClientCalls.java:139)
	at org.apache.ratis.proto.grpc.RaftServerProtocolServiceGrpc$RaftServerProtocolServiceBlockingStub.requestVote(RaftServerProtocolServiceGrpc.java:265)
	at org.apache.ratis.grpc.server.GrpcServerProtocolClient.requestVote(GrpcServerProtocolClient.java:99)
	at org.apache.ratis.grpc.server.GrpcService.requestVote(GrpcService.java:204)
	at org.apache.ratis.server.impl.LeaderElection.lambda$submitRequests$1(LeaderElection.java:234)
	at java.util.concurrent.FutureTask.run(FutureTask.java:266)
	at java.util.concurrent.Executors$RunnableAdapter.call(Executors.java:511)
	at java.util.concurrent.FutureTask.run(FutureTask.java:266)
	at java.util.concurrent.ThreadPoolExecutor.runWorker(ThreadPoolExecutor.java:1149)
	at java.util.concurrent.ThreadPoolExecutor$Worker.run(ThreadPoolExecutor.java:624)
	... 1 more
Caused by: org.apache.ratis.thirdparty.io.netty.channel.AbstractChannel$AnnotatedConnectException: Connection refused: /192.168.157.254:37466
	at sun.nio.ch.SocketChannelImpl.checkConnect(Native Method)
	at sun.nio.ch.SocketChannelImpl.finishConnect(SocketChannelImpl.java:717)
	at org.apache.ratis.thirdparty.io.netty.channel.socket.nio.NioSocketChannel.doFinishConnect(NioSocketChannel.java:327)
	at org.apache.ratis.thirdparty.io.netty.channel.nio.AbstractNioChannel$AbstractNioUnsafe.finishConnect(AbstractNioChannel.java:340)
	at org.apache.ratis.thirdparty.io.netty.channel.nio.NioEventLoop.processSelectedKey(NioEventLoop.java:632)
	at org.apache.ratis.thirdparty.io.netty.channel.nio.NioEventLoop.processSelectedKeysOptimized(NioEventLoop.java:579)
	at org.apache.ratis.thirdparty.io.netty.channel.nio.NioEventLoop.processSelectedKeys(NioEventLoop.java:496)
	at org.apache.ratis.thirdparty.io.netty.channel.nio.NioEventLoop.run(NioEventLoop.java:458)
	at org.apache.ratis.thirdparty.io.netty.util.concurrent.SingleThreadEventExecutor$5.run(SingleThreadEventExecutor.java:897)
	at org.apache.ratis.thirdparty.io.netty.util.concurrent.FastThreadLocalRunnable.run(FastThreadLocalRunnable.java:30)
	... 1 more
Caused by: java.net.ConnectException: Connection refused
	... 11 more
2019-10-16 21:12:23,121 [52743044-8979-4a08-8013-92a14c548982@group-146C50BE7901-LeaderElection304] INFO  impl.RaftServerImpl (RaftServerImpl.java:setRole(184)) - 52743044-8979-4a08-8013-92a14c548982@group-146C50BE7901: changes role from CANDIDATE to FOLLOWER at term 361 for DISCOVERED_A_NEW_TERM
2019-10-16 21:12:23,121 [52743044-8979-4a08-8013-92a14c548982@group-146C50BE7901-LeaderElection304] INFO  impl.RoleInfo (RoleInfo.java:shutdownLeaderElection(134)) - 52743044-8979-4a08-8013-92a14c548982: shutdown LeaderElection
2019-10-16 21:12:23,121 [52743044-8979-4a08-8013-92a14c548982@group-146C50BE7901-LeaderElection304] INFO  impl.RoleInfo (RoleInfo.java:updateAndGet(143)) - 52743044-8979-4a08-8013-92a14c548982: start FollowerState
2019-10-16 21:12:23,147 [Thread-2260] INFO  impl.FollowerState (FollowerState.java:run(108)) - 52743044-8979-4a08-8013-92a14c548982@group-146C50BE7901-FollowerState: change to CANDIDATE, lastRpcTime:25ms, electionTimeout:25ms
2019-10-16 21:12:23,147 [Thread-2260] INFO  impl.RoleInfo (RoleInfo.java:shutdownFollowerState(121)) - 52743044-8979-4a08-8013-92a14c548982: shutdown FollowerState
2019-10-16 21:12:23,147 [Thread-2260] INFO  impl.RaftServerImpl (RaftServerImpl.java:setRole(184)) - 52743044-8979-4a08-8013-92a14c548982@group-146C50BE7901: changes role from  FOLLOWER to CANDIDATE at term 361 for changeToCandidate
2019-10-16 21:12:23,147 [Thread-2260] INFO  impl.RoleInfo (RoleInfo.java:updateAndGet(143)) - 52743044-8979-4a08-8013-92a14c548982: start LeaderElection
2019-10-16 21:12:23,216 [52743044-8979-4a08-8013-92a14c548982@group-146C50BE7901-LeaderElection305] INFO  impl.LeaderElection (LeaderElection.java:askForVotes(178)) - 52743044-8979-4a08-8013-92a14c548982@group-146C50BE7901-LeaderElection305: begin an election at term 362 for -1: [904f39be-c3d3-4df4-99c0-2e4526e577e3:192.168.157.254:45339, 52743044-8979-4a08-8013-92a14c548982:192.168.157.254:36428, 65da0c80-3604-4ac2-9a39-ee88d748a153:192.168.157.254:37466], old=null
2019-10-16 21:12:23,217 [52743044-8979-4a08-8013-92a14c548982@group-146C50BE7901-LeaderElection305] INFO  impl.LeaderElection (LogUtils.java:infoOrTrace(149)) - 52743044-8979-4a08-8013-92a14c548982@group-146C50BE7901-LeaderElection305 got exception when requesting votes: {}
java.util.concurrent.ExecutionException: org.apache.ratis.thirdparty.io.grpc.StatusRuntimeException: UNAVAILABLE: io exception
	at java.util.concurrent.FutureTask.report(FutureTask.java:122)
	at java.util.concurrent.FutureTask.get(FutureTask.java:192)
	at org.apache.ratis.server.impl.LeaderElection.waitForResults(LeaderElection.java:259)
	at org.apache.ratis.server.impl.LeaderElection.askForVotes(LeaderElection.java:197)
	at org.apache.ratis.server.impl.LeaderElection.run(LeaderElection.java:133)
	at java.lang.Thread.run(Thread.java:748)
Caused by: org.apache.ratis.thirdparty.io.grpc.StatusRuntimeException: UNAVAILABLE: io exception
	at org.apache.ratis.thirdparty.io.grpc.stub.ClientCalls.toStatusRuntimeException(ClientCalls.java:233)
	at org.apache.ratis.thirdparty.io.grpc.stub.ClientCalls.getUnchecked(ClientCalls.java:214)
	at org.apache.ratis.thirdparty.io.grpc.stub.ClientCalls.blockingUnaryCall(ClientCalls.java:139)
	at org.apache.ratis.proto.grpc.RaftServerProtocolServiceGrpc$RaftServerProtocolServiceBlockingStub.requestVote(RaftServerProtocolServiceGrpc.java:265)
	at org.apache.ratis.grpc.server.GrpcServerProtocolClient.requestVote(GrpcServerProtocolClient.java:99)
	at org.apache.ratis.grpc.server.GrpcService.requestVote(GrpcService.java:204)
	at org.apache.ratis.server.impl.LeaderElection.lambda$submitRequests$1(LeaderElection.java:234)
	at java.util.concurrent.FutureTask.run(FutureTask.java:266)
	at java.util.concurrent.Executors$RunnableAdapter.call(Executors.java:511)
	at java.util.concurrent.FutureTask.run(FutureTask.java:266)
	at java.util.concurrent.ThreadPoolExecutor.runWorker(ThreadPoolExecutor.java:1149)
	at java.util.concurrent.ThreadPoolExecutor$Worker.run(ThreadPoolExecutor.java:624)
	... 1 more
Caused by: org.apache.ratis.thirdparty.io.netty.channel.AbstractChannel$AnnotatedConnectException: Connection refused: /192.168.157.254:37466
	at sun.nio.ch.SocketChannelImpl.checkConnect(Native Method)
	at sun.nio.ch.SocketChannelImpl.finishConnect(SocketChannelImpl.java:717)
	at org.apache.ratis.thirdparty.io.netty.channel.socket.nio.NioSocketChannel.doFinishConnect(NioSocketChannel.java:327)
	at org.apache.ratis.thirdparty.io.netty.channel.nio.AbstractNioChannel$AbstractNioUnsafe.finishConnect(AbstractNioChannel.java:340)
	at org.apache.ratis.thirdparty.io.netty.channel.nio.NioEventLoop.processSelectedKey(NioEventLoop.java:632)
	at org.apache.ratis.thirdparty.io.netty.channel.nio.NioEventLoop.processSelectedKeysOptimized(NioEventLoop.java:579)
	at org.apache.ratis.thirdparty.io.netty.channel.nio.NioEventLoop.processSelectedKeys(NioEventLoop.java:496)
	at org.apache.ratis.thirdparty.io.netty.channel.nio.NioEventLoop.run(NioEventLoop.java:458)
	at org.apache.ratis.thirdparty.io.netty.util.concurrent.SingleThreadEventExecutor$5.run(SingleThreadEventExecutor.java:897)
	at org.apache.ratis.thirdparty.io.netty.util.concurrent.FastThreadLocalRunnable.run(FastThreadLocalRunnable.java:30)
	... 1 more
Caused by: java.net.ConnectException: Connection refused
	... 11 more
2019-10-16 21:12:23,217 [52743044-8979-4a08-8013-92a14c548982@group-146C50BE7901-LeaderElection305] INFO  impl.LeaderElection (LogUtils.java:infoOrTrace(149)) - 52743044-8979-4a08-8013-92a14c548982@group-146C50BE7901-LeaderElection305 got exception when requesting votes: {}
java.util.concurrent.ExecutionException: org.apache.ratis.thirdparty.io.grpc.StatusRuntimeException: UNAVAILABLE: io exception
	at java.util.concurrent.FutureTask.report(FutureTask.java:122)
	at java.util.concurrent.FutureTask.get(FutureTask.java:192)
	at org.apache.ratis.server.impl.LeaderElection.waitForResults(LeaderElection.java:259)
	at org.apache.ratis.server.impl.LeaderElection.askForVotes(LeaderElection.java:197)
	at org.apache.ratis.server.impl.LeaderElection.run(LeaderElection.java:133)
	at java.lang.Thread.run(Thread.java:748)
Caused by: org.apache.ratis.thirdparty.io.grpc.StatusRuntimeException: UNAVAILABLE: io exception
	at org.apache.ratis.thirdparty.io.grpc.stub.ClientCalls.toStatusRuntimeException(ClientCalls.java:233)
	at org.apache.ratis.thirdparty.io.grpc.stub.ClientCalls.getUnchecked(ClientCalls.java:214)
	at org.apache.ratis.thirdparty.io.grpc.stub.ClientCalls.blockingUnaryCall(ClientCalls.java:139)
	at org.apache.ratis.proto.grpc.RaftServerProtocolServiceGrpc$RaftServerProtocolServiceBlockingStub.requestVote(RaftServerProtocolServiceGrpc.java:265)
	at org.apache.ratis.grpc.server.GrpcServerProtocolClient.requestVote(GrpcServerProtocolClient.java:99)
	at org.apache.ratis.grpc.server.GrpcService.requestVote(GrpcService.java:204)
	at org.apache.ratis.server.impl.LeaderElection.lambda$submitRequests$1(LeaderElection.java:234)
	at java.util.concurrent.FutureTask.run(FutureTask.java:266)
	at java.util.concurrent.Executors$RunnableAdapter.call(Executors.java:511)
	at java.util.concurrent.FutureTask.run(FutureTask.java:266)
	at java.util.concurrent.ThreadPoolExecutor.runWorker(ThreadPoolExecutor.java:1149)
	at java.util.concurrent.ThreadPoolExecutor$Worker.run(ThreadPoolExecutor.java:624)
	... 1 more
Caused by: org.apache.ratis.thirdparty.io.netty.channel.AbstractChannel$AnnotatedConnectException: Connection refused: /192.168.157.254:45339
	at sun.nio.ch.SocketChannelImpl.checkConnect(Native Method)
	at sun.nio.ch.SocketChannelImpl.finishConnect(SocketChannelImpl.java:717)
	at org.apache.ratis.thirdparty.io.netty.channel.socket.nio.NioSocketChannel.doFinishConnect(NioSocketChannel.java:327)
	at org.apache.ratis.thirdparty.io.netty.channel.nio.AbstractNioChannel$AbstractNioUnsafe.finishConnect(AbstractNioChannel.java:340)
	at org.apache.ratis.thirdparty.io.netty.channel.nio.NioEventLoop.processSelectedKey(NioEventLoop.java:632)
	at org.apache.ratis.thirdparty.io.netty.channel.nio.NioEventLoop.processSelectedKeysOptimized(NioEventLoop.java:579)
	at org.apache.ratis.thirdparty.io.netty.channel.nio.NioEventLoop.processSelectedKeys(NioEventLoop.java:496)
	at org.apache.ratis.thirdparty.io.netty.channel.nio.NioEventLoop.run(NioEventLoop.java:458)
	at org.apache.ratis.thirdparty.io.netty.util.concurrent.SingleThreadEventExecutor$5.run(SingleThreadEventExecutor.java:897)
	at org.apache.ratis.thirdparty.io.netty.util.concurrent.FastThreadLocalRunnable.run(FastThreadLocalRunnable.java:30)
	... 1 more
Caused by: java.net.ConnectException: Connection refused
	... 11 more
2019-10-16 21:12:23,218 [52743044-8979-4a08-8013-92a14c548982@group-146C50BE7901-LeaderElection305] INFO  impl.LeaderElection (LeaderElection.java:logAndReturn(56)) - 52743044-8979-4a08-8013-92a14c548982@group-146C50BE7901-LeaderElection305: Election REJECTED; received 0 response(s) [] and 2 exception(s); 52743044-8979-4a08-8013-92a14c548982@group-146C50BE7901:t362, leader=null, voted=52743044-8979-4a08-8013-92a14c548982, raftlog=52743044-8979-4a08-8013-92a14c548982@group-146C50BE7901-SegmentedRaftLog:OPENED:c-1,f-1,i0, conf=-1: [904f39be-c3d3-4df4-99c0-2e4526e577e3:192.168.157.254:45339, 52743044-8979-4a08-8013-92a14c548982:192.168.157.254:36428, 65da0c80-3604-4ac2-9a39-ee88d748a153:192.168.157.254:37466], old=null
2019-10-16 21:12:23,218 [52743044-8979-4a08-8013-92a14c548982@group-146C50BE7901-LeaderElection305] INFO  impl.LeaderElection (LogUtils.java:infoOrTrace(149)) -   Exception 0: {}
java.util.concurrent.ExecutionException: org.apache.ratis.thirdparty.io.grpc.StatusRuntimeException: UNAVAILABLE: io exception
	at java.util.concurrent.FutureTask.report(FutureTask.java:122)
	at java.util.concurrent.FutureTask.get(FutureTask.java:192)
	at org.apache.ratis.server.impl.LeaderElection.waitForResults(LeaderElection.java:259)
	at org.apache.ratis.server.impl.LeaderElection.askForVotes(LeaderElection.java:197)
	at org.apache.ratis.server.impl.LeaderElection.run(LeaderElection.java:133)
	at java.lang.Thread.run(Thread.java:748)
Caused by: org.apache.ratis.thirdparty.io.grpc.StatusRuntimeException: UNAVAILABLE: io exception
	at org.apache.ratis.thirdparty.io.grpc.stub.ClientCalls.toStatusRuntimeException(ClientCalls.java:233)
	at org.apache.ratis.thirdparty.io.grpc.stub.ClientCalls.getUnchecked(ClientCalls.java:214)
	at org.apache.ratis.thirdparty.io.grpc.stub.ClientCalls.blockingUnaryCall(ClientCalls.java:139)
	at org.apache.ratis.proto.grpc.RaftServerProtocolServiceGrpc$RaftServerProtocolServiceBlockingStub.requestVote(RaftServerProtocolServiceGrpc.java:265)
	at org.apache.ratis.grpc.server.GrpcServerProtocolClient.requestVote(GrpcServerProtocolClient.java:99)
	at org.apache.ratis.grpc.server.GrpcService.requestVote(GrpcService.java:204)
	at org.apache.ratis.server.impl.LeaderElection.lambda$submitRequests$1(LeaderElection.java:234)
	at java.util.concurrent.FutureTask.run(FutureTask.java:266)
	at java.util.concurrent.Executors$RunnableAdapter.call(Executors.java:511)
	at java.util.concurrent.FutureTask.run(FutureTask.java:266)
	at java.util.concurrent.ThreadPoolExecutor.runWorker(ThreadPoolExecutor.java:1149)
	at java.util.concurrent.ThreadPoolExecutor$Worker.run(ThreadPoolExecutor.java:624)
	... 1 more
Caused by: org.apache.ratis.thirdparty.io.netty.channel.AbstractChannel$AnnotatedConnectException: Connection refused: /192.168.157.254:37466
	at sun.nio.ch.SocketChannelImpl.checkConnect(Native Method)
	at sun.nio.ch.SocketChannelImpl.finishConnect(SocketChannelImpl.java:717)
	at org.apache.ratis.thirdparty.io.netty.channel.socket.nio.NioSocketChannel.doFinishConnect(NioSocketChannel.java:327)
	at org.apache.ratis.thirdparty.io.netty.channel.nio.AbstractNioChannel$AbstractNioUnsafe.finishConnect(AbstractNioChannel.java:340)
	at org.apache.ratis.thirdparty.io.netty.channel.nio.NioEventLoop.processSelectedKey(NioEventLoop.java:632)
	at org.apache.ratis.thirdparty.io.netty.channel.nio.NioEventLoop.processSelectedKeysOptimized(NioEventLoop.java:579)
	at org.apache.ratis.thirdparty.io.netty.channel.nio.NioEventLoop.processSelectedKeys(NioEventLoop.java:496)
	at org.apache.ratis.thirdparty.io.netty.channel.nio.NioEventLoop.run(NioEventLoop.java:458)
	at org.apache.ratis.thirdparty.io.netty.util.concurrent.SingleThreadEventExecutor$5.run(SingleThreadEventExecutor.java:897)
	at org.apache.ratis.thirdparty.io.netty.util.concurrent.FastThreadLocalRunnable.run(FastThreadLocalRunnable.java:30)
	... 1 more
Caused by: java.net.ConnectException: Connection refused
	... 11 more
2019-10-16 21:12:23,218 [52743044-8979-4a08-8013-92a14c548982@group-146C50BE7901-LeaderElection305] INFO  impl.LeaderElection (LogUtils.java:infoOrTrace(149)) -   Exception 1: {}
java.util.concurrent.ExecutionException: org.apache.ratis.thirdparty.io.grpc.StatusRuntimeException: UNAVAILABLE: io exception
	at java.util.concurrent.FutureTask.report(FutureTask.java:122)
	at java.util.concurrent.FutureTask.get(FutureTask.java:192)
	at org.apache.ratis.server.impl.LeaderElection.waitForResults(LeaderElection.java:259)
	at org.apache.ratis.server.impl.LeaderElection.askForVotes(LeaderElection.java:197)
	at org.apache.ratis.server.impl.LeaderElection.run(LeaderElection.java:133)
	at java.lang.Thread.run(Thread.java:748)
Caused by: org.apache.ratis.thirdparty.io.grpc.StatusRuntimeException: UNAVAILABLE: io exception
	at org.apache.ratis.thirdparty.io.grpc.stub.ClientCalls.toStatusRuntimeException(ClientCalls.java:233)
	at org.apache.ratis.thirdparty.io.grpc.stub.ClientCalls.getUnchecked(ClientCalls.java:214)
	at org.apache.ratis.thirdparty.io.grpc.stub.ClientCalls.blockingUnaryCall(ClientCalls.java:139)
	at org.apache.ratis.proto.grpc.RaftServerProtocolServiceGrpc$RaftServerProtocolServiceBlockingStub.requestVote(RaftServerProtocolServiceGrpc.java:265)
	at org.apache.ratis.grpc.server.GrpcServerProtocolClient.requestVote(GrpcServerProtocolClient.java:99)
	at org.apache.ratis.grpc.server.GrpcService.requestVote(GrpcService.java:204)
	at org.apache.ratis.server.impl.LeaderElection.lambda$submitRequests$1(LeaderElection.java:234)
	at java.util.concurrent.FutureTask.run(FutureTask.java:266)
	at java.util.concurrent.Executors$RunnableAdapter.call(Executors.java:511)
	at java.util.concurrent.FutureTask.run(FutureTask.java:266)
	at java.util.concurrent.ThreadPoolExecutor.runWorker(ThreadPoolExecutor.java:1149)
	at java.util.concurrent.ThreadPoolExecutor$Worker.run(ThreadPoolExecutor.java:624)
	... 1 more
Caused by: org.apache.ratis.thirdparty.io.netty.channel.AbstractChannel$AnnotatedConnectException: Connection refused: /192.168.157.254:45339
	at sun.nio.ch.SocketChannelImpl.checkConnect(Native Method)
	at sun.nio.ch.SocketChannelImpl.finishConnect(SocketChannelImpl.java:717)
	at org.apache.ratis.thirdparty.io.netty.channel.socket.nio.NioSocketChannel.doFinishConnect(NioSocketChannel.java:327)
	at org.apache.ratis.thirdparty.io.netty.channel.nio.AbstractNioChannel$AbstractNioUnsafe.finishConnect(AbstractNioChannel.java:340)
	at org.apache.ratis.thirdparty.io.netty.channel.nio.NioEventLoop.processSelectedKey(NioEventLoop.java:632)
	at org.apache.ratis.thirdparty.io.netty.channel.nio.NioEventLoop.processSelectedKeysOptimized(NioEventLoop.java:579)
	at org.apache.ratis.thirdparty.io.netty.channel.nio.NioEventLoop.processSelectedKeys(NioEventLoop.java:496)
	at org.apache.ratis.thirdparty.io.netty.channel.nio.NioEventLoop.run(NioEventLoop.java:458)
	at org.apache.ratis.thirdparty.io.netty.util.concurrent.SingleThreadEventExecutor$5.run(SingleThreadEventExecutor.java:897)
	at org.apache.ratis.thirdparty.io.netty.util.concurrent.FastThreadLocalRunnable.run(FastThreadLocalRunnable.java:30)
	... 1 more
Caused by: java.net.ConnectException: Connection refused
	... 11 more
2019-10-16 21:12:23,219 [52743044-8979-4a08-8013-92a14c548982@group-146C50BE7901-LeaderElection305] INFO  impl.RaftServerImpl (RaftServerImpl.java:setRole(184)) - 52743044-8979-4a08-8013-92a14c548982@group-146C50BE7901: changes role from CANDIDATE to FOLLOWER at term 362 for DISCOVERED_A_NEW_TERM
2019-10-16 21:12:23,219 [52743044-8979-4a08-8013-92a14c548982@group-146C50BE7901-LeaderElection305] INFO  impl.RoleInfo (RoleInfo.java:shutdownLeaderElection(134)) - 52743044-8979-4a08-8013-92a14c548982: shutdown LeaderElection
2019-10-16 21:12:23,219 [52743044-8979-4a08-8013-92a14c548982@group-146C50BE7901-LeaderElection305] INFO  impl.RoleInfo (RoleInfo.java:updateAndGet(143)) - 52743044-8979-4a08-8013-92a14c548982: start FollowerState
2019-10-16 21:12:23,354 [Thread-2264] INFO  impl.FollowerState (FollowerState.java:run(108)) - 52743044-8979-4a08-8013-92a14c548982@group-146C50BE7901-FollowerState: change to CANDIDATE, lastRpcTime:135ms, electionTimeout:135ms
2019-10-16 21:12:23,355 [Thread-2264] INFO  impl.RoleInfo (RoleInfo.java:shutdownFollowerState(121)) - 52743044-8979-4a08-8013-92a14c548982: shutdown FollowerState
2019-10-16 21:12:23,355 [Thread-2264] INFO  impl.RaftServerImpl (RaftServerImpl.java:setRole(184)) - 52743044-8979-4a08-8013-92a14c548982@group-146C50BE7901: changes role from  FOLLOWER to CANDIDATE at term 362 for changeToCandidate
2019-10-16 21:12:23,355 [Thread-2264] INFO  impl.RoleInfo (RoleInfo.java:updateAndGet(143)) - 52743044-8979-4a08-8013-92a14c548982: start LeaderElection
2019-10-16 21:12:23,398 [52743044-8979-4a08-8013-92a14c548982@group-146C50BE7901-LeaderElection306] INFO  impl.LeaderElection (LeaderElection.java:askForVotes(178)) - 52743044-8979-4a08-8013-92a14c548982@group-146C50BE7901-LeaderElection306: begin an election at term 363 for -1: [904f39be-c3d3-4df4-99c0-2e4526e577e3:192.168.157.254:45339, 52743044-8979-4a08-8013-92a14c548982:192.168.157.254:36428, 65da0c80-3604-4ac2-9a39-ee88d748a153:192.168.157.254:37466], old=null
2019-10-16 21:12:23,399 [52743044-8979-4a08-8013-92a14c548982@group-146C50BE7901-LeaderElection306] INFO  impl.LeaderElection (LogUtils.java:infoOrTrace(149)) - 52743044-8979-4a08-8013-92a14c548982@group-146C50BE7901-LeaderElection306 got exception when requesting votes: {}
java.util.concurrent.ExecutionException: org.apache.ratis.thirdparty.io.grpc.StatusRuntimeException: UNAVAILABLE: io exception
	at java.util.concurrent.FutureTask.report(FutureTask.java:122)
	at java.util.concurrent.FutureTask.get(FutureTask.java:192)
	at org.apache.ratis.server.impl.LeaderElection.waitForResults(LeaderElection.java:259)
	at org.apache.ratis.server.impl.LeaderElection.askForVotes(LeaderElection.java:197)
	at org.apache.ratis.server.impl.LeaderElection.run(LeaderElection.java:133)
	at java.lang.Thread.run(Thread.java:748)
Caused by: org.apache.ratis.thirdparty.io.grpc.StatusRuntimeException: UNAVAILABLE: io exception
	at org.apache.ratis.thirdparty.io.grpc.stub.ClientCalls.toStatusRuntimeException(ClientCalls.java:233)
	at org.apache.ratis.thirdparty.io.grpc.stub.ClientCalls.getUnchecked(ClientCalls.java:214)
	at org.apache.ratis.thirdparty.io.grpc.stub.ClientCalls.blockingUnaryCall(ClientCalls.java:139)
	at org.apache.ratis.proto.grpc.RaftServerProtocolServiceGrpc$RaftServerProtocolServiceBlockingStub.requestVote(RaftServerProtocolServiceGrpc.java:265)
	at org.apache.ratis.grpc.server.GrpcServerProtocolClient.requestVote(GrpcServerProtocolClient.java:99)
	at org.apache.ratis.grpc.server.GrpcService.requestVote(GrpcService.java:204)
	at org.apache.ratis.server.impl.LeaderElection.lambda$submitRequests$1(LeaderElection.java:234)
	at java.util.concurrent.FutureTask.run(FutureTask.java:266)
	at java.util.concurrent.Executors$RunnableAdapter.call(Executors.java:511)
	at java.util.concurrent.FutureTask.run(FutureTask.java:266)
	at java.util.concurrent.ThreadPoolExecutor.runWorker(ThreadPoolExecutor.java:1149)
	at java.util.concurrent.ThreadPoolExecutor$Worker.run(ThreadPoolExecutor.java:624)
	... 1 more
Caused by: org.apache.ratis.thirdparty.io.netty.channel.AbstractChannel$AnnotatedConnectException: Connection refused: /192.168.157.254:45339
	at sun.nio.ch.SocketChannelImpl.checkConnect(Native Method)
	at sun.nio.ch.SocketChannelImpl.finishConnect(SocketChannelImpl.java:717)
	at org.apache.ratis.thirdparty.io.netty.channel.socket.nio.NioSocketChannel.doFinishConnect(NioSocketChannel.java:327)
	at org.apache.ratis.thirdparty.io.netty.channel.nio.AbstractNioChannel$AbstractNioUnsafe.finishConnect(AbstractNioChannel.java:340)
	at org.apache.ratis.thirdparty.io.netty.channel.nio.NioEventLoop.processSelectedKey(NioEventLoop.java:632)
	at org.apache.ratis.thirdparty.io.netty.channel.nio.NioEventLoop.processSelectedKeysOptimized(NioEventLoop.java:579)
	at org.apache.ratis.thirdparty.io.netty.channel.nio.NioEventLoop.processSelectedKeys(NioEventLoop.java:496)
	at org.apache.ratis.thirdparty.io.netty.channel.nio.NioEventLoop.run(NioEventLoop.java:458)
	at org.apache.ratis.thirdparty.io.netty.util.concurrent.SingleThreadEventExecutor$5.run(SingleThreadEventExecutor.java:897)
	at org.apache.ratis.thirdparty.io.netty.util.concurrent.FastThreadLocalRunnable.run(FastThreadLocalRunnable.java:30)
	... 1 more
Caused by: java.net.ConnectException: Connection refused
	... 11 more
2019-10-16 21:12:23,400 [52743044-8979-4a08-8013-92a14c548982@group-146C50BE7901-LeaderElection306] INFO  impl.LeaderElection (LogUtils.java:infoOrTrace(149)) - 52743044-8979-4a08-8013-92a14c548982@group-146C50BE7901-LeaderElection306 got exception when requesting votes: {}
java.util.concurrent.ExecutionException: org.apache.ratis.thirdparty.io.grpc.StatusRuntimeException: UNAVAILABLE: io exception
	at java.util.concurrent.FutureTask.report(FutureTask.java:122)
	at java.util.concurrent.FutureTask.get(FutureTask.java:192)
	at org.apache.ratis.server.impl.LeaderElection.waitForResults(LeaderElection.java:259)
	at org.apache.ratis.server.impl.LeaderElection.askForVotes(LeaderElection.java:197)
	at org.apache.ratis.server.impl.LeaderElection.run(LeaderElection.java:133)
	at java.lang.Thread.run(Thread.java:748)
Caused by: org.apache.ratis.thirdparty.io.grpc.StatusRuntimeException: UNAVAILABLE: io exception
	at org.apache.ratis.thirdparty.io.grpc.stub.ClientCalls.toStatusRuntimeException(ClientCalls.java:233)
	at org.apache.ratis.thirdparty.io.grpc.stub.ClientCalls.getUnchecked(ClientCalls.java:214)
	at org.apache.ratis.thirdparty.io.grpc.stub.ClientCalls.blockingUnaryCall(ClientCalls.java:139)
	at org.apache.ratis.proto.grpc.RaftServerProtocolServiceGrpc$RaftServerProtocolServiceBlockingStub.requestVote(RaftServerProtocolServiceGrpc.java:265)
	at org.apache.ratis.grpc.server.GrpcServerProtocolClient.requestVote(GrpcServerProtocolClient.java:99)
	at org.apache.ratis.grpc.server.GrpcService.requestVote(GrpcService.java:204)
	at org.apache.ratis.server.impl.LeaderElection.lambda$submitRequests$1(LeaderElection.java:234)
	at java.util.concurrent.FutureTask.run(FutureTask.java:266)
	at java.util.concurrent.Executors$RunnableAdapter.call(Executors.java:511)
	at java.util.concurrent.FutureTask.run(FutureTask.java:266)
	at java.util.concurrent.ThreadPoolExecutor.runWorker(ThreadPoolExecutor.java:1149)
	at java.util.concurrent.ThreadPoolExecutor$Worker.run(ThreadPoolExecutor.java:624)
	... 1 more
Caused by: org.apache.ratis.thirdparty.io.netty.channel.AbstractChannel$AnnotatedConnectException: Connection refused: /192.168.157.254:37466
	at sun.nio.ch.SocketChannelImpl.checkConnect(Native Method)
	at sun.nio.ch.SocketChannelImpl.finishConnect(SocketChannelImpl.java:717)
	at org.apache.ratis.thirdparty.io.netty.channel.socket.nio.NioSocketChannel.doFinishConnect(NioSocketChannel.java:327)
	at org.apache.ratis.thirdparty.io.netty.channel.nio.AbstractNioChannel$AbstractNioUnsafe.finishConnect(AbstractNioChannel.java:340)
	at org.apache.ratis.thirdparty.io.netty.channel.nio.NioEventLoop.processSelectedKey(NioEventLoop.java:632)
	at org.apache.ratis.thirdparty.io.netty.channel.nio.NioEventLoop.processSelectedKeysOptimized(NioEventLoop.java:579)
	at org.apache.ratis.thirdparty.io.netty.channel.nio.NioEventLoop.processSelectedKeys(NioEventLoop.java:496)
	at org.apache.ratis.thirdparty.io.netty.channel.nio.NioEventLoop.run(NioEventLoop.java:458)
	at org.apache.ratis.thirdparty.io.netty.util.concurrent.SingleThreadEventExecutor$5.run(SingleThreadEventExecutor.java:897)
	at org.apache.ratis.thirdparty.io.netty.util.concurrent.FastThreadLocalRunnable.run(FastThreadLocalRunnable.java:30)
	... 1 more
Caused by: java.net.ConnectException: Connection refused
	... 11 more
2019-10-16 21:12:23,400 [52743044-8979-4a08-8013-92a14c548982@group-146C50BE7901-LeaderElection306] INFO  impl.LeaderElection (LeaderElection.java:logAndReturn(56)) - 52743044-8979-4a08-8013-92a14c548982@group-146C50BE7901-LeaderElection306: Election REJECTED; received 0 response(s) [] and 2 exception(s); 52743044-8979-4a08-8013-92a14c548982@group-146C50BE7901:t363, leader=null, voted=52743044-8979-4a08-8013-92a14c548982, raftlog=52743044-8979-4a08-8013-92a14c548982@group-146C50BE7901-SegmentedRaftLog:OPENED:c-1,f-1,i0, conf=-1: [904f39be-c3d3-4df4-99c0-2e4526e577e3:192.168.157.254:45339, 52743044-8979-4a08-8013-92a14c548982:192.168.157.254:36428, 65da0c80-3604-4ac2-9a39-ee88d748a153:192.168.157.254:37466], old=null
2019-10-16 21:12:23,400 [52743044-8979-4a08-8013-92a14c548982@group-146C50BE7901-LeaderElection306] INFO  impl.LeaderElection (LogUtils.java:infoOrTrace(149)) -   Exception 0: {}
java.util.concurrent.ExecutionException: org.apache.ratis.thirdparty.io.grpc.StatusRuntimeException: UNAVAILABLE: io exception
	at java.util.concurrent.FutureTask.report(FutureTask.java:122)
	at java.util.concurrent.FutureTask.get(FutureTask.java:192)
	at org.apache.ratis.server.impl.LeaderElection.waitForResults(LeaderElection.java:259)
	at org.apache.ratis.server.impl.LeaderElection.askForVotes(LeaderElection.java:197)
	at org.apache.ratis.server.impl.LeaderElection.run(LeaderElection.java:133)
	at java.lang.Thread.run(Thread.java:748)
Caused by: org.apache.ratis.thirdparty.io.grpc.StatusRuntimeException: UNAVAILABLE: io exception
	at org.apache.ratis.thirdparty.io.grpc.stub.ClientCalls.toStatusRuntimeException(ClientCalls.java:233)
	at org.apache.ratis.thirdparty.io.grpc.stub.ClientCalls.getUnchecked(ClientCalls.java:214)
	at org.apache.ratis.thirdparty.io.grpc.stub.ClientCalls.blockingUnaryCall(ClientCalls.java:139)
	at org.apache.ratis.proto.grpc.RaftServerProtocolServiceGrpc$RaftServerProtocolServiceBlockingStub.requestVote(RaftServerProtocolServiceGrpc.java:265)
	at org.apache.ratis.grpc.server.GrpcServerProtocolClient.requestVote(GrpcServerProtocolClient.java:99)
	at org.apache.ratis.grpc.server.GrpcService.requestVote(GrpcService.java:204)
	at org.apache.ratis.server.impl.LeaderElection.lambda$submitRequests$1(LeaderElection.java:234)
	at java.util.concurrent.FutureTask.run(FutureTask.java:266)
	at java.util.concurrent.Executors$RunnableAdapter.call(Executors.java:511)
	at java.util.concurrent.FutureTask.run(FutureTask.java:266)
	at java.util.concurrent.ThreadPoolExecutor.runWorker(ThreadPoolExecutor.java:1149)
	at java.util.concurrent.ThreadPoolExecutor$Worker.run(ThreadPoolExecutor.java:624)
	... 1 more
Caused by: org.apache.ratis.thirdparty.io.netty.channel.AbstractChannel$AnnotatedConnectException: Connection refused: /192.168.157.254:45339
	at sun.nio.ch.SocketChannelImpl.checkConnect(Native Method)
	at sun.nio.ch.SocketChannelImpl.finishConnect(SocketChannelImpl.java:717)
	at org.apache.ratis.thirdparty.io.netty.channel.socket.nio.NioSocketChannel.doFinishConnect(NioSocketChannel.java:327)
	at org.apache.ratis.thirdparty.io.netty.channel.nio.AbstractNioChannel$AbstractNioUnsafe.finishConnect(AbstractNioChannel.java:340)
	at org.apache.ratis.thirdparty.io.netty.channel.nio.NioEventLoop.processSelectedKey(NioEventLoop.java:632)
	at org.apache.ratis.thirdparty.io.netty.channel.nio.NioEventLoop.processSelectedKeysOptimized(NioEventLoop.java:579)
	at org.apache.ratis.thirdparty.io.netty.channel.nio.NioEventLoop.processSelectedKeys(NioEventLoop.java:496)
	at org.apache.ratis.thirdparty.io.netty.channel.nio.NioEventLoop.run(NioEventLoop.java:458)
	at org.apache.ratis.thirdparty.io.netty.util.concurrent.SingleThreadEventExecutor$5.run(SingleThreadEventExecutor.java:897)
	at org.apache.ratis.thirdparty.io.netty.util.concurrent.FastThreadLocalRunnable.run(FastThreadLocalRunnable.java:30)
	... 1 more
Caused by: java.net.ConnectException: Connection refused
	... 11 more
2019-10-16 21:12:23,401 [52743044-8979-4a08-8013-92a14c548982@group-146C50BE7901-LeaderElection306] INFO  impl.LeaderElection (LogUtils.java:infoOrTrace(149)) -   Exception 1: {}
java.util.concurrent.ExecutionException: org.apache.ratis.thirdparty.io.grpc.StatusRuntimeException: UNAVAILABLE: io exception
	at java.util.concurrent.FutureTask.report(FutureTask.java:122)
	at java.util.concurrent.FutureTask.get(FutureTask.java:192)
	at org.apache.ratis.server.impl.LeaderElection.waitForResults(LeaderElection.java:259)
	at org.apache.ratis.server.impl.LeaderElection.askForVotes(LeaderElection.java:197)
	at org.apache.ratis.server.impl.LeaderElection.run(LeaderElection.java:133)
	at java.lang.Thread.run(Thread.java:748)
Caused by: org.apache.ratis.thirdparty.io.grpc.StatusRuntimeException: UNAVAILABLE: io exception
	at org.apache.ratis.thirdparty.io.grpc.stub.ClientCalls.toStatusRuntimeException(ClientCalls.java:233)
	at org.apache.ratis.thirdparty.io.grpc.stub.ClientCalls.getUnchecked(ClientCalls.java:214)
	at org.apache.ratis.thirdparty.io.grpc.stub.ClientCalls.blockingUnaryCall(ClientCalls.java:139)
	at org.apache.ratis.proto.grpc.RaftServerProtocolServiceGrpc$RaftServerProtocolServiceBlockingStub.requestVote(RaftServerProtocolServiceGrpc.java:265)
	at org.apache.ratis.grpc.server.GrpcServerProtocolClient.requestVote(GrpcServerProtocolClient.java:99)
	at org.apache.ratis.grpc.server.GrpcService.requestVote(GrpcService.java:204)
	at org.apache.ratis.server.impl.LeaderElection.lambda$submitRequests$1(LeaderElection.java:234)
	at java.util.concurrent.FutureTask.run(FutureTask.java:266)
	at java.util.concurrent.Executors$RunnableAdapter.call(Executors.java:511)
	at java.util.concurrent.FutureTask.run(FutureTask.java:266)
	at java.util.concurrent.ThreadPoolExecutor.runWorker(ThreadPoolExecutor.java:1149)
	at java.util.concurrent.ThreadPoolExecutor$Worker.run(ThreadPoolExecutor.java:624)
	... 1 more
Caused by: org.apache.ratis.thirdparty.io.netty.channel.AbstractChannel$AnnotatedConnectException: Connection refused: /192.168.157.254:37466
	at sun.nio.ch.SocketChannelImpl.checkConnect(Native Method)
	at sun.nio.ch.SocketChannelImpl.finishConnect(SocketChannelImpl.java:717)
	at org.apache.ratis.thirdparty.io.netty.channel.socket.nio.NioSocketChannel.doFinishConnect(NioSocketChannel.java:327)
	at org.apache.ratis.thirdparty.io.netty.channel.nio.AbstractNioChannel$AbstractNioUnsafe.finishConnect(AbstractNioChannel.java:340)
	at org.apache.ratis.thirdparty.io.netty.channel.nio.NioEventLoop.processSelectedKey(NioEventLoop.java:632)
	at org.apache.ratis.thirdparty.io.netty.channel.nio.NioEventLoop.processSelectedKeysOptimized(NioEventLoop.java:579)
	at org.apache.ratis.thirdparty.io.netty.channel.nio.NioEventLoop.processSelectedKeys(NioEventLoop.java:496)
	at org.apache.ratis.thirdparty.io.netty.channel.nio.NioEventLoop.run(NioEventLoop.java:458)
	at org.apache.ratis.thirdparty.io.netty.util.concurrent.SingleThreadEventExecutor$5.run(SingleThreadEventExecutor.java:897)
	at org.apache.ratis.thirdparty.io.netty.util.concurrent.FastThreadLocalRunnable.run(FastThreadLocalRunnable.java:30)
	... 1 more
Caused by: java.net.ConnectException: Connection refused
	... 11 more
2019-10-16 21:12:23,401 [52743044-8979-4a08-8013-92a14c548982@group-146C50BE7901-LeaderElection306] INFO  impl.RaftServerImpl (RaftServerImpl.java:setRole(184)) - 52743044-8979-4a08-8013-92a14c548982@group-146C50BE7901: changes role from CANDIDATE to FOLLOWER at term 363 for DISCOVERED_A_NEW_TERM
2019-10-16 21:12:23,401 [52743044-8979-4a08-8013-92a14c548982@group-146C50BE7901-LeaderElection306] INFO  impl.RoleInfo (RoleInfo.java:shutdownLeaderElection(134)) - 52743044-8979-4a08-8013-92a14c548982: shutdown LeaderElection
2019-10-16 21:12:23,401 [52743044-8979-4a08-8013-92a14c548982@group-146C50BE7901-LeaderElection306] INFO  impl.RoleInfo (RoleInfo.java:updateAndGet(143)) - 52743044-8979-4a08-8013-92a14c548982: start FollowerState
2019-10-16 21:12:23,422 [Thread-2268] INFO  impl.FollowerState (FollowerState.java:run(108)) - 52743044-8979-4a08-8013-92a14c548982@group-146C50BE7901-FollowerState: change to CANDIDATE, lastRpcTime:21ms, electionTimeout:21ms
2019-10-16 21:12:23,423 [Thread-2268] INFO  impl.RoleInfo (RoleInfo.java:shutdownFollowerState(121)) - 52743044-8979-4a08-8013-92a14c548982: shutdown FollowerState
2019-10-16 21:12:23,423 [Thread-2268] INFO  impl.RaftServerImpl (RaftServerImpl.java:setRole(184)) - 52743044-8979-4a08-8013-92a14c548982@group-146C50BE7901: changes role from  FOLLOWER to CANDIDATE at term 363 for changeToCandidate
2019-10-16 21:12:23,423 [Thread-2268] INFO  impl.RoleInfo (RoleInfo.java:updateAndGet(143)) - 52743044-8979-4a08-8013-92a14c548982: start LeaderElection
2019-10-16 21:12:23,441 [52743044-8979-4a08-8013-92a14c548982@group-146C50BE7901-LeaderElection307] INFO  impl.LeaderElection (LeaderElection.java:askForVotes(178)) - 52743044-8979-4a08-8013-92a14c548982@group-146C50BE7901-LeaderElection307: begin an election at term 364 for -1: [904f39be-c3d3-4df4-99c0-2e4526e577e3:192.168.157.254:45339, 52743044-8979-4a08-8013-92a14c548982:192.168.157.254:36428, 65da0c80-3604-4ac2-9a39-ee88d748a153:192.168.157.254:37466], old=null
2019-10-16 21:12:23,442 [52743044-8979-4a08-8013-92a14c548982@group-146C50BE7901-LeaderElection307] INFO  impl.LeaderElection (LogUtils.java:infoOrTrace(149)) - 52743044-8979-4a08-8013-92a14c548982@group-146C50BE7901-LeaderElection307 got exception when requesting votes: {}
java.util.concurrent.ExecutionException: org.apache.ratis.thirdparty.io.grpc.StatusRuntimeException: UNAVAILABLE: io exception
	at java.util.concurrent.FutureTask.report(FutureTask.java:122)
	at java.util.concurrent.FutureTask.get(FutureTask.java:192)
	at org.apache.ratis.server.impl.LeaderElection.waitForResults(LeaderElection.java:259)
	at org.apache.ratis.server.impl.LeaderElection.askForVotes(LeaderElection.java:197)
	at org.apache.ratis.server.impl.LeaderElection.run(LeaderElection.java:133)
	at java.lang.Thread.run(Thread.java:748)
Caused by: org.apache.ratis.thirdparty.io.grpc.StatusRuntimeException: UNAVAILABLE: io exception
	at org.apache.ratis.thirdparty.io.grpc.stub.ClientCalls.toStatusRuntimeException(ClientCalls.java:233)
	at org.apache.ratis.thirdparty.io.grpc.stub.ClientCalls.getUnchecked(ClientCalls.java:214)
	at org.apache.ratis.thirdparty.io.grpc.stub.ClientCalls.blockingUnaryCall(ClientCalls.java:139)
	at org.apache.ratis.proto.grpc.RaftServerProtocolServiceGrpc$RaftServerProtocolServiceBlockingStub.requestVote(RaftServerProtocolServiceGrpc.java:265)
	at org.apache.ratis.grpc.server.GrpcServerProtocolClient.requestVote(GrpcServerProtocolClient.java:99)
	at org.apache.ratis.grpc.server.GrpcService.requestVote(GrpcService.java:204)
	at org.apache.ratis.server.impl.LeaderElection.lambda$submitRequests$1(LeaderElection.java:234)
	at java.util.concurrent.FutureTask.run(FutureTask.java:266)
	at java.util.concurrent.Executors$RunnableAdapter.call(Executors.java:511)
	at java.util.concurrent.FutureTask.run(FutureTask.java:266)
	at java.util.concurrent.ThreadPoolExecutor.runWorker(ThreadPoolExecutor.java:1149)
	at java.util.concurrent.ThreadPoolExecutor$Worker.run(ThreadPoolExecutor.java:624)
	... 1 more
Caused by: org.apache.ratis.thirdparty.io.netty.channel.AbstractChannel$AnnotatedConnectException: Connection refused: /192.168.157.254:37466
	at sun.nio.ch.SocketChannelImpl.checkConnect(Native Method)
	at sun.nio.ch.SocketChannelImpl.finishConnect(SocketChannelImpl.java:717)
	at org.apache.ratis.thirdparty.io.netty.channel.socket.nio.NioSocketChannel.doFinishConnect(NioSocketChannel.java:327)
	at org.apache.ratis.thirdparty.io.netty.channel.nio.AbstractNioChannel$AbstractNioUnsafe.finishConnect(AbstractNioChannel.java:340)
	at org.apache.ratis.thirdparty.io.netty.channel.nio.NioEventLoop.processSelectedKey(NioEventLoop.java:632)
	at org.apache.ratis.thirdparty.io.netty.channel.nio.NioEventLoop.processSelectedKeysOptimized(NioEventLoop.java:579)
	at org.apache.ratis.thirdparty.io.netty.channel.nio.NioEventLoop.processSelectedKeys(NioEventLoop.java:496)
	at org.apache.ratis.thirdparty.io.netty.channel.nio.NioEventLoop.run(NioEventLoop.java:458)
	at org.apache.ratis.thirdparty.io.netty.util.concurrent.SingleThreadEventExecutor$5.run(SingleThreadEventExecutor.java:897)
	at org.apache.ratis.thirdparty.io.netty.util.concurrent.FastThreadLocalRunnable.run(FastThreadLocalRunnable.java:30)
	... 1 more
Caused by: java.net.ConnectException: Connection refused
	... 11 more
2019-10-16 21:12:23,442 [52743044-8979-4a08-8013-92a14c548982@group-146C50BE7901-LeaderElection307] INFO  impl.LeaderElection (LogUtils.java:infoOrTrace(149)) - 52743044-8979-4a08-8013-92a14c548982@group-146C50BE7901-LeaderElection307 got exception when requesting votes: {}
java.util.concurrent.ExecutionException: org.apache.ratis.thirdparty.io.grpc.StatusRuntimeException: UNAVAILABLE: io exception
	at java.util.concurrent.FutureTask.report(FutureTask.java:122)
	at java.util.concurrent.FutureTask.get(FutureTask.java:192)
	at org.apache.ratis.server.impl.LeaderElection.waitForResults(LeaderElection.java:259)
	at org.apache.ratis.server.impl.LeaderElection.askForVotes(LeaderElection.java:197)
	at org.apache.ratis.server.impl.LeaderElection.run(LeaderElection.java:133)
	at java.lang.Thread.run(Thread.java:748)
Caused by: org.apache.ratis.thirdparty.io.grpc.StatusRuntimeException: UNAVAILABLE: io exception
	at org.apache.ratis.thirdparty.io.grpc.stub.ClientCalls.toStatusRuntimeException(ClientCalls.java:233)
	at org.apache.ratis.thirdparty.io.grpc.stub.ClientCalls.getUnchecked(ClientCalls.java:214)
	at org.apache.ratis.thirdparty.io.grpc.stub.ClientCalls.blockingUnaryCall(ClientCalls.java:139)
	at org.apache.ratis.proto.grpc.RaftServerProtocolServiceGrpc$RaftServerProtocolServiceBlockingStub.requestVote(RaftServerProtocolServiceGrpc.java:265)
	at org.apache.ratis.grpc.server.GrpcServerProtocolClient.requestVote(GrpcServerProtocolClient.java:99)
	at org.apache.ratis.grpc.server.GrpcService.requestVote(GrpcService.java:204)
	at org.apache.ratis.server.impl.LeaderElection.lambda$submitRequests$1(LeaderElection.java:234)
	at java.util.concurrent.FutureTask.run(FutureTask.java:266)
	at java.util.concurrent.Executors$RunnableAdapter.call(Executors.java:511)
	at java.util.concurrent.FutureTask.run(FutureTask.java:266)
	at java.util.concurrent.ThreadPoolExecutor.runWorker(ThreadPoolExecutor.java:1149)
	at java.util.concurrent.ThreadPoolExecutor$Worker.run(ThreadPoolExecutor.java:624)
	... 1 more
Caused by: org.apache.ratis.thirdparty.io.netty.channel.AbstractChannel$AnnotatedConnectException: Connection refused: /192.168.157.254:45339
	at sun.nio.ch.SocketChannelImpl.checkConnect(Native Method)
	at sun.nio.ch.SocketChannelImpl.finishConnect(SocketChannelImpl.java:717)
	at org.apache.ratis.thirdparty.io.netty.channel.socket.nio.NioSocketChannel.doFinishConnect(NioSocketChannel.java:327)
	at org.apache.ratis.thirdparty.io.netty.channel.nio.AbstractNioChannel$AbstractNioUnsafe.finishConnect(AbstractNioChannel.java:340)
	at org.apache.ratis.thirdparty.io.netty.channel.nio.NioEventLoop.processSelectedKey(NioEventLoop.java:632)
	at org.apache.ratis.thirdparty.io.netty.channel.nio.NioEventLoop.processSelectedKeysOptimized(NioEventLoop.java:579)
	at org.apache.ratis.thirdparty.io.netty.channel.nio.NioEventLoop.processSelectedKeys(NioEventLoop.java:496)
	at org.apache.ratis.thirdparty.io.netty.channel.nio.NioEventLoop.run(NioEventLoop.java:458)
	at org.apache.ratis.thirdparty.io.netty.util.concurrent.SingleThreadEventExecutor$5.run(SingleThreadEventExecutor.java:897)
	at org.apache.ratis.thirdparty.io.netty.util.concurrent.FastThreadLocalRunnable.run(FastThreadLocalRunnable.java:30)
	... 1 more
Caused by: java.net.ConnectException: Connection refused
	... 11 more
2019-10-16 21:12:23,443 [52743044-8979-4a08-8013-92a14c548982@group-146C50BE7901-LeaderElection307] INFO  impl.LeaderElection (LeaderElection.java:logAndReturn(56)) - 52743044-8979-4a08-8013-92a14c548982@group-146C50BE7901-LeaderElection307: Election REJECTED; received 0 response(s) [] and 2 exception(s); 52743044-8979-4a08-8013-92a14c548982@group-146C50BE7901:t364, leader=null, voted=52743044-8979-4a08-8013-92a14c548982, raftlog=52743044-8979-4a08-8013-92a14c548982@group-146C50BE7901-SegmentedRaftLog:OPENED:c-1,f-1,i0, conf=-1: [904f39be-c3d3-4df4-99c0-2e4526e577e3:192.168.157.254:45339, 52743044-8979-4a08-8013-92a14c548982:192.168.157.254:36428, 65da0c80-3604-4ac2-9a39-ee88d748a153:192.168.157.254:37466], old=null
2019-10-16 21:12:23,443 [52743044-8979-4a08-8013-92a14c548982@group-146C50BE7901-LeaderElection307] INFO  impl.LeaderElection (LogUtils.java:infoOrTrace(149)) -   Exception 0: {}
java.util.concurrent.ExecutionException: org.apache.ratis.thirdparty.io.grpc.StatusRuntimeException: UNAVAILABLE: io exception
	at java.util.concurrent.FutureTask.report(FutureTask.java:122)
	at java.util.concurrent.FutureTask.get(FutureTask.java:192)
	at org.apache.ratis.server.impl.LeaderElection.waitForResults(LeaderElection.java:259)
	at org.apache.ratis.server.impl.LeaderElection.askForVotes(LeaderElection.java:197)
	at org.apache.ratis.server.impl.LeaderElection.run(LeaderElection.java:133)
	at java.lang.Thread.run(Thread.java:748)
Caused by: org.apache.ratis.thirdparty.io.grpc.StatusRuntimeException: UNAVAILABLE: io exception
	at org.apache.ratis.thirdparty.io.grpc.stub.ClientCalls.toStatusRuntimeException(ClientCalls.java:233)
	at org.apache.ratis.thirdparty.io.grpc.stub.ClientCalls.getUnchecked(ClientCalls.java:214)
	at org.apache.ratis.thirdparty.io.grpc.stub.ClientCalls.blockingUnaryCall(ClientCalls.java:139)
	at org.apache.ratis.proto.grpc.RaftServerProtocolServiceGrpc$RaftServerProtocolServiceBlockingStub.requestVote(RaftServerProtocolServiceGrpc.java:265)
	at org.apache.ratis.grpc.server.GrpcServerProtocolClient.requestVote(GrpcServerProtocolClient.java:99)
	at org.apache.ratis.grpc.server.GrpcService.requestVote(GrpcService.java:204)
	at org.apache.ratis.server.impl.LeaderElection.lambda$submitRequests$1(LeaderElection.java:234)
	at java.util.concurrent.FutureTask.run(FutureTask.java:266)
	at java.util.concurrent.Executors$RunnableAdapter.call(Executors.java:511)
	at java.util.concurrent.FutureTask.run(FutureTask.java:266)
	at java.util.concurrent.ThreadPoolExecutor.runWorker(ThreadPoolExecutor.java:1149)
	at java.util.concurrent.ThreadPoolExecutor$Worker.run(ThreadPoolExecutor.java:624)
	... 1 more
Caused by: org.apache.ratis.thirdparty.io.netty.channel.AbstractChannel$AnnotatedConnectException: Connection refused: /192.168.157.254:37466
	at sun.nio.ch.SocketChannelImpl.checkConnect(Native Method)
	at sun.nio.ch.SocketChannelImpl.finishConnect(SocketChannelImpl.java:717)
	at org.apache.ratis.thirdparty.io.netty.channel.socket.nio.NioSocketChannel.doFinishConnect(NioSocketChannel.java:327)
	at org.apache.ratis.thirdparty.io.netty.channel.nio.AbstractNioChannel$AbstractNioUnsafe.finishConnect(AbstractNioChannel.java:340)
	at org.apache.ratis.thirdparty.io.netty.channel.nio.NioEventLoop.processSelectedKey(NioEventLoop.java:632)
	at org.apache.ratis.thirdparty.io.netty.channel.nio.NioEventLoop.processSelectedKeysOptimized(NioEventLoop.java:579)
	at org.apache.ratis.thirdparty.io.netty.channel.nio.NioEventLoop.processSelectedKeys(NioEventLoop.java:496)
	at org.apache.ratis.thirdparty.io.netty.channel.nio.NioEventLoop.run(NioEventLoop.java:458)
	at org.apache.ratis.thirdparty.io.netty.util.concurrent.SingleThreadEventExecutor$5.run(SingleThreadEventExecutor.java:897)
	at org.apache.ratis.thirdparty.io.netty.util.concurrent.FastThreadLocalRunnable.run(FastThreadLocalRunnable.java:30)
	... 1 more
Caused by: java.net.ConnectException: Connection refused
	... 11 more
2019-10-16 21:12:23,443 [52743044-8979-4a08-8013-92a14c548982@group-146C50BE7901-LeaderElection307] INFO  impl.LeaderElection (LogUtils.java:infoOrTrace(149)) -   Exception 1: {}
java.util.concurrent.ExecutionException: org.apache.ratis.thirdparty.io.grpc.StatusRuntimeException: UNAVAILABLE: io exception
	at java.util.concurrent.FutureTask.report(FutureTask.java:122)
	at java.util.concurrent.FutureTask.get(FutureTask.java:192)
	at org.apache.ratis.server.impl.LeaderElection.waitForResults(LeaderElection.java:259)
	at org.apache.ratis.server.impl.LeaderElection.askForVotes(LeaderElection.java:197)
	at org.apache.ratis.server.impl.LeaderElection.run(LeaderElection.java:133)
	at java.lang.Thread.run(Thread.java:748)
Caused by: org.apache.ratis.thirdparty.io.grpc.StatusRuntimeException: UNAVAILABLE: io exception
	at org.apache.ratis.thirdparty.io.grpc.stub.ClientCalls.toStatusRuntimeException(ClientCalls.java:233)
	at org.apache.ratis.thirdparty.io.grpc.stub.ClientCalls.getUnchecked(ClientCalls.java:214)
	at org.apache.ratis.thirdparty.io.grpc.stub.ClientCalls.blockingUnaryCall(ClientCalls.java:139)
	at org.apache.ratis.proto.grpc.RaftServerProtocolServiceGrpc$RaftServerProtocolServiceBlockingStub.requestVote(RaftServerProtocolServiceGrpc.java:265)
	at org.apache.ratis.grpc.server.GrpcServerProtocolClient.requestVote(GrpcServerProtocolClient.java:99)
	at org.apache.ratis.grpc.server.GrpcService.requestVote(GrpcService.java:204)
	at org.apache.ratis.server.impl.LeaderElection.lambda$submitRequests$1(LeaderElection.java:234)
	at java.util.concurrent.FutureTask.run(FutureTask.java:266)
	at java.util.concurrent.Executors$RunnableAdapter.call(Executors.java:511)
	at java.util.concurrent.FutureTask.run(FutureTask.java:266)
	at java.util.concurrent.ThreadPoolExecutor.runWorker(ThreadPoolExecutor.java:1149)
	at java.util.concurrent.ThreadPoolExecutor$Worker.run(ThreadPoolExecutor.java:624)
	... 1 more
Caused by: org.apache.ratis.thirdparty.io.netty.channel.AbstractChannel$AnnotatedConnectException: Connection refused: /192.168.157.254:45339
	at sun.nio.ch.SocketChannelImpl.checkConnect(Native Method)
	at sun.nio.ch.SocketChannelImpl.finishConnect(SocketChannelImpl.java:717)
	at org.apache.ratis.thirdparty.io.netty.channel.socket.nio.NioSocketChannel.doFinishConnect(NioSocketChannel.java:327)
	at org.apache.ratis.thirdparty.io.netty.channel.nio.AbstractNioChannel$AbstractNioUnsafe.finishConnect(AbstractNioChannel.java:340)
	at org.apache.ratis.thirdparty.io.netty.channel.nio.NioEventLoop.processSelectedKey(NioEventLoop.java:632)
	at org.apache.ratis.thirdparty.io.netty.channel.nio.NioEventLoop.processSelectedKeysOptimized(NioEventLoop.java:579)
	at org.apache.ratis.thirdparty.io.netty.channel.nio.NioEventLoop.processSelectedKeys(NioEventLoop.java:496)
	at org.apache.ratis.thirdparty.io.netty.channel.nio.NioEventLoop.run(NioEventLoop.java:458)
	at org.apache.ratis.thirdparty.io.netty.util.concurrent.SingleThreadEventExecutor$5.run(SingleThreadEventExecutor.java:897)
	at org.apache.ratis.thirdparty.io.netty.util.concurrent.FastThreadLocalRunnable.run(FastThreadLocalRunnable.java:30)
	... 1 more
Caused by: java.net.ConnectException: Connection refused
	... 11 more
2019-10-16 21:12:23,443 [52743044-8979-4a08-8013-92a14c548982@group-146C50BE7901-LeaderElection307] INFO  impl.RaftServerImpl (RaftServerImpl.java:setRole(184)) - 52743044-8979-4a08-8013-92a14c548982@group-146C50BE7901: changes role from CANDIDATE to FOLLOWER at term 364 for DISCOVERED_A_NEW_TERM
2019-10-16 21:12:23,443 [52743044-8979-4a08-8013-92a14c548982@group-146C50BE7901-LeaderElection307] INFO  impl.RoleInfo (RoleInfo.java:shutdownLeaderElection(134)) - 52743044-8979-4a08-8013-92a14c548982: shutdown LeaderElection
2019-10-16 21:12:23,443 [52743044-8979-4a08-8013-92a14c548982@group-146C50BE7901-LeaderElection307] INFO  impl.RoleInfo (RoleInfo.java:updateAndGet(143)) - 52743044-8979-4a08-8013-92a14c548982: start FollowerState
2019-10-16 21:12:23,446 [Thread-2272] INFO  impl.FollowerState (FollowerState.java:run(108)) - 52743044-8979-4a08-8013-92a14c548982@group-146C50BE7901-FollowerState: change to CANDIDATE, lastRpcTime:2ms, electionTimeout:2ms
2019-10-16 21:12:23,446 [Thread-2272] INFO  impl.RoleInfo (RoleInfo.java:shutdownFollowerState(121)) - 52743044-8979-4a08-8013-92a14c548982: shutdown FollowerState
2019-10-16 21:12:23,446 [Thread-2272] INFO  impl.RaftServerImpl (RaftServerImpl.java:setRole(184)) - 52743044-8979-4a08-8013-92a14c548982@group-146C50BE7901: changes role from  FOLLOWER to CANDIDATE at term 364 for changeToCandidate
2019-10-16 21:12:23,446 [Thread-2272] INFO  impl.RoleInfo (RoleInfo.java:updateAndGet(143)) - 52743044-8979-4a08-8013-92a14c548982: start LeaderElection
2019-10-16 21:12:23,525 [52743044-8979-4a08-8013-92a14c548982@group-146C50BE7901-LeaderElection308] INFO  impl.LeaderElection (LeaderElection.java:askForVotes(178)) - 52743044-8979-4a08-8013-92a14c548982@group-146C50BE7901-LeaderElection308: begin an election at term 365 for -1: [904f39be-c3d3-4df4-99c0-2e4526e577e3:192.168.157.254:45339, 52743044-8979-4a08-8013-92a14c548982:192.168.157.254:36428, 65da0c80-3604-4ac2-9a39-ee88d748a153:192.168.157.254:37466], old=null
2019-10-16 21:12:23,527 [52743044-8979-4a08-8013-92a14c548982@group-146C50BE7901-LeaderElection308] INFO  impl.LeaderElection (LogUtils.java:infoOrTrace(149)) - 52743044-8979-4a08-8013-92a14c548982@group-146C50BE7901-LeaderElection308 got exception when requesting votes: {}
java.util.concurrent.ExecutionException: org.apache.ratis.thirdparty.io.grpc.StatusRuntimeException: UNAVAILABLE: io exception
	at java.util.concurrent.FutureTask.report(FutureTask.java:122)
	at java.util.concurrent.FutureTask.get(FutureTask.java:192)
	at org.apache.ratis.server.impl.LeaderElection.waitForResults(LeaderElection.java:259)
	at org.apache.ratis.server.impl.LeaderElection.askForVotes(LeaderElection.java:197)
	at org.apache.ratis.server.impl.LeaderElection.run(LeaderElection.java:133)
	at java.lang.Thread.run(Thread.java:748)
Caused by: org.apache.ratis.thirdparty.io.grpc.StatusRuntimeException: UNAVAILABLE: io exception
	at org.apache.ratis.thirdparty.io.grpc.stub.ClientCalls.toStatusRuntimeException(ClientCalls.java:233)
	at org.apache.ratis.thirdparty.io.grpc.stub.ClientCalls.getUnchecked(ClientCalls.java:214)
	at org.apache.ratis.thirdparty.io.grpc.stub.ClientCalls.blockingUnaryCall(ClientCalls.java:139)
	at org.apache.ratis.proto.grpc.RaftServerProtocolServiceGrpc$RaftServerProtocolServiceBlockingStub.requestVote(RaftServerProtocolServiceGrpc.java:265)
	at org.apache.ratis.grpc.server.GrpcServerProtocolClient.requestVote(GrpcServerProtocolClient.java:99)
	at org.apache.ratis.grpc.server.GrpcService.requestVote(GrpcService.java:204)
	at org.apache.ratis.server.impl.LeaderElection.lambda$submitRequests$1(LeaderElection.java:234)
	at java.util.concurrent.FutureTask.run(FutureTask.java:266)
	at java.util.concurrent.Executors$RunnableAdapter.call(Executors.java:511)
	at java.util.concurrent.FutureTask.run(FutureTask.java:266)
	at java.util.concurrent.ThreadPoolExecutor.runWorker(ThreadPoolExecutor.java:1149)
	at java.util.concurrent.ThreadPoolExecutor$Worker.run(ThreadPoolExecutor.java:624)
	... 1 more
Caused by: org.apache.ratis.thirdparty.io.netty.channel.AbstractChannel$AnnotatedConnectException: Connection refused: /192.168.157.254:45339
	at sun.nio.ch.SocketChannelImpl.checkConnect(Native Method)
	at sun.nio.ch.SocketChannelImpl.finishConnect(SocketChannelImpl.java:717)
	at org.apache.ratis.thirdparty.io.netty.channel.socket.nio.NioSocketChannel.doFinishConnect(NioSocketChannel.java:327)
	at org.apache.ratis.thirdparty.io.netty.channel.nio.AbstractNioChannel$AbstractNioUnsafe.finishConnect(AbstractNioChannel.java:340)
	at org.apache.ratis.thirdparty.io.netty.channel.nio.NioEventLoop.processSelectedKey(NioEventLoop.java:632)
	at org.apache.ratis.thirdparty.io.netty.channel.nio.NioEventLoop.processSelectedKeysOptimized(NioEventLoop.java:579)
	at org.apache.ratis.thirdparty.io.netty.channel.nio.NioEventLoop.processSelectedKeys(NioEventLoop.java:496)
	at org.apache.ratis.thirdparty.io.netty.channel.nio.NioEventLoop.run(NioEventLoop.java:458)
	at org.apache.ratis.thirdparty.io.netty.util.concurrent.SingleThreadEventExecutor$5.run(SingleThreadEventExecutor.java:897)
	at org.apache.ratis.thirdparty.io.netty.util.concurrent.FastThreadLocalRunnable.run(FastThreadLocalRunnable.java:30)
	... 1 more
Caused by: java.net.ConnectException: Connection refused
	... 11 more
2019-10-16 21:12:23,527 [52743044-8979-4a08-8013-92a14c548982@group-146C50BE7901-LeaderElection308] INFO  impl.LeaderElection (LogUtils.java:infoOrTrace(149)) - 52743044-8979-4a08-8013-92a14c548982@group-146C50BE7901-LeaderElection308 got exception when requesting votes: {}
java.util.concurrent.ExecutionException: org.apache.ratis.thirdparty.io.grpc.StatusRuntimeException: UNAVAILABLE: io exception
	at java.util.concurrent.FutureTask.report(FutureTask.java:122)
	at java.util.concurrent.FutureTask.get(FutureTask.java:192)
	at org.apache.ratis.server.impl.LeaderElection.waitForResults(LeaderElection.java:259)
	at org.apache.ratis.server.impl.LeaderElection.askForVotes(LeaderElection.java:197)
	at org.apache.ratis.server.impl.LeaderElection.run(LeaderElection.java:133)
	at java.lang.Thread.run(Thread.java:748)
Caused by: org.apache.ratis.thirdparty.io.grpc.StatusRuntimeException: UNAVAILABLE: io exception
	at org.apache.ratis.thirdparty.io.grpc.stub.ClientCalls.toStatusRuntimeException(ClientCalls.java:233)
	at org.apache.ratis.thirdparty.io.grpc.stub.ClientCalls.getUnchecked(ClientCalls.java:214)
	at org.apache.ratis.thirdparty.io.grpc.stub.ClientCalls.blockingUnaryCall(ClientCalls.java:139)
	at org.apache.ratis.proto.grpc.RaftServerProtocolServiceGrpc$RaftServerProtocolServiceBlockingStub.requestVote(RaftServerProtocolServiceGrpc.java:265)
	at org.apache.ratis.grpc.server.GrpcServerProtocolClient.requestVote(GrpcServerProtocolClient.java:99)
	at org.apache.ratis.grpc.server.GrpcService.requestVote(GrpcService.java:204)
	at org.apache.ratis.server.impl.LeaderElection.lambda$submitRequests$1(LeaderElection.java:234)
	at java.util.concurrent.FutureTask.run(FutureTask.java:266)
	at java.util.concurrent.Executors$RunnableAdapter.call(Executors.java:511)
	at java.util.concurrent.FutureTask.run(FutureTask.java:266)
	at java.util.concurrent.ThreadPoolExecutor.runWorker(ThreadPoolExecutor.java:1149)
	at java.util.concurrent.ThreadPoolExecutor$Worker.run(ThreadPoolExecutor.java:624)
	... 1 more
Caused by: org.apache.ratis.thirdparty.io.netty.channel.AbstractChannel$AnnotatedConnectException: Connection refused: /192.168.157.254:37466
	at sun.nio.ch.SocketChannelImpl.checkConnect(Native Method)
	at sun.nio.ch.SocketChannelImpl.finishConnect(SocketChannelImpl.java:717)
	at org.apache.ratis.thirdparty.io.netty.channel.socket.nio.NioSocketChannel.doFinishConnect(NioSocketChannel.java:327)
	at org.apache.ratis.thirdparty.io.netty.channel.nio.AbstractNioChannel$AbstractNioUnsafe.finishConnect(AbstractNioChannel.java:340)
	at org.apache.ratis.thirdparty.io.netty.channel.nio.NioEventLoop.processSelectedKey(NioEventLoop.java:632)
	at org.apache.ratis.thirdparty.io.netty.channel.nio.NioEventLoop.processSelectedKeysOptimized(NioEventLoop.java:579)
	at org.apache.ratis.thirdparty.io.netty.channel.nio.NioEventLoop.processSelectedKeys(NioEventLoop.java:496)
	at org.apache.ratis.thirdparty.io.netty.channel.nio.NioEventLoop.run(NioEventLoop.java:458)
	at org.apache.ratis.thirdparty.io.netty.util.concurrent.SingleThreadEventExecutor$5.run(SingleThreadEventExecutor.java:897)
	at org.apache.ratis.thirdparty.io.netty.util.concurrent.FastThreadLocalRunnable.run(FastThreadLocalRunnable.java:30)
	... 1 more
Caused by: java.net.ConnectException: Connection refused
	... 11 more
2019-10-16 21:12:23,528 [52743044-8979-4a08-8013-92a14c548982@group-146C50BE7901-LeaderElection308] INFO  impl.LeaderElection (LeaderElection.java:logAndReturn(56)) - 52743044-8979-4a08-8013-92a14c548982@group-146C50BE7901-LeaderElection308: Election REJECTED; received 0 response(s) [] and 2 exception(s); 52743044-8979-4a08-8013-92a14c548982@group-146C50BE7901:t365, leader=null, voted=52743044-8979-4a08-8013-92a14c548982, raftlog=52743044-8979-4a08-8013-92a14c548982@group-146C50BE7901-SegmentedRaftLog:OPENED:c-1,f-1,i0, conf=-1: [904f39be-c3d3-4df4-99c0-2e4526e577e3:192.168.157.254:45339, 52743044-8979-4a08-8013-92a14c548982:192.168.157.254:36428, 65da0c80-3604-4ac2-9a39-ee88d748a153:192.168.157.254:37466], old=null
2019-10-16 21:12:23,528 [52743044-8979-4a08-8013-92a14c548982@group-146C50BE7901-LeaderElection308] INFO  impl.LeaderElection (LogUtils.java:infoOrTrace(149)) -   Exception 0: {}
java.util.concurrent.ExecutionException: org.apache.ratis.thirdparty.io.grpc.StatusRuntimeException: UNAVAILABLE: io exception
	at java.util.concurrent.FutureTask.report(FutureTask.java:122)
	at java.util.concurrent.FutureTask.get(FutureTask.java:192)
	at org.apache.ratis.server.impl.LeaderElection.waitForResults(LeaderElection.java:259)
	at org.apache.ratis.server.impl.LeaderElection.askForVotes(LeaderElection.java:197)
	at org.apache.ratis.server.impl.LeaderElection.run(LeaderElection.java:133)
	at java.lang.Thread.run(Thread.java:748)
Caused by: org.apache.ratis.thirdparty.io.grpc.StatusRuntimeException: UNAVAILABLE: io exception
	at org.apache.ratis.thirdparty.io.grpc.stub.ClientCalls.toStatusRuntimeException(ClientCalls.java:233)
	at org.apache.ratis.thirdparty.io.grpc.stub.ClientCalls.getUnchecked(ClientCalls.java:214)
	at org.apache.ratis.thirdparty.io.grpc.stub.ClientCalls.blockingUnaryCall(ClientCalls.java:139)
	at org.apache.ratis.proto.grpc.RaftServerProtocolServiceGrpc$RaftServerProtocolServiceBlockingStub.requestVote(RaftServerProtocolServiceGrpc.java:265)
	at org.apache.ratis.grpc.server.GrpcServerProtocolClient.requestVote(GrpcServerProtocolClient.java:99)
	at org.apache.ratis.grpc.server.GrpcService.requestVote(GrpcService.java:204)
	at org.apache.ratis.server.impl.LeaderElection.lambda$submitRequests$1(LeaderElection.java:234)
	at java.util.concurrent.FutureTask.run(FutureTask.java:266)
	at java.util.concurrent.Executors$RunnableAdapter.call(Executors.java:511)
	at java.util.concurrent.FutureTask.run(FutureTask.java:266)
	at java.util.concurrent.ThreadPoolExecutor.runWorker(ThreadPoolExecutor.java:1149)
	at java.util.concurrent.ThreadPoolExecutor$Worker.run(ThreadPoolExecutor.java:624)
	... 1 more
Caused by: org.apache.ratis.thirdparty.io.netty.channel.AbstractChannel$AnnotatedConnectException: Connection refused: /192.168.157.254:45339
	at sun.nio.ch.SocketChannelImpl.checkConnect(Native Method)
	at sun.nio.ch.SocketChannelImpl.finishConnect(SocketChannelImpl.java:717)
	at org.apache.ratis.thirdparty.io.netty.channel.socket.nio.NioSocketChannel.doFinishConnect(NioSocketChannel.java:327)
	at org.apache.ratis.thirdparty.io.netty.channel.nio.AbstractNioChannel$AbstractNioUnsafe.finishConnect(AbstractNioChannel.java:340)
	at org.apache.ratis.thirdparty.io.netty.channel.nio.NioEventLoop.processSelectedKey(NioEventLoop.java:632)
	at org.apache.ratis.thirdparty.io.netty.channel.nio.NioEventLoop.processSelectedKeysOptimized(NioEventLoop.java:579)
	at org.apache.ratis.thirdparty.io.netty.channel.nio.NioEventLoop.processSelectedKeys(NioEventLoop.java:496)
	at org.apache.ratis.thirdparty.io.netty.channel.nio.NioEventLoop.run(NioEventLoop.java:458)
	at org.apache.ratis.thirdparty.io.netty.util.concurrent.SingleThreadEventExecutor$5.run(SingleThreadEventExecutor.java:897)
	at org.apache.ratis.thirdparty.io.netty.util.concurrent.FastThreadLocalRunnable.run(FastThreadLocalRunnable.java:30)
	... 1 more
Caused by: java.net.ConnectException: Connection refused
	... 11 more
2019-10-16 21:12:23,528 [52743044-8979-4a08-8013-92a14c548982@group-146C50BE7901-LeaderElection308] INFO  impl.LeaderElection (LogUtils.java:infoOrTrace(149)) -   Exception 1: {}
java.util.concurrent.ExecutionException: org.apache.ratis.thirdparty.io.grpc.StatusRuntimeException: UNAVAILABLE: io exception
	at java.util.concurrent.FutureTask.report(FutureTask.java:122)
	at java.util.concurrent.FutureTask.get(FutureTask.java:192)
	at org.apache.ratis.server.impl.LeaderElection.waitForResults(LeaderElection.java:259)
	at org.apache.ratis.server.impl.LeaderElection.askForVotes(LeaderElection.java:197)
	at org.apache.ratis.server.impl.LeaderElection.run(LeaderElection.java:133)
	at java.lang.Thread.run(Thread.java:748)
Caused by: org.apache.ratis.thirdparty.io.grpc.StatusRuntimeException: UNAVAILABLE: io exception
	at org.apache.ratis.thirdparty.io.grpc.stub.ClientCalls.toStatusRuntimeException(ClientCalls.java:233)
	at org.apache.ratis.thirdparty.io.grpc.stub.ClientCalls.getUnchecked(ClientCalls.java:214)
	at org.apache.ratis.thirdparty.io.grpc.stub.ClientCalls.blockingUnaryCall(ClientCalls.java:139)
	at org.apache.ratis.proto.grpc.RaftServerProtocolServiceGrpc$RaftServerProtocolServiceBlockingStub.requestVote(RaftServerProtocolServiceGrpc.java:265)
	at org.apache.ratis.grpc.server.GrpcServerProtocolClient.requestVote(GrpcServerProtocolClient.java:99)
	at org.apache.ratis.grpc.server.GrpcService.requestVote(GrpcService.java:204)
	at org.apache.ratis.server.impl.LeaderElection.lambda$submitRequests$1(LeaderElection.java:234)
	at java.util.concurrent.FutureTask.run(FutureTask.java:266)
	at java.util.concurrent.Executors$RunnableAdapter.call(Executors.java:511)
	at java.util.concurrent.FutureTask.run(FutureTask.java:266)
	at java.util.concurrent.ThreadPoolExecutor.runWorker(ThreadPoolExecutor.java:1149)
	at java.util.concurrent.ThreadPoolExecutor$Worker.run(ThreadPoolExecutor.java:624)
	... 1 more
Caused by: org.apache.ratis.thirdparty.io.netty.channel.AbstractChannel$AnnotatedConnectException: Connection refused: /192.168.157.254:37466
	at sun.nio.ch.SocketChannelImpl.checkConnect(Native Method)
	at sun.nio.ch.SocketChannelImpl.finishConnect(SocketChannelImpl.java:717)
	at org.apache.ratis.thirdparty.io.netty.channel.socket.nio.NioSocketChannel.doFinishConnect(NioSocketChannel.java:327)
	at org.apache.ratis.thirdparty.io.netty.channel.nio.AbstractNioChannel$AbstractNioUnsafe.finishConnect(AbstractNioChannel.java:340)
	at org.apache.ratis.thirdparty.io.netty.channel.nio.NioEventLoop.processSelectedKey(NioEventLoop.java:632)
	at org.apache.ratis.thirdparty.io.netty.channel.nio.NioEventLoop.processSelectedKeysOptimized(NioEventLoop.java:579)
	at org.apache.ratis.thirdparty.io.netty.channel.nio.NioEventLoop.processSelectedKeys(NioEventLoop.java:496)
	at org.apache.ratis.thirdparty.io.netty.channel.nio.NioEventLoop.run(NioEventLoop.java:458)
	at org.apache.ratis.thirdparty.io.netty.util.concurrent.SingleThreadEventExecutor$5.run(SingleThreadEventExecutor.java:897)
	at org.apache.ratis.thirdparty.io.netty.util.concurrent.FastThreadLocalRunnable.run(FastThreadLocalRunnable.java:30)
	... 1 more
Caused by: java.net.ConnectException: Connection refused
	... 11 more
2019-10-16 21:12:23,529 [52743044-8979-4a08-8013-92a14c548982@group-146C50BE7901-LeaderElection308] INFO  impl.RaftServerImpl (RaftServerImpl.java:setRole(184)) - 52743044-8979-4a08-8013-92a14c548982@group-146C50BE7901: changes role from CANDIDATE to FOLLOWER at term 365 for DISCOVERED_A_NEW_TERM
2019-10-16 21:12:23,529 [52743044-8979-4a08-8013-92a14c548982@group-146C50BE7901-LeaderElection308] INFO  impl.RoleInfo (RoleInfo.java:shutdownLeaderElection(134)) - 52743044-8979-4a08-8013-92a14c548982: shutdown LeaderElection
2019-10-16 21:12:23,529 [52743044-8979-4a08-8013-92a14c548982@group-146C50BE7901-LeaderElection308] INFO  impl.RoleInfo (RoleInfo.java:updateAndGet(143)) - 52743044-8979-4a08-8013-92a14c548982: start FollowerState
2019-10-16 21:12:23,575 [Thread-2276] INFO  impl.FollowerState (FollowerState.java:run(108)) - 52743044-8979-4a08-8013-92a14c548982@group-146C50BE7901-FollowerState: change to CANDIDATE, lastRpcTime:46ms, electionTimeout:46ms
2019-10-16 21:12:23,575 [Thread-2276] INFO  impl.RoleInfo (RoleInfo.java:shutdownFollowerState(121)) - 52743044-8979-4a08-8013-92a14c548982: shutdown FollowerState
2019-10-16 21:12:23,575 [Thread-2276] INFO  impl.RaftServerImpl (RaftServerImpl.java:setRole(184)) - 52743044-8979-4a08-8013-92a14c548982@group-146C50BE7901: changes role from  FOLLOWER to CANDIDATE at term 365 for changeToCandidate
2019-10-16 21:12:23,576 [Thread-2276] INFO  impl.RoleInfo (RoleInfo.java:updateAndGet(143)) - 52743044-8979-4a08-8013-92a14c548982: start LeaderElection
2019-10-16 21:12:23,591 [52743044-8979-4a08-8013-92a14c548982@group-146C50BE7901-LeaderElection309] INFO  impl.LeaderElection (LeaderElection.java:askForVotes(178)) - 52743044-8979-4a08-8013-92a14c548982@group-146C50BE7901-LeaderElection309: begin an election at term 366 for -1: [904f39be-c3d3-4df4-99c0-2e4526e577e3:192.168.157.254:45339, 52743044-8979-4a08-8013-92a14c548982:192.168.157.254:36428, 65da0c80-3604-4ac2-9a39-ee88d748a153:192.168.157.254:37466], old=null
2019-10-16 21:12:23,592 [main] INFO  ozoneimpl.OzoneContainer (OzoneContainer.java:stop(227)) - Attempting to stop container services.
2019-10-16 21:12:23,592 [52743044-8979-4a08-8013-92a14c548982@group-146C50BE7901-LeaderElection309] INFO  impl.LeaderElection (LogUtils.java:infoOrTrace(149)) - 52743044-8979-4a08-8013-92a14c548982@group-146C50BE7901-LeaderElection309 got exception when requesting votes: {}
java.util.concurrent.ExecutionException: org.apache.ratis.thirdparty.io.grpc.StatusRuntimeException: UNAVAILABLE: io exception
	at java.util.concurrent.FutureTask.report(FutureTask.java:122)
	at java.util.concurrent.FutureTask.get(FutureTask.java:192)
	at org.apache.ratis.server.impl.LeaderElection.waitForResults(LeaderElection.java:259)
	at org.apache.ratis.server.impl.LeaderElection.askForVotes(LeaderElection.java:197)
	at org.apache.ratis.server.impl.LeaderElection.run(LeaderElection.java:133)
	at java.lang.Thread.run(Thread.java:748)
Caused by: org.apache.ratis.thirdparty.io.grpc.StatusRuntimeException: UNAVAILABLE: io exception
	at org.apache.ratis.thirdparty.io.grpc.stub.ClientCalls.toStatusRuntimeException(ClientCalls.java:233)
	at org.apache.ratis.thirdparty.io.grpc.stub.ClientCalls.getUnchecked(ClientCalls.java:214)
	at org.apache.ratis.thirdparty.io.grpc.stub.ClientCalls.blockingUnaryCall(ClientCalls.java:139)
	at org.apache.ratis.proto.grpc.RaftServerProtocolServiceGrpc$RaftServerProtocolServiceBlockingStub.requestVote(RaftServerProtocolServiceGrpc.java:265)
	at org.apache.ratis.grpc.server.GrpcServerProtocolClient.requestVote(GrpcServerProtocolClient.java:99)
	at org.apache.ratis.grpc.server.GrpcService.requestVote(GrpcService.java:204)
	at org.apache.ratis.server.impl.LeaderElection.lambda$submitRequests$1(LeaderElection.java:234)
	at java.util.concurrent.FutureTask.run(FutureTask.java:266)
	at java.util.concurrent.Executors$RunnableAdapter.call(Executors.java:511)
	at java.util.concurrent.FutureTask.run(FutureTask.java:266)
	at java.util.concurrent.ThreadPoolExecutor.runWorker(ThreadPoolExecutor.java:1149)
	at java.util.concurrent.ThreadPoolExecutor$Worker.run(ThreadPoolExecutor.java:624)
	... 1 more
Caused by: org.apache.ratis.thirdparty.io.netty.channel.AbstractChannel$AnnotatedConnectException: Connection refused: /192.168.157.254:45339
	at sun.nio.ch.SocketChannelImpl.checkConnect(Native Method)
	at sun.nio.ch.SocketChannelImpl.finishConnect(SocketChannelImpl.java:717)
	at org.apache.ratis.thirdparty.io.netty.channel.socket.nio.NioSocketChannel.doFinishConnect(NioSocketChannel.java:327)
	at org.apache.ratis.thirdparty.io.netty.channel.nio.AbstractNioChannel$AbstractNioUnsafe.finishConnect(AbstractNioChannel.java:340)
	at org.apache.ratis.thirdparty.io.netty.channel.nio.NioEventLoop.processSelectedKey(NioEventLoop.java:632)
	at org.apache.ratis.thirdparty.io.netty.channel.nio.NioEventLoop.processSelectedKeysOptimized(NioEventLoop.java:579)
	at org.apache.ratis.thirdparty.io.netty.channel.nio.NioEventLoop.processSelectedKeys(NioEventLoop.java:496)
	at org.apache.ratis.thirdparty.io.netty.channel.nio.NioEventLoop.run(NioEventLoop.java:458)
	at org.apache.ratis.thirdparty.io.netty.util.concurrent.SingleThreadEventExecutor$5.run(SingleThreadEventExecutor.java:897)
	at org.apache.ratis.thirdparty.io.netty.util.concurrent.FastThreadLocalRunnable.run(FastThreadLocalRunnable.java:30)
	... 1 more
Caused by: java.net.ConnectException: Connection refused
	... 11 more
2019-10-16 21:12:23,592 [main] INFO  impl.RaftServerProxy (RaftServerProxy.java:lambda$close$4(314)) - 52743044-8979-4a08-8013-92a14c548982: close
2019-10-16 21:12:23,592 [52743044-8979-4a08-8013-92a14c548982@group-146C50BE7901-LeaderElection309] INFO  impl.LeaderElection (LogUtils.java:infoOrTrace(149)) - 52743044-8979-4a08-8013-92a14c548982@group-146C50BE7901-LeaderElection309 got exception when requesting votes: {}
java.util.concurrent.ExecutionException: org.apache.ratis.thirdparty.io.grpc.StatusRuntimeException: UNAVAILABLE: io exception
	at java.util.concurrent.FutureTask.report(FutureTask.java:122)
	at java.util.concurrent.FutureTask.get(FutureTask.java:192)
	at org.apache.ratis.server.impl.LeaderElection.waitForResults(LeaderElection.java:259)
	at org.apache.ratis.server.impl.LeaderElection.askForVotes(LeaderElection.java:197)
	at org.apache.ratis.server.impl.LeaderElection.run(LeaderElection.java:133)
	at java.lang.Thread.run(Thread.java:748)
Caused by: org.apache.ratis.thirdparty.io.grpc.StatusRuntimeException: UNAVAILABLE: io exception
	at org.apache.ratis.thirdparty.io.grpc.stub.ClientCalls.toStatusRuntimeException(ClientCalls.java:233)
	at org.apache.ratis.thirdparty.io.grpc.stub.ClientCalls.getUnchecked(ClientCalls.java:214)
	at org.apache.ratis.thirdparty.io.grpc.stub.ClientCalls.blockingUnaryCall(ClientCalls.java:139)
	at org.apache.ratis.proto.grpc.RaftServerProtocolServiceGrpc$RaftServerProtocolServiceBlockingStub.requestVote(RaftServerProtocolServiceGrpc.java:265)
	at org.apache.ratis.grpc.server.GrpcServerProtocolClient.requestVote(GrpcServerProtocolClient.java:99)
	at org.apache.ratis.grpc.server.GrpcService.requestVote(GrpcService.java:204)
	at org.apache.ratis.server.impl.LeaderElection.lambda$submitRequests$1(LeaderElection.java:234)
	at java.util.concurrent.FutureTask.run(FutureTask.java:266)
	at java.util.concurrent.Executors$RunnableAdapter.call(Executors.java:511)
	at java.util.concurrent.FutureTask.run(FutureTask.java:266)
	at java.util.concurrent.ThreadPoolExecutor.runWorker(ThreadPoolExecutor.java:1149)
	at java.util.concurrent.ThreadPoolExecutor$Worker.run(ThreadPoolExecutor.java:624)
	... 1 more
Caused by: org.apache.ratis.thirdparty.io.netty.channel.AbstractChannel$AnnotatedConnectException: Connection refused: /192.168.157.254:37466
	at sun.nio.ch.SocketChannelImpl.checkConnect(Native Method)
	at sun.nio.ch.SocketChannelImpl.finishConnect(SocketChannelImpl.java:717)
	at org.apache.ratis.thirdparty.io.netty.channel.socket.nio.NioSocketChannel.doFinishConnect(NioSocketChannel.java:327)
	at org.apache.ratis.thirdparty.io.netty.channel.nio.AbstractNioChannel$AbstractNioUnsafe.finishConnect(AbstractNioChannel.java:340)
	at org.apache.ratis.thirdparty.io.netty.channel.nio.NioEventLoop.processSelectedKey(NioEventLoop.java:632)
	at org.apache.ratis.thirdparty.io.netty.channel.nio.NioEventLoop.processSelectedKeysOptimized(NioEventLoop.java:579)
	at org.apache.ratis.thirdparty.io.netty.channel.nio.NioEventLoop.processSelectedKeys(NioEventLoop.java:496)
	at org.apache.ratis.thirdparty.io.netty.channel.nio.NioEventLoop.run(NioEventLoop.java:458)
	at org.apache.ratis.thirdparty.io.netty.util.concurrent.SingleThreadEventExecutor$5.run(SingleThreadEventExecutor.java:897)
	at org.apache.ratis.thirdparty.io.netty.util.concurrent.FastThreadLocalRunnable.run(FastThreadLocalRunnable.java:30)
	... 1 more
Caused by: java.net.ConnectException: Connection refused
	... 11 more
2019-10-16 21:12:23,593 [ForkJoinPool.commonPool-worker-1] INFO  impl.RaftServerImpl (RaftServerImpl.java:lambda$shutdown$3(261)) - 52743044-8979-4a08-8013-92a14c548982@group-146C50BE7901: shutdown
2019-10-16 21:12:23,593 [main] INFO  impl.RaftServerImpl (RaftServerImpl.java:lambda$shutdown$3(261)) - 52743044-8979-4a08-8013-92a14c548982@group-33D345B1B9EE: shutdown
2019-10-16 21:12:23,593 [ForkJoinPool.commonPool-worker-1] INFO  util.JmxRegister (JmxRegister.java:unregister(73)) - Successfully un-registered JMX Bean with object name Ratis:service=RaftServer,group=group-146C50BE7901,id=52743044-8979-4a08-8013-92a14c548982
2019-10-16 21:12:23,593 [52743044-8979-4a08-8013-92a14c548982@group-146C50BE7901-LeaderElection309] INFO  impl.LeaderElection (LeaderElection.java:logAndReturn(56)) - 52743044-8979-4a08-8013-92a14c548982@group-146C50BE7901-LeaderElection309: Election REJECTED; received 0 response(s) [] and 2 exception(s); 52743044-8979-4a08-8013-92a14c548982@group-146C50BE7901:t366, leader=null, voted=52743044-8979-4a08-8013-92a14c548982, raftlog=52743044-8979-4a08-8013-92a14c548982@group-146C50BE7901-SegmentedRaftLog:OPENED:c-1,f-1,i0, conf=-1: [904f39be-c3d3-4df4-99c0-2e4526e577e3:192.168.157.254:45339, 52743044-8979-4a08-8013-92a14c548982:192.168.157.254:36428, 65da0c80-3604-4ac2-9a39-ee88d748a153:192.168.157.254:37466], old=null
2019-10-16 21:12:23,594 [ForkJoinPool.commonPool-worker-1] INFO  impl.RoleInfo (RoleInfo.java:shutdownLeaderElection(134)) - 52743044-8979-4a08-8013-92a14c548982: shutdown LeaderElection
2019-10-16 21:12:23,593 [main] INFO  util.JmxRegister (JmxRegister.java:unregister(73)) - Successfully un-registered JMX Bean with object name Ratis:service=RaftServer,group=group-33D345B1B9EE,id=52743044-8979-4a08-8013-92a14c548982
2019-10-16 21:12:23,594 [ForkJoinPool.commonPool-worker-1] INFO  impl.StateMachineUpdater (StateMachineUpdater.java:stopAndJoin(136)) - 52743044-8979-4a08-8013-92a14c548982@group-146C50BE7901-StateMachineUpdater: set stopIndex = -1
2019-10-16 21:12:23,594 [52743044-8979-4a08-8013-92a14c548982@group-146C50BE7901-LeaderElection309] INFO  impl.LeaderElection (LogUtils.java:infoOrTrace(149)) -   Exception 0: {}
java.util.concurrent.ExecutionException: org.apache.ratis.thirdparty.io.grpc.StatusRuntimeException: UNAVAILABLE: io exception
	at java.util.concurrent.FutureTask.report(FutureTask.java:122)
	at java.util.concurrent.FutureTask.get(FutureTask.java:192)
	at org.apache.ratis.server.impl.LeaderElection.waitForResults(LeaderElection.java:259)
	at org.apache.ratis.server.impl.LeaderElection.askForVotes(LeaderElection.java:197)
	at org.apache.ratis.server.impl.LeaderElection.run(LeaderElection.java:133)
	at java.lang.Thread.run(Thread.java:748)
Caused by: org.apache.ratis.thirdparty.io.grpc.StatusRuntimeException: UNAVAILABLE: io exception
	at org.apache.ratis.thirdparty.io.grpc.stub.ClientCalls.toStatusRuntimeException(ClientCalls.java:233)
	at org.apache.ratis.thirdparty.io.grpc.stub.ClientCalls.getUnchecked(ClientCalls.java:214)
	at org.apache.ratis.thirdparty.io.grpc.stub.ClientCalls.blockingUnaryCall(ClientCalls.java:139)
	at org.apache.ratis.proto.grpc.RaftServerProtocolServiceGrpc$RaftServerProtocolServiceBlockingStub.requestVote(RaftServerProtocolServiceGrpc.java:265)
	at org.apache.ratis.grpc.server.GrpcServerProtocolClient.requestVote(GrpcServerProtocolClient.java:99)
	at org.apache.ratis.grpc.server.GrpcService.requestVote(GrpcService.java:204)
	at org.apache.ratis.server.impl.LeaderElection.lambda$submitRequests$1(LeaderElection.java:234)
	at java.util.concurrent.FutureTask.run(FutureTask.java:266)
	at java.util.concurrent.Executors$RunnableAdapter.call(Executors.java:511)
	at java.util.concurrent.FutureTask.run(FutureTask.java:266)
	at java.util.concurrent.ThreadPoolExecutor.runWorker(ThreadPoolExecutor.java:1149)
	at java.util.concurrent.ThreadPoolExecutor$Worker.run(ThreadPoolExecutor.java:624)
	... 1 more
Caused by: org.apache.ratis.thirdparty.io.netty.channel.AbstractChannel$AnnotatedConnectException: Connection refused: /192.168.157.254:45339
	at sun.nio.ch.SocketChannelImpl.checkConnect(Native Method)
	at sun.nio.ch.SocketChannelImpl.finishConnect(SocketChannelImpl.java:717)
	at org.apache.ratis.thirdparty.io.netty.channel.socket.nio.NioSocketChannel.doFinishConnect(NioSocketChannel.java:327)
	at org.apache.ratis.thirdparty.io.netty.channel.nio.AbstractNioChannel$AbstractNioUnsafe.finishConnect(AbstractNioChannel.java:340)
	at org.apache.ratis.thirdparty.io.netty.channel.nio.NioEventLoop.processSelectedKey(NioEventLoop.java:632)
	at org.apache.ratis.thirdparty.io.netty.channel.nio.NioEventLoop.processSelectedKeysOptimized(NioEventLoop.java:579)
	at org.apache.ratis.thirdparty.io.netty.channel.nio.NioEventLoop.processSelectedKeys(NioEventLoop.java:496)
	at org.apache.ratis.thirdparty.io.netty.channel.nio.NioEventLoop.run(NioEventLoop.java:458)
	at org.apache.ratis.thirdparty.io.netty.util.concurrent.SingleThreadEventExecutor$5.run(SingleThreadEventExecutor.java:897)
	at org.apache.ratis.thirdparty.io.netty.util.concurrent.FastThreadLocalRunnable.run(FastThreadLocalRunnable.java:30)
	... 1 more
Caused by: java.net.ConnectException: Connection refused
	... 11 more
2019-10-16 21:12:23,594 [ForkJoinPool.commonPool-worker-1] INFO  impl.RaftServerImpl (ServerState.java:close(388)) - 52743044-8979-4a08-8013-92a14c548982@group-146C50BE7901: closes. applyIndex: -1
2019-10-16 21:12:23,594 [main] INFO  impl.RoleInfo (RoleInfo.java:shutdownLeaderState(104)) - 52743044-8979-4a08-8013-92a14c548982: shutdown LeaderState
2019-10-16 21:12:23,595 [52743044-8979-4a08-8013-92a14c548982@group-146C50BE7901-SegmentedRaftLogWorker] INFO  segmented.SegmentedRaftLogWorker (SegmentedRaftLogWorker.java:run(316)) - 52743044-8979-4a08-8013-92a14c548982@group-146C50BE7901-SegmentedRaftLogWorker was interrupted, exiting. There are 0 tasks remaining in the queue.
2019-10-16 21:12:23,594 [52743044-8979-4a08-8013-92a14c548982@group-146C50BE7901-LeaderElection309] INFO  impl.LeaderElection (LogUtils.java:infoOrTrace(149)) -   Exception 1: {}
java.util.concurrent.ExecutionException: org.apache.ratis.thirdparty.io.grpc.StatusRuntimeException: UNAVAILABLE: io exception
	at java.util.concurrent.FutureTask.report(FutureTask.java:122)
	at java.util.concurrent.FutureTask.get(FutureTask.java:192)
	at org.apache.ratis.server.impl.LeaderElection.waitForResults(LeaderElection.java:259)
	at org.apache.ratis.server.impl.LeaderElection.askForVotes(LeaderElection.java:197)
	at org.apache.ratis.server.impl.LeaderElection.run(LeaderElection.java:133)
	at java.lang.Thread.run(Thread.java:748)
Caused by: org.apache.ratis.thirdparty.io.grpc.StatusRuntimeException: UNAVAILABLE: io exception
	at org.apache.ratis.thirdparty.io.grpc.stub.ClientCalls.toStatusRuntimeException(ClientCalls.java:233)
	at org.apache.ratis.thirdparty.io.grpc.stub.ClientCalls.getUnchecked(ClientCalls.java:214)
	at org.apache.ratis.thirdparty.io.grpc.stub.ClientCalls.blockingUnaryCall(ClientCalls.java:139)
	at org.apache.ratis.proto.grpc.RaftServerProtocolServiceGrpc$RaftServerProtocolServiceBlockingStub.requestVote(RaftServerProtocolServiceGrpc.java:265)
	at org.apache.ratis.grpc.server.GrpcServerProtocolClient.requestVote(GrpcServerProtocolClient.java:99)
	at org.apache.ratis.grpc.server.GrpcService.requestVote(GrpcService.java:204)
	at org.apache.ratis.server.impl.LeaderElection.lambda$submitRequests$1(LeaderElection.java:234)
	at java.util.concurrent.FutureTask.run(FutureTask.java:266)
	at java.util.concurrent.Executors$RunnableAdapter.call(Executors.java:511)
	at java.util.concurrent.FutureTask.run(FutureTask.java:266)
	at java.util.concurrent.ThreadPoolExecutor.runWorker(ThreadPoolExecutor.java:1149)
	at java.util.concurrent.ThreadPoolExecutor$Worker.run(ThreadPoolExecutor.java:624)
	... 1 more
Caused by: org.apache.ratis.thirdparty.io.netty.channel.AbstractChannel$AnnotatedConnectException: Connection refused: /192.168.157.254:37466
	at sun.nio.ch.SocketChannelImpl.checkConnect(Native Method)
	at sun.nio.ch.SocketChannelImpl.finishConnect(SocketChannelImpl.java:717)
	at org.apache.ratis.thirdparty.io.netty.channel.socket.nio.NioSocketChannel.doFinishConnect(NioSocketChannel.java:327)
	at org.apache.ratis.thirdparty.io.netty.channel.nio.AbstractNioChannel$AbstractNioUnsafe.finishConnect(AbstractNioChannel.java:340)
	at org.apache.ratis.thirdparty.io.netty.channel.nio.NioEventLoop.processSelectedKey(NioEventLoop.java:632)
	at org.apache.ratis.thirdparty.io.netty.channel.nio.NioEventLoop.processSelectedKeysOptimized(NioEventLoop.java:579)
	at org.apache.ratis.thirdparty.io.netty.channel.nio.NioEventLoop.processSelectedKeys(NioEventLoop.java:496)
	at org.apache.ratis.thirdparty.io.netty.channel.nio.NioEventLoop.run(NioEventLoop.java:458)
	at org.apache.ratis.thirdparty.io.netty.util.concurrent.SingleThreadEventExecutor$5.run(SingleThreadEventExecutor.java:897)
	at org.apache.ratis.thirdparty.io.netty.util.concurrent.FastThreadLocalRunnable.run(FastThreadLocalRunnable.java:30)
	... 1 more
Caused by: java.net.ConnectException: Connection refused
	... 11 more
2019-10-16 21:12:23,595 [ForkJoinPool.commonPool-worker-1] INFO  segmented.SegmentedRaftLogWorker (SegmentedRaftLogWorker.java:close(224)) - 52743044-8979-4a08-8013-92a14c548982@group-146C50BE7901-SegmentedRaftLogWorker close()
2019-10-16 21:12:23,595 [main] INFO  impl.PendingRequests (PendingRequests.java:sendNotLeaderResponses(202)) - 52743044-8979-4a08-8013-92a14c548982@group-33D345B1B9EE-PendingRequests: sendNotLeaderResponses
2019-10-16 21:12:23,597 [main] INFO  impl.StateMachineUpdater (StateMachineUpdater.java:stopAndJoin(136)) - 52743044-8979-4a08-8013-92a14c548982@group-33D345B1B9EE-StateMachineUpdater: set stopIndex = 0
2019-10-16 21:12:23,598 [main] INFO  impl.RaftServerImpl (ServerState.java:close(388)) - 52743044-8979-4a08-8013-92a14c548982@group-33D345B1B9EE: closes. applyIndex: 0
2019-10-16 21:12:23,598 [52743044-8979-4a08-8013-92a14c548982@group-33D345B1B9EE-SegmentedRaftLogWorker] INFO  segmented.SegmentedRaftLogWorker (SegmentedRaftLogWorker.java:run(316)) - 52743044-8979-4a08-8013-92a14c548982@group-33D345B1B9EE-SegmentedRaftLogWorker was interrupted, exiting. There are 0 tasks remaining in the queue.
2019-10-16 21:12:23,599 [main] INFO  segmented.SegmentedRaftLogWorker (SegmentedRaftLogWorker.java:close(224)) - 52743044-8979-4a08-8013-92a14c548982@group-33D345B1B9EE-SegmentedRaftLogWorker close()
2019-10-16 21:12:23,600 [main] INFO  server.GrpcService (GrpcService.java:closeImpl(164)) - 52743044-8979-4a08-8013-92a14c548982: shutdown server with port 36428 now
2019-10-16 21:12:23,602 [main] INFO  server.GrpcService (GrpcService.java:closeImpl(172)) - 52743044-8979-4a08-8013-92a14c548982: shutdown server with port 36428 successfully
2019-10-16 21:12:23,605 [refreshUsed-/workdir/hadoop-ozone/integration-test/target/test-dir/MiniOzoneClusterImpl-5bbdf16d-a65b-4877-b412-d21df752c328/datanode-2/data/containers] WARN  fs.CachingGetSpaceUsed (CachingGetSpaceUsed.java:run(183)) - Thread Interrupted waiting to refresh disk information: sleep interrupted
2019-10-16 21:12:23,629 [main] INFO  utils.BackgroundService (BackgroundService.java:shutdown(151)) - Shutting down service BlockDeletingService
2019-10-16 21:12:23,630 [main] INFO  statemachine.DatanodeStateMachine (DatanodeStateMachine.java:stopDaemon(395)) - Ozone container server stopped.
2019-10-16 21:12:23,631 [main] INFO  handler.ContextHandler (ContextHandler.java:doStop(910)) - Stopped o.e.j.w.WebAppContext@68a4dcc6{/,null,UNAVAILABLE}{/hddsDatanode}
2019-10-16 21:12:23,632 [main] INFO  server.AbstractConnector (AbstractConnector.java:doStop(318)) - Stopped ServerConnector@646c0a67{HTTP/1.1,[http/1.1]}{0.0.0.0:0}
2019-10-16 21:12:23,633 [main] INFO  handler.ContextHandler (ContextHandler.java:doStop(910)) - Stopped o.e.j.s.ServletContextHandler@21bd20ee{/static,jar:file:/home/user/.m2/repository/org/apache/hadoop/hadoop-hdds-container-service/0.5.0-SNAPSHOT/hadoop-hdds-container-service-0.5.0-SNAPSHOT.jar!/webapps/static,UNAVAILABLE}
2019-10-16 21:12:23,633 [main] INFO  handler.ContextHandler (ContextHandler.java:doStop(910)) - Stopped o.e.j.s.ServletContextHandler@70228253{/logs,file:///workdir/hadoop-ozone/integration-test/target/log,UNAVAILABLE}
2019-10-16 21:12:23,634 [main] INFO  ozone.MiniOzoneClusterImpl (MiniOzoneClusterImpl.java:stopSCM(430)) - Stopping the StorageContainerManager
2019-10-16 21:12:23,634 [main] INFO  server.StorageContainerManager (StorageContainerManager.java:stop(810)) - Stopping Replication Manager Service.
2019-10-16 21:12:23,634 [main] INFO  container.ReplicationManager (ReplicationManager.java:stop(203)) - Stopping Replication Monitor Thread.
2019-10-16 21:12:23,634 [main] INFO  server.StorageContainerManager (StorageContainerManager.java:stop(817)) - Stopping Lease Manager of the command watchers
2019-10-16 21:12:23,635 [main] INFO  server.StorageContainerManager (StorageContainerManager.java:stop(824)) - Stopping datanode service RPC server
2019-10-16 21:12:23,635 [main] INFO  server.SCMDatanodeProtocolServer (SCMDatanodeProtocolServer.java:stop(346)) - Stopping the RPC server for DataNodes
2019-10-16 21:12:23,635 [main] INFO  ipc.Server (Server.java:stop(3082)) - Stopping server on 38663
2019-10-16 21:12:23,636 [IPC Server listener on 38663] INFO  ipc.Server (Server.java:run(1185)) - Stopping IPC Server listener on 38663
2019-10-16 21:12:23,637 [IPC Server Responder] INFO  ipc.Server (Server.java:run(1319)) - Stopping IPC Server Responder
2019-10-16 21:12:23,654 [SCM Heartbeat Processing Thread - 0] WARN  node.NodeStateManager (NodeStateManager.java:scheduleNextHealthCheck(646)) - Current Thread is interrupted, shutting down HB processing thread for Node Manager.
2019-10-16 21:12:23,655 [main] INFO  server.StorageContainerManager (StorageContainerManager.java:stop(832)) - Stopping block service RPC server
2019-10-16 21:12:23,655 [main] INFO  server.SCMBlockProtocolServer (SCMBlockProtocolServer.java:stop(155)) - Stopping the RPC server for Block Protocol
2019-10-16 21:12:23,655 [main] INFO  ipc.Server (Server.java:stop(3082)) - Stopping server on 46440
2019-10-16 21:12:23,656 [IPC Server listener on 46440] INFO  ipc.Server (Server.java:run(1185)) - Stopping IPC Server listener on 46440
2019-10-16 21:12:23,656 [main] INFO  server.StorageContainerManager (StorageContainerManager.java:stop(839)) - Stopping the StorageContainerLocationProtocol RPC server
2019-10-16 21:12:23,657 [IPC Server Responder] INFO  ipc.Server (Server.java:run(1319)) - Stopping IPC Server Responder
2019-10-16 21:12:23,657 [main] INFO  server.SCMClientProtocolServer (SCMClientProtocolServer.java:stop(168)) - Stopping the RPC server for Client Protocol
2019-10-16 21:12:23,657 [main] INFO  ipc.Server (Server.java:stop(3082)) - Stopping server on 45958
2019-10-16 21:12:23,658 [IPC Server listener on 45958] INFO  ipc.Server (Server.java:run(1185)) - Stopping IPC Server listener on 45958
2019-10-16 21:12:23,658 [main] INFO  server.StorageContainerManager (StorageContainerManager.java:stop(846)) - Stopping Storage Container Manager HTTP server.
2019-10-16 21:12:23,659 [IPC Server Responder] INFO  ipc.Server (Server.java:run(1319)) - Stopping IPC Server Responder
2019-10-16 21:12:23,660 [main] INFO  handler.ContextHandler (ContextHandler.java:doStop(910)) - Stopped o.e.j.w.WebAppContext@4108fa66{/,null,UNAVAILABLE}{/scm}
2019-10-16 21:12:23,660 [main] INFO  server.AbstractConnector (AbstractConnector.java:doStop(318)) - Stopped ServerConnector@21ca139c{HTTP/1.1,[http/1.1]}{0.0.0.0:0}
2019-10-16 21:12:23,661 [main] INFO  handler.ContextHandler (ContextHandler.java:doStop(910)) - Stopped o.e.j.s.ServletContextHandler@ec2cc4{/static,file:///workdir/hadoop-ozone/integration-test/target/test-classes/webapps/static,UNAVAILABLE}
2019-10-16 21:12:23,661 [main] INFO  handler.ContextHandler (ContextHandler.java:doStop(910)) - Stopped o.e.j.s.ServletContextHandler@ccb4b1b{/logs,file:///workdir/hadoop-ozone/integration-test/target/log,UNAVAILABLE}
2019-10-16 21:12:23,662 [main] INFO  server.StorageContainerManager (StorageContainerManager.java:stop(857)) - Stopping Block Manager Service.
2019-10-16 21:12:23,662 [main] INFO  utils.BackgroundService (BackgroundService.java:shutdown(151)) - Shutting down service SCMBlockDeletingService
2019-10-16 21:12:23,662 [main] INFO  utils.BackgroundService (BackgroundService.java:shutdown(151)) - Shutting down service SCMBlockDeletingService
2019-10-16 21:12:23,663 [main] INFO  server.StorageContainerManager (StorageContainerManager.java:stop(879)) - Stopping SCM Event Queue.
2019-10-16 21:12:23,669 [main] INFO  impl.MetricsSystemImpl (MetricsSystemImpl.java:stop(210)) - Stopping ratis metrics system...
2019-10-16 21:12:23,673 [prometheus] INFO  impl.MetricsSinkAdapter (MetricsSinkAdapter.java:publishMetricsFromQueue(141)) - prometheus thread interrupted.
2019-10-16 21:12:23,674 [main] INFO  impl.MetricsSystemImpl (MetricsSystemImpl.java:stop(216)) - ratis metrics system stopped.
]]></system-out>
    <system-err><![CDATA[ERROR StatusLogger No Log4j 2 configuration file found. Using default configuration (logging only errors to the console), or user programmatically provided configurations. Set system property 'log4j2.debug' to show Log4j 2 internal initialization logging. See https://logging.apache.org/log4j/2.x/manual/configuration.html for instructions on how to configure Log4j 2
]]></system-err>
  </testcase>
</testsuite>